<?xml version="1.0" encoding="UTF-8"?>
<testsuite xmlns:xsi="http://www.w3.org/2001/XMLSchema-instance" xsi:noNamespaceSchemaLocation="https://maven.apache.org/surefire/maven-surefire-plugin/xsd/surefire-test-report.xsd" version="3.0.2" name="org.apache.hadoop.ozone.client.rpc.TestContainerStateMachineFailures" time="119.464" tests="6" errors="0" skipped="0" failures="1">
  <properties>
    <property name="java.specification.version" value="21"/>
    <property name="sun.jnu.encoding" value="UTF-8"/>
    <property name="java.class.path" value="/home/runner/work/ozone/ozone/hadoop-ozone/integration-test/target/test-classes:/home/runner/work/ozone/ozone/hadoop-ozone/integration-test/target/classes:/home/runner/.m2/repository/ch/qos/reload4j/reload4j/1.2.26/reload4j-1.2.26.jar:/home/runner/.m2/repository/com/fasterxml/jackson/core/jackson-core/2.16.2/jackson-core-2.16.2.jar:/home/runner/.m2/repository/com/fasterxml/jackson/core/jackson-databind/2.16.2/jackson-databind-2.16.2.jar:/home/runner/.m2/repository/com/fasterxml/jackson/core/jackson-annotations/2.16.2/jackson-annotations-2.16.2.jar:/home/runner/.m2/repository/com/github/stephenc/jcip/jcip-annotations/1.0-1/jcip-annotations-1.0-1.jar:/home/runner/.m2/repository/com/google/guava/guava/32.1.3-jre/guava-32.1.3-jre.jar:/home/runner/.m2/repository/com/google/guava/failureaccess/1.0.1/failureaccess-1.0.1.jar:/home/runner/.m2/repository/com/google/guava/listenablefuture/9999.0-empty-to-avoid-conflict-with-guava/listenablefuture-9999.0-empty-to-avoid-conflict-with-guava.jar:/home/runner/.m2/repository/org/checkerframework/checker-qual/3.37.0/checker-qual-3.37.0.jar:/home/runner/.m2/repository/com/google/errorprone/error_prone_annotations/2.29.2/error_prone_annotations-2.29.2.jar:/home/runner/.m2/repository/com/google/j2objc/j2objc-annotations/2.8/j2objc-annotations-2.8.jar:/home/runner/.m2/repository/com/google/protobuf/protobuf-java/2.5.0/protobuf-java-2.5.0.jar:/home/runner/.m2/repository/com/squareup/okhttp3/okhttp/4.12.0/okhttp-4.12.0.jar:/home/runner/.m2/repository/com/squareup/okio/okio/3.6.0/okio-3.6.0.jar:/home/runner/.m2/repository/com/squareup/okio/okio-jvm/3.6.0/okio-jvm-3.6.0.jar:/home/runner/.m2/repository/org/jetbrains/kotlin/kotlin-stdlib-common/1.9.25/kotlin-stdlib-common-1.9.25.jar:/home/runner/.m2/repository/org/jetbrains/kotlin/kotlin-stdlib-jdk8/1.9.25/kotlin-stdlib-jdk8-1.9.25.jar:/home/runner/.m2/repository/org/jetbrains/kotlin/kotlin-stdlib/1.9.25/kotlin-stdlib-1.9.25.jar:/home/runner/.m2/repository/org/jetbrains/annotations/13.0/annotations-13.0.jar:/home/runner/.m2/repository/org/jetbrains/kotlin/kotlin-stdlib-jdk7/1.9.25/kotlin-stdlib-jdk7-1.9.25.jar:/home/runner/.m2/repository/commons-codec/commons-codec/1.18.0/commons-codec-1.18.0.jar:/home/runner/.m2/repository/commons-io/commons-io/2.18.0/commons-io-2.18.0.jar:/home/runner/.m2/repository/commons-validator/commons-validator/1.6/commons-validator-1.6.jar:/home/runner/.m2/repository/commons-beanutils/commons-beanutils/1.11.0/commons-beanutils-1.11.0.jar:/home/runner/.m2/repository/commons-digester/commons-digester/1.8.1/commons-digester-1.8.1.jar:/home/runner/.m2/repository/commons-collections/commons-collections/3.2.2/commons-collections-3.2.2.jar:/home/runner/.m2/repository/info/picocli/picocli/4.7.7/picocli-4.7.7.jar:/home/runner/.m2/repository/jakarta/annotation/jakarta.annotation-api/2.1.1/jakarta.annotation-api-2.1.1.jar:/home/runner/.m2/repository/jakarta/xml/bind/jakarta.xml.bind-api/2.3.3/jakarta.xml.bind-api-2.3.3.jar:/home/runner/.m2/repository/jakarta/activation/jakarta.activation-api/1.2.2/jakarta.activation-api-1.2.2.jar:/home/runner/.m2/repository/javax/servlet/javax.servlet-api/3.1.0/javax.servlet-api-3.1.0.jar:/home/runner/.m2/repository/javax/ws/rs/jsr311-api/1.1.1/jsr311-api-1.1.1.jar:/home/runner/.m2/repository/org/apache/commons/commons-compress/1.27.1/commons-compress-1.27.1.jar:/home/runner/.m2/repository/org/apache/commons/commons-lang3/3.17.0/commons-lang3-3.17.0.jar:/home/runner/.m2/repository/org/apache/commons/commons-text/1.13.1/commons-text-1.13.1.jar:/home/runner/.m2/repository/org/apache/hadoop/hadoop-auth/3.4.1/hadoop-auth-3.4.1.jar:/home/runner/.m2/repository/com/nimbusds/nimbus-jose-jwt/9.40/nimbus-jose-jwt-9.40.jar:/home/runner/.m2/repository/io/dropwizard/metrics/metrics-core/3.2.6/metrics-core-3.2.6.jar:/home/runner/.m2/repository/org/apache/kerby/kerb-core/1.0.1/kerb-core-1.0.1.jar:/home/runner/.m2/repository/org/apache/kerby/kerby-pkix/1.0.1/kerby-pkix-1.0.1.jar:/home/runner/.m2/repository/org/apache/kerby/kerby-asn1/1.0.1/kerby-asn1-1.0.1.jar:/home/runner/.m2/repository/org/apache/kerby/kerb-util/1.0.1/kerb-util-1.0.1.jar:/home/runner/.m2/repository/org/apache/kerby/kerby-config/1.0.1/kerby-config-1.0.1.jar:/home/runner/.m2/repository/org/apache/kerby/kerb-crypto/1.0.1/kerb-crypto-1.0.1.jar:/home/runner/.m2/repository/org/apache/hadoop/thirdparty/hadoop-shaded-guava/1.3.0/hadoop-shaded-guava-1.3.0.jar:/home/runner/.m2/repository/org/apache/hadoop/hadoop-common/3.4.1/hadoop-common-3.4.1.jar:/home/runner/.m2/repository/org/apache/hadoop/thirdparty/hadoop-shaded-protobuf_3_25/1.4.0/hadoop-shaded-protobuf_3_25-1.4.0.jar:/home/runner/.m2/repository/org/apache/hadoop/hadoop-annotations/3.4.1/hadoop-annotations-3.4.1.jar:/home/runner/.m2/repository/commons-cli/commons-cli/1.8.0/commons-cli-1.8.0.jar:/home/runner/.m2/repository/commons-net/commons-net/3.11.1/commons-net-3.11.1.jar:/home/runner/.m2/repository/org/eclipse/jetty/jetty-server/9.4.57.v20241219/jetty-server-9.4.57.v20241219.jar:/home/runner/.m2/repository/org/eclipse/jetty/jetty-io/9.4.57.v20241219/jetty-io-9.4.57.v20241219.jar:/home/runner/.m2/repository/org/eclipse/jetty/jetty-util/9.4.57.v20241219/jetty-util-9.4.57.v20241219.jar:/home/runner/.m2/repository/org/eclipse/jetty/jetty-servlet/9.4.57.v20241219/jetty-servlet-9.4.57.v20241219.jar:/home/runner/.m2/repository/org/eclipse/jetty/jetty-security/9.4.57.v20241219/jetty-security-9.4.57.v20241219.jar:/home/runner/.m2/repository/org/eclipse/jetty/jetty-webapp/9.4.57.v20241219/jetty-webapp-9.4.57.v20241219.jar:/home/runner/.m2/repository/org/eclipse/jetty/jetty-xml/9.4.57.v20241219/jetty-xml-9.4.57.v20241219.jar:/home/runner/.m2/repository/javax/servlet/jsp/jsp-api/2.1/jsp-api-2.1.jar:/home/runner/.m2/repository/org/codehaus/jettison/jettison/1.5.4/jettison-1.5.4.jar:/home/runner/.m2/repository/org/apache/commons/commons-configuration2/2.12.0/commons-configuration2-2.12.0.jar:/home/runner/.m2/repository/com/google/re2j/re2j/1.7/re2j-1.7.jar:/home/runner/.m2/repository/com/google/code/gson/gson/2.10.1/gson-2.10.1.jar:/home/runner/.m2/repository/com/jcraft/jsch/0.1.55/jsch-0.1.55.jar:/home/runner/.m2/repository/io/netty/netty-handler/4.1.119.Final/netty-handler-4.1.119.Final.jar:/home/runner/.m2/repository/io/netty/netty-resolver/4.1.119.Final/netty-resolver-4.1.119.Final.jar:/home/runner/.m2/repository/io/netty/netty-transport-native-epoll/4.1.119.Final/netty-transport-native-epoll-4.1.119.Final.jar:/home/runner/.m2/repository/org/bouncycastle/bcprov-jdk18on/1.81/bcprov-jdk18on-1.81.jar:/home/runner/.m2/repository/org/codehaus/woodstox/stax2-api/4.2.1/stax2-api-4.2.1.jar:/home/runner/.m2/repository/com/fasterxml/woodstox/woodstox-core/5.4.0/woodstox-core-5.4.0.jar:/home/runner/.m2/repository/dnsjava/dnsjava/3.6.1/dnsjava-3.6.1.jar:/home/runner/.m2/repository/org/apache/hadoop/hadoop-common/3.4.1/hadoop-common-3.4.1-tests.jar:/home/runner/.m2/repository/org/apache/commons/commons-math3/3.6.1/commons-math3-3.6.1.jar:/home/runner/.m2/repository/com/sun/jersey/jersey-core/1.19.4/jersey-core-1.19.4.jar:/home/runner/.m2/repository/com/sun/jersey/jersey-servlet/1.19.4/jersey-servlet-1.19.4.jar:/home/runner/.m2/repository/com/github/pjfanning/jersey-json/1.22.0/jersey-json-1.22.0.jar:/home/runner/.m2/repository/com/sun/xml/bind/jaxb-impl/2.2.3-1/jaxb-impl-2.2.3-1.jar:/home/runner/.m2/repository/com/sun/jersey/jersey-server/1.19.4/jersey-server-1.19.4.jar:/home/runner/.m2/repository/org/slf4j/slf4j-reload4j/2.0.17/slf4j-reload4j-2.0.17.jar:/home/runner/.m2/repository/org/apache/avro/avro/1.9.2/avro-1.9.2.jar:/home/runner/.m2/repository/org/apache/curator/curator-client/4.2.0/curator-client-4.2.0.jar:/home/runner/.m2/repository/org/apache/curator/curator-recipes/5.2.0/curator-recipes-5.2.0.jar:/home/runner/.m2/repository/org/apache/curator/curator-framework/4.2.0/curator-framework-4.2.0.jar:/home/runner/.m2/repository/com/google/code/findbugs/jsr305/3.0.2/jsr305-3.0.2.jar:/home/runner/.m2/repository/org/apache/zookeeper/zookeeper/3.8.4/zookeeper-3.8.4.jar:/home/runner/.m2/repository/org/apache/zookeeper/zookeeper-jute/3.8.4/zookeeper-jute-3.8.4.jar:/home/runner/.m2/repository/org/apache/yetus/audience-annotations/0.12.0/audience-annotations-0.12.0.jar:/home/runner/.m2/repository/org/xerial/snappy/snappy-java/1.1.10.7/snappy-java-1.1.10.7.jar:/home/runner/.m2/repository/org/apache/hadoop/hadoop-distcp/3.4.1/hadoop-distcp-3.4.1.jar:/home/runner/.m2/repository/org/apache/hadoop/hadoop-distcp/3.4.1/hadoop-distcp-3.4.1-tests.jar:/home/runner/.m2/repository/org/apache/hadoop/hadoop-hdfs/3.4.1/hadoop-hdfs-3.4.1.jar:/home/runner/.m2/repository/org/eclipse/jetty/jetty-util-ajax/9.4.57.v20241219/jetty-util-ajax-9.4.57.v20241219.jar:/home/runner/.m2/repository/commons-daemon/commons-daemon/1.4.0/commons-daemon-1.4.0.jar:/home/runner/.m2/repository/org/apache/hadoop/hadoop-hdfs/3.4.1/hadoop-hdfs-3.4.1-tests.jar:/home/runner/.m2/repository/io/netty/netty-all/4.1.119.Final/netty-all-4.1.119.Final.jar:/home/runner/.m2/repository/io/netty/netty-codec-dns/4.1.119.Final/netty-codec-dns-4.1.119.Final.jar:/home/runner/.m2/repository/io/netty/netty-codec-haproxy/4.1.119.Final/netty-codec-haproxy-4.1.119.Final.jar:/home/runner/.m2/repository/io/netty/netty-codec-http/4.1.119.Final/netty-codec-http-4.1.119.Final.jar:/home/runner/.m2/repository/io/netty/netty-codec-memcache/4.1.119.Final/netty-codec-memcache-4.1.119.Final.jar:/home/runner/.m2/repository/io/netty/netty-codec-mqtt/4.1.119.Final/netty-codec-mqtt-4.1.119.Final.jar:/home/runner/.m2/repository/io/netty/netty-codec-redis/4.1.119.Final/netty-codec-redis-4.1.119.Final.jar:/home/runner/.m2/repository/io/netty/netty-codec-smtp/4.1.119.Final/netty-codec-smtp-4.1.119.Final.jar:/home/runner/.m2/repository/io/netty/netty-codec-socks/4.1.119.Final/netty-codec-socks-4.1.119.Final.jar:/home/runner/.m2/repository/io/netty/netty-codec-stomp/4.1.119.Final/netty-codec-stomp-4.1.119.Final.jar:/home/runner/.m2/repository/io/netty/netty-codec-xml/4.1.119.Final/netty-codec-xml-4.1.119.Final.jar:/home/runner/.m2/repository/io/netty/netty-handler-ssl-ocsp/4.1.119.Final/netty-handler-ssl-ocsp-4.1.119.Final.jar:/home/runner/.m2/repository/io/netty/netty-resolver-dns/4.1.119.Final/netty-resolver-dns-4.1.119.Final.jar:/home/runner/.m2/repository/io/netty/netty-transport-rxtx/4.1.119.Final/netty-transport-rxtx-4.1.119.Final.jar:/home/runner/.m2/repository/io/netty/netty-transport-sctp/4.1.119.Final/netty-transport-sctp-4.1.119.Final.jar:/home/runner/.m2/repository/io/netty/netty-transport-udt/4.1.119.Final/netty-transport-udt-4.1.119.Final.jar:/home/runner/.m2/repository/io/netty/netty-transport-classes-kqueue/4.1.119.Final/netty-transport-classes-kqueue-4.1.119.Final.jar:/home/runner/.m2/repository/io/netty/netty-resolver-dns-classes-macos/4.1.119.Final/netty-resolver-dns-classes-macos-4.1.119.Final.jar:/home/runner/.m2/repository/io/netty/netty-transport-native-epoll/4.1.119.Final/netty-transport-native-epoll-4.1.119.Final-linux-aarch_64.jar:/home/runner/.m2/repository/io/netty/netty-transport-native-epoll/4.1.119.Final/netty-transport-native-epoll-4.1.119.Final-linux-riscv64.jar:/home/runner/.m2/repository/io/netty/netty-transport-native-kqueue/4.1.119.Final/netty-transport-native-kqueue-4.1.119.Final-osx-x86_64.jar:/home/runner/.m2/repository/io/netty/netty-transport-native-kqueue/4.1.119.Final/netty-transport-native-kqueue-4.1.119.Final-osx-aarch_64.jar:/home/runner/.m2/repository/io/netty/netty-resolver-dns-native-macos/4.1.119.Final/netty-resolver-dns-native-macos-4.1.119.Final-osx-x86_64.jar:/home/runner/.m2/repository/io/netty/netty-resolver-dns-native-macos/4.1.119.Final/netty-resolver-dns-native-macos-4.1.119.Final-osx-aarch_64.jar:/home/runner/.m2/repository/org/fusesource/leveldbjni/leveldbjni-all/1.8/leveldbjni-all-1.8.jar:/home/runner/.m2/repository/org/apache/hadoop/hadoop-hdfs-client/3.4.1/hadoop-hdfs-client-3.4.1.jar:/home/runner/.m2/repository/org/apache/hadoop/hadoop-kms/3.4.1/hadoop-kms-3.4.1.jar:/home/runner/.m2/repository/org/apache/hadoop/hadoop-kms/3.4.1/hadoop-kms-3.4.1-tests.jar:/home/runner/.m2/repository/org/apache/hadoop/hadoop-mapreduce-client-core/3.4.1/hadoop-mapreduce-client-core-3.4.1.jar:/home/runner/.m2/repository/org/apache/hadoop/hadoop-yarn-client/3.4.1/hadoop-yarn-client-3.4.1.jar:/home/runner/.m2/repository/org/eclipse/jetty/websocket/websocket-client/9.4.53.v20231009/websocket-client-9.4.53.v20231009.jar:/home/runner/.m2/repository/org/eclipse/jetty/jetty-client/9.4.57.v20241219/jetty-client-9.4.57.v20241219.jar:/home/runner/.m2/repository/org/eclipse/jetty/websocket/websocket-common/9.4.53.v20231009/websocket-common-9.4.53.v20231009.jar:/home/runner/.m2/repository/org/eclipse/jetty/websocket/websocket-api/9.4.53.v20231009/websocket-api-9.4.53.v20231009.jar:/home/runner/.m2/repository/org/apache/hadoop/hadoop-yarn-api/3.4.1/hadoop-yarn-api-3.4.1.jar:/home/runner/.m2/repository/org/apache/hadoop/hadoop-yarn-common/3.4.1/hadoop-yarn-common-3.4.1.jar:/home/runner/.m2/repository/javax/xml/bind/jaxb-api/2.2.11/jaxb-api-2.2.11.jar:/home/runner/.m2/repository/com/sun/jersey/contribs/jersey-guice/1.19.4/jersey-guice-1.19.4.jar:/home/runner/.m2/repository/com/fasterxml/jackson/module/jackson-module-jaxb-annotations/2.16.2/jackson-module-jaxb-annotations-2.16.2.jar:/home/runner/.m2/repository/com/fasterxml/jackson/jaxrs/jackson-jaxrs-json-provider/2.16.2/jackson-jaxrs-json-provider-2.16.2.jar:/home/runner/.m2/repository/com/google/inject/extensions/guice-servlet/6.0.0/guice-servlet-6.0.0.jar:/home/runner/.m2/repository/org/apache/hadoop/hadoop-mapreduce-client-jobclient/3.4.1/hadoop-mapreduce-client-jobclient-3.4.1.jar:/home/runner/.m2/repository/org/apache/hadoop/hadoop-mapreduce-client-common/3.4.1/hadoop-mapreduce-client-common-3.4.1.jar:/home/runner/.m2/repository/org/apache/hadoop/hadoop-minikdc/3.4.1/hadoop-minikdc-3.4.1.jar:/home/runner/.m2/repository/org/apache/kerby/kerb-simplekdc/2.0.3/kerb-simplekdc-2.0.3.jar:/home/runner/.m2/repository/org/apache/kerby/kerb-client/2.0.3/kerb-client-2.0.3.jar:/home/runner/.m2/repository/org/apache/kerby/kerb-common/2.0.3/kerb-common-2.0.3.jar:/home/runner/.m2/repository/org/apache/kerby/token-provider/2.0.3/token-provider-2.0.3.jar:/home/runner/.m2/repository/org/apache/kerby/kerb-admin/2.0.3/kerb-admin-2.0.3.jar:/home/runner/.m2/repository/org/apache/kerby/kerb-server/2.0.3/kerb-server-2.0.3.jar:/home/runner/.m2/repository/org/apache/kerby/kerb-identity/2.0.3/kerb-identity-2.0.3.jar:/home/runner/.m2/repository/org/apache/kerby/kerby-xdr/2.0.3/kerby-xdr-2.0.3.jar:/home/runner/.m2/repository/junit/junit/4.13.2/junit-4.13.2.jar:/home/runner/.m2/repository/org/hamcrest/hamcrest-core/1.3/hamcrest-core-1.3.jar:/home/runner/.m2/repository/org/apache/httpcomponents/httpclient/4.5.14/httpclient-4.5.14.jar:/home/runner/.m2/repository/org/apache/httpcomponents/httpcore/4.4.16/httpcore-4.4.16.jar:/home/runner/.m2/repository/org/apache/kerby/kerby-util/1.0.1/kerby-util-1.0.1.jar:/home/runner/work/ozone/ozone/hadoop-hdds/client/target/hdds-client-2.1.0-SNAPSHOT.jar:/home/runner/.m2/repository/io/opentracing/opentracing-api/0.33.0/opentracing-api-0.33.0.jar:/home/runner/.m2/repository/io/opentracing/opentracing-util/0.33.0/opentracing-util-0.33.0.jar:/home/runner/.m2/repository/io/opentracing/opentracing-noop/0.33.0/opentracing-noop-0.33.0.jar:/home/runner/work/ozone/ozone/hadoop-hdds/erasurecode/target/hdds-erasurecode-2.1.0-SNAPSHOT.jar:/home/runner/work/ozone/ozone/hadoop-hdds/common/target/hdds-common-2.1.0-SNAPSHOT.jar:/home/runner/.m2/repository/com/fasterxml/jackson/datatype/jackson-datatype-jsr310/2.16.2/jackson-datatype-jsr310-2.16.2.jar:/home/runner/.m2/repository/io/jaegertracing/jaeger-core/1.8.1/jaeger-core-1.8.1.jar:/home/runner/.m2/repository/org/apache/ratis/ratis-netty/3.2.0/ratis-netty-3.2.0.jar:/home/runner/.m2/repository/org/yaml/snakeyaml/2.0/snakeyaml-2.0.jar:/home/runner/.m2/repository/io/jaegertracing/jaeger-client/1.8.1/jaeger-client-1.8.1.jar:/home/runner/.m2/repository/io/jaegertracing/jaeger-thrift/1.8.1/jaeger-thrift-1.8.1.jar:/home/runner/.m2/repository/org/apache/thrift/libthrift/0.15.0/libthrift-0.15.0.jar:/home/runner/.m2/repository/io/jaegertracing/jaeger-tracerresolver/1.8.1/jaeger-tracerresolver-1.8.1.jar:/home/runner/.m2/repository/io/opentracing/contrib/opentracing-tracerresolver/0.1.8/opentracing-tracerresolver-0.1.8.jar:/home/runner/.m2/repository/org/apache/ratis/ratis-metrics-dropwizard3/3.2.0/ratis-metrics-dropwizard3-3.2.0.jar:/home/runner/.m2/repository/org/slf4j/jcl-over-slf4j/2.0.17/jcl-over-slf4j-2.0.17.jar:/home/runner/work/ozone/ozone/hadoop-hdds/common/target/hdds-common-2.1.0-SNAPSHOT-tests.jar:/home/runner/work/ozone/ozone/hadoop-hdds/config/target/hdds-config-2.1.0-SNAPSHOT.jar:/home/runner/work/ozone/ozone/hadoop-hdds/container-service/target/hdds-container-service-2.1.0-SNAPSHOT.jar:/home/runner/.m2/repository/io/netty/netty-buffer/4.1.119.Final/netty-buffer-4.1.119.Final.jar:/home/runner/.m2/repository/io/netty/netty-codec/4.1.119.Final/netty-codec-4.1.119.Final.jar:/home/runner/.m2/repository/io/netty/netty-common/4.1.119.Final/netty-common-4.1.119.Final.jar:/home/runner/.m2/repository/io/netty/netty-transport/4.1.119.Final/netty-transport-4.1.119.Final.jar:/home/runner/.m2/repository/org/apache/logging/log4j/log4j-api/2.25.0/log4j-api-2.25.0.jar:/home/runner/.m2/repository/com/github/luben/zstd-jni/1.5.7-3/zstd-jni-1.5.7-3.jar:/home/runner/.m2/repository/log4j/apache-log4j-extras/1.2.17/apache-log4j-extras-1.2.17.jar:/home/runner/.m2/repository/org/glassfish/jaxb/jaxb-runtime/2.3.9/jaxb-runtime-2.3.9.jar:/home/runner/.m2/repository/org/glassfish/jaxb/txw2/2.3.9/txw2-2.3.9.jar:/home/runner/.m2/repository/com/sun/istack/istack-commons-runtime/3.0.12/istack-commons-runtime-3.0.12.jar:/home/runner/.m2/repository/com/sun/activation/jakarta.activation/1.2.2/jakarta.activation-1.2.2.jar:/home/runner/work/ozone/ozone/hadoop-hdds/container-service/target/hdds-container-service-2.1.0-SNAPSHOT-tests.jar:/home/runner/work/ozone/ozone/hadoop-hdds/interface-admin/target/hdds-interface-admin-2.1.0-SNAPSHOT.jar:/home/runner/work/ozone/ozone/hadoop-hdds/interface-client/target/hdds-interface-client-2.1.0-SNAPSHOT.jar:/home/runner/work/ozone/ozone/hadoop-hdds/interface-server/target/hdds-interface-server-2.1.0-SNAPSHOT.jar:/home/runner/work/ozone/ozone/hadoop-hdds/managed-rocksdb/target/hdds-managed-rocksdb-2.1.0-SNAPSHOT.jar:/home/runner/work/ozone/ozone/hadoop-hdds/rocks-native/target/hdds-rocks-native-2.1.0-SNAPSHOT.jar:/home/runner/work/ozone/ozone/hadoop-hdds/framework/target/hdds-server-framework-2.1.0-SNAPSHOT.jar:/home/runner/.m2/repository/com/github/jnr/jnr-constants/0.10.4/jnr-constants-0.10.4.jar:/home/runner/.m2/repository/com/github/jnr/jnr-posix/3.1.20/jnr-posix-3.1.20.jar:/home/runner/.m2/repository/com/github/jnr/jnr-ffi/2.2.17/jnr-ffi-2.2.17.jar:/home/runner/.m2/repository/com/github/jnr/jffi/1.3.13/jffi-1.3.13.jar:/home/runner/.m2/repository/com/github/jnr/jffi/1.3.13/jffi-1.3.13-native.jar:/home/runner/.m2/repository/org/ow2/asm/asm/9.7.1/asm-9.7.1.jar:/home/runner/.m2/repository/org/ow2/asm/asm-commons/9.7.1/asm-commons-9.7.1.jar:/home/runner/.m2/repository/org/ow2/asm/asm-analysis/9.7.1/asm-analysis-9.7.1.jar:/home/runner/.m2/repository/org/ow2/asm/asm-tree/9.7.1/asm-tree-9.7.1.jar:/home/runner/.m2/repository/org/ow2/asm/asm-util/9.7.1/asm-util-9.7.1.jar:/home/runner/.m2/repository/com/github/jnr/jnr-a64asm/1.0.0/jnr-a64asm-1.0.0.jar:/home/runner/.m2/repository/com/github/jnr/jnr-x86asm/1.0.2/jnr-x86asm-1.0.2.jar:/home/runner/.m2/repository/commons-fileupload/commons-fileupload/1.5/commons-fileupload-1.5.jar:/home/runner/.m2/repository/io/grpc/grpc-api/1.71.0/grpc-api-1.71.0.jar:/home/runner/.m2/repository/io/prometheus/simpleclient/0.16.0/simpleclient-0.16.0.jar:/home/runner/.m2/repository/io/prometheus/simpleclient_common/0.16.0/simpleclient_common-0.16.0.jar:/home/runner/.m2/repository/io/prometheus/simpleclient_dropwizard/0.16.0/simpleclient_dropwizard-0.16.0.jar:/home/runner/.m2/repository/jakarta/ws/rs/jakarta.ws.rs-api/2.1.6/jakarta.ws.rs-api-2.1.6.jar:/home/runner/.m2/repository/org/eclipse/jetty/jetty-http/9.4.57.v20241219/jetty-http-9.4.57.v20241219.jar:/home/runner/.m2/repository/org/glassfish/jersey/containers/jersey-container-servlet-core/2.47/jersey-container-servlet-core-2.47.jar:/home/runner/.m2/repository/org/glassfish/jersey/core/jersey-server/2.47/jersey-server-2.47.jar:/home/runner/.m2/repository/org/glassfish/jersey/core/jersey-client/2.47/jersey-client-2.47.jar:/home/runner/.m2/repository/com/lmax/disruptor/3.4.4/disruptor-3.4.4.jar:/home/runner/.m2/repository/org/apache/logging/log4j/log4j-core/2.25.0/log4j-core-2.25.0.jar:/home/runner/work/ozone/ozone/hadoop-hdds/framework/target/hdds-server-framework-2.1.0-SNAPSHOT-tests.jar:/home/runner/work/ozone/ozone/hadoop-hdds/server-scm/target/hdds-server-scm-2.1.0-SNAPSHOT.jar:/home/runner/work/ozone/ozone/hadoop-hdds/server-scm/target/hdds-server-scm-2.1.0-SNAPSHOT-tests.jar:/home/runner/work/ozone/ozone/hadoop-hdds/test-utils/target/hdds-test-utils-2.1.0-SNAPSHOT-tests.jar:/home/runner/work/ozone/ozone/hadoop-ozone/cli-admin/target/ozone-cli-admin-2.1.0-SNAPSHOT.jar:/home/runner/work/ozone/ozone/hadoop-ozone/cli-shell/target/ozone-cli-shell-2.1.0-SNAPSHOT.jar:/home/runner/.m2/repository/info/picocli/picocli-shell-jline3/4.7.7/picocli-shell-jline3-4.7.7.jar:/home/runner/.m2/repository/org/jline/jline/3.30.4/jline-3.30.4.jar:/home/runner/work/ozone/ozone/hadoop-ozone/client/target/ozone-client-2.1.0-SNAPSHOT.jar:/home/runner/work/ozone/ozone/hadoop-ozone/common/target/ozone-common-2.1.0-SNAPSHOT.jar:/home/runner/.m2/repository/io/grpc/grpc-netty/1.71.0/grpc-netty-1.71.0.jar:/home/runner/.m2/repository/org/codehaus/mojo/animal-sniffer-annotations/1.24/animal-sniffer-annotations-1.24.jar:/home/runner/.m2/repository/io/grpc/grpc-core/1.71.0/grpc-core-1.71.0.jar:/home/runner/.m2/repository/com/google/android/annotations/4.1.1.4/annotations-4.1.1.4.jar:/home/runner/.m2/repository/io/grpc/grpc-context/1.71.0/grpc-context-1.71.0.jar:/home/runner/.m2/repository/io/perfmark/perfmark-api/0.27.0/perfmark-api-0.27.0.jar:/home/runner/.m2/repository/io/grpc/grpc-util/1.71.0/grpc-util-1.71.0.jar:/home/runner/.m2/repository/io/netty/netty-codec-http2/4.1.119.Final/netty-codec-http2-4.1.119.Final.jar:/home/runner/.m2/repository/io/netty/netty-handler-proxy/4.1.119.Final/netty-handler-proxy-4.1.119.Final.jar:/home/runner/.m2/repository/io/netty/netty-tcnative-boringssl-static/2.0.70.Final/netty-tcnative-boringssl-static-2.0.70.Final.jar:/home/runner/.m2/repository/io/netty/netty-tcnative-classes/2.0.70.Final/netty-tcnative-classes-2.0.70.Final.jar:/home/runner/.m2/repository/io/netty/netty-tcnative-boringssl-static/2.0.70.Final/netty-tcnative-boringssl-static-2.0.70.Final-linux-x86_64.jar:/home/runner/.m2/repository/io/netty/netty-tcnative-boringssl-static/2.0.70.Final/netty-tcnative-boringssl-static-2.0.70.Final-linux-aarch_64.jar:/home/runner/.m2/repository/io/netty/netty-tcnative-boringssl-static/2.0.70.Final/netty-tcnative-boringssl-static-2.0.70.Final-osx-x86_64.jar:/home/runner/.m2/repository/io/netty/netty-tcnative-boringssl-static/2.0.70.Final/netty-tcnative-boringssl-static-2.0.70.Final-osx-aarch_64.jar:/home/runner/.m2/repository/io/netty/netty-tcnative-boringssl-static/2.0.70.Final/netty-tcnative-boringssl-static-2.0.70.Final-windows-x86_64.jar:/home/runner/work/ozone/ozone/hadoop-ozone/csi/target/ozone-csi-2.1.0-SNAPSHOT.jar:/home/runner/.m2/repository/io/grpc/grpc-protobuf/1.71.0/grpc-protobuf-1.71.0.jar:/home/runner/.m2/repository/com/google/api/grpc/proto-google-common-protos/2.51.0/proto-google-common-protos-2.51.0.jar:/home/runner/.m2/repository/io/grpc/grpc-protobuf-lite/1.71.0/grpc-protobuf-lite-1.71.0.jar:/home/runner/.m2/repository/io/grpc/grpc-stub/1.71.0/grpc-stub-1.71.0.jar:/home/runner/.m2/repository/io/netty/netty-transport-classes-epoll/4.1.119.Final/netty-transport-classes-epoll-4.1.119.Final.jar:/home/runner/.m2/repository/io/netty/netty-transport-native-unix-common/4.1.119.Final/netty-transport-native-unix-common-4.1.119.Final.jar:/home/runner/.m2/repository/io/netty/netty-transport-native-epoll/4.1.119.Final/netty-transport-native-epoll-4.1.119.Final-linux-x86_64.jar:/home/runner/work/ozone/ozone/hadoop-ozone/ozonefs/target/ozone-filesystem-2.1.0-SNAPSHOT.jar:/home/runner/work/ozone/ozone/hadoop-ozone/ozonefs-common/target/ozone-filesystem-common-2.1.0-SNAPSHOT.jar:/home/runner/work/ozone/ozone/hadoop-ozone/freon/target/ozone-freon-2.1.0-SNAPSHOT.jar:/home/runner/.m2/repository/com/amazonaws/aws-java-sdk-core/1.12.661/aws-java-sdk-core-1.12.661.jar:/home/runner/.m2/repository/com/fasterxml/jackson/dataformat/jackson-dataformat-cbor/2.16.2/jackson-dataformat-cbor-2.16.2.jar:/home/runner/.m2/repository/joda-time/joda-time/2.12.7/joda-time-2.12.7.jar:/home/runner/.m2/repository/com/amazonaws/aws-java-sdk-s3/1.12.661/aws-java-sdk-s3-1.12.661.jar:/home/runner/.m2/repository/com/amazonaws/aws-java-sdk-kms/1.12.661/aws-java-sdk-kms-1.12.661.jar:/home/runner/.m2/repository/com/amazonaws/jmespath-java/1.12.661/jmespath-java-1.12.661.jar:/home/runner/work/ozone/ozone/hadoop-ozone/interface-client/target/ozone-interface-client-2.1.0-SNAPSHOT.jar:/home/runner/work/ozone/ozone/hadoop-ozone/interface-storage/target/ozone-interface-storage-2.1.0-SNAPSHOT.jar:/home/runner/work/ozone/ozone/hadoop-ozone/ozone-manager/target/ozone-manager-2.1.0-SNAPSHOT.jar:/home/runner/.m2/repository/com/sun/jersey/jersey-client/1.19.4/jersey-client-1.19.4.jar:/home/runner/.m2/repository/org/apache/ranger/ranger-plugins-common/2.6.0/ranger-plugins-common-2.6.0.jar:/home/runner/.m2/repository/com/fasterxml/jackson/jaxrs/jackson-jaxrs-base/2.16.2/jackson-jaxrs-base-2.16.2.jar:/home/runner/.m2/repository/com/kstruct/gethostname4j/1.0.0/gethostname4j-1.0.0.jar:/home/runner/.m2/repository/commons-lang/commons-lang/2.6/commons-lang-2.6.jar:/home/runner/.m2/repository/net/java/dev/jna/jna/5.2.0/jna-5.2.0.jar:/home/runner/.m2/repository/net/java/dev/jna/jna-platform/5.2.0/jna-platform-5.2.0.jar:/home/runner/.m2/repository/org/apache/ranger/ranger-plugin-classloader/2.6.0/ranger-plugin-classloader-2.6.0.jar:/home/runner/.m2/repository/org/apache/ranger/ranger-plugins-audit/2.6.0/ranger-plugins-audit-2.6.0.jar:/home/runner/.m2/repository/com/amazonaws/aws-java-sdk-logs/1.12.765/aws-java-sdk-logs-1.12.765.jar:/home/runner/.m2/repository/com/carrotsearch/hppc/0.8.0/hppc-0.8.0.jar:/home/runner/.m2/repository/io/airlift/aircompressor/0.27/aircompressor-0.27.jar:/home/runner/.m2/repository/org/apache/httpcomponents/httpasyncclient/4.1.4/httpasyncclient-4.1.4.jar:/home/runner/.m2/repository/org/apache/httpcomponents/httpcore-nio/4.4.16/httpcore-nio-4.4.16.jar:/home/runner/.m2/repository/org/apache/httpcomponents/httpmime/4.5.13/httpmime-4.5.13.jar:/home/runner/.m2/repository/org/apache/orc/orc-core/1.5.8/orc-core-1.5.8.jar:/home/runner/.m2/repository/org/apache/orc/orc-shims/1.5.8/orc-shims-1.5.8.jar:/home/runner/.m2/repository/org/apache/ranger/ranger-plugins-cred/2.6.0/ranger-plugins-cred-2.6.0.jar:/home/runner/.m2/repository/org/aspectj/aspectjrt/1.9.7/aspectjrt-1.9.7.jar:/home/runner/work/ozone/ozone/hadoop-ozone/ozone-manager/target/ozone-manager-2.1.0-SNAPSHOT-tests.jar:/home/runner/work/ozone/ozone/hadoop-ozone/mini-cluster/target/ozone-mini-cluster-2.1.0-SNAPSHOT.jar:/home/runner/work/ozone/ozone/hadoop-ozone/recon/target/ozone-recon-2.1.0-SNAPSHOT.jar:/home/runner/.m2/repository/aopalliance/aopalliance/1.0/aopalliance-1.0.jar:/home/runner/.m2/repository/com/google/inject/guice/6.0.0/guice-6.0.0.jar:/home/runner/.m2/repository/jakarta/inject/jakarta.inject-api/2.0.1/jakarta.inject-api-2.0.1.jar:/home/runner/.m2/repository/com/jolbox/bonecp/0.8.0.RELEASE/bonecp-0.8.0.RELEASE.jar:/home/runner/.m2/repository/jakarta/validation/jakarta.validation-api/2.0.2/jakarta.validation-api-2.0.2.jar:/home/runner/.m2/repository/javax/annotation/javax.annotation-api/1.3.2/javax.annotation-api-1.3.2.jar:/home/runner/.m2/repository/javax/inject/javax.inject/1/javax.inject-1.jar:/home/runner/.m2/repository/org/apache/derby/derby/10.14.2.0/derby-10.14.2.0.jar:/home/runner/.m2/repository/org/glassfish/hk2/guice-bridge/2.6.1/guice-bridge-2.6.1.jar:/home/runner/.m2/repository/org/glassfish/hk2/hk2-api/2.6.1/hk2-api-2.6.1.jar:/home/runner/.m2/repository/org/glassfish/hk2/hk2-utils/2.6.1/hk2-utils-2.6.1.jar:/home/runner/.m2/repository/org/glassfish/hk2/external/aopalliance-repackaged/2.6.1/aopalliance-repackaged-2.6.1.jar:/home/runner/.m2/repository/org/glassfish/jersey/core/jersey-common/2.47/jersey-common-2.47.jar:/home/runner/.m2/repository/org/glassfish/hk2/osgi-resource-locator/1.0.3/osgi-resource-locator-1.0.3.jar:/home/runner/.m2/repository/org/jooq/jooq/3.11.10/jooq-3.11.10.jar:/home/runner/.m2/repository/org/springframework/spring-core/5.3.39/spring-core-5.3.39.jar:/home/runner/.m2/repository/org/springframework/spring-jdbc/5.3.39/spring-jdbc-5.3.39.jar:/home/runner/.m2/repository/org/springframework/spring-beans/5.3.39/spring-beans-5.3.39.jar:/home/runner/.m2/repository/org/springframework/spring-tx/5.3.39/spring-tx-5.3.39.jar:/home/runner/.m2/repository/org/xerial/sqlite-jdbc/3.50.1.0/sqlite-jdbc-3.50.1.0.jar:/home/runner/.m2/repository/com/google/inject/extensions/guice-assistedinject/6.0.0/guice-assistedinject-6.0.0.jar:/home/runner/.m2/repository/org/glassfish/hk2/external/jakarta.inject/2.6.1/jakarta.inject-2.6.1.jar:/home/runner/.m2/repository/org/glassfish/jersey/inject/jersey-hk2/2.47/jersey-hk2-2.47.jar:/home/runner/.m2/repository/org/glassfish/hk2/hk2-locator/2.6.1/hk2-locator-2.6.1.jar:/home/runner/.m2/repository/org/glassfish/jersey/media/jersey-media-jaxb/2.47/jersey-media-jaxb-2.47.jar:/home/runner/.m2/repository/org/glassfish/jersey/media/jersey-media-json-jackson/2.47/jersey-media-json-jackson-2.47.jar:/home/runner/.m2/repository/org/glassfish/jersey/ext/jersey-entity-filtering/2.47/jersey-entity-filtering-2.47.jar:/home/runner/work/ozone/ozone/hadoop-ozone/recon-codegen/target/ozone-reconcodegen-2.1.0-SNAPSHOT.jar:/home/runner/.m2/repository/org/jooq/jooq-codegen/3.11.10/jooq-codegen-3.11.10.jar:/home/runner/.m2/repository/org/jooq/jooq-meta/3.11.10/jooq-meta-3.11.10.jar:/home/runner/work/ozone/ozone/hadoop-ozone/s3gateway/target/ozone-s3gateway-2.1.0-SNAPSHOT.jar:/home/runner/work/ozone/ozone/hadoop-ozone/tools/target/ozone-tools-2.1.0-SNAPSHOT.jar:/home/runner/.m2/repository/com/github/vlsi/mxgraph/jgraphx/3.9.12/jgraphx-3.9.12.jar:/home/runner/.m2/repository/org/apache/ratis/ratis-shell/3.2.0/ratis-shell-3.2.0.jar:/home/runner/.m2/repository/org/apache/ratis/ratis-tools/3.2.0/ratis-tools-3.2.0.jar:/home/runner/.m2/repository/org/jgrapht/jgrapht-core/1.4.0/jgrapht-core-1.4.0.jar:/home/runner/.m2/repository/org/jheaps/jheaps/0.11/jheaps-0.11.jar:/home/runner/.m2/repository/org/jgrapht/jgrapht-ext/1.4.0/jgrapht-ext-1.4.0.jar:/home/runner/work/ozone/ozone/hadoop-hdds/rocksdb-checkpoint-differ/target/rocksdb-checkpoint-differ-2.1.0-SNAPSHOT.jar:/home/runner/.m2/repository/org/apache/ranger/ranger-intg/2.6.0/ranger-intg-2.6.0.jar:/home/runner/.m2/repository/org/apache/ratis/ratis-client/3.2.0/ratis-client-3.2.0.jar:/home/runner/.m2/repository/org/apache/ratis/ratis-common/3.2.0/ratis-common-3.2.0.jar:/home/runner/.m2/repository/org/apache/ratis/ratis-grpc/3.2.0/ratis-grpc-3.2.0.jar:/home/runner/.m2/repository/org/apache/ratis/ratis-metrics-api/3.2.0/ratis-metrics-api-3.2.0.jar:/home/runner/.m2/repository/org/apache/ratis/ratis-proto/3.2.0/ratis-proto-3.2.0.jar:/home/runner/.m2/repository/org/apache/ratis/ratis-server/3.2.0/ratis-server-3.2.0.jar:/home/runner/.m2/repository/org/apache/ratis/ratis-server-api/3.2.0/ratis-server-api-3.2.0.jar:/home/runner/.m2/repository/org/apache/ratis/ratis-thirdparty-misc/1.0.9/ratis-thirdparty-misc-1.0.9.jar:/home/runner/.m2/repository/org/bouncycastle/bcpkix-jdk18on/1.81/bcpkix-jdk18on-1.81.jar:/home/runner/.m2/repository/org/bouncycastle/bcutil-jdk18on/1.81/bcutil-jdk18on-1.81.jar:/home/runner/.m2/repository/org/hamcrest/hamcrest/2.2/hamcrest-2.2.jar:/home/runner/.m2/repository/org/reflections/reflections/0.10.2/reflections-0.10.2.jar:/home/runner/.m2/repository/org/javassist/javassist/3.30.2-GA/javassist-3.30.2-GA.jar:/home/runner/.m2/repository/org/rocksdb/rocksdbjni/7.7.3/rocksdbjni-7.7.3.jar:/home/runner/.m2/repository/org/slf4j/jul-to-slf4j/2.0.17/jul-to-slf4j-2.0.17.jar:/home/runner/.m2/repository/org/slf4j/slf4j-api/2.0.17/slf4j-api-2.0.17.jar:/home/runner/.m2/repository/org/assertj/assertj-core/3.27.3/assertj-core-3.27.3.jar:/home/runner/.m2/repository/net/bytebuddy/byte-buddy/1.15.11/byte-buddy-1.15.11.jar:/home/runner/.m2/repository/org/junit/jupiter/junit-jupiter-api/5.13.2/junit-jupiter-api-5.13.2.jar:/home/runner/.m2/repository/org/opentest4j/opentest4j/1.3.0/opentest4j-1.3.0.jar:/home/runner/.m2/repository/org/junit/platform/junit-platform-commons/1.13.2/junit-platform-commons-1.13.2.jar:/home/runner/.m2/repository/org/apiguardian/apiguardian-api/1.1.2/apiguardian-api-1.1.2.jar:/home/runner/.m2/repository/org/junit/jupiter/junit-jupiter-params/5.13.2/junit-jupiter-params-5.13.2.jar:/home/runner/.m2/repository/org/mockito/mockito-core/4.11.0/mockito-core-4.11.0.jar:/home/runner/.m2/repository/net/bytebuddy/byte-buddy-agent/1.12.19/byte-buddy-agent-1.12.19.jar:/home/runner/.m2/repository/org/objenesis/objenesis/3.3/objenesis-3.3.jar:/home/runner/.m2/repository/org/mockito/mockito-inline/4.11.0/mockito-inline-4.11.0.jar:/home/runner/.m2/repository/org/mockito/mockito-junit-jupiter/4.11.0/mockito-junit-jupiter-4.11.0.jar:/home/runner/work/ozone/ozone/hadoop-ozone/integration-test/target/gradle-enterprise/test-listeners.jar:"/>
    <property name="java.vm.vendor" value="Eclipse Adoptium"/>
    <property name="sun.arch.data.model" value="64"/>
    <property name="test.build.dir" value="/home/runner/work/ozone/ozone/hadoop-ozone/integration-test/target/test-dir"/>
    <property name="test.cache.data" value=""/>
    <property name="java.vendor.url" value="https://adoptium.net/"/>
    <property name="user.timezone" value="Etc/UTC"/>
    <property name="maven-surefire-plugin.argLineAccessArgs" value=" --add-opens java.management/com.sun.jmx.mbeanserver=ALL-UNNAMED --add-exports java.management/com.sun.jmx.mbeanserver=ALL-UNNAMED --add-opens java.base/java.nio=ALL-UNNAMED --add-opens java.base/java.lang=ALL-UNNAMED --add-opens java.base/java.lang.reflect=ALL-UNNAMED"/>
    <property name="os.name" value="Linux"/>
    <property name="java.vm.specification.version" value="21"/>
    <property name="test.build.data" value="/home/runner/work/ozone/ozone/hadoop-ozone/integration-test/target/test-dir"/>
    <property name="sun.java.launcher" value="SUN_STANDARD"/>
    <property name="sun.boot.library.path" value="/usr/lib/jvm/temurin-21-jdk-amd64/lib"/>
    <property name="sun.java.command" value="/home/runner/work/ozone/ozone/hadoop-ozone/integration-test/target/surefire/surefirebooter-20250705153610948_540.jar /home/runner/work/ozone/ozone/hadoop-ozone/integration-test/target/surefire 2025-07-05T15-31-51_355-jvmRun1 surefire-20250705153610948_538tmp surefire_27-20250705153610948_539tmp"/>
    <property name="jdk.debug" value="release"/>
    <property name="native.lib.tmp.dir" value="/tmp"/>
    <property name="surefire.test.class.path" value="/home/runner/work/ozone/ozone/hadoop-ozone/integration-test/target/test-classes:/home/runner/work/ozone/ozone/hadoop-ozone/integration-test/target/classes:/home/runner/.m2/repository/ch/qos/reload4j/reload4j/1.2.26/reload4j-1.2.26.jar:/home/runner/.m2/repository/com/fasterxml/jackson/core/jackson-core/2.16.2/jackson-core-2.16.2.jar:/home/runner/.m2/repository/com/fasterxml/jackson/core/jackson-databind/2.16.2/jackson-databind-2.16.2.jar:/home/runner/.m2/repository/com/fasterxml/jackson/core/jackson-annotations/2.16.2/jackson-annotations-2.16.2.jar:/home/runner/.m2/repository/com/github/stephenc/jcip/jcip-annotations/1.0-1/jcip-annotations-1.0-1.jar:/home/runner/.m2/repository/com/google/guava/guava/32.1.3-jre/guava-32.1.3-jre.jar:/home/runner/.m2/repository/com/google/guava/failureaccess/1.0.1/failureaccess-1.0.1.jar:/home/runner/.m2/repository/com/google/guava/listenablefuture/9999.0-empty-to-avoid-conflict-with-guava/listenablefuture-9999.0-empty-to-avoid-conflict-with-guava.jar:/home/runner/.m2/repository/org/checkerframework/checker-qual/3.37.0/checker-qual-3.37.0.jar:/home/runner/.m2/repository/com/google/errorprone/error_prone_annotations/2.29.2/error_prone_annotations-2.29.2.jar:/home/runner/.m2/repository/com/google/j2objc/j2objc-annotations/2.8/j2objc-annotations-2.8.jar:/home/runner/.m2/repository/com/google/protobuf/protobuf-java/2.5.0/protobuf-java-2.5.0.jar:/home/runner/.m2/repository/com/squareup/okhttp3/okhttp/4.12.0/okhttp-4.12.0.jar:/home/runner/.m2/repository/com/squareup/okio/okio/3.6.0/okio-3.6.0.jar:/home/runner/.m2/repository/com/squareup/okio/okio-jvm/3.6.0/okio-jvm-3.6.0.jar:/home/runner/.m2/repository/org/jetbrains/kotlin/kotlin-stdlib-common/1.9.25/kotlin-stdlib-common-1.9.25.jar:/home/runner/.m2/repository/org/jetbrains/kotlin/kotlin-stdlib-jdk8/1.9.25/kotlin-stdlib-jdk8-1.9.25.jar:/home/runner/.m2/repository/org/jetbrains/kotlin/kotlin-stdlib/1.9.25/kotlin-stdlib-1.9.25.jar:/home/runner/.m2/repository/org/jetbrains/annotations/13.0/annotations-13.0.jar:/home/runner/.m2/repository/org/jetbrains/kotlin/kotlin-stdlib-jdk7/1.9.25/kotlin-stdlib-jdk7-1.9.25.jar:/home/runner/.m2/repository/commons-codec/commons-codec/1.18.0/commons-codec-1.18.0.jar:/home/runner/.m2/repository/commons-io/commons-io/2.18.0/commons-io-2.18.0.jar:/home/runner/.m2/repository/commons-validator/commons-validator/1.6/commons-validator-1.6.jar:/home/runner/.m2/repository/commons-beanutils/commons-beanutils/1.11.0/commons-beanutils-1.11.0.jar:/home/runner/.m2/repository/commons-digester/commons-digester/1.8.1/commons-digester-1.8.1.jar:/home/runner/.m2/repository/commons-collections/commons-collections/3.2.2/commons-collections-3.2.2.jar:/home/runner/.m2/repository/info/picocli/picocli/4.7.7/picocli-4.7.7.jar:/home/runner/.m2/repository/jakarta/annotation/jakarta.annotation-api/2.1.1/jakarta.annotation-api-2.1.1.jar:/home/runner/.m2/repository/jakarta/xml/bind/jakarta.xml.bind-api/2.3.3/jakarta.xml.bind-api-2.3.3.jar:/home/runner/.m2/repository/jakarta/activation/jakarta.activation-api/1.2.2/jakarta.activation-api-1.2.2.jar:/home/runner/.m2/repository/javax/servlet/javax.servlet-api/3.1.0/javax.servlet-api-3.1.0.jar:/home/runner/.m2/repository/javax/ws/rs/jsr311-api/1.1.1/jsr311-api-1.1.1.jar:/home/runner/.m2/repository/org/apache/commons/commons-compress/1.27.1/commons-compress-1.27.1.jar:/home/runner/.m2/repository/org/apache/commons/commons-lang3/3.17.0/commons-lang3-3.17.0.jar:/home/runner/.m2/repository/org/apache/commons/commons-text/1.13.1/commons-text-1.13.1.jar:/home/runner/.m2/repository/org/apache/hadoop/hadoop-auth/3.4.1/hadoop-auth-3.4.1.jar:/home/runner/.m2/repository/com/nimbusds/nimbus-jose-jwt/9.40/nimbus-jose-jwt-9.40.jar:/home/runner/.m2/repository/io/dropwizard/metrics/metrics-core/3.2.6/metrics-core-3.2.6.jar:/home/runner/.m2/repository/org/apache/kerby/kerb-core/1.0.1/kerb-core-1.0.1.jar:/home/runner/.m2/repository/org/apache/kerby/kerby-pkix/1.0.1/kerby-pkix-1.0.1.jar:/home/runner/.m2/repository/org/apache/kerby/kerby-asn1/1.0.1/kerby-asn1-1.0.1.jar:/home/runner/.m2/repository/org/apache/kerby/kerb-util/1.0.1/kerb-util-1.0.1.jar:/home/runner/.m2/repository/org/apache/kerby/kerby-config/1.0.1/kerby-config-1.0.1.jar:/home/runner/.m2/repository/org/apache/kerby/kerb-crypto/1.0.1/kerb-crypto-1.0.1.jar:/home/runner/.m2/repository/org/apache/hadoop/thirdparty/hadoop-shaded-guava/1.3.0/hadoop-shaded-guava-1.3.0.jar:/home/runner/.m2/repository/org/apache/hadoop/hadoop-common/3.4.1/hadoop-common-3.4.1.jar:/home/runner/.m2/repository/org/apache/hadoop/thirdparty/hadoop-shaded-protobuf_3_25/1.4.0/hadoop-shaded-protobuf_3_25-1.4.0.jar:/home/runner/.m2/repository/org/apache/hadoop/hadoop-annotations/3.4.1/hadoop-annotations-3.4.1.jar:/home/runner/.m2/repository/commons-cli/commons-cli/1.8.0/commons-cli-1.8.0.jar:/home/runner/.m2/repository/commons-net/commons-net/3.11.1/commons-net-3.11.1.jar:/home/runner/.m2/repository/org/eclipse/jetty/jetty-server/9.4.57.v20241219/jetty-server-9.4.57.v20241219.jar:/home/runner/.m2/repository/org/eclipse/jetty/jetty-io/9.4.57.v20241219/jetty-io-9.4.57.v20241219.jar:/home/runner/.m2/repository/org/eclipse/jetty/jetty-util/9.4.57.v20241219/jetty-util-9.4.57.v20241219.jar:/home/runner/.m2/repository/org/eclipse/jetty/jetty-servlet/9.4.57.v20241219/jetty-servlet-9.4.57.v20241219.jar:/home/runner/.m2/repository/org/eclipse/jetty/jetty-security/9.4.57.v20241219/jetty-security-9.4.57.v20241219.jar:/home/runner/.m2/repository/org/eclipse/jetty/jetty-webapp/9.4.57.v20241219/jetty-webapp-9.4.57.v20241219.jar:/home/runner/.m2/repository/org/eclipse/jetty/jetty-xml/9.4.57.v20241219/jetty-xml-9.4.57.v20241219.jar:/home/runner/.m2/repository/javax/servlet/jsp/jsp-api/2.1/jsp-api-2.1.jar:/home/runner/.m2/repository/org/codehaus/jettison/jettison/1.5.4/jettison-1.5.4.jar:/home/runner/.m2/repository/org/apache/commons/commons-configuration2/2.12.0/commons-configuration2-2.12.0.jar:/home/runner/.m2/repository/com/google/re2j/re2j/1.7/re2j-1.7.jar:/home/runner/.m2/repository/com/google/code/gson/gson/2.10.1/gson-2.10.1.jar:/home/runner/.m2/repository/com/jcraft/jsch/0.1.55/jsch-0.1.55.jar:/home/runner/.m2/repository/io/netty/netty-handler/4.1.119.Final/netty-handler-4.1.119.Final.jar:/home/runner/.m2/repository/io/netty/netty-resolver/4.1.119.Final/netty-resolver-4.1.119.Final.jar:/home/runner/.m2/repository/io/netty/netty-transport-native-epoll/4.1.119.Final/netty-transport-native-epoll-4.1.119.Final.jar:/home/runner/.m2/repository/org/bouncycastle/bcprov-jdk18on/1.81/bcprov-jdk18on-1.81.jar:/home/runner/.m2/repository/org/codehaus/woodstox/stax2-api/4.2.1/stax2-api-4.2.1.jar:/home/runner/.m2/repository/com/fasterxml/woodstox/woodstox-core/5.4.0/woodstox-core-5.4.0.jar:/home/runner/.m2/repository/dnsjava/dnsjava/3.6.1/dnsjava-3.6.1.jar:/home/runner/.m2/repository/org/apache/hadoop/hadoop-common/3.4.1/hadoop-common-3.4.1-tests.jar:/home/runner/.m2/repository/org/apache/commons/commons-math3/3.6.1/commons-math3-3.6.1.jar:/home/runner/.m2/repository/com/sun/jersey/jersey-core/1.19.4/jersey-core-1.19.4.jar:/home/runner/.m2/repository/com/sun/jersey/jersey-servlet/1.19.4/jersey-servlet-1.19.4.jar:/home/runner/.m2/repository/com/github/pjfanning/jersey-json/1.22.0/jersey-json-1.22.0.jar:/home/runner/.m2/repository/com/sun/xml/bind/jaxb-impl/2.2.3-1/jaxb-impl-2.2.3-1.jar:/home/runner/.m2/repository/com/sun/jersey/jersey-server/1.19.4/jersey-server-1.19.4.jar:/home/runner/.m2/repository/org/slf4j/slf4j-reload4j/2.0.17/slf4j-reload4j-2.0.17.jar:/home/runner/.m2/repository/org/apache/avro/avro/1.9.2/avro-1.9.2.jar:/home/runner/.m2/repository/org/apache/curator/curator-client/4.2.0/curator-client-4.2.0.jar:/home/runner/.m2/repository/org/apache/curator/curator-recipes/5.2.0/curator-recipes-5.2.0.jar:/home/runner/.m2/repository/org/apache/curator/curator-framework/4.2.0/curator-framework-4.2.0.jar:/home/runner/.m2/repository/com/google/code/findbugs/jsr305/3.0.2/jsr305-3.0.2.jar:/home/runner/.m2/repository/org/apache/zookeeper/zookeeper/3.8.4/zookeeper-3.8.4.jar:/home/runner/.m2/repository/org/apache/zookeeper/zookeeper-jute/3.8.4/zookeeper-jute-3.8.4.jar:/home/runner/.m2/repository/org/apache/yetus/audience-annotations/0.12.0/audience-annotations-0.12.0.jar:/home/runner/.m2/repository/org/xerial/snappy/snappy-java/1.1.10.7/snappy-java-1.1.10.7.jar:/home/runner/.m2/repository/org/apache/hadoop/hadoop-distcp/3.4.1/hadoop-distcp-3.4.1.jar:/home/runner/.m2/repository/org/apache/hadoop/hadoop-distcp/3.4.1/hadoop-distcp-3.4.1-tests.jar:/home/runner/.m2/repository/org/apache/hadoop/hadoop-hdfs/3.4.1/hadoop-hdfs-3.4.1.jar:/home/runner/.m2/repository/org/eclipse/jetty/jetty-util-ajax/9.4.57.v20241219/jetty-util-ajax-9.4.57.v20241219.jar:/home/runner/.m2/repository/commons-daemon/commons-daemon/1.4.0/commons-daemon-1.4.0.jar:/home/runner/.m2/repository/org/apache/hadoop/hadoop-hdfs/3.4.1/hadoop-hdfs-3.4.1-tests.jar:/home/runner/.m2/repository/io/netty/netty-all/4.1.119.Final/netty-all-4.1.119.Final.jar:/home/runner/.m2/repository/io/netty/netty-codec-dns/4.1.119.Final/netty-codec-dns-4.1.119.Final.jar:/home/runner/.m2/repository/io/netty/netty-codec-haproxy/4.1.119.Final/netty-codec-haproxy-4.1.119.Final.jar:/home/runner/.m2/repository/io/netty/netty-codec-http/4.1.119.Final/netty-codec-http-4.1.119.Final.jar:/home/runner/.m2/repository/io/netty/netty-codec-memcache/4.1.119.Final/netty-codec-memcache-4.1.119.Final.jar:/home/runner/.m2/repository/io/netty/netty-codec-mqtt/4.1.119.Final/netty-codec-mqtt-4.1.119.Final.jar:/home/runner/.m2/repository/io/netty/netty-codec-redis/4.1.119.Final/netty-codec-redis-4.1.119.Final.jar:/home/runner/.m2/repository/io/netty/netty-codec-smtp/4.1.119.Final/netty-codec-smtp-4.1.119.Final.jar:/home/runner/.m2/repository/io/netty/netty-codec-socks/4.1.119.Final/netty-codec-socks-4.1.119.Final.jar:/home/runner/.m2/repository/io/netty/netty-codec-stomp/4.1.119.Final/netty-codec-stomp-4.1.119.Final.jar:/home/runner/.m2/repository/io/netty/netty-codec-xml/4.1.119.Final/netty-codec-xml-4.1.119.Final.jar:/home/runner/.m2/repository/io/netty/netty-handler-ssl-ocsp/4.1.119.Final/netty-handler-ssl-ocsp-4.1.119.Final.jar:/home/runner/.m2/repository/io/netty/netty-resolver-dns/4.1.119.Final/netty-resolver-dns-4.1.119.Final.jar:/home/runner/.m2/repository/io/netty/netty-transport-rxtx/4.1.119.Final/netty-transport-rxtx-4.1.119.Final.jar:/home/runner/.m2/repository/io/netty/netty-transport-sctp/4.1.119.Final/netty-transport-sctp-4.1.119.Final.jar:/home/runner/.m2/repository/io/netty/netty-transport-udt/4.1.119.Final/netty-transport-udt-4.1.119.Final.jar:/home/runner/.m2/repository/io/netty/netty-transport-classes-kqueue/4.1.119.Final/netty-transport-classes-kqueue-4.1.119.Final.jar:/home/runner/.m2/repository/io/netty/netty-resolver-dns-classes-macos/4.1.119.Final/netty-resolver-dns-classes-macos-4.1.119.Final.jar:/home/runner/.m2/repository/io/netty/netty-transport-native-epoll/4.1.119.Final/netty-transport-native-epoll-4.1.119.Final-linux-aarch_64.jar:/home/runner/.m2/repository/io/netty/netty-transport-native-epoll/4.1.119.Final/netty-transport-native-epoll-4.1.119.Final-linux-riscv64.jar:/home/runner/.m2/repository/io/netty/netty-transport-native-kqueue/4.1.119.Final/netty-transport-native-kqueue-4.1.119.Final-osx-x86_64.jar:/home/runner/.m2/repository/io/netty/netty-transport-native-kqueue/4.1.119.Final/netty-transport-native-kqueue-4.1.119.Final-osx-aarch_64.jar:/home/runner/.m2/repository/io/netty/netty-resolver-dns-native-macos/4.1.119.Final/netty-resolver-dns-native-macos-4.1.119.Final-osx-x86_64.jar:/home/runner/.m2/repository/io/netty/netty-resolver-dns-native-macos/4.1.119.Final/netty-resolver-dns-native-macos-4.1.119.Final-osx-aarch_64.jar:/home/runner/.m2/repository/org/fusesource/leveldbjni/leveldbjni-all/1.8/leveldbjni-all-1.8.jar:/home/runner/.m2/repository/org/apache/hadoop/hadoop-hdfs-client/3.4.1/hadoop-hdfs-client-3.4.1.jar:/home/runner/.m2/repository/org/apache/hadoop/hadoop-kms/3.4.1/hadoop-kms-3.4.1.jar:/home/runner/.m2/repository/org/apache/hadoop/hadoop-kms/3.4.1/hadoop-kms-3.4.1-tests.jar:/home/runner/.m2/repository/org/apache/hadoop/hadoop-mapreduce-client-core/3.4.1/hadoop-mapreduce-client-core-3.4.1.jar:/home/runner/.m2/repository/org/apache/hadoop/hadoop-yarn-client/3.4.1/hadoop-yarn-client-3.4.1.jar:/home/runner/.m2/repository/org/eclipse/jetty/websocket/websocket-client/9.4.53.v20231009/websocket-client-9.4.53.v20231009.jar:/home/runner/.m2/repository/org/eclipse/jetty/jetty-client/9.4.57.v20241219/jetty-client-9.4.57.v20241219.jar:/home/runner/.m2/repository/org/eclipse/jetty/websocket/websocket-common/9.4.53.v20231009/websocket-common-9.4.53.v20231009.jar:/home/runner/.m2/repository/org/eclipse/jetty/websocket/websocket-api/9.4.53.v20231009/websocket-api-9.4.53.v20231009.jar:/home/runner/.m2/repository/org/apache/hadoop/hadoop-yarn-api/3.4.1/hadoop-yarn-api-3.4.1.jar:/home/runner/.m2/repository/org/apache/hadoop/hadoop-yarn-common/3.4.1/hadoop-yarn-common-3.4.1.jar:/home/runner/.m2/repository/javax/xml/bind/jaxb-api/2.2.11/jaxb-api-2.2.11.jar:/home/runner/.m2/repository/com/sun/jersey/contribs/jersey-guice/1.19.4/jersey-guice-1.19.4.jar:/home/runner/.m2/repository/com/fasterxml/jackson/module/jackson-module-jaxb-annotations/2.16.2/jackson-module-jaxb-annotations-2.16.2.jar:/home/runner/.m2/repository/com/fasterxml/jackson/jaxrs/jackson-jaxrs-json-provider/2.16.2/jackson-jaxrs-json-provider-2.16.2.jar:/home/runner/.m2/repository/com/google/inject/extensions/guice-servlet/6.0.0/guice-servlet-6.0.0.jar:/home/runner/.m2/repository/org/apache/hadoop/hadoop-mapreduce-client-jobclient/3.4.1/hadoop-mapreduce-client-jobclient-3.4.1.jar:/home/runner/.m2/repository/org/apache/hadoop/hadoop-mapreduce-client-common/3.4.1/hadoop-mapreduce-client-common-3.4.1.jar:/home/runner/.m2/repository/org/apache/hadoop/hadoop-minikdc/3.4.1/hadoop-minikdc-3.4.1.jar:/home/runner/.m2/repository/org/apache/kerby/kerb-simplekdc/2.0.3/kerb-simplekdc-2.0.3.jar:/home/runner/.m2/repository/org/apache/kerby/kerb-client/2.0.3/kerb-client-2.0.3.jar:/home/runner/.m2/repository/org/apache/kerby/kerb-common/2.0.3/kerb-common-2.0.3.jar:/home/runner/.m2/repository/org/apache/kerby/token-provider/2.0.3/token-provider-2.0.3.jar:/home/runner/.m2/repository/org/apache/kerby/kerb-admin/2.0.3/kerb-admin-2.0.3.jar:/home/runner/.m2/repository/org/apache/kerby/kerb-server/2.0.3/kerb-server-2.0.3.jar:/home/runner/.m2/repository/org/apache/kerby/kerb-identity/2.0.3/kerb-identity-2.0.3.jar:/home/runner/.m2/repository/org/apache/kerby/kerby-xdr/2.0.3/kerby-xdr-2.0.3.jar:/home/runner/.m2/repository/junit/junit/4.13.2/junit-4.13.2.jar:/home/runner/.m2/repository/org/hamcrest/hamcrest-core/1.3/hamcrest-core-1.3.jar:/home/runner/.m2/repository/org/apache/httpcomponents/httpclient/4.5.14/httpclient-4.5.14.jar:/home/runner/.m2/repository/org/apache/httpcomponents/httpcore/4.4.16/httpcore-4.4.16.jar:/home/runner/.m2/repository/org/apache/kerby/kerby-util/1.0.1/kerby-util-1.0.1.jar:/home/runner/work/ozone/ozone/hadoop-hdds/client/target/hdds-client-2.1.0-SNAPSHOT.jar:/home/runner/.m2/repository/io/opentracing/opentracing-api/0.33.0/opentracing-api-0.33.0.jar:/home/runner/.m2/repository/io/opentracing/opentracing-util/0.33.0/opentracing-util-0.33.0.jar:/home/runner/.m2/repository/io/opentracing/opentracing-noop/0.33.0/opentracing-noop-0.33.0.jar:/home/runner/work/ozone/ozone/hadoop-hdds/erasurecode/target/hdds-erasurecode-2.1.0-SNAPSHOT.jar:/home/runner/work/ozone/ozone/hadoop-hdds/common/target/hdds-common-2.1.0-SNAPSHOT.jar:/home/runner/.m2/repository/com/fasterxml/jackson/datatype/jackson-datatype-jsr310/2.16.2/jackson-datatype-jsr310-2.16.2.jar:/home/runner/.m2/repository/io/jaegertracing/jaeger-core/1.8.1/jaeger-core-1.8.1.jar:/home/runner/.m2/repository/org/apache/ratis/ratis-netty/3.2.0/ratis-netty-3.2.0.jar:/home/runner/.m2/repository/org/yaml/snakeyaml/2.0/snakeyaml-2.0.jar:/home/runner/.m2/repository/io/jaegertracing/jaeger-client/1.8.1/jaeger-client-1.8.1.jar:/home/runner/.m2/repository/io/jaegertracing/jaeger-thrift/1.8.1/jaeger-thrift-1.8.1.jar:/home/runner/.m2/repository/org/apache/thrift/libthrift/0.15.0/libthrift-0.15.0.jar:/home/runner/.m2/repository/io/jaegertracing/jaeger-tracerresolver/1.8.1/jaeger-tracerresolver-1.8.1.jar:/home/runner/.m2/repository/io/opentracing/contrib/opentracing-tracerresolver/0.1.8/opentracing-tracerresolver-0.1.8.jar:/home/runner/.m2/repository/org/apache/ratis/ratis-metrics-dropwizard3/3.2.0/ratis-metrics-dropwizard3-3.2.0.jar:/home/runner/.m2/repository/org/slf4j/jcl-over-slf4j/2.0.17/jcl-over-slf4j-2.0.17.jar:/home/runner/work/ozone/ozone/hadoop-hdds/common/target/hdds-common-2.1.0-SNAPSHOT-tests.jar:/home/runner/work/ozone/ozone/hadoop-hdds/config/target/hdds-config-2.1.0-SNAPSHOT.jar:/home/runner/work/ozone/ozone/hadoop-hdds/container-service/target/hdds-container-service-2.1.0-SNAPSHOT.jar:/home/runner/.m2/repository/io/netty/netty-buffer/4.1.119.Final/netty-buffer-4.1.119.Final.jar:/home/runner/.m2/repository/io/netty/netty-codec/4.1.119.Final/netty-codec-4.1.119.Final.jar:/home/runner/.m2/repository/io/netty/netty-common/4.1.119.Final/netty-common-4.1.119.Final.jar:/home/runner/.m2/repository/io/netty/netty-transport/4.1.119.Final/netty-transport-4.1.119.Final.jar:/home/runner/.m2/repository/org/apache/logging/log4j/log4j-api/2.25.0/log4j-api-2.25.0.jar:/home/runner/.m2/repository/com/github/luben/zstd-jni/1.5.7-3/zstd-jni-1.5.7-3.jar:/home/runner/.m2/repository/log4j/apache-log4j-extras/1.2.17/apache-log4j-extras-1.2.17.jar:/home/runner/.m2/repository/org/glassfish/jaxb/jaxb-runtime/2.3.9/jaxb-runtime-2.3.9.jar:/home/runner/.m2/repository/org/glassfish/jaxb/txw2/2.3.9/txw2-2.3.9.jar:/home/runner/.m2/repository/com/sun/istack/istack-commons-runtime/3.0.12/istack-commons-runtime-3.0.12.jar:/home/runner/.m2/repository/com/sun/activation/jakarta.activation/1.2.2/jakarta.activation-1.2.2.jar:/home/runner/work/ozone/ozone/hadoop-hdds/container-service/target/hdds-container-service-2.1.0-SNAPSHOT-tests.jar:/home/runner/work/ozone/ozone/hadoop-hdds/interface-admin/target/hdds-interface-admin-2.1.0-SNAPSHOT.jar:/home/runner/work/ozone/ozone/hadoop-hdds/interface-client/target/hdds-interface-client-2.1.0-SNAPSHOT.jar:/home/runner/work/ozone/ozone/hadoop-hdds/interface-server/target/hdds-interface-server-2.1.0-SNAPSHOT.jar:/home/runner/work/ozone/ozone/hadoop-hdds/managed-rocksdb/target/hdds-managed-rocksdb-2.1.0-SNAPSHOT.jar:/home/runner/work/ozone/ozone/hadoop-hdds/rocks-native/target/hdds-rocks-native-2.1.0-SNAPSHOT.jar:/home/runner/work/ozone/ozone/hadoop-hdds/framework/target/hdds-server-framework-2.1.0-SNAPSHOT.jar:/home/runner/.m2/repository/com/github/jnr/jnr-constants/0.10.4/jnr-constants-0.10.4.jar:/home/runner/.m2/repository/com/github/jnr/jnr-posix/3.1.20/jnr-posix-3.1.20.jar:/home/runner/.m2/repository/com/github/jnr/jnr-ffi/2.2.17/jnr-ffi-2.2.17.jar:/home/runner/.m2/repository/com/github/jnr/jffi/1.3.13/jffi-1.3.13.jar:/home/runner/.m2/repository/com/github/jnr/jffi/1.3.13/jffi-1.3.13-native.jar:/home/runner/.m2/repository/org/ow2/asm/asm/9.7.1/asm-9.7.1.jar:/home/runner/.m2/repository/org/ow2/asm/asm-commons/9.7.1/asm-commons-9.7.1.jar:/home/runner/.m2/repository/org/ow2/asm/asm-analysis/9.7.1/asm-analysis-9.7.1.jar:/home/runner/.m2/repository/org/ow2/asm/asm-tree/9.7.1/asm-tree-9.7.1.jar:/home/runner/.m2/repository/org/ow2/asm/asm-util/9.7.1/asm-util-9.7.1.jar:/home/runner/.m2/repository/com/github/jnr/jnr-a64asm/1.0.0/jnr-a64asm-1.0.0.jar:/home/runner/.m2/repository/com/github/jnr/jnr-x86asm/1.0.2/jnr-x86asm-1.0.2.jar:/home/runner/.m2/repository/commons-fileupload/commons-fileupload/1.5/commons-fileupload-1.5.jar:/home/runner/.m2/repository/io/grpc/grpc-api/1.71.0/grpc-api-1.71.0.jar:/home/runner/.m2/repository/io/prometheus/simpleclient/0.16.0/simpleclient-0.16.0.jar:/home/runner/.m2/repository/io/prometheus/simpleclient_common/0.16.0/simpleclient_common-0.16.0.jar:/home/runner/.m2/repository/io/prometheus/simpleclient_dropwizard/0.16.0/simpleclient_dropwizard-0.16.0.jar:/home/runner/.m2/repository/jakarta/ws/rs/jakarta.ws.rs-api/2.1.6/jakarta.ws.rs-api-2.1.6.jar:/home/runner/.m2/repository/org/eclipse/jetty/jetty-http/9.4.57.v20241219/jetty-http-9.4.57.v20241219.jar:/home/runner/.m2/repository/org/glassfish/jersey/containers/jersey-container-servlet-core/2.47/jersey-container-servlet-core-2.47.jar:/home/runner/.m2/repository/org/glassfish/jersey/core/jersey-server/2.47/jersey-server-2.47.jar:/home/runner/.m2/repository/org/glassfish/jersey/core/jersey-client/2.47/jersey-client-2.47.jar:/home/runner/.m2/repository/com/lmax/disruptor/3.4.4/disruptor-3.4.4.jar:/home/runner/.m2/repository/org/apache/logging/log4j/log4j-core/2.25.0/log4j-core-2.25.0.jar:/home/runner/work/ozone/ozone/hadoop-hdds/framework/target/hdds-server-framework-2.1.0-SNAPSHOT-tests.jar:/home/runner/work/ozone/ozone/hadoop-hdds/server-scm/target/hdds-server-scm-2.1.0-SNAPSHOT.jar:/home/runner/work/ozone/ozone/hadoop-hdds/server-scm/target/hdds-server-scm-2.1.0-SNAPSHOT-tests.jar:/home/runner/work/ozone/ozone/hadoop-hdds/test-utils/target/hdds-test-utils-2.1.0-SNAPSHOT-tests.jar:/home/runner/work/ozone/ozone/hadoop-ozone/cli-admin/target/ozone-cli-admin-2.1.0-SNAPSHOT.jar:/home/runner/work/ozone/ozone/hadoop-ozone/cli-shell/target/ozone-cli-shell-2.1.0-SNAPSHOT.jar:/home/runner/.m2/repository/info/picocli/picocli-shell-jline3/4.7.7/picocli-shell-jline3-4.7.7.jar:/home/runner/.m2/repository/org/jline/jline/3.30.4/jline-3.30.4.jar:/home/runner/work/ozone/ozone/hadoop-ozone/client/target/ozone-client-2.1.0-SNAPSHOT.jar:/home/runner/work/ozone/ozone/hadoop-ozone/common/target/ozone-common-2.1.0-SNAPSHOT.jar:/home/runner/.m2/repository/io/grpc/grpc-netty/1.71.0/grpc-netty-1.71.0.jar:/home/runner/.m2/repository/org/codehaus/mojo/animal-sniffer-annotations/1.24/animal-sniffer-annotations-1.24.jar:/home/runner/.m2/repository/io/grpc/grpc-core/1.71.0/grpc-core-1.71.0.jar:/home/runner/.m2/repository/com/google/android/annotations/4.1.1.4/annotations-4.1.1.4.jar:/home/runner/.m2/repository/io/grpc/grpc-context/1.71.0/grpc-context-1.71.0.jar:/home/runner/.m2/repository/io/perfmark/perfmark-api/0.27.0/perfmark-api-0.27.0.jar:/home/runner/.m2/repository/io/grpc/grpc-util/1.71.0/grpc-util-1.71.0.jar:/home/runner/.m2/repository/io/netty/netty-codec-http2/4.1.119.Final/netty-codec-http2-4.1.119.Final.jar:/home/runner/.m2/repository/io/netty/netty-handler-proxy/4.1.119.Final/netty-handler-proxy-4.1.119.Final.jar:/home/runner/.m2/repository/io/netty/netty-tcnative-boringssl-static/2.0.70.Final/netty-tcnative-boringssl-static-2.0.70.Final.jar:/home/runner/.m2/repository/io/netty/netty-tcnative-classes/2.0.70.Final/netty-tcnative-classes-2.0.70.Final.jar:/home/runner/.m2/repository/io/netty/netty-tcnative-boringssl-static/2.0.70.Final/netty-tcnative-boringssl-static-2.0.70.Final-linux-x86_64.jar:/home/runner/.m2/repository/io/netty/netty-tcnative-boringssl-static/2.0.70.Final/netty-tcnative-boringssl-static-2.0.70.Final-linux-aarch_64.jar:/home/runner/.m2/repository/io/netty/netty-tcnative-boringssl-static/2.0.70.Final/netty-tcnative-boringssl-static-2.0.70.Final-osx-x86_64.jar:/home/runner/.m2/repository/io/netty/netty-tcnative-boringssl-static/2.0.70.Final/netty-tcnative-boringssl-static-2.0.70.Final-osx-aarch_64.jar:/home/runner/.m2/repository/io/netty/netty-tcnative-boringssl-static/2.0.70.Final/netty-tcnative-boringssl-static-2.0.70.Final-windows-x86_64.jar:/home/runner/work/ozone/ozone/hadoop-ozone/csi/target/ozone-csi-2.1.0-SNAPSHOT.jar:/home/runner/.m2/repository/io/grpc/grpc-protobuf/1.71.0/grpc-protobuf-1.71.0.jar:/home/runner/.m2/repository/com/google/api/grpc/proto-google-common-protos/2.51.0/proto-google-common-protos-2.51.0.jar:/home/runner/.m2/repository/io/grpc/grpc-protobuf-lite/1.71.0/grpc-protobuf-lite-1.71.0.jar:/home/runner/.m2/repository/io/grpc/grpc-stub/1.71.0/grpc-stub-1.71.0.jar:/home/runner/.m2/repository/io/netty/netty-transport-classes-epoll/4.1.119.Final/netty-transport-classes-epoll-4.1.119.Final.jar:/home/runner/.m2/repository/io/netty/netty-transport-native-unix-common/4.1.119.Final/netty-transport-native-unix-common-4.1.119.Final.jar:/home/runner/.m2/repository/io/netty/netty-transport-native-epoll/4.1.119.Final/netty-transport-native-epoll-4.1.119.Final-linux-x86_64.jar:/home/runner/work/ozone/ozone/hadoop-ozone/ozonefs/target/ozone-filesystem-2.1.0-SNAPSHOT.jar:/home/runner/work/ozone/ozone/hadoop-ozone/ozonefs-common/target/ozone-filesystem-common-2.1.0-SNAPSHOT.jar:/home/runner/work/ozone/ozone/hadoop-ozone/freon/target/ozone-freon-2.1.0-SNAPSHOT.jar:/home/runner/.m2/repository/com/amazonaws/aws-java-sdk-core/1.12.661/aws-java-sdk-core-1.12.661.jar:/home/runner/.m2/repository/com/fasterxml/jackson/dataformat/jackson-dataformat-cbor/2.16.2/jackson-dataformat-cbor-2.16.2.jar:/home/runner/.m2/repository/joda-time/joda-time/2.12.7/joda-time-2.12.7.jar:/home/runner/.m2/repository/com/amazonaws/aws-java-sdk-s3/1.12.661/aws-java-sdk-s3-1.12.661.jar:/home/runner/.m2/repository/com/amazonaws/aws-java-sdk-kms/1.12.661/aws-java-sdk-kms-1.12.661.jar:/home/runner/.m2/repository/com/amazonaws/jmespath-java/1.12.661/jmespath-java-1.12.661.jar:/home/runner/work/ozone/ozone/hadoop-ozone/interface-client/target/ozone-interface-client-2.1.0-SNAPSHOT.jar:/home/runner/work/ozone/ozone/hadoop-ozone/interface-storage/target/ozone-interface-storage-2.1.0-SNAPSHOT.jar:/home/runner/work/ozone/ozone/hadoop-ozone/ozone-manager/target/ozone-manager-2.1.0-SNAPSHOT.jar:/home/runner/.m2/repository/com/sun/jersey/jersey-client/1.19.4/jersey-client-1.19.4.jar:/home/runner/.m2/repository/org/apache/ranger/ranger-plugins-common/2.6.0/ranger-plugins-common-2.6.0.jar:/home/runner/.m2/repository/com/fasterxml/jackson/jaxrs/jackson-jaxrs-base/2.16.2/jackson-jaxrs-base-2.16.2.jar:/home/runner/.m2/repository/com/kstruct/gethostname4j/1.0.0/gethostname4j-1.0.0.jar:/home/runner/.m2/repository/commons-lang/commons-lang/2.6/commons-lang-2.6.jar:/home/runner/.m2/repository/net/java/dev/jna/jna/5.2.0/jna-5.2.0.jar:/home/runner/.m2/repository/net/java/dev/jna/jna-platform/5.2.0/jna-platform-5.2.0.jar:/home/runner/.m2/repository/org/apache/ranger/ranger-plugin-classloader/2.6.0/ranger-plugin-classloader-2.6.0.jar:/home/runner/.m2/repository/org/apache/ranger/ranger-plugins-audit/2.6.0/ranger-plugins-audit-2.6.0.jar:/home/runner/.m2/repository/com/amazonaws/aws-java-sdk-logs/1.12.765/aws-java-sdk-logs-1.12.765.jar:/home/runner/.m2/repository/com/carrotsearch/hppc/0.8.0/hppc-0.8.0.jar:/home/runner/.m2/repository/io/airlift/aircompressor/0.27/aircompressor-0.27.jar:/home/runner/.m2/repository/org/apache/httpcomponents/httpasyncclient/4.1.4/httpasyncclient-4.1.4.jar:/home/runner/.m2/repository/org/apache/httpcomponents/httpcore-nio/4.4.16/httpcore-nio-4.4.16.jar:/home/runner/.m2/repository/org/apache/httpcomponents/httpmime/4.5.13/httpmime-4.5.13.jar:/home/runner/.m2/repository/org/apache/orc/orc-core/1.5.8/orc-core-1.5.8.jar:/home/runner/.m2/repository/org/apache/orc/orc-shims/1.5.8/orc-shims-1.5.8.jar:/home/runner/.m2/repository/org/apache/ranger/ranger-plugins-cred/2.6.0/ranger-plugins-cred-2.6.0.jar:/home/runner/.m2/repository/org/aspectj/aspectjrt/1.9.7/aspectjrt-1.9.7.jar:/home/runner/work/ozone/ozone/hadoop-ozone/ozone-manager/target/ozone-manager-2.1.0-SNAPSHOT-tests.jar:/home/runner/work/ozone/ozone/hadoop-ozone/mini-cluster/target/ozone-mini-cluster-2.1.0-SNAPSHOT.jar:/home/runner/work/ozone/ozone/hadoop-ozone/recon/target/ozone-recon-2.1.0-SNAPSHOT.jar:/home/runner/.m2/repository/aopalliance/aopalliance/1.0/aopalliance-1.0.jar:/home/runner/.m2/repository/com/google/inject/guice/6.0.0/guice-6.0.0.jar:/home/runner/.m2/repository/jakarta/inject/jakarta.inject-api/2.0.1/jakarta.inject-api-2.0.1.jar:/home/runner/.m2/repository/com/jolbox/bonecp/0.8.0.RELEASE/bonecp-0.8.0.RELEASE.jar:/home/runner/.m2/repository/jakarta/validation/jakarta.validation-api/2.0.2/jakarta.validation-api-2.0.2.jar:/home/runner/.m2/repository/javax/annotation/javax.annotation-api/1.3.2/javax.annotation-api-1.3.2.jar:/home/runner/.m2/repository/javax/inject/javax.inject/1/javax.inject-1.jar:/home/runner/.m2/repository/org/apache/derby/derby/10.14.2.0/derby-10.14.2.0.jar:/home/runner/.m2/repository/org/glassfish/hk2/guice-bridge/2.6.1/guice-bridge-2.6.1.jar:/home/runner/.m2/repository/org/glassfish/hk2/hk2-api/2.6.1/hk2-api-2.6.1.jar:/home/runner/.m2/repository/org/glassfish/hk2/hk2-utils/2.6.1/hk2-utils-2.6.1.jar:/home/runner/.m2/repository/org/glassfish/hk2/external/aopalliance-repackaged/2.6.1/aopalliance-repackaged-2.6.1.jar:/home/runner/.m2/repository/org/glassfish/jersey/core/jersey-common/2.47/jersey-common-2.47.jar:/home/runner/.m2/repository/org/glassfish/hk2/osgi-resource-locator/1.0.3/osgi-resource-locator-1.0.3.jar:/home/runner/.m2/repository/org/jooq/jooq/3.11.10/jooq-3.11.10.jar:/home/runner/.m2/repository/org/springframework/spring-core/5.3.39/spring-core-5.3.39.jar:/home/runner/.m2/repository/org/springframework/spring-jdbc/5.3.39/spring-jdbc-5.3.39.jar:/home/runner/.m2/repository/org/springframework/spring-beans/5.3.39/spring-beans-5.3.39.jar:/home/runner/.m2/repository/org/springframework/spring-tx/5.3.39/spring-tx-5.3.39.jar:/home/runner/.m2/repository/org/xerial/sqlite-jdbc/3.50.1.0/sqlite-jdbc-3.50.1.0.jar:/home/runner/.m2/repository/com/google/inject/extensions/guice-assistedinject/6.0.0/guice-assistedinject-6.0.0.jar:/home/runner/.m2/repository/org/glassfish/hk2/external/jakarta.inject/2.6.1/jakarta.inject-2.6.1.jar:/home/runner/.m2/repository/org/glassfish/jersey/inject/jersey-hk2/2.47/jersey-hk2-2.47.jar:/home/runner/.m2/repository/org/glassfish/hk2/hk2-locator/2.6.1/hk2-locator-2.6.1.jar:/home/runner/.m2/repository/org/glassfish/jersey/media/jersey-media-jaxb/2.47/jersey-media-jaxb-2.47.jar:/home/runner/.m2/repository/org/glassfish/jersey/media/jersey-media-json-jackson/2.47/jersey-media-json-jackson-2.47.jar:/home/runner/.m2/repository/org/glassfish/jersey/ext/jersey-entity-filtering/2.47/jersey-entity-filtering-2.47.jar:/home/runner/work/ozone/ozone/hadoop-ozone/recon-codegen/target/ozone-reconcodegen-2.1.0-SNAPSHOT.jar:/home/runner/.m2/repository/org/jooq/jooq-codegen/3.11.10/jooq-codegen-3.11.10.jar:/home/runner/.m2/repository/org/jooq/jooq-meta/3.11.10/jooq-meta-3.11.10.jar:/home/runner/work/ozone/ozone/hadoop-ozone/s3gateway/target/ozone-s3gateway-2.1.0-SNAPSHOT.jar:/home/runner/work/ozone/ozone/hadoop-ozone/tools/target/ozone-tools-2.1.0-SNAPSHOT.jar:/home/runner/.m2/repository/com/github/vlsi/mxgraph/jgraphx/3.9.12/jgraphx-3.9.12.jar:/home/runner/.m2/repository/org/apache/ratis/ratis-shell/3.2.0/ratis-shell-3.2.0.jar:/home/runner/.m2/repository/org/apache/ratis/ratis-tools/3.2.0/ratis-tools-3.2.0.jar:/home/runner/.m2/repository/org/jgrapht/jgrapht-core/1.4.0/jgrapht-core-1.4.0.jar:/home/runner/.m2/repository/org/jheaps/jheaps/0.11/jheaps-0.11.jar:/home/runner/.m2/repository/org/jgrapht/jgrapht-ext/1.4.0/jgrapht-ext-1.4.0.jar:/home/runner/work/ozone/ozone/hadoop-hdds/rocksdb-checkpoint-differ/target/rocksdb-checkpoint-differ-2.1.0-SNAPSHOT.jar:/home/runner/.m2/repository/org/apache/ranger/ranger-intg/2.6.0/ranger-intg-2.6.0.jar:/home/runner/.m2/repository/org/apache/ratis/ratis-client/3.2.0/ratis-client-3.2.0.jar:/home/runner/.m2/repository/org/apache/ratis/ratis-common/3.2.0/ratis-common-3.2.0.jar:/home/runner/.m2/repository/org/apache/ratis/ratis-grpc/3.2.0/ratis-grpc-3.2.0.jar:/home/runner/.m2/repository/org/apache/ratis/ratis-metrics-api/3.2.0/ratis-metrics-api-3.2.0.jar:/home/runner/.m2/repository/org/apache/ratis/ratis-proto/3.2.0/ratis-proto-3.2.0.jar:/home/runner/.m2/repository/org/apache/ratis/ratis-server/3.2.0/ratis-server-3.2.0.jar:/home/runner/.m2/repository/org/apache/ratis/ratis-server-api/3.2.0/ratis-server-api-3.2.0.jar:/home/runner/.m2/repository/org/apache/ratis/ratis-thirdparty-misc/1.0.9/ratis-thirdparty-misc-1.0.9.jar:/home/runner/.m2/repository/org/bouncycastle/bcpkix-jdk18on/1.81/bcpkix-jdk18on-1.81.jar:/home/runner/.m2/repository/org/bouncycastle/bcutil-jdk18on/1.81/bcutil-jdk18on-1.81.jar:/home/runner/.m2/repository/org/hamcrest/hamcrest/2.2/hamcrest-2.2.jar:/home/runner/.m2/repository/org/reflections/reflections/0.10.2/reflections-0.10.2.jar:/home/runner/.m2/repository/org/javassist/javassist/3.30.2-GA/javassist-3.30.2-GA.jar:/home/runner/.m2/repository/org/rocksdb/rocksdbjni/7.7.3/rocksdbjni-7.7.3.jar:/home/runner/.m2/repository/org/slf4j/jul-to-slf4j/2.0.17/jul-to-slf4j-2.0.17.jar:/home/runner/.m2/repository/org/slf4j/slf4j-api/2.0.17/slf4j-api-2.0.17.jar:/home/runner/.m2/repository/org/assertj/assertj-core/3.27.3/assertj-core-3.27.3.jar:/home/runner/.m2/repository/net/bytebuddy/byte-buddy/1.15.11/byte-buddy-1.15.11.jar:/home/runner/.m2/repository/org/junit/jupiter/junit-jupiter-api/5.13.2/junit-jupiter-api-5.13.2.jar:/home/runner/.m2/repository/org/opentest4j/opentest4j/1.3.0/opentest4j-1.3.0.jar:/home/runner/.m2/repository/org/junit/platform/junit-platform-commons/1.13.2/junit-platform-commons-1.13.2.jar:/home/runner/.m2/repository/org/apiguardian/apiguardian-api/1.1.2/apiguardian-api-1.1.2.jar:/home/runner/.m2/repository/org/junit/jupiter/junit-jupiter-params/5.13.2/junit-jupiter-params-5.13.2.jar:/home/runner/.m2/repository/org/mockito/mockito-core/4.11.0/mockito-core-4.11.0.jar:/home/runner/.m2/repository/net/bytebuddy/byte-buddy-agent/1.12.19/byte-buddy-agent-1.12.19.jar:/home/runner/.m2/repository/org/objenesis/objenesis/3.3/objenesis-3.3.jar:/home/runner/.m2/repository/org/mockito/mockito-inline/4.11.0/mockito-inline-4.11.0.jar:/home/runner/.m2/repository/org/mockito/mockito-junit-jupiter/4.11.0/mockito-junit-jupiter-4.11.0.jar:/home/runner/work/ozone/ozone/hadoop-ozone/integration-test/target/gradle-enterprise/test-listeners.jar:"/>
    <property name="sun.cpu.endian" value="little"/>
    <property name="user.home" value="/home/runner"/>
    <property name="user.language" value="en"/>
    <property name="java.specification.vendor" value="Oracle Corporation"/>
    <property name="skipRecon" value="true"/>
    <property name="java.version.date" value="2025-04-15"/>
    <property name="java.home" value="/usr/lib/jvm/temurin-21-jdk-amd64"/>
    <property name="java.security.krb5.conf" value="/home/runner/work/ozone/ozone/hadoop-ozone/integration-test/target/test-classes/krb5.conf"/>
    <property name="file.separator" value="/"/>
    <property name="basedir" value="/home/runner/work/ozone/ozone/hadoop-ozone/integration-test"/>
    <property name="java.vm.compressedOopsMode" value="Zero based"/>
    <property name="line.separator" value="&#10;"/>
    <property name="java.vm.specification.vendor" value="Oracle Corporation"/>
    <property name="java.specification.name" value="Java Platform API Specification"/>
    <property name="surefire.real.class.path" value="/home/runner/work/ozone/ozone/hadoop-ozone/integration-test/target/surefire/surefirebooter-20250705153610948_540.jar"/>
    <property name="hadoop.log.dir" value="/home/runner/work/ozone/ozone/hadoop-ozone/integration-test/target/log"/>
    <property name="sun.management.compiler" value="HotSpot 64-Bit Tiered Compilers"/>
    <property name="skipShade" value="true"/>
    <property name="java.runtime.version" value="21.0.7+6-LTS"/>
    <property name="user.name" value="runner"/>
    <property name="java.net.preferIPv4Stack" value="true"/>
    <property name="stdout.encoding" value="UTF-8"/>
    <property name="path.separator" value=":"/>
    <property name="java.security.egd" value="file:///dev/urandom"/>
    <property name="os.version" value="6.11.0-1015-azure"/>
    <property name="java.runtime.name" value="OpenJDK Runtime Environment"/>
    <property name="com.gradle.maven.scan.extension.test.listener.junitplatform.NestedExecutionSafeDelegatingTestExecutionListener" value="be68757"/>
    <property name="file.encoding" value="UTF-8"/>
    <property name="java.vm.name" value="OpenJDK 64-Bit Server VM"/>
    <property name="rocks_tools_native" value="true"/>
    <property name="java.vendor.version" value="Temurin-21.0.7+6"/>
    <property name="test.build.webapps" value=""/>
    <property name="develocity.listener.surefire.forkId" value="1"/>
    <property name="localRepository" value="/home/runner/.m2/repository"/>
    <property name="java.vendor.url.bug" value="https://github.com/adoptium/adoptium-support/issues"/>
    <property name="jetty.git.hash" value="df524e6b29271c2e09ba9aea83c18dc9db464a31"/>
    <property name="java.io.tmpdir" value="/tmp"/>
    <property name="require.test.libhadoop" value=""/>
    <property name="java.version" value="21.0.7"/>
    <property name="user.dir" value="/home/runner/work/ozone/ozone/hadoop-ozone/integration-test"/>
    <property name="os.arch" value="amd64"/>
    <property name="java.vm.specification.name" value="Java Virtual Machine Specification"/>
    <property name="test.build.classes" value="/home/runner/work/ozone/ozone/hadoop-ozone/integration-test/target/test-classes"/>
    <property name="org.apache.ratis.thirdparty.io.netty.allocator.useCacheForAllThreads" value="false"/>
    <property name="native.encoding" value="UTF-8"/>
    <property name="hadoop.tmp.dir" value="/home/runner/work/ozone/ozone/hadoop-ozone/integration-test/target/tmp"/>
    <property name="java.library.path" value="/usr/java/packages/lib:/usr/lib64:/lib64:/lib:/usr/lib"/>
    <property name="java.vm.info" value="mixed mode, sharing"/>
    <property name="stderr.encoding" value="UTF-8"/>
    <property name="java.vendor" value="Eclipse Adoptium"/>
    <property name="java.vm.version" value="21.0.7+6-LTS"/>
    <property name="sun.io.unicode.encoding" value="UnicodeLittle"/>
    <property name="develocity.listener.port" value="37801"/>
    <property name="java.class.version" value="65.0"/>
  </properties>
  <testcase name="testContainerStateMachineCloseOnMissingPipeline" classname="org.apache.hadoop.ozone.client.rpc.TestContainerStateMachineFailures" time="2.482">
    <system-out><![CDATA[2025-07-05 15:48:14,063 [main] WARN  server.ServerUtils (ServerUtils.java:getScmDbDir(138)) - ozone.scm.db.dirs is not configured. We recommend adding this setting. Falling back to ozone.metadata.dirs instead.
2025-07-05 15:48:14,272 [main] INFO  reflections.Reflections (Reflections.java:scan(219)) - Reflections took 181 ms to scan 7 urls, producing 168 keys and 373 values
2025-07-05 15:48:14,406 [main] INFO  ha.SCMHANodeDetails (SCMHANodeDetails.java:loadSCMHAConfig(162)) - ServiceID for StorageContainerManager is null
2025-07-05 15:48:14,407 [main] INFO  ha.SCMHANodeDetails (SCMHANodeDetails.java:loadSCMHAConfig(166)) - ozone.scm.default.service.id is not defined, falling back to ozone.scm.service.ids to find serviceID for StorageContainerManager if it is HA enabled cluster
2025-07-05 15:48:14,547 [main] INFO  server.RaftServerConfigKeys (ConfUtils.java:logGet(62)) - raft.server.log.appender.buffer.byte-limit = 4194304 (custom)
2025-07-05 15:48:14,568 [main] INFO  server.RaftServer (ConfUtils.java:logGet(62)) - raft.rpc.type = GRPC (default)
2025-07-05 15:48:14,622 [main] INFO  grpc.GrpcConfigKeys (ConfUtils.java:logFallback(69)) - raft.grpc.admin.host = null (fallback to raft.grpc.server.host)
2025-07-05 15:48:14,623 [main] INFO  grpc.GrpcConfigKeys (ConfUtils.java:logFallback(69)) - raft.grpc.admin.port = 15004 (fallback to raft.grpc.server.port)
2025-07-05 15:48:14,624 [main] INFO  grpc.GrpcConfigKeys (ConfUtils.java:logFallback(69)) - raft.grpc.client.host = null (fallback to raft.grpc.server.host)
2025-07-05 15:48:14,624 [main] INFO  grpc.GrpcConfigKeys (ConfUtils.java:logFallback(69)) - raft.grpc.client.port = 15004 (fallback to raft.grpc.server.port)
2025-07-05 15:48:14,625 [main] INFO  grpc.GrpcConfigKeys (ConfUtils.java:logGet(62)) - raft.grpc.server.port = 15004 (custom)
2025-07-05 15:48:14,625 [main] INFO  server.GrpcServicesImpl (ConfUtils.java:logGet(62)) - raft.grpc.message.size.max = 5242880 (custom)
2025-07-05 15:48:14,626 [main] INFO  server.GrpcServicesImpl (ConfUtils.java:logGet(62)) - raft.grpc.flow.control.window = 1MB (=1048576) (default)
2025-07-05 15:48:14,627 [main] INFO  server.RaftServerConfigKeys (ConfUtils.java:logGet(62)) - raft.server.rpc.request.timeout = 30000ms (custom)
2025-07-05 15:48:14,631 [main] INFO  grpc.GrpcConfigKeys (ConfUtils.java:logGet(62)) - raft.grpc.server.heartbeat.channel = true (default)
2025-07-05 15:48:14,632 [main] INFO  server.RaftServerConfigKeys (ConfUtils.java:logGet(62)) - raft.server.log.appender.buffer.byte-limit = 4194304 (custom)
2025-07-05 15:48:14,634 [main] INFO  grpc.GrpcConfigKeys (ConfUtils.java:logGet(62)) - raft.grpc.server.async.request.thread.pool.cached = true (default)
2025-07-05 15:48:14,635 [main] INFO  grpc.GrpcConfigKeys (ConfUtils.java:logGet(62)) - raft.grpc.server.async.request.thread.pool.size = 32 (default)
2025-07-05 15:48:14,809 [main] INFO  impl.DataStreamServerImpl (ConfUtils.java:logGet(62)) - raft.datastream.type = DISABLED (default)
2025-07-05 15:48:14,812 [main] INFO  server.RaftServerConfigKeys (ConfUtils.java:logGet(62)) - raft.server.sleep.deviation.threshold = 300ms (default)
2025-07-05 15:48:14,812 [main] INFO  server.RaftServerConfigKeys (ConfUtils.java:logGet(62)) - raft.server.close.threshold = 60s (default)
2025-07-05 15:48:14,812 [main] INFO  server.RaftServerConfigKeys (ConfUtils.java:logGet(62)) - raft.server.leaderelection.leader.step-down.wait-time = 10s (default)
2025-07-05 15:48:14,816 [main] INFO  server.RaftServerConfigKeys (ConfUtils.java:logGet(62)) - raft.server.storage.dir = [/home/runner/work/ozone/ozone/hadoop-ozone/integration-test/target/test-dir/MiniOzoneClusterImpl-0a3c97a5-d59a-4532-afef-c4940c4c02aa/ozone-meta/scm-ha] (custom)
2025-07-05 15:48:14,817 [main] INFO  server.RaftServerConfigKeys (ConfUtils.java:logGet(62)) - raft.server.threadpool.proxy.cached = true (default)
2025-07-05 15:48:14,818 [main] INFO  server.RaftServerConfigKeys (ConfUtils.java:logGet(62)) - raft.server.threadpool.proxy.size = 0 (default)
2025-07-05 15:48:14,824 [main] INFO  server.RaftServer (RaftServerProxy.java:addNew(105)) - 67766547-47ec-4cca-936b-6c95be71f3ba: addNew group-C4940C4C02AA:[67766547-47ec-4cca-936b-6c95be71f3ba|localhost:15004] returns group-C4940C4C02AA:java.util.concurrent.CompletableFuture@7fb53256[Not completed]
2025-07-05 15:48:14,843 [67766547-47ec-4cca-936b-6c95be71f3ba-groupManagement] INFO  server.RaftServer$Division (RaftServerImpl.java:<init>(268)) - 67766547-47ec-4cca-936b-6c95be71f3ba: new RaftServerImpl for group-C4940C4C02AA:[67766547-47ec-4cca-936b-6c95be71f3ba|localhost:15004] with SCMStateMachine:uninitialized
2025-07-05 15:48:14,845 [67766547-47ec-4cca-936b-6c95be71f3ba-groupManagement] INFO  server.RaftServerConfigKeys (ConfUtils.java:logGet(62)) - raft.server.rpc.timeout.min = 5000ms (custom)
2025-07-05 15:48:14,846 [67766547-47ec-4cca-936b-6c95be71f3ba-groupManagement] INFO  server.RaftServerConfigKeys (ConfUtils.java:logGet(62)) - raft.server.rpc.timeout.max = 5200ms (custom)
2025-07-05 15:48:14,846 [67766547-47ec-4cca-936b-6c95be71f3ba-groupManagement] INFO  server.RaftServerConfigKeys (ConfUtils.java:logGet(62)) - raft.server.rpc.sleep.time = 25ms (default)
2025-07-05 15:48:14,847 [67766547-47ec-4cca-936b-6c95be71f3ba-groupManagement] INFO  server.RaftServerConfigKeys (ConfUtils.java:logGet(62)) - raft.server.rpc.slowness.timeout = 120000ms (custom)
2025-07-05 15:48:14,847 [67766547-47ec-4cca-936b-6c95be71f3ba-groupManagement] INFO  server.RaftServerConfigKeys (ConfUtils.java:logGet(62)) - raft.server.leaderelection.member.majority-add = false (default)
2025-07-05 15:48:14,852 [67766547-47ec-4cca-936b-6c95be71f3ba-groupManagement] INFO  server.RaftServer$Division (ServerState.java:<init>(114)) - 67766547-47ec-4cca-936b-6c95be71f3ba@group-C4940C4C02AA: ConfigurationManager, init=conf: {index: -1, cur=peers:[67766547-47ec-4cca-936b-6c95be71f3ba|localhost:15004]|listeners:[], old=null}, confs=<EMPTY_MAP>
2025-07-05 15:48:14,857 [67766547-47ec-4cca-936b-6c95be71f3ba-groupManagement] INFO  server.RaftServerConfigKeys (ConfUtils.java:logGet(62)) - raft.server.notification.no-leader.timeout = 60s (default)
2025-07-05 15:48:14,860 [67766547-47ec-4cca-936b-6c95be71f3ba-groupManagement] INFO  server.RaftServerConfigKeys (ConfUtils.java:logGet(62)) - raft.server.read.timeout = 10s (default)
2025-07-05 15:48:14,863 [67766547-47ec-4cca-936b-6c95be71f3ba-groupManagement] INFO  server.RaftServerConfigKeys (ConfUtils.java:logGet(62)) - raft.server.retrycache.expirytime = 60000ms (default)
2025-07-05 15:48:14,864 [67766547-47ec-4cca-936b-6c95be71f3ba-groupManagement] INFO  server.RaftServerConfigKeys (ConfUtils.java:logGet(62)) - raft.server.retrycache.statistics.expirytime = 100ms (default)
2025-07-05 15:48:14,880 [67766547-47ec-4cca-936b-6c95be71f3ba-groupManagement] INFO  server.RaftServerConfigKeys (ConfUtils.java:logGet(62)) - raft.server.read.option = DEFAULT (default)
2025-07-05 15:48:14,882 [67766547-47ec-4cca-936b-6c95be71f3ba-groupManagement] INFO  server.RaftServerConfigKeys (ConfUtils.java:logGet(62)) - raft.server.read.read-after-write-consistent.write-index-cache.expiry-time = 60s (default)
2025-07-05 15:48:15,021 [67766547-47ec-4cca-936b-6c95be71f3ba-groupManagement] INFO  server.RaftServerConfigKeys (ConfUtils.java:logGet(62)) - raft.server.log.appender.install.snapshot.enabled = false (custom)
2025-07-05 15:48:15,022 [67766547-47ec-4cca-936b-6c95be71f3ba-groupManagement] INFO  server.RaftServerConfigKeys (ConfUtils.java:logGet(62)) - raft.server.threadpool.server.cached = true (default)
2025-07-05 15:48:15,023 [67766547-47ec-4cca-936b-6c95be71f3ba-groupManagement] INFO  server.RaftServerConfigKeys (ConfUtils.java:logGet(62)) - raft.server.threadpool.server.size = 0 (default)
2025-07-05 15:48:15,023 [67766547-47ec-4cca-936b-6c95be71f3ba-groupManagement] INFO  server.RaftServerConfigKeys (ConfUtils.java:logGet(62)) - raft.server.threadpool.client.cached = true (default)
2025-07-05 15:48:15,023 [67766547-47ec-4cca-936b-6c95be71f3ba-groupManagement] INFO  server.RaftServerConfigKeys (ConfUtils.java:logGet(62)) - raft.server.threadpool.client.size = 0 (default)
2025-07-05 15:48:15,026 [67766547-47ec-4cca-936b-6c95be71f3ba-impl-thread1] INFO  server.RaftServerConfigKeys (ConfUtils.java:logGet(62)) - raft.server.storage.free-space.min = 0MB (=0) (default)
2025-07-05 15:48:15,027 [67766547-47ec-4cca-936b-6c95be71f3ba-impl-thread1] INFO  server.RaftServerConfigKeys (ConfUtils.java:logGet(62)) - raft.server.log.corruption.policy = EXCEPTION (default)
2025-07-05 15:48:15,033 [67766547-47ec-4cca-936b-6c95be71f3ba-impl-thread1] INFO  storage.RaftStorageDirectory (RaftStorageDirectoryImpl.java:analyzeStorage(138)) - The storage directory /home/runner/work/ozone/ozone/hadoop-ozone/integration-test/target/test-dir/MiniOzoneClusterImpl-0a3c97a5-d59a-4532-afef-c4940c4c02aa/ozone-meta/scm-ha/0a3c97a5-d59a-4532-afef-c4940c4c02aa does not exist. Creating ...
2025-07-05 15:48:15,036 [67766547-47ec-4cca-936b-6c95be71f3ba-impl-thread1] INFO  storage.RaftStorageDirectory (RaftStorageDirectoryImpl.java:tryLock(229)) - Lock on /home/runner/work/ozone/ozone/hadoop-ozone/integration-test/target/test-dir/MiniOzoneClusterImpl-0a3c97a5-d59a-4532-afef-c4940c4c02aa/ozone-meta/scm-ha/0a3c97a5-d59a-4532-afef-c4940c4c02aa/in_use.lock acquired by nodename 44235@localhost
2025-07-05 15:48:15,041 [67766547-47ec-4cca-936b-6c95be71f3ba-impl-thread1] INFO  storage.RaftStorage (RaftStorageImpl.java:format(98)) - Storage directory /home/runner/work/ozone/ozone/hadoop-ozone/integration-test/target/test-dir/MiniOzoneClusterImpl-0a3c97a5-d59a-4532-afef-c4940c4c02aa/ozone-meta/scm-ha/0a3c97a5-d59a-4532-afef-c4940c4c02aa has been successfully formatted.
2025-07-05 15:48:15,043 [67766547-47ec-4cca-936b-6c95be71f3ba-impl-thread1] INFO  ha.SCMStateMachine (SCMStateMachine.java:lambda$initialize$0(135)) - 67766547-47ec-4cca-936b-6c95be71f3ba: initialize group-C4940C4C02AA
2025-07-05 15:48:15,044 [67766547-47ec-4cca-936b-6c95be71f3ba-impl-thread1] INFO  server.RaftServerConfigKeys (ConfUtils.java:logGet(62)) - raft.server.log.use.memory = false (default)
2025-07-05 15:48:15,050 [67766547-47ec-4cca-936b-6c95be71f3ba-impl-thread1] INFO  server.RaftServerConfigKeys (ConfUtils.java:logGet(62)) - raft.server.log.purge.gap = 1000000 (custom)
2025-07-05 15:48:15,051 [67766547-47ec-4cca-936b-6c95be71f3ba-impl-thread1] INFO  server.RaftServerConfigKeys (ConfUtils.java:logGet(62)) - raft.server.log.appender.buffer.byte-limit = 4194304 (custom)
2025-07-05 15:48:15,052 [67766547-47ec-4cca-936b-6c95be71f3ba-impl-thread1] INFO  server.RaftServerConfigKeys (ConfUtils.java:logGet(62)) - raft.server.log.statemachine.data.read.timeout = 1000ms (default)
2025-07-05 15:48:15,052 [67766547-47ec-4cca-936b-6c95be71f3ba-impl-thread1] INFO  server.RaftServerConfigKeys (ConfUtils.java:logGet(62)) - raft.server.log.purge.preservation.log.num = 0 (default)
2025-07-05 15:48:15,055 [67766547-47ec-4cca-936b-6c95be71f3ba-impl-thread1] INFO  server.RaftServerConfigKeys (ConfUtils.java:logGet(62)) - raft.server.log.segment.size.max = 4194304 (custom)
2025-07-05 15:48:15,059 [67766547-47ec-4cca-936b-6c95be71f3ba-impl-thread1] INFO  server.RaftServerConfigKeys (ConfUtils.java:logGet(62)) - raft.server.log.segment.cache.num.max = 2 (custom)
2025-07-05 15:48:15,060 [67766547-47ec-4cca-936b-6c95be71f3ba-impl-thread1] INFO  server.RaftServerConfigKeys (ConfUtils.java:logGet(62)) - raft.server.log.segment.cache.size.max = 200MB (=209715200) (default)
2025-07-05 15:48:15,060 [67766547-47ec-4cca-936b-6c95be71f3ba-impl-thread1] INFO  server.RaftServerConfigKeys (ConfUtils.java:logGet(62)) - raft.server.log.appender.buffer.byte-limit = 4194304 (custom)
2025-07-05 15:48:15,062 [67766547-47ec-4cca-936b-6c95be71f3ba-impl-thread1] INFO  util.AwaitToRun (AwaitToRun.java:start(81)) - Thread[#39,67766547-47ec-4cca-936b-6c95be71f3ba@group-C4940C4C02AA-cacheEviction-AwaitToRun,5,main] started
2025-07-05 15:48:15,066 [67766547-47ec-4cca-936b-6c95be71f3ba-impl-thread1] INFO  segmented.SegmentedRaftLogWorker (SegmentedRaftLogWorker.java:<init>(190)) - new 67766547-47ec-4cca-936b-6c95be71f3ba@group-C4940C4C02AA-SegmentedRaftLogWorker for RaftStorageImpl:Storage Directory /home/runner/work/ozone/ozone/hadoop-ozone/integration-test/target/test-dir/MiniOzoneClusterImpl-0a3c97a5-d59a-4532-afef-c4940c4c02aa/ozone-meta/scm-ha/0a3c97a5-d59a-4532-afef-c4940c4c02aa
2025-07-05 15:48:15,066 [67766547-47ec-4cca-936b-6c95be71f3ba-impl-thread1] INFO  server.RaftServerConfigKeys (ConfUtils.java:logGet(62)) - raft.server.log.queue.byte-limit = 64MB (=67108864) (default)
2025-07-05 15:48:15,066 [67766547-47ec-4cca-936b-6c95be71f3ba-impl-thread1] INFO  server.RaftServerConfigKeys (ConfUtils.java:logGet(62)) - raft.server.log.queue.element-limit = 4096 (default)
2025-07-05 15:48:15,068 [67766547-47ec-4cca-936b-6c95be71f3ba-impl-thread1] INFO  server.RaftServerConfigKeys (ConfUtils.java:logGet(62)) - raft.server.log.segment.size.max = 4194304 (custom)
2025-07-05 15:48:15,068 [67766547-47ec-4cca-936b-6c95be71f3ba-impl-thread1] INFO  server.RaftServerConfigKeys (ConfUtils.java:logGet(62)) - raft.server.log.preallocated.size = 4194304 (custom)
2025-07-05 15:48:15,069 [67766547-47ec-4cca-936b-6c95be71f3ba-impl-thread1] INFO  server.RaftServerConfigKeys (ConfUtils.java:logGet(62)) - raft.server.log.force.sync.num = 128 (default)
2025-07-05 15:48:15,070 [67766547-47ec-4cca-936b-6c95be71f3ba-impl-thread1] INFO  server.RaftServerConfigKeys (ConfUtils.java:logGet(62)) - raft.server.log.statemachine.data.sync = true (default)
2025-07-05 15:48:15,070 [67766547-47ec-4cca-936b-6c95be71f3ba-impl-thread1] INFO  server.RaftServerConfigKeys (ConfUtils.java:logGet(62)) - raft.server.log.statemachine.data.sync.timeout = 10s (default)
2025-07-05 15:48:15,070 [67766547-47ec-4cca-936b-6c95be71f3ba-impl-thread1] INFO  server.RaftServerConfigKeys (ConfUtils.java:logGet(62)) - raft.server.log.statemachine.data.sync.timeout.retry = -1 (default)
2025-07-05 15:48:15,072 [67766547-47ec-4cca-936b-6c95be71f3ba-impl-thread1] INFO  server.RaftServerConfigKeys (ConfUtils.java:logGet(62)) - raft.server.log.write.buffer.size = 4194312 (custom)
2025-07-05 15:48:15,074 [67766547-47ec-4cca-936b-6c95be71f3ba-impl-thread1] INFO  server.RaftServerConfigKeys (ConfUtils.java:logGet(62)) - raft.server.log.appender.buffer.byte-limit = 4194304 (custom)
2025-07-05 15:48:15,074 [67766547-47ec-4cca-936b-6c95be71f3ba-impl-thread1] INFO  server.RaftServerConfigKeys (ConfUtils.java:logGet(62)) - raft.server.log.unsafe-flush.enabled = false (default)
2025-07-05 15:48:15,074 [67766547-47ec-4cca-936b-6c95be71f3ba-impl-thread1] INFO  server.RaftServerConfigKeys (ConfUtils.java:logGet(62)) - raft.server.log.async-flush.enabled = false (default)
2025-07-05 15:48:15,075 [67766547-47ec-4cca-936b-6c95be71f3ba-impl-thread1] INFO  server.RaftServerConfigKeys (ConfUtils.java:logGet(62)) - raft.server.log.statemachine.data.caching.enabled = false (default)
2025-07-05 15:48:15,080 [67766547-47ec-4cca-936b-6c95be71f3ba-impl-thread1] INFO  segmented.SegmentedRaftLogWorker (SegmentedRaftLogWorker.java:lambda$new$0(141)) - 67766547-47ec-4cca-936b-6c95be71f3ba@group-C4940C4C02AA-SegmentedRaftLogWorker: flushIndex: setUnconditionally 0 -> -1
2025-07-05 15:48:15,080 [67766547-47ec-4cca-936b-6c95be71f3ba-impl-thread1] INFO  segmented.SegmentedRaftLogWorker (SegmentedRaftLogWorker.java:lambda$new$0(141)) - 67766547-47ec-4cca-936b-6c95be71f3ba@group-C4940C4C02AA-SegmentedRaftLogWorker: safeCacheEvictIndex: setUnconditionally 0 -> -1
2025-07-05 15:48:15,081 [67766547-47ec-4cca-936b-6c95be71f3ba-impl-thread1] INFO  server.RaftServer$Division (RaftServerImpl.java:start(405)) - 67766547-47ec-4cca-936b-6c95be71f3ba@group-C4940C4C02AA: start as a follower, conf=conf: {index: -1, cur=peers:[67766547-47ec-4cca-936b-6c95be71f3ba|localhost:15004]|listeners:[], old=null}
2025-07-05 15:48:15,082 [67766547-47ec-4cca-936b-6c95be71f3ba-impl-thread1] INFO  server.RaftServer$Division (RaftServerImpl.java:setRole(392)) - 67766547-47ec-4cca-936b-6c95be71f3ba@group-C4940C4C02AA: changes role from      null to FOLLOWER at term 0 for startAsFollower
2025-07-05 15:48:15,083 [67766547-47ec-4cca-936b-6c95be71f3ba-impl-thread1] INFO  impl.RoleInfo (RoleInfo.java:updateAndGet(148)) - 67766547-47ec-4cca-936b-6c95be71f3ba: start 67766547-47ec-4cca-936b-6c95be71f3ba@group-C4940C4C02AA-FollowerState
2025-07-05 15:48:15,084 [67766547-47ec-4cca-936b-6c95be71f3ba-impl-thread1] INFO  util.JmxRegister (JmxRegister.java:tryRegister(44)) - Successfully registered JMX Bean with object name Ratis:service=RaftServer,group=group-C4940C4C02AA,id=67766547-47ec-4cca-936b-6c95be71f3ba
2025-07-05 15:48:15,085 [67766547-47ec-4cca-936b-6c95be71f3ba-impl-thread1] INFO  util.JmxRegister (JmxRegister.java:register(58)) - register mxBean class org.apache.ratis.server.impl.RaftServerJmxAdapter as Ratis:service=RaftServer,group=group-C4940C4C02AA,id=67766547-47ec-4cca-936b-6c95be71f3ba
2025-07-05 15:48:15,086 [67766547-47ec-4cca-936b-6c95be71f3ba@group-C4940C4C02AA-FollowerState] INFO  server.RaftServerConfigKeys (ConfUtils.java:logGet(62)) - raft.server.rpc.first-election.timeout.min = 1000ms (custom)
2025-07-05 15:48:15,086 [67766547-47ec-4cca-936b-6c95be71f3ba@group-C4940C4C02AA-FollowerState] INFO  server.RaftServerConfigKeys (ConfUtils.java:logGet(62)) - raft.server.rpc.first-election.timeout.max = 1200ms (custom)
2025-07-05 15:48:15,088 [67766547-47ec-4cca-936b-6c95be71f3ba-impl-thread1] INFO  server.RaftServerConfigKeys (ConfUtils.java:logGet(62)) - raft.server.snapshot.trigger-when-stop.enabled = true (default)
2025-07-05 15:48:15,088 [67766547-47ec-4cca-936b-6c95be71f3ba-impl-thread1] INFO  server.RaftServerConfigKeys (ConfUtils.java:logGet(62)) - raft.server.snapshot.trigger-when-remove.enabled = true (default)
2025-07-05 15:48:15,089 [67766547-47ec-4cca-936b-6c95be71f3ba-impl-thread1] INFO  server.RaftServerConfigKeys (ConfUtils.java:logGet(62)) - raft.server.snapshot.auto.trigger.enabled = true (custom)
2025-07-05 15:48:15,089 [67766547-47ec-4cca-936b-6c95be71f3ba-impl-thread1] INFO  server.RaftServerConfigKeys (ConfUtils.java:logGet(62)) - raft.server.snapshot.auto.trigger.threshold = 1000 (custom)
2025-07-05 15:48:15,089 [67766547-47ec-4cca-936b-6c95be71f3ba-impl-thread1] INFO  server.RaftServerConfigKeys (ConfUtils.java:logGet(62)) - raft.server.snapshot.retention.file.num = -1 (default)
2025-07-05 15:48:15,090 [67766547-47ec-4cca-936b-6c95be71f3ba-impl-thread1] INFO  server.RaftServerConfigKeys (ConfUtils.java:logGet(62)) - raft.server.log.purge.upto.snapshot.index = false (default)
2025-07-05 15:48:15,094 [67766547-47ec-4cca-936b-6c95be71f3ba-impl-thread1] INFO  server.RaftServer$Division (RaftServerImpl.java:start(419)) - 67766547-47ec-4cca-936b-6c95be71f3ba@group-C4940C4C02AA: Successfully started.
2025-07-05 15:48:15,094 [main] INFO  server.RaftServer (RaftServerProxy.java:startImpl(412)) - 67766547-47ec-4cca-936b-6c95be71f3ba: start RPC server
2025-07-05 15:48:15,133 [main] INFO  server.GrpcServicesImpl (GrpcServicesImpl.java:startImpl(346)) - 67766547-47ec-4cca-936b-6c95be71f3ba: GrpcServicesImpl started, listening on 15004
2025-07-05 15:48:15,135 [JvmPauseMonitor0] INFO  util.JvmPauseMonitor (JvmPauseMonitor.java:run(146)) - JvmPauseMonitor-67766547-47ec-4cca-936b-6c95be71f3ba: Started
2025-07-05 15:48:16,139 [67766547-47ec-4cca-936b-6c95be71f3ba@group-C4940C4C02AA-FollowerState] INFO  impl.FollowerState (FollowerState.java:runImpl(161)) - 67766547-47ec-4cca-936b-6c95be71f3ba@group-C4940C4C02AA-FollowerState: change to CANDIDATE, lastRpcElapsedTime:1056595601ns, electionTimeout:1052ms
2025-07-05 15:48:16,140 [67766547-47ec-4cca-936b-6c95be71f3ba@group-C4940C4C02AA-FollowerState] INFO  impl.RoleInfo (RoleInfo.java:shutdownFollowerState(121)) - 67766547-47ec-4cca-936b-6c95be71f3ba: shutdown 67766547-47ec-4cca-936b-6c95be71f3ba@group-C4940C4C02AA-FollowerState
2025-07-05 15:48:16,140 [67766547-47ec-4cca-936b-6c95be71f3ba@group-C4940C4C02AA-FollowerState] INFO  server.RaftServer$Division (RaftServerImpl.java:setRole(392)) - 67766547-47ec-4cca-936b-6c95be71f3ba@group-C4940C4C02AA: changes role from  FOLLOWER to CANDIDATE at term 0 for changeToCandidate
2025-07-05 15:48:16,142 [67766547-47ec-4cca-936b-6c95be71f3ba@group-C4940C4C02AA-FollowerState] INFO  server.RaftServerConfigKeys (ConfUtils.java:logGet(62)) - raft.server.leaderelection.pre-vote = true (default)
2025-07-05 15:48:16,143 [67766547-47ec-4cca-936b-6c95be71f3ba@group-C4940C4C02AA-FollowerState] INFO  impl.RoleInfo (RoleInfo.java:updateAndGet(148)) - 67766547-47ec-4cca-936b-6c95be71f3ba: start 67766547-47ec-4cca-936b-6c95be71f3ba@group-C4940C4C02AA-LeaderElection1
2025-07-05 15:48:16,146 [67766547-47ec-4cca-936b-6c95be71f3ba@group-C4940C4C02AA-LeaderElection1] INFO  impl.LeaderElection (LeaderElection.java:askForVotes(448)) - 67766547-47ec-4cca-936b-6c95be71f3ba@group-C4940C4C02AA-LeaderElection1 PRE_VOTE round 0: submit vote requests at term 0 for conf: {index: -1, cur=peers:[67766547-47ec-4cca-936b-6c95be71f3ba|localhost:15004]|listeners:[], old=null}
2025-07-05 15:48:16,147 [67766547-47ec-4cca-936b-6c95be71f3ba@group-C4940C4C02AA-LeaderElection1] INFO  impl.LeaderElection (LeaderElection.java:askForVotes(450)) - 67766547-47ec-4cca-936b-6c95be71f3ba@group-C4940C4C02AA-LeaderElection1 PRE_VOTE round 0: result PASSED (term=0)
2025-07-05 15:48:16,149 [67766547-47ec-4cca-936b-6c95be71f3ba@group-C4940C4C02AA-LeaderElection1] INFO  impl.LeaderElection (LeaderElection.java:askForVotes(448)) - 67766547-47ec-4cca-936b-6c95be71f3ba@group-C4940C4C02AA-LeaderElection1 ELECTION round 0: submit vote requests at term 1 for conf: {index: -1, cur=peers:[67766547-47ec-4cca-936b-6c95be71f3ba|localhost:15004]|listeners:[], old=null}
2025-07-05 15:48:16,149 [67766547-47ec-4cca-936b-6c95be71f3ba@group-C4940C4C02AA-LeaderElection1] INFO  impl.LeaderElection (LeaderElection.java:askForVotes(450)) - 67766547-47ec-4cca-936b-6c95be71f3ba@group-C4940C4C02AA-LeaderElection1 ELECTION round 0: result PASSED (term=1)
2025-07-05 15:48:16,150 [67766547-47ec-4cca-936b-6c95be71f3ba@group-C4940C4C02AA-LeaderElection1] INFO  impl.RoleInfo (RoleInfo.java:shutdownLeaderElection(141)) - 67766547-47ec-4cca-936b-6c95be71f3ba: shutdown 67766547-47ec-4cca-936b-6c95be71f3ba@group-C4940C4C02AA-LeaderElection1
2025-07-05 15:48:16,150 [67766547-47ec-4cca-936b-6c95be71f3ba@group-C4940C4C02AA-LeaderElection1] INFO  server.RaftServer$Division (RaftServerImpl.java:setRole(392)) - 67766547-47ec-4cca-936b-6c95be71f3ba@group-C4940C4C02AA: changes role from CANDIDATE to LEADER at term 1 for changeToLeader
2025-07-05 15:48:16,153 [67766547-47ec-4cca-936b-6c95be71f3ba@group-C4940C4C02AA-LeaderElection1] INFO  server.RaftServerConfigKeys (ConfUtils.java:logGet(62)) - raft.server.staging.catchup.gap = 1000 (default)
2025-07-05 15:48:16,154 [67766547-47ec-4cca-936b-6c95be71f3ba@group-C4940C4C02AA-LeaderElection1] INFO  server.RaftServerConfigKeys (ConfUtils.java:logFallback(69)) - raft.server.staging.timeout = 15600ms (fallback to raft.server.rpc.timeout.max)
2025-07-05 15:48:16,156 [67766547-47ec-4cca-936b-6c95be71f3ba@group-C4940C4C02AA-LeaderElection1] INFO  server.RaftServerConfigKeys (ConfUtils.java:logGet(62)) - raft.server.write.element-limit = 4096 (default)
2025-07-05 15:48:16,157 [67766547-47ec-4cca-936b-6c95be71f3ba@group-C4940C4C02AA-LeaderElection1] INFO  server.RaftServerConfigKeys (ConfUtils.java:logGet(62)) - raft.server.write.byte-limit = 64MB (=67108864) (default)
2025-07-05 15:48:16,159 [67766547-47ec-4cca-936b-6c95be71f3ba@group-C4940C4C02AA-LeaderElection1] INFO  server.RaftServerConfigKeys (ConfUtils.java:logGet(62)) - raft.server.watch.timeout = 10s (default)
2025-07-05 15:48:16,159 [67766547-47ec-4cca-936b-6c95be71f3ba@group-C4940C4C02AA-LeaderElection1] INFO  server.RaftServerConfigKeys (ConfUtils.java:logGet(62)) - raft.server.watch.timeout.denomination = 1s (default)
2025-07-05 15:48:16,160 [67766547-47ec-4cca-936b-6c95be71f3ba@group-C4940C4C02AA-LeaderElection1] INFO  server.RaftServerConfigKeys (ConfUtils.java:logGet(62)) - raft.server.watch.element-limit = 65536 (default)
2025-07-05 15:48:16,165 [67766547-47ec-4cca-936b-6c95be71f3ba@group-C4940C4C02AA-LeaderElection1] INFO  server.RaftServerConfigKeys (ConfUtils.java:logGet(62)) - raft.server.read.leader.lease.enabled = false (default)
2025-07-05 15:48:16,167 [67766547-47ec-4cca-936b-6c95be71f3ba@group-C4940C4C02AA-LeaderElection1] INFO  server.RaftServerConfigKeys (ConfUtils.java:logGet(62)) - raft.server.read.leader.lease.timeout.ratio = 0.9 (default)
2025-07-05 15:48:16,167 [67766547-47ec-4cca-936b-6c95be71f3ba@group-C4940C4C02AA-LeaderElection1] INFO  server.RaftServerConfigKeys (ConfUtils.java:logGet(62)) - raft.server.log.log-metadata.enabled = false (custom)
2025-07-05 15:48:16,168 [67766547-47ec-4cca-936b-6c95be71f3ba@group-C4940C4C02AA-LeaderElection1] INFO  server.RaftServerConfigKeys (ConfUtils.java:logGet(62)) - raft.server.write.follower.gap.ratio.max = -1.0 (default)
2025-07-05 15:48:16,169 [67766547-47ec-4cca-936b-6c95be71f3ba@group-C4940C4C02AA-LeaderElection1] INFO  impl.RoleInfo (RoleInfo.java:updateAndGet(148)) - 67766547-47ec-4cca-936b-6c95be71f3ba: start 67766547-47ec-4cca-936b-6c95be71f3ba@group-C4940C4C02AA-LeaderStateImpl
2025-07-05 15:48:16,169 [67766547-47ec-4cca-936b-6c95be71f3ba@group-C4940C4C02AA-LeaderElection1] INFO  server.RaftServer$Division (RaftServerImpl.java:setFirstElection(576)) - 67766547-47ec-4cca-936b-6c95be71f3ba@group-C4940C4C02AA: set firstElectionSinceStartup to false for becomeLeader
2025-07-05 15:48:16,169 [67766547-47ec-4cca-936b-6c95be71f3ba@group-C4940C4C02AA-LeaderElection1] INFO  server.RaftServer$Division (ServerState.java:setLeader(272)) - 67766547-47ec-4cca-936b-6c95be71f3ba@group-C4940C4C02AA: change Leader from null to 67766547-47ec-4cca-936b-6c95be71f3ba at term 1 for becomeLeader, leader elected after 1312ms
2025-07-05 15:48:16,186 [67766547-47ec-4cca-936b-6c95be71f3ba@group-C4940C4C02AA-LeaderElection1] INFO  segmented.SegmentedRaftLogWorker (SegmentedRaftLogWorker.java:startLogSegment(440)) - 67766547-47ec-4cca-936b-6c95be71f3ba@group-C4940C4C02AA-SegmentedRaftLogWorker: Starting segment from index:0
2025-07-05 15:48:16,202 [67766547-47ec-4cca-936b-6c95be71f3ba@group-C4940C4C02AA-LeaderElection1] INFO  server.RaftServer$Division (ServerState.java:setRaftConf(386)) - 67766547-47ec-4cca-936b-6c95be71f3ba@group-C4940C4C02AA: set configuration conf: {index: 0, cur=peers:[67766547-47ec-4cca-936b-6c95be71f3ba|localhost:15004]|listeners:[], old=null}
2025-07-05 15:48:16,214 [67766547-47ec-4cca-936b-6c95be71f3ba@group-C4940C4C02AA-SegmentedRaftLogWorker] INFO  segmented.BufferedWriteChannel (BufferedWriteChannel.java:open(61)) - open log_inprogress_0 at position 0
2025-07-05 15:48:16,225 [67766547-47ec-4cca-936b-6c95be71f3ba@group-C4940C4C02AA-SegmentedRaftLogWorker] INFO  segmented.SegmentedRaftLogWorker (SegmentedRaftLogWorker.java:execute(647)) - 67766547-47ec-4cca-936b-6c95be71f3ba@group-C4940C4C02AA-SegmentedRaftLogWorker: created new log segment /home/runner/work/ozone/ozone/hadoop-ozone/integration-test/target/test-dir/MiniOzoneClusterImpl-0a3c97a5-d59a-4532-afef-c4940c4c02aa/ozone-meta/scm-ha/0a3c97a5-d59a-4532-afef-c4940c4c02aa/current/log_inprogress_0
2025-07-05 15:48:16,236 [67766547-47ec-4cca-936b-6c95be71f3ba@group-C4940C4C02AA-StateMachineUpdater] INFO  server.RaftServer$Division (LeaderStateImpl.java:checkStartIndex(309)) - Leader 67766547-47ec-4cca-936b-6c95be71f3ba@group-C4940C4C02AA-LeaderStateImpl is ready since appliedIndex == startIndex == 0
2025-07-05 15:48:17,136 [main] INFO  server.RaftServer (RaftServerProxy.java:lambda$close$9(422)) - 67766547-47ec-4cca-936b-6c95be71f3ba: close
2025-07-05 15:48:17,137 [main] INFO  server.GrpcServicesImpl (GrpcServicesImpl.java:closeImpl(355)) - 67766547-47ec-4cca-936b-6c95be71f3ba: shutdown server GrpcServerProtocolService now
2025-07-05 15:48:17,137 [67766547-47ec-4cca-936b-6c95be71f3ba-impl-thread1] INFO  server.RaftServer$Division (RaftServerImpl.java:lambda$close$1(527)) - 67766547-47ec-4cca-936b-6c95be71f3ba@group-C4940C4C02AA: shutdown
2025-07-05 15:48:17,138 [67766547-47ec-4cca-936b-6c95be71f3ba-impl-thread1] INFO  util.JmxRegister (JmxRegister.java:unregister(74)) - Successfully un-registered JMX Bean with object name Ratis:service=RaftServer,group=group-C4940C4C02AA,id=67766547-47ec-4cca-936b-6c95be71f3ba
2025-07-05 15:48:17,138 [67766547-47ec-4cca-936b-6c95be71f3ba-impl-thread1] INFO  impl.RoleInfo (RoleInfo.java:shutdownLeaderState(103)) - 67766547-47ec-4cca-936b-6c95be71f3ba: shutdown 67766547-47ec-4cca-936b-6c95be71f3ba@group-C4940C4C02AA-LeaderStateImpl
2025-07-05 15:48:17,142 [67766547-47ec-4cca-936b-6c95be71f3ba-impl-thread1] INFO  impl.PendingRequests (PendingRequests.java:sendNotLeaderResponses(287)) - 67766547-47ec-4cca-936b-6c95be71f3ba@group-C4940C4C02AA-PendingRequests: sendNotLeaderResponses
2025-07-05 15:48:17,144 [main] INFO  server.GrpcServicesImpl (GrpcServicesImpl.java:closeImpl(364)) - 67766547-47ec-4cca-936b-6c95be71f3ba: shutdown server GrpcServerProtocolService successfully
2025-07-05 15:48:17,144 [67766547-47ec-4cca-936b-6c95be71f3ba-impl-thread1] INFO  impl.StateMachineUpdater (StateMachineUpdater.java:stopAndJoin(163)) - 67766547-47ec-4cca-936b-6c95be71f3ba@group-C4940C4C02AA-StateMachineUpdater: set stopIndex = 0
2025-07-05 15:48:17,145 [67766547-47ec-4cca-936b-6c95be71f3ba@group-C4940C4C02AA-StateMachineUpdater] INFO  impl.StateMachineUpdater (StateMachineUpdater.java:takeSnapshot(307)) - 67766547-47ec-4cca-936b-6c95be71f3ba@group-C4940C4C02AA-StateMachineUpdater: Took a snapshot at index 0
2025-07-05 15:48:17,145 [67766547-47ec-4cca-936b-6c95be71f3ba@group-C4940C4C02AA-StateMachineUpdater] INFO  impl.StateMachineUpdater (StateMachineUpdater.java:lambda$new$0(101)) - 67766547-47ec-4cca-936b-6c95be71f3ba@group-C4940C4C02AA-StateMachineUpdater: snapshotIndex: updateIncreasingly -1 -> 0
2025-07-05 15:48:17,146 [67766547-47ec-4cca-936b-6c95be71f3ba@group-C4940C4C02AA-StateMachineUpdater] INFO  impl.StateMachineUpdater (StateMachineUpdater.java:stop(140)) - 67766547-47ec-4cca-936b-6c95be71f3ba@group-C4940C4C02AA-StateMachineUpdater: closing SCMStateMachine, lastApplied=(t:1, i:0)
2025-07-05 15:48:17,147 [67766547-47ec-4cca-936b-6c95be71f3ba@group-C4940C4C02AA-cacheEviction-AwaitToRun] INFO  util.AwaitToRun (AwaitToRun.java:run(49)) - 67766547-47ec-4cca-936b-6c95be71f3ba@group-C4940C4C02AA-cacheEviction-AwaitToRun-AwaitForSignal is interrupted
2025-07-05 15:48:17,231 [67766547-47ec-4cca-936b-6c95be71f3ba-impl-thread1] INFO  segmented.SegmentedRaftLogWorker (SegmentedRaftLogWorker.java:close(254)) - 67766547-47ec-4cca-936b-6c95be71f3ba@group-C4940C4C02AA-SegmentedRaftLogWorker close()
2025-07-05 15:48:17,236 [JvmPauseMonitor0] INFO  util.JvmPauseMonitor (JvmPauseMonitor.java:run(152)) - JvmPauseMonitor-67766547-47ec-4cca-936b-6c95be71f3ba: Stopped
2025-07-05 15:48:17,277 [main] WARN  server.ServerUtils (ServerUtils.java:getScmDbDir(138)) - ozone.scm.db.dirs is not configured. We recommend adding this setting. Falling back to ozone.metadata.dirs instead.
2025-07-05 15:48:17,279 [main] INFO  ha.SCMHANodeDetails (SCMHANodeDetails.java:loadSCMHAConfig(162)) - ServiceID for StorageContainerManager is null
2025-07-05 15:48:17,279 [main] INFO  ha.SCMHANodeDetails (SCMHANodeDetails.java:loadSCMHAConfig(166)) - ozone.scm.default.service.id is not defined, falling back to ozone.scm.service.ids to find serviceID for StorageContainerManager if it is HA enabled cluster
2025-07-05 15:48:17,739 [main] WARN  utils.HAUtils (HAUtils.java:getMetaDir(311)) - ozone.scm.db.dirs is not configured. We recommend adding this setting. Falling back to ozone.metadata.dirs instead.
2025-07-05 15:48:17,840 [main] WARN  db.DBStoreBuilder (DBStoreBuilder.java:getDBDirPath(158)) - ozone.scm.db.dirs is not configured. We recommend adding this setting. Falling back to ozone.metadata.dirs instead.
2025-07-05 15:48:17,989 [main] INFO  net.NodeSchemaLoader (NodeSchemaLoader.java:loadSchemaFromFile(128)) - Loading schema from [jar:file:/home/runner/work/ozone/ozone/hadoop-hdds/common/target/hdds-common-2.1.0-SNAPSHOT.jar!/network-topology-default.xml]
2025-07-05 15:48:17,990 [main] INFO  net.NodeSchemaLoader (NodeSchemaLoader.java:loadSchema(175)) - Loading network topology layer schema file
2025-07-05 15:48:18,076 [main] INFO  ha.SCMRatisServerImpl (SCMRatisServerImpl.java:<init>(100)) - starting Raft server for scm:67766547-47ec-4cca-936b-6c95be71f3ba
2025-07-05 15:48:18,079 [main] INFO  server.RaftServerConfigKeys (ConfUtils.java:logGet(62)) - raft.server.log.appender.buffer.byte-limit = 4194304 (custom)
2025-07-05 15:48:18,082 [main] INFO  grpc.GrpcConfigKeys (ConfUtils.java:logFallback(69)) - raft.grpc.admin.host = null (fallback to raft.grpc.server.host)
2025-07-05 15:48:18,082 [main] INFO  grpc.GrpcConfigKeys (ConfUtils.java:logFallback(69)) - raft.grpc.admin.port = 15004 (fallback to raft.grpc.server.port)
2025-07-05 15:48:18,082 [main] INFO  grpc.GrpcConfigKeys (ConfUtils.java:logFallback(69)) - raft.grpc.client.host = null (fallback to raft.grpc.server.host)
2025-07-05 15:48:18,082 [main] INFO  grpc.GrpcConfigKeys (ConfUtils.java:logFallback(69)) - raft.grpc.client.port = 15004 (fallback to raft.grpc.server.port)
2025-07-05 15:48:18,082 [main] INFO  server.GrpcServicesImpl (ConfUtils.java:logGet(62)) - raft.grpc.message.size.max = 5242880 (custom)
2025-07-05 15:48:18,083 [main] INFO  server.RaftServerConfigKeys (ConfUtils.java:logGet(62)) - raft.server.log.appender.buffer.byte-limit = 4194304 (custom)
2025-07-05 15:48:18,084 [67766547-47ec-4cca-936b-6c95be71f3ba-impl-thread1] INFO  server.RaftServer (RaftServerProxy.java:initGroupDir(270)) - 67766547-47ec-4cca-936b-6c95be71f3ba: found a subdirectory /home/runner/work/ozone/ozone/hadoop-ozone/integration-test/target/test-dir/MiniOzoneClusterImpl-0a3c97a5-d59a-4532-afef-c4940c4c02aa/ozone-meta/scm-ha/0a3c97a5-d59a-4532-afef-c4940c4c02aa
2025-07-05 15:48:18,085 [main] INFO  server.RaftServer (RaftServerProxy.java:addNew(105)) - 67766547-47ec-4cca-936b-6c95be71f3ba: addNew group-C4940C4C02AA:[] returns group-C4940C4C02AA:java.util.concurrent.CompletableFuture@547aaa32[Not completed]
2025-07-05 15:48:18,087 [67766547-47ec-4cca-936b-6c95be71f3ba-groupManagement] INFO  server.RaftServer$Division (RaftServerImpl.java:<init>(268)) - 67766547-47ec-4cca-936b-6c95be71f3ba: new RaftServerImpl for group-C4940C4C02AA:[] with SCMStateMachine:uninitialized
2025-07-05 15:48:18,087 [67766547-47ec-4cca-936b-6c95be71f3ba-groupManagement] INFO  server.RaftServer$Division (ServerState.java:<init>(114)) - 67766547-47ec-4cca-936b-6c95be71f3ba@group-C4940C4C02AA: ConfigurationManager, init=conf: {index: -1, cur=peers:[]|listeners:[], old=null}, confs=<EMPTY_MAP>
2025-07-05 15:48:18,096 [main] INFO  ha.SCMSnapshotProvider (SCMSnapshotProvider.java:<init>(61)) - Initializing SCM Snapshot Provider
2025-07-05 15:48:18,096 [main] WARN  server.ServerUtils (ServerUtils.java:getDefaultRatisDirectory(304)) - Storage directory for Ratis is not configured. It is a good idea to map this to an SSD disk. Falling back to ozone.metadata.dirs
2025-07-05 15:48:18,096 [main] WARN  ha.SCMHAUtils (SCMHAUtils.java:getSCMRatisSnapshotDirectory(120)) - SCM snapshot dir is not configured. Falling back to ozone.metadata.dirs config
2025-07-05 15:48:18,118 [main] INFO  upgrade.AbstractLayoutVersionManager (AbstractLayoutVersionManager.java:init(80)) - Initializing Layout version manager with metadata layout = HBASE_SUPPORT (version = 8), software layout = HBASE_SUPPORT (version = 8)
2025-07-05 15:48:18,141 [main] INFO  ha.SequenceIdGenerator (SequenceIdGenerator.java:upgradeToSequenceId(353)) - upgrade localId to 115816896921600000
2025-07-05 15:48:18,142 [main] INFO  ha.SequenceIdGenerator (SequenceIdGenerator.java:upgradeToSequenceId(363)) - upgrade delTxnId to 0
2025-07-05 15:48:18,148 [main] INFO  ha.SequenceIdGenerator (SequenceIdGenerator.java:upgradeToSequenceId(379)) - upgrade containerId to 0
2025-07-05 15:48:18,151 [main] INFO  ha.SequenceIdGenerator (SequenceIdGenerator.java:upgradeToCertificateSequenceId(414)) - upgrade CertificateId to 2
2025-07-05 15:48:18,153 [main] INFO  ha.SequenceIdGenerator (SequenceIdGenerator.java:<init>(231)) - Init the HA SequenceIdGenerator.
2025-07-05 15:48:18,194 [main] INFO  node.SCMNodeManager (SCMNodeManager.java:<init>(180)) - Entering startup safe mode.
2025-07-05 15:48:18,206 [main] INFO  algorithms.ContainerPlacementPolicyFactory (ContainerPlacementPolicyFactory.java:getPolicyInternal(83)) - Create container placement policy of type org.apache.hadoop.hdds.scm.container.placement.algorithms.SCMContainerPlacementRackAware
2025-07-05 15:48:18,211 [main] INFO  algorithms.ContainerPlacementPolicyFactory (ContainerPlacementPolicyFactory.java:getPolicyInternal(83)) - Create container placement policy of type org.apache.hadoop.hdds.scm.container.placement.algorithms.SCMContainerPlacementRackScatter
2025-07-05 15:48:18,219 [main] INFO  pipeline.PipelineStateManagerImpl (PipelineStateManagerImpl.java:initialize(75)) - No pipeline exists in current db
2025-07-05 15:48:18,230 [main] INFO  algorithms.LeaderChoosePolicyFactory (LeaderChoosePolicyFactory.java:getPolicy(55)) - Create leader choose policy of type org.apache.hadoop.hdds.scm.pipeline.leader.choose.algorithms.MinLeaderCountChoosePolicy
2025-07-05 15:48:18,231 [main] INFO  algorithms.ContainerPlacementPolicyFactory (ContainerPlacementPolicyFactory.java:getPolicyInternal(83)) - Create container placement policy of type org.apache.hadoop.hdds.scm.container.placement.algorithms.SCMContainerPlacementRackScatter
2025-07-05 15:48:18,238 [main] INFO  ha.SCMServiceManager (SCMServiceManager.java:register(42)) - Registering service BackgroundPipelineCreator.
2025-07-05 15:48:18,238 [main] INFO  pipeline.BackgroundPipelineCreator (BackgroundPipelineCreator.java:start(126)) - Starting RatisPipelineUtilsThread.
2025-07-05 15:48:18,240 [main] INFO  BackgroundPipelineScrubber (BackgroundSCMService.java:start(64)) - Starting BackgroundPipelineScrubber Service.
2025-07-05 15:48:18,241 [main] INFO  ha.SCMServiceManager (SCMServiceManager.java:register(42)) - Registering service BackgroundPipelineScrubber.
2025-07-05 15:48:18,245 [main] INFO  ExpiredContainerReplicaOpScrubber (BackgroundSCMService.java:start(64)) - Starting ExpiredContainerReplicaOpScrubber Service.
2025-07-05 15:48:18,246 [main] INFO  ha.SCMServiceManager (SCMServiceManager.java:register(42)) - Registering service ExpiredContainerReplicaOpScrubber.
2025-07-05 15:48:18,270 [main] INFO  algorithms.PipelineChoosePolicyFactory (PipelineChoosePolicyFactory.java:createPipelineChoosePolicyFromClass(78)) - Create pipeline choose policy of type org.apache.hadoop.hdds.scm.pipeline.choose.algorithms.RandomPipelineChoosePolicy
2025-07-05 15:48:18,270 [main] INFO  algorithms.PipelineChoosePolicyFactory (PipelineChoosePolicyFactory.java:createPipelineChoosePolicyFromClass(78)) - Create pipeline choose policy of type org.apache.hadoop.hdds.scm.pipeline.choose.algorithms.RandomPipelineChoosePolicy
2025-07-05 15:48:18,299 [main] WARN  statemachine.DatanodeConfiguration (DatanodeConfiguration.java:validateMinFreeSpace(751)) - hdds.datanode.volume.min.free.space.percent = -1.0 is invalid, should be between 0 and 1
2025-07-05 15:48:18,300 [main] INFO  ha.SCMServiceManager (SCMServiceManager.java:register(42)) - Registering service SCMBlockDeletingService.
2025-07-05 15:48:18,344 [main] INFO  replication.ReplicationManager (ReplicationManager.java:start(285)) - Starting Replication Monitor Thread.
2025-07-05 15:48:18,345 [main] INFO  ha.SCMServiceManager (SCMServiceManager.java:register(42)) - Registering service ReplicationManager.
2025-07-05 15:48:18,354 [main] INFO  safemode.RatisContainerSafeModeRule (RatisContainerSafeModeRule.java:initializeRule(160)) - Refreshed Containers with one replica threshold count 0.
2025-07-05 15:48:18,356 [main] INFO  safemode.ECContainerSafeModeRule (ECContainerSafeModeRule.java:initializeRule(205)) - Refreshed Containers with ec n replica threshold count 0.
2025-07-05 15:48:18,360 [main] INFO  safemode.HealthyPipelineSafeModeRule (HealthyPipelineSafeModeRule.java:initializeRule(232)) - Total pipeline count is 0, healthy pipeline threshold count is 1
2025-07-05 15:48:18,362 [main] INFO  safemode.OneReplicaPipelineSafeModeRule (OneReplicaPipelineSafeModeRule.java:initializeRule(190)) - Total pipeline count is 0, pipeline's with at least one datanode reported threshold count is 0
2025-07-05 15:48:18,424 [main] INFO  server.StorageContainerManager (StorageContainerManager.java:<init>(433)) - SCM start with adminUsers: [admin, runner]
2025-07-05 15:48:18,618 [main] INFO  audit.AuditLogger (AuditLogger.java:refreshDebugCmdSet(133)) - Refresh DebugCmdSet for SCMAudit to [].
2025-07-05 15:48:18,637 [main] INFO  ipc.CallQueueManager (CallQueueManager.java:<init>(93)) - Using callQueue: class java.util.concurrent.LinkedBlockingQueue, queueCapacity: 10000, scheduler: class org.apache.hadoop.ipc.DefaultRpcScheduler, ipcBackoff: false, ipcFailOver: false.
2025-07-05 15:48:18,656 [main] INFO  ipc.Server (Server.java:<init>(1438)) - Listener at 0.0.0.0:15002
2025-07-05 15:48:18,657 [Socket Reader #1 for port 15002] INFO  ipc.Server (Server.java:run(1474)) - Starting Socket Reader #1 for port 15002
2025-07-05 15:48:18,657 [Socket Reader #2 for port 15002] INFO  ipc.Server (Server.java:run(1474)) - Starting Socket Reader #2 for port 15002
2025-07-05 15:48:18,658 [Socket Reader #3 for port 15002] INFO  ipc.Server (Server.java:run(1474)) - Starting Socket Reader #3 for port 15002
2025-07-05 15:48:18,659 [Socket Reader #5 for port 15002] INFO  ipc.Server (Server.java:run(1474)) - Starting Socket Reader #5 for port 15002
2025-07-05 15:48:18,659 [Socket Reader #6 for port 15002] INFO  ipc.Server (Server.java:run(1474)) - Starting Socket Reader #6 for port 15002
2025-07-05 15:48:18,660 [Socket Reader #7 for port 15002] INFO  ipc.Server (Server.java:run(1474)) - Starting Socket Reader #7 for port 15002
2025-07-05 15:48:18,661 [Socket Reader #4 for port 15002] INFO  ipc.Server (Server.java:run(1474)) - Starting Socket Reader #4 for port 15002
2025-07-05 15:48:18,661 [Socket Reader #8 for port 15002] INFO  ipc.Server (Server.java:run(1474)) - Starting Socket Reader #8 for port 15002
2025-07-05 15:48:18,662 [Socket Reader #9 for port 15002] INFO  ipc.Server (Server.java:run(1474)) - Starting Socket Reader #9 for port 15002
2025-07-05 15:48:18,662 [Socket Reader #10 for port 15002] INFO  ipc.Server (Server.java:run(1474)) - Starting Socket Reader #10 for port 15002
2025-07-05 15:48:18,696 [main] INFO  audit.AuditLogger (AuditLogger.java:refreshDebugCmdSet(133)) - Refresh DebugCmdSet for SCMAudit to [].
2025-07-05 15:48:18,701 [main] INFO  ipc.CallQueueManager (CallQueueManager.java:<init>(93)) - Using callQueue: class java.util.concurrent.LinkedBlockingQueue, queueCapacity: 10000, scheduler: class org.apache.hadoop.ipc.DefaultRpcScheduler, ipcBackoff: false, ipcFailOver: false.
2025-07-05 15:48:18,701 [main] INFO  ipc.Server (Server.java:<init>(1438)) - Listener at 0.0.0.0:15001
2025-07-05 15:48:18,702 [Socket Reader #1 for port 15001] INFO  ipc.Server (Server.java:run(1474)) - Starting Socket Reader #1 for port 15001
2025-07-05 15:48:18,703 [Socket Reader #2 for port 15001] INFO  ipc.Server (Server.java:run(1474)) - Starting Socket Reader #2 for port 15001
2025-07-05 15:48:18,703 [Socket Reader #3 for port 15001] INFO  ipc.Server (Server.java:run(1474)) - Starting Socket Reader #3 for port 15001
2025-07-05 15:48:18,704 [Socket Reader #4 for port 15001] INFO  ipc.Server (Server.java:run(1474)) - Starting Socket Reader #4 for port 15001
2025-07-05 15:48:18,704 [Socket Reader #5 for port 15001] INFO  ipc.Server (Server.java:run(1474)) - Starting Socket Reader #5 for port 15001
2025-07-05 15:48:18,704 [Socket Reader #6 for port 15001] INFO  ipc.Server (Server.java:run(1474)) - Starting Socket Reader #6 for port 15001
2025-07-05 15:48:18,705 [Socket Reader #7 for port 15001] INFO  ipc.Server (Server.java:run(1474)) - Starting Socket Reader #7 for port 15001
2025-07-05 15:48:18,705 [Socket Reader #8 for port 15001] INFO  ipc.Server (Server.java:run(1474)) - Starting Socket Reader #8 for port 15001
2025-07-05 15:48:18,706 [Socket Reader #9 for port 15001] INFO  ipc.Server (Server.java:run(1474)) - Starting Socket Reader #9 for port 15001
2025-07-05 15:48:18,706 [Socket Reader #10 for port 15001] INFO  ipc.Server (Server.java:run(1474)) - Starting Socket Reader #10 for port 15001
2025-07-05 15:48:18,732 [main] INFO  audit.AuditLogger (AuditLogger.java:refreshDebugCmdSet(133)) - Refresh DebugCmdSet for SCMAudit to [].
2025-07-05 15:48:18,740 [main] INFO  ipc.CallQueueManager (CallQueueManager.java:<init>(93)) - Using callQueue: class java.util.concurrent.LinkedBlockingQueue, queueCapacity: 10000, scheduler: class org.apache.hadoop.ipc.DefaultRpcScheduler, ipcBackoff: false, ipcFailOver: false.
2025-07-05 15:48:18,741 [main] INFO  ipc.Server (Server.java:<init>(1438)) - Listener at 0.0.0.0:15000
2025-07-05 15:48:18,741 [Socket Reader #1 for port 15000] INFO  ipc.Server (Server.java:run(1474)) - Starting Socket Reader #1 for port 15000
2025-07-05 15:48:18,742 [Socket Reader #2 for port 15000] INFO  ipc.Server (Server.java:run(1474)) - Starting Socket Reader #2 for port 15000
2025-07-05 15:48:18,742 [Socket Reader #3 for port 15000] INFO  ipc.Server (Server.java:run(1474)) - Starting Socket Reader #3 for port 15000
2025-07-05 15:48:18,743 [Socket Reader #4 for port 15000] INFO  ipc.Server (Server.java:run(1474)) - Starting Socket Reader #4 for port 15000
2025-07-05 15:48:18,743 [Socket Reader #5 for port 15000] INFO  ipc.Server (Server.java:run(1474)) - Starting Socket Reader #5 for port 15000
2025-07-05 15:48:18,743 [Socket Reader #6 for port 15000] INFO  ipc.Server (Server.java:run(1474)) - Starting Socket Reader #6 for port 15000
2025-07-05 15:48:18,744 [Socket Reader #7 for port 15000] INFO  ipc.Server (Server.java:run(1474)) - Starting Socket Reader #7 for port 15000
2025-07-05 15:48:18,744 [Socket Reader #8 for port 15000] INFO  ipc.Server (Server.java:run(1474)) - Starting Socket Reader #8 for port 15000
2025-07-05 15:48:18,745 [Socket Reader #9 for port 15000] INFO  ipc.Server (Server.java:run(1474)) - Starting Socket Reader #9 for port 15000
2025-07-05 15:48:18,745 [Socket Reader #10 for port 15000] INFO  ipc.Server (Server.java:run(1474)) - Starting Socket Reader #10 for port 15000
2025-07-05 15:48:18,791 [main] INFO  ha.SCMServiceManager (SCMServiceManager.java:register(42)) - Registering service ContainerBalancer.
2025-07-05 15:48:18,792 [main] INFO  ha.SCMContext (SCMContext.java:updateSafeModeStatus(224)) - Update SafeModeStatus from SafeModeStatus{safeModeStatus=true, preCheckPassed=false} to SafeModeStatus{safeModeStatus=true, preCheckPassed=false}.
2025-07-05 15:48:18,803 [main] INFO  server.StorageContainerManager (StorageContainerManager.java:start(1513)) - StorageContainerLocationProtocol RPC server is listening at /0.0.0.0:15000
2025-07-05 15:48:18,804 [main] INFO  ha.SCMRatisServerImpl (SCMRatisServerImpl.java:start(203)) - starting ratis server 0.0.0.0:15004
2025-07-05 15:48:18,807 [67766547-47ec-4cca-936b-6c95be71f3ba-impl-thread1] INFO  storage.RaftStorageDirectory (RaftStorageDirectoryImpl.java:tryLock(229)) - Lock on /home/runner/work/ozone/ozone/hadoop-ozone/integration-test/target/test-dir/MiniOzoneClusterImpl-0a3c97a5-d59a-4532-afef-c4940c4c02aa/ozone-meta/scm-ha/0a3c97a5-d59a-4532-afef-c4940c4c02aa/in_use.lock acquired by nodename 44235@localhost
2025-07-05 15:48:18,809 [67766547-47ec-4cca-936b-6c95be71f3ba-impl-thread1] INFO  storage.RaftStorage (RaftStorageImpl.java:analyzeAndRecoverStorage(118)) - Read RaftStorageMetadata{term=1, votedFor=67766547-47ec-4cca-936b-6c95be71f3ba} from /home/runner/work/ozone/ozone/hadoop-ozone/integration-test/target/test-dir/MiniOzoneClusterImpl-0a3c97a5-d59a-4532-afef-c4940c4c02aa/ozone-meta/scm-ha/0a3c97a5-d59a-4532-afef-c4940c4c02aa/current/raft-meta
2025-07-05 15:48:18,812 [67766547-47ec-4cca-936b-6c95be71f3ba-impl-thread1] INFO  server.RaftServer$Division (ServerState.java:setRaftConf(386)) - 67766547-47ec-4cca-936b-6c95be71f3ba@group-C4940C4C02AA: set configuration conf: {index: 0, cur=peers:[67766547-47ec-4cca-936b-6c95be71f3ba|localhost:15004]|listeners:[], old=null}
2025-07-05 15:48:18,812 [67766547-47ec-4cca-936b-6c95be71f3ba-impl-thread1] INFO  ha.SCMStateMachine (SCMStateMachine.java:lambda$initialize$0(135)) - 67766547-47ec-4cca-936b-6c95be71f3ba: initialize group-C4940C4C02AA
2025-07-05 15:48:18,812 [67766547-47ec-4cca-936b-6c95be71f3ba-impl-thread1] INFO  server.RaftServerConfigKeys (ConfUtils.java:logGet(62)) - raft.server.log.appender.buffer.byte-limit = 4194304 (custom)
2025-07-05 15:48:18,814 [67766547-47ec-4cca-936b-6c95be71f3ba-impl-thread1] INFO  server.RaftServerConfigKeys (ConfUtils.java:logGet(62)) - raft.server.log.segment.size.max = 4194304 (custom)
2025-07-05 15:48:18,815 [67766547-47ec-4cca-936b-6c95be71f3ba-impl-thread1] INFO  server.RaftServerConfigKeys (ConfUtils.java:logGet(62)) - raft.server.log.appender.buffer.byte-limit = 4194304 (custom)
2025-07-05 15:48:18,815 [67766547-47ec-4cca-936b-6c95be71f3ba-impl-thread1] INFO  util.AwaitToRun (AwaitToRun.java:start(81)) - Thread[#112,67766547-47ec-4cca-936b-6c95be71f3ba@group-C4940C4C02AA-cacheEviction-AwaitToRun,5,main] started
2025-07-05 15:48:18,815 [67766547-47ec-4cca-936b-6c95be71f3ba-impl-thread1] INFO  segmented.SegmentedRaftLogWorker (SegmentedRaftLogWorker.java:<init>(190)) - new 67766547-47ec-4cca-936b-6c95be71f3ba@group-C4940C4C02AA-SegmentedRaftLogWorker for RaftStorageImpl:Storage Directory /home/runner/work/ozone/ozone/hadoop-ozone/integration-test/target/test-dir/MiniOzoneClusterImpl-0a3c97a5-d59a-4532-afef-c4940c4c02aa/ozone-meta/scm-ha/0a3c97a5-d59a-4532-afef-c4940c4c02aa
2025-07-05 15:48:18,816 [67766547-47ec-4cca-936b-6c95be71f3ba-impl-thread1] INFO  server.RaftServerConfigKeys (ConfUtils.java:logGet(62)) - raft.server.log.segment.size.max = 4194304 (custom)
2025-07-05 15:48:18,816 [67766547-47ec-4cca-936b-6c95be71f3ba-impl-thread1] INFO  server.RaftServerConfigKeys (ConfUtils.java:logGet(62)) - raft.server.log.preallocated.size = 4194304 (custom)
2025-07-05 15:48:18,816 [67766547-47ec-4cca-936b-6c95be71f3ba-impl-thread1] INFO  server.RaftServerConfigKeys (ConfUtils.java:logGet(62)) - raft.server.log.write.buffer.size = 4194312 (custom)
2025-07-05 15:48:18,818 [67766547-47ec-4cca-936b-6c95be71f3ba-impl-thread1] INFO  server.RaftServerConfigKeys (ConfUtils.java:logGet(62)) - raft.server.log.appender.buffer.byte-limit = 4194304 (custom)
2025-07-05 15:48:18,824 [67766547-47ec-4cca-936b-6c95be71f3ba-impl-thread1] INFO  server.RaftServer$Division (ServerState.java:setRaftConf(386)) - 67766547-47ec-4cca-936b-6c95be71f3ba@group-C4940C4C02AA: set configuration conf: {index: 0, cur=peers:[67766547-47ec-4cca-936b-6c95be71f3ba|localhost:15004]|listeners:[], old=null}
2025-07-05 15:48:18,824 [67766547-47ec-4cca-936b-6c95be71f3ba-impl-thread1] INFO  segmented.LogSegment (LogSegment.java:loadSegment(171)) - Successfully read 1 entries from segment file /home/runner/work/ozone/ozone/hadoop-ozone/integration-test/target/test-dir/MiniOzoneClusterImpl-0a3c97a5-d59a-4532-afef-c4940c4c02aa/ozone-meta/scm-ha/0a3c97a5-d59a-4532-afef-c4940c4c02aa/current/log_inprogress_0
2025-07-05 15:48:18,824 [67766547-47ec-4cca-936b-6c95be71f3ba-impl-thread1] INFO  segmented.SegmentedRaftLogWorker (SegmentedRaftLogWorker.java:lambda$new$0(141)) - 67766547-47ec-4cca-936b-6c95be71f3ba@group-C4940C4C02AA-SegmentedRaftLogWorker: safeCacheEvictIndex: setUnconditionally 0 -> -1
2025-07-05 15:48:18,825 [67766547-47ec-4cca-936b-6c95be71f3ba-impl-thread1] INFO  segmented.BufferedWriteChannel (BufferedWriteChannel.java:open(61)) - open log_inprogress_0 (append) at position 76
2025-07-05 15:48:18,825 [67766547-47ec-4cca-936b-6c95be71f3ba-impl-thread1] INFO  server.RaftServer$Division (RaftServerImpl.java:start(405)) - 67766547-47ec-4cca-936b-6c95be71f3ba@group-C4940C4C02AA: start as a follower, conf=conf: {index: 0, cur=peers:[67766547-47ec-4cca-936b-6c95be71f3ba|localhost:15004]|listeners:[], old=null}
2025-07-05 15:48:18,825 [67766547-47ec-4cca-936b-6c95be71f3ba-impl-thread1] INFO  server.RaftServer$Division (RaftServerImpl.java:setRole(392)) - 67766547-47ec-4cca-936b-6c95be71f3ba@group-C4940C4C02AA: changes role from      null to FOLLOWER at term 1 for startAsFollower
2025-07-05 15:48:18,825 [67766547-47ec-4cca-936b-6c95be71f3ba-impl-thread1] INFO  impl.RoleInfo (RoleInfo.java:updateAndGet(148)) - 67766547-47ec-4cca-936b-6c95be71f3ba: start 67766547-47ec-4cca-936b-6c95be71f3ba@group-C4940C4C02AA-FollowerState
2025-07-05 15:48:18,826 [67766547-47ec-4cca-936b-6c95be71f3ba-impl-thread1] INFO  util.JmxRegister (JmxRegister.java:tryRegister(44)) - Successfully registered JMX Bean with object name Ratis:service=RaftServer,group=group-C4940C4C02AA,id=67766547-47ec-4cca-936b-6c95be71f3ba
2025-07-05 15:48:18,827 [67766547-47ec-4cca-936b-6c95be71f3ba-impl-thread1] INFO  util.JmxRegister (JmxRegister.java:register(58)) - register mxBean class org.apache.ratis.server.impl.RaftServerJmxAdapter as Ratis:service=RaftServer,group=group-C4940C4C02AA,id=67766547-47ec-4cca-936b-6c95be71f3ba
2025-07-05 15:48:18,828 [67766547-47ec-4cca-936b-6c95be71f3ba-impl-thread1] INFO  server.RaftServer$Division (RaftServerImpl.java:start(419)) - 67766547-47ec-4cca-936b-6c95be71f3ba@group-C4940C4C02AA: Successfully started.
2025-07-05 15:48:18,828 [main] INFO  server.RaftServer (RaftServerProxy.java:startImpl(412)) - 67766547-47ec-4cca-936b-6c95be71f3ba: start RPC server
2025-07-05 15:48:18,829 [main] INFO  server.GrpcServicesImpl (GrpcServicesImpl.java:startImpl(346)) - 67766547-47ec-4cca-936b-6c95be71f3ba: GrpcServicesImpl started, listening on 15004
2025-07-05 15:48:18,831 [JvmPauseMonitor1] INFO  util.JvmPauseMonitor (JvmPauseMonitor.java:run(146)) - JvmPauseMonitor-67766547-47ec-4cca-936b-6c95be71f3ba: Started
2025-07-05 15:48:18,839 [main] INFO  ha.SCMHAManagerImpl (SCMHAManagerImpl.java:start(131)) -  scm role is FOLLOWER peers [67766547-47ec-4cca-936b-6c95be71f3ba|localhost:15004]
2025-07-05 15:48:18,840 [main] INFO  ha.InterSCMGrpcService (InterSCMGrpcProtocolService.java:start(98)) - Starting SCM Grpc Service at port 15005
2025-07-05 15:48:18,841 [main] INFO  SCMHATransactionMonitor (BackgroundSCMService.java:start(64)) - Starting SCMHATransactionMonitor Service.
2025-07-05 15:48:18,842 [main] INFO  ha.SCMServiceManager (SCMServiceManager.java:register(42)) - Registering service SCMHATransactionMonitor.
2025-07-05 15:48:18,843 [main] INFO  SCMHATransactionMonitor (BackgroundSCMService.java:start(61)) - SCMHATransactionMonitor Service is already running, skip start.
2025-07-05 15:48:18,885 [main] WARN  impl.MetricsConfig (MetricsConfig.java:loadFirst(138)) - Cannot locate configuration: tried hadoop-metrics2-storagecontainermanager.properties,hadoop-metrics2.properties
2025-07-05 15:48:18,893 [main] INFO  impl.MetricsSystemImpl (MetricsSystemImpl.java:startTimer(378)) - Scheduled Metric snapshot period at 10 second(s).
2025-07-05 15:48:18,894 [main] INFO  impl.MetricsSystemImpl (MetricsSystemImpl.java:start(191)) - StorageContainerManager metrics system started
2025-07-05 15:48:19,054 [main] INFO  server.SCMClientProtocolServer (SCMClientProtocolServer.java:start(209)) - RPC server for Client  is listening at /0.0.0.0:15000
2025-07-05 15:48:19,054 [IPC Server Responder] INFO  ipc.Server (Server.java:run(1713)) - IPC Server Responder: starting
2025-07-05 15:48:19,055 [IPC Server listener on 15000] INFO  ipc.Server (Server.java:run(1553)) - IPC Server listener on 15000: starting
2025-07-05 15:48:19,071 [main] INFO  server.StorageContainerManager (StorageContainerManager.java:start(1526)) - ScmBlockLocationProtocol RPC server is listening at /0.0.0.0:15001
2025-07-05 15:48:19,072 [main] INFO  server.SCMBlockProtocolServer (SCMBlockProtocolServer.java:start(166)) - RPC server for Block Protocol is listening at /0.0.0.0:15001
2025-07-05 15:48:19,072 [IPC Server Responder] INFO  ipc.Server (Server.java:run(1713)) - IPC Server Responder: starting
2025-07-05 15:48:19,073 [IPC Server listener on 15001] INFO  ipc.Server (Server.java:run(1553)) - IPC Server listener on 15001: starting
2025-07-05 15:48:19,093 [main] INFO  utils.BackgroundService (BackgroundService.java:start(118)) - Starting service SCMBlockDeletingService with interval 60000 milliseconds
2025-07-05 15:48:19,106 [main] INFO  http.BaseHttpServer (BaseHttpServer.java:newHttpServer2BuilderForOzone(229)) - Starting Web-server for scm at: http://0.0.0.0:15003
2025-07-05 15:48:19,106 [main] INFO  http.BaseHttpServer (BaseHttpServer.java:<init>(107)) - Hadoop Security Enabled: false Ozone Security Enabled: false Ozone HTTP Security Enabled: false 
2025-07-05 15:48:19,128 [main] INFO  util.log (Log.java:initialized(170)) - Logging initialized @6247ms to org.eclipse.jetty.util.log.Slf4jLog
2025-07-05 15:48:19,197 [main] WARN  server.AuthenticationFilter (AuthenticationFilter.java:constructSecretProvider(240)) - Unable to initialize FileSignerSecretProvider, falling back to use random secrets. Reason: Could not read signature secret file: /home/runner/hadoop-http-auth-signature-secret
2025-07-05 15:48:19,219 [main] INFO  http.HttpServer2 (HttpServer2.java:addGlobalFilter(1042)) - Added global filter 'safety' (class=org.apache.hadoop.hdds.server.http.HttpServer2$QuotingInputFilter)
2025-07-05 15:48:19,221 [main] INFO  http.HttpServer2 (HttpServer2.java:addFilter(1018)) - Added filter static_user_filter (class=org.apache.hadoop.http.lib.StaticUserWebFilter$StaticUserFilter) to context scm
2025-07-05 15:48:19,221 [main] INFO  http.HttpServer2 (HttpServer2.java:addFilter(1026)) - Added filter static_user_filter (class=org.apache.hadoop.http.lib.StaticUserWebFilter$StaticUserFilter) to context logs
2025-07-05 15:48:19,222 [main] INFO  http.HttpServer2 (HttpServer2.java:addFilter(1026)) - Added filter static_user_filter (class=org.apache.hadoop.http.lib.StaticUserWebFilter$StaticUserFilter) to context static
2025-07-05 15:48:19,250 [main] INFO  http.BaseHttpServer (BaseHttpServer.java:<init>(195)) - HTTP server of scm uses base directory /home/runner/work/ozone/ozone/hadoop-ozone/integration-test/target/test-dir/MiniOzoneClusterImpl-0a3c97a5-d59a-4532-afef-c4940c4c02aa/ozone-meta/webserver
2025-07-05 15:48:19,251 [main] INFO  http.HttpServer2 (HttpServer2.java:bindListener(1242)) - Jetty bound to port 15003
2025-07-05 15:48:19,252 [main] INFO  server.Server (Server.java:doStart(375)) - jetty-9.4.57.v20241219; built: 2025-01-08T21:24:30.412Z; git: df524e6b29271c2e09ba9aea83c18dc9db464a31; jvm 21.0.7+6-LTS
2025-07-05 15:48:19,276 [main] INFO  server.session (DefaultSessionIdManager.java:doStart(334)) - DefaultSessionIdManager workerName=node0
2025-07-05 15:48:19,276 [main] INFO  server.session (DefaultSessionIdManager.java:doStart(339)) - No SessionScavenger set, using defaults
2025-07-05 15:48:19,277 [main] INFO  server.session (HouseKeeper.java:startScavenging(132)) - node0 Scavenging every 600000ms
2025-07-05 15:48:19,287 [main] INFO  handler.ContextHandler (ContextHandler.java:doStart(921)) - Started o.e.j.s.ServletContextHandler@4e93d23e{logs,/logs,file:///home/runner/work/ozone/ozone/hadoop-ozone/integration-test/target/log,AVAILABLE}
2025-07-05 15:48:19,287 [main] INFO  handler.ContextHandler (ContextHandler.java:doStart(921)) - Started o.e.j.s.ServletContextHandler@5776a9f8{static,/static,file:///home/runner/work/ozone/ozone/hadoop-ozone/integration-test/target/test-classes/webapps/static,AVAILABLE}
2025-07-05 15:48:19,324 [main] INFO  handler.ContextHandler (ContextHandler.java:doStart(921)) - Started o.e.j.w.WebAppContext@5006a697{scm,/,file:///home/runner/work/ozone/ozone/hadoop-ozone/integration-test/target/test-classes/webapps/scm/,AVAILABLE}{file:/home/runner/work/ozone/ozone/hadoop-ozone/integration-test/target/test-classes/webapps/scm}
2025-07-05 15:48:19,330 [main] INFO  server.AbstractConnector (AbstractConnector.java:doStart(333)) - Started ServerConnector@5ff8d76f{HTTP/1.1, (http/1.1)}{0.0.0.0:15003}
2025-07-05 15:48:19,330 [main] INFO  server.Server (Server.java:doStart(415)) - Started @6449ms
2025-07-05 15:48:19,332 [main] INFO  impl.MetricsSinkAdapter (MetricsSinkAdapter.java:start(204)) - Sink prometheus started
2025-07-05 15:48:19,333 [main] INFO  impl.MetricsSystemImpl (MetricsSystemImpl.java:registerSink(305)) - Registered sink prometheus
2025-07-05 15:48:19,334 [main] INFO  http.BaseHttpServer (BaseHttpServer.java:updateConnectorAddress(359)) - HTTP server of scm listening at http://localhost:15003
2025-07-05 15:48:19,341 [main] WARN  server.ServerUtils (ServerUtils.java:getDBPath(292)) - ozone.om.db.dirs is not configured. We recommend adding this setting. Falling back to ozone.metadata.dirs instead.
2025-07-05 15:48:19,429 [main] INFO  audit.AuditLogger (AuditLogger.java:refreshDebugCmdSet(133)) - Refresh DebugCmdSet for OMAudit to [].
2025-07-05 15:48:19,457 [main] INFO  audit.AuditLogger (AuditLogger.java:refreshDebugCmdSet(133)) - Refresh DebugCmdSet for OMSystemAudit to [].
2025-07-05 15:48:19,507 [main] INFO  ha.OMHANodeDetails (OMHANodeDetails.java:loadOMHAConfig(113)) - ozone.om.internal.service.id is not defined, falling back to ozone.om.service.ids to find serviceID for OzoneManager if it is HA enabled cluster
2025-07-05 15:48:19,510 [main] INFO  ha.OMHANodeDetails (OMHANodeDetails.java:loadOMHAConfig(224)) - Configuration does not have ozone.om.address set. Falling back to the default OM address /127.0.0.1:15006
2025-07-05 15:48:19,510 [main] INFO  ha.OMHANodeDetails (OMHANodeDetails.java:getOMNodeDetailsForNonHA(252)) - OM Service ID is not set. Setting it to the default ID: omServiceIdDefault
2025-07-05 15:48:19,511 [main] INFO  ha.OMHANodeDetails (OMHANodeDetails.java:getOMNodeDetailsForNonHA(259)) - OM Node ID is not set. Setting it to the default ID: om1
2025-07-05 15:48:19,514 [main] WARN  server.ServerUtils (ServerUtils.java:getDBPath(292)) - ozone.om.db.dirs is not configured. We recommend adding this setting. Falling back to ozone.metadata.dirs instead.
2025-07-05 15:48:19,518 [main] INFO  upgrade.AbstractLayoutVersionManager (AbstractLayoutVersionManager.java:init(80)) - Initializing Layout version manager with metadata layout = DELEGATION_TOKEN_SYMMETRIC_SIGN (version = 8), software layout = DELEGATION_TOKEN_SYMMETRIC_SIGN (version = 8)
2025-07-05 15:48:19,610 [main] INFO  reflections.Reflections (Reflections.java:scan(219)) - Reflections took 90 ms to scan 2 urls, producing 208 keys and 619 values
2025-07-05 15:48:19,615 [main] INFO  upgrade.OMLayoutVersionManager (OMLayoutVersionManager.java:lambda$0(110)) - Skipping Upgrade Action QuotaRepairUpgradeAction since it has been finalized.
2025-07-05 15:48:19,616 [main] INFO  upgrade.OMLayoutVersionManager (OMLayoutVersionManager.java:lambda$0(110)) - Skipping Upgrade Action MockOmUpgradeAction since it has been finalized.
2025-07-05 15:48:19,618 [main] WARN  server.ServerUtils (ServerUtils.java:getDBPath(292)) - ozone.om.db.dirs is not configured. We recommend adding this setting. Falling back to ozone.metadata.dirs instead.
2025-07-05 15:48:19,622 [main] INFO  om.OzoneManager (OzoneManager.java:setReplicationFromConfig(4619)) - Set default replication in OM: RATIS/3 -> RATIS/THREE
2025-07-05 15:48:19,633 [main] INFO  proxy.SCMContainerLocationFailoverProxyProvider (SCMFailoverProxyProviderBase.java:<init>(120)) - Created fail-over proxy for protocol StorageContainerLocationProtocolPB with 1 nodes: [nodeId=scmNodeId,nodeAddress=/0.0.0.0:15000]
2025-07-05 15:48:19,662 [main] INFO  proxy.SCMBlockLocationFailoverProxyProvider (SCMFailoverProxyProviderBase.java:<init>(120)) - Created fail-over proxy for protocol ScmBlockLocationProtocolPB with 1 nodes: [nodeId=scmNodeId,nodeAddress=/0.0.0.0:15001]
2025-07-05 15:48:19,676 [main] INFO  proxy.SCMBlockLocationFailoverProxyProvider (SCMFailoverProxyProviderBase.java:<init>(120)) - Created fail-over proxy for protocol ScmBlockLocationProtocolPB with 1 nodes: [nodeId=scmNodeId,nodeAddress=/0.0.0.0:15001]
2025-07-05 15:48:19,963 [67766547-47ec-4cca-936b-6c95be71f3ba@group-C4940C4C02AA-FollowerState] INFO  impl.FollowerState (FollowerState.java:runImpl(161)) - 67766547-47ec-4cca-936b-6c95be71f3ba@group-C4940C4C02AA-FollowerState: change to CANDIDATE, lastRpcElapsedTime:1137656704ns, electionTimeout:1137ms
2025-07-05 15:48:19,964 [67766547-47ec-4cca-936b-6c95be71f3ba@group-C4940C4C02AA-FollowerState] INFO  impl.RoleInfo (RoleInfo.java:shutdownFollowerState(121)) - 67766547-47ec-4cca-936b-6c95be71f3ba: shutdown 67766547-47ec-4cca-936b-6c95be71f3ba@group-C4940C4C02AA-FollowerState
2025-07-05 15:48:19,964 [67766547-47ec-4cca-936b-6c95be71f3ba@group-C4940C4C02AA-FollowerState] INFO  server.RaftServer$Division (RaftServerImpl.java:setRole(392)) - 67766547-47ec-4cca-936b-6c95be71f3ba@group-C4940C4C02AA: changes role from  FOLLOWER to CANDIDATE at term 1 for changeToCandidate
2025-07-05 15:48:19,964 [67766547-47ec-4cca-936b-6c95be71f3ba@group-C4940C4C02AA-FollowerState] INFO  impl.RoleInfo (RoleInfo.java:updateAndGet(148)) - 67766547-47ec-4cca-936b-6c95be71f3ba: start 67766547-47ec-4cca-936b-6c95be71f3ba@group-C4940C4C02AA-LeaderElection2
2025-07-05 15:48:19,965 [67766547-47ec-4cca-936b-6c95be71f3ba@group-C4940C4C02AA-LeaderElection2] INFO  impl.LeaderElection (LeaderElection.java:askForVotes(448)) - 67766547-47ec-4cca-936b-6c95be71f3ba@group-C4940C4C02AA-LeaderElection2 PRE_VOTE round 0: submit vote requests at term 1 for conf: {index: 0, cur=peers:[67766547-47ec-4cca-936b-6c95be71f3ba|localhost:15004]|listeners:[], old=null}
2025-07-05 15:48:19,965 [67766547-47ec-4cca-936b-6c95be71f3ba@group-C4940C4C02AA-LeaderElection2] INFO  impl.LeaderElection (LeaderElection.java:askForVotes(450)) - 67766547-47ec-4cca-936b-6c95be71f3ba@group-C4940C4C02AA-LeaderElection2 PRE_VOTE round 0: result PASSED (term=1)
2025-07-05 15:48:19,967 [67766547-47ec-4cca-936b-6c95be71f3ba@group-C4940C4C02AA-LeaderElection2] INFO  impl.LeaderElection (LeaderElection.java:askForVotes(448)) - 67766547-47ec-4cca-936b-6c95be71f3ba@group-C4940C4C02AA-LeaderElection2 ELECTION round 0: submit vote requests at term 2 for conf: {index: 0, cur=peers:[67766547-47ec-4cca-936b-6c95be71f3ba|localhost:15004]|listeners:[], old=null}
2025-07-05 15:48:19,967 [67766547-47ec-4cca-936b-6c95be71f3ba@group-C4940C4C02AA-LeaderElection2] INFO  impl.LeaderElection (LeaderElection.java:askForVotes(450)) - 67766547-47ec-4cca-936b-6c95be71f3ba@group-C4940C4C02AA-LeaderElection2 ELECTION round 0: result PASSED (term=2)
2025-07-05 15:48:19,967 [67766547-47ec-4cca-936b-6c95be71f3ba@group-C4940C4C02AA-LeaderElection2] INFO  impl.RoleInfo (RoleInfo.java:shutdownLeaderElection(141)) - 67766547-47ec-4cca-936b-6c95be71f3ba: shutdown 67766547-47ec-4cca-936b-6c95be71f3ba@group-C4940C4C02AA-LeaderElection2
2025-07-05 15:48:19,968 [67766547-47ec-4cca-936b-6c95be71f3ba@group-C4940C4C02AA-LeaderElection2] INFO  server.RaftServer$Division (RaftServerImpl.java:setRole(392)) - 67766547-47ec-4cca-936b-6c95be71f3ba@group-C4940C4C02AA: changes role from CANDIDATE to LEADER at term 2 for changeToLeader
2025-07-05 15:48:19,968 [67766547-47ec-4cca-936b-6c95be71f3ba@group-C4940C4C02AA-LeaderElection2] INFO  server.RaftServerConfigKeys (ConfUtils.java:logFallback(69)) - raft.server.staging.timeout = 15600ms (fallback to raft.server.rpc.timeout.max)
2025-07-05 15:48:19,970 [67766547-47ec-4cca-936b-6c95be71f3ba@group-C4940C4C02AA-LeaderElection2] INFO  impl.RoleInfo (RoleInfo.java:updateAndGet(148)) - 67766547-47ec-4cca-936b-6c95be71f3ba: start 67766547-47ec-4cca-936b-6c95be71f3ba@group-C4940C4C02AA-LeaderStateImpl
2025-07-05 15:48:19,970 [67766547-47ec-4cca-936b-6c95be71f3ba@group-C4940C4C02AA-LeaderElection2] INFO  server.RaftServer$Division (RaftServerImpl.java:setFirstElection(576)) - 67766547-47ec-4cca-936b-6c95be71f3ba@group-C4940C4C02AA: set firstElectionSinceStartup to false for becomeLeader
2025-07-05 15:48:19,970 [67766547-47ec-4cca-936b-6c95be71f3ba@group-C4940C4C02AA-LeaderElection2] INFO  ha.SCMStateMachine (SCMStateMachine.java:notifyLeaderChanged(293)) - current SCM becomes leader of term 2.
2025-07-05 15:48:19,970 [67766547-47ec-4cca-936b-6c95be71f3ba@group-C4940C4C02AA-LeaderElection2] INFO  ha.SCMContext (SCMContext.java:updateLeaderAndTerm(95)) - update <isLeader,term> from <false,0> to <true,2>
2025-07-05 15:48:19,973 [67766547-47ec-4cca-936b-6c95be71f3ba@group-C4940C4C02AA-LeaderElection2] INFO  server.RaftServer$Division (ServerState.java:setLeader(272)) - 67766547-47ec-4cca-936b-6c95be71f3ba@group-C4940C4C02AA: change Leader from null to 67766547-47ec-4cca-936b-6c95be71f3ba at term 2 for becomeLeader, leader elected after 1882ms
2025-07-05 15:48:19,974 [67766547-47ec-4cca-936b-6c95be71f3ba@group-C4940C4C02AA-LeaderElection2] INFO  segmented.SegmentedRaftLogWorker (SegmentedRaftLogWorker.java:rollLogSegment(445)) - 67766547-47ec-4cca-936b-6c95be71f3ba@group-C4940C4C02AA-SegmentedRaftLogWorker: Rolling segment log-0_0 to index:0
2025-07-05 15:48:19,975 [67766547-47ec-4cca-936b-6c95be71f3ba@group-C4940C4C02AA-SegmentedRaftLogWorker] INFO  segmented.SegmentedRaftLogWorker (SegmentedRaftLogWorker.java:execute(604)) - 67766547-47ec-4cca-936b-6c95be71f3ba@group-C4940C4C02AA-SegmentedRaftLogWorker: Rolled log segment from /home/runner/work/ozone/ozone/hadoop-ozone/integration-test/target/test-dir/MiniOzoneClusterImpl-0a3c97a5-d59a-4532-afef-c4940c4c02aa/ozone-meta/scm-ha/0a3c97a5-d59a-4532-afef-c4940c4c02aa/current/log_inprogress_0 to /home/runner/work/ozone/ozone/hadoop-ozone/integration-test/target/test-dir/MiniOzoneClusterImpl-0a3c97a5-d59a-4532-afef-c4940c4c02aa/ozone-meta/scm-ha/0a3c97a5-d59a-4532-afef-c4940c4c02aa/current/log_0-0
2025-07-05 15:48:19,975 [67766547-47ec-4cca-936b-6c95be71f3ba@group-C4940C4C02AA-LeaderElection2] INFO  server.RaftServer$Division (ServerState.java:setRaftConf(386)) - 67766547-47ec-4cca-936b-6c95be71f3ba@group-C4940C4C02AA: set configuration conf: {index: 1, cur=peers:[67766547-47ec-4cca-936b-6c95be71f3ba|localhost:15004]|listeners:[], old=null}
2025-07-05 15:48:19,978 [67766547-47ec-4cca-936b-6c95be71f3ba@group-C4940C4C02AA-SegmentedRaftLogWorker] INFO  segmented.BufferedWriteChannel (BufferedWriteChannel.java:open(61)) - open log_inprogress_1 at position 0
2025-07-05 15:48:19,986 [67766547-47ec-4cca-936b-6c95be71f3ba@group-C4940C4C02AA-SegmentedRaftLogWorker] INFO  segmented.SegmentedRaftLogWorker (SegmentedRaftLogWorker.java:execute(647)) - 67766547-47ec-4cca-936b-6c95be71f3ba@group-C4940C4C02AA-SegmentedRaftLogWorker: created new log segment /home/runner/work/ozone/ozone/hadoop-ozone/integration-test/target/test-dir/MiniOzoneClusterImpl-0a3c97a5-d59a-4532-afef-c4940c4c02aa/ozone-meta/scm-ha/0a3c97a5-d59a-4532-afef-c4940c4c02aa/current/log_inprogress_1
2025-07-05 15:48:19,989 [67766547-47ec-4cca-936b-6c95be71f3ba@group-C4940C4C02AA-StateMachineUpdater] INFO  server.RaftServer$Division (LeaderStateImpl.java:checkStartIndex(309)) - Leader 67766547-47ec-4cca-936b-6c95be71f3ba@group-C4940C4C02AA-LeaderStateImpl is ready since appliedIndex == startIndex == 1
2025-07-05 15:48:19,989 [67766547-47ec-4cca-936b-6c95be71f3ba@group-C4940C4C02AA-StateMachineUpdater] INFO  ha.SCMContext (SCMContext.java:setLeaderReady(122)) - update <isLeaderReady> from <false> to <true>
2025-07-05 15:48:19,989 [67766547-47ec-4cca-936b-6c95be71f3ba@group-C4940C4C02AA-StateMachineUpdater] INFO  pipeline.BackgroundPipelineCreator (BackgroundPipelineCreator.java:notifyStatusChanged(268)) - Service BackgroundPipelineCreator transitions to RUNNING.
2025-07-05 15:48:19,991 [67766547-47ec-4cca-936b-6c95be71f3ba@group-C4940C4C02AA-StateMachineUpdater] INFO  safemode.RatisContainerSafeModeRule (RatisContainerSafeModeRule.java:initializeRule(160)) - Refreshed Containers with one replica threshold count 0.
2025-07-05 15:48:19,991 [67766547-47ec-4cca-936b-6c95be71f3ba@group-C4940C4C02AA-StateMachineUpdater] INFO  safemode.HealthyPipelineSafeModeRule (HealthyPipelineSafeModeRule.java:initializeRule(228)) - Refreshed total pipeline count is 0, healthy pipeline threshold count is 1
2025-07-05 15:48:19,991 [67766547-47ec-4cca-936b-6c95be71f3ba@group-C4940C4C02AA-StateMachineUpdater] INFO  safemode.ECContainerSafeModeRule (ECContainerSafeModeRule.java:initializeRule(205)) - Refreshed Containers with ec n replica threshold count 0.
2025-07-05 15:48:19,991 [67766547-47ec-4cca-936b-6c95be71f3ba@group-C4940C4C02AA-StateMachineUpdater] INFO  safemode.OneReplicaPipelineSafeModeRule (OneReplicaPipelineSafeModeRule.java:initializeRule(186)) - Refreshed Total pipeline count is 0, pipeline's with at least one datanode reported threshold count is 0
2025-07-05 15:48:19,991 [67766547-47ec-4cca-936b-6c95be71f3ba@group-C4940C4C02AA-StateMachineUpdater] INFO  server.SCMDatanodeProtocolServer (SCMDatanodeProtocolServer.java:start(195)) - ScmDatanodeProtocol RPC server for DataNodes is listening at /0.0.0.0:15002
2025-07-05 15:48:19,992 [IPC Server Responder] INFO  ipc.Server (Server.java:run(1713)) - IPC Server Responder: starting
2025-07-05 15:48:19,993 [IPC Server listener on 15002] INFO  ipc.Server (Server.java:run(1553)) - IPC Server listener on 15002: starting
2025-07-05 15:48:21,888 [main] INFO  om.OzoneManager (OzoneManager.java:<init>(679)) - OM start with adminUsers: [admin, runner]
2025-07-05 15:48:21,906 [main] WARN  server.ServerUtils (ServerUtils.java:getDBPath(292)) - ozone.om.db.dirs is not configured. We recommend adding this setting. Falling back to ozone.metadata.dirs instead.
2025-07-05 15:48:22,014 [main] INFO  utils.NativeLibraryLoader (NativeLibraryLoader.java:loadLibrary(120)) - Loading Library: ozone_rocksdb_tools
2025-07-05 15:48:22,320 [main] INFO  om.OzoneManager (OzoneManager.java:instantiateServices(923)) - S3 Multi-Tenancy is disabled
2025-07-05 15:48:22,348 [main] INFO  om.OmSnapshotManager (OmSnapshotManager.java:<init>(189)) - Ozone filesystem snapshot feature is enabled.
2025-07-05 15:48:22,357 [main] WARN  server.ServerUtils (ServerUtils.java:getDBPath(292)) - ozone.om.snapshot.diff.db.dir is not configured. We recommend adding this setting. Falling back to ozone.metadata.dirs instead.
2025-07-05 15:48:22,391 [main] INFO  utils.BackgroundService (BackgroundService.java:start(118)) - Starting service SnapshotDiffCleanupService with interval 60000 milliseconds
2025-07-05 15:48:22,431 [main] INFO  om.OzoneManager (OzoneManager.java:addS3GVolumeToDB(4677)) - Created Volume s3v With Owner runner required for S3Gateway operations.
2025-07-05 15:48:22,489 [main] WARN  server.ServerUtils (ServerUtils.java:getDefaultRatisDirectory(304)) - Storage directory for Ratis is not configured. It is a good idea to map this to an SSD disk. Falling back to ozone.metadata.dirs
2025-07-05 15:48:22,490 [main] WARN  utils.OzoneManagerRatisUtils (OzoneManagerRatisUtils.java:getOMRatisSnapshotDirectory(488)) - ozone.om.ratis.snapshot.dir is not configured. Falling back to ozone.metadata.dirs config
2025-07-05 15:48:22,496 [main] WARN  dropwizard3.Dm3MetricRegistriesImpl (Dm3MetricRegistriesImpl.java:addReporterRegistration(114)) - New reporters are added after registries were created. Some metrics will be missing from the reporter. Please add reporter before adding any new registry.
2025-07-05 15:48:22,496 [main] WARN  dropwizard3.Dm3MetricRegistriesImpl (Dm3MetricRegistriesImpl.java:addReporterRegistration(114)) - New reporters are added after registries were created. Some metrics will be missing from the reporter. Please add reporter before adding any new registry.
2025-07-05 15:48:22,496 [main] WARN  server.ServerUtils (ServerUtils.java:getDefaultRatisDirectory(304)) - Storage directory for Ratis is not configured. It is a good idea to map this to an SSD disk. Falling back to ozone.metadata.dirs
2025-07-05 15:48:22,497 [main] INFO  server.RaftServerConfigKeys (ConfUtils.java:logGet(62)) - raft.server.log.appender.buffer.byte-limit = 4194304 (custom)
2025-07-05 15:48:22,500 [main] INFO  ratis.OzoneManagerRatisServer (OzoneManagerRatisServer.java:<init>(167)) - Instantiating OM Ratis server with groupID: omServiceIdDefault and peers: localhost:15009
2025-07-05 15:48:22,504 [main] INFO  ratis.OzoneManagerStateMachine (OzoneManagerStateMachine.java:loadSnapshotInfoFromDB(618)) - TransactionInfo not found in OM DB.
2025-07-05 15:48:22,543 [main] INFO  grpc.GrpcConfigKeys (ConfUtils.java:logFallback(69)) - raft.grpc.admin.host = null (fallback to raft.grpc.server.host)
2025-07-05 15:48:22,544 [main] INFO  grpc.GrpcConfigKeys (ConfUtils.java:logFallback(69)) - raft.grpc.admin.port = 15009 (fallback to raft.grpc.server.port)
2025-07-05 15:48:22,544 [main] INFO  grpc.GrpcConfigKeys (ConfUtils.java:logFallback(69)) - raft.grpc.client.host = null (fallback to raft.grpc.server.host)
2025-07-05 15:48:22,544 [main] INFO  grpc.GrpcConfigKeys (ConfUtils.java:logFallback(69)) - raft.grpc.client.port = 15009 (fallback to raft.grpc.server.port)
2025-07-05 15:48:22,545 [main] INFO  grpc.GrpcConfigKeys (ConfUtils.java:logGet(62)) - raft.grpc.server.port = 15009 (custom)
2025-07-05 15:48:22,545 [main] INFO  server.GrpcServicesImpl (ConfUtils.java:logGet(62)) - raft.grpc.message.size.max = 5242880 (custom)
2025-07-05 15:48:22,545 [main] INFO  server.RaftServerConfigKeys (ConfUtils.java:logGet(62)) - raft.server.rpc.request.timeout = 3000ms (default)
2025-07-05 15:48:22,545 [main] INFO  server.RaftServerConfigKeys (ConfUtils.java:logGet(62)) - raft.server.log.appender.buffer.byte-limit = 4194304 (custom)
2025-07-05 15:48:22,546 [main] INFO  server.RaftServerConfigKeys (ConfUtils.java:logGet(62)) - raft.server.storage.dir = [/home/runner/work/ozone/ozone/hadoop-ozone/integration-test/target/test-dir/MiniOzoneClusterImpl-0a3c97a5-d59a-4532-afef-c4940c4c02aa/ozone-meta/ratis] (custom)
2025-07-05 15:48:22,547 [main] INFO  server.RaftServer (RaftServerProxy.java:addNew(105)) - om1: addNew group-C5BA1605619E:[om1|localhost:15009] returns group-C5BA1605619E:java.util.concurrent.CompletableFuture@4ee6b207[Not completed]
2025-07-05 15:48:22,548 [om1-groupManagement] INFO  server.RaftServer$Division (RaftServerImpl.java:<init>(268)) - om1: new RaftServerImpl for group-C5BA1605619E:[om1|localhost:15009] with OzoneManagerStateMachine:uninitialized
2025-07-05 15:48:22,548 [om1-groupManagement] INFO  server.RaftServerConfigKeys (ConfUtils.java:logGet(62)) - raft.server.rpc.timeout.min = 1s (custom)
2025-07-05 15:48:22,548 [om1-groupManagement] INFO  server.RaftServerConfigKeys (ConfUtils.java:logGet(62)) - raft.server.rpc.timeout.max = 1200ms (custom)
2025-07-05 15:48:22,548 [om1-groupManagement] INFO  server.RaftServer$Division (ServerState.java:<init>(114)) - om1@group-C5BA1605619E: ConfigurationManager, init=conf: {index: -1, cur=peers:[om1|localhost:15009]|listeners:[], old=null}, confs=<EMPTY_MAP>
2025-07-05 15:48:22,548 [om1-groupManagement] INFO  server.RaftServerConfigKeys (ConfUtils.java:logGet(62)) - raft.server.notification.no-leader.timeout = 120s (custom)
2025-07-05 15:48:22,548 [main] INFO  om.OzoneManager (OzoneManager.java:initializeRatisServer(2307)) - OzoneManager Ratis server initialized at port 15009
2025-07-05 15:48:22,550 [om1-groupManagement] INFO  server.RaftServerConfigKeys (ConfUtils.java:logGet(62)) - raft.server.retrycache.expirytime = 300s (custom)
2025-07-05 15:48:22,555 [main] INFO  om.OzoneManager (OzoneManager.java:getRpcServer(1359)) - Creating RPC Server
2025-07-05 15:48:23,522 [main] INFO  reflections.Reflections (Reflections.java:scan(219)) - Reflections took 937 ms to scan 24 urls, producing 60 keys and 7723 values
2025-07-05 15:48:23,707 [main] INFO  ipc.CallQueueManager (CallQueueManager.java:<init>(93)) - Using callQueue: class java.util.concurrent.LinkedBlockingQueue, queueCapacity: 2000, scheduler: class org.apache.hadoop.ipc.DefaultRpcScheduler, ipcBackoff: false, ipcFailOver: false.
2025-07-05 15:48:23,708 [main] INFO  ipc.Server (Server.java:<init>(1438)) - Listener at 127.0.0.1:15006
2025-07-05 15:48:23,709 [Socket Reader #1 for port 15006] INFO  ipc.Server (Server.java:run(1474)) - Starting Socket Reader #1 for port 15006
2025-07-05 15:48:23,709 [Socket Reader #2 for port 15006] INFO  ipc.Server (Server.java:run(1474)) - Starting Socket Reader #2 for port 15006
2025-07-05 15:48:23,710 [Socket Reader #4 for port 15006] INFO  ipc.Server (Server.java:run(1474)) - Starting Socket Reader #4 for port 15006
2025-07-05 15:48:23,711 [Socket Reader #5 for port 15006] INFO  ipc.Server (Server.java:run(1474)) - Starting Socket Reader #5 for port 15006
2025-07-05 15:48:23,712 [Socket Reader #3 for port 15006] INFO  ipc.Server (Server.java:run(1474)) - Starting Socket Reader #3 for port 15006
2025-07-05 15:48:23,712 [Socket Reader #6 for port 15006] INFO  ipc.Server (Server.java:run(1474)) - Starting Socket Reader #6 for port 15006
2025-07-05 15:48:23,713 [Socket Reader #7 for port 15006] INFO  ipc.Server (Server.java:run(1474)) - Starting Socket Reader #7 for port 15006
2025-07-05 15:48:23,714 [Socket Reader #8 for port 15006] INFO  ipc.Server (Server.java:run(1474)) - Starting Socket Reader #8 for port 15006
2025-07-05 15:48:23,714 [Socket Reader #9 for port 15006] INFO  ipc.Server (Server.java:run(1474)) - Starting Socket Reader #9 for port 15006
2025-07-05 15:48:23,715 [Socket Reader #10 for port 15006] INFO  ipc.Server (Server.java:run(1474)) - Starting Socket Reader #10 for port 15006
2025-07-05 15:48:23,744 [main] INFO  impl.MetricsSystemImpl (MetricsSystemImpl.java:init(158)) - OzoneManager metrics system started (again)
2025-07-05 15:48:23,762 [main] INFO  om.OzoneManager (OzoneManager.java:start(1791)) - OzoneManager RPC server is listening at localhost/127.0.0.1:15006
2025-07-05 15:48:23,762 [main] INFO  ratis.OzoneManagerRatisServer (OzoneManagerRatisServer.java:start(628)) - Starting OzoneManagerRatisServer om1 at port 15009
2025-07-05 15:48:23,763 [om1-impl-thread1] INFO  storage.RaftStorageDirectory (RaftStorageDirectoryImpl.java:analyzeStorage(138)) - The storage directory /home/runner/work/ozone/ozone/hadoop-ozone/integration-test/target/test-dir/MiniOzoneClusterImpl-0a3c97a5-d59a-4532-afef-c4940c4c02aa/ozone-meta/ratis/bf265839-605b-3f16-9796-c5ba1605619e does not exist. Creating ...
2025-07-05 15:48:23,764 [om1-impl-thread1] INFO  storage.RaftStorageDirectory (RaftStorageDirectoryImpl.java:tryLock(229)) - Lock on /home/runner/work/ozone/ozone/hadoop-ozone/integration-test/target/test-dir/MiniOzoneClusterImpl-0a3c97a5-d59a-4532-afef-c4940c4c02aa/ozone-meta/ratis/bf265839-605b-3f16-9796-c5ba1605619e/in_use.lock acquired by nodename 44235@localhost
2025-07-05 15:48:23,765 [om1-impl-thread1] INFO  storage.RaftStorage (RaftStorageImpl.java:format(98)) - Storage directory /home/runner/work/ozone/ozone/hadoop-ozone/integration-test/target/test-dir/MiniOzoneClusterImpl-0a3c97a5-d59a-4532-afef-c4940c4c02aa/ozone-meta/ratis/bf265839-605b-3f16-9796-c5ba1605619e has been successfully formatted.
2025-07-05 15:48:23,766 [om1-impl-thread1] INFO  ratis.OzoneManagerStateMachine (OzoneManagerStateMachine.java:lambda$0(138)) - om1: initialize group-C5BA1605619E with <INITIAL_VALUE>
2025-07-05 15:48:23,766 [om1-impl-thread1] INFO  server.RaftServerConfigKeys (ConfUtils.java:logGet(62)) - raft.server.log.appender.buffer.byte-limit = 4194304 (custom)
2025-07-05 15:48:23,769 [om1-impl-thread1] INFO  server.RaftServerConfigKeys (ConfUtils.java:logGet(62)) - raft.server.log.segment.size.max = 4194304 (custom)
2025-07-05 15:48:23,769 [om1-impl-thread1] INFO  server.RaftServerConfigKeys (ConfUtils.java:logGet(62)) - raft.server.log.appender.buffer.byte-limit = 4194304 (custom)
2025-07-05 15:48:23,769 [om1-impl-thread1] INFO  util.AwaitToRun (AwaitToRun.java:start(81)) - Thread[#462,om1@group-C5BA1605619E-cacheEviction-AwaitToRun,5,main] started
2025-07-05 15:48:23,769 [om1-impl-thread1] INFO  segmented.SegmentedRaftLogWorker (SegmentedRaftLogWorker.java:<init>(190)) - new om1@group-C5BA1605619E-SegmentedRaftLogWorker for RaftStorageImpl:Storage Directory /home/runner/work/ozone/ozone/hadoop-ozone/integration-test/target/test-dir/MiniOzoneClusterImpl-0a3c97a5-d59a-4532-afef-c4940c4c02aa/ozone-meta/ratis/bf265839-605b-3f16-9796-c5ba1605619e
2025-07-05 15:48:23,770 [om1-impl-thread1] INFO  server.RaftServerConfigKeys (ConfUtils.java:logGet(62)) - raft.server.log.segment.size.max = 4194304 (custom)
2025-07-05 15:48:23,770 [om1-impl-thread1] INFO  server.RaftServerConfigKeys (ConfUtils.java:logGet(62)) - raft.server.log.preallocated.size = 4194304 (custom)
2025-07-05 15:48:23,770 [om1-impl-thread1] INFO  server.RaftServerConfigKeys (ConfUtils.java:logGet(62)) - raft.server.log.write.buffer.size = 4194312 (custom)
2025-07-05 15:48:23,772 [om1-impl-thread1] INFO  server.RaftServerConfigKeys (ConfUtils.java:logGet(62)) - raft.server.log.appender.buffer.byte-limit = 4194304 (custom)
2025-07-05 15:48:23,772 [om1-impl-thread1] INFO  segmented.SegmentedRaftLogWorker (SegmentedRaftLogWorker.java:lambda$new$0(141)) - om1@group-C5BA1605619E-SegmentedRaftLogWorker: flushIndex: setUnconditionally 0 -> -1
2025-07-05 15:48:23,772 [om1-impl-thread1] INFO  segmented.SegmentedRaftLogWorker (SegmentedRaftLogWorker.java:lambda$new$0(141)) - om1@group-C5BA1605619E-SegmentedRaftLogWorker: safeCacheEvictIndex: setUnconditionally 0 -> -1
2025-07-05 15:48:23,772 [om1-impl-thread1] INFO  server.RaftServer$Division (RaftServerImpl.java:start(405)) - om1@group-C5BA1605619E: start as a follower, conf=conf: {index: -1, cur=peers:[om1|localhost:15009]|listeners:[], old=null}
2025-07-05 15:48:23,773 [om1-impl-thread1] INFO  server.RaftServer$Division (RaftServerImpl.java:setRole(392)) - om1@group-C5BA1605619E: changes role from      null to FOLLOWER at term 0 for startAsFollower
2025-07-05 15:48:23,773 [om1-impl-thread1] INFO  impl.RoleInfo (RoleInfo.java:updateAndGet(148)) - om1: start om1@group-C5BA1605619E-FollowerState
2025-07-05 15:48:23,774 [om1@group-C5BA1605619E-FollowerState] INFO  server.RaftServerConfigKeys (ConfUtils.java:logFallback(69)) - raft.server.rpc.first-election.timeout.min = 1s (fallback to raft.server.rpc.timeout.min)
2025-07-05 15:48:23,774 [om1-impl-thread1] INFO  util.JmxRegister (JmxRegister.java:tryRegister(44)) - Successfully registered JMX Bean with object name Ratis:service=RaftServer,group=group-C5BA1605619E,id=om1
2025-07-05 15:48:23,775 [om1-impl-thread1] INFO  util.JmxRegister (JmxRegister.java:register(58)) - register mxBean class org.apache.ratis.server.impl.RaftServerJmxAdapter as Ratis:service=RaftServer,group=group-C5BA1605619E,id=om1
2025-07-05 15:48:23,775 [om1@group-C5BA1605619E-FollowerState] INFO  server.RaftServerConfigKeys (ConfUtils.java:logFallback(69)) - raft.server.rpc.first-election.timeout.max = 1200ms (fallback to raft.server.rpc.timeout.max)
2025-07-05 15:48:23,775 [om1-impl-thread1] INFO  server.RaftServerConfigKeys (ConfUtils.java:logGet(62)) - raft.server.snapshot.auto.trigger.threshold = 400000 (default)
2025-07-05 15:48:23,775 [om1-impl-thread1] INFO  server.RaftServerConfigKeys (ConfUtils.java:logGet(62)) - raft.server.log.purge.upto.snapshot.index = true (custom)
2025-07-05 15:48:23,776 [om1-impl-thread1] INFO  server.RaftServer$Division (RaftServerImpl.java:start(419)) - om1@group-C5BA1605619E: Successfully started.
2025-07-05 15:48:23,776 [main] INFO  server.RaftServer (RaftServerProxy.java:startImpl(412)) - om1: start RPC server
2025-07-05 15:48:23,777 [main] INFO  server.GrpcServicesImpl (GrpcServicesImpl.java:startImpl(346)) - om1: GrpcServicesImpl started, listening on 15009
2025-07-05 15:48:23,778 [JvmPauseMonitor2] INFO  util.JvmPauseMonitor (JvmPauseMonitor.java:run(146)) - JvmPauseMonitor-om1: Started
2025-07-05 15:48:23,779 [main] INFO  om.OzoneManager (OzoneManager.java:start(1806)) - Version File has different layout version (8) than OM DB (null). That is expected if this OM has never been finalized to a newer layout version.
2025-07-05 15:48:23,801 [main] INFO  client.ScmTopologyClient (ScmTopologyClient.java:start(70)) - Initial network topology fetched from SCM: /.
2025-07-05 15:48:23,802 [main] INFO  net.NodeSchemaLoader (NodeSchemaLoader.java:loadSchemaFromFile(128)) - Loading schema from [jar:file:/home/runner/work/ozone/ozone/hadoop-hdds/common/target/hdds-common-2.1.0-SNAPSHOT.jar!/network-topology-default.xml]
2025-07-05 15:48:23,802 [main] INFO  net.NodeSchemaLoader (NodeSchemaLoader.java:loadSchema(175)) - Loading network topology layer schema file
2025-07-05 15:48:23,808 [main] INFO  utils.BackgroundService (BackgroundService.java:start(118)) - Starting service KeyDeletingService with interval 60000 milliseconds
2025-07-05 15:48:23,812 [main] INFO  utils.BackgroundService (BackgroundService.java:start(118)) - Starting service DirectoryDeletingService with interval 120000 milliseconds
2025-07-05 15:48:23,812 [main] INFO  utils.BackgroundService (BackgroundService.java:start(118)) - Starting service OpenKeyCleanupService with interval 86400000 milliseconds
2025-07-05 15:48:23,815 [main] INFO  utils.BackgroundService (BackgroundService.java:start(118)) - Starting service SstFilteringService with interval 60000 milliseconds
2025-07-05 15:48:23,817 [main] INFO  utils.BackgroundService (BackgroundService.java:start(118)) - Starting service SnapshotDeletingService with interval 30000 milliseconds
2025-07-05 15:48:23,818 [main] INFO  utils.BackgroundService (BackgroundService.java:start(118)) - Starting service MultipartUploadCleanupService with interval 86400000 milliseconds
2025-07-05 15:48:23,820 [main] INFO  http.BaseHttpServer (BaseHttpServer.java:newHttpServer2BuilderForOzone(229)) - Starting Web-server for ozoneManager at: http://0.0.0.0:15007
2025-07-05 15:48:23,820 [main] INFO  http.BaseHttpServer (BaseHttpServer.java:<init>(107)) - Hadoop Security Enabled: false Ozone Security Enabled: false Ozone HTTP Security Enabled: false 
2025-07-05 15:48:23,822 [main] WARN  server.AuthenticationFilter (AuthenticationFilter.java:constructSecretProvider(240)) - Unable to initialize FileSignerSecretProvider, falling back to use random secrets. Reason: Could not read signature secret file: /home/runner/hadoop-http-auth-signature-secret
2025-07-05 15:48:23,826 [main] INFO  http.HttpServer2 (HttpServer2.java:addGlobalFilter(1042)) - Added global filter 'safety' (class=org.apache.hadoop.hdds.server.http.HttpServer2$QuotingInputFilter)
2025-07-05 15:48:23,827 [main] INFO  http.HttpServer2 (HttpServer2.java:addFilter(1018)) - Added filter static_user_filter (class=org.apache.hadoop.http.lib.StaticUserWebFilter$StaticUserFilter) to context ozoneManager
2025-07-05 15:48:23,827 [main] INFO  http.HttpServer2 (HttpServer2.java:addFilter(1026)) - Added filter static_user_filter (class=org.apache.hadoop.http.lib.StaticUserWebFilter$StaticUserFilter) to context logs
2025-07-05 15:48:23,827 [main] INFO  http.HttpServer2 (HttpServer2.java:addFilter(1026)) - Added filter static_user_filter (class=org.apache.hadoop.http.lib.StaticUserWebFilter$StaticUserFilter) to context static
2025-07-05 15:48:23,828 [main] INFO  http.BaseHttpServer (BaseHttpServer.java:<init>(195)) - HTTP server of ozoneManager uses base directory /home/runner/work/ozone/ozone/hadoop-ozone/integration-test/target/test-dir/MiniOzoneClusterImpl-0a3c97a5-d59a-4532-afef-c4940c4c02aa/ozone-meta/webserver
2025-07-05 15:48:23,831 [main] INFO  http.HttpServer2 (HttpServer2.java:bindListener(1242)) - Jetty bound to port 15007
2025-07-05 15:48:23,832 [main] INFO  server.Server (Server.java:doStart(375)) - jetty-9.4.57.v20241219; built: 2025-01-08T21:24:30.412Z; git: df524e6b29271c2e09ba9aea83c18dc9db464a31; jvm 21.0.7+6-LTS
2025-07-05 15:48:23,833 [main] INFO  server.session (DefaultSessionIdManager.java:doStart(334)) - DefaultSessionIdManager workerName=node0
2025-07-05 15:48:23,833 [main] INFO  server.session (DefaultSessionIdManager.java:doStart(339)) - No SessionScavenger set, using defaults
2025-07-05 15:48:23,833 [main] INFO  server.session (HouseKeeper.java:startScavenging(132)) - node0 Scavenging every 600000ms
2025-07-05 15:48:23,834 [main] INFO  handler.ContextHandler (ContextHandler.java:doStart(921)) - Started o.e.j.s.ServletContextHandler@26ee00a9{logs,/logs,file:///home/runner/work/ozone/ozone/hadoop-ozone/integration-test/target/log,AVAILABLE}
2025-07-05 15:48:23,834 [main] INFO  handler.ContextHandler (ContextHandler.java:doStart(921)) - Started o.e.j.s.ServletContextHandler@7aeb3664{static,/static,file:///home/runner/work/ozone/ozone/hadoop-ozone/integration-test/target/test-classes/webapps/static,AVAILABLE}
2025-07-05 15:48:23,844 [main] INFO  handler.ContextHandler (ContextHandler.java:doStart(921)) - Started o.e.j.w.WebAppContext@2b833ee7{ozoneManager,/,file:///home/runner/work/ozone/ozone/hadoop-ozone/integration-test/target/test-classes/webapps/ozoneManager/,AVAILABLE}{file:/home/runner/work/ozone/ozone/hadoop-ozone/integration-test/target/test-classes/webapps/ozoneManager}
2025-07-05 15:48:23,845 [main] INFO  server.AbstractConnector (AbstractConnector.java:doStart(333)) - Started ServerConnector@23184551{HTTP/1.1, (http/1.1)}{0.0.0.0:15007}
2025-07-05 15:48:23,845 [main] INFO  server.Server (Server.java:doStart(415)) - Started @10964ms
2025-07-05 15:48:23,845 [main] WARN  impl.MetricsSystemImpl (MetricsSystemImpl.java:register(279)) - Sink prometheus already exists!
2025-07-05 15:48:23,846 [main] INFO  http.BaseHttpServer (BaseHttpServer.java:updateConnectorAddress(359)) - HTTP server of ozoneManager listening at http://localhost:15007
2025-07-05 15:48:23,846 [IPC Server Responder] INFO  ipc.Server (Server.java:run(1713)) - IPC Server Responder: starting
2025-07-05 15:48:23,846 [IPC Server listener on 15006] INFO  ipc.Server (Server.java:run(1553)) - IPC Server listener on 15006: starting
2025-07-05 15:48:23,849 [main] INFO  om.OzoneManager (OzoneManager.java:startTrashEmptier(2261)) - Trash Interval set to 0. Files deleted won't move to trash
2025-07-05 15:48:23,860 [main] INFO  db.CodecBuffer (CodecBuffer.java:set(85)) - Successfully set constructor to LeakDetector::newCodecBuffer: org.apache.hadoop.hdds.utils.db.CodecBuffer$$Lambda/0x00007fccd47b2de0@3976dacd
2025-07-05 15:48:23,940 [main] WARN  dropwizard3.Dm3MetricRegistriesImpl (Dm3MetricRegistriesImpl.java:addReporterRegistration(114)) - New reporters are added after registries were created. Some metrics will be missing from the reporter. Please add reporter before adding any new registry.
2025-07-05 15:48:23,940 [main] WARN  dropwizard3.Dm3MetricRegistriesImpl (Dm3MetricRegistriesImpl.java:addReporterRegistration(114)) - New reporters are added after registries were created. Some metrics will be missing from the reporter. Please add reporter before adding any new registry.
2025-07-05 15:48:23,940 [main] INFO  impl.MetricsSystemImpl (MetricsSystemImpl.java:init(158)) - HddsDatanode metrics system started (again)
2025-07-05 15:48:23,962 [main] INFO  protocol.DatanodeDetails (DatanodeDetails.java:validateDatanodeIpAddress(199)) - Updating IP address of datanode 05378834-8d64-4004-85b0-7f2e6f6e22dc(localhost/null) to 127.0.0.1
2025-07-05 15:48:23,962 [main] INFO  ozone.HddsDatanodeService (HddsDatanodeService.java:start(236)) - HddsDatanodeService 05378834-8d64-4004-85b0-7f2e6f6e22dc(localhost/127.0.0.1)
2025-07-05 15:48:23,967 [main] WARN  statemachine.DatanodeConfiguration (DatanodeConfiguration.java:validateMinFreeSpace(751)) - hdds.datanode.volume.min.free.space.percent = -1.0 is invalid, should be between 0 and 1
2025-07-05 15:48:23,968 [main] INFO  upgrade.AbstractLayoutVersionManager (AbstractLayoutVersionManager.java:init(80)) - Initializing Layout version manager with metadata layout = HBASE_SUPPORT (version = 8), software layout = HBASE_SUPPORT (version = 8)
2025-07-05 15:48:23,970 [main] INFO  statemachine.DatanodeStateMachine (DatanodeStateMachine.java:getEndPointTaskThreadPoolSize(305)) - Datanode State Machine Task Thread Pool size 2
2025-07-05 15:48:23,986 [main] WARN  statemachine.DatanodeConfiguration (DatanodeConfiguration.java:validateMinFreeSpace(751)) - hdds.datanode.volume.min.free.space.percent = -1.0 is invalid, should be between 0 and 1
2025-07-05 15:48:23,991 [main] WARN  statemachine.DatanodeConfiguration (DatanodeConfiguration.java:validateMinFreeSpace(751)) - hdds.datanode.volume.min.free.space.percent = -1.0 is invalid, should be between 0 and 1
2025-07-05 15:48:23,999 [main] WARN  statemachine.DatanodeConfiguration (DatanodeConfiguration.java:validateMinFreeSpace(751)) - hdds.datanode.volume.min.free.space.percent = -1.0 is invalid, should be between 0 and 1
2025-07-05 15:48:24,007 [main] WARN  statemachine.DatanodeConfiguration (DatanodeConfiguration.java:validateMinFreeSpace(751)) - hdds.datanode.volume.min.free.space.percent = -1.0 is invalid, should be between 0 and 1
2025-07-05 15:48:24,017 [main] INFO  volume.HddsVolume (HddsVolume.java:<init>(162)) - HddsVolume: { id=DS-6310b67d-b36d-4bd4-a316-82ee1cfad549 dir=/home/runner/work/ozone/ozone/hadoop-ozone/integration-test/target/test-dir/MiniOzoneClusterImpl-0a3c97a5-d59a-4532-afef-c4940c4c02aa/ozone-meta/datanode-1/data-0/hdds type=DISK capacity=9222449699674390527 used=0 available=9222449699674390527 minFree=9222450130714624 committed=0 }
2025-07-05 15:48:24,017 [main] INFO  volume.MutableVolumeSet (MutableVolumeSet.java:initializeVolumeSet(167)) - Added Volume : /home/runner/work/ozone/ozone/hadoop-ozone/integration-test/target/test-dir/MiniOzoneClusterImpl-0a3c97a5-d59a-4532-afef-c4940c4c02aa/ozone-meta/datanode-1/data-0/hdds to VolumeSet
2025-07-05 15:48:24,019 [main] WARN  statemachine.DatanodeConfiguration (DatanodeConfiguration.java:validateMinFreeSpace(751)) - hdds.datanode.volume.min.free.space.percent = -1.0 is invalid, should be between 0 and 1
2025-07-05 15:48:24,021 [main] WARN  statemachine.DatanodeConfiguration (DatanodeConfiguration.java:validateMinFreeSpace(751)) - hdds.datanode.volume.min.free.space.percent = -1.0 is invalid, should be between 0 and 1
2025-07-05 15:48:24,022 [main] INFO  volume.MutableVolumeSet (MutableVolumeSet.java:initializeVolumeSet(167)) - Added Volume : /home/runner/work/ozone/ozone/hadoop-ozone/integration-test/target/test-dir/MiniOzoneClusterImpl-0a3c97a5-d59a-4532-afef-c4940c4c02aa/ozone-meta/datanode-1/ratis to VolumeSet
2025-07-05 15:48:24,023 [main] WARN  statemachine.DatanodeConfiguration (DatanodeConfiguration.java:validateMinFreeSpace(751)) - hdds.datanode.volume.min.free.space.percent = -1.0 is invalid, should be between 0 and 1
2025-07-05 15:48:24,024 [main] WARN  statemachine.DatanodeConfiguration (DatanodeConfiguration.java:validateMinFreeSpace(751)) - hdds.datanode.volume.min.free.space.percent = -1.0 is invalid, should be between 0 and 1
2025-07-05 15:48:24,026 [main] INFO  ozoneimpl.OzoneContainer (HddsVolumeUtil.java:loadAllHddsVolumeDbStore(102)) - Load 1 volumes DbStore cost: 1ms
2025-07-05 15:48:24,028 [main] WARN  db.DBStoreBuilder (DBStoreBuilder.java:getDBDirPath(158)) - ozone.scm.datanode.id.dir is not configured. We recommend adding this setting. Falling back to ozone.metadata.dirs instead.
2025-07-05 15:48:24,031 [main] WARN  statemachine.DatanodeConfiguration (DatanodeConfiguration.java:validateMinFreeSpace(751)) - hdds.datanode.volume.min.free.space.percent = -1.0 is invalid, should be between 0 and 1
2025-07-05 15:48:24,032 [main] WARN  db.DBStoreBuilder (DBStoreBuilder.java:getDBDirPath(158)) - ozone.scm.datanode.id.dir is not configured. We recommend adding this setting. Falling back to ozone.metadata.dirs instead.
2025-07-05 15:48:24,056 [main] WARN  statemachine.DatanodeConfiguration (DatanodeConfiguration.java:validateMinFreeSpace(751)) - hdds.datanode.volume.min.free.space.percent = -1.0 is invalid, should be between 0 and 1
2025-07-05 15:48:24,071 [main] WARN  statemachine.DatanodeConfiguration (DatanodeConfiguration.java:validateMinFreeSpace(751)) - hdds.datanode.volume.min.free.space.percent = -1.0 is invalid, should be between 0 and 1
2025-07-05 15:48:24,077 [main] INFO  impl.FilePerChunkStrategy (FilePerChunkStrategy.java:<init>(79)) - ozone.chunk.read.mapped.buffer.max.count is load with 0
2025-07-05 15:48:24,079 [main] INFO  impl.FilePerBlockStrategy (FilePerBlockStrategy.java:<init>(88)) - ozone.chunk.read.mapped.buffer.max.count is load with 0
2025-07-05 15:48:24,080 [main] WARN  statemachine.DatanodeConfiguration (DatanodeConfiguration.java:validateMinFreeSpace(751)) - hdds.datanode.volume.min.free.space.percent = -1.0 is invalid, should be between 0 and 1
2025-07-05 15:48:24,109 [main] INFO  audit.AuditLogger (AuditLogger.java:refreshDebugCmdSet(133)) - Refresh DebugCmdSet for DNAudit to [].
2025-07-05 15:48:24,121 [main] INFO  server.RaftServerConfigKeys (ConfUtils.java:logGet(62)) - raft.server.log.appender.buffer.byte-limit = 33554432 (custom)
2025-07-05 15:48:24,130 [main] INFO  grpc.GrpcConfigKeys (ConfUtils.java:logFallback(69)) - raft.grpc.admin.host = null (fallback to raft.grpc.server.host)
2025-07-05 15:48:24,130 [main] INFO  grpc.GrpcConfigKeys (ConfUtils.java:logGet(62)) - raft.grpc.admin.port = 15014 (custom)
2025-07-05 15:48:24,130 [main] INFO  grpc.GrpcConfigKeys (ConfUtils.java:logFallback(69)) - raft.grpc.client.host = null (fallback to raft.grpc.server.host)
2025-07-05 15:48:24,130 [main] INFO  grpc.GrpcConfigKeys (ConfUtils.java:logGet(62)) - raft.grpc.client.port = 15013 (custom)
2025-07-05 15:48:24,130 [main] INFO  grpc.GrpcConfigKeys (ConfUtils.java:logGet(62)) - raft.grpc.server.port = 15015 (custom)
2025-07-05 15:48:24,130 [main] INFO  server.GrpcServicesImpl (ConfUtils.java:logGet(62)) - raft.grpc.message.size.max = 34603008 (custom)
2025-07-05 15:48:24,131 [main] INFO  server.GrpcServicesImpl (ConfUtils.java:logGet(62)) - raft.grpc.flow.control.window = 5MB (=5242880) (custom)
2025-07-05 15:48:24,131 [main] INFO  server.RaftServerConfigKeys (ConfUtils.java:logGet(62)) - raft.server.log.appender.buffer.byte-limit = 33554432 (custom)
2025-07-05 15:48:24,133 [main] INFO  impl.DataStreamServerImpl (ConfUtils.java:logGet(62)) - raft.datastream.type = NETTY (custom)
2025-07-05 15:48:24,141 [main] INFO  server.RaftServerConfigKeys (ConfUtils.java:logGet(62)) - raft.server.data-stream.async.request.thread.pool.cached = false (default)
2025-07-05 15:48:24,142 [main] INFO  server.RaftServerConfigKeys (ConfUtils.java:logGet(62)) - raft.server.data-stream.async.request.thread.pool.size = 20 (custom)
2025-07-05 15:48:24,142 [main] INFO  server.RaftServerConfigKeys (ConfUtils.java:logGet(62)) - raft.server.data-stream.async.write.thread.pool.size = 16 (default)
2025-07-05 15:48:24,144 [main] INFO  netty.NettyConfigKeys$DataStream (ConfUtils.java:logGet(62)) - raft.netty.dataStream.server.channel.inactive.grace-period = 10min (default)
2025-07-05 15:48:24,144 [main] INFO  server.RaftServerConfigKeys (ConfUtils.java:logGet(62)) - raft.server.data-stream.client.pool.size = 10 (default)
2025-07-05 15:48:24,146 [main] INFO  netty.NettyConfigKeys$DataStream (ConfUtils.java:logGet(62)) - raft.netty.dataStream.server.use-epoll = true (default)
2025-07-05 15:48:24,146 [main] INFO  netty.NettyConfigKeys$DataStream (ConfUtils.java:logGet(62)) - raft.netty.dataStream.server.boss-group.size = 0 (default)
2025-07-05 15:48:24,147 [main] INFO  netty.NettyUtils (NettyUtils.java:newEventLoopGroup(74)) - Create EpollEventLoopGroup for 05378834-8d64-4004-85b0-7f2e6f6e22dc-NettyServerStreamRpc-bossGroup; Thread size is 0.
2025-07-05 15:48:24,147 [main] INFO  netty.NettyConfigKeys$DataStream (ConfUtils.java:logGet(62)) - raft.netty.dataStream.server.worker-group.size = 0 (default)
2025-07-05 15:48:24,147 [main] INFO  netty.NettyUtils (NettyUtils.java:newEventLoopGroup(74)) - Create EpollEventLoopGroup for 05378834-8d64-4004-85b0-7f2e6f6e22dc-NettyServerStreamRpc-workerGroup; Thread size is 0.
2025-07-05 15:48:24,149 [main] INFO  netty.NettyConfigKeys$DataStream (ConfUtils.java:logGet(62)) - raft.netty.dataStream.port = 15016 (custom)
2025-07-05 15:48:24,152 [main] INFO  server.RaftServerConfigKeys (ConfUtils.java:logGet(62)) - raft.server.storage.dir = [/home/runner/work/ozone/ozone/hadoop-ozone/integration-test/target/test-dir/MiniOzoneClusterImpl-0a3c97a5-d59a-4532-afef-c4940c4c02aa/ozone-meta/datanode-1/ratis] (custom)
2025-07-05 15:48:24,155 [05378834-8d64-4004-85b0-7f2e6f6e22dc-impl-thread1] INFO  server.RaftServer (RaftServerProxy.java:initGroupDir(270)) - 05378834-8d64-4004-85b0-7f2e6f6e22dc: found a subdirectory /home/runner/work/ozone/ozone/hadoop-ozone/integration-test/target/test-dir/MiniOzoneClusterImpl-0a3c97a5-d59a-4532-afef-c4940c4c02aa/ozone-meta/datanode-1/ratis/tmp
2025-07-05 15:48:24,155 [05378834-8d64-4004-85b0-7f2e6f6e22dc-impl-thread1] INFO  server.RaftServer (RaftServerProxy.java:initGroupDir(275)) - 05378834-8d64-4004-85b0-7f2e6f6e22dc: The directory /home/runner/work/ozone/ozone/hadoop-ozone/integration-test/target/test-dir/MiniOzoneClusterImpl-0a3c97a5-d59a-4532-afef-c4940c4c02aa/ozone-meta/datanode-1/ratis/tmp is not a group directory; ignoring it. 
2025-07-05 15:48:24,157 [main] INFO  replication.ReplicationServer (ReplicationServer.java:<init>(84)) - Initializing replication server with thread count = 10 queue length = 4096
2025-07-05 15:48:24,165 [05378834-8d64-4004-85b0-7f2e6f6e22dc-NettyServerStreamRpc-bossGroup--thread1] INFO  logging.LoggingHandler (AbstractInternalLogger.java:log(148)) - [id: 0x07091e6e] REGISTERED
2025-07-05 15:48:24,165 [05378834-8d64-4004-85b0-7f2e6f6e22dc-NettyServerStreamRpc-bossGroup--thread1] INFO  logging.LoggingHandler (AbstractInternalLogger.java:log(148)) - [id: 0x07091e6e] BIND: 0.0.0.0/0.0.0.0:15016
2025-07-05 15:48:24,166 [05378834-8d64-4004-85b0-7f2e6f6e22dc-NettyServerStreamRpc-bossGroup--thread1] INFO  logging.LoggingHandler (AbstractInternalLogger.java:log(148)) - [id: 0x07091e6e, L:/0.0.0.0:15016] ACTIVE
2025-07-05 15:48:24,177 [main] WARN  statemachine.DatanodeConfiguration (DatanodeConfiguration.java:validateMinFreeSpace(751)) - hdds.datanode.volume.min.free.space.percent = -1.0 is invalid, should be between 0 and 1
2025-07-05 15:48:24,178 [main] INFO  server.XceiverServerGrpc (XceiverServerGrpc.java:<init>(130)) - GrpcServer channel type EpollServerSocketChannel
2025-07-05 15:48:24,193 [main] WARN  statemachine.DatanodeConfiguration (DatanodeConfiguration.java:validateMinFreeSpace(751)) - hdds.datanode.volume.min.free.space.percent = -1.0 is invalid, should be between 0 and 1
2025-07-05 15:48:24,204 [main] INFO  replication.ReplicationSupervisor (ReplicationSupervisor.java:build(169)) - Initializing replication supervisor with thread count = 10
2025-07-05 15:48:24,205 [main] INFO  replication.ReplicationSupervisor (ReplicationSupervisor.java:nodeStateUpdated(358)) - Node state updated to IN_SERVICE, scaling executor pool size to 10
2025-07-05 15:48:24,219 [main] INFO  lib.Interns (Interns.java:removeEldestEntry(50)) - Metrics intern cache overflow at 2011 for MetricsSystem={MetricsSystem=MetricsInfoImpl{name=MetricsSystem, description=MetricsSystem}, MetricsSystem record=MetricsInfoImpl{name=MetricsSystem, description=MetricsSystem record}}
2025-07-05 15:48:24,226 [main] WARN  statemachine.DatanodeConfiguration (DatanodeConfiguration.java:validateMinFreeSpace(751)) - hdds.datanode.volume.min.free.space.percent = -1.0 is invalid, should be between 0 and 1
2025-07-05 15:48:24,246 [main] INFO  http.BaseHttpServer (BaseHttpServer.java:newHttpServer2BuilderForOzone(229)) - Starting Web-server for hddsDatanode at: http://0.0.0.0:15010
2025-07-05 15:48:24,246 [main] INFO  http.BaseHttpServer (BaseHttpServer.java:<init>(107)) - Hadoop Security Enabled: false Ozone Security Enabled: false Ozone HTTP Security Enabled: false 
2025-07-05 15:48:24,248 [main] WARN  server.AuthenticationFilter (AuthenticationFilter.java:constructSecretProvider(240)) - Unable to initialize FileSignerSecretProvider, falling back to use random secrets. Reason: Could not read signature secret file: /home/runner/hadoop-http-auth-signature-secret
2025-07-05 15:48:24,251 [main] INFO  http.HttpServer2 (HttpServer2.java:addGlobalFilter(1042)) - Added global filter 'safety' (class=org.apache.hadoop.hdds.server.http.HttpServer2$QuotingInputFilter)
2025-07-05 15:48:24,252 [main] INFO  http.HttpServer2 (HttpServer2.java:addFilter(1018)) - Added filter static_user_filter (class=org.apache.hadoop.http.lib.StaticUserWebFilter$StaticUserFilter) to context hddsDatanode
2025-07-05 15:48:24,252 [main] INFO  http.HttpServer2 (HttpServer2.java:addFilter(1026)) - Added filter static_user_filter (class=org.apache.hadoop.http.lib.StaticUserWebFilter$StaticUserFilter) to context static
2025-07-05 15:48:24,253 [main] INFO  http.HttpServer2 (HttpServer2.java:addFilter(1026)) - Added filter static_user_filter (class=org.apache.hadoop.http.lib.StaticUserWebFilter$StaticUserFilter) to context logs
2025-07-05 15:48:24,254 [main] INFO  http.BaseHttpServer (BaseHttpServer.java:<init>(195)) - HTTP server of hddsDatanode uses base directory /home/runner/work/ozone/ozone/hadoop-ozone/integration-test/target/test-dir/MiniOzoneClusterImpl-0a3c97a5-d59a-4532-afef-c4940c4c02aa/ozone-meta/datanode-1/meta/webserver
2025-07-05 15:48:24,254 [main] INFO  http.HttpServer2 (HttpServer2.java:bindListener(1242)) - Jetty bound to port 15010
2025-07-05 15:48:24,254 [main] INFO  server.Server (Server.java:doStart(375)) - jetty-9.4.57.v20241219; built: 2025-01-08T21:24:30.412Z; git: df524e6b29271c2e09ba9aea83c18dc9db464a31; jvm 21.0.7+6-LTS
2025-07-05 15:48:24,256 [main] INFO  server.session (DefaultSessionIdManager.java:doStart(334)) - DefaultSessionIdManager workerName=node0
2025-07-05 15:48:24,257 [main] INFO  server.session (DefaultSessionIdManager.java:doStart(339)) - No SessionScavenger set, using defaults
2025-07-05 15:48:24,257 [main] INFO  server.session (HouseKeeper.java:startScavenging(132)) - node0 Scavenging every 600000ms
2025-07-05 15:48:24,258 [main] INFO  handler.ContextHandler (ContextHandler.java:doStart(921)) - Started o.e.j.s.ServletContextHandler@2e1e02b8{logs,/logs,file:///home/runner/work/ozone/ozone/hadoop-ozone/integration-test/target/log,AVAILABLE}
2025-07-05 15:48:24,258 [main] INFO  handler.ContextHandler (ContextHandler.java:doStart(921)) - Started o.e.j.s.ServletContextHandler@53ab03c9{static,/static,jar:file:/home/runner/work/ozone/ozone/hadoop-hdds/container-service/target/hdds-container-service-2.1.0-SNAPSHOT.jar!/webapps/static,AVAILABLE}
2025-07-05 15:48:24,446 [main] INFO  handler.ContextHandler (ContextHandler.java:doStart(921)) - Started o.e.j.w.WebAppContext@1dc823d3{hddsDatanode,/,file:///home/runner/work/ozone/ozone/hadoop-ozone/integration-test/target/test-dir/MiniOzoneClusterImpl-0a3c97a5-d59a-4532-afef-c4940c4c02aa/ozone-meta/datanode-1/meta/webserver/jetty-0_0_0_0-15010-hdds-container-service-2_1_0-SNAPSHOT_jar-_-any-2612875460085413250/webapp/,AVAILABLE}{jar:file:/home/runner/work/ozone/ozone/hadoop-hdds/container-service/target/hdds-container-service-2.1.0-SNAPSHOT.jar!/webapps/hddsDatanode}
2025-07-05 15:48:24,447 [main] INFO  server.AbstractConnector (AbstractConnector.java:doStart(333)) - Started ServerConnector@7c99e5dd{HTTP/1.1, (http/1.1)}{0.0.0.0:15010}
2025-07-05 15:48:24,447 [main] INFO  server.Server (Server.java:doStart(415)) - Started @11567ms
2025-07-05 15:48:24,448 [main] WARN  impl.MetricsSystemImpl (MetricsSystemImpl.java:register(279)) - Sink prometheus already exists!
2025-07-05 15:48:24,448 [main] INFO  http.BaseHttpServer (BaseHttpServer.java:updateConnectorAddress(359)) - HTTP server of hddsDatanode listening at http://localhost:15010
2025-07-05 15:48:24,450 [main] INFO  ipc.CallQueueManager (CallQueueManager.java:<init>(93)) - Using callQueue: class java.util.concurrent.LinkedBlockingQueue, queueCapacity: 1000, scheduler: class org.apache.hadoop.ipc.DefaultRpcScheduler, ipcBackoff: false, ipcFailOver: false.
2025-07-05 15:48:24,451 [main] INFO  ipc.Server (Server.java:<init>(1438)) - Listener at 0.0.0.0:15011
2025-07-05 15:48:24,451 [Socket Reader #1 for port 15011] INFO  ipc.Server (Server.java:run(1474)) - Starting Socket Reader #1 for port 15011
2025-07-05 15:48:24,451 [Socket Reader #2 for port 15011] INFO  ipc.Server (Server.java:run(1474)) - Starting Socket Reader #2 for port 15011
2025-07-05 15:48:24,451 [Socket Reader #3 for port 15011] INFO  ipc.Server (Server.java:run(1474)) - Starting Socket Reader #3 for port 15011
2025-07-05 15:48:24,452 [Socket Reader #4 for port 15011] INFO  ipc.Server (Server.java:run(1474)) - Starting Socket Reader #4 for port 15011
2025-07-05 15:48:24,452 [Socket Reader #5 for port 15011] INFO  ipc.Server (Server.java:run(1474)) - Starting Socket Reader #5 for port 15011
2025-07-05 15:48:24,452 [Socket Reader #6 for port 15011] INFO  ipc.Server (Server.java:run(1474)) - Starting Socket Reader #6 for port 15011
2025-07-05 15:48:24,454 [Socket Reader #7 for port 15011] INFO  ipc.Server (Server.java:run(1474)) - Starting Socket Reader #7 for port 15011
2025-07-05 15:48:24,454 [Socket Reader #8 for port 15011] INFO  ipc.Server (Server.java:run(1474)) - Starting Socket Reader #8 for port 15011
2025-07-05 15:48:24,455 [Socket Reader #9 for port 15011] INFO  ipc.Server (Server.java:run(1474)) - Starting Socket Reader #9 for port 15011
2025-07-05 15:48:24,455 [Socket Reader #10 for port 15011] INFO  ipc.Server (Server.java:run(1474)) - Starting Socket Reader #10 for port 15011
2025-07-05 15:48:24,457 [main] INFO  ozone.HddsDatanodeService (HddsDatanodeService.java:start(333)) - Datanode start with admins: [admin, runner]
2025-07-05 15:48:24,457 [main] INFO  ozone.HddsDatanodeClientProtocolServer (HddsDatanodeClientProtocolServer.java:start(76)) - RPC server for Client /0.0.0.0:15011
2025-07-05 15:48:24,458 [IPC Server Responder] INFO  ipc.Server (Server.java:run(1713)) - IPC Server Responder: starting
2025-07-05 15:48:24,458 [IPC Server listener on 15011] INFO  ipc.Server (Server.java:run(1553)) - IPC Server listener on 15011: starting
2025-07-05 15:48:24,460 [main] WARN  dropwizard3.Dm3MetricRegistriesImpl (Dm3MetricRegistriesImpl.java:addReporterRegistration(114)) - New reporters are added after registries were created. Some metrics will be missing from the reporter. Please add reporter before adding any new registry.
2025-07-05 15:48:24,460 [main] WARN  dropwizard3.Dm3MetricRegistriesImpl (Dm3MetricRegistriesImpl.java:addReporterRegistration(114)) - New reporters are added after registries were created. Some metrics will be missing from the reporter. Please add reporter before adding any new registry.
2025-07-05 15:48:24,460 [main] INFO  impl.MetricsSystemImpl (MetricsSystemImpl.java:init(158)) - HddsDatanode metrics system started (again)
2025-07-05 15:48:24,465 [05378834-8d64-4004-85b0-7f2e6f6e22dc-DatanodeStateMachineDaemonThread] INFO  statemachine.DatanodeStateMachine (DatanodeStateMachine.java:startStateMachineThread(347)) - Ozone container server started.
2025-07-05 15:48:24,484 [main] INFO  protocol.DatanodeDetails (DatanodeDetails.java:validateDatanodeIpAddress(199)) - Updating IP address of datanode a2ddbc4c-912b-4a1a-89ce-9bbeea094c2b(localhost/null) to 127.0.0.1
2025-07-05 15:48:24,484 [main] INFO  ozone.HddsDatanodeService (HddsDatanodeService.java:start(236)) - HddsDatanodeService a2ddbc4c-912b-4a1a-89ce-9bbeea094c2b(localhost/127.0.0.1)
2025-07-05 15:48:24,489 [main] WARN  statemachine.DatanodeConfiguration (DatanodeConfiguration.java:validateMinFreeSpace(751)) - hdds.datanode.volume.min.free.space.percent = -1.0 is invalid, should be between 0 and 1
2025-07-05 15:48:24,490 [main] INFO  upgrade.AbstractLayoutVersionManager (AbstractLayoutVersionManager.java:init(80)) - Initializing Layout version manager with metadata layout = HBASE_SUPPORT (version = 8), software layout = HBASE_SUPPORT (version = 8)
2025-07-05 15:48:24,490 [main] INFO  statemachine.DatanodeStateMachine (DatanodeStateMachine.java:getEndPointTaskThreadPoolSize(305)) - Datanode State Machine Task Thread Pool size 2
2025-07-05 15:48:24,491 [main] WARN  statemachine.DatanodeConfiguration (DatanodeConfiguration.java:validateMinFreeSpace(751)) - hdds.datanode.volume.min.free.space.percent = -1.0 is invalid, should be between 0 and 1
2025-07-05 15:48:24,497 [main] WARN  statemachine.DatanodeConfiguration (DatanodeConfiguration.java:validateMinFreeSpace(751)) - hdds.datanode.volume.min.free.space.percent = -1.0 is invalid, should be between 0 and 1
2025-07-05 15:48:24,498 [main] WARN  statemachine.DatanodeConfiguration (DatanodeConfiguration.java:validateMinFreeSpace(751)) - hdds.datanode.volume.min.free.space.percent = -1.0 is invalid, should be between 0 and 1
2025-07-05 15:48:24,499 [main] WARN  statemachine.DatanodeConfiguration (DatanodeConfiguration.java:validateMinFreeSpace(751)) - hdds.datanode.volume.min.free.space.percent = -1.0 is invalid, should be between 0 and 1
2025-07-05 15:48:24,500 [main] INFO  volume.HddsVolume (HddsVolume.java:<init>(162)) - HddsVolume: { id=DS-272359a7-0ed4-42c1-88ac-63e11d401375 dir=/home/runner/work/ozone/ozone/hadoop-ozone/integration-test/target/test-dir/MiniOzoneClusterImpl-0a3c97a5-d59a-4532-afef-c4940c4c02aa/ozone-meta/datanode-2/data-0/hdds type=DISK capacity=9222449699674390527 used=0 available=9222449699674390527 minFree=9222450130714624 committed=0 }
2025-07-05 15:48:24,501 [main] INFO  volume.MutableVolumeSet (MutableVolumeSet.java:initializeVolumeSet(167)) - Added Volume : /home/runner/work/ozone/ozone/hadoop-ozone/integration-test/target/test-dir/MiniOzoneClusterImpl-0a3c97a5-d59a-4532-afef-c4940c4c02aa/ozone-meta/datanode-2/data-0/hdds to VolumeSet
2025-07-05 15:48:24,501 [main] WARN  statemachine.DatanodeConfiguration (DatanodeConfiguration.java:validateMinFreeSpace(751)) - hdds.datanode.volume.min.free.space.percent = -1.0 is invalid, should be between 0 and 1
2025-07-05 15:48:24,502 [main] WARN  statemachine.DatanodeConfiguration (DatanodeConfiguration.java:validateMinFreeSpace(751)) - hdds.datanode.volume.min.free.space.percent = -1.0 is invalid, should be between 0 and 1
2025-07-05 15:48:24,503 [main] INFO  volume.MutableVolumeSet (MutableVolumeSet.java:initializeVolumeSet(167)) - Added Volume : /home/runner/work/ozone/ozone/hadoop-ozone/integration-test/target/test-dir/MiniOzoneClusterImpl-0a3c97a5-d59a-4532-afef-c4940c4c02aa/ozone-meta/datanode-2/ratis to VolumeSet
2025-07-05 15:48:24,503 [main] WARN  statemachine.DatanodeConfiguration (DatanodeConfiguration.java:validateMinFreeSpace(751)) - hdds.datanode.volume.min.free.space.percent = -1.0 is invalid, should be between 0 and 1
2025-07-05 15:48:24,504 [main] WARN  statemachine.DatanodeConfiguration (DatanodeConfiguration.java:validateMinFreeSpace(751)) - hdds.datanode.volume.min.free.space.percent = -1.0 is invalid, should be between 0 and 1
2025-07-05 15:48:24,504 [main] INFO  ozoneimpl.OzoneContainer (HddsVolumeUtil.java:loadAllHddsVolumeDbStore(102)) - Load 1 volumes DbStore cost: 0ms
2025-07-05 15:48:24,505 [main] WARN  db.DBStoreBuilder (DBStoreBuilder.java:getDBDirPath(158)) - ozone.scm.datanode.id.dir is not configured. We recommend adding this setting. Falling back to ozone.metadata.dirs instead.
2025-07-05 15:48:24,508 [main] WARN  statemachine.DatanodeConfiguration (DatanodeConfiguration.java:validateMinFreeSpace(751)) - hdds.datanode.volume.min.free.space.percent = -1.0 is invalid, should be between 0 and 1
2025-07-05 15:48:24,508 [main] WARN  db.DBStoreBuilder (DBStoreBuilder.java:getDBDirPath(158)) - ozone.scm.datanode.id.dir is not configured. We recommend adding this setting. Falling back to ozone.metadata.dirs instead.
2025-07-05 15:48:24,524 [main] WARN  statemachine.DatanodeConfiguration (DatanodeConfiguration.java:validateMinFreeSpace(751)) - hdds.datanode.volume.min.free.space.percent = -1.0 is invalid, should be between 0 and 1
2025-07-05 15:48:24,526 [main] WARN  statemachine.DatanodeConfiguration (DatanodeConfiguration.java:validateMinFreeSpace(751)) - hdds.datanode.volume.min.free.space.percent = -1.0 is invalid, should be between 0 and 1
2025-07-05 15:48:24,526 [main] INFO  impl.FilePerChunkStrategy (FilePerChunkStrategy.java:<init>(79)) - ozone.chunk.read.mapped.buffer.max.count is load with 0
2025-07-05 15:48:24,526 [main] INFO  impl.FilePerBlockStrategy (FilePerBlockStrategy.java:<init>(88)) - ozone.chunk.read.mapped.buffer.max.count is load with 0
2025-07-05 15:48:24,527 [main] WARN  statemachine.DatanodeConfiguration (DatanodeConfiguration.java:validateMinFreeSpace(751)) - hdds.datanode.volume.min.free.space.percent = -1.0 is invalid, should be between 0 and 1
2025-07-05 15:48:24,528 [main] INFO  server.RaftServerConfigKeys (ConfUtils.java:logGet(62)) - raft.server.log.appender.buffer.byte-limit = 33554432 (custom)
2025-07-05 15:48:24,530 [main] INFO  grpc.GrpcConfigKeys (ConfUtils.java:logFallback(69)) - raft.grpc.admin.host = null (fallback to raft.grpc.server.host)
2025-07-05 15:48:24,530 [main] INFO  grpc.GrpcConfigKeys (ConfUtils.java:logGet(62)) - raft.grpc.admin.port = 15022 (custom)
2025-07-05 15:48:24,530 [main] INFO  grpc.GrpcConfigKeys (ConfUtils.java:logFallback(69)) - raft.grpc.client.host = null (fallback to raft.grpc.server.host)
2025-07-05 15:48:24,531 [main] INFO  grpc.GrpcConfigKeys (ConfUtils.java:logGet(62)) - raft.grpc.client.port = 15021 (custom)
2025-07-05 15:48:24,531 [main] INFO  grpc.GrpcConfigKeys (ConfUtils.java:logGet(62)) - raft.grpc.server.port = 15023 (custom)
2025-07-05 15:48:24,531 [main] INFO  server.GrpcServicesImpl (ConfUtils.java:logGet(62)) - raft.grpc.message.size.max = 34603008 (custom)
2025-07-05 15:48:24,531 [main] INFO  server.GrpcServicesImpl (ConfUtils.java:logGet(62)) - raft.grpc.flow.control.window = 5MB (=5242880) (custom)
2025-07-05 15:48:24,531 [main] INFO  server.RaftServerConfigKeys (ConfUtils.java:logGet(62)) - raft.server.log.appender.buffer.byte-limit = 33554432 (custom)
2025-07-05 15:48:24,533 [main] INFO  netty.NettyUtils (NettyUtils.java:newEventLoopGroup(74)) - Create EpollEventLoopGroup for a2ddbc4c-912b-4a1a-89ce-9bbeea094c2b-NettyServerStreamRpc-bossGroup; Thread size is 0.
2025-07-05 15:48:24,533 [main] INFO  netty.NettyUtils (NettyUtils.java:newEventLoopGroup(74)) - Create EpollEventLoopGroup for a2ddbc4c-912b-4a1a-89ce-9bbeea094c2b-NettyServerStreamRpc-workerGroup; Thread size is 0.
2025-07-05 15:48:24,534 [main] INFO  netty.NettyConfigKeys$DataStream (ConfUtils.java:logGet(62)) - raft.netty.dataStream.port = 15024 (custom)
2025-07-05 15:48:24,535 [main] INFO  server.RaftServerConfigKeys (ConfUtils.java:logGet(62)) - raft.server.storage.dir = [/home/runner/work/ozone/ozone/hadoop-ozone/integration-test/target/test-dir/MiniOzoneClusterImpl-0a3c97a5-d59a-4532-afef-c4940c4c02aa/ozone-meta/datanode-2/ratis] (custom)
2025-07-05 15:48:24,535 [a2ddbc4c-912b-4a1a-89ce-9bbeea094c2b-NettyServerStreamRpc-bossGroup--thread1] INFO  logging.LoggingHandler (AbstractInternalLogger.java:log(148)) - [id: 0xc7b53e1e] REGISTERED
2025-07-05 15:48:24,535 [a2ddbc4c-912b-4a1a-89ce-9bbeea094c2b-NettyServerStreamRpc-bossGroup--thread1] INFO  logging.LoggingHandler (AbstractInternalLogger.java:log(148)) - [id: 0xc7b53e1e] BIND: 0.0.0.0/0.0.0.0:15024
2025-07-05 15:48:24,535 [a2ddbc4c-912b-4a1a-89ce-9bbeea094c2b-NettyServerStreamRpc-bossGroup--thread1] INFO  logging.LoggingHandler (AbstractInternalLogger.java:log(148)) - [id: 0xc7b53e1e, L:/0.0.0.0:15024] ACTIVE
2025-07-05 15:48:24,538 [a2ddbc4c-912b-4a1a-89ce-9bbeea094c2b-impl-thread1] INFO  server.RaftServer (RaftServerProxy.java:initGroupDir(270)) - a2ddbc4c-912b-4a1a-89ce-9bbeea094c2b: found a subdirectory /home/runner/work/ozone/ozone/hadoop-ozone/integration-test/target/test-dir/MiniOzoneClusterImpl-0a3c97a5-d59a-4532-afef-c4940c4c02aa/ozone-meta/datanode-2/ratis/tmp
2025-07-05 15:48:24,538 [a2ddbc4c-912b-4a1a-89ce-9bbeea094c2b-impl-thread1] INFO  server.RaftServer (RaftServerProxy.java:initGroupDir(275)) - a2ddbc4c-912b-4a1a-89ce-9bbeea094c2b: The directory /home/runner/work/ozone/ozone/hadoop-ozone/integration-test/target/test-dir/MiniOzoneClusterImpl-0a3c97a5-d59a-4532-afef-c4940c4c02aa/ozone-meta/datanode-2/ratis/tmp is not a group directory; ignoring it. 
2025-07-05 15:48:24,538 [main] INFO  replication.ReplicationServer (ReplicationServer.java:<init>(84)) - Initializing replication server with thread count = 10 queue length = 4096
2025-07-05 15:48:24,541 [main] WARN  statemachine.DatanodeConfiguration (DatanodeConfiguration.java:validateMinFreeSpace(751)) - hdds.datanode.volume.min.free.space.percent = -1.0 is invalid, should be between 0 and 1
2025-07-05 15:48:24,541 [main] INFO  server.XceiverServerGrpc (XceiverServerGrpc.java:<init>(130)) - GrpcServer channel type EpollServerSocketChannel
2025-07-05 15:48:24,542 [main] WARN  statemachine.DatanodeConfiguration (DatanodeConfiguration.java:validateMinFreeSpace(751)) - hdds.datanode.volume.min.free.space.percent = -1.0 is invalid, should be between 0 and 1
2025-07-05 15:48:24,545 [main] INFO  replication.ReplicationSupervisor (ReplicationSupervisor.java:build(169)) - Initializing replication supervisor with thread count = 10
2025-07-05 15:48:24,545 [main] INFO  replication.ReplicationSupervisor (ReplicationSupervisor.java:nodeStateUpdated(358)) - Node state updated to IN_SERVICE, scaling executor pool size to 10
2025-07-05 15:48:24,547 [main] WARN  statemachine.DatanodeConfiguration (DatanodeConfiguration.java:validateMinFreeSpace(751)) - hdds.datanode.volume.min.free.space.percent = -1.0 is invalid, should be between 0 and 1
2025-07-05 15:48:24,549 [05378834-8d64-4004-85b0-7f2e6f6e22dc-DatanodeStateMachineTaskThread-0] INFO  datanode.InitDatanodeState (InitDatanodeState.java:persistContainerDatanodeDetails(139)) - DatanodeDetails is persisted to /home/runner/work/ozone/ozone/hadoop-ozone/integration-test/target/test-dir/MiniOzoneClusterImpl-0a3c97a5-d59a-4532-afef-c4940c4c02aa/ozone-meta/datanode-1/meta/datanode.id
2025-07-05 15:48:24,550 [main] INFO  http.BaseHttpServer (BaseHttpServer.java:newHttpServer2BuilderForOzone(229)) - Starting Web-server for hddsDatanode at: http://0.0.0.0:15018
2025-07-05 15:48:24,551 [main] INFO  http.BaseHttpServer (BaseHttpServer.java:<init>(107)) - Hadoop Security Enabled: false Ozone Security Enabled: false Ozone HTTP Security Enabled: false 
2025-07-05 15:48:24,553 [main] WARN  server.AuthenticationFilter (AuthenticationFilter.java:constructSecretProvider(240)) - Unable to initialize FileSignerSecretProvider, falling back to use random secrets. Reason: Could not read signature secret file: /home/runner/hadoop-http-auth-signature-secret
2025-07-05 15:48:24,563 [main] INFO  http.HttpServer2 (HttpServer2.java:addGlobalFilter(1042)) - Added global filter 'safety' (class=org.apache.hadoop.hdds.server.http.HttpServer2$QuotingInputFilter)
2025-07-05 15:48:24,565 [main] INFO  http.HttpServer2 (HttpServer2.java:addFilter(1018)) - Added filter static_user_filter (class=org.apache.hadoop.http.lib.StaticUserWebFilter$StaticUserFilter) to context hddsDatanode
2025-07-05 15:48:24,565 [main] INFO  http.HttpServer2 (HttpServer2.java:addFilter(1026)) - Added filter static_user_filter (class=org.apache.hadoop.http.lib.StaticUserWebFilter$StaticUserFilter) to context logs
2025-07-05 15:48:24,565 [main] INFO  http.HttpServer2 (HttpServer2.java:addFilter(1026)) - Added filter static_user_filter (class=org.apache.hadoop.http.lib.StaticUserWebFilter$StaticUserFilter) to context static
2025-07-05 15:48:24,566 [main] INFO  http.BaseHttpServer (BaseHttpServer.java:<init>(195)) - HTTP server of hddsDatanode uses base directory /home/runner/work/ozone/ozone/hadoop-ozone/integration-test/target/test-dir/MiniOzoneClusterImpl-0a3c97a5-d59a-4532-afef-c4940c4c02aa/ozone-meta/datanode-2/meta/webserver
2025-07-05 15:48:24,566 [main] INFO  http.HttpServer2 (HttpServer2.java:bindListener(1242)) - Jetty bound to port 15018
2025-07-05 15:48:24,566 [main] INFO  server.Server (Server.java:doStart(375)) - jetty-9.4.57.v20241219; built: 2025-01-08T21:24:30.412Z; git: df524e6b29271c2e09ba9aea83c18dc9db464a31; jvm 21.0.7+6-LTS
2025-07-05 15:48:24,568 [main] INFO  server.session (DefaultSessionIdManager.java:doStart(334)) - DefaultSessionIdManager workerName=node0
2025-07-05 15:48:24,568 [main] INFO  server.session (DefaultSessionIdManager.java:doStart(339)) - No SessionScavenger set, using defaults
2025-07-05 15:48:24,568 [main] INFO  server.session (HouseKeeper.java:startScavenging(132)) - node0 Scavenging every 660000ms
2025-07-05 15:48:24,570 [main] INFO  handler.ContextHandler (ContextHandler.java:doStart(921)) - Started o.e.j.s.ServletContextHandler@7fda0e89{logs,/logs,file:///home/runner/work/ozone/ozone/hadoop-ozone/integration-test/target/log,AVAILABLE}
2025-07-05 15:48:24,570 [main] INFO  handler.ContextHandler (ContextHandler.java:doStart(921)) - Started o.e.j.s.ServletContextHandler@6c262251{static,/static,jar:file:/home/runner/work/ozone/ozone/hadoop-hdds/container-service/target/hdds-container-service-2.1.0-SNAPSHOT.jar!/webapps/static,AVAILABLE}
2025-07-05 15:48:24,717 [main] INFO  handler.ContextHandler (ContextHandler.java:doStart(921)) - Started o.e.j.w.WebAppContext@55f123ce{hddsDatanode,/,file:///home/runner/work/ozone/ozone/hadoop-ozone/integration-test/target/test-dir/MiniOzoneClusterImpl-0a3c97a5-d59a-4532-afef-c4940c4c02aa/ozone-meta/datanode-2/meta/webserver/jetty-0_0_0_0-15018-hdds-container-service-2_1_0-SNAPSHOT_jar-_-any-13587703236897421047/webapp/,AVAILABLE}{jar:file:/home/runner/work/ozone/ozone/hadoop-hdds/container-service/target/hdds-container-service-2.1.0-SNAPSHOT.jar!/webapps/hddsDatanode}
2025-07-05 15:48:24,718 [main] INFO  server.AbstractConnector (AbstractConnector.java:doStart(333)) - Started ServerConnector@9322cfe{HTTP/1.1, (http/1.1)}{0.0.0.0:15018}
2025-07-05 15:48:24,718 [main] INFO  server.Server (Server.java:doStart(415)) - Started @11837ms
2025-07-05 15:48:24,718 [main] WARN  impl.MetricsSystemImpl (MetricsSystemImpl.java:register(279)) - Sink prometheus already exists!
2025-07-05 15:48:24,718 [main] INFO  http.BaseHttpServer (BaseHttpServer.java:updateConnectorAddress(359)) - HTTP server of hddsDatanode listening at http://localhost:15018
2025-07-05 15:48:24,719 [main] INFO  ipc.CallQueueManager (CallQueueManager.java:<init>(93)) - Using callQueue: class java.util.concurrent.LinkedBlockingQueue, queueCapacity: 1000, scheduler: class org.apache.hadoop.ipc.DefaultRpcScheduler, ipcBackoff: false, ipcFailOver: false.
2025-07-05 15:48:24,719 [main] INFO  ipc.Server (Server.java:<init>(1438)) - Listener at 0.0.0.0:15019
2025-07-05 15:48:24,720 [Socket Reader #1 for port 15019] INFO  ipc.Server (Server.java:run(1474)) - Starting Socket Reader #1 for port 15019
2025-07-05 15:48:24,720 [Socket Reader #3 for port 15019] INFO  ipc.Server (Server.java:run(1474)) - Starting Socket Reader #3 for port 15019
2025-07-05 15:48:24,721 [Socket Reader #2 for port 15019] INFO  ipc.Server (Server.java:run(1474)) - Starting Socket Reader #2 for port 15019
2025-07-05 15:48:24,721 [Socket Reader #4 for port 15019] INFO  ipc.Server (Server.java:run(1474)) - Starting Socket Reader #4 for port 15019
2025-07-05 15:48:24,722 [Socket Reader #5 for port 15019] INFO  ipc.Server (Server.java:run(1474)) - Starting Socket Reader #5 for port 15019
2025-07-05 15:48:24,722 [Socket Reader #6 for port 15019] INFO  ipc.Server (Server.java:run(1474)) - Starting Socket Reader #6 for port 15019
2025-07-05 15:48:24,722 [Socket Reader #7 for port 15019] INFO  ipc.Server (Server.java:run(1474)) - Starting Socket Reader #7 for port 15019
2025-07-05 15:48:24,722 [Socket Reader #8 for port 15019] INFO  ipc.Server (Server.java:run(1474)) - Starting Socket Reader #8 for port 15019
2025-07-05 15:48:24,723 [Socket Reader #9 for port 15019] INFO  ipc.Server (Server.java:run(1474)) - Starting Socket Reader #9 for port 15019
2025-07-05 15:48:24,723 [Socket Reader #10 for port 15019] INFO  ipc.Server (Server.java:run(1474)) - Starting Socket Reader #10 for port 15019
2025-07-05 15:48:24,725 [main] INFO  ozone.HddsDatanodeService (HddsDatanodeService.java:start(333)) - Datanode start with admins: [admin, runner]
2025-07-05 15:48:24,725 [main] INFO  ozone.HddsDatanodeClientProtocolServer (HddsDatanodeClientProtocolServer.java:start(76)) - RPC server for Client /0.0.0.0:15019
2025-07-05 15:48:24,726 [IPC Server Responder] INFO  ipc.Server (Server.java:run(1713)) - IPC Server Responder: starting
2025-07-05 15:48:24,726 [IPC Server listener on 15019] INFO  ipc.Server (Server.java:run(1553)) - IPC Server listener on 15019: starting
2025-07-05 15:48:24,727 [main] WARN  dropwizard3.Dm3MetricRegistriesImpl (Dm3MetricRegistriesImpl.java:addReporterRegistration(114)) - New reporters are added after registries were created. Some metrics will be missing from the reporter. Please add reporter before adding any new registry.
2025-07-05 15:48:24,727 [main] WARN  dropwizard3.Dm3MetricRegistriesImpl (Dm3MetricRegistriesImpl.java:addReporterRegistration(114)) - New reporters are added after registries were created. Some metrics will be missing from the reporter. Please add reporter before adding any new registry.
2025-07-05 15:48:24,727 [main] INFO  impl.MetricsSystemImpl (MetricsSystemImpl.java:init(158)) - HddsDatanode metrics system started (again)
2025-07-05 15:48:24,728 [a2ddbc4c-912b-4a1a-89ce-9bbeea094c2b-DatanodeStateMachineDaemonThread] INFO  statemachine.DatanodeStateMachine (DatanodeStateMachine.java:startStateMachineThread(347)) - Ozone container server started.
2025-07-05 15:48:24,733 [a2ddbc4c-912b-4a1a-89ce-9bbeea094c2b-DatanodeStateMachineTaskThread-0] INFO  datanode.InitDatanodeState (InitDatanodeState.java:persistContainerDatanodeDetails(139)) - DatanodeDetails is persisted to /home/runner/work/ozone/ozone/hadoop-ozone/integration-test/target/test-dir/MiniOzoneClusterImpl-0a3c97a5-d59a-4532-afef-c4940c4c02aa/ozone-meta/datanode-2/meta/datanode.id
2025-07-05 15:48:24,748 [main] INFO  protocol.DatanodeDetails (DatanodeDetails.java:validateDatanodeIpAddress(199)) - Updating IP address of datanode b5b4f89f-93bb-4b69-9074-7f3b90eee2a4(localhost/null) to 127.0.0.1
2025-07-05 15:48:24,748 [main] INFO  ozone.HddsDatanodeService (HddsDatanodeService.java:start(236)) - HddsDatanodeService b5b4f89f-93bb-4b69-9074-7f3b90eee2a4(localhost/127.0.0.1)
2025-07-05 15:48:24,751 [main] WARN  statemachine.DatanodeConfiguration (DatanodeConfiguration.java:validateMinFreeSpace(751)) - hdds.datanode.volume.min.free.space.percent = -1.0 is invalid, should be between 0 and 1
2025-07-05 15:48:24,751 [main] INFO  upgrade.AbstractLayoutVersionManager (AbstractLayoutVersionManager.java:init(80)) - Initializing Layout version manager with metadata layout = HBASE_SUPPORT (version = 8), software layout = HBASE_SUPPORT (version = 8)
2025-07-05 15:48:24,751 [main] INFO  statemachine.DatanodeStateMachine (DatanodeStateMachine.java:getEndPointTaskThreadPoolSize(305)) - Datanode State Machine Task Thread Pool size 2
2025-07-05 15:48:24,752 [main] WARN  statemachine.DatanodeConfiguration (DatanodeConfiguration.java:validateMinFreeSpace(751)) - hdds.datanode.volume.min.free.space.percent = -1.0 is invalid, should be between 0 and 1
2025-07-05 15:48:24,753 [main] WARN  statemachine.DatanodeConfiguration (DatanodeConfiguration.java:validateMinFreeSpace(751)) - hdds.datanode.volume.min.free.space.percent = -1.0 is invalid, should be between 0 and 1
2025-07-05 15:48:24,753 [main] WARN  statemachine.DatanodeConfiguration (DatanodeConfiguration.java:validateMinFreeSpace(751)) - hdds.datanode.volume.min.free.space.percent = -1.0 is invalid, should be between 0 and 1
2025-07-05 15:48:24,754 [main] WARN  statemachine.DatanodeConfiguration (DatanodeConfiguration.java:validateMinFreeSpace(751)) - hdds.datanode.volume.min.free.space.percent = -1.0 is invalid, should be between 0 and 1
2025-07-05 15:48:24,755 [main] INFO  volume.HddsVolume (HddsVolume.java:<init>(162)) - HddsVolume: { id=DS-6998a6d7-d55c-405c-a4af-286c3e290754 dir=/home/runner/work/ozone/ozone/hadoop-ozone/integration-test/target/test-dir/MiniOzoneClusterImpl-0a3c97a5-d59a-4532-afef-c4940c4c02aa/ozone-meta/datanode-3/data-0/hdds type=DISK capacity=9222449699674390527 used=0 available=9222449699674390527 minFree=9222450130714624 committed=0 }
2025-07-05 15:48:24,755 [main] INFO  volume.MutableVolumeSet (MutableVolumeSet.java:initializeVolumeSet(167)) - Added Volume : /home/runner/work/ozone/ozone/hadoop-ozone/integration-test/target/test-dir/MiniOzoneClusterImpl-0a3c97a5-d59a-4532-afef-c4940c4c02aa/ozone-meta/datanode-3/data-0/hdds to VolumeSet
2025-07-05 15:48:24,756 [main] WARN  statemachine.DatanodeConfiguration (DatanodeConfiguration.java:validateMinFreeSpace(751)) - hdds.datanode.volume.min.free.space.percent = -1.0 is invalid, should be between 0 and 1
2025-07-05 15:48:24,757 [main] WARN  statemachine.DatanodeConfiguration (DatanodeConfiguration.java:validateMinFreeSpace(751)) - hdds.datanode.volume.min.free.space.percent = -1.0 is invalid, should be between 0 and 1
2025-07-05 15:48:24,758 [main] INFO  volume.MutableVolumeSet (MutableVolumeSet.java:initializeVolumeSet(167)) - Added Volume : /home/runner/work/ozone/ozone/hadoop-ozone/integration-test/target/test-dir/MiniOzoneClusterImpl-0a3c97a5-d59a-4532-afef-c4940c4c02aa/ozone-meta/datanode-3/ratis to VolumeSet
2025-07-05 15:48:24,758 [main] WARN  statemachine.DatanodeConfiguration (DatanodeConfiguration.java:validateMinFreeSpace(751)) - hdds.datanode.volume.min.free.space.percent = -1.0 is invalid, should be between 0 and 1
2025-07-05 15:48:24,759 [main] WARN  statemachine.DatanodeConfiguration (DatanodeConfiguration.java:validateMinFreeSpace(751)) - hdds.datanode.volume.min.free.space.percent = -1.0 is invalid, should be between 0 and 1
2025-07-05 15:48:24,759 [main] INFO  ozoneimpl.OzoneContainer (HddsVolumeUtil.java:loadAllHddsVolumeDbStore(102)) - Load 1 volumes DbStore cost: 0ms
2025-07-05 15:48:24,759 [main] WARN  db.DBStoreBuilder (DBStoreBuilder.java:getDBDirPath(158)) - ozone.scm.datanode.id.dir is not configured. We recommend adding this setting. Falling back to ozone.metadata.dirs instead.
2025-07-05 15:48:24,760 [main] WARN  statemachine.DatanodeConfiguration (DatanodeConfiguration.java:validateMinFreeSpace(751)) - hdds.datanode.volume.min.free.space.percent = -1.0 is invalid, should be between 0 and 1
2025-07-05 15:48:24,761 [main] WARN  db.DBStoreBuilder (DBStoreBuilder.java:getDBDirPath(158)) - ozone.scm.datanode.id.dir is not configured. We recommend adding this setting. Falling back to ozone.metadata.dirs instead.
2025-07-05 15:48:24,779 [main] WARN  statemachine.DatanodeConfiguration (DatanodeConfiguration.java:validateMinFreeSpace(751)) - hdds.datanode.volume.min.free.space.percent = -1.0 is invalid, should be between 0 and 1
2025-07-05 15:48:24,780 [main] WARN  statemachine.DatanodeConfiguration (DatanodeConfiguration.java:validateMinFreeSpace(751)) - hdds.datanode.volume.min.free.space.percent = -1.0 is invalid, should be between 0 and 1
2025-07-05 15:48:24,780 [main] INFO  impl.FilePerChunkStrategy (FilePerChunkStrategy.java:<init>(79)) - ozone.chunk.read.mapped.buffer.max.count is load with 0
2025-07-05 15:48:24,780 [main] INFO  impl.FilePerBlockStrategy (FilePerBlockStrategy.java:<init>(88)) - ozone.chunk.read.mapped.buffer.max.count is load with 0
2025-07-05 15:48:24,781 [main] WARN  statemachine.DatanodeConfiguration (DatanodeConfiguration.java:validateMinFreeSpace(751)) - hdds.datanode.volume.min.free.space.percent = -1.0 is invalid, should be between 0 and 1
2025-07-05 15:48:24,782 [main] INFO  server.RaftServerConfigKeys (ConfUtils.java:logGet(62)) - raft.server.log.appender.buffer.byte-limit = 33554432 (custom)
2025-07-05 15:48:24,784 [main] INFO  grpc.GrpcConfigKeys (ConfUtils.java:logFallback(69)) - raft.grpc.admin.host = null (fallback to raft.grpc.server.host)
2025-07-05 15:48:24,784 [main] INFO  grpc.GrpcConfigKeys (ConfUtils.java:logGet(62)) - raft.grpc.admin.port = 15030 (custom)
2025-07-05 15:48:24,784 [main] INFO  grpc.GrpcConfigKeys (ConfUtils.java:logFallback(69)) - raft.grpc.client.host = null (fallback to raft.grpc.server.host)
2025-07-05 15:48:24,784 [main] INFO  grpc.GrpcConfigKeys (ConfUtils.java:logGet(62)) - raft.grpc.client.port = 15029 (custom)
2025-07-05 15:48:24,784 [main] INFO  grpc.GrpcConfigKeys (ConfUtils.java:logGet(62)) - raft.grpc.server.port = 15031 (custom)
2025-07-05 15:48:24,784 [main] INFO  server.GrpcServicesImpl (ConfUtils.java:logGet(62)) - raft.grpc.message.size.max = 34603008 (custom)
2025-07-05 15:48:24,785 [main] INFO  server.GrpcServicesImpl (ConfUtils.java:logGet(62)) - raft.grpc.flow.control.window = 5MB (=5242880) (custom)
2025-07-05 15:48:24,785 [main] INFO  server.RaftServerConfigKeys (ConfUtils.java:logGet(62)) - raft.server.log.appender.buffer.byte-limit = 33554432 (custom)
2025-07-05 15:48:24,787 [main] INFO  netty.NettyUtils (NettyUtils.java:newEventLoopGroup(74)) - Create EpollEventLoopGroup for b5b4f89f-93bb-4b69-9074-7f3b90eee2a4-NettyServerStreamRpc-bossGroup; Thread size is 0.
2025-07-05 15:48:24,787 [main] INFO  netty.NettyUtils (NettyUtils.java:newEventLoopGroup(74)) - Create EpollEventLoopGroup for b5b4f89f-93bb-4b69-9074-7f3b90eee2a4-NettyServerStreamRpc-workerGroup; Thread size is 0.
2025-07-05 15:48:24,788 [main] INFO  netty.NettyConfigKeys$DataStream (ConfUtils.java:logGet(62)) - raft.netty.dataStream.port = 15032 (custom)
2025-07-05 15:48:24,790 [b5b4f89f-93bb-4b69-9074-7f3b90eee2a4-NettyServerStreamRpc-bossGroup--thread1] INFO  logging.LoggingHandler (AbstractInternalLogger.java:log(148)) - [id: 0x1a5c9845] REGISTERED
2025-07-05 15:48:24,790 [b5b4f89f-93bb-4b69-9074-7f3b90eee2a4-NettyServerStreamRpc-bossGroup--thread1] INFO  logging.LoggingHandler (AbstractInternalLogger.java:log(148)) - [id: 0x1a5c9845] BIND: 0.0.0.0/0.0.0.0:15032
2025-07-05 15:48:24,791 [b5b4f89f-93bb-4b69-9074-7f3b90eee2a4-NettyServerStreamRpc-bossGroup--thread1] INFO  logging.LoggingHandler (AbstractInternalLogger.java:log(148)) - [id: 0x1a5c9845, L:/0.0.0.0:15032] ACTIVE
2025-07-05 15:48:24,790 [main] INFO  server.RaftServerConfigKeys (ConfUtils.java:logGet(62)) - raft.server.storage.dir = [/home/runner/work/ozone/ozone/hadoop-ozone/integration-test/target/test-dir/MiniOzoneClusterImpl-0a3c97a5-d59a-4532-afef-c4940c4c02aa/ozone-meta/datanode-3/ratis] (custom)
2025-07-05 15:48:24,793 [b5b4f89f-93bb-4b69-9074-7f3b90eee2a4-impl-thread1] INFO  server.RaftServer (RaftServerProxy.java:initGroupDir(270)) - b5b4f89f-93bb-4b69-9074-7f3b90eee2a4: found a subdirectory /home/runner/work/ozone/ozone/hadoop-ozone/integration-test/target/test-dir/MiniOzoneClusterImpl-0a3c97a5-d59a-4532-afef-c4940c4c02aa/ozone-meta/datanode-3/ratis/tmp
2025-07-05 15:48:24,793 [b5b4f89f-93bb-4b69-9074-7f3b90eee2a4-impl-thread1] INFO  server.RaftServer (RaftServerProxy.java:initGroupDir(275)) - b5b4f89f-93bb-4b69-9074-7f3b90eee2a4: The directory /home/runner/work/ozone/ozone/hadoop-ozone/integration-test/target/test-dir/MiniOzoneClusterImpl-0a3c97a5-d59a-4532-afef-c4940c4c02aa/ozone-meta/datanode-3/ratis/tmp is not a group directory; ignoring it. 
2025-07-05 15:48:24,794 [main] INFO  replication.ReplicationServer (ReplicationServer.java:<init>(84)) - Initializing replication server with thread count = 10 queue length = 4096
2025-07-05 15:48:24,795 [main] WARN  statemachine.DatanodeConfiguration (DatanodeConfiguration.java:validateMinFreeSpace(751)) - hdds.datanode.volume.min.free.space.percent = -1.0 is invalid, should be between 0 and 1
2025-07-05 15:48:24,796 [main] INFO  server.XceiverServerGrpc (XceiverServerGrpc.java:<init>(130)) - GrpcServer channel type EpollServerSocketChannel
2025-07-05 15:48:24,798 [main] WARN  statemachine.DatanodeConfiguration (DatanodeConfiguration.java:validateMinFreeSpace(751)) - hdds.datanode.volume.min.free.space.percent = -1.0 is invalid, should be between 0 and 1
2025-07-05 15:48:24,801 [main] INFO  replication.ReplicationSupervisor (ReplicationSupervisor.java:build(169)) - Initializing replication supervisor with thread count = 10
2025-07-05 15:48:24,802 [main] INFO  replication.ReplicationSupervisor (ReplicationSupervisor.java:nodeStateUpdated(358)) - Node state updated to IN_SERVICE, scaling executor pool size to 10
2025-07-05 15:48:24,805 [main] WARN  statemachine.DatanodeConfiguration (DatanodeConfiguration.java:validateMinFreeSpace(751)) - hdds.datanode.volume.min.free.space.percent = -1.0 is invalid, should be between 0 and 1
2025-07-05 15:48:24,809 [main] INFO  http.BaseHttpServer (BaseHttpServer.java:newHttpServer2BuilderForOzone(229)) - Starting Web-server for hddsDatanode at: http://0.0.0.0:15026
2025-07-05 15:48:24,809 [main] INFO  http.BaseHttpServer (BaseHttpServer.java:<init>(107)) - Hadoop Security Enabled: false Ozone Security Enabled: false Ozone HTTP Security Enabled: false 
2025-07-05 15:48:24,811 [main] WARN  server.AuthenticationFilter (AuthenticationFilter.java:constructSecretProvider(240)) - Unable to initialize FileSignerSecretProvider, falling back to use random secrets. Reason: Could not read signature secret file: /home/runner/hadoop-http-auth-signature-secret
2025-07-05 15:48:24,814 [main] INFO  http.HttpServer2 (HttpServer2.java:addGlobalFilter(1042)) - Added global filter 'safety' (class=org.apache.hadoop.hdds.server.http.HttpServer2$QuotingInputFilter)
2025-07-05 15:48:24,815 [main] INFO  http.HttpServer2 (HttpServer2.java:addFilter(1018)) - Added filter static_user_filter (class=org.apache.hadoop.http.lib.StaticUserWebFilter$StaticUserFilter) to context hddsDatanode
2025-07-05 15:48:24,816 [main] INFO  http.HttpServer2 (HttpServer2.java:addFilter(1026)) - Added filter static_user_filter (class=org.apache.hadoop.http.lib.StaticUserWebFilter$StaticUserFilter) to context static
2025-07-05 15:48:24,816 [main] INFO  http.HttpServer2 (HttpServer2.java:addFilter(1026)) - Added filter static_user_filter (class=org.apache.hadoop.http.lib.StaticUserWebFilter$StaticUserFilter) to context logs
2025-07-05 15:48:24,816 [main] INFO  http.BaseHttpServer (BaseHttpServer.java:<init>(195)) - HTTP server of hddsDatanode uses base directory /home/runner/work/ozone/ozone/hadoop-ozone/integration-test/target/test-dir/MiniOzoneClusterImpl-0a3c97a5-d59a-4532-afef-c4940c4c02aa/ozone-meta/datanode-3/meta/webserver
2025-07-05 15:48:24,817 [main] INFO  http.HttpServer2 (HttpServer2.java:bindListener(1242)) - Jetty bound to port 15026
2025-07-05 15:48:24,817 [main] INFO  server.Server (Server.java:doStart(375)) - jetty-9.4.57.v20241219; built: 2025-01-08T21:24:30.412Z; git: df524e6b29271c2e09ba9aea83c18dc9db464a31; jvm 21.0.7+6-LTS
2025-07-05 15:48:24,818 [main] INFO  server.session (DefaultSessionIdManager.java:doStart(334)) - DefaultSessionIdManager workerName=node0
2025-07-05 15:48:24,819 [main] INFO  server.session (DefaultSessionIdManager.java:doStart(339)) - No SessionScavenger set, using defaults
2025-07-05 15:48:24,819 [main] INFO  server.session (HouseKeeper.java:startScavenging(132)) - node0 Scavenging every 600000ms
2025-07-05 15:48:24,819 [main] INFO  handler.ContextHandler (ContextHandler.java:doStart(921)) - Started o.e.j.s.ServletContextHandler@48ea0ab7{logs,/logs,file:///home/runner/work/ozone/ozone/hadoop-ozone/integration-test/target/log,AVAILABLE}
2025-07-05 15:48:24,820 [main] INFO  handler.ContextHandler (ContextHandler.java:doStart(921)) - Started o.e.j.s.ServletContextHandler@2c2a6ccc{static,/static,jar:file:/home/runner/work/ozone/ozone/hadoop-hdds/container-service/target/hdds-container-service-2.1.0-SNAPSHOT.jar!/webapps/static,AVAILABLE}
2025-07-05 15:48:24,887 [om1@group-C5BA1605619E-FollowerState] INFO  impl.FollowerState (FollowerState.java:runImpl(161)) - om1@group-C5BA1605619E-FollowerState: change to CANDIDATE, lastRpcElapsedTime:1114437771ns, electionTimeout:1112ms
2025-07-05 15:48:24,888 [om1@group-C5BA1605619E-FollowerState] INFO  impl.RoleInfo (RoleInfo.java:shutdownFollowerState(121)) - om1: shutdown om1@group-C5BA1605619E-FollowerState
2025-07-05 15:48:24,888 [om1@group-C5BA1605619E-FollowerState] INFO  server.RaftServer$Division (RaftServerImpl.java:setRole(392)) - om1@group-C5BA1605619E: changes role from  FOLLOWER to CANDIDATE at term 0 for changeToCandidate
2025-07-05 15:48:24,888 [om1@group-C5BA1605619E-FollowerState] INFO  impl.RoleInfo (RoleInfo.java:updateAndGet(148)) - om1: start om1@group-C5BA1605619E-LeaderElection3
2025-07-05 15:48:24,888 [om1@group-C5BA1605619E-LeaderElection3] INFO  impl.LeaderElection (LeaderElection.java:askForVotes(448)) - om1@group-C5BA1605619E-LeaderElection3 PRE_VOTE round 0: submit vote requests at term 0 for conf: {index: -1, cur=peers:[om1|localhost:15009]|listeners:[], old=null}
2025-07-05 15:48:24,889 [om1@group-C5BA1605619E-LeaderElection3] INFO  impl.LeaderElection (LeaderElection.java:askForVotes(450)) - om1@group-C5BA1605619E-LeaderElection3 PRE_VOTE round 0: result PASSED (term=0)
2025-07-05 15:48:24,890 [om1@group-C5BA1605619E-LeaderElection3] INFO  impl.LeaderElection (LeaderElection.java:askForVotes(448)) - om1@group-C5BA1605619E-LeaderElection3 ELECTION round 0: submit vote requests at term 1 for conf: {index: -1, cur=peers:[om1|localhost:15009]|listeners:[], old=null}
2025-07-05 15:48:24,891 [om1@group-C5BA1605619E-LeaderElection3] INFO  impl.LeaderElection (LeaderElection.java:askForVotes(450)) - om1@group-C5BA1605619E-LeaderElection3 ELECTION round 0: result PASSED (term=1)
2025-07-05 15:48:24,891 [om1@group-C5BA1605619E-LeaderElection3] INFO  impl.RoleInfo (RoleInfo.java:shutdownLeaderElection(141)) - om1: shutdown om1@group-C5BA1605619E-LeaderElection3
2025-07-05 15:48:24,891 [om1@group-C5BA1605619E-LeaderElection3] INFO  server.RaftServer$Division (RaftServerImpl.java:setRole(392)) - om1@group-C5BA1605619E: changes role from CANDIDATE to LEADER at term 1 for changeToLeader
2025-07-05 15:48:24,891 [om1@group-C5BA1605619E-LeaderElection3] INFO  server.RaftServerConfigKeys (ConfUtils.java:logFallback(69)) - raft.server.staging.timeout = 3600ms (fallback to raft.server.rpc.timeout.max)
2025-07-05 15:48:24,893 [om1@group-C5BA1605619E-LeaderElection3] INFO  impl.RoleInfo (RoleInfo.java:updateAndGet(148)) - om1: start om1@group-C5BA1605619E-LeaderStateImpl
2025-07-05 15:48:24,893 [om1@group-C5BA1605619E-LeaderElection3] INFO  server.RaftServer$Division (RaftServerImpl.java:setFirstElection(576)) - om1@group-C5BA1605619E: set firstElectionSinceStartup to false for becomeLeader
2025-07-05 15:48:24,895 [om1@group-C5BA1605619E-LeaderElection3] INFO  ratis.OzoneManagerStateMachine (OzoneManagerStateMachine.java:notifyLeaderChanged(174)) - om1@group-C5BA1605619E: leader changed to om1
2025-07-05 15:48:24,896 [om1@group-C5BA1605619E-LeaderElection3] INFO  server.RaftServer$Division (ServerState.java:setLeader(272)) - om1@group-C5BA1605619E: change Leader from null to om1 at term 1 for becomeLeader, leader elected after 2344ms
2025-07-05 15:48:24,897 [om1@group-C5BA1605619E-LeaderElection3] INFO  segmented.SegmentedRaftLogWorker (SegmentedRaftLogWorker.java:startLogSegment(440)) - om1@group-C5BA1605619E-SegmentedRaftLogWorker: Starting segment from index:0
2025-07-05 15:48:24,897 [om1@group-C5BA1605619E-LeaderElection3] INFO  server.RaftServer$Division (ServerState.java:setRaftConf(386)) - om1@group-C5BA1605619E: set configuration conf: {index: 0, cur=peers:[om1|localhost:15009]|listeners:[], old=null}
2025-07-05 15:48:24,899 [om1@group-C5BA1605619E-SegmentedRaftLogWorker] INFO  segmented.BufferedWriteChannel (BufferedWriteChannel.java:open(61)) - open log_inprogress_0 at position 0
2025-07-05 15:48:24,909 [om1@group-C5BA1605619E-SegmentedRaftLogWorker] INFO  segmented.SegmentedRaftLogWorker (SegmentedRaftLogWorker.java:execute(647)) - om1@group-C5BA1605619E-SegmentedRaftLogWorker: created new log segment /home/runner/work/ozone/ozone/hadoop-ozone/integration-test/target/test-dir/MiniOzoneClusterImpl-0a3c97a5-d59a-4532-afef-c4940c4c02aa/ozone-meta/ratis/bf265839-605b-3f16-9796-c5ba1605619e/current/log_inprogress_0
2025-07-05 15:48:24,911 [om1@group-C5BA1605619E-StateMachineUpdater] INFO  ratis.OzoneManagerStateMachine (OzoneManagerStateMachine.java:notifyConfigurationChanged(236)) - notifyConfigurationChanged from Ratis: term=1, index=0, New Peer list: om1(localhost:15009)
2025-07-05 15:48:24,912 [om1@group-C5BA1605619E-StateMachineUpdater] INFO  server.RaftServer$Division (LeaderStateImpl.java:checkStartIndex(309)) - Leader om1@group-C5BA1605619E-LeaderStateImpl is ready since appliedIndex == startIndex == 0
2025-07-05 15:48:24,983 [main] INFO  handler.ContextHandler (ContextHandler.java:doStart(921)) - Started o.e.j.w.WebAppContext@3752408b{hddsDatanode,/,file:///home/runner/work/ozone/ozone/hadoop-ozone/integration-test/target/test-dir/MiniOzoneClusterImpl-0a3c97a5-d59a-4532-afef-c4940c4c02aa/ozone-meta/datanode-3/meta/webserver/jetty-0_0_0_0-15026-hdds-container-service-2_1_0-SNAPSHOT_jar-_-any-4816923168735336481/webapp/,AVAILABLE}{jar:file:/home/runner/work/ozone/ozone/hadoop-hdds/container-service/target/hdds-container-service-2.1.0-SNAPSHOT.jar!/webapps/hddsDatanode}
2025-07-05 15:48:24,984 [main] INFO  server.AbstractConnector (AbstractConnector.java:doStart(333)) - Started ServerConnector@5c2bccb5{HTTP/1.1, (http/1.1)}{0.0.0.0:15026}
2025-07-05 15:48:24,984 [main] INFO  server.Server (Server.java:doStart(415)) - Started @12104ms
2025-07-05 15:48:24,985 [main] WARN  impl.MetricsSystemImpl (MetricsSystemImpl.java:register(279)) - Sink prometheus already exists!
2025-07-05 15:48:24,985 [main] INFO  http.BaseHttpServer (BaseHttpServer.java:updateConnectorAddress(359)) - HTTP server of hddsDatanode listening at http://localhost:15026
2025-07-05 15:48:24,985 [main] INFO  ipc.CallQueueManager (CallQueueManager.java:<init>(93)) - Using callQueue: class java.util.concurrent.LinkedBlockingQueue, queueCapacity: 1000, scheduler: class org.apache.hadoop.ipc.DefaultRpcScheduler, ipcBackoff: false, ipcFailOver: false.
2025-07-05 15:48:24,985 [main] INFO  ipc.Server (Server.java:<init>(1438)) - Listener at 0.0.0.0:15027
2025-07-05 15:48:24,986 [Socket Reader #1 for port 15027] INFO  ipc.Server (Server.java:run(1474)) - Starting Socket Reader #1 for port 15027
2025-07-05 15:48:24,986 [Socket Reader #2 for port 15027] INFO  ipc.Server (Server.java:run(1474)) - Starting Socket Reader #2 for port 15027
2025-07-05 15:48:24,986 [Socket Reader #3 for port 15027] INFO  ipc.Server (Server.java:run(1474)) - Starting Socket Reader #3 for port 15027
2025-07-05 15:48:24,987 [Socket Reader #4 for port 15027] INFO  ipc.Server (Server.java:run(1474)) - Starting Socket Reader #4 for port 15027
2025-07-05 15:48:24,987 [Socket Reader #5 for port 15027] INFO  ipc.Server (Server.java:run(1474)) - Starting Socket Reader #5 for port 15027
2025-07-05 15:48:24,987 [Socket Reader #6 for port 15027] INFO  ipc.Server (Server.java:run(1474)) - Starting Socket Reader #6 for port 15027
2025-07-05 15:48:24,988 [Socket Reader #7 for port 15027] INFO  ipc.Server (Server.java:run(1474)) - Starting Socket Reader #7 for port 15027
2025-07-05 15:48:24,988 [Socket Reader #8 for port 15027] INFO  ipc.Server (Server.java:run(1474)) - Starting Socket Reader #8 for port 15027
2025-07-05 15:48:24,988 [Socket Reader #9 for port 15027] INFO  ipc.Server (Server.java:run(1474)) - Starting Socket Reader #9 for port 15027
2025-07-05 15:48:24,989 [Socket Reader #10 for port 15027] INFO  ipc.Server (Server.java:run(1474)) - Starting Socket Reader #10 for port 15027
2025-07-05 15:48:24,991 [main] INFO  ozone.HddsDatanodeService (HddsDatanodeService.java:start(333)) - Datanode start with admins: [admin, runner]
2025-07-05 15:48:24,991 [main] INFO  ozone.HddsDatanodeClientProtocolServer (HddsDatanodeClientProtocolServer.java:start(76)) - RPC server for Client /0.0.0.0:15027
2025-07-05 15:48:24,991 [IPC Server Responder] INFO  ipc.Server (Server.java:run(1713)) - IPC Server Responder: starting
2025-07-05 15:48:24,991 [IPC Server listener on 15027] INFO  ipc.Server (Server.java:run(1553)) - IPC Server listener on 15027: starting
2025-07-05 15:48:24,993 [main] WARN  dropwizard3.Dm3MetricRegistriesImpl (Dm3MetricRegistriesImpl.java:addReporterRegistration(114)) - New reporters are added after registries were created. Some metrics will be missing from the reporter. Please add reporter before adding any new registry.
2025-07-05 15:48:24,993 [main] WARN  dropwizard3.Dm3MetricRegistriesImpl (Dm3MetricRegistriesImpl.java:addReporterRegistration(114)) - New reporters are added after registries were created. Some metrics will be missing from the reporter. Please add reporter before adding any new registry.
2025-07-05 15:48:24,993 [main] INFO  impl.MetricsSystemImpl (MetricsSystemImpl.java:init(158)) - HddsDatanode metrics system started (again)
2025-07-05 15:48:24,995 [b5b4f89f-93bb-4b69-9074-7f3b90eee2a4-DatanodeStateMachineDaemonThread] INFO  statemachine.DatanodeStateMachine (DatanodeStateMachine.java:startStateMachineThread(347)) - Ozone container server started.
2025-07-05 15:48:25,001 [b5b4f89f-93bb-4b69-9074-7f3b90eee2a4-DatanodeStateMachineTaskThread-0] INFO  datanode.InitDatanodeState (InitDatanodeState.java:persistContainerDatanodeDetails(139)) - DatanodeDetails is persisted to /home/runner/work/ozone/ozone/hadoop-ozone/integration-test/target/test-dir/MiniOzoneClusterImpl-0a3c97a5-d59a-4532-afef-c4940c4c02aa/ozone-meta/datanode-3/meta/datanode.id
2025-07-05 15:48:25,012 [main] INFO  protocol.DatanodeDetails (DatanodeDetails.java:validateDatanodeIpAddress(199)) - Updating IP address of datanode 2e56514c-0608-4198-9fed-b4eba4d3d686(localhost/null) to 127.0.0.1
2025-07-05 15:48:25,012 [main] INFO  ozone.HddsDatanodeService (HddsDatanodeService.java:start(236)) - HddsDatanodeService 2e56514c-0608-4198-9fed-b4eba4d3d686(localhost/127.0.0.1)
2025-07-05 15:48:25,015 [main] WARN  statemachine.DatanodeConfiguration (DatanodeConfiguration.java:validateMinFreeSpace(751)) - hdds.datanode.volume.min.free.space.percent = -1.0 is invalid, should be between 0 and 1
2025-07-05 15:48:25,016 [main] INFO  upgrade.AbstractLayoutVersionManager (AbstractLayoutVersionManager.java:init(80)) - Initializing Layout version manager with metadata layout = HBASE_SUPPORT (version = 8), software layout = HBASE_SUPPORT (version = 8)
2025-07-05 15:48:25,016 [main] INFO  statemachine.DatanodeStateMachine (DatanodeStateMachine.java:getEndPointTaskThreadPoolSize(305)) - Datanode State Machine Task Thread Pool size 2
2025-07-05 15:48:25,017 [main] WARN  statemachine.DatanodeConfiguration (DatanodeConfiguration.java:validateMinFreeSpace(751)) - hdds.datanode.volume.min.free.space.percent = -1.0 is invalid, should be between 0 and 1
2025-07-05 15:48:25,017 [main] WARN  statemachine.DatanodeConfiguration (DatanodeConfiguration.java:validateMinFreeSpace(751)) - hdds.datanode.volume.min.free.space.percent = -1.0 is invalid, should be between 0 and 1
2025-07-05 15:48:25,018 [main] WARN  statemachine.DatanodeConfiguration (DatanodeConfiguration.java:validateMinFreeSpace(751)) - hdds.datanode.volume.min.free.space.percent = -1.0 is invalid, should be between 0 and 1
2025-07-05 15:48:25,028 [main] WARN  statemachine.DatanodeConfiguration (DatanodeConfiguration.java:validateMinFreeSpace(751)) - hdds.datanode.volume.min.free.space.percent = -1.0 is invalid, should be between 0 and 1
2025-07-05 15:48:25,030 [main] INFO  volume.HddsVolume (HddsVolume.java:<init>(162)) - HddsVolume: { id=DS-3a21093b-3f56-4ee6-81e0-26eff7889ba4 dir=/home/runner/work/ozone/ozone/hadoop-ozone/integration-test/target/test-dir/MiniOzoneClusterImpl-0a3c97a5-d59a-4532-afef-c4940c4c02aa/ozone-meta/datanode-4/data-0/hdds type=DISK capacity=9222449699674390527 used=0 available=9222449699674390527 minFree=9222450130714624 committed=0 }
2025-07-05 15:48:25,030 [main] INFO  volume.MutableVolumeSet (MutableVolumeSet.java:initializeVolumeSet(167)) - Added Volume : /home/runner/work/ozone/ozone/hadoop-ozone/integration-test/target/test-dir/MiniOzoneClusterImpl-0a3c97a5-d59a-4532-afef-c4940c4c02aa/ozone-meta/datanode-4/data-0/hdds to VolumeSet
2025-07-05 15:48:25,030 [main] WARN  statemachine.DatanodeConfiguration (DatanodeConfiguration.java:validateMinFreeSpace(751)) - hdds.datanode.volume.min.free.space.percent = -1.0 is invalid, should be between 0 and 1
2025-07-05 15:48:25,031 [main] WARN  statemachine.DatanodeConfiguration (DatanodeConfiguration.java:validateMinFreeSpace(751)) - hdds.datanode.volume.min.free.space.percent = -1.0 is invalid, should be between 0 and 1
2025-07-05 15:48:25,032 [main] INFO  volume.MutableVolumeSet (MutableVolumeSet.java:initializeVolumeSet(167)) - Added Volume : /home/runner/work/ozone/ozone/hadoop-ozone/integration-test/target/test-dir/MiniOzoneClusterImpl-0a3c97a5-d59a-4532-afef-c4940c4c02aa/ozone-meta/datanode-4/ratis to VolumeSet
2025-07-05 15:48:25,033 [main] WARN  statemachine.DatanodeConfiguration (DatanodeConfiguration.java:validateMinFreeSpace(751)) - hdds.datanode.volume.min.free.space.percent = -1.0 is invalid, should be between 0 and 1
2025-07-05 15:48:25,035 [main] WARN  statemachine.DatanodeConfiguration (DatanodeConfiguration.java:validateMinFreeSpace(751)) - hdds.datanode.volume.min.free.space.percent = -1.0 is invalid, should be between 0 and 1
2025-07-05 15:48:25,035 [main] INFO  ozoneimpl.OzoneContainer (HddsVolumeUtil.java:loadAllHddsVolumeDbStore(102)) - Load 1 volumes DbStore cost: 0ms
2025-07-05 15:48:25,035 [main] WARN  db.DBStoreBuilder (DBStoreBuilder.java:getDBDirPath(158)) - ozone.scm.datanode.id.dir is not configured. We recommend adding this setting. Falling back to ozone.metadata.dirs instead.
2025-07-05 15:48:25,036 [05378834-8d64-4004-85b0-7f2e6f6e22dc-EndpointStateMachineTaskThread-/0.0.0.0:15002-0 ] WARN  statemachine.DatanodeConfiguration (DatanodeConfiguration.java:validateMinFreeSpace(751)) - hdds.datanode.volume.min.free.space.percent = -1.0 is invalid, should be between 0 and 1
2025-07-05 15:48:25,036 [main] WARN  statemachine.DatanodeConfiguration (DatanodeConfiguration.java:validateMinFreeSpace(751)) - hdds.datanode.volume.min.free.space.percent = -1.0 is invalid, should be between 0 and 1
2025-07-05 15:48:25,037 [main] WARN  db.DBStoreBuilder (DBStoreBuilder.java:getDBDirPath(158)) - ozone.scm.datanode.id.dir is not configured. We recommend adding this setting. Falling back to ozone.metadata.dirs instead.
2025-07-05 15:48:25,038 [05378834-8d64-4004-85b0-7f2e6f6e22dc-EndpointStateMachineTaskThread-/0.0.0.0:15002-0 ] WARN  statemachine.DatanodeConfiguration (DatanodeConfiguration.java:validateMinFreeSpace(751)) - hdds.datanode.volume.min.free.space.percent = -1.0 is invalid, should be between 0 and 1
2025-07-05 15:48:25,039 [05378834-8d64-4004-85b0-7f2e6f6e22dc-EndpointStateMachineTaskThread-/0.0.0.0:15002-0 ] WARN  statemachine.DatanodeConfiguration (DatanodeConfiguration.java:validateMinFreeSpace(751)) - hdds.datanode.volume.min.free.space.percent = -1.0 is invalid, should be between 0 and 1
2025-07-05 15:48:25,051 [main] WARN  statemachine.DatanodeConfiguration (DatanodeConfiguration.java:validateMinFreeSpace(751)) - hdds.datanode.volume.min.free.space.percent = -1.0 is invalid, should be between 0 and 1
2025-07-05 15:48:25,053 [main] WARN  statemachine.DatanodeConfiguration (DatanodeConfiguration.java:validateMinFreeSpace(751)) - hdds.datanode.volume.min.free.space.percent = -1.0 is invalid, should be between 0 and 1
2025-07-05 15:48:25,053 [main] INFO  impl.FilePerChunkStrategy (FilePerChunkStrategy.java:<init>(79)) - ozone.chunk.read.mapped.buffer.max.count is load with 0
2025-07-05 15:48:25,053 [main] INFO  impl.FilePerBlockStrategy (FilePerBlockStrategy.java:<init>(88)) - ozone.chunk.read.mapped.buffer.max.count is load with 0
2025-07-05 15:48:25,053 [main] WARN  statemachine.DatanodeConfiguration (DatanodeConfiguration.java:validateMinFreeSpace(751)) - hdds.datanode.volume.min.free.space.percent = -1.0 is invalid, should be between 0 and 1
2025-07-05 15:48:25,054 [main] INFO  server.RaftServerConfigKeys (ConfUtils.java:logGet(62)) - raft.server.log.appender.buffer.byte-limit = 33554432 (custom)
2025-07-05 15:48:25,057 [main] INFO  grpc.GrpcConfigKeys (ConfUtils.java:logFallback(69)) - raft.grpc.admin.host = null (fallback to raft.grpc.server.host)
2025-07-05 15:48:25,057 [main] INFO  grpc.GrpcConfigKeys (ConfUtils.java:logGet(62)) - raft.grpc.admin.port = 15038 (custom)
2025-07-05 15:48:25,057 [main] INFO  grpc.GrpcConfigKeys (ConfUtils.java:logFallback(69)) - raft.grpc.client.host = null (fallback to raft.grpc.server.host)
2025-07-05 15:48:25,057 [main] INFO  grpc.GrpcConfigKeys (ConfUtils.java:logGet(62)) - raft.grpc.client.port = 15037 (custom)
2025-07-05 15:48:25,057 [main] INFO  grpc.GrpcConfigKeys (ConfUtils.java:logGet(62)) - raft.grpc.server.port = 15039 (custom)
2025-07-05 15:48:25,058 [main] INFO  server.GrpcServicesImpl (ConfUtils.java:logGet(62)) - raft.grpc.message.size.max = 34603008 (custom)
2025-07-05 15:48:25,058 [main] INFO  server.GrpcServicesImpl (ConfUtils.java:logGet(62)) - raft.grpc.flow.control.window = 5MB (=5242880) (custom)
2025-07-05 15:48:25,058 [main] INFO  server.RaftServerConfigKeys (ConfUtils.java:logGet(62)) - raft.server.log.appender.buffer.byte-limit = 33554432 (custom)
2025-07-05 15:48:25,061 [main] INFO  netty.NettyUtils (NettyUtils.java:newEventLoopGroup(74)) - Create EpollEventLoopGroup for 2e56514c-0608-4198-9fed-b4eba4d3d686-NettyServerStreamRpc-bossGroup; Thread size is 0.
2025-07-05 15:48:25,062 [main] INFO  netty.NettyUtils (NettyUtils.java:newEventLoopGroup(74)) - Create EpollEventLoopGroup for 2e56514c-0608-4198-9fed-b4eba4d3d686-NettyServerStreamRpc-workerGroup; Thread size is 0.
2025-07-05 15:48:25,063 [main] INFO  netty.NettyConfigKeys$DataStream (ConfUtils.java:logGet(62)) - raft.netty.dataStream.port = 15040 (custom)
2025-07-05 15:48:25,065 [main] INFO  server.RaftServerConfigKeys (ConfUtils.java:logGet(62)) - raft.server.storage.dir = [/home/runner/work/ozone/ozone/hadoop-ozone/integration-test/target/test-dir/MiniOzoneClusterImpl-0a3c97a5-d59a-4532-afef-c4940c4c02aa/ozone-meta/datanode-4/ratis] (custom)
2025-07-05 15:48:25,065 [2e56514c-0608-4198-9fed-b4eba4d3d686-NettyServerStreamRpc-bossGroup--thread1] INFO  logging.LoggingHandler (AbstractInternalLogger.java:log(148)) - [id: 0x96a45795] REGISTERED
2025-07-05 15:48:25,065 [2e56514c-0608-4198-9fed-b4eba4d3d686-NettyServerStreamRpc-bossGroup--thread1] INFO  logging.LoggingHandler (AbstractInternalLogger.java:log(148)) - [id: 0x96a45795] BIND: 0.0.0.0/0.0.0.0:15040
2025-07-05 15:48:25,066 [2e56514c-0608-4198-9fed-b4eba4d3d686-NettyServerStreamRpc-bossGroup--thread1] INFO  logging.LoggingHandler (AbstractInternalLogger.java:log(148)) - [id: 0x96a45795, L:/0.0.0.0:15040] ACTIVE
2025-07-05 15:48:25,067 [2e56514c-0608-4198-9fed-b4eba4d3d686-impl-thread1] INFO  server.RaftServer (RaftServerProxy.java:initGroupDir(270)) - 2e56514c-0608-4198-9fed-b4eba4d3d686: found a subdirectory /home/runner/work/ozone/ozone/hadoop-ozone/integration-test/target/test-dir/MiniOzoneClusterImpl-0a3c97a5-d59a-4532-afef-c4940c4c02aa/ozone-meta/datanode-4/ratis/tmp
2025-07-05 15:48:25,067 [2e56514c-0608-4198-9fed-b4eba4d3d686-impl-thread1] INFO  server.RaftServer (RaftServerProxy.java:initGroupDir(275)) - 2e56514c-0608-4198-9fed-b4eba4d3d686: The directory /home/runner/work/ozone/ozone/hadoop-ozone/integration-test/target/test-dir/MiniOzoneClusterImpl-0a3c97a5-d59a-4532-afef-c4940c4c02aa/ozone-meta/datanode-4/ratis/tmp is not a group directory; ignoring it. 
2025-07-05 15:48:25,067 [main] INFO  replication.ReplicationServer (ReplicationServer.java:<init>(84)) - Initializing replication server with thread count = 10 queue length = 4096
2025-07-05 15:48:25,068 [main] WARN  statemachine.DatanodeConfiguration (DatanodeConfiguration.java:validateMinFreeSpace(751)) - hdds.datanode.volume.min.free.space.percent = -1.0 is invalid, should be between 0 and 1
2025-07-05 15:48:25,069 [main] INFO  server.XceiverServerGrpc (XceiverServerGrpc.java:<init>(130)) - GrpcServer channel type EpollServerSocketChannel
2025-07-05 15:48:25,071 [main] WARN  statemachine.DatanodeConfiguration (DatanodeConfiguration.java:validateMinFreeSpace(751)) - hdds.datanode.volume.min.free.space.percent = -1.0 is invalid, should be between 0 and 1
2025-07-05 15:48:25,073 [main] INFO  replication.ReplicationSupervisor (ReplicationSupervisor.java:build(169)) - Initializing replication supervisor with thread count = 10
2025-07-05 15:48:25,073 [main] INFO  replication.ReplicationSupervisor (ReplicationSupervisor.java:nodeStateUpdated(358)) - Node state updated to IN_SERVICE, scaling executor pool size to 10
2025-07-05 15:48:25,076 [main] WARN  statemachine.DatanodeConfiguration (DatanodeConfiguration.java:validateMinFreeSpace(751)) - hdds.datanode.volume.min.free.space.percent = -1.0 is invalid, should be between 0 and 1
2025-07-05 15:48:25,079 [main] INFO  http.BaseHttpServer (BaseHttpServer.java:newHttpServer2BuilderForOzone(229)) - Starting Web-server for hddsDatanode at: http://0.0.0.0:15034
2025-07-05 15:48:25,079 [main] INFO  http.BaseHttpServer (BaseHttpServer.java:<init>(107)) - Hadoop Security Enabled: false Ozone Security Enabled: false Ozone HTTP Security Enabled: false 
2025-07-05 15:48:25,081 [main] WARN  server.AuthenticationFilter (AuthenticationFilter.java:constructSecretProvider(240)) - Unable to initialize FileSignerSecretProvider, falling back to use random secrets. Reason: Could not read signature secret file: /home/runner/hadoop-http-auth-signature-secret
2025-07-05 15:48:25,084 [main] INFO  http.HttpServer2 (HttpServer2.java:addGlobalFilter(1042)) - Added global filter 'safety' (class=org.apache.hadoop.hdds.server.http.HttpServer2$QuotingInputFilter)
2025-07-05 15:48:25,085 [main] INFO  http.HttpServer2 (HttpServer2.java:addFilter(1018)) - Added filter static_user_filter (class=org.apache.hadoop.http.lib.StaticUserWebFilter$StaticUserFilter) to context hddsDatanode
2025-07-05 15:48:25,085 [main] INFO  http.HttpServer2 (HttpServer2.java:addFilter(1026)) - Added filter static_user_filter (class=org.apache.hadoop.http.lib.StaticUserWebFilter$StaticUserFilter) to context logs
2025-07-05 15:48:25,086 [main] INFO  http.HttpServer2 (HttpServer2.java:addFilter(1026)) - Added filter static_user_filter (class=org.apache.hadoop.http.lib.StaticUserWebFilter$StaticUserFilter) to context static
2025-07-05 15:48:25,086 [main] INFO  http.BaseHttpServer (BaseHttpServer.java:<init>(195)) - HTTP server of hddsDatanode uses base directory /home/runner/work/ozone/ozone/hadoop-ozone/integration-test/target/test-dir/MiniOzoneClusterImpl-0a3c97a5-d59a-4532-afef-c4940c4c02aa/ozone-meta/datanode-4/meta/webserver
2025-07-05 15:48:25,087 [main] INFO  http.HttpServer2 (HttpServer2.java:bindListener(1242)) - Jetty bound to port 15034
2025-07-05 15:48:25,087 [main] INFO  server.Server (Server.java:doStart(375)) - jetty-9.4.57.v20241219; built: 2025-01-08T21:24:30.412Z; git: df524e6b29271c2e09ba9aea83c18dc9db464a31; jvm 21.0.7+6-LTS
2025-07-05 15:48:25,087 [05378834-8d64-4004-85b0-7f2e6f6e22dc-EndpointStateMachineTaskThread-/0.0.0.0:15002-0 ] INFO  utils.DatanodeStoreCache (DatanodeStoreCache.java:addDB(70)) - Added db /home/runner/work/ozone/ozone/hadoop-ozone/integration-test/target/test-dir/MiniOzoneClusterImpl-0a3c97a5-d59a-4532-afef-c4940c4c02aa/ozone-meta/datanode-1/data-0/hdds/0a3c97a5-d59a-4532-afef-c4940c4c02aa/DS-92f6a7d6-ada4-4751-a406-b8d1ef3906d1/container.db to cache
2025-07-05 15:48:25,088 [05378834-8d64-4004-85b0-7f2e6f6e22dc-EndpointStateMachineTaskThread-/0.0.0.0:15002-0 ] INFO  volume.HddsVolume (HddsVolume.java:createDbStore(575)) - SchemaV3 db is created and loaded at /home/runner/work/ozone/ozone/hadoop-ozone/integration-test/target/test-dir/MiniOzoneClusterImpl-0a3c97a5-d59a-4532-afef-c4940c4c02aa/ozone-meta/datanode-1/data-0/hdds/0a3c97a5-d59a-4532-afef-c4940c4c02aa/DS-92f6a7d6-ada4-4751-a406-b8d1ef3906d1/container.db for volume DS-92f6a7d6-ada4-4751-a406-b8d1ef3906d1
2025-07-05 15:48:25,088 [05378834-8d64-4004-85b0-7f2e6f6e22dc-EndpointStateMachineTaskThread-/0.0.0.0:15002-0 ] WARN  statemachine.DatanodeConfiguration (DatanodeConfiguration.java:validateMinFreeSpace(751)) - hdds.datanode.volume.min.free.space.percent = -1.0 is invalid, should be between 0 and 1
2025-07-05 15:48:25,093 [main] INFO  server.session (DefaultSessionIdManager.java:doStart(334)) - DefaultSessionIdManager workerName=node0
2025-07-05 15:48:25,093 [main] INFO  server.session (DefaultSessionIdManager.java:doStart(339)) - No SessionScavenger set, using defaults
2025-07-05 15:48:25,093 [main] INFO  server.session (HouseKeeper.java:startScavenging(132)) - node0 Scavenging every 600000ms
2025-07-05 15:48:25,094 [main] INFO  handler.ContextHandler (ContextHandler.java:doStart(921)) - Started o.e.j.s.ServletContextHandler@62129091{logs,/logs,file:///home/runner/work/ozone/ozone/hadoop-ozone/integration-test/target/log,AVAILABLE}
2025-07-05 15:48:25,094 [main] INFO  handler.ContextHandler (ContextHandler.java:doStart(921)) - Started o.e.j.s.ServletContextHandler@5c43f48f{static,/static,jar:file:/home/runner/work/ozone/ozone/hadoop-hdds/container-service/target/hdds-container-service-2.1.0-SNAPSHOT.jar!/webapps/static,AVAILABLE}
2025-07-05 15:48:25,097 [05378834-8d64-4004-85b0-7f2e6f6e22dc-ContainerReader-0] INFO  ozoneimpl.ContainerReader (ContainerReader.java:readVolume(144)) - Start to verify containers on volume /home/runner/work/ozone/ozone/hadoop-ozone/integration-test/target/test-dir/MiniOzoneClusterImpl-0a3c97a5-d59a-4532-afef-c4940c4c02aa/ozone-meta/datanode-1/data-0/hdds
2025-07-05 15:48:25,097 [05378834-8d64-4004-85b0-7f2e6f6e22dc-ContainerReader-0] INFO  ozoneimpl.ContainerReader (ContainerReader.java:readVolume(174)) - Finish verifying containers on volume /home/runner/work/ozone/ozone/hadoop-ozone/integration-test/target/test-dir/MiniOzoneClusterImpl-0a3c97a5-d59a-4532-afef-c4940c4c02aa/ozone-meta/datanode-1/data-0/hdds
2025-07-05 15:48:25,098 [05378834-8d64-4004-85b0-7f2e6f6e22dc-EndpointStateMachineTaskThread-/0.0.0.0:15002-0 ] INFO  ozoneimpl.OzoneContainer (OzoneContainer.java:buildContainerSet(370)) - Build ContainerSet costs 0s
2025-07-05 15:48:25,099 [05378834-8d64-4004-85b0-7f2e6f6e22dc-EndpointStateMachineTaskThread-/0.0.0.0:15002-0 ] INFO  volume.ThrottledAsyncChecker (ThrottledAsyncChecker.java:schedule(138)) - Scheduling a check for /home/runner/work/ozone/ozone/hadoop-ozone/integration-test/target/test-dir/MiniOzoneClusterImpl-0a3c97a5-d59a-4532-afef-c4940c4c02aa/ozone-meta/datanode-1/data-0/hdds
2025-07-05 15:48:25,106 [05378834-8d64-4004-85b0-7f2e6f6e22dc-EndpointStateMachineTaskThread-/0.0.0.0:15002-0 ] INFO  volume.StorageVolumeChecker (StorageVolumeChecker.java:checkAllVolumes(215)) - Scheduled health check for volume /home/runner/work/ozone/ozone/hadoop-ozone/integration-test/target/test-dir/MiniOzoneClusterImpl-0a3c97a5-d59a-4532-afef-c4940c4c02aa/ozone-meta/datanode-1/data-0/hdds
2025-07-05 15:48:25,115 [05378834-8d64-4004-85b0-7f2e6f6e22dc-EndpointStateMachineTaskThread-/0.0.0.0:15002-0 ] INFO  volume.ThrottledAsyncChecker (ThrottledAsyncChecker.java:schedule(138)) - Scheduling a check for /home/runner/work/ozone/ozone/hadoop-ozone/integration-test/target/test-dir/MiniOzoneClusterImpl-0a3c97a5-d59a-4532-afef-c4940c4c02aa/ozone-meta/datanode-1/ratis
2025-07-05 15:48:25,115 [05378834-8d64-4004-85b0-7f2e6f6e22dc-EndpointStateMachineTaskThread-/0.0.0.0:15002-0 ] INFO  volume.StorageVolumeChecker (StorageVolumeChecker.java:checkAllVolumes(215)) - Scheduled health check for volume /home/runner/work/ozone/ozone/hadoop-ozone/integration-test/target/test-dir/MiniOzoneClusterImpl-0a3c97a5-d59a-4532-afef-c4940c4c02aa/ozone-meta/datanode-1/ratis
2025-07-05 15:48:25,116 [05378834-8d64-4004-85b0-7f2e6f6e22dc-EndpointStateMachineTaskThread-/0.0.0.0:15002-0 ] INFO  ozoneimpl.OzoneContainer (OzoneContainer.java:start(520)) - Attempting to start container services.
2025-07-05 15:48:25,122 [ContainerMetadataScanner] INFO  ozoneimpl.AbstractBackgroundContainerScanner (AbstractBackgroundContainerScanner.java:runIteration(89)) - Completed an iteration in 0 minutes. Number of iterations (since the data-node restart) : 1, Number of containers scanned in this iteration : 0, Number of unhealthy containers found in this iteration : 0
2025-07-05 15:48:25,126 [ContainerDataScanner(/home/runner/work/ozone/ozone/hadoop-ozone/integration-test/target/test-dir/MiniOzoneClusterImpl-0a3c97a5-d59a-4532-afef-c4940c4c02aa/ozone-meta/datanode-1/data-0/hdds)] INFO  ozoneimpl.AbstractBackgroundContainerScanner (AbstractBackgroundContainerScanner.java:runIteration(89)) - Completed an iteration in 0 minutes. Number of iterations (since the data-node restart) : 1, Number of containers scanned in this iteration : 0, Number of unhealthy containers found in this iteration : 0
2025-07-05 15:48:25,127 [05378834-8d64-4004-85b0-7f2e6f6e22dc-EndpointStateMachineTaskThread-/0.0.0.0:15002-0 ] INFO  replication.ReplicationServer (ReplicationServer.java:start(137)) - ReplicationServer is started using port 15017
2025-07-05 15:48:25,128 [05378834-8d64-4004-85b0-7f2e6f6e22dc-EndpointStateMachineTaskThread-/0.0.0.0:15002-0 ] INFO  ratis.XceiverServerRatis (XceiverServerRatis.java:start(559)) - Starting XceiverServerRatis(05378834-8d64-4004-85b0-7f2e6f6e22dc)
2025-07-05 15:48:25,130 [05378834-8d64-4004-85b0-7f2e6f6e22dc-EndpointStateMachineTaskThread-/0.0.0.0:15002-0 ] INFO  server.RaftServer (RaftServerProxy.java:startImpl(412)) - 05378834-8d64-4004-85b0-7f2e6f6e22dc: start RPC server
2025-07-05 15:48:25,130 [05378834-8d64-4004-85b0-7f2e6f6e22dc-EndpointStateMachineTaskThread-/0.0.0.0:15002-0 ] INFO  server.GrpcServicesImpl (GrpcServicesImpl.java:startImpl(346)) - 05378834-8d64-4004-85b0-7f2e6f6e22dc: GrpcServicesImpl started, listening on 15013
2025-07-05 15:48:25,131 [05378834-8d64-4004-85b0-7f2e6f6e22dc-EndpointStateMachineTaskThread-/0.0.0.0:15002-0 ] INFO  server.GrpcServicesImpl (GrpcServicesImpl.java:startImpl(346)) - 05378834-8d64-4004-85b0-7f2e6f6e22dc: GrpcServicesImpl started, listening on 15015
2025-07-05 15:48:25,132 [05378834-8d64-4004-85b0-7f2e6f6e22dc-EndpointStateMachineTaskThread-/0.0.0.0:15002-0 ] INFO  server.GrpcServicesImpl (GrpcServicesImpl.java:startImpl(346)) - 05378834-8d64-4004-85b0-7f2e6f6e22dc: GrpcServicesImpl started, listening on 15014
2025-07-05 15:48:25,133 [JvmPauseMonitor3] INFO  util.JvmPauseMonitor (JvmPauseMonitor.java:run(146)) - JvmPauseMonitor-05378834-8d64-4004-85b0-7f2e6f6e22dc: Started
2025-07-05 15:48:25,133 [05378834-8d64-4004-85b0-7f2e6f6e22dc-EndpointStateMachineTaskThread-/0.0.0.0:15002-0 ] INFO  ratis.XceiverServerRatis (XceiverServerRatis.java:getRealPort(586)) - XceiverServerRatis(05378834-8d64-4004-85b0-7f2e6f6e22dc) is started using port RATIS=15013
2025-07-05 15:48:25,134 [05378834-8d64-4004-85b0-7f2e6f6e22dc-EndpointStateMachineTaskThread-/0.0.0.0:15002-0 ] INFO  ratis.XceiverServerRatis (XceiverServerRatis.java:getRealPort(586)) - XceiverServerRatis(05378834-8d64-4004-85b0-7f2e6f6e22dc) is started using port RATIS_ADMIN=15014
2025-07-05 15:48:25,134 [05378834-8d64-4004-85b0-7f2e6f6e22dc-EndpointStateMachineTaskThread-/0.0.0.0:15002-0 ] INFO  ratis.XceiverServerRatis (XceiverServerRatis.java:getRealPort(586)) - XceiverServerRatis(05378834-8d64-4004-85b0-7f2e6f6e22dc) is started using port RATIS_SERVER=15015
2025-07-05 15:48:25,134 [05378834-8d64-4004-85b0-7f2e6f6e22dc-EndpointStateMachineTaskThread-/0.0.0.0:15002-0 ] INFO  ratis.XceiverServerRatis (XceiverServerRatis.java:getRealPort(586)) - XceiverServerRatis(05378834-8d64-4004-85b0-7f2e6f6e22dc) is started using port RATIS_DATASTREAM=15016
2025-07-05 15:48:25,136 [05378834-8d64-4004-85b0-7f2e6f6e22dc-EndpointStateMachineTaskThread-/0.0.0.0:15002-0 ] INFO  utils.BackgroundService (BackgroundService.java:start(118)) - Starting service BlockDeletingService with interval 60000 milliseconds
2025-07-05 15:48:25,137 [05378834-8d64-4004-85b0-7f2e6f6e22dc-EndpointStateMachineTaskThread-/0.0.0.0:15002-0 ] INFO  utils.BackgroundService (BackgroundService.java:start(118)) - Starting service StaleRecoveringContainerScrubbingService with interval 60000 milliseconds
2025-07-05 15:48:25,233 [a2ddbc4c-912b-4a1a-89ce-9bbeea094c2b-EndpointStateMachineTaskThread-/0.0.0.0:15002-0 ] WARN  statemachine.DatanodeConfiguration (DatanodeConfiguration.java:validateMinFreeSpace(751)) - hdds.datanode.volume.min.free.space.percent = -1.0 is invalid, should be between 0 and 1
2025-07-05 15:48:25,234 [a2ddbc4c-912b-4a1a-89ce-9bbeea094c2b-EndpointStateMachineTaskThread-/0.0.0.0:15002-0 ] WARN  statemachine.DatanodeConfiguration (DatanodeConfiguration.java:validateMinFreeSpace(751)) - hdds.datanode.volume.min.free.space.percent = -1.0 is invalid, should be between 0 and 1
2025-07-05 15:48:25,235 [a2ddbc4c-912b-4a1a-89ce-9bbeea094c2b-EndpointStateMachineTaskThread-/0.0.0.0:15002-0 ] WARN  statemachine.DatanodeConfiguration (DatanodeConfiguration.java:validateMinFreeSpace(751)) - hdds.datanode.volume.min.free.space.percent = -1.0 is invalid, should be between 0 and 1
2025-07-05 15:48:25,251 [main] INFO  handler.ContextHandler (ContextHandler.java:doStart(921)) - Started o.e.j.w.WebAppContext@175a0f81{hddsDatanode,/,file:///home/runner/work/ozone/ozone/hadoop-ozone/integration-test/target/test-dir/MiniOzoneClusterImpl-0a3c97a5-d59a-4532-afef-c4940c4c02aa/ozone-meta/datanode-4/meta/webserver/jetty-0_0_0_0-15034-hdds-container-service-2_1_0-SNAPSHOT_jar-_-any-13332273489203467970/webapp/,AVAILABLE}{jar:file:/home/runner/work/ozone/ozone/hadoop-hdds/container-service/target/hdds-container-service-2.1.0-SNAPSHOT.jar!/webapps/hddsDatanode}
2025-07-05 15:48:25,251 [main] INFO  server.AbstractConnector (AbstractConnector.java:doStart(333)) - Started ServerConnector@151391ad{HTTP/1.1, (http/1.1)}{0.0.0.0:15034}
2025-07-05 15:48:25,252 [main] INFO  server.Server (Server.java:doStart(415)) - Started @12371ms
2025-07-05 15:48:25,252 [main] WARN  impl.MetricsSystemImpl (MetricsSystemImpl.java:register(279)) - Sink prometheus already exists!
2025-07-05 15:48:25,252 [main] INFO  http.BaseHttpServer (BaseHttpServer.java:updateConnectorAddress(359)) - HTTP server of hddsDatanode listening at http://localhost:15034
2025-07-05 15:48:25,252 [main] INFO  ipc.CallQueueManager (CallQueueManager.java:<init>(93)) - Using callQueue: class java.util.concurrent.LinkedBlockingQueue, queueCapacity: 1000, scheduler: class org.apache.hadoop.ipc.DefaultRpcScheduler, ipcBackoff: false, ipcFailOver: false.
2025-07-05 15:48:25,253 [main] INFO  ipc.Server (Server.java:<init>(1438)) - Listener at 0.0.0.0:15035
2025-07-05 15:48:25,253 [Socket Reader #1 for port 15035] INFO  ipc.Server (Server.java:run(1474)) - Starting Socket Reader #1 for port 15035
2025-07-05 15:48:25,253 [Socket Reader #2 for port 15035] INFO  ipc.Server (Server.java:run(1474)) - Starting Socket Reader #2 for port 15035
2025-07-05 15:48:25,253 [Socket Reader #3 for port 15035] INFO  ipc.Server (Server.java:run(1474)) - Starting Socket Reader #3 for port 15035
2025-07-05 15:48:25,254 [Socket Reader #4 for port 15035] INFO  ipc.Server (Server.java:run(1474)) - Starting Socket Reader #4 for port 15035
2025-07-05 15:48:25,254 [Socket Reader #5 for port 15035] INFO  ipc.Server (Server.java:run(1474)) - Starting Socket Reader #5 for port 15035
2025-07-05 15:48:25,254 [Socket Reader #6 for port 15035] INFO  ipc.Server (Server.java:run(1474)) - Starting Socket Reader #6 for port 15035
2025-07-05 15:48:25,254 [Socket Reader #7 for port 15035] INFO  ipc.Server (Server.java:run(1474)) - Starting Socket Reader #7 for port 15035
2025-07-05 15:48:25,254 [Socket Reader #8 for port 15035] INFO  ipc.Server (Server.java:run(1474)) - Starting Socket Reader #8 for port 15035
2025-07-05 15:48:25,255 [Socket Reader #9 for port 15035] INFO  ipc.Server (Server.java:run(1474)) - Starting Socket Reader #9 for port 15035
2025-07-05 15:48:25,255 [Socket Reader #10 for port 15035] INFO  ipc.Server (Server.java:run(1474)) - Starting Socket Reader #10 for port 15035
2025-07-05 15:48:25,257 [main] INFO  ozone.HddsDatanodeService (HddsDatanodeService.java:start(333)) - Datanode start with admins: [admin, runner]
2025-07-05 15:48:25,258 [main] INFO  ozone.HddsDatanodeClientProtocolServer (HddsDatanodeClientProtocolServer.java:start(76)) - RPC server for Client /0.0.0.0:15035
2025-07-05 15:48:25,258 [IPC Server listener on 15035] INFO  ipc.Server (Server.java:run(1553)) - IPC Server listener on 15035: starting
2025-07-05 15:48:25,258 [IPC Server Responder] INFO  ipc.Server (Server.java:run(1713)) - IPC Server Responder: starting
2025-07-05 15:48:25,260 [main] WARN  dropwizard3.Dm3MetricRegistriesImpl (Dm3MetricRegistriesImpl.java:addReporterRegistration(114)) - New reporters are added after registries were created. Some metrics will be missing from the reporter. Please add reporter before adding any new registry.
2025-07-05 15:48:25,260 [main] WARN  dropwizard3.Dm3MetricRegistriesImpl (Dm3MetricRegistriesImpl.java:addReporterRegistration(114)) - New reporters are added after registries were created. Some metrics will be missing from the reporter. Please add reporter before adding any new registry.
2025-07-05 15:48:25,261 [main] INFO  impl.MetricsSystemImpl (MetricsSystemImpl.java:init(158)) - HddsDatanode metrics system started (again)
2025-07-05 15:48:25,262 [2e56514c-0608-4198-9fed-b4eba4d3d686-DatanodeStateMachineDaemonThread] INFO  statemachine.DatanodeStateMachine (DatanodeStateMachine.java:startStateMachineThread(347)) - Ozone container server started.
2025-07-05 15:48:25,269 [2e56514c-0608-4198-9fed-b4eba4d3d686-DatanodeStateMachineTaskThread-0] INFO  datanode.InitDatanodeState (InitDatanodeState.java:persistContainerDatanodeDetails(139)) - DatanodeDetails is persisted to /home/runner/work/ozone/ozone/hadoop-ozone/integration-test/target/test-dir/MiniOzoneClusterImpl-0a3c97a5-d59a-4532-afef-c4940c4c02aa/ozone-meta/datanode-4/meta/datanode.id
2025-07-05 15:48:25,269 [a2ddbc4c-912b-4a1a-89ce-9bbeea094c2b-EndpointStateMachineTaskThread-/0.0.0.0:15002-0 ] INFO  utils.DatanodeStoreCache (DatanodeStoreCache.java:addDB(70)) - Added db /home/runner/work/ozone/ozone/hadoop-ozone/integration-test/target/test-dir/MiniOzoneClusterImpl-0a3c97a5-d59a-4532-afef-c4940c4c02aa/ozone-meta/datanode-2/data-0/hdds/0a3c97a5-d59a-4532-afef-c4940c4c02aa/DS-df426f57-7dc1-46e5-9294-d4f126622f1f/container.db to cache
2025-07-05 15:48:25,269 [a2ddbc4c-912b-4a1a-89ce-9bbeea094c2b-EndpointStateMachineTaskThread-/0.0.0.0:15002-0 ] INFO  volume.HddsVolume (HddsVolume.java:createDbStore(575)) - SchemaV3 db is created and loaded at /home/runner/work/ozone/ozone/hadoop-ozone/integration-test/target/test-dir/MiniOzoneClusterImpl-0a3c97a5-d59a-4532-afef-c4940c4c02aa/ozone-meta/datanode-2/data-0/hdds/0a3c97a5-d59a-4532-afef-c4940c4c02aa/DS-df426f57-7dc1-46e5-9294-d4f126622f1f/container.db for volume DS-df426f57-7dc1-46e5-9294-d4f126622f1f
2025-07-05 15:48:25,270 [a2ddbc4c-912b-4a1a-89ce-9bbeea094c2b-EndpointStateMachineTaskThread-/0.0.0.0:15002-0 ] WARN  statemachine.DatanodeConfiguration (DatanodeConfiguration.java:validateMinFreeSpace(751)) - hdds.datanode.volume.min.free.space.percent = -1.0 is invalid, should be between 0 and 1
2025-07-05 15:48:25,273 [a2ddbc4c-912b-4a1a-89ce-9bbeea094c2b-ContainerReader-0] INFO  ozoneimpl.ContainerReader (ContainerReader.java:readVolume(144)) - Start to verify containers on volume /home/runner/work/ozone/ozone/hadoop-ozone/integration-test/target/test-dir/MiniOzoneClusterImpl-0a3c97a5-d59a-4532-afef-c4940c4c02aa/ozone-meta/datanode-2/data-0/hdds
2025-07-05 15:48:25,273 [a2ddbc4c-912b-4a1a-89ce-9bbeea094c2b-ContainerReader-0] INFO  ozoneimpl.ContainerReader (ContainerReader.java:readVolume(174)) - Finish verifying containers on volume /home/runner/work/ozone/ozone/hadoop-ozone/integration-test/target/test-dir/MiniOzoneClusterImpl-0a3c97a5-d59a-4532-afef-c4940c4c02aa/ozone-meta/datanode-2/data-0/hdds
2025-07-05 15:48:25,273 [a2ddbc4c-912b-4a1a-89ce-9bbeea094c2b-EndpointStateMachineTaskThread-/0.0.0.0:15002-0 ] INFO  ozoneimpl.OzoneContainer (OzoneContainer.java:buildContainerSet(370)) - Build ContainerSet costs 0s
2025-07-05 15:48:25,274 [a2ddbc4c-912b-4a1a-89ce-9bbeea094c2b-EndpointStateMachineTaskThread-/0.0.0.0:15002-0 ] INFO  volume.ThrottledAsyncChecker (ThrottledAsyncChecker.java:schedule(138)) - Scheduling a check for /home/runner/work/ozone/ozone/hadoop-ozone/integration-test/target/test-dir/MiniOzoneClusterImpl-0a3c97a5-d59a-4532-afef-c4940c4c02aa/ozone-meta/datanode-2/data-0/hdds
2025-07-05 15:48:25,274 [a2ddbc4c-912b-4a1a-89ce-9bbeea094c2b-EndpointStateMachineTaskThread-/0.0.0.0:15002-0 ] INFO  volume.StorageVolumeChecker (StorageVolumeChecker.java:checkAllVolumes(215)) - Scheduled health check for volume /home/runner/work/ozone/ozone/hadoop-ozone/integration-test/target/test-dir/MiniOzoneClusterImpl-0a3c97a5-d59a-4532-afef-c4940c4c02aa/ozone-meta/datanode-2/data-0/hdds
2025-07-05 15:48:25,278 [a2ddbc4c-912b-4a1a-89ce-9bbeea094c2b-EndpointStateMachineTaskThread-/0.0.0.0:15002-0 ] INFO  volume.ThrottledAsyncChecker (ThrottledAsyncChecker.java:schedule(138)) - Scheduling a check for /home/runner/work/ozone/ozone/hadoop-ozone/integration-test/target/test-dir/MiniOzoneClusterImpl-0a3c97a5-d59a-4532-afef-c4940c4c02aa/ozone-meta/datanode-2/ratis
2025-07-05 15:48:25,278 [a2ddbc4c-912b-4a1a-89ce-9bbeea094c2b-EndpointStateMachineTaskThread-/0.0.0.0:15002-0 ] INFO  volume.StorageVolumeChecker (StorageVolumeChecker.java:checkAllVolumes(215)) - Scheduled health check for volume /home/runner/work/ozone/ozone/hadoop-ozone/integration-test/target/test-dir/MiniOzoneClusterImpl-0a3c97a5-d59a-4532-afef-c4940c4c02aa/ozone-meta/datanode-2/ratis
2025-07-05 15:48:25,280 [a2ddbc4c-912b-4a1a-89ce-9bbeea094c2b-EndpointStateMachineTaskThread-/0.0.0.0:15002-0 ] INFO  ozoneimpl.OzoneContainer (OzoneContainer.java:start(520)) - Attempting to start container services.
2025-07-05 15:48:25,281 [ContainerMetadataScanner] INFO  ozoneimpl.AbstractBackgroundContainerScanner (AbstractBackgroundContainerScanner.java:runIteration(89)) - Completed an iteration in 0 minutes. Number of iterations (since the data-node restart) : 1, Number of containers scanned in this iteration : 0, Number of unhealthy containers found in this iteration : 0
2025-07-05 15:48:25,281 [ContainerDataScanner(/home/runner/work/ozone/ozone/hadoop-ozone/integration-test/target/test-dir/MiniOzoneClusterImpl-0a3c97a5-d59a-4532-afef-c4940c4c02aa/ozone-meta/datanode-2/data-0/hdds)] INFO  ozoneimpl.AbstractBackgroundContainerScanner (AbstractBackgroundContainerScanner.java:runIteration(89)) - Completed an iteration in 0 minutes. Number of iterations (since the data-node restart) : 1, Number of containers scanned in this iteration : 0, Number of unhealthy containers found in this iteration : 0
2025-07-05 15:48:25,282 [a2ddbc4c-912b-4a1a-89ce-9bbeea094c2b-EndpointStateMachineTaskThread-/0.0.0.0:15002-0 ] INFO  replication.ReplicationServer (ReplicationServer.java:start(137)) - ReplicationServer is started using port 15025
2025-07-05 15:48:25,283 [a2ddbc4c-912b-4a1a-89ce-9bbeea094c2b-EndpointStateMachineTaskThread-/0.0.0.0:15002-0 ] INFO  ratis.XceiverServerRatis (XceiverServerRatis.java:start(559)) - Starting XceiverServerRatis(a2ddbc4c-912b-4a1a-89ce-9bbeea094c2b)
2025-07-05 15:48:25,284 [a2ddbc4c-912b-4a1a-89ce-9bbeea094c2b-EndpointStateMachineTaskThread-/0.0.0.0:15002-0 ] INFO  server.RaftServer (RaftServerProxy.java:startImpl(412)) - a2ddbc4c-912b-4a1a-89ce-9bbeea094c2b: start RPC server
2025-07-05 15:48:25,285 [main] INFO  protocol.DatanodeDetails (DatanodeDetails.java:validateDatanodeIpAddress(199)) - Updating IP address of datanode 694b616d-7f52-4b82-b07e-10398eb153c5(localhost/null) to 127.0.0.1
2025-07-05 15:48:25,285 [main] INFO  ozone.HddsDatanodeService (HddsDatanodeService.java:start(236)) - HddsDatanodeService 694b616d-7f52-4b82-b07e-10398eb153c5(localhost/127.0.0.1)
2025-07-05 15:48:25,285 [a2ddbc4c-912b-4a1a-89ce-9bbeea094c2b-EndpointStateMachineTaskThread-/0.0.0.0:15002-0 ] INFO  server.GrpcServicesImpl (GrpcServicesImpl.java:startImpl(346)) - a2ddbc4c-912b-4a1a-89ce-9bbeea094c2b: GrpcServicesImpl started, listening on 15021
2025-07-05 15:48:25,286 [a2ddbc4c-912b-4a1a-89ce-9bbeea094c2b-EndpointStateMachineTaskThread-/0.0.0.0:15002-0 ] INFO  server.GrpcServicesImpl (GrpcServicesImpl.java:startImpl(346)) - a2ddbc4c-912b-4a1a-89ce-9bbeea094c2b: GrpcServicesImpl started, listening on 15023
2025-07-05 15:48:25,286 [a2ddbc4c-912b-4a1a-89ce-9bbeea094c2b-EndpointStateMachineTaskThread-/0.0.0.0:15002-0 ] INFO  server.GrpcServicesImpl (GrpcServicesImpl.java:startImpl(346)) - a2ddbc4c-912b-4a1a-89ce-9bbeea094c2b: GrpcServicesImpl started, listening on 15022
2025-07-05 15:48:25,286 [JvmPauseMonitor4] INFO  util.JvmPauseMonitor (JvmPauseMonitor.java:run(146)) - JvmPauseMonitor-a2ddbc4c-912b-4a1a-89ce-9bbeea094c2b: Started
2025-07-05 15:48:25,287 [a2ddbc4c-912b-4a1a-89ce-9bbeea094c2b-EndpointStateMachineTaskThread-/0.0.0.0:15002-0 ] INFO  ratis.XceiverServerRatis (XceiverServerRatis.java:getRealPort(586)) - XceiverServerRatis(a2ddbc4c-912b-4a1a-89ce-9bbeea094c2b) is started using port RATIS=15021
2025-07-05 15:48:25,287 [a2ddbc4c-912b-4a1a-89ce-9bbeea094c2b-EndpointStateMachineTaskThread-/0.0.0.0:15002-0 ] INFO  ratis.XceiverServerRatis (XceiverServerRatis.java:getRealPort(586)) - XceiverServerRatis(a2ddbc4c-912b-4a1a-89ce-9bbeea094c2b) is started using port RATIS_ADMIN=15022
2025-07-05 15:48:25,287 [a2ddbc4c-912b-4a1a-89ce-9bbeea094c2b-EndpointStateMachineTaskThread-/0.0.0.0:15002-0 ] INFO  ratis.XceiverServerRatis (XceiverServerRatis.java:getRealPort(586)) - XceiverServerRatis(a2ddbc4c-912b-4a1a-89ce-9bbeea094c2b) is started using port RATIS_SERVER=15023
2025-07-05 15:48:25,287 [a2ddbc4c-912b-4a1a-89ce-9bbeea094c2b-EndpointStateMachineTaskThread-/0.0.0.0:15002-0 ] INFO  ratis.XceiverServerRatis (XceiverServerRatis.java:getRealPort(586)) - XceiverServerRatis(a2ddbc4c-912b-4a1a-89ce-9bbeea094c2b) is started using port RATIS_DATASTREAM=15024
2025-07-05 15:48:25,288 [a2ddbc4c-912b-4a1a-89ce-9bbeea094c2b-EndpointStateMachineTaskThread-/0.0.0.0:15002-0 ] INFO  utils.BackgroundService (BackgroundService.java:start(118)) - Starting service BlockDeletingService with interval 60000 milliseconds
2025-07-05 15:48:25,288 [a2ddbc4c-912b-4a1a-89ce-9bbeea094c2b-EndpointStateMachineTaskThread-/0.0.0.0:15002-0 ] INFO  utils.BackgroundService (BackgroundService.java:start(118)) - Starting service StaleRecoveringContainerScrubbingService with interval 60000 milliseconds
2025-07-05 15:48:25,289 [main] WARN  statemachine.DatanodeConfiguration (DatanodeConfiguration.java:validateMinFreeSpace(751)) - hdds.datanode.volume.min.free.space.percent = -1.0 is invalid, should be between 0 and 1
2025-07-05 15:48:25,290 [main] INFO  upgrade.AbstractLayoutVersionManager (AbstractLayoutVersionManager.java:init(80)) - Initializing Layout version manager with metadata layout = HBASE_SUPPORT (version = 8), software layout = HBASE_SUPPORT (version = 8)
2025-07-05 15:48:25,291 [main] INFO  statemachine.DatanodeStateMachine (DatanodeStateMachine.java:getEndPointTaskThreadPoolSize(305)) - Datanode State Machine Task Thread Pool size 2
2025-07-05 15:48:25,292 [main] WARN  statemachine.DatanodeConfiguration (DatanodeConfiguration.java:validateMinFreeSpace(751)) - hdds.datanode.volume.min.free.space.percent = -1.0 is invalid, should be between 0 and 1
2025-07-05 15:48:25,292 [main] WARN  statemachine.DatanodeConfiguration (DatanodeConfiguration.java:validateMinFreeSpace(751)) - hdds.datanode.volume.min.free.space.percent = -1.0 is invalid, should be between 0 and 1
2025-07-05 15:48:25,293 [main] WARN  statemachine.DatanodeConfiguration (DatanodeConfiguration.java:validateMinFreeSpace(751)) - hdds.datanode.volume.min.free.space.percent = -1.0 is invalid, should be between 0 and 1
2025-07-05 15:48:25,293 [main] WARN  statemachine.DatanodeConfiguration (DatanodeConfiguration.java:validateMinFreeSpace(751)) - hdds.datanode.volume.min.free.space.percent = -1.0 is invalid, should be between 0 and 1
2025-07-05 15:48:25,295 [main] INFO  volume.HddsVolume (HddsVolume.java:<init>(162)) - HddsVolume: { id=DS-a4bcb00a-cb9f-4392-9c37-27b2858ed99f dir=/home/runner/work/ozone/ozone/hadoop-ozone/integration-test/target/test-dir/MiniOzoneClusterImpl-0a3c97a5-d59a-4532-afef-c4940c4c02aa/ozone-meta/datanode-5/data-0/hdds type=DISK capacity=9222449699674390527 used=0 available=9222449699674390527 minFree=9222450130714624 committed=0 }
2025-07-05 15:48:25,295 [main] INFO  volume.MutableVolumeSet (MutableVolumeSet.java:initializeVolumeSet(167)) - Added Volume : /home/runner/work/ozone/ozone/hadoop-ozone/integration-test/target/test-dir/MiniOzoneClusterImpl-0a3c97a5-d59a-4532-afef-c4940c4c02aa/ozone-meta/datanode-5/data-0/hdds to VolumeSet
2025-07-05 15:48:25,295 [main] WARN  statemachine.DatanodeConfiguration (DatanodeConfiguration.java:validateMinFreeSpace(751)) - hdds.datanode.volume.min.free.space.percent = -1.0 is invalid, should be between 0 and 1
2025-07-05 15:48:25,296 [main] WARN  statemachine.DatanodeConfiguration (DatanodeConfiguration.java:validateMinFreeSpace(751)) - hdds.datanode.volume.min.free.space.percent = -1.0 is invalid, should be between 0 and 1
2025-07-05 15:48:25,297 [main] INFO  volume.MutableVolumeSet (MutableVolumeSet.java:initializeVolumeSet(167)) - Added Volume : /home/runner/work/ozone/ozone/hadoop-ozone/integration-test/target/test-dir/MiniOzoneClusterImpl-0a3c97a5-d59a-4532-afef-c4940c4c02aa/ozone-meta/datanode-5/ratis to VolumeSet
2025-07-05 15:48:25,297 [main] WARN  statemachine.DatanodeConfiguration (DatanodeConfiguration.java:validateMinFreeSpace(751)) - hdds.datanode.volume.min.free.space.percent = -1.0 is invalid, should be between 0 and 1
2025-07-05 15:48:25,297 [main] WARN  statemachine.DatanodeConfiguration (DatanodeConfiguration.java:validateMinFreeSpace(751)) - hdds.datanode.volume.min.free.space.percent = -1.0 is invalid, should be between 0 and 1
2025-07-05 15:48:25,298 [main] INFO  ozoneimpl.OzoneContainer (HddsVolumeUtil.java:loadAllHddsVolumeDbStore(102)) - Load 1 volumes DbStore cost: 0ms
2025-07-05 15:48:25,298 [main] WARN  db.DBStoreBuilder (DBStoreBuilder.java:getDBDirPath(158)) - ozone.scm.datanode.id.dir is not configured. We recommend adding this setting. Falling back to ozone.metadata.dirs instead.
2025-07-05 15:48:25,299 [main] WARN  statemachine.DatanodeConfiguration (DatanodeConfiguration.java:validateMinFreeSpace(751)) - hdds.datanode.volume.min.free.space.percent = -1.0 is invalid, should be between 0 and 1
2025-07-05 15:48:25,299 [main] WARN  db.DBStoreBuilder (DBStoreBuilder.java:getDBDirPath(158)) - ozone.scm.datanode.id.dir is not configured. We recommend adding this setting. Falling back to ozone.metadata.dirs instead.
2025-07-05 15:48:25,313 [main] WARN  statemachine.DatanodeConfiguration (DatanodeConfiguration.java:validateMinFreeSpace(751)) - hdds.datanode.volume.min.free.space.percent = -1.0 is invalid, should be between 0 and 1
2025-07-05 15:48:25,314 [main] WARN  statemachine.DatanodeConfiguration (DatanodeConfiguration.java:validateMinFreeSpace(751)) - hdds.datanode.volume.min.free.space.percent = -1.0 is invalid, should be between 0 and 1
2025-07-05 15:48:25,314 [main] INFO  impl.FilePerChunkStrategy (FilePerChunkStrategy.java:<init>(79)) - ozone.chunk.read.mapped.buffer.max.count is load with 0
2025-07-05 15:48:25,314 [main] INFO  impl.FilePerBlockStrategy (FilePerBlockStrategy.java:<init>(88)) - ozone.chunk.read.mapped.buffer.max.count is load with 0
2025-07-05 15:48:25,314 [main] WARN  statemachine.DatanodeConfiguration (DatanodeConfiguration.java:validateMinFreeSpace(751)) - hdds.datanode.volume.min.free.space.percent = -1.0 is invalid, should be between 0 and 1
2025-07-05 15:48:25,315 [main] INFO  server.RaftServerConfigKeys (ConfUtils.java:logGet(62)) - raft.server.log.appender.buffer.byte-limit = 33554432 (custom)
2025-07-05 15:48:25,317 [main] INFO  grpc.GrpcConfigKeys (ConfUtils.java:logFallback(69)) - raft.grpc.admin.host = null (fallback to raft.grpc.server.host)
2025-07-05 15:48:25,317 [main] INFO  grpc.GrpcConfigKeys (ConfUtils.java:logGet(62)) - raft.grpc.admin.port = 15046 (custom)
2025-07-05 15:48:25,317 [main] INFO  grpc.GrpcConfigKeys (ConfUtils.java:logFallback(69)) - raft.grpc.client.host = null (fallback to raft.grpc.server.host)
2025-07-05 15:48:25,318 [main] INFO  grpc.GrpcConfigKeys (ConfUtils.java:logGet(62)) - raft.grpc.client.port = 15045 (custom)
2025-07-05 15:48:25,318 [main] INFO  grpc.GrpcConfigKeys (ConfUtils.java:logGet(62)) - raft.grpc.server.port = 15047 (custom)
2025-07-05 15:48:25,318 [main] INFO  server.GrpcServicesImpl (ConfUtils.java:logGet(62)) - raft.grpc.message.size.max = 34603008 (custom)
2025-07-05 15:48:25,318 [main] INFO  server.GrpcServicesImpl (ConfUtils.java:logGet(62)) - raft.grpc.flow.control.window = 5MB (=5242880) (custom)
2025-07-05 15:48:25,318 [main] INFO  server.RaftServerConfigKeys (ConfUtils.java:logGet(62)) - raft.server.log.appender.buffer.byte-limit = 33554432 (custom)
2025-07-05 15:48:25,320 [main] INFO  netty.NettyUtils (NettyUtils.java:newEventLoopGroup(74)) - Create EpollEventLoopGroup for 694b616d-7f52-4b82-b07e-10398eb153c5-NettyServerStreamRpc-bossGroup; Thread size is 0.
2025-07-05 15:48:25,321 [main] INFO  netty.NettyUtils (NettyUtils.java:newEventLoopGroup(74)) - Create EpollEventLoopGroup for 694b616d-7f52-4b82-b07e-10398eb153c5-NettyServerStreamRpc-workerGroup; Thread size is 0.
2025-07-05 15:48:25,322 [main] INFO  netty.NettyConfigKeys$DataStream (ConfUtils.java:logGet(62)) - raft.netty.dataStream.port = 15048 (custom)
2025-07-05 15:48:25,322 [main] INFO  server.RaftServerConfigKeys (ConfUtils.java:logGet(62)) - raft.server.storage.dir = [/home/runner/work/ozone/ozone/hadoop-ozone/integration-test/target/test-dir/MiniOzoneClusterImpl-0a3c97a5-d59a-4532-afef-c4940c4c02aa/ozone-meta/datanode-5/ratis] (custom)
2025-07-05 15:48:25,323 [694b616d-7f52-4b82-b07e-10398eb153c5-NettyServerStreamRpc-bossGroup--thread1] INFO  logging.LoggingHandler (AbstractInternalLogger.java:log(148)) - [id: 0x907371cf] REGISTERED
2025-07-05 15:48:25,323 [694b616d-7f52-4b82-b07e-10398eb153c5-NettyServerStreamRpc-bossGroup--thread1] INFO  logging.LoggingHandler (AbstractInternalLogger.java:log(148)) - [id: 0x907371cf] BIND: 0.0.0.0/0.0.0.0:15048
2025-07-05 15:48:25,323 [694b616d-7f52-4b82-b07e-10398eb153c5-NettyServerStreamRpc-bossGroup--thread1] INFO  logging.LoggingHandler (AbstractInternalLogger.java:log(148)) - [id: 0x907371cf, L:/0.0.0.0:15048] ACTIVE
2025-07-05 15:48:25,323 [694b616d-7f52-4b82-b07e-10398eb153c5-impl-thread1] INFO  server.RaftServer (RaftServerProxy.java:initGroupDir(270)) - 694b616d-7f52-4b82-b07e-10398eb153c5: found a subdirectory /home/runner/work/ozone/ozone/hadoop-ozone/integration-test/target/test-dir/MiniOzoneClusterImpl-0a3c97a5-d59a-4532-afef-c4940c4c02aa/ozone-meta/datanode-5/ratis/tmp
2025-07-05 15:48:25,324 [694b616d-7f52-4b82-b07e-10398eb153c5-impl-thread1] INFO  server.RaftServer (RaftServerProxy.java:initGroupDir(275)) - 694b616d-7f52-4b82-b07e-10398eb153c5: The directory /home/runner/work/ozone/ozone/hadoop-ozone/integration-test/target/test-dir/MiniOzoneClusterImpl-0a3c97a5-d59a-4532-afef-c4940c4c02aa/ozone-meta/datanode-5/ratis/tmp is not a group directory; ignoring it. 
2025-07-05 15:48:25,324 [main] INFO  replication.ReplicationServer (ReplicationServer.java:<init>(84)) - Initializing replication server with thread count = 10 queue length = 4096
2025-07-05 15:48:25,325 [main] WARN  statemachine.DatanodeConfiguration (DatanodeConfiguration.java:validateMinFreeSpace(751)) - hdds.datanode.volume.min.free.space.percent = -1.0 is invalid, should be between 0 and 1
2025-07-05 15:48:25,325 [main] INFO  server.XceiverServerGrpc (XceiverServerGrpc.java:<init>(130)) - GrpcServer channel type EpollServerSocketChannel
2025-07-05 15:48:25,326 [main] WARN  statemachine.DatanodeConfiguration (DatanodeConfiguration.java:validateMinFreeSpace(751)) - hdds.datanode.volume.min.free.space.percent = -1.0 is invalid, should be between 0 and 1
2025-07-05 15:48:25,327 [main] INFO  replication.ReplicationSupervisor (ReplicationSupervisor.java:build(169)) - Initializing replication supervisor with thread count = 10
2025-07-05 15:48:25,327 [main] INFO  replication.ReplicationSupervisor (ReplicationSupervisor.java:nodeStateUpdated(358)) - Node state updated to IN_SERVICE, scaling executor pool size to 10
2025-07-05 15:48:25,329 [main] WARN  statemachine.DatanodeConfiguration (DatanodeConfiguration.java:validateMinFreeSpace(751)) - hdds.datanode.volume.min.free.space.percent = -1.0 is invalid, should be between 0 and 1
2025-07-05 15:48:25,331 [main] INFO  http.BaseHttpServer (BaseHttpServer.java:newHttpServer2BuilderForOzone(229)) - Starting Web-server for hddsDatanode at: http://0.0.0.0:15042
2025-07-05 15:48:25,331 [main] INFO  http.BaseHttpServer (BaseHttpServer.java:<init>(107)) - Hadoop Security Enabled: false Ozone Security Enabled: false Ozone HTTP Security Enabled: false 
2025-07-05 15:48:25,333 [main] WARN  server.AuthenticationFilter (AuthenticationFilter.java:constructSecretProvider(240)) - Unable to initialize FileSignerSecretProvider, falling back to use random secrets. Reason: Could not read signature secret file: /home/runner/hadoop-http-auth-signature-secret
2025-07-05 15:48:25,335 [main] INFO  http.HttpServer2 (HttpServer2.java:addGlobalFilter(1042)) - Added global filter 'safety' (class=org.apache.hadoop.hdds.server.http.HttpServer2$QuotingInputFilter)
2025-07-05 15:48:25,337 [main] INFO  http.HttpServer2 (HttpServer2.java:addFilter(1018)) - Added filter static_user_filter (class=org.apache.hadoop.http.lib.StaticUserWebFilter$StaticUserFilter) to context hddsDatanode
2025-07-05 15:48:25,337 [main] INFO  http.HttpServer2 (HttpServer2.java:addFilter(1026)) - Added filter static_user_filter (class=org.apache.hadoop.http.lib.StaticUserWebFilter$StaticUserFilter) to context logs
2025-07-05 15:48:25,337 [main] INFO  http.HttpServer2 (HttpServer2.java:addFilter(1026)) - Added filter static_user_filter (class=org.apache.hadoop.http.lib.StaticUserWebFilter$StaticUserFilter) to context static
2025-07-05 15:48:25,338 [main] INFO  http.BaseHttpServer (BaseHttpServer.java:<init>(195)) - HTTP server of hddsDatanode uses base directory /home/runner/work/ozone/ozone/hadoop-ozone/integration-test/target/test-dir/MiniOzoneClusterImpl-0a3c97a5-d59a-4532-afef-c4940c4c02aa/ozone-meta/datanode-5/meta/webserver
2025-07-05 15:48:25,338 [main] INFO  http.HttpServer2 (HttpServer2.java:bindListener(1242)) - Jetty bound to port 15042
2025-07-05 15:48:25,338 [main] INFO  server.Server (Server.java:doStart(375)) - jetty-9.4.57.v20241219; built: 2025-01-08T21:24:30.412Z; git: df524e6b29271c2e09ba9aea83c18dc9db464a31; jvm 21.0.7+6-LTS
2025-07-05 15:48:25,339 [main] INFO  server.session (DefaultSessionIdManager.java:doStart(334)) - DefaultSessionIdManager workerName=node0
2025-07-05 15:48:25,339 [main] INFO  server.session (DefaultSessionIdManager.java:doStart(339)) - No SessionScavenger set, using defaults
2025-07-05 15:48:25,339 [main] INFO  server.session (HouseKeeper.java:startScavenging(132)) - node0 Scavenging every 600000ms
2025-07-05 15:48:25,340 [main] INFO  handler.ContextHandler (ContextHandler.java:doStart(921)) - Started o.e.j.s.ServletContextHandler@5145dc7{logs,/logs,file:///home/runner/work/ozone/ozone/hadoop-ozone/integration-test/target/log,AVAILABLE}
2025-07-05 15:48:25,340 [main] INFO  handler.ContextHandler (ContextHandler.java:doStart(921)) - Started o.e.j.s.ServletContextHandler@10b5f853{static,/static,jar:file:/home/runner/work/ozone/ozone/hadoop-hdds/container-service/target/hdds-container-service-2.1.0-SNAPSHOT.jar!/webapps/static,AVAILABLE}
2025-07-05 15:48:25,486 [main] INFO  handler.ContextHandler (ContextHandler.java:doStart(921)) - Started o.e.j.w.WebAppContext@6c5a2034{hddsDatanode,/,file:///home/runner/work/ozone/ozone/hadoop-ozone/integration-test/target/test-dir/MiniOzoneClusterImpl-0a3c97a5-d59a-4532-afef-c4940c4c02aa/ozone-meta/datanode-5/meta/webserver/jetty-0_0_0_0-15042-hdds-container-service-2_1_0-SNAPSHOT_jar-_-any-4741980386308671456/webapp/,AVAILABLE}{jar:file:/home/runner/work/ozone/ozone/hadoop-hdds/container-service/target/hdds-container-service-2.1.0-SNAPSHOT.jar!/webapps/hddsDatanode}
2025-07-05 15:48:25,487 [main] INFO  server.AbstractConnector (AbstractConnector.java:doStart(333)) - Started ServerConnector@22cd7e39{HTTP/1.1, (http/1.1)}{0.0.0.0:15042}
2025-07-05 15:48:25,487 [main] INFO  server.Server (Server.java:doStart(415)) - Started @12607ms
2025-07-05 15:48:25,487 [main] WARN  impl.MetricsSystemImpl (MetricsSystemImpl.java:register(279)) - Sink prometheus already exists!
2025-07-05 15:48:25,488 [main] INFO  http.BaseHttpServer (BaseHttpServer.java:updateConnectorAddress(359)) - HTTP server of hddsDatanode listening at http://localhost:15042
2025-07-05 15:48:25,488 [main] INFO  ipc.CallQueueManager (CallQueueManager.java:<init>(93)) - Using callQueue: class java.util.concurrent.LinkedBlockingQueue, queueCapacity: 1000, scheduler: class org.apache.hadoop.ipc.DefaultRpcScheduler, ipcBackoff: false, ipcFailOver: false.
2025-07-05 15:48:25,488 [main] INFO  ipc.Server (Server.java:<init>(1438)) - Listener at 0.0.0.0:15043
2025-07-05 15:48:25,497 [Socket Reader #1 for port 15043] INFO  ipc.Server (Server.java:run(1474)) - Starting Socket Reader #1 for port 15043
2025-07-05 15:48:25,497 [IPC Server handler 15 on default port 15002] INFO  net.NetworkTopologyImpl (NetworkTopologyImpl.java:add(133)) - Added a new node: /default-rack/05378834-8d64-4004-85b0-7f2e6f6e22dc
2025-07-05 15:48:25,497 [Socket Reader #2 for port 15043] INFO  ipc.Server (Server.java:run(1474)) - Starting Socket Reader #2 for port 15043
2025-07-05 15:48:25,497 [Socket Reader #3 for port 15043] INFO  ipc.Server (Server.java:run(1474)) - Starting Socket Reader #3 for port 15043
2025-07-05 15:48:25,498 [Socket Reader #4 for port 15043] INFO  ipc.Server (Server.java:run(1474)) - Starting Socket Reader #4 for port 15043
2025-07-05 15:48:25,498 [Socket Reader #5 for port 15043] INFO  ipc.Server (Server.java:run(1474)) - Starting Socket Reader #5 for port 15043
2025-07-05 15:48:25,499 [Socket Reader #6 for port 15043] INFO  ipc.Server (Server.java:run(1474)) - Starting Socket Reader #6 for port 15043
2025-07-05 15:48:25,499 [Socket Reader #7 for port 15043] INFO  ipc.Server (Server.java:run(1474)) - Starting Socket Reader #7 for port 15043
2025-07-05 15:48:25,499 [IPC Server handler 15 on default port 15002] INFO  node.SCMNodeManager (SCMNodeManager.java:register(423)) - Registered datanode: 05378834-8d64-4004-85b0-7f2e6f6e22dc{ip: 127.0.0.1, host: localhost, ports: [HTTP=15010, CLIENT_RPC=15011, REPLICATION=15017, RATIS=15013, RATIS_ADMIN=15014, RATIS_SERVER=15015, RATIS_DATASTREAM=15016, STANDALONE=15012], networkLocation: /default-rack, certSerialId: null, persistedOpState: null, persistedOpStateExpiryEpochSec: 0}
2025-07-05 15:48:25,501 [Socket Reader #8 for port 15043] INFO  ipc.Server (Server.java:run(1474)) - Starting Socket Reader #8 for port 15043
2025-07-05 15:48:25,502 [EventQueue-NewNodeForNewNodeHandler] INFO  pipeline.BackgroundPipelineCreator (BackgroundPipelineCreator.java:notifyEventTriggered(290)) - trigger a one-shot run on RatisPipelineUtilsThread.
2025-07-05 15:48:25,503 [b5b4f89f-93bb-4b69-9074-7f3b90eee2a4-EndpointStateMachineTaskThread-/0.0.0.0:15002-0 ] WARN  statemachine.DatanodeConfiguration (DatanodeConfiguration.java:validateMinFreeSpace(751)) - hdds.datanode.volume.min.free.space.percent = -1.0 is invalid, should be between 0 and 1
2025-07-05 15:48:25,503 [Socket Reader #9 for port 15043] INFO  ipc.Server (Server.java:run(1474)) - Starting Socket Reader #9 for port 15043
2025-07-05 15:48:25,503 [Socket Reader #10 for port 15043] INFO  ipc.Server (Server.java:run(1474)) - Starting Socket Reader #10 for port 15043
2025-07-05 15:48:25,503 [b5b4f89f-93bb-4b69-9074-7f3b90eee2a4-EndpointStateMachineTaskThread-/0.0.0.0:15002-0 ] WARN  statemachine.DatanodeConfiguration (DatanodeConfiguration.java:validateMinFreeSpace(751)) - hdds.datanode.volume.min.free.space.percent = -1.0 is invalid, should be between 0 and 1
2025-07-05 15:48:25,504 [b5b4f89f-93bb-4b69-9074-7f3b90eee2a4-EndpointStateMachineTaskThread-/0.0.0.0:15002-0 ] WARN  statemachine.DatanodeConfiguration (DatanodeConfiguration.java:validateMinFreeSpace(751)) - hdds.datanode.volume.min.free.space.percent = -1.0 is invalid, should be between 0 and 1
2025-07-05 15:48:25,507 [EventQueue-ContainerRegistrationReportForRatisContainerSafeModeRule] INFO  safemode.SCMSafeModeManager (SCMSafeModeManager.java:validateSafeModeExitRules(138)) - RatisContainerSafeModeRule rule is successfully validated
2025-07-05 15:48:25,508 [EventQueue-NodeRegistrationContainerReportForDataNodeSafeModeRule] INFO  safemode.SCMSafeModeManager (DataNodeSafeModeRule.java:process(80)) - SCM in safe mode. 1 DataNodes registered, 3 required.
2025-07-05 15:48:25,508 [EventQueue-ContainerRegistrationReportForECContainerSafeModeRule] INFO  safemode.SCMSafeModeManager (SCMSafeModeManager.java:validateSafeModeExitRules(138)) - ECContainerSafeModeRule rule is successfully validated
2025-07-05 15:48:25,508 [EventQueue-PipelineReportForOneReplicaPipelineSafeModeRule] INFO  safemode.SCMSafeModeManager (SCMSafeModeManager.java:validateSafeModeExitRules(138)) - AtleastOneDatanodeReportedRule rule is successfully validated
2025-07-05 15:48:25,512 [RatisPipelineUtilsThread-0] INFO  pipeline.RatisPipelineProvider (RatisPipelineProvider.java:lambda$create$0(208)) - Sending CreatePipelineCommand for pipeline:Pipeline-2d4ce7f1-1d9e-4a00-b80d-9d5e8b2e0da4 to datanode:05378834-8d64-4004-85b0-7f2e6f6e22dc(localhost/127.0.0.1)
2025-07-05 15:48:25,512 [main] INFO  ozone.HddsDatanodeService (HddsDatanodeService.java:start(333)) - Datanode start with admins: [admin, runner]
2025-07-05 15:48:25,512 [main] INFO  ozone.HddsDatanodeClientProtocolServer (HddsDatanodeClientProtocolServer.java:start(76)) - RPC server for Client /0.0.0.0:15043
2025-07-05 15:48:25,513 [IPC Server Responder] INFO  ipc.Server (Server.java:run(1713)) - IPC Server Responder: starting
2025-07-05 15:48:25,516 [IPC Server listener on 15043] INFO  ipc.Server (Server.java:run(1553)) - IPC Server listener on 15043: starting
2025-07-05 15:48:25,528 [main] WARN  dropwizard3.Dm3MetricRegistriesImpl (Dm3MetricRegistriesImpl.java:addReporterRegistration(114)) - New reporters are added after registries were created. Some metrics will be missing from the reporter. Please add reporter before adding any new registry.
2025-07-05 15:48:25,528 [main] WARN  dropwizard3.Dm3MetricRegistriesImpl (Dm3MetricRegistriesImpl.java:addReporterRegistration(114)) - New reporters are added after registries were created. Some metrics will be missing from the reporter. Please add reporter before adding any new registry.
2025-07-05 15:48:25,528 [main] INFO  impl.MetricsSystemImpl (MetricsSystemImpl.java:init(158)) - HddsDatanode metrics system started (again)
2025-07-05 15:48:25,532 [694b616d-7f52-4b82-b07e-10398eb153c5-DatanodeStateMachineDaemonThread] INFO  statemachine.DatanodeStateMachine (DatanodeStateMachine.java:startStateMachineThread(347)) - Ozone container server started.
2025-07-05 15:48:25,542 [694b616d-7f52-4b82-b07e-10398eb153c5-DatanodeStateMachineTaskThread-0] INFO  datanode.InitDatanodeState (InitDatanodeState.java:persistContainerDatanodeDetails(139)) - DatanodeDetails is persisted to /home/runner/work/ozone/ozone/hadoop-ozone/integration-test/target/test-dir/MiniOzoneClusterImpl-0a3c97a5-d59a-4532-afef-c4940c4c02aa/ozone-meta/datanode-5/meta/datanode.id
2025-07-05 15:48:25,571 [b5b4f89f-93bb-4b69-9074-7f3b90eee2a4-EndpointStateMachineTaskThread-/0.0.0.0:15002-0 ] INFO  utils.DatanodeStoreCache (DatanodeStoreCache.java:addDB(70)) - Added db /home/runner/work/ozone/ozone/hadoop-ozone/integration-test/target/test-dir/MiniOzoneClusterImpl-0a3c97a5-d59a-4532-afef-c4940c4c02aa/ozone-meta/datanode-3/data-0/hdds/0a3c97a5-d59a-4532-afef-c4940c4c02aa/DS-88418df4-a2e9-4a9e-9192-de263c25fd99/container.db to cache
2025-07-05 15:48:25,571 [b5b4f89f-93bb-4b69-9074-7f3b90eee2a4-EndpointStateMachineTaskThread-/0.0.0.0:15002-0 ] INFO  volume.HddsVolume (HddsVolume.java:createDbStore(575)) - SchemaV3 db is created and loaded at /home/runner/work/ozone/ozone/hadoop-ozone/integration-test/target/test-dir/MiniOzoneClusterImpl-0a3c97a5-d59a-4532-afef-c4940c4c02aa/ozone-meta/datanode-3/data-0/hdds/0a3c97a5-d59a-4532-afef-c4940c4c02aa/DS-88418df4-a2e9-4a9e-9192-de263c25fd99/container.db for volume DS-88418df4-a2e9-4a9e-9192-de263c25fd99
2025-07-05 15:48:25,573 [b5b4f89f-93bb-4b69-9074-7f3b90eee2a4-EndpointStateMachineTaskThread-/0.0.0.0:15002-0 ] WARN  statemachine.DatanodeConfiguration (DatanodeConfiguration.java:validateMinFreeSpace(751)) - hdds.datanode.volume.min.free.space.percent = -1.0 is invalid, should be between 0 and 1
2025-07-05 15:48:25,575 [main] INFO  protocol.DatanodeDetails (DatanodeDetails.java:validateDatanodeIpAddress(199)) - Updating IP address of datanode d3a92f5c-9e4a-48c5-9a32-2f34a6e85eb8(localhost/null) to 127.0.0.1
2025-07-05 15:48:25,576 [main] INFO  ozone.HddsDatanodeService (HddsDatanodeService.java:start(236)) - HddsDatanodeService d3a92f5c-9e4a-48c5-9a32-2f34a6e85eb8(localhost/127.0.0.1)
2025-07-05 15:48:25,578 [b5b4f89f-93bb-4b69-9074-7f3b90eee2a4-ContainerReader-0] INFO  ozoneimpl.ContainerReader (ContainerReader.java:readVolume(144)) - Start to verify containers on volume /home/runner/work/ozone/ozone/hadoop-ozone/integration-test/target/test-dir/MiniOzoneClusterImpl-0a3c97a5-d59a-4532-afef-c4940c4c02aa/ozone-meta/datanode-3/data-0/hdds
2025-07-05 15:48:25,578 [b5b4f89f-93bb-4b69-9074-7f3b90eee2a4-ContainerReader-0] INFO  ozoneimpl.ContainerReader (ContainerReader.java:readVolume(174)) - Finish verifying containers on volume /home/runner/work/ozone/ozone/hadoop-ozone/integration-test/target/test-dir/MiniOzoneClusterImpl-0a3c97a5-d59a-4532-afef-c4940c4c02aa/ozone-meta/datanode-3/data-0/hdds
2025-07-05 15:48:25,579 [b5b4f89f-93bb-4b69-9074-7f3b90eee2a4-EndpointStateMachineTaskThread-/0.0.0.0:15002-0 ] INFO  ozoneimpl.OzoneContainer (OzoneContainer.java:buildContainerSet(370)) - Build ContainerSet costs 0s
2025-07-05 15:48:25,580 [b5b4f89f-93bb-4b69-9074-7f3b90eee2a4-EndpointStateMachineTaskThread-/0.0.0.0:15002-0 ] INFO  volume.ThrottledAsyncChecker (ThrottledAsyncChecker.java:schedule(138)) - Scheduling a check for /home/runner/work/ozone/ozone/hadoop-ozone/integration-test/target/test-dir/MiniOzoneClusterImpl-0a3c97a5-d59a-4532-afef-c4940c4c02aa/ozone-meta/datanode-3/data-0/hdds
2025-07-05 15:48:25,581 [b5b4f89f-93bb-4b69-9074-7f3b90eee2a4-EndpointStateMachineTaskThread-/0.0.0.0:15002-0 ] INFO  volume.StorageVolumeChecker (StorageVolumeChecker.java:checkAllVolumes(215)) - Scheduled health check for volume /home/runner/work/ozone/ozone/hadoop-ozone/integration-test/target/test-dir/MiniOzoneClusterImpl-0a3c97a5-d59a-4532-afef-c4940c4c02aa/ozone-meta/datanode-3/data-0/hdds
2025-07-05 15:48:25,582 [main] WARN  statemachine.DatanodeConfiguration (DatanodeConfiguration.java:validateMinFreeSpace(751)) - hdds.datanode.volume.min.free.space.percent = -1.0 is invalid, should be between 0 and 1
2025-07-05 15:48:25,584 [main] INFO  upgrade.AbstractLayoutVersionManager (AbstractLayoutVersionManager.java:init(80)) - Initializing Layout version manager with metadata layout = HBASE_SUPPORT (version = 8), software layout = HBASE_SUPPORT (version = 8)
2025-07-05 15:48:25,585 [main] INFO  statemachine.DatanodeStateMachine (DatanodeStateMachine.java:getEndPointTaskThreadPoolSize(305)) - Datanode State Machine Task Thread Pool size 2
2025-07-05 15:48:25,585 [main] WARN  statemachine.DatanodeConfiguration (DatanodeConfiguration.java:validateMinFreeSpace(751)) - hdds.datanode.volume.min.free.space.percent = -1.0 is invalid, should be between 0 and 1
2025-07-05 15:48:25,586 [b5b4f89f-93bb-4b69-9074-7f3b90eee2a4-EndpointStateMachineTaskThread-/0.0.0.0:15002-0 ] INFO  volume.ThrottledAsyncChecker (ThrottledAsyncChecker.java:schedule(138)) - Scheduling a check for /home/runner/work/ozone/ozone/hadoop-ozone/integration-test/target/test-dir/MiniOzoneClusterImpl-0a3c97a5-d59a-4532-afef-c4940c4c02aa/ozone-meta/datanode-3/ratis
2025-07-05 15:48:25,586 [b5b4f89f-93bb-4b69-9074-7f3b90eee2a4-EndpointStateMachineTaskThread-/0.0.0.0:15002-0 ] INFO  volume.StorageVolumeChecker (StorageVolumeChecker.java:checkAllVolumes(215)) - Scheduled health check for volume /home/runner/work/ozone/ozone/hadoop-ozone/integration-test/target/test-dir/MiniOzoneClusterImpl-0a3c97a5-d59a-4532-afef-c4940c4c02aa/ozone-meta/datanode-3/ratis
2025-07-05 15:48:25,587 [main] WARN  statemachine.DatanodeConfiguration (DatanodeConfiguration.java:validateMinFreeSpace(751)) - hdds.datanode.volume.min.free.space.percent = -1.0 is invalid, should be between 0 and 1
2025-07-05 15:48:25,588 [b5b4f89f-93bb-4b69-9074-7f3b90eee2a4-EndpointStateMachineTaskThread-/0.0.0.0:15002-0 ] INFO  ozoneimpl.OzoneContainer (OzoneContainer.java:start(520)) - Attempting to start container services.
2025-07-05 15:48:25,588 [main] WARN  statemachine.DatanodeConfiguration (DatanodeConfiguration.java:validateMinFreeSpace(751)) - hdds.datanode.volume.min.free.space.percent = -1.0 is invalid, should be between 0 and 1
2025-07-05 15:48:25,589 [ContainerMetadataScanner] INFO  ozoneimpl.AbstractBackgroundContainerScanner (AbstractBackgroundContainerScanner.java:runIteration(89)) - Completed an iteration in 0 minutes. Number of iterations (since the data-node restart) : 1, Number of containers scanned in this iteration : 0, Number of unhealthy containers found in this iteration : 0
2025-07-05 15:48:25,589 [main] WARN  statemachine.DatanodeConfiguration (DatanodeConfiguration.java:validateMinFreeSpace(751)) - hdds.datanode.volume.min.free.space.percent = -1.0 is invalid, should be between 0 and 1
2025-07-05 15:48:25,590 [ContainerDataScanner(/home/runner/work/ozone/ozone/hadoop-ozone/integration-test/target/test-dir/MiniOzoneClusterImpl-0a3c97a5-d59a-4532-afef-c4940c4c02aa/ozone-meta/datanode-3/data-0/hdds)] INFO  ozoneimpl.AbstractBackgroundContainerScanner (AbstractBackgroundContainerScanner.java:runIteration(89)) - Completed an iteration in 0 minutes. Number of iterations (since the data-node restart) : 1, Number of containers scanned in this iteration : 0, Number of unhealthy containers found in this iteration : 0
2025-07-05 15:48:25,594 [main] INFO  volume.HddsVolume (HddsVolume.java:<init>(162)) - HddsVolume: { id=DS-ce026c09-97c5-4c8a-8209-2b5019033693 dir=/home/runner/work/ozone/ozone/hadoop-ozone/integration-test/target/test-dir/MiniOzoneClusterImpl-0a3c97a5-d59a-4532-afef-c4940c4c02aa/ozone-meta/datanode-6/data-0/hdds type=DISK capacity=9222449699674390527 used=0 available=9222449699674390527 minFree=9222450130714624 committed=0 }
2025-07-05 15:48:25,594 [main] INFO  volume.MutableVolumeSet (MutableVolumeSet.java:initializeVolumeSet(167)) - Added Volume : /home/runner/work/ozone/ozone/hadoop-ozone/integration-test/target/test-dir/MiniOzoneClusterImpl-0a3c97a5-d59a-4532-afef-c4940c4c02aa/ozone-meta/datanode-6/data-0/hdds to VolumeSet
2025-07-05 15:48:25,595 [main] WARN  statemachine.DatanodeConfiguration (DatanodeConfiguration.java:validateMinFreeSpace(751)) - hdds.datanode.volume.min.free.space.percent = -1.0 is invalid, should be between 0 and 1
2025-07-05 15:48:25,595 [main] WARN  statemachine.DatanodeConfiguration (DatanodeConfiguration.java:validateMinFreeSpace(751)) - hdds.datanode.volume.min.free.space.percent = -1.0 is invalid, should be between 0 and 1
2025-07-05 15:48:25,596 [main] INFO  volume.MutableVolumeSet (MutableVolumeSet.java:initializeVolumeSet(167)) - Added Volume : /home/runner/work/ozone/ozone/hadoop-ozone/integration-test/target/test-dir/MiniOzoneClusterImpl-0a3c97a5-d59a-4532-afef-c4940c4c02aa/ozone-meta/datanode-6/ratis to VolumeSet
2025-07-05 15:48:25,596 [main] WARN  statemachine.DatanodeConfiguration (DatanodeConfiguration.java:validateMinFreeSpace(751)) - hdds.datanode.volume.min.free.space.percent = -1.0 is invalid, should be between 0 and 1
2025-07-05 15:48:25,596 [main] WARN  statemachine.DatanodeConfiguration (DatanodeConfiguration.java:validateMinFreeSpace(751)) - hdds.datanode.volume.min.free.space.percent = -1.0 is invalid, should be between 0 and 1
2025-07-05 15:48:25,597 [b5b4f89f-93bb-4b69-9074-7f3b90eee2a4-EndpointStateMachineTaskThread-/0.0.0.0:15002-0 ] INFO  replication.ReplicationServer (ReplicationServer.java:start(137)) - ReplicationServer is started using port 15033
2025-07-05 15:48:25,598 [b5b4f89f-93bb-4b69-9074-7f3b90eee2a4-EndpointStateMachineTaskThread-/0.0.0.0:15002-0 ] INFO  ratis.XceiverServerRatis (XceiverServerRatis.java:start(559)) - Starting XceiverServerRatis(b5b4f89f-93bb-4b69-9074-7f3b90eee2a4)
2025-07-05 15:48:25,598 [main] INFO  ozoneimpl.OzoneContainer (HddsVolumeUtil.java:loadAllHddsVolumeDbStore(102)) - Load 1 volumes DbStore cost: 0ms
2025-07-05 15:48:25,608 [b5b4f89f-93bb-4b69-9074-7f3b90eee2a4-EndpointStateMachineTaskThread-/0.0.0.0:15002-0 ] INFO  server.RaftServer (RaftServerProxy.java:startImpl(412)) - b5b4f89f-93bb-4b69-9074-7f3b90eee2a4: start RPC server
2025-07-05 15:48:25,609 [main] WARN  db.DBStoreBuilder (DBStoreBuilder.java:getDBDirPath(158)) - ozone.scm.datanode.id.dir is not configured. We recommend adding this setting. Falling back to ozone.metadata.dirs instead.
2025-07-05 15:48:25,609 [b5b4f89f-93bb-4b69-9074-7f3b90eee2a4-EndpointStateMachineTaskThread-/0.0.0.0:15002-0 ] INFO  server.GrpcServicesImpl (GrpcServicesImpl.java:startImpl(346)) - b5b4f89f-93bb-4b69-9074-7f3b90eee2a4: GrpcServicesImpl started, listening on 15029
2025-07-05 15:48:25,609 [b5b4f89f-93bb-4b69-9074-7f3b90eee2a4-EndpointStateMachineTaskThread-/0.0.0.0:15002-0 ] INFO  server.GrpcServicesImpl (GrpcServicesImpl.java:startImpl(346)) - b5b4f89f-93bb-4b69-9074-7f3b90eee2a4: GrpcServicesImpl started, listening on 15031
2025-07-05 15:48:25,610 [b5b4f89f-93bb-4b69-9074-7f3b90eee2a4-EndpointStateMachineTaskThread-/0.0.0.0:15002-0 ] INFO  server.GrpcServicesImpl (GrpcServicesImpl.java:startImpl(346)) - b5b4f89f-93bb-4b69-9074-7f3b90eee2a4: GrpcServicesImpl started, listening on 15030
2025-07-05 15:48:25,611 [JvmPauseMonitor5] INFO  util.JvmPauseMonitor (JvmPauseMonitor.java:run(146)) - JvmPauseMonitor-b5b4f89f-93bb-4b69-9074-7f3b90eee2a4: Started
2025-07-05 15:48:25,611 [b5b4f89f-93bb-4b69-9074-7f3b90eee2a4-EndpointStateMachineTaskThread-/0.0.0.0:15002-0 ] INFO  ratis.XceiverServerRatis (XceiverServerRatis.java:getRealPort(586)) - XceiverServerRatis(b5b4f89f-93bb-4b69-9074-7f3b90eee2a4) is started using port RATIS=15029
2025-07-05 15:48:25,611 [b5b4f89f-93bb-4b69-9074-7f3b90eee2a4-EndpointStateMachineTaskThread-/0.0.0.0:15002-0 ] INFO  ratis.XceiverServerRatis (XceiverServerRatis.java:getRealPort(586)) - XceiverServerRatis(b5b4f89f-93bb-4b69-9074-7f3b90eee2a4) is started using port RATIS_ADMIN=15030
2025-07-05 15:48:25,611 [main] WARN  statemachine.DatanodeConfiguration (DatanodeConfiguration.java:validateMinFreeSpace(751)) - hdds.datanode.volume.min.free.space.percent = -1.0 is invalid, should be between 0 and 1
2025-07-05 15:48:25,612 [b5b4f89f-93bb-4b69-9074-7f3b90eee2a4-EndpointStateMachineTaskThread-/0.0.0.0:15002-0 ] INFO  ratis.XceiverServerRatis (XceiverServerRatis.java:getRealPort(586)) - XceiverServerRatis(b5b4f89f-93bb-4b69-9074-7f3b90eee2a4) is started using port RATIS_SERVER=15031
2025-07-05 15:48:25,612 [b5b4f89f-93bb-4b69-9074-7f3b90eee2a4-EndpointStateMachineTaskThread-/0.0.0.0:15002-0 ] INFO  ratis.XceiverServerRatis (XceiverServerRatis.java:getRealPort(586)) - XceiverServerRatis(b5b4f89f-93bb-4b69-9074-7f3b90eee2a4) is started using port RATIS_DATASTREAM=15032
2025-07-05 15:48:25,613 [main] WARN  db.DBStoreBuilder (DBStoreBuilder.java:getDBDirPath(158)) - ozone.scm.datanode.id.dir is not configured. We recommend adding this setting. Falling back to ozone.metadata.dirs instead.
2025-07-05 15:48:25,615 [b5b4f89f-93bb-4b69-9074-7f3b90eee2a4-EndpointStateMachineTaskThread-/0.0.0.0:15002-0 ] INFO  utils.BackgroundService (BackgroundService.java:start(118)) - Starting service BlockDeletingService with interval 60000 milliseconds
2025-07-05 15:48:25,615 [b5b4f89f-93bb-4b69-9074-7f3b90eee2a4-EndpointStateMachineTaskThread-/0.0.0.0:15002-0 ] INFO  utils.BackgroundService (BackgroundService.java:start(118)) - Starting service StaleRecoveringContainerScrubbingService with interval 60000 milliseconds
2025-07-05 15:48:25,617 [67766547-47ec-4cca-936b-6c95be71f3ba@group-C4940C4C02AA-StateMachineUpdater] INFO  safemode.SCMSafeModeManager (SCMSafeModeManager.java:validateSafeModeExitRules(138)) - RatisContainerSafeModeRule rule is successfully validated
2025-07-05 15:48:25,617 [67766547-47ec-4cca-936b-6c95be71f3ba@group-C4940C4C02AA-StateMachineUpdater] INFO  safemode.HealthyPipelineSafeModeRule (HealthyPipelineSafeModeRule.java:initializeRule(228)) - Refreshed total pipeline count is 0, healthy pipeline threshold count is 1
2025-07-05 15:48:25,617 [67766547-47ec-4cca-936b-6c95be71f3ba@group-C4940C4C02AA-StateMachineUpdater] INFO  safemode.SCMSafeModeManager (SCMSafeModeManager.java:validateSafeModeExitRules(138)) - ECContainerSafeModeRule rule is successfully validated
2025-07-05 15:48:25,617 [67766547-47ec-4cca-936b-6c95be71f3ba@group-C4940C4C02AA-StateMachineUpdater] INFO  safemode.SCMSafeModeManager (SCMSafeModeManager.java:validateSafeModeExitRules(138)) - AtleastOneDatanodeReportedRule rule is successfully validated
2025-07-05 15:48:25,621 [RatisPipelineUtilsThread-0] INFO  pipeline.BackgroundPipelineCreator (BackgroundPipelineCreator.java:createPipelines(246)) - Created new pipeline Pipeline{ Id: 2d4ce7f1-1d9e-4a00-b80d-9d5e8b2e0da4, Nodes: [ {05378834-8d64-4004-85b0-7f2e6f6e22dc(localhost/127.0.0.1), ReplicaIndex: 0},], ReplicationConfig: RATIS/ONE, State:ALLOCATED, leaderId:, CreationTimestamp2025-07-05T15:48:25.511710167Z[Etc/UTC]}
2025-07-05 15:48:25,632 [main] WARN  statemachine.DatanodeConfiguration (DatanodeConfiguration.java:validateMinFreeSpace(751)) - hdds.datanode.volume.min.free.space.percent = -1.0 is invalid, should be between 0 and 1
2025-07-05 15:48:25,633 [main] WARN  statemachine.DatanodeConfiguration (DatanodeConfiguration.java:validateMinFreeSpace(751)) - hdds.datanode.volume.min.free.space.percent = -1.0 is invalid, should be between 0 and 1
2025-07-05 15:48:25,633 [main] INFO  impl.FilePerChunkStrategy (FilePerChunkStrategy.java:<init>(79)) - ozone.chunk.read.mapped.buffer.max.count is load with 0
2025-07-05 15:48:25,633 [main] INFO  impl.FilePerBlockStrategy (FilePerBlockStrategy.java:<init>(88)) - ozone.chunk.read.mapped.buffer.max.count is load with 0
2025-07-05 15:48:25,633 [main] WARN  statemachine.DatanodeConfiguration (DatanodeConfiguration.java:validateMinFreeSpace(751)) - hdds.datanode.volume.min.free.space.percent = -1.0 is invalid, should be between 0 and 1
2025-07-05 15:48:25,635 [main] INFO  server.RaftServerConfigKeys (ConfUtils.java:logGet(62)) - raft.server.log.appender.buffer.byte-limit = 33554432 (custom)
2025-07-05 15:48:25,638 [main] INFO  grpc.GrpcConfigKeys (ConfUtils.java:logFallback(69)) - raft.grpc.admin.host = null (fallback to raft.grpc.server.host)
2025-07-05 15:48:25,638 [main] INFO  grpc.GrpcConfigKeys (ConfUtils.java:logGet(62)) - raft.grpc.admin.port = 15054 (custom)
2025-07-05 15:48:25,638 [main] INFO  grpc.GrpcConfigKeys (ConfUtils.java:logFallback(69)) - raft.grpc.client.host = null (fallback to raft.grpc.server.host)
2025-07-05 15:48:25,639 [main] INFO  grpc.GrpcConfigKeys (ConfUtils.java:logGet(62)) - raft.grpc.client.port = 15053 (custom)
2025-07-05 15:48:25,639 [main] INFO  grpc.GrpcConfigKeys (ConfUtils.java:logGet(62)) - raft.grpc.server.port = 15055 (custom)
2025-07-05 15:48:25,639 [main] INFO  server.GrpcServicesImpl (ConfUtils.java:logGet(62)) - raft.grpc.message.size.max = 34603008 (custom)
2025-07-05 15:48:25,640 [main] INFO  server.GrpcServicesImpl (ConfUtils.java:logGet(62)) - raft.grpc.flow.control.window = 5MB (=5242880) (custom)
2025-07-05 15:48:25,640 [main] INFO  server.RaftServerConfigKeys (ConfUtils.java:logGet(62)) - raft.server.log.appender.buffer.byte-limit = 33554432 (custom)
2025-07-05 15:48:25,642 [main] INFO  netty.NettyUtils (NettyUtils.java:newEventLoopGroup(74)) - Create EpollEventLoopGroup for d3a92f5c-9e4a-48c5-9a32-2f34a6e85eb8-NettyServerStreamRpc-bossGroup; Thread size is 0.
2025-07-05 15:48:25,642 [main] INFO  netty.NettyUtils (NettyUtils.java:newEventLoopGroup(74)) - Create EpollEventLoopGroup for d3a92f5c-9e4a-48c5-9a32-2f34a6e85eb8-NettyServerStreamRpc-workerGroup; Thread size is 0.
2025-07-05 15:48:25,643 [main] INFO  netty.NettyConfigKeys$DataStream (ConfUtils.java:logGet(62)) - raft.netty.dataStream.port = 15056 (custom)
2025-07-05 15:48:25,644 [main] INFO  server.RaftServerConfigKeys (ConfUtils.java:logGet(62)) - raft.server.storage.dir = [/home/runner/work/ozone/ozone/hadoop-ozone/integration-test/target/test-dir/MiniOzoneClusterImpl-0a3c97a5-d59a-4532-afef-c4940c4c02aa/ozone-meta/datanode-6/ratis] (custom)
2025-07-05 15:48:25,644 [d3a92f5c-9e4a-48c5-9a32-2f34a6e85eb8-NettyServerStreamRpc-bossGroup--thread1] INFO  logging.LoggingHandler (AbstractInternalLogger.java:log(148)) - [id: 0xc80b8c3e] REGISTERED
2025-07-05 15:48:25,644 [d3a92f5c-9e4a-48c5-9a32-2f34a6e85eb8-NettyServerStreamRpc-bossGroup--thread1] INFO  logging.LoggingHandler (AbstractInternalLogger.java:log(148)) - [id: 0xc80b8c3e] BIND: 0.0.0.0/0.0.0.0:15056
2025-07-05 15:48:25,644 [d3a92f5c-9e4a-48c5-9a32-2f34a6e85eb8-NettyServerStreamRpc-bossGroup--thread1] INFO  logging.LoggingHandler (AbstractInternalLogger.java:log(148)) - [id: 0xc80b8c3e, L:/0.0.0.0:15056] ACTIVE
2025-07-05 15:48:25,644 [d3a92f5c-9e4a-48c5-9a32-2f34a6e85eb8-impl-thread1] INFO  server.RaftServer (RaftServerProxy.java:initGroupDir(270)) - d3a92f5c-9e4a-48c5-9a32-2f34a6e85eb8: found a subdirectory /home/runner/work/ozone/ozone/hadoop-ozone/integration-test/target/test-dir/MiniOzoneClusterImpl-0a3c97a5-d59a-4532-afef-c4940c4c02aa/ozone-meta/datanode-6/ratis/tmp
2025-07-05 15:48:25,644 [d3a92f5c-9e4a-48c5-9a32-2f34a6e85eb8-impl-thread1] INFO  server.RaftServer (RaftServerProxy.java:initGroupDir(275)) - d3a92f5c-9e4a-48c5-9a32-2f34a6e85eb8: The directory /home/runner/work/ozone/ozone/hadoop-ozone/integration-test/target/test-dir/MiniOzoneClusterImpl-0a3c97a5-d59a-4532-afef-c4940c4c02aa/ozone-meta/datanode-6/ratis/tmp is not a group directory; ignoring it. 
2025-07-05 15:48:25,645 [main] INFO  replication.ReplicationServer (ReplicationServer.java:<init>(84)) - Initializing replication server with thread count = 10 queue length = 4096
2025-07-05 15:48:25,646 [main] WARN  statemachine.DatanodeConfiguration (DatanodeConfiguration.java:validateMinFreeSpace(751)) - hdds.datanode.volume.min.free.space.percent = -1.0 is invalid, should be between 0 and 1
2025-07-05 15:48:25,646 [main] INFO  server.XceiverServerGrpc (XceiverServerGrpc.java:<init>(130)) - GrpcServer channel type EpollServerSocketChannel
2025-07-05 15:48:25,647 [main] WARN  statemachine.DatanodeConfiguration (DatanodeConfiguration.java:validateMinFreeSpace(751)) - hdds.datanode.volume.min.free.space.percent = -1.0 is invalid, should be between 0 and 1
2025-07-05 15:48:25,647 [main] INFO  replication.ReplicationSupervisor (ReplicationSupervisor.java:build(169)) - Initializing replication supervisor with thread count = 10
2025-07-05 15:48:25,648 [main] INFO  replication.ReplicationSupervisor (ReplicationSupervisor.java:nodeStateUpdated(358)) - Node state updated to IN_SERVICE, scaling executor pool size to 10
2025-07-05 15:48:25,649 [main] WARN  statemachine.DatanodeConfiguration (DatanodeConfiguration.java:validateMinFreeSpace(751)) - hdds.datanode.volume.min.free.space.percent = -1.0 is invalid, should be between 0 and 1
2025-07-05 15:48:25,650 [main] INFO  http.BaseHttpServer (BaseHttpServer.java:newHttpServer2BuilderForOzone(229)) - Starting Web-server for hddsDatanode at: http://0.0.0.0:15050
2025-07-05 15:48:25,651 [main] INFO  http.BaseHttpServer (BaseHttpServer.java:<init>(107)) - Hadoop Security Enabled: false Ozone Security Enabled: false Ozone HTTP Security Enabled: false 
2025-07-05 15:48:25,652 [main] WARN  server.AuthenticationFilter (AuthenticationFilter.java:constructSecretProvider(240)) - Unable to initialize FileSignerSecretProvider, falling back to use random secrets. Reason: Could not read signature secret file: /home/runner/hadoop-http-auth-signature-secret
2025-07-05 15:48:25,655 [main] INFO  http.HttpServer2 (HttpServer2.java:addGlobalFilter(1042)) - Added global filter 'safety' (class=org.apache.hadoop.hdds.server.http.HttpServer2$QuotingInputFilter)
2025-07-05 15:48:25,656 [main] INFO  http.HttpServer2 (HttpServer2.java:addFilter(1018)) - Added filter static_user_filter (class=org.apache.hadoop.http.lib.StaticUserWebFilter$StaticUserFilter) to context hddsDatanode
2025-07-05 15:48:25,656 [main] INFO  http.HttpServer2 (HttpServer2.java:addFilter(1026)) - Added filter static_user_filter (class=org.apache.hadoop.http.lib.StaticUserWebFilter$StaticUserFilter) to context logs
2025-07-05 15:48:25,656 [main] INFO  http.HttpServer2 (HttpServer2.java:addFilter(1026)) - Added filter static_user_filter (class=org.apache.hadoop.http.lib.StaticUserWebFilter$StaticUserFilter) to context static
2025-07-05 15:48:25,657 [main] INFO  http.BaseHttpServer (BaseHttpServer.java:<init>(195)) - HTTP server of hddsDatanode uses base directory /home/runner/work/ozone/ozone/hadoop-ozone/integration-test/target/test-dir/MiniOzoneClusterImpl-0a3c97a5-d59a-4532-afef-c4940c4c02aa/ozone-meta/datanode-6/meta/webserver
2025-07-05 15:48:25,657 [main] INFO  http.HttpServer2 (HttpServer2.java:bindListener(1242)) - Jetty bound to port 15050
2025-07-05 15:48:25,657 [main] INFO  server.Server (Server.java:doStart(375)) - jetty-9.4.57.v20241219; built: 2025-01-08T21:24:30.412Z; git: df524e6b29271c2e09ba9aea83c18dc9db464a31; jvm 21.0.7+6-LTS
2025-07-05 15:48:25,659 [main] INFO  server.session (DefaultSessionIdManager.java:doStart(334)) - DefaultSessionIdManager workerName=node0
2025-07-05 15:48:25,659 [main] INFO  server.session (DefaultSessionIdManager.java:doStart(339)) - No SessionScavenger set, using defaults
2025-07-05 15:48:25,659 [main] INFO  server.session (HouseKeeper.java:startScavenging(132)) - node0 Scavenging every 600000ms
2025-07-05 15:48:25,659 [main] INFO  handler.ContextHandler (ContextHandler.java:doStart(921)) - Started o.e.j.s.ServletContextHandler@398956e9{logs,/logs,file:///home/runner/work/ozone/ozone/hadoop-ozone/integration-test/target/log,AVAILABLE}
2025-07-05 15:48:25,660 [main] INFO  handler.ContextHandler (ContextHandler.java:doStart(921)) - Started o.e.j.s.ServletContextHandler@a8a1822{static,/static,jar:file:/home/runner/work/ozone/ozone/hadoop-hdds/container-service/target/hdds-container-service-2.1.0-SNAPSHOT.jar!/webapps/static,AVAILABLE}
2025-07-05 15:48:25,731 [IPC Server handler 16 on default port 15002] INFO  net.NetworkTopologyImpl (NetworkTopologyImpl.java:add(133)) - Added a new node: /default-rack/a2ddbc4c-912b-4a1a-89ce-9bbeea094c2b
2025-07-05 15:48:25,731 [IPC Server handler 16 on default port 15002] INFO  node.SCMNodeManager (SCMNodeManager.java:register(423)) - Registered datanode: a2ddbc4c-912b-4a1a-89ce-9bbeea094c2b{ip: 127.0.0.1, host: localhost, ports: [HTTP=15018, CLIENT_RPC=15019, REPLICATION=15025, RATIS=15021, RATIS_ADMIN=15022, RATIS_SERVER=15023, RATIS_DATASTREAM=15024, STANDALONE=15020], networkLocation: /default-rack, certSerialId: null, persistedOpState: null, persistedOpStateExpiryEpochSec: 0}
2025-07-05 15:48:25,732 [EventQueue-NewNodeForNewNodeHandler] INFO  pipeline.BackgroundPipelineCreator (BackgroundPipelineCreator.java:notifyEventTriggered(290)) - trigger a one-shot run on RatisPipelineUtilsThread.
2025-07-05 15:48:25,732 [EventQueue-NodeRegistrationContainerReportForDataNodeSafeModeRule] INFO  safemode.SCMSafeModeManager (DataNodeSafeModeRule.java:process(80)) - SCM in safe mode. 2 DataNodes registered, 3 required.
2025-07-05 15:48:25,733 [EventQueue-PipelineReportForOneReplicaPipelineSafeModeRule] INFO  safemode.SCMSafeModeManager (SCMSafeModeManager.java:validateSafeModeExitRules(138)) - AtleastOneDatanodeReportedRule rule is successfully validated
2025-07-05 15:48:25,733 [EventQueue-ContainerRegistrationReportForECContainerSafeModeRule] INFO  safemode.SCMSafeModeManager (SCMSafeModeManager.java:validateSafeModeExitRules(138)) - ECContainerSafeModeRule rule is successfully validated
2025-07-05 15:48:25,733 [EventQueue-ContainerRegistrationReportForRatisContainerSafeModeRule] INFO  safemode.SCMSafeModeManager (SCMSafeModeManager.java:validateSafeModeExitRules(138)) - RatisContainerSafeModeRule rule is successfully validated
2025-07-05 15:48:25,734 [RatisPipelineUtilsThread-0] INFO  pipeline.RatisPipelineProvider (RatisPipelineProvider.java:lambda$create$0(208)) - Sending CreatePipelineCommand for pipeline:Pipeline-cb3a21fe-dfd0-4618-baed-c07b19bb3861 to datanode:a2ddbc4c-912b-4a1a-89ce-9bbeea094c2b(localhost/127.0.0.1)
2025-07-05 15:48:25,737 [67766547-47ec-4cca-936b-6c95be71f3ba@group-C4940C4C02AA-StateMachineUpdater] INFO  safemode.SCMSafeModeManager (SCMSafeModeManager.java:validateSafeModeExitRules(138)) - RatisContainerSafeModeRule rule is successfully validated
2025-07-05 15:48:25,737 [67766547-47ec-4cca-936b-6c95be71f3ba@group-C4940C4C02AA-StateMachineUpdater] INFO  safemode.HealthyPipelineSafeModeRule (HealthyPipelineSafeModeRule.java:initializeRule(228)) - Refreshed total pipeline count is 0, healthy pipeline threshold count is 1
2025-07-05 15:48:25,737 [67766547-47ec-4cca-936b-6c95be71f3ba@group-C4940C4C02AA-StateMachineUpdater] INFO  safemode.SCMSafeModeManager (SCMSafeModeManager.java:validateSafeModeExitRules(138)) - ECContainerSafeModeRule rule is successfully validated
2025-07-05 15:48:25,737 [67766547-47ec-4cca-936b-6c95be71f3ba@group-C4940C4C02AA-StateMachineUpdater] INFO  safemode.SCMSafeModeManager (SCMSafeModeManager.java:validateSafeModeExitRules(138)) - AtleastOneDatanodeReportedRule rule is successfully validated
2025-07-05 15:48:25,738 [RatisPipelineUtilsThread-0] INFO  pipeline.BackgroundPipelineCreator (BackgroundPipelineCreator.java:createPipelines(246)) - Created new pipeline Pipeline{ Id: cb3a21fe-dfd0-4618-baed-c07b19bb3861, Nodes: [ {a2ddbc4c-912b-4a1a-89ce-9bbeea094c2b(localhost/127.0.0.1), ReplicaIndex: 0},], ReplicationConfig: RATIS/ONE, State:ALLOCATED, leaderId:, CreationTimestamp2025-07-05T15:48:25.734542320Z[Etc/UTC]}
2025-07-05 15:48:25,768 [2e56514c-0608-4198-9fed-b4eba4d3d686-EndpointStateMachineTaskThread-/0.0.0.0:15002-0 ] WARN  statemachine.DatanodeConfiguration (DatanodeConfiguration.java:validateMinFreeSpace(751)) - hdds.datanode.volume.min.free.space.percent = -1.0 is invalid, should be between 0 and 1
2025-07-05 15:48:25,769 [2e56514c-0608-4198-9fed-b4eba4d3d686-EndpointStateMachineTaskThread-/0.0.0.0:15002-0 ] WARN  statemachine.DatanodeConfiguration (DatanodeConfiguration.java:validateMinFreeSpace(751)) - hdds.datanode.volume.min.free.space.percent = -1.0 is invalid, should be between 0 and 1
2025-07-05 15:48:25,769 [2e56514c-0608-4198-9fed-b4eba4d3d686-EndpointStateMachineTaskThread-/0.0.0.0:15002-0 ] WARN  statemachine.DatanodeConfiguration (DatanodeConfiguration.java:validateMinFreeSpace(751)) - hdds.datanode.volume.min.free.space.percent = -1.0 is invalid, should be between 0 and 1
2025-07-05 15:48:25,803 [2e56514c-0608-4198-9fed-b4eba4d3d686-EndpointStateMachineTaskThread-/0.0.0.0:15002-0 ] INFO  utils.DatanodeStoreCache (DatanodeStoreCache.java:addDB(70)) - Added db /home/runner/work/ozone/ozone/hadoop-ozone/integration-test/target/test-dir/MiniOzoneClusterImpl-0a3c97a5-d59a-4532-afef-c4940c4c02aa/ozone-meta/datanode-4/data-0/hdds/0a3c97a5-d59a-4532-afef-c4940c4c02aa/DS-4856656f-c553-4b9c-be60-7aa98c4643e8/container.db to cache
2025-07-05 15:48:25,803 [2e56514c-0608-4198-9fed-b4eba4d3d686-EndpointStateMachineTaskThread-/0.0.0.0:15002-0 ] INFO  volume.HddsVolume (HddsVolume.java:createDbStore(575)) - SchemaV3 db is created and loaded at /home/runner/work/ozone/ozone/hadoop-ozone/integration-test/target/test-dir/MiniOzoneClusterImpl-0a3c97a5-d59a-4532-afef-c4940c4c02aa/ozone-meta/datanode-4/data-0/hdds/0a3c97a5-d59a-4532-afef-c4940c4c02aa/DS-4856656f-c553-4b9c-be60-7aa98c4643e8/container.db for volume DS-4856656f-c553-4b9c-be60-7aa98c4643e8
2025-07-05 15:48:25,804 [2e56514c-0608-4198-9fed-b4eba4d3d686-EndpointStateMachineTaskThread-/0.0.0.0:15002-0 ] WARN  statemachine.DatanodeConfiguration (DatanodeConfiguration.java:validateMinFreeSpace(751)) - hdds.datanode.volume.min.free.space.percent = -1.0 is invalid, should be between 0 and 1
2025-07-05 15:48:25,812 [2e56514c-0608-4198-9fed-b4eba4d3d686-ContainerReader-0] INFO  ozoneimpl.ContainerReader (ContainerReader.java:readVolume(144)) - Start to verify containers on volume /home/runner/work/ozone/ozone/hadoop-ozone/integration-test/target/test-dir/MiniOzoneClusterImpl-0a3c97a5-d59a-4532-afef-c4940c4c02aa/ozone-meta/datanode-4/data-0/hdds
2025-07-05 15:48:25,813 [2e56514c-0608-4198-9fed-b4eba4d3d686-ContainerReader-0] INFO  ozoneimpl.ContainerReader (ContainerReader.java:readVolume(174)) - Finish verifying containers on volume /home/runner/work/ozone/ozone/hadoop-ozone/integration-test/target/test-dir/MiniOzoneClusterImpl-0a3c97a5-d59a-4532-afef-c4940c4c02aa/ozone-meta/datanode-4/data-0/hdds
2025-07-05 15:48:25,813 [2e56514c-0608-4198-9fed-b4eba4d3d686-EndpointStateMachineTaskThread-/0.0.0.0:15002-0 ] INFO  ozoneimpl.OzoneContainer (OzoneContainer.java:buildContainerSet(370)) - Build ContainerSet costs 0s
2025-07-05 15:48:25,814 [2e56514c-0608-4198-9fed-b4eba4d3d686-EndpointStateMachineTaskThread-/0.0.0.0:15002-0 ] INFO  volume.ThrottledAsyncChecker (ThrottledAsyncChecker.java:schedule(138)) - Scheduling a check for /home/runner/work/ozone/ozone/hadoop-ozone/integration-test/target/test-dir/MiniOzoneClusterImpl-0a3c97a5-d59a-4532-afef-c4940c4c02aa/ozone-meta/datanode-4/data-0/hdds
2025-07-05 15:48:25,814 [2e56514c-0608-4198-9fed-b4eba4d3d686-EndpointStateMachineTaskThread-/0.0.0.0:15002-0 ] INFO  volume.StorageVolumeChecker (StorageVolumeChecker.java:checkAllVolumes(215)) - Scheduled health check for volume /home/runner/work/ozone/ozone/hadoop-ozone/integration-test/target/test-dir/MiniOzoneClusterImpl-0a3c97a5-d59a-4532-afef-c4940c4c02aa/ozone-meta/datanode-4/data-0/hdds
2025-07-05 15:48:25,826 [2e56514c-0608-4198-9fed-b4eba4d3d686-EndpointStateMachineTaskThread-/0.0.0.0:15002-0 ] INFO  volume.ThrottledAsyncChecker (ThrottledAsyncChecker.java:schedule(138)) - Scheduling a check for /home/runner/work/ozone/ozone/hadoop-ozone/integration-test/target/test-dir/MiniOzoneClusterImpl-0a3c97a5-d59a-4532-afef-c4940c4c02aa/ozone-meta/datanode-4/ratis
2025-07-05 15:48:25,826 [2e56514c-0608-4198-9fed-b4eba4d3d686-EndpointStateMachineTaskThread-/0.0.0.0:15002-0 ] INFO  volume.StorageVolumeChecker (StorageVolumeChecker.java:checkAllVolumes(215)) - Scheduled health check for volume /home/runner/work/ozone/ozone/hadoop-ozone/integration-test/target/test-dir/MiniOzoneClusterImpl-0a3c97a5-d59a-4532-afef-c4940c4c02aa/ozone-meta/datanode-4/ratis
2025-07-05 15:48:25,829 [2e56514c-0608-4198-9fed-b4eba4d3d686-EndpointStateMachineTaskThread-/0.0.0.0:15002-0 ] INFO  ozoneimpl.OzoneContainer (OzoneContainer.java:start(520)) - Attempting to start container services.
2025-07-05 15:48:25,831 [ContainerMetadataScanner] INFO  ozoneimpl.AbstractBackgroundContainerScanner (AbstractBackgroundContainerScanner.java:runIteration(89)) - Completed an iteration in 0 minutes. Number of iterations (since the data-node restart) : 1, Number of containers scanned in this iteration : 0, Number of unhealthy containers found in this iteration : 0
2025-07-05 15:48:25,832 [ContainerDataScanner(/home/runner/work/ozone/ozone/hadoop-ozone/integration-test/target/test-dir/MiniOzoneClusterImpl-0a3c97a5-d59a-4532-afef-c4940c4c02aa/ozone-meta/datanode-4/data-0/hdds)] INFO  ozoneimpl.AbstractBackgroundContainerScanner (AbstractBackgroundContainerScanner.java:runIteration(89)) - Completed an iteration in 0 minutes. Number of iterations (since the data-node restart) : 1, Number of containers scanned in this iteration : 0, Number of unhealthy containers found in this iteration : 0
2025-07-05 15:48:25,832 [2e56514c-0608-4198-9fed-b4eba4d3d686-EndpointStateMachineTaskThread-/0.0.0.0:15002-0 ] INFO  replication.ReplicationServer (ReplicationServer.java:start(137)) - ReplicationServer is started using port 15041
2025-07-05 15:48:25,832 [2e56514c-0608-4198-9fed-b4eba4d3d686-EndpointStateMachineTaskThread-/0.0.0.0:15002-0 ] INFO  ratis.XceiverServerRatis (XceiverServerRatis.java:start(559)) - Starting XceiverServerRatis(2e56514c-0608-4198-9fed-b4eba4d3d686)
2025-07-05 15:48:25,834 [2e56514c-0608-4198-9fed-b4eba4d3d686-EndpointStateMachineTaskThread-/0.0.0.0:15002-0 ] INFO  server.RaftServer (RaftServerProxy.java:startImpl(412)) - 2e56514c-0608-4198-9fed-b4eba4d3d686: start RPC server
2025-07-05 15:48:25,835 [2e56514c-0608-4198-9fed-b4eba4d3d686-EndpointStateMachineTaskThread-/0.0.0.0:15002-0 ] INFO  server.GrpcServicesImpl (GrpcServicesImpl.java:startImpl(346)) - 2e56514c-0608-4198-9fed-b4eba4d3d686: GrpcServicesImpl started, listening on 15037
2025-07-05 15:48:25,840 [2e56514c-0608-4198-9fed-b4eba4d3d686-EndpointStateMachineTaskThread-/0.0.0.0:15002-0 ] INFO  server.GrpcServicesImpl (GrpcServicesImpl.java:startImpl(346)) - 2e56514c-0608-4198-9fed-b4eba4d3d686: GrpcServicesImpl started, listening on 15039
2025-07-05 15:48:25,840 [main] INFO  handler.ContextHandler (ContextHandler.java:doStart(921)) - Started o.e.j.w.WebAppContext@1f018baf{hddsDatanode,/,file:///home/runner/work/ozone/ozone/hadoop-ozone/integration-test/target/test-dir/MiniOzoneClusterImpl-0a3c97a5-d59a-4532-afef-c4940c4c02aa/ozone-meta/datanode-6/meta/webserver/jetty-0_0_0_0-15050-hdds-container-service-2_1_0-SNAPSHOT_jar-_-any-17016776079108656415/webapp/,AVAILABLE}{jar:file:/home/runner/work/ozone/ozone/hadoop-hdds/container-service/target/hdds-container-service-2.1.0-SNAPSHOT.jar!/webapps/hddsDatanode}
2025-07-05 15:48:25,840 [2e56514c-0608-4198-9fed-b4eba4d3d686-EndpointStateMachineTaskThread-/0.0.0.0:15002-0 ] INFO  server.GrpcServicesImpl (GrpcServicesImpl.java:startImpl(346)) - 2e56514c-0608-4198-9fed-b4eba4d3d686: GrpcServicesImpl started, listening on 15038
2025-07-05 15:48:25,841 [2e56514c-0608-4198-9fed-b4eba4d3d686-EndpointStateMachineTaskThread-/0.0.0.0:15002-0 ] INFO  ratis.XceiverServerRatis (XceiverServerRatis.java:getRealPort(586)) - XceiverServerRatis(2e56514c-0608-4198-9fed-b4eba4d3d686) is started using port RATIS=15037
2025-07-05 15:48:25,841 [2e56514c-0608-4198-9fed-b4eba4d3d686-EndpointStateMachineTaskThread-/0.0.0.0:15002-0 ] INFO  ratis.XceiverServerRatis (XceiverServerRatis.java:getRealPort(586)) - XceiverServerRatis(2e56514c-0608-4198-9fed-b4eba4d3d686) is started using port RATIS_ADMIN=15038
2025-07-05 15:48:25,841 [2e56514c-0608-4198-9fed-b4eba4d3d686-EndpointStateMachineTaskThread-/0.0.0.0:15002-0 ] INFO  ratis.XceiverServerRatis (XceiverServerRatis.java:getRealPort(586)) - XceiverServerRatis(2e56514c-0608-4198-9fed-b4eba4d3d686) is started using port RATIS_SERVER=15039
2025-07-05 15:48:25,841 [2e56514c-0608-4198-9fed-b4eba4d3d686-EndpointStateMachineTaskThread-/0.0.0.0:15002-0 ] INFO  ratis.XceiverServerRatis (XceiverServerRatis.java:getRealPort(586)) - XceiverServerRatis(2e56514c-0608-4198-9fed-b4eba4d3d686) is started using port RATIS_DATASTREAM=15040
2025-07-05 15:48:25,841 [main] INFO  server.AbstractConnector (AbstractConnector.java:doStart(333)) - Started ServerConnector@28faece4{HTTP/1.1, (http/1.1)}{0.0.0.0:15050}
2025-07-05 15:48:25,841 [JvmPauseMonitor6] INFO  util.JvmPauseMonitor (JvmPauseMonitor.java:run(146)) - JvmPauseMonitor-2e56514c-0608-4198-9fed-b4eba4d3d686: Started
2025-07-05 15:48:25,841 [main] INFO  server.Server (Server.java:doStart(415)) - Started @12961ms
2025-07-05 15:48:25,842 [main] WARN  impl.MetricsSystemImpl (MetricsSystemImpl.java:register(279)) - Sink prometheus already exists!
2025-07-05 15:48:25,842 [main] INFO  http.BaseHttpServer (BaseHttpServer.java:updateConnectorAddress(359)) - HTTP server of hddsDatanode listening at http://localhost:15050
2025-07-05 15:48:25,843 [main] INFO  ipc.CallQueueManager (CallQueueManager.java:<init>(93)) - Using callQueue: class java.util.concurrent.LinkedBlockingQueue, queueCapacity: 1000, scheduler: class org.apache.hadoop.ipc.DefaultRpcScheduler, ipcBackoff: false, ipcFailOver: false.
2025-07-05 15:48:25,843 [main] INFO  ipc.Server (Server.java:<init>(1438)) - Listener at 0.0.0.0:15051
2025-07-05 15:48:25,842 [2e56514c-0608-4198-9fed-b4eba4d3d686-EndpointStateMachineTaskThread-/0.0.0.0:15002-0 ] INFO  utils.BackgroundService (BackgroundService.java:start(118)) - Starting service BlockDeletingService with interval 60000 milliseconds
2025-07-05 15:48:25,845 [Socket Reader #1 for port 15051] INFO  ipc.Server (Server.java:run(1474)) - Starting Socket Reader #1 for port 15051
2025-07-05 15:48:25,845 [2e56514c-0608-4198-9fed-b4eba4d3d686-EndpointStateMachineTaskThread-/0.0.0.0:15002-0 ] INFO  utils.BackgroundService (BackgroundService.java:start(118)) - Starting service StaleRecoveringContainerScrubbingService with interval 60000 milliseconds
2025-07-05 15:48:25,846 [Socket Reader #2 for port 15051] INFO  ipc.Server (Server.java:run(1474)) - Starting Socket Reader #2 for port 15051
2025-07-05 15:48:25,846 [Socket Reader #3 for port 15051] INFO  ipc.Server (Server.java:run(1474)) - Starting Socket Reader #3 for port 15051
2025-07-05 15:48:25,847 [Socket Reader #4 for port 15051] INFO  ipc.Server (Server.java:run(1474)) - Starting Socket Reader #4 for port 15051
2025-07-05 15:48:25,847 [Socket Reader #5 for port 15051] INFO  ipc.Server (Server.java:run(1474)) - Starting Socket Reader #5 for port 15051
2025-07-05 15:48:25,848 [Socket Reader #6 for port 15051] INFO  ipc.Server (Server.java:run(1474)) - Starting Socket Reader #6 for port 15051
2025-07-05 15:48:25,848 [Socket Reader #7 for port 15051] INFO  ipc.Server (Server.java:run(1474)) - Starting Socket Reader #7 for port 15051
2025-07-05 15:48:25,849 [Socket Reader #8 for port 15051] INFO  ipc.Server (Server.java:run(1474)) - Starting Socket Reader #8 for port 15051
2025-07-05 15:48:25,849 [Socket Reader #9 for port 15051] INFO  ipc.Server (Server.java:run(1474)) - Starting Socket Reader #9 for port 15051
2025-07-05 15:48:25,850 [Socket Reader #10 for port 15051] INFO  ipc.Server (Server.java:run(1474)) - Starting Socket Reader #10 for port 15051
2025-07-05 15:48:25,852 [main] INFO  ozone.HddsDatanodeService (HddsDatanodeService.java:start(333)) - Datanode start with admins: [admin, runner]
2025-07-05 15:48:25,852 [main] INFO  ozone.HddsDatanodeClientProtocolServer (HddsDatanodeClientProtocolServer.java:start(76)) - RPC server for Client /0.0.0.0:15051
2025-07-05 15:48:25,852 [IPC Server Responder] INFO  ipc.Server (Server.java:run(1713)) - IPC Server Responder: starting
2025-07-05 15:48:25,853 [IPC Server listener on 15051] INFO  ipc.Server (Server.java:run(1553)) - IPC Server listener on 15051: starting
2025-07-05 15:48:25,855 [main] WARN  dropwizard3.Dm3MetricRegistriesImpl (Dm3MetricRegistriesImpl.java:addReporterRegistration(114)) - New reporters are added after registries were created. Some metrics will be missing from the reporter. Please add reporter before adding any new registry.
2025-07-05 15:48:25,855 [main] WARN  dropwizard3.Dm3MetricRegistriesImpl (Dm3MetricRegistriesImpl.java:addReporterRegistration(114)) - New reporters are added after registries were created. Some metrics will be missing from the reporter. Please add reporter before adding any new registry.
2025-07-05 15:48:25,855 [main] INFO  impl.MetricsSystemImpl (MetricsSystemImpl.java:init(158)) - HddsDatanode metrics system started (again)
2025-07-05 15:48:25,856 [d3a92f5c-9e4a-48c5-9a32-2f34a6e85eb8-DatanodeStateMachineDaemonThread] INFO  statemachine.DatanodeStateMachine (DatanodeStateMachine.java:startStateMachineThread(347)) - Ozone container server started.
2025-07-05 15:48:25,861 [d3a92f5c-9e4a-48c5-9a32-2f34a6e85eb8-DatanodeStateMachineTaskThread-0] INFO  datanode.InitDatanodeState (InitDatanodeState.java:persistContainerDatanodeDetails(139)) - DatanodeDetails is persisted to /home/runner/work/ozone/ozone/hadoop-ozone/integration-test/target/test-dir/MiniOzoneClusterImpl-0a3c97a5-d59a-4532-afef-c4940c4c02aa/ozone-meta/datanode-6/meta/datanode.id
2025-07-05 15:48:25,873 [main] INFO  protocol.DatanodeDetails (DatanodeDetails.java:validateDatanodeIpAddress(199)) - Updating IP address of datanode 092257cb-ba5a-4f8a-9b9c-d44861eaa450(localhost/null) to 127.0.0.1
2025-07-05 15:48:25,873 [main] INFO  ozone.HddsDatanodeService (HddsDatanodeService.java:start(236)) - HddsDatanodeService 092257cb-ba5a-4f8a-9b9c-d44861eaa450(localhost/127.0.0.1)
2025-07-05 15:48:25,875 [main] WARN  statemachine.DatanodeConfiguration (DatanodeConfiguration.java:validateMinFreeSpace(751)) - hdds.datanode.volume.min.free.space.percent = -1.0 is invalid, should be between 0 and 1
2025-07-05 15:48:25,875 [main] INFO  upgrade.AbstractLayoutVersionManager (AbstractLayoutVersionManager.java:init(80)) - Initializing Layout version manager with metadata layout = HBASE_SUPPORT (version = 8), software layout = HBASE_SUPPORT (version = 8)
2025-07-05 15:48:25,876 [main] INFO  statemachine.DatanodeStateMachine (DatanodeStateMachine.java:getEndPointTaskThreadPoolSize(305)) - Datanode State Machine Task Thread Pool size 2
2025-07-05 15:48:25,876 [main] WARN  statemachine.DatanodeConfiguration (DatanodeConfiguration.java:validateMinFreeSpace(751)) - hdds.datanode.volume.min.free.space.percent = -1.0 is invalid, should be between 0 and 1
2025-07-05 15:48:25,877 [main] WARN  statemachine.DatanodeConfiguration (DatanodeConfiguration.java:validateMinFreeSpace(751)) - hdds.datanode.volume.min.free.space.percent = -1.0 is invalid, should be between 0 and 1
2025-07-05 15:48:25,877 [main] WARN  statemachine.DatanodeConfiguration (DatanodeConfiguration.java:validateMinFreeSpace(751)) - hdds.datanode.volume.min.free.space.percent = -1.0 is invalid, should be between 0 and 1
2025-07-05 15:48:25,878 [main] WARN  statemachine.DatanodeConfiguration (DatanodeConfiguration.java:validateMinFreeSpace(751)) - hdds.datanode.volume.min.free.space.percent = -1.0 is invalid, should be between 0 and 1
2025-07-05 15:48:25,879 [main] INFO  volume.HddsVolume (HddsVolume.java:<init>(162)) - HddsVolume: { id=DS-83dcd7a7-a7ae-4889-94bb-9003071b2d1b dir=/home/runner/work/ozone/ozone/hadoop-ozone/integration-test/target/test-dir/MiniOzoneClusterImpl-0a3c97a5-d59a-4532-afef-c4940c4c02aa/ozone-meta/datanode-7/data-0/hdds type=DISK capacity=9222449699674390527 used=0 available=9222449699674390527 minFree=9222450130714624 committed=0 }
2025-07-05 15:48:25,879 [main] INFO  volume.MutableVolumeSet (MutableVolumeSet.java:initializeVolumeSet(167)) - Added Volume : /home/runner/work/ozone/ozone/hadoop-ozone/integration-test/target/test-dir/MiniOzoneClusterImpl-0a3c97a5-d59a-4532-afef-c4940c4c02aa/ozone-meta/datanode-7/data-0/hdds to VolumeSet
2025-07-05 15:48:25,880 [main] WARN  statemachine.DatanodeConfiguration (DatanodeConfiguration.java:validateMinFreeSpace(751)) - hdds.datanode.volume.min.free.space.percent = -1.0 is invalid, should be between 0 and 1
2025-07-05 15:48:25,880 [main] WARN  statemachine.DatanodeConfiguration (DatanodeConfiguration.java:validateMinFreeSpace(751)) - hdds.datanode.volume.min.free.space.percent = -1.0 is invalid, should be between 0 and 1
2025-07-05 15:48:25,881 [main] INFO  volume.MutableVolumeSet (MutableVolumeSet.java:initializeVolumeSet(167)) - Added Volume : /home/runner/work/ozone/ozone/hadoop-ozone/integration-test/target/test-dir/MiniOzoneClusterImpl-0a3c97a5-d59a-4532-afef-c4940c4c02aa/ozone-meta/datanode-7/ratis to VolumeSet
2025-07-05 15:48:25,881 [main] WARN  statemachine.DatanodeConfiguration (DatanodeConfiguration.java:validateMinFreeSpace(751)) - hdds.datanode.volume.min.free.space.percent = -1.0 is invalid, should be between 0 and 1
2025-07-05 15:48:25,882 [main] WARN  statemachine.DatanodeConfiguration (DatanodeConfiguration.java:validateMinFreeSpace(751)) - hdds.datanode.volume.min.free.space.percent = -1.0 is invalid, should be between 0 and 1
2025-07-05 15:48:25,882 [main] INFO  ozoneimpl.OzoneContainer (HddsVolumeUtil.java:loadAllHddsVolumeDbStore(102)) - Load 1 volumes DbStore cost: 0ms
2025-07-05 15:48:25,882 [main] WARN  db.DBStoreBuilder (DBStoreBuilder.java:getDBDirPath(158)) - ozone.scm.datanode.id.dir is not configured. We recommend adding this setting. Falling back to ozone.metadata.dirs instead.
2025-07-05 15:48:25,883 [main] WARN  statemachine.DatanodeConfiguration (DatanodeConfiguration.java:validateMinFreeSpace(751)) - hdds.datanode.volume.min.free.space.percent = -1.0 is invalid, should be between 0 and 1
2025-07-05 15:48:25,883 [main] WARN  db.DBStoreBuilder (DBStoreBuilder.java:getDBDirPath(158)) - ozone.scm.datanode.id.dir is not configured. We recommend adding this setting. Falling back to ozone.metadata.dirs instead.
2025-07-05 15:48:25,897 [main] WARN  statemachine.DatanodeConfiguration (DatanodeConfiguration.java:validateMinFreeSpace(751)) - hdds.datanode.volume.min.free.space.percent = -1.0 is invalid, should be between 0 and 1
2025-07-05 15:48:25,898 [main] WARN  statemachine.DatanodeConfiguration (DatanodeConfiguration.java:validateMinFreeSpace(751)) - hdds.datanode.volume.min.free.space.percent = -1.0 is invalid, should be between 0 and 1
2025-07-05 15:48:25,898 [main] INFO  impl.FilePerChunkStrategy (FilePerChunkStrategy.java:<init>(79)) - ozone.chunk.read.mapped.buffer.max.count is load with 0
2025-07-05 15:48:25,898 [main] INFO  impl.FilePerBlockStrategy (FilePerBlockStrategy.java:<init>(88)) - ozone.chunk.read.mapped.buffer.max.count is load with 0
2025-07-05 15:48:25,898 [main] WARN  statemachine.DatanodeConfiguration (DatanodeConfiguration.java:validateMinFreeSpace(751)) - hdds.datanode.volume.min.free.space.percent = -1.0 is invalid, should be between 0 and 1
2025-07-05 15:48:25,899 [main] INFO  server.RaftServerConfigKeys (ConfUtils.java:logGet(62)) - raft.server.log.appender.buffer.byte-limit = 33554432 (custom)
2025-07-05 15:48:25,901 [main] INFO  grpc.GrpcConfigKeys (ConfUtils.java:logFallback(69)) - raft.grpc.admin.host = null (fallback to raft.grpc.server.host)
2025-07-05 15:48:25,901 [main] INFO  grpc.GrpcConfigKeys (ConfUtils.java:logGet(62)) - raft.grpc.admin.port = 15062 (custom)
2025-07-05 15:48:25,901 [main] INFO  grpc.GrpcConfigKeys (ConfUtils.java:logFallback(69)) - raft.grpc.client.host = null (fallback to raft.grpc.server.host)
2025-07-05 15:48:25,902 [main] INFO  grpc.GrpcConfigKeys (ConfUtils.java:logGet(62)) - raft.grpc.client.port = 15061 (custom)
2025-07-05 15:48:25,902 [main] INFO  grpc.GrpcConfigKeys (ConfUtils.java:logGet(62)) - raft.grpc.server.port = 15063 (custom)
2025-07-05 15:48:25,902 [main] INFO  server.GrpcServicesImpl (ConfUtils.java:logGet(62)) - raft.grpc.message.size.max = 34603008 (custom)
2025-07-05 15:48:25,902 [main] INFO  server.GrpcServicesImpl (ConfUtils.java:logGet(62)) - raft.grpc.flow.control.window = 5MB (=5242880) (custom)
2025-07-05 15:48:25,902 [main] INFO  server.RaftServerConfigKeys (ConfUtils.java:logGet(62)) - raft.server.log.appender.buffer.byte-limit = 33554432 (custom)
2025-07-05 15:48:25,904 [main] INFO  netty.NettyUtils (NettyUtils.java:newEventLoopGroup(74)) - Create EpollEventLoopGroup for 092257cb-ba5a-4f8a-9b9c-d44861eaa450-NettyServerStreamRpc-bossGroup; Thread size is 0.
2025-07-05 15:48:25,905 [main] INFO  netty.NettyUtils (NettyUtils.java:newEventLoopGroup(74)) - Create EpollEventLoopGroup for 092257cb-ba5a-4f8a-9b9c-d44861eaa450-NettyServerStreamRpc-workerGroup; Thread size is 0.
2025-07-05 15:48:25,905 [main] INFO  netty.NettyConfigKeys$DataStream (ConfUtils.java:logGet(62)) - raft.netty.dataStream.port = 15064 (custom)
2025-07-05 15:48:25,906 [main] INFO  server.RaftServerConfigKeys (ConfUtils.java:logGet(62)) - raft.server.storage.dir = [/home/runner/work/ozone/ozone/hadoop-ozone/integration-test/target/test-dir/MiniOzoneClusterImpl-0a3c97a5-d59a-4532-afef-c4940c4c02aa/ozone-meta/datanode-7/ratis] (custom)
2025-07-05 15:48:25,906 [092257cb-ba5a-4f8a-9b9c-d44861eaa450-NettyServerStreamRpc-bossGroup--thread1] INFO  logging.LoggingHandler (AbstractInternalLogger.java:log(148)) - [id: 0xb39fa632] REGISTERED
2025-07-05 15:48:25,906 [092257cb-ba5a-4f8a-9b9c-d44861eaa450-NettyServerStreamRpc-bossGroup--thread1] INFO  logging.LoggingHandler (AbstractInternalLogger.java:log(148)) - [id: 0xb39fa632] BIND: 0.0.0.0/0.0.0.0:15064
2025-07-05 15:48:25,906 [092257cb-ba5a-4f8a-9b9c-d44861eaa450-impl-thread1] INFO  server.RaftServer (RaftServerProxy.java:initGroupDir(270)) - 092257cb-ba5a-4f8a-9b9c-d44861eaa450: found a subdirectory /home/runner/work/ozone/ozone/hadoop-ozone/integration-test/target/test-dir/MiniOzoneClusterImpl-0a3c97a5-d59a-4532-afef-c4940c4c02aa/ozone-meta/datanode-7/ratis/tmp
2025-07-05 15:48:25,907 [092257cb-ba5a-4f8a-9b9c-d44861eaa450-impl-thread1] INFO  server.RaftServer (RaftServerProxy.java:initGroupDir(275)) - 092257cb-ba5a-4f8a-9b9c-d44861eaa450: The directory /home/runner/work/ozone/ozone/hadoop-ozone/integration-test/target/test-dir/MiniOzoneClusterImpl-0a3c97a5-d59a-4532-afef-c4940c4c02aa/ozone-meta/datanode-7/ratis/tmp is not a group directory; ignoring it. 
2025-07-05 15:48:25,907 [092257cb-ba5a-4f8a-9b9c-d44861eaa450-NettyServerStreamRpc-bossGroup--thread1] INFO  logging.LoggingHandler (AbstractInternalLogger.java:log(148)) - [id: 0xb39fa632, L:/0.0.0.0:15064] ACTIVE
2025-07-05 15:48:25,907 [main] INFO  replication.ReplicationServer (ReplicationServer.java:<init>(84)) - Initializing replication server with thread count = 10 queue length = 4096
2025-07-05 15:48:25,908 [main] WARN  statemachine.DatanodeConfiguration (DatanodeConfiguration.java:validateMinFreeSpace(751)) - hdds.datanode.volume.min.free.space.percent = -1.0 is invalid, should be between 0 and 1
2025-07-05 15:48:25,908 [main] INFO  server.XceiverServerGrpc (XceiverServerGrpc.java:<init>(130)) - GrpcServer channel type EpollServerSocketChannel
2025-07-05 15:48:25,914 [main] WARN  statemachine.DatanodeConfiguration (DatanodeConfiguration.java:validateMinFreeSpace(751)) - hdds.datanode.volume.min.free.space.percent = -1.0 is invalid, should be between 0 and 1
2025-07-05 15:48:25,915 [main] INFO  replication.ReplicationSupervisor (ReplicationSupervisor.java:build(169)) - Initializing replication supervisor with thread count = 10
2025-07-05 15:48:25,915 [main] INFO  replication.ReplicationSupervisor (ReplicationSupervisor.java:nodeStateUpdated(358)) - Node state updated to IN_SERVICE, scaling executor pool size to 10
2025-07-05 15:48:25,917 [main] WARN  statemachine.DatanodeConfiguration (DatanodeConfiguration.java:validateMinFreeSpace(751)) - hdds.datanode.volume.min.free.space.percent = -1.0 is invalid, should be between 0 and 1
2025-07-05 15:48:25,919 [main] INFO  http.BaseHttpServer (BaseHttpServer.java:newHttpServer2BuilderForOzone(229)) - Starting Web-server for hddsDatanode at: http://0.0.0.0:15058
2025-07-05 15:48:25,919 [main] INFO  http.BaseHttpServer (BaseHttpServer.java:<init>(107)) - Hadoop Security Enabled: false Ozone Security Enabled: false Ozone HTTP Security Enabled: false 
2025-07-05 15:48:25,921 [main] WARN  server.AuthenticationFilter (AuthenticationFilter.java:constructSecretProvider(240)) - Unable to initialize FileSignerSecretProvider, falling back to use random secrets. Reason: Could not read signature secret file: /home/runner/hadoop-http-auth-signature-secret
2025-07-05 15:48:25,923 [main] INFO  http.HttpServer2 (HttpServer2.java:addGlobalFilter(1042)) - Added global filter 'safety' (class=org.apache.hadoop.hdds.server.http.HttpServer2$QuotingInputFilter)
2025-07-05 15:48:25,924 [main] INFO  http.HttpServer2 (HttpServer2.java:addFilter(1018)) - Added filter static_user_filter (class=org.apache.hadoop.http.lib.StaticUserWebFilter$StaticUserFilter) to context hddsDatanode
2025-07-05 15:48:25,924 [main] INFO  http.HttpServer2 (HttpServer2.java:addFilter(1026)) - Added filter static_user_filter (class=org.apache.hadoop.http.lib.StaticUserWebFilter$StaticUserFilter) to context logs
2025-07-05 15:48:25,924 [main] INFO  http.HttpServer2 (HttpServer2.java:addFilter(1026)) - Added filter static_user_filter (class=org.apache.hadoop.http.lib.StaticUserWebFilter$StaticUserFilter) to context static
2025-07-05 15:48:25,925 [main] INFO  http.BaseHttpServer (BaseHttpServer.java:<init>(195)) - HTTP server of hddsDatanode uses base directory /home/runner/work/ozone/ozone/hadoop-ozone/integration-test/target/test-dir/MiniOzoneClusterImpl-0a3c97a5-d59a-4532-afef-c4940c4c02aa/ozone-meta/datanode-7/meta/webserver
2025-07-05 15:48:25,925 [main] INFO  http.HttpServer2 (HttpServer2.java:bindListener(1242)) - Jetty bound to port 15058
2025-07-05 15:48:25,925 [main] INFO  server.Server (Server.java:doStart(375)) - jetty-9.4.57.v20241219; built: 2025-01-08T21:24:30.412Z; git: df524e6b29271c2e09ba9aea83c18dc9db464a31; jvm 21.0.7+6-LTS
2025-07-05 15:48:25,927 [main] INFO  server.session (DefaultSessionIdManager.java:doStart(334)) - DefaultSessionIdManager workerName=node0
2025-07-05 15:48:25,927 [main] INFO  server.session (DefaultSessionIdManager.java:doStart(339)) - No SessionScavenger set, using defaults
2025-07-05 15:48:25,927 [main] INFO  server.session (HouseKeeper.java:startScavenging(132)) - node0 Scavenging every 600000ms
2025-07-05 15:48:25,928 [main] INFO  handler.ContextHandler (ContextHandler.java:doStart(921)) - Started o.e.j.s.ServletContextHandler@34146b8c{logs,/logs,file:///home/runner/work/ozone/ozone/hadoop-ozone/integration-test/target/log,AVAILABLE}
2025-07-05 15:48:25,928 [main] INFO  handler.ContextHandler (ContextHandler.java:doStart(921)) - Started o.e.j.s.ServletContextHandler@92bdd87{static,/static,jar:file:/home/runner/work/ozone/ozone/hadoop-hdds/container-service/target/hdds-container-service-2.1.0-SNAPSHOT.jar!/webapps/static,AVAILABLE}
2025-07-05 15:48:25,990 [EventQueue-PipelineReportForOneReplicaPipelineSafeModeRule] INFO  safemode.SCMSafeModeManager (SCMSafeModeManager.java:validateSafeModeExitRules(138)) - AtleastOneDatanodeReportedRule rule is successfully validated
2025-07-05 15:48:25,996 [IPC Server handler 3 on default port 15002] INFO  net.NetworkTopologyImpl (NetworkTopologyImpl.java:add(133)) - Added a new node: /default-rack/b5b4f89f-93bb-4b69-9074-7f3b90eee2a4
2025-07-05 15:48:25,998 [IPC Server handler 3 on default port 15002] INFO  node.SCMNodeManager (SCMNodeManager.java:register(423)) - Registered datanode: b5b4f89f-93bb-4b69-9074-7f3b90eee2a4{ip: 127.0.0.1, host: localhost, ports: [HTTP=15026, CLIENT_RPC=15027, REPLICATION=15033, RATIS=15029, RATIS_ADMIN=15030, RATIS_SERVER=15031, RATIS_DATASTREAM=15032, STANDALONE=15028], networkLocation: /default-rack, certSerialId: null, persistedOpState: null, persistedOpStateExpiryEpochSec: 0}
2025-07-05 15:48:25,998 [EventQueue-NodeRegistrationContainerReportForDataNodeSafeModeRule] INFO  safemode.SCMSafeModeManager (DataNodeSafeModeRule.java:process(80)) - SCM in safe mode. 3 DataNodes registered, 3 required.
2025-07-05 15:48:25,998 [EventQueue-NodeRegistrationContainerReportForDataNodeSafeModeRule] INFO  safemode.SCMSafeModeManager (SCMSafeModeManager.java:validateSafeModeExitRules(138)) - DataNodeSafeModeRule rule is successfully validated
2025-07-05 15:48:25,998 [EventQueue-NodeRegistrationContainerReportForDataNodeSafeModeRule] INFO  safemode.SCMSafeModeManager (SCMSafeModeManager.java:validateSafeModeExitRules(151)) - All SCM safe mode pre check rules have passed
2025-07-05 15:48:25,998 [EventQueue-NodeRegistrationContainerReportForDataNodeSafeModeRule] INFO  ha.SCMContext (SCMContext.java:updateSafeModeStatus(224)) - Update SafeModeStatus from SafeModeStatus{safeModeStatus=true, preCheckPassed=false} to SafeModeStatus{safeModeStatus=true, preCheckPassed=true}.
2025-07-05 15:48:25,998 [EventQueue-NodeRegistrationContainerReportForDataNodeSafeModeRule] INFO  pipeline.BackgroundPipelineCreator (BackgroundPipelineCreator.java:notifyEventTriggered(290)) - trigger a one-shot run on RatisPipelineUtilsThread.
2025-07-05 15:48:25,998 [EventQueue-NewNodeForNewNodeHandler] INFO  pipeline.BackgroundPipelineCreator (BackgroundPipelineCreator.java:notifyEventTriggered(290)) - trigger a one-shot run on RatisPipelineUtilsThread.
2025-07-05 15:48:25,998 [EventQueue-ContainerRegistrationReportForECContainerSafeModeRule] INFO  safemode.SCMSafeModeManager (SCMSafeModeManager.java:validateSafeModeExitRules(138)) - ECContainerSafeModeRule rule is successfully validated
2025-07-05 15:48:25,999 [EventQueue-PipelineReportForOneReplicaPipelineSafeModeRule] INFO  safemode.SCMSafeModeManager (SCMSafeModeManager.java:validateSafeModeExitRules(138)) - AtleastOneDatanodeReportedRule rule is successfully validated
2025-07-05 15:48:25,999 [EventQueue-ContainerRegistrationReportForRatisContainerSafeModeRule] INFO  safemode.SCMSafeModeManager (SCMSafeModeManager.java:validateSafeModeExitRules(138)) - RatisContainerSafeModeRule rule is successfully validated
2025-07-05 15:48:26,000 [RatisPipelineUtilsThread-0] INFO  pipeline.RatisPipelineProvider (RatisPipelineProvider.java:lambda$create$0(208)) - Sending CreatePipelineCommand for pipeline:Pipeline-7849761d-e98b-4551-9208-71c65c083dd1 to datanode:b5b4f89f-93bb-4b69-9074-7f3b90eee2a4(localhost/127.0.0.1)
2025-07-05 15:48:26,004 [67766547-47ec-4cca-936b-6c95be71f3ba@group-C4940C4C02AA-StateMachineUpdater] INFO  safemode.SCMSafeModeManager (SCMSafeModeManager.java:validateSafeModeExitRules(138)) - DataNodeSafeModeRule rule is successfully validated
2025-07-05 15:48:26,005 [67766547-47ec-4cca-936b-6c95be71f3ba@group-C4940C4C02AA-StateMachineUpdater] INFO  safemode.SCMSafeModeManager (SCMSafeModeManager.java:validateSafeModeExitRules(138)) - RatisContainerSafeModeRule rule is successfully validated
2025-07-05 15:48:26,005 [67766547-47ec-4cca-936b-6c95be71f3ba@group-C4940C4C02AA-StateMachineUpdater] INFO  safemode.HealthyPipelineSafeModeRule (HealthyPipelineSafeModeRule.java:initializeRule(228)) - Refreshed total pipeline count is 0, healthy pipeline threshold count is 1
2025-07-05 15:48:26,005 [67766547-47ec-4cca-936b-6c95be71f3ba@group-C4940C4C02AA-StateMachineUpdater] INFO  safemode.SCMSafeModeManager (SCMSafeModeManager.java:validateSafeModeExitRules(138)) - ECContainerSafeModeRule rule is successfully validated
2025-07-05 15:48:26,005 [67766547-47ec-4cca-936b-6c95be71f3ba@group-C4940C4C02AA-StateMachineUpdater] INFO  safemode.SCMSafeModeManager (SCMSafeModeManager.java:validateSafeModeExitRules(138)) - AtleastOneDatanodeReportedRule rule is successfully validated
2025-07-05 15:48:26,006 [RatisPipelineUtilsThread-0] INFO  pipeline.BackgroundPipelineCreator (BackgroundPipelineCreator.java:createPipelines(246)) - Created new pipeline Pipeline{ Id: 7849761d-e98b-4551-9208-71c65c083dd1, Nodes: [ {b5b4f89f-93bb-4b69-9074-7f3b90eee2a4(localhost/127.0.0.1), ReplicaIndex: 0},], ReplicationConfig: RATIS/ONE, State:ALLOCATED, leaderId:, CreationTimestamp2025-07-05T15:48:26.000375740Z[Etc/UTC]}
2025-07-05 15:48:26,010 [RatisPipelineUtilsThread-0] INFO  pipeline.RatisPipelineProvider (RatisPipelineProvider.java:lambda$create$0(208)) - Sending CreatePipelineCommand for pipeline:Pipeline-dfaec798-2b57-45af-90d7-bebff4db9f45 to datanode:a2ddbc4c-912b-4a1a-89ce-9bbeea094c2b(localhost/127.0.0.1)
2025-07-05 15:48:26,010 [RatisPipelineUtilsThread-0] INFO  pipeline.RatisPipelineProvider (RatisPipelineProvider.java:lambda$create$0(208)) - Sending CreatePipelineCommand for pipeline:Pipeline-dfaec798-2b57-45af-90d7-bebff4db9f45 to datanode:b5b4f89f-93bb-4b69-9074-7f3b90eee2a4(localhost/127.0.0.1)
2025-07-05 15:48:26,010 [RatisPipelineUtilsThread-0] INFO  pipeline.RatisPipelineProvider (RatisPipelineProvider.java:lambda$create$0(208)) - Sending CreatePipelineCommand for pipeline:Pipeline-dfaec798-2b57-45af-90d7-bebff4db9f45 to datanode:05378834-8d64-4004-85b0-7f2e6f6e22dc(localhost/127.0.0.1)
2025-07-05 15:48:26,015 [67766547-47ec-4cca-936b-6c95be71f3ba@group-C4940C4C02AA-StateMachineUpdater] INFO  safemode.SCMSafeModeManager (SCMSafeModeManager.java:validateSafeModeExitRules(138)) - DataNodeSafeModeRule rule is successfully validated
2025-07-05 15:48:26,015 [67766547-47ec-4cca-936b-6c95be71f3ba@group-C4940C4C02AA-StateMachineUpdater] INFO  safemode.SCMSafeModeManager (SCMSafeModeManager.java:validateSafeModeExitRules(138)) - RatisContainerSafeModeRule rule is successfully validated
2025-07-05 15:48:26,015 [67766547-47ec-4cca-936b-6c95be71f3ba@group-C4940C4C02AA-StateMachineUpdater] INFO  safemode.HealthyPipelineSafeModeRule (HealthyPipelineSafeModeRule.java:initializeRule(228)) - Refreshed total pipeline count is 0, healthy pipeline threshold count is 1
2025-07-05 15:48:26,016 [67766547-47ec-4cca-936b-6c95be71f3ba@group-C4940C4C02AA-StateMachineUpdater] INFO  safemode.SCMSafeModeManager (SCMSafeModeManager.java:validateSafeModeExitRules(138)) - ECContainerSafeModeRule rule is successfully validated
2025-07-05 15:48:26,016 [67766547-47ec-4cca-936b-6c95be71f3ba@group-C4940C4C02AA-StateMachineUpdater] INFO  safemode.SCMSafeModeManager (SCMSafeModeManager.java:validateSafeModeExitRules(138)) - AtleastOneDatanodeReportedRule rule is successfully validated
2025-07-05 15:48:26,016 [RatisPipelineUtilsThread-0] INFO  pipeline.BackgroundPipelineCreator (BackgroundPipelineCreator.java:createPipelines(246)) - Created new pipeline Pipeline{ Id: dfaec798-2b57-45af-90d7-bebff4db9f45, Nodes: [ {a2ddbc4c-912b-4a1a-89ce-9bbeea094c2b(localhost/127.0.0.1), ReplicaIndex: 0}, {b5b4f89f-93bb-4b69-9074-7f3b90eee2a4(localhost/127.0.0.1), ReplicaIndex: 0}, {05378834-8d64-4004-85b0-7f2e6f6e22dc(localhost/127.0.0.1), ReplicaIndex: 0},], ReplicationConfig: RATIS/THREE, State:ALLOCATED, leaderId:, CreationTimestamp2025-07-05T15:48:26.010613618Z[Etc/UTC]}
2025-07-05 15:48:26,017 [RatisPipelineUtilsThread-0] INFO  pipeline.RatisPipelineProvider (RatisPipelineProvider.java:lambda$create$0(208)) - Sending CreatePipelineCommand for pipeline:Pipeline-5c51267b-4932-49ac-9eae-2aaed090774b to datanode:05378834-8d64-4004-85b0-7f2e6f6e22dc(localhost/127.0.0.1)
2025-07-05 15:48:26,017 [RatisPipelineUtilsThread-0] INFO  pipeline.RatisPipelineProvider (RatisPipelineProvider.java:lambda$create$0(208)) - Sending CreatePipelineCommand for pipeline:Pipeline-5c51267b-4932-49ac-9eae-2aaed090774b to datanode:b5b4f89f-93bb-4b69-9074-7f3b90eee2a4(localhost/127.0.0.1)
2025-07-05 15:48:26,017 [RatisPipelineUtilsThread-0] INFO  pipeline.RatisPipelineProvider (RatisPipelineProvider.java:lambda$create$0(208)) - Sending CreatePipelineCommand for pipeline:Pipeline-5c51267b-4932-49ac-9eae-2aaed090774b to datanode:a2ddbc4c-912b-4a1a-89ce-9bbeea094c2b(localhost/127.0.0.1)
2025-07-05 15:48:26,020 [67766547-47ec-4cca-936b-6c95be71f3ba@group-C4940C4C02AA-StateMachineUpdater] INFO  safemode.SCMSafeModeManager (SCMSafeModeManager.java:validateSafeModeExitRules(138)) - DataNodeSafeModeRule rule is successfully validated
2025-07-05 15:48:26,020 [67766547-47ec-4cca-936b-6c95be71f3ba@group-C4940C4C02AA-StateMachineUpdater] INFO  safemode.SCMSafeModeManager (SCMSafeModeManager.java:validateSafeModeExitRules(138)) - RatisContainerSafeModeRule rule is successfully validated
2025-07-05 15:48:26,020 [67766547-47ec-4cca-936b-6c95be71f3ba@group-C4940C4C02AA-StateMachineUpdater] INFO  safemode.HealthyPipelineSafeModeRule (HealthyPipelineSafeModeRule.java:initializeRule(228)) - Refreshed total pipeline count is 0, healthy pipeline threshold count is 1
2025-07-05 15:48:26,020 [67766547-47ec-4cca-936b-6c95be71f3ba@group-C4940C4C02AA-StateMachineUpdater] INFO  safemode.SCMSafeModeManager (SCMSafeModeManager.java:validateSafeModeExitRules(138)) - ECContainerSafeModeRule rule is successfully validated
2025-07-05 15:48:26,020 [67766547-47ec-4cca-936b-6c95be71f3ba@group-C4940C4C02AA-StateMachineUpdater] INFO  safemode.SCMSafeModeManager (SCMSafeModeManager.java:validateSafeModeExitRules(138)) - AtleastOneDatanodeReportedRule rule is successfully validated
2025-07-05 15:48:26,021 [RatisPipelineUtilsThread-0] INFO  pipeline.PipelineManagerImpl (PipelineManagerImpl.java:recordMetricsForPipeline(922)) - Pipeline-5c51267b-4932-49ac-9eae-2aaed090774b and Pipeline-dfaec798-2b57-45af-90d7-bebff4db9f45 have exactly the same set of datanodes: [05378834-8d64-4004-85b0-7f2e6f6e22dc(localhost/127.0.0.1), b5b4f89f-93bb-4b69-9074-7f3b90eee2a4(localhost/127.0.0.1), a2ddbc4c-912b-4a1a-89ce-9bbeea094c2b(localhost/127.0.0.1)]
2025-07-05 15:48:26,022 [RatisPipelineUtilsThread-0] INFO  pipeline.BackgroundPipelineCreator (BackgroundPipelineCreator.java:createPipelines(246)) - Created new pipeline Pipeline{ Id: 5c51267b-4932-49ac-9eae-2aaed090774b, Nodes: [ {05378834-8d64-4004-85b0-7f2e6f6e22dc(localhost/127.0.0.1), ReplicaIndex: 0}, {b5b4f89f-93bb-4b69-9074-7f3b90eee2a4(localhost/127.0.0.1), ReplicaIndex: 0}, {a2ddbc4c-912b-4a1a-89ce-9bbeea094c2b(localhost/127.0.0.1), ReplicaIndex: 0},], ReplicationConfig: RATIS/THREE, State:ALLOCATED, leaderId:, CreationTimestamp2025-07-05T15:48:26.017125670Z[Etc/UTC]}
2025-07-05 15:48:26,039 [694b616d-7f52-4b82-b07e-10398eb153c5-EndpointStateMachineTaskThread-/0.0.0.0:15002-0 ] WARN  statemachine.DatanodeConfiguration (DatanodeConfiguration.java:validateMinFreeSpace(751)) - hdds.datanode.volume.min.free.space.percent = -1.0 is invalid, should be between 0 and 1
2025-07-05 15:48:26,040 [694b616d-7f52-4b82-b07e-10398eb153c5-EndpointStateMachineTaskThread-/0.0.0.0:15002-0 ] WARN  statemachine.DatanodeConfiguration (DatanodeConfiguration.java:validateMinFreeSpace(751)) - hdds.datanode.volume.min.free.space.percent = -1.0 is invalid, should be between 0 and 1
2025-07-05 15:48:26,040 [694b616d-7f52-4b82-b07e-10398eb153c5-EndpointStateMachineTaskThread-/0.0.0.0:15002-0 ] WARN  statemachine.DatanodeConfiguration (DatanodeConfiguration.java:validateMinFreeSpace(751)) - hdds.datanode.volume.min.free.space.percent = -1.0 is invalid, should be between 0 and 1
2025-07-05 15:48:26,076 [694b616d-7f52-4b82-b07e-10398eb153c5-EndpointStateMachineTaskThread-/0.0.0.0:15002-0 ] INFO  utils.DatanodeStoreCache (DatanodeStoreCache.java:addDB(70)) - Added db /home/runner/work/ozone/ozone/hadoop-ozone/integration-test/target/test-dir/MiniOzoneClusterImpl-0a3c97a5-d59a-4532-afef-c4940c4c02aa/ozone-meta/datanode-5/data-0/hdds/0a3c97a5-d59a-4532-afef-c4940c4c02aa/DS-49904940-eae0-4632-b173-1e862f09080e/container.db to cache
2025-07-05 15:48:26,076 [694b616d-7f52-4b82-b07e-10398eb153c5-EndpointStateMachineTaskThread-/0.0.0.0:15002-0 ] INFO  volume.HddsVolume (HddsVolume.java:createDbStore(575)) - SchemaV3 db is created and loaded at /home/runner/work/ozone/ozone/hadoop-ozone/integration-test/target/test-dir/MiniOzoneClusterImpl-0a3c97a5-d59a-4532-afef-c4940c4c02aa/ozone-meta/datanode-5/data-0/hdds/0a3c97a5-d59a-4532-afef-c4940c4c02aa/DS-49904940-eae0-4632-b173-1e862f09080e/container.db for volume DS-49904940-eae0-4632-b173-1e862f09080e
2025-07-05 15:48:26,077 [694b616d-7f52-4b82-b07e-10398eb153c5-EndpointStateMachineTaskThread-/0.0.0.0:15002-0 ] WARN  statemachine.DatanodeConfiguration (DatanodeConfiguration.java:validateMinFreeSpace(751)) - hdds.datanode.volume.min.free.space.percent = -1.0 is invalid, should be between 0 and 1
2025-07-05 15:48:26,079 [694b616d-7f52-4b82-b07e-10398eb153c5-ContainerReader-0] INFO  ozoneimpl.ContainerReader (ContainerReader.java:readVolume(144)) - Start to verify containers on volume /home/runner/work/ozone/ozone/hadoop-ozone/integration-test/target/test-dir/MiniOzoneClusterImpl-0a3c97a5-d59a-4532-afef-c4940c4c02aa/ozone-meta/datanode-5/data-0/hdds
2025-07-05 15:48:26,079 [694b616d-7f52-4b82-b07e-10398eb153c5-ContainerReader-0] INFO  ozoneimpl.ContainerReader (ContainerReader.java:readVolume(174)) - Finish verifying containers on volume /home/runner/work/ozone/ozone/hadoop-ozone/integration-test/target/test-dir/MiniOzoneClusterImpl-0a3c97a5-d59a-4532-afef-c4940c4c02aa/ozone-meta/datanode-5/data-0/hdds
2025-07-05 15:48:26,079 [694b616d-7f52-4b82-b07e-10398eb153c5-EndpointStateMachineTaskThread-/0.0.0.0:15002-0 ] INFO  ozoneimpl.OzoneContainer (OzoneContainer.java:buildContainerSet(370)) - Build ContainerSet costs 0s
2025-07-05 15:48:26,080 [694b616d-7f52-4b82-b07e-10398eb153c5-EndpointStateMachineTaskThread-/0.0.0.0:15002-0 ] INFO  volume.ThrottledAsyncChecker (ThrottledAsyncChecker.java:schedule(138)) - Scheduling a check for /home/runner/work/ozone/ozone/hadoop-ozone/integration-test/target/test-dir/MiniOzoneClusterImpl-0a3c97a5-d59a-4532-afef-c4940c4c02aa/ozone-meta/datanode-5/data-0/hdds
2025-07-05 15:48:26,080 [694b616d-7f52-4b82-b07e-10398eb153c5-EndpointStateMachineTaskThread-/0.0.0.0:15002-0 ] INFO  volume.StorageVolumeChecker (StorageVolumeChecker.java:checkAllVolumes(215)) - Scheduled health check for volume /home/runner/work/ozone/ozone/hadoop-ozone/integration-test/target/test-dir/MiniOzoneClusterImpl-0a3c97a5-d59a-4532-afef-c4940c4c02aa/ozone-meta/datanode-5/data-0/hdds
2025-07-05 15:48:26,084 [694b616d-7f52-4b82-b07e-10398eb153c5-EndpointStateMachineTaskThread-/0.0.0.0:15002-0 ] INFO  volume.ThrottledAsyncChecker (ThrottledAsyncChecker.java:schedule(138)) - Scheduling a check for /home/runner/work/ozone/ozone/hadoop-ozone/integration-test/target/test-dir/MiniOzoneClusterImpl-0a3c97a5-d59a-4532-afef-c4940c4c02aa/ozone-meta/datanode-5/ratis
2025-07-05 15:48:26,084 [694b616d-7f52-4b82-b07e-10398eb153c5-EndpointStateMachineTaskThread-/0.0.0.0:15002-0 ] INFO  volume.StorageVolumeChecker (StorageVolumeChecker.java:checkAllVolumes(215)) - Scheduled health check for volume /home/runner/work/ozone/ozone/hadoop-ozone/integration-test/target/test-dir/MiniOzoneClusterImpl-0a3c97a5-d59a-4532-afef-c4940c4c02aa/ozone-meta/datanode-5/ratis
2025-07-05 15:48:26,085 [694b616d-7f52-4b82-b07e-10398eb153c5-EndpointStateMachineTaskThread-/0.0.0.0:15002-0 ] INFO  ozoneimpl.OzoneContainer (OzoneContainer.java:start(520)) - Attempting to start container services.
2025-07-05 15:48:26,086 [ContainerMetadataScanner] INFO  ozoneimpl.AbstractBackgroundContainerScanner (AbstractBackgroundContainerScanner.java:runIteration(89)) - Completed an iteration in 0 minutes. Number of iterations (since the data-node restart) : 1, Number of containers scanned in this iteration : 0, Number of unhealthy containers found in this iteration : 0
2025-07-05 15:48:26,087 [ContainerDataScanner(/home/runner/work/ozone/ozone/hadoop-ozone/integration-test/target/test-dir/MiniOzoneClusterImpl-0a3c97a5-d59a-4532-afef-c4940c4c02aa/ozone-meta/datanode-5/data-0/hdds)] INFO  ozoneimpl.AbstractBackgroundContainerScanner (AbstractBackgroundContainerScanner.java:runIteration(89)) - Completed an iteration in 0 minutes. Number of iterations (since the data-node restart) : 1, Number of containers scanned in this iteration : 0, Number of unhealthy containers found in this iteration : 0
2025-07-05 15:48:26,088 [694b616d-7f52-4b82-b07e-10398eb153c5-EndpointStateMachineTaskThread-/0.0.0.0:15002-0 ] INFO  replication.ReplicationServer (ReplicationServer.java:start(137)) - ReplicationServer is started using port 15049
2025-07-05 15:48:26,088 [694b616d-7f52-4b82-b07e-10398eb153c5-EndpointStateMachineTaskThread-/0.0.0.0:15002-0 ] INFO  ratis.XceiverServerRatis (XceiverServerRatis.java:start(559)) - Starting XceiverServerRatis(694b616d-7f52-4b82-b07e-10398eb153c5)
2025-07-05 15:48:26,089 [694b616d-7f52-4b82-b07e-10398eb153c5-EndpointStateMachineTaskThread-/0.0.0.0:15002-0 ] INFO  server.RaftServer (RaftServerProxy.java:startImpl(412)) - 694b616d-7f52-4b82-b07e-10398eb153c5: start RPC server
2025-07-05 15:48:26,090 [694b616d-7f52-4b82-b07e-10398eb153c5-EndpointStateMachineTaskThread-/0.0.0.0:15002-0 ] INFO  server.GrpcServicesImpl (GrpcServicesImpl.java:startImpl(346)) - 694b616d-7f52-4b82-b07e-10398eb153c5: GrpcServicesImpl started, listening on 15045
2025-07-05 15:48:26,090 [694b616d-7f52-4b82-b07e-10398eb153c5-EndpointStateMachineTaskThread-/0.0.0.0:15002-0 ] INFO  server.GrpcServicesImpl (GrpcServicesImpl.java:startImpl(346)) - 694b616d-7f52-4b82-b07e-10398eb153c5: GrpcServicesImpl started, listening on 15047
2025-07-05 15:48:26,091 [694b616d-7f52-4b82-b07e-10398eb153c5-EndpointStateMachineTaskThread-/0.0.0.0:15002-0 ] INFO  server.GrpcServicesImpl (GrpcServicesImpl.java:startImpl(346)) - 694b616d-7f52-4b82-b07e-10398eb153c5: GrpcServicesImpl started, listening on 15046
2025-07-05 15:48:26,091 [694b616d-7f52-4b82-b07e-10398eb153c5-EndpointStateMachineTaskThread-/0.0.0.0:15002-0 ] INFO  ratis.XceiverServerRatis (XceiverServerRatis.java:getRealPort(586)) - XceiverServerRatis(694b616d-7f52-4b82-b07e-10398eb153c5) is started using port RATIS=15045
2025-07-05 15:48:26,091 [JvmPauseMonitor7] INFO  util.JvmPauseMonitor (JvmPauseMonitor.java:run(146)) - JvmPauseMonitor-694b616d-7f52-4b82-b07e-10398eb153c5: Started
2025-07-05 15:48:26,091 [694b616d-7f52-4b82-b07e-10398eb153c5-EndpointStateMachineTaskThread-/0.0.0.0:15002-0 ] INFO  ratis.XceiverServerRatis (XceiverServerRatis.java:getRealPort(586)) - XceiverServerRatis(694b616d-7f52-4b82-b07e-10398eb153c5) is started using port RATIS_ADMIN=15046
2025-07-05 15:48:26,092 [694b616d-7f52-4b82-b07e-10398eb153c5-EndpointStateMachineTaskThread-/0.0.0.0:15002-0 ] INFO  ratis.XceiverServerRatis (XceiverServerRatis.java:getRealPort(586)) - XceiverServerRatis(694b616d-7f52-4b82-b07e-10398eb153c5) is started using port RATIS_SERVER=15047
2025-07-05 15:48:26,092 [694b616d-7f52-4b82-b07e-10398eb153c5-EndpointStateMachineTaskThread-/0.0.0.0:15002-0 ] INFO  ratis.XceiverServerRatis (XceiverServerRatis.java:getRealPort(586)) - XceiverServerRatis(694b616d-7f52-4b82-b07e-10398eb153c5) is started using port RATIS_DATASTREAM=15048
2025-07-05 15:48:26,092 [694b616d-7f52-4b82-b07e-10398eb153c5-EndpointStateMachineTaskThread-/0.0.0.0:15002-0 ] INFO  utils.BackgroundService (BackgroundService.java:start(118)) - Starting service BlockDeletingService with interval 60000 milliseconds
2025-07-05 15:48:26,093 [694b616d-7f52-4b82-b07e-10398eb153c5-EndpointStateMachineTaskThread-/0.0.0.0:15002-0 ] INFO  utils.BackgroundService (BackgroundService.java:start(118)) - Starting service StaleRecoveringContainerScrubbingService with interval 60000 milliseconds
2025-07-05 15:48:26,114 [main] INFO  handler.ContextHandler (ContextHandler.java:doStart(921)) - Started o.e.j.w.WebAppContext@35653d6f{hddsDatanode,/,file:///home/runner/work/ozone/ozone/hadoop-ozone/integration-test/target/test-dir/MiniOzoneClusterImpl-0a3c97a5-d59a-4532-afef-c4940c4c02aa/ozone-meta/datanode-7/meta/webserver/jetty-0_0_0_0-15058-hdds-container-service-2_1_0-SNAPSHOT_jar-_-any-3061398705770612054/webapp/,AVAILABLE}{jar:file:/home/runner/work/ozone/ozone/hadoop-hdds/container-service/target/hdds-container-service-2.1.0-SNAPSHOT.jar!/webapps/hddsDatanode}
2025-07-05 15:48:26,115 [main] INFO  server.AbstractConnector (AbstractConnector.java:doStart(333)) - Started ServerConnector@444983c9{HTTP/1.1, (http/1.1)}{0.0.0.0:15058}
2025-07-05 15:48:26,115 [main] INFO  server.Server (Server.java:doStart(415)) - Started @13234ms
2025-07-05 15:48:26,115 [main] WARN  impl.MetricsSystemImpl (MetricsSystemImpl.java:register(279)) - Sink prometheus already exists!
2025-07-05 15:48:26,115 [main] INFO  http.BaseHttpServer (BaseHttpServer.java:updateConnectorAddress(359)) - HTTP server of hddsDatanode listening at http://localhost:15058
2025-07-05 15:48:26,116 [main] INFO  ipc.CallQueueManager (CallQueueManager.java:<init>(93)) - Using callQueue: class java.util.concurrent.LinkedBlockingQueue, queueCapacity: 1000, scheduler: class org.apache.hadoop.ipc.DefaultRpcScheduler, ipcBackoff: false, ipcFailOver: false.
2025-07-05 15:48:26,116 [main] INFO  ipc.Server (Server.java:<init>(1438)) - Listener at 0.0.0.0:15059
2025-07-05 15:48:26,117 [Socket Reader #1 for port 15059] INFO  ipc.Server (Server.java:run(1474)) - Starting Socket Reader #1 for port 15059
2025-07-05 15:48:26,117 [Socket Reader #2 for port 15059] INFO  ipc.Server (Server.java:run(1474)) - Starting Socket Reader #2 for port 15059
2025-07-05 15:48:26,117 [Socket Reader #3 for port 15059] INFO  ipc.Server (Server.java:run(1474)) - Starting Socket Reader #3 for port 15059
2025-07-05 15:48:26,117 [Socket Reader #4 for port 15059] INFO  ipc.Server (Server.java:run(1474)) - Starting Socket Reader #4 for port 15059
2025-07-05 15:48:26,117 [Socket Reader #5 for port 15059] INFO  ipc.Server (Server.java:run(1474)) - Starting Socket Reader #5 for port 15059
2025-07-05 15:48:26,118 [Socket Reader #6 for port 15059] INFO  ipc.Server (Server.java:run(1474)) - Starting Socket Reader #6 for port 15059
2025-07-05 15:48:26,118 [Socket Reader #7 for port 15059] INFO  ipc.Server (Server.java:run(1474)) - Starting Socket Reader #7 for port 15059
2025-07-05 15:48:26,118 [Socket Reader #8 for port 15059] INFO  ipc.Server (Server.java:run(1474)) - Starting Socket Reader #8 for port 15059
2025-07-05 15:48:26,118 [Socket Reader #9 for port 15059] INFO  ipc.Server (Server.java:run(1474)) - Starting Socket Reader #9 for port 15059
2025-07-05 15:48:26,118 [Socket Reader #10 for port 15059] INFO  ipc.Server (Server.java:run(1474)) - Starting Socket Reader #10 for port 15059
2025-07-05 15:48:26,120 [main] INFO  ozone.HddsDatanodeService (HddsDatanodeService.java:start(333)) - Datanode start with admins: [admin, runner]
2025-07-05 15:48:26,120 [main] INFO  ozone.HddsDatanodeClientProtocolServer (HddsDatanodeClientProtocolServer.java:start(76)) - RPC server for Client /0.0.0.0:15059
2025-07-05 15:48:26,120 [IPC Server Responder] INFO  ipc.Server (Server.java:run(1713)) - IPC Server Responder: starting
2025-07-05 15:48:26,121 [IPC Server listener on 15059] INFO  ipc.Server (Server.java:run(1553)) - IPC Server listener on 15059: starting
2025-07-05 15:48:26,122 [main] WARN  dropwizard3.Dm3MetricRegistriesImpl (Dm3MetricRegistriesImpl.java:addReporterRegistration(114)) - New reporters are added after registries were created. Some metrics will be missing from the reporter. Please add reporter before adding any new registry.
2025-07-05 15:48:26,122 [main] WARN  dropwizard3.Dm3MetricRegistriesImpl (Dm3MetricRegistriesImpl.java:addReporterRegistration(114)) - New reporters are added after registries were created. Some metrics will be missing from the reporter. Please add reporter before adding any new registry.
2025-07-05 15:48:26,122 [main] INFO  impl.MetricsSystemImpl (MetricsSystemImpl.java:init(158)) - HddsDatanode metrics system started (again)
2025-07-05 15:48:26,123 [092257cb-ba5a-4f8a-9b9c-d44861eaa450-DatanodeStateMachineDaemonThread] INFO  statemachine.DatanodeStateMachine (DatanodeStateMachine.java:startStateMachineThread(347)) - Ozone container server started.
2025-07-05 15:48:26,127 [092257cb-ba5a-4f8a-9b9c-d44861eaa450-DatanodeStateMachineTaskThread-0] INFO  datanode.InitDatanodeState (InitDatanodeState.java:persistContainerDatanodeDetails(139)) - DatanodeDetails is persisted to /home/runner/work/ozone/ozone/hadoop-ozone/integration-test/target/test-dir/MiniOzoneClusterImpl-0a3c97a5-d59a-4532-afef-c4940c4c02aa/ozone-meta/datanode-7/meta/datanode.id
2025-07-05 15:48:26,142 [main] INFO  protocol.DatanodeDetails (DatanodeDetails.java:validateDatanodeIpAddress(199)) - Updating IP address of datanode a2863246-e653-4b31-a3d0-09f3a93c429f(localhost/null) to 127.0.0.1
2025-07-05 15:48:26,142 [main] INFO  ozone.HddsDatanodeService (HddsDatanodeService.java:start(236)) - HddsDatanodeService a2863246-e653-4b31-a3d0-09f3a93c429f(localhost/127.0.0.1)
2025-07-05 15:48:26,144 [main] WARN  statemachine.DatanodeConfiguration (DatanodeConfiguration.java:validateMinFreeSpace(751)) - hdds.datanode.volume.min.free.space.percent = -1.0 is invalid, should be between 0 and 1
2025-07-05 15:48:26,144 [main] INFO  upgrade.AbstractLayoutVersionManager (AbstractLayoutVersionManager.java:init(80)) - Initializing Layout version manager with metadata layout = HBASE_SUPPORT (version = 8), software layout = HBASE_SUPPORT (version = 8)
2025-07-05 15:48:26,144 [main] INFO  statemachine.DatanodeStateMachine (DatanodeStateMachine.java:getEndPointTaskThreadPoolSize(305)) - Datanode State Machine Task Thread Pool size 2
2025-07-05 15:48:26,145 [main] WARN  statemachine.DatanodeConfiguration (DatanodeConfiguration.java:validateMinFreeSpace(751)) - hdds.datanode.volume.min.free.space.percent = -1.0 is invalid, should be between 0 and 1
2025-07-05 15:48:26,146 [main] WARN  statemachine.DatanodeConfiguration (DatanodeConfiguration.java:validateMinFreeSpace(751)) - hdds.datanode.volume.min.free.space.percent = -1.0 is invalid, should be between 0 and 1
2025-07-05 15:48:26,146 [main] WARN  statemachine.DatanodeConfiguration (DatanodeConfiguration.java:validateMinFreeSpace(751)) - hdds.datanode.volume.min.free.space.percent = -1.0 is invalid, should be between 0 and 1
2025-07-05 15:48:26,147 [main] WARN  statemachine.DatanodeConfiguration (DatanodeConfiguration.java:validateMinFreeSpace(751)) - hdds.datanode.volume.min.free.space.percent = -1.0 is invalid, should be between 0 and 1
2025-07-05 15:48:26,148 [main] INFO  volume.HddsVolume (HddsVolume.java:<init>(162)) - HddsVolume: { id=DS-565ac9e8-cfce-473a-ada3-efbc3ae498ba dir=/home/runner/work/ozone/ozone/hadoop-ozone/integration-test/target/test-dir/MiniOzoneClusterImpl-0a3c97a5-d59a-4532-afef-c4940c4c02aa/ozone-meta/datanode-8/data-0/hdds type=DISK capacity=9222449699674390527 used=0 available=9222449699674390527 minFree=9222450130714624 committed=0 }
2025-07-05 15:48:26,148 [main] INFO  volume.MutableVolumeSet (MutableVolumeSet.java:initializeVolumeSet(167)) - Added Volume : /home/runner/work/ozone/ozone/hadoop-ozone/integration-test/target/test-dir/MiniOzoneClusterImpl-0a3c97a5-d59a-4532-afef-c4940c4c02aa/ozone-meta/datanode-8/data-0/hdds to VolumeSet
2025-07-05 15:48:26,149 [main] WARN  statemachine.DatanodeConfiguration (DatanodeConfiguration.java:validateMinFreeSpace(751)) - hdds.datanode.volume.min.free.space.percent = -1.0 is invalid, should be between 0 and 1
2025-07-05 15:48:26,150 [main] WARN  statemachine.DatanodeConfiguration (DatanodeConfiguration.java:validateMinFreeSpace(751)) - hdds.datanode.volume.min.free.space.percent = -1.0 is invalid, should be between 0 and 1
2025-07-05 15:48:26,150 [main] INFO  volume.MutableVolumeSet (MutableVolumeSet.java:initializeVolumeSet(167)) - Added Volume : /home/runner/work/ozone/ozone/hadoop-ozone/integration-test/target/test-dir/MiniOzoneClusterImpl-0a3c97a5-d59a-4532-afef-c4940c4c02aa/ozone-meta/datanode-8/ratis to VolumeSet
2025-07-05 15:48:26,150 [main] WARN  statemachine.DatanodeConfiguration (DatanodeConfiguration.java:validateMinFreeSpace(751)) - hdds.datanode.volume.min.free.space.percent = -1.0 is invalid, should be between 0 and 1
2025-07-05 15:48:26,151 [main] WARN  statemachine.DatanodeConfiguration (DatanodeConfiguration.java:validateMinFreeSpace(751)) - hdds.datanode.volume.min.free.space.percent = -1.0 is invalid, should be between 0 and 1
2025-07-05 15:48:26,151 [main] INFO  ozoneimpl.OzoneContainer (HddsVolumeUtil.java:loadAllHddsVolumeDbStore(102)) - Load 1 volumes DbStore cost: 0ms
2025-07-05 15:48:26,151 [main] WARN  db.DBStoreBuilder (DBStoreBuilder.java:getDBDirPath(158)) - ozone.scm.datanode.id.dir is not configured. We recommend adding this setting. Falling back to ozone.metadata.dirs instead.
2025-07-05 15:48:26,152 [main] WARN  statemachine.DatanodeConfiguration (DatanodeConfiguration.java:validateMinFreeSpace(751)) - hdds.datanode.volume.min.free.space.percent = -1.0 is invalid, should be between 0 and 1
2025-07-05 15:48:26,152 [main] WARN  db.DBStoreBuilder (DBStoreBuilder.java:getDBDirPath(158)) - ozone.scm.datanode.id.dir is not configured. We recommend adding this setting. Falling back to ozone.metadata.dirs instead.
2025-07-05 15:48:26,167 [main] WARN  statemachine.DatanodeConfiguration (DatanodeConfiguration.java:validateMinFreeSpace(751)) - hdds.datanode.volume.min.free.space.percent = -1.0 is invalid, should be between 0 and 1
2025-07-05 15:48:26,168 [main] WARN  statemachine.DatanodeConfiguration (DatanodeConfiguration.java:validateMinFreeSpace(751)) - hdds.datanode.volume.min.free.space.percent = -1.0 is invalid, should be between 0 and 1
2025-07-05 15:48:26,168 [main] INFO  impl.FilePerChunkStrategy (FilePerChunkStrategy.java:<init>(79)) - ozone.chunk.read.mapped.buffer.max.count is load with 0
2025-07-05 15:48:26,168 [main] INFO  impl.FilePerBlockStrategy (FilePerBlockStrategy.java:<init>(88)) - ozone.chunk.read.mapped.buffer.max.count is load with 0
2025-07-05 15:48:26,169 [main] WARN  statemachine.DatanodeConfiguration (DatanodeConfiguration.java:validateMinFreeSpace(751)) - hdds.datanode.volume.min.free.space.percent = -1.0 is invalid, should be between 0 and 1
2025-07-05 15:48:26,169 [main] INFO  server.RaftServerConfigKeys (ConfUtils.java:logGet(62)) - raft.server.log.appender.buffer.byte-limit = 33554432 (custom)
2025-07-05 15:48:26,171 [main] INFO  grpc.GrpcConfigKeys (ConfUtils.java:logFallback(69)) - raft.grpc.admin.host = null (fallback to raft.grpc.server.host)
2025-07-05 15:48:26,171 [main] INFO  grpc.GrpcConfigKeys (ConfUtils.java:logGet(62)) - raft.grpc.admin.port = 15070 (custom)
2025-07-05 15:48:26,171 [main] INFO  grpc.GrpcConfigKeys (ConfUtils.java:logFallback(69)) - raft.grpc.client.host = null (fallback to raft.grpc.server.host)
2025-07-05 15:48:26,171 [main] INFO  grpc.GrpcConfigKeys (ConfUtils.java:logGet(62)) - raft.grpc.client.port = 15069 (custom)
2025-07-05 15:48:26,171 [main] INFO  grpc.GrpcConfigKeys (ConfUtils.java:logGet(62)) - raft.grpc.server.port = 15071 (custom)
2025-07-05 15:48:26,172 [main] INFO  server.GrpcServicesImpl (ConfUtils.java:logGet(62)) - raft.grpc.message.size.max = 34603008 (custom)
2025-07-05 15:48:26,172 [main] INFO  server.GrpcServicesImpl (ConfUtils.java:logGet(62)) - raft.grpc.flow.control.window = 5MB (=5242880) (custom)
2025-07-05 15:48:26,172 [main] INFO  server.RaftServerConfigKeys (ConfUtils.java:logGet(62)) - raft.server.log.appender.buffer.byte-limit = 33554432 (custom)
2025-07-05 15:48:26,174 [main] INFO  netty.NettyUtils (NettyUtils.java:newEventLoopGroup(74)) - Create EpollEventLoopGroup for a2863246-e653-4b31-a3d0-09f3a93c429f-NettyServerStreamRpc-bossGroup; Thread size is 0.
2025-07-05 15:48:26,175 [main] INFO  netty.NettyUtils (NettyUtils.java:newEventLoopGroup(74)) - Create EpollEventLoopGroup for a2863246-e653-4b31-a3d0-09f3a93c429f-NettyServerStreamRpc-workerGroup; Thread size is 0.
2025-07-05 15:48:26,175 [main] INFO  netty.NettyConfigKeys$DataStream (ConfUtils.java:logGet(62)) - raft.netty.dataStream.port = 15072 (custom)
2025-07-05 15:48:26,176 [main] INFO  server.RaftServerConfigKeys (ConfUtils.java:logGet(62)) - raft.server.storage.dir = [/home/runner/work/ozone/ozone/hadoop-ozone/integration-test/target/test-dir/MiniOzoneClusterImpl-0a3c97a5-d59a-4532-afef-c4940c4c02aa/ozone-meta/datanode-8/ratis] (custom)
2025-07-05 15:48:26,176 [a2863246-e653-4b31-a3d0-09f3a93c429f-NettyServerStreamRpc-bossGroup--thread1] INFO  logging.LoggingHandler (AbstractInternalLogger.java:log(148)) - [id: 0xebb799f1] REGISTERED
2025-07-05 15:48:26,177 [a2863246-e653-4b31-a3d0-09f3a93c429f-NettyServerStreamRpc-bossGroup--thread1] INFO  logging.LoggingHandler (AbstractInternalLogger.java:log(148)) - [id: 0xebb799f1] BIND: 0.0.0.0/0.0.0.0:15072
2025-07-05 15:48:26,177 [a2863246-e653-4b31-a3d0-09f3a93c429f-NettyServerStreamRpc-bossGroup--thread1] INFO  logging.LoggingHandler (AbstractInternalLogger.java:log(148)) - [id: 0xebb799f1, L:/0.0.0.0:15072] ACTIVE
2025-07-05 15:48:26,178 [a2863246-e653-4b31-a3d0-09f3a93c429f-impl-thread1] INFO  server.RaftServer (RaftServerProxy.java:initGroupDir(270)) - a2863246-e653-4b31-a3d0-09f3a93c429f: found a subdirectory /home/runner/work/ozone/ozone/hadoop-ozone/integration-test/target/test-dir/MiniOzoneClusterImpl-0a3c97a5-d59a-4532-afef-c4940c4c02aa/ozone-meta/datanode-8/ratis/tmp
2025-07-05 15:48:26,178 [a2863246-e653-4b31-a3d0-09f3a93c429f-impl-thread1] INFO  server.RaftServer (RaftServerProxy.java:initGroupDir(275)) - a2863246-e653-4b31-a3d0-09f3a93c429f: The directory /home/runner/work/ozone/ozone/hadoop-ozone/integration-test/target/test-dir/MiniOzoneClusterImpl-0a3c97a5-d59a-4532-afef-c4940c4c02aa/ozone-meta/datanode-8/ratis/tmp is not a group directory; ignoring it. 
2025-07-05 15:48:26,178 [main] INFO  replication.ReplicationServer (ReplicationServer.java:<init>(84)) - Initializing replication server with thread count = 10 queue length = 4096
2025-07-05 15:48:26,179 [main] WARN  statemachine.DatanodeConfiguration (DatanodeConfiguration.java:validateMinFreeSpace(751)) - hdds.datanode.volume.min.free.space.percent = -1.0 is invalid, should be between 0 and 1
2025-07-05 15:48:26,179 [main] INFO  server.XceiverServerGrpc (XceiverServerGrpc.java:<init>(130)) - GrpcServer channel type EpollServerSocketChannel
2025-07-05 15:48:26,180 [main] WARN  statemachine.DatanodeConfiguration (DatanodeConfiguration.java:validateMinFreeSpace(751)) - hdds.datanode.volume.min.free.space.percent = -1.0 is invalid, should be between 0 and 1
2025-07-05 15:48:26,181 [main] INFO  replication.ReplicationSupervisor (ReplicationSupervisor.java:build(169)) - Initializing replication supervisor with thread count = 10
2025-07-05 15:48:26,181 [main] INFO  replication.ReplicationSupervisor (ReplicationSupervisor.java:nodeStateUpdated(358)) - Node state updated to IN_SERVICE, scaling executor pool size to 10
2025-07-05 15:48:26,182 [main] WARN  statemachine.DatanodeConfiguration (DatanodeConfiguration.java:validateMinFreeSpace(751)) - hdds.datanode.volume.min.free.space.percent = -1.0 is invalid, should be between 0 and 1
2025-07-05 15:48:26,184 [main] INFO  http.BaseHttpServer (BaseHttpServer.java:newHttpServer2BuilderForOzone(229)) - Starting Web-server for hddsDatanode at: http://0.0.0.0:15066
2025-07-05 15:48:26,184 [main] INFO  http.BaseHttpServer (BaseHttpServer.java:<init>(107)) - Hadoop Security Enabled: false Ozone Security Enabled: false Ozone HTTP Security Enabled: false 
2025-07-05 15:48:26,186 [main] WARN  server.AuthenticationFilter (AuthenticationFilter.java:constructSecretProvider(240)) - Unable to initialize FileSignerSecretProvider, falling back to use random secrets. Reason: Could not read signature secret file: /home/runner/hadoop-http-auth-signature-secret
2025-07-05 15:48:26,188 [main] INFO  http.HttpServer2 (HttpServer2.java:addGlobalFilter(1042)) - Added global filter 'safety' (class=org.apache.hadoop.hdds.server.http.HttpServer2$QuotingInputFilter)
2025-07-05 15:48:26,189 [main] INFO  http.HttpServer2 (HttpServer2.java:addFilter(1018)) - Added filter static_user_filter (class=org.apache.hadoop.http.lib.StaticUserWebFilter$StaticUserFilter) to context hddsDatanode
2025-07-05 15:48:26,189 [main] INFO  http.HttpServer2 (HttpServer2.java:addFilter(1026)) - Added filter static_user_filter (class=org.apache.hadoop.http.lib.StaticUserWebFilter$StaticUserFilter) to context static
2025-07-05 15:48:26,190 [main] INFO  http.HttpServer2 (HttpServer2.java:addFilter(1026)) - Added filter static_user_filter (class=org.apache.hadoop.http.lib.StaticUserWebFilter$StaticUserFilter) to context logs
2025-07-05 15:48:26,190 [main] INFO  http.BaseHttpServer (BaseHttpServer.java:<init>(195)) - HTTP server of hddsDatanode uses base directory /home/runner/work/ozone/ozone/hadoop-ozone/integration-test/target/test-dir/MiniOzoneClusterImpl-0a3c97a5-d59a-4532-afef-c4940c4c02aa/ozone-meta/datanode-8/meta/webserver
2025-07-05 15:48:26,190 [main] INFO  http.HttpServer2 (HttpServer2.java:bindListener(1242)) - Jetty bound to port 15066
2025-07-05 15:48:26,191 [main] INFO  server.Server (Server.java:doStart(375)) - jetty-9.4.57.v20241219; built: 2025-01-08T21:24:30.412Z; git: df524e6b29271c2e09ba9aea83c18dc9db464a31; jvm 21.0.7+6-LTS
2025-07-05 15:48:26,193 [main] INFO  server.session (DefaultSessionIdManager.java:doStart(334)) - DefaultSessionIdManager workerName=node0
2025-07-05 15:48:26,193 [main] INFO  server.session (DefaultSessionIdManager.java:doStart(339)) - No SessionScavenger set, using defaults
2025-07-05 15:48:26,193 [main] INFO  server.session (HouseKeeper.java:startScavenging(132)) - node0 Scavenging every 600000ms
2025-07-05 15:48:26,194 [main] INFO  handler.ContextHandler (ContextHandler.java:doStart(921)) - Started o.e.j.s.ServletContextHandler@82de8d1{logs,/logs,file:///home/runner/work/ozone/ozone/hadoop-ozone/integration-test/target/log,AVAILABLE}
2025-07-05 15:48:26,194 [main] INFO  handler.ContextHandler (ContextHandler.java:doStart(921)) - Started o.e.j.s.ServletContextHandler@6445647{static,/static,jar:file:/home/runner/work/ozone/ozone/hadoop-hdds/container-service/target/hdds-container-service-2.1.0-SNAPSHOT.jar!/webapps/static,AVAILABLE}
2025-07-05 15:48:26,233 [EventQueue-PipelineReportForOneReplicaPipelineSafeModeRule] INFO  safemode.SCMSafeModeManager (SCMSafeModeManager.java:validateSafeModeExitRules(138)) - AtleastOneDatanodeReportedRule rule is successfully validated
2025-07-05 15:48:26,264 [IPC Server handler 16 on default port 15002] INFO  net.NetworkTopologyImpl (NetworkTopologyImpl.java:add(133)) - Added a new node: /default-rack/2e56514c-0608-4198-9fed-b4eba4d3d686
2025-07-05 15:48:26,264 [IPC Server handler 16 on default port 15002] INFO  node.SCMNodeManager (SCMNodeManager.java:register(423)) - Registered datanode: 2e56514c-0608-4198-9fed-b4eba4d3d686{ip: 127.0.0.1, host: localhost, ports: [HTTP=15034, CLIENT_RPC=15035, REPLICATION=15041, RATIS=15037, RATIS_ADMIN=15038, RATIS_SERVER=15039, RATIS_DATASTREAM=15040, STANDALONE=15036], networkLocation: /default-rack, certSerialId: null, persistedOpState: null, persistedOpStateExpiryEpochSec: 0}
2025-07-05 15:48:26,265 [EventQueue-NewNodeForNewNodeHandler] INFO  pipeline.BackgroundPipelineCreator (BackgroundPipelineCreator.java:notifyEventTriggered(290)) - trigger a one-shot run on RatisPipelineUtilsThread.
2025-07-05 15:48:26,265 [EventQueue-PipelineReportForOneReplicaPipelineSafeModeRule] INFO  safemode.SCMSafeModeManager (SCMSafeModeManager.java:validateSafeModeExitRules(138)) - AtleastOneDatanodeReportedRule rule is successfully validated
2025-07-05 15:48:26,265 [EventQueue-ContainerRegistrationReportForECContainerSafeModeRule] INFO  safemode.SCMSafeModeManager (SCMSafeModeManager.java:validateSafeModeExitRules(138)) - ECContainerSafeModeRule rule is successfully validated
2025-07-05 15:48:26,265 [EventQueue-NodeRegistrationContainerReportForDataNodeSafeModeRule] INFO  safemode.SCMSafeModeManager (SCMSafeModeManager.java:validateSafeModeExitRules(138)) - DataNodeSafeModeRule rule is successfully validated
2025-07-05 15:48:26,265 [EventQueue-ContainerRegistrationReportForRatisContainerSafeModeRule] INFO  safemode.SCMSafeModeManager (SCMSafeModeManager.java:validateSafeModeExitRules(138)) - RatisContainerSafeModeRule rule is successfully validated
2025-07-05 15:48:26,267 [RatisPipelineUtilsThread-0] INFO  pipeline.RatisPipelineProvider (RatisPipelineProvider.java:lambda$create$0(208)) - Sending CreatePipelineCommand for pipeline:Pipeline-733df3bd-5943-401d-9617-16b42a219972 to datanode:2e56514c-0608-4198-9fed-b4eba4d3d686(localhost/127.0.0.1)
2025-07-05 15:48:26,269 [67766547-47ec-4cca-936b-6c95be71f3ba@group-C4940C4C02AA-StateMachineUpdater] INFO  safemode.SCMSafeModeManager (SCMSafeModeManager.java:validateSafeModeExitRules(138)) - DataNodeSafeModeRule rule is successfully validated
2025-07-05 15:48:26,269 [67766547-47ec-4cca-936b-6c95be71f3ba@group-C4940C4C02AA-StateMachineUpdater] INFO  safemode.SCMSafeModeManager (SCMSafeModeManager.java:validateSafeModeExitRules(138)) - RatisContainerSafeModeRule rule is successfully validated
2025-07-05 15:48:26,269 [67766547-47ec-4cca-936b-6c95be71f3ba@group-C4940C4C02AA-StateMachineUpdater] INFO  safemode.HealthyPipelineSafeModeRule (HealthyPipelineSafeModeRule.java:initializeRule(228)) - Refreshed total pipeline count is 0, healthy pipeline threshold count is 1
2025-07-05 15:48:26,269 [67766547-47ec-4cca-936b-6c95be71f3ba@group-C4940C4C02AA-StateMachineUpdater] INFO  safemode.SCMSafeModeManager (SCMSafeModeManager.java:validateSafeModeExitRules(138)) - ECContainerSafeModeRule rule is successfully validated
2025-07-05 15:48:26,270 [67766547-47ec-4cca-936b-6c95be71f3ba@group-C4940C4C02AA-StateMachineUpdater] INFO  safemode.SCMSafeModeManager (SCMSafeModeManager.java:validateSafeModeExitRules(138)) - AtleastOneDatanodeReportedRule rule is successfully validated
2025-07-05 15:48:26,271 [RatisPipelineUtilsThread-0] INFO  pipeline.BackgroundPipelineCreator (BackgroundPipelineCreator.java:createPipelines(246)) - Created new pipeline Pipeline{ Id: 733df3bd-5943-401d-9617-16b42a219972, Nodes: [ {2e56514c-0608-4198-9fed-b4eba4d3d686(localhost/127.0.0.1), ReplicaIndex: 0},], ReplicationConfig: RATIS/ONE, State:ALLOCATED, leaderId:, CreationTimestamp2025-07-05T15:48:26.266994224Z[Etc/UTC]}
2025-07-05 15:48:26,351 [main] INFO  handler.ContextHandler (ContextHandler.java:doStart(921)) - Started o.e.j.w.WebAppContext@7aee9f49{hddsDatanode,/,file:///home/runner/work/ozone/ozone/hadoop-ozone/integration-test/target/test-dir/MiniOzoneClusterImpl-0a3c97a5-d59a-4532-afef-c4940c4c02aa/ozone-meta/datanode-8/meta/webserver/jetty-0_0_0_0-15066-hdds-container-service-2_1_0-SNAPSHOT_jar-_-any-8484039333122449236/webapp/,AVAILABLE}{jar:file:/home/runner/work/ozone/ozone/hadoop-hdds/container-service/target/hdds-container-service-2.1.0-SNAPSHOT.jar!/webapps/hddsDatanode}
2025-07-05 15:48:26,352 [main] INFO  server.AbstractConnector (AbstractConnector.java:doStart(333)) - Started ServerConnector@69b242f9{HTTP/1.1, (http/1.1)}{0.0.0.0:15066}
2025-07-05 15:48:26,352 [main] INFO  server.Server (Server.java:doStart(415)) - Started @13471ms
2025-07-05 15:48:26,352 [main] WARN  impl.MetricsSystemImpl (MetricsSystemImpl.java:register(279)) - Sink prometheus already exists!
2025-07-05 15:48:26,353 [main] INFO  http.BaseHttpServer (BaseHttpServer.java:updateConnectorAddress(359)) - HTTP server of hddsDatanode listening at http://localhost:15066
2025-07-05 15:48:26,353 [main] INFO  ipc.CallQueueManager (CallQueueManager.java:<init>(93)) - Using callQueue: class java.util.concurrent.LinkedBlockingQueue, queueCapacity: 1000, scheduler: class org.apache.hadoop.ipc.DefaultRpcScheduler, ipcBackoff: false, ipcFailOver: false.
2025-07-05 15:48:26,353 [main] INFO  ipc.Server (Server.java:<init>(1438)) - Listener at 0.0.0.0:15067
2025-07-05 15:48:26,354 [Socket Reader #1 for port 15067] INFO  ipc.Server (Server.java:run(1474)) - Starting Socket Reader #1 for port 15067
2025-07-05 15:48:26,354 [Socket Reader #2 for port 15067] INFO  ipc.Server (Server.java:run(1474)) - Starting Socket Reader #2 for port 15067
2025-07-05 15:48:26,354 [Socket Reader #3 for port 15067] INFO  ipc.Server (Server.java:run(1474)) - Starting Socket Reader #3 for port 15067
2025-07-05 15:48:26,354 [Socket Reader #4 for port 15067] INFO  ipc.Server (Server.java:run(1474)) - Starting Socket Reader #4 for port 15067
2025-07-05 15:48:26,355 [Socket Reader #5 for port 15067] INFO  ipc.Server (Server.java:run(1474)) - Starting Socket Reader #5 for port 15067
2025-07-05 15:48:26,355 [Socket Reader #6 for port 15067] INFO  ipc.Server (Server.java:run(1474)) - Starting Socket Reader #6 for port 15067
2025-07-05 15:48:26,355 [Socket Reader #7 for port 15067] INFO  ipc.Server (Server.java:run(1474)) - Starting Socket Reader #7 for port 15067
2025-07-05 15:48:26,355 [Socket Reader #8 for port 15067] INFO  ipc.Server (Server.java:run(1474)) - Starting Socket Reader #8 for port 15067
2025-07-05 15:48:26,355 [Socket Reader #9 for port 15067] INFO  ipc.Server (Server.java:run(1474)) - Starting Socket Reader #9 for port 15067
2025-07-05 15:48:26,356 [Socket Reader #10 for port 15067] INFO  ipc.Server (Server.java:run(1474)) - Starting Socket Reader #10 for port 15067
2025-07-05 15:48:26,358 [main] INFO  ozone.HddsDatanodeService (HddsDatanodeService.java:start(333)) - Datanode start with admins: [admin, runner]
2025-07-05 15:48:26,358 [main] INFO  ozone.HddsDatanodeClientProtocolServer (HddsDatanodeClientProtocolServer.java:start(76)) - RPC server for Client /0.0.0.0:15067
2025-07-05 15:48:26,358 [IPC Server Responder] INFO  ipc.Server (Server.java:run(1713)) - IPC Server Responder: starting
2025-07-05 15:48:26,359 [IPC Server listener on 15067] INFO  ipc.Server (Server.java:run(1553)) - IPC Server listener on 15067: starting
2025-07-05 15:48:26,361 [main] WARN  dropwizard3.Dm3MetricRegistriesImpl (Dm3MetricRegistriesImpl.java:addReporterRegistration(114)) - New reporters are added after registries were created. Some metrics will be missing from the reporter. Please add reporter before adding any new registry.
2025-07-05 15:48:26,361 [main] WARN  dropwizard3.Dm3MetricRegistriesImpl (Dm3MetricRegistriesImpl.java:addReporterRegistration(114)) - New reporters are added after registries were created. Some metrics will be missing from the reporter. Please add reporter before adding any new registry.
2025-07-05 15:48:26,361 [main] INFO  impl.MetricsSystemImpl (MetricsSystemImpl.java:init(158)) - HddsDatanode metrics system started (again)
2025-07-05 15:48:26,362 [a2863246-e653-4b31-a3d0-09f3a93c429f-DatanodeStateMachineDaemonThread] INFO  statemachine.DatanodeStateMachine (DatanodeStateMachine.java:startStateMachineThread(347)) - Ozone container server started.
2025-07-05 15:48:26,368 [d3a92f5c-9e4a-48c5-9a32-2f34a6e85eb8-EndpointStateMachineTaskThread-/0.0.0.0:15002-0 ] WARN  statemachine.DatanodeConfiguration (DatanodeConfiguration.java:validateMinFreeSpace(751)) - hdds.datanode.volume.min.free.space.percent = -1.0 is invalid, should be between 0 and 1
2025-07-05 15:48:26,369 [d3a92f5c-9e4a-48c5-9a32-2f34a6e85eb8-EndpointStateMachineTaskThread-/0.0.0.0:15002-0 ] WARN  statemachine.DatanodeConfiguration (DatanodeConfiguration.java:validateMinFreeSpace(751)) - hdds.datanode.volume.min.free.space.percent = -1.0 is invalid, should be between 0 and 1
2025-07-05 15:48:26,369 [d3a92f5c-9e4a-48c5-9a32-2f34a6e85eb8-EndpointStateMachineTaskThread-/0.0.0.0:15002-0 ] WARN  statemachine.DatanodeConfiguration (DatanodeConfiguration.java:validateMinFreeSpace(751)) - hdds.datanode.volume.min.free.space.percent = -1.0 is invalid, should be between 0 and 1
2025-07-05 15:48:26,370 [a2863246-e653-4b31-a3d0-09f3a93c429f-DatanodeStateMachineTaskThread-0] INFO  datanode.InitDatanodeState (InitDatanodeState.java:persistContainerDatanodeDetails(139)) - DatanodeDetails is persisted to /home/runner/work/ozone/ozone/hadoop-ozone/integration-test/target/test-dir/MiniOzoneClusterImpl-0a3c97a5-d59a-4532-afef-c4940c4c02aa/ozone-meta/datanode-8/meta/datanode.id
2025-07-05 15:48:26,371 [EventQueue-PipelineReportForOneReplicaPipelineSafeModeRule] INFO  safemode.SCMSafeModeManager (SCMSafeModeManager.java:validateSafeModeExitRules(138)) - AtleastOneDatanodeReportedRule rule is successfully validated
2025-07-05 15:48:26,384 [main] INFO  protocol.DatanodeDetails (DatanodeDetails.java:validateDatanodeIpAddress(199)) - Updating IP address of datanode d8f38f7e-70e8-450f-85ae-2cee56d3f445(localhost/null) to 127.0.0.1
2025-07-05 15:48:26,384 [main] INFO  ozone.HddsDatanodeService (HddsDatanodeService.java:start(236)) - HddsDatanodeService d8f38f7e-70e8-450f-85ae-2cee56d3f445(localhost/127.0.0.1)
2025-07-05 15:48:26,387 [main] WARN  statemachine.DatanodeConfiguration (DatanodeConfiguration.java:validateMinFreeSpace(751)) - hdds.datanode.volume.min.free.space.percent = -1.0 is invalid, should be between 0 and 1
2025-07-05 15:48:26,387 [main] INFO  upgrade.AbstractLayoutVersionManager (AbstractLayoutVersionManager.java:init(80)) - Initializing Layout version manager with metadata layout = HBASE_SUPPORT (version = 8), software layout = HBASE_SUPPORT (version = 8)
2025-07-05 15:48:26,388 [main] INFO  statemachine.DatanodeStateMachine (DatanodeStateMachine.java:getEndPointTaskThreadPoolSize(305)) - Datanode State Machine Task Thread Pool size 2
2025-07-05 15:48:26,388 [main] WARN  statemachine.DatanodeConfiguration (DatanodeConfiguration.java:validateMinFreeSpace(751)) - hdds.datanode.volume.min.free.space.percent = -1.0 is invalid, should be between 0 and 1
2025-07-05 15:48:26,388 [main] WARN  statemachine.DatanodeConfiguration (DatanodeConfiguration.java:validateMinFreeSpace(751)) - hdds.datanode.volume.min.free.space.percent = -1.0 is invalid, should be between 0 and 1
2025-07-05 15:48:26,389 [main] WARN  statemachine.DatanodeConfiguration (DatanodeConfiguration.java:validateMinFreeSpace(751)) - hdds.datanode.volume.min.free.space.percent = -1.0 is invalid, should be between 0 and 1
2025-07-05 15:48:26,390 [main] WARN  statemachine.DatanodeConfiguration (DatanodeConfiguration.java:validateMinFreeSpace(751)) - hdds.datanode.volume.min.free.space.percent = -1.0 is invalid, should be between 0 and 1
2025-07-05 15:48:26,393 [main] INFO  volume.HddsVolume (HddsVolume.java:<init>(162)) - HddsVolume: { id=DS-14b70b92-8217-4f73-a8d4-3135c0b3a0e8 dir=/home/runner/work/ozone/ozone/hadoop-ozone/integration-test/target/test-dir/MiniOzoneClusterImpl-0a3c97a5-d59a-4532-afef-c4940c4c02aa/ozone-meta/datanode-9/data-0/hdds type=DISK capacity=9222449699674390527 used=0 available=9222449699674390527 minFree=9222450130714624 committed=0 }
2025-07-05 15:48:26,393 [main] INFO  volume.MutableVolumeSet (MutableVolumeSet.java:initializeVolumeSet(167)) - Added Volume : /home/runner/work/ozone/ozone/hadoop-ozone/integration-test/target/test-dir/MiniOzoneClusterImpl-0a3c97a5-d59a-4532-afef-c4940c4c02aa/ozone-meta/datanode-9/data-0/hdds to VolumeSet
2025-07-05 15:48:26,393 [main] WARN  statemachine.DatanodeConfiguration (DatanodeConfiguration.java:validateMinFreeSpace(751)) - hdds.datanode.volume.min.free.space.percent = -1.0 is invalid, should be between 0 and 1
2025-07-05 15:48:26,394 [main] WARN  statemachine.DatanodeConfiguration (DatanodeConfiguration.java:validateMinFreeSpace(751)) - hdds.datanode.volume.min.free.space.percent = -1.0 is invalid, should be between 0 and 1
2025-07-05 15:48:26,394 [main] INFO  volume.MutableVolumeSet (MutableVolumeSet.java:initializeVolumeSet(167)) - Added Volume : /home/runner/work/ozone/ozone/hadoop-ozone/integration-test/target/test-dir/MiniOzoneClusterImpl-0a3c97a5-d59a-4532-afef-c4940c4c02aa/ozone-meta/datanode-9/ratis to VolumeSet
2025-07-05 15:48:26,394 [main] WARN  statemachine.DatanodeConfiguration (DatanodeConfiguration.java:validateMinFreeSpace(751)) - hdds.datanode.volume.min.free.space.percent = -1.0 is invalid, should be between 0 and 1
2025-07-05 15:48:26,395 [main] WARN  statemachine.DatanodeConfiguration (DatanodeConfiguration.java:validateMinFreeSpace(751)) - hdds.datanode.volume.min.free.space.percent = -1.0 is invalid, should be between 0 and 1
2025-07-05 15:48:26,395 [main] INFO  ozoneimpl.OzoneContainer (HddsVolumeUtil.java:loadAllHddsVolumeDbStore(102)) - Load 1 volumes DbStore cost: 0ms
2025-07-05 15:48:26,396 [main] WARN  db.DBStoreBuilder (DBStoreBuilder.java:getDBDirPath(158)) - ozone.scm.datanode.id.dir is not configured. We recommend adding this setting. Falling back to ozone.metadata.dirs instead.
2025-07-05 15:48:26,396 [main] WARN  statemachine.DatanodeConfiguration (DatanodeConfiguration.java:validateMinFreeSpace(751)) - hdds.datanode.volume.min.free.space.percent = -1.0 is invalid, should be between 0 and 1
2025-07-05 15:48:26,397 [main] WARN  db.DBStoreBuilder (DBStoreBuilder.java:getDBDirPath(158)) - ozone.scm.datanode.id.dir is not configured. We recommend adding this setting. Falling back to ozone.metadata.dirs instead.
2025-07-05 15:48:26,407 [d3a92f5c-9e4a-48c5-9a32-2f34a6e85eb8-EndpointStateMachineTaskThread-/0.0.0.0:15002-0 ] INFO  utils.DatanodeStoreCache (DatanodeStoreCache.java:addDB(70)) - Added db /home/runner/work/ozone/ozone/hadoop-ozone/integration-test/target/test-dir/MiniOzoneClusterImpl-0a3c97a5-d59a-4532-afef-c4940c4c02aa/ozone-meta/datanode-6/data-0/hdds/0a3c97a5-d59a-4532-afef-c4940c4c02aa/DS-6bba10bf-78e5-445f-b92b-f9e47c3ed0b3/container.db to cache
2025-07-05 15:48:26,407 [d3a92f5c-9e4a-48c5-9a32-2f34a6e85eb8-EndpointStateMachineTaskThread-/0.0.0.0:15002-0 ] INFO  volume.HddsVolume (HddsVolume.java:createDbStore(575)) - SchemaV3 db is created and loaded at /home/runner/work/ozone/ozone/hadoop-ozone/integration-test/target/test-dir/MiniOzoneClusterImpl-0a3c97a5-d59a-4532-afef-c4940c4c02aa/ozone-meta/datanode-6/data-0/hdds/0a3c97a5-d59a-4532-afef-c4940c4c02aa/DS-6bba10bf-78e5-445f-b92b-f9e47c3ed0b3/container.db for volume DS-6bba10bf-78e5-445f-b92b-f9e47c3ed0b3
2025-07-05 15:48:26,407 [d3a92f5c-9e4a-48c5-9a32-2f34a6e85eb8-EndpointStateMachineTaskThread-/0.0.0.0:15002-0 ] WARN  statemachine.DatanodeConfiguration (DatanodeConfiguration.java:validateMinFreeSpace(751)) - hdds.datanode.volume.min.free.space.percent = -1.0 is invalid, should be between 0 and 1
2025-07-05 15:48:26,410 [d3a92f5c-9e4a-48c5-9a32-2f34a6e85eb8-ContainerReader-0] INFO  ozoneimpl.ContainerReader (ContainerReader.java:readVolume(144)) - Start to verify containers on volume /home/runner/work/ozone/ozone/hadoop-ozone/integration-test/target/test-dir/MiniOzoneClusterImpl-0a3c97a5-d59a-4532-afef-c4940c4c02aa/ozone-meta/datanode-6/data-0/hdds
2025-07-05 15:48:26,410 [d3a92f5c-9e4a-48c5-9a32-2f34a6e85eb8-ContainerReader-0] INFO  ozoneimpl.ContainerReader (ContainerReader.java:readVolume(174)) - Finish verifying containers on volume /home/runner/work/ozone/ozone/hadoop-ozone/integration-test/target/test-dir/MiniOzoneClusterImpl-0a3c97a5-d59a-4532-afef-c4940c4c02aa/ozone-meta/datanode-6/data-0/hdds
2025-07-05 15:48:26,411 [d3a92f5c-9e4a-48c5-9a32-2f34a6e85eb8-EndpointStateMachineTaskThread-/0.0.0.0:15002-0 ] INFO  ozoneimpl.OzoneContainer (OzoneContainer.java:buildContainerSet(370)) - Build ContainerSet costs 0s
2025-07-05 15:48:26,411 [d3a92f5c-9e4a-48c5-9a32-2f34a6e85eb8-EndpointStateMachineTaskThread-/0.0.0.0:15002-0 ] INFO  volume.ThrottledAsyncChecker (ThrottledAsyncChecker.java:schedule(138)) - Scheduling a check for /home/runner/work/ozone/ozone/hadoop-ozone/integration-test/target/test-dir/MiniOzoneClusterImpl-0a3c97a5-d59a-4532-afef-c4940c4c02aa/ozone-meta/datanode-6/data-0/hdds
2025-07-05 15:48:26,413 [d3a92f5c-9e4a-48c5-9a32-2f34a6e85eb8-EndpointStateMachineTaskThread-/0.0.0.0:15002-0 ] INFO  volume.StorageVolumeChecker (StorageVolumeChecker.java:checkAllVolumes(215)) - Scheduled health check for volume /home/runner/work/ozone/ozone/hadoop-ozone/integration-test/target/test-dir/MiniOzoneClusterImpl-0a3c97a5-d59a-4532-afef-c4940c4c02aa/ozone-meta/datanode-6/data-0/hdds
2025-07-05 15:48:26,417 [d3a92f5c-9e4a-48c5-9a32-2f34a6e85eb8-EndpointStateMachineTaskThread-/0.0.0.0:15002-0 ] INFO  volume.ThrottledAsyncChecker (ThrottledAsyncChecker.java:schedule(138)) - Scheduling a check for /home/runner/work/ozone/ozone/hadoop-ozone/integration-test/target/test-dir/MiniOzoneClusterImpl-0a3c97a5-d59a-4532-afef-c4940c4c02aa/ozone-meta/datanode-6/ratis
2025-07-05 15:48:26,417 [d3a92f5c-9e4a-48c5-9a32-2f34a6e85eb8-EndpointStateMachineTaskThread-/0.0.0.0:15002-0 ] INFO  volume.StorageVolumeChecker (StorageVolumeChecker.java:checkAllVolumes(215)) - Scheduled health check for volume /home/runner/work/ozone/ozone/hadoop-ozone/integration-test/target/test-dir/MiniOzoneClusterImpl-0a3c97a5-d59a-4532-afef-c4940c4c02aa/ozone-meta/datanode-6/ratis
2025-07-05 15:48:26,418 [main] WARN  statemachine.DatanodeConfiguration (DatanodeConfiguration.java:validateMinFreeSpace(751)) - hdds.datanode.volume.min.free.space.percent = -1.0 is invalid, should be between 0 and 1
2025-07-05 15:48:26,419 [d3a92f5c-9e4a-48c5-9a32-2f34a6e85eb8-EndpointStateMachineTaskThread-/0.0.0.0:15002-0 ] INFO  ozoneimpl.OzoneContainer (OzoneContainer.java:start(520)) - Attempting to start container services.
2025-07-05 15:48:26,419 [main] WARN  statemachine.DatanodeConfiguration (DatanodeConfiguration.java:validateMinFreeSpace(751)) - hdds.datanode.volume.min.free.space.percent = -1.0 is invalid, should be between 0 and 1
2025-07-05 15:48:26,419 [main] INFO  impl.FilePerChunkStrategy (FilePerChunkStrategy.java:<init>(79)) - ozone.chunk.read.mapped.buffer.max.count is load with 0
2025-07-05 15:48:26,419 [main] INFO  impl.FilePerBlockStrategy (FilePerBlockStrategy.java:<init>(88)) - ozone.chunk.read.mapped.buffer.max.count is load with 0
2025-07-05 15:48:26,420 [ContainerMetadataScanner] INFO  ozoneimpl.AbstractBackgroundContainerScanner (AbstractBackgroundContainerScanner.java:runIteration(89)) - Completed an iteration in 0 minutes. Number of iterations (since the data-node restart) : 1, Number of containers scanned in this iteration : 0, Number of unhealthy containers found in this iteration : 0
2025-07-05 15:48:26,420 [ContainerDataScanner(/home/runner/work/ozone/ozone/hadoop-ozone/integration-test/target/test-dir/MiniOzoneClusterImpl-0a3c97a5-d59a-4532-afef-c4940c4c02aa/ozone-meta/datanode-6/data-0/hdds)] INFO  ozoneimpl.AbstractBackgroundContainerScanner (AbstractBackgroundContainerScanner.java:runIteration(89)) - Completed an iteration in 0 minutes. Number of iterations (since the data-node restart) : 1, Number of containers scanned in this iteration : 0, Number of unhealthy containers found in this iteration : 0
2025-07-05 15:48:26,420 [main] WARN  statemachine.DatanodeConfiguration (DatanodeConfiguration.java:validateMinFreeSpace(751)) - hdds.datanode.volume.min.free.space.percent = -1.0 is invalid, should be between 0 and 1
2025-07-05 15:48:26,421 [main] INFO  server.RaftServerConfigKeys (ConfUtils.java:logGet(62)) - raft.server.log.appender.buffer.byte-limit = 33554432 (custom)
2025-07-05 15:48:26,422 [d3a92f5c-9e4a-48c5-9a32-2f34a6e85eb8-EndpointStateMachineTaskThread-/0.0.0.0:15002-0 ] INFO  replication.ReplicationServer (ReplicationServer.java:start(137)) - ReplicationServer is started using port 15057
2025-07-05 15:48:26,422 [d3a92f5c-9e4a-48c5-9a32-2f34a6e85eb8-EndpointStateMachineTaskThread-/0.0.0.0:15002-0 ] INFO  ratis.XceiverServerRatis (XceiverServerRatis.java:start(559)) - Starting XceiverServerRatis(d3a92f5c-9e4a-48c5-9a32-2f34a6e85eb8)
2025-07-05 15:48:26,423 [main] INFO  grpc.GrpcConfigKeys (ConfUtils.java:logFallback(69)) - raft.grpc.admin.host = null (fallback to raft.grpc.server.host)
2025-07-05 15:48:26,423 [main] INFO  grpc.GrpcConfigKeys (ConfUtils.java:logGet(62)) - raft.grpc.admin.port = 15078 (custom)
2025-07-05 15:48:26,423 [main] INFO  grpc.GrpcConfigKeys (ConfUtils.java:logFallback(69)) - raft.grpc.client.host = null (fallback to raft.grpc.server.host)
2025-07-05 15:48:26,423 [main] INFO  grpc.GrpcConfigKeys (ConfUtils.java:logGet(62)) - raft.grpc.client.port = 15077 (custom)
2025-07-05 15:48:26,423 [main] INFO  grpc.GrpcConfigKeys (ConfUtils.java:logGet(62)) - raft.grpc.server.port = 15079 (custom)
2025-07-05 15:48:26,423 [main] INFO  server.GrpcServicesImpl (ConfUtils.java:logGet(62)) - raft.grpc.message.size.max = 34603008 (custom)
2025-07-05 15:48:26,423 [main] INFO  server.GrpcServicesImpl (ConfUtils.java:logGet(62)) - raft.grpc.flow.control.window = 5MB (=5242880) (custom)
2025-07-05 15:48:26,423 [main] INFO  server.RaftServerConfigKeys (ConfUtils.java:logGet(62)) - raft.server.log.appender.buffer.byte-limit = 33554432 (custom)
2025-07-05 15:48:26,425 [d3a92f5c-9e4a-48c5-9a32-2f34a6e85eb8-EndpointStateMachineTaskThread-/0.0.0.0:15002-0 ] INFO  server.RaftServer (RaftServerProxy.java:startImpl(412)) - d3a92f5c-9e4a-48c5-9a32-2f34a6e85eb8: start RPC server
2025-07-05 15:48:26,425 [main] INFO  netty.NettyUtils (NettyUtils.java:newEventLoopGroup(74)) - Create EpollEventLoopGroup for d8f38f7e-70e8-450f-85ae-2cee56d3f445-NettyServerStreamRpc-bossGroup; Thread size is 0.
2025-07-05 15:48:26,425 [d3a92f5c-9e4a-48c5-9a32-2f34a6e85eb8-EndpointStateMachineTaskThread-/0.0.0.0:15002-0 ] INFO  server.GrpcServicesImpl (GrpcServicesImpl.java:startImpl(346)) - d3a92f5c-9e4a-48c5-9a32-2f34a6e85eb8: GrpcServicesImpl started, listening on 15053
2025-07-05 15:48:26,426 [main] INFO  netty.NettyUtils (NettyUtils.java:newEventLoopGroup(74)) - Create EpollEventLoopGroup for d8f38f7e-70e8-450f-85ae-2cee56d3f445-NettyServerStreamRpc-workerGroup; Thread size is 0.
2025-07-05 15:48:26,426 [d3a92f5c-9e4a-48c5-9a32-2f34a6e85eb8-EndpointStateMachineTaskThread-/0.0.0.0:15002-0 ] INFO  server.GrpcServicesImpl (GrpcServicesImpl.java:startImpl(346)) - d3a92f5c-9e4a-48c5-9a32-2f34a6e85eb8: GrpcServicesImpl started, listening on 15055
2025-07-05 15:48:26,426 [main] INFO  netty.NettyConfigKeys$DataStream (ConfUtils.java:logGet(62)) - raft.netty.dataStream.port = 15080 (custom)
2025-07-05 15:48:26,427 [main] INFO  server.RaftServerConfigKeys (ConfUtils.java:logGet(62)) - raft.server.storage.dir = [/home/runner/work/ozone/ozone/hadoop-ozone/integration-test/target/test-dir/MiniOzoneClusterImpl-0a3c97a5-d59a-4532-afef-c4940c4c02aa/ozone-meta/datanode-9/ratis] (custom)
2025-07-05 15:48:26,428 [d8f38f7e-70e8-450f-85ae-2cee56d3f445-NettyServerStreamRpc-bossGroup--thread1] INFO  logging.LoggingHandler (AbstractInternalLogger.java:log(148)) - [id: 0xa66c4425] REGISTERED
2025-07-05 15:48:26,428 [d8f38f7e-70e8-450f-85ae-2cee56d3f445-NettyServerStreamRpc-bossGroup--thread1] INFO  logging.LoggingHandler (AbstractInternalLogger.java:log(148)) - [id: 0xa66c4425] BIND: 0.0.0.0/0.0.0.0:15080
2025-07-05 15:48:26,428 [d8f38f7e-70e8-450f-85ae-2cee56d3f445-NettyServerStreamRpc-bossGroup--thread1] INFO  logging.LoggingHandler (AbstractInternalLogger.java:log(148)) - [id: 0xa66c4425, L:/0.0.0.0:15080] ACTIVE
2025-07-05 15:48:26,428 [d8f38f7e-70e8-450f-85ae-2cee56d3f445-impl-thread1] INFO  server.RaftServer (RaftServerProxy.java:initGroupDir(270)) - d8f38f7e-70e8-450f-85ae-2cee56d3f445: found a subdirectory /home/runner/work/ozone/ozone/hadoop-ozone/integration-test/target/test-dir/MiniOzoneClusterImpl-0a3c97a5-d59a-4532-afef-c4940c4c02aa/ozone-meta/datanode-9/ratis/tmp
2025-07-05 15:48:26,428 [d8f38f7e-70e8-450f-85ae-2cee56d3f445-impl-thread1] INFO  server.RaftServer (RaftServerProxy.java:initGroupDir(275)) - d8f38f7e-70e8-450f-85ae-2cee56d3f445: The directory /home/runner/work/ozone/ozone/hadoop-ozone/integration-test/target/test-dir/MiniOzoneClusterImpl-0a3c97a5-d59a-4532-afef-c4940c4c02aa/ozone-meta/datanode-9/ratis/tmp is not a group directory; ignoring it. 
2025-07-05 15:48:26,428 [main] INFO  replication.ReplicationServer (ReplicationServer.java:<init>(84)) - Initializing replication server with thread count = 10 queue length = 4096
2025-07-05 15:48:26,429 [main] WARN  statemachine.DatanodeConfiguration (DatanodeConfiguration.java:validateMinFreeSpace(751)) - hdds.datanode.volume.min.free.space.percent = -1.0 is invalid, should be between 0 and 1
2025-07-05 15:48:26,429 [main] INFO  server.XceiverServerGrpc (XceiverServerGrpc.java:<init>(130)) - GrpcServer channel type EpollServerSocketChannel
2025-07-05 15:48:26,430 [main] WARN  statemachine.DatanodeConfiguration (DatanodeConfiguration.java:validateMinFreeSpace(751)) - hdds.datanode.volume.min.free.space.percent = -1.0 is invalid, should be between 0 and 1
2025-07-05 15:48:26,431 [d3a92f5c-9e4a-48c5-9a32-2f34a6e85eb8-EndpointStateMachineTaskThread-/0.0.0.0:15002-0 ] INFO  server.GrpcServicesImpl (GrpcServicesImpl.java:startImpl(346)) - d3a92f5c-9e4a-48c5-9a32-2f34a6e85eb8: GrpcServicesImpl started, listening on 15054
2025-07-05 15:48:26,431 [JvmPauseMonitor8] INFO  util.JvmPauseMonitor (JvmPauseMonitor.java:run(146)) - JvmPauseMonitor-d3a92f5c-9e4a-48c5-9a32-2f34a6e85eb8: Started
2025-07-05 15:48:26,431 [d3a92f5c-9e4a-48c5-9a32-2f34a6e85eb8-EndpointStateMachineTaskThread-/0.0.0.0:15002-0 ] INFO  ratis.XceiverServerRatis (XceiverServerRatis.java:getRealPort(586)) - XceiverServerRatis(d3a92f5c-9e4a-48c5-9a32-2f34a6e85eb8) is started using port RATIS=15053
2025-07-05 15:48:26,431 [d3a92f5c-9e4a-48c5-9a32-2f34a6e85eb8-EndpointStateMachineTaskThread-/0.0.0.0:15002-0 ] INFO  ratis.XceiverServerRatis (XceiverServerRatis.java:getRealPort(586)) - XceiverServerRatis(d3a92f5c-9e4a-48c5-9a32-2f34a6e85eb8) is started using port RATIS_ADMIN=15054
2025-07-05 15:48:26,432 [d3a92f5c-9e4a-48c5-9a32-2f34a6e85eb8-EndpointStateMachineTaskThread-/0.0.0.0:15002-0 ] INFO  ratis.XceiverServerRatis (XceiverServerRatis.java:getRealPort(586)) - XceiverServerRatis(d3a92f5c-9e4a-48c5-9a32-2f34a6e85eb8) is started using port RATIS_SERVER=15055
2025-07-05 15:48:26,432 [d3a92f5c-9e4a-48c5-9a32-2f34a6e85eb8-EndpointStateMachineTaskThread-/0.0.0.0:15002-0 ] INFO  ratis.XceiverServerRatis (XceiverServerRatis.java:getRealPort(586)) - XceiverServerRatis(d3a92f5c-9e4a-48c5-9a32-2f34a6e85eb8) is started using port RATIS_DATASTREAM=15056
2025-07-05 15:48:26,431 [main] INFO  replication.ReplicationSupervisor (ReplicationSupervisor.java:build(169)) - Initializing replication supervisor with thread count = 10
2025-07-05 15:48:26,432 [main] INFO  replication.ReplicationSupervisor (ReplicationSupervisor.java:nodeStateUpdated(358)) - Node state updated to IN_SERVICE, scaling executor pool size to 10
2025-07-05 15:48:26,432 [EventQueue-PipelineReportForOneReplicaPipelineSafeModeRule] INFO  safemode.SCMSafeModeManager (SCMSafeModeManager.java:validateSafeModeExitRules(138)) - AtleastOneDatanodeReportedRule rule is successfully validated
2025-07-05 15:48:26,432 [d3a92f5c-9e4a-48c5-9a32-2f34a6e85eb8-EndpointStateMachineTaskThread-/0.0.0.0:15002-0 ] INFO  utils.BackgroundService (BackgroundService.java:start(118)) - Starting service BlockDeletingService with interval 60000 milliseconds
2025-07-05 15:48:26,433 [d3a92f5c-9e4a-48c5-9a32-2f34a6e85eb8-EndpointStateMachineTaskThread-/0.0.0.0:15002-0 ] INFO  utils.BackgroundService (BackgroundService.java:start(118)) - Starting service StaleRecoveringContainerScrubbingService with interval 60000 milliseconds
2025-07-05 15:48:26,433 [main] WARN  statemachine.DatanodeConfiguration (DatanodeConfiguration.java:validateMinFreeSpace(751)) - hdds.datanode.volume.min.free.space.percent = -1.0 is invalid, should be between 0 and 1
2025-07-05 15:48:26,435 [main] INFO  http.BaseHttpServer (BaseHttpServer.java:newHttpServer2BuilderForOzone(229)) - Starting Web-server for hddsDatanode at: http://0.0.0.0:15074
2025-07-05 15:48:26,435 [main] INFO  http.BaseHttpServer (BaseHttpServer.java:<init>(107)) - Hadoop Security Enabled: false Ozone Security Enabled: false Ozone HTTP Security Enabled: false 
2025-07-05 15:48:26,436 [main] WARN  server.AuthenticationFilter (AuthenticationFilter.java:constructSecretProvider(240)) - Unable to initialize FileSignerSecretProvider, falling back to use random secrets. Reason: Could not read signature secret file: /home/runner/hadoop-http-auth-signature-secret
2025-07-05 15:48:26,439 [main] INFO  http.HttpServer2 (HttpServer2.java:addGlobalFilter(1042)) - Added global filter 'safety' (class=org.apache.hadoop.hdds.server.http.HttpServer2$QuotingInputFilter)
2025-07-05 15:48:26,439 [main] INFO  http.HttpServer2 (HttpServer2.java:addFilter(1018)) - Added filter static_user_filter (class=org.apache.hadoop.http.lib.StaticUserWebFilter$StaticUserFilter) to context hddsDatanode
2025-07-05 15:48:26,439 [main] INFO  http.HttpServer2 (HttpServer2.java:addFilter(1026)) - Added filter static_user_filter (class=org.apache.hadoop.http.lib.StaticUserWebFilter$StaticUserFilter) to context static
2025-07-05 15:48:26,439 [main] INFO  http.HttpServer2 (HttpServer2.java:addFilter(1026)) - Added filter static_user_filter (class=org.apache.hadoop.http.lib.StaticUserWebFilter$StaticUserFilter) to context logs
2025-07-05 15:48:26,440 [main] INFO  http.BaseHttpServer (BaseHttpServer.java:<init>(195)) - HTTP server of hddsDatanode uses base directory /home/runner/work/ozone/ozone/hadoop-ozone/integration-test/target/test-dir/MiniOzoneClusterImpl-0a3c97a5-d59a-4532-afef-c4940c4c02aa/ozone-meta/datanode-9/meta/webserver
2025-07-05 15:48:26,441 [main] INFO  http.HttpServer2 (HttpServer2.java:bindListener(1242)) - Jetty bound to port 15074
2025-07-05 15:48:26,441 [main] INFO  server.Server (Server.java:doStart(375)) - jetty-9.4.57.v20241219; built: 2025-01-08T21:24:30.412Z; git: df524e6b29271c2e09ba9aea83c18dc9db464a31; jvm 21.0.7+6-LTS
2025-07-05 15:48:26,443 [main] INFO  server.session (DefaultSessionIdManager.java:doStart(334)) - DefaultSessionIdManager workerName=node0
2025-07-05 15:48:26,443 [main] INFO  server.session (DefaultSessionIdManager.java:doStart(339)) - No SessionScavenger set, using defaults
2025-07-05 15:48:26,443 [main] INFO  server.session (HouseKeeper.java:startScavenging(132)) - node0 Scavenging every 600000ms
2025-07-05 15:48:26,444 [main] INFO  handler.ContextHandler (ContextHandler.java:doStart(921)) - Started o.e.j.s.ServletContextHandler@2ca50b7a{logs,/logs,file:///home/runner/work/ozone/ozone/hadoop-ozone/integration-test/target/log,AVAILABLE}
2025-07-05 15:48:26,444 [main] INFO  handler.ContextHandler (ContextHandler.java:doStart(921)) - Started o.e.j.s.ServletContextHandler@54c04642{static,/static,jar:file:/home/runner/work/ozone/ozone/hadoop-hdds/container-service/target/hdds-container-service-2.1.0-SNAPSHOT.jar!/webapps/static,AVAILABLE}
2025-07-05 15:48:26,497 [EventQueue-PipelineReportForOneReplicaPipelineSafeModeRule] INFO  safemode.SCMSafeModeManager (SCMSafeModeManager.java:validateSafeModeExitRules(138)) - AtleastOneDatanodeReportedRule rule is successfully validated
2025-07-05 15:48:26,536 [IPC Server handler 8 on default port 15002] INFO  net.NetworkTopologyImpl (NetworkTopologyImpl.java:add(133)) - Added a new node: /default-rack/694b616d-7f52-4b82-b07e-10398eb153c5
2025-07-05 15:48:26,537 [IPC Server handler 8 on default port 15002] INFO  node.SCMNodeManager (SCMNodeManager.java:register(423)) - Registered datanode: 694b616d-7f52-4b82-b07e-10398eb153c5{ip: 127.0.0.1, host: localhost, ports: [HTTP=15042, CLIENT_RPC=15043, REPLICATION=15049, RATIS=15045, RATIS_ADMIN=15046, RATIS_SERVER=15047, RATIS_DATASTREAM=15048, STANDALONE=15044], networkLocation: /default-rack, certSerialId: null, persistedOpState: null, persistedOpStateExpiryEpochSec: 0}
2025-07-05 15:48:26,537 [EventQueue-NewNodeForNewNodeHandler] INFO  pipeline.BackgroundPipelineCreator (BackgroundPipelineCreator.java:notifyEventTriggered(290)) - trigger a one-shot run on RatisPipelineUtilsThread.
2025-07-05 15:48:26,537 [EventQueue-NodeRegistrationContainerReportForDataNodeSafeModeRule] INFO  safemode.SCMSafeModeManager (SCMSafeModeManager.java:validateSafeModeExitRules(138)) - DataNodeSafeModeRule rule is successfully validated
2025-07-05 15:48:26,537 [EventQueue-PipelineReportForOneReplicaPipelineSafeModeRule] INFO  safemode.SCMSafeModeManager (SCMSafeModeManager.java:validateSafeModeExitRules(138)) - AtleastOneDatanodeReportedRule rule is successfully validated
2025-07-05 15:48:26,537 [EventQueue-ContainerRegistrationReportForECContainerSafeModeRule] INFO  safemode.SCMSafeModeManager (SCMSafeModeManager.java:validateSafeModeExitRules(138)) - ECContainerSafeModeRule rule is successfully validated
2025-07-05 15:48:26,537 [EventQueue-ContainerRegistrationReportForRatisContainerSafeModeRule] INFO  safemode.SCMSafeModeManager (SCMSafeModeManager.java:validateSafeModeExitRules(138)) - RatisContainerSafeModeRule rule is successfully validated
2025-07-05 15:48:26,538 [RatisPipelineUtilsThread-0] INFO  pipeline.RatisPipelineProvider (RatisPipelineProvider.java:lambda$create$0(208)) - Sending CreatePipelineCommand for pipeline:Pipeline-77bac9b7-c088-49da-aedc-d8440eae590f to datanode:694b616d-7f52-4b82-b07e-10398eb153c5(localhost/127.0.0.1)
2025-07-05 15:48:26,542 [67766547-47ec-4cca-936b-6c95be71f3ba@group-C4940C4C02AA-StateMachineUpdater] INFO  safemode.SCMSafeModeManager (SCMSafeModeManager.java:validateSafeModeExitRules(138)) - DataNodeSafeModeRule rule is successfully validated
2025-07-05 15:48:26,542 [67766547-47ec-4cca-936b-6c95be71f3ba@group-C4940C4C02AA-StateMachineUpdater] INFO  safemode.SCMSafeModeManager (SCMSafeModeManager.java:validateSafeModeExitRules(138)) - RatisContainerSafeModeRule rule is successfully validated
2025-07-05 15:48:26,542 [67766547-47ec-4cca-936b-6c95be71f3ba@group-C4940C4C02AA-StateMachineUpdater] INFO  safemode.HealthyPipelineSafeModeRule (HealthyPipelineSafeModeRule.java:initializeRule(228)) - Refreshed total pipeline count is 0, healthy pipeline threshold count is 1
2025-07-05 15:48:26,542 [67766547-47ec-4cca-936b-6c95be71f3ba@group-C4940C4C02AA-StateMachineUpdater] INFO  safemode.SCMSafeModeManager (SCMSafeModeManager.java:validateSafeModeExitRules(138)) - ECContainerSafeModeRule rule is successfully validated
2025-07-05 15:48:26,542 [67766547-47ec-4cca-936b-6c95be71f3ba@group-C4940C4C02AA-StateMachineUpdater] INFO  safemode.SCMSafeModeManager (SCMSafeModeManager.java:validateSafeModeExitRules(138)) - AtleastOneDatanodeReportedRule rule is successfully validated
2025-07-05 15:48:26,543 [RatisPipelineUtilsThread-0] INFO  pipeline.BackgroundPipelineCreator (BackgroundPipelineCreator.java:createPipelines(246)) - Created new pipeline Pipeline{ Id: 77bac9b7-c088-49da-aedc-d8440eae590f, Nodes: [ {694b616d-7f52-4b82-b07e-10398eb153c5(localhost/127.0.0.1), ReplicaIndex: 0},], ReplicationConfig: RATIS/ONE, State:ALLOCATED, leaderId:, CreationTimestamp2025-07-05T15:48:26.538327626Z[Etc/UTC]}
2025-07-05 15:48:26,567 [EventQueue-PipelineReportForOneReplicaPipelineSafeModeRule] INFO  safemode.SCMSafeModeManager (SCMSafeModeManager.java:validateSafeModeExitRules(138)) - AtleastOneDatanodeReportedRule rule is successfully validated
2025-07-05 15:48:26,595 [main] INFO  handler.ContextHandler (ContextHandler.java:doStart(921)) - Started o.e.j.w.WebAppContext@23a7f0db{hddsDatanode,/,file:///home/runner/work/ozone/ozone/hadoop-ozone/integration-test/target/test-dir/MiniOzoneClusterImpl-0a3c97a5-d59a-4532-afef-c4940c4c02aa/ozone-meta/datanode-9/meta/webserver/jetty-0_0_0_0-15074-hdds-container-service-2_1_0-SNAPSHOT_jar-_-any-16493183002444310939/webapp/,AVAILABLE}{jar:file:/home/runner/work/ozone/ozone/hadoop-hdds/container-service/target/hdds-container-service-2.1.0-SNAPSHOT.jar!/webapps/hddsDatanode}
2025-07-05 15:48:26,595 [main] INFO  server.AbstractConnector (AbstractConnector.java:doStart(333)) - Started ServerConnector@43c58698{HTTP/1.1, (http/1.1)}{0.0.0.0:15074}
2025-07-05 15:48:26,595 [main] INFO  server.Server (Server.java:doStart(415)) - Started @13715ms
2025-07-05 15:48:26,595 [main] WARN  impl.MetricsSystemImpl (MetricsSystemImpl.java:register(279)) - Sink prometheus already exists!
2025-07-05 15:48:26,596 [main] INFO  http.BaseHttpServer (BaseHttpServer.java:updateConnectorAddress(359)) - HTTP server of hddsDatanode listening at http://localhost:15074
2025-07-05 15:48:26,596 [main] INFO  ipc.CallQueueManager (CallQueueManager.java:<init>(93)) - Using callQueue: class java.util.concurrent.LinkedBlockingQueue, queueCapacity: 1000, scheduler: class org.apache.hadoop.ipc.DefaultRpcScheduler, ipcBackoff: false, ipcFailOver: false.
2025-07-05 15:48:26,596 [main] INFO  ipc.Server (Server.java:<init>(1438)) - Listener at 0.0.0.0:15075
2025-07-05 15:48:26,597 [Socket Reader #1 for port 15075] INFO  ipc.Server (Server.java:run(1474)) - Starting Socket Reader #1 for port 15075
2025-07-05 15:48:26,597 [Socket Reader #2 for port 15075] INFO  ipc.Server (Server.java:run(1474)) - Starting Socket Reader #2 for port 15075
2025-07-05 15:48:26,597 [Socket Reader #3 for port 15075] INFO  ipc.Server (Server.java:run(1474)) - Starting Socket Reader #3 for port 15075
2025-07-05 15:48:26,598 [Socket Reader #4 for port 15075] INFO  ipc.Server (Server.java:run(1474)) - Starting Socket Reader #4 for port 15075
2025-07-05 15:48:26,598 [Socket Reader #5 for port 15075] INFO  ipc.Server (Server.java:run(1474)) - Starting Socket Reader #5 for port 15075
2025-07-05 15:48:26,598 [Socket Reader #6 for port 15075] INFO  ipc.Server (Server.java:run(1474)) - Starting Socket Reader #6 for port 15075
2025-07-05 15:48:26,599 [Socket Reader #7 for port 15075] INFO  ipc.Server (Server.java:run(1474)) - Starting Socket Reader #7 for port 15075
2025-07-05 15:48:26,599 [Socket Reader #8 for port 15075] INFO  ipc.Server (Server.java:run(1474)) - Starting Socket Reader #8 for port 15075
2025-07-05 15:48:26,599 [Socket Reader #9 for port 15075] INFO  ipc.Server (Server.java:run(1474)) - Starting Socket Reader #9 for port 15075
2025-07-05 15:48:26,600 [Socket Reader #10 for port 15075] INFO  ipc.Server (Server.java:run(1474)) - Starting Socket Reader #10 for port 15075
2025-07-05 15:48:26,602 [main] INFO  ozone.HddsDatanodeService (HddsDatanodeService.java:start(333)) - Datanode start with admins: [admin, runner]
2025-07-05 15:48:26,602 [main] INFO  ozone.HddsDatanodeClientProtocolServer (HddsDatanodeClientProtocolServer.java:start(76)) - RPC server for Client /0.0.0.0:15075
2025-07-05 15:48:26,602 [IPC Server Responder] INFO  ipc.Server (Server.java:run(1713)) - IPC Server Responder: starting
2025-07-05 15:48:26,602 [IPC Server listener on 15075] INFO  ipc.Server (Server.java:run(1553)) - IPC Server listener on 15075: starting
2025-07-05 15:48:26,604 [main] WARN  dropwizard3.Dm3MetricRegistriesImpl (Dm3MetricRegistriesImpl.java:addReporterRegistration(114)) - New reporters are added after registries were created. Some metrics will be missing from the reporter. Please add reporter before adding any new registry.
2025-07-05 15:48:26,604 [main] WARN  dropwizard3.Dm3MetricRegistriesImpl (Dm3MetricRegistriesImpl.java:addReporterRegistration(114)) - New reporters are added after registries were created. Some metrics will be missing from the reporter. Please add reporter before adding any new registry.
2025-07-05 15:48:26,604 [main] INFO  impl.MetricsSystemImpl (MetricsSystemImpl.java:init(158)) - HddsDatanode metrics system started (again)
2025-07-05 15:48:26,606 [d8f38f7e-70e8-450f-85ae-2cee56d3f445-DatanodeStateMachineDaemonThread] INFO  statemachine.DatanodeStateMachine (DatanodeStateMachine.java:startStateMachineThread(347)) - Ozone container server started.
2025-07-05 15:48:26,610 [d8f38f7e-70e8-450f-85ae-2cee56d3f445-DatanodeStateMachineTaskThread-0] INFO  datanode.InitDatanodeState (InitDatanodeState.java:persistContainerDatanodeDetails(139)) - DatanodeDetails is persisted to /home/runner/work/ozone/ozone/hadoop-ozone/integration-test/target/test-dir/MiniOzoneClusterImpl-0a3c97a5-d59a-4532-afef-c4940c4c02aa/ozone-meta/datanode-9/meta/datanode.id
2025-07-05 15:48:26,623 [main] INFO  protocol.DatanodeDetails (DatanodeDetails.java:validateDatanodeIpAddress(199)) - Updating IP address of datanode 16b3a642-386d-4aa9-ba22-a20b8f52ec18(localhost/null) to 127.0.0.1
2025-07-05 15:48:26,623 [main] INFO  ozone.HddsDatanodeService (HddsDatanodeService.java:start(236)) - HddsDatanodeService 16b3a642-386d-4aa9-ba22-a20b8f52ec18(localhost/127.0.0.1)
2025-07-05 15:48:26,625 [main] WARN  statemachine.DatanodeConfiguration (DatanodeConfiguration.java:validateMinFreeSpace(751)) - hdds.datanode.volume.min.free.space.percent = -1.0 is invalid, should be between 0 and 1
2025-07-05 15:48:26,625 [main] INFO  upgrade.AbstractLayoutVersionManager (AbstractLayoutVersionManager.java:init(80)) - Initializing Layout version manager with metadata layout = HBASE_SUPPORT (version = 8), software layout = HBASE_SUPPORT (version = 8)
2025-07-05 15:48:26,626 [main] INFO  statemachine.DatanodeStateMachine (DatanodeStateMachine.java:getEndPointTaskThreadPoolSize(305)) - Datanode State Machine Task Thread Pool size 2
2025-07-05 15:48:26,626 [main] WARN  statemachine.DatanodeConfiguration (DatanodeConfiguration.java:validateMinFreeSpace(751)) - hdds.datanode.volume.min.free.space.percent = -1.0 is invalid, should be between 0 and 1
2025-07-05 15:48:26,626 [main] WARN  statemachine.DatanodeConfiguration (DatanodeConfiguration.java:validateMinFreeSpace(751)) - hdds.datanode.volume.min.free.space.percent = -1.0 is invalid, should be between 0 and 1
2025-07-05 15:48:26,627 [main] WARN  statemachine.DatanodeConfiguration (DatanodeConfiguration.java:validateMinFreeSpace(751)) - hdds.datanode.volume.min.free.space.percent = -1.0 is invalid, should be between 0 and 1
2025-07-05 15:48:26,627 [main] WARN  statemachine.DatanodeConfiguration (DatanodeConfiguration.java:validateMinFreeSpace(751)) - hdds.datanode.volume.min.free.space.percent = -1.0 is invalid, should be between 0 and 1
2025-07-05 15:48:26,628 [main] INFO  volume.HddsVolume (HddsVolume.java:<init>(162)) - HddsVolume: { id=DS-ae384597-207b-4cec-8fb2-4bc53c5ba282 dir=/home/runner/work/ozone/ozone/hadoop-ozone/integration-test/target/test-dir/MiniOzoneClusterImpl-0a3c97a5-d59a-4532-afef-c4940c4c02aa/ozone-meta/datanode-10/data-0/hdds type=DISK capacity=9222449699674390527 used=0 available=9222449699674390527 minFree=9222450130714624 committed=0 }
2025-07-05 15:48:26,628 [main] INFO  volume.MutableVolumeSet (MutableVolumeSet.java:initializeVolumeSet(167)) - Added Volume : /home/runner/work/ozone/ozone/hadoop-ozone/integration-test/target/test-dir/MiniOzoneClusterImpl-0a3c97a5-d59a-4532-afef-c4940c4c02aa/ozone-meta/datanode-10/data-0/hdds to VolumeSet
2025-07-05 15:48:26,629 [main] WARN  statemachine.DatanodeConfiguration (DatanodeConfiguration.java:validateMinFreeSpace(751)) - hdds.datanode.volume.min.free.space.percent = -1.0 is invalid, should be between 0 and 1
2025-07-05 15:48:26,629 [main] WARN  statemachine.DatanodeConfiguration (DatanodeConfiguration.java:validateMinFreeSpace(751)) - hdds.datanode.volume.min.free.space.percent = -1.0 is invalid, should be between 0 and 1
2025-07-05 15:48:26,630 [main] INFO  volume.MutableVolumeSet (MutableVolumeSet.java:initializeVolumeSet(167)) - Added Volume : /home/runner/work/ozone/ozone/hadoop-ozone/integration-test/target/test-dir/MiniOzoneClusterImpl-0a3c97a5-d59a-4532-afef-c4940c4c02aa/ozone-meta/datanode-10/ratis to VolumeSet
2025-07-05 15:48:26,630 [main] WARN  statemachine.DatanodeConfiguration (DatanodeConfiguration.java:validateMinFreeSpace(751)) - hdds.datanode.volume.min.free.space.percent = -1.0 is invalid, should be between 0 and 1
2025-07-05 15:48:26,630 [main] WARN  statemachine.DatanodeConfiguration (DatanodeConfiguration.java:validateMinFreeSpace(751)) - hdds.datanode.volume.min.free.space.percent = -1.0 is invalid, should be between 0 and 1
2025-07-05 15:48:26,630 [main] INFO  ozoneimpl.OzoneContainer (HddsVolumeUtil.java:loadAllHddsVolumeDbStore(102)) - Load 1 volumes DbStore cost: 0ms
2025-07-05 15:48:26,632 [092257cb-ba5a-4f8a-9b9c-d44861eaa450-EndpointStateMachineTaskThread-/0.0.0.0:15002-0 ] WARN  statemachine.DatanodeConfiguration (DatanodeConfiguration.java:validateMinFreeSpace(751)) - hdds.datanode.volume.min.free.space.percent = -1.0 is invalid, should be between 0 and 1
2025-07-05 15:48:26,633 [main] WARN  db.DBStoreBuilder (DBStoreBuilder.java:getDBDirPath(158)) - ozone.scm.datanode.id.dir is not configured. We recommend adding this setting. Falling back to ozone.metadata.dirs instead.
2025-07-05 15:48:26,634 [main] WARN  statemachine.DatanodeConfiguration (DatanodeConfiguration.java:validateMinFreeSpace(751)) - hdds.datanode.volume.min.free.space.percent = -1.0 is invalid, should be between 0 and 1
2025-07-05 15:48:26,634 [092257cb-ba5a-4f8a-9b9c-d44861eaa450-EndpointStateMachineTaskThread-/0.0.0.0:15002-0 ] WARN  statemachine.DatanodeConfiguration (DatanodeConfiguration.java:validateMinFreeSpace(751)) - hdds.datanode.volume.min.free.space.percent = -1.0 is invalid, should be between 0 and 1
2025-07-05 15:48:26,634 [092257cb-ba5a-4f8a-9b9c-d44861eaa450-EndpointStateMachineTaskThread-/0.0.0.0:15002-0 ] WARN  statemachine.DatanodeConfiguration (DatanodeConfiguration.java:validateMinFreeSpace(751)) - hdds.datanode.volume.min.free.space.percent = -1.0 is invalid, should be between 0 and 1
2025-07-05 15:48:26,634 [main] WARN  db.DBStoreBuilder (DBStoreBuilder.java:getDBDirPath(158)) - ozone.scm.datanode.id.dir is not configured. We recommend adding this setting. Falling back to ozone.metadata.dirs instead.
2025-07-05 15:48:26,635 [EventQueue-PipelineReportForOneReplicaPipelineSafeModeRule] INFO  safemode.SCMSafeModeManager (SCMSafeModeManager.java:validateSafeModeExitRules(138)) - AtleastOneDatanodeReportedRule rule is successfully validated
2025-07-05 15:48:26,657 [main] WARN  statemachine.DatanodeConfiguration (DatanodeConfiguration.java:validateMinFreeSpace(751)) - hdds.datanode.volume.min.free.space.percent = -1.0 is invalid, should be between 0 and 1
2025-07-05 15:48:26,658 [main] WARN  statemachine.DatanodeConfiguration (DatanodeConfiguration.java:validateMinFreeSpace(751)) - hdds.datanode.volume.min.free.space.percent = -1.0 is invalid, should be between 0 and 1
2025-07-05 15:48:26,659 [main] INFO  impl.FilePerChunkStrategy (FilePerChunkStrategy.java:<init>(79)) - ozone.chunk.read.mapped.buffer.max.count is load with 0
2025-07-05 15:48:26,660 [main] INFO  impl.FilePerBlockStrategy (FilePerBlockStrategy.java:<init>(88)) - ozone.chunk.read.mapped.buffer.max.count is load with 0
2025-07-05 15:48:26,660 [main] WARN  statemachine.DatanodeConfiguration (DatanodeConfiguration.java:validateMinFreeSpace(751)) - hdds.datanode.volume.min.free.space.percent = -1.0 is invalid, should be between 0 and 1
2025-07-05 15:48:26,661 [main] INFO  server.RaftServerConfigKeys (ConfUtils.java:logGet(62)) - raft.server.log.appender.buffer.byte-limit = 33554432 (custom)
2025-07-05 15:48:26,663 [main] INFO  grpc.GrpcConfigKeys (ConfUtils.java:logFallback(69)) - raft.grpc.admin.host = null (fallback to raft.grpc.server.host)
2025-07-05 15:48:26,663 [main] INFO  grpc.GrpcConfigKeys (ConfUtils.java:logGet(62)) - raft.grpc.admin.port = 15086 (custom)
2025-07-05 15:48:26,663 [main] INFO  grpc.GrpcConfigKeys (ConfUtils.java:logFallback(69)) - raft.grpc.client.host = null (fallback to raft.grpc.server.host)
2025-07-05 15:48:26,663 [main] INFO  grpc.GrpcConfigKeys (ConfUtils.java:logGet(62)) - raft.grpc.client.port = 15085 (custom)
2025-07-05 15:48:26,664 [main] INFO  grpc.GrpcConfigKeys (ConfUtils.java:logGet(62)) - raft.grpc.server.port = 15087 (custom)
2025-07-05 15:48:26,664 [main] INFO  server.GrpcServicesImpl (ConfUtils.java:logGet(62)) - raft.grpc.message.size.max = 34603008 (custom)
2025-07-05 15:48:26,664 [main] INFO  server.GrpcServicesImpl (ConfUtils.java:logGet(62)) - raft.grpc.flow.control.window = 5MB (=5242880) (custom)
2025-07-05 15:48:26,664 [main] INFO  server.RaftServerConfigKeys (ConfUtils.java:logGet(62)) - raft.server.log.appender.buffer.byte-limit = 33554432 (custom)
2025-07-05 15:48:26,666 [main] INFO  netty.NettyUtils (NettyUtils.java:newEventLoopGroup(74)) - Create EpollEventLoopGroup for 16b3a642-386d-4aa9-ba22-a20b8f52ec18-NettyServerStreamRpc-bossGroup; Thread size is 0.
2025-07-05 15:48:26,667 [main] INFO  netty.NettyUtils (NettyUtils.java:newEventLoopGroup(74)) - Create EpollEventLoopGroup for 16b3a642-386d-4aa9-ba22-a20b8f52ec18-NettyServerStreamRpc-workerGroup; Thread size is 0.
2025-07-05 15:48:26,668 [main] INFO  netty.NettyConfigKeys$DataStream (ConfUtils.java:logGet(62)) - raft.netty.dataStream.port = 15088 (custom)
2025-07-05 15:48:26,669 [main] INFO  server.RaftServerConfigKeys (ConfUtils.java:logGet(62)) - raft.server.storage.dir = [/home/runner/work/ozone/ozone/hadoop-ozone/integration-test/target/test-dir/MiniOzoneClusterImpl-0a3c97a5-d59a-4532-afef-c4940c4c02aa/ozone-meta/datanode-10/ratis] (custom)
2025-07-05 15:48:26,669 [16b3a642-386d-4aa9-ba22-a20b8f52ec18-NettyServerStreamRpc-bossGroup--thread1] INFO  logging.LoggingHandler (AbstractInternalLogger.java:log(148)) - [id: 0x27b3c2d7] REGISTERED
2025-07-05 15:48:26,669 [16b3a642-386d-4aa9-ba22-a20b8f52ec18-NettyServerStreamRpc-bossGroup--thread1] INFO  logging.LoggingHandler (AbstractInternalLogger.java:log(148)) - [id: 0x27b3c2d7] BIND: 0.0.0.0/0.0.0.0:15088
2025-07-05 15:48:26,669 [16b3a642-386d-4aa9-ba22-a20b8f52ec18-NettyServerStreamRpc-bossGroup--thread1] INFO  logging.LoggingHandler (AbstractInternalLogger.java:log(148)) - [id: 0x27b3c2d7, L:/0.0.0.0:15088] ACTIVE
2025-07-05 15:48:26,670 [16b3a642-386d-4aa9-ba22-a20b8f52ec18-impl-thread1] INFO  server.RaftServer (RaftServerProxy.java:initGroupDir(270)) - 16b3a642-386d-4aa9-ba22-a20b8f52ec18: found a subdirectory /home/runner/work/ozone/ozone/hadoop-ozone/integration-test/target/test-dir/MiniOzoneClusterImpl-0a3c97a5-d59a-4532-afef-c4940c4c02aa/ozone-meta/datanode-10/ratis/tmp
2025-07-05 15:48:26,670 [16b3a642-386d-4aa9-ba22-a20b8f52ec18-impl-thread1] INFO  server.RaftServer (RaftServerProxy.java:initGroupDir(275)) - 16b3a642-386d-4aa9-ba22-a20b8f52ec18: The directory /home/runner/work/ozone/ozone/hadoop-ozone/integration-test/target/test-dir/MiniOzoneClusterImpl-0a3c97a5-d59a-4532-afef-c4940c4c02aa/ozone-meta/datanode-10/ratis/tmp is not a group directory; ignoring it. 
2025-07-05 15:48:26,670 [main] INFO  replication.ReplicationServer (ReplicationServer.java:<init>(84)) - Initializing replication server with thread count = 10 queue length = 4096
2025-07-05 15:48:26,671 [main] WARN  statemachine.DatanodeConfiguration (DatanodeConfiguration.java:validateMinFreeSpace(751)) - hdds.datanode.volume.min.free.space.percent = -1.0 is invalid, should be between 0 and 1
2025-07-05 15:48:26,671 [main] INFO  server.XceiverServerGrpc (XceiverServerGrpc.java:<init>(130)) - GrpcServer channel type EpollServerSocketChannel
2025-07-05 15:48:26,672 [main] WARN  statemachine.DatanodeConfiguration (DatanodeConfiguration.java:validateMinFreeSpace(751)) - hdds.datanode.volume.min.free.space.percent = -1.0 is invalid, should be between 0 and 1
2025-07-05 15:48:26,672 [main] INFO  replication.ReplicationSupervisor (ReplicationSupervisor.java:build(169)) - Initializing replication supervisor with thread count = 10
2025-07-05 15:48:26,672 [main] INFO  replication.ReplicationSupervisor (ReplicationSupervisor.java:nodeStateUpdated(358)) - Node state updated to IN_SERVICE, scaling executor pool size to 10
2025-07-05 15:48:26,673 [main] WARN  statemachine.DatanodeConfiguration (DatanodeConfiguration.java:validateMinFreeSpace(751)) - hdds.datanode.volume.min.free.space.percent = -1.0 is invalid, should be between 0 and 1
2025-07-05 15:48:26,675 [main] INFO  http.BaseHttpServer (BaseHttpServer.java:newHttpServer2BuilderForOzone(229)) - Starting Web-server for hddsDatanode at: http://0.0.0.0:15082
2025-07-05 15:48:26,676 [main] INFO  http.BaseHttpServer (BaseHttpServer.java:<init>(107)) - Hadoop Security Enabled: false Ozone Security Enabled: false Ozone HTTP Security Enabled: false 
2025-07-05 15:48:26,677 [main] WARN  server.AuthenticationFilter (AuthenticationFilter.java:constructSecretProvider(240)) - Unable to initialize FileSignerSecretProvider, falling back to use random secrets. Reason: Could not read signature secret file: /home/runner/hadoop-http-auth-signature-secret
2025-07-05 15:48:26,680 [main] INFO  http.HttpServer2 (HttpServer2.java:addGlobalFilter(1042)) - Added global filter 'safety' (class=org.apache.hadoop.hdds.server.http.HttpServer2$QuotingInputFilter)
2025-07-05 15:48:26,681 [092257cb-ba5a-4f8a-9b9c-d44861eaa450-EndpointStateMachineTaskThread-/0.0.0.0:15002-0 ] INFO  utils.DatanodeStoreCache (DatanodeStoreCache.java:addDB(70)) - Added db /home/runner/work/ozone/ozone/hadoop-ozone/integration-test/target/test-dir/MiniOzoneClusterImpl-0a3c97a5-d59a-4532-afef-c4940c4c02aa/ozone-meta/datanode-7/data-0/hdds/0a3c97a5-d59a-4532-afef-c4940c4c02aa/DS-c64290b0-f449-4a9a-a988-646934f4ee8b/container.db to cache
2025-07-05 15:48:26,681 [092257cb-ba5a-4f8a-9b9c-d44861eaa450-EndpointStateMachineTaskThread-/0.0.0.0:15002-0 ] INFO  volume.HddsVolume (HddsVolume.java:createDbStore(575)) - SchemaV3 db is created and loaded at /home/runner/work/ozone/ozone/hadoop-ozone/integration-test/target/test-dir/MiniOzoneClusterImpl-0a3c97a5-d59a-4532-afef-c4940c4c02aa/ozone-meta/datanode-7/data-0/hdds/0a3c97a5-d59a-4532-afef-c4940c4c02aa/DS-c64290b0-f449-4a9a-a988-646934f4ee8b/container.db for volume DS-c64290b0-f449-4a9a-a988-646934f4ee8b
2025-07-05 15:48:26,681 [main] INFO  http.HttpServer2 (HttpServer2.java:addFilter(1018)) - Added filter static_user_filter (class=org.apache.hadoop.http.lib.StaticUserWebFilter$StaticUserFilter) to context hddsDatanode
2025-07-05 15:48:26,681 [main] INFO  http.HttpServer2 (HttpServer2.java:addFilter(1026)) - Added filter static_user_filter (class=org.apache.hadoop.http.lib.StaticUserWebFilter$StaticUserFilter) to context logs
2025-07-05 15:48:26,681 [main] INFO  http.HttpServer2 (HttpServer2.java:addFilter(1026)) - Added filter static_user_filter (class=org.apache.hadoop.http.lib.StaticUserWebFilter$StaticUserFilter) to context static
2025-07-05 15:48:26,681 [092257cb-ba5a-4f8a-9b9c-d44861eaa450-EndpointStateMachineTaskThread-/0.0.0.0:15002-0 ] WARN  statemachine.DatanodeConfiguration (DatanodeConfiguration.java:validateMinFreeSpace(751)) - hdds.datanode.volume.min.free.space.percent = -1.0 is invalid, should be between 0 and 1
2025-07-05 15:48:26,682 [main] INFO  http.BaseHttpServer (BaseHttpServer.java:<init>(195)) - HTTP server of hddsDatanode uses base directory /home/runner/work/ozone/ozone/hadoop-ozone/integration-test/target/test-dir/MiniOzoneClusterImpl-0a3c97a5-d59a-4532-afef-c4940c4c02aa/ozone-meta/datanode-10/meta/webserver
2025-07-05 15:48:26,682 [main] INFO  http.HttpServer2 (HttpServer2.java:bindListener(1242)) - Jetty bound to port 15082
2025-07-05 15:48:26,682 [main] INFO  server.Server (Server.java:doStart(375)) - jetty-9.4.57.v20241219; built: 2025-01-08T21:24:30.412Z; git: df524e6b29271c2e09ba9aea83c18dc9db464a31; jvm 21.0.7+6-LTS
2025-07-05 15:48:26,684 [main] INFO  server.session (DefaultSessionIdManager.java:doStart(334)) - DefaultSessionIdManager workerName=node0
2025-07-05 15:48:26,684 [main] INFO  server.session (DefaultSessionIdManager.java:doStart(339)) - No SessionScavenger set, using defaults
2025-07-05 15:48:26,684 [main] INFO  server.session (HouseKeeper.java:startScavenging(132)) - node0 Scavenging every 660000ms
2025-07-05 15:48:26,685 [092257cb-ba5a-4f8a-9b9c-d44861eaa450-ContainerReader-0] INFO  ozoneimpl.ContainerReader (ContainerReader.java:readVolume(144)) - Start to verify containers on volume /home/runner/work/ozone/ozone/hadoop-ozone/integration-test/target/test-dir/MiniOzoneClusterImpl-0a3c97a5-d59a-4532-afef-c4940c4c02aa/ozone-meta/datanode-7/data-0/hdds
2025-07-05 15:48:26,685 [main] INFO  handler.ContextHandler (ContextHandler.java:doStart(921)) - Started o.e.j.s.ServletContextHandler@4c4850be{logs,/logs,file:///home/runner/work/ozone/ozone/hadoop-ozone/integration-test/target/log,AVAILABLE}
2025-07-05 15:48:26,685 [092257cb-ba5a-4f8a-9b9c-d44861eaa450-ContainerReader-0] INFO  ozoneimpl.ContainerReader (ContainerReader.java:readVolume(174)) - Finish verifying containers on volume /home/runner/work/ozone/ozone/hadoop-ozone/integration-test/target/test-dir/MiniOzoneClusterImpl-0a3c97a5-d59a-4532-afef-c4940c4c02aa/ozone-meta/datanode-7/data-0/hdds
2025-07-05 15:48:26,685 [main] INFO  handler.ContextHandler (ContextHandler.java:doStart(921)) - Started o.e.j.s.ServletContextHandler@7744f9fa{static,/static,jar:file:/home/runner/work/ozone/ozone/hadoop-hdds/container-service/target/hdds-container-service-2.1.0-SNAPSHOT.jar!/webapps/static,AVAILABLE}
2025-07-05 15:48:26,685 [092257cb-ba5a-4f8a-9b9c-d44861eaa450-EndpointStateMachineTaskThread-/0.0.0.0:15002-0 ] INFO  ozoneimpl.OzoneContainer (OzoneContainer.java:buildContainerSet(370)) - Build ContainerSet costs 0s
2025-07-05 15:48:26,686 [092257cb-ba5a-4f8a-9b9c-d44861eaa450-EndpointStateMachineTaskThread-/0.0.0.0:15002-0 ] INFO  volume.ThrottledAsyncChecker (ThrottledAsyncChecker.java:schedule(138)) - Scheduling a check for /home/runner/work/ozone/ozone/hadoop-ozone/integration-test/target/test-dir/MiniOzoneClusterImpl-0a3c97a5-d59a-4532-afef-c4940c4c02aa/ozone-meta/datanode-7/data-0/hdds
2025-07-05 15:48:26,686 [092257cb-ba5a-4f8a-9b9c-d44861eaa450-EndpointStateMachineTaskThread-/0.0.0.0:15002-0 ] INFO  volume.StorageVolumeChecker (StorageVolumeChecker.java:checkAllVolumes(215)) - Scheduled health check for volume /home/runner/work/ozone/ozone/hadoop-ozone/integration-test/target/test-dir/MiniOzoneClusterImpl-0a3c97a5-d59a-4532-afef-c4940c4c02aa/ozone-meta/datanode-7/data-0/hdds
2025-07-05 15:48:26,691 [092257cb-ba5a-4f8a-9b9c-d44861eaa450-EndpointStateMachineTaskThread-/0.0.0.0:15002-0 ] INFO  volume.ThrottledAsyncChecker (ThrottledAsyncChecker.java:schedule(138)) - Scheduling a check for /home/runner/work/ozone/ozone/hadoop-ozone/integration-test/target/test-dir/MiniOzoneClusterImpl-0a3c97a5-d59a-4532-afef-c4940c4c02aa/ozone-meta/datanode-7/ratis
2025-07-05 15:48:26,691 [092257cb-ba5a-4f8a-9b9c-d44861eaa450-EndpointStateMachineTaskThread-/0.0.0.0:15002-0 ] INFO  volume.StorageVolumeChecker (StorageVolumeChecker.java:checkAllVolumes(215)) - Scheduled health check for volume /home/runner/work/ozone/ozone/hadoop-ozone/integration-test/target/test-dir/MiniOzoneClusterImpl-0a3c97a5-d59a-4532-afef-c4940c4c02aa/ozone-meta/datanode-7/ratis
2025-07-05 15:48:26,692 [092257cb-ba5a-4f8a-9b9c-d44861eaa450-EndpointStateMachineTaskThread-/0.0.0.0:15002-0 ] INFO  ozoneimpl.OzoneContainer (OzoneContainer.java:start(520)) - Attempting to start container services.
2025-07-05 15:48:26,693 [ContainerMetadataScanner] INFO  ozoneimpl.AbstractBackgroundContainerScanner (AbstractBackgroundContainerScanner.java:runIteration(89)) - Completed an iteration in 0 minutes. Number of iterations (since the data-node restart) : 1, Number of containers scanned in this iteration : 0, Number of unhealthy containers found in this iteration : 0
2025-07-05 15:48:26,693 [ContainerDataScanner(/home/runner/work/ozone/ozone/hadoop-ozone/integration-test/target/test-dir/MiniOzoneClusterImpl-0a3c97a5-d59a-4532-afef-c4940c4c02aa/ozone-meta/datanode-7/data-0/hdds)] INFO  ozoneimpl.AbstractBackgroundContainerScanner (AbstractBackgroundContainerScanner.java:runIteration(89)) - Completed an iteration in 0 minutes. Number of iterations (since the data-node restart) : 1, Number of containers scanned in this iteration : 0, Number of unhealthy containers found in this iteration : 0
2025-07-05 15:48:26,694 [092257cb-ba5a-4f8a-9b9c-d44861eaa450-EndpointStateMachineTaskThread-/0.0.0.0:15002-0 ] INFO  replication.ReplicationServer (ReplicationServer.java:start(137)) - ReplicationServer is started using port 15065
2025-07-05 15:48:26,694 [092257cb-ba5a-4f8a-9b9c-d44861eaa450-EndpointStateMachineTaskThread-/0.0.0.0:15002-0 ] INFO  ratis.XceiverServerRatis (XceiverServerRatis.java:start(559)) - Starting XceiverServerRatis(092257cb-ba5a-4f8a-9b9c-d44861eaa450)
2025-07-05 15:48:26,695 [092257cb-ba5a-4f8a-9b9c-d44861eaa450-EndpointStateMachineTaskThread-/0.0.0.0:15002-0 ] INFO  server.RaftServer (RaftServerProxy.java:startImpl(412)) - 092257cb-ba5a-4f8a-9b9c-d44861eaa450: start RPC server
2025-07-05 15:48:26,696 [092257cb-ba5a-4f8a-9b9c-d44861eaa450-EndpointStateMachineTaskThread-/0.0.0.0:15002-0 ] INFO  server.GrpcServicesImpl (GrpcServicesImpl.java:startImpl(346)) - 092257cb-ba5a-4f8a-9b9c-d44861eaa450: GrpcServicesImpl started, listening on 15061
2025-07-05 15:48:26,697 [092257cb-ba5a-4f8a-9b9c-d44861eaa450-EndpointStateMachineTaskThread-/0.0.0.0:15002-0 ] INFO  server.GrpcServicesImpl (GrpcServicesImpl.java:startImpl(346)) - 092257cb-ba5a-4f8a-9b9c-d44861eaa450: GrpcServicesImpl started, listening on 15063
2025-07-05 15:48:26,697 [092257cb-ba5a-4f8a-9b9c-d44861eaa450-EndpointStateMachineTaskThread-/0.0.0.0:15002-0 ] INFO  server.GrpcServicesImpl (GrpcServicesImpl.java:startImpl(346)) - 092257cb-ba5a-4f8a-9b9c-d44861eaa450: GrpcServicesImpl started, listening on 15062
2025-07-05 15:48:26,697 [JvmPauseMonitor9] INFO  util.JvmPauseMonitor (JvmPauseMonitor.java:run(146)) - JvmPauseMonitor-092257cb-ba5a-4f8a-9b9c-d44861eaa450: Started
2025-07-05 15:48:26,697 [092257cb-ba5a-4f8a-9b9c-d44861eaa450-EndpointStateMachineTaskThread-/0.0.0.0:15002-0 ] INFO  ratis.XceiverServerRatis (XceiverServerRatis.java:getRealPort(586)) - XceiverServerRatis(092257cb-ba5a-4f8a-9b9c-d44861eaa450) is started using port RATIS=15061
2025-07-05 15:48:26,698 [092257cb-ba5a-4f8a-9b9c-d44861eaa450-EndpointStateMachineTaskThread-/0.0.0.0:15002-0 ] INFO  ratis.XceiverServerRatis (XceiverServerRatis.java:getRealPort(586)) - XceiverServerRatis(092257cb-ba5a-4f8a-9b9c-d44861eaa450) is started using port RATIS_ADMIN=15062
2025-07-05 15:48:26,698 [092257cb-ba5a-4f8a-9b9c-d44861eaa450-EndpointStateMachineTaskThread-/0.0.0.0:15002-0 ] INFO  ratis.XceiverServerRatis (XceiverServerRatis.java:getRealPort(586)) - XceiverServerRatis(092257cb-ba5a-4f8a-9b9c-d44861eaa450) is started using port RATIS_SERVER=15063
2025-07-05 15:48:26,698 [092257cb-ba5a-4f8a-9b9c-d44861eaa450-EndpointStateMachineTaskThread-/0.0.0.0:15002-0 ] INFO  ratis.XceiverServerRatis (XceiverServerRatis.java:getRealPort(586)) - XceiverServerRatis(092257cb-ba5a-4f8a-9b9c-d44861eaa450) is started using port RATIS_DATASTREAM=15064
2025-07-05 15:48:26,698 [092257cb-ba5a-4f8a-9b9c-d44861eaa450-EndpointStateMachineTaskThread-/0.0.0.0:15002-0 ] INFO  utils.BackgroundService (BackgroundService.java:start(118)) - Starting service BlockDeletingService with interval 60000 milliseconds
2025-07-05 15:48:26,699 [092257cb-ba5a-4f8a-9b9c-d44861eaa450-EndpointStateMachineTaskThread-/0.0.0.0:15002-0 ] INFO  utils.BackgroundService (BackgroundService.java:start(118)) - Starting service StaleRecoveringContainerScrubbingService with interval 60000 milliseconds
2025-07-05 15:48:26,765 [EventQueue-PipelineReportForOneReplicaPipelineSafeModeRule] INFO  safemode.SCMSafeModeManager (SCMSafeModeManager.java:validateSafeModeExitRules(138)) - AtleastOneDatanodeReportedRule rule is successfully validated
2025-07-05 15:48:26,830 [main] INFO  handler.ContextHandler (ContextHandler.java:doStart(921)) - Started o.e.j.w.WebAppContext@2c9498aa{hddsDatanode,/,file:///home/runner/work/ozone/ozone/hadoop-ozone/integration-test/target/test-dir/MiniOzoneClusterImpl-0a3c97a5-d59a-4532-afef-c4940c4c02aa/ozone-meta/datanode-10/meta/webserver/jetty-0_0_0_0-15082-hdds-container-service-2_1_0-SNAPSHOT_jar-_-any-5859561180242275444/webapp/,AVAILABLE}{jar:file:/home/runner/work/ozone/ozone/hadoop-hdds/container-service/target/hdds-container-service-2.1.0-SNAPSHOT.jar!/webapps/hddsDatanode}
2025-07-05 15:48:26,831 [EventQueue-PipelineReportForOneReplicaPipelineSafeModeRule] INFO  safemode.SCMSafeModeManager (SCMSafeModeManager.java:validateSafeModeExitRules(138)) - AtleastOneDatanodeReportedRule rule is successfully validated
2025-07-05 15:48:26,831 [main] INFO  server.AbstractConnector (AbstractConnector.java:doStart(333)) - Started ServerConnector@5c6204e5{HTTP/1.1, (http/1.1)}{0.0.0.0:15082}
2025-07-05 15:48:26,831 [main] INFO  server.Server (Server.java:doStart(415)) - Started @13950ms
2025-07-05 15:48:26,831 [main] WARN  impl.MetricsSystemImpl (MetricsSystemImpl.java:register(279)) - Sink prometheus already exists!
2025-07-05 15:48:26,831 [main] INFO  http.BaseHttpServer (BaseHttpServer.java:updateConnectorAddress(359)) - HTTP server of hddsDatanode listening at http://localhost:15082
2025-07-05 15:48:26,831 [main] INFO  ipc.CallQueueManager (CallQueueManager.java:<init>(93)) - Using callQueue: class java.util.concurrent.LinkedBlockingQueue, queueCapacity: 1000, scheduler: class org.apache.hadoop.ipc.DefaultRpcScheduler, ipcBackoff: false, ipcFailOver: false.
2025-07-05 15:48:26,832 [main] INFO  ipc.Server (Server.java:<init>(1438)) - Listener at 0.0.0.0:15083
2025-07-05 15:48:26,832 [Socket Reader #1 for port 15083] INFO  ipc.Server (Server.java:run(1474)) - Starting Socket Reader #1 for port 15083
2025-07-05 15:48:26,832 [Socket Reader #2 for port 15083] INFO  ipc.Server (Server.java:run(1474)) - Starting Socket Reader #2 for port 15083
2025-07-05 15:48:26,832 [Socket Reader #3 for port 15083] INFO  ipc.Server (Server.java:run(1474)) - Starting Socket Reader #3 for port 15083
2025-07-05 15:48:26,840 [Socket Reader #4 for port 15083] INFO  ipc.Server (Server.java:run(1474)) - Starting Socket Reader #4 for port 15083
2025-07-05 15:48:26,840 [Socket Reader #5 for port 15083] INFO  ipc.Server (Server.java:run(1474)) - Starting Socket Reader #5 for port 15083
2025-07-05 15:48:26,840 [Socket Reader #6 for port 15083] INFO  ipc.Server (Server.java:run(1474)) - Starting Socket Reader #6 for port 15083
2025-07-05 15:48:26,841 [Socket Reader #7 for port 15083] INFO  ipc.Server (Server.java:run(1474)) - Starting Socket Reader #7 for port 15083
2025-07-05 15:48:26,841 [Socket Reader #8 for port 15083] INFO  ipc.Server (Server.java:run(1474)) - Starting Socket Reader #8 for port 15083
2025-07-05 15:48:26,841 [Socket Reader #9 for port 15083] INFO  ipc.Server (Server.java:run(1474)) - Starting Socket Reader #9 for port 15083
2025-07-05 15:48:26,841 [Socket Reader #10 for port 15083] INFO  ipc.Server (Server.java:run(1474)) - Starting Socket Reader #10 for port 15083
2025-07-05 15:48:26,843 [main] INFO  ozone.HddsDatanodeService (HddsDatanodeService.java:start(333)) - Datanode start with admins: [admin, runner]
2025-07-05 15:48:26,843 [main] INFO  ozone.HddsDatanodeClientProtocolServer (HddsDatanodeClientProtocolServer.java:start(76)) - RPC server for Client /0.0.0.0:15083
2025-07-05 15:48:26,844 [IPC Server Responder] INFO  ipc.Server (Server.java:run(1713)) - IPC Server Responder: starting
2025-07-05 15:48:26,844 [IPC Server listener on 15083] INFO  ipc.Server (Server.java:run(1553)) - IPC Server listener on 15083: starting
2025-07-05 15:48:26,849 [16b3a642-386d-4aa9-ba22-a20b8f52ec18-DatanodeStateMachineDaemonThread] INFO  statemachine.DatanodeStateMachine (DatanodeStateMachine.java:startStateMachineThread(347)) - Ozone container server started.
2025-07-05 15:48:26,850 [main] INFO  ozone.MiniOzoneClusterImpl (MiniOzoneClusterImpl.java:lambda$waitForClusterToBeReady$0(173)) - Waiting for nodes to be ready. Got 5 of 10 DN Heartbeats.
2025-07-05 15:48:26,850 [main] INFO  ozone.MiniOzoneClusterImpl (MiniOzoneClusterImpl.java:lambda$waitForClusterToBeReady$0(176)) - Waiting for cluster to exit safe mode
2025-07-05 15:48:26,850 [main] INFO  ozone.MiniOzoneClusterImpl (MiniOzoneClusterImpl.java:lambda$waitForClusterToBeReady$0(178)) - SCM became leader
2025-07-05 15:48:26,854 [16b3a642-386d-4aa9-ba22-a20b8f52ec18-DatanodeStateMachineTaskThread-0] INFO  datanode.InitDatanodeState (InitDatanodeState.java:persistContainerDatanodeDetails(139)) - DatanodeDetails is persisted to /home/runner/work/ozone/ozone/hadoop-ozone/integration-test/target/test-dir/MiniOzoneClusterImpl-0a3c97a5-d59a-4532-afef-c4940c4c02aa/ozone-meta/datanode-10/meta/datanode.id
2025-07-05 15:48:26,857 [IPC Server handler 23 on default port 15002] INFO  net.NetworkTopologyImpl (NetworkTopologyImpl.java:add(133)) - Added a new node: /default-rack/d3a92f5c-9e4a-48c5-9a32-2f34a6e85eb8
2025-07-05 15:48:26,857 [IPC Server handler 23 on default port 15002] INFO  node.SCMNodeManager (SCMNodeManager.java:register(423)) - Registered datanode: d3a92f5c-9e4a-48c5-9a32-2f34a6e85eb8{ip: 127.0.0.1, host: localhost, ports: [HTTP=15050, CLIENT_RPC=15051, REPLICATION=15057, RATIS=15053, RATIS_ADMIN=15054, RATIS_SERVER=15055, RATIS_DATASTREAM=15056, STANDALONE=15052], networkLocation: /default-rack, certSerialId: null, persistedOpState: null, persistedOpStateExpiryEpochSec: 0}
2025-07-05 15:48:26,858 [EventQueue-NewNodeForNewNodeHandler] INFO  pipeline.BackgroundPipelineCreator (BackgroundPipelineCreator.java:notifyEventTriggered(290)) - trigger a one-shot run on RatisPipelineUtilsThread.
2025-07-05 15:48:26,858 [EventQueue-ContainerRegistrationReportForRatisContainerSafeModeRule] INFO  safemode.SCMSafeModeManager (SCMSafeModeManager.java:validateSafeModeExitRules(138)) - RatisContainerSafeModeRule rule is successfully validated
2025-07-05 15:48:26,858 [EventQueue-ContainerRegistrationReportForECContainerSafeModeRule] INFO  safemode.SCMSafeModeManager (SCMSafeModeManager.java:validateSafeModeExitRules(138)) - ECContainerSafeModeRule rule is successfully validated
2025-07-05 15:48:26,858 [EventQueue-NodeRegistrationContainerReportForDataNodeSafeModeRule] INFO  safemode.SCMSafeModeManager (SCMSafeModeManager.java:validateSafeModeExitRules(138)) - DataNodeSafeModeRule rule is successfully validated
2025-07-05 15:48:26,858 [EventQueue-PipelineReportForOneReplicaPipelineSafeModeRule] INFO  safemode.SCMSafeModeManager (SCMSafeModeManager.java:validateSafeModeExitRules(138)) - AtleastOneDatanodeReportedRule rule is successfully validated
2025-07-05 15:48:26,858 [RatisPipelineUtilsThread-0] INFO  pipeline.RatisPipelineProvider (RatisPipelineProvider.java:lambda$create$0(208)) - Sending CreatePipelineCommand for pipeline:Pipeline-de64ca08-d312-44aa-bf28-dc1cd66f29b9 to datanode:d3a92f5c-9e4a-48c5-9a32-2f34a6e85eb8(localhost/127.0.0.1)
2025-07-05 15:48:26,861 [67766547-47ec-4cca-936b-6c95be71f3ba@group-C4940C4C02AA-StateMachineUpdater] INFO  safemode.SCMSafeModeManager (SCMSafeModeManager.java:validateSafeModeExitRules(138)) - DataNodeSafeModeRule rule is successfully validated
2025-07-05 15:48:26,861 [67766547-47ec-4cca-936b-6c95be71f3ba@group-C4940C4C02AA-StateMachineUpdater] INFO  safemode.SCMSafeModeManager (SCMSafeModeManager.java:validateSafeModeExitRules(138)) - RatisContainerSafeModeRule rule is successfully validated
2025-07-05 15:48:26,861 [67766547-47ec-4cca-936b-6c95be71f3ba@group-C4940C4C02AA-StateMachineUpdater] INFO  safemode.HealthyPipelineSafeModeRule (HealthyPipelineSafeModeRule.java:initializeRule(228)) - Refreshed total pipeline count is 0, healthy pipeline threshold count is 1
2025-07-05 15:48:26,861 [67766547-47ec-4cca-936b-6c95be71f3ba@group-C4940C4C02AA-StateMachineUpdater] INFO  safemode.SCMSafeModeManager (SCMSafeModeManager.java:validateSafeModeExitRules(138)) - ECContainerSafeModeRule rule is successfully validated
2025-07-05 15:48:26,861 [67766547-47ec-4cca-936b-6c95be71f3ba@group-C4940C4C02AA-StateMachineUpdater] INFO  safemode.SCMSafeModeManager (SCMSafeModeManager.java:validateSafeModeExitRules(138)) - AtleastOneDatanodeReportedRule rule is successfully validated
2025-07-05 15:48:26,862 [RatisPipelineUtilsThread-0] INFO  pipeline.BackgroundPipelineCreator (BackgroundPipelineCreator.java:createPipelines(246)) - Created new pipeline Pipeline{ Id: de64ca08-d312-44aa-bf28-dc1cd66f29b9, Nodes: [ {d3a92f5c-9e4a-48c5-9a32-2f34a6e85eb8(localhost/127.0.0.1), ReplicaIndex: 0},], ReplicationConfig: RATIS/ONE, State:ALLOCATED, leaderId:, CreationTimestamp2025-07-05T15:48:26.858564327Z[Etc/UTC]}
2025-07-05 15:48:26,863 [RatisPipelineUtilsThread-0] INFO  pipeline.RatisPipelineProvider (RatisPipelineProvider.java:lambda$create$0(208)) - Sending CreatePipelineCommand for pipeline:Pipeline-07c2a4b9-1a6d-4d20-b06e-c1d084be788e to datanode:d3a92f5c-9e4a-48c5-9a32-2f34a6e85eb8(localhost/127.0.0.1)
2025-07-05 15:48:26,863 [RatisPipelineUtilsThread-0] INFO  pipeline.RatisPipelineProvider (RatisPipelineProvider.java:lambda$create$0(208)) - Sending CreatePipelineCommand for pipeline:Pipeline-07c2a4b9-1a6d-4d20-b06e-c1d084be788e to datanode:694b616d-7f52-4b82-b07e-10398eb153c5(localhost/127.0.0.1)
2025-07-05 15:48:26,863 [RatisPipelineUtilsThread-0] INFO  pipeline.RatisPipelineProvider (RatisPipelineProvider.java:lambda$create$0(208)) - Sending CreatePipelineCommand for pipeline:Pipeline-07c2a4b9-1a6d-4d20-b06e-c1d084be788e to datanode:2e56514c-0608-4198-9fed-b4eba4d3d686(localhost/127.0.0.1)
2025-07-05 15:48:26,865 [67766547-47ec-4cca-936b-6c95be71f3ba@group-C4940C4C02AA-StateMachineUpdater] INFO  safemode.SCMSafeModeManager (SCMSafeModeManager.java:validateSafeModeExitRules(138)) - DataNodeSafeModeRule rule is successfully validated
2025-07-05 15:48:26,865 [67766547-47ec-4cca-936b-6c95be71f3ba@group-C4940C4C02AA-StateMachineUpdater] INFO  safemode.SCMSafeModeManager (SCMSafeModeManager.java:validateSafeModeExitRules(138)) - RatisContainerSafeModeRule rule is successfully validated
2025-07-05 15:48:26,865 [67766547-47ec-4cca-936b-6c95be71f3ba@group-C4940C4C02AA-StateMachineUpdater] INFO  safemode.HealthyPipelineSafeModeRule (HealthyPipelineSafeModeRule.java:initializeRule(228)) - Refreshed total pipeline count is 0, healthy pipeline threshold count is 1
2025-07-05 15:48:26,865 [67766547-47ec-4cca-936b-6c95be71f3ba@group-C4940C4C02AA-StateMachineUpdater] INFO  safemode.SCMSafeModeManager (SCMSafeModeManager.java:validateSafeModeExitRules(138)) - ECContainerSafeModeRule rule is successfully validated
2025-07-05 15:48:26,866 [67766547-47ec-4cca-936b-6c95be71f3ba@group-C4940C4C02AA-StateMachineUpdater] INFO  safemode.SCMSafeModeManager (SCMSafeModeManager.java:validateSafeModeExitRules(138)) - AtleastOneDatanodeReportedRule rule is successfully validated
2025-07-05 15:48:26,866 [RatisPipelineUtilsThread-0] INFO  pipeline.BackgroundPipelineCreator (BackgroundPipelineCreator.java:createPipelines(246)) - Created new pipeline Pipeline{ Id: 07c2a4b9-1a6d-4d20-b06e-c1d084be788e, Nodes: [ {d3a92f5c-9e4a-48c5-9a32-2f34a6e85eb8(localhost/127.0.0.1), ReplicaIndex: 0}, {694b616d-7f52-4b82-b07e-10398eb153c5(localhost/127.0.0.1), ReplicaIndex: 0}, {2e56514c-0608-4198-9fed-b4eba4d3d686(localhost/127.0.0.1), ReplicaIndex: 0},], ReplicationConfig: RATIS/THREE, State:ALLOCATED, leaderId:, CreationTimestamp2025-07-05T15:48:26.863111026Z[Etc/UTC]}
2025-07-05 15:48:26,866 [a2863246-e653-4b31-a3d0-09f3a93c429f-EndpointStateMachineTaskThread-/0.0.0.0:15002-0 ] WARN  statemachine.DatanodeConfiguration (DatanodeConfiguration.java:validateMinFreeSpace(751)) - hdds.datanode.volume.min.free.space.percent = -1.0 is invalid, should be between 0 and 1
2025-07-05 15:48:26,867 [a2863246-e653-4b31-a3d0-09f3a93c429f-EndpointStateMachineTaskThread-/0.0.0.0:15002-0 ] WARN  statemachine.DatanodeConfiguration (DatanodeConfiguration.java:validateMinFreeSpace(751)) - hdds.datanode.volume.min.free.space.percent = -1.0 is invalid, should be between 0 and 1
2025-07-05 15:48:26,867 [a2863246-e653-4b31-a3d0-09f3a93c429f-EndpointStateMachineTaskThread-/0.0.0.0:15002-0 ] WARN  statemachine.DatanodeConfiguration (DatanodeConfiguration.java:validateMinFreeSpace(751)) - hdds.datanode.volume.min.free.space.percent = -1.0 is invalid, should be between 0 and 1
2025-07-05 15:48:26,867 [RatisPipelineUtilsThread-0] INFO  pipeline.RatisPipelineProvider (RatisPipelineProvider.java:lambda$create$0(208)) - Sending CreatePipelineCommand for pipeline:Pipeline-e3a3bb0d-3136-4b0d-b430-3c69eb928671 to datanode:694b616d-7f52-4b82-b07e-10398eb153c5(localhost/127.0.0.1)
2025-07-05 15:48:26,867 [RatisPipelineUtilsThread-0] INFO  pipeline.RatisPipelineProvider (RatisPipelineProvider.java:lambda$create$0(208)) - Sending CreatePipelineCommand for pipeline:Pipeline-e3a3bb0d-3136-4b0d-b430-3c69eb928671 to datanode:d3a92f5c-9e4a-48c5-9a32-2f34a6e85eb8(localhost/127.0.0.1)
2025-07-05 15:48:26,867 [RatisPipelineUtilsThread-0] INFO  pipeline.RatisPipelineProvider (RatisPipelineProvider.java:lambda$create$0(208)) - Sending CreatePipelineCommand for pipeline:Pipeline-e3a3bb0d-3136-4b0d-b430-3c69eb928671 to datanode:2e56514c-0608-4198-9fed-b4eba4d3d686(localhost/127.0.0.1)
2025-07-05 15:48:26,872 [67766547-47ec-4cca-936b-6c95be71f3ba@group-C4940C4C02AA-StateMachineUpdater] INFO  safemode.SCMSafeModeManager (SCMSafeModeManager.java:validateSafeModeExitRules(138)) - DataNodeSafeModeRule rule is successfully validated
2025-07-05 15:48:26,872 [67766547-47ec-4cca-936b-6c95be71f3ba@group-C4940C4C02AA-StateMachineUpdater] INFO  safemode.SCMSafeModeManager (SCMSafeModeManager.java:validateSafeModeExitRules(138)) - RatisContainerSafeModeRule rule is successfully validated
2025-07-05 15:48:26,872 [67766547-47ec-4cca-936b-6c95be71f3ba@group-C4940C4C02AA-StateMachineUpdater] INFO  safemode.HealthyPipelineSafeModeRule (HealthyPipelineSafeModeRule.java:initializeRule(228)) - Refreshed total pipeline count is 0, healthy pipeline threshold count is 1
2025-07-05 15:48:26,872 [67766547-47ec-4cca-936b-6c95be71f3ba@group-C4940C4C02AA-StateMachineUpdater] INFO  safemode.SCMSafeModeManager (SCMSafeModeManager.java:validateSafeModeExitRules(138)) - ECContainerSafeModeRule rule is successfully validated
2025-07-05 15:48:26,872 [67766547-47ec-4cca-936b-6c95be71f3ba@group-C4940C4C02AA-StateMachineUpdater] INFO  safemode.SCMSafeModeManager (SCMSafeModeManager.java:validateSafeModeExitRules(138)) - AtleastOneDatanodeReportedRule rule is successfully validated
2025-07-05 15:48:26,873 [RatisPipelineUtilsThread-0] INFO  pipeline.PipelineManagerImpl (PipelineManagerImpl.java:recordMetricsForPipeline(922)) - Pipeline-e3a3bb0d-3136-4b0d-b430-3c69eb928671 and Pipeline-07c2a4b9-1a6d-4d20-b06e-c1d084be788e have exactly the same set of datanodes: [694b616d-7f52-4b82-b07e-10398eb153c5(localhost/127.0.0.1), d3a92f5c-9e4a-48c5-9a32-2f34a6e85eb8(localhost/127.0.0.1), 2e56514c-0608-4198-9fed-b4eba4d3d686(localhost/127.0.0.1)]
2025-07-05 15:48:26,873 [RatisPipelineUtilsThread-0] INFO  pipeline.BackgroundPipelineCreator (BackgroundPipelineCreator.java:createPipelines(246)) - Created new pipeline Pipeline{ Id: e3a3bb0d-3136-4b0d-b430-3c69eb928671, Nodes: [ {694b616d-7f52-4b82-b07e-10398eb153c5(localhost/127.0.0.1), ReplicaIndex: 0}, {d3a92f5c-9e4a-48c5-9a32-2f34a6e85eb8(localhost/127.0.0.1), ReplicaIndex: 0}, {2e56514c-0608-4198-9fed-b4eba4d3d686(localhost/127.0.0.1), ReplicaIndex: 0},], ReplicationConfig: RATIS/THREE, State:ALLOCATED, leaderId:, CreationTimestamp2025-07-05T15:48:26.867775681Z[Etc/UTC]}
2025-07-05 15:48:26,891 [a2863246-e653-4b31-a3d0-09f3a93c429f-EndpointStateMachineTaskThread-/0.0.0.0:15002-0 ] INFO  utils.DatanodeStoreCache (DatanodeStoreCache.java:addDB(70)) - Added db /home/runner/work/ozone/ozone/hadoop-ozone/integration-test/target/test-dir/MiniOzoneClusterImpl-0a3c97a5-d59a-4532-afef-c4940c4c02aa/ozone-meta/datanode-8/data-0/hdds/0a3c97a5-d59a-4532-afef-c4940c4c02aa/DS-97146bee-1960-4b71-bcaa-47f991705390/container.db to cache
2025-07-05 15:48:26,891 [a2863246-e653-4b31-a3d0-09f3a93c429f-EndpointStateMachineTaskThread-/0.0.0.0:15002-0 ] INFO  volume.HddsVolume (HddsVolume.java:createDbStore(575)) - SchemaV3 db is created and loaded at /home/runner/work/ozone/ozone/hadoop-ozone/integration-test/target/test-dir/MiniOzoneClusterImpl-0a3c97a5-d59a-4532-afef-c4940c4c02aa/ozone-meta/datanode-8/data-0/hdds/0a3c97a5-d59a-4532-afef-c4940c4c02aa/DS-97146bee-1960-4b71-bcaa-47f991705390/container.db for volume DS-97146bee-1960-4b71-bcaa-47f991705390
2025-07-05 15:48:26,892 [a2863246-e653-4b31-a3d0-09f3a93c429f-EndpointStateMachineTaskThread-/0.0.0.0:15002-0 ] WARN  statemachine.DatanodeConfiguration (DatanodeConfiguration.java:validateMinFreeSpace(751)) - hdds.datanode.volume.min.free.space.percent = -1.0 is invalid, should be between 0 and 1
2025-07-05 15:48:26,894 [a2863246-e653-4b31-a3d0-09f3a93c429f-ContainerReader-0] INFO  ozoneimpl.ContainerReader (ContainerReader.java:readVolume(144)) - Start to verify containers on volume /home/runner/work/ozone/ozone/hadoop-ozone/integration-test/target/test-dir/MiniOzoneClusterImpl-0a3c97a5-d59a-4532-afef-c4940c4c02aa/ozone-meta/datanode-8/data-0/hdds
2025-07-05 15:48:26,894 [a2863246-e653-4b31-a3d0-09f3a93c429f-ContainerReader-0] INFO  ozoneimpl.ContainerReader (ContainerReader.java:readVolume(174)) - Finish verifying containers on volume /home/runner/work/ozone/ozone/hadoop-ozone/integration-test/target/test-dir/MiniOzoneClusterImpl-0a3c97a5-d59a-4532-afef-c4940c4c02aa/ozone-meta/datanode-8/data-0/hdds
2025-07-05 15:48:26,894 [a2863246-e653-4b31-a3d0-09f3a93c429f-EndpointStateMachineTaskThread-/0.0.0.0:15002-0 ] INFO  ozoneimpl.OzoneContainer (OzoneContainer.java:buildContainerSet(370)) - Build ContainerSet costs 0s
2025-07-05 15:48:26,895 [a2863246-e653-4b31-a3d0-09f3a93c429f-EndpointStateMachineTaskThread-/0.0.0.0:15002-0 ] INFO  volume.ThrottledAsyncChecker (ThrottledAsyncChecker.java:schedule(138)) - Scheduling a check for /home/runner/work/ozone/ozone/hadoop-ozone/integration-test/target/test-dir/MiniOzoneClusterImpl-0a3c97a5-d59a-4532-afef-c4940c4c02aa/ozone-meta/datanode-8/data-0/hdds
2025-07-05 15:48:26,895 [a2863246-e653-4b31-a3d0-09f3a93c429f-EndpointStateMachineTaskThread-/0.0.0.0:15002-0 ] INFO  volume.StorageVolumeChecker (StorageVolumeChecker.java:checkAllVolumes(215)) - Scheduled health check for volume /home/runner/work/ozone/ozone/hadoop-ozone/integration-test/target/test-dir/MiniOzoneClusterImpl-0a3c97a5-d59a-4532-afef-c4940c4c02aa/ozone-meta/datanode-8/data-0/hdds
2025-07-05 15:48:26,897 [EventQueue-PipelineReportForOneReplicaPipelineSafeModeRule] INFO  safemode.SCMSafeModeManager (SCMSafeModeManager.java:validateSafeModeExitRules(138)) - AtleastOneDatanodeReportedRule rule is successfully validated
2025-07-05 15:48:26,899 [a2863246-e653-4b31-a3d0-09f3a93c429f-EndpointStateMachineTaskThread-/0.0.0.0:15002-0 ] INFO  volume.ThrottledAsyncChecker (ThrottledAsyncChecker.java:schedule(138)) - Scheduling a check for /home/runner/work/ozone/ozone/hadoop-ozone/integration-test/target/test-dir/MiniOzoneClusterImpl-0a3c97a5-d59a-4532-afef-c4940c4c02aa/ozone-meta/datanode-8/ratis
2025-07-05 15:48:26,899 [a2863246-e653-4b31-a3d0-09f3a93c429f-EndpointStateMachineTaskThread-/0.0.0.0:15002-0 ] INFO  volume.StorageVolumeChecker (StorageVolumeChecker.java:checkAllVolumes(215)) - Scheduled health check for volume /home/runner/work/ozone/ozone/hadoop-ozone/integration-test/target/test-dir/MiniOzoneClusterImpl-0a3c97a5-d59a-4532-afef-c4940c4c02aa/ozone-meta/datanode-8/ratis
2025-07-05 15:48:26,900 [a2863246-e653-4b31-a3d0-09f3a93c429f-EndpointStateMachineTaskThread-/0.0.0.0:15002-0 ] INFO  ozoneimpl.OzoneContainer (OzoneContainer.java:start(520)) - Attempting to start container services.
2025-07-05 15:48:26,901 [ContainerMetadataScanner] INFO  ozoneimpl.AbstractBackgroundContainerScanner (AbstractBackgroundContainerScanner.java:runIteration(89)) - Completed an iteration in 0 minutes. Number of iterations (since the data-node restart) : 1, Number of containers scanned in this iteration : 0, Number of unhealthy containers found in this iteration : 0
2025-07-05 15:48:26,901 [ContainerDataScanner(/home/runner/work/ozone/ozone/hadoop-ozone/integration-test/target/test-dir/MiniOzoneClusterImpl-0a3c97a5-d59a-4532-afef-c4940c4c02aa/ozone-meta/datanode-8/data-0/hdds)] INFO  ozoneimpl.AbstractBackgroundContainerScanner (AbstractBackgroundContainerScanner.java:runIteration(89)) - Completed an iteration in 0 minutes. Number of iterations (since the data-node restart) : 1, Number of containers scanned in this iteration : 0, Number of unhealthy containers found in this iteration : 0
2025-07-05 15:48:26,902 [a2863246-e653-4b31-a3d0-09f3a93c429f-EndpointStateMachineTaskThread-/0.0.0.0:15002-0 ] INFO  replication.ReplicationServer (ReplicationServer.java:start(137)) - ReplicationServer is started using port 15073
2025-07-05 15:48:26,902 [a2863246-e653-4b31-a3d0-09f3a93c429f-EndpointStateMachineTaskThread-/0.0.0.0:15002-0 ] INFO  ratis.XceiverServerRatis (XceiverServerRatis.java:start(559)) - Starting XceiverServerRatis(a2863246-e653-4b31-a3d0-09f3a93c429f)
2025-07-05 15:48:26,903 [a2863246-e653-4b31-a3d0-09f3a93c429f-EndpointStateMachineTaskThread-/0.0.0.0:15002-0 ] INFO  server.RaftServer (RaftServerProxy.java:startImpl(412)) - a2863246-e653-4b31-a3d0-09f3a93c429f: start RPC server
2025-07-05 15:48:26,903 [a2863246-e653-4b31-a3d0-09f3a93c429f-EndpointStateMachineTaskThread-/0.0.0.0:15002-0 ] INFO  server.GrpcServicesImpl (GrpcServicesImpl.java:startImpl(346)) - a2863246-e653-4b31-a3d0-09f3a93c429f: GrpcServicesImpl started, listening on 15069
2025-07-05 15:48:26,903 [a2863246-e653-4b31-a3d0-09f3a93c429f-EndpointStateMachineTaskThread-/0.0.0.0:15002-0 ] INFO  server.GrpcServicesImpl (GrpcServicesImpl.java:startImpl(346)) - a2863246-e653-4b31-a3d0-09f3a93c429f: GrpcServicesImpl started, listening on 15071
2025-07-05 15:48:26,904 [a2863246-e653-4b31-a3d0-09f3a93c429f-EndpointStateMachineTaskThread-/0.0.0.0:15002-0 ] INFO  server.GrpcServicesImpl (GrpcServicesImpl.java:startImpl(346)) - a2863246-e653-4b31-a3d0-09f3a93c429f: GrpcServicesImpl started, listening on 15070
2025-07-05 15:48:26,904 [a2863246-e653-4b31-a3d0-09f3a93c429f-EndpointStateMachineTaskThread-/0.0.0.0:15002-0 ] INFO  ratis.XceiverServerRatis (XceiverServerRatis.java:getRealPort(586)) - XceiverServerRatis(a2863246-e653-4b31-a3d0-09f3a93c429f) is started using port RATIS=15069
2025-07-05 15:48:26,904 [JvmPauseMonitor10] INFO  util.JvmPauseMonitor (JvmPauseMonitor.java:run(146)) - JvmPauseMonitor-a2863246-e653-4b31-a3d0-09f3a93c429f: Started
2025-07-05 15:48:26,904 [a2863246-e653-4b31-a3d0-09f3a93c429f-EndpointStateMachineTaskThread-/0.0.0.0:15002-0 ] INFO  ratis.XceiverServerRatis (XceiverServerRatis.java:getRealPort(586)) - XceiverServerRatis(a2863246-e653-4b31-a3d0-09f3a93c429f) is started using port RATIS_ADMIN=15070
2025-07-05 15:48:26,904 [a2863246-e653-4b31-a3d0-09f3a93c429f-EndpointStateMachineTaskThread-/0.0.0.0:15002-0 ] INFO  ratis.XceiverServerRatis (XceiverServerRatis.java:getRealPort(586)) - XceiverServerRatis(a2863246-e653-4b31-a3d0-09f3a93c429f) is started using port RATIS_SERVER=15071
2025-07-05 15:48:26,904 [a2863246-e653-4b31-a3d0-09f3a93c429f-EndpointStateMachineTaskThread-/0.0.0.0:15002-0 ] INFO  ratis.XceiverServerRatis (XceiverServerRatis.java:getRealPort(586)) - XceiverServerRatis(a2863246-e653-4b31-a3d0-09f3a93c429f) is started using port RATIS_DATASTREAM=15072
2025-07-05 15:48:26,905 [a2863246-e653-4b31-a3d0-09f3a93c429f-EndpointStateMachineTaskThread-/0.0.0.0:15002-0 ] INFO  utils.BackgroundService (BackgroundService.java:start(118)) - Starting service BlockDeletingService with interval 60000 milliseconds
2025-07-05 15:48:26,905 [a2863246-e653-4b31-a3d0-09f3a93c429f-EndpointStateMachineTaskThread-/0.0.0.0:15002-0 ] INFO  utils.BackgroundService (BackgroundService.java:start(118)) - Starting service StaleRecoveringContainerScrubbingService with interval 60000 milliseconds
2025-07-05 15:48:26,967 [EventQueue-PipelineReportForOneReplicaPipelineSafeModeRule] INFO  safemode.SCMSafeModeManager (SCMSafeModeManager.java:validateSafeModeExitRules(138)) - AtleastOneDatanodeReportedRule rule is successfully validated
2025-07-05 15:48:27,036 [EventQueue-PipelineReportForOneReplicaPipelineSafeModeRule] INFO  safemode.SCMSafeModeManager (SCMSafeModeManager.java:validateSafeModeExitRules(138)) - AtleastOneDatanodeReportedRule rule is successfully validated
2025-07-05 15:48:27,096 [EventQueue-PipelineReportForOneReplicaPipelineSafeModeRule] INFO  safemode.SCMSafeModeManager (SCMSafeModeManager.java:validateSafeModeExitRules(138)) - AtleastOneDatanodeReportedRule rule is successfully validated
2025-07-05 15:48:27,109 [d8f38f7e-70e8-450f-85ae-2cee56d3f445-EndpointStateMachineTaskThread-/0.0.0.0:15002-0 ] WARN  statemachine.DatanodeConfiguration (DatanodeConfiguration.java:validateMinFreeSpace(751)) - hdds.datanode.volume.min.free.space.percent = -1.0 is invalid, should be between 0 and 1
2025-07-05 15:48:27,110 [d8f38f7e-70e8-450f-85ae-2cee56d3f445-EndpointStateMachineTaskThread-/0.0.0.0:15002-0 ] WARN  statemachine.DatanodeConfiguration (DatanodeConfiguration.java:validateMinFreeSpace(751)) - hdds.datanode.volume.min.free.space.percent = -1.0 is invalid, should be between 0 and 1
2025-07-05 15:48:27,110 [d8f38f7e-70e8-450f-85ae-2cee56d3f445-EndpointStateMachineTaskThread-/0.0.0.0:15002-0 ] WARN  statemachine.DatanodeConfiguration (DatanodeConfiguration.java:validateMinFreeSpace(751)) - hdds.datanode.volume.min.free.space.percent = -1.0 is invalid, should be between 0 and 1
2025-07-05 15:48:27,124 [IPC Server handler 16 on default port 15002] INFO  net.NetworkTopologyImpl (NetworkTopologyImpl.java:add(133)) - Added a new node: /default-rack/092257cb-ba5a-4f8a-9b9c-d44861eaa450
2025-07-05 15:48:27,124 [IPC Server handler 16 on default port 15002] INFO  node.SCMNodeManager (SCMNodeManager.java:register(423)) - Registered datanode: 092257cb-ba5a-4f8a-9b9c-d44861eaa450{ip: 127.0.0.1, host: localhost, ports: [HTTP=15058, CLIENT_RPC=15059, REPLICATION=15065, RATIS=15061, RATIS_ADMIN=15062, RATIS_SERVER=15063, RATIS_DATASTREAM=15064, STANDALONE=15060], networkLocation: /default-rack, certSerialId: null, persistedOpState: null, persistedOpStateExpiryEpochSec: 0}
2025-07-05 15:48:27,125 [EventQueue-NewNodeForNewNodeHandler] INFO  pipeline.BackgroundPipelineCreator (BackgroundPipelineCreator.java:notifyEventTriggered(290)) - trigger a one-shot run on RatisPipelineUtilsThread.
2025-07-05 15:48:27,125 [EventQueue-NodeRegistrationContainerReportForDataNodeSafeModeRule] INFO  safemode.SCMSafeModeManager (SCMSafeModeManager.java:validateSafeModeExitRules(138)) - DataNodeSafeModeRule rule is successfully validated
2025-07-05 15:48:27,125 [EventQueue-ContainerRegistrationReportForECContainerSafeModeRule] INFO  safemode.SCMSafeModeManager (SCMSafeModeManager.java:validateSafeModeExitRules(138)) - ECContainerSafeModeRule rule is successfully validated
2025-07-05 15:48:27,125 [EventQueue-PipelineReportForOneReplicaPipelineSafeModeRule] INFO  safemode.SCMSafeModeManager (SCMSafeModeManager.java:validateSafeModeExitRules(138)) - AtleastOneDatanodeReportedRule rule is successfully validated
2025-07-05 15:48:27,125 [EventQueue-ContainerRegistrationReportForRatisContainerSafeModeRule] INFO  safemode.SCMSafeModeManager (SCMSafeModeManager.java:validateSafeModeExitRules(138)) - RatisContainerSafeModeRule rule is successfully validated
2025-07-05 15:48:27,126 [RatisPipelineUtilsThread-0] INFO  pipeline.RatisPipelineProvider (RatisPipelineProvider.java:lambda$create$0(208)) - Sending CreatePipelineCommand for pipeline:Pipeline-c56b8436-9c97-45e8-84ec-8b4c5ba85af3 to datanode:092257cb-ba5a-4f8a-9b9c-d44861eaa450(localhost/127.0.0.1)
2025-07-05 15:48:27,129 [67766547-47ec-4cca-936b-6c95be71f3ba@group-C4940C4C02AA-StateMachineUpdater] INFO  safemode.SCMSafeModeManager (SCMSafeModeManager.java:validateSafeModeExitRules(138)) - DataNodeSafeModeRule rule is successfully validated
2025-07-05 15:48:27,129 [67766547-47ec-4cca-936b-6c95be71f3ba@group-C4940C4C02AA-StateMachineUpdater] INFO  safemode.SCMSafeModeManager (SCMSafeModeManager.java:validateSafeModeExitRules(138)) - RatisContainerSafeModeRule rule is successfully validated
2025-07-05 15:48:27,129 [67766547-47ec-4cca-936b-6c95be71f3ba@group-C4940C4C02AA-StateMachineUpdater] INFO  safemode.HealthyPipelineSafeModeRule (HealthyPipelineSafeModeRule.java:initializeRule(228)) - Refreshed total pipeline count is 0, healthy pipeline threshold count is 1
2025-07-05 15:48:27,129 [67766547-47ec-4cca-936b-6c95be71f3ba@group-C4940C4C02AA-StateMachineUpdater] INFO  safemode.SCMSafeModeManager (SCMSafeModeManager.java:validateSafeModeExitRules(138)) - ECContainerSafeModeRule rule is successfully validated
2025-07-05 15:48:27,129 [67766547-47ec-4cca-936b-6c95be71f3ba@group-C4940C4C02AA-StateMachineUpdater] INFO  safemode.SCMSafeModeManager (SCMSafeModeManager.java:validateSafeModeExitRules(138)) - AtleastOneDatanodeReportedRule rule is successfully validated
2025-07-05 15:48:27,130 [RatisPipelineUtilsThread-0] INFO  pipeline.BackgroundPipelineCreator (BackgroundPipelineCreator.java:createPipelines(246)) - Created new pipeline Pipeline{ Id: c56b8436-9c97-45e8-84ec-8b4c5ba85af3, Nodes: [ {092257cb-ba5a-4f8a-9b9c-d44861eaa450(localhost/127.0.0.1), ReplicaIndex: 0},], ReplicationConfig: RATIS/ONE, State:ALLOCATED, leaderId:, CreationTimestamp2025-07-05T15:48:27.126390786Z[Etc/UTC]}
2025-07-05 15:48:27,140 [d8f38f7e-70e8-450f-85ae-2cee56d3f445-EndpointStateMachineTaskThread-/0.0.0.0:15002-0 ] INFO  utils.DatanodeStoreCache (DatanodeStoreCache.java:addDB(70)) - Added db /home/runner/work/ozone/ozone/hadoop-ozone/integration-test/target/test-dir/MiniOzoneClusterImpl-0a3c97a5-d59a-4532-afef-c4940c4c02aa/ozone-meta/datanode-9/data-0/hdds/0a3c97a5-d59a-4532-afef-c4940c4c02aa/DS-6318a877-94c4-4088-980a-969af943bbac/container.db to cache
2025-07-05 15:48:27,140 [d8f38f7e-70e8-450f-85ae-2cee56d3f445-EndpointStateMachineTaskThread-/0.0.0.0:15002-0 ] INFO  volume.HddsVolume (HddsVolume.java:createDbStore(575)) - SchemaV3 db is created and loaded at /home/runner/work/ozone/ozone/hadoop-ozone/integration-test/target/test-dir/MiniOzoneClusterImpl-0a3c97a5-d59a-4532-afef-c4940c4c02aa/ozone-meta/datanode-9/data-0/hdds/0a3c97a5-d59a-4532-afef-c4940c4c02aa/DS-6318a877-94c4-4088-980a-969af943bbac/container.db for volume DS-6318a877-94c4-4088-980a-969af943bbac
2025-07-05 15:48:27,141 [d8f38f7e-70e8-450f-85ae-2cee56d3f445-EndpointStateMachineTaskThread-/0.0.0.0:15002-0 ] WARN  statemachine.DatanodeConfiguration (DatanodeConfiguration.java:validateMinFreeSpace(751)) - hdds.datanode.volume.min.free.space.percent = -1.0 is invalid, should be between 0 and 1
2025-07-05 15:48:27,151 [d8f38f7e-70e8-450f-85ae-2cee56d3f445-ContainerReader-0] INFO  ozoneimpl.ContainerReader (ContainerReader.java:readVolume(144)) - Start to verify containers on volume /home/runner/work/ozone/ozone/hadoop-ozone/integration-test/target/test-dir/MiniOzoneClusterImpl-0a3c97a5-d59a-4532-afef-c4940c4c02aa/ozone-meta/datanode-9/data-0/hdds
2025-07-05 15:48:27,151 [d8f38f7e-70e8-450f-85ae-2cee56d3f445-ContainerReader-0] INFO  ozoneimpl.ContainerReader (ContainerReader.java:readVolume(174)) - Finish verifying containers on volume /home/runner/work/ozone/ozone/hadoop-ozone/integration-test/target/test-dir/MiniOzoneClusterImpl-0a3c97a5-d59a-4532-afef-c4940c4c02aa/ozone-meta/datanode-9/data-0/hdds
2025-07-05 15:48:27,151 [d8f38f7e-70e8-450f-85ae-2cee56d3f445-EndpointStateMachineTaskThread-/0.0.0.0:15002-0 ] INFO  ozoneimpl.OzoneContainer (OzoneContainer.java:buildContainerSet(370)) - Build ContainerSet costs 0s
2025-07-05 15:48:27,151 [d8f38f7e-70e8-450f-85ae-2cee56d3f445-EndpointStateMachineTaskThread-/0.0.0.0:15002-0 ] INFO  volume.ThrottledAsyncChecker (ThrottledAsyncChecker.java:schedule(138)) - Scheduling a check for /home/runner/work/ozone/ozone/hadoop-ozone/integration-test/target/test-dir/MiniOzoneClusterImpl-0a3c97a5-d59a-4532-afef-c4940c4c02aa/ozone-meta/datanode-9/data-0/hdds
2025-07-05 15:48:27,152 [d8f38f7e-70e8-450f-85ae-2cee56d3f445-EndpointStateMachineTaskThread-/0.0.0.0:15002-0 ] INFO  volume.StorageVolumeChecker (StorageVolumeChecker.java:checkAllVolumes(215)) - Scheduled health check for volume /home/runner/work/ozone/ozone/hadoop-ozone/integration-test/target/test-dir/MiniOzoneClusterImpl-0a3c97a5-d59a-4532-afef-c4940c4c02aa/ozone-meta/datanode-9/data-0/hdds
2025-07-05 15:48:27,156 [d8f38f7e-70e8-450f-85ae-2cee56d3f445-EndpointStateMachineTaskThread-/0.0.0.0:15002-0 ] INFO  volume.ThrottledAsyncChecker (ThrottledAsyncChecker.java:schedule(138)) - Scheduling a check for /home/runner/work/ozone/ozone/hadoop-ozone/integration-test/target/test-dir/MiniOzoneClusterImpl-0a3c97a5-d59a-4532-afef-c4940c4c02aa/ozone-meta/datanode-9/ratis
2025-07-05 15:48:27,156 [d8f38f7e-70e8-450f-85ae-2cee56d3f445-EndpointStateMachineTaskThread-/0.0.0.0:15002-0 ] INFO  volume.StorageVolumeChecker (StorageVolumeChecker.java:checkAllVolumes(215)) - Scheduled health check for volume /home/runner/work/ozone/ozone/hadoop-ozone/integration-test/target/test-dir/MiniOzoneClusterImpl-0a3c97a5-d59a-4532-afef-c4940c4c02aa/ozone-meta/datanode-9/ratis
2025-07-05 15:48:27,158 [d8f38f7e-70e8-450f-85ae-2cee56d3f445-EndpointStateMachineTaskThread-/0.0.0.0:15002-0 ] INFO  ozoneimpl.OzoneContainer (OzoneContainer.java:start(520)) - Attempting to start container services.
2025-07-05 15:48:27,158 [ContainerMetadataScanner] INFO  ozoneimpl.AbstractBackgroundContainerScanner (AbstractBackgroundContainerScanner.java:runIteration(89)) - Completed an iteration in 0 minutes. Number of iterations (since the data-node restart) : 1, Number of containers scanned in this iteration : 0, Number of unhealthy containers found in this iteration : 0
2025-07-05 15:48:27,159 [ContainerDataScanner(/home/runner/work/ozone/ozone/hadoop-ozone/integration-test/target/test-dir/MiniOzoneClusterImpl-0a3c97a5-d59a-4532-afef-c4940c4c02aa/ozone-meta/datanode-9/data-0/hdds)] INFO  ozoneimpl.AbstractBackgroundContainerScanner (AbstractBackgroundContainerScanner.java:runIteration(89)) - Completed an iteration in 0 minutes. Number of iterations (since the data-node restart) : 1, Number of containers scanned in this iteration : 0, Number of unhealthy containers found in this iteration : 0
2025-07-05 15:48:27,160 [d8f38f7e-70e8-450f-85ae-2cee56d3f445-EndpointStateMachineTaskThread-/0.0.0.0:15002-0 ] INFO  replication.ReplicationServer (ReplicationServer.java:start(137)) - ReplicationServer is started using port 15081
2025-07-05 15:48:27,160 [d8f38f7e-70e8-450f-85ae-2cee56d3f445-EndpointStateMachineTaskThread-/0.0.0.0:15002-0 ] INFO  ratis.XceiverServerRatis (XceiverServerRatis.java:start(559)) - Starting XceiverServerRatis(d8f38f7e-70e8-450f-85ae-2cee56d3f445)
2025-07-05 15:48:27,162 [d8f38f7e-70e8-450f-85ae-2cee56d3f445-EndpointStateMachineTaskThread-/0.0.0.0:15002-0 ] INFO  server.RaftServer (RaftServerProxy.java:startImpl(412)) - d8f38f7e-70e8-450f-85ae-2cee56d3f445: start RPC server
2025-07-05 15:48:27,162 [d8f38f7e-70e8-450f-85ae-2cee56d3f445-EndpointStateMachineTaskThread-/0.0.0.0:15002-0 ] INFO  server.GrpcServicesImpl (GrpcServicesImpl.java:startImpl(346)) - d8f38f7e-70e8-450f-85ae-2cee56d3f445: GrpcServicesImpl started, listening on 15077
2025-07-05 15:48:27,163 [d8f38f7e-70e8-450f-85ae-2cee56d3f445-EndpointStateMachineTaskThread-/0.0.0.0:15002-0 ] INFO  server.GrpcServicesImpl (GrpcServicesImpl.java:startImpl(346)) - d8f38f7e-70e8-450f-85ae-2cee56d3f445: GrpcServicesImpl started, listening on 15079
2025-07-05 15:48:27,164 [d8f38f7e-70e8-450f-85ae-2cee56d3f445-EndpointStateMachineTaskThread-/0.0.0.0:15002-0 ] INFO  server.GrpcServicesImpl (GrpcServicesImpl.java:startImpl(346)) - d8f38f7e-70e8-450f-85ae-2cee56d3f445: GrpcServicesImpl started, listening on 15078
2025-07-05 15:48:27,164 [d8f38f7e-70e8-450f-85ae-2cee56d3f445-EndpointStateMachineTaskThread-/0.0.0.0:15002-0 ] INFO  ratis.XceiverServerRatis (XceiverServerRatis.java:getRealPort(586)) - XceiverServerRatis(d8f38f7e-70e8-450f-85ae-2cee56d3f445) is started using port RATIS=15077
2025-07-05 15:48:27,164 [d8f38f7e-70e8-450f-85ae-2cee56d3f445-EndpointStateMachineTaskThread-/0.0.0.0:15002-0 ] INFO  ratis.XceiverServerRatis (XceiverServerRatis.java:getRealPort(586)) - XceiverServerRatis(d8f38f7e-70e8-450f-85ae-2cee56d3f445) is started using port RATIS_ADMIN=15078
2025-07-05 15:48:27,164 [d8f38f7e-70e8-450f-85ae-2cee56d3f445-EndpointStateMachineTaskThread-/0.0.0.0:15002-0 ] INFO  ratis.XceiverServerRatis (XceiverServerRatis.java:getRealPort(586)) - XceiverServerRatis(d8f38f7e-70e8-450f-85ae-2cee56d3f445) is started using port RATIS_SERVER=15079
2025-07-05 15:48:27,164 [d8f38f7e-70e8-450f-85ae-2cee56d3f445-EndpointStateMachineTaskThread-/0.0.0.0:15002-0 ] INFO  ratis.XceiverServerRatis (XceiverServerRatis.java:getRealPort(586)) - XceiverServerRatis(d8f38f7e-70e8-450f-85ae-2cee56d3f445) is started using port RATIS_DATASTREAM=15080
2025-07-05 15:48:27,164 [JvmPauseMonitor11] INFO  util.JvmPauseMonitor (JvmPauseMonitor.java:run(146)) - JvmPauseMonitor-d8f38f7e-70e8-450f-85ae-2cee56d3f445: Started
2025-07-05 15:48:27,165 [d8f38f7e-70e8-450f-85ae-2cee56d3f445-EndpointStateMachineTaskThread-/0.0.0.0:15002-0 ] INFO  utils.BackgroundService (BackgroundService.java:start(118)) - Starting service BlockDeletingService with interval 60000 milliseconds
2025-07-05 15:48:27,165 [EventQueue-PipelineReportForOneReplicaPipelineSafeModeRule] INFO  safemode.SCMSafeModeManager (SCMSafeModeManager.java:validateSafeModeExitRules(138)) - AtleastOneDatanodeReportedRule rule is successfully validated
2025-07-05 15:48:27,165 [d8f38f7e-70e8-450f-85ae-2cee56d3f445-EndpointStateMachineTaskThread-/0.0.0.0:15002-0 ] INFO  utils.BackgroundService (BackgroundService.java:start(118)) - Starting service StaleRecoveringContainerScrubbingService with interval 60000 milliseconds
2025-07-05 15:48:27,167 [EventQueue-PipelineReportForOneReplicaPipelineSafeModeRule] INFO  safemode.SCMSafeModeManager (SCMSafeModeManager.java:validateSafeModeExitRules(138)) - AtleastOneDatanodeReportedRule rule is successfully validated
2025-07-05 15:48:27,185 [05378834-8d64-4004-85b0-7f2e6f6e22dc-PipelineCommandHandlerThread-0] INFO  server.RaftServer (RaftServerProxy.java:addNew(105)) - 05378834-8d64-4004-85b0-7f2e6f6e22dc: addNew group-9D5E8B2E0DA4:[05378834-8d64-4004-85b0-7f2e6f6e22dc|127.0.0.1:15015] returns group-9D5E8B2E0DA4:java.util.concurrent.CompletableFuture@44453aa6[Not completed]
2025-07-05 15:48:27,192 [05378834-8d64-4004-85b0-7f2e6f6e22dc-groupManagement] WARN  statemachine.DatanodeConfiguration (DatanodeConfiguration.java:validateMinFreeSpace(751)) - hdds.datanode.volume.min.free.space.percent = -1.0 is invalid, should be between 0 and 1
2025-07-05 15:48:27,192 [05378834-8d64-4004-85b0-7f2e6f6e22dc-groupManagement] INFO  server.RaftServer$Division (RaftServerImpl.java:<init>(268)) - 05378834-8d64-4004-85b0-7f2e6f6e22dc: new RaftServerImpl for group-9D5E8B2E0DA4:[05378834-8d64-4004-85b0-7f2e6f6e22dc|127.0.0.1:15015] with ContainerStateMachine:uninitialized
2025-07-05 15:48:27,192 [05378834-8d64-4004-85b0-7f2e6f6e22dc-groupManagement] INFO  server.RaftServerConfigKeys (ConfUtils.java:logGet(62)) - raft.server.rpc.timeout.min = 5s (custom)
2025-07-05 15:48:27,192 [05378834-8d64-4004-85b0-7f2e6f6e22dc-groupManagement] INFO  server.RaftServerConfigKeys (ConfUtils.java:logGet(62)) - raft.server.rpc.timeout.max = 5200ms (custom)
2025-07-05 15:48:27,192 [05378834-8d64-4004-85b0-7f2e6f6e22dc-groupManagement] INFO  server.RaftServerConfigKeys (ConfUtils.java:logGet(62)) - raft.server.rpc.slowness.timeout = 300000ms (custom)
2025-07-05 15:48:27,192 [05378834-8d64-4004-85b0-7f2e6f6e22dc-groupManagement] INFO  server.RaftServer$Division (ServerState.java:<init>(114)) - 05378834-8d64-4004-85b0-7f2e6f6e22dc@group-9D5E8B2E0DA4: ConfigurationManager, init=conf: {index: -1, cur=peers:[05378834-8d64-4004-85b0-7f2e6f6e22dc|127.0.0.1:15015]|listeners:[], old=null}, confs=<EMPTY_MAP>
2025-07-05 15:48:27,192 [05378834-8d64-4004-85b0-7f2e6f6e22dc-groupManagement] INFO  server.RaftServerConfigKeys (ConfUtils.java:logGet(62)) - raft.server.notification.no-leader.timeout = 300000ms (custom)
2025-07-05 15:48:27,192 [05378834-8d64-4004-85b0-7f2e6f6e22dc-groupManagement] INFO  server.RaftServerConfigKeys (ConfUtils.java:logGet(62)) - raft.server.retrycache.expirytime = 600000ms (custom)
2025-07-05 15:48:27,203 [05378834-8d64-4004-85b0-7f2e6f6e22dc-groupManagement] INFO  server.RaftServerConfigKeys (ConfUtils.java:logGet(62)) - raft.server.storage.dir = [/home/runner/work/ozone/ozone/hadoop-ozone/integration-test/target/test-dir/MiniOzoneClusterImpl-0a3c97a5-d59a-4532-afef-c4940c4c02aa/ozone-meta/datanode-1/ratis] (custom)
2025-07-05 15:48:27,204 [05378834-8d64-4004-85b0-7f2e6f6e22dc-groupManagement] INFO  storage.RaftStorageDirectory (RaftStorageDirectoryImpl.java:analyzeStorage(138)) - The storage directory /home/runner/work/ozone/ozone/hadoop-ozone/integration-test/target/test-dir/MiniOzoneClusterImpl-0a3c97a5-d59a-4532-afef-c4940c4c02aa/ozone-meta/datanode-1/ratis/2d4ce7f1-1d9e-4a00-b80d-9d5e8b2e0da4 does not exist. Creating ...
2025-07-05 15:48:27,205 [05378834-8d64-4004-85b0-7f2e6f6e22dc-groupManagement] INFO  storage.RaftStorageDirectory (RaftStorageDirectoryImpl.java:tryLock(229)) - Lock on /home/runner/work/ozone/ozone/hadoop-ozone/integration-test/target/test-dir/MiniOzoneClusterImpl-0a3c97a5-d59a-4532-afef-c4940c4c02aa/ozone-meta/datanode-1/ratis/2d4ce7f1-1d9e-4a00-b80d-9d5e8b2e0da4/in_use.lock acquired by nodename 44235@localhost
2025-07-05 15:48:27,206 [05378834-8d64-4004-85b0-7f2e6f6e22dc-groupManagement] INFO  storage.RaftStorage (RaftStorageImpl.java:format(98)) - Storage directory /home/runner/work/ozone/ozone/hadoop-ozone/integration-test/target/test-dir/MiniOzoneClusterImpl-0a3c97a5-d59a-4532-afef-c4940c4c02aa/ozone-meta/datanode-1/ratis/2d4ce7f1-1d9e-4a00-b80d-9d5e8b2e0da4 has been successfully formatted.
2025-07-05 15:48:27,207 [05378834-8d64-4004-85b0-7f2e6f6e22dc-groupManagement] INFO  ratis.ContainerStateMachine (ContainerStateMachine.java:initialize(339)) - 05378834-8d64-4004-85b0-7f2e6f6e22dc: initialize group-9D5E8B2E0DA4
2025-07-05 15:48:27,207 [05378834-8d64-4004-85b0-7f2e6f6e22dc-groupManagement] INFO  ratis.ContainerStateMachine (ContainerStateMachine.java:loadSnapshot(347)) - group-9D5E8B2E0DA4: The snapshot info is null. Setting the last applied index to:<INITIAL_VALUE>
2025-07-05 15:48:27,207 [05378834-8d64-4004-85b0-7f2e6f6e22dc-groupManagement] INFO  server.RaftServerConfigKeys (ConfUtils.java:logGet(62)) - raft.server.log.appender.buffer.byte-limit = 33554432 (custom)
2025-07-05 15:48:27,209 [EventQueue-PipelineReportForOneReplicaPipelineSafeModeRule] INFO  safemode.SCMSafeModeManager (SCMSafeModeManager.java:validateSafeModeExitRules(138)) - AtleastOneDatanodeReportedRule rule is successfully validated
2025-07-05 15:48:27,212 [05378834-8d64-4004-85b0-7f2e6f6e22dc-groupManagement] INFO  server.RaftServerConfigKeys (ConfUtils.java:logGet(62)) - raft.server.log.segment.size.max = 67108864 (custom)
2025-07-05 15:48:27,213 [05378834-8d64-4004-85b0-7f2e6f6e22dc-groupManagement] INFO  server.RaftServerConfigKeys (ConfUtils.java:logGet(62)) - raft.server.log.appender.buffer.byte-limit = 33554432 (custom)
2025-07-05 15:48:27,214 [05378834-8d64-4004-85b0-7f2e6f6e22dc-groupManagement] INFO  util.AwaitToRun (AwaitToRun.java:start(81)) - Thread[#1149,05378834-8d64-4004-85b0-7f2e6f6e22dc@group-9D5E8B2E0DA4-cacheEviction-AwaitToRun,5,main] started
2025-07-05 15:48:27,214 [05378834-8d64-4004-85b0-7f2e6f6e22dc-groupManagement] INFO  segmented.SegmentedRaftLogWorker (SegmentedRaftLogWorker.java:<init>(190)) - new 05378834-8d64-4004-85b0-7f2e6f6e22dc@group-9D5E8B2E0DA4-SegmentedRaftLogWorker for RaftStorageImpl:Storage Directory /home/runner/work/ozone/ozone/hadoop-ozone/integration-test/target/test-dir/MiniOzoneClusterImpl-0a3c97a5-d59a-4532-afef-c4940c4c02aa/ozone-meta/datanode-1/ratis/2d4ce7f1-1d9e-4a00-b80d-9d5e8b2e0da4
2025-07-05 15:48:27,215 [05378834-8d64-4004-85b0-7f2e6f6e22dc-groupManagement] INFO  server.RaftServerConfigKeys (ConfUtils.java:logGet(62)) - raft.server.log.queue.byte-limit = 4294967296 (custom)
2025-07-05 15:48:27,215 [05378834-8d64-4004-85b0-7f2e6f6e22dc-groupManagement] INFO  server.RaftServerConfigKeys (ConfUtils.java:logGet(62)) - raft.server.log.queue.element-limit = 1024 (custom)
2025-07-05 15:48:27,215 [05378834-8d64-4004-85b0-7f2e6f6e22dc-groupManagement] INFO  server.RaftServerConfigKeys (ConfUtils.java:logGet(62)) - raft.server.log.segment.size.max = 67108864 (custom)
2025-07-05 15:48:27,215 [05378834-8d64-4004-85b0-7f2e6f6e22dc-groupManagement] INFO  server.RaftServerConfigKeys (ConfUtils.java:logGet(62)) - raft.server.log.preallocated.size = 4194304 (custom)
2025-07-05 15:48:27,215 [05378834-8d64-4004-85b0-7f2e6f6e22dc-groupManagement] INFO  server.RaftServerConfigKeys (ConfUtils.java:logGet(62)) - raft.server.log.statemachine.data.sync.timeout.retry = 30 (custom)
2025-07-05 15:48:27,216 [05378834-8d64-4004-85b0-7f2e6f6e22dc-groupManagement] INFO  server.RaftServerConfigKeys (ConfUtils.java:logGet(62)) - raft.server.log.write.buffer.size = 33554440 (custom)
2025-07-05 15:48:27,217 [67766547-47ec-4cca-936b-6c95be71f3ba@group-C4940C4C02AA-StateMachineUpdater] INFO  safemode.SCMSafeModeManager (SCMSafeModeManager.java:validateSafeModeExitRules(138)) - DataNodeSafeModeRule rule is successfully validated
2025-07-05 15:48:27,218 [67766547-47ec-4cca-936b-6c95be71f3ba@group-C4940C4C02AA-StateMachineUpdater] INFO  safemode.SCMSafeModeManager (SCMSafeModeManager.java:validateSafeModeExitRules(138)) - RatisContainerSafeModeRule rule is successfully validated
2025-07-05 15:48:27,218 [67766547-47ec-4cca-936b-6c95be71f3ba@group-C4940C4C02AA-StateMachineUpdater] INFO  safemode.HealthyPipelineSafeModeRule (HealthyPipelineSafeModeRule.java:initializeRule(228)) - Refreshed total pipeline count is 0, healthy pipeline threshold count is 1
2025-07-05 15:48:27,218 [67766547-47ec-4cca-936b-6c95be71f3ba@group-C4940C4C02AA-StateMachineUpdater] INFO  safemode.SCMSafeModeManager (SCMSafeModeManager.java:validateSafeModeExitRules(138)) - ECContainerSafeModeRule rule is successfully validated
2025-07-05 15:48:27,218 [67766547-47ec-4cca-936b-6c95be71f3ba@group-C4940C4C02AA-StateMachineUpdater] INFO  safemode.SCMSafeModeManager (SCMSafeModeManager.java:validateSafeModeExitRules(138)) - AtleastOneDatanodeReportedRule rule is successfully validated
2025-07-05 15:48:27,219 [EventQueue-PipelineReportForPipelineReportHandler] INFO  pipeline.PipelineReportHandler (PipelineReportHandler.java:processPipelineReport(134)) - Opened pipeline Pipeline-2d4ce7f1-1d9e-4a00-b80d-9d5e8b2e0da4
2025-07-05 15:48:27,221 [05378834-8d64-4004-85b0-7f2e6f6e22dc-groupManagement] INFO  server.RaftServerConfigKeys (ConfUtils.java:logGet(62)) - raft.server.log.appender.buffer.byte-limit = 33554432 (custom)
2025-07-05 15:48:27,222 [05378834-8d64-4004-85b0-7f2e6f6e22dc-groupManagement] INFO  server.RaftServerConfigKeys (ConfUtils.java:logGet(62)) - raft.server.log.statemachine.data.caching.enabled = true (custom)
2025-07-05 15:48:27,222 [05378834-8d64-4004-85b0-7f2e6f6e22dc-groupManagement] INFO  segmented.SegmentedRaftLogWorker (SegmentedRaftLogWorker.java:lambda$new$0(141)) - 05378834-8d64-4004-85b0-7f2e6f6e22dc@group-9D5E8B2E0DA4-SegmentedRaftLogWorker: flushIndex: setUnconditionally 0 -> -1
2025-07-05 15:48:27,222 [05378834-8d64-4004-85b0-7f2e6f6e22dc-groupManagement] INFO  segmented.SegmentedRaftLogWorker (SegmentedRaftLogWorker.java:lambda$new$0(141)) - 05378834-8d64-4004-85b0-7f2e6f6e22dc@group-9D5E8B2E0DA4-SegmentedRaftLogWorker: safeCacheEvictIndex: setUnconditionally 0 -> -1
2025-07-05 15:48:27,222 [05378834-8d64-4004-85b0-7f2e6f6e22dc-groupManagement] INFO  server.RaftServer$Division (RaftServerImpl.java:start(405)) - 05378834-8d64-4004-85b0-7f2e6f6e22dc@group-9D5E8B2E0DA4: start as a follower, conf=conf: {index: -1, cur=peers:[05378834-8d64-4004-85b0-7f2e6f6e22dc|127.0.0.1:15015]|listeners:[], old=null}
2025-07-05 15:48:27,222 [05378834-8d64-4004-85b0-7f2e6f6e22dc-groupManagement] INFO  server.RaftServer$Division (RaftServerImpl.java:setRole(392)) - 05378834-8d64-4004-85b0-7f2e6f6e22dc@group-9D5E8B2E0DA4: changes role from      null to FOLLOWER at term 0 for startAsFollower
2025-07-05 15:48:27,223 [05378834-8d64-4004-85b0-7f2e6f6e22dc-groupManagement] INFO  impl.RoleInfo (RoleInfo.java:updateAndGet(148)) - 05378834-8d64-4004-85b0-7f2e6f6e22dc: start 05378834-8d64-4004-85b0-7f2e6f6e22dc@group-9D5E8B2E0DA4-FollowerState
2025-07-05 15:48:27,223 [05378834-8d64-4004-85b0-7f2e6f6e22dc-groupManagement] INFO  util.JmxRegister (JmxRegister.java:tryRegister(44)) - Successfully registered JMX Bean with object name Ratis:service=RaftServer,group=group-9D5E8B2E0DA4,id=05378834-8d64-4004-85b0-7f2e6f6e22dc
2025-07-05 15:48:27,223 [05378834-8d64-4004-85b0-7f2e6f6e22dc-groupManagement] INFO  util.JmxRegister (JmxRegister.java:register(58)) - register mxBean class org.apache.ratis.server.impl.RaftServerJmxAdapter as Ratis:service=RaftServer,group=group-9D5E8B2E0DA4,id=05378834-8d64-4004-85b0-7f2e6f6e22dc
2025-07-05 15:48:27,223 [05378834-8d64-4004-85b0-7f2e6f6e22dc-groupManagement] INFO  server.RaftServerConfigKeys (ConfUtils.java:logGet(62)) - raft.server.snapshot.auto.trigger.threshold = 1 (custom)
2025-07-05 15:48:27,223 [05378834-8d64-4004-85b0-7f2e6f6e22dc-groupManagement] INFO  server.RaftServerConfigKeys (ConfUtils.java:logGet(62)) - raft.server.snapshot.retention.file.num = 5 (custom)
2025-07-05 15:48:27,224 [05378834-8d64-4004-85b0-7f2e6f6e22dc-groupManagement] INFO  server.RaftServerConfigKeys (ConfUtils.java:logGet(62)) - raft.server.log.purge.upto.snapshot.index = false (default)
2025-07-05 15:48:27,225 [05378834-8d64-4004-85b0-7f2e6f6e22dc-groupManagement] INFO  server.RaftServer$Division (RaftServerImpl.java:start(419)) - 05378834-8d64-4004-85b0-7f2e6f6e22dc@group-9D5E8B2E0DA4: Successfully started.
2025-07-05 15:48:27,227 [05378834-8d64-4004-85b0-7f2e6f6e22dc-PipelineCommandHandlerThread-0] INFO  ratis.XceiverServerRatis (XceiverServerRatis.java:addGroup(843)) - Created group Pipeline-2d4ce7f1-1d9e-4a00-b80d-9d5e8b2e0da4
2025-07-05 15:48:27,227 [05378834-8d64-4004-85b0-7f2e6f6e22dc-PipelineCommandHandlerThread-0] INFO  commandhandler.CreatePipelineCommandHandler (CreatePipelineCommandHandler.java:lambda$handle$2(127)) - Created Pipeline RATIS ONE Pipeline-2d4ce7f1-1d9e-4a00-b80d-9d5e8b2e0da4.
2025-07-05 15:48:27,228 [05378834-8d64-4004-85b0-7f2e6f6e22dc-PipelineCommandHandlerThread-0] INFO  server.RaftServer (RaftServerProxy.java:addNew(105)) - 05378834-8d64-4004-85b0-7f2e6f6e22dc: addNew group-BEBFF4DB9F45:[a2ddbc4c-912b-4a1a-89ce-9bbeea094c2b|127.0.0.1:15023, b5b4f89f-93bb-4b69-9074-7f3b90eee2a4|127.0.0.1:15031, 05378834-8d64-4004-85b0-7f2e6f6e22dc|127.0.0.1:15015] returns group-BEBFF4DB9F45:java.util.concurrent.CompletableFuture@1296b287[Not completed]
2025-07-05 15:48:27,230 [05378834-8d64-4004-85b0-7f2e6f6e22dc-groupManagement] WARN  statemachine.DatanodeConfiguration (DatanodeConfiguration.java:validateMinFreeSpace(751)) - hdds.datanode.volume.min.free.space.percent = -1.0 is invalid, should be between 0 and 1
2025-07-05 15:48:27,230 [05378834-8d64-4004-85b0-7f2e6f6e22dc-groupManagement] INFO  server.RaftServer$Division (RaftServerImpl.java:<init>(268)) - 05378834-8d64-4004-85b0-7f2e6f6e22dc: new RaftServerImpl for group-BEBFF4DB9F45:[a2ddbc4c-912b-4a1a-89ce-9bbeea094c2b|127.0.0.1:15023, b5b4f89f-93bb-4b69-9074-7f3b90eee2a4|127.0.0.1:15031, 05378834-8d64-4004-85b0-7f2e6f6e22dc|127.0.0.1:15015] with ContainerStateMachine:uninitialized
2025-07-05 15:48:27,231 [05378834-8d64-4004-85b0-7f2e6f6e22dc-groupManagement] INFO  server.RaftServer$Division (ServerState.java:<init>(114)) - 05378834-8d64-4004-85b0-7f2e6f6e22dc@group-BEBFF4DB9F45: ConfigurationManager, init=conf: {index: -1, cur=peers:[a2ddbc4c-912b-4a1a-89ce-9bbeea094c2b|127.0.0.1:15023, b5b4f89f-93bb-4b69-9074-7f3b90eee2a4|127.0.0.1:15031, 05378834-8d64-4004-85b0-7f2e6f6e22dc|127.0.0.1:15015]|listeners:[], old=null}, confs=<EMPTY_MAP>
2025-07-05 15:48:27,231 [EventQueue-PipelineReportForOneReplicaPipelineSafeModeRule] INFO  safemode.SCMSafeModeManager (SCMSafeModeManager.java:validateSafeModeExitRules(138)) - AtleastOneDatanodeReportedRule rule is successfully validated
2025-07-05 15:48:27,237 [EventQueue-PipelineReportForOneReplicaPipelineSafeModeRule] INFO  safemode.SCMSafeModeManager (SCMSafeModeManager.java:validateSafeModeExitRules(138)) - AtleastOneDatanodeReportedRule rule is successfully validated
2025-07-05 15:48:27,240 [05378834-8d64-4004-85b0-7f2e6f6e22dc-groupManagement] INFO  storage.RaftStorageDirectory (RaftStorageDirectoryImpl.java:analyzeStorage(138)) - The storage directory /home/runner/work/ozone/ozone/hadoop-ozone/integration-test/target/test-dir/MiniOzoneClusterImpl-0a3c97a5-d59a-4532-afef-c4940c4c02aa/ozone-meta/datanode-1/ratis/dfaec798-2b57-45af-90d7-bebff4db9f45 does not exist. Creating ...
2025-07-05 15:48:27,241 [05378834-8d64-4004-85b0-7f2e6f6e22dc-groupManagement] INFO  storage.RaftStorageDirectory (RaftStorageDirectoryImpl.java:tryLock(229)) - Lock on /home/runner/work/ozone/ozone/hadoop-ozone/integration-test/target/test-dir/MiniOzoneClusterImpl-0a3c97a5-d59a-4532-afef-c4940c4c02aa/ozone-meta/datanode-1/ratis/dfaec798-2b57-45af-90d7-bebff4db9f45/in_use.lock acquired by nodename 44235@localhost
2025-07-05 15:48:27,242 [05378834-8d64-4004-85b0-7f2e6f6e22dc-groupManagement] INFO  storage.RaftStorage (RaftStorageImpl.java:format(98)) - Storage directory /home/runner/work/ozone/ozone/hadoop-ozone/integration-test/target/test-dir/MiniOzoneClusterImpl-0a3c97a5-d59a-4532-afef-c4940c4c02aa/ozone-meta/datanode-1/ratis/dfaec798-2b57-45af-90d7-bebff4db9f45 has been successfully formatted.
2025-07-05 15:48:27,242 [05378834-8d64-4004-85b0-7f2e6f6e22dc-groupManagement] INFO  ratis.ContainerStateMachine (ContainerStateMachine.java:initialize(339)) - 05378834-8d64-4004-85b0-7f2e6f6e22dc: initialize group-BEBFF4DB9F45
2025-07-05 15:48:27,242 [05378834-8d64-4004-85b0-7f2e6f6e22dc-groupManagement] INFO  ratis.ContainerStateMachine (ContainerStateMachine.java:loadSnapshot(347)) - group-BEBFF4DB9F45: The snapshot info is null. Setting the last applied index to:<INITIAL_VALUE>
2025-07-05 15:48:27,243 [05378834-8d64-4004-85b0-7f2e6f6e22dc-groupManagement] INFO  server.RaftServerConfigKeys (ConfUtils.java:logGet(62)) - raft.server.log.appender.buffer.byte-limit = 33554432 (custom)
2025-07-05 15:48:27,244 [EventQueue-PipelineReportForOneReplicaPipelineSafeModeRule] INFO  safemode.SCMSafeModeManager (SCMSafeModeManager.java:validateSafeModeExitRules(138)) - AtleastOneDatanodeReportedRule rule is successfully validated
2025-07-05 15:48:27,246 [05378834-8d64-4004-85b0-7f2e6f6e22dc-groupManagement] INFO  server.RaftServerConfigKeys (ConfUtils.java:logGet(62)) - raft.server.log.segment.size.max = 67108864 (custom)
2025-07-05 15:48:27,246 [05378834-8d64-4004-85b0-7f2e6f6e22dc-groupManagement] INFO  server.RaftServerConfigKeys (ConfUtils.java:logGet(62)) - raft.server.log.appender.buffer.byte-limit = 33554432 (custom)
2025-07-05 15:48:27,246 [05378834-8d64-4004-85b0-7f2e6f6e22dc-groupManagement] INFO  util.AwaitToRun (AwaitToRun.java:start(81)) - Thread[#1154,05378834-8d64-4004-85b0-7f2e6f6e22dc@group-BEBFF4DB9F45-cacheEviction-AwaitToRun,5,main] started
2025-07-05 15:48:27,247 [05378834-8d64-4004-85b0-7f2e6f6e22dc-groupManagement] INFO  segmented.SegmentedRaftLogWorker (SegmentedRaftLogWorker.java:<init>(190)) - new 05378834-8d64-4004-85b0-7f2e6f6e22dc@group-BEBFF4DB9F45-SegmentedRaftLogWorker for RaftStorageImpl:Storage Directory /home/runner/work/ozone/ozone/hadoop-ozone/integration-test/target/test-dir/MiniOzoneClusterImpl-0a3c97a5-d59a-4532-afef-c4940c4c02aa/ozone-meta/datanode-1/ratis/dfaec798-2b57-45af-90d7-bebff4db9f45
2025-07-05 15:48:27,247 [05378834-8d64-4004-85b0-7f2e6f6e22dc-groupManagement] INFO  server.RaftServerConfigKeys (ConfUtils.java:logGet(62)) - raft.server.log.queue.byte-limit = 4294967296 (custom)
2025-07-05 15:48:27,247 [05378834-8d64-4004-85b0-7f2e6f6e22dc-groupManagement] INFO  server.RaftServerConfigKeys (ConfUtils.java:logGet(62)) - raft.server.log.segment.size.max = 67108864 (custom)
2025-07-05 15:48:27,247 [05378834-8d64-4004-85b0-7f2e6f6e22dc-groupManagement] INFO  server.RaftServerConfigKeys (ConfUtils.java:logGet(62)) - raft.server.log.preallocated.size = 4194304 (custom)
2025-07-05 15:48:27,248 [05378834-8d64-4004-85b0-7f2e6f6e22dc-groupManagement] INFO  server.RaftServerConfigKeys (ConfUtils.java:logGet(62)) - raft.server.log.write.buffer.size = 33554440 (custom)
2025-07-05 15:48:27,252 [05378834-8d64-4004-85b0-7f2e6f6e22dc-groupManagement] INFO  server.RaftServerConfigKeys (ConfUtils.java:logGet(62)) - raft.server.log.appender.buffer.byte-limit = 33554432 (custom)
2025-07-05 15:48:27,253 [05378834-8d64-4004-85b0-7f2e6f6e22dc-groupManagement] INFO  segmented.SegmentedRaftLogWorker (SegmentedRaftLogWorker.java:lambda$new$0(141)) - 05378834-8d64-4004-85b0-7f2e6f6e22dc@group-BEBFF4DB9F45-SegmentedRaftLogWorker: flushIndex: setUnconditionally 0 -> -1
2025-07-05 15:48:27,253 [05378834-8d64-4004-85b0-7f2e6f6e22dc-groupManagement] INFO  segmented.SegmentedRaftLogWorker (SegmentedRaftLogWorker.java:lambda$new$0(141)) - 05378834-8d64-4004-85b0-7f2e6f6e22dc@group-BEBFF4DB9F45-SegmentedRaftLogWorker: safeCacheEvictIndex: setUnconditionally 0 -> -1
2025-07-05 15:48:27,253 [05378834-8d64-4004-85b0-7f2e6f6e22dc-groupManagement] INFO  server.RaftServer$Division (RaftServerImpl.java:start(405)) - 05378834-8d64-4004-85b0-7f2e6f6e22dc@group-BEBFF4DB9F45: start as a follower, conf=conf: {index: -1, cur=peers:[a2ddbc4c-912b-4a1a-89ce-9bbeea094c2b|127.0.0.1:15023, b5b4f89f-93bb-4b69-9074-7f3b90eee2a4|127.0.0.1:15031, 05378834-8d64-4004-85b0-7f2e6f6e22dc|127.0.0.1:15015]|listeners:[], old=null}
2025-07-05 15:48:27,254 [05378834-8d64-4004-85b0-7f2e6f6e22dc-groupManagement] INFO  server.RaftServer$Division (RaftServerImpl.java:setRole(392)) - 05378834-8d64-4004-85b0-7f2e6f6e22dc@group-BEBFF4DB9F45: changes role from      null to FOLLOWER at term 0 for startAsFollower
2025-07-05 15:48:27,254 [05378834-8d64-4004-85b0-7f2e6f6e22dc-groupManagement] INFO  impl.RoleInfo (RoleInfo.java:updateAndGet(148)) - 05378834-8d64-4004-85b0-7f2e6f6e22dc: start 05378834-8d64-4004-85b0-7f2e6f6e22dc@group-BEBFF4DB9F45-FollowerState
2025-07-05 15:48:27,254 [05378834-8d64-4004-85b0-7f2e6f6e22dc-groupManagement] INFO  util.JmxRegister (JmxRegister.java:tryRegister(44)) - Successfully registered JMX Bean with object name Ratis:service=RaftServer,group=group-BEBFF4DB9F45,id=05378834-8d64-4004-85b0-7f2e6f6e22dc
2025-07-05 15:48:27,254 [05378834-8d64-4004-85b0-7f2e6f6e22dc-groupManagement] INFO  util.JmxRegister (JmxRegister.java:register(58)) - register mxBean class org.apache.ratis.server.impl.RaftServerJmxAdapter as Ratis:service=RaftServer,group=group-BEBFF4DB9F45,id=05378834-8d64-4004-85b0-7f2e6f6e22dc
2025-07-05 15:48:27,255 [05378834-8d64-4004-85b0-7f2e6f6e22dc-groupManagement] INFO  server.RaftServer$Division (RaftServerImpl.java:start(419)) - 05378834-8d64-4004-85b0-7f2e6f6e22dc@group-BEBFF4DB9F45: Successfully started.
2025-07-05 15:48:27,256 [05378834-8d64-4004-85b0-7f2e6f6e22dc-PipelineCommandHandlerThread-0] INFO  ratis.XceiverServerRatis (XceiverServerRatis.java:addGroup(843)) - Created group Pipeline-dfaec798-2b57-45af-90d7-bebff4db9f45
2025-07-05 15:48:27,297 [EventQueue-PipelineReportForOneReplicaPipelineSafeModeRule] INFO  safemode.SCMSafeModeManager (SCMSafeModeManager.java:validateSafeModeExitRules(138)) - AtleastOneDatanodeReportedRule rule is successfully validated
2025-07-05 15:48:27,355 [16b3a642-386d-4aa9-ba22-a20b8f52ec18-EndpointStateMachineTaskThread-/0.0.0.0:15002-0 ] WARN  statemachine.DatanodeConfiguration (DatanodeConfiguration.java:validateMinFreeSpace(751)) - hdds.datanode.volume.min.free.space.percent = -1.0 is invalid, should be between 0 and 1
2025-07-05 15:48:27,356 [16b3a642-386d-4aa9-ba22-a20b8f52ec18-EndpointStateMachineTaskThread-/0.0.0.0:15002-0 ] WARN  statemachine.DatanodeConfiguration (DatanodeConfiguration.java:validateMinFreeSpace(751)) - hdds.datanode.volume.min.free.space.percent = -1.0 is invalid, should be between 0 and 1
2025-07-05 15:48:27,357 [16b3a642-386d-4aa9-ba22-a20b8f52ec18-EndpointStateMachineTaskThread-/0.0.0.0:15002-0 ] WARN  statemachine.DatanodeConfiguration (DatanodeConfiguration.java:validateMinFreeSpace(751)) - hdds.datanode.volume.min.free.space.percent = -1.0 is invalid, should be between 0 and 1
2025-07-05 15:48:27,363 [EventQueue-PipelineReportForOneReplicaPipelineSafeModeRule] INFO  safemode.SCMSafeModeManager (SCMSafeModeManager.java:validateSafeModeExitRules(138)) - AtleastOneDatanodeReportedRule rule is successfully validated
2025-07-05 15:48:27,366 [EventQueue-PipelineReportForOneReplicaPipelineSafeModeRule] INFO  safemode.SCMSafeModeManager (SCMSafeModeManager.java:validateSafeModeExitRules(138)) - AtleastOneDatanodeReportedRule rule is successfully validated
2025-07-05 15:48:27,369 [IPC Server handler 5 on default port 15002] INFO  net.NetworkTopologyImpl (NetworkTopologyImpl.java:add(133)) - Added a new node: /default-rack/a2863246-e653-4b31-a3d0-09f3a93c429f
2025-07-05 15:48:27,369 [IPC Server handler 5 on default port 15002] INFO  node.SCMNodeManager (SCMNodeManager.java:register(423)) - Registered datanode: a2863246-e653-4b31-a3d0-09f3a93c429f{ip: 127.0.0.1, host: localhost, ports: [HTTP=15066, CLIENT_RPC=15067, REPLICATION=15073, RATIS=15069, RATIS_ADMIN=15070, RATIS_SERVER=15071, RATIS_DATASTREAM=15072, STANDALONE=15068], networkLocation: /default-rack, certSerialId: null, persistedOpState: null, persistedOpStateExpiryEpochSec: 0}
2025-07-05 15:48:27,371 [EventQueue-ContainerRegistrationReportForECContainerSafeModeRule] INFO  safemode.SCMSafeModeManager (SCMSafeModeManager.java:validateSafeModeExitRules(138)) - ECContainerSafeModeRule rule is successfully validated
2025-07-05 15:48:27,371 [EventQueue-ContainerRegistrationReportForRatisContainerSafeModeRule] INFO  safemode.SCMSafeModeManager (SCMSafeModeManager.java:validateSafeModeExitRules(138)) - RatisContainerSafeModeRule rule is successfully validated
2025-07-05 15:48:27,372 [EventQueue-PipelineReportForOneReplicaPipelineSafeModeRule] INFO  safemode.SCMSafeModeManager (SCMSafeModeManager.java:validateSafeModeExitRules(138)) - AtleastOneDatanodeReportedRule rule is successfully validated
2025-07-05 15:48:27,372 [EventQueue-NodeRegistrationContainerReportForDataNodeSafeModeRule] INFO  safemode.SCMSafeModeManager (SCMSafeModeManager.java:validateSafeModeExitRules(138)) - DataNodeSafeModeRule rule is successfully validated
2025-07-05 15:48:27,374 [EventQueue-NewNodeForNewNodeHandler] INFO  pipeline.BackgroundPipelineCreator (BackgroundPipelineCreator.java:notifyEventTriggered(290)) - trigger a one-shot run on RatisPipelineUtilsThread.
2025-07-05 15:48:27,375 [RatisPipelineUtilsThread-0] INFO  pipeline.RatisPipelineProvider (RatisPipelineProvider.java:lambda$create$0(208)) - Sending CreatePipelineCommand for pipeline:Pipeline-f15c17ad-0dc3-4bc6-aa80-41681a35dcae to datanode:a2863246-e653-4b31-a3d0-09f3a93c429f(localhost/127.0.0.1)
2025-07-05 15:48:27,378 [67766547-47ec-4cca-936b-6c95be71f3ba@group-C4940C4C02AA-StateMachineUpdater] INFO  safemode.SCMSafeModeManager (SCMSafeModeManager.java:validateSafeModeExitRules(138)) - DataNodeSafeModeRule rule is successfully validated
2025-07-05 15:48:27,379 [67766547-47ec-4cca-936b-6c95be71f3ba@group-C4940C4C02AA-StateMachineUpdater] INFO  safemode.SCMSafeModeManager (SCMSafeModeManager.java:validateSafeModeExitRules(138)) - RatisContainerSafeModeRule rule is successfully validated
2025-07-05 15:48:27,379 [67766547-47ec-4cca-936b-6c95be71f3ba@group-C4940C4C02AA-StateMachineUpdater] INFO  safemode.HealthyPipelineSafeModeRule (HealthyPipelineSafeModeRule.java:initializeRule(228)) - Refreshed total pipeline count is 0, healthy pipeline threshold count is 1
2025-07-05 15:48:27,379 [67766547-47ec-4cca-936b-6c95be71f3ba@group-C4940C4C02AA-StateMachineUpdater] INFO  safemode.SCMSafeModeManager (SCMSafeModeManager.java:validateSafeModeExitRules(138)) - ECContainerSafeModeRule rule is successfully validated
2025-07-05 15:48:27,379 [67766547-47ec-4cca-936b-6c95be71f3ba@group-C4940C4C02AA-StateMachineUpdater] INFO  safemode.SCMSafeModeManager (SCMSafeModeManager.java:validateSafeModeExitRules(138)) - AtleastOneDatanodeReportedRule rule is successfully validated
2025-07-05 15:48:27,380 [RatisPipelineUtilsThread-0] INFO  pipeline.BackgroundPipelineCreator (BackgroundPipelineCreator.java:createPipelines(246)) - Created new pipeline Pipeline{ Id: f15c17ad-0dc3-4bc6-aa80-41681a35dcae, Nodes: [ {a2863246-e653-4b31-a3d0-09f3a93c429f(localhost/127.0.0.1), ReplicaIndex: 0},], ReplicationConfig: RATIS/ONE, State:ALLOCATED, leaderId:, CreationTimestamp2025-07-05T15:48:27.375220348Z[Etc/UTC]}
2025-07-05 15:48:27,405 [16b3a642-386d-4aa9-ba22-a20b8f52ec18-EndpointStateMachineTaskThread-/0.0.0.0:15002-0 ] INFO  utils.DatanodeStoreCache (DatanodeStoreCache.java:addDB(70)) - Added db /home/runner/work/ozone/ozone/hadoop-ozone/integration-test/target/test-dir/MiniOzoneClusterImpl-0a3c97a5-d59a-4532-afef-c4940c4c02aa/ozone-meta/datanode-10/data-0/hdds/0a3c97a5-d59a-4532-afef-c4940c4c02aa/DS-0dec334c-8582-4db9-874c-6b49606df0df/container.db to cache
2025-07-05 15:48:27,405 [16b3a642-386d-4aa9-ba22-a20b8f52ec18-EndpointStateMachineTaskThread-/0.0.0.0:15002-0 ] INFO  volume.HddsVolume (HddsVolume.java:createDbStore(575)) - SchemaV3 db is created and loaded at /home/runner/work/ozone/ozone/hadoop-ozone/integration-test/target/test-dir/MiniOzoneClusterImpl-0a3c97a5-d59a-4532-afef-c4940c4c02aa/ozone-meta/datanode-10/data-0/hdds/0a3c97a5-d59a-4532-afef-c4940c4c02aa/DS-0dec334c-8582-4db9-874c-6b49606df0df/container.db for volume DS-0dec334c-8582-4db9-874c-6b49606df0df
2025-07-05 15:48:27,405 [16b3a642-386d-4aa9-ba22-a20b8f52ec18-EndpointStateMachineTaskThread-/0.0.0.0:15002-0 ] WARN  statemachine.DatanodeConfiguration (DatanodeConfiguration.java:validateMinFreeSpace(751)) - hdds.datanode.volume.min.free.space.percent = -1.0 is invalid, should be between 0 and 1
2025-07-05 15:48:27,407 [16b3a642-386d-4aa9-ba22-a20b8f52ec18-ContainerReader-0] INFO  ozoneimpl.ContainerReader (ContainerReader.java:readVolume(144)) - Start to verify containers on volume /home/runner/work/ozone/ozone/hadoop-ozone/integration-test/target/test-dir/MiniOzoneClusterImpl-0a3c97a5-d59a-4532-afef-c4940c4c02aa/ozone-meta/datanode-10/data-0/hdds
2025-07-05 15:48:27,408 [16b3a642-386d-4aa9-ba22-a20b8f52ec18-ContainerReader-0] INFO  ozoneimpl.ContainerReader (ContainerReader.java:readVolume(174)) - Finish verifying containers on volume /home/runner/work/ozone/ozone/hadoop-ozone/integration-test/target/test-dir/MiniOzoneClusterImpl-0a3c97a5-d59a-4532-afef-c4940c4c02aa/ozone-meta/datanode-10/data-0/hdds
2025-07-05 15:48:27,408 [16b3a642-386d-4aa9-ba22-a20b8f52ec18-EndpointStateMachineTaskThread-/0.0.0.0:15002-0 ] INFO  ozoneimpl.OzoneContainer (OzoneContainer.java:buildContainerSet(370)) - Build ContainerSet costs 0s
2025-07-05 15:48:27,408 [16b3a642-386d-4aa9-ba22-a20b8f52ec18-EndpointStateMachineTaskThread-/0.0.0.0:15002-0 ] INFO  volume.ThrottledAsyncChecker (ThrottledAsyncChecker.java:schedule(138)) - Scheduling a check for /home/runner/work/ozone/ozone/hadoop-ozone/integration-test/target/test-dir/MiniOzoneClusterImpl-0a3c97a5-d59a-4532-afef-c4940c4c02aa/ozone-meta/datanode-10/data-0/hdds
2025-07-05 15:48:27,409 [16b3a642-386d-4aa9-ba22-a20b8f52ec18-EndpointStateMachineTaskThread-/0.0.0.0:15002-0 ] INFO  volume.StorageVolumeChecker (StorageVolumeChecker.java:checkAllVolumes(215)) - Scheduled health check for volume /home/runner/work/ozone/ozone/hadoop-ozone/integration-test/target/test-dir/MiniOzoneClusterImpl-0a3c97a5-d59a-4532-afef-c4940c4c02aa/ozone-meta/datanode-10/data-0/hdds
2025-07-05 15:48:27,412 [16b3a642-386d-4aa9-ba22-a20b8f52ec18-EndpointStateMachineTaskThread-/0.0.0.0:15002-0 ] INFO  volume.ThrottledAsyncChecker (ThrottledAsyncChecker.java:schedule(138)) - Scheduling a check for /home/runner/work/ozone/ozone/hadoop-ozone/integration-test/target/test-dir/MiniOzoneClusterImpl-0a3c97a5-d59a-4532-afef-c4940c4c02aa/ozone-meta/datanode-10/ratis
2025-07-05 15:48:27,412 [16b3a642-386d-4aa9-ba22-a20b8f52ec18-EndpointStateMachineTaskThread-/0.0.0.0:15002-0 ] INFO  volume.StorageVolumeChecker (StorageVolumeChecker.java:checkAllVolumes(215)) - Scheduled health check for volume /home/runner/work/ozone/ozone/hadoop-ozone/integration-test/target/test-dir/MiniOzoneClusterImpl-0a3c97a5-d59a-4532-afef-c4940c4c02aa/ozone-meta/datanode-10/ratis
2025-07-05 15:48:27,413 [16b3a642-386d-4aa9-ba22-a20b8f52ec18-EndpointStateMachineTaskThread-/0.0.0.0:15002-0 ] INFO  ozoneimpl.OzoneContainer (OzoneContainer.java:start(520)) - Attempting to start container services.
2025-07-05 15:48:27,414 [ContainerMetadataScanner] INFO  ozoneimpl.AbstractBackgroundContainerScanner (AbstractBackgroundContainerScanner.java:runIteration(89)) - Completed an iteration in 0 minutes. Number of iterations (since the data-node restart) : 1, Number of containers scanned in this iteration : 0, Number of unhealthy containers found in this iteration : 0
2025-07-05 15:48:27,414 [ContainerDataScanner(/home/runner/work/ozone/ozone/hadoop-ozone/integration-test/target/test-dir/MiniOzoneClusterImpl-0a3c97a5-d59a-4532-afef-c4940c4c02aa/ozone-meta/datanode-10/data-0/hdds)] INFO  ozoneimpl.AbstractBackgroundContainerScanner (AbstractBackgroundContainerScanner.java:runIteration(89)) - Completed an iteration in 0 minutes. Number of iterations (since the data-node restart) : 1, Number of containers scanned in this iteration : 0, Number of unhealthy containers found in this iteration : 0
2025-07-05 15:48:27,416 [16b3a642-386d-4aa9-ba22-a20b8f52ec18-EndpointStateMachineTaskThread-/0.0.0.0:15002-0 ] INFO  replication.ReplicationServer (ReplicationServer.java:start(137)) - ReplicationServer is started using port 15089
2025-07-05 15:48:27,417 [16b3a642-386d-4aa9-ba22-a20b8f52ec18-EndpointStateMachineTaskThread-/0.0.0.0:15002-0 ] INFO  ratis.XceiverServerRatis (XceiverServerRatis.java:start(559)) - Starting XceiverServerRatis(16b3a642-386d-4aa9-ba22-a20b8f52ec18)
2025-07-05 15:48:27,418 [16b3a642-386d-4aa9-ba22-a20b8f52ec18-EndpointStateMachineTaskThread-/0.0.0.0:15002-0 ] INFO  server.RaftServer (RaftServerProxy.java:startImpl(412)) - 16b3a642-386d-4aa9-ba22-a20b8f52ec18: start RPC server
2025-07-05 15:48:27,419 [16b3a642-386d-4aa9-ba22-a20b8f52ec18-EndpointStateMachineTaskThread-/0.0.0.0:15002-0 ] INFO  server.GrpcServicesImpl (GrpcServicesImpl.java:startImpl(346)) - 16b3a642-386d-4aa9-ba22-a20b8f52ec18: GrpcServicesImpl started, listening on 15085
2025-07-05 15:48:27,419 [16b3a642-386d-4aa9-ba22-a20b8f52ec18-EndpointStateMachineTaskThread-/0.0.0.0:15002-0 ] INFO  server.GrpcServicesImpl (GrpcServicesImpl.java:startImpl(346)) - 16b3a642-386d-4aa9-ba22-a20b8f52ec18: GrpcServicesImpl started, listening on 15087
2025-07-05 15:48:27,420 [16b3a642-386d-4aa9-ba22-a20b8f52ec18-EndpointStateMachineTaskThread-/0.0.0.0:15002-0 ] INFO  server.GrpcServicesImpl (GrpcServicesImpl.java:startImpl(346)) - 16b3a642-386d-4aa9-ba22-a20b8f52ec18: GrpcServicesImpl started, listening on 15086
2025-07-05 15:48:27,421 [JvmPauseMonitor12] INFO  util.JvmPauseMonitor (JvmPauseMonitor.java:run(146)) - JvmPauseMonitor-16b3a642-386d-4aa9-ba22-a20b8f52ec18: Started
2025-07-05 15:48:27,421 [16b3a642-386d-4aa9-ba22-a20b8f52ec18-EndpointStateMachineTaskThread-/0.0.0.0:15002-0 ] INFO  ratis.XceiverServerRatis (XceiverServerRatis.java:getRealPort(586)) - XceiverServerRatis(16b3a642-386d-4aa9-ba22-a20b8f52ec18) is started using port RATIS=15085
2025-07-05 15:48:27,421 [16b3a642-386d-4aa9-ba22-a20b8f52ec18-EndpointStateMachineTaskThread-/0.0.0.0:15002-0 ] INFO  ratis.XceiverServerRatis (XceiverServerRatis.java:getRealPort(586)) - XceiverServerRatis(16b3a642-386d-4aa9-ba22-a20b8f52ec18) is started using port RATIS_ADMIN=15086
2025-07-05 15:48:27,421 [16b3a642-386d-4aa9-ba22-a20b8f52ec18-EndpointStateMachineTaskThread-/0.0.0.0:15002-0 ] INFO  ratis.XceiverServerRatis (XceiverServerRatis.java:getRealPort(586)) - XceiverServerRatis(16b3a642-386d-4aa9-ba22-a20b8f52ec18) is started using port RATIS_SERVER=15087
2025-07-05 15:48:27,421 [16b3a642-386d-4aa9-ba22-a20b8f52ec18-EndpointStateMachineTaskThread-/0.0.0.0:15002-0 ] INFO  ratis.XceiverServerRatis (XceiverServerRatis.java:getRealPort(586)) - XceiverServerRatis(16b3a642-386d-4aa9-ba22-a20b8f52ec18) is started using port RATIS_DATASTREAM=15088
2025-07-05 15:48:27,423 [16b3a642-386d-4aa9-ba22-a20b8f52ec18-EndpointStateMachineTaskThread-/0.0.0.0:15002-0 ] INFO  utils.BackgroundService (BackgroundService.java:start(118)) - Starting service BlockDeletingService with interval 60000 milliseconds
2025-07-05 15:48:27,423 [16b3a642-386d-4aa9-ba22-a20b8f52ec18-EndpointStateMachineTaskThread-/0.0.0.0:15002-0 ] INFO  utils.BackgroundService (BackgroundService.java:start(118)) - Starting service StaleRecoveringContainerScrubbingService with interval 60000 milliseconds
2025-07-05 15:48:27,432 [a2ddbc4c-912b-4a1a-89ce-9bbeea094c2b-groupManagement] WARN  statemachine.DatanodeConfiguration (DatanodeConfiguration.java:validateMinFreeSpace(751)) - hdds.datanode.volume.min.free.space.percent = -1.0 is invalid, should be between 0 and 1
2025-07-05 15:48:27,432 [a2ddbc4c-912b-4a1a-89ce-9bbeea094c2b-groupManagement] INFO  server.RaftServer$Division (RaftServerImpl.java:<init>(268)) - a2ddbc4c-912b-4a1a-89ce-9bbeea094c2b: new RaftServerImpl for group-C07B19BB3861:[a2ddbc4c-912b-4a1a-89ce-9bbeea094c2b|127.0.0.1:15023] with ContainerStateMachine:uninitialized
2025-07-05 15:48:27,433 [a2ddbc4c-912b-4a1a-89ce-9bbeea094c2b-PipelineCommandHandlerThread-0] INFO  server.RaftServer (RaftServerProxy.java:addNew(105)) - a2ddbc4c-912b-4a1a-89ce-9bbeea094c2b: addNew group-C07B19BB3861:[a2ddbc4c-912b-4a1a-89ce-9bbeea094c2b|127.0.0.1:15023] returns group-C07B19BB3861:java.util.concurrent.CompletableFuture@44f535ba[Not completed]
2025-07-05 15:48:27,435 [a2ddbc4c-912b-4a1a-89ce-9bbeea094c2b-groupManagement] INFO  server.RaftServer$Division (ServerState.java:<init>(114)) - a2ddbc4c-912b-4a1a-89ce-9bbeea094c2b@group-C07B19BB3861: ConfigurationManager, init=conf: {index: -1, cur=peers:[a2ddbc4c-912b-4a1a-89ce-9bbeea094c2b|127.0.0.1:15023]|listeners:[], old=null}, confs=<EMPTY_MAP>
2025-07-05 15:48:27,442 [EventQueue-PipelineReportForOneReplicaPipelineSafeModeRule] INFO  safemode.SCMSafeModeManager (SCMSafeModeManager.java:validateSafeModeExitRules(138)) - AtleastOneDatanodeReportedRule rule is successfully validated
2025-07-05 15:48:27,442 [EventQueue-PipelineReportForOneReplicaPipelineSafeModeRule] INFO  safemode.SCMSafeModeManager (SCMSafeModeManager.java:validateSafeModeExitRules(138)) - AtleastOneDatanodeReportedRule rule is successfully validated
2025-07-05 15:48:27,445 [EventQueue-PipelineReportForOneReplicaPipelineSafeModeRule] INFO  safemode.SCMSafeModeManager (SCMSafeModeManager.java:validateSafeModeExitRules(138)) - AtleastOneDatanodeReportedRule rule is successfully validated
2025-07-05 15:48:27,452 [a2ddbc4c-912b-4a1a-89ce-9bbeea094c2b-groupManagement] INFO  server.RaftServerConfigKeys (ConfUtils.java:logGet(62)) - raft.server.storage.dir = [/home/runner/work/ozone/ozone/hadoop-ozone/integration-test/target/test-dir/MiniOzoneClusterImpl-0a3c97a5-d59a-4532-afef-c4940c4c02aa/ozone-meta/datanode-2/ratis] (custom)
2025-07-05 15:48:27,453 [a2ddbc4c-912b-4a1a-89ce-9bbeea094c2b-groupManagement] INFO  storage.RaftStorageDirectory (RaftStorageDirectoryImpl.java:analyzeStorage(138)) - The storage directory /home/runner/work/ozone/ozone/hadoop-ozone/integration-test/target/test-dir/MiniOzoneClusterImpl-0a3c97a5-d59a-4532-afef-c4940c4c02aa/ozone-meta/datanode-2/ratis/cb3a21fe-dfd0-4618-baed-c07b19bb3861 does not exist. Creating ...
2025-07-05 15:48:27,455 [a2ddbc4c-912b-4a1a-89ce-9bbeea094c2b-groupManagement] INFO  storage.RaftStorageDirectory (RaftStorageDirectoryImpl.java:tryLock(229)) - Lock on /home/runner/work/ozone/ozone/hadoop-ozone/integration-test/target/test-dir/MiniOzoneClusterImpl-0a3c97a5-d59a-4532-afef-c4940c4c02aa/ozone-meta/datanode-2/ratis/cb3a21fe-dfd0-4618-baed-c07b19bb3861/in_use.lock acquired by nodename 44235@localhost
2025-07-05 15:48:27,456 [a2ddbc4c-912b-4a1a-89ce-9bbeea094c2b-groupManagement] INFO  storage.RaftStorage (RaftStorageImpl.java:format(98)) - Storage directory /home/runner/work/ozone/ozone/hadoop-ozone/integration-test/target/test-dir/MiniOzoneClusterImpl-0a3c97a5-d59a-4532-afef-c4940c4c02aa/ozone-meta/datanode-2/ratis/cb3a21fe-dfd0-4618-baed-c07b19bb3861 has been successfully formatted.
2025-07-05 15:48:27,459 [a2ddbc4c-912b-4a1a-89ce-9bbeea094c2b-groupManagement] INFO  ratis.ContainerStateMachine (ContainerStateMachine.java:initialize(339)) - a2ddbc4c-912b-4a1a-89ce-9bbeea094c2b: initialize group-C07B19BB3861
2025-07-05 15:48:27,459 [a2ddbc4c-912b-4a1a-89ce-9bbeea094c2b-groupManagement] INFO  ratis.ContainerStateMachine (ContainerStateMachine.java:loadSnapshot(347)) - group-C07B19BB3861: The snapshot info is null. Setting the last applied index to:<INITIAL_VALUE>
2025-07-05 15:48:27,460 [a2ddbc4c-912b-4a1a-89ce-9bbeea094c2b-groupManagement] INFO  server.RaftServerConfigKeys (ConfUtils.java:logGet(62)) - raft.server.log.appender.buffer.byte-limit = 33554432 (custom)
2025-07-05 15:48:27,460 [EventQueue-PipelineReportForOneReplicaPipelineSafeModeRule] INFO  safemode.SCMSafeModeManager (SCMSafeModeManager.java:validateSafeModeExitRules(138)) - AtleastOneDatanodeReportedRule rule is successfully validated
2025-07-05 15:48:27,463 [67766547-47ec-4cca-936b-6c95be71f3ba@group-C4940C4C02AA-StateMachineUpdater] INFO  safemode.SCMSafeModeManager (SCMSafeModeManager.java:validateSafeModeExitRules(138)) - DataNodeSafeModeRule rule is successfully validated
2025-07-05 15:48:27,463 [67766547-47ec-4cca-936b-6c95be71f3ba@group-C4940C4C02AA-StateMachineUpdater] INFO  safemode.SCMSafeModeManager (SCMSafeModeManager.java:validateSafeModeExitRules(138)) - RatisContainerSafeModeRule rule is successfully validated
2025-07-05 15:48:27,463 [67766547-47ec-4cca-936b-6c95be71f3ba@group-C4940C4C02AA-StateMachineUpdater] INFO  safemode.HealthyPipelineSafeModeRule (HealthyPipelineSafeModeRule.java:initializeRule(228)) - Refreshed total pipeline count is 0, healthy pipeline threshold count is 1
2025-07-05 15:48:27,463 [67766547-47ec-4cca-936b-6c95be71f3ba@group-C4940C4C02AA-StateMachineUpdater] INFO  safemode.SCMSafeModeManager (SCMSafeModeManager.java:validateSafeModeExitRules(138)) - ECContainerSafeModeRule rule is successfully validated
2025-07-05 15:48:27,466 [67766547-47ec-4cca-936b-6c95be71f3ba@group-C4940C4C02AA-StateMachineUpdater] INFO  safemode.SCMSafeModeManager (SCMSafeModeManager.java:validateSafeModeExitRules(138)) - AtleastOneDatanodeReportedRule rule is successfully validated
2025-07-05 15:48:27,466 [EventQueue-PipelineReportForPipelineReportHandler] INFO  pipeline.PipelineReportHandler (PipelineReportHandler.java:processPipelineReport(134)) - Opened pipeline Pipeline-cb3a21fe-dfd0-4618-baed-c07b19bb3861
2025-07-05 15:48:27,466 [a2ddbc4c-912b-4a1a-89ce-9bbeea094c2b-groupManagement] INFO  server.RaftServerConfigKeys (ConfUtils.java:logGet(62)) - raft.server.log.segment.size.max = 67108864 (custom)
2025-07-05 15:48:27,467 [a2ddbc4c-912b-4a1a-89ce-9bbeea094c2b-groupManagement] INFO  server.RaftServerConfigKeys (ConfUtils.java:logGet(62)) - raft.server.log.appender.buffer.byte-limit = 33554432 (custom)
2025-07-05 15:48:27,468 [a2ddbc4c-912b-4a1a-89ce-9bbeea094c2b-groupManagement] INFO  util.AwaitToRun (AwaitToRun.java:start(81)) - Thread[#1182,a2ddbc4c-912b-4a1a-89ce-9bbeea094c2b@group-C07B19BB3861-cacheEviction-AwaitToRun,5,main] started
2025-07-05 15:48:27,469 [a2ddbc4c-912b-4a1a-89ce-9bbeea094c2b-groupManagement] INFO  segmented.SegmentedRaftLogWorker (SegmentedRaftLogWorker.java:<init>(190)) - new a2ddbc4c-912b-4a1a-89ce-9bbeea094c2b@group-C07B19BB3861-SegmentedRaftLogWorker for RaftStorageImpl:Storage Directory /home/runner/work/ozone/ozone/hadoop-ozone/integration-test/target/test-dir/MiniOzoneClusterImpl-0a3c97a5-d59a-4532-afef-c4940c4c02aa/ozone-meta/datanode-2/ratis/cb3a21fe-dfd0-4618-baed-c07b19bb3861
2025-07-05 15:48:27,469 [a2ddbc4c-912b-4a1a-89ce-9bbeea094c2b-groupManagement] INFO  server.RaftServerConfigKeys (ConfUtils.java:logGet(62)) - raft.server.log.queue.byte-limit = 4294967296 (custom)
2025-07-05 15:48:27,469 [a2ddbc4c-912b-4a1a-89ce-9bbeea094c2b-groupManagement] INFO  server.RaftServerConfigKeys (ConfUtils.java:logGet(62)) - raft.server.log.segment.size.max = 67108864 (custom)
2025-07-05 15:48:27,469 [a2ddbc4c-912b-4a1a-89ce-9bbeea094c2b-groupManagement] INFO  server.RaftServerConfigKeys (ConfUtils.java:logGet(62)) - raft.server.log.preallocated.size = 4194304 (custom)
2025-07-05 15:48:27,469 [a2ddbc4c-912b-4a1a-89ce-9bbeea094c2b-groupManagement] INFO  server.RaftServerConfigKeys (ConfUtils.java:logGet(62)) - raft.server.log.write.buffer.size = 33554440 (custom)
2025-07-05 15:48:27,475 [a2ddbc4c-912b-4a1a-89ce-9bbeea094c2b-groupManagement] INFO  server.RaftServerConfigKeys (ConfUtils.java:logGet(62)) - raft.server.log.appender.buffer.byte-limit = 33554432 (custom)
2025-07-05 15:48:27,476 [a2ddbc4c-912b-4a1a-89ce-9bbeea094c2b-groupManagement] INFO  segmented.SegmentedRaftLogWorker (SegmentedRaftLogWorker.java:lambda$new$0(141)) - a2ddbc4c-912b-4a1a-89ce-9bbeea094c2b@group-C07B19BB3861-SegmentedRaftLogWorker: flushIndex: setUnconditionally 0 -> -1
2025-07-05 15:48:27,476 [a2ddbc4c-912b-4a1a-89ce-9bbeea094c2b-groupManagement] INFO  segmented.SegmentedRaftLogWorker (SegmentedRaftLogWorker.java:lambda$new$0(141)) - a2ddbc4c-912b-4a1a-89ce-9bbeea094c2b@group-C07B19BB3861-SegmentedRaftLogWorker: safeCacheEvictIndex: setUnconditionally 0 -> -1
2025-07-05 15:48:27,476 [a2ddbc4c-912b-4a1a-89ce-9bbeea094c2b-groupManagement] INFO  server.RaftServer$Division (RaftServerImpl.java:start(405)) - a2ddbc4c-912b-4a1a-89ce-9bbeea094c2b@group-C07B19BB3861: start as a follower, conf=conf: {index: -1, cur=peers:[a2ddbc4c-912b-4a1a-89ce-9bbeea094c2b|127.0.0.1:15023]|listeners:[], old=null}
2025-07-05 15:48:27,476 [a2ddbc4c-912b-4a1a-89ce-9bbeea094c2b-groupManagement] INFO  server.RaftServer$Division (RaftServerImpl.java:setRole(392)) - a2ddbc4c-912b-4a1a-89ce-9bbeea094c2b@group-C07B19BB3861: changes role from      null to FOLLOWER at term 0 for startAsFollower
2025-07-05 15:48:27,476 [a2ddbc4c-912b-4a1a-89ce-9bbeea094c2b-groupManagement] INFO  impl.RoleInfo (RoleInfo.java:updateAndGet(148)) - a2ddbc4c-912b-4a1a-89ce-9bbeea094c2b: start a2ddbc4c-912b-4a1a-89ce-9bbeea094c2b@group-C07B19BB3861-FollowerState
2025-07-05 15:48:27,477 [a2ddbc4c-912b-4a1a-89ce-9bbeea094c2b-groupManagement] INFO  util.JmxRegister (JmxRegister.java:tryRegister(44)) - Successfully registered JMX Bean with object name Ratis:service=RaftServer,group=group-C07B19BB3861,id=a2ddbc4c-912b-4a1a-89ce-9bbeea094c2b
2025-07-05 15:48:27,477 [a2ddbc4c-912b-4a1a-89ce-9bbeea094c2b-groupManagement] INFO  util.JmxRegister (JmxRegister.java:register(58)) - register mxBean class org.apache.ratis.server.impl.RaftServerJmxAdapter as Ratis:service=RaftServer,group=group-C07B19BB3861,id=a2ddbc4c-912b-4a1a-89ce-9bbeea094c2b
2025-07-05 15:48:27,478 [a2ddbc4c-912b-4a1a-89ce-9bbeea094c2b-groupManagement] INFO  server.RaftServer$Division (RaftServerImpl.java:start(419)) - a2ddbc4c-912b-4a1a-89ce-9bbeea094c2b@group-C07B19BB3861: Successfully started.
2025-07-05 15:48:27,479 [a2ddbc4c-912b-4a1a-89ce-9bbeea094c2b-PipelineCommandHandlerThread-0] INFO  ratis.XceiverServerRatis (XceiverServerRatis.java:addGroup(843)) - Created group Pipeline-cb3a21fe-dfd0-4618-baed-c07b19bb3861
2025-07-05 15:48:27,479 [a2ddbc4c-912b-4a1a-89ce-9bbeea094c2b-PipelineCommandHandlerThread-0] INFO  commandhandler.CreatePipelineCommandHandler (CreatePipelineCommandHandler.java:lambda$handle$2(127)) - Created Pipeline RATIS ONE Pipeline-cb3a21fe-dfd0-4618-baed-c07b19bb3861.
2025-07-05 15:48:27,480 [a2ddbc4c-912b-4a1a-89ce-9bbeea094c2b-PipelineCommandHandlerThread-0] INFO  server.RaftServer (RaftServerProxy.java:addNew(105)) - a2ddbc4c-912b-4a1a-89ce-9bbeea094c2b: addNew group-BEBFF4DB9F45:[a2ddbc4c-912b-4a1a-89ce-9bbeea094c2b|127.0.0.1:15023, b5b4f89f-93bb-4b69-9074-7f3b90eee2a4|127.0.0.1:15031, 05378834-8d64-4004-85b0-7f2e6f6e22dc|127.0.0.1:15015] returns group-BEBFF4DB9F45:java.util.concurrent.CompletableFuture@318be6e4[Not completed]
2025-07-05 15:48:27,482 [a2ddbc4c-912b-4a1a-89ce-9bbeea094c2b-groupManagement] WARN  statemachine.DatanodeConfiguration (DatanodeConfiguration.java:validateMinFreeSpace(751)) - hdds.datanode.volume.min.free.space.percent = -1.0 is invalid, should be between 0 and 1
2025-07-05 15:48:27,482 [a2ddbc4c-912b-4a1a-89ce-9bbeea094c2b-groupManagement] INFO  server.RaftServer$Division (RaftServerImpl.java:<init>(268)) - a2ddbc4c-912b-4a1a-89ce-9bbeea094c2b: new RaftServerImpl for group-BEBFF4DB9F45:[a2ddbc4c-912b-4a1a-89ce-9bbeea094c2b|127.0.0.1:15023, b5b4f89f-93bb-4b69-9074-7f3b90eee2a4|127.0.0.1:15031, 05378834-8d64-4004-85b0-7f2e6f6e22dc|127.0.0.1:15015] with ContainerStateMachine:uninitialized
2025-07-05 15:48:27,482 [a2ddbc4c-912b-4a1a-89ce-9bbeea094c2b-groupManagement] INFO  server.RaftServer$Division (ServerState.java:<init>(114)) - a2ddbc4c-912b-4a1a-89ce-9bbeea094c2b@group-BEBFF4DB9F45: ConfigurationManager, init=conf: {index: -1, cur=peers:[a2ddbc4c-912b-4a1a-89ce-9bbeea094c2b|127.0.0.1:15023, b5b4f89f-93bb-4b69-9074-7f3b90eee2a4|127.0.0.1:15031, 05378834-8d64-4004-85b0-7f2e6f6e22dc|127.0.0.1:15015]|listeners:[], old=null}, confs=<EMPTY_MAP>
2025-07-05 15:48:27,491 [a2ddbc4c-912b-4a1a-89ce-9bbeea094c2b-groupManagement] INFO  storage.RaftStorageDirectory (RaftStorageDirectoryImpl.java:analyzeStorage(138)) - The storage directory /home/runner/work/ozone/ozone/hadoop-ozone/integration-test/target/test-dir/MiniOzoneClusterImpl-0a3c97a5-d59a-4532-afef-c4940c4c02aa/ozone-meta/datanode-2/ratis/dfaec798-2b57-45af-90d7-bebff4db9f45 does not exist. Creating ...
2025-07-05 15:48:27,494 [a2ddbc4c-912b-4a1a-89ce-9bbeea094c2b-groupManagement] INFO  storage.RaftStorageDirectory (RaftStorageDirectoryImpl.java:tryLock(229)) - Lock on /home/runner/work/ozone/ozone/hadoop-ozone/integration-test/target/test-dir/MiniOzoneClusterImpl-0a3c97a5-d59a-4532-afef-c4940c4c02aa/ozone-meta/datanode-2/ratis/dfaec798-2b57-45af-90d7-bebff4db9f45/in_use.lock acquired by nodename 44235@localhost
2025-07-05 15:48:27,496 [a2ddbc4c-912b-4a1a-89ce-9bbeea094c2b-groupManagement] INFO  storage.RaftStorage (RaftStorageImpl.java:format(98)) - Storage directory /home/runner/work/ozone/ozone/hadoop-ozone/integration-test/target/test-dir/MiniOzoneClusterImpl-0a3c97a5-d59a-4532-afef-c4940c4c02aa/ozone-meta/datanode-2/ratis/dfaec798-2b57-45af-90d7-bebff4db9f45 has been successfully formatted.
2025-07-05 15:48:27,497 [a2ddbc4c-912b-4a1a-89ce-9bbeea094c2b-groupManagement] INFO  ratis.ContainerStateMachine (ContainerStateMachine.java:initialize(339)) - a2ddbc4c-912b-4a1a-89ce-9bbeea094c2b: initialize group-BEBFF4DB9F45
2025-07-05 15:48:27,497 [a2ddbc4c-912b-4a1a-89ce-9bbeea094c2b-groupManagement] INFO  ratis.ContainerStateMachine (ContainerStateMachine.java:loadSnapshot(347)) - group-BEBFF4DB9F45: The snapshot info is null. Setting the last applied index to:<INITIAL_VALUE>
2025-07-05 15:48:27,497 [a2ddbc4c-912b-4a1a-89ce-9bbeea094c2b-groupManagement] INFO  server.RaftServerConfigKeys (ConfUtils.java:logGet(62)) - raft.server.log.appender.buffer.byte-limit = 33554432 (custom)
2025-07-05 15:48:27,498 [EventQueue-PipelineReportForOneReplicaPipelineSafeModeRule] INFO  safemode.SCMSafeModeManager (SCMSafeModeManager.java:validateSafeModeExitRules(138)) - AtleastOneDatanodeReportedRule rule is successfully validated
2025-07-05 15:48:27,502 [a2ddbc4c-912b-4a1a-89ce-9bbeea094c2b-groupManagement] INFO  server.RaftServerConfigKeys (ConfUtils.java:logGet(62)) - raft.server.log.segment.size.max = 67108864 (custom)
2025-07-05 15:48:27,503 [a2ddbc4c-912b-4a1a-89ce-9bbeea094c2b-groupManagement] INFO  server.RaftServerConfigKeys (ConfUtils.java:logGet(62)) - raft.server.log.appender.buffer.byte-limit = 33554432 (custom)
2025-07-05 15:48:27,503 [a2ddbc4c-912b-4a1a-89ce-9bbeea094c2b-groupManagement] INFO  util.AwaitToRun (AwaitToRun.java:start(81)) - Thread[#1187,a2ddbc4c-912b-4a1a-89ce-9bbeea094c2b@group-BEBFF4DB9F45-cacheEviction-AwaitToRun,5,main] started
2025-07-05 15:48:27,504 [a2ddbc4c-912b-4a1a-89ce-9bbeea094c2b-groupManagement] INFO  segmented.SegmentedRaftLogWorker (SegmentedRaftLogWorker.java:<init>(190)) - new a2ddbc4c-912b-4a1a-89ce-9bbeea094c2b@group-BEBFF4DB9F45-SegmentedRaftLogWorker for RaftStorageImpl:Storage Directory /home/runner/work/ozone/ozone/hadoop-ozone/integration-test/target/test-dir/MiniOzoneClusterImpl-0a3c97a5-d59a-4532-afef-c4940c4c02aa/ozone-meta/datanode-2/ratis/dfaec798-2b57-45af-90d7-bebff4db9f45
2025-07-05 15:48:27,504 [a2ddbc4c-912b-4a1a-89ce-9bbeea094c2b-groupManagement] INFO  server.RaftServerConfigKeys (ConfUtils.java:logGet(62)) - raft.server.log.queue.byte-limit = 4294967296 (custom)
2025-07-05 15:48:27,504 [a2ddbc4c-912b-4a1a-89ce-9bbeea094c2b-groupManagement] INFO  server.RaftServerConfigKeys (ConfUtils.java:logGet(62)) - raft.server.log.segment.size.max = 67108864 (custom)
2025-07-05 15:48:27,504 [a2ddbc4c-912b-4a1a-89ce-9bbeea094c2b-groupManagement] INFO  server.RaftServerConfigKeys (ConfUtils.java:logGet(62)) - raft.server.log.preallocated.size = 4194304 (custom)
2025-07-05 15:48:27,505 [a2ddbc4c-912b-4a1a-89ce-9bbeea094c2b-groupManagement] INFO  server.RaftServerConfigKeys (ConfUtils.java:logGet(62)) - raft.server.log.write.buffer.size = 33554440 (custom)
2025-07-05 15:48:27,511 [a2ddbc4c-912b-4a1a-89ce-9bbeea094c2b-groupManagement] INFO  server.RaftServerConfigKeys (ConfUtils.java:logGet(62)) - raft.server.log.appender.buffer.byte-limit = 33554432 (custom)
2025-07-05 15:48:27,511 [a2ddbc4c-912b-4a1a-89ce-9bbeea094c2b-groupManagement] INFO  segmented.SegmentedRaftLogWorker (SegmentedRaftLogWorker.java:lambda$new$0(141)) - a2ddbc4c-912b-4a1a-89ce-9bbeea094c2b@group-BEBFF4DB9F45-SegmentedRaftLogWorker: flushIndex: setUnconditionally 0 -> -1
2025-07-05 15:48:27,511 [a2ddbc4c-912b-4a1a-89ce-9bbeea094c2b-groupManagement] INFO  segmented.SegmentedRaftLogWorker (SegmentedRaftLogWorker.java:lambda$new$0(141)) - a2ddbc4c-912b-4a1a-89ce-9bbeea094c2b@group-BEBFF4DB9F45-SegmentedRaftLogWorker: safeCacheEvictIndex: setUnconditionally 0 -> -1
2025-07-05 15:48:27,512 [a2ddbc4c-912b-4a1a-89ce-9bbeea094c2b-groupManagement] INFO  server.RaftServer$Division (RaftServerImpl.java:start(405)) - a2ddbc4c-912b-4a1a-89ce-9bbeea094c2b@group-BEBFF4DB9F45: start as a follower, conf=conf: {index: -1, cur=peers:[a2ddbc4c-912b-4a1a-89ce-9bbeea094c2b|127.0.0.1:15023, b5b4f89f-93bb-4b69-9074-7f3b90eee2a4|127.0.0.1:15031, 05378834-8d64-4004-85b0-7f2e6f6e22dc|127.0.0.1:15015]|listeners:[], old=null}
2025-07-05 15:48:27,512 [a2ddbc4c-912b-4a1a-89ce-9bbeea094c2b-groupManagement] INFO  server.RaftServer$Division (RaftServerImpl.java:setRole(392)) - a2ddbc4c-912b-4a1a-89ce-9bbeea094c2b@group-BEBFF4DB9F45: changes role from      null to FOLLOWER at term 0 for startAsFollower
2025-07-05 15:48:27,512 [a2ddbc4c-912b-4a1a-89ce-9bbeea094c2b-groupManagement] INFO  impl.RoleInfo (RoleInfo.java:updateAndGet(148)) - a2ddbc4c-912b-4a1a-89ce-9bbeea094c2b: start a2ddbc4c-912b-4a1a-89ce-9bbeea094c2b@group-BEBFF4DB9F45-FollowerState
2025-07-05 15:48:27,513 [a2ddbc4c-912b-4a1a-89ce-9bbeea094c2b-groupManagement] INFO  util.JmxRegister (JmxRegister.java:tryRegister(44)) - Successfully registered JMX Bean with object name Ratis:service=RaftServer,group=group-BEBFF4DB9F45,id=a2ddbc4c-912b-4a1a-89ce-9bbeea094c2b
2025-07-05 15:48:27,513 [a2ddbc4c-912b-4a1a-89ce-9bbeea094c2b-groupManagement] INFO  util.JmxRegister (JmxRegister.java:register(58)) - register mxBean class org.apache.ratis.server.impl.RaftServerJmxAdapter as Ratis:service=RaftServer,group=group-BEBFF4DB9F45,id=a2ddbc4c-912b-4a1a-89ce-9bbeea094c2b
2025-07-05 15:48:27,514 [a2ddbc4c-912b-4a1a-89ce-9bbeea094c2b-groupManagement] INFO  server.RaftServer$Division (RaftServerImpl.java:start(419)) - a2ddbc4c-912b-4a1a-89ce-9bbeea094c2b@group-BEBFF4DB9F45: Successfully started.
2025-07-05 15:48:27,514 [a2ddbc4c-912b-4a1a-89ce-9bbeea094c2b-PipelineCommandHandlerThread-0] INFO  ratis.XceiverServerRatis (XceiverServerRatis.java:addGroup(843)) - Created group Pipeline-dfaec798-2b57-45af-90d7-bebff4db9f45
2025-07-05 15:48:27,557 [EventQueue-PipelineReportForOneReplicaPipelineSafeModeRule] INFO  safemode.SCMSafeModeManager (SCMSafeModeManager.java:validateSafeModeExitRules(138)) - AtleastOneDatanodeReportedRule rule is successfully validated
2025-07-05 15:48:27,572 [grpc-default-executor-1] WARN  server.GrpcAdminProtocolService (GrpcAdminProtocolService.java:lambda$groupManagement$1(53)) - Failed groupManagement: GROUPADD, GroupManagementRequest:client-D9E310CED25D->a2ddbc4c-912b-4a1a-89ce-9bbeea094c2b@group-BEBFF4DB9F45, cid=1, seq=null, RW, null, Add:group-BEBFF4DB9F45:[a2ddbc4c-912b-4a1a-89ce-9bbeea094c2b|127.0.0.1:15023, b5b4f89f-93bb-4b69-9074-7f3b90eee2a4|127.0.0.1:15031, 05378834-8d64-4004-85b0-7f2e6f6e22dc|127.0.0.1:15015]
java.util.concurrent.CompletionException: org.apache.ratis.protocol.exceptions.AlreadyExistsException: a2ddbc4c-912b-4a1a-89ce-9bbeea094c2b: Failed to add group-BEBFF4DB9F45:[a2ddbc4c-912b-4a1a-89ce-9bbeea094c2b|127.0.0.1:15023, b5b4f89f-93bb-4b69-9074-7f3b90eee2a4|127.0.0.1:15031, 05378834-8d64-4004-85b0-7f2e6f6e22dc|127.0.0.1:15015] since the group already exists in the map.
	at java.base/java.util.concurrent.CompletableFuture.encodeThrowable(CompletableFuture.java:332)
	at java.base/java.util.concurrent.CompletableFuture.uniApplyNow(CompletableFuture.java:674)
	at java.base/java.util.concurrent.CompletableFuture.uniApplyStage(CompletableFuture.java:662)
	at java.base/java.util.concurrent.CompletableFuture.thenApplyAsync(CompletableFuture.java:2210)
	at org.apache.ratis.server.impl.RaftServerProxy.groupAddAsync(RaftServerProxy.java:513)
	at org.apache.ratis.server.impl.RaftServerProxy.groupManagementAsync(RaftServerProxy.java:495)
	at org.apache.ratis.grpc.server.GrpcAdminProtocolService.lambda$groupManagement$0(GrpcAdminProtocolService.java:51)
	at org.apache.ratis.grpc.GrpcUtil.asyncCall(GrpcUtil.java:172)
	at org.apache.ratis.grpc.server.GrpcAdminProtocolService.groupManagement(GrpcAdminProtocolService.java:51)
	at org.apache.ratis.proto.grpc.AdminProtocolServiceGrpc$MethodHandlers.invoke(AdminProtocolServiceGrpc.java:701)
	at org.apache.ratis.thirdparty.io.grpc.stub.ServerCalls$UnaryServerCallHandler$UnaryServerCallListener.onHalfClose(ServerCalls.java:182)
	at org.apache.ratis.thirdparty.io.grpc.internal.ServerCallImpl$ServerStreamListenerImpl.halfClosed(ServerCallImpl.java:356)
	at org.apache.ratis.thirdparty.io.grpc.internal.ServerImpl$JumpToApplicationThreadServerStreamListener$1HalfClosed.runInContext(ServerImpl.java:861)
	at org.apache.ratis.thirdparty.io.grpc.internal.ContextRunnable.run(ContextRunnable.java:37)
	at org.apache.ratis.thirdparty.io.grpc.internal.SerializingExecutor.run(SerializingExecutor.java:133)
	at java.base/java.util.concurrent.ThreadPoolExecutor.runWorker(ThreadPoolExecutor.java:1144)
	at java.base/java.util.concurrent.ThreadPoolExecutor$Worker.run(ThreadPoolExecutor.java:642)
	at java.base/java.lang.Thread.run(Thread.java:1583)
Caused by: org.apache.ratis.protocol.exceptions.AlreadyExistsException: a2ddbc4c-912b-4a1a-89ce-9bbeea094c2b: Failed to add group-BEBFF4DB9F45:[a2ddbc4c-912b-4a1a-89ce-9bbeea094c2b|127.0.0.1:15023, b5b4f89f-93bb-4b69-9074-7f3b90eee2a4|127.0.0.1:15031, 05378834-8d64-4004-85b0-7f2e6f6e22dc|127.0.0.1:15015] since the group already exists in the map.
	at org.apache.ratis.server.impl.RaftServerProxy$ImplMap.addNew(RaftServerProxy.java:99)
	at org.apache.ratis.server.impl.RaftServerProxy.groupAddAsync(RaftServerProxy.java:512)
	... 13 more
2025-07-05 15:48:27,574 [b5b4f89f-93bb-4b69-9074-7f3b90eee2a4-groupManagement] WARN  statemachine.DatanodeConfiguration (DatanodeConfiguration.java:validateMinFreeSpace(751)) - hdds.datanode.volume.min.free.space.percent = -1.0 is invalid, should be between 0 and 1
2025-07-05 15:48:27,575 [b5b4f89f-93bb-4b69-9074-7f3b90eee2a4-groupManagement] INFO  server.RaftServer$Division (RaftServerImpl.java:<init>(268)) - b5b4f89f-93bb-4b69-9074-7f3b90eee2a4: new RaftServerImpl for group-BEBFF4DB9F45:[a2ddbc4c-912b-4a1a-89ce-9bbeea094c2b|127.0.0.1:15023, b5b4f89f-93bb-4b69-9074-7f3b90eee2a4|127.0.0.1:15031, 05378834-8d64-4004-85b0-7f2e6f6e22dc|127.0.0.1:15015] with ContainerStateMachine:uninitialized
2025-07-05 15:48:27,576 [b5b4f89f-93bb-4b69-9074-7f3b90eee2a4-groupManagement] INFO  server.RaftServer$Division (ServerState.java:<init>(114)) - b5b4f89f-93bb-4b69-9074-7f3b90eee2a4@group-BEBFF4DB9F45: ConfigurationManager, init=conf: {index: -1, cur=peers:[a2ddbc4c-912b-4a1a-89ce-9bbeea094c2b|127.0.0.1:15023, b5b4f89f-93bb-4b69-9074-7f3b90eee2a4|127.0.0.1:15031, 05378834-8d64-4004-85b0-7f2e6f6e22dc|127.0.0.1:15015]|listeners:[], old=null}, confs=<EMPTY_MAP>
2025-07-05 15:48:27,572 [grpc-default-executor-0] INFO  server.RaftServer (RaftServerProxy.java:addNew(105)) - b5b4f89f-93bb-4b69-9074-7f3b90eee2a4: addNew group-BEBFF4DB9F45:[a2ddbc4c-912b-4a1a-89ce-9bbeea094c2b|127.0.0.1:15023, b5b4f89f-93bb-4b69-9074-7f3b90eee2a4|127.0.0.1:15031, 05378834-8d64-4004-85b0-7f2e6f6e22dc|127.0.0.1:15015] returns group-BEBFF4DB9F45:java.util.concurrent.CompletableFuture@785c4946[Not completed]
2025-07-05 15:48:27,586 [b5b4f89f-93bb-4b69-9074-7f3b90eee2a4-groupManagement] INFO  server.RaftServerConfigKeys (ConfUtils.java:logGet(62)) - raft.server.storage.dir = [/home/runner/work/ozone/ozone/hadoop-ozone/integration-test/target/test-dir/MiniOzoneClusterImpl-0a3c97a5-d59a-4532-afef-c4940c4c02aa/ozone-meta/datanode-3/ratis] (custom)
2025-07-05 15:48:27,586 [b5b4f89f-93bb-4b69-9074-7f3b90eee2a4-groupManagement] INFO  storage.RaftStorageDirectory (RaftStorageDirectoryImpl.java:analyzeStorage(138)) - The storage directory /home/runner/work/ozone/ozone/hadoop-ozone/integration-test/target/test-dir/MiniOzoneClusterImpl-0a3c97a5-d59a-4532-afef-c4940c4c02aa/ozone-meta/datanode-3/ratis/dfaec798-2b57-45af-90d7-bebff4db9f45 does not exist. Creating ...
2025-07-05 15:48:27,588 [b5b4f89f-93bb-4b69-9074-7f3b90eee2a4-groupManagement] INFO  storage.RaftStorageDirectory (RaftStorageDirectoryImpl.java:tryLock(229)) - Lock on /home/runner/work/ozone/ozone/hadoop-ozone/integration-test/target/test-dir/MiniOzoneClusterImpl-0a3c97a5-d59a-4532-afef-c4940c4c02aa/ozone-meta/datanode-3/ratis/dfaec798-2b57-45af-90d7-bebff4db9f45/in_use.lock acquired by nodename 44235@localhost
2025-07-05 15:48:27,589 [b5b4f89f-93bb-4b69-9074-7f3b90eee2a4-groupManagement] INFO  storage.RaftStorage (RaftStorageImpl.java:format(98)) - Storage directory /home/runner/work/ozone/ozone/hadoop-ozone/integration-test/target/test-dir/MiniOzoneClusterImpl-0a3c97a5-d59a-4532-afef-c4940c4c02aa/ozone-meta/datanode-3/ratis/dfaec798-2b57-45af-90d7-bebff4db9f45 has been successfully formatted.
2025-07-05 15:48:27,589 [b5b4f89f-93bb-4b69-9074-7f3b90eee2a4-groupManagement] INFO  ratis.ContainerStateMachine (ContainerStateMachine.java:initialize(339)) - b5b4f89f-93bb-4b69-9074-7f3b90eee2a4: initialize group-BEBFF4DB9F45
2025-07-05 15:48:27,589 [b5b4f89f-93bb-4b69-9074-7f3b90eee2a4-groupManagement] INFO  ratis.ContainerStateMachine (ContainerStateMachine.java:loadSnapshot(347)) - group-BEBFF4DB9F45: The snapshot info is null. Setting the last applied index to:<INITIAL_VALUE>
2025-07-05 15:48:27,590 [b5b4f89f-93bb-4b69-9074-7f3b90eee2a4-groupManagement] INFO  server.RaftServerConfigKeys (ConfUtils.java:logGet(62)) - raft.server.log.appender.buffer.byte-limit = 33554432 (custom)
2025-07-05 15:48:27,595 [EventQueue-PipelineReportForOneReplicaPipelineSafeModeRule] INFO  safemode.SCMSafeModeManager (SCMSafeModeManager.java:validateSafeModeExitRules(138)) - AtleastOneDatanodeReportedRule rule is successfully validated
2025-07-05 15:48:27,597 [b5b4f89f-93bb-4b69-9074-7f3b90eee2a4-groupManagement] INFO  server.RaftServerConfigKeys (ConfUtils.java:logGet(62)) - raft.server.log.segment.size.max = 67108864 (custom)
2025-07-05 15:48:27,598 [b5b4f89f-93bb-4b69-9074-7f3b90eee2a4-groupManagement] INFO  server.RaftServerConfigKeys (ConfUtils.java:logGet(62)) - raft.server.log.appender.buffer.byte-limit = 33554432 (custom)
2025-07-05 15:48:27,600 [b5b4f89f-93bb-4b69-9074-7f3b90eee2a4-groupManagement] INFO  util.AwaitToRun (AwaitToRun.java:start(81)) - Thread[#1193,b5b4f89f-93bb-4b69-9074-7f3b90eee2a4@group-BEBFF4DB9F45-cacheEviction-AwaitToRun,5,main] started
2025-07-05 15:48:27,601 [b5b4f89f-93bb-4b69-9074-7f3b90eee2a4-groupManagement] INFO  segmented.SegmentedRaftLogWorker (SegmentedRaftLogWorker.java:<init>(190)) - new b5b4f89f-93bb-4b69-9074-7f3b90eee2a4@group-BEBFF4DB9F45-SegmentedRaftLogWorker for RaftStorageImpl:Storage Directory /home/runner/work/ozone/ozone/hadoop-ozone/integration-test/target/test-dir/MiniOzoneClusterImpl-0a3c97a5-d59a-4532-afef-c4940c4c02aa/ozone-meta/datanode-3/ratis/dfaec798-2b57-45af-90d7-bebff4db9f45
2025-07-05 15:48:27,601 [b5b4f89f-93bb-4b69-9074-7f3b90eee2a4-groupManagement] INFO  server.RaftServerConfigKeys (ConfUtils.java:logGet(62)) - raft.server.log.queue.byte-limit = 4294967296 (custom)
2025-07-05 15:48:27,601 [b5b4f89f-93bb-4b69-9074-7f3b90eee2a4-groupManagement] INFO  server.RaftServerConfigKeys (ConfUtils.java:logGet(62)) - raft.server.log.segment.size.max = 67108864 (custom)
2025-07-05 15:48:27,601 [b5b4f89f-93bb-4b69-9074-7f3b90eee2a4-groupManagement] INFO  server.RaftServerConfigKeys (ConfUtils.java:logGet(62)) - raft.server.log.preallocated.size = 4194304 (custom)
2025-07-05 15:48:27,602 [b5b4f89f-93bb-4b69-9074-7f3b90eee2a4-groupManagement] INFO  server.RaftServerConfigKeys (ConfUtils.java:logGet(62)) - raft.server.log.write.buffer.size = 33554440 (custom)
2025-07-05 15:48:27,611 [IPC Server handler 3 on default port 15002] INFO  net.NetworkTopologyImpl (NetworkTopologyImpl.java:add(133)) - Added a new node: /default-rack/d8f38f7e-70e8-450f-85ae-2cee56d3f445
2025-07-05 15:48:27,612 [IPC Server handler 3 on default port 15002] INFO  node.SCMNodeManager (SCMNodeManager.java:register(423)) - Registered datanode: d8f38f7e-70e8-450f-85ae-2cee56d3f445{ip: 127.0.0.1, host: localhost, ports: [HTTP=15074, CLIENT_RPC=15075, REPLICATION=15081, RATIS=15077, RATIS_ADMIN=15078, RATIS_SERVER=15079, RATIS_DATASTREAM=15080, STANDALONE=15076], networkLocation: /default-rack, certSerialId: null, persistedOpState: null, persistedOpStateExpiryEpochSec: 0}
2025-07-05 15:48:27,613 [EventQueue-NewNodeForNewNodeHandler] INFO  pipeline.BackgroundPipelineCreator (BackgroundPipelineCreator.java:notifyEventTriggered(290)) - trigger a one-shot run on RatisPipelineUtilsThread.
2025-07-05 15:48:27,613 [EventQueue-PipelineReportForOneReplicaPipelineSafeModeRule] INFO  safemode.SCMSafeModeManager (SCMSafeModeManager.java:validateSafeModeExitRules(138)) - AtleastOneDatanodeReportedRule rule is successfully validated
2025-07-05 15:48:27,614 [EventQueue-ContainerRegistrationReportForECContainerSafeModeRule] INFO  safemode.SCMSafeModeManager (SCMSafeModeManager.java:validateSafeModeExitRules(138)) - ECContainerSafeModeRule rule is successfully validated
2025-07-05 15:48:27,614 [EventQueue-ContainerRegistrationReportForRatisContainerSafeModeRule] INFO  safemode.SCMSafeModeManager (SCMSafeModeManager.java:validateSafeModeExitRules(138)) - RatisContainerSafeModeRule rule is successfully validated
2025-07-05 15:48:27,613 [b5b4f89f-93bb-4b69-9074-7f3b90eee2a4-groupManagement] INFO  server.RaftServerConfigKeys (ConfUtils.java:logGet(62)) - raft.server.log.appender.buffer.byte-limit = 33554432 (custom)
2025-07-05 15:48:27,615 [b5b4f89f-93bb-4b69-9074-7f3b90eee2a4-groupManagement] INFO  segmented.SegmentedRaftLogWorker (SegmentedRaftLogWorker.java:lambda$new$0(141)) - b5b4f89f-93bb-4b69-9074-7f3b90eee2a4@group-BEBFF4DB9F45-SegmentedRaftLogWorker: flushIndex: setUnconditionally 0 -> -1
2025-07-05 15:48:27,615 [b5b4f89f-93bb-4b69-9074-7f3b90eee2a4-groupManagement] INFO  segmented.SegmentedRaftLogWorker (SegmentedRaftLogWorker.java:lambda$new$0(141)) - b5b4f89f-93bb-4b69-9074-7f3b90eee2a4@group-BEBFF4DB9F45-SegmentedRaftLogWorker: safeCacheEvictIndex: setUnconditionally 0 -> -1
2025-07-05 15:48:27,616 [b5b4f89f-93bb-4b69-9074-7f3b90eee2a4-groupManagement] INFO  server.RaftServer$Division (RaftServerImpl.java:start(405)) - b5b4f89f-93bb-4b69-9074-7f3b90eee2a4@group-BEBFF4DB9F45: start as a follower, conf=conf: {index: -1, cur=peers:[a2ddbc4c-912b-4a1a-89ce-9bbeea094c2b|127.0.0.1:15023, b5b4f89f-93bb-4b69-9074-7f3b90eee2a4|127.0.0.1:15031, 05378834-8d64-4004-85b0-7f2e6f6e22dc|127.0.0.1:15015]|listeners:[], old=null}
2025-07-05 15:48:27,616 [RatisPipelineUtilsThread-0] INFO  pipeline.RatisPipelineProvider (RatisPipelineProvider.java:lambda$create$0(208)) - Sending CreatePipelineCommand for pipeline:Pipeline-e6b93728-3fa6-44fd-b8ff-85d4d12ad658 to datanode:d8f38f7e-70e8-450f-85ae-2cee56d3f445(localhost/127.0.0.1)
2025-07-05 15:48:27,616 [b5b4f89f-93bb-4b69-9074-7f3b90eee2a4-groupManagement] INFO  server.RaftServer$Division (RaftServerImpl.java:setRole(392)) - b5b4f89f-93bb-4b69-9074-7f3b90eee2a4@group-BEBFF4DB9F45: changes role from      null to FOLLOWER at term 0 for startAsFollower
2025-07-05 15:48:27,616 [b5b4f89f-93bb-4b69-9074-7f3b90eee2a4-groupManagement] INFO  impl.RoleInfo (RoleInfo.java:updateAndGet(148)) - b5b4f89f-93bb-4b69-9074-7f3b90eee2a4: start b5b4f89f-93bb-4b69-9074-7f3b90eee2a4@group-BEBFF4DB9F45-FollowerState
2025-07-05 15:48:27,617 [b5b4f89f-93bb-4b69-9074-7f3b90eee2a4-groupManagement] INFO  util.JmxRegister (JmxRegister.java:tryRegister(44)) - Successfully registered JMX Bean with object name Ratis:service=RaftServer,group=group-BEBFF4DB9F45,id=b5b4f89f-93bb-4b69-9074-7f3b90eee2a4
2025-07-05 15:48:27,617 [b5b4f89f-93bb-4b69-9074-7f3b90eee2a4-groupManagement] INFO  util.JmxRegister (JmxRegister.java:register(58)) - register mxBean class org.apache.ratis.server.impl.RaftServerJmxAdapter as Ratis:service=RaftServer,group=group-BEBFF4DB9F45,id=b5b4f89f-93bb-4b69-9074-7f3b90eee2a4
2025-07-05 15:48:27,617 [EventQueue-NodeRegistrationContainerReportForDataNodeSafeModeRule] INFO  safemode.SCMSafeModeManager (SCMSafeModeManager.java:validateSafeModeExitRules(138)) - DataNodeSafeModeRule rule is successfully validated
2025-07-05 15:48:27,620 [b5b4f89f-93bb-4b69-9074-7f3b90eee2a4-groupManagement] INFO  server.RaftServer$Division (RaftServerImpl.java:start(419)) - b5b4f89f-93bb-4b69-9074-7f3b90eee2a4@group-BEBFF4DB9F45: Successfully started.
2025-07-05 15:48:27,621 [67766547-47ec-4cca-936b-6c95be71f3ba@group-C4940C4C02AA-StateMachineUpdater] INFO  safemode.SCMSafeModeManager (SCMSafeModeManager.java:validateSafeModeExitRules(138)) - DataNodeSafeModeRule rule is successfully validated
2025-07-05 15:48:27,621 [67766547-47ec-4cca-936b-6c95be71f3ba@group-C4940C4C02AA-StateMachineUpdater] INFO  safemode.SCMSafeModeManager (SCMSafeModeManager.java:validateSafeModeExitRules(138)) - RatisContainerSafeModeRule rule is successfully validated
2025-07-05 15:48:27,622 [67766547-47ec-4cca-936b-6c95be71f3ba@group-C4940C4C02AA-StateMachineUpdater] INFO  safemode.HealthyPipelineSafeModeRule (HealthyPipelineSafeModeRule.java:initializeRule(228)) - Refreshed total pipeline count is 0, healthy pipeline threshold count is 1
2025-07-05 15:48:27,622 [67766547-47ec-4cca-936b-6c95be71f3ba@group-C4940C4C02AA-StateMachineUpdater] INFO  safemode.SCMSafeModeManager (SCMSafeModeManager.java:validateSafeModeExitRules(138)) - ECContainerSafeModeRule rule is successfully validated
2025-07-05 15:48:27,622 [67766547-47ec-4cca-936b-6c95be71f3ba@group-C4940C4C02AA-StateMachineUpdater] INFO  safemode.SCMSafeModeManager (SCMSafeModeManager.java:validateSafeModeExitRules(138)) - AtleastOneDatanodeReportedRule rule is successfully validated
2025-07-05 15:48:27,622 [RatisPipelineUtilsThread-0] INFO  pipeline.BackgroundPipelineCreator (BackgroundPipelineCreator.java:createPipelines(246)) - Created new pipeline Pipeline{ Id: e6b93728-3fa6-44fd-b8ff-85d4d12ad658, Nodes: [ {d8f38f7e-70e8-450f-85ae-2cee56d3f445(localhost/127.0.0.1), ReplicaIndex: 0},], ReplicationConfig: RATIS/ONE, State:ALLOCATED, leaderId:, CreationTimestamp2025-07-05T15:48:27.616399751Z[Etc/UTC]}
2025-07-05 15:48:27,623 [RatisPipelineUtilsThread-0] INFO  pipeline.RatisPipelineProvider (RatisPipelineProvider.java:lambda$create$0(208)) - Sending CreatePipelineCommand for pipeline:Pipeline-42e6736a-9a9f-49f5-be26-dddf55466c04 to datanode:d8f38f7e-70e8-450f-85ae-2cee56d3f445(localhost/127.0.0.1)
2025-07-05 15:48:27,624 [RatisPipelineUtilsThread-0] INFO  pipeline.RatisPipelineProvider (RatisPipelineProvider.java:lambda$create$0(208)) - Sending CreatePipelineCommand for pipeline:Pipeline-42e6736a-9a9f-49f5-be26-dddf55466c04 to datanode:a2863246-e653-4b31-a3d0-09f3a93c429f(localhost/127.0.0.1)
2025-07-05 15:48:27,624 [RatisPipelineUtilsThread-0] INFO  pipeline.RatisPipelineProvider (RatisPipelineProvider.java:lambda$create$0(208)) - Sending CreatePipelineCommand for pipeline:Pipeline-42e6736a-9a9f-49f5-be26-dddf55466c04 to datanode:092257cb-ba5a-4f8a-9b9c-d44861eaa450(localhost/127.0.0.1)
2025-07-05 15:48:27,628 [EventQueue-PipelineReportForOneReplicaPipelineSafeModeRule] INFO  safemode.SCMSafeModeManager (SCMSafeModeManager.java:validateSafeModeExitRules(138)) - AtleastOneDatanodeReportedRule rule is successfully validated
2025-07-05 15:48:27,630 [67766547-47ec-4cca-936b-6c95be71f3ba@group-C4940C4C02AA-StateMachineUpdater] INFO  safemode.SCMSafeModeManager (SCMSafeModeManager.java:validateSafeModeExitRules(138)) - DataNodeSafeModeRule rule is successfully validated
2025-07-05 15:48:27,631 [67766547-47ec-4cca-936b-6c95be71f3ba@group-C4940C4C02AA-StateMachineUpdater] INFO  safemode.SCMSafeModeManager (SCMSafeModeManager.java:validateSafeModeExitRules(138)) - RatisContainerSafeModeRule rule is successfully validated
2025-07-05 15:48:27,631 [67766547-47ec-4cca-936b-6c95be71f3ba@group-C4940C4C02AA-StateMachineUpdater] INFO  safemode.HealthyPipelineSafeModeRule (HealthyPipelineSafeModeRule.java:initializeRule(228)) - Refreshed total pipeline count is 0, healthy pipeline threshold count is 1
2025-07-05 15:48:27,631 [67766547-47ec-4cca-936b-6c95be71f3ba@group-C4940C4C02AA-StateMachineUpdater] INFO  safemode.SCMSafeModeManager (SCMSafeModeManager.java:validateSafeModeExitRules(138)) - ECContainerSafeModeRule rule is successfully validated
2025-07-05 15:48:27,631 [67766547-47ec-4cca-936b-6c95be71f3ba@group-C4940C4C02AA-StateMachineUpdater] INFO  safemode.SCMSafeModeManager (SCMSafeModeManager.java:validateSafeModeExitRules(138)) - AtleastOneDatanodeReportedRule rule is successfully validated
2025-07-05 15:48:27,631 [RatisPipelineUtilsThread-0] INFO  pipeline.BackgroundPipelineCreator (BackgroundPipelineCreator.java:createPipelines(246)) - Created new pipeline Pipeline{ Id: 42e6736a-9a9f-49f5-be26-dddf55466c04, Nodes: [ {d8f38f7e-70e8-450f-85ae-2cee56d3f445(localhost/127.0.0.1), ReplicaIndex: 0}, {a2863246-e653-4b31-a3d0-09f3a93c429f(localhost/127.0.0.1), ReplicaIndex: 0}, {092257cb-ba5a-4f8a-9b9c-d44861eaa450(localhost/127.0.0.1), ReplicaIndex: 0},], ReplicationConfig: RATIS/THREE, State:ALLOCATED, leaderId:, CreationTimestamp2025-07-05T15:48:27.623444262Z[Etc/UTC]}
2025-07-05 15:48:27,635 [RatisPipelineUtilsThread-0] INFO  pipeline.RatisPipelineProvider (RatisPipelineProvider.java:lambda$create$0(208)) - Sending CreatePipelineCommand for pipeline:Pipeline-9e1d7ac4-d74c-4252-8298-2da8b140ab24 to datanode:a2863246-e653-4b31-a3d0-09f3a93c429f(localhost/127.0.0.1)
2025-07-05 15:48:27,636 [RatisPipelineUtilsThread-0] INFO  pipeline.RatisPipelineProvider (RatisPipelineProvider.java:lambda$create$0(208)) - Sending CreatePipelineCommand for pipeline:Pipeline-9e1d7ac4-d74c-4252-8298-2da8b140ab24 to datanode:d8f38f7e-70e8-450f-85ae-2cee56d3f445(localhost/127.0.0.1)
2025-07-05 15:48:27,636 [RatisPipelineUtilsThread-0] INFO  pipeline.RatisPipelineProvider (RatisPipelineProvider.java:lambda$create$0(208)) - Sending CreatePipelineCommand for pipeline:Pipeline-9e1d7ac4-d74c-4252-8298-2da8b140ab24 to datanode:092257cb-ba5a-4f8a-9b9c-d44861eaa450(localhost/127.0.0.1)
2025-07-05 15:48:27,641 [67766547-47ec-4cca-936b-6c95be71f3ba@group-C4940C4C02AA-StateMachineUpdater] INFO  safemode.SCMSafeModeManager (SCMSafeModeManager.java:validateSafeModeExitRules(138)) - DataNodeSafeModeRule rule is successfully validated
2025-07-05 15:48:27,641 [67766547-47ec-4cca-936b-6c95be71f3ba@group-C4940C4C02AA-StateMachineUpdater] INFO  safemode.SCMSafeModeManager (SCMSafeModeManager.java:validateSafeModeExitRules(138)) - RatisContainerSafeModeRule rule is successfully validated
2025-07-05 15:48:27,642 [67766547-47ec-4cca-936b-6c95be71f3ba@group-C4940C4C02AA-StateMachineUpdater] INFO  safemode.HealthyPipelineSafeModeRule (HealthyPipelineSafeModeRule.java:initializeRule(228)) - Refreshed total pipeline count is 0, healthy pipeline threshold count is 1
2025-07-05 15:48:27,642 [67766547-47ec-4cca-936b-6c95be71f3ba@group-C4940C4C02AA-StateMachineUpdater] INFO  safemode.SCMSafeModeManager (SCMSafeModeManager.java:validateSafeModeExitRules(138)) - ECContainerSafeModeRule rule is successfully validated
2025-07-05 15:48:27,642 [67766547-47ec-4cca-936b-6c95be71f3ba@group-C4940C4C02AA-StateMachineUpdater] INFO  safemode.SCMSafeModeManager (SCMSafeModeManager.java:validateSafeModeExitRules(138)) - AtleastOneDatanodeReportedRule rule is successfully validated
2025-07-05 15:48:27,643 [RatisPipelineUtilsThread-0] INFO  pipeline.PipelineManagerImpl (PipelineManagerImpl.java:recordMetricsForPipeline(922)) - Pipeline-9e1d7ac4-d74c-4252-8298-2da8b140ab24 and Pipeline-42e6736a-9a9f-49f5-be26-dddf55466c04 have exactly the same set of datanodes: [a2863246-e653-4b31-a3d0-09f3a93c429f(localhost/127.0.0.1), d8f38f7e-70e8-450f-85ae-2cee56d3f445(localhost/127.0.0.1), 092257cb-ba5a-4f8a-9b9c-d44861eaa450(localhost/127.0.0.1)]
2025-07-05 15:48:27,643 [RatisPipelineUtilsThread-0] INFO  pipeline.BackgroundPipelineCreator (BackgroundPipelineCreator.java:createPipelines(246)) - Created new pipeline Pipeline{ Id: 9e1d7ac4-d74c-4252-8298-2da8b140ab24, Nodes: [ {a2863246-e653-4b31-a3d0-09f3a93c429f(localhost/127.0.0.1), ReplicaIndex: 0}, {d8f38f7e-70e8-450f-85ae-2cee56d3f445(localhost/127.0.0.1), ReplicaIndex: 0}, {092257cb-ba5a-4f8a-9b9c-d44861eaa450(localhost/127.0.0.1), ReplicaIndex: 0},], ReplicationConfig: RATIS/THREE, State:ALLOCATED, leaderId:, CreationTimestamp2025-07-05T15:48:27.635253494Z[Etc/UTC]}
2025-07-05 15:48:27,650 [grpc-default-executor-1] WARN  server.GrpcAdminProtocolService (GrpcAdminProtocolService.java:lambda$groupManagement$1(53)) - Failed groupManagement: GROUPADD, GroupManagementRequest:client-2F42E8244DCE->b5b4f89f-93bb-4b69-9074-7f3b90eee2a4@group-BEBFF4DB9F45, cid=3, seq=null, RW, null, Add:group-BEBFF4DB9F45:[a2ddbc4c-912b-4a1a-89ce-9bbeea094c2b|127.0.0.1:15023, b5b4f89f-93bb-4b69-9074-7f3b90eee2a4|127.0.0.1:15031, 05378834-8d64-4004-85b0-7f2e6f6e22dc|127.0.0.1:15015]
java.util.concurrent.CompletionException: org.apache.ratis.protocol.exceptions.AlreadyExistsException: b5b4f89f-93bb-4b69-9074-7f3b90eee2a4: Failed to add group-BEBFF4DB9F45:[a2ddbc4c-912b-4a1a-89ce-9bbeea094c2b|127.0.0.1:15023, b5b4f89f-93bb-4b69-9074-7f3b90eee2a4|127.0.0.1:15031, 05378834-8d64-4004-85b0-7f2e6f6e22dc|127.0.0.1:15015] since the group already exists in the map.
	at java.base/java.util.concurrent.CompletableFuture.encodeThrowable(CompletableFuture.java:332)
	at java.base/java.util.concurrent.CompletableFuture.uniApplyNow(CompletableFuture.java:674)
	at java.base/java.util.concurrent.CompletableFuture.uniApplyStage(CompletableFuture.java:662)
	at java.base/java.util.concurrent.CompletableFuture.thenApplyAsync(CompletableFuture.java:2210)
	at org.apache.ratis.server.impl.RaftServerProxy.groupAddAsync(RaftServerProxy.java:513)
	at org.apache.ratis.server.impl.RaftServerProxy.groupManagementAsync(RaftServerProxy.java:495)
	at org.apache.ratis.grpc.server.GrpcAdminProtocolService.lambda$groupManagement$0(GrpcAdminProtocolService.java:51)
	at org.apache.ratis.grpc.GrpcUtil.asyncCall(GrpcUtil.java:172)
	at org.apache.ratis.grpc.server.GrpcAdminProtocolService.groupManagement(GrpcAdminProtocolService.java:51)
	at org.apache.ratis.proto.grpc.AdminProtocolServiceGrpc$MethodHandlers.invoke(AdminProtocolServiceGrpc.java:701)
	at org.apache.ratis.thirdparty.io.grpc.stub.ServerCalls$UnaryServerCallHandler$UnaryServerCallListener.onHalfClose(ServerCalls.java:182)
	at org.apache.ratis.thirdparty.io.grpc.internal.ServerCallImpl$ServerStreamListenerImpl.halfClosed(ServerCallImpl.java:356)
	at org.apache.ratis.thirdparty.io.grpc.internal.ServerImpl$JumpToApplicationThreadServerStreamListener$1HalfClosed.runInContext(ServerImpl.java:861)
	at org.apache.ratis.thirdparty.io.grpc.internal.ContextRunnable.run(ContextRunnable.java:37)
	at org.apache.ratis.thirdparty.io.grpc.internal.SerializingExecutor.run(SerializingExecutor.java:133)
	at java.base/java.util.concurrent.ThreadPoolExecutor.runWorker(ThreadPoolExecutor.java:1144)
	at java.base/java.util.concurrent.ThreadPoolExecutor$Worker.run(ThreadPoolExecutor.java:642)
	at java.base/java.lang.Thread.run(Thread.java:1583)
Caused by: org.apache.ratis.protocol.exceptions.AlreadyExistsException: b5b4f89f-93bb-4b69-9074-7f3b90eee2a4: Failed to add group-BEBFF4DB9F45:[a2ddbc4c-912b-4a1a-89ce-9bbeea094c2b|127.0.0.1:15023, b5b4f89f-93bb-4b69-9074-7f3b90eee2a4|127.0.0.1:15031, 05378834-8d64-4004-85b0-7f2e6f6e22dc|127.0.0.1:15015] since the group already exists in the map.
	at org.apache.ratis.server.impl.RaftServerProxy$ImplMap.addNew(RaftServerProxy.java:99)
	at org.apache.ratis.server.impl.RaftServerProxy.groupAddAsync(RaftServerProxy.java:512)
	... 13 more
2025-07-05 15:48:27,663 [grpc-default-executor-1] WARN  server.GrpcAdminProtocolService (GrpcAdminProtocolService.java:lambda$groupManagement$1(53)) - Failed groupManagement: GROUPADD, GroupManagementRequest:client-093DCEE75416->05378834-8d64-4004-85b0-7f2e6f6e22dc@group-BEBFF4DB9F45, cid=4, seq=null, RW, null, Add:group-BEBFF4DB9F45:[a2ddbc4c-912b-4a1a-89ce-9bbeea094c2b|127.0.0.1:15023, b5b4f89f-93bb-4b69-9074-7f3b90eee2a4|127.0.0.1:15031, 05378834-8d64-4004-85b0-7f2e6f6e22dc|127.0.0.1:15015]
java.util.concurrent.CompletionException: org.apache.ratis.protocol.exceptions.AlreadyExistsException: 05378834-8d64-4004-85b0-7f2e6f6e22dc: Failed to add group-BEBFF4DB9F45:[a2ddbc4c-912b-4a1a-89ce-9bbeea094c2b|127.0.0.1:15023, b5b4f89f-93bb-4b69-9074-7f3b90eee2a4|127.0.0.1:15031, 05378834-8d64-4004-85b0-7f2e6f6e22dc|127.0.0.1:15015] since the group already exists in the map.
	at java.base/java.util.concurrent.CompletableFuture.encodeThrowable(CompletableFuture.java:332)
	at java.base/java.util.concurrent.CompletableFuture.uniApplyNow(CompletableFuture.java:674)
	at java.base/java.util.concurrent.CompletableFuture.uniApplyStage(CompletableFuture.java:662)
	at java.base/java.util.concurrent.CompletableFuture.thenApplyAsync(CompletableFuture.java:2210)
	at org.apache.ratis.server.impl.RaftServerProxy.groupAddAsync(RaftServerProxy.java:513)
	at org.apache.ratis.server.impl.RaftServerProxy.groupManagementAsync(RaftServerProxy.java:495)
	at org.apache.ratis.grpc.server.GrpcAdminProtocolService.lambda$groupManagement$0(GrpcAdminProtocolService.java:51)
	at org.apache.ratis.grpc.GrpcUtil.asyncCall(GrpcUtil.java:172)
	at org.apache.ratis.grpc.server.GrpcAdminProtocolService.groupManagement(GrpcAdminProtocolService.java:51)
	at org.apache.ratis.proto.grpc.AdminProtocolServiceGrpc$MethodHandlers.invoke(AdminProtocolServiceGrpc.java:701)
	at org.apache.ratis.thirdparty.io.grpc.stub.ServerCalls$UnaryServerCallHandler$UnaryServerCallListener.onHalfClose(ServerCalls.java:182)
	at org.apache.ratis.thirdparty.io.grpc.internal.ServerCallImpl$ServerStreamListenerImpl.halfClosed(ServerCallImpl.java:356)
	at org.apache.ratis.thirdparty.io.grpc.internal.ServerImpl$JumpToApplicationThreadServerStreamListener$1HalfClosed.runInContext(ServerImpl.java:861)
	at org.apache.ratis.thirdparty.io.grpc.internal.ContextRunnable.run(ContextRunnable.java:37)
	at org.apache.ratis.thirdparty.io.grpc.internal.SerializingExecutor.run(SerializingExecutor.java:133)
	at java.base/java.util.concurrent.ThreadPoolExecutor.runWorker(ThreadPoolExecutor.java:1144)
	at java.base/java.util.concurrent.ThreadPoolExecutor$Worker.run(ThreadPoolExecutor.java:642)
	at java.base/java.lang.Thread.run(Thread.java:1583)
Caused by: org.apache.ratis.protocol.exceptions.AlreadyExistsException: 05378834-8d64-4004-85b0-7f2e6f6e22dc: Failed to add group-BEBFF4DB9F45:[a2ddbc4c-912b-4a1a-89ce-9bbeea094c2b|127.0.0.1:15023, b5b4f89f-93bb-4b69-9074-7f3b90eee2a4|127.0.0.1:15031, 05378834-8d64-4004-85b0-7f2e6f6e22dc|127.0.0.1:15015] since the group already exists in the map.
	at org.apache.ratis.server.impl.RaftServerProxy$ImplMap.addNew(RaftServerProxy.java:99)
	at org.apache.ratis.server.impl.RaftServerProxy.groupAddAsync(RaftServerProxy.java:512)
	... 13 more
2025-07-05 15:48:27,664 [05378834-8d64-4004-85b0-7f2e6f6e22dc-PipelineCommandHandlerThread-0] INFO  commandhandler.CreatePipelineCommandHandler (CreatePipelineCommandHandler.java:lambda$handle$2(127)) - Created Pipeline RATIS THREE Pipeline-dfaec798-2b57-45af-90d7-bebff4db9f45.
2025-07-05 15:48:27,665 [05378834-8d64-4004-85b0-7f2e6f6e22dc-PipelineCommandHandlerThread-0] INFO  server.RaftServer (RaftServerProxy.java:addNew(105)) - 05378834-8d64-4004-85b0-7f2e6f6e22dc: addNew group-2AAED090774B:[a2ddbc4c-912b-4a1a-89ce-9bbeea094c2b|127.0.0.1:15023, b5b4f89f-93bb-4b69-9074-7f3b90eee2a4|127.0.0.1:15031, 05378834-8d64-4004-85b0-7f2e6f6e22dc|127.0.0.1:15015] returns group-2AAED090774B:java.util.concurrent.CompletableFuture@227eae34[Not completed]
2025-07-05 15:48:27,667 [05378834-8d64-4004-85b0-7f2e6f6e22dc-groupManagement] WARN  statemachine.DatanodeConfiguration (DatanodeConfiguration.java:validateMinFreeSpace(751)) - hdds.datanode.volume.min.free.space.percent = -1.0 is invalid, should be between 0 and 1
2025-07-05 15:48:27,667 [05378834-8d64-4004-85b0-7f2e6f6e22dc-groupManagement] INFO  server.RaftServer$Division (RaftServerImpl.java:<init>(268)) - 05378834-8d64-4004-85b0-7f2e6f6e22dc: new RaftServerImpl for group-2AAED090774B:[a2ddbc4c-912b-4a1a-89ce-9bbeea094c2b|127.0.0.1:15023, b5b4f89f-93bb-4b69-9074-7f3b90eee2a4|127.0.0.1:15031, 05378834-8d64-4004-85b0-7f2e6f6e22dc|127.0.0.1:15015] with ContainerStateMachine:uninitialized
2025-07-05 15:48:27,668 [05378834-8d64-4004-85b0-7f2e6f6e22dc-groupManagement] INFO  server.RaftServer$Division (ServerState.java:<init>(114)) - 05378834-8d64-4004-85b0-7f2e6f6e22dc@group-2AAED090774B: ConfigurationManager, init=conf: {index: -1, cur=peers:[a2ddbc4c-912b-4a1a-89ce-9bbeea094c2b|127.0.0.1:15023, b5b4f89f-93bb-4b69-9074-7f3b90eee2a4|127.0.0.1:15031, 05378834-8d64-4004-85b0-7f2e6f6e22dc|127.0.0.1:15015]|listeners:[], old=null}, confs=<EMPTY_MAP>
2025-07-05 15:48:27,676 [05378834-8d64-4004-85b0-7f2e6f6e22dc-groupManagement] INFO  server.RaftServerConfigKeys (ConfUtils.java:logGet(62)) - raft.server.storage.dir = [/home/runner/work/ozone/ozone/hadoop-ozone/integration-test/target/test-dir/MiniOzoneClusterImpl-0a3c97a5-d59a-4532-afef-c4940c4c02aa/ozone-meta/datanode-1/ratis] (custom)
2025-07-05 15:48:27,677 [05378834-8d64-4004-85b0-7f2e6f6e22dc-groupManagement] INFO  storage.RaftStorageDirectory (RaftStorageDirectoryImpl.java:analyzeStorage(138)) - The storage directory /home/runner/work/ozone/ozone/hadoop-ozone/integration-test/target/test-dir/MiniOzoneClusterImpl-0a3c97a5-d59a-4532-afef-c4940c4c02aa/ozone-meta/datanode-1/ratis/5c51267b-4932-49ac-9eae-2aaed090774b does not exist. Creating ...
2025-07-05 15:48:27,679 [a2ddbc4c-912b-4a1a-89ce-9bbeea094c2b-PipelineCommandHandlerThread-0] INFO  commandhandler.CreatePipelineCommandHandler (CreatePipelineCommandHandler.java:lambda$handle$2(127)) - Created Pipeline RATIS THREE Pipeline-dfaec798-2b57-45af-90d7-bebff4db9f45.
2025-07-05 15:48:27,679 [05378834-8d64-4004-85b0-7f2e6f6e22dc-groupManagement] INFO  storage.RaftStorageDirectory (RaftStorageDirectoryImpl.java:tryLock(229)) - Lock on /home/runner/work/ozone/ozone/hadoop-ozone/integration-test/target/test-dir/MiniOzoneClusterImpl-0a3c97a5-d59a-4532-afef-c4940c4c02aa/ozone-meta/datanode-1/ratis/5c51267b-4932-49ac-9eae-2aaed090774b/in_use.lock acquired by nodename 44235@localhost
2025-07-05 15:48:27,679 [a2ddbc4c-912b-4a1a-89ce-9bbeea094c2b-PipelineCommandHandlerThread-0] INFO  server.RaftServer (RaftServerProxy.java:addNew(105)) - a2ddbc4c-912b-4a1a-89ce-9bbeea094c2b: addNew group-2AAED090774B:[a2ddbc4c-912b-4a1a-89ce-9bbeea094c2b|127.0.0.1:15023, b5b4f89f-93bb-4b69-9074-7f3b90eee2a4|127.0.0.1:15031, 05378834-8d64-4004-85b0-7f2e6f6e22dc|127.0.0.1:15015] returns group-2AAED090774B:java.util.concurrent.CompletableFuture@749faa0c[Not completed]
2025-07-05 15:48:27,681 [05378834-8d64-4004-85b0-7f2e6f6e22dc-groupManagement] INFO  storage.RaftStorage (RaftStorageImpl.java:format(98)) - Storage directory /home/runner/work/ozone/ozone/hadoop-ozone/integration-test/target/test-dir/MiniOzoneClusterImpl-0a3c97a5-d59a-4532-afef-c4940c4c02aa/ozone-meta/datanode-1/ratis/5c51267b-4932-49ac-9eae-2aaed090774b has been successfully formatted.
2025-07-05 15:48:27,681 [a2ddbc4c-912b-4a1a-89ce-9bbeea094c2b-groupManagement] WARN  statemachine.DatanodeConfiguration (DatanodeConfiguration.java:validateMinFreeSpace(751)) - hdds.datanode.volume.min.free.space.percent = -1.0 is invalid, should be between 0 and 1
2025-07-05 15:48:27,681 [a2ddbc4c-912b-4a1a-89ce-9bbeea094c2b-groupManagement] INFO  server.RaftServer$Division (RaftServerImpl.java:<init>(268)) - a2ddbc4c-912b-4a1a-89ce-9bbeea094c2b: new RaftServerImpl for group-2AAED090774B:[a2ddbc4c-912b-4a1a-89ce-9bbeea094c2b|127.0.0.1:15023, b5b4f89f-93bb-4b69-9074-7f3b90eee2a4|127.0.0.1:15031, 05378834-8d64-4004-85b0-7f2e6f6e22dc|127.0.0.1:15015] with ContainerStateMachine:uninitialized
2025-07-05 15:48:27,681 [a2ddbc4c-912b-4a1a-89ce-9bbeea094c2b-groupManagement] INFO  server.RaftServer$Division (ServerState.java:<init>(114)) - a2ddbc4c-912b-4a1a-89ce-9bbeea094c2b@group-2AAED090774B: ConfigurationManager, init=conf: {index: -1, cur=peers:[a2ddbc4c-912b-4a1a-89ce-9bbeea094c2b|127.0.0.1:15023, b5b4f89f-93bb-4b69-9074-7f3b90eee2a4|127.0.0.1:15031, 05378834-8d64-4004-85b0-7f2e6f6e22dc|127.0.0.1:15015]|listeners:[], old=null}, confs=<EMPTY_MAP>
2025-07-05 15:48:27,683 [05378834-8d64-4004-85b0-7f2e6f6e22dc-groupManagement] INFO  ratis.ContainerStateMachine (ContainerStateMachine.java:initialize(339)) - 05378834-8d64-4004-85b0-7f2e6f6e22dc: initialize group-2AAED090774B
2025-07-05 15:48:27,683 [05378834-8d64-4004-85b0-7f2e6f6e22dc-groupManagement] INFO  ratis.ContainerStateMachine (ContainerStateMachine.java:loadSnapshot(347)) - group-2AAED090774B: The snapshot info is null. Setting the last applied index to:<INITIAL_VALUE>
2025-07-05 15:48:27,683 [05378834-8d64-4004-85b0-7f2e6f6e22dc-groupManagement] INFO  server.RaftServerConfigKeys (ConfUtils.java:logGet(62)) - raft.server.log.appender.buffer.byte-limit = 33554432 (custom)
2025-07-05 15:48:27,684 [EventQueue-PipelineReportForOneReplicaPipelineSafeModeRule] INFO  safemode.SCMSafeModeManager (SCMSafeModeManager.java:validateSafeModeExitRules(138)) - AtleastOneDatanodeReportedRule rule is successfully validated
2025-07-05 15:48:27,690 [05378834-8d64-4004-85b0-7f2e6f6e22dc-groupManagement] INFO  server.RaftServerConfigKeys (ConfUtils.java:logGet(62)) - raft.server.log.segment.size.max = 67108864 (custom)
2025-07-05 15:48:27,692 [05378834-8d64-4004-85b0-7f2e6f6e22dc-groupManagement] INFO  server.RaftServerConfigKeys (ConfUtils.java:logGet(62)) - raft.server.log.appender.buffer.byte-limit = 33554432 (custom)
2025-07-05 15:48:27,692 [05378834-8d64-4004-85b0-7f2e6f6e22dc-groupManagement] INFO  util.AwaitToRun (AwaitToRun.java:start(81)) - Thread[#1209,05378834-8d64-4004-85b0-7f2e6f6e22dc@group-2AAED090774B-cacheEviction-AwaitToRun,5,main] started
2025-07-05 15:48:27,692 [05378834-8d64-4004-85b0-7f2e6f6e22dc-groupManagement] INFO  segmented.SegmentedRaftLogWorker (SegmentedRaftLogWorker.java:<init>(190)) - new 05378834-8d64-4004-85b0-7f2e6f6e22dc@group-2AAED090774B-SegmentedRaftLogWorker for RaftStorageImpl:Storage Directory /home/runner/work/ozone/ozone/hadoop-ozone/integration-test/target/test-dir/MiniOzoneClusterImpl-0a3c97a5-d59a-4532-afef-c4940c4c02aa/ozone-meta/datanode-1/ratis/5c51267b-4932-49ac-9eae-2aaed090774b
2025-07-05 15:48:27,692 [05378834-8d64-4004-85b0-7f2e6f6e22dc-groupManagement] INFO  server.RaftServerConfigKeys (ConfUtils.java:logGet(62)) - raft.server.log.queue.byte-limit = 4294967296 (custom)
2025-07-05 15:48:27,692 [05378834-8d64-4004-85b0-7f2e6f6e22dc-groupManagement] INFO  server.RaftServerConfigKeys (ConfUtils.java:logGet(62)) - raft.server.log.segment.size.max = 67108864 (custom)
2025-07-05 15:48:27,693 [05378834-8d64-4004-85b0-7f2e6f6e22dc-groupManagement] INFO  server.RaftServerConfigKeys (ConfUtils.java:logGet(62)) - raft.server.log.preallocated.size = 4194304 (custom)
2025-07-05 15:48:27,694 [05378834-8d64-4004-85b0-7f2e6f6e22dc-groupManagement] INFO  server.RaftServerConfigKeys (ConfUtils.java:logGet(62)) - raft.server.log.write.buffer.size = 33554440 (custom)
2025-07-05 15:48:27,696 [b5b4f89f-93bb-4b69-9074-7f3b90eee2a4-PipelineCommandHandlerThread-0] INFO  server.RaftServer (RaftServerProxy.java:addNew(105)) - b5b4f89f-93bb-4b69-9074-7f3b90eee2a4: addNew group-71C65C083DD1:[b5b4f89f-93bb-4b69-9074-7f3b90eee2a4|127.0.0.1:15031] returns group-71C65C083DD1:java.util.concurrent.CompletableFuture@245c1f9a[Not completed]
2025-07-05 15:48:27,699 [a2ddbc4c-912b-4a1a-89ce-9bbeea094c2b-groupManagement] INFO  server.RaftServerConfigKeys (ConfUtils.java:logGet(62)) - raft.server.storage.dir = [/home/runner/work/ozone/ozone/hadoop-ozone/integration-test/target/test-dir/MiniOzoneClusterImpl-0a3c97a5-d59a-4532-afef-c4940c4c02aa/ozone-meta/datanode-2/ratis] (custom)
2025-07-05 15:48:27,700 [b5b4f89f-93bb-4b69-9074-7f3b90eee2a4-groupManagement] WARN  statemachine.DatanodeConfiguration (DatanodeConfiguration.java:validateMinFreeSpace(751)) - hdds.datanode.volume.min.free.space.percent = -1.0 is invalid, should be between 0 and 1
2025-07-05 15:48:27,700 [b5b4f89f-93bb-4b69-9074-7f3b90eee2a4-groupManagement] INFO  server.RaftServer$Division (RaftServerImpl.java:<init>(268)) - b5b4f89f-93bb-4b69-9074-7f3b90eee2a4: new RaftServerImpl for group-71C65C083DD1:[b5b4f89f-93bb-4b69-9074-7f3b90eee2a4|127.0.0.1:15031] with ContainerStateMachine:uninitialized
2025-07-05 15:48:27,700 [a2ddbc4c-912b-4a1a-89ce-9bbeea094c2b-groupManagement] INFO  storage.RaftStorageDirectory (RaftStorageDirectoryImpl.java:analyzeStorage(138)) - The storage directory /home/runner/work/ozone/ozone/hadoop-ozone/integration-test/target/test-dir/MiniOzoneClusterImpl-0a3c97a5-d59a-4532-afef-c4940c4c02aa/ozone-meta/datanode-2/ratis/5c51267b-4932-49ac-9eae-2aaed090774b does not exist. Creating ...
2025-07-05 15:48:27,700 [b5b4f89f-93bb-4b69-9074-7f3b90eee2a4-groupManagement] INFO  server.RaftServer$Division (ServerState.java:<init>(114)) - b5b4f89f-93bb-4b69-9074-7f3b90eee2a4@group-71C65C083DD1: ConfigurationManager, init=conf: {index: -1, cur=peers:[b5b4f89f-93bb-4b69-9074-7f3b90eee2a4|127.0.0.1:15031]|listeners:[], old=null}, confs=<EMPTY_MAP>
2025-07-05 15:48:27,702 [a2ddbc4c-912b-4a1a-89ce-9bbeea094c2b-groupManagement] INFO  storage.RaftStorageDirectory (RaftStorageDirectoryImpl.java:tryLock(229)) - Lock on /home/runner/work/ozone/ozone/hadoop-ozone/integration-test/target/test-dir/MiniOzoneClusterImpl-0a3c97a5-d59a-4532-afef-c4940c4c02aa/ozone-meta/datanode-2/ratis/5c51267b-4932-49ac-9eae-2aaed090774b/in_use.lock acquired by nodename 44235@localhost
2025-07-05 15:48:27,704 [05378834-8d64-4004-85b0-7f2e6f6e22dc-groupManagement] INFO  server.RaftServerConfigKeys (ConfUtils.java:logGet(62)) - raft.server.log.appender.buffer.byte-limit = 33554432 (custom)
2025-07-05 15:48:27,704 [05378834-8d64-4004-85b0-7f2e6f6e22dc-groupManagement] INFO  segmented.SegmentedRaftLogWorker (SegmentedRaftLogWorker.java:lambda$new$0(141)) - 05378834-8d64-4004-85b0-7f2e6f6e22dc@group-2AAED090774B-SegmentedRaftLogWorker: flushIndex: setUnconditionally 0 -> -1
2025-07-05 15:48:27,704 [05378834-8d64-4004-85b0-7f2e6f6e22dc-groupManagement] INFO  segmented.SegmentedRaftLogWorker (SegmentedRaftLogWorker.java:lambda$new$0(141)) - 05378834-8d64-4004-85b0-7f2e6f6e22dc@group-2AAED090774B-SegmentedRaftLogWorker: safeCacheEvictIndex: setUnconditionally 0 -> -1
2025-07-05 15:48:27,706 [EventQueue-PipelineReportForOneReplicaPipelineSafeModeRule] INFO  safemode.SCMSafeModeManager (SCMSafeModeManager.java:validateSafeModeExitRules(138)) - AtleastOneDatanodeReportedRule rule is successfully validated
2025-07-05 15:48:27,706 [05378834-8d64-4004-85b0-7f2e6f6e22dc-groupManagement] INFO  server.RaftServer$Division (RaftServerImpl.java:start(405)) - 05378834-8d64-4004-85b0-7f2e6f6e22dc@group-2AAED090774B: start as a follower, conf=conf: {index: -1, cur=peers:[a2ddbc4c-912b-4a1a-89ce-9bbeea094c2b|127.0.0.1:15023, b5b4f89f-93bb-4b69-9074-7f3b90eee2a4|127.0.0.1:15031, 05378834-8d64-4004-85b0-7f2e6f6e22dc|127.0.0.1:15015]|listeners:[], old=null}
2025-07-05 15:48:27,706 [05378834-8d64-4004-85b0-7f2e6f6e22dc-groupManagement] INFO  server.RaftServer$Division (RaftServerImpl.java:setRole(392)) - 05378834-8d64-4004-85b0-7f2e6f6e22dc@group-2AAED090774B: changes role from      null to FOLLOWER at term 0 for startAsFollower
2025-07-05 15:48:27,706 [05378834-8d64-4004-85b0-7f2e6f6e22dc-groupManagement] INFO  impl.RoleInfo (RoleInfo.java:updateAndGet(148)) - 05378834-8d64-4004-85b0-7f2e6f6e22dc: start 05378834-8d64-4004-85b0-7f2e6f6e22dc@group-2AAED090774B-FollowerState
2025-07-05 15:48:27,707 [a2ddbc4c-912b-4a1a-89ce-9bbeea094c2b-groupManagement] INFO  storage.RaftStorage (RaftStorageImpl.java:format(98)) - Storage directory /home/runner/work/ozone/ozone/hadoop-ozone/integration-test/target/test-dir/MiniOzoneClusterImpl-0a3c97a5-d59a-4532-afef-c4940c4c02aa/ozone-meta/datanode-2/ratis/5c51267b-4932-49ac-9eae-2aaed090774b has been successfully formatted.
2025-07-05 15:48:27,707 [05378834-8d64-4004-85b0-7f2e6f6e22dc-groupManagement] INFO  util.JmxRegister (JmxRegister.java:tryRegister(44)) - Successfully registered JMX Bean with object name Ratis:service=RaftServer,group=group-2AAED090774B,id=05378834-8d64-4004-85b0-7f2e6f6e22dc
2025-07-05 15:48:27,707 [05378834-8d64-4004-85b0-7f2e6f6e22dc-groupManagement] INFO  util.JmxRegister (JmxRegister.java:register(58)) - register mxBean class org.apache.ratis.server.impl.RaftServerJmxAdapter as Ratis:service=RaftServer,group=group-2AAED090774B,id=05378834-8d64-4004-85b0-7f2e6f6e22dc
2025-07-05 15:48:27,708 [a2ddbc4c-912b-4a1a-89ce-9bbeea094c2b-groupManagement] INFO  ratis.ContainerStateMachine (ContainerStateMachine.java:initialize(339)) - a2ddbc4c-912b-4a1a-89ce-9bbeea094c2b: initialize group-2AAED090774B
2025-07-05 15:48:27,708 [a2ddbc4c-912b-4a1a-89ce-9bbeea094c2b-groupManagement] INFO  ratis.ContainerStateMachine (ContainerStateMachine.java:loadSnapshot(347)) - group-2AAED090774B: The snapshot info is null. Setting the last applied index to:<INITIAL_VALUE>
2025-07-05 15:48:27,708 [a2ddbc4c-912b-4a1a-89ce-9bbeea094c2b-groupManagement] INFO  server.RaftServerConfigKeys (ConfUtils.java:logGet(62)) - raft.server.log.appender.buffer.byte-limit = 33554432 (custom)
2025-07-05 15:48:27,712 [EventQueue-PipelineReportForOneReplicaPipelineSafeModeRule] INFO  safemode.SCMSafeModeManager (SCMSafeModeManager.java:validateSafeModeExitRules(138)) - AtleastOneDatanodeReportedRule rule is successfully validated
2025-07-05 15:48:27,712 [05378834-8d64-4004-85b0-7f2e6f6e22dc-groupManagement] INFO  server.RaftServer$Division (RaftServerImpl.java:start(419)) - 05378834-8d64-4004-85b0-7f2e6f6e22dc@group-2AAED090774B: Successfully started.
2025-07-05 15:48:27,713 [05378834-8d64-4004-85b0-7f2e6f6e22dc-PipelineCommandHandlerThread-0] INFO  ratis.XceiverServerRatis (XceiverServerRatis.java:addGroup(843)) - Created group Pipeline-5c51267b-4932-49ac-9eae-2aaed090774b
2025-07-05 15:48:27,716 [b5b4f89f-93bb-4b69-9074-7f3b90eee2a4-groupManagement] INFO  server.RaftServerConfigKeys (ConfUtils.java:logGet(62)) - raft.server.storage.dir = [/home/runner/work/ozone/ozone/hadoop-ozone/integration-test/target/test-dir/MiniOzoneClusterImpl-0a3c97a5-d59a-4532-afef-c4940c4c02aa/ozone-meta/datanode-3/ratis] (custom)
2025-07-05 15:48:27,718 [b5b4f89f-93bb-4b69-9074-7f3b90eee2a4-groupManagement] INFO  storage.RaftStorageDirectory (RaftStorageDirectoryImpl.java:analyzeStorage(138)) - The storage directory /home/runner/work/ozone/ozone/hadoop-ozone/integration-test/target/test-dir/MiniOzoneClusterImpl-0a3c97a5-d59a-4532-afef-c4940c4c02aa/ozone-meta/datanode-3/ratis/7849761d-e98b-4551-9208-71c65c083dd1 does not exist. Creating ...
2025-07-05 15:48:27,719 [a2ddbc4c-912b-4a1a-89ce-9bbeea094c2b-groupManagement] INFO  server.RaftServerConfigKeys (ConfUtils.java:logGet(62)) - raft.server.log.segment.size.max = 67108864 (custom)
2025-07-05 15:48:27,720 [a2ddbc4c-912b-4a1a-89ce-9bbeea094c2b-groupManagement] INFO  server.RaftServerConfigKeys (ConfUtils.java:logGet(62)) - raft.server.log.appender.buffer.byte-limit = 33554432 (custom)
2025-07-05 15:48:27,721 [a2ddbc4c-912b-4a1a-89ce-9bbeea094c2b-groupManagement] INFO  util.AwaitToRun (AwaitToRun.java:start(81)) - Thread[#1214,a2ddbc4c-912b-4a1a-89ce-9bbeea094c2b@group-2AAED090774B-cacheEviction-AwaitToRun,5,main] started
2025-07-05 15:48:27,721 [b5b4f89f-93bb-4b69-9074-7f3b90eee2a4-groupManagement] INFO  storage.RaftStorageDirectory (RaftStorageDirectoryImpl.java:tryLock(229)) - Lock on /home/runner/work/ozone/ozone/hadoop-ozone/integration-test/target/test-dir/MiniOzoneClusterImpl-0a3c97a5-d59a-4532-afef-c4940c4c02aa/ozone-meta/datanode-3/ratis/7849761d-e98b-4551-9208-71c65c083dd1/in_use.lock acquired by nodename 44235@localhost
2025-07-05 15:48:27,721 [a2ddbc4c-912b-4a1a-89ce-9bbeea094c2b-groupManagement] INFO  segmented.SegmentedRaftLogWorker (SegmentedRaftLogWorker.java:<init>(190)) - new a2ddbc4c-912b-4a1a-89ce-9bbeea094c2b@group-2AAED090774B-SegmentedRaftLogWorker for RaftStorageImpl:Storage Directory /home/runner/work/ozone/ozone/hadoop-ozone/integration-test/target/test-dir/MiniOzoneClusterImpl-0a3c97a5-d59a-4532-afef-c4940c4c02aa/ozone-meta/datanode-2/ratis/5c51267b-4932-49ac-9eae-2aaed090774b
2025-07-05 15:48:27,721 [a2ddbc4c-912b-4a1a-89ce-9bbeea094c2b-groupManagement] INFO  server.RaftServerConfigKeys (ConfUtils.java:logGet(62)) - raft.server.log.queue.byte-limit = 4294967296 (custom)
2025-07-05 15:48:27,722 [a2ddbc4c-912b-4a1a-89ce-9bbeea094c2b-groupManagement] INFO  server.RaftServerConfigKeys (ConfUtils.java:logGet(62)) - raft.server.log.segment.size.max = 67108864 (custom)
2025-07-05 15:48:27,722 [a2ddbc4c-912b-4a1a-89ce-9bbeea094c2b-groupManagement] INFO  server.RaftServerConfigKeys (ConfUtils.java:logGet(62)) - raft.server.log.preallocated.size = 4194304 (custom)
2025-07-05 15:48:27,723 [a2ddbc4c-912b-4a1a-89ce-9bbeea094c2b-groupManagement] INFO  server.RaftServerConfigKeys (ConfUtils.java:logGet(62)) - raft.server.log.write.buffer.size = 33554440 (custom)
2025-07-05 15:48:27,723 [b5b4f89f-93bb-4b69-9074-7f3b90eee2a4-groupManagement] INFO  storage.RaftStorage (RaftStorageImpl.java:format(98)) - Storage directory /home/runner/work/ozone/ozone/hadoop-ozone/integration-test/target/test-dir/MiniOzoneClusterImpl-0a3c97a5-d59a-4532-afef-c4940c4c02aa/ozone-meta/datanode-3/ratis/7849761d-e98b-4551-9208-71c65c083dd1 has been successfully formatted.
2025-07-05 15:48:27,724 [b5b4f89f-93bb-4b69-9074-7f3b90eee2a4-groupManagement] INFO  ratis.ContainerStateMachine (ContainerStateMachine.java:initialize(339)) - b5b4f89f-93bb-4b69-9074-7f3b90eee2a4: initialize group-71C65C083DD1
2025-07-05 15:48:27,725 [b5b4f89f-93bb-4b69-9074-7f3b90eee2a4-groupManagement] INFO  ratis.ContainerStateMachine (ContainerStateMachine.java:loadSnapshot(347)) - group-71C65C083DD1: The snapshot info is null. Setting the last applied index to:<INITIAL_VALUE>
2025-07-05 15:48:27,725 [b5b4f89f-93bb-4b69-9074-7f3b90eee2a4-groupManagement] INFO  server.RaftServerConfigKeys (ConfUtils.java:logGet(62)) - raft.server.log.appender.buffer.byte-limit = 33554432 (custom)
2025-07-05 15:48:27,727 [grpc-default-executor-1] INFO  server.RaftServer (RaftServerProxy.java:addNew(105)) - b5b4f89f-93bb-4b69-9074-7f3b90eee2a4: addNew group-2AAED090774B:[a2ddbc4c-912b-4a1a-89ce-9bbeea094c2b|127.0.0.1:15023, b5b4f89f-93bb-4b69-9074-7f3b90eee2a4|127.0.0.1:15031, 05378834-8d64-4004-85b0-7f2e6f6e22dc|127.0.0.1:15015] returns group-2AAED090774B:java.util.concurrent.CompletableFuture@42387304[Not completed]
2025-07-05 15:48:27,729 [EventQueue-PipelineReportForOneReplicaPipelineSafeModeRule] INFO  safemode.SCMSafeModeManager (SCMSafeModeManager.java:validateSafeModeExitRules(138)) - AtleastOneDatanodeReportedRule rule is successfully validated
2025-07-05 15:48:27,730 [b5b4f89f-93bb-4b69-9074-7f3b90eee2a4-groupManagement] INFO  server.RaftServerConfigKeys (ConfUtils.java:logGet(62)) - raft.server.log.segment.size.max = 67108864 (custom)
2025-07-05 15:48:27,731 [b5b4f89f-93bb-4b69-9074-7f3b90eee2a4-groupManagement] INFO  server.RaftServerConfigKeys (ConfUtils.java:logGet(62)) - raft.server.log.appender.buffer.byte-limit = 33554432 (custom)
2025-07-05 15:48:27,732 [b5b4f89f-93bb-4b69-9074-7f3b90eee2a4-groupManagement] INFO  util.AwaitToRun (AwaitToRun.java:start(81)) - Thread[#1215,b5b4f89f-93bb-4b69-9074-7f3b90eee2a4@group-71C65C083DD1-cacheEviction-AwaitToRun,5,main] started
2025-07-05 15:48:27,732 [b5b4f89f-93bb-4b69-9074-7f3b90eee2a4-groupManagement] INFO  segmented.SegmentedRaftLogWorker (SegmentedRaftLogWorker.java:<init>(190)) - new b5b4f89f-93bb-4b69-9074-7f3b90eee2a4@group-71C65C083DD1-SegmentedRaftLogWorker for RaftStorageImpl:Storage Directory /home/runner/work/ozone/ozone/hadoop-ozone/integration-test/target/test-dir/MiniOzoneClusterImpl-0a3c97a5-d59a-4532-afef-c4940c4c02aa/ozone-meta/datanode-3/ratis/7849761d-e98b-4551-9208-71c65c083dd1
2025-07-05 15:48:27,732 [b5b4f89f-93bb-4b69-9074-7f3b90eee2a4-groupManagement] INFO  server.RaftServerConfigKeys (ConfUtils.java:logGet(62)) - raft.server.log.queue.byte-limit = 4294967296 (custom)
2025-07-05 15:48:27,732 [b5b4f89f-93bb-4b69-9074-7f3b90eee2a4-groupManagement] INFO  server.RaftServerConfigKeys (ConfUtils.java:logGet(62)) - raft.server.log.segment.size.max = 67108864 (custom)
2025-07-05 15:48:27,733 [b5b4f89f-93bb-4b69-9074-7f3b90eee2a4-groupManagement] INFO  server.RaftServerConfigKeys (ConfUtils.java:logGet(62)) - raft.server.log.preallocated.size = 4194304 (custom)
2025-07-05 15:48:27,733 [b5b4f89f-93bb-4b69-9074-7f3b90eee2a4-groupManagement] INFO  server.RaftServerConfigKeys (ConfUtils.java:logGet(62)) - raft.server.log.write.buffer.size = 33554440 (custom)
2025-07-05 15:48:27,734 [67766547-47ec-4cca-936b-6c95be71f3ba@group-C4940C4C02AA-StateMachineUpdater] INFO  safemode.SCMSafeModeManager (SCMSafeModeManager.java:validateSafeModeExitRules(138)) - DataNodeSafeModeRule rule is successfully validated
2025-07-05 15:48:27,735 [67766547-47ec-4cca-936b-6c95be71f3ba@group-C4940C4C02AA-StateMachineUpdater] INFO  safemode.SCMSafeModeManager (SCMSafeModeManager.java:validateSafeModeExitRules(138)) - RatisContainerSafeModeRule rule is successfully validated
2025-07-05 15:48:27,735 [67766547-47ec-4cca-936b-6c95be71f3ba@group-C4940C4C02AA-StateMachineUpdater] INFO  safemode.HealthyPipelineSafeModeRule (HealthyPipelineSafeModeRule.java:initializeRule(228)) - Refreshed total pipeline count is 0, healthy pipeline threshold count is 1
2025-07-05 15:48:27,736 [67766547-47ec-4cca-936b-6c95be71f3ba@group-C4940C4C02AA-StateMachineUpdater] INFO  safemode.SCMSafeModeManager (SCMSafeModeManager.java:validateSafeModeExitRules(138)) - ECContainerSafeModeRule rule is successfully validated
2025-07-05 15:48:27,736 [67766547-47ec-4cca-936b-6c95be71f3ba@group-C4940C4C02AA-StateMachineUpdater] INFO  safemode.SCMSafeModeManager (SCMSafeModeManager.java:validateSafeModeExitRules(138)) - AtleastOneDatanodeReportedRule rule is successfully validated
2025-07-05 15:48:27,736 [EventQueue-PipelineReportForPipelineReportHandler] INFO  pipeline.PipelineReportHandler (PipelineReportHandler.java:processPipelineReport(134)) - Opened pipeline Pipeline-7849761d-e98b-4551-9208-71c65c083dd1
2025-07-05 15:48:27,739 [a2ddbc4c-912b-4a1a-89ce-9bbeea094c2b-groupManagement] INFO  server.RaftServerConfigKeys (ConfUtils.java:logGet(62)) - raft.server.log.appender.buffer.byte-limit = 33554432 (custom)
2025-07-05 15:48:27,740 [a2ddbc4c-912b-4a1a-89ce-9bbeea094c2b-groupManagement] INFO  segmented.SegmentedRaftLogWorker (SegmentedRaftLogWorker.java:lambda$new$0(141)) - a2ddbc4c-912b-4a1a-89ce-9bbeea094c2b@group-2AAED090774B-SegmentedRaftLogWorker: flushIndex: setUnconditionally 0 -> -1
2025-07-05 15:48:27,740 [a2ddbc4c-912b-4a1a-89ce-9bbeea094c2b-groupManagement] INFO  segmented.SegmentedRaftLogWorker (SegmentedRaftLogWorker.java:lambda$new$0(141)) - a2ddbc4c-912b-4a1a-89ce-9bbeea094c2b@group-2AAED090774B-SegmentedRaftLogWorker: safeCacheEvictIndex: setUnconditionally 0 -> -1
2025-07-05 15:48:27,740 [a2ddbc4c-912b-4a1a-89ce-9bbeea094c2b-groupManagement] INFO  server.RaftServer$Division (RaftServerImpl.java:start(405)) - a2ddbc4c-912b-4a1a-89ce-9bbeea094c2b@group-2AAED090774B: start as a follower, conf=conf: {index: -1, cur=peers:[a2ddbc4c-912b-4a1a-89ce-9bbeea094c2b|127.0.0.1:15023, b5b4f89f-93bb-4b69-9074-7f3b90eee2a4|127.0.0.1:15031, 05378834-8d64-4004-85b0-7f2e6f6e22dc|127.0.0.1:15015]|listeners:[], old=null}
2025-07-05 15:48:27,741 [a2ddbc4c-912b-4a1a-89ce-9bbeea094c2b-groupManagement] INFO  server.RaftServer$Division (RaftServerImpl.java:setRole(392)) - a2ddbc4c-912b-4a1a-89ce-9bbeea094c2b@group-2AAED090774B: changes role from      null to FOLLOWER at term 0 for startAsFollower
2025-07-05 15:48:27,741 [a2ddbc4c-912b-4a1a-89ce-9bbeea094c2b-groupManagement] INFO  impl.RoleInfo (RoleInfo.java:updateAndGet(148)) - a2ddbc4c-912b-4a1a-89ce-9bbeea094c2b: start a2ddbc4c-912b-4a1a-89ce-9bbeea094c2b@group-2AAED090774B-FollowerState
2025-07-05 15:48:27,742 [b5b4f89f-93bb-4b69-9074-7f3b90eee2a4-groupManagement] INFO  server.RaftServerConfigKeys (ConfUtils.java:logGet(62)) - raft.server.log.appender.buffer.byte-limit = 33554432 (custom)
2025-07-05 15:48:27,742 [a2ddbc4c-912b-4a1a-89ce-9bbeea094c2b-groupManagement] INFO  util.JmxRegister (JmxRegister.java:tryRegister(44)) - Successfully registered JMX Bean with object name Ratis:service=RaftServer,group=group-2AAED090774B,id=a2ddbc4c-912b-4a1a-89ce-9bbeea094c2b
2025-07-05 15:48:27,742 [a2ddbc4c-912b-4a1a-89ce-9bbeea094c2b-groupManagement] INFO  util.JmxRegister (JmxRegister.java:register(58)) - register mxBean class org.apache.ratis.server.impl.RaftServerJmxAdapter as Ratis:service=RaftServer,group=group-2AAED090774B,id=a2ddbc4c-912b-4a1a-89ce-9bbeea094c2b
2025-07-05 15:48:27,742 [b5b4f89f-93bb-4b69-9074-7f3b90eee2a4-groupManagement] INFO  segmented.SegmentedRaftLogWorker (SegmentedRaftLogWorker.java:lambda$new$0(141)) - b5b4f89f-93bb-4b69-9074-7f3b90eee2a4@group-71C65C083DD1-SegmentedRaftLogWorker: flushIndex: setUnconditionally 0 -> -1
2025-07-05 15:48:27,742 [b5b4f89f-93bb-4b69-9074-7f3b90eee2a4-groupManagement] INFO  segmented.SegmentedRaftLogWorker (SegmentedRaftLogWorker.java:lambda$new$0(141)) - b5b4f89f-93bb-4b69-9074-7f3b90eee2a4@group-71C65C083DD1-SegmentedRaftLogWorker: safeCacheEvictIndex: setUnconditionally 0 -> -1
2025-07-05 15:48:27,743 [b5b4f89f-93bb-4b69-9074-7f3b90eee2a4-groupManagement] INFO  server.RaftServer$Division (RaftServerImpl.java:start(405)) - b5b4f89f-93bb-4b69-9074-7f3b90eee2a4@group-71C65C083DD1: start as a follower, conf=conf: {index: -1, cur=peers:[b5b4f89f-93bb-4b69-9074-7f3b90eee2a4|127.0.0.1:15031]|listeners:[], old=null}
2025-07-05 15:48:27,743 [b5b4f89f-93bb-4b69-9074-7f3b90eee2a4-groupManagement] INFO  server.RaftServer$Division (RaftServerImpl.java:setRole(392)) - b5b4f89f-93bb-4b69-9074-7f3b90eee2a4@group-71C65C083DD1: changes role from      null to FOLLOWER at term 0 for startAsFollower
2025-07-05 15:48:27,743 [b5b4f89f-93bb-4b69-9074-7f3b90eee2a4-groupManagement] INFO  impl.RoleInfo (RoleInfo.java:updateAndGet(148)) - b5b4f89f-93bb-4b69-9074-7f3b90eee2a4: start b5b4f89f-93bb-4b69-9074-7f3b90eee2a4@group-71C65C083DD1-FollowerState
2025-07-05 15:48:27,744 [b5b4f89f-93bb-4b69-9074-7f3b90eee2a4-groupManagement] INFO  util.JmxRegister (JmxRegister.java:tryRegister(44)) - Successfully registered JMX Bean with object name Ratis:service=RaftServer,group=group-71C65C083DD1,id=b5b4f89f-93bb-4b69-9074-7f3b90eee2a4
2025-07-05 15:48:27,744 [b5b4f89f-93bb-4b69-9074-7f3b90eee2a4-groupManagement] INFO  util.JmxRegister (JmxRegister.java:register(58)) - register mxBean class org.apache.ratis.server.impl.RaftServerJmxAdapter as Ratis:service=RaftServer,group=group-71C65C083DD1,id=b5b4f89f-93bb-4b69-9074-7f3b90eee2a4
2025-07-05 15:48:27,745 [a2ddbc4c-912b-4a1a-89ce-9bbeea094c2b-groupManagement] INFO  server.RaftServer$Division (RaftServerImpl.java:start(419)) - a2ddbc4c-912b-4a1a-89ce-9bbeea094c2b@group-2AAED090774B: Successfully started.
2025-07-05 15:48:27,745 [b5b4f89f-93bb-4b69-9074-7f3b90eee2a4-groupManagement] INFO  server.RaftServer$Division (RaftServerImpl.java:start(419)) - b5b4f89f-93bb-4b69-9074-7f3b90eee2a4@group-71C65C083DD1: Successfully started.
2025-07-05 15:48:27,745 [b5b4f89f-93bb-4b69-9074-7f3b90eee2a4-PipelineCommandHandlerThread-0] INFO  ratis.XceiverServerRatis (XceiverServerRatis.java:addGroup(843)) - Created group Pipeline-7849761d-e98b-4551-9208-71c65c083dd1
2025-07-05 15:48:27,745 [b5b4f89f-93bb-4b69-9074-7f3b90eee2a4-PipelineCommandHandlerThread-0] INFO  commandhandler.CreatePipelineCommandHandler (CreatePipelineCommandHandler.java:lambda$handle$2(127)) - Created Pipeline RATIS ONE Pipeline-7849761d-e98b-4551-9208-71c65c083dd1.
2025-07-05 15:48:27,746 [a2ddbc4c-912b-4a1a-89ce-9bbeea094c2b-PipelineCommandHandlerThread-0] INFO  ratis.XceiverServerRatis (XceiverServerRatis.java:addGroup(843)) - Created group Pipeline-5c51267b-4932-49ac-9eae-2aaed090774b
2025-07-05 15:48:27,747 [b5b4f89f-93bb-4b69-9074-7f3b90eee2a4-groupManagement] WARN  statemachine.DatanodeConfiguration (DatanodeConfiguration.java:validateMinFreeSpace(751)) - hdds.datanode.volume.min.free.space.percent = -1.0 is invalid, should be between 0 and 1
2025-07-05 15:48:27,748 [b5b4f89f-93bb-4b69-9074-7f3b90eee2a4-groupManagement] INFO  server.RaftServer$Division (RaftServerImpl.java:<init>(268)) - b5b4f89f-93bb-4b69-9074-7f3b90eee2a4: new RaftServerImpl for group-2AAED090774B:[a2ddbc4c-912b-4a1a-89ce-9bbeea094c2b|127.0.0.1:15023, b5b4f89f-93bb-4b69-9074-7f3b90eee2a4|127.0.0.1:15031, 05378834-8d64-4004-85b0-7f2e6f6e22dc|127.0.0.1:15015] with ContainerStateMachine:uninitialized
2025-07-05 15:48:27,748 [b5b4f89f-93bb-4b69-9074-7f3b90eee2a4-groupManagement] INFO  server.RaftServer$Division (ServerState.java:<init>(114)) - b5b4f89f-93bb-4b69-9074-7f3b90eee2a4@group-2AAED090774B: ConfigurationManager, init=conf: {index: -1, cur=peers:[a2ddbc4c-912b-4a1a-89ce-9bbeea094c2b|127.0.0.1:15023, b5b4f89f-93bb-4b69-9074-7f3b90eee2a4|127.0.0.1:15031, 05378834-8d64-4004-85b0-7f2e6f6e22dc|127.0.0.1:15015]|listeners:[], old=null}, confs=<EMPTY_MAP>
2025-07-05 15:48:27,758 [b5b4f89f-93bb-4b69-9074-7f3b90eee2a4-groupManagement] INFO  storage.RaftStorageDirectory (RaftStorageDirectoryImpl.java:analyzeStorage(138)) - The storage directory /home/runner/work/ozone/ozone/hadoop-ozone/integration-test/target/test-dir/MiniOzoneClusterImpl-0a3c97a5-d59a-4532-afef-c4940c4c02aa/ozone-meta/datanode-3/ratis/5c51267b-4932-49ac-9eae-2aaed090774b does not exist. Creating ...
2025-07-05 15:48:27,759 [EventQueue-PipelineReportForOneReplicaPipelineSafeModeRule] INFO  safemode.SCMSafeModeManager (SCMSafeModeManager.java:validateSafeModeExitRules(138)) - AtleastOneDatanodeReportedRule rule is successfully validated
2025-07-05 15:48:27,760 [b5b4f89f-93bb-4b69-9074-7f3b90eee2a4-groupManagement] INFO  storage.RaftStorageDirectory (RaftStorageDirectoryImpl.java:tryLock(229)) - Lock on /home/runner/work/ozone/ozone/hadoop-ozone/integration-test/target/test-dir/MiniOzoneClusterImpl-0a3c97a5-d59a-4532-afef-c4940c4c02aa/ozone-meta/datanode-3/ratis/5c51267b-4932-49ac-9eae-2aaed090774b/in_use.lock acquired by nodename 44235@localhost
2025-07-05 15:48:27,761 [b5b4f89f-93bb-4b69-9074-7f3b90eee2a4-groupManagement] INFO  storage.RaftStorage (RaftStorageImpl.java:format(98)) - Storage directory /home/runner/work/ozone/ozone/hadoop-ozone/integration-test/target/test-dir/MiniOzoneClusterImpl-0a3c97a5-d59a-4532-afef-c4940c4c02aa/ozone-meta/datanode-3/ratis/5c51267b-4932-49ac-9eae-2aaed090774b has been successfully formatted.
2025-07-05 15:48:27,762 [b5b4f89f-93bb-4b69-9074-7f3b90eee2a4-groupManagement] INFO  ratis.ContainerStateMachine (ContainerStateMachine.java:initialize(339)) - b5b4f89f-93bb-4b69-9074-7f3b90eee2a4: initialize group-2AAED090774B
2025-07-05 15:48:27,762 [b5b4f89f-93bb-4b69-9074-7f3b90eee2a4-groupManagement] INFO  ratis.ContainerStateMachine (ContainerStateMachine.java:loadSnapshot(347)) - group-2AAED090774B: The snapshot info is null. Setting the last applied index to:<INITIAL_VALUE>
2025-07-05 15:48:27,762 [b5b4f89f-93bb-4b69-9074-7f3b90eee2a4-groupManagement] INFO  server.RaftServerConfigKeys (ConfUtils.java:logGet(62)) - raft.server.log.appender.buffer.byte-limit = 33554432 (custom)
2025-07-05 15:48:27,765 [2e56514c-0608-4198-9fed-b4eba4d3d686-PipelineCommandHandlerThread-0] INFO  server.RaftServer (RaftServerProxy.java:addNew(105)) - 2e56514c-0608-4198-9fed-b4eba4d3d686: addNew group-16B42A219972:[2e56514c-0608-4198-9fed-b4eba4d3d686|127.0.0.1:15039] returns group-16B42A219972:java.util.concurrent.CompletableFuture@dc08ccb[Not completed]
2025-07-05 15:48:27,765 [grpc-default-executor-1] WARN  server.GrpcAdminProtocolService (GrpcAdminProtocolService.java:lambda$groupManagement$1(53)) - Failed groupManagement: GROUPADD, GroupManagementRequest:client-637DA908D3E1->05378834-8d64-4004-85b0-7f2e6f6e22dc@group-2AAED090774B, cid=6, seq=null, RW, null, Add:group-2AAED090774B:[a2ddbc4c-912b-4a1a-89ce-9bbeea094c2b|127.0.0.1:15023, b5b4f89f-93bb-4b69-9074-7f3b90eee2a4|127.0.0.1:15031, 05378834-8d64-4004-85b0-7f2e6f6e22dc|127.0.0.1:15015]
java.util.concurrent.CompletionException: org.apache.ratis.protocol.exceptions.AlreadyExistsException: 05378834-8d64-4004-85b0-7f2e6f6e22dc: Failed to add group-2AAED090774B:[a2ddbc4c-912b-4a1a-89ce-9bbeea094c2b|127.0.0.1:15023, b5b4f89f-93bb-4b69-9074-7f3b90eee2a4|127.0.0.1:15031, 05378834-8d64-4004-85b0-7f2e6f6e22dc|127.0.0.1:15015] since the group already exists in the map.
	at java.base/java.util.concurrent.CompletableFuture.encodeThrowable(CompletableFuture.java:332)
	at java.base/java.util.concurrent.CompletableFuture.uniApplyNow(CompletableFuture.java:674)
	at java.base/java.util.concurrent.CompletableFuture.uniApplyStage(CompletableFuture.java:662)
	at java.base/java.util.concurrent.CompletableFuture.thenApplyAsync(CompletableFuture.java:2210)
	at org.apache.ratis.server.impl.RaftServerProxy.groupAddAsync(RaftServerProxy.java:513)
	at org.apache.ratis.server.impl.RaftServerProxy.groupManagementAsync(RaftServerProxy.java:495)
	at org.apache.ratis.grpc.server.GrpcAdminProtocolService.lambda$groupManagement$0(GrpcAdminProtocolService.java:51)
	at org.apache.ratis.grpc.GrpcUtil.asyncCall(GrpcUtil.java:172)
	at org.apache.ratis.grpc.server.GrpcAdminProtocolService.groupManagement(GrpcAdminProtocolService.java:51)
	at org.apache.ratis.proto.grpc.AdminProtocolServiceGrpc$MethodHandlers.invoke(AdminProtocolServiceGrpc.java:701)
	at org.apache.ratis.thirdparty.io.grpc.stub.ServerCalls$UnaryServerCallHandler$UnaryServerCallListener.onHalfClose(ServerCalls.java:182)
	at org.apache.ratis.thirdparty.io.grpc.internal.ServerCallImpl$ServerStreamListenerImpl.halfClosed(ServerCallImpl.java:356)
	at org.apache.ratis.thirdparty.io.grpc.internal.ServerImpl$JumpToApplicationThreadServerStreamListener$1HalfClosed.runInContext(ServerImpl.java:861)
	at org.apache.ratis.thirdparty.io.grpc.internal.ContextRunnable.run(ContextRunnable.java:37)
	at org.apache.ratis.thirdparty.io.grpc.internal.SerializingExecutor.run(SerializingExecutor.java:133)
	at java.base/java.util.concurrent.ThreadPoolExecutor.runWorker(ThreadPoolExecutor.java:1144)
	at java.base/java.util.concurrent.ThreadPoolExecutor$Worker.run(ThreadPoolExecutor.java:642)
	at java.base/java.lang.Thread.run(Thread.java:1583)
Caused by: org.apache.ratis.protocol.exceptions.AlreadyExistsException: 05378834-8d64-4004-85b0-7f2e6f6e22dc: Failed to add group-2AAED090774B:[a2ddbc4c-912b-4a1a-89ce-9bbeea094c2b|127.0.0.1:15023, b5b4f89f-93bb-4b69-9074-7f3b90eee2a4|127.0.0.1:15031, 05378834-8d64-4004-85b0-7f2e6f6e22dc|127.0.0.1:15015] since the group already exists in the map.
	at org.apache.ratis.server.impl.RaftServerProxy$ImplMap.addNew(RaftServerProxy.java:99)
	at org.apache.ratis.server.impl.RaftServerProxy.groupAddAsync(RaftServerProxy.java:512)
	... 13 more
2025-07-05 15:48:27,767 [b5b4f89f-93bb-4b69-9074-7f3b90eee2a4-groupManagement] INFO  server.RaftServerConfigKeys (ConfUtils.java:logGet(62)) - raft.server.log.segment.size.max = 67108864 (custom)
2025-07-05 15:48:27,767 [b5b4f89f-93bb-4b69-9074-7f3b90eee2a4-groupManagement] INFO  server.RaftServerConfigKeys (ConfUtils.java:logGet(62)) - raft.server.log.appender.buffer.byte-limit = 33554432 (custom)
2025-07-05 15:48:27,768 [2e56514c-0608-4198-9fed-b4eba4d3d686-groupManagement] WARN  statemachine.DatanodeConfiguration (DatanodeConfiguration.java:validateMinFreeSpace(751)) - hdds.datanode.volume.min.free.space.percent = -1.0 is invalid, should be between 0 and 1
2025-07-05 15:48:27,768 [2e56514c-0608-4198-9fed-b4eba4d3d686-groupManagement] INFO  server.RaftServer$Division (RaftServerImpl.java:<init>(268)) - 2e56514c-0608-4198-9fed-b4eba4d3d686: new RaftServerImpl for group-16B42A219972:[2e56514c-0608-4198-9fed-b4eba4d3d686|127.0.0.1:15039] with ContainerStateMachine:uninitialized
2025-07-05 15:48:27,768 [2e56514c-0608-4198-9fed-b4eba4d3d686-groupManagement] INFO  server.RaftServer$Division (ServerState.java:<init>(114)) - 2e56514c-0608-4198-9fed-b4eba4d3d686@group-16B42A219972: ConfigurationManager, init=conf: {index: -1, cur=peers:[2e56514c-0608-4198-9fed-b4eba4d3d686|127.0.0.1:15039]|listeners:[], old=null}, confs=<EMPTY_MAP>
2025-07-05 15:48:27,768 [b5b4f89f-93bb-4b69-9074-7f3b90eee2a4-groupManagement] INFO  util.AwaitToRun (AwaitToRun.java:start(81)) - Thread[#1224,b5b4f89f-93bb-4b69-9074-7f3b90eee2a4@group-2AAED090774B-cacheEviction-AwaitToRun,5,main] started
2025-07-05 15:48:27,769 [b5b4f89f-93bb-4b69-9074-7f3b90eee2a4-groupManagement] INFO  segmented.SegmentedRaftLogWorker (SegmentedRaftLogWorker.java:<init>(190)) - new b5b4f89f-93bb-4b69-9074-7f3b90eee2a4@group-2AAED090774B-SegmentedRaftLogWorker for RaftStorageImpl:Storage Directory /home/runner/work/ozone/ozone/hadoop-ozone/integration-test/target/test-dir/MiniOzoneClusterImpl-0a3c97a5-d59a-4532-afef-c4940c4c02aa/ozone-meta/datanode-3/ratis/5c51267b-4932-49ac-9eae-2aaed090774b
2025-07-05 15:48:27,769 [b5b4f89f-93bb-4b69-9074-7f3b90eee2a4-groupManagement] INFO  server.RaftServerConfigKeys (ConfUtils.java:logGet(62)) - raft.server.log.queue.byte-limit = 4294967296 (custom)
2025-07-05 15:48:27,769 [b5b4f89f-93bb-4b69-9074-7f3b90eee2a4-groupManagement] INFO  server.RaftServerConfigKeys (ConfUtils.java:logGet(62)) - raft.server.log.segment.size.max = 67108864 (custom)
2025-07-05 15:48:27,769 [b5b4f89f-93bb-4b69-9074-7f3b90eee2a4-groupManagement] INFO  server.RaftServerConfigKeys (ConfUtils.java:logGet(62)) - raft.server.log.preallocated.size = 4194304 (custom)
2025-07-05 15:48:27,769 [EventQueue-PipelineReportForOneReplicaPipelineSafeModeRule] INFO  safemode.SCMSafeModeManager (SCMSafeModeManager.java:validateSafeModeExitRules(138)) - AtleastOneDatanodeReportedRule rule is successfully validated
2025-07-05 15:48:27,769 [EventQueue-PipelineReportForOneReplicaPipelineSafeModeRule] INFO  safemode.SCMSafeModeManager (SCMSafeModeManager.java:validateSafeModeExitRules(138)) - AtleastOneDatanodeReportedRule rule is successfully validated
2025-07-05 15:48:27,770 [b5b4f89f-93bb-4b69-9074-7f3b90eee2a4-groupManagement] INFO  server.RaftServerConfigKeys (ConfUtils.java:logGet(62)) - raft.server.log.write.buffer.size = 33554440 (custom)
2025-07-05 15:48:27,779 [b5b4f89f-93bb-4b69-9074-7f3b90eee2a4-groupManagement] INFO  server.RaftServerConfigKeys (ConfUtils.java:logGet(62)) - raft.server.log.appender.buffer.byte-limit = 33554432 (custom)
2025-07-05 15:48:27,779 [b5b4f89f-93bb-4b69-9074-7f3b90eee2a4-groupManagement] INFO  segmented.SegmentedRaftLogWorker (SegmentedRaftLogWorker.java:lambda$new$0(141)) - b5b4f89f-93bb-4b69-9074-7f3b90eee2a4@group-2AAED090774B-SegmentedRaftLogWorker: flushIndex: setUnconditionally 0 -> -1
2025-07-05 15:48:27,779 [b5b4f89f-93bb-4b69-9074-7f3b90eee2a4-groupManagement] INFO  segmented.SegmentedRaftLogWorker (SegmentedRaftLogWorker.java:lambda$new$0(141)) - b5b4f89f-93bb-4b69-9074-7f3b90eee2a4@group-2AAED090774B-SegmentedRaftLogWorker: safeCacheEvictIndex: setUnconditionally 0 -> -1
2025-07-05 15:48:27,780 [b5b4f89f-93bb-4b69-9074-7f3b90eee2a4-groupManagement] INFO  server.RaftServer$Division (RaftServerImpl.java:start(405)) - b5b4f89f-93bb-4b69-9074-7f3b90eee2a4@group-2AAED090774B: start as a follower, conf=conf: {index: -1, cur=peers:[a2ddbc4c-912b-4a1a-89ce-9bbeea094c2b|127.0.0.1:15023, b5b4f89f-93bb-4b69-9074-7f3b90eee2a4|127.0.0.1:15031, 05378834-8d64-4004-85b0-7f2e6f6e22dc|127.0.0.1:15015]|listeners:[], old=null}
2025-07-05 15:48:27,780 [b5b4f89f-93bb-4b69-9074-7f3b90eee2a4-groupManagement] INFO  server.RaftServer$Division (RaftServerImpl.java:setRole(392)) - b5b4f89f-93bb-4b69-9074-7f3b90eee2a4@group-2AAED090774B: changes role from      null to FOLLOWER at term 0 for startAsFollower
2025-07-05 15:48:27,780 [b5b4f89f-93bb-4b69-9074-7f3b90eee2a4-groupManagement] INFO  impl.RoleInfo (RoleInfo.java:updateAndGet(148)) - b5b4f89f-93bb-4b69-9074-7f3b90eee2a4: start b5b4f89f-93bb-4b69-9074-7f3b90eee2a4@group-2AAED090774B-FollowerState
2025-07-05 15:48:27,781 [b5b4f89f-93bb-4b69-9074-7f3b90eee2a4-groupManagement] INFO  util.JmxRegister (JmxRegister.java:tryRegister(44)) - Successfully registered JMX Bean with object name Ratis:service=RaftServer,group=group-2AAED090774B,id=b5b4f89f-93bb-4b69-9074-7f3b90eee2a4
2025-07-05 15:48:27,781 [b5b4f89f-93bb-4b69-9074-7f3b90eee2a4-groupManagement] INFO  util.JmxRegister (JmxRegister.java:register(58)) - register mxBean class org.apache.ratis.server.impl.RaftServerJmxAdapter as Ratis:service=RaftServer,group=group-2AAED090774B,id=b5b4f89f-93bb-4b69-9074-7f3b90eee2a4
2025-07-05 15:48:27,788 [b5b4f89f-93bb-4b69-9074-7f3b90eee2a4-groupManagement] INFO  server.RaftServer$Division (RaftServerImpl.java:start(419)) - b5b4f89f-93bb-4b69-9074-7f3b90eee2a4@group-2AAED090774B: Successfully started.
2025-07-05 15:48:27,792 [2e56514c-0608-4198-9fed-b4eba4d3d686-groupManagement] INFO  server.RaftServerConfigKeys (ConfUtils.java:logGet(62)) - raft.server.storage.dir = [/home/runner/work/ozone/ozone/hadoop-ozone/integration-test/target/test-dir/MiniOzoneClusterImpl-0a3c97a5-d59a-4532-afef-c4940c4c02aa/ozone-meta/datanode-4/ratis] (custom)
2025-07-05 15:48:27,792 [2e56514c-0608-4198-9fed-b4eba4d3d686-groupManagement] INFO  storage.RaftStorageDirectory (RaftStorageDirectoryImpl.java:analyzeStorage(138)) - The storage directory /home/runner/work/ozone/ozone/hadoop-ozone/integration-test/target/test-dir/MiniOzoneClusterImpl-0a3c97a5-d59a-4532-afef-c4940c4c02aa/ozone-meta/datanode-4/ratis/733df3bd-5943-401d-9617-16b42a219972 does not exist. Creating ...
2025-07-05 15:48:27,795 [2e56514c-0608-4198-9fed-b4eba4d3d686-groupManagement] INFO  storage.RaftStorageDirectory (RaftStorageDirectoryImpl.java:tryLock(229)) - Lock on /home/runner/work/ozone/ozone/hadoop-ozone/integration-test/target/test-dir/MiniOzoneClusterImpl-0a3c97a5-d59a-4532-afef-c4940c4c02aa/ozone-meta/datanode-4/ratis/733df3bd-5943-401d-9617-16b42a219972/in_use.lock acquired by nodename 44235@localhost
2025-07-05 15:48:27,797 [2e56514c-0608-4198-9fed-b4eba4d3d686-groupManagement] INFO  storage.RaftStorage (RaftStorageImpl.java:format(98)) - Storage directory /home/runner/work/ozone/ozone/hadoop-ozone/integration-test/target/test-dir/MiniOzoneClusterImpl-0a3c97a5-d59a-4532-afef-c4940c4c02aa/ozone-meta/datanode-4/ratis/733df3bd-5943-401d-9617-16b42a219972 has been successfully formatted.
2025-07-05 15:48:27,799 [2e56514c-0608-4198-9fed-b4eba4d3d686-groupManagement] INFO  ratis.ContainerStateMachine (ContainerStateMachine.java:initialize(339)) - 2e56514c-0608-4198-9fed-b4eba4d3d686: initialize group-16B42A219972
2025-07-05 15:48:27,799 [2e56514c-0608-4198-9fed-b4eba4d3d686-groupManagement] INFO  ratis.ContainerStateMachine (ContainerStateMachine.java:loadSnapshot(347)) - group-16B42A219972: The snapshot info is null. Setting the last applied index to:<INITIAL_VALUE>
2025-07-05 15:48:27,800 [2e56514c-0608-4198-9fed-b4eba4d3d686-groupManagement] INFO  server.RaftServerConfigKeys (ConfUtils.java:logGet(62)) - raft.server.log.appender.buffer.byte-limit = 33554432 (custom)
2025-07-05 15:48:27,802 [EventQueue-PipelineReportForOneReplicaPipelineSafeModeRule] INFO  safemode.SCMSafeModeManager (SCMSafeModeManager.java:validateSafeModeExitRules(138)) - AtleastOneDatanodeReportedRule rule is successfully validated
2025-07-05 15:48:27,804 [grpc-default-executor-1] WARN  server.GrpcAdminProtocolService (GrpcAdminProtocolService.java:lambda$groupManagement$1(53)) - Failed groupManagement: GROUPADD, GroupManagementRequest:client-EEE5A289EECF->b5b4f89f-93bb-4b69-9074-7f3b90eee2a4@group-2AAED090774B, cid=7, seq=null, RW, null, Add:group-2AAED090774B:[a2ddbc4c-912b-4a1a-89ce-9bbeea094c2b|127.0.0.1:15023, b5b4f89f-93bb-4b69-9074-7f3b90eee2a4|127.0.0.1:15031, 05378834-8d64-4004-85b0-7f2e6f6e22dc|127.0.0.1:15015]
java.util.concurrent.CompletionException: org.apache.ratis.protocol.exceptions.AlreadyExistsException: b5b4f89f-93bb-4b69-9074-7f3b90eee2a4: Failed to add group-2AAED090774B:[a2ddbc4c-912b-4a1a-89ce-9bbeea094c2b|127.0.0.1:15023, b5b4f89f-93bb-4b69-9074-7f3b90eee2a4|127.0.0.1:15031, 05378834-8d64-4004-85b0-7f2e6f6e22dc|127.0.0.1:15015] since the group already exists in the map.
	at java.base/java.util.concurrent.CompletableFuture.encodeThrowable(CompletableFuture.java:332)
	at java.base/java.util.concurrent.CompletableFuture.uniApplyNow(CompletableFuture.java:674)
	at java.base/java.util.concurrent.CompletableFuture.uniApplyStage(CompletableFuture.java:662)
	at java.base/java.util.concurrent.CompletableFuture.thenApplyAsync(CompletableFuture.java:2210)
	at org.apache.ratis.server.impl.RaftServerProxy.groupAddAsync(RaftServerProxy.java:513)
	at org.apache.ratis.server.impl.RaftServerProxy.groupManagementAsync(RaftServerProxy.java:495)
	at org.apache.ratis.grpc.server.GrpcAdminProtocolService.lambda$groupManagement$0(GrpcAdminProtocolService.java:51)
	at org.apache.ratis.grpc.GrpcUtil.asyncCall(GrpcUtil.java:172)
	at org.apache.ratis.grpc.server.GrpcAdminProtocolService.groupManagement(GrpcAdminProtocolService.java:51)
	at org.apache.ratis.proto.grpc.AdminProtocolServiceGrpc$MethodHandlers.invoke(AdminProtocolServiceGrpc.java:701)
	at org.apache.ratis.thirdparty.io.grpc.stub.ServerCalls$UnaryServerCallHandler$UnaryServerCallListener.onHalfClose(ServerCalls.java:182)
	at org.apache.ratis.thirdparty.io.grpc.internal.ServerCallImpl$ServerStreamListenerImpl.halfClosed(ServerCallImpl.java:356)
	at org.apache.ratis.thirdparty.io.grpc.internal.ServerImpl$JumpToApplicationThreadServerStreamListener$1HalfClosed.runInContext(ServerImpl.java:861)
	at org.apache.ratis.thirdparty.io.grpc.internal.ContextRunnable.run(ContextRunnable.java:37)
	at org.apache.ratis.thirdparty.io.grpc.internal.SerializingExecutor.run(SerializingExecutor.java:133)
	at java.base/java.util.concurrent.ThreadPoolExecutor.runWorker(ThreadPoolExecutor.java:1144)
	at java.base/java.util.concurrent.ThreadPoolExecutor$Worker.run(ThreadPoolExecutor.java:642)
	at java.base/java.lang.Thread.run(Thread.java:1583)
Caused by: org.apache.ratis.protocol.exceptions.AlreadyExistsException: b5b4f89f-93bb-4b69-9074-7f3b90eee2a4: Failed to add group-2AAED090774B:[a2ddbc4c-912b-4a1a-89ce-9bbeea094c2b|127.0.0.1:15023, b5b4f89f-93bb-4b69-9074-7f3b90eee2a4|127.0.0.1:15031, 05378834-8d64-4004-85b0-7f2e6f6e22dc|127.0.0.1:15015] since the group already exists in the map.
	at org.apache.ratis.server.impl.RaftServerProxy$ImplMap.addNew(RaftServerProxy.java:99)
	at org.apache.ratis.server.impl.RaftServerProxy.groupAddAsync(RaftServerProxy.java:512)
	... 13 more
2025-07-05 15:48:27,811 [67766547-47ec-4cca-936b-6c95be71f3ba@group-C4940C4C02AA-StateMachineUpdater] INFO  safemode.SCMSafeModeManager (SCMSafeModeManager.java:validateSafeModeExitRules(138)) - DataNodeSafeModeRule rule is successfully validated
2025-07-05 15:48:27,811 [67766547-47ec-4cca-936b-6c95be71f3ba@group-C4940C4C02AA-StateMachineUpdater] INFO  safemode.SCMSafeModeManager (SCMSafeModeManager.java:validateSafeModeExitRules(138)) - RatisContainerSafeModeRule rule is successfully validated
2025-07-05 15:48:27,811 [67766547-47ec-4cca-936b-6c95be71f3ba@group-C4940C4C02AA-StateMachineUpdater] INFO  safemode.HealthyPipelineSafeModeRule (HealthyPipelineSafeModeRule.java:initializeRule(228)) - Refreshed total pipeline count is 0, healthy pipeline threshold count is 1
2025-07-05 15:48:27,811 [67766547-47ec-4cca-936b-6c95be71f3ba@group-C4940C4C02AA-StateMachineUpdater] INFO  safemode.SCMSafeModeManager (SCMSafeModeManager.java:validateSafeModeExitRules(138)) - ECContainerSafeModeRule rule is successfully validated
2025-07-05 15:48:27,812 [67766547-47ec-4cca-936b-6c95be71f3ba@group-C4940C4C02AA-StateMachineUpdater] INFO  safemode.SCMSafeModeManager (SCMSafeModeManager.java:validateSafeModeExitRules(138)) - AtleastOneDatanodeReportedRule rule is successfully validated
2025-07-05 15:48:27,812 [EventQueue-PipelineReportForPipelineReportHandler] INFO  pipeline.PipelineReportHandler (PipelineReportHandler.java:processPipelineReport(134)) - Opened pipeline Pipeline-733df3bd-5943-401d-9617-16b42a219972
2025-07-05 15:48:27,815 [2e56514c-0608-4198-9fed-b4eba4d3d686-groupManagement] INFO  server.RaftServerConfigKeys (ConfUtils.java:logGet(62)) - raft.server.log.segment.size.max = 67108864 (custom)
2025-07-05 15:48:27,816 [2e56514c-0608-4198-9fed-b4eba4d3d686-groupManagement] INFO  server.RaftServerConfigKeys (ConfUtils.java:logGet(62)) - raft.server.log.appender.buffer.byte-limit = 33554432 (custom)
2025-07-05 15:48:27,818 [2e56514c-0608-4198-9fed-b4eba4d3d686-groupManagement] INFO  util.AwaitToRun (AwaitToRun.java:start(81)) - Thread[#1234,2e56514c-0608-4198-9fed-b4eba4d3d686@group-16B42A219972-cacheEviction-AwaitToRun,5,main] started
2025-07-05 15:48:27,819 [2e56514c-0608-4198-9fed-b4eba4d3d686-groupManagement] INFO  segmented.SegmentedRaftLogWorker (SegmentedRaftLogWorker.java:<init>(190)) - new 2e56514c-0608-4198-9fed-b4eba4d3d686@group-16B42A219972-SegmentedRaftLogWorker for RaftStorageImpl:Storage Directory /home/runner/work/ozone/ozone/hadoop-ozone/integration-test/target/test-dir/MiniOzoneClusterImpl-0a3c97a5-d59a-4532-afef-c4940c4c02aa/ozone-meta/datanode-4/ratis/733df3bd-5943-401d-9617-16b42a219972
2025-07-05 15:48:27,819 [2e56514c-0608-4198-9fed-b4eba4d3d686-groupManagement] INFO  server.RaftServerConfigKeys (ConfUtils.java:logGet(62)) - raft.server.log.queue.byte-limit = 4294967296 (custom)
2025-07-05 15:48:27,819 [2e56514c-0608-4198-9fed-b4eba4d3d686-groupManagement] INFO  server.RaftServerConfigKeys (ConfUtils.java:logGet(62)) - raft.server.log.segment.size.max = 67108864 (custom)
2025-07-05 15:48:27,819 [2e56514c-0608-4198-9fed-b4eba4d3d686-groupManagement] INFO  server.RaftServerConfigKeys (ConfUtils.java:logGet(62)) - raft.server.log.preallocated.size = 4194304 (custom)
2025-07-05 15:48:27,819 [2e56514c-0608-4198-9fed-b4eba4d3d686-groupManagement] INFO  server.RaftServerConfigKeys (ConfUtils.java:logGet(62)) - raft.server.log.write.buffer.size = 33554440 (custom)
2025-07-05 15:48:27,824 [grpc-default-executor-0] WARN  server.GrpcAdminProtocolService (GrpcAdminProtocolService.java:lambda$groupManagement$1(53)) - Failed groupManagement: GROUPADD, GroupManagementRequest:client-5131066E7D0F->a2ddbc4c-912b-4a1a-89ce-9bbeea094c2b@group-2AAED090774B, cid=8, seq=null, RW, null, Add:group-2AAED090774B:[a2ddbc4c-912b-4a1a-89ce-9bbeea094c2b|127.0.0.1:15023, b5b4f89f-93bb-4b69-9074-7f3b90eee2a4|127.0.0.1:15031, 05378834-8d64-4004-85b0-7f2e6f6e22dc|127.0.0.1:15015]
java.util.concurrent.CompletionException: org.apache.ratis.protocol.exceptions.AlreadyExistsException: a2ddbc4c-912b-4a1a-89ce-9bbeea094c2b: Failed to add group-2AAED090774B:[a2ddbc4c-912b-4a1a-89ce-9bbeea094c2b|127.0.0.1:15023, b5b4f89f-93bb-4b69-9074-7f3b90eee2a4|127.0.0.1:15031, 05378834-8d64-4004-85b0-7f2e6f6e22dc|127.0.0.1:15015] since the group already exists in the map.
	at java.base/java.util.concurrent.CompletableFuture.encodeThrowable(CompletableFuture.java:332)
	at java.base/java.util.concurrent.CompletableFuture.uniApplyNow(CompletableFuture.java:674)
	at java.base/java.util.concurrent.CompletableFuture.uniApplyStage(CompletableFuture.java:662)
	at java.base/java.util.concurrent.CompletableFuture.thenApplyAsync(CompletableFuture.java:2210)
	at org.apache.ratis.server.impl.RaftServerProxy.groupAddAsync(RaftServerProxy.java:513)
	at org.apache.ratis.server.impl.RaftServerProxy.groupManagementAsync(RaftServerProxy.java:495)
	at org.apache.ratis.grpc.server.GrpcAdminProtocolService.lambda$groupManagement$0(GrpcAdminProtocolService.java:51)
	at org.apache.ratis.grpc.GrpcUtil.asyncCall(GrpcUtil.java:172)
	at org.apache.ratis.grpc.server.GrpcAdminProtocolService.groupManagement(GrpcAdminProtocolService.java:51)
	at org.apache.ratis.proto.grpc.AdminProtocolServiceGrpc$MethodHandlers.invoke(AdminProtocolServiceGrpc.java:701)
	at org.apache.ratis.thirdparty.io.grpc.stub.ServerCalls$UnaryServerCallHandler$UnaryServerCallListener.onHalfClose(ServerCalls.java:182)
	at org.apache.ratis.thirdparty.io.grpc.internal.ServerCallImpl$ServerStreamListenerImpl.halfClosed(ServerCallImpl.java:356)
	at org.apache.ratis.thirdparty.io.grpc.internal.ServerImpl$JumpToApplicationThreadServerStreamListener$1HalfClosed.runInContext(ServerImpl.java:861)
	at org.apache.ratis.thirdparty.io.grpc.internal.ContextRunnable.run(ContextRunnable.java:37)
	at org.apache.ratis.thirdparty.io.grpc.internal.SerializingExecutor.run(SerializingExecutor.java:133)
	at java.base/java.util.concurrent.ThreadPoolExecutor.runWorker(ThreadPoolExecutor.java:1144)
	at java.base/java.util.concurrent.ThreadPoolExecutor$Worker.run(ThreadPoolExecutor.java:642)
	at java.base/java.lang.Thread.run(Thread.java:1583)
Caused by: org.apache.ratis.protocol.exceptions.AlreadyExistsException: a2ddbc4c-912b-4a1a-89ce-9bbeea094c2b: Failed to add group-2AAED090774B:[a2ddbc4c-912b-4a1a-89ce-9bbeea094c2b|127.0.0.1:15023, b5b4f89f-93bb-4b69-9074-7f3b90eee2a4|127.0.0.1:15031, 05378834-8d64-4004-85b0-7f2e6f6e22dc|127.0.0.1:15015] since the group already exists in the map.
	at org.apache.ratis.server.impl.RaftServerProxy$ImplMap.addNew(RaftServerProxy.java:99)
	at org.apache.ratis.server.impl.RaftServerProxy.groupAddAsync(RaftServerProxy.java:512)
	... 13 more
2025-07-05 15:48:27,826 [a2ddbc4c-912b-4a1a-89ce-9bbeea094c2b-PipelineCommandHandlerThread-0] INFO  commandhandler.CreatePipelineCommandHandler (CreatePipelineCommandHandler.java:lambda$handle$2(127)) - Created Pipeline RATIS THREE Pipeline-5c51267b-4932-49ac-9eae-2aaed090774b.
2025-07-05 15:48:27,832 [EventQueue-PipelineReportForOneReplicaPipelineSafeModeRule] INFO  safemode.SCMSafeModeManager (SCMSafeModeManager.java:validateSafeModeExitRules(138)) - AtleastOneDatanodeReportedRule rule is successfully validated
2025-07-05 15:48:27,835 [2e56514c-0608-4198-9fed-b4eba4d3d686-groupManagement] INFO  server.RaftServerConfigKeys (ConfUtils.java:logGet(62)) - raft.server.log.appender.buffer.byte-limit = 33554432 (custom)
2025-07-05 15:48:27,836 [05378834-8d64-4004-85b0-7f2e6f6e22dc-PipelineCommandHandlerThread-0] INFO  commandhandler.CreatePipelineCommandHandler (CreatePipelineCommandHandler.java:lambda$handle$2(127)) - Created Pipeline RATIS THREE Pipeline-5c51267b-4932-49ac-9eae-2aaed090774b.
2025-07-05 15:48:27,836 [2e56514c-0608-4198-9fed-b4eba4d3d686-groupManagement] INFO  segmented.SegmentedRaftLogWorker (SegmentedRaftLogWorker.java:lambda$new$0(141)) - 2e56514c-0608-4198-9fed-b4eba4d3d686@group-16B42A219972-SegmentedRaftLogWorker: flushIndex: setUnconditionally 0 -> -1
2025-07-05 15:48:27,836 [2e56514c-0608-4198-9fed-b4eba4d3d686-groupManagement] INFO  segmented.SegmentedRaftLogWorker (SegmentedRaftLogWorker.java:lambda$new$0(141)) - 2e56514c-0608-4198-9fed-b4eba4d3d686@group-16B42A219972-SegmentedRaftLogWorker: safeCacheEvictIndex: setUnconditionally 0 -> -1
2025-07-05 15:48:27,837 [2e56514c-0608-4198-9fed-b4eba4d3d686-groupManagement] INFO  server.RaftServer$Division (RaftServerImpl.java:start(405)) - 2e56514c-0608-4198-9fed-b4eba4d3d686@group-16B42A219972: start as a follower, conf=conf: {index: -1, cur=peers:[2e56514c-0608-4198-9fed-b4eba4d3d686|127.0.0.1:15039]|listeners:[], old=null}
2025-07-05 15:48:27,837 [2e56514c-0608-4198-9fed-b4eba4d3d686-groupManagement] INFO  server.RaftServer$Division (RaftServerImpl.java:setRole(392)) - 2e56514c-0608-4198-9fed-b4eba4d3d686@group-16B42A219972: changes role from      null to FOLLOWER at term 0 for startAsFollower
2025-07-05 15:48:27,837 [2e56514c-0608-4198-9fed-b4eba4d3d686-groupManagement] INFO  impl.RoleInfo (RoleInfo.java:updateAndGet(148)) - 2e56514c-0608-4198-9fed-b4eba4d3d686: start 2e56514c-0608-4198-9fed-b4eba4d3d686@group-16B42A219972-FollowerState
2025-07-05 15:48:27,839 [2e56514c-0608-4198-9fed-b4eba4d3d686-groupManagement] INFO  util.JmxRegister (JmxRegister.java:tryRegister(44)) - Successfully registered JMX Bean with object name Ratis:service=RaftServer,group=group-16B42A219972,id=2e56514c-0608-4198-9fed-b4eba4d3d686
2025-07-05 15:48:27,839 [2e56514c-0608-4198-9fed-b4eba4d3d686-groupManagement] INFO  util.JmxRegister (JmxRegister.java:register(58)) - register mxBean class org.apache.ratis.server.impl.RaftServerJmxAdapter as Ratis:service=RaftServer,group=group-16B42A219972,id=2e56514c-0608-4198-9fed-b4eba4d3d686
2025-07-05 15:48:27,840 [EventQueue-PipelineReportForOneReplicaPipelineSafeModeRule] INFO  safemode.SCMSafeModeManager (SCMSafeModeManager.java:validateSafeModeExitRules(138)) - AtleastOneDatanodeReportedRule rule is successfully validated
2025-07-05 15:48:27,840 [2e56514c-0608-4198-9fed-b4eba4d3d686-groupManagement] INFO  server.RaftServer$Division (RaftServerImpl.java:start(419)) - 2e56514c-0608-4198-9fed-b4eba4d3d686@group-16B42A219972: Successfully started.
2025-07-05 15:48:27,841 [2e56514c-0608-4198-9fed-b4eba4d3d686-PipelineCommandHandlerThread-0] INFO  ratis.XceiverServerRatis (XceiverServerRatis.java:addGroup(843)) - Created group Pipeline-733df3bd-5943-401d-9617-16b42a219972
2025-07-05 15:48:27,841 [2e56514c-0608-4198-9fed-b4eba4d3d686-PipelineCommandHandlerThread-0] INFO  commandhandler.CreatePipelineCommandHandler (CreatePipelineCommandHandler.java:lambda$handle$2(127)) - Created Pipeline RATIS ONE Pipeline-733df3bd-5943-401d-9617-16b42a219972.
2025-07-05 15:48:27,841 [2e56514c-0608-4198-9fed-b4eba4d3d686-PipelineCommandHandlerThread-0] INFO  server.RaftServer (RaftServerProxy.java:addNew(105)) - 2e56514c-0608-4198-9fed-b4eba4d3d686: addNew group-C1D084BE788E:[694b616d-7f52-4b82-b07e-10398eb153c5|127.0.0.1:15047, 2e56514c-0608-4198-9fed-b4eba4d3d686|127.0.0.1:15039, d3a92f5c-9e4a-48c5-9a32-2f34a6e85eb8|127.0.0.1:15055] returns group-C1D084BE788E:java.util.concurrent.CompletableFuture@1ced69fc[Not completed]
2025-07-05 15:48:27,843 [2e56514c-0608-4198-9fed-b4eba4d3d686-groupManagement] WARN  statemachine.DatanodeConfiguration (DatanodeConfiguration.java:validateMinFreeSpace(751)) - hdds.datanode.volume.min.free.space.percent = -1.0 is invalid, should be between 0 and 1
2025-07-05 15:48:27,843 [2e56514c-0608-4198-9fed-b4eba4d3d686-groupManagement] INFO  server.RaftServer$Division (RaftServerImpl.java:<init>(268)) - 2e56514c-0608-4198-9fed-b4eba4d3d686: new RaftServerImpl for group-C1D084BE788E:[694b616d-7f52-4b82-b07e-10398eb153c5|127.0.0.1:15047, 2e56514c-0608-4198-9fed-b4eba4d3d686|127.0.0.1:15039, d3a92f5c-9e4a-48c5-9a32-2f34a6e85eb8|127.0.0.1:15055] with ContainerStateMachine:uninitialized
2025-07-05 15:48:27,844 [2e56514c-0608-4198-9fed-b4eba4d3d686-groupManagement] INFO  server.RaftServer$Division (ServerState.java:<init>(114)) - 2e56514c-0608-4198-9fed-b4eba4d3d686@group-C1D084BE788E: ConfigurationManager, init=conf: {index: -1, cur=peers:[694b616d-7f52-4b82-b07e-10398eb153c5|127.0.0.1:15047, 2e56514c-0608-4198-9fed-b4eba4d3d686|127.0.0.1:15039, d3a92f5c-9e4a-48c5-9a32-2f34a6e85eb8|127.0.0.1:15055]|listeners:[], old=null}, confs=<EMPTY_MAP>
2025-07-05 15:48:27,851 [IPC Server handler 41 on default port 15002] INFO  net.NetworkTopologyImpl (NetworkTopologyImpl.java:add(133)) - Added a new node: /default-rack/16b3a642-386d-4aa9-ba22-a20b8f52ec18
2025-07-05 15:48:27,851 [IPC Server handler 41 on default port 15002] INFO  node.SCMNodeManager (SCMNodeManager.java:register(423)) - Registered datanode: 16b3a642-386d-4aa9-ba22-a20b8f52ec18{ip: 127.0.0.1, host: localhost, ports: [HTTP=15082, CLIENT_RPC=15083, REPLICATION=15089, RATIS=15085, RATIS_ADMIN=15086, RATIS_SERVER=15087, RATIS_DATASTREAM=15088, STANDALONE=15084], networkLocation: /default-rack, certSerialId: null, persistedOpState: null, persistedOpStateExpiryEpochSec: 0}
2025-07-05 15:48:27,852 [2e56514c-0608-4198-9fed-b4eba4d3d686-groupManagement] INFO  storage.RaftStorageDirectory (RaftStorageDirectoryImpl.java:analyzeStorage(138)) - The storage directory /home/runner/work/ozone/ozone/hadoop-ozone/integration-test/target/test-dir/MiniOzoneClusterImpl-0a3c97a5-d59a-4532-afef-c4940c4c02aa/ozone-meta/datanode-4/ratis/07c2a4b9-1a6d-4d20-b06e-c1d084be788e does not exist. Creating ...
2025-07-05 15:48:27,852 [EventQueue-NodeRegistrationContainerReportForDataNodeSafeModeRule] INFO  safemode.SCMSafeModeManager (SCMSafeModeManager.java:validateSafeModeExitRules(138)) - DataNodeSafeModeRule rule is successfully validated
2025-07-05 15:48:27,851 [main] INFO  ozone.MiniOzoneClusterImpl (MiniOzoneClusterImpl.java:lambda$waitForClusterToBeReady$0(173)) - Nodes are ready. Got 10 of 10 DN Heartbeats.
2025-07-05 15:48:27,852 [main] INFO  ozone.MiniOzoneClusterImpl (MiniOzoneClusterImpl.java:lambda$waitForClusterToBeReady$0(176)) - Waiting for cluster to exit safe mode
2025-07-05 15:48:27,852 [main] INFO  ozone.MiniOzoneClusterImpl (MiniOzoneClusterImpl.java:lambda$waitForClusterToBeReady$0(178)) - SCM became leader
2025-07-05 15:48:27,852 [EventQueue-PipelineReportForOneReplicaPipelineSafeModeRule] INFO  safemode.SCMSafeModeManager (SCMSafeModeManager.java:validateSafeModeExitRules(138)) - AtleastOneDatanodeReportedRule rule is successfully validated
2025-07-05 15:48:27,852 [EventQueue-ContainerRegistrationReportForRatisContainerSafeModeRule] INFO  safemode.SCMSafeModeManager (SCMSafeModeManager.java:validateSafeModeExitRules(138)) - RatisContainerSafeModeRule rule is successfully validated
2025-07-05 15:48:27,852 [EventQueue-ContainerRegistrationReportForECContainerSafeModeRule] INFO  safemode.SCMSafeModeManager (SCMSafeModeManager.java:validateSafeModeExitRules(138)) - ECContainerSafeModeRule rule is successfully validated
2025-07-05 15:48:27,853 [EventQueue-NewNodeForNewNodeHandler] INFO  pipeline.BackgroundPipelineCreator (BackgroundPipelineCreator.java:notifyEventTriggered(290)) - trigger a one-shot run on RatisPipelineUtilsThread.
2025-07-05 15:48:27,853 [2e56514c-0608-4198-9fed-b4eba4d3d686-groupManagement] INFO  storage.RaftStorageDirectory (RaftStorageDirectoryImpl.java:tryLock(229)) - Lock on /home/runner/work/ozone/ozone/hadoop-ozone/integration-test/target/test-dir/MiniOzoneClusterImpl-0a3c97a5-d59a-4532-afef-c4940c4c02aa/ozone-meta/datanode-4/ratis/07c2a4b9-1a6d-4d20-b06e-c1d084be788e/in_use.lock acquired by nodename 44235@localhost
2025-07-05 15:48:27,855 [2e56514c-0608-4198-9fed-b4eba4d3d686-groupManagement] INFO  storage.RaftStorage (RaftStorageImpl.java:format(98)) - Storage directory /home/runner/work/ozone/ozone/hadoop-ozone/integration-test/target/test-dir/MiniOzoneClusterImpl-0a3c97a5-d59a-4532-afef-c4940c4c02aa/ozone-meta/datanode-4/ratis/07c2a4b9-1a6d-4d20-b06e-c1d084be788e has been successfully formatted.
2025-07-05 15:48:27,856 [RatisPipelineUtilsThread-0] INFO  pipeline.RatisPipelineProvider (RatisPipelineProvider.java:lambda$create$0(208)) - Sending CreatePipelineCommand for pipeline:Pipeline-a4284b00-beef-4df1-b980-7aae84768178 to datanode:16b3a642-386d-4aa9-ba22-a20b8f52ec18(localhost/127.0.0.1)
2025-07-05 15:48:27,856 [2e56514c-0608-4198-9fed-b4eba4d3d686-groupManagement] INFO  ratis.ContainerStateMachine (ContainerStateMachine.java:initialize(339)) - 2e56514c-0608-4198-9fed-b4eba4d3d686: initialize group-C1D084BE788E
2025-07-05 15:48:27,856 [2e56514c-0608-4198-9fed-b4eba4d3d686-groupManagement] INFO  ratis.ContainerStateMachine (ContainerStateMachine.java:loadSnapshot(347)) - group-C1D084BE788E: The snapshot info is null. Setting the last applied index to:<INITIAL_VALUE>
2025-07-05 15:48:27,856 [2e56514c-0608-4198-9fed-b4eba4d3d686-groupManagement] INFO  server.RaftServerConfigKeys (ConfUtils.java:logGet(62)) - raft.server.log.appender.buffer.byte-limit = 33554432 (custom)
2025-07-05 15:48:27,859 [EventQueue-PipelineReportForOneReplicaPipelineSafeModeRule] INFO  safemode.SCMSafeModeManager (SCMSafeModeManager.java:validateSafeModeExitRules(138)) - AtleastOneDatanodeReportedRule rule is successfully validated
2025-07-05 15:48:27,860 [67766547-47ec-4cca-936b-6c95be71f3ba@group-C4940C4C02AA-StateMachineUpdater] INFO  safemode.SCMSafeModeManager (SCMSafeModeManager.java:validateSafeModeExitRules(138)) - DataNodeSafeModeRule rule is successfully validated
2025-07-05 15:48:27,860 [67766547-47ec-4cca-936b-6c95be71f3ba@group-C4940C4C02AA-StateMachineUpdater] INFO  safemode.SCMSafeModeManager (SCMSafeModeManager.java:validateSafeModeExitRules(138)) - RatisContainerSafeModeRule rule is successfully validated
2025-07-05 15:48:27,860 [67766547-47ec-4cca-936b-6c95be71f3ba@group-C4940C4C02AA-StateMachineUpdater] INFO  safemode.HealthyPipelineSafeModeRule (HealthyPipelineSafeModeRule.java:initializeRule(228)) - Refreshed total pipeline count is 0, healthy pipeline threshold count is 1
2025-07-05 15:48:27,860 [67766547-47ec-4cca-936b-6c95be71f3ba@group-C4940C4C02AA-StateMachineUpdater] INFO  safemode.SCMSafeModeManager (SCMSafeModeManager.java:validateSafeModeExitRules(138)) - ECContainerSafeModeRule rule is successfully validated
2025-07-05 15:48:27,860 [67766547-47ec-4cca-936b-6c95be71f3ba@group-C4940C4C02AA-StateMachineUpdater] INFO  safemode.SCMSafeModeManager (SCMSafeModeManager.java:validateSafeModeExitRules(138)) - AtleastOneDatanodeReportedRule rule is successfully validated
2025-07-05 15:48:27,860 [RatisPipelineUtilsThread-0] INFO  pipeline.BackgroundPipelineCreator (BackgroundPipelineCreator.java:createPipelines(246)) - Created new pipeline Pipeline{ Id: a4284b00-beef-4df1-b980-7aae84768178, Nodes: [ {16b3a642-386d-4aa9-ba22-a20b8f52ec18(localhost/127.0.0.1), ReplicaIndex: 0},], ReplicationConfig: RATIS/ONE, State:ALLOCATED, leaderId:, CreationTimestamp2025-07-05T15:48:27.856182548Z[Etc/UTC]}
2025-07-05 15:48:27,862 [2e56514c-0608-4198-9fed-b4eba4d3d686-groupManagement] INFO  server.RaftServerConfigKeys (ConfUtils.java:logGet(62)) - raft.server.log.segment.size.max = 67108864 (custom)
2025-07-05 15:48:27,863 [2e56514c-0608-4198-9fed-b4eba4d3d686-groupManagement] INFO  server.RaftServerConfigKeys (ConfUtils.java:logGet(62)) - raft.server.log.appender.buffer.byte-limit = 33554432 (custom)
2025-07-05 15:48:27,863 [2e56514c-0608-4198-9fed-b4eba4d3d686-groupManagement] INFO  util.AwaitToRun (AwaitToRun.java:start(81)) - Thread[#1244,2e56514c-0608-4198-9fed-b4eba4d3d686@group-C1D084BE788E-cacheEviction-AwaitToRun,5,main] started
2025-07-05 15:48:27,863 [2e56514c-0608-4198-9fed-b4eba4d3d686-groupManagement] INFO  segmented.SegmentedRaftLogWorker (SegmentedRaftLogWorker.java:<init>(190)) - new 2e56514c-0608-4198-9fed-b4eba4d3d686@group-C1D084BE788E-SegmentedRaftLogWorker for RaftStorageImpl:Storage Directory /home/runner/work/ozone/ozone/hadoop-ozone/integration-test/target/test-dir/MiniOzoneClusterImpl-0a3c97a5-d59a-4532-afef-c4940c4c02aa/ozone-meta/datanode-4/ratis/07c2a4b9-1a6d-4d20-b06e-c1d084be788e
2025-07-05 15:48:27,863 [2e56514c-0608-4198-9fed-b4eba4d3d686-groupManagement] INFO  server.RaftServerConfigKeys (ConfUtils.java:logGet(62)) - raft.server.log.queue.byte-limit = 4294967296 (custom)
2025-07-05 15:48:27,863 [2e56514c-0608-4198-9fed-b4eba4d3d686-groupManagement] INFO  server.RaftServerConfigKeys (ConfUtils.java:logGet(62)) - raft.server.log.segment.size.max = 67108864 (custom)
2025-07-05 15:48:27,863 [2e56514c-0608-4198-9fed-b4eba4d3d686-groupManagement] INFO  server.RaftServerConfigKeys (ConfUtils.java:logGet(62)) - raft.server.log.preallocated.size = 4194304 (custom)
2025-07-05 15:48:27,864 [2e56514c-0608-4198-9fed-b4eba4d3d686-groupManagement] INFO  server.RaftServerConfigKeys (ConfUtils.java:logGet(62)) - raft.server.log.write.buffer.size = 33554440 (custom)
2025-07-05 15:48:27,866 [EventQueue-PipelineReportForOneReplicaPipelineSafeModeRule] INFO  safemode.SCMSafeModeManager (SCMSafeModeManager.java:validateSafeModeExitRules(138)) - AtleastOneDatanodeReportedRule rule is successfully validated
2025-07-05 15:48:27,871 [2e56514c-0608-4198-9fed-b4eba4d3d686-groupManagement] INFO  server.RaftServerConfigKeys (ConfUtils.java:logGet(62)) - raft.server.log.appender.buffer.byte-limit = 33554432 (custom)
2025-07-05 15:48:27,872 [2e56514c-0608-4198-9fed-b4eba4d3d686-groupManagement] INFO  segmented.SegmentedRaftLogWorker (SegmentedRaftLogWorker.java:lambda$new$0(141)) - 2e56514c-0608-4198-9fed-b4eba4d3d686@group-C1D084BE788E-SegmentedRaftLogWorker: flushIndex: setUnconditionally 0 -> -1
2025-07-05 15:48:27,872 [2e56514c-0608-4198-9fed-b4eba4d3d686-groupManagement] INFO  segmented.SegmentedRaftLogWorker (SegmentedRaftLogWorker.java:lambda$new$0(141)) - 2e56514c-0608-4198-9fed-b4eba4d3d686@group-C1D084BE788E-SegmentedRaftLogWorker: safeCacheEvictIndex: setUnconditionally 0 -> -1
2025-07-05 15:48:27,872 [2e56514c-0608-4198-9fed-b4eba4d3d686-groupManagement] INFO  server.RaftServer$Division (RaftServerImpl.java:start(405)) - 2e56514c-0608-4198-9fed-b4eba4d3d686@group-C1D084BE788E: start as a follower, conf=conf: {index: -1, cur=peers:[694b616d-7f52-4b82-b07e-10398eb153c5|127.0.0.1:15047, 2e56514c-0608-4198-9fed-b4eba4d3d686|127.0.0.1:15039, d3a92f5c-9e4a-48c5-9a32-2f34a6e85eb8|127.0.0.1:15055]|listeners:[], old=null}
2025-07-05 15:48:27,872 [2e56514c-0608-4198-9fed-b4eba4d3d686-groupManagement] INFO  server.RaftServer$Division (RaftServerImpl.java:setRole(392)) - 2e56514c-0608-4198-9fed-b4eba4d3d686@group-C1D084BE788E: changes role from      null to FOLLOWER at term 0 for startAsFollower
2025-07-05 15:48:27,872 [2e56514c-0608-4198-9fed-b4eba4d3d686-groupManagement] INFO  impl.RoleInfo (RoleInfo.java:updateAndGet(148)) - 2e56514c-0608-4198-9fed-b4eba4d3d686: start 2e56514c-0608-4198-9fed-b4eba4d3d686@group-C1D084BE788E-FollowerState
2025-07-05 15:48:27,873 [2e56514c-0608-4198-9fed-b4eba4d3d686-groupManagement] INFO  util.JmxRegister (JmxRegister.java:tryRegister(44)) - Successfully registered JMX Bean with object name Ratis:service=RaftServer,group=group-C1D084BE788E,id=2e56514c-0608-4198-9fed-b4eba4d3d686
2025-07-05 15:48:27,873 [2e56514c-0608-4198-9fed-b4eba4d3d686-groupManagement] INFO  util.JmxRegister (JmxRegister.java:register(58)) - register mxBean class org.apache.ratis.server.impl.RaftServerJmxAdapter as Ratis:service=RaftServer,group=group-C1D084BE788E,id=2e56514c-0608-4198-9fed-b4eba4d3d686
2025-07-05 15:48:27,874 [2e56514c-0608-4198-9fed-b4eba4d3d686-groupManagement] INFO  server.RaftServer$Division (RaftServerImpl.java:start(419)) - 2e56514c-0608-4198-9fed-b4eba4d3d686@group-C1D084BE788E: Successfully started.
2025-07-05 15:48:27,875 [2e56514c-0608-4198-9fed-b4eba4d3d686-PipelineCommandHandlerThread-0] INFO  ratis.XceiverServerRatis (XceiverServerRatis.java:addGroup(843)) - Created group Pipeline-07c2a4b9-1a6d-4d20-b06e-c1d084be788e
2025-07-05 15:48:27,883 [EventQueue-PipelineReportForOneReplicaPipelineSafeModeRule] INFO  safemode.SCMSafeModeManager (SCMSafeModeManager.java:validateSafeModeExitRules(138)) - AtleastOneDatanodeReportedRule rule is successfully validated
2025-07-05 15:48:27,885 [grpc-default-executor-0] INFO  server.RaftServer (RaftServerProxy.java:addNew(105)) - d3a92f5c-9e4a-48c5-9a32-2f34a6e85eb8: addNew group-C1D084BE788E:[694b616d-7f52-4b82-b07e-10398eb153c5|127.0.0.1:15047, 2e56514c-0608-4198-9fed-b4eba4d3d686|127.0.0.1:15039, d3a92f5c-9e4a-48c5-9a32-2f34a6e85eb8|127.0.0.1:15055] returns group-C1D084BE788E:java.util.concurrent.CompletableFuture@6b903012[Not completed]
2025-07-05 15:48:27,887 [d3a92f5c-9e4a-48c5-9a32-2f34a6e85eb8-groupManagement] WARN  statemachine.DatanodeConfiguration (DatanodeConfiguration.java:validateMinFreeSpace(751)) - hdds.datanode.volume.min.free.space.percent = -1.0 is invalid, should be between 0 and 1
2025-07-05 15:48:27,887 [d3a92f5c-9e4a-48c5-9a32-2f34a6e85eb8-groupManagement] INFO  server.RaftServer$Division (RaftServerImpl.java:<init>(268)) - d3a92f5c-9e4a-48c5-9a32-2f34a6e85eb8: new RaftServerImpl for group-C1D084BE788E:[694b616d-7f52-4b82-b07e-10398eb153c5|127.0.0.1:15047, 2e56514c-0608-4198-9fed-b4eba4d3d686|127.0.0.1:15039, d3a92f5c-9e4a-48c5-9a32-2f34a6e85eb8|127.0.0.1:15055] with ContainerStateMachine:uninitialized
2025-07-05 15:48:27,887 [d3a92f5c-9e4a-48c5-9a32-2f34a6e85eb8-groupManagement] INFO  server.RaftServer$Division (ServerState.java:<init>(114)) - d3a92f5c-9e4a-48c5-9a32-2f34a6e85eb8@group-C1D084BE788E: ConfigurationManager, init=conf: {index: -1, cur=peers:[694b616d-7f52-4b82-b07e-10398eb153c5|127.0.0.1:15047, 2e56514c-0608-4198-9fed-b4eba4d3d686|127.0.0.1:15039, d3a92f5c-9e4a-48c5-9a32-2f34a6e85eb8|127.0.0.1:15055]|listeners:[], old=null}, confs=<EMPTY_MAP>
2025-07-05 15:48:27,892 [d3a92f5c-9e4a-48c5-9a32-2f34a6e85eb8-groupManagement] INFO  server.RaftServerConfigKeys (ConfUtils.java:logGet(62)) - raft.server.storage.dir = [/home/runner/work/ozone/ozone/hadoop-ozone/integration-test/target/test-dir/MiniOzoneClusterImpl-0a3c97a5-d59a-4532-afef-c4940c4c02aa/ozone-meta/datanode-6/ratis] (custom)
2025-07-05 15:48:27,892 [d3a92f5c-9e4a-48c5-9a32-2f34a6e85eb8-groupManagement] INFO  storage.RaftStorageDirectory (RaftStorageDirectoryImpl.java:analyzeStorage(138)) - The storage directory /home/runner/work/ozone/ozone/hadoop-ozone/integration-test/target/test-dir/MiniOzoneClusterImpl-0a3c97a5-d59a-4532-afef-c4940c4c02aa/ozone-meta/datanode-6/ratis/07c2a4b9-1a6d-4d20-b06e-c1d084be788e does not exist. Creating ...
2025-07-05 15:48:27,893 [d3a92f5c-9e4a-48c5-9a32-2f34a6e85eb8-groupManagement] INFO  storage.RaftStorageDirectory (RaftStorageDirectoryImpl.java:tryLock(229)) - Lock on /home/runner/work/ozone/ozone/hadoop-ozone/integration-test/target/test-dir/MiniOzoneClusterImpl-0a3c97a5-d59a-4532-afef-c4940c4c02aa/ozone-meta/datanode-6/ratis/07c2a4b9-1a6d-4d20-b06e-c1d084be788e/in_use.lock acquired by nodename 44235@localhost
2025-07-05 15:48:27,894 [d3a92f5c-9e4a-48c5-9a32-2f34a6e85eb8-groupManagement] INFO  storage.RaftStorage (RaftStorageImpl.java:format(98)) - Storage directory /home/runner/work/ozone/ozone/hadoop-ozone/integration-test/target/test-dir/MiniOzoneClusterImpl-0a3c97a5-d59a-4532-afef-c4940c4c02aa/ozone-meta/datanode-6/ratis/07c2a4b9-1a6d-4d20-b06e-c1d084be788e has been successfully formatted.
2025-07-05 15:48:27,894 [d3a92f5c-9e4a-48c5-9a32-2f34a6e85eb8-groupManagement] INFO  ratis.ContainerStateMachine (ContainerStateMachine.java:initialize(339)) - d3a92f5c-9e4a-48c5-9a32-2f34a6e85eb8: initialize group-C1D084BE788E
2025-07-05 15:48:27,894 [d3a92f5c-9e4a-48c5-9a32-2f34a6e85eb8-groupManagement] INFO  ratis.ContainerStateMachine (ContainerStateMachine.java:loadSnapshot(347)) - group-C1D084BE788E: The snapshot info is null. Setting the last applied index to:<INITIAL_VALUE>
2025-07-05 15:48:27,894 [d3a92f5c-9e4a-48c5-9a32-2f34a6e85eb8-groupManagement] INFO  server.RaftServerConfigKeys (ConfUtils.java:logGet(62)) - raft.server.log.appender.buffer.byte-limit = 33554432 (custom)
2025-07-05 15:48:27,897 [EventQueue-PipelineReportForOneReplicaPipelineSafeModeRule] INFO  safemode.SCMSafeModeManager (SCMSafeModeManager.java:validateSafeModeExitRules(138)) - AtleastOneDatanodeReportedRule rule is successfully validated
2025-07-05 15:48:27,898 [d3a92f5c-9e4a-48c5-9a32-2f34a6e85eb8-groupManagement] INFO  server.RaftServerConfigKeys (ConfUtils.java:logGet(62)) - raft.server.log.segment.size.max = 67108864 (custom)
2025-07-05 15:48:27,899 [d3a92f5c-9e4a-48c5-9a32-2f34a6e85eb8-groupManagement] INFO  server.RaftServerConfigKeys (ConfUtils.java:logGet(62)) - raft.server.log.appender.buffer.byte-limit = 33554432 (custom)
2025-07-05 15:48:27,900 [d3a92f5c-9e4a-48c5-9a32-2f34a6e85eb8-groupManagement] INFO  util.AwaitToRun (AwaitToRun.java:start(81)) - Thread[#1249,d3a92f5c-9e4a-48c5-9a32-2f34a6e85eb8@group-C1D084BE788E-cacheEviction-AwaitToRun,5,main] started
2025-07-05 15:48:27,900 [d3a92f5c-9e4a-48c5-9a32-2f34a6e85eb8-groupManagement] INFO  segmented.SegmentedRaftLogWorker (SegmentedRaftLogWorker.java:<init>(190)) - new d3a92f5c-9e4a-48c5-9a32-2f34a6e85eb8@group-C1D084BE788E-SegmentedRaftLogWorker for RaftStorageImpl:Storage Directory /home/runner/work/ozone/ozone/hadoop-ozone/integration-test/target/test-dir/MiniOzoneClusterImpl-0a3c97a5-d59a-4532-afef-c4940c4c02aa/ozone-meta/datanode-6/ratis/07c2a4b9-1a6d-4d20-b06e-c1d084be788e
2025-07-05 15:48:27,900 [d3a92f5c-9e4a-48c5-9a32-2f34a6e85eb8-groupManagement] INFO  server.RaftServerConfigKeys (ConfUtils.java:logGet(62)) - raft.server.log.queue.byte-limit = 4294967296 (custom)
2025-07-05 15:48:27,900 [d3a92f5c-9e4a-48c5-9a32-2f34a6e85eb8-groupManagement] INFO  server.RaftServerConfigKeys (ConfUtils.java:logGet(62)) - raft.server.log.segment.size.max = 67108864 (custom)
2025-07-05 15:48:27,900 [d3a92f5c-9e4a-48c5-9a32-2f34a6e85eb8-groupManagement] INFO  server.RaftServerConfigKeys (ConfUtils.java:logGet(62)) - raft.server.log.preallocated.size = 4194304 (custom)
2025-07-05 15:48:27,901 [d3a92f5c-9e4a-48c5-9a32-2f34a6e85eb8-groupManagement] INFO  server.RaftServerConfigKeys (ConfUtils.java:logGet(62)) - raft.server.log.write.buffer.size = 33554440 (custom)
2025-07-05 15:48:27,906 [d3a92f5c-9e4a-48c5-9a32-2f34a6e85eb8-groupManagement] INFO  server.RaftServerConfigKeys (ConfUtils.java:logGet(62)) - raft.server.log.appender.buffer.byte-limit = 33554432 (custom)
2025-07-05 15:48:27,906 [d3a92f5c-9e4a-48c5-9a32-2f34a6e85eb8-groupManagement] INFO  segmented.SegmentedRaftLogWorker (SegmentedRaftLogWorker.java:lambda$new$0(141)) - d3a92f5c-9e4a-48c5-9a32-2f34a6e85eb8@group-C1D084BE788E-SegmentedRaftLogWorker: flushIndex: setUnconditionally 0 -> -1
2025-07-05 15:48:27,906 [d3a92f5c-9e4a-48c5-9a32-2f34a6e85eb8-groupManagement] INFO  segmented.SegmentedRaftLogWorker (SegmentedRaftLogWorker.java:lambda$new$0(141)) - d3a92f5c-9e4a-48c5-9a32-2f34a6e85eb8@group-C1D084BE788E-SegmentedRaftLogWorker: safeCacheEvictIndex: setUnconditionally 0 -> -1
2025-07-05 15:48:27,907 [d3a92f5c-9e4a-48c5-9a32-2f34a6e85eb8-groupManagement] INFO  server.RaftServer$Division (RaftServerImpl.java:start(405)) - d3a92f5c-9e4a-48c5-9a32-2f34a6e85eb8@group-C1D084BE788E: start as a follower, conf=conf: {index: -1, cur=peers:[694b616d-7f52-4b82-b07e-10398eb153c5|127.0.0.1:15047, 2e56514c-0608-4198-9fed-b4eba4d3d686|127.0.0.1:15039, d3a92f5c-9e4a-48c5-9a32-2f34a6e85eb8|127.0.0.1:15055]|listeners:[], old=null}
2025-07-05 15:48:27,907 [d3a92f5c-9e4a-48c5-9a32-2f34a6e85eb8-groupManagement] INFO  server.RaftServer$Division (RaftServerImpl.java:setRole(392)) - d3a92f5c-9e4a-48c5-9a32-2f34a6e85eb8@group-C1D084BE788E: changes role from      null to FOLLOWER at term 0 for startAsFollower
2025-07-05 15:48:27,907 [d3a92f5c-9e4a-48c5-9a32-2f34a6e85eb8-groupManagement] INFO  impl.RoleInfo (RoleInfo.java:updateAndGet(148)) - d3a92f5c-9e4a-48c5-9a32-2f34a6e85eb8: start d3a92f5c-9e4a-48c5-9a32-2f34a6e85eb8@group-C1D084BE788E-FollowerState
2025-07-05 15:48:27,908 [d3a92f5c-9e4a-48c5-9a32-2f34a6e85eb8-groupManagement] INFO  util.JmxRegister (JmxRegister.java:tryRegister(44)) - Successfully registered JMX Bean with object name Ratis:service=RaftServer,group=group-C1D084BE788E,id=d3a92f5c-9e4a-48c5-9a32-2f34a6e85eb8
2025-07-05 15:48:27,908 [d3a92f5c-9e4a-48c5-9a32-2f34a6e85eb8-groupManagement] INFO  util.JmxRegister (JmxRegister.java:register(58)) - register mxBean class org.apache.ratis.server.impl.RaftServerJmxAdapter as Ratis:service=RaftServer,group=group-C1D084BE788E,id=d3a92f5c-9e4a-48c5-9a32-2f34a6e85eb8
2025-07-05 15:48:27,909 [d3a92f5c-9e4a-48c5-9a32-2f34a6e85eb8-groupManagement] INFO  server.RaftServer$Division (RaftServerImpl.java:start(419)) - d3a92f5c-9e4a-48c5-9a32-2f34a6e85eb8@group-C1D084BE788E: Successfully started.
2025-07-05 15:48:27,922 [grpc-default-executor-0] INFO  server.RaftServer (RaftServerProxy.java:addNew(105)) - 694b616d-7f52-4b82-b07e-10398eb153c5: addNew group-C1D084BE788E:[694b616d-7f52-4b82-b07e-10398eb153c5|127.0.0.1:15047, 2e56514c-0608-4198-9fed-b4eba4d3d686|127.0.0.1:15039, d3a92f5c-9e4a-48c5-9a32-2f34a6e85eb8|127.0.0.1:15055] returns group-C1D084BE788E:java.util.concurrent.CompletableFuture@48c848de[Not completed]
2025-07-05 15:48:27,923 [694b616d-7f52-4b82-b07e-10398eb153c5-groupManagement] WARN  statemachine.DatanodeConfiguration (DatanodeConfiguration.java:validateMinFreeSpace(751)) - hdds.datanode.volume.min.free.space.percent = -1.0 is invalid, should be between 0 and 1
2025-07-05 15:48:27,923 [694b616d-7f52-4b82-b07e-10398eb153c5-groupManagement] INFO  server.RaftServer$Division (RaftServerImpl.java:<init>(268)) - 694b616d-7f52-4b82-b07e-10398eb153c5: new RaftServerImpl for group-C1D084BE788E:[694b616d-7f52-4b82-b07e-10398eb153c5|127.0.0.1:15047, 2e56514c-0608-4198-9fed-b4eba4d3d686|127.0.0.1:15039, d3a92f5c-9e4a-48c5-9a32-2f34a6e85eb8|127.0.0.1:15055] with ContainerStateMachine:uninitialized
2025-07-05 15:48:27,924 [694b616d-7f52-4b82-b07e-10398eb153c5-groupManagement] INFO  server.RaftServer$Division (ServerState.java:<init>(114)) - 694b616d-7f52-4b82-b07e-10398eb153c5@group-C1D084BE788E: ConfigurationManager, init=conf: {index: -1, cur=peers:[694b616d-7f52-4b82-b07e-10398eb153c5|127.0.0.1:15047, 2e56514c-0608-4198-9fed-b4eba4d3d686|127.0.0.1:15039, d3a92f5c-9e4a-48c5-9a32-2f34a6e85eb8|127.0.0.1:15055]|listeners:[], old=null}, confs=<EMPTY_MAP>
2025-07-05 15:48:27,929 [694b616d-7f52-4b82-b07e-10398eb153c5-groupManagement] INFO  server.RaftServerConfigKeys (ConfUtils.java:logGet(62)) - raft.server.storage.dir = [/home/runner/work/ozone/ozone/hadoop-ozone/integration-test/target/test-dir/MiniOzoneClusterImpl-0a3c97a5-d59a-4532-afef-c4940c4c02aa/ozone-meta/datanode-5/ratis] (custom)
2025-07-05 15:48:27,930 [694b616d-7f52-4b82-b07e-10398eb153c5-groupManagement] INFO  storage.RaftStorageDirectory (RaftStorageDirectoryImpl.java:analyzeStorage(138)) - The storage directory /home/runner/work/ozone/ozone/hadoop-ozone/integration-test/target/test-dir/MiniOzoneClusterImpl-0a3c97a5-d59a-4532-afef-c4940c4c02aa/ozone-meta/datanode-5/ratis/07c2a4b9-1a6d-4d20-b06e-c1d084be788e does not exist. Creating ...
2025-07-05 15:48:27,931 [694b616d-7f52-4b82-b07e-10398eb153c5-groupManagement] INFO  storage.RaftStorageDirectory (RaftStorageDirectoryImpl.java:tryLock(229)) - Lock on /home/runner/work/ozone/ozone/hadoop-ozone/integration-test/target/test-dir/MiniOzoneClusterImpl-0a3c97a5-d59a-4532-afef-c4940c4c02aa/ozone-meta/datanode-5/ratis/07c2a4b9-1a6d-4d20-b06e-c1d084be788e/in_use.lock acquired by nodename 44235@localhost
2025-07-05 15:48:27,932 [694b616d-7f52-4b82-b07e-10398eb153c5-groupManagement] INFO  storage.RaftStorage (RaftStorageImpl.java:format(98)) - Storage directory /home/runner/work/ozone/ozone/hadoop-ozone/integration-test/target/test-dir/MiniOzoneClusterImpl-0a3c97a5-d59a-4532-afef-c4940c4c02aa/ozone-meta/datanode-5/ratis/07c2a4b9-1a6d-4d20-b06e-c1d084be788e has been successfully formatted.
2025-07-05 15:48:27,932 [694b616d-7f52-4b82-b07e-10398eb153c5-groupManagement] INFO  ratis.ContainerStateMachine (ContainerStateMachine.java:initialize(339)) - 694b616d-7f52-4b82-b07e-10398eb153c5: initialize group-C1D084BE788E
2025-07-05 15:48:27,932 [694b616d-7f52-4b82-b07e-10398eb153c5-groupManagement] INFO  ratis.ContainerStateMachine (ContainerStateMachine.java:loadSnapshot(347)) - group-C1D084BE788E: The snapshot info is null. Setting the last applied index to:<INITIAL_VALUE>
2025-07-05 15:48:27,933 [694b616d-7f52-4b82-b07e-10398eb153c5-groupManagement] INFO  server.RaftServerConfigKeys (ConfUtils.java:logGet(62)) - raft.server.log.appender.buffer.byte-limit = 33554432 (custom)
2025-07-05 15:48:27,935 [694b616d-7f52-4b82-b07e-10398eb153c5-groupManagement] INFO  server.RaftServerConfigKeys (ConfUtils.java:logGet(62)) - raft.server.log.segment.size.max = 67108864 (custom)
2025-07-05 15:48:27,936 [694b616d-7f52-4b82-b07e-10398eb153c5-groupManagement] INFO  server.RaftServerConfigKeys (ConfUtils.java:logGet(62)) - raft.server.log.appender.buffer.byte-limit = 33554432 (custom)
2025-07-05 15:48:27,936 [EventQueue-PipelineReportForOneReplicaPipelineSafeModeRule] INFO  safemode.SCMSafeModeManager (SCMSafeModeManager.java:validateSafeModeExitRules(138)) - AtleastOneDatanodeReportedRule rule is successfully validated
2025-07-05 15:48:27,936 [694b616d-7f52-4b82-b07e-10398eb153c5-groupManagement] INFO  util.AwaitToRun (AwaitToRun.java:start(81)) - Thread[#1257,694b616d-7f52-4b82-b07e-10398eb153c5@group-C1D084BE788E-cacheEviction-AwaitToRun,5,main] started
2025-07-05 15:48:27,936 [694b616d-7f52-4b82-b07e-10398eb153c5-groupManagement] INFO  segmented.SegmentedRaftLogWorker (SegmentedRaftLogWorker.java:<init>(190)) - new 694b616d-7f52-4b82-b07e-10398eb153c5@group-C1D084BE788E-SegmentedRaftLogWorker for RaftStorageImpl:Storage Directory /home/runner/work/ozone/ozone/hadoop-ozone/integration-test/target/test-dir/MiniOzoneClusterImpl-0a3c97a5-d59a-4532-afef-c4940c4c02aa/ozone-meta/datanode-5/ratis/07c2a4b9-1a6d-4d20-b06e-c1d084be788e
2025-07-05 15:48:27,936 [694b616d-7f52-4b82-b07e-10398eb153c5-groupManagement] INFO  server.RaftServerConfigKeys (ConfUtils.java:logGet(62)) - raft.server.log.queue.byte-limit = 4294967296 (custom)
2025-07-05 15:48:27,936 [694b616d-7f52-4b82-b07e-10398eb153c5-groupManagement] INFO  server.RaftServerConfigKeys (ConfUtils.java:logGet(62)) - raft.server.log.segment.size.max = 67108864 (custom)
2025-07-05 15:48:27,937 [694b616d-7f52-4b82-b07e-10398eb153c5-groupManagement] INFO  server.RaftServerConfigKeys (ConfUtils.java:logGet(62)) - raft.server.log.preallocated.size = 4194304 (custom)
2025-07-05 15:48:27,937 [694b616d-7f52-4b82-b07e-10398eb153c5-groupManagement] INFO  server.RaftServerConfigKeys (ConfUtils.java:logGet(62)) - raft.server.log.write.buffer.size = 33554440 (custom)
2025-07-05 15:48:27,943 [694b616d-7f52-4b82-b07e-10398eb153c5-groupManagement] INFO  server.RaftServerConfigKeys (ConfUtils.java:logGet(62)) - raft.server.log.appender.buffer.byte-limit = 33554432 (custom)
2025-07-05 15:48:27,943 [694b616d-7f52-4b82-b07e-10398eb153c5-groupManagement] INFO  segmented.SegmentedRaftLogWorker (SegmentedRaftLogWorker.java:lambda$new$0(141)) - 694b616d-7f52-4b82-b07e-10398eb153c5@group-C1D084BE788E-SegmentedRaftLogWorker: flushIndex: setUnconditionally 0 -> -1
2025-07-05 15:48:27,944 [694b616d-7f52-4b82-b07e-10398eb153c5-groupManagement] INFO  segmented.SegmentedRaftLogWorker (SegmentedRaftLogWorker.java:lambda$new$0(141)) - 694b616d-7f52-4b82-b07e-10398eb153c5@group-C1D084BE788E-SegmentedRaftLogWorker: safeCacheEvictIndex: setUnconditionally 0 -> -1
2025-07-05 15:48:27,944 [694b616d-7f52-4b82-b07e-10398eb153c5-groupManagement] INFO  server.RaftServer$Division (RaftServerImpl.java:start(405)) - 694b616d-7f52-4b82-b07e-10398eb153c5@group-C1D084BE788E: start as a follower, conf=conf: {index: -1, cur=peers:[694b616d-7f52-4b82-b07e-10398eb153c5|127.0.0.1:15047, 2e56514c-0608-4198-9fed-b4eba4d3d686|127.0.0.1:15039, d3a92f5c-9e4a-48c5-9a32-2f34a6e85eb8|127.0.0.1:15055]|listeners:[], old=null}
2025-07-05 15:48:27,944 [694b616d-7f52-4b82-b07e-10398eb153c5-groupManagement] INFO  server.RaftServer$Division (RaftServerImpl.java:setRole(392)) - 694b616d-7f52-4b82-b07e-10398eb153c5@group-C1D084BE788E: changes role from      null to FOLLOWER at term 0 for startAsFollower
2025-07-05 15:48:27,944 [694b616d-7f52-4b82-b07e-10398eb153c5-groupManagement] INFO  impl.RoleInfo (RoleInfo.java:updateAndGet(148)) - 694b616d-7f52-4b82-b07e-10398eb153c5: start 694b616d-7f52-4b82-b07e-10398eb153c5@group-C1D084BE788E-FollowerState
2025-07-05 15:48:27,944 [694b616d-7f52-4b82-b07e-10398eb153c5-groupManagement] INFO  util.JmxRegister (JmxRegister.java:tryRegister(44)) - Successfully registered JMX Bean with object name Ratis:service=RaftServer,group=group-C1D084BE788E,id=694b616d-7f52-4b82-b07e-10398eb153c5
2025-07-05 15:48:27,945 [694b616d-7f52-4b82-b07e-10398eb153c5-groupManagement] INFO  util.JmxRegister (JmxRegister.java:register(58)) - register mxBean class org.apache.ratis.server.impl.RaftServerJmxAdapter as Ratis:service=RaftServer,group=group-C1D084BE788E,id=694b616d-7f52-4b82-b07e-10398eb153c5
2025-07-05 15:48:27,946 [694b616d-7f52-4b82-b07e-10398eb153c5-groupManagement] INFO  server.RaftServer$Division (RaftServerImpl.java:start(419)) - 694b616d-7f52-4b82-b07e-10398eb153c5@group-C1D084BE788E: Successfully started.
2025-07-05 15:48:27,951 [2e56514c-0608-4198-9fed-b4eba4d3d686-PipelineCommandHandlerThread-0] INFO  commandhandler.CreatePipelineCommandHandler (CreatePipelineCommandHandler.java:lambda$handle$2(127)) - Created Pipeline RATIS THREE Pipeline-07c2a4b9-1a6d-4d20-b06e-c1d084be788e.
2025-07-05 15:48:27,952 [2e56514c-0608-4198-9fed-b4eba4d3d686-PipelineCommandHandlerThread-0] INFO  server.RaftServer (RaftServerProxy.java:addNew(105)) - 2e56514c-0608-4198-9fed-b4eba4d3d686: addNew group-3C69EB928671:[694b616d-7f52-4b82-b07e-10398eb153c5|127.0.0.1:15047, 2e56514c-0608-4198-9fed-b4eba4d3d686|127.0.0.1:15039, d3a92f5c-9e4a-48c5-9a32-2f34a6e85eb8|127.0.0.1:15055] returns group-3C69EB928671:java.util.concurrent.CompletableFuture@6a25b8fe[Not completed]
2025-07-05 15:48:27,953 [2e56514c-0608-4198-9fed-b4eba4d3d686-groupManagement] WARN  statemachine.DatanodeConfiguration (DatanodeConfiguration.java:validateMinFreeSpace(751)) - hdds.datanode.volume.min.free.space.percent = -1.0 is invalid, should be between 0 and 1
2025-07-05 15:48:27,954 [2e56514c-0608-4198-9fed-b4eba4d3d686-groupManagement] INFO  server.RaftServer$Division (RaftServerImpl.java:<init>(268)) - 2e56514c-0608-4198-9fed-b4eba4d3d686: new RaftServerImpl for group-3C69EB928671:[694b616d-7f52-4b82-b07e-10398eb153c5|127.0.0.1:15047, 2e56514c-0608-4198-9fed-b4eba4d3d686|127.0.0.1:15039, d3a92f5c-9e4a-48c5-9a32-2f34a6e85eb8|127.0.0.1:15055] with ContainerStateMachine:uninitialized
2025-07-05 15:48:27,954 [2e56514c-0608-4198-9fed-b4eba4d3d686-groupManagement] INFO  server.RaftServer$Division (ServerState.java:<init>(114)) - 2e56514c-0608-4198-9fed-b4eba4d3d686@group-3C69EB928671: ConfigurationManager, init=conf: {index: -1, cur=peers:[694b616d-7f52-4b82-b07e-10398eb153c5|127.0.0.1:15047, 2e56514c-0608-4198-9fed-b4eba4d3d686|127.0.0.1:15039, d3a92f5c-9e4a-48c5-9a32-2f34a6e85eb8|127.0.0.1:15055]|listeners:[], old=null}, confs=<EMPTY_MAP>
2025-07-05 15:48:27,960 [2e56514c-0608-4198-9fed-b4eba4d3d686-groupManagement] INFO  server.RaftServerConfigKeys (ConfUtils.java:logGet(62)) - raft.server.storage.dir = [/home/runner/work/ozone/ozone/hadoop-ozone/integration-test/target/test-dir/MiniOzoneClusterImpl-0a3c97a5-d59a-4532-afef-c4940c4c02aa/ozone-meta/datanode-4/ratis] (custom)
2025-07-05 15:48:27,960 [2e56514c-0608-4198-9fed-b4eba4d3d686-groupManagement] INFO  storage.RaftStorageDirectory (RaftStorageDirectoryImpl.java:analyzeStorage(138)) - The storage directory /home/runner/work/ozone/ozone/hadoop-ozone/integration-test/target/test-dir/MiniOzoneClusterImpl-0a3c97a5-d59a-4532-afef-c4940c4c02aa/ozone-meta/datanode-4/ratis/e3a3bb0d-3136-4b0d-b430-3c69eb928671 does not exist. Creating ...
2025-07-05 15:48:27,962 [2e56514c-0608-4198-9fed-b4eba4d3d686-groupManagement] INFO  storage.RaftStorageDirectory (RaftStorageDirectoryImpl.java:tryLock(229)) - Lock on /home/runner/work/ozone/ozone/hadoop-ozone/integration-test/target/test-dir/MiniOzoneClusterImpl-0a3c97a5-d59a-4532-afef-c4940c4c02aa/ozone-meta/datanode-4/ratis/e3a3bb0d-3136-4b0d-b430-3c69eb928671/in_use.lock acquired by nodename 44235@localhost
2025-07-05 15:48:27,963 [2e56514c-0608-4198-9fed-b4eba4d3d686-groupManagement] INFO  storage.RaftStorage (RaftStorageImpl.java:format(98)) - Storage directory /home/runner/work/ozone/ozone/hadoop-ozone/integration-test/target/test-dir/MiniOzoneClusterImpl-0a3c97a5-d59a-4532-afef-c4940c4c02aa/ozone-meta/datanode-4/ratis/e3a3bb0d-3136-4b0d-b430-3c69eb928671 has been successfully formatted.
2025-07-05 15:48:27,964 [2e56514c-0608-4198-9fed-b4eba4d3d686-groupManagement] INFO  ratis.ContainerStateMachine (ContainerStateMachine.java:initialize(339)) - 2e56514c-0608-4198-9fed-b4eba4d3d686: initialize group-3C69EB928671
2025-07-05 15:48:27,964 [2e56514c-0608-4198-9fed-b4eba4d3d686-groupManagement] INFO  ratis.ContainerStateMachine (ContainerStateMachine.java:loadSnapshot(347)) - group-3C69EB928671: The snapshot info is null. Setting the last applied index to:<INITIAL_VALUE>
2025-07-05 15:48:27,964 [2e56514c-0608-4198-9fed-b4eba4d3d686-groupManagement] INFO  server.RaftServerConfigKeys (ConfUtils.java:logGet(62)) - raft.server.log.appender.buffer.byte-limit = 33554432 (custom)
2025-07-05 15:48:27,967 [EventQueue-PipelineReportForOneReplicaPipelineSafeModeRule] INFO  safemode.SCMSafeModeManager (SCMSafeModeManager.java:validateSafeModeExitRules(138)) - AtleastOneDatanodeReportedRule rule is successfully validated
2025-07-05 15:48:27,967 [EventQueue-PipelineReportForOneReplicaPipelineSafeModeRule] INFO  safemode.SCMSafeModeManager (SCMSafeModeManager.java:validateSafeModeExitRules(138)) - AtleastOneDatanodeReportedRule rule is successfully validated
2025-07-05 15:48:27,967 [2e56514c-0608-4198-9fed-b4eba4d3d686-groupManagement] INFO  server.RaftServerConfigKeys (ConfUtils.java:logGet(62)) - raft.server.log.segment.size.max = 67108864 (custom)
2025-07-05 15:48:27,968 [2e56514c-0608-4198-9fed-b4eba4d3d686-groupManagement] INFO  server.RaftServerConfigKeys (ConfUtils.java:logGet(62)) - raft.server.log.appender.buffer.byte-limit = 33554432 (custom)
2025-07-05 15:48:27,969 [2e56514c-0608-4198-9fed-b4eba4d3d686-groupManagement] INFO  util.AwaitToRun (AwaitToRun.java:start(81)) - Thread[#1264,2e56514c-0608-4198-9fed-b4eba4d3d686@group-3C69EB928671-cacheEviction-AwaitToRun,5,main] started
2025-07-05 15:48:27,969 [2e56514c-0608-4198-9fed-b4eba4d3d686-groupManagement] INFO  segmented.SegmentedRaftLogWorker (SegmentedRaftLogWorker.java:<init>(190)) - new 2e56514c-0608-4198-9fed-b4eba4d3d686@group-3C69EB928671-SegmentedRaftLogWorker for RaftStorageImpl:Storage Directory /home/runner/work/ozone/ozone/hadoop-ozone/integration-test/target/test-dir/MiniOzoneClusterImpl-0a3c97a5-d59a-4532-afef-c4940c4c02aa/ozone-meta/datanode-4/ratis/e3a3bb0d-3136-4b0d-b430-3c69eb928671
2025-07-05 15:48:27,969 [2e56514c-0608-4198-9fed-b4eba4d3d686-groupManagement] INFO  server.RaftServerConfigKeys (ConfUtils.java:logGet(62)) - raft.server.log.queue.byte-limit = 4294967296 (custom)
2025-07-05 15:48:27,969 [2e56514c-0608-4198-9fed-b4eba4d3d686-groupManagement] INFO  server.RaftServerConfigKeys (ConfUtils.java:logGet(62)) - raft.server.log.segment.size.max = 67108864 (custom)
2025-07-05 15:48:27,970 [2e56514c-0608-4198-9fed-b4eba4d3d686-groupManagement] INFO  server.RaftServerConfigKeys (ConfUtils.java:logGet(62)) - raft.server.log.preallocated.size = 4194304 (custom)
2025-07-05 15:48:27,970 [2e56514c-0608-4198-9fed-b4eba4d3d686-groupManagement] INFO  server.RaftServerConfigKeys (ConfUtils.java:logGet(62)) - raft.server.log.write.buffer.size = 33554440 (custom)
2025-07-05 15:48:27,976 [2e56514c-0608-4198-9fed-b4eba4d3d686-groupManagement] INFO  server.RaftServerConfigKeys (ConfUtils.java:logGet(62)) - raft.server.log.appender.buffer.byte-limit = 33554432 (custom)
2025-07-05 15:48:27,976 [2e56514c-0608-4198-9fed-b4eba4d3d686-groupManagement] INFO  segmented.SegmentedRaftLogWorker (SegmentedRaftLogWorker.java:lambda$new$0(141)) - 2e56514c-0608-4198-9fed-b4eba4d3d686@group-3C69EB928671-SegmentedRaftLogWorker: flushIndex: setUnconditionally 0 -> -1
2025-07-05 15:48:27,977 [2e56514c-0608-4198-9fed-b4eba4d3d686-groupManagement] INFO  segmented.SegmentedRaftLogWorker (SegmentedRaftLogWorker.java:lambda$new$0(141)) - 2e56514c-0608-4198-9fed-b4eba4d3d686@group-3C69EB928671-SegmentedRaftLogWorker: safeCacheEvictIndex: setUnconditionally 0 -> -1
2025-07-05 15:48:27,977 [2e56514c-0608-4198-9fed-b4eba4d3d686-groupManagement] INFO  server.RaftServer$Division (RaftServerImpl.java:start(405)) - 2e56514c-0608-4198-9fed-b4eba4d3d686@group-3C69EB928671: start as a follower, conf=conf: {index: -1, cur=peers:[694b616d-7f52-4b82-b07e-10398eb153c5|127.0.0.1:15047, 2e56514c-0608-4198-9fed-b4eba4d3d686|127.0.0.1:15039, d3a92f5c-9e4a-48c5-9a32-2f34a6e85eb8|127.0.0.1:15055]|listeners:[], old=null}
2025-07-05 15:48:27,977 [2e56514c-0608-4198-9fed-b4eba4d3d686-groupManagement] INFO  server.RaftServer$Division (RaftServerImpl.java:setRole(392)) - 2e56514c-0608-4198-9fed-b4eba4d3d686@group-3C69EB928671: changes role from      null to FOLLOWER at term 0 for startAsFollower
2025-07-05 15:48:27,977 [2e56514c-0608-4198-9fed-b4eba4d3d686-groupManagement] INFO  impl.RoleInfo (RoleInfo.java:updateAndGet(148)) - 2e56514c-0608-4198-9fed-b4eba4d3d686: start 2e56514c-0608-4198-9fed-b4eba4d3d686@group-3C69EB928671-FollowerState
2025-07-05 15:48:27,978 [2e56514c-0608-4198-9fed-b4eba4d3d686-groupManagement] INFO  util.JmxRegister (JmxRegister.java:tryRegister(44)) - Successfully registered JMX Bean with object name Ratis:service=RaftServer,group=group-3C69EB928671,id=2e56514c-0608-4198-9fed-b4eba4d3d686
2025-07-05 15:48:27,978 [2e56514c-0608-4198-9fed-b4eba4d3d686-groupManagement] INFO  util.JmxRegister (JmxRegister.java:register(58)) - register mxBean class org.apache.ratis.server.impl.RaftServerJmxAdapter as Ratis:service=RaftServer,group=group-3C69EB928671,id=2e56514c-0608-4198-9fed-b4eba4d3d686
2025-07-05 15:48:27,979 [2e56514c-0608-4198-9fed-b4eba4d3d686-groupManagement] INFO  server.RaftServer$Division (RaftServerImpl.java:start(419)) - 2e56514c-0608-4198-9fed-b4eba4d3d686@group-3C69EB928671: Successfully started.
2025-07-05 15:48:27,979 [2e56514c-0608-4198-9fed-b4eba4d3d686-PipelineCommandHandlerThread-0] INFO  ratis.XceiverServerRatis (XceiverServerRatis.java:addGroup(843)) - Created group Pipeline-e3a3bb0d-3136-4b0d-b430-3c69eb928671
2025-07-05 15:48:27,989 [694b616d-7f52-4b82-b07e-10398eb153c5-groupManagement] WARN  statemachine.DatanodeConfiguration (DatanodeConfiguration.java:validateMinFreeSpace(751)) - hdds.datanode.volume.min.free.space.percent = -1.0 is invalid, should be between 0 and 1
2025-07-05 15:48:27,990 [694b616d-7f52-4b82-b07e-10398eb153c5-groupManagement] INFO  server.RaftServer$Division (RaftServerImpl.java:<init>(268)) - 694b616d-7f52-4b82-b07e-10398eb153c5: new RaftServerImpl for group-3C69EB928671:[694b616d-7f52-4b82-b07e-10398eb153c5|127.0.0.1:15047, 2e56514c-0608-4198-9fed-b4eba4d3d686|127.0.0.1:15039, d3a92f5c-9e4a-48c5-9a32-2f34a6e85eb8|127.0.0.1:15055] with ContainerStateMachine:uninitialized
2025-07-05 15:48:27,989 [grpc-default-executor-0] INFO  server.RaftServer (RaftServerProxy.java:addNew(105)) - 694b616d-7f52-4b82-b07e-10398eb153c5: addNew group-3C69EB928671:[694b616d-7f52-4b82-b07e-10398eb153c5|127.0.0.1:15047, 2e56514c-0608-4198-9fed-b4eba4d3d686|127.0.0.1:15039, d3a92f5c-9e4a-48c5-9a32-2f34a6e85eb8|127.0.0.1:15055] returns group-3C69EB928671:java.util.concurrent.CompletableFuture@3ab6199b[Not completed]
2025-07-05 15:48:27,990 [694b616d-7f52-4b82-b07e-10398eb153c5-groupManagement] INFO  server.RaftServer$Division (ServerState.java:<init>(114)) - 694b616d-7f52-4b82-b07e-10398eb153c5@group-3C69EB928671: ConfigurationManager, init=conf: {index: -1, cur=peers:[694b616d-7f52-4b82-b07e-10398eb153c5|127.0.0.1:15047, 2e56514c-0608-4198-9fed-b4eba4d3d686|127.0.0.1:15039, d3a92f5c-9e4a-48c5-9a32-2f34a6e85eb8|127.0.0.1:15055]|listeners:[], old=null}, confs=<EMPTY_MAP>
2025-07-05 15:48:27,996 [694b616d-7f52-4b82-b07e-10398eb153c5-groupManagement] INFO  server.RaftServerConfigKeys (ConfUtils.java:logGet(62)) - raft.server.storage.dir = [/home/runner/work/ozone/ozone/hadoop-ozone/integration-test/target/test-dir/MiniOzoneClusterImpl-0a3c97a5-d59a-4532-afef-c4940c4c02aa/ozone-meta/datanode-5/ratis] (custom)
2025-07-05 15:48:27,997 [694b616d-7f52-4b82-b07e-10398eb153c5-groupManagement] INFO  storage.RaftStorageDirectory (RaftStorageDirectoryImpl.java:analyzeStorage(138)) - The storage directory /home/runner/work/ozone/ozone/hadoop-ozone/integration-test/target/test-dir/MiniOzoneClusterImpl-0a3c97a5-d59a-4532-afef-c4940c4c02aa/ozone-meta/datanode-5/ratis/e3a3bb0d-3136-4b0d-b430-3c69eb928671 does not exist. Creating ...
2025-07-05 15:48:27,999 [694b616d-7f52-4b82-b07e-10398eb153c5-groupManagement] INFO  storage.RaftStorageDirectory (RaftStorageDirectoryImpl.java:tryLock(229)) - Lock on /home/runner/work/ozone/ozone/hadoop-ozone/integration-test/target/test-dir/MiniOzoneClusterImpl-0a3c97a5-d59a-4532-afef-c4940c4c02aa/ozone-meta/datanode-5/ratis/e3a3bb0d-3136-4b0d-b430-3c69eb928671/in_use.lock acquired by nodename 44235@localhost
2025-07-05 15:48:28,001 [694b616d-7f52-4b82-b07e-10398eb153c5-groupManagement] INFO  storage.RaftStorage (RaftStorageImpl.java:format(98)) - Storage directory /home/runner/work/ozone/ozone/hadoop-ozone/integration-test/target/test-dir/MiniOzoneClusterImpl-0a3c97a5-d59a-4532-afef-c4940c4c02aa/ozone-meta/datanode-5/ratis/e3a3bb0d-3136-4b0d-b430-3c69eb928671 has been successfully formatted.
2025-07-05 15:48:28,002 [694b616d-7f52-4b82-b07e-10398eb153c5-groupManagement] INFO  ratis.ContainerStateMachine (ContainerStateMachine.java:initialize(339)) - 694b616d-7f52-4b82-b07e-10398eb153c5: initialize group-3C69EB928671
2025-07-05 15:48:28,002 [694b616d-7f52-4b82-b07e-10398eb153c5-groupManagement] INFO  ratis.ContainerStateMachine (ContainerStateMachine.java:loadSnapshot(347)) - group-3C69EB928671: The snapshot info is null. Setting the last applied index to:<INITIAL_VALUE>
2025-07-05 15:48:28,002 [694b616d-7f52-4b82-b07e-10398eb153c5-groupManagement] INFO  server.RaftServerConfigKeys (ConfUtils.java:logGet(62)) - raft.server.log.appender.buffer.byte-limit = 33554432 (custom)
2025-07-05 15:48:28,003 [EventQueue-PipelineReportForOneReplicaPipelineSafeModeRule] INFO  safemode.SCMSafeModeManager (SCMSafeModeManager.java:validateSafeModeExitRules(138)) - AtleastOneDatanodeReportedRule rule is successfully validated
2025-07-05 15:48:28,006 [694b616d-7f52-4b82-b07e-10398eb153c5-groupManagement] INFO  server.RaftServerConfigKeys (ConfUtils.java:logGet(62)) - raft.server.log.segment.size.max = 67108864 (custom)
2025-07-05 15:48:28,007 [694b616d-7f52-4b82-b07e-10398eb153c5-groupManagement] INFO  server.RaftServerConfigKeys (ConfUtils.java:logGet(62)) - raft.server.log.appender.buffer.byte-limit = 33554432 (custom)
2025-07-05 15:48:28,007 [694b616d-7f52-4b82-b07e-10398eb153c5-groupManagement] INFO  util.AwaitToRun (AwaitToRun.java:start(81)) - Thread[#1268,694b616d-7f52-4b82-b07e-10398eb153c5@group-3C69EB928671-cacheEviction-AwaitToRun,5,main] started
2025-07-05 15:48:28,007 [694b616d-7f52-4b82-b07e-10398eb153c5-groupManagement] INFO  segmented.SegmentedRaftLogWorker (SegmentedRaftLogWorker.java:<init>(190)) - new 694b616d-7f52-4b82-b07e-10398eb153c5@group-3C69EB928671-SegmentedRaftLogWorker for RaftStorageImpl:Storage Directory /home/runner/work/ozone/ozone/hadoop-ozone/integration-test/target/test-dir/MiniOzoneClusterImpl-0a3c97a5-d59a-4532-afef-c4940c4c02aa/ozone-meta/datanode-5/ratis/e3a3bb0d-3136-4b0d-b430-3c69eb928671
2025-07-05 15:48:28,007 [694b616d-7f52-4b82-b07e-10398eb153c5-groupManagement] INFO  server.RaftServerConfigKeys (ConfUtils.java:logGet(62)) - raft.server.log.queue.byte-limit = 4294967296 (custom)
2025-07-05 15:48:28,007 [694b616d-7f52-4b82-b07e-10398eb153c5-groupManagement] INFO  server.RaftServerConfigKeys (ConfUtils.java:logGet(62)) - raft.server.log.segment.size.max = 67108864 (custom)
2025-07-05 15:48:28,007 [694b616d-7f52-4b82-b07e-10398eb153c5-groupManagement] INFO  server.RaftServerConfigKeys (ConfUtils.java:logGet(62)) - raft.server.log.preallocated.size = 4194304 (custom)
2025-07-05 15:48:28,008 [694b616d-7f52-4b82-b07e-10398eb153c5-groupManagement] INFO  server.RaftServerConfigKeys (ConfUtils.java:logGet(62)) - raft.server.log.write.buffer.size = 33554440 (custom)
2025-07-05 15:48:28,013 [694b616d-7f52-4b82-b07e-10398eb153c5-groupManagement] INFO  server.RaftServerConfigKeys (ConfUtils.java:logGet(62)) - raft.server.log.appender.buffer.byte-limit = 33554432 (custom)
2025-07-05 15:48:28,014 [694b616d-7f52-4b82-b07e-10398eb153c5-groupManagement] INFO  segmented.SegmentedRaftLogWorker (SegmentedRaftLogWorker.java:lambda$new$0(141)) - 694b616d-7f52-4b82-b07e-10398eb153c5@group-3C69EB928671-SegmentedRaftLogWorker: flushIndex: setUnconditionally 0 -> -1
2025-07-05 15:48:28,014 [694b616d-7f52-4b82-b07e-10398eb153c5-groupManagement] INFO  segmented.SegmentedRaftLogWorker (SegmentedRaftLogWorker.java:lambda$new$0(141)) - 694b616d-7f52-4b82-b07e-10398eb153c5@group-3C69EB928671-SegmentedRaftLogWorker: safeCacheEvictIndex: setUnconditionally 0 -> -1
2025-07-05 15:48:28,014 [694b616d-7f52-4b82-b07e-10398eb153c5-groupManagement] INFO  server.RaftServer$Division (RaftServerImpl.java:start(405)) - 694b616d-7f52-4b82-b07e-10398eb153c5@group-3C69EB928671: start as a follower, conf=conf: {index: -1, cur=peers:[694b616d-7f52-4b82-b07e-10398eb153c5|127.0.0.1:15047, 2e56514c-0608-4198-9fed-b4eba4d3d686|127.0.0.1:15039, d3a92f5c-9e4a-48c5-9a32-2f34a6e85eb8|127.0.0.1:15055]|listeners:[], old=null}
2025-07-05 15:48:28,014 [694b616d-7f52-4b82-b07e-10398eb153c5-groupManagement] INFO  server.RaftServer$Division (RaftServerImpl.java:setRole(392)) - 694b616d-7f52-4b82-b07e-10398eb153c5@group-3C69EB928671: changes role from      null to FOLLOWER at term 0 for startAsFollower
2025-07-05 15:48:28,014 [694b616d-7f52-4b82-b07e-10398eb153c5-groupManagement] INFO  impl.RoleInfo (RoleInfo.java:updateAndGet(148)) - 694b616d-7f52-4b82-b07e-10398eb153c5: start 694b616d-7f52-4b82-b07e-10398eb153c5@group-3C69EB928671-FollowerState
2025-07-05 15:48:28,015 [694b616d-7f52-4b82-b07e-10398eb153c5-groupManagement] INFO  util.JmxRegister (JmxRegister.java:tryRegister(44)) - Successfully registered JMX Bean with object name Ratis:service=RaftServer,group=group-3C69EB928671,id=694b616d-7f52-4b82-b07e-10398eb153c5
2025-07-05 15:48:28,015 [694b616d-7f52-4b82-b07e-10398eb153c5-groupManagement] INFO  util.JmxRegister (JmxRegister.java:register(58)) - register mxBean class org.apache.ratis.server.impl.RaftServerJmxAdapter as Ratis:service=RaftServer,group=group-3C69EB928671,id=694b616d-7f52-4b82-b07e-10398eb153c5
2025-07-05 15:48:28,016 [694b616d-7f52-4b82-b07e-10398eb153c5-groupManagement] INFO  server.RaftServer$Division (RaftServerImpl.java:start(419)) - 694b616d-7f52-4b82-b07e-10398eb153c5@group-3C69EB928671: Successfully started.
2025-07-05 15:48:28,041 [EventQueue-PipelineReportForOneReplicaPipelineSafeModeRule] INFO  safemode.SCMSafeModeManager (SCMSafeModeManager.java:validateSafeModeExitRules(138)) - AtleastOneDatanodeReportedRule rule is successfully validated
2025-07-05 15:48:28,049 [grpc-default-executor-0] INFO  server.RaftServer (RaftServerProxy.java:addNew(105)) - d3a92f5c-9e4a-48c5-9a32-2f34a6e85eb8: addNew group-3C69EB928671:[694b616d-7f52-4b82-b07e-10398eb153c5|127.0.0.1:15047, 2e56514c-0608-4198-9fed-b4eba4d3d686|127.0.0.1:15039, d3a92f5c-9e4a-48c5-9a32-2f34a6e85eb8|127.0.0.1:15055] returns group-3C69EB928671:java.util.concurrent.CompletableFuture@512c5b70[Not completed]
2025-07-05 15:48:28,051 [d3a92f5c-9e4a-48c5-9a32-2f34a6e85eb8-groupManagement] WARN  statemachine.DatanodeConfiguration (DatanodeConfiguration.java:validateMinFreeSpace(751)) - hdds.datanode.volume.min.free.space.percent = -1.0 is invalid, should be between 0 and 1
2025-07-05 15:48:28,051 [d3a92f5c-9e4a-48c5-9a32-2f34a6e85eb8-groupManagement] INFO  server.RaftServer$Division (RaftServerImpl.java:<init>(268)) - d3a92f5c-9e4a-48c5-9a32-2f34a6e85eb8: new RaftServerImpl for group-3C69EB928671:[694b616d-7f52-4b82-b07e-10398eb153c5|127.0.0.1:15047, 2e56514c-0608-4198-9fed-b4eba4d3d686|127.0.0.1:15039, d3a92f5c-9e4a-48c5-9a32-2f34a6e85eb8|127.0.0.1:15055] with ContainerStateMachine:uninitialized
2025-07-05 15:48:28,051 [d3a92f5c-9e4a-48c5-9a32-2f34a6e85eb8-groupManagement] INFO  server.RaftServer$Division (ServerState.java:<init>(114)) - d3a92f5c-9e4a-48c5-9a32-2f34a6e85eb8@group-3C69EB928671: ConfigurationManager, init=conf: {index: -1, cur=peers:[694b616d-7f52-4b82-b07e-10398eb153c5|127.0.0.1:15047, 2e56514c-0608-4198-9fed-b4eba4d3d686|127.0.0.1:15039, d3a92f5c-9e4a-48c5-9a32-2f34a6e85eb8|127.0.0.1:15055]|listeners:[], old=null}, confs=<EMPTY_MAP>
2025-07-05 15:48:28,055 [d3a92f5c-9e4a-48c5-9a32-2f34a6e85eb8-groupManagement] INFO  server.RaftServerConfigKeys (ConfUtils.java:logGet(62)) - raft.server.storage.dir = [/home/runner/work/ozone/ozone/hadoop-ozone/integration-test/target/test-dir/MiniOzoneClusterImpl-0a3c97a5-d59a-4532-afef-c4940c4c02aa/ozone-meta/datanode-6/ratis] (custom)
2025-07-05 15:48:28,055 [d3a92f5c-9e4a-48c5-9a32-2f34a6e85eb8-groupManagement] INFO  storage.RaftStorageDirectory (RaftStorageDirectoryImpl.java:analyzeStorage(138)) - The storage directory /home/runner/work/ozone/ozone/hadoop-ozone/integration-test/target/test-dir/MiniOzoneClusterImpl-0a3c97a5-d59a-4532-afef-c4940c4c02aa/ozone-meta/datanode-6/ratis/e3a3bb0d-3136-4b0d-b430-3c69eb928671 does not exist. Creating ...
2025-07-05 15:48:28,056 [d3a92f5c-9e4a-48c5-9a32-2f34a6e85eb8-groupManagement] INFO  storage.RaftStorageDirectory (RaftStorageDirectoryImpl.java:tryLock(229)) - Lock on /home/runner/work/ozone/ozone/hadoop-ozone/integration-test/target/test-dir/MiniOzoneClusterImpl-0a3c97a5-d59a-4532-afef-c4940c4c02aa/ozone-meta/datanode-6/ratis/e3a3bb0d-3136-4b0d-b430-3c69eb928671/in_use.lock acquired by nodename 44235@localhost
2025-07-05 15:48:28,057 [d3a92f5c-9e4a-48c5-9a32-2f34a6e85eb8-groupManagement] INFO  storage.RaftStorage (RaftStorageImpl.java:format(98)) - Storage directory /home/runner/work/ozone/ozone/hadoop-ozone/integration-test/target/test-dir/MiniOzoneClusterImpl-0a3c97a5-d59a-4532-afef-c4940c4c02aa/ozone-meta/datanode-6/ratis/e3a3bb0d-3136-4b0d-b430-3c69eb928671 has been successfully formatted.
2025-07-05 15:48:28,058 [d3a92f5c-9e4a-48c5-9a32-2f34a6e85eb8-groupManagement] INFO  ratis.ContainerStateMachine (ContainerStateMachine.java:initialize(339)) - d3a92f5c-9e4a-48c5-9a32-2f34a6e85eb8: initialize group-3C69EB928671
2025-07-05 15:48:28,058 [d3a92f5c-9e4a-48c5-9a32-2f34a6e85eb8-groupManagement] INFO  ratis.ContainerStateMachine (ContainerStateMachine.java:loadSnapshot(347)) - group-3C69EB928671: The snapshot info is null. Setting the last applied index to:<INITIAL_VALUE>
2025-07-05 15:48:28,058 [d3a92f5c-9e4a-48c5-9a32-2f34a6e85eb8-groupManagement] INFO  server.RaftServerConfigKeys (ConfUtils.java:logGet(62)) - raft.server.log.appender.buffer.byte-limit = 33554432 (custom)
2025-07-05 15:48:28,061 [d3a92f5c-9e4a-48c5-9a32-2f34a6e85eb8-groupManagement] INFO  server.RaftServerConfigKeys (ConfUtils.java:logGet(62)) - raft.server.log.segment.size.max = 67108864 (custom)
2025-07-05 15:48:28,061 [d3a92f5c-9e4a-48c5-9a32-2f34a6e85eb8-groupManagement] INFO  server.RaftServerConfigKeys (ConfUtils.java:logGet(62)) - raft.server.log.appender.buffer.byte-limit = 33554432 (custom)
2025-07-05 15:48:28,062 [d3a92f5c-9e4a-48c5-9a32-2f34a6e85eb8-groupManagement] INFO  util.AwaitToRun (AwaitToRun.java:start(81)) - Thread[#1275,d3a92f5c-9e4a-48c5-9a32-2f34a6e85eb8@group-3C69EB928671-cacheEviction-AwaitToRun,5,main] started
2025-07-05 15:48:28,062 [d3a92f5c-9e4a-48c5-9a32-2f34a6e85eb8-groupManagement] INFO  segmented.SegmentedRaftLogWorker (SegmentedRaftLogWorker.java:<init>(190)) - new d3a92f5c-9e4a-48c5-9a32-2f34a6e85eb8@group-3C69EB928671-SegmentedRaftLogWorker for RaftStorageImpl:Storage Directory /home/runner/work/ozone/ozone/hadoop-ozone/integration-test/target/test-dir/MiniOzoneClusterImpl-0a3c97a5-d59a-4532-afef-c4940c4c02aa/ozone-meta/datanode-6/ratis/e3a3bb0d-3136-4b0d-b430-3c69eb928671
2025-07-05 15:48:28,062 [EventQueue-PipelineReportForOneReplicaPipelineSafeModeRule] INFO  safemode.SCMSafeModeManager (SCMSafeModeManager.java:validateSafeModeExitRules(138)) - AtleastOneDatanodeReportedRule rule is successfully validated
2025-07-05 15:48:28,062 [d3a92f5c-9e4a-48c5-9a32-2f34a6e85eb8-groupManagement] INFO  server.RaftServerConfigKeys (ConfUtils.java:logGet(62)) - raft.server.log.queue.byte-limit = 4294967296 (custom)
2025-07-05 15:48:28,063 [d3a92f5c-9e4a-48c5-9a32-2f34a6e85eb8-groupManagement] INFO  server.RaftServerConfigKeys (ConfUtils.java:logGet(62)) - raft.server.log.segment.size.max = 67108864 (custom)
2025-07-05 15:48:28,063 [d3a92f5c-9e4a-48c5-9a32-2f34a6e85eb8-groupManagement] INFO  server.RaftServerConfigKeys (ConfUtils.java:logGet(62)) - raft.server.log.preallocated.size = 4194304 (custom)
2025-07-05 15:48:28,063 [d3a92f5c-9e4a-48c5-9a32-2f34a6e85eb8-groupManagement] INFO  server.RaftServerConfigKeys (ConfUtils.java:logGet(62)) - raft.server.log.write.buffer.size = 33554440 (custom)
2025-07-05 15:48:28,070 [d3a92f5c-9e4a-48c5-9a32-2f34a6e85eb8-groupManagement] INFO  server.RaftServerConfigKeys (ConfUtils.java:logGet(62)) - raft.server.log.appender.buffer.byte-limit = 33554432 (custom)
2025-07-05 15:48:28,070 [d3a92f5c-9e4a-48c5-9a32-2f34a6e85eb8-groupManagement] INFO  segmented.SegmentedRaftLogWorker (SegmentedRaftLogWorker.java:lambda$new$0(141)) - d3a92f5c-9e4a-48c5-9a32-2f34a6e85eb8@group-3C69EB928671-SegmentedRaftLogWorker: flushIndex: setUnconditionally 0 -> -1
2025-07-05 15:48:28,070 [d3a92f5c-9e4a-48c5-9a32-2f34a6e85eb8-groupManagement] INFO  segmented.SegmentedRaftLogWorker (SegmentedRaftLogWorker.java:lambda$new$0(141)) - d3a92f5c-9e4a-48c5-9a32-2f34a6e85eb8@group-3C69EB928671-SegmentedRaftLogWorker: safeCacheEvictIndex: setUnconditionally 0 -> -1
2025-07-05 15:48:28,071 [d3a92f5c-9e4a-48c5-9a32-2f34a6e85eb8-groupManagement] INFO  server.RaftServer$Division (RaftServerImpl.java:start(405)) - d3a92f5c-9e4a-48c5-9a32-2f34a6e85eb8@group-3C69EB928671: start as a follower, conf=conf: {index: -1, cur=peers:[694b616d-7f52-4b82-b07e-10398eb153c5|127.0.0.1:15047, 2e56514c-0608-4198-9fed-b4eba4d3d686|127.0.0.1:15039, d3a92f5c-9e4a-48c5-9a32-2f34a6e85eb8|127.0.0.1:15055]|listeners:[], old=null}
2025-07-05 15:48:28,071 [d3a92f5c-9e4a-48c5-9a32-2f34a6e85eb8-groupManagement] INFO  server.RaftServer$Division (RaftServerImpl.java:setRole(392)) - d3a92f5c-9e4a-48c5-9a32-2f34a6e85eb8@group-3C69EB928671: changes role from      null to FOLLOWER at term 0 for startAsFollower
2025-07-05 15:48:28,071 [d3a92f5c-9e4a-48c5-9a32-2f34a6e85eb8-groupManagement] INFO  impl.RoleInfo (RoleInfo.java:updateAndGet(148)) - d3a92f5c-9e4a-48c5-9a32-2f34a6e85eb8: start d3a92f5c-9e4a-48c5-9a32-2f34a6e85eb8@group-3C69EB928671-FollowerState
2025-07-05 15:48:28,072 [d3a92f5c-9e4a-48c5-9a32-2f34a6e85eb8-groupManagement] INFO  util.JmxRegister (JmxRegister.java:tryRegister(44)) - Successfully registered JMX Bean with object name Ratis:service=RaftServer,group=group-3C69EB928671,id=d3a92f5c-9e4a-48c5-9a32-2f34a6e85eb8
2025-07-05 15:48:28,072 [d3a92f5c-9e4a-48c5-9a32-2f34a6e85eb8-groupManagement] INFO  util.JmxRegister (JmxRegister.java:register(58)) - register mxBean class org.apache.ratis.server.impl.RaftServerJmxAdapter as Ratis:service=RaftServer,group=group-3C69EB928671,id=d3a92f5c-9e4a-48c5-9a32-2f34a6e85eb8
2025-07-05 15:48:28,073 [d3a92f5c-9e4a-48c5-9a32-2f34a6e85eb8-groupManagement] INFO  server.RaftServer$Division (RaftServerImpl.java:start(419)) - d3a92f5c-9e4a-48c5-9a32-2f34a6e85eb8@group-3C69EB928671: Successfully started.
2025-07-05 15:48:28,078 [2e56514c-0608-4198-9fed-b4eba4d3d686-PipelineCommandHandlerThread-0] INFO  commandhandler.CreatePipelineCommandHandler (CreatePipelineCommandHandler.java:lambda$handle$2(127)) - Created Pipeline RATIS THREE Pipeline-e3a3bb0d-3136-4b0d-b430-3c69eb928671.
2025-07-05 15:48:28,083 [EventQueue-PipelineReportForOneReplicaPipelineSafeModeRule] INFO  safemode.SCMSafeModeManager (SCMSafeModeManager.java:validateSafeModeExitRules(138)) - AtleastOneDatanodeReportedRule rule is successfully validated
2025-07-05 15:48:28,109 [EventQueue-PipelineReportForOneReplicaPipelineSafeModeRule] INFO  safemode.SCMSafeModeManager (SCMSafeModeManager.java:validateSafeModeExitRules(138)) - AtleastOneDatanodeReportedRule rule is successfully validated
2025-07-05 15:48:28,111 [EventQueue-PipelineReportForOneReplicaPipelineSafeModeRule] INFO  safemode.SCMSafeModeManager (SCMSafeModeManager.java:validateSafeModeExitRules(138)) - AtleastOneDatanodeReportedRule rule is successfully validated
2025-07-05 15:48:28,166 [EventQueue-PipelineReportForOneReplicaPipelineSafeModeRule] INFO  safemode.SCMSafeModeManager (SCMSafeModeManager.java:validateSafeModeExitRules(138)) - AtleastOneDatanodeReportedRule rule is successfully validated
2025-07-05 15:48:28,167 [EventQueue-PipelineReportForOneReplicaPipelineSafeModeRule] INFO  safemode.SCMSafeModeManager (SCMSafeModeManager.java:validateSafeModeExitRules(138)) - AtleastOneDatanodeReportedRule rule is successfully validated
2025-07-05 15:48:28,236 [694b616d-7f52-4b82-b07e-10398eb153c5-PipelineCommandHandlerThread-0] INFO  server.RaftServer (RaftServerProxy.java:addNew(105)) - 694b616d-7f52-4b82-b07e-10398eb153c5: addNew group-D8440EAE590F:[694b616d-7f52-4b82-b07e-10398eb153c5|127.0.0.1:15047] returns group-D8440EAE590F:java.util.concurrent.CompletableFuture@34890a0a[Not completed]
2025-07-05 15:48:28,238 [694b616d-7f52-4b82-b07e-10398eb153c5-groupManagement] WARN  statemachine.DatanodeConfiguration (DatanodeConfiguration.java:validateMinFreeSpace(751)) - hdds.datanode.volume.min.free.space.percent = -1.0 is invalid, should be between 0 and 1
2025-07-05 15:48:28,238 [694b616d-7f52-4b82-b07e-10398eb153c5-groupManagement] INFO  server.RaftServer$Division (RaftServerImpl.java:<init>(268)) - 694b616d-7f52-4b82-b07e-10398eb153c5: new RaftServerImpl for group-D8440EAE590F:[694b616d-7f52-4b82-b07e-10398eb153c5|127.0.0.1:15047] with ContainerStateMachine:uninitialized
2025-07-05 15:48:28,238 [694b616d-7f52-4b82-b07e-10398eb153c5-groupManagement] INFO  server.RaftServer$Division (ServerState.java:<init>(114)) - 694b616d-7f52-4b82-b07e-10398eb153c5@group-D8440EAE590F: ConfigurationManager, init=conf: {index: -1, cur=peers:[694b616d-7f52-4b82-b07e-10398eb153c5|127.0.0.1:15047]|listeners:[], old=null}, confs=<EMPTY_MAP>
2025-07-05 15:48:28,243 [694b616d-7f52-4b82-b07e-10398eb153c5-groupManagement] INFO  server.RaftServerConfigKeys (ConfUtils.java:logGet(62)) - raft.server.storage.dir = [/home/runner/work/ozone/ozone/hadoop-ozone/integration-test/target/test-dir/MiniOzoneClusterImpl-0a3c97a5-d59a-4532-afef-c4940c4c02aa/ozone-meta/datanode-5/ratis] (custom)
2025-07-05 15:48:28,243 [694b616d-7f52-4b82-b07e-10398eb153c5-groupManagement] INFO  storage.RaftStorageDirectory (RaftStorageDirectoryImpl.java:analyzeStorage(138)) - The storage directory /home/runner/work/ozone/ozone/hadoop-ozone/integration-test/target/test-dir/MiniOzoneClusterImpl-0a3c97a5-d59a-4532-afef-c4940c4c02aa/ozone-meta/datanode-5/ratis/77bac9b7-c088-49da-aedc-d8440eae590f does not exist. Creating ...
2025-07-05 15:48:28,244 [694b616d-7f52-4b82-b07e-10398eb153c5-groupManagement] INFO  storage.RaftStorageDirectory (RaftStorageDirectoryImpl.java:tryLock(229)) - Lock on /home/runner/work/ozone/ozone/hadoop-ozone/integration-test/target/test-dir/MiniOzoneClusterImpl-0a3c97a5-d59a-4532-afef-c4940c4c02aa/ozone-meta/datanode-5/ratis/77bac9b7-c088-49da-aedc-d8440eae590f/in_use.lock acquired by nodename 44235@localhost
2025-07-05 15:48:28,245 [694b616d-7f52-4b82-b07e-10398eb153c5-groupManagement] INFO  storage.RaftStorage (RaftStorageImpl.java:format(98)) - Storage directory /home/runner/work/ozone/ozone/hadoop-ozone/integration-test/target/test-dir/MiniOzoneClusterImpl-0a3c97a5-d59a-4532-afef-c4940c4c02aa/ozone-meta/datanode-5/ratis/77bac9b7-c088-49da-aedc-d8440eae590f has been successfully formatted.
2025-07-05 15:48:28,246 [694b616d-7f52-4b82-b07e-10398eb153c5-groupManagement] INFO  ratis.ContainerStateMachine (ContainerStateMachine.java:initialize(339)) - 694b616d-7f52-4b82-b07e-10398eb153c5: initialize group-D8440EAE590F
2025-07-05 15:48:28,246 [694b616d-7f52-4b82-b07e-10398eb153c5-groupManagement] INFO  ratis.ContainerStateMachine (ContainerStateMachine.java:loadSnapshot(347)) - group-D8440EAE590F: The snapshot info is null. Setting the last applied index to:<INITIAL_VALUE>
2025-07-05 15:48:28,246 [694b616d-7f52-4b82-b07e-10398eb153c5-groupManagement] INFO  server.RaftServerConfigKeys (ConfUtils.java:logGet(62)) - raft.server.log.appender.buffer.byte-limit = 33554432 (custom)
2025-07-05 15:48:28,248 [694b616d-7f52-4b82-b07e-10398eb153c5-groupManagement] INFO  server.RaftServerConfigKeys (ConfUtils.java:logGet(62)) - raft.server.log.segment.size.max = 67108864 (custom)
2025-07-05 15:48:28,249 [694b616d-7f52-4b82-b07e-10398eb153c5-groupManagement] INFO  server.RaftServerConfigKeys (ConfUtils.java:logGet(62)) - raft.server.log.appender.buffer.byte-limit = 33554432 (custom)
2025-07-05 15:48:28,249 [694b616d-7f52-4b82-b07e-10398eb153c5-groupManagement] INFO  util.AwaitToRun (AwaitToRun.java:start(81)) - Thread[#1283,694b616d-7f52-4b82-b07e-10398eb153c5@group-D8440EAE590F-cacheEviction-AwaitToRun,5,main] started
2025-07-05 15:48:28,249 [694b616d-7f52-4b82-b07e-10398eb153c5-groupManagement] INFO  segmented.SegmentedRaftLogWorker (SegmentedRaftLogWorker.java:<init>(190)) - new 694b616d-7f52-4b82-b07e-10398eb153c5@group-D8440EAE590F-SegmentedRaftLogWorker for RaftStorageImpl:Storage Directory /home/runner/work/ozone/ozone/hadoop-ozone/integration-test/target/test-dir/MiniOzoneClusterImpl-0a3c97a5-d59a-4532-afef-c4940c4c02aa/ozone-meta/datanode-5/ratis/77bac9b7-c088-49da-aedc-d8440eae590f
2025-07-05 15:48:28,249 [694b616d-7f52-4b82-b07e-10398eb153c5-groupManagement] INFO  server.RaftServerConfigKeys (ConfUtils.java:logGet(62)) - raft.server.log.queue.byte-limit = 4294967296 (custom)
2025-07-05 15:48:28,249 [694b616d-7f52-4b82-b07e-10398eb153c5-groupManagement] INFO  server.RaftServerConfigKeys (ConfUtils.java:logGet(62)) - raft.server.log.segment.size.max = 67108864 (custom)
2025-07-05 15:48:28,249 [694b616d-7f52-4b82-b07e-10398eb153c5-groupManagement] INFO  server.RaftServerConfigKeys (ConfUtils.java:logGet(62)) - raft.server.log.preallocated.size = 4194304 (custom)
2025-07-05 15:48:28,250 [694b616d-7f52-4b82-b07e-10398eb153c5-groupManagement] INFO  server.RaftServerConfigKeys (ConfUtils.java:logGet(62)) - raft.server.log.write.buffer.size = 33554440 (custom)
2025-07-05 15:48:28,250 [EventQueue-PipelineReportForOneReplicaPipelineSafeModeRule] INFO  safemode.SCMSafeModeManager (SCMSafeModeManager.java:validateSafeModeExitRules(138)) - AtleastOneDatanodeReportedRule rule is successfully validated
2025-07-05 15:48:28,256 [67766547-47ec-4cca-936b-6c95be71f3ba@group-C4940C4C02AA-StateMachineUpdater] INFO  safemode.SCMSafeModeManager (SCMSafeModeManager.java:validateSafeModeExitRules(138)) - DataNodeSafeModeRule rule is successfully validated
2025-07-05 15:48:28,256 [67766547-47ec-4cca-936b-6c95be71f3ba@group-C4940C4C02AA-StateMachineUpdater] INFO  safemode.SCMSafeModeManager (SCMSafeModeManager.java:validateSafeModeExitRules(138)) - RatisContainerSafeModeRule rule is successfully validated
2025-07-05 15:48:28,256 [67766547-47ec-4cca-936b-6c95be71f3ba@group-C4940C4C02AA-StateMachineUpdater] INFO  safemode.HealthyPipelineSafeModeRule (HealthyPipelineSafeModeRule.java:initializeRule(228)) - Refreshed total pipeline count is 0, healthy pipeline threshold count is 1
2025-07-05 15:48:28,256 [67766547-47ec-4cca-936b-6c95be71f3ba@group-C4940C4C02AA-StateMachineUpdater] INFO  safemode.SCMSafeModeManager (SCMSafeModeManager.java:validateSafeModeExitRules(138)) - ECContainerSafeModeRule rule is successfully validated
2025-07-05 15:48:28,256 [67766547-47ec-4cca-936b-6c95be71f3ba@group-C4940C4C02AA-StateMachineUpdater] INFO  safemode.SCMSafeModeManager (SCMSafeModeManager.java:validateSafeModeExitRules(138)) - AtleastOneDatanodeReportedRule rule is successfully validated
2025-07-05 15:48:28,257 [694b616d-7f52-4b82-b07e-10398eb153c5-groupManagement] INFO  server.RaftServerConfigKeys (ConfUtils.java:logGet(62)) - raft.server.log.appender.buffer.byte-limit = 33554432 (custom)
2025-07-05 15:48:28,257 [694b616d-7f52-4b82-b07e-10398eb153c5-groupManagement] INFO  segmented.SegmentedRaftLogWorker (SegmentedRaftLogWorker.java:lambda$new$0(141)) - 694b616d-7f52-4b82-b07e-10398eb153c5@group-D8440EAE590F-SegmentedRaftLogWorker: flushIndex: setUnconditionally 0 -> -1
2025-07-05 15:48:28,257 [694b616d-7f52-4b82-b07e-10398eb153c5-groupManagement] INFO  segmented.SegmentedRaftLogWorker (SegmentedRaftLogWorker.java:lambda$new$0(141)) - 694b616d-7f52-4b82-b07e-10398eb153c5@group-D8440EAE590F-SegmentedRaftLogWorker: safeCacheEvictIndex: setUnconditionally 0 -> -1
2025-07-05 15:48:28,257 [EventQueue-PipelineReportForPipelineReportHandler] INFO  pipeline.PipelineReportHandler (PipelineReportHandler.java:processPipelineReport(134)) - Opened pipeline Pipeline-77bac9b7-c088-49da-aedc-d8440eae590f
2025-07-05 15:48:28,258 [694b616d-7f52-4b82-b07e-10398eb153c5-groupManagement] INFO  server.RaftServer$Division (RaftServerImpl.java:start(405)) - 694b616d-7f52-4b82-b07e-10398eb153c5@group-D8440EAE590F: start as a follower, conf=conf: {index: -1, cur=peers:[694b616d-7f52-4b82-b07e-10398eb153c5|127.0.0.1:15047]|listeners:[], old=null}
2025-07-05 15:48:28,258 [694b616d-7f52-4b82-b07e-10398eb153c5-groupManagement] INFO  server.RaftServer$Division (RaftServerImpl.java:setRole(392)) - 694b616d-7f52-4b82-b07e-10398eb153c5@group-D8440EAE590F: changes role from      null to FOLLOWER at term 0 for startAsFollower
2025-07-05 15:48:28,258 [694b616d-7f52-4b82-b07e-10398eb153c5-groupManagement] INFO  impl.RoleInfo (RoleInfo.java:updateAndGet(148)) - 694b616d-7f52-4b82-b07e-10398eb153c5: start 694b616d-7f52-4b82-b07e-10398eb153c5@group-D8440EAE590F-FollowerState
2025-07-05 15:48:28,259 [694b616d-7f52-4b82-b07e-10398eb153c5-groupManagement] INFO  util.JmxRegister (JmxRegister.java:tryRegister(44)) - Successfully registered JMX Bean with object name Ratis:service=RaftServer,group=group-D8440EAE590F,id=694b616d-7f52-4b82-b07e-10398eb153c5
2025-07-05 15:48:28,259 [694b616d-7f52-4b82-b07e-10398eb153c5-groupManagement] INFO  util.JmxRegister (JmxRegister.java:register(58)) - register mxBean class org.apache.ratis.server.impl.RaftServerJmxAdapter as Ratis:service=RaftServer,group=group-D8440EAE590F,id=694b616d-7f52-4b82-b07e-10398eb153c5
2025-07-05 15:48:28,260 [EventQueue-PipelineReportForOneReplicaPipelineSafeModeRule] INFO  safemode.SCMSafeModeManager (SCMSafeModeManager.java:validateSafeModeExitRules(138)) - AtleastOneDatanodeReportedRule rule is successfully validated
2025-07-05 15:48:28,261 [694b616d-7f52-4b82-b07e-10398eb153c5-groupManagement] INFO  server.RaftServer$Division (RaftServerImpl.java:start(419)) - 694b616d-7f52-4b82-b07e-10398eb153c5@group-D8440EAE590F: Successfully started.
2025-07-05 15:48:28,261 [694b616d-7f52-4b82-b07e-10398eb153c5-PipelineCommandHandlerThread-0] INFO  ratis.XceiverServerRatis (XceiverServerRatis.java:addGroup(843)) - Created group Pipeline-77bac9b7-c088-49da-aedc-d8440eae590f
2025-07-05 15:48:28,261 [694b616d-7f52-4b82-b07e-10398eb153c5-PipelineCommandHandlerThread-0] INFO  commandhandler.CreatePipelineCommandHandler (CreatePipelineCommandHandler.java:lambda$handle$2(127)) - Created Pipeline RATIS ONE Pipeline-77bac9b7-c088-49da-aedc-d8440eae590f.
2025-07-05 15:48:28,266 [EventQueue-PipelineReportForOneReplicaPipelineSafeModeRule] INFO  safemode.SCMSafeModeManager (SCMSafeModeManager.java:validateSafeModeExitRules(138)) - AtleastOneDatanodeReportedRule rule is successfully validated
2025-07-05 15:48:28,308 [05378834-8d64-4004-85b0-7f2e6f6e22dc@group-BEBFF4DB9F45-FollowerState] INFO  impl.FollowerState (FollowerState.java:runImpl(161)) - 05378834-8d64-4004-85b0-7f2e6f6e22dc@group-BEBFF4DB9F45-FollowerState: change to CANDIDATE, lastRpcElapsedTime:1054480189ns, electionTimeout:1054ms
2025-07-05 15:48:28,308 [05378834-8d64-4004-85b0-7f2e6f6e22dc@group-BEBFF4DB9F45-FollowerState] INFO  impl.RoleInfo (RoleInfo.java:shutdownFollowerState(121)) - 05378834-8d64-4004-85b0-7f2e6f6e22dc: shutdown 05378834-8d64-4004-85b0-7f2e6f6e22dc@group-BEBFF4DB9F45-FollowerState
2025-07-05 15:48:28,308 [05378834-8d64-4004-85b0-7f2e6f6e22dc@group-BEBFF4DB9F45-FollowerState] INFO  server.RaftServer$Division (RaftServerImpl.java:setRole(392)) - 05378834-8d64-4004-85b0-7f2e6f6e22dc@group-BEBFF4DB9F45: changes role from  FOLLOWER to CANDIDATE at term 0 for changeToCandidate
2025-07-05 15:48:28,308 [05378834-8d64-4004-85b0-7f2e6f6e22dc@group-BEBFF4DB9F45-FollowerState] INFO  impl.RoleInfo (RoleInfo.java:updateAndGet(148)) - 05378834-8d64-4004-85b0-7f2e6f6e22dc: start 05378834-8d64-4004-85b0-7f2e6f6e22dc@group-BEBFF4DB9F45-LeaderElection4
2025-07-05 15:48:28,309 [05378834-8d64-4004-85b0-7f2e6f6e22dc@group-BEBFF4DB9F45-LeaderElection4] INFO  impl.LeaderElection (LeaderElection.java:askForVotes(448)) - 05378834-8d64-4004-85b0-7f2e6f6e22dc@group-BEBFF4DB9F45-LeaderElection4 PRE_VOTE round 0: submit vote requests at term 0 for conf: {index: -1, cur=peers:[a2ddbc4c-912b-4a1a-89ce-9bbeea094c2b|127.0.0.1:15023, b5b4f89f-93bb-4b69-9074-7f3b90eee2a4|127.0.0.1:15031, 05378834-8d64-4004-85b0-7f2e6f6e22dc|127.0.0.1:15015]|listeners:[], old=null}
2025-07-05 15:48:28,310 [EventQueue-PipelineReportForOneReplicaPipelineSafeModeRule] INFO  safemode.SCMSafeModeManager (SCMSafeModeManager.java:validateSafeModeExitRules(138)) - AtleastOneDatanodeReportedRule rule is successfully validated
2025-07-05 15:48:28,312 [05378834-8d64-4004-85b0-7f2e6f6e22dc@group-BEBFF4DB9F45-LeaderElection4-1] INFO  server.GrpcServerProtocolClient (GrpcServerProtocolClient.java:<init>(65)) - Build channel for a2ddbc4c-912b-4a1a-89ce-9bbeea094c2b|127.0.0.1:15023
2025-07-05 15:48:28,312 [05378834-8d64-4004-85b0-7f2e6f6e22dc@group-BEBFF4DB9F45-LeaderElection4-2] INFO  server.GrpcServerProtocolClient (GrpcServerProtocolClient.java:<init>(65)) - Build channel for b5b4f89f-93bb-4b69-9074-7f3b90eee2a4|127.0.0.1:15031
2025-07-05 15:48:28,320 [grpc-default-executor-0] INFO  server.RaftServer$Division (RaftServerImpl.java:requestVote(1421)) - a2ddbc4c-912b-4a1a-89ce-9bbeea094c2b@group-BEBFF4DB9F45: receive requestVote(PRE_VOTE, 05378834-8d64-4004-85b0-7f2e6f6e22dc, group-BEBFF4DB9F45, 0, <PROTO_DEFAULT>)
2025-07-05 15:48:28,321 [grpc-default-executor-1] INFO  server.RaftServer$Division (RaftServerImpl.java:requestVote(1421)) - b5b4f89f-93bb-4b69-9074-7f3b90eee2a4@group-BEBFF4DB9F45: receive requestVote(PRE_VOTE, 05378834-8d64-4004-85b0-7f2e6f6e22dc, group-BEBFF4DB9F45, 0, <PROTO_DEFAULT>)
2025-07-05 15:48:28,321 [grpc-default-executor-0] INFO  impl.VoteContext (VoteContext.java:log(49)) - a2ddbc4c-912b-4a1a-89ce-9bbeea094c2b@group-BEBFF4DB9F45-FOLLOWER: reject PRE_VOTE from 05378834-8d64-4004-85b0-7f2e6f6e22dc: our priority 1 > candidate's priority 0
2025-07-05 15:48:28,321 [grpc-default-executor-1] INFO  impl.VoteContext (VoteContext.java:log(49)) - b5b4f89f-93bb-4b69-9074-7f3b90eee2a4@group-BEBFF4DB9F45-FOLLOWER: accept PRE_VOTE from 05378834-8d64-4004-85b0-7f2e6f6e22dc: our priority 0 <= candidate's priority 0
2025-07-05 15:48:28,324 [grpc-default-executor-1] INFO  server.RaftServer$Division (RaftServerImpl.java:requestVote(1455)) - b5b4f89f-93bb-4b69-9074-7f3b90eee2a4@group-BEBFF4DB9F45 replies to PRE_VOTE vote request: 05378834-8d64-4004-85b0-7f2e6f6e22dc<-b5b4f89f-93bb-4b69-9074-7f3b90eee2a4#0:OK-t0-last:<INITIAL_VALUE>. Peer's state: b5b4f89f-93bb-4b69-9074-7f3b90eee2a4@group-BEBFF4DB9F45:t0, leader=null, voted=, raftlog=Memoized:b5b4f89f-93bb-4b69-9074-7f3b90eee2a4@group-BEBFF4DB9F45-SegmentedRaftLog:OPENED:c-1:lastnull, conf=conf: {index: -1, cur=peers:[a2ddbc4c-912b-4a1a-89ce-9bbeea094c2b|127.0.0.1:15023, b5b4f89f-93bb-4b69-9074-7f3b90eee2a4|127.0.0.1:15031, 05378834-8d64-4004-85b0-7f2e6f6e22dc|127.0.0.1:15015]|listeners:[], old=null}
2025-07-05 15:48:28,324 [grpc-default-executor-0] INFO  server.RaftServer$Division (RaftServerImpl.java:requestVote(1455)) - a2ddbc4c-912b-4a1a-89ce-9bbeea094c2b@group-BEBFF4DB9F45 replies to PRE_VOTE vote request: 05378834-8d64-4004-85b0-7f2e6f6e22dc<-a2ddbc4c-912b-4a1a-89ce-9bbeea094c2b#0:FAIL-t0-last:<INITIAL_VALUE>. Peer's state: a2ddbc4c-912b-4a1a-89ce-9bbeea094c2b@group-BEBFF4DB9F45:t0, leader=null, voted=, raftlog=Memoized:a2ddbc4c-912b-4a1a-89ce-9bbeea094c2b@group-BEBFF4DB9F45-SegmentedRaftLog:OPENED:c-1:lastnull, conf=conf: {index: -1, cur=peers:[a2ddbc4c-912b-4a1a-89ce-9bbeea094c2b|127.0.0.1:15023, b5b4f89f-93bb-4b69-9074-7f3b90eee2a4|127.0.0.1:15031, 05378834-8d64-4004-85b0-7f2e6f6e22dc|127.0.0.1:15015]|listeners:[], old=null}
2025-07-05 15:48:28,326 [05378834-8d64-4004-85b0-7f2e6f6e22dc@group-BEBFF4DB9F45-LeaderElection4] INFO  impl.LeaderElection (LeaderElection.java:logAndReturn(206)) - 05378834-8d64-4004-85b0-7f2e6f6e22dc@group-BEBFF4DB9F45-LeaderElection4: PRE_VOTE REJECTED received 1 response(s) and 0 exception(s):
2025-07-05 15:48:28,326 [05378834-8d64-4004-85b0-7f2e6f6e22dc@group-BEBFF4DB9F45-LeaderElection4] INFO  impl.LeaderElection (LeaderElection.java:logAndReturn(210)) -   Response 0: 05378834-8d64-4004-85b0-7f2e6f6e22dc<-a2ddbc4c-912b-4a1a-89ce-9bbeea094c2b#0:FAIL-t0-last:<INITIAL_VALUE>
2025-07-05 15:48:28,326 [05378834-8d64-4004-85b0-7f2e6f6e22dc@group-BEBFF4DB9F45-LeaderElection4] INFO  impl.LeaderElection (LeaderElection.java:askForVotes(450)) - 05378834-8d64-4004-85b0-7f2e6f6e22dc@group-BEBFF4DB9F45-LeaderElection4 PRE_VOTE round 0: result REJECTED
2025-07-05 15:48:28,326 [05378834-8d64-4004-85b0-7f2e6f6e22dc@group-BEBFF4DB9F45-LeaderElection4] INFO  server.RaftServer$Division (RaftServerImpl.java:setRole(392)) - 05378834-8d64-4004-85b0-7f2e6f6e22dc@group-BEBFF4DB9F45: changes role from CANDIDATE to FOLLOWER at term 0 for REJECTED
2025-07-05 15:48:28,326 [05378834-8d64-4004-85b0-7f2e6f6e22dc@group-BEBFF4DB9F45-LeaderElection4] INFO  impl.RoleInfo (RoleInfo.java:shutdownLeaderElection(141)) - 05378834-8d64-4004-85b0-7f2e6f6e22dc: shutdown 05378834-8d64-4004-85b0-7f2e6f6e22dc@group-BEBFF4DB9F45-LeaderElection4
2025-07-05 15:48:28,327 [05378834-8d64-4004-85b0-7f2e6f6e22dc@group-BEBFF4DB9F45-LeaderElection4] INFO  impl.RoleInfo (RoleInfo.java:updateAndGet(148)) - 05378834-8d64-4004-85b0-7f2e6f6e22dc: start 05378834-8d64-4004-85b0-7f2e6f6e22dc@group-BEBFF4DB9F45-FollowerState
2025-07-05 15:48:28,327 [05378834-8d64-4004-85b0-7f2e6f6e22dc@group-BEBFF4DB9F45-LeaderElection4] INFO  server.RaftServer$Division (RaftServerImpl.java:setFirstElection(576)) - 05378834-8d64-4004-85b0-7f2e6f6e22dc@group-BEBFF4DB9F45: set firstElectionSinceStartup to false for REJECTED
2025-07-05 15:48:28,350 [EventQueue-PipelineReportForOneReplicaPipelineSafeModeRule] INFO  safemode.SCMSafeModeManager (SCMSafeModeManager.java:validateSafeModeExitRules(138)) - AtleastOneDatanodeReportedRule rule is successfully validated
2025-07-05 15:48:28,365 [EventQueue-PipelineReportForOneReplicaPipelineSafeModeRule] INFO  safemode.SCMSafeModeManager (SCMSafeModeManager.java:validateSafeModeExitRules(138)) - AtleastOneDatanodeReportedRule rule is successfully validated
2025-07-05 15:48:28,366 [EventQueue-PipelineReportForOneReplicaPipelineSafeModeRule] INFO  safemode.SCMSafeModeManager (SCMSafeModeManager.java:validateSafeModeExitRules(138)) - AtleastOneDatanodeReportedRule rule is successfully validated
2025-07-05 15:48:28,372 [05378834-8d64-4004-85b0-7f2e6f6e22dc@group-9D5E8B2E0DA4-FollowerState] INFO  impl.FollowerState (FollowerState.java:runImpl(161)) - 05378834-8d64-4004-85b0-7f2e6f6e22dc@group-9D5E8B2E0DA4-FollowerState: change to CANDIDATE, lastRpcElapsedTime:1149645490ns, electionTimeout:1149ms
2025-07-05 15:48:28,372 [05378834-8d64-4004-85b0-7f2e6f6e22dc@group-9D5E8B2E0DA4-FollowerState] INFO  impl.RoleInfo (RoleInfo.java:shutdownFollowerState(121)) - 05378834-8d64-4004-85b0-7f2e6f6e22dc: shutdown 05378834-8d64-4004-85b0-7f2e6f6e22dc@group-9D5E8B2E0DA4-FollowerState
2025-07-05 15:48:28,372 [05378834-8d64-4004-85b0-7f2e6f6e22dc@group-9D5E8B2E0DA4-FollowerState] INFO  server.RaftServer$Division (RaftServerImpl.java:setRole(392)) - 05378834-8d64-4004-85b0-7f2e6f6e22dc@group-9D5E8B2E0DA4: changes role from  FOLLOWER to CANDIDATE at term 0 for changeToCandidate
2025-07-05 15:48:28,372 [05378834-8d64-4004-85b0-7f2e6f6e22dc@group-9D5E8B2E0DA4-FollowerState] INFO  impl.RoleInfo (RoleInfo.java:updateAndGet(148)) - 05378834-8d64-4004-85b0-7f2e6f6e22dc: start 05378834-8d64-4004-85b0-7f2e6f6e22dc@group-9D5E8B2E0DA4-LeaderElection5
2025-07-05 15:48:28,373 [05378834-8d64-4004-85b0-7f2e6f6e22dc@group-9D5E8B2E0DA4-LeaderElection5] INFO  impl.LeaderElection (LeaderElection.java:askForVotes(448)) - 05378834-8d64-4004-85b0-7f2e6f6e22dc@group-9D5E8B2E0DA4-LeaderElection5 PRE_VOTE round 0: submit vote requests at term 0 for conf: {index: -1, cur=peers:[05378834-8d64-4004-85b0-7f2e6f6e22dc|127.0.0.1:15015]|listeners:[], old=null}
2025-07-05 15:48:28,373 [05378834-8d64-4004-85b0-7f2e6f6e22dc@group-9D5E8B2E0DA4-LeaderElection5] INFO  impl.LeaderElection (LeaderElection.java:askForVotes(450)) - 05378834-8d64-4004-85b0-7f2e6f6e22dc@group-9D5E8B2E0DA4-LeaderElection5 PRE_VOTE round 0: result PASSED (term=0)
2025-07-05 15:48:28,374 [05378834-8d64-4004-85b0-7f2e6f6e22dc@group-9D5E8B2E0DA4-LeaderElection5] INFO  impl.LeaderElection (LeaderElection.java:askForVotes(448)) - 05378834-8d64-4004-85b0-7f2e6f6e22dc@group-9D5E8B2E0DA4-LeaderElection5 ELECTION round 0: submit vote requests at term 1 for conf: {index: -1, cur=peers:[05378834-8d64-4004-85b0-7f2e6f6e22dc|127.0.0.1:15015]|listeners:[], old=null}
2025-07-05 15:48:28,375 [05378834-8d64-4004-85b0-7f2e6f6e22dc@group-9D5E8B2E0DA4-LeaderElection5] INFO  impl.LeaderElection (LeaderElection.java:askForVotes(450)) - 05378834-8d64-4004-85b0-7f2e6f6e22dc@group-9D5E8B2E0DA4-LeaderElection5 ELECTION round 0: result PASSED (term=1)
2025-07-05 15:48:28,375 [05378834-8d64-4004-85b0-7f2e6f6e22dc@group-9D5E8B2E0DA4-LeaderElection5] INFO  impl.RoleInfo (RoleInfo.java:shutdownLeaderElection(141)) - 05378834-8d64-4004-85b0-7f2e6f6e22dc: shutdown 05378834-8d64-4004-85b0-7f2e6f6e22dc@group-9D5E8B2E0DA4-LeaderElection5
2025-07-05 15:48:28,375 [05378834-8d64-4004-85b0-7f2e6f6e22dc@group-9D5E8B2E0DA4-LeaderElection5] INFO  server.RaftServer$Division (RaftServerImpl.java:setRole(392)) - 05378834-8d64-4004-85b0-7f2e6f6e22dc@group-9D5E8B2E0DA4: changes role from CANDIDATE to LEADER at term 1 for changeToLeader
2025-07-05 15:48:28,375 [05378834-8d64-4004-85b0-7f2e6f6e22dc@group-9D5E8B2E0DA4-LeaderElection5] INFO  server.RaftServerConfigKeys (ConfUtils.java:logFallback(69)) - raft.server.staging.timeout = 15600ms (fallback to raft.server.rpc.timeout.max)
2025-07-05 15:48:28,375 [05378834-8d64-4004-85b0-7f2e6f6e22dc@group-9D5E8B2E0DA4-LeaderElection5] INFO  server.RaftServerConfigKeys (ConfUtils.java:logGet(62)) - raft.server.write.element-limit = 1024 (custom)
2025-07-05 15:48:28,375 [05378834-8d64-4004-85b0-7f2e6f6e22dc@group-9D5E8B2E0DA4-LeaderElection5] INFO  server.RaftServerConfigKeys (ConfUtils.java:logGet(62)) - raft.server.write.byte-limit = 1024 M (=1073741824) (custom)
2025-07-05 15:48:28,376 [05378834-8d64-4004-85b0-7f2e6f6e22dc@group-9D5E8B2E0DA4-LeaderElection5] INFO  server.RaftServerConfigKeys (ConfUtils.java:logGet(62)) - raft.server.log.log-metadata.enabled = true (default)
2025-07-05 15:48:28,376 [05378834-8d64-4004-85b0-7f2e6f6e22dc@group-9D5E8B2E0DA4-LeaderElection5] INFO  impl.RoleInfo (RoleInfo.java:updateAndGet(148)) - 05378834-8d64-4004-85b0-7f2e6f6e22dc: start 05378834-8d64-4004-85b0-7f2e6f6e22dc@group-9D5E8B2E0DA4-LeaderStateImpl
2025-07-05 15:48:28,376 [05378834-8d64-4004-85b0-7f2e6f6e22dc@group-9D5E8B2E0DA4-LeaderElection5] INFO  server.RaftServer$Division (RaftServerImpl.java:setFirstElection(576)) - 05378834-8d64-4004-85b0-7f2e6f6e22dc@group-9D5E8B2E0DA4: set firstElectionSinceStartup to false for becomeLeader
2025-07-05 15:48:28,377 [05378834-8d64-4004-85b0-7f2e6f6e22dc@group-9D5E8B2E0DA4-LeaderElection5] INFO  ratis.XceiverServerRatis (XceiverServerRatis.java:handleLeaderChangedNotification(944)) - Leader change notification received for group: group-9D5E8B2E0DA4 with new leaderId: 05378834-8d64-4004-85b0-7f2e6f6e22dc
2025-07-05 15:48:28,377 [05378834-8d64-4004-85b0-7f2e6f6e22dc@group-9D5E8B2E0DA4-LeaderElection5] INFO  server.RaftServer$Division (ServerState.java:setLeader(272)) - 05378834-8d64-4004-85b0-7f2e6f6e22dc@group-9D5E8B2E0DA4: change Leader from null to 05378834-8d64-4004-85b0-7f2e6f6e22dc at term 1 for becomeLeader, leader elected after 1184ms
2025-07-05 15:48:28,377 [05378834-8d64-4004-85b0-7f2e6f6e22dc@group-9D5E8B2E0DA4-LeaderElection5] INFO  segmented.SegmentedRaftLogWorker (SegmentedRaftLogWorker.java:startLogSegment(440)) - 05378834-8d64-4004-85b0-7f2e6f6e22dc@group-9D5E8B2E0DA4-SegmentedRaftLogWorker: Starting segment from index:0
2025-07-05 15:48:28,378 [05378834-8d64-4004-85b0-7f2e6f6e22dc@group-9D5E8B2E0DA4-LeaderElection5] INFO  server.RaftServer$Division (ServerState.java:setRaftConf(386)) - 05378834-8d64-4004-85b0-7f2e6f6e22dc@group-9D5E8B2E0DA4: set configuration conf: {index: 0, cur=peers:[05378834-8d64-4004-85b0-7f2e6f6e22dc|127.0.0.1:15015]|listeners:[], old=null}
2025-07-05 15:48:28,378 [05378834-8d64-4004-85b0-7f2e6f6e22dc@group-9D5E8B2E0DA4-SegmentedRaftLogWorker] INFO  segmented.BufferedWriteChannel (BufferedWriteChannel.java:open(61)) - open log_inprogress_0 at position 0
2025-07-05 15:48:28,380 [EventQueue-PipelineReportForOneReplicaPipelineSafeModeRule] INFO  safemode.SCMSafeModeManager (SCMSafeModeManager.java:validateSafeModeExitRules(138)) - AtleastOneDatanodeReportedRule rule is successfully validated
2025-07-05 15:48:28,388 [05378834-8d64-4004-85b0-7f2e6f6e22dc@group-9D5E8B2E0DA4-SegmentedRaftLogWorker] INFO  segmented.SegmentedRaftLogWorker (SegmentedRaftLogWorker.java:execute(647)) - 05378834-8d64-4004-85b0-7f2e6f6e22dc@group-9D5E8B2E0DA4-SegmentedRaftLogWorker: created new log segment /home/runner/work/ozone/ozone/hadoop-ozone/integration-test/target/test-dir/MiniOzoneClusterImpl-0a3c97a5-d59a-4532-afef-c4940c4c02aa/ozone-meta/datanode-1/ratis/2d4ce7f1-1d9e-4a00-b80d-9d5e8b2e0da4/current/log_inprogress_0
2025-07-05 15:48:28,390 [05378834-8d64-4004-85b0-7f2e6f6e22dc@group-9D5E8B2E0DA4-StateMachineUpdater] INFO  server.RaftServer$Division (LeaderStateImpl.java:checkStartIndex(309)) - Leader 05378834-8d64-4004-85b0-7f2e6f6e22dc@group-9D5E8B2E0DA4-LeaderStateImpl is ready since appliedIndex == startIndex == 0
2025-07-05 15:48:28,390 [05378834-8d64-4004-85b0-7f2e6f6e22dc@group-9D5E8B2E0DA4-StateMachineUpdater] INFO  ratis.ContainerStateMachine (ContainerStateMachine.java:takeSnapshot(427)) - group-9D5E8B2E0DA4: Taking a snapshot at:(t:1, i:0) file /home/runner/work/ozone/ozone/hadoop-ozone/integration-test/target/test-dir/MiniOzoneClusterImpl-0a3c97a5-d59a-4532-afef-c4940c4c02aa/ozone-meta/datanode-1/ratis/2d4ce7f1-1d9e-4a00-b80d-9d5e8b2e0da4/sm/snapshot.1_0
2025-07-05 15:48:28,440 [EventQueue-PipelineReportForOneReplicaPipelineSafeModeRule] INFO  safemode.SCMSafeModeManager (SCMSafeModeManager.java:validateSafeModeExitRules(138)) - AtleastOneDatanodeReportedRule rule is successfully validated
2025-07-05 15:48:28,447 [EventQueue-PipelineReportForOneReplicaPipelineSafeModeRule] INFO  safemode.SCMSafeModeManager (SCMSafeModeManager.java:validateSafeModeExitRules(138)) - AtleastOneDatanodeReportedRule rule is successfully validated
2025-07-05 15:48:28,459 [EventQueue-PipelineReportForOneReplicaPipelineSafeModeRule] INFO  safemode.SCMSafeModeManager (SCMSafeModeManager.java:validateSafeModeExitRules(138)) - AtleastOneDatanodeReportedRule rule is successfully validated
2025-07-05 15:48:28,464 [05378834-8d64-4004-85b0-7f2e6f6e22dc@group-9D5E8B2E0DA4-StateMachineUpdater] INFO  ratis.ContainerStateMachine (ContainerStateMachine.java:takeSnapshot(436)) - group-9D5E8B2E0DA4: Finished taking a snapshot at:(t:1, i:0) file:/home/runner/work/ozone/ozone/hadoop-ozone/integration-test/target/test-dir/MiniOzoneClusterImpl-0a3c97a5-d59a-4532-afef-c4940c4c02aa/ozone-meta/datanode-1/ratis/2d4ce7f1-1d9e-4a00-b80d-9d5e8b2e0da4/sm/snapshot.1_0 took: 74 ms
2025-07-05 15:48:28,465 [05378834-8d64-4004-85b0-7f2e6f6e22dc@group-9D5E8B2E0DA4-StateMachineUpdater] INFO  impl.StateMachineUpdater (StateMachineUpdater.java:takeSnapshot(307)) - 05378834-8d64-4004-85b0-7f2e6f6e22dc@group-9D5E8B2E0DA4-StateMachineUpdater: Took a snapshot at index 0
2025-07-05 15:48:28,465 [05378834-8d64-4004-85b0-7f2e6f6e22dc@group-9D5E8B2E0DA4-StateMachineUpdater] INFO  impl.StateMachineUpdater (StateMachineUpdater.java:lambda$new$0(101)) - 05378834-8d64-4004-85b0-7f2e6f6e22dc@group-9D5E8B2E0DA4-StateMachineUpdater: snapshotIndex: updateIncreasingly -1 -> 0
2025-07-05 15:48:28,466 [EventQueue-PipelineReportForOneReplicaPipelineSafeModeRule] INFO  safemode.SCMSafeModeManager (SCMSafeModeManager.java:validateSafeModeExitRules(138)) - AtleastOneDatanodeReportedRule rule is successfully validated
2025-07-05 15:48:28,507 [EventQueue-PipelineReportForOneReplicaPipelineSafeModeRule] INFO  safemode.SCMSafeModeManager (SCMSafeModeManager.java:validateSafeModeExitRules(138)) - AtleastOneDatanodeReportedRule rule is successfully validated
2025-07-05 15:48:28,549 [EventQueue-PipelineReportForOneReplicaPipelineSafeModeRule] INFO  safemode.SCMSafeModeManager (SCMSafeModeManager.java:validateSafeModeExitRules(138)) - AtleastOneDatanodeReportedRule rule is successfully validated
2025-07-05 15:48:28,556 [d3a92f5c-9e4a-48c5-9a32-2f34a6e85eb8-PipelineCommandHandlerThread-0] INFO  server.RaftServer (RaftServerProxy.java:addNew(105)) - d3a92f5c-9e4a-48c5-9a32-2f34a6e85eb8: addNew group-DC1CD66F29B9:[d3a92f5c-9e4a-48c5-9a32-2f34a6e85eb8|127.0.0.1:15055] returns group-DC1CD66F29B9:java.util.concurrent.CompletableFuture@24b71bc1[Not completed]
2025-07-05 15:48:28,557 [d3a92f5c-9e4a-48c5-9a32-2f34a6e85eb8-groupManagement] WARN  statemachine.DatanodeConfiguration (DatanodeConfiguration.java:validateMinFreeSpace(751)) - hdds.datanode.volume.min.free.space.percent = -1.0 is invalid, should be between 0 and 1
2025-07-05 15:48:28,557 [d3a92f5c-9e4a-48c5-9a32-2f34a6e85eb8-groupManagement] INFO  server.RaftServer$Division (RaftServerImpl.java:<init>(268)) - d3a92f5c-9e4a-48c5-9a32-2f34a6e85eb8: new RaftServerImpl for group-DC1CD66F29B9:[d3a92f5c-9e4a-48c5-9a32-2f34a6e85eb8|127.0.0.1:15055] with ContainerStateMachine:uninitialized
2025-07-05 15:48:28,558 [d3a92f5c-9e4a-48c5-9a32-2f34a6e85eb8-groupManagement] INFO  server.RaftServer$Division (ServerState.java:<init>(114)) - d3a92f5c-9e4a-48c5-9a32-2f34a6e85eb8@group-DC1CD66F29B9: ConfigurationManager, init=conf: {index: -1, cur=peers:[d3a92f5c-9e4a-48c5-9a32-2f34a6e85eb8|127.0.0.1:15055]|listeners:[], old=null}, confs=<EMPTY_MAP>
2025-07-05 15:48:28,562 [d3a92f5c-9e4a-48c5-9a32-2f34a6e85eb8-groupManagement] INFO  server.RaftServerConfigKeys (ConfUtils.java:logGet(62)) - raft.server.storage.dir = [/home/runner/work/ozone/ozone/hadoop-ozone/integration-test/target/test-dir/MiniOzoneClusterImpl-0a3c97a5-d59a-4532-afef-c4940c4c02aa/ozone-meta/datanode-6/ratis] (custom)
2025-07-05 15:48:28,562 [d3a92f5c-9e4a-48c5-9a32-2f34a6e85eb8-groupManagement] INFO  storage.RaftStorageDirectory (RaftStorageDirectoryImpl.java:analyzeStorage(138)) - The storage directory /home/runner/work/ozone/ozone/hadoop-ozone/integration-test/target/test-dir/MiniOzoneClusterImpl-0a3c97a5-d59a-4532-afef-c4940c4c02aa/ozone-meta/datanode-6/ratis/de64ca08-d312-44aa-bf28-dc1cd66f29b9 does not exist. Creating ...
2025-07-05 15:48:28,563 [d3a92f5c-9e4a-48c5-9a32-2f34a6e85eb8-groupManagement] INFO  storage.RaftStorageDirectory (RaftStorageDirectoryImpl.java:tryLock(229)) - Lock on /home/runner/work/ozone/ozone/hadoop-ozone/integration-test/target/test-dir/MiniOzoneClusterImpl-0a3c97a5-d59a-4532-afef-c4940c4c02aa/ozone-meta/datanode-6/ratis/de64ca08-d312-44aa-bf28-dc1cd66f29b9/in_use.lock acquired by nodename 44235@localhost
2025-07-05 15:48:28,564 [d3a92f5c-9e4a-48c5-9a32-2f34a6e85eb8-groupManagement] INFO  storage.RaftStorage (RaftStorageImpl.java:format(98)) - Storage directory /home/runner/work/ozone/ozone/hadoop-ozone/integration-test/target/test-dir/MiniOzoneClusterImpl-0a3c97a5-d59a-4532-afef-c4940c4c02aa/ozone-meta/datanode-6/ratis/de64ca08-d312-44aa-bf28-dc1cd66f29b9 has been successfully formatted.
2025-07-05 15:48:28,564 [d3a92f5c-9e4a-48c5-9a32-2f34a6e85eb8-groupManagement] INFO  ratis.ContainerStateMachine (ContainerStateMachine.java:initialize(339)) - d3a92f5c-9e4a-48c5-9a32-2f34a6e85eb8: initialize group-DC1CD66F29B9
2025-07-05 15:48:28,564 [d3a92f5c-9e4a-48c5-9a32-2f34a6e85eb8-groupManagement] INFO  ratis.ContainerStateMachine (ContainerStateMachine.java:loadSnapshot(347)) - group-DC1CD66F29B9: The snapshot info is null. Setting the last applied index to:<INITIAL_VALUE>
2025-07-05 15:48:28,564 [d3a92f5c-9e4a-48c5-9a32-2f34a6e85eb8-groupManagement] INFO  server.RaftServerConfigKeys (ConfUtils.java:logGet(62)) - raft.server.log.appender.buffer.byte-limit = 33554432 (custom)
2025-07-05 15:48:28,566 [d3a92f5c-9e4a-48c5-9a32-2f34a6e85eb8-groupManagement] INFO  server.RaftServerConfigKeys (ConfUtils.java:logGet(62)) - raft.server.log.segment.size.max = 67108864 (custom)
2025-07-05 15:48:28,567 [d3a92f5c-9e4a-48c5-9a32-2f34a6e85eb8-groupManagement] INFO  server.RaftServerConfigKeys (ConfUtils.java:logGet(62)) - raft.server.log.appender.buffer.byte-limit = 33554432 (custom)
2025-07-05 15:48:28,567 [EventQueue-PipelineReportForOneReplicaPipelineSafeModeRule] INFO  safemode.SCMSafeModeManager (SCMSafeModeManager.java:validateSafeModeExitRules(138)) - AtleastOneDatanodeReportedRule rule is successfully validated
2025-07-05 15:48:28,568 [d3a92f5c-9e4a-48c5-9a32-2f34a6e85eb8-groupManagement] INFO  util.AwaitToRun (AwaitToRun.java:start(81)) - Thread[#1294,d3a92f5c-9e4a-48c5-9a32-2f34a6e85eb8@group-DC1CD66F29B9-cacheEviction-AwaitToRun,5,main] started
2025-07-05 15:48:28,568 [d3a92f5c-9e4a-48c5-9a32-2f34a6e85eb8-groupManagement] INFO  segmented.SegmentedRaftLogWorker (SegmentedRaftLogWorker.java:<init>(190)) - new d3a92f5c-9e4a-48c5-9a32-2f34a6e85eb8@group-DC1CD66F29B9-SegmentedRaftLogWorker for RaftStorageImpl:Storage Directory /home/runner/work/ozone/ozone/hadoop-ozone/integration-test/target/test-dir/MiniOzoneClusterImpl-0a3c97a5-d59a-4532-afef-c4940c4c02aa/ozone-meta/datanode-6/ratis/de64ca08-d312-44aa-bf28-dc1cd66f29b9
2025-07-05 15:48:28,569 [d3a92f5c-9e4a-48c5-9a32-2f34a6e85eb8-groupManagement] INFO  server.RaftServerConfigKeys (ConfUtils.java:logGet(62)) - raft.server.log.queue.byte-limit = 4294967296 (custom)
2025-07-05 15:48:28,569 [d3a92f5c-9e4a-48c5-9a32-2f34a6e85eb8-groupManagement] INFO  server.RaftServerConfigKeys (ConfUtils.java:logGet(62)) - raft.server.log.segment.size.max = 67108864 (custom)
2025-07-05 15:48:28,569 [d3a92f5c-9e4a-48c5-9a32-2f34a6e85eb8-groupManagement] INFO  server.RaftServerConfigKeys (ConfUtils.java:logGet(62)) - raft.server.log.preallocated.size = 4194304 (custom)
2025-07-05 15:48:28,569 [d3a92f5c-9e4a-48c5-9a32-2f34a6e85eb8-groupManagement] INFO  server.RaftServerConfigKeys (ConfUtils.java:logGet(62)) - raft.server.log.write.buffer.size = 33554440 (custom)
2025-07-05 15:48:28,576 [67766547-47ec-4cca-936b-6c95be71f3ba@group-C4940C4C02AA-StateMachineUpdater] INFO  safemode.SCMSafeModeManager (SCMSafeModeManager.java:validateSafeModeExitRules(138)) - DataNodeSafeModeRule rule is successfully validated
2025-07-05 15:48:28,576 [67766547-47ec-4cca-936b-6c95be71f3ba@group-C4940C4C02AA-StateMachineUpdater] INFO  safemode.SCMSafeModeManager (SCMSafeModeManager.java:validateSafeModeExitRules(138)) - RatisContainerSafeModeRule rule is successfully validated
2025-07-05 15:48:28,576 [67766547-47ec-4cca-936b-6c95be71f3ba@group-C4940C4C02AA-StateMachineUpdater] INFO  safemode.HealthyPipelineSafeModeRule (HealthyPipelineSafeModeRule.java:initializeRule(228)) - Refreshed total pipeline count is 0, healthy pipeline threshold count is 1
2025-07-05 15:48:28,576 [67766547-47ec-4cca-936b-6c95be71f3ba@group-C4940C4C02AA-StateMachineUpdater] INFO  safemode.SCMSafeModeManager (SCMSafeModeManager.java:validateSafeModeExitRules(138)) - ECContainerSafeModeRule rule is successfully validated
2025-07-05 15:48:28,576 [67766547-47ec-4cca-936b-6c95be71f3ba@group-C4940C4C02AA-StateMachineUpdater] INFO  safemode.SCMSafeModeManager (SCMSafeModeManager.java:validateSafeModeExitRules(138)) - AtleastOneDatanodeReportedRule rule is successfully validated
2025-07-05 15:48:28,576 [EventQueue-PipelineReportForPipelineReportHandler] INFO  pipeline.PipelineReportHandler (PipelineReportHandler.java:processPipelineReport(134)) - Opened pipeline Pipeline-de64ca08-d312-44aa-bf28-dc1cd66f29b9
2025-07-05 15:48:28,580 [d3a92f5c-9e4a-48c5-9a32-2f34a6e85eb8-groupManagement] INFO  server.RaftServerConfigKeys (ConfUtils.java:logGet(62)) - raft.server.log.appender.buffer.byte-limit = 33554432 (custom)
2025-07-05 15:48:28,580 [EventQueue-PipelineReportForOneReplicaPipelineSafeModeRule] INFO  safemode.SCMSafeModeManager (SCMSafeModeManager.java:validateSafeModeExitRules(138)) - AtleastOneDatanodeReportedRule rule is successfully validated
2025-07-05 15:48:28,581 [d3a92f5c-9e4a-48c5-9a32-2f34a6e85eb8-groupManagement] INFO  segmented.SegmentedRaftLogWorker (SegmentedRaftLogWorker.java:lambda$new$0(141)) - d3a92f5c-9e4a-48c5-9a32-2f34a6e85eb8@group-DC1CD66F29B9-SegmentedRaftLogWorker: flushIndex: setUnconditionally 0 -> -1
2025-07-05 15:48:28,581 [d3a92f5c-9e4a-48c5-9a32-2f34a6e85eb8-groupManagement] INFO  segmented.SegmentedRaftLogWorker (SegmentedRaftLogWorker.java:lambda$new$0(141)) - d3a92f5c-9e4a-48c5-9a32-2f34a6e85eb8@group-DC1CD66F29B9-SegmentedRaftLogWorker: safeCacheEvictIndex: setUnconditionally 0 -> -1
2025-07-05 15:48:28,582 [d3a92f5c-9e4a-48c5-9a32-2f34a6e85eb8-groupManagement] INFO  server.RaftServer$Division (RaftServerImpl.java:start(405)) - d3a92f5c-9e4a-48c5-9a32-2f34a6e85eb8@group-DC1CD66F29B9: start as a follower, conf=conf: {index: -1, cur=peers:[d3a92f5c-9e4a-48c5-9a32-2f34a6e85eb8|127.0.0.1:15055]|listeners:[], old=null}
2025-07-05 15:48:28,582 [d3a92f5c-9e4a-48c5-9a32-2f34a6e85eb8-groupManagement] INFO  server.RaftServer$Division (RaftServerImpl.java:setRole(392)) - d3a92f5c-9e4a-48c5-9a32-2f34a6e85eb8@group-DC1CD66F29B9: changes role from      null to FOLLOWER at term 0 for startAsFollower
2025-07-05 15:48:28,582 [d3a92f5c-9e4a-48c5-9a32-2f34a6e85eb8-groupManagement] INFO  impl.RoleInfo (RoleInfo.java:updateAndGet(148)) - d3a92f5c-9e4a-48c5-9a32-2f34a6e85eb8: start d3a92f5c-9e4a-48c5-9a32-2f34a6e85eb8@group-DC1CD66F29B9-FollowerState
2025-07-05 15:48:28,583 [d3a92f5c-9e4a-48c5-9a32-2f34a6e85eb8-groupManagement] INFO  util.JmxRegister (JmxRegister.java:tryRegister(44)) - Successfully registered JMX Bean with object name Ratis:service=RaftServer,group=group-DC1CD66F29B9,id=d3a92f5c-9e4a-48c5-9a32-2f34a6e85eb8
2025-07-05 15:48:28,584 [d3a92f5c-9e4a-48c5-9a32-2f34a6e85eb8-groupManagement] INFO  util.JmxRegister (JmxRegister.java:register(58)) - register mxBean class org.apache.ratis.server.impl.RaftServerJmxAdapter as Ratis:service=RaftServer,group=group-DC1CD66F29B9,id=d3a92f5c-9e4a-48c5-9a32-2f34a6e85eb8
2025-07-05 15:48:28,585 [d3a92f5c-9e4a-48c5-9a32-2f34a6e85eb8-groupManagement] INFO  server.RaftServer$Division (RaftServerImpl.java:start(419)) - d3a92f5c-9e4a-48c5-9a32-2f34a6e85eb8@group-DC1CD66F29B9: Successfully started.
2025-07-05 15:48:28,585 [d3a92f5c-9e4a-48c5-9a32-2f34a6e85eb8-PipelineCommandHandlerThread-0] INFO  ratis.XceiverServerRatis (XceiverServerRatis.java:addGroup(843)) - Created group Pipeline-de64ca08-d312-44aa-bf28-dc1cd66f29b9
2025-07-05 15:48:28,586 [d3a92f5c-9e4a-48c5-9a32-2f34a6e85eb8-PipelineCommandHandlerThread-0] INFO  commandhandler.CreatePipelineCommandHandler (CreatePipelineCommandHandler.java:lambda$handle$2(127)) - Created Pipeline RATIS ONE Pipeline-de64ca08-d312-44aa-bf28-dc1cd66f29b9.
2025-07-05 15:48:28,622 [a2ddbc4c-912b-4a1a-89ce-9bbeea094c2b@group-C07B19BB3861-FollowerState] INFO  impl.FollowerState (FollowerState.java:runImpl(161)) - a2ddbc4c-912b-4a1a-89ce-9bbeea094c2b@group-C07B19BB3861-FollowerState: change to CANDIDATE, lastRpcElapsedTime:1145554791ns, electionTimeout:1145ms
2025-07-05 15:48:28,622 [a2ddbc4c-912b-4a1a-89ce-9bbeea094c2b@group-C07B19BB3861-FollowerState] INFO  impl.RoleInfo (RoleInfo.java:shutdownFollowerState(121)) - a2ddbc4c-912b-4a1a-89ce-9bbeea094c2b: shutdown a2ddbc4c-912b-4a1a-89ce-9bbeea094c2b@group-C07B19BB3861-FollowerState
2025-07-05 15:48:28,622 [a2ddbc4c-912b-4a1a-89ce-9bbeea094c2b@group-C07B19BB3861-FollowerState] INFO  server.RaftServer$Division (RaftServerImpl.java:setRole(392)) - a2ddbc4c-912b-4a1a-89ce-9bbeea094c2b@group-C07B19BB3861: changes role from  FOLLOWER to CANDIDATE at term 0 for changeToCandidate
2025-07-05 15:48:28,622 [a2ddbc4c-912b-4a1a-89ce-9bbeea094c2b@group-C07B19BB3861-FollowerState] INFO  impl.RoleInfo (RoleInfo.java:updateAndGet(148)) - a2ddbc4c-912b-4a1a-89ce-9bbeea094c2b: start a2ddbc4c-912b-4a1a-89ce-9bbeea094c2b@group-C07B19BB3861-LeaderElection6
2025-07-05 15:48:28,623 [a2ddbc4c-912b-4a1a-89ce-9bbeea094c2b@group-C07B19BB3861-LeaderElection6] INFO  impl.LeaderElection (LeaderElection.java:askForVotes(448)) - a2ddbc4c-912b-4a1a-89ce-9bbeea094c2b@group-C07B19BB3861-LeaderElection6 PRE_VOTE round 0: submit vote requests at term 0 for conf: {index: -1, cur=peers:[a2ddbc4c-912b-4a1a-89ce-9bbeea094c2b|127.0.0.1:15023]|listeners:[], old=null}
2025-07-05 15:48:28,623 [a2ddbc4c-912b-4a1a-89ce-9bbeea094c2b@group-C07B19BB3861-LeaderElection6] INFO  impl.LeaderElection (LeaderElection.java:askForVotes(450)) - a2ddbc4c-912b-4a1a-89ce-9bbeea094c2b@group-C07B19BB3861-LeaderElection6 PRE_VOTE round 0: result PASSED (term=0)
2025-07-05 15:48:28,624 [a2ddbc4c-912b-4a1a-89ce-9bbeea094c2b@group-C07B19BB3861-LeaderElection6] INFO  impl.LeaderElection (LeaderElection.java:askForVotes(448)) - a2ddbc4c-912b-4a1a-89ce-9bbeea094c2b@group-C07B19BB3861-LeaderElection6 ELECTION round 0: submit vote requests at term 1 for conf: {index: -1, cur=peers:[a2ddbc4c-912b-4a1a-89ce-9bbeea094c2b|127.0.0.1:15023]|listeners:[], old=null}
2025-07-05 15:48:28,624 [a2ddbc4c-912b-4a1a-89ce-9bbeea094c2b@group-C07B19BB3861-LeaderElection6] INFO  impl.LeaderElection (LeaderElection.java:askForVotes(450)) - a2ddbc4c-912b-4a1a-89ce-9bbeea094c2b@group-C07B19BB3861-LeaderElection6 ELECTION round 0: result PASSED (term=1)
2025-07-05 15:48:28,624 [a2ddbc4c-912b-4a1a-89ce-9bbeea094c2b@group-C07B19BB3861-LeaderElection6] INFO  impl.RoleInfo (RoleInfo.java:shutdownLeaderElection(141)) - a2ddbc4c-912b-4a1a-89ce-9bbeea094c2b: shutdown a2ddbc4c-912b-4a1a-89ce-9bbeea094c2b@group-C07B19BB3861-LeaderElection6
2025-07-05 15:48:28,624 [a2ddbc4c-912b-4a1a-89ce-9bbeea094c2b@group-C07B19BB3861-LeaderElection6] INFO  server.RaftServer$Division (RaftServerImpl.java:setRole(392)) - a2ddbc4c-912b-4a1a-89ce-9bbeea094c2b@group-C07B19BB3861: changes role from CANDIDATE to LEADER at term 1 for changeToLeader
2025-07-05 15:48:28,624 [a2ddbc4c-912b-4a1a-89ce-9bbeea094c2b@group-C07B19BB3861-LeaderElection6] INFO  server.RaftServerConfigKeys (ConfUtils.java:logFallback(69)) - raft.server.staging.timeout = 15600ms (fallback to raft.server.rpc.timeout.max)
2025-07-05 15:48:28,625 [a2ddbc4c-912b-4a1a-89ce-9bbeea094c2b@group-C07B19BB3861-LeaderElection6] INFO  server.RaftServerConfigKeys (ConfUtils.java:logGet(62)) - raft.server.write.byte-limit = 1024 M (=1073741824) (custom)
2025-07-05 15:48:28,626 [a2ddbc4c-912b-4a1a-89ce-9bbeea094c2b@group-C07B19BB3861-LeaderElection6] INFO  impl.RoleInfo (RoleInfo.java:updateAndGet(148)) - a2ddbc4c-912b-4a1a-89ce-9bbeea094c2b: start a2ddbc4c-912b-4a1a-89ce-9bbeea094c2b@group-C07B19BB3861-LeaderStateImpl
2025-07-05 15:48:28,626 [a2ddbc4c-912b-4a1a-89ce-9bbeea094c2b@group-C07B19BB3861-LeaderElection6] INFO  server.RaftServer$Division (RaftServerImpl.java:setFirstElection(576)) - a2ddbc4c-912b-4a1a-89ce-9bbeea094c2b@group-C07B19BB3861: set firstElectionSinceStartup to false for becomeLeader
2025-07-05 15:48:28,626 [a2ddbc4c-912b-4a1a-89ce-9bbeea094c2b@group-C07B19BB3861-LeaderElection6] INFO  ratis.XceiverServerRatis (XceiverServerRatis.java:handleLeaderChangedNotification(944)) - Leader change notification received for group: group-C07B19BB3861 with new leaderId: a2ddbc4c-912b-4a1a-89ce-9bbeea094c2b
2025-07-05 15:48:28,626 [a2ddbc4c-912b-4a1a-89ce-9bbeea094c2b@group-C07B19BB3861-LeaderElection6] INFO  server.RaftServer$Division (ServerState.java:setLeader(272)) - a2ddbc4c-912b-4a1a-89ce-9bbeea094c2b@group-C07B19BB3861: change Leader from null to a2ddbc4c-912b-4a1a-89ce-9bbeea094c2b at term 1 for becomeLeader, leader elected after 1190ms
2025-07-05 15:48:28,627 [a2ddbc4c-912b-4a1a-89ce-9bbeea094c2b@group-C07B19BB3861-LeaderElection6] INFO  segmented.SegmentedRaftLogWorker (SegmentedRaftLogWorker.java:startLogSegment(440)) - a2ddbc4c-912b-4a1a-89ce-9bbeea094c2b@group-C07B19BB3861-SegmentedRaftLogWorker: Starting segment from index:0
2025-07-05 15:48:28,627 [a2ddbc4c-912b-4a1a-89ce-9bbeea094c2b@group-C07B19BB3861-SegmentedRaftLogWorker] INFO  segmented.BufferedWriteChannel (BufferedWriteChannel.java:open(61)) - open log_inprogress_0 at position 0
2025-07-05 15:48:28,627 [a2ddbc4c-912b-4a1a-89ce-9bbeea094c2b@group-C07B19BB3861-LeaderElection6] INFO  server.RaftServer$Division (ServerState.java:setRaftConf(386)) - a2ddbc4c-912b-4a1a-89ce-9bbeea094c2b@group-C07B19BB3861: set configuration conf: {index: 0, cur=peers:[a2ddbc4c-912b-4a1a-89ce-9bbeea094c2b|127.0.0.1:15023]|listeners:[], old=null}
2025-07-05 15:48:28,630 [EventQueue-PipelineReportForOneReplicaPipelineSafeModeRule] INFO  safemode.SCMSafeModeManager (SCMSafeModeManager.java:validateSafeModeExitRules(138)) - AtleastOneDatanodeReportedRule rule is successfully validated
2025-07-05 15:48:28,637 [a2ddbc4c-912b-4a1a-89ce-9bbeea094c2b@group-C07B19BB3861-SegmentedRaftLogWorker] INFO  segmented.SegmentedRaftLogWorker (SegmentedRaftLogWorker.java:execute(647)) - a2ddbc4c-912b-4a1a-89ce-9bbeea094c2b@group-C07B19BB3861-SegmentedRaftLogWorker: created new log segment /home/runner/work/ozone/ozone/hadoop-ozone/integration-test/target/test-dir/MiniOzoneClusterImpl-0a3c97a5-d59a-4532-afef-c4940c4c02aa/ozone-meta/datanode-2/ratis/cb3a21fe-dfd0-4618-baed-c07b19bb3861/current/log_inprogress_0
2025-07-05 15:48:28,639 [a2ddbc4c-912b-4a1a-89ce-9bbeea094c2b@group-C07B19BB3861-StateMachineUpdater] INFO  server.RaftServer$Division (LeaderStateImpl.java:checkStartIndex(309)) - Leader a2ddbc4c-912b-4a1a-89ce-9bbeea094c2b@group-C07B19BB3861-LeaderStateImpl is ready since appliedIndex == startIndex == 0
2025-07-05 15:48:28,639 [a2ddbc4c-912b-4a1a-89ce-9bbeea094c2b@group-C07B19BB3861-StateMachineUpdater] INFO  ratis.ContainerStateMachine (ContainerStateMachine.java:takeSnapshot(427)) - group-C07B19BB3861: Taking a snapshot at:(t:1, i:0) file /home/runner/work/ozone/ozone/hadoop-ozone/integration-test/target/test-dir/MiniOzoneClusterImpl-0a3c97a5-d59a-4532-afef-c4940c4c02aa/ozone-meta/datanode-2/ratis/cb3a21fe-dfd0-4618-baed-c07b19bb3861/sm/snapshot.1_0
2025-07-05 15:48:28,640 [a2ddbc4c-912b-4a1a-89ce-9bbeea094c2b@group-C07B19BB3861-StateMachineUpdater] INFO  ratis.ContainerStateMachine (ContainerStateMachine.java:takeSnapshot(436)) - group-C07B19BB3861: Finished taking a snapshot at:(t:1, i:0) file:/home/runner/work/ozone/ozone/hadoop-ozone/integration-test/target/test-dir/MiniOzoneClusterImpl-0a3c97a5-d59a-4532-afef-c4940c4c02aa/ozone-meta/datanode-2/ratis/cb3a21fe-dfd0-4618-baed-c07b19bb3861/sm/snapshot.1_0 took: 0 ms
2025-07-05 15:48:28,640 [EventQueue-PipelineReportForOneReplicaPipelineSafeModeRule] INFO  safemode.SCMSafeModeManager (SCMSafeModeManager.java:validateSafeModeExitRules(138)) - AtleastOneDatanodeReportedRule rule is successfully validated
2025-07-05 15:48:28,641 [a2ddbc4c-912b-4a1a-89ce-9bbeea094c2b@group-C07B19BB3861-StateMachineUpdater] INFO  impl.StateMachineUpdater (StateMachineUpdater.java:takeSnapshot(307)) - a2ddbc4c-912b-4a1a-89ce-9bbeea094c2b@group-C07B19BB3861-StateMachineUpdater: Took a snapshot at index 0
2025-07-05 15:48:28,641 [a2ddbc4c-912b-4a1a-89ce-9bbeea094c2b@group-C07B19BB3861-StateMachineUpdater] INFO  impl.StateMachineUpdater (StateMachineUpdater.java:lambda$new$0(101)) - a2ddbc4c-912b-4a1a-89ce-9bbeea094c2b@group-C07B19BB3861-StateMachineUpdater: snapshotIndex: updateIncreasingly -1 -> 0
2025-07-05 15:48:28,647 [EventQueue-PipelineReportForOneReplicaPipelineSafeModeRule] INFO  safemode.SCMSafeModeManager (SCMSafeModeManager.java:validateSafeModeExitRules(138)) - AtleastOneDatanodeReportedRule rule is successfully validated
2025-07-05 15:48:28,667 [EventQueue-PipelineReportForOneReplicaPipelineSafeModeRule] INFO  safemode.SCMSafeModeManager (SCMSafeModeManager.java:validateSafeModeExitRules(138)) - AtleastOneDatanodeReportedRule rule is successfully validated
2025-07-05 15:48:28,701 [a2ddbc4c-912b-4a1a-89ce-9bbeea094c2b@group-BEBFF4DB9F45-FollowerState] INFO  impl.FollowerState (FollowerState.java:runImpl(161)) - a2ddbc4c-912b-4a1a-89ce-9bbeea094c2b@group-BEBFF4DB9F45-FollowerState: change to CANDIDATE, lastRpcElapsedTime:1188642821ns, electionTimeout:1188ms
2025-07-05 15:48:28,701 [a2ddbc4c-912b-4a1a-89ce-9bbeea094c2b@group-BEBFF4DB9F45-FollowerState] INFO  impl.RoleInfo (RoleInfo.java:shutdownFollowerState(121)) - a2ddbc4c-912b-4a1a-89ce-9bbeea094c2b: shutdown a2ddbc4c-912b-4a1a-89ce-9bbeea094c2b@group-BEBFF4DB9F45-FollowerState
2025-07-05 15:48:28,701 [a2ddbc4c-912b-4a1a-89ce-9bbeea094c2b@group-BEBFF4DB9F45-FollowerState] INFO  server.RaftServer$Division (RaftServerImpl.java:setRole(392)) - a2ddbc4c-912b-4a1a-89ce-9bbeea094c2b@group-BEBFF4DB9F45: changes role from  FOLLOWER to CANDIDATE at term 0 for changeToCandidate
2025-07-05 15:48:28,701 [a2ddbc4c-912b-4a1a-89ce-9bbeea094c2b@group-BEBFF4DB9F45-FollowerState] INFO  impl.RoleInfo (RoleInfo.java:updateAndGet(148)) - a2ddbc4c-912b-4a1a-89ce-9bbeea094c2b: start a2ddbc4c-912b-4a1a-89ce-9bbeea094c2b@group-BEBFF4DB9F45-LeaderElection7
2025-07-05 15:48:28,701 [a2ddbc4c-912b-4a1a-89ce-9bbeea094c2b@group-BEBFF4DB9F45-LeaderElection7] INFO  impl.LeaderElection (LeaderElection.java:askForVotes(448)) - a2ddbc4c-912b-4a1a-89ce-9bbeea094c2b@group-BEBFF4DB9F45-LeaderElection7 PRE_VOTE round 0: submit vote requests at term 0 for conf: {index: -1, cur=peers:[a2ddbc4c-912b-4a1a-89ce-9bbeea094c2b|127.0.0.1:15023, b5b4f89f-93bb-4b69-9074-7f3b90eee2a4|127.0.0.1:15031, 05378834-8d64-4004-85b0-7f2e6f6e22dc|127.0.0.1:15015]|listeners:[], old=null}
2025-07-05 15:48:28,702 [a2ddbc4c-912b-4a1a-89ce-9bbeea094c2b@group-BEBFF4DB9F45-LeaderElection7-1] INFO  server.GrpcServerProtocolClient (GrpcServerProtocolClient.java:<init>(65)) - Build channel for b5b4f89f-93bb-4b69-9074-7f3b90eee2a4|127.0.0.1:15031
2025-07-05 15:48:28,702 [a2ddbc4c-912b-4a1a-89ce-9bbeea094c2b@group-BEBFF4DB9F45-LeaderElection7-2] INFO  server.GrpcServerProtocolClient (GrpcServerProtocolClient.java:<init>(65)) - Build channel for 05378834-8d64-4004-85b0-7f2e6f6e22dc|127.0.0.1:15015
2025-07-05 15:48:28,709 [grpc-default-executor-1] INFO  server.RaftServer$Division (RaftServerImpl.java:requestVote(1421)) - 05378834-8d64-4004-85b0-7f2e6f6e22dc@group-BEBFF4DB9F45: receive requestVote(PRE_VOTE, a2ddbc4c-912b-4a1a-89ce-9bbeea094c2b, group-BEBFF4DB9F45, 0, <PROTO_DEFAULT>)
2025-07-05 15:48:28,710 [grpc-default-executor-1] INFO  impl.VoteContext (VoteContext.java:log(49)) - 05378834-8d64-4004-85b0-7f2e6f6e22dc@group-BEBFF4DB9F45-FOLLOWER: accept PRE_VOTE from a2ddbc4c-912b-4a1a-89ce-9bbeea094c2b: our priority 0 <= candidate's priority 1
2025-07-05 15:48:28,711 [grpc-default-executor-1] INFO  server.RaftServer$Division (RaftServerImpl.java:requestVote(1455)) - 05378834-8d64-4004-85b0-7f2e6f6e22dc@group-BEBFF4DB9F45 replies to PRE_VOTE vote request: a2ddbc4c-912b-4a1a-89ce-9bbeea094c2b<-05378834-8d64-4004-85b0-7f2e6f6e22dc#0:OK-t0-last:<INITIAL_VALUE>. Peer's state: 05378834-8d64-4004-85b0-7f2e6f6e22dc@group-BEBFF4DB9F45:t0, leader=null, voted=, raftlog=Memoized:05378834-8d64-4004-85b0-7f2e6f6e22dc@group-BEBFF4DB9F45-SegmentedRaftLog:OPENED:c-1:lastnull, conf=conf: {index: -1, cur=peers:[a2ddbc4c-912b-4a1a-89ce-9bbeea094c2b|127.0.0.1:15023, b5b4f89f-93bb-4b69-9074-7f3b90eee2a4|127.0.0.1:15031, 05378834-8d64-4004-85b0-7f2e6f6e22dc|127.0.0.1:15015]|listeners:[], old=null}
2025-07-05 15:48:28,713 [grpc-default-executor-0] INFO  server.RaftServer$Division (RaftServerImpl.java:requestVote(1421)) - b5b4f89f-93bb-4b69-9074-7f3b90eee2a4@group-BEBFF4DB9F45: receive requestVote(PRE_VOTE, a2ddbc4c-912b-4a1a-89ce-9bbeea094c2b, group-BEBFF4DB9F45, 0, <PROTO_DEFAULT>)
2025-07-05 15:48:28,713 [grpc-default-executor-0] INFO  impl.VoteContext (VoteContext.java:log(49)) - b5b4f89f-93bb-4b69-9074-7f3b90eee2a4@group-BEBFF4DB9F45-FOLLOWER: accept PRE_VOTE from a2ddbc4c-912b-4a1a-89ce-9bbeea094c2b: our priority 0 <= candidate's priority 1
2025-07-05 15:48:28,713 [a2ddbc4c-912b-4a1a-89ce-9bbeea094c2b@group-BEBFF4DB9F45-LeaderElection7] INFO  impl.LeaderElection (LeaderElection.java:logAndReturn(206)) - a2ddbc4c-912b-4a1a-89ce-9bbeea094c2b@group-BEBFF4DB9F45-LeaderElection7: PRE_VOTE PASSED received 1 response(s) and 0 exception(s):
2025-07-05 15:48:28,714 [a2ddbc4c-912b-4a1a-89ce-9bbeea094c2b@group-BEBFF4DB9F45-LeaderElection7] INFO  impl.LeaderElection (LeaderElection.java:logAndReturn(210)) -   Response 0: a2ddbc4c-912b-4a1a-89ce-9bbeea094c2b<-05378834-8d64-4004-85b0-7f2e6f6e22dc#0:OK-t0-last:<INITIAL_VALUE>
2025-07-05 15:48:28,714 [a2ddbc4c-912b-4a1a-89ce-9bbeea094c2b@group-BEBFF4DB9F45-LeaderElection7] INFO  impl.LeaderElection (LeaderElection.java:askForVotes(450)) - a2ddbc4c-912b-4a1a-89ce-9bbeea094c2b@group-BEBFF4DB9F45-LeaderElection7 PRE_VOTE round 0: result PASSED
2025-07-05 15:48:28,714 [grpc-default-executor-0] INFO  server.RaftServer$Division (RaftServerImpl.java:requestVote(1455)) - b5b4f89f-93bb-4b69-9074-7f3b90eee2a4@group-BEBFF4DB9F45 replies to PRE_VOTE vote request: a2ddbc4c-912b-4a1a-89ce-9bbeea094c2b<-b5b4f89f-93bb-4b69-9074-7f3b90eee2a4#0:OK-t0-last:<INITIAL_VALUE>. Peer's state: b5b4f89f-93bb-4b69-9074-7f3b90eee2a4@group-BEBFF4DB9F45:t0, leader=null, voted=, raftlog=Memoized:b5b4f89f-93bb-4b69-9074-7f3b90eee2a4@group-BEBFF4DB9F45-SegmentedRaftLog:OPENED:c-1:lastnull, conf=conf: {index: -1, cur=peers:[a2ddbc4c-912b-4a1a-89ce-9bbeea094c2b|127.0.0.1:15023, b5b4f89f-93bb-4b69-9074-7f3b90eee2a4|127.0.0.1:15031, 05378834-8d64-4004-85b0-7f2e6f6e22dc|127.0.0.1:15015]|listeners:[], old=null}
2025-07-05 15:48:28,719 [a2ddbc4c-912b-4a1a-89ce-9bbeea094c2b@group-BEBFF4DB9F45-LeaderElection7] INFO  impl.LeaderElection (LeaderElection.java:askForVotes(448)) - a2ddbc4c-912b-4a1a-89ce-9bbeea094c2b@group-BEBFF4DB9F45-LeaderElection7 ELECTION round 0: submit vote requests at term 1 for conf: {index: -1, cur=peers:[a2ddbc4c-912b-4a1a-89ce-9bbeea094c2b|127.0.0.1:15023, b5b4f89f-93bb-4b69-9074-7f3b90eee2a4|127.0.0.1:15031, 05378834-8d64-4004-85b0-7f2e6f6e22dc|127.0.0.1:15015]|listeners:[], old=null}
2025-07-05 15:48:28,724 [05378834-8d64-4004-85b0-7f2e6f6e22dc@group-2AAED090774B-FollowerState] INFO  impl.FollowerState (FollowerState.java:runImpl(161)) - 05378834-8d64-4004-85b0-7f2e6f6e22dc@group-2AAED090774B-FollowerState: change to CANDIDATE, lastRpcElapsedTime:1017895890ns, electionTimeout:1017ms
2025-07-05 15:48:28,724 [05378834-8d64-4004-85b0-7f2e6f6e22dc@group-2AAED090774B-FollowerState] INFO  impl.RoleInfo (RoleInfo.java:shutdownFollowerState(121)) - 05378834-8d64-4004-85b0-7f2e6f6e22dc: shutdown 05378834-8d64-4004-85b0-7f2e6f6e22dc@group-2AAED090774B-FollowerState
2025-07-05 15:48:28,724 [grpc-default-executor-0] INFO  server.RaftServer$Division (RaftServerImpl.java:requestVote(1421)) - 05378834-8d64-4004-85b0-7f2e6f6e22dc@group-BEBFF4DB9F45: receive requestVote(ELECTION, a2ddbc4c-912b-4a1a-89ce-9bbeea094c2b, group-BEBFF4DB9F45, 1, <PROTO_DEFAULT>)
2025-07-05 15:48:28,725 [05378834-8d64-4004-85b0-7f2e6f6e22dc@group-2AAED090774B-FollowerState] INFO  server.RaftServer$Division (RaftServerImpl.java:setRole(392)) - 05378834-8d64-4004-85b0-7f2e6f6e22dc@group-2AAED090774B: changes role from  FOLLOWER to CANDIDATE at term 0 for changeToCandidate
2025-07-05 15:48:28,725 [05378834-8d64-4004-85b0-7f2e6f6e22dc@group-2AAED090774B-FollowerState] INFO  impl.RoleInfo (RoleInfo.java:updateAndGet(148)) - 05378834-8d64-4004-85b0-7f2e6f6e22dc: start 05378834-8d64-4004-85b0-7f2e6f6e22dc@group-2AAED090774B-LeaderElection8
2025-07-05 15:48:28,725 [grpc-default-executor-0] INFO  impl.VoteContext (VoteContext.java:log(49)) - 05378834-8d64-4004-85b0-7f2e6f6e22dc@group-BEBFF4DB9F45-FOLLOWER: accept ELECTION from a2ddbc4c-912b-4a1a-89ce-9bbeea094c2b: our priority 0 <= candidate's priority 1
2025-07-05 15:48:28,725 [grpc-default-executor-0] INFO  server.RaftServer$Division (RaftServerImpl.java:setRole(392)) - 05378834-8d64-4004-85b0-7f2e6f6e22dc@group-BEBFF4DB9F45: changes role from  FOLLOWER to FOLLOWER at term 0 for candidate:a2ddbc4c-912b-4a1a-89ce-9bbeea094c2b
2025-07-05 15:48:28,725 [grpc-default-executor-0] INFO  impl.RoleInfo (RoleInfo.java:shutdownFollowerState(121)) - 05378834-8d64-4004-85b0-7f2e6f6e22dc: shutdown 05378834-8d64-4004-85b0-7f2e6f6e22dc@group-BEBFF4DB9F45-FollowerState
2025-07-05 15:48:28,725 [grpc-default-executor-0] INFO  impl.RoleInfo (RoleInfo.java:updateAndGet(148)) - 05378834-8d64-4004-85b0-7f2e6f6e22dc: start 05378834-8d64-4004-85b0-7f2e6f6e22dc@group-BEBFF4DB9F45-FollowerState
2025-07-05 15:48:28,725 [grpc-default-executor-1] INFO  server.RaftServer$Division (RaftServerImpl.java:requestVote(1421)) - b5b4f89f-93bb-4b69-9074-7f3b90eee2a4@group-BEBFF4DB9F45: receive requestVote(ELECTION, a2ddbc4c-912b-4a1a-89ce-9bbeea094c2b, group-BEBFF4DB9F45, 1, <PROTO_DEFAULT>)
2025-07-05 15:48:28,726 [grpc-default-executor-1] INFO  impl.VoteContext (VoteContext.java:log(49)) - b5b4f89f-93bb-4b69-9074-7f3b90eee2a4@group-BEBFF4DB9F45-FOLLOWER: accept ELECTION from a2ddbc4c-912b-4a1a-89ce-9bbeea094c2b: our priority 0 <= candidate's priority 1
2025-07-05 15:48:28,726 [05378834-8d64-4004-85b0-7f2e6f6e22dc@group-BEBFF4DB9F45-FollowerState] INFO  impl.FollowerState (FollowerState.java:runImpl(170)) - 05378834-8d64-4004-85b0-7f2e6f6e22dc@group-BEBFF4DB9F45-FollowerState was interrupted
2025-07-05 15:48:28,726 [05378834-8d64-4004-85b0-7f2e6f6e22dc@group-2AAED090774B-LeaderElection8] INFO  impl.LeaderElection (LeaderElection.java:askForVotes(448)) - 05378834-8d64-4004-85b0-7f2e6f6e22dc@group-2AAED090774B-LeaderElection8 PRE_VOTE round 0: submit vote requests at term 0 for conf: {index: -1, cur=peers:[a2ddbc4c-912b-4a1a-89ce-9bbeea094c2b|127.0.0.1:15023, b5b4f89f-93bb-4b69-9074-7f3b90eee2a4|127.0.0.1:15031, 05378834-8d64-4004-85b0-7f2e6f6e22dc|127.0.0.1:15015]|listeners:[], old=null}
2025-07-05 15:48:28,726 [grpc-default-executor-1] INFO  server.RaftServer$Division (RaftServerImpl.java:setRole(392)) - b5b4f89f-93bb-4b69-9074-7f3b90eee2a4@group-BEBFF4DB9F45: changes role from  FOLLOWER to FOLLOWER at term 0 for candidate:a2ddbc4c-912b-4a1a-89ce-9bbeea094c2b
2025-07-05 15:48:28,726 [grpc-default-executor-1] INFO  impl.RoleInfo (RoleInfo.java:shutdownFollowerState(121)) - b5b4f89f-93bb-4b69-9074-7f3b90eee2a4: shutdown b5b4f89f-93bb-4b69-9074-7f3b90eee2a4@group-BEBFF4DB9F45-FollowerState
2025-07-05 15:48:28,726 [grpc-default-executor-1] INFO  impl.RoleInfo (RoleInfo.java:updateAndGet(148)) - b5b4f89f-93bb-4b69-9074-7f3b90eee2a4: start b5b4f89f-93bb-4b69-9074-7f3b90eee2a4@group-BEBFF4DB9F45-FollowerState
2025-07-05 15:48:28,726 [b5b4f89f-93bb-4b69-9074-7f3b90eee2a4@group-BEBFF4DB9F45-FollowerState] INFO  impl.FollowerState (FollowerState.java:runImpl(170)) - b5b4f89f-93bb-4b69-9074-7f3b90eee2a4@group-BEBFF4DB9F45-FollowerState was interrupted
2025-07-05 15:48:28,728 [grpc-default-executor-1] INFO  server.RaftServer$Division (RaftServerImpl.java:setFirstElection(576)) - b5b4f89f-93bb-4b69-9074-7f3b90eee2a4@group-BEBFF4DB9F45: set firstElectionSinceStartup to false for candidate:a2ddbc4c-912b-4a1a-89ce-9bbeea094c2b
2025-07-05 15:48:28,730 [grpc-default-executor-2] INFO  server.RaftServer$Division (RaftServerImpl.java:requestVote(1421)) - a2ddbc4c-912b-4a1a-89ce-9bbeea094c2b@group-2AAED090774B: receive requestVote(PRE_VOTE, 05378834-8d64-4004-85b0-7f2e6f6e22dc, group-2AAED090774B, 0, <PROTO_DEFAULT>)
2025-07-05 15:48:28,730 [grpc-default-executor-1] INFO  server.RaftServer$Division (RaftServerImpl.java:requestVote(1455)) - b5b4f89f-93bb-4b69-9074-7f3b90eee2a4@group-BEBFF4DB9F45 replies to ELECTION vote request: a2ddbc4c-912b-4a1a-89ce-9bbeea094c2b<-b5b4f89f-93bb-4b69-9074-7f3b90eee2a4#0:OK-t1-last:<INITIAL_VALUE>. Peer's state: b5b4f89f-93bb-4b69-9074-7f3b90eee2a4@group-BEBFF4DB9F45:t1, leader=null, voted=a2ddbc4c-912b-4a1a-89ce-9bbeea094c2b, raftlog=Memoized:b5b4f89f-93bb-4b69-9074-7f3b90eee2a4@group-BEBFF4DB9F45-SegmentedRaftLog:OPENED:c-1:lastnull, conf=conf: {index: -1, cur=peers:[a2ddbc4c-912b-4a1a-89ce-9bbeea094c2b|127.0.0.1:15023, b5b4f89f-93bb-4b69-9074-7f3b90eee2a4|127.0.0.1:15031, 05378834-8d64-4004-85b0-7f2e6f6e22dc|127.0.0.1:15015]|listeners:[], old=null}
2025-07-05 15:48:28,730 [grpc-default-executor-2] INFO  impl.VoteContext (VoteContext.java:log(49)) - a2ddbc4c-912b-4a1a-89ce-9bbeea094c2b@group-2AAED090774B-FOLLOWER: accept PRE_VOTE from 05378834-8d64-4004-85b0-7f2e6f6e22dc: our priority 0 <= candidate's priority 0
2025-07-05 15:48:28,731 [grpc-default-executor-2] INFO  server.RaftServer$Division (RaftServerImpl.java:requestVote(1455)) - a2ddbc4c-912b-4a1a-89ce-9bbeea094c2b@group-2AAED090774B replies to PRE_VOTE vote request: 05378834-8d64-4004-85b0-7f2e6f6e22dc<-a2ddbc4c-912b-4a1a-89ce-9bbeea094c2b#0:OK-t0-last:<INITIAL_VALUE>. Peer's state: a2ddbc4c-912b-4a1a-89ce-9bbeea094c2b@group-2AAED090774B:t0, leader=null, voted=, raftlog=Memoized:a2ddbc4c-912b-4a1a-89ce-9bbeea094c2b@group-2AAED090774B-SegmentedRaftLog:OPENED:c-1:lastnull, conf=conf: {index: -1, cur=peers:[a2ddbc4c-912b-4a1a-89ce-9bbeea094c2b|127.0.0.1:15023, b5b4f89f-93bb-4b69-9074-7f3b90eee2a4|127.0.0.1:15031, 05378834-8d64-4004-85b0-7f2e6f6e22dc|127.0.0.1:15015]|listeners:[], old=null}
2025-07-05 15:48:28,733 [grpc-default-executor-0] INFO  server.RaftServer$Division (RaftServerImpl.java:requestVote(1455)) - 05378834-8d64-4004-85b0-7f2e6f6e22dc@group-BEBFF4DB9F45 replies to ELECTION vote request: a2ddbc4c-912b-4a1a-89ce-9bbeea094c2b<-05378834-8d64-4004-85b0-7f2e6f6e22dc#0:OK-t1-last:<INITIAL_VALUE>. Peer's state: 05378834-8d64-4004-85b0-7f2e6f6e22dc@group-BEBFF4DB9F45:t1, leader=null, voted=a2ddbc4c-912b-4a1a-89ce-9bbeea094c2b, raftlog=Memoized:05378834-8d64-4004-85b0-7f2e6f6e22dc@group-BEBFF4DB9F45-SegmentedRaftLog:OPENED:c-1:lastnull, conf=conf: {index: -1, cur=peers:[a2ddbc4c-912b-4a1a-89ce-9bbeea094c2b|127.0.0.1:15023, b5b4f89f-93bb-4b69-9074-7f3b90eee2a4|127.0.0.1:15031, 05378834-8d64-4004-85b0-7f2e6f6e22dc|127.0.0.1:15015]|listeners:[], old=null}
2025-07-05 15:48:28,735 [a2ddbc4c-912b-4a1a-89ce-9bbeea094c2b@group-BEBFF4DB9F45-LeaderElection7] INFO  impl.LeaderElection (LeaderElection.java:logAndReturn(206)) - a2ddbc4c-912b-4a1a-89ce-9bbeea094c2b@group-BEBFF4DB9F45-LeaderElection7: ELECTION PASSED received 1 response(s) and 0 exception(s):
2025-07-05 15:48:28,736 [a2ddbc4c-912b-4a1a-89ce-9bbeea094c2b@group-BEBFF4DB9F45-LeaderElection7] INFO  impl.LeaderElection (LeaderElection.java:logAndReturn(210)) -   Response 0: a2ddbc4c-912b-4a1a-89ce-9bbeea094c2b<-b5b4f89f-93bb-4b69-9074-7f3b90eee2a4#0:OK-t1-last:<INITIAL_VALUE>
2025-07-05 15:48:28,736 [a2ddbc4c-912b-4a1a-89ce-9bbeea094c2b@group-BEBFF4DB9F45-LeaderElection7] INFO  impl.LeaderElection (LeaderElection.java:askForVotes(450)) - a2ddbc4c-912b-4a1a-89ce-9bbeea094c2b@group-BEBFF4DB9F45-LeaderElection7 ELECTION round 0: result PASSED
2025-07-05 15:48:28,736 [a2ddbc4c-912b-4a1a-89ce-9bbeea094c2b@group-BEBFF4DB9F45-LeaderElection7] INFO  impl.RoleInfo (RoleInfo.java:shutdownLeaderElection(141)) - a2ddbc4c-912b-4a1a-89ce-9bbeea094c2b: shutdown a2ddbc4c-912b-4a1a-89ce-9bbeea094c2b@group-BEBFF4DB9F45-LeaderElection7
2025-07-05 15:48:28,736 [a2ddbc4c-912b-4a1a-89ce-9bbeea094c2b@group-BEBFF4DB9F45-LeaderElection7] INFO  server.RaftServer$Division (RaftServerImpl.java:setRole(392)) - a2ddbc4c-912b-4a1a-89ce-9bbeea094c2b@group-BEBFF4DB9F45: changes role from CANDIDATE to LEADER at term 1 for changeToLeader
2025-07-05 15:48:28,736 [a2ddbc4c-912b-4a1a-89ce-9bbeea094c2b@group-BEBFF4DB9F45-LeaderElection7] INFO  server.RaftServerConfigKeys (ConfUtils.java:logFallback(69)) - raft.server.staging.timeout = 15600ms (fallback to raft.server.rpc.timeout.max)
2025-07-05 15:48:28,737 [grpc-default-executor-2] INFO  server.RaftServer$Division (RaftServerImpl.java:requestVote(1421)) - b5b4f89f-93bb-4b69-9074-7f3b90eee2a4@group-2AAED090774B: receive requestVote(PRE_VOTE, 05378834-8d64-4004-85b0-7f2e6f6e22dc, group-2AAED090774B, 0, <PROTO_DEFAULT>)
2025-07-05 15:48:28,737 [a2ddbc4c-912b-4a1a-89ce-9bbeea094c2b@group-BEBFF4DB9F45-LeaderElection7] INFO  server.RaftServerConfigKeys (ConfUtils.java:logGet(62)) - raft.server.write.byte-limit = 1024 M (=1073741824) (custom)
2025-07-05 15:48:28,737 [grpc-default-executor-2] INFO  impl.VoteContext (VoteContext.java:log(49)) - b5b4f89f-93bb-4b69-9074-7f3b90eee2a4@group-2AAED090774B-FOLLOWER: reject PRE_VOTE from 05378834-8d64-4004-85b0-7f2e6f6e22dc: our priority 1 > candidate's priority 0
2025-07-05 15:48:28,737 [grpc-default-executor-2] INFO  server.RaftServer$Division (RaftServerImpl.java:requestVote(1455)) - b5b4f89f-93bb-4b69-9074-7f3b90eee2a4@group-2AAED090774B replies to PRE_VOTE vote request: 05378834-8d64-4004-85b0-7f2e6f6e22dc<-b5b4f89f-93bb-4b69-9074-7f3b90eee2a4#0:FAIL-t0-last:<INITIAL_VALUE>. Peer's state: b5b4f89f-93bb-4b69-9074-7f3b90eee2a4@group-2AAED090774B:t0, leader=null, voted=, raftlog=Memoized:b5b4f89f-93bb-4b69-9074-7f3b90eee2a4@group-2AAED090774B-SegmentedRaftLog:OPENED:c-1:lastnull, conf=conf: {index: -1, cur=peers:[a2ddbc4c-912b-4a1a-89ce-9bbeea094c2b|127.0.0.1:15023, b5b4f89f-93bb-4b69-9074-7f3b90eee2a4|127.0.0.1:15031, 05378834-8d64-4004-85b0-7f2e6f6e22dc|127.0.0.1:15015]|listeners:[], old=null}
2025-07-05 15:48:28,739 [05378834-8d64-4004-85b0-7f2e6f6e22dc@group-2AAED090774B-LeaderElection8] INFO  impl.LeaderElection (LeaderElection.java:logAndReturn(206)) - 05378834-8d64-4004-85b0-7f2e6f6e22dc@group-2AAED090774B-LeaderElection8: PRE_VOTE REJECTED received 2 response(s) and 0 exception(s):
2025-07-05 15:48:28,739 [05378834-8d64-4004-85b0-7f2e6f6e22dc@group-2AAED090774B-LeaderElection8] INFO  impl.LeaderElection (LeaderElection.java:logAndReturn(210)) -   Response 0: 05378834-8d64-4004-85b0-7f2e6f6e22dc<-a2ddbc4c-912b-4a1a-89ce-9bbeea094c2b#0:OK-t0-last:<INITIAL_VALUE>
2025-07-05 15:48:28,739 [05378834-8d64-4004-85b0-7f2e6f6e22dc@group-2AAED090774B-LeaderElection8] INFO  impl.LeaderElection (LeaderElection.java:logAndReturn(210)) -   Response 1: 05378834-8d64-4004-85b0-7f2e6f6e22dc<-b5b4f89f-93bb-4b69-9074-7f3b90eee2a4#0:FAIL-t0-last:<INITIAL_VALUE>
2025-07-05 15:48:28,739 [05378834-8d64-4004-85b0-7f2e6f6e22dc@group-2AAED090774B-LeaderElection8] INFO  impl.LeaderElection (LeaderElection.java:askForVotes(450)) - 05378834-8d64-4004-85b0-7f2e6f6e22dc@group-2AAED090774B-LeaderElection8 PRE_VOTE round 0: result REJECTED
2025-07-05 15:48:28,739 [05378834-8d64-4004-85b0-7f2e6f6e22dc@group-2AAED090774B-LeaderElection8] INFO  server.RaftServer$Division (RaftServerImpl.java:setRole(392)) - 05378834-8d64-4004-85b0-7f2e6f6e22dc@group-2AAED090774B: changes role from CANDIDATE to FOLLOWER at term 0 for REJECTED
2025-07-05 15:48:28,739 [05378834-8d64-4004-85b0-7f2e6f6e22dc@group-2AAED090774B-LeaderElection8] INFO  impl.RoleInfo (RoleInfo.java:shutdownLeaderElection(141)) - 05378834-8d64-4004-85b0-7f2e6f6e22dc: shutdown 05378834-8d64-4004-85b0-7f2e6f6e22dc@group-2AAED090774B-LeaderElection8
2025-07-05 15:48:28,739 [05378834-8d64-4004-85b0-7f2e6f6e22dc@group-2AAED090774B-LeaderElection8] INFO  impl.RoleInfo (RoleInfo.java:updateAndGet(148)) - 05378834-8d64-4004-85b0-7f2e6f6e22dc: start 05378834-8d64-4004-85b0-7f2e6f6e22dc@group-2AAED090774B-FollowerState
2025-07-05 15:48:28,741 [05378834-8d64-4004-85b0-7f2e6f6e22dc@group-2AAED090774B-LeaderElection8] INFO  server.RaftServer$Division (RaftServerImpl.java:setFirstElection(576)) - 05378834-8d64-4004-85b0-7f2e6f6e22dc@group-2AAED090774B: set firstElectionSinceStartup to false for REJECTED
2025-07-05 15:48:28,746 [a2ddbc4c-912b-4a1a-89ce-9bbeea094c2b@group-BEBFF4DB9F45-LeaderElection7] INFO  server.RaftServerConfigKeys (ConfUtils.java:logGet(62)) - raft.server.log.appender.snapshot.chunk.size.max = 16MB (=16777216) (default)
2025-07-05 15:48:28,746 [a2ddbc4c-912b-4a1a-89ce-9bbeea094c2b@group-BEBFF4DB9F45-LeaderElection7] INFO  server.RaftServerConfigKeys (ConfUtils.java:logGet(62)) - raft.server.log.appender.buffer.byte-limit = 33554432 (custom)
2025-07-05 15:48:28,747 [a2ddbc4c-912b-4a1a-89ce-9bbeea094c2b@group-BEBFF4DB9F45-LeaderElection7] INFO  server.RaftServerConfigKeys (ConfUtils.java:logGet(62)) - raft.server.log.appender.buffer.element-limit = 1024 (custom)
2025-07-05 15:48:28,748 [a2ddbc4c-912b-4a1a-89ce-9bbeea094c2b@group-BEBFF4DB9F45-LeaderElection7] INFO  server.RaftServerConfigKeys (ConfUtils.java:logGet(62)) - raft.server.log.appender.wait-time.min = 0ms (custom)
2025-07-05 15:48:28,749 [a2ddbc4c-912b-4a1a-89ce-9bbeea094c2b@group-BEBFF4DB9F45-LeaderElection7] INFO  grpc.GrpcConfigKeys (ConfUtils.java:logGet(62)) - raft.grpc.server.leader.outstanding.appends.max = 8 (default)
2025-07-05 15:48:28,750 [a2ddbc4c-912b-4a1a-89ce-9bbeea094c2b@group-BEBFF4DB9F45-LeaderElection7] INFO  grpc.GrpcConfigKeys (ConfUtils.java:logGet(62)) - raft.grpc.server.install_snapshot.request.element-limit = 8 (default)
2025-07-05 15:48:28,750 [a2ddbc4c-912b-4a1a-89ce-9bbeea094c2b@group-BEBFF4DB9F45-LeaderElection7] INFO  grpc.GrpcConfigKeys (ConfUtils.java:logGet(62)) - raft.grpc.server.install_snapshot.request.timeout = 3000ms (default)
2025-07-05 15:48:28,750 [a2ddbc4c-912b-4a1a-89ce-9bbeea094c2b@group-BEBFF4DB9F45-LeaderElection7] INFO  grpc.GrpcConfigKeys (ConfUtils.java:logGet(62)) - raft.grpc.server.log-message.batch.duration = 5s (default)
2025-07-05 15:48:28,752 [EventQueue-PipelineReportForOneReplicaPipelineSafeModeRule] INFO  safemode.SCMSafeModeManager (SCMSafeModeManager.java:validateSafeModeExitRules(138)) - AtleastOneDatanodeReportedRule rule is successfully validated
2025-07-05 15:48:28,753 [a2ddbc4c-912b-4a1a-89ce-9bbeea094c2b@group-BEBFF4DB9F45-LeaderElection7] INFO  server.RaftServerConfigKeys (ConfUtils.java:logGet(62)) - raft.server.log.appender.buffer.byte-limit = 33554432 (custom)
2025-07-05 15:48:28,754 [a2ddbc4c-912b-4a1a-89ce-9bbeea094c2b@group-BEBFF4DB9F45-LeaderElection7] INFO  impl.RoleInfo (RoleInfo.java:updateAndGet(148)) - a2ddbc4c-912b-4a1a-89ce-9bbeea094c2b: start a2ddbc4c-912b-4a1a-89ce-9bbeea094c2b@group-BEBFF4DB9F45-LeaderStateImpl
2025-07-05 15:48:28,754 [a2ddbc4c-912b-4a1a-89ce-9bbeea094c2b@group-BEBFF4DB9F45-LeaderElection7] INFO  server.RaftServer$Division (RaftServerImpl.java:setFirstElection(576)) - a2ddbc4c-912b-4a1a-89ce-9bbeea094c2b@group-BEBFF4DB9F45: set firstElectionSinceStartup to false for becomeLeader
2025-07-05 15:48:28,754 [a2ddbc4c-912b-4a1a-89ce-9bbeea094c2b@group-BEBFF4DB9F45-LeaderElection7] INFO  ratis.XceiverServerRatis (XceiverServerRatis.java:handleLeaderChangedNotification(944)) - Leader change notification received for group: group-BEBFF4DB9F45 with new leaderId: a2ddbc4c-912b-4a1a-89ce-9bbeea094c2b
2025-07-05 15:48:28,755 [a2ddbc4c-912b-4a1a-89ce-9bbeea094c2b@group-BEBFF4DB9F45-LeaderElection7] INFO  server.RaftServer$Division (ServerState.java:setLeader(272)) - a2ddbc4c-912b-4a1a-89ce-9bbeea094c2b@group-BEBFF4DB9F45: change Leader from null to a2ddbc4c-912b-4a1a-89ce-9bbeea094c2b at term 1 for becomeLeader, leader elected after 1271ms
2025-07-05 15:48:28,755 [a2ddbc4c-912b-4a1a-89ce-9bbeea094c2b@group-BEBFF4DB9F45-LeaderElection7] INFO  segmented.SegmentedRaftLogWorker (SegmentedRaftLogWorker.java:startLogSegment(440)) - a2ddbc4c-912b-4a1a-89ce-9bbeea094c2b@group-BEBFF4DB9F45-SegmentedRaftLogWorker: Starting segment from index:0
2025-07-05 15:48:28,756 [a2ddbc4c-912b-4a1a-89ce-9bbeea094c2b@group-BEBFF4DB9F45-LeaderElection7] INFO  server.RaftServer$Division (ServerState.java:setRaftConf(386)) - a2ddbc4c-912b-4a1a-89ce-9bbeea094c2b@group-BEBFF4DB9F45: set configuration conf: {index: 0, cur=peers:[a2ddbc4c-912b-4a1a-89ce-9bbeea094c2b|127.0.0.1:15023, b5b4f89f-93bb-4b69-9074-7f3b90eee2a4|127.0.0.1:15031, 05378834-8d64-4004-85b0-7f2e6f6e22dc|127.0.0.1:15015]|listeners:[], old=null}
2025-07-05 15:48:28,757 [a2ddbc4c-912b-4a1a-89ce-9bbeea094c2b@group-BEBFF4DB9F45-SegmentedRaftLogWorker] INFO  segmented.BufferedWriteChannel (BufferedWriteChannel.java:open(61)) - open log_inprogress_0 at position 0
2025-07-05 15:48:28,757 [EventQueue-PipelineReportForOneReplicaPipelineSafeModeRule] INFO  safemode.SCMSafeModeManager (SCMSafeModeManager.java:validateSafeModeExitRules(138)) - AtleastOneDatanodeReportedRule rule is successfully validated
2025-07-05 15:48:28,760 [67766547-47ec-4cca-936b-6c95be71f3ba@group-C4940C4C02AA-StateMachineUpdater] INFO  safemode.SCMSafeModeManager (SCMSafeModeManager.java:validateSafeModeExitRules(138)) - DataNodeSafeModeRule rule is successfully validated
2025-07-05 15:48:28,761 [67766547-47ec-4cca-936b-6c95be71f3ba@group-C4940C4C02AA-StateMachineUpdater] INFO  safemode.SCMSafeModeManager (SCMSafeModeManager.java:validateSafeModeExitRules(138)) - RatisContainerSafeModeRule rule is successfully validated
2025-07-05 15:48:28,761 [67766547-47ec-4cca-936b-6c95be71f3ba@group-C4940C4C02AA-StateMachineUpdater] INFO  safemode.HealthyPipelineSafeModeRule (HealthyPipelineSafeModeRule.java:initializeRule(228)) - Refreshed total pipeline count is 1, healthy pipeline threshold count is 1
2025-07-05 15:48:28,761 [67766547-47ec-4cca-936b-6c95be71f3ba@group-C4940C4C02AA-StateMachineUpdater] INFO  safemode.SCMSafeModeManager (SCMSafeModeManager.java:validateSafeModeExitRules(138)) - ECContainerSafeModeRule rule is successfully validated
2025-07-05 15:48:28,761 [67766547-47ec-4cca-936b-6c95be71f3ba@group-C4940C4C02AA-StateMachineUpdater] INFO  safemode.SCMSafeModeManager (SCMSafeModeManager.java:validateSafeModeExitRules(138)) - AtleastOneDatanodeReportedRule rule is successfully validated
2025-07-05 15:48:28,761 [EventQueue-PipelineReportForPipelineReportHandler] INFO  pipeline.PipelineReportHandler (PipelineReportHandler.java:processPipelineReport(134)) - Opened pipeline Pipeline-dfaec798-2b57-45af-90d7-bebff4db9f45
2025-07-05 15:48:28,761 [EventQueue-OpenPipelineForHealthyPipelineSafeModeRule] INFO  safemode.SCMSafeModeManager (HealthyPipelineSafeModeRule.java:process(196)) - SCM in safe mode. Healthy pipelines reported count is 1, required healthy pipeline reported count is 1
2025-07-05 15:48:28,761 [EventQueue-OpenPipelineForHealthyPipelineSafeModeRule] INFO  safemode.SCMSafeModeManager (SCMSafeModeManager.java:validateSafeModeExitRules(138)) - HealthyPipelineSafeModeRule rule is successfully validated
2025-07-05 15:48:28,761 [EventQueue-OpenPipelineForHealthyPipelineSafeModeRule] INFO  safemode.SCMSafeModeManager (SCMSafeModeManager.java:validateSafeModeExitRules(158)) - ScmSafeModeManager, all rules are successfully validated
2025-07-05 15:48:28,761 [EventQueue-OpenPipelineForHealthyPipelineSafeModeRule] INFO  safemode.SCMSafeModeManager (SCMSafeModeManager.java:validateSafeModeExitRules(159)) - SCM exiting safe mode.
2025-07-05 15:48:28,762 [EventQueue-OpenPipelineForHealthyPipelineSafeModeRule] INFO  ha.SCMContext (SCMContext.java:updateSafeModeStatus(224)) - Update SafeModeStatus from SafeModeStatus{safeModeStatus=true, preCheckPassed=true} to SafeModeStatus{safeModeStatus=false, preCheckPassed=true}.
2025-07-05 15:48:28,762 [EventQueue-OpenPipelineForHealthyPipelineSafeModeRule] INFO  BackgroundPipelineScrubber (BackgroundSCMService.java:notifyStatusChanged(78)) - Service BackgroundPipelineScrubber transitions to RUNNING.
2025-07-05 15:48:28,762 [EventQueue-OpenPipelineForHealthyPipelineSafeModeRule] INFO  ExpiredContainerReplicaOpScrubber (BackgroundSCMService.java:notifyStatusChanged(78)) - Service ExpiredContainerReplicaOpScrubber transitions to RUNNING.
2025-07-05 15:48:28,762 [EventQueue-OpenPipelineForHealthyPipelineSafeModeRule] INFO  block.SCMBlockDeletingService (SCMBlockDeletingService.java:notifyStatusChanged(265)) - notifyStatusChanged:RUNNING
2025-07-05 15:48:28,762 [EventQueue-OpenPipelineForHealthyPipelineSafeModeRule] INFO  replication.ReplicationManager (ReplicationManager.java:notifyStatusChanged(1387)) - Service ReplicationManager transitions to RUNNING.
2025-07-05 15:48:28,769 [a2ddbc4c-912b-4a1a-89ce-9bbeea094c2b@group-BEBFF4DB9F45-SegmentedRaftLogWorker] INFO  segmented.SegmentedRaftLogWorker (SegmentedRaftLogWorker.java:execute(647)) - a2ddbc4c-912b-4a1a-89ce-9bbeea094c2b@group-BEBFF4DB9F45-SegmentedRaftLogWorker: created new log segment /home/runner/work/ozone/ozone/hadoop-ozone/integration-test/target/test-dir/MiniOzoneClusterImpl-0a3c97a5-d59a-4532-afef-c4940c4c02aa/ozone-meta/datanode-2/ratis/dfaec798-2b57-45af-90d7-bebff4db9f45/current/log_inprogress_0
2025-07-05 15:48:28,772 [EventQueue-OpenPipelineForHealthyPipelineSafeModeRule] WARN  balancer.ContainerBalancer (ContainerBalancer.java:shouldRun(136)) - Could not find persisted configuration for ContainerBalancer when checking if ContainerBalancer should run. ContainerBalancer should not run now.
2025-07-05 15:48:28,773 [EventQueue-OpenPipelineForHealthyPipelineSafeModeRule] INFO  SCMHATransactionMonitor (BackgroundSCMService.java:notifyStatusChanged(78)) - Service SCMHATransactionMonitor transitions to RUNNING.
2025-07-05 15:48:28,782 [b5b4f89f-93bb-4b69-9074-7f3b90eee2a4@group-2AAED090774B-FollowerState] INFO  impl.FollowerState (FollowerState.java:runImpl(161)) - b5b4f89f-93bb-4b69-9074-7f3b90eee2a4@group-2AAED090774B-FollowerState: change to CANDIDATE, lastRpcElapsedTime:1002143480ns, electionTimeout:1001ms
2025-07-05 15:48:28,782 [b5b4f89f-93bb-4b69-9074-7f3b90eee2a4@group-2AAED090774B-FollowerState] INFO  impl.RoleInfo (RoleInfo.java:shutdownFollowerState(121)) - b5b4f89f-93bb-4b69-9074-7f3b90eee2a4: shutdown b5b4f89f-93bb-4b69-9074-7f3b90eee2a4@group-2AAED090774B-FollowerState
2025-07-05 15:48:28,782 [b5b4f89f-93bb-4b69-9074-7f3b90eee2a4@group-2AAED090774B-FollowerState] INFO  server.RaftServer$Division (RaftServerImpl.java:setRole(392)) - b5b4f89f-93bb-4b69-9074-7f3b90eee2a4@group-2AAED090774B: changes role from  FOLLOWER to CANDIDATE at term 0 for changeToCandidate
2025-07-05 15:48:28,782 [b5b4f89f-93bb-4b69-9074-7f3b90eee2a4@group-2AAED090774B-FollowerState] INFO  impl.RoleInfo (RoleInfo.java:updateAndGet(148)) - b5b4f89f-93bb-4b69-9074-7f3b90eee2a4: start b5b4f89f-93bb-4b69-9074-7f3b90eee2a4@group-2AAED090774B-LeaderElection9
2025-07-05 15:48:28,783 [b5b4f89f-93bb-4b69-9074-7f3b90eee2a4@group-2AAED090774B-LeaderElection9] INFO  impl.LeaderElection (LeaderElection.java:askForVotes(448)) - b5b4f89f-93bb-4b69-9074-7f3b90eee2a4@group-2AAED090774B-LeaderElection9 PRE_VOTE round 0: submit vote requests at term 0 for conf: {index: -1, cur=peers:[a2ddbc4c-912b-4a1a-89ce-9bbeea094c2b|127.0.0.1:15023, b5b4f89f-93bb-4b69-9074-7f3b90eee2a4|127.0.0.1:15031, 05378834-8d64-4004-85b0-7f2e6f6e22dc|127.0.0.1:15015]|listeners:[], old=null}
2025-07-05 15:48:28,783 [grpc-default-executor-4] INFO  ratis.XceiverServerRatis (XceiverServerRatis.java:handleLeaderChangedNotification(944)) - Leader change notification received for group: group-BEBFF4DB9F45 with new leaderId: a2ddbc4c-912b-4a1a-89ce-9bbeea094c2b
2025-07-05 15:48:28,783 [grpc-default-executor-4] INFO  server.RaftServer$Division (ServerState.java:setLeader(272)) - b5b4f89f-93bb-4b69-9074-7f3b90eee2a4@group-BEBFF4DB9F45: change Leader from null to a2ddbc4c-912b-4a1a-89ce-9bbeea094c2b at term 1 for appendEntries, leader elected after 1207ms
2025-07-05 15:48:28,784 [b5b4f89f-93bb-4b69-9074-7f3b90eee2a4@group-2AAED090774B-LeaderElection9-1] INFO  server.GrpcServerProtocolClient (GrpcServerProtocolClient.java:<init>(65)) - Build channel for a2ddbc4c-912b-4a1a-89ce-9bbeea094c2b|127.0.0.1:15023
2025-07-05 15:48:28,785 [grpc-default-executor-1] INFO  ratis.XceiverServerRatis (XceiverServerRatis.java:handleLeaderChangedNotification(944)) - Leader change notification received for group: group-BEBFF4DB9F45 with new leaderId: a2ddbc4c-912b-4a1a-89ce-9bbeea094c2b
2025-07-05 15:48:28,785 [grpc-default-executor-1] INFO  server.RaftServer$Division (ServerState.java:setLeader(272)) - 05378834-8d64-4004-85b0-7f2e6f6e22dc@group-BEBFF4DB9F45: change Leader from null to a2ddbc4c-912b-4a1a-89ce-9bbeea094c2b at term 1 for appendEntries, leader elected after 1554ms
2025-07-05 15:48:28,786 [b5b4f89f-93bb-4b69-9074-7f3b90eee2a4@group-2AAED090774B-LeaderElection9-2] INFO  server.GrpcServerProtocolClient (GrpcServerProtocolClient.java:<init>(65)) - Build channel for 05378834-8d64-4004-85b0-7f2e6f6e22dc|127.0.0.1:15015
2025-07-05 15:48:28,792 [grpc-default-executor-2] INFO  server.RaftServer$Division (ServerState.java:setRaftConf(386)) - b5b4f89f-93bb-4b69-9074-7f3b90eee2a4@group-BEBFF4DB9F45: set configuration conf: {index: 0, cur=peers:[a2ddbc4c-912b-4a1a-89ce-9bbeea094c2b|127.0.0.1:15023, b5b4f89f-93bb-4b69-9074-7f3b90eee2a4|127.0.0.1:15031, 05378834-8d64-4004-85b0-7f2e6f6e22dc|127.0.0.1:15015]|listeners:[], old=null}
2025-07-05 15:48:28,794 [grpc-default-executor-2] INFO  segmented.SegmentedRaftLogWorker (SegmentedRaftLogWorker.java:startLogSegment(440)) - b5b4f89f-93bb-4b69-9074-7f3b90eee2a4@group-BEBFF4DB9F45-SegmentedRaftLogWorker: Starting segment from index:0
2025-07-05 15:48:28,794 [grpc-default-executor-0] INFO  server.RaftServer$Division (ServerState.java:setRaftConf(386)) - 05378834-8d64-4004-85b0-7f2e6f6e22dc@group-BEBFF4DB9F45: set configuration conf: {index: 0, cur=peers:[a2ddbc4c-912b-4a1a-89ce-9bbeea094c2b|127.0.0.1:15023, b5b4f89f-93bb-4b69-9074-7f3b90eee2a4|127.0.0.1:15031, 05378834-8d64-4004-85b0-7f2e6f6e22dc|127.0.0.1:15015]|listeners:[], old=null}
2025-07-05 15:48:28,796 [grpc-default-executor-0] INFO  segmented.SegmentedRaftLogWorker (SegmentedRaftLogWorker.java:startLogSegment(440)) - 05378834-8d64-4004-85b0-7f2e6f6e22dc@group-BEBFF4DB9F45-SegmentedRaftLogWorker: Starting segment from index:0
2025-07-05 15:48:28,797 [grpc-default-executor-5] INFO  server.RaftServer$Division (RaftServerImpl.java:requestVote(1421)) - 05378834-8d64-4004-85b0-7f2e6f6e22dc@group-2AAED090774B: receive requestVote(PRE_VOTE, b5b4f89f-93bb-4b69-9074-7f3b90eee2a4, group-2AAED090774B, 0, <PROTO_DEFAULT>)
2025-07-05 15:48:28,798 [grpc-default-executor-5] INFO  impl.VoteContext (VoteContext.java:log(49)) - 05378834-8d64-4004-85b0-7f2e6f6e22dc@group-2AAED090774B-FOLLOWER: accept PRE_VOTE from b5b4f89f-93bb-4b69-9074-7f3b90eee2a4: our priority 0 <= candidate's priority 1
2025-07-05 15:48:28,799 [grpc-default-executor-5] INFO  server.RaftServer$Division (RaftServerImpl.java:requestVote(1455)) - 05378834-8d64-4004-85b0-7f2e6f6e22dc@group-2AAED090774B replies to PRE_VOTE vote request: b5b4f89f-93bb-4b69-9074-7f3b90eee2a4<-05378834-8d64-4004-85b0-7f2e6f6e22dc#0:OK-t0-last:<INITIAL_VALUE>. Peer's state: 05378834-8d64-4004-85b0-7f2e6f6e22dc@group-2AAED090774B:t0, leader=null, voted=, raftlog=Memoized:05378834-8d64-4004-85b0-7f2e6f6e22dc@group-2AAED090774B-SegmentedRaftLog:OPENED:c-1:lastnull, conf=conf: {index: -1, cur=peers:[a2ddbc4c-912b-4a1a-89ce-9bbeea094c2b|127.0.0.1:15023, b5b4f89f-93bb-4b69-9074-7f3b90eee2a4|127.0.0.1:15031, 05378834-8d64-4004-85b0-7f2e6f6e22dc|127.0.0.1:15015]|listeners:[], old=null}
2025-07-05 15:48:28,801 [grpc-default-executor-3] INFO  server.RaftServer$Division (RaftServerImpl.java:requestVote(1421)) - a2ddbc4c-912b-4a1a-89ce-9bbeea094c2b@group-2AAED090774B: receive requestVote(PRE_VOTE, b5b4f89f-93bb-4b69-9074-7f3b90eee2a4, group-2AAED090774B, 0, <PROTO_DEFAULT>)
2025-07-05 15:48:28,801 [grpc-default-executor-3] INFO  impl.VoteContext (VoteContext.java:log(49)) - a2ddbc4c-912b-4a1a-89ce-9bbeea094c2b@group-2AAED090774B-FOLLOWER: accept PRE_VOTE from b5b4f89f-93bb-4b69-9074-7f3b90eee2a4: our priority 0 <= candidate's priority 1
2025-07-05 15:48:28,802 [b5b4f89f-93bb-4b69-9074-7f3b90eee2a4@group-2AAED090774B-LeaderElection9] INFO  impl.LeaderElection (LeaderElection.java:logAndReturn(206)) - b5b4f89f-93bb-4b69-9074-7f3b90eee2a4@group-2AAED090774B-LeaderElection9: PRE_VOTE PASSED received 1 response(s) and 0 exception(s):
2025-07-05 15:48:28,802 [b5b4f89f-93bb-4b69-9074-7f3b90eee2a4@group-2AAED090774B-LeaderElection9] INFO  impl.LeaderElection (LeaderElection.java:logAndReturn(210)) -   Response 0: b5b4f89f-93bb-4b69-9074-7f3b90eee2a4<-05378834-8d64-4004-85b0-7f2e6f6e22dc#0:OK-t0-last:<INITIAL_VALUE>
2025-07-05 15:48:28,802 [b5b4f89f-93bb-4b69-9074-7f3b90eee2a4@group-2AAED090774B-LeaderElection9] INFO  impl.LeaderElection (LeaderElection.java:askForVotes(450)) - b5b4f89f-93bb-4b69-9074-7f3b90eee2a4@group-2AAED090774B-LeaderElection9 PRE_VOTE round 0: result PASSED
2025-07-05 15:48:28,798 [05378834-8d64-4004-85b0-7f2e6f6e22dc@group-BEBFF4DB9F45-SegmentedRaftLogWorker] INFO  segmented.BufferedWriteChannel (BufferedWriteChannel.java:open(61)) - open log_inprogress_0 at position 0
2025-07-05 15:48:28,808 [grpc-default-executor-3] INFO  server.RaftServer$Division (RaftServerImpl.java:requestVote(1455)) - a2ddbc4c-912b-4a1a-89ce-9bbeea094c2b@group-2AAED090774B replies to PRE_VOTE vote request: b5b4f89f-93bb-4b69-9074-7f3b90eee2a4<-a2ddbc4c-912b-4a1a-89ce-9bbeea094c2b#0:OK-t0-last:<INITIAL_VALUE>. Peer's state: a2ddbc4c-912b-4a1a-89ce-9bbeea094c2b@group-2AAED090774B:t0, leader=null, voted=, raftlog=Memoized:a2ddbc4c-912b-4a1a-89ce-9bbeea094c2b@group-2AAED090774B-SegmentedRaftLog:OPENED:c-1:lastnull, conf=conf: {index: -1, cur=peers:[a2ddbc4c-912b-4a1a-89ce-9bbeea094c2b|127.0.0.1:15023, b5b4f89f-93bb-4b69-9074-7f3b90eee2a4|127.0.0.1:15031, 05378834-8d64-4004-85b0-7f2e6f6e22dc|127.0.0.1:15015]|listeners:[], old=null}
2025-07-05 15:48:28,810 [b5b4f89f-93bb-4b69-9074-7f3b90eee2a4@group-2AAED090774B-LeaderElection9] INFO  impl.LeaderElection (LeaderElection.java:askForVotes(448)) - b5b4f89f-93bb-4b69-9074-7f3b90eee2a4@group-2AAED090774B-LeaderElection9 ELECTION round 0: submit vote requests at term 1 for conf: {index: -1, cur=peers:[a2ddbc4c-912b-4a1a-89ce-9bbeea094c2b|127.0.0.1:15023, b5b4f89f-93bb-4b69-9074-7f3b90eee2a4|127.0.0.1:15031, 05378834-8d64-4004-85b0-7f2e6f6e22dc|127.0.0.1:15015]|listeners:[], old=null}
2025-07-05 15:48:28,811 [b5b4f89f-93bb-4b69-9074-7f3b90eee2a4@group-BEBFF4DB9F45-SegmentedRaftLogWorker] INFO  segmented.BufferedWriteChannel (BufferedWriteChannel.java:open(61)) - open log_inprogress_0 at position 0
2025-07-05 15:48:28,819 [grpc-default-executor-1] INFO  server.RaftServer$Division (RaftServerImpl.java:requestVote(1421)) - 05378834-8d64-4004-85b0-7f2e6f6e22dc@group-2AAED090774B: receive requestVote(ELECTION, b5b4f89f-93bb-4b69-9074-7f3b90eee2a4, group-2AAED090774B, 1, <PROTO_DEFAULT>)
2025-07-05 15:48:28,819 [grpc-default-executor-1] INFO  impl.VoteContext (VoteContext.java:log(49)) - 05378834-8d64-4004-85b0-7f2e6f6e22dc@group-2AAED090774B-FOLLOWER: accept ELECTION from b5b4f89f-93bb-4b69-9074-7f3b90eee2a4: our priority 0 <= candidate's priority 1
2025-07-05 15:48:28,819 [grpc-default-executor-1] INFO  server.RaftServer$Division (RaftServerImpl.java:setRole(392)) - 05378834-8d64-4004-85b0-7f2e6f6e22dc@group-2AAED090774B: changes role from  FOLLOWER to FOLLOWER at term 0 for candidate:b5b4f89f-93bb-4b69-9074-7f3b90eee2a4
2025-07-05 15:48:28,819 [grpc-default-executor-1] INFO  impl.RoleInfo (RoleInfo.java:shutdownFollowerState(121)) - 05378834-8d64-4004-85b0-7f2e6f6e22dc: shutdown 05378834-8d64-4004-85b0-7f2e6f6e22dc@group-2AAED090774B-FollowerState
2025-07-05 15:48:28,819 [grpc-default-executor-1] INFO  impl.RoleInfo (RoleInfo.java:updateAndGet(148)) - 05378834-8d64-4004-85b0-7f2e6f6e22dc: start 05378834-8d64-4004-85b0-7f2e6f6e22dc@group-2AAED090774B-FollowerState
2025-07-05 15:48:28,819 [05378834-8d64-4004-85b0-7f2e6f6e22dc@group-2AAED090774B-FollowerState] INFO  impl.FollowerState (FollowerState.java:runImpl(170)) - 05378834-8d64-4004-85b0-7f2e6f6e22dc@group-2AAED090774B-FollowerState was interrupted
2025-07-05 15:48:28,821 [grpc-default-executor-4] INFO  server.RaftServer$Division (RaftServerImpl.java:requestVote(1421)) - a2ddbc4c-912b-4a1a-89ce-9bbeea094c2b@group-2AAED090774B: receive requestVote(ELECTION, b5b4f89f-93bb-4b69-9074-7f3b90eee2a4, group-2AAED090774B, 1, <PROTO_DEFAULT>)
2025-07-05 15:48:28,821 [grpc-default-executor-4] INFO  impl.VoteContext (VoteContext.java:log(49)) - a2ddbc4c-912b-4a1a-89ce-9bbeea094c2b@group-2AAED090774B-FOLLOWER: accept ELECTION from b5b4f89f-93bb-4b69-9074-7f3b90eee2a4: our priority 0 <= candidate's priority 1
2025-07-05 15:48:28,821 [grpc-default-executor-4] INFO  server.RaftServer$Division (RaftServerImpl.java:setRole(392)) - a2ddbc4c-912b-4a1a-89ce-9bbeea094c2b@group-2AAED090774B: changes role from  FOLLOWER to FOLLOWER at term 0 for candidate:b5b4f89f-93bb-4b69-9074-7f3b90eee2a4
2025-07-05 15:48:28,821 [grpc-default-executor-4] INFO  impl.RoleInfo (RoleInfo.java:shutdownFollowerState(121)) - a2ddbc4c-912b-4a1a-89ce-9bbeea094c2b: shutdown a2ddbc4c-912b-4a1a-89ce-9bbeea094c2b@group-2AAED090774B-FollowerState
2025-07-05 15:48:28,822 [a2ddbc4c-912b-4a1a-89ce-9bbeea094c2b@group-2AAED090774B-FollowerState] INFO  impl.FollowerState (FollowerState.java:runImpl(170)) - a2ddbc4c-912b-4a1a-89ce-9bbeea094c2b@group-2AAED090774B-FollowerState was interrupted
2025-07-05 15:48:28,822 [grpc-default-executor-4] INFO  impl.RoleInfo (RoleInfo.java:updateAndGet(148)) - a2ddbc4c-912b-4a1a-89ce-9bbeea094c2b: start a2ddbc4c-912b-4a1a-89ce-9bbeea094c2b@group-2AAED090774B-FollowerState
2025-07-05 15:48:28,823 [grpc-default-executor-4] INFO  server.RaftServer$Division (RaftServerImpl.java:setFirstElection(576)) - a2ddbc4c-912b-4a1a-89ce-9bbeea094c2b@group-2AAED090774B: set firstElectionSinceStartup to false for candidate:b5b4f89f-93bb-4b69-9074-7f3b90eee2a4
2025-07-05 15:48:28,824 [092257cb-ba5a-4f8a-9b9c-d44861eaa450-PipelineCommandHandlerThread-0] INFO  server.RaftServer (RaftServerProxy.java:addNew(105)) - 092257cb-ba5a-4f8a-9b9c-d44861eaa450: addNew group-8B4C5BA85AF3:[092257cb-ba5a-4f8a-9b9c-d44861eaa450|127.0.0.1:15063] returns group-8B4C5BA85AF3:java.util.concurrent.CompletableFuture@21db03ea[Not completed]
2025-07-05 15:48:28,825 [b5b4f89f-93bb-4b69-9074-7f3b90eee2a4@group-BEBFF4DB9F45-SegmentedRaftLogWorker] INFO  segmented.SegmentedRaftLogWorker (SegmentedRaftLogWorker.java:execute(647)) - b5b4f89f-93bb-4b69-9074-7f3b90eee2a4@group-BEBFF4DB9F45-SegmentedRaftLogWorker: created new log segment /home/runner/work/ozone/ozone/hadoop-ozone/integration-test/target/test-dir/MiniOzoneClusterImpl-0a3c97a5-d59a-4532-afef-c4940c4c02aa/ozone-meta/datanode-3/ratis/dfaec798-2b57-45af-90d7-bebff4db9f45/current/log_inprogress_0
2025-07-05 15:48:28,825 [092257cb-ba5a-4f8a-9b9c-d44861eaa450-groupManagement] WARN  statemachine.DatanodeConfiguration (DatanodeConfiguration.java:validateMinFreeSpace(751)) - hdds.datanode.volume.min.free.space.percent = -1.0 is invalid, should be between 0 and 1
2025-07-05 15:48:28,825 [092257cb-ba5a-4f8a-9b9c-d44861eaa450-groupManagement] INFO  server.RaftServer$Division (RaftServerImpl.java:<init>(268)) - 092257cb-ba5a-4f8a-9b9c-d44861eaa450: new RaftServerImpl for group-8B4C5BA85AF3:[092257cb-ba5a-4f8a-9b9c-d44861eaa450|127.0.0.1:15063] with ContainerStateMachine:uninitialized
2025-07-05 15:48:28,825 [092257cb-ba5a-4f8a-9b9c-d44861eaa450-groupManagement] INFO  server.RaftServer$Division (ServerState.java:<init>(114)) - 092257cb-ba5a-4f8a-9b9c-d44861eaa450@group-8B4C5BA85AF3: ConfigurationManager, init=conf: {index: -1, cur=peers:[092257cb-ba5a-4f8a-9b9c-d44861eaa450|127.0.0.1:15063]|listeners:[], old=null}, confs=<EMPTY_MAP>
2025-07-05 15:48:28,826 [05378834-8d64-4004-85b0-7f2e6f6e22dc@group-BEBFF4DB9F45-SegmentedRaftLogWorker] INFO  segmented.SegmentedRaftLogWorker (SegmentedRaftLogWorker.java:execute(647)) - 05378834-8d64-4004-85b0-7f2e6f6e22dc@group-BEBFF4DB9F45-SegmentedRaftLogWorker: created new log segment /home/runner/work/ozone/ozone/hadoop-ozone/integration-test/target/test-dir/MiniOzoneClusterImpl-0a3c97a5-d59a-4532-afef-c4940c4c02aa/ozone-meta/datanode-1/ratis/dfaec798-2b57-45af-90d7-bebff4db9f45/current/log_inprogress_0
2025-07-05 15:48:28,826 [grpc-default-executor-4] INFO  server.RaftServer$Division (RaftServerImpl.java:requestVote(1455)) - a2ddbc4c-912b-4a1a-89ce-9bbeea094c2b@group-2AAED090774B replies to ELECTION vote request: b5b4f89f-93bb-4b69-9074-7f3b90eee2a4<-a2ddbc4c-912b-4a1a-89ce-9bbeea094c2b#0:OK-t1-last:<INITIAL_VALUE>. Peer's state: a2ddbc4c-912b-4a1a-89ce-9bbeea094c2b@group-2AAED090774B:t1, leader=null, voted=b5b4f89f-93bb-4b69-9074-7f3b90eee2a4, raftlog=Memoized:a2ddbc4c-912b-4a1a-89ce-9bbeea094c2b@group-2AAED090774B-SegmentedRaftLog:OPENED:c-1:lastnull, conf=conf: {index: -1, cur=peers:[a2ddbc4c-912b-4a1a-89ce-9bbeea094c2b|127.0.0.1:15023, b5b4f89f-93bb-4b69-9074-7f3b90eee2a4|127.0.0.1:15031, 05378834-8d64-4004-85b0-7f2e6f6e22dc|127.0.0.1:15015]|listeners:[], old=null}
2025-07-05 15:48:28,826 [grpc-default-executor-1] INFO  server.RaftServer$Division (RaftServerImpl.java:requestVote(1455)) - 05378834-8d64-4004-85b0-7f2e6f6e22dc@group-2AAED090774B replies to ELECTION vote request: b5b4f89f-93bb-4b69-9074-7f3b90eee2a4<-05378834-8d64-4004-85b0-7f2e6f6e22dc#0:OK-t1-last:<INITIAL_VALUE>. Peer's state: 05378834-8d64-4004-85b0-7f2e6f6e22dc@group-2AAED090774B:t1, leader=null, voted=b5b4f89f-93bb-4b69-9074-7f3b90eee2a4, raftlog=Memoized:05378834-8d64-4004-85b0-7f2e6f6e22dc@group-2AAED090774B-SegmentedRaftLog:OPENED:c-1:lastnull, conf=conf: {index: -1, cur=peers:[a2ddbc4c-912b-4a1a-89ce-9bbeea094c2b|127.0.0.1:15023, b5b4f89f-93bb-4b69-9074-7f3b90eee2a4|127.0.0.1:15031, 05378834-8d64-4004-85b0-7f2e6f6e22dc|127.0.0.1:15015]|listeners:[], old=null}
2025-07-05 15:48:28,829 [b5b4f89f-93bb-4b69-9074-7f3b90eee2a4@group-2AAED090774B-LeaderElection9] INFO  impl.LeaderElection (LeaderElection.java:logAndReturn(206)) - b5b4f89f-93bb-4b69-9074-7f3b90eee2a4@group-2AAED090774B-LeaderElection9: ELECTION PASSED received 1 response(s) and 0 exception(s):
2025-07-05 15:48:28,829 [b5b4f89f-93bb-4b69-9074-7f3b90eee2a4@group-2AAED090774B-LeaderElection9] INFO  impl.LeaderElection (LeaderElection.java:logAndReturn(210)) -   Response 0: b5b4f89f-93bb-4b69-9074-7f3b90eee2a4<-05378834-8d64-4004-85b0-7f2e6f6e22dc#0:OK-t1-last:<INITIAL_VALUE>
2025-07-05 15:48:28,830 [b5b4f89f-93bb-4b69-9074-7f3b90eee2a4@group-2AAED090774B-LeaderElection9] INFO  impl.LeaderElection (LeaderElection.java:askForVotes(450)) - b5b4f89f-93bb-4b69-9074-7f3b90eee2a4@group-2AAED090774B-LeaderElection9 ELECTION round 0: result PASSED
2025-07-05 15:48:28,830 [b5b4f89f-93bb-4b69-9074-7f3b90eee2a4@group-2AAED090774B-LeaderElection9] INFO  impl.RoleInfo (RoleInfo.java:shutdownLeaderElection(141)) - b5b4f89f-93bb-4b69-9074-7f3b90eee2a4: shutdown b5b4f89f-93bb-4b69-9074-7f3b90eee2a4@group-2AAED090774B-LeaderElection9
2025-07-05 15:48:28,830 [b5b4f89f-93bb-4b69-9074-7f3b90eee2a4@group-2AAED090774B-LeaderElection9] INFO  server.RaftServer$Division (RaftServerImpl.java:setRole(392)) - b5b4f89f-93bb-4b69-9074-7f3b90eee2a4@group-2AAED090774B: changes role from CANDIDATE to LEADER at term 1 for changeToLeader
2025-07-05 15:48:28,830 [b5b4f89f-93bb-4b69-9074-7f3b90eee2a4@group-2AAED090774B-LeaderElection9] INFO  server.RaftServerConfigKeys (ConfUtils.java:logFallback(69)) - raft.server.staging.timeout = 15600ms (fallback to raft.server.rpc.timeout.max)
2025-07-05 15:48:28,831 [b5b4f89f-93bb-4b69-9074-7f3b90eee2a4@group-2AAED090774B-LeaderElection9] INFO  server.RaftServerConfigKeys (ConfUtils.java:logGet(62)) - raft.server.write.byte-limit = 1024 M (=1073741824) (custom)
2025-07-05 15:48:28,832 [a2ddbc4c-912b-4a1a-89ce-9bbeea094c2b@group-BEBFF4DB9F45-StateMachineUpdater] INFO  server.RaftServer$Division (LeaderStateImpl.java:checkStartIndex(309)) - Leader a2ddbc4c-912b-4a1a-89ce-9bbeea094c2b@group-BEBFF4DB9F45-LeaderStateImpl is ready since appliedIndex == startIndex == 0
2025-07-05 15:48:28,833 [a2ddbc4c-912b-4a1a-89ce-9bbeea094c2b@group-BEBFF4DB9F45-StateMachineUpdater] INFO  ratis.ContainerStateMachine (ContainerStateMachine.java:takeSnapshot(427)) - group-BEBFF4DB9F45: Taking a snapshot at:(t:1, i:0) file /home/runner/work/ozone/ozone/hadoop-ozone/integration-test/target/test-dir/MiniOzoneClusterImpl-0a3c97a5-d59a-4532-afef-c4940c4c02aa/ozone-meta/datanode-2/ratis/dfaec798-2b57-45af-90d7-bebff4db9f45/sm/snapshot.1_0
2025-07-05 15:48:28,833 [a2ddbc4c-912b-4a1a-89ce-9bbeea094c2b@group-BEBFF4DB9F45-StateMachineUpdater] INFO  ratis.ContainerStateMachine (ContainerStateMachine.java:takeSnapshot(436)) - group-BEBFF4DB9F45: Finished taking a snapshot at:(t:1, i:0) file:/home/runner/work/ozone/ozone/hadoop-ozone/integration-test/target/test-dir/MiniOzoneClusterImpl-0a3c97a5-d59a-4532-afef-c4940c4c02aa/ozone-meta/datanode-2/ratis/dfaec798-2b57-45af-90d7-bebff4db9f45/sm/snapshot.1_0 took: 0 ms
2025-07-05 15:48:28,833 [a2ddbc4c-912b-4a1a-89ce-9bbeea094c2b@group-BEBFF4DB9F45-StateMachineUpdater] INFO  impl.StateMachineUpdater (StateMachineUpdater.java:takeSnapshot(307)) - a2ddbc4c-912b-4a1a-89ce-9bbeea094c2b@group-BEBFF4DB9F45-StateMachineUpdater: Took a snapshot at index 0
2025-07-05 15:48:28,834 [a2ddbc4c-912b-4a1a-89ce-9bbeea094c2b@group-BEBFF4DB9F45-StateMachineUpdater] INFO  impl.StateMachineUpdater (StateMachineUpdater.java:lambda$new$0(101)) - a2ddbc4c-912b-4a1a-89ce-9bbeea094c2b@group-BEBFF4DB9F45-StateMachineUpdater: snapshotIndex: updateIncreasingly -1 -> 0
2025-07-05 15:48:28,836 [b5b4f89f-93bb-4b69-9074-7f3b90eee2a4@group-2AAED090774B-LeaderElection9] INFO  server.RaftServerConfigKeys (ConfUtils.java:logGet(62)) - raft.server.log.appender.buffer.byte-limit = 33554432 (custom)
2025-07-05 15:48:28,840 [b5b4f89f-93bb-4b69-9074-7f3b90eee2a4@group-2AAED090774B-LeaderElection9] INFO  server.RaftServerConfigKeys (ConfUtils.java:logGet(62)) - raft.server.log.appender.buffer.byte-limit = 33554432 (custom)
2025-07-05 15:48:28,841 [b5b4f89f-93bb-4b69-9074-7f3b90eee2a4@group-2AAED090774B-LeaderElection9] INFO  impl.RoleInfo (RoleInfo.java:updateAndGet(148)) - b5b4f89f-93bb-4b69-9074-7f3b90eee2a4: start b5b4f89f-93bb-4b69-9074-7f3b90eee2a4@group-2AAED090774B-LeaderStateImpl
2025-07-05 15:48:28,841 [b5b4f89f-93bb-4b69-9074-7f3b90eee2a4@group-2AAED090774B-LeaderElection9] INFO  server.RaftServer$Division (RaftServerImpl.java:setFirstElection(576)) - b5b4f89f-93bb-4b69-9074-7f3b90eee2a4@group-2AAED090774B: set firstElectionSinceStartup to false for becomeLeader
2025-07-05 15:48:28,841 [b5b4f89f-93bb-4b69-9074-7f3b90eee2a4@group-2AAED090774B-LeaderElection9] INFO  ratis.XceiverServerRatis (XceiverServerRatis.java:handleLeaderChangedNotification(944)) - Leader change notification received for group: group-2AAED090774B with new leaderId: b5b4f89f-93bb-4b69-9074-7f3b90eee2a4
2025-07-05 15:48:28,841 [b5b4f89f-93bb-4b69-9074-7f3b90eee2a4@group-2AAED090774B-LeaderElection9] INFO  server.RaftServer$Division (ServerState.java:setLeader(272)) - b5b4f89f-93bb-4b69-9074-7f3b90eee2a4@group-2AAED090774B: change Leader from null to b5b4f89f-93bb-4b69-9074-7f3b90eee2a4 at term 1 for becomeLeader, leader elected after 1093ms
2025-07-05 15:48:28,842 [092257cb-ba5a-4f8a-9b9c-d44861eaa450-groupManagement] INFO  server.RaftServerConfigKeys (ConfUtils.java:logGet(62)) - raft.server.storage.dir = [/home/runner/work/ozone/ozone/hadoop-ozone/integration-test/target/test-dir/MiniOzoneClusterImpl-0a3c97a5-d59a-4532-afef-c4940c4c02aa/ozone-meta/datanode-7/ratis] (custom)
2025-07-05 15:48:28,842 [092257cb-ba5a-4f8a-9b9c-d44861eaa450-groupManagement] INFO  storage.RaftStorageDirectory (RaftStorageDirectoryImpl.java:analyzeStorage(138)) - The storage directory /home/runner/work/ozone/ozone/hadoop-ozone/integration-test/target/test-dir/MiniOzoneClusterImpl-0a3c97a5-d59a-4532-afef-c4940c4c02aa/ozone-meta/datanode-7/ratis/c56b8436-9c97-45e8-84ec-8b4c5ba85af3 does not exist. Creating ...
2025-07-05 15:48:28,842 [b5b4f89f-93bb-4b69-9074-7f3b90eee2a4@group-2AAED090774B-LeaderElection9] INFO  segmented.SegmentedRaftLogWorker (SegmentedRaftLogWorker.java:startLogSegment(440)) - b5b4f89f-93bb-4b69-9074-7f3b90eee2a4@group-2AAED090774B-SegmentedRaftLogWorker: Starting segment from index:0
2025-07-05 15:48:28,842 [b5b4f89f-93bb-4b69-9074-7f3b90eee2a4@group-2AAED090774B-LeaderElection9] INFO  server.RaftServer$Division (ServerState.java:setRaftConf(386)) - b5b4f89f-93bb-4b69-9074-7f3b90eee2a4@group-2AAED090774B: set configuration conf: {index: 0, cur=peers:[a2ddbc4c-912b-4a1a-89ce-9bbeea094c2b|127.0.0.1:15023, b5b4f89f-93bb-4b69-9074-7f3b90eee2a4|127.0.0.1:15031, 05378834-8d64-4004-85b0-7f2e6f6e22dc|127.0.0.1:15015]|listeners:[], old=null}
2025-07-05 15:48:28,843 [b5b4f89f-93bb-4b69-9074-7f3b90eee2a4@group-2AAED090774B-SegmentedRaftLogWorker] INFO  segmented.BufferedWriteChannel (BufferedWriteChannel.java:open(61)) - open log_inprogress_0 at position 0
2025-07-05 15:48:28,843 [092257cb-ba5a-4f8a-9b9c-d44861eaa450-groupManagement] INFO  storage.RaftStorageDirectory (RaftStorageDirectoryImpl.java:tryLock(229)) - Lock on /home/runner/work/ozone/ozone/hadoop-ozone/integration-test/target/test-dir/MiniOzoneClusterImpl-0a3c97a5-d59a-4532-afef-c4940c4c02aa/ozone-meta/datanode-7/ratis/c56b8436-9c97-45e8-84ec-8b4c5ba85af3/in_use.lock acquired by nodename 44235@localhost
2025-07-05 15:48:28,845 [092257cb-ba5a-4f8a-9b9c-d44861eaa450-groupManagement] INFO  storage.RaftStorage (RaftStorageImpl.java:format(98)) - Storage directory /home/runner/work/ozone/ozone/hadoop-ozone/integration-test/target/test-dir/MiniOzoneClusterImpl-0a3c97a5-d59a-4532-afef-c4940c4c02aa/ozone-meta/datanode-7/ratis/c56b8436-9c97-45e8-84ec-8b4c5ba85af3 has been successfully formatted.
2025-07-05 15:48:28,845 [092257cb-ba5a-4f8a-9b9c-d44861eaa450-groupManagement] INFO  ratis.ContainerStateMachine (ContainerStateMachine.java:initialize(339)) - 092257cb-ba5a-4f8a-9b9c-d44861eaa450: initialize group-8B4C5BA85AF3
2025-07-05 15:48:28,845 [092257cb-ba5a-4f8a-9b9c-d44861eaa450-groupManagement] INFO  ratis.ContainerStateMachine (ContainerStateMachine.java:loadSnapshot(347)) - group-8B4C5BA85AF3: The snapshot info is null. Setting the last applied index to:<INITIAL_VALUE>
2025-07-05 15:48:28,846 [092257cb-ba5a-4f8a-9b9c-d44861eaa450-groupManagement] INFO  server.RaftServerConfigKeys (ConfUtils.java:logGet(62)) - raft.server.log.appender.buffer.byte-limit = 33554432 (custom)
2025-07-05 15:48:28,849 [092257cb-ba5a-4f8a-9b9c-d44861eaa450-groupManagement] INFO  server.RaftServerConfigKeys (ConfUtils.java:logGet(62)) - raft.server.log.segment.size.max = 67108864 (custom)
2025-07-05 15:48:28,850 [092257cb-ba5a-4f8a-9b9c-d44861eaa450-groupManagement] INFO  server.RaftServerConfigKeys (ConfUtils.java:logGet(62)) - raft.server.log.appender.buffer.byte-limit = 33554432 (custom)
2025-07-05 15:48:28,852 [main] INFO  ozone.MiniOzoneClusterImpl (MiniOzoneClusterImpl.java:lambda$waitForClusterToBeReady$0(173)) - Nodes are ready. Got 10 of 10 DN Heartbeats.
2025-07-05 15:48:28,852 [main] INFO  ozone.MiniOzoneClusterImpl (MiniOzoneClusterImpl.java:lambda$waitForClusterToBeReady$0(176)) - Cluster exits safe mode
2025-07-05 15:48:28,853 [main] INFO  ozone.MiniOzoneClusterImpl (MiniOzoneClusterImpl.java:lambda$waitForClusterToBeReady$0(178)) - SCM became leader
2025-07-05 15:48:28,853 [EventQueue-PipelineReportForPipelineReportHandler] INFO  pipeline.PipelineReportHandler (PipelineReportHandler.java:processPipelineReport(134)) - Opened pipeline Pipeline-5c51267b-4932-49ac-9eae-2aaed090774b
2025-07-05 15:48:28,854 [092257cb-ba5a-4f8a-9b9c-d44861eaa450-groupManagement] INFO  util.AwaitToRun (AwaitToRun.java:start(81)) - Thread[#1336,092257cb-ba5a-4f8a-9b9c-d44861eaa450@group-8B4C5BA85AF3-cacheEviction-AwaitToRun,5,main] started
2025-07-05 15:48:28,854 [092257cb-ba5a-4f8a-9b9c-d44861eaa450-groupManagement] INFO  segmented.SegmentedRaftLogWorker (SegmentedRaftLogWorker.java:<init>(190)) - new 092257cb-ba5a-4f8a-9b9c-d44861eaa450@group-8B4C5BA85AF3-SegmentedRaftLogWorker for RaftStorageImpl:Storage Directory /home/runner/work/ozone/ozone/hadoop-ozone/integration-test/target/test-dir/MiniOzoneClusterImpl-0a3c97a5-d59a-4532-afef-c4940c4c02aa/ozone-meta/datanode-7/ratis/c56b8436-9c97-45e8-84ec-8b4c5ba85af3
2025-07-05 15:48:28,854 [092257cb-ba5a-4f8a-9b9c-d44861eaa450-groupManagement] INFO  server.RaftServerConfigKeys (ConfUtils.java:logGet(62)) - raft.server.log.queue.byte-limit = 4294967296 (custom)
2025-07-05 15:48:28,854 [092257cb-ba5a-4f8a-9b9c-d44861eaa450-groupManagement] INFO  server.RaftServerConfigKeys (ConfUtils.java:logGet(62)) - raft.server.log.segment.size.max = 67108864 (custom)
2025-07-05 15:48:28,854 [092257cb-ba5a-4f8a-9b9c-d44861eaa450-groupManagement] INFO  server.RaftServerConfigKeys (ConfUtils.java:logGet(62)) - raft.server.log.preallocated.size = 4194304 (custom)
2025-07-05 15:48:28,855 [092257cb-ba5a-4f8a-9b9c-d44861eaa450-groupManagement] INFO  server.RaftServerConfigKeys (ConfUtils.java:logGet(62)) - raft.server.log.write.buffer.size = 33554440 (custom)
2025-07-05 15:48:28,859 [grpc-default-executor-2] INFO  ratis.XceiverServerRatis (XceiverServerRatis.java:handleLeaderChangedNotification(944)) - Leader change notification received for group: group-2AAED090774B with new leaderId: b5b4f89f-93bb-4b69-9074-7f3b90eee2a4
2025-07-05 15:48:28,859 [grpc-default-executor-2] INFO  server.RaftServer$Division (ServerState.java:setLeader(272)) - a2ddbc4c-912b-4a1a-89ce-9bbeea094c2b@group-2AAED090774B: change Leader from null to b5b4f89f-93bb-4b69-9074-7f3b90eee2a4 at term 1 for appendEntries, leader elected after 1176ms
2025-07-05 15:48:28,859 [grpc-default-executor-2] INFO  server.RaftServer$Division (ServerState.java:setRaftConf(386)) - a2ddbc4c-912b-4a1a-89ce-9bbeea094c2b@group-2AAED090774B: set configuration conf: {index: 0, cur=peers:[a2ddbc4c-912b-4a1a-89ce-9bbeea094c2b|127.0.0.1:15023, b5b4f89f-93bb-4b69-9074-7f3b90eee2a4|127.0.0.1:15031, 05378834-8d64-4004-85b0-7f2e6f6e22dc|127.0.0.1:15015]|listeners:[], old=null}
2025-07-05 15:48:28,859 [grpc-default-executor-2] INFO  segmented.SegmentedRaftLogWorker (SegmentedRaftLogWorker.java:startLogSegment(440)) - a2ddbc4c-912b-4a1a-89ce-9bbeea094c2b@group-2AAED090774B-SegmentedRaftLogWorker: Starting segment from index:0
2025-07-05 15:48:28,859 [b5b4f89f-93bb-4b69-9074-7f3b90eee2a4@group-2AAED090774B-SegmentedRaftLogWorker] INFO  segmented.SegmentedRaftLogWorker (SegmentedRaftLogWorker.java:execute(647)) - b5b4f89f-93bb-4b69-9074-7f3b90eee2a4@group-2AAED090774B-SegmentedRaftLogWorker: created new log segment /home/runner/work/ozone/ozone/hadoop-ozone/integration-test/target/test-dir/MiniOzoneClusterImpl-0a3c97a5-d59a-4532-afef-c4940c4c02aa/ozone-meta/datanode-3/ratis/5c51267b-4932-49ac-9eae-2aaed090774b/current/log_inprogress_0
2025-07-05 15:48:28,860 [EventQueue-PipelineReportForPipelineReportHandler] INFO  pipeline.PipelineReportHandler (PipelineReportHandler.java:processPipelineReport(134)) - Opened pipeline Pipeline-c56b8436-9c97-45e8-84ec-8b4c5ba85af3
2025-07-05 15:48:28,860 [a2ddbc4c-912b-4a1a-89ce-9bbeea094c2b@group-2AAED090774B-SegmentedRaftLogWorker] INFO  segmented.BufferedWriteChannel (BufferedWriteChannel.java:open(61)) - open log_inprogress_0 at position 0
2025-07-05 15:48:28,861 [grpc-default-executor-4] INFO  ratis.XceiverServerRatis (XceiverServerRatis.java:handleLeaderChangedNotification(944)) - Leader change notification received for group: group-2AAED090774B with new leaderId: b5b4f89f-93bb-4b69-9074-7f3b90eee2a4
2025-07-05 15:48:28,861 [grpc-default-executor-4] INFO  server.RaftServer$Division (ServerState.java:setLeader(272)) - 05378834-8d64-4004-85b0-7f2e6f6e22dc@group-2AAED090774B: change Leader from null to b5b4f89f-93bb-4b69-9074-7f3b90eee2a4 at term 1 for appendEntries, leader elected after 1192ms
2025-07-05 15:48:28,861 [grpc-default-executor-4] INFO  server.RaftServer$Division (ServerState.java:setRaftConf(386)) - 05378834-8d64-4004-85b0-7f2e6f6e22dc@group-2AAED090774B: set configuration conf: {index: 0, cur=peers:[a2ddbc4c-912b-4a1a-89ce-9bbeea094c2b|127.0.0.1:15023, b5b4f89f-93bb-4b69-9074-7f3b90eee2a4|127.0.0.1:15031, 05378834-8d64-4004-85b0-7f2e6f6e22dc|127.0.0.1:15015]|listeners:[], old=null}
2025-07-05 15:48:28,861 [grpc-default-executor-4] INFO  segmented.SegmentedRaftLogWorker (SegmentedRaftLogWorker.java:startLogSegment(440)) - 05378834-8d64-4004-85b0-7f2e6f6e22dc@group-2AAED090774B-SegmentedRaftLogWorker: Starting segment from index:0
2025-07-05 15:48:28,863 [05378834-8d64-4004-85b0-7f2e6f6e22dc@group-2AAED090774B-SegmentedRaftLogWorker] INFO  segmented.BufferedWriteChannel (BufferedWriteChannel.java:open(61)) - open log_inprogress_0 at position 0
2025-07-05 15:48:28,866 [a2863246-e653-4b31-a3d0-09f3a93c429f-PipelineCommandHandlerThread-0] INFO  server.RaftServer (RaftServerProxy.java:addNew(105)) - a2863246-e653-4b31-a3d0-09f3a93c429f: addNew group-41681A35DCAE:[a2863246-e653-4b31-a3d0-09f3a93c429f|127.0.0.1:15071] returns group-41681A35DCAE:java.util.concurrent.CompletableFuture@4f187686[Not completed]
2025-07-05 15:48:28,871 [092257cb-ba5a-4f8a-9b9c-d44861eaa450-groupManagement] INFO  server.RaftServerConfigKeys (ConfUtils.java:logGet(62)) - raft.server.log.appender.buffer.byte-limit = 33554432 (custom)
2025-07-05 15:48:28,872 [092257cb-ba5a-4f8a-9b9c-d44861eaa450-groupManagement] INFO  segmented.SegmentedRaftLogWorker (SegmentedRaftLogWorker.java:lambda$new$0(141)) - 092257cb-ba5a-4f8a-9b9c-d44861eaa450@group-8B4C5BA85AF3-SegmentedRaftLogWorker: flushIndex: setUnconditionally 0 -> -1
2025-07-05 15:48:28,872 [092257cb-ba5a-4f8a-9b9c-d44861eaa450-groupManagement] INFO  segmented.SegmentedRaftLogWorker (SegmentedRaftLogWorker.java:lambda$new$0(141)) - 092257cb-ba5a-4f8a-9b9c-d44861eaa450@group-8B4C5BA85AF3-SegmentedRaftLogWorker: safeCacheEvictIndex: setUnconditionally 0 -> -1
2025-07-05 15:48:28,872 [092257cb-ba5a-4f8a-9b9c-d44861eaa450-groupManagement] INFO  server.RaftServer$Division (RaftServerImpl.java:start(405)) - 092257cb-ba5a-4f8a-9b9c-d44861eaa450@group-8B4C5BA85AF3: start as a follower, conf=conf: {index: -1, cur=peers:[092257cb-ba5a-4f8a-9b9c-d44861eaa450|127.0.0.1:15063]|listeners:[], old=null}
2025-07-05 15:48:28,872 [092257cb-ba5a-4f8a-9b9c-d44861eaa450-groupManagement] INFO  server.RaftServer$Division (RaftServerImpl.java:setRole(392)) - 092257cb-ba5a-4f8a-9b9c-d44861eaa450@group-8B4C5BA85AF3: changes role from      null to FOLLOWER at term 0 for startAsFollower
2025-07-05 15:48:28,872 [092257cb-ba5a-4f8a-9b9c-d44861eaa450-groupManagement] INFO  impl.RoleInfo (RoleInfo.java:updateAndGet(148)) - 092257cb-ba5a-4f8a-9b9c-d44861eaa450: start 092257cb-ba5a-4f8a-9b9c-d44861eaa450@group-8B4C5BA85AF3-FollowerState
2025-07-05 15:48:28,872 [b5b4f89f-93bb-4b69-9074-7f3b90eee2a4@group-71C65C083DD1-FollowerState] INFO  impl.FollowerState (FollowerState.java:runImpl(161)) - b5b4f89f-93bb-4b69-9074-7f3b90eee2a4@group-71C65C083DD1-FollowerState: change to CANDIDATE, lastRpcElapsedTime:1129218177ns, electionTimeout:1126ms
2025-07-05 15:48:28,872 [b5b4f89f-93bb-4b69-9074-7f3b90eee2a4@group-71C65C083DD1-FollowerState] INFO  impl.RoleInfo (RoleInfo.java:shutdownFollowerState(121)) - b5b4f89f-93bb-4b69-9074-7f3b90eee2a4: shutdown b5b4f89f-93bb-4b69-9074-7f3b90eee2a4@group-71C65C083DD1-FollowerState
2025-07-05 15:48:28,873 [092257cb-ba5a-4f8a-9b9c-d44861eaa450-groupManagement] INFO  util.JmxRegister (JmxRegister.java:tryRegister(44)) - Successfully registered JMX Bean with object name Ratis:service=RaftServer,group=group-8B4C5BA85AF3,id=092257cb-ba5a-4f8a-9b9c-d44861eaa450
2025-07-05 15:48:28,873 [092257cb-ba5a-4f8a-9b9c-d44861eaa450-groupManagement] INFO  util.JmxRegister (JmxRegister.java:register(58)) - register mxBean class org.apache.ratis.server.impl.RaftServerJmxAdapter as Ratis:service=RaftServer,group=group-8B4C5BA85AF3,id=092257cb-ba5a-4f8a-9b9c-d44861eaa450
2025-07-05 15:48:28,874 [a2ddbc4c-912b-4a1a-89ce-9bbeea094c2b@group-2AAED090774B-SegmentedRaftLogWorker] INFO  segmented.SegmentedRaftLogWorker (SegmentedRaftLogWorker.java:execute(647)) - a2ddbc4c-912b-4a1a-89ce-9bbeea094c2b@group-2AAED090774B-SegmentedRaftLogWorker: created new log segment /home/runner/work/ozone/ozone/hadoop-ozone/integration-test/target/test-dir/MiniOzoneClusterImpl-0a3c97a5-d59a-4532-afef-c4940c4c02aa/ozone-meta/datanode-2/ratis/5c51267b-4932-49ac-9eae-2aaed090774b/current/log_inprogress_0
2025-07-05 15:48:28,874 [092257cb-ba5a-4f8a-9b9c-d44861eaa450-groupManagement] INFO  server.RaftServer$Division (RaftServerImpl.java:start(419)) - 092257cb-ba5a-4f8a-9b9c-d44861eaa450@group-8B4C5BA85AF3: Successfully started.
2025-07-05 15:48:28,874 [092257cb-ba5a-4f8a-9b9c-d44861eaa450-PipelineCommandHandlerThread-0] INFO  ratis.XceiverServerRatis (XceiverServerRatis.java:addGroup(843)) - Created group Pipeline-c56b8436-9c97-45e8-84ec-8b4c5ba85af3
2025-07-05 15:48:28,874 [092257cb-ba5a-4f8a-9b9c-d44861eaa450-PipelineCommandHandlerThread-0] INFO  commandhandler.CreatePipelineCommandHandler (CreatePipelineCommandHandler.java:lambda$handle$2(127)) - Created Pipeline RATIS ONE Pipeline-c56b8436-9c97-45e8-84ec-8b4c5ba85af3.
2025-07-05 15:48:28,875 [092257cb-ba5a-4f8a-9b9c-d44861eaa450-PipelineCommandHandlerThread-0] INFO  server.RaftServer (RaftServerProxy.java:addNew(105)) - 092257cb-ba5a-4f8a-9b9c-d44861eaa450: addNew group-DDDF55466C04:[092257cb-ba5a-4f8a-9b9c-d44861eaa450|127.0.0.1:15063, d8f38f7e-70e8-450f-85ae-2cee56d3f445|127.0.0.1:15079, a2863246-e653-4b31-a3d0-09f3a93c429f|127.0.0.1:15071] returns group-DDDF55466C04:java.util.concurrent.CompletableFuture@4048b776[Not completed]
2025-07-05 15:48:28,875 [b5b4f89f-93bb-4b69-9074-7f3b90eee2a4@group-71C65C083DD1-FollowerState] INFO  server.RaftServer$Division (RaftServerImpl.java:setRole(392)) - b5b4f89f-93bb-4b69-9074-7f3b90eee2a4@group-71C65C083DD1: changes role from  FOLLOWER to CANDIDATE at term 0 for changeToCandidate
2025-07-05 15:48:28,876 [b5b4f89f-93bb-4b69-9074-7f3b90eee2a4@group-71C65C083DD1-FollowerState] INFO  impl.RoleInfo (RoleInfo.java:updateAndGet(148)) - b5b4f89f-93bb-4b69-9074-7f3b90eee2a4: start b5b4f89f-93bb-4b69-9074-7f3b90eee2a4@group-71C65C083DD1-LeaderElection10
2025-07-05 15:48:28,877 [b5b4f89f-93bb-4b69-9074-7f3b90eee2a4@group-71C65C083DD1-LeaderElection10] INFO  impl.LeaderElection (LeaderElection.java:askForVotes(448)) - b5b4f89f-93bb-4b69-9074-7f3b90eee2a4@group-71C65C083DD1-LeaderElection10 PRE_VOTE round 0: submit vote requests at term 0 for conf: {index: -1, cur=peers:[b5b4f89f-93bb-4b69-9074-7f3b90eee2a4|127.0.0.1:15031]|listeners:[], old=null}
2025-07-05 15:48:28,878 [b5b4f89f-93bb-4b69-9074-7f3b90eee2a4@group-71C65C083DD1-LeaderElection10] INFO  impl.LeaderElection (LeaderElection.java:askForVotes(450)) - b5b4f89f-93bb-4b69-9074-7f3b90eee2a4@group-71C65C083DD1-LeaderElection10 PRE_VOTE round 0: result PASSED (term=0)
2025-07-05 15:48:28,878 [092257cb-ba5a-4f8a-9b9c-d44861eaa450-groupManagement] WARN  statemachine.DatanodeConfiguration (DatanodeConfiguration.java:validateMinFreeSpace(751)) - hdds.datanode.volume.min.free.space.percent = -1.0 is invalid, should be between 0 and 1
2025-07-05 15:48:28,880 [092257cb-ba5a-4f8a-9b9c-d44861eaa450-groupManagement] INFO  server.RaftServer$Division (RaftServerImpl.java:<init>(268)) - 092257cb-ba5a-4f8a-9b9c-d44861eaa450: new RaftServerImpl for group-DDDF55466C04:[092257cb-ba5a-4f8a-9b9c-d44861eaa450|127.0.0.1:15063, d8f38f7e-70e8-450f-85ae-2cee56d3f445|127.0.0.1:15079, a2863246-e653-4b31-a3d0-09f3a93c429f|127.0.0.1:15071] with ContainerStateMachine:uninitialized
2025-07-05 15:48:28,880 [092257cb-ba5a-4f8a-9b9c-d44861eaa450-groupManagement] INFO  server.RaftServer$Division (ServerState.java:<init>(114)) - 092257cb-ba5a-4f8a-9b9c-d44861eaa450@group-DDDF55466C04: ConfigurationManager, init=conf: {index: -1, cur=peers:[092257cb-ba5a-4f8a-9b9c-d44861eaa450|127.0.0.1:15063, d8f38f7e-70e8-450f-85ae-2cee56d3f445|127.0.0.1:15079, a2863246-e653-4b31-a3d0-09f3a93c429f|127.0.0.1:15071]|listeners:[], old=null}, confs=<EMPTY_MAP>
2025-07-05 15:48:28,880 [a2863246-e653-4b31-a3d0-09f3a93c429f-groupManagement] WARN  statemachine.DatanodeConfiguration (DatanodeConfiguration.java:validateMinFreeSpace(751)) - hdds.datanode.volume.min.free.space.percent = -1.0 is invalid, should be between 0 and 1
2025-07-05 15:48:28,884 [a2863246-e653-4b31-a3d0-09f3a93c429f-groupManagement] INFO  server.RaftServer$Division (RaftServerImpl.java:<init>(268)) - a2863246-e653-4b31-a3d0-09f3a93c429f: new RaftServerImpl for group-41681A35DCAE:[a2863246-e653-4b31-a3d0-09f3a93c429f|127.0.0.1:15071] with ContainerStateMachine:uninitialized
2025-07-05 15:48:28,884 [a2863246-e653-4b31-a3d0-09f3a93c429f-groupManagement] INFO  server.RaftServer$Division (ServerState.java:<init>(114)) - a2863246-e653-4b31-a3d0-09f3a93c429f@group-41681A35DCAE: ConfigurationManager, init=conf: {index: -1, cur=peers:[a2863246-e653-4b31-a3d0-09f3a93c429f|127.0.0.1:15071]|listeners:[], old=null}, confs=<EMPTY_MAP>
2025-07-05 15:48:28,886 [2e56514c-0608-4198-9fed-b4eba4d3d686@group-C1D084BE788E-FollowerState] INFO  impl.FollowerState (FollowerState.java:runImpl(161)) - 2e56514c-0608-4198-9fed-b4eba4d3d686@group-C1D084BE788E-FollowerState: change to CANDIDATE, lastRpcElapsedTime:1013552965ns, electionTimeout:1013ms
2025-07-05 15:48:28,886 [2e56514c-0608-4198-9fed-b4eba4d3d686@group-C1D084BE788E-FollowerState] INFO  impl.RoleInfo (RoleInfo.java:shutdownFollowerState(121)) - 2e56514c-0608-4198-9fed-b4eba4d3d686: shutdown 2e56514c-0608-4198-9fed-b4eba4d3d686@group-C1D084BE788E-FollowerState
2025-07-05 15:48:28,886 [2e56514c-0608-4198-9fed-b4eba4d3d686@group-C1D084BE788E-FollowerState] INFO  server.RaftServer$Division (RaftServerImpl.java:setRole(392)) - 2e56514c-0608-4198-9fed-b4eba4d3d686@group-C1D084BE788E: changes role from  FOLLOWER to CANDIDATE at term 0 for changeToCandidate
2025-07-05 15:48:28,886 [2e56514c-0608-4198-9fed-b4eba4d3d686@group-C1D084BE788E-FollowerState] INFO  impl.RoleInfo (RoleInfo.java:updateAndGet(148)) - 2e56514c-0608-4198-9fed-b4eba4d3d686: start 2e56514c-0608-4198-9fed-b4eba4d3d686@group-C1D084BE788E-LeaderElection11
2025-07-05 15:48:28,887 [b5b4f89f-93bb-4b69-9074-7f3b90eee2a4@group-2AAED090774B-StateMachineUpdater] INFO  server.RaftServer$Division (LeaderStateImpl.java:checkStartIndex(309)) - Leader b5b4f89f-93bb-4b69-9074-7f3b90eee2a4@group-2AAED090774B-LeaderStateImpl is ready since appliedIndex == startIndex == 0
2025-07-05 15:48:28,887 [b5b4f89f-93bb-4b69-9074-7f3b90eee2a4@group-71C65C083DD1-LeaderElection10] INFO  impl.LeaderElection (LeaderElection.java:askForVotes(448)) - b5b4f89f-93bb-4b69-9074-7f3b90eee2a4@group-71C65C083DD1-LeaderElection10 ELECTION round 0: submit vote requests at term 1 for conf: {index: -1, cur=peers:[b5b4f89f-93bb-4b69-9074-7f3b90eee2a4|127.0.0.1:15031]|listeners:[], old=null}
2025-07-05 15:48:28,887 [b5b4f89f-93bb-4b69-9074-7f3b90eee2a4@group-71C65C083DD1-LeaderElection10] INFO  impl.LeaderElection (LeaderElection.java:askForVotes(450)) - b5b4f89f-93bb-4b69-9074-7f3b90eee2a4@group-71C65C083DD1-LeaderElection10 ELECTION round 0: result PASSED (term=1)
2025-07-05 15:48:28,887 [b5b4f89f-93bb-4b69-9074-7f3b90eee2a4@group-71C65C083DD1-LeaderElection10] INFO  impl.RoleInfo (RoleInfo.java:shutdownLeaderElection(141)) - b5b4f89f-93bb-4b69-9074-7f3b90eee2a4: shutdown b5b4f89f-93bb-4b69-9074-7f3b90eee2a4@group-71C65C083DD1-LeaderElection10
2025-07-05 15:48:28,887 [b5b4f89f-93bb-4b69-9074-7f3b90eee2a4@group-71C65C083DD1-LeaderElection10] INFO  server.RaftServer$Division (RaftServerImpl.java:setRole(392)) - b5b4f89f-93bb-4b69-9074-7f3b90eee2a4@group-71C65C083DD1: changes role from CANDIDATE to LEADER at term 1 for changeToLeader
2025-07-05 15:48:28,887 [b5b4f89f-93bb-4b69-9074-7f3b90eee2a4@group-71C65C083DD1-LeaderElection10] INFO  server.RaftServerConfigKeys (ConfUtils.java:logFallback(69)) - raft.server.staging.timeout = 15600ms (fallback to raft.server.rpc.timeout.max)
2025-07-05 15:48:28,888 [2e56514c-0608-4198-9fed-b4eba4d3d686@group-C1D084BE788E-LeaderElection11] INFO  impl.LeaderElection (LeaderElection.java:askForVotes(448)) - 2e56514c-0608-4198-9fed-b4eba4d3d686@group-C1D084BE788E-LeaderElection11 PRE_VOTE round 0: submit vote requests at term 0 for conf: {index: -1, cur=peers:[694b616d-7f52-4b82-b07e-10398eb153c5|127.0.0.1:15047, 2e56514c-0608-4198-9fed-b4eba4d3d686|127.0.0.1:15039, d3a92f5c-9e4a-48c5-9a32-2f34a6e85eb8|127.0.0.1:15055]|listeners:[], old=null}
2025-07-05 15:48:28,888 [b5b4f89f-93bb-4b69-9074-7f3b90eee2a4@group-71C65C083DD1-LeaderElection10] INFO  server.RaftServerConfigKeys (ConfUtils.java:logGet(62)) - raft.server.write.byte-limit = 1024 M (=1073741824) (custom)
2025-07-05 15:48:28,887 [b5b4f89f-93bb-4b69-9074-7f3b90eee2a4@group-2AAED090774B-StateMachineUpdater] INFO  ratis.ContainerStateMachine (ContainerStateMachine.java:takeSnapshot(427)) - group-2AAED090774B: Taking a snapshot at:(t:1, i:0) file /home/runner/work/ozone/ozone/hadoop-ozone/integration-test/target/test-dir/MiniOzoneClusterImpl-0a3c97a5-d59a-4532-afef-c4940c4c02aa/ozone-meta/datanode-3/ratis/5c51267b-4932-49ac-9eae-2aaed090774b/sm/snapshot.1_0
2025-07-05 15:48:28,888 [2e56514c-0608-4198-9fed-b4eba4d3d686@group-C1D084BE788E-LeaderElection11-1] INFO  server.GrpcServerProtocolClient (GrpcServerProtocolClient.java:<init>(65)) - Build channel for 694b616d-7f52-4b82-b07e-10398eb153c5|127.0.0.1:15047
2025-07-05 15:48:28,888 [05378834-8d64-4004-85b0-7f2e6f6e22dc@group-2AAED090774B-SegmentedRaftLogWorker] INFO  segmented.SegmentedRaftLogWorker (SegmentedRaftLogWorker.java:execute(647)) - 05378834-8d64-4004-85b0-7f2e6f6e22dc@group-2AAED090774B-SegmentedRaftLogWorker: created new log segment /home/runner/work/ozone/ozone/hadoop-ozone/integration-test/target/test-dir/MiniOzoneClusterImpl-0a3c97a5-d59a-4532-afef-c4940c4c02aa/ozone-meta/datanode-1/ratis/5c51267b-4932-49ac-9eae-2aaed090774b/current/log_inprogress_0
2025-07-05 15:48:28,889 [b5b4f89f-93bb-4b69-9074-7f3b90eee2a4@group-2AAED090774B-StateMachineUpdater] INFO  ratis.ContainerStateMachine (ContainerStateMachine.java:takeSnapshot(436)) - group-2AAED090774B: Finished taking a snapshot at:(t:1, i:0) file:/home/runner/work/ozone/ozone/hadoop-ozone/integration-test/target/test-dir/MiniOzoneClusterImpl-0a3c97a5-d59a-4532-afef-c4940c4c02aa/ozone-meta/datanode-3/ratis/5c51267b-4932-49ac-9eae-2aaed090774b/sm/snapshot.1_0 took: 2 ms
2025-07-05 15:48:28,889 [2e56514c-0608-4198-9fed-b4eba4d3d686@group-C1D084BE788E-LeaderElection11-2] INFO  server.GrpcServerProtocolClient (GrpcServerProtocolClient.java:<init>(65)) - Build channel for d3a92f5c-9e4a-48c5-9a32-2f34a6e85eb8|127.0.0.1:15055
2025-07-05 15:48:28,889 [b5b4f89f-93bb-4b69-9074-7f3b90eee2a4@group-2AAED090774B-StateMachineUpdater] INFO  impl.StateMachineUpdater (StateMachineUpdater.java:takeSnapshot(307)) - b5b4f89f-93bb-4b69-9074-7f3b90eee2a4@group-2AAED090774B-StateMachineUpdater: Took a snapshot at index 0
2025-07-05 15:48:28,889 [b5b4f89f-93bb-4b69-9074-7f3b90eee2a4@group-2AAED090774B-StateMachineUpdater] INFO  impl.StateMachineUpdater (StateMachineUpdater.java:lambda$new$0(101)) - b5b4f89f-93bb-4b69-9074-7f3b90eee2a4@group-2AAED090774B-StateMachineUpdater: snapshotIndex: updateIncreasingly -1 -> 0
2025-07-05 15:48:28,898 [b5b4f89f-93bb-4b69-9074-7f3b90eee2a4@group-71C65C083DD1-LeaderElection10] INFO  impl.RoleInfo (RoleInfo.java:updateAndGet(148)) - b5b4f89f-93bb-4b69-9074-7f3b90eee2a4: start b5b4f89f-93bb-4b69-9074-7f3b90eee2a4@group-71C65C083DD1-LeaderStateImpl
2025-07-05 15:48:28,899 [b5b4f89f-93bb-4b69-9074-7f3b90eee2a4@group-71C65C083DD1-LeaderElection10] INFO  server.RaftServer$Division (RaftServerImpl.java:setFirstElection(576)) - b5b4f89f-93bb-4b69-9074-7f3b90eee2a4@group-71C65C083DD1: set firstElectionSinceStartup to false for becomeLeader
2025-07-05 15:48:28,899 [b5b4f89f-93bb-4b69-9074-7f3b90eee2a4@group-71C65C083DD1-LeaderElection10] INFO  ratis.XceiverServerRatis (XceiverServerRatis.java:handleLeaderChangedNotification(944)) - Leader change notification received for group: group-71C65C083DD1 with new leaderId: b5b4f89f-93bb-4b69-9074-7f3b90eee2a4
2025-07-05 15:48:28,899 [b5b4f89f-93bb-4b69-9074-7f3b90eee2a4@group-71C65C083DD1-LeaderElection10] INFO  server.RaftServer$Division (ServerState.java:setLeader(272)) - b5b4f89f-93bb-4b69-9074-7f3b90eee2a4@group-71C65C083DD1: change Leader from null to b5b4f89f-93bb-4b69-9074-7f3b90eee2a4 at term 1 for becomeLeader, leader elected after 1198ms
2025-07-05 15:48:28,899 [b5b4f89f-93bb-4b69-9074-7f3b90eee2a4@group-71C65C083DD1-LeaderElection10] INFO  segmented.SegmentedRaftLogWorker (SegmentedRaftLogWorker.java:startLogSegment(440)) - b5b4f89f-93bb-4b69-9074-7f3b90eee2a4@group-71C65C083DD1-SegmentedRaftLogWorker: Starting segment from index:0
2025-07-05 15:48:28,899 [b5b4f89f-93bb-4b69-9074-7f3b90eee2a4@group-71C65C083DD1-LeaderElection10] INFO  server.RaftServer$Division (ServerState.java:setRaftConf(386)) - b5b4f89f-93bb-4b69-9074-7f3b90eee2a4@group-71C65C083DD1: set configuration conf: {index: 0, cur=peers:[b5b4f89f-93bb-4b69-9074-7f3b90eee2a4|127.0.0.1:15031]|listeners:[], old=null}
2025-07-05 15:48:28,901 [grpc-default-executor-4] INFO  server.RaftServer$Division (RaftServerImpl.java:requestVote(1421)) - d3a92f5c-9e4a-48c5-9a32-2f34a6e85eb8@group-C1D084BE788E: receive requestVote(PRE_VOTE, 2e56514c-0608-4198-9fed-b4eba4d3d686, group-C1D084BE788E, 0, <PROTO_DEFAULT>)
2025-07-05 15:48:28,901 [grpc-default-executor-4] INFO  impl.VoteContext (VoteContext.java:log(49)) - d3a92f5c-9e4a-48c5-9a32-2f34a6e85eb8@group-C1D084BE788E-FOLLOWER: accept PRE_VOTE from 2e56514c-0608-4198-9fed-b4eba4d3d686: our priority 0 <= candidate's priority 0
2025-07-05 15:48:28,902 [grpc-default-executor-4] INFO  server.RaftServer$Division (RaftServerImpl.java:requestVote(1455)) - d3a92f5c-9e4a-48c5-9a32-2f34a6e85eb8@group-C1D084BE788E replies to PRE_VOTE vote request: 2e56514c-0608-4198-9fed-b4eba4d3d686<-d3a92f5c-9e4a-48c5-9a32-2f34a6e85eb8#0:OK-t0-last:<INITIAL_VALUE>. Peer's state: d3a92f5c-9e4a-48c5-9a32-2f34a6e85eb8@group-C1D084BE788E:t0, leader=null, voted=, raftlog=Memoized:d3a92f5c-9e4a-48c5-9a32-2f34a6e85eb8@group-C1D084BE788E-SegmentedRaftLog:OPENED:c-1:lastnull, conf=conf: {index: -1, cur=peers:[694b616d-7f52-4b82-b07e-10398eb153c5|127.0.0.1:15047, 2e56514c-0608-4198-9fed-b4eba4d3d686|127.0.0.1:15039, d3a92f5c-9e4a-48c5-9a32-2f34a6e85eb8|127.0.0.1:15055]|listeners:[], old=null}
2025-07-05 15:48:28,904 [b5b4f89f-93bb-4b69-9074-7f3b90eee2a4@group-71C65C083DD1-SegmentedRaftLogWorker] INFO  segmented.BufferedWriteChannel (BufferedWriteChannel.java:open(61)) - open log_inprogress_0 at position 0
2025-07-05 15:48:28,909 [grpc-default-executor-4] INFO  server.RaftServer$Division (RaftServerImpl.java:requestVote(1421)) - 694b616d-7f52-4b82-b07e-10398eb153c5@group-C1D084BE788E: receive requestVote(PRE_VOTE, 2e56514c-0608-4198-9fed-b4eba4d3d686, group-C1D084BE788E, 0, <PROTO_DEFAULT>)
2025-07-05 15:48:28,909 [grpc-default-executor-4] INFO  impl.VoteContext (VoteContext.java:log(49)) - 694b616d-7f52-4b82-b07e-10398eb153c5@group-C1D084BE788E-FOLLOWER: reject PRE_VOTE from 2e56514c-0608-4198-9fed-b4eba4d3d686: our priority 1 > candidate's priority 0
2025-07-05 15:48:28,909 [grpc-default-executor-4] INFO  server.RaftServer$Division (RaftServerImpl.java:requestVote(1455)) - 694b616d-7f52-4b82-b07e-10398eb153c5@group-C1D084BE788E replies to PRE_VOTE vote request: 2e56514c-0608-4198-9fed-b4eba4d3d686<-694b616d-7f52-4b82-b07e-10398eb153c5#0:FAIL-t0-last:<INITIAL_VALUE>. Peer's state: 694b616d-7f52-4b82-b07e-10398eb153c5@group-C1D084BE788E:t0, leader=null, voted=, raftlog=Memoized:694b616d-7f52-4b82-b07e-10398eb153c5@group-C1D084BE788E-SegmentedRaftLog:OPENED:c-1:lastnull, conf=conf: {index: -1, cur=peers:[694b616d-7f52-4b82-b07e-10398eb153c5|127.0.0.1:15047, 2e56514c-0608-4198-9fed-b4eba4d3d686|127.0.0.1:15039, d3a92f5c-9e4a-48c5-9a32-2f34a6e85eb8|127.0.0.1:15055]|listeners:[], old=null}
2025-07-05 15:48:28,909 [092257cb-ba5a-4f8a-9b9c-d44861eaa450-groupManagement] INFO  storage.RaftStorageDirectory (RaftStorageDirectoryImpl.java:analyzeStorage(138)) - The storage directory /home/runner/work/ozone/ozone/hadoop-ozone/integration-test/target/test-dir/MiniOzoneClusterImpl-0a3c97a5-d59a-4532-afef-c4940c4c02aa/ozone-meta/datanode-7/ratis/42e6736a-9a9f-49f5-be26-dddf55466c04 does not exist. Creating ...
2025-07-05 15:48:28,911 [092257cb-ba5a-4f8a-9b9c-d44861eaa450-groupManagement] INFO  storage.RaftStorageDirectory (RaftStorageDirectoryImpl.java:tryLock(229)) - Lock on /home/runner/work/ozone/ozone/hadoop-ozone/integration-test/target/test-dir/MiniOzoneClusterImpl-0a3c97a5-d59a-4532-afef-c4940c4c02aa/ozone-meta/datanode-7/ratis/42e6736a-9a9f-49f5-be26-dddf55466c04/in_use.lock acquired by nodename 44235@localhost
2025-07-05 15:48:28,913 [a2863246-e653-4b31-a3d0-09f3a93c429f-groupManagement] INFO  server.RaftServerConfigKeys (ConfUtils.java:logGet(62)) - raft.server.storage.dir = [/home/runner/work/ozone/ozone/hadoop-ozone/integration-test/target/test-dir/MiniOzoneClusterImpl-0a3c97a5-d59a-4532-afef-c4940c4c02aa/ozone-meta/datanode-8/ratis] (custom)
2025-07-05 15:48:28,914 [a2863246-e653-4b31-a3d0-09f3a93c429f-groupManagement] INFO  storage.RaftStorageDirectory (RaftStorageDirectoryImpl.java:analyzeStorage(138)) - The storage directory /home/runner/work/ozone/ozone/hadoop-ozone/integration-test/target/test-dir/MiniOzoneClusterImpl-0a3c97a5-d59a-4532-afef-c4940c4c02aa/ozone-meta/datanode-8/ratis/f15c17ad-0dc3-4bc6-aa80-41681a35dcae does not exist. Creating ...
2025-07-05 15:48:28,916 [2e56514c-0608-4198-9fed-b4eba4d3d686@group-C1D084BE788E-LeaderElection11] INFO  impl.LeaderElection (LeaderElection.java:logAndReturn(206)) - 2e56514c-0608-4198-9fed-b4eba4d3d686@group-C1D084BE788E-LeaderElection11: PRE_VOTE REJECTED received 2 response(s) and 0 exception(s):
2025-07-05 15:48:28,916 [2e56514c-0608-4198-9fed-b4eba4d3d686@group-C1D084BE788E-LeaderElection11] INFO  impl.LeaderElection (LeaderElection.java:logAndReturn(210)) -   Response 0: 2e56514c-0608-4198-9fed-b4eba4d3d686<-694b616d-7f52-4b82-b07e-10398eb153c5#0:FAIL-t0-last:<INITIAL_VALUE>
2025-07-05 15:48:28,916 [2e56514c-0608-4198-9fed-b4eba4d3d686@group-C1D084BE788E-LeaderElection11] INFO  impl.LeaderElection (LeaderElection.java:logAndReturn(210)) -   Response 1: 2e56514c-0608-4198-9fed-b4eba4d3d686<-d3a92f5c-9e4a-48c5-9a32-2f34a6e85eb8#0:OK-t0-last:<INITIAL_VALUE>
2025-07-05 15:48:28,916 [2e56514c-0608-4198-9fed-b4eba4d3d686@group-C1D084BE788E-LeaderElection11] INFO  impl.LeaderElection (LeaderElection.java:askForVotes(450)) - 2e56514c-0608-4198-9fed-b4eba4d3d686@group-C1D084BE788E-LeaderElection11 PRE_VOTE round 0: result REJECTED
2025-07-05 15:48:28,916 [2e56514c-0608-4198-9fed-b4eba4d3d686@group-C1D084BE788E-LeaderElection11] INFO  server.RaftServer$Division (RaftServerImpl.java:setRole(392)) - 2e56514c-0608-4198-9fed-b4eba4d3d686@group-C1D084BE788E: changes role from CANDIDATE to FOLLOWER at term 0 for REJECTED
2025-07-05 15:48:28,916 [2e56514c-0608-4198-9fed-b4eba4d3d686@group-C1D084BE788E-LeaderElection11] INFO  impl.RoleInfo (RoleInfo.java:shutdownLeaderElection(141)) - 2e56514c-0608-4198-9fed-b4eba4d3d686: shutdown 2e56514c-0608-4198-9fed-b4eba4d3d686@group-C1D084BE788E-LeaderElection11
2025-07-05 15:48:28,917 [2e56514c-0608-4198-9fed-b4eba4d3d686@group-C1D084BE788E-LeaderElection11] INFO  impl.RoleInfo (RoleInfo.java:updateAndGet(148)) - 2e56514c-0608-4198-9fed-b4eba4d3d686: start 2e56514c-0608-4198-9fed-b4eba4d3d686@group-C1D084BE788E-FollowerState
2025-07-05 15:48:28,917 [092257cb-ba5a-4f8a-9b9c-d44861eaa450-groupManagement] INFO  storage.RaftStorage (RaftStorageImpl.java:format(98)) - Storage directory /home/runner/work/ozone/ozone/hadoop-ozone/integration-test/target/test-dir/MiniOzoneClusterImpl-0a3c97a5-d59a-4532-afef-c4940c4c02aa/ozone-meta/datanode-7/ratis/42e6736a-9a9f-49f5-be26-dddf55466c04 has been successfully formatted.
2025-07-05 15:48:28,917 [092257cb-ba5a-4f8a-9b9c-d44861eaa450-groupManagement] INFO  ratis.ContainerStateMachine (ContainerStateMachine.java:initialize(339)) - 092257cb-ba5a-4f8a-9b9c-d44861eaa450: initialize group-DDDF55466C04
2025-07-05 15:48:28,917 [092257cb-ba5a-4f8a-9b9c-d44861eaa450-groupManagement] INFO  ratis.ContainerStateMachine (ContainerStateMachine.java:loadSnapshot(347)) - group-DDDF55466C04: The snapshot info is null. Setting the last applied index to:<INITIAL_VALUE>
2025-07-05 15:48:28,917 [092257cb-ba5a-4f8a-9b9c-d44861eaa450-groupManagement] INFO  server.RaftServerConfigKeys (ConfUtils.java:logGet(62)) - raft.server.log.appender.buffer.byte-limit = 33554432 (custom)
2025-07-05 15:48:28,919 [092257cb-ba5a-4f8a-9b9c-d44861eaa450-groupManagement] INFO  server.RaftServerConfigKeys (ConfUtils.java:logGet(62)) - raft.server.log.segment.size.max = 67108864 (custom)
2025-07-05 15:48:28,919 [2e56514c-0608-4198-9fed-b4eba4d3d686@group-C1D084BE788E-LeaderElection11] INFO  server.RaftServer$Division (RaftServerImpl.java:setFirstElection(576)) - 2e56514c-0608-4198-9fed-b4eba4d3d686@group-C1D084BE788E: set firstElectionSinceStartup to false for REJECTED
2025-07-05 15:48:28,922 [092257cb-ba5a-4f8a-9b9c-d44861eaa450-groupManagement] INFO  server.RaftServerConfigKeys (ConfUtils.java:logGet(62)) - raft.server.log.appender.buffer.byte-limit = 33554432 (custom)
2025-07-05 15:48:28,922 [092257cb-ba5a-4f8a-9b9c-d44861eaa450-groupManagement] INFO  util.AwaitToRun (AwaitToRun.java:start(81)) - Thread[#1355,092257cb-ba5a-4f8a-9b9c-d44861eaa450@group-DDDF55466C04-cacheEviction-AwaitToRun,5,main] started
2025-07-05 15:48:28,922 [092257cb-ba5a-4f8a-9b9c-d44861eaa450-groupManagement] INFO  segmented.SegmentedRaftLogWorker (SegmentedRaftLogWorker.java:<init>(190)) - new 092257cb-ba5a-4f8a-9b9c-d44861eaa450@group-DDDF55466C04-SegmentedRaftLogWorker for RaftStorageImpl:Storage Directory /home/runner/work/ozone/ozone/hadoop-ozone/integration-test/target/test-dir/MiniOzoneClusterImpl-0a3c97a5-d59a-4532-afef-c4940c4c02aa/ozone-meta/datanode-7/ratis/42e6736a-9a9f-49f5-be26-dddf55466c04
2025-07-05 15:48:28,923 [092257cb-ba5a-4f8a-9b9c-d44861eaa450-groupManagement] INFO  server.RaftServerConfigKeys (ConfUtils.java:logGet(62)) - raft.server.log.queue.byte-limit = 4294967296 (custom)
2025-07-05 15:48:28,923 [092257cb-ba5a-4f8a-9b9c-d44861eaa450-groupManagement] INFO  server.RaftServerConfigKeys (ConfUtils.java:logGet(62)) - raft.server.log.segment.size.max = 67108864 (custom)
2025-07-05 15:48:28,923 [092257cb-ba5a-4f8a-9b9c-d44861eaa450-groupManagement] INFO  server.RaftServerConfigKeys (ConfUtils.java:logGet(62)) - raft.server.log.preallocated.size = 4194304 (custom)
2025-07-05 15:48:28,923 [092257cb-ba5a-4f8a-9b9c-d44861eaa450-groupManagement] INFO  server.RaftServerConfigKeys (ConfUtils.java:logGet(62)) - raft.server.log.write.buffer.size = 33554440 (custom)
2025-07-05 15:48:28,930 [092257cb-ba5a-4f8a-9b9c-d44861eaa450-groupManagement] INFO  server.RaftServerConfigKeys (ConfUtils.java:logGet(62)) - raft.server.log.appender.buffer.byte-limit = 33554432 (custom)
2025-07-05 15:48:28,930 [092257cb-ba5a-4f8a-9b9c-d44861eaa450-groupManagement] INFO  segmented.SegmentedRaftLogWorker (SegmentedRaftLogWorker.java:lambda$new$0(141)) - 092257cb-ba5a-4f8a-9b9c-d44861eaa450@group-DDDF55466C04-SegmentedRaftLogWorker: flushIndex: setUnconditionally 0 -> -1
2025-07-05 15:48:28,930 [092257cb-ba5a-4f8a-9b9c-d44861eaa450-groupManagement] INFO  segmented.SegmentedRaftLogWorker (SegmentedRaftLogWorker.java:lambda$new$0(141)) - 092257cb-ba5a-4f8a-9b9c-d44861eaa450@group-DDDF55466C04-SegmentedRaftLogWorker: safeCacheEvictIndex: setUnconditionally 0 -> -1
2025-07-05 15:48:28,931 [092257cb-ba5a-4f8a-9b9c-d44861eaa450-groupManagement] INFO  server.RaftServer$Division (RaftServerImpl.java:start(405)) - 092257cb-ba5a-4f8a-9b9c-d44861eaa450@group-DDDF55466C04: start as a follower, conf=conf: {index: -1, cur=peers:[092257cb-ba5a-4f8a-9b9c-d44861eaa450|127.0.0.1:15063, d8f38f7e-70e8-450f-85ae-2cee56d3f445|127.0.0.1:15079, a2863246-e653-4b31-a3d0-09f3a93c429f|127.0.0.1:15071]|listeners:[], old=null}
2025-07-05 15:48:28,931 [092257cb-ba5a-4f8a-9b9c-d44861eaa450-groupManagement] INFO  server.RaftServer$Division (RaftServerImpl.java:setRole(392)) - 092257cb-ba5a-4f8a-9b9c-d44861eaa450@group-DDDF55466C04: changes role from      null to FOLLOWER at term 0 for startAsFollower
2025-07-05 15:48:28,931 [092257cb-ba5a-4f8a-9b9c-d44861eaa450-groupManagement] INFO  impl.RoleInfo (RoleInfo.java:updateAndGet(148)) - 092257cb-ba5a-4f8a-9b9c-d44861eaa450: start 092257cb-ba5a-4f8a-9b9c-d44861eaa450@group-DDDF55466C04-FollowerState
2025-07-05 15:48:28,931 [a2863246-e653-4b31-a3d0-09f3a93c429f-groupManagement] INFO  storage.RaftStorageDirectory (RaftStorageDirectoryImpl.java:tryLock(229)) - Lock on /home/runner/work/ozone/ozone/hadoop-ozone/integration-test/target/test-dir/MiniOzoneClusterImpl-0a3c97a5-d59a-4532-afef-c4940c4c02aa/ozone-meta/datanode-8/ratis/f15c17ad-0dc3-4bc6-aa80-41681a35dcae/in_use.lock acquired by nodename 44235@localhost
2025-07-05 15:48:28,932 [092257cb-ba5a-4f8a-9b9c-d44861eaa450-groupManagement] INFO  util.JmxRegister (JmxRegister.java:tryRegister(44)) - Successfully registered JMX Bean with object name Ratis:service=RaftServer,group=group-DDDF55466C04,id=092257cb-ba5a-4f8a-9b9c-d44861eaa450
2025-07-05 15:48:28,932 [092257cb-ba5a-4f8a-9b9c-d44861eaa450-groupManagement] INFO  util.JmxRegister (JmxRegister.java:register(58)) - register mxBean class org.apache.ratis.server.impl.RaftServerJmxAdapter as Ratis:service=RaftServer,group=group-DDDF55466C04,id=092257cb-ba5a-4f8a-9b9c-d44861eaa450
2025-07-05 15:48:28,933 [092257cb-ba5a-4f8a-9b9c-d44861eaa450-groupManagement] INFO  server.RaftServer$Division (RaftServerImpl.java:start(419)) - 092257cb-ba5a-4f8a-9b9c-d44861eaa450@group-DDDF55466C04: Successfully started.
2025-07-05 15:48:28,933 [b5b4f89f-93bb-4b69-9074-7f3b90eee2a4@group-71C65C083DD1-SegmentedRaftLogWorker] INFO  segmented.SegmentedRaftLogWorker (SegmentedRaftLogWorker.java:execute(647)) - b5b4f89f-93bb-4b69-9074-7f3b90eee2a4@group-71C65C083DD1-SegmentedRaftLogWorker: created new log segment /home/runner/work/ozone/ozone/hadoop-ozone/integration-test/target/test-dir/MiniOzoneClusterImpl-0a3c97a5-d59a-4532-afef-c4940c4c02aa/ozone-meta/datanode-3/ratis/7849761d-e98b-4551-9208-71c65c083dd1/current/log_inprogress_0
2025-07-05 15:48:28,933 [a2863246-e653-4b31-a3d0-09f3a93c429f-groupManagement] INFO  storage.RaftStorage (RaftStorageImpl.java:format(98)) - Storage directory /home/runner/work/ozone/ozone/hadoop-ozone/integration-test/target/test-dir/MiniOzoneClusterImpl-0a3c97a5-d59a-4532-afef-c4940c4c02aa/ozone-meta/datanode-8/ratis/f15c17ad-0dc3-4bc6-aa80-41681a35dcae has been successfully formatted.
2025-07-05 15:48:28,933 [092257cb-ba5a-4f8a-9b9c-d44861eaa450-PipelineCommandHandlerThread-0] INFO  ratis.XceiverServerRatis (XceiverServerRatis.java:addGroup(843)) - Created group Pipeline-42e6736a-9a9f-49f5-be26-dddf55466c04
2025-07-05 15:48:28,933 [a2863246-e653-4b31-a3d0-09f3a93c429f-groupManagement] INFO  ratis.ContainerStateMachine (ContainerStateMachine.java:initialize(339)) - a2863246-e653-4b31-a3d0-09f3a93c429f: initialize group-41681A35DCAE
2025-07-05 15:48:28,937 [a2863246-e653-4b31-a3d0-09f3a93c429f-groupManagement] INFO  ratis.ContainerStateMachine (ContainerStateMachine.java:loadSnapshot(347)) - group-41681A35DCAE: The snapshot info is null. Setting the last applied index to:<INITIAL_VALUE>
2025-07-05 15:48:28,937 [a2863246-e653-4b31-a3d0-09f3a93c429f-groupManagement] INFO  server.RaftServerConfigKeys (ConfUtils.java:logGet(62)) - raft.server.log.appender.buffer.byte-limit = 33554432 (custom)
2025-07-05 15:48:28,939 [a2863246-e653-4b31-a3d0-09f3a93c429f-groupManagement] INFO  server.RaftServerConfigKeys (ConfUtils.java:logGet(62)) - raft.server.log.segment.size.max = 67108864 (custom)
2025-07-05 15:48:28,939 [a2863246-e653-4b31-a3d0-09f3a93c429f-groupManagement] INFO  server.RaftServerConfigKeys (ConfUtils.java:logGet(62)) - raft.server.log.appender.buffer.byte-limit = 33554432 (custom)
2025-07-05 15:48:28,940 [a2863246-e653-4b31-a3d0-09f3a93c429f-groupManagement] INFO  util.AwaitToRun (AwaitToRun.java:start(81)) - Thread[#1359,a2863246-e653-4b31-a3d0-09f3a93c429f@group-41681A35DCAE-cacheEviction-AwaitToRun,5,main] started
2025-07-05 15:48:28,940 [a2863246-e653-4b31-a3d0-09f3a93c429f-groupManagement] INFO  segmented.SegmentedRaftLogWorker (SegmentedRaftLogWorker.java:<init>(190)) - new a2863246-e653-4b31-a3d0-09f3a93c429f@group-41681A35DCAE-SegmentedRaftLogWorker for RaftStorageImpl:Storage Directory /home/runner/work/ozone/ozone/hadoop-ozone/integration-test/target/test-dir/MiniOzoneClusterImpl-0a3c97a5-d59a-4532-afef-c4940c4c02aa/ozone-meta/datanode-8/ratis/f15c17ad-0dc3-4bc6-aa80-41681a35dcae
2025-07-05 15:48:28,940 [a2863246-e653-4b31-a3d0-09f3a93c429f-groupManagement] INFO  server.RaftServerConfigKeys (ConfUtils.java:logGet(62)) - raft.server.log.queue.byte-limit = 4294967296 (custom)
2025-07-05 15:48:28,940 [a2863246-e653-4b31-a3d0-09f3a93c429f-groupManagement] INFO  server.RaftServerConfigKeys (ConfUtils.java:logGet(62)) - raft.server.log.segment.size.max = 67108864 (custom)
2025-07-05 15:48:28,940 [a2863246-e653-4b31-a3d0-09f3a93c429f-groupManagement] INFO  server.RaftServerConfigKeys (ConfUtils.java:logGet(62)) - raft.server.log.preallocated.size = 4194304 (custom)
2025-07-05 15:48:28,940 [b5b4f89f-93bb-4b69-9074-7f3b90eee2a4@group-71C65C083DD1-StateMachineUpdater] INFO  server.RaftServer$Division (LeaderStateImpl.java:checkStartIndex(309)) - Leader b5b4f89f-93bb-4b69-9074-7f3b90eee2a4@group-71C65C083DD1-LeaderStateImpl is ready since appliedIndex == startIndex == 0
2025-07-05 15:48:28,941 [b5b4f89f-93bb-4b69-9074-7f3b90eee2a4@group-71C65C083DD1-StateMachineUpdater] INFO  ratis.ContainerStateMachine (ContainerStateMachine.java:takeSnapshot(427)) - group-71C65C083DD1: Taking a snapshot at:(t:1, i:0) file /home/runner/work/ozone/ozone/hadoop-ozone/integration-test/target/test-dir/MiniOzoneClusterImpl-0a3c97a5-d59a-4532-afef-c4940c4c02aa/ozone-meta/datanode-3/ratis/7849761d-e98b-4551-9208-71c65c083dd1/sm/snapshot.1_0
2025-07-05 15:48:28,941 [b5b4f89f-93bb-4b69-9074-7f3b90eee2a4@group-71C65C083DD1-StateMachineUpdater] INFO  ratis.ContainerStateMachine (ContainerStateMachine.java:takeSnapshot(436)) - group-71C65C083DD1: Finished taking a snapshot at:(t:1, i:0) file:/home/runner/work/ozone/ozone/hadoop-ozone/integration-test/target/test-dir/MiniOzoneClusterImpl-0a3c97a5-d59a-4532-afef-c4940c4c02aa/ozone-meta/datanode-3/ratis/7849761d-e98b-4551-9208-71c65c083dd1/sm/snapshot.1_0 took: 0 ms
2025-07-05 15:48:28,941 [b5b4f89f-93bb-4b69-9074-7f3b90eee2a4@group-71C65C083DD1-StateMachineUpdater] INFO  impl.StateMachineUpdater (StateMachineUpdater.java:takeSnapshot(307)) - b5b4f89f-93bb-4b69-9074-7f3b90eee2a4@group-71C65C083DD1-StateMachineUpdater: Took a snapshot at index 0
2025-07-05 15:48:28,942 [b5b4f89f-93bb-4b69-9074-7f3b90eee2a4@group-71C65C083DD1-StateMachineUpdater] INFO  impl.StateMachineUpdater (StateMachineUpdater.java:lambda$new$0(101)) - b5b4f89f-93bb-4b69-9074-7f3b90eee2a4@group-71C65C083DD1-StateMachineUpdater: snapshotIndex: updateIncreasingly -1 -> 0
2025-07-05 15:48:28,942 [a2863246-e653-4b31-a3d0-09f3a93c429f-groupManagement] INFO  server.RaftServerConfigKeys (ConfUtils.java:logGet(62)) - raft.server.log.write.buffer.size = 33554440 (custom)
2025-07-05 15:48:28,948 [a2863246-e653-4b31-a3d0-09f3a93c429f-groupManagement] INFO  server.RaftServerConfigKeys (ConfUtils.java:logGet(62)) - raft.server.log.appender.buffer.byte-limit = 33554432 (custom)
2025-07-05 15:48:28,949 [a2863246-e653-4b31-a3d0-09f3a93c429f-groupManagement] INFO  segmented.SegmentedRaftLogWorker (SegmentedRaftLogWorker.java:lambda$new$0(141)) - a2863246-e653-4b31-a3d0-09f3a93c429f@group-41681A35DCAE-SegmentedRaftLogWorker: flushIndex: setUnconditionally 0 -> -1
2025-07-05 15:48:28,949 [a2863246-e653-4b31-a3d0-09f3a93c429f-groupManagement] INFO  segmented.SegmentedRaftLogWorker (SegmentedRaftLogWorker.java:lambda$new$0(141)) - a2863246-e653-4b31-a3d0-09f3a93c429f@group-41681A35DCAE-SegmentedRaftLogWorker: safeCacheEvictIndex: setUnconditionally 0 -> -1
2025-07-05 15:48:28,950 [a2863246-e653-4b31-a3d0-09f3a93c429f-groupManagement] INFO  server.RaftServer$Division (RaftServerImpl.java:start(405)) - a2863246-e653-4b31-a3d0-09f3a93c429f@group-41681A35DCAE: start as a follower, conf=conf: {index: -1, cur=peers:[a2863246-e653-4b31-a3d0-09f3a93c429f|127.0.0.1:15071]|listeners:[], old=null}
2025-07-05 15:48:28,951 [a2863246-e653-4b31-a3d0-09f3a93c429f-groupManagement] INFO  server.RaftServer$Division (RaftServerImpl.java:setRole(392)) - a2863246-e653-4b31-a3d0-09f3a93c429f@group-41681A35DCAE: changes role from      null to FOLLOWER at term 0 for startAsFollower
2025-07-05 15:48:28,951 [a2863246-e653-4b31-a3d0-09f3a93c429f-groupManagement] INFO  impl.RoleInfo (RoleInfo.java:updateAndGet(148)) - a2863246-e653-4b31-a3d0-09f3a93c429f: start a2863246-e653-4b31-a3d0-09f3a93c429f@group-41681A35DCAE-FollowerState
2025-07-05 15:48:28,952 [a2863246-e653-4b31-a3d0-09f3a93c429f-groupManagement] INFO  util.JmxRegister (JmxRegister.java:tryRegister(44)) - Successfully registered JMX Bean with object name Ratis:service=RaftServer,group=group-41681A35DCAE,id=a2863246-e653-4b31-a3d0-09f3a93c429f
2025-07-05 15:48:28,952 [a2863246-e653-4b31-a3d0-09f3a93c429f-groupManagement] INFO  util.JmxRegister (JmxRegister.java:register(58)) - register mxBean class org.apache.ratis.server.impl.RaftServerJmxAdapter as Ratis:service=RaftServer,group=group-41681A35DCAE,id=a2863246-e653-4b31-a3d0-09f3a93c429f
2025-07-05 15:48:28,953 [EventQueue-PipelineReportForPipelineReportHandler] INFO  pipeline.PipelineReportHandler (PipelineReportHandler.java:processPipelineReport(134)) - Opened pipeline Pipeline-f15c17ad-0dc3-4bc6-aa80-41681a35dcae
2025-07-05 15:48:28,953 [a2863246-e653-4b31-a3d0-09f3a93c429f-groupManagement] INFO  server.RaftServer$Division (RaftServerImpl.java:start(419)) - a2863246-e653-4b31-a3d0-09f3a93c429f@group-41681A35DCAE: Successfully started.
2025-07-05 15:48:28,953 [a2863246-e653-4b31-a3d0-09f3a93c429f-PipelineCommandHandlerThread-0] INFO  ratis.XceiverServerRatis (XceiverServerRatis.java:addGroup(843)) - Created group Pipeline-f15c17ad-0dc3-4bc6-aa80-41681a35dcae
2025-07-05 15:48:28,953 [a2863246-e653-4b31-a3d0-09f3a93c429f-PipelineCommandHandlerThread-0] INFO  commandhandler.CreatePipelineCommandHandler (CreatePipelineCommandHandler.java:lambda$handle$2(127)) - Created Pipeline RATIS ONE Pipeline-f15c17ad-0dc3-4bc6-aa80-41681a35dcae.
2025-07-05 15:48:28,954 [a2863246-e653-4b31-a3d0-09f3a93c429f-PipelineCommandHandlerThread-0] INFO  server.RaftServer (RaftServerProxy.java:addNew(105)) - a2863246-e653-4b31-a3d0-09f3a93c429f: addNew group-DDDF55466C04:[092257cb-ba5a-4f8a-9b9c-d44861eaa450|127.0.0.1:15063, d8f38f7e-70e8-450f-85ae-2cee56d3f445|127.0.0.1:15079, a2863246-e653-4b31-a3d0-09f3a93c429f|127.0.0.1:15071] returns group-DDDF55466C04:java.util.concurrent.CompletableFuture@5bf811ae[Not completed]
2025-07-05 15:48:28,962 [grpc-default-executor-4] INFO  server.RaftServer (RaftServerProxy.java:addNew(105)) - d8f38f7e-70e8-450f-85ae-2cee56d3f445: addNew group-DDDF55466C04:[092257cb-ba5a-4f8a-9b9c-d44861eaa450|127.0.0.1:15063, d8f38f7e-70e8-450f-85ae-2cee56d3f445|127.0.0.1:15079, a2863246-e653-4b31-a3d0-09f3a93c429f|127.0.0.1:15071] returns group-DDDF55466C04:java.util.concurrent.CompletableFuture@9eceb4[Not completed]
2025-07-05 15:48:28,975 [d8f38f7e-70e8-450f-85ae-2cee56d3f445-groupManagement] WARN  statemachine.DatanodeConfiguration (DatanodeConfiguration.java:validateMinFreeSpace(751)) - hdds.datanode.volume.min.free.space.percent = -1.0 is invalid, should be between 0 and 1
2025-07-05 15:48:28,976 [d8f38f7e-70e8-450f-85ae-2cee56d3f445-groupManagement] INFO  server.RaftServer$Division (RaftServerImpl.java:<init>(268)) - d8f38f7e-70e8-450f-85ae-2cee56d3f445: new RaftServerImpl for group-DDDF55466C04:[092257cb-ba5a-4f8a-9b9c-d44861eaa450|127.0.0.1:15063, d8f38f7e-70e8-450f-85ae-2cee56d3f445|127.0.0.1:15079, a2863246-e653-4b31-a3d0-09f3a93c429f|127.0.0.1:15071] with ContainerStateMachine:uninitialized
2025-07-05 15:48:28,976 [d8f38f7e-70e8-450f-85ae-2cee56d3f445-groupManagement] INFO  server.RaftServer$Division (ServerState.java:<init>(114)) - d8f38f7e-70e8-450f-85ae-2cee56d3f445@group-DDDF55466C04: ConfigurationManager, init=conf: {index: -1, cur=peers:[092257cb-ba5a-4f8a-9b9c-d44861eaa450|127.0.0.1:15063, d8f38f7e-70e8-450f-85ae-2cee56d3f445|127.0.0.1:15079, a2863246-e653-4b31-a3d0-09f3a93c429f|127.0.0.1:15071]|listeners:[], old=null}, confs=<EMPTY_MAP>
2025-07-05 15:48:28,976 [a2863246-e653-4b31-a3d0-09f3a93c429f-groupManagement] WARN  statemachine.DatanodeConfiguration (DatanodeConfiguration.java:validateMinFreeSpace(751)) - hdds.datanode.volume.min.free.space.percent = -1.0 is invalid, should be between 0 and 1
2025-07-05 15:48:28,979 [a2863246-e653-4b31-a3d0-09f3a93c429f-groupManagement] INFO  server.RaftServer$Division (RaftServerImpl.java:<init>(268)) - a2863246-e653-4b31-a3d0-09f3a93c429f: new RaftServerImpl for group-DDDF55466C04:[092257cb-ba5a-4f8a-9b9c-d44861eaa450|127.0.0.1:15063, d8f38f7e-70e8-450f-85ae-2cee56d3f445|127.0.0.1:15079, a2863246-e653-4b31-a3d0-09f3a93c429f|127.0.0.1:15071] with ContainerStateMachine:uninitialized
2025-07-05 15:48:28,980 [a2863246-e653-4b31-a3d0-09f3a93c429f-groupManagement] INFO  server.RaftServer$Division (ServerState.java:<init>(114)) - a2863246-e653-4b31-a3d0-09f3a93c429f@group-DDDF55466C04: ConfigurationManager, init=conf: {index: -1, cur=peers:[092257cb-ba5a-4f8a-9b9c-d44861eaa450|127.0.0.1:15063, d8f38f7e-70e8-450f-85ae-2cee56d3f445|127.0.0.1:15079, a2863246-e653-4b31-a3d0-09f3a93c429f|127.0.0.1:15071]|listeners:[], old=null}, confs=<EMPTY_MAP>
2025-07-05 15:48:28,986 [a2863246-e653-4b31-a3d0-09f3a93c429f-groupManagement] INFO  storage.RaftStorageDirectory (RaftStorageDirectoryImpl.java:analyzeStorage(138)) - The storage directory /home/runner/work/ozone/ozone/hadoop-ozone/integration-test/target/test-dir/MiniOzoneClusterImpl-0a3c97a5-d59a-4532-afef-c4940c4c02aa/ozone-meta/datanode-8/ratis/42e6736a-9a9f-49f5-be26-dddf55466c04 does not exist. Creating ...
2025-07-05 15:48:28,987 [d8f38f7e-70e8-450f-85ae-2cee56d3f445-groupManagement] INFO  server.RaftServerConfigKeys (ConfUtils.java:logGet(62)) - raft.server.storage.dir = [/home/runner/work/ozone/ozone/hadoop-ozone/integration-test/target/test-dir/MiniOzoneClusterImpl-0a3c97a5-d59a-4532-afef-c4940c4c02aa/ozone-meta/datanode-9/ratis] (custom)
2025-07-05 15:48:28,987 [d8f38f7e-70e8-450f-85ae-2cee56d3f445-groupManagement] INFO  storage.RaftStorageDirectory (RaftStorageDirectoryImpl.java:analyzeStorage(138)) - The storage directory /home/runner/work/ozone/ozone/hadoop-ozone/integration-test/target/test-dir/MiniOzoneClusterImpl-0a3c97a5-d59a-4532-afef-c4940c4c02aa/ozone-meta/datanode-9/ratis/42e6736a-9a9f-49f5-be26-dddf55466c04 does not exist. Creating ...
2025-07-05 15:48:28,988 [2e56514c-0608-4198-9fed-b4eba4d3d686@group-16B42A219972-FollowerState] INFO  impl.FollowerState (FollowerState.java:runImpl(161)) - 2e56514c-0608-4198-9fed-b4eba4d3d686@group-16B42A219972-FollowerState: change to CANDIDATE, lastRpcElapsedTime:1150077990ns, electionTimeout:1147ms
2025-07-05 15:48:28,988 [2e56514c-0608-4198-9fed-b4eba4d3d686@group-16B42A219972-FollowerState] INFO  impl.RoleInfo (RoleInfo.java:shutdownFollowerState(121)) - 2e56514c-0608-4198-9fed-b4eba4d3d686: shutdown 2e56514c-0608-4198-9fed-b4eba4d3d686@group-16B42A219972-FollowerState
2025-07-05 15:48:28,988 [2e56514c-0608-4198-9fed-b4eba4d3d686@group-16B42A219972-FollowerState] INFO  server.RaftServer$Division (RaftServerImpl.java:setRole(392)) - 2e56514c-0608-4198-9fed-b4eba4d3d686@group-16B42A219972: changes role from  FOLLOWER to CANDIDATE at term 0 for changeToCandidate
2025-07-05 15:48:28,988 [2e56514c-0608-4198-9fed-b4eba4d3d686@group-16B42A219972-FollowerState] INFO  impl.RoleInfo (RoleInfo.java:updateAndGet(148)) - 2e56514c-0608-4198-9fed-b4eba4d3d686: start 2e56514c-0608-4198-9fed-b4eba4d3d686@group-16B42A219972-LeaderElection12
2025-07-05 15:48:28,988 [2e56514c-0608-4198-9fed-b4eba4d3d686@group-3C69EB928671-FollowerState] INFO  impl.FollowerState (FollowerState.java:runImpl(161)) - 2e56514c-0608-4198-9fed-b4eba4d3d686@group-3C69EB928671-FollowerState: change to CANDIDATE, lastRpcElapsedTime:1010403193ns, electionTimeout:1009ms
2025-07-05 15:48:28,988 [2e56514c-0608-4198-9fed-b4eba4d3d686@group-3C69EB928671-FollowerState] INFO  impl.RoleInfo (RoleInfo.java:shutdownFollowerState(121)) - 2e56514c-0608-4198-9fed-b4eba4d3d686: shutdown 2e56514c-0608-4198-9fed-b4eba4d3d686@group-3C69EB928671-FollowerState
2025-07-05 15:48:28,988 [2e56514c-0608-4198-9fed-b4eba4d3d686@group-3C69EB928671-FollowerState] INFO  server.RaftServer$Division (RaftServerImpl.java:setRole(392)) - 2e56514c-0608-4198-9fed-b4eba4d3d686@group-3C69EB928671: changes role from  FOLLOWER to CANDIDATE at term 0 for changeToCandidate
2025-07-05 15:48:28,988 [2e56514c-0608-4198-9fed-b4eba4d3d686@group-3C69EB928671-FollowerState] INFO  impl.RoleInfo (RoleInfo.java:updateAndGet(148)) - 2e56514c-0608-4198-9fed-b4eba4d3d686: start 2e56514c-0608-4198-9fed-b4eba4d3d686@group-3C69EB928671-LeaderElection13
2025-07-05 15:48:28,989 [2e56514c-0608-4198-9fed-b4eba4d3d686@group-16B42A219972-LeaderElection12] INFO  impl.LeaderElection (LeaderElection.java:askForVotes(448)) - 2e56514c-0608-4198-9fed-b4eba4d3d686@group-16B42A219972-LeaderElection12 PRE_VOTE round 0: submit vote requests at term 0 for conf: {index: -1, cur=peers:[2e56514c-0608-4198-9fed-b4eba4d3d686|127.0.0.1:15039]|listeners:[], old=null}
2025-07-05 15:48:28,989 [a2863246-e653-4b31-a3d0-09f3a93c429f-groupManagement] INFO  storage.RaftStorageDirectory (RaftStorageDirectoryImpl.java:tryLock(229)) - Lock on /home/runner/work/ozone/ozone/hadoop-ozone/integration-test/target/test-dir/MiniOzoneClusterImpl-0a3c97a5-d59a-4532-afef-c4940c4c02aa/ozone-meta/datanode-8/ratis/42e6736a-9a9f-49f5-be26-dddf55466c04/in_use.lock acquired by nodename 44235@localhost
2025-07-05 15:48:28,989 [2e56514c-0608-4198-9fed-b4eba4d3d686@group-16B42A219972-LeaderElection12] INFO  impl.LeaderElection (LeaderElection.java:askForVotes(450)) - 2e56514c-0608-4198-9fed-b4eba4d3d686@group-16B42A219972-LeaderElection12 PRE_VOTE round 0: result PASSED (term=0)
2025-07-05 15:48:28,989 [d8f38f7e-70e8-450f-85ae-2cee56d3f445-groupManagement] INFO  storage.RaftStorageDirectory (RaftStorageDirectoryImpl.java:tryLock(229)) - Lock on /home/runner/work/ozone/ozone/hadoop-ozone/integration-test/target/test-dir/MiniOzoneClusterImpl-0a3c97a5-d59a-4532-afef-c4940c4c02aa/ozone-meta/datanode-9/ratis/42e6736a-9a9f-49f5-be26-dddf55466c04/in_use.lock acquired by nodename 44235@localhost
2025-07-05 15:48:28,991 [2e56514c-0608-4198-9fed-b4eba4d3d686@group-3C69EB928671-LeaderElection13] INFO  impl.LeaderElection (LeaderElection.java:askForVotes(448)) - 2e56514c-0608-4198-9fed-b4eba4d3d686@group-3C69EB928671-LeaderElection13 PRE_VOTE round 0: submit vote requests at term 0 for conf: {index: -1, cur=peers:[694b616d-7f52-4b82-b07e-10398eb153c5|127.0.0.1:15047, 2e56514c-0608-4198-9fed-b4eba4d3d686|127.0.0.1:15039, d3a92f5c-9e4a-48c5-9a32-2f34a6e85eb8|127.0.0.1:15055]|listeners:[], old=null}
2025-07-05 15:48:28,991 [a2863246-e653-4b31-a3d0-09f3a93c429f-groupManagement] INFO  storage.RaftStorage (RaftStorageImpl.java:format(98)) - Storage directory /home/runner/work/ozone/ozone/hadoop-ozone/integration-test/target/test-dir/MiniOzoneClusterImpl-0a3c97a5-d59a-4532-afef-c4940c4c02aa/ozone-meta/datanode-8/ratis/42e6736a-9a9f-49f5-be26-dddf55466c04 has been successfully formatted.
2025-07-05 15:48:28,992 [2e56514c-0608-4198-9fed-b4eba4d3d686@group-16B42A219972-LeaderElection12] INFO  impl.LeaderElection (LeaderElection.java:askForVotes(448)) - 2e56514c-0608-4198-9fed-b4eba4d3d686@group-16B42A219972-LeaderElection12 ELECTION round 0: submit vote requests at term 1 for conf: {index: -1, cur=peers:[2e56514c-0608-4198-9fed-b4eba4d3d686|127.0.0.1:15039]|listeners:[], old=null}
2025-07-05 15:48:28,992 [d8f38f7e-70e8-450f-85ae-2cee56d3f445-groupManagement] INFO  storage.RaftStorage (RaftStorageImpl.java:format(98)) - Storage directory /home/runner/work/ozone/ozone/hadoop-ozone/integration-test/target/test-dir/MiniOzoneClusterImpl-0a3c97a5-d59a-4532-afef-c4940c4c02aa/ozone-meta/datanode-9/ratis/42e6736a-9a9f-49f5-be26-dddf55466c04 has been successfully formatted.
2025-07-05 15:48:28,992 [d8f38f7e-70e8-450f-85ae-2cee56d3f445-groupManagement] INFO  ratis.ContainerStateMachine (ContainerStateMachine.java:initialize(339)) - d8f38f7e-70e8-450f-85ae-2cee56d3f445: initialize group-DDDF55466C04
2025-07-05 15:48:28,992 [d8f38f7e-70e8-450f-85ae-2cee56d3f445-groupManagement] INFO  ratis.ContainerStateMachine (ContainerStateMachine.java:loadSnapshot(347)) - group-DDDF55466C04: The snapshot info is null. Setting the last applied index to:<INITIAL_VALUE>
2025-07-05 15:48:28,993 [d8f38f7e-70e8-450f-85ae-2cee56d3f445-groupManagement] INFO  server.RaftServerConfigKeys (ConfUtils.java:logGet(62)) - raft.server.log.appender.buffer.byte-limit = 33554432 (custom)
2025-07-05 15:48:28,993 [a2863246-e653-4b31-a3d0-09f3a93c429f-groupManagement] INFO  ratis.ContainerStateMachine (ContainerStateMachine.java:initialize(339)) - a2863246-e653-4b31-a3d0-09f3a93c429f: initialize group-DDDF55466C04
2025-07-05 15:48:28,993 [a2863246-e653-4b31-a3d0-09f3a93c429f-groupManagement] INFO  ratis.ContainerStateMachine (ContainerStateMachine.java:loadSnapshot(347)) - group-DDDF55466C04: The snapshot info is null. Setting the last applied index to:<INITIAL_VALUE>
2025-07-05 15:48:28,993 [a2863246-e653-4b31-a3d0-09f3a93c429f-groupManagement] INFO  server.RaftServerConfigKeys (ConfUtils.java:logGet(62)) - raft.server.log.appender.buffer.byte-limit = 33554432 (custom)
2025-07-05 15:48:28,992 [2e56514c-0608-4198-9fed-b4eba4d3d686@group-16B42A219972-LeaderElection12] INFO  impl.LeaderElection (LeaderElection.java:askForVotes(450)) - 2e56514c-0608-4198-9fed-b4eba4d3d686@group-16B42A219972-LeaderElection12 ELECTION round 0: result PASSED (term=1)
2025-07-05 15:48:28,993 [2e56514c-0608-4198-9fed-b4eba4d3d686@group-16B42A219972-LeaderElection12] INFO  impl.RoleInfo (RoleInfo.java:shutdownLeaderElection(141)) - 2e56514c-0608-4198-9fed-b4eba4d3d686: shutdown 2e56514c-0608-4198-9fed-b4eba4d3d686@group-16B42A219972-LeaderElection12
2025-07-05 15:48:28,994 [2e56514c-0608-4198-9fed-b4eba4d3d686@group-16B42A219972-LeaderElection12] INFO  server.RaftServer$Division (RaftServerImpl.java:setRole(392)) - 2e56514c-0608-4198-9fed-b4eba4d3d686@group-16B42A219972: changes role from CANDIDATE to LEADER at term 1 for changeToLeader
2025-07-05 15:48:28,994 [2e56514c-0608-4198-9fed-b4eba4d3d686@group-16B42A219972-LeaderElection12] INFO  server.RaftServerConfigKeys (ConfUtils.java:logFallback(69)) - raft.server.staging.timeout = 15600ms (fallback to raft.server.rpc.timeout.max)
2025-07-05 15:48:28,995 [2e56514c-0608-4198-9fed-b4eba4d3d686@group-16B42A219972-LeaderElection12] INFO  server.RaftServerConfigKeys (ConfUtils.java:logGet(62)) - raft.server.write.byte-limit = 1024 M (=1073741824) (custom)
2025-07-05 15:48:28,998 [grpc-default-executor-4] INFO  server.RaftServer$Division (RaftServerImpl.java:requestVote(1421)) - 694b616d-7f52-4b82-b07e-10398eb153c5@group-3C69EB928671: receive requestVote(PRE_VOTE, 2e56514c-0608-4198-9fed-b4eba4d3d686, group-3C69EB928671, 0, <PROTO_DEFAULT>)
2025-07-05 15:48:28,998 [grpc-default-executor-4] INFO  impl.VoteContext (VoteContext.java:log(49)) - 694b616d-7f52-4b82-b07e-10398eb153c5@group-3C69EB928671-FOLLOWER: accept PRE_VOTE from 2e56514c-0608-4198-9fed-b4eba4d3d686: our priority 0 <= candidate's priority 1
2025-07-05 15:48:28,998 [grpc-default-executor-4] INFO  server.RaftServer$Division (RaftServerImpl.java:requestVote(1455)) - 694b616d-7f52-4b82-b07e-10398eb153c5@group-3C69EB928671 replies to PRE_VOTE vote request: 2e56514c-0608-4198-9fed-b4eba4d3d686<-694b616d-7f52-4b82-b07e-10398eb153c5#0:OK-t0-last:<INITIAL_VALUE>. Peer's state: 694b616d-7f52-4b82-b07e-10398eb153c5@group-3C69EB928671:t0, leader=null, voted=, raftlog=Memoized:694b616d-7f52-4b82-b07e-10398eb153c5@group-3C69EB928671-SegmentedRaftLog:OPENED:c-1:lastnull, conf=conf: {index: -1, cur=peers:[694b616d-7f52-4b82-b07e-10398eb153c5|127.0.0.1:15047, 2e56514c-0608-4198-9fed-b4eba4d3d686|127.0.0.1:15039, d3a92f5c-9e4a-48c5-9a32-2f34a6e85eb8|127.0.0.1:15055]|listeners:[], old=null}
2025-07-05 15:48:28,999 [2e56514c-0608-4198-9fed-b4eba4d3d686@group-3C69EB928671-LeaderElection13] INFO  impl.LeaderElection (LeaderElection.java:logAndReturn(206)) - 2e56514c-0608-4198-9fed-b4eba4d3d686@group-3C69EB928671-LeaderElection13: PRE_VOTE PASSED received 1 response(s) and 0 exception(s):
2025-07-05 15:48:29,000 [2e56514c-0608-4198-9fed-b4eba4d3d686@group-3C69EB928671-LeaderElection13] INFO  impl.LeaderElection (LeaderElection.java:logAndReturn(210)) -   Response 0: 2e56514c-0608-4198-9fed-b4eba4d3d686<-694b616d-7f52-4b82-b07e-10398eb153c5#0:OK-t0-last:<INITIAL_VALUE>
2025-07-05 15:48:29,000 [2e56514c-0608-4198-9fed-b4eba4d3d686@group-3C69EB928671-LeaderElection13] INFO  impl.LeaderElection (LeaderElection.java:askForVotes(450)) - 2e56514c-0608-4198-9fed-b4eba4d3d686@group-3C69EB928671-LeaderElection13 PRE_VOTE round 0: result PASSED
2025-07-05 15:48:29,003 [2e56514c-0608-4198-9fed-b4eba4d3d686@group-3C69EB928671-LeaderElection13] INFO  impl.LeaderElection (LeaderElection.java:askForVotes(448)) - 2e56514c-0608-4198-9fed-b4eba4d3d686@group-3C69EB928671-LeaderElection13 ELECTION round 0: submit vote requests at term 1 for conf: {index: -1, cur=peers:[694b616d-7f52-4b82-b07e-10398eb153c5|127.0.0.1:15047, 2e56514c-0608-4198-9fed-b4eba4d3d686|127.0.0.1:15039, d3a92f5c-9e4a-48c5-9a32-2f34a6e85eb8|127.0.0.1:15055]|listeners:[], old=null}
2025-07-05 15:48:29,007 [grpc-default-executor-2] INFO  server.RaftServer$Division (RaftServerImpl.java:requestVote(1421)) - 694b616d-7f52-4b82-b07e-10398eb153c5@group-3C69EB928671: receive requestVote(ELECTION, 2e56514c-0608-4198-9fed-b4eba4d3d686, group-3C69EB928671, 1, <PROTO_DEFAULT>)
2025-07-05 15:48:29,007 [grpc-default-executor-2] INFO  impl.VoteContext (VoteContext.java:log(49)) - 694b616d-7f52-4b82-b07e-10398eb153c5@group-3C69EB928671-FOLLOWER: accept ELECTION from 2e56514c-0608-4198-9fed-b4eba4d3d686: our priority 0 <= candidate's priority 1
2025-07-05 15:48:29,007 [grpc-default-executor-2] INFO  server.RaftServer$Division (RaftServerImpl.java:setRole(392)) - 694b616d-7f52-4b82-b07e-10398eb153c5@group-3C69EB928671: changes role from  FOLLOWER to FOLLOWER at term 0 for candidate:2e56514c-0608-4198-9fed-b4eba4d3d686
2025-07-05 15:48:29,007 [grpc-default-executor-2] INFO  impl.RoleInfo (RoleInfo.java:shutdownFollowerState(121)) - 694b616d-7f52-4b82-b07e-10398eb153c5: shutdown 694b616d-7f52-4b82-b07e-10398eb153c5@group-3C69EB928671-FollowerState
2025-07-05 15:48:29,007 [grpc-default-executor-2] INFO  impl.RoleInfo (RoleInfo.java:updateAndGet(148)) - 694b616d-7f52-4b82-b07e-10398eb153c5: start 694b616d-7f52-4b82-b07e-10398eb153c5@group-3C69EB928671-FollowerState
2025-07-05 15:48:29,007 [694b616d-7f52-4b82-b07e-10398eb153c5@group-3C69EB928671-FollowerState] INFO  impl.FollowerState (FollowerState.java:runImpl(170)) - 694b616d-7f52-4b82-b07e-10398eb153c5@group-3C69EB928671-FollowerState was interrupted
2025-07-05 15:48:29,008 [grpc-default-executor-4] INFO  server.RaftServer$Division (RaftServerImpl.java:requestVote(1421)) - d3a92f5c-9e4a-48c5-9a32-2f34a6e85eb8@group-3C69EB928671: receive requestVote(ELECTION, 2e56514c-0608-4198-9fed-b4eba4d3d686, group-3C69EB928671, 1, <PROTO_DEFAULT>)
2025-07-05 15:48:29,008 [grpc-default-executor-4] INFO  impl.VoteContext (VoteContext.java:log(49)) - d3a92f5c-9e4a-48c5-9a32-2f34a6e85eb8@group-3C69EB928671-FOLLOWER: accept ELECTION from 2e56514c-0608-4198-9fed-b4eba4d3d686: our priority 0 <= candidate's priority 1
2025-07-05 15:48:29,008 [grpc-default-executor-4] INFO  server.RaftServer$Division (RaftServerImpl.java:setRole(392)) - d3a92f5c-9e4a-48c5-9a32-2f34a6e85eb8@group-3C69EB928671: changes role from  FOLLOWER to FOLLOWER at term 0 for candidate:2e56514c-0608-4198-9fed-b4eba4d3d686
2025-07-05 15:48:29,008 [grpc-default-executor-4] INFO  impl.RoleInfo (RoleInfo.java:shutdownFollowerState(121)) - d3a92f5c-9e4a-48c5-9a32-2f34a6e85eb8: shutdown d3a92f5c-9e4a-48c5-9a32-2f34a6e85eb8@group-3C69EB928671-FollowerState
2025-07-05 15:48:29,008 [grpc-default-executor-4] INFO  impl.RoleInfo (RoleInfo.java:updateAndGet(148)) - d3a92f5c-9e4a-48c5-9a32-2f34a6e85eb8: start d3a92f5c-9e4a-48c5-9a32-2f34a6e85eb8@group-3C69EB928671-FollowerState
2025-07-05 15:48:29,009 [grpc-default-executor-2] INFO  server.RaftServer$Division (RaftServerImpl.java:setFirstElection(576)) - 694b616d-7f52-4b82-b07e-10398eb153c5@group-3C69EB928671: set firstElectionSinceStartup to false for candidate:2e56514c-0608-4198-9fed-b4eba4d3d686
2025-07-05 15:48:29,011 [d8f38f7e-70e8-450f-85ae-2cee56d3f445-groupManagement] INFO  server.RaftServerConfigKeys (ConfUtils.java:logGet(62)) - raft.server.log.segment.size.max = 67108864 (custom)
2025-07-05 15:48:29,012 [a2863246-e653-4b31-a3d0-09f3a93c429f-groupManagement] INFO  server.RaftServerConfigKeys (ConfUtils.java:logGet(62)) - raft.server.log.segment.size.max = 67108864 (custom)
2025-07-05 15:48:29,010 [2e56514c-0608-4198-9fed-b4eba4d3d686@group-16B42A219972-LeaderElection12] INFO  impl.RoleInfo (RoleInfo.java:updateAndGet(148)) - 2e56514c-0608-4198-9fed-b4eba4d3d686: start 2e56514c-0608-4198-9fed-b4eba4d3d686@group-16B42A219972-LeaderStateImpl
2025-07-05 15:48:29,009 [d3a92f5c-9e4a-48c5-9a32-2f34a6e85eb8@group-3C69EB928671-FollowerState] INFO  impl.FollowerState (FollowerState.java:runImpl(170)) - d3a92f5c-9e4a-48c5-9a32-2f34a6e85eb8@group-3C69EB928671-FollowerState was interrupted
2025-07-05 15:48:29,009 [grpc-default-executor-4] INFO  server.RaftServer$Division (RaftServerImpl.java:setFirstElection(576)) - d3a92f5c-9e4a-48c5-9a32-2f34a6e85eb8@group-3C69EB928671: set firstElectionSinceStartup to false for candidate:2e56514c-0608-4198-9fed-b4eba4d3d686
2025-07-05 15:48:29,014 [a2863246-e653-4b31-a3d0-09f3a93c429f-groupManagement] INFO  server.RaftServerConfigKeys (ConfUtils.java:logGet(62)) - raft.server.log.appender.buffer.byte-limit = 33554432 (custom)
2025-07-05 15:48:29,014 [2e56514c-0608-4198-9fed-b4eba4d3d686@group-16B42A219972-LeaderElection12] INFO  server.RaftServer$Division (RaftServerImpl.java:setFirstElection(576)) - 2e56514c-0608-4198-9fed-b4eba4d3d686@group-16B42A219972: set firstElectionSinceStartup to false for becomeLeader
2025-07-05 15:48:29,015 [2e56514c-0608-4198-9fed-b4eba4d3d686@group-16B42A219972-LeaderElection12] INFO  ratis.XceiverServerRatis (XceiverServerRatis.java:handleLeaderChangedNotification(944)) - Leader change notification received for group: group-16B42A219972 with new leaderId: 2e56514c-0608-4198-9fed-b4eba4d3d686
2025-07-05 15:48:29,015 [2e56514c-0608-4198-9fed-b4eba4d3d686@group-16B42A219972-LeaderElection12] INFO  server.RaftServer$Division (ServerState.java:setLeader(272)) - 2e56514c-0608-4198-9fed-b4eba4d3d686@group-16B42A219972: change Leader from null to 2e56514c-0608-4198-9fed-b4eba4d3d686 at term 1 for becomeLeader, leader elected after 1245ms
2025-07-05 15:48:29,013 [grpc-default-executor-2] INFO  server.RaftServer$Division (RaftServerImpl.java:requestVote(1455)) - 694b616d-7f52-4b82-b07e-10398eb153c5@group-3C69EB928671 replies to ELECTION vote request: 2e56514c-0608-4198-9fed-b4eba4d3d686<-694b616d-7f52-4b82-b07e-10398eb153c5#0:OK-t1-last:<INITIAL_VALUE>. Peer's state: 694b616d-7f52-4b82-b07e-10398eb153c5@group-3C69EB928671:t1, leader=null, voted=2e56514c-0608-4198-9fed-b4eba4d3d686, raftlog=Memoized:694b616d-7f52-4b82-b07e-10398eb153c5@group-3C69EB928671-SegmentedRaftLog:OPENED:c-1:lastnull, conf=conf: {index: -1, cur=peers:[694b616d-7f52-4b82-b07e-10398eb153c5|127.0.0.1:15047, 2e56514c-0608-4198-9fed-b4eba4d3d686|127.0.0.1:15039, d3a92f5c-9e4a-48c5-9a32-2f34a6e85eb8|127.0.0.1:15055]|listeners:[], old=null}
2025-07-05 15:48:29,016 [2e56514c-0608-4198-9fed-b4eba4d3d686@group-16B42A219972-LeaderElection12] INFO  segmented.SegmentedRaftLogWorker (SegmentedRaftLogWorker.java:startLogSegment(440)) - 2e56514c-0608-4198-9fed-b4eba4d3d686@group-16B42A219972-SegmentedRaftLogWorker: Starting segment from index:0
2025-07-05 15:48:29,016 [2e56514c-0608-4198-9fed-b4eba4d3d686@group-16B42A219972-LeaderElection12] INFO  server.RaftServer$Division (ServerState.java:setRaftConf(386)) - 2e56514c-0608-4198-9fed-b4eba4d3d686@group-16B42A219972: set configuration conf: {index: 0, cur=peers:[2e56514c-0608-4198-9fed-b4eba4d3d686|127.0.0.1:15039]|listeners:[], old=null}
2025-07-05 15:48:29,017 [2e56514c-0608-4198-9fed-b4eba4d3d686@group-16B42A219972-SegmentedRaftLogWorker] INFO  segmented.BufferedWriteChannel (BufferedWriteChannel.java:open(61)) - open log_inprogress_0 at position 0
2025-07-05 15:48:29,013 [d8f38f7e-70e8-450f-85ae-2cee56d3f445-groupManagement] INFO  server.RaftServerConfigKeys (ConfUtils.java:logGet(62)) - raft.server.log.appender.buffer.byte-limit = 33554432 (custom)
2025-07-05 15:48:29,018 [2e56514c-0608-4198-9fed-b4eba4d3d686@group-3C69EB928671-LeaderElection13] INFO  impl.LeaderElection (LeaderElection.java:logAndReturn(206)) - 2e56514c-0608-4198-9fed-b4eba4d3d686@group-3C69EB928671-LeaderElection13: ELECTION PASSED received 1 response(s) and 0 exception(s):
2025-07-05 15:48:29,019 [2e56514c-0608-4198-9fed-b4eba4d3d686@group-3C69EB928671-LeaderElection13] INFO  impl.LeaderElection (LeaderElection.java:logAndReturn(210)) -   Response 0: 2e56514c-0608-4198-9fed-b4eba4d3d686<-694b616d-7f52-4b82-b07e-10398eb153c5#0:OK-t1-last:<INITIAL_VALUE>
2025-07-05 15:48:29,019 [2e56514c-0608-4198-9fed-b4eba4d3d686@group-3C69EB928671-LeaderElection13] INFO  impl.LeaderElection (LeaderElection.java:askForVotes(450)) - 2e56514c-0608-4198-9fed-b4eba4d3d686@group-3C69EB928671-LeaderElection13 ELECTION round 0: result PASSED
2025-07-05 15:48:29,019 [2e56514c-0608-4198-9fed-b4eba4d3d686@group-3C69EB928671-LeaderElection13] INFO  impl.RoleInfo (RoleInfo.java:shutdownLeaderElection(141)) - 2e56514c-0608-4198-9fed-b4eba4d3d686: shutdown 2e56514c-0608-4198-9fed-b4eba4d3d686@group-3C69EB928671-LeaderElection13
2025-07-05 15:48:29,019 [2e56514c-0608-4198-9fed-b4eba4d3d686@group-3C69EB928671-LeaderElection13] INFO  server.RaftServer$Division (RaftServerImpl.java:setRole(392)) - 2e56514c-0608-4198-9fed-b4eba4d3d686@group-3C69EB928671: changes role from CANDIDATE to LEADER at term 1 for changeToLeader
2025-07-05 15:48:29,019 [2e56514c-0608-4198-9fed-b4eba4d3d686@group-3C69EB928671-LeaderElection13] INFO  server.RaftServerConfigKeys (ConfUtils.java:logFallback(69)) - raft.server.staging.timeout = 15600ms (fallback to raft.server.rpc.timeout.max)
2025-07-05 15:48:29,019 [2e56514c-0608-4198-9fed-b4eba4d3d686@group-3C69EB928671-LeaderElection13] INFO  server.RaftServerConfigKeys (ConfUtils.java:logGet(62)) - raft.server.write.byte-limit = 1024 M (=1073741824) (custom)
2025-07-05 15:48:29,018 [a2863246-e653-4b31-a3d0-09f3a93c429f-groupManagement] INFO  util.AwaitToRun (AwaitToRun.java:start(81)) - Thread[#1373,a2863246-e653-4b31-a3d0-09f3a93c429f@group-DDDF55466C04-cacheEviction-AwaitToRun,5,main] started
2025-07-05 15:48:29,020 [a2863246-e653-4b31-a3d0-09f3a93c429f-groupManagement] INFO  segmented.SegmentedRaftLogWorker (SegmentedRaftLogWorker.java:<init>(190)) - new a2863246-e653-4b31-a3d0-09f3a93c429f@group-DDDF55466C04-SegmentedRaftLogWorker for RaftStorageImpl:Storage Directory /home/runner/work/ozone/ozone/hadoop-ozone/integration-test/target/test-dir/MiniOzoneClusterImpl-0a3c97a5-d59a-4532-afef-c4940c4c02aa/ozone-meta/datanode-8/ratis/42e6736a-9a9f-49f5-be26-dddf55466c04
2025-07-05 15:48:29,020 [a2863246-e653-4b31-a3d0-09f3a93c429f-groupManagement] INFO  server.RaftServerConfigKeys (ConfUtils.java:logGet(62)) - raft.server.log.queue.byte-limit = 4294967296 (custom)
2025-07-05 15:48:29,020 [a2863246-e653-4b31-a3d0-09f3a93c429f-groupManagement] INFO  server.RaftServerConfigKeys (ConfUtils.java:logGet(62)) - raft.server.log.segment.size.max = 67108864 (custom)
2025-07-05 15:48:29,020 [a2863246-e653-4b31-a3d0-09f3a93c429f-groupManagement] INFO  server.RaftServerConfigKeys (ConfUtils.java:logGet(62)) - raft.server.log.preallocated.size = 4194304 (custom)
2025-07-05 15:48:29,018 [grpc-default-executor-4] INFO  server.RaftServer$Division (RaftServerImpl.java:requestVote(1455)) - d3a92f5c-9e4a-48c5-9a32-2f34a6e85eb8@group-3C69EB928671 replies to ELECTION vote request: 2e56514c-0608-4198-9fed-b4eba4d3d686<-d3a92f5c-9e4a-48c5-9a32-2f34a6e85eb8#0:OK-t1-last:<INITIAL_VALUE>. Peer's state: d3a92f5c-9e4a-48c5-9a32-2f34a6e85eb8@group-3C69EB928671:t1, leader=null, voted=2e56514c-0608-4198-9fed-b4eba4d3d686, raftlog=Memoized:d3a92f5c-9e4a-48c5-9a32-2f34a6e85eb8@group-3C69EB928671-SegmentedRaftLog:OPENED:c-1:lastnull, conf=conf: {index: -1, cur=peers:[694b616d-7f52-4b82-b07e-10398eb153c5|127.0.0.1:15047, 2e56514c-0608-4198-9fed-b4eba4d3d686|127.0.0.1:15039, d3a92f5c-9e4a-48c5-9a32-2f34a6e85eb8|127.0.0.1:15055]|listeners:[], old=null}
2025-07-05 15:48:29,023 [a2863246-e653-4b31-a3d0-09f3a93c429f-groupManagement] INFO  server.RaftServerConfigKeys (ConfUtils.java:logGet(62)) - raft.server.log.write.buffer.size = 33554440 (custom)
2025-07-05 15:48:29,024 [d8f38f7e-70e8-450f-85ae-2cee56d3f445-groupManagement] INFO  util.AwaitToRun (AwaitToRun.java:start(81)) - Thread[#1374,d8f38f7e-70e8-450f-85ae-2cee56d3f445@group-DDDF55466C04-cacheEviction-AwaitToRun,5,main] started
2025-07-05 15:48:29,024 [d8f38f7e-70e8-450f-85ae-2cee56d3f445-groupManagement] INFO  segmented.SegmentedRaftLogWorker (SegmentedRaftLogWorker.java:<init>(190)) - new d8f38f7e-70e8-450f-85ae-2cee56d3f445@group-DDDF55466C04-SegmentedRaftLogWorker for RaftStorageImpl:Storage Directory /home/runner/work/ozone/ozone/hadoop-ozone/integration-test/target/test-dir/MiniOzoneClusterImpl-0a3c97a5-d59a-4532-afef-c4940c4c02aa/ozone-meta/datanode-9/ratis/42e6736a-9a9f-49f5-be26-dddf55466c04
2025-07-05 15:48:29,024 [d8f38f7e-70e8-450f-85ae-2cee56d3f445-groupManagement] INFO  server.RaftServerConfigKeys (ConfUtils.java:logGet(62)) - raft.server.log.queue.byte-limit = 4294967296 (custom)
2025-07-05 15:48:29,024 [d8f38f7e-70e8-450f-85ae-2cee56d3f445-groupManagement] INFO  server.RaftServerConfigKeys (ConfUtils.java:logGet(62)) - raft.server.log.segment.size.max = 67108864 (custom)
2025-07-05 15:48:29,024 [d8f38f7e-70e8-450f-85ae-2cee56d3f445-groupManagement] INFO  server.RaftServerConfigKeys (ConfUtils.java:logGet(62)) - raft.server.log.preallocated.size = 4194304 (custom)
2025-07-05 15:48:29,026 [d8f38f7e-70e8-450f-85ae-2cee56d3f445-groupManagement] INFO  server.RaftServerConfigKeys (ConfUtils.java:logGet(62)) - raft.server.log.write.buffer.size = 33554440 (custom)
2025-07-05 15:48:29,026 [2e56514c-0608-4198-9fed-b4eba4d3d686@group-3C69EB928671-LeaderElection13] INFO  server.RaftServerConfigKeys (ConfUtils.java:logGet(62)) - raft.server.log.appender.buffer.byte-limit = 33554432 (custom)
2025-07-05 15:48:29,032 [d8f38f7e-70e8-450f-85ae-2cee56d3f445-groupManagement] INFO  server.RaftServerConfigKeys (ConfUtils.java:logGet(62)) - raft.server.log.appender.buffer.byte-limit = 33554432 (custom)
2025-07-05 15:48:29,033 [d8f38f7e-70e8-450f-85ae-2cee56d3f445-groupManagement] INFO  segmented.SegmentedRaftLogWorker (SegmentedRaftLogWorker.java:lambda$new$0(141)) - d8f38f7e-70e8-450f-85ae-2cee56d3f445@group-DDDF55466C04-SegmentedRaftLogWorker: flushIndex: setUnconditionally 0 -> -1
2025-07-05 15:48:29,033 [d8f38f7e-70e8-450f-85ae-2cee56d3f445-groupManagement] INFO  segmented.SegmentedRaftLogWorker (SegmentedRaftLogWorker.java:lambda$new$0(141)) - d8f38f7e-70e8-450f-85ae-2cee56d3f445@group-DDDF55466C04-SegmentedRaftLogWorker: safeCacheEvictIndex: setUnconditionally 0 -> -1
2025-07-05 15:48:29,033 [d8f38f7e-70e8-450f-85ae-2cee56d3f445-groupManagement] INFO  server.RaftServer$Division (RaftServerImpl.java:start(405)) - d8f38f7e-70e8-450f-85ae-2cee56d3f445@group-DDDF55466C04: start as a follower, conf=conf: {index: -1, cur=peers:[092257cb-ba5a-4f8a-9b9c-d44861eaa450|127.0.0.1:15063, d8f38f7e-70e8-450f-85ae-2cee56d3f445|127.0.0.1:15079, a2863246-e653-4b31-a3d0-09f3a93c429f|127.0.0.1:15071]|listeners:[], old=null}
2025-07-05 15:48:29,033 [d8f38f7e-70e8-450f-85ae-2cee56d3f445-groupManagement] INFO  server.RaftServer$Division (RaftServerImpl.java:setRole(392)) - d8f38f7e-70e8-450f-85ae-2cee56d3f445@group-DDDF55466C04: changes role from      null to FOLLOWER at term 0 for startAsFollower
2025-07-05 15:48:29,033 [d8f38f7e-70e8-450f-85ae-2cee56d3f445-groupManagement] INFO  impl.RoleInfo (RoleInfo.java:updateAndGet(148)) - d8f38f7e-70e8-450f-85ae-2cee56d3f445: start d8f38f7e-70e8-450f-85ae-2cee56d3f445@group-DDDF55466C04-FollowerState
2025-07-05 15:48:29,034 [d8f38f7e-70e8-450f-85ae-2cee56d3f445-groupManagement] INFO  util.JmxRegister (JmxRegister.java:tryRegister(44)) - Successfully registered JMX Bean with object name Ratis:service=RaftServer,group=group-DDDF55466C04,id=d8f38f7e-70e8-450f-85ae-2cee56d3f445
2025-07-05 15:48:29,034 [d8f38f7e-70e8-450f-85ae-2cee56d3f445-groupManagement] INFO  util.JmxRegister (JmxRegister.java:register(58)) - register mxBean class org.apache.ratis.server.impl.RaftServerJmxAdapter as Ratis:service=RaftServer,group=group-DDDF55466C04,id=d8f38f7e-70e8-450f-85ae-2cee56d3f445
2025-07-05 15:48:29,035 [a2863246-e653-4b31-a3d0-09f3a93c429f-groupManagement] INFO  server.RaftServerConfigKeys (ConfUtils.java:logGet(62)) - raft.server.log.appender.buffer.byte-limit = 33554432 (custom)
2025-07-05 15:48:29,035 [a2863246-e653-4b31-a3d0-09f3a93c429f-groupManagement] INFO  segmented.SegmentedRaftLogWorker (SegmentedRaftLogWorker.java:lambda$new$0(141)) - a2863246-e653-4b31-a3d0-09f3a93c429f@group-DDDF55466C04-SegmentedRaftLogWorker: flushIndex: setUnconditionally 0 -> -1
2025-07-05 15:48:29,035 [a2863246-e653-4b31-a3d0-09f3a93c429f-groupManagement] INFO  segmented.SegmentedRaftLogWorker (SegmentedRaftLogWorker.java:lambda$new$0(141)) - a2863246-e653-4b31-a3d0-09f3a93c429f@group-DDDF55466C04-SegmentedRaftLogWorker: safeCacheEvictIndex: setUnconditionally 0 -> -1
2025-07-05 15:48:29,035 [2e56514c-0608-4198-9fed-b4eba4d3d686@group-3C69EB928671-LeaderElection13] INFO  server.RaftServerConfigKeys (ConfUtils.java:logGet(62)) - raft.server.log.appender.buffer.byte-limit = 33554432 (custom)
2025-07-05 15:48:29,036 [2e56514c-0608-4198-9fed-b4eba4d3d686@group-3C69EB928671-LeaderElection13] INFO  impl.RoleInfo (RoleInfo.java:updateAndGet(148)) - 2e56514c-0608-4198-9fed-b4eba4d3d686: start 2e56514c-0608-4198-9fed-b4eba4d3d686@group-3C69EB928671-LeaderStateImpl
2025-07-05 15:48:29,036 [2e56514c-0608-4198-9fed-b4eba4d3d686@group-3C69EB928671-LeaderElection13] INFO  server.RaftServer$Division (RaftServerImpl.java:setFirstElection(576)) - 2e56514c-0608-4198-9fed-b4eba4d3d686@group-3C69EB928671: set firstElectionSinceStartup to false for becomeLeader
2025-07-05 15:48:29,036 [2e56514c-0608-4198-9fed-b4eba4d3d686@group-3C69EB928671-LeaderElection13] INFO  ratis.XceiverServerRatis (XceiverServerRatis.java:handleLeaderChangedNotification(944)) - Leader change notification received for group: group-3C69EB928671 with new leaderId: 2e56514c-0608-4198-9fed-b4eba4d3d686
2025-07-05 15:48:29,036 [a2863246-e653-4b31-a3d0-09f3a93c429f-groupManagement] INFO  server.RaftServer$Division (RaftServerImpl.java:start(405)) - a2863246-e653-4b31-a3d0-09f3a93c429f@group-DDDF55466C04: start as a follower, conf=conf: {index: -1, cur=peers:[092257cb-ba5a-4f8a-9b9c-d44861eaa450|127.0.0.1:15063, d8f38f7e-70e8-450f-85ae-2cee56d3f445|127.0.0.1:15079, a2863246-e653-4b31-a3d0-09f3a93c429f|127.0.0.1:15071]|listeners:[], old=null}
2025-07-05 15:48:29,036 [a2863246-e653-4b31-a3d0-09f3a93c429f-groupManagement] INFO  server.RaftServer$Division (RaftServerImpl.java:setRole(392)) - a2863246-e653-4b31-a3d0-09f3a93c429f@group-DDDF55466C04: changes role from      null to FOLLOWER at term 0 for startAsFollower
2025-07-05 15:48:29,037 [a2863246-e653-4b31-a3d0-09f3a93c429f-groupManagement] INFO  impl.RoleInfo (RoleInfo.java:updateAndGet(148)) - a2863246-e653-4b31-a3d0-09f3a93c429f: start a2863246-e653-4b31-a3d0-09f3a93c429f@group-DDDF55466C04-FollowerState
2025-07-05 15:48:29,037 [2e56514c-0608-4198-9fed-b4eba4d3d686@group-3C69EB928671-LeaderElection13] INFO  server.RaftServer$Division (ServerState.java:setLeader(272)) - 2e56514c-0608-4198-9fed-b4eba4d3d686@group-3C69EB928671: change Leader from null to 2e56514c-0608-4198-9fed-b4eba4d3d686 at term 1 for becomeLeader, leader elected after 1082ms
2025-07-05 15:48:29,037 [2e56514c-0608-4198-9fed-b4eba4d3d686@group-3C69EB928671-LeaderElection13] INFO  segmented.SegmentedRaftLogWorker (SegmentedRaftLogWorker.java:startLogSegment(440)) - 2e56514c-0608-4198-9fed-b4eba4d3d686@group-3C69EB928671-SegmentedRaftLogWorker: Starting segment from index:0
2025-07-05 15:48:29,037 [2e56514c-0608-4198-9fed-b4eba4d3d686@group-3C69EB928671-SegmentedRaftLogWorker] INFO  segmented.BufferedWriteChannel (BufferedWriteChannel.java:open(61)) - open log_inprogress_0 at position 0
2025-07-05 15:48:29,040 [2e56514c-0608-4198-9fed-b4eba4d3d686@group-3C69EB928671-LeaderElection13] INFO  server.RaftServer$Division (ServerState.java:setRaftConf(386)) - 2e56514c-0608-4198-9fed-b4eba4d3d686@group-3C69EB928671: set configuration conf: {index: 0, cur=peers:[694b616d-7f52-4b82-b07e-10398eb153c5|127.0.0.1:15047, 2e56514c-0608-4198-9fed-b4eba4d3d686|127.0.0.1:15039, d3a92f5c-9e4a-48c5-9a32-2f34a6e85eb8|127.0.0.1:15055]|listeners:[], old=null}
2025-07-05 15:48:29,040 [d8f38f7e-70e8-450f-85ae-2cee56d3f445-groupManagement] INFO  server.RaftServer$Division (RaftServerImpl.java:start(419)) - d8f38f7e-70e8-450f-85ae-2cee56d3f445@group-DDDF55466C04: Successfully started.
2025-07-05 15:48:29,041 [a2863246-e653-4b31-a3d0-09f3a93c429f-groupManagement] INFO  util.JmxRegister (JmxRegister.java:tryRegister(44)) - Successfully registered JMX Bean with object name Ratis:service=RaftServer,group=group-DDDF55466C04,id=a2863246-e653-4b31-a3d0-09f3a93c429f
2025-07-05 15:48:29,041 [a2863246-e653-4b31-a3d0-09f3a93c429f-groupManagement] INFO  util.JmxRegister (JmxRegister.java:register(58)) - register mxBean class org.apache.ratis.server.impl.RaftServerJmxAdapter as Ratis:service=RaftServer,group=group-DDDF55466C04,id=a2863246-e653-4b31-a3d0-09f3a93c429f
2025-07-05 15:48:29,045 [a2863246-e653-4b31-a3d0-09f3a93c429f-groupManagement] INFO  server.RaftServer$Division (RaftServerImpl.java:start(419)) - a2863246-e653-4b31-a3d0-09f3a93c429f@group-DDDF55466C04: Successfully started.
2025-07-05 15:48:29,046 [a2863246-e653-4b31-a3d0-09f3a93c429f-PipelineCommandHandlerThread-0] INFO  ratis.XceiverServerRatis (XceiverServerRatis.java:addGroup(843)) - Created group Pipeline-42e6736a-9a9f-49f5-be26-dddf55466c04
2025-07-05 15:48:29,049 [2e56514c-0608-4198-9fed-b4eba4d3d686@group-16B42A219972-SegmentedRaftLogWorker] INFO  segmented.SegmentedRaftLogWorker (SegmentedRaftLogWorker.java:execute(647)) - 2e56514c-0608-4198-9fed-b4eba4d3d686@group-16B42A219972-SegmentedRaftLogWorker: created new log segment /home/runner/work/ozone/ozone/hadoop-ozone/integration-test/target/test-dir/MiniOzoneClusterImpl-0a3c97a5-d59a-4532-afef-c4940c4c02aa/ozone-meta/datanode-4/ratis/733df3bd-5943-401d-9617-16b42a219972/current/log_inprogress_0
2025-07-05 15:48:29,051 [2e56514c-0608-4198-9fed-b4eba4d3d686@group-16B42A219972-StateMachineUpdater] INFO  server.RaftServer$Division (LeaderStateImpl.java:checkStartIndex(309)) - Leader 2e56514c-0608-4198-9fed-b4eba4d3d686@group-16B42A219972-LeaderStateImpl is ready since appliedIndex == startIndex == 0
2025-07-05 15:48:29,051 [2e56514c-0608-4198-9fed-b4eba4d3d686@group-16B42A219972-StateMachineUpdater] INFO  ratis.ContainerStateMachine (ContainerStateMachine.java:takeSnapshot(427)) - group-16B42A219972: Taking a snapshot at:(t:1, i:0) file /home/runner/work/ozone/ozone/hadoop-ozone/integration-test/target/test-dir/MiniOzoneClusterImpl-0a3c97a5-d59a-4532-afef-c4940c4c02aa/ozone-meta/datanode-4/ratis/733df3bd-5943-401d-9617-16b42a219972/sm/snapshot.1_0
2025-07-05 15:48:29,052 [2e56514c-0608-4198-9fed-b4eba4d3d686@group-3C69EB928671-SegmentedRaftLogWorker] INFO  segmented.SegmentedRaftLogWorker (SegmentedRaftLogWorker.java:execute(647)) - 2e56514c-0608-4198-9fed-b4eba4d3d686@group-3C69EB928671-SegmentedRaftLogWorker: created new log segment /home/runner/work/ozone/ozone/hadoop-ozone/integration-test/target/test-dir/MiniOzoneClusterImpl-0a3c97a5-d59a-4532-afef-c4940c4c02aa/ozone-meta/datanode-4/ratis/e3a3bb0d-3136-4b0d-b430-3c69eb928671/current/log_inprogress_0
2025-07-05 15:48:29,054 [2e56514c-0608-4198-9fed-b4eba4d3d686@group-16B42A219972-StateMachineUpdater] INFO  ratis.ContainerStateMachine (ContainerStateMachine.java:takeSnapshot(436)) - group-16B42A219972: Finished taking a snapshot at:(t:1, i:0) file:/home/runner/work/ozone/ozone/hadoop-ozone/integration-test/target/test-dir/MiniOzoneClusterImpl-0a3c97a5-d59a-4532-afef-c4940c4c02aa/ozone-meta/datanode-4/ratis/733df3bd-5943-401d-9617-16b42a219972/sm/snapshot.1_0 took: 2 ms
2025-07-05 15:48:29,054 [2e56514c-0608-4198-9fed-b4eba4d3d686@group-16B42A219972-StateMachineUpdater] INFO  impl.StateMachineUpdater (StateMachineUpdater.java:takeSnapshot(307)) - 2e56514c-0608-4198-9fed-b4eba4d3d686@group-16B42A219972-StateMachineUpdater: Took a snapshot at index 0
2025-07-05 15:48:29,054 [2e56514c-0608-4198-9fed-b4eba4d3d686@group-16B42A219972-StateMachineUpdater] INFO  impl.StateMachineUpdater (StateMachineUpdater.java:lambda$new$0(101)) - 2e56514c-0608-4198-9fed-b4eba4d3d686@group-16B42A219972-StateMachineUpdater: snapshotIndex: updateIncreasingly -1 -> 0
2025-07-05 15:48:29,055 [EventQueue-PipelineReportForPipelineReportHandler] INFO  pipeline.PipelineReportHandler (PipelineReportHandler.java:processPipelineReport(134)) - Opened pipeline Pipeline-e3a3bb0d-3136-4b0d-b430-3c69eb928671
2025-07-05 15:48:29,068 [grpc-default-executor-2] INFO  ratis.XceiverServerRatis (XceiverServerRatis.java:handleLeaderChangedNotification(944)) - Leader change notification received for group: group-3C69EB928671 with new leaderId: 2e56514c-0608-4198-9fed-b4eba4d3d686
2025-07-05 15:48:29,068 [grpc-default-executor-2] INFO  server.RaftServer$Division (ServerState.java:setLeader(272)) - d3a92f5c-9e4a-48c5-9a32-2f34a6e85eb8@group-3C69EB928671: change Leader from null to 2e56514c-0608-4198-9fed-b4eba4d3d686 at term 1 for appendEntries, leader elected after 1016ms
2025-07-05 15:48:29,068 [grpc-default-executor-2] INFO  server.RaftServer$Division (ServerState.java:setRaftConf(386)) - d3a92f5c-9e4a-48c5-9a32-2f34a6e85eb8@group-3C69EB928671: set configuration conf: {index: 0, cur=peers:[694b616d-7f52-4b82-b07e-10398eb153c5|127.0.0.1:15047, 2e56514c-0608-4198-9fed-b4eba4d3d686|127.0.0.1:15039, d3a92f5c-9e4a-48c5-9a32-2f34a6e85eb8|127.0.0.1:15055]|listeners:[], old=null}
2025-07-05 15:48:29,069 [grpc-default-executor-2] INFO  segmented.SegmentedRaftLogWorker (SegmentedRaftLogWorker.java:startLogSegment(440)) - d3a92f5c-9e4a-48c5-9a32-2f34a6e85eb8@group-3C69EB928671-SegmentedRaftLogWorker: Starting segment from index:0
2025-07-05 15:48:29,071 [d3a92f5c-9e4a-48c5-9a32-2f34a6e85eb8@group-3C69EB928671-SegmentedRaftLogWorker] INFO  segmented.BufferedWriteChannel (BufferedWriteChannel.java:open(61)) - open log_inprogress_0 at position 0
2025-07-05 15:48:29,075 [694b616d-7f52-4b82-b07e-10398eb153c5@group-C1D084BE788E-FollowerState] INFO  impl.FollowerState (FollowerState.java:runImpl(161)) - 694b616d-7f52-4b82-b07e-10398eb153c5@group-C1D084BE788E-FollowerState: change to CANDIDATE, lastRpcElapsedTime:1130375679ns, electionTimeout:1129ms
2025-07-05 15:48:29,075 [694b616d-7f52-4b82-b07e-10398eb153c5@group-C1D084BE788E-FollowerState] INFO  impl.RoleInfo (RoleInfo.java:shutdownFollowerState(121)) - 694b616d-7f52-4b82-b07e-10398eb153c5: shutdown 694b616d-7f52-4b82-b07e-10398eb153c5@group-C1D084BE788E-FollowerState
2025-07-05 15:48:29,075 [694b616d-7f52-4b82-b07e-10398eb153c5@group-C1D084BE788E-FollowerState] INFO  server.RaftServer$Division (RaftServerImpl.java:setRole(392)) - 694b616d-7f52-4b82-b07e-10398eb153c5@group-C1D084BE788E: changes role from  FOLLOWER to CANDIDATE at term 0 for changeToCandidate
2025-07-05 15:48:29,076 [694b616d-7f52-4b82-b07e-10398eb153c5@group-C1D084BE788E-FollowerState] INFO  impl.RoleInfo (RoleInfo.java:updateAndGet(148)) - 694b616d-7f52-4b82-b07e-10398eb153c5: start 694b616d-7f52-4b82-b07e-10398eb153c5@group-C1D084BE788E-LeaderElection14
2025-07-05 15:48:29,076 [694b616d-7f52-4b82-b07e-10398eb153c5@group-C1D084BE788E-LeaderElection14] INFO  impl.LeaderElection (LeaderElection.java:askForVotes(448)) - 694b616d-7f52-4b82-b07e-10398eb153c5@group-C1D084BE788E-LeaderElection14 PRE_VOTE round 0: submit vote requests at term 0 for conf: {index: -1, cur=peers:[694b616d-7f52-4b82-b07e-10398eb153c5|127.0.0.1:15047, 2e56514c-0608-4198-9fed-b4eba4d3d686|127.0.0.1:15039, d3a92f5c-9e4a-48c5-9a32-2f34a6e85eb8|127.0.0.1:15055]|listeners:[], old=null}
2025-07-05 15:48:29,080 [grpc-default-executor-2] INFO  ratis.XceiverServerRatis (XceiverServerRatis.java:handleLeaderChangedNotification(944)) - Leader change notification received for group: group-3C69EB928671 with new leaderId: 2e56514c-0608-4198-9fed-b4eba4d3d686
2025-07-05 15:48:29,080 [grpc-default-executor-2] INFO  server.RaftServer$Division (ServerState.java:setLeader(272)) - 694b616d-7f52-4b82-b07e-10398eb153c5@group-3C69EB928671: change Leader from null to 2e56514c-0608-4198-9fed-b4eba4d3d686 at term 1 for appendEntries, leader elected after 1089ms
2025-07-05 15:48:29,085 [694b616d-7f52-4b82-b07e-10398eb153c5@group-C1D084BE788E-LeaderElection14-2] INFO  server.GrpcServerProtocolClient (GrpcServerProtocolClient.java:<init>(65)) - Build channel for d3a92f5c-9e4a-48c5-9a32-2f34a6e85eb8|127.0.0.1:15055
2025-07-05 15:48:29,085 [694b616d-7f52-4b82-b07e-10398eb153c5@group-C1D084BE788E-LeaderElection14-1] INFO  server.GrpcServerProtocolClient (GrpcServerProtocolClient.java:<init>(65)) - Build channel for 2e56514c-0608-4198-9fed-b4eba4d3d686|127.0.0.1:15039
2025-07-05 15:48:29,085 [grpc-default-executor-2] INFO  server.RaftServer$Division (ServerState.java:setRaftConf(386)) - 694b616d-7f52-4b82-b07e-10398eb153c5@group-3C69EB928671: set configuration conf: {index: 0, cur=peers:[694b616d-7f52-4b82-b07e-10398eb153c5|127.0.0.1:15047, 2e56514c-0608-4198-9fed-b4eba4d3d686|127.0.0.1:15039, d3a92f5c-9e4a-48c5-9a32-2f34a6e85eb8|127.0.0.1:15055]|listeners:[], old=null}
2025-07-05 15:48:29,085 [grpc-default-executor-2] INFO  segmented.SegmentedRaftLogWorker (SegmentedRaftLogWorker.java:startLogSegment(440)) - 694b616d-7f52-4b82-b07e-10398eb153c5@group-3C69EB928671-SegmentedRaftLogWorker: Starting segment from index:0
2025-07-05 15:48:29,086 [694b616d-7f52-4b82-b07e-10398eb153c5@group-3C69EB928671-SegmentedRaftLogWorker] INFO  segmented.BufferedWriteChannel (BufferedWriteChannel.java:open(61)) - open log_inprogress_0 at position 0
2025-07-05 15:48:29,087 [grpc-default-executor-4] WARN  server.GrpcAdminProtocolService (GrpcAdminProtocolService.java:lambda$groupManagement$1(53)) - Failed groupManagement: GROUPADD, GroupManagementRequest:client-E5C6E248DC24->d8f38f7e-70e8-450f-85ae-2cee56d3f445@group-DDDF55466C04, cid=14, seq=null, RW, null, Add:group-DDDF55466C04:[092257cb-ba5a-4f8a-9b9c-d44861eaa450|127.0.0.1:15063, d8f38f7e-70e8-450f-85ae-2cee56d3f445|127.0.0.1:15079, a2863246-e653-4b31-a3d0-09f3a93c429f|127.0.0.1:15071]
java.util.concurrent.CompletionException: org.apache.ratis.protocol.exceptions.AlreadyExistsException: d8f38f7e-70e8-450f-85ae-2cee56d3f445: Failed to add group-DDDF55466C04:[092257cb-ba5a-4f8a-9b9c-d44861eaa450|127.0.0.1:15063, d8f38f7e-70e8-450f-85ae-2cee56d3f445|127.0.0.1:15079, a2863246-e653-4b31-a3d0-09f3a93c429f|127.0.0.1:15071] since the group already exists in the map.
	at java.base/java.util.concurrent.CompletableFuture.encodeThrowable(CompletableFuture.java:332)
	at java.base/java.util.concurrent.CompletableFuture.uniApplyNow(CompletableFuture.java:674)
	at java.base/java.util.concurrent.CompletableFuture.uniApplyStage(CompletableFuture.java:662)
	at java.base/java.util.concurrent.CompletableFuture.thenApplyAsync(CompletableFuture.java:2210)
	at org.apache.ratis.server.impl.RaftServerProxy.groupAddAsync(RaftServerProxy.java:513)
	at org.apache.ratis.server.impl.RaftServerProxy.groupManagementAsync(RaftServerProxy.java:495)
	at org.apache.ratis.grpc.server.GrpcAdminProtocolService.lambda$groupManagement$0(GrpcAdminProtocolService.java:51)
	at org.apache.ratis.grpc.GrpcUtil.asyncCall(GrpcUtil.java:172)
	at org.apache.ratis.grpc.server.GrpcAdminProtocolService.groupManagement(GrpcAdminProtocolService.java:51)
	at org.apache.ratis.proto.grpc.AdminProtocolServiceGrpc$MethodHandlers.invoke(AdminProtocolServiceGrpc.java:701)
	at org.apache.ratis.thirdparty.io.grpc.stub.ServerCalls$UnaryServerCallHandler$UnaryServerCallListener.onHalfClose(ServerCalls.java:182)
	at org.apache.ratis.thirdparty.io.grpc.internal.ServerCallImpl$ServerStreamListenerImpl.halfClosed(ServerCallImpl.java:356)
	at org.apache.ratis.thirdparty.io.grpc.internal.ServerImpl$JumpToApplicationThreadServerStreamListener$1HalfClosed.runInContext(ServerImpl.java:861)
	at org.apache.ratis.thirdparty.io.grpc.internal.ContextRunnable.run(ContextRunnable.java:37)
	at org.apache.ratis.thirdparty.io.grpc.internal.SerializingExecutor.run(SerializingExecutor.java:133)
	at java.base/java.util.concurrent.ThreadPoolExecutor.runWorker(ThreadPoolExecutor.java:1144)
	at java.base/java.util.concurrent.ThreadPoolExecutor$Worker.run(ThreadPoolExecutor.java:642)
	at java.base/java.lang.Thread.run(Thread.java:1583)
Caused by: org.apache.ratis.protocol.exceptions.AlreadyExistsException: d8f38f7e-70e8-450f-85ae-2cee56d3f445: Failed to add group-DDDF55466C04:[092257cb-ba5a-4f8a-9b9c-d44861eaa450|127.0.0.1:15063, d8f38f7e-70e8-450f-85ae-2cee56d3f445|127.0.0.1:15079, a2863246-e653-4b31-a3d0-09f3a93c429f|127.0.0.1:15071] since the group already exists in the map.
	at org.apache.ratis.server.impl.RaftServerProxy$ImplMap.addNew(RaftServerProxy.java:99)
	at org.apache.ratis.server.impl.RaftServerProxy.groupAddAsync(RaftServerProxy.java:512)
	... 13 more
2025-07-05 15:48:29,088 [grpc-default-executor-3] WARN  server.GrpcAdminProtocolService (GrpcAdminProtocolService.java:lambda$groupManagement$1(53)) - Failed groupManagement: GROUPADD, GroupManagementRequest:client-93EED681E9C5->a2863246-e653-4b31-a3d0-09f3a93c429f@group-DDDF55466C04, cid=15, seq=null, RW, null, Add:group-DDDF55466C04:[092257cb-ba5a-4f8a-9b9c-d44861eaa450|127.0.0.1:15063, d8f38f7e-70e8-450f-85ae-2cee56d3f445|127.0.0.1:15079, a2863246-e653-4b31-a3d0-09f3a93c429f|127.0.0.1:15071]
java.util.concurrent.CompletionException: org.apache.ratis.protocol.exceptions.AlreadyExistsException: a2863246-e653-4b31-a3d0-09f3a93c429f: Failed to add group-DDDF55466C04:[092257cb-ba5a-4f8a-9b9c-d44861eaa450|127.0.0.1:15063, d8f38f7e-70e8-450f-85ae-2cee56d3f445|127.0.0.1:15079, a2863246-e653-4b31-a3d0-09f3a93c429f|127.0.0.1:15071] since the group already exists in the map.
	at java.base/java.util.concurrent.CompletableFuture.encodeThrowable(CompletableFuture.java:332)
	at java.base/java.util.concurrent.CompletableFuture.uniApplyNow(CompletableFuture.java:674)
	at java.base/java.util.concurrent.CompletableFuture.uniApplyStage(CompletableFuture.java:662)
	at java.base/java.util.concurrent.CompletableFuture.thenApplyAsync(CompletableFuture.java:2210)
	at org.apache.ratis.server.impl.RaftServerProxy.groupAddAsync(RaftServerProxy.java:513)
	at org.apache.ratis.server.impl.RaftServerProxy.groupManagementAsync(RaftServerProxy.java:495)
	at org.apache.ratis.grpc.server.GrpcAdminProtocolService.lambda$groupManagement$0(GrpcAdminProtocolService.java:51)
	at org.apache.ratis.grpc.GrpcUtil.asyncCall(GrpcUtil.java:172)
	at org.apache.ratis.grpc.server.GrpcAdminProtocolService.groupManagement(GrpcAdminProtocolService.java:51)
	at org.apache.ratis.proto.grpc.AdminProtocolServiceGrpc$MethodHandlers.invoke(AdminProtocolServiceGrpc.java:701)
	at org.apache.ratis.thirdparty.io.grpc.stub.ServerCalls$UnaryServerCallHandler$UnaryServerCallListener.onHalfClose(ServerCalls.java:182)
	at org.apache.ratis.thirdparty.io.grpc.internal.ServerCallImpl$ServerStreamListenerImpl.halfClosed(ServerCallImpl.java:356)
	at org.apache.ratis.thirdparty.io.grpc.internal.ServerImpl$JumpToApplicationThreadServerStreamListener$1HalfClosed.runInContext(ServerImpl.java:861)
	at org.apache.ratis.thirdparty.io.grpc.internal.ContextRunnable.run(ContextRunnable.java:37)
	at org.apache.ratis.thirdparty.io.grpc.internal.SerializingExecutor.run(SerializingExecutor.java:133)
	at java.base/java.util.concurrent.ThreadPoolExecutor.runWorker(ThreadPoolExecutor.java:1144)
	at java.base/java.util.concurrent.ThreadPoolExecutor$Worker.run(ThreadPoolExecutor.java:642)
	at java.base/java.lang.Thread.run(Thread.java:1583)
Caused by: org.apache.ratis.protocol.exceptions.AlreadyExistsException: a2863246-e653-4b31-a3d0-09f3a93c429f: Failed to add group-DDDF55466C04:[092257cb-ba5a-4f8a-9b9c-d44861eaa450|127.0.0.1:15063, d8f38f7e-70e8-450f-85ae-2cee56d3f445|127.0.0.1:15079, a2863246-e653-4b31-a3d0-09f3a93c429f|127.0.0.1:15071] since the group already exists in the map.
	at org.apache.ratis.server.impl.RaftServerProxy$ImplMap.addNew(RaftServerProxy.java:99)
	at org.apache.ratis.server.impl.RaftServerProxy.groupAddAsync(RaftServerProxy.java:512)
	... 13 more
2025-07-05 15:48:29,093 [d3a92f5c-9e4a-48c5-9a32-2f34a6e85eb8@group-3C69EB928671-SegmentedRaftLogWorker] INFO  segmented.SegmentedRaftLogWorker (SegmentedRaftLogWorker.java:execute(647)) - d3a92f5c-9e4a-48c5-9a32-2f34a6e85eb8@group-3C69EB928671-SegmentedRaftLogWorker: created new log segment /home/runner/work/ozone/ozone/hadoop-ozone/integration-test/target/test-dir/MiniOzoneClusterImpl-0a3c97a5-d59a-4532-afef-c4940c4c02aa/ozone-meta/datanode-6/ratis/e3a3bb0d-3136-4b0d-b430-3c69eb928671/current/log_inprogress_0
2025-07-05 15:48:29,100 [694b616d-7f52-4b82-b07e-10398eb153c5@group-3C69EB928671-SegmentedRaftLogWorker] INFO  segmented.SegmentedRaftLogWorker (SegmentedRaftLogWorker.java:execute(647)) - 694b616d-7f52-4b82-b07e-10398eb153c5@group-3C69EB928671-SegmentedRaftLogWorker: created new log segment /home/runner/work/ozone/ozone/hadoop-ozone/integration-test/target/test-dir/MiniOzoneClusterImpl-0a3c97a5-d59a-4532-afef-c4940c4c02aa/ozone-meta/datanode-5/ratis/e3a3bb0d-3136-4b0d-b430-3c69eb928671/current/log_inprogress_0
2025-07-05 15:48:29,106 [grpc-default-executor-4] INFO  server.RaftServer$Division (RaftServerImpl.java:requestVote(1421)) - d3a92f5c-9e4a-48c5-9a32-2f34a6e85eb8@group-C1D084BE788E: receive requestVote(PRE_VOTE, 694b616d-7f52-4b82-b07e-10398eb153c5, group-C1D084BE788E, 0, <PROTO_DEFAULT>)
2025-07-05 15:48:29,106 [grpc-default-executor-4] INFO  impl.VoteContext (VoteContext.java:log(49)) - d3a92f5c-9e4a-48c5-9a32-2f34a6e85eb8@group-C1D084BE788E-FOLLOWER: accept PRE_VOTE from 694b616d-7f52-4b82-b07e-10398eb153c5: our priority 0 <= candidate's priority 1
2025-07-05 15:48:29,106 [2e56514c-0608-4198-9fed-b4eba4d3d686@group-3C69EB928671-StateMachineUpdater] INFO  server.RaftServer$Division (LeaderStateImpl.java:checkStartIndex(309)) - Leader 2e56514c-0608-4198-9fed-b4eba4d3d686@group-3C69EB928671-LeaderStateImpl is ready since appliedIndex == startIndex == 0
2025-07-05 15:48:29,107 [2e56514c-0608-4198-9fed-b4eba4d3d686@group-3C69EB928671-StateMachineUpdater] INFO  ratis.ContainerStateMachine (ContainerStateMachine.java:takeSnapshot(427)) - group-3C69EB928671: Taking a snapshot at:(t:1, i:0) file /home/runner/work/ozone/ozone/hadoop-ozone/integration-test/target/test-dir/MiniOzoneClusterImpl-0a3c97a5-d59a-4532-afef-c4940c4c02aa/ozone-meta/datanode-4/ratis/e3a3bb0d-3136-4b0d-b430-3c69eb928671/sm/snapshot.1_0
2025-07-05 15:48:29,106 [grpc-default-executor-4] INFO  server.RaftServer$Division (RaftServerImpl.java:requestVote(1455)) - d3a92f5c-9e4a-48c5-9a32-2f34a6e85eb8@group-C1D084BE788E replies to PRE_VOTE vote request: 694b616d-7f52-4b82-b07e-10398eb153c5<-d3a92f5c-9e4a-48c5-9a32-2f34a6e85eb8#0:OK-t0-last:<INITIAL_VALUE>. Peer's state: d3a92f5c-9e4a-48c5-9a32-2f34a6e85eb8@group-C1D084BE788E:t0, leader=null, voted=, raftlog=Memoized:d3a92f5c-9e4a-48c5-9a32-2f34a6e85eb8@group-C1D084BE788E-SegmentedRaftLog:OPENED:c-1:lastnull, conf=conf: {index: -1, cur=peers:[694b616d-7f52-4b82-b07e-10398eb153c5|127.0.0.1:15047, 2e56514c-0608-4198-9fed-b4eba4d3d686|127.0.0.1:15039, d3a92f5c-9e4a-48c5-9a32-2f34a6e85eb8|127.0.0.1:15055]|listeners:[], old=null}
2025-07-05 15:48:29,108 [grpc-default-executor-2] INFO  server.RaftServer$Division (RaftServerImpl.java:requestVote(1421)) - 2e56514c-0608-4198-9fed-b4eba4d3d686@group-C1D084BE788E: receive requestVote(PRE_VOTE, 694b616d-7f52-4b82-b07e-10398eb153c5, group-C1D084BE788E, 0, <PROTO_DEFAULT>)
2025-07-05 15:48:29,108 [2e56514c-0608-4198-9fed-b4eba4d3d686@group-3C69EB928671-StateMachineUpdater] INFO  ratis.ContainerStateMachine (ContainerStateMachine.java:takeSnapshot(436)) - group-3C69EB928671: Finished taking a snapshot at:(t:1, i:0) file:/home/runner/work/ozone/ozone/hadoop-ozone/integration-test/target/test-dir/MiniOzoneClusterImpl-0a3c97a5-d59a-4532-afef-c4940c4c02aa/ozone-meta/datanode-4/ratis/e3a3bb0d-3136-4b0d-b430-3c69eb928671/sm/snapshot.1_0 took: 1 ms
2025-07-05 15:48:29,108 [2e56514c-0608-4198-9fed-b4eba4d3d686@group-3C69EB928671-StateMachineUpdater] INFO  impl.StateMachineUpdater (StateMachineUpdater.java:takeSnapshot(307)) - 2e56514c-0608-4198-9fed-b4eba4d3d686@group-3C69EB928671-StateMachineUpdater: Took a snapshot at index 0
2025-07-05 15:48:29,108 [2e56514c-0608-4198-9fed-b4eba4d3d686@group-3C69EB928671-StateMachineUpdater] INFO  impl.StateMachineUpdater (StateMachineUpdater.java:lambda$new$0(101)) - 2e56514c-0608-4198-9fed-b4eba4d3d686@group-3C69EB928671-StateMachineUpdater: snapshotIndex: updateIncreasingly -1 -> 0
2025-07-05 15:48:29,108 [grpc-default-executor-2] INFO  impl.VoteContext (VoteContext.java:log(49)) - 2e56514c-0608-4198-9fed-b4eba4d3d686@group-C1D084BE788E-FOLLOWER: accept PRE_VOTE from 694b616d-7f52-4b82-b07e-10398eb153c5: our priority 0 <= candidate's priority 1
2025-07-05 15:48:29,108 [grpc-default-executor-2] INFO  server.RaftServer$Division (RaftServerImpl.java:requestVote(1455)) - 2e56514c-0608-4198-9fed-b4eba4d3d686@group-C1D084BE788E replies to PRE_VOTE vote request: 694b616d-7f52-4b82-b07e-10398eb153c5<-2e56514c-0608-4198-9fed-b4eba4d3d686#0:OK-t0-last:<INITIAL_VALUE>. Peer's state: 2e56514c-0608-4198-9fed-b4eba4d3d686@group-C1D084BE788E:t0, leader=null, voted=, raftlog=Memoized:2e56514c-0608-4198-9fed-b4eba4d3d686@group-C1D084BE788E-SegmentedRaftLog:OPENED:c-1:lastnull, conf=conf: {index: -1, cur=peers:[694b616d-7f52-4b82-b07e-10398eb153c5|127.0.0.1:15047, 2e56514c-0608-4198-9fed-b4eba4d3d686|127.0.0.1:15039, d3a92f5c-9e4a-48c5-9a32-2f34a6e85eb8|127.0.0.1:15055]|listeners:[], old=null}
2025-07-05 15:48:29,109 [694b616d-7f52-4b82-b07e-10398eb153c5@group-C1D084BE788E-LeaderElection14] INFO  impl.LeaderElection (LeaderElection.java:logAndReturn(206)) - 694b616d-7f52-4b82-b07e-10398eb153c5@group-C1D084BE788E-LeaderElection14: PRE_VOTE PASSED received 1 response(s) and 0 exception(s):
2025-07-05 15:48:29,109 [694b616d-7f52-4b82-b07e-10398eb153c5@group-C1D084BE788E-LeaderElection14] INFO  impl.LeaderElection (LeaderElection.java:logAndReturn(210)) -   Response 0: 694b616d-7f52-4b82-b07e-10398eb153c5<-d3a92f5c-9e4a-48c5-9a32-2f34a6e85eb8#0:OK-t0-last:<INITIAL_VALUE>
2025-07-05 15:48:29,109 [694b616d-7f52-4b82-b07e-10398eb153c5@group-C1D084BE788E-LeaderElection14] INFO  impl.LeaderElection (LeaderElection.java:askForVotes(450)) - 694b616d-7f52-4b82-b07e-10398eb153c5@group-C1D084BE788E-LeaderElection14 PRE_VOTE round 0: result PASSED
2025-07-05 15:48:29,110 [694b616d-7f52-4b82-b07e-10398eb153c5@group-C1D084BE788E-LeaderElection14] INFO  impl.LeaderElection (LeaderElection.java:askForVotes(448)) - 694b616d-7f52-4b82-b07e-10398eb153c5@group-C1D084BE788E-LeaderElection14 ELECTION round 0: submit vote requests at term 1 for conf: {index: -1, cur=peers:[694b616d-7f52-4b82-b07e-10398eb153c5|127.0.0.1:15047, 2e56514c-0608-4198-9fed-b4eba4d3d686|127.0.0.1:15039, d3a92f5c-9e4a-48c5-9a32-2f34a6e85eb8|127.0.0.1:15055]|listeners:[], old=null}
2025-07-05 15:48:29,118 [grpc-default-executor-2] INFO  server.RaftServer$Division (RaftServerImpl.java:requestVote(1421)) - 2e56514c-0608-4198-9fed-b4eba4d3d686@group-C1D084BE788E: receive requestVote(ELECTION, 694b616d-7f52-4b82-b07e-10398eb153c5, group-C1D084BE788E, 1, <PROTO_DEFAULT>)
2025-07-05 15:48:29,118 [grpc-default-executor-2] INFO  impl.VoteContext (VoteContext.java:log(49)) - 2e56514c-0608-4198-9fed-b4eba4d3d686@group-C1D084BE788E-FOLLOWER: accept ELECTION from 694b616d-7f52-4b82-b07e-10398eb153c5: our priority 0 <= candidate's priority 1
2025-07-05 15:48:29,118 [grpc-default-executor-2] INFO  server.RaftServer$Division (RaftServerImpl.java:setRole(392)) - 2e56514c-0608-4198-9fed-b4eba4d3d686@group-C1D084BE788E: changes role from  FOLLOWER to FOLLOWER at term 0 for candidate:694b616d-7f52-4b82-b07e-10398eb153c5
2025-07-05 15:48:29,118 [grpc-default-executor-2] INFO  impl.RoleInfo (RoleInfo.java:shutdownFollowerState(121)) - 2e56514c-0608-4198-9fed-b4eba4d3d686: shutdown 2e56514c-0608-4198-9fed-b4eba4d3d686@group-C1D084BE788E-FollowerState
2025-07-05 15:48:29,118 [grpc-default-executor-2] INFO  impl.RoleInfo (RoleInfo.java:updateAndGet(148)) - 2e56514c-0608-4198-9fed-b4eba4d3d686: start 2e56514c-0608-4198-9fed-b4eba4d3d686@group-C1D084BE788E-FollowerState
2025-07-05 15:48:29,119 [2e56514c-0608-4198-9fed-b4eba4d3d686@group-C1D084BE788E-FollowerState] INFO  impl.FollowerState (FollowerState.java:runImpl(170)) - 2e56514c-0608-4198-9fed-b4eba4d3d686@group-C1D084BE788E-FollowerState was interrupted
2025-07-05 15:48:29,119 [grpc-default-executor-3] INFO  server.RaftServer$Division (RaftServerImpl.java:requestVote(1421)) - d3a92f5c-9e4a-48c5-9a32-2f34a6e85eb8@group-C1D084BE788E: receive requestVote(ELECTION, 694b616d-7f52-4b82-b07e-10398eb153c5, group-C1D084BE788E, 1, <PROTO_DEFAULT>)
2025-07-05 15:48:29,120 [grpc-default-executor-3] INFO  impl.VoteContext (VoteContext.java:log(49)) - d3a92f5c-9e4a-48c5-9a32-2f34a6e85eb8@group-C1D084BE788E-FOLLOWER: accept ELECTION from 694b616d-7f52-4b82-b07e-10398eb153c5: our priority 0 <= candidate's priority 1
2025-07-05 15:48:29,120 [grpc-default-executor-3] INFO  server.RaftServer$Division (RaftServerImpl.java:setRole(392)) - d3a92f5c-9e4a-48c5-9a32-2f34a6e85eb8@group-C1D084BE788E: changes role from  FOLLOWER to FOLLOWER at term 0 for candidate:694b616d-7f52-4b82-b07e-10398eb153c5
2025-07-05 15:48:29,121 [grpc-default-executor-3] INFO  impl.RoleInfo (RoleInfo.java:shutdownFollowerState(121)) - d3a92f5c-9e4a-48c5-9a32-2f34a6e85eb8: shutdown d3a92f5c-9e4a-48c5-9a32-2f34a6e85eb8@group-C1D084BE788E-FollowerState
2025-07-05 15:48:29,121 [grpc-default-executor-3] INFO  impl.RoleInfo (RoleInfo.java:updateAndGet(148)) - d3a92f5c-9e4a-48c5-9a32-2f34a6e85eb8: start d3a92f5c-9e4a-48c5-9a32-2f34a6e85eb8@group-C1D084BE788E-FollowerState
2025-07-05 15:48:29,122 [d3a92f5c-9e4a-48c5-9a32-2f34a6e85eb8@group-C1D084BE788E-FollowerState] INFO  impl.FollowerState (FollowerState.java:runImpl(170)) - d3a92f5c-9e4a-48c5-9a32-2f34a6e85eb8@group-C1D084BE788E-FollowerState was interrupted
2025-07-05 15:48:29,124 [grpc-default-executor-3] INFO  server.RaftServer$Division (RaftServerImpl.java:setFirstElection(576)) - d3a92f5c-9e4a-48c5-9a32-2f34a6e85eb8@group-C1D084BE788E: set firstElectionSinceStartup to false for candidate:694b616d-7f52-4b82-b07e-10398eb153c5
2025-07-05 15:48:29,127 [grpc-default-executor-4] WARN  server.GrpcAdminProtocolService (GrpcAdminProtocolService.java:lambda$groupManagement$1(53)) - Failed groupManagement: GROUPADD, GroupManagementRequest:client-B323673C1114->092257cb-ba5a-4f8a-9b9c-d44861eaa450@group-DDDF55466C04, cid=16, seq=null, RW, null, Add:group-DDDF55466C04:[092257cb-ba5a-4f8a-9b9c-d44861eaa450|127.0.0.1:15063, d8f38f7e-70e8-450f-85ae-2cee56d3f445|127.0.0.1:15079, a2863246-e653-4b31-a3d0-09f3a93c429f|127.0.0.1:15071]
java.util.concurrent.CompletionException: org.apache.ratis.protocol.exceptions.AlreadyExistsException: 092257cb-ba5a-4f8a-9b9c-d44861eaa450: Failed to add group-DDDF55466C04:[092257cb-ba5a-4f8a-9b9c-d44861eaa450|127.0.0.1:15063, d8f38f7e-70e8-450f-85ae-2cee56d3f445|127.0.0.1:15079, a2863246-e653-4b31-a3d0-09f3a93c429f|127.0.0.1:15071] since the group already exists in the map.
	at java.base/java.util.concurrent.CompletableFuture.encodeThrowable(CompletableFuture.java:332)
	at java.base/java.util.concurrent.CompletableFuture.uniApplyNow(CompletableFuture.java:674)
	at java.base/java.util.concurrent.CompletableFuture.uniApplyStage(CompletableFuture.java:662)
	at java.base/java.util.concurrent.CompletableFuture.thenApplyAsync(CompletableFuture.java:2210)
	at org.apache.ratis.server.impl.RaftServerProxy.groupAddAsync(RaftServerProxy.java:513)
	at org.apache.ratis.server.impl.RaftServerProxy.groupManagementAsync(RaftServerProxy.java:495)
	at org.apache.ratis.grpc.server.GrpcAdminProtocolService.lambda$groupManagement$0(GrpcAdminProtocolService.java:51)
	at org.apache.ratis.grpc.GrpcUtil.asyncCall(GrpcUtil.java:172)
	at org.apache.ratis.grpc.server.GrpcAdminProtocolService.groupManagement(GrpcAdminProtocolService.java:51)
	at org.apache.ratis.proto.grpc.AdminProtocolServiceGrpc$MethodHandlers.invoke(AdminProtocolServiceGrpc.java:701)
	at org.apache.ratis.thirdparty.io.grpc.stub.ServerCalls$UnaryServerCallHandler$UnaryServerCallListener.onHalfClose(ServerCalls.java:182)
	at org.apache.ratis.thirdparty.io.grpc.internal.ServerCallImpl$ServerStreamListenerImpl.halfClosed(ServerCallImpl.java:356)
	at org.apache.ratis.thirdparty.io.grpc.internal.ServerImpl$JumpToApplicationThreadServerStreamListener$1HalfClosed.runInContext(ServerImpl.java:861)
	at org.apache.ratis.thirdparty.io.grpc.internal.ContextRunnable.run(ContextRunnable.java:37)
	at org.apache.ratis.thirdparty.io.grpc.internal.SerializingExecutor.run(SerializingExecutor.java:133)
	at java.base/java.util.concurrent.ThreadPoolExecutor.runWorker(ThreadPoolExecutor.java:1144)
	at java.base/java.util.concurrent.ThreadPoolExecutor$Worker.run(ThreadPoolExecutor.java:642)
	at java.base/java.lang.Thread.run(Thread.java:1583)
Caused by: org.apache.ratis.protocol.exceptions.AlreadyExistsException: 092257cb-ba5a-4f8a-9b9c-d44861eaa450: Failed to add group-DDDF55466C04:[092257cb-ba5a-4f8a-9b9c-d44861eaa450|127.0.0.1:15063, d8f38f7e-70e8-450f-85ae-2cee56d3f445|127.0.0.1:15079, a2863246-e653-4b31-a3d0-09f3a93c429f|127.0.0.1:15071] since the group already exists in the map.
	at org.apache.ratis.server.impl.RaftServerProxy$ImplMap.addNew(RaftServerProxy.java:99)
	at org.apache.ratis.server.impl.RaftServerProxy.groupAddAsync(RaftServerProxy.java:512)
	... 13 more
2025-07-05 15:48:29,130 [092257cb-ba5a-4f8a-9b9c-d44861eaa450-PipelineCommandHandlerThread-0] INFO  commandhandler.CreatePipelineCommandHandler (CreatePipelineCommandHandler.java:lambda$handle$2(127)) - Created Pipeline RATIS THREE Pipeline-42e6736a-9a9f-49f5-be26-dddf55466c04.
2025-07-05 15:48:29,130 [grpc-default-executor-2] INFO  server.RaftServer$Division (RaftServerImpl.java:requestVote(1455)) - 2e56514c-0608-4198-9fed-b4eba4d3d686@group-C1D084BE788E replies to ELECTION vote request: 694b616d-7f52-4b82-b07e-10398eb153c5<-2e56514c-0608-4198-9fed-b4eba4d3d686#0:OK-t1-last:<INITIAL_VALUE>. Peer's state: 2e56514c-0608-4198-9fed-b4eba4d3d686@group-C1D084BE788E:t1, leader=null, voted=694b616d-7f52-4b82-b07e-10398eb153c5, raftlog=Memoized:2e56514c-0608-4198-9fed-b4eba4d3d686@group-C1D084BE788E-SegmentedRaftLog:OPENED:c-1:lastnull, conf=conf: {index: -1, cur=peers:[694b616d-7f52-4b82-b07e-10398eb153c5|127.0.0.1:15047, 2e56514c-0608-4198-9fed-b4eba4d3d686|127.0.0.1:15039, d3a92f5c-9e4a-48c5-9a32-2f34a6e85eb8|127.0.0.1:15055]|listeners:[], old=null}
2025-07-05 15:48:29,130 [092257cb-ba5a-4f8a-9b9c-d44861eaa450-PipelineCommandHandlerThread-0] INFO  server.RaftServer (RaftServerProxy.java:addNew(105)) - 092257cb-ba5a-4f8a-9b9c-d44861eaa450: addNew group-2DA8B140AB24:[092257cb-ba5a-4f8a-9b9c-d44861eaa450|127.0.0.1:15063, d8f38f7e-70e8-450f-85ae-2cee56d3f445|127.0.0.1:15079, a2863246-e653-4b31-a3d0-09f3a93c429f|127.0.0.1:15071] returns group-2DA8B140AB24:java.util.concurrent.CompletableFuture@3cb47e38[Not completed]
2025-07-05 15:48:29,128 [grpc-default-executor-3] INFO  server.RaftServer$Division (RaftServerImpl.java:requestVote(1455)) - d3a92f5c-9e4a-48c5-9a32-2f34a6e85eb8@group-C1D084BE788E replies to ELECTION vote request: 694b616d-7f52-4b82-b07e-10398eb153c5<-d3a92f5c-9e4a-48c5-9a32-2f34a6e85eb8#0:OK-t1-last:<INITIAL_VALUE>. Peer's state: d3a92f5c-9e4a-48c5-9a32-2f34a6e85eb8@group-C1D084BE788E:t1, leader=null, voted=694b616d-7f52-4b82-b07e-10398eb153c5, raftlog=Memoized:d3a92f5c-9e4a-48c5-9a32-2f34a6e85eb8@group-C1D084BE788E-SegmentedRaftLog:OPENED:c-1:lastnull, conf=conf: {index: -1, cur=peers:[694b616d-7f52-4b82-b07e-10398eb153c5|127.0.0.1:15047, 2e56514c-0608-4198-9fed-b4eba4d3d686|127.0.0.1:15039, d3a92f5c-9e4a-48c5-9a32-2f34a6e85eb8|127.0.0.1:15055]|listeners:[], old=null}
2025-07-05 15:48:29,131 [092257cb-ba5a-4f8a-9b9c-d44861eaa450-groupManagement] WARN  statemachine.DatanodeConfiguration (DatanodeConfiguration.java:validateMinFreeSpace(751)) - hdds.datanode.volume.min.free.space.percent = -1.0 is invalid, should be between 0 and 1
2025-07-05 15:48:29,132 [092257cb-ba5a-4f8a-9b9c-d44861eaa450-groupManagement] INFO  server.RaftServer$Division (RaftServerImpl.java:<init>(268)) - 092257cb-ba5a-4f8a-9b9c-d44861eaa450: new RaftServerImpl for group-2DA8B140AB24:[092257cb-ba5a-4f8a-9b9c-d44861eaa450|127.0.0.1:15063, d8f38f7e-70e8-450f-85ae-2cee56d3f445|127.0.0.1:15079, a2863246-e653-4b31-a3d0-09f3a93c429f|127.0.0.1:15071] with ContainerStateMachine:uninitialized
2025-07-05 15:48:29,133 [694b616d-7f52-4b82-b07e-10398eb153c5@group-C1D084BE788E-LeaderElection14] INFO  impl.LeaderElection (LeaderElection.java:logAndReturn(206)) - 694b616d-7f52-4b82-b07e-10398eb153c5@group-C1D084BE788E-LeaderElection14: ELECTION PASSED received 1 response(s) and 0 exception(s):
2025-07-05 15:48:29,133 [694b616d-7f52-4b82-b07e-10398eb153c5@group-C1D084BE788E-LeaderElection14] INFO  impl.LeaderElection (LeaderElection.java:logAndReturn(210)) -   Response 0: 694b616d-7f52-4b82-b07e-10398eb153c5<-2e56514c-0608-4198-9fed-b4eba4d3d686#0:OK-t1-last:<INITIAL_VALUE>
2025-07-05 15:48:29,133 [694b616d-7f52-4b82-b07e-10398eb153c5@group-C1D084BE788E-LeaderElection14] INFO  impl.LeaderElection (LeaderElection.java:askForVotes(450)) - 694b616d-7f52-4b82-b07e-10398eb153c5@group-C1D084BE788E-LeaderElection14 ELECTION round 0: result PASSED
2025-07-05 15:48:29,133 [694b616d-7f52-4b82-b07e-10398eb153c5@group-C1D084BE788E-LeaderElection14] INFO  impl.RoleInfo (RoleInfo.java:shutdownLeaderElection(141)) - 694b616d-7f52-4b82-b07e-10398eb153c5: shutdown 694b616d-7f52-4b82-b07e-10398eb153c5@group-C1D084BE788E-LeaderElection14
2025-07-05 15:48:29,133 [694b616d-7f52-4b82-b07e-10398eb153c5@group-C1D084BE788E-LeaderElection14] INFO  server.RaftServer$Division (RaftServerImpl.java:setRole(392)) - 694b616d-7f52-4b82-b07e-10398eb153c5@group-C1D084BE788E: changes role from CANDIDATE to LEADER at term 1 for changeToLeader
2025-07-05 15:48:29,133 [694b616d-7f52-4b82-b07e-10398eb153c5@group-C1D084BE788E-LeaderElection14] INFO  server.RaftServerConfigKeys (ConfUtils.java:logFallback(69)) - raft.server.staging.timeout = 15600ms (fallback to raft.server.rpc.timeout.max)
2025-07-05 15:48:29,134 [694b616d-7f52-4b82-b07e-10398eb153c5@group-C1D084BE788E-LeaderElection14] INFO  server.RaftServerConfigKeys (ConfUtils.java:logGet(62)) - raft.server.write.byte-limit = 1024 M (=1073741824) (custom)
2025-07-05 15:48:29,135 [694b616d-7f52-4b82-b07e-10398eb153c5@group-C1D084BE788E-LeaderElection14] INFO  server.RaftServerConfigKeys (ConfUtils.java:logGet(62)) - raft.server.log.appender.buffer.byte-limit = 33554432 (custom)
2025-07-05 15:48:29,136 [092257cb-ba5a-4f8a-9b9c-d44861eaa450-groupManagement] INFO  server.RaftServer$Division (ServerState.java:<init>(114)) - 092257cb-ba5a-4f8a-9b9c-d44861eaa450@group-2DA8B140AB24: ConfigurationManager, init=conf: {index: -1, cur=peers:[092257cb-ba5a-4f8a-9b9c-d44861eaa450|127.0.0.1:15063, d8f38f7e-70e8-450f-85ae-2cee56d3f445|127.0.0.1:15079, a2863246-e653-4b31-a3d0-09f3a93c429f|127.0.0.1:15071]|listeners:[], old=null}, confs=<EMPTY_MAP>
2025-07-05 15:48:29,142 [694b616d-7f52-4b82-b07e-10398eb153c5@group-C1D084BE788E-LeaderElection14] INFO  server.RaftServerConfigKeys (ConfUtils.java:logGet(62)) - raft.server.log.appender.buffer.byte-limit = 33554432 (custom)
2025-07-05 15:48:29,143 [694b616d-7f52-4b82-b07e-10398eb153c5@group-C1D084BE788E-LeaderElection14] INFO  impl.RoleInfo (RoleInfo.java:updateAndGet(148)) - 694b616d-7f52-4b82-b07e-10398eb153c5: start 694b616d-7f52-4b82-b07e-10398eb153c5@group-C1D084BE788E-LeaderStateImpl
2025-07-05 15:48:29,143 [694b616d-7f52-4b82-b07e-10398eb153c5@group-C1D084BE788E-LeaderElection14] INFO  server.RaftServer$Division (RaftServerImpl.java:setFirstElection(576)) - 694b616d-7f52-4b82-b07e-10398eb153c5@group-C1D084BE788E: set firstElectionSinceStartup to false for becomeLeader
2025-07-05 15:48:29,143 [694b616d-7f52-4b82-b07e-10398eb153c5@group-C1D084BE788E-LeaderElection14] INFO  ratis.XceiverServerRatis (XceiverServerRatis.java:handleLeaderChangedNotification(944)) - Leader change notification received for group: group-C1D084BE788E with new leaderId: 694b616d-7f52-4b82-b07e-10398eb153c5
2025-07-05 15:48:29,143 [694b616d-7f52-4b82-b07e-10398eb153c5@group-C1D084BE788E-LeaderElection14] INFO  server.RaftServer$Division (ServerState.java:setLeader(272)) - 694b616d-7f52-4b82-b07e-10398eb153c5@group-C1D084BE788E: change Leader from null to 694b616d-7f52-4b82-b07e-10398eb153c5 at term 1 for becomeLeader, leader elected after 1219ms
2025-07-05 15:48:29,143 [694b616d-7f52-4b82-b07e-10398eb153c5@group-C1D084BE788E-LeaderElection14] INFO  segmented.SegmentedRaftLogWorker (SegmentedRaftLogWorker.java:startLogSegment(440)) - 694b616d-7f52-4b82-b07e-10398eb153c5@group-C1D084BE788E-SegmentedRaftLogWorker: Starting segment from index:0
2025-07-05 15:48:29,143 [694b616d-7f52-4b82-b07e-10398eb153c5@group-C1D084BE788E-LeaderElection14] INFO  server.RaftServer$Division (ServerState.java:setRaftConf(386)) - 694b616d-7f52-4b82-b07e-10398eb153c5@group-C1D084BE788E: set configuration conf: {index: 0, cur=peers:[694b616d-7f52-4b82-b07e-10398eb153c5|127.0.0.1:15047, 2e56514c-0608-4198-9fed-b4eba4d3d686|127.0.0.1:15039, d3a92f5c-9e4a-48c5-9a32-2f34a6e85eb8|127.0.0.1:15055]|listeners:[], old=null}
2025-07-05 15:48:29,146 [694b616d-7f52-4b82-b07e-10398eb153c5@group-C1D084BE788E-SegmentedRaftLogWorker] INFO  segmented.BufferedWriteChannel (BufferedWriteChannel.java:open(61)) - open log_inprogress_0 at position 0
2025-07-05 15:48:29,150 [092257cb-ba5a-4f8a-9b9c-d44861eaa450-groupManagement] INFO  server.RaftServerConfigKeys (ConfUtils.java:logGet(62)) - raft.server.storage.dir = [/home/runner/work/ozone/ozone/hadoop-ozone/integration-test/target/test-dir/MiniOzoneClusterImpl-0a3c97a5-d59a-4532-afef-c4940c4c02aa/ozone-meta/datanode-7/ratis] (custom)
2025-07-05 15:48:29,150 [092257cb-ba5a-4f8a-9b9c-d44861eaa450-groupManagement] INFO  storage.RaftStorageDirectory (RaftStorageDirectoryImpl.java:analyzeStorage(138)) - The storage directory /home/runner/work/ozone/ozone/hadoop-ozone/integration-test/target/test-dir/MiniOzoneClusterImpl-0a3c97a5-d59a-4532-afef-c4940c4c02aa/ozone-meta/datanode-7/ratis/9e1d7ac4-d74c-4252-8298-2da8b140ab24 does not exist. Creating ...
2025-07-05 15:48:29,154 [092257cb-ba5a-4f8a-9b9c-d44861eaa450-groupManagement] INFO  storage.RaftStorageDirectory (RaftStorageDirectoryImpl.java:tryLock(229)) - Lock on /home/runner/work/ozone/ozone/hadoop-ozone/integration-test/target/test-dir/MiniOzoneClusterImpl-0a3c97a5-d59a-4532-afef-c4940c4c02aa/ozone-meta/datanode-7/ratis/9e1d7ac4-d74c-4252-8298-2da8b140ab24/in_use.lock acquired by nodename 44235@localhost
2025-07-05 15:48:29,158 [a2863246-e653-4b31-a3d0-09f3a93c429f-PipelineCommandHandlerThread-0] INFO  commandhandler.CreatePipelineCommandHandler (CreatePipelineCommandHandler.java:lambda$handle$2(127)) - Created Pipeline RATIS THREE Pipeline-42e6736a-9a9f-49f5-be26-dddf55466c04.
2025-07-05 15:48:29,160 [EventQueue-PipelineReportForPipelineReportHandler] INFO  pipeline.PipelineReportHandler (PipelineReportHandler.java:processPipelineReport(134)) - Opened pipeline Pipeline-07c2a4b9-1a6d-4d20-b06e-c1d084be788e
2025-07-05 15:48:29,160 [a2863246-e653-4b31-a3d0-09f3a93c429f-PipelineCommandHandlerThread-0] INFO  server.RaftServer (RaftServerProxy.java:addNew(105)) - a2863246-e653-4b31-a3d0-09f3a93c429f: addNew group-2DA8B140AB24:[092257cb-ba5a-4f8a-9b9c-d44861eaa450|127.0.0.1:15063, d8f38f7e-70e8-450f-85ae-2cee56d3f445|127.0.0.1:15079, a2863246-e653-4b31-a3d0-09f3a93c429f|127.0.0.1:15071] returns group-2DA8B140AB24:java.util.concurrent.CompletableFuture@375a0eb9[Not completed]
2025-07-05 15:48:29,162 [092257cb-ba5a-4f8a-9b9c-d44861eaa450-groupManagement] INFO  storage.RaftStorage (RaftStorageImpl.java:format(98)) - Storage directory /home/runner/work/ozone/ozone/hadoop-ozone/integration-test/target/test-dir/MiniOzoneClusterImpl-0a3c97a5-d59a-4532-afef-c4940c4c02aa/ozone-meta/datanode-7/ratis/9e1d7ac4-d74c-4252-8298-2da8b140ab24 has been successfully formatted.
2025-07-05 15:48:29,164 [092257cb-ba5a-4f8a-9b9c-d44861eaa450-groupManagement] INFO  ratis.ContainerStateMachine (ContainerStateMachine.java:initialize(339)) - 092257cb-ba5a-4f8a-9b9c-d44861eaa450: initialize group-2DA8B140AB24
2025-07-05 15:48:29,164 [092257cb-ba5a-4f8a-9b9c-d44861eaa450-groupManagement] INFO  ratis.ContainerStateMachine (ContainerStateMachine.java:loadSnapshot(347)) - group-2DA8B140AB24: The snapshot info is null. Setting the last applied index to:<INITIAL_VALUE>
2025-07-05 15:48:29,165 [092257cb-ba5a-4f8a-9b9c-d44861eaa450-groupManagement] INFO  server.RaftServerConfigKeys (ConfUtils.java:logGet(62)) - raft.server.log.appender.buffer.byte-limit = 33554432 (custom)
2025-07-05 15:48:29,165 [grpc-default-executor-0] INFO  ratis.XceiverServerRatis (XceiverServerRatis.java:handleLeaderChangedNotification(944)) - Leader change notification received for group: group-C1D084BE788E with new leaderId: 694b616d-7f52-4b82-b07e-10398eb153c5
2025-07-05 15:48:29,166 [694b616d-7f52-4b82-b07e-10398eb153c5@group-C1D084BE788E-SegmentedRaftLogWorker] INFO  segmented.SegmentedRaftLogWorker (SegmentedRaftLogWorker.java:execute(647)) - 694b616d-7f52-4b82-b07e-10398eb153c5@group-C1D084BE788E-SegmentedRaftLogWorker: created new log segment /home/runner/work/ozone/ozone/hadoop-ozone/integration-test/target/test-dir/MiniOzoneClusterImpl-0a3c97a5-d59a-4532-afef-c4940c4c02aa/ozone-meta/datanode-5/ratis/07c2a4b9-1a6d-4d20-b06e-c1d084be788e/current/log_inprogress_0
2025-07-05 15:48:29,166 [grpc-default-executor-0] INFO  server.RaftServer$Division (ServerState.java:setLeader(272)) - d3a92f5c-9e4a-48c5-9a32-2f34a6e85eb8@group-C1D084BE788E: change Leader from null to 694b616d-7f52-4b82-b07e-10398eb153c5 at term 1 for appendEntries, leader elected after 1277ms
2025-07-05 15:48:29,167 [grpc-default-executor-0] INFO  server.RaftServer$Division (ServerState.java:setRaftConf(386)) - d3a92f5c-9e4a-48c5-9a32-2f34a6e85eb8@group-C1D084BE788E: set configuration conf: {index: 0, cur=peers:[694b616d-7f52-4b82-b07e-10398eb153c5|127.0.0.1:15047, 2e56514c-0608-4198-9fed-b4eba4d3d686|127.0.0.1:15039, d3a92f5c-9e4a-48c5-9a32-2f34a6e85eb8|127.0.0.1:15055]|listeners:[], old=null}
2025-07-05 15:48:29,170 [grpc-default-executor-0] INFO  segmented.SegmentedRaftLogWorker (SegmentedRaftLogWorker.java:startLogSegment(440)) - d3a92f5c-9e4a-48c5-9a32-2f34a6e85eb8@group-C1D084BE788E-SegmentedRaftLogWorker: Starting segment from index:0
2025-07-05 15:48:29,171 [d3a92f5c-9e4a-48c5-9a32-2f34a6e85eb8@group-C1D084BE788E-SegmentedRaftLogWorker] INFO  segmented.BufferedWriteChannel (BufferedWriteChannel.java:open(61)) - open log_inprogress_0 at position 0
2025-07-05 15:48:29,173 [grpc-default-executor-4] INFO  ratis.XceiverServerRatis (XceiverServerRatis.java:handleLeaderChangedNotification(944)) - Leader change notification received for group: group-C1D084BE788E with new leaderId: 694b616d-7f52-4b82-b07e-10398eb153c5
2025-07-05 15:48:29,173 [grpc-default-executor-4] INFO  server.RaftServer$Division (ServerState.java:setLeader(272)) - 2e56514c-0608-4198-9fed-b4eba4d3d686@group-C1D084BE788E: change Leader from null to 694b616d-7f52-4b82-b07e-10398eb153c5 at term 1 for appendEntries, leader elected after 1328ms
2025-07-05 15:48:29,169 [a2863246-e653-4b31-a3d0-09f3a93c429f-groupManagement] WARN  statemachine.DatanodeConfiguration (DatanodeConfiguration.java:validateMinFreeSpace(751)) - hdds.datanode.volume.min.free.space.percent = -1.0 is invalid, should be between 0 and 1
2025-07-05 15:48:29,173 [a2863246-e653-4b31-a3d0-09f3a93c429f-groupManagement] INFO  server.RaftServer$Division (RaftServerImpl.java:<init>(268)) - a2863246-e653-4b31-a3d0-09f3a93c429f: new RaftServerImpl for group-2DA8B140AB24:[092257cb-ba5a-4f8a-9b9c-d44861eaa450|127.0.0.1:15063, d8f38f7e-70e8-450f-85ae-2cee56d3f445|127.0.0.1:15079, a2863246-e653-4b31-a3d0-09f3a93c429f|127.0.0.1:15071] with ContainerStateMachine:uninitialized
2025-07-05 15:48:29,169 [092257cb-ba5a-4f8a-9b9c-d44861eaa450-groupManagement] INFO  server.RaftServerConfigKeys (ConfUtils.java:logGet(62)) - raft.server.log.segment.size.max = 67108864 (custom)
2025-07-05 15:48:29,174 [092257cb-ba5a-4f8a-9b9c-d44861eaa450-groupManagement] INFO  server.RaftServerConfigKeys (ConfUtils.java:logGet(62)) - raft.server.log.appender.buffer.byte-limit = 33554432 (custom)
2025-07-05 15:48:29,174 [a2863246-e653-4b31-a3d0-09f3a93c429f-groupManagement] INFO  server.RaftServer$Division (ServerState.java:<init>(114)) - a2863246-e653-4b31-a3d0-09f3a93c429f@group-2DA8B140AB24: ConfigurationManager, init=conf: {index: -1, cur=peers:[092257cb-ba5a-4f8a-9b9c-d44861eaa450|127.0.0.1:15063, d8f38f7e-70e8-450f-85ae-2cee56d3f445|127.0.0.1:15079, a2863246-e653-4b31-a3d0-09f3a93c429f|127.0.0.1:15071]|listeners:[], old=null}, confs=<EMPTY_MAP>
2025-07-05 15:48:29,176 [092257cb-ba5a-4f8a-9b9c-d44861eaa450-groupManagement] INFO  util.AwaitToRun (AwaitToRun.java:start(81)) - Thread[#1410,092257cb-ba5a-4f8a-9b9c-d44861eaa450@group-2DA8B140AB24-cacheEviction-AwaitToRun,5,main] started
2025-07-05 15:48:29,176 [092257cb-ba5a-4f8a-9b9c-d44861eaa450-groupManagement] INFO  segmented.SegmentedRaftLogWorker (SegmentedRaftLogWorker.java:<init>(190)) - new 092257cb-ba5a-4f8a-9b9c-d44861eaa450@group-2DA8B140AB24-SegmentedRaftLogWorker for RaftStorageImpl:Storage Directory /home/runner/work/ozone/ozone/hadoop-ozone/integration-test/target/test-dir/MiniOzoneClusterImpl-0a3c97a5-d59a-4532-afef-c4940c4c02aa/ozone-meta/datanode-7/ratis/9e1d7ac4-d74c-4252-8298-2da8b140ab24
2025-07-05 15:48:29,176 [092257cb-ba5a-4f8a-9b9c-d44861eaa450-groupManagement] INFO  server.RaftServerConfigKeys (ConfUtils.java:logGet(62)) - raft.server.log.queue.byte-limit = 4294967296 (custom)
2025-07-05 15:48:29,176 [092257cb-ba5a-4f8a-9b9c-d44861eaa450-groupManagement] INFO  server.RaftServerConfigKeys (ConfUtils.java:logGet(62)) - raft.server.log.segment.size.max = 67108864 (custom)
2025-07-05 15:48:29,176 [092257cb-ba5a-4f8a-9b9c-d44861eaa450-groupManagement] INFO  server.RaftServerConfigKeys (ConfUtils.java:logGet(62)) - raft.server.log.preallocated.size = 4194304 (custom)
2025-07-05 15:48:29,189 [grpc-default-executor-1] INFO  server.RaftServer$Division (ServerState.java:setRaftConf(386)) - 2e56514c-0608-4198-9fed-b4eba4d3d686@group-C1D084BE788E: set configuration conf: {index: 0, cur=peers:[694b616d-7f52-4b82-b07e-10398eb153c5|127.0.0.1:15047, 2e56514c-0608-4198-9fed-b4eba4d3d686|127.0.0.1:15039, d3a92f5c-9e4a-48c5-9a32-2f34a6e85eb8|127.0.0.1:15055]|listeners:[], old=null}
2025-07-05 15:48:29,189 [grpc-default-executor-1] INFO  segmented.SegmentedRaftLogWorker (SegmentedRaftLogWorker.java:startLogSegment(440)) - 2e56514c-0608-4198-9fed-b4eba4d3d686@group-C1D084BE788E-SegmentedRaftLogWorker: Starting segment from index:0
2025-07-05 15:48:29,194 [d3a92f5c-9e4a-48c5-9a32-2f34a6e85eb8@group-C1D084BE788E-SegmentedRaftLogWorker] INFO  segmented.SegmentedRaftLogWorker (SegmentedRaftLogWorker.java:execute(647)) - d3a92f5c-9e4a-48c5-9a32-2f34a6e85eb8@group-C1D084BE788E-SegmentedRaftLogWorker: created new log segment /home/runner/work/ozone/ozone/hadoop-ozone/integration-test/target/test-dir/MiniOzoneClusterImpl-0a3c97a5-d59a-4532-afef-c4940c4c02aa/ozone-meta/datanode-6/ratis/07c2a4b9-1a6d-4d20-b06e-c1d084be788e/current/log_inprogress_0
2025-07-05 15:48:29,194 [2e56514c-0608-4198-9fed-b4eba4d3d686@group-C1D084BE788E-SegmentedRaftLogWorker] INFO  segmented.BufferedWriteChannel (BufferedWriteChannel.java:open(61)) - open log_inprogress_0 at position 0
2025-07-05 15:48:29,198 [092257cb-ba5a-4f8a-9b9c-d44861eaa450-groupManagement] INFO  server.RaftServerConfigKeys (ConfUtils.java:logGet(62)) - raft.server.log.write.buffer.size = 33554440 (custom)
2025-07-05 15:48:29,205 [092257cb-ba5a-4f8a-9b9c-d44861eaa450-groupManagement] INFO  server.RaftServerConfigKeys (ConfUtils.java:logGet(62)) - raft.server.log.appender.buffer.byte-limit = 33554432 (custom)
2025-07-05 15:48:29,208 [a2863246-e653-4b31-a3d0-09f3a93c429f-groupManagement] INFO  server.RaftServerConfigKeys (ConfUtils.java:logGet(62)) - raft.server.storage.dir = [/home/runner/work/ozone/ozone/hadoop-ozone/integration-test/target/test-dir/MiniOzoneClusterImpl-0a3c97a5-d59a-4532-afef-c4940c4c02aa/ozone-meta/datanode-8/ratis] (custom)
2025-07-05 15:48:29,210 [092257cb-ba5a-4f8a-9b9c-d44861eaa450-groupManagement] INFO  segmented.SegmentedRaftLogWorker (SegmentedRaftLogWorker.java:lambda$new$0(141)) - 092257cb-ba5a-4f8a-9b9c-d44861eaa450@group-2DA8B140AB24-SegmentedRaftLogWorker: flushIndex: setUnconditionally 0 -> -1
2025-07-05 15:48:29,208 [694b616d-7f52-4b82-b07e-10398eb153c5@group-C1D084BE788E-StateMachineUpdater] INFO  server.RaftServer$Division (LeaderStateImpl.java:checkStartIndex(309)) - Leader 694b616d-7f52-4b82-b07e-10398eb153c5@group-C1D084BE788E-LeaderStateImpl is ready since appliedIndex == startIndex == 0
2025-07-05 15:48:29,211 [694b616d-7f52-4b82-b07e-10398eb153c5@group-C1D084BE788E-StateMachineUpdater] INFO  ratis.ContainerStateMachine (ContainerStateMachine.java:takeSnapshot(427)) - group-C1D084BE788E: Taking a snapshot at:(t:1, i:0) file /home/runner/work/ozone/ozone/hadoop-ozone/integration-test/target/test-dir/MiniOzoneClusterImpl-0a3c97a5-d59a-4532-afef-c4940c4c02aa/ozone-meta/datanode-5/ratis/07c2a4b9-1a6d-4d20-b06e-c1d084be788e/sm/snapshot.1_0
2025-07-05 15:48:29,211 [092257cb-ba5a-4f8a-9b9c-d44861eaa450-groupManagement] INFO  segmented.SegmentedRaftLogWorker (SegmentedRaftLogWorker.java:lambda$new$0(141)) - 092257cb-ba5a-4f8a-9b9c-d44861eaa450@group-2DA8B140AB24-SegmentedRaftLogWorker: safeCacheEvictIndex: setUnconditionally 0 -> -1
2025-07-05 15:48:29,211 [a2863246-e653-4b31-a3d0-09f3a93c429f-groupManagement] INFO  storage.RaftStorageDirectory (RaftStorageDirectoryImpl.java:analyzeStorage(138)) - The storage directory /home/runner/work/ozone/ozone/hadoop-ozone/integration-test/target/test-dir/MiniOzoneClusterImpl-0a3c97a5-d59a-4532-afef-c4940c4c02aa/ozone-meta/datanode-8/ratis/9e1d7ac4-d74c-4252-8298-2da8b140ab24 does not exist. Creating ...
2025-07-05 15:48:29,214 [694b616d-7f52-4b82-b07e-10398eb153c5@group-C1D084BE788E-StateMachineUpdater] INFO  ratis.ContainerStateMachine (ContainerStateMachine.java:takeSnapshot(436)) - group-C1D084BE788E: Finished taking a snapshot at:(t:1, i:0) file:/home/runner/work/ozone/ozone/hadoop-ozone/integration-test/target/test-dir/MiniOzoneClusterImpl-0a3c97a5-d59a-4532-afef-c4940c4c02aa/ozone-meta/datanode-5/ratis/07c2a4b9-1a6d-4d20-b06e-c1d084be788e/sm/snapshot.1_0 took: 2 ms
2025-07-05 15:48:29,210 [2e56514c-0608-4198-9fed-b4eba4d3d686@group-C1D084BE788E-SegmentedRaftLogWorker] INFO  segmented.SegmentedRaftLogWorker (SegmentedRaftLogWorker.java:execute(647)) - 2e56514c-0608-4198-9fed-b4eba4d3d686@group-C1D084BE788E-SegmentedRaftLogWorker: created new log segment /home/runner/work/ozone/ozone/hadoop-ozone/integration-test/target/test-dir/MiniOzoneClusterImpl-0a3c97a5-d59a-4532-afef-c4940c4c02aa/ozone-meta/datanode-4/ratis/07c2a4b9-1a6d-4d20-b06e-c1d084be788e/current/log_inprogress_0
2025-07-05 15:48:29,214 [694b616d-7f52-4b82-b07e-10398eb153c5@group-C1D084BE788E-StateMachineUpdater] INFO  impl.StateMachineUpdater (StateMachineUpdater.java:takeSnapshot(307)) - 694b616d-7f52-4b82-b07e-10398eb153c5@group-C1D084BE788E-StateMachineUpdater: Took a snapshot at index 0
2025-07-05 15:48:29,214 [694b616d-7f52-4b82-b07e-10398eb153c5@group-C1D084BE788E-StateMachineUpdater] INFO  impl.StateMachineUpdater (StateMachineUpdater.java:lambda$new$0(101)) - 694b616d-7f52-4b82-b07e-10398eb153c5@group-C1D084BE788E-StateMachineUpdater: snapshotIndex: updateIncreasingly -1 -> 0
2025-07-05 15:48:29,215 [092257cb-ba5a-4f8a-9b9c-d44861eaa450-groupManagement] INFO  server.RaftServer$Division (RaftServerImpl.java:start(405)) - 092257cb-ba5a-4f8a-9b9c-d44861eaa450@group-2DA8B140AB24: start as a follower, conf=conf: {index: -1, cur=peers:[092257cb-ba5a-4f8a-9b9c-d44861eaa450|127.0.0.1:15063, d8f38f7e-70e8-450f-85ae-2cee56d3f445|127.0.0.1:15079, a2863246-e653-4b31-a3d0-09f3a93c429f|127.0.0.1:15071]|listeners:[], old=null}
2025-07-05 15:48:29,216 [092257cb-ba5a-4f8a-9b9c-d44861eaa450-groupManagement] INFO  server.RaftServer$Division (RaftServerImpl.java:setRole(392)) - 092257cb-ba5a-4f8a-9b9c-d44861eaa450@group-2DA8B140AB24: changes role from      null to FOLLOWER at term 0 for startAsFollower
2025-07-05 15:48:29,216 [092257cb-ba5a-4f8a-9b9c-d44861eaa450-groupManagement] INFO  impl.RoleInfo (RoleInfo.java:updateAndGet(148)) - 092257cb-ba5a-4f8a-9b9c-d44861eaa450: start 092257cb-ba5a-4f8a-9b9c-d44861eaa450@group-2DA8B140AB24-FollowerState
2025-07-05 15:48:29,218 [a2863246-e653-4b31-a3d0-09f3a93c429f-groupManagement] INFO  storage.RaftStorageDirectory (RaftStorageDirectoryImpl.java:tryLock(229)) - Lock on /home/runner/work/ozone/ozone/hadoop-ozone/integration-test/target/test-dir/MiniOzoneClusterImpl-0a3c97a5-d59a-4532-afef-c4940c4c02aa/ozone-meta/datanode-8/ratis/9e1d7ac4-d74c-4252-8298-2da8b140ab24/in_use.lock acquired by nodename 44235@localhost
2025-07-05 15:48:29,219 [092257cb-ba5a-4f8a-9b9c-d44861eaa450-groupManagement] INFO  util.JmxRegister (JmxRegister.java:tryRegister(44)) - Successfully registered JMX Bean with object name Ratis:service=RaftServer,group=group-2DA8B140AB24,id=092257cb-ba5a-4f8a-9b9c-d44861eaa450
2025-07-05 15:48:29,219 [092257cb-ba5a-4f8a-9b9c-d44861eaa450-groupManagement] INFO  util.JmxRegister (JmxRegister.java:register(58)) - register mxBean class org.apache.ratis.server.impl.RaftServerJmxAdapter as Ratis:service=RaftServer,group=group-2DA8B140AB24,id=092257cb-ba5a-4f8a-9b9c-d44861eaa450
2025-07-05 15:48:29,220 [a2863246-e653-4b31-a3d0-09f3a93c429f-groupManagement] INFO  storage.RaftStorage (RaftStorageImpl.java:format(98)) - Storage directory /home/runner/work/ozone/ozone/hadoop-ozone/integration-test/target/test-dir/MiniOzoneClusterImpl-0a3c97a5-d59a-4532-afef-c4940c4c02aa/ozone-meta/datanode-8/ratis/9e1d7ac4-d74c-4252-8298-2da8b140ab24 has been successfully formatted.
2025-07-05 15:48:29,221 [a2863246-e653-4b31-a3d0-09f3a93c429f-groupManagement] INFO  ratis.ContainerStateMachine (ContainerStateMachine.java:initialize(339)) - a2863246-e653-4b31-a3d0-09f3a93c429f: initialize group-2DA8B140AB24
2025-07-05 15:48:29,221 [a2863246-e653-4b31-a3d0-09f3a93c429f-groupManagement] INFO  ratis.ContainerStateMachine (ContainerStateMachine.java:loadSnapshot(347)) - group-2DA8B140AB24: The snapshot info is null. Setting the last applied index to:<INITIAL_VALUE>
2025-07-05 15:48:29,221 [092257cb-ba5a-4f8a-9b9c-d44861eaa450-groupManagement] INFO  server.RaftServer$Division (RaftServerImpl.java:start(419)) - 092257cb-ba5a-4f8a-9b9c-d44861eaa450@group-2DA8B140AB24: Successfully started.
2025-07-05 15:48:29,222 [092257cb-ba5a-4f8a-9b9c-d44861eaa450-PipelineCommandHandlerThread-0] INFO  ratis.XceiverServerRatis (XceiverServerRatis.java:addGroup(843)) - Created group Pipeline-9e1d7ac4-d74c-4252-8298-2da8b140ab24
2025-07-05 15:48:29,222 [a2863246-e653-4b31-a3d0-09f3a93c429f-groupManagement] INFO  server.RaftServerConfigKeys (ConfUtils.java:logGet(62)) - raft.server.log.appender.buffer.byte-limit = 33554432 (custom)
2025-07-05 15:48:29,230 [a2863246-e653-4b31-a3d0-09f3a93c429f-groupManagement] INFO  server.RaftServerConfigKeys (ConfUtils.java:logGet(62)) - raft.server.log.segment.size.max = 67108864 (custom)
2025-07-05 15:48:29,230 [a2863246-e653-4b31-a3d0-09f3a93c429f-groupManagement] INFO  server.RaftServerConfigKeys (ConfUtils.java:logGet(62)) - raft.server.log.appender.buffer.byte-limit = 33554432 (custom)
2025-07-05 15:48:29,233 [a2863246-e653-4b31-a3d0-09f3a93c429f-groupManagement] INFO  util.AwaitToRun (AwaitToRun.java:start(81)) - Thread[#1414,a2863246-e653-4b31-a3d0-09f3a93c429f@group-2DA8B140AB24-cacheEviction-AwaitToRun,5,main] started
2025-07-05 15:48:29,234 [a2863246-e653-4b31-a3d0-09f3a93c429f-groupManagement] INFO  segmented.SegmentedRaftLogWorker (SegmentedRaftLogWorker.java:<init>(190)) - new a2863246-e653-4b31-a3d0-09f3a93c429f@group-2DA8B140AB24-SegmentedRaftLogWorker for RaftStorageImpl:Storage Directory /home/runner/work/ozone/ozone/hadoop-ozone/integration-test/target/test-dir/MiniOzoneClusterImpl-0a3c97a5-d59a-4532-afef-c4940c4c02aa/ozone-meta/datanode-8/ratis/9e1d7ac4-d74c-4252-8298-2da8b140ab24
2025-07-05 15:48:29,234 [a2863246-e653-4b31-a3d0-09f3a93c429f-groupManagement] INFO  server.RaftServerConfigKeys (ConfUtils.java:logGet(62)) - raft.server.log.queue.byte-limit = 4294967296 (custom)
2025-07-05 15:48:29,234 [a2863246-e653-4b31-a3d0-09f3a93c429f-groupManagement] INFO  server.RaftServerConfigKeys (ConfUtils.java:logGet(62)) - raft.server.log.segment.size.max = 67108864 (custom)
2025-07-05 15:48:29,238 [a2863246-e653-4b31-a3d0-09f3a93c429f-groupManagement] INFO  server.RaftServerConfigKeys (ConfUtils.java:logGet(62)) - raft.server.log.preallocated.size = 4194304 (custom)
2025-07-05 15:48:29,239 [a2863246-e653-4b31-a3d0-09f3a93c429f-groupManagement] INFO  server.RaftServerConfigKeys (ConfUtils.java:logGet(62)) - raft.server.log.write.buffer.size = 33554440 (custom)
2025-07-05 15:48:29,242 [grpc-default-executor-0] WARN  server.GrpcAdminProtocolService (GrpcAdminProtocolService.java:lambda$groupManagement$1(53)) - Failed groupManagement: GROUPADD, GroupManagementRequest:client-45A4F52F841D->a2863246-e653-4b31-a3d0-09f3a93c429f@group-2DA8B140AB24, cid=17, seq=null, RW, null, Add:group-2DA8B140AB24:[092257cb-ba5a-4f8a-9b9c-d44861eaa450|127.0.0.1:15063, d8f38f7e-70e8-450f-85ae-2cee56d3f445|127.0.0.1:15079, a2863246-e653-4b31-a3d0-09f3a93c429f|127.0.0.1:15071]
java.util.concurrent.CompletionException: org.apache.ratis.protocol.exceptions.AlreadyExistsException: a2863246-e653-4b31-a3d0-09f3a93c429f: Failed to add group-2DA8B140AB24:[092257cb-ba5a-4f8a-9b9c-d44861eaa450|127.0.0.1:15063, d8f38f7e-70e8-450f-85ae-2cee56d3f445|127.0.0.1:15079, a2863246-e653-4b31-a3d0-09f3a93c429f|127.0.0.1:15071] since the group already exists in the map.
	at java.base/java.util.concurrent.CompletableFuture.encodeThrowable(CompletableFuture.java:332)
	at java.base/java.util.concurrent.CompletableFuture.uniApplyNow(CompletableFuture.java:674)
	at java.base/java.util.concurrent.CompletableFuture.uniApplyStage(CompletableFuture.java:662)
	at java.base/java.util.concurrent.CompletableFuture.thenApplyAsync(CompletableFuture.java:2210)
	at org.apache.ratis.server.impl.RaftServerProxy.groupAddAsync(RaftServerProxy.java:513)
	at org.apache.ratis.server.impl.RaftServerProxy.groupManagementAsync(RaftServerProxy.java:495)
	at org.apache.ratis.grpc.server.GrpcAdminProtocolService.lambda$groupManagement$0(GrpcAdminProtocolService.java:51)
	at org.apache.ratis.grpc.GrpcUtil.asyncCall(GrpcUtil.java:172)
	at org.apache.ratis.grpc.server.GrpcAdminProtocolService.groupManagement(GrpcAdminProtocolService.java:51)
	at org.apache.ratis.proto.grpc.AdminProtocolServiceGrpc$MethodHandlers.invoke(AdminProtocolServiceGrpc.java:701)
	at org.apache.ratis.thirdparty.io.grpc.stub.ServerCalls$UnaryServerCallHandler$UnaryServerCallListener.onHalfClose(ServerCalls.java:182)
	at org.apache.ratis.thirdparty.io.grpc.internal.ServerCallImpl$ServerStreamListenerImpl.halfClosed(ServerCallImpl.java:356)
	at org.apache.ratis.thirdparty.io.grpc.internal.ServerImpl$JumpToApplicationThreadServerStreamListener$1HalfClosed.runInContext(ServerImpl.java:861)
	at org.apache.ratis.thirdparty.io.grpc.internal.ContextRunnable.run(ContextRunnable.java:37)
	at org.apache.ratis.thirdparty.io.grpc.internal.SerializingExecutor.run(SerializingExecutor.java:133)
	at java.base/java.util.concurrent.ThreadPoolExecutor.runWorker(ThreadPoolExecutor.java:1144)
	at java.base/java.util.concurrent.ThreadPoolExecutor$Worker.run(ThreadPoolExecutor.java:642)
	at java.base/java.lang.Thread.run(Thread.java:1583)
Caused by: org.apache.ratis.protocol.exceptions.AlreadyExistsException: a2863246-e653-4b31-a3d0-09f3a93c429f: Failed to add group-2DA8B140AB24:[092257cb-ba5a-4f8a-9b9c-d44861eaa450|127.0.0.1:15063, d8f38f7e-70e8-450f-85ae-2cee56d3f445|127.0.0.1:15079, a2863246-e653-4b31-a3d0-09f3a93c429f|127.0.0.1:15071] since the group already exists in the map.
	at org.apache.ratis.server.impl.RaftServerProxy$ImplMap.addNew(RaftServerProxy.java:99)
	at org.apache.ratis.server.impl.RaftServerProxy.groupAddAsync(RaftServerProxy.java:512)
	... 13 more
2025-07-05 15:48:29,251 [a2863246-e653-4b31-a3d0-09f3a93c429f-groupManagement] INFO  server.RaftServerConfigKeys (ConfUtils.java:logGet(62)) - raft.server.log.appender.buffer.byte-limit = 33554432 (custom)
2025-07-05 15:48:29,251 [a2863246-e653-4b31-a3d0-09f3a93c429f-groupManagement] INFO  segmented.SegmentedRaftLogWorker (SegmentedRaftLogWorker.java:lambda$new$0(141)) - a2863246-e653-4b31-a3d0-09f3a93c429f@group-2DA8B140AB24-SegmentedRaftLogWorker: flushIndex: setUnconditionally 0 -> -1
2025-07-05 15:48:29,251 [a2863246-e653-4b31-a3d0-09f3a93c429f-groupManagement] INFO  segmented.SegmentedRaftLogWorker (SegmentedRaftLogWorker.java:lambda$new$0(141)) - a2863246-e653-4b31-a3d0-09f3a93c429f@group-2DA8B140AB24-SegmentedRaftLogWorker: safeCacheEvictIndex: setUnconditionally 0 -> -1
2025-07-05 15:48:29,254 [a2863246-e653-4b31-a3d0-09f3a93c429f-groupManagement] INFO  server.RaftServer$Division (RaftServerImpl.java:start(405)) - a2863246-e653-4b31-a3d0-09f3a93c429f@group-2DA8B140AB24: start as a follower, conf=conf: {index: -1, cur=peers:[092257cb-ba5a-4f8a-9b9c-d44861eaa450|127.0.0.1:15063, d8f38f7e-70e8-450f-85ae-2cee56d3f445|127.0.0.1:15079, a2863246-e653-4b31-a3d0-09f3a93c429f|127.0.0.1:15071]|listeners:[], old=null}
2025-07-05 15:48:29,254 [a2863246-e653-4b31-a3d0-09f3a93c429f-groupManagement] INFO  server.RaftServer$Division (RaftServerImpl.java:setRole(392)) - a2863246-e653-4b31-a3d0-09f3a93c429f@group-2DA8B140AB24: changes role from      null to FOLLOWER at term 0 for startAsFollower
2025-07-05 15:48:29,254 [a2863246-e653-4b31-a3d0-09f3a93c429f-groupManagement] INFO  impl.RoleInfo (RoleInfo.java:updateAndGet(148)) - a2863246-e653-4b31-a3d0-09f3a93c429f: start a2863246-e653-4b31-a3d0-09f3a93c429f@group-2DA8B140AB24-FollowerState
2025-07-05 15:48:29,255 [a2863246-e653-4b31-a3d0-09f3a93c429f-groupManagement] INFO  util.JmxRegister (JmxRegister.java:tryRegister(44)) - Successfully registered JMX Bean with object name Ratis:service=RaftServer,group=group-2DA8B140AB24,id=a2863246-e653-4b31-a3d0-09f3a93c429f
2025-07-05 15:48:29,255 [a2863246-e653-4b31-a3d0-09f3a93c429f-groupManagement] INFO  util.JmxRegister (JmxRegister.java:register(58)) - register mxBean class org.apache.ratis.server.impl.RaftServerJmxAdapter as Ratis:service=RaftServer,group=group-2DA8B140AB24,id=a2863246-e653-4b31-a3d0-09f3a93c429f
2025-07-05 15:48:29,258 [a2863246-e653-4b31-a3d0-09f3a93c429f-groupManagement] INFO  server.RaftServer$Division (RaftServerImpl.java:start(419)) - a2863246-e653-4b31-a3d0-09f3a93c429f@group-2DA8B140AB24: Successfully started.
2025-07-05 15:48:29,259 [a2863246-e653-4b31-a3d0-09f3a93c429f-PipelineCommandHandlerThread-0] INFO  ratis.XceiverServerRatis (XceiverServerRatis.java:addGroup(843)) - Created group Pipeline-9e1d7ac4-d74c-4252-8298-2da8b140ab24
2025-07-05 15:48:29,272 [grpc-default-executor-0] INFO  server.RaftServer (RaftServerProxy.java:addNew(105)) - d8f38f7e-70e8-450f-85ae-2cee56d3f445: addNew group-2DA8B140AB24:[092257cb-ba5a-4f8a-9b9c-d44861eaa450|127.0.0.1:15063, d8f38f7e-70e8-450f-85ae-2cee56d3f445|127.0.0.1:15079, a2863246-e653-4b31-a3d0-09f3a93c429f|127.0.0.1:15071] returns group-2DA8B140AB24:java.util.concurrent.CompletableFuture@6e28e665[Not completed]
2025-07-05 15:48:29,273 [grpc-default-executor-0] WARN  server.GrpcAdminProtocolService (GrpcAdminProtocolService.java:lambda$groupManagement$1(53)) - Failed groupManagement: GROUPADD, GroupManagementRequest:client-23712E9A7989->d8f38f7e-70e8-450f-85ae-2cee56d3f445@group-2DA8B140AB24, cid=19, seq=null, RW, null, Add:group-2DA8B140AB24:[092257cb-ba5a-4f8a-9b9c-d44861eaa450|127.0.0.1:15063, d8f38f7e-70e8-450f-85ae-2cee56d3f445|127.0.0.1:15079, a2863246-e653-4b31-a3d0-09f3a93c429f|127.0.0.1:15071]
java.util.concurrent.CompletionException: org.apache.ratis.protocol.exceptions.AlreadyExistsException: d8f38f7e-70e8-450f-85ae-2cee56d3f445: Failed to add group-2DA8B140AB24:[092257cb-ba5a-4f8a-9b9c-d44861eaa450|127.0.0.1:15063, d8f38f7e-70e8-450f-85ae-2cee56d3f445|127.0.0.1:15079, a2863246-e653-4b31-a3d0-09f3a93c429f|127.0.0.1:15071] since the group already exists in the map.
	at java.base/java.util.concurrent.CompletableFuture.encodeThrowable(CompletableFuture.java:332)
	at java.base/java.util.concurrent.CompletableFuture.uniApplyNow(CompletableFuture.java:674)
	at java.base/java.util.concurrent.CompletableFuture.uniApplyStage(CompletableFuture.java:662)
	at java.base/java.util.concurrent.CompletableFuture.thenApplyAsync(CompletableFuture.java:2210)
	at org.apache.ratis.server.impl.RaftServerProxy.groupAddAsync(RaftServerProxy.java:513)
	at org.apache.ratis.server.impl.RaftServerProxy.groupManagementAsync(RaftServerProxy.java:495)
	at org.apache.ratis.grpc.server.GrpcAdminProtocolService.lambda$groupManagement$0(GrpcAdminProtocolService.java:51)
	at org.apache.ratis.grpc.GrpcUtil.asyncCall(GrpcUtil.java:172)
	at org.apache.ratis.grpc.server.GrpcAdminProtocolService.groupManagement(GrpcAdminProtocolService.java:51)
	at org.apache.ratis.proto.grpc.AdminProtocolServiceGrpc$MethodHandlers.invoke(AdminProtocolServiceGrpc.java:701)
	at org.apache.ratis.thirdparty.io.grpc.stub.ServerCalls$UnaryServerCallHandler$UnaryServerCallListener.onHalfClose(ServerCalls.java:182)
	at org.apache.ratis.thirdparty.io.grpc.internal.ServerCallImpl$ServerStreamListenerImpl.halfClosed(ServerCallImpl.java:356)
	at org.apache.ratis.thirdparty.io.grpc.internal.ServerImpl$JumpToApplicationThreadServerStreamListener$1HalfClosed.runInContext(ServerImpl.java:861)
	at org.apache.ratis.thirdparty.io.grpc.internal.ContextRunnable.run(ContextRunnable.java:37)
	at org.apache.ratis.thirdparty.io.grpc.internal.SerializingExecutor.run(SerializingExecutor.java:133)
	at java.base/java.util.concurrent.ThreadPoolExecutor.runWorker(ThreadPoolExecutor.java:1144)
	at java.base/java.util.concurrent.ThreadPoolExecutor$Worker.run(ThreadPoolExecutor.java:642)
	at java.base/java.lang.Thread.run(Thread.java:1583)
Caused by: org.apache.ratis.protocol.exceptions.AlreadyExistsException: d8f38f7e-70e8-450f-85ae-2cee56d3f445: Failed to add group-2DA8B140AB24:[092257cb-ba5a-4f8a-9b9c-d44861eaa450|127.0.0.1:15063, d8f38f7e-70e8-450f-85ae-2cee56d3f445|127.0.0.1:15079, a2863246-e653-4b31-a3d0-09f3a93c429f|127.0.0.1:15071] since the group already exists in the map.
	at org.apache.ratis.server.impl.RaftServerProxy$ImplMap.addNew(RaftServerProxy.java:99)
	at org.apache.ratis.server.impl.RaftServerProxy.groupAddAsync(RaftServerProxy.java:512)
	... 13 more
2025-07-05 15:48:29,277 [d8f38f7e-70e8-450f-85ae-2cee56d3f445-groupManagement] WARN  statemachine.DatanodeConfiguration (DatanodeConfiguration.java:validateMinFreeSpace(751)) - hdds.datanode.volume.min.free.space.percent = -1.0 is invalid, should be between 0 and 1
2025-07-05 15:48:29,277 [d8f38f7e-70e8-450f-85ae-2cee56d3f445-groupManagement] INFO  server.RaftServer$Division (RaftServerImpl.java:<init>(268)) - d8f38f7e-70e8-450f-85ae-2cee56d3f445: new RaftServerImpl for group-2DA8B140AB24:[092257cb-ba5a-4f8a-9b9c-d44861eaa450|127.0.0.1:15063, d8f38f7e-70e8-450f-85ae-2cee56d3f445|127.0.0.1:15079, a2863246-e653-4b31-a3d0-09f3a93c429f|127.0.0.1:15071] with ContainerStateMachine:uninitialized
2025-07-05 15:48:29,278 [d8f38f7e-70e8-450f-85ae-2cee56d3f445-groupManagement] INFO  server.RaftServer$Division (ServerState.java:<init>(114)) - d8f38f7e-70e8-450f-85ae-2cee56d3f445@group-2DA8B140AB24: ConfigurationManager, init=conf: {index: -1, cur=peers:[092257cb-ba5a-4f8a-9b9c-d44861eaa450|127.0.0.1:15063, d8f38f7e-70e8-450f-85ae-2cee56d3f445|127.0.0.1:15079, a2863246-e653-4b31-a3d0-09f3a93c429f|127.0.0.1:15071]|listeners:[], old=null}, confs=<EMPTY_MAP>
2025-07-05 15:48:29,286 [grpc-default-executor-0] WARN  server.GrpcAdminProtocolService (GrpcAdminProtocolService.java:lambda$groupManagement$1(53)) - Failed groupManagement: GROUPADD, GroupManagementRequest:client-72B7FD9CD804->092257cb-ba5a-4f8a-9b9c-d44861eaa450@group-2DA8B140AB24, cid=20, seq=null, RW, null, Add:group-2DA8B140AB24:[092257cb-ba5a-4f8a-9b9c-d44861eaa450|127.0.0.1:15063, d8f38f7e-70e8-450f-85ae-2cee56d3f445|127.0.0.1:15079, a2863246-e653-4b31-a3d0-09f3a93c429f|127.0.0.1:15071]
java.util.concurrent.CompletionException: org.apache.ratis.protocol.exceptions.AlreadyExistsException: 092257cb-ba5a-4f8a-9b9c-d44861eaa450: Failed to add group-2DA8B140AB24:[092257cb-ba5a-4f8a-9b9c-d44861eaa450|127.0.0.1:15063, d8f38f7e-70e8-450f-85ae-2cee56d3f445|127.0.0.1:15079, a2863246-e653-4b31-a3d0-09f3a93c429f|127.0.0.1:15071] since the group already exists in the map.
	at java.base/java.util.concurrent.CompletableFuture.encodeThrowable(CompletableFuture.java:332)
	at java.base/java.util.concurrent.CompletableFuture.uniApplyNow(CompletableFuture.java:674)
	at java.base/java.util.concurrent.CompletableFuture.uniApplyStage(CompletableFuture.java:662)
	at java.base/java.util.concurrent.CompletableFuture.thenApplyAsync(CompletableFuture.java:2210)
	at org.apache.ratis.server.impl.RaftServerProxy.groupAddAsync(RaftServerProxy.java:513)
	at org.apache.ratis.server.impl.RaftServerProxy.groupManagementAsync(RaftServerProxy.java:495)
	at org.apache.ratis.grpc.server.GrpcAdminProtocolService.lambda$groupManagement$0(GrpcAdminProtocolService.java:51)
	at org.apache.ratis.grpc.GrpcUtil.asyncCall(GrpcUtil.java:172)
	at org.apache.ratis.grpc.server.GrpcAdminProtocolService.groupManagement(GrpcAdminProtocolService.java:51)
	at org.apache.ratis.proto.grpc.AdminProtocolServiceGrpc$MethodHandlers.invoke(AdminProtocolServiceGrpc.java:701)
	at org.apache.ratis.thirdparty.io.grpc.stub.ServerCalls$UnaryServerCallHandler$UnaryServerCallListener.onHalfClose(ServerCalls.java:182)
	at org.apache.ratis.thirdparty.io.grpc.internal.ServerCallImpl$ServerStreamListenerImpl.halfClosed(ServerCallImpl.java:356)
	at org.apache.ratis.thirdparty.io.grpc.internal.ServerImpl$JumpToApplicationThreadServerStreamListener$1HalfClosed.runInContext(ServerImpl.java:861)
	at org.apache.ratis.thirdparty.io.grpc.internal.ContextRunnable.run(ContextRunnable.java:37)
	at org.apache.ratis.thirdparty.io.grpc.internal.SerializingExecutor.run(SerializingExecutor.java:133)
	at java.base/java.util.concurrent.ThreadPoolExecutor.runWorker(ThreadPoolExecutor.java:1144)
	at java.base/java.util.concurrent.ThreadPoolExecutor$Worker.run(ThreadPoolExecutor.java:642)
	at java.base/java.lang.Thread.run(Thread.java:1583)
Caused by: org.apache.ratis.protocol.exceptions.AlreadyExistsException: 092257cb-ba5a-4f8a-9b9c-d44861eaa450: Failed to add group-2DA8B140AB24:[092257cb-ba5a-4f8a-9b9c-d44861eaa450|127.0.0.1:15063, d8f38f7e-70e8-450f-85ae-2cee56d3f445|127.0.0.1:15079, a2863246-e653-4b31-a3d0-09f3a93c429f|127.0.0.1:15071] since the group already exists in the map.
	at org.apache.ratis.server.impl.RaftServerProxy$ImplMap.addNew(RaftServerProxy.java:99)
	at org.apache.ratis.server.impl.RaftServerProxy.groupAddAsync(RaftServerProxy.java:512)
	... 13 more
2025-07-05 15:48:29,289 [d8f38f7e-70e8-450f-85ae-2cee56d3f445-groupManagement] INFO  server.RaftServerConfigKeys (ConfUtils.java:logGet(62)) - raft.server.storage.dir = [/home/runner/work/ozone/ozone/hadoop-ozone/integration-test/target/test-dir/MiniOzoneClusterImpl-0a3c97a5-d59a-4532-afef-c4940c4c02aa/ozone-meta/datanode-9/ratis] (custom)
2025-07-05 15:48:29,289 [d8f38f7e-70e8-450f-85ae-2cee56d3f445-groupManagement] INFO  storage.RaftStorageDirectory (RaftStorageDirectoryImpl.java:analyzeStorage(138)) - The storage directory /home/runner/work/ozone/ozone/hadoop-ozone/integration-test/target/test-dir/MiniOzoneClusterImpl-0a3c97a5-d59a-4532-afef-c4940c4c02aa/ozone-meta/datanode-9/ratis/9e1d7ac4-d74c-4252-8298-2da8b140ab24 does not exist. Creating ...
2025-07-05 15:48:29,291 [d8f38f7e-70e8-450f-85ae-2cee56d3f445-groupManagement] INFO  storage.RaftStorageDirectory (RaftStorageDirectoryImpl.java:tryLock(229)) - Lock on /home/runner/work/ozone/ozone/hadoop-ozone/integration-test/target/test-dir/MiniOzoneClusterImpl-0a3c97a5-d59a-4532-afef-c4940c4c02aa/ozone-meta/datanode-9/ratis/9e1d7ac4-d74c-4252-8298-2da8b140ab24/in_use.lock acquired by nodename 44235@localhost
2025-07-05 15:48:29,293 [d8f38f7e-70e8-450f-85ae-2cee56d3f445-groupManagement] INFO  storage.RaftStorage (RaftStorageImpl.java:format(98)) - Storage directory /home/runner/work/ozone/ozone/hadoop-ozone/integration-test/target/test-dir/MiniOzoneClusterImpl-0a3c97a5-d59a-4532-afef-c4940c4c02aa/ozone-meta/datanode-9/ratis/9e1d7ac4-d74c-4252-8298-2da8b140ab24 has been successfully formatted.
2025-07-05 15:48:29,294 [d8f38f7e-70e8-450f-85ae-2cee56d3f445-groupManagement] INFO  ratis.ContainerStateMachine (ContainerStateMachine.java:initialize(339)) - d8f38f7e-70e8-450f-85ae-2cee56d3f445: initialize group-2DA8B140AB24
2025-07-05 15:48:29,294 [d8f38f7e-70e8-450f-85ae-2cee56d3f445-groupManagement] INFO  ratis.ContainerStateMachine (ContainerStateMachine.java:loadSnapshot(347)) - group-2DA8B140AB24: The snapshot info is null. Setting the last applied index to:<INITIAL_VALUE>
2025-07-05 15:48:29,294 [d8f38f7e-70e8-450f-85ae-2cee56d3f445-groupManagement] INFO  server.RaftServerConfigKeys (ConfUtils.java:logGet(62)) - raft.server.log.appender.buffer.byte-limit = 33554432 (custom)
2025-07-05 15:48:29,296 [a2863246-e653-4b31-a3d0-09f3a93c429f-PipelineCommandHandlerThread-0] INFO  commandhandler.CreatePipelineCommandHandler (CreatePipelineCommandHandler.java:lambda$handle$2(127)) - Created Pipeline RATIS THREE Pipeline-9e1d7ac4-d74c-4252-8298-2da8b140ab24.
2025-07-05 15:48:29,298 [d8f38f7e-70e8-450f-85ae-2cee56d3f445-groupManagement] INFO  server.RaftServerConfigKeys (ConfUtils.java:logGet(62)) - raft.server.log.segment.size.max = 67108864 (custom)
2025-07-05 15:48:29,298 [d8f38f7e-70e8-450f-85ae-2cee56d3f445-groupManagement] INFO  server.RaftServerConfigKeys (ConfUtils.java:logGet(62)) - raft.server.log.appender.buffer.byte-limit = 33554432 (custom)
2025-07-05 15:48:29,299 [d8f38f7e-70e8-450f-85ae-2cee56d3f445-groupManagement] INFO  util.AwaitToRun (AwaitToRun.java:start(81)) - Thread[#1427,d8f38f7e-70e8-450f-85ae-2cee56d3f445@group-2DA8B140AB24-cacheEviction-AwaitToRun,5,main] started
2025-07-05 15:48:29,299 [d8f38f7e-70e8-450f-85ae-2cee56d3f445-groupManagement] INFO  segmented.SegmentedRaftLogWorker (SegmentedRaftLogWorker.java:<init>(190)) - new d8f38f7e-70e8-450f-85ae-2cee56d3f445@group-2DA8B140AB24-SegmentedRaftLogWorker for RaftStorageImpl:Storage Directory /home/runner/work/ozone/ozone/hadoop-ozone/integration-test/target/test-dir/MiniOzoneClusterImpl-0a3c97a5-d59a-4532-afef-c4940c4c02aa/ozone-meta/datanode-9/ratis/9e1d7ac4-d74c-4252-8298-2da8b140ab24
2025-07-05 15:48:29,299 [d8f38f7e-70e8-450f-85ae-2cee56d3f445-groupManagement] INFO  server.RaftServerConfigKeys (ConfUtils.java:logGet(62)) - raft.server.log.queue.byte-limit = 4294967296 (custom)
2025-07-05 15:48:29,299 [d8f38f7e-70e8-450f-85ae-2cee56d3f445-groupManagement] INFO  server.RaftServerConfigKeys (ConfUtils.java:logGet(62)) - raft.server.log.segment.size.max = 67108864 (custom)
2025-07-05 15:48:29,300 [d8f38f7e-70e8-450f-85ae-2cee56d3f445-groupManagement] INFO  server.RaftServerConfigKeys (ConfUtils.java:logGet(62)) - raft.server.log.preallocated.size = 4194304 (custom)
2025-07-05 15:48:29,300 [d8f38f7e-70e8-450f-85ae-2cee56d3f445-groupManagement] INFO  server.RaftServerConfigKeys (ConfUtils.java:logGet(62)) - raft.server.log.write.buffer.size = 33554440 (custom)
2025-07-05 15:48:29,307 [d8f38f7e-70e8-450f-85ae-2cee56d3f445-PipelineCommandHandlerThread-0] INFO  server.RaftServer (RaftServerProxy.java:addNew(105)) - d8f38f7e-70e8-450f-85ae-2cee56d3f445: addNew group-85D4D12AD658:[d8f38f7e-70e8-450f-85ae-2cee56d3f445|127.0.0.1:15079] returns group-85D4D12AD658:java.util.concurrent.CompletableFuture@1450da65[Not completed]
2025-07-05 15:48:29,308 [d8f38f7e-70e8-450f-85ae-2cee56d3f445-groupManagement] INFO  server.RaftServerConfigKeys (ConfUtils.java:logGet(62)) - raft.server.log.appender.buffer.byte-limit = 33554432 (custom)
2025-07-05 15:48:29,309 [d8f38f7e-70e8-450f-85ae-2cee56d3f445-groupManagement] INFO  segmented.SegmentedRaftLogWorker (SegmentedRaftLogWorker.java:lambda$new$0(141)) - d8f38f7e-70e8-450f-85ae-2cee56d3f445@group-2DA8B140AB24-SegmentedRaftLogWorker: flushIndex: setUnconditionally 0 -> -1
2025-07-05 15:48:29,309 [d8f38f7e-70e8-450f-85ae-2cee56d3f445-groupManagement] INFO  segmented.SegmentedRaftLogWorker (SegmentedRaftLogWorker.java:lambda$new$0(141)) - d8f38f7e-70e8-450f-85ae-2cee56d3f445@group-2DA8B140AB24-SegmentedRaftLogWorker: safeCacheEvictIndex: setUnconditionally 0 -> -1
2025-07-05 15:48:29,310 [d8f38f7e-70e8-450f-85ae-2cee56d3f445-groupManagement] INFO  server.RaftServer$Division (RaftServerImpl.java:start(405)) - d8f38f7e-70e8-450f-85ae-2cee56d3f445@group-2DA8B140AB24: start as a follower, conf=conf: {index: -1, cur=peers:[092257cb-ba5a-4f8a-9b9c-d44861eaa450|127.0.0.1:15063, d8f38f7e-70e8-450f-85ae-2cee56d3f445|127.0.0.1:15079, a2863246-e653-4b31-a3d0-09f3a93c429f|127.0.0.1:15071]|listeners:[], old=null}
2025-07-05 15:48:29,310 [d8f38f7e-70e8-450f-85ae-2cee56d3f445-groupManagement] INFO  server.RaftServer$Division (RaftServerImpl.java:setRole(392)) - d8f38f7e-70e8-450f-85ae-2cee56d3f445@group-2DA8B140AB24: changes role from      null to FOLLOWER at term 0 for startAsFollower
2025-07-05 15:48:29,310 [d8f38f7e-70e8-450f-85ae-2cee56d3f445-groupManagement] INFO  impl.RoleInfo (RoleInfo.java:updateAndGet(148)) - d8f38f7e-70e8-450f-85ae-2cee56d3f445: start d8f38f7e-70e8-450f-85ae-2cee56d3f445@group-2DA8B140AB24-FollowerState
2025-07-05 15:48:29,311 [d8f38f7e-70e8-450f-85ae-2cee56d3f445-groupManagement] INFO  util.JmxRegister (JmxRegister.java:tryRegister(44)) - Successfully registered JMX Bean with object name Ratis:service=RaftServer,group=group-2DA8B140AB24,id=d8f38f7e-70e8-450f-85ae-2cee56d3f445
2025-07-05 15:48:29,311 [d8f38f7e-70e8-450f-85ae-2cee56d3f445-groupManagement] INFO  util.JmxRegister (JmxRegister.java:register(58)) - register mxBean class org.apache.ratis.server.impl.RaftServerJmxAdapter as Ratis:service=RaftServer,group=group-2DA8B140AB24,id=d8f38f7e-70e8-450f-85ae-2cee56d3f445
2025-07-05 15:48:29,312 [d8f38f7e-70e8-450f-85ae-2cee56d3f445-groupManagement] INFO  server.RaftServer$Division (RaftServerImpl.java:start(419)) - d8f38f7e-70e8-450f-85ae-2cee56d3f445@group-2DA8B140AB24: Successfully started.
2025-07-05 15:48:29,315 [d8f38f7e-70e8-450f-85ae-2cee56d3f445-groupManagement] WARN  statemachine.DatanodeConfiguration (DatanodeConfiguration.java:validateMinFreeSpace(751)) - hdds.datanode.volume.min.free.space.percent = -1.0 is invalid, should be between 0 and 1
2025-07-05 15:48:29,316 [d8f38f7e-70e8-450f-85ae-2cee56d3f445-groupManagement] INFO  server.RaftServer$Division (RaftServerImpl.java:<init>(268)) - d8f38f7e-70e8-450f-85ae-2cee56d3f445: new RaftServerImpl for group-85D4D12AD658:[d8f38f7e-70e8-450f-85ae-2cee56d3f445|127.0.0.1:15079] with ContainerStateMachine:uninitialized
2025-07-05 15:48:29,316 [d8f38f7e-70e8-450f-85ae-2cee56d3f445-groupManagement] INFO  server.RaftServer$Division (ServerState.java:<init>(114)) - d8f38f7e-70e8-450f-85ae-2cee56d3f445@group-85D4D12AD658: ConfigurationManager, init=conf: {index: -1, cur=peers:[d8f38f7e-70e8-450f-85ae-2cee56d3f445|127.0.0.1:15079]|listeners:[], old=null}, confs=<EMPTY_MAP>
2025-07-05 15:48:29,317 [092257cb-ba5a-4f8a-9b9c-d44861eaa450-PipelineCommandHandlerThread-0] INFO  commandhandler.CreatePipelineCommandHandler (CreatePipelineCommandHandler.java:lambda$handle$2(127)) - Created Pipeline RATIS THREE Pipeline-9e1d7ac4-d74c-4252-8298-2da8b140ab24.
2025-07-05 15:48:29,321 [d8f38f7e-70e8-450f-85ae-2cee56d3f445-groupManagement] INFO  storage.RaftStorageDirectory (RaftStorageDirectoryImpl.java:analyzeStorage(138)) - The storage directory /home/runner/work/ozone/ozone/hadoop-ozone/integration-test/target/test-dir/MiniOzoneClusterImpl-0a3c97a5-d59a-4532-afef-c4940c4c02aa/ozone-meta/datanode-9/ratis/e6b93728-3fa6-44fd-b8ff-85d4d12ad658 does not exist. Creating ...
2025-07-05 15:48:29,321 [d8f38f7e-70e8-450f-85ae-2cee56d3f445-groupManagement] INFO  storage.RaftStorageDirectory (RaftStorageDirectoryImpl.java:tryLock(229)) - Lock on /home/runner/work/ozone/ozone/hadoop-ozone/integration-test/target/test-dir/MiniOzoneClusterImpl-0a3c97a5-d59a-4532-afef-c4940c4c02aa/ozone-meta/datanode-9/ratis/e6b93728-3fa6-44fd-b8ff-85d4d12ad658/in_use.lock acquired by nodename 44235@localhost
2025-07-05 15:48:29,322 [d8f38f7e-70e8-450f-85ae-2cee56d3f445-groupManagement] INFO  storage.RaftStorage (RaftStorageImpl.java:format(98)) - Storage directory /home/runner/work/ozone/ozone/hadoop-ozone/integration-test/target/test-dir/MiniOzoneClusterImpl-0a3c97a5-d59a-4532-afef-c4940c4c02aa/ozone-meta/datanode-9/ratis/e6b93728-3fa6-44fd-b8ff-85d4d12ad658 has been successfully formatted.
2025-07-05 15:48:29,323 [d8f38f7e-70e8-450f-85ae-2cee56d3f445-groupManagement] INFO  ratis.ContainerStateMachine (ContainerStateMachine.java:initialize(339)) - d8f38f7e-70e8-450f-85ae-2cee56d3f445: initialize group-85D4D12AD658
2025-07-05 15:48:29,323 [d8f38f7e-70e8-450f-85ae-2cee56d3f445-groupManagement] INFO  ratis.ContainerStateMachine (ContainerStateMachine.java:loadSnapshot(347)) - group-85D4D12AD658: The snapshot info is null. Setting the last applied index to:<INITIAL_VALUE>
2025-07-05 15:48:29,323 [d8f38f7e-70e8-450f-85ae-2cee56d3f445-groupManagement] INFO  server.RaftServerConfigKeys (ConfUtils.java:logGet(62)) - raft.server.log.appender.buffer.byte-limit = 33554432 (custom)
2025-07-05 15:48:29,325 [d8f38f7e-70e8-450f-85ae-2cee56d3f445-groupManagement] INFO  server.RaftServerConfigKeys (ConfUtils.java:logGet(62)) - raft.server.log.segment.size.max = 67108864 (custom)
2025-07-05 15:48:29,326 [d8f38f7e-70e8-450f-85ae-2cee56d3f445-groupManagement] INFO  server.RaftServerConfigKeys (ConfUtils.java:logGet(62)) - raft.server.log.appender.buffer.byte-limit = 33554432 (custom)
2025-07-05 15:48:29,327 [d8f38f7e-70e8-450f-85ae-2cee56d3f445-groupManagement] INFO  util.AwaitToRun (AwaitToRun.java:start(81)) - Thread[#1435,d8f38f7e-70e8-450f-85ae-2cee56d3f445@group-85D4D12AD658-cacheEviction-AwaitToRun,5,main] started
2025-07-05 15:48:29,327 [d8f38f7e-70e8-450f-85ae-2cee56d3f445-groupManagement] INFO  segmented.SegmentedRaftLogWorker (SegmentedRaftLogWorker.java:<init>(190)) - new d8f38f7e-70e8-450f-85ae-2cee56d3f445@group-85D4D12AD658-SegmentedRaftLogWorker for RaftStorageImpl:Storage Directory /home/runner/work/ozone/ozone/hadoop-ozone/integration-test/target/test-dir/MiniOzoneClusterImpl-0a3c97a5-d59a-4532-afef-c4940c4c02aa/ozone-meta/datanode-9/ratis/e6b93728-3fa6-44fd-b8ff-85d4d12ad658
2025-07-05 15:48:29,327 [d8f38f7e-70e8-450f-85ae-2cee56d3f445-groupManagement] INFO  server.RaftServerConfigKeys (ConfUtils.java:logGet(62)) - raft.server.log.queue.byte-limit = 4294967296 (custom)
2025-07-05 15:48:29,327 [d8f38f7e-70e8-450f-85ae-2cee56d3f445-groupManagement] INFO  server.RaftServerConfigKeys (ConfUtils.java:logGet(62)) - raft.server.log.segment.size.max = 67108864 (custom)
2025-07-05 15:48:29,327 [d8f38f7e-70e8-450f-85ae-2cee56d3f445-groupManagement] INFO  server.RaftServerConfigKeys (ConfUtils.java:logGet(62)) - raft.server.log.preallocated.size = 4194304 (custom)
2025-07-05 15:48:29,328 [d8f38f7e-70e8-450f-85ae-2cee56d3f445-groupManagement] INFO  server.RaftServerConfigKeys (ConfUtils.java:logGet(62)) - raft.server.log.write.buffer.size = 33554440 (custom)
2025-07-05 15:48:29,328 [EventQueue-PipelineReportForPipelineReportHandler] INFO  pipeline.PipelineReportHandler (PipelineReportHandler.java:processPipelineReport(134)) - Opened pipeline Pipeline-e6b93728-3fa6-44fd-b8ff-85d4d12ad658
2025-07-05 15:48:29,332 [d8f38f7e-70e8-450f-85ae-2cee56d3f445-groupManagement] INFO  server.RaftServerConfigKeys (ConfUtils.java:logGet(62)) - raft.server.log.appender.buffer.byte-limit = 33554432 (custom)
2025-07-05 15:48:29,333 [d8f38f7e-70e8-450f-85ae-2cee56d3f445-groupManagement] INFO  segmented.SegmentedRaftLogWorker (SegmentedRaftLogWorker.java:lambda$new$0(141)) - d8f38f7e-70e8-450f-85ae-2cee56d3f445@group-85D4D12AD658-SegmentedRaftLogWorker: flushIndex: setUnconditionally 0 -> -1
2025-07-05 15:48:29,333 [d8f38f7e-70e8-450f-85ae-2cee56d3f445-groupManagement] INFO  segmented.SegmentedRaftLogWorker (SegmentedRaftLogWorker.java:lambda$new$0(141)) - d8f38f7e-70e8-450f-85ae-2cee56d3f445@group-85D4D12AD658-SegmentedRaftLogWorker: safeCacheEvictIndex: setUnconditionally 0 -> -1
2025-07-05 15:48:29,334 [d8f38f7e-70e8-450f-85ae-2cee56d3f445-groupManagement] INFO  server.RaftServer$Division (RaftServerImpl.java:start(405)) - d8f38f7e-70e8-450f-85ae-2cee56d3f445@group-85D4D12AD658: start as a follower, conf=conf: {index: -1, cur=peers:[d8f38f7e-70e8-450f-85ae-2cee56d3f445|127.0.0.1:15079]|listeners:[], old=null}
2025-07-05 15:48:29,334 [d8f38f7e-70e8-450f-85ae-2cee56d3f445-groupManagement] INFO  server.RaftServer$Division (RaftServerImpl.java:setRole(392)) - d8f38f7e-70e8-450f-85ae-2cee56d3f445@group-85D4D12AD658: changes role from      null to FOLLOWER at term 0 for startAsFollower
2025-07-05 15:48:29,334 [d8f38f7e-70e8-450f-85ae-2cee56d3f445-groupManagement] INFO  impl.RoleInfo (RoleInfo.java:updateAndGet(148)) - d8f38f7e-70e8-450f-85ae-2cee56d3f445: start d8f38f7e-70e8-450f-85ae-2cee56d3f445@group-85D4D12AD658-FollowerState
2025-07-05 15:48:29,334 [d8f38f7e-70e8-450f-85ae-2cee56d3f445-groupManagement] INFO  util.JmxRegister (JmxRegister.java:tryRegister(44)) - Successfully registered JMX Bean with object name Ratis:service=RaftServer,group=group-85D4D12AD658,id=d8f38f7e-70e8-450f-85ae-2cee56d3f445
2025-07-05 15:48:29,334 [d8f38f7e-70e8-450f-85ae-2cee56d3f445-groupManagement] INFO  util.JmxRegister (JmxRegister.java:register(58)) - register mxBean class org.apache.ratis.server.impl.RaftServerJmxAdapter as Ratis:service=RaftServer,group=group-85D4D12AD658,id=d8f38f7e-70e8-450f-85ae-2cee56d3f445
2025-07-05 15:48:29,335 [d8f38f7e-70e8-450f-85ae-2cee56d3f445-groupManagement] INFO  server.RaftServer$Division (RaftServerImpl.java:start(419)) - d8f38f7e-70e8-450f-85ae-2cee56d3f445@group-85D4D12AD658: Successfully started.
2025-07-05 15:48:29,335 [d8f38f7e-70e8-450f-85ae-2cee56d3f445-PipelineCommandHandlerThread-0] INFO  ratis.XceiverServerRatis (XceiverServerRatis.java:addGroup(843)) - Created group Pipeline-e6b93728-3fa6-44fd-b8ff-85d4d12ad658
2025-07-05 15:48:29,335 [d8f38f7e-70e8-450f-85ae-2cee56d3f445-PipelineCommandHandlerThread-0] INFO  commandhandler.CreatePipelineCommandHandler (CreatePipelineCommandHandler.java:lambda$handle$2(127)) - Created Pipeline RATIS ONE Pipeline-e6b93728-3fa6-44fd-b8ff-85d4d12ad658.
2025-07-05 15:48:29,339 [694b616d-7f52-4b82-b07e-10398eb153c5@group-D8440EAE590F-FollowerState] INFO  impl.FollowerState (FollowerState.java:runImpl(161)) - 694b616d-7f52-4b82-b07e-10398eb153c5@group-D8440EAE590F-FollowerState: change to CANDIDATE, lastRpcElapsedTime:1080642669ns, electionTimeout:1080ms
2025-07-05 15:48:29,339 [694b616d-7f52-4b82-b07e-10398eb153c5@group-D8440EAE590F-FollowerState] INFO  impl.RoleInfo (RoleInfo.java:shutdownFollowerState(121)) - 694b616d-7f52-4b82-b07e-10398eb153c5: shutdown 694b616d-7f52-4b82-b07e-10398eb153c5@group-D8440EAE590F-FollowerState
2025-07-05 15:48:29,339 [694b616d-7f52-4b82-b07e-10398eb153c5@group-D8440EAE590F-FollowerState] INFO  server.RaftServer$Division (RaftServerImpl.java:setRole(392)) - 694b616d-7f52-4b82-b07e-10398eb153c5@group-D8440EAE590F: changes role from  FOLLOWER to CANDIDATE at term 0 for changeToCandidate
2025-07-05 15:48:29,339 [694b616d-7f52-4b82-b07e-10398eb153c5@group-D8440EAE590F-FollowerState] INFO  impl.RoleInfo (RoleInfo.java:updateAndGet(148)) - 694b616d-7f52-4b82-b07e-10398eb153c5: start 694b616d-7f52-4b82-b07e-10398eb153c5@group-D8440EAE590F-LeaderElection15
2025-07-05 15:48:29,340 [694b616d-7f52-4b82-b07e-10398eb153c5@group-D8440EAE590F-LeaderElection15] INFO  impl.LeaderElection (LeaderElection.java:askForVotes(448)) - 694b616d-7f52-4b82-b07e-10398eb153c5@group-D8440EAE590F-LeaderElection15 PRE_VOTE round 0: submit vote requests at term 0 for conf: {index: -1, cur=peers:[694b616d-7f52-4b82-b07e-10398eb153c5|127.0.0.1:15047]|listeners:[], old=null}
2025-07-05 15:48:29,340 [694b616d-7f52-4b82-b07e-10398eb153c5@group-D8440EAE590F-LeaderElection15] INFO  impl.LeaderElection (LeaderElection.java:askForVotes(450)) - 694b616d-7f52-4b82-b07e-10398eb153c5@group-D8440EAE590F-LeaderElection15 PRE_VOTE round 0: result PASSED (term=0)
2025-07-05 15:48:29,341 [694b616d-7f52-4b82-b07e-10398eb153c5@group-D8440EAE590F-LeaderElection15] INFO  impl.LeaderElection (LeaderElection.java:askForVotes(448)) - 694b616d-7f52-4b82-b07e-10398eb153c5@group-D8440EAE590F-LeaderElection15 ELECTION round 0: submit vote requests at term 1 for conf: {index: -1, cur=peers:[694b616d-7f52-4b82-b07e-10398eb153c5|127.0.0.1:15047]|listeners:[], old=null}
2025-07-05 15:48:29,341 [694b616d-7f52-4b82-b07e-10398eb153c5@group-D8440EAE590F-LeaderElection15] INFO  impl.LeaderElection (LeaderElection.java:askForVotes(450)) - 694b616d-7f52-4b82-b07e-10398eb153c5@group-D8440EAE590F-LeaderElection15 ELECTION round 0: result PASSED (term=1)
2025-07-05 15:48:29,341 [694b616d-7f52-4b82-b07e-10398eb153c5@group-D8440EAE590F-LeaderElection15] INFO  impl.RoleInfo (RoleInfo.java:shutdownLeaderElection(141)) - 694b616d-7f52-4b82-b07e-10398eb153c5: shutdown 694b616d-7f52-4b82-b07e-10398eb153c5@group-D8440EAE590F-LeaderElection15
2025-07-05 15:48:29,341 [694b616d-7f52-4b82-b07e-10398eb153c5@group-D8440EAE590F-LeaderElection15] INFO  server.RaftServer$Division (RaftServerImpl.java:setRole(392)) - 694b616d-7f52-4b82-b07e-10398eb153c5@group-D8440EAE590F: changes role from CANDIDATE to LEADER at term 1 for changeToLeader
2025-07-05 15:48:29,341 [694b616d-7f52-4b82-b07e-10398eb153c5@group-D8440EAE590F-LeaderElection15] INFO  server.RaftServerConfigKeys (ConfUtils.java:logFallback(69)) - raft.server.staging.timeout = 15600ms (fallback to raft.server.rpc.timeout.max)
2025-07-05 15:48:29,341 [694b616d-7f52-4b82-b07e-10398eb153c5@group-D8440EAE590F-LeaderElection15] INFO  server.RaftServerConfigKeys (ConfUtils.java:logGet(62)) - raft.server.write.byte-limit = 1024 M (=1073741824) (custom)
2025-07-05 15:48:29,343 [694b616d-7f52-4b82-b07e-10398eb153c5@group-D8440EAE590F-LeaderElection15] INFO  impl.RoleInfo (RoleInfo.java:updateAndGet(148)) - 694b616d-7f52-4b82-b07e-10398eb153c5: start 694b616d-7f52-4b82-b07e-10398eb153c5@group-D8440EAE590F-LeaderStateImpl
2025-07-05 15:48:29,343 [694b616d-7f52-4b82-b07e-10398eb153c5@group-D8440EAE590F-LeaderElection15] INFO  server.RaftServer$Division (RaftServerImpl.java:setFirstElection(576)) - 694b616d-7f52-4b82-b07e-10398eb153c5@group-D8440EAE590F: set firstElectionSinceStartup to false for becomeLeader
2025-07-05 15:48:29,343 [694b616d-7f52-4b82-b07e-10398eb153c5@group-D8440EAE590F-LeaderElection15] INFO  ratis.XceiverServerRatis (XceiverServerRatis.java:handleLeaderChangedNotification(944)) - Leader change notification received for group: group-D8440EAE590F with new leaderId: 694b616d-7f52-4b82-b07e-10398eb153c5
2025-07-05 15:48:29,343 [694b616d-7f52-4b82-b07e-10398eb153c5@group-D8440EAE590F-LeaderElection15] INFO  server.RaftServer$Division (ServerState.java:setLeader(272)) - 694b616d-7f52-4b82-b07e-10398eb153c5@group-D8440EAE590F: change Leader from null to 694b616d-7f52-4b82-b07e-10398eb153c5 at term 1 for becomeLeader, leader elected after 1104ms
2025-07-05 15:48:29,344 [694b616d-7f52-4b82-b07e-10398eb153c5@group-D8440EAE590F-LeaderElection15] INFO  segmented.SegmentedRaftLogWorker (SegmentedRaftLogWorker.java:startLogSegment(440)) - 694b616d-7f52-4b82-b07e-10398eb153c5@group-D8440EAE590F-SegmentedRaftLogWorker: Starting segment from index:0
2025-07-05 15:48:29,345 [694b616d-7f52-4b82-b07e-10398eb153c5@group-D8440EAE590F-LeaderElection15] INFO  server.RaftServer$Division (ServerState.java:setRaftConf(386)) - 694b616d-7f52-4b82-b07e-10398eb153c5@group-D8440EAE590F: set configuration conf: {index: 0, cur=peers:[694b616d-7f52-4b82-b07e-10398eb153c5|127.0.0.1:15047]|listeners:[], old=null}
2025-07-05 15:48:29,345 [694b616d-7f52-4b82-b07e-10398eb153c5@group-D8440EAE590F-SegmentedRaftLogWorker] INFO  segmented.BufferedWriteChannel (BufferedWriteChannel.java:open(61)) - open log_inprogress_0 at position 0
2025-07-05 15:48:29,355 [694b616d-7f52-4b82-b07e-10398eb153c5@group-D8440EAE590F-SegmentedRaftLogWorker] INFO  segmented.SegmentedRaftLogWorker (SegmentedRaftLogWorker.java:execute(647)) - 694b616d-7f52-4b82-b07e-10398eb153c5@group-D8440EAE590F-SegmentedRaftLogWorker: created new log segment /home/runner/work/ozone/ozone/hadoop-ozone/integration-test/target/test-dir/MiniOzoneClusterImpl-0a3c97a5-d59a-4532-afef-c4940c4c02aa/ozone-meta/datanode-5/ratis/77bac9b7-c088-49da-aedc-d8440eae590f/current/log_inprogress_0
2025-07-05 15:48:29,357 [694b616d-7f52-4b82-b07e-10398eb153c5@group-D8440EAE590F-StateMachineUpdater] INFO  server.RaftServer$Division (LeaderStateImpl.java:checkStartIndex(309)) - Leader 694b616d-7f52-4b82-b07e-10398eb153c5@group-D8440EAE590F-LeaderStateImpl is ready since appliedIndex == startIndex == 0
2025-07-05 15:48:29,357 [694b616d-7f52-4b82-b07e-10398eb153c5@group-D8440EAE590F-StateMachineUpdater] INFO  ratis.ContainerStateMachine (ContainerStateMachine.java:takeSnapshot(427)) - group-D8440EAE590F: Taking a snapshot at:(t:1, i:0) file /home/runner/work/ozone/ozone/hadoop-ozone/integration-test/target/test-dir/MiniOzoneClusterImpl-0a3c97a5-d59a-4532-afef-c4940c4c02aa/ozone-meta/datanode-5/ratis/77bac9b7-c088-49da-aedc-d8440eae590f/sm/snapshot.1_0
2025-07-05 15:48:29,358 [694b616d-7f52-4b82-b07e-10398eb153c5@group-D8440EAE590F-StateMachineUpdater] INFO  ratis.ContainerStateMachine (ContainerStateMachine.java:takeSnapshot(436)) - group-D8440EAE590F: Finished taking a snapshot at:(t:1, i:0) file:/home/runner/work/ozone/ozone/hadoop-ozone/integration-test/target/test-dir/MiniOzoneClusterImpl-0a3c97a5-d59a-4532-afef-c4940c4c02aa/ozone-meta/datanode-5/ratis/77bac9b7-c088-49da-aedc-d8440eae590f/sm/snapshot.1_0 took: 1 ms
2025-07-05 15:48:29,358 [694b616d-7f52-4b82-b07e-10398eb153c5@group-D8440EAE590F-StateMachineUpdater] INFO  impl.StateMachineUpdater (StateMachineUpdater.java:takeSnapshot(307)) - 694b616d-7f52-4b82-b07e-10398eb153c5@group-D8440EAE590F-StateMachineUpdater: Took a snapshot at index 0
2025-07-05 15:48:29,358 [694b616d-7f52-4b82-b07e-10398eb153c5@group-D8440EAE590F-StateMachineUpdater] INFO  impl.StateMachineUpdater (StateMachineUpdater.java:lambda$new$0(101)) - 694b616d-7f52-4b82-b07e-10398eb153c5@group-D8440EAE590F-StateMachineUpdater: snapshotIndex: updateIncreasingly -1 -> 0
2025-07-05 15:48:29,550 [16b3a642-386d-4aa9-ba22-a20b8f52ec18-PipelineCommandHandlerThread-0] INFO  server.RaftServer (RaftServerProxy.java:addNew(105)) - 16b3a642-386d-4aa9-ba22-a20b8f52ec18: addNew group-7AAE84768178:[16b3a642-386d-4aa9-ba22-a20b8f52ec18|127.0.0.1:15087] returns group-7AAE84768178:java.util.concurrent.CompletableFuture@33921b0f[Not completed]
2025-07-05 15:48:29,552 [16b3a642-386d-4aa9-ba22-a20b8f52ec18-groupManagement] WARN  statemachine.DatanodeConfiguration (DatanodeConfiguration.java:validateMinFreeSpace(751)) - hdds.datanode.volume.min.free.space.percent = -1.0 is invalid, should be between 0 and 1
2025-07-05 15:48:29,552 [16b3a642-386d-4aa9-ba22-a20b8f52ec18-groupManagement] INFO  server.RaftServer$Division (RaftServerImpl.java:<init>(268)) - 16b3a642-386d-4aa9-ba22-a20b8f52ec18: new RaftServerImpl for group-7AAE84768178:[16b3a642-386d-4aa9-ba22-a20b8f52ec18|127.0.0.1:15087] with ContainerStateMachine:uninitialized
2025-07-05 15:48:29,552 [16b3a642-386d-4aa9-ba22-a20b8f52ec18-groupManagement] INFO  server.RaftServer$Division (ServerState.java:<init>(114)) - 16b3a642-386d-4aa9-ba22-a20b8f52ec18@group-7AAE84768178: ConfigurationManager, init=conf: {index: -1, cur=peers:[16b3a642-386d-4aa9-ba22-a20b8f52ec18|127.0.0.1:15087]|listeners:[], old=null}, confs=<EMPTY_MAP>
2025-07-05 15:48:29,557 [16b3a642-386d-4aa9-ba22-a20b8f52ec18-groupManagement] INFO  server.RaftServerConfigKeys (ConfUtils.java:logGet(62)) - raft.server.storage.dir = [/home/runner/work/ozone/ozone/hadoop-ozone/integration-test/target/test-dir/MiniOzoneClusterImpl-0a3c97a5-d59a-4532-afef-c4940c4c02aa/ozone-meta/datanode-10/ratis] (custom)
2025-07-05 15:48:29,557 [16b3a642-386d-4aa9-ba22-a20b8f52ec18-groupManagement] INFO  storage.RaftStorageDirectory (RaftStorageDirectoryImpl.java:analyzeStorage(138)) - The storage directory /home/runner/work/ozone/ozone/hadoop-ozone/integration-test/target/test-dir/MiniOzoneClusterImpl-0a3c97a5-d59a-4532-afef-c4940c4c02aa/ozone-meta/datanode-10/ratis/a4284b00-beef-4df1-b980-7aae84768178 does not exist. Creating ...
2025-07-05 15:48:29,559 [16b3a642-386d-4aa9-ba22-a20b8f52ec18-groupManagement] INFO  storage.RaftStorageDirectory (RaftStorageDirectoryImpl.java:tryLock(229)) - Lock on /home/runner/work/ozone/ozone/hadoop-ozone/integration-test/target/test-dir/MiniOzoneClusterImpl-0a3c97a5-d59a-4532-afef-c4940c4c02aa/ozone-meta/datanode-10/ratis/a4284b00-beef-4df1-b980-7aae84768178/in_use.lock acquired by nodename 44235@localhost
2025-07-05 15:48:29,561 [16b3a642-386d-4aa9-ba22-a20b8f52ec18-groupManagement] INFO  storage.RaftStorage (RaftStorageImpl.java:format(98)) - Storage directory /home/runner/work/ozone/ozone/hadoop-ozone/integration-test/target/test-dir/MiniOzoneClusterImpl-0a3c97a5-d59a-4532-afef-c4940c4c02aa/ozone-meta/datanode-10/ratis/a4284b00-beef-4df1-b980-7aae84768178 has been successfully formatted.
2025-07-05 15:48:29,561 [16b3a642-386d-4aa9-ba22-a20b8f52ec18-groupManagement] INFO  ratis.ContainerStateMachine (ContainerStateMachine.java:initialize(339)) - 16b3a642-386d-4aa9-ba22-a20b8f52ec18: initialize group-7AAE84768178
2025-07-05 15:48:29,561 [16b3a642-386d-4aa9-ba22-a20b8f52ec18-groupManagement] INFO  ratis.ContainerStateMachine (ContainerStateMachine.java:loadSnapshot(347)) - group-7AAE84768178: The snapshot info is null. Setting the last applied index to:<INITIAL_VALUE>
2025-07-05 15:48:29,561 [16b3a642-386d-4aa9-ba22-a20b8f52ec18-groupManagement] INFO  server.RaftServerConfigKeys (ConfUtils.java:logGet(62)) - raft.server.log.appender.buffer.byte-limit = 33554432 (custom)
2025-07-05 15:48:29,562 [main] INFO  rpc.RpcClient (RpcClient.java:createVolume(461)) - Creating Volume: testcontainerstatemachinefailures, with runner as owner and space quota set to -1 bytes, counts quota set to -1
2025-07-05 15:48:29,565 [16b3a642-386d-4aa9-ba22-a20b8f52ec18-groupManagement] INFO  server.RaftServerConfigKeys (ConfUtils.java:logGet(62)) - raft.server.log.segment.size.max = 67108864 (custom)
2025-07-05 15:48:29,566 [16b3a642-386d-4aa9-ba22-a20b8f52ec18-groupManagement] INFO  server.RaftServerConfigKeys (ConfUtils.java:logGet(62)) - raft.server.log.appender.buffer.byte-limit = 33554432 (custom)
2025-07-05 15:48:29,568 [EventQueue-PipelineReportForPipelineReportHandler] INFO  pipeline.PipelineReportHandler (PipelineReportHandler.java:processPipelineReport(134)) - Opened pipeline Pipeline-a4284b00-beef-4df1-b980-7aae84768178
2025-07-05 15:48:29,568 [16b3a642-386d-4aa9-ba22-a20b8f52ec18-groupManagement] INFO  util.AwaitToRun (AwaitToRun.java:start(81)) - Thread[#1445,16b3a642-386d-4aa9-ba22-a20b8f52ec18@group-7AAE84768178-cacheEviction-AwaitToRun,5,main] started
2025-07-05 15:48:29,568 [16b3a642-386d-4aa9-ba22-a20b8f52ec18-groupManagement] INFO  segmented.SegmentedRaftLogWorker (SegmentedRaftLogWorker.java:<init>(190)) - new 16b3a642-386d-4aa9-ba22-a20b8f52ec18@group-7AAE84768178-SegmentedRaftLogWorker for RaftStorageImpl:Storage Directory /home/runner/work/ozone/ozone/hadoop-ozone/integration-test/target/test-dir/MiniOzoneClusterImpl-0a3c97a5-d59a-4532-afef-c4940c4c02aa/ozone-meta/datanode-10/ratis/a4284b00-beef-4df1-b980-7aae84768178
2025-07-05 15:48:29,568 [16b3a642-386d-4aa9-ba22-a20b8f52ec18-groupManagement] INFO  server.RaftServerConfigKeys (ConfUtils.java:logGet(62)) - raft.server.log.queue.byte-limit = 4294967296 (custom)
2025-07-05 15:48:29,568 [16b3a642-386d-4aa9-ba22-a20b8f52ec18-groupManagement] INFO  server.RaftServerConfigKeys (ConfUtils.java:logGet(62)) - raft.server.log.segment.size.max = 67108864 (custom)
2025-07-05 15:48:29,568 [16b3a642-386d-4aa9-ba22-a20b8f52ec18-groupManagement] INFO  server.RaftServerConfigKeys (ConfUtils.java:logGet(62)) - raft.server.log.preallocated.size = 4194304 (custom)
2025-07-05 15:48:29,569 [16b3a642-386d-4aa9-ba22-a20b8f52ec18-groupManagement] INFO  server.RaftServerConfigKeys (ConfUtils.java:logGet(62)) - raft.server.log.write.buffer.size = 33554440 (custom)
2025-07-05 15:48:29,574 [16b3a642-386d-4aa9-ba22-a20b8f52ec18-groupManagement] INFO  server.RaftServerConfigKeys (ConfUtils.java:logGet(62)) - raft.server.log.appender.buffer.byte-limit = 33554432 (custom)
2025-07-05 15:48:29,575 [16b3a642-386d-4aa9-ba22-a20b8f52ec18-groupManagement] INFO  segmented.SegmentedRaftLogWorker (SegmentedRaftLogWorker.java:lambda$new$0(141)) - 16b3a642-386d-4aa9-ba22-a20b8f52ec18@group-7AAE84768178-SegmentedRaftLogWorker: flushIndex: setUnconditionally 0 -> -1
2025-07-05 15:48:29,575 [16b3a642-386d-4aa9-ba22-a20b8f52ec18-groupManagement] INFO  segmented.SegmentedRaftLogWorker (SegmentedRaftLogWorker.java:lambda$new$0(141)) - 16b3a642-386d-4aa9-ba22-a20b8f52ec18@group-7AAE84768178-SegmentedRaftLogWorker: safeCacheEvictIndex: setUnconditionally 0 -> -1
2025-07-05 15:48:29,575 [16b3a642-386d-4aa9-ba22-a20b8f52ec18-groupManagement] INFO  server.RaftServer$Division (RaftServerImpl.java:start(405)) - 16b3a642-386d-4aa9-ba22-a20b8f52ec18@group-7AAE84768178: start as a follower, conf=conf: {index: -1, cur=peers:[16b3a642-386d-4aa9-ba22-a20b8f52ec18|127.0.0.1:15087]|listeners:[], old=null}
2025-07-05 15:48:29,576 [16b3a642-386d-4aa9-ba22-a20b8f52ec18-groupManagement] INFO  server.RaftServer$Division (RaftServerImpl.java:setRole(392)) - 16b3a642-386d-4aa9-ba22-a20b8f52ec18@group-7AAE84768178: changes role from      null to FOLLOWER at term 0 for startAsFollower
2025-07-05 15:48:29,576 [16b3a642-386d-4aa9-ba22-a20b8f52ec18-groupManagement] INFO  impl.RoleInfo (RoleInfo.java:updateAndGet(148)) - 16b3a642-386d-4aa9-ba22-a20b8f52ec18: start 16b3a642-386d-4aa9-ba22-a20b8f52ec18@group-7AAE84768178-FollowerState
2025-07-05 15:48:29,576 [16b3a642-386d-4aa9-ba22-a20b8f52ec18-groupManagement] INFO  util.JmxRegister (JmxRegister.java:tryRegister(44)) - Successfully registered JMX Bean with object name Ratis:service=RaftServer,group=group-7AAE84768178,id=16b3a642-386d-4aa9-ba22-a20b8f52ec18
2025-07-05 15:48:29,576 [16b3a642-386d-4aa9-ba22-a20b8f52ec18-groupManagement] INFO  util.JmxRegister (JmxRegister.java:register(58)) - register mxBean class org.apache.ratis.server.impl.RaftServerJmxAdapter as Ratis:service=RaftServer,group=group-7AAE84768178,id=16b3a642-386d-4aa9-ba22-a20b8f52ec18
2025-07-05 15:48:29,578 [16b3a642-386d-4aa9-ba22-a20b8f52ec18-groupManagement] INFO  server.RaftServer$Division (RaftServerImpl.java:start(419)) - 16b3a642-386d-4aa9-ba22-a20b8f52ec18@group-7AAE84768178: Successfully started.
2025-07-05 15:48:29,578 [16b3a642-386d-4aa9-ba22-a20b8f52ec18-PipelineCommandHandlerThread-0] INFO  ratis.XceiverServerRatis (XceiverServerRatis.java:addGroup(843)) - Created group Pipeline-a4284b00-beef-4df1-b980-7aae84768178
2025-07-05 15:48:29,578 [16b3a642-386d-4aa9-ba22-a20b8f52ec18-PipelineCommandHandlerThread-0] INFO  commandhandler.CreatePipelineCommandHandler (CreatePipelineCommandHandler.java:lambda$handle$2(127)) - Created Pipeline RATIS ONE Pipeline-a4284b00-beef-4df1-b980-7aae84768178.
2025-07-05 15:48:29,586 [om1-OMStateMachineApplyTransactionThread - 0] INFO  volume.OMVolumeCreateRequest (OMVolumeCreateRequest.java:validateAndUpdateCache(203)) - created volume:testcontainerstatemachinefailures for user:runner
2025-07-05 15:48:29,607 [main] INFO  rpc.RpcClient (RpcClient.java:createBucket(686)) - Creating Bucket: testcontainerstatemachinefailures/testcontainerstatemachinefailures, with server-side default bucket layout, runner as owner, Versioning false, Storage Type set to DISK and Encryption set to false, Replication Type set to server-side default replication type, Namespace Quota set to -1, Space Quota set to -1 
2025-07-05 15:48:29,617 [om1-OMStateMachineApplyTransactionThread - 0] INFO  bucket.OMBucketCreateRequest (OMBucketCreateRequest.java:validateAndUpdateCache(292)) - created bucket: testcontainerstatemachinefailures of layout FILE_SYSTEM_OPTIMIZED in volume: testcontainerstatemachinefailures
2025-07-05 15:48:29,667 [IPC Server handler 0 on default port 15001] INFO  ha.SequenceIdGenerator (SequenceIdGenerator.java:getNextId(135)) - Allocate a batch for containerId, change lastId from 0 to 1000.
2025-07-05 15:48:29,677 [67766547-47ec-4cca-936b-6c95be71f3ba@group-C4940C4C02AA-StateMachineUpdater] WARN  ha.SequenceIdGenerator (SequenceIdGenerator.java:allocateBatch(248)) - Failed to allocate a batch for localId, expected lastId is 0, actual lastId is 115816896921600000.
2025-07-05 15:48:29,679 [IPC Server handler 0 on default port 15001] INFO  ha.SequenceIdGenerator (SequenceIdGenerator.java:getNextId(135)) - Allocate a batch for localId, change lastId from 115816896921600000 to 115816896921601000.
2025-07-05 15:48:29,740 [main] INFO  impl.MetricsSystemImpl (MetricsSystemImpl.java:init(158)) - XceiverClientMetrics metrics system started (again)
2025-07-05 15:48:29,770 [d3a92f5c-9e4a-48c5-9a32-2f34a6e85eb8@group-DC1CD66F29B9-FollowerState] INFO  impl.FollowerState (FollowerState.java:runImpl(161)) - d3a92f5c-9e4a-48c5-9a32-2f34a6e85eb8@group-DC1CD66F29B9-FollowerState: change to CANDIDATE, lastRpcElapsedTime:1187973415ns, electionTimeout:1187ms
2025-07-05 15:48:29,770 [d3a92f5c-9e4a-48c5-9a32-2f34a6e85eb8@group-DC1CD66F29B9-FollowerState] INFO  impl.RoleInfo (RoleInfo.java:shutdownFollowerState(121)) - d3a92f5c-9e4a-48c5-9a32-2f34a6e85eb8: shutdown d3a92f5c-9e4a-48c5-9a32-2f34a6e85eb8@group-DC1CD66F29B9-FollowerState
2025-07-05 15:48:29,771 [d3a92f5c-9e4a-48c5-9a32-2f34a6e85eb8@group-DC1CD66F29B9-FollowerState] INFO  server.RaftServer$Division (RaftServerImpl.java:setRole(392)) - d3a92f5c-9e4a-48c5-9a32-2f34a6e85eb8@group-DC1CD66F29B9: changes role from  FOLLOWER to CANDIDATE at term 0 for changeToCandidate
2025-07-05 15:48:29,771 [d3a92f5c-9e4a-48c5-9a32-2f34a6e85eb8@group-DC1CD66F29B9-FollowerState] INFO  impl.RoleInfo (RoleInfo.java:updateAndGet(148)) - d3a92f5c-9e4a-48c5-9a32-2f34a6e85eb8: start d3a92f5c-9e4a-48c5-9a32-2f34a6e85eb8@group-DC1CD66F29B9-LeaderElection16
2025-07-05 15:48:29,772 [d3a92f5c-9e4a-48c5-9a32-2f34a6e85eb8@group-DC1CD66F29B9-LeaderElection16] INFO  impl.LeaderElection (LeaderElection.java:askForVotes(448)) - d3a92f5c-9e4a-48c5-9a32-2f34a6e85eb8@group-DC1CD66F29B9-LeaderElection16 PRE_VOTE round 0: submit vote requests at term 0 for conf: {index: -1, cur=peers:[d3a92f5c-9e4a-48c5-9a32-2f34a6e85eb8|127.0.0.1:15055]|listeners:[], old=null}
2025-07-05 15:48:29,772 [d3a92f5c-9e4a-48c5-9a32-2f34a6e85eb8@group-DC1CD66F29B9-LeaderElection16] INFO  impl.LeaderElection (LeaderElection.java:askForVotes(450)) - d3a92f5c-9e4a-48c5-9a32-2f34a6e85eb8@group-DC1CD66F29B9-LeaderElection16 PRE_VOTE round 0: result PASSED (term=0)
2025-07-05 15:48:29,776 [d3a92f5c-9e4a-48c5-9a32-2f34a6e85eb8@group-DC1CD66F29B9-LeaderElection16] INFO  impl.LeaderElection (LeaderElection.java:askForVotes(448)) - d3a92f5c-9e4a-48c5-9a32-2f34a6e85eb8@group-DC1CD66F29B9-LeaderElection16 ELECTION round 0: submit vote requests at term 1 for conf: {index: -1, cur=peers:[d3a92f5c-9e4a-48c5-9a32-2f34a6e85eb8|127.0.0.1:15055]|listeners:[], old=null}
2025-07-05 15:48:29,776 [d3a92f5c-9e4a-48c5-9a32-2f34a6e85eb8@group-DC1CD66F29B9-LeaderElection16] INFO  impl.LeaderElection (LeaderElection.java:askForVotes(450)) - d3a92f5c-9e4a-48c5-9a32-2f34a6e85eb8@group-DC1CD66F29B9-LeaderElection16 ELECTION round 0: result PASSED (term=1)
2025-07-05 15:48:29,776 [d3a92f5c-9e4a-48c5-9a32-2f34a6e85eb8@group-DC1CD66F29B9-LeaderElection16] INFO  impl.RoleInfo (RoleInfo.java:shutdownLeaderElection(141)) - d3a92f5c-9e4a-48c5-9a32-2f34a6e85eb8: shutdown d3a92f5c-9e4a-48c5-9a32-2f34a6e85eb8@group-DC1CD66F29B9-LeaderElection16
2025-07-05 15:48:29,778 [d3a92f5c-9e4a-48c5-9a32-2f34a6e85eb8@group-DC1CD66F29B9-LeaderElection16] INFO  server.RaftServer$Division (RaftServerImpl.java:setRole(392)) - d3a92f5c-9e4a-48c5-9a32-2f34a6e85eb8@group-DC1CD66F29B9: changes role from CANDIDATE to LEADER at term 1 for changeToLeader
2025-07-05 15:48:29,779 [d3a92f5c-9e4a-48c5-9a32-2f34a6e85eb8@group-DC1CD66F29B9-LeaderElection16] INFO  server.RaftServerConfigKeys (ConfUtils.java:logFallback(69)) - raft.server.staging.timeout = 15600ms (fallback to raft.server.rpc.timeout.max)
2025-07-05 15:48:29,779 [d3a92f5c-9e4a-48c5-9a32-2f34a6e85eb8@group-DC1CD66F29B9-LeaderElection16] INFO  server.RaftServerConfigKeys (ConfUtils.java:logGet(62)) - raft.server.write.byte-limit = 1024 M (=1073741824) (custom)
2025-07-05 15:48:29,780 [d3a92f5c-9e4a-48c5-9a32-2f34a6e85eb8@group-DC1CD66F29B9-LeaderElection16] INFO  impl.RoleInfo (RoleInfo.java:updateAndGet(148)) - d3a92f5c-9e4a-48c5-9a32-2f34a6e85eb8: start d3a92f5c-9e4a-48c5-9a32-2f34a6e85eb8@group-DC1CD66F29B9-LeaderStateImpl
2025-07-05 15:48:29,780 [d3a92f5c-9e4a-48c5-9a32-2f34a6e85eb8@group-DC1CD66F29B9-LeaderElection16] INFO  server.RaftServer$Division (RaftServerImpl.java:setFirstElection(576)) - d3a92f5c-9e4a-48c5-9a32-2f34a6e85eb8@group-DC1CD66F29B9: set firstElectionSinceStartup to false for becomeLeader
2025-07-05 15:48:29,780 [d3a92f5c-9e4a-48c5-9a32-2f34a6e85eb8@group-DC1CD66F29B9-LeaderElection16] INFO  ratis.XceiverServerRatis (XceiverServerRatis.java:handleLeaderChangedNotification(944)) - Leader change notification received for group: group-DC1CD66F29B9 with new leaderId: d3a92f5c-9e4a-48c5-9a32-2f34a6e85eb8
2025-07-05 15:48:29,781 [d3a92f5c-9e4a-48c5-9a32-2f34a6e85eb8@group-DC1CD66F29B9-LeaderElection16] INFO  server.RaftServer$Division (ServerState.java:setLeader(272)) - d3a92f5c-9e4a-48c5-9a32-2f34a6e85eb8@group-DC1CD66F29B9: change Leader from null to d3a92f5c-9e4a-48c5-9a32-2f34a6e85eb8 at term 1 for becomeLeader, leader elected after 1222ms
2025-07-05 15:48:29,781 [d3a92f5c-9e4a-48c5-9a32-2f34a6e85eb8@group-DC1CD66F29B9-LeaderElection16] INFO  segmented.SegmentedRaftLogWorker (SegmentedRaftLogWorker.java:startLogSegment(440)) - d3a92f5c-9e4a-48c5-9a32-2f34a6e85eb8@group-DC1CD66F29B9-SegmentedRaftLogWorker: Starting segment from index:0
2025-07-05 15:48:29,782 [d3a92f5c-9e4a-48c5-9a32-2f34a6e85eb8@group-DC1CD66F29B9-LeaderElection16] INFO  server.RaftServer$Division (ServerState.java:setRaftConf(386)) - d3a92f5c-9e4a-48c5-9a32-2f34a6e85eb8@group-DC1CD66F29B9: set configuration conf: {index: 0, cur=peers:[d3a92f5c-9e4a-48c5-9a32-2f34a6e85eb8|127.0.0.1:15055]|listeners:[], old=null}
2025-07-05 15:48:29,782 [d3a92f5c-9e4a-48c5-9a32-2f34a6e85eb8@group-DC1CD66F29B9-SegmentedRaftLogWorker] INFO  segmented.BufferedWriteChannel (BufferedWriteChannel.java:open(61)) - open log_inprogress_0 at position 0
2025-07-05 15:48:29,798 [d3a92f5c-9e4a-48c5-9a32-2f34a6e85eb8@group-DC1CD66F29B9-SegmentedRaftLogWorker] INFO  segmented.SegmentedRaftLogWorker (SegmentedRaftLogWorker.java:execute(647)) - d3a92f5c-9e4a-48c5-9a32-2f34a6e85eb8@group-DC1CD66F29B9-SegmentedRaftLogWorker: created new log segment /home/runner/work/ozone/ozone/hadoop-ozone/integration-test/target/test-dir/MiniOzoneClusterImpl-0a3c97a5-d59a-4532-afef-c4940c4c02aa/ozone-meta/datanode-6/ratis/de64ca08-d312-44aa-bf28-dc1cd66f29b9/current/log_inprogress_0
2025-07-05 15:48:29,802 [d3a92f5c-9e4a-48c5-9a32-2f34a6e85eb8@group-DC1CD66F29B9-StateMachineUpdater] INFO  server.RaftServer$Division (LeaderStateImpl.java:checkStartIndex(309)) - Leader d3a92f5c-9e4a-48c5-9a32-2f34a6e85eb8@group-DC1CD66F29B9-LeaderStateImpl is ready since appliedIndex == startIndex == 0
2025-07-05 15:48:29,802 [d3a92f5c-9e4a-48c5-9a32-2f34a6e85eb8@group-DC1CD66F29B9-StateMachineUpdater] INFO  ratis.ContainerStateMachine (ContainerStateMachine.java:takeSnapshot(427)) - group-DC1CD66F29B9: Taking a snapshot at:(t:1, i:0) file /home/runner/work/ozone/ozone/hadoop-ozone/integration-test/target/test-dir/MiniOzoneClusterImpl-0a3c97a5-d59a-4532-afef-c4940c4c02aa/ozone-meta/datanode-6/ratis/de64ca08-d312-44aa-bf28-dc1cd66f29b9/sm/snapshot.1_0
2025-07-05 15:48:29,803 [d3a92f5c-9e4a-48c5-9a32-2f34a6e85eb8@group-DC1CD66F29B9-StateMachineUpdater] INFO  ratis.ContainerStateMachine (ContainerStateMachine.java:takeSnapshot(436)) - group-DC1CD66F29B9: Finished taking a snapshot at:(t:1, i:0) file:/home/runner/work/ozone/ozone/hadoop-ozone/integration-test/target/test-dir/MiniOzoneClusterImpl-0a3c97a5-d59a-4532-afef-c4940c4c02aa/ozone-meta/datanode-6/ratis/de64ca08-d312-44aa-bf28-dc1cd66f29b9/sm/snapshot.1_0 took: 1 ms
2025-07-05 15:48:29,803 [d3a92f5c-9e4a-48c5-9a32-2f34a6e85eb8@group-DC1CD66F29B9-StateMachineUpdater] INFO  impl.StateMachineUpdater (StateMachineUpdater.java:takeSnapshot(307)) - d3a92f5c-9e4a-48c5-9a32-2f34a6e85eb8@group-DC1CD66F29B9-StateMachineUpdater: Took a snapshot at index 0
2025-07-05 15:48:29,803 [d3a92f5c-9e4a-48c5-9a32-2f34a6e85eb8@group-DC1CD66F29B9-StateMachineUpdater] INFO  impl.StateMachineUpdater (StateMachineUpdater.java:lambda$new$0(101)) - d3a92f5c-9e4a-48c5-9a32-2f34a6e85eb8@group-DC1CD66F29B9-StateMachineUpdater: snapshotIndex: updateIncreasingly -1 -> 0
2025-07-05 15:48:29,901 [05378834-8d64-4004-85b0-7f2e6f6e22dc-ChunkWriter-1-0] WARN  statemachine.DatanodeConfiguration (DatanodeConfiguration.java:validateMinFreeSpace(751)) - hdds.datanode.volume.min.free.space.percent = -1.0 is invalid, should be between 0 and 1
2025-07-05 15:48:29,903 [a2ddbc4c-912b-4a1a-89ce-9bbeea094c2b-ChunkWriter-1-0] WARN  statemachine.DatanodeConfiguration (DatanodeConfiguration.java:validateMinFreeSpace(751)) - hdds.datanode.volume.min.free.space.percent = -1.0 is invalid, should be between 0 and 1
2025-07-05 15:48:29,901 [b5b4f89f-93bb-4b69-9074-7f3b90eee2a4-ChunkWriter-1-0] WARN  statemachine.DatanodeConfiguration (DatanodeConfiguration.java:validateMinFreeSpace(751)) - hdds.datanode.volume.min.free.space.percent = -1.0 is invalid, should be between 0 and 1
2025-07-05 15:48:29,904 [b5b4f89f-93bb-4b69-9074-7f3b90eee2a4-ChunkWriter-1-0] WARN  statemachine.DatanodeConfiguration (DatanodeConfiguration.java:validateMinFreeSpace(751)) - hdds.datanode.volume.min.free.space.percent = -1.0 is invalid, should be between 0 and 1
2025-07-05 15:48:29,905 [a2ddbc4c-912b-4a1a-89ce-9bbeea094c2b-ChunkWriter-1-0] WARN  statemachine.DatanodeConfiguration (DatanodeConfiguration.java:validateMinFreeSpace(751)) - hdds.datanode.volume.min.free.space.percent = -1.0 is invalid, should be between 0 and 1
2025-07-05 15:48:29,908 [05378834-8d64-4004-85b0-7f2e6f6e22dc-ChunkWriter-1-0] WARN  statemachine.DatanodeConfiguration (DatanodeConfiguration.java:validateMinFreeSpace(751)) - hdds.datanode.volume.min.free.space.percent = -1.0 is invalid, should be between 0 and 1
2025-07-05 15:48:29,915 [092257cb-ba5a-4f8a-9b9c-d44861eaa450@group-8B4C5BA85AF3-FollowerState] INFO  impl.FollowerState (FollowerState.java:runImpl(161)) - 092257cb-ba5a-4f8a-9b9c-d44861eaa450@group-8B4C5BA85AF3-FollowerState: change to CANDIDATE, lastRpcElapsedTime:1042930156ns, electionTimeout:1042ms
2025-07-05 15:48:29,916 [092257cb-ba5a-4f8a-9b9c-d44861eaa450@group-8B4C5BA85AF3-FollowerState] INFO  impl.RoleInfo (RoleInfo.java:shutdownFollowerState(121)) - 092257cb-ba5a-4f8a-9b9c-d44861eaa450: shutdown 092257cb-ba5a-4f8a-9b9c-d44861eaa450@group-8B4C5BA85AF3-FollowerState
2025-07-05 15:48:29,916 [092257cb-ba5a-4f8a-9b9c-d44861eaa450@group-8B4C5BA85AF3-FollowerState] INFO  server.RaftServer$Division (RaftServerImpl.java:setRole(392)) - 092257cb-ba5a-4f8a-9b9c-d44861eaa450@group-8B4C5BA85AF3: changes role from  FOLLOWER to CANDIDATE at term 0 for changeToCandidate
2025-07-05 15:48:29,917 [092257cb-ba5a-4f8a-9b9c-d44861eaa450@group-8B4C5BA85AF3-FollowerState] INFO  impl.RoleInfo (RoleInfo.java:updateAndGet(148)) - 092257cb-ba5a-4f8a-9b9c-d44861eaa450: start 092257cb-ba5a-4f8a-9b9c-d44861eaa450@group-8B4C5BA85AF3-LeaderElection17
2025-07-05 15:48:29,917 [092257cb-ba5a-4f8a-9b9c-d44861eaa450@group-8B4C5BA85AF3-LeaderElection17] INFO  impl.LeaderElection (LeaderElection.java:askForVotes(448)) - 092257cb-ba5a-4f8a-9b9c-d44861eaa450@group-8B4C5BA85AF3-LeaderElection17 PRE_VOTE round 0: submit vote requests at term 0 for conf: {index: -1, cur=peers:[092257cb-ba5a-4f8a-9b9c-d44861eaa450|127.0.0.1:15063]|listeners:[], old=null}
2025-07-05 15:48:29,918 [092257cb-ba5a-4f8a-9b9c-d44861eaa450@group-8B4C5BA85AF3-LeaderElection17] INFO  impl.LeaderElection (LeaderElection.java:askForVotes(450)) - 092257cb-ba5a-4f8a-9b9c-d44861eaa450@group-8B4C5BA85AF3-LeaderElection17 PRE_VOTE round 0: result PASSED (term=0)
2025-07-05 15:48:29,920 [092257cb-ba5a-4f8a-9b9c-d44861eaa450@group-8B4C5BA85AF3-LeaderElection17] INFO  impl.LeaderElection (LeaderElection.java:askForVotes(448)) - 092257cb-ba5a-4f8a-9b9c-d44861eaa450@group-8B4C5BA85AF3-LeaderElection17 ELECTION round 0: submit vote requests at term 1 for conf: {index: -1, cur=peers:[092257cb-ba5a-4f8a-9b9c-d44861eaa450|127.0.0.1:15063]|listeners:[], old=null}
2025-07-05 15:48:29,921 [092257cb-ba5a-4f8a-9b9c-d44861eaa450@group-8B4C5BA85AF3-LeaderElection17] INFO  impl.LeaderElection (LeaderElection.java:askForVotes(450)) - 092257cb-ba5a-4f8a-9b9c-d44861eaa450@group-8B4C5BA85AF3-LeaderElection17 ELECTION round 0: result PASSED (term=1)
2025-07-05 15:48:29,921 [092257cb-ba5a-4f8a-9b9c-d44861eaa450@group-8B4C5BA85AF3-LeaderElection17] INFO  impl.RoleInfo (RoleInfo.java:shutdownLeaderElection(141)) - 092257cb-ba5a-4f8a-9b9c-d44861eaa450: shutdown 092257cb-ba5a-4f8a-9b9c-d44861eaa450@group-8B4C5BA85AF3-LeaderElection17
2025-07-05 15:48:29,921 [092257cb-ba5a-4f8a-9b9c-d44861eaa450@group-8B4C5BA85AF3-LeaderElection17] INFO  server.RaftServer$Division (RaftServerImpl.java:setRole(392)) - 092257cb-ba5a-4f8a-9b9c-d44861eaa450@group-8B4C5BA85AF3: changes role from CANDIDATE to LEADER at term 1 for changeToLeader
2025-07-05 15:48:29,921 [092257cb-ba5a-4f8a-9b9c-d44861eaa450@group-8B4C5BA85AF3-LeaderElection17] INFO  server.RaftServerConfigKeys (ConfUtils.java:logFallback(69)) - raft.server.staging.timeout = 15600ms (fallback to raft.server.rpc.timeout.max)
2025-07-05 15:48:29,921 [092257cb-ba5a-4f8a-9b9c-d44861eaa450@group-8B4C5BA85AF3-LeaderElection17] INFO  server.RaftServerConfigKeys (ConfUtils.java:logGet(62)) - raft.server.write.byte-limit = 1024 M (=1073741824) (custom)
2025-07-05 15:48:29,922 [092257cb-ba5a-4f8a-9b9c-d44861eaa450@group-8B4C5BA85AF3-LeaderElection17] INFO  impl.RoleInfo (RoleInfo.java:updateAndGet(148)) - 092257cb-ba5a-4f8a-9b9c-d44861eaa450: start 092257cb-ba5a-4f8a-9b9c-d44861eaa450@group-8B4C5BA85AF3-LeaderStateImpl
2025-07-05 15:48:29,923 [092257cb-ba5a-4f8a-9b9c-d44861eaa450@group-8B4C5BA85AF3-LeaderElection17] INFO  server.RaftServer$Division (RaftServerImpl.java:setFirstElection(576)) - 092257cb-ba5a-4f8a-9b9c-d44861eaa450@group-8B4C5BA85AF3: set firstElectionSinceStartup to false for becomeLeader
2025-07-05 15:48:29,923 [092257cb-ba5a-4f8a-9b9c-d44861eaa450@group-8B4C5BA85AF3-LeaderElection17] INFO  ratis.XceiverServerRatis (XceiverServerRatis.java:handleLeaderChangedNotification(944)) - Leader change notification received for group: group-8B4C5BA85AF3 with new leaderId: 092257cb-ba5a-4f8a-9b9c-d44861eaa450
2025-07-05 15:48:29,923 [092257cb-ba5a-4f8a-9b9c-d44861eaa450@group-8B4C5BA85AF3-LeaderElection17] INFO  server.RaftServer$Division (ServerState.java:setLeader(272)) - 092257cb-ba5a-4f8a-9b9c-d44861eaa450@group-8B4C5BA85AF3: change Leader from null to 092257cb-ba5a-4f8a-9b9c-d44861eaa450 at term 1 for becomeLeader, leader elected after 1097ms
2025-07-05 15:48:29,923 [092257cb-ba5a-4f8a-9b9c-d44861eaa450@group-8B4C5BA85AF3-LeaderElection17] INFO  segmented.SegmentedRaftLogWorker (SegmentedRaftLogWorker.java:startLogSegment(440)) - 092257cb-ba5a-4f8a-9b9c-d44861eaa450@group-8B4C5BA85AF3-SegmentedRaftLogWorker: Starting segment from index:0
2025-07-05 15:48:29,923 [092257cb-ba5a-4f8a-9b9c-d44861eaa450@group-8B4C5BA85AF3-LeaderElection17] INFO  server.RaftServer$Division (ServerState.java:setRaftConf(386)) - 092257cb-ba5a-4f8a-9b9c-d44861eaa450@group-8B4C5BA85AF3: set configuration conf: {index: 0, cur=peers:[092257cb-ba5a-4f8a-9b9c-d44861eaa450|127.0.0.1:15063]|listeners:[], old=null}
2025-07-05 15:48:29,924 [092257cb-ba5a-4f8a-9b9c-d44861eaa450@group-8B4C5BA85AF3-SegmentedRaftLogWorker] INFO  segmented.BufferedWriteChannel (BufferedWriteChannel.java:open(61)) - open log_inprogress_0 at position 0
2025-07-05 15:48:29,940 [092257cb-ba5a-4f8a-9b9c-d44861eaa450@group-8B4C5BA85AF3-SegmentedRaftLogWorker] INFO  segmented.SegmentedRaftLogWorker (SegmentedRaftLogWorker.java:execute(647)) - 092257cb-ba5a-4f8a-9b9c-d44861eaa450@group-8B4C5BA85AF3-SegmentedRaftLogWorker: created new log segment /home/runner/work/ozone/ozone/hadoop-ozone/integration-test/target/test-dir/MiniOzoneClusterImpl-0a3c97a5-d59a-4532-afef-c4940c4c02aa/ozone-meta/datanode-7/ratis/c56b8436-9c97-45e8-84ec-8b4c5ba85af3/current/log_inprogress_0
2025-07-05 15:48:29,941 [092257cb-ba5a-4f8a-9b9c-d44861eaa450@group-8B4C5BA85AF3-StateMachineUpdater] INFO  server.RaftServer$Division (LeaderStateImpl.java:checkStartIndex(309)) - Leader 092257cb-ba5a-4f8a-9b9c-d44861eaa450@group-8B4C5BA85AF3-LeaderStateImpl is ready since appliedIndex == startIndex == 0
2025-07-05 15:48:29,942 [092257cb-ba5a-4f8a-9b9c-d44861eaa450@group-8B4C5BA85AF3-StateMachineUpdater] INFO  ratis.ContainerStateMachine (ContainerStateMachine.java:takeSnapshot(427)) - group-8B4C5BA85AF3: Taking a snapshot at:(t:1, i:0) file /home/runner/work/ozone/ozone/hadoop-ozone/integration-test/target/test-dir/MiniOzoneClusterImpl-0a3c97a5-d59a-4532-afef-c4940c4c02aa/ozone-meta/datanode-7/ratis/c56b8436-9c97-45e8-84ec-8b4c5ba85af3/sm/snapshot.1_0
2025-07-05 15:48:29,943 [092257cb-ba5a-4f8a-9b9c-d44861eaa450@group-8B4C5BA85AF3-StateMachineUpdater] INFO  ratis.ContainerStateMachine (ContainerStateMachine.java:takeSnapshot(436)) - group-8B4C5BA85AF3: Finished taking a snapshot at:(t:1, i:0) file:/home/runner/work/ozone/ozone/hadoop-ozone/integration-test/target/test-dir/MiniOzoneClusterImpl-0a3c97a5-d59a-4532-afef-c4940c4c02aa/ozone-meta/datanode-7/ratis/c56b8436-9c97-45e8-84ec-8b4c5ba85af3/sm/snapshot.1_0 took: 1 ms
2025-07-05 15:48:29,943 [092257cb-ba5a-4f8a-9b9c-d44861eaa450@group-8B4C5BA85AF3-StateMachineUpdater] INFO  impl.StateMachineUpdater (StateMachineUpdater.java:takeSnapshot(307)) - 092257cb-ba5a-4f8a-9b9c-d44861eaa450@group-8B4C5BA85AF3-StateMachineUpdater: Took a snapshot at index 0
2025-07-05 15:48:29,943 [092257cb-ba5a-4f8a-9b9c-d44861eaa450@group-8B4C5BA85AF3-StateMachineUpdater] INFO  impl.StateMachineUpdater (StateMachineUpdater.java:lambda$new$0(101)) - 092257cb-ba5a-4f8a-9b9c-d44861eaa450@group-8B4C5BA85AF3-StateMachineUpdater: snapshotIndex: updateIncreasingly -1 -> 0
2025-07-05 15:48:29,964 [a2863246-e653-4b31-a3d0-09f3a93c429f@group-41681A35DCAE-FollowerState] INFO  impl.FollowerState (FollowerState.java:runImpl(161)) - a2863246-e653-4b31-a3d0-09f3a93c429f@group-41681A35DCAE-FollowerState: change to CANDIDATE, lastRpcElapsedTime:1013017729ns, electionTimeout:1012ms
2025-07-05 15:48:29,965 [a2863246-e653-4b31-a3d0-09f3a93c429f@group-41681A35DCAE-FollowerState] INFO  impl.RoleInfo (RoleInfo.java:shutdownFollowerState(121)) - a2863246-e653-4b31-a3d0-09f3a93c429f: shutdown a2863246-e653-4b31-a3d0-09f3a93c429f@group-41681A35DCAE-FollowerState
2025-07-05 15:48:29,965 [a2863246-e653-4b31-a3d0-09f3a93c429f@group-41681A35DCAE-FollowerState] INFO  server.RaftServer$Division (RaftServerImpl.java:setRole(392)) - a2863246-e653-4b31-a3d0-09f3a93c429f@group-41681A35DCAE: changes role from  FOLLOWER to CANDIDATE at term 0 for changeToCandidate
2025-07-05 15:48:29,965 [a2863246-e653-4b31-a3d0-09f3a93c429f@group-41681A35DCAE-FollowerState] INFO  impl.RoleInfo (RoleInfo.java:updateAndGet(148)) - a2863246-e653-4b31-a3d0-09f3a93c429f: start a2863246-e653-4b31-a3d0-09f3a93c429f@group-41681A35DCAE-LeaderElection18
2025-07-05 15:48:29,965 [a2863246-e653-4b31-a3d0-09f3a93c429f@group-41681A35DCAE-LeaderElection18] INFO  impl.LeaderElection (LeaderElection.java:askForVotes(448)) - a2863246-e653-4b31-a3d0-09f3a93c429f@group-41681A35DCAE-LeaderElection18 PRE_VOTE round 0: submit vote requests at term 0 for conf: {index: -1, cur=peers:[a2863246-e653-4b31-a3d0-09f3a93c429f|127.0.0.1:15071]|listeners:[], old=null}
2025-07-05 15:48:29,966 [a2863246-e653-4b31-a3d0-09f3a93c429f@group-41681A35DCAE-LeaderElection18] INFO  impl.LeaderElection (LeaderElection.java:askForVotes(450)) - a2863246-e653-4b31-a3d0-09f3a93c429f@group-41681A35DCAE-LeaderElection18 PRE_VOTE round 0: result PASSED (term=0)
2025-07-05 15:48:29,967 [a2863246-e653-4b31-a3d0-09f3a93c429f@group-41681A35DCAE-LeaderElection18] INFO  impl.LeaderElection (LeaderElection.java:askForVotes(448)) - a2863246-e653-4b31-a3d0-09f3a93c429f@group-41681A35DCAE-LeaderElection18 ELECTION round 0: submit vote requests at term 1 for conf: {index: -1, cur=peers:[a2863246-e653-4b31-a3d0-09f3a93c429f|127.0.0.1:15071]|listeners:[], old=null}
2025-07-05 15:48:29,967 [a2863246-e653-4b31-a3d0-09f3a93c429f@group-41681A35DCAE-LeaderElection18] INFO  impl.LeaderElection (LeaderElection.java:askForVotes(450)) - a2863246-e653-4b31-a3d0-09f3a93c429f@group-41681A35DCAE-LeaderElection18 ELECTION round 0: result PASSED (term=1)
2025-07-05 15:48:29,967 [a2863246-e653-4b31-a3d0-09f3a93c429f@group-41681A35DCAE-LeaderElection18] INFO  impl.RoleInfo (RoleInfo.java:shutdownLeaderElection(141)) - a2863246-e653-4b31-a3d0-09f3a93c429f: shutdown a2863246-e653-4b31-a3d0-09f3a93c429f@group-41681A35DCAE-LeaderElection18
2025-07-05 15:48:29,967 [a2863246-e653-4b31-a3d0-09f3a93c429f@group-41681A35DCAE-LeaderElection18] INFO  server.RaftServer$Division (RaftServerImpl.java:setRole(392)) - a2863246-e653-4b31-a3d0-09f3a93c429f@group-41681A35DCAE: changes role from CANDIDATE to LEADER at term 1 for changeToLeader
2025-07-05 15:48:29,967 [a2863246-e653-4b31-a3d0-09f3a93c429f@group-41681A35DCAE-LeaderElection18] INFO  server.RaftServerConfigKeys (ConfUtils.java:logFallback(69)) - raft.server.staging.timeout = 15600ms (fallback to raft.server.rpc.timeout.max)
2025-07-05 15:48:29,968 [a2863246-e653-4b31-a3d0-09f3a93c429f@group-41681A35DCAE-LeaderElection18] INFO  server.RaftServerConfigKeys (ConfUtils.java:logGet(62)) - raft.server.write.byte-limit = 1024 M (=1073741824) (custom)
2025-07-05 15:48:29,969 [a2863246-e653-4b31-a3d0-09f3a93c429f@group-41681A35DCAE-LeaderElection18] INFO  impl.RoleInfo (RoleInfo.java:updateAndGet(148)) - a2863246-e653-4b31-a3d0-09f3a93c429f: start a2863246-e653-4b31-a3d0-09f3a93c429f@group-41681A35DCAE-LeaderStateImpl
2025-07-05 15:48:29,969 [a2863246-e653-4b31-a3d0-09f3a93c429f@group-41681A35DCAE-LeaderElection18] INFO  server.RaftServer$Division (RaftServerImpl.java:setFirstElection(576)) - a2863246-e653-4b31-a3d0-09f3a93c429f@group-41681A35DCAE: set firstElectionSinceStartup to false for becomeLeader
2025-07-05 15:48:29,969 [a2863246-e653-4b31-a3d0-09f3a93c429f@group-41681A35DCAE-LeaderElection18] INFO  ratis.XceiverServerRatis (XceiverServerRatis.java:handleLeaderChangedNotification(944)) - Leader change notification received for group: group-41681A35DCAE with new leaderId: a2863246-e653-4b31-a3d0-09f3a93c429f
2025-07-05 15:48:29,969 [a2863246-e653-4b31-a3d0-09f3a93c429f@group-41681A35DCAE-LeaderElection18] INFO  server.RaftServer$Division (ServerState.java:setLeader(272)) - a2863246-e653-4b31-a3d0-09f3a93c429f@group-41681A35DCAE: change Leader from null to a2863246-e653-4b31-a3d0-09f3a93c429f at term 1 for becomeLeader, leader elected after 1084ms
2025-07-05 15:48:29,969 [a2863246-e653-4b31-a3d0-09f3a93c429f@group-41681A35DCAE-LeaderElection18] INFO  segmented.SegmentedRaftLogWorker (SegmentedRaftLogWorker.java:startLogSegment(440)) - a2863246-e653-4b31-a3d0-09f3a93c429f@group-41681A35DCAE-SegmentedRaftLogWorker: Starting segment from index:0
2025-07-05 15:48:29,970 [a2863246-e653-4b31-a3d0-09f3a93c429f@group-41681A35DCAE-SegmentedRaftLogWorker] INFO  segmented.BufferedWriteChannel (BufferedWriteChannel.java:open(61)) - open log_inprogress_0 at position 0
2025-07-05 15:48:29,974 [a2863246-e653-4b31-a3d0-09f3a93c429f@group-41681A35DCAE-LeaderElection18] INFO  server.RaftServer$Division (ServerState.java:setRaftConf(386)) - a2863246-e653-4b31-a3d0-09f3a93c429f@group-41681A35DCAE: set configuration conf: {index: 0, cur=peers:[a2863246-e653-4b31-a3d0-09f3a93c429f|127.0.0.1:15071]|listeners:[], old=null}
2025-07-05 15:48:29,984 [a2863246-e653-4b31-a3d0-09f3a93c429f@group-41681A35DCAE-SegmentedRaftLogWorker] INFO  segmented.SegmentedRaftLogWorker (SegmentedRaftLogWorker.java:execute(647)) - a2863246-e653-4b31-a3d0-09f3a93c429f@group-41681A35DCAE-SegmentedRaftLogWorker: created new log segment /home/runner/work/ozone/ozone/hadoop-ozone/integration-test/target/test-dir/MiniOzoneClusterImpl-0a3c97a5-d59a-4532-afef-c4940c4c02aa/ozone-meta/datanode-8/ratis/f15c17ad-0dc3-4bc6-aa80-41681a35dcae/current/log_inprogress_0
2025-07-05 15:48:29,984 [b5b4f89f-93bb-4b69-9074-7f3b90eee2a4@group-BEBFF4DB9F45-StateMachineUpdater] INFO  ratis.ContainerStateMachine (ContainerStateMachine.java:takeSnapshot(427)) - group-BEBFF4DB9F45: Taking a snapshot at:(t:1, i:0) file /home/runner/work/ozone/ozone/hadoop-ozone/integration-test/target/test-dir/MiniOzoneClusterImpl-0a3c97a5-d59a-4532-afef-c4940c4c02aa/ozone-meta/datanode-3/ratis/dfaec798-2b57-45af-90d7-bebff4db9f45/sm/snapshot.1_0
2025-07-05 15:48:29,988 [05378834-8d64-4004-85b0-7f2e6f6e22dc@group-BEBFF4DB9F45-StateMachineUpdater] INFO  ratis.ContainerStateMachine (ContainerStateMachine.java:takeSnapshot(427)) - group-BEBFF4DB9F45: Taking a snapshot at:(t:1, i:0) file /home/runner/work/ozone/ozone/hadoop-ozone/integration-test/target/test-dir/MiniOzoneClusterImpl-0a3c97a5-d59a-4532-afef-c4940c4c02aa/ozone-meta/datanode-1/ratis/dfaec798-2b57-45af-90d7-bebff4db9f45/sm/snapshot.1_0
2025-07-05 15:48:29,989 [05378834-8d64-4004-85b0-7f2e6f6e22dc@group-BEBFF4DB9F45-StateMachineUpdater] INFO  ratis.ContainerStateMachine (ContainerStateMachine.java:takeSnapshot(436)) - group-BEBFF4DB9F45: Finished taking a snapshot at:(t:1, i:0) file:/home/runner/work/ozone/ozone/hadoop-ozone/integration-test/target/test-dir/MiniOzoneClusterImpl-0a3c97a5-d59a-4532-afef-c4940c4c02aa/ozone-meta/datanode-1/ratis/dfaec798-2b57-45af-90d7-bebff4db9f45/sm/snapshot.1_0 took: 1 ms
2025-07-05 15:48:29,989 [05378834-8d64-4004-85b0-7f2e6f6e22dc@group-BEBFF4DB9F45-StateMachineUpdater] INFO  impl.StateMachineUpdater (StateMachineUpdater.java:takeSnapshot(307)) - 05378834-8d64-4004-85b0-7f2e6f6e22dc@group-BEBFF4DB9F45-StateMachineUpdater: Took a snapshot at index 0
2025-07-05 15:48:29,989 [05378834-8d64-4004-85b0-7f2e6f6e22dc@group-BEBFF4DB9F45-StateMachineUpdater] INFO  impl.StateMachineUpdater (StateMachineUpdater.java:lambda$new$0(101)) - 05378834-8d64-4004-85b0-7f2e6f6e22dc@group-BEBFF4DB9F45-StateMachineUpdater: snapshotIndex: updateIncreasingly -1 -> 0
2025-07-05 15:48:29,991 [b5b4f89f-93bb-4b69-9074-7f3b90eee2a4@group-BEBFF4DB9F45-StateMachineUpdater] INFO  ratis.ContainerStateMachine (ContainerStateMachine.java:takeSnapshot(436)) - group-BEBFF4DB9F45: Finished taking a snapshot at:(t:1, i:0) file:/home/runner/work/ozone/ozone/hadoop-ozone/integration-test/target/test-dir/MiniOzoneClusterImpl-0a3c97a5-d59a-4532-afef-c4940c4c02aa/ozone-meta/datanode-3/ratis/dfaec798-2b57-45af-90d7-bebff4db9f45/sm/snapshot.1_0 took: 7 ms
2025-07-05 15:48:29,991 [a2863246-e653-4b31-a3d0-09f3a93c429f@group-41681A35DCAE-StateMachineUpdater] INFO  server.RaftServer$Division (LeaderStateImpl.java:checkStartIndex(309)) - Leader a2863246-e653-4b31-a3d0-09f3a93c429f@group-41681A35DCAE-LeaderStateImpl is ready since appliedIndex == startIndex == 0
2025-07-05 15:48:29,991 [a2863246-e653-4b31-a3d0-09f3a93c429f@group-41681A35DCAE-StateMachineUpdater] INFO  ratis.ContainerStateMachine (ContainerStateMachine.java:takeSnapshot(427)) - group-41681A35DCAE: Taking a snapshot at:(t:1, i:0) file /home/runner/work/ozone/ozone/hadoop-ozone/integration-test/target/test-dir/MiniOzoneClusterImpl-0a3c97a5-d59a-4532-afef-c4940c4c02aa/ozone-meta/datanode-8/ratis/f15c17ad-0dc3-4bc6-aa80-41681a35dcae/sm/snapshot.1_0
2025-07-05 15:48:29,992 [a2ddbc4c-912b-4a1a-89ce-9bbeea094c2b@group-BEBFF4DB9F45-StateMachineUpdater] INFO  ratis.ContainerStateMachine (ContainerStateMachine.java:takeSnapshot(427)) - group-BEBFF4DB9F45: Taking a snapshot at:(t:1, i:1) file /home/runner/work/ozone/ozone/hadoop-ozone/integration-test/target/test-dir/MiniOzoneClusterImpl-0a3c97a5-d59a-4532-afef-c4940c4c02aa/ozone-meta/datanode-2/ratis/dfaec798-2b57-45af-90d7-bebff4db9f45/sm/snapshot.1_1
2025-07-05 15:48:29,993 [a2863246-e653-4b31-a3d0-09f3a93c429f@group-41681A35DCAE-StateMachineUpdater] INFO  ratis.ContainerStateMachine (ContainerStateMachine.java:takeSnapshot(436)) - group-41681A35DCAE: Finished taking a snapshot at:(t:1, i:0) file:/home/runner/work/ozone/ozone/hadoop-ozone/integration-test/target/test-dir/MiniOzoneClusterImpl-0a3c97a5-d59a-4532-afef-c4940c4c02aa/ozone-meta/datanode-8/ratis/f15c17ad-0dc3-4bc6-aa80-41681a35dcae/sm/snapshot.1_0 took: 2 ms
2025-07-05 15:48:29,993 [a2863246-e653-4b31-a3d0-09f3a93c429f@group-41681A35DCAE-StateMachineUpdater] INFO  impl.StateMachineUpdater (StateMachineUpdater.java:takeSnapshot(307)) - a2863246-e653-4b31-a3d0-09f3a93c429f@group-41681A35DCAE-StateMachineUpdater: Took a snapshot at index 0
2025-07-05 15:48:29,993 [a2863246-e653-4b31-a3d0-09f3a93c429f@group-41681A35DCAE-StateMachineUpdater] INFO  impl.StateMachineUpdater (StateMachineUpdater.java:lambda$new$0(101)) - a2863246-e653-4b31-a3d0-09f3a93c429f@group-41681A35DCAE-StateMachineUpdater: snapshotIndex: updateIncreasingly -1 -> 0
2025-07-05 15:48:29,993 [a2ddbc4c-912b-4a1a-89ce-9bbeea094c2b@group-BEBFF4DB9F45-StateMachineUpdater] INFO  ratis.ContainerStateMachine (ContainerStateMachine.java:takeSnapshot(436)) - group-BEBFF4DB9F45: Finished taking a snapshot at:(t:1, i:1) file:/home/runner/work/ozone/ozone/hadoop-ozone/integration-test/target/test-dir/MiniOzoneClusterImpl-0a3c97a5-d59a-4532-afef-c4940c4c02aa/ozone-meta/datanode-2/ratis/dfaec798-2b57-45af-90d7-bebff4db9f45/sm/snapshot.1_1 took: 1 ms
2025-07-05 15:48:29,993 [a2ddbc4c-912b-4a1a-89ce-9bbeea094c2b@group-BEBFF4DB9F45-StateMachineUpdater] INFO  impl.StateMachineUpdater (StateMachineUpdater.java:takeSnapshot(307)) - a2ddbc4c-912b-4a1a-89ce-9bbeea094c2b@group-BEBFF4DB9F45-StateMachineUpdater: Took a snapshot at index 1
2025-07-05 15:48:29,993 [a2ddbc4c-912b-4a1a-89ce-9bbeea094c2b@group-BEBFF4DB9F45-StateMachineUpdater] INFO  impl.StateMachineUpdater (StateMachineUpdater.java:lambda$new$0(101)) - a2ddbc4c-912b-4a1a-89ce-9bbeea094c2b@group-BEBFF4DB9F45-StateMachineUpdater: snapshotIndex: updateIncreasingly 0 -> 1
2025-07-05 15:48:29,993 [b5b4f89f-93bb-4b69-9074-7f3b90eee2a4@group-BEBFF4DB9F45-StateMachineUpdater] INFO  impl.StateMachineUpdater (StateMachineUpdater.java:takeSnapshot(307)) - b5b4f89f-93bb-4b69-9074-7f3b90eee2a4@group-BEBFF4DB9F45-StateMachineUpdater: Took a snapshot at index 0
2025-07-05 15:48:29,993 [b5b4f89f-93bb-4b69-9074-7f3b90eee2a4@group-BEBFF4DB9F45-StateMachineUpdater] INFO  impl.StateMachineUpdater (StateMachineUpdater.java:lambda$new$0(101)) - b5b4f89f-93bb-4b69-9074-7f3b90eee2a4@group-BEBFF4DB9F45-StateMachineUpdater: snapshotIndex: updateIncreasingly -1 -> 0
2025-07-05 15:48:30,005 [b5b4f89f-93bb-4b69-9074-7f3b90eee2a4@group-BEBFF4DB9F45-StateMachineUpdater] INFO  ratis.ContainerStateMachine (ContainerStateMachine.java:takeSnapshot(427)) - group-BEBFF4DB9F45: Taking a snapshot at:(t:1, i:1) file /home/runner/work/ozone/ozone/hadoop-ozone/integration-test/target/test-dir/MiniOzoneClusterImpl-0a3c97a5-d59a-4532-afef-c4940c4c02aa/ozone-meta/datanode-3/ratis/dfaec798-2b57-45af-90d7-bebff4db9f45/sm/snapshot.1_1
2025-07-05 15:48:30,006 [05378834-8d64-4004-85b0-7f2e6f6e22dc@group-BEBFF4DB9F45-StateMachineUpdater] INFO  ratis.ContainerStateMachine (ContainerStateMachine.java:takeSnapshot(427)) - group-BEBFF4DB9F45: Taking a snapshot at:(t:1, i:2) file /home/runner/work/ozone/ozone/hadoop-ozone/integration-test/target/test-dir/MiniOzoneClusterImpl-0a3c97a5-d59a-4532-afef-c4940c4c02aa/ozone-meta/datanode-1/ratis/dfaec798-2b57-45af-90d7-bebff4db9f45/sm/snapshot.1_2
2025-07-05 15:48:30,007 [b5b4f89f-93bb-4b69-9074-7f3b90eee2a4@group-BEBFF4DB9F45-StateMachineUpdater] INFO  ratis.ContainerStateMachine (ContainerStateMachine.java:takeSnapshot(436)) - group-BEBFF4DB9F45: Finished taking a snapshot at:(t:1, i:1) file:/home/runner/work/ozone/ozone/hadoop-ozone/integration-test/target/test-dir/MiniOzoneClusterImpl-0a3c97a5-d59a-4532-afef-c4940c4c02aa/ozone-meta/datanode-3/ratis/dfaec798-2b57-45af-90d7-bebff4db9f45/sm/snapshot.1_1 took: 2 ms
2025-07-05 15:48:30,008 [b5b4f89f-93bb-4b69-9074-7f3b90eee2a4@group-BEBFF4DB9F45-StateMachineUpdater] INFO  impl.StateMachineUpdater (StateMachineUpdater.java:takeSnapshot(307)) - b5b4f89f-93bb-4b69-9074-7f3b90eee2a4@group-BEBFF4DB9F45-StateMachineUpdater: Took a snapshot at index 1
2025-07-05 15:48:30,008 [b5b4f89f-93bb-4b69-9074-7f3b90eee2a4@group-BEBFF4DB9F45-StateMachineUpdater] INFO  impl.StateMachineUpdater (StateMachineUpdater.java:lambda$new$0(101)) - b5b4f89f-93bb-4b69-9074-7f3b90eee2a4@group-BEBFF4DB9F45-StateMachineUpdater: snapshotIndex: updateIncreasingly 0 -> 1
2025-07-05 15:48:30,008 [05378834-8d64-4004-85b0-7f2e6f6e22dc@group-BEBFF4DB9F45-StateMachineUpdater] INFO  ratis.ContainerStateMachine (ContainerStateMachine.java:takeSnapshot(436)) - group-BEBFF4DB9F45: Finished taking a snapshot at:(t:1, i:2) file:/home/runner/work/ozone/ozone/hadoop-ozone/integration-test/target/test-dir/MiniOzoneClusterImpl-0a3c97a5-d59a-4532-afef-c4940c4c02aa/ozone-meta/datanode-1/ratis/dfaec798-2b57-45af-90d7-bebff4db9f45/sm/snapshot.1_2 took: 2 ms
2025-07-05 15:48:30,008 [05378834-8d64-4004-85b0-7f2e6f6e22dc@group-BEBFF4DB9F45-StateMachineUpdater] INFO  impl.StateMachineUpdater (StateMachineUpdater.java:takeSnapshot(307)) - 05378834-8d64-4004-85b0-7f2e6f6e22dc@group-BEBFF4DB9F45-StateMachineUpdater: Took a snapshot at index 2
2025-07-05 15:48:30,008 [05378834-8d64-4004-85b0-7f2e6f6e22dc@group-BEBFF4DB9F45-StateMachineUpdater] INFO  impl.StateMachineUpdater (StateMachineUpdater.java:lambda$new$0(101)) - 05378834-8d64-4004-85b0-7f2e6f6e22dc@group-BEBFF4DB9F45-StateMachineUpdater: snapshotIndex: updateIncreasingly 0 -> 2
2025-07-05 15:48:30,124 [092257cb-ba5a-4f8a-9b9c-d44861eaa450@group-DDDF55466C04-FollowerState] INFO  impl.FollowerState (FollowerState.java:runImpl(161)) - 092257cb-ba5a-4f8a-9b9c-d44861eaa450@group-DDDF55466C04-FollowerState: change to CANDIDATE, lastRpcElapsedTime:1193061275ns, electionTimeout:1192ms
2025-07-05 15:48:30,124 [092257cb-ba5a-4f8a-9b9c-d44861eaa450@group-DDDF55466C04-FollowerState] INFO  impl.RoleInfo (RoleInfo.java:shutdownFollowerState(121)) - 092257cb-ba5a-4f8a-9b9c-d44861eaa450: shutdown 092257cb-ba5a-4f8a-9b9c-d44861eaa450@group-DDDF55466C04-FollowerState
2025-07-05 15:48:30,124 [092257cb-ba5a-4f8a-9b9c-d44861eaa450@group-DDDF55466C04-FollowerState] INFO  server.RaftServer$Division (RaftServerImpl.java:setRole(392)) - 092257cb-ba5a-4f8a-9b9c-d44861eaa450@group-DDDF55466C04: changes role from  FOLLOWER to CANDIDATE at term 0 for changeToCandidate
2025-07-05 15:48:30,124 [092257cb-ba5a-4f8a-9b9c-d44861eaa450@group-DDDF55466C04-FollowerState] INFO  impl.RoleInfo (RoleInfo.java:updateAndGet(148)) - 092257cb-ba5a-4f8a-9b9c-d44861eaa450: start 092257cb-ba5a-4f8a-9b9c-d44861eaa450@group-DDDF55466C04-LeaderElection19
2025-07-05 15:48:30,125 [092257cb-ba5a-4f8a-9b9c-d44861eaa450@group-DDDF55466C04-LeaderElection19] INFO  impl.LeaderElection (LeaderElection.java:askForVotes(448)) - 092257cb-ba5a-4f8a-9b9c-d44861eaa450@group-DDDF55466C04-LeaderElection19 PRE_VOTE round 0: submit vote requests at term 0 for conf: {index: -1, cur=peers:[092257cb-ba5a-4f8a-9b9c-d44861eaa450|127.0.0.1:15063, d8f38f7e-70e8-450f-85ae-2cee56d3f445|127.0.0.1:15079, a2863246-e653-4b31-a3d0-09f3a93c429f|127.0.0.1:15071]|listeners:[], old=null}
2025-07-05 15:48:30,126 [092257cb-ba5a-4f8a-9b9c-d44861eaa450@group-DDDF55466C04-LeaderElection19-1] INFO  server.GrpcServerProtocolClient (GrpcServerProtocolClient.java:<init>(65)) - Build channel for d8f38f7e-70e8-450f-85ae-2cee56d3f445|127.0.0.1:15079
2025-07-05 15:48:30,126 [092257cb-ba5a-4f8a-9b9c-d44861eaa450@group-DDDF55466C04-LeaderElection19-2] INFO  server.GrpcServerProtocolClient (GrpcServerProtocolClient.java:<init>(65)) - Build channel for a2863246-e653-4b31-a3d0-09f3a93c429f|127.0.0.1:15071
2025-07-05 15:48:30,131 [grpc-default-executor-0] INFO  server.RaftServer$Division (RaftServerImpl.java:requestVote(1421)) - a2863246-e653-4b31-a3d0-09f3a93c429f@group-DDDF55466C04: receive requestVote(PRE_VOTE, 092257cb-ba5a-4f8a-9b9c-d44861eaa450, group-DDDF55466C04, 0, <PROTO_DEFAULT>)
2025-07-05 15:48:30,131 [grpc-default-executor-4] INFO  server.RaftServer$Division (RaftServerImpl.java:requestVote(1421)) - d8f38f7e-70e8-450f-85ae-2cee56d3f445@group-DDDF55466C04: receive requestVote(PRE_VOTE, 092257cb-ba5a-4f8a-9b9c-d44861eaa450, group-DDDF55466C04, 0, <PROTO_DEFAULT>)
2025-07-05 15:48:30,131 [grpc-default-executor-0] INFO  impl.VoteContext (VoteContext.java:log(49)) - a2863246-e653-4b31-a3d0-09f3a93c429f@group-DDDF55466C04-FOLLOWER: reject PRE_VOTE from 092257cb-ba5a-4f8a-9b9c-d44861eaa450: our priority 1 > candidate's priority 0
2025-07-05 15:48:30,131 [grpc-default-executor-4] INFO  impl.VoteContext (VoteContext.java:log(49)) - d8f38f7e-70e8-450f-85ae-2cee56d3f445@group-DDDF55466C04-FOLLOWER: accept PRE_VOTE from 092257cb-ba5a-4f8a-9b9c-d44861eaa450: our priority 0 <= candidate's priority 0
2025-07-05 15:48:30,131 [grpc-default-executor-0] INFO  server.RaftServer$Division (RaftServerImpl.java:requestVote(1455)) - a2863246-e653-4b31-a3d0-09f3a93c429f@group-DDDF55466C04 replies to PRE_VOTE vote request: 092257cb-ba5a-4f8a-9b9c-d44861eaa450<-a2863246-e653-4b31-a3d0-09f3a93c429f#0:FAIL-t0-last:<INITIAL_VALUE>. Peer's state: a2863246-e653-4b31-a3d0-09f3a93c429f@group-DDDF55466C04:t0, leader=null, voted=, raftlog=Memoized:a2863246-e653-4b31-a3d0-09f3a93c429f@group-DDDF55466C04-SegmentedRaftLog:OPENED:c-1:lastnull, conf=conf: {index: -1, cur=peers:[092257cb-ba5a-4f8a-9b9c-d44861eaa450|127.0.0.1:15063, d8f38f7e-70e8-450f-85ae-2cee56d3f445|127.0.0.1:15079, a2863246-e653-4b31-a3d0-09f3a93c429f|127.0.0.1:15071]|listeners:[], old=null}
2025-07-05 15:48:30,131 [grpc-default-executor-4] INFO  server.RaftServer$Division (RaftServerImpl.java:requestVote(1455)) - d8f38f7e-70e8-450f-85ae-2cee56d3f445@group-DDDF55466C04 replies to PRE_VOTE vote request: 092257cb-ba5a-4f8a-9b9c-d44861eaa450<-d8f38f7e-70e8-450f-85ae-2cee56d3f445#0:OK-t0-last:<INITIAL_VALUE>. Peer's state: d8f38f7e-70e8-450f-85ae-2cee56d3f445@group-DDDF55466C04:t0, leader=null, voted=, raftlog=Memoized:d8f38f7e-70e8-450f-85ae-2cee56d3f445@group-DDDF55466C04-SegmentedRaftLog:OPENED:c-1:lastnull, conf=conf: {index: -1, cur=peers:[092257cb-ba5a-4f8a-9b9c-d44861eaa450|127.0.0.1:15063, d8f38f7e-70e8-450f-85ae-2cee56d3f445|127.0.0.1:15079, a2863246-e653-4b31-a3d0-09f3a93c429f|127.0.0.1:15071]|listeners:[], old=null}
2025-07-05 15:48:30,133 [092257cb-ba5a-4f8a-9b9c-d44861eaa450@group-DDDF55466C04-LeaderElection19] INFO  impl.LeaderElection (LeaderElection.java:logAndReturn(206)) - 092257cb-ba5a-4f8a-9b9c-d44861eaa450@group-DDDF55466C04-LeaderElection19: PRE_VOTE REJECTED received 2 response(s) and 0 exception(s):
2025-07-05 15:48:30,133 [092257cb-ba5a-4f8a-9b9c-d44861eaa450@group-DDDF55466C04-LeaderElection19] INFO  impl.LeaderElection (LeaderElection.java:logAndReturn(210)) -   Response 0: 092257cb-ba5a-4f8a-9b9c-d44861eaa450<-d8f38f7e-70e8-450f-85ae-2cee56d3f445#0:OK-t0-last:<INITIAL_VALUE>
2025-07-05 15:48:30,134 [092257cb-ba5a-4f8a-9b9c-d44861eaa450@group-DDDF55466C04-LeaderElection19] INFO  impl.LeaderElection (LeaderElection.java:logAndReturn(210)) -   Response 1: 092257cb-ba5a-4f8a-9b9c-d44861eaa450<-a2863246-e653-4b31-a3d0-09f3a93c429f#0:FAIL-t0-last:<INITIAL_VALUE>
2025-07-05 15:48:30,134 [092257cb-ba5a-4f8a-9b9c-d44861eaa450@group-DDDF55466C04-LeaderElection19] INFO  impl.LeaderElection (LeaderElection.java:askForVotes(450)) - 092257cb-ba5a-4f8a-9b9c-d44861eaa450@group-DDDF55466C04-LeaderElection19 PRE_VOTE round 0: result REJECTED
2025-07-05 15:48:30,134 [092257cb-ba5a-4f8a-9b9c-d44861eaa450@group-DDDF55466C04-LeaderElection19] INFO  server.RaftServer$Division (RaftServerImpl.java:setRole(392)) - 092257cb-ba5a-4f8a-9b9c-d44861eaa450@group-DDDF55466C04: changes role from CANDIDATE to FOLLOWER at term 0 for REJECTED
2025-07-05 15:48:30,134 [092257cb-ba5a-4f8a-9b9c-d44861eaa450@group-DDDF55466C04-LeaderElection19] INFO  impl.RoleInfo (RoleInfo.java:shutdownLeaderElection(141)) - 092257cb-ba5a-4f8a-9b9c-d44861eaa450: shutdown 092257cb-ba5a-4f8a-9b9c-d44861eaa450@group-DDDF55466C04-LeaderElection19
2025-07-05 15:48:30,134 [092257cb-ba5a-4f8a-9b9c-d44861eaa450@group-DDDF55466C04-LeaderElection19] INFO  impl.RoleInfo (RoleInfo.java:updateAndGet(148)) - 092257cb-ba5a-4f8a-9b9c-d44861eaa450: start 092257cb-ba5a-4f8a-9b9c-d44861eaa450@group-DDDF55466C04-FollowerState
2025-07-05 15:48:30,135 [092257cb-ba5a-4f8a-9b9c-d44861eaa450@group-DDDF55466C04-LeaderElection19] INFO  server.RaftServer$Division (RaftServerImpl.java:setFirstElection(576)) - 092257cb-ba5a-4f8a-9b9c-d44861eaa450@group-DDDF55466C04: set firstElectionSinceStartup to false for REJECTED
2025-07-05 15:48:30,217 [a2863246-e653-4b31-a3d0-09f3a93c429f@group-DDDF55466C04-FollowerState] INFO  impl.FollowerState (FollowerState.java:runImpl(161)) - a2863246-e653-4b31-a3d0-09f3a93c429f@group-DDDF55466C04-FollowerState: change to CANDIDATE, lastRpcElapsedTime:1180221502ns, electionTimeout:1175ms
2025-07-05 15:48:30,217 [a2863246-e653-4b31-a3d0-09f3a93c429f@group-DDDF55466C04-FollowerState] INFO  impl.RoleInfo (RoleInfo.java:shutdownFollowerState(121)) - a2863246-e653-4b31-a3d0-09f3a93c429f: shutdown a2863246-e653-4b31-a3d0-09f3a93c429f@group-DDDF55466C04-FollowerState
2025-07-05 15:48:30,217 [a2863246-e653-4b31-a3d0-09f3a93c429f@group-DDDF55466C04-FollowerState] INFO  server.RaftServer$Division (RaftServerImpl.java:setRole(392)) - a2863246-e653-4b31-a3d0-09f3a93c429f@group-DDDF55466C04: changes role from  FOLLOWER to CANDIDATE at term 0 for changeToCandidate
2025-07-05 15:48:30,217 [a2863246-e653-4b31-a3d0-09f3a93c429f@group-DDDF55466C04-FollowerState] INFO  impl.RoleInfo (RoleInfo.java:updateAndGet(148)) - a2863246-e653-4b31-a3d0-09f3a93c429f: start a2863246-e653-4b31-a3d0-09f3a93c429f@group-DDDF55466C04-LeaderElection20
2025-07-05 15:48:30,218 [a2863246-e653-4b31-a3d0-09f3a93c429f@group-DDDF55466C04-LeaderElection20] INFO  impl.LeaderElection (LeaderElection.java:askForVotes(448)) - a2863246-e653-4b31-a3d0-09f3a93c429f@group-DDDF55466C04-LeaderElection20 PRE_VOTE round 0: submit vote requests at term 0 for conf: {index: -1, cur=peers:[092257cb-ba5a-4f8a-9b9c-d44861eaa450|127.0.0.1:15063, d8f38f7e-70e8-450f-85ae-2cee56d3f445|127.0.0.1:15079, a2863246-e653-4b31-a3d0-09f3a93c429f|127.0.0.1:15071]|listeners:[], old=null}
2025-07-05 15:48:30,218 [a2863246-e653-4b31-a3d0-09f3a93c429f@group-DDDF55466C04-LeaderElection20-1] INFO  server.GrpcServerProtocolClient (GrpcServerProtocolClient.java:<init>(65)) - Build channel for 092257cb-ba5a-4f8a-9b9c-d44861eaa450|127.0.0.1:15063
2025-07-05 15:48:30,219 [a2863246-e653-4b31-a3d0-09f3a93c429f@group-DDDF55466C04-LeaderElection20-2] INFO  server.GrpcServerProtocolClient (GrpcServerProtocolClient.java:<init>(65)) - Build channel for d8f38f7e-70e8-450f-85ae-2cee56d3f445|127.0.0.1:15079
2025-07-05 15:48:30,224 [grpc-default-executor-0] INFO  server.RaftServer$Division (RaftServerImpl.java:requestVote(1421)) - 092257cb-ba5a-4f8a-9b9c-d44861eaa450@group-DDDF55466C04: receive requestVote(PRE_VOTE, a2863246-e653-4b31-a3d0-09f3a93c429f, group-DDDF55466C04, 0, <PROTO_DEFAULT>)
2025-07-05 15:48:30,225 [grpc-default-executor-4] INFO  server.RaftServer$Division (RaftServerImpl.java:requestVote(1421)) - d8f38f7e-70e8-450f-85ae-2cee56d3f445@group-DDDF55466C04: receive requestVote(PRE_VOTE, a2863246-e653-4b31-a3d0-09f3a93c429f, group-DDDF55466C04, 0, <PROTO_DEFAULT>)
2025-07-05 15:48:30,225 [grpc-default-executor-4] INFO  impl.VoteContext (VoteContext.java:log(49)) - d8f38f7e-70e8-450f-85ae-2cee56d3f445@group-DDDF55466C04-FOLLOWER: accept PRE_VOTE from a2863246-e653-4b31-a3d0-09f3a93c429f: our priority 0 <= candidate's priority 1
2025-07-05 15:48:30,225 [grpc-default-executor-0] INFO  impl.VoteContext (VoteContext.java:log(49)) - 092257cb-ba5a-4f8a-9b9c-d44861eaa450@group-DDDF55466C04-FOLLOWER: accept PRE_VOTE from a2863246-e653-4b31-a3d0-09f3a93c429f: our priority 0 <= candidate's priority 1
2025-07-05 15:48:30,225 [grpc-default-executor-0] INFO  server.RaftServer$Division (RaftServerImpl.java:requestVote(1455)) - 092257cb-ba5a-4f8a-9b9c-d44861eaa450@group-DDDF55466C04 replies to PRE_VOTE vote request: a2863246-e653-4b31-a3d0-09f3a93c429f<-092257cb-ba5a-4f8a-9b9c-d44861eaa450#0:OK-t0-last:<INITIAL_VALUE>. Peer's state: 092257cb-ba5a-4f8a-9b9c-d44861eaa450@group-DDDF55466C04:t0, leader=null, voted=, raftlog=Memoized:092257cb-ba5a-4f8a-9b9c-d44861eaa450@group-DDDF55466C04-SegmentedRaftLog:OPENED:c-1:lastnull, conf=conf: {index: -1, cur=peers:[092257cb-ba5a-4f8a-9b9c-d44861eaa450|127.0.0.1:15063, d8f38f7e-70e8-450f-85ae-2cee56d3f445|127.0.0.1:15079, a2863246-e653-4b31-a3d0-09f3a93c429f|127.0.0.1:15071]|listeners:[], old=null}
2025-07-05 15:48:30,226 [grpc-default-executor-4] INFO  server.RaftServer$Division (RaftServerImpl.java:requestVote(1455)) - d8f38f7e-70e8-450f-85ae-2cee56d3f445@group-DDDF55466C04 replies to PRE_VOTE vote request: a2863246-e653-4b31-a3d0-09f3a93c429f<-d8f38f7e-70e8-450f-85ae-2cee56d3f445#0:OK-t0-last:<INITIAL_VALUE>. Peer's state: d8f38f7e-70e8-450f-85ae-2cee56d3f445@group-DDDF55466C04:t0, leader=null, voted=, raftlog=Memoized:d8f38f7e-70e8-450f-85ae-2cee56d3f445@group-DDDF55466C04-SegmentedRaftLog:OPENED:c-1:lastnull, conf=conf: {index: -1, cur=peers:[092257cb-ba5a-4f8a-9b9c-d44861eaa450|127.0.0.1:15063, d8f38f7e-70e8-450f-85ae-2cee56d3f445|127.0.0.1:15079, a2863246-e653-4b31-a3d0-09f3a93c429f|127.0.0.1:15071]|listeners:[], old=null}
2025-07-05 15:48:30,227 [a2863246-e653-4b31-a3d0-09f3a93c429f@group-DDDF55466C04-LeaderElection20] INFO  impl.LeaderElection (LeaderElection.java:logAndReturn(206)) - a2863246-e653-4b31-a3d0-09f3a93c429f@group-DDDF55466C04-LeaderElection20: PRE_VOTE PASSED received 1 response(s) and 0 exception(s):
2025-07-05 15:48:30,228 [a2863246-e653-4b31-a3d0-09f3a93c429f@group-DDDF55466C04-LeaderElection20] INFO  impl.LeaderElection (LeaderElection.java:logAndReturn(210)) -   Response 0: a2863246-e653-4b31-a3d0-09f3a93c429f<-d8f38f7e-70e8-450f-85ae-2cee56d3f445#0:OK-t0-last:<INITIAL_VALUE>
2025-07-05 15:48:30,228 [a2863246-e653-4b31-a3d0-09f3a93c429f@group-DDDF55466C04-LeaderElection20] INFO  impl.LeaderElection (LeaderElection.java:askForVotes(450)) - a2863246-e653-4b31-a3d0-09f3a93c429f@group-DDDF55466C04-LeaderElection20 PRE_VOTE round 0: result PASSED
2025-07-05 15:48:30,229 [a2863246-e653-4b31-a3d0-09f3a93c429f@group-DDDF55466C04-LeaderElection20] INFO  impl.LeaderElection (LeaderElection.java:askForVotes(448)) - a2863246-e653-4b31-a3d0-09f3a93c429f@group-DDDF55466C04-LeaderElection20 ELECTION round 0: submit vote requests at term 1 for conf: {index: -1, cur=peers:[092257cb-ba5a-4f8a-9b9c-d44861eaa450|127.0.0.1:15063, d8f38f7e-70e8-450f-85ae-2cee56d3f445|127.0.0.1:15079, a2863246-e653-4b31-a3d0-09f3a93c429f|127.0.0.1:15071]|listeners:[], old=null}
2025-07-05 15:48:30,231 [grpc-default-executor-4] INFO  server.RaftServer$Division (RaftServerImpl.java:requestVote(1421)) - 092257cb-ba5a-4f8a-9b9c-d44861eaa450@group-DDDF55466C04: receive requestVote(ELECTION, a2863246-e653-4b31-a3d0-09f3a93c429f, group-DDDF55466C04, 1, <PROTO_DEFAULT>)
2025-07-05 15:48:30,231 [grpc-default-executor-4] INFO  impl.VoteContext (VoteContext.java:log(49)) - 092257cb-ba5a-4f8a-9b9c-d44861eaa450@group-DDDF55466C04-FOLLOWER: accept ELECTION from a2863246-e653-4b31-a3d0-09f3a93c429f: our priority 0 <= candidate's priority 1
2025-07-05 15:48:30,231 [grpc-default-executor-4] INFO  server.RaftServer$Division (RaftServerImpl.java:setRole(392)) - 092257cb-ba5a-4f8a-9b9c-d44861eaa450@group-DDDF55466C04: changes role from  FOLLOWER to FOLLOWER at term 0 for candidate:a2863246-e653-4b31-a3d0-09f3a93c429f
2025-07-05 15:48:30,231 [grpc-default-executor-4] INFO  impl.RoleInfo (RoleInfo.java:shutdownFollowerState(121)) - 092257cb-ba5a-4f8a-9b9c-d44861eaa450: shutdown 092257cb-ba5a-4f8a-9b9c-d44861eaa450@group-DDDF55466C04-FollowerState
2025-07-05 15:48:30,232 [grpc-default-executor-4] INFO  impl.RoleInfo (RoleInfo.java:updateAndGet(148)) - 092257cb-ba5a-4f8a-9b9c-d44861eaa450: start 092257cb-ba5a-4f8a-9b9c-d44861eaa450@group-DDDF55466C04-FollowerState
2025-07-05 15:48:30,232 [092257cb-ba5a-4f8a-9b9c-d44861eaa450@group-DDDF55466C04-FollowerState] INFO  impl.FollowerState (FollowerState.java:runImpl(170)) - 092257cb-ba5a-4f8a-9b9c-d44861eaa450@group-DDDF55466C04-FollowerState was interrupted
2025-07-05 15:48:30,231 [grpc-default-executor-0] INFO  server.RaftServer$Division (RaftServerImpl.java:requestVote(1421)) - d8f38f7e-70e8-450f-85ae-2cee56d3f445@group-DDDF55466C04: receive requestVote(ELECTION, a2863246-e653-4b31-a3d0-09f3a93c429f, group-DDDF55466C04, 1, <PROTO_DEFAULT>)
2025-07-05 15:48:30,232 [grpc-default-executor-0] INFO  impl.VoteContext (VoteContext.java:log(49)) - d8f38f7e-70e8-450f-85ae-2cee56d3f445@group-DDDF55466C04-FOLLOWER: accept ELECTION from a2863246-e653-4b31-a3d0-09f3a93c429f: our priority 0 <= candidate's priority 1
2025-07-05 15:48:30,232 [grpc-default-executor-0] INFO  server.RaftServer$Division (RaftServerImpl.java:setRole(392)) - d8f38f7e-70e8-450f-85ae-2cee56d3f445@group-DDDF55466C04: changes role from  FOLLOWER to FOLLOWER at term 0 for candidate:a2863246-e653-4b31-a3d0-09f3a93c429f
2025-07-05 15:48:30,232 [grpc-default-executor-0] INFO  impl.RoleInfo (RoleInfo.java:shutdownFollowerState(121)) - d8f38f7e-70e8-450f-85ae-2cee56d3f445: shutdown d8f38f7e-70e8-450f-85ae-2cee56d3f445@group-DDDF55466C04-FollowerState
2025-07-05 15:48:30,232 [d8f38f7e-70e8-450f-85ae-2cee56d3f445@group-DDDF55466C04-FollowerState] INFO  impl.FollowerState (FollowerState.java:runImpl(170)) - d8f38f7e-70e8-450f-85ae-2cee56d3f445@group-DDDF55466C04-FollowerState was interrupted
2025-07-05 15:48:30,233 [grpc-default-executor-0] INFO  impl.RoleInfo (RoleInfo.java:updateAndGet(148)) - d8f38f7e-70e8-450f-85ae-2cee56d3f445: start d8f38f7e-70e8-450f-85ae-2cee56d3f445@group-DDDF55466C04-FollowerState
2025-07-05 15:48:30,233 [grpc-default-executor-0] INFO  server.RaftServer$Division (RaftServerImpl.java:setFirstElection(576)) - d8f38f7e-70e8-450f-85ae-2cee56d3f445@group-DDDF55466C04: set firstElectionSinceStartup to false for candidate:a2863246-e653-4b31-a3d0-09f3a93c429f
2025-07-05 15:48:30,233 [grpc-default-executor-4] INFO  server.RaftServer$Division (RaftServerImpl.java:requestVote(1455)) - 092257cb-ba5a-4f8a-9b9c-d44861eaa450@group-DDDF55466C04 replies to ELECTION vote request: a2863246-e653-4b31-a3d0-09f3a93c429f<-092257cb-ba5a-4f8a-9b9c-d44861eaa450#0:OK-t1-last:<INITIAL_VALUE>. Peer's state: 092257cb-ba5a-4f8a-9b9c-d44861eaa450@group-DDDF55466C04:t1, leader=null, voted=a2863246-e653-4b31-a3d0-09f3a93c429f, raftlog=Memoized:092257cb-ba5a-4f8a-9b9c-d44861eaa450@group-DDDF55466C04-SegmentedRaftLog:OPENED:c-1:lastnull, conf=conf: {index: -1, cur=peers:[092257cb-ba5a-4f8a-9b9c-d44861eaa450|127.0.0.1:15063, d8f38f7e-70e8-450f-85ae-2cee56d3f445|127.0.0.1:15079, a2863246-e653-4b31-a3d0-09f3a93c429f|127.0.0.1:15071]|listeners:[], old=null}
2025-07-05 15:48:30,234 [a2863246-e653-4b31-a3d0-09f3a93c429f@group-DDDF55466C04-LeaderElection20] INFO  impl.LeaderElection (LeaderElection.java:logAndReturn(206)) - a2863246-e653-4b31-a3d0-09f3a93c429f@group-DDDF55466C04-LeaderElection20: ELECTION PASSED received 1 response(s) and 0 exception(s):
2025-07-05 15:48:30,234 [a2863246-e653-4b31-a3d0-09f3a93c429f@group-DDDF55466C04-LeaderElection20] INFO  impl.LeaderElection (LeaderElection.java:logAndReturn(210)) -   Response 0: a2863246-e653-4b31-a3d0-09f3a93c429f<-092257cb-ba5a-4f8a-9b9c-d44861eaa450#0:OK-t1-last:<INITIAL_VALUE>
2025-07-05 15:48:30,235 [a2863246-e653-4b31-a3d0-09f3a93c429f@group-DDDF55466C04-LeaderElection20] INFO  impl.LeaderElection (LeaderElection.java:askForVotes(450)) - a2863246-e653-4b31-a3d0-09f3a93c429f@group-DDDF55466C04-LeaderElection20 ELECTION round 0: result PASSED
2025-07-05 15:48:30,235 [a2863246-e653-4b31-a3d0-09f3a93c429f@group-DDDF55466C04-LeaderElection20] INFO  impl.RoleInfo (RoleInfo.java:shutdownLeaderElection(141)) - a2863246-e653-4b31-a3d0-09f3a93c429f: shutdown a2863246-e653-4b31-a3d0-09f3a93c429f@group-DDDF55466C04-LeaderElection20
2025-07-05 15:48:30,235 [a2863246-e653-4b31-a3d0-09f3a93c429f@group-DDDF55466C04-LeaderElection20] INFO  server.RaftServer$Division (RaftServerImpl.java:setRole(392)) - a2863246-e653-4b31-a3d0-09f3a93c429f@group-DDDF55466C04: changes role from CANDIDATE to LEADER at term 1 for changeToLeader
2025-07-05 15:48:30,235 [grpc-default-executor-0] INFO  server.RaftServer$Division (RaftServerImpl.java:requestVote(1455)) - d8f38f7e-70e8-450f-85ae-2cee56d3f445@group-DDDF55466C04 replies to ELECTION vote request: a2863246-e653-4b31-a3d0-09f3a93c429f<-d8f38f7e-70e8-450f-85ae-2cee56d3f445#0:OK-t1-last:<INITIAL_VALUE>. Peer's state: d8f38f7e-70e8-450f-85ae-2cee56d3f445@group-DDDF55466C04:t1, leader=null, voted=a2863246-e653-4b31-a3d0-09f3a93c429f, raftlog=Memoized:d8f38f7e-70e8-450f-85ae-2cee56d3f445@group-DDDF55466C04-SegmentedRaftLog:OPENED:c-1:lastnull, conf=conf: {index: -1, cur=peers:[092257cb-ba5a-4f8a-9b9c-d44861eaa450|127.0.0.1:15063, d8f38f7e-70e8-450f-85ae-2cee56d3f445|127.0.0.1:15079, a2863246-e653-4b31-a3d0-09f3a93c429f|127.0.0.1:15071]|listeners:[], old=null}
2025-07-05 15:48:30,235 [a2863246-e653-4b31-a3d0-09f3a93c429f@group-DDDF55466C04-LeaderElection20] INFO  server.RaftServerConfigKeys (ConfUtils.java:logFallback(69)) - raft.server.staging.timeout = 15600ms (fallback to raft.server.rpc.timeout.max)
2025-07-05 15:48:30,235 [a2863246-e653-4b31-a3d0-09f3a93c429f@group-DDDF55466C04-LeaderElection20] INFO  server.RaftServerConfigKeys (ConfUtils.java:logGet(62)) - raft.server.write.byte-limit = 1024 M (=1073741824) (custom)
2025-07-05 15:48:30,237 [a2863246-e653-4b31-a3d0-09f3a93c429f@group-DDDF55466C04-LeaderElection20] INFO  server.RaftServerConfigKeys (ConfUtils.java:logGet(62)) - raft.server.log.appender.buffer.byte-limit = 33554432 (custom)
2025-07-05 15:48:30,239 [a2863246-e653-4b31-a3d0-09f3a93c429f@group-DDDF55466C04-LeaderElection20] INFO  server.RaftServerConfigKeys (ConfUtils.java:logGet(62)) - raft.server.log.appender.buffer.byte-limit = 33554432 (custom)
2025-07-05 15:48:30,240 [a2863246-e653-4b31-a3d0-09f3a93c429f@group-DDDF55466C04-LeaderElection20] INFO  impl.RoleInfo (RoleInfo.java:updateAndGet(148)) - a2863246-e653-4b31-a3d0-09f3a93c429f: start a2863246-e653-4b31-a3d0-09f3a93c429f@group-DDDF55466C04-LeaderStateImpl
2025-07-05 15:48:30,240 [a2863246-e653-4b31-a3d0-09f3a93c429f@group-DDDF55466C04-LeaderElection20] INFO  server.RaftServer$Division (RaftServerImpl.java:setFirstElection(576)) - a2863246-e653-4b31-a3d0-09f3a93c429f@group-DDDF55466C04: set firstElectionSinceStartup to false for becomeLeader
2025-07-05 15:48:30,240 [a2863246-e653-4b31-a3d0-09f3a93c429f@group-DDDF55466C04-LeaderElection20] INFO  ratis.XceiverServerRatis (XceiverServerRatis.java:handleLeaderChangedNotification(944)) - Leader change notification received for group: group-DDDF55466C04 with new leaderId: a2863246-e653-4b31-a3d0-09f3a93c429f
2025-07-05 15:48:30,240 [a2863246-e653-4b31-a3d0-09f3a93c429f@group-DDDF55466C04-LeaderElection20] INFO  server.RaftServer$Division (ServerState.java:setLeader(272)) - a2863246-e653-4b31-a3d0-09f3a93c429f@group-DDDF55466C04: change Leader from null to a2863246-e653-4b31-a3d0-09f3a93c429f at term 1 for becomeLeader, leader elected after 1259ms
2025-07-05 15:48:30,241 [a2863246-e653-4b31-a3d0-09f3a93c429f@group-DDDF55466C04-LeaderElection20] INFO  segmented.SegmentedRaftLogWorker (SegmentedRaftLogWorker.java:startLogSegment(440)) - a2863246-e653-4b31-a3d0-09f3a93c429f@group-DDDF55466C04-SegmentedRaftLogWorker: Starting segment from index:0
2025-07-05 15:48:30,241 [a2863246-e653-4b31-a3d0-09f3a93c429f@group-DDDF55466C04-LeaderElection20] INFO  server.RaftServer$Division (ServerState.java:setRaftConf(386)) - a2863246-e653-4b31-a3d0-09f3a93c429f@group-DDDF55466C04: set configuration conf: {index: 0, cur=peers:[092257cb-ba5a-4f8a-9b9c-d44861eaa450|127.0.0.1:15063, d8f38f7e-70e8-450f-85ae-2cee56d3f445|127.0.0.1:15079, a2863246-e653-4b31-a3d0-09f3a93c429f|127.0.0.1:15071]|listeners:[], old=null}
2025-07-05 15:48:30,242 [a2863246-e653-4b31-a3d0-09f3a93c429f@group-DDDF55466C04-SegmentedRaftLogWorker] INFO  segmented.BufferedWriteChannel (BufferedWriteChannel.java:open(61)) - open log_inprogress_0 at position 0
2025-07-05 15:48:30,249 [EventQueue-PipelineReportForPipelineReportHandler] INFO  pipeline.PipelineReportHandler (PipelineReportHandler.java:processPipelineReport(134)) - Opened pipeline Pipeline-42e6736a-9a9f-49f5-be26-dddf55466c04
2025-07-05 15:48:30,252 [grpc-default-executor-3] INFO  ratis.XceiverServerRatis (XceiverServerRatis.java:handleLeaderChangedNotification(944)) - Leader change notification received for group: group-DDDF55466C04 with new leaderId: a2863246-e653-4b31-a3d0-09f3a93c429f
2025-07-05 15:48:30,253 [grpc-default-executor-3] INFO  server.RaftServer$Division (ServerState.java:setLeader(272)) - 092257cb-ba5a-4f8a-9b9c-d44861eaa450@group-DDDF55466C04: change Leader from null to a2863246-e653-4b31-a3d0-09f3a93c429f at term 1 for appendEntries, leader elected after 1371ms
2025-07-05 15:48:30,253 [grpc-default-executor-3] INFO  server.RaftServer$Division (ServerState.java:setRaftConf(386)) - 092257cb-ba5a-4f8a-9b9c-d44861eaa450@group-DDDF55466C04: set configuration conf: {index: 0, cur=peers:[092257cb-ba5a-4f8a-9b9c-d44861eaa450|127.0.0.1:15063, d8f38f7e-70e8-450f-85ae-2cee56d3f445|127.0.0.1:15079, a2863246-e653-4b31-a3d0-09f3a93c429f|127.0.0.1:15071]|listeners:[], old=null}
2025-07-05 15:48:30,253 [grpc-default-executor-3] INFO  segmented.SegmentedRaftLogWorker (SegmentedRaftLogWorker.java:startLogSegment(440)) - 092257cb-ba5a-4f8a-9b9c-d44861eaa450@group-DDDF55466C04-SegmentedRaftLogWorker: Starting segment from index:0
2025-07-05 15:48:30,253 [grpc-default-executor-1] INFO  ratis.XceiverServerRatis (XceiverServerRatis.java:handleLeaderChangedNotification(944)) - Leader change notification received for group: group-DDDF55466C04 with new leaderId: a2863246-e653-4b31-a3d0-09f3a93c429f
2025-07-05 15:48:30,254 [grpc-default-executor-1] INFO  server.RaftServer$Division (ServerState.java:setLeader(272)) - d8f38f7e-70e8-450f-85ae-2cee56d3f445@group-DDDF55466C04: change Leader from null to a2863246-e653-4b31-a3d0-09f3a93c429f at term 1 for appendEntries, leader elected after 1276ms
2025-07-05 15:48:30,254 [092257cb-ba5a-4f8a-9b9c-d44861eaa450@group-DDDF55466C04-SegmentedRaftLogWorker] INFO  segmented.BufferedWriteChannel (BufferedWriteChannel.java:open(61)) - open log_inprogress_0 at position 0
2025-07-05 15:48:30,256 [a2863246-e653-4b31-a3d0-09f3a93c429f@group-DDDF55466C04-SegmentedRaftLogWorker] INFO  segmented.SegmentedRaftLogWorker (SegmentedRaftLogWorker.java:execute(647)) - a2863246-e653-4b31-a3d0-09f3a93c429f@group-DDDF55466C04-SegmentedRaftLogWorker: created new log segment /home/runner/work/ozone/ozone/hadoop-ozone/integration-test/target/test-dir/MiniOzoneClusterImpl-0a3c97a5-d59a-4532-afef-c4940c4c02aa/ozone-meta/datanode-8/ratis/42e6736a-9a9f-49f5-be26-dddf55466c04/current/log_inprogress_0
2025-07-05 15:48:30,260 [grpc-default-executor-1] INFO  server.RaftServer$Division (ServerState.java:setRaftConf(386)) - d8f38f7e-70e8-450f-85ae-2cee56d3f445@group-DDDF55466C04: set configuration conf: {index: 0, cur=peers:[092257cb-ba5a-4f8a-9b9c-d44861eaa450|127.0.0.1:15063, d8f38f7e-70e8-450f-85ae-2cee56d3f445|127.0.0.1:15079, a2863246-e653-4b31-a3d0-09f3a93c429f|127.0.0.1:15071]|listeners:[], old=null}
2025-07-05 15:48:30,260 [grpc-default-executor-1] INFO  segmented.SegmentedRaftLogWorker (SegmentedRaftLogWorker.java:startLogSegment(440)) - d8f38f7e-70e8-450f-85ae-2cee56d3f445@group-DDDF55466C04-SegmentedRaftLogWorker: Starting segment from index:0
2025-07-05 15:48:30,260 [d8f38f7e-70e8-450f-85ae-2cee56d3f445@group-DDDF55466C04-SegmentedRaftLogWorker] INFO  segmented.BufferedWriteChannel (BufferedWriteChannel.java:open(61)) - open log_inprogress_0 at position 0
2025-07-05 15:48:30,270 [092257cb-ba5a-4f8a-9b9c-d44861eaa450@group-DDDF55466C04-SegmentedRaftLogWorker] INFO  segmented.SegmentedRaftLogWorker (SegmentedRaftLogWorker.java:execute(647)) - 092257cb-ba5a-4f8a-9b9c-d44861eaa450@group-DDDF55466C04-SegmentedRaftLogWorker: created new log segment /home/runner/work/ozone/ozone/hadoop-ozone/integration-test/target/test-dir/MiniOzoneClusterImpl-0a3c97a5-d59a-4532-afef-c4940c4c02aa/ozone-meta/datanode-7/ratis/42e6736a-9a9f-49f5-be26-dddf55466c04/current/log_inprogress_0
2025-07-05 15:48:30,271 [d8f38f7e-70e8-450f-85ae-2cee56d3f445@group-DDDF55466C04-SegmentedRaftLogWorker] INFO  segmented.SegmentedRaftLogWorker (SegmentedRaftLogWorker.java:execute(647)) - d8f38f7e-70e8-450f-85ae-2cee56d3f445@group-DDDF55466C04-SegmentedRaftLogWorker: created new log segment /home/runner/work/ozone/ozone/hadoop-ozone/integration-test/target/test-dir/MiniOzoneClusterImpl-0a3c97a5-d59a-4532-afef-c4940c4c02aa/ozone-meta/datanode-9/ratis/42e6736a-9a9f-49f5-be26-dddf55466c04/current/log_inprogress_0
2025-07-05 15:48:30,287 [a2863246-e653-4b31-a3d0-09f3a93c429f@group-DDDF55466C04-StateMachineUpdater] INFO  server.RaftServer$Division (LeaderStateImpl.java:checkStartIndex(309)) - Leader a2863246-e653-4b31-a3d0-09f3a93c429f@group-DDDF55466C04-LeaderStateImpl is ready since appliedIndex == startIndex == 0
2025-07-05 15:48:30,288 [a2863246-e653-4b31-a3d0-09f3a93c429f@group-DDDF55466C04-StateMachineUpdater] INFO  ratis.ContainerStateMachine (ContainerStateMachine.java:takeSnapshot(427)) - group-DDDF55466C04: Taking a snapshot at:(t:1, i:0) file /home/runner/work/ozone/ozone/hadoop-ozone/integration-test/target/test-dir/MiniOzoneClusterImpl-0a3c97a5-d59a-4532-afef-c4940c4c02aa/ozone-meta/datanode-8/ratis/42e6736a-9a9f-49f5-be26-dddf55466c04/sm/snapshot.1_0
2025-07-05 15:48:30,289 [a2863246-e653-4b31-a3d0-09f3a93c429f@group-DDDF55466C04-StateMachineUpdater] INFO  ratis.ContainerStateMachine (ContainerStateMachine.java:takeSnapshot(436)) - group-DDDF55466C04: Finished taking a snapshot at:(t:1, i:0) file:/home/runner/work/ozone/ozone/hadoop-ozone/integration-test/target/test-dir/MiniOzoneClusterImpl-0a3c97a5-d59a-4532-afef-c4940c4c02aa/ozone-meta/datanode-8/ratis/42e6736a-9a9f-49f5-be26-dddf55466c04/sm/snapshot.1_0 took: 1 ms
2025-07-05 15:48:30,289 [a2863246-e653-4b31-a3d0-09f3a93c429f@group-DDDF55466C04-StateMachineUpdater] INFO  impl.StateMachineUpdater (StateMachineUpdater.java:takeSnapshot(307)) - a2863246-e653-4b31-a3d0-09f3a93c429f@group-DDDF55466C04-StateMachineUpdater: Took a snapshot at index 0
2025-07-05 15:48:30,289 [a2863246-e653-4b31-a3d0-09f3a93c429f@group-DDDF55466C04-StateMachineUpdater] INFO  impl.StateMachineUpdater (StateMachineUpdater.java:lambda$new$0(101)) - a2863246-e653-4b31-a3d0-09f3a93c429f@group-DDDF55466C04-StateMachineUpdater: snapshotIndex: updateIncreasingly -1 -> 0
2025-07-05 15:48:30,324 [092257cb-ba5a-4f8a-9b9c-d44861eaa450@group-2DA8B140AB24-FollowerState] INFO  impl.FollowerState (FollowerState.java:runImpl(161)) - 092257cb-ba5a-4f8a-9b9c-d44861eaa450@group-2DA8B140AB24-FollowerState: change to CANDIDATE, lastRpcElapsedTime:1108004313ns, electionTimeout:1105ms
2025-07-05 15:48:30,324 [092257cb-ba5a-4f8a-9b9c-d44861eaa450@group-2DA8B140AB24-FollowerState] INFO  impl.RoleInfo (RoleInfo.java:shutdownFollowerState(121)) - 092257cb-ba5a-4f8a-9b9c-d44861eaa450: shutdown 092257cb-ba5a-4f8a-9b9c-d44861eaa450@group-2DA8B140AB24-FollowerState
2025-07-05 15:48:30,324 [092257cb-ba5a-4f8a-9b9c-d44861eaa450@group-2DA8B140AB24-FollowerState] INFO  server.RaftServer$Division (RaftServerImpl.java:setRole(392)) - 092257cb-ba5a-4f8a-9b9c-d44861eaa450@group-2DA8B140AB24: changes role from  FOLLOWER to CANDIDATE at term 0 for changeToCandidate
2025-07-05 15:48:30,324 [092257cb-ba5a-4f8a-9b9c-d44861eaa450@group-2DA8B140AB24-FollowerState] INFO  impl.RoleInfo (RoleInfo.java:updateAndGet(148)) - 092257cb-ba5a-4f8a-9b9c-d44861eaa450: start 092257cb-ba5a-4f8a-9b9c-d44861eaa450@group-2DA8B140AB24-LeaderElection21
2025-07-05 15:48:30,325 [092257cb-ba5a-4f8a-9b9c-d44861eaa450@group-2DA8B140AB24-LeaderElection21] INFO  impl.LeaderElection (LeaderElection.java:askForVotes(448)) - 092257cb-ba5a-4f8a-9b9c-d44861eaa450@group-2DA8B140AB24-LeaderElection21 PRE_VOTE round 0: submit vote requests at term 0 for conf: {index: -1, cur=peers:[092257cb-ba5a-4f8a-9b9c-d44861eaa450|127.0.0.1:15063, d8f38f7e-70e8-450f-85ae-2cee56d3f445|127.0.0.1:15079, a2863246-e653-4b31-a3d0-09f3a93c429f|127.0.0.1:15071]|listeners:[], old=null}
2025-07-05 15:48:30,329 [grpc-default-executor-1] INFO  server.RaftServer$Division (RaftServerImpl.java:requestVote(1421)) - d8f38f7e-70e8-450f-85ae-2cee56d3f445@group-2DA8B140AB24: receive requestVote(PRE_VOTE, 092257cb-ba5a-4f8a-9b9c-d44861eaa450, group-2DA8B140AB24, 0, <PROTO_DEFAULT>)
2025-07-05 15:48:30,329 [grpc-default-executor-1] INFO  impl.VoteContext (VoteContext.java:log(49)) - d8f38f7e-70e8-450f-85ae-2cee56d3f445@group-2DA8B140AB24-FOLLOWER: accept PRE_VOTE from 092257cb-ba5a-4f8a-9b9c-d44861eaa450: our priority 0 <= candidate's priority 1
2025-07-05 15:48:30,329 [grpc-default-executor-1] INFO  server.RaftServer$Division (RaftServerImpl.java:requestVote(1455)) - d8f38f7e-70e8-450f-85ae-2cee56d3f445@group-2DA8B140AB24 replies to PRE_VOTE vote request: 092257cb-ba5a-4f8a-9b9c-d44861eaa450<-d8f38f7e-70e8-450f-85ae-2cee56d3f445#0:OK-t0-last:<INITIAL_VALUE>. Peer's state: d8f38f7e-70e8-450f-85ae-2cee56d3f445@group-2DA8B140AB24:t0, leader=null, voted=, raftlog=Memoized:d8f38f7e-70e8-450f-85ae-2cee56d3f445@group-2DA8B140AB24-SegmentedRaftLog:OPENED:c-1:lastnull, conf=conf: {index: -1, cur=peers:[092257cb-ba5a-4f8a-9b9c-d44861eaa450|127.0.0.1:15063, d8f38f7e-70e8-450f-85ae-2cee56d3f445|127.0.0.1:15079, a2863246-e653-4b31-a3d0-09f3a93c429f|127.0.0.1:15071]|listeners:[], old=null}
2025-07-05 15:48:30,330 [grpc-default-executor-3] INFO  server.RaftServer$Division (RaftServerImpl.java:requestVote(1421)) - a2863246-e653-4b31-a3d0-09f3a93c429f@group-2DA8B140AB24: receive requestVote(PRE_VOTE, 092257cb-ba5a-4f8a-9b9c-d44861eaa450, group-2DA8B140AB24, 0, <PROTO_DEFAULT>)
2025-07-05 15:48:30,330 [grpc-default-executor-3] INFO  impl.VoteContext (VoteContext.java:log(49)) - a2863246-e653-4b31-a3d0-09f3a93c429f@group-2DA8B140AB24-FOLLOWER: accept PRE_VOTE from 092257cb-ba5a-4f8a-9b9c-d44861eaa450: our priority 0 <= candidate's priority 1
2025-07-05 15:48:30,330 [grpc-default-executor-3] INFO  server.RaftServer$Division (RaftServerImpl.java:requestVote(1455)) - a2863246-e653-4b31-a3d0-09f3a93c429f@group-2DA8B140AB24 replies to PRE_VOTE vote request: 092257cb-ba5a-4f8a-9b9c-d44861eaa450<-a2863246-e653-4b31-a3d0-09f3a93c429f#0:OK-t0-last:<INITIAL_VALUE>. Peer's state: a2863246-e653-4b31-a3d0-09f3a93c429f@group-2DA8B140AB24:t0, leader=null, voted=, raftlog=Memoized:a2863246-e653-4b31-a3d0-09f3a93c429f@group-2DA8B140AB24-SegmentedRaftLog:OPENED:c-1:lastnull, conf=conf: {index: -1, cur=peers:[092257cb-ba5a-4f8a-9b9c-d44861eaa450|127.0.0.1:15063, d8f38f7e-70e8-450f-85ae-2cee56d3f445|127.0.0.1:15079, a2863246-e653-4b31-a3d0-09f3a93c429f|127.0.0.1:15071]|listeners:[], old=null}
2025-07-05 15:48:30,331 [092257cb-ba5a-4f8a-9b9c-d44861eaa450@group-2DA8B140AB24-LeaderElection21] INFO  impl.LeaderElection (LeaderElection.java:logAndReturn(206)) - 092257cb-ba5a-4f8a-9b9c-d44861eaa450@group-2DA8B140AB24-LeaderElection21: PRE_VOTE PASSED received 1 response(s) and 0 exception(s):
2025-07-05 15:48:30,331 [092257cb-ba5a-4f8a-9b9c-d44861eaa450@group-2DA8B140AB24-LeaderElection21] INFO  impl.LeaderElection (LeaderElection.java:logAndReturn(210)) -   Response 0: 092257cb-ba5a-4f8a-9b9c-d44861eaa450<-a2863246-e653-4b31-a3d0-09f3a93c429f#0:OK-t0-last:<INITIAL_VALUE>
2025-07-05 15:48:30,331 [092257cb-ba5a-4f8a-9b9c-d44861eaa450@group-2DA8B140AB24-LeaderElection21] INFO  impl.LeaderElection (LeaderElection.java:askForVotes(450)) - 092257cb-ba5a-4f8a-9b9c-d44861eaa450@group-2DA8B140AB24-LeaderElection21 PRE_VOTE round 0: result PASSED
2025-07-05 15:48:30,332 [092257cb-ba5a-4f8a-9b9c-d44861eaa450@group-2DA8B140AB24-LeaderElection21] INFO  impl.LeaderElection (LeaderElection.java:askForVotes(448)) - 092257cb-ba5a-4f8a-9b9c-d44861eaa450@group-2DA8B140AB24-LeaderElection21 ELECTION round 0: submit vote requests at term 1 for conf: {index: -1, cur=peers:[092257cb-ba5a-4f8a-9b9c-d44861eaa450|127.0.0.1:15063, d8f38f7e-70e8-450f-85ae-2cee56d3f445|127.0.0.1:15079, a2863246-e653-4b31-a3d0-09f3a93c429f|127.0.0.1:15071]|listeners:[], old=null}
2025-07-05 15:48:30,336 [grpc-default-executor-3] INFO  server.RaftServer$Division (RaftServerImpl.java:requestVote(1421)) - d8f38f7e-70e8-450f-85ae-2cee56d3f445@group-2DA8B140AB24: receive requestVote(ELECTION, 092257cb-ba5a-4f8a-9b9c-d44861eaa450, group-2DA8B140AB24, 1, <PROTO_DEFAULT>)
2025-07-05 15:48:30,336 [grpc-default-executor-3] INFO  impl.VoteContext (VoteContext.java:log(49)) - d8f38f7e-70e8-450f-85ae-2cee56d3f445@group-2DA8B140AB24-FOLLOWER: accept ELECTION from 092257cb-ba5a-4f8a-9b9c-d44861eaa450: our priority 0 <= candidate's priority 1
2025-07-05 15:48:30,336 [grpc-default-executor-3] INFO  server.RaftServer$Division (RaftServerImpl.java:setRole(392)) - d8f38f7e-70e8-450f-85ae-2cee56d3f445@group-2DA8B140AB24: changes role from  FOLLOWER to FOLLOWER at term 0 for candidate:092257cb-ba5a-4f8a-9b9c-d44861eaa450
2025-07-05 15:48:30,336 [grpc-default-executor-3] INFO  impl.RoleInfo (RoleInfo.java:shutdownFollowerState(121)) - d8f38f7e-70e8-450f-85ae-2cee56d3f445: shutdown d8f38f7e-70e8-450f-85ae-2cee56d3f445@group-2DA8B140AB24-FollowerState
2025-07-05 15:48:30,336 [grpc-default-executor-1] INFO  server.RaftServer$Division (RaftServerImpl.java:requestVote(1421)) - a2863246-e653-4b31-a3d0-09f3a93c429f@group-2DA8B140AB24: receive requestVote(ELECTION, 092257cb-ba5a-4f8a-9b9c-d44861eaa450, group-2DA8B140AB24, 1, <PROTO_DEFAULT>)
2025-07-05 15:48:30,336 [grpc-default-executor-1] INFO  impl.VoteContext (VoteContext.java:log(49)) - a2863246-e653-4b31-a3d0-09f3a93c429f@group-2DA8B140AB24-FOLLOWER: accept ELECTION from 092257cb-ba5a-4f8a-9b9c-d44861eaa450: our priority 0 <= candidate's priority 1
2025-07-05 15:48:30,336 [grpc-default-executor-1] INFO  server.RaftServer$Division (RaftServerImpl.java:setRole(392)) - a2863246-e653-4b31-a3d0-09f3a93c429f@group-2DA8B140AB24: changes role from  FOLLOWER to FOLLOWER at term 0 for candidate:092257cb-ba5a-4f8a-9b9c-d44861eaa450
2025-07-05 15:48:30,336 [grpc-default-executor-1] INFO  impl.RoleInfo (RoleInfo.java:shutdownFollowerState(121)) - a2863246-e653-4b31-a3d0-09f3a93c429f: shutdown a2863246-e653-4b31-a3d0-09f3a93c429f@group-2DA8B140AB24-FollowerState
2025-07-05 15:48:30,336 [a2863246-e653-4b31-a3d0-09f3a93c429f@group-2DA8B140AB24-FollowerState] INFO  impl.FollowerState (FollowerState.java:runImpl(170)) - a2863246-e653-4b31-a3d0-09f3a93c429f@group-2DA8B140AB24-FollowerState was interrupted
2025-07-05 15:48:30,337 [d8f38f7e-70e8-450f-85ae-2cee56d3f445@group-2DA8B140AB24-FollowerState] INFO  impl.FollowerState (FollowerState.java:runImpl(170)) - d8f38f7e-70e8-450f-85ae-2cee56d3f445@group-2DA8B140AB24-FollowerState was interrupted
2025-07-05 15:48:30,336 [grpc-default-executor-1] INFO  impl.RoleInfo (RoleInfo.java:updateAndGet(148)) - a2863246-e653-4b31-a3d0-09f3a93c429f: start a2863246-e653-4b31-a3d0-09f3a93c429f@group-2DA8B140AB24-FollowerState
2025-07-05 15:48:30,337 [grpc-default-executor-3] INFO  impl.RoleInfo (RoleInfo.java:updateAndGet(148)) - d8f38f7e-70e8-450f-85ae-2cee56d3f445: start d8f38f7e-70e8-450f-85ae-2cee56d3f445@group-2DA8B140AB24-FollowerState
2025-07-05 15:48:30,338 [grpc-default-executor-1] INFO  server.RaftServer$Division (RaftServerImpl.java:setFirstElection(576)) - a2863246-e653-4b31-a3d0-09f3a93c429f@group-2DA8B140AB24: set firstElectionSinceStartup to false for candidate:092257cb-ba5a-4f8a-9b9c-d44861eaa450
2025-07-05 15:48:30,339 [grpc-default-executor-3] INFO  server.RaftServer$Division (RaftServerImpl.java:setFirstElection(576)) - d8f38f7e-70e8-450f-85ae-2cee56d3f445@group-2DA8B140AB24: set firstElectionSinceStartup to false for candidate:092257cb-ba5a-4f8a-9b9c-d44861eaa450
2025-07-05 15:48:30,341 [grpc-default-executor-1] INFO  server.RaftServer$Division (RaftServerImpl.java:requestVote(1455)) - a2863246-e653-4b31-a3d0-09f3a93c429f@group-2DA8B140AB24 replies to ELECTION vote request: 092257cb-ba5a-4f8a-9b9c-d44861eaa450<-a2863246-e653-4b31-a3d0-09f3a93c429f#0:OK-t1-last:<INITIAL_VALUE>. Peer's state: a2863246-e653-4b31-a3d0-09f3a93c429f@group-2DA8B140AB24:t1, leader=null, voted=092257cb-ba5a-4f8a-9b9c-d44861eaa450, raftlog=Memoized:a2863246-e653-4b31-a3d0-09f3a93c429f@group-2DA8B140AB24-SegmentedRaftLog:OPENED:c-1:lastnull, conf=conf: {index: -1, cur=peers:[092257cb-ba5a-4f8a-9b9c-d44861eaa450|127.0.0.1:15063, d8f38f7e-70e8-450f-85ae-2cee56d3f445|127.0.0.1:15079, a2863246-e653-4b31-a3d0-09f3a93c429f|127.0.0.1:15071]|listeners:[], old=null}
2025-07-05 15:48:30,342 [grpc-default-executor-3] INFO  server.RaftServer$Division (RaftServerImpl.java:requestVote(1455)) - d8f38f7e-70e8-450f-85ae-2cee56d3f445@group-2DA8B140AB24 replies to ELECTION vote request: 092257cb-ba5a-4f8a-9b9c-d44861eaa450<-d8f38f7e-70e8-450f-85ae-2cee56d3f445#0:OK-t1-last:<INITIAL_VALUE>. Peer's state: d8f38f7e-70e8-450f-85ae-2cee56d3f445@group-2DA8B140AB24:t1, leader=null, voted=092257cb-ba5a-4f8a-9b9c-d44861eaa450, raftlog=Memoized:d8f38f7e-70e8-450f-85ae-2cee56d3f445@group-2DA8B140AB24-SegmentedRaftLog:OPENED:c-1:lastnull, conf=conf: {index: -1, cur=peers:[092257cb-ba5a-4f8a-9b9c-d44861eaa450|127.0.0.1:15063, d8f38f7e-70e8-450f-85ae-2cee56d3f445|127.0.0.1:15079, a2863246-e653-4b31-a3d0-09f3a93c429f|127.0.0.1:15071]|listeners:[], old=null}
2025-07-05 15:48:30,344 [092257cb-ba5a-4f8a-9b9c-d44861eaa450@group-2DA8B140AB24-LeaderElection21] INFO  impl.LeaderElection (LeaderElection.java:logAndReturn(206)) - 092257cb-ba5a-4f8a-9b9c-d44861eaa450@group-2DA8B140AB24-LeaderElection21: ELECTION PASSED received 1 response(s) and 0 exception(s):
2025-07-05 15:48:30,344 [092257cb-ba5a-4f8a-9b9c-d44861eaa450@group-2DA8B140AB24-LeaderElection21] INFO  impl.LeaderElection (LeaderElection.java:logAndReturn(210)) -   Response 0: 092257cb-ba5a-4f8a-9b9c-d44861eaa450<-a2863246-e653-4b31-a3d0-09f3a93c429f#0:OK-t1-last:<INITIAL_VALUE>
2025-07-05 15:48:30,344 [092257cb-ba5a-4f8a-9b9c-d44861eaa450@group-2DA8B140AB24-LeaderElection21] INFO  impl.LeaderElection (LeaderElection.java:askForVotes(450)) - 092257cb-ba5a-4f8a-9b9c-d44861eaa450@group-2DA8B140AB24-LeaderElection21 ELECTION round 0: result PASSED
2025-07-05 15:48:30,345 [092257cb-ba5a-4f8a-9b9c-d44861eaa450@group-2DA8B140AB24-LeaderElection21] INFO  impl.RoleInfo (RoleInfo.java:shutdownLeaderElection(141)) - 092257cb-ba5a-4f8a-9b9c-d44861eaa450: shutdown 092257cb-ba5a-4f8a-9b9c-d44861eaa450@group-2DA8B140AB24-LeaderElection21
2025-07-05 15:48:30,346 [092257cb-ba5a-4f8a-9b9c-d44861eaa450@group-2DA8B140AB24-LeaderElection21] INFO  server.RaftServer$Division (RaftServerImpl.java:setRole(392)) - 092257cb-ba5a-4f8a-9b9c-d44861eaa450@group-2DA8B140AB24: changes role from CANDIDATE to LEADER at term 1 for changeToLeader
2025-07-05 15:48:30,346 [092257cb-ba5a-4f8a-9b9c-d44861eaa450@group-2DA8B140AB24-LeaderElection21] INFO  server.RaftServerConfigKeys (ConfUtils.java:logFallback(69)) - raft.server.staging.timeout = 15600ms (fallback to raft.server.rpc.timeout.max)
2025-07-05 15:48:30,347 [092257cb-ba5a-4f8a-9b9c-d44861eaa450@group-2DA8B140AB24-LeaderElection21] INFO  server.RaftServerConfigKeys (ConfUtils.java:logGet(62)) - raft.server.write.byte-limit = 1024 M (=1073741824) (custom)
2025-07-05 15:48:30,348 [092257cb-ba5a-4f8a-9b9c-d44861eaa450@group-2DA8B140AB24-LeaderElection21] INFO  server.RaftServerConfigKeys (ConfUtils.java:logGet(62)) - raft.server.log.appender.buffer.byte-limit = 33554432 (custom)
2025-07-05 15:48:30,350 [092257cb-ba5a-4f8a-9b9c-d44861eaa450@group-2DA8B140AB24-LeaderElection21] INFO  server.RaftServerConfigKeys (ConfUtils.java:logGet(62)) - raft.server.log.appender.buffer.byte-limit = 33554432 (custom)
2025-07-05 15:48:30,351 [092257cb-ba5a-4f8a-9b9c-d44861eaa450@group-2DA8B140AB24-LeaderElection21] INFO  impl.RoleInfo (RoleInfo.java:updateAndGet(148)) - 092257cb-ba5a-4f8a-9b9c-d44861eaa450: start 092257cb-ba5a-4f8a-9b9c-d44861eaa450@group-2DA8B140AB24-LeaderStateImpl
2025-07-05 15:48:30,351 [092257cb-ba5a-4f8a-9b9c-d44861eaa450@group-2DA8B140AB24-LeaderElection21] INFO  server.RaftServer$Division (RaftServerImpl.java:setFirstElection(576)) - 092257cb-ba5a-4f8a-9b9c-d44861eaa450@group-2DA8B140AB24: set firstElectionSinceStartup to false for becomeLeader
2025-07-05 15:48:30,351 [092257cb-ba5a-4f8a-9b9c-d44861eaa450@group-2DA8B140AB24-LeaderElection21] INFO  ratis.XceiverServerRatis (XceiverServerRatis.java:handleLeaderChangedNotification(944)) - Leader change notification received for group: group-2DA8B140AB24 with new leaderId: 092257cb-ba5a-4f8a-9b9c-d44861eaa450
2025-07-05 15:48:30,352 [092257cb-ba5a-4f8a-9b9c-d44861eaa450@group-2DA8B140AB24-LeaderElection21] INFO  server.RaftServer$Division (ServerState.java:setLeader(272)) - 092257cb-ba5a-4f8a-9b9c-d44861eaa450@group-2DA8B140AB24: change Leader from null to 092257cb-ba5a-4f8a-9b9c-d44861eaa450 at term 1 for becomeLeader, leader elected after 1214ms
2025-07-05 15:48:30,352 [092257cb-ba5a-4f8a-9b9c-d44861eaa450@group-2DA8B140AB24-LeaderElection21] INFO  segmented.SegmentedRaftLogWorker (SegmentedRaftLogWorker.java:startLogSegment(440)) - 092257cb-ba5a-4f8a-9b9c-d44861eaa450@group-2DA8B140AB24-SegmentedRaftLogWorker: Starting segment from index:0
2025-07-05 15:48:30,352 [092257cb-ba5a-4f8a-9b9c-d44861eaa450@group-2DA8B140AB24-LeaderElection21] INFO  server.RaftServer$Division (ServerState.java:setRaftConf(386)) - 092257cb-ba5a-4f8a-9b9c-d44861eaa450@group-2DA8B140AB24: set configuration conf: {index: 0, cur=peers:[092257cb-ba5a-4f8a-9b9c-d44861eaa450|127.0.0.1:15063, d8f38f7e-70e8-450f-85ae-2cee56d3f445|127.0.0.1:15079, a2863246-e653-4b31-a3d0-09f3a93c429f|127.0.0.1:15071]|listeners:[], old=null}
2025-07-05 15:48:30,353 [092257cb-ba5a-4f8a-9b9c-d44861eaa450@group-2DA8B140AB24-SegmentedRaftLogWorker] INFO  segmented.BufferedWriteChannel (BufferedWriteChannel.java:open(61)) - open log_inprogress_0 at position 0
2025-07-05 15:48:30,360 [EventQueue-PipelineReportForPipelineReportHandler] INFO  pipeline.PipelineReportHandler (PipelineReportHandler.java:processPipelineReport(134)) - Opened pipeline Pipeline-9e1d7ac4-d74c-4252-8298-2da8b140ab24
2025-07-05 15:48:30,362 [grpc-default-executor-1] INFO  ratis.XceiverServerRatis (XceiverServerRatis.java:handleLeaderChangedNotification(944)) - Leader change notification received for group: group-2DA8B140AB24 with new leaderId: 092257cb-ba5a-4f8a-9b9c-d44861eaa450
2025-07-05 15:48:30,362 [grpc-default-executor-1] INFO  server.RaftServer$Division (ServerState.java:setLeader(272)) - d8f38f7e-70e8-450f-85ae-2cee56d3f445@group-2DA8B140AB24: change Leader from null to 092257cb-ba5a-4f8a-9b9c-d44861eaa450 at term 1 for appendEntries, leader elected after 1082ms
2025-07-05 15:48:30,362 [grpc-default-executor-1] INFO  server.RaftServer$Division (ServerState.java:setRaftConf(386)) - d8f38f7e-70e8-450f-85ae-2cee56d3f445@group-2DA8B140AB24: set configuration conf: {index: 0, cur=peers:[092257cb-ba5a-4f8a-9b9c-d44861eaa450|127.0.0.1:15063, d8f38f7e-70e8-450f-85ae-2cee56d3f445|127.0.0.1:15079, a2863246-e653-4b31-a3d0-09f3a93c429f|127.0.0.1:15071]|listeners:[], old=null}
2025-07-05 15:48:30,362 [grpc-default-executor-1] INFO  segmented.SegmentedRaftLogWorker (SegmentedRaftLogWorker.java:startLogSegment(440)) - d8f38f7e-70e8-450f-85ae-2cee56d3f445@group-2DA8B140AB24-SegmentedRaftLogWorker: Starting segment from index:0
2025-07-05 15:48:30,363 [d8f38f7e-70e8-450f-85ae-2cee56d3f445@group-2DA8B140AB24-SegmentedRaftLogWorker] INFO  segmented.BufferedWriteChannel (BufferedWriteChannel.java:open(61)) - open log_inprogress_0 at position 0
2025-07-05 15:48:30,365 [grpc-default-executor-3] INFO  ratis.XceiverServerRatis (XceiverServerRatis.java:handleLeaderChangedNotification(944)) - Leader change notification received for group: group-2DA8B140AB24 with new leaderId: 092257cb-ba5a-4f8a-9b9c-d44861eaa450
2025-07-05 15:48:30,367 [grpc-default-executor-3] INFO  server.RaftServer$Division (ServerState.java:setLeader(272)) - a2863246-e653-4b31-a3d0-09f3a93c429f@group-2DA8B140AB24: change Leader from null to 092257cb-ba5a-4f8a-9b9c-d44861eaa450 at term 1 for appendEntries, leader elected after 1190ms
2025-07-05 15:48:30,368 [092257cb-ba5a-4f8a-9b9c-d44861eaa450@group-2DA8B140AB24-SegmentedRaftLogWorker] INFO  segmented.SegmentedRaftLogWorker (SegmentedRaftLogWorker.java:execute(647)) - 092257cb-ba5a-4f8a-9b9c-d44861eaa450@group-2DA8B140AB24-SegmentedRaftLogWorker: created new log segment /home/runner/work/ozone/ozone/hadoop-ozone/integration-test/target/test-dir/MiniOzoneClusterImpl-0a3c97a5-d59a-4532-afef-c4940c4c02aa/ozone-meta/datanode-7/ratis/9e1d7ac4-d74c-4252-8298-2da8b140ab24/current/log_inprogress_0
2025-07-05 15:48:30,369 [grpc-default-executor-4] INFO  server.RaftServer$Division (ServerState.java:setRaftConf(386)) - a2863246-e653-4b31-a3d0-09f3a93c429f@group-2DA8B140AB24: set configuration conf: {index: 0, cur=peers:[092257cb-ba5a-4f8a-9b9c-d44861eaa450|127.0.0.1:15063, d8f38f7e-70e8-450f-85ae-2cee56d3f445|127.0.0.1:15079, a2863246-e653-4b31-a3d0-09f3a93c429f|127.0.0.1:15071]|listeners:[], old=null}
2025-07-05 15:48:30,370 [grpc-default-executor-4] INFO  segmented.SegmentedRaftLogWorker (SegmentedRaftLogWorker.java:startLogSegment(440)) - a2863246-e653-4b31-a3d0-09f3a93c429f@group-2DA8B140AB24-SegmentedRaftLogWorker: Starting segment from index:0
2025-07-05 15:48:30,371 [a2863246-e653-4b31-a3d0-09f3a93c429f@group-2DA8B140AB24-SegmentedRaftLogWorker] INFO  segmented.BufferedWriteChannel (BufferedWriteChannel.java:open(61)) - open log_inprogress_0 at position 0
2025-07-05 15:48:30,378 [d8f38f7e-70e8-450f-85ae-2cee56d3f445@group-2DA8B140AB24-SegmentedRaftLogWorker] INFO  segmented.SegmentedRaftLogWorker (SegmentedRaftLogWorker.java:execute(647)) - d8f38f7e-70e8-450f-85ae-2cee56d3f445@group-2DA8B140AB24-SegmentedRaftLogWorker: created new log segment /home/runner/work/ozone/ozone/hadoop-ozone/integration-test/target/test-dir/MiniOzoneClusterImpl-0a3c97a5-d59a-4532-afef-c4940c4c02aa/ozone-meta/datanode-9/ratis/9e1d7ac4-d74c-4252-8298-2da8b140ab24/current/log_inprogress_0
2025-07-05 15:48:30,382 [a2863246-e653-4b31-a3d0-09f3a93c429f@group-2DA8B140AB24-SegmentedRaftLogWorker] INFO  segmented.SegmentedRaftLogWorker (SegmentedRaftLogWorker.java:execute(647)) - a2863246-e653-4b31-a3d0-09f3a93c429f@group-2DA8B140AB24-SegmentedRaftLogWorker: created new log segment /home/runner/work/ozone/ozone/hadoop-ozone/integration-test/target/test-dir/MiniOzoneClusterImpl-0a3c97a5-d59a-4532-afef-c4940c4c02aa/ozone-meta/datanode-8/ratis/9e1d7ac4-d74c-4252-8298-2da8b140ab24/current/log_inprogress_0
2025-07-05 15:48:30,384 [092257cb-ba5a-4f8a-9b9c-d44861eaa450@group-2DA8B140AB24-StateMachineUpdater] INFO  server.RaftServer$Division (LeaderStateImpl.java:checkStartIndex(309)) - Leader 092257cb-ba5a-4f8a-9b9c-d44861eaa450@group-2DA8B140AB24-LeaderStateImpl is ready since appliedIndex == startIndex == 0
2025-07-05 15:48:30,384 [092257cb-ba5a-4f8a-9b9c-d44861eaa450@group-2DA8B140AB24-StateMachineUpdater] INFO  ratis.ContainerStateMachine (ContainerStateMachine.java:takeSnapshot(427)) - group-2DA8B140AB24: Taking a snapshot at:(t:1, i:0) file /home/runner/work/ozone/ozone/hadoop-ozone/integration-test/target/test-dir/MiniOzoneClusterImpl-0a3c97a5-d59a-4532-afef-c4940c4c02aa/ozone-meta/datanode-7/ratis/9e1d7ac4-d74c-4252-8298-2da8b140ab24/sm/snapshot.1_0
2025-07-05 15:48:30,385 [092257cb-ba5a-4f8a-9b9c-d44861eaa450@group-2DA8B140AB24-StateMachineUpdater] INFO  ratis.ContainerStateMachine (ContainerStateMachine.java:takeSnapshot(436)) - group-2DA8B140AB24: Finished taking a snapshot at:(t:1, i:0) file:/home/runner/work/ozone/ozone/hadoop-ozone/integration-test/target/test-dir/MiniOzoneClusterImpl-0a3c97a5-d59a-4532-afef-c4940c4c02aa/ozone-meta/datanode-7/ratis/9e1d7ac4-d74c-4252-8298-2da8b140ab24/sm/snapshot.1_0 took: 1 ms
2025-07-05 15:48:30,385 [092257cb-ba5a-4f8a-9b9c-d44861eaa450@group-2DA8B140AB24-StateMachineUpdater] INFO  impl.StateMachineUpdater (StateMachineUpdater.java:takeSnapshot(307)) - 092257cb-ba5a-4f8a-9b9c-d44861eaa450@group-2DA8B140AB24-StateMachineUpdater: Took a snapshot at index 0
2025-07-05 15:48:30,385 [092257cb-ba5a-4f8a-9b9c-d44861eaa450@group-2DA8B140AB24-StateMachineUpdater] INFO  impl.StateMachineUpdater (StateMachineUpdater.java:lambda$new$0(101)) - 092257cb-ba5a-4f8a-9b9c-d44861eaa450@group-2DA8B140AB24-StateMachineUpdater: snapshotIndex: updateIncreasingly -1 -> 0
2025-07-05 15:48:30,462 [d8f38f7e-70e8-450f-85ae-2cee56d3f445@group-85D4D12AD658-FollowerState] INFO  impl.FollowerState (FollowerState.java:runImpl(161)) - d8f38f7e-70e8-450f-85ae-2cee56d3f445@group-85D4D12AD658-FollowerState: change to CANDIDATE, lastRpcElapsedTime:1128368160ns, electionTimeout:1128ms
2025-07-05 15:48:30,462 [d8f38f7e-70e8-450f-85ae-2cee56d3f445@group-85D4D12AD658-FollowerState] INFO  impl.RoleInfo (RoleInfo.java:shutdownFollowerState(121)) - d8f38f7e-70e8-450f-85ae-2cee56d3f445: shutdown d8f38f7e-70e8-450f-85ae-2cee56d3f445@group-85D4D12AD658-FollowerState
2025-07-05 15:48:30,463 [d8f38f7e-70e8-450f-85ae-2cee56d3f445@group-85D4D12AD658-FollowerState] INFO  server.RaftServer$Division (RaftServerImpl.java:setRole(392)) - d8f38f7e-70e8-450f-85ae-2cee56d3f445@group-85D4D12AD658: changes role from  FOLLOWER to CANDIDATE at term 0 for changeToCandidate
2025-07-05 15:48:30,463 [d8f38f7e-70e8-450f-85ae-2cee56d3f445@group-85D4D12AD658-FollowerState] INFO  impl.RoleInfo (RoleInfo.java:updateAndGet(148)) - d8f38f7e-70e8-450f-85ae-2cee56d3f445: start d8f38f7e-70e8-450f-85ae-2cee56d3f445@group-85D4D12AD658-LeaderElection22
2025-07-05 15:48:30,463 [d8f38f7e-70e8-450f-85ae-2cee56d3f445@group-85D4D12AD658-LeaderElection22] INFO  impl.LeaderElection (LeaderElection.java:askForVotes(448)) - d8f38f7e-70e8-450f-85ae-2cee56d3f445@group-85D4D12AD658-LeaderElection22 PRE_VOTE round 0: submit vote requests at term 0 for conf: {index: -1, cur=peers:[d8f38f7e-70e8-450f-85ae-2cee56d3f445|127.0.0.1:15079]|listeners:[], old=null}
2025-07-05 15:48:30,463 [d8f38f7e-70e8-450f-85ae-2cee56d3f445@group-85D4D12AD658-LeaderElection22] INFO  impl.LeaderElection (LeaderElection.java:askForVotes(450)) - d8f38f7e-70e8-450f-85ae-2cee56d3f445@group-85D4D12AD658-LeaderElection22 PRE_VOTE round 0: result PASSED (term=0)
2025-07-05 15:48:30,465 [d8f38f7e-70e8-450f-85ae-2cee56d3f445@group-85D4D12AD658-LeaderElection22] INFO  impl.LeaderElection (LeaderElection.java:askForVotes(448)) - d8f38f7e-70e8-450f-85ae-2cee56d3f445@group-85D4D12AD658-LeaderElection22 ELECTION round 0: submit vote requests at term 1 for conf: {index: -1, cur=peers:[d8f38f7e-70e8-450f-85ae-2cee56d3f445|127.0.0.1:15079]|listeners:[], old=null}
2025-07-05 15:48:30,465 [d8f38f7e-70e8-450f-85ae-2cee56d3f445@group-85D4D12AD658-LeaderElection22] INFO  impl.LeaderElection (LeaderElection.java:askForVotes(450)) - d8f38f7e-70e8-450f-85ae-2cee56d3f445@group-85D4D12AD658-LeaderElection22 ELECTION round 0: result PASSED (term=1)
2025-07-05 15:48:30,465 [d8f38f7e-70e8-450f-85ae-2cee56d3f445@group-85D4D12AD658-LeaderElection22] INFO  impl.RoleInfo (RoleInfo.java:shutdownLeaderElection(141)) - d8f38f7e-70e8-450f-85ae-2cee56d3f445: shutdown d8f38f7e-70e8-450f-85ae-2cee56d3f445@group-85D4D12AD658-LeaderElection22
2025-07-05 15:48:30,465 [d8f38f7e-70e8-450f-85ae-2cee56d3f445@group-85D4D12AD658-LeaderElection22] INFO  server.RaftServer$Division (RaftServerImpl.java:setRole(392)) - d8f38f7e-70e8-450f-85ae-2cee56d3f445@group-85D4D12AD658: changes role from CANDIDATE to LEADER at term 1 for changeToLeader
2025-07-05 15:48:30,465 [d8f38f7e-70e8-450f-85ae-2cee56d3f445@group-85D4D12AD658-LeaderElection22] INFO  server.RaftServerConfigKeys (ConfUtils.java:logFallback(69)) - raft.server.staging.timeout = 15600ms (fallback to raft.server.rpc.timeout.max)
2025-07-05 15:48:30,465 [d8f38f7e-70e8-450f-85ae-2cee56d3f445@group-85D4D12AD658-LeaderElection22] INFO  server.RaftServerConfigKeys (ConfUtils.java:logGet(62)) - raft.server.write.byte-limit = 1024 M (=1073741824) (custom)
2025-07-05 15:48:30,466 [d8f38f7e-70e8-450f-85ae-2cee56d3f445@group-85D4D12AD658-LeaderElection22] INFO  impl.RoleInfo (RoleInfo.java:updateAndGet(148)) - d8f38f7e-70e8-450f-85ae-2cee56d3f445: start d8f38f7e-70e8-450f-85ae-2cee56d3f445@group-85D4D12AD658-LeaderStateImpl
2025-07-05 15:48:30,466 [d8f38f7e-70e8-450f-85ae-2cee56d3f445@group-85D4D12AD658-LeaderElection22] INFO  server.RaftServer$Division (RaftServerImpl.java:setFirstElection(576)) - d8f38f7e-70e8-450f-85ae-2cee56d3f445@group-85D4D12AD658: set firstElectionSinceStartup to false for becomeLeader
2025-07-05 15:48:30,466 [d8f38f7e-70e8-450f-85ae-2cee56d3f445@group-85D4D12AD658-LeaderElection22] INFO  ratis.XceiverServerRatis (XceiverServerRatis.java:handleLeaderChangedNotification(944)) - Leader change notification received for group: group-85D4D12AD658 with new leaderId: d8f38f7e-70e8-450f-85ae-2cee56d3f445
2025-07-05 15:48:30,466 [d8f38f7e-70e8-450f-85ae-2cee56d3f445@group-85D4D12AD658-LeaderElection22] INFO  server.RaftServer$Division (ServerState.java:setLeader(272)) - d8f38f7e-70e8-450f-85ae-2cee56d3f445@group-85D4D12AD658: change Leader from null to d8f38f7e-70e8-450f-85ae-2cee56d3f445 at term 1 for becomeLeader, leader elected after 1150ms
2025-07-05 15:48:30,467 [d8f38f7e-70e8-450f-85ae-2cee56d3f445@group-85D4D12AD658-LeaderElection22] INFO  segmented.SegmentedRaftLogWorker (SegmentedRaftLogWorker.java:startLogSegment(440)) - d8f38f7e-70e8-450f-85ae-2cee56d3f445@group-85D4D12AD658-SegmentedRaftLogWorker: Starting segment from index:0
2025-07-05 15:48:30,467 [d8f38f7e-70e8-450f-85ae-2cee56d3f445@group-85D4D12AD658-SegmentedRaftLogWorker] INFO  segmented.BufferedWriteChannel (BufferedWriteChannel.java:open(61)) - open log_inprogress_0 at position 0
2025-07-05 15:48:30,469 [d8f38f7e-70e8-450f-85ae-2cee56d3f445@group-85D4D12AD658-LeaderElection22] INFO  server.RaftServer$Division (ServerState.java:setRaftConf(386)) - d8f38f7e-70e8-450f-85ae-2cee56d3f445@group-85D4D12AD658: set configuration conf: {index: 0, cur=peers:[d8f38f7e-70e8-450f-85ae-2cee56d3f445|127.0.0.1:15079]|listeners:[], old=null}
2025-07-05 15:48:30,476 [d8f38f7e-70e8-450f-85ae-2cee56d3f445@group-85D4D12AD658-SegmentedRaftLogWorker] INFO  segmented.SegmentedRaftLogWorker (SegmentedRaftLogWorker.java:execute(647)) - d8f38f7e-70e8-450f-85ae-2cee56d3f445@group-85D4D12AD658-SegmentedRaftLogWorker: created new log segment /home/runner/work/ozone/ozone/hadoop-ozone/integration-test/target/test-dir/MiniOzoneClusterImpl-0a3c97a5-d59a-4532-afef-c4940c4c02aa/ozone-meta/datanode-9/ratis/e6b93728-3fa6-44fd-b8ff-85d4d12ad658/current/log_inprogress_0
2025-07-05 15:48:30,478 [d8f38f7e-70e8-450f-85ae-2cee56d3f445@group-85D4D12AD658-StateMachineUpdater] INFO  server.RaftServer$Division (LeaderStateImpl.java:checkStartIndex(309)) - Leader d8f38f7e-70e8-450f-85ae-2cee56d3f445@group-85D4D12AD658-LeaderStateImpl is ready since appliedIndex == startIndex == 0
2025-07-05 15:48:30,478 [d8f38f7e-70e8-450f-85ae-2cee56d3f445@group-85D4D12AD658-StateMachineUpdater] INFO  ratis.ContainerStateMachine (ContainerStateMachine.java:takeSnapshot(427)) - group-85D4D12AD658: Taking a snapshot at:(t:1, i:0) file /home/runner/work/ozone/ozone/hadoop-ozone/integration-test/target/test-dir/MiniOzoneClusterImpl-0a3c97a5-d59a-4532-afef-c4940c4c02aa/ozone-meta/datanode-9/ratis/e6b93728-3fa6-44fd-b8ff-85d4d12ad658/sm/snapshot.1_0
2025-07-05 15:48:30,479 [d8f38f7e-70e8-450f-85ae-2cee56d3f445@group-85D4D12AD658-StateMachineUpdater] INFO  ratis.ContainerStateMachine (ContainerStateMachine.java:takeSnapshot(436)) - group-85D4D12AD658: Finished taking a snapshot at:(t:1, i:0) file:/home/runner/work/ozone/ozone/hadoop-ozone/integration-test/target/test-dir/MiniOzoneClusterImpl-0a3c97a5-d59a-4532-afef-c4940c4c02aa/ozone-meta/datanode-9/ratis/e6b93728-3fa6-44fd-b8ff-85d4d12ad658/sm/snapshot.1_0 took: 1 ms
2025-07-05 15:48:30,479 [d8f38f7e-70e8-450f-85ae-2cee56d3f445@group-85D4D12AD658-StateMachineUpdater] INFO  impl.StateMachineUpdater (StateMachineUpdater.java:takeSnapshot(307)) - d8f38f7e-70e8-450f-85ae-2cee56d3f445@group-85D4D12AD658-StateMachineUpdater: Took a snapshot at index 0
2025-07-05 15:48:30,479 [d8f38f7e-70e8-450f-85ae-2cee56d3f445@group-85D4D12AD658-StateMachineUpdater] INFO  impl.StateMachineUpdater (StateMachineUpdater.java:lambda$new$0(101)) - d8f38f7e-70e8-450f-85ae-2cee56d3f445@group-85D4D12AD658-StateMachineUpdater: snapshotIndex: updateIncreasingly -1 -> 0
2025-07-05 15:48:30,620 [05378834-8d64-4004-85b0-7f2e6f6e22dc-CloseContainerThread-0] WARN  keyvalue.KeyValueHandler (KeyValueHandler.java:updateAndGetContainerChecksum(1451)) - Container data checksum updated from 0 to 1bdd5b56
2025-07-05 15:48:30,621 [16b3a642-386d-4aa9-ba22-a20b8f52ec18@group-7AAE84768178-FollowerState] INFO  impl.FollowerState (FollowerState.java:runImpl(161)) - 16b3a642-386d-4aa9-ba22-a20b8f52ec18@group-7AAE84768178-FollowerState: change to CANDIDATE, lastRpcElapsedTime:1045743757ns, electionTimeout:1045ms
2025-07-05 15:48:30,622 [16b3a642-386d-4aa9-ba22-a20b8f52ec18@group-7AAE84768178-FollowerState] INFO  impl.RoleInfo (RoleInfo.java:shutdownFollowerState(121)) - 16b3a642-386d-4aa9-ba22-a20b8f52ec18: shutdown 16b3a642-386d-4aa9-ba22-a20b8f52ec18@group-7AAE84768178-FollowerState
2025-07-05 15:48:30,622 [16b3a642-386d-4aa9-ba22-a20b8f52ec18@group-7AAE84768178-FollowerState] INFO  server.RaftServer$Division (RaftServerImpl.java:setRole(392)) - 16b3a642-386d-4aa9-ba22-a20b8f52ec18@group-7AAE84768178: changes role from  FOLLOWER to CANDIDATE at term 0 for changeToCandidate
2025-07-05 15:48:30,622 [16b3a642-386d-4aa9-ba22-a20b8f52ec18@group-7AAE84768178-FollowerState] INFO  impl.RoleInfo (RoleInfo.java:updateAndGet(148)) - 16b3a642-386d-4aa9-ba22-a20b8f52ec18: start 16b3a642-386d-4aa9-ba22-a20b8f52ec18@group-7AAE84768178-LeaderElection23
2025-07-05 15:48:30,622 [16b3a642-386d-4aa9-ba22-a20b8f52ec18@group-7AAE84768178-LeaderElection23] INFO  impl.LeaderElection (LeaderElection.java:askForVotes(448)) - 16b3a642-386d-4aa9-ba22-a20b8f52ec18@group-7AAE84768178-LeaderElection23 PRE_VOTE round 0: submit vote requests at term 0 for conf: {index: -1, cur=peers:[16b3a642-386d-4aa9-ba22-a20b8f52ec18|127.0.0.1:15087]|listeners:[], old=null}
2025-07-05 15:48:30,622 [16b3a642-386d-4aa9-ba22-a20b8f52ec18@group-7AAE84768178-LeaderElection23] INFO  impl.LeaderElection (LeaderElection.java:askForVotes(450)) - 16b3a642-386d-4aa9-ba22-a20b8f52ec18@group-7AAE84768178-LeaderElection23 PRE_VOTE round 0: result PASSED (term=0)
2025-07-05 15:48:30,623 [FixedThreadPoolWithAffinityExecutor-0-0] INFO  container.IncrementalContainerReportHandler (AbstractContainerReportHandler.java:updateContainerState(253)) - FINALIZE (i.e. CLOSING) Container #1 (OPEN, sid=2) r0 (CLOSING, bcsid=2, origin=05378834-8d64-4004-85b0-7f2e6f6e22dc, non-empty) from dn 05378834-8d64-4004-85b0-7f2e6f6e22dc(localhost/127.0.0.1)
2025-07-05 15:48:30,623 [05378834-8d64-4004-85b0-7f2e6f6e22dc-CloseContainerThread-0] INFO  keyvalue.KeyValueContainer (KeyValueContainer.java:flushAndSyncDB(514)) - Synced container: KeyValueContainerData #1 (CLOSING, non-empty, ri=0, origin=[dn_05378834-8d64-4004-85b0-7f2e6f6e22dc, pipeline_dfaec798-2b57-45af-90d7-bebff4db9f45])
2025-07-05 15:48:30,623 [05378834-8d64-4004-85b0-7f2e6f6e22dc-CloseContainerThread-0] INFO  keyvalue.KeyValueContainer (KeyValueContainer.java:flushAndSyncDB(514)) - Synced container: KeyValueContainerData #1 (CLOSING, non-empty, ri=0, origin=[dn_05378834-8d64-4004-85b0-7f2e6f6e22dc, pipeline_dfaec798-2b57-45af-90d7-bebff4db9f45])
2025-07-05 15:48:30,624 [16b3a642-386d-4aa9-ba22-a20b8f52ec18@group-7AAE84768178-LeaderElection23] INFO  impl.LeaderElection (LeaderElection.java:askForVotes(448)) - 16b3a642-386d-4aa9-ba22-a20b8f52ec18@group-7AAE84768178-LeaderElection23 ELECTION round 0: submit vote requests at term 1 for conf: {index: -1, cur=peers:[16b3a642-386d-4aa9-ba22-a20b8f52ec18|127.0.0.1:15087]|listeners:[], old=null}
2025-07-05 15:48:30,624 [16b3a642-386d-4aa9-ba22-a20b8f52ec18@group-7AAE84768178-LeaderElection23] INFO  impl.LeaderElection (LeaderElection.java:askForVotes(450)) - 16b3a642-386d-4aa9-ba22-a20b8f52ec18@group-7AAE84768178-LeaderElection23 ELECTION round 0: result PASSED (term=1)
2025-07-05 15:48:30,624 [16b3a642-386d-4aa9-ba22-a20b8f52ec18@group-7AAE84768178-LeaderElection23] INFO  impl.RoleInfo (RoleInfo.java:shutdownLeaderElection(141)) - 16b3a642-386d-4aa9-ba22-a20b8f52ec18: shutdown 16b3a642-386d-4aa9-ba22-a20b8f52ec18@group-7AAE84768178-LeaderElection23
2025-07-05 15:48:30,624 [16b3a642-386d-4aa9-ba22-a20b8f52ec18@group-7AAE84768178-LeaderElection23] INFO  server.RaftServer$Division (RaftServerImpl.java:setRole(392)) - 16b3a642-386d-4aa9-ba22-a20b8f52ec18@group-7AAE84768178: changes role from CANDIDATE to LEADER at term 1 for changeToLeader
2025-07-05 15:48:30,624 [16b3a642-386d-4aa9-ba22-a20b8f52ec18@group-7AAE84768178-LeaderElection23] INFO  server.RaftServerConfigKeys (ConfUtils.java:logFallback(69)) - raft.server.staging.timeout = 15600ms (fallback to raft.server.rpc.timeout.max)
2025-07-05 15:48:30,624 [16b3a642-386d-4aa9-ba22-a20b8f52ec18@group-7AAE84768178-LeaderElection23] INFO  server.RaftServerConfigKeys (ConfUtils.java:logGet(62)) - raft.server.write.byte-limit = 1024 M (=1073741824) (custom)
2025-07-05 15:48:30,627 [16b3a642-386d-4aa9-ba22-a20b8f52ec18@group-7AAE84768178-LeaderElection23] INFO  impl.RoleInfo (RoleInfo.java:updateAndGet(148)) - 16b3a642-386d-4aa9-ba22-a20b8f52ec18: start 16b3a642-386d-4aa9-ba22-a20b8f52ec18@group-7AAE84768178-LeaderStateImpl
2025-07-05 15:48:30,627 [16b3a642-386d-4aa9-ba22-a20b8f52ec18@group-7AAE84768178-LeaderElection23] INFO  server.RaftServer$Division (RaftServerImpl.java:setFirstElection(576)) - 16b3a642-386d-4aa9-ba22-a20b8f52ec18@group-7AAE84768178: set firstElectionSinceStartup to false for becomeLeader
2025-07-05 15:48:30,627 [16b3a642-386d-4aa9-ba22-a20b8f52ec18@group-7AAE84768178-LeaderElection23] INFO  ratis.XceiverServerRatis (XceiverServerRatis.java:handleLeaderChangedNotification(944)) - Leader change notification received for group: group-7AAE84768178 with new leaderId: 16b3a642-386d-4aa9-ba22-a20b8f52ec18
2025-07-05 15:48:30,627 [16b3a642-386d-4aa9-ba22-a20b8f52ec18@group-7AAE84768178-LeaderElection23] INFO  server.RaftServer$Division (ServerState.java:setLeader(272)) - 16b3a642-386d-4aa9-ba22-a20b8f52ec18@group-7AAE84768178: change Leader from null to 16b3a642-386d-4aa9-ba22-a20b8f52ec18 at term 1 for becomeLeader, leader elected after 1074ms
2025-07-05 15:48:30,627 [16b3a642-386d-4aa9-ba22-a20b8f52ec18@group-7AAE84768178-LeaderElection23] INFO  segmented.SegmentedRaftLogWorker (SegmentedRaftLogWorker.java:startLogSegment(440)) - 16b3a642-386d-4aa9-ba22-a20b8f52ec18@group-7AAE84768178-SegmentedRaftLogWorker: Starting segment from index:0
2025-07-05 15:48:30,627 [16b3a642-386d-4aa9-ba22-a20b8f52ec18@group-7AAE84768178-LeaderElection23] INFO  server.RaftServer$Division (ServerState.java:setRaftConf(386)) - 16b3a642-386d-4aa9-ba22-a20b8f52ec18@group-7AAE84768178: set configuration conf: {index: 0, cur=peers:[16b3a642-386d-4aa9-ba22-a20b8f52ec18|127.0.0.1:15087]|listeners:[], old=null}
2025-07-05 15:48:30,628 [16b3a642-386d-4aa9-ba22-a20b8f52ec18@group-7AAE84768178-SegmentedRaftLogWorker] INFO  segmented.BufferedWriteChannel (BufferedWriteChannel.java:open(61)) - open log_inprogress_0 at position 0
2025-07-05 15:48:30,631 [05378834-8d64-4004-85b0-7f2e6f6e22dc-CloseContainerThread-0] INFO  commandhandler.CloseContainerCommandHandler (CloseContainerCommandHandler.java:lambda$handle$0(135)) - Marking Container 1 quasi closed
2025-07-05 15:48:30,633 [FixedThreadPoolWithAffinityExecutor-0-0] INFO  container.IncrementalContainerReportHandler (AbstractContainerReportHandler.java:updateContainerState(264)) - QUASI_CLOSE Container #1 (CLOSING, sid=2) r0 (QUASI_CLOSED, bcsid=2, origin=05378834-8d64-4004-85b0-7f2e6f6e22dc, non-empty) from dn 05378834-8d64-4004-85b0-7f2e6f6e22dc(localhost/127.0.0.1)
2025-07-05 15:48:30,638 [16b3a642-386d-4aa9-ba22-a20b8f52ec18@group-7AAE84768178-SegmentedRaftLogWorker] INFO  segmented.SegmentedRaftLogWorker (SegmentedRaftLogWorker.java:execute(647)) - 16b3a642-386d-4aa9-ba22-a20b8f52ec18@group-7AAE84768178-SegmentedRaftLogWorker: created new log segment /home/runner/work/ozone/ozone/hadoop-ozone/integration-test/target/test-dir/MiniOzoneClusterImpl-0a3c97a5-d59a-4532-afef-c4940c4c02aa/ozone-meta/datanode-10/ratis/a4284b00-beef-4df1-b980-7aae84768178/current/log_inprogress_0
2025-07-05 15:48:30,639 [16b3a642-386d-4aa9-ba22-a20b8f52ec18@group-7AAE84768178-StateMachineUpdater] INFO  server.RaftServer$Division (LeaderStateImpl.java:checkStartIndex(309)) - Leader 16b3a642-386d-4aa9-ba22-a20b8f52ec18@group-7AAE84768178-LeaderStateImpl is ready since appliedIndex == startIndex == 0
2025-07-05 15:48:30,639 [16b3a642-386d-4aa9-ba22-a20b8f52ec18@group-7AAE84768178-StateMachineUpdater] INFO  ratis.ContainerStateMachine (ContainerStateMachine.java:takeSnapshot(427)) - group-7AAE84768178: Taking a snapshot at:(t:1, i:0) file /home/runner/work/ozone/ozone/hadoop-ozone/integration-test/target/test-dir/MiniOzoneClusterImpl-0a3c97a5-d59a-4532-afef-c4940c4c02aa/ozone-meta/datanode-10/ratis/a4284b00-beef-4df1-b980-7aae84768178/sm/snapshot.1_0
2025-07-05 15:48:30,640 [16b3a642-386d-4aa9-ba22-a20b8f52ec18@group-7AAE84768178-StateMachineUpdater] INFO  ratis.ContainerStateMachine (ContainerStateMachine.java:takeSnapshot(436)) - group-7AAE84768178: Finished taking a snapshot at:(t:1, i:0) file:/home/runner/work/ozone/ozone/hadoop-ozone/integration-test/target/test-dir/MiniOzoneClusterImpl-0a3c97a5-d59a-4532-afef-c4940c4c02aa/ozone-meta/datanode-10/ratis/a4284b00-beef-4df1-b980-7aae84768178/sm/snapshot.1_0 took: 1 ms
2025-07-05 15:48:30,640 [16b3a642-386d-4aa9-ba22-a20b8f52ec18@group-7AAE84768178-StateMachineUpdater] INFO  impl.StateMachineUpdater (StateMachineUpdater.java:takeSnapshot(307)) - 16b3a642-386d-4aa9-ba22-a20b8f52ec18@group-7AAE84768178-StateMachineUpdater: Took a snapshot at index 0
2025-07-05 15:48:30,640 [16b3a642-386d-4aa9-ba22-a20b8f52ec18@group-7AAE84768178-StateMachineUpdater] INFO  impl.StateMachineUpdater (StateMachineUpdater.java:lambda$new$0(101)) - 16b3a642-386d-4aa9-ba22-a20b8f52ec18@group-7AAE84768178-StateMachineUpdater: snapshotIndex: updateIncreasingly -1 -> 0
2025-07-05 15:48:30,963 [a2ddbc4c-912b-4a1a-89ce-9bbeea094c2b-CloseContainerThread-0] WARN  keyvalue.KeyValueHandler (KeyValueHandler.java:updateAndGetContainerChecksum(1451)) - Container data checksum updated from 0 to 1bdd5b56
2025-07-05 15:48:30,964 [a2ddbc4c-912b-4a1a-89ce-9bbeea094c2b-CloseContainerThread-0] INFO  keyvalue.KeyValueContainer (KeyValueContainer.java:flushAndSyncDB(514)) - Synced container: KeyValueContainerData #1 (CLOSING, non-empty, ri=0, origin=[dn_a2ddbc4c-912b-4a1a-89ce-9bbeea094c2b, pipeline_dfaec798-2b57-45af-90d7-bebff4db9f45])
2025-07-05 15:48:30,964 [a2ddbc4c-912b-4a1a-89ce-9bbeea094c2b-CloseContainerThread-0] INFO  keyvalue.KeyValueContainer (KeyValueContainer.java:flushAndSyncDB(514)) - Synced container: KeyValueContainerData #1 (CLOSING, non-empty, ri=0, origin=[dn_a2ddbc4c-912b-4a1a-89ce-9bbeea094c2b, pipeline_dfaec798-2b57-45af-90d7-bebff4db9f45])
2025-07-05 15:48:30,968 [a2ddbc4c-912b-4a1a-89ce-9bbeea094c2b-CloseContainerThread-0] INFO  commandhandler.CloseContainerCommandHandler (CloseContainerCommandHandler.java:lambda$handle$0(135)) - Marking Container 1 quasi closed
2025-07-05 15:48:31,140 [b5b4f89f-93bb-4b69-9074-7f3b90eee2a4-CloseContainerThread-0] WARN  keyvalue.KeyValueHandler (KeyValueHandler.java:updateAndGetContainerChecksum(1451)) - Container data checksum updated from 0 to 1bdd5b56
2025-07-05 15:48:31,141 [b5b4f89f-93bb-4b69-9074-7f3b90eee2a4-CloseContainerThread-0] INFO  keyvalue.KeyValueContainer (KeyValueContainer.java:flushAndSyncDB(514)) - Synced container: KeyValueContainerData #1 (CLOSING, non-empty, ri=0, origin=[dn_b5b4f89f-93bb-4b69-9074-7f3b90eee2a4, pipeline_dfaec798-2b57-45af-90d7-bebff4db9f45])
2025-07-05 15:48:31,141 [b5b4f89f-93bb-4b69-9074-7f3b90eee2a4-CloseContainerThread-0] INFO  keyvalue.KeyValueContainer (KeyValueContainer.java:flushAndSyncDB(514)) - Synced container: KeyValueContainerData #1 (CLOSING, non-empty, ri=0, origin=[dn_b5b4f89f-93bb-4b69-9074-7f3b90eee2a4, pipeline_dfaec798-2b57-45af-90d7-bebff4db9f45])
2025-07-05 15:48:31,145 [b5b4f89f-93bb-4b69-9074-7f3b90eee2a4-CloseContainerThread-0] INFO  commandhandler.CloseContainerCommandHandler (CloseContainerCommandHandler.java:lambda$handle$0(135)) - Marking Container 1 quasi closed
2025-07-05 15:48:31,382 [a2ddbc4c-912b-4a1a-89ce-9bbeea094c2b@group-2AAED090774B-StateMachineUpdater] INFO  ratis.ContainerStateMachine (ContainerStateMachine.java:takeSnapshot(427)) - group-2AAED090774B: Taking a snapshot at:(t:1, i:0) file /home/runner/work/ozone/ozone/hadoop-ozone/integration-test/target/test-dir/MiniOzoneClusterImpl-0a3c97a5-d59a-4532-afef-c4940c4c02aa/ozone-meta/datanode-2/ratis/5c51267b-4932-49ac-9eae-2aaed090774b/sm/snapshot.1_0
2025-07-05 15:48:31,382 [a2ddbc4c-912b-4a1a-89ce-9bbeea094c2b@group-2AAED090774B-StateMachineUpdater] INFO  ratis.ContainerStateMachine (ContainerStateMachine.java:takeSnapshot(436)) - group-2AAED090774B: Finished taking a snapshot at:(t:1, i:0) file:/home/runner/work/ozone/ozone/hadoop-ozone/integration-test/target/test-dir/MiniOzoneClusterImpl-0a3c97a5-d59a-4532-afef-c4940c4c02aa/ozone-meta/datanode-2/ratis/5c51267b-4932-49ac-9eae-2aaed090774b/sm/snapshot.1_0 took: 0 ms
2025-07-05 15:48:31,382 [a2ddbc4c-912b-4a1a-89ce-9bbeea094c2b@group-2AAED090774B-StateMachineUpdater] INFO  impl.StateMachineUpdater (StateMachineUpdater.java:takeSnapshot(307)) - a2ddbc4c-912b-4a1a-89ce-9bbeea094c2b@group-2AAED090774B-StateMachineUpdater: Took a snapshot at index 0
2025-07-05 15:48:31,382 [a2ddbc4c-912b-4a1a-89ce-9bbeea094c2b@group-2AAED090774B-StateMachineUpdater] INFO  impl.StateMachineUpdater (StateMachineUpdater.java:lambda$new$0(101)) - a2ddbc4c-912b-4a1a-89ce-9bbeea094c2b@group-2AAED090774B-StateMachineUpdater: snapshotIndex: updateIncreasingly -1 -> 0
2025-07-05 15:48:31,403 [05378834-8d64-4004-85b0-7f2e6f6e22dc@group-2AAED090774B-StateMachineUpdater] INFO  ratis.ContainerStateMachine (ContainerStateMachine.java:takeSnapshot(427)) - group-2AAED090774B: Taking a snapshot at:(t:1, i:0) file /home/runner/work/ozone/ozone/hadoop-ozone/integration-test/target/test-dir/MiniOzoneClusterImpl-0a3c97a5-d59a-4532-afef-c4940c4c02aa/ozone-meta/datanode-1/ratis/5c51267b-4932-49ac-9eae-2aaed090774b/sm/snapshot.1_0
2025-07-05 15:48:31,403 [05378834-8d64-4004-85b0-7f2e6f6e22dc@group-2AAED090774B-StateMachineUpdater] INFO  ratis.ContainerStateMachine (ContainerStateMachine.java:takeSnapshot(436)) - group-2AAED090774B: Finished taking a snapshot at:(t:1, i:0) file:/home/runner/work/ozone/ozone/hadoop-ozone/integration-test/target/test-dir/MiniOzoneClusterImpl-0a3c97a5-d59a-4532-afef-c4940c4c02aa/ozone-meta/datanode-1/ratis/5c51267b-4932-49ac-9eae-2aaed090774b/sm/snapshot.1_0 took: 0 ms
2025-07-05 15:48:31,403 [05378834-8d64-4004-85b0-7f2e6f6e22dc@group-2AAED090774B-StateMachineUpdater] INFO  impl.StateMachineUpdater (StateMachineUpdater.java:takeSnapshot(307)) - 05378834-8d64-4004-85b0-7f2e6f6e22dc@group-2AAED090774B-StateMachineUpdater: Took a snapshot at index 0
2025-07-05 15:48:31,403 [05378834-8d64-4004-85b0-7f2e6f6e22dc@group-2AAED090774B-StateMachineUpdater] INFO  impl.StateMachineUpdater (StateMachineUpdater.java:lambda$new$0(101)) - 05378834-8d64-4004-85b0-7f2e6f6e22dc@group-2AAED090774B-StateMachineUpdater: snapshotIndex: updateIncreasingly -1 -> 0
2025-07-05 15:48:31,605 [d3a92f5c-9e4a-48c5-9a32-2f34a6e85eb8@group-3C69EB928671-StateMachineUpdater] INFO  ratis.ContainerStateMachine (ContainerStateMachine.java:takeSnapshot(427)) - group-3C69EB928671: Taking a snapshot at:(t:1, i:0) file /home/runner/work/ozone/ozone/hadoop-ozone/integration-test/target/test-dir/MiniOzoneClusterImpl-0a3c97a5-d59a-4532-afef-c4940c4c02aa/ozone-meta/datanode-6/ratis/e3a3bb0d-3136-4b0d-b430-3c69eb928671/sm/snapshot.1_0
2025-07-05 15:48:31,605 [d3a92f5c-9e4a-48c5-9a32-2f34a6e85eb8@group-3C69EB928671-StateMachineUpdater] INFO  ratis.ContainerStateMachine (ContainerStateMachine.java:takeSnapshot(436)) - group-3C69EB928671: Finished taking a snapshot at:(t:1, i:0) file:/home/runner/work/ozone/ozone/hadoop-ozone/integration-test/target/test-dir/MiniOzoneClusterImpl-0a3c97a5-d59a-4532-afef-c4940c4c02aa/ozone-meta/datanode-6/ratis/e3a3bb0d-3136-4b0d-b430-3c69eb928671/sm/snapshot.1_0 took: 0 ms
2025-07-05 15:48:31,606 [d3a92f5c-9e4a-48c5-9a32-2f34a6e85eb8@group-3C69EB928671-StateMachineUpdater] INFO  impl.StateMachineUpdater (StateMachineUpdater.java:takeSnapshot(307)) - d3a92f5c-9e4a-48c5-9a32-2f34a6e85eb8@group-3C69EB928671-StateMachineUpdater: Took a snapshot at index 0
2025-07-05 15:48:31,606 [d3a92f5c-9e4a-48c5-9a32-2f34a6e85eb8@group-3C69EB928671-StateMachineUpdater] INFO  impl.StateMachineUpdater (StateMachineUpdater.java:lambda$new$0(101)) - d3a92f5c-9e4a-48c5-9a32-2f34a6e85eb8@group-3C69EB928671-StateMachineUpdater: snapshotIndex: updateIncreasingly -1 -> 0
2025-07-05 15:48:31,610 [694b616d-7f52-4b82-b07e-10398eb153c5@group-3C69EB928671-StateMachineUpdater] INFO  ratis.ContainerStateMachine (ContainerStateMachine.java:takeSnapshot(427)) - group-3C69EB928671: Taking a snapshot at:(t:1, i:0) file /home/runner/work/ozone/ozone/hadoop-ozone/integration-test/target/test-dir/MiniOzoneClusterImpl-0a3c97a5-d59a-4532-afef-c4940c4c02aa/ozone-meta/datanode-5/ratis/e3a3bb0d-3136-4b0d-b430-3c69eb928671/sm/snapshot.1_0
2025-07-05 15:48:31,610 [694b616d-7f52-4b82-b07e-10398eb153c5@group-3C69EB928671-StateMachineUpdater] INFO  ratis.ContainerStateMachine (ContainerStateMachine.java:takeSnapshot(436)) - group-3C69EB928671: Finished taking a snapshot at:(t:1, i:0) file:/home/runner/work/ozone/ozone/hadoop-ozone/integration-test/target/test-dir/MiniOzoneClusterImpl-0a3c97a5-d59a-4532-afef-c4940c4c02aa/ozone-meta/datanode-5/ratis/e3a3bb0d-3136-4b0d-b430-3c69eb928671/sm/snapshot.1_0 took: 0 ms
2025-07-05 15:48:31,611 [694b616d-7f52-4b82-b07e-10398eb153c5@group-3C69EB928671-StateMachineUpdater] INFO  impl.StateMachineUpdater (StateMachineUpdater.java:takeSnapshot(307)) - 694b616d-7f52-4b82-b07e-10398eb153c5@group-3C69EB928671-StateMachineUpdater: Took a snapshot at index 0
2025-07-05 15:48:31,611 [694b616d-7f52-4b82-b07e-10398eb153c5@group-3C69EB928671-StateMachineUpdater] INFO  impl.StateMachineUpdater (StateMachineUpdater.java:lambda$new$0(101)) - 694b616d-7f52-4b82-b07e-10398eb153c5@group-3C69EB928671-StateMachineUpdater: snapshotIndex: updateIncreasingly -1 -> 0
2025-07-05 15:48:31,708 [d3a92f5c-9e4a-48c5-9a32-2f34a6e85eb8@group-C1D084BE788E-StateMachineUpdater] INFO  ratis.ContainerStateMachine (ContainerStateMachine.java:takeSnapshot(427)) - group-C1D084BE788E: Taking a snapshot at:(t:1, i:0) file /home/runner/work/ozone/ozone/hadoop-ozone/integration-test/target/test-dir/MiniOzoneClusterImpl-0a3c97a5-d59a-4532-afef-c4940c4c02aa/ozone-meta/datanode-6/ratis/07c2a4b9-1a6d-4d20-b06e-c1d084be788e/sm/snapshot.1_0
2025-07-05 15:48:31,708 [d3a92f5c-9e4a-48c5-9a32-2f34a6e85eb8@group-C1D084BE788E-StateMachineUpdater] INFO  ratis.ContainerStateMachine (ContainerStateMachine.java:takeSnapshot(436)) - group-C1D084BE788E: Finished taking a snapshot at:(t:1, i:0) file:/home/runner/work/ozone/ozone/hadoop-ozone/integration-test/target/test-dir/MiniOzoneClusterImpl-0a3c97a5-d59a-4532-afef-c4940c4c02aa/ozone-meta/datanode-6/ratis/07c2a4b9-1a6d-4d20-b06e-c1d084be788e/sm/snapshot.1_0 took: 0 ms
2025-07-05 15:48:31,708 [d3a92f5c-9e4a-48c5-9a32-2f34a6e85eb8@group-C1D084BE788E-StateMachineUpdater] INFO  impl.StateMachineUpdater (StateMachineUpdater.java:takeSnapshot(307)) - d3a92f5c-9e4a-48c5-9a32-2f34a6e85eb8@group-C1D084BE788E-StateMachineUpdater: Took a snapshot at index 0
2025-07-05 15:48:31,708 [d3a92f5c-9e4a-48c5-9a32-2f34a6e85eb8@group-C1D084BE788E-StateMachineUpdater] INFO  impl.StateMachineUpdater (StateMachineUpdater.java:lambda$new$0(101)) - d3a92f5c-9e4a-48c5-9a32-2f34a6e85eb8@group-C1D084BE788E-StateMachineUpdater: snapshotIndex: updateIncreasingly -1 -> 0
2025-07-05 15:48:31,719 [2e56514c-0608-4198-9fed-b4eba4d3d686@group-C1D084BE788E-StateMachineUpdater] INFO  ratis.ContainerStateMachine (ContainerStateMachine.java:takeSnapshot(427)) - group-C1D084BE788E: Taking a snapshot at:(t:1, i:0) file /home/runner/work/ozone/ozone/hadoop-ozone/integration-test/target/test-dir/MiniOzoneClusterImpl-0a3c97a5-d59a-4532-afef-c4940c4c02aa/ozone-meta/datanode-4/ratis/07c2a4b9-1a6d-4d20-b06e-c1d084be788e/sm/snapshot.1_0
2025-07-05 15:48:31,719 [2e56514c-0608-4198-9fed-b4eba4d3d686@group-C1D084BE788E-StateMachineUpdater] INFO  ratis.ContainerStateMachine (ContainerStateMachine.java:takeSnapshot(436)) - group-C1D084BE788E: Finished taking a snapshot at:(t:1, i:0) file:/home/runner/work/ozone/ozone/hadoop-ozone/integration-test/target/test-dir/MiniOzoneClusterImpl-0a3c97a5-d59a-4532-afef-c4940c4c02aa/ozone-meta/datanode-4/ratis/07c2a4b9-1a6d-4d20-b06e-c1d084be788e/sm/snapshot.1_0 took: 1 ms
2025-07-05 15:48:31,720 [2e56514c-0608-4198-9fed-b4eba4d3d686@group-C1D084BE788E-StateMachineUpdater] INFO  impl.StateMachineUpdater (StateMachineUpdater.java:takeSnapshot(307)) - 2e56514c-0608-4198-9fed-b4eba4d3d686@group-C1D084BE788E-StateMachineUpdater: Took a snapshot at index 0
2025-07-05 15:48:31,720 [2e56514c-0608-4198-9fed-b4eba4d3d686@group-C1D084BE788E-StateMachineUpdater] INFO  impl.StateMachineUpdater (StateMachineUpdater.java:lambda$new$0(101)) - 2e56514c-0608-4198-9fed-b4eba4d3d686@group-C1D084BE788E-StateMachineUpdater: snapshotIndex: updateIncreasingly -1 -> 0
2025-07-05T15:48:32.027203209Z a2ddbc4c-912b-4a1a-89ce-9bbeea094c2b-client-thread1 ERROR user=null | ip=null | op=PUT_BLOCK {blockData=[blockId=conID: 1 locID: 115816896921600001 bcsId: 0 replicaIndex: null, size=5]} | ret=FAILURE
org.apache.hadoop.hdds.scm.container.common.helpers.ContainerNotOpenException: Container 1 in QUASI_CLOSED state
	at org.apache.hadoop.ozone.container.common.impl.HddsDispatcher.validateContainerCommand(HddsDispatcher.java:580)
	at org.apache.hadoop.ozone.container.common.transport.server.ratis.ContainerStateMachine.startTransaction(ContainerStateMachine.java:488)
	at org.apache.ratis.server.impl.RaftServerImpl.writeAsyncImpl(RaftServerImpl.java:987)
	at org.apache.ratis.server.impl.RaftServerImpl.writeAsync(RaftServerImpl.java:960)
	at org.apache.ratis.server.impl.RaftServerImpl.replyFuture(RaftServerImpl.java:953)
	at org.apache.ratis.server.impl.RaftServerImpl.submitClientRequestAsync(RaftServerImpl.java:930)
	at org.apache.ratis.server.impl.RaftServerImpl.lambda$null$11(RaftServerImpl.java:919)
	at org.apache.ratis.util.JavaUtils.callAsUnchecked(JavaUtils.java:118)
	at org.apache.ratis.server.impl.RaftServerImpl.lambda$executeSubmitClientRequestAsync$12(RaftServerImpl.java:919)
	at java.base/java.util.concurrent.CompletableFuture$AsyncSupply.run(CompletableFuture.java:1768)
	at java.base/java.util.concurrent.ThreadPoolExecutor.runWorker(ThreadPoolExecutor.java:1144)
	at java.base/java.util.concurrent.ThreadPoolExecutor$Worker.run(ThreadPoolExecutor.java:642)
	at java.base/java.lang.Thread.run(Thread.java:1583)
2025-07-05 15:48:32,061 [grpc-default-executor-4] ERROR impl.OrderedAsync (OrderedAsync.java:lambda$send$4(181)) - Failed to send request, message=cmdType: PutBlock
traceID: ""
containerID: 1
datanodeUuid: "a2ddbc4c-912b-4a1a-89ce-9bbeea094c2b"
putBlock {
  blockData {
    blockID {
      containerID: 1
      localID: 115816896921600001
      blockCommitSequenceId: 0
    }
    metadata {
      key: "TYPE"
      value: "KEY"
    }
    chunks {
      chunkName: "115816896921600001_chunk_1"
      offset: 0
      len: 5
      checksumData {
        type: CRC32
        bytesPerChecksum: 16384
        checksums: "\350a\3440"
      }
    }
  }
  eof: true
}
version: 3
, data.size=0
java.util.concurrent.CompletionException: org.apache.ratis.protocol.exceptions.StateMachineException: org.apache.hadoop.hdds.scm.container.common.helpers.ContainerNotOpenException from Server a2ddbc4c-912b-4a1a-89ce-9bbeea094c2b@group-BEBFF4DB9F45: Container 1 in QUASI_CLOSED state
	at org.apache.ratis.client.impl.RaftClientImpl.handleRaftException(RaftClientImpl.java:373)
	at org.apache.ratis.client.impl.OrderedAsync.lambda$send$3(OrderedAsync.java:175)
	at java.base/java.util.concurrent.CompletableFuture$UniApply.tryFire(CompletableFuture.java:646)
	at java.base/java.util.concurrent.CompletableFuture.postComplete(CompletableFuture.java:510)
	at java.base/java.util.concurrent.CompletableFuture.complete(CompletableFuture.java:2179)
	at org.apache.ratis.client.impl.OrderedAsync$PendingOrderedRequest.setReply(OrderedAsync.java:105)
	at org.apache.ratis.client.impl.OrderedAsync$PendingOrderedRequest.setReply(OrderedAsync.java:66)
	at org.apache.ratis.util.SlidingWindow$RequestMap.setReply(SlidingWindow.java:147)
	at org.apache.ratis.util.SlidingWindow$Client.receiveReply(SlidingWindow.java:351)
	at org.apache.ratis.client.impl.OrderedAsync.lambda$sendRequestWithRetry$5(OrderedAsync.java:210)
	at java.base/java.util.concurrent.CompletableFuture$UniAccept.tryFire(CompletableFuture.java:718)
	at java.base/java.util.concurrent.CompletableFuture.postComplete(CompletableFuture.java:510)
	at java.base/java.util.concurrent.CompletableFuture.complete(CompletableFuture.java:2179)
	at org.apache.ratis.grpc.client.GrpcClientProtocolClient$AsyncStreamObservers$1.lambda$onNext$0(GrpcClientProtocolClient.java:325)
	at java.base/java.util.Optional.ifPresent(Optional.java:178)
	at org.apache.ratis.grpc.client.GrpcClientProtocolClient$AsyncStreamObservers.handleReplyFuture(GrpcClientProtocolClient.java:381)
	at org.apache.ratis.grpc.client.GrpcClientProtocolClient$AsyncStreamObservers.access$100(GrpcClientProtocolClient.java:303)
	at org.apache.ratis.grpc.client.GrpcClientProtocolClient$AsyncStreamObservers$1.onNext(GrpcClientProtocolClient.java:325)
	at org.apache.ratis.grpc.client.GrpcClientProtocolClient$AsyncStreamObservers$1.onNext(GrpcClientProtocolClient.java:308)
	at org.apache.ratis.thirdparty.io.grpc.stub.ClientCalls$StreamObserverToCallListenerAdapter.onMessage(ClientCalls.java:551)
	at org.apache.ratis.thirdparty.io.grpc.ForwardingClientCallListener.onMessage(ForwardingClientCallListener.java:33)
	at org.apache.ratis.thirdparty.io.grpc.internal.ClientCallImpl$ClientStreamListenerImpl$1MessagesAvailable.runInternal(ClientCallImpl.java:661)
	at org.apache.ratis.thirdparty.io.grpc.internal.ClientCallImpl$ClientStreamListenerImpl$1MessagesAvailable.runInContext(ClientCallImpl.java:648)
	at org.apache.ratis.thirdparty.io.grpc.internal.ContextRunnable.run(ContextRunnable.java:37)
	at org.apache.ratis.thirdparty.io.grpc.internal.SerializingExecutor.run(SerializingExecutor.java:133)
	at java.base/java.util.concurrent.ThreadPoolExecutor.runWorker(ThreadPoolExecutor.java:1144)
	at java.base/java.util.concurrent.ThreadPoolExecutor$Worker.run(ThreadPoolExecutor.java:642)
	at java.base/java.lang.Thread.run(Thread.java:1583)
Caused by: org.apache.ratis.protocol.exceptions.StateMachineException: org.apache.hadoop.hdds.scm.container.common.helpers.ContainerNotOpenException from Server a2ddbc4c-912b-4a1a-89ce-9bbeea094c2b@group-BEBFF4DB9F45: Container 1 in QUASI_CLOSED state
	at org.apache.hadoop.ozone.container.common.impl.HddsDispatcher.validateContainerCommand(HddsDispatcher.java:580)
	at org.apache.hadoop.ozone.container.common.transport.server.ratis.ContainerStateMachine.startTransaction(ContainerStateMachine.java:488)
	at org.apache.ratis.server.impl.RaftServerImpl.writeAsyncImpl(RaftServerImpl.java:987)
	at org.apache.ratis.server.impl.RaftServerImpl.writeAsync(RaftServerImpl.java:960)
	at org.apache.ratis.server.impl.RaftServerImpl.replyFuture(RaftServerImpl.java:953)
	at org.apache.ratis.server.impl.RaftServerImpl.submitClientRequestAsync(RaftServerImpl.java:930)
	at org.apache.ratis.server.impl.RaftServerImpl.lambda$null$11(RaftServerImpl.java:919)
	at org.apache.ratis.util.JavaUtils.callAsUnchecked(JavaUtils.java:118)
	at org.apache.ratis.server.impl.RaftServerImpl.lambda$executeSubmitClientRequestAsync$12(RaftServerImpl.java:919)
	at java.base/java.util.concurrent.CompletableFuture$AsyncSupply.run(CompletableFuture.java:1768)
	... 3 more
Caused by: org.apache.hadoop.hdds.scm.container.common.helpers.ContainerNotOpenException: Container 1 in QUASI_CLOSED state
	at java.base/jdk.internal.reflect.DirectConstructorHandleAccessor.newInstance(DirectConstructorHandleAccessor.java:62)
	at java.base/java.lang.reflect.Constructor.newInstanceWithCaller(Constructor.java:502)
	at java.base/java.lang.reflect.Constructor.newInstance(Constructor.java:486)
	at org.apache.ratis.util.ReflectionUtils.instantiateException(ReflectionUtils.java:265)
	at org.apache.ratis.client.impl.ClientProtoUtils.toStateMachineException(ClientProtoUtils.java:455)
	at org.apache.ratis.client.impl.ClientProtoUtils.toStateMachineException(ClientProtoUtils.java:441)
	at org.apache.ratis.client.impl.ClientProtoUtils.toRaftClientReply(ClientProtoUtils.java:408)
	at org.apache.ratis.grpc.client.GrpcClientProtocolClient$AsyncStreamObservers$1.onNext(GrpcClientProtocolClient.java:313)
	at org.apache.ratis.grpc.client.GrpcClientProtocolClient$AsyncStreamObservers$1.onNext(GrpcClientProtocolClient.java:308)
	at org.apache.ratis.thirdparty.io.grpc.stub.ClientCalls$StreamObserverToCallListenerAdapter.onMessage(ClientCalls.java:551)
	at org.apache.ratis.thirdparty.io.grpc.ForwardingClientCallListener.onMessage(ForwardingClientCallListener.java:33)
	at org.apache.ratis.thirdparty.io.grpc.internal.ClientCallImpl$ClientStreamListenerImpl$1MessagesAvailable.runInternal(ClientCallImpl.java:661)
	at org.apache.ratis.thirdparty.io.grpc.internal.ClientCallImpl$ClientStreamListenerImpl$1MessagesAvailable.runInContext(ClientCallImpl.java:648)
	at org.apache.ratis.thirdparty.io.grpc.internal.ContextRunnable.run(ContextRunnable.java:37)
	at org.apache.ratis.thirdparty.io.grpc.internal.SerializingExecutor.run(SerializingExecutor.java:133)
	... 3 more
2025-07-05 15:48:32,074 [main] INFO  io.BlockOutputStreamEntry (BlockOutputStreamEntry.java:finishRetryHandling(141)) - BlockOutputStreamEntry:testQuasiClosed1 conID: 1 locID: 115816896921600001 bcsId: 2 replicaIndex: null: Exiting retry handling mode
]]></system-out>
  </testcase>
  <testcase name="testContainerStateMachineSingleFailureRetry" classname="org.apache.hadoop.ozone.client.rpc.TestContainerStateMachineFailures" time="8.173">
    <system-out><![CDATA[2025-07-05 15:48:32,138 [2e56514c-0608-4198-9fed-b4eba4d3d686-ChunkWriter-2-0] WARN  statemachine.DatanodeConfiguration (DatanodeConfiguration.java:validateMinFreeSpace(751)) - hdds.datanode.volume.min.free.space.percent = -1.0 is invalid, should be between 0 and 1
2025-07-05 15:48:32,139 [2e56514c-0608-4198-9fed-b4eba4d3d686-ChunkWriter-2-0] WARN  statemachine.DatanodeConfiguration (DatanodeConfiguration.java:validateMinFreeSpace(751)) - hdds.datanode.volume.min.free.space.percent = -1.0 is invalid, should be between 0 and 1
2025-07-05 15:48:32,144 [d3a92f5c-9e4a-48c5-9a32-2f34a6e85eb8-ChunkWriter-2-0] WARN  statemachine.DatanodeConfiguration (DatanodeConfiguration.java:validateMinFreeSpace(751)) - hdds.datanode.volume.min.free.space.percent = -1.0 is invalid, should be between 0 and 1
2025-07-05 15:48:32,144 [694b616d-7f52-4b82-b07e-10398eb153c5-ChunkWriter-2-0] WARN  statemachine.DatanodeConfiguration (DatanodeConfiguration.java:validateMinFreeSpace(751)) - hdds.datanode.volume.min.free.space.percent = -1.0 is invalid, should be between 0 and 1
2025-07-05 15:48:32,144 [694b616d-7f52-4b82-b07e-10398eb153c5-ChunkWriter-2-0] WARN  statemachine.DatanodeConfiguration (DatanodeConfiguration.java:validateMinFreeSpace(751)) - hdds.datanode.volume.min.free.space.percent = -1.0 is invalid, should be between 0 and 1
2025-07-05 15:48:32,147 [d3a92f5c-9e4a-48c5-9a32-2f34a6e85eb8-ChunkWriter-2-0] WARN  statemachine.DatanodeConfiguration (DatanodeConfiguration.java:validateMinFreeSpace(751)) - hdds.datanode.volume.min.free.space.percent = -1.0 is invalid, should be between 0 and 1
2025-07-05 15:48:32,168 [d3a92f5c-9e4a-48c5-9a32-2f34a6e85eb8@group-3C69EB928671-StateMachineUpdater] INFO  ratis.ContainerStateMachine (ContainerStateMachine.java:takeSnapshot(427)) - group-3C69EB928671: Taking a snapshot at:(t:1, i:2) file /home/runner/work/ozone/ozone/hadoop-ozone/integration-test/target/test-dir/MiniOzoneClusterImpl-0a3c97a5-d59a-4532-afef-c4940c4c02aa/ozone-meta/datanode-6/ratis/e3a3bb0d-3136-4b0d-b430-3c69eb928671/sm/snapshot.1_2
2025-07-05 15:48:32,186 [2e56514c-0608-4198-9fed-b4eba4d3d686@group-3C69EB928671-StateMachineUpdater] INFO  ratis.ContainerStateMachine (ContainerStateMachine.java:takeSnapshot(427)) - group-3C69EB928671: Taking a snapshot at:(t:1, i:1) file /home/runner/work/ozone/ozone/hadoop-ozone/integration-test/target/test-dir/MiniOzoneClusterImpl-0a3c97a5-d59a-4532-afef-c4940c4c02aa/ozone-meta/datanode-4/ratis/e3a3bb0d-3136-4b0d-b430-3c69eb928671/sm/snapshot.1_1
2025-07-05 15:48:32,187 [d3a92f5c-9e4a-48c5-9a32-2f34a6e85eb8@group-3C69EB928671-StateMachineUpdater] INFO  ratis.ContainerStateMachine (ContainerStateMachine.java:takeSnapshot(436)) - group-3C69EB928671: Finished taking a snapshot at:(t:1, i:2) file:/home/runner/work/ozone/ozone/hadoop-ozone/integration-test/target/test-dir/MiniOzoneClusterImpl-0a3c97a5-d59a-4532-afef-c4940c4c02aa/ozone-meta/datanode-6/ratis/e3a3bb0d-3136-4b0d-b430-3c69eb928671/sm/snapshot.1_2 took: 19 ms
2025-07-05 15:48:32,187 [d3a92f5c-9e4a-48c5-9a32-2f34a6e85eb8@group-3C69EB928671-StateMachineUpdater] INFO  impl.StateMachineUpdater (StateMachineUpdater.java:takeSnapshot(307)) - d3a92f5c-9e4a-48c5-9a32-2f34a6e85eb8@group-3C69EB928671-StateMachineUpdater: Took a snapshot at index 2
2025-07-05 15:48:32,187 [d3a92f5c-9e4a-48c5-9a32-2f34a6e85eb8@group-3C69EB928671-StateMachineUpdater] INFO  impl.StateMachineUpdater (StateMachineUpdater.java:lambda$new$0(101)) - d3a92f5c-9e4a-48c5-9a32-2f34a6e85eb8@group-3C69EB928671-StateMachineUpdater: snapshotIndex: updateIncreasingly 0 -> 2
2025-07-05 15:48:32,187 [694b616d-7f52-4b82-b07e-10398eb153c5@group-3C69EB928671-StateMachineUpdater] INFO  ratis.ContainerStateMachine (ContainerStateMachine.java:takeSnapshot(427)) - group-3C69EB928671: Taking a snapshot at:(t:1, i:2) file /home/runner/work/ozone/ozone/hadoop-ozone/integration-test/target/test-dir/MiniOzoneClusterImpl-0a3c97a5-d59a-4532-afef-c4940c4c02aa/ozone-meta/datanode-5/ratis/e3a3bb0d-3136-4b0d-b430-3c69eb928671/sm/snapshot.1_2
2025-07-05 15:48:32,189 [694b616d-7f52-4b82-b07e-10398eb153c5@group-3C69EB928671-StateMachineUpdater] INFO  ratis.ContainerStateMachine (ContainerStateMachine.java:takeSnapshot(436)) - group-3C69EB928671: Finished taking a snapshot at:(t:1, i:2) file:/home/runner/work/ozone/ozone/hadoop-ozone/integration-test/target/test-dir/MiniOzoneClusterImpl-0a3c97a5-d59a-4532-afef-c4940c4c02aa/ozone-meta/datanode-5/ratis/e3a3bb0d-3136-4b0d-b430-3c69eb928671/sm/snapshot.1_2 took: 2 ms
2025-07-05 15:48:32,189 [694b616d-7f52-4b82-b07e-10398eb153c5@group-3C69EB928671-StateMachineUpdater] INFO  impl.StateMachineUpdater (StateMachineUpdater.java:takeSnapshot(307)) - 694b616d-7f52-4b82-b07e-10398eb153c5@group-3C69EB928671-StateMachineUpdater: Took a snapshot at index 2
2025-07-05 15:48:32,189 [694b616d-7f52-4b82-b07e-10398eb153c5@group-3C69EB928671-StateMachineUpdater] INFO  impl.StateMachineUpdater (StateMachineUpdater.java:lambda$new$0(101)) - 694b616d-7f52-4b82-b07e-10398eb153c5@group-3C69EB928671-StateMachineUpdater: snapshotIndex: updateIncreasingly 0 -> 2
2025-07-05 15:48:32,191 [2e56514c-0608-4198-9fed-b4eba4d3d686@group-3C69EB928671-StateMachineUpdater] INFO  ratis.ContainerStateMachine (ContainerStateMachine.java:takeSnapshot(436)) - group-3C69EB928671: Finished taking a snapshot at:(t:1, i:1) file:/home/runner/work/ozone/ozone/hadoop-ozone/integration-test/target/test-dir/MiniOzoneClusterImpl-0a3c97a5-d59a-4532-afef-c4940c4c02aa/ozone-meta/datanode-4/ratis/e3a3bb0d-3136-4b0d-b430-3c69eb928671/sm/snapshot.1_1 took: 5 ms
2025-07-05 15:48:32,191 [2e56514c-0608-4198-9fed-b4eba4d3d686@group-3C69EB928671-StateMachineUpdater] INFO  impl.StateMachineUpdater (StateMachineUpdater.java:takeSnapshot(307)) - 2e56514c-0608-4198-9fed-b4eba4d3d686@group-3C69EB928671-StateMachineUpdater: Took a snapshot at index 1
2025-07-05 15:48:32,192 [2e56514c-0608-4198-9fed-b4eba4d3d686@group-3C69EB928671-StateMachineUpdater] INFO  impl.StateMachineUpdater (StateMachineUpdater.java:lambda$new$0(101)) - 2e56514c-0608-4198-9fed-b4eba4d3d686@group-3C69EB928671-StateMachineUpdater: snapshotIndex: updateIncreasingly 0 -> 1
2025-07-05 15:48:32,223 [694b616d-7f52-4b82-b07e-10398eb153c5-ChunkWriter-2-0] ERROR helpers.ContainerUtils (ContainerUtils.java:getChunkDir(273)) - Chunks dir /home/runner/work/ozone/ozone/hadoop-ozone/integration-test/target/test-dir/MiniOzoneClusterImpl-0a3c97a5-d59a-4532-afef-c4940c4c02aa/ozone-meta/datanode-5/data-0/hdds/0a3c97a5-d59a-4532-afef-c4940c4c02aa/current/containerDir0/2/chunks does not exist
2025-07-05 15:48:32,224 [694b616d-7f52-4b82-b07e-10398eb153c5-ChunkWriter-2-0] WARN  keyvalue.KeyValueHandler (ContainerUtils.java:logAndReturnError(94)) - Operation: WriteChunk , Trace ID:  , Message: Chunks directory /home/runner/work/ozone/ozone/hadoop-ozone/integration-test/target/test-dir/MiniOzoneClusterImpl-0a3c97a5-d59a-4532-afef-c4940c4c02aa/ozone-meta/datanode-5/data-0/hdds/0a3c97a5-d59a-4532-afef-c4940c4c02aa/current/containerDir0/2/chunks does not exist. , Result: UNABLE_TO_FIND_DATA_DIR , StorageContainerException Occurred.
org.apache.hadoop.hdds.scm.container.common.helpers.StorageContainerException: Chunks directory /home/runner/work/ozone/ozone/hadoop-ozone/integration-test/target/test-dir/MiniOzoneClusterImpl-0a3c97a5-d59a-4532-afef-c4940c4c02aa/ozone-meta/datanode-5/data-0/hdds/0a3c97a5-d59a-4532-afef-c4940c4c02aa/current/containerDir0/2/chunks does not exist.
	at org.apache.hadoop.ozone.container.common.helpers.ContainerUtils.getChunkDir(ContainerUtils.java:275)
	at org.apache.hadoop.ozone.container.common.impl.ContainerLayoutVersion.getChunkFile(ContainerLayoutVersion.java:115)
	at org.apache.hadoop.ozone.container.keyvalue.impl.FilePerBlockStrategy.getChunkFile(FilePerBlockStrategy.java:300)
	at org.apache.hadoop.ozone.container.keyvalue.impl.FilePerBlockStrategy.writeChunk(FilePerBlockStrategy.java:148)
	at org.apache.hadoop.ozone.container.keyvalue.impl.ChunkManagerDispatcher.writeChunk(ChunkManagerDispatcher.java:70)
	at org.apache.hadoop.ozone.container.keyvalue.KeyValueHandler.handleWriteChunk(KeyValueHandler.java:1029)
	at org.apache.hadoop.ozone.container.keyvalue.KeyValueHandler.dispatchRequest(KeyValueHandler.java:342)
	at org.apache.hadoop.ozone.container.keyvalue.KeyValueHandler.handle(KeyValueHandler.java:293)
	at org.apache.hadoop.ozone.container.common.impl.HddsDispatcher.dispatchRequest(HddsDispatcher.java:365)
	at org.apache.hadoop.ozone.container.common.impl.HddsDispatcher.lambda$dispatch$1(HddsDispatcher.java:190)
	at org.apache.hadoop.hdds.server.OzoneProtocolMessageDispatcher.processRequest(OzoneProtocolMessageDispatcher.java:87)
	at org.apache.hadoop.ozone.container.common.impl.HddsDispatcher.dispatch(HddsDispatcher.java:189)
	at org.apache.hadoop.ozone.container.common.transport.server.ratis.ContainerStateMachine.dispatchCommand(ContainerStateMachine.java:567)
	at org.apache.hadoop.ozone.container.common.transport.server.ratis.ContainerStateMachine.lambda$writeStateMachineData$2(ContainerStateMachine.java:622)
	at java.base/java.util.concurrent.FutureTask.run(FutureTask.java:317)
	at java.base/java.util.concurrent.ThreadPoolExecutor.runWorker(ThreadPoolExecutor.java:1144)
	at java.base/java.util.concurrent.ThreadPoolExecutor$Worker.run(ThreadPoolExecutor.java:642)
	at java.base/java.lang.Thread.run(Thread.java:1583)
2025-07-05 15:48:32,224 [d3a92f5c-9e4a-48c5-9a32-2f34a6e85eb8-ChunkWriter-2-0] ERROR helpers.ContainerUtils (ContainerUtils.java:getChunkDir(273)) - Chunks dir /home/runner/work/ozone/ozone/hadoop-ozone/integration-test/target/test-dir/MiniOzoneClusterImpl-0a3c97a5-d59a-4532-afef-c4940c4c02aa/ozone-meta/datanode-6/data-0/hdds/0a3c97a5-d59a-4532-afef-c4940c4c02aa/current/containerDir0/2/chunks does not exist
2025-07-05 15:48:32,226 [d3a92f5c-9e4a-48c5-9a32-2f34a6e85eb8-ChunkWriter-2-0] WARN  keyvalue.KeyValueHandler (ContainerUtils.java:logAndReturnError(94)) - Operation: WriteChunk , Trace ID:  , Message: Chunks directory /home/runner/work/ozone/ozone/hadoop-ozone/integration-test/target/test-dir/MiniOzoneClusterImpl-0a3c97a5-d59a-4532-afef-c4940c4c02aa/ozone-meta/datanode-6/data-0/hdds/0a3c97a5-d59a-4532-afef-c4940c4c02aa/current/containerDir0/2/chunks does not exist. , Result: UNABLE_TO_FIND_DATA_DIR , StorageContainerException Occurred.
org.apache.hadoop.hdds.scm.container.common.helpers.StorageContainerException: Chunks directory /home/runner/work/ozone/ozone/hadoop-ozone/integration-test/target/test-dir/MiniOzoneClusterImpl-0a3c97a5-d59a-4532-afef-c4940c4c02aa/ozone-meta/datanode-6/data-0/hdds/0a3c97a5-d59a-4532-afef-c4940c4c02aa/current/containerDir0/2/chunks does not exist.
	at org.apache.hadoop.ozone.container.common.helpers.ContainerUtils.getChunkDir(ContainerUtils.java:275)
	at org.apache.hadoop.ozone.container.common.impl.ContainerLayoutVersion.getChunkFile(ContainerLayoutVersion.java:115)
	at org.apache.hadoop.ozone.container.keyvalue.impl.FilePerBlockStrategy.getChunkFile(FilePerBlockStrategy.java:300)
	at org.apache.hadoop.ozone.container.keyvalue.impl.FilePerBlockStrategy.writeChunk(FilePerBlockStrategy.java:148)
	at org.apache.hadoop.ozone.container.keyvalue.impl.ChunkManagerDispatcher.writeChunk(ChunkManagerDispatcher.java:70)
	at org.apache.hadoop.ozone.container.keyvalue.KeyValueHandler.handleWriteChunk(KeyValueHandler.java:1029)
	at org.apache.hadoop.ozone.container.keyvalue.KeyValueHandler.dispatchRequest(KeyValueHandler.java:342)
	at org.apache.hadoop.ozone.container.keyvalue.KeyValueHandler.handle(KeyValueHandler.java:293)
	at org.apache.hadoop.ozone.container.common.impl.HddsDispatcher.dispatchRequest(HddsDispatcher.java:365)
	at org.apache.hadoop.ozone.container.common.impl.HddsDispatcher.lambda$dispatch$1(HddsDispatcher.java:190)
	at org.apache.hadoop.hdds.server.OzoneProtocolMessageDispatcher.processRequest(OzoneProtocolMessageDispatcher.java:87)
	at org.apache.hadoop.ozone.container.common.impl.HddsDispatcher.dispatch(HddsDispatcher.java:189)
	at org.apache.hadoop.ozone.container.common.transport.server.ratis.ContainerStateMachine.dispatchCommand(ContainerStateMachine.java:567)
	at org.apache.hadoop.ozone.container.common.transport.server.ratis.ContainerStateMachine.lambda$writeStateMachineData$2(ContainerStateMachine.java:622)
	at java.base/java.util.concurrent.FutureTask.run(FutureTask.java:317)
	at java.base/java.util.concurrent.ThreadPoolExecutor.runWorker(ThreadPoolExecutor.java:1144)
	at java.base/java.util.concurrent.ThreadPoolExecutor$Worker.run(ThreadPoolExecutor.java:642)
	at java.base/java.lang.Thread.run(Thread.java:1583)
2025-07-05 15:48:32,238 [694b616d-7f52-4b82-b07e-10398eb153c5-ChunkWriter-2-0] WARN  keyvalue.KeyValueContainer (KeyValueContainer.java:markContainerUnhealthy(397)) - Marked container UNHEALTHY from OPEN: KeyValueContainerData #2 (UNHEALTHY, non-empty, ri=0, origin=[dn_694b616d-7f52-4b82-b07e-10398eb153c5, pipeline_e3a3bb0d-3136-4b0d-b430-3c69eb928671])
2025-07-05 15:48:32,238 [d3a92f5c-9e4a-48c5-9a32-2f34a6e85eb8-ChunkWriter-2-0] WARN  keyvalue.KeyValueContainer (KeyValueContainer.java:markContainerUnhealthy(397)) - Marked container UNHEALTHY from OPEN: KeyValueContainerData #2 (UNHEALTHY, non-empty, ri=0, origin=[dn_d3a92f5c-9e4a-48c5-9a32-2f34a6e85eb8, pipeline_e3a3bb0d-3136-4b0d-b430-3c69eb928671])
2025-07-05 15:48:32,240 [d3a92f5c-9e4a-48c5-9a32-2f34a6e85eb8-ChunkWriter-2-0] WARN  keyvalue.KeyValueHandler (KeyValueHandler.java:updateAndGetContainerChecksum(1451)) - Container data checksum updated from 0 to 1bdd5b56
2025-07-05 15:48:32,240 [694b616d-7f52-4b82-b07e-10398eb153c5-ChunkWriter-2-0] WARN  keyvalue.KeyValueHandler (KeyValueHandler.java:updateAndGetContainerChecksum(1451)) - Container data checksum updated from 0 to 1bdd5b56
2025-07-05T15:48:32.241581858Z d3a92f5c-9e4a-48c5-9a32-2f34a6e85eb8-ChunkWriter-2-0 ERROR ID=2 | Index=0 | BCSID=2 | State=UNHEALTHY | Volume=/home/runner/work/ozone/ozone/hadoop-ozone/integration-test/target/test-dir/MiniOzoneClusterImpl-0a3c97a5-d59a-4532-afef-c4940c4c02aa/ozone-meta/datanode-6/data-0/hdds | DataChecksum=1bdd5b56 | Container has 1 error: WRITE_FAILURE for file /home/runner/work/ozone/ozone/hadoop-ozone/integration-test/target/test-dir/MiniOzoneClusterImpl-0a3c97a5-d59a-4532-afef-c4940c4c02aa/ozone-meta/datanode-6/data-0/hdds/0a3c97a5-d59a-4532-afef-c4940c4c02aa/current/containerDir0/2 with exception: org.apache.hadoop.hdds.scm.container.common.helpers.StorageContainerException2025-07-05T15:48:32.241582203Z 694b616d-7f52-4b82-b07e-10398eb153c5-ChunkWriter-2-0 ERROR ID=2 | Index=0 | BCSID=2 | State=UNHEALTHY | Volume=/home/runner/work/ozone/ozone/hadoop-ozone/integration-test/target/test-dir/MiniOzoneClusterImpl-0a3c97a5-d59a-4532-afef-c4940c4c02aa/ozone-meta/datanode-5/data-0/hdds | DataChecksum=1bdd5b56 | Container has 1 error: WRITE_FAILURE for file /home/runner/work/ozone/ozone/hadoop-ozone/integration-test/target/test-dir/MiniOzoneClusterImpl-0a3c97a5-d59a-4532-afef-c4940c4c02aa/ozone-meta/datanode-5/data-0/hdds/0a3c97a5-d59a-4532-afef-c4940c4c02aa/current/containerDir0/2 with exception: org.apache.hadoop.hdds.scm.container.common.helpers.StorageContainerException2025-07-05 15:48:32,241 [694b616d-7f52-4b82-b07e-10398eb153c5-ChunkWriter-2-0] INFO  impl.HddsDispatcher (HddsDispatcher.java:dispatchRequest(411)) - Marked Container UNHEALTHY, ContainerID: 2
2025-07-05 15:48:32,242 [d3a92f5c-9e4a-48c5-9a32-2f34a6e85eb8-ChunkWriter-2-0] INFO  impl.HddsDispatcher (HddsDispatcher.java:dispatchRequest(411)) - Marked Container UNHEALTHY, ContainerID: 2
2025-07-05 15:48:32,243 [FixedThreadPoolWithAffinityExecutor-1-0] INFO  container.IncrementalContainerReportHandler (AbstractContainerReportHandler.java:updateContainerState(253)) - FINALIZE (i.e. CLOSING) Container #2 (OPEN, sid=0) r0 (UNHEALTHY, bcsid=2, origin=d3a92f5c-9e4a-48c5-9a32-2f34a6e85eb8, non-empty) from dn d3a92f5c-9e4a-48c5-9a32-2f34a6e85eb8(localhost/127.0.0.1)
2025-07-05T15:48:32.251166905Z d3a92f5c-9e4a-48c5-9a32-2f34a6e85eb8-ChunkWriter-2-0 ERROR user=null | ip=null | op=WRITE_CHUNK {blockData=conID: 2 locID: 115816896921600002 bcsId: 2 replicaIndex: 0, offset=5, size=10, stage=WRITE_DATA} | ret=FAILURE
java.lang.Exception: Chunks directory /home/runner/work/ozone/ozone/hadoop-ozone/integration-test/target/test-dir/MiniOzoneClusterImpl-0a3c97a5-d59a-4532-afef-c4940c4c02aa/ozone-meta/datanode-6/data-0/hdds/0a3c97a5-d59a-4532-afef-c4940c4c02aa/current/containerDir0/2/chunks does not exist.
	at org.apache.hadoop.ozone.container.common.impl.HddsDispatcher.dispatchRequest(HddsDispatcher.java:439)
	at org.apache.hadoop.ozone.container.common.impl.HddsDispatcher.lambda$dispatch$1(HddsDispatcher.java:190)
	at org.apache.hadoop.hdds.server.OzoneProtocolMessageDispatcher.processRequest(OzoneProtocolMessageDispatcher.java:87)
	at org.apache.hadoop.ozone.container.common.impl.HddsDispatcher.dispatch(HddsDispatcher.java:189)
	at org.apache.hadoop.ozone.container.common.transport.server.ratis.ContainerStateMachine.dispatchCommand(ContainerStateMachine.java:567)
	at org.apache.hadoop.ozone.container.common.transport.server.ratis.ContainerStateMachine.lambda$writeStateMachineData$2(ContainerStateMachine.java:622)
	at java.base/java.util.concurrent.FutureTask.run(FutureTask.java:317)
	at java.base/java.util.concurrent.ThreadPoolExecutor.runWorker(ThreadPoolExecutor.java:1144)
	at java.base/java.util.concurrent.ThreadPoolExecutor$Worker.run(ThreadPoolExecutor.java:642)
	at java.base/java.lang.Thread.run(Thread.java:1583)
2025-07-05 15:48:32,251 [d3a92f5c-9e4a-48c5-9a32-2f34a6e85eb8-ChunkWriter-2-0] ERROR ratis.ContainerStateMachine (ContainerStateMachine.java:handleCommandResult(662)) - group-3C69EB928671: writeChunk writeStateMachineData failed: blockIdcontainerID: 2
localID: 115816896921600002
blockCommitSequenceId: 2
replicaIndex: 0
 logIndex 5 chunkName 115816896921600002_chunk_2 Error message: Chunks directory /home/runner/work/ozone/ozone/hadoop-ozone/integration-test/target/test-dir/MiniOzoneClusterImpl-0a3c97a5-d59a-4532-afef-c4940c4c02aa/ozone-meta/datanode-6/data-0/hdds/0a3c97a5-d59a-4532-afef-c4940c4c02aa/current/containerDir0/2/chunks does not exist. Container Result: UNABLE_TO_FIND_DATA_DIR
2025-07-05T15:48:32.251299585Z 694b616d-7f52-4b82-b07e-10398eb153c5-ChunkWriter-2-0 ERROR user=null | ip=null | op=WRITE_CHUNK {blockData=conID: 2 locID: 115816896921600002 bcsId: 2 replicaIndex: 0, offset=5, size=10, stage=WRITE_DATA} | ret=FAILURE
java.lang.Exception: Chunks directory /home/runner/work/ozone/ozone/hadoop-ozone/integration-test/target/test-dir/MiniOzoneClusterImpl-0a3c97a5-d59a-4532-afef-c4940c4c02aa/ozone-meta/datanode-5/data-0/hdds/0a3c97a5-d59a-4532-afef-c4940c4c02aa/current/containerDir0/2/chunks does not exist.
	at org.apache.hadoop.ozone.container.common.impl.HddsDispatcher.dispatchRequest(HddsDispatcher.java:439)
	at org.apache.hadoop.ozone.container.common.impl.HddsDispatcher.lambda$dispatch$1(HddsDispatcher.java:190)
	at org.apache.hadoop.hdds.server.OzoneProtocolMessageDispatcher.processRequest(OzoneProtocolMessageDispatcher.java:87)
	at org.apache.hadoop.ozone.container.common.impl.HddsDispatcher.dispatch(HddsDispatcher.java:189)
	at org.apache.hadoop.ozone.container.common.transport.server.ratis.ContainerStateMachine.dispatchCommand(ContainerStateMachine.java:567)
	at org.apache.hadoop.ozone.container.common.transport.server.ratis.ContainerStateMachine.lambda$writeStateMachineData$2(ContainerStateMachine.java:622)
	at java.base/java.util.concurrent.FutureTask.run(FutureTask.java:317)
	at java.base/java.util.concurrent.ThreadPoolExecutor.runWorker(ThreadPoolExecutor.java:1144)
	at java.base/java.util.concurrent.ThreadPoolExecutor$Worker.run(ThreadPoolExecutor.java:642)
	at java.base/java.lang.Thread.run(Thread.java:1583)
2025-07-05 15:48:32,252 [694b616d-7f52-4b82-b07e-10398eb153c5-ChunkWriter-2-0] ERROR ratis.ContainerStateMachine (ContainerStateMachine.java:handleCommandResult(662)) - group-3C69EB928671: writeChunk writeStateMachineData failed: blockIdcontainerID: 2
localID: 115816896921600002
blockCommitSequenceId: 2
replicaIndex: 0
 logIndex 5 chunkName 115816896921600002_chunk_2 Error message: Chunks directory /home/runner/work/ozone/ozone/hadoop-ozone/integration-test/target/test-dir/MiniOzoneClusterImpl-0a3c97a5-d59a-4532-afef-c4940c4c02aa/ozone-meta/datanode-5/data-0/hdds/0a3c97a5-d59a-4532-afef-c4940c4c02aa/current/containerDir0/2/chunks does not exist. Container Result: UNABLE_TO_FIND_DATA_DIR
2025-07-05 15:48:32,253 [EventQueue-CloseContainerForCloseContainerEventHandler] INFO  container.CloseContainerEventHandler (CloseContainerEventHandler.java:onMessage(88)) - Close container Event triggered for container : #2, current state: CLOSING
2025-07-05 15:48:32,254 [d3a92f5c-9e4a-48c5-9a32-2f34a6e85eb8@group-3C69EB928671-SegmentedRaftLogWorker] ERROR ratis.ContainerStateMachine (ContainerStateMachine.java:notifyLogFailed(1268)) - group-3C69EB928671: (t:1, i:5) cmdType: WriteChunk traceID: "" containerID: 2 datanodeUuid: "694b616d-7f52-4b82-b07e-10398eb153c5" pipelineID: "e3a3bb0d-3136-4b0d-b430-3c69eb928671" writeChunk { blockID { containerID: 2 localID: 115816896921600002 blockCommitSequenceId: 2 replicaIndex: 0 } chunkData { chunkName: "115816896921600002_chunk_2" offset: 5 len: 10 checksumData { type: CRC32 bytesPerChecksum: 16384 checksums: "\317\357R*" } } } version: 3, container path=/home/runner/work/ozone/ozone/hadoop-ozone/integration-test/target/test-dir/MiniOzoneClusterImpl-0a3c97a5-d59a-4532-afef-c4940c4c02aa/ozone-meta/datanode-6/data-0/hdds/0a3c97a5-d59a-4532-afef-c4940c4c02aa/current/containerDir0/2
org.apache.hadoop.hdds.scm.container.common.helpers.StorageContainerException: Chunks directory /home/runner/work/ozone/ozone/hadoop-ozone/integration-test/target/test-dir/MiniOzoneClusterImpl-0a3c97a5-d59a-4532-afef-c4940c4c02aa/ozone-meta/datanode-6/data-0/hdds/0a3c97a5-d59a-4532-afef-c4940c4c02aa/current/containerDir0/2/chunks does not exist.
	at org.apache.hadoop.ozone.container.common.transport.server.ratis.ContainerStateMachine.handleCommandResult(ContainerStateMachine.java:661)
	at org.apache.hadoop.ozone.container.common.transport.server.ratis.ContainerStateMachine.lambda$writeStateMachineData$2(ContainerStateMachine.java:623)
	at java.base/java.util.concurrent.FutureTask.run(FutureTask.java:317)
	at java.base/java.util.concurrent.ThreadPoolExecutor.runWorker(ThreadPoolExecutor.java:1144)
	at java.base/java.util.concurrent.ThreadPoolExecutor$Worker.run(ThreadPoolExecutor.java:642)
	at java.base/java.lang.Thread.run(Thread.java:1583)
2025-07-05 15:48:32,255 [694b616d-7f52-4b82-b07e-10398eb153c5@group-3C69EB928671-SegmentedRaftLogWorker] ERROR ratis.ContainerStateMachine (ContainerStateMachine.java:notifyLogFailed(1268)) - group-3C69EB928671: (t:1, i:5) cmdType: WriteChunk traceID: "" containerID: 2 datanodeUuid: "694b616d-7f52-4b82-b07e-10398eb153c5" pipelineID: "e3a3bb0d-3136-4b0d-b430-3c69eb928671" writeChunk { blockID { containerID: 2 localID: 115816896921600002 blockCommitSequenceId: 2 replicaIndex: 0 } chunkData { chunkName: "115816896921600002_chunk_2" offset: 5 len: 10 checksumData { type: CRC32 bytesPerChecksum: 16384 checksums: "\317\357R*" } } } version: 3, container path=/home/runner/work/ozone/ozone/hadoop-ozone/integration-test/target/test-dir/MiniOzoneClusterImpl-0a3c97a5-d59a-4532-afef-c4940c4c02aa/ozone-meta/datanode-5/data-0/hdds/0a3c97a5-d59a-4532-afef-c4940c4c02aa/current/containerDir0/2
org.apache.hadoop.hdds.scm.container.common.helpers.StorageContainerException: Chunks directory /home/runner/work/ozone/ozone/hadoop-ozone/integration-test/target/test-dir/MiniOzoneClusterImpl-0a3c97a5-d59a-4532-afef-c4940c4c02aa/ozone-meta/datanode-5/data-0/hdds/0a3c97a5-d59a-4532-afef-c4940c4c02aa/current/containerDir0/2/chunks does not exist.
	at org.apache.hadoop.ozone.container.common.transport.server.ratis.ContainerStateMachine.handleCommandResult(ContainerStateMachine.java:661)
	at org.apache.hadoop.ozone.container.common.transport.server.ratis.ContainerStateMachine.lambda$writeStateMachineData$2(ContainerStateMachine.java:623)
	at java.base/java.util.concurrent.FutureTask.run(FutureTask.java:317)
	at java.base/java.util.concurrent.ThreadPoolExecutor.runWorker(ThreadPoolExecutor.java:1144)
	at java.base/java.util.concurrent.ThreadPoolExecutor$Worker.run(ThreadPoolExecutor.java:642)
	at java.base/java.lang.Thread.run(Thread.java:1583)
2025-07-05 15:48:32,255 [EventQueue-CloseContainerForCloseContainerEventHandler] INFO  container.CloseContainerEventHandler (CloseContainerEventHandler.java:onMessage(88)) - Close container Event triggered for container : #2, current state: CLOSING
2025-07-05 15:48:32,263 [694b616d-7f52-4b82-b07e-10398eb153c5@group-3C69EB928671-SegmentedRaftLogWorker] WARN  ratis.XceiverServerRatis (XceiverServerRatis.java:triggerPipelineClose(758)) - pipeline Action CLOSE on pipeline Pipeline-e3a3bb0d-3136-4b0d-b430-3c69eb928671.Reason : Chunks directory /home/runner/work/ozone/ozone/hadoop-ozone/integration-test/target/test-dir/MiniOzoneClusterImpl-0a3c97a5-d59a-4532-afef-c4940c4c02aa/ozone-meta/datanode-5/data-0/hdds/0a3c97a5-d59a-4532-afef-c4940c4c02aa/current/containerDir0/2/chunks does not exist.
2025-07-05 15:48:32,263 [d3a92f5c-9e4a-48c5-9a32-2f34a6e85eb8@group-3C69EB928671-SegmentedRaftLogWorker] WARN  ratis.XceiverServerRatis (XceiverServerRatis.java:triggerPipelineClose(758)) - pipeline Action CLOSE on pipeline Pipeline-e3a3bb0d-3136-4b0d-b430-3c69eb928671.Reason : Chunks directory /home/runner/work/ozone/ozone/hadoop-ozone/integration-test/target/test-dir/MiniOzoneClusterImpl-0a3c97a5-d59a-4532-afef-c4940c4c02aa/ozone-meta/datanode-6/data-0/hdds/0a3c97a5-d59a-4532-afef-c4940c4c02aa/current/containerDir0/2/chunks does not exist.
2025-07-05 15:48:32,265 [694b616d-7f52-4b82-b07e-10398eb153c5-server-thread1] WARN  server.GrpcServerProtocolService (LogUtils.java:warn(129)) - 694b616d-7f52-4b82-b07e-10398eb153c5: Failed APPEND_ENTRIES request 2e56514c-0608-4198-9fed-b4eba4d3d686->694b616d-7f52-4b82-b07e-10398eb153c5#13-t1,previous=(t:1, i:4),leaderCommit=4,initializing? false,entries: size=1, first=(t:1, i:5), STATEMACHINELOGENTRY, WRITE: logData.size=154, stateMachineData.size=10, logEntryProtoSerializedSize=0
java.util.concurrent.CompletionException: org.apache.hadoop.hdds.scm.container.common.helpers.StorageContainerException: Chunks directory /home/runner/work/ozone/ozone/hadoop-ozone/integration-test/target/test-dir/MiniOzoneClusterImpl-0a3c97a5-d59a-4532-afef-c4940c4c02aa/ozone-meta/datanode-5/data-0/hdds/0a3c97a5-d59a-4532-afef-c4940c4c02aa/current/containerDir0/2/chunks does not exist.
	at java.base/java.util.concurrent.CompletableFuture.encodeThrowable(CompletableFuture.java:332)
	at java.base/java.util.concurrent.CompletableFuture.completeThrowable(CompletableFuture.java:347)
	at java.base/java.util.concurrent.CompletableFuture$BiRelay.tryFire(CompletableFuture.java:1498)
	at java.base/java.util.concurrent.CompletableFuture$CoCompletion.tryFire(CompletableFuture.java:1219)
	at java.base/java.util.concurrent.CompletableFuture.postComplete(CompletableFuture.java:510)
	at java.base/java.util.concurrent.CompletableFuture.completeExceptionally(CompletableFuture.java:2194)
	at org.apache.ratis.server.raftlog.segmented.SegmentedRaftLog$Task.failed(SegmentedRaftLog.java:109)
	at org.apache.ratis.server.raftlog.segmented.SegmentedRaftLogWorker$WriteLog.failed(SegmentedRaftLogWorker.java:530)
	at org.apache.ratis.server.raftlog.segmented.SegmentedRaftLogWorker.run(SegmentedRaftLogWorker.java:326)
	at java.base/java.util.concurrent.Executors$RunnableAdapter.call(Executors.java:572)
	at java.base/java.util.concurrent.FutureTask.run(FutureTask.java:317)
	at java.base/java.util.concurrent.ThreadPoolExecutor.runWorker(ThreadPoolExecutor.java:1144)
	at java.base/java.util.concurrent.ThreadPoolExecutor$Worker.run(ThreadPoolExecutor.java:642)
	at java.base/java.lang.Thread.run(Thread.java:1583)
Caused by: org.apache.hadoop.hdds.scm.container.common.helpers.StorageContainerException: Chunks directory /home/runner/work/ozone/ozone/hadoop-ozone/integration-test/target/test-dir/MiniOzoneClusterImpl-0a3c97a5-d59a-4532-afef-c4940c4c02aa/ozone-meta/datanode-5/data-0/hdds/0a3c97a5-d59a-4532-afef-c4940c4c02aa/current/containerDir0/2/chunks does not exist.
	at org.apache.hadoop.ozone.container.common.transport.server.ratis.ContainerStateMachine.handleCommandResult(ContainerStateMachine.java:661)
	at org.apache.hadoop.ozone.container.common.transport.server.ratis.ContainerStateMachine.lambda$writeStateMachineData$2(ContainerStateMachine.java:623)
	... 4 more
2025-07-05 15:48:32,265 [d3a92f5c-9e4a-48c5-9a32-2f34a6e85eb8-server-thread1] WARN  server.GrpcServerProtocolService (LogUtils.java:warn(129)) - d3a92f5c-9e4a-48c5-9a32-2f34a6e85eb8: Failed APPEND_ENTRIES request 2e56514c-0608-4198-9fed-b4eba4d3d686->d3a92f5c-9e4a-48c5-9a32-2f34a6e85eb8#12-t1,previous=(t:1, i:4),leaderCommit=4,initializing? false,entries: size=1, first=(t:1, i:5), STATEMACHINELOGENTRY, WRITE: logData.size=154, stateMachineData.size=10, logEntryProtoSerializedSize=0
java.util.concurrent.CompletionException: org.apache.hadoop.hdds.scm.container.common.helpers.StorageContainerException: Chunks directory /home/runner/work/ozone/ozone/hadoop-ozone/integration-test/target/test-dir/MiniOzoneClusterImpl-0a3c97a5-d59a-4532-afef-c4940c4c02aa/ozone-meta/datanode-6/data-0/hdds/0a3c97a5-d59a-4532-afef-c4940c4c02aa/current/containerDir0/2/chunks does not exist.
	at java.base/java.util.concurrent.CompletableFuture.encodeThrowable(CompletableFuture.java:332)
	at java.base/java.util.concurrent.CompletableFuture.completeThrowable(CompletableFuture.java:347)
	at java.base/java.util.concurrent.CompletableFuture$BiRelay.tryFire(CompletableFuture.java:1498)
	at java.base/java.util.concurrent.CompletableFuture$CoCompletion.tryFire(CompletableFuture.java:1219)
	at java.base/java.util.concurrent.CompletableFuture.postComplete(CompletableFuture.java:510)
	at java.base/java.util.concurrent.CompletableFuture.completeExceptionally(CompletableFuture.java:2194)
	at org.apache.ratis.server.raftlog.segmented.SegmentedRaftLog$Task.failed(SegmentedRaftLog.java:109)
	at org.apache.ratis.server.raftlog.segmented.SegmentedRaftLogWorker$WriteLog.failed(SegmentedRaftLogWorker.java:530)
	at org.apache.ratis.server.raftlog.segmented.SegmentedRaftLogWorker.run(SegmentedRaftLogWorker.java:326)
	at java.base/java.util.concurrent.Executors$RunnableAdapter.call(Executors.java:572)
	at java.base/java.util.concurrent.FutureTask.run(FutureTask.java:317)
	at java.base/java.util.concurrent.ThreadPoolExecutor.runWorker(ThreadPoolExecutor.java:1144)
	at java.base/java.util.concurrent.ThreadPoolExecutor$Worker.run(ThreadPoolExecutor.java:642)
	at java.base/java.lang.Thread.run(Thread.java:1583)
Caused by: org.apache.hadoop.hdds.scm.container.common.helpers.StorageContainerException: Chunks directory /home/runner/work/ozone/ozone/hadoop-ozone/integration-test/target/test-dir/MiniOzoneClusterImpl-0a3c97a5-d59a-4532-afef-c4940c4c02aa/ozone-meta/datanode-6/data-0/hdds/0a3c97a5-d59a-4532-afef-c4940c4c02aa/current/containerDir0/2/chunks does not exist.
	at org.apache.hadoop.ozone.container.common.transport.server.ratis.ContainerStateMachine.handleCommandResult(ContainerStateMachine.java:661)
	at org.apache.hadoop.ozone.container.common.transport.server.ratis.ContainerStateMachine.lambda$writeStateMachineData$2(ContainerStateMachine.java:623)
	... 4 more
2025-07-05 15:48:32,266 [694b616d-7f52-4b82-b07e-10398eb153c5-server-thread2] WARN  server.GrpcServerProtocolService (LogUtils.java:warn(129)) - 694b616d-7f52-4b82-b07e-10398eb153c5: Failed APPEND_ENTRIES request 2e56514c-0608-4198-9fed-b4eba4d3d686->694b616d-7f52-4b82-b07e-10398eb153c5#14-t1,previous=(t:1, i:5),leaderCommit=4,initializing? false,entries: size=1, first=(t:1, i:6), STATEMACHINELOGENTRY, WRITE: logData.size=217, stateMachineData.size=0, logEntryProtoSerializedSize=0
java.util.concurrent.CompletionException: org.apache.hadoop.hdds.scm.container.common.helpers.StorageContainerException: Chunks directory /home/runner/work/ozone/ozone/hadoop-ozone/integration-test/target/test-dir/MiniOzoneClusterImpl-0a3c97a5-d59a-4532-afef-c4940c4c02aa/ozone-meta/datanode-5/data-0/hdds/0a3c97a5-d59a-4532-afef-c4940c4c02aa/current/containerDir0/2/chunks does not exist.
	at java.base/java.util.concurrent.CompletableFuture.encodeThrowable(CompletableFuture.java:332)
	at java.base/java.util.concurrent.CompletableFuture.completeThrowable(CompletableFuture.java:347)
	at java.base/java.util.concurrent.CompletableFuture$BiRelay.tryFire(CompletableFuture.java:1498)
	at java.base/java.util.concurrent.CompletableFuture$CoCompletion.tryFire(CompletableFuture.java:1219)
	at java.base/java.util.concurrent.CompletableFuture.postComplete(CompletableFuture.java:510)
	at java.base/java.util.concurrent.CompletableFuture.completeExceptionally(CompletableFuture.java:2194)
	at org.apache.ratis.server.raftlog.segmented.SegmentedRaftLog$Task.failed(SegmentedRaftLog.java:109)
	at org.apache.ratis.server.raftlog.segmented.SegmentedRaftLogWorker$WriteLog.failed(SegmentedRaftLogWorker.java:530)
	at org.apache.ratis.server.raftlog.segmented.SegmentedRaftLogWorker.run(SegmentedRaftLogWorker.java:326)
	at java.base/java.util.concurrent.Executors$RunnableAdapter.call(Executors.java:572)
	at java.base/java.util.concurrent.FutureTask.run(FutureTask.java:317)
	at java.base/java.util.concurrent.ThreadPoolExecutor.runWorker(ThreadPoolExecutor.java:1144)
	at java.base/java.util.concurrent.ThreadPoolExecutor$Worker.run(ThreadPoolExecutor.java:642)
	at java.base/java.lang.Thread.run(Thread.java:1583)
Caused by: org.apache.hadoop.hdds.scm.container.common.helpers.StorageContainerException: Chunks directory /home/runner/work/ozone/ozone/hadoop-ozone/integration-test/target/test-dir/MiniOzoneClusterImpl-0a3c97a5-d59a-4532-afef-c4940c4c02aa/ozone-meta/datanode-5/data-0/hdds/0a3c97a5-d59a-4532-afef-c4940c4c02aa/current/containerDir0/2/chunks does not exist.
	at org.apache.hadoop.ozone.container.common.transport.server.ratis.ContainerStateMachine.handleCommandResult(ContainerStateMachine.java:661)
	at org.apache.hadoop.ozone.container.common.transport.server.ratis.ContainerStateMachine.lambda$writeStateMachineData$2(ContainerStateMachine.java:623)
	... 4 more
2025-07-05 15:48:32,268 [d3a92f5c-9e4a-48c5-9a32-2f34a6e85eb8-server-thread2] WARN  server.GrpcServerProtocolService (LogUtils.java:warn(129)) - d3a92f5c-9e4a-48c5-9a32-2f34a6e85eb8: Failed APPEND_ENTRIES request 2e56514c-0608-4198-9fed-b4eba4d3d686->d3a92f5c-9e4a-48c5-9a32-2f34a6e85eb8#13-t1,previous=(t:1, i:5),leaderCommit=4,initializing? false,entries: size=1, first=(t:1, i:6), STATEMACHINELOGENTRY, WRITE: logData.size=217, stateMachineData.size=0, logEntryProtoSerializedSize=0
java.util.concurrent.CompletionException: org.apache.hadoop.hdds.scm.container.common.helpers.StorageContainerException: Chunks directory /home/runner/work/ozone/ozone/hadoop-ozone/integration-test/target/test-dir/MiniOzoneClusterImpl-0a3c97a5-d59a-4532-afef-c4940c4c02aa/ozone-meta/datanode-6/data-0/hdds/0a3c97a5-d59a-4532-afef-c4940c4c02aa/current/containerDir0/2/chunks does not exist.
	at java.base/java.util.concurrent.CompletableFuture.encodeThrowable(CompletableFuture.java:332)
	at java.base/java.util.concurrent.CompletableFuture.completeThrowable(CompletableFuture.java:347)
	at java.base/java.util.concurrent.CompletableFuture$BiRelay.tryFire(CompletableFuture.java:1498)
	at java.base/java.util.concurrent.CompletableFuture$CoCompletion.tryFire(CompletableFuture.java:1219)
	at java.base/java.util.concurrent.CompletableFuture.postComplete(CompletableFuture.java:510)
	at java.base/java.util.concurrent.CompletableFuture.completeExceptionally(CompletableFuture.java:2194)
	at org.apache.ratis.server.raftlog.segmented.SegmentedRaftLog$Task.failed(SegmentedRaftLog.java:109)
	at org.apache.ratis.server.raftlog.segmented.SegmentedRaftLogWorker$WriteLog.failed(SegmentedRaftLogWorker.java:530)
	at org.apache.ratis.server.raftlog.segmented.SegmentedRaftLogWorker.run(SegmentedRaftLogWorker.java:326)
	at java.base/java.util.concurrent.Executors$RunnableAdapter.call(Executors.java:572)
	at java.base/java.util.concurrent.FutureTask.run(FutureTask.java:317)
	at java.base/java.util.concurrent.ThreadPoolExecutor.runWorker(ThreadPoolExecutor.java:1144)
	at java.base/java.util.concurrent.ThreadPoolExecutor$Worker.run(ThreadPoolExecutor.java:642)
	at java.base/java.lang.Thread.run(Thread.java:1583)
Caused by: org.apache.hadoop.hdds.scm.container.common.helpers.StorageContainerException: Chunks directory /home/runner/work/ozone/ozone/hadoop-ozone/integration-test/target/test-dir/MiniOzoneClusterImpl-0a3c97a5-d59a-4532-afef-c4940c4c02aa/ozone-meta/datanode-6/data-0/hdds/0a3c97a5-d59a-4532-afef-c4940c4c02aa/current/containerDir0/2/chunks does not exist.
	at org.apache.hadoop.ozone.container.common.transport.server.ratis.ContainerStateMachine.handleCommandResult(ContainerStateMachine.java:661)
	at org.apache.hadoop.ozone.container.common.transport.server.ratis.ContainerStateMachine.lambda$writeStateMachineData$2(ContainerStateMachine.java:623)
	... 4 more
2025-07-05 15:48:32,268 [EventQueue-PipelineActionsForPipelineActionHandler] INFO  pipeline.PipelineActionHandler (PipelineActionHandler.java:processPipelineAction(89)) - Received pipeline action CLOSE for Pipeline-e3a3bb0d-3136-4b0d-b430-3c69eb928671 from datanode d3a92f5c-9e4a-48c5-9a32-2f34a6e85eb8(localhost/127.0.0.1). Reason : Chunks directory /home/runner/work/ozone/ozone/hadoop-ozone/integration-test/target/test-dir/MiniOzoneClusterImpl-0a3c97a5-d59a-4532-afef-c4940c4c02aa/ozone-meta/datanode-6/data-0/hdds/0a3c97a5-d59a-4532-afef-c4940c4c02aa/current/containerDir0/2/chunks does not exist.
2025-07-05 15:48:32,273 [EventQueue-PipelineActionsForPipelineActionHandler] INFO  pipeline.PipelineManagerImpl (PipelineManagerImpl.java:closePipeline(511)) - Pipeline Pipeline-e3a3bb0d-3136-4b0d-b430-3c69eb928671 moved to CLOSED state
2025-07-05 15:48:32,273 [EventQueue-PipelineActionsForPipelineActionHandler] INFO  pipeline.PipelineActionHandler (PipelineActionHandler.java:processPipelineAction(89)) - Received pipeline action CLOSE for Pipeline-e3a3bb0d-3136-4b0d-b430-3c69eb928671 from datanode 694b616d-7f52-4b82-b07e-10398eb153c5(localhost/127.0.0.1). Reason : Chunks directory /home/runner/work/ozone/ozone/hadoop-ozone/integration-test/target/test-dir/MiniOzoneClusterImpl-0a3c97a5-d59a-4532-afef-c4940c4c02aa/ozone-meta/datanode-5/data-0/hdds/0a3c97a5-d59a-4532-afef-c4940c4c02aa/current/containerDir0/2/chunks does not exist.
2025-07-05 15:48:32,275 [grpc-default-executor-3] WARN  server.GrpcLogAppender (LogUtils.java:warn(129)) - 2e56514c-0608-4198-9fed-b4eba4d3d686@group-3C69EB928671->d3a92f5c-9e4a-48c5-9a32-2f34a6e85eb8-AppendLogResponseHandler: Failed appendEntries
org.apache.hadoop.hdds.scm.container.common.helpers.StorageContainerException: Chunks directory /home/runner/work/ozone/ozone/hadoop-ozone/integration-test/target/test-dir/MiniOzoneClusterImpl-0a3c97a5-d59a-4532-afef-c4940c4c02aa/ozone-meta/datanode-6/data-0/hdds/0a3c97a5-d59a-4532-afef-c4940c4c02aa/current/containerDir0/2/chunks does not exist.
	at org.apache.hadoop.ozone.container.common.transport.server.ratis.ContainerStateMachine.handleCommandResult(ContainerStateMachine.java:661)
	at org.apache.hadoop.ozone.container.common.transport.server.ratis.ContainerStateMachine.lambda$writeStateMachineData$2(ContainerStateMachine.java:623)
	at java.base/java.util.concurrent.FutureTask.run(FutureTask.java:317)
	at java.base/java.util.concurrent.ThreadPoolExecutor.runWorker(ThreadPoolExecutor.java:1144)
	at java.base/java.util.concurrent.ThreadPoolExecutor$Worker.run(ThreadPoolExecutor.java:642)
	at java.base/java.lang.Thread.run(Thread.java:1583)
2025-07-05 15:48:32,277 [grpc-default-executor-1] WARN  server.GrpcLogAppender (LogUtils.java:warn(129)) - 2e56514c-0608-4198-9fed-b4eba4d3d686@group-3C69EB928671->694b616d-7f52-4b82-b07e-10398eb153c5-AppendLogResponseHandler: Failed appendEntries
org.apache.hadoop.hdds.scm.container.common.helpers.StorageContainerException: Chunks directory /home/runner/work/ozone/ozone/hadoop-ozone/integration-test/target/test-dir/MiniOzoneClusterImpl-0a3c97a5-d59a-4532-afef-c4940c4c02aa/ozone-meta/datanode-5/data-0/hdds/0a3c97a5-d59a-4532-afef-c4940c4c02aa/current/containerDir0/2/chunks does not exist.
	at org.apache.hadoop.ozone.container.common.transport.server.ratis.ContainerStateMachine.handleCommandResult(ContainerStateMachine.java:661)
	at org.apache.hadoop.ozone.container.common.transport.server.ratis.ContainerStateMachine.lambda$writeStateMachineData$2(ContainerStateMachine.java:623)
	at java.base/java.util.concurrent.FutureTask.run(FutureTask.java:317)
	at java.base/java.util.concurrent.ThreadPoolExecutor.runWorker(ThreadPoolExecutor.java:1144)
	at java.base/java.util.concurrent.ThreadPoolExecutor$Worker.run(ThreadPoolExecutor.java:642)
	at java.base/java.lang.Thread.run(Thread.java:1583)
2025-07-05 15:48:32,278 [grpc-default-executor-3] INFO  leader.LogAppender (LogAppenderBase.java:lambda$getNextIndexForError$0(215)) - Decrease nextIndex to 5
2025-07-05 15:48:32,279 [grpc-default-executor-3] INFO  leader.LogAppender (LogAppenderBase.java:lambda$getNextIndexForError$0(215)) - Decrease nextIndex to 5
2025-07-05 15:48:32,279 [grpc-default-executor-1] INFO  leader.LogAppender (LogAppenderBase.java:lambda$getNextIndexForError$0(215)) - Decrease nextIndex to 5
2025-07-05 15:48:32,280 [grpc-default-executor-1] INFO  leader.LogAppender (LogAppenderBase.java:lambda$getNextIndexForError$0(215)) - Decrease nextIndex to 5
2025-07-05 15:48:32,280 [grpc-default-executor-1] INFO  leader.FollowerInfo (FollowerInfoImpl.java:info(70)) - 2e56514c-0608-4198-9fed-b4eba4d3d686@group-3C69EB928671->694b616d-7f52-4b82-b07e-10398eb153c5: computeNextIndex nextIndex: updateUnconditionally 7 -> 5
2025-07-05 15:48:32,280 [grpc-default-executor-3] INFO  leader.FollowerInfo (FollowerInfoImpl.java:info(70)) - 2e56514c-0608-4198-9fed-b4eba4d3d686@group-3C69EB928671->d3a92f5c-9e4a-48c5-9a32-2f34a6e85eb8: computeNextIndex nextIndex: updateUnconditionally 7 -> 5
2025-07-05 15:48:32,282 [pool-316-thread-1] WARN  keyvalue.KeyValueHandler (KeyValueHandler.java:updateAndGetContainerChecksum(1451)) - Container data checksum updated from 1bdd5b56 to 0
2025-07-05 15:48:32,282 [pool-316-thread-1] ERROR ozoneimpl.OnDemandContainerDataScanner (ContainerScanHelper.java:handleUnhealthyScanResult(93)) - Corruption detected in container [2]. Marking it UNHEALTHY. Container has 1 error: MISSING_CHUNKS_DIR for file /home/runner/work/ozone/ozone/hadoop-ozone/integration-test/target/test-dir/MiniOzoneClusterImpl-0a3c97a5-d59a-4532-afef-c4940c4c02aa/ozone-meta/datanode-6/data-0/hdds/0a3c97a5-d59a-4532-afef-c4940c4c02aa/current/containerDir0/2/chunks with exception: java.io.FileNotFoundException: Chunks directory /home/runner/work/ozone/ozone/hadoop-ozone/integration-test/target/test-dir/MiniOzoneClusterImpl-0a3c97a5-d59a-4532-afef-c4940c4c02aa/ozone-meta/datanode-6/data-0/hdds/0a3c97a5-d59a-4532-afef-c4940c4c02aa/current/containerDir0/2/chunks not found.
2025-07-05 15:48:32,282 [pool-274-thread-1] WARN  keyvalue.KeyValueHandler (KeyValueHandler.java:updateAndGetContainerChecksum(1451)) - Container data checksum updated from 1bdd5b56 to 0
2025-07-05 15:48:32,282 [pool-274-thread-1] ERROR ozoneimpl.OnDemandContainerDataScanner (ContainerScanHelper.java:handleUnhealthyScanResult(93)) - Corruption detected in container [2]. Marking it UNHEALTHY. Container has 1 error: MISSING_CHUNKS_DIR for file /home/runner/work/ozone/ozone/hadoop-ozone/integration-test/target/test-dir/MiniOzoneClusterImpl-0a3c97a5-d59a-4532-afef-c4940c4c02aa/ozone-meta/datanode-5/data-0/hdds/0a3c97a5-d59a-4532-afef-c4940c4c02aa/current/containerDir0/2/chunks with exception: java.io.FileNotFoundException: Chunks directory /home/runner/work/ozone/ozone/hadoop-ozone/integration-test/target/test-dir/MiniOzoneClusterImpl-0a3c97a5-d59a-4532-afef-c4940c4c02aa/ozone-meta/datanode-5/data-0/hdds/0a3c97a5-d59a-4532-afef-c4940c4c02aa/current/containerDir0/2/chunks not found.
2025-07-05 15:48:32,284 [EventQueue-PipelineActionsForPipelineActionHandler] INFO  pipeline.PipelineActionHandler (PipelineActionHandler.java:processPipelineAction(89)) - Received pipeline action CLOSE for Pipeline-e3a3bb0d-3136-4b0d-b430-3c69eb928671 from datanode 694b616d-7f52-4b82-b07e-10398eb153c5(localhost/127.0.0.1). Reason : Chunks directory /home/runner/work/ozone/ozone/hadoop-ozone/integration-test/target/test-dir/MiniOzoneClusterImpl-0a3c97a5-d59a-4532-afef-c4940c4c02aa/ozone-meta/datanode-5/data-0/hdds/0a3c97a5-d59a-4532-afef-c4940c4c02aa/current/containerDir0/2/chunks does not exist.
2025-07-05 15:48:32,286 [EventQueue-PipelineActionsForPipelineActionHandler] INFO  pipeline.PipelineActionHandler (PipelineActionHandler.java:processPipelineAction(89)) - Received pipeline action CLOSE for Pipeline-e3a3bb0d-3136-4b0d-b430-3c69eb928671 from datanode d3a92f5c-9e4a-48c5-9a32-2f34a6e85eb8(localhost/127.0.0.1). Reason : Chunks directory /home/runner/work/ozone/ozone/hadoop-ozone/integration-test/target/test-dir/MiniOzoneClusterImpl-0a3c97a5-d59a-4532-afef-c4940c4c02aa/ozone-meta/datanode-6/data-0/hdds/0a3c97a5-d59a-4532-afef-c4940c4c02aa/current/containerDir0/2/chunks does not exist.
2025-07-05 15:48:32,482 [EventQueue-PipelineActionsForPipelineActionHandler] INFO  pipeline.PipelineActionHandler (PipelineActionHandler.java:processPipelineAction(89)) - Received pipeline action CLOSE for Pipeline-e3a3bb0d-3136-4b0d-b430-3c69eb928671 from datanode d3a92f5c-9e4a-48c5-9a32-2f34a6e85eb8(localhost/127.0.0.1). Reason : Chunks directory /home/runner/work/ozone/ozone/hadoop-ozone/integration-test/target/test-dir/MiniOzoneClusterImpl-0a3c97a5-d59a-4532-afef-c4940c4c02aa/ozone-meta/datanode-6/data-0/hdds/0a3c97a5-d59a-4532-afef-c4940c4c02aa/current/containerDir0/2/chunks does not exist.
2025-07-05 15:48:32,483 [EventQueue-PipelineActionsForPipelineActionHandler] INFO  pipeline.PipelineActionHandler (PipelineActionHandler.java:processPipelineAction(89)) - Received pipeline action CLOSE for Pipeline-e3a3bb0d-3136-4b0d-b430-3c69eb928671 from datanode 694b616d-7f52-4b82-b07e-10398eb153c5(localhost/127.0.0.1). Reason : Chunks directory /home/runner/work/ozone/ozone/hadoop-ozone/integration-test/target/test-dir/MiniOzoneClusterImpl-0a3c97a5-d59a-4532-afef-c4940c4c02aa/ozone-meta/datanode-5/data-0/hdds/0a3c97a5-d59a-4532-afef-c4940c4c02aa/current/containerDir0/2/chunks does not exist.
2025-07-05 15:48:32,500 [05378834-8d64-4004-85b0-7f2e6f6e22dc@group-BEBFF4DB9F45-StateMachineUpdater] INFO  ratis.ContainerStateMachine (ContainerStateMachine.java:takeSnapshot(427)) - group-BEBFF4DB9F45: Taking a snapshot at:(t:1, i:4) file /home/runner/work/ozone/ozone/hadoop-ozone/integration-test/target/test-dir/MiniOzoneClusterImpl-0a3c97a5-d59a-4532-afef-c4940c4c02aa/ozone-meta/datanode-1/ratis/dfaec798-2b57-45af-90d7-bebff4db9f45/sm/snapshot.1_4
2025-07-05 15:48:32,501 [05378834-8d64-4004-85b0-7f2e6f6e22dc@group-BEBFF4DB9F45-StateMachineUpdater] INFO  ratis.ContainerStateMachine (ContainerStateMachine.java:takeSnapshot(436)) - group-BEBFF4DB9F45: Finished taking a snapshot at:(t:1, i:4) file:/home/runner/work/ozone/ozone/hadoop-ozone/integration-test/target/test-dir/MiniOzoneClusterImpl-0a3c97a5-d59a-4532-afef-c4940c4c02aa/ozone-meta/datanode-1/ratis/dfaec798-2b57-45af-90d7-bebff4db9f45/sm/snapshot.1_4 took: 1 ms
2025-07-05 15:48:32,501 [05378834-8d64-4004-85b0-7f2e6f6e22dc@group-BEBFF4DB9F45-StateMachineUpdater] INFO  impl.StateMachineUpdater (StateMachineUpdater.java:takeSnapshot(307)) - 05378834-8d64-4004-85b0-7f2e6f6e22dc@group-BEBFF4DB9F45-StateMachineUpdater: Took a snapshot at index 4
2025-07-05 15:48:32,501 [b5b4f89f-93bb-4b69-9074-7f3b90eee2a4@group-BEBFF4DB9F45-StateMachineUpdater] INFO  ratis.ContainerStateMachine (ContainerStateMachine.java:takeSnapshot(427)) - group-BEBFF4DB9F45: Taking a snapshot at:(t:1, i:4) file /home/runner/work/ozone/ozone/hadoop-ozone/integration-test/target/test-dir/MiniOzoneClusterImpl-0a3c97a5-d59a-4532-afef-c4940c4c02aa/ozone-meta/datanode-3/ratis/dfaec798-2b57-45af-90d7-bebff4db9f45/sm/snapshot.1_4
2025-07-05 15:48:32,501 [05378834-8d64-4004-85b0-7f2e6f6e22dc@group-BEBFF4DB9F45-StateMachineUpdater] INFO  impl.StateMachineUpdater (StateMachineUpdater.java:lambda$new$0(101)) - 05378834-8d64-4004-85b0-7f2e6f6e22dc@group-BEBFF4DB9F45-StateMachineUpdater: snapshotIndex: updateIncreasingly 2 -> 4
2025-07-05 15:48:32,502 [b5b4f89f-93bb-4b69-9074-7f3b90eee2a4@group-BEBFF4DB9F45-StateMachineUpdater] INFO  ratis.ContainerStateMachine (ContainerStateMachine.java:takeSnapshot(436)) - group-BEBFF4DB9F45: Finished taking a snapshot at:(t:1, i:4) file:/home/runner/work/ozone/ozone/hadoop-ozone/integration-test/target/test-dir/MiniOzoneClusterImpl-0a3c97a5-d59a-4532-afef-c4940c4c02aa/ozone-meta/datanode-3/ratis/dfaec798-2b57-45af-90d7-bebff4db9f45/sm/snapshot.1_4 took: 1 ms
2025-07-05 15:48:32,502 [b5b4f89f-93bb-4b69-9074-7f3b90eee2a4@group-BEBFF4DB9F45-StateMachineUpdater] INFO  impl.StateMachineUpdater (StateMachineUpdater.java:takeSnapshot(307)) - b5b4f89f-93bb-4b69-9074-7f3b90eee2a4@group-BEBFF4DB9F45-StateMachineUpdater: Took a snapshot at index 4
2025-07-05 15:48:32,502 [b5b4f89f-93bb-4b69-9074-7f3b90eee2a4@group-BEBFF4DB9F45-StateMachineUpdater] INFO  impl.StateMachineUpdater (StateMachineUpdater.java:lambda$new$0(101)) - b5b4f89f-93bb-4b69-9074-7f3b90eee2a4@group-BEBFF4DB9F45-StateMachineUpdater: snapshotIndex: updateIncreasingly 1 -> 4
2025-07-05 15:48:32,683 [EventQueue-PipelineActionsForPipelineActionHandler] INFO  pipeline.PipelineActionHandler (PipelineActionHandler.java:processPipelineAction(89)) - Received pipeline action CLOSE for Pipeline-e3a3bb0d-3136-4b0d-b430-3c69eb928671 from datanode d3a92f5c-9e4a-48c5-9a32-2f34a6e85eb8(localhost/127.0.0.1). Reason : Chunks directory /home/runner/work/ozone/ozone/hadoop-ozone/integration-test/target/test-dir/MiniOzoneClusterImpl-0a3c97a5-d59a-4532-afef-c4940c4c02aa/ozone-meta/datanode-6/data-0/hdds/0a3c97a5-d59a-4532-afef-c4940c4c02aa/current/containerDir0/2/chunks does not exist.
2025-07-05 15:48:32,683 [EventQueue-PipelineActionsForPipelineActionHandler] INFO  pipeline.PipelineActionHandler (PipelineActionHandler.java:processPipelineAction(89)) - Received pipeline action CLOSE for Pipeline-e3a3bb0d-3136-4b0d-b430-3c69eb928671 from datanode 694b616d-7f52-4b82-b07e-10398eb153c5(localhost/127.0.0.1). Reason : Chunks directory /home/runner/work/ozone/ozone/hadoop-ozone/integration-test/target/test-dir/MiniOzoneClusterImpl-0a3c97a5-d59a-4532-afef-c4940c4c02aa/ozone-meta/datanode-5/data-0/hdds/0a3c97a5-d59a-4532-afef-c4940c4c02aa/current/containerDir0/2/chunks does not exist.
2025-07-05 15:48:32,789 [092257cb-ba5a-4f8a-9b9c-d44861eaa450@group-DDDF55466C04-StateMachineUpdater] INFO  ratis.ContainerStateMachine (ContainerStateMachine.java:takeSnapshot(427)) - group-DDDF55466C04: Taking a snapshot at:(t:1, i:0) file /home/runner/work/ozone/ozone/hadoop-ozone/integration-test/target/test-dir/MiniOzoneClusterImpl-0a3c97a5-d59a-4532-afef-c4940c4c02aa/ozone-meta/datanode-7/ratis/42e6736a-9a9f-49f5-be26-dddf55466c04/sm/snapshot.1_0
2025-07-05 15:48:32,791 [d8f38f7e-70e8-450f-85ae-2cee56d3f445@group-DDDF55466C04-StateMachineUpdater] INFO  ratis.ContainerStateMachine (ContainerStateMachine.java:takeSnapshot(427)) - group-DDDF55466C04: Taking a snapshot at:(t:1, i:0) file /home/runner/work/ozone/ozone/hadoop-ozone/integration-test/target/test-dir/MiniOzoneClusterImpl-0a3c97a5-d59a-4532-afef-c4940c4c02aa/ozone-meta/datanode-9/ratis/42e6736a-9a9f-49f5-be26-dddf55466c04/sm/snapshot.1_0
2025-07-05 15:48:32,791 [092257cb-ba5a-4f8a-9b9c-d44861eaa450@group-DDDF55466C04-StateMachineUpdater] INFO  ratis.ContainerStateMachine (ContainerStateMachine.java:takeSnapshot(436)) - group-DDDF55466C04: Finished taking a snapshot at:(t:1, i:0) file:/home/runner/work/ozone/ozone/hadoop-ozone/integration-test/target/test-dir/MiniOzoneClusterImpl-0a3c97a5-d59a-4532-afef-c4940c4c02aa/ozone-meta/datanode-7/ratis/42e6736a-9a9f-49f5-be26-dddf55466c04/sm/snapshot.1_0 took: 3 ms
2025-07-05 15:48:32,792 [092257cb-ba5a-4f8a-9b9c-d44861eaa450@group-DDDF55466C04-StateMachineUpdater] INFO  impl.StateMachineUpdater (StateMachineUpdater.java:takeSnapshot(307)) - 092257cb-ba5a-4f8a-9b9c-d44861eaa450@group-DDDF55466C04-StateMachineUpdater: Took a snapshot at index 0
2025-07-05 15:48:32,792 [092257cb-ba5a-4f8a-9b9c-d44861eaa450@group-DDDF55466C04-StateMachineUpdater] INFO  impl.StateMachineUpdater (StateMachineUpdater.java:lambda$new$0(101)) - 092257cb-ba5a-4f8a-9b9c-d44861eaa450@group-DDDF55466C04-StateMachineUpdater: snapshotIndex: updateIncreasingly -1 -> 0
2025-07-05 15:48:32,792 [d8f38f7e-70e8-450f-85ae-2cee56d3f445@group-DDDF55466C04-StateMachineUpdater] INFO  ratis.ContainerStateMachine (ContainerStateMachine.java:takeSnapshot(436)) - group-DDDF55466C04: Finished taking a snapshot at:(t:1, i:0) file:/home/runner/work/ozone/ozone/hadoop-ozone/integration-test/target/test-dir/MiniOzoneClusterImpl-0a3c97a5-d59a-4532-afef-c4940c4c02aa/ozone-meta/datanode-9/ratis/42e6736a-9a9f-49f5-be26-dddf55466c04/sm/snapshot.1_0 took: 2 ms
2025-07-05 15:48:32,793 [d8f38f7e-70e8-450f-85ae-2cee56d3f445@group-DDDF55466C04-StateMachineUpdater] INFO  impl.StateMachineUpdater (StateMachineUpdater.java:takeSnapshot(307)) - d8f38f7e-70e8-450f-85ae-2cee56d3f445@group-DDDF55466C04-StateMachineUpdater: Took a snapshot at index 0
2025-07-05 15:48:32,793 [d8f38f7e-70e8-450f-85ae-2cee56d3f445@group-DDDF55466C04-StateMachineUpdater] INFO  impl.StateMachineUpdater (StateMachineUpdater.java:lambda$new$0(101)) - d8f38f7e-70e8-450f-85ae-2cee56d3f445@group-DDDF55466C04-StateMachineUpdater: snapshotIndex: updateIncreasingly -1 -> 0
2025-07-05 15:48:32,884 [EventQueue-PipelineActionsForPipelineActionHandler] INFO  pipeline.PipelineActionHandler (PipelineActionHandler.java:processPipelineAction(89)) - Received pipeline action CLOSE for Pipeline-e3a3bb0d-3136-4b0d-b430-3c69eb928671 from datanode d3a92f5c-9e4a-48c5-9a32-2f34a6e85eb8(localhost/127.0.0.1). Reason : Chunks directory /home/runner/work/ozone/ozone/hadoop-ozone/integration-test/target/test-dir/MiniOzoneClusterImpl-0a3c97a5-d59a-4532-afef-c4940c4c02aa/ozone-meta/datanode-6/data-0/hdds/0a3c97a5-d59a-4532-afef-c4940c4c02aa/current/containerDir0/2/chunks does not exist.
2025-07-05 15:48:32,884 [EventQueue-PipelineActionsForPipelineActionHandler] INFO  pipeline.PipelineActionHandler (PipelineActionHandler.java:processPipelineAction(89)) - Received pipeline action CLOSE for Pipeline-e3a3bb0d-3136-4b0d-b430-3c69eb928671 from datanode 694b616d-7f52-4b82-b07e-10398eb153c5(localhost/127.0.0.1). Reason : Chunks directory /home/runner/work/ozone/ozone/hadoop-ozone/integration-test/target/test-dir/MiniOzoneClusterImpl-0a3c97a5-d59a-4532-afef-c4940c4c02aa/ozone-meta/datanode-5/data-0/hdds/0a3c97a5-d59a-4532-afef-c4940c4c02aa/current/containerDir0/2/chunks does not exist.
2025-07-05 15:48:32,887 [d8f38f7e-70e8-450f-85ae-2cee56d3f445@group-2DA8B140AB24-StateMachineUpdater] INFO  ratis.ContainerStateMachine (ContainerStateMachine.java:takeSnapshot(427)) - group-2DA8B140AB24: Taking a snapshot at:(t:1, i:0) file /home/runner/work/ozone/ozone/hadoop-ozone/integration-test/target/test-dir/MiniOzoneClusterImpl-0a3c97a5-d59a-4532-afef-c4940c4c02aa/ozone-meta/datanode-9/ratis/9e1d7ac4-d74c-4252-8298-2da8b140ab24/sm/snapshot.1_0
2025-07-05 15:48:32,888 [d8f38f7e-70e8-450f-85ae-2cee56d3f445@group-2DA8B140AB24-StateMachineUpdater] INFO  ratis.ContainerStateMachine (ContainerStateMachine.java:takeSnapshot(436)) - group-2DA8B140AB24: Finished taking a snapshot at:(t:1, i:0) file:/home/runner/work/ozone/ozone/hadoop-ozone/integration-test/target/test-dir/MiniOzoneClusterImpl-0a3c97a5-d59a-4532-afef-c4940c4c02aa/ozone-meta/datanode-9/ratis/9e1d7ac4-d74c-4252-8298-2da8b140ab24/sm/snapshot.1_0 took: 1 ms
2025-07-05 15:48:32,888 [d8f38f7e-70e8-450f-85ae-2cee56d3f445@group-2DA8B140AB24-StateMachineUpdater] INFO  impl.StateMachineUpdater (StateMachineUpdater.java:takeSnapshot(307)) - d8f38f7e-70e8-450f-85ae-2cee56d3f445@group-2DA8B140AB24-StateMachineUpdater: Took a snapshot at index 0
2025-07-05 15:48:32,889 [a2863246-e653-4b31-a3d0-09f3a93c429f@group-2DA8B140AB24-StateMachineUpdater] INFO  ratis.ContainerStateMachine (ContainerStateMachine.java:takeSnapshot(427)) - group-2DA8B140AB24: Taking a snapshot at:(t:1, i:0) file /home/runner/work/ozone/ozone/hadoop-ozone/integration-test/target/test-dir/MiniOzoneClusterImpl-0a3c97a5-d59a-4532-afef-c4940c4c02aa/ozone-meta/datanode-8/ratis/9e1d7ac4-d74c-4252-8298-2da8b140ab24/sm/snapshot.1_0
2025-07-05 15:48:32,889 [d8f38f7e-70e8-450f-85ae-2cee56d3f445@group-2DA8B140AB24-StateMachineUpdater] INFO  impl.StateMachineUpdater (StateMachineUpdater.java:lambda$new$0(101)) - d8f38f7e-70e8-450f-85ae-2cee56d3f445@group-2DA8B140AB24-StateMachineUpdater: snapshotIndex: updateIncreasingly -1 -> 0
2025-07-05 15:48:32,889 [a2863246-e653-4b31-a3d0-09f3a93c429f@group-2DA8B140AB24-StateMachineUpdater] INFO  ratis.ContainerStateMachine (ContainerStateMachine.java:takeSnapshot(436)) - group-2DA8B140AB24: Finished taking a snapshot at:(t:1, i:0) file:/home/runner/work/ozone/ozone/hadoop-ozone/integration-test/target/test-dir/MiniOzoneClusterImpl-0a3c97a5-d59a-4532-afef-c4940c4c02aa/ozone-meta/datanode-8/ratis/9e1d7ac4-d74c-4252-8298-2da8b140ab24/sm/snapshot.1_0 took: 0 ms
2025-07-05 15:48:32,889 [a2863246-e653-4b31-a3d0-09f3a93c429f@group-2DA8B140AB24-StateMachineUpdater] INFO  impl.StateMachineUpdater (StateMachineUpdater.java:takeSnapshot(307)) - a2863246-e653-4b31-a3d0-09f3a93c429f@group-2DA8B140AB24-StateMachineUpdater: Took a snapshot at index 0
2025-07-05 15:48:32,889 [a2863246-e653-4b31-a3d0-09f3a93c429f@group-2DA8B140AB24-StateMachineUpdater] INFO  impl.StateMachineUpdater (StateMachineUpdater.java:lambda$new$0(101)) - a2863246-e653-4b31-a3d0-09f3a93c429f@group-2DA8B140AB24-StateMachineUpdater: snapshotIndex: updateIncreasingly -1 -> 0
2025-07-05 15:48:33,083 [EventQueue-PipelineActionsForPipelineActionHandler] INFO  pipeline.PipelineActionHandler (PipelineActionHandler.java:processPipelineAction(89)) - Received pipeline action CLOSE for Pipeline-e3a3bb0d-3136-4b0d-b430-3c69eb928671 from datanode d3a92f5c-9e4a-48c5-9a32-2f34a6e85eb8(localhost/127.0.0.1). Reason : Chunks directory /home/runner/work/ozone/ozone/hadoop-ozone/integration-test/target/test-dir/MiniOzoneClusterImpl-0a3c97a5-d59a-4532-afef-c4940c4c02aa/ozone-meta/datanode-6/data-0/hdds/0a3c97a5-d59a-4532-afef-c4940c4c02aa/current/containerDir0/2/chunks does not exist.
2025-07-05 15:48:33,083 [EventQueue-PipelineActionsForPipelineActionHandler] INFO  pipeline.PipelineActionHandler (PipelineActionHandler.java:processPipelineAction(89)) - Received pipeline action CLOSE for Pipeline-e3a3bb0d-3136-4b0d-b430-3c69eb928671 from datanode 694b616d-7f52-4b82-b07e-10398eb153c5(localhost/127.0.0.1). Reason : Chunks directory /home/runner/work/ozone/ozone/hadoop-ozone/integration-test/target/test-dir/MiniOzoneClusterImpl-0a3c97a5-d59a-4532-afef-c4940c4c02aa/ozone-meta/datanode-5/data-0/hdds/0a3c97a5-d59a-4532-afef-c4940c4c02aa/current/containerDir0/2/chunks does not exist.
2025-07-05 15:48:33,283 [EventQueue-PipelineActionsForPipelineActionHandler] INFO  pipeline.PipelineActionHandler (PipelineActionHandler.java:processPipelineAction(89)) - Received pipeline action CLOSE for Pipeline-e3a3bb0d-3136-4b0d-b430-3c69eb928671 from datanode d3a92f5c-9e4a-48c5-9a32-2f34a6e85eb8(localhost/127.0.0.1). Reason : Chunks directory /home/runner/work/ozone/ozone/hadoop-ozone/integration-test/target/test-dir/MiniOzoneClusterImpl-0a3c97a5-d59a-4532-afef-c4940c4c02aa/ozone-meta/datanode-6/data-0/hdds/0a3c97a5-d59a-4532-afef-c4940c4c02aa/current/containerDir0/2/chunks does not exist.
2025-07-05 15:48:33,284 [EventQueue-PipelineActionsForPipelineActionHandler] INFO  pipeline.PipelineActionHandler (PipelineActionHandler.java:processPipelineAction(89)) - Received pipeline action CLOSE for Pipeline-e3a3bb0d-3136-4b0d-b430-3c69eb928671 from datanode 694b616d-7f52-4b82-b07e-10398eb153c5(localhost/127.0.0.1). Reason : Chunks directory /home/runner/work/ozone/ozone/hadoop-ozone/integration-test/target/test-dir/MiniOzoneClusterImpl-0a3c97a5-d59a-4532-afef-c4940c4c02aa/ozone-meta/datanode-5/data-0/hdds/0a3c97a5-d59a-4532-afef-c4940c4c02aa/current/containerDir0/2/chunks does not exist.
2025-07-05 15:48:33,483 [EventQueue-PipelineActionsForPipelineActionHandler] INFO  pipeline.PipelineActionHandler (PipelineActionHandler.java:processPipelineAction(89)) - Received pipeline action CLOSE for Pipeline-e3a3bb0d-3136-4b0d-b430-3c69eb928671 from datanode d3a92f5c-9e4a-48c5-9a32-2f34a6e85eb8(localhost/127.0.0.1). Reason : Chunks directory /home/runner/work/ozone/ozone/hadoop-ozone/integration-test/target/test-dir/MiniOzoneClusterImpl-0a3c97a5-d59a-4532-afef-c4940c4c02aa/ozone-meta/datanode-6/data-0/hdds/0a3c97a5-d59a-4532-afef-c4940c4c02aa/current/containerDir0/2/chunks does not exist.
2025-07-05 15:48:33,484 [EventQueue-PipelineActionsForPipelineActionHandler] INFO  pipeline.PipelineActionHandler (PipelineActionHandler.java:processPipelineAction(89)) - Received pipeline action CLOSE for Pipeline-e3a3bb0d-3136-4b0d-b430-3c69eb928671 from datanode 694b616d-7f52-4b82-b07e-10398eb153c5(localhost/127.0.0.1). Reason : Chunks directory /home/runner/work/ozone/ozone/hadoop-ozone/integration-test/target/test-dir/MiniOzoneClusterImpl-0a3c97a5-d59a-4532-afef-c4940c4c02aa/ozone-meta/datanode-5/data-0/hdds/0a3c97a5-d59a-4532-afef-c4940c4c02aa/current/containerDir0/2/chunks does not exist.
2025-07-05 15:48:33,683 [EventQueue-PipelineActionsForPipelineActionHandler] INFO  pipeline.PipelineActionHandler (PipelineActionHandler.java:processPipelineAction(89)) - Received pipeline action CLOSE for Pipeline-e3a3bb0d-3136-4b0d-b430-3c69eb928671 from datanode d3a92f5c-9e4a-48c5-9a32-2f34a6e85eb8(localhost/127.0.0.1). Reason : Chunks directory /home/runner/work/ozone/ozone/hadoop-ozone/integration-test/target/test-dir/MiniOzoneClusterImpl-0a3c97a5-d59a-4532-afef-c4940c4c02aa/ozone-meta/datanode-6/data-0/hdds/0a3c97a5-d59a-4532-afef-c4940c4c02aa/current/containerDir0/2/chunks does not exist.
2025-07-05 15:48:33,684 [EventQueue-PipelineActionsForPipelineActionHandler] INFO  pipeline.PipelineActionHandler (PipelineActionHandler.java:processPipelineAction(89)) - Received pipeline action CLOSE for Pipeline-e3a3bb0d-3136-4b0d-b430-3c69eb928671 from datanode 694b616d-7f52-4b82-b07e-10398eb153c5(localhost/127.0.0.1). Reason : Chunks directory /home/runner/work/ozone/ozone/hadoop-ozone/integration-test/target/test-dir/MiniOzoneClusterImpl-0a3c97a5-d59a-4532-afef-c4940c4c02aa/ozone-meta/datanode-5/data-0/hdds/0a3c97a5-d59a-4532-afef-c4940c4c02aa/current/containerDir0/2/chunks does not exist.
2025-07-05 15:48:33,884 [EventQueue-PipelineActionsForPipelineActionHandler] INFO  pipeline.PipelineActionHandler (PipelineActionHandler.java:processPipelineAction(89)) - Received pipeline action CLOSE for Pipeline-e3a3bb0d-3136-4b0d-b430-3c69eb928671 from datanode d3a92f5c-9e4a-48c5-9a32-2f34a6e85eb8(localhost/127.0.0.1). Reason : Chunks directory /home/runner/work/ozone/ozone/hadoop-ozone/integration-test/target/test-dir/MiniOzoneClusterImpl-0a3c97a5-d59a-4532-afef-c4940c4c02aa/ozone-meta/datanode-6/data-0/hdds/0a3c97a5-d59a-4532-afef-c4940c4c02aa/current/containerDir0/2/chunks does not exist.
2025-07-05 15:48:33,885 [EventQueue-PipelineActionsForPipelineActionHandler] INFO  pipeline.PipelineActionHandler (PipelineActionHandler.java:processPipelineAction(89)) - Received pipeline action CLOSE for Pipeline-e3a3bb0d-3136-4b0d-b430-3c69eb928671 from datanode 694b616d-7f52-4b82-b07e-10398eb153c5(localhost/127.0.0.1). Reason : Chunks directory /home/runner/work/ozone/ozone/hadoop-ozone/integration-test/target/test-dir/MiniOzoneClusterImpl-0a3c97a5-d59a-4532-afef-c4940c4c02aa/ozone-meta/datanode-5/data-0/hdds/0a3c97a5-d59a-4532-afef-c4940c4c02aa/current/containerDir0/2/chunks does not exist.
2025-07-05 15:48:34,084 [EventQueue-PipelineActionsForPipelineActionHandler] INFO  pipeline.PipelineActionHandler (PipelineActionHandler.java:processPipelineAction(89)) - Received pipeline action CLOSE for Pipeline-e3a3bb0d-3136-4b0d-b430-3c69eb928671 from datanode d3a92f5c-9e4a-48c5-9a32-2f34a6e85eb8(localhost/127.0.0.1). Reason : Chunks directory /home/runner/work/ozone/ozone/hadoop-ozone/integration-test/target/test-dir/MiniOzoneClusterImpl-0a3c97a5-d59a-4532-afef-c4940c4c02aa/ozone-meta/datanode-6/data-0/hdds/0a3c97a5-d59a-4532-afef-c4940c4c02aa/current/containerDir0/2/chunks does not exist.
2025-07-05 15:48:34,085 [EventQueue-PipelineActionsForPipelineActionHandler] INFO  pipeline.PipelineActionHandler (PipelineActionHandler.java:processPipelineAction(89)) - Received pipeline action CLOSE for Pipeline-e3a3bb0d-3136-4b0d-b430-3c69eb928671 from datanode 694b616d-7f52-4b82-b07e-10398eb153c5(localhost/127.0.0.1). Reason : Chunks directory /home/runner/work/ozone/ozone/hadoop-ozone/integration-test/target/test-dir/MiniOzoneClusterImpl-0a3c97a5-d59a-4532-afef-c4940c4c02aa/ozone-meta/datanode-5/data-0/hdds/0a3c97a5-d59a-4532-afef-c4940c4c02aa/current/containerDir0/2/chunks does not exist.
2025-07-05 15:48:34,284 [EventQueue-PipelineActionsForPipelineActionHandler] INFO  pipeline.PipelineActionHandler (PipelineActionHandler.java:processPipelineAction(89)) - Received pipeline action CLOSE for Pipeline-e3a3bb0d-3136-4b0d-b430-3c69eb928671 from datanode d3a92f5c-9e4a-48c5-9a32-2f34a6e85eb8(localhost/127.0.0.1). Reason : Chunks directory /home/runner/work/ozone/ozone/hadoop-ozone/integration-test/target/test-dir/MiniOzoneClusterImpl-0a3c97a5-d59a-4532-afef-c4940c4c02aa/ozone-meta/datanode-6/data-0/hdds/0a3c97a5-d59a-4532-afef-c4940c4c02aa/current/containerDir0/2/chunks does not exist.
2025-07-05 15:48:34,285 [EventQueue-PipelineActionsForPipelineActionHandler] INFO  pipeline.PipelineActionHandler (PipelineActionHandler.java:processPipelineAction(89)) - Received pipeline action CLOSE for Pipeline-e3a3bb0d-3136-4b0d-b430-3c69eb928671 from datanode 694b616d-7f52-4b82-b07e-10398eb153c5(localhost/127.0.0.1). Reason : Chunks directory /home/runner/work/ozone/ozone/hadoop-ozone/integration-test/target/test-dir/MiniOzoneClusterImpl-0a3c97a5-d59a-4532-afef-c4940c4c02aa/ozone-meta/datanode-5/data-0/hdds/0a3c97a5-d59a-4532-afef-c4940c4c02aa/current/containerDir0/2/chunks does not exist.
2025-07-05 15:48:34,485 [EventQueue-PipelineActionsForPipelineActionHandler] INFO  pipeline.PipelineActionHandler (PipelineActionHandler.java:processPipelineAction(89)) - Received pipeline action CLOSE for Pipeline-e3a3bb0d-3136-4b0d-b430-3c69eb928671 from datanode d3a92f5c-9e4a-48c5-9a32-2f34a6e85eb8(localhost/127.0.0.1). Reason : Chunks directory /home/runner/work/ozone/ozone/hadoop-ozone/integration-test/target/test-dir/MiniOzoneClusterImpl-0a3c97a5-d59a-4532-afef-c4940c4c02aa/ozone-meta/datanode-6/data-0/hdds/0a3c97a5-d59a-4532-afef-c4940c4c02aa/current/containerDir0/2/chunks does not exist.
2025-07-05 15:48:34,485 [EventQueue-PipelineActionsForPipelineActionHandler] INFO  pipeline.PipelineActionHandler (PipelineActionHandler.java:processPipelineAction(89)) - Received pipeline action CLOSE for Pipeline-e3a3bb0d-3136-4b0d-b430-3c69eb928671 from datanode 694b616d-7f52-4b82-b07e-10398eb153c5(localhost/127.0.0.1). Reason : Chunks directory /home/runner/work/ozone/ozone/hadoop-ozone/integration-test/target/test-dir/MiniOzoneClusterImpl-0a3c97a5-d59a-4532-afef-c4940c4c02aa/ozone-meta/datanode-5/data-0/hdds/0a3c97a5-d59a-4532-afef-c4940c4c02aa/current/containerDir0/2/chunks does not exist.
2025-07-05 15:48:34,671 [d3a92f5c-9e4a-48c5-9a32-2f34a6e85eb8@group-3C69EB928671-StateMachineUpdater] ERROR ratis.ContainerStateMachine (ContainerStateMachine.java:takeSnapshot(421)) - Failed to take snapshot  for group-3C69EB928671 as the stateMachine is unhealthy. The last applied index is at (t:1, i:4)
2025-07-05 15:48:34,671 [d3a92f5c-9e4a-48c5-9a32-2f34a6e85eb8@group-3C69EB928671-StateMachineUpdater] ERROR impl.StateMachineUpdater (StateMachineUpdater.java:takeSnapshot(302)) - d3a92f5c-9e4a-48c5-9a32-2f34a6e85eb8@group-3C69EB928671-StateMachineUpdater: Failed to take snapshot
org.apache.ratis.protocol.exceptions.StateMachineException: Failed to take snapshot  for group-3C69EB928671 as the stateMachine is unhealthy. The last applied index is at (t:1, i:4)
	at org.apache.hadoop.ozone.container.common.transport.server.ratis.ContainerStateMachine.takeSnapshot(ContainerStateMachine.java:420)
	at org.apache.ratis.server.impl.StateMachineUpdater.takeSnapshot(StateMachineUpdater.java:290)
	at org.apache.ratis.server.impl.StateMachineUpdater.checkAndTakeSnapshot(StateMachineUpdater.java:281)
	at org.apache.ratis.server.impl.StateMachineUpdater.run(StateMachineUpdater.java:194)
	at java.base/java.lang.Thread.run(Thread.java:1583)
2025-07-05 15:48:34,673 [d3a92f5c-9e4a-48c5-9a32-2f34a6e85eb8-server-thread1] WARN  server.GrpcServerProtocolService (LogUtils.java:warn(129)) - d3a92f5c-9e4a-48c5-9a32-2f34a6e85eb8: Failed APPEND_ENTRIES request 2e56514c-0608-4198-9fed-b4eba4d3d686->d3a92f5c-9e4a-48c5-9a32-2f34a6e85eb8#15-t1,previous=(t:1, i:4),leaderCommit=4,initializing? false,entries: size=2, first=(t:1, i:5), STATEMACHINELOGENTRY, WRITE: logData.size=154, stateMachineData.size=10, logEntryProtoSerializedSize=0
java.util.concurrent.CompletionException: org.apache.hadoop.hdds.scm.container.common.helpers.StorageContainerException: Chunks directory /home/runner/work/ozone/ozone/hadoop-ozone/integration-test/target/test-dir/MiniOzoneClusterImpl-0a3c97a5-d59a-4532-afef-c4940c4c02aa/ozone-meta/datanode-6/data-0/hdds/0a3c97a5-d59a-4532-afef-c4940c4c02aa/current/containerDir0/2/chunks does not exist.
	at java.base/java.util.concurrent.CompletableFuture.encodeThrowable(CompletableFuture.java:332)
	at java.base/java.util.concurrent.CompletableFuture.completeThrowable(CompletableFuture.java:347)
	at java.base/java.util.concurrent.CompletableFuture$BiRelay.tryFire(CompletableFuture.java:1498)
	at java.base/java.util.concurrent.CompletableFuture$CoCompletion.tryFire(CompletableFuture.java:1219)
	at java.base/java.util.concurrent.CompletableFuture.postComplete(CompletableFuture.java:510)
	at java.base/java.util.concurrent.CompletableFuture.completeExceptionally(CompletableFuture.java:2194)
	at org.apache.ratis.server.raftlog.segmented.SegmentedRaftLog$Task.failed(SegmentedRaftLog.java:109)
	at org.apache.ratis.server.raftlog.segmented.SegmentedRaftLogWorker$WriteLog.failed(SegmentedRaftLogWorker.java:530)
	at org.apache.ratis.server.raftlog.segmented.SegmentedRaftLogWorker.run(SegmentedRaftLogWorker.java:326)
	at java.base/java.util.concurrent.Executors$RunnableAdapter.call(Executors.java:572)
	at java.base/java.util.concurrent.FutureTask.run(FutureTask.java:317)
	at java.base/java.util.concurrent.ThreadPoolExecutor.runWorker(ThreadPoolExecutor.java:1144)
	at java.base/java.util.concurrent.ThreadPoolExecutor$Worker.run(ThreadPoolExecutor.java:642)
	at java.base/java.lang.Thread.run(Thread.java:1583)
Caused by: org.apache.hadoop.hdds.scm.container.common.helpers.StorageContainerException: Chunks directory /home/runner/work/ozone/ozone/hadoop-ozone/integration-test/target/test-dir/MiniOzoneClusterImpl-0a3c97a5-d59a-4532-afef-c4940c4c02aa/ozone-meta/datanode-6/data-0/hdds/0a3c97a5-d59a-4532-afef-c4940c4c02aa/current/containerDir0/2/chunks does not exist.
	at org.apache.hadoop.ozone.container.common.transport.server.ratis.ContainerStateMachine.handleCommandResult(ContainerStateMachine.java:661)
	at org.apache.hadoop.ozone.container.common.transport.server.ratis.ContainerStateMachine.lambda$writeStateMachineData$2(ContainerStateMachine.java:623)
	... 4 more
2025-07-05 15:48:34,675 [grpc-default-executor-1] INFO  leader.LogAppender (LogAppenderBase.java:lambda$getNextIndexForError$0(215)) - Decrease nextIndex to 5
2025-07-05 15:48:34,675 [694b616d-7f52-4b82-b07e-10398eb153c5-server-thread1] WARN  server.GrpcServerProtocolService (LogUtils.java:warn(129)) - 694b616d-7f52-4b82-b07e-10398eb153c5: Failed APPEND_ENTRIES request 2e56514c-0608-4198-9fed-b4eba4d3d686->694b616d-7f52-4b82-b07e-10398eb153c5#15-t1,previous=(t:1, i:4),leaderCommit=4,initializing? false,entries: size=2, first=(t:1, i:5), STATEMACHINELOGENTRY, WRITE: logData.size=154, stateMachineData.size=10, logEntryProtoSerializedSize=0
java.util.concurrent.CompletionException: org.apache.hadoop.hdds.scm.container.common.helpers.StorageContainerException: Chunks directory /home/runner/work/ozone/ozone/hadoop-ozone/integration-test/target/test-dir/MiniOzoneClusterImpl-0a3c97a5-d59a-4532-afef-c4940c4c02aa/ozone-meta/datanode-5/data-0/hdds/0a3c97a5-d59a-4532-afef-c4940c4c02aa/current/containerDir0/2/chunks does not exist.
	at java.base/java.util.concurrent.CompletableFuture.encodeThrowable(CompletableFuture.java:332)
	at java.base/java.util.concurrent.CompletableFuture.completeThrowable(CompletableFuture.java:347)
	at java.base/java.util.concurrent.CompletableFuture$BiRelay.tryFire(CompletableFuture.java:1498)
	at java.base/java.util.concurrent.CompletableFuture$CoCompletion.tryFire(CompletableFuture.java:1219)
	at java.base/java.util.concurrent.CompletableFuture.postComplete(CompletableFuture.java:510)
	at java.base/java.util.concurrent.CompletableFuture.completeExceptionally(CompletableFuture.java:2194)
	at org.apache.ratis.server.raftlog.segmented.SegmentedRaftLog$Task.failed(SegmentedRaftLog.java:109)
	at org.apache.ratis.server.raftlog.segmented.SegmentedRaftLogWorker$WriteLog.failed(SegmentedRaftLogWorker.java:530)
	at org.apache.ratis.server.raftlog.segmented.SegmentedRaftLogWorker.run(SegmentedRaftLogWorker.java:326)
	at java.base/java.util.concurrent.Executors$RunnableAdapter.call(Executors.java:572)
	at java.base/java.util.concurrent.FutureTask.run(FutureTask.java:317)
	at java.base/java.util.concurrent.ThreadPoolExecutor.runWorker(ThreadPoolExecutor.java:1144)
	at java.base/java.util.concurrent.ThreadPoolExecutor$Worker.run(ThreadPoolExecutor.java:642)
	at java.base/java.lang.Thread.run(Thread.java:1583)
Caused by: org.apache.hadoop.hdds.scm.container.common.helpers.StorageContainerException: Chunks directory /home/runner/work/ozone/ozone/hadoop-ozone/integration-test/target/test-dir/MiniOzoneClusterImpl-0a3c97a5-d59a-4532-afef-c4940c4c02aa/ozone-meta/datanode-5/data-0/hdds/0a3c97a5-d59a-4532-afef-c4940c4c02aa/current/containerDir0/2/chunks does not exist.
	at org.apache.hadoop.ozone.container.common.transport.server.ratis.ContainerStateMachine.handleCommandResult(ContainerStateMachine.java:661)
	at org.apache.hadoop.ozone.container.common.transport.server.ratis.ContainerStateMachine.lambda$writeStateMachineData$2(ContainerStateMachine.java:623)
	... 4 more
2025-07-05 15:48:34,676 [grpc-default-executor-1] INFO  leader.LogAppender (LogAppenderBase.java:lambda$getNextIndexForError$0(215)) - Decrease nextIndex to 5
2025-07-05 15:48:34,676 [grpc-default-executor-1] INFO  leader.FollowerInfo (FollowerInfoImpl.java:info(70)) - 2e56514c-0608-4198-9fed-b4eba4d3d686@group-3C69EB928671->d3a92f5c-9e4a-48c5-9a32-2f34a6e85eb8: computeNextIndex nextIndex: updateUnconditionally 7 -> 5
2025-07-05 15:48:34,677 [grpc-default-executor-1] INFO  leader.LogAppender (LogAppenderBase.java:lambda$getNextIndexForError$0(215)) - Decrease nextIndex to 5
2025-07-05 15:48:34,677 [grpc-default-executor-1] INFO  leader.LogAppender (LogAppenderBase.java:lambda$getNextIndexForError$0(215)) - Decrease nextIndex to 5
2025-07-05 15:48:34,677 [grpc-default-executor-1] INFO  leader.FollowerInfo (FollowerInfoImpl.java:info(70)) - 2e56514c-0608-4198-9fed-b4eba4d3d686@group-3C69EB928671->694b616d-7f52-4b82-b07e-10398eb153c5: computeNextIndex nextIndex: updateUnconditionally 7 -> 5
2025-07-05 15:48:34,685 [EventQueue-PipelineActionsForPipelineActionHandler] INFO  pipeline.PipelineActionHandler (PipelineActionHandler.java:processPipelineAction(89)) - Received pipeline action CLOSE for Pipeline-e3a3bb0d-3136-4b0d-b430-3c69eb928671 from datanode d3a92f5c-9e4a-48c5-9a32-2f34a6e85eb8(localhost/127.0.0.1). Reason : Chunks directory /home/runner/work/ozone/ozone/hadoop-ozone/integration-test/target/test-dir/MiniOzoneClusterImpl-0a3c97a5-d59a-4532-afef-c4940c4c02aa/ozone-meta/datanode-6/data-0/hdds/0a3c97a5-d59a-4532-afef-c4940c4c02aa/current/containerDir0/2/chunks does not exist.
2025-07-05 15:48:34,685 [EventQueue-PipelineActionsForPipelineActionHandler] INFO  pipeline.PipelineActionHandler (PipelineActionHandler.java:processPipelineAction(89)) - Received pipeline action CLOSE for Pipeline-e3a3bb0d-3136-4b0d-b430-3c69eb928671 from datanode 694b616d-7f52-4b82-b07e-10398eb153c5(localhost/127.0.0.1). Reason : Chunks directory /home/runner/work/ozone/ozone/hadoop-ozone/integration-test/target/test-dir/MiniOzoneClusterImpl-0a3c97a5-d59a-4532-afef-c4940c4c02aa/ozone-meta/datanode-5/data-0/hdds/0a3c97a5-d59a-4532-afef-c4940c4c02aa/current/containerDir0/2/chunks does not exist.
2025-07-05 15:48:34,689 [694b616d-7f52-4b82-b07e-10398eb153c5@group-3C69EB928671-StateMachineUpdater] ERROR ratis.ContainerStateMachine (ContainerStateMachine.java:takeSnapshot(421)) - Failed to take snapshot  for group-3C69EB928671 as the stateMachine is unhealthy. The last applied index is at (t:1, i:4)
2025-07-05 15:48:34,689 [694b616d-7f52-4b82-b07e-10398eb153c5@group-3C69EB928671-StateMachineUpdater] ERROR impl.StateMachineUpdater (StateMachineUpdater.java:takeSnapshot(302)) - 694b616d-7f52-4b82-b07e-10398eb153c5@group-3C69EB928671-StateMachineUpdater: Failed to take snapshot
org.apache.ratis.protocol.exceptions.StateMachineException: Failed to take snapshot  for group-3C69EB928671 as the stateMachine is unhealthy. The last applied index is at (t:1, i:4)
	at org.apache.hadoop.ozone.container.common.transport.server.ratis.ContainerStateMachine.takeSnapshot(ContainerStateMachine.java:420)
	at org.apache.ratis.server.impl.StateMachineUpdater.takeSnapshot(StateMachineUpdater.java:290)
	at org.apache.ratis.server.impl.StateMachineUpdater.checkAndTakeSnapshot(StateMachineUpdater.java:281)
	at org.apache.ratis.server.impl.StateMachineUpdater.run(StateMachineUpdater.java:194)
	at java.base/java.lang.Thread.run(Thread.java:1583)
2025-07-05 15:48:34,691 [694b616d-7f52-4b82-b07e-10398eb153c5-server-thread1] WARN  server.GrpcServerProtocolService (LogUtils.java:warn(129)) - 694b616d-7f52-4b82-b07e-10398eb153c5: Failed APPEND_ENTRIES request 2e56514c-0608-4198-9fed-b4eba4d3d686->694b616d-7f52-4b82-b07e-10398eb153c5#17-t1,previous=(t:1, i:4),leaderCommit=4,initializing? false,entries: size=2, first=(t:1, i:5), STATEMACHINELOGENTRY, WRITE: logData.size=154, stateMachineData.size=10, logEntryProtoSerializedSize=0
java.util.concurrent.CompletionException: org.apache.hadoop.hdds.scm.container.common.helpers.StorageContainerException: Chunks directory /home/runner/work/ozone/ozone/hadoop-ozone/integration-test/target/test-dir/MiniOzoneClusterImpl-0a3c97a5-d59a-4532-afef-c4940c4c02aa/ozone-meta/datanode-5/data-0/hdds/0a3c97a5-d59a-4532-afef-c4940c4c02aa/current/containerDir0/2/chunks does not exist.
	at java.base/java.util.concurrent.CompletableFuture.encodeThrowable(CompletableFuture.java:332)
	at java.base/java.util.concurrent.CompletableFuture.completeThrowable(CompletableFuture.java:347)
	at java.base/java.util.concurrent.CompletableFuture$BiRelay.tryFire(CompletableFuture.java:1498)
	at java.base/java.util.concurrent.CompletableFuture$CoCompletion.tryFire(CompletableFuture.java:1219)
	at java.base/java.util.concurrent.CompletableFuture.postComplete(CompletableFuture.java:510)
	at java.base/java.util.concurrent.CompletableFuture.completeExceptionally(CompletableFuture.java:2194)
	at org.apache.ratis.server.raftlog.segmented.SegmentedRaftLog$Task.failed(SegmentedRaftLog.java:109)
	at org.apache.ratis.server.raftlog.segmented.SegmentedRaftLogWorker$WriteLog.failed(SegmentedRaftLogWorker.java:530)
	at org.apache.ratis.server.raftlog.segmented.SegmentedRaftLogWorker.run(SegmentedRaftLogWorker.java:326)
	at java.base/java.util.concurrent.Executors$RunnableAdapter.call(Executors.java:572)
	at java.base/java.util.concurrent.FutureTask.run(FutureTask.java:317)
	at java.base/java.util.concurrent.ThreadPoolExecutor.runWorker(ThreadPoolExecutor.java:1144)
	at java.base/java.util.concurrent.ThreadPoolExecutor$Worker.run(ThreadPoolExecutor.java:642)
	at java.base/java.lang.Thread.run(Thread.java:1583)
Caused by: org.apache.hadoop.hdds.scm.container.common.helpers.StorageContainerException: Chunks directory /home/runner/work/ozone/ozone/hadoop-ozone/integration-test/target/test-dir/MiniOzoneClusterImpl-0a3c97a5-d59a-4532-afef-c4940c4c02aa/ozone-meta/datanode-5/data-0/hdds/0a3c97a5-d59a-4532-afef-c4940c4c02aa/current/containerDir0/2/chunks does not exist.
	at org.apache.hadoop.ozone.container.common.transport.server.ratis.ContainerStateMachine.handleCommandResult(ContainerStateMachine.java:661)
	at org.apache.hadoop.ozone.container.common.transport.server.ratis.ContainerStateMachine.lambda$writeStateMachineData$2(ContainerStateMachine.java:623)
	... 4 more
2025-07-05 15:48:34,692 [d3a92f5c-9e4a-48c5-9a32-2f34a6e85eb8-server-thread1] WARN  server.GrpcServerProtocolService (LogUtils.java:warn(129)) - d3a92f5c-9e4a-48c5-9a32-2f34a6e85eb8: Failed APPEND_ENTRIES request 2e56514c-0608-4198-9fed-b4eba4d3d686->d3a92f5c-9e4a-48c5-9a32-2f34a6e85eb8#16-t1,previous=(t:1, i:4),leaderCommit=4,initializing? false,entries: size=2, first=(t:1, i:5), STATEMACHINELOGENTRY, WRITE: logData.size=154, stateMachineData.size=10, logEntryProtoSerializedSize=0
java.util.concurrent.CompletionException: org.apache.hadoop.hdds.scm.container.common.helpers.StorageContainerException: Chunks directory /home/runner/work/ozone/ozone/hadoop-ozone/integration-test/target/test-dir/MiniOzoneClusterImpl-0a3c97a5-d59a-4532-afef-c4940c4c02aa/ozone-meta/datanode-6/data-0/hdds/0a3c97a5-d59a-4532-afef-c4940c4c02aa/current/containerDir0/2/chunks does not exist.
	at java.base/java.util.concurrent.CompletableFuture.encodeThrowable(CompletableFuture.java:332)
	at java.base/java.util.concurrent.CompletableFuture.completeThrowable(CompletableFuture.java:347)
	at java.base/java.util.concurrent.CompletableFuture$BiRelay.tryFire(CompletableFuture.java:1498)
	at java.base/java.util.concurrent.CompletableFuture$CoCompletion.tryFire(CompletableFuture.java:1219)
	at java.base/java.util.concurrent.CompletableFuture.postComplete(CompletableFuture.java:510)
	at java.base/java.util.concurrent.CompletableFuture.completeExceptionally(CompletableFuture.java:2194)
	at org.apache.ratis.server.raftlog.segmented.SegmentedRaftLog$Task.failed(SegmentedRaftLog.java:109)
	at org.apache.ratis.server.raftlog.segmented.SegmentedRaftLogWorker$WriteLog.failed(SegmentedRaftLogWorker.java:530)
	at org.apache.ratis.server.raftlog.segmented.SegmentedRaftLogWorker.run(SegmentedRaftLogWorker.java:326)
	at java.base/java.util.concurrent.Executors$RunnableAdapter.call(Executors.java:572)
	at java.base/java.util.concurrent.FutureTask.run(FutureTask.java:317)
	at java.base/java.util.concurrent.ThreadPoolExecutor.runWorker(ThreadPoolExecutor.java:1144)
	at java.base/java.util.concurrent.ThreadPoolExecutor$Worker.run(ThreadPoolExecutor.java:642)
	at java.base/java.lang.Thread.run(Thread.java:1583)
Caused by: org.apache.hadoop.hdds.scm.container.common.helpers.StorageContainerException: Chunks directory /home/runner/work/ozone/ozone/hadoop-ozone/integration-test/target/test-dir/MiniOzoneClusterImpl-0a3c97a5-d59a-4532-afef-c4940c4c02aa/ozone-meta/datanode-6/data-0/hdds/0a3c97a5-d59a-4532-afef-c4940c4c02aa/current/containerDir0/2/chunks does not exist.
	at org.apache.hadoop.ozone.container.common.transport.server.ratis.ContainerStateMachine.handleCommandResult(ContainerStateMachine.java:661)
	at org.apache.hadoop.ozone.container.common.transport.server.ratis.ContainerStateMachine.lambda$writeStateMachineData$2(ContainerStateMachine.java:623)
	... 4 more
2025-07-05 15:48:34,692 [grpc-default-executor-3] INFO  leader.LogAppender (LogAppenderBase.java:lambda$getNextIndexForError$0(215)) - Decrease nextIndex to 5
2025-07-05 15:48:34,693 [grpc-default-executor-3] INFO  leader.LogAppender (LogAppenderBase.java:lambda$getNextIndexForError$0(215)) - Decrease nextIndex to 5
2025-07-05 15:48:34,693 [grpc-default-executor-3] INFO  leader.FollowerInfo (FollowerInfoImpl.java:info(70)) - 2e56514c-0608-4198-9fed-b4eba4d3d686@group-3C69EB928671->694b616d-7f52-4b82-b07e-10398eb153c5: computeNextIndex nextIndex: updateUnconditionally 7 -> 5
2025-07-05 15:48:34,694 [grpc-default-executor-3] INFO  leader.LogAppender (LogAppenderBase.java:lambda$getNextIndexForError$0(215)) - Decrease nextIndex to 5
2025-07-05 15:48:34,694 [grpc-default-executor-3] INFO  leader.LogAppender (LogAppenderBase.java:lambda$getNextIndexForError$0(215)) - Decrease nextIndex to 5
2025-07-05 15:48:34,694 [grpc-default-executor-3] INFO  leader.FollowerInfo (FollowerInfoImpl.java:info(70)) - 2e56514c-0608-4198-9fed-b4eba4d3d686@group-3C69EB928671->d3a92f5c-9e4a-48c5-9a32-2f34a6e85eb8: computeNextIndex nextIndex: updateUnconditionally 7 -> 5
2025-07-05 15:48:34,885 [EventQueue-PipelineActionsForPipelineActionHandler] INFO  pipeline.PipelineActionHandler (PipelineActionHandler.java:processPipelineAction(89)) - Received pipeline action CLOSE for Pipeline-e3a3bb0d-3136-4b0d-b430-3c69eb928671 from datanode d3a92f5c-9e4a-48c5-9a32-2f34a6e85eb8(localhost/127.0.0.1). Reason : Chunks directory /home/runner/work/ozone/ozone/hadoop-ozone/integration-test/target/test-dir/MiniOzoneClusterImpl-0a3c97a5-d59a-4532-afef-c4940c4c02aa/ozone-meta/datanode-6/data-0/hdds/0a3c97a5-d59a-4532-afef-c4940c4c02aa/current/containerDir0/2/chunks does not exist.
2025-07-05 15:48:34,886 [EventQueue-PipelineActionsForPipelineActionHandler] INFO  pipeline.PipelineActionHandler (PipelineActionHandler.java:processPipelineAction(89)) - Received pipeline action CLOSE for Pipeline-e3a3bb0d-3136-4b0d-b430-3c69eb928671 from datanode 694b616d-7f52-4b82-b07e-10398eb153c5(localhost/127.0.0.1). Reason : Chunks directory /home/runner/work/ozone/ozone/hadoop-ozone/integration-test/target/test-dir/MiniOzoneClusterImpl-0a3c97a5-d59a-4532-afef-c4940c4c02aa/ozone-meta/datanode-5/data-0/hdds/0a3c97a5-d59a-4532-afef-c4940c4c02aa/current/containerDir0/2/chunks does not exist.
2025-07-05 15:48:35,084 [EventQueue-PipelineActionsForPipelineActionHandler] INFO  pipeline.PipelineActionHandler (PipelineActionHandler.java:processPipelineAction(89)) - Received pipeline action CLOSE for Pipeline-e3a3bb0d-3136-4b0d-b430-3c69eb928671 from datanode d3a92f5c-9e4a-48c5-9a32-2f34a6e85eb8(localhost/127.0.0.1). Reason : Chunks directory /home/runner/work/ozone/ozone/hadoop-ozone/integration-test/target/test-dir/MiniOzoneClusterImpl-0a3c97a5-d59a-4532-afef-c4940c4c02aa/ozone-meta/datanode-6/data-0/hdds/0a3c97a5-d59a-4532-afef-c4940c4c02aa/current/containerDir0/2/chunks does not exist.
2025-07-05 15:48:35,086 [EventQueue-PipelineActionsForPipelineActionHandler] INFO  pipeline.PipelineActionHandler (PipelineActionHandler.java:processPipelineAction(89)) - Received pipeline action CLOSE for Pipeline-e3a3bb0d-3136-4b0d-b430-3c69eb928671 from datanode 694b616d-7f52-4b82-b07e-10398eb153c5(localhost/127.0.0.1). Reason : Chunks directory /home/runner/work/ozone/ozone/hadoop-ozone/integration-test/target/test-dir/MiniOzoneClusterImpl-0a3c97a5-d59a-4532-afef-c4940c4c02aa/ozone-meta/datanode-5/data-0/hdds/0a3c97a5-d59a-4532-afef-c4940c4c02aa/current/containerDir0/2/chunks does not exist.
2025-07-05 15:48:35,218 [timer5] ERROR impl.OrderedAsync (OrderedAsync.java:lambda$null$6(215)) -  client-42A910AE14DB: Failed* RaftClientRequest:client-42A910AE14DB->2e56514c-0608-4198-9fed-b4eba4d3d686@group-3C69EB928671, cid=29, seq=4, RW, cmdType: WriteChunk
traceID: ""
containerID: 2
datanodeUuid: "694b616d-7f52-4b82-b07e-10398eb153c5"
writeChunk {
  blockID {
    containerID: 2
    localID: 115816896921600002
    blockCommitSequenceId: 2
    replicaIndex: 0
  }
  chunkData {
    chunkName: "115816896921600002_chunk_2"
    offset: 5
    len: 10
    checksumData {
      type: CRC32
      bytesPerChecksum: 16384
      checksums: "\317\357R*"
    }
  }
}
version: 3
, data.size=10
java.util.concurrent.CompletionException: org.apache.ratis.protocol.exceptions.TimeoutIOException: client-42A910AE14DB->2e56514c-0608-4198-9fed-b4eba4d3d686 request #29 timeout 3000ms
	at java.base/java.util.concurrent.CompletableFuture.encodeThrowable(CompletableFuture.java:332)
	at java.base/java.util.concurrent.CompletableFuture.completeThrowable(CompletableFuture.java:347)
	at java.base/java.util.concurrent.CompletableFuture$UniAccept.tryFire(CompletableFuture.java:708)
	at java.base/java.util.concurrent.CompletableFuture.postComplete(CompletableFuture.java:510)
	at java.base/java.util.concurrent.CompletableFuture.completeExceptionally(CompletableFuture.java:2194)
	at org.apache.ratis.grpc.client.GrpcClientProtocolClient$AsyncStreamObservers.lambda$timeoutCheck$5(GrpcClientProtocolClient.java:376)
	at java.base/java.util.Optional.ifPresent(Optional.java:178)
	at org.apache.ratis.grpc.client.GrpcClientProtocolClient$AsyncStreamObservers.handleReplyFuture(GrpcClientProtocolClient.java:381)
	at org.apache.ratis.grpc.client.GrpcClientProtocolClient$AsyncStreamObservers.timeoutCheck(GrpcClientProtocolClient.java:376)
	at org.apache.ratis.grpc.client.GrpcClientProtocolClient$AsyncStreamObservers.lambda$onNext$3(GrpcClientProtocolClient.java:369)
	at org.apache.ratis.util.TimeoutTimer.lambda$onTimeout$2(TimeoutTimer.java:101)
	at org.apache.ratis.util.LogUtils.runAndLog(LogUtils.java:38)
	at org.apache.ratis.util.LogUtils$1.run(LogUtils.java:78)
	at org.apache.ratis.util.TimeoutTimer$Task.run(TimeoutTimer.java:55)
	at java.base/java.util.TimerThread.mainLoop(Timer.java:566)
	at java.base/java.util.TimerThread.run(Timer.java:516)
Caused by: org.apache.ratis.protocol.exceptions.TimeoutIOException: client-42A910AE14DB->2e56514c-0608-4198-9fed-b4eba4d3d686 request #29 timeout 3000ms
	at org.apache.ratis.grpc.client.GrpcClientProtocolClient$AsyncStreamObservers.lambda$timeoutCheck$5(GrpcClientProtocolClient.java:377)
	... 10 more
2025-07-05 15:48:35,219 [timer6] ERROR impl.OrderedAsync (OrderedAsync.java:lambda$null$6(215)) -  client-42A910AE14DB: Failed* RaftClientRequest:client-42A910AE14DB->2e56514c-0608-4198-9fed-b4eba4d3d686@group-3C69EB928671, cid=30, seq=5, RW, cmdType: PutBlock
traceID: ""
containerID: 2
datanodeUuid: "694b616d-7f52-4b82-b07e-10398eb153c5"
putBlock {
  blockData {
    blockID {
      containerID: 2
      localID: 115816896921600002
      blockCommitSequenceId: 0
    }
    metadata {
      key: "TYPE"
      value: "KEY"
    }
    chunks {
      chunkName: "115816896921600002_chunk_1"
      offset: 0
      len: 5
      checksumData {
        type: CRC32
        bytesPerChecksum: 16384
        checksums: "\350a\3440"
      }
    }
    chunks {
      chunkName: "115816896921600002_chunk_2"
      offset: 5
      len: 10
      checksumData {
        type: CRC32
        bytesPerChecksum: 16384
        checksums: "\317\357R*"
      }
    }
  }
  eof: false
}
version: 3
, data.size=0
java.util.concurrent.CompletionException: org.apache.ratis.protocol.exceptions.TimeoutIOException: client-42A910AE14DB->2e56514c-0608-4198-9fed-b4eba4d3d686 request #30 timeout 3000ms
	at java.base/java.util.concurrent.CompletableFuture.encodeThrowable(CompletableFuture.java:332)
	at java.base/java.util.concurrent.CompletableFuture.completeThrowable(CompletableFuture.java:347)
	at java.base/java.util.concurrent.CompletableFuture$UniAccept.tryFire(CompletableFuture.java:708)
	at java.base/java.util.concurrent.CompletableFuture.postComplete(CompletableFuture.java:510)
	at java.base/java.util.concurrent.CompletableFuture.completeExceptionally(CompletableFuture.java:2194)
	at org.apache.ratis.grpc.client.GrpcClientProtocolClient$AsyncStreamObservers.lambda$timeoutCheck$5(GrpcClientProtocolClient.java:376)
	at java.base/java.util.Optional.ifPresent(Optional.java:178)
	at org.apache.ratis.grpc.client.GrpcClientProtocolClient$AsyncStreamObservers.handleReplyFuture(GrpcClientProtocolClient.java:381)
	at org.apache.ratis.grpc.client.GrpcClientProtocolClient$AsyncStreamObservers.timeoutCheck(GrpcClientProtocolClient.java:376)
	at org.apache.ratis.grpc.client.GrpcClientProtocolClient$AsyncStreamObservers.lambda$onNext$3(GrpcClientProtocolClient.java:369)
	at org.apache.ratis.util.TimeoutTimer.lambda$onTimeout$2(TimeoutTimer.java:101)
	at org.apache.ratis.util.LogUtils.runAndLog(LogUtils.java:38)
	at org.apache.ratis.util.LogUtils$1.run(LogUtils.java:78)
	at org.apache.ratis.util.TimeoutTimer$Task.run(TimeoutTimer.java:55)
	at java.base/java.util.TimerThread.mainLoop(Timer.java:566)
	at java.base/java.util.TimerThread.run(Timer.java:516)
Caused by: org.apache.ratis.protocol.exceptions.TimeoutIOException: client-42A910AE14DB->2e56514c-0608-4198-9fed-b4eba4d3d686 request #30 timeout 3000ms
	at org.apache.ratis.grpc.client.GrpcClientProtocolClient$AsyncStreamObservers.lambda$timeoutCheck$5(GrpcClientProtocolClient.java:377)
	... 10 more
2025-07-05 15:48:35,285 [EventQueue-PipelineActionsForPipelineActionHandler] INFO  pipeline.PipelineActionHandler (PipelineActionHandler.java:processPipelineAction(89)) - Received pipeline action CLOSE for Pipeline-e3a3bb0d-3136-4b0d-b430-3c69eb928671 from datanode d3a92f5c-9e4a-48c5-9a32-2f34a6e85eb8(localhost/127.0.0.1). Reason : Chunks directory /home/runner/work/ozone/ozone/hadoop-ozone/integration-test/target/test-dir/MiniOzoneClusterImpl-0a3c97a5-d59a-4532-afef-c4940c4c02aa/ozone-meta/datanode-6/data-0/hdds/0a3c97a5-d59a-4532-afef-c4940c4c02aa/current/containerDir0/2/chunks does not exist.
2025-07-05 15:48:35,286 [EventQueue-PipelineActionsForPipelineActionHandler] INFO  pipeline.PipelineActionHandler (PipelineActionHandler.java:processPipelineAction(89)) - Received pipeline action CLOSE for Pipeline-e3a3bb0d-3136-4b0d-b430-3c69eb928671 from datanode 694b616d-7f52-4b82-b07e-10398eb153c5(localhost/127.0.0.1). Reason : Chunks directory /home/runner/work/ozone/ozone/hadoop-ozone/integration-test/target/test-dir/MiniOzoneClusterImpl-0a3c97a5-d59a-4532-afef-c4940c4c02aa/ozone-meta/datanode-5/data-0/hdds/0a3c97a5-d59a-4532-afef-c4940c4c02aa/current/containerDir0/2/chunks does not exist.
2025-07-05 15:48:35,362 [2e56514c-0608-4198-9fed-b4eba4d3d686-CloseContainerThread-0] WARN  keyvalue.KeyValueHandler (KeyValueHandler.java:updateAndGetContainerChecksum(1451)) - Container data checksum updated from 0 to 1bdd5b56
2025-07-05 15:48:35,367 [694b616d-7f52-4b82-b07e-10398eb153c5-server-thread1] WARN  server.GrpcServerProtocolService (LogUtils.java:warn(129)) - 694b616d-7f52-4b82-b07e-10398eb153c5: Failed APPEND_ENTRIES request 2e56514c-0608-4198-9fed-b4eba4d3d686->694b616d-7f52-4b82-b07e-10398eb153c5#18-t1,previous=(t:1, i:4),leaderCommit=4,initializing? false,entries: size=3, first=(t:1, i:5), STATEMACHINELOGENTRY, WRITE: logData.size=154, stateMachineData.size=10, logEntryProtoSerializedSize=0
java.util.concurrent.CompletionException: org.apache.hadoop.hdds.scm.container.common.helpers.StorageContainerException: Chunks directory /home/runner/work/ozone/ozone/hadoop-ozone/integration-test/target/test-dir/MiniOzoneClusterImpl-0a3c97a5-d59a-4532-afef-c4940c4c02aa/ozone-meta/datanode-5/data-0/hdds/0a3c97a5-d59a-4532-afef-c4940c4c02aa/current/containerDir0/2/chunks does not exist.
	at java.base/java.util.concurrent.CompletableFuture.encodeThrowable(CompletableFuture.java:332)
	at java.base/java.util.concurrent.CompletableFuture.completeThrowable(CompletableFuture.java:347)
	at java.base/java.util.concurrent.CompletableFuture$BiRelay.tryFire(CompletableFuture.java:1498)
	at java.base/java.util.concurrent.CompletableFuture$CoCompletion.tryFire(CompletableFuture.java:1219)
	at java.base/java.util.concurrent.CompletableFuture.postComplete(CompletableFuture.java:510)
	at java.base/java.util.concurrent.CompletableFuture.completeExceptionally(CompletableFuture.java:2194)
	at org.apache.ratis.server.raftlog.segmented.SegmentedRaftLog$Task.failed(SegmentedRaftLog.java:109)
	at org.apache.ratis.server.raftlog.segmented.SegmentedRaftLogWorker$WriteLog.failed(SegmentedRaftLogWorker.java:530)
	at org.apache.ratis.server.raftlog.segmented.SegmentedRaftLogWorker.run(SegmentedRaftLogWorker.java:326)
	at java.base/java.util.concurrent.Executors$RunnableAdapter.call(Executors.java:572)
	at java.base/java.util.concurrent.FutureTask.run(FutureTask.java:317)
	at java.base/java.util.concurrent.ThreadPoolExecutor.runWorker(ThreadPoolExecutor.java:1144)
	at java.base/java.util.concurrent.ThreadPoolExecutor$Worker.run(ThreadPoolExecutor.java:642)
	at java.base/java.lang.Thread.run(Thread.java:1583)
Caused by: org.apache.hadoop.hdds.scm.container.common.helpers.StorageContainerException: Chunks directory /home/runner/work/ozone/ozone/hadoop-ozone/integration-test/target/test-dir/MiniOzoneClusterImpl-0a3c97a5-d59a-4532-afef-c4940c4c02aa/ozone-meta/datanode-5/data-0/hdds/0a3c97a5-d59a-4532-afef-c4940c4c02aa/current/containerDir0/2/chunks does not exist.
	at org.apache.hadoop.ozone.container.common.transport.server.ratis.ContainerStateMachine.handleCommandResult(ContainerStateMachine.java:661)
	at org.apache.hadoop.ozone.container.common.transport.server.ratis.ContainerStateMachine.lambda$writeStateMachineData$2(ContainerStateMachine.java:623)
	... 4 more
2025-07-05 15:48:35,367 [d3a92f5c-9e4a-48c5-9a32-2f34a6e85eb8-server-thread1] WARN  server.GrpcServerProtocolService (LogUtils.java:warn(129)) - d3a92f5c-9e4a-48c5-9a32-2f34a6e85eb8: Failed APPEND_ENTRIES request 2e56514c-0608-4198-9fed-b4eba4d3d686->d3a92f5c-9e4a-48c5-9a32-2f34a6e85eb8#17-t1,previous=(t:1, i:4),leaderCommit=4,initializing? false,entries: size=3, first=(t:1, i:5), STATEMACHINELOGENTRY, WRITE: logData.size=154, stateMachineData.size=10, logEntryProtoSerializedSize=0
java.util.concurrent.CompletionException: org.apache.hadoop.hdds.scm.container.common.helpers.StorageContainerException: Chunks directory /home/runner/work/ozone/ozone/hadoop-ozone/integration-test/target/test-dir/MiniOzoneClusterImpl-0a3c97a5-d59a-4532-afef-c4940c4c02aa/ozone-meta/datanode-6/data-0/hdds/0a3c97a5-d59a-4532-afef-c4940c4c02aa/current/containerDir0/2/chunks does not exist.
	at java.base/java.util.concurrent.CompletableFuture.encodeThrowable(CompletableFuture.java:332)
	at java.base/java.util.concurrent.CompletableFuture.completeThrowable(CompletableFuture.java:347)
	at java.base/java.util.concurrent.CompletableFuture$BiRelay.tryFire(CompletableFuture.java:1498)
	at java.base/java.util.concurrent.CompletableFuture$CoCompletion.tryFire(CompletableFuture.java:1219)
	at java.base/java.util.concurrent.CompletableFuture.postComplete(CompletableFuture.java:510)
	at java.base/java.util.concurrent.CompletableFuture.completeExceptionally(CompletableFuture.java:2194)
	at org.apache.ratis.server.raftlog.segmented.SegmentedRaftLog$Task.failed(SegmentedRaftLog.java:109)
	at org.apache.ratis.server.raftlog.segmented.SegmentedRaftLogWorker$WriteLog.failed(SegmentedRaftLogWorker.java:530)
	at org.apache.ratis.server.raftlog.segmented.SegmentedRaftLogWorker.run(SegmentedRaftLogWorker.java:326)
	at java.base/java.util.concurrent.Executors$RunnableAdapter.call(Executors.java:572)
	at java.base/java.util.concurrent.FutureTask.run(FutureTask.java:317)
	at java.base/java.util.concurrent.ThreadPoolExecutor.runWorker(ThreadPoolExecutor.java:1144)
	at java.base/java.util.concurrent.ThreadPoolExecutor$Worker.run(ThreadPoolExecutor.java:642)
	at java.base/java.lang.Thread.run(Thread.java:1583)
Caused by: org.apache.hadoop.hdds.scm.container.common.helpers.StorageContainerException: Chunks directory /home/runner/work/ozone/ozone/hadoop-ozone/integration-test/target/test-dir/MiniOzoneClusterImpl-0a3c97a5-d59a-4532-afef-c4940c4c02aa/ozone-meta/datanode-6/data-0/hdds/0a3c97a5-d59a-4532-afef-c4940c4c02aa/current/containerDir0/2/chunks does not exist.
	at org.apache.hadoop.ozone.container.common.transport.server.ratis.ContainerStateMachine.handleCommandResult(ContainerStateMachine.java:661)
	at org.apache.hadoop.ozone.container.common.transport.server.ratis.ContainerStateMachine.lambda$writeStateMachineData$2(ContainerStateMachine.java:623)
	... 4 more
2025-07-05 15:48:35,369 [grpc-default-executor-3] INFO  leader.LogAppender (LogAppenderBase.java:lambda$getNextIndexForError$0(215)) - Decrease nextIndex to 5
2025-07-05 15:48:35,369 [grpc-default-executor-3] INFO  leader.LogAppender (LogAppenderBase.java:lambda$getNextIndexForError$0(215)) - Decrease nextIndex to 5
2025-07-05 15:48:35,369 [grpc-default-executor-3] INFO  leader.FollowerInfo (FollowerInfoImpl.java:info(70)) - 2e56514c-0608-4198-9fed-b4eba4d3d686@group-3C69EB928671->d3a92f5c-9e4a-48c5-9a32-2f34a6e85eb8: computeNextIndex nextIndex: updateUnconditionally 8 -> 5
2025-07-05 15:48:35,370 [grpc-default-executor-3] INFO  leader.LogAppender (LogAppenderBase.java:lambda$getNextIndexForError$0(215)) - Decrease nextIndex to 5
2025-07-05 15:48:35,370 [grpc-default-executor-3] INFO  leader.LogAppender (LogAppenderBase.java:lambda$getNextIndexForError$0(215)) - Decrease nextIndex to 5
2025-07-05 15:48:35,370 [grpc-default-executor-3] INFO  leader.FollowerInfo (FollowerInfoImpl.java:info(70)) - 2e56514c-0608-4198-9fed-b4eba4d3d686@group-3C69EB928671->694b616d-7f52-4b82-b07e-10398eb153c5: computeNextIndex nextIndex: updateUnconditionally 8 -> 5
2025-07-05 15:48:35,485 [EventQueue-PipelineActionsForPipelineActionHandler] INFO  pipeline.PipelineActionHandler (PipelineActionHandler.java:processPipelineAction(89)) - Received pipeline action CLOSE for Pipeline-e3a3bb0d-3136-4b0d-b430-3c69eb928671 from datanode d3a92f5c-9e4a-48c5-9a32-2f34a6e85eb8(localhost/127.0.0.1). Reason : Chunks directory /home/runner/work/ozone/ozone/hadoop-ozone/integration-test/target/test-dir/MiniOzoneClusterImpl-0a3c97a5-d59a-4532-afef-c4940c4c02aa/ozone-meta/datanode-6/data-0/hdds/0a3c97a5-d59a-4532-afef-c4940c4c02aa/current/containerDir0/2/chunks does not exist.
2025-07-05 15:48:35,486 [EventQueue-PipelineActionsForPipelineActionHandler] INFO  pipeline.PipelineActionHandler (PipelineActionHandler.java:processPipelineAction(89)) - Received pipeline action CLOSE for Pipeline-e3a3bb0d-3136-4b0d-b430-3c69eb928671 from datanode 694b616d-7f52-4b82-b07e-10398eb153c5(localhost/127.0.0.1). Reason : Chunks directory /home/runner/work/ozone/ozone/hadoop-ozone/integration-test/target/test-dir/MiniOzoneClusterImpl-0a3c97a5-d59a-4532-afef-c4940c4c02aa/ozone-meta/datanode-5/data-0/hdds/0a3c97a5-d59a-4532-afef-c4940c4c02aa/current/containerDir0/2/chunks does not exist.
2025-07-05 15:48:35,684 [EventQueue-PipelineActionsForPipelineActionHandler] INFO  pipeline.PipelineActionHandler (PipelineActionHandler.java:processPipelineAction(89)) - Received pipeline action CLOSE for Pipeline-e3a3bb0d-3136-4b0d-b430-3c69eb928671 from datanode d3a92f5c-9e4a-48c5-9a32-2f34a6e85eb8(localhost/127.0.0.1). Reason : Chunks directory /home/runner/work/ozone/ozone/hadoop-ozone/integration-test/target/test-dir/MiniOzoneClusterImpl-0a3c97a5-d59a-4532-afef-c4940c4c02aa/ozone-meta/datanode-6/data-0/hdds/0a3c97a5-d59a-4532-afef-c4940c4c02aa/current/containerDir0/2/chunks does not exist.
2025-07-05 15:48:35,686 [EventQueue-PipelineActionsForPipelineActionHandler] INFO  pipeline.PipelineActionHandler (PipelineActionHandler.java:processPipelineAction(89)) - Received pipeline action CLOSE for Pipeline-e3a3bb0d-3136-4b0d-b430-3c69eb928671 from datanode 694b616d-7f52-4b82-b07e-10398eb153c5(localhost/127.0.0.1). Reason : Chunks directory /home/runner/work/ozone/ozone/hadoop-ozone/integration-test/target/test-dir/MiniOzoneClusterImpl-0a3c97a5-d59a-4532-afef-c4940c4c02aa/ozone-meta/datanode-5/data-0/hdds/0a3c97a5-d59a-4532-afef-c4940c4c02aa/current/containerDir0/2/chunks does not exist.
2025-07-05 15:48:35,884 [EventQueue-PipelineActionsForPipelineActionHandler] INFO  pipeline.PipelineActionHandler (PipelineActionHandler.java:processPipelineAction(89)) - Received pipeline action CLOSE for Pipeline-e3a3bb0d-3136-4b0d-b430-3c69eb928671 from datanode d3a92f5c-9e4a-48c5-9a32-2f34a6e85eb8(localhost/127.0.0.1). Reason : Chunks directory /home/runner/work/ozone/ozone/hadoop-ozone/integration-test/target/test-dir/MiniOzoneClusterImpl-0a3c97a5-d59a-4532-afef-c4940c4c02aa/ozone-meta/datanode-6/data-0/hdds/0a3c97a5-d59a-4532-afef-c4940c4c02aa/current/containerDir0/2/chunks does not exist.
2025-07-05 15:48:35,886 [EventQueue-PipelineActionsForPipelineActionHandler] INFO  pipeline.PipelineActionHandler (PipelineActionHandler.java:processPipelineAction(89)) - Received pipeline action CLOSE for Pipeline-e3a3bb0d-3136-4b0d-b430-3c69eb928671 from datanode 694b616d-7f52-4b82-b07e-10398eb153c5(localhost/127.0.0.1). Reason : Chunks directory /home/runner/work/ozone/ozone/hadoop-ozone/integration-test/target/test-dir/MiniOzoneClusterImpl-0a3c97a5-d59a-4532-afef-c4940c4c02aa/ozone-meta/datanode-5/data-0/hdds/0a3c97a5-d59a-4532-afef-c4940c4c02aa/current/containerDir0/2/chunks does not exist.
2025-07-05 15:48:36,084 [EventQueue-PipelineActionsForPipelineActionHandler] INFO  pipeline.PipelineActionHandler (PipelineActionHandler.java:processPipelineAction(89)) - Received pipeline action CLOSE for Pipeline-e3a3bb0d-3136-4b0d-b430-3c69eb928671 from datanode d3a92f5c-9e4a-48c5-9a32-2f34a6e85eb8(localhost/127.0.0.1). Reason : Chunks directory /home/runner/work/ozone/ozone/hadoop-ozone/integration-test/target/test-dir/MiniOzoneClusterImpl-0a3c97a5-d59a-4532-afef-c4940c4c02aa/ozone-meta/datanode-6/data-0/hdds/0a3c97a5-d59a-4532-afef-c4940c4c02aa/current/containerDir0/2/chunks does not exist.
2025-07-05 15:48:36,086 [EventQueue-PipelineActionsForPipelineActionHandler] INFO  pipeline.PipelineActionHandler (PipelineActionHandler.java:processPipelineAction(89)) - Received pipeline action CLOSE for Pipeline-e3a3bb0d-3136-4b0d-b430-3c69eb928671 from datanode 694b616d-7f52-4b82-b07e-10398eb153c5(localhost/127.0.0.1). Reason : Chunks directory /home/runner/work/ozone/ozone/hadoop-ozone/integration-test/target/test-dir/MiniOzoneClusterImpl-0a3c97a5-d59a-4532-afef-c4940c4c02aa/ozone-meta/datanode-5/data-0/hdds/0a3c97a5-d59a-4532-afef-c4940c4c02aa/current/containerDir0/2/chunks does not exist.
2025-07-05 15:48:36,284 [EventQueue-PipelineActionsForPipelineActionHandler] INFO  pipeline.PipelineActionHandler (PipelineActionHandler.java:processPipelineAction(89)) - Received pipeline action CLOSE for Pipeline-e3a3bb0d-3136-4b0d-b430-3c69eb928671 from datanode d3a92f5c-9e4a-48c5-9a32-2f34a6e85eb8(localhost/127.0.0.1). Reason : Chunks directory /home/runner/work/ozone/ozone/hadoop-ozone/integration-test/target/test-dir/MiniOzoneClusterImpl-0a3c97a5-d59a-4532-afef-c4940c4c02aa/ozone-meta/datanode-6/data-0/hdds/0a3c97a5-d59a-4532-afef-c4940c4c02aa/current/containerDir0/2/chunks does not exist.
2025-07-05 15:48:36,286 [EventQueue-PipelineActionsForPipelineActionHandler] INFO  pipeline.PipelineActionHandler (PipelineActionHandler.java:processPipelineAction(89)) - Received pipeline action CLOSE for Pipeline-e3a3bb0d-3136-4b0d-b430-3c69eb928671 from datanode 694b616d-7f52-4b82-b07e-10398eb153c5(localhost/127.0.0.1). Reason : Chunks directory /home/runner/work/ozone/ozone/hadoop-ozone/integration-test/target/test-dir/MiniOzoneClusterImpl-0a3c97a5-d59a-4532-afef-c4940c4c02aa/ozone-meta/datanode-5/data-0/hdds/0a3c97a5-d59a-4532-afef-c4940c4c02aa/current/containerDir0/2/chunks does not exist.
2025-07-05 15:48:36,484 [EventQueue-PipelineActionsForPipelineActionHandler] INFO  pipeline.PipelineActionHandler (PipelineActionHandler.java:processPipelineAction(89)) - Received pipeline action CLOSE for Pipeline-e3a3bb0d-3136-4b0d-b430-3c69eb928671 from datanode d3a92f5c-9e4a-48c5-9a32-2f34a6e85eb8(localhost/127.0.0.1). Reason : Chunks directory /home/runner/work/ozone/ozone/hadoop-ozone/integration-test/target/test-dir/MiniOzoneClusterImpl-0a3c97a5-d59a-4532-afef-c4940c4c02aa/ozone-meta/datanode-6/data-0/hdds/0a3c97a5-d59a-4532-afef-c4940c4c02aa/current/containerDir0/2/chunks does not exist.
2025-07-05 15:48:36,485 [EventQueue-PipelineActionsForPipelineActionHandler] INFO  pipeline.PipelineActionHandler (PipelineActionHandler.java:processPipelineAction(89)) - Received pipeline action CLOSE for Pipeline-e3a3bb0d-3136-4b0d-b430-3c69eb928671 from datanode 694b616d-7f52-4b82-b07e-10398eb153c5(localhost/127.0.0.1). Reason : Chunks directory /home/runner/work/ozone/ozone/hadoop-ozone/integration-test/target/test-dir/MiniOzoneClusterImpl-0a3c97a5-d59a-4532-afef-c4940c4c02aa/ozone-meta/datanode-5/data-0/hdds/0a3c97a5-d59a-4532-afef-c4940c4c02aa/current/containerDir0/2/chunks does not exist.
2025-07-05 15:48:36,684 [EventQueue-PipelineActionsForPipelineActionHandler] INFO  pipeline.PipelineActionHandler (PipelineActionHandler.java:processPipelineAction(89)) - Received pipeline action CLOSE for Pipeline-e3a3bb0d-3136-4b0d-b430-3c69eb928671 from datanode d3a92f5c-9e4a-48c5-9a32-2f34a6e85eb8(localhost/127.0.0.1). Reason : Chunks directory /home/runner/work/ozone/ozone/hadoop-ozone/integration-test/target/test-dir/MiniOzoneClusterImpl-0a3c97a5-d59a-4532-afef-c4940c4c02aa/ozone-meta/datanode-6/data-0/hdds/0a3c97a5-d59a-4532-afef-c4940c4c02aa/current/containerDir0/2/chunks does not exist.
2025-07-05 15:48:36,685 [EventQueue-PipelineActionsForPipelineActionHandler] INFO  pipeline.PipelineActionHandler (PipelineActionHandler.java:processPipelineAction(89)) - Received pipeline action CLOSE for Pipeline-e3a3bb0d-3136-4b0d-b430-3c69eb928671 from datanode 694b616d-7f52-4b82-b07e-10398eb153c5(localhost/127.0.0.1). Reason : Chunks directory /home/runner/work/ozone/ozone/hadoop-ozone/integration-test/target/test-dir/MiniOzoneClusterImpl-0a3c97a5-d59a-4532-afef-c4940c4c02aa/ozone-meta/datanode-5/data-0/hdds/0a3c97a5-d59a-4532-afef-c4940c4c02aa/current/containerDir0/2/chunks does not exist.
2025-07-05 15:48:36,884 [EventQueue-PipelineActionsForPipelineActionHandler] INFO  pipeline.PipelineActionHandler (PipelineActionHandler.java:processPipelineAction(89)) - Received pipeline action CLOSE for Pipeline-e3a3bb0d-3136-4b0d-b430-3c69eb928671 from datanode d3a92f5c-9e4a-48c5-9a32-2f34a6e85eb8(localhost/127.0.0.1). Reason : Chunks directory /home/runner/work/ozone/ozone/hadoop-ozone/integration-test/target/test-dir/MiniOzoneClusterImpl-0a3c97a5-d59a-4532-afef-c4940c4c02aa/ozone-meta/datanode-6/data-0/hdds/0a3c97a5-d59a-4532-afef-c4940c4c02aa/current/containerDir0/2/chunks does not exist.
2025-07-05 15:48:36,885 [EventQueue-PipelineActionsForPipelineActionHandler] INFO  pipeline.PipelineActionHandler (PipelineActionHandler.java:processPipelineAction(89)) - Received pipeline action CLOSE for Pipeline-e3a3bb0d-3136-4b0d-b430-3c69eb928671 from datanode 694b616d-7f52-4b82-b07e-10398eb153c5(localhost/127.0.0.1). Reason : Chunks directory /home/runner/work/ozone/ozone/hadoop-ozone/integration-test/target/test-dir/MiniOzoneClusterImpl-0a3c97a5-d59a-4532-afef-c4940c4c02aa/ozone-meta/datanode-5/data-0/hdds/0a3c97a5-d59a-4532-afef-c4940c4c02aa/current/containerDir0/2/chunks does not exist.
2025-07-05 15:48:37,084 [EventQueue-PipelineActionsForPipelineActionHandler] INFO  pipeline.PipelineActionHandler (PipelineActionHandler.java:processPipelineAction(89)) - Received pipeline action CLOSE for Pipeline-e3a3bb0d-3136-4b0d-b430-3c69eb928671 from datanode d3a92f5c-9e4a-48c5-9a32-2f34a6e85eb8(localhost/127.0.0.1). Reason : Chunks directory /home/runner/work/ozone/ozone/hadoop-ozone/integration-test/target/test-dir/MiniOzoneClusterImpl-0a3c97a5-d59a-4532-afef-c4940c4c02aa/ozone-meta/datanode-6/data-0/hdds/0a3c97a5-d59a-4532-afef-c4940c4c02aa/current/containerDir0/2/chunks does not exist.
2025-07-05 15:48:37,085 [EventQueue-PipelineActionsForPipelineActionHandler] INFO  pipeline.PipelineActionHandler (PipelineActionHandler.java:processPipelineAction(89)) - Received pipeline action CLOSE for Pipeline-e3a3bb0d-3136-4b0d-b430-3c69eb928671 from datanode 694b616d-7f52-4b82-b07e-10398eb153c5(localhost/127.0.0.1). Reason : Chunks directory /home/runner/work/ozone/ozone/hadoop-ozone/integration-test/target/test-dir/MiniOzoneClusterImpl-0a3c97a5-d59a-4532-afef-c4940c4c02aa/ozone-meta/datanode-5/data-0/hdds/0a3c97a5-d59a-4532-afef-c4940c4c02aa/current/containerDir0/2/chunks does not exist.
2025-07-05 15:48:37,177 [d3a92f5c-9e4a-48c5-9a32-2f34a6e85eb8-server-thread1] WARN  server.GrpcServerProtocolService (LogUtils.java:warn(129)) - d3a92f5c-9e4a-48c5-9a32-2f34a6e85eb8: Failed APPEND_ENTRIES request 2e56514c-0608-4198-9fed-b4eba4d3d686->d3a92f5c-9e4a-48c5-9a32-2f34a6e85eb8#19-t1,previous=(t:1, i:4),leaderCommit=4,initializing? false,entries: size=3, first=(t:1, i:5), STATEMACHINELOGENTRY, WRITE: logData.size=154, stateMachineData.size=10, logEntryProtoSerializedSize=0
java.util.concurrent.CompletionException: org.apache.hadoop.hdds.scm.container.common.helpers.StorageContainerException: Chunks directory /home/runner/work/ozone/ozone/hadoop-ozone/integration-test/target/test-dir/MiniOzoneClusterImpl-0a3c97a5-d59a-4532-afef-c4940c4c02aa/ozone-meta/datanode-6/data-0/hdds/0a3c97a5-d59a-4532-afef-c4940c4c02aa/current/containerDir0/2/chunks does not exist.
	at java.base/java.util.concurrent.CompletableFuture.encodeThrowable(CompletableFuture.java:332)
	at java.base/java.util.concurrent.CompletableFuture.completeThrowable(CompletableFuture.java:347)
	at java.base/java.util.concurrent.CompletableFuture$BiRelay.tryFire(CompletableFuture.java:1498)
	at java.base/java.util.concurrent.CompletableFuture$CoCompletion.tryFire(CompletableFuture.java:1219)
	at java.base/java.util.concurrent.CompletableFuture.postComplete(CompletableFuture.java:510)
	at java.base/java.util.concurrent.CompletableFuture.completeExceptionally(CompletableFuture.java:2194)
	at org.apache.ratis.server.raftlog.segmented.SegmentedRaftLog$Task.failed(SegmentedRaftLog.java:109)
	at org.apache.ratis.server.raftlog.segmented.SegmentedRaftLogWorker$WriteLog.failed(SegmentedRaftLogWorker.java:530)
	at org.apache.ratis.server.raftlog.segmented.SegmentedRaftLogWorker.run(SegmentedRaftLogWorker.java:326)
	at java.base/java.util.concurrent.Executors$RunnableAdapter.call(Executors.java:572)
	at java.base/java.util.concurrent.FutureTask.run(FutureTask.java:317)
	at java.base/java.util.concurrent.ThreadPoolExecutor.runWorker(ThreadPoolExecutor.java:1144)
	at java.base/java.util.concurrent.ThreadPoolExecutor$Worker.run(ThreadPoolExecutor.java:642)
	at java.base/java.lang.Thread.run(Thread.java:1583)
Caused by: org.apache.hadoop.hdds.scm.container.common.helpers.StorageContainerException: Chunks directory /home/runner/work/ozone/ozone/hadoop-ozone/integration-test/target/test-dir/MiniOzoneClusterImpl-0a3c97a5-d59a-4532-afef-c4940c4c02aa/ozone-meta/datanode-6/data-0/hdds/0a3c97a5-d59a-4532-afef-c4940c4c02aa/current/containerDir0/2/chunks does not exist.
	at org.apache.hadoop.ozone.container.common.transport.server.ratis.ContainerStateMachine.handleCommandResult(ContainerStateMachine.java:661)
	at org.apache.hadoop.ozone.container.common.transport.server.ratis.ContainerStateMachine.lambda$writeStateMachineData$2(ContainerStateMachine.java:623)
	... 4 more
2025-07-05 15:48:37,179 [grpc-default-executor-1] INFO  leader.LogAppender (LogAppenderBase.java:lambda$getNextIndexForError$0(215)) - Decrease nextIndex to 5
2025-07-05 15:48:37,179 [grpc-default-executor-1] INFO  leader.LogAppender (LogAppenderBase.java:lambda$getNextIndexForError$0(215)) - Decrease nextIndex to 5
2025-07-05 15:48:37,179 [grpc-default-executor-1] INFO  leader.FollowerInfo (FollowerInfoImpl.java:info(70)) - 2e56514c-0608-4198-9fed-b4eba4d3d686@group-3C69EB928671->d3a92f5c-9e4a-48c5-9a32-2f34a6e85eb8: computeNextIndex nextIndex: updateUnconditionally 8 -> 5
2025-07-05 15:48:37,195 [694b616d-7f52-4b82-b07e-10398eb153c5-server-thread1] WARN  server.GrpcServerProtocolService (LogUtils.java:warn(129)) - 694b616d-7f52-4b82-b07e-10398eb153c5: Failed APPEND_ENTRIES request 2e56514c-0608-4198-9fed-b4eba4d3d686->694b616d-7f52-4b82-b07e-10398eb153c5#20-t1,previous=(t:1, i:4),leaderCommit=4,initializing? false,entries: size=3, first=(t:1, i:5), STATEMACHINELOGENTRY, WRITE: logData.size=154, stateMachineData.size=10, logEntryProtoSerializedSize=0
java.util.concurrent.CompletionException: org.apache.hadoop.hdds.scm.container.common.helpers.StorageContainerException: Chunks directory /home/runner/work/ozone/ozone/hadoop-ozone/integration-test/target/test-dir/MiniOzoneClusterImpl-0a3c97a5-d59a-4532-afef-c4940c4c02aa/ozone-meta/datanode-5/data-0/hdds/0a3c97a5-d59a-4532-afef-c4940c4c02aa/current/containerDir0/2/chunks does not exist.
	at java.base/java.util.concurrent.CompletableFuture.encodeThrowable(CompletableFuture.java:332)
	at java.base/java.util.concurrent.CompletableFuture.completeThrowable(CompletableFuture.java:347)
	at java.base/java.util.concurrent.CompletableFuture$BiRelay.tryFire(CompletableFuture.java:1498)
	at java.base/java.util.concurrent.CompletableFuture$CoCompletion.tryFire(CompletableFuture.java:1219)
	at java.base/java.util.concurrent.CompletableFuture.postComplete(CompletableFuture.java:510)
	at java.base/java.util.concurrent.CompletableFuture.completeExceptionally(CompletableFuture.java:2194)
	at org.apache.ratis.server.raftlog.segmented.SegmentedRaftLog$Task.failed(SegmentedRaftLog.java:109)
	at org.apache.ratis.server.raftlog.segmented.SegmentedRaftLogWorker$WriteLog.failed(SegmentedRaftLogWorker.java:530)
	at org.apache.ratis.server.raftlog.segmented.SegmentedRaftLogWorker.run(SegmentedRaftLogWorker.java:326)
	at java.base/java.util.concurrent.Executors$RunnableAdapter.call(Executors.java:572)
	at java.base/java.util.concurrent.FutureTask.run(FutureTask.java:317)
	at java.base/java.util.concurrent.ThreadPoolExecutor.runWorker(ThreadPoolExecutor.java:1144)
	at java.base/java.util.concurrent.ThreadPoolExecutor$Worker.run(ThreadPoolExecutor.java:642)
	at java.base/java.lang.Thread.run(Thread.java:1583)
Caused by: org.apache.hadoop.hdds.scm.container.common.helpers.StorageContainerException: Chunks directory /home/runner/work/ozone/ozone/hadoop-ozone/integration-test/target/test-dir/MiniOzoneClusterImpl-0a3c97a5-d59a-4532-afef-c4940c4c02aa/ozone-meta/datanode-5/data-0/hdds/0a3c97a5-d59a-4532-afef-c4940c4c02aa/current/containerDir0/2/chunks does not exist.
	at org.apache.hadoop.ozone.container.common.transport.server.ratis.ContainerStateMachine.handleCommandResult(ContainerStateMachine.java:661)
	at org.apache.hadoop.ozone.container.common.transport.server.ratis.ContainerStateMachine.lambda$writeStateMachineData$2(ContainerStateMachine.java:623)
	... 4 more
2025-07-05 15:48:37,196 [grpc-default-executor-3] INFO  leader.LogAppender (LogAppenderBase.java:lambda$getNextIndexForError$0(215)) - Decrease nextIndex to 5
2025-07-05 15:48:37,196 [grpc-default-executor-3] INFO  leader.LogAppender (LogAppenderBase.java:lambda$getNextIndexForError$0(215)) - Decrease nextIndex to 5
2025-07-05 15:48:37,196 [grpc-default-executor-3] INFO  leader.FollowerInfo (FollowerInfoImpl.java:info(70)) - 2e56514c-0608-4198-9fed-b4eba4d3d686@group-3C69EB928671->694b616d-7f52-4b82-b07e-10398eb153c5: computeNextIndex nextIndex: updateUnconditionally 8 -> 5
2025-07-05 15:48:37,277 [timer3] WARN  server.GrpcLogAppender (LogUtils.java:warn(129)) - 2e56514c-0608-4198-9fed-b4eba4d3d686@group-3C69EB928671->d3a92f5c-9e4a-48c5-9a32-2f34a6e85eb8-AppendLogResponseHandler: Failed appendEntries (Repeated 5 times in the last 5.002s)
org.apache.hadoop.hdds.scm.container.common.helpers.StorageContainerException: Chunks directory /home/runner/work/ozone/ozone/hadoop-ozone/integration-test/target/test-dir/MiniOzoneClusterImpl-0a3c97a5-d59a-4532-afef-c4940c4c02aa/ozone-meta/datanode-6/data-0/hdds/0a3c97a5-d59a-4532-afef-c4940c4c02aa/current/containerDir0/2/chunks does not exist.
	at org.apache.hadoop.ozone.container.common.transport.server.ratis.ContainerStateMachine.handleCommandResult(ContainerStateMachine.java:661)
	at org.apache.hadoop.ozone.container.common.transport.server.ratis.ContainerStateMachine.lambda$writeStateMachineData$2(ContainerStateMachine.java:623)
	at java.base/java.util.concurrent.FutureTask.run(FutureTask.java:317)
	at java.base/java.util.concurrent.ThreadPoolExecutor.runWorker(ThreadPoolExecutor.java:1144)
	at java.base/java.util.concurrent.ThreadPoolExecutor$Worker.run(ThreadPoolExecutor.java:642)
	at java.base/java.lang.Thread.run(Thread.java:1583)
2025-07-05 15:48:37,277 [timer4] WARN  server.GrpcLogAppender (LogUtils.java:warn(129)) - 2e56514c-0608-4198-9fed-b4eba4d3d686@group-3C69EB928671->694b616d-7f52-4b82-b07e-10398eb153c5-AppendLogResponseHandler: Failed appendEntries (Repeated 5 times in the last 5.003s)
org.apache.hadoop.hdds.scm.container.common.helpers.StorageContainerException: Chunks directory /home/runner/work/ozone/ozone/hadoop-ozone/integration-test/target/test-dir/MiniOzoneClusterImpl-0a3c97a5-d59a-4532-afef-c4940c4c02aa/ozone-meta/datanode-5/data-0/hdds/0a3c97a5-d59a-4532-afef-c4940c4c02aa/current/containerDir0/2/chunks does not exist.
	at org.apache.hadoop.ozone.container.common.transport.server.ratis.ContainerStateMachine.handleCommandResult(ContainerStateMachine.java:661)
	at org.apache.hadoop.ozone.container.common.transport.server.ratis.ContainerStateMachine.lambda$writeStateMachineData$2(ContainerStateMachine.java:623)
	at java.base/java.util.concurrent.FutureTask.run(FutureTask.java:317)
	at java.base/java.util.concurrent.ThreadPoolExecutor.runWorker(ThreadPoolExecutor.java:1144)
	at java.base/java.util.concurrent.ThreadPoolExecutor$Worker.run(ThreadPoolExecutor.java:642)
	at java.base/java.lang.Thread.run(Thread.java:1583)
2025-07-05 15:48:37,285 [EventQueue-PipelineActionsForPipelineActionHandler] INFO  pipeline.PipelineActionHandler (PipelineActionHandler.java:processPipelineAction(89)) - Received pipeline action CLOSE for Pipeline-e3a3bb0d-3136-4b0d-b430-3c69eb928671 from datanode d3a92f5c-9e4a-48c5-9a32-2f34a6e85eb8(localhost/127.0.0.1). Reason : Chunks directory /home/runner/work/ozone/ozone/hadoop-ozone/integration-test/target/test-dir/MiniOzoneClusterImpl-0a3c97a5-d59a-4532-afef-c4940c4c02aa/ozone-meta/datanode-6/data-0/hdds/0a3c97a5-d59a-4532-afef-c4940c4c02aa/current/containerDir0/2/chunks does not exist.
2025-07-05 15:48:37,285 [EventQueue-PipelineActionsForPipelineActionHandler] INFO  pipeline.PipelineActionHandler (PipelineActionHandler.java:processPipelineAction(89)) - Received pipeline action CLOSE for Pipeline-e3a3bb0d-3136-4b0d-b430-3c69eb928671 from datanode 694b616d-7f52-4b82-b07e-10398eb153c5(localhost/127.0.0.1). Reason : Chunks directory /home/runner/work/ozone/ozone/hadoop-ozone/integration-test/target/test-dir/MiniOzoneClusterImpl-0a3c97a5-d59a-4532-afef-c4940c4c02aa/ozone-meta/datanode-5/data-0/hdds/0a3c97a5-d59a-4532-afef-c4940c4c02aa/current/containerDir0/2/chunks does not exist.
2025-07-05 15:48:37,485 [EventQueue-PipelineActionsForPipelineActionHandler] INFO  pipeline.PipelineActionHandler (PipelineActionHandler.java:processPipelineAction(89)) - Received pipeline action CLOSE for Pipeline-e3a3bb0d-3136-4b0d-b430-3c69eb928671 from datanode d3a92f5c-9e4a-48c5-9a32-2f34a6e85eb8(localhost/127.0.0.1). Reason : Chunks directory /home/runner/work/ozone/ozone/hadoop-ozone/integration-test/target/test-dir/MiniOzoneClusterImpl-0a3c97a5-d59a-4532-afef-c4940c4c02aa/ozone-meta/datanode-6/data-0/hdds/0a3c97a5-d59a-4532-afef-c4940c4c02aa/current/containerDir0/2/chunks does not exist.
2025-07-05 15:48:37,486 [EventQueue-PipelineActionsForPipelineActionHandler] INFO  pipeline.PipelineActionHandler (PipelineActionHandler.java:processPipelineAction(89)) - Received pipeline action CLOSE for Pipeline-e3a3bb0d-3136-4b0d-b430-3c69eb928671 from datanode 694b616d-7f52-4b82-b07e-10398eb153c5(localhost/127.0.0.1). Reason : Chunks directory /home/runner/work/ozone/ozone/hadoop-ozone/integration-test/target/test-dir/MiniOzoneClusterImpl-0a3c97a5-d59a-4532-afef-c4940c4c02aa/ozone-meta/datanode-5/data-0/hdds/0a3c97a5-d59a-4532-afef-c4940c4c02aa/current/containerDir0/2/chunks does not exist.
2025-07-05 15:48:37,686 [EventQueue-PipelineActionsForPipelineActionHandler] INFO  pipeline.PipelineActionHandler (PipelineActionHandler.java:processPipelineAction(89)) - Received pipeline action CLOSE for Pipeline-e3a3bb0d-3136-4b0d-b430-3c69eb928671 from datanode 694b616d-7f52-4b82-b07e-10398eb153c5(localhost/127.0.0.1). Reason : Chunks directory /home/runner/work/ozone/ozone/hadoop-ozone/integration-test/target/test-dir/MiniOzoneClusterImpl-0a3c97a5-d59a-4532-afef-c4940c4c02aa/ozone-meta/datanode-5/data-0/hdds/0a3c97a5-d59a-4532-afef-c4940c4c02aa/current/containerDir0/2/chunks does not exist.
2025-07-05 15:48:37,686 [EventQueue-PipelineActionsForPipelineActionHandler] INFO  pipeline.PipelineActionHandler (PipelineActionHandler.java:processPipelineAction(89)) - Received pipeline action CLOSE for Pipeline-e3a3bb0d-3136-4b0d-b430-3c69eb928671 from datanode d3a92f5c-9e4a-48c5-9a32-2f34a6e85eb8(localhost/127.0.0.1). Reason : Chunks directory /home/runner/work/ozone/ozone/hadoop-ozone/integration-test/target/test-dir/MiniOzoneClusterImpl-0a3c97a5-d59a-4532-afef-c4940c4c02aa/ozone-meta/datanode-6/data-0/hdds/0a3c97a5-d59a-4532-afef-c4940c4c02aa/current/containerDir0/2/chunks does not exist.
2025-07-05 15:48:37,885 [EventQueue-PipelineActionsForPipelineActionHandler] INFO  pipeline.PipelineActionHandler (PipelineActionHandler.java:processPipelineAction(89)) - Received pipeline action CLOSE for Pipeline-e3a3bb0d-3136-4b0d-b430-3c69eb928671 from datanode 694b616d-7f52-4b82-b07e-10398eb153c5(localhost/127.0.0.1). Reason : Chunks directory /home/runner/work/ozone/ozone/hadoop-ozone/integration-test/target/test-dir/MiniOzoneClusterImpl-0a3c97a5-d59a-4532-afef-c4940c4c02aa/ozone-meta/datanode-5/data-0/hdds/0a3c97a5-d59a-4532-afef-c4940c4c02aa/current/containerDir0/2/chunks does not exist.
2025-07-05 15:48:37,886 [EventQueue-PipelineActionsForPipelineActionHandler] INFO  pipeline.PipelineActionHandler (PipelineActionHandler.java:processPipelineAction(89)) - Received pipeline action CLOSE for Pipeline-e3a3bb0d-3136-4b0d-b430-3c69eb928671 from datanode d3a92f5c-9e4a-48c5-9a32-2f34a6e85eb8(localhost/127.0.0.1). Reason : Chunks directory /home/runner/work/ozone/ozone/hadoop-ozone/integration-test/target/test-dir/MiniOzoneClusterImpl-0a3c97a5-d59a-4532-afef-c4940c4c02aa/ozone-meta/datanode-6/data-0/hdds/0a3c97a5-d59a-4532-afef-c4940c4c02aa/current/containerDir0/2/chunks does not exist.
2025-07-05 15:48:38,085 [EventQueue-PipelineActionsForPipelineActionHandler] INFO  pipeline.PipelineActionHandler (PipelineActionHandler.java:processPipelineAction(89)) - Received pipeline action CLOSE for Pipeline-e3a3bb0d-3136-4b0d-b430-3c69eb928671 from datanode 694b616d-7f52-4b82-b07e-10398eb153c5(localhost/127.0.0.1). Reason : Chunks directory /home/runner/work/ozone/ozone/hadoop-ozone/integration-test/target/test-dir/MiniOzoneClusterImpl-0a3c97a5-d59a-4532-afef-c4940c4c02aa/ozone-meta/datanode-5/data-0/hdds/0a3c97a5-d59a-4532-afef-c4940c4c02aa/current/containerDir0/2/chunks does not exist.
2025-07-05 15:48:38,087 [EventQueue-PipelineActionsForPipelineActionHandler] INFO  pipeline.PipelineActionHandler (PipelineActionHandler.java:processPipelineAction(89)) - Received pipeline action CLOSE for Pipeline-e3a3bb0d-3136-4b0d-b430-3c69eb928671 from datanode d3a92f5c-9e4a-48c5-9a32-2f34a6e85eb8(localhost/127.0.0.1). Reason : Chunks directory /home/runner/work/ozone/ozone/hadoop-ozone/integration-test/target/test-dir/MiniOzoneClusterImpl-0a3c97a5-d59a-4532-afef-c4940c4c02aa/ozone-meta/datanode-6/data-0/hdds/0a3c97a5-d59a-4532-afef-c4940c4c02aa/current/containerDir0/2/chunks does not exist.
2025-07-05 15:48:38,221 [timer6] WARN  grpc.GrpcUtil (GrpcUtil.java:shutdownManagedChannel(226)) - Timed out gracefully shutting down connection: ManagedChannelOrphanWrapper{delegate=ManagedChannelImpl{logId=442, target=127.0.0.1:15037}}. 
2025-07-05 15:48:38,245 [BackgroundPipelineScrubber] INFO  pipeline.PipelineManagerImpl (PipelineManagerImpl.java:scrubPipelines(602)) - Scrubbing pipeline: id: Pipeline-e3a3bb0d-3136-4b0d-b430-3c69eb928671 since it stays at CLOSED stage.
2025-07-05 15:48:38,248 [BackgroundPipelineScrubber] INFO  pipeline.RatisPipelineProvider (RatisPipelineProvider.java:lambda$close$4(273)) - Send pipeline:Pipeline-e3a3bb0d-3136-4b0d-b430-3c69eb928671 close command to datanode 694b616d-7f52-4b82-b07e-10398eb153c5
2025-07-05 15:48:38,248 [BackgroundPipelineScrubber] INFO  pipeline.RatisPipelineProvider (RatisPipelineProvider.java:lambda$close$4(273)) - Send pipeline:Pipeline-e3a3bb0d-3136-4b0d-b430-3c69eb928671 close command to datanode d3a92f5c-9e4a-48c5-9a32-2f34a6e85eb8
2025-07-05 15:48:38,248 [BackgroundPipelineScrubber] INFO  pipeline.RatisPipelineProvider (RatisPipelineProvider.java:lambda$close$4(273)) - Send pipeline:Pipeline-e3a3bb0d-3136-4b0d-b430-3c69eb928671 close command to datanode 2e56514c-0608-4198-9fed-b4eba4d3d686
2025-07-05 15:48:38,248 [BackgroundPipelineScrubber] INFO  pipeline.PipelineManagerImpl (PipelineManagerImpl.java:removePipeline(464)) - Pipeline Pipeline{ Id: e3a3bb0d-3136-4b0d-b430-3c69eb928671, Nodes: [ {694b616d-7f52-4b82-b07e-10398eb153c5(localhost/127.0.0.1), ReplicaIndex: 0}, {d3a92f5c-9e4a-48c5-9a32-2f34a6e85eb8(localhost/127.0.0.1), ReplicaIndex: 0}, {2e56514c-0608-4198-9fed-b4eba4d3d686(localhost/127.0.0.1), ReplicaIndex: 0},], ReplicationConfig: RATIS/THREE, State:CLOSED, leaderId:2e56514c-0608-4198-9fed-b4eba4d3d686, CreationTimestamp2025-07-05T15:48:26.867Z[Etc/UTC]} removed.
2025-07-05 15:48:38,285 [EventQueue-PipelineActionsForPipelineActionHandler] INFO  pipeline.PipelineActionHandler (PipelineActionHandler.java:processPipelineAction(89)) - Received pipeline action CLOSE for Pipeline-e3a3bb0d-3136-4b0d-b430-3c69eb928671 from datanode 694b616d-7f52-4b82-b07e-10398eb153c5(localhost/127.0.0.1). Reason : Chunks directory /home/runner/work/ozone/ozone/hadoop-ozone/integration-test/target/test-dir/MiniOzoneClusterImpl-0a3c97a5-d59a-4532-afef-c4940c4c02aa/ozone-meta/datanode-5/data-0/hdds/0a3c97a5-d59a-4532-afef-c4940c4c02aa/current/containerDir0/2/chunks does not exist.
2025-07-05 15:48:38,286 [EventQueue-PipelineActionsForPipelineActionHandler] WARN  pipeline.PipelineActionHandler (PipelineActionHandler.java:closeUnknownPipeline(117)) - Pipeline action received for unknown Pipeline Pipeline-e3a3bb0d-3136-4b0d-b430-3c69eb928671, firing close pipeline event.
2025-07-05 15:48:38,287 [EventQueue-PipelineActionsForPipelineActionHandler] INFO  pipeline.PipelineActionHandler (PipelineActionHandler.java:processPipelineAction(89)) - Received pipeline action CLOSE for Pipeline-e3a3bb0d-3136-4b0d-b430-3c69eb928671 from datanode d3a92f5c-9e4a-48c5-9a32-2f34a6e85eb8(localhost/127.0.0.1). Reason : Chunks directory /home/runner/work/ozone/ozone/hadoop-ozone/integration-test/target/test-dir/MiniOzoneClusterImpl-0a3c97a5-d59a-4532-afef-c4940c4c02aa/ozone-meta/datanode-6/data-0/hdds/0a3c97a5-d59a-4532-afef-c4940c4c02aa/current/containerDir0/2/chunks does not exist.
2025-07-05 15:48:38,287 [EventQueue-PipelineActionsForPipelineActionHandler] WARN  pipeline.PipelineActionHandler (PipelineActionHandler.java:closeUnknownPipeline(117)) - Pipeline action received for unknown Pipeline Pipeline-e3a3bb0d-3136-4b0d-b430-3c69eb928671, firing close pipeline event.
2025-07-05 15:48:38,288 [EventQueue-PipelineReportForPipelineReportHandler] INFO  pipeline.PipelineReportHandler (PipelineReportHandler.java:handlePipelineNotFoundException(98)) - Pipeline Pipeline-e3a3bb0d-3136-4b0d-b430-3c69eb928671, reported by datanode d3a92f5c-9e4a-48c5-9a32-2f34a6e85eb8(localhost/127.0.0.1) is not found.
2025-07-05 15:48:38,365 [EventQueue-PipelineReportForPipelineReportHandler] INFO  pipeline.PipelineReportHandler (PipelineReportHandler.java:handlePipelineNotFoundException(98)) - Pipeline Pipeline-e3a3bb0d-3136-4b0d-b430-3c69eb928671, reported by datanode 2e56514c-0608-4198-9fed-b4eba4d3d686(localhost/127.0.0.1) is not found.
2025-07-05 15:48:38,486 [EventQueue-PipelineReportForPipelineReportHandler] INFO  pipeline.PipelineReportHandler (PipelineReportHandler.java:handlePipelineNotFoundException(98)) - Pipeline Pipeline-e3a3bb0d-3136-4b0d-b430-3c69eb928671, reported by datanode 694b616d-7f52-4b82-b07e-10398eb153c5(localhost/127.0.0.1) is not found.
2025-07-05 15:48:38,486 [EventQueue-PipelineActionsForPipelineActionHandler] INFO  pipeline.PipelineActionHandler (PipelineActionHandler.java:processPipelineAction(89)) - Received pipeline action CLOSE for Pipeline-e3a3bb0d-3136-4b0d-b430-3c69eb928671 from datanode 694b616d-7f52-4b82-b07e-10398eb153c5(localhost/127.0.0.1). Reason : Chunks directory /home/runner/work/ozone/ozone/hadoop-ozone/integration-test/target/test-dir/MiniOzoneClusterImpl-0a3c97a5-d59a-4532-afef-c4940c4c02aa/ozone-meta/datanode-5/data-0/hdds/0a3c97a5-d59a-4532-afef-c4940c4c02aa/current/containerDir0/2/chunks does not exist.
2025-07-05 15:48:38,486 [EventQueue-PipelineActionsForPipelineActionHandler] WARN  pipeline.PipelineActionHandler (PipelineActionHandler.java:closeUnknownPipeline(117)) - Pipeline action received for unknown Pipeline Pipeline-e3a3bb0d-3136-4b0d-b430-3c69eb928671, firing close pipeline event.
2025-07-05 15:48:38,487 [EventQueue-PipelineReportForPipelineReportHandler] INFO  pipeline.PipelineReportHandler (PipelineReportHandler.java:handlePipelineNotFoundException(98)) - Pipeline Pipeline-e3a3bb0d-3136-4b0d-b430-3c69eb928671, reported by datanode d3a92f5c-9e4a-48c5-9a32-2f34a6e85eb8(localhost/127.0.0.1) is not found.
2025-07-05 15:48:38,487 [EventQueue-PipelineActionsForPipelineActionHandler] INFO  pipeline.PipelineActionHandler (PipelineActionHandler.java:processPipelineAction(89)) - Received pipeline action CLOSE for Pipeline-e3a3bb0d-3136-4b0d-b430-3c69eb928671 from datanode d3a92f5c-9e4a-48c5-9a32-2f34a6e85eb8(localhost/127.0.0.1). Reason : Chunks directory /home/runner/work/ozone/ozone/hadoop-ozone/integration-test/target/test-dir/MiniOzoneClusterImpl-0a3c97a5-d59a-4532-afef-c4940c4c02aa/ozone-meta/datanode-6/data-0/hdds/0a3c97a5-d59a-4532-afef-c4940c4c02aa/current/containerDir0/2/chunks does not exist.
2025-07-05 15:48:38,487 [EventQueue-PipelineActionsForPipelineActionHandler] WARN  pipeline.PipelineActionHandler (PipelineActionHandler.java:closeUnknownPipeline(117)) - Pipeline action received for unknown Pipeline Pipeline-e3a3bb0d-3136-4b0d-b430-3c69eb928671, firing close pipeline event.
2025-07-05 15:48:38,496 [grpc-default-executor-3] INFO  server.RaftServer (RaftServerProxy.java:remove(116)) - 694b616d-7f52-4b82-b07e-10398eb153c5: remove  FOLLOWER (RUNNING): 694b616d-7f52-4b82-b07e-10398eb153c5@group-3C69EB928671:t1, leader=2e56514c-0608-4198-9fed-b4eba4d3d686, voted=2e56514c-0608-4198-9fed-b4eba4d3d686, raftlog=Memoized:694b616d-7f52-4b82-b07e-10398eb153c5@group-3C69EB928671-SegmentedRaftLog:OPENED:c4:last(t:1, i:5), conf=conf: {index: 0, cur=peers:[694b616d-7f52-4b82-b07e-10398eb153c5|127.0.0.1:15047, 2e56514c-0608-4198-9fed-b4eba4d3d686|127.0.0.1:15039, d3a92f5c-9e4a-48c5-9a32-2f34a6e85eb8|127.0.0.1:15055]|listeners:[], old=null}
2025-07-05 15:48:38,497 [grpc-default-executor-3] INFO  server.RaftServer$Division (RaftServerImpl.java:lambda$close$1(527)) - 694b616d-7f52-4b82-b07e-10398eb153c5@group-3C69EB928671: shutdown
2025-07-05 15:48:38,497 [grpc-default-executor-3] INFO  util.JmxRegister (JmxRegister.java:unregister(74)) - Successfully un-registered JMX Bean with object name Ratis:service=RaftServer,group=group-3C69EB928671,id=694b616d-7f52-4b82-b07e-10398eb153c5
2025-07-05 15:48:38,497 [grpc-default-executor-3] INFO  impl.RoleInfo (RoleInfo.java:shutdownFollowerState(121)) - 694b616d-7f52-4b82-b07e-10398eb153c5: shutdown 694b616d-7f52-4b82-b07e-10398eb153c5@group-3C69EB928671-FollowerState
2025-07-05 15:48:38,497 [grpc-default-executor-3] INFO  impl.StateMachineUpdater (StateMachineUpdater.java:stopAndJoin(163)) - 694b616d-7f52-4b82-b07e-10398eb153c5@group-3C69EB928671-StateMachineUpdater: set stopIndex = 4
2025-07-05 15:48:38,497 [694b616d-7f52-4b82-b07e-10398eb153c5@group-3C69EB928671-FollowerState] INFO  impl.FollowerState (FollowerState.java:runImpl(170)) - 694b616d-7f52-4b82-b07e-10398eb153c5@group-3C69EB928671-FollowerState was interrupted
2025-07-05 15:48:38,497 [694b616d-7f52-4b82-b07e-10398eb153c5@group-3C69EB928671-StateMachineUpdater] ERROR ratis.ContainerStateMachine (ContainerStateMachine.java:takeSnapshot(421)) - Failed to take snapshot  for group-3C69EB928671 as the stateMachine is unhealthy. The last applied index is at (t:1, i:4)
2025-07-05 15:48:38,498 [694b616d-7f52-4b82-b07e-10398eb153c5@group-3C69EB928671-StateMachineUpdater] ERROR impl.StateMachineUpdater (StateMachineUpdater.java:takeSnapshot(302)) - 694b616d-7f52-4b82-b07e-10398eb153c5@group-3C69EB928671-StateMachineUpdater: Failed to take snapshot
org.apache.ratis.protocol.exceptions.StateMachineException: Failed to take snapshot  for group-3C69EB928671 as the stateMachine is unhealthy. The last applied index is at (t:1, i:4)
	at org.apache.hadoop.ozone.container.common.transport.server.ratis.ContainerStateMachine.takeSnapshot(ContainerStateMachine.java:420)
	at org.apache.ratis.server.impl.StateMachineUpdater.takeSnapshot(StateMachineUpdater.java:290)
	at org.apache.ratis.server.impl.StateMachineUpdater.checkAndTakeSnapshot(StateMachineUpdater.java:281)
	at org.apache.ratis.server.impl.StateMachineUpdater.run(StateMachineUpdater.java:194)
	at java.base/java.lang.Thread.run(Thread.java:1583)
2025-07-05 15:48:38,498 [694b616d-7f52-4b82-b07e-10398eb153c5@group-3C69EB928671-StateMachineUpdater] INFO  impl.StateMachineUpdater (StateMachineUpdater.java:stop(140)) - 694b616d-7f52-4b82-b07e-10398eb153c5@group-3C69EB928671-StateMachineUpdater: closing ContainerStateMachine, lastApplied=(t:1, i:4)
2025-07-05 15:48:38,498 [694b616d-7f52-4b82-b07e-10398eb153c5@group-3C69EB928671-cacheEviction-AwaitToRun] INFO  util.AwaitToRun (AwaitToRun.java:run(49)) - 694b616d-7f52-4b82-b07e-10398eb153c5@group-3C69EB928671-cacheEviction-AwaitToRun-AwaitForSignal is interrupted
2025-07-05 15:48:38,565 [EventQueue-PipelineReportForPipelineReportHandler] INFO  pipeline.PipelineReportHandler (PipelineReportHandler.java:handlePipelineNotFoundException(98)) - Pipeline Pipeline-e3a3bb0d-3136-4b0d-b430-3c69eb928671, reported by datanode 2e56514c-0608-4198-9fed-b4eba4d3d686(localhost/127.0.0.1) is not found.
2025-07-05 15:48:38,686 [EventQueue-PipelineReportForPipelineReportHandler] INFO  pipeline.PipelineReportHandler (PipelineReportHandler.java:handlePipelineNotFoundException(98)) - Pipeline Pipeline-e3a3bb0d-3136-4b0d-b430-3c69eb928671, reported by datanode d3a92f5c-9e4a-48c5-9a32-2f34a6e85eb8(localhost/127.0.0.1) is not found.
2025-07-05 15:48:38,687 [EventQueue-PipelineActionsForPipelineActionHandler] INFO  pipeline.PipelineActionHandler (PipelineActionHandler.java:processPipelineAction(89)) - Received pipeline action CLOSE for Pipeline-e3a3bb0d-3136-4b0d-b430-3c69eb928671 from datanode d3a92f5c-9e4a-48c5-9a32-2f34a6e85eb8(localhost/127.0.0.1). Reason : Chunks directory /home/runner/work/ozone/ozone/hadoop-ozone/integration-test/target/test-dir/MiniOzoneClusterImpl-0a3c97a5-d59a-4532-afef-c4940c4c02aa/ozone-meta/datanode-6/data-0/hdds/0a3c97a5-d59a-4532-afef-c4940c4c02aa/current/containerDir0/2/chunks does not exist.
2025-07-05 15:48:38,687 [EventQueue-PipelineActionsForPipelineActionHandler] WARN  pipeline.PipelineActionHandler (PipelineActionHandler.java:closeUnknownPipeline(117)) - Pipeline action received for unknown Pipeline Pipeline-e3a3bb0d-3136-4b0d-b430-3c69eb928671, firing close pipeline event.
2025-07-05 15:48:38,768 [grpc-default-executor-1] WARN  server.RaftServer (RaftServerProxy.java:remove(111)) - 694b616d-7f52-4b82-b07e-10398eb153c5: does not contain group: group-3C69EB928671
2025-07-05 15:48:38,768 [grpc-default-executor-1] WARN  server.GrpcAdminProtocolService (GrpcAdminProtocolService.java:lambda$groupManagement$1(53)) - Failed groupManagement: GROUPREMOVE, GroupManagementRequest:client-E314ECBB38CB->694b616d-7f52-4b82-b07e-10398eb153c5@group-3C69EB928671, cid=32, seq=null, RW, null, Remove:group-3C69EB928671, delete-dir
org.apache.ratis.protocol.exceptions.GroupMismatchException: 694b616d-7f52-4b82-b07e-10398eb153c5: Group group-3C69EB928671 not found.
	at org.apache.ratis.server.impl.RaftServerProxy.groupRemoveAsync(RaftServerProxy.java:548)
	at org.apache.ratis.server.impl.RaftServerProxy.groupManagementAsync(RaftServerProxy.java:499)
	at org.apache.ratis.grpc.server.GrpcAdminProtocolService.lambda$groupManagement$0(GrpcAdminProtocolService.java:51)
	at org.apache.ratis.grpc.GrpcUtil.asyncCall(GrpcUtil.java:172)
	at org.apache.ratis.grpc.server.GrpcAdminProtocolService.groupManagement(GrpcAdminProtocolService.java:51)
	at org.apache.ratis.proto.grpc.AdminProtocolServiceGrpc$MethodHandlers.invoke(AdminProtocolServiceGrpc.java:701)
	at org.apache.ratis.thirdparty.io.grpc.stub.ServerCalls$UnaryServerCallHandler$UnaryServerCallListener.onHalfClose(ServerCalls.java:182)
	at org.apache.ratis.thirdparty.io.grpc.internal.ServerCallImpl$ServerStreamListenerImpl.halfClosed(ServerCallImpl.java:356)
	at org.apache.ratis.thirdparty.io.grpc.internal.ServerImpl$JumpToApplicationThreadServerStreamListener$1HalfClosed.runInContext(ServerImpl.java:861)
	at org.apache.ratis.thirdparty.io.grpc.internal.ContextRunnable.run(ContextRunnable.java:37)
	at org.apache.ratis.thirdparty.io.grpc.internal.SerializingExecutor.run(SerializingExecutor.java:133)
	at java.base/java.util.concurrent.ThreadPoolExecutor.runWorker(ThreadPoolExecutor.java:1144)
	at java.base/java.util.concurrent.ThreadPoolExecutor$Worker.run(ThreadPoolExecutor.java:642)
	at java.base/java.lang.Thread.run(Thread.java:1583)
2025-07-05 15:48:38,779 [grpc-default-executor-1] INFO  server.RaftServer (RaftServerProxy.java:remove(116)) - d3a92f5c-9e4a-48c5-9a32-2f34a6e85eb8: remove  FOLLOWER (RUNNING): d3a92f5c-9e4a-48c5-9a32-2f34a6e85eb8@group-3C69EB928671:t1, leader=2e56514c-0608-4198-9fed-b4eba4d3d686, voted=2e56514c-0608-4198-9fed-b4eba4d3d686, raftlog=Memoized:d3a92f5c-9e4a-48c5-9a32-2f34a6e85eb8@group-3C69EB928671-SegmentedRaftLog:OPENED:c4:last(t:1, i:5), conf=conf: {index: 0, cur=peers:[694b616d-7f52-4b82-b07e-10398eb153c5|127.0.0.1:15047, 2e56514c-0608-4198-9fed-b4eba4d3d686|127.0.0.1:15039, d3a92f5c-9e4a-48c5-9a32-2f34a6e85eb8|127.0.0.1:15055]|listeners:[], old=null}
2025-07-05 15:48:38,779 [grpc-default-executor-1] INFO  server.RaftServer$Division (RaftServerImpl.java:lambda$close$1(527)) - d3a92f5c-9e4a-48c5-9a32-2f34a6e85eb8@group-3C69EB928671: shutdown
2025-07-05 15:48:38,779 [grpc-default-executor-1] INFO  util.JmxRegister (JmxRegister.java:unregister(74)) - Successfully un-registered JMX Bean with object name Ratis:service=RaftServer,group=group-3C69EB928671,id=d3a92f5c-9e4a-48c5-9a32-2f34a6e85eb8
2025-07-05 15:48:38,779 [grpc-default-executor-1] INFO  impl.RoleInfo (RoleInfo.java:shutdownFollowerState(121)) - d3a92f5c-9e4a-48c5-9a32-2f34a6e85eb8: shutdown d3a92f5c-9e4a-48c5-9a32-2f34a6e85eb8@group-3C69EB928671-FollowerState
2025-07-05 15:48:38,779 [grpc-default-executor-1] INFO  impl.StateMachineUpdater (StateMachineUpdater.java:stopAndJoin(163)) - d3a92f5c-9e4a-48c5-9a32-2f34a6e85eb8@group-3C69EB928671-StateMachineUpdater: set stopIndex = 4
2025-07-05 15:48:38,779 [d3a92f5c-9e4a-48c5-9a32-2f34a6e85eb8@group-3C69EB928671-StateMachineUpdater] ERROR ratis.ContainerStateMachine (ContainerStateMachine.java:takeSnapshot(421)) - Failed to take snapshot  for group-3C69EB928671 as the stateMachine is unhealthy. The last applied index is at (t:1, i:4)
2025-07-05 15:48:38,779 [d3a92f5c-9e4a-48c5-9a32-2f34a6e85eb8@group-3C69EB928671-StateMachineUpdater] ERROR impl.StateMachineUpdater (StateMachineUpdater.java:takeSnapshot(302)) - d3a92f5c-9e4a-48c5-9a32-2f34a6e85eb8@group-3C69EB928671-StateMachineUpdater: Failed to take snapshot
org.apache.ratis.protocol.exceptions.StateMachineException: Failed to take snapshot  for group-3C69EB928671 as the stateMachine is unhealthy. The last applied index is at (t:1, i:4)
	at org.apache.hadoop.ozone.container.common.transport.server.ratis.ContainerStateMachine.takeSnapshot(ContainerStateMachine.java:420)
	at org.apache.ratis.server.impl.StateMachineUpdater.takeSnapshot(StateMachineUpdater.java:290)
	at org.apache.ratis.server.impl.StateMachineUpdater.checkAndTakeSnapshot(StateMachineUpdater.java:281)
	at org.apache.ratis.server.impl.StateMachineUpdater.run(StateMachineUpdater.java:194)
	at java.base/java.lang.Thread.run(Thread.java:1583)
2025-07-05 15:48:38,779 [d3a92f5c-9e4a-48c5-9a32-2f34a6e85eb8@group-3C69EB928671-FollowerState] INFO  impl.FollowerState (FollowerState.java:runImpl(170)) - d3a92f5c-9e4a-48c5-9a32-2f34a6e85eb8@group-3C69EB928671-FollowerState was interrupted
2025-07-05 15:48:38,780 [d3a92f5c-9e4a-48c5-9a32-2f34a6e85eb8@group-3C69EB928671-StateMachineUpdater] INFO  impl.StateMachineUpdater (StateMachineUpdater.java:stop(140)) - d3a92f5c-9e4a-48c5-9a32-2f34a6e85eb8@group-3C69EB928671-StateMachineUpdater: closing ContainerStateMachine, lastApplied=(t:1, i:4)
2025-07-05 15:48:38,780 [d3a92f5c-9e4a-48c5-9a32-2f34a6e85eb8@group-3C69EB928671-cacheEviction-AwaitToRun] INFO  util.AwaitToRun (AwaitToRun.java:run(49)) - d3a92f5c-9e4a-48c5-9a32-2f34a6e85eb8@group-3C69EB928671-cacheEviction-AwaitToRun-AwaitForSignal is interrupted
2025-07-05 15:48:38,965 [EventQueue-PipelineReportForPipelineReportHandler] INFO  pipeline.PipelineReportHandler (PipelineReportHandler.java:handlePipelineNotFoundException(98)) - Pipeline Pipeline-e3a3bb0d-3136-4b0d-b430-3c69eb928671, reported by datanode 2e56514c-0608-4198-9fed-b4eba4d3d686(localhost/127.0.0.1) is not found.
2025-07-05 15:48:39,269 [grpc-default-executor-3] INFO  segmented.SegmentedRaftLogWorker (SegmentedRaftLogWorker.java:close(254)) - 694b616d-7f52-4b82-b07e-10398eb153c5@group-3C69EB928671-SegmentedRaftLogWorker close()
2025-07-05 15:48:39,270 [grpc-default-executor-1] INFO  segmented.SegmentedRaftLogWorker (SegmentedRaftLogWorker.java:close(254)) - d3a92f5c-9e4a-48c5-9a32-2f34a6e85eb8@group-3C69EB928671-SegmentedRaftLogWorker close()
2025-07-05 15:48:39,273 [grpc-default-executor-3] INFO  server.RaftServer$Division (RaftServerImpl.java:groupRemove(497)) - 694b616d-7f52-4b82-b07e-10398eb153c5@group-3C69EB928671: Succeed to remove RaftStorageDirectory Storage Directory /home/runner/work/ozone/ozone/hadoop-ozone/integration-test/target/test-dir/MiniOzoneClusterImpl-0a3c97a5-d59a-4532-afef-c4940c4c02aa/ozone-meta/datanode-5/ratis/e3a3bb0d-3136-4b0d-b430-3c69eb928671
2025-07-05 15:48:39,273 [grpc-default-executor-1] INFO  server.RaftServer$Division (RaftServerImpl.java:groupRemove(497)) - d3a92f5c-9e4a-48c5-9a32-2f34a6e85eb8@group-3C69EB928671: Succeed to remove RaftStorageDirectory Storage Directory /home/runner/work/ozone/ozone/hadoop-ozone/integration-test/target/test-dir/MiniOzoneClusterImpl-0a3c97a5-d59a-4532-afef-c4940c4c02aa/ozone-meta/datanode-6/ratis/e3a3bb0d-3136-4b0d-b430-3c69eb928671
2025-07-05 15:48:39,275 [2e56514c-0608-4198-9fed-b4eba4d3d686-PipelineCommandHandlerThread-0] INFO  server.RaftServer (RaftServerProxy.java:remove(116)) - 2e56514c-0608-4198-9fed-b4eba4d3d686: remove    LEADER (RUNNING): 2e56514c-0608-4198-9fed-b4eba4d3d686@group-3C69EB928671:t1, leader=2e56514c-0608-4198-9fed-b4eba4d3d686, voted=2e56514c-0608-4198-9fed-b4eba4d3d686, raftlog=Memoized:2e56514c-0608-4198-9fed-b4eba4d3d686@group-3C69EB928671-SegmentedRaftLog:OPENED:c4:last(t:1, i:7), conf=conf: {index: 0, cur=peers:[694b616d-7f52-4b82-b07e-10398eb153c5|127.0.0.1:15047, 2e56514c-0608-4198-9fed-b4eba4d3d686|127.0.0.1:15039, d3a92f5c-9e4a-48c5-9a32-2f34a6e85eb8|127.0.0.1:15055]|listeners:[], old=null}
2025-07-05 15:48:39,275 [2e56514c-0608-4198-9fed-b4eba4d3d686-PipelineCommandHandlerThread-0] INFO  server.RaftServer$Division (RaftServerImpl.java:lambda$close$1(527)) - 2e56514c-0608-4198-9fed-b4eba4d3d686@group-3C69EB928671: shutdown
2025-07-05 15:48:39,276 [2e56514c-0608-4198-9fed-b4eba4d3d686-PipelineCommandHandlerThread-0] INFO  util.JmxRegister (JmxRegister.java:unregister(74)) - Successfully un-registered JMX Bean with object name Ratis:service=RaftServer,group=group-3C69EB928671,id=2e56514c-0608-4198-9fed-b4eba4d3d686
2025-07-05 15:48:39,276 [2e56514c-0608-4198-9fed-b4eba4d3d686-PipelineCommandHandlerThread-0] INFO  impl.RoleInfo (RoleInfo.java:shutdownLeaderState(103)) - 2e56514c-0608-4198-9fed-b4eba4d3d686: shutdown 2e56514c-0608-4198-9fed-b4eba4d3d686@group-3C69EB928671-LeaderStateImpl
2025-07-05 15:48:39,276 [2e56514c-0608-4198-9fed-b4eba4d3d686-PipelineCommandHandlerThread-0] INFO  impl.PendingRequests (PendingRequests.java:sendNotLeaderResponses(287)) - 2e56514c-0608-4198-9fed-b4eba4d3d686@group-3C69EB928671-PendingRequests: sendNotLeaderResponses
2025-07-05 15:48:39,277 [2e56514c-0608-4198-9fed-b4eba4d3d686@group-3C69EB928671->694b616d-7f52-4b82-b07e-10398eb153c5-GrpcLogAppender-LogAppenderDaemon] WARN  server.GrpcLogAppender (GrpcLogAppender.java:mayWait(300)) - 2e56514c-0608-4198-9fed-b4eba4d3d686@group-3C69EB928671->694b616d-7f52-4b82-b07e-10398eb153c5-GrpcLogAppender: Wait interrupted by java.lang.InterruptedException
2025-07-05 15:48:39,277 [2e56514c-0608-4198-9fed-b4eba4d3d686@group-3C69EB928671->d3a92f5c-9e4a-48c5-9a32-2f34a6e85eb8-GrpcLogAppender-LogAppenderDaemon] WARN  server.GrpcLogAppender (GrpcLogAppender.java:mayWait(300)) - 2e56514c-0608-4198-9fed-b4eba4d3d686@group-3C69EB928671->d3a92f5c-9e4a-48c5-9a32-2f34a6e85eb8-GrpcLogAppender: Wait interrupted by java.lang.InterruptedException
2025-07-05 15:48:39,277 [2e56514c-0608-4198-9fed-b4eba4d3d686-CloseContainerThread-0] INFO  commandhandler.CloseContainerCommandHandler (CloseContainerCommandHandler.java:lambda$handle$0(154)) - Follower cannot close container #2.
2025-07-05 15:48:39,280 [2e56514c-0608-4198-9fed-b4eba4d3d686-PipelineCommandHandlerThread-0] INFO  impl.StateMachineUpdater (StateMachineUpdater.java:stopAndJoin(163)) - 2e56514c-0608-4198-9fed-b4eba4d3d686@group-3C69EB928671-StateMachineUpdater: set stopIndex = 4
2025-07-05 15:48:39,280 [2e56514c-0608-4198-9fed-b4eba4d3d686@group-3C69EB928671-StateMachineUpdater] INFO  ratis.ContainerStateMachine (ContainerStateMachine.java:takeSnapshot(427)) - group-3C69EB928671: Taking a snapshot at:(t:1, i:4) file /home/runner/work/ozone/ozone/hadoop-ozone/integration-test/target/test-dir/MiniOzoneClusterImpl-0a3c97a5-d59a-4532-afef-c4940c4c02aa/ozone-meta/datanode-4/ratis/e3a3bb0d-3136-4b0d-b430-3c69eb928671/sm/snapshot.1_4
2025-07-05 15:48:39,280 [grpc-default-executor-1] WARN  server.RaftServer (RaftServerProxy.java:remove(111)) - 2e56514c-0608-4198-9fed-b4eba4d3d686: does not contain group: group-3C69EB928671
2025-07-05 15:48:39,280 [grpc-default-executor-1] WARN  server.GrpcAdminProtocolService (GrpcAdminProtocolService.java:lambda$groupManagement$1(53)) - Failed groupManagement: GROUPREMOVE, GroupManagementRequest:client-8F85B58A5709->2e56514c-0608-4198-9fed-b4eba4d3d686@group-3C69EB928671, cid=34, seq=null, RW, null, Remove:group-3C69EB928671, delete-dir
org.apache.ratis.protocol.exceptions.GroupMismatchException: 2e56514c-0608-4198-9fed-b4eba4d3d686: Group group-3C69EB928671 not found.
	at org.apache.ratis.server.impl.RaftServerProxy.groupRemoveAsync(RaftServerProxy.java:548)
	at org.apache.ratis.server.impl.RaftServerProxy.groupManagementAsync(RaftServerProxy.java:499)
	at org.apache.ratis.grpc.server.GrpcAdminProtocolService.lambda$groupManagement$0(GrpcAdminProtocolService.java:51)
	at org.apache.ratis.grpc.GrpcUtil.asyncCall(GrpcUtil.java:172)
	at org.apache.ratis.grpc.server.GrpcAdminProtocolService.groupManagement(GrpcAdminProtocolService.java:51)
	at org.apache.ratis.proto.grpc.AdminProtocolServiceGrpc$MethodHandlers.invoke(AdminProtocolServiceGrpc.java:701)
	at org.apache.ratis.thirdparty.io.grpc.stub.ServerCalls$UnaryServerCallHandler$UnaryServerCallListener.onHalfClose(ServerCalls.java:182)
	at org.apache.ratis.thirdparty.io.grpc.internal.ServerCallImpl$ServerStreamListenerImpl.halfClosed(ServerCallImpl.java:356)
	at org.apache.ratis.thirdparty.io.grpc.internal.ServerImpl$JumpToApplicationThreadServerStreamListener$1HalfClosed.runInContext(ServerImpl.java:861)
	at org.apache.ratis.thirdparty.io.grpc.internal.ContextRunnable.run(ContextRunnable.java:37)
	at org.apache.ratis.thirdparty.io.grpc.internal.SerializingExecutor.run(SerializingExecutor.java:133)
	at java.base/java.util.concurrent.ThreadPoolExecutor.runWorker(ThreadPoolExecutor.java:1144)
	at java.base/java.util.concurrent.ThreadPoolExecutor$Worker.run(ThreadPoolExecutor.java:642)
	at java.base/java.lang.Thread.run(Thread.java:1583)
2025-07-05 15:48:39,282 [2e56514c-0608-4198-9fed-b4eba4d3d686@group-3C69EB928671-StateMachineUpdater] INFO  ratis.ContainerStateMachine (ContainerStateMachine.java:takeSnapshot(436)) - group-3C69EB928671: Finished taking a snapshot at:(t:1, i:4) file:/home/runner/work/ozone/ozone/hadoop-ozone/integration-test/target/test-dir/MiniOzoneClusterImpl-0a3c97a5-d59a-4532-afef-c4940c4c02aa/ozone-meta/datanode-4/ratis/e3a3bb0d-3136-4b0d-b430-3c69eb928671/sm/snapshot.1_4 took: 2 ms
2025-07-05 15:48:39,282 [2e56514c-0608-4198-9fed-b4eba4d3d686@group-3C69EB928671-StateMachineUpdater] INFO  impl.StateMachineUpdater (StateMachineUpdater.java:takeSnapshot(307)) - 2e56514c-0608-4198-9fed-b4eba4d3d686@group-3C69EB928671-StateMachineUpdater: Took a snapshot at index 4
2025-07-05 15:48:39,282 [2e56514c-0608-4198-9fed-b4eba4d3d686@group-3C69EB928671-StateMachineUpdater] INFO  impl.StateMachineUpdater (StateMachineUpdater.java:lambda$new$0(101)) - 2e56514c-0608-4198-9fed-b4eba4d3d686@group-3C69EB928671-StateMachineUpdater: snapshotIndex: updateIncreasingly 1 -> 4
2025-07-05 15:48:39,282 [2e56514c-0608-4198-9fed-b4eba4d3d686@group-3C69EB928671-StateMachineUpdater] INFO  impl.StateMachineUpdater (StateMachineUpdater.java:stop(140)) - 2e56514c-0608-4198-9fed-b4eba4d3d686@group-3C69EB928671-StateMachineUpdater: closing ContainerStateMachine, lastApplied=(t:1, i:4)
2025-07-05 15:48:39,283 [2e56514c-0608-4198-9fed-b4eba4d3d686@group-3C69EB928671-cacheEviction-AwaitToRun] INFO  util.AwaitToRun (AwaitToRun.java:run(49)) - 2e56514c-0608-4198-9fed-b4eba4d3d686@group-3C69EB928671-cacheEviction-AwaitToRun-AwaitForSignal is interrupted
2025-07-05 15:48:39,284 [d3a92f5c-9e4a-48c5-9a32-2f34a6e85eb8-PipelineCommandHandlerThread-0] WARN  server.RaftServer (RaftServerProxy.java:remove(111)) - d3a92f5c-9e4a-48c5-9a32-2f34a6e85eb8: does not contain group: group-3C69EB928671
2025-07-05 15:48:39,366 [EventQueue-PipelineReportForPipelineReportHandler] INFO  pipeline.PipelineReportHandler (PipelineReportHandler.java:handlePipelineNotFoundException(98)) - Pipeline Pipeline-e3a3bb0d-3136-4b0d-b430-3c69eb928671, reported by datanode 2e56514c-0608-4198-9fed-b4eba4d3d686(localhost/127.0.0.1) is not found.
2025-07-05 15:48:39,367 [2e56514c-0608-4198-9fed-b4eba4d3d686-PipelineCommandHandlerThread-0] INFO  segmented.SegmentedRaftLogWorker (SegmentedRaftLogWorker.java:close(254)) - 2e56514c-0608-4198-9fed-b4eba4d3d686@group-3C69EB928671-SegmentedRaftLogWorker close()
2025-07-05 15:48:39,368 [2e56514c-0608-4198-9fed-b4eba4d3d686-PipelineCommandHandlerThread-0] INFO  keyvalue.KeyValueContainer (KeyValueContainer.java:flushAndSyncDB(514)) - Synced container: KeyValueContainerData #2 (CLOSING, non-empty, ri=0, origin=[dn_2e56514c-0608-4198-9fed-b4eba4d3d686, pipeline_e3a3bb0d-3136-4b0d-b430-3c69eb928671])
2025-07-05 15:48:39,368 [2e56514c-0608-4198-9fed-b4eba4d3d686-PipelineCommandHandlerThread-0] INFO  keyvalue.KeyValueContainer (KeyValueContainer.java:flushAndSyncDB(514)) - Synced container: KeyValueContainerData #2 (CLOSING, non-empty, ri=0, origin=[dn_2e56514c-0608-4198-9fed-b4eba4d3d686, pipeline_e3a3bb0d-3136-4b0d-b430-3c69eb928671])
2025-07-05 15:48:39,373 [2e56514c-0608-4198-9fed-b4eba4d3d686-PipelineCommandHandlerThread-0] INFO  server.RaftServer$Division (RaftServerImpl.java:groupRemove(497)) - 2e56514c-0608-4198-9fed-b4eba4d3d686@group-3C69EB928671: Succeed to remove RaftStorageDirectory Storage Directory /home/runner/work/ozone/ozone/hadoop-ozone/integration-test/target/test-dir/MiniOzoneClusterImpl-0a3c97a5-d59a-4532-afef-c4940c4c02aa/ozone-meta/datanode-4/ratis/e3a3bb0d-3136-4b0d-b430-3c69eb928671
2025-07-05 15:48:39,373 [2e56514c-0608-4198-9fed-b4eba4d3d686-PipelineCommandHandlerThread-0] INFO  commandhandler.ClosePipelineCommandHandler (ClosePipelineCommandHandler.java:lambda$handle$2(142)) - Close Pipeline Pipeline-e3a3bb0d-3136-4b0d-b430-3c69eb928671 command on datanode 2e56514c-0608-4198-9fed-b4eba4d3d686(localhost/127.0.0.1).
2025-07-05 15:48:39,373 [FixedThreadPoolWithAffinityExecutor-9-0] INFO  container.IncrementalContainerReportHandler (AbstractContainerReportHandler.java:updateContainerState(264)) - QUASI_CLOSE Container #2 (CLOSING, sid=2) r0 (QUASI_CLOSED, bcsid=2, origin=2e56514c-0608-4198-9fed-b4eba4d3d686, non-empty) from dn 2e56514c-0608-4198-9fed-b4eba4d3d686(localhost/127.0.0.1)
2025-07-05 15:48:39,940 [grpc-default-executor-3] ERROR impl.OrderedAsync (OrderedAsync.java:lambda$null$6(215)) -  client-42A910AE14DB: Failed* RaftClientRequest:client-42A910AE14DB->d3a92f5c-9e4a-48c5-9a32-2f34a6e85eb8@group-3C69EB928671, cid=29, seq=4*, RW, cmdType: WriteChunk
traceID: ""
containerID: 2
datanodeUuid: "694b616d-7f52-4b82-b07e-10398eb153c5"
writeChunk {
  blockID {
    containerID: 2
    localID: 115816896921600002
    blockCommitSequenceId: 2
    replicaIndex: 0
  }
  chunkData {
    chunkName: "115816896921600002_chunk_2"
    offset: 5
    len: 10
    checksumData {
      type: CRC32
      bytesPerChecksum: 16384
      checksums: "\317\357R*"
    }
  }
}
version: 3
, data.size=10
java.util.concurrent.CompletionException: org.apache.ratis.protocol.exceptions.GroupMismatchException: d3a92f5c-9e4a-48c5-9a32-2f34a6e85eb8: group-3C69EB928671 not found.
	at java.base/java.util.concurrent.CompletableFuture.encodeThrowable(CompletableFuture.java:332)
	at java.base/java.util.concurrent.CompletableFuture.completeThrowable(CompletableFuture.java:347)
	at java.base/java.util.concurrent.CompletableFuture$UniAccept.tryFire(CompletableFuture.java:708)
	at java.base/java.util.concurrent.CompletableFuture.postComplete(CompletableFuture.java:510)
	at java.base/java.util.concurrent.CompletableFuture.completeExceptionally(CompletableFuture.java:2194)
	at org.apache.ratis.grpc.client.GrpcClientProtocolClient$AsyncStreamObservers.completeReplyExceptionally(GrpcClientProtocolClient.java:397)
	at org.apache.ratis.grpc.client.GrpcClientProtocolClient$AsyncStreamObservers.access$000(GrpcClientProtocolClient.java:303)
	at org.apache.ratis.grpc.client.GrpcClientProtocolClient$AsyncStreamObservers$1.onError(GrpcClientProtocolClient.java:334)
	at org.apache.ratis.thirdparty.io.grpc.stub.ClientCalls$StreamObserverToCallListenerAdapter.onClose(ClientCalls.java:564)
	at org.apache.ratis.thirdparty.io.grpc.PartialForwardingClientCallListener.onClose(PartialForwardingClientCallListener.java:39)
	at org.apache.ratis.thirdparty.io.grpc.ForwardingClientCallListener.onClose(ForwardingClientCallListener.java:23)
	at org.apache.ratis.grpc.metrics.intercept.client.MetricClientCallListener.onClose(MetricClientCallListener.java:47)
	at org.apache.ratis.thirdparty.io.grpc.internal.ClientCallImpl.closeObserver(ClientCallImpl.java:565)
	at org.apache.ratis.thirdparty.io.grpc.internal.ClientCallImpl.access$100(ClientCallImpl.java:72)
	at org.apache.ratis.thirdparty.io.grpc.internal.ClientCallImpl$ClientStreamListenerImpl$1StreamClosed.runInternal(ClientCallImpl.java:733)
	at org.apache.ratis.thirdparty.io.grpc.internal.ClientCallImpl$ClientStreamListenerImpl$1StreamClosed.runInContext(ClientCallImpl.java:714)
	at org.apache.ratis.thirdparty.io.grpc.internal.ContextRunnable.run(ContextRunnable.java:37)
	at org.apache.ratis.thirdparty.io.grpc.internal.SerializingExecutor.run(SerializingExecutor.java:133)
	at java.base/java.util.concurrent.ThreadPoolExecutor.runWorker(ThreadPoolExecutor.java:1144)
	at java.base/java.util.concurrent.ThreadPoolExecutor$Worker.run(ThreadPoolExecutor.java:642)
	at java.base/java.lang.Thread.run(Thread.java:1583)
Caused by: org.apache.ratis.protocol.exceptions.GroupMismatchException: d3a92f5c-9e4a-48c5-9a32-2f34a6e85eb8: group-3C69EB928671 not found.
	at org.apache.ratis.server.impl.RaftServerProxy$ImplMap.get(RaftServerProxy.java:160)
	at org.apache.ratis.server.impl.RaftServerProxy.getImplFuture(RaftServerProxy.java:370)
	at org.apache.ratis.server.impl.RaftServerProxy.submitClientRequestAsync(RaftServerProxy.java:455)
	at org.apache.ratis.grpc.server.GrpcClientProtocolService$RequestStreamObserver.processClientRequest(GrpcClientProtocolService.java:226)
	at org.apache.ratis.grpc.server.GrpcClientProtocolService$OrderedRequestStreamObserver.processClientRequest(GrpcClientProtocolService.java:332)
	at org.apache.ratis.util.SlidingWindow$Server.processRequestsFromHead(SlidingWindow.java:467)
	at org.apache.ratis.util.SlidingWindow$Server.receivedRequest(SlidingWindow.java:459)
	at org.apache.ratis.grpc.server.GrpcClientProtocolService$OrderedRequestStreamObserver.processClientRequest(GrpcClientProtocolService.java:356)
	at org.apache.ratis.grpc.server.GrpcClientProtocolService$RequestStreamObserver.onNext(GrpcClientProtocolService.java:246)
	at org.apache.ratis.grpc.server.GrpcClientProtocolService$RequestStreamObserver.onNext(GrpcClientProtocolService.java:169)
	at org.apache.ratis.thirdparty.io.grpc.stub.ServerCalls$StreamingServerCallHandler$StreamingServerCallListener.onMessage(ServerCalls.java:262)
	at org.apache.ratis.thirdparty.io.grpc.internal.ServerCallImpl$ServerStreamListenerImpl.messagesAvailableInternal(ServerCallImpl.java:334)
	at org.apache.ratis.thirdparty.io.grpc.internal.ServerCallImpl$ServerStreamListenerImpl.messagesAvailable(ServerCallImpl.java:319)
	at org.apache.ratis.thirdparty.io.grpc.internal.ServerImpl$JumpToApplicationThreadServerStreamListener$1MessagesAvailable.runInContext(ServerImpl.java:834)
	... 5 more
2025-07-05 15:48:39,941 [grpc-default-executor-3] ERROR impl.OrderedAsync (OrderedAsync.java:lambda$send$4(181)) - Failed to send request, message=cmdType: WriteChunk
traceID: ""
containerID: 2
datanodeUuid: "694b616d-7f52-4b82-b07e-10398eb153c5"
writeChunk {
  blockID {
    containerID: 2
    localID: 115816896921600002
    blockCommitSequenceId: 2
    replicaIndex: 0
  }
  chunkData {
    chunkName: "115816896921600002_chunk_2"
    offset: 5
    len: 10
    checksumData {
      type: CRC32
      bytesPerChecksum: 16384
      checksums: "\317\357R*"
    }
  }
}
version: 3
, data.size=10
java.util.concurrent.CompletionException: org.apache.ratis.protocol.exceptions.GroupMismatchException: d3a92f5c-9e4a-48c5-9a32-2f34a6e85eb8: group-3C69EB928671 not found.
	at java.base/java.util.concurrent.CompletableFuture.encodeThrowable(CompletableFuture.java:332)
	at java.base/java.util.concurrent.CompletableFuture.completeThrowable(CompletableFuture.java:347)
	at java.base/java.util.concurrent.CompletableFuture$UniApply.tryFire(CompletableFuture.java:636)
	at java.base/java.util.concurrent.CompletableFuture.postComplete(CompletableFuture.java:510)
	at java.base/java.util.concurrent.CompletableFuture.completeExceptionally(CompletableFuture.java:2194)
	at org.apache.ratis.client.impl.OrderedAsync$PendingOrderedRequest.fail(OrderedAsync.java:111)
	at org.apache.ratis.util.SlidingWindow$Client.fail(SlidingWindow.java:395)
	at org.apache.ratis.client.impl.OrderedAsync.failAllAsyncRequests(OrderedAsync.java:155)
	at org.apache.ratis.client.impl.OrderedAsync.handleException(OrderedAsync.java:232)
	at org.apache.ratis.client.impl.OrderedAsync.lambda$sendRequestWithRetry$7(OrderedAsync.java:217)
	at java.base/java.util.concurrent.CompletableFuture.uniExceptionally(CompletableFuture.java:990)
	at java.base/java.util.concurrent.CompletableFuture$UniExceptionally.tryFire(CompletableFuture.java:974)
	at java.base/java.util.concurrent.CompletableFuture.postComplete(CompletableFuture.java:510)
	at java.base/java.util.concurrent.CompletableFuture.completeExceptionally(CompletableFuture.java:2194)
	at org.apache.ratis.grpc.client.GrpcClientProtocolClient$AsyncStreamObservers.completeReplyExceptionally(GrpcClientProtocolClient.java:397)
	at org.apache.ratis.grpc.client.GrpcClientProtocolClient$AsyncStreamObservers.access$000(GrpcClientProtocolClient.java:303)
	at org.apache.ratis.grpc.client.GrpcClientProtocolClient$AsyncStreamObservers$1.onError(GrpcClientProtocolClient.java:334)
	at org.apache.ratis.thirdparty.io.grpc.stub.ClientCalls$StreamObserverToCallListenerAdapter.onClose(ClientCalls.java:564)
	at org.apache.ratis.thirdparty.io.grpc.PartialForwardingClientCallListener.onClose(PartialForwardingClientCallListener.java:39)
	at org.apache.ratis.thirdparty.io.grpc.ForwardingClientCallListener.onClose(ForwardingClientCallListener.java:23)
	at org.apache.ratis.grpc.metrics.intercept.client.MetricClientCallListener.onClose(MetricClientCallListener.java:47)
	at org.apache.ratis.thirdparty.io.grpc.internal.ClientCallImpl.closeObserver(ClientCallImpl.java:565)
	at org.apache.ratis.thirdparty.io.grpc.internal.ClientCallImpl.access$100(ClientCallImpl.java:72)
	at org.apache.ratis.thirdparty.io.grpc.internal.ClientCallImpl$ClientStreamListenerImpl$1StreamClosed.runInternal(ClientCallImpl.java:733)
	at org.apache.ratis.thirdparty.io.grpc.internal.ClientCallImpl$ClientStreamListenerImpl$1StreamClosed.runInContext(ClientCallImpl.java:714)
	at org.apache.ratis.thirdparty.io.grpc.internal.ContextRunnable.run(ContextRunnable.java:37)
	at org.apache.ratis.thirdparty.io.grpc.internal.SerializingExecutor.run(SerializingExecutor.java:133)
	at java.base/java.util.concurrent.ThreadPoolExecutor.runWorker(ThreadPoolExecutor.java:1144)
	at java.base/java.util.concurrent.ThreadPoolExecutor$Worker.run(ThreadPoolExecutor.java:642)
	at java.base/java.lang.Thread.run(Thread.java:1583)
Caused by: org.apache.ratis.protocol.exceptions.GroupMismatchException: d3a92f5c-9e4a-48c5-9a32-2f34a6e85eb8: group-3C69EB928671 not found.
	at org.apache.ratis.server.impl.RaftServerProxy$ImplMap.get(RaftServerProxy.java:160)
	at org.apache.ratis.server.impl.RaftServerProxy.getImplFuture(RaftServerProxy.java:370)
	at org.apache.ratis.server.impl.RaftServerProxy.submitClientRequestAsync(RaftServerProxy.java:455)
	at org.apache.ratis.grpc.server.GrpcClientProtocolService$RequestStreamObserver.processClientRequest(GrpcClientProtocolService.java:226)
	at org.apache.ratis.grpc.server.GrpcClientProtocolService$OrderedRequestStreamObserver.processClientRequest(GrpcClientProtocolService.java:332)
	at org.apache.ratis.util.SlidingWindow$Server.processRequestsFromHead(SlidingWindow.java:467)
	at org.apache.ratis.util.SlidingWindow$Server.receivedRequest(SlidingWindow.java:459)
	at org.apache.ratis.grpc.server.GrpcClientProtocolService$OrderedRequestStreamObserver.processClientRequest(GrpcClientProtocolService.java:356)
	at org.apache.ratis.grpc.server.GrpcClientProtocolService$RequestStreamObserver.onNext(GrpcClientProtocolService.java:246)
	at org.apache.ratis.grpc.server.GrpcClientProtocolService$RequestStreamObserver.onNext(GrpcClientProtocolService.java:169)
	at org.apache.ratis.thirdparty.io.grpc.stub.ServerCalls$StreamingServerCallHandler$StreamingServerCallListener.onMessage(ServerCalls.java:262)
	at org.apache.ratis.thirdparty.io.grpc.internal.ServerCallImpl$ServerStreamListenerImpl.messagesAvailableInternal(ServerCallImpl.java:334)
	at org.apache.ratis.thirdparty.io.grpc.internal.ServerCallImpl$ServerStreamListenerImpl.messagesAvailable(ServerCallImpl.java:319)
	at org.apache.ratis.thirdparty.io.grpc.internal.ServerImpl$JumpToApplicationThreadServerStreamListener$1MessagesAvailable.runInContext(ServerImpl.java:834)
	... 5 more
2025-07-05 15:48:39,942 [grpc-default-executor-3] ERROR impl.OrderedAsync (OrderedAsync.java:lambda$send$4(179)) - Failed to send request, message=cmdType: PutBlock
traceID: ""
containerID: 2
datanodeUuid: "694b616d-7f52-4b82-b07e-10398eb153c5"
putBlock {
  blockData {
    blockID {
      containerID: 2
      localID: 115816896921600002
      blockCommitSequenceId: 0
    }
    metadata {
      key: "TYPE"
      value: "KEY"
    }
    chunks {
      chunkName: "115816896921600002_chunk_1"
      offset: 0
      len: 5
      checksumData {
        type: CRC32
        bytesPerChecksum: 16384
        checksums: "\350a\3440"
      }
    }
    chunks {
      chunkName: "115816896921600002_chunk_2"
      offset: 5
      len: 10
      checksumData {
        type: CRC32
        bytesPerChecksum: 16384
        checksums: "\317\357R*"
      }
    }
  }
  eof: false
}
version: 3
, data.size=0 due to java.util.concurrent.CompletionException: org.apache.ratis.protocol.exceptions.AlreadyClosedException: SlidingWindow$Client:client-42A910AE14DB->RAFT is closed.
2025-07-05 15:48:39,942 [main] WARN  io.KeyOutputStream (KeyOutputStream.java:handleExceptionInternal(377)) - Encountered exception java.io.IOException: Unexpected Storage Container Exception: java.util.concurrent.CompletionException: Failed to write chunk 115816896921600002_chunk_2 into block conID: 2 locID: 115816896921600002 bcsId: 2 replicaIndex: null on the pipeline Pipeline{ Id: e3a3bb0d-3136-4b0d-b430-3c69eb928671, Nodes: [ {694b616d-7f52-4b82-b07e-10398eb153c5(localhost/127.0.0.1), ReplicaIndex: 0}, {d3a92f5c-9e4a-48c5-9a32-2f34a6e85eb8(localhost/127.0.0.1), ReplicaIndex: 0}, {2e56514c-0608-4198-9fed-b4eba4d3d686(localhost/127.0.0.1), ReplicaIndex: 0},], ReplicationConfig: RATIS/THREE, State:OPEN, leaderId:2e56514c-0608-4198-9fed-b4eba4d3d686, CreationTimestamp2025-07-05T15:48:26.867Z[Etc/UTC]}. The last committed block length is 5, uncommitted data length is 10 retry count 0
2025-07-05 15:48:39,963 [694b616d-7f52-4b82-b07e-10398eb153c5-ChunkWriter-3-0] WARN  statemachine.DatanodeConfiguration (DatanodeConfiguration.java:validateMinFreeSpace(751)) - hdds.datanode.volume.min.free.space.percent = -1.0 is invalid, should be between 0 and 1
2025-07-05 15:48:39,965 [d3a92f5c-9e4a-48c5-9a32-2f34a6e85eb8-ChunkWriter-3-0] WARN  statemachine.DatanodeConfiguration (DatanodeConfiguration.java:validateMinFreeSpace(751)) - hdds.datanode.volume.min.free.space.percent = -1.0 is invalid, should be between 0 and 1
2025-07-05 15:48:39,965 [2e56514c-0608-4198-9fed-b4eba4d3d686-ChunkWriter-3-0] WARN  statemachine.DatanodeConfiguration (DatanodeConfiguration.java:validateMinFreeSpace(751)) - hdds.datanode.volume.min.free.space.percent = -1.0 is invalid, should be between 0 and 1
2025-07-05 15:48:39,965 [d3a92f5c-9e4a-48c5-9a32-2f34a6e85eb8-ChunkWriter-3-0] WARN  statemachine.DatanodeConfiguration (DatanodeConfiguration.java:validateMinFreeSpace(751)) - hdds.datanode.volume.min.free.space.percent = -1.0 is invalid, should be between 0 and 1
2025-07-05 15:48:39,965 [2e56514c-0608-4198-9fed-b4eba4d3d686-ChunkWriter-3-0] WARN  statemachine.DatanodeConfiguration (DatanodeConfiguration.java:validateMinFreeSpace(751)) - hdds.datanode.volume.min.free.space.percent = -1.0 is invalid, should be between 0 and 1
2025-07-05 15:48:39,966 [694b616d-7f52-4b82-b07e-10398eb153c5-ChunkWriter-3-0] WARN  statemachine.DatanodeConfiguration (DatanodeConfiguration.java:validateMinFreeSpace(751)) - hdds.datanode.volume.min.free.space.percent = -1.0 is invalid, should be between 0 and 1
2025-07-05 15:48:39,986 [main] INFO  io.BlockOutputStreamEntry (BlockOutputStreamEntry.java:writeOnRetry(192)) - BlockOutputStreamEntry:ratis1 conID: 3 locID: 115816896921600003 bcsId: 0 replicaIndex: null: Finish retrying with len 10, currentPosition 10
2025-07-05 15:48:39,986 [main] INFO  io.BlockOutputStreamEntry (BlockOutputStreamEntry.java:finishRetryHandling(141)) - BlockOutputStreamEntry:ratis1 conID: 3 locID: 115816896921600003 bcsId: 0 replicaIndex: null: Exiting retry handling mode
2025-07-05 15:48:39,999 [2e56514c-0608-4198-9fed-b4eba4d3d686@group-C1D084BE788E-StateMachineUpdater] INFO  ratis.ContainerStateMachine (ContainerStateMachine.java:takeSnapshot(427)) - group-C1D084BE788E: Taking a snapshot at:(t:1, i:4) file /home/runner/work/ozone/ozone/hadoop-ozone/integration-test/target/test-dir/MiniOzoneClusterImpl-0a3c97a5-d59a-4532-afef-c4940c4c02aa/ozone-meta/datanode-4/ratis/07c2a4b9-1a6d-4d20-b06e-c1d084be788e/sm/snapshot.1_4
2025-07-05 15:48:40,000 [694b616d-7f52-4b82-b07e-10398eb153c5@group-C1D084BE788E-StateMachineUpdater] INFO  ratis.ContainerStateMachine (ContainerStateMachine.java:takeSnapshot(427)) - group-C1D084BE788E: Taking a snapshot at:(t:1, i:6) file /home/runner/work/ozone/ozone/hadoop-ozone/integration-test/target/test-dir/MiniOzoneClusterImpl-0a3c97a5-d59a-4532-afef-c4940c4c02aa/ozone-meta/datanode-5/ratis/07c2a4b9-1a6d-4d20-b06e-c1d084be788e/sm/snapshot.1_6
2025-07-05 15:48:40,001 [d3a92f5c-9e4a-48c5-9a32-2f34a6e85eb8@group-C1D084BE788E-StateMachineUpdater] INFO  ratis.ContainerStateMachine (ContainerStateMachine.java:takeSnapshot(427)) - group-C1D084BE788E: Taking a snapshot at:(t:1, i:4) file /home/runner/work/ozone/ozone/hadoop-ozone/integration-test/target/test-dir/MiniOzoneClusterImpl-0a3c97a5-d59a-4532-afef-c4940c4c02aa/ozone-meta/datanode-6/ratis/07c2a4b9-1a6d-4d20-b06e-c1d084be788e/sm/snapshot.1_4
2025-07-05 15:48:40,001 [2e56514c-0608-4198-9fed-b4eba4d3d686@group-C1D084BE788E-StateMachineUpdater] INFO  ratis.ContainerStateMachine (ContainerStateMachine.java:takeSnapshot(436)) - group-C1D084BE788E: Finished taking a snapshot at:(t:1, i:4) file:/home/runner/work/ozone/ozone/hadoop-ozone/integration-test/target/test-dir/MiniOzoneClusterImpl-0a3c97a5-d59a-4532-afef-c4940c4c02aa/ozone-meta/datanode-4/ratis/07c2a4b9-1a6d-4d20-b06e-c1d084be788e/sm/snapshot.1_4 took: 2 ms
2025-07-05 15:48:40,001 [694b616d-7f52-4b82-b07e-10398eb153c5@group-C1D084BE788E-StateMachineUpdater] INFO  ratis.ContainerStateMachine (ContainerStateMachine.java:takeSnapshot(436)) - group-C1D084BE788E: Finished taking a snapshot at:(t:1, i:6) file:/home/runner/work/ozone/ozone/hadoop-ozone/integration-test/target/test-dir/MiniOzoneClusterImpl-0a3c97a5-d59a-4532-afef-c4940c4c02aa/ozone-meta/datanode-5/ratis/07c2a4b9-1a6d-4d20-b06e-c1d084be788e/sm/snapshot.1_6 took: 2 ms
2025-07-05 15:48:40,002 [694b616d-7f52-4b82-b07e-10398eb153c5@group-C1D084BE788E-StateMachineUpdater] INFO  impl.StateMachineUpdater (StateMachineUpdater.java:takeSnapshot(307)) - 694b616d-7f52-4b82-b07e-10398eb153c5@group-C1D084BE788E-StateMachineUpdater: Took a snapshot at index 6
2025-07-05 15:48:40,002 [d3a92f5c-9e4a-48c5-9a32-2f34a6e85eb8@group-C1D084BE788E-StateMachineUpdater] INFO  ratis.ContainerStateMachine (ContainerStateMachine.java:takeSnapshot(436)) - group-C1D084BE788E: Finished taking a snapshot at:(t:1, i:4) file:/home/runner/work/ozone/ozone/hadoop-ozone/integration-test/target/test-dir/MiniOzoneClusterImpl-0a3c97a5-d59a-4532-afef-c4940c4c02aa/ozone-meta/datanode-6/ratis/07c2a4b9-1a6d-4d20-b06e-c1d084be788e/sm/snapshot.1_4 took: 1 ms
2025-07-05 15:48:40,002 [694b616d-7f52-4b82-b07e-10398eb153c5@group-C1D084BE788E-StateMachineUpdater] INFO  impl.StateMachineUpdater (StateMachineUpdater.java:lambda$new$0(101)) - 694b616d-7f52-4b82-b07e-10398eb153c5@group-C1D084BE788E-StateMachineUpdater: snapshotIndex: updateIncreasingly 0 -> 6
2025-07-05 15:48:40,002 [2e56514c-0608-4198-9fed-b4eba4d3d686@group-C1D084BE788E-StateMachineUpdater] INFO  impl.StateMachineUpdater (StateMachineUpdater.java:takeSnapshot(307)) - 2e56514c-0608-4198-9fed-b4eba4d3d686@group-C1D084BE788E-StateMachineUpdater: Took a snapshot at index 4
2025-07-05 15:48:40,002 [2e56514c-0608-4198-9fed-b4eba4d3d686@group-C1D084BE788E-StateMachineUpdater] INFO  impl.StateMachineUpdater (StateMachineUpdater.java:lambda$new$0(101)) - 2e56514c-0608-4198-9fed-b4eba4d3d686@group-C1D084BE788E-StateMachineUpdater: snapshotIndex: updateIncreasingly 0 -> 4
2025-07-05 15:48:40,002 [d3a92f5c-9e4a-48c5-9a32-2f34a6e85eb8@group-C1D084BE788E-StateMachineUpdater] INFO  impl.StateMachineUpdater (StateMachineUpdater.java:takeSnapshot(307)) - d3a92f5c-9e4a-48c5-9a32-2f34a6e85eb8@group-C1D084BE788E-StateMachineUpdater: Took a snapshot at index 4
2025-07-05 15:48:40,002 [d3a92f5c-9e4a-48c5-9a32-2f34a6e85eb8@group-C1D084BE788E-StateMachineUpdater] INFO  impl.StateMachineUpdater (StateMachineUpdater.java:lambda$new$0(101)) - d3a92f5c-9e4a-48c5-9a32-2f34a6e85eb8@group-C1D084BE788E-StateMachineUpdater: snapshotIndex: updateIncreasingly 0 -> 4
2025-07-05 15:48:40,004 [694b616d-7f52-4b82-b07e-10398eb153c5@group-C1D084BE788E-StateMachineUpdater] INFO  ratis.ContainerStateMachine (ContainerStateMachine.java:takeSnapshot(427)) - group-C1D084BE788E: Taking a snapshot at:(t:1, i:8) file /home/runner/work/ozone/ozone/hadoop-ozone/integration-test/target/test-dir/MiniOzoneClusterImpl-0a3c97a5-d59a-4532-afef-c4940c4c02aa/ozone-meta/datanode-5/ratis/07c2a4b9-1a6d-4d20-b06e-c1d084be788e/sm/snapshot.1_8
2025-07-05 15:48:40,006 [d3a92f5c-9e4a-48c5-9a32-2f34a6e85eb8@group-C1D084BE788E-StateMachineUpdater] INFO  ratis.ContainerStateMachine (ContainerStateMachine.java:takeSnapshot(427)) - group-C1D084BE788E: Taking a snapshot at:(t:1, i:6) file /home/runner/work/ozone/ozone/hadoop-ozone/integration-test/target/test-dir/MiniOzoneClusterImpl-0a3c97a5-d59a-4532-afef-c4940c4c02aa/ozone-meta/datanode-6/ratis/07c2a4b9-1a6d-4d20-b06e-c1d084be788e/sm/snapshot.1_6
2025-07-05 15:48:40,006 [694b616d-7f52-4b82-b07e-10398eb153c5@group-C1D084BE788E-StateMachineUpdater] INFO  ratis.ContainerStateMachine (ContainerStateMachine.java:takeSnapshot(436)) - group-C1D084BE788E: Finished taking a snapshot at:(t:1, i:8) file:/home/runner/work/ozone/ozone/hadoop-ozone/integration-test/target/test-dir/MiniOzoneClusterImpl-0a3c97a5-d59a-4532-afef-c4940c4c02aa/ozone-meta/datanode-5/ratis/07c2a4b9-1a6d-4d20-b06e-c1d084be788e/sm/snapshot.1_8 took: 1 ms
2025-07-05 15:48:40,006 [694b616d-7f52-4b82-b07e-10398eb153c5@group-C1D084BE788E-StateMachineUpdater] INFO  impl.StateMachineUpdater (StateMachineUpdater.java:takeSnapshot(307)) - 694b616d-7f52-4b82-b07e-10398eb153c5@group-C1D084BE788E-StateMachineUpdater: Took a snapshot at index 8
2025-07-05 15:48:40,006 [694b616d-7f52-4b82-b07e-10398eb153c5@group-C1D084BE788E-StateMachineUpdater] INFO  impl.StateMachineUpdater (StateMachineUpdater.java:lambda$new$0(101)) - 694b616d-7f52-4b82-b07e-10398eb153c5@group-C1D084BE788E-StateMachineUpdater: snapshotIndex: updateIncreasingly 6 -> 8
2025-07-05 15:48:40,007 [d3a92f5c-9e4a-48c5-9a32-2f34a6e85eb8@group-C1D084BE788E-StateMachineUpdater] INFO  ratis.ContainerStateMachine (ContainerStateMachine.java:takeSnapshot(436)) - group-C1D084BE788E: Finished taking a snapshot at:(t:1, i:6) file:/home/runner/work/ozone/ozone/hadoop-ozone/integration-test/target/test-dir/MiniOzoneClusterImpl-0a3c97a5-d59a-4532-afef-c4940c4c02aa/ozone-meta/datanode-6/ratis/07c2a4b9-1a6d-4d20-b06e-c1d084be788e/sm/snapshot.1_6 took: 2 ms
2025-07-05 15:48:40,008 [d3a92f5c-9e4a-48c5-9a32-2f34a6e85eb8@group-C1D084BE788E-StateMachineUpdater] INFO  impl.StateMachineUpdater (StateMachineUpdater.java:takeSnapshot(307)) - d3a92f5c-9e4a-48c5-9a32-2f34a6e85eb8@group-C1D084BE788E-StateMachineUpdater: Took a snapshot at index 6
2025-07-05 15:48:40,008 [d3a92f5c-9e4a-48c5-9a32-2f34a6e85eb8@group-C1D084BE788E-StateMachineUpdater] INFO  impl.StateMachineUpdater (StateMachineUpdater.java:lambda$new$0(101)) - d3a92f5c-9e4a-48c5-9a32-2f34a6e85eb8@group-C1D084BE788E-StateMachineUpdater: snapshotIndex: updateIncreasingly 4 -> 6
2025-07-05 15:48:40,017 [d3a92f5c-9e4a-48c5-9a32-2f34a6e85eb8@group-C1D084BE788E-StateMachineUpdater] INFO  ratis.ContainerStateMachine (ContainerStateMachine.java:takeSnapshot(427)) - group-C1D084BE788E: Taking a snapshot at:(t:1, i:8) file /home/runner/work/ozone/ozone/hadoop-ozone/integration-test/target/test-dir/MiniOzoneClusterImpl-0a3c97a5-d59a-4532-afef-c4940c4c02aa/ozone-meta/datanode-6/ratis/07c2a4b9-1a6d-4d20-b06e-c1d084be788e/sm/snapshot.1_8
2025-07-05 15:48:40,019 [2e56514c-0608-4198-9fed-b4eba4d3d686@group-C1D084BE788E-StateMachineUpdater] INFO  ratis.ContainerStateMachine (ContainerStateMachine.java:takeSnapshot(427)) - group-C1D084BE788E: Taking a snapshot at:(t:1, i:8) file /home/runner/work/ozone/ozone/hadoop-ozone/integration-test/target/test-dir/MiniOzoneClusterImpl-0a3c97a5-d59a-4532-afef-c4940c4c02aa/ozone-meta/datanode-4/ratis/07c2a4b9-1a6d-4d20-b06e-c1d084be788e/sm/snapshot.1_8
2025-07-05 15:48:40,021 [d3a92f5c-9e4a-48c5-9a32-2f34a6e85eb8@group-C1D084BE788E-StateMachineUpdater] INFO  ratis.ContainerStateMachine (ContainerStateMachine.java:takeSnapshot(436)) - group-C1D084BE788E: Finished taking a snapshot at:(t:1, i:8) file:/home/runner/work/ozone/ozone/hadoop-ozone/integration-test/target/test-dir/MiniOzoneClusterImpl-0a3c97a5-d59a-4532-afef-c4940c4c02aa/ozone-meta/datanode-6/ratis/07c2a4b9-1a6d-4d20-b06e-c1d084be788e/sm/snapshot.1_8 took: 4 ms
2025-07-05 15:48:40,021 [2e56514c-0608-4198-9fed-b4eba4d3d686@group-C1D084BE788E-StateMachineUpdater] INFO  ratis.ContainerStateMachine (ContainerStateMachine.java:takeSnapshot(436)) - group-C1D084BE788E: Finished taking a snapshot at:(t:1, i:8) file:/home/runner/work/ozone/ozone/hadoop-ozone/integration-test/target/test-dir/MiniOzoneClusterImpl-0a3c97a5-d59a-4532-afef-c4940c4c02aa/ozone-meta/datanode-4/ratis/07c2a4b9-1a6d-4d20-b06e-c1d084be788e/sm/snapshot.1_8 took: 3 ms
2025-07-05 15:48:40,022 [2e56514c-0608-4198-9fed-b4eba4d3d686@group-C1D084BE788E-StateMachineUpdater] INFO  impl.StateMachineUpdater (StateMachineUpdater.java:takeSnapshot(307)) - 2e56514c-0608-4198-9fed-b4eba4d3d686@group-C1D084BE788E-StateMachineUpdater: Took a snapshot at index 8
2025-07-05 15:48:40,022 [2e56514c-0608-4198-9fed-b4eba4d3d686@group-C1D084BE788E-StateMachineUpdater] INFO  impl.StateMachineUpdater (StateMachineUpdater.java:lambda$new$0(101)) - 2e56514c-0608-4198-9fed-b4eba4d3d686@group-C1D084BE788E-StateMachineUpdater: snapshotIndex: updateIncreasingly 4 -> 8
2025-07-05 15:48:40,023 [d3a92f5c-9e4a-48c5-9a32-2f34a6e85eb8@group-C1D084BE788E-StateMachineUpdater] INFO  impl.StateMachineUpdater (StateMachineUpdater.java:takeSnapshot(307)) - d3a92f5c-9e4a-48c5-9a32-2f34a6e85eb8@group-C1D084BE788E-StateMachineUpdater: Took a snapshot at index 8
2025-07-05 15:48:40,023 [d3a92f5c-9e4a-48c5-9a32-2f34a6e85eb8@group-C1D084BE788E-StateMachineUpdater] INFO  impl.StateMachineUpdater (StateMachineUpdater.java:lambda$new$0(101)) - d3a92f5c-9e4a-48c5-9a32-2f34a6e85eb8@group-C1D084BE788E-StateMachineUpdater: snapshotIndex: updateIncreasingly 6 -> 8
2025-07-05 15:48:40,251 [694b616d-7f52-4b82-b07e-10398eb153c5-ChunkReader-4] ERROR helpers.ContainerUtils (ContainerUtils.java:getChunkDir(273)) - Chunks dir /home/runner/work/ozone/ozone/hadoop-ozone/integration-test/target/test-dir/MiniOzoneClusterImpl-0a3c97a5-d59a-4532-afef-c4940c4c02aa/ozone-meta/datanode-5/data-0/hdds/0a3c97a5-d59a-4532-afef-c4940c4c02aa/current/containerDir0/2/chunks does not exist
2025-07-05 15:48:40,251 [694b616d-7f52-4b82-b07e-10398eb153c5-ChunkReader-4] WARN  keyvalue.KeyValueHandler (ContainerUtils.java:logAndReturnError(94)) - Operation: ReadChunk , Trace ID:  , Message: Chunks directory /home/runner/work/ozone/ozone/hadoop-ozone/integration-test/target/test-dir/MiniOzoneClusterImpl-0a3c97a5-d59a-4532-afef-c4940c4c02aa/ozone-meta/datanode-5/data-0/hdds/0a3c97a5-d59a-4532-afef-c4940c4c02aa/current/containerDir0/2/chunks does not exist. , Result: UNABLE_TO_FIND_DATA_DIR , StorageContainerException Occurred.
org.apache.hadoop.hdds.scm.container.common.helpers.StorageContainerException: Chunks directory /home/runner/work/ozone/ozone/hadoop-ozone/integration-test/target/test-dir/MiniOzoneClusterImpl-0a3c97a5-d59a-4532-afef-c4940c4c02aa/ozone-meta/datanode-5/data-0/hdds/0a3c97a5-d59a-4532-afef-c4940c4c02aa/current/containerDir0/2/chunks does not exist.
	at org.apache.hadoop.ozone.container.common.helpers.ContainerUtils.getChunkDir(ContainerUtils.java:275)
	at org.apache.hadoop.ozone.container.common.impl.ContainerLayoutVersion.getChunkFile(ContainerLayoutVersion.java:115)
	at org.apache.hadoop.ozone.container.keyvalue.impl.FilePerBlockStrategy.getChunkFile(FilePerBlockStrategy.java:300)
	at org.apache.hadoop.ozone.container.keyvalue.impl.FilePerBlockStrategy.readChunk(FilePerBlockStrategy.java:216)
	at org.apache.hadoop.ozone.container.keyvalue.impl.ChunkManagerDispatcher.readChunk(ChunkManagerDispatcher.java:108)
	at org.apache.hadoop.ozone.container.keyvalue.KeyValueHandler.handleReadChunk(KeyValueHandler.java:936)
	at org.apache.hadoop.ozone.container.keyvalue.KeyValueHandler.dispatchRequest(KeyValueHandler.java:338)
	at org.apache.hadoop.ozone.container.keyvalue.KeyValueHandler.handle(KeyValueHandler.java:293)
	at org.apache.hadoop.ozone.container.common.impl.HddsDispatcher.dispatchRequest(HddsDispatcher.java:365)
	at org.apache.hadoop.ozone.container.common.impl.HddsDispatcher.lambda$dispatch$1(HddsDispatcher.java:190)
	at org.apache.hadoop.hdds.server.OzoneProtocolMessageDispatcher.processRequest(OzoneProtocolMessageDispatcher.java:87)
	at org.apache.hadoop.ozone.container.common.impl.HddsDispatcher.dispatch(HddsDispatcher.java:189)
	at org.apache.hadoop.ozone.container.common.transport.server.GrpcXceiverService$1.onNext(GrpcXceiverService.java:107)
	at org.apache.hadoop.ozone.container.common.transport.server.GrpcXceiverService$1.onNext(GrpcXceiverService.java:96)
	at org.apache.ratis.thirdparty.io.grpc.stub.ServerCalls$StreamingServerCallHandler$StreamingServerCallListener.onMessage(ServerCalls.java:262)
	at org.apache.ratis.thirdparty.io.grpc.ForwardingServerCallListener.onMessage(ForwardingServerCallListener.java:33)
	at org.apache.hadoop.hdds.tracing.GrpcServerInterceptor$1.onMessage(GrpcServerInterceptor.java:49)
	at org.apache.ratis.thirdparty.io.grpc.internal.ServerCallImpl$ServerStreamListenerImpl.messagesAvailableInternal(ServerCallImpl.java:334)
	at org.apache.ratis.thirdparty.io.grpc.internal.ServerCallImpl$ServerStreamListenerImpl.messagesAvailable(ServerCallImpl.java:319)
	at org.apache.ratis.thirdparty.io.grpc.internal.ServerImpl$JumpToApplicationThreadServerStreamListener$1MessagesAvailable.runInContext(ServerImpl.java:834)
	at org.apache.ratis.thirdparty.io.grpc.internal.ContextRunnable.run(ContextRunnable.java:37)
	at org.apache.ratis.thirdparty.io.grpc.internal.SerializingExecutor.run(SerializingExecutor.java:133)
	at java.base/java.util.concurrent.ThreadPoolExecutor.runWorker(ThreadPoolExecutor.java:1144)
	at java.base/java.util.concurrent.ThreadPoolExecutor$Worker.run(ThreadPoolExecutor.java:642)
	at java.base/java.lang.Thread.run(Thread.java:1583)
2025-07-05T15:48:40.252324740Z 694b616d-7f52-4b82-b07e-10398eb153c5-ChunkReader-4 ERROR user=null | ip=null | op=READ_CHUNK {blockData=conID: 2 locID: 115816896921600002 bcsId: 2 replicaIndex: null, offset=0, size=5} | ret=FAILURE
java.lang.Exception: Chunks directory /home/runner/work/ozone/ozone/hadoop-ozone/integration-test/target/test-dir/MiniOzoneClusterImpl-0a3c97a5-d59a-4532-afef-c4940c4c02aa/ozone-meta/datanode-5/data-0/hdds/0a3c97a5-d59a-4532-afef-c4940c4c02aa/current/containerDir0/2/chunks does not exist.
	at org.apache.hadoop.ozone.container.common.impl.HddsDispatcher.dispatchRequest(HddsDispatcher.java:439)
	at org.apache.hadoop.ozone.container.common.impl.HddsDispatcher.lambda$dispatch$1(HddsDispatcher.java:190)
	at org.apache.hadoop.hdds.server.OzoneProtocolMessageDispatcher.processRequest(OzoneProtocolMessageDispatcher.java:87)
	at org.apache.hadoop.ozone.container.common.impl.HddsDispatcher.dispatch(HddsDispatcher.java:189)
	at org.apache.hadoop.ozone.container.common.transport.server.GrpcXceiverService$1.onNext(GrpcXceiverService.java:107)
	at org.apache.hadoop.ozone.container.common.transport.server.GrpcXceiverService$1.onNext(GrpcXceiverService.java:96)
	at org.apache.ratis.thirdparty.io.grpc.stub.ServerCalls$StreamingServerCallHandler$StreamingServerCallListener.onMessage(ServerCalls.java:262)
	at org.apache.ratis.thirdparty.io.grpc.ForwardingServerCallListener.onMessage(ForwardingServerCallListener.java:33)
	at org.apache.hadoop.hdds.tracing.GrpcServerInterceptor$1.onMessage(GrpcServerInterceptor.java:49)
	at org.apache.ratis.thirdparty.io.grpc.internal.ServerCallImpl$ServerStreamListenerImpl.messagesAvailableInternal(ServerCallImpl.java:334)
	at org.apache.ratis.thirdparty.io.grpc.internal.ServerCallImpl$ServerStreamListenerImpl.messagesAvailable(ServerCallImpl.java:319)
	at org.apache.ratis.thirdparty.io.grpc.internal.ServerImpl$JumpToApplicationThreadServerStreamListener$1MessagesAvailable.runInContext(ServerImpl.java:834)
	at org.apache.ratis.thirdparty.io.grpc.internal.ContextRunnable.run(ContextRunnable.java:37)
	at org.apache.ratis.thirdparty.io.grpc.internal.SerializingExecutor.run(SerializingExecutor.java:133)
	at java.base/java.util.concurrent.ThreadPoolExecutor.runWorker(ThreadPoolExecutor.java:1144)
	at java.base/java.util.concurrent.ThreadPoolExecutor$Worker.run(ThreadPoolExecutor.java:642)
	at java.base/java.lang.Thread.run(Thread.java:1583)
]]></system-out>
  </testcase>
  <testcase name="testWriteStateMachineDataIdempotencyWithClosedContainer" classname="org.apache.hadoop.ozone.client.rpc.TestContainerStateMachineFailures" time="0.38">
    <failure message="expected: &lt;UNHEALTHY&gt; but was: &lt;CLOSED&gt;" type="org.opentest4j.AssertionFailedError"><![CDATA[org.opentest4j.AssertionFailedError: expected: <UNHEALTHY> but was: <CLOSED>
	at org.junit.jupiter.api.AssertionFailureBuilder.build(AssertionFailureBuilder.java:151)
	at org.junit.jupiter.api.AssertionFailureBuilder.buildAndThrow(AssertionFailureBuilder.java:132)
	at org.junit.jupiter.api.AssertSame.failNotSame(AssertSame.java:50)
	at org.junit.jupiter.api.AssertSame.assertSame(AssertSame.java:35)
	at org.junit.jupiter.api.AssertSame.assertSame(AssertSame.java:30)
	at org.junit.jupiter.api.Assertions.assertSame(Assertions.java:2860)
	at org.apache.hadoop.ozone.client.rpc.TestContainerStateMachineFailures.testWriteStateMachineDataIdempotencyWithClosedContainer(TestContainerStateMachineFailures.java:738)
	at java.base/java.lang.reflect.Method.invoke(Method.java:580)
	at java.base/java.util.ArrayList.forEach(ArrayList.java:1596)
	at java.base/java.util.ArrayList.forEach(ArrayList.java:1596)
]]></failure>
    <system-out><![CDATA[2025-07-05 15:48:40,314 [b5b4f89f-93bb-4b69-9074-7f3b90eee2a4-ChunkWriter-0-0] WARN  statemachine.DatanodeConfiguration (DatanodeConfiguration.java:validateMinFreeSpace(751)) - hdds.datanode.volume.min.free.space.percent = -1.0 is invalid, should be between 0 and 1
2025-07-05 15:48:40,315 [b5b4f89f-93bb-4b69-9074-7f3b90eee2a4-ChunkWriter-0-0] WARN  statemachine.DatanodeConfiguration (DatanodeConfiguration.java:validateMinFreeSpace(751)) - hdds.datanode.volume.min.free.space.percent = -1.0 is invalid, should be between 0 and 1
2025-07-05 15:48:40,327 [b5b4f89f-93bb-4b69-9074-7f3b90eee2a4@group-71C65C083DD1-StateMachineUpdater] INFO  ratis.ContainerStateMachine (ContainerStateMachine.java:takeSnapshot(427)) - group-71C65C083DD1: Taking a snapshot at:(t:1, i:4) file /home/runner/work/ozone/ozone/hadoop-ozone/integration-test/target/test-dir/MiniOzoneClusterImpl-0a3c97a5-d59a-4532-afef-c4940c4c02aa/ozone-meta/datanode-3/ratis/7849761d-e98b-4551-9208-71c65c083dd1/sm/snapshot.1_4
2025-07-05 15:48:40,328 [b5b4f89f-93bb-4b69-9074-7f3b90eee2a4@group-71C65C083DD1-StateMachineUpdater] INFO  ratis.ContainerStateMachine (ContainerStateMachine.java:takeSnapshot(436)) - group-71C65C083DD1: Finished taking a snapshot at:(t:1, i:4) file:/home/runner/work/ozone/ozone/hadoop-ozone/integration-test/target/test-dir/MiniOzoneClusterImpl-0a3c97a5-d59a-4532-afef-c4940c4c02aa/ozone-meta/datanode-3/ratis/7849761d-e98b-4551-9208-71c65c083dd1/sm/snapshot.1_4 took: 1 ms
2025-07-05 15:48:40,328 [b5b4f89f-93bb-4b69-9074-7f3b90eee2a4@group-71C65C083DD1-StateMachineUpdater] INFO  impl.StateMachineUpdater (StateMachineUpdater.java:takeSnapshot(307)) - b5b4f89f-93bb-4b69-9074-7f3b90eee2a4@group-71C65C083DD1-StateMachineUpdater: Took a snapshot at index 4
2025-07-05 15:48:40,328 [b5b4f89f-93bb-4b69-9074-7f3b90eee2a4@group-71C65C083DD1-StateMachineUpdater] INFO  impl.StateMachineUpdater (StateMachineUpdater.java:lambda$new$0(101)) - b5b4f89f-93bb-4b69-9074-7f3b90eee2a4@group-71C65C083DD1-StateMachineUpdater: snapshotIndex: updateIncreasingly 0 -> 4
2025-07-05 15:48:40,330 [b5b4f89f-93bb-4b69-9074-7f3b90eee2a4@group-71C65C083DD1-StateMachineUpdater] INFO  ratis.ContainerStateMachine (ContainerStateMachine.java:takeSnapshot(427)) - group-71C65C083DD1: Taking a snapshot at:(t:1, i:7) file /home/runner/work/ozone/ozone/hadoop-ozone/integration-test/target/test-dir/MiniOzoneClusterImpl-0a3c97a5-d59a-4532-afef-c4940c4c02aa/ozone-meta/datanode-3/ratis/7849761d-e98b-4551-9208-71c65c083dd1/sm/snapshot.1_7
2025-07-05 15:48:40,331 [b5b4f89f-93bb-4b69-9074-7f3b90eee2a4@group-71C65C083DD1-StateMachineUpdater] INFO  ratis.ContainerStateMachine (ContainerStateMachine.java:takeSnapshot(436)) - group-71C65C083DD1: Finished taking a snapshot at:(t:1, i:7) file:/home/runner/work/ozone/ozone/hadoop-ozone/integration-test/target/test-dir/MiniOzoneClusterImpl-0a3c97a5-d59a-4532-afef-c4940c4c02aa/ozone-meta/datanode-3/ratis/7849761d-e98b-4551-9208-71c65c083dd1/sm/snapshot.1_7 took: 1 ms
2025-07-05 15:48:40,331 [b5b4f89f-93bb-4b69-9074-7f3b90eee2a4@group-71C65C083DD1-StateMachineUpdater] INFO  impl.StateMachineUpdater (StateMachineUpdater.java:takeSnapshot(307)) - b5b4f89f-93bb-4b69-9074-7f3b90eee2a4@group-71C65C083DD1-StateMachineUpdater: Took a snapshot at index 7
2025-07-05 15:48:40,331 [b5b4f89f-93bb-4b69-9074-7f3b90eee2a4@group-71C65C083DD1-StateMachineUpdater] INFO  impl.StateMachineUpdater (StateMachineUpdater.java:lambda$new$0(101)) - b5b4f89f-93bb-4b69-9074-7f3b90eee2a4@group-71C65C083DD1-StateMachineUpdater: snapshotIndex: updateIncreasingly 4 -> 7
2025-07-05 15:48:40,336 [main] INFO  ratis.ContainerStateMachine (ContainerStateMachine.java:takeSnapshot(427)) - group-71C65C083DD1: Taking a snapshot at:(t:1, i:7) file /home/runner/work/ozone/ozone/hadoop-ozone/integration-test/target/test-dir/MiniOzoneClusterImpl-0a3c97a5-d59a-4532-afef-c4940c4c02aa/ozone-meta/datanode-3/ratis/7849761d-e98b-4551-9208-71c65c083dd1/sm/snapshot.1_7
2025-07-05 15:48:40,337 [main] INFO  ratis.ContainerStateMachine (ContainerStateMachine.java:takeSnapshot(436)) - group-71C65C083DD1: Finished taking a snapshot at:(t:1, i:7) file:/home/runner/work/ozone/ozone/hadoop-ozone/integration-test/target/test-dir/MiniOzoneClusterImpl-0a3c97a5-d59a-4532-afef-c4940c4c02aa/ozone-meta/datanode-3/ratis/7849761d-e98b-4551-9208-71c65c083dd1/sm/snapshot.1_7 took: 0 ms
2025-07-05 15:48:40,393 [main] INFO  proxy.SCMContainerLocationFailoverProxyProvider (SCMFailoverProxyProviderBase.java:<init>(120)) - Created fail-over proxy for protocol StorageContainerLocationProtocolPB with 1 nodes: [nodeId=scmNodeId,nodeAddress=/0.0.0.0:15000]
2025-07-05 15:48:40,416 [b5b4f89f-93bb-4b69-9074-7f3b90eee2a4-ChunkWriter-0-0] WARN  helpers.ChunkUtils (ChunkUtils.java:validateChunkForOverwrite(378)) - Duplicate write chunk request. Chunk overwrite without explicit request. ChunkInfo{chunkName='115816896921600004.data.0, offset=0, len=5}
2025-07-05 15:48:40,418 [b5b4f89f-93bb-4b69-9074-7f3b90eee2a4-ChunkWriter-0-0] WARN  helpers.ChunkUtils (ChunkUtils.java:validateChunkForOverwrite(378)) - Duplicate write chunk request. Chunk overwrite without explicit request. ChunkInfo{chunkName='115816896921600004.data.0, offset=0, len=5}
2025-07-05 15:48:40,422 [b5b4f89f-93bb-4b69-9074-7f3b90eee2a4-ChunkWriter-0-0] WARN  helpers.ChunkUtils (ChunkUtils.java:validateChunkForOverwrite(378)) - Duplicate write chunk request. Chunk overwrite without explicit request. ChunkInfo{chunkName='115816896921600004.data.0, offset=0, len=5}
2025-07-05 15:48:40,423 [b5b4f89f-93bb-4b69-9074-7f3b90eee2a4-ChunkWriter-0-0] WARN  helpers.ChunkUtils (ChunkUtils.java:validateChunkForOverwrite(378)) - Duplicate write chunk request. Chunk overwrite without explicit request. ChunkInfo{chunkName='115816896921600004.data.0, offset=0, len=5}
2025-07-05 15:48:40,425 [b5b4f89f-93bb-4b69-9074-7f3b90eee2a4-ChunkWriter-0-0] WARN  helpers.ChunkUtils (ChunkUtils.java:validateChunkForOverwrite(378)) - Duplicate write chunk request. Chunk overwrite without explicit request. ChunkInfo{chunkName='115816896921600004.data.0, offset=0, len=5}
2025-07-05 15:48:40,426 [b5b4f89f-93bb-4b69-9074-7f3b90eee2a4-ChunkWriter-0-0] WARN  helpers.ChunkUtils (ChunkUtils.java:validateChunkForOverwrite(378)) - Duplicate write chunk request. Chunk overwrite without explicit request. ChunkInfo{chunkName='115816896921600004.data.0, offset=0, len=5}
2025-07-05 15:48:40,428 [b5b4f89f-93bb-4b69-9074-7f3b90eee2a4-ChunkWriter-0-0] WARN  helpers.ChunkUtils (ChunkUtils.java:validateChunkForOverwrite(378)) - Duplicate write chunk request. Chunk overwrite without explicit request. ChunkInfo{chunkName='115816896921600004.data.0, offset=0, len=5}
2025-07-05 15:48:40,429 [b5b4f89f-93bb-4b69-9074-7f3b90eee2a4-ChunkWriter-0-0] WARN  helpers.ChunkUtils (ChunkUtils.java:validateChunkForOverwrite(378)) - Duplicate write chunk request. Chunk overwrite without explicit request. ChunkInfo{chunkName='115816896921600004.data.0, offset=0, len=5}
2025-07-05 15:48:40,432 [b5b4f89f-93bb-4b69-9074-7f3b90eee2a4@group-71C65C083DD1-StateMachineUpdater] INFO  ratis.ContainerStateMachine (ContainerStateMachine.java:takeSnapshot(427)) - group-71C65C083DD1: Taking a snapshot at:(t:1, i:15) file /home/runner/work/ozone/ozone/hadoop-ozone/integration-test/target/test-dir/MiniOzoneClusterImpl-0a3c97a5-d59a-4532-afef-c4940c4c02aa/ozone-meta/datanode-3/ratis/7849761d-e98b-4551-9208-71c65c083dd1/sm/snapshot.1_15
2025-07-05 15:48:40,432 [b5b4f89f-93bb-4b69-9074-7f3b90eee2a4-ChunkWriter-0-0] WARN  helpers.ChunkUtils (ChunkUtils.java:validateChunkForOverwrite(378)) - Duplicate write chunk request. Chunk overwrite without explicit request. ChunkInfo{chunkName='115816896921600004.data.0, offset=0, len=5}
2025-07-05 15:48:40,434 [b5b4f89f-93bb-4b69-9074-7f3b90eee2a4@group-71C65C083DD1-StateMachineUpdater] INFO  ratis.ContainerStateMachine (ContainerStateMachine.java:takeSnapshot(436)) - group-71C65C083DD1: Finished taking a snapshot at:(t:1, i:15) file:/home/runner/work/ozone/ozone/hadoop-ozone/integration-test/target/test-dir/MiniOzoneClusterImpl-0a3c97a5-d59a-4532-afef-c4940c4c02aa/ozone-meta/datanode-3/ratis/7849761d-e98b-4551-9208-71c65c083dd1/sm/snapshot.1_15 took: 2 ms
2025-07-05 15:48:40,434 [b5b4f89f-93bb-4b69-9074-7f3b90eee2a4@group-71C65C083DD1-StateMachineUpdater] INFO  impl.StateMachineUpdater (StateMachineUpdater.java:takeSnapshot(307)) - b5b4f89f-93bb-4b69-9074-7f3b90eee2a4@group-71C65C083DD1-StateMachineUpdater: Took a snapshot at index 15
2025-07-05 15:48:40,434 [b5b4f89f-93bb-4b69-9074-7f3b90eee2a4@group-71C65C083DD1-StateMachineUpdater] INFO  impl.StateMachineUpdater (StateMachineUpdater.java:lambda$new$0(101)) - b5b4f89f-93bb-4b69-9074-7f3b90eee2a4@group-71C65C083DD1-StateMachineUpdater: snapshotIndex: updateIncreasingly 7 -> 15
2025-07-05 15:48:40,434 [b5b4f89f-93bb-4b69-9074-7f3b90eee2a4-ChunkWriter-0-0] WARN  helpers.ChunkUtils (ChunkUtils.java:validateChunkForOverwrite(378)) - Duplicate write chunk request. Chunk overwrite without explicit request. ChunkInfo{chunkName='115816896921600004.data.0, offset=0, len=5}
2025-07-05 15:48:40,437 [b5b4f89f-93bb-4b69-9074-7f3b90eee2a4-ChunkWriter-0-0] WARN  helpers.ChunkUtils (ChunkUtils.java:validateChunkForOverwrite(378)) - Duplicate write chunk request. Chunk overwrite without explicit request. ChunkInfo{chunkName='115816896921600004.data.0, offset=0, len=5}
2025-07-05 15:48:40,439 [b5b4f89f-93bb-4b69-9074-7f3b90eee2a4-ChunkWriter-0-0] WARN  helpers.ChunkUtils (ChunkUtils.java:validateChunkForOverwrite(378)) - Duplicate write chunk request. Chunk overwrite without explicit request. ChunkInfo{chunkName='115816896921600004.data.0, offset=0, len=5}
2025-07-05 15:48:40,441 [b5b4f89f-93bb-4b69-9074-7f3b90eee2a4-ChunkWriter-0-0] WARN  helpers.ChunkUtils (ChunkUtils.java:validateChunkForOverwrite(378)) - Duplicate write chunk request. Chunk overwrite without explicit request. ChunkInfo{chunkName='115816896921600004.data.0, offset=0, len=5}
2025-07-05 15:48:40,443 [b5b4f89f-93bb-4b69-9074-7f3b90eee2a4-ChunkWriter-0-0] WARN  helpers.ChunkUtils (ChunkUtils.java:validateChunkForOverwrite(378)) - Duplicate write chunk request. Chunk overwrite without explicit request. ChunkInfo{chunkName='115816896921600004.data.0, offset=0, len=5}
2025-07-05 15:48:40,446 [b5b4f89f-93bb-4b69-9074-7f3b90eee2a4@group-71C65C083DD1-StateMachineUpdater] INFO  ratis.ContainerStateMachine (ContainerStateMachine.java:takeSnapshot(427)) - group-71C65C083DD1: Taking a snapshot at:(t:1, i:23) file /home/runner/work/ozone/ozone/hadoop-ozone/integration-test/target/test-dir/MiniOzoneClusterImpl-0a3c97a5-d59a-4532-afef-c4940c4c02aa/ozone-meta/datanode-3/ratis/7849761d-e98b-4551-9208-71c65c083dd1/sm/snapshot.1_23
2025-07-05 15:48:40,446 [b5b4f89f-93bb-4b69-9074-7f3b90eee2a4-ChunkWriter-0-0] WARN  helpers.ChunkUtils (ChunkUtils.java:validateChunkForOverwrite(378)) - Duplicate write chunk request. Chunk overwrite without explicit request. ChunkInfo{chunkName='115816896921600004.data.0, offset=0, len=5}
2025-07-05 15:48:40,447 [b5b4f89f-93bb-4b69-9074-7f3b90eee2a4-ChunkWriter-0-0] WARN  helpers.ChunkUtils (ChunkUtils.java:validateChunkForOverwrite(378)) - Duplicate write chunk request. Chunk overwrite without explicit request. ChunkInfo{chunkName='115816896921600004.data.0, offset=0, len=5}
2025-07-05 15:48:40,448 [b5b4f89f-93bb-4b69-9074-7f3b90eee2a4@group-71C65C083DD1-StateMachineUpdater] INFO  ratis.ContainerStateMachine (ContainerStateMachine.java:takeSnapshot(436)) - group-71C65C083DD1: Finished taking a snapshot at:(t:1, i:23) file:/home/runner/work/ozone/ozone/hadoop-ozone/integration-test/target/test-dir/MiniOzoneClusterImpl-0a3c97a5-d59a-4532-afef-c4940c4c02aa/ozone-meta/datanode-3/ratis/7849761d-e98b-4551-9208-71c65c083dd1/sm/snapshot.1_23 took: 2 ms
2025-07-05 15:48:40,448 [b5b4f89f-93bb-4b69-9074-7f3b90eee2a4@group-71C65C083DD1-StateMachineUpdater] INFO  impl.StateMachineUpdater (StateMachineUpdater.java:takeSnapshot(307)) - b5b4f89f-93bb-4b69-9074-7f3b90eee2a4@group-71C65C083DD1-StateMachineUpdater: Took a snapshot at index 23
2025-07-05 15:48:40,449 [b5b4f89f-93bb-4b69-9074-7f3b90eee2a4@group-71C65C083DD1-StateMachineUpdater] INFO  impl.StateMachineUpdater (StateMachineUpdater.java:lambda$new$0(101)) - b5b4f89f-93bb-4b69-9074-7f3b90eee2a4@group-71C65C083DD1-StateMachineUpdater: snapshotIndex: updateIncreasingly 15 -> 23
2025-07-05 15:48:40,450 [b5b4f89f-93bb-4b69-9074-7f3b90eee2a4-ChunkWriter-0-0] WARN  helpers.ChunkUtils (ChunkUtils.java:validateChunkForOverwrite(378)) - Duplicate write chunk request. Chunk overwrite without explicit request. ChunkInfo{chunkName='115816896921600004.data.0, offset=0, len=5}
2025-07-05 15:48:40,454 [b5b4f89f-93bb-4b69-9074-7f3b90eee2a4-ChunkWriter-0-0] WARN  helpers.ChunkUtils (ChunkUtils.java:validateChunkForOverwrite(378)) - Duplicate write chunk request. Chunk overwrite without explicit request. ChunkInfo{chunkName='115816896921600004.data.0, offset=0, len=5}
2025-07-05 15:48:40,455 [b5b4f89f-93bb-4b69-9074-7f3b90eee2a4-ChunkWriter-0-0] WARN  helpers.ChunkUtils (ChunkUtils.java:validateChunkForOverwrite(378)) - Duplicate write chunk request. Chunk overwrite without explicit request. ChunkInfo{chunkName='115816896921600004.data.0, offset=0, len=5}
2025-07-05 15:48:40,456 [b5b4f89f-93bb-4b69-9074-7f3b90eee2a4@group-71C65C083DD1-StateMachineUpdater] INFO  ratis.ContainerStateMachine (ContainerStateMachine.java:takeSnapshot(427)) - group-71C65C083DD1: Taking a snapshot at:(t:1, i:33) file /home/runner/work/ozone/ozone/hadoop-ozone/integration-test/target/test-dir/MiniOzoneClusterImpl-0a3c97a5-d59a-4532-afef-c4940c4c02aa/ozone-meta/datanode-3/ratis/7849761d-e98b-4551-9208-71c65c083dd1/sm/snapshot.1_33
2025-07-05 15:48:40,457 [b5b4f89f-93bb-4b69-9074-7f3b90eee2a4@group-71C65C083DD1-StateMachineUpdater] INFO  ratis.ContainerStateMachine (ContainerStateMachine.java:takeSnapshot(436)) - group-71C65C083DD1: Finished taking a snapshot at:(t:1, i:33) file:/home/runner/work/ozone/ozone/hadoop-ozone/integration-test/target/test-dir/MiniOzoneClusterImpl-0a3c97a5-d59a-4532-afef-c4940c4c02aa/ozone-meta/datanode-3/ratis/7849761d-e98b-4551-9208-71c65c083dd1/sm/snapshot.1_33 took: 1 ms
2025-07-05 15:48:40,459 [b5b4f89f-93bb-4b69-9074-7f3b90eee2a4@group-71C65C083DD1-StateMachineUpdater] INFO  impl.SimpleStateMachineStorage (SimpleStateMachineStorage.java:lambda$cleanupOldSnapshots$1(126)) - Deleting old snapshot at /home/runner/work/ozone/ozone/hadoop-ozone/integration-test/target/test-dir/MiniOzoneClusterImpl-0a3c97a5-d59a-4532-afef-c4940c4c02aa/ozone-meta/datanode-3/ratis/7849761d-e98b-4551-9208-71c65c083dd1/sm/snapshot.1_0
2025-07-05 15:48:40,461 [b5b4f89f-93bb-4b69-9074-7f3b90eee2a4-ChunkWriter-0-0] WARN  helpers.ChunkUtils (ChunkUtils.java:validateChunkForOverwrite(378)) - Duplicate write chunk request. Chunk overwrite without explicit request. ChunkInfo{chunkName='115816896921600004.data.0, offset=0, len=5}
2025-07-05 15:48:40,461 [b5b4f89f-93bb-4b69-9074-7f3b90eee2a4@group-71C65C083DD1-StateMachineUpdater] INFO  impl.StateMachineUpdater (StateMachineUpdater.java:takeSnapshot(307)) - b5b4f89f-93bb-4b69-9074-7f3b90eee2a4@group-71C65C083DD1-StateMachineUpdater: Took a snapshot at index 33
2025-07-05 15:48:40,461 [b5b4f89f-93bb-4b69-9074-7f3b90eee2a4@group-71C65C083DD1-StateMachineUpdater] INFO  impl.StateMachineUpdater (StateMachineUpdater.java:lambda$new$0(101)) - b5b4f89f-93bb-4b69-9074-7f3b90eee2a4@group-71C65C083DD1-StateMachineUpdater: snapshotIndex: updateIncreasingly 23 -> 33
2025-07-05 15:48:40,464 [b5b4f89f-93bb-4b69-9074-7f3b90eee2a4-ChunkWriter-0-0] WARN  helpers.ChunkUtils (ChunkUtils.java:validateChunkForOverwrite(378)) - Duplicate write chunk request. Chunk overwrite without explicit request. ChunkInfo{chunkName='115816896921600004.data.0, offset=0, len=5}
2025-07-05 15:48:40,464 [b5b4f89f-93bb-4b69-9074-7f3b90eee2a4-ChunkWriter-0-0] WARN  helpers.ChunkUtils (ChunkUtils.java:validateChunkForOverwrite(378)) - Duplicate write chunk request. Chunk overwrite without explicit request. ChunkInfo{chunkName='115816896921600004.data.0, offset=0, len=5}
2025-07-05 15:48:40,465 [b5b4f89f-93bb-4b69-9074-7f3b90eee2a4-ChunkWriter-0-0] WARN  helpers.ChunkUtils (ChunkUtils.java:validateChunkForOverwrite(378)) - Duplicate write chunk request. Chunk overwrite without explicit request. ChunkInfo{chunkName='115816896921600004.data.0, offset=0, len=5}
2025-07-05 15:48:40,467 [b5b4f89f-93bb-4b69-9074-7f3b90eee2a4-ChunkWriter-0-0] WARN  helpers.ChunkUtils (ChunkUtils.java:validateChunkForOverwrite(378)) - Duplicate write chunk request. Chunk overwrite without explicit request. ChunkInfo{chunkName='115816896921600004.data.0, offset=0, len=5}
2025-07-05 15:48:40,468 [b5b4f89f-93bb-4b69-9074-7f3b90eee2a4@group-71C65C083DD1-StateMachineUpdater] INFO  ratis.ContainerStateMachine (ContainerStateMachine.java:takeSnapshot(427)) - group-71C65C083DD1: Taking a snapshot at:(t:1, i:41) file /home/runner/work/ozone/ozone/hadoop-ozone/integration-test/target/test-dir/MiniOzoneClusterImpl-0a3c97a5-d59a-4532-afef-c4940c4c02aa/ozone-meta/datanode-3/ratis/7849761d-e98b-4551-9208-71c65c083dd1/sm/snapshot.1_41
2025-07-05 15:48:40,469 [b5b4f89f-93bb-4b69-9074-7f3b90eee2a4@group-71C65C083DD1-StateMachineUpdater] INFO  ratis.ContainerStateMachine (ContainerStateMachine.java:takeSnapshot(436)) - group-71C65C083DD1: Finished taking a snapshot at:(t:1, i:41) file:/home/runner/work/ozone/ozone/hadoop-ozone/integration-test/target/test-dir/MiniOzoneClusterImpl-0a3c97a5-d59a-4532-afef-c4940c4c02aa/ozone-meta/datanode-3/ratis/7849761d-e98b-4551-9208-71c65c083dd1/sm/snapshot.1_41 took: 2 ms
2025-07-05 15:48:40,470 [b5b4f89f-93bb-4b69-9074-7f3b90eee2a4-ChunkWriter-0-0] WARN  helpers.ChunkUtils (ChunkUtils.java:validateChunkForOverwrite(378)) - Duplicate write chunk request. Chunk overwrite without explicit request. ChunkInfo{chunkName='115816896921600004.data.0, offset=0, len=5}
2025-07-05 15:48:40,470 [b5b4f89f-93bb-4b69-9074-7f3b90eee2a4@group-71C65C083DD1-StateMachineUpdater] INFO  impl.SimpleStateMachineStorage (SimpleStateMachineStorage.java:lambda$cleanupOldSnapshots$1(126)) - Deleting old snapshot at /home/runner/work/ozone/ozone/hadoop-ozone/integration-test/target/test-dir/MiniOzoneClusterImpl-0a3c97a5-d59a-4532-afef-c4940c4c02aa/ozone-meta/datanode-3/ratis/7849761d-e98b-4551-9208-71c65c083dd1/sm/snapshot.1_4
2025-07-05 15:48:40,470 [b5b4f89f-93bb-4b69-9074-7f3b90eee2a4@group-71C65C083DD1-StateMachineUpdater] INFO  impl.StateMachineUpdater (StateMachineUpdater.java:takeSnapshot(307)) - b5b4f89f-93bb-4b69-9074-7f3b90eee2a4@group-71C65C083DD1-StateMachineUpdater: Took a snapshot at index 41
2025-07-05 15:48:40,470 [b5b4f89f-93bb-4b69-9074-7f3b90eee2a4@group-71C65C083DD1-StateMachineUpdater] INFO  impl.StateMachineUpdater (StateMachineUpdater.java:lambda$new$0(101)) - b5b4f89f-93bb-4b69-9074-7f3b90eee2a4@group-71C65C083DD1-StateMachineUpdater: snapshotIndex: updateIncreasingly 33 -> 41
2025-07-05 15:48:40,474 [b5b4f89f-93bb-4b69-9074-7f3b90eee2a4-ChunkWriter-0-0] WARN  helpers.ChunkUtils (ChunkUtils.java:validateChunkForOverwrite(378)) - Duplicate write chunk request. Chunk overwrite without explicit request. ChunkInfo{chunkName='115816896921600004.data.0, offset=0, len=5}
2025-07-05 15:48:40,476 [b5b4f89f-93bb-4b69-9074-7f3b90eee2a4-ChunkWriter-0-0] WARN  helpers.ChunkUtils (ChunkUtils.java:validateChunkForOverwrite(378)) - Duplicate write chunk request. Chunk overwrite without explicit request. ChunkInfo{chunkName='115816896921600004.data.0, offset=0, len=5}
2025-07-05 15:48:40,477 [b5b4f89f-93bb-4b69-9074-7f3b90eee2a4@group-71C65C083DD1-StateMachineUpdater] INFO  ratis.ContainerStateMachine (ContainerStateMachine.java:takeSnapshot(427)) - group-71C65C083DD1: Taking a snapshot at:(t:1, i:48) file /home/runner/work/ozone/ozone/hadoop-ozone/integration-test/target/test-dir/MiniOzoneClusterImpl-0a3c97a5-d59a-4532-afef-c4940c4c02aa/ozone-meta/datanode-3/ratis/7849761d-e98b-4551-9208-71c65c083dd1/sm/snapshot.1_48
2025-07-05 15:48:40,478 [b5b4f89f-93bb-4b69-9074-7f3b90eee2a4@group-71C65C083DD1-StateMachineUpdater] INFO  ratis.ContainerStateMachine (ContainerStateMachine.java:takeSnapshot(436)) - group-71C65C083DD1: Finished taking a snapshot at:(t:1, i:48) file:/home/runner/work/ozone/ozone/hadoop-ozone/integration-test/target/test-dir/MiniOzoneClusterImpl-0a3c97a5-d59a-4532-afef-c4940c4c02aa/ozone-meta/datanode-3/ratis/7849761d-e98b-4551-9208-71c65c083dd1/sm/snapshot.1_48 took: 1 ms
2025-07-05 15:48:40,478 [b5b4f89f-93bb-4b69-9074-7f3b90eee2a4-ChunkWriter-0-0] WARN  helpers.ChunkUtils (ChunkUtils.java:validateChunkForOverwrite(378)) - Duplicate write chunk request. Chunk overwrite without explicit request. ChunkInfo{chunkName='115816896921600004.data.0, offset=0, len=5}
2025-07-05 15:48:40,479 [b5b4f89f-93bb-4b69-9074-7f3b90eee2a4@group-71C65C083DD1-StateMachineUpdater] INFO  impl.SimpleStateMachineStorage (SimpleStateMachineStorage.java:lambda$cleanupOldSnapshots$1(126)) - Deleting old snapshot at /home/runner/work/ozone/ozone/hadoop-ozone/integration-test/target/test-dir/MiniOzoneClusterImpl-0a3c97a5-d59a-4532-afef-c4940c4c02aa/ozone-meta/datanode-3/ratis/7849761d-e98b-4551-9208-71c65c083dd1/sm/snapshot.1_7
2025-07-05 15:48:40,480 [b5b4f89f-93bb-4b69-9074-7f3b90eee2a4@group-71C65C083DD1-StateMachineUpdater] INFO  impl.StateMachineUpdater (StateMachineUpdater.java:takeSnapshot(307)) - b5b4f89f-93bb-4b69-9074-7f3b90eee2a4@group-71C65C083DD1-StateMachineUpdater: Took a snapshot at index 48
2025-07-05 15:48:40,480 [b5b4f89f-93bb-4b69-9074-7f3b90eee2a4@group-71C65C083DD1-StateMachineUpdater] INFO  impl.StateMachineUpdater (StateMachineUpdater.java:lambda$new$0(101)) - b5b4f89f-93bb-4b69-9074-7f3b90eee2a4@group-71C65C083DD1-StateMachineUpdater: snapshotIndex: updateIncreasingly 41 -> 48
2025-07-05 15:48:40,482 [b5b4f89f-93bb-4b69-9074-7f3b90eee2a4@group-71C65C083DD1-StateMachineUpdater] INFO  ratis.ContainerStateMachine (ContainerStateMachine.java:takeSnapshot(427)) - group-71C65C083DD1: Taking a snapshot at:(t:1, i:50) file /home/runner/work/ozone/ozone/hadoop-ozone/integration-test/target/test-dir/MiniOzoneClusterImpl-0a3c97a5-d59a-4532-afef-c4940c4c02aa/ozone-meta/datanode-3/ratis/7849761d-e98b-4551-9208-71c65c083dd1/sm/snapshot.1_50
2025-07-05 15:48:40,482 [b5b4f89f-93bb-4b69-9074-7f3b90eee2a4@group-71C65C083DD1-StateMachineUpdater] INFO  ratis.ContainerStateMachine (ContainerStateMachine.java:takeSnapshot(436)) - group-71C65C083DD1: Finished taking a snapshot at:(t:1, i:50) file:/home/runner/work/ozone/ozone/hadoop-ozone/integration-test/target/test-dir/MiniOzoneClusterImpl-0a3c97a5-d59a-4532-afef-c4940c4c02aa/ozone-meta/datanode-3/ratis/7849761d-e98b-4551-9208-71c65c083dd1/sm/snapshot.1_50 took: 1 ms
2025-07-05 15:48:40,483 [b5b4f89f-93bb-4b69-9074-7f3b90eee2a4@group-71C65C083DD1-StateMachineUpdater] INFO  impl.SimpleStateMachineStorage (SimpleStateMachineStorage.java:lambda$cleanupOldSnapshots$1(126)) - Deleting old snapshot at /home/runner/work/ozone/ozone/hadoop-ozone/integration-test/target/test-dir/MiniOzoneClusterImpl-0a3c97a5-d59a-4532-afef-c4940c4c02aa/ozone-meta/datanode-3/ratis/7849761d-e98b-4551-9208-71c65c083dd1/sm/snapshot.1_15
2025-07-05 15:48:40,483 [b5b4f89f-93bb-4b69-9074-7f3b90eee2a4@group-71C65C083DD1-StateMachineUpdater] INFO  impl.StateMachineUpdater (StateMachineUpdater.java:takeSnapshot(307)) - b5b4f89f-93bb-4b69-9074-7f3b90eee2a4@group-71C65C083DD1-StateMachineUpdater: Took a snapshot at index 50
2025-07-05 15:48:40,484 [b5b4f89f-93bb-4b69-9074-7f3b90eee2a4@group-71C65C083DD1-StateMachineUpdater] INFO  impl.StateMachineUpdater (StateMachineUpdater.java:lambda$new$0(101)) - b5b4f89f-93bb-4b69-9074-7f3b90eee2a4@group-71C65C083DD1-StateMachineUpdater: snapshotIndex: updateIncreasingly 48 -> 50
2025-07-05 15:48:40,483 [b5b4f89f-93bb-4b69-9074-7f3b90eee2a4-ChunkWriter-0-0] WARN  helpers.ChunkUtils (ChunkUtils.java:validateChunkForOverwrite(378)) - Duplicate write chunk request. Chunk overwrite without explicit request. ChunkInfo{chunkName='115816896921600004.data.0, offset=0, len=5}
2025-07-05 15:48:40,488 [b5b4f89f-93bb-4b69-9074-7f3b90eee2a4-ChunkWriter-0-0] WARN  helpers.ChunkUtils (ChunkUtils.java:validateChunkForOverwrite(378)) - Duplicate write chunk request. Chunk overwrite without explicit request. ChunkInfo{chunkName='115816896921600004.data.0, offset=0, len=5}
2025-07-05 15:48:40,489 [b5b4f89f-93bb-4b69-9074-7f3b90eee2a4@group-71C65C083DD1-StateMachineUpdater] INFO  ratis.ContainerStateMachine (ContainerStateMachine.java:takeSnapshot(427)) - group-71C65C083DD1: Taking a snapshot at:(t:1, i:52) file /home/runner/work/ozone/ozone/hadoop-ozone/integration-test/target/test-dir/MiniOzoneClusterImpl-0a3c97a5-d59a-4532-afef-c4940c4c02aa/ozone-meta/datanode-3/ratis/7849761d-e98b-4551-9208-71c65c083dd1/sm/snapshot.1_52
2025-07-05 15:48:40,490 [b5b4f89f-93bb-4b69-9074-7f3b90eee2a4-ChunkWriter-0-0] WARN  helpers.ChunkUtils (ChunkUtils.java:validateChunkForOverwrite(378)) - Duplicate write chunk request. Chunk overwrite without explicit request. ChunkInfo{chunkName='115816896921600004.data.0, offset=0, len=5}
2025-07-05 15:48:40,490 [b5b4f89f-93bb-4b69-9074-7f3b90eee2a4@group-71C65C083DD1-StateMachineUpdater] INFO  ratis.ContainerStateMachine (ContainerStateMachine.java:takeSnapshot(436)) - group-71C65C083DD1: Finished taking a snapshot at:(t:1, i:52) file:/home/runner/work/ozone/ozone/hadoop-ozone/integration-test/target/test-dir/MiniOzoneClusterImpl-0a3c97a5-d59a-4532-afef-c4940c4c02aa/ozone-meta/datanode-3/ratis/7849761d-e98b-4551-9208-71c65c083dd1/sm/snapshot.1_52 took: 4 ms
2025-07-05 15:48:40,490 [b5b4f89f-93bb-4b69-9074-7f3b90eee2a4@group-71C65C083DD1-StateMachineUpdater] INFO  impl.SimpleStateMachineStorage (SimpleStateMachineStorage.java:lambda$cleanupOldSnapshots$1(126)) - Deleting old snapshot at /home/runner/work/ozone/ozone/hadoop-ozone/integration-test/target/test-dir/MiniOzoneClusterImpl-0a3c97a5-d59a-4532-afef-c4940c4c02aa/ozone-meta/datanode-3/ratis/7849761d-e98b-4551-9208-71c65c083dd1/sm/snapshot.1_23
2025-07-05 15:48:40,491 [b5b4f89f-93bb-4b69-9074-7f3b90eee2a4-ChunkWriter-0-0] WARN  helpers.ChunkUtils (ChunkUtils.java:validateChunkForOverwrite(378)) - Duplicate write chunk request. Chunk overwrite without explicit request. ChunkInfo{chunkName='115816896921600004.data.0, offset=0, len=5}
2025-07-05 15:48:40,491 [b5b4f89f-93bb-4b69-9074-7f3b90eee2a4@group-71C65C083DD1-StateMachineUpdater] INFO  impl.StateMachineUpdater (StateMachineUpdater.java:takeSnapshot(307)) - b5b4f89f-93bb-4b69-9074-7f3b90eee2a4@group-71C65C083DD1-StateMachineUpdater: Took a snapshot at index 52
2025-07-05 15:48:40,491 [b5b4f89f-93bb-4b69-9074-7f3b90eee2a4@group-71C65C083DD1-StateMachineUpdater] INFO  impl.StateMachineUpdater (StateMachineUpdater.java:lambda$new$0(101)) - b5b4f89f-93bb-4b69-9074-7f3b90eee2a4@group-71C65C083DD1-StateMachineUpdater: snapshotIndex: updateIncreasingly 50 -> 52
2025-07-05 15:48:40,491 [b5b4f89f-93bb-4b69-9074-7f3b90eee2a4@group-71C65C083DD1-StateMachineUpdater] INFO  ratis.ContainerStateMachine (ContainerStateMachine.java:takeSnapshot(427)) - group-71C65C083DD1: Taking a snapshot at:(t:1, i:56) file /home/runner/work/ozone/ozone/hadoop-ozone/integration-test/target/test-dir/MiniOzoneClusterImpl-0a3c97a5-d59a-4532-afef-c4940c4c02aa/ozone-meta/datanode-3/ratis/7849761d-e98b-4551-9208-71c65c083dd1/sm/snapshot.1_56
2025-07-05 15:48:40,492 [b5b4f89f-93bb-4b69-9074-7f3b90eee2a4@group-71C65C083DD1-StateMachineUpdater] INFO  ratis.ContainerStateMachine (ContainerStateMachine.java:takeSnapshot(436)) - group-71C65C083DD1: Finished taking a snapshot at:(t:1, i:56) file:/home/runner/work/ozone/ozone/hadoop-ozone/integration-test/target/test-dir/MiniOzoneClusterImpl-0a3c97a5-d59a-4532-afef-c4940c4c02aa/ozone-meta/datanode-3/ratis/7849761d-e98b-4551-9208-71c65c083dd1/sm/snapshot.1_56 took: 1 ms
2025-07-05 15:48:40,492 [b5b4f89f-93bb-4b69-9074-7f3b90eee2a4@group-71C65C083DD1-StateMachineUpdater] INFO  impl.SimpleStateMachineStorage (SimpleStateMachineStorage.java:lambda$cleanupOldSnapshots$1(126)) - Deleting old snapshot at /home/runner/work/ozone/ozone/hadoop-ozone/integration-test/target/test-dir/MiniOzoneClusterImpl-0a3c97a5-d59a-4532-afef-c4940c4c02aa/ozone-meta/datanode-3/ratis/7849761d-e98b-4551-9208-71c65c083dd1/sm/snapshot.1_33
2025-07-05 15:48:40,492 [b5b4f89f-93bb-4b69-9074-7f3b90eee2a4@group-71C65C083DD1-StateMachineUpdater] INFO  impl.StateMachineUpdater (StateMachineUpdater.java:takeSnapshot(307)) - b5b4f89f-93bb-4b69-9074-7f3b90eee2a4@group-71C65C083DD1-StateMachineUpdater: Took a snapshot at index 56
2025-07-05 15:48:40,492 [b5b4f89f-93bb-4b69-9074-7f3b90eee2a4@group-71C65C083DD1-StateMachineUpdater] INFO  impl.StateMachineUpdater (StateMachineUpdater.java:lambda$new$0(101)) - b5b4f89f-93bb-4b69-9074-7f3b90eee2a4@group-71C65C083DD1-StateMachineUpdater: snapshotIndex: updateIncreasingly 52 -> 56
2025-07-05 15:48:40,493 [b5b4f89f-93bb-4b69-9074-7f3b90eee2a4-ChunkWriter-0-0] WARN  helpers.ChunkUtils (ChunkUtils.java:validateChunkForOverwrite(378)) - Duplicate write chunk request. Chunk overwrite without explicit request. ChunkInfo{chunkName='115816896921600004.data.0, offset=0, len=5}
2025-07-05 15:48:40,495 [b5b4f89f-93bb-4b69-9074-7f3b90eee2a4-ChunkWriter-0-0] WARN  helpers.ChunkUtils (ChunkUtils.java:validateChunkForOverwrite(378)) - Duplicate write chunk request. Chunk overwrite without explicit request. ChunkInfo{chunkName='115816896921600004.data.0, offset=0, len=5}
2025-07-05 15:48:40,496 [b5b4f89f-93bb-4b69-9074-7f3b90eee2a4-ChunkWriter-0-0] WARN  helpers.ChunkUtils (ChunkUtils.java:validateChunkForOverwrite(378)) - Duplicate write chunk request. Chunk overwrite without explicit request. ChunkInfo{chunkName='115816896921600004.data.0, offset=0, len=5}
2025-07-05 15:48:40,497 [b5b4f89f-93bb-4b69-9074-7f3b90eee2a4@group-71C65C083DD1-StateMachineUpdater] INFO  ratis.ContainerStateMachine (ContainerStateMachine.java:takeSnapshot(427)) - group-71C65C083DD1: Taking a snapshot at:(t:1, i:62) file /home/runner/work/ozone/ozone/hadoop-ozone/integration-test/target/test-dir/MiniOzoneClusterImpl-0a3c97a5-d59a-4532-afef-c4940c4c02aa/ozone-meta/datanode-3/ratis/7849761d-e98b-4551-9208-71c65c083dd1/sm/snapshot.1_62
2025-07-05 15:48:40,497 [b5b4f89f-93bb-4b69-9074-7f3b90eee2a4-ChunkWriter-0-0] WARN  helpers.ChunkUtils (ChunkUtils.java:validateChunkForOverwrite(378)) - Duplicate write chunk request. Chunk overwrite without explicit request. ChunkInfo{chunkName='115816896921600004.data.0, offset=0, len=5}
2025-07-05 15:48:40,498 [b5b4f89f-93bb-4b69-9074-7f3b90eee2a4@group-71C65C083DD1-StateMachineUpdater] INFO  ratis.ContainerStateMachine (ContainerStateMachine.java:takeSnapshot(436)) - group-71C65C083DD1: Finished taking a snapshot at:(t:1, i:62) file:/home/runner/work/ozone/ozone/hadoop-ozone/integration-test/target/test-dir/MiniOzoneClusterImpl-0a3c97a5-d59a-4532-afef-c4940c4c02aa/ozone-meta/datanode-3/ratis/7849761d-e98b-4551-9208-71c65c083dd1/sm/snapshot.1_62 took: 1 ms
2025-07-05 15:48:40,498 [b5b4f89f-93bb-4b69-9074-7f3b90eee2a4@group-71C65C083DD1-StateMachineUpdater] INFO  impl.SimpleStateMachineStorage (SimpleStateMachineStorage.java:lambda$cleanupOldSnapshots$1(126)) - Deleting old snapshot at /home/runner/work/ozone/ozone/hadoop-ozone/integration-test/target/test-dir/MiniOzoneClusterImpl-0a3c97a5-d59a-4532-afef-c4940c4c02aa/ozone-meta/datanode-3/ratis/7849761d-e98b-4551-9208-71c65c083dd1/sm/snapshot.1_41
2025-07-05 15:48:40,499 [b5b4f89f-93bb-4b69-9074-7f3b90eee2a4@group-71C65C083DD1-StateMachineUpdater] INFO  impl.StateMachineUpdater (StateMachineUpdater.java:takeSnapshot(307)) - b5b4f89f-93bb-4b69-9074-7f3b90eee2a4@group-71C65C083DD1-StateMachineUpdater: Took a snapshot at index 62
2025-07-05 15:48:40,499 [b5b4f89f-93bb-4b69-9074-7f3b90eee2a4@group-71C65C083DD1-StateMachineUpdater] INFO  impl.StateMachineUpdater (StateMachineUpdater.java:lambda$new$0(101)) - b5b4f89f-93bb-4b69-9074-7f3b90eee2a4@group-71C65C083DD1-StateMachineUpdater: snapshotIndex: updateIncreasingly 56 -> 62
2025-07-05 15:48:40,499 [b5b4f89f-93bb-4b69-9074-7f3b90eee2a4-ChunkWriter-0-0] WARN  helpers.ChunkUtils (ChunkUtils.java:validateChunkForOverwrite(378)) - Duplicate write chunk request. Chunk overwrite without explicit request. ChunkInfo{chunkName='115816896921600004.data.0, offset=0, len=5}
2025-07-05 15:48:40,501 [b5b4f89f-93bb-4b69-9074-7f3b90eee2a4-ChunkWriter-0-0] WARN  helpers.ChunkUtils (ChunkUtils.java:validateChunkForOverwrite(378)) - Duplicate write chunk request. Chunk overwrite without explicit request. ChunkInfo{chunkName='115816896921600004.data.0, offset=0, len=5}
2025-07-05 15:48:40,503 [b5b4f89f-93bb-4b69-9074-7f3b90eee2a4@group-71C65C083DD1-StateMachineUpdater] INFO  ratis.ContainerStateMachine (ContainerStateMachine.java:takeSnapshot(427)) - group-71C65C083DD1: Taking a snapshot at:(t:1, i:66) file /home/runner/work/ozone/ozone/hadoop-ozone/integration-test/target/test-dir/MiniOzoneClusterImpl-0a3c97a5-d59a-4532-afef-c4940c4c02aa/ozone-meta/datanode-3/ratis/7849761d-e98b-4551-9208-71c65c083dd1/sm/snapshot.1_66
2025-07-05 15:48:40,504 [b5b4f89f-93bb-4b69-9074-7f3b90eee2a4@group-71C65C083DD1-StateMachineUpdater] INFO  ratis.ContainerStateMachine (ContainerStateMachine.java:takeSnapshot(436)) - group-71C65C083DD1: Finished taking a snapshot at:(t:1, i:66) file:/home/runner/work/ozone/ozone/hadoop-ozone/integration-test/target/test-dir/MiniOzoneClusterImpl-0a3c97a5-d59a-4532-afef-c4940c4c02aa/ozone-meta/datanode-3/ratis/7849761d-e98b-4551-9208-71c65c083dd1/sm/snapshot.1_66 took: 1 ms
2025-07-05 15:48:40,504 [b5b4f89f-93bb-4b69-9074-7f3b90eee2a4@group-71C65C083DD1-StateMachineUpdater] INFO  impl.SimpleStateMachineStorage (SimpleStateMachineStorage.java:lambda$cleanupOldSnapshots$1(126)) - Deleting old snapshot at /home/runner/work/ozone/ozone/hadoop-ozone/integration-test/target/test-dir/MiniOzoneClusterImpl-0a3c97a5-d59a-4532-afef-c4940c4c02aa/ozone-meta/datanode-3/ratis/7849761d-e98b-4551-9208-71c65c083dd1/sm/snapshot.1_48
2025-07-05 15:48:40,504 [b5b4f89f-93bb-4b69-9074-7f3b90eee2a4@group-71C65C083DD1-StateMachineUpdater] INFO  impl.StateMachineUpdater (StateMachineUpdater.java:takeSnapshot(307)) - b5b4f89f-93bb-4b69-9074-7f3b90eee2a4@group-71C65C083DD1-StateMachineUpdater: Took a snapshot at index 66
2025-07-05 15:48:40,504 [b5b4f89f-93bb-4b69-9074-7f3b90eee2a4@group-71C65C083DD1-StateMachineUpdater] INFO  impl.StateMachineUpdater (StateMachineUpdater.java:lambda$new$0(101)) - b5b4f89f-93bb-4b69-9074-7f3b90eee2a4@group-71C65C083DD1-StateMachineUpdater: snapshotIndex: updateIncreasingly 62 -> 66
2025-07-05 15:48:40,504 [b5b4f89f-93bb-4b69-9074-7f3b90eee2a4-ChunkWriter-0-0] WARN  helpers.ChunkUtils (ChunkUtils.java:validateChunkForOverwrite(378)) - Duplicate write chunk request. Chunk overwrite without explicit request. ChunkInfo{chunkName='115816896921600004.data.0, offset=0, len=5}
2025-07-05 15:48:40,506 [b5b4f89f-93bb-4b69-9074-7f3b90eee2a4-ChunkWriter-0-0] WARN  helpers.ChunkUtils (ChunkUtils.java:validateChunkForOverwrite(378)) - Duplicate write chunk request. Chunk overwrite without explicit request. ChunkInfo{chunkName='115816896921600004.data.0, offset=0, len=5}
2025-07-05 15:48:40,507 [b5b4f89f-93bb-4b69-9074-7f3b90eee2a4@group-71C65C083DD1-StateMachineUpdater] INFO  ratis.ContainerStateMachine (ContainerStateMachine.java:takeSnapshot(427)) - group-71C65C083DD1: Taking a snapshot at:(t:1, i:71) file /home/runner/work/ozone/ozone/hadoop-ozone/integration-test/target/test-dir/MiniOzoneClusterImpl-0a3c97a5-d59a-4532-afef-c4940c4c02aa/ozone-meta/datanode-3/ratis/7849761d-e98b-4551-9208-71c65c083dd1/sm/snapshot.1_71
2025-07-05 15:48:40,508 [b5b4f89f-93bb-4b69-9074-7f3b90eee2a4@group-71C65C083DD1-StateMachineUpdater] INFO  ratis.ContainerStateMachine (ContainerStateMachine.java:takeSnapshot(436)) - group-71C65C083DD1: Finished taking a snapshot at:(t:1, i:71) file:/home/runner/work/ozone/ozone/hadoop-ozone/integration-test/target/test-dir/MiniOzoneClusterImpl-0a3c97a5-d59a-4532-afef-c4940c4c02aa/ozone-meta/datanode-3/ratis/7849761d-e98b-4551-9208-71c65c083dd1/sm/snapshot.1_71 took: 1 ms
2025-07-05 15:48:40,508 [b5b4f89f-93bb-4b69-9074-7f3b90eee2a4@group-71C65C083DD1-StateMachineUpdater] INFO  impl.SimpleStateMachineStorage (SimpleStateMachineStorage.java:lambda$cleanupOldSnapshots$1(126)) - Deleting old snapshot at /home/runner/work/ozone/ozone/hadoop-ozone/integration-test/target/test-dir/MiniOzoneClusterImpl-0a3c97a5-d59a-4532-afef-c4940c4c02aa/ozone-meta/datanode-3/ratis/7849761d-e98b-4551-9208-71c65c083dd1/sm/snapshot.1_50
2025-07-05 15:48:40,509 [b5b4f89f-93bb-4b69-9074-7f3b90eee2a4@group-71C65C083DD1-StateMachineUpdater] INFO  impl.StateMachineUpdater (StateMachineUpdater.java:takeSnapshot(307)) - b5b4f89f-93bb-4b69-9074-7f3b90eee2a4@group-71C65C083DD1-StateMachineUpdater: Took a snapshot at index 71
2025-07-05 15:48:40,509 [b5b4f89f-93bb-4b69-9074-7f3b90eee2a4@group-71C65C083DD1-StateMachineUpdater] INFO  impl.StateMachineUpdater (StateMachineUpdater.java:lambda$new$0(101)) - b5b4f89f-93bb-4b69-9074-7f3b90eee2a4@group-71C65C083DD1-StateMachineUpdater: snapshotIndex: updateIncreasingly 66 -> 71
2025-07-05 15:48:40,508 [b5b4f89f-93bb-4b69-9074-7f3b90eee2a4-ChunkWriter-0-0] WARN  helpers.ChunkUtils (ChunkUtils.java:validateChunkForOverwrite(378)) - Duplicate write chunk request. Chunk overwrite without explicit request. ChunkInfo{chunkName='115816896921600004.data.0, offset=0, len=5}
2025-07-05 15:48:40,513 [b5b4f89f-93bb-4b69-9074-7f3b90eee2a4-ChunkWriter-0-0] WARN  helpers.ChunkUtils (ChunkUtils.java:validateChunkForOverwrite(378)) - Duplicate write chunk request. Chunk overwrite without explicit request. ChunkInfo{chunkName='115816896921600004.data.0, offset=0, len=5}
2025-07-05 15:48:40,513 [b5b4f89f-93bb-4b69-9074-7f3b90eee2a4@group-71C65C083DD1-StateMachineUpdater] INFO  ratis.ContainerStateMachine (ContainerStateMachine.java:takeSnapshot(427)) - group-71C65C083DD1: Taking a snapshot at:(t:1, i:74) file /home/runner/work/ozone/ozone/hadoop-ozone/integration-test/target/test-dir/MiniOzoneClusterImpl-0a3c97a5-d59a-4532-afef-c4940c4c02aa/ozone-meta/datanode-3/ratis/7849761d-e98b-4551-9208-71c65c083dd1/sm/snapshot.1_74
2025-07-05 15:48:40,514 [b5b4f89f-93bb-4b69-9074-7f3b90eee2a4-ChunkWriter-0-0] WARN  helpers.ChunkUtils (ChunkUtils.java:validateChunkForOverwrite(378)) - Duplicate write chunk request. Chunk overwrite without explicit request. ChunkInfo{chunkName='115816896921600004.data.0, offset=0, len=5}
2025-07-05 15:48:40,515 [b5b4f89f-93bb-4b69-9074-7f3b90eee2a4@group-71C65C083DD1-StateMachineUpdater] INFO  ratis.ContainerStateMachine (ContainerStateMachine.java:takeSnapshot(436)) - group-71C65C083DD1: Finished taking a snapshot at:(t:1, i:74) file:/home/runner/work/ozone/ozone/hadoop-ozone/integration-test/target/test-dir/MiniOzoneClusterImpl-0a3c97a5-d59a-4532-afef-c4940c4c02aa/ozone-meta/datanode-3/ratis/7849761d-e98b-4551-9208-71c65c083dd1/sm/snapshot.1_74 took: 2 ms
2025-07-05 15:48:40,515 [b5b4f89f-93bb-4b69-9074-7f3b90eee2a4@group-71C65C083DD1-StateMachineUpdater] INFO  impl.SimpleStateMachineStorage (SimpleStateMachineStorage.java:lambda$cleanupOldSnapshots$1(126)) - Deleting old snapshot at /home/runner/work/ozone/ozone/hadoop-ozone/integration-test/target/test-dir/MiniOzoneClusterImpl-0a3c97a5-d59a-4532-afef-c4940c4c02aa/ozone-meta/datanode-3/ratis/7849761d-e98b-4551-9208-71c65c083dd1/sm/snapshot.1_52
2025-07-05 15:48:40,516 [b5b4f89f-93bb-4b69-9074-7f3b90eee2a4@group-71C65C083DD1-StateMachineUpdater] INFO  impl.StateMachineUpdater (StateMachineUpdater.java:takeSnapshot(307)) - b5b4f89f-93bb-4b69-9074-7f3b90eee2a4@group-71C65C083DD1-StateMachineUpdater: Took a snapshot at index 74
2025-07-05 15:48:40,516 [b5b4f89f-93bb-4b69-9074-7f3b90eee2a4@group-71C65C083DD1-StateMachineUpdater] INFO  impl.StateMachineUpdater (StateMachineUpdater.java:lambda$new$0(101)) - b5b4f89f-93bb-4b69-9074-7f3b90eee2a4@group-71C65C083DD1-StateMachineUpdater: snapshotIndex: updateIncreasingly 71 -> 74
2025-07-05 15:48:40,517 [b5b4f89f-93bb-4b69-9074-7f3b90eee2a4-ChunkWriter-0-0] WARN  helpers.ChunkUtils (ChunkUtils.java:validateChunkForOverwrite(378)) - Duplicate write chunk request. Chunk overwrite without explicit request. ChunkInfo{chunkName='115816896921600004.data.0, offset=0, len=5}
2025-07-05 15:48:40,517 [b5b4f89f-93bb-4b69-9074-7f3b90eee2a4@group-71C65C083DD1-StateMachineUpdater] INFO  ratis.ContainerStateMachine (ContainerStateMachine.java:takeSnapshot(427)) - group-71C65C083DD1: Taking a snapshot at:(t:1, i:80) file /home/runner/work/ozone/ozone/hadoop-ozone/integration-test/target/test-dir/MiniOzoneClusterImpl-0a3c97a5-d59a-4532-afef-c4940c4c02aa/ozone-meta/datanode-3/ratis/7849761d-e98b-4551-9208-71c65c083dd1/sm/snapshot.1_80
2025-07-05 15:48:40,519 [b5b4f89f-93bb-4b69-9074-7f3b90eee2a4@group-71C65C083DD1-StateMachineUpdater] INFO  ratis.ContainerStateMachine (ContainerStateMachine.java:takeSnapshot(436)) - group-71C65C083DD1: Finished taking a snapshot at:(t:1, i:80) file:/home/runner/work/ozone/ozone/hadoop-ozone/integration-test/target/test-dir/MiniOzoneClusterImpl-0a3c97a5-d59a-4532-afef-c4940c4c02aa/ozone-meta/datanode-3/ratis/7849761d-e98b-4551-9208-71c65c083dd1/sm/snapshot.1_80 took: 1 ms
2025-07-05 15:48:40,520 [b5b4f89f-93bb-4b69-9074-7f3b90eee2a4@group-71C65C083DD1-StateMachineUpdater] INFO  impl.SimpleStateMachineStorage (SimpleStateMachineStorage.java:lambda$cleanupOldSnapshots$1(126)) - Deleting old snapshot at /home/runner/work/ozone/ozone/hadoop-ozone/integration-test/target/test-dir/MiniOzoneClusterImpl-0a3c97a5-d59a-4532-afef-c4940c4c02aa/ozone-meta/datanode-3/ratis/7849761d-e98b-4551-9208-71c65c083dd1/sm/snapshot.1_56
2025-07-05 15:48:40,520 [b5b4f89f-93bb-4b69-9074-7f3b90eee2a4@group-71C65C083DD1-StateMachineUpdater] INFO  impl.StateMachineUpdater (StateMachineUpdater.java:takeSnapshot(307)) - b5b4f89f-93bb-4b69-9074-7f3b90eee2a4@group-71C65C083DD1-StateMachineUpdater: Took a snapshot at index 80
2025-07-05 15:48:40,521 [b5b4f89f-93bb-4b69-9074-7f3b90eee2a4@group-71C65C083DD1-StateMachineUpdater] INFO  impl.StateMachineUpdater (StateMachineUpdater.java:lambda$new$0(101)) - b5b4f89f-93bb-4b69-9074-7f3b90eee2a4@group-71C65C083DD1-StateMachineUpdater: snapshotIndex: updateIncreasingly 74 -> 80
2025-07-05 15:48:40,522 [b5b4f89f-93bb-4b69-9074-7f3b90eee2a4-ChunkWriter-0-0] WARN  helpers.ChunkUtils (ChunkUtils.java:validateChunkForOverwrite(378)) - Duplicate write chunk request. Chunk overwrite without explicit request. ChunkInfo{chunkName='115816896921600004.data.0, offset=0, len=5}
2025-07-05 15:48:40,524 [b5b4f89f-93bb-4b69-9074-7f3b90eee2a4@group-71C65C083DD1-StateMachineUpdater] INFO  ratis.ContainerStateMachine (ContainerStateMachine.java:takeSnapshot(427)) - group-71C65C083DD1: Taking a snapshot at:(t:1, i:83) file /home/runner/work/ozone/ozone/hadoop-ozone/integration-test/target/test-dir/MiniOzoneClusterImpl-0a3c97a5-d59a-4532-afef-c4940c4c02aa/ozone-meta/datanode-3/ratis/7849761d-e98b-4551-9208-71c65c083dd1/sm/snapshot.1_83
2025-07-05 15:48:40,524 [b5b4f89f-93bb-4b69-9074-7f3b90eee2a4-ChunkWriter-0-0] WARN  helpers.ChunkUtils (ChunkUtils.java:validateChunkForOverwrite(378)) - Duplicate write chunk request. Chunk overwrite without explicit request. ChunkInfo{chunkName='115816896921600004.data.0, offset=0, len=5}
2025-07-05 15:48:40,525 [b5b4f89f-93bb-4b69-9074-7f3b90eee2a4@group-71C65C083DD1-StateMachineUpdater] INFO  ratis.ContainerStateMachine (ContainerStateMachine.java:takeSnapshot(436)) - group-71C65C083DD1: Finished taking a snapshot at:(t:1, i:83) file:/home/runner/work/ozone/ozone/hadoop-ozone/integration-test/target/test-dir/MiniOzoneClusterImpl-0a3c97a5-d59a-4532-afef-c4940c4c02aa/ozone-meta/datanode-3/ratis/7849761d-e98b-4551-9208-71c65c083dd1/sm/snapshot.1_83 took: 1 ms
2025-07-05 15:48:40,526 [b5b4f89f-93bb-4b69-9074-7f3b90eee2a4@group-71C65C083DD1-StateMachineUpdater] INFO  impl.SimpleStateMachineStorage (SimpleStateMachineStorage.java:lambda$cleanupOldSnapshots$1(126)) - Deleting old snapshot at /home/runner/work/ozone/ozone/hadoop-ozone/integration-test/target/test-dir/MiniOzoneClusterImpl-0a3c97a5-d59a-4532-afef-c4940c4c02aa/ozone-meta/datanode-3/ratis/7849761d-e98b-4551-9208-71c65c083dd1/sm/snapshot.1_62
2025-07-05 15:48:40,526 [b5b4f89f-93bb-4b69-9074-7f3b90eee2a4@group-71C65C083DD1-StateMachineUpdater] INFO  impl.StateMachineUpdater (StateMachineUpdater.java:takeSnapshot(307)) - b5b4f89f-93bb-4b69-9074-7f3b90eee2a4@group-71C65C083DD1-StateMachineUpdater: Took a snapshot at index 83
2025-07-05 15:48:40,526 [b5b4f89f-93bb-4b69-9074-7f3b90eee2a4@group-71C65C083DD1-StateMachineUpdater] INFO  impl.StateMachineUpdater (StateMachineUpdater.java:lambda$new$0(101)) - b5b4f89f-93bb-4b69-9074-7f3b90eee2a4@group-71C65C083DD1-StateMachineUpdater: snapshotIndex: updateIncreasingly 80 -> 83
2025-07-05 15:48:40,527 [b5b4f89f-93bb-4b69-9074-7f3b90eee2a4-ChunkWriter-0-0] WARN  helpers.ChunkUtils (ChunkUtils.java:validateChunkForOverwrite(378)) - Duplicate write chunk request. Chunk overwrite without explicit request. ChunkInfo{chunkName='115816896921600004.data.0, offset=0, len=5}
2025-07-05 15:48:40,528 [b5b4f89f-93bb-4b69-9074-7f3b90eee2a4-ChunkWriter-0-0] WARN  helpers.ChunkUtils (ChunkUtils.java:validateChunkForOverwrite(378)) - Duplicate write chunk request. Chunk overwrite without explicit request. ChunkInfo{chunkName='115816896921600004.data.0, offset=0, len=5}
2025-07-05 15:48:40,529 [b5b4f89f-93bb-4b69-9074-7f3b90eee2a4@group-71C65C083DD1-StateMachineUpdater] INFO  ratis.ContainerStateMachine (ContainerStateMachine.java:takeSnapshot(427)) - group-71C65C083DD1: Taking a snapshot at:(t:1, i:88) file /home/runner/work/ozone/ozone/hadoop-ozone/integration-test/target/test-dir/MiniOzoneClusterImpl-0a3c97a5-d59a-4532-afef-c4940c4c02aa/ozone-meta/datanode-3/ratis/7849761d-e98b-4551-9208-71c65c083dd1/sm/snapshot.1_88
2025-07-05 15:48:40,530 [b5b4f89f-93bb-4b69-9074-7f3b90eee2a4-ChunkWriter-0-0] WARN  helpers.ChunkUtils (ChunkUtils.java:validateChunkForOverwrite(378)) - Duplicate write chunk request. Chunk overwrite without explicit request. ChunkInfo{chunkName='115816896921600004.data.0, offset=0, len=5}
2025-07-05 15:48:40,530 [b5b4f89f-93bb-4b69-9074-7f3b90eee2a4@group-71C65C083DD1-StateMachineUpdater] INFO  ratis.ContainerStateMachine (ContainerStateMachine.java:takeSnapshot(436)) - group-71C65C083DD1: Finished taking a snapshot at:(t:1, i:88) file:/home/runner/work/ozone/ozone/hadoop-ozone/integration-test/target/test-dir/MiniOzoneClusterImpl-0a3c97a5-d59a-4532-afef-c4940c4c02aa/ozone-meta/datanode-3/ratis/7849761d-e98b-4551-9208-71c65c083dd1/sm/snapshot.1_88 took: 1 ms
2025-07-05 15:48:40,531 [b5b4f89f-93bb-4b69-9074-7f3b90eee2a4@group-71C65C083DD1-StateMachineUpdater] INFO  impl.SimpleStateMachineStorage (SimpleStateMachineStorage.java:lambda$cleanupOldSnapshots$1(126)) - Deleting old snapshot at /home/runner/work/ozone/ozone/hadoop-ozone/integration-test/target/test-dir/MiniOzoneClusterImpl-0a3c97a5-d59a-4532-afef-c4940c4c02aa/ozone-meta/datanode-3/ratis/7849761d-e98b-4551-9208-71c65c083dd1/sm/snapshot.1_66
2025-07-05 15:48:40,531 [b5b4f89f-93bb-4b69-9074-7f3b90eee2a4@group-71C65C083DD1-StateMachineUpdater] INFO  impl.StateMachineUpdater (StateMachineUpdater.java:takeSnapshot(307)) - b5b4f89f-93bb-4b69-9074-7f3b90eee2a4@group-71C65C083DD1-StateMachineUpdater: Took a snapshot at index 88
2025-07-05 15:48:40,531 [b5b4f89f-93bb-4b69-9074-7f3b90eee2a4@group-71C65C083DD1-StateMachineUpdater] INFO  impl.StateMachineUpdater (StateMachineUpdater.java:lambda$new$0(101)) - b5b4f89f-93bb-4b69-9074-7f3b90eee2a4@group-71C65C083DD1-StateMachineUpdater: snapshotIndex: updateIncreasingly 83 -> 88
2025-07-05 15:48:40,531 [b5b4f89f-93bb-4b69-9074-7f3b90eee2a4-ChunkWriter-0-0] WARN  helpers.ChunkUtils (ChunkUtils.java:validateChunkForOverwrite(378)) - Duplicate write chunk request. Chunk overwrite without explicit request. ChunkInfo{chunkName='115816896921600004.data.0, offset=0, len=5}
2025-07-05 15:48:40,532 [b5b4f89f-93bb-4b69-9074-7f3b90eee2a4@group-71C65C083DD1-StateMachineUpdater] INFO  ratis.ContainerStateMachine (ContainerStateMachine.java:takeSnapshot(427)) - group-71C65C083DD1: Taking a snapshot at:(t:1, i:92) file /home/runner/work/ozone/ozone/hadoop-ozone/integration-test/target/test-dir/MiniOzoneClusterImpl-0a3c97a5-d59a-4532-afef-c4940c4c02aa/ozone-meta/datanode-3/ratis/7849761d-e98b-4551-9208-71c65c083dd1/sm/snapshot.1_92
2025-07-05 15:48:40,533 [b5b4f89f-93bb-4b69-9074-7f3b90eee2a4-ChunkWriter-0-0] WARN  helpers.ChunkUtils (ChunkUtils.java:validateChunkForOverwrite(378)) - Duplicate write chunk request. Chunk overwrite without explicit request. ChunkInfo{chunkName='115816896921600004.data.0, offset=0, len=5}
2025-07-05 15:48:40,534 [b5b4f89f-93bb-4b69-9074-7f3b90eee2a4@group-71C65C083DD1-StateMachineUpdater] INFO  ratis.ContainerStateMachine (ContainerStateMachine.java:takeSnapshot(436)) - group-71C65C083DD1: Finished taking a snapshot at:(t:1, i:92) file:/home/runner/work/ozone/ozone/hadoop-ozone/integration-test/target/test-dir/MiniOzoneClusterImpl-0a3c97a5-d59a-4532-afef-c4940c4c02aa/ozone-meta/datanode-3/ratis/7849761d-e98b-4551-9208-71c65c083dd1/sm/snapshot.1_92 took: 1 ms
2025-07-05 15:48:40,534 [b5b4f89f-93bb-4b69-9074-7f3b90eee2a4@group-71C65C083DD1-StateMachineUpdater] INFO  impl.SimpleStateMachineStorage (SimpleStateMachineStorage.java:lambda$cleanupOldSnapshots$1(126)) - Deleting old snapshot at /home/runner/work/ozone/ozone/hadoop-ozone/integration-test/target/test-dir/MiniOzoneClusterImpl-0a3c97a5-d59a-4532-afef-c4940c4c02aa/ozone-meta/datanode-3/ratis/7849761d-e98b-4551-9208-71c65c083dd1/sm/snapshot.1_71
2025-07-05 15:48:40,534 [b5b4f89f-93bb-4b69-9074-7f3b90eee2a4@group-71C65C083DD1-StateMachineUpdater] INFO  impl.StateMachineUpdater (StateMachineUpdater.java:takeSnapshot(307)) - b5b4f89f-93bb-4b69-9074-7f3b90eee2a4@group-71C65C083DD1-StateMachineUpdater: Took a snapshot at index 92
2025-07-05 15:48:40,534 [b5b4f89f-93bb-4b69-9074-7f3b90eee2a4@group-71C65C083DD1-StateMachineUpdater] INFO  impl.StateMachineUpdater (StateMachineUpdater.java:lambda$new$0(101)) - b5b4f89f-93bb-4b69-9074-7f3b90eee2a4@group-71C65C083DD1-StateMachineUpdater: snapshotIndex: updateIncreasingly 88 -> 92
2025-07-05 15:48:40,534 [b5b4f89f-93bb-4b69-9074-7f3b90eee2a4-ChunkWriter-0-0] WARN  helpers.ChunkUtils (ChunkUtils.java:validateChunkForOverwrite(378)) - Duplicate write chunk request. Chunk overwrite without explicit request. ChunkInfo{chunkName='115816896921600004.data.0, offset=0, len=5}
2025-07-05 15:48:40,536 [b5b4f89f-93bb-4b69-9074-7f3b90eee2a4@group-71C65C083DD1-StateMachineUpdater] INFO  ratis.ContainerStateMachine (ContainerStateMachine.java:takeSnapshot(427)) - group-71C65C083DD1: Taking a snapshot at:(t:1, i:96) file /home/runner/work/ozone/ozone/hadoop-ozone/integration-test/target/test-dir/MiniOzoneClusterImpl-0a3c97a5-d59a-4532-afef-c4940c4c02aa/ozone-meta/datanode-3/ratis/7849761d-e98b-4551-9208-71c65c083dd1/sm/snapshot.1_96
2025-07-05 15:48:40,536 [b5b4f89f-93bb-4b69-9074-7f3b90eee2a4@group-71C65C083DD1-StateMachineUpdater] INFO  ratis.ContainerStateMachine (ContainerStateMachine.java:takeSnapshot(436)) - group-71C65C083DD1: Finished taking a snapshot at:(t:1, i:96) file:/home/runner/work/ozone/ozone/hadoop-ozone/integration-test/target/test-dir/MiniOzoneClusterImpl-0a3c97a5-d59a-4532-afef-c4940c4c02aa/ozone-meta/datanode-3/ratis/7849761d-e98b-4551-9208-71c65c083dd1/sm/snapshot.1_96 took: 1 ms
2025-07-05 15:48:40,537 [b5b4f89f-93bb-4b69-9074-7f3b90eee2a4@group-71C65C083DD1-StateMachineUpdater] INFO  impl.SimpleStateMachineStorage (SimpleStateMachineStorage.java:lambda$cleanupOldSnapshots$1(126)) - Deleting old snapshot at /home/runner/work/ozone/ozone/hadoop-ozone/integration-test/target/test-dir/MiniOzoneClusterImpl-0a3c97a5-d59a-4532-afef-c4940c4c02aa/ozone-meta/datanode-3/ratis/7849761d-e98b-4551-9208-71c65c083dd1/sm/snapshot.1_74
2025-07-05 15:48:40,537 [b5b4f89f-93bb-4b69-9074-7f3b90eee2a4@group-71C65C083DD1-StateMachineUpdater] INFO  impl.StateMachineUpdater (StateMachineUpdater.java:takeSnapshot(307)) - b5b4f89f-93bb-4b69-9074-7f3b90eee2a4@group-71C65C083DD1-StateMachineUpdater: Took a snapshot at index 96
2025-07-05 15:48:40,537 [b5b4f89f-93bb-4b69-9074-7f3b90eee2a4@group-71C65C083DD1-StateMachineUpdater] INFO  impl.StateMachineUpdater (StateMachineUpdater.java:lambda$new$0(101)) - b5b4f89f-93bb-4b69-9074-7f3b90eee2a4@group-71C65C083DD1-StateMachineUpdater: snapshotIndex: updateIncreasingly 92 -> 96
2025-07-05 15:48:40,536 [b5b4f89f-93bb-4b69-9074-7f3b90eee2a4-ChunkWriter-0-0] WARN  helpers.ChunkUtils (ChunkUtils.java:validateChunkForOverwrite(378)) - Duplicate write chunk request. Chunk overwrite without explicit request. ChunkInfo{chunkName='115816896921600004.data.0, offset=0, len=5}
2025-07-05 15:48:40,540 [b5b4f89f-93bb-4b69-9074-7f3b90eee2a4@group-71C65C083DD1-StateMachineUpdater] INFO  ratis.ContainerStateMachine (ContainerStateMachine.java:takeSnapshot(427)) - group-71C65C083DD1: Taking a snapshot at:(t:1, i:101) file /home/runner/work/ozone/ozone/hadoop-ozone/integration-test/target/test-dir/MiniOzoneClusterImpl-0a3c97a5-d59a-4532-afef-c4940c4c02aa/ozone-meta/datanode-3/ratis/7849761d-e98b-4551-9208-71c65c083dd1/sm/snapshot.1_101
2025-07-05 15:48:40,540 [b5b4f89f-93bb-4b69-9074-7f3b90eee2a4-ChunkWriter-0-0] WARN  helpers.ChunkUtils (ChunkUtils.java:validateChunkForOverwrite(378)) - Duplicate write chunk request. Chunk overwrite without explicit request. ChunkInfo{chunkName='115816896921600004.data.0, offset=0, len=5}
2025-07-05 15:48:40,541 [b5b4f89f-93bb-4b69-9074-7f3b90eee2a4@group-71C65C083DD1-StateMachineUpdater] INFO  ratis.ContainerStateMachine (ContainerStateMachine.java:takeSnapshot(436)) - group-71C65C083DD1: Finished taking a snapshot at:(t:1, i:101) file:/home/runner/work/ozone/ozone/hadoop-ozone/integration-test/target/test-dir/MiniOzoneClusterImpl-0a3c97a5-d59a-4532-afef-c4940c4c02aa/ozone-meta/datanode-3/ratis/7849761d-e98b-4551-9208-71c65c083dd1/sm/snapshot.1_101 took: 1 ms
2025-07-05 15:48:40,541 [b5b4f89f-93bb-4b69-9074-7f3b90eee2a4@group-71C65C083DD1-StateMachineUpdater] INFO  impl.SimpleStateMachineStorage (SimpleStateMachineStorage.java:lambda$cleanupOldSnapshots$1(126)) - Deleting old snapshot at /home/runner/work/ozone/ozone/hadoop-ozone/integration-test/target/test-dir/MiniOzoneClusterImpl-0a3c97a5-d59a-4532-afef-c4940c4c02aa/ozone-meta/datanode-3/ratis/7849761d-e98b-4551-9208-71c65c083dd1/sm/snapshot.1_80
2025-07-05 15:48:40,541 [b5b4f89f-93bb-4b69-9074-7f3b90eee2a4@group-71C65C083DD1-StateMachineUpdater] INFO  impl.StateMachineUpdater (StateMachineUpdater.java:takeSnapshot(307)) - b5b4f89f-93bb-4b69-9074-7f3b90eee2a4@group-71C65C083DD1-StateMachineUpdater: Took a snapshot at index 101
2025-07-05 15:48:40,541 [b5b4f89f-93bb-4b69-9074-7f3b90eee2a4@group-71C65C083DD1-StateMachineUpdater] INFO  impl.StateMachineUpdater (StateMachineUpdater.java:lambda$new$0(101)) - b5b4f89f-93bb-4b69-9074-7f3b90eee2a4@group-71C65C083DD1-StateMachineUpdater: snapshotIndex: updateIncreasingly 96 -> 101
2025-07-05 15:48:40,542 [b5b4f89f-93bb-4b69-9074-7f3b90eee2a4-ChunkWriter-0-0] WARN  helpers.ChunkUtils (ChunkUtils.java:validateChunkForOverwrite(378)) - Duplicate write chunk request. Chunk overwrite without explicit request. ChunkInfo{chunkName='115816896921600004.data.0, offset=0, len=5}
2025-07-05 15:48:40,543 [b5b4f89f-93bb-4b69-9074-7f3b90eee2a4-ChunkWriter-0-0] WARN  helpers.ChunkUtils (ChunkUtils.java:validateChunkForOverwrite(378)) - Duplicate write chunk request. Chunk overwrite without explicit request. ChunkInfo{chunkName='115816896921600004.data.0, offset=0, len=5}
2025-07-05 15:48:40,545 [b5b4f89f-93bb-4b69-9074-7f3b90eee2a4-ChunkWriter-0-0] WARN  helpers.ChunkUtils (ChunkUtils.java:validateChunkForOverwrite(378)) - Duplicate write chunk request. Chunk overwrite without explicit request. ChunkInfo{chunkName='115816896921600004.data.0, offset=0, len=5}
2025-07-05 15:48:40,545 [b5b4f89f-93bb-4b69-9074-7f3b90eee2a4-ChunkWriter-0-0] WARN  helpers.ChunkUtils (ChunkUtils.java:validateChunkForOverwrite(378)) - Duplicate write chunk request. Chunk overwrite without explicit request. ChunkInfo{chunkName='115816896921600004.data.0, offset=0, len=5}
2025-07-05 15:48:40,546 [b5b4f89f-93bb-4b69-9074-7f3b90eee2a4-ChunkWriter-0-0] WARN  helpers.ChunkUtils (ChunkUtils.java:validateChunkForOverwrite(378)) - Duplicate write chunk request. Chunk overwrite without explicit request. ChunkInfo{chunkName='115816896921600004.data.0, offset=0, len=5}
2025-07-05 15:48:40,547 [b5b4f89f-93bb-4b69-9074-7f3b90eee2a4-ChunkWriter-0-0] WARN  helpers.ChunkUtils (ChunkUtils.java:validateChunkForOverwrite(378)) - Duplicate write chunk request. Chunk overwrite without explicit request. ChunkInfo{chunkName='115816896921600004.data.0, offset=0, len=5}
2025-07-05 15:48:40,548 [b5b4f89f-93bb-4b69-9074-7f3b90eee2a4-ChunkWriter-0-0] WARN  helpers.ChunkUtils (ChunkUtils.java:validateChunkForOverwrite(378)) - Duplicate write chunk request. Chunk overwrite without explicit request. ChunkInfo{chunkName='115816896921600004.data.0, offset=0, len=5}
2025-07-05 15:48:40,550 [b5b4f89f-93bb-4b69-9074-7f3b90eee2a4@group-71C65C083DD1-StateMachineUpdater] INFO  ratis.ContainerStateMachine (ContainerStateMachine.java:takeSnapshot(427)) - group-71C65C083DD1: Taking a snapshot at:(t:1, i:107) file /home/runner/work/ozone/ozone/hadoop-ozone/integration-test/target/test-dir/MiniOzoneClusterImpl-0a3c97a5-d59a-4532-afef-c4940c4c02aa/ozone-meta/datanode-3/ratis/7849761d-e98b-4551-9208-71c65c083dd1/sm/snapshot.1_107
2025-07-05 15:48:40,551 [b5b4f89f-93bb-4b69-9074-7f3b90eee2a4@group-71C65C083DD1-StateMachineUpdater] INFO  ratis.ContainerStateMachine (ContainerStateMachine.java:takeSnapshot(436)) - group-71C65C083DD1: Finished taking a snapshot at:(t:1, i:107) file:/home/runner/work/ozone/ozone/hadoop-ozone/integration-test/target/test-dir/MiniOzoneClusterImpl-0a3c97a5-d59a-4532-afef-c4940c4c02aa/ozone-meta/datanode-3/ratis/7849761d-e98b-4551-9208-71c65c083dd1/sm/snapshot.1_107 took: 2 ms
2025-07-05 15:48:40,552 [b5b4f89f-93bb-4b69-9074-7f3b90eee2a4-ChunkWriter-0-0] WARN  helpers.ChunkUtils (ChunkUtils.java:validateChunkForOverwrite(378)) - Duplicate write chunk request. Chunk overwrite without explicit request. ChunkInfo{chunkName='115816896921600004.data.0, offset=0, len=5}
2025-07-05 15:48:40,554 [b5b4f89f-93bb-4b69-9074-7f3b90eee2a4-ChunkWriter-0-0] WARN  helpers.ChunkUtils (ChunkUtils.java:validateChunkForOverwrite(378)) - Duplicate write chunk request. Chunk overwrite without explicit request. ChunkInfo{chunkName='115816896921600004.data.0, offset=0, len=5}
2025-07-05 15:48:40,554 [b5b4f89f-93bb-4b69-9074-7f3b90eee2a4@group-71C65C083DD1-StateMachineUpdater] INFO  impl.SimpleStateMachineStorage (SimpleStateMachineStorage.java:lambda$cleanupOldSnapshots$1(126)) - Deleting old snapshot at /home/runner/work/ozone/ozone/hadoop-ozone/integration-test/target/test-dir/MiniOzoneClusterImpl-0a3c97a5-d59a-4532-afef-c4940c4c02aa/ozone-meta/datanode-3/ratis/7849761d-e98b-4551-9208-71c65c083dd1/sm/snapshot.1_83
2025-07-05 15:48:40,554 [b5b4f89f-93bb-4b69-9074-7f3b90eee2a4@group-71C65C083DD1-StateMachineUpdater] INFO  impl.StateMachineUpdater (StateMachineUpdater.java:takeSnapshot(307)) - b5b4f89f-93bb-4b69-9074-7f3b90eee2a4@group-71C65C083DD1-StateMachineUpdater: Took a snapshot at index 107
2025-07-05 15:48:40,554 [b5b4f89f-93bb-4b69-9074-7f3b90eee2a4@group-71C65C083DD1-StateMachineUpdater] INFO  impl.StateMachineUpdater (StateMachineUpdater.java:lambda$new$0(101)) - b5b4f89f-93bb-4b69-9074-7f3b90eee2a4@group-71C65C083DD1-StateMachineUpdater: snapshotIndex: updateIncreasingly 101 -> 107
2025-07-05 15:48:40,557 [b5b4f89f-93bb-4b69-9074-7f3b90eee2a4@group-71C65C083DD1-StateMachineUpdater] INFO  ratis.ContainerStateMachine (ContainerStateMachine.java:takeSnapshot(427)) - group-71C65C083DD1: Taking a snapshot at:(t:1, i:112) file /home/runner/work/ozone/ozone/hadoop-ozone/integration-test/target/test-dir/MiniOzoneClusterImpl-0a3c97a5-d59a-4532-afef-c4940c4c02aa/ozone-meta/datanode-3/ratis/7849761d-e98b-4551-9208-71c65c083dd1/sm/snapshot.1_112
2025-07-05 15:48:40,557 [b5b4f89f-93bb-4b69-9074-7f3b90eee2a4-ChunkWriter-0-0] WARN  helpers.ChunkUtils (ChunkUtils.java:validateChunkForOverwrite(378)) - Duplicate write chunk request. Chunk overwrite without explicit request. ChunkInfo{chunkName='115816896921600004.data.0, offset=0, len=5}
2025-07-05 15:48:40,558 [b5b4f89f-93bb-4b69-9074-7f3b90eee2a4@group-71C65C083DD1-StateMachineUpdater] INFO  ratis.ContainerStateMachine (ContainerStateMachine.java:takeSnapshot(436)) - group-71C65C083DD1: Finished taking a snapshot at:(t:1, i:112) file:/home/runner/work/ozone/ozone/hadoop-ozone/integration-test/target/test-dir/MiniOzoneClusterImpl-0a3c97a5-d59a-4532-afef-c4940c4c02aa/ozone-meta/datanode-3/ratis/7849761d-e98b-4551-9208-71c65c083dd1/sm/snapshot.1_112 took: 1 ms
2025-07-05 15:48:40,559 [b5b4f89f-93bb-4b69-9074-7f3b90eee2a4@group-71C65C083DD1-StateMachineUpdater] INFO  impl.SimpleStateMachineStorage (SimpleStateMachineStorage.java:lambda$cleanupOldSnapshots$1(126)) - Deleting old snapshot at /home/runner/work/ozone/ozone/hadoop-ozone/integration-test/target/test-dir/MiniOzoneClusterImpl-0a3c97a5-d59a-4532-afef-c4940c4c02aa/ozone-meta/datanode-3/ratis/7849761d-e98b-4551-9208-71c65c083dd1/sm/snapshot.1_88
2025-07-05 15:48:40,560 [b5b4f89f-93bb-4b69-9074-7f3b90eee2a4@group-71C65C083DD1-StateMachineUpdater] INFO  impl.StateMachineUpdater (StateMachineUpdater.java:takeSnapshot(307)) - b5b4f89f-93bb-4b69-9074-7f3b90eee2a4@group-71C65C083DD1-StateMachineUpdater: Took a snapshot at index 112
2025-07-05 15:48:40,560 [b5b4f89f-93bb-4b69-9074-7f3b90eee2a4@group-71C65C083DD1-StateMachineUpdater] INFO  impl.StateMachineUpdater (StateMachineUpdater.java:lambda$new$0(101)) - b5b4f89f-93bb-4b69-9074-7f3b90eee2a4@group-71C65C083DD1-StateMachineUpdater: snapshotIndex: updateIncreasingly 107 -> 112
2025-07-05 15:48:40,559 [b5b4f89f-93bb-4b69-9074-7f3b90eee2a4-ChunkWriter-0-0] WARN  helpers.ChunkUtils (ChunkUtils.java:validateChunkForOverwrite(378)) - Duplicate write chunk request. Chunk overwrite without explicit request. ChunkInfo{chunkName='115816896921600004.data.0, offset=0, len=5}
2025-07-05 15:48:40,561 [b5b4f89f-93bb-4b69-9074-7f3b90eee2a4-ChunkWriter-0-0] WARN  helpers.ChunkUtils (ChunkUtils.java:validateChunkForOverwrite(378)) - Duplicate write chunk request. Chunk overwrite without explicit request. ChunkInfo{chunkName='115816896921600004.data.0, offset=0, len=5}
2025-07-05 15:48:40,562 [b5b4f89f-93bb-4b69-9074-7f3b90eee2a4@group-71C65C083DD1-StateMachineUpdater] INFO  ratis.ContainerStateMachine (ContainerStateMachine.java:takeSnapshot(427)) - group-71C65C083DD1: Taking a snapshot at:(t:1, i:117) file /home/runner/work/ozone/ozone/hadoop-ozone/integration-test/target/test-dir/MiniOzoneClusterImpl-0a3c97a5-d59a-4532-afef-c4940c4c02aa/ozone-meta/datanode-3/ratis/7849761d-e98b-4551-9208-71c65c083dd1/sm/snapshot.1_117
2025-07-05 15:48:40,563 [b5b4f89f-93bb-4b69-9074-7f3b90eee2a4@group-71C65C083DD1-StateMachineUpdater] INFO  ratis.ContainerStateMachine (ContainerStateMachine.java:takeSnapshot(436)) - group-71C65C083DD1: Finished taking a snapshot at:(t:1, i:117) file:/home/runner/work/ozone/ozone/hadoop-ozone/integration-test/target/test-dir/MiniOzoneClusterImpl-0a3c97a5-d59a-4532-afef-c4940c4c02aa/ozone-meta/datanode-3/ratis/7849761d-e98b-4551-9208-71c65c083dd1/sm/snapshot.1_117 took: 2 ms
2025-07-05 15:48:40,564 [b5b4f89f-93bb-4b69-9074-7f3b90eee2a4@group-71C65C083DD1-StateMachineUpdater] INFO  impl.SimpleStateMachineStorage (SimpleStateMachineStorage.java:lambda$cleanupOldSnapshots$1(126)) - Deleting old snapshot at /home/runner/work/ozone/ozone/hadoop-ozone/integration-test/target/test-dir/MiniOzoneClusterImpl-0a3c97a5-d59a-4532-afef-c4940c4c02aa/ozone-meta/datanode-3/ratis/7849761d-e98b-4551-9208-71c65c083dd1/sm/snapshot.1_92
2025-07-05 15:48:40,564 [b5b4f89f-93bb-4b69-9074-7f3b90eee2a4@group-71C65C083DD1-StateMachineUpdater] INFO  impl.StateMachineUpdater (StateMachineUpdater.java:takeSnapshot(307)) - b5b4f89f-93bb-4b69-9074-7f3b90eee2a4@group-71C65C083DD1-StateMachineUpdater: Took a snapshot at index 117
2025-07-05 15:48:40,564 [b5b4f89f-93bb-4b69-9074-7f3b90eee2a4@group-71C65C083DD1-StateMachineUpdater] INFO  impl.StateMachineUpdater (StateMachineUpdater.java:lambda$new$0(101)) - b5b4f89f-93bb-4b69-9074-7f3b90eee2a4@group-71C65C083DD1-StateMachineUpdater: snapshotIndex: updateIncreasingly 112 -> 117
2025-07-05 15:48:40,564 [b5b4f89f-93bb-4b69-9074-7f3b90eee2a4-ChunkWriter-0-0] WARN  helpers.ChunkUtils (ChunkUtils.java:validateChunkForOverwrite(378)) - Duplicate write chunk request. Chunk overwrite without explicit request. ChunkInfo{chunkName='115816896921600004.data.0, offset=0, len=5}
2025-07-05 15:48:40,564 [b5b4f89f-93bb-4b69-9074-7f3b90eee2a4-ChunkWriter-0-0] WARN  helpers.ChunkUtils (ChunkUtils.java:validateChunkForOverwrite(378)) - Duplicate write chunk request. Chunk overwrite without explicit request. ChunkInfo{chunkName='115816896921600004.data.0, offset=0, len=5}
2025-07-05 15:48:40,567 [b5b4f89f-93bb-4b69-9074-7f3b90eee2a4@group-71C65C083DD1-StateMachineUpdater] INFO  ratis.ContainerStateMachine (ContainerStateMachine.java:takeSnapshot(427)) - group-71C65C083DD1: Taking a snapshot at:(t:1, i:122) file /home/runner/work/ozone/ozone/hadoop-ozone/integration-test/target/test-dir/MiniOzoneClusterImpl-0a3c97a5-d59a-4532-afef-c4940c4c02aa/ozone-meta/datanode-3/ratis/7849761d-e98b-4551-9208-71c65c083dd1/sm/snapshot.1_122
2025-07-05 15:48:40,568 [b5b4f89f-93bb-4b69-9074-7f3b90eee2a4@group-71C65C083DD1-StateMachineUpdater] INFO  ratis.ContainerStateMachine (ContainerStateMachine.java:takeSnapshot(436)) - group-71C65C083DD1: Finished taking a snapshot at:(t:1, i:122) file:/home/runner/work/ozone/ozone/hadoop-ozone/integration-test/target/test-dir/MiniOzoneClusterImpl-0a3c97a5-d59a-4532-afef-c4940c4c02aa/ozone-meta/datanode-3/ratis/7849761d-e98b-4551-9208-71c65c083dd1/sm/snapshot.1_122 took: 1 ms
2025-07-05 15:48:40,568 [b5b4f89f-93bb-4b69-9074-7f3b90eee2a4-ChunkWriter-0-0] WARN  helpers.ChunkUtils (ChunkUtils.java:validateChunkForOverwrite(378)) - Duplicate write chunk request. Chunk overwrite without explicit request. ChunkInfo{chunkName='115816896921600004.data.0, offset=0, len=5}
2025-07-05 15:48:40,568 [b5b4f89f-93bb-4b69-9074-7f3b90eee2a4-ChunkWriter-0-0] WARN  helpers.ChunkUtils (ChunkUtils.java:validateChunkForOverwrite(378)) - Duplicate write chunk request. Chunk overwrite without explicit request. ChunkInfo{chunkName='115816896921600004.data.0, offset=0, len=5}
2025-07-05 15:48:40,568 [b5b4f89f-93bb-4b69-9074-7f3b90eee2a4@group-71C65C083DD1-StateMachineUpdater] INFO  impl.SimpleStateMachineStorage (SimpleStateMachineStorage.java:lambda$cleanupOldSnapshots$1(126)) - Deleting old snapshot at /home/runner/work/ozone/ozone/hadoop-ozone/integration-test/target/test-dir/MiniOzoneClusterImpl-0a3c97a5-d59a-4532-afef-c4940c4c02aa/ozone-meta/datanode-3/ratis/7849761d-e98b-4551-9208-71c65c083dd1/sm/snapshot.1_96
2025-07-05 15:48:40,569 [b5b4f89f-93bb-4b69-9074-7f3b90eee2a4@group-71C65C083DD1-StateMachineUpdater] INFO  impl.StateMachineUpdater (StateMachineUpdater.java:takeSnapshot(307)) - b5b4f89f-93bb-4b69-9074-7f3b90eee2a4@group-71C65C083DD1-StateMachineUpdater: Took a snapshot at index 122
2025-07-05 15:48:40,569 [b5b4f89f-93bb-4b69-9074-7f3b90eee2a4@group-71C65C083DD1-StateMachineUpdater] INFO  impl.StateMachineUpdater (StateMachineUpdater.java:lambda$new$0(101)) - b5b4f89f-93bb-4b69-9074-7f3b90eee2a4@group-71C65C083DD1-StateMachineUpdater: snapshotIndex: updateIncreasingly 117 -> 122
2025-07-05 15:48:40,570 [b5b4f89f-93bb-4b69-9074-7f3b90eee2a4@group-71C65C083DD1-StateMachineUpdater] INFO  ratis.ContainerStateMachine (ContainerStateMachine.java:takeSnapshot(427)) - group-71C65C083DD1: Taking a snapshot at:(t:1, i:126) file /home/runner/work/ozone/ozone/hadoop-ozone/integration-test/target/test-dir/MiniOzoneClusterImpl-0a3c97a5-d59a-4532-afef-c4940c4c02aa/ozone-meta/datanode-3/ratis/7849761d-e98b-4551-9208-71c65c083dd1/sm/snapshot.1_126
2025-07-05 15:48:40,570 [b5b4f89f-93bb-4b69-9074-7f3b90eee2a4@group-71C65C083DD1-StateMachineUpdater] INFO  ratis.ContainerStateMachine (ContainerStateMachine.java:takeSnapshot(436)) - group-71C65C083DD1: Finished taking a snapshot at:(t:1, i:126) file:/home/runner/work/ozone/ozone/hadoop-ozone/integration-test/target/test-dir/MiniOzoneClusterImpl-0a3c97a5-d59a-4532-afef-c4940c4c02aa/ozone-meta/datanode-3/ratis/7849761d-e98b-4551-9208-71c65c083dd1/sm/snapshot.1_126 took: 1 ms
2025-07-05 15:48:40,571 [b5b4f89f-93bb-4b69-9074-7f3b90eee2a4@group-71C65C083DD1-StateMachineUpdater] INFO  impl.SimpleStateMachineStorage (SimpleStateMachineStorage.java:lambda$cleanupOldSnapshots$1(126)) - Deleting old snapshot at /home/runner/work/ozone/ozone/hadoop-ozone/integration-test/target/test-dir/MiniOzoneClusterImpl-0a3c97a5-d59a-4532-afef-c4940c4c02aa/ozone-meta/datanode-3/ratis/7849761d-e98b-4551-9208-71c65c083dd1/sm/snapshot.1_101
2025-07-05 15:48:40,571 [b5b4f89f-93bb-4b69-9074-7f3b90eee2a4@group-71C65C083DD1-StateMachineUpdater] INFO  impl.StateMachineUpdater (StateMachineUpdater.java:takeSnapshot(307)) - b5b4f89f-93bb-4b69-9074-7f3b90eee2a4@group-71C65C083DD1-StateMachineUpdater: Took a snapshot at index 126
2025-07-05 15:48:40,571 [b5b4f89f-93bb-4b69-9074-7f3b90eee2a4@group-71C65C083DD1-StateMachineUpdater] INFO  impl.StateMachineUpdater (StateMachineUpdater.java:lambda$new$0(101)) - b5b4f89f-93bb-4b69-9074-7f3b90eee2a4@group-71C65C083DD1-StateMachineUpdater: snapshotIndex: updateIncreasingly 122 -> 126
2025-07-05 15:48:40,572 [b5b4f89f-93bb-4b69-9074-7f3b90eee2a4-ChunkWriter-0-0] WARN  helpers.ChunkUtils (ChunkUtils.java:validateChunkForOverwrite(378)) - Duplicate write chunk request. Chunk overwrite without explicit request. ChunkInfo{chunkName='115816896921600004.data.0, offset=0, len=5}
2025-07-05 15:48:40,573 [b5b4f89f-93bb-4b69-9074-7f3b90eee2a4-ChunkWriter-0-0] WARN  helpers.ChunkUtils (ChunkUtils.java:validateChunkForOverwrite(378)) - Duplicate write chunk request. Chunk overwrite without explicit request. ChunkInfo{chunkName='115816896921600004.data.0, offset=0, len=5}
2025-07-05 15:48:40,576 [b5b4f89f-93bb-4b69-9074-7f3b90eee2a4-ChunkWriter-0-0] WARN  helpers.ChunkUtils (ChunkUtils.java:validateChunkForOverwrite(378)) - Duplicate write chunk request. Chunk overwrite without explicit request. ChunkInfo{chunkName='115816896921600004.data.0, offset=0, len=5}
2025-07-05 15:48:40,576 [b5b4f89f-93bb-4b69-9074-7f3b90eee2a4@group-71C65C083DD1-StateMachineUpdater] INFO  ratis.ContainerStateMachine (ContainerStateMachine.java:takeSnapshot(427)) - group-71C65C083DD1: Taking a snapshot at:(t:1, i:131) file /home/runner/work/ozone/ozone/hadoop-ozone/integration-test/target/test-dir/MiniOzoneClusterImpl-0a3c97a5-d59a-4532-afef-c4940c4c02aa/ozone-meta/datanode-3/ratis/7849761d-e98b-4551-9208-71c65c083dd1/sm/snapshot.1_131
2025-07-05 15:48:40,576 [b5b4f89f-93bb-4b69-9074-7f3b90eee2a4-ChunkWriter-0-0] WARN  helpers.ChunkUtils (ChunkUtils.java:validateChunkForOverwrite(378)) - Duplicate write chunk request. Chunk overwrite without explicit request. ChunkInfo{chunkName='115816896921600004.data.0, offset=0, len=5}
2025-07-05 15:48:40,578 [b5b4f89f-93bb-4b69-9074-7f3b90eee2a4@group-71C65C083DD1-StateMachineUpdater] INFO  ratis.ContainerStateMachine (ContainerStateMachine.java:takeSnapshot(436)) - group-71C65C083DD1: Finished taking a snapshot at:(t:1, i:131) file:/home/runner/work/ozone/ozone/hadoop-ozone/integration-test/target/test-dir/MiniOzoneClusterImpl-0a3c97a5-d59a-4532-afef-c4940c4c02aa/ozone-meta/datanode-3/ratis/7849761d-e98b-4551-9208-71c65c083dd1/sm/snapshot.1_131 took: 3 ms
2025-07-05 15:48:40,579 [b5b4f89f-93bb-4b69-9074-7f3b90eee2a4@group-71C65C083DD1-StateMachineUpdater] INFO  impl.SimpleStateMachineStorage (SimpleStateMachineStorage.java:lambda$cleanupOldSnapshots$1(126)) - Deleting old snapshot at /home/runner/work/ozone/ozone/hadoop-ozone/integration-test/target/test-dir/MiniOzoneClusterImpl-0a3c97a5-d59a-4532-afef-c4940c4c02aa/ozone-meta/datanode-3/ratis/7849761d-e98b-4551-9208-71c65c083dd1/sm/snapshot.1_107
2025-07-05 15:48:40,579 [b5b4f89f-93bb-4b69-9074-7f3b90eee2a4@group-71C65C083DD1-StateMachineUpdater] INFO  impl.StateMachineUpdater (StateMachineUpdater.java:takeSnapshot(307)) - b5b4f89f-93bb-4b69-9074-7f3b90eee2a4@group-71C65C083DD1-StateMachineUpdater: Took a snapshot at index 131
2025-07-05 15:48:40,580 [b5b4f89f-93bb-4b69-9074-7f3b90eee2a4@group-71C65C083DD1-StateMachineUpdater] INFO  impl.StateMachineUpdater (StateMachineUpdater.java:lambda$new$0(101)) - b5b4f89f-93bb-4b69-9074-7f3b90eee2a4@group-71C65C083DD1-StateMachineUpdater: snapshotIndex: updateIncreasingly 126 -> 131
2025-07-05 15:48:40,582 [b5b4f89f-93bb-4b69-9074-7f3b90eee2a4-ChunkWriter-0-0] WARN  helpers.ChunkUtils (ChunkUtils.java:validateChunkForOverwrite(378)) - Duplicate write chunk request. Chunk overwrite without explicit request. ChunkInfo{chunkName='115816896921600004.data.0, offset=0, len=5}
2025-07-05 15:48:40,584 [b5b4f89f-93bb-4b69-9074-7f3b90eee2a4@group-71C65C083DD1-StateMachineUpdater] INFO  ratis.ContainerStateMachine (ContainerStateMachine.java:takeSnapshot(427)) - group-71C65C083DD1: Taking a snapshot at:(t:1, i:136) file /home/runner/work/ozone/ozone/hadoop-ozone/integration-test/target/test-dir/MiniOzoneClusterImpl-0a3c97a5-d59a-4532-afef-c4940c4c02aa/ozone-meta/datanode-3/ratis/7849761d-e98b-4551-9208-71c65c083dd1/sm/snapshot.1_136
2025-07-05 15:48:40,584 [b5b4f89f-93bb-4b69-9074-7f3b90eee2a4-ChunkWriter-0-0] WARN  helpers.ChunkUtils (ChunkUtils.java:validateChunkForOverwrite(378)) - Duplicate write chunk request. Chunk overwrite without explicit request. ChunkInfo{chunkName='115816896921600004.data.0, offset=0, len=5}
2025-07-05 15:48:40,586 [b5b4f89f-93bb-4b69-9074-7f3b90eee2a4@group-71C65C083DD1-StateMachineUpdater] INFO  ratis.ContainerStateMachine (ContainerStateMachine.java:takeSnapshot(436)) - group-71C65C083DD1: Finished taking a snapshot at:(t:1, i:136) file:/home/runner/work/ozone/ozone/hadoop-ozone/integration-test/target/test-dir/MiniOzoneClusterImpl-0a3c97a5-d59a-4532-afef-c4940c4c02aa/ozone-meta/datanode-3/ratis/7849761d-e98b-4551-9208-71c65c083dd1/sm/snapshot.1_136 took: 2 ms
2025-07-05 15:48:40,586 [b5b4f89f-93bb-4b69-9074-7f3b90eee2a4-ChunkWriter-0-0] WARN  helpers.ChunkUtils (ChunkUtils.java:validateChunkForOverwrite(378)) - Duplicate write chunk request. Chunk overwrite without explicit request. ChunkInfo{chunkName='115816896921600004.data.0, offset=0, len=5}
2025-07-05 15:48:40,587 [b5b4f89f-93bb-4b69-9074-7f3b90eee2a4@group-71C65C083DD1-StateMachineUpdater] INFO  impl.SimpleStateMachineStorage (SimpleStateMachineStorage.java:lambda$cleanupOldSnapshots$1(126)) - Deleting old snapshot at /home/runner/work/ozone/ozone/hadoop-ozone/integration-test/target/test-dir/MiniOzoneClusterImpl-0a3c97a5-d59a-4532-afef-c4940c4c02aa/ozone-meta/datanode-3/ratis/7849761d-e98b-4551-9208-71c65c083dd1/sm/snapshot.1_112
2025-07-05 15:48:40,587 [b5b4f89f-93bb-4b69-9074-7f3b90eee2a4@group-71C65C083DD1-StateMachineUpdater] INFO  impl.StateMachineUpdater (StateMachineUpdater.java:takeSnapshot(307)) - b5b4f89f-93bb-4b69-9074-7f3b90eee2a4@group-71C65C083DD1-StateMachineUpdater: Took a snapshot at index 136
2025-07-05 15:48:40,587 [b5b4f89f-93bb-4b69-9074-7f3b90eee2a4@group-71C65C083DD1-StateMachineUpdater] INFO  impl.StateMachineUpdater (StateMachineUpdater.java:lambda$new$0(101)) - b5b4f89f-93bb-4b69-9074-7f3b90eee2a4@group-71C65C083DD1-StateMachineUpdater: snapshotIndex: updateIncreasingly 131 -> 136
2025-07-05 15:48:40,587 [b5b4f89f-93bb-4b69-9074-7f3b90eee2a4@group-71C65C083DD1-StateMachineUpdater] INFO  ratis.ContainerStateMachine (ContainerStateMachine.java:takeSnapshot(427)) - group-71C65C083DD1: Taking a snapshot at:(t:1, i:137) file /home/runner/work/ozone/ozone/hadoop-ozone/integration-test/target/test-dir/MiniOzoneClusterImpl-0a3c97a5-d59a-4532-afef-c4940c4c02aa/ozone-meta/datanode-3/ratis/7849761d-e98b-4551-9208-71c65c083dd1/sm/snapshot.1_137
2025-07-05 15:48:40,589 [b5b4f89f-93bb-4b69-9074-7f3b90eee2a4-ChunkWriter-0-0] WARN  helpers.ChunkUtils (ChunkUtils.java:validateChunkForOverwrite(378)) - Duplicate write chunk request. Chunk overwrite without explicit request. ChunkInfo{chunkName='115816896921600004.data.0, offset=0, len=5}
2025-07-05 15:48:40,589 [b5b4f89f-93bb-4b69-9074-7f3b90eee2a4@group-71C65C083DD1-StateMachineUpdater] INFO  ratis.ContainerStateMachine (ContainerStateMachine.java:takeSnapshot(436)) - group-71C65C083DD1: Finished taking a snapshot at:(t:1, i:137) file:/home/runner/work/ozone/ozone/hadoop-ozone/integration-test/target/test-dir/MiniOzoneClusterImpl-0a3c97a5-d59a-4532-afef-c4940c4c02aa/ozone-meta/datanode-3/ratis/7849761d-e98b-4551-9208-71c65c083dd1/sm/snapshot.1_137 took: 1 ms
2025-07-05 15:48:40,589 [b5b4f89f-93bb-4b69-9074-7f3b90eee2a4@group-71C65C083DD1-StateMachineUpdater] INFO  impl.SimpleStateMachineStorage (SimpleStateMachineStorage.java:lambda$cleanupOldSnapshots$1(126)) - Deleting old snapshot at /home/runner/work/ozone/ozone/hadoop-ozone/integration-test/target/test-dir/MiniOzoneClusterImpl-0a3c97a5-d59a-4532-afef-c4940c4c02aa/ozone-meta/datanode-3/ratis/7849761d-e98b-4551-9208-71c65c083dd1/sm/snapshot.1_117
2025-07-05 15:48:40,590 [b5b4f89f-93bb-4b69-9074-7f3b90eee2a4@group-71C65C083DD1-StateMachineUpdater] INFO  impl.StateMachineUpdater (StateMachineUpdater.java:takeSnapshot(307)) - b5b4f89f-93bb-4b69-9074-7f3b90eee2a4@group-71C65C083DD1-StateMachineUpdater: Took a snapshot at index 137
2025-07-05 15:48:40,590 [b5b4f89f-93bb-4b69-9074-7f3b90eee2a4@group-71C65C083DD1-StateMachineUpdater] INFO  impl.StateMachineUpdater (StateMachineUpdater.java:lambda$new$0(101)) - b5b4f89f-93bb-4b69-9074-7f3b90eee2a4@group-71C65C083DD1-StateMachineUpdater: snapshotIndex: updateIncreasingly 136 -> 137
2025-07-05 15:48:40,591 [b5b4f89f-93bb-4b69-9074-7f3b90eee2a4-ChunkWriter-0-0] WARN  helpers.ChunkUtils (ChunkUtils.java:validateChunkForOverwrite(378)) - Duplicate write chunk request. Chunk overwrite without explicit request. ChunkInfo{chunkName='115816896921600004.data.0, offset=0, len=5}
2025-07-05 15:48:40,592 [b5b4f89f-93bb-4b69-9074-7f3b90eee2a4@group-71C65C083DD1-StateMachineUpdater] INFO  ratis.ContainerStateMachine (ContainerStateMachine.java:takeSnapshot(427)) - group-71C65C083DD1: Taking a snapshot at:(t:1, i:142) file /home/runner/work/ozone/ozone/hadoop-ozone/integration-test/target/test-dir/MiniOzoneClusterImpl-0a3c97a5-d59a-4532-afef-c4940c4c02aa/ozone-meta/datanode-3/ratis/7849761d-e98b-4551-9208-71c65c083dd1/sm/snapshot.1_142
2025-07-05 15:48:40,593 [b5b4f89f-93bb-4b69-9074-7f3b90eee2a4-ChunkWriter-0-0] WARN  helpers.ChunkUtils (ChunkUtils.java:validateChunkForOverwrite(378)) - Duplicate write chunk request. Chunk overwrite without explicit request. ChunkInfo{chunkName='115816896921600004.data.0, offset=0, len=5}
2025-07-05 15:48:40,594 [b5b4f89f-93bb-4b69-9074-7f3b90eee2a4@group-71C65C083DD1-StateMachineUpdater] INFO  ratis.ContainerStateMachine (ContainerStateMachine.java:takeSnapshot(436)) - group-71C65C083DD1: Finished taking a snapshot at:(t:1, i:142) file:/home/runner/work/ozone/ozone/hadoop-ozone/integration-test/target/test-dir/MiniOzoneClusterImpl-0a3c97a5-d59a-4532-afef-c4940c4c02aa/ozone-meta/datanode-3/ratis/7849761d-e98b-4551-9208-71c65c083dd1/sm/snapshot.1_142 took: 2 ms
2025-07-05 15:48:40,594 [b5b4f89f-93bb-4b69-9074-7f3b90eee2a4@group-71C65C083DD1-StateMachineUpdater] INFO  impl.SimpleStateMachineStorage (SimpleStateMachineStorage.java:lambda$cleanupOldSnapshots$1(126)) - Deleting old snapshot at /home/runner/work/ozone/ozone/hadoop-ozone/integration-test/target/test-dir/MiniOzoneClusterImpl-0a3c97a5-d59a-4532-afef-c4940c4c02aa/ozone-meta/datanode-3/ratis/7849761d-e98b-4551-9208-71c65c083dd1/sm/snapshot.1_122
2025-07-05 15:48:40,595 [b5b4f89f-93bb-4b69-9074-7f3b90eee2a4@group-71C65C083DD1-StateMachineUpdater] INFO  impl.StateMachineUpdater (StateMachineUpdater.java:takeSnapshot(307)) - b5b4f89f-93bb-4b69-9074-7f3b90eee2a4@group-71C65C083DD1-StateMachineUpdater: Took a snapshot at index 142
2025-07-05 15:48:40,595 [b5b4f89f-93bb-4b69-9074-7f3b90eee2a4@group-71C65C083DD1-StateMachineUpdater] INFO  impl.StateMachineUpdater (StateMachineUpdater.java:lambda$new$0(101)) - b5b4f89f-93bb-4b69-9074-7f3b90eee2a4@group-71C65C083DD1-StateMachineUpdater: snapshotIndex: updateIncreasingly 137 -> 142
2025-07-05 15:48:40,595 [b5b4f89f-93bb-4b69-9074-7f3b90eee2a4-ChunkWriter-0-0] WARN  helpers.ChunkUtils (ChunkUtils.java:validateChunkForOverwrite(378)) - Duplicate write chunk request. Chunk overwrite without explicit request. ChunkInfo{chunkName='115816896921600004.data.0, offset=0, len=5}
2025-07-05 15:48:40,596 [b5b4f89f-93bb-4b69-9074-7f3b90eee2a4@group-71C65C083DD1-StateMachineUpdater] INFO  ratis.ContainerStateMachine (ContainerStateMachine.java:takeSnapshot(427)) - group-71C65C083DD1: Taking a snapshot at:(t:1, i:146) file /home/runner/work/ozone/ozone/hadoop-ozone/integration-test/target/test-dir/MiniOzoneClusterImpl-0a3c97a5-d59a-4532-afef-c4940c4c02aa/ozone-meta/datanode-3/ratis/7849761d-e98b-4551-9208-71c65c083dd1/sm/snapshot.1_146
2025-07-05 15:48:40,596 [b5b4f89f-93bb-4b69-9074-7f3b90eee2a4@group-71C65C083DD1-StateMachineUpdater] INFO  ratis.ContainerStateMachine (ContainerStateMachine.java:takeSnapshot(436)) - group-71C65C083DD1: Finished taking a snapshot at:(t:1, i:146) file:/home/runner/work/ozone/ozone/hadoop-ozone/integration-test/target/test-dir/MiniOzoneClusterImpl-0a3c97a5-d59a-4532-afef-c4940c4c02aa/ozone-meta/datanode-3/ratis/7849761d-e98b-4551-9208-71c65c083dd1/sm/snapshot.1_146 took: 1 ms
2025-07-05 15:48:40,597 [b5b4f89f-93bb-4b69-9074-7f3b90eee2a4@group-71C65C083DD1-StateMachineUpdater] INFO  impl.SimpleStateMachineStorage (SimpleStateMachineStorage.java:lambda$cleanupOldSnapshots$1(126)) - Deleting old snapshot at /home/runner/work/ozone/ozone/hadoop-ozone/integration-test/target/test-dir/MiniOzoneClusterImpl-0a3c97a5-d59a-4532-afef-c4940c4c02aa/ozone-meta/datanode-3/ratis/7849761d-e98b-4551-9208-71c65c083dd1/sm/snapshot.1_126
2025-07-05 15:48:40,597 [b5b4f89f-93bb-4b69-9074-7f3b90eee2a4@group-71C65C083DD1-StateMachineUpdater] INFO  impl.StateMachineUpdater (StateMachineUpdater.java:takeSnapshot(307)) - b5b4f89f-93bb-4b69-9074-7f3b90eee2a4@group-71C65C083DD1-StateMachineUpdater: Took a snapshot at index 146
2025-07-05 15:48:40,598 [b5b4f89f-93bb-4b69-9074-7f3b90eee2a4@group-71C65C083DD1-StateMachineUpdater] INFO  impl.StateMachineUpdater (StateMachineUpdater.java:lambda$new$0(101)) - b5b4f89f-93bb-4b69-9074-7f3b90eee2a4@group-71C65C083DD1-StateMachineUpdater: snapshotIndex: updateIncreasingly 142 -> 146
2025-07-05 15:48:40,599 [b5b4f89f-93bb-4b69-9074-7f3b90eee2a4@group-71C65C083DD1-StateMachineUpdater] INFO  ratis.ContainerStateMachine (ContainerStateMachine.java:takeSnapshot(427)) - group-71C65C083DD1: Taking a snapshot at:(t:1, i:147) file /home/runner/work/ozone/ozone/hadoop-ozone/integration-test/target/test-dir/MiniOzoneClusterImpl-0a3c97a5-d59a-4532-afef-c4940c4c02aa/ozone-meta/datanode-3/ratis/7849761d-e98b-4551-9208-71c65c083dd1/sm/snapshot.1_147
2025-07-05 15:48:40,597 [b5b4f89f-93bb-4b69-9074-7f3b90eee2a4-ChunkWriter-0-0] WARN  helpers.ChunkUtils (ChunkUtils.java:validateChunkForOverwrite(378)) - Duplicate write chunk request. Chunk overwrite without explicit request. ChunkInfo{chunkName='115816896921600004.data.0, offset=0, len=5}
2025-07-05 15:48:40,600 [b5b4f89f-93bb-4b69-9074-7f3b90eee2a4-ChunkWriter-0-0] WARN  helpers.ChunkUtils (ChunkUtils.java:validateChunkForOverwrite(378)) - Duplicate write chunk request. Chunk overwrite without explicit request. ChunkInfo{chunkName='115816896921600004.data.0, offset=0, len=5}
2025-07-05 15:48:40,600 [b5b4f89f-93bb-4b69-9074-7f3b90eee2a4-ChunkWriter-0-0] WARN  helpers.ChunkUtils (ChunkUtils.java:validateChunkForOverwrite(378)) - Duplicate write chunk request. Chunk overwrite without explicit request. ChunkInfo{chunkName='115816896921600004.data.0, offset=0, len=5}
2025-07-05 15:48:40,600 [b5b4f89f-93bb-4b69-9074-7f3b90eee2a4-ChunkWriter-0-0] WARN  helpers.ChunkUtils (ChunkUtils.java:validateChunkForOverwrite(378)) - Duplicate write chunk request. Chunk overwrite without explicit request. ChunkInfo{chunkName='115816896921600004.data.0, offset=0, len=5}
2025-07-05 15:48:40,600 [b5b4f89f-93bb-4b69-9074-7f3b90eee2a4@group-71C65C083DD1-StateMachineUpdater] INFO  ratis.ContainerStateMachine (ContainerStateMachine.java:takeSnapshot(436)) - group-71C65C083DD1: Finished taking a snapshot at:(t:1, i:147) file:/home/runner/work/ozone/ozone/hadoop-ozone/integration-test/target/test-dir/MiniOzoneClusterImpl-0a3c97a5-d59a-4532-afef-c4940c4c02aa/ozone-meta/datanode-3/ratis/7849761d-e98b-4551-9208-71c65c083dd1/sm/snapshot.1_147 took: 1 ms
2025-07-05 15:48:40,601 [b5b4f89f-93bb-4b69-9074-7f3b90eee2a4@group-71C65C083DD1-StateMachineUpdater] INFO  impl.SimpleStateMachineStorage (SimpleStateMachineStorage.java:lambda$cleanupOldSnapshots$1(126)) - Deleting old snapshot at /home/runner/work/ozone/ozone/hadoop-ozone/integration-test/target/test-dir/MiniOzoneClusterImpl-0a3c97a5-d59a-4532-afef-c4940c4c02aa/ozone-meta/datanode-3/ratis/7849761d-e98b-4551-9208-71c65c083dd1/sm/snapshot.1_131
2025-07-05 15:48:40,601 [b5b4f89f-93bb-4b69-9074-7f3b90eee2a4@group-71C65C083DD1-StateMachineUpdater] INFO  impl.StateMachineUpdater (StateMachineUpdater.java:takeSnapshot(307)) - b5b4f89f-93bb-4b69-9074-7f3b90eee2a4@group-71C65C083DD1-StateMachineUpdater: Took a snapshot at index 147
2025-07-05 15:48:40,601 [b5b4f89f-93bb-4b69-9074-7f3b90eee2a4@group-71C65C083DD1-StateMachineUpdater] INFO  impl.StateMachineUpdater (StateMachineUpdater.java:lambda$new$0(101)) - b5b4f89f-93bb-4b69-9074-7f3b90eee2a4@group-71C65C083DD1-StateMachineUpdater: snapshotIndex: updateIncreasingly 146 -> 147
2025-07-05 15:48:40,601 [b5b4f89f-93bb-4b69-9074-7f3b90eee2a4-ChunkWriter-0-0] WARN  helpers.ChunkUtils (ChunkUtils.java:validateChunkForOverwrite(378)) - Duplicate write chunk request. Chunk overwrite without explicit request. ChunkInfo{chunkName='115816896921600004.data.0, offset=0, len=5}
2025-07-05 15:48:40,602 [b5b4f89f-93bb-4b69-9074-7f3b90eee2a4-ChunkWriter-0-0] WARN  helpers.ChunkUtils (ChunkUtils.java:validateChunkForOverwrite(378)) - Duplicate write chunk request. Chunk overwrite without explicit request. ChunkInfo{chunkName='115816896921600004.data.0, offset=0, len=5}
2025-07-05 15:48:40,604 [b5b4f89f-93bb-4b69-9074-7f3b90eee2a4-ChunkWriter-0-0] WARN  helpers.ChunkUtils (ChunkUtils.java:validateChunkForOverwrite(378)) - Duplicate write chunk request. Chunk overwrite without explicit request. ChunkInfo{chunkName='115816896921600004.data.0, offset=0, len=5}
2025-07-05 15:48:40,605 [b5b4f89f-93bb-4b69-9074-7f3b90eee2a4@group-71C65C083DD1-StateMachineUpdater] INFO  ratis.ContainerStateMachine (ContainerStateMachine.java:takeSnapshot(427)) - group-71C65C083DD1: Taking a snapshot at:(t:1, i:152) file /home/runner/work/ozone/ozone/hadoop-ozone/integration-test/target/test-dir/MiniOzoneClusterImpl-0a3c97a5-d59a-4532-afef-c4940c4c02aa/ozone-meta/datanode-3/ratis/7849761d-e98b-4551-9208-71c65c083dd1/sm/snapshot.1_152
2025-07-05 15:48:40,606 [b5b4f89f-93bb-4b69-9074-7f3b90eee2a4-ChunkWriter-0-0] WARN  helpers.ChunkUtils (ChunkUtils.java:validateChunkForOverwrite(378)) - Duplicate write chunk request. Chunk overwrite without explicit request. ChunkInfo{chunkName='115816896921600004.data.0, offset=0, len=5}
2025-07-05 15:48:40,606 [b5b4f89f-93bb-4b69-9074-7f3b90eee2a4@group-71C65C083DD1-StateMachineUpdater] INFO  ratis.ContainerStateMachine (ContainerStateMachine.java:takeSnapshot(436)) - group-71C65C083DD1: Finished taking a snapshot at:(t:1, i:152) file:/home/runner/work/ozone/ozone/hadoop-ozone/integration-test/target/test-dir/MiniOzoneClusterImpl-0a3c97a5-d59a-4532-afef-c4940c4c02aa/ozone-meta/datanode-3/ratis/7849761d-e98b-4551-9208-71c65c083dd1/sm/snapshot.1_152 took: 1 ms
2025-07-05 15:48:40,606 [b5b4f89f-93bb-4b69-9074-7f3b90eee2a4@group-71C65C083DD1-StateMachineUpdater] INFO  impl.SimpleStateMachineStorage (SimpleStateMachineStorage.java:lambda$cleanupOldSnapshots$1(126)) - Deleting old snapshot at /home/runner/work/ozone/ozone/hadoop-ozone/integration-test/target/test-dir/MiniOzoneClusterImpl-0a3c97a5-d59a-4532-afef-c4940c4c02aa/ozone-meta/datanode-3/ratis/7849761d-e98b-4551-9208-71c65c083dd1/sm/snapshot.1_136
2025-07-05 15:48:40,606 [b5b4f89f-93bb-4b69-9074-7f3b90eee2a4@group-71C65C083DD1-StateMachineUpdater] INFO  impl.StateMachineUpdater (StateMachineUpdater.java:takeSnapshot(307)) - b5b4f89f-93bb-4b69-9074-7f3b90eee2a4@group-71C65C083DD1-StateMachineUpdater: Took a snapshot at index 152
2025-07-05 15:48:40,607 [b5b4f89f-93bb-4b69-9074-7f3b90eee2a4@group-71C65C083DD1-StateMachineUpdater] INFO  impl.StateMachineUpdater (StateMachineUpdater.java:lambda$new$0(101)) - b5b4f89f-93bb-4b69-9074-7f3b90eee2a4@group-71C65C083DD1-StateMachineUpdater: snapshotIndex: updateIncreasingly 147 -> 152
2025-07-05 15:48:40,608 [b5b4f89f-93bb-4b69-9074-7f3b90eee2a4-ChunkWriter-0-0] WARN  helpers.ChunkUtils (ChunkUtils.java:validateChunkForOverwrite(378)) - Duplicate write chunk request. Chunk overwrite without explicit request. ChunkInfo{chunkName='115816896921600004.data.0, offset=0, len=5}
2025-07-05 15:48:40,610 [b5b4f89f-93bb-4b69-9074-7f3b90eee2a4@group-71C65C083DD1-StateMachineUpdater] INFO  ratis.ContainerStateMachine (ContainerStateMachine.java:takeSnapshot(427)) - group-71C65C083DD1: Taking a snapshot at:(t:1, i:159) file /home/runner/work/ozone/ozone/hadoop-ozone/integration-test/target/test-dir/MiniOzoneClusterImpl-0a3c97a5-d59a-4532-afef-c4940c4c02aa/ozone-meta/datanode-3/ratis/7849761d-e98b-4551-9208-71c65c083dd1/sm/snapshot.1_159
2025-07-05 15:48:40,610 [b5b4f89f-93bb-4b69-9074-7f3b90eee2a4-ChunkWriter-0-0] WARN  helpers.ChunkUtils (ChunkUtils.java:validateChunkForOverwrite(378)) - Duplicate write chunk request. Chunk overwrite without explicit request. ChunkInfo{chunkName='115816896921600004.data.0, offset=0, len=5}
2025-07-05 15:48:40,611 [b5b4f89f-93bb-4b69-9074-7f3b90eee2a4@group-71C65C083DD1-StateMachineUpdater] INFO  ratis.ContainerStateMachine (ContainerStateMachine.java:takeSnapshot(436)) - group-71C65C083DD1: Finished taking a snapshot at:(t:1, i:159) file:/home/runner/work/ozone/ozone/hadoop-ozone/integration-test/target/test-dir/MiniOzoneClusterImpl-0a3c97a5-d59a-4532-afef-c4940c4c02aa/ozone-meta/datanode-3/ratis/7849761d-e98b-4551-9208-71c65c083dd1/sm/snapshot.1_159 took: 1 ms
2025-07-05 15:48:40,611 [b5b4f89f-93bb-4b69-9074-7f3b90eee2a4@group-71C65C083DD1-StateMachineUpdater] INFO  impl.SimpleStateMachineStorage (SimpleStateMachineStorage.java:lambda$cleanupOldSnapshots$1(126)) - Deleting old snapshot at /home/runner/work/ozone/ozone/hadoop-ozone/integration-test/target/test-dir/MiniOzoneClusterImpl-0a3c97a5-d59a-4532-afef-c4940c4c02aa/ozone-meta/datanode-3/ratis/7849761d-e98b-4551-9208-71c65c083dd1/sm/snapshot.1_137
2025-07-05 15:48:40,611 [b5b4f89f-93bb-4b69-9074-7f3b90eee2a4@group-71C65C083DD1-StateMachineUpdater] INFO  impl.StateMachineUpdater (StateMachineUpdater.java:takeSnapshot(307)) - b5b4f89f-93bb-4b69-9074-7f3b90eee2a4@group-71C65C083DD1-StateMachineUpdater: Took a snapshot at index 159
2025-07-05 15:48:40,611 [b5b4f89f-93bb-4b69-9074-7f3b90eee2a4@group-71C65C083DD1-StateMachineUpdater] INFO  impl.StateMachineUpdater (StateMachineUpdater.java:lambda$new$0(101)) - b5b4f89f-93bb-4b69-9074-7f3b90eee2a4@group-71C65C083DD1-StateMachineUpdater: snapshotIndex: updateIncreasingly 152 -> 159
2025-07-05 15:48:40,613 [b5b4f89f-93bb-4b69-9074-7f3b90eee2a4-ChunkWriter-0-0] WARN  helpers.ChunkUtils (ChunkUtils.java:validateChunkForOverwrite(378)) - Duplicate write chunk request. Chunk overwrite without explicit request. ChunkInfo{chunkName='115816896921600004.data.0, offset=0, len=5}
2025-07-05 15:48:40,614 [b5b4f89f-93bb-4b69-9074-7f3b90eee2a4@group-71C65C083DD1-StateMachineUpdater] INFO  ratis.ContainerStateMachine (ContainerStateMachine.java:takeSnapshot(427)) - group-71C65C083DD1: Taking a snapshot at:(t:1, i:163) file /home/runner/work/ozone/ozone/hadoop-ozone/integration-test/target/test-dir/MiniOzoneClusterImpl-0a3c97a5-d59a-4532-afef-c4940c4c02aa/ozone-meta/datanode-3/ratis/7849761d-e98b-4551-9208-71c65c083dd1/sm/snapshot.1_163
2025-07-05 15:48:40,615 [b5b4f89f-93bb-4b69-9074-7f3b90eee2a4@group-71C65C083DD1-StateMachineUpdater] INFO  ratis.ContainerStateMachine (ContainerStateMachine.java:takeSnapshot(436)) - group-71C65C083DD1: Finished taking a snapshot at:(t:1, i:163) file:/home/runner/work/ozone/ozone/hadoop-ozone/integration-test/target/test-dir/MiniOzoneClusterImpl-0a3c97a5-d59a-4532-afef-c4940c4c02aa/ozone-meta/datanode-3/ratis/7849761d-e98b-4551-9208-71c65c083dd1/sm/snapshot.1_163 took: 1 ms
2025-07-05 15:48:40,615 [b5b4f89f-93bb-4b69-9074-7f3b90eee2a4@group-71C65C083DD1-StateMachineUpdater] INFO  impl.SimpleStateMachineStorage (SimpleStateMachineStorage.java:lambda$cleanupOldSnapshots$1(126)) - Deleting old snapshot at /home/runner/work/ozone/ozone/hadoop-ozone/integration-test/target/test-dir/MiniOzoneClusterImpl-0a3c97a5-d59a-4532-afef-c4940c4c02aa/ozone-meta/datanode-3/ratis/7849761d-e98b-4551-9208-71c65c083dd1/sm/snapshot.1_142
2025-07-05 15:48:40,615 [b5b4f89f-93bb-4b69-9074-7f3b90eee2a4-ChunkWriter-0-0] WARN  helpers.ChunkUtils (ChunkUtils.java:validateChunkForOverwrite(378)) - Duplicate write chunk request. Chunk overwrite without explicit request. ChunkInfo{chunkName='115816896921600004.data.0, offset=0, len=5}
2025-07-05 15:48:40,615 [b5b4f89f-93bb-4b69-9074-7f3b90eee2a4@group-71C65C083DD1-StateMachineUpdater] INFO  impl.StateMachineUpdater (StateMachineUpdater.java:takeSnapshot(307)) - b5b4f89f-93bb-4b69-9074-7f3b90eee2a4@group-71C65C083DD1-StateMachineUpdater: Took a snapshot at index 163
2025-07-05 15:48:40,618 [b5b4f89f-93bb-4b69-9074-7f3b90eee2a4@group-71C65C083DD1-StateMachineUpdater] INFO  impl.StateMachineUpdater (StateMachineUpdater.java:lambda$new$0(101)) - b5b4f89f-93bb-4b69-9074-7f3b90eee2a4@group-71C65C083DD1-StateMachineUpdater: snapshotIndex: updateIncreasingly 159 -> 163
2025-07-05 15:48:40,617 [b5b4f89f-93bb-4b69-9074-7f3b90eee2a4-ChunkWriter-0-0] WARN  helpers.ChunkUtils (ChunkUtils.java:validateChunkForOverwrite(378)) - Duplicate write chunk request. Chunk overwrite without explicit request. ChunkInfo{chunkName='115816896921600004.data.0, offset=0, len=5}
2025-07-05 15:48:40,618 [b5b4f89f-93bb-4b69-9074-7f3b90eee2a4-ChunkWriter-0-0] WARN  helpers.ChunkUtils (ChunkUtils.java:validateChunkForOverwrite(378)) - Duplicate write chunk request. Chunk overwrite without explicit request. ChunkInfo{chunkName='115816896921600004.data.0, offset=0, len=5}
2025-07-05 15:48:40,620 [b5b4f89f-93bb-4b69-9074-7f3b90eee2a4-ChunkWriter-0-0] WARN  helpers.ChunkUtils (ChunkUtils.java:validateChunkForOverwrite(378)) - Duplicate write chunk request. Chunk overwrite without explicit request. ChunkInfo{chunkName='115816896921600004.data.0, offset=0, len=5}
2025-07-05 15:48:40,620 [b5b4f89f-93bb-4b69-9074-7f3b90eee2a4@group-71C65C083DD1-StateMachineUpdater] INFO  ratis.ContainerStateMachine (ContainerStateMachine.java:takeSnapshot(427)) - group-71C65C083DD1: Taking a snapshot at:(t:1, i:168) file /home/runner/work/ozone/ozone/hadoop-ozone/integration-test/target/test-dir/MiniOzoneClusterImpl-0a3c97a5-d59a-4532-afef-c4940c4c02aa/ozone-meta/datanode-3/ratis/7849761d-e98b-4551-9208-71c65c083dd1/sm/snapshot.1_168
2025-07-05 15:48:40,621 [b5b4f89f-93bb-4b69-9074-7f3b90eee2a4@group-71C65C083DD1-StateMachineUpdater] INFO  ratis.ContainerStateMachine (ContainerStateMachine.java:takeSnapshot(436)) - group-71C65C083DD1: Finished taking a snapshot at:(t:1, i:168) file:/home/runner/work/ozone/ozone/hadoop-ozone/integration-test/target/test-dir/MiniOzoneClusterImpl-0a3c97a5-d59a-4532-afef-c4940c4c02aa/ozone-meta/datanode-3/ratis/7849761d-e98b-4551-9208-71c65c083dd1/sm/snapshot.1_168 took: 1 ms
2025-07-05 15:48:40,621 [b5b4f89f-93bb-4b69-9074-7f3b90eee2a4@group-71C65C083DD1-StateMachineUpdater] INFO  impl.SimpleStateMachineStorage (SimpleStateMachineStorage.java:lambda$cleanupOldSnapshots$1(126)) - Deleting old snapshot at /home/runner/work/ozone/ozone/hadoop-ozone/integration-test/target/test-dir/MiniOzoneClusterImpl-0a3c97a5-d59a-4532-afef-c4940c4c02aa/ozone-meta/datanode-3/ratis/7849761d-e98b-4551-9208-71c65c083dd1/sm/snapshot.1_146
2025-07-05 15:48:40,622 [b5b4f89f-93bb-4b69-9074-7f3b90eee2a4@group-71C65C083DD1-StateMachineUpdater] INFO  impl.StateMachineUpdater (StateMachineUpdater.java:takeSnapshot(307)) - b5b4f89f-93bb-4b69-9074-7f3b90eee2a4@group-71C65C083DD1-StateMachineUpdater: Took a snapshot at index 168
2025-07-05 15:48:40,622 [b5b4f89f-93bb-4b69-9074-7f3b90eee2a4@group-71C65C083DD1-StateMachineUpdater] INFO  impl.StateMachineUpdater (StateMachineUpdater.java:lambda$new$0(101)) - b5b4f89f-93bb-4b69-9074-7f3b90eee2a4@group-71C65C083DD1-StateMachineUpdater: snapshotIndex: updateIncreasingly 163 -> 168
2025-07-05 15:48:40,623 [b5b4f89f-93bb-4b69-9074-7f3b90eee2a4-ChunkWriter-0-0] WARN  helpers.ChunkUtils (ChunkUtils.java:validateChunkForOverwrite(378)) - Duplicate write chunk request. Chunk overwrite without explicit request. ChunkInfo{chunkName='115816896921600004.data.0, offset=0, len=5}
2025-07-05 15:48:40,626 [b5b4f89f-93bb-4b69-9074-7f3b90eee2a4-ChunkWriter-0-0] WARN  helpers.ChunkUtils (ChunkUtils.java:validateChunkForOverwrite(378)) - Duplicate write chunk request. Chunk overwrite without explicit request. ChunkInfo{chunkName='115816896921600004.data.0, offset=0, len=5}
2025-07-05T15:48:40.628179398Z b5b4f89f-93bb-4b69-9074-7f3b90eee2a4-client-thread2 ERROR user=null | ip=null | op=WRITE_CHUNK {blockData=conID: 4 locID: 115816896921600004 bcsId: 0 replicaIndex: null, offset=0, size=5} | ret=FAILURE
org.apache.hadoop.hdds.scm.container.common.helpers.ContainerNotOpenException: Container 4 in CLOSING state
	at org.apache.hadoop.ozone.container.common.impl.HddsDispatcher.validateContainerCommand(HddsDispatcher.java:580)
	at org.apache.hadoop.ozone.container.common.transport.server.ratis.ContainerStateMachine.startTransaction(ContainerStateMachine.java:488)
	at org.apache.ratis.server.impl.RaftServerImpl.writeAsyncImpl(RaftServerImpl.java:987)
	at org.apache.ratis.server.impl.RaftServerImpl.writeAsync(RaftServerImpl.java:960)
	at org.apache.ratis.server.impl.RaftServerImpl.replyFuture(RaftServerImpl.java:953)
	at org.apache.ratis.server.impl.RaftServerImpl.submitClientRequestAsync(RaftServerImpl.java:930)
	at org.apache.ratis.server.impl.RaftServerImpl.lambda$null$11(RaftServerImpl.java:919)
	at org.apache.ratis.util.JavaUtils.callAsUnchecked(JavaUtils.java:118)
	at org.apache.ratis.server.impl.RaftServerImpl.lambda$executeSubmitClientRequestAsync$12(RaftServerImpl.java:919)
	at java.base/java.util.concurrent.CompletableFuture$AsyncSupply.run(CompletableFuture.java:1768)
	at java.base/java.util.concurrent.ThreadPoolExecutor.runWorker(ThreadPoolExecutor.java:1144)
	at java.base/java.util.concurrent.ThreadPoolExecutor$Worker.run(ThreadPoolExecutor.java:642)
	at java.base/java.lang.Thread.run(Thread.java:1583)
2025-07-05T15:48:40.630246929Z b5b4f89f-93bb-4b69-9074-7f3b90eee2a4-client-thread2 ERROR user=null | ip=null | op=WRITE_CHUNK {blockData=conID: 4 locID: 115816896921600004 bcsId: 0 replicaIndex: null, offset=0, size=5} | ret=FAILURE
org.apache.hadoop.hdds.scm.container.common.helpers.ContainerNotOpenException: Container 4 in CLOSING state
	at org.apache.hadoop.ozone.container.common.impl.HddsDispatcher.validateContainerCommand(HddsDispatcher.java:580)
	at org.apache.hadoop.ozone.container.common.transport.server.ratis.ContainerStateMachine.startTransaction(ContainerStateMachine.java:488)
	at org.apache.ratis.server.impl.RaftServerImpl.writeAsyncImpl(RaftServerImpl.java:987)
	at org.apache.ratis.server.impl.RaftServerImpl.writeAsync(RaftServerImpl.java:960)
	at org.apache.ratis.server.impl.RaftServerImpl.replyFuture(RaftServerImpl.java:953)
	at org.apache.ratis.server.impl.RaftServerImpl.submitClientRequestAsync(RaftServerImpl.java:930)
	at org.apache.ratis.server.impl.RaftServerImpl.lambda$null$11(RaftServerImpl.java:919)
	at org.apache.ratis.util.JavaUtils.callAsUnchecked(JavaUtils.java:118)
	at org.apache.ratis.server.impl.RaftServerImpl.lambda$executeSubmitClientRequestAsync$12(RaftServerImpl.java:919)
	at java.base/java.util.concurrent.CompletableFuture$AsyncSupply.run(CompletableFuture.java:1768)
	at java.base/java.util.concurrent.ThreadPoolExecutor.runWorker(ThreadPoolExecutor.java:1144)
	at java.base/java.util.concurrent.ThreadPoolExecutor$Worker.run(ThreadPoolExecutor.java:642)
	at java.base/java.lang.Thread.run(Thread.java:1583)
2025-07-05 15:48:40,632 [b5b4f89f-93bb-4b69-9074-7f3b90eee2a4-ContainerOp-7849761d-e98b-4551-9208-71c65c083dd1-1] WARN  keyvalue.KeyValueHandler (KeyValueHandler.java:updateAndGetContainerChecksum(1451)) - Container data checksum updated from 0 to c25bf9a6
2025-07-05 15:48:40,633 [b5b4f89f-93bb-4b69-9074-7f3b90eee2a4-ContainerOp-7849761d-e98b-4551-9208-71c65c083dd1-1] INFO  keyvalue.KeyValueContainer (KeyValueContainer.java:flushAndSyncDB(514)) - Synced container: KeyValueContainerData #4 (CLOSING, non-empty, ri=0, origin=[dn_b5b4f89f-93bb-4b69-9074-7f3b90eee2a4, pipeline_7849761d-e98b-4551-9208-71c65c083dd1])
2025-07-05 15:48:40,633 [b5b4f89f-93bb-4b69-9074-7f3b90eee2a4-ContainerOp-7849761d-e98b-4551-9208-71c65c083dd1-1] INFO  keyvalue.KeyValueContainer (KeyValueContainer.java:flushAndSyncDB(514)) - Synced container: KeyValueContainerData #4 (CLOSING, non-empty, ri=0, origin=[dn_b5b4f89f-93bb-4b69-9074-7f3b90eee2a4, pipeline_7849761d-e98b-4551-9208-71c65c083dd1])
2025-07-05 15:48:40,634 [FixedThreadPoolWithAffinityExecutor-9-0] INFO  container.IncrementalContainerReportHandler (AbstractContainerReportHandler.java:updateContainerState(253)) - FINALIZE (i.e. CLOSING) Container #4 (OPEN, sid=6) r0 (CLOSING, bcsid=6, origin=b5b4f89f-93bb-4b69-9074-7f3b90eee2a4, non-empty) from dn b5b4f89f-93bb-4b69-9074-7f3b90eee2a4(localhost/127.0.0.1)
2025-07-05 15:48:40,638 [b5b4f89f-93bb-4b69-9074-7f3b90eee2a4-ContainerOp-7849761d-e98b-4551-9208-71c65c083dd1-1] INFO  keyvalue.KeyValueContainer (KeyValueContainer.java:close(430)) - Closed container: KeyValueContainerData #4 (CLOSED, non-empty, ri=0, origin=[dn_b5b4f89f-93bb-4b69-9074-7f3b90eee2a4, pipeline_7849761d-e98b-4551-9208-71c65c083dd1])
2025-07-05 15:48:40,639 [b5b4f89f-93bb-4b69-9074-7f3b90eee2a4@group-71C65C083DD1-StateMachineUpdater] INFO  ratis.ContainerStateMachine (ContainerStateMachine.java:takeSnapshot(427)) - group-71C65C083DD1: Taking a snapshot at:(t:1, i:174) file /home/runner/work/ozone/ozone/hadoop-ozone/integration-test/target/test-dir/MiniOzoneClusterImpl-0a3c97a5-d59a-4532-afef-c4940c4c02aa/ozone-meta/datanode-3/ratis/7849761d-e98b-4551-9208-71c65c083dd1/sm/snapshot.1_174
2025-07-05 15:48:40,639 [FixedThreadPoolWithAffinityExecutor-9-0] INFO  container.IncrementalContainerReportHandler (AbstractContainerReportHandler.java:updateContainerState(289)) - CLOSE Container #4 (CLOSING, sid=6) r0 (CLOSED, bcsid=6, origin=b5b4f89f-93bb-4b69-9074-7f3b90eee2a4, non-empty) from dn b5b4f89f-93bb-4b69-9074-7f3b90eee2a4(localhost/127.0.0.1)
2025-07-05 15:48:40,640 [b5b4f89f-93bb-4b69-9074-7f3b90eee2a4@group-71C65C083DD1-StateMachineUpdater] INFO  ratis.ContainerStateMachine (ContainerStateMachine.java:takeSnapshot(436)) - group-71C65C083DD1: Finished taking a snapshot at:(t:1, i:174) file:/home/runner/work/ozone/ozone/hadoop-ozone/integration-test/target/test-dir/MiniOzoneClusterImpl-0a3c97a5-d59a-4532-afef-c4940c4c02aa/ozone-meta/datanode-3/ratis/7849761d-e98b-4551-9208-71c65c083dd1/sm/snapshot.1_174 took: 1 ms
2025-07-05 15:48:40,640 [b5b4f89f-93bb-4b69-9074-7f3b90eee2a4@group-71C65C083DD1-StateMachineUpdater] INFO  impl.SimpleStateMachineStorage (SimpleStateMachineStorage.java:lambda$cleanupOldSnapshots$1(126)) - Deleting old snapshot at /home/runner/work/ozone/ozone/hadoop-ozone/integration-test/target/test-dir/MiniOzoneClusterImpl-0a3c97a5-d59a-4532-afef-c4940c4c02aa/ozone-meta/datanode-3/ratis/7849761d-e98b-4551-9208-71c65c083dd1/sm/snapshot.1_147
2025-07-05 15:48:40,641 [b5b4f89f-93bb-4b69-9074-7f3b90eee2a4@group-71C65C083DD1-StateMachineUpdater] INFO  impl.StateMachineUpdater (StateMachineUpdater.java:takeSnapshot(307)) - b5b4f89f-93bb-4b69-9074-7f3b90eee2a4@group-71C65C083DD1-StateMachineUpdater: Took a snapshot at index 174
2025-07-05 15:48:40,641 [b5b4f89f-93bb-4b69-9074-7f3b90eee2a4@group-71C65C083DD1-StateMachineUpdater] INFO  impl.StateMachineUpdater (StateMachineUpdater.java:lambda$new$0(101)) - b5b4f89f-93bb-4b69-9074-7f3b90eee2a4@group-71C65C083DD1-StateMachineUpdater: snapshotIndex: updateIncreasingly 168 -> 174
2025-07-05T15:48:40.642194308Z b5b4f89f-93bb-4b69-9074-7f3b90eee2a4-ContainerOp-7849761d-e98b-4551-9208-71c65c083dd1-3 ERROR user=null | ip=null | op=WRITE_CHUNK {blockData=conID: 4 locID: 115816896921600004 bcsId: 0 replicaIndex: null, offset=0, size=5, stage=COMMIT_DATA} | ret=FAILURE
java.lang.Exception: Requested operation not allowed as ContainerState is CLOSED
	at org.apache.hadoop.ozone.container.common.impl.HddsDispatcher.dispatchRequest(HddsDispatcher.java:439)
	at org.apache.hadoop.ozone.container.common.impl.HddsDispatcher.lambda$dispatch$1(HddsDispatcher.java:190)
	at org.apache.hadoop.hdds.server.OzoneProtocolMessageDispatcher.processRequest(OzoneProtocolMessageDispatcher.java:87)
	at org.apache.hadoop.ozone.container.common.impl.HddsDispatcher.dispatch(HddsDispatcher.java:189)
	at org.apache.hadoop.ozone.container.common.transport.server.ratis.ContainerStateMachine.dispatchCommand(ContainerStateMachine.java:567)
	at org.apache.hadoop.ozone.container.common.transport.server.ratis.ContainerStateMachine.lambda$applyTransaction$8(ContainerStateMachine.java:1061)
	at org.apache.ratis.util.TaskQueue.lambda$submit$0(TaskQueue.java:121)
	at org.apache.ratis.util.LogUtils.runAndLog(LogUtils.java:38)
	at org.apache.ratis.util.LogUtils$1.run(LogUtils.java:78)
	at java.base/java.util.concurrent.Executors$RunnableAdapter.call(Executors.java:572)
	at java.base/java.util.concurrent.FutureTask.run(FutureTask.java:317)
	at java.base/java.util.concurrent.ThreadPoolExecutor.runWorker(ThreadPoolExecutor.java:1144)
	at java.base/java.util.concurrent.ThreadPoolExecutor$Worker.run(ThreadPoolExecutor.java:642)
	at java.base/java.lang.Thread.run(Thread.java:1583)
2025-07-05T15:48:40.642701134Z b5b4f89f-93bb-4b69-9074-7f3b90eee2a4-ContainerOp-7849761d-e98b-4551-9208-71c65c083dd1-0 ERROR user=null | ip=null | op=WRITE_CHUNK {blockData=conID: 4 locID: 115816896921600004 bcsId: 0 replicaIndex: null, offset=0, size=5, stage=COMMIT_DATA} | ret=FAILURE
java.lang.Exception: Requested operation not allowed as ContainerState is CLOSED
	at org.apache.hadoop.ozone.container.common.impl.HddsDispatcher.dispatchRequest(HddsDispatcher.java:439)
	at org.apache.hadoop.ozone.container.common.impl.HddsDispatcher.lambda$dispatch$1(HddsDispatcher.java:190)
	at org.apache.hadoop.hdds.server.OzoneProtocolMessageDispatcher.processRequest(OzoneProtocolMessageDispatcher.java:87)
	at org.apache.hadoop.ozone.container.common.impl.HddsDispatcher.dispatch(HddsDispatcher.java:189)
	at org.apache.hadoop.ozone.container.common.transport.server.ratis.ContainerStateMachine.dispatchCommand(ContainerStateMachine.java:567)
	at org.apache.hadoop.ozone.container.common.transport.server.ratis.ContainerStateMachine.lambda$applyTransaction$8(ContainerStateMachine.java:1061)
	at org.apache.ratis.util.TaskQueue.lambda$submit$0(TaskQueue.java:121)
	at org.apache.ratis.util.LogUtils.runAndLog(LogUtils.java:38)
	at org.apache.ratis.util.LogUtils$1.run(LogUtils.java:78)
	at java.base/java.util.concurrent.Executors$RunnableAdapter.call(Executors.java:572)
	at java.base/java.util.concurrent.FutureTask.run(FutureTask.java:317)
	at java.base/java.util.concurrent.ThreadPoolExecutor.runWorker(ThreadPoolExecutor.java:1144)
	at java.base/java.util.concurrent.ThreadPoolExecutor$Worker.run(ThreadPoolExecutor.java:642)
	at java.base/java.lang.Thread.run(Thread.java:1583)
2025-07-05 15:48:40,647 [grpc-default-executor-4] ERROR impl.OrderedAsync (OrderedAsync.java:lambda$send$4(181)) - Failed to send request, message=cmdType: WriteChunk
traceID: ""
containerID: 4
datanodeUuid: "b5b4f89f-93bb-4b69-9074-7f3b90eee2a4"
writeChunk {
  blockID {
    containerID: 4
    localID: 115816896921600004
    blockCommitSequenceId: 0
  }
  chunkData {
    chunkName: "115816896921600004.data.0"
    offset: 0
    len: 5
    checksumData {
      type: CRC32
      bytesPerChecksum: 1048576
      checksums: "\270\a\374\373"
    }
  }
}
version: 3
, data.size=5
java.util.concurrent.CompletionException: org.apache.ratis.protocol.exceptions.StateMachineException: org.apache.hadoop.hdds.scm.container.common.helpers.ContainerNotOpenException from Server b5b4f89f-93bb-4b69-9074-7f3b90eee2a4@group-71C65C083DD1: Container 4 in CLOSING state
	at org.apache.ratis.client.impl.RaftClientImpl.handleRaftException(RaftClientImpl.java:373)
	at org.apache.ratis.client.impl.OrderedAsync.lambda$send$3(OrderedAsync.java:175)
	at java.base/java.util.concurrent.CompletableFuture$UniApply.tryFire(CompletableFuture.java:646)
	at java.base/java.util.concurrent.CompletableFuture.postComplete(CompletableFuture.java:510)
	at java.base/java.util.concurrent.CompletableFuture.complete(CompletableFuture.java:2179)
	at org.apache.ratis.client.impl.OrderedAsync$PendingOrderedRequest.setReply(OrderedAsync.java:105)
	at org.apache.ratis.client.impl.OrderedAsync$PendingOrderedRequest.setReply(OrderedAsync.java:66)
	at org.apache.ratis.util.SlidingWindow$RequestMap.setReply(SlidingWindow.java:147)
	at org.apache.ratis.util.SlidingWindow$Client.receiveReply(SlidingWindow.java:351)
	at org.apache.ratis.client.impl.OrderedAsync.lambda$sendRequestWithRetry$5(OrderedAsync.java:210)
	at java.base/java.util.concurrent.CompletableFuture$UniAccept.tryFire(CompletableFuture.java:718)
	at java.base/java.util.concurrent.CompletableFuture.postComplete(CompletableFuture.java:510)
	at java.base/java.util.concurrent.CompletableFuture.complete(CompletableFuture.java:2179)
	at org.apache.ratis.grpc.client.GrpcClientProtocolClient$AsyncStreamObservers$1.lambda$onNext$0(GrpcClientProtocolClient.java:325)
	at java.base/java.util.Optional.ifPresent(Optional.java:178)
	at org.apache.ratis.grpc.client.GrpcClientProtocolClient$AsyncStreamObservers.handleReplyFuture(GrpcClientProtocolClient.java:381)
	at org.apache.ratis.grpc.client.GrpcClientProtocolClient$AsyncStreamObservers.access$100(GrpcClientProtocolClient.java:303)
	at org.apache.ratis.grpc.client.GrpcClientProtocolClient$AsyncStreamObservers$1.onNext(GrpcClientProtocolClient.java:325)
	at org.apache.ratis.grpc.client.GrpcClientProtocolClient$AsyncStreamObservers$1.onNext(GrpcClientProtocolClient.java:308)
	at org.apache.ratis.thirdparty.io.grpc.stub.ClientCalls$StreamObserverToCallListenerAdapter.onMessage(ClientCalls.java:551)
	at org.apache.ratis.thirdparty.io.grpc.ForwardingClientCallListener.onMessage(ForwardingClientCallListener.java:33)
	at org.apache.ratis.thirdparty.io.grpc.internal.DelayedClientCall$DelayedListener.onMessage(DelayedClientCall.java:473)
	at org.apache.ratis.thirdparty.io.grpc.internal.ClientCallImpl$ClientStreamListenerImpl$1MessagesAvailable.runInternal(ClientCallImpl.java:661)
	at org.apache.ratis.thirdparty.io.grpc.internal.ClientCallImpl$ClientStreamListenerImpl$1MessagesAvailable.runInContext(ClientCallImpl.java:648)
	at org.apache.ratis.thirdparty.io.grpc.internal.ContextRunnable.run(ContextRunnable.java:37)
	at org.apache.ratis.thirdparty.io.grpc.internal.SerializingExecutor.run(SerializingExecutor.java:133)
	at java.base/java.util.concurrent.ThreadPoolExecutor.runWorker(ThreadPoolExecutor.java:1144)
	at java.base/java.util.concurrent.ThreadPoolExecutor$Worker.run(ThreadPoolExecutor.java:642)
	at java.base/java.lang.Thread.run(Thread.java:1583)
Caused by: org.apache.ratis.protocol.exceptions.StateMachineException: org.apache.hadoop.hdds.scm.container.common.helpers.ContainerNotOpenException from Server b5b4f89f-93bb-4b69-9074-7f3b90eee2a4@group-71C65C083DD1: Container 4 in CLOSING state
	at org.apache.hadoop.ozone.container.common.impl.HddsDispatcher.validateContainerCommand(HddsDispatcher.java:580)
	at org.apache.hadoop.ozone.container.common.transport.server.ratis.ContainerStateMachine.startTransaction(ContainerStateMachine.java:488)
	at org.apache.ratis.server.impl.RaftServerImpl.writeAsyncImpl(RaftServerImpl.java:987)
	at org.apache.ratis.server.impl.RaftServerImpl.writeAsync(RaftServerImpl.java:960)
	at org.apache.ratis.server.impl.RaftServerImpl.replyFuture(RaftServerImpl.java:953)
	at org.apache.ratis.server.impl.RaftServerImpl.submitClientRequestAsync(RaftServerImpl.java:930)
	at org.apache.ratis.server.impl.RaftServerImpl.lambda$null$11(RaftServerImpl.java:919)
	at org.apache.ratis.util.JavaUtils.callAsUnchecked(JavaUtils.java:118)
	at org.apache.ratis.server.impl.RaftServerImpl.lambda$executeSubmitClientRequestAsync$12(RaftServerImpl.java:919)
	at java.base/java.util.concurrent.CompletableFuture$AsyncSupply.run(CompletableFuture.java:1768)
	... 3 more
Caused by: org.apache.hadoop.hdds.scm.container.common.helpers.ContainerNotOpenException: Container 4 in CLOSING state
	at java.base/jdk.internal.reflect.DirectConstructorHandleAccessor.newInstance(DirectConstructorHandleAccessor.java:62)
	at java.base/java.lang.reflect.Constructor.newInstanceWithCaller(Constructor.java:502)
	at java.base/java.lang.reflect.Constructor.newInstance(Constructor.java:486)
	at org.apache.ratis.util.ReflectionUtils.instantiateException(ReflectionUtils.java:265)
	at org.apache.ratis.client.impl.ClientProtoUtils.toStateMachineException(ClientProtoUtils.java:455)
	at org.apache.ratis.client.impl.ClientProtoUtils.toStateMachineException(ClientProtoUtils.java:441)
	at org.apache.ratis.client.impl.ClientProtoUtils.toRaftClientReply(ClientProtoUtils.java:408)
	at org.apache.ratis.grpc.client.GrpcClientProtocolClient$AsyncStreamObservers$1.onNext(GrpcClientProtocolClient.java:313)
	at org.apache.ratis.grpc.client.GrpcClientProtocolClient$AsyncStreamObservers$1.onNext(GrpcClientProtocolClient.java:308)
	at org.apache.ratis.thirdparty.io.grpc.stub.ClientCalls$StreamObserverToCallListenerAdapter.onMessage(ClientCalls.java:551)
	at org.apache.ratis.thirdparty.io.grpc.ForwardingClientCallListener.onMessage(ForwardingClientCallListener.java:33)
	at org.apache.ratis.thirdparty.io.grpc.internal.DelayedClientCall$DelayedListener.onMessage(DelayedClientCall.java:473)
	at org.apache.ratis.thirdparty.io.grpc.internal.ClientCallImpl$ClientStreamListenerImpl$1MessagesAvailable.runInternal(ClientCallImpl.java:661)
	at org.apache.ratis.thirdparty.io.grpc.internal.ClientCallImpl$ClientStreamListenerImpl$1MessagesAvailable.runInContext(ClientCallImpl.java:648)
	at org.apache.ratis.thirdparty.io.grpc.internal.ContextRunnable.run(ContextRunnable.java:37)
	at org.apache.ratis.thirdparty.io.grpc.internal.SerializingExecutor.run(SerializingExecutor.java:133)
	... 3 more
2025-07-05 15:48:40,649 [pool-218-thread-1] WARN  keyvalue.KeyValueHandler (KeyValueHandler.java:updateAndGetContainerChecksum(1451)) - Container data checksum updated from c25bf9a6 to d062128c
2025-07-05 15:48:40,649 [pool-218-thread-1] ERROR ozoneimpl.OnDemandContainerDataScanner (ContainerScanHelper.java:handleUnhealthyScanResult(93)) - Corruption detected in container [4]. Marking it UNHEALTHY. Container has 1 error: CORRUPT_CHUNK for file /home/runner/work/ozone/ozone/hadoop-ozone/integration-test/target/test-dir/MiniOzoneClusterImpl-0a3c97a5-d59a-4532-afef-c4940c4c02aa/ozone-meta/datanode-3/data-0/hdds/0a3c97a5-d59a-4532-afef-c4940c4c02aa/current/containerDir0/4/chunks/115816896921600004.block with exception: org.apache.hadoop.ozone.common.OzoneChecksumException: Inconsistent read for chunk=ChunkInfo{chunkName='115816896921600004_chunk_1, offset=0, len=5} checksum item 0 expected checksum E8 61 E4 30 actual checksum 36 10 A6 86 for block conID: 4 locID: 115816896921600004 bcsId: 6 replicaIndex: null
2025-07-05 15:48:40,650 [grpc-default-executor-4] ERROR impl.OrderedAsync (OrderedAsync.java:lambda$send$4(181)) - Failed to send request, message=cmdType: WriteChunk
traceID: ""
containerID: 4
datanodeUuid: "b5b4f89f-93bb-4b69-9074-7f3b90eee2a4"
writeChunk {
  blockID {
    containerID: 4
    localID: 115816896921600004
    blockCommitSequenceId: 0
  }
  chunkData {
    chunkName: "115816896921600004.data.0"
    offset: 0
    len: 5
    checksumData {
      type: CRC32
      bytesPerChecksum: 1048576
      checksums: "\252\255zb"
    }
  }
}
version: 3
, data.size=5
java.util.concurrent.CompletionException: org.apache.ratis.protocol.exceptions.StateMachineException: org.apache.hadoop.hdds.scm.container.common.helpers.ContainerNotOpenException from Server b5b4f89f-93bb-4b69-9074-7f3b90eee2a4@group-71C65C083DD1: Container 4 in CLOSING state
	at org.apache.ratis.client.impl.RaftClientImpl.handleRaftException(RaftClientImpl.java:373)
	at org.apache.ratis.client.impl.OrderedAsync.lambda$send$3(OrderedAsync.java:175)
	at java.base/java.util.concurrent.CompletableFuture$UniApply.tryFire(CompletableFuture.java:646)
	at java.base/java.util.concurrent.CompletableFuture.postComplete(CompletableFuture.java:510)
	at java.base/java.util.concurrent.CompletableFuture.complete(CompletableFuture.java:2179)
	at org.apache.ratis.client.impl.OrderedAsync$PendingOrderedRequest.setReply(OrderedAsync.java:105)
	at org.apache.ratis.client.impl.OrderedAsync$PendingOrderedRequest.setReply(OrderedAsync.java:66)
	at org.apache.ratis.util.SlidingWindow$RequestMap.setReply(SlidingWindow.java:147)
	at org.apache.ratis.util.SlidingWindow$Client.receiveReply(SlidingWindow.java:351)
	at org.apache.ratis.client.impl.OrderedAsync.lambda$sendRequestWithRetry$5(OrderedAsync.java:210)
	at java.base/java.util.concurrent.CompletableFuture$UniAccept.tryFire(CompletableFuture.java:718)
	at java.base/java.util.concurrent.CompletableFuture.postComplete(CompletableFuture.java:510)
	at java.base/java.util.concurrent.CompletableFuture.complete(CompletableFuture.java:2179)
	at org.apache.ratis.grpc.client.GrpcClientProtocolClient$AsyncStreamObservers$1.lambda$onNext$0(GrpcClientProtocolClient.java:325)
	at java.base/java.util.Optional.ifPresent(Optional.java:178)
	at org.apache.ratis.grpc.client.GrpcClientProtocolClient$AsyncStreamObservers.handleReplyFuture(GrpcClientProtocolClient.java:381)
	at org.apache.ratis.grpc.client.GrpcClientProtocolClient$AsyncStreamObservers.access$100(GrpcClientProtocolClient.java:303)
	at org.apache.ratis.grpc.client.GrpcClientProtocolClient$AsyncStreamObservers$1.onNext(GrpcClientProtocolClient.java:325)
	at org.apache.ratis.grpc.client.GrpcClientProtocolClient$AsyncStreamObservers$1.onNext(GrpcClientProtocolClient.java:308)
	at org.apache.ratis.thirdparty.io.grpc.stub.ClientCalls$StreamObserverToCallListenerAdapter.onMessage(ClientCalls.java:551)
	at org.apache.ratis.thirdparty.io.grpc.ForwardingClientCallListener.onMessage(ForwardingClientCallListener.java:33)
	at org.apache.ratis.thirdparty.io.grpc.internal.DelayedClientCall$DelayedListener.onMessage(DelayedClientCall.java:473)
	at org.apache.ratis.thirdparty.io.grpc.internal.ClientCallImpl$ClientStreamListenerImpl$1MessagesAvailable.runInternal(ClientCallImpl.java:661)
	at org.apache.ratis.thirdparty.io.grpc.internal.ClientCallImpl$ClientStreamListenerImpl$1MessagesAvailable.runInContext(ClientCallImpl.java:648)
	at org.apache.ratis.thirdparty.io.grpc.internal.ContextRunnable.run(ContextRunnable.java:37)
	at org.apache.ratis.thirdparty.io.grpc.internal.SerializingExecutor.run(SerializingExecutor.java:133)
	at java.base/java.util.concurrent.ThreadPoolExecutor.runWorker(ThreadPoolExecutor.java:1144)
	at java.base/java.util.concurrent.ThreadPoolExecutor$Worker.run(ThreadPoolExecutor.java:642)
	at java.base/java.lang.Thread.run(Thread.java:1583)
Caused by: org.apache.ratis.protocol.exceptions.StateMachineException: org.apache.hadoop.hdds.scm.container.common.helpers.ContainerNotOpenException from Server b5b4f89f-93bb-4b69-9074-7f3b90eee2a4@group-71C65C083DD1: Container 4 in CLOSING state
	at org.apache.hadoop.ozone.container.common.impl.HddsDispatcher.validateContainerCommand(HddsDispatcher.java:580)
	at org.apache.hadoop.ozone.container.common.transport.server.ratis.ContainerStateMachine.startTransaction(ContainerStateMachine.java:488)
	at org.apache.ratis.server.impl.RaftServerImpl.writeAsyncImpl(RaftServerImpl.java:987)
	at org.apache.ratis.server.impl.RaftServerImpl.writeAsync(RaftServerImpl.java:960)
	at org.apache.ratis.server.impl.RaftServerImpl.replyFuture(RaftServerImpl.java:953)
	at org.apache.ratis.server.impl.RaftServerImpl.submitClientRequestAsync(RaftServerImpl.java:930)
	at org.apache.ratis.server.impl.RaftServerImpl.lambda$null$11(RaftServerImpl.java:919)
	at org.apache.ratis.util.JavaUtils.callAsUnchecked(JavaUtils.java:118)
	at org.apache.ratis.server.impl.RaftServerImpl.lambda$executeSubmitClientRequestAsync$12(RaftServerImpl.java:919)
	at java.base/java.util.concurrent.CompletableFuture$AsyncSupply.run(CompletableFuture.java:1768)
	... 3 more
Caused by: org.apache.hadoop.hdds.scm.container.common.helpers.ContainerNotOpenException: Container 4 in CLOSING state
	at java.base/jdk.internal.reflect.DirectConstructorHandleAccessor.newInstance(DirectConstructorHandleAccessor.java:62)
	at java.base/java.lang.reflect.Constructor.newInstanceWithCaller(Constructor.java:502)
	at java.base/java.lang.reflect.Constructor.newInstance(Constructor.java:486)
	at org.apache.ratis.util.ReflectionUtils.instantiateException(ReflectionUtils.java:265)
	at org.apache.ratis.client.impl.ClientProtoUtils.toStateMachineException(ClientProtoUtils.java:455)
	at org.apache.ratis.client.impl.ClientProtoUtils.toStateMachineException(ClientProtoUtils.java:441)
	at org.apache.ratis.client.impl.ClientProtoUtils.toRaftClientReply(ClientProtoUtils.java:408)
	at org.apache.ratis.grpc.client.GrpcClientProtocolClient$AsyncStreamObservers$1.onNext(GrpcClientProtocolClient.java:313)
	at org.apache.ratis.grpc.client.GrpcClientProtocolClient$AsyncStreamObservers$1.onNext(GrpcClientProtocolClient.java:308)
	at org.apache.ratis.thirdparty.io.grpc.stub.ClientCalls$StreamObserverToCallListenerAdapter.onMessage(ClientCalls.java:551)
	at org.apache.ratis.thirdparty.io.grpc.ForwardingClientCallListener.onMessage(ForwardingClientCallListener.java:33)
	at org.apache.ratis.thirdparty.io.grpc.internal.DelayedClientCall$DelayedListener.onMessage(DelayedClientCall.java:473)
	at org.apache.ratis.thirdparty.io.grpc.internal.ClientCallImpl$ClientStreamListenerImpl$1MessagesAvailable.runInternal(ClientCallImpl.java:661)
	at org.apache.ratis.thirdparty.io.grpc.internal.ClientCallImpl$ClientStreamListenerImpl$1MessagesAvailable.runInContext(ClientCallImpl.java:648)
	at org.apache.ratis.thirdparty.io.grpc.internal.ContextRunnable.run(ContextRunnable.java:37)
	at org.apache.ratis.thirdparty.io.grpc.internal.SerializingExecutor.run(SerializingExecutor.java:133)
	... 3 more
2025-07-05 15:48:40,654 [pool-218-thread-1] WARN  keyvalue.KeyValueContainer (KeyValueContainer.java:markContainerUnhealthy(397)) - Marked container UNHEALTHY from CLOSED: KeyValueContainerData #4 (UNHEALTHY, non-empty, ri=0, origin=[dn_b5b4f89f-93bb-4b69-9074-7f3b90eee2a4, pipeline_7849761d-e98b-4551-9208-71c65c083dd1])
2025-07-05T15:48:40.655078652Z pool-218-thread-1 ERROR ID=4 | Index=0 | BCSID=6 | State=UNHEALTHY | Volume=/home/runner/work/ozone/ozone/hadoop-ozone/integration-test/target/test-dir/MiniOzoneClusterImpl-0a3c97a5-d59a-4532-afef-c4940c4c02aa/ozone-meta/datanode-3/data-0/hdds | DataChecksum=d062128c | Container has 1 error: CORRUPT_CHUNK for file /home/runner/work/ozone/ozone/hadoop-ozone/integration-test/target/test-dir/MiniOzoneClusterImpl-0a3c97a5-d59a-4532-afef-c4940c4c02aa/ozone-meta/datanode-3/data-0/hdds/0a3c97a5-d59a-4532-afef-c4940c4c02aa/current/containerDir0/4/chunks/115816896921600004.block with exception: org.apache.hadoop.ozone.common.OzoneChecksumException: Inconsistent read for chunk=ChunkInfo{chunkName='115816896921600004_chunk_1, offset=0, len=5} checksum item 0 expected checksum E8 61 E4 30 actual checksum 36 10 A6 86 for block conID: 4 locID: 115816896921600004 bcsId: 6 replicaIndex: null]]></system-out>
  </testcase>
  <testcase name="testContainerStateMachineFailures" classname="org.apache.hadoop.ozone.client.rpc.TestContainerStateMachineFailures" time="19.928">
    <system-out><![CDATA[2025-07-05 15:48:40,688 [092257cb-ba5a-4f8a-9b9c-d44861eaa450-ChunkWriter-1-0] WARN  statemachine.DatanodeConfiguration (DatanodeConfiguration.java:validateMinFreeSpace(751)) - hdds.datanode.volume.min.free.space.percent = -1.0 is invalid, should be between 0 and 1
2025-07-05 15:48:40,689 [092257cb-ba5a-4f8a-9b9c-d44861eaa450-ChunkWriter-1-0] WARN  statemachine.DatanodeConfiguration (DatanodeConfiguration.java:validateMinFreeSpace(751)) - hdds.datanode.volume.min.free.space.percent = -1.0 is invalid, should be between 0 and 1
2025-07-05 15:48:40,699 [092257cb-ba5a-4f8a-9b9c-d44861eaa450-ChunkWriter-1-0] ERROR helpers.ContainerUtils (ContainerUtils.java:getChunkDir(273)) - Chunks dir /home/runner/work/ozone/ozone/hadoop-ozone/integration-test/target/test-dir/MiniOzoneClusterImpl-0a3c97a5-d59a-4532-afef-c4940c4c02aa/ozone-meta/datanode-7/data-0/hdds/0a3c97a5-d59a-4532-afef-c4940c4c02aa/current/containerDir0/5/chunks does not exist
2025-07-05 15:48:40,699 [092257cb-ba5a-4f8a-9b9c-d44861eaa450-ChunkWriter-1-0] WARN  keyvalue.KeyValueHandler (ContainerUtils.java:logAndReturnError(94)) - Operation: WriteChunk , Trace ID:  , Message: Chunks directory /home/runner/work/ozone/ozone/hadoop-ozone/integration-test/target/test-dir/MiniOzoneClusterImpl-0a3c97a5-d59a-4532-afef-c4940c4c02aa/ozone-meta/datanode-7/data-0/hdds/0a3c97a5-d59a-4532-afef-c4940c4c02aa/current/containerDir0/5/chunks does not exist. , Result: UNABLE_TO_FIND_DATA_DIR , StorageContainerException Occurred.
org.apache.hadoop.hdds.scm.container.common.helpers.StorageContainerException: Chunks directory /home/runner/work/ozone/ozone/hadoop-ozone/integration-test/target/test-dir/MiniOzoneClusterImpl-0a3c97a5-d59a-4532-afef-c4940c4c02aa/ozone-meta/datanode-7/data-0/hdds/0a3c97a5-d59a-4532-afef-c4940c4c02aa/current/containerDir0/5/chunks does not exist.
	at org.apache.hadoop.ozone.container.common.helpers.ContainerUtils.getChunkDir(ContainerUtils.java:275)
	at org.apache.hadoop.ozone.container.common.impl.ContainerLayoutVersion.getChunkFile(ContainerLayoutVersion.java:115)
	at org.apache.hadoop.ozone.container.keyvalue.impl.FilePerBlockStrategy.getChunkFile(FilePerBlockStrategy.java:300)
	at org.apache.hadoop.ozone.container.keyvalue.impl.FilePerBlockStrategy.writeChunk(FilePerBlockStrategy.java:148)
	at org.apache.hadoop.ozone.container.keyvalue.impl.ChunkManagerDispatcher.writeChunk(ChunkManagerDispatcher.java:70)
	at org.apache.hadoop.ozone.container.keyvalue.KeyValueHandler.handleWriteChunk(KeyValueHandler.java:1029)
	at org.apache.hadoop.ozone.container.keyvalue.KeyValueHandler.dispatchRequest(KeyValueHandler.java:342)
	at org.apache.hadoop.ozone.container.keyvalue.KeyValueHandler.handle(KeyValueHandler.java:293)
	at org.apache.hadoop.ozone.container.common.impl.HddsDispatcher.dispatchRequest(HddsDispatcher.java:365)
	at org.apache.hadoop.ozone.container.common.impl.HddsDispatcher.lambda$dispatch$1(HddsDispatcher.java:190)
	at org.apache.hadoop.hdds.server.OzoneProtocolMessageDispatcher.processRequest(OzoneProtocolMessageDispatcher.java:87)
	at org.apache.hadoop.ozone.container.common.impl.HddsDispatcher.dispatch(HddsDispatcher.java:189)
	at org.apache.hadoop.ozone.container.common.transport.server.ratis.ContainerStateMachine.dispatchCommand(ContainerStateMachine.java:567)
	at org.apache.hadoop.ozone.container.common.transport.server.ratis.ContainerStateMachine.lambda$writeStateMachineData$2(ContainerStateMachine.java:622)
	at java.base/java.util.concurrent.FutureTask.run(FutureTask.java:317)
	at java.base/java.util.concurrent.ThreadPoolExecutor.runWorker(ThreadPoolExecutor.java:1144)
	at java.base/java.util.concurrent.ThreadPoolExecutor$Worker.run(ThreadPoolExecutor.java:642)
	at java.base/java.lang.Thread.run(Thread.java:1583)
2025-07-05 15:48:40,700 [092257cb-ba5a-4f8a-9b9c-d44861eaa450-ChunkWriter-1-0] WARN  keyvalue.KeyValueHandler (KeyValueHandler.java:markContainerUnhealthy(1485)) - Unexpected error while marking container 5 unhealthy
org.apache.hadoop.hdds.scm.container.common.helpers.StorageContainerException: Failed to create tmp file for /home/runner/work/ozone/ozone/hadoop-ozone/integration-test/target/test-dir/MiniOzoneClusterImpl-0a3c97a5-d59a-4532-afef-c4940c4c02aa/ozone-meta/datanode-7/data-0/hdds/0a3c97a5-d59a-4532-afef-c4940c4c02aa/current/containerDir0/5/metadata/5.container: KeyValueContainerData #5 (UNHEALTHY, non-empty, ri=0, origin=[dn_092257cb-ba5a-4f8a-9b9c-d44861eaa450, pipeline_c56b8436-9c97-45e8-84ec-8b4c5ba85af3])
	at org.apache.hadoop.ozone.container.keyvalue.KeyValueContainer.writeToContainerFile(KeyValueContainer.java:318)
	at org.apache.hadoop.ozone.container.keyvalue.KeyValueContainer.updateContainerFile(KeyValueContainer.java:337)
	at org.apache.hadoop.ozone.container.keyvalue.KeyValueContainer.updateContainerData(KeyValueContainer.java:484)
	at org.apache.hadoop.ozone.container.keyvalue.KeyValueContainer.updateContainerState(KeyValueContainer.java:467)
	at org.apache.hadoop.ozone.container.keyvalue.KeyValueContainer.markContainerUnhealthy(KeyValueContainer.java:392)
	at org.apache.hadoop.ozone.container.keyvalue.KeyValueHandler.markContainerUnhealthy(KeyValueHandler.java:1483)
	at org.apache.hadoop.ozone.container.common.impl.HddsDispatcher.dispatchRequest(HddsDispatcher.java:410)
	at org.apache.hadoop.ozone.container.common.impl.HddsDispatcher.lambda$dispatch$1(HddsDispatcher.java:190)
	at org.apache.hadoop.hdds.server.OzoneProtocolMessageDispatcher.processRequest(OzoneProtocolMessageDispatcher.java:87)
	at org.apache.hadoop.ozone.container.common.impl.HddsDispatcher.dispatch(HddsDispatcher.java:189)
	at org.apache.hadoop.ozone.container.common.transport.server.ratis.ContainerStateMachine.dispatchCommand(ContainerStateMachine.java:567)
	at org.apache.hadoop.ozone.container.common.transport.server.ratis.ContainerStateMachine.lambda$writeStateMachineData$2(ContainerStateMachine.java:622)
	at java.base/java.util.concurrent.FutureTask.run(FutureTask.java:317)
	at java.base/java.util.concurrent.ThreadPoolExecutor.runWorker(ThreadPoolExecutor.java:1144)
	at java.base/java.util.concurrent.ThreadPoolExecutor$Worker.run(ThreadPoolExecutor.java:642)
	at java.base/java.lang.Thread.run(Thread.java:1583)
Caused by: java.io.IOException: No such file or directory
	at java.base/java.io.UnixFileSystem.createFileExclusively0(Native Method)
	at java.base/java.io.UnixFileSystem.createFileExclusively(UnixFileSystem.java:258)
	at java.base/java.io.File.createTempFile(File.java:2184)
	at org.apache.hadoop.ozone.container.keyvalue.KeyValueContainer.createTempFile(KeyValueContainer.java:907)
	at org.apache.hadoop.ozone.container.keyvalue.KeyValueContainer.writeToContainerFile(KeyValueContainer.java:300)
	... 15 more
2025-07-05 15:48:40,701 [092257cb-ba5a-4f8a-9b9c-d44861eaa450-ChunkWriter-1-0] ERROR keyvalue.KeyValueHandler (KeyValueHandler.java:updateContainerChecksumFromMetadataIfNeeded(1402)) - Cannot create container checksum for container 5 , Exception: 
java.io.IOException: Error occurred when writing container merkle tree for containerID 5
	at org.apache.hadoop.ozone.container.checksum.ContainerChecksumTreeManager.write(ContainerChecksumTreeManager.java:389)
	at org.apache.hadoop.ozone.container.checksum.ContainerChecksumTreeManager.writeContainerDataTree(ContainerChecksumTreeManager.java:113)
	at org.apache.hadoop.ozone.container.keyvalue.KeyValueHandler.updateAndGetContainerChecksum(KeyValueHandler.java:1438)
	at org.apache.hadoop.ozone.container.keyvalue.KeyValueHandler.updateAndGetContainerChecksumFromMetadata(KeyValueHandler.java:1427)
	at org.apache.hadoop.ozone.container.keyvalue.KeyValueHandler.updateContainerChecksumFromMetadataIfNeeded(KeyValueHandler.java:1400)
	at org.apache.hadoop.ozone.container.keyvalue.KeyValueHandler.markContainerUnhealthy(KeyValueHandler.java:1490)
	at org.apache.hadoop.ozone.container.common.impl.HddsDispatcher.dispatchRequest(HddsDispatcher.java:410)
	at org.apache.hadoop.ozone.container.common.impl.HddsDispatcher.lambda$dispatch$1(HddsDispatcher.java:190)
	at org.apache.hadoop.hdds.server.OzoneProtocolMessageDispatcher.processRequest(OzoneProtocolMessageDispatcher.java:87)
	at org.apache.hadoop.ozone.container.common.impl.HddsDispatcher.dispatch(HddsDispatcher.java:189)
	at org.apache.hadoop.ozone.container.common.transport.server.ratis.ContainerStateMachine.dispatchCommand(ContainerStateMachine.java:567)
	at org.apache.hadoop.ozone.container.common.transport.server.ratis.ContainerStateMachine.lambda$writeStateMachineData$2(ContainerStateMachine.java:622)
	at java.base/java.util.concurrent.FutureTask.run(FutureTask.java:317)
	at java.base/java.util.concurrent.ThreadPoolExecutor.runWorker(ThreadPoolExecutor.java:1144)
	at java.base/java.util.concurrent.ThreadPoolExecutor$Worker.run(ThreadPoolExecutor.java:642)
	at java.base/java.lang.Thread.run(Thread.java:1583)
Caused by: java.nio.file.NoSuchFileException: /home/runner/work/ozone/ozone/hadoop-ozone/integration-test/target/test-dir/MiniOzoneClusterImpl-0a3c97a5-d59a-4532-afef-c4940c4c02aa/ozone-meta/datanode-7/data-0/hdds/0a3c97a5-d59a-4532-afef-c4940c4c02aa/current/containerDir0/5/metadata/5.tree.tmp
	at java.base/sun.nio.fs.UnixException.translateToIOException(UnixException.java:92)
	at java.base/sun.nio.fs.UnixException.rethrowAsIOException(UnixException.java:106)
	at java.base/sun.nio.fs.UnixException.rethrowAsIOException(UnixException.java:111)
	at java.base/sun.nio.fs.UnixFileSystemProvider.newByteChannel(UnixFileSystemProvider.java:261)
	at java.base/java.nio.file.spi.FileSystemProvider.newOutputStream(FileSystemProvider.java:482)
	at java.base/java.nio.file.Files.newOutputStream(Files.java:228)
	at org.apache.hadoop.ozone.container.checksum.ContainerChecksumTreeManager.write(ContainerChecksumTreeManager.java:378)
	... 15 more
2025-07-05T15:48:40.702195255Z 092257cb-ba5a-4f8a-9b9c-d44861eaa450-ChunkWriter-1-0 ERROR ID=5 | Index=0 | BCSID=2 | State=UNHEALTHY | Volume=/home/runner/work/ozone/ozone/hadoop-ozone/integration-test/target/test-dir/MiniOzoneClusterImpl-0a3c97a5-d59a-4532-afef-c4940c4c02aa/ozone-meta/datanode-7/data-0/hdds | DataChecksum=0 | Container has 1 error: WRITE_FAILURE for file /home/runner/work/ozone/ozone/hadoop-ozone/integration-test/target/test-dir/MiniOzoneClusterImpl-0a3c97a5-d59a-4532-afef-c4940c4c02aa/ozone-meta/datanode-7/data-0/hdds/0a3c97a5-d59a-4532-afef-c4940c4c02aa/current/containerDir0/5 with exception: org.apache.hadoop.hdds.scm.container.common.helpers.StorageContainerException2025-07-05 15:48:40,702 [092257cb-ba5a-4f8a-9b9c-d44861eaa450-ChunkWriter-1-0] INFO  impl.HddsDispatcher (HddsDispatcher.java:dispatchRequest(411)) - Marked Container UNHEALTHY, ContainerID: 5
2025-07-05T15:48:40.702749016Z 092257cb-ba5a-4f8a-9b9c-d44861eaa450-ChunkWriter-1-0 ERROR user=null | ip=null | op=WRITE_CHUNK {blockData=conID: 5 locID: 115816896921600005 bcsId: 2 replicaIndex: 0, offset=5, size=5, stage=WRITE_DATA} | ret=FAILURE
java.lang.Exception: Chunks directory /home/runner/work/ozone/ozone/hadoop-ozone/integration-test/target/test-dir/MiniOzoneClusterImpl-0a3c97a5-d59a-4532-afef-c4940c4c02aa/ozone-meta/datanode-7/data-0/hdds/0a3c97a5-d59a-4532-afef-c4940c4c02aa/current/containerDir0/5/chunks does not exist.
	at org.apache.hadoop.ozone.container.common.impl.HddsDispatcher.dispatchRequest(HddsDispatcher.java:439)
	at org.apache.hadoop.ozone.container.common.impl.HddsDispatcher.lambda$dispatch$1(HddsDispatcher.java:190)
	at org.apache.hadoop.hdds.server.OzoneProtocolMessageDispatcher.processRequest(OzoneProtocolMessageDispatcher.java:87)
	at org.apache.hadoop.ozone.container.common.impl.HddsDispatcher.dispatch(HddsDispatcher.java:189)
	at org.apache.hadoop.ozone.container.common.transport.server.ratis.ContainerStateMachine.dispatchCommand(ContainerStateMachine.java:567)
	at org.apache.hadoop.ozone.container.common.transport.server.ratis.ContainerStateMachine.lambda$writeStateMachineData$2(ContainerStateMachine.java:622)
	at java.base/java.util.concurrent.FutureTask.run(FutureTask.java:317)
	at java.base/java.util.concurrent.ThreadPoolExecutor.runWorker(ThreadPoolExecutor.java:1144)
	at java.base/java.util.concurrent.ThreadPoolExecutor$Worker.run(ThreadPoolExecutor.java:642)
	at java.base/java.lang.Thread.run(Thread.java:1583)
2025-07-05 15:48:40,703 [092257cb-ba5a-4f8a-9b9c-d44861eaa450-ChunkWriter-1-0] ERROR ratis.ContainerStateMachine (ContainerStateMachine.java:handleCommandResult(662)) - group-8B4C5BA85AF3: writeChunk writeStateMachineData failed: blockIdcontainerID: 5
localID: 115816896921600005
blockCommitSequenceId: 2
replicaIndex: 0
 logIndex 4 chunkName 115816896921600005_chunk_2 Error message: Chunks directory /home/runner/work/ozone/ozone/hadoop-ozone/integration-test/target/test-dir/MiniOzoneClusterImpl-0a3c97a5-d59a-4532-afef-c4940c4c02aa/ozone-meta/datanode-7/data-0/hdds/0a3c97a5-d59a-4532-afef-c4940c4c02aa/current/containerDir0/5/chunks does not exist. Container Result: UNABLE_TO_FIND_DATA_DIR
2025-07-05 15:48:40,703 [pool-363-thread-1] WARN  ozoneimpl.OnDemandContainerDataScanner (ContainerScanHelper.java:scanData(75)) - Failed to update container checksum after scan of container 5
java.io.IOException: Error occurred when writing container merkle tree for containerID 5
	at org.apache.hadoop.ozone.container.checksum.ContainerChecksumTreeManager.write(ContainerChecksumTreeManager.java:389)
	at org.apache.hadoop.ozone.container.checksum.ContainerChecksumTreeManager.writeContainerDataTree(ContainerChecksumTreeManager.java:113)
	at org.apache.hadoop.ozone.container.keyvalue.KeyValueHandler.updateAndGetContainerChecksum(KeyValueHandler.java:1438)
	at org.apache.hadoop.ozone.container.keyvalue.KeyValueHandler.updateContainerChecksum(KeyValueHandler.java:1379)
	at org.apache.hadoop.ozone.container.ozoneimpl.ContainerController.updateContainerChecksum(ContainerController.java:143)
	at org.apache.hadoop.ozone.container.ozoneimpl.ContainerScanHelper.scanData(ContainerScanHelper.java:73)
	at org.apache.hadoop.ozone.container.ozoneimpl.OnDemandContainerDataScanner.performOnDemandScan(OnDemandContainerDataScanner.java:106)
	at org.apache.hadoop.ozone.container.ozoneimpl.OnDemandContainerDataScanner.lambda$scanContainer$0(OnDemandContainerDataScanner.java:88)
	at java.base/java.util.concurrent.Executors$RunnableAdapter.call(Executors.java:572)
	at java.base/java.util.concurrent.FutureTask.run(FutureTask.java:317)
	at java.base/java.util.concurrent.ThreadPoolExecutor.runWorker(ThreadPoolExecutor.java:1144)
	at java.base/java.util.concurrent.ThreadPoolExecutor$Worker.run(ThreadPoolExecutor.java:642)
	at java.base/java.lang.Thread.run(Thread.java:1583)
Caused by: java.nio.file.NoSuchFileException: /home/runner/work/ozone/ozone/hadoop-ozone/integration-test/target/test-dir/MiniOzoneClusterImpl-0a3c97a5-d59a-4532-afef-c4940c4c02aa/ozone-meta/datanode-7/data-0/hdds/0a3c97a5-d59a-4532-afef-c4940c4c02aa/current/containerDir0/5/metadata/5.tree.tmp
	at java.base/sun.nio.fs.UnixException.translateToIOException(UnixException.java:92)
	at java.base/sun.nio.fs.UnixException.rethrowAsIOException(UnixException.java:106)
	at java.base/sun.nio.fs.UnixException.rethrowAsIOException(UnixException.java:111)
	at java.base/sun.nio.fs.UnixFileSystemProvider.newByteChannel(UnixFileSystemProvider.java:261)
	at java.base/java.nio.file.spi.FileSystemProvider.newOutputStream(FileSystemProvider.java:482)
	at java.base/java.nio.file.Files.newOutputStream(Files.java:228)
	at org.apache.hadoop.ozone.container.checksum.ContainerChecksumTreeManager.write(ContainerChecksumTreeManager.java:378)
	... 12 more
2025-07-05 15:48:40,703 [pool-363-thread-1] ERROR ozoneimpl.OnDemandContainerDataScanner (ContainerScanHelper.java:handleUnhealthyScanResult(93)) - Corruption detected in container [5]. Marking it UNHEALTHY. Container has 1 error: MISSING_CONTAINER_DIR for file /home/runner/work/ozone/ozone/hadoop-ozone/integration-test/target/test-dir/MiniOzoneClusterImpl-0a3c97a5-d59a-4532-afef-c4940c4c02aa/ozone-meta/datanode-7/data-0/hdds/0a3c97a5-d59a-4532-afef-c4940c4c02aa/current/containerDir0/5 with exception: java.io.FileNotFoundException: Container directory /home/runner/work/ozone/ozone/hadoop-ozone/integration-test/target/test-dir/MiniOzoneClusterImpl-0a3c97a5-d59a-4532-afef-c4940c4c02aa/ozone-meta/datanode-7/data-0/hdds/0a3c97a5-d59a-4532-afef-c4940c4c02aa/current/containerDir0/5 not found.
2025-07-05 15:48:40,703 [pool-363-thread-1] WARN  ozoneimpl.OnDemandContainerDataScanner (OnDemandContainerDataScanner.java:performOnDemandScan(108)) - Unexpected exception while scanning container 5
org.apache.hadoop.hdds.scm.container.common.helpers.StorageContainerException: Failed to create tmp file for /home/runner/work/ozone/ozone/hadoop-ozone/integration-test/target/test-dir/MiniOzoneClusterImpl-0a3c97a5-d59a-4532-afef-c4940c4c02aa/ozone-meta/datanode-7/data-0/hdds/0a3c97a5-d59a-4532-afef-c4940c4c02aa/current/containerDir0/5/metadata/5.container: KeyValueContainerData #5 (UNHEALTHY, non-empty, ri=0, origin=[dn_092257cb-ba5a-4f8a-9b9c-d44861eaa450, pipeline_c56b8436-9c97-45e8-84ec-8b4c5ba85af3])
	at org.apache.hadoop.ozone.container.keyvalue.KeyValueContainer.writeToContainerFile(KeyValueContainer.java:318)
	at org.apache.hadoop.ozone.container.keyvalue.KeyValueContainer.updateContainerFile(KeyValueContainer.java:337)
	at org.apache.hadoop.ozone.container.keyvalue.KeyValueContainer.updateContainerData(KeyValueContainer.java:484)
	at org.apache.hadoop.ozone.container.keyvalue.KeyValueContainer.updateDataScanTimestamp(KeyValueContainer.java:438)
	at org.apache.hadoop.ozone.container.ozoneimpl.ContainerController.updateDataScanTimestamp(ContainerController.java:283)
	at org.apache.hadoop.ozone.container.ozoneimpl.ContainerScanHelper.scanData(ContainerScanHelper.java:85)
	at org.apache.hadoop.ozone.container.ozoneimpl.OnDemandContainerDataScanner.performOnDemandScan(OnDemandContainerDataScanner.java:106)
	at org.apache.hadoop.ozone.container.ozoneimpl.OnDemandContainerDataScanner.lambda$scanContainer$0(OnDemandContainerDataScanner.java:88)
	at java.base/java.util.concurrent.Executors$RunnableAdapter.call(Executors.java:572)
	at java.base/java.util.concurrent.FutureTask.run(FutureTask.java:317)
	at java.base/java.util.concurrent.ThreadPoolExecutor.runWorker(ThreadPoolExecutor.java:1144)
	at java.base/java.util.concurrent.ThreadPoolExecutor$Worker.run(ThreadPoolExecutor.java:642)
	at java.base/java.lang.Thread.run(Thread.java:1583)
Caused by: java.io.IOException: No such file or directory
	at java.base/java.io.UnixFileSystem.createFileExclusively0(Native Method)
	at java.base/java.io.UnixFileSystem.createFileExclusively(UnixFileSystem.java:258)
	at java.base/java.io.File.createTempFile(File.java:2184)
	at org.apache.hadoop.ozone.container.keyvalue.KeyValueContainer.createTempFile(KeyValueContainer.java:907)
	at org.apache.hadoop.ozone.container.keyvalue.KeyValueContainer.writeToContainerFile(KeyValueContainer.java:300)
	... 12 more
2025-07-05 15:48:40,704 [092257cb-ba5a-4f8a-9b9c-d44861eaa450@group-8B4C5BA85AF3-SegmentedRaftLogWorker] ERROR ratis.ContainerStateMachine (ContainerStateMachine.java:notifyLogFailed(1268)) - group-8B4C5BA85AF3: (t:1, i:4) cmdType: WriteChunk traceID: "" containerID: 5 datanodeUuid: "092257cb-ba5a-4f8a-9b9c-d44861eaa450" pipelineID: "c56b8436-9c97-45e8-84ec-8b4c5ba85af3" writeChunk { blockID { containerID: 5 localID: 115816896921600005 blockCommitSequenceId: 2 replicaIndex: 0 } chunkData { chunkName: "115816896921600005_chunk_2" offset: 5 len: 5 checksumData { type: CRC32 bytesPerChecksum: 16384 checksums: "\350a\3440" } } } version: 3, container path=/home/runner/work/ozone/ozone/hadoop-ozone/integration-test/target/test-dir/MiniOzoneClusterImpl-0a3c97a5-d59a-4532-afef-c4940c4c02aa/ozone-meta/datanode-7/data-0/hdds/0a3c97a5-d59a-4532-afef-c4940c4c02aa/current/containerDir0/5
org.apache.hadoop.hdds.scm.container.common.helpers.StorageContainerException: Chunks directory /home/runner/work/ozone/ozone/hadoop-ozone/integration-test/target/test-dir/MiniOzoneClusterImpl-0a3c97a5-d59a-4532-afef-c4940c4c02aa/ozone-meta/datanode-7/data-0/hdds/0a3c97a5-d59a-4532-afef-c4940c4c02aa/current/containerDir0/5/chunks does not exist.
	at org.apache.hadoop.ozone.container.common.transport.server.ratis.ContainerStateMachine.handleCommandResult(ContainerStateMachine.java:661)
	at org.apache.hadoop.ozone.container.common.transport.server.ratis.ContainerStateMachine.lambda$writeStateMachineData$2(ContainerStateMachine.java:623)
	at java.base/java.util.concurrent.FutureTask.run(FutureTask.java:317)
	at java.base/java.util.concurrent.ThreadPoolExecutor.runWorker(ThreadPoolExecutor.java:1144)
	at java.base/java.util.concurrent.ThreadPoolExecutor$Worker.run(ThreadPoolExecutor.java:642)
	at java.base/java.lang.Thread.run(Thread.java:1583)
2025-07-05 15:48:40,704 [092257cb-ba5a-4f8a-9b9c-d44861eaa450@group-8B4C5BA85AF3-SegmentedRaftLogWorker] WARN  ratis.XceiverServerRatis (XceiverServerRatis.java:triggerPipelineClose(758)) - pipeline Action CLOSE on pipeline Pipeline-c56b8436-9c97-45e8-84ec-8b4c5ba85af3.Reason : Chunks directory /home/runner/work/ozone/ozone/hadoop-ozone/integration-test/target/test-dir/MiniOzoneClusterImpl-0a3c97a5-d59a-4532-afef-c4940c4c02aa/ozone-meta/datanode-7/data-0/hdds/0a3c97a5-d59a-4532-afef-c4940c4c02aa/current/containerDir0/5/chunks does not exist.
2025-07-05 15:48:40,705 [092257cb-ba5a-4f8a-9b9c-d44861eaa450@group-8B4C5BA85AF3-SegmentedRaftLogWorker] ERROR raftlog.RaftLog (RaftLogBase.java:lambda$appendImpl$3(197)) - 092257cb-ba5a-4f8a-9b9c-d44861eaa450@group-8B4C5BA85AF3-SegmentedRaftLog: Failed to write log entry (t:1, i:4), STATEMACHINELOGENTRY, cmdType: WriteChunk traceID: "" containerID: 5 datanodeUuid: "092257cb-ba5a-4f8a-9b9c-d44861eaa450" pipelineID: "c56b8436-9c97-45e8-84ec-8b4c5ba85af3" writeChunk { blockID { containerID: 5 localID: 115816896921600005 blockCommitSequenceId: 2 replicaIndex: 0 } chunkData { chunkName: "115816896921600005_chunk_2" offset: 5 len: 5 checksumData { type: CRC32 bytesPerChecksum: 16384 checksums: "\350a\3440" } } } version: 3, container path=/home/runner/work/ozone/ozone/hadoop-ozone/integration-test/target/test-dir/MiniOzoneClusterImpl-0a3c97a5-d59a-4532-afef-c4940c4c02aa/ozone-meta/datanode-7/data-0/hdds/0a3c97a5-d59a-4532-afef-c4940c4c02aa/current/containerDir0/5
org.apache.hadoop.hdds.scm.container.common.helpers.StorageContainerException: Chunks directory /home/runner/work/ozone/ozone/hadoop-ozone/integration-test/target/test-dir/MiniOzoneClusterImpl-0a3c97a5-d59a-4532-afef-c4940c4c02aa/ozone-meta/datanode-7/data-0/hdds/0a3c97a5-d59a-4532-afef-c4940c4c02aa/current/containerDir0/5/chunks does not exist.
	at org.apache.hadoop.ozone.container.common.transport.server.ratis.ContainerStateMachine.handleCommandResult(ContainerStateMachine.java:661)
	at org.apache.hadoop.ozone.container.common.transport.server.ratis.ContainerStateMachine.lambda$writeStateMachineData$2(ContainerStateMachine.java:623)
	at java.base/java.util.concurrent.FutureTask.run(FutureTask.java:317)
	at java.base/java.util.concurrent.ThreadPoolExecutor.runWorker(ThreadPoolExecutor.java:1144)
	at java.base/java.util.concurrent.ThreadPoolExecutor$Worker.run(ThreadPoolExecutor.java:642)
	at java.base/java.lang.Thread.run(Thread.java:1583)
2025-07-05 15:48:40,705 [092257cb-ba5a-4f8a-9b9c-d44861eaa450@group-8B4C5BA85AF3-cacheEviction-AwaitToRun] INFO  util.AwaitToRun (AwaitToRun.java:run(49)) - 092257cb-ba5a-4f8a-9b9c-d44861eaa450@group-8B4C5BA85AF3-cacheEviction-AwaitToRun-AwaitForSignal is interrupted
2025-07-05 15:48:40,707 [FixedThreadPoolWithAffinityExecutor-9-0] INFO  container.IncrementalContainerReportHandler (AbstractContainerReportHandler.java:updateContainerState(253)) - FINALIZE (i.e. CLOSING) Container #5 (OPEN, sid=0) r0 (UNHEALTHY, bcsid=2, origin=092257cb-ba5a-4f8a-9b9c-d44861eaa450, non-empty) from dn 092257cb-ba5a-4f8a-9b9c-d44861eaa450(localhost/127.0.0.1)
2025-07-05 15:48:40,707 [EventQueue-CloseContainerForCloseContainerEventHandler] INFO  container.CloseContainerEventHandler (CloseContainerEventHandler.java:onMessage(88)) - Close container Event triggered for container : #5, current state: OPEN
2025-07-05 15:48:40,708 [EventQueue-PipelineActionsForPipelineActionHandler] INFO  pipeline.PipelineActionHandler (PipelineActionHandler.java:processPipelineAction(89)) - Received pipeline action CLOSE for Pipeline-c56b8436-9c97-45e8-84ec-8b4c5ba85af3 from datanode 092257cb-ba5a-4f8a-9b9c-d44861eaa450(localhost/127.0.0.1). Reason : Chunks directory /home/runner/work/ozone/ozone/hadoop-ozone/integration-test/target/test-dir/MiniOzoneClusterImpl-0a3c97a5-d59a-4532-afef-c4940c4c02aa/ozone-meta/datanode-7/data-0/hdds/0a3c97a5-d59a-4532-afef-c4940c4c02aa/current/containerDir0/5/chunks does not exist.
2025-07-05 15:48:40,712 [EventQueue-PipelineActionsForPipelineActionHandler] INFO  pipeline.PipelineManagerImpl (PipelineManagerImpl.java:closeContainersForPipeline(489)) - Container #5 closed for pipeline=Pipeline-c56b8436-9c97-45e8-84ec-8b4c5ba85af3
2025-07-05 15:48:40,712 [EventQueue-CloseContainerForCloseContainerEventHandler] INFO  container.CloseContainerEventHandler (CloseContainerEventHandler.java:onMessage(88)) - Close container Event triggered for container : #5, current state: CLOSING
2025-07-05 15:48:40,715 [EventQueue-PipelineActionsForPipelineActionHandler] INFO  pipeline.PipelineManagerImpl (PipelineManagerImpl.java:closePipeline(511)) - Pipeline Pipeline-c56b8436-9c97-45e8-84ec-8b4c5ba85af3 moved to CLOSED state
2025-07-05 15:48:40,906 [EventQueue-PipelineActionsForPipelineActionHandler] INFO  pipeline.PipelineActionHandler (PipelineActionHandler.java:processPipelineAction(89)) - Received pipeline action CLOSE for Pipeline-c56b8436-9c97-45e8-84ec-8b4c5ba85af3 from datanode 092257cb-ba5a-4f8a-9b9c-d44861eaa450(localhost/127.0.0.1). Reason : Chunks directory /home/runner/work/ozone/ozone/hadoop-ozone/integration-test/target/test-dir/MiniOzoneClusterImpl-0a3c97a5-d59a-4532-afef-c4940c4c02aa/ozone-meta/datanode-7/data-0/hdds/0a3c97a5-d59a-4532-afef-c4940c4c02aa/current/containerDir0/5/chunks does not exist.
2025-07-05 15:48:41,106 [EventQueue-PipelineActionsForPipelineActionHandler] INFO  pipeline.PipelineActionHandler (PipelineActionHandler.java:processPipelineAction(89)) - Received pipeline action CLOSE for Pipeline-c56b8436-9c97-45e8-84ec-8b4c5ba85af3 from datanode 092257cb-ba5a-4f8a-9b9c-d44861eaa450(localhost/127.0.0.1). Reason : Chunks directory /home/runner/work/ozone/ozone/hadoop-ozone/integration-test/target/test-dir/MiniOzoneClusterImpl-0a3c97a5-d59a-4532-afef-c4940c4c02aa/ozone-meta/datanode-7/data-0/hdds/0a3c97a5-d59a-4532-afef-c4940c4c02aa/current/containerDir0/5/chunks does not exist.
2025-07-05 15:48:41,306 [EventQueue-PipelineActionsForPipelineActionHandler] INFO  pipeline.PipelineActionHandler (PipelineActionHandler.java:processPipelineAction(89)) - Received pipeline action CLOSE for Pipeline-c56b8436-9c97-45e8-84ec-8b4c5ba85af3 from datanode 092257cb-ba5a-4f8a-9b9c-d44861eaa450(localhost/127.0.0.1). Reason : Chunks directory /home/runner/work/ozone/ozone/hadoop-ozone/integration-test/target/test-dir/MiniOzoneClusterImpl-0a3c97a5-d59a-4532-afef-c4940c4c02aa/ozone-meta/datanode-7/data-0/hdds/0a3c97a5-d59a-4532-afef-c4940c4c02aa/current/containerDir0/5/chunks does not exist.
2025-07-05 15:48:41,506 [EventQueue-PipelineActionsForPipelineActionHandler] INFO  pipeline.PipelineActionHandler (PipelineActionHandler.java:processPipelineAction(89)) - Received pipeline action CLOSE for Pipeline-c56b8436-9c97-45e8-84ec-8b4c5ba85af3 from datanode 092257cb-ba5a-4f8a-9b9c-d44861eaa450(localhost/127.0.0.1). Reason : Chunks directory /home/runner/work/ozone/ozone/hadoop-ozone/integration-test/target/test-dir/MiniOzoneClusterImpl-0a3c97a5-d59a-4532-afef-c4940c4c02aa/ozone-meta/datanode-7/data-0/hdds/0a3c97a5-d59a-4532-afef-c4940c4c02aa/current/containerDir0/5/chunks does not exist.
2025-07-05 15:48:41,707 [EventQueue-PipelineActionsForPipelineActionHandler] INFO  pipeline.PipelineActionHandler (PipelineActionHandler.java:processPipelineAction(89)) - Received pipeline action CLOSE for Pipeline-c56b8436-9c97-45e8-84ec-8b4c5ba85af3 from datanode 092257cb-ba5a-4f8a-9b9c-d44861eaa450(localhost/127.0.0.1). Reason : Chunks directory /home/runner/work/ozone/ozone/hadoop-ozone/integration-test/target/test-dir/MiniOzoneClusterImpl-0a3c97a5-d59a-4532-afef-c4940c4c02aa/ozone-meta/datanode-7/data-0/hdds/0a3c97a5-d59a-4532-afef-c4940c4c02aa/current/containerDir0/5/chunks does not exist.
2025-07-05 15:48:41,907 [EventQueue-PipelineActionsForPipelineActionHandler] INFO  pipeline.PipelineActionHandler (PipelineActionHandler.java:processPipelineAction(89)) - Received pipeline action CLOSE for Pipeline-c56b8436-9c97-45e8-84ec-8b4c5ba85af3 from datanode 092257cb-ba5a-4f8a-9b9c-d44861eaa450(localhost/127.0.0.1). Reason : Chunks directory /home/runner/work/ozone/ozone/hadoop-ozone/integration-test/target/test-dir/MiniOzoneClusterImpl-0a3c97a5-d59a-4532-afef-c4940c4c02aa/ozone-meta/datanode-7/data-0/hdds/0a3c97a5-d59a-4532-afef-c4940c4c02aa/current/containerDir0/5/chunks does not exist.
2025-07-05 15:48:42,106 [EventQueue-PipelineActionsForPipelineActionHandler] INFO  pipeline.PipelineActionHandler (PipelineActionHandler.java:processPipelineAction(89)) - Received pipeline action CLOSE for Pipeline-c56b8436-9c97-45e8-84ec-8b4c5ba85af3 from datanode 092257cb-ba5a-4f8a-9b9c-d44861eaa450(localhost/127.0.0.1). Reason : Chunks directory /home/runner/work/ozone/ozone/hadoop-ozone/integration-test/target/test-dir/MiniOzoneClusterImpl-0a3c97a5-d59a-4532-afef-c4940c4c02aa/ozone-meta/datanode-7/data-0/hdds/0a3c97a5-d59a-4532-afef-c4940c4c02aa/current/containerDir0/5/chunks does not exist.
2025-07-05 15:48:42,306 [EventQueue-PipelineActionsForPipelineActionHandler] INFO  pipeline.PipelineActionHandler (PipelineActionHandler.java:processPipelineAction(89)) - Received pipeline action CLOSE for Pipeline-c56b8436-9c97-45e8-84ec-8b4c5ba85af3 from datanode 092257cb-ba5a-4f8a-9b9c-d44861eaa450(localhost/127.0.0.1). Reason : Chunks directory /home/runner/work/ozone/ozone/hadoop-ozone/integration-test/target/test-dir/MiniOzoneClusterImpl-0a3c97a5-d59a-4532-afef-c4940c4c02aa/ozone-meta/datanode-7/data-0/hdds/0a3c97a5-d59a-4532-afef-c4940c4c02aa/current/containerDir0/5/chunks does not exist.
2025-07-05 15:48:42,506 [EventQueue-PipelineActionsForPipelineActionHandler] INFO  pipeline.PipelineActionHandler (PipelineActionHandler.java:processPipelineAction(89)) - Received pipeline action CLOSE for Pipeline-c56b8436-9c97-45e8-84ec-8b4c5ba85af3 from datanode 092257cb-ba5a-4f8a-9b9c-d44861eaa450(localhost/127.0.0.1). Reason : Chunks directory /home/runner/work/ozone/ozone/hadoop-ozone/integration-test/target/test-dir/MiniOzoneClusterImpl-0a3c97a5-d59a-4532-afef-c4940c4c02aa/ozone-meta/datanode-7/data-0/hdds/0a3c97a5-d59a-4532-afef-c4940c4c02aa/current/containerDir0/5/chunks does not exist.
2025-07-05 15:48:42,521 [2e56514c-0608-4198-9fed-b4eba4d3d686@group-C1D084BE788E-StateMachineUpdater] INFO  ratis.ContainerStateMachine (ContainerStateMachine.java:takeSnapshot(427)) - group-C1D084BE788E: Taking a snapshot at:(t:1, i:10) file /home/runner/work/ozone/ozone/hadoop-ozone/integration-test/target/test-dir/MiniOzoneClusterImpl-0a3c97a5-d59a-4532-afef-c4940c4c02aa/ozone-meta/datanode-4/ratis/07c2a4b9-1a6d-4d20-b06e-c1d084be788e/sm/snapshot.1_10
2025-07-05 15:48:42,521 [d3a92f5c-9e4a-48c5-9a32-2f34a6e85eb8@group-C1D084BE788E-StateMachineUpdater] INFO  ratis.ContainerStateMachine (ContainerStateMachine.java:takeSnapshot(427)) - group-C1D084BE788E: Taking a snapshot at:(t:1, i:10) file /home/runner/work/ozone/ozone/hadoop-ozone/integration-test/target/test-dir/MiniOzoneClusterImpl-0a3c97a5-d59a-4532-afef-c4940c4c02aa/ozone-meta/datanode-6/ratis/07c2a4b9-1a6d-4d20-b06e-c1d084be788e/sm/snapshot.1_10
2025-07-05 15:48:42,522 [2e56514c-0608-4198-9fed-b4eba4d3d686@group-C1D084BE788E-StateMachineUpdater] INFO  ratis.ContainerStateMachine (ContainerStateMachine.java:takeSnapshot(436)) - group-C1D084BE788E: Finished taking a snapshot at:(t:1, i:10) file:/home/runner/work/ozone/ozone/hadoop-ozone/integration-test/target/test-dir/MiniOzoneClusterImpl-0a3c97a5-d59a-4532-afef-c4940c4c02aa/ozone-meta/datanode-4/ratis/07c2a4b9-1a6d-4d20-b06e-c1d084be788e/sm/snapshot.1_10 took: 1 ms
2025-07-05 15:48:42,522 [d3a92f5c-9e4a-48c5-9a32-2f34a6e85eb8@group-C1D084BE788E-StateMachineUpdater] INFO  ratis.ContainerStateMachine (ContainerStateMachine.java:takeSnapshot(436)) - group-C1D084BE788E: Finished taking a snapshot at:(t:1, i:10) file:/home/runner/work/ozone/ozone/hadoop-ozone/integration-test/target/test-dir/MiniOzoneClusterImpl-0a3c97a5-d59a-4532-afef-c4940c4c02aa/ozone-meta/datanode-6/ratis/07c2a4b9-1a6d-4d20-b06e-c1d084be788e/sm/snapshot.1_10 took: 1 ms
2025-07-05 15:48:42,523 [d3a92f5c-9e4a-48c5-9a32-2f34a6e85eb8@group-C1D084BE788E-StateMachineUpdater] INFO  impl.StateMachineUpdater (StateMachineUpdater.java:takeSnapshot(307)) - d3a92f5c-9e4a-48c5-9a32-2f34a6e85eb8@group-C1D084BE788E-StateMachineUpdater: Took a snapshot at index 10
2025-07-05 15:48:42,523 [d3a92f5c-9e4a-48c5-9a32-2f34a6e85eb8@group-C1D084BE788E-StateMachineUpdater] INFO  impl.StateMachineUpdater (StateMachineUpdater.java:lambda$new$0(101)) - d3a92f5c-9e4a-48c5-9a32-2f34a6e85eb8@group-C1D084BE788E-StateMachineUpdater: snapshotIndex: updateIncreasingly 8 -> 10
2025-07-05 15:48:42,523 [2e56514c-0608-4198-9fed-b4eba4d3d686@group-C1D084BE788E-StateMachineUpdater] INFO  impl.StateMachineUpdater (StateMachineUpdater.java:takeSnapshot(307)) - 2e56514c-0608-4198-9fed-b4eba4d3d686@group-C1D084BE788E-StateMachineUpdater: Took a snapshot at index 10
2025-07-05 15:48:42,523 [2e56514c-0608-4198-9fed-b4eba4d3d686@group-C1D084BE788E-StateMachineUpdater] INFO  impl.StateMachineUpdater (StateMachineUpdater.java:lambda$new$0(101)) - 2e56514c-0608-4198-9fed-b4eba4d3d686@group-C1D084BE788E-StateMachineUpdater: snapshotIndex: updateIncreasingly 8 -> 10
2025-07-05 15:48:42,707 [EventQueue-PipelineActionsForPipelineActionHandler] INFO  pipeline.PipelineActionHandler (PipelineActionHandler.java:processPipelineAction(89)) - Received pipeline action CLOSE for Pipeline-c56b8436-9c97-45e8-84ec-8b4c5ba85af3 from datanode 092257cb-ba5a-4f8a-9b9c-d44861eaa450(localhost/127.0.0.1). Reason : Chunks directory /home/runner/work/ozone/ozone/hadoop-ozone/integration-test/target/test-dir/MiniOzoneClusterImpl-0a3c97a5-d59a-4532-afef-c4940c4c02aa/ozone-meta/datanode-7/data-0/hdds/0a3c97a5-d59a-4532-afef-c4940c4c02aa/current/containerDir0/5/chunks does not exist.
2025-07-05 15:48:42,907 [EventQueue-PipelineActionsForPipelineActionHandler] INFO  pipeline.PipelineActionHandler (PipelineActionHandler.java:processPipelineAction(89)) - Received pipeline action CLOSE for Pipeline-c56b8436-9c97-45e8-84ec-8b4c5ba85af3 from datanode 092257cb-ba5a-4f8a-9b9c-d44861eaa450(localhost/127.0.0.1). Reason : Chunks directory /home/runner/work/ozone/ozone/hadoop-ozone/integration-test/target/test-dir/MiniOzoneClusterImpl-0a3c97a5-d59a-4532-afef-c4940c4c02aa/ozone-meta/datanode-7/data-0/hdds/0a3c97a5-d59a-4532-afef-c4940c4c02aa/current/containerDir0/5/chunks does not exist.
2025-07-05 15:48:43,106 [EventQueue-PipelineActionsForPipelineActionHandler] INFO  pipeline.PipelineActionHandler (PipelineActionHandler.java:processPipelineAction(89)) - Received pipeline action CLOSE for Pipeline-c56b8436-9c97-45e8-84ec-8b4c5ba85af3 from datanode 092257cb-ba5a-4f8a-9b9c-d44861eaa450(localhost/127.0.0.1). Reason : Chunks directory /home/runner/work/ozone/ozone/hadoop-ozone/integration-test/target/test-dir/MiniOzoneClusterImpl-0a3c97a5-d59a-4532-afef-c4940c4c02aa/ozone-meta/datanode-7/data-0/hdds/0a3c97a5-d59a-4532-afef-c4940c4c02aa/current/containerDir0/5/chunks does not exist.
2025-07-05 15:48:43,306 [EventQueue-PipelineActionsForPipelineActionHandler] INFO  pipeline.PipelineActionHandler (PipelineActionHandler.java:processPipelineAction(89)) - Received pipeline action CLOSE for Pipeline-c56b8436-9c97-45e8-84ec-8b4c5ba85af3 from datanode 092257cb-ba5a-4f8a-9b9c-d44861eaa450(localhost/127.0.0.1). Reason : Chunks directory /home/runner/work/ozone/ozone/hadoop-ozone/integration-test/target/test-dir/MiniOzoneClusterImpl-0a3c97a5-d59a-4532-afef-c4940c4c02aa/ozone-meta/datanode-7/data-0/hdds/0a3c97a5-d59a-4532-afef-c4940c4c02aa/current/containerDir0/5/chunks does not exist.
2025-07-05 15:48:43,506 [EventQueue-PipelineActionsForPipelineActionHandler] INFO  pipeline.PipelineActionHandler (PipelineActionHandler.java:processPipelineAction(89)) - Received pipeline action CLOSE for Pipeline-c56b8436-9c97-45e8-84ec-8b4c5ba85af3 from datanode 092257cb-ba5a-4f8a-9b9c-d44861eaa450(localhost/127.0.0.1). Reason : Chunks directory /home/runner/work/ozone/ozone/hadoop-ozone/integration-test/target/test-dir/MiniOzoneClusterImpl-0a3c97a5-d59a-4532-afef-c4940c4c02aa/ozone-meta/datanode-7/data-0/hdds/0a3c97a5-d59a-4532-afef-c4940c4c02aa/current/containerDir0/5/chunks does not exist.
2025-07-05 15:48:43,698 [timer7] ERROR impl.OrderedAsync (OrderedAsync.java:lambda$null$6(215)) -  client-B3E087980B01: Failed* RaftClientRequest:client-B3E087980B01->092257cb-ba5a-4f8a-9b9c-d44861eaa450@group-8B4C5BA85AF3, cid=153, seq=5, RW, cmdType: PutBlock
traceID: ""
containerID: 5
datanodeUuid: "092257cb-ba5a-4f8a-9b9c-d44861eaa450"
putBlock {
  blockData {
    blockID {
      containerID: 5
      localID: 115816896921600005
      blockCommitSequenceId: 0
    }
    metadata {
      key: "TYPE"
      value: "KEY"
    }
    chunks {
      chunkName: "115816896921600005_chunk_1"
      offset: 0
      len: 5
      checksumData {
        type: CRC32
        bytesPerChecksum: 16384
        checksums: "\350a\3440"
      }
    }
    chunks {
      chunkName: "115816896921600005_chunk_2"
      offset: 5
      len: 5
      checksumData {
        type: CRC32
        bytesPerChecksum: 16384
        checksums: "\350a\3440"
      }
    }
  }
  eof: true
}
version: 3
, data.size=0
java.util.concurrent.CompletionException: org.apache.ratis.protocol.exceptions.TimeoutIOException: client-B3E087980B01->092257cb-ba5a-4f8a-9b9c-d44861eaa450 request #153 timeout 3000ms
	at java.base/java.util.concurrent.CompletableFuture.encodeThrowable(CompletableFuture.java:332)
	at java.base/java.util.concurrent.CompletableFuture.completeThrowable(CompletableFuture.java:347)
	at java.base/java.util.concurrent.CompletableFuture$UniAccept.tryFire(CompletableFuture.java:708)
	at java.base/java.util.concurrent.CompletableFuture.postComplete(CompletableFuture.java:510)
	at java.base/java.util.concurrent.CompletableFuture.completeExceptionally(CompletableFuture.java:2194)
	at org.apache.ratis.grpc.client.GrpcClientProtocolClient$AsyncStreamObservers.lambda$timeoutCheck$5(GrpcClientProtocolClient.java:376)
	at java.base/java.util.Optional.ifPresent(Optional.java:178)
	at org.apache.ratis.grpc.client.GrpcClientProtocolClient$AsyncStreamObservers.handleReplyFuture(GrpcClientProtocolClient.java:381)
	at org.apache.ratis.grpc.client.GrpcClientProtocolClient$AsyncStreamObservers.timeoutCheck(GrpcClientProtocolClient.java:376)
	at org.apache.ratis.grpc.client.GrpcClientProtocolClient$AsyncStreamObservers.lambda$onNext$3(GrpcClientProtocolClient.java:369)
	at org.apache.ratis.util.TimeoutTimer.lambda$onTimeout$2(TimeoutTimer.java:101)
	at org.apache.ratis.util.LogUtils.runAndLog(LogUtils.java:38)
	at org.apache.ratis.util.LogUtils$1.run(LogUtils.java:78)
	at org.apache.ratis.util.TimeoutTimer$Task.run(TimeoutTimer.java:55)
	at java.base/java.util.TimerThread.mainLoop(Timer.java:566)
	at java.base/java.util.TimerThread.run(Timer.java:516)
Caused by: org.apache.ratis.protocol.exceptions.TimeoutIOException: client-B3E087980B01->092257cb-ba5a-4f8a-9b9c-d44861eaa450 request #153 timeout 3000ms
	at org.apache.ratis.grpc.client.GrpcClientProtocolClient$AsyncStreamObservers.lambda$timeoutCheck$5(GrpcClientProtocolClient.java:377)
	... 10 more
2025-07-05 15:48:43,698 [timer6] ERROR impl.OrderedAsync (OrderedAsync.java:lambda$null$6(215)) -  client-B3E087980B01: Failed* RaftClientRequest:client-B3E087980B01->092257cb-ba5a-4f8a-9b9c-d44861eaa450@group-8B4C5BA85AF3, cid=152, seq=4, RW, cmdType: WriteChunk
traceID: ""
containerID: 5
datanodeUuid: "092257cb-ba5a-4f8a-9b9c-d44861eaa450"
writeChunk {
  blockID {
    containerID: 5
    localID: 115816896921600005
    blockCommitSequenceId: 2
    replicaIndex: 0
  }
  chunkData {
    chunkName: "115816896921600005_chunk_2"
    offset: 5
    len: 5
    checksumData {
      type: CRC32
      bytesPerChecksum: 16384
      checksums: "\350a\3440"
    }
  }
}
version: 3
, data.size=5
java.util.concurrent.CompletionException: org.apache.ratis.protocol.exceptions.TimeoutIOException: client-B3E087980B01->092257cb-ba5a-4f8a-9b9c-d44861eaa450 request #152 timeout 3000ms
	at java.base/java.util.concurrent.CompletableFuture.encodeThrowable(CompletableFuture.java:332)
	at java.base/java.util.concurrent.CompletableFuture.completeThrowable(CompletableFuture.java:347)
	at java.base/java.util.concurrent.CompletableFuture$UniAccept.tryFire(CompletableFuture.java:708)
	at java.base/java.util.concurrent.CompletableFuture.postComplete(CompletableFuture.java:510)
	at java.base/java.util.concurrent.CompletableFuture.completeExceptionally(CompletableFuture.java:2194)
	at org.apache.ratis.grpc.client.GrpcClientProtocolClient$AsyncStreamObservers.lambda$timeoutCheck$5(GrpcClientProtocolClient.java:376)
	at java.base/java.util.Optional.ifPresent(Optional.java:178)
	at org.apache.ratis.grpc.client.GrpcClientProtocolClient$AsyncStreamObservers.handleReplyFuture(GrpcClientProtocolClient.java:381)
	at org.apache.ratis.grpc.client.GrpcClientProtocolClient$AsyncStreamObservers.timeoutCheck(GrpcClientProtocolClient.java:376)
	at org.apache.ratis.grpc.client.GrpcClientProtocolClient$AsyncStreamObservers.lambda$onNext$3(GrpcClientProtocolClient.java:369)
	at org.apache.ratis.util.TimeoutTimer.lambda$onTimeout$2(TimeoutTimer.java:101)
	at org.apache.ratis.util.LogUtils.runAndLog(LogUtils.java:38)
	at org.apache.ratis.util.LogUtils$1.run(LogUtils.java:78)
	at org.apache.ratis.util.TimeoutTimer$Task.run(TimeoutTimer.java:55)
	at java.base/java.util.TimerThread.mainLoop(Timer.java:566)
	at java.base/java.util.TimerThread.run(Timer.java:516)
Caused by: org.apache.ratis.protocol.exceptions.TimeoutIOException: client-B3E087980B01->092257cb-ba5a-4f8a-9b9c-d44861eaa450 request #152 timeout 3000ms
	at org.apache.ratis.grpc.client.GrpcClientProtocolClient$AsyncStreamObservers.lambda$timeoutCheck$5(GrpcClientProtocolClient.java:377)
	... 10 more
2025-07-05 15:48:43,706 [092257cb-ba5a-4f8a-9b9c-d44861eaa450@group-8B4C5BA85AF3-SegmentedRaftLogWorker] WARN  segmented.SegmentedRaftLogWorker (SegmentedRaftLogWorker.java:lambda$close$3(251)) - 092257cb-ba5a-4f8a-9b9c-d44861eaa450@group-8B4C5BA85AF3-SegmentedRaftLogWorker: shutdown timeout in 3s
2025-07-05 15:48:43,706 [EventQueue-PipelineActionsForPipelineActionHandler] INFO  pipeline.PipelineActionHandler (PipelineActionHandler.java:processPipelineAction(89)) - Received pipeline action CLOSE for Pipeline-c56b8436-9c97-45e8-84ec-8b4c5ba85af3 from datanode 092257cb-ba5a-4f8a-9b9c-d44861eaa450(localhost/127.0.0.1). Reason : Chunks directory /home/runner/work/ozone/ozone/hadoop-ozone/integration-test/target/test-dir/MiniOzoneClusterImpl-0a3c97a5-d59a-4532-afef-c4940c4c02aa/ozone-meta/datanode-7/data-0/hdds/0a3c97a5-d59a-4532-afef-c4940c4c02aa/current/containerDir0/5/chunks does not exist.
2025-07-05 15:48:43,707 [092257cb-ba5a-4f8a-9b9c-d44861eaa450@group-8B4C5BA85AF3-SegmentedRaftLogWorker] INFO  segmented.SegmentedRaftLogWorker (SegmentedRaftLogWorker.java:close(254)) - 092257cb-ba5a-4f8a-9b9c-d44861eaa450@group-8B4C5BA85AF3-SegmentedRaftLogWorker close()
2025-07-05 15:48:43,907 [EventQueue-PipelineActionsForPipelineActionHandler] INFO  pipeline.PipelineActionHandler (PipelineActionHandler.java:processPipelineAction(89)) - Received pipeline action CLOSE for Pipeline-c56b8436-9c97-45e8-84ec-8b4c5ba85af3 from datanode 092257cb-ba5a-4f8a-9b9c-d44861eaa450(localhost/127.0.0.1). Reason : Chunks directory /home/runner/work/ozone/ozone/hadoop-ozone/integration-test/target/test-dir/MiniOzoneClusterImpl-0a3c97a5-d59a-4532-afef-c4940c4c02aa/ozone-meta/datanode-7/data-0/hdds/0a3c97a5-d59a-4532-afef-c4940c4c02aa/current/containerDir0/5/chunks does not exist.
2025-07-05 15:48:44,107 [EventQueue-PipelineActionsForPipelineActionHandler] INFO  pipeline.PipelineActionHandler (PipelineActionHandler.java:processPipelineAction(89)) - Received pipeline action CLOSE for Pipeline-c56b8436-9c97-45e8-84ec-8b4c5ba85af3 from datanode 092257cb-ba5a-4f8a-9b9c-d44861eaa450(localhost/127.0.0.1). Reason : Chunks directory /home/runner/work/ozone/ozone/hadoop-ozone/integration-test/target/test-dir/MiniOzoneClusterImpl-0a3c97a5-d59a-4532-afef-c4940c4c02aa/ozone-meta/datanode-7/data-0/hdds/0a3c97a5-d59a-4532-afef-c4940c4c02aa/current/containerDir0/5/chunks does not exist.
2025-07-05 15:48:44,307 [EventQueue-PipelineActionsForPipelineActionHandler] INFO  pipeline.PipelineActionHandler (PipelineActionHandler.java:processPipelineAction(89)) - Received pipeline action CLOSE for Pipeline-c56b8436-9c97-45e8-84ec-8b4c5ba85af3 from datanode 092257cb-ba5a-4f8a-9b9c-d44861eaa450(localhost/127.0.0.1). Reason : Chunks directory /home/runner/work/ozone/ozone/hadoop-ozone/integration-test/target/test-dir/MiniOzoneClusterImpl-0a3c97a5-d59a-4532-afef-c4940c4c02aa/ozone-meta/datanode-7/data-0/hdds/0a3c97a5-d59a-4532-afef-c4940c4c02aa/current/containerDir0/5/chunks does not exist.
2025-07-05 15:48:44,506 [EventQueue-PipelineActionsForPipelineActionHandler] INFO  pipeline.PipelineActionHandler (PipelineActionHandler.java:processPipelineAction(89)) - Received pipeline action CLOSE for Pipeline-c56b8436-9c97-45e8-84ec-8b4c5ba85af3 from datanode 092257cb-ba5a-4f8a-9b9c-d44861eaa450(localhost/127.0.0.1). Reason : Chunks directory /home/runner/work/ozone/ozone/hadoop-ozone/integration-test/target/test-dir/MiniOzoneClusterImpl-0a3c97a5-d59a-4532-afef-c4940c4c02aa/ozone-meta/datanode-7/data-0/hdds/0a3c97a5-d59a-4532-afef-c4940c4c02aa/current/containerDir0/5/chunks does not exist.
2025-07-05 15:48:44,706 [EventQueue-PipelineActionsForPipelineActionHandler] INFO  pipeline.PipelineActionHandler (PipelineActionHandler.java:processPipelineAction(89)) - Received pipeline action CLOSE for Pipeline-c56b8436-9c97-45e8-84ec-8b4c5ba85af3 from datanode 092257cb-ba5a-4f8a-9b9c-d44861eaa450(localhost/127.0.0.1). Reason : Chunks directory /home/runner/work/ozone/ozone/hadoop-ozone/integration-test/target/test-dir/MiniOzoneClusterImpl-0a3c97a5-d59a-4532-afef-c4940c4c02aa/ozone-meta/datanode-7/data-0/hdds/0a3c97a5-d59a-4532-afef-c4940c4c02aa/current/containerDir0/5/chunks does not exist.
2025-07-05 15:48:44,906 [EventQueue-PipelineActionsForPipelineActionHandler] INFO  pipeline.PipelineActionHandler (PipelineActionHandler.java:processPipelineAction(89)) - Received pipeline action CLOSE for Pipeline-c56b8436-9c97-45e8-84ec-8b4c5ba85af3 from datanode 092257cb-ba5a-4f8a-9b9c-d44861eaa450(localhost/127.0.0.1). Reason : Chunks directory /home/runner/work/ozone/ozone/hadoop-ozone/integration-test/target/test-dir/MiniOzoneClusterImpl-0a3c97a5-d59a-4532-afef-c4940c4c02aa/ozone-meta/datanode-7/data-0/hdds/0a3c97a5-d59a-4532-afef-c4940c4c02aa/current/containerDir0/5/chunks does not exist.
2025-07-05 15:48:45,107 [EventQueue-PipelineActionsForPipelineActionHandler] INFO  pipeline.PipelineActionHandler (PipelineActionHandler.java:processPipelineAction(89)) - Received pipeline action CLOSE for Pipeline-c56b8436-9c97-45e8-84ec-8b4c5ba85af3 from datanode 092257cb-ba5a-4f8a-9b9c-d44861eaa450(localhost/127.0.0.1). Reason : Chunks directory /home/runner/work/ozone/ozone/hadoop-ozone/integration-test/target/test-dir/MiniOzoneClusterImpl-0a3c97a5-d59a-4532-afef-c4940c4c02aa/ozone-meta/datanode-7/data-0/hdds/0a3c97a5-d59a-4532-afef-c4940c4c02aa/current/containerDir0/5/chunks does not exist.
2025-07-05 15:48:45,307 [EventQueue-PipelineActionsForPipelineActionHandler] INFO  pipeline.PipelineActionHandler (PipelineActionHandler.java:processPipelineAction(89)) - Received pipeline action CLOSE for Pipeline-c56b8436-9c97-45e8-84ec-8b4c5ba85af3 from datanode 092257cb-ba5a-4f8a-9b9c-d44861eaa450(localhost/127.0.0.1). Reason : Chunks directory /home/runner/work/ozone/ozone/hadoop-ozone/integration-test/target/test-dir/MiniOzoneClusterImpl-0a3c97a5-d59a-4532-afef-c4940c4c02aa/ozone-meta/datanode-7/data-0/hdds/0a3c97a5-d59a-4532-afef-c4940c4c02aa/current/containerDir0/5/chunks does not exist.
2025-07-05 15:48:45,506 [EventQueue-PipelineActionsForPipelineActionHandler] INFO  pipeline.PipelineActionHandler (PipelineActionHandler.java:processPipelineAction(89)) - Received pipeline action CLOSE for Pipeline-c56b8436-9c97-45e8-84ec-8b4c5ba85af3 from datanode 092257cb-ba5a-4f8a-9b9c-d44861eaa450(localhost/127.0.0.1). Reason : Chunks directory /home/runner/work/ozone/ozone/hadoop-ozone/integration-test/target/test-dir/MiniOzoneClusterImpl-0a3c97a5-d59a-4532-afef-c4940c4c02aa/ozone-meta/datanode-7/data-0/hdds/0a3c97a5-d59a-4532-afef-c4940c4c02aa/current/containerDir0/5/chunks does not exist.
2025-07-05 15:48:45,706 [EventQueue-PipelineActionsForPipelineActionHandler] INFO  pipeline.PipelineActionHandler (PipelineActionHandler.java:processPipelineAction(89)) - Received pipeline action CLOSE for Pipeline-c56b8436-9c97-45e8-84ec-8b4c5ba85af3 from datanode 092257cb-ba5a-4f8a-9b9c-d44861eaa450(localhost/127.0.0.1). Reason : Chunks directory /home/runner/work/ozone/ozone/hadoop-ozone/integration-test/target/test-dir/MiniOzoneClusterImpl-0a3c97a5-d59a-4532-afef-c4940c4c02aa/ozone-meta/datanode-7/data-0/hdds/0a3c97a5-d59a-4532-afef-c4940c4c02aa/current/containerDir0/5/chunks does not exist.
2025-07-05 15:48:45,895 [092257cb-ba5a-4f8a-9b9c-d44861eaa450@group-8B4C5BA85AF3-LeaderStateImpl] ERROR util.ExitUtils (ExitUtils.java:terminate(133)) - Terminating with exit status -1: Thread[#1458,092257cb-ba5a-4f8a-9b9c-d44861eaa450@group-8B4C5BA85AF3-LeaderStateImpl,5,092257cb-ba5a-4f8a-9b9c-d44861eaa450@group-8B4C5BA85AF3] has thrown an uncaught exception
java.lang.IllegalStateException: 092257cb-ba5a-4f8a-9b9c-d44861eaa450@group-8B4C5BA85AF3-SegmentedRaftLog is expected to be opened but it is CLOSED
	at org.apache.ratis.util.OpenCloseState.assertOpen(OpenCloseState.java:63)
	at org.apache.ratis.server.raftlog.RaftLogBase.checkLogState(RaftLogBase.java:112)
	at org.apache.ratis.server.raftlog.segmented.SegmentedRaftLog.getLastEntryTermIndex(SegmentedRaftLog.java:356)
	at org.apache.ratis.server.impl.ServerState.getLastEntry(ServerState.java:310)
	at org.apache.ratis.server.impl.LeaderStateImpl.checkPeersForYieldingLeader(LeaderStateImpl.java:1081)
	at org.apache.ratis.server.impl.LeaderStateImpl.access$800(LeaderStateImpl.java:101)
	at org.apache.ratis.server.impl.LeaderStateImpl$EventProcessor.run(LeaderStateImpl.java:769)
Caused by: org.apache.ratis.util.OpenCloseState$CloseTrace: Close 092257cb-ba5a-4f8a-9b9c-d44861eaa450@group-8B4C5BA85AF3-SegmentedRaftLog
	at org.apache.ratis.util.OpenCloseState.lambda$close$1(OpenCloseState.java:109)
	at java.base/java.util.concurrent.atomic.AtomicReference.getAndUpdate(AtomicReference.java:188)
	at org.apache.ratis.util.OpenCloseState.close(OpenCloseState.java:109)
	at org.apache.ratis.server.raftlog.RaftLogBase.close(RaftLogBase.java:393)
	at org.apache.ratis.server.raftlog.segmented.SegmentedRaftLog.close(SegmentedRaftLog.java:528)
	at org.apache.ratis.server.raftlog.RaftLogBase.lambda$appendImpl$3(RaftLogBase.java:206)
	at java.base/java.util.concurrent.CompletableFuture.uniWhenComplete(CompletableFuture.java:863)
	at java.base/java.util.concurrent.CompletableFuture$UniWhenComplete.tryFire(CompletableFuture.java:841)
	at java.base/java.util.concurrent.CompletableFuture.postComplete(CompletableFuture.java:510)
	at java.base/java.util.concurrent.CompletableFuture.completeExceptionally(CompletableFuture.java:2194)
	at org.apache.ratis.server.raftlog.segmented.SegmentedRaftLog$Task.failed(SegmentedRaftLog.java:109)
	at org.apache.ratis.server.raftlog.segmented.SegmentedRaftLogWorker$WriteLog.failed(SegmentedRaftLogWorker.java:530)
	at org.apache.ratis.server.raftlog.segmented.SegmentedRaftLogWorker.run(SegmentedRaftLogWorker.java:326)
	at java.base/java.util.concurrent.Executors$RunnableAdapter.call(Executors.java:572)
	at java.base/java.util.concurrent.FutureTask.run(FutureTask.java:317)
	at java.base/java.util.concurrent.ThreadPoolExecutor.runWorker(ThreadPoolExecutor.java:1144)
	at java.base/java.util.concurrent.ThreadPoolExecutor$Worker.run(ThreadPoolExecutor.java:642)
	at java.base/java.lang.Thread.run(Thread.java:1583)
2025-07-05 15:48:45,907 [EventQueue-PipelineActionsForPipelineActionHandler] INFO  pipeline.PipelineActionHandler (PipelineActionHandler.java:processPipelineAction(89)) - Received pipeline action CLOSE for Pipeline-c56b8436-9c97-45e8-84ec-8b4c5ba85af3 from datanode 092257cb-ba5a-4f8a-9b9c-d44861eaa450(localhost/127.0.0.1). Reason : Chunks directory /home/runner/work/ozone/ozone/hadoop-ozone/integration-test/target/test-dir/MiniOzoneClusterImpl-0a3c97a5-d59a-4532-afef-c4940c4c02aa/ozone-meta/datanode-7/data-0/hdds/0a3c97a5-d59a-4532-afef-c4940c4c02aa/current/containerDir0/5/chunks does not exist.
2025-07-05 15:48:46,108 [EventQueue-PipelineActionsForPipelineActionHandler] INFO  pipeline.PipelineActionHandler (PipelineActionHandler.java:processPipelineAction(89)) - Received pipeline action CLOSE for Pipeline-c56b8436-9c97-45e8-84ec-8b4c5ba85af3 from datanode 092257cb-ba5a-4f8a-9b9c-d44861eaa450(localhost/127.0.0.1). Reason : Chunks directory /home/runner/work/ozone/ozone/hadoop-ozone/integration-test/target/test-dir/MiniOzoneClusterImpl-0a3c97a5-d59a-4532-afef-c4940c4c02aa/ozone-meta/datanode-7/data-0/hdds/0a3c97a5-d59a-4532-afef-c4940c4c02aa/current/containerDir0/5/chunks does not exist.
2025-07-05 15:48:46,249 [BackgroundPipelineScrubber] INFO  pipeline.PipelineManagerImpl (PipelineManagerImpl.java:scrubPipelines(602)) - Scrubbing pipeline: id: Pipeline-c56b8436-9c97-45e8-84ec-8b4c5ba85af3 since it stays at CLOSED stage.
2025-07-05 15:48:46,250 [BackgroundPipelineScrubber] INFO  pipeline.RatisPipelineProvider (RatisPipelineProvider.java:lambda$close$4(273)) - Send pipeline:Pipeline-c56b8436-9c97-45e8-84ec-8b4c5ba85af3 close command to datanode 092257cb-ba5a-4f8a-9b9c-d44861eaa450
2025-07-05 15:48:46,251 [BackgroundPipelineScrubber] INFO  pipeline.PipelineManagerImpl (PipelineManagerImpl.java:removePipeline(464)) - Pipeline Pipeline{ Id: c56b8436-9c97-45e8-84ec-8b4c5ba85af3, Nodes: [ {092257cb-ba5a-4f8a-9b9c-d44861eaa450(localhost/127.0.0.1), ReplicaIndex: 0},], ReplicationConfig: RATIS/ONE, State:CLOSED, leaderId:092257cb-ba5a-4f8a-9b9c-d44861eaa450, CreationTimestamp2025-07-05T15:48:27.126Z[Etc/UTC]} removed.
2025-07-05 15:48:46,308 [EventQueue-PipelineReportForPipelineReportHandler] INFO  pipeline.PipelineReportHandler (PipelineReportHandler.java:handlePipelineNotFoundException(98)) - Pipeline Pipeline-c56b8436-9c97-45e8-84ec-8b4c5ba85af3, reported by datanode 092257cb-ba5a-4f8a-9b9c-d44861eaa450(localhost/127.0.0.1) is not found.
2025-07-05 15:48:46,308 [EventQueue-PipelineActionsForPipelineActionHandler] INFO  pipeline.PipelineActionHandler (PipelineActionHandler.java:processPipelineAction(89)) - Received pipeline action CLOSE for Pipeline-c56b8436-9c97-45e8-84ec-8b4c5ba85af3 from datanode 092257cb-ba5a-4f8a-9b9c-d44861eaa450(localhost/127.0.0.1). Reason : Chunks directory /home/runner/work/ozone/ozone/hadoop-ozone/integration-test/target/test-dir/MiniOzoneClusterImpl-0a3c97a5-d59a-4532-afef-c4940c4c02aa/ozone-meta/datanode-7/data-0/hdds/0a3c97a5-d59a-4532-afef-c4940c4c02aa/current/containerDir0/5/chunks does not exist.
2025-07-05 15:48:46,308 [EventQueue-PipelineActionsForPipelineActionHandler] WARN  pipeline.PipelineActionHandler (PipelineActionHandler.java:closeUnknownPipeline(117)) - Pipeline action received for unknown Pipeline Pipeline-c56b8436-9c97-45e8-84ec-8b4c5ba85af3, firing close pipeline event.
2025-07-05 15:48:46,508 [EventQueue-PipelineActionsForPipelineActionHandler] INFO  pipeline.PipelineActionHandler (PipelineActionHandler.java:processPipelineAction(89)) - Received pipeline action CLOSE for Pipeline-c56b8436-9c97-45e8-84ec-8b4c5ba85af3 from datanode 092257cb-ba5a-4f8a-9b9c-d44861eaa450(localhost/127.0.0.1). Reason : Chunks directory /home/runner/work/ozone/ozone/hadoop-ozone/integration-test/target/test-dir/MiniOzoneClusterImpl-0a3c97a5-d59a-4532-afef-c4940c4c02aa/ozone-meta/datanode-7/data-0/hdds/0a3c97a5-d59a-4532-afef-c4940c4c02aa/current/containerDir0/5/chunks does not exist.
2025-07-05 15:48:46,508 [EventQueue-PipelineReportForPipelineReportHandler] INFO  pipeline.PipelineReportHandler (PipelineReportHandler.java:handlePipelineNotFoundException(98)) - Pipeline Pipeline-c56b8436-9c97-45e8-84ec-8b4c5ba85af3, reported by datanode 092257cb-ba5a-4f8a-9b9c-d44861eaa450(localhost/127.0.0.1) is not found.
2025-07-05 15:48:46,508 [EventQueue-PipelineActionsForPipelineActionHandler] WARN  pipeline.PipelineActionHandler (PipelineActionHandler.java:closeUnknownPipeline(117)) - Pipeline action received for unknown Pipeline Pipeline-c56b8436-9c97-45e8-84ec-8b4c5ba85af3, firing close pipeline event.
2025-07-05 15:48:46,707 [EventQueue-PipelineActionsForPipelineActionHandler] INFO  pipeline.PipelineActionHandler (PipelineActionHandler.java:processPipelineAction(89)) - Received pipeline action CLOSE for Pipeline-c56b8436-9c97-45e8-84ec-8b4c5ba85af3 from datanode 092257cb-ba5a-4f8a-9b9c-d44861eaa450(localhost/127.0.0.1). Reason : Chunks directory /home/runner/work/ozone/ozone/hadoop-ozone/integration-test/target/test-dir/MiniOzoneClusterImpl-0a3c97a5-d59a-4532-afef-c4940c4c02aa/ozone-meta/datanode-7/data-0/hdds/0a3c97a5-d59a-4532-afef-c4940c4c02aa/current/containerDir0/5/chunks does not exist.
2025-07-05 15:48:46,707 [EventQueue-PipelineActionsForPipelineActionHandler] WARN  pipeline.PipelineActionHandler (PipelineActionHandler.java:closeUnknownPipeline(117)) - Pipeline action received for unknown Pipeline Pipeline-c56b8436-9c97-45e8-84ec-8b4c5ba85af3, firing close pipeline event.
2025-07-05 15:48:46,907 [EventQueue-PipelineActionsForPipelineActionHandler] INFO  pipeline.PipelineActionHandler (PipelineActionHandler.java:processPipelineAction(89)) - Received pipeline action CLOSE for Pipeline-c56b8436-9c97-45e8-84ec-8b4c5ba85af3 from datanode 092257cb-ba5a-4f8a-9b9c-d44861eaa450(localhost/127.0.0.1). Reason : Chunks directory /home/runner/work/ozone/ozone/hadoop-ozone/integration-test/target/test-dir/MiniOzoneClusterImpl-0a3c97a5-d59a-4532-afef-c4940c4c02aa/ozone-meta/datanode-7/data-0/hdds/0a3c97a5-d59a-4532-afef-c4940c4c02aa/current/containerDir0/5/chunks does not exist.
2025-07-05 15:48:46,908 [EventQueue-PipelineActionsForPipelineActionHandler] WARN  pipeline.PipelineActionHandler (PipelineActionHandler.java:closeUnknownPipeline(117)) - Pipeline action received for unknown Pipeline Pipeline-c56b8436-9c97-45e8-84ec-8b4c5ba85af3, firing close pipeline event.
2025-07-05 15:48:46,908 [EventQueue-PipelineReportForPipelineReportHandler] INFO  pipeline.PipelineReportHandler (PipelineReportHandler.java:handlePipelineNotFoundException(98)) - Pipeline Pipeline-c56b8436-9c97-45e8-84ec-8b4c5ba85af3, reported by datanode 092257cb-ba5a-4f8a-9b9c-d44861eaa450(localhost/127.0.0.1) is not found.
2025-07-05 15:48:47,107 [092257cb-ba5a-4f8a-9b9c-d44861eaa450-PipelineCommandHandlerThread-0] INFO  server.RaftServer (RaftServerProxy.java:remove(116)) - 092257cb-ba5a-4f8a-9b9c-d44861eaa450: remove    LEADER (RUNNING): 092257cb-ba5a-4f8a-9b9c-d44861eaa450@group-8B4C5BA85AF3:t1, leader=092257cb-ba5a-4f8a-9b9c-d44861eaa450, voted=092257cb-ba5a-4f8a-9b9c-d44861eaa450, raftlog=Memoized:092257cb-ba5a-4f8a-9b9c-d44861eaa450@group-8B4C5BA85AF3-SegmentedRaftLog:CLOSED:c3, conf=conf: {index: 0, cur=peers:[092257cb-ba5a-4f8a-9b9c-d44861eaa450|127.0.0.1:15063]|listeners:[], old=null}
2025-07-05 15:48:47,107 [092257cb-ba5a-4f8a-9b9c-d44861eaa450-PipelineCommandHandlerThread-0] INFO  server.RaftServer$Division (RaftServerImpl.java:lambda$close$1(527)) - 092257cb-ba5a-4f8a-9b9c-d44861eaa450@group-8B4C5BA85AF3: shutdown
2025-07-05 15:48:47,107 [092257cb-ba5a-4f8a-9b9c-d44861eaa450-PipelineCommandHandlerThread-0] INFO  util.JmxRegister (JmxRegister.java:unregister(74)) - Successfully un-registered JMX Bean with object name Ratis:service=RaftServer,group=group-8B4C5BA85AF3,id=092257cb-ba5a-4f8a-9b9c-d44861eaa450
2025-07-05 15:48:47,107 [092257cb-ba5a-4f8a-9b9c-d44861eaa450-PipelineCommandHandlerThread-0] INFO  impl.RoleInfo (RoleInfo.java:shutdownLeaderState(103)) - 092257cb-ba5a-4f8a-9b9c-d44861eaa450: shutdown 092257cb-ba5a-4f8a-9b9c-d44861eaa450@group-8B4C5BA85AF3-LeaderStateImpl
2025-07-05 15:48:47,108 [092257cb-ba5a-4f8a-9b9c-d44861eaa450-PipelineCommandHandlerThread-0] INFO  impl.PendingRequests (PendingRequests.java:sendNotLeaderResponses(287)) - 092257cb-ba5a-4f8a-9b9c-d44861eaa450@group-8B4C5BA85AF3-PendingRequests: sendNotLeaderResponses
2025-07-05 15:48:47,108 [EventQueue-PipelineReportForPipelineReportHandler] INFO  pipeline.PipelineReportHandler (PipelineReportHandler.java:handlePipelineNotFoundException(98)) - Pipeline Pipeline-c56b8436-9c97-45e8-84ec-8b4c5ba85af3, reported by datanode 092257cb-ba5a-4f8a-9b9c-d44861eaa450(localhost/127.0.0.1) is not found.
2025-07-05 15:48:47,110 [092257cb-ba5a-4f8a-9b9c-d44861eaa450-PipelineCommandHandlerThread-0] INFO  impl.StateMachineUpdater (StateMachineUpdater.java:stopAndJoin(163)) - 092257cb-ba5a-4f8a-9b9c-d44861eaa450@group-8B4C5BA85AF3-StateMachineUpdater: set stopIndex = 3
2025-07-05 15:48:47,110 [092257cb-ba5a-4f8a-9b9c-d44861eaa450@group-8B4C5BA85AF3-StateMachineUpdater] ERROR ratis.ContainerStateMachine (ContainerStateMachine.java:takeSnapshot(421)) - Failed to take snapshot  for group-8B4C5BA85AF3 as the stateMachine is unhealthy. The last applied index is at (t:1, i:3)
2025-07-05 15:48:47,110 [092257cb-ba5a-4f8a-9b9c-d44861eaa450@group-8B4C5BA85AF3-StateMachineUpdater] ERROR impl.StateMachineUpdater (StateMachineUpdater.java:takeSnapshot(302)) - 092257cb-ba5a-4f8a-9b9c-d44861eaa450@group-8B4C5BA85AF3-StateMachineUpdater: Failed to take snapshot
org.apache.ratis.protocol.exceptions.StateMachineException: Failed to take snapshot  for group-8B4C5BA85AF3 as the stateMachine is unhealthy. The last applied index is at (t:1, i:3)
	at org.apache.hadoop.ozone.container.common.transport.server.ratis.ContainerStateMachine.takeSnapshot(ContainerStateMachine.java:420)
	at org.apache.ratis.server.impl.StateMachineUpdater.takeSnapshot(StateMachineUpdater.java:290)
	at org.apache.ratis.server.impl.StateMachineUpdater.checkAndTakeSnapshot(StateMachineUpdater.java:281)
	at org.apache.ratis.server.impl.StateMachineUpdater.run(StateMachineUpdater.java:194)
	at java.base/java.lang.Thread.run(Thread.java:1583)
2025-07-05 15:48:47,110 [092257cb-ba5a-4f8a-9b9c-d44861eaa450@group-8B4C5BA85AF3-StateMachineUpdater] INFO  impl.StateMachineUpdater (StateMachineUpdater.java:stop(140)) - 092257cb-ba5a-4f8a-9b9c-d44861eaa450@group-8B4C5BA85AF3-StateMachineUpdater: closing ContainerStateMachine, lastApplied=(t:1, i:3)
2025-07-05 15:48:47,111 [092257cb-ba5a-4f8a-9b9c-d44861eaa450-PipelineCommandHandlerThread-0] INFO  segmented.SegmentedRaftLogWorker (SegmentedRaftLogWorker.java:close(254)) - 092257cb-ba5a-4f8a-9b9c-d44861eaa450@group-8B4C5BA85AF3-SegmentedRaftLogWorker close()
2025-07-05 15:48:47,112 [092257cb-ba5a-4f8a-9b9c-d44861eaa450-PipelineCommandHandlerThread-0] INFO  server.RaftServer$Division (RaftServerImpl.java:groupRemove(497)) - 092257cb-ba5a-4f8a-9b9c-d44861eaa450@group-8B4C5BA85AF3: Succeed to remove RaftStorageDirectory Storage Directory /home/runner/work/ozone/ozone/hadoop-ozone/integration-test/target/test-dir/MiniOzoneClusterImpl-0a3c97a5-d59a-4532-afef-c4940c4c02aa/ozone-meta/datanode-7/ratis/c56b8436-9c97-45e8-84ec-8b4c5ba85af3
2025-07-05 15:48:47,112 [092257cb-ba5a-4f8a-9b9c-d44861eaa450-PipelineCommandHandlerThread-0] INFO  commandhandler.ClosePipelineCommandHandler (ClosePipelineCommandHandler.java:lambda$handle$2(142)) - Close Pipeline Pipeline-c56b8436-9c97-45e8-84ec-8b4c5ba85af3 command on datanode 092257cb-ba5a-4f8a-9b9c-d44861eaa450(localhost/127.0.0.1).
2025-07-05 15:48:53,202 [timer1] ERROR impl.OrderedAsync (OrderedAsync.java:lambda$null$6(215)) -  client-B3E087980B01: Failed* RaftClientRequest:client-B3E087980B01->092257cb-ba5a-4f8a-9b9c-d44861eaa450@group-8B4C5BA85AF3, cid=152, seq=4*, RW, cmdType: WriteChunk
traceID: ""
containerID: 5
datanodeUuid: "092257cb-ba5a-4f8a-9b9c-d44861eaa450"
writeChunk {
  blockID {
    containerID: 5
    localID: 115816896921600005
    blockCommitSequenceId: 2
    replicaIndex: 0
  }
  chunkData {
    chunkName: "115816896921600005_chunk_2"
    offset: 5
    len: 5
    checksumData {
      type: CRC32
      bytesPerChecksum: 16384
      checksums: "\350a\3440"
    }
  }
}
version: 3
, data.size=5
java.util.concurrent.CompletionException: org.apache.ratis.protocol.exceptions.AlreadyClosedException: client-B3E087980B01->092257cb-ba5a-4f8a-9b9c-d44861eaa450 is closed.
	at java.base/java.util.concurrent.CompletableFuture.encodeThrowable(CompletableFuture.java:332)
	at java.base/java.util.concurrent.CompletableFuture.uniAcceptNow(CompletableFuture.java:747)
	at java.base/java.util.concurrent.CompletableFuture.uniAcceptStage(CompletableFuture.java:735)
	at java.base/java.util.concurrent.CompletableFuture.thenAccept(CompletableFuture.java:2214)
	at org.apache.ratis.client.impl.OrderedAsync.sendRequestWithRetry(OrderedAsync.java:206)
	at org.apache.ratis.util.SlidingWindow$Client.sendOrDelayRequest(SlidingWindow.java:315)
	at org.apache.ratis.util.SlidingWindow$Client.retry(SlidingWindow.java:331)
	at org.apache.ratis.client.impl.OrderedAsync.lambda$handleException$8(OrderedAsync.java:253)
	at org.apache.ratis.util.TimeoutTimer.lambda$onTimeout$2(TimeoutTimer.java:101)
	at org.apache.ratis.util.LogUtils.runAndLog(LogUtils.java:38)
	at org.apache.ratis.util.LogUtils$1.run(LogUtils.java:78)
	at org.apache.ratis.util.TimeoutTimer$Task.run(TimeoutTimer.java:55)
	at java.base/java.util.TimerThread.mainLoop(Timer.java:566)
	at java.base/java.util.TimerThread.run(Timer.java:516)
Caused by: org.apache.ratis.protocol.exceptions.AlreadyClosedException: client-B3E087980B01->092257cb-ba5a-4f8a-9b9c-d44861eaa450 is closed.
	at org.apache.ratis.grpc.client.GrpcClientProtocolClient$AsyncStreamObservers.onNext(GrpcClientProtocolClient.java:352)
	at org.apache.ratis.grpc.client.GrpcClientRpc.sendRequestAsync(GrpcClientRpc.java:71)
	... 10 more
2025-07-05 15:48:57,238 [grpc-default-executor-3] ERROR impl.OrderedAsync (OrderedAsync.java:lambda$null$6(215)) -  client-B3E087980B01: Failed* RaftClientRequest:client-B3E087980B01->092257cb-ba5a-4f8a-9b9c-d44861eaa450@group-8B4C5BA85AF3, cid=152, seq=4*, RW, cmdType: WriteChunk
traceID: ""
containerID: 5
datanodeUuid: "092257cb-ba5a-4f8a-9b9c-d44861eaa450"
writeChunk {
  blockID {
    containerID: 5
    localID: 115816896921600005
    blockCommitSequenceId: 2
    replicaIndex: 0
  }
  chunkData {
    chunkName: "115816896921600005_chunk_2"
    offset: 5
    len: 5
    checksumData {
      type: CRC32
      bytesPerChecksum: 16384
      checksums: "\350a\3440"
    }
  }
}
version: 3
, data.size=5
java.util.concurrent.CompletionException: org.apache.ratis.protocol.exceptions.GroupMismatchException: 092257cb-ba5a-4f8a-9b9c-d44861eaa450: group-8B4C5BA85AF3 not found.
	at java.base/java.util.concurrent.CompletableFuture.encodeThrowable(CompletableFuture.java:332)
	at java.base/java.util.concurrent.CompletableFuture.completeThrowable(CompletableFuture.java:347)
	at java.base/java.util.concurrent.CompletableFuture$UniAccept.tryFire(CompletableFuture.java:708)
	at java.base/java.util.concurrent.CompletableFuture.postComplete(CompletableFuture.java:510)
	at java.base/java.util.concurrent.CompletableFuture.completeExceptionally(CompletableFuture.java:2194)
	at org.apache.ratis.grpc.client.GrpcClientProtocolClient$AsyncStreamObservers.completeReplyExceptionally(GrpcClientProtocolClient.java:397)
	at org.apache.ratis.grpc.client.GrpcClientProtocolClient$AsyncStreamObservers.access$000(GrpcClientProtocolClient.java:303)
	at org.apache.ratis.grpc.client.GrpcClientProtocolClient$AsyncStreamObservers$1.onError(GrpcClientProtocolClient.java:334)
	at org.apache.ratis.thirdparty.io.grpc.stub.ClientCalls$StreamObserverToCallListenerAdapter.onClose(ClientCalls.java:564)
	at org.apache.ratis.thirdparty.io.grpc.PartialForwardingClientCallListener.onClose(PartialForwardingClientCallListener.java:39)
	at org.apache.ratis.thirdparty.io.grpc.ForwardingClientCallListener.onClose(ForwardingClientCallListener.java:23)
	at org.apache.ratis.grpc.metrics.intercept.client.MetricClientCallListener.onClose(MetricClientCallListener.java:47)
	at org.apache.ratis.thirdparty.io.grpc.internal.DelayedClientCall$DelayedListener$3.run(DelayedClientCall.java:489)
	at org.apache.ratis.thirdparty.io.grpc.internal.DelayedClientCall$DelayedListener.delayOrExecute(DelayedClientCall.java:453)
	at org.apache.ratis.thirdparty.io.grpc.internal.DelayedClientCall$DelayedListener.onClose(DelayedClientCall.java:486)
	at org.apache.ratis.thirdparty.io.grpc.internal.ClientCallImpl.closeObserver(ClientCallImpl.java:565)
	at org.apache.ratis.thirdparty.io.grpc.internal.ClientCallImpl.access$100(ClientCallImpl.java:72)
	at org.apache.ratis.thirdparty.io.grpc.internal.ClientCallImpl$ClientStreamListenerImpl$1StreamClosed.runInternal(ClientCallImpl.java:733)
	at org.apache.ratis.thirdparty.io.grpc.internal.ClientCallImpl$ClientStreamListenerImpl$1StreamClosed.runInContext(ClientCallImpl.java:714)
	at org.apache.ratis.thirdparty.io.grpc.internal.ContextRunnable.run(ContextRunnable.java:37)
	at org.apache.ratis.thirdparty.io.grpc.internal.SerializingExecutor.run(SerializingExecutor.java:133)
	at java.base/java.util.concurrent.ThreadPoolExecutor.runWorker(ThreadPoolExecutor.java:1144)
	at java.base/java.util.concurrent.ThreadPoolExecutor$Worker.run(ThreadPoolExecutor.java:642)
	at java.base/java.lang.Thread.run(Thread.java:1583)
Caused by: org.apache.ratis.protocol.exceptions.GroupMismatchException: 092257cb-ba5a-4f8a-9b9c-d44861eaa450: group-8B4C5BA85AF3 not found.
	at org.apache.ratis.server.impl.RaftServerProxy$ImplMap.get(RaftServerProxy.java:160)
	at org.apache.ratis.server.impl.RaftServerProxy.getImplFuture(RaftServerProxy.java:370)
	at org.apache.ratis.server.impl.RaftServerProxy.submitClientRequestAsync(RaftServerProxy.java:455)
	at org.apache.ratis.grpc.server.GrpcClientProtocolService$RequestStreamObserver.processClientRequest(GrpcClientProtocolService.java:226)
	at org.apache.ratis.grpc.server.GrpcClientProtocolService$OrderedRequestStreamObserver.processClientRequest(GrpcClientProtocolService.java:332)
	at org.apache.ratis.util.SlidingWindow$Server.processRequestsFromHead(SlidingWindow.java:467)
	at org.apache.ratis.util.SlidingWindow$Server.receivedRequest(SlidingWindow.java:459)
	at org.apache.ratis.grpc.server.GrpcClientProtocolService$OrderedRequestStreamObserver.processClientRequest(GrpcClientProtocolService.java:356)
	at org.apache.ratis.grpc.server.GrpcClientProtocolService$RequestStreamObserver.onNext(GrpcClientProtocolService.java:246)
	at org.apache.ratis.grpc.server.GrpcClientProtocolService$RequestStreamObserver.onNext(GrpcClientProtocolService.java:169)
	at org.apache.ratis.thirdparty.io.grpc.stub.ServerCalls$StreamingServerCallHandler$StreamingServerCallListener.onMessage(ServerCalls.java:262)
	at org.apache.ratis.thirdparty.io.grpc.internal.ServerCallImpl$ServerStreamListenerImpl.messagesAvailableInternal(ServerCallImpl.java:334)
	at org.apache.ratis.thirdparty.io.grpc.internal.ServerCallImpl$ServerStreamListenerImpl.messagesAvailable(ServerCallImpl.java:319)
	at org.apache.ratis.thirdparty.io.grpc.internal.ServerImpl$JumpToApplicationThreadServerStreamListener$1MessagesAvailable.runInContext(ServerImpl.java:834)
	... 5 more
2025-07-05 15:48:57,238 [grpc-default-executor-3] ERROR impl.OrderedAsync (OrderedAsync.java:lambda$send$4(181)) - Failed to send request, message=cmdType: WriteChunk
traceID: ""
containerID: 5
datanodeUuid: "092257cb-ba5a-4f8a-9b9c-d44861eaa450"
writeChunk {
  blockID {
    containerID: 5
    localID: 115816896921600005
    blockCommitSequenceId: 2
    replicaIndex: 0
  }
  chunkData {
    chunkName: "115816896921600005_chunk_2"
    offset: 5
    len: 5
    checksumData {
      type: CRC32
      bytesPerChecksum: 16384
      checksums: "\350a\3440"
    }
  }
}
version: 3
, data.size=5
java.util.concurrent.CompletionException: org.apache.ratis.protocol.exceptions.GroupMismatchException: 092257cb-ba5a-4f8a-9b9c-d44861eaa450: group-8B4C5BA85AF3 not found.
	at java.base/java.util.concurrent.CompletableFuture.encodeThrowable(CompletableFuture.java:332)
	at java.base/java.util.concurrent.CompletableFuture.completeThrowable(CompletableFuture.java:347)
	at java.base/java.util.concurrent.CompletableFuture$UniApply.tryFire(CompletableFuture.java:636)
	at java.base/java.util.concurrent.CompletableFuture.postComplete(CompletableFuture.java:510)
	at java.base/java.util.concurrent.CompletableFuture.completeExceptionally(CompletableFuture.java:2194)
	at org.apache.ratis.client.impl.OrderedAsync$PendingOrderedRequest.fail(OrderedAsync.java:111)
	at org.apache.ratis.util.SlidingWindow$Client.fail(SlidingWindow.java:395)
	at org.apache.ratis.client.impl.OrderedAsync.failAllAsyncRequests(OrderedAsync.java:155)
	at org.apache.ratis.client.impl.OrderedAsync.handleException(OrderedAsync.java:232)
	at org.apache.ratis.client.impl.OrderedAsync.lambda$sendRequestWithRetry$7(OrderedAsync.java:217)
	at java.base/java.util.concurrent.CompletableFuture.uniExceptionally(CompletableFuture.java:990)
	at java.base/java.util.concurrent.CompletableFuture$UniExceptionally.tryFire(CompletableFuture.java:974)
	at java.base/java.util.concurrent.CompletableFuture.postComplete(CompletableFuture.java:510)
	at java.base/java.util.concurrent.CompletableFuture.completeExceptionally(CompletableFuture.java:2194)
	at org.apache.ratis.grpc.client.GrpcClientProtocolClient$AsyncStreamObservers.completeReplyExceptionally(GrpcClientProtocolClient.java:397)
	at org.apache.ratis.grpc.client.GrpcClientProtocolClient$AsyncStreamObservers.access$000(GrpcClientProtocolClient.java:303)
	at org.apache.ratis.grpc.client.GrpcClientProtocolClient$AsyncStreamObservers$1.onError(GrpcClientProtocolClient.java:334)
	at org.apache.ratis.thirdparty.io.grpc.stub.ClientCalls$StreamObserverToCallListenerAdapter.onClose(ClientCalls.java:564)
	at org.apache.ratis.thirdparty.io.grpc.PartialForwardingClientCallListener.onClose(PartialForwardingClientCallListener.java:39)
	at org.apache.ratis.thirdparty.io.grpc.ForwardingClientCallListener.onClose(ForwardingClientCallListener.java:23)
	at org.apache.ratis.grpc.metrics.intercept.client.MetricClientCallListener.onClose(MetricClientCallListener.java:47)
	at org.apache.ratis.thirdparty.io.grpc.internal.DelayedClientCall$DelayedListener$3.run(DelayedClientCall.java:489)
	at org.apache.ratis.thirdparty.io.grpc.internal.DelayedClientCall$DelayedListener.delayOrExecute(DelayedClientCall.java:453)
	at org.apache.ratis.thirdparty.io.grpc.internal.DelayedClientCall$DelayedListener.onClose(DelayedClientCall.java:486)
	at org.apache.ratis.thirdparty.io.grpc.internal.ClientCallImpl.closeObserver(ClientCallImpl.java:565)
	at org.apache.ratis.thirdparty.io.grpc.internal.ClientCallImpl.access$100(ClientCallImpl.java:72)
	at org.apache.ratis.thirdparty.io.grpc.internal.ClientCallImpl$ClientStreamListenerImpl$1StreamClosed.runInternal(ClientCallImpl.java:733)
	at org.apache.ratis.thirdparty.io.grpc.internal.ClientCallImpl$ClientStreamListenerImpl$1StreamClosed.runInContext(ClientCallImpl.java:714)
	at org.apache.ratis.thirdparty.io.grpc.internal.ContextRunnable.run(ContextRunnable.java:37)
	at org.apache.ratis.thirdparty.io.grpc.internal.SerializingExecutor.run(SerializingExecutor.java:133)
	at java.base/java.util.concurrent.ThreadPoolExecutor.runWorker(ThreadPoolExecutor.java:1144)
	at java.base/java.util.concurrent.ThreadPoolExecutor$Worker.run(ThreadPoolExecutor.java:642)
	at java.base/java.lang.Thread.run(Thread.java:1583)
Caused by: org.apache.ratis.protocol.exceptions.GroupMismatchException: 092257cb-ba5a-4f8a-9b9c-d44861eaa450: group-8B4C5BA85AF3 not found.
	at org.apache.ratis.server.impl.RaftServerProxy$ImplMap.get(RaftServerProxy.java:160)
	at org.apache.ratis.server.impl.RaftServerProxy.getImplFuture(RaftServerProxy.java:370)
	at org.apache.ratis.server.impl.RaftServerProxy.submitClientRequestAsync(RaftServerProxy.java:455)
	at org.apache.ratis.grpc.server.GrpcClientProtocolService$RequestStreamObserver.processClientRequest(GrpcClientProtocolService.java:226)
	at org.apache.ratis.grpc.server.GrpcClientProtocolService$OrderedRequestStreamObserver.processClientRequest(GrpcClientProtocolService.java:332)
	at org.apache.ratis.util.SlidingWindow$Server.processRequestsFromHead(SlidingWindow.java:467)
	at org.apache.ratis.util.SlidingWindow$Server.receivedRequest(SlidingWindow.java:459)
	at org.apache.ratis.grpc.server.GrpcClientProtocolService$OrderedRequestStreamObserver.processClientRequest(GrpcClientProtocolService.java:356)
	at org.apache.ratis.grpc.server.GrpcClientProtocolService$RequestStreamObserver.onNext(GrpcClientProtocolService.java:246)
	at org.apache.ratis.grpc.server.GrpcClientProtocolService$RequestStreamObserver.onNext(GrpcClientProtocolService.java:169)
	at org.apache.ratis.thirdparty.io.grpc.stub.ServerCalls$StreamingServerCallHandler$StreamingServerCallListener.onMessage(ServerCalls.java:262)
	at org.apache.ratis.thirdparty.io.grpc.internal.ServerCallImpl$ServerStreamListenerImpl.messagesAvailableInternal(ServerCallImpl.java:334)
	at org.apache.ratis.thirdparty.io.grpc.internal.ServerCallImpl$ServerStreamListenerImpl.messagesAvailable(ServerCallImpl.java:319)
	at org.apache.ratis.thirdparty.io.grpc.internal.ServerImpl$JumpToApplicationThreadServerStreamListener$1MessagesAvailable.runInContext(ServerImpl.java:834)
	... 5 more
2025-07-05 15:48:57,239 [grpc-default-executor-3] ERROR impl.OrderedAsync (OrderedAsync.java:lambda$send$4(179)) - Failed to send request, message=cmdType: PutBlock
traceID: ""
containerID: 5
datanodeUuid: "092257cb-ba5a-4f8a-9b9c-d44861eaa450"
putBlock {
  blockData {
    blockID {
      containerID: 5
      localID: 115816896921600005
      blockCommitSequenceId: 0
    }
    metadata {
      key: "TYPE"
      value: "KEY"
    }
    chunks {
      chunkName: "115816896921600005_chunk_1"
      offset: 0
      len: 5
      checksumData {
        type: CRC32
        bytesPerChecksum: 16384
        checksums: "\350a\3440"
      }
    }
    chunks {
      chunkName: "115816896921600005_chunk_2"
      offset: 5
      len: 5
      checksumData {
        type: CRC32
        bytesPerChecksum: 16384
        checksums: "\350a\3440"
      }
    }
  }
  eof: true
}
version: 3
, data.size=0 due to java.util.concurrent.CompletionException: org.apache.ratis.protocol.exceptions.AlreadyClosedException: SlidingWindow$Client:client-B3E087980B01->RAFT is closed.
2025-07-05 15:48:57,239 [main] WARN  io.KeyOutputStream (KeyOutputStream.java:handleExceptionInternal(377)) - Encountered exception java.io.IOException: Unexpected Storage Container Exception: java.util.concurrent.CompletionException: Failed to write chunk 115816896921600005_chunk_2 into block conID: 5 locID: 115816896921600005 bcsId: 2 replicaIndex: null on the pipeline Pipeline{ Id: c56b8436-9c97-45e8-84ec-8b4c5ba85af3, Nodes: [ {092257cb-ba5a-4f8a-9b9c-d44861eaa450(localhost/127.0.0.1), ReplicaIndex: 0},], ReplicationConfig: RATIS/ONE, State:OPEN, leaderId:092257cb-ba5a-4f8a-9b9c-d44861eaa450, CreationTimestamp2025-07-05T15:48:27.126Z[Etc/UTC]}. The last committed block length is 5, uncommitted data length is 5 retry count 0
2025-07-05 15:48:57,260 [d3a92f5c-9e4a-48c5-9a32-2f34a6e85eb8-ChunkWriter-2-0] WARN  statemachine.DatanodeConfiguration (DatanodeConfiguration.java:validateMinFreeSpace(751)) - hdds.datanode.volume.min.free.space.percent = -1.0 is invalid, should be between 0 and 1
2025-07-05 15:48:57,261 [d3a92f5c-9e4a-48c5-9a32-2f34a6e85eb8-ChunkWriter-2-0] WARN  statemachine.DatanodeConfiguration (DatanodeConfiguration.java:validateMinFreeSpace(751)) - hdds.datanode.volume.min.free.space.percent = -1.0 is invalid, should be between 0 and 1
2025-07-05 15:48:57,270 [main] INFO  io.BlockOutputStreamEntry (BlockOutputStreamEntry.java:writeOnRetry(192)) - BlockOutputStreamEntry:ratis conID: 6 locID: 115816896921600006 bcsId: 0 replicaIndex: null: Finish retrying with len 5, currentPosition 5
2025-07-05 15:48:57,271 [main] INFO  io.BlockOutputStreamEntry (BlockOutputStreamEntry.java:finishRetryHandling(141)) - BlockOutputStreamEntry:ratis conID: 6 locID: 115816896921600006 bcsId: 0 replicaIndex: null: Exiting retry handling mode
2025-07-05 15:48:57,274 [d3a92f5c-9e4a-48c5-9a32-2f34a6e85eb8@group-DC1CD66F29B9-StateMachineUpdater] INFO  ratis.ContainerStateMachine (ContainerStateMachine.java:takeSnapshot(427)) - group-DC1CD66F29B9: Taking a snapshot at:(t:1, i:4) file /home/runner/work/ozone/ozone/hadoop-ozone/integration-test/target/test-dir/MiniOzoneClusterImpl-0a3c97a5-d59a-4532-afef-c4940c4c02aa/ozone-meta/datanode-6/ratis/de64ca08-d312-44aa-bf28-dc1cd66f29b9/sm/snapshot.1_4
2025-07-05 15:48:57,275 [d3a92f5c-9e4a-48c5-9a32-2f34a6e85eb8@group-DC1CD66F29B9-StateMachineUpdater] INFO  ratis.ContainerStateMachine (ContainerStateMachine.java:takeSnapshot(436)) - group-DC1CD66F29B9: Finished taking a snapshot at:(t:1, i:4) file:/home/runner/work/ozone/ozone/hadoop-ozone/integration-test/target/test-dir/MiniOzoneClusterImpl-0a3c97a5-d59a-4532-afef-c4940c4c02aa/ozone-meta/datanode-6/ratis/de64ca08-d312-44aa-bf28-dc1cd66f29b9/sm/snapshot.1_4 took: 1 ms
2025-07-05 15:48:57,275 [d3a92f5c-9e4a-48c5-9a32-2f34a6e85eb8@group-DC1CD66F29B9-StateMachineUpdater] INFO  impl.StateMachineUpdater (StateMachineUpdater.java:takeSnapshot(307)) - d3a92f5c-9e4a-48c5-9a32-2f34a6e85eb8@group-DC1CD66F29B9-StateMachineUpdater: Took a snapshot at index 4
2025-07-05 15:48:57,275 [d3a92f5c-9e4a-48c5-9a32-2f34a6e85eb8@group-DC1CD66F29B9-StateMachineUpdater] INFO  impl.StateMachineUpdater (StateMachineUpdater.java:lambda$new$0(101)) - d3a92f5c-9e4a-48c5-9a32-2f34a6e85eb8@group-DC1CD66F29B9-StateMachineUpdater: snapshotIndex: updateIncreasingly 0 -> 4
2025-07-05 15:48:57,275 [d3a92f5c-9e4a-48c5-9a32-2f34a6e85eb8@group-DC1CD66F29B9-StateMachineUpdater] INFO  ratis.ContainerStateMachine (ContainerStateMachine.java:takeSnapshot(427)) - group-DC1CD66F29B9: Taking a snapshot at:(t:1, i:5) file /home/runner/work/ozone/ozone/hadoop-ozone/integration-test/target/test-dir/MiniOzoneClusterImpl-0a3c97a5-d59a-4532-afef-c4940c4c02aa/ozone-meta/datanode-6/ratis/de64ca08-d312-44aa-bf28-dc1cd66f29b9/sm/snapshot.1_5
2025-07-05 15:48:57,276 [d3a92f5c-9e4a-48c5-9a32-2f34a6e85eb8@group-DC1CD66F29B9-StateMachineUpdater] INFO  ratis.ContainerStateMachine (ContainerStateMachine.java:takeSnapshot(436)) - group-DC1CD66F29B9: Finished taking a snapshot at:(t:1, i:5) file:/home/runner/work/ozone/ozone/hadoop-ozone/integration-test/target/test-dir/MiniOzoneClusterImpl-0a3c97a5-d59a-4532-afef-c4940c4c02aa/ozone-meta/datanode-6/ratis/de64ca08-d312-44aa-bf28-dc1cd66f29b9/sm/snapshot.1_5 took: 2 ms
2025-07-05 15:48:57,277 [d3a92f5c-9e4a-48c5-9a32-2f34a6e85eb8@group-DC1CD66F29B9-StateMachineUpdater] INFO  impl.StateMachineUpdater (StateMachineUpdater.java:takeSnapshot(307)) - d3a92f5c-9e4a-48c5-9a32-2f34a6e85eb8@group-DC1CD66F29B9-StateMachineUpdater: Took a snapshot at index 5
2025-07-05 15:48:57,277 [d3a92f5c-9e4a-48c5-9a32-2f34a6e85eb8@group-DC1CD66F29B9-StateMachineUpdater] INFO  impl.StateMachineUpdater (StateMachineUpdater.java:lambda$new$0(101)) - d3a92f5c-9e4a-48c5-9a32-2f34a6e85eb8@group-DC1CD66F29B9-StateMachineUpdater: snapshotIndex: updateIncreasingly 4 -> 5
2025-07-05 15:48:57,281 [main] INFO  ozoneimpl.OzoneContainer (OzoneContainer.java:stop(544)) - Attempting to stop container services.
2025-07-05 15:48:57,281 [ContainerMetadataScanner] WARN  ozoneimpl.AbstractBackgroundContainerScanner (AbstractBackgroundContainerScanner.java:handleRemainingSleep(136)) - Background container scan was interrupted.
2025-07-05 15:48:57,281 [ContainerMetadataScanner] INFO  ozoneimpl.AbstractBackgroundContainerScanner (AbstractBackgroundContainerScanner.java:run(63)) - org.apache.hadoop.ozone.container.ozoneimpl.BackgroundContainerMetadataScanner@9e3a35f exiting.
2025-07-05 15:48:57,281 [main] INFO  ozoneimpl.BackgroundContainerDataScanner (BackgroundContainerDataScanner.java:shutdown(87)) - ContainerDataScanner(/home/runner/work/ozone/ozone/hadoop-ozone/integration-test/target/test-dir/MiniOzoneClusterImpl-0a3c97a5-d59a-4532-afef-c4940c4c02aa/ozone-meta/datanode-7/data-0/hdds) is shutting down. 
2025-07-05 15:48:57,282 [ContainerDataScanner(/home/runner/work/ozone/ozone/hadoop-ozone/integration-test/target/test-dir/MiniOzoneClusterImpl-0a3c97a5-d59a-4532-afef-c4940c4c02aa/ozone-meta/datanode-7/data-0/hdds)] WARN  ozoneimpl.AbstractBackgroundContainerScanner (AbstractBackgroundContainerScanner.java:handleRemainingSleep(136)) - Background container scan was interrupted.
2025-07-05 15:48:57,282 [ContainerDataScanner(/home/runner/work/ozone/ozone/hadoop-ozone/integration-test/target/test-dir/MiniOzoneClusterImpl-0a3c97a5-d59a-4532-afef-c4940c4c02aa/ozone-meta/datanode-7/data-0/hdds)] INFO  ozoneimpl.AbstractBackgroundContainerScanner (AbstractBackgroundContainerScanner.java:run(63)) - ContainerDataScanner(/home/runner/work/ozone/ozone/hadoop-ozone/integration-test/target/test-dir/MiniOzoneClusterImpl-0a3c97a5-d59a-4532-afef-c4940c4c02aa/ozone-meta/datanode-7/data-0/hdds, DS-c64290b0-f449-4a9a-a988-646934f4ee8b) exiting.
2025-07-05 15:48:57,282 [main] INFO  ozoneimpl.OnDemandContainerDataScanner (OnDemandContainerDataScanner.java:shutdown(124)) - On-demand container scanner is shutting down.
2025-07-05 15:48:57,287 [main] INFO  ratis.XceiverServerRatis (XceiverServerRatis.java:stop(594)) - Closing XceiverServerRatis(092257cb-ba5a-4f8a-9b9c-d44861eaa450)
2025-07-05 15:48:57,287 [main] INFO  server.RaftServer (RaftServerProxy.java:lambda$close$9(422)) - 092257cb-ba5a-4f8a-9b9c-d44861eaa450: close
2025-07-05 15:48:57,287 [092257cb-ba5a-4f8a-9b9c-d44861eaa450-impl-thread1] INFO  server.RaftServer$Division (RaftServerImpl.java:lambda$close$1(527)) - 092257cb-ba5a-4f8a-9b9c-d44861eaa450@group-2DA8B140AB24: shutdown
2025-07-05 15:48:57,287 [092257cb-ba5a-4f8a-9b9c-d44861eaa450-impl-thread1] INFO  util.JmxRegister (JmxRegister.java:unregister(74)) - Successfully un-registered JMX Bean with object name Ratis:service=RaftServer,group=group-2DA8B140AB24,id=092257cb-ba5a-4f8a-9b9c-d44861eaa450
2025-07-05 15:48:57,287 [092257cb-ba5a-4f8a-9b9c-d44861eaa450-impl-thread1] INFO  impl.RoleInfo (RoleInfo.java:shutdownLeaderState(103)) - 092257cb-ba5a-4f8a-9b9c-d44861eaa450: shutdown 092257cb-ba5a-4f8a-9b9c-d44861eaa450@group-2DA8B140AB24-LeaderStateImpl
2025-07-05 15:48:57,287 [092257cb-ba5a-4f8a-9b9c-d44861eaa450-impl-thread2] INFO  server.RaftServer$Division (RaftServerImpl.java:lambda$close$1(527)) - 092257cb-ba5a-4f8a-9b9c-d44861eaa450@group-DDDF55466C04: shutdown
2025-07-05 15:48:57,287 [092257cb-ba5a-4f8a-9b9c-d44861eaa450-impl-thread2] INFO  util.JmxRegister (JmxRegister.java:unregister(74)) - Successfully un-registered JMX Bean with object name Ratis:service=RaftServer,group=group-DDDF55466C04,id=092257cb-ba5a-4f8a-9b9c-d44861eaa450
2025-07-05 15:48:57,287 [092257cb-ba5a-4f8a-9b9c-d44861eaa450-impl-thread2] INFO  impl.RoleInfo (RoleInfo.java:shutdownFollowerState(121)) - 092257cb-ba5a-4f8a-9b9c-d44861eaa450: shutdown 092257cb-ba5a-4f8a-9b9c-d44861eaa450@group-DDDF55466C04-FollowerState
2025-07-05 15:48:57,287 [092257cb-ba5a-4f8a-9b9c-d44861eaa450-impl-thread2] INFO  impl.StateMachineUpdater (StateMachineUpdater.java:stopAndJoin(163)) - 092257cb-ba5a-4f8a-9b9c-d44861eaa450@group-DDDF55466C04-StateMachineUpdater: set stopIndex = 0
2025-07-05 15:48:57,287 [092257cb-ba5a-4f8a-9b9c-d44861eaa450@group-DDDF55466C04-FollowerState] INFO  impl.FollowerState (FollowerState.java:runImpl(170)) - 092257cb-ba5a-4f8a-9b9c-d44861eaa450@group-DDDF55466C04-FollowerState was interrupted
2025-07-05 15:48:57,287 [main] INFO  server.GrpcServicesImpl (GrpcServicesImpl.java:closeImpl(355)) - 092257cb-ba5a-4f8a-9b9c-d44861eaa450: shutdown server org.apache.ratis.grpc.server.GrpcClientProtocolService now
2025-07-05 15:48:57,287 [092257cb-ba5a-4f8a-9b9c-d44861eaa450@group-DDDF55466C04-StateMachineUpdater] INFO  impl.StateMachineUpdater (StateMachineUpdater.java:stop(140)) - 092257cb-ba5a-4f8a-9b9c-d44861eaa450@group-DDDF55466C04-StateMachineUpdater: closing ContainerStateMachine, lastApplied=(t:1, i:0)
2025-07-05 15:48:57,287 [092257cb-ba5a-4f8a-9b9c-d44861eaa450@group-2DA8B140AB24->a2863246-e653-4b31-a3d0-09f3a93c429f-GrpcLogAppender-LogAppenderDaemon] WARN  server.GrpcLogAppender (GrpcLogAppender.java:mayWait(300)) - 092257cb-ba5a-4f8a-9b9c-d44861eaa450@group-2DA8B140AB24->a2863246-e653-4b31-a3d0-09f3a93c429f-GrpcLogAppender: Wait interrupted by java.lang.InterruptedException
2025-07-05 15:48:57,288 [092257cb-ba5a-4f8a-9b9c-d44861eaa450@group-DDDF55466C04-cacheEviction-AwaitToRun] INFO  util.AwaitToRun (AwaitToRun.java:run(49)) - 092257cb-ba5a-4f8a-9b9c-d44861eaa450@group-DDDF55466C04-cacheEviction-AwaitToRun-AwaitForSignal is interrupted
2025-07-05 15:48:57,287 [092257cb-ba5a-4f8a-9b9c-d44861eaa450@group-2DA8B140AB24->d8f38f7e-70e8-450f-85ae-2cee56d3f445-GrpcLogAppender-LogAppenderDaemon] WARN  server.GrpcLogAppender (GrpcLogAppender.java:mayWait(300)) - 092257cb-ba5a-4f8a-9b9c-d44861eaa450@group-2DA8B140AB24->d8f38f7e-70e8-450f-85ae-2cee56d3f445-GrpcLogAppender: Wait interrupted by java.lang.InterruptedException
2025-07-05 15:48:57,287 [092257cb-ba5a-4f8a-9b9c-d44861eaa450-impl-thread1] INFO  impl.PendingRequests (PendingRequests.java:sendNotLeaderResponses(287)) - 092257cb-ba5a-4f8a-9b9c-d44861eaa450@group-2DA8B140AB24-PendingRequests: sendNotLeaderResponses
2025-07-05 15:48:57,290 [Thread-1161] INFO  server.GrpcServerProtocolClient (GrpcServerProtocolClient.java:close(105)) - d8f38f7e-70e8-450f-85ae-2cee56d3f445 Close channels
2025-07-05 15:48:57,290 [092257cb-ba5a-4f8a-9b9c-d44861eaa450-impl-thread1] INFO  impl.StateMachineUpdater (StateMachineUpdater.java:stopAndJoin(163)) - 092257cb-ba5a-4f8a-9b9c-d44861eaa450@group-2DA8B140AB24-StateMachineUpdater: set stopIndex = 0
2025-07-05 15:48:57,290 [Thread-1162] INFO  server.GrpcServerProtocolClient (GrpcServerProtocolClient.java:close(105)) - a2863246-e653-4b31-a3d0-09f3a93c429f Close channels
2025-07-05 15:48:57,290 [092257cb-ba5a-4f8a-9b9c-d44861eaa450@group-2DA8B140AB24-StateMachineUpdater] INFO  impl.StateMachineUpdater (StateMachineUpdater.java:stop(140)) - 092257cb-ba5a-4f8a-9b9c-d44861eaa450@group-2DA8B140AB24-StateMachineUpdater: closing ContainerStateMachine, lastApplied=(t:1, i:0)
2025-07-05 15:48:57,291 [092257cb-ba5a-4f8a-9b9c-d44861eaa450@group-2DA8B140AB24-cacheEviction-AwaitToRun] INFO  util.AwaitToRun (AwaitToRun.java:run(49)) - 092257cb-ba5a-4f8a-9b9c-d44861eaa450@group-2DA8B140AB24-cacheEviction-AwaitToRun-AwaitForSignal is interrupted
2025-07-05 15:48:57,293 [grpc-default-executor-3] INFO  server.GrpcServerProtocolService (GrpcServerProtocolService.java:lambda$onCompleted$6(171)) - a2863246-e653-4b31-a3d0-09f3a93c429f: Completed APPEND_ENTRIES, lastRequest: null 
2025-07-05 15:48:57,294 [grpc-default-executor-2] INFO  server.GrpcLogAppender (GrpcLogAppender.java:onCompleted(558)) - 092257cb-ba5a-4f8a-9b9c-d44861eaa450@group-2DA8B140AB24->a2863246-e653-4b31-a3d0-09f3a93c429f-AppendLogResponseHandler: follower responses appendEntries COMPLETED
2025-07-05 15:48:57,294 [grpc-default-executor-2] WARN  server.GrpcLogAppender (GrpcLogAppender.java:resetClient(237)) - 092257cb-ba5a-4f8a-9b9c-d44861eaa450@group-2DA8B140AB24->a2863246-e653-4b31-a3d0-09f3a93c429f-GrpcLogAppender: Failed to getClient for a2863246-e653-4b31-a3d0-09f3a93c429f
org.apache.ratis.protocol.exceptions.AlreadyClosedException: 092257cb-ba5a-4f8a-9b9c-d44861eaa450 is already CLOSED
	at org.apache.ratis.util.PeerProxyMap$PeerAndProxy.getProxy(PeerProxyMap.java:67)
	at org.apache.ratis.util.PeerProxyMap.getProxy(PeerProxyMap.java:124)
	at org.apache.ratis.grpc.server.GrpcLogAppender.getClient(GrpcLogAppender.java:207)
	at org.apache.ratis.grpc.server.GrpcLogAppender.resetClient(GrpcLogAppender.java:212)
	at org.apache.ratis.grpc.server.GrpcLogAppender.access$800(GrpcLogAppender.java:70)
	at org.apache.ratis.grpc.server.GrpcLogAppender$AppendLogResponseHandler.onCompleted(GrpcLogAppender.java:559)
	at org.apache.ratis.thirdparty.io.grpc.stub.ClientCalls$StreamObserverToCallListenerAdapter.onClose(ClientCalls.java:562)
	at org.apache.ratis.thirdparty.io.grpc.internal.ClientCallImpl.closeObserver(ClientCallImpl.java:565)
	at org.apache.ratis.thirdparty.io.grpc.internal.ClientCallImpl.access$100(ClientCallImpl.java:72)
	at org.apache.ratis.thirdparty.io.grpc.internal.ClientCallImpl$ClientStreamListenerImpl$1StreamClosed.runInternal(ClientCallImpl.java:733)
	at org.apache.ratis.thirdparty.io.grpc.internal.ClientCallImpl$ClientStreamListenerImpl$1StreamClosed.runInContext(ClientCallImpl.java:714)
	at org.apache.ratis.thirdparty.io.grpc.internal.ContextRunnable.run(ContextRunnable.java:37)
	at org.apache.ratis.thirdparty.io.grpc.internal.SerializingExecutor.run(SerializingExecutor.java:133)
	at java.base/java.util.concurrent.ThreadPoolExecutor.runWorker(ThreadPoolExecutor.java:1144)
	at java.base/java.util.concurrent.ThreadPoolExecutor$Worker.run(ThreadPoolExecutor.java:642)
	at java.base/java.lang.Thread.run(Thread.java:1583)
2025-07-05 15:48:57,301 [grpc-default-executor-1] INFO  server.GrpcServerProtocolService (GrpcServerProtocolService.java:lambda$onCompleted$6(171)) - d8f38f7e-70e8-450f-85ae-2cee56d3f445: Completed APPEND_ENTRIES, lastRequest: 092257cb-ba5a-4f8a-9b9c-d44861eaa450->d8f38f7e-70e8-450f-85ae-2cee56d3f445#1-t1,previous=<PROTO_DEFAULT>,leaderCommit=-1,initializing? false,entries: size=1, first=(t:1, i:0), CONFIGURATIONENTRY(current:id:"092257cb-ba5a-4f8a-9b9c-d44861eaa450"address:"127.0.0.1:15063"priority:1dataStreamAddress:"127.0.0.1:15064"clientAddress:"127.0.0.1:15061"adminAddress:"127.0.0.1:15062"startupRole:FOLLOWER, id:"d8f38f7e-70e8-450f-85ae-2cee56d3f445"address:"127.0.0.1:15079"dataStreamAddress:"127.0.0.1:15080"clientAddress:"127.0.0.1:15077"adminAddress:"127.0.0.1:15078"startupRole:FOLLOWER, id:"a2863246-e653-4b31-a3d0-09f3a93c429f"address:"127.0.0.1:15071"dataStreamAddress:"127.0.0.1:15072"clientAddress:"127.0.0.1:15069"adminAddress:"127.0.0.1:15070"startupRole:FOLLOWER, old:) 
2025-07-05 15:48:57,301 [grpc-default-executor-3] INFO  server.GrpcServerProtocolService (GrpcServerProtocolService.java:lambda$null$7(175)) - a2863246-e653-4b31-a3d0-09f3a93c429f: Completed APPEND_ENTRIES, lastReply: serverReply {
  requestorId: "092257cb-ba5a-4f8a-9b9c-d44861eaa450"
  replyId: "a2863246-e653-4b31-a3d0-09f3a93c429f"
  raftGroupId {
    id: "\236\035z\304\327LBR\202\230-\250\261@\253$"
  }
  callId: 13
  success: true
}
term: 1
nextIndex: 1
matchIndex: 18446744073709551615
isHearbeat: true
 
2025-07-05 15:48:57,301 [grpc-default-executor-4] INFO  server.GrpcServerProtocolService (GrpcServerProtocolService.java:lambda$null$7(175)) - d8f38f7e-70e8-450f-85ae-2cee56d3f445: Completed APPEND_ENTRIES, lastReply: serverReply {
  requestorId: "092257cb-ba5a-4f8a-9b9c-d44861eaa450"
  replyId: "d8f38f7e-70e8-450f-85ae-2cee56d3f445"
  raftGroupId {
    id: "\236\035z\304\327LBR\202\230-\250\261@\253$"
  }
  callId: 12
  success: true
}
term: 1
nextIndex: 1
matchIndex: 18446744073709551615
isHearbeat: true
 
2025-07-05 15:48:57,302 [grpc-default-executor-1] INFO  server.GrpcLogAppender (GrpcLogAppender.java:onCompleted(558)) - 092257cb-ba5a-4f8a-9b9c-d44861eaa450@group-2DA8B140AB24->a2863246-e653-4b31-a3d0-09f3a93c429f-AppendLogResponseHandler: follower responses appendEntries COMPLETED
2025-07-05 15:48:57,302 [grpc-default-executor-1] WARN  server.GrpcLogAppender (GrpcLogAppender.java:resetClient(237)) - 092257cb-ba5a-4f8a-9b9c-d44861eaa450@group-2DA8B140AB24->a2863246-e653-4b31-a3d0-09f3a93c429f-GrpcLogAppender: Failed to getClient for a2863246-e653-4b31-a3d0-09f3a93c429f
org.apache.ratis.protocol.exceptions.AlreadyClosedException: 092257cb-ba5a-4f8a-9b9c-d44861eaa450 is already CLOSED
	at org.apache.ratis.util.PeerProxyMap$PeerAndProxy.getProxy(PeerProxyMap.java:67)
	at org.apache.ratis.util.PeerProxyMap.getProxy(PeerProxyMap.java:124)
	at org.apache.ratis.grpc.server.GrpcLogAppender.getClient(GrpcLogAppender.java:207)
	at org.apache.ratis.grpc.server.GrpcLogAppender.resetClient(GrpcLogAppender.java:212)
	at org.apache.ratis.grpc.server.GrpcLogAppender.access$800(GrpcLogAppender.java:70)
	at org.apache.ratis.grpc.server.GrpcLogAppender$AppendLogResponseHandler.onCompleted(GrpcLogAppender.java:559)
	at org.apache.ratis.thirdparty.io.grpc.stub.ClientCalls$StreamObserverToCallListenerAdapter.onClose(ClientCalls.java:562)
	at org.apache.ratis.thirdparty.io.grpc.internal.DelayedClientCall$DelayedListener$3.run(DelayedClientCall.java:489)
	at org.apache.ratis.thirdparty.io.grpc.internal.DelayedClientCall$DelayedListener.delayOrExecute(DelayedClientCall.java:453)
	at org.apache.ratis.thirdparty.io.grpc.internal.DelayedClientCall$DelayedListener.onClose(DelayedClientCall.java:486)
	at org.apache.ratis.thirdparty.io.grpc.internal.ClientCallImpl.closeObserver(ClientCallImpl.java:565)
	at org.apache.ratis.thirdparty.io.grpc.internal.ClientCallImpl.access$100(ClientCallImpl.java:72)
	at org.apache.ratis.thirdparty.io.grpc.internal.ClientCallImpl$ClientStreamListenerImpl$1StreamClosed.runInternal(ClientCallImpl.java:733)
	at org.apache.ratis.thirdparty.io.grpc.internal.ClientCallImpl$ClientStreamListenerImpl$1StreamClosed.runInContext(ClientCallImpl.java:714)
	at org.apache.ratis.thirdparty.io.grpc.internal.ContextRunnable.run(ContextRunnable.java:37)
	at org.apache.ratis.thirdparty.io.grpc.internal.SerializingExecutor.run(SerializingExecutor.java:133)
	at java.base/java.util.concurrent.ThreadPoolExecutor.runWorker(ThreadPoolExecutor.java:1144)
	at java.base/java.util.concurrent.ThreadPoolExecutor$Worker.run(ThreadPoolExecutor.java:642)
	at java.base/java.lang.Thread.run(Thread.java:1583)
2025-07-05 15:48:57,302 [grpc-default-executor-4] INFO  server.GrpcLogAppender (GrpcLogAppender.java:onCompleted(558)) - 092257cb-ba5a-4f8a-9b9c-d44861eaa450@group-2DA8B140AB24->d8f38f7e-70e8-450f-85ae-2cee56d3f445-AppendLogResponseHandler: follower responses appendEntries COMPLETED
2025-07-05 15:48:57,302 [grpc-default-executor-3] INFO  server.GrpcLogAppender (GrpcLogAppender.java:onCompleted(558)) - 092257cb-ba5a-4f8a-9b9c-d44861eaa450@group-2DA8B140AB24->d8f38f7e-70e8-450f-85ae-2cee56d3f445-AppendLogResponseHandler: follower responses appendEntries COMPLETED
2025-07-05 15:48:57,302 [grpc-default-executor-3] WARN  server.GrpcLogAppender (GrpcLogAppender.java:resetClient(237)) - 092257cb-ba5a-4f8a-9b9c-d44861eaa450@group-2DA8B140AB24->d8f38f7e-70e8-450f-85ae-2cee56d3f445-GrpcLogAppender: Failed to getClient for d8f38f7e-70e8-450f-85ae-2cee56d3f445
org.apache.ratis.protocol.exceptions.AlreadyClosedException: 092257cb-ba5a-4f8a-9b9c-d44861eaa450 is already CLOSED
	at org.apache.ratis.util.PeerProxyMap$PeerAndProxy.getProxy(PeerProxyMap.java:67)
	at org.apache.ratis.util.PeerProxyMap.getProxy(PeerProxyMap.java:124)
	at org.apache.ratis.grpc.server.GrpcLogAppender.getClient(GrpcLogAppender.java:207)
	at org.apache.ratis.grpc.server.GrpcLogAppender.resetClient(GrpcLogAppender.java:212)
	at org.apache.ratis.grpc.server.GrpcLogAppender.access$800(GrpcLogAppender.java:70)
	at org.apache.ratis.grpc.server.GrpcLogAppender$AppendLogResponseHandler.onCompleted(GrpcLogAppender.java:559)
	at org.apache.ratis.thirdparty.io.grpc.stub.ClientCalls$StreamObserverToCallListenerAdapter.onClose(ClientCalls.java:562)
	at org.apache.ratis.thirdparty.io.grpc.internal.ClientCallImpl.closeObserver(ClientCallImpl.java:565)
	at org.apache.ratis.thirdparty.io.grpc.internal.ClientCallImpl.access$100(ClientCallImpl.java:72)
	at org.apache.ratis.thirdparty.io.grpc.internal.ClientCallImpl$ClientStreamListenerImpl$1StreamClosed.runInternal(ClientCallImpl.java:733)
	at org.apache.ratis.thirdparty.io.grpc.internal.ClientCallImpl$ClientStreamListenerImpl$1StreamClosed.runInContext(ClientCallImpl.java:714)
	at org.apache.ratis.thirdparty.io.grpc.internal.ContextRunnable.run(ContextRunnable.java:37)
	at org.apache.ratis.thirdparty.io.grpc.internal.SerializingExecutor.run(SerializingExecutor.java:133)
	at java.base/java.util.concurrent.ThreadPoolExecutor.runWorker(ThreadPoolExecutor.java:1144)
	at java.base/java.util.concurrent.ThreadPoolExecutor$Worker.run(ThreadPoolExecutor.java:642)
	at java.base/java.lang.Thread.run(Thread.java:1583)
2025-07-05 15:48:57,302 [grpc-default-executor-4] WARN  server.GrpcLogAppender (GrpcLogAppender.java:resetClient(237)) - 092257cb-ba5a-4f8a-9b9c-d44861eaa450@group-2DA8B140AB24->d8f38f7e-70e8-450f-85ae-2cee56d3f445-GrpcLogAppender: Failed to getClient for d8f38f7e-70e8-450f-85ae-2cee56d3f445
org.apache.ratis.protocol.exceptions.AlreadyClosedException: 092257cb-ba5a-4f8a-9b9c-d44861eaa450 is already CLOSED
	at org.apache.ratis.util.PeerProxyMap$PeerAndProxy.getProxy(PeerProxyMap.java:67)
	at org.apache.ratis.util.PeerProxyMap.getProxy(PeerProxyMap.java:124)
	at org.apache.ratis.grpc.server.GrpcLogAppender.getClient(GrpcLogAppender.java:207)
	at org.apache.ratis.grpc.server.GrpcLogAppender.resetClient(GrpcLogAppender.java:212)
	at org.apache.ratis.grpc.server.GrpcLogAppender.access$800(GrpcLogAppender.java:70)
	at org.apache.ratis.grpc.server.GrpcLogAppender$AppendLogResponseHandler.onCompleted(GrpcLogAppender.java:559)
	at org.apache.ratis.thirdparty.io.grpc.stub.ClientCalls$StreamObserverToCallListenerAdapter.onClose(ClientCalls.java:562)
	at org.apache.ratis.thirdparty.io.grpc.internal.DelayedClientCall$DelayedListener$3.run(DelayedClientCall.java:489)
	at org.apache.ratis.thirdparty.io.grpc.internal.DelayedClientCall$DelayedListener.delayOrExecute(DelayedClientCall.java:453)
	at org.apache.ratis.thirdparty.io.grpc.internal.DelayedClientCall$DelayedListener.onClose(DelayedClientCall.java:486)
	at org.apache.ratis.thirdparty.io.grpc.internal.ClientCallImpl.closeObserver(ClientCallImpl.java:565)
	at org.apache.ratis.thirdparty.io.grpc.internal.ClientCallImpl.access$100(ClientCallImpl.java:72)
	at org.apache.ratis.thirdparty.io.grpc.internal.ClientCallImpl$ClientStreamListenerImpl$1StreamClosed.runInternal(ClientCallImpl.java:733)
	at org.apache.ratis.thirdparty.io.grpc.internal.ClientCallImpl$ClientStreamListenerImpl$1StreamClosed.runInContext(ClientCallImpl.java:714)
	at org.apache.ratis.thirdparty.io.grpc.internal.ContextRunnable.run(ContextRunnable.java:37)
	at org.apache.ratis.thirdparty.io.grpc.internal.SerializingExecutor.run(SerializingExecutor.java:133)
	at java.base/java.util.concurrent.ThreadPoolExecutor.runWorker(ThreadPoolExecutor.java:1144)
	at java.base/java.util.concurrent.ThreadPoolExecutor$Worker.run(ThreadPoolExecutor.java:642)
	at java.base/java.lang.Thread.run(Thread.java:1583)
2025-07-05 15:48:57,303 [main] INFO  server.GrpcServicesImpl (GrpcServicesImpl.java:closeImpl(364)) - 092257cb-ba5a-4f8a-9b9c-d44861eaa450: shutdown server org.apache.ratis.grpc.server.GrpcClientProtocolService successfully
2025-07-05 15:48:57,303 [main] INFO  server.GrpcServicesImpl (GrpcServicesImpl.java:closeImpl(355)) - 092257cb-ba5a-4f8a-9b9c-d44861eaa450: shutdown server GrpcServerProtocolService now
2025-07-05 15:48:57,305 [grpc-default-executor-3] WARN  server.GrpcServerProtocolService (LogUtils.java:warn(127)) - 092257cb-ba5a-4f8a-9b9c-d44861eaa450: APPEND_ENTRIES onError, lastRequest: null: org.apache.ratis.thirdparty.io.grpc.StatusRuntimeException: CANCELLED: client cancelled
2025-07-05 15:48:57,305 [grpc-default-executor-2] WARN  server.GrpcServerProtocolService (LogUtils.java:warn(127)) - 092257cb-ba5a-4f8a-9b9c-d44861eaa450: APPEND_ENTRIES onError, lastRequest: a2863246-e653-4b31-a3d0-09f3a93c429f->092257cb-ba5a-4f8a-9b9c-d44861eaa450#1-t1,previous=<PROTO_DEFAULT>,leaderCommit=-1,initializing? false,entries: size=1, first=(t:1, i:0), CONFIGURATIONENTRY(current:id:"092257cb-ba5a-4f8a-9b9c-d44861eaa450"address:"127.0.0.1:15063"dataStreamAddress:"127.0.0.1:15064"clientAddress:"127.0.0.1:15061"adminAddress:"127.0.0.1:15062"startupRole:FOLLOWER, id:"d8f38f7e-70e8-450f-85ae-2cee56d3f445"address:"127.0.0.1:15079"dataStreamAddress:"127.0.0.1:15080"clientAddress:"127.0.0.1:15077"adminAddress:"127.0.0.1:15078"startupRole:FOLLOWER, id:"a2863246-e653-4b31-a3d0-09f3a93c429f"address:"127.0.0.1:15071"priority:1dataStreamAddress:"127.0.0.1:15072"clientAddress:"127.0.0.1:15069"adminAddress:"127.0.0.1:15070"startupRole:FOLLOWER, old:): org.apache.ratis.thirdparty.io.grpc.StatusRuntimeException: CANCELLED: client cancelled
2025-07-05 15:48:57,305 [grpc-default-executor-3] WARN  server.GrpcLogAppender (LogUtils.java:warn(127)) - a2863246-e653-4b31-a3d0-09f3a93c429f@group-DDDF55466C04->092257cb-ba5a-4f8a-9b9c-d44861eaa450-AppendLogResponseHandler: Failed appendEntries: org.apache.ratis.thirdparty.io.grpc.StatusRuntimeException: CANCELLED: RST_STREAM closed stream. HTTP/2 error code: CANCEL
2025-07-05 15:48:57,306 [main] INFO  server.GrpcServicesImpl (GrpcServicesImpl.java:closeImpl(364)) - 092257cb-ba5a-4f8a-9b9c-d44861eaa450: shutdown server GrpcServerProtocolService successfully
2025-07-05 15:48:57,306 [main] INFO  server.GrpcServicesImpl (GrpcServicesImpl.java:closeImpl(355)) - 092257cb-ba5a-4f8a-9b9c-d44861eaa450: shutdown server org.apache.ratis.grpc.server.GrpcAdminProtocolService now
2025-07-05 15:48:57,306 [main] INFO  server.GrpcServicesImpl (GrpcServicesImpl.java:closeImpl(364)) - 092257cb-ba5a-4f8a-9b9c-d44861eaa450: shutdown server org.apache.ratis.grpc.server.GrpcAdminProtocolService successfully
2025-07-05 15:48:57,306 [grpc-default-executor-3] WARN  server.GrpcLogAppender (GrpcLogAppender.java:lambda$resetClient$1(228)) - a2863246-e653-4b31-a3d0-09f3a93c429f@group-DDDF55466C04->092257cb-ba5a-4f8a-9b9c-d44861eaa450-GrpcLogAppender: Follower failed (request=null, errorCount=1); keep nextIndex (1) unchanged and retry.
2025-07-05 15:48:57,310 [092257cb-ba5a-4f8a-9b9c-d44861eaa450-NettyServerStreamRpc-bossGroup--thread1] INFO  logging.LoggingHandler (AbstractInternalLogger.java:log(148)) - [id: 0xb39fa632, L:/0.0.0.0:15064] CLOSE
2025-07-05 15:48:57,311 [092257cb-ba5a-4f8a-9b9c-d44861eaa450-NettyServerStreamRpc-bossGroup--thread1] INFO  logging.LoggingHandler (AbstractInternalLogger.java:log(148)) - [id: 0xb39fa632, L:/0.0.0.0:15064] INACTIVE
2025-07-05 15:48:57,311 [092257cb-ba5a-4f8a-9b9c-d44861eaa450-NettyServerStreamRpc-bossGroup--thread1] INFO  logging.LoggingHandler (AbstractInternalLogger.java:log(148)) - [id: 0xb39fa632, L:/0.0.0.0:15064] UNREGISTERED
2025-07-05 15:48:57,372 [092257cb-ba5a-4f8a-9b9c-d44861eaa450-impl-thread1] INFO  segmented.SegmentedRaftLogWorker (SegmentedRaftLogWorker.java:close(254)) - 092257cb-ba5a-4f8a-9b9c-d44861eaa450@group-2DA8B140AB24-SegmentedRaftLogWorker close()
2025-07-05 15:48:57,372 [092257cb-ba5a-4f8a-9b9c-d44861eaa450-impl-thread1] INFO  ratis.ContainerStateMachine (ContainerStateMachine.java:notifyServerShutdown(1038)) - group-2DA8B140AB24 is closed by HddsDatanodeService
2025-07-05 15:48:58,275 [092257cb-ba5a-4f8a-9b9c-d44861eaa450-impl-thread2] INFO  segmented.SegmentedRaftLogWorker (SegmentedRaftLogWorker.java:close(254)) - 092257cb-ba5a-4f8a-9b9c-d44861eaa450@group-DDDF55466C04-SegmentedRaftLogWorker close()
2025-07-05 15:48:58,277 [092257cb-ba5a-4f8a-9b9c-d44861eaa450-impl-thread2] INFO  ratis.ContainerStateMachine (ContainerStateMachine.java:notifyServerShutdown(1038)) - group-DDDF55466C04 is closed by HddsDatanodeService
2025-07-05 15:48:58,277 [JvmPauseMonitor9] INFO  util.JvmPauseMonitor (JvmPauseMonitor.java:run(152)) - JvmPauseMonitor-092257cb-ba5a-4f8a-9b9c-d44861eaa450: Stopped
2025-07-05 15:49:00,289 [main] INFO  utils.DatanodeStoreCache (DatanodeStoreCache.java:shutdownCache(110)) - Skip clearing cache in mini cluster mode. Entries left: [/home/runner/work/ozone/ozone/hadoop-ozone/integration-test/target/test-dir/MiniOzoneClusterImpl-0a3c97a5-d59a-4532-afef-c4940c4c02aa/ozone-meta/datanode-1/data-0/hdds/0a3c97a5-d59a-4532-afef-c4940c4c02aa/DS-92f6a7d6-ada4-4751-a406-b8d1ef3906d1/container.db, /home/runner/work/ozone/ozone/hadoop-ozone/integration-test/target/test-dir/MiniOzoneClusterImpl-0a3c97a5-d59a-4532-afef-c4940c4c02aa/ozone-meta/datanode-10/data-0/hdds/0a3c97a5-d59a-4532-afef-c4940c4c02aa/DS-0dec334c-8582-4db9-874c-6b49606df0df/container.db, /home/runner/work/ozone/ozone/hadoop-ozone/integration-test/target/test-dir/MiniOzoneClusterImpl-0a3c97a5-d59a-4532-afef-c4940c4c02aa/ozone-meta/datanode-2/data-0/hdds/0a3c97a5-d59a-4532-afef-c4940c4c02aa/DS-df426f57-7dc1-46e5-9294-d4f126622f1f/container.db, /home/runner/work/ozone/ozone/hadoop-ozone/integration-test/target/test-dir/MiniOzoneClusterImpl-0a3c97a5-d59a-4532-afef-c4940c4c02aa/ozone-meta/datanode-3/data-0/hdds/0a3c97a5-d59a-4532-afef-c4940c4c02aa/DS-88418df4-a2e9-4a9e-9192-de263c25fd99/container.db, /home/runner/work/ozone/ozone/hadoop-ozone/integration-test/target/test-dir/MiniOzoneClusterImpl-0a3c97a5-d59a-4532-afef-c4940c4c02aa/ozone-meta/datanode-4/data-0/hdds/0a3c97a5-d59a-4532-afef-c4940c4c02aa/DS-4856656f-c553-4b9c-be60-7aa98c4643e8/container.db, /home/runner/work/ozone/ozone/hadoop-ozone/integration-test/target/test-dir/MiniOzoneClusterImpl-0a3c97a5-d59a-4532-afef-c4940c4c02aa/ozone-meta/datanode-5/data-0/hdds/0a3c97a5-d59a-4532-afef-c4940c4c02aa/DS-49904940-eae0-4632-b173-1e862f09080e/container.db, /home/runner/work/ozone/ozone/hadoop-ozone/integration-test/target/test-dir/MiniOzoneClusterImpl-0a3c97a5-d59a-4532-afef-c4940c4c02aa/ozone-meta/datanode-6/data-0/hdds/0a3c97a5-d59a-4532-afef-c4940c4c02aa/DS-6bba10bf-78e5-445f-b92b-f9e47c3ed0b3/container.db, /home/runner/work/ozone/ozone/hadoop-ozone/integration-test/target/test-dir/MiniOzoneClusterImpl-0a3c97a5-d59a-4532-afef-c4940c4c02aa/ozone-meta/datanode-7/data-0/hdds/0a3c97a5-d59a-4532-afef-c4940c4c02aa/DS-c64290b0-f449-4a9a-a988-646934f4ee8b/container.db, /home/runner/work/ozone/ozone/hadoop-ozone/integration-test/target/test-dir/MiniOzoneClusterImpl-0a3c97a5-d59a-4532-afef-c4940c4c02aa/ozone-meta/datanode-8/data-0/hdds/0a3c97a5-d59a-4532-afef-c4940c4c02aa/DS-97146bee-1960-4b71-bcaa-47f991705390/container.db, /home/runner/work/ozone/ozone/hadoop-ozone/integration-test/target/test-dir/MiniOzoneClusterImpl-0a3c97a5-d59a-4532-afef-c4940c4c02aa/ozone-meta/datanode-9/data-0/hdds/0a3c97a5-d59a-4532-afef-c4940c4c02aa/DS-6318a877-94c4-4088-980a-969af943bbac/container.db]
2025-07-05 15:49:00,293 [main] INFO  utils.DatanodeStoreCache (DatanodeStoreCache.java:removeDB(104)) - Removed db /home/runner/work/ozone/ozone/hadoop-ozone/integration-test/target/test-dir/MiniOzoneClusterImpl-0a3c97a5-d59a-4532-afef-c4940c4c02aa/ozone-meta/datanode-7/data-0/hdds/0a3c97a5-d59a-4532-afef-c4940c4c02aa/DS-c64290b0-f449-4a9a-a988-646934f4ee8b/container.db from cache
2025-07-05 15:49:00,293 [main] INFO  volume.HddsVolume (HddsVolume.java:closeDbStore(608)) - SchemaV3 db is stopped at /home/runner/work/ozone/ozone/hadoop-ozone/integration-test/target/test-dir/MiniOzoneClusterImpl-0a3c97a5-d59a-4532-afef-c4940c4c02aa/ozone-meta/datanode-7/data-0/hdds/0a3c97a5-d59a-4532-afef-c4940c4c02aa/DS-c64290b0-f449-4a9a-a988-646934f4ee8b/container.db for volume DS-c64290b0-f449-4a9a-a988-646934f4ee8b
2025-07-05 15:49:00,293 [main] INFO  utils.BackgroundService (BackgroundService.java:shutdown(178)) - Shutting down service BlockDeletingService
2025-07-05 15:49:00,294 [main] INFO  utils.BackgroundService (BackgroundService.java:shutdown(178)) - Shutting down service StaleRecoveringContainerScrubbingService
2025-07-05 15:49:00,296 [main] INFO  statemachine.DatanodeStateMachine (DatanodeStateMachine.java:stopDaemon(637)) - Ozone container server stopped.
2025-07-05 15:49:00,313 [main] INFO  handler.ContextHandler (ContextHandler.java:doStop(1159)) - Stopped o.e.j.w.WebAppContext@35653d6f{hddsDatanode,/,null,STOPPED}{jar:file:/home/runner/work/ozone/ozone/hadoop-hdds/container-service/target/hdds-container-service-2.1.0-SNAPSHOT.jar!/webapps/hddsDatanode}
2025-07-05 15:49:00,315 [main] INFO  server.AbstractConnector (AbstractConnector.java:doStop(383)) - Stopped ServerConnector@444983c9{HTTP/1.1, (http/1.1)}{0.0.0.0:15058}
2025-07-05 15:49:00,315 [main] INFO  server.session (HouseKeeper.java:stopScavenging(149)) - node0 Stopped scavenging
2025-07-05 15:49:00,315 [main] INFO  handler.ContextHandler (ContextHandler.java:doStop(1159)) - Stopped o.e.j.s.ServletContextHandler@92bdd87{static,/static,jar:file:/home/runner/work/ozone/ozone/hadoop-hdds/container-service/target/hdds-container-service-2.1.0-SNAPSHOT.jar!/webapps/static,STOPPED}
2025-07-05 15:49:00,315 [main] INFO  handler.ContextHandler (ContextHandler.java:doStop(1159)) - Stopped o.e.j.s.ServletContextHandler@34146b8c{logs,/logs,file:///home/runner/work/ozone/ozone/hadoop-ozone/integration-test/target/log,STOPPED}
2025-07-05 15:49:00,317 [main] INFO  ozone.HddsDatanodeClientProtocolServer (HddsDatanodeClientProtocolServer.java:stop(82)) - Stopping the RPC server for Client Protocol
2025-07-05 15:49:00,317 [main] INFO  ipc.Server (Server.java:stop(3697)) - Stopping server on 15059
2025-07-05 15:49:00,319 [IPC Server listener on 15059] INFO  ipc.Server (Server.java:run(1585)) - Stopping IPC Server listener on 15059
2025-07-05 15:49:00,319 [IPC Server Responder] INFO  ipc.Server (Server.java:run(1718)) - Stopping IPC Server Responder
2025-07-05 15:49:00,321 [main] INFO  impl.MetricsSystemImpl (MetricsSystemImpl.java:init(158)) - HddsDatanode metrics system started (again)
2025-07-05 15:49:00,351 [main] INFO  ozone.HddsDatanodeService (HddsDatanodeService.java:start(236)) - HddsDatanodeService 092257cb-ba5a-4f8a-9b9c-d44861eaa450(localhost/127.0.0.1)
2025-07-05 15:49:00,352 [main] WARN  statemachine.DatanodeConfiguration (DatanodeConfiguration.java:validateMinFreeSpace(751)) - hdds.datanode.volume.min.free.space.percent = -1.0 is invalid, should be between 0 and 1
2025-07-05 15:49:00,353 [main] INFO  upgrade.AbstractLayoutVersionManager (AbstractLayoutVersionManager.java:init(80)) - Initializing Layout version manager with metadata layout = HBASE_SUPPORT (version = 8), software layout = HBASE_SUPPORT (version = 8)
2025-07-05 15:49:00,353 [main] INFO  statemachine.DatanodeStateMachine (DatanodeStateMachine.java:getEndPointTaskThreadPoolSize(305)) - Datanode State Machine Task Thread Pool size 2
2025-07-05 15:49:00,354 [main] WARN  statemachine.DatanodeConfiguration (DatanodeConfiguration.java:validateMinFreeSpace(751)) - hdds.datanode.volume.min.free.space.percent = -1.0 is invalid, should be between 0 and 1
2025-07-05 15:49:00,354 [main] WARN  statemachine.DatanodeConfiguration (DatanodeConfiguration.java:validateMinFreeSpace(751)) - hdds.datanode.volume.min.free.space.percent = -1.0 is invalid, should be between 0 and 1
2025-07-05 15:49:00,355 [main] WARN  statemachine.DatanodeConfiguration (DatanodeConfiguration.java:validateMinFreeSpace(751)) - hdds.datanode.volume.min.free.space.percent = -1.0 is invalid, should be between 0 and 1
2025-07-05 15:49:00,355 [main] WARN  statemachine.DatanodeConfiguration (DatanodeConfiguration.java:validateMinFreeSpace(751)) - hdds.datanode.volume.min.free.space.percent = -1.0 is invalid, should be between 0 and 1
2025-07-05 15:49:00,357 [main] INFO  volume.HddsVolume (HddsVolume.java:<init>(162)) - HddsVolume: { id=DS-c64290b0-f449-4a9a-a988-646934f4ee8b dir=/home/runner/work/ozone/ozone/hadoop-ozone/integration-test/target/test-dir/MiniOzoneClusterImpl-0a3c97a5-d59a-4532-afef-c4940c4c02aa/ozone-meta/datanode-7/data-0/hdds type=DISK capacity=9222449699674390527 used=0 available=9222449699674390527 minFree=9222450130714624 committed=0 }
2025-07-05 15:49:00,357 [main] INFO  volume.MutableVolumeSet (MutableVolumeSet.java:initializeVolumeSet(167)) - Added Volume : /home/runner/work/ozone/ozone/hadoop-ozone/integration-test/target/test-dir/MiniOzoneClusterImpl-0a3c97a5-d59a-4532-afef-c4940c4c02aa/ozone-meta/datanode-7/data-0/hdds to VolumeSet
2025-07-05 15:49:00,357 [main] WARN  statemachine.DatanodeConfiguration (DatanodeConfiguration.java:validateMinFreeSpace(751)) - hdds.datanode.volume.min.free.space.percent = -1.0 is invalid, should be between 0 and 1
2025-07-05 15:49:00,358 [main] WARN  statemachine.DatanodeConfiguration (DatanodeConfiguration.java:validateMinFreeSpace(751)) - hdds.datanode.volume.min.free.space.percent = -1.0 is invalid, should be between 0 and 1
2025-07-05 15:49:00,358 [main] INFO  volume.MutableVolumeSet (MutableVolumeSet.java:initializeVolumeSet(167)) - Added Volume : /home/runner/work/ozone/ozone/hadoop-ozone/integration-test/target/test-dir/MiniOzoneClusterImpl-0a3c97a5-d59a-4532-afef-c4940c4c02aa/ozone-meta/datanode-7/ratis4c5ba393-9d54-4a23-9e27-5237d04f58cc to VolumeSet
2025-07-05 15:49:00,359 [main] WARN  statemachine.DatanodeConfiguration (DatanodeConfiguration.java:validateMinFreeSpace(751)) - hdds.datanode.volume.min.free.space.percent = -1.0 is invalid, should be between 0 and 1
2025-07-05 15:49:00,359 [main] WARN  statemachine.DatanodeConfiguration (DatanodeConfiguration.java:validateMinFreeSpace(751)) - hdds.datanode.volume.min.free.space.percent = -1.0 is invalid, should be between 0 and 1
2025-07-05 15:49:00,359 [ForkJoinPool.commonPool-worker-3] WARN  statemachine.DatanodeConfiguration (DatanodeConfiguration.java:validateMinFreeSpace(751)) - hdds.datanode.volume.min.free.space.percent = -1.0 is invalid, should be between 0 and 1
2025-07-05 15:49:00,360 [ForkJoinPool.commonPool-worker-3] WARN  statemachine.DatanodeConfiguration (DatanodeConfiguration.java:validateMinFreeSpace(751)) - hdds.datanode.volume.min.free.space.percent = -1.0 is invalid, should be between 0 and 1
2025-07-05 15:49:00,360 [ForkJoinPool.commonPool-worker-3] WARN  statemachine.DatanodeConfiguration (DatanodeConfiguration.java:validateMinFreeSpace(751)) - hdds.datanode.volume.min.free.space.percent = -1.0 is invalid, should be between 0 and 1
2025-07-05 15:49:00,379 [ForkJoinPool.commonPool-worker-3] INFO  utils.DatanodeStoreCache (DatanodeStoreCache.java:addDB(70)) - Added db /home/runner/work/ozone/ozone/hadoop-ozone/integration-test/target/test-dir/MiniOzoneClusterImpl-0a3c97a5-d59a-4532-afef-c4940c4c02aa/ozone-meta/datanode-7/data-0/hdds/0a3c97a5-d59a-4532-afef-c4940c4c02aa/DS-c64290b0-f449-4a9a-a988-646934f4ee8b/container.db to cache
2025-07-05 15:49:00,380 [ForkJoinPool.commonPool-worker-3] INFO  volume.HddsVolume (HddsVolume.java:loadDbStore(516)) - SchemaV3 db is loaded at /home/runner/work/ozone/ozone/hadoop-ozone/integration-test/target/test-dir/MiniOzoneClusterImpl-0a3c97a5-d59a-4532-afef-c4940c4c02aa/ozone-meta/datanode-7/data-0/hdds/0a3c97a5-d59a-4532-afef-c4940c4c02aa/DS-c64290b0-f449-4a9a-a988-646934f4ee8b/container.db for volume DS-c64290b0-f449-4a9a-a988-646934f4ee8b
2025-07-05 15:49:00,380 [main] INFO  ozoneimpl.OzoneContainer (HddsVolumeUtil.java:loadAllHddsVolumeDbStore(102)) - Load 1 volumes DbStore cost: 21ms
2025-07-05 15:49:00,380 [main] WARN  db.DBStoreBuilder (DBStoreBuilder.java:getDBDirPath(158)) - ozone.scm.datanode.id.dir is not configured. We recommend adding this setting. Falling back to ozone.metadata.dirs instead.
2025-07-05 15:49:00,381 [main] WARN  statemachine.DatanodeConfiguration (DatanodeConfiguration.java:validateMinFreeSpace(751)) - hdds.datanode.volume.min.free.space.percent = -1.0 is invalid, should be between 0 and 1
2025-07-05 15:49:00,381 [main] WARN  db.DBStoreBuilder (DBStoreBuilder.java:getDBDirPath(158)) - ozone.scm.datanode.id.dir is not configured. We recommend adding this setting. Falling back to ozone.metadata.dirs instead.
2025-07-05 15:49:00,391 [main] WARN  statemachine.DatanodeConfiguration (DatanodeConfiguration.java:validateMinFreeSpace(751)) - hdds.datanode.volume.min.free.space.percent = -1.0 is invalid, should be between 0 and 1
2025-07-05 15:49:00,392 [main] WARN  statemachine.DatanodeConfiguration (DatanodeConfiguration.java:validateMinFreeSpace(751)) - hdds.datanode.volume.min.free.space.percent = -1.0 is invalid, should be between 0 and 1
2025-07-05 15:49:00,392 [main] INFO  impl.FilePerChunkStrategy (FilePerChunkStrategy.java:<init>(79)) - ozone.chunk.read.mapped.buffer.max.count is load with 0
2025-07-05 15:49:00,392 [main] INFO  impl.FilePerBlockStrategy (FilePerBlockStrategy.java:<init>(88)) - ozone.chunk.read.mapped.buffer.max.count is load with 0
2025-07-05 15:49:00,393 [main] WARN  statemachine.DatanodeConfiguration (DatanodeConfiguration.java:validateMinFreeSpace(751)) - hdds.datanode.volume.min.free.space.percent = -1.0 is invalid, should be between 0 and 1
2025-07-05 15:49:00,393 [main] INFO  server.RaftServerConfigKeys (ConfUtils.java:logGet(62)) - raft.server.log.appender.buffer.byte-limit = 33554432 (custom)
2025-07-05 15:49:00,395 [main] INFO  grpc.GrpcConfigKeys (ConfUtils.java:logFallback(69)) - raft.grpc.admin.host = null (fallback to raft.grpc.server.host)
2025-07-05 15:49:00,395 [main] INFO  grpc.GrpcConfigKeys (ConfUtils.java:logGet(62)) - raft.grpc.admin.port = 15062 (custom)
2025-07-05 15:49:00,395 [main] INFO  grpc.GrpcConfigKeys (ConfUtils.java:logFallback(69)) - raft.grpc.client.host = null (fallback to raft.grpc.server.host)
2025-07-05 15:49:00,395 [main] INFO  grpc.GrpcConfigKeys (ConfUtils.java:logGet(62)) - raft.grpc.client.port = 15061 (custom)
2025-07-05 15:49:00,412 [main] INFO  grpc.GrpcConfigKeys (ConfUtils.java:logGet(62)) - raft.grpc.server.port = 15063 (custom)
2025-07-05 15:49:00,412 [main] INFO  server.GrpcServicesImpl (ConfUtils.java:logGet(62)) - raft.grpc.message.size.max = 34603008 (custom)
2025-07-05 15:49:00,412 [main] INFO  server.GrpcServicesImpl (ConfUtils.java:logGet(62)) - raft.grpc.flow.control.window = 5MB (=5242880) (custom)
2025-07-05 15:49:00,412 [main] INFO  server.RaftServerConfigKeys (ConfUtils.java:logGet(62)) - raft.server.log.appender.buffer.byte-limit = 33554432 (custom)
2025-07-05 15:49:00,415 [main] INFO  netty.NettyUtils (NettyUtils.java:newEventLoopGroup(74)) - Create EpollEventLoopGroup for 092257cb-ba5a-4f8a-9b9c-d44861eaa450-NettyServerStreamRpc-bossGroup; Thread size is 0.
2025-07-05 15:49:00,416 [main] INFO  netty.NettyUtils (NettyUtils.java:newEventLoopGroup(74)) - Create EpollEventLoopGroup for 092257cb-ba5a-4f8a-9b9c-d44861eaa450-NettyServerStreamRpc-workerGroup; Thread size is 0.
2025-07-05 15:49:00,416 [main] INFO  netty.NettyConfigKeys$DataStream (ConfUtils.java:logGet(62)) - raft.netty.dataStream.port = 15064 (custom)
2025-07-05 15:49:00,417 [main] INFO  server.RaftServerConfigKeys (ConfUtils.java:logGet(62)) - raft.server.storage.dir = [/home/runner/work/ozone/ozone/hadoop-ozone/integration-test/target/test-dir/MiniOzoneClusterImpl-0a3c97a5-d59a-4532-afef-c4940c4c02aa/ozone-meta/datanode-7/ratis4c5ba393-9d54-4a23-9e27-5237d04f58cc] (custom)
2025-07-05 15:49:00,417 [092257cb-ba5a-4f8a-9b9c-d44861eaa450-NettyServerStreamRpc-bossGroup--thread1] INFO  logging.LoggingHandler (AbstractInternalLogger.java:log(148)) - [id: 0xa1bdb81b] REGISTERED
2025-07-05 15:49:00,417 [092257cb-ba5a-4f8a-9b9c-d44861eaa450-NettyServerStreamRpc-bossGroup--thread1] INFO  logging.LoggingHandler (AbstractInternalLogger.java:log(148)) - [id: 0xa1bdb81b] BIND: 0.0.0.0/0.0.0.0:15064
2025-07-05 15:49:00,418 [092257cb-ba5a-4f8a-9b9c-d44861eaa450-NettyServerStreamRpc-bossGroup--thread1] INFO  logging.LoggingHandler (AbstractInternalLogger.java:log(148)) - [id: 0xa1bdb81b, L:/0.0.0.0:15064] ACTIVE
2025-07-05 15:49:00,418 [092257cb-ba5a-4f8a-9b9c-d44861eaa450-impl-thread1] INFO  server.RaftServer (RaftServerProxy.java:initGroupDir(270)) - 092257cb-ba5a-4f8a-9b9c-d44861eaa450: found a subdirectory /home/runner/work/ozone/ozone/hadoop-ozone/integration-test/target/test-dir/MiniOzoneClusterImpl-0a3c97a5-d59a-4532-afef-c4940c4c02aa/ozone-meta/datanode-7/ratis4c5ba393-9d54-4a23-9e27-5237d04f58cc/tmp
2025-07-05 15:49:00,418 [092257cb-ba5a-4f8a-9b9c-d44861eaa450-impl-thread1] INFO  server.RaftServer (RaftServerProxy.java:initGroupDir(275)) - 092257cb-ba5a-4f8a-9b9c-d44861eaa450: The directory /home/runner/work/ozone/ozone/hadoop-ozone/integration-test/target/test-dir/MiniOzoneClusterImpl-0a3c97a5-d59a-4532-afef-c4940c4c02aa/ozone-meta/datanode-7/ratis4c5ba393-9d54-4a23-9e27-5237d04f58cc/tmp is not a group directory; ignoring it. 
2025-07-05 15:49:00,418 [main] INFO  replication.ReplicationServer (ReplicationServer.java:<init>(84)) - Initializing replication server with thread count = 10 queue length = 4096
2025-07-05 15:49:00,419 [main] WARN  statemachine.DatanodeConfiguration (DatanodeConfiguration.java:validateMinFreeSpace(751)) - hdds.datanode.volume.min.free.space.percent = -1.0 is invalid, should be between 0 and 1
2025-07-05 15:49:00,419 [main] INFO  server.XceiverServerGrpc (XceiverServerGrpc.java:<init>(130)) - GrpcServer channel type EpollServerSocketChannel
2025-07-05 15:49:00,421 [main] WARN  statemachine.DatanodeConfiguration (DatanodeConfiguration.java:validateMinFreeSpace(751)) - hdds.datanode.volume.min.free.space.percent = -1.0 is invalid, should be between 0 and 1
2025-07-05 15:49:00,422 [main] INFO  replication.ReplicationSupervisor (ReplicationSupervisor.java:build(169)) - Initializing replication supervisor with thread count = 10
2025-07-05 15:49:00,423 [main] INFO  replication.ReplicationSupervisor (ReplicationSupervisor.java:nodeStateUpdated(358)) - Node state updated to IN_SERVICE, scaling executor pool size to 10
2025-07-05 15:49:00,424 [main] WARN  statemachine.DatanodeConfiguration (DatanodeConfiguration.java:validateMinFreeSpace(751)) - hdds.datanode.volume.min.free.space.percent = -1.0 is invalid, should be between 0 and 1
2025-07-05 15:49:00,426 [main] INFO  http.BaseHttpServer (BaseHttpServer.java:newHttpServer2BuilderForOzone(229)) - Starting Web-server for hddsDatanode at: http://0.0.0.0:15058
2025-07-05 15:49:00,427 [main] INFO  http.BaseHttpServer (BaseHttpServer.java:<init>(107)) - Hadoop Security Enabled: false Ozone Security Enabled: false Ozone HTTP Security Enabled: false 
2025-07-05 15:49:00,428 [main] WARN  server.AuthenticationFilter (AuthenticationFilter.java:constructSecretProvider(240)) - Unable to initialize FileSignerSecretProvider, falling back to use random secrets. Reason: Could not read signature secret file: /home/runner/hadoop-http-auth-signature-secret
2025-07-05 15:49:00,431 [main] INFO  http.HttpServer2 (HttpServer2.java:addGlobalFilter(1042)) - Added global filter 'safety' (class=org.apache.hadoop.hdds.server.http.HttpServer2$QuotingInputFilter)
2025-07-05 15:49:00,431 [main] INFO  http.HttpServer2 (HttpServer2.java:addFilter(1018)) - Added filter static_user_filter (class=org.apache.hadoop.http.lib.StaticUserWebFilter$StaticUserFilter) to context hddsDatanode
2025-07-05 15:49:00,432 [main] INFO  http.HttpServer2 (HttpServer2.java:addFilter(1026)) - Added filter static_user_filter (class=org.apache.hadoop.http.lib.StaticUserWebFilter$StaticUserFilter) to context logs
2025-07-05 15:49:00,432 [main] INFO  http.HttpServer2 (HttpServer2.java:addFilter(1026)) - Added filter static_user_filter (class=org.apache.hadoop.http.lib.StaticUserWebFilter$StaticUserFilter) to context static
2025-07-05 15:49:00,432 [main] INFO  http.BaseHttpServer (BaseHttpServer.java:<init>(195)) - HTTP server of hddsDatanode uses base directory /home/runner/work/ozone/ozone/hadoop-ozone/integration-test/target/test-dir/MiniOzoneClusterImpl-0a3c97a5-d59a-4532-afef-c4940c4c02aa/ozone-meta/datanode-7/meta/webserver
2025-07-05 15:49:00,433 [main] INFO  http.HttpServer2 (HttpServer2.java:bindListener(1242)) - Jetty bound to port 15058
2025-07-05 15:49:00,433 [main] INFO  server.Server (Server.java:doStart(375)) - jetty-9.4.57.v20241219; built: 2025-01-08T21:24:30.412Z; git: df524e6b29271c2e09ba9aea83c18dc9db464a31; jvm 21.0.7+6-LTS
2025-07-05 15:49:00,434 [main] INFO  server.session (DefaultSessionIdManager.java:doStart(334)) - DefaultSessionIdManager workerName=node0
2025-07-05 15:49:00,435 [main] INFO  server.session (DefaultSessionIdManager.java:doStart(339)) - No SessionScavenger set, using defaults
2025-07-05 15:49:00,435 [main] INFO  server.session (HouseKeeper.java:startScavenging(132)) - node0 Scavenging every 600000ms
2025-07-05 15:49:00,436 [main] INFO  handler.ContextHandler (ContextHandler.java:doStart(921)) - Started o.e.j.s.ServletContextHandler@63309711{logs,/logs,file:///home/runner/work/ozone/ozone/hadoop-ozone/integration-test/target/log,AVAILABLE}
2025-07-05 15:49:00,436 [main] INFO  handler.ContextHandler (ContextHandler.java:doStart(921)) - Started o.e.j.s.ServletContextHandler@5d79ff6c{static,/static,jar:file:/home/runner/work/ozone/ozone/hadoop-hdds/container-service/target/hdds-container-service-2.1.0-SNAPSHOT.jar!/webapps/static,AVAILABLE}
2025-07-05 15:49:00,584 [main] INFO  handler.ContextHandler (ContextHandler.java:doStart(921)) - Started o.e.j.w.WebAppContext@4e80e1b5{hddsDatanode,/,file:///home/runner/work/ozone/ozone/hadoop-ozone/integration-test/target/test-dir/MiniOzoneClusterImpl-0a3c97a5-d59a-4532-afef-c4940c4c02aa/ozone-meta/datanode-7/meta/webserver/jetty-0_0_0_0-15058-hdds-container-service-2_1_0-SNAPSHOT_jar-_-any-16472363366724913542/webapp/,AVAILABLE}{jar:file:/home/runner/work/ozone/ozone/hadoop-hdds/container-service/target/hdds-container-service-2.1.0-SNAPSHOT.jar!/webapps/hddsDatanode}
2025-07-05 15:49:00,585 [main] INFO  server.AbstractConnector (AbstractConnector.java:doStart(333)) - Started ServerConnector@29b343c7{HTTP/1.1, (http/1.1)}{0.0.0.0:15058}
2025-07-05 15:49:00,585 [main] INFO  server.Server (Server.java:doStart(415)) - Started @47704ms
2025-07-05 15:49:00,585 [main] WARN  impl.MetricsSystemImpl (MetricsSystemImpl.java:register(279)) - Sink prometheus already exists!
2025-07-05 15:49:00,585 [main] INFO  http.BaseHttpServer (BaseHttpServer.java:updateConnectorAddress(359)) - HTTP server of hddsDatanode listening at http://localhost:15058
2025-07-05 15:49:00,586 [main] INFO  ipc.CallQueueManager (CallQueueManager.java:<init>(93)) - Using callQueue: class java.util.concurrent.LinkedBlockingQueue, queueCapacity: 1000, scheduler: class org.apache.hadoop.ipc.DefaultRpcScheduler, ipcBackoff: false, ipcFailOver: false.
2025-07-05 15:49:00,586 [main] INFO  ipc.Server (Server.java:<init>(1438)) - Listener at 0.0.0.0:15059
2025-07-05 15:49:00,587 [Socket Reader #1 for port 15059] INFO  ipc.Server (Server.java:run(1474)) - Starting Socket Reader #1 for port 15059
2025-07-05 15:49:00,587 [Socket Reader #2 for port 15059] INFO  ipc.Server (Server.java:run(1474)) - Starting Socket Reader #2 for port 15059
2025-07-05 15:49:00,587 [Socket Reader #3 for port 15059] INFO  ipc.Server (Server.java:run(1474)) - Starting Socket Reader #3 for port 15059
2025-07-05 15:49:00,588 [Socket Reader #4 for port 15059] INFO  ipc.Server (Server.java:run(1474)) - Starting Socket Reader #4 for port 15059
2025-07-05 15:49:00,588 [Socket Reader #5 for port 15059] INFO  ipc.Server (Server.java:run(1474)) - Starting Socket Reader #5 for port 15059
2025-07-05 15:49:00,589 [Socket Reader #6 for port 15059] INFO  ipc.Server (Server.java:run(1474)) - Starting Socket Reader #6 for port 15059
2025-07-05 15:49:00,589 [Socket Reader #7 for port 15059] INFO  ipc.Server (Server.java:run(1474)) - Starting Socket Reader #7 for port 15059
2025-07-05 15:49:00,589 [Socket Reader #8 for port 15059] INFO  ipc.Server (Server.java:run(1474)) - Starting Socket Reader #8 for port 15059
2025-07-05 15:49:00,589 [Socket Reader #9 for port 15059] INFO  ipc.Server (Server.java:run(1474)) - Starting Socket Reader #9 for port 15059
2025-07-05 15:49:00,590 [Socket Reader #10 for port 15059] INFO  ipc.Server (Server.java:run(1474)) - Starting Socket Reader #10 for port 15059
2025-07-05 15:49:00,591 [main] INFO  ozone.HddsDatanodeService (HddsDatanodeService.java:start(333)) - Datanode start with admins: [admin, runner]
2025-07-05 15:49:00,591 [main] INFO  ozone.HddsDatanodeClientProtocolServer (HddsDatanodeClientProtocolServer.java:start(76)) - RPC server for Client /0.0.0.0:15059
2025-07-05 15:49:00,592 [IPC Server Responder] INFO  ipc.Server (Server.java:run(1713)) - IPC Server Responder: starting
2025-07-05 15:49:00,592 [IPC Server listener on 15059] INFO  ipc.Server (Server.java:run(1553)) - IPC Server listener on 15059: starting
]]></system-out>
  </testcase>
  <testcase name="testUnhealthyContainer" classname="org.apache.hadoop.ozone.client.rpc.TestContainerStateMachineFailures" time="49.578">
    <system-out><![CDATA[2025-07-05 15:49:00,595 [092257cb-ba5a-4f8a-9b9c-d44861eaa450-DatanodeStateMachineDaemonThread] INFO  statemachine.DatanodeStateMachine (DatanodeStateMachine.java:startStateMachineThread(347)) - Ozone container server started.
2025-07-05 15:49:00,603 [092257cb-ba5a-4f8a-9b9c-d44861eaa450-DatanodeStateMachineTaskThread-0] INFO  datanode.InitDatanodeState (InitDatanodeState.java:persistContainerDatanodeDetails(139)) - DatanodeDetails is persisted to /home/runner/work/ozone/ozone/hadoop-ozone/integration-test/target/test-dir/MiniOzoneClusterImpl-0a3c97a5-d59a-4532-afef-c4940c4c02aa/ozone-meta/datanode-7/meta/datanode.id
2025-07-05 15:49:00,624 [d8f38f7e-70e8-450f-85ae-2cee56d3f445-ChunkWriter-3-0] WARN  statemachine.DatanodeConfiguration (DatanodeConfiguration.java:validateMinFreeSpace(751)) - hdds.datanode.volume.min.free.space.percent = -1.0 is invalid, should be between 0 and 1
2025-07-05 15:49:00,624 [d8f38f7e-70e8-450f-85ae-2cee56d3f445-ChunkWriter-3-0] WARN  statemachine.DatanodeConfiguration (DatanodeConfiguration.java:validateMinFreeSpace(751)) - hdds.datanode.volume.min.free.space.percent = -1.0 is invalid, should be between 0 and 1
2025-07-05 15:49:00,645 [d8f38f7e-70e8-450f-85ae-2cee56d3f445-ChunkWriter-3-0] ERROR helpers.ContainerUtils (ContainerUtils.java:getChunkDir(273)) - Chunks dir /home/runner/work/ozone/ozone/hadoop-ozone/integration-test/target/test-dir/MiniOzoneClusterImpl-0a3c97a5-d59a-4532-afef-c4940c4c02aa/ozone-meta/datanode-9/data-0/hdds/0a3c97a5-d59a-4532-afef-c4940c4c02aa/current/containerDir0/7/chunks does not exist
2025-07-05 15:49:00,646 [d8f38f7e-70e8-450f-85ae-2cee56d3f445-ChunkWriter-3-0] WARN  keyvalue.KeyValueHandler (ContainerUtils.java:logAndReturnError(94)) - Operation: WriteChunk , Trace ID:  , Message: Chunks directory /home/runner/work/ozone/ozone/hadoop-ozone/integration-test/target/test-dir/MiniOzoneClusterImpl-0a3c97a5-d59a-4532-afef-c4940c4c02aa/ozone-meta/datanode-9/data-0/hdds/0a3c97a5-d59a-4532-afef-c4940c4c02aa/current/containerDir0/7/chunks does not exist. , Result: UNABLE_TO_FIND_DATA_DIR , StorageContainerException Occurred.
org.apache.hadoop.hdds.scm.container.common.helpers.StorageContainerException: Chunks directory /home/runner/work/ozone/ozone/hadoop-ozone/integration-test/target/test-dir/MiniOzoneClusterImpl-0a3c97a5-d59a-4532-afef-c4940c4c02aa/ozone-meta/datanode-9/data-0/hdds/0a3c97a5-d59a-4532-afef-c4940c4c02aa/current/containerDir0/7/chunks does not exist.
	at org.apache.hadoop.ozone.container.common.helpers.ContainerUtils.getChunkDir(ContainerUtils.java:275)
	at org.apache.hadoop.ozone.container.common.impl.ContainerLayoutVersion.getChunkFile(ContainerLayoutVersion.java:115)
	at org.apache.hadoop.ozone.container.keyvalue.impl.FilePerBlockStrategy.getChunkFile(FilePerBlockStrategy.java:300)
	at org.apache.hadoop.ozone.container.keyvalue.impl.FilePerBlockStrategy.writeChunk(FilePerBlockStrategy.java:148)
	at org.apache.hadoop.ozone.container.keyvalue.impl.ChunkManagerDispatcher.writeChunk(ChunkManagerDispatcher.java:70)
	at org.apache.hadoop.ozone.container.keyvalue.KeyValueHandler.handleWriteChunk(KeyValueHandler.java:1029)
	at org.apache.hadoop.ozone.container.keyvalue.KeyValueHandler.dispatchRequest(KeyValueHandler.java:342)
	at org.apache.hadoop.ozone.container.keyvalue.KeyValueHandler.handle(KeyValueHandler.java:293)
	at org.apache.hadoop.ozone.container.common.impl.HddsDispatcher.dispatchRequest(HddsDispatcher.java:365)
	at org.apache.hadoop.ozone.container.common.impl.HddsDispatcher.lambda$dispatch$1(HddsDispatcher.java:190)
	at org.apache.hadoop.hdds.server.OzoneProtocolMessageDispatcher.processRequest(OzoneProtocolMessageDispatcher.java:87)
	at org.apache.hadoop.ozone.container.common.impl.HddsDispatcher.dispatch(HddsDispatcher.java:189)
	at org.apache.hadoop.ozone.container.common.transport.server.ratis.ContainerStateMachine.dispatchCommand(ContainerStateMachine.java:567)
	at org.apache.hadoop.ozone.container.common.transport.server.ratis.ContainerStateMachine.lambda$writeStateMachineData$2(ContainerStateMachine.java:622)
	at java.base/java.util.concurrent.FutureTask.run(FutureTask.java:317)
	at java.base/java.util.concurrent.ThreadPoolExecutor.runWorker(ThreadPoolExecutor.java:1144)
	at java.base/java.util.concurrent.ThreadPoolExecutor$Worker.run(ThreadPoolExecutor.java:642)
	at java.base/java.lang.Thread.run(Thread.java:1583)
2025-07-05 15:49:00,650 [d8f38f7e-70e8-450f-85ae-2cee56d3f445-ChunkWriter-3-0] WARN  keyvalue.KeyValueContainer (KeyValueContainer.java:markContainerUnhealthy(397)) - Marked container UNHEALTHY from OPEN: KeyValueContainerData #7 (UNHEALTHY, non-empty, ri=0, origin=[dn_d8f38f7e-70e8-450f-85ae-2cee56d3f445, pipeline_e6b93728-3fa6-44fd-b8ff-85d4d12ad658])
2025-07-05 15:49:00,651 [d8f38f7e-70e8-450f-85ae-2cee56d3f445-ChunkWriter-3-0] WARN  keyvalue.KeyValueHandler (KeyValueHandler.java:updateAndGetContainerChecksum(1451)) - Container data checksum updated from 0 to 1bdd5b56
2025-07-05T15:49:00.651943596Z d8f38f7e-70e8-450f-85ae-2cee56d3f445-ChunkWriter-3-0 ERROR ID=7 | Index=0 | BCSID=2 | State=UNHEALTHY | Volume=/home/runner/work/ozone/ozone/hadoop-ozone/integration-test/target/test-dir/MiniOzoneClusterImpl-0a3c97a5-d59a-4532-afef-c4940c4c02aa/ozone-meta/datanode-9/data-0/hdds | DataChecksum=1bdd5b56 | Container has 1 error: WRITE_FAILURE for file /home/runner/work/ozone/ozone/hadoop-ozone/integration-test/target/test-dir/MiniOzoneClusterImpl-0a3c97a5-d59a-4532-afef-c4940c4c02aa/ozone-meta/datanode-9/data-0/hdds/0a3c97a5-d59a-4532-afef-c4940c4c02aa/current/containerDir0/7 with exception: org.apache.hadoop.hdds.scm.container.common.helpers.StorageContainerException2025-07-05 15:49:00,653 [d8f38f7e-70e8-450f-85ae-2cee56d3f445-ChunkWriter-3-0] INFO  impl.HddsDispatcher (HddsDispatcher.java:dispatchRequest(411)) - Marked Container UNHEALTHY, ContainerID: 7
2025-07-05 15:49:00,654 [FixedThreadPoolWithAffinityExecutor-8-0] INFO  container.IncrementalContainerReportHandler (AbstractContainerReportHandler.java:updateContainerState(253)) - FINALIZE (i.e. CLOSING) Container #7 (OPEN, sid=0) r0 (UNHEALTHY, bcsid=2, origin=d8f38f7e-70e8-450f-85ae-2cee56d3f445, non-empty) from dn d8f38f7e-70e8-450f-85ae-2cee56d3f445(localhost/127.0.0.1)
2025-07-05T15:49:00.654594518Z d8f38f7e-70e8-450f-85ae-2cee56d3f445-ChunkWriter-3-0 ERROR user=null | ip=null | op=WRITE_CHUNK {blockData=conID: 7 locID: 115816896921600007 bcsId: 2 replicaIndex: 0, offset=5, size=5, stage=WRITE_DATA} | ret=FAILURE
java.lang.Exception: Chunks directory /home/runner/work/ozone/ozone/hadoop-ozone/integration-test/target/test-dir/MiniOzoneClusterImpl-0a3c97a5-d59a-4532-afef-c4940c4c02aa/ozone-meta/datanode-9/data-0/hdds/0a3c97a5-d59a-4532-afef-c4940c4c02aa/current/containerDir0/7/chunks does not exist.
	at org.apache.hadoop.ozone.container.common.impl.HddsDispatcher.dispatchRequest(HddsDispatcher.java:439)
	at org.apache.hadoop.ozone.container.common.impl.HddsDispatcher.lambda$dispatch$1(HddsDispatcher.java:190)
	at org.apache.hadoop.hdds.server.OzoneProtocolMessageDispatcher.processRequest(OzoneProtocolMessageDispatcher.java:87)
	at org.apache.hadoop.ozone.container.common.impl.HddsDispatcher.dispatch(HddsDispatcher.java:189)
	at org.apache.hadoop.ozone.container.common.transport.server.ratis.ContainerStateMachine.dispatchCommand(ContainerStateMachine.java:567)
	at org.apache.hadoop.ozone.container.common.transport.server.ratis.ContainerStateMachine.lambda$writeStateMachineData$2(ContainerStateMachine.java:622)
	at java.base/java.util.concurrent.FutureTask.run(FutureTask.java:317)
	at java.base/java.util.concurrent.ThreadPoolExecutor.runWorker(ThreadPoolExecutor.java:1144)
	at java.base/java.util.concurrent.ThreadPoolExecutor$Worker.run(ThreadPoolExecutor.java:642)
	at java.base/java.lang.Thread.run(Thread.java:1583)
2025-07-05 15:49:00,654 [d8f38f7e-70e8-450f-85ae-2cee56d3f445-ChunkWriter-3-0] ERROR ratis.ContainerStateMachine (ContainerStateMachine.java:handleCommandResult(662)) - group-85D4D12AD658: writeChunk writeStateMachineData failed: blockIdcontainerID: 7
localID: 115816896921600007
blockCommitSequenceId: 2
replicaIndex: 0
 logIndex 4 chunkName 115816896921600007_chunk_2 Error message: Chunks directory /home/runner/work/ozone/ozone/hadoop-ozone/integration-test/target/test-dir/MiniOzoneClusterImpl-0a3c97a5-d59a-4532-afef-c4940c4c02aa/ozone-meta/datanode-9/data-0/hdds/0a3c97a5-d59a-4532-afef-c4940c4c02aa/current/containerDir0/7/chunks does not exist. Container Result: UNABLE_TO_FIND_DATA_DIR
2025-07-05 15:49:00,655 [d8f38f7e-70e8-450f-85ae-2cee56d3f445@group-85D4D12AD658-SegmentedRaftLogWorker] ERROR ratis.ContainerStateMachine (ContainerStateMachine.java:notifyLogFailed(1268)) - group-85D4D12AD658: (t:1, i:4) cmdType: WriteChunk traceID: "" containerID: 7 datanodeUuid: "d8f38f7e-70e8-450f-85ae-2cee56d3f445" pipelineID: "e6b93728-3fa6-44fd-b8ff-85d4d12ad658" writeChunk { blockID { containerID: 7 localID: 115816896921600007 blockCommitSequenceId: 2 replicaIndex: 0 } chunkData { chunkName: "115816896921600007_chunk_2" offset: 5 len: 5 checksumData { type: CRC32 bytesPerChecksum: 16384 checksums: "\350a\3440" } } } version: 3, container path=/home/runner/work/ozone/ozone/hadoop-ozone/integration-test/target/test-dir/MiniOzoneClusterImpl-0a3c97a5-d59a-4532-afef-c4940c4c02aa/ozone-meta/datanode-9/data-0/hdds/0a3c97a5-d59a-4532-afef-c4940c4c02aa/current/containerDir0/7
org.apache.hadoop.hdds.scm.container.common.helpers.StorageContainerException: Chunks directory /home/runner/work/ozone/ozone/hadoop-ozone/integration-test/target/test-dir/MiniOzoneClusterImpl-0a3c97a5-d59a-4532-afef-c4940c4c02aa/ozone-meta/datanode-9/data-0/hdds/0a3c97a5-d59a-4532-afef-c4940c4c02aa/current/containerDir0/7/chunks does not exist.
	at org.apache.hadoop.ozone.container.common.transport.server.ratis.ContainerStateMachine.handleCommandResult(ContainerStateMachine.java:661)
	at org.apache.hadoop.ozone.container.common.transport.server.ratis.ContainerStateMachine.lambda$writeStateMachineData$2(ContainerStateMachine.java:623)
	at java.base/java.util.concurrent.FutureTask.run(FutureTask.java:317)
	at java.base/java.util.concurrent.ThreadPoolExecutor.runWorker(ThreadPoolExecutor.java:1144)
	at java.base/java.util.concurrent.ThreadPoolExecutor$Worker.run(ThreadPoolExecutor.java:642)
	at java.base/java.lang.Thread.run(Thread.java:1583)
2025-07-05 15:49:00,655 [d8f38f7e-70e8-450f-85ae-2cee56d3f445@group-85D4D12AD658-SegmentedRaftLogWorker] WARN  ratis.XceiverServerRatis (XceiverServerRatis.java:triggerPipelineClose(758)) - pipeline Action CLOSE on pipeline Pipeline-e6b93728-3fa6-44fd-b8ff-85d4d12ad658.Reason : Chunks directory /home/runner/work/ozone/ozone/hadoop-ozone/integration-test/target/test-dir/MiniOzoneClusterImpl-0a3c97a5-d59a-4532-afef-c4940c4c02aa/ozone-meta/datanode-9/data-0/hdds/0a3c97a5-d59a-4532-afef-c4940c4c02aa/current/containerDir0/7/chunks does not exist.
2025-07-05 15:49:00,658 [d8f38f7e-70e8-450f-85ae-2cee56d3f445@group-85D4D12AD658-SegmentedRaftLogWorker] ERROR raftlog.RaftLog (RaftLogBase.java:lambda$appendImpl$3(197)) - d8f38f7e-70e8-450f-85ae-2cee56d3f445@group-85D4D12AD658-SegmentedRaftLog: Failed to write log entry (t:1, i:4), STATEMACHINELOGENTRY, cmdType: WriteChunk traceID: "" containerID: 7 datanodeUuid: "d8f38f7e-70e8-450f-85ae-2cee56d3f445" pipelineID: "e6b93728-3fa6-44fd-b8ff-85d4d12ad658" writeChunk { blockID { containerID: 7 localID: 115816896921600007 blockCommitSequenceId: 2 replicaIndex: 0 } chunkData { chunkName: "115816896921600007_chunk_2" offset: 5 len: 5 checksumData { type: CRC32 bytesPerChecksum: 16384 checksums: "\350a\3440" } } } version: 3, container path=/home/runner/work/ozone/ozone/hadoop-ozone/integration-test/target/test-dir/MiniOzoneClusterImpl-0a3c97a5-d59a-4532-afef-c4940c4c02aa/ozone-meta/datanode-9/data-0/hdds/0a3c97a5-d59a-4532-afef-c4940c4c02aa/current/containerDir0/7
org.apache.hadoop.hdds.scm.container.common.helpers.StorageContainerException: Chunks directory /home/runner/work/ozone/ozone/hadoop-ozone/integration-test/target/test-dir/MiniOzoneClusterImpl-0a3c97a5-d59a-4532-afef-c4940c4c02aa/ozone-meta/datanode-9/data-0/hdds/0a3c97a5-d59a-4532-afef-c4940c4c02aa/current/containerDir0/7/chunks does not exist.
	at org.apache.hadoop.ozone.container.common.transport.server.ratis.ContainerStateMachine.handleCommandResult(ContainerStateMachine.java:661)
	at org.apache.hadoop.ozone.container.common.transport.server.ratis.ContainerStateMachine.lambda$writeStateMachineData$2(ContainerStateMachine.java:623)
	at java.base/java.util.concurrent.FutureTask.run(FutureTask.java:317)
	at java.base/java.util.concurrent.ThreadPoolExecutor.runWorker(ThreadPoolExecutor.java:1144)
	at java.base/java.util.concurrent.ThreadPoolExecutor$Worker.run(ThreadPoolExecutor.java:642)
	at java.base/java.lang.Thread.run(Thread.java:1583)
2025-07-05 15:49:00,658 [EventQueue-CloseContainerForCloseContainerEventHandler] INFO  container.CloseContainerEventHandler (CloseContainerEventHandler.java:onMessage(88)) - Close container Event triggered for container : #7, current state: OPEN
2025-07-05 15:49:00,658 [d8f38f7e-70e8-450f-85ae-2cee56d3f445@group-85D4D12AD658-cacheEviction-AwaitToRun] INFO  util.AwaitToRun (AwaitToRun.java:run(49)) - d8f38f7e-70e8-450f-85ae-2cee56d3f445@group-85D4D12AD658-cacheEviction-AwaitToRun-AwaitForSignal is interrupted
2025-07-05 15:49:00,658 [EventQueue-PipelineActionsForPipelineActionHandler] INFO  pipeline.PipelineActionHandler (PipelineActionHandler.java:processPipelineAction(89)) - Received pipeline action CLOSE for Pipeline-e6b93728-3fa6-44fd-b8ff-85d4d12ad658 from datanode d8f38f7e-70e8-450f-85ae-2cee56d3f445(localhost/127.0.0.1). Reason : Chunks directory /home/runner/work/ozone/ozone/hadoop-ozone/integration-test/target/test-dir/MiniOzoneClusterImpl-0a3c97a5-d59a-4532-afef-c4940c4c02aa/ozone-meta/datanode-9/data-0/hdds/0a3c97a5-d59a-4532-afef-c4940c4c02aa/current/containerDir0/7/chunks does not exist.
2025-07-05 15:49:00,661 [pool-380-thread-1] WARN  keyvalue.KeyValueHandler (KeyValueHandler.java:updateAndGetContainerChecksum(1451)) - Container data checksum updated from 1bdd5b56 to 0
2025-07-05 15:49:00,662 [pool-380-thread-1] ERROR ozoneimpl.OnDemandContainerDataScanner (ContainerScanHelper.java:handleUnhealthyScanResult(93)) - Corruption detected in container [7]. Marking it UNHEALTHY. Container has 1 error: MISSING_CHUNKS_DIR for file /home/runner/work/ozone/ozone/hadoop-ozone/integration-test/target/test-dir/MiniOzoneClusterImpl-0a3c97a5-d59a-4532-afef-c4940c4c02aa/ozone-meta/datanode-9/data-0/hdds/0a3c97a5-d59a-4532-afef-c4940c4c02aa/current/containerDir0/7/chunks with exception: java.io.FileNotFoundException: Chunks directory /home/runner/work/ozone/ozone/hadoop-ozone/integration-test/target/test-dir/MiniOzoneClusterImpl-0a3c97a5-d59a-4532-afef-c4940c4c02aa/ozone-meta/datanode-9/data-0/hdds/0a3c97a5-d59a-4532-afef-c4940c4c02aa/current/containerDir0/7/chunks not found.
2025-07-05 15:49:00,667 [EventQueue-PipelineActionsForPipelineActionHandler] INFO  pipeline.PipelineManagerImpl (PipelineManagerImpl.java:closeContainersForPipeline(489)) - Container #7 closed for pipeline=Pipeline-e6b93728-3fa6-44fd-b8ff-85d4d12ad658
2025-07-05 15:49:00,668 [EventQueue-CloseContainerForCloseContainerEventHandler] INFO  container.CloseContainerEventHandler (CloseContainerEventHandler.java:onMessage(88)) - Close container Event triggered for container : #7, current state: CLOSING
2025-07-05 15:49:00,671 [EventQueue-PipelineActionsForPipelineActionHandler] INFO  pipeline.PipelineManagerImpl (PipelineManagerImpl.java:closePipeline(511)) - Pipeline Pipeline-e6b93728-3fa6-44fd-b8ff-85d4d12ad658 moved to CLOSED state
2025-07-05 15:49:00,671 [EventQueue-PipelineActionsForPipelineActionHandler] INFO  pipeline.PipelineActionHandler (PipelineActionHandler.java:processPipelineAction(89)) - Received pipeline action CLOSE for Pipeline-e6b93728-3fa6-44fd-b8ff-85d4d12ad658 from datanode d8f38f7e-70e8-450f-85ae-2cee56d3f445(localhost/127.0.0.1). Reason : Chunks directory /home/runner/work/ozone/ozone/hadoop-ozone/integration-test/target/test-dir/MiniOzoneClusterImpl-0a3c97a5-d59a-4532-afef-c4940c4c02aa/ozone-meta/datanode-9/data-0/hdds/0a3c97a5-d59a-4532-afef-c4940c4c02aa/current/containerDir0/7/chunks does not exist.
2025-07-05 15:49:00,863 [EventQueue-PipelineActionsForPipelineActionHandler] INFO  pipeline.PipelineActionHandler (PipelineActionHandler.java:processPipelineAction(89)) - Received pipeline action CLOSE for Pipeline-e6b93728-3fa6-44fd-b8ff-85d4d12ad658 from datanode d8f38f7e-70e8-450f-85ae-2cee56d3f445(localhost/127.0.0.1). Reason : Chunks directory /home/runner/work/ozone/ozone/hadoop-ozone/integration-test/target/test-dir/MiniOzoneClusterImpl-0a3c97a5-d59a-4532-afef-c4940c4c02aa/ozone-meta/datanode-9/data-0/hdds/0a3c97a5-d59a-4532-afef-c4940c4c02aa/current/containerDir0/7/chunks does not exist.
2025-07-05 15:49:01,063 [EventQueue-PipelineActionsForPipelineActionHandler] INFO  pipeline.PipelineActionHandler (PipelineActionHandler.java:processPipelineAction(89)) - Received pipeline action CLOSE for Pipeline-e6b93728-3fa6-44fd-b8ff-85d4d12ad658 from datanode d8f38f7e-70e8-450f-85ae-2cee56d3f445(localhost/127.0.0.1). Reason : Chunks directory /home/runner/work/ozone/ozone/hadoop-ozone/integration-test/target/test-dir/MiniOzoneClusterImpl-0a3c97a5-d59a-4532-afef-c4940c4c02aa/ozone-meta/datanode-9/data-0/hdds/0a3c97a5-d59a-4532-afef-c4940c4c02aa/current/containerDir0/7/chunks does not exist.
2025-07-05 15:49:01,098 [092257cb-ba5a-4f8a-9b9c-d44861eaa450-ContainerReader-0] INFO  ozoneimpl.ContainerReader (ContainerReader.java:readVolume(144)) - Start to verify containers on volume /home/runner/work/ozone/ozone/hadoop-ozone/integration-test/target/test-dir/MiniOzoneClusterImpl-0a3c97a5-d59a-4532-afef-c4940c4c02aa/ozone-meta/datanode-7/data-0/hdds
2025-07-05 15:49:01,098 [092257cb-ba5a-4f8a-9b9c-d44861eaa450-ContainerReader-0] INFO  ozoneimpl.ContainerReader (ContainerReader.java:readVolume(174)) - Finish verifying containers on volume /home/runner/work/ozone/ozone/hadoop-ozone/integration-test/target/test-dir/MiniOzoneClusterImpl-0a3c97a5-d59a-4532-afef-c4940c4c02aa/ozone-meta/datanode-7/data-0/hdds
2025-07-05 15:49:01,099 [092257cb-ba5a-4f8a-9b9c-d44861eaa450-EndpointStateMachineTaskThread-/0.0.0.0:15002-0 ] WARN  impl.ContainerSet (ContainerSet.java:lambda$buildMissingContainerSetAndValidate$2(524)) - Adding container 5 to missing container set.
2025-07-05 15:49:01,099 [092257cb-ba5a-4f8a-9b9c-d44861eaa450-EndpointStateMachineTaskThread-/0.0.0.0:15002-0 ] INFO  ozoneimpl.OzoneContainer (OzoneContainer.java:buildContainerSet(370)) - Build ContainerSet costs 0s
2025-07-05 15:49:01,099 [092257cb-ba5a-4f8a-9b9c-d44861eaa450-EndpointStateMachineTaskThread-/0.0.0.0:15002-0 ] INFO  volume.ThrottledAsyncChecker (ThrottledAsyncChecker.java:schedule(138)) - Scheduling a check for /home/runner/work/ozone/ozone/hadoop-ozone/integration-test/target/test-dir/MiniOzoneClusterImpl-0a3c97a5-d59a-4532-afef-c4940c4c02aa/ozone-meta/datanode-7/data-0/hdds
2025-07-05 15:49:01,100 [092257cb-ba5a-4f8a-9b9c-d44861eaa450-EndpointStateMachineTaskThread-/0.0.0.0:15002-0 ] INFO  volume.StorageVolumeChecker (StorageVolumeChecker.java:checkAllVolumes(215)) - Scheduled health check for volume /home/runner/work/ozone/ozone/hadoop-ozone/integration-test/target/test-dir/MiniOzoneClusterImpl-0a3c97a5-d59a-4532-afef-c4940c4c02aa/ozone-meta/datanode-7/data-0/hdds
2025-07-05 15:49:01,103 [092257cb-ba5a-4f8a-9b9c-d44861eaa450-EndpointStateMachineTaskThread-/0.0.0.0:15002-0 ] INFO  volume.ThrottledAsyncChecker (ThrottledAsyncChecker.java:schedule(138)) - Scheduling a check for /home/runner/work/ozone/ozone/hadoop-ozone/integration-test/target/test-dir/MiniOzoneClusterImpl-0a3c97a5-d59a-4532-afef-c4940c4c02aa/ozone-meta/datanode-7/ratis4c5ba393-9d54-4a23-9e27-5237d04f58cc
2025-07-05 15:49:01,103 [092257cb-ba5a-4f8a-9b9c-d44861eaa450-EndpointStateMachineTaskThread-/0.0.0.0:15002-0 ] INFO  volume.StorageVolumeChecker (StorageVolumeChecker.java:checkAllVolumes(215)) - Scheduled health check for volume /home/runner/work/ozone/ozone/hadoop-ozone/integration-test/target/test-dir/MiniOzoneClusterImpl-0a3c97a5-d59a-4532-afef-c4940c4c02aa/ozone-meta/datanode-7/ratis4c5ba393-9d54-4a23-9e27-5237d04f58cc
2025-07-05 15:49:01,104 [092257cb-ba5a-4f8a-9b9c-d44861eaa450-EndpointStateMachineTaskThread-/0.0.0.0:15002-0 ] INFO  ozoneimpl.OzoneContainer (OzoneContainer.java:start(520)) - Attempting to start container services.
2025-07-05 15:49:01,104 [ContainerMetadataScanner] INFO  ozoneimpl.AbstractBackgroundContainerScanner (AbstractBackgroundContainerScanner.java:runIteration(89)) - Completed an iteration in 0 minutes. Number of iterations (since the data-node restart) : 1, Number of containers scanned in this iteration : 0, Number of unhealthy containers found in this iteration : 0
2025-07-05 15:49:01,105 [ContainerDataScanner(/home/runner/work/ozone/ozone/hadoop-ozone/integration-test/target/test-dir/MiniOzoneClusterImpl-0a3c97a5-d59a-4532-afef-c4940c4c02aa/ozone-meta/datanode-7/data-0/hdds)] INFO  ozoneimpl.AbstractBackgroundContainerScanner (AbstractBackgroundContainerScanner.java:runIteration(89)) - Completed an iteration in 0 minutes. Number of iterations (since the data-node restart) : 1, Number of containers scanned in this iteration : 0, Number of unhealthy containers found in this iteration : 0
2025-07-05 15:49:01,105 [092257cb-ba5a-4f8a-9b9c-d44861eaa450-EndpointStateMachineTaskThread-/0.0.0.0:15002-0 ] INFO  replication.ReplicationServer (ReplicationServer.java:start(137)) - ReplicationServer is started using port 15065
2025-07-05 15:49:01,105 [092257cb-ba5a-4f8a-9b9c-d44861eaa450-EndpointStateMachineTaskThread-/0.0.0.0:15002-0 ] INFO  ratis.XceiverServerRatis (XceiverServerRatis.java:start(559)) - Starting XceiverServerRatis(092257cb-ba5a-4f8a-9b9c-d44861eaa450)
2025-07-05 15:49:01,106 [092257cb-ba5a-4f8a-9b9c-d44861eaa450-EndpointStateMachineTaskThread-/0.0.0.0:15002-0 ] INFO  server.RaftServer (RaftServerProxy.java:startImpl(412)) - 092257cb-ba5a-4f8a-9b9c-d44861eaa450: start RPC server
2025-07-05 15:49:01,106 [092257cb-ba5a-4f8a-9b9c-d44861eaa450-EndpointStateMachineTaskThread-/0.0.0.0:15002-0 ] INFO  server.GrpcServicesImpl (GrpcServicesImpl.java:startImpl(346)) - 092257cb-ba5a-4f8a-9b9c-d44861eaa450: GrpcServicesImpl started, listening on 15061
2025-07-05 15:49:01,107 [092257cb-ba5a-4f8a-9b9c-d44861eaa450-EndpointStateMachineTaskThread-/0.0.0.0:15002-0 ] INFO  server.GrpcServicesImpl (GrpcServicesImpl.java:startImpl(346)) - 092257cb-ba5a-4f8a-9b9c-d44861eaa450: GrpcServicesImpl started, listening on 15063
2025-07-05 15:49:01,107 [092257cb-ba5a-4f8a-9b9c-d44861eaa450-EndpointStateMachineTaskThread-/0.0.0.0:15002-0 ] INFO  server.GrpcServicesImpl (GrpcServicesImpl.java:startImpl(346)) - 092257cb-ba5a-4f8a-9b9c-d44861eaa450: GrpcServicesImpl started, listening on 15062
2025-07-05 15:49:01,107 [JvmPauseMonitor13] INFO  util.JvmPauseMonitor (JvmPauseMonitor.java:run(146)) - JvmPauseMonitor-092257cb-ba5a-4f8a-9b9c-d44861eaa450: Started
2025-07-05 15:49:01,107 [092257cb-ba5a-4f8a-9b9c-d44861eaa450-EndpointStateMachineTaskThread-/0.0.0.0:15002-0 ] INFO  ratis.XceiverServerRatis (XceiverServerRatis.java:getRealPort(586)) - XceiverServerRatis(092257cb-ba5a-4f8a-9b9c-d44861eaa450) is started using port RATIS=15061
2025-07-05 15:49:01,108 [092257cb-ba5a-4f8a-9b9c-d44861eaa450-EndpointStateMachineTaskThread-/0.0.0.0:15002-0 ] INFO  ratis.XceiverServerRatis (XceiverServerRatis.java:getRealPort(586)) - XceiverServerRatis(092257cb-ba5a-4f8a-9b9c-d44861eaa450) is started using port RATIS_ADMIN=15062
2025-07-05 15:49:01,108 [092257cb-ba5a-4f8a-9b9c-d44861eaa450-EndpointStateMachineTaskThread-/0.0.0.0:15002-0 ] INFO  ratis.XceiverServerRatis (XceiverServerRatis.java:getRealPort(586)) - XceiverServerRatis(092257cb-ba5a-4f8a-9b9c-d44861eaa450) is started using port RATIS_SERVER=15063
2025-07-05 15:49:01,108 [092257cb-ba5a-4f8a-9b9c-d44861eaa450-EndpointStateMachineTaskThread-/0.0.0.0:15002-0 ] INFO  ratis.XceiverServerRatis (XceiverServerRatis.java:getRealPort(586)) - XceiverServerRatis(092257cb-ba5a-4f8a-9b9c-d44861eaa450) is started using port RATIS_DATASTREAM=15064
2025-07-05 15:49:01,108 [092257cb-ba5a-4f8a-9b9c-d44861eaa450-EndpointStateMachineTaskThread-/0.0.0.0:15002-0 ] INFO  utils.BackgroundService (BackgroundService.java:start(118)) - Starting service BlockDeletingService with interval 60000 milliseconds
2025-07-05 15:49:01,108 [092257cb-ba5a-4f8a-9b9c-d44861eaa450-EndpointStateMachineTaskThread-/0.0.0.0:15002-0 ] INFO  utils.BackgroundService (BackgroundService.java:start(118)) - Starting service StaleRecoveringContainerScrubbingService with interval 60000 milliseconds
2025-07-05 15:49:01,262 [EventQueue-PipelineActionsForPipelineActionHandler] INFO  pipeline.PipelineActionHandler (PipelineActionHandler.java:processPipelineAction(89)) - Received pipeline action CLOSE for Pipeline-e6b93728-3fa6-44fd-b8ff-85d4d12ad658 from datanode d8f38f7e-70e8-450f-85ae-2cee56d3f445(localhost/127.0.0.1). Reason : Chunks directory /home/runner/work/ozone/ozone/hadoop-ozone/integration-test/target/test-dir/MiniOzoneClusterImpl-0a3c97a5-d59a-4532-afef-c4940c4c02aa/ozone-meta/datanode-9/data-0/hdds/0a3c97a5-d59a-4532-afef-c4940c4c02aa/current/containerDir0/7/chunks does not exist.
2025-07-05 15:49:01,462 [EventQueue-PipelineActionsForPipelineActionHandler] INFO  pipeline.PipelineActionHandler (PipelineActionHandler.java:processPipelineAction(89)) - Received pipeline action CLOSE for Pipeline-e6b93728-3fa6-44fd-b8ff-85d4d12ad658 from datanode d8f38f7e-70e8-450f-85ae-2cee56d3f445(localhost/127.0.0.1). Reason : Chunks directory /home/runner/work/ozone/ozone/hadoop-ozone/integration-test/target/test-dir/MiniOzoneClusterImpl-0a3c97a5-d59a-4532-afef-c4940c4c02aa/ozone-meta/datanode-9/data-0/hdds/0a3c97a5-d59a-4532-afef-c4940c4c02aa/current/containerDir0/7/chunks does not exist.
2025-07-05 15:49:01,662 [EventQueue-PipelineActionsForPipelineActionHandler] INFO  pipeline.PipelineActionHandler (PipelineActionHandler.java:processPipelineAction(89)) - Received pipeline action CLOSE for Pipeline-e6b93728-3fa6-44fd-b8ff-85d4d12ad658 from datanode d8f38f7e-70e8-450f-85ae-2cee56d3f445(localhost/127.0.0.1). Reason : Chunks directory /home/runner/work/ozone/ozone/hadoop-ozone/integration-test/target/test-dir/MiniOzoneClusterImpl-0a3c97a5-d59a-4532-afef-c4940c4c02aa/ozone-meta/datanode-9/data-0/hdds/0a3c97a5-d59a-4532-afef-c4940c4c02aa/current/containerDir0/7/chunks does not exist.
2025-07-05 15:49:01,841 [a2863246-e653-4b31-a3d0-09f3a93c429f@group-2DA8B140AB24-FollowerState] INFO  impl.FollowerState (FollowerState.java:runImpl(161)) - a2863246-e653-4b31-a3d0-09f3a93c429f@group-2DA8B140AB24-FollowerState: change to CANDIDATE, lastRpcElapsedTime:6439095679ns, electionTimeout:5177ms
2025-07-05 15:49:01,841 [a2863246-e653-4b31-a3d0-09f3a93c429f@group-2DA8B140AB24-FollowerState] INFO  impl.RoleInfo (RoleInfo.java:shutdownFollowerState(121)) - a2863246-e653-4b31-a3d0-09f3a93c429f: shutdown a2863246-e653-4b31-a3d0-09f3a93c429f@group-2DA8B140AB24-FollowerState
2025-07-05 15:49:01,841 [a2863246-e653-4b31-a3d0-09f3a93c429f@group-2DA8B140AB24-FollowerState] INFO  server.RaftServer$Division (RaftServerImpl.java:setRole(392)) - a2863246-e653-4b31-a3d0-09f3a93c429f@group-2DA8B140AB24: changes role from  FOLLOWER to CANDIDATE at term 1 for changeToCandidate
2025-07-05 15:49:01,841 [a2863246-e653-4b31-a3d0-09f3a93c429f@group-2DA8B140AB24-FollowerState] INFO  impl.RoleInfo (RoleInfo.java:updateAndGet(148)) - a2863246-e653-4b31-a3d0-09f3a93c429f: start a2863246-e653-4b31-a3d0-09f3a93c429f@group-2DA8B140AB24-LeaderElection24
2025-07-05 15:49:01,842 [a2863246-e653-4b31-a3d0-09f3a93c429f@group-2DA8B140AB24-LeaderElection24] INFO  server.RaftServer$Division (ServerState.java:setLeader(272)) - a2863246-e653-4b31-a3d0-09f3a93c429f@group-2DA8B140AB24: change Leader from 092257cb-ba5a-4f8a-9b9c-d44861eaa450 to null at term 1 for PRE_VOTE
2025-07-05 15:49:01,842 [a2863246-e653-4b31-a3d0-09f3a93c429f@group-2DA8B140AB24-LeaderElection24] INFO  impl.LeaderElection (LeaderElection.java:askForVotes(448)) - a2863246-e653-4b31-a3d0-09f3a93c429f@group-2DA8B140AB24-LeaderElection24 PRE_VOTE round 0: submit vote requests at term 1 for conf: {index: 0, cur=peers:[092257cb-ba5a-4f8a-9b9c-d44861eaa450|127.0.0.1:15063, d8f38f7e-70e8-450f-85ae-2cee56d3f445|127.0.0.1:15079, a2863246-e653-4b31-a3d0-09f3a93c429f|127.0.0.1:15071]|listeners:[], old=null}
2025-07-05 15:49:01,844 [grpc-default-executor-2] INFO  server.RaftServer$Division (RaftServerImpl.java:requestVote(1421)) - d8f38f7e-70e8-450f-85ae-2cee56d3f445@group-2DA8B140AB24: receive requestVote(PRE_VOTE, a2863246-e653-4b31-a3d0-09f3a93c429f, group-2DA8B140AB24, 1, (t:1, i:0))
2025-07-05 15:49:01,845 [grpc-default-executor-1] WARN  server.GrpcServerProtocolService (LogUtils.java:warn(129)) - 092257cb-ba5a-4f8a-9b9c-d44861eaa450: Failed requestVote a2863246-e653-4b31-a3d0-09f3a93c429f->092257cb-ba5a-4f8a-9b9c-d44861eaa450#0
org.apache.ratis.protocol.exceptions.GroupMismatchException: 092257cb-ba5a-4f8a-9b9c-d44861eaa450: group-2DA8B140AB24 not found.
	at org.apache.ratis.server.impl.RaftServerProxy$ImplMap.get(RaftServerProxy.java:160)
	at org.apache.ratis.server.impl.RaftServerProxy.getImplFuture(RaftServerProxy.java:370)
	at org.apache.ratis.server.impl.RaftServerProxy.getImpl(RaftServerProxy.java:379)
	at org.apache.ratis.server.impl.RaftServerProxy.getImpl(RaftServerProxy.java:374)
	at org.apache.ratis.server.impl.RaftServerProxy.requestVote(RaftServerProxy.java:639)
	at org.apache.ratis.grpc.server.GrpcServerProtocolService.requestVote(GrpcServerProtocolService.java:208)
	at org.apache.ratis.proto.grpc.RaftServerProtocolServiceGrpc$MethodHandlers.invoke(RaftServerProtocolServiceGrpc.java:499)
	at org.apache.ratis.thirdparty.io.grpc.stub.ServerCalls$UnaryServerCallHandler$UnaryServerCallListener.onHalfClose(ServerCalls.java:182)
	at org.apache.ratis.thirdparty.io.grpc.internal.ServerCallImpl$ServerStreamListenerImpl.halfClosed(ServerCallImpl.java:356)
	at org.apache.ratis.thirdparty.io.grpc.internal.ServerImpl$JumpToApplicationThreadServerStreamListener$1HalfClosed.runInContext(ServerImpl.java:861)
	at org.apache.ratis.thirdparty.io.grpc.internal.ContextRunnable.run(ContextRunnable.java:37)
	at org.apache.ratis.thirdparty.io.grpc.internal.SerializingExecutor.run(SerializingExecutor.java:133)
	at java.base/java.util.concurrent.ThreadPoolExecutor.runWorker(ThreadPoolExecutor.java:1144)
	at java.base/java.util.concurrent.ThreadPoolExecutor$Worker.run(ThreadPoolExecutor.java:642)
	at java.base/java.lang.Thread.run(Thread.java:1583)
2025-07-05 15:49:01,845 [grpc-default-executor-2] INFO  impl.VoteContext (VoteContext.java:log(49)) - d8f38f7e-70e8-450f-85ae-2cee56d3f445@group-2DA8B140AB24-FOLLOWER: accept PRE_VOTE from a2863246-e653-4b31-a3d0-09f3a93c429f: our priority 0 <= candidate's priority 0
2025-07-05 15:49:01,845 [grpc-default-executor-2] INFO  server.RaftServer$Division (RaftServerImpl.java:requestVote(1455)) - d8f38f7e-70e8-450f-85ae-2cee56d3f445@group-2DA8B140AB24 replies to PRE_VOTE vote request: a2863246-e653-4b31-a3d0-09f3a93c429f<-d8f38f7e-70e8-450f-85ae-2cee56d3f445#0:OK-t1-last:(t:1, i:0). Peer's state: d8f38f7e-70e8-450f-85ae-2cee56d3f445@group-2DA8B140AB24:t1, leader=092257cb-ba5a-4f8a-9b9c-d44861eaa450, voted=092257cb-ba5a-4f8a-9b9c-d44861eaa450, raftlog=Memoized:d8f38f7e-70e8-450f-85ae-2cee56d3f445@group-2DA8B140AB24-SegmentedRaftLog:OPENED:c0:last(t:1, i:0), conf=conf: {index: 0, cur=peers:[092257cb-ba5a-4f8a-9b9c-d44861eaa450|127.0.0.1:15063, d8f38f7e-70e8-450f-85ae-2cee56d3f445|127.0.0.1:15079, a2863246-e653-4b31-a3d0-09f3a93c429f|127.0.0.1:15071]|listeners:[], old=null}
2025-07-05 15:49:01,847 [a2863246-e653-4b31-a3d0-09f3a93c429f@group-2DA8B140AB24-LeaderElection24] INFO  impl.LeaderElection (LogUtils.java:infoOrTrace(142)) - a2863246-e653-4b31-a3d0-09f3a93c429f@group-2DA8B140AB24-LeaderElection24 got exception when requesting votes: java.util.concurrent.ExecutionException: org.apache.ratis.thirdparty.io.grpc.StatusRuntimeException: INTERNAL: 092257cb-ba5a-4f8a-9b9c-d44861eaa450: group-2DA8B140AB24 not found.
2025-07-05 15:49:01,847 [a2863246-e653-4b31-a3d0-09f3a93c429f@group-2DA8B140AB24-LeaderElection24] INFO  impl.LeaderElection (LeaderElection.java:logAndReturn(206)) - a2863246-e653-4b31-a3d0-09f3a93c429f@group-2DA8B140AB24-LeaderElection24: PRE_VOTE PASSED received 1 response(s) and 1 exception(s):
2025-07-05 15:49:01,847 [a2863246-e653-4b31-a3d0-09f3a93c429f@group-2DA8B140AB24-LeaderElection24] INFO  impl.LeaderElection (LeaderElection.java:logAndReturn(210)) -   Response 0: a2863246-e653-4b31-a3d0-09f3a93c429f<-d8f38f7e-70e8-450f-85ae-2cee56d3f445#0:OK-t1-last:(t:1, i:0)
2025-07-05 15:49:01,848 [a2863246-e653-4b31-a3d0-09f3a93c429f@group-2DA8B140AB24-LeaderElection24] INFO  impl.LeaderElection (LogUtils.java:infoOrTrace(142)) -   Exception 1: java.util.concurrent.ExecutionException: org.apache.ratis.thirdparty.io.grpc.StatusRuntimeException: INTERNAL: 092257cb-ba5a-4f8a-9b9c-d44861eaa450: group-2DA8B140AB24 not found.
2025-07-05 15:49:01,848 [a2863246-e653-4b31-a3d0-09f3a93c429f@group-2DA8B140AB24-LeaderElection24] INFO  impl.LeaderElection (LeaderElection.java:askForVotes(450)) - a2863246-e653-4b31-a3d0-09f3a93c429f@group-2DA8B140AB24-LeaderElection24 PRE_VOTE round 0: result PASSED
2025-07-05 15:49:01,849 [a2863246-e653-4b31-a3d0-09f3a93c429f@group-2DA8B140AB24-LeaderElection24] INFO  impl.LeaderElection (LeaderElection.java:askForVotes(448)) - a2863246-e653-4b31-a3d0-09f3a93c429f@group-2DA8B140AB24-LeaderElection24 ELECTION round 0: submit vote requests at term 2 for conf: {index: 0, cur=peers:[092257cb-ba5a-4f8a-9b9c-d44861eaa450|127.0.0.1:15063, d8f38f7e-70e8-450f-85ae-2cee56d3f445|127.0.0.1:15079, a2863246-e653-4b31-a3d0-09f3a93c429f|127.0.0.1:15071]|listeners:[], old=null}
2025-07-05 15:49:01,851 [grpc-default-executor-1] WARN  server.GrpcServerProtocolService (LogUtils.java:warn(129)) - 092257cb-ba5a-4f8a-9b9c-d44861eaa450: Failed requestVote a2863246-e653-4b31-a3d0-09f3a93c429f->092257cb-ba5a-4f8a-9b9c-d44861eaa450#0
org.apache.ratis.protocol.exceptions.GroupMismatchException: 092257cb-ba5a-4f8a-9b9c-d44861eaa450: group-2DA8B140AB24 not found.
	at org.apache.ratis.server.impl.RaftServerProxy$ImplMap.get(RaftServerProxy.java:160)
	at org.apache.ratis.server.impl.RaftServerProxy.getImplFuture(RaftServerProxy.java:370)
	at org.apache.ratis.server.impl.RaftServerProxy.getImpl(RaftServerProxy.java:379)
	at org.apache.ratis.server.impl.RaftServerProxy.getImpl(RaftServerProxy.java:374)
	at org.apache.ratis.server.impl.RaftServerProxy.requestVote(RaftServerProxy.java:639)
	at org.apache.ratis.grpc.server.GrpcServerProtocolService.requestVote(GrpcServerProtocolService.java:208)
	at org.apache.ratis.proto.grpc.RaftServerProtocolServiceGrpc$MethodHandlers.invoke(RaftServerProtocolServiceGrpc.java:499)
	at org.apache.ratis.thirdparty.io.grpc.stub.ServerCalls$UnaryServerCallHandler$UnaryServerCallListener.onHalfClose(ServerCalls.java:182)
	at org.apache.ratis.thirdparty.io.grpc.internal.ServerCallImpl$ServerStreamListenerImpl.halfClosed(ServerCallImpl.java:356)
	at org.apache.ratis.thirdparty.io.grpc.internal.ServerImpl$JumpToApplicationThreadServerStreamListener$1HalfClosed.runInContext(ServerImpl.java:861)
	at org.apache.ratis.thirdparty.io.grpc.internal.ContextRunnable.run(ContextRunnable.java:37)
	at org.apache.ratis.thirdparty.io.grpc.internal.SerializingExecutor.run(SerializingExecutor.java:133)
	at java.base/java.util.concurrent.ThreadPoolExecutor.runWorker(ThreadPoolExecutor.java:1144)
	at java.base/java.util.concurrent.ThreadPoolExecutor$Worker.run(ThreadPoolExecutor.java:642)
	at java.base/java.lang.Thread.run(Thread.java:1583)
2025-07-05 15:49:01,851 [grpc-default-executor-2] INFO  server.RaftServer$Division (RaftServerImpl.java:requestVote(1421)) - d8f38f7e-70e8-450f-85ae-2cee56d3f445@group-2DA8B140AB24: receive requestVote(ELECTION, a2863246-e653-4b31-a3d0-09f3a93c429f, group-2DA8B140AB24, 2, (t:1, i:0))
2025-07-05 15:49:01,851 [grpc-default-executor-2] INFO  impl.VoteContext (VoteContext.java:log(49)) - d8f38f7e-70e8-450f-85ae-2cee56d3f445@group-2DA8B140AB24-FOLLOWER: accept ELECTION from a2863246-e653-4b31-a3d0-09f3a93c429f: our priority 0 <= candidate's priority 0
2025-07-05 15:49:01,851 [grpc-default-executor-2] INFO  server.RaftServer$Division (RaftServerImpl.java:setRole(392)) - d8f38f7e-70e8-450f-85ae-2cee56d3f445@group-2DA8B140AB24: changes role from  FOLLOWER to FOLLOWER at term 1 for candidate:a2863246-e653-4b31-a3d0-09f3a93c429f
2025-07-05 15:49:01,851 [grpc-default-executor-2] INFO  impl.RoleInfo (RoleInfo.java:shutdownFollowerState(121)) - d8f38f7e-70e8-450f-85ae-2cee56d3f445: shutdown d8f38f7e-70e8-450f-85ae-2cee56d3f445@group-2DA8B140AB24-FollowerState
2025-07-05 15:49:01,851 [grpc-default-executor-2] INFO  server.RaftServer$Division (ServerState.java:setLeader(272)) - d8f38f7e-70e8-450f-85ae-2cee56d3f445@group-2DA8B140AB24: change Leader from 092257cb-ba5a-4f8a-9b9c-d44861eaa450 to null at term 2 for updateCurrentTerm
2025-07-05 15:49:01,851 [grpc-default-executor-2] INFO  impl.RoleInfo (RoleInfo.java:updateAndGet(148)) - d8f38f7e-70e8-450f-85ae-2cee56d3f445: start d8f38f7e-70e8-450f-85ae-2cee56d3f445@group-2DA8B140AB24-FollowerState
2025-07-05 15:49:01,851 [d8f38f7e-70e8-450f-85ae-2cee56d3f445@group-2DA8B140AB24-FollowerState] INFO  impl.FollowerState (FollowerState.java:runImpl(170)) - d8f38f7e-70e8-450f-85ae-2cee56d3f445@group-2DA8B140AB24-FollowerState was interrupted
2025-07-05 15:49:01,852 [a2863246-e653-4b31-a3d0-09f3a93c429f@group-2DA8B140AB24-LeaderElection24] INFO  impl.LeaderElection (LogUtils.java:infoOrTrace(142)) - a2863246-e653-4b31-a3d0-09f3a93c429f@group-2DA8B140AB24-LeaderElection24 got exception when requesting votes: java.util.concurrent.ExecutionException: org.apache.ratis.thirdparty.io.grpc.StatusRuntimeException: INTERNAL: 092257cb-ba5a-4f8a-9b9c-d44861eaa450: group-2DA8B140AB24 not found.
2025-07-05 15:49:01,852 [grpc-default-executor-2] INFO  server.RaftServer$Division (RaftServerImpl.java:requestVote(1455)) - d8f38f7e-70e8-450f-85ae-2cee56d3f445@group-2DA8B140AB24 replies to ELECTION vote request: a2863246-e653-4b31-a3d0-09f3a93c429f<-d8f38f7e-70e8-450f-85ae-2cee56d3f445#0:OK-t2-last:(t:1, i:0). Peer's state: d8f38f7e-70e8-450f-85ae-2cee56d3f445@group-2DA8B140AB24:t2, leader=null, voted=a2863246-e653-4b31-a3d0-09f3a93c429f, raftlog=Memoized:d8f38f7e-70e8-450f-85ae-2cee56d3f445@group-2DA8B140AB24-SegmentedRaftLog:OPENED:c0:last(t:1, i:0), conf=conf: {index: 0, cur=peers:[092257cb-ba5a-4f8a-9b9c-d44861eaa450|127.0.0.1:15063, d8f38f7e-70e8-450f-85ae-2cee56d3f445|127.0.0.1:15079, a2863246-e653-4b31-a3d0-09f3a93c429f|127.0.0.1:15071]|listeners:[], old=null}
2025-07-05 15:49:01,854 [a2863246-e653-4b31-a3d0-09f3a93c429f@group-2DA8B140AB24-LeaderElection24] INFO  impl.LeaderElection (LeaderElection.java:logAndReturn(206)) - a2863246-e653-4b31-a3d0-09f3a93c429f@group-2DA8B140AB24-LeaderElection24: ELECTION PASSED received 1 response(s) and 1 exception(s):
2025-07-05 15:49:01,854 [a2863246-e653-4b31-a3d0-09f3a93c429f@group-2DA8B140AB24-LeaderElection24] INFO  impl.LeaderElection (LeaderElection.java:logAndReturn(210)) -   Response 0: a2863246-e653-4b31-a3d0-09f3a93c429f<-d8f38f7e-70e8-450f-85ae-2cee56d3f445#0:OK-t2-last:(t:1, i:0)
2025-07-05 15:49:01,854 [a2863246-e653-4b31-a3d0-09f3a93c429f@group-2DA8B140AB24-LeaderElection24] INFO  impl.LeaderElection (LogUtils.java:infoOrTrace(142)) -   Exception 1: java.util.concurrent.ExecutionException: org.apache.ratis.thirdparty.io.grpc.StatusRuntimeException: INTERNAL: 092257cb-ba5a-4f8a-9b9c-d44861eaa450: group-2DA8B140AB24 not found.
2025-07-05 15:49:01,854 [a2863246-e653-4b31-a3d0-09f3a93c429f@group-2DA8B140AB24-LeaderElection24] INFO  impl.LeaderElection (LeaderElection.java:askForVotes(450)) - a2863246-e653-4b31-a3d0-09f3a93c429f@group-2DA8B140AB24-LeaderElection24 ELECTION round 0: result PASSED
2025-07-05 15:49:01,854 [a2863246-e653-4b31-a3d0-09f3a93c429f@group-2DA8B140AB24-LeaderElection24] INFO  impl.RoleInfo (RoleInfo.java:shutdownLeaderElection(141)) - a2863246-e653-4b31-a3d0-09f3a93c429f: shutdown a2863246-e653-4b31-a3d0-09f3a93c429f@group-2DA8B140AB24-LeaderElection24
2025-07-05 15:49:01,854 [a2863246-e653-4b31-a3d0-09f3a93c429f@group-2DA8B140AB24-LeaderElection24] INFO  server.RaftServer$Division (RaftServerImpl.java:setRole(392)) - a2863246-e653-4b31-a3d0-09f3a93c429f@group-2DA8B140AB24: changes role from CANDIDATE to LEADER at term 2 for changeToLeader
2025-07-05 15:49:01,854 [a2863246-e653-4b31-a3d0-09f3a93c429f@group-2DA8B140AB24-LeaderElection24] INFO  server.RaftServerConfigKeys (ConfUtils.java:logFallback(69)) - raft.server.staging.timeout = 15600ms (fallback to raft.server.rpc.timeout.max)
2025-07-05 15:49:01,855 [a2863246-e653-4b31-a3d0-09f3a93c429f@group-2DA8B140AB24-LeaderElection24] INFO  server.RaftServerConfigKeys (ConfUtils.java:logGet(62)) - raft.server.write.byte-limit = 1024 M (=1073741824) (custom)
2025-07-05 15:49:01,856 [a2863246-e653-4b31-a3d0-09f3a93c429f@group-2DA8B140AB24-LeaderElection24] INFO  server.RaftServerConfigKeys (ConfUtils.java:logGet(62)) - raft.server.log.appender.buffer.byte-limit = 33554432 (custom)
2025-07-05 15:49:01,857 [a2863246-e653-4b31-a3d0-09f3a93c429f@group-2DA8B140AB24-LeaderElection24] INFO  server.RaftServerConfigKeys (ConfUtils.java:logGet(62)) - raft.server.log.appender.buffer.byte-limit = 33554432 (custom)
2025-07-05 15:49:01,857 [a2863246-e653-4b31-a3d0-09f3a93c429f@group-2DA8B140AB24-LeaderElection24] INFO  impl.RoleInfo (RoleInfo.java:updateAndGet(148)) - a2863246-e653-4b31-a3d0-09f3a93c429f: start a2863246-e653-4b31-a3d0-09f3a93c429f@group-2DA8B140AB24-LeaderStateImpl
2025-07-05 15:49:01,857 [a2863246-e653-4b31-a3d0-09f3a93c429f@group-2DA8B140AB24-LeaderElection24] INFO  ratis.XceiverServerRatis (XceiverServerRatis.java:handleLeaderChangedNotification(944)) - Leader change notification received for group: group-2DA8B140AB24 with new leaderId: a2863246-e653-4b31-a3d0-09f3a93c429f
2025-07-05 15:49:01,858 [a2863246-e653-4b31-a3d0-09f3a93c429f@group-2DA8B140AB24-LeaderElection24] INFO  server.RaftServer$Division (ServerState.java:setLeader(272)) - a2863246-e653-4b31-a3d0-09f3a93c429f@group-2DA8B140AB24: change Leader from null to a2863246-e653-4b31-a3d0-09f3a93c429f at term 2 for becomeLeader, leader elected after 15ms
2025-07-05 15:49:01,858 [a2863246-e653-4b31-a3d0-09f3a93c429f@group-2DA8B140AB24-LeaderElection24] INFO  segmented.SegmentedRaftLogWorker (SegmentedRaftLogWorker.java:rollLogSegment(445)) - a2863246-e653-4b31-a3d0-09f3a93c429f@group-2DA8B140AB24-SegmentedRaftLogWorker: Rolling segment log-0_0 to index:0
2025-07-05 15:49:01,858 [a2863246-e653-4b31-a3d0-09f3a93c429f@group-2DA8B140AB24-LeaderElection24] INFO  server.RaftServer$Division (ServerState.java:setRaftConf(386)) - a2863246-e653-4b31-a3d0-09f3a93c429f@group-2DA8B140AB24: set configuration conf: {index: 1, cur=peers:[092257cb-ba5a-4f8a-9b9c-d44861eaa450|127.0.0.1:15063, d8f38f7e-70e8-450f-85ae-2cee56d3f445|127.0.0.1:15079, a2863246-e653-4b31-a3d0-09f3a93c429f|127.0.0.1:15071]|listeners:[], old=null}
2025-07-05 15:49:01,860 [a2863246-e653-4b31-a3d0-09f3a93c429f@group-2DA8B140AB24-SegmentedRaftLogWorker] INFO  segmented.SegmentedRaftLogWorker (SegmentedRaftLogWorker.java:execute(604)) - a2863246-e653-4b31-a3d0-09f3a93c429f@group-2DA8B140AB24-SegmentedRaftLogWorker: Rolled log segment from /home/runner/work/ozone/ozone/hadoop-ozone/integration-test/target/test-dir/MiniOzoneClusterImpl-0a3c97a5-d59a-4532-afef-c4940c4c02aa/ozone-meta/datanode-8/ratis/9e1d7ac4-d74c-4252-8298-2da8b140ab24/current/log_inprogress_0 to /home/runner/work/ozone/ozone/hadoop-ozone/integration-test/target/test-dir/MiniOzoneClusterImpl-0a3c97a5-d59a-4532-afef-c4940c4c02aa/ozone-meta/datanode-8/ratis/9e1d7ac4-d74c-4252-8298-2da8b140ab24/current/log_0-0
2025-07-05 15:49:01,861 [a2863246-e653-4b31-a3d0-09f3a93c429f@group-2DA8B140AB24-SegmentedRaftLogWorker] INFO  segmented.BufferedWriteChannel (BufferedWriteChannel.java:open(61)) - open log_inprogress_1 at position 0
2025-07-05 15:49:01,866 [EventQueue-PipelineActionsForPipelineActionHandler] INFO  pipeline.PipelineActionHandler (PipelineActionHandler.java:processPipelineAction(89)) - Received pipeline action CLOSE for Pipeline-e6b93728-3fa6-44fd-b8ff-85d4d12ad658 from datanode d8f38f7e-70e8-450f-85ae-2cee56d3f445(localhost/127.0.0.1). Reason : Chunks directory /home/runner/work/ozone/ozone/hadoop-ozone/integration-test/target/test-dir/MiniOzoneClusterImpl-0a3c97a5-d59a-4532-afef-c4940c4c02aa/ozone-meta/datanode-9/data-0/hdds/0a3c97a5-d59a-4532-afef-c4940c4c02aa/current/containerDir0/7/chunks does not exist.
2025-07-05 15:49:01,866 [grpc-default-executor-3] WARN  server.GrpcServerProtocolService (LogUtils.java:warn(129)) - 092257cb-ba5a-4f8a-9b9c-d44861eaa450: Failed APPEND_ENTRIES request a2863246-e653-4b31-a3d0-09f3a93c429f->092257cb-ba5a-4f8a-9b9c-d44861eaa450#1-t2,previous=(t:1, i:0),leaderCommit=0,initializing? false,entries: size=1, first=(t:2, i:1), CONFIGURATIONENTRY(current:id:"092257cb-ba5a-4f8a-9b9c-d44861eaa450"address:"127.0.0.1:15063"priority:1dataStreamAddress:"127.0.0.1:15064"clientAddress:"127.0.0.1:15061"adminAddress:"127.0.0.1:15062"startupRole:FOLLOWER, id:"d8f38f7e-70e8-450f-85ae-2cee56d3f445"address:"127.0.0.1:15079"dataStreamAddress:"127.0.0.1:15080"clientAddress:"127.0.0.1:15077"adminAddress:"127.0.0.1:15078"startupRole:FOLLOWER, id:"a2863246-e653-4b31-a3d0-09f3a93c429f"address:"127.0.0.1:15071"dataStreamAddress:"127.0.0.1:15072"clientAddress:"127.0.0.1:15069"adminAddress:"127.0.0.1:15070"startupRole:FOLLOWER, old:)
java.util.concurrent.CompletionException: org.apache.ratis.protocol.exceptions.GroupMismatchException: 092257cb-ba5a-4f8a-9b9c-d44861eaa450: group-2DA8B140AB24 not found.
	at java.base/java.util.concurrent.CompletableFuture.encodeThrowable(CompletableFuture.java:332)
	at java.base/java.util.concurrent.CompletableFuture.uniComposeStage(CompletableFuture.java:1177)
	at java.base/java.util.concurrent.CompletableFuture.thenCompose(CompletableFuture.java:2341)
	at org.apache.ratis.server.impl.RaftServerProxy.appendEntriesAsync(RaftServerProxy.java:651)
	at org.apache.ratis.grpc.server.GrpcServerProtocolService$1.process(GrpcServerProtocolService.java:245)
	at org.apache.ratis.grpc.server.GrpcServerProtocolService$1.process(GrpcServerProtocolService.java:242)
	at org.apache.ratis.grpc.server.GrpcServerProtocolService$ServerRequestStreamObserver.onNext(GrpcServerProtocolService.java:150)
	at org.apache.ratis.thirdparty.io.grpc.stub.ServerCalls$StreamingServerCallHandler$StreamingServerCallListener.onMessage(ServerCalls.java:262)
	at org.apache.ratis.thirdparty.io.grpc.internal.ServerCallImpl$ServerStreamListenerImpl.messagesAvailableInternal(ServerCallImpl.java:334)
	at org.apache.ratis.thirdparty.io.grpc.internal.ServerCallImpl$ServerStreamListenerImpl.messagesAvailable(ServerCallImpl.java:319)
	at org.apache.ratis.thirdparty.io.grpc.internal.ServerImpl$JumpToApplicationThreadServerStreamListener$1MessagesAvailable.runInContext(ServerImpl.java:834)
	at org.apache.ratis.thirdparty.io.grpc.internal.ContextRunnable.run(ContextRunnable.java:37)
	at org.apache.ratis.thirdparty.io.grpc.internal.SerializingExecutor.run(SerializingExecutor.java:133)
	at java.base/java.util.concurrent.ThreadPoolExecutor.runWorker(ThreadPoolExecutor.java:1144)
	at java.base/java.util.concurrent.ThreadPoolExecutor$Worker.run(ThreadPoolExecutor.java:642)
	at java.base/java.lang.Thread.run(Thread.java:1583)
Caused by: org.apache.ratis.protocol.exceptions.GroupMismatchException: 092257cb-ba5a-4f8a-9b9c-d44861eaa450: group-2DA8B140AB24 not found.
	at org.apache.ratis.server.impl.RaftServerProxy$ImplMap.get(RaftServerProxy.java:160)
	at org.apache.ratis.server.impl.RaftServerProxy.getImplFuture(RaftServerProxy.java:370)
	at org.apache.ratis.server.impl.RaftServerProxy.appendEntriesAsync(RaftServerProxy.java:650)
	... 12 more
2025-07-05 15:49:01,866 [grpc-default-executor-4] INFO  ratis.XceiverServerRatis (XceiverServerRatis.java:handleLeaderChangedNotification(944)) - Leader change notification received for group: group-2DA8B140AB24 with new leaderId: a2863246-e653-4b31-a3d0-09f3a93c429f
2025-07-05 15:49:01,869 [grpc-default-executor-4] INFO  server.RaftServer$Division (ServerState.java:setLeader(272)) - d8f38f7e-70e8-450f-85ae-2cee56d3f445@group-2DA8B140AB24: change Leader from null to a2863246-e653-4b31-a3d0-09f3a93c429f at term 2 for appendEntries, leader elected after 15ms
2025-07-05 15:49:01,870 [grpc-default-executor-4] INFO  server.RaftServer$Division (ServerState.java:setRaftConf(386)) - d8f38f7e-70e8-450f-85ae-2cee56d3f445@group-2DA8B140AB24: set configuration conf: {index: 1, cur=peers:[092257cb-ba5a-4f8a-9b9c-d44861eaa450|127.0.0.1:15063, d8f38f7e-70e8-450f-85ae-2cee56d3f445|127.0.0.1:15079, a2863246-e653-4b31-a3d0-09f3a93c429f|127.0.0.1:15071]|listeners:[], old=null}
2025-07-05 15:49:01,870 [grpc-default-executor-2] WARN  server.GrpcLogAppender (LogUtils.java:warn(129)) - a2863246-e653-4b31-a3d0-09f3a93c429f@group-2DA8B140AB24->092257cb-ba5a-4f8a-9b9c-d44861eaa450-AppendLogResponseHandler: Failed appendEntries
org.apache.ratis.protocol.exceptions.GroupMismatchException: 092257cb-ba5a-4f8a-9b9c-d44861eaa450: group-2DA8B140AB24 not found.
	at org.apache.ratis.server.impl.RaftServerProxy$ImplMap.get(RaftServerProxy.java:160)
	at org.apache.ratis.server.impl.RaftServerProxy.getImplFuture(RaftServerProxy.java:370)
	at org.apache.ratis.server.impl.RaftServerProxy.appendEntriesAsync(RaftServerProxy.java:650)
	at org.apache.ratis.grpc.server.GrpcServerProtocolService$1.process(GrpcServerProtocolService.java:245)
	at org.apache.ratis.grpc.server.GrpcServerProtocolService$1.process(GrpcServerProtocolService.java:242)
	at org.apache.ratis.grpc.server.GrpcServerProtocolService$ServerRequestStreamObserver.onNext(GrpcServerProtocolService.java:150)
	at org.apache.ratis.thirdparty.io.grpc.stub.ServerCalls$StreamingServerCallHandler$StreamingServerCallListener.onMessage(ServerCalls.java:262)
	at org.apache.ratis.thirdparty.io.grpc.internal.ServerCallImpl$ServerStreamListenerImpl.messagesAvailableInternal(ServerCallImpl.java:334)
	at org.apache.ratis.thirdparty.io.grpc.internal.ServerCallImpl$ServerStreamListenerImpl.messagesAvailable(ServerCallImpl.java:319)
	at org.apache.ratis.thirdparty.io.grpc.internal.ServerImpl$JumpToApplicationThreadServerStreamListener$1MessagesAvailable.runInContext(ServerImpl.java:834)
	at org.apache.ratis.thirdparty.io.grpc.internal.ContextRunnable.run(ContextRunnable.java:37)
	at org.apache.ratis.thirdparty.io.grpc.internal.SerializingExecutor.run(SerializingExecutor.java:133)
	at java.base/java.util.concurrent.ThreadPoolExecutor.runWorker(ThreadPoolExecutor.java:1144)
	at java.base/java.util.concurrent.ThreadPoolExecutor$Worker.run(ThreadPoolExecutor.java:642)
	at java.base/java.lang.Thread.run(Thread.java:1583)
2025-07-05 15:49:01,870 [grpc-default-executor-2] INFO  leader.LogAppender (LogAppenderBase.java:lambda$getNextIndexForError$0(215)) - Decrease nextIndex to 1
2025-07-05 15:49:01,870 [grpc-default-executor-2] INFO  leader.LogAppender (LogAppenderBase.java:lambda$getNextIndexForError$0(215)) - Decrease nextIndex to 1
2025-07-05 15:49:01,870 [grpc-default-executor-2] INFO  leader.FollowerInfo (FollowerInfoImpl.java:info(70)) - a2863246-e653-4b31-a3d0-09f3a93c429f@group-2DA8B140AB24->092257cb-ba5a-4f8a-9b9c-d44861eaa450: computeNextIndex nextIndex: updateUnconditionally 2 -> 1
2025-07-05 15:49:01,870 [grpc-default-executor-4] INFO  segmented.SegmentedRaftLogWorker (SegmentedRaftLogWorker.java:rollLogSegment(445)) - d8f38f7e-70e8-450f-85ae-2cee56d3f445@group-2DA8B140AB24-SegmentedRaftLogWorker: Rolling segment log-0_0 to index:0
2025-07-05 15:49:01,873 [d8f38f7e-70e8-450f-85ae-2cee56d3f445@group-2DA8B140AB24-SegmentedRaftLogWorker] INFO  segmented.SegmentedRaftLogWorker (SegmentedRaftLogWorker.java:execute(604)) - d8f38f7e-70e8-450f-85ae-2cee56d3f445@group-2DA8B140AB24-SegmentedRaftLogWorker: Rolled log segment from /home/runner/work/ozone/ozone/hadoop-ozone/integration-test/target/test-dir/MiniOzoneClusterImpl-0a3c97a5-d59a-4532-afef-c4940c4c02aa/ozone-meta/datanode-9/ratis/9e1d7ac4-d74c-4252-8298-2da8b140ab24/current/log_inprogress_0 to /home/runner/work/ozone/ozone/hadoop-ozone/integration-test/target/test-dir/MiniOzoneClusterImpl-0a3c97a5-d59a-4532-afef-c4940c4c02aa/ozone-meta/datanode-9/ratis/9e1d7ac4-d74c-4252-8298-2da8b140ab24/current/log_0-0
2025-07-05 15:49:01,874 [d8f38f7e-70e8-450f-85ae-2cee56d3f445@group-2DA8B140AB24-SegmentedRaftLogWorker] INFO  segmented.BufferedWriteChannel (BufferedWriteChannel.java:open(61)) - open log_inprogress_1 at position 0
2025-07-05 15:49:01,874 [grpc-default-executor-4] WARN  server.GrpcServerProtocolService (LogUtils.java:warn(129)) - 092257cb-ba5a-4f8a-9b9c-d44861eaa450: Failed APPEND_ENTRIES request a2863246-e653-4b31-a3d0-09f3a93c429f->092257cb-ba5a-4f8a-9b9c-d44861eaa450#2-t2,previous=(t:1, i:0),leaderCommit=0,initializing? false,entries: size=1, first=(t:2, i:1), CONFIGURATIONENTRY(current:id:"092257cb-ba5a-4f8a-9b9c-d44861eaa450"address:"127.0.0.1:15063"priority:1dataStreamAddress:"127.0.0.1:15064"clientAddress:"127.0.0.1:15061"adminAddress:"127.0.0.1:15062"startupRole:FOLLOWER, id:"d8f38f7e-70e8-450f-85ae-2cee56d3f445"address:"127.0.0.1:15079"dataStreamAddress:"127.0.0.1:15080"clientAddress:"127.0.0.1:15077"adminAddress:"127.0.0.1:15078"startupRole:FOLLOWER, id:"a2863246-e653-4b31-a3d0-09f3a93c429f"address:"127.0.0.1:15071"dataStreamAddress:"127.0.0.1:15072"clientAddress:"127.0.0.1:15069"adminAddress:"127.0.0.1:15070"startupRole:FOLLOWER, old:)
java.util.concurrent.CompletionException: org.apache.ratis.protocol.exceptions.GroupMismatchException: 092257cb-ba5a-4f8a-9b9c-d44861eaa450: group-2DA8B140AB24 not found.
	at java.base/java.util.concurrent.CompletableFuture.encodeThrowable(CompletableFuture.java:332)
	at java.base/java.util.concurrent.CompletableFuture.uniComposeStage(CompletableFuture.java:1177)
	at java.base/java.util.concurrent.CompletableFuture.thenCompose(CompletableFuture.java:2341)
	at org.apache.ratis.server.impl.RaftServerProxy.appendEntriesAsync(RaftServerProxy.java:651)
	at org.apache.ratis.grpc.server.GrpcServerProtocolService$1.process(GrpcServerProtocolService.java:245)
	at org.apache.ratis.grpc.server.GrpcServerProtocolService$1.process(GrpcServerProtocolService.java:242)
	at org.apache.ratis.grpc.server.GrpcServerProtocolService$ServerRequestStreamObserver.onNext(GrpcServerProtocolService.java:150)
	at org.apache.ratis.thirdparty.io.grpc.stub.ServerCalls$StreamingServerCallHandler$StreamingServerCallListener.onMessage(ServerCalls.java:262)
	at org.apache.ratis.thirdparty.io.grpc.internal.ServerCallImpl$ServerStreamListenerImpl.messagesAvailableInternal(ServerCallImpl.java:334)
	at org.apache.ratis.thirdparty.io.grpc.internal.ServerCallImpl$ServerStreamListenerImpl.messagesAvailable(ServerCallImpl.java:319)
	at org.apache.ratis.thirdparty.io.grpc.internal.ServerImpl$JumpToApplicationThreadServerStreamListener$1MessagesAvailable.runInContext(ServerImpl.java:834)
	at org.apache.ratis.thirdparty.io.grpc.internal.ContextRunnable.run(ContextRunnable.java:37)
	at org.apache.ratis.thirdparty.io.grpc.internal.SerializingExecutor.run(SerializingExecutor.java:133)
	at java.base/java.util.concurrent.ThreadPoolExecutor.runWorker(ThreadPoolExecutor.java:1144)
	at java.base/java.util.concurrent.ThreadPoolExecutor$Worker.run(ThreadPoolExecutor.java:642)
	at java.base/java.lang.Thread.run(Thread.java:1583)
Caused by: org.apache.ratis.protocol.exceptions.GroupMismatchException: 092257cb-ba5a-4f8a-9b9c-d44861eaa450: group-2DA8B140AB24 not found.
	at org.apache.ratis.server.impl.RaftServerProxy$ImplMap.get(RaftServerProxy.java:160)
	at org.apache.ratis.server.impl.RaftServerProxy.getImplFuture(RaftServerProxy.java:370)
	at org.apache.ratis.server.impl.RaftServerProxy.appendEntriesAsync(RaftServerProxy.java:650)
	... 12 more
2025-07-05 15:49:01,874 [a2863246-e653-4b31-a3d0-09f3a93c429f@group-2DA8B140AB24-SegmentedRaftLogWorker] INFO  segmented.SegmentedRaftLogWorker (SegmentedRaftLogWorker.java:execute(647)) - a2863246-e653-4b31-a3d0-09f3a93c429f@group-2DA8B140AB24-SegmentedRaftLogWorker: created new log segment /home/runner/work/ozone/ozone/hadoop-ozone/integration-test/target/test-dir/MiniOzoneClusterImpl-0a3c97a5-d59a-4532-afef-c4940c4c02aa/ozone-meta/datanode-8/ratis/9e1d7ac4-d74c-4252-8298-2da8b140ab24/current/log_inprogress_1
2025-07-05 15:49:01,875 [grpc-default-executor-4] INFO  leader.LogAppender (LogAppenderBase.java:lambda$getNextIndexForError$0(215)) - Decrease nextIndex to 1
2025-07-05 15:49:01,875 [grpc-default-executor-4] INFO  leader.LogAppender (LogAppenderBase.java:lambda$getNextIndexForError$0(215)) - Decrease nextIndex to 1
2025-07-05 15:49:01,875 [grpc-default-executor-4] INFO  leader.FollowerInfo (FollowerInfoImpl.java:info(70)) - a2863246-e653-4b31-a3d0-09f3a93c429f@group-2DA8B140AB24->092257cb-ba5a-4f8a-9b9c-d44861eaa450: computeNextIndex nextIndex: updateUnconditionally 2 -> 1
2025-07-05 15:49:01,884 [d8f38f7e-70e8-450f-85ae-2cee56d3f445@group-2DA8B140AB24-SegmentedRaftLogWorker] INFO  segmented.SegmentedRaftLogWorker (SegmentedRaftLogWorker.java:execute(647)) - d8f38f7e-70e8-450f-85ae-2cee56d3f445@group-2DA8B140AB24-SegmentedRaftLogWorker: created new log segment /home/runner/work/ozone/ozone/hadoop-ozone/integration-test/target/test-dir/MiniOzoneClusterImpl-0a3c97a5-d59a-4532-afef-c4940c4c02aa/ozone-meta/datanode-9/ratis/9e1d7ac4-d74c-4252-8298-2da8b140ab24/current/log_inprogress_1
2025-07-05 15:49:01,887 [a2863246-e653-4b31-a3d0-09f3a93c429f@group-2DA8B140AB24-StateMachineUpdater] INFO  server.RaftServer$Division (LeaderStateImpl.java:checkStartIndex(309)) - Leader a2863246-e653-4b31-a3d0-09f3a93c429f@group-2DA8B140AB24-LeaderStateImpl is ready since appliedIndex == startIndex == 1
2025-07-05 15:49:01,888 [a2863246-e653-4b31-a3d0-09f3a93c429f@group-2DA8B140AB24-StateMachineUpdater] INFO  ratis.ContainerStateMachine (ContainerStateMachine.java:takeSnapshot(427)) - group-2DA8B140AB24: Taking a snapshot at:(t:2, i:1) file /home/runner/work/ozone/ozone/hadoop-ozone/integration-test/target/test-dir/MiniOzoneClusterImpl-0a3c97a5-d59a-4532-afef-c4940c4c02aa/ozone-meta/datanode-8/ratis/9e1d7ac4-d74c-4252-8298-2da8b140ab24/sm/snapshot.2_1
2025-07-05 15:49:01,889 [a2863246-e653-4b31-a3d0-09f3a93c429f@group-2DA8B140AB24-StateMachineUpdater] INFO  ratis.ContainerStateMachine (ContainerStateMachine.java:takeSnapshot(436)) - group-2DA8B140AB24: Finished taking a snapshot at:(t:2, i:1) file:/home/runner/work/ozone/ozone/hadoop-ozone/integration-test/target/test-dir/MiniOzoneClusterImpl-0a3c97a5-d59a-4532-afef-c4940c4c02aa/ozone-meta/datanode-8/ratis/9e1d7ac4-d74c-4252-8298-2da8b140ab24/sm/snapshot.2_1 took: 1 ms
2025-07-05 15:49:01,889 [a2863246-e653-4b31-a3d0-09f3a93c429f@group-2DA8B140AB24-StateMachineUpdater] INFO  impl.StateMachineUpdater (StateMachineUpdater.java:takeSnapshot(307)) - a2863246-e653-4b31-a3d0-09f3a93c429f@group-2DA8B140AB24-StateMachineUpdater: Took a snapshot at index 1
2025-07-05 15:49:01,889 [a2863246-e653-4b31-a3d0-09f3a93c429f@group-2DA8B140AB24-StateMachineUpdater] INFO  impl.StateMachineUpdater (StateMachineUpdater.java:lambda$new$0(101)) - a2863246-e653-4b31-a3d0-09f3a93c429f@group-2DA8B140AB24-StateMachineUpdater: snapshotIndex: updateIncreasingly 0 -> 1
2025-07-05 15:49:01,890 [a2863246-e653-4b31-a3d0-09f3a93c429f@group-2DA8B140AB24-StateMachineUpdater] INFO  ratis.ContainerStateMachine (ContainerStateMachine.java:takeSnapshot(427)) - group-2DA8B140AB24: Taking a snapshot at:(t:2, i:2) file /home/runner/work/ozone/ozone/hadoop-ozone/integration-test/target/test-dir/MiniOzoneClusterImpl-0a3c97a5-d59a-4532-afef-c4940c4c02aa/ozone-meta/datanode-8/ratis/9e1d7ac4-d74c-4252-8298-2da8b140ab24/sm/snapshot.2_2
2025-07-05 15:49:01,890 [d8f38f7e-70e8-450f-85ae-2cee56d3f445@group-2DA8B140AB24-StateMachineUpdater] INFO  ratis.ContainerStateMachine (ContainerStateMachine.java:takeSnapshot(427)) - group-2DA8B140AB24: Taking a snapshot at:(t:2, i:1) file /home/runner/work/ozone/ozone/hadoop-ozone/integration-test/target/test-dir/MiniOzoneClusterImpl-0a3c97a5-d59a-4532-afef-c4940c4c02aa/ozone-meta/datanode-9/ratis/9e1d7ac4-d74c-4252-8298-2da8b140ab24/sm/snapshot.2_1
2025-07-05 15:49:01,890 [grpc-default-executor-4] WARN  server.GrpcServerProtocolService (LogUtils.java:warn(129)) - 092257cb-ba5a-4f8a-9b9c-d44861eaa450: Failed APPEND_ENTRIES request a2863246-e653-4b31-a3d0-09f3a93c429f->092257cb-ba5a-4f8a-9b9c-d44861eaa450#3-t2,previous=(t:1, i:0),leaderCommit=1,initializing? false,entries: size=2, first=(t:2, i:1), CONFIGURATIONENTRY(current:id:"092257cb-ba5a-4f8a-9b9c-d44861eaa450"address:"127.0.0.1:15063"priority:1dataStreamAddress:"127.0.0.1:15064"clientAddress:"127.0.0.1:15061"adminAddress:"127.0.0.1:15062"startupRole:FOLLOWER, id:"d8f38f7e-70e8-450f-85ae-2cee56d3f445"address:"127.0.0.1:15079"dataStreamAddress:"127.0.0.1:15080"clientAddress:"127.0.0.1:15077"adminAddress:"127.0.0.1:15078"startupRole:FOLLOWER, id:"a2863246-e653-4b31-a3d0-09f3a93c429f"address:"127.0.0.1:15071"dataStreamAddress:"127.0.0.1:15072"clientAddress:"127.0.0.1:15069"adminAddress:"127.0.0.1:15070"startupRole:FOLLOWER, old:)
java.util.concurrent.CompletionException: org.apache.ratis.protocol.exceptions.GroupMismatchException: 092257cb-ba5a-4f8a-9b9c-d44861eaa450: group-2DA8B140AB24 not found.
	at java.base/java.util.concurrent.CompletableFuture.encodeThrowable(CompletableFuture.java:332)
	at java.base/java.util.concurrent.CompletableFuture.uniComposeStage(CompletableFuture.java:1177)
	at java.base/java.util.concurrent.CompletableFuture.thenCompose(CompletableFuture.java:2341)
	at org.apache.ratis.server.impl.RaftServerProxy.appendEntriesAsync(RaftServerProxy.java:651)
	at org.apache.ratis.grpc.server.GrpcServerProtocolService$1.process(GrpcServerProtocolService.java:245)
	at org.apache.ratis.grpc.server.GrpcServerProtocolService$1.process(GrpcServerProtocolService.java:242)
	at org.apache.ratis.grpc.server.GrpcServerProtocolService$ServerRequestStreamObserver.onNext(GrpcServerProtocolService.java:150)
	at org.apache.ratis.thirdparty.io.grpc.stub.ServerCalls$StreamingServerCallHandler$StreamingServerCallListener.onMessage(ServerCalls.java:262)
	at org.apache.ratis.thirdparty.io.grpc.internal.ServerCallImpl$ServerStreamListenerImpl.messagesAvailableInternal(ServerCallImpl.java:334)
	at org.apache.ratis.thirdparty.io.grpc.internal.ServerCallImpl$ServerStreamListenerImpl.messagesAvailable(ServerCallImpl.java:319)
	at org.apache.ratis.thirdparty.io.grpc.internal.ServerImpl$JumpToApplicationThreadServerStreamListener$1MessagesAvailable.runInContext(ServerImpl.java:834)
	at org.apache.ratis.thirdparty.io.grpc.internal.ContextRunnable.run(ContextRunnable.java:37)
	at org.apache.ratis.thirdparty.io.grpc.internal.SerializingExecutor.run(SerializingExecutor.java:133)
	at java.base/java.util.concurrent.ThreadPoolExecutor.runWorker(ThreadPoolExecutor.java:1144)
	at java.base/java.util.concurrent.ThreadPoolExecutor$Worker.run(ThreadPoolExecutor.java:642)
	at java.base/java.lang.Thread.run(Thread.java:1583)
Caused by: org.apache.ratis.protocol.exceptions.GroupMismatchException: 092257cb-ba5a-4f8a-9b9c-d44861eaa450: group-2DA8B140AB24 not found.
	at org.apache.ratis.server.impl.RaftServerProxy$ImplMap.get(RaftServerProxy.java:160)
	at org.apache.ratis.server.impl.RaftServerProxy.getImplFuture(RaftServerProxy.java:370)
	at org.apache.ratis.server.impl.RaftServerProxy.appendEntriesAsync(RaftServerProxy.java:650)
	... 12 more
2025-07-05 15:49:01,891 [d8f38f7e-70e8-450f-85ae-2cee56d3f445@group-2DA8B140AB24-StateMachineUpdater] INFO  ratis.ContainerStateMachine (ContainerStateMachine.java:takeSnapshot(436)) - group-2DA8B140AB24: Finished taking a snapshot at:(t:2, i:1) file:/home/runner/work/ozone/ozone/hadoop-ozone/integration-test/target/test-dir/MiniOzoneClusterImpl-0a3c97a5-d59a-4532-afef-c4940c4c02aa/ozone-meta/datanode-9/ratis/9e1d7ac4-d74c-4252-8298-2da8b140ab24/sm/snapshot.2_1 took: 1 ms
2025-07-05 15:49:01,891 [a2863246-e653-4b31-a3d0-09f3a93c429f@group-2DA8B140AB24-StateMachineUpdater] INFO  ratis.ContainerStateMachine (ContainerStateMachine.java:takeSnapshot(436)) - group-2DA8B140AB24: Finished taking a snapshot at:(t:2, i:2) file:/home/runner/work/ozone/ozone/hadoop-ozone/integration-test/target/test-dir/MiniOzoneClusterImpl-0a3c97a5-d59a-4532-afef-c4940c4c02aa/ozone-meta/datanode-8/ratis/9e1d7ac4-d74c-4252-8298-2da8b140ab24/sm/snapshot.2_2 took: 1 ms
2025-07-05 15:49:01,891 [a2863246-e653-4b31-a3d0-09f3a93c429f@group-2DA8B140AB24-StateMachineUpdater] INFO  impl.StateMachineUpdater (StateMachineUpdater.java:takeSnapshot(307)) - a2863246-e653-4b31-a3d0-09f3a93c429f@group-2DA8B140AB24-StateMachineUpdater: Took a snapshot at index 2
2025-07-05 15:49:01,891 [a2863246-e653-4b31-a3d0-09f3a93c429f@group-2DA8B140AB24-StateMachineUpdater] INFO  impl.StateMachineUpdater (StateMachineUpdater.java:lambda$new$0(101)) - a2863246-e653-4b31-a3d0-09f3a93c429f@group-2DA8B140AB24-StateMachineUpdater: snapshotIndex: updateIncreasingly 1 -> 2
2025-07-05 15:49:01,891 [d8f38f7e-70e8-450f-85ae-2cee56d3f445@group-2DA8B140AB24-StateMachineUpdater] INFO  impl.StateMachineUpdater (StateMachineUpdater.java:takeSnapshot(307)) - d8f38f7e-70e8-450f-85ae-2cee56d3f445@group-2DA8B140AB24-StateMachineUpdater: Took a snapshot at index 1
2025-07-05 15:49:01,891 [d8f38f7e-70e8-450f-85ae-2cee56d3f445@group-2DA8B140AB24-StateMachineUpdater] INFO  impl.StateMachineUpdater (StateMachineUpdater.java:lambda$new$0(101)) - d8f38f7e-70e8-450f-85ae-2cee56d3f445@group-2DA8B140AB24-StateMachineUpdater: snapshotIndex: updateIncreasingly 0 -> 1
2025-07-05 15:49:01,892 [grpc-default-executor-1] INFO  leader.LogAppender (LogAppenderBase.java:lambda$getNextIndexForError$0(215)) - Decrease nextIndex to 1
2025-07-05 15:49:01,893 [grpc-default-executor-1] INFO  leader.LogAppender (LogAppenderBase.java:lambda$getNextIndexForError$0(215)) - Decrease nextIndex to 1
2025-07-05 15:49:01,893 [grpc-default-executor-1] INFO  leader.FollowerInfo (FollowerInfoImpl.java:info(70)) - a2863246-e653-4b31-a3d0-09f3a93c429f@group-2DA8B140AB24->092257cb-ba5a-4f8a-9b9c-d44861eaa450: computeNextIndex nextIndex: updateUnconditionally 3 -> 1
2025-07-05 15:49:02,064 [EventQueue-PipelineActionsForPipelineActionHandler] INFO  pipeline.PipelineActionHandler (PipelineActionHandler.java:processPipelineAction(89)) - Received pipeline action CLOSE for Pipeline-e6b93728-3fa6-44fd-b8ff-85d4d12ad658 from datanode d8f38f7e-70e8-450f-85ae-2cee56d3f445(localhost/127.0.0.1). Reason : Chunks directory /home/runner/work/ozone/ozone/hadoop-ozone/integration-test/target/test-dir/MiniOzoneClusterImpl-0a3c97a5-d59a-4532-afef-c4940c4c02aa/ozone-meta/datanode-9/data-0/hdds/0a3c97a5-d59a-4532-afef-c4940c4c02aa/current/containerDir0/7/chunks does not exist.
2025-07-05 15:49:02,264 [EventQueue-PipelineActionsForPipelineActionHandler] INFO  pipeline.PipelineActionHandler (PipelineActionHandler.java:processPipelineAction(89)) - Received pipeline action CLOSE for Pipeline-e6b93728-3fa6-44fd-b8ff-85d4d12ad658 from datanode d8f38f7e-70e8-450f-85ae-2cee56d3f445(localhost/127.0.0.1). Reason : Chunks directory /home/runner/work/ozone/ozone/hadoop-ozone/integration-test/target/test-dir/MiniOzoneClusterImpl-0a3c97a5-d59a-4532-afef-c4940c4c02aa/ozone-meta/datanode-9/data-0/hdds/0a3c97a5-d59a-4532-afef-c4940c4c02aa/current/containerDir0/7/chunks does not exist.
2025-07-05 15:49:02,293 [timer7] INFO  server.GrpcServerProtocolService (GrpcServerProtocolService.java:lambda$onCompleted$6(171)) - a2863246-e653-4b31-a3d0-09f3a93c429f: Completed APPEND_ENTRIES, lastRequest: 092257cb-ba5a-4f8a-9b9c-d44861eaa450->a2863246-e653-4b31-a3d0-09f3a93c429f#1-t1,previous=<PROTO_DEFAULT>,leaderCommit=-1,initializing? false,entries: size=1, first=(t:1, i:0), CONFIGURATIONENTRY(current:id:"092257cb-ba5a-4f8a-9b9c-d44861eaa450"address:"127.0.0.1:15063"priority:1dataStreamAddress:"127.0.0.1:15064"clientAddress:"127.0.0.1:15061"adminAddress:"127.0.0.1:15062"startupRole:FOLLOWER, id:"d8f38f7e-70e8-450f-85ae-2cee56d3f445"address:"127.0.0.1:15079"dataStreamAddress:"127.0.0.1:15080"clientAddress:"127.0.0.1:15077"adminAddress:"127.0.0.1:15078"startupRole:FOLLOWER, id:"a2863246-e653-4b31-a3d0-09f3a93c429f"address:"127.0.0.1:15071"dataStreamAddress:"127.0.0.1:15072"clientAddress:"127.0.0.1:15069"adminAddress:"127.0.0.1:15070"startupRole:FOLLOWER, old:)  (Repeated 2 times in the last 5.002s)
2025-07-05 15:49:02,301 [timer2] INFO  server.GrpcServerProtocolService (GrpcServerProtocolService.java:lambda$null$7(175)) - d8f38f7e-70e8-450f-85ae-2cee56d3f445: Completed APPEND_ENTRIES, lastReply: null  (Repeated 2 times in the last 5.008s)
2025-07-05 15:49:02,301 [timer1] INFO  server.GrpcServerProtocolService (GrpcServerProtocolService.java:lambda$null$7(175)) - a2863246-e653-4b31-a3d0-09f3a93c429f: Completed APPEND_ENTRIES, lastReply: null  (Repeated 2 times in the last 5.008s)
2025-07-05 15:49:02,302 [timer0] INFO  server.GrpcServerProtocolService (GrpcServerProtocolService.java:lambda$onCompleted$6(171)) - d8f38f7e-70e8-450f-85ae-2cee56d3f445: Completed APPEND_ENTRIES, lastRequest: null  (Repeated 2 times in the last 5.010s)
2025-07-05 15:49:02,306 [timer3] WARN  server.GrpcLogAppender (LogUtils.java:warn(127)) - a2863246-e653-4b31-a3d0-09f3a93c429f@group-DDDF55466C04->092257cb-ba5a-4f8a-9b9c-d44861eaa450-AppendLogResponseHandler: Failed appendEntries (Repeated 8 times in the last 5.000s): org.apache.ratis.thirdparty.io.grpc.StatusRuntimeException: UNAVAILABLE: io exception
  Caused by: org.apache.ratis.thirdparty.io.netty.channel.AbstractChannel$AnnotatedConnectException: finishConnect(..) failed: Connection refused: /127.0.0.1:15063
  Caused by: java.net.ConnectException: finishConnect(..) failed: Connection refused
2025-07-05 15:49:02,306 [timer4] WARN  server.GrpcLogAppender (GrpcLogAppender.java:lambda$resetClient$1(228)) - a2863246-e653-4b31-a3d0-09f3a93c429f@group-DDDF55466C04->092257cb-ba5a-4f8a-9b9c-d44861eaa450-GrpcLogAppender: Follower failed (request=null, errorCount=8); keep nextIndex (1) unchanged and retry. (Repeated 8 times in the last 5.000s)
2025-07-05 15:49:02,464 [EventQueue-PipelineActionsForPipelineActionHandler] INFO  pipeline.PipelineActionHandler (PipelineActionHandler.java:processPipelineAction(89)) - Received pipeline action CLOSE for Pipeline-e6b93728-3fa6-44fd-b8ff-85d4d12ad658 from datanode d8f38f7e-70e8-450f-85ae-2cee56d3f445(localhost/127.0.0.1). Reason : Chunks directory /home/runner/work/ozone/ozone/hadoop-ozone/integration-test/target/test-dir/MiniOzoneClusterImpl-0a3c97a5-d59a-4532-afef-c4940c4c02aa/ozone-meta/datanode-9/data-0/hdds/0a3c97a5-d59a-4532-afef-c4940c4c02aa/current/containerDir0/7/chunks does not exist.
2025-07-05 15:49:02,665 [EventQueue-PipelineActionsForPipelineActionHandler] INFO  pipeline.PipelineActionHandler (PipelineActionHandler.java:processPipelineAction(89)) - Received pipeline action CLOSE for Pipeline-e6b93728-3fa6-44fd-b8ff-85d4d12ad658 from datanode d8f38f7e-70e8-450f-85ae-2cee56d3f445(localhost/127.0.0.1). Reason : Chunks directory /home/runner/work/ozone/ozone/hadoop-ozone/integration-test/target/test-dir/MiniOzoneClusterImpl-0a3c97a5-d59a-4532-afef-c4940c4c02aa/ozone-meta/datanode-9/data-0/hdds/0a3c97a5-d59a-4532-afef-c4940c4c02aa/current/containerDir0/7/chunks does not exist.
2025-07-05 15:49:02,865 [EventQueue-PipelineActionsForPipelineActionHandler] INFO  pipeline.PipelineActionHandler (PipelineActionHandler.java:processPipelineAction(89)) - Received pipeline action CLOSE for Pipeline-e6b93728-3fa6-44fd-b8ff-85d4d12ad658 from datanode d8f38f7e-70e8-450f-85ae-2cee56d3f445(localhost/127.0.0.1). Reason : Chunks directory /home/runner/work/ozone/ozone/hadoop-ozone/integration-test/target/test-dir/MiniOzoneClusterImpl-0a3c97a5-d59a-4532-afef-c4940c4c02aa/ozone-meta/datanode-9/data-0/hdds/0a3c97a5-d59a-4532-afef-c4940c4c02aa/current/containerDir0/7/chunks does not exist.
2025-07-05 15:49:03,065 [EventQueue-PipelineActionsForPipelineActionHandler] INFO  pipeline.PipelineActionHandler (PipelineActionHandler.java:processPipelineAction(89)) - Received pipeline action CLOSE for Pipeline-e6b93728-3fa6-44fd-b8ff-85d4d12ad658 from datanode d8f38f7e-70e8-450f-85ae-2cee56d3f445(localhost/127.0.0.1). Reason : Chunks directory /home/runner/work/ozone/ozone/hadoop-ozone/integration-test/target/test-dir/MiniOzoneClusterImpl-0a3c97a5-d59a-4532-afef-c4940c4c02aa/ozone-meta/datanode-9/data-0/hdds/0a3c97a5-d59a-4532-afef-c4940c4c02aa/current/containerDir0/7/chunks does not exist.
2025-07-05 15:49:03,142 [grpc-default-executor-2] WARN  server.GrpcServerProtocolService (LogUtils.java:warn(129)) - 092257cb-ba5a-4f8a-9b9c-d44861eaa450: Failed APPEND_ENTRIES request a2863246-e653-4b31-a3d0-09f3a93c429f->092257cb-ba5a-4f8a-9b9c-d44861eaa450#6-t2,previous=(t:1, i:0),leaderCommit=2,initializing? false,entries: size=2, first=(t:2, i:1), CONFIGURATIONENTRY(current:id:"092257cb-ba5a-4f8a-9b9c-d44861eaa450"address:"127.0.0.1:15063"priority:1dataStreamAddress:"127.0.0.1:15064"clientAddress:"127.0.0.1:15061"adminAddress:"127.0.0.1:15062"startupRole:FOLLOWER, id:"d8f38f7e-70e8-450f-85ae-2cee56d3f445"address:"127.0.0.1:15079"dataStreamAddress:"127.0.0.1:15080"clientAddress:"127.0.0.1:15077"adminAddress:"127.0.0.1:15078"startupRole:FOLLOWER, id:"a2863246-e653-4b31-a3d0-09f3a93c429f"address:"127.0.0.1:15071"dataStreamAddress:"127.0.0.1:15072"clientAddress:"127.0.0.1:15069"adminAddress:"127.0.0.1:15070"startupRole:FOLLOWER, old:)
java.util.concurrent.CompletionException: org.apache.ratis.protocol.exceptions.GroupMismatchException: 092257cb-ba5a-4f8a-9b9c-d44861eaa450: group-2DA8B140AB24 not found.
	at java.base/java.util.concurrent.CompletableFuture.encodeThrowable(CompletableFuture.java:332)
	at java.base/java.util.concurrent.CompletableFuture.uniComposeStage(CompletableFuture.java:1177)
	at java.base/java.util.concurrent.CompletableFuture.thenCompose(CompletableFuture.java:2341)
	at org.apache.ratis.server.impl.RaftServerProxy.appendEntriesAsync(RaftServerProxy.java:651)
	at org.apache.ratis.grpc.server.GrpcServerProtocolService$1.process(GrpcServerProtocolService.java:245)
	at org.apache.ratis.grpc.server.GrpcServerProtocolService$1.process(GrpcServerProtocolService.java:242)
	at org.apache.ratis.grpc.server.GrpcServerProtocolService$ServerRequestStreamObserver.onNext(GrpcServerProtocolService.java:150)
	at org.apache.ratis.thirdparty.io.grpc.stub.ServerCalls$StreamingServerCallHandler$StreamingServerCallListener.onMessage(ServerCalls.java:262)
	at org.apache.ratis.thirdparty.io.grpc.internal.ServerCallImpl$ServerStreamListenerImpl.messagesAvailableInternal(ServerCallImpl.java:334)
	at org.apache.ratis.thirdparty.io.grpc.internal.ServerCallImpl$ServerStreamListenerImpl.messagesAvailable(ServerCallImpl.java:319)
	at org.apache.ratis.thirdparty.io.grpc.internal.ServerImpl$JumpToApplicationThreadServerStreamListener$1MessagesAvailable.runInContext(ServerImpl.java:834)
	at org.apache.ratis.thirdparty.io.grpc.internal.ContextRunnable.run(ContextRunnable.java:37)
	at org.apache.ratis.thirdparty.io.grpc.internal.SerializingExecutor.run(SerializingExecutor.java:133)
	at java.base/java.util.concurrent.ThreadPoolExecutor.runWorker(ThreadPoolExecutor.java:1144)
	at java.base/java.util.concurrent.ThreadPoolExecutor$Worker.run(ThreadPoolExecutor.java:642)
	at java.base/java.lang.Thread.run(Thread.java:1583)
Caused by: org.apache.ratis.protocol.exceptions.GroupMismatchException: 092257cb-ba5a-4f8a-9b9c-d44861eaa450: group-2DA8B140AB24 not found.
	at org.apache.ratis.server.impl.RaftServerProxy$ImplMap.get(RaftServerProxy.java:160)
	at org.apache.ratis.server.impl.RaftServerProxy.getImplFuture(RaftServerProxy.java:370)
	at org.apache.ratis.server.impl.RaftServerProxy.appendEntriesAsync(RaftServerProxy.java:650)
	... 12 more
2025-07-05 15:49:03,144 [grpc-default-executor-2] INFO  leader.LogAppender (LogAppenderBase.java:lambda$getNextIndexForError$0(215)) - Decrease nextIndex to 1
2025-07-05 15:49:03,144 [grpc-default-executor-2] INFO  leader.LogAppender (LogAppenderBase.java:lambda$getNextIndexForError$0(215)) - Decrease nextIndex to 1
2025-07-05 15:49:03,144 [grpc-default-executor-2] INFO  leader.FollowerInfo (FollowerInfoImpl.java:info(70)) - a2863246-e653-4b31-a3d0-09f3a93c429f@group-2DA8B140AB24->092257cb-ba5a-4f8a-9b9c-d44861eaa450: computeNextIndex nextIndex: updateUnconditionally 3 -> 1
2025-07-05 15:49:03,264 [EventQueue-PipelineActionsForPipelineActionHandler] INFO  pipeline.PipelineActionHandler (PipelineActionHandler.java:processPipelineAction(89)) - Received pipeline action CLOSE for Pipeline-e6b93728-3fa6-44fd-b8ff-85d4d12ad658 from datanode d8f38f7e-70e8-450f-85ae-2cee56d3f445(localhost/127.0.0.1). Reason : Chunks directory /home/runner/work/ozone/ozone/hadoop-ozone/integration-test/target/test-dir/MiniOzoneClusterImpl-0a3c97a5-d59a-4532-afef-c4940c4c02aa/ozone-meta/datanode-9/data-0/hdds/0a3c97a5-d59a-4532-afef-c4940c4c02aa/current/containerDir0/7/chunks does not exist.
2025-07-05 15:49:03,464 [EventQueue-PipelineActionsForPipelineActionHandler] INFO  pipeline.PipelineActionHandler (PipelineActionHandler.java:processPipelineAction(89)) - Received pipeline action CLOSE for Pipeline-e6b93728-3fa6-44fd-b8ff-85d4d12ad658 from datanode d8f38f7e-70e8-450f-85ae-2cee56d3f445(localhost/127.0.0.1). Reason : Chunks directory /home/runner/work/ozone/ozone/hadoop-ozone/integration-test/target/test-dir/MiniOzoneClusterImpl-0a3c97a5-d59a-4532-afef-c4940c4c02aa/ozone-meta/datanode-9/data-0/hdds/0a3c97a5-d59a-4532-afef-c4940c4c02aa/current/containerDir0/7/chunks does not exist.
2025-07-05 15:49:03,642 [timer0] ERROR impl.OrderedAsync (OrderedAsync.java:lambda$null$6(215)) -  client-6A4C1800EE56: Failed* RaftClientRequest:client-6A4C1800EE56->d8f38f7e-70e8-450f-85ae-2cee56d3f445@group-85D4D12AD658, cid=161, seq=4, RW, cmdType: WriteChunk
traceID: ""
containerID: 7
datanodeUuid: "d8f38f7e-70e8-450f-85ae-2cee56d3f445"
writeChunk {
  blockID {
    containerID: 7
    localID: 115816896921600007
    blockCommitSequenceId: 2
    replicaIndex: 0
  }
  chunkData {
    chunkName: "115816896921600007_chunk_2"
    offset: 5
    len: 5
    checksumData {
      type: CRC32
      bytesPerChecksum: 16384
      checksums: "\350a\3440"
    }
  }
}
version: 3
, data.size=5
java.util.concurrent.CompletionException: org.apache.ratis.protocol.exceptions.TimeoutIOException: client-6A4C1800EE56->d8f38f7e-70e8-450f-85ae-2cee56d3f445 request #161 timeout 3000ms
	at java.base/java.util.concurrent.CompletableFuture.encodeThrowable(CompletableFuture.java:332)
	at java.base/java.util.concurrent.CompletableFuture.completeThrowable(CompletableFuture.java:347)
	at java.base/java.util.concurrent.CompletableFuture$UniAccept.tryFire(CompletableFuture.java:708)
	at java.base/java.util.concurrent.CompletableFuture.postComplete(CompletableFuture.java:510)
	at java.base/java.util.concurrent.CompletableFuture.completeExceptionally(CompletableFuture.java:2194)
	at org.apache.ratis.grpc.client.GrpcClientProtocolClient$AsyncStreamObservers.lambda$timeoutCheck$5(GrpcClientProtocolClient.java:376)
	at java.base/java.util.Optional.ifPresent(Optional.java:178)
	at org.apache.ratis.grpc.client.GrpcClientProtocolClient$AsyncStreamObservers.handleReplyFuture(GrpcClientProtocolClient.java:381)
	at org.apache.ratis.grpc.client.GrpcClientProtocolClient$AsyncStreamObservers.timeoutCheck(GrpcClientProtocolClient.java:376)
	at org.apache.ratis.grpc.client.GrpcClientProtocolClient$AsyncStreamObservers.lambda$onNext$3(GrpcClientProtocolClient.java:369)
	at org.apache.ratis.util.TimeoutTimer.lambda$onTimeout$2(TimeoutTimer.java:101)
	at org.apache.ratis.util.LogUtils.runAndLog(LogUtils.java:38)
	at org.apache.ratis.util.LogUtils$1.run(LogUtils.java:78)
	at org.apache.ratis.util.TimeoutTimer$Task.run(TimeoutTimer.java:55)
	at java.base/java.util.TimerThread.mainLoop(Timer.java:566)
	at java.base/java.util.TimerThread.run(Timer.java:516)
Caused by: org.apache.ratis.protocol.exceptions.TimeoutIOException: client-6A4C1800EE56->d8f38f7e-70e8-450f-85ae-2cee56d3f445 request #161 timeout 3000ms
	at org.apache.ratis.grpc.client.GrpcClientProtocolClient$AsyncStreamObservers.lambda$timeoutCheck$5(GrpcClientProtocolClient.java:377)
	... 10 more
2025-07-05 15:49:03,642 [timer1] ERROR impl.OrderedAsync (OrderedAsync.java:lambda$null$6(215)) -  client-6A4C1800EE56: Failed* RaftClientRequest:client-6A4C1800EE56->d8f38f7e-70e8-450f-85ae-2cee56d3f445@group-85D4D12AD658, cid=162, seq=5, RW, cmdType: PutBlock
traceID: ""
containerID: 7
datanodeUuid: "d8f38f7e-70e8-450f-85ae-2cee56d3f445"
putBlock {
  blockData {
    blockID {
      containerID: 7
      localID: 115816896921600007
      blockCommitSequenceId: 0
    }
    metadata {
      key: "TYPE"
      value: "KEY"
    }
    chunks {
      chunkName: "115816896921600007_chunk_1"
      offset: 0
      len: 5
      checksumData {
        type: CRC32
        bytesPerChecksum: 16384
        checksums: "\350a\3440"
      }
    }
    chunks {
      chunkName: "115816896921600007_chunk_2"
      offset: 5
      len: 5
      checksumData {
        type: CRC32
        bytesPerChecksum: 16384
        checksums: "\350a\3440"
      }
    }
  }
  eof: true
}
version: 3
, data.size=0
java.util.concurrent.CompletionException: org.apache.ratis.protocol.exceptions.TimeoutIOException: client-6A4C1800EE56->d8f38f7e-70e8-450f-85ae-2cee56d3f445 request #162 timeout 3000ms
	at java.base/java.util.concurrent.CompletableFuture.encodeThrowable(CompletableFuture.java:332)
	at java.base/java.util.concurrent.CompletableFuture.completeThrowable(CompletableFuture.java:347)
	at java.base/java.util.concurrent.CompletableFuture$UniAccept.tryFire(CompletableFuture.java:708)
	at java.base/java.util.concurrent.CompletableFuture.postComplete(CompletableFuture.java:510)
	at java.base/java.util.concurrent.CompletableFuture.completeExceptionally(CompletableFuture.java:2194)
	at org.apache.ratis.grpc.client.GrpcClientProtocolClient$AsyncStreamObservers.lambda$timeoutCheck$5(GrpcClientProtocolClient.java:376)
	at java.base/java.util.Optional.ifPresent(Optional.java:178)
	at org.apache.ratis.grpc.client.GrpcClientProtocolClient$AsyncStreamObservers.handleReplyFuture(GrpcClientProtocolClient.java:381)
	at org.apache.ratis.grpc.client.GrpcClientProtocolClient$AsyncStreamObservers.timeoutCheck(GrpcClientProtocolClient.java:376)
	at org.apache.ratis.grpc.client.GrpcClientProtocolClient$AsyncStreamObservers.lambda$onNext$3(GrpcClientProtocolClient.java:369)
	at org.apache.ratis.util.TimeoutTimer.lambda$onTimeout$2(TimeoutTimer.java:101)
	at org.apache.ratis.util.LogUtils.runAndLog(LogUtils.java:38)
	at org.apache.ratis.util.LogUtils$1.run(LogUtils.java:78)
	at org.apache.ratis.util.TimeoutTimer$Task.run(TimeoutTimer.java:55)
	at java.base/java.util.TimerThread.mainLoop(Timer.java:566)
	at java.base/java.util.TimerThread.run(Timer.java:516)
Caused by: org.apache.ratis.protocol.exceptions.TimeoutIOException: client-6A4C1800EE56->d8f38f7e-70e8-450f-85ae-2cee56d3f445 request #162 timeout 3000ms
	at org.apache.ratis.grpc.client.GrpcClientProtocolClient$AsyncStreamObservers.lambda$timeoutCheck$5(GrpcClientProtocolClient.java:377)
	... 10 more
2025-07-05 15:49:03,659 [d8f38f7e-70e8-450f-85ae-2cee56d3f445@group-85D4D12AD658-SegmentedRaftLogWorker] WARN  segmented.SegmentedRaftLogWorker (SegmentedRaftLogWorker.java:lambda$close$3(251)) - d8f38f7e-70e8-450f-85ae-2cee56d3f445@group-85D4D12AD658-SegmentedRaftLogWorker: shutdown timeout in 3s
2025-07-05 15:49:03,660 [d8f38f7e-70e8-450f-85ae-2cee56d3f445@group-85D4D12AD658-SegmentedRaftLogWorker] INFO  segmented.SegmentedRaftLogWorker (SegmentedRaftLogWorker.java:close(254)) - d8f38f7e-70e8-450f-85ae-2cee56d3f445@group-85D4D12AD658-SegmentedRaftLogWorker close()
2025-07-05 15:49:03,665 [EventQueue-PipelineActionsForPipelineActionHandler] INFO  pipeline.PipelineActionHandler (PipelineActionHandler.java:processPipelineAction(89)) - Received pipeline action CLOSE for Pipeline-e6b93728-3fa6-44fd-b8ff-85d4d12ad658 from datanode d8f38f7e-70e8-450f-85ae-2cee56d3f445(localhost/127.0.0.1). Reason : Chunks directory /home/runner/work/ozone/ozone/hadoop-ozone/integration-test/target/test-dir/MiniOzoneClusterImpl-0a3c97a5-d59a-4532-afef-c4940c4c02aa/ozone-meta/datanode-9/data-0/hdds/0a3c97a5-d59a-4532-afef-c4940c4c02aa/current/containerDir0/7/chunks does not exist.
2025-07-05 15:49:03,864 [EventQueue-PipelineActionsForPipelineActionHandler] INFO  pipeline.PipelineActionHandler (PipelineActionHandler.java:processPipelineAction(89)) - Received pipeline action CLOSE for Pipeline-e6b93728-3fa6-44fd-b8ff-85d4d12ad658 from datanode d8f38f7e-70e8-450f-85ae-2cee56d3f445(localhost/127.0.0.1). Reason : Chunks directory /home/runner/work/ozone/ozone/hadoop-ozone/integration-test/target/test-dir/MiniOzoneClusterImpl-0a3c97a5-d59a-4532-afef-c4940c4c02aa/ozone-meta/datanode-9/data-0/hdds/0a3c97a5-d59a-4532-afef-c4940c4c02aa/current/containerDir0/7/chunks does not exist.
2025-07-05 15:49:04,064 [EventQueue-PipelineActionsForPipelineActionHandler] INFO  pipeline.PipelineActionHandler (PipelineActionHandler.java:processPipelineAction(89)) - Received pipeline action CLOSE for Pipeline-e6b93728-3fa6-44fd-b8ff-85d4d12ad658 from datanode d8f38f7e-70e8-450f-85ae-2cee56d3f445(localhost/127.0.0.1). Reason : Chunks directory /home/runner/work/ozone/ozone/hadoop-ozone/integration-test/target/test-dir/MiniOzoneClusterImpl-0a3c97a5-d59a-4532-afef-c4940c4c02aa/ozone-meta/datanode-9/data-0/hdds/0a3c97a5-d59a-4532-afef-c4940c4c02aa/current/containerDir0/7/chunks does not exist.
2025-07-05 15:49:04,264 [EventQueue-PipelineActionsForPipelineActionHandler] INFO  pipeline.PipelineActionHandler (PipelineActionHandler.java:processPipelineAction(89)) - Received pipeline action CLOSE for Pipeline-e6b93728-3fa6-44fd-b8ff-85d4d12ad658 from datanode d8f38f7e-70e8-450f-85ae-2cee56d3f445(localhost/127.0.0.1). Reason : Chunks directory /home/runner/work/ozone/ozone/hadoop-ozone/integration-test/target/test-dir/MiniOzoneClusterImpl-0a3c97a5-d59a-4532-afef-c4940c4c02aa/ozone-meta/datanode-9/data-0/hdds/0a3c97a5-d59a-4532-afef-c4940c4c02aa/current/containerDir0/7/chunks does not exist.
2025-07-05 15:49:04,391 [d8f38f7e-70e8-450f-85ae-2cee56d3f445@group-2DA8B140AB24-StateMachineUpdater] INFO  ratis.ContainerStateMachine (ContainerStateMachine.java:takeSnapshot(427)) - group-2DA8B140AB24: Taking a snapshot at:(t:2, i:2) file /home/runner/work/ozone/ozone/hadoop-ozone/integration-test/target/test-dir/MiniOzoneClusterImpl-0a3c97a5-d59a-4532-afef-c4940c4c02aa/ozone-meta/datanode-9/ratis/9e1d7ac4-d74c-4252-8298-2da8b140ab24/sm/snapshot.2_2
2025-07-05 15:49:04,392 [d8f38f7e-70e8-450f-85ae-2cee56d3f445@group-2DA8B140AB24-StateMachineUpdater] INFO  ratis.ContainerStateMachine (ContainerStateMachine.java:takeSnapshot(436)) - group-2DA8B140AB24: Finished taking a snapshot at:(t:2, i:2) file:/home/runner/work/ozone/ozone/hadoop-ozone/integration-test/target/test-dir/MiniOzoneClusterImpl-0a3c97a5-d59a-4532-afef-c4940c4c02aa/ozone-meta/datanode-9/ratis/9e1d7ac4-d74c-4252-8298-2da8b140ab24/sm/snapshot.2_2 took: 1 ms
2025-07-05 15:49:04,392 [d8f38f7e-70e8-450f-85ae-2cee56d3f445@group-2DA8B140AB24-StateMachineUpdater] INFO  impl.StateMachineUpdater (StateMachineUpdater.java:takeSnapshot(307)) - d8f38f7e-70e8-450f-85ae-2cee56d3f445@group-2DA8B140AB24-StateMachineUpdater: Took a snapshot at index 2
2025-07-05 15:49:04,392 [d8f38f7e-70e8-450f-85ae-2cee56d3f445@group-2DA8B140AB24-StateMachineUpdater] INFO  impl.StateMachineUpdater (StateMachineUpdater.java:lambda$new$0(101)) - d8f38f7e-70e8-450f-85ae-2cee56d3f445@group-2DA8B140AB24-StateMachineUpdater: snapshotIndex: updateIncreasingly 1 -> 2
2025-07-05 15:49:04,395 [grpc-default-executor-2] WARN  server.GrpcServerProtocolService (LogUtils.java:warn(129)) - 092257cb-ba5a-4f8a-9b9c-d44861eaa450: Failed APPEND_ENTRIES request a2863246-e653-4b31-a3d0-09f3a93c429f->092257cb-ba5a-4f8a-9b9c-d44861eaa450#8-t2,previous=(t:1, i:0),leaderCommit=2,initializing? false,entries: size=2, first=(t:2, i:1), CONFIGURATIONENTRY(current:id:"092257cb-ba5a-4f8a-9b9c-d44861eaa450"address:"127.0.0.1:15063"priority:1dataStreamAddress:"127.0.0.1:15064"clientAddress:"127.0.0.1:15061"adminAddress:"127.0.0.1:15062"startupRole:FOLLOWER, id:"d8f38f7e-70e8-450f-85ae-2cee56d3f445"address:"127.0.0.1:15079"dataStreamAddress:"127.0.0.1:15080"clientAddress:"127.0.0.1:15077"adminAddress:"127.0.0.1:15078"startupRole:FOLLOWER, id:"a2863246-e653-4b31-a3d0-09f3a93c429f"address:"127.0.0.1:15071"dataStreamAddress:"127.0.0.1:15072"clientAddress:"127.0.0.1:15069"adminAddress:"127.0.0.1:15070"startupRole:FOLLOWER, old:)
java.util.concurrent.CompletionException: org.apache.ratis.protocol.exceptions.GroupMismatchException: 092257cb-ba5a-4f8a-9b9c-d44861eaa450: group-2DA8B140AB24 not found.
	at java.base/java.util.concurrent.CompletableFuture.encodeThrowable(CompletableFuture.java:332)
	at java.base/java.util.concurrent.CompletableFuture.uniComposeStage(CompletableFuture.java:1177)
	at java.base/java.util.concurrent.CompletableFuture.thenCompose(CompletableFuture.java:2341)
	at org.apache.ratis.server.impl.RaftServerProxy.appendEntriesAsync(RaftServerProxy.java:651)
	at org.apache.ratis.grpc.server.GrpcServerProtocolService$1.process(GrpcServerProtocolService.java:245)
	at org.apache.ratis.grpc.server.GrpcServerProtocolService$1.process(GrpcServerProtocolService.java:242)
	at org.apache.ratis.grpc.server.GrpcServerProtocolService$ServerRequestStreamObserver.onNext(GrpcServerProtocolService.java:150)
	at org.apache.ratis.thirdparty.io.grpc.stub.ServerCalls$StreamingServerCallHandler$StreamingServerCallListener.onMessage(ServerCalls.java:262)
	at org.apache.ratis.thirdparty.io.grpc.internal.ServerCallImpl$ServerStreamListenerImpl.messagesAvailableInternal(ServerCallImpl.java:334)
	at org.apache.ratis.thirdparty.io.grpc.internal.ServerCallImpl$ServerStreamListenerImpl.messagesAvailable(ServerCallImpl.java:319)
	at org.apache.ratis.thirdparty.io.grpc.internal.ServerImpl$JumpToApplicationThreadServerStreamListener$1MessagesAvailable.runInContext(ServerImpl.java:834)
	at org.apache.ratis.thirdparty.io.grpc.internal.ContextRunnable.run(ContextRunnable.java:37)
	at org.apache.ratis.thirdparty.io.grpc.internal.SerializingExecutor.run(SerializingExecutor.java:133)
	at java.base/java.util.concurrent.ThreadPoolExecutor.runWorker(ThreadPoolExecutor.java:1144)
	at java.base/java.util.concurrent.ThreadPoolExecutor$Worker.run(ThreadPoolExecutor.java:642)
	at java.base/java.lang.Thread.run(Thread.java:1583)
Caused by: org.apache.ratis.protocol.exceptions.GroupMismatchException: 092257cb-ba5a-4f8a-9b9c-d44861eaa450: group-2DA8B140AB24 not found.
	at org.apache.ratis.server.impl.RaftServerProxy$ImplMap.get(RaftServerProxy.java:160)
	at org.apache.ratis.server.impl.RaftServerProxy.getImplFuture(RaftServerProxy.java:370)
	at org.apache.ratis.server.impl.RaftServerProxy.appendEntriesAsync(RaftServerProxy.java:650)
	... 12 more
2025-07-05 15:49:04,396 [grpc-default-executor-2] INFO  leader.LogAppender (LogAppenderBase.java:lambda$getNextIndexForError$0(215)) - Decrease nextIndex to 1
2025-07-05 15:49:04,396 [grpc-default-executor-2] INFO  leader.LogAppender (LogAppenderBase.java:lambda$getNextIndexForError$0(215)) - Decrease nextIndex to 1
2025-07-05 15:49:04,396 [grpc-default-executor-2] INFO  leader.FollowerInfo (FollowerInfoImpl.java:info(70)) - a2863246-e653-4b31-a3d0-09f3a93c429f@group-2DA8B140AB24->092257cb-ba5a-4f8a-9b9c-d44861eaa450: computeNextIndex nextIndex: updateUnconditionally 3 -> 1
2025-07-05 15:49:04,465 [EventQueue-PipelineActionsForPipelineActionHandler] INFO  pipeline.PipelineActionHandler (PipelineActionHandler.java:processPipelineAction(89)) - Received pipeline action CLOSE for Pipeline-e6b93728-3fa6-44fd-b8ff-85d4d12ad658 from datanode d8f38f7e-70e8-450f-85ae-2cee56d3f445(localhost/127.0.0.1). Reason : Chunks directory /home/runner/work/ozone/ozone/hadoop-ozone/integration-test/target/test-dir/MiniOzoneClusterImpl-0a3c97a5-d59a-4532-afef-c4940c4c02aa/ozone-meta/datanode-9/data-0/hdds/0a3c97a5-d59a-4532-afef-c4940c4c02aa/current/containerDir0/7/chunks does not exist.
2025-07-05 15:49:04,586 [timer1] WARN  server.GrpcLogAppender (GrpcLogAppender.java:timeoutAppendRequest(448)) - a2863246-e653-4b31-a3d0-09f3a93c429f@group-DDDF55466C04->092257cb-ba5a-4f8a-9b9c-d44861eaa450-GrpcLogAppender: Timed out HEARTBEAT appendEntries, errorCount=9, request=AppendEntriesRequest:cid=6802,entriesCount=0
2025-07-05 15:49:04,664 [EventQueue-PipelineActionsForPipelineActionHandler] INFO  pipeline.PipelineActionHandler (PipelineActionHandler.java:processPipelineAction(89)) - Received pipeline action CLOSE for Pipeline-e6b93728-3fa6-44fd-b8ff-85d4d12ad658 from datanode d8f38f7e-70e8-450f-85ae-2cee56d3f445(localhost/127.0.0.1). Reason : Chunks directory /home/runner/work/ozone/ozone/hadoop-ozone/integration-test/target/test-dir/MiniOzoneClusterImpl-0a3c97a5-d59a-4532-afef-c4940c4c02aa/ozone-meta/datanode-9/data-0/hdds/0a3c97a5-d59a-4532-afef-c4940c4c02aa/current/containerDir0/7/chunks does not exist.
2025-07-05 15:49:04,864 [EventQueue-PipelineActionsForPipelineActionHandler] INFO  pipeline.PipelineActionHandler (PipelineActionHandler.java:processPipelineAction(89)) - Received pipeline action CLOSE for Pipeline-e6b93728-3fa6-44fd-b8ff-85d4d12ad658 from datanode d8f38f7e-70e8-450f-85ae-2cee56d3f445(localhost/127.0.0.1). Reason : Chunks directory /home/runner/work/ozone/ozone/hadoop-ozone/integration-test/target/test-dir/MiniOzoneClusterImpl-0a3c97a5-d59a-4532-afef-c4940c4c02aa/ozone-meta/datanode-9/data-0/hdds/0a3c97a5-d59a-4532-afef-c4940c4c02aa/current/containerDir0/7/chunks does not exist.
2025-07-05 15:49:05,065 [EventQueue-PipelineActionsForPipelineActionHandler] INFO  pipeline.PipelineActionHandler (PipelineActionHandler.java:processPipelineAction(89)) - Received pipeline action CLOSE for Pipeline-e6b93728-3fa6-44fd-b8ff-85d4d12ad658 from datanode d8f38f7e-70e8-450f-85ae-2cee56d3f445(localhost/127.0.0.1). Reason : Chunks directory /home/runner/work/ozone/ozone/hadoop-ozone/integration-test/target/test-dir/MiniOzoneClusterImpl-0a3c97a5-d59a-4532-afef-c4940c4c02aa/ozone-meta/datanode-9/data-0/hdds/0a3c97a5-d59a-4532-afef-c4940c4c02aa/current/containerDir0/7/chunks does not exist.
2025-07-05 15:49:05,265 [EventQueue-PipelineActionsForPipelineActionHandler] INFO  pipeline.PipelineActionHandler (PipelineActionHandler.java:processPipelineAction(89)) - Received pipeline action CLOSE for Pipeline-e6b93728-3fa6-44fd-b8ff-85d4d12ad658 from datanode d8f38f7e-70e8-450f-85ae-2cee56d3f445(localhost/127.0.0.1). Reason : Chunks directory /home/runner/work/ozone/ozone/hadoop-ozone/integration-test/target/test-dir/MiniOzoneClusterImpl-0a3c97a5-d59a-4532-afef-c4940c4c02aa/ozone-meta/datanode-9/data-0/hdds/0a3c97a5-d59a-4532-afef-c4940c4c02aa/current/containerDir0/7/chunks does not exist.
2025-07-05 15:49:05,464 [EventQueue-PipelineActionsForPipelineActionHandler] INFO  pipeline.PipelineActionHandler (PipelineActionHandler.java:processPipelineAction(89)) - Received pipeline action CLOSE for Pipeline-e6b93728-3fa6-44fd-b8ff-85d4d12ad658 from datanode d8f38f7e-70e8-450f-85ae-2cee56d3f445(localhost/127.0.0.1). Reason : Chunks directory /home/runner/work/ozone/ozone/hadoop-ozone/integration-test/target/test-dir/MiniOzoneClusterImpl-0a3c97a5-d59a-4532-afef-c4940c4c02aa/ozone-meta/datanode-9/data-0/hdds/0a3c97a5-d59a-4532-afef-c4940c4c02aa/current/containerDir0/7/chunks does not exist.
2025-07-05 15:49:05,647 [grpc-default-executor-3] WARN  server.GrpcServerProtocolService (LogUtils.java:warn(129)) - 092257cb-ba5a-4f8a-9b9c-d44861eaa450: Failed APPEND_ENTRIES request a2863246-e653-4b31-a3d0-09f3a93c429f->092257cb-ba5a-4f8a-9b9c-d44861eaa450#10-t2,previous=(t:1, i:0),leaderCommit=2,initializing? false,entries: size=2, first=(t:2, i:1), CONFIGURATIONENTRY(current:id:"092257cb-ba5a-4f8a-9b9c-d44861eaa450"address:"127.0.0.1:15063"priority:1dataStreamAddress:"127.0.0.1:15064"clientAddress:"127.0.0.1:15061"adminAddress:"127.0.0.1:15062"startupRole:FOLLOWER, id:"d8f38f7e-70e8-450f-85ae-2cee56d3f445"address:"127.0.0.1:15079"dataStreamAddress:"127.0.0.1:15080"clientAddress:"127.0.0.1:15077"adminAddress:"127.0.0.1:15078"startupRole:FOLLOWER, id:"a2863246-e653-4b31-a3d0-09f3a93c429f"address:"127.0.0.1:15071"dataStreamAddress:"127.0.0.1:15072"clientAddress:"127.0.0.1:15069"adminAddress:"127.0.0.1:15070"startupRole:FOLLOWER, old:)
java.util.concurrent.CompletionException: org.apache.ratis.protocol.exceptions.GroupMismatchException: 092257cb-ba5a-4f8a-9b9c-d44861eaa450: group-2DA8B140AB24 not found.
	at java.base/java.util.concurrent.CompletableFuture.encodeThrowable(CompletableFuture.java:332)
	at java.base/java.util.concurrent.CompletableFuture.uniComposeStage(CompletableFuture.java:1177)
	at java.base/java.util.concurrent.CompletableFuture.thenCompose(CompletableFuture.java:2341)
	at org.apache.ratis.server.impl.RaftServerProxy.appendEntriesAsync(RaftServerProxy.java:651)
	at org.apache.ratis.grpc.server.GrpcServerProtocolService$1.process(GrpcServerProtocolService.java:245)
	at org.apache.ratis.grpc.server.GrpcServerProtocolService$1.process(GrpcServerProtocolService.java:242)
	at org.apache.ratis.grpc.server.GrpcServerProtocolService$ServerRequestStreamObserver.onNext(GrpcServerProtocolService.java:150)
	at org.apache.ratis.thirdparty.io.grpc.stub.ServerCalls$StreamingServerCallHandler$StreamingServerCallListener.onMessage(ServerCalls.java:262)
	at org.apache.ratis.thirdparty.io.grpc.internal.ServerCallImpl$ServerStreamListenerImpl.messagesAvailableInternal(ServerCallImpl.java:334)
	at org.apache.ratis.thirdparty.io.grpc.internal.ServerCallImpl$ServerStreamListenerImpl.messagesAvailable(ServerCallImpl.java:319)
	at org.apache.ratis.thirdparty.io.grpc.internal.ServerImpl$JumpToApplicationThreadServerStreamListener$1MessagesAvailable.runInContext(ServerImpl.java:834)
	at org.apache.ratis.thirdparty.io.grpc.internal.ContextRunnable.run(ContextRunnable.java:37)
	at org.apache.ratis.thirdparty.io.grpc.internal.SerializingExecutor.run(SerializingExecutor.java:133)
	at java.base/java.util.concurrent.ThreadPoolExecutor.runWorker(ThreadPoolExecutor.java:1144)
	at java.base/java.util.concurrent.ThreadPoolExecutor$Worker.run(ThreadPoolExecutor.java:642)
	at java.base/java.lang.Thread.run(Thread.java:1583)
Caused by: org.apache.ratis.protocol.exceptions.GroupMismatchException: 092257cb-ba5a-4f8a-9b9c-d44861eaa450: group-2DA8B140AB24 not found.
	at org.apache.ratis.server.impl.RaftServerProxy$ImplMap.get(RaftServerProxy.java:160)
	at org.apache.ratis.server.impl.RaftServerProxy.getImplFuture(RaftServerProxy.java:370)
	at org.apache.ratis.server.impl.RaftServerProxy.appendEntriesAsync(RaftServerProxy.java:650)
	... 12 more
2025-07-05 15:49:05,648 [grpc-default-executor-3] INFO  leader.LogAppender (LogAppenderBase.java:lambda$getNextIndexForError$0(215)) - Decrease nextIndex to 1
2025-07-05 15:49:05,648 [grpc-default-executor-3] INFO  leader.LogAppender (LogAppenderBase.java:lambda$getNextIndexForError$0(215)) - Decrease nextIndex to 1
2025-07-05 15:49:05,648 [grpc-default-executor-3] INFO  leader.FollowerInfo (FollowerInfoImpl.java:info(70)) - a2863246-e653-4b31-a3d0-09f3a93c429f@group-2DA8B140AB24->092257cb-ba5a-4f8a-9b9c-d44861eaa450: computeNextIndex nextIndex: updateUnconditionally 3 -> 1
2025-07-05 15:49:05,665 [EventQueue-PipelineActionsForPipelineActionHandler] INFO  pipeline.PipelineActionHandler (PipelineActionHandler.java:processPipelineAction(89)) - Received pipeline action CLOSE for Pipeline-e6b93728-3fa6-44fd-b8ff-85d4d12ad658 from datanode d8f38f7e-70e8-450f-85ae-2cee56d3f445(localhost/127.0.0.1). Reason : Chunks directory /home/runner/work/ozone/ozone/hadoop-ozone/integration-test/target/test-dir/MiniOzoneClusterImpl-0a3c97a5-d59a-4532-afef-c4940c4c02aa/ozone-meta/datanode-9/data-0/hdds/0a3c97a5-d59a-4532-afef-c4940c4c02aa/current/containerDir0/7/chunks does not exist.
2025-07-05 15:49:05,831 [d8f38f7e-70e8-450f-85ae-2cee56d3f445@group-85D4D12AD658-LeaderStateImpl] ERROR util.ExitUtils (ExitUtils.java:terminate(133)) - Terminating with exit status -1: Thread[#1497,d8f38f7e-70e8-450f-85ae-2cee56d3f445@group-85D4D12AD658-LeaderStateImpl,5,d8f38f7e-70e8-450f-85ae-2cee56d3f445@group-85D4D12AD658] has thrown an uncaught exception
java.lang.IllegalStateException: d8f38f7e-70e8-450f-85ae-2cee56d3f445@group-85D4D12AD658-SegmentedRaftLog is expected to be opened but it is CLOSED
	at org.apache.ratis.util.OpenCloseState.assertOpen(OpenCloseState.java:63)
	at org.apache.ratis.server.raftlog.RaftLogBase.checkLogState(RaftLogBase.java:112)
	at org.apache.ratis.server.raftlog.segmented.SegmentedRaftLog.getLastEntryTermIndex(SegmentedRaftLog.java:356)
	at org.apache.ratis.server.impl.ServerState.getLastEntry(ServerState.java:310)
	at org.apache.ratis.server.impl.LeaderStateImpl.checkPeersForYieldingLeader(LeaderStateImpl.java:1081)
	at org.apache.ratis.server.impl.LeaderStateImpl.access$800(LeaderStateImpl.java:101)
	at org.apache.ratis.server.impl.LeaderStateImpl$EventProcessor.run(LeaderStateImpl.java:769)
Caused by: org.apache.ratis.util.OpenCloseState$CloseTrace: Close d8f38f7e-70e8-450f-85ae-2cee56d3f445@group-85D4D12AD658-SegmentedRaftLog
	at org.apache.ratis.util.OpenCloseState.lambda$close$1(OpenCloseState.java:109)
	at java.base/java.util.concurrent.atomic.AtomicReference.getAndUpdate(AtomicReference.java:188)
	at org.apache.ratis.util.OpenCloseState.close(OpenCloseState.java:109)
	at org.apache.ratis.server.raftlog.RaftLogBase.close(RaftLogBase.java:393)
	at org.apache.ratis.server.raftlog.segmented.SegmentedRaftLog.close(SegmentedRaftLog.java:528)
	at org.apache.ratis.server.raftlog.RaftLogBase.lambda$appendImpl$3(RaftLogBase.java:206)
	at java.base/java.util.concurrent.CompletableFuture.uniWhenComplete(CompletableFuture.java:863)
	at java.base/java.util.concurrent.CompletableFuture$UniWhenComplete.tryFire(CompletableFuture.java:841)
	at java.base/java.util.concurrent.CompletableFuture.postComplete(CompletableFuture.java:510)
	at java.base/java.util.concurrent.CompletableFuture.completeExceptionally(CompletableFuture.java:2194)
	at org.apache.ratis.server.raftlog.segmented.SegmentedRaftLog$Task.failed(SegmentedRaftLog.java:109)
	at org.apache.ratis.server.raftlog.segmented.SegmentedRaftLogWorker$WriteLog.failed(SegmentedRaftLogWorker.java:530)
	at org.apache.ratis.server.raftlog.segmented.SegmentedRaftLogWorker.run(SegmentedRaftLogWorker.java:326)
	at java.base/java.util.concurrent.Executors$RunnableAdapter.call(Executors.java:572)
	at java.base/java.util.concurrent.FutureTask.run(FutureTask.java:317)
	at java.base/java.util.concurrent.ThreadPoolExecutor.runWorker(ThreadPoolExecutor.java:1144)
	at java.base/java.util.concurrent.ThreadPoolExecutor$Worker.run(ThreadPoolExecutor.java:642)
	at java.base/java.lang.Thread.run(Thread.java:1583)
2025-07-05 15:49:05,838 [timer6] WARN  server.GrpcLogAppender (GrpcLogAppender.java:timeoutAppendRequest(448)) - a2863246-e653-4b31-a3d0-09f3a93c429f@group-DDDF55466C04->092257cb-ba5a-4f8a-9b9c-d44861eaa450-GrpcLogAppender: Timed out HEARTBEAT appendEntries, errorCount=10, request=AppendEntriesRequest:cid=6803,entriesCount=0
2025-07-05 15:49:05,866 [EventQueue-PipelineActionsForPipelineActionHandler] INFO  pipeline.PipelineActionHandler (PipelineActionHandler.java:processPipelineAction(89)) - Received pipeline action CLOSE for Pipeline-e6b93728-3fa6-44fd-b8ff-85d4d12ad658 from datanode d8f38f7e-70e8-450f-85ae-2cee56d3f445(localhost/127.0.0.1). Reason : Chunks directory /home/runner/work/ozone/ozone/hadoop-ozone/integration-test/target/test-dir/MiniOzoneClusterImpl-0a3c97a5-d59a-4532-afef-c4940c4c02aa/ozone-meta/datanode-9/data-0/hdds/0a3c97a5-d59a-4532-afef-c4940c4c02aa/current/containerDir0/7/chunks does not exist.
2025-07-05 15:49:06,065 [EventQueue-PipelineActionsForPipelineActionHandler] INFO  pipeline.PipelineActionHandler (PipelineActionHandler.java:processPipelineAction(89)) - Received pipeline action CLOSE for Pipeline-e6b93728-3fa6-44fd-b8ff-85d4d12ad658 from datanode d8f38f7e-70e8-450f-85ae-2cee56d3f445(localhost/127.0.0.1). Reason : Chunks directory /home/runner/work/ozone/ozone/hadoop-ozone/integration-test/target/test-dir/MiniOzoneClusterImpl-0a3c97a5-d59a-4532-afef-c4940c4c02aa/ozone-meta/datanode-9/data-0/hdds/0a3c97a5-d59a-4532-afef-c4940c4c02aa/current/containerDir0/7/chunks does not exist.
2025-07-05 15:49:06,252 [BackgroundPipelineScrubber] INFO  pipeline.PipelineManagerImpl (PipelineManagerImpl.java:scrubPipelines(602)) - Scrubbing pipeline: id: Pipeline-e6b93728-3fa6-44fd-b8ff-85d4d12ad658 since it stays at CLOSED stage.
2025-07-05 15:49:06,254 [BackgroundPipelineScrubber] INFO  pipeline.RatisPipelineProvider (RatisPipelineProvider.java:lambda$close$4(273)) - Send pipeline:Pipeline-e6b93728-3fa6-44fd-b8ff-85d4d12ad658 close command to datanode d8f38f7e-70e8-450f-85ae-2cee56d3f445
2025-07-05 15:49:06,254 [BackgroundPipelineScrubber] INFO  pipeline.PipelineManagerImpl (PipelineManagerImpl.java:removePipeline(464)) - Pipeline Pipeline{ Id: e6b93728-3fa6-44fd-b8ff-85d4d12ad658, Nodes: [ {d8f38f7e-70e8-450f-85ae-2cee56d3f445(localhost/127.0.0.1), ReplicaIndex: 0},], ReplicationConfig: RATIS/ONE, State:CLOSED, leaderId:d8f38f7e-70e8-450f-85ae-2cee56d3f445, CreationTimestamp2025-07-05T15:48:27.616Z[Etc/UTC]} removed.
2025-07-05 15:49:06,265 [EventQueue-PipelineActionsForPipelineActionHandler] INFO  pipeline.PipelineActionHandler (PipelineActionHandler.java:processPipelineAction(89)) - Received pipeline action CLOSE for Pipeline-e6b93728-3fa6-44fd-b8ff-85d4d12ad658 from datanode d8f38f7e-70e8-450f-85ae-2cee56d3f445(localhost/127.0.0.1). Reason : Chunks directory /home/runner/work/ozone/ozone/hadoop-ozone/integration-test/target/test-dir/MiniOzoneClusterImpl-0a3c97a5-d59a-4532-afef-c4940c4c02aa/ozone-meta/datanode-9/data-0/hdds/0a3c97a5-d59a-4532-afef-c4940c4c02aa/current/containerDir0/7/chunks does not exist.
2025-07-05 15:49:06,265 [EventQueue-PipelineActionsForPipelineActionHandler] WARN  pipeline.PipelineActionHandler (PipelineActionHandler.java:closeUnknownPipeline(117)) - Pipeline action received for unknown Pipeline Pipeline-e6b93728-3fa6-44fd-b8ff-85d4d12ad658, firing close pipeline event.
2025-07-05 15:49:06,465 [EventQueue-PipelineActionsForPipelineActionHandler] INFO  pipeline.PipelineActionHandler (PipelineActionHandler.java:processPipelineAction(89)) - Received pipeline action CLOSE for Pipeline-e6b93728-3fa6-44fd-b8ff-85d4d12ad658 from datanode d8f38f7e-70e8-450f-85ae-2cee56d3f445(localhost/127.0.0.1). Reason : Chunks directory /home/runner/work/ozone/ozone/hadoop-ozone/integration-test/target/test-dir/MiniOzoneClusterImpl-0a3c97a5-d59a-4532-afef-c4940c4c02aa/ozone-meta/datanode-9/data-0/hdds/0a3c97a5-d59a-4532-afef-c4940c4c02aa/current/containerDir0/7/chunks does not exist.
2025-07-05 15:49:06,465 [EventQueue-PipelineReportForPipelineReportHandler] INFO  pipeline.PipelineReportHandler (PipelineReportHandler.java:handlePipelineNotFoundException(98)) - Pipeline Pipeline-e6b93728-3fa6-44fd-b8ff-85d4d12ad658, reported by datanode d8f38f7e-70e8-450f-85ae-2cee56d3f445(localhost/127.0.0.1) is not found.
2025-07-05 15:49:06,465 [EventQueue-PipelineActionsForPipelineActionHandler] WARN  pipeline.PipelineActionHandler (PipelineActionHandler.java:closeUnknownPipeline(117)) - Pipeline action received for unknown Pipeline Pipeline-e6b93728-3fa6-44fd-b8ff-85d4d12ad658, firing close pipeline event.
2025-07-05 15:49:06,664 [d8f38f7e-70e8-450f-85ae-2cee56d3f445-PipelineCommandHandlerThread-0] INFO  server.RaftServer (RaftServerProxy.java:remove(116)) - d8f38f7e-70e8-450f-85ae-2cee56d3f445: remove    LEADER (RUNNING): d8f38f7e-70e8-450f-85ae-2cee56d3f445@group-85D4D12AD658:t1, leader=d8f38f7e-70e8-450f-85ae-2cee56d3f445, voted=d8f38f7e-70e8-450f-85ae-2cee56d3f445, raftlog=Memoized:d8f38f7e-70e8-450f-85ae-2cee56d3f445@group-85D4D12AD658-SegmentedRaftLog:CLOSED:c3, conf=conf: {index: 0, cur=peers:[d8f38f7e-70e8-450f-85ae-2cee56d3f445|127.0.0.1:15079]|listeners:[], old=null}
2025-07-05 15:49:06,664 [d8f38f7e-70e8-450f-85ae-2cee56d3f445-PipelineCommandHandlerThread-0] INFO  server.RaftServer$Division (RaftServerImpl.java:lambda$close$1(527)) - d8f38f7e-70e8-450f-85ae-2cee56d3f445@group-85D4D12AD658: shutdown
2025-07-05 15:49:06,664 [d8f38f7e-70e8-450f-85ae-2cee56d3f445-PipelineCommandHandlerThread-0] INFO  util.JmxRegister (JmxRegister.java:unregister(74)) - Successfully un-registered JMX Bean with object name Ratis:service=RaftServer,group=group-85D4D12AD658,id=d8f38f7e-70e8-450f-85ae-2cee56d3f445
2025-07-05 15:49:06,664 [d8f38f7e-70e8-450f-85ae-2cee56d3f445-PipelineCommandHandlerThread-0] INFO  impl.RoleInfo (RoleInfo.java:shutdownLeaderState(103)) - d8f38f7e-70e8-450f-85ae-2cee56d3f445: shutdown d8f38f7e-70e8-450f-85ae-2cee56d3f445@group-85D4D12AD658-LeaderStateImpl
2025-07-05 15:49:06,664 [d8f38f7e-70e8-450f-85ae-2cee56d3f445-PipelineCommandHandlerThread-0] INFO  impl.PendingRequests (PendingRequests.java:sendNotLeaderResponses(287)) - d8f38f7e-70e8-450f-85ae-2cee56d3f445@group-85D4D12AD658-PendingRequests: sendNotLeaderResponses
2025-07-05 15:49:06,666 [d8f38f7e-70e8-450f-85ae-2cee56d3f445-PipelineCommandHandlerThread-0] INFO  impl.StateMachineUpdater (StateMachineUpdater.java:stopAndJoin(163)) - d8f38f7e-70e8-450f-85ae-2cee56d3f445@group-85D4D12AD658-StateMachineUpdater: set stopIndex = 3
2025-07-05 15:49:06,666 [d8f38f7e-70e8-450f-85ae-2cee56d3f445@group-85D4D12AD658-StateMachineUpdater] ERROR ratis.ContainerStateMachine (ContainerStateMachine.java:takeSnapshot(421)) - Failed to take snapshot  for group-85D4D12AD658 as the stateMachine is unhealthy. The last applied index is at (t:1, i:3)
2025-07-05 15:49:06,666 [d8f38f7e-70e8-450f-85ae-2cee56d3f445@group-85D4D12AD658-StateMachineUpdater] ERROR impl.StateMachineUpdater (StateMachineUpdater.java:takeSnapshot(302)) - d8f38f7e-70e8-450f-85ae-2cee56d3f445@group-85D4D12AD658-StateMachineUpdater: Failed to take snapshot
org.apache.ratis.protocol.exceptions.StateMachineException: Failed to take snapshot  for group-85D4D12AD658 as the stateMachine is unhealthy. The last applied index is at (t:1, i:3)
	at org.apache.hadoop.ozone.container.common.transport.server.ratis.ContainerStateMachine.takeSnapshot(ContainerStateMachine.java:420)
	at org.apache.ratis.server.impl.StateMachineUpdater.takeSnapshot(StateMachineUpdater.java:290)
	at org.apache.ratis.server.impl.StateMachineUpdater.checkAndTakeSnapshot(StateMachineUpdater.java:281)
	at org.apache.ratis.server.impl.StateMachineUpdater.run(StateMachineUpdater.java:194)
	at java.base/java.lang.Thread.run(Thread.java:1583)
2025-07-05 15:49:06,666 [d8f38f7e-70e8-450f-85ae-2cee56d3f445@group-85D4D12AD658-StateMachineUpdater] INFO  impl.StateMachineUpdater (StateMachineUpdater.java:stop(140)) - d8f38f7e-70e8-450f-85ae-2cee56d3f445@group-85D4D12AD658-StateMachineUpdater: closing ContainerStateMachine, lastApplied=(t:1, i:3)
2025-07-05 15:49:06,667 [d8f38f7e-70e8-450f-85ae-2cee56d3f445-PipelineCommandHandlerThread-0] INFO  segmented.SegmentedRaftLogWorker (SegmentedRaftLogWorker.java:close(254)) - d8f38f7e-70e8-450f-85ae-2cee56d3f445@group-85D4D12AD658-SegmentedRaftLogWorker close()
2025-07-05 15:49:06,668 [d8f38f7e-70e8-450f-85ae-2cee56d3f445-PipelineCommandHandlerThread-0] INFO  server.RaftServer$Division (RaftServerImpl.java:groupRemove(497)) - d8f38f7e-70e8-450f-85ae-2cee56d3f445@group-85D4D12AD658: Succeed to remove RaftStorageDirectory Storage Directory /home/runner/work/ozone/ozone/hadoop-ozone/integration-test/target/test-dir/MiniOzoneClusterImpl-0a3c97a5-d59a-4532-afef-c4940c4c02aa/ozone-meta/datanode-9/ratis/e6b93728-3fa6-44fd-b8ff-85d4d12ad658
2025-07-05 15:49:06,668 [d8f38f7e-70e8-450f-85ae-2cee56d3f445-PipelineCommandHandlerThread-0] INFO  commandhandler.ClosePipelineCommandHandler (ClosePipelineCommandHandler.java:lambda$handle$2(142)) - Close Pipeline Pipeline-e6b93728-3fa6-44fd-b8ff-85d4d12ad658 command on datanode d8f38f7e-70e8-450f-85ae-2cee56d3f445(localhost/127.0.0.1).
2025-07-05 15:49:06,871 [timer6] WARN  server.GrpcLogAppender (LogUtils.java:warn(129)) - a2863246-e653-4b31-a3d0-09f3a93c429f@group-2DA8B140AB24->092257cb-ba5a-4f8a-9b9c-d44861eaa450-AppendLogResponseHandler: Failed appendEntries (Repeated 6 times in the last 5.001s)
org.apache.ratis.protocol.exceptions.GroupMismatchException: 092257cb-ba5a-4f8a-9b9c-d44861eaa450: group-2DA8B140AB24 not found.
	at org.apache.ratis.server.impl.RaftServerProxy$ImplMap.get(RaftServerProxy.java:160)
	at org.apache.ratis.server.impl.RaftServerProxy.getImplFuture(RaftServerProxy.java:370)
	at org.apache.ratis.server.impl.RaftServerProxy.appendEntriesAsync(RaftServerProxy.java:650)
	at org.apache.ratis.grpc.server.GrpcServerProtocolService$1.process(GrpcServerProtocolService.java:245)
	at org.apache.ratis.grpc.server.GrpcServerProtocolService$1.process(GrpcServerProtocolService.java:242)
	at org.apache.ratis.grpc.server.GrpcServerProtocolService$ServerRequestStreamObserver.onNext(GrpcServerProtocolService.java:150)
	at org.apache.ratis.thirdparty.io.grpc.stub.ServerCalls$StreamingServerCallHandler$StreamingServerCallListener.onMessage(ServerCalls.java:262)
	at org.apache.ratis.thirdparty.io.grpc.internal.ServerCallImpl$ServerStreamListenerImpl.messagesAvailableInternal(ServerCallImpl.java:334)
	at org.apache.ratis.thirdparty.io.grpc.internal.ServerCallImpl$ServerStreamListenerImpl.messagesAvailable(ServerCallImpl.java:319)
	at org.apache.ratis.thirdparty.io.grpc.internal.ServerImpl$JumpToApplicationThreadServerStreamListener$1MessagesAvailable.runInContext(ServerImpl.java:834)
	at org.apache.ratis.thirdparty.io.grpc.internal.ContextRunnable.run(ContextRunnable.java:37)
	at org.apache.ratis.thirdparty.io.grpc.internal.SerializingExecutor.run(SerializingExecutor.java:133)
	at java.base/java.util.concurrent.ThreadPoolExecutor.runWorker(ThreadPoolExecutor.java:1144)
	at java.base/java.util.concurrent.ThreadPoolExecutor$Worker.run(ThreadPoolExecutor.java:642)
	at java.base/java.lang.Thread.run(Thread.java:1583)
2025-07-05 15:49:06,900 [grpc-default-executor-3] WARN  server.GrpcServerProtocolService (LogUtils.java:warn(129)) - 092257cb-ba5a-4f8a-9b9c-d44861eaa450: Failed APPEND_ENTRIES request a2863246-e653-4b31-a3d0-09f3a93c429f->092257cb-ba5a-4f8a-9b9c-d44861eaa450#12-t2,previous=(t:1, i:0),leaderCommit=2,initializing? false,entries: size=2, first=(t:2, i:1), CONFIGURATIONENTRY(current:id:"092257cb-ba5a-4f8a-9b9c-d44861eaa450"address:"127.0.0.1:15063"priority:1dataStreamAddress:"127.0.0.1:15064"clientAddress:"127.0.0.1:15061"adminAddress:"127.0.0.1:15062"startupRole:FOLLOWER, id:"d8f38f7e-70e8-450f-85ae-2cee56d3f445"address:"127.0.0.1:15079"dataStreamAddress:"127.0.0.1:15080"clientAddress:"127.0.0.1:15077"adminAddress:"127.0.0.1:15078"startupRole:FOLLOWER, id:"a2863246-e653-4b31-a3d0-09f3a93c429f"address:"127.0.0.1:15071"dataStreamAddress:"127.0.0.1:15072"clientAddress:"127.0.0.1:15069"adminAddress:"127.0.0.1:15070"startupRole:FOLLOWER, old:)
java.util.concurrent.CompletionException: org.apache.ratis.protocol.exceptions.GroupMismatchException: 092257cb-ba5a-4f8a-9b9c-d44861eaa450: group-2DA8B140AB24 not found.
	at java.base/java.util.concurrent.CompletableFuture.encodeThrowable(CompletableFuture.java:332)
	at java.base/java.util.concurrent.CompletableFuture.uniComposeStage(CompletableFuture.java:1177)
	at java.base/java.util.concurrent.CompletableFuture.thenCompose(CompletableFuture.java:2341)
	at org.apache.ratis.server.impl.RaftServerProxy.appendEntriesAsync(RaftServerProxy.java:651)
	at org.apache.ratis.grpc.server.GrpcServerProtocolService$1.process(GrpcServerProtocolService.java:245)
	at org.apache.ratis.grpc.server.GrpcServerProtocolService$1.process(GrpcServerProtocolService.java:242)
	at org.apache.ratis.grpc.server.GrpcServerProtocolService$ServerRequestStreamObserver.onNext(GrpcServerProtocolService.java:150)
	at org.apache.ratis.thirdparty.io.grpc.stub.ServerCalls$StreamingServerCallHandler$StreamingServerCallListener.onMessage(ServerCalls.java:262)
	at org.apache.ratis.thirdparty.io.grpc.internal.ServerCallImpl$ServerStreamListenerImpl.messagesAvailableInternal(ServerCallImpl.java:334)
	at org.apache.ratis.thirdparty.io.grpc.internal.ServerCallImpl$ServerStreamListenerImpl.messagesAvailable(ServerCallImpl.java:319)
	at org.apache.ratis.thirdparty.io.grpc.internal.ServerImpl$JumpToApplicationThreadServerStreamListener$1MessagesAvailable.runInContext(ServerImpl.java:834)
	at org.apache.ratis.thirdparty.io.grpc.internal.ContextRunnable.run(ContextRunnable.java:37)
	at org.apache.ratis.thirdparty.io.grpc.internal.SerializingExecutor.run(SerializingExecutor.java:133)
	at java.base/java.util.concurrent.ThreadPoolExecutor.runWorker(ThreadPoolExecutor.java:1144)
	at java.base/java.util.concurrent.ThreadPoolExecutor$Worker.run(ThreadPoolExecutor.java:642)
	at java.base/java.lang.Thread.run(Thread.java:1583)
Caused by: org.apache.ratis.protocol.exceptions.GroupMismatchException: 092257cb-ba5a-4f8a-9b9c-d44861eaa450: group-2DA8B140AB24 not found.
	at org.apache.ratis.server.impl.RaftServerProxy$ImplMap.get(RaftServerProxy.java:160)
	at org.apache.ratis.server.impl.RaftServerProxy.getImplFuture(RaftServerProxy.java:370)
	at org.apache.ratis.server.impl.RaftServerProxy.appendEntriesAsync(RaftServerProxy.java:650)
	... 12 more
2025-07-05 15:49:06,902 [grpc-default-executor-3] WARN  server.GrpcLogAppender (LogUtils.java:warn(129)) - a2863246-e653-4b31-a3d0-09f3a93c429f@group-2DA8B140AB24->092257cb-ba5a-4f8a-9b9c-d44861eaa450-AppendLogResponseHandler: Failed appendEntries
org.apache.ratis.protocol.exceptions.GroupMismatchException: 092257cb-ba5a-4f8a-9b9c-d44861eaa450: group-2DA8B140AB24 not found.
	at org.apache.ratis.server.impl.RaftServerProxy$ImplMap.get(RaftServerProxy.java:160)
	at org.apache.ratis.server.impl.RaftServerProxy.getImplFuture(RaftServerProxy.java:370)
	at org.apache.ratis.server.impl.RaftServerProxy.appendEntriesAsync(RaftServerProxy.java:650)
	at org.apache.ratis.grpc.server.GrpcServerProtocolService$1.process(GrpcServerProtocolService.java:245)
	at org.apache.ratis.grpc.server.GrpcServerProtocolService$1.process(GrpcServerProtocolService.java:242)
	at org.apache.ratis.grpc.server.GrpcServerProtocolService$ServerRequestStreamObserver.onNext(GrpcServerProtocolService.java:150)
	at org.apache.ratis.thirdparty.io.grpc.stub.ServerCalls$StreamingServerCallHandler$StreamingServerCallListener.onMessage(ServerCalls.java:262)
	at org.apache.ratis.thirdparty.io.grpc.internal.ServerCallImpl$ServerStreamListenerImpl.messagesAvailableInternal(ServerCallImpl.java:334)
	at org.apache.ratis.thirdparty.io.grpc.internal.ServerCallImpl$ServerStreamListenerImpl.messagesAvailable(ServerCallImpl.java:319)
	at org.apache.ratis.thirdparty.io.grpc.internal.ServerImpl$JumpToApplicationThreadServerStreamListener$1MessagesAvailable.runInContext(ServerImpl.java:834)
	at org.apache.ratis.thirdparty.io.grpc.internal.ContextRunnable.run(ContextRunnable.java:37)
	at org.apache.ratis.thirdparty.io.grpc.internal.SerializingExecutor.run(SerializingExecutor.java:133)
	at java.base/java.util.concurrent.ThreadPoolExecutor.runWorker(ThreadPoolExecutor.java:1144)
	at java.base/java.util.concurrent.ThreadPoolExecutor$Worker.run(ThreadPoolExecutor.java:642)
	at java.base/java.lang.Thread.run(Thread.java:1583)
2025-07-05 15:49:06,902 [grpc-default-executor-3] INFO  leader.LogAppender (LogAppenderBase.java:lambda$getNextIndexForError$0(215)) - Decrease nextIndex to 1
2025-07-05 15:49:06,902 [grpc-default-executor-3] INFO  leader.LogAppender (LogAppenderBase.java:lambda$getNextIndexForError$0(215)) - Decrease nextIndex to 1
2025-07-05 15:49:06,903 [grpc-default-executor-3] INFO  leader.FollowerInfo (FollowerInfoImpl.java:info(70)) - a2863246-e653-4b31-a3d0-09f3a93c429f@group-2DA8B140AB24->092257cb-ba5a-4f8a-9b9c-d44861eaa450: computeNextIndex nextIndex: updateUnconditionally 3 -> 1
2025-07-05 15:49:07,089 [timer5] WARN  server.GrpcLogAppender (GrpcLogAppender.java:timeoutAppendRequest(448)) - a2863246-e653-4b31-a3d0-09f3a93c429f@group-DDDF55466C04->092257cb-ba5a-4f8a-9b9c-d44861eaa450-GrpcLogAppender: Timed out HEARTBEAT appendEntries, errorCount=11, request=AppendEntriesRequest:cid=6804,entriesCount=0
2025-07-05 15:49:08,154 [grpc-default-executor-3] WARN  server.GrpcServerProtocolService (LogUtils.java:warn(129)) - 092257cb-ba5a-4f8a-9b9c-d44861eaa450: Failed APPEND_ENTRIES request a2863246-e653-4b31-a3d0-09f3a93c429f->092257cb-ba5a-4f8a-9b9c-d44861eaa450#14-t2,previous=(t:1, i:0),leaderCommit=2,initializing? false,entries: size=2, first=(t:2, i:1), CONFIGURATIONENTRY(current:id:"092257cb-ba5a-4f8a-9b9c-d44861eaa450"address:"127.0.0.1:15063"priority:1dataStreamAddress:"127.0.0.1:15064"clientAddress:"127.0.0.1:15061"adminAddress:"127.0.0.1:15062"startupRole:FOLLOWER, id:"d8f38f7e-70e8-450f-85ae-2cee56d3f445"address:"127.0.0.1:15079"dataStreamAddress:"127.0.0.1:15080"clientAddress:"127.0.0.1:15077"adminAddress:"127.0.0.1:15078"startupRole:FOLLOWER, id:"a2863246-e653-4b31-a3d0-09f3a93c429f"address:"127.0.0.1:15071"dataStreamAddress:"127.0.0.1:15072"clientAddress:"127.0.0.1:15069"adminAddress:"127.0.0.1:15070"startupRole:FOLLOWER, old:)
java.util.concurrent.CompletionException: org.apache.ratis.protocol.exceptions.GroupMismatchException: 092257cb-ba5a-4f8a-9b9c-d44861eaa450: group-2DA8B140AB24 not found.
	at java.base/java.util.concurrent.CompletableFuture.encodeThrowable(CompletableFuture.java:332)
	at java.base/java.util.concurrent.CompletableFuture.uniComposeStage(CompletableFuture.java:1177)
	at java.base/java.util.concurrent.CompletableFuture.thenCompose(CompletableFuture.java:2341)
	at org.apache.ratis.server.impl.RaftServerProxy.appendEntriesAsync(RaftServerProxy.java:651)
	at org.apache.ratis.grpc.server.GrpcServerProtocolService$1.process(GrpcServerProtocolService.java:245)
	at org.apache.ratis.grpc.server.GrpcServerProtocolService$1.process(GrpcServerProtocolService.java:242)
	at org.apache.ratis.grpc.server.GrpcServerProtocolService$ServerRequestStreamObserver.onNext(GrpcServerProtocolService.java:150)
	at org.apache.ratis.thirdparty.io.grpc.stub.ServerCalls$StreamingServerCallHandler$StreamingServerCallListener.onMessage(ServerCalls.java:262)
	at org.apache.ratis.thirdparty.io.grpc.internal.ServerCallImpl$ServerStreamListenerImpl.messagesAvailableInternal(ServerCallImpl.java:334)
	at org.apache.ratis.thirdparty.io.grpc.internal.ServerCallImpl$ServerStreamListenerImpl.messagesAvailable(ServerCallImpl.java:319)
	at org.apache.ratis.thirdparty.io.grpc.internal.ServerImpl$JumpToApplicationThreadServerStreamListener$1MessagesAvailable.runInContext(ServerImpl.java:834)
	at org.apache.ratis.thirdparty.io.grpc.internal.ContextRunnable.run(ContextRunnable.java:37)
	at org.apache.ratis.thirdparty.io.grpc.internal.SerializingExecutor.run(SerializingExecutor.java:133)
	at java.base/java.util.concurrent.ThreadPoolExecutor.runWorker(ThreadPoolExecutor.java:1144)
	at java.base/java.util.concurrent.ThreadPoolExecutor$Worker.run(ThreadPoolExecutor.java:642)
	at java.base/java.lang.Thread.run(Thread.java:1583)
Caused by: org.apache.ratis.protocol.exceptions.GroupMismatchException: 092257cb-ba5a-4f8a-9b9c-d44861eaa450: group-2DA8B140AB24 not found.
	at org.apache.ratis.server.impl.RaftServerProxy$ImplMap.get(RaftServerProxy.java:160)
	at org.apache.ratis.server.impl.RaftServerProxy.getImplFuture(RaftServerProxy.java:370)
	at org.apache.ratis.server.impl.RaftServerProxy.appendEntriesAsync(RaftServerProxy.java:650)
	... 12 more
2025-07-05 15:49:08,155 [grpc-default-executor-3] INFO  leader.LogAppender (LogAppenderBase.java:lambda$getNextIndexForError$0(215)) - Decrease nextIndex to 1
2025-07-05 15:49:08,155 [grpc-default-executor-3] INFO  leader.LogAppender (LogAppenderBase.java:lambda$getNextIndexForError$0(215)) - Decrease nextIndex to 1
2025-07-05 15:49:08,155 [grpc-default-executor-3] INFO  leader.FollowerInfo (FollowerInfoImpl.java:info(70)) - a2863246-e653-4b31-a3d0-09f3a93c429f@group-2DA8B140AB24->092257cb-ba5a-4f8a-9b9c-d44861eaa450: computeNextIndex nextIndex: updateUnconditionally 3 -> 1
2025-07-05 15:49:08,339 [timer3] WARN  server.GrpcLogAppender (GrpcLogAppender.java:timeoutAppendRequest(448)) - a2863246-e653-4b31-a3d0-09f3a93c429f@group-DDDF55466C04->092257cb-ba5a-4f8a-9b9c-d44861eaa450-GrpcLogAppender: Timed out HEARTBEAT appendEntries, errorCount=12, request=AppendEntriesRequest:cid=6805,entriesCount=0
2025-07-05 15:49:09,406 [grpc-default-executor-3] WARN  server.GrpcServerProtocolService (LogUtils.java:warn(129)) - 092257cb-ba5a-4f8a-9b9c-d44861eaa450: Failed APPEND_ENTRIES request a2863246-e653-4b31-a3d0-09f3a93c429f->092257cb-ba5a-4f8a-9b9c-d44861eaa450#16-t2,previous=(t:1, i:0),leaderCommit=2,initializing? false,entries: size=2, first=(t:2, i:1), CONFIGURATIONENTRY(current:id:"092257cb-ba5a-4f8a-9b9c-d44861eaa450"address:"127.0.0.1:15063"priority:1dataStreamAddress:"127.0.0.1:15064"clientAddress:"127.0.0.1:15061"adminAddress:"127.0.0.1:15062"startupRole:FOLLOWER, id:"d8f38f7e-70e8-450f-85ae-2cee56d3f445"address:"127.0.0.1:15079"dataStreamAddress:"127.0.0.1:15080"clientAddress:"127.0.0.1:15077"adminAddress:"127.0.0.1:15078"startupRole:FOLLOWER, id:"a2863246-e653-4b31-a3d0-09f3a93c429f"address:"127.0.0.1:15071"dataStreamAddress:"127.0.0.1:15072"clientAddress:"127.0.0.1:15069"adminAddress:"127.0.0.1:15070"startupRole:FOLLOWER, old:)
java.util.concurrent.CompletionException: org.apache.ratis.protocol.exceptions.GroupMismatchException: 092257cb-ba5a-4f8a-9b9c-d44861eaa450: group-2DA8B140AB24 not found.
	at java.base/java.util.concurrent.CompletableFuture.encodeThrowable(CompletableFuture.java:332)
	at java.base/java.util.concurrent.CompletableFuture.uniComposeStage(CompletableFuture.java:1177)
	at java.base/java.util.concurrent.CompletableFuture.thenCompose(CompletableFuture.java:2341)
	at org.apache.ratis.server.impl.RaftServerProxy.appendEntriesAsync(RaftServerProxy.java:651)
	at org.apache.ratis.grpc.server.GrpcServerProtocolService$1.process(GrpcServerProtocolService.java:245)
	at org.apache.ratis.grpc.server.GrpcServerProtocolService$1.process(GrpcServerProtocolService.java:242)
	at org.apache.ratis.grpc.server.GrpcServerProtocolService$ServerRequestStreamObserver.onNext(GrpcServerProtocolService.java:150)
	at org.apache.ratis.thirdparty.io.grpc.stub.ServerCalls$StreamingServerCallHandler$StreamingServerCallListener.onMessage(ServerCalls.java:262)
	at org.apache.ratis.thirdparty.io.grpc.internal.ServerCallImpl$ServerStreamListenerImpl.messagesAvailableInternal(ServerCallImpl.java:334)
	at org.apache.ratis.thirdparty.io.grpc.internal.ServerCallImpl$ServerStreamListenerImpl.messagesAvailable(ServerCallImpl.java:319)
	at org.apache.ratis.thirdparty.io.grpc.internal.ServerImpl$JumpToApplicationThreadServerStreamListener$1MessagesAvailable.runInContext(ServerImpl.java:834)
	at org.apache.ratis.thirdparty.io.grpc.internal.ContextRunnable.run(ContextRunnable.java:37)
	at org.apache.ratis.thirdparty.io.grpc.internal.SerializingExecutor.run(SerializingExecutor.java:133)
	at java.base/java.util.concurrent.ThreadPoolExecutor.runWorker(ThreadPoolExecutor.java:1144)
	at java.base/java.util.concurrent.ThreadPoolExecutor$Worker.run(ThreadPoolExecutor.java:642)
	at java.base/java.lang.Thread.run(Thread.java:1583)
Caused by: org.apache.ratis.protocol.exceptions.GroupMismatchException: 092257cb-ba5a-4f8a-9b9c-d44861eaa450: group-2DA8B140AB24 not found.
	at org.apache.ratis.server.impl.RaftServerProxy$ImplMap.get(RaftServerProxy.java:160)
	at org.apache.ratis.server.impl.RaftServerProxy.getImplFuture(RaftServerProxy.java:370)
	at org.apache.ratis.server.impl.RaftServerProxy.appendEntriesAsync(RaftServerProxy.java:650)
	... 12 more
2025-07-05 15:49:09,408 [grpc-default-executor-3] INFO  leader.LogAppender (LogAppenderBase.java:lambda$getNextIndexForError$0(215)) - Decrease nextIndex to 1
2025-07-05 15:49:09,408 [grpc-default-executor-3] INFO  leader.LogAppender (LogAppenderBase.java:lambda$getNextIndexForError$0(215)) - Decrease nextIndex to 1
2025-07-05 15:49:09,408 [grpc-default-executor-3] INFO  leader.FollowerInfo (FollowerInfoImpl.java:info(70)) - a2863246-e653-4b31-a3d0-09f3a93c429f@group-2DA8B140AB24->092257cb-ba5a-4f8a-9b9c-d44861eaa450: computeNextIndex nextIndex: updateUnconditionally 3 -> 1
2025-07-05 15:49:09,591 [timer0] WARN  server.GrpcLogAppender (GrpcLogAppender.java:timeoutAppendRequest(448)) - a2863246-e653-4b31-a3d0-09f3a93c429f@group-DDDF55466C04->092257cb-ba5a-4f8a-9b9c-d44861eaa450-GrpcLogAppender: Timed out HEARTBEAT appendEntries, errorCount=13, request=AppendEntriesRequest:cid=6806,entriesCount=0
2025-07-05 15:49:10,485 [timer2] ERROR impl.OrderedAsync (OrderedAsync.java:lambda$null$6(215)) -  client-6A4C1800EE56: Failed* RaftClientRequest:client-6A4C1800EE56->d8f38f7e-70e8-450f-85ae-2cee56d3f445@group-85D4D12AD658, cid=161, seq=4*, RW, cmdType: WriteChunk
traceID: ""
containerID: 7
datanodeUuid: "d8f38f7e-70e8-450f-85ae-2cee56d3f445"
writeChunk {
  blockID {
    containerID: 7
    localID: 115816896921600007
    blockCommitSequenceId: 2
    replicaIndex: 0
  }
  chunkData {
    chunkName: "115816896921600007_chunk_2"
    offset: 5
    len: 5
    checksumData {
      type: CRC32
      bytesPerChecksum: 16384
      checksums: "\350a\3440"
    }
  }
}
version: 3
, data.size=5
java.util.concurrent.CompletionException: org.apache.ratis.protocol.exceptions.AlreadyClosedException: client-6A4C1800EE56->d8f38f7e-70e8-450f-85ae-2cee56d3f445 is closed.
	at java.base/java.util.concurrent.CompletableFuture.encodeThrowable(CompletableFuture.java:332)
	at java.base/java.util.concurrent.CompletableFuture.uniAcceptNow(CompletableFuture.java:747)
	at java.base/java.util.concurrent.CompletableFuture.uniAcceptStage(CompletableFuture.java:735)
	at java.base/java.util.concurrent.CompletableFuture.thenAccept(CompletableFuture.java:2214)
	at org.apache.ratis.client.impl.OrderedAsync.sendRequestWithRetry(OrderedAsync.java:206)
	at org.apache.ratis.util.SlidingWindow$Client.sendOrDelayRequest(SlidingWindow.java:315)
	at org.apache.ratis.util.SlidingWindow$Client.retry(SlidingWindow.java:331)
	at org.apache.ratis.client.impl.OrderedAsync.lambda$handleException$8(OrderedAsync.java:253)
	at org.apache.ratis.util.TimeoutTimer.lambda$onTimeout$2(TimeoutTimer.java:101)
	at org.apache.ratis.util.LogUtils.runAndLog(LogUtils.java:38)
	at org.apache.ratis.util.LogUtils$1.run(LogUtils.java:78)
	at org.apache.ratis.util.TimeoutTimer$Task.run(TimeoutTimer.java:55)
	at java.base/java.util.TimerThread.mainLoop(Timer.java:566)
	at java.base/java.util.TimerThread.run(Timer.java:516)
Caused by: org.apache.ratis.protocol.exceptions.AlreadyClosedException: client-6A4C1800EE56->d8f38f7e-70e8-450f-85ae-2cee56d3f445 is closed.
	at org.apache.ratis.grpc.client.GrpcClientProtocolClient$AsyncStreamObservers.onNext(GrpcClientProtocolClient.java:352)
	at org.apache.ratis.grpc.client.GrpcClientRpc.sendRequestAsync(GrpcClientRpc.java:71)
	... 10 more
2025-07-05 15:49:10,659 [grpc-default-executor-3] WARN  server.GrpcServerProtocolService (LogUtils.java:warn(129)) - 092257cb-ba5a-4f8a-9b9c-d44861eaa450: Failed APPEND_ENTRIES request a2863246-e653-4b31-a3d0-09f3a93c429f->092257cb-ba5a-4f8a-9b9c-d44861eaa450#18-t2,previous=(t:1, i:0),leaderCommit=2,initializing? false,entries: size=2, first=(t:2, i:1), CONFIGURATIONENTRY(current:id:"092257cb-ba5a-4f8a-9b9c-d44861eaa450"address:"127.0.0.1:15063"priority:1dataStreamAddress:"127.0.0.1:15064"clientAddress:"127.0.0.1:15061"adminAddress:"127.0.0.1:15062"startupRole:FOLLOWER, id:"d8f38f7e-70e8-450f-85ae-2cee56d3f445"address:"127.0.0.1:15079"dataStreamAddress:"127.0.0.1:15080"clientAddress:"127.0.0.1:15077"adminAddress:"127.0.0.1:15078"startupRole:FOLLOWER, id:"a2863246-e653-4b31-a3d0-09f3a93c429f"address:"127.0.0.1:15071"dataStreamAddress:"127.0.0.1:15072"clientAddress:"127.0.0.1:15069"adminAddress:"127.0.0.1:15070"startupRole:FOLLOWER, old:)
java.util.concurrent.CompletionException: org.apache.ratis.protocol.exceptions.GroupMismatchException: 092257cb-ba5a-4f8a-9b9c-d44861eaa450: group-2DA8B140AB24 not found.
	at java.base/java.util.concurrent.CompletableFuture.encodeThrowable(CompletableFuture.java:332)
	at java.base/java.util.concurrent.CompletableFuture.uniComposeStage(CompletableFuture.java:1177)
	at java.base/java.util.concurrent.CompletableFuture.thenCompose(CompletableFuture.java:2341)
	at org.apache.ratis.server.impl.RaftServerProxy.appendEntriesAsync(RaftServerProxy.java:651)
	at org.apache.ratis.grpc.server.GrpcServerProtocolService$1.process(GrpcServerProtocolService.java:245)
	at org.apache.ratis.grpc.server.GrpcServerProtocolService$1.process(GrpcServerProtocolService.java:242)
	at org.apache.ratis.grpc.server.GrpcServerProtocolService$ServerRequestStreamObserver.onNext(GrpcServerProtocolService.java:150)
	at org.apache.ratis.thirdparty.io.grpc.stub.ServerCalls$StreamingServerCallHandler$StreamingServerCallListener.onMessage(ServerCalls.java:262)
	at org.apache.ratis.thirdparty.io.grpc.internal.ServerCallImpl$ServerStreamListenerImpl.messagesAvailableInternal(ServerCallImpl.java:334)
	at org.apache.ratis.thirdparty.io.grpc.internal.ServerCallImpl$ServerStreamListenerImpl.messagesAvailable(ServerCallImpl.java:319)
	at org.apache.ratis.thirdparty.io.grpc.internal.ServerImpl$JumpToApplicationThreadServerStreamListener$1MessagesAvailable.runInContext(ServerImpl.java:834)
	at org.apache.ratis.thirdparty.io.grpc.internal.ContextRunnable.run(ContextRunnable.java:37)
	at org.apache.ratis.thirdparty.io.grpc.internal.SerializingExecutor.run(SerializingExecutor.java:133)
	at java.base/java.util.concurrent.ThreadPoolExecutor.runWorker(ThreadPoolExecutor.java:1144)
	at java.base/java.util.concurrent.ThreadPoolExecutor$Worker.run(ThreadPoolExecutor.java:642)
	at java.base/java.lang.Thread.run(Thread.java:1583)
Caused by: org.apache.ratis.protocol.exceptions.GroupMismatchException: 092257cb-ba5a-4f8a-9b9c-d44861eaa450: group-2DA8B140AB24 not found.
	at org.apache.ratis.server.impl.RaftServerProxy$ImplMap.get(RaftServerProxy.java:160)
	at org.apache.ratis.server.impl.RaftServerProxy.getImplFuture(RaftServerProxy.java:370)
	at org.apache.ratis.server.impl.RaftServerProxy.appendEntriesAsync(RaftServerProxy.java:650)
	... 12 more
2025-07-05 15:49:10,661 [grpc-default-executor-3] INFO  leader.LogAppender (LogAppenderBase.java:lambda$getNextIndexForError$0(215)) - Decrease nextIndex to 1
2025-07-05 15:49:10,661 [grpc-default-executor-3] INFO  leader.LogAppender (LogAppenderBase.java:lambda$getNextIndexForError$0(215)) - Decrease nextIndex to 1
2025-07-05 15:49:10,661 [grpc-default-executor-3] INFO  leader.FollowerInfo (FollowerInfoImpl.java:info(70)) - a2863246-e653-4b31-a3d0-09f3a93c429f@group-2DA8B140AB24->092257cb-ba5a-4f8a-9b9c-d44861eaa450: computeNextIndex nextIndex: updateUnconditionally 3 -> 1
2025-07-05 15:49:10,841 [timer3] WARN  server.GrpcLogAppender (GrpcLogAppender.java:timeoutAppendRequest(448)) - a2863246-e653-4b31-a3d0-09f3a93c429f@group-DDDF55466C04->092257cb-ba5a-4f8a-9b9c-d44861eaa450-GrpcLogAppender: Timed out HEARTBEAT appendEntries, errorCount=14, request=AppendEntriesRequest:cid=6807,entriesCount=0
2025-07-05 15:49:11,902 [timer3] WARN  server.GrpcLogAppender (LogUtils.java:warn(129)) - a2863246-e653-4b31-a3d0-09f3a93c429f@group-2DA8B140AB24->092257cb-ba5a-4f8a-9b9c-d44861eaa450-AppendLogResponseHandler: Failed appendEntries (Repeated 4 times in the last 5.000s)
org.apache.ratis.protocol.exceptions.GroupMismatchException: 092257cb-ba5a-4f8a-9b9c-d44861eaa450: group-2DA8B140AB24 not found.
	at org.apache.ratis.server.impl.RaftServerProxy$ImplMap.get(RaftServerProxy.java:160)
	at org.apache.ratis.server.impl.RaftServerProxy.getImplFuture(RaftServerProxy.java:370)
	at org.apache.ratis.server.impl.RaftServerProxy.appendEntriesAsync(RaftServerProxy.java:650)
	at org.apache.ratis.grpc.server.GrpcServerProtocolService$1.process(GrpcServerProtocolService.java:245)
	at org.apache.ratis.grpc.server.GrpcServerProtocolService$1.process(GrpcServerProtocolService.java:242)
	at org.apache.ratis.grpc.server.GrpcServerProtocolService$ServerRequestStreamObserver.onNext(GrpcServerProtocolService.java:150)
	at org.apache.ratis.thirdparty.io.grpc.stub.ServerCalls$StreamingServerCallHandler$StreamingServerCallListener.onMessage(ServerCalls.java:262)
	at org.apache.ratis.thirdparty.io.grpc.internal.ServerCallImpl$ServerStreamListenerImpl.messagesAvailableInternal(ServerCallImpl.java:334)
	at org.apache.ratis.thirdparty.io.grpc.internal.ServerCallImpl$ServerStreamListenerImpl.messagesAvailable(ServerCallImpl.java:319)
	at org.apache.ratis.thirdparty.io.grpc.internal.ServerImpl$JumpToApplicationThreadServerStreamListener$1MessagesAvailable.runInContext(ServerImpl.java:834)
	at org.apache.ratis.thirdparty.io.grpc.internal.ContextRunnable.run(ContextRunnable.java:37)
	at org.apache.ratis.thirdparty.io.grpc.internal.SerializingExecutor.run(SerializingExecutor.java:133)
	at java.base/java.util.concurrent.ThreadPoolExecutor.runWorker(ThreadPoolExecutor.java:1144)
	at java.base/java.util.concurrent.ThreadPoolExecutor$Worker.run(ThreadPoolExecutor.java:642)
	at java.base/java.lang.Thread.run(Thread.java:1583)
2025-07-05 15:49:11,911 [grpc-default-executor-1] WARN  server.GrpcServerProtocolService (LogUtils.java:warn(129)) - 092257cb-ba5a-4f8a-9b9c-d44861eaa450: Failed APPEND_ENTRIES request a2863246-e653-4b31-a3d0-09f3a93c429f->092257cb-ba5a-4f8a-9b9c-d44861eaa450#20-t2,previous=(t:1, i:0),leaderCommit=2,initializing? false,entries: size=2, first=(t:2, i:1), CONFIGURATIONENTRY(current:id:"092257cb-ba5a-4f8a-9b9c-d44861eaa450"address:"127.0.0.1:15063"priority:1dataStreamAddress:"127.0.0.1:15064"clientAddress:"127.0.0.1:15061"adminAddress:"127.0.0.1:15062"startupRole:FOLLOWER, id:"d8f38f7e-70e8-450f-85ae-2cee56d3f445"address:"127.0.0.1:15079"dataStreamAddress:"127.0.0.1:15080"clientAddress:"127.0.0.1:15077"adminAddress:"127.0.0.1:15078"startupRole:FOLLOWER, id:"a2863246-e653-4b31-a3d0-09f3a93c429f"address:"127.0.0.1:15071"dataStreamAddress:"127.0.0.1:15072"clientAddress:"127.0.0.1:15069"adminAddress:"127.0.0.1:15070"startupRole:FOLLOWER, old:)
java.util.concurrent.CompletionException: org.apache.ratis.protocol.exceptions.GroupMismatchException: 092257cb-ba5a-4f8a-9b9c-d44861eaa450: group-2DA8B140AB24 not found.
	at java.base/java.util.concurrent.CompletableFuture.encodeThrowable(CompletableFuture.java:332)
	at java.base/java.util.concurrent.CompletableFuture.uniComposeStage(CompletableFuture.java:1177)
	at java.base/java.util.concurrent.CompletableFuture.thenCompose(CompletableFuture.java:2341)
	at org.apache.ratis.server.impl.RaftServerProxy.appendEntriesAsync(RaftServerProxy.java:651)
	at org.apache.ratis.grpc.server.GrpcServerProtocolService$1.process(GrpcServerProtocolService.java:245)
	at org.apache.ratis.grpc.server.GrpcServerProtocolService$1.process(GrpcServerProtocolService.java:242)
	at org.apache.ratis.grpc.server.GrpcServerProtocolService$ServerRequestStreamObserver.onNext(GrpcServerProtocolService.java:150)
	at org.apache.ratis.thirdparty.io.grpc.stub.ServerCalls$StreamingServerCallHandler$StreamingServerCallListener.onMessage(ServerCalls.java:262)
	at org.apache.ratis.thirdparty.io.grpc.internal.ServerCallImpl$ServerStreamListenerImpl.messagesAvailableInternal(ServerCallImpl.java:334)
	at org.apache.ratis.thirdparty.io.grpc.internal.ServerCallImpl$ServerStreamListenerImpl.messagesAvailable(ServerCallImpl.java:319)
	at org.apache.ratis.thirdparty.io.grpc.internal.ServerImpl$JumpToApplicationThreadServerStreamListener$1MessagesAvailable.runInContext(ServerImpl.java:834)
	at org.apache.ratis.thirdparty.io.grpc.internal.ContextRunnable.run(ContextRunnable.java:37)
	at org.apache.ratis.thirdparty.io.grpc.internal.SerializingExecutor.run(SerializingExecutor.java:133)
	at java.base/java.util.concurrent.ThreadPoolExecutor.runWorker(ThreadPoolExecutor.java:1144)
	at java.base/java.util.concurrent.ThreadPoolExecutor$Worker.run(ThreadPoolExecutor.java:642)
	at java.base/java.lang.Thread.run(Thread.java:1583)
Caused by: org.apache.ratis.protocol.exceptions.GroupMismatchException: 092257cb-ba5a-4f8a-9b9c-d44861eaa450: group-2DA8B140AB24 not found.
	at org.apache.ratis.server.impl.RaftServerProxy$ImplMap.get(RaftServerProxy.java:160)
	at org.apache.ratis.server.impl.RaftServerProxy.getImplFuture(RaftServerProxy.java:370)
	at org.apache.ratis.server.impl.RaftServerProxy.appendEntriesAsync(RaftServerProxy.java:650)
	... 12 more
2025-07-05 15:49:11,913 [grpc-default-executor-1] WARN  server.GrpcLogAppender (LogUtils.java:warn(129)) - a2863246-e653-4b31-a3d0-09f3a93c429f@group-2DA8B140AB24->092257cb-ba5a-4f8a-9b9c-d44861eaa450-AppendLogResponseHandler: Failed appendEntries
org.apache.ratis.protocol.exceptions.GroupMismatchException: 092257cb-ba5a-4f8a-9b9c-d44861eaa450: group-2DA8B140AB24 not found.
	at org.apache.ratis.server.impl.RaftServerProxy$ImplMap.get(RaftServerProxy.java:160)
	at org.apache.ratis.server.impl.RaftServerProxy.getImplFuture(RaftServerProxy.java:370)
	at org.apache.ratis.server.impl.RaftServerProxy.appendEntriesAsync(RaftServerProxy.java:650)
	at org.apache.ratis.grpc.server.GrpcServerProtocolService$1.process(GrpcServerProtocolService.java:245)
	at org.apache.ratis.grpc.server.GrpcServerProtocolService$1.process(GrpcServerProtocolService.java:242)
	at org.apache.ratis.grpc.server.GrpcServerProtocolService$ServerRequestStreamObserver.onNext(GrpcServerProtocolService.java:150)
	at org.apache.ratis.thirdparty.io.grpc.stub.ServerCalls$StreamingServerCallHandler$StreamingServerCallListener.onMessage(ServerCalls.java:262)
	at org.apache.ratis.thirdparty.io.grpc.internal.ServerCallImpl$ServerStreamListenerImpl.messagesAvailableInternal(ServerCallImpl.java:334)
	at org.apache.ratis.thirdparty.io.grpc.internal.ServerCallImpl$ServerStreamListenerImpl.messagesAvailable(ServerCallImpl.java:319)
	at org.apache.ratis.thirdparty.io.grpc.internal.ServerImpl$JumpToApplicationThreadServerStreamListener$1MessagesAvailable.runInContext(ServerImpl.java:834)
	at org.apache.ratis.thirdparty.io.grpc.internal.ContextRunnable.run(ContextRunnable.java:37)
	at org.apache.ratis.thirdparty.io.grpc.internal.SerializingExecutor.run(SerializingExecutor.java:133)
	at java.base/java.util.concurrent.ThreadPoolExecutor.runWorker(ThreadPoolExecutor.java:1144)
	at java.base/java.util.concurrent.ThreadPoolExecutor$Worker.run(ThreadPoolExecutor.java:642)
	at java.base/java.lang.Thread.run(Thread.java:1583)
2025-07-05 15:49:11,913 [grpc-default-executor-1] INFO  leader.LogAppender (LogAppenderBase.java:lambda$getNextIndexForError$0(215)) - Decrease nextIndex to 1
2025-07-05 15:49:11,913 [grpc-default-executor-1] INFO  leader.LogAppender (LogAppenderBase.java:lambda$getNextIndexForError$0(215)) - Decrease nextIndex to 1
2025-07-05 15:49:11,914 [grpc-default-executor-1] INFO  leader.FollowerInfo (FollowerInfoImpl.java:info(70)) - a2863246-e653-4b31-a3d0-09f3a93c429f@group-2DA8B140AB24->092257cb-ba5a-4f8a-9b9c-d44861eaa450: computeNextIndex nextIndex: updateUnconditionally 3 -> 1
2025-07-05 15:49:13,082 [timer6] WARN  server.GrpcLogAppender (GrpcLogAppender.java:timeoutAppendRequest(448)) - a2863246-e653-4b31-a3d0-09f3a93c429f@group-DDDF55466C04->092257cb-ba5a-4f8a-9b9c-d44861eaa450-GrpcLogAppender: Timed out HEARTBEAT appendEntries, errorCount=15, request=AppendEntriesRequest:cid=6808,entriesCount=0
2025-07-05 15:49:15,504 [grpc-default-executor-1] WARN  server.GrpcServerProtocolService (LogUtils.java:warn(129)) - 092257cb-ba5a-4f8a-9b9c-d44861eaa450: Failed APPEND_ENTRIES request a2863246-e653-4b31-a3d0-09f3a93c429f->092257cb-ba5a-4f8a-9b9c-d44861eaa450#23-t2,previous=(t:1, i:0),leaderCommit=2,initializing? false,entries: size=2, first=(t:2, i:1), CONFIGURATIONENTRY(current:id:"092257cb-ba5a-4f8a-9b9c-d44861eaa450"address:"127.0.0.1:15063"priority:1dataStreamAddress:"127.0.0.1:15064"clientAddress:"127.0.0.1:15061"adminAddress:"127.0.0.1:15062"startupRole:FOLLOWER, id:"d8f38f7e-70e8-450f-85ae-2cee56d3f445"address:"127.0.0.1:15079"dataStreamAddress:"127.0.0.1:15080"clientAddress:"127.0.0.1:15077"adminAddress:"127.0.0.1:15078"startupRole:FOLLOWER, id:"a2863246-e653-4b31-a3d0-09f3a93c429f"address:"127.0.0.1:15071"dataStreamAddress:"127.0.0.1:15072"clientAddress:"127.0.0.1:15069"adminAddress:"127.0.0.1:15070"startupRole:FOLLOWER, old:)
java.util.concurrent.CompletionException: org.apache.ratis.protocol.exceptions.GroupMismatchException: 092257cb-ba5a-4f8a-9b9c-d44861eaa450: group-2DA8B140AB24 not found.
	at java.base/java.util.concurrent.CompletableFuture.encodeThrowable(CompletableFuture.java:332)
	at java.base/java.util.concurrent.CompletableFuture.uniComposeStage(CompletableFuture.java:1177)
	at java.base/java.util.concurrent.CompletableFuture.thenCompose(CompletableFuture.java:2341)
	at org.apache.ratis.server.impl.RaftServerProxy.appendEntriesAsync(RaftServerProxy.java:651)
	at org.apache.ratis.grpc.server.GrpcServerProtocolService$1.process(GrpcServerProtocolService.java:245)
	at org.apache.ratis.grpc.server.GrpcServerProtocolService$1.process(GrpcServerProtocolService.java:242)
	at org.apache.ratis.grpc.server.GrpcServerProtocolService$ServerRequestStreamObserver.onNext(GrpcServerProtocolService.java:150)
	at org.apache.ratis.thirdparty.io.grpc.stub.ServerCalls$StreamingServerCallHandler$StreamingServerCallListener.onMessage(ServerCalls.java:262)
	at org.apache.ratis.thirdparty.io.grpc.internal.ServerCallImpl$ServerStreamListenerImpl.messagesAvailableInternal(ServerCallImpl.java:334)
	at org.apache.ratis.thirdparty.io.grpc.internal.ServerCallImpl$ServerStreamListenerImpl.messagesAvailable(ServerCallImpl.java:319)
	at org.apache.ratis.thirdparty.io.grpc.internal.ServerImpl$JumpToApplicationThreadServerStreamListener$1MessagesAvailable.runInContext(ServerImpl.java:834)
	at org.apache.ratis.thirdparty.io.grpc.internal.ContextRunnable.run(ContextRunnable.java:37)
	at org.apache.ratis.thirdparty.io.grpc.internal.SerializingExecutor.run(SerializingExecutor.java:133)
	at java.base/java.util.concurrent.ThreadPoolExecutor.runWorker(ThreadPoolExecutor.java:1144)
	at java.base/java.util.concurrent.ThreadPoolExecutor$Worker.run(ThreadPoolExecutor.java:642)
	at java.base/java.lang.Thread.run(Thread.java:1583)
Caused by: org.apache.ratis.protocol.exceptions.GroupMismatchException: 092257cb-ba5a-4f8a-9b9c-d44861eaa450: group-2DA8B140AB24 not found.
	at org.apache.ratis.server.impl.RaftServerProxy$ImplMap.get(RaftServerProxy.java:160)
	at org.apache.ratis.server.impl.RaftServerProxy.getImplFuture(RaftServerProxy.java:370)
	at org.apache.ratis.server.impl.RaftServerProxy.appendEntriesAsync(RaftServerProxy.java:650)
	... 12 more
2025-07-05 15:49:15,505 [grpc-default-executor-1] INFO  leader.LogAppender (LogAppenderBase.java:lambda$getNextIndexForError$0(215)) - Decrease nextIndex to 1
2025-07-05 15:49:15,506 [grpc-default-executor-1] INFO  leader.LogAppender (LogAppenderBase.java:lambda$getNextIndexForError$0(215)) - Decrease nextIndex to 1
2025-07-05 15:49:15,506 [grpc-default-executor-1] INFO  leader.FollowerInfo (FollowerInfoImpl.java:info(70)) - a2863246-e653-4b31-a3d0-09f3a93c429f@group-2DA8B140AB24->092257cb-ba5a-4f8a-9b9c-d44861eaa450: computeNextIndex nextIndex: updateUnconditionally 3 -> 1
2025-07-05 15:49:15,578 [timer7] WARN  server.GrpcLogAppender (GrpcLogAppender.java:timeoutAppendRequest(448)) - a2863246-e653-4b31-a3d0-09f3a93c429f@group-DDDF55466C04->092257cb-ba5a-4f8a-9b9c-d44861eaa450-GrpcLogAppender: Timed out HEARTBEAT appendEntries, errorCount=16, request=AppendEntriesRequest:cid=6809,entriesCount=0
2025-07-05 15:49:16,914 [timer6] WARN  server.GrpcLogAppender (LogUtils.java:warn(129)) - a2863246-e653-4b31-a3d0-09f3a93c429f@group-2DA8B140AB24->092257cb-ba5a-4f8a-9b9c-d44861eaa450-AppendLogResponseHandler: Failed appendEntries (Repeated 2 times in the last 5.001s)
org.apache.ratis.protocol.exceptions.GroupMismatchException: 092257cb-ba5a-4f8a-9b9c-d44861eaa450: group-2DA8B140AB24 not found.
	at org.apache.ratis.server.impl.RaftServerProxy$ImplMap.get(RaftServerProxy.java:160)
	at org.apache.ratis.server.impl.RaftServerProxy.getImplFuture(RaftServerProxy.java:370)
	at org.apache.ratis.server.impl.RaftServerProxy.appendEntriesAsync(RaftServerProxy.java:650)
	at org.apache.ratis.grpc.server.GrpcServerProtocolService$1.process(GrpcServerProtocolService.java:245)
	at org.apache.ratis.grpc.server.GrpcServerProtocolService$1.process(GrpcServerProtocolService.java:242)
	at org.apache.ratis.grpc.server.GrpcServerProtocolService$ServerRequestStreamObserver.onNext(GrpcServerProtocolService.java:150)
	at org.apache.ratis.thirdparty.io.grpc.stub.ServerCalls$StreamingServerCallHandler$StreamingServerCallListener.onMessage(ServerCalls.java:262)
	at org.apache.ratis.thirdparty.io.grpc.internal.ServerCallImpl$ServerStreamListenerImpl.messagesAvailableInternal(ServerCallImpl.java:334)
	at org.apache.ratis.thirdparty.io.grpc.internal.ServerCallImpl$ServerStreamListenerImpl.messagesAvailable(ServerCallImpl.java:319)
	at org.apache.ratis.thirdparty.io.grpc.internal.ServerImpl$JumpToApplicationThreadServerStreamListener$1MessagesAvailable.runInContext(ServerImpl.java:834)
	at org.apache.ratis.thirdparty.io.grpc.internal.ContextRunnable.run(ContextRunnable.java:37)
	at org.apache.ratis.thirdparty.io.grpc.internal.SerializingExecutor.run(SerializingExecutor.java:133)
	at java.base/java.util.concurrent.ThreadPoolExecutor.runWorker(ThreadPoolExecutor.java:1144)
	at java.base/java.util.concurrent.ThreadPoolExecutor$Worker.run(ThreadPoolExecutor.java:642)
	at java.base/java.lang.Thread.run(Thread.java:1583)
2025-07-05 15:49:16,962 [grpc-default-executor-4] ERROR impl.OrderedAsync (OrderedAsync.java:lambda$null$6(215)) -  client-6A4C1800EE56: Failed* RaftClientRequest:client-6A4C1800EE56->d8f38f7e-70e8-450f-85ae-2cee56d3f445@group-85D4D12AD658, cid=161, seq=4*, RW, cmdType: WriteChunk
traceID: ""
containerID: 7
datanodeUuid: "d8f38f7e-70e8-450f-85ae-2cee56d3f445"
writeChunk {
  blockID {
    containerID: 7
    localID: 115816896921600007
    blockCommitSequenceId: 2
    replicaIndex: 0
  }
  chunkData {
    chunkName: "115816896921600007_chunk_2"
    offset: 5
    len: 5
    checksumData {
      type: CRC32
      bytesPerChecksum: 16384
      checksums: "\350a\3440"
    }
  }
}
version: 3
, data.size=5
java.util.concurrent.CompletionException: org.apache.ratis.protocol.exceptions.GroupMismatchException: d8f38f7e-70e8-450f-85ae-2cee56d3f445: group-85D4D12AD658 not found.
	at java.base/java.util.concurrent.CompletableFuture.encodeThrowable(CompletableFuture.java:332)
	at java.base/java.util.concurrent.CompletableFuture.completeThrowable(CompletableFuture.java:347)
	at java.base/java.util.concurrent.CompletableFuture$UniAccept.tryFire(CompletableFuture.java:708)
	at java.base/java.util.concurrent.CompletableFuture.postComplete(CompletableFuture.java:510)
	at java.base/java.util.concurrent.CompletableFuture.completeExceptionally(CompletableFuture.java:2194)
	at org.apache.ratis.grpc.client.GrpcClientProtocolClient$AsyncStreamObservers.completeReplyExceptionally(GrpcClientProtocolClient.java:397)
	at org.apache.ratis.grpc.client.GrpcClientProtocolClient$AsyncStreamObservers.access$000(GrpcClientProtocolClient.java:303)
	at org.apache.ratis.grpc.client.GrpcClientProtocolClient$AsyncStreamObservers$1.onError(GrpcClientProtocolClient.java:334)
	at org.apache.ratis.thirdparty.io.grpc.stub.ClientCalls$StreamObserverToCallListenerAdapter.onClose(ClientCalls.java:564)
	at org.apache.ratis.thirdparty.io.grpc.PartialForwardingClientCallListener.onClose(PartialForwardingClientCallListener.java:39)
	at org.apache.ratis.thirdparty.io.grpc.ForwardingClientCallListener.onClose(ForwardingClientCallListener.java:23)
	at org.apache.ratis.grpc.metrics.intercept.client.MetricClientCallListener.onClose(MetricClientCallListener.java:47)
	at org.apache.ratis.thirdparty.io.grpc.internal.ClientCallImpl.closeObserver(ClientCallImpl.java:565)
	at org.apache.ratis.thirdparty.io.grpc.internal.ClientCallImpl.access$100(ClientCallImpl.java:72)
	at org.apache.ratis.thirdparty.io.grpc.internal.ClientCallImpl$ClientStreamListenerImpl$1StreamClosed.runInternal(ClientCallImpl.java:733)
	at org.apache.ratis.thirdparty.io.grpc.internal.ClientCallImpl$ClientStreamListenerImpl$1StreamClosed.runInContext(ClientCallImpl.java:714)
	at org.apache.ratis.thirdparty.io.grpc.internal.ContextRunnable.run(ContextRunnable.java:37)
	at org.apache.ratis.thirdparty.io.grpc.internal.SerializingExecutor.run(SerializingExecutor.java:133)
	at java.base/java.util.concurrent.ThreadPoolExecutor.runWorker(ThreadPoolExecutor.java:1144)
	at java.base/java.util.concurrent.ThreadPoolExecutor$Worker.run(ThreadPoolExecutor.java:642)
	at java.base/java.lang.Thread.run(Thread.java:1583)
Caused by: org.apache.ratis.protocol.exceptions.GroupMismatchException: d8f38f7e-70e8-450f-85ae-2cee56d3f445: group-85D4D12AD658 not found.
	at org.apache.ratis.server.impl.RaftServerProxy$ImplMap.get(RaftServerProxy.java:160)
	at org.apache.ratis.server.impl.RaftServerProxy.getImplFuture(RaftServerProxy.java:370)
	at org.apache.ratis.server.impl.RaftServerProxy.submitClientRequestAsync(RaftServerProxy.java:455)
	at org.apache.ratis.grpc.server.GrpcClientProtocolService$RequestStreamObserver.processClientRequest(GrpcClientProtocolService.java:226)
	at org.apache.ratis.grpc.server.GrpcClientProtocolService$OrderedRequestStreamObserver.processClientRequest(GrpcClientProtocolService.java:332)
	at org.apache.ratis.util.SlidingWindow$Server.processRequestsFromHead(SlidingWindow.java:467)
	at org.apache.ratis.util.SlidingWindow$Server.receivedRequest(SlidingWindow.java:459)
	at org.apache.ratis.grpc.server.GrpcClientProtocolService$OrderedRequestStreamObserver.processClientRequest(GrpcClientProtocolService.java:356)
	at org.apache.ratis.grpc.server.GrpcClientProtocolService$RequestStreamObserver.onNext(GrpcClientProtocolService.java:246)
	at org.apache.ratis.grpc.server.GrpcClientProtocolService$RequestStreamObserver.onNext(GrpcClientProtocolService.java:169)
	at org.apache.ratis.thirdparty.io.grpc.stub.ServerCalls$StreamingServerCallHandler$StreamingServerCallListener.onMessage(ServerCalls.java:262)
	at org.apache.ratis.thirdparty.io.grpc.internal.ServerCallImpl$ServerStreamListenerImpl.messagesAvailableInternal(ServerCallImpl.java:334)
	at org.apache.ratis.thirdparty.io.grpc.internal.ServerCallImpl$ServerStreamListenerImpl.messagesAvailable(ServerCallImpl.java:319)
	at org.apache.ratis.thirdparty.io.grpc.internal.ServerImpl$JumpToApplicationThreadServerStreamListener$1MessagesAvailable.runInContext(ServerImpl.java:834)
	... 5 more
2025-07-05 15:49:16,962 [grpc-default-executor-4] ERROR impl.OrderedAsync (OrderedAsync.java:lambda$send$4(181)) - Failed to send request, message=cmdType: WriteChunk
traceID: ""
containerID: 7
datanodeUuid: "d8f38f7e-70e8-450f-85ae-2cee56d3f445"
writeChunk {
  blockID {
    containerID: 7
    localID: 115816896921600007
    blockCommitSequenceId: 2
    replicaIndex: 0
  }
  chunkData {
    chunkName: "115816896921600007_chunk_2"
    offset: 5
    len: 5
    checksumData {
      type: CRC32
      bytesPerChecksum: 16384
      checksums: "\350a\3440"
    }
  }
}
version: 3
, data.size=5
java.util.concurrent.CompletionException: org.apache.ratis.protocol.exceptions.GroupMismatchException: d8f38f7e-70e8-450f-85ae-2cee56d3f445: group-85D4D12AD658 not found.
	at java.base/java.util.concurrent.CompletableFuture.encodeThrowable(CompletableFuture.java:332)
	at java.base/java.util.concurrent.CompletableFuture.completeThrowable(CompletableFuture.java:347)
	at java.base/java.util.concurrent.CompletableFuture$UniApply.tryFire(CompletableFuture.java:636)
	at java.base/java.util.concurrent.CompletableFuture.postComplete(CompletableFuture.java:510)
	at java.base/java.util.concurrent.CompletableFuture.completeExceptionally(CompletableFuture.java:2194)
	at org.apache.ratis.client.impl.OrderedAsync$PendingOrderedRequest.fail(OrderedAsync.java:111)
	at org.apache.ratis.util.SlidingWindow$Client.fail(SlidingWindow.java:395)
	at org.apache.ratis.client.impl.OrderedAsync.failAllAsyncRequests(OrderedAsync.java:155)
	at org.apache.ratis.client.impl.OrderedAsync.handleException(OrderedAsync.java:232)
	at org.apache.ratis.client.impl.OrderedAsync.lambda$sendRequestWithRetry$7(OrderedAsync.java:217)
	at java.base/java.util.concurrent.CompletableFuture.uniExceptionally(CompletableFuture.java:990)
	at java.base/java.util.concurrent.CompletableFuture$UniExceptionally.tryFire(CompletableFuture.java:974)
	at java.base/java.util.concurrent.CompletableFuture.postComplete(CompletableFuture.java:510)
	at java.base/java.util.concurrent.CompletableFuture.completeExceptionally(CompletableFuture.java:2194)
	at org.apache.ratis.grpc.client.GrpcClientProtocolClient$AsyncStreamObservers.completeReplyExceptionally(GrpcClientProtocolClient.java:397)
	at org.apache.ratis.grpc.client.GrpcClientProtocolClient$AsyncStreamObservers.access$000(GrpcClientProtocolClient.java:303)
	at org.apache.ratis.grpc.client.GrpcClientProtocolClient$AsyncStreamObservers$1.onError(GrpcClientProtocolClient.java:334)
	at org.apache.ratis.thirdparty.io.grpc.stub.ClientCalls$StreamObserverToCallListenerAdapter.onClose(ClientCalls.java:564)
	at org.apache.ratis.thirdparty.io.grpc.PartialForwardingClientCallListener.onClose(PartialForwardingClientCallListener.java:39)
	at org.apache.ratis.thirdparty.io.grpc.ForwardingClientCallListener.onClose(ForwardingClientCallListener.java:23)
	at org.apache.ratis.grpc.metrics.intercept.client.MetricClientCallListener.onClose(MetricClientCallListener.java:47)
	at org.apache.ratis.thirdparty.io.grpc.internal.ClientCallImpl.closeObserver(ClientCallImpl.java:565)
	at org.apache.ratis.thirdparty.io.grpc.internal.ClientCallImpl.access$100(ClientCallImpl.java:72)
	at org.apache.ratis.thirdparty.io.grpc.internal.ClientCallImpl$ClientStreamListenerImpl$1StreamClosed.runInternal(ClientCallImpl.java:733)
	at org.apache.ratis.thirdparty.io.grpc.internal.ClientCallImpl$ClientStreamListenerImpl$1StreamClosed.runInContext(ClientCallImpl.java:714)
	at org.apache.ratis.thirdparty.io.grpc.internal.ContextRunnable.run(ContextRunnable.java:37)
	at org.apache.ratis.thirdparty.io.grpc.internal.SerializingExecutor.run(SerializingExecutor.java:133)
	at java.base/java.util.concurrent.ThreadPoolExecutor.runWorker(ThreadPoolExecutor.java:1144)
	at java.base/java.util.concurrent.ThreadPoolExecutor$Worker.run(ThreadPoolExecutor.java:642)
	at java.base/java.lang.Thread.run(Thread.java:1583)
Caused by: org.apache.ratis.protocol.exceptions.GroupMismatchException: d8f38f7e-70e8-450f-85ae-2cee56d3f445: group-85D4D12AD658 not found.
	at org.apache.ratis.server.impl.RaftServerProxy$ImplMap.get(RaftServerProxy.java:160)
	at org.apache.ratis.server.impl.RaftServerProxy.getImplFuture(RaftServerProxy.java:370)
	at org.apache.ratis.server.impl.RaftServerProxy.submitClientRequestAsync(RaftServerProxy.java:455)
	at org.apache.ratis.grpc.server.GrpcClientProtocolService$RequestStreamObserver.processClientRequest(GrpcClientProtocolService.java:226)
	at org.apache.ratis.grpc.server.GrpcClientProtocolService$OrderedRequestStreamObserver.processClientRequest(GrpcClientProtocolService.java:332)
	at org.apache.ratis.util.SlidingWindow$Server.processRequestsFromHead(SlidingWindow.java:467)
	at org.apache.ratis.util.SlidingWindow$Server.receivedRequest(SlidingWindow.java:459)
	at org.apache.ratis.grpc.server.GrpcClientProtocolService$OrderedRequestStreamObserver.processClientRequest(GrpcClientProtocolService.java:356)
	at org.apache.ratis.grpc.server.GrpcClientProtocolService$RequestStreamObserver.onNext(GrpcClientProtocolService.java:246)
	at org.apache.ratis.grpc.server.GrpcClientProtocolService$RequestStreamObserver.onNext(GrpcClientProtocolService.java:169)
	at org.apache.ratis.thirdparty.io.grpc.stub.ServerCalls$StreamingServerCallHandler$StreamingServerCallListener.onMessage(ServerCalls.java:262)
	at org.apache.ratis.thirdparty.io.grpc.internal.ServerCallImpl$ServerStreamListenerImpl.messagesAvailableInternal(ServerCallImpl.java:334)
	at org.apache.ratis.thirdparty.io.grpc.internal.ServerCallImpl$ServerStreamListenerImpl.messagesAvailable(ServerCallImpl.java:319)
	at org.apache.ratis.thirdparty.io.grpc.internal.ServerImpl$JumpToApplicationThreadServerStreamListener$1MessagesAvailable.runInContext(ServerImpl.java:834)
	... 5 more
2025-07-05 15:49:16,963 [grpc-default-executor-4] ERROR impl.OrderedAsync (OrderedAsync.java:lambda$send$4(179)) - Failed to send request, message=cmdType: PutBlock
traceID: ""
containerID: 7
datanodeUuid: "d8f38f7e-70e8-450f-85ae-2cee56d3f445"
putBlock {
  blockData {
    blockID {
      containerID: 7
      localID: 115816896921600007
      blockCommitSequenceId: 0
    }
    metadata {
      key: "TYPE"
      value: "KEY"
    }
    chunks {
      chunkName: "115816896921600007_chunk_1"
      offset: 0
      len: 5
      checksumData {
        type: CRC32
        bytesPerChecksum: 16384
        checksums: "\350a\3440"
      }
    }
    chunks {
      chunkName: "115816896921600007_chunk_2"
      offset: 5
      len: 5
      checksumData {
        type: CRC32
        bytesPerChecksum: 16384
        checksums: "\350a\3440"
      }
    }
  }
  eof: true
}
version: 3
, data.size=0 due to java.util.concurrent.CompletionException: org.apache.ratis.protocol.exceptions.AlreadyClosedException: SlidingWindow$Client:client-6A4C1800EE56->RAFT is closed.
2025-07-05 15:49:16,963 [main] WARN  io.KeyOutputStream (KeyOutputStream.java:handleExceptionInternal(377)) - Encountered exception java.io.IOException: Unexpected Storage Container Exception: java.util.concurrent.CompletionException: Failed to write chunk 115816896921600007_chunk_2 into block conID: 7 locID: 115816896921600007 bcsId: 2 replicaIndex: null on the pipeline Pipeline{ Id: e6b93728-3fa6-44fd-b8ff-85d4d12ad658, Nodes: [ {d8f38f7e-70e8-450f-85ae-2cee56d3f445(localhost/127.0.0.1), ReplicaIndex: 0},], ReplicationConfig: RATIS/ONE, State:OPEN, leaderId:d8f38f7e-70e8-450f-85ae-2cee56d3f445, CreationTimestamp2025-07-05T15:48:27.616Z[Etc/UTC]}. The last committed block length is 5, uncommitted data length is 5 retry count 0
2025-07-05 15:49:16,981 [05378834-8d64-4004-85b0-7f2e6f6e22dc-ChunkWriter-0-0] WARN  statemachine.DatanodeConfiguration (DatanodeConfiguration.java:validateMinFreeSpace(751)) - hdds.datanode.volume.min.free.space.percent = -1.0 is invalid, should be between 0 and 1
2025-07-05 15:49:16,981 [05378834-8d64-4004-85b0-7f2e6f6e22dc-ChunkWriter-0-0] WARN  statemachine.DatanodeConfiguration (DatanodeConfiguration.java:validateMinFreeSpace(751)) - hdds.datanode.volume.min.free.space.percent = -1.0 is invalid, should be between 0 and 1
2025-07-05 15:49:16,990 [main] INFO  io.BlockOutputStreamEntry (BlockOutputStreamEntry.java:writeOnRetry(192)) - BlockOutputStreamEntry:ratis conID: 8 locID: 115816896921600008 bcsId: 0 replicaIndex: null: Finish retrying with len 5, currentPosition 5
2025-07-05 15:49:16,990 [main] INFO  io.BlockOutputStreamEntry (BlockOutputStreamEntry.java:finishRetryHandling(141)) - BlockOutputStreamEntry:ratis conID: 8 locID: 115816896921600008 bcsId: 0 replicaIndex: null: Exiting retry handling mode
2025-07-05 15:49:16,993 [05378834-8d64-4004-85b0-7f2e6f6e22dc@group-9D5E8B2E0DA4-StateMachineUpdater] INFO  ratis.ContainerStateMachine (ContainerStateMachine.java:takeSnapshot(427)) - group-9D5E8B2E0DA4: Taking a snapshot at:(t:1, i:3) file /home/runner/work/ozone/ozone/hadoop-ozone/integration-test/target/test-dir/MiniOzoneClusterImpl-0a3c97a5-d59a-4532-afef-c4940c4c02aa/ozone-meta/datanode-1/ratis/2d4ce7f1-1d9e-4a00-b80d-9d5e8b2e0da4/sm/snapshot.1_3
2025-07-05 15:49:16,994 [05378834-8d64-4004-85b0-7f2e6f6e22dc@group-9D5E8B2E0DA4-StateMachineUpdater] INFO  ratis.ContainerStateMachine (ContainerStateMachine.java:takeSnapshot(436)) - group-9D5E8B2E0DA4: Finished taking a snapshot at:(t:1, i:3) file:/home/runner/work/ozone/ozone/hadoop-ozone/integration-test/target/test-dir/MiniOzoneClusterImpl-0a3c97a5-d59a-4532-afef-c4940c4c02aa/ozone-meta/datanode-1/ratis/2d4ce7f1-1d9e-4a00-b80d-9d5e8b2e0da4/sm/snapshot.1_3 took: 1 ms
2025-07-05 15:49:16,994 [05378834-8d64-4004-85b0-7f2e6f6e22dc@group-9D5E8B2E0DA4-StateMachineUpdater] INFO  impl.StateMachineUpdater (StateMachineUpdater.java:takeSnapshot(307)) - 05378834-8d64-4004-85b0-7f2e6f6e22dc@group-9D5E8B2E0DA4-StateMachineUpdater: Took a snapshot at index 3
2025-07-05 15:49:16,994 [05378834-8d64-4004-85b0-7f2e6f6e22dc@group-9D5E8B2E0DA4-StateMachineUpdater] INFO  impl.StateMachineUpdater (StateMachineUpdater.java:lambda$new$0(101)) - 05378834-8d64-4004-85b0-7f2e6f6e22dc@group-9D5E8B2E0DA4-StateMachineUpdater: snapshotIndex: updateIncreasingly 0 -> 3
2025-07-05 15:49:16,994 [05378834-8d64-4004-85b0-7f2e6f6e22dc@group-9D5E8B2E0DA4-StateMachineUpdater] INFO  ratis.ContainerStateMachine (ContainerStateMachine.java:takeSnapshot(427)) - group-9D5E8B2E0DA4: Taking a snapshot at:(t:1, i:5) file /home/runner/work/ozone/ozone/hadoop-ozone/integration-test/target/test-dir/MiniOzoneClusterImpl-0a3c97a5-d59a-4532-afef-c4940c4c02aa/ozone-meta/datanode-1/ratis/2d4ce7f1-1d9e-4a00-b80d-9d5e8b2e0da4/sm/snapshot.1_5
2025-07-05 15:49:16,995 [05378834-8d64-4004-85b0-7f2e6f6e22dc@group-9D5E8B2E0DA4-StateMachineUpdater] INFO  ratis.ContainerStateMachine (ContainerStateMachine.java:takeSnapshot(436)) - group-9D5E8B2E0DA4: Finished taking a snapshot at:(t:1, i:5) file:/home/runner/work/ozone/ozone/hadoop-ozone/integration-test/target/test-dir/MiniOzoneClusterImpl-0a3c97a5-d59a-4532-afef-c4940c4c02aa/ozone-meta/datanode-1/ratis/2d4ce7f1-1d9e-4a00-b80d-9d5e8b2e0da4/sm/snapshot.1_5 took: 1 ms
2025-07-05 15:49:16,995 [05378834-8d64-4004-85b0-7f2e6f6e22dc@group-9D5E8B2E0DA4-StateMachineUpdater] INFO  impl.StateMachineUpdater (StateMachineUpdater.java:takeSnapshot(307)) - 05378834-8d64-4004-85b0-7f2e6f6e22dc@group-9D5E8B2E0DA4-StateMachineUpdater: Took a snapshot at index 5
2025-07-05 15:49:16,995 [05378834-8d64-4004-85b0-7f2e6f6e22dc@group-9D5E8B2E0DA4-StateMachineUpdater] INFO  impl.StateMachineUpdater (StateMachineUpdater.java:lambda$new$0(101)) - 05378834-8d64-4004-85b0-7f2e6f6e22dc@group-9D5E8B2E0DA4-StateMachineUpdater: snapshotIndex: updateIncreasingly 3 -> 5
2025-07-05 15:49:17,003 [main] INFO  ozoneimpl.OzoneContainer (OzoneContainer.java:stop(544)) - Attempting to stop container services.
2025-07-05 15:49:17,003 [ContainerMetadataScanner] WARN  ozoneimpl.AbstractBackgroundContainerScanner (AbstractBackgroundContainerScanner.java:handleRemainingSleep(136)) - Background container scan was interrupted.
2025-07-05 15:49:17,003 [ContainerMetadataScanner] INFO  ozoneimpl.AbstractBackgroundContainerScanner (AbstractBackgroundContainerScanner.java:run(63)) - org.apache.hadoop.ozone.container.ozoneimpl.BackgroundContainerMetadataScanner@33d4b88 exiting.
2025-07-05 15:49:17,003 [main] INFO  ozoneimpl.BackgroundContainerDataScanner (BackgroundContainerDataScanner.java:shutdown(87)) - ContainerDataScanner(/home/runner/work/ozone/ozone/hadoop-ozone/integration-test/target/test-dir/MiniOzoneClusterImpl-0a3c97a5-d59a-4532-afef-c4940c4c02aa/ozone-meta/datanode-9/data-0/hdds) is shutting down. 
2025-07-05 15:49:17,004 [ContainerDataScanner(/home/runner/work/ozone/ozone/hadoop-ozone/integration-test/target/test-dir/MiniOzoneClusterImpl-0a3c97a5-d59a-4532-afef-c4940c4c02aa/ozone-meta/datanode-9/data-0/hdds)] WARN  ozoneimpl.AbstractBackgroundContainerScanner (AbstractBackgroundContainerScanner.java:handleRemainingSleep(136)) - Background container scan was interrupted.
2025-07-05 15:49:17,004 [ContainerDataScanner(/home/runner/work/ozone/ozone/hadoop-ozone/integration-test/target/test-dir/MiniOzoneClusterImpl-0a3c97a5-d59a-4532-afef-c4940c4c02aa/ozone-meta/datanode-9/data-0/hdds)] INFO  ozoneimpl.AbstractBackgroundContainerScanner (AbstractBackgroundContainerScanner.java:run(63)) - ContainerDataScanner(/home/runner/work/ozone/ozone/hadoop-ozone/integration-test/target/test-dir/MiniOzoneClusterImpl-0a3c97a5-d59a-4532-afef-c4940c4c02aa/ozone-meta/datanode-9/data-0/hdds, DS-6318a877-94c4-4088-980a-969af943bbac) exiting.
2025-07-05 15:49:17,004 [main] INFO  ozoneimpl.OnDemandContainerDataScanner (OnDemandContainerDataScanner.java:shutdown(124)) - On-demand container scanner is shutting down.
2025-07-05 15:49:17,004 [main] INFO  ratis.XceiverServerRatis (XceiverServerRatis.java:stop(594)) - Closing XceiverServerRatis(d8f38f7e-70e8-450f-85ae-2cee56d3f445)
2025-07-05 15:49:17,004 [main] INFO  server.RaftServer (RaftServerProxy.java:lambda$close$9(422)) - d8f38f7e-70e8-450f-85ae-2cee56d3f445: close
2025-07-05 15:49:17,004 [d8f38f7e-70e8-450f-85ae-2cee56d3f445-impl-thread1] INFO  server.RaftServer$Division (RaftServerImpl.java:lambda$close$1(527)) - d8f38f7e-70e8-450f-85ae-2cee56d3f445@group-2DA8B140AB24: shutdown
2025-07-05 15:49:17,005 [d8f38f7e-70e8-450f-85ae-2cee56d3f445-impl-thread1] INFO  util.JmxRegister (JmxRegister.java:unregister(74)) - Successfully un-registered JMX Bean with object name Ratis:service=RaftServer,group=group-2DA8B140AB24,id=d8f38f7e-70e8-450f-85ae-2cee56d3f445
2025-07-05 15:49:17,005 [d8f38f7e-70e8-450f-85ae-2cee56d3f445-impl-thread1] INFO  impl.RoleInfo (RoleInfo.java:shutdownFollowerState(121)) - d8f38f7e-70e8-450f-85ae-2cee56d3f445: shutdown d8f38f7e-70e8-450f-85ae-2cee56d3f445@group-2DA8B140AB24-FollowerState
2025-07-05 15:49:17,005 [main] INFO  server.GrpcServicesImpl (GrpcServicesImpl.java:closeImpl(355)) - d8f38f7e-70e8-450f-85ae-2cee56d3f445: shutdown server org.apache.ratis.grpc.server.GrpcClientProtocolService now
2025-07-05 15:49:17,005 [d8f38f7e-70e8-450f-85ae-2cee56d3f445@group-2DA8B140AB24-StateMachineUpdater] INFO  impl.StateMachineUpdater (StateMachineUpdater.java:stop(140)) - d8f38f7e-70e8-450f-85ae-2cee56d3f445@group-2DA8B140AB24-StateMachineUpdater: closing ContainerStateMachine, lastApplied=(t:2, i:2)
2025-07-05 15:49:17,005 [d8f38f7e-70e8-450f-85ae-2cee56d3f445-impl-thread2] INFO  server.RaftServer$Division (RaftServerImpl.java:lambda$close$1(527)) - d8f38f7e-70e8-450f-85ae-2cee56d3f445@group-DDDF55466C04: shutdown
2025-07-05 15:49:17,005 [d8f38f7e-70e8-450f-85ae-2cee56d3f445-impl-thread2] INFO  util.JmxRegister (JmxRegister.java:unregister(74)) - Successfully un-registered JMX Bean with object name Ratis:service=RaftServer,group=group-DDDF55466C04,id=d8f38f7e-70e8-450f-85ae-2cee56d3f445
2025-07-05 15:49:17,005 [d8f38f7e-70e8-450f-85ae-2cee56d3f445-impl-thread2] INFO  impl.RoleInfo (RoleInfo.java:shutdownFollowerState(121)) - d8f38f7e-70e8-450f-85ae-2cee56d3f445: shutdown d8f38f7e-70e8-450f-85ae-2cee56d3f445@group-DDDF55466C04-FollowerState
2025-07-05 15:49:17,005 [d8f38f7e-70e8-450f-85ae-2cee56d3f445-impl-thread2] INFO  impl.StateMachineUpdater (StateMachineUpdater.java:stopAndJoin(163)) - d8f38f7e-70e8-450f-85ae-2cee56d3f445@group-DDDF55466C04-StateMachineUpdater: set stopIndex = 0
2025-07-05 15:49:17,005 [d8f38f7e-70e8-450f-85ae-2cee56d3f445@group-2DA8B140AB24-FollowerState] INFO  impl.FollowerState (FollowerState.java:runImpl(170)) - d8f38f7e-70e8-450f-85ae-2cee56d3f445@group-2DA8B140AB24-FollowerState was interrupted
2025-07-05 15:49:17,005 [d8f38f7e-70e8-450f-85ae-2cee56d3f445@group-DDDF55466C04-FollowerState] INFO  impl.FollowerState (FollowerState.java:runImpl(170)) - d8f38f7e-70e8-450f-85ae-2cee56d3f445@group-DDDF55466C04-FollowerState was interrupted
2025-07-05 15:49:17,005 [d8f38f7e-70e8-450f-85ae-2cee56d3f445@group-DDDF55466C04-StateMachineUpdater] INFO  impl.StateMachineUpdater (StateMachineUpdater.java:stop(140)) - d8f38f7e-70e8-450f-85ae-2cee56d3f445@group-DDDF55466C04-StateMachineUpdater: closing ContainerStateMachine, lastApplied=(t:1, i:0)
2025-07-05 15:49:17,005 [d8f38f7e-70e8-450f-85ae-2cee56d3f445-impl-thread1] INFO  impl.StateMachineUpdater (StateMachineUpdater.java:stopAndJoin(163)) - d8f38f7e-70e8-450f-85ae-2cee56d3f445@group-2DA8B140AB24-StateMachineUpdater: set stopIndex = 2
2025-07-05 15:49:17,006 [d8f38f7e-70e8-450f-85ae-2cee56d3f445@group-2DA8B140AB24-cacheEviction-AwaitToRun] INFO  util.AwaitToRun (AwaitToRun.java:run(49)) - d8f38f7e-70e8-450f-85ae-2cee56d3f445@group-2DA8B140AB24-cacheEviction-AwaitToRun-AwaitForSignal is interrupted
2025-07-05 15:49:17,006 [main] INFO  server.GrpcServicesImpl (GrpcServicesImpl.java:closeImpl(364)) - d8f38f7e-70e8-450f-85ae-2cee56d3f445: shutdown server org.apache.ratis.grpc.server.GrpcClientProtocolService successfully
2025-07-05 15:49:17,006 [main] INFO  server.GrpcServicesImpl (GrpcServicesImpl.java:closeImpl(355)) - d8f38f7e-70e8-450f-85ae-2cee56d3f445: shutdown server GrpcServerProtocolService now
2025-07-05 15:49:17,008 [d8f38f7e-70e8-450f-85ae-2cee56d3f445@group-DDDF55466C04-cacheEviction-AwaitToRun] INFO  util.AwaitToRun (AwaitToRun.java:run(49)) - d8f38f7e-70e8-450f-85ae-2cee56d3f445@group-DDDF55466C04-cacheEviction-AwaitToRun-AwaitForSignal is interrupted
2025-07-05 15:49:17,008 [grpc-default-executor-4] WARN  server.GrpcServerProtocolService (LogUtils.java:warn(127)) - d8f38f7e-70e8-450f-85ae-2cee56d3f445: APPEND_ENTRIES onError, lastRequest: null: org.apache.ratis.thirdparty.io.grpc.StatusRuntimeException: CANCELLED: client cancelled
2025-07-05 15:49:17,009 [grpc-default-executor-1] WARN  server.GrpcServerProtocolService (LogUtils.java:warn(127)) - d8f38f7e-70e8-450f-85ae-2cee56d3f445: APPEND_ENTRIES onError, lastRequest: a2863246-e653-4b31-a3d0-09f3a93c429f->d8f38f7e-70e8-450f-85ae-2cee56d3f445#1-t1,previous=<PROTO_DEFAULT>,leaderCommit=-1,initializing? false,entries: size=1, first=(t:1, i:0), CONFIGURATIONENTRY(current:id:"092257cb-ba5a-4f8a-9b9c-d44861eaa450"address:"127.0.0.1:15063"dataStreamAddress:"127.0.0.1:15064"clientAddress:"127.0.0.1:15061"adminAddress:"127.0.0.1:15062"startupRole:FOLLOWER, id:"d8f38f7e-70e8-450f-85ae-2cee56d3f445"address:"127.0.0.1:15079"dataStreamAddress:"127.0.0.1:15080"clientAddress:"127.0.0.1:15077"adminAddress:"127.0.0.1:15078"startupRole:FOLLOWER, id:"a2863246-e653-4b31-a3d0-09f3a93c429f"address:"127.0.0.1:15071"priority:1dataStreamAddress:"127.0.0.1:15072"clientAddress:"127.0.0.1:15069"adminAddress:"127.0.0.1:15070"startupRole:FOLLOWER, old:): org.apache.ratis.thirdparty.io.grpc.StatusRuntimeException: CANCELLED: client cancelled
2025-07-05 15:49:17,009 [grpc-default-executor-3] WARN  server.GrpcServerProtocolService (LogUtils.java:warn(127)) - d8f38f7e-70e8-450f-85ae-2cee56d3f445: APPEND_ENTRIES onError, lastRequest: a2863246-e653-4b31-a3d0-09f3a93c429f->d8f38f7e-70e8-450f-85ae-2cee56d3f445#2-t2,previous=(t:2, i:1),leaderCommit=1,initializing? false,entries: size=1, first=(t:2, i:2), METADATAENTRY(c:1): org.apache.ratis.thirdparty.io.grpc.StatusRuntimeException: CANCELLED: client cancelled
2025-07-05 15:49:17,009 [grpc-default-executor-3] WARN  server.GrpcLogAppender (LogUtils.java:warn(127)) - a2863246-e653-4b31-a3d0-09f3a93c429f@group-DDDF55466C04->d8f38f7e-70e8-450f-85ae-2cee56d3f445-AppendLogResponseHandler: Failed appendEntries: org.apache.ratis.thirdparty.io.grpc.StatusRuntimeException: CANCELLED: RST_STREAM closed stream. HTTP/2 error code: CANCEL
2025-07-05 15:49:17,009 [grpc-default-executor-3] WARN  server.GrpcLogAppender (GrpcLogAppender.java:lambda$resetClient$1(228)) - a2863246-e653-4b31-a3d0-09f3a93c429f@group-DDDF55466C04->d8f38f7e-70e8-450f-85ae-2cee56d3f445-GrpcLogAppender: Follower failed (request=null, errorCount=1); keep nextIndex (1) unchanged and retry.
2025-07-05 15:49:17,009 [grpc-default-executor-2] WARN  server.GrpcServerProtocolService (LogUtils.java:warn(127)) - d8f38f7e-70e8-450f-85ae-2cee56d3f445: APPEND_ENTRIES onError, lastRequest: null: org.apache.ratis.thirdparty.io.grpc.StatusRuntimeException: CANCELLED: client cancelled
2025-07-05 15:49:17,010 [grpc-default-executor-1] WARN  server.GrpcLogAppender (LogUtils.java:warn(127)) - a2863246-e653-4b31-a3d0-09f3a93c429f@group-2DA8B140AB24->d8f38f7e-70e8-450f-85ae-2cee56d3f445-AppendLogResponseHandler: Failed appendEntries: org.apache.ratis.thirdparty.io.grpc.StatusRuntimeException: CANCELLED: RST_STREAM closed stream. HTTP/2 error code: CANCEL
2025-07-05 15:49:17,010 [grpc-default-executor-1] WARN  server.GrpcLogAppender (GrpcLogAppender.java:lambda$resetClient$1(228)) - a2863246-e653-4b31-a3d0-09f3a93c429f@group-2DA8B140AB24->d8f38f7e-70e8-450f-85ae-2cee56d3f445-GrpcLogAppender: Follower failed (request=null, errorCount=1); keep nextIndex (3) unchanged and retry.
2025-07-05 15:49:17,010 [main] INFO  server.GrpcServicesImpl (GrpcServicesImpl.java:closeImpl(364)) - d8f38f7e-70e8-450f-85ae-2cee56d3f445: shutdown server GrpcServerProtocolService successfully
2025-07-05 15:49:17,010 [main] INFO  server.GrpcServicesImpl (GrpcServicesImpl.java:closeImpl(355)) - d8f38f7e-70e8-450f-85ae-2cee56d3f445: shutdown server org.apache.ratis.grpc.server.GrpcAdminProtocolService now
2025-07-05 15:49:17,010 [main] INFO  server.GrpcServicesImpl (GrpcServicesImpl.java:closeImpl(364)) - d8f38f7e-70e8-450f-85ae-2cee56d3f445: shutdown server org.apache.ratis.grpc.server.GrpcAdminProtocolService successfully
2025-07-05 15:49:17,014 [d8f38f7e-70e8-450f-85ae-2cee56d3f445-NettyServerStreamRpc-bossGroup--thread1] INFO  logging.LoggingHandler (AbstractInternalLogger.java:log(148)) - [id: 0xa66c4425, L:/0.0.0.0:15080] CLOSE
2025-07-05 15:49:17,015 [d8f38f7e-70e8-450f-85ae-2cee56d3f445-NettyServerStreamRpc-bossGroup--thread1] INFO  logging.LoggingHandler (AbstractInternalLogger.java:log(148)) - [id: 0xa66c4425, L:/0.0.0.0:15080] INACTIVE
2025-07-05 15:49:17,015 [d8f38f7e-70e8-450f-85ae-2cee56d3f445-NettyServerStreamRpc-bossGroup--thread1] INFO  logging.LoggingHandler (AbstractInternalLogger.java:log(148)) - [id: 0xa66c4425, L:/0.0.0.0:15080] UNREGISTERED
2025-07-05 15:49:17,288 [d8f38f7e-70e8-450f-85ae-2cee56d3f445-impl-thread2] INFO  segmented.SegmentedRaftLogWorker (SegmentedRaftLogWorker.java:close(254)) - d8f38f7e-70e8-450f-85ae-2cee56d3f445@group-DDDF55466C04-SegmentedRaftLogWorker close()
2025-07-05 15:49:17,289 [d8f38f7e-70e8-450f-85ae-2cee56d3f445-impl-thread2] INFO  ratis.ContainerStateMachine (ContainerStateMachine.java:notifyServerShutdown(1038)) - group-DDDF55466C04 is closed by HddsDatanodeService
2025-07-05 15:49:17,354 [timer4] WARN  server.GrpcLogAppender (GrpcLogAppender.java:timeoutAppendRequest(448)) - a2863246-e653-4b31-a3d0-09f3a93c429f@group-DDDF55466C04->092257cb-ba5a-4f8a-9b9c-d44861eaa450-GrpcLogAppender: Timed out HEARTBEAT appendEntries, errorCount=17, request=AppendEntriesRequest:cid=6810,entriesCount=0
2025-07-05 15:49:17,890 [d8f38f7e-70e8-450f-85ae-2cee56d3f445-impl-thread1] INFO  segmented.SegmentedRaftLogWorker (SegmentedRaftLogWorker.java:close(254)) - d8f38f7e-70e8-450f-85ae-2cee56d3f445@group-2DA8B140AB24-SegmentedRaftLogWorker close()
2025-07-05 15:49:17,890 [d8f38f7e-70e8-450f-85ae-2cee56d3f445-impl-thread1] INFO  ratis.ContainerStateMachine (ContainerStateMachine.java:notifyServerShutdown(1038)) - group-2DA8B140AB24 is closed by HddsDatanodeService
2025-07-05 15:49:17,890 [JvmPauseMonitor11] INFO  util.JvmPauseMonitor (JvmPauseMonitor.java:run(152)) - JvmPauseMonitor-d8f38f7e-70e8-450f-85ae-2cee56d3f445: Stopped
2025-07-05 15:49:17,927 [grpc-default-executor-4] WARN  server.GrpcServerProtocolService (LogUtils.java:warn(129)) - 092257cb-ba5a-4f8a-9b9c-d44861eaa450: Failed APPEND_ENTRIES request a2863246-e653-4b31-a3d0-09f3a93c429f->092257cb-ba5a-4f8a-9b9c-d44861eaa450#25-t2,previous=(t:1, i:0),leaderCommit=2,initializing? false,entries: size=2, first=(t:2, i:1), CONFIGURATIONENTRY(current:id:"092257cb-ba5a-4f8a-9b9c-d44861eaa450"address:"127.0.0.1:15063"priority:1dataStreamAddress:"127.0.0.1:15064"clientAddress:"127.0.0.1:15061"adminAddress:"127.0.0.1:15062"startupRole:FOLLOWER, id:"d8f38f7e-70e8-450f-85ae-2cee56d3f445"address:"127.0.0.1:15079"dataStreamAddress:"127.0.0.1:15080"clientAddress:"127.0.0.1:15077"adminAddress:"127.0.0.1:15078"startupRole:FOLLOWER, id:"a2863246-e653-4b31-a3d0-09f3a93c429f"address:"127.0.0.1:15071"dataStreamAddress:"127.0.0.1:15072"clientAddress:"127.0.0.1:15069"adminAddress:"127.0.0.1:15070"startupRole:FOLLOWER, old:)
java.util.concurrent.CompletionException: org.apache.ratis.protocol.exceptions.GroupMismatchException: 092257cb-ba5a-4f8a-9b9c-d44861eaa450: group-2DA8B140AB24 not found.
	at java.base/java.util.concurrent.CompletableFuture.encodeThrowable(CompletableFuture.java:332)
	at java.base/java.util.concurrent.CompletableFuture.uniComposeStage(CompletableFuture.java:1177)
	at java.base/java.util.concurrent.CompletableFuture.thenCompose(CompletableFuture.java:2341)
	at org.apache.ratis.server.impl.RaftServerProxy.appendEntriesAsync(RaftServerProxy.java:651)
	at org.apache.ratis.grpc.server.GrpcServerProtocolService$1.process(GrpcServerProtocolService.java:245)
	at org.apache.ratis.grpc.server.GrpcServerProtocolService$1.process(GrpcServerProtocolService.java:242)
	at org.apache.ratis.grpc.server.GrpcServerProtocolService$ServerRequestStreamObserver.onNext(GrpcServerProtocolService.java:150)
	at org.apache.ratis.thirdparty.io.grpc.stub.ServerCalls$StreamingServerCallHandler$StreamingServerCallListener.onMessage(ServerCalls.java:262)
	at org.apache.ratis.thirdparty.io.grpc.internal.ServerCallImpl$ServerStreamListenerImpl.messagesAvailableInternal(ServerCallImpl.java:334)
	at org.apache.ratis.thirdparty.io.grpc.internal.ServerCallImpl$ServerStreamListenerImpl.messagesAvailable(ServerCallImpl.java:319)
	at org.apache.ratis.thirdparty.io.grpc.internal.ServerImpl$JumpToApplicationThreadServerStreamListener$1MessagesAvailable.runInContext(ServerImpl.java:834)
	at org.apache.ratis.thirdparty.io.grpc.internal.ContextRunnable.run(ContextRunnable.java:37)
	at org.apache.ratis.thirdparty.io.grpc.internal.SerializingExecutor.run(SerializingExecutor.java:133)
	at java.base/java.util.concurrent.ThreadPoolExecutor.runWorker(ThreadPoolExecutor.java:1144)
	at java.base/java.util.concurrent.ThreadPoolExecutor$Worker.run(ThreadPoolExecutor.java:642)
	at java.base/java.lang.Thread.run(Thread.java:1583)
Caused by: org.apache.ratis.protocol.exceptions.GroupMismatchException: 092257cb-ba5a-4f8a-9b9c-d44861eaa450: group-2DA8B140AB24 not found.
	at org.apache.ratis.server.impl.RaftServerProxy$ImplMap.get(RaftServerProxy.java:160)
	at org.apache.ratis.server.impl.RaftServerProxy.getImplFuture(RaftServerProxy.java:370)
	at org.apache.ratis.server.impl.RaftServerProxy.appendEntriesAsync(RaftServerProxy.java:650)
	... 12 more
2025-07-05 15:49:17,929 [grpc-default-executor-4] WARN  server.GrpcLogAppender (LogUtils.java:warn(129)) - a2863246-e653-4b31-a3d0-09f3a93c429f@group-2DA8B140AB24->092257cb-ba5a-4f8a-9b9c-d44861eaa450-AppendLogResponseHandler: Failed appendEntries
org.apache.ratis.protocol.exceptions.GroupMismatchException: 092257cb-ba5a-4f8a-9b9c-d44861eaa450: group-2DA8B140AB24 not found.
	at org.apache.ratis.server.impl.RaftServerProxy$ImplMap.get(RaftServerProxy.java:160)
	at org.apache.ratis.server.impl.RaftServerProxy.getImplFuture(RaftServerProxy.java:370)
	at org.apache.ratis.server.impl.RaftServerProxy.appendEntriesAsync(RaftServerProxy.java:650)
	at org.apache.ratis.grpc.server.GrpcServerProtocolService$1.process(GrpcServerProtocolService.java:245)
	at org.apache.ratis.grpc.server.GrpcServerProtocolService$1.process(GrpcServerProtocolService.java:242)
	at org.apache.ratis.grpc.server.GrpcServerProtocolService$ServerRequestStreamObserver.onNext(GrpcServerProtocolService.java:150)
	at org.apache.ratis.thirdparty.io.grpc.stub.ServerCalls$StreamingServerCallHandler$StreamingServerCallListener.onMessage(ServerCalls.java:262)
	at org.apache.ratis.thirdparty.io.grpc.internal.ServerCallImpl$ServerStreamListenerImpl.messagesAvailableInternal(ServerCallImpl.java:334)
	at org.apache.ratis.thirdparty.io.grpc.internal.ServerCallImpl$ServerStreamListenerImpl.messagesAvailable(ServerCallImpl.java:319)
	at org.apache.ratis.thirdparty.io.grpc.internal.ServerImpl$JumpToApplicationThreadServerStreamListener$1MessagesAvailable.runInContext(ServerImpl.java:834)
	at org.apache.ratis.thirdparty.io.grpc.internal.ContextRunnable.run(ContextRunnable.java:37)
	at org.apache.ratis.thirdparty.io.grpc.internal.SerializingExecutor.run(SerializingExecutor.java:133)
	at java.base/java.util.concurrent.ThreadPoolExecutor.runWorker(ThreadPoolExecutor.java:1144)
	at java.base/java.util.concurrent.ThreadPoolExecutor$Worker.run(ThreadPoolExecutor.java:642)
	at java.base/java.lang.Thread.run(Thread.java:1583)
2025-07-05 15:49:17,929 [grpc-default-executor-4] INFO  leader.LogAppender (LogAppenderBase.java:lambda$getNextIndexForError$0(215)) - Decrease nextIndex to 1
2025-07-05 15:49:17,929 [grpc-default-executor-4] INFO  leader.LogAppender (LogAppenderBase.java:lambda$getNextIndexForError$0(215)) - Decrease nextIndex to 1
2025-07-05 15:49:17,929 [grpc-default-executor-4] INFO  leader.FollowerInfo (FollowerInfoImpl.java:info(70)) - a2863246-e653-4b31-a3d0-09f3a93c429f@group-2DA8B140AB24->092257cb-ba5a-4f8a-9b9c-d44861eaa450: computeNextIndex nextIndex: updateUnconditionally 3 -> 1
2025-07-05 15:49:19,749 [timer2] WARN  server.GrpcLogAppender (GrpcLogAppender.java:timeoutAppendRequest(448)) - a2863246-e653-4b31-a3d0-09f3a93c429f@group-DDDF55466C04->092257cb-ba5a-4f8a-9b9c-d44861eaa450-GrpcLogAppender: Timed out HEARTBEAT appendEntries, errorCount=18, request=AppendEntriesRequest:cid=6811,entriesCount=0
2025-07-05 15:49:19,893 [main] INFO  utils.DatanodeStoreCache (DatanodeStoreCache.java:shutdownCache(110)) - Skip clearing cache in mini cluster mode. Entries left: [/home/runner/work/ozone/ozone/hadoop-ozone/integration-test/target/test-dir/MiniOzoneClusterImpl-0a3c97a5-d59a-4532-afef-c4940c4c02aa/ozone-meta/datanode-1/data-0/hdds/0a3c97a5-d59a-4532-afef-c4940c4c02aa/DS-92f6a7d6-ada4-4751-a406-b8d1ef3906d1/container.db, /home/runner/work/ozone/ozone/hadoop-ozone/integration-test/target/test-dir/MiniOzoneClusterImpl-0a3c97a5-d59a-4532-afef-c4940c4c02aa/ozone-meta/datanode-10/data-0/hdds/0a3c97a5-d59a-4532-afef-c4940c4c02aa/DS-0dec334c-8582-4db9-874c-6b49606df0df/container.db, /home/runner/work/ozone/ozone/hadoop-ozone/integration-test/target/test-dir/MiniOzoneClusterImpl-0a3c97a5-d59a-4532-afef-c4940c4c02aa/ozone-meta/datanode-2/data-0/hdds/0a3c97a5-d59a-4532-afef-c4940c4c02aa/DS-df426f57-7dc1-46e5-9294-d4f126622f1f/container.db, /home/runner/work/ozone/ozone/hadoop-ozone/integration-test/target/test-dir/MiniOzoneClusterImpl-0a3c97a5-d59a-4532-afef-c4940c4c02aa/ozone-meta/datanode-3/data-0/hdds/0a3c97a5-d59a-4532-afef-c4940c4c02aa/DS-88418df4-a2e9-4a9e-9192-de263c25fd99/container.db, /home/runner/work/ozone/ozone/hadoop-ozone/integration-test/target/test-dir/MiniOzoneClusterImpl-0a3c97a5-d59a-4532-afef-c4940c4c02aa/ozone-meta/datanode-4/data-0/hdds/0a3c97a5-d59a-4532-afef-c4940c4c02aa/DS-4856656f-c553-4b9c-be60-7aa98c4643e8/container.db, /home/runner/work/ozone/ozone/hadoop-ozone/integration-test/target/test-dir/MiniOzoneClusterImpl-0a3c97a5-d59a-4532-afef-c4940c4c02aa/ozone-meta/datanode-5/data-0/hdds/0a3c97a5-d59a-4532-afef-c4940c4c02aa/DS-49904940-eae0-4632-b173-1e862f09080e/container.db, /home/runner/work/ozone/ozone/hadoop-ozone/integration-test/target/test-dir/MiniOzoneClusterImpl-0a3c97a5-d59a-4532-afef-c4940c4c02aa/ozone-meta/datanode-6/data-0/hdds/0a3c97a5-d59a-4532-afef-c4940c4c02aa/DS-6bba10bf-78e5-445f-b92b-f9e47c3ed0b3/container.db, /home/runner/work/ozone/ozone/hadoop-ozone/integration-test/target/test-dir/MiniOzoneClusterImpl-0a3c97a5-d59a-4532-afef-c4940c4c02aa/ozone-meta/datanode-7/data-0/hdds/0a3c97a5-d59a-4532-afef-c4940c4c02aa/DS-c64290b0-f449-4a9a-a988-646934f4ee8b/container.db, /home/runner/work/ozone/ozone/hadoop-ozone/integration-test/target/test-dir/MiniOzoneClusterImpl-0a3c97a5-d59a-4532-afef-c4940c4c02aa/ozone-meta/datanode-8/data-0/hdds/0a3c97a5-d59a-4532-afef-c4940c4c02aa/DS-97146bee-1960-4b71-bcaa-47f991705390/container.db, /home/runner/work/ozone/ozone/hadoop-ozone/integration-test/target/test-dir/MiniOzoneClusterImpl-0a3c97a5-d59a-4532-afef-c4940c4c02aa/ozone-meta/datanode-9/data-0/hdds/0a3c97a5-d59a-4532-afef-c4940c4c02aa/DS-6318a877-94c4-4088-980a-969af943bbac/container.db]
2025-07-05 15:49:19,895 [main] INFO  utils.DatanodeStoreCache (DatanodeStoreCache.java:removeDB(104)) - Removed db /home/runner/work/ozone/ozone/hadoop-ozone/integration-test/target/test-dir/MiniOzoneClusterImpl-0a3c97a5-d59a-4532-afef-c4940c4c02aa/ozone-meta/datanode-9/data-0/hdds/0a3c97a5-d59a-4532-afef-c4940c4c02aa/DS-6318a877-94c4-4088-980a-969af943bbac/container.db from cache
2025-07-05 15:49:19,895 [main] INFO  volume.HddsVolume (HddsVolume.java:closeDbStore(608)) - SchemaV3 db is stopped at /home/runner/work/ozone/ozone/hadoop-ozone/integration-test/target/test-dir/MiniOzoneClusterImpl-0a3c97a5-d59a-4532-afef-c4940c4c02aa/ozone-meta/datanode-9/data-0/hdds/0a3c97a5-d59a-4532-afef-c4940c4c02aa/DS-6318a877-94c4-4088-980a-969af943bbac/container.db for volume DS-6318a877-94c4-4088-980a-969af943bbac
2025-07-05 15:49:19,895 [main] INFO  utils.BackgroundService (BackgroundService.java:shutdown(178)) - Shutting down service BlockDeletingService
2025-07-05 15:49:19,896 [main] INFO  utils.BackgroundService (BackgroundService.java:shutdown(178)) - Shutting down service StaleRecoveringContainerScrubbingService
2025-07-05 15:49:19,898 [main] INFO  statemachine.DatanodeStateMachine (DatanodeStateMachine.java:stopDaemon(637)) - Ozone container server stopped.
2025-07-05 15:49:19,912 [main] INFO  handler.ContextHandler (ContextHandler.java:doStop(1159)) - Stopped o.e.j.w.WebAppContext@23a7f0db{hddsDatanode,/,null,STOPPED}{jar:file:/home/runner/work/ozone/ozone/hadoop-hdds/container-service/target/hdds-container-service-2.1.0-SNAPSHOT.jar!/webapps/hddsDatanode}
2025-07-05 15:49:19,912 [main] INFO  server.AbstractConnector (AbstractConnector.java:doStop(383)) - Stopped ServerConnector@43c58698{HTTP/1.1, (http/1.1)}{0.0.0.0:15074}
2025-07-05 15:49:19,913 [main] INFO  server.session (HouseKeeper.java:stopScavenging(149)) - node0 Stopped scavenging
2025-07-05 15:49:19,913 [main] INFO  handler.ContextHandler (ContextHandler.java:doStop(1159)) - Stopped o.e.j.s.ServletContextHandler@54c04642{static,/static,jar:file:/home/runner/work/ozone/ozone/hadoop-hdds/container-service/target/hdds-container-service-2.1.0-SNAPSHOT.jar!/webapps/static,STOPPED}
2025-07-05 15:49:19,913 [main] INFO  handler.ContextHandler (ContextHandler.java:doStop(1159)) - Stopped o.e.j.s.ServletContextHandler@2ca50b7a{logs,/logs,file:///home/runner/work/ozone/ozone/hadoop-ozone/integration-test/target/log,STOPPED}
2025-07-05 15:49:19,914 [main] INFO  ozone.HddsDatanodeClientProtocolServer (HddsDatanodeClientProtocolServer.java:stop(82)) - Stopping the RPC server for Client Protocol
2025-07-05 15:49:19,914 [main] INFO  ipc.Server (Server.java:stop(3697)) - Stopping server on 15075
2025-07-05 15:49:19,916 [IPC Server Responder] INFO  ipc.Server (Server.java:run(1718)) - Stopping IPC Server Responder
2025-07-05 15:49:19,916 [IPC Server listener on 15075] INFO  ipc.Server (Server.java:run(1585)) - Stopping IPC Server listener on 15075
2025-07-05 15:49:19,917 [main] INFO  ozone.MiniOzoneClusterImpl (MiniOzoneClusterImpl.java:lambda$waitForHddsDatanodeToStop$3(312)) - Waiting on datanode to be marked stale.
2025-07-05 15:49:20,452 [grpc-default-executor-4] WARN  server.GrpcServerProtocolService (LogUtils.java:warn(129)) - 092257cb-ba5a-4f8a-9b9c-d44861eaa450: Failed APPEND_ENTRIES request a2863246-e653-4b31-a3d0-09f3a93c429f->092257cb-ba5a-4f8a-9b9c-d44861eaa450#27-t2,previous=(t:1, i:0),leaderCommit=2,initializing? false,entries: size=2, first=(t:2, i:1), CONFIGURATIONENTRY(current:id:"092257cb-ba5a-4f8a-9b9c-d44861eaa450"address:"127.0.0.1:15063"priority:1dataStreamAddress:"127.0.0.1:15064"clientAddress:"127.0.0.1:15061"adminAddress:"127.0.0.1:15062"startupRole:FOLLOWER, id:"d8f38f7e-70e8-450f-85ae-2cee56d3f445"address:"127.0.0.1:15079"dataStreamAddress:"127.0.0.1:15080"clientAddress:"127.0.0.1:15077"adminAddress:"127.0.0.1:15078"startupRole:FOLLOWER, id:"a2863246-e653-4b31-a3d0-09f3a93c429f"address:"127.0.0.1:15071"dataStreamAddress:"127.0.0.1:15072"clientAddress:"127.0.0.1:15069"adminAddress:"127.0.0.1:15070"startupRole:FOLLOWER, old:)
java.util.concurrent.CompletionException: org.apache.ratis.protocol.exceptions.GroupMismatchException: 092257cb-ba5a-4f8a-9b9c-d44861eaa450: group-2DA8B140AB24 not found.
	at java.base/java.util.concurrent.CompletableFuture.encodeThrowable(CompletableFuture.java:332)
	at java.base/java.util.concurrent.CompletableFuture.uniComposeStage(CompletableFuture.java:1177)
	at java.base/java.util.concurrent.CompletableFuture.thenCompose(CompletableFuture.java:2341)
	at org.apache.ratis.server.impl.RaftServerProxy.appendEntriesAsync(RaftServerProxy.java:651)
	at org.apache.ratis.grpc.server.GrpcServerProtocolService$1.process(GrpcServerProtocolService.java:245)
	at org.apache.ratis.grpc.server.GrpcServerProtocolService$1.process(GrpcServerProtocolService.java:242)
	at org.apache.ratis.grpc.server.GrpcServerProtocolService$ServerRequestStreamObserver.onNext(GrpcServerProtocolService.java:150)
	at org.apache.ratis.thirdparty.io.grpc.stub.ServerCalls$StreamingServerCallHandler$StreamingServerCallListener.onMessage(ServerCalls.java:262)
	at org.apache.ratis.thirdparty.io.grpc.internal.ServerCallImpl$ServerStreamListenerImpl.messagesAvailableInternal(ServerCallImpl.java:334)
	at org.apache.ratis.thirdparty.io.grpc.internal.ServerCallImpl$ServerStreamListenerImpl.messagesAvailable(ServerCallImpl.java:319)
	at org.apache.ratis.thirdparty.io.grpc.internal.ServerImpl$JumpToApplicationThreadServerStreamListener$1MessagesAvailable.runInContext(ServerImpl.java:834)
	at org.apache.ratis.thirdparty.io.grpc.internal.ContextRunnable.run(ContextRunnable.java:37)
	at org.apache.ratis.thirdparty.io.grpc.internal.SerializingExecutor.run(SerializingExecutor.java:133)
	at java.base/java.util.concurrent.ThreadPoolExecutor.runWorker(ThreadPoolExecutor.java:1144)
	at java.base/java.util.concurrent.ThreadPoolExecutor$Worker.run(ThreadPoolExecutor.java:642)
	at java.base/java.lang.Thread.run(Thread.java:1583)
Caused by: org.apache.ratis.protocol.exceptions.GroupMismatchException: 092257cb-ba5a-4f8a-9b9c-d44861eaa450: group-2DA8B140AB24 not found.
	at org.apache.ratis.server.impl.RaftServerProxy$ImplMap.get(RaftServerProxy.java:160)
	at org.apache.ratis.server.impl.RaftServerProxy.getImplFuture(RaftServerProxy.java:370)
	at org.apache.ratis.server.impl.RaftServerProxy.appendEntriesAsync(RaftServerProxy.java:650)
	... 12 more
2025-07-05 15:49:20,453 [grpc-default-executor-4] INFO  leader.LogAppender (LogAppenderBase.java:lambda$getNextIndexForError$0(215)) - Decrease nextIndex to 1
2025-07-05 15:49:20,453 [grpc-default-executor-4] INFO  leader.LogAppender (LogAppenderBase.java:lambda$getNextIndexForError$0(215)) - Decrease nextIndex to 1
2025-07-05 15:49:20,453 [grpc-default-executor-4] INFO  leader.FollowerInfo (FollowerInfoImpl.java:info(70)) - a2863246-e653-4b31-a3d0-09f3a93c429f@group-2DA8B140AB24->092257cb-ba5a-4f8a-9b9c-d44861eaa450: computeNextIndex nextIndex: updateUnconditionally 3 -> 1
2025-07-05 15:49:20,917 [main] INFO  ozone.MiniOzoneClusterImpl (MiniOzoneClusterImpl.java:lambda$waitForHddsDatanodeToStop$3(312)) - Waiting on datanode to be marked stale.
2025-07-05 15:49:21,917 [main] INFO  ozone.MiniOzoneClusterImpl (MiniOzoneClusterImpl.java:lambda$waitForHddsDatanodeToStop$3(312)) - Waiting on datanode to be marked stale.
2025-07-05 15:49:22,009 [timer7] WARN  server.GrpcLogAppender (LogUtils.java:warn(127)) - a2863246-e653-4b31-a3d0-09f3a93c429f@group-DDDF55466C04->d8f38f7e-70e8-450f-85ae-2cee56d3f445-AppendLogResponseHandler: Failed appendEntries (Repeated 10 times in the last 5.000s): org.apache.ratis.thirdparty.io.grpc.StatusRuntimeException: UNAVAILABLE: io exception
  Caused by: org.apache.ratis.thirdparty.io.netty.channel.AbstractChannel$AnnotatedConnectException: finishConnect(..) failed: Connection refused: /127.0.0.1:15079
  Caused by: java.net.ConnectException: finishConnect(..) failed: Connection refused
2025-07-05 15:49:22,010 [timer0] WARN  server.GrpcLogAppender (GrpcLogAppender.java:lambda$resetClient$1(228)) - a2863246-e653-4b31-a3d0-09f3a93c429f@group-DDDF55466C04->d8f38f7e-70e8-450f-85ae-2cee56d3f445-GrpcLogAppender: Follower failed (request=null, errorCount=10); keep nextIndex (1) unchanged and retry. (Repeated 10 times in the last 5.000s)
2025-07-05 15:49:22,010 [timer2] WARN  server.GrpcLogAppender (GrpcLogAppender.java:lambda$resetClient$1(228)) - a2863246-e653-4b31-a3d0-09f3a93c429f@group-2DA8B140AB24->d8f38f7e-70e8-450f-85ae-2cee56d3f445-GrpcLogAppender: Follower failed (request=null, errorCount=8); keep nextIndex (3) unchanged and retry. (Repeated 8 times in the last 5.000s)
2025-07-05 15:49:22,010 [timer1] WARN  server.GrpcLogAppender (LogUtils.java:warn(127)) - a2863246-e653-4b31-a3d0-09f3a93c429f@group-2DA8B140AB24->d8f38f7e-70e8-450f-85ae-2cee56d3f445-AppendLogResponseHandler: Failed appendEntries (Repeated 8 times in the last 5.000s): org.apache.ratis.thirdparty.io.grpc.StatusRuntimeException: UNAVAILABLE: io exception
  Caused by: org.apache.ratis.thirdparty.io.netty.channel.AbstractChannel$AnnotatedConnectException: finishConnect(..) failed: Connection refused: /127.0.0.1:15079
  Caused by: java.net.ConnectException: finishConnect(..) failed: Connection refused
2025-07-05 15:49:22,066 [grpc-default-executor-2] WARN  server.GrpcServerProtocolService (LogUtils.java:warn(129)) - 092257cb-ba5a-4f8a-9b9c-d44861eaa450: Failed APPEND_ENTRIES request a2863246-e653-4b31-a3d0-09f3a93c429f->092257cb-ba5a-4f8a-9b9c-d44861eaa450#29-t2,previous=(t:1, i:0),leaderCommit=2,initializing? false,entries: size=2, first=(t:2, i:1), CONFIGURATIONENTRY(current:id:"092257cb-ba5a-4f8a-9b9c-d44861eaa450"address:"127.0.0.1:15063"priority:1dataStreamAddress:"127.0.0.1:15064"clientAddress:"127.0.0.1:15061"adminAddress:"127.0.0.1:15062"startupRole:FOLLOWER, id:"d8f38f7e-70e8-450f-85ae-2cee56d3f445"address:"127.0.0.1:15079"dataStreamAddress:"127.0.0.1:15080"clientAddress:"127.0.0.1:15077"adminAddress:"127.0.0.1:15078"startupRole:FOLLOWER, id:"a2863246-e653-4b31-a3d0-09f3a93c429f"address:"127.0.0.1:15071"dataStreamAddress:"127.0.0.1:15072"clientAddress:"127.0.0.1:15069"adminAddress:"127.0.0.1:15070"startupRole:FOLLOWER, old:)
java.util.concurrent.CompletionException: org.apache.ratis.protocol.exceptions.GroupMismatchException: 092257cb-ba5a-4f8a-9b9c-d44861eaa450: group-2DA8B140AB24 not found.
	at java.base/java.util.concurrent.CompletableFuture.encodeThrowable(CompletableFuture.java:332)
	at java.base/java.util.concurrent.CompletableFuture.uniComposeStage(CompletableFuture.java:1177)
	at java.base/java.util.concurrent.CompletableFuture.thenCompose(CompletableFuture.java:2341)
	at org.apache.ratis.server.impl.RaftServerProxy.appendEntriesAsync(RaftServerProxy.java:651)
	at org.apache.ratis.grpc.server.GrpcServerProtocolService$1.process(GrpcServerProtocolService.java:245)
	at org.apache.ratis.grpc.server.GrpcServerProtocolService$1.process(GrpcServerProtocolService.java:242)
	at org.apache.ratis.grpc.server.GrpcServerProtocolService$ServerRequestStreamObserver.onNext(GrpcServerProtocolService.java:150)
	at org.apache.ratis.thirdparty.io.grpc.stub.ServerCalls$StreamingServerCallHandler$StreamingServerCallListener.onMessage(ServerCalls.java:262)
	at org.apache.ratis.thirdparty.io.grpc.internal.ServerCallImpl$ServerStreamListenerImpl.messagesAvailableInternal(ServerCallImpl.java:334)
	at org.apache.ratis.thirdparty.io.grpc.internal.ServerCallImpl$ServerStreamListenerImpl.messagesAvailable(ServerCallImpl.java:319)
	at org.apache.ratis.thirdparty.io.grpc.internal.ServerImpl$JumpToApplicationThreadServerStreamListener$1MessagesAvailable.runInContext(ServerImpl.java:834)
	at org.apache.ratis.thirdparty.io.grpc.internal.ContextRunnable.run(ContextRunnable.java:37)
	at org.apache.ratis.thirdparty.io.grpc.internal.SerializingExecutor.run(SerializingExecutor.java:133)
	at java.base/java.util.concurrent.ThreadPoolExecutor.runWorker(ThreadPoolExecutor.java:1144)
	at java.base/java.util.concurrent.ThreadPoolExecutor$Worker.run(ThreadPoolExecutor.java:642)
	at java.base/java.lang.Thread.run(Thread.java:1583)
Caused by: org.apache.ratis.protocol.exceptions.GroupMismatchException: 092257cb-ba5a-4f8a-9b9c-d44861eaa450: group-2DA8B140AB24 not found.
	at org.apache.ratis.server.impl.RaftServerProxy$ImplMap.get(RaftServerProxy.java:160)
	at org.apache.ratis.server.impl.RaftServerProxy.getImplFuture(RaftServerProxy.java:370)
	at org.apache.ratis.server.impl.RaftServerProxy.appendEntriesAsync(RaftServerProxy.java:650)
	... 12 more
2025-07-05 15:49:22,067 [grpc-default-executor-2] INFO  leader.LogAppender (LogAppenderBase.java:lambda$getNextIndexForError$0(215)) - Decrease nextIndex to 1
2025-07-05 15:49:22,067 [grpc-default-executor-2] INFO  leader.LogAppender (LogAppenderBase.java:lambda$getNextIndexForError$0(215)) - Decrease nextIndex to 1
2025-07-05 15:49:22,068 [grpc-default-executor-2] INFO  leader.FollowerInfo (FollowerInfoImpl.java:info(70)) - a2863246-e653-4b31-a3d0-09f3a93c429f@group-2DA8B140AB24->092257cb-ba5a-4f8a-9b9c-d44861eaa450: computeNextIndex nextIndex: updateUnconditionally 3 -> 1
2025-07-05 15:49:22,163 [timer3] WARN  server.GrpcLogAppender (GrpcLogAppender.java:timeoutAppendRequest(448)) - a2863246-e653-4b31-a3d0-09f3a93c429f@group-DDDF55466C04->092257cb-ba5a-4f8a-9b9c-d44861eaa450-GrpcLogAppender: Timed out HEARTBEAT appendEntries, errorCount=19, request=AppendEntriesRequest:cid=6812,entriesCount=0
2025-07-05 15:49:22,287 [a2863246-e653-4b31-a3d0-09f3a93c429f@group-DDDF55466C04-LeaderStateImpl] WARN  server.RaftServer$Division (LeaderStateImpl.java:checkLeadership(1121)) - a2863246-e653-4b31-a3d0-09f3a93c429f@group-DDDF55466C04-LeaderStateImpl: Lost leadership on term: 1. Election timeout: 5200ms. In charge for: 52051ms. Conf: conf: {index: 0, cur=peers:[092257cb-ba5a-4f8a-9b9c-d44861eaa450|127.0.0.1:15063, d8f38f7e-70e8-450f-85ae-2cee56d3f445|127.0.0.1:15079, a2863246-e653-4b31-a3d0-09f3a93c429f|127.0.0.1:15071]|listeners:[], old=null}
2025-07-05 15:49:22,287 [a2863246-e653-4b31-a3d0-09f3a93c429f@group-DDDF55466C04-LeaderStateImpl] WARN  server.RaftServer$Division (LeaderStateImpl.java:lambda$checkLeadership$20(1125)) - Follower a2863246-e653-4b31-a3d0-09f3a93c429f@group-DDDF55466C04->092257cb-ba5a-4f8a-9b9c-d44861eaa450(c0,m0,n1, caughtUp=true, lastRpcSendTime=981, lastRpcResponseTime=26967)
2025-07-05 15:49:22,287 [a2863246-e653-4b31-a3d0-09f3a93c429f@group-DDDF55466C04-LeaderStateImpl] WARN  server.RaftServer$Division (LeaderStateImpl.java:lambda$checkLeadership$20(1125)) - Follower a2863246-e653-4b31-a3d0-09f3a93c429f@group-DDDF55466C04->d8f38f7e-70e8-450f-85ae-2cee56d3f445(c0,m0,n1, caughtUp=true, lastRpcSendTime=695, lastRpcResponseTime=6953)
2025-07-05 15:49:22,287 [a2863246-e653-4b31-a3d0-09f3a93c429f@group-DDDF55466C04-LeaderStateImpl] INFO  server.RaftServer$Division (RaftServerImpl.java:setRole(392)) - a2863246-e653-4b31-a3d0-09f3a93c429f@group-DDDF55466C04: changes role from    LEADER to FOLLOWER at term 1 for StepDownReason:LOST_MAJORITY_HEARTBEATS
2025-07-05 15:49:22,288 [a2863246-e653-4b31-a3d0-09f3a93c429f@group-DDDF55466C04-LeaderStateImpl] INFO  impl.RoleInfo (RoleInfo.java:shutdownLeaderState(103)) - a2863246-e653-4b31-a3d0-09f3a93c429f: shutdown a2863246-e653-4b31-a3d0-09f3a93c429f@group-DDDF55466C04-LeaderStateImpl
2025-07-05 15:49:22,288 [a2863246-e653-4b31-a3d0-09f3a93c429f@group-DDDF55466C04-LeaderStateImpl] INFO  impl.PendingRequests (PendingRequests.java:sendNotLeaderResponses(287)) - a2863246-e653-4b31-a3d0-09f3a93c429f@group-DDDF55466C04-PendingRequests: sendNotLeaderResponses
2025-07-05 15:49:22,288 [a2863246-e653-4b31-a3d0-09f3a93c429f@group-DDDF55466C04->092257cb-ba5a-4f8a-9b9c-d44861eaa450-GrpcLogAppender-LogAppenderDaemon] WARN  server.GrpcLogAppender (GrpcLogAppender.java:mayWait(300)) - a2863246-e653-4b31-a3d0-09f3a93c429f@group-DDDF55466C04->092257cb-ba5a-4f8a-9b9c-d44861eaa450-GrpcLogAppender: Wait interrupted by java.lang.InterruptedException
2025-07-05 15:49:22,288 [grpc-default-executor-2] INFO  server.GrpcServerProtocolService (GrpcServerProtocolService.java:lambda$onCompleted$6(171)) - 092257cb-ba5a-4f8a-9b9c-d44861eaa450: Completed APPEND_ENTRIES, lastRequest: null 
2025-07-05 15:49:22,289 [grpc-default-executor-2] INFO  server.GrpcServerProtocolService (GrpcServerProtocolService.java:lambda$null$7(175)) - 092257cb-ba5a-4f8a-9b9c-d44861eaa450: Completed APPEND_ENTRIES, lastReply: null 
2025-07-05 15:49:22,290 [a2863246-e653-4b31-a3d0-09f3a93c429f@group-DDDF55466C04-LeaderStateImpl] INFO  server.RaftServer$Division (ServerState.java:setLeader(272)) - a2863246-e653-4b31-a3d0-09f3a93c429f@group-DDDF55466C04: change Leader from a2863246-e653-4b31-a3d0-09f3a93c429f to null at term 1 for StepDownReason:LOST_MAJORITY_HEARTBEATS
2025-07-05 15:49:22,290 [a2863246-e653-4b31-a3d0-09f3a93c429f@group-DDDF55466C04-LeaderStateImpl] INFO  impl.RoleInfo (RoleInfo.java:updateAndGet(148)) - a2863246-e653-4b31-a3d0-09f3a93c429f: start a2863246-e653-4b31-a3d0-09f3a93c429f@group-DDDF55466C04-FollowerState
2025-07-05 15:49:22,291 [grpc-default-executor-4] INFO  server.GrpcLogAppender (GrpcLogAppender.java:onCompleted(558)) - a2863246-e653-4b31-a3d0-09f3a93c429f@group-DDDF55466C04->092257cb-ba5a-4f8a-9b9c-d44861eaa450-AppendLogResponseHandler: follower responses appendEntries COMPLETED
2025-07-05 15:49:22,689 [a2863246-e653-4b31-a3d0-09f3a93c429f@group-2DA8B140AB24-LeaderStateImpl] WARN  server.RaftServer$Division (LeaderStateImpl.java:checkLeadership(1121)) - a2863246-e653-4b31-a3d0-09f3a93c429f@group-2DA8B140AB24-LeaderStateImpl: Lost leadership on term: 2. Election timeout: 5200ms. In charge for: 20835ms. Conf: conf: {index: 1, cur=peers:[092257cb-ba5a-4f8a-9b9c-d44861eaa450|127.0.0.1:15063, d8f38f7e-70e8-450f-85ae-2cee56d3f445|127.0.0.1:15079, a2863246-e653-4b31-a3d0-09f3a93c429f|127.0.0.1:15071]|listeners:[], old=null}
2025-07-05 15:49:22,689 [a2863246-e653-4b31-a3d0-09f3a93c429f@group-2DA8B140AB24-LeaderStateImpl] WARN  server.RaftServer$Division (LeaderStateImpl.java:lambda$checkLeadership$20(1125)) - Follower a2863246-e653-4b31-a3d0-09f3a93c429f@group-2DA8B140AB24->092257cb-ba5a-4f8a-9b9c-d44861eaa450(c-1,m-1,n1, caughtUp=true, lastRpcSendTime=624, lastRpcResponseTime=26033)
2025-07-05 15:49:22,689 [a2863246-e653-4b31-a3d0-09f3a93c429f@group-2DA8B140AB24-LeaderStateImpl] WARN  server.RaftServer$Division (LeaderStateImpl.java:lambda$checkLeadership$20(1125)) - Follower a2863246-e653-4b31-a3d0-09f3a93c429f@group-2DA8B140AB24->d8f38f7e-70e8-450f-85ae-2cee56d3f445(c2,m2,n3, caughtUp=true, lastRpcSendTime=784, lastRpcResponseTime=5789)
2025-07-05 15:49:22,689 [a2863246-e653-4b31-a3d0-09f3a93c429f@group-2DA8B140AB24-LeaderStateImpl] INFO  server.RaftServer$Division (RaftServerImpl.java:setRole(392)) - a2863246-e653-4b31-a3d0-09f3a93c429f@group-2DA8B140AB24: changes role from    LEADER to FOLLOWER at term 2 for StepDownReason:LOST_MAJORITY_HEARTBEATS
2025-07-05 15:49:22,690 [a2863246-e653-4b31-a3d0-09f3a93c429f@group-2DA8B140AB24-LeaderStateImpl] INFO  impl.RoleInfo (RoleInfo.java:shutdownLeaderState(103)) - a2863246-e653-4b31-a3d0-09f3a93c429f: shutdown a2863246-e653-4b31-a3d0-09f3a93c429f@group-2DA8B140AB24-LeaderStateImpl
2025-07-05 15:49:22,690 [a2863246-e653-4b31-a3d0-09f3a93c429f@group-2DA8B140AB24->092257cb-ba5a-4f8a-9b9c-d44861eaa450-GrpcLogAppender-LogAppenderDaemon] WARN  server.GrpcLogAppender (GrpcLogAppender.java:mayWait(300)) - a2863246-e653-4b31-a3d0-09f3a93c429f@group-2DA8B140AB24->092257cb-ba5a-4f8a-9b9c-d44861eaa450-GrpcLogAppender: Wait interrupted by java.lang.InterruptedException
2025-07-05 15:49:22,690 [a2863246-e653-4b31-a3d0-09f3a93c429f@group-2DA8B140AB24-LeaderStateImpl] INFO  impl.PendingRequests (PendingRequests.java:sendNotLeaderResponses(287)) - a2863246-e653-4b31-a3d0-09f3a93c429f@group-2DA8B140AB24-PendingRequests: sendNotLeaderResponses
2025-07-05 15:49:22,690 [a2863246-e653-4b31-a3d0-09f3a93c429f@group-2DA8B140AB24->d8f38f7e-70e8-450f-85ae-2cee56d3f445-GrpcLogAppender-LogAppenderDaemon] WARN  server.GrpcLogAppender (GrpcLogAppender.java:mayWait(300)) - a2863246-e653-4b31-a3d0-09f3a93c429f@group-2DA8B140AB24->d8f38f7e-70e8-450f-85ae-2cee56d3f445-GrpcLogAppender: Wait interrupted by java.lang.InterruptedException
2025-07-05 15:49:22,691 [a2863246-e653-4b31-a3d0-09f3a93c429f@group-2DA8B140AB24-LeaderStateImpl] INFO  server.RaftServer$Division (ServerState.java:setLeader(272)) - a2863246-e653-4b31-a3d0-09f3a93c429f@group-2DA8B140AB24: change Leader from a2863246-e653-4b31-a3d0-09f3a93c429f to null at term 2 for StepDownReason:LOST_MAJORITY_HEARTBEATS
2025-07-05 15:49:22,691 [a2863246-e653-4b31-a3d0-09f3a93c429f@group-2DA8B140AB24-LeaderStateImpl] INFO  impl.RoleInfo (RoleInfo.java:updateAndGet(148)) - a2863246-e653-4b31-a3d0-09f3a93c429f: start a2863246-e653-4b31-a3d0-09f3a93c429f@group-2DA8B140AB24-FollowerState
2025-07-05 15:49:22,918 [main] INFO  ozone.MiniOzoneClusterImpl (MiniOzoneClusterImpl.java:lambda$waitForHddsDatanodeToStop$3(312)) - Waiting on datanode to be marked stale.
2025-07-05 15:49:22,930 [timer5] WARN  server.GrpcLogAppender (LogUtils.java:warn(129)) - a2863246-e653-4b31-a3d0-09f3a93c429f@group-2DA8B140AB24->092257cb-ba5a-4f8a-9b9c-d44861eaa450-AppendLogResponseHandler: Failed appendEntries (Repeated 3 times in the last 5.001s)
org.apache.ratis.protocol.exceptions.GroupMismatchException: 092257cb-ba5a-4f8a-9b9c-d44861eaa450: group-2DA8B140AB24 not found.
	at org.apache.ratis.server.impl.RaftServerProxy$ImplMap.get(RaftServerProxy.java:160)
	at org.apache.ratis.server.impl.RaftServerProxy.getImplFuture(RaftServerProxy.java:370)
	at org.apache.ratis.server.impl.RaftServerProxy.appendEntriesAsync(RaftServerProxy.java:650)
	at org.apache.ratis.grpc.server.GrpcServerProtocolService$1.process(GrpcServerProtocolService.java:245)
	at org.apache.ratis.grpc.server.GrpcServerProtocolService$1.process(GrpcServerProtocolService.java:242)
	at org.apache.ratis.grpc.server.GrpcServerProtocolService$ServerRequestStreamObserver.onNext(GrpcServerProtocolService.java:150)
	at org.apache.ratis.thirdparty.io.grpc.stub.ServerCalls$StreamingServerCallHandler$StreamingServerCallListener.onMessage(ServerCalls.java:262)
	at org.apache.ratis.thirdparty.io.grpc.internal.ServerCallImpl$ServerStreamListenerImpl.messagesAvailableInternal(ServerCallImpl.java:334)
	at org.apache.ratis.thirdparty.io.grpc.internal.ServerCallImpl$ServerStreamListenerImpl.messagesAvailable(ServerCallImpl.java:319)
	at org.apache.ratis.thirdparty.io.grpc.internal.ServerImpl$JumpToApplicationThreadServerStreamListener$1MessagesAvailable.runInContext(ServerImpl.java:834)
	at org.apache.ratis.thirdparty.io.grpc.internal.ContextRunnable.run(ContextRunnable.java:37)
	at org.apache.ratis.thirdparty.io.grpc.internal.SerializingExecutor.run(SerializingExecutor.java:133)
	at java.base/java.util.concurrent.ThreadPoolExecutor.runWorker(ThreadPoolExecutor.java:1144)
	at java.base/java.util.concurrent.ThreadPoolExecutor$Worker.run(ThreadPoolExecutor.java:642)
	at java.base/java.lang.Thread.run(Thread.java:1583)
2025-07-05 15:49:23,819 [om1-KeyDeletingService#2] INFO  service.KeyDeletingService (KeyDeletingService.java:processKeyDeletes(132)) - Send 1 key(s) to SCM, first 1 keys: [BlockGroup[groupID='/testcontainerstatemachinefailures/testcontainerstatemachinefailures/ratis/-9223372036854771968', blockIDs=[conID: 5 locID: 115816896921600005 bcsId: 0 replicaIndex: null, conID: 6 locID: 115816896921600006 bcsId: 0 replicaIndex: null]]]
2025-07-05 15:49:23,828 [IPC Server handler 12 on default port 15001] INFO  ha.SequenceIdGenerator (SequenceIdGenerator.java:getNextId(135)) - Allocate a batch for delTxnId, change lastId from 0 to 1000.
2025-07-05 15:49:23,841 [om1-KeyDeletingService#2] INFO  service.KeyDeletingService (KeyDeletingService.java:processKeyDeletes(137)) - 1 BlockGroup deletion are acked by SCM in 23 ms
2025-07-05 15:49:23,851 [om1-KeyDeletingService#2] INFO  service.KeyDeletingService (KeyDeletingService.java:processKeyDeletes(145)) - Blocks for (1,true) (out of 1) keys are deleted from DB in 9 ms. Limit per task is 20000.
2025-07-05 15:49:23,918 [main] INFO  ozone.MiniOzoneClusterImpl (MiniOzoneClusterImpl.java:lambda$waitForHddsDatanodeToStop$3(312)) - Waiting on datanode to be marked stale.
2025-07-05 15:49:24,918 [main] INFO  ozone.MiniOzoneClusterImpl (MiniOzoneClusterImpl.java:lambda$waitForHddsDatanodeToStop$3(312)) - Waiting on datanode to be marked stale.
2025-07-05 15:49:25,919 [main] INFO  ozone.MiniOzoneClusterImpl (MiniOzoneClusterImpl.java:lambda$waitForHddsDatanodeToStop$3(312)) - Waiting on datanode to be marked stale.
2025-07-05 15:49:26,919 [main] INFO  ozone.MiniOzoneClusterImpl (MiniOzoneClusterImpl.java:lambda$waitForHddsDatanodeToStop$3(312)) - Waiting on datanode to be marked stale.
2025-07-05 15:49:27,289 [timer3] INFO  server.GrpcServerProtocolService (GrpcServerProtocolService.java:lambda$onCompleted$6(171)) - 092257cb-ba5a-4f8a-9b9c-d44861eaa450: Completed APPEND_ENTRIES, lastRequest: null  (Repeated 2 times in the last 5.001s)
2025-07-05 15:49:27,316 [a2863246-e653-4b31-a3d0-09f3a93c429f@group-DDDF55466C04-FollowerState] INFO  impl.FollowerState (FollowerState.java:lostMajorityHeartbeatsRecently(113)) - a2863246-e653-4b31-a3d0-09f3a93c429f@group-DDDF55466C04-FollowerState: Skipping leader election since it stepped down recently (elapsed = 5026ms < waitTime = 10s)
2025-07-05 15:49:27,817 [a2863246-e653-4b31-a3d0-09f3a93c429f@group-2DA8B140AB24-FollowerState] INFO  impl.FollowerState (FollowerState.java:lostMajorityHeartbeatsRecently(113)) - a2863246-e653-4b31-a3d0-09f3a93c429f@group-2DA8B140AB24-FollowerState: Skipping leader election since it stepped down recently (elapsed = 5126ms < waitTime = 10s)
2025-07-05 15:49:27,919 [main] INFO  ozone.MiniOzoneClusterImpl (MiniOzoneClusterImpl.java:lambda$waitForHddsDatanodeToStop$3(312)) - Waiting on datanode to be marked stale.
2025-07-05 15:49:28,919 [main] INFO  ozone.MiniOzoneClusterImpl (MiniOzoneClusterImpl.java:lambda$waitForHddsDatanodeToStop$3(312)) - Waiting on datanode to be marked stale.
2025-07-05 15:49:29,920 [main] INFO  ozone.MiniOzoneClusterImpl (MiniOzoneClusterImpl.java:lambda$waitForHddsDatanodeToStop$3(312)) - Waiting on datanode to be marked stale.
2025-07-05 15:49:30,920 [main] INFO  ozone.MiniOzoneClusterImpl (MiniOzoneClusterImpl.java:lambda$waitForHddsDatanodeToStop$3(312)) - Waiting on datanode to be marked stale.
2025-07-05 15:49:31,920 [main] INFO  ozone.MiniOzoneClusterImpl (MiniOzoneClusterImpl.java:lambda$waitForHddsDatanodeToStop$3(312)) - Waiting on datanode to be marked stale.
2025-07-05 15:49:32,494 [a2863246-e653-4b31-a3d0-09f3a93c429f@group-DDDF55466C04-FollowerState] INFO  impl.FollowerState (FollowerState.java:runImpl(161)) - a2863246-e653-4b31-a3d0-09f3a93c429f@group-DDDF55466C04-FollowerState: change to CANDIDATE, lastRpcElapsedTime:10203666968ns, electionTimeout:5177ms
2025-07-05 15:49:32,494 [a2863246-e653-4b31-a3d0-09f3a93c429f@group-DDDF55466C04-FollowerState] INFO  impl.RoleInfo (RoleInfo.java:shutdownFollowerState(121)) - a2863246-e653-4b31-a3d0-09f3a93c429f: shutdown a2863246-e653-4b31-a3d0-09f3a93c429f@group-DDDF55466C04-FollowerState
2025-07-05 15:49:32,494 [a2863246-e653-4b31-a3d0-09f3a93c429f@group-DDDF55466C04-FollowerState] INFO  server.RaftServer$Division (RaftServerImpl.java:setRole(392)) - a2863246-e653-4b31-a3d0-09f3a93c429f@group-DDDF55466C04: changes role from  FOLLOWER to CANDIDATE at term 1 for changeToCandidate
2025-07-05 15:49:32,494 [a2863246-e653-4b31-a3d0-09f3a93c429f@group-DDDF55466C04-FollowerState] INFO  impl.RoleInfo (RoleInfo.java:updateAndGet(148)) - a2863246-e653-4b31-a3d0-09f3a93c429f: start a2863246-e653-4b31-a3d0-09f3a93c429f@group-DDDF55466C04-LeaderElection25
2025-07-05 15:49:32,494 [a2863246-e653-4b31-a3d0-09f3a93c429f@group-DDDF55466C04-LeaderElection25] INFO  impl.LeaderElection (LeaderElection.java:askForVotes(448)) - a2863246-e653-4b31-a3d0-09f3a93c429f@group-DDDF55466C04-LeaderElection25 PRE_VOTE round 0: submit vote requests at term 1 for conf: {index: 0, cur=peers:[092257cb-ba5a-4f8a-9b9c-d44861eaa450|127.0.0.1:15063, d8f38f7e-70e8-450f-85ae-2cee56d3f445|127.0.0.1:15079, a2863246-e653-4b31-a3d0-09f3a93c429f|127.0.0.1:15071]|listeners:[], old=null}
2025-07-05 15:49:32,495 [a2863246-e653-4b31-a3d0-09f3a93c429f@group-DDDF55466C04-LeaderElection25] INFO  impl.LeaderElection (LogUtils.java:infoOrTrace(142)) - a2863246-e653-4b31-a3d0-09f3a93c429f@group-DDDF55466C04-LeaderElection25 got exception when requesting votes: java.util.concurrent.ExecutionException: org.apache.ratis.thirdparty.io.grpc.StatusRuntimeException: UNAVAILABLE: io exception
2025-07-05 15:49:32,496 [grpc-default-executor-4] WARN  server.GrpcServerProtocolService (LogUtils.java:warn(129)) - 092257cb-ba5a-4f8a-9b9c-d44861eaa450: Failed requestVote a2863246-e653-4b31-a3d0-09f3a93c429f->092257cb-ba5a-4f8a-9b9c-d44861eaa450#0
org.apache.ratis.protocol.exceptions.GroupMismatchException: 092257cb-ba5a-4f8a-9b9c-d44861eaa450: group-DDDF55466C04 not found.
	at org.apache.ratis.server.impl.RaftServerProxy$ImplMap.get(RaftServerProxy.java:160)
	at org.apache.ratis.server.impl.RaftServerProxy.getImplFuture(RaftServerProxy.java:370)
	at org.apache.ratis.server.impl.RaftServerProxy.getImpl(RaftServerProxy.java:379)
	at org.apache.ratis.server.impl.RaftServerProxy.getImpl(RaftServerProxy.java:374)
	at org.apache.ratis.server.impl.RaftServerProxy.requestVote(RaftServerProxy.java:639)
	at org.apache.ratis.grpc.server.GrpcServerProtocolService.requestVote(GrpcServerProtocolService.java:208)
	at org.apache.ratis.proto.grpc.RaftServerProtocolServiceGrpc$MethodHandlers.invoke(RaftServerProtocolServiceGrpc.java:499)
	at org.apache.ratis.thirdparty.io.grpc.stub.ServerCalls$UnaryServerCallHandler$UnaryServerCallListener.onHalfClose(ServerCalls.java:182)
	at org.apache.ratis.thirdparty.io.grpc.internal.ServerCallImpl$ServerStreamListenerImpl.halfClosed(ServerCallImpl.java:356)
	at org.apache.ratis.thirdparty.io.grpc.internal.ServerImpl$JumpToApplicationThreadServerStreamListener$1HalfClosed.runInContext(ServerImpl.java:861)
	at org.apache.ratis.thirdparty.io.grpc.internal.ContextRunnable.run(ContextRunnable.java:37)
	at org.apache.ratis.thirdparty.io.grpc.internal.SerializingExecutor.run(SerializingExecutor.java:133)
	at java.base/java.util.concurrent.ThreadPoolExecutor.runWorker(ThreadPoolExecutor.java:1144)
	at java.base/java.util.concurrent.ThreadPoolExecutor$Worker.run(ThreadPoolExecutor.java:642)
	at java.base/java.lang.Thread.run(Thread.java:1583)
2025-07-05 15:49:32,498 [a2863246-e653-4b31-a3d0-09f3a93c429f@group-DDDF55466C04-LeaderElection25] INFO  impl.LeaderElection (LogUtils.java:infoOrTrace(142)) - a2863246-e653-4b31-a3d0-09f3a93c429f@group-DDDF55466C04-LeaderElection25 got exception when requesting votes: java.util.concurrent.ExecutionException: org.apache.ratis.thirdparty.io.grpc.StatusRuntimeException: INTERNAL: 092257cb-ba5a-4f8a-9b9c-d44861eaa450: group-DDDF55466C04 not found.
2025-07-05 15:49:32,498 [a2863246-e653-4b31-a3d0-09f3a93c429f@group-DDDF55466C04-LeaderElection25] INFO  impl.LeaderElection (LeaderElection.java:logAndReturn(206)) - a2863246-e653-4b31-a3d0-09f3a93c429f@group-DDDF55466C04-LeaderElection25: PRE_VOTE REJECTED received 0 response(s) and 2 exception(s):
2025-07-05 15:49:32,498 [a2863246-e653-4b31-a3d0-09f3a93c429f@group-DDDF55466C04-LeaderElection25] INFO  impl.LeaderElection (LogUtils.java:infoOrTrace(142)) -   Exception 0: java.util.concurrent.ExecutionException: org.apache.ratis.thirdparty.io.grpc.StatusRuntimeException: UNAVAILABLE: io exception
2025-07-05 15:49:32,498 [a2863246-e653-4b31-a3d0-09f3a93c429f@group-DDDF55466C04-LeaderElection25] INFO  impl.LeaderElection (LogUtils.java:infoOrTrace(142)) -   Exception 1: java.util.concurrent.ExecutionException: org.apache.ratis.thirdparty.io.grpc.StatusRuntimeException: INTERNAL: 092257cb-ba5a-4f8a-9b9c-d44861eaa450: group-DDDF55466C04 not found.
2025-07-05 15:49:32,498 [a2863246-e653-4b31-a3d0-09f3a93c429f@group-DDDF55466C04-LeaderElection25] INFO  impl.LeaderElection (LeaderElection.java:askForVotes(450)) - a2863246-e653-4b31-a3d0-09f3a93c429f@group-DDDF55466C04-LeaderElection25 PRE_VOTE round 0: result REJECTED
2025-07-05 15:49:32,498 [a2863246-e653-4b31-a3d0-09f3a93c429f@group-DDDF55466C04-LeaderElection25] INFO  server.RaftServer$Division (RaftServerImpl.java:setRole(392)) - a2863246-e653-4b31-a3d0-09f3a93c429f@group-DDDF55466C04: changes role from CANDIDATE to FOLLOWER at term 1 for REJECTED
2025-07-05 15:49:32,498 [a2863246-e653-4b31-a3d0-09f3a93c429f@group-DDDF55466C04-LeaderElection25] INFO  impl.RoleInfo (RoleInfo.java:shutdownLeaderElection(141)) - a2863246-e653-4b31-a3d0-09f3a93c429f: shutdown a2863246-e653-4b31-a3d0-09f3a93c429f@group-DDDF55466C04-LeaderElection25
2025-07-05 15:49:32,498 [a2863246-e653-4b31-a3d0-09f3a93c429f@group-DDDF55466C04-LeaderElection25] INFO  impl.RoleInfo (RoleInfo.java:updateAndGet(148)) - a2863246-e653-4b31-a3d0-09f3a93c429f: start a2863246-e653-4b31-a3d0-09f3a93c429f@group-DDDF55466C04-FollowerState
2025-07-05 15:49:32,921 [main] INFO  ozone.MiniOzoneClusterImpl (MiniOzoneClusterImpl.java:lambda$waitForHddsDatanodeToStop$3(312)) - Waiting on datanode to be marked stale.
2025-07-05 15:49:33,015 [a2863246-e653-4b31-a3d0-09f3a93c429f@group-2DA8B140AB24-FollowerState] INFO  impl.FollowerState (FollowerState.java:runImpl(161)) - a2863246-e653-4b31-a3d0-09f3a93c429f@group-2DA8B140AB24-FollowerState: change to CANDIDATE, lastRpcElapsedTime:10323612737ns, electionTimeout:5197ms
2025-07-05 15:49:33,015 [a2863246-e653-4b31-a3d0-09f3a93c429f@group-2DA8B140AB24-FollowerState] INFO  impl.RoleInfo (RoleInfo.java:shutdownFollowerState(121)) - a2863246-e653-4b31-a3d0-09f3a93c429f: shutdown a2863246-e653-4b31-a3d0-09f3a93c429f@group-2DA8B140AB24-FollowerState
2025-07-05 15:49:33,015 [a2863246-e653-4b31-a3d0-09f3a93c429f@group-2DA8B140AB24-FollowerState] INFO  server.RaftServer$Division (RaftServerImpl.java:setRole(392)) - a2863246-e653-4b31-a3d0-09f3a93c429f@group-2DA8B140AB24: changes role from  FOLLOWER to CANDIDATE at term 2 for changeToCandidate
2025-07-05 15:49:33,015 [a2863246-e653-4b31-a3d0-09f3a93c429f@group-2DA8B140AB24-FollowerState] INFO  impl.RoleInfo (RoleInfo.java:updateAndGet(148)) - a2863246-e653-4b31-a3d0-09f3a93c429f: start a2863246-e653-4b31-a3d0-09f3a93c429f@group-2DA8B140AB24-LeaderElection26
2025-07-05 15:49:33,015 [a2863246-e653-4b31-a3d0-09f3a93c429f@group-2DA8B140AB24-LeaderElection26] INFO  impl.LeaderElection (LeaderElection.java:askForVotes(448)) - a2863246-e653-4b31-a3d0-09f3a93c429f@group-2DA8B140AB24-LeaderElection26 PRE_VOTE round 0: submit vote requests at term 2 for conf: {index: 1, cur=peers:[092257cb-ba5a-4f8a-9b9c-d44861eaa450|127.0.0.1:15063, d8f38f7e-70e8-450f-85ae-2cee56d3f445|127.0.0.1:15079, a2863246-e653-4b31-a3d0-09f3a93c429f|127.0.0.1:15071]|listeners:[], old=null}
2025-07-05 15:49:33,016 [a2863246-e653-4b31-a3d0-09f3a93c429f@group-2DA8B140AB24-LeaderElection26] INFO  impl.LeaderElection (LogUtils.java:infoOrTrace(142)) - a2863246-e653-4b31-a3d0-09f3a93c429f@group-2DA8B140AB24-LeaderElection26 got exception when requesting votes: java.util.concurrent.ExecutionException: org.apache.ratis.thirdparty.io.grpc.StatusRuntimeException: UNAVAILABLE: io exception
2025-07-05 15:49:33,017 [grpc-default-executor-2] WARN  server.GrpcServerProtocolService (LogUtils.java:warn(129)) - 092257cb-ba5a-4f8a-9b9c-d44861eaa450: Failed requestVote a2863246-e653-4b31-a3d0-09f3a93c429f->092257cb-ba5a-4f8a-9b9c-d44861eaa450#0
org.apache.ratis.protocol.exceptions.GroupMismatchException: 092257cb-ba5a-4f8a-9b9c-d44861eaa450: group-2DA8B140AB24 not found.
	at org.apache.ratis.server.impl.RaftServerProxy$ImplMap.get(RaftServerProxy.java:160)
	at org.apache.ratis.server.impl.RaftServerProxy.getImplFuture(RaftServerProxy.java:370)
	at org.apache.ratis.server.impl.RaftServerProxy.getImpl(RaftServerProxy.java:379)
	at org.apache.ratis.server.impl.RaftServerProxy.getImpl(RaftServerProxy.java:374)
	at org.apache.ratis.server.impl.RaftServerProxy.requestVote(RaftServerProxy.java:639)
	at org.apache.ratis.grpc.server.GrpcServerProtocolService.requestVote(GrpcServerProtocolService.java:208)
	at org.apache.ratis.proto.grpc.RaftServerProtocolServiceGrpc$MethodHandlers.invoke(RaftServerProtocolServiceGrpc.java:499)
	at org.apache.ratis.thirdparty.io.grpc.stub.ServerCalls$UnaryServerCallHandler$UnaryServerCallListener.onHalfClose(ServerCalls.java:182)
	at org.apache.ratis.thirdparty.io.grpc.internal.ServerCallImpl$ServerStreamListenerImpl.halfClosed(ServerCallImpl.java:356)
	at org.apache.ratis.thirdparty.io.grpc.internal.ServerImpl$JumpToApplicationThreadServerStreamListener$1HalfClosed.runInContext(ServerImpl.java:861)
	at org.apache.ratis.thirdparty.io.grpc.internal.ContextRunnable.run(ContextRunnable.java:37)
	at org.apache.ratis.thirdparty.io.grpc.internal.SerializingExecutor.run(SerializingExecutor.java:133)
	at java.base/java.util.concurrent.ThreadPoolExecutor.runWorker(ThreadPoolExecutor.java:1144)
	at java.base/java.util.concurrent.ThreadPoolExecutor$Worker.run(ThreadPoolExecutor.java:642)
	at java.base/java.lang.Thread.run(Thread.java:1583)
2025-07-05 15:49:33,019 [a2863246-e653-4b31-a3d0-09f3a93c429f@group-2DA8B140AB24-LeaderElection26] INFO  impl.LeaderElection (LogUtils.java:infoOrTrace(142)) - a2863246-e653-4b31-a3d0-09f3a93c429f@group-2DA8B140AB24-LeaderElection26 got exception when requesting votes: java.util.concurrent.ExecutionException: org.apache.ratis.thirdparty.io.grpc.StatusRuntimeException: INTERNAL: 092257cb-ba5a-4f8a-9b9c-d44861eaa450: group-2DA8B140AB24 not found.
2025-07-05 15:49:33,019 [a2863246-e653-4b31-a3d0-09f3a93c429f@group-2DA8B140AB24-LeaderElection26] INFO  impl.LeaderElection (LeaderElection.java:logAndReturn(206)) - a2863246-e653-4b31-a3d0-09f3a93c429f@group-2DA8B140AB24-LeaderElection26: PRE_VOTE REJECTED received 0 response(s) and 2 exception(s):
2025-07-05 15:49:33,019 [a2863246-e653-4b31-a3d0-09f3a93c429f@group-2DA8B140AB24-LeaderElection26] INFO  impl.LeaderElection (LogUtils.java:infoOrTrace(142)) -   Exception 0: java.util.concurrent.ExecutionException: org.apache.ratis.thirdparty.io.grpc.StatusRuntimeException: UNAVAILABLE: io exception
2025-07-05 15:49:33,019 [a2863246-e653-4b31-a3d0-09f3a93c429f@group-2DA8B140AB24-LeaderElection26] INFO  impl.LeaderElection (LogUtils.java:infoOrTrace(142)) -   Exception 1: java.util.concurrent.ExecutionException: org.apache.ratis.thirdparty.io.grpc.StatusRuntimeException: INTERNAL: 092257cb-ba5a-4f8a-9b9c-d44861eaa450: group-2DA8B140AB24 not found.
2025-07-05 15:49:33,019 [a2863246-e653-4b31-a3d0-09f3a93c429f@group-2DA8B140AB24-LeaderElection26] INFO  impl.LeaderElection (LeaderElection.java:askForVotes(450)) - a2863246-e653-4b31-a3d0-09f3a93c429f@group-2DA8B140AB24-LeaderElection26 PRE_VOTE round 0: result REJECTED
2025-07-05 15:49:33,019 [a2863246-e653-4b31-a3d0-09f3a93c429f@group-2DA8B140AB24-LeaderElection26] INFO  server.RaftServer$Division (RaftServerImpl.java:setRole(392)) - a2863246-e653-4b31-a3d0-09f3a93c429f@group-2DA8B140AB24: changes role from CANDIDATE to FOLLOWER at term 2 for REJECTED
2025-07-05 15:49:33,019 [a2863246-e653-4b31-a3d0-09f3a93c429f@group-2DA8B140AB24-LeaderElection26] INFO  impl.RoleInfo (RoleInfo.java:shutdownLeaderElection(141)) - a2863246-e653-4b31-a3d0-09f3a93c429f: shutdown a2863246-e653-4b31-a3d0-09f3a93c429f@group-2DA8B140AB24-LeaderElection26
2025-07-05 15:49:33,019 [a2863246-e653-4b31-a3d0-09f3a93c429f@group-2DA8B140AB24-LeaderElection26] INFO  impl.RoleInfo (RoleInfo.java:updateAndGet(148)) - a2863246-e653-4b31-a3d0-09f3a93c429f: start a2863246-e653-4b31-a3d0-09f3a93c429f@group-2DA8B140AB24-FollowerState
2025-07-05 15:49:33,921 [main] INFO  ozone.MiniOzoneClusterImpl (MiniOzoneClusterImpl.java:lambda$waitForHddsDatanodeToStop$3(312)) - Waiting on datanode to be marked stale.
2025-07-05 15:49:34,921 [main] INFO  ozone.MiniOzoneClusterImpl (MiniOzoneClusterImpl.java:lambda$waitForHddsDatanodeToStop$3(312)) - Waiting on datanode to be marked stale.
2025-07-05 15:49:35,922 [main] INFO  ozone.MiniOzoneClusterImpl (MiniOzoneClusterImpl.java:lambda$waitForHddsDatanodeToStop$3(312)) - Waiting on datanode to be marked stale.
2025-07-05 15:49:36,922 [main] INFO  ozone.MiniOzoneClusterImpl (MiniOzoneClusterImpl.java:lambda$waitForHddsDatanodeToStop$3(312)) - Waiting on datanode to be marked stale.
2025-07-05 15:49:37,600 [a2863246-e653-4b31-a3d0-09f3a93c429f@group-DDDF55466C04-FollowerState] INFO  impl.FollowerState (FollowerState.java:runImpl(161)) - a2863246-e653-4b31-a3d0-09f3a93c429f@group-DDDF55466C04-FollowerState: change to CANDIDATE, lastRpcElapsedTime:5102318406ns, electionTimeout:5102ms
2025-07-05 15:49:37,601 [a2863246-e653-4b31-a3d0-09f3a93c429f@group-DDDF55466C04-FollowerState] INFO  impl.RoleInfo (RoleInfo.java:shutdownFollowerState(121)) - a2863246-e653-4b31-a3d0-09f3a93c429f: shutdown a2863246-e653-4b31-a3d0-09f3a93c429f@group-DDDF55466C04-FollowerState
2025-07-05 15:49:37,601 [a2863246-e653-4b31-a3d0-09f3a93c429f@group-DDDF55466C04-FollowerState] INFO  server.RaftServer$Division (RaftServerImpl.java:setRole(392)) - a2863246-e653-4b31-a3d0-09f3a93c429f@group-DDDF55466C04: changes role from  FOLLOWER to CANDIDATE at term 1 for changeToCandidate
2025-07-05 15:49:37,601 [a2863246-e653-4b31-a3d0-09f3a93c429f@group-DDDF55466C04-FollowerState] INFO  impl.RoleInfo (RoleInfo.java:updateAndGet(148)) - a2863246-e653-4b31-a3d0-09f3a93c429f: start a2863246-e653-4b31-a3d0-09f3a93c429f@group-DDDF55466C04-LeaderElection27
2025-07-05 15:49:37,601 [a2863246-e653-4b31-a3d0-09f3a93c429f@group-DDDF55466C04-LeaderElection27] INFO  impl.LeaderElection (LeaderElection.java:askForVotes(448)) - a2863246-e653-4b31-a3d0-09f3a93c429f@group-DDDF55466C04-LeaderElection27 PRE_VOTE round 0: submit vote requests at term 1 for conf: {index: 0, cur=peers:[092257cb-ba5a-4f8a-9b9c-d44861eaa450|127.0.0.1:15063, d8f38f7e-70e8-450f-85ae-2cee56d3f445|127.0.0.1:15079, a2863246-e653-4b31-a3d0-09f3a93c429f|127.0.0.1:15071]|listeners:[], old=null}
2025-07-05 15:49:37,602 [a2863246-e653-4b31-a3d0-09f3a93c429f@group-DDDF55466C04-LeaderElection27] INFO  impl.LeaderElection (LogUtils.java:infoOrTrace(142)) - a2863246-e653-4b31-a3d0-09f3a93c429f@group-DDDF55466C04-LeaderElection27 got exception when requesting votes: java.util.concurrent.ExecutionException: org.apache.ratis.thirdparty.io.grpc.StatusRuntimeException: UNAVAILABLE: io exception
2025-07-05 15:49:37,603 [grpc-default-executor-2] WARN  server.GrpcServerProtocolService (LogUtils.java:warn(129)) - 092257cb-ba5a-4f8a-9b9c-d44861eaa450: Failed requestVote a2863246-e653-4b31-a3d0-09f3a93c429f->092257cb-ba5a-4f8a-9b9c-d44861eaa450#0
org.apache.ratis.protocol.exceptions.GroupMismatchException: 092257cb-ba5a-4f8a-9b9c-d44861eaa450: group-DDDF55466C04 not found.
	at org.apache.ratis.server.impl.RaftServerProxy$ImplMap.get(RaftServerProxy.java:160)
	at org.apache.ratis.server.impl.RaftServerProxy.getImplFuture(RaftServerProxy.java:370)
	at org.apache.ratis.server.impl.RaftServerProxy.getImpl(RaftServerProxy.java:379)
	at org.apache.ratis.server.impl.RaftServerProxy.getImpl(RaftServerProxy.java:374)
	at org.apache.ratis.server.impl.RaftServerProxy.requestVote(RaftServerProxy.java:639)
	at org.apache.ratis.grpc.server.GrpcServerProtocolService.requestVote(GrpcServerProtocolService.java:208)
	at org.apache.ratis.proto.grpc.RaftServerProtocolServiceGrpc$MethodHandlers.invoke(RaftServerProtocolServiceGrpc.java:499)
	at org.apache.ratis.thirdparty.io.grpc.stub.ServerCalls$UnaryServerCallHandler$UnaryServerCallListener.onHalfClose(ServerCalls.java:182)
	at org.apache.ratis.thirdparty.io.grpc.internal.ServerCallImpl$ServerStreamListenerImpl.halfClosed(ServerCallImpl.java:356)
	at org.apache.ratis.thirdparty.io.grpc.internal.ServerImpl$JumpToApplicationThreadServerStreamListener$1HalfClosed.runInContext(ServerImpl.java:861)
	at org.apache.ratis.thirdparty.io.grpc.internal.ContextRunnable.run(ContextRunnable.java:37)
	at org.apache.ratis.thirdparty.io.grpc.internal.SerializingExecutor.run(SerializingExecutor.java:133)
	at java.base/java.util.concurrent.ThreadPoolExecutor.runWorker(ThreadPoolExecutor.java:1144)
	at java.base/java.util.concurrent.ThreadPoolExecutor$Worker.run(ThreadPoolExecutor.java:642)
	at java.base/java.lang.Thread.run(Thread.java:1583)
2025-07-05 15:49:37,605 [a2863246-e653-4b31-a3d0-09f3a93c429f@group-DDDF55466C04-LeaderElection27] INFO  impl.LeaderElection (LogUtils.java:infoOrTrace(142)) - a2863246-e653-4b31-a3d0-09f3a93c429f@group-DDDF55466C04-LeaderElection27 got exception when requesting votes: java.util.concurrent.ExecutionException: org.apache.ratis.thirdparty.io.grpc.StatusRuntimeException: INTERNAL: 092257cb-ba5a-4f8a-9b9c-d44861eaa450: group-DDDF55466C04 not found.
2025-07-05 15:49:37,606 [a2863246-e653-4b31-a3d0-09f3a93c429f@group-DDDF55466C04-LeaderElection27] INFO  impl.LeaderElection (LeaderElection.java:logAndReturn(206)) - a2863246-e653-4b31-a3d0-09f3a93c429f@group-DDDF55466C04-LeaderElection27: PRE_VOTE REJECTED received 0 response(s) and 2 exception(s):
2025-07-05 15:49:37,606 [a2863246-e653-4b31-a3d0-09f3a93c429f@group-DDDF55466C04-LeaderElection27] INFO  impl.LeaderElection (LogUtils.java:infoOrTrace(142)) -   Exception 0: java.util.concurrent.ExecutionException: org.apache.ratis.thirdparty.io.grpc.StatusRuntimeException: UNAVAILABLE: io exception
2025-07-05 15:49:37,606 [a2863246-e653-4b31-a3d0-09f3a93c429f@group-DDDF55466C04-LeaderElection27] INFO  impl.LeaderElection (LogUtils.java:infoOrTrace(142)) -   Exception 1: java.util.concurrent.ExecutionException: org.apache.ratis.thirdparty.io.grpc.StatusRuntimeException: INTERNAL: 092257cb-ba5a-4f8a-9b9c-d44861eaa450: group-DDDF55466C04 not found.
2025-07-05 15:49:37,606 [a2863246-e653-4b31-a3d0-09f3a93c429f@group-DDDF55466C04-LeaderElection27] INFO  impl.LeaderElection (LeaderElection.java:askForVotes(450)) - a2863246-e653-4b31-a3d0-09f3a93c429f@group-DDDF55466C04-LeaderElection27 PRE_VOTE round 0: result REJECTED
2025-07-05 15:49:37,606 [a2863246-e653-4b31-a3d0-09f3a93c429f@group-DDDF55466C04-LeaderElection27] INFO  server.RaftServer$Division (RaftServerImpl.java:setRole(392)) - a2863246-e653-4b31-a3d0-09f3a93c429f@group-DDDF55466C04: changes role from CANDIDATE to FOLLOWER at term 1 for REJECTED
2025-07-05 15:49:37,606 [a2863246-e653-4b31-a3d0-09f3a93c429f@group-DDDF55466C04-LeaderElection27] INFO  impl.RoleInfo (RoleInfo.java:shutdownLeaderElection(141)) - a2863246-e653-4b31-a3d0-09f3a93c429f: shutdown a2863246-e653-4b31-a3d0-09f3a93c429f@group-DDDF55466C04-LeaderElection27
2025-07-05 15:49:37,606 [a2863246-e653-4b31-a3d0-09f3a93c429f@group-DDDF55466C04-LeaderElection27] INFO  impl.RoleInfo (RoleInfo.java:updateAndGet(148)) - a2863246-e653-4b31-a3d0-09f3a93c429f: start a2863246-e653-4b31-a3d0-09f3a93c429f@group-DDDF55466C04-FollowerState
2025-07-05 15:49:37,922 [main] INFO  ozone.MiniOzoneClusterImpl (MiniOzoneClusterImpl.java:lambda$waitForHddsDatanodeToStop$3(312)) - Waiting on datanode to be marked stale.
2025-07-05 15:49:38,087 [a2863246-e653-4b31-a3d0-09f3a93c429f@group-2DA8B140AB24-FollowerState] INFO  impl.FollowerState (FollowerState.java:runImpl(161)) - a2863246-e653-4b31-a3d0-09f3a93c429f@group-2DA8B140AB24-FollowerState: change to CANDIDATE, lastRpcElapsedTime:5067540919ns, electionTimeout:5067ms
2025-07-05 15:49:38,087 [a2863246-e653-4b31-a3d0-09f3a93c429f@group-2DA8B140AB24-FollowerState] INFO  impl.RoleInfo (RoleInfo.java:shutdownFollowerState(121)) - a2863246-e653-4b31-a3d0-09f3a93c429f: shutdown a2863246-e653-4b31-a3d0-09f3a93c429f@group-2DA8B140AB24-FollowerState
2025-07-05 15:49:38,087 [a2863246-e653-4b31-a3d0-09f3a93c429f@group-2DA8B140AB24-FollowerState] INFO  server.RaftServer$Division (RaftServerImpl.java:setRole(392)) - a2863246-e653-4b31-a3d0-09f3a93c429f@group-2DA8B140AB24: changes role from  FOLLOWER to CANDIDATE at term 2 for changeToCandidate
2025-07-05 15:49:38,087 [a2863246-e653-4b31-a3d0-09f3a93c429f@group-2DA8B140AB24-FollowerState] INFO  impl.RoleInfo (RoleInfo.java:updateAndGet(148)) - a2863246-e653-4b31-a3d0-09f3a93c429f: start a2863246-e653-4b31-a3d0-09f3a93c429f@group-2DA8B140AB24-LeaderElection28
2025-07-05 15:49:38,088 [a2863246-e653-4b31-a3d0-09f3a93c429f@group-2DA8B140AB24-LeaderElection28] INFO  impl.LeaderElection (LeaderElection.java:askForVotes(448)) - a2863246-e653-4b31-a3d0-09f3a93c429f@group-2DA8B140AB24-LeaderElection28 PRE_VOTE round 0: submit vote requests at term 2 for conf: {index: 1, cur=peers:[092257cb-ba5a-4f8a-9b9c-d44861eaa450|127.0.0.1:15063, d8f38f7e-70e8-450f-85ae-2cee56d3f445|127.0.0.1:15079, a2863246-e653-4b31-a3d0-09f3a93c429f|127.0.0.1:15071]|listeners:[], old=null}
2025-07-05 15:49:38,088 [a2863246-e653-4b31-a3d0-09f3a93c429f@group-2DA8B140AB24-LeaderElection28] INFO  impl.LeaderElection (LogUtils.java:infoOrTrace(142)) - a2863246-e653-4b31-a3d0-09f3a93c429f@group-2DA8B140AB24-LeaderElection28 got exception when requesting votes: java.util.concurrent.ExecutionException: org.apache.ratis.thirdparty.io.grpc.StatusRuntimeException: UNAVAILABLE: io exception
2025-07-05 15:49:38,089 [grpc-default-executor-2] WARN  server.GrpcServerProtocolService (LogUtils.java:warn(129)) - 092257cb-ba5a-4f8a-9b9c-d44861eaa450: Failed requestVote a2863246-e653-4b31-a3d0-09f3a93c429f->092257cb-ba5a-4f8a-9b9c-d44861eaa450#0
org.apache.ratis.protocol.exceptions.GroupMismatchException: 092257cb-ba5a-4f8a-9b9c-d44861eaa450: group-2DA8B140AB24 not found.
	at org.apache.ratis.server.impl.RaftServerProxy$ImplMap.get(RaftServerProxy.java:160)
	at org.apache.ratis.server.impl.RaftServerProxy.getImplFuture(RaftServerProxy.java:370)
	at org.apache.ratis.server.impl.RaftServerProxy.getImpl(RaftServerProxy.java:379)
	at org.apache.ratis.server.impl.RaftServerProxy.getImpl(RaftServerProxy.java:374)
	at org.apache.ratis.server.impl.RaftServerProxy.requestVote(RaftServerProxy.java:639)
	at org.apache.ratis.grpc.server.GrpcServerProtocolService.requestVote(GrpcServerProtocolService.java:208)
	at org.apache.ratis.proto.grpc.RaftServerProtocolServiceGrpc$MethodHandlers.invoke(RaftServerProtocolServiceGrpc.java:499)
	at org.apache.ratis.thirdparty.io.grpc.stub.ServerCalls$UnaryServerCallHandler$UnaryServerCallListener.onHalfClose(ServerCalls.java:182)
	at org.apache.ratis.thirdparty.io.grpc.internal.ServerCallImpl$ServerStreamListenerImpl.halfClosed(ServerCallImpl.java:356)
	at org.apache.ratis.thirdparty.io.grpc.internal.ServerImpl$JumpToApplicationThreadServerStreamListener$1HalfClosed.runInContext(ServerImpl.java:861)
	at org.apache.ratis.thirdparty.io.grpc.internal.ContextRunnable.run(ContextRunnable.java:37)
	at org.apache.ratis.thirdparty.io.grpc.internal.SerializingExecutor.run(SerializingExecutor.java:133)
	at java.base/java.util.concurrent.ThreadPoolExecutor.runWorker(ThreadPoolExecutor.java:1144)
	at java.base/java.util.concurrent.ThreadPoolExecutor$Worker.run(ThreadPoolExecutor.java:642)
	at java.base/java.lang.Thread.run(Thread.java:1583)
2025-07-05 15:49:38,091 [a2863246-e653-4b31-a3d0-09f3a93c429f@group-2DA8B140AB24-LeaderElection28] INFO  impl.LeaderElection (LogUtils.java:infoOrTrace(142)) - a2863246-e653-4b31-a3d0-09f3a93c429f@group-2DA8B140AB24-LeaderElection28 got exception when requesting votes: java.util.concurrent.ExecutionException: org.apache.ratis.thirdparty.io.grpc.StatusRuntimeException: INTERNAL: 092257cb-ba5a-4f8a-9b9c-d44861eaa450: group-2DA8B140AB24 not found.
2025-07-05 15:49:38,091 [a2863246-e653-4b31-a3d0-09f3a93c429f@group-2DA8B140AB24-LeaderElection28] INFO  impl.LeaderElection (LeaderElection.java:logAndReturn(206)) - a2863246-e653-4b31-a3d0-09f3a93c429f@group-2DA8B140AB24-LeaderElection28: PRE_VOTE REJECTED received 0 response(s) and 2 exception(s):
2025-07-05 15:49:38,091 [a2863246-e653-4b31-a3d0-09f3a93c429f@group-2DA8B140AB24-LeaderElection28] INFO  impl.LeaderElection (LogUtils.java:infoOrTrace(142)) -   Exception 0: java.util.concurrent.ExecutionException: org.apache.ratis.thirdparty.io.grpc.StatusRuntimeException: UNAVAILABLE: io exception
2025-07-05 15:49:38,091 [a2863246-e653-4b31-a3d0-09f3a93c429f@group-2DA8B140AB24-LeaderElection28] INFO  impl.LeaderElection (LogUtils.java:infoOrTrace(142)) -   Exception 1: java.util.concurrent.ExecutionException: org.apache.ratis.thirdparty.io.grpc.StatusRuntimeException: INTERNAL: 092257cb-ba5a-4f8a-9b9c-d44861eaa450: group-2DA8B140AB24 not found.
2025-07-05 15:49:38,091 [a2863246-e653-4b31-a3d0-09f3a93c429f@group-2DA8B140AB24-LeaderElection28] INFO  impl.LeaderElection (LeaderElection.java:askForVotes(450)) - a2863246-e653-4b31-a3d0-09f3a93c429f@group-2DA8B140AB24-LeaderElection28 PRE_VOTE round 0: result REJECTED
2025-07-05 15:49:38,091 [a2863246-e653-4b31-a3d0-09f3a93c429f@group-2DA8B140AB24-LeaderElection28] INFO  server.RaftServer$Division (RaftServerImpl.java:setRole(392)) - a2863246-e653-4b31-a3d0-09f3a93c429f@group-2DA8B140AB24: changes role from CANDIDATE to FOLLOWER at term 2 for REJECTED
2025-07-05 15:49:38,091 [a2863246-e653-4b31-a3d0-09f3a93c429f@group-2DA8B140AB24-LeaderElection28] INFO  impl.RoleInfo (RoleInfo.java:shutdownLeaderElection(141)) - a2863246-e653-4b31-a3d0-09f3a93c429f: shutdown a2863246-e653-4b31-a3d0-09f3a93c429f@group-2DA8B140AB24-LeaderElection28
2025-07-05 15:49:38,091 [a2863246-e653-4b31-a3d0-09f3a93c429f@group-2DA8B140AB24-LeaderElection28] INFO  impl.RoleInfo (RoleInfo.java:updateAndGet(148)) - a2863246-e653-4b31-a3d0-09f3a93c429f: start a2863246-e653-4b31-a3d0-09f3a93c429f@group-2DA8B140AB24-FollowerState
2025-07-05 15:49:38,922 [main] INFO  ozone.MiniOzoneClusterImpl (MiniOzoneClusterImpl.java:lambda$waitForHddsDatanodeToStop$3(312)) - Waiting on datanode to be marked stale.
2025-07-05 15:49:39,923 [main] INFO  ozone.MiniOzoneClusterImpl (MiniOzoneClusterImpl.java:lambda$waitForHddsDatanodeToStop$3(312)) - Waiting on datanode to be marked stale.
2025-07-05 15:49:40,923 [main] INFO  ozone.MiniOzoneClusterImpl (MiniOzoneClusterImpl.java:lambda$waitForHddsDatanodeToStop$3(312)) - Waiting on datanode to be marked stale.
2025-07-05 15:49:41,923 [main] INFO  ozone.MiniOzoneClusterImpl (MiniOzoneClusterImpl.java:lambda$waitForHddsDatanodeToStop$3(312)) - Waiting on datanode to be marked stale.
2025-07-05 15:49:42,660 [a2863246-e653-4b31-a3d0-09f3a93c429f@group-DDDF55466C04-FollowerState] INFO  impl.FollowerState (FollowerState.java:runImpl(161)) - a2863246-e653-4b31-a3d0-09f3a93c429f@group-DDDF55466C04-FollowerState: change to CANDIDATE, lastRpcElapsedTime:5054511892ns, electionTimeout:5054ms
2025-07-05 15:49:42,661 [a2863246-e653-4b31-a3d0-09f3a93c429f@group-DDDF55466C04-FollowerState] INFO  impl.RoleInfo (RoleInfo.java:shutdownFollowerState(121)) - a2863246-e653-4b31-a3d0-09f3a93c429f: shutdown a2863246-e653-4b31-a3d0-09f3a93c429f@group-DDDF55466C04-FollowerState
2025-07-05 15:49:42,661 [a2863246-e653-4b31-a3d0-09f3a93c429f@group-DDDF55466C04-FollowerState] INFO  server.RaftServer$Division (RaftServerImpl.java:setRole(392)) - a2863246-e653-4b31-a3d0-09f3a93c429f@group-DDDF55466C04: changes role from  FOLLOWER to CANDIDATE at term 1 for changeToCandidate
2025-07-05 15:49:42,661 [a2863246-e653-4b31-a3d0-09f3a93c429f@group-DDDF55466C04-FollowerState] INFO  impl.RoleInfo (RoleInfo.java:updateAndGet(148)) - a2863246-e653-4b31-a3d0-09f3a93c429f: start a2863246-e653-4b31-a3d0-09f3a93c429f@group-DDDF55466C04-LeaderElection29
2025-07-05 15:49:42,661 [a2863246-e653-4b31-a3d0-09f3a93c429f@group-DDDF55466C04-LeaderElection29] INFO  impl.LeaderElection (LeaderElection.java:askForVotes(448)) - a2863246-e653-4b31-a3d0-09f3a93c429f@group-DDDF55466C04-LeaderElection29 PRE_VOTE round 0: submit vote requests at term 1 for conf: {index: 0, cur=peers:[092257cb-ba5a-4f8a-9b9c-d44861eaa450|127.0.0.1:15063, d8f38f7e-70e8-450f-85ae-2cee56d3f445|127.0.0.1:15079, a2863246-e653-4b31-a3d0-09f3a93c429f|127.0.0.1:15071]|listeners:[], old=null}
2025-07-05 15:49:42,662 [a2863246-e653-4b31-a3d0-09f3a93c429f@group-DDDF55466C04-LeaderElection29] INFO  impl.LeaderElection (LogUtils.java:infoOrTrace(142)) - a2863246-e653-4b31-a3d0-09f3a93c429f@group-DDDF55466C04-LeaderElection29 got exception when requesting votes: java.util.concurrent.ExecutionException: org.apache.ratis.thirdparty.io.grpc.StatusRuntimeException: UNAVAILABLE: io exception
2025-07-05 15:49:42,662 [grpc-default-executor-4] WARN  server.GrpcServerProtocolService (LogUtils.java:warn(129)) - 092257cb-ba5a-4f8a-9b9c-d44861eaa450: Failed requestVote a2863246-e653-4b31-a3d0-09f3a93c429f->092257cb-ba5a-4f8a-9b9c-d44861eaa450#0
org.apache.ratis.protocol.exceptions.GroupMismatchException: 092257cb-ba5a-4f8a-9b9c-d44861eaa450: group-DDDF55466C04 not found.
	at org.apache.ratis.server.impl.RaftServerProxy$ImplMap.get(RaftServerProxy.java:160)
	at org.apache.ratis.server.impl.RaftServerProxy.getImplFuture(RaftServerProxy.java:370)
	at org.apache.ratis.server.impl.RaftServerProxy.getImpl(RaftServerProxy.java:379)
	at org.apache.ratis.server.impl.RaftServerProxy.getImpl(RaftServerProxy.java:374)
	at org.apache.ratis.server.impl.RaftServerProxy.requestVote(RaftServerProxy.java:639)
	at org.apache.ratis.grpc.server.GrpcServerProtocolService.requestVote(GrpcServerProtocolService.java:208)
	at org.apache.ratis.proto.grpc.RaftServerProtocolServiceGrpc$MethodHandlers.invoke(RaftServerProtocolServiceGrpc.java:499)
	at org.apache.ratis.thirdparty.io.grpc.stub.ServerCalls$UnaryServerCallHandler$UnaryServerCallListener.onHalfClose(ServerCalls.java:182)
	at org.apache.ratis.thirdparty.io.grpc.internal.ServerCallImpl$ServerStreamListenerImpl.halfClosed(ServerCallImpl.java:356)
	at org.apache.ratis.thirdparty.io.grpc.internal.ServerImpl$JumpToApplicationThreadServerStreamListener$1HalfClosed.runInContext(ServerImpl.java:861)
	at org.apache.ratis.thirdparty.io.grpc.internal.ContextRunnable.run(ContextRunnable.java:37)
	at org.apache.ratis.thirdparty.io.grpc.internal.SerializingExecutor.run(SerializingExecutor.java:133)
	at java.base/java.util.concurrent.ThreadPoolExecutor.runWorker(ThreadPoolExecutor.java:1144)
	at java.base/java.util.concurrent.ThreadPoolExecutor$Worker.run(ThreadPoolExecutor.java:642)
	at java.base/java.lang.Thread.run(Thread.java:1583)
2025-07-05 15:49:42,664 [a2863246-e653-4b31-a3d0-09f3a93c429f@group-DDDF55466C04-LeaderElection29] INFO  impl.LeaderElection (LogUtils.java:infoOrTrace(142)) - a2863246-e653-4b31-a3d0-09f3a93c429f@group-DDDF55466C04-LeaderElection29 got exception when requesting votes: java.util.concurrent.ExecutionException: org.apache.ratis.thirdparty.io.grpc.StatusRuntimeException: INTERNAL: 092257cb-ba5a-4f8a-9b9c-d44861eaa450: group-DDDF55466C04 not found.
2025-07-05 15:49:42,664 [a2863246-e653-4b31-a3d0-09f3a93c429f@group-DDDF55466C04-LeaderElection29] INFO  impl.LeaderElection (LeaderElection.java:logAndReturn(206)) - a2863246-e653-4b31-a3d0-09f3a93c429f@group-DDDF55466C04-LeaderElection29: PRE_VOTE REJECTED received 0 response(s) and 2 exception(s):
2025-07-05 15:49:42,664 [a2863246-e653-4b31-a3d0-09f3a93c429f@group-DDDF55466C04-LeaderElection29] INFO  impl.LeaderElection (LogUtils.java:infoOrTrace(142)) -   Exception 0: java.util.concurrent.ExecutionException: org.apache.ratis.thirdparty.io.grpc.StatusRuntimeException: UNAVAILABLE: io exception
2025-07-05 15:49:42,664 [a2863246-e653-4b31-a3d0-09f3a93c429f@group-DDDF55466C04-LeaderElection29] INFO  impl.LeaderElection (LogUtils.java:infoOrTrace(142)) -   Exception 1: java.util.concurrent.ExecutionException: org.apache.ratis.thirdparty.io.grpc.StatusRuntimeException: INTERNAL: 092257cb-ba5a-4f8a-9b9c-d44861eaa450: group-DDDF55466C04 not found.
2025-07-05 15:49:42,664 [a2863246-e653-4b31-a3d0-09f3a93c429f@group-DDDF55466C04-LeaderElection29] INFO  impl.LeaderElection (LeaderElection.java:askForVotes(450)) - a2863246-e653-4b31-a3d0-09f3a93c429f@group-DDDF55466C04-LeaderElection29 PRE_VOTE round 0: result REJECTED
2025-07-05 15:49:42,664 [a2863246-e653-4b31-a3d0-09f3a93c429f@group-DDDF55466C04-LeaderElection29] INFO  server.RaftServer$Division (RaftServerImpl.java:setRole(392)) - a2863246-e653-4b31-a3d0-09f3a93c429f@group-DDDF55466C04: changes role from CANDIDATE to FOLLOWER at term 1 for REJECTED
2025-07-05 15:49:42,664 [a2863246-e653-4b31-a3d0-09f3a93c429f@group-DDDF55466C04-LeaderElection29] INFO  impl.RoleInfo (RoleInfo.java:shutdownLeaderElection(141)) - a2863246-e653-4b31-a3d0-09f3a93c429f: shutdown a2863246-e653-4b31-a3d0-09f3a93c429f@group-DDDF55466C04-LeaderElection29
2025-07-05 15:49:42,664 [a2863246-e653-4b31-a3d0-09f3a93c429f@group-DDDF55466C04-LeaderElection29] INFO  impl.RoleInfo (RoleInfo.java:updateAndGet(148)) - a2863246-e653-4b31-a3d0-09f3a93c429f: start a2863246-e653-4b31-a3d0-09f3a93c429f@group-DDDF55466C04-FollowerState
2025-07-05 15:49:42,924 [main] INFO  ozone.MiniOzoneClusterImpl (MiniOzoneClusterImpl.java:lambda$waitForHddsDatanodeToStop$3(312)) - Waiting on datanode to be marked stale.
2025-07-05 15:49:43,163 [a2863246-e653-4b31-a3d0-09f3a93c429f@group-2DA8B140AB24-FollowerState] INFO  impl.FollowerState (FollowerState.java:runImpl(161)) - a2863246-e653-4b31-a3d0-09f3a93c429f@group-2DA8B140AB24-FollowerState: change to CANDIDATE, lastRpcElapsedTime:5071374817ns, electionTimeout:5071ms
2025-07-05 15:49:43,163 [a2863246-e653-4b31-a3d0-09f3a93c429f@group-2DA8B140AB24-FollowerState] INFO  impl.RoleInfo (RoleInfo.java:shutdownFollowerState(121)) - a2863246-e653-4b31-a3d0-09f3a93c429f: shutdown a2863246-e653-4b31-a3d0-09f3a93c429f@group-2DA8B140AB24-FollowerState
2025-07-05 15:49:43,163 [a2863246-e653-4b31-a3d0-09f3a93c429f@group-2DA8B140AB24-FollowerState] INFO  server.RaftServer$Division (RaftServerImpl.java:setRole(392)) - a2863246-e653-4b31-a3d0-09f3a93c429f@group-2DA8B140AB24: changes role from  FOLLOWER to CANDIDATE at term 2 for changeToCandidate
2025-07-05 15:49:43,163 [a2863246-e653-4b31-a3d0-09f3a93c429f@group-2DA8B140AB24-FollowerState] INFO  impl.RoleInfo (RoleInfo.java:updateAndGet(148)) - a2863246-e653-4b31-a3d0-09f3a93c429f: start a2863246-e653-4b31-a3d0-09f3a93c429f@group-2DA8B140AB24-LeaderElection30
2025-07-05 15:49:43,163 [a2863246-e653-4b31-a3d0-09f3a93c429f@group-2DA8B140AB24-LeaderElection30] INFO  impl.LeaderElection (LeaderElection.java:askForVotes(448)) - a2863246-e653-4b31-a3d0-09f3a93c429f@group-2DA8B140AB24-LeaderElection30 PRE_VOTE round 0: submit vote requests at term 2 for conf: {index: 1, cur=peers:[092257cb-ba5a-4f8a-9b9c-d44861eaa450|127.0.0.1:15063, d8f38f7e-70e8-450f-85ae-2cee56d3f445|127.0.0.1:15079, a2863246-e653-4b31-a3d0-09f3a93c429f|127.0.0.1:15071]|listeners:[], old=null}
2025-07-05 15:49:43,164 [a2863246-e653-4b31-a3d0-09f3a93c429f@group-2DA8B140AB24-LeaderElection30] INFO  impl.LeaderElection (LogUtils.java:infoOrTrace(142)) - a2863246-e653-4b31-a3d0-09f3a93c429f@group-2DA8B140AB24-LeaderElection30 got exception when requesting votes: java.util.concurrent.ExecutionException: org.apache.ratis.thirdparty.io.grpc.StatusRuntimeException: UNAVAILABLE: io exception
2025-07-05 15:49:43,165 [grpc-default-executor-4] WARN  server.GrpcServerProtocolService (LogUtils.java:warn(129)) - 092257cb-ba5a-4f8a-9b9c-d44861eaa450: Failed requestVote a2863246-e653-4b31-a3d0-09f3a93c429f->092257cb-ba5a-4f8a-9b9c-d44861eaa450#0
org.apache.ratis.protocol.exceptions.GroupMismatchException: 092257cb-ba5a-4f8a-9b9c-d44861eaa450: group-2DA8B140AB24 not found.
	at org.apache.ratis.server.impl.RaftServerProxy$ImplMap.get(RaftServerProxy.java:160)
	at org.apache.ratis.server.impl.RaftServerProxy.getImplFuture(RaftServerProxy.java:370)
	at org.apache.ratis.server.impl.RaftServerProxy.getImpl(RaftServerProxy.java:379)
	at org.apache.ratis.server.impl.RaftServerProxy.getImpl(RaftServerProxy.java:374)
	at org.apache.ratis.server.impl.RaftServerProxy.requestVote(RaftServerProxy.java:639)
	at org.apache.ratis.grpc.server.GrpcServerProtocolService.requestVote(GrpcServerProtocolService.java:208)
	at org.apache.ratis.proto.grpc.RaftServerProtocolServiceGrpc$MethodHandlers.invoke(RaftServerProtocolServiceGrpc.java:499)
	at org.apache.ratis.thirdparty.io.grpc.stub.ServerCalls$UnaryServerCallHandler$UnaryServerCallListener.onHalfClose(ServerCalls.java:182)
	at org.apache.ratis.thirdparty.io.grpc.internal.ServerCallImpl$ServerStreamListenerImpl.halfClosed(ServerCallImpl.java:356)
	at org.apache.ratis.thirdparty.io.grpc.internal.ServerImpl$JumpToApplicationThreadServerStreamListener$1HalfClosed.runInContext(ServerImpl.java:861)
	at org.apache.ratis.thirdparty.io.grpc.internal.ContextRunnable.run(ContextRunnable.java:37)
	at org.apache.ratis.thirdparty.io.grpc.internal.SerializingExecutor.run(SerializingExecutor.java:133)
	at java.base/java.util.concurrent.ThreadPoolExecutor.runWorker(ThreadPoolExecutor.java:1144)
	at java.base/java.util.concurrent.ThreadPoolExecutor$Worker.run(ThreadPoolExecutor.java:642)
	at java.base/java.lang.Thread.run(Thread.java:1583)
2025-07-05 15:49:43,166 [a2863246-e653-4b31-a3d0-09f3a93c429f@group-2DA8B140AB24-LeaderElection30] INFO  impl.LeaderElection (LogUtils.java:infoOrTrace(142)) - a2863246-e653-4b31-a3d0-09f3a93c429f@group-2DA8B140AB24-LeaderElection30 got exception when requesting votes: java.util.concurrent.ExecutionException: org.apache.ratis.thirdparty.io.grpc.StatusRuntimeException: INTERNAL: 092257cb-ba5a-4f8a-9b9c-d44861eaa450: group-2DA8B140AB24 not found.
2025-07-05 15:49:43,166 [a2863246-e653-4b31-a3d0-09f3a93c429f@group-2DA8B140AB24-LeaderElection30] INFO  impl.LeaderElection (LeaderElection.java:logAndReturn(206)) - a2863246-e653-4b31-a3d0-09f3a93c429f@group-2DA8B140AB24-LeaderElection30: PRE_VOTE REJECTED received 0 response(s) and 2 exception(s):
2025-07-05 15:49:43,166 [a2863246-e653-4b31-a3d0-09f3a93c429f@group-2DA8B140AB24-LeaderElection30] INFO  impl.LeaderElection (LogUtils.java:infoOrTrace(142)) -   Exception 0: java.util.concurrent.ExecutionException: org.apache.ratis.thirdparty.io.grpc.StatusRuntimeException: UNAVAILABLE: io exception
2025-07-05 15:49:43,166 [a2863246-e653-4b31-a3d0-09f3a93c429f@group-2DA8B140AB24-LeaderElection30] INFO  impl.LeaderElection (LogUtils.java:infoOrTrace(142)) -   Exception 1: java.util.concurrent.ExecutionException: org.apache.ratis.thirdparty.io.grpc.StatusRuntimeException: INTERNAL: 092257cb-ba5a-4f8a-9b9c-d44861eaa450: group-2DA8B140AB24 not found.
2025-07-05 15:49:43,166 [a2863246-e653-4b31-a3d0-09f3a93c429f@group-2DA8B140AB24-LeaderElection30] INFO  impl.LeaderElection (LeaderElection.java:askForVotes(450)) - a2863246-e653-4b31-a3d0-09f3a93c429f@group-2DA8B140AB24-LeaderElection30 PRE_VOTE round 0: result REJECTED
2025-07-05 15:49:43,167 [a2863246-e653-4b31-a3d0-09f3a93c429f@group-2DA8B140AB24-LeaderElection30] INFO  server.RaftServer$Division (RaftServerImpl.java:setRole(392)) - a2863246-e653-4b31-a3d0-09f3a93c429f@group-2DA8B140AB24: changes role from CANDIDATE to FOLLOWER at term 2 for REJECTED
2025-07-05 15:49:43,167 [a2863246-e653-4b31-a3d0-09f3a93c429f@group-2DA8B140AB24-LeaderElection30] INFO  impl.RoleInfo (RoleInfo.java:shutdownLeaderElection(141)) - a2863246-e653-4b31-a3d0-09f3a93c429f: shutdown a2863246-e653-4b31-a3d0-09f3a93c429f@group-2DA8B140AB24-LeaderElection30
2025-07-05 15:49:43,167 [a2863246-e653-4b31-a3d0-09f3a93c429f@group-2DA8B140AB24-LeaderElection30] INFO  impl.RoleInfo (RoleInfo.java:updateAndGet(148)) - a2863246-e653-4b31-a3d0-09f3a93c429f: start a2863246-e653-4b31-a3d0-09f3a93c429f@group-2DA8B140AB24-FollowerState
2025-07-05 15:49:43,924 [main] INFO  ozone.MiniOzoneClusterImpl (MiniOzoneClusterImpl.java:lambda$waitForHddsDatanodeToStop$3(312)) - Waiting on datanode to be marked stale.
2025-07-05 15:49:44,924 [main] INFO  ozone.MiniOzoneClusterImpl (MiniOzoneClusterImpl.java:lambda$waitForHddsDatanodeToStop$3(312)) - Waiting on datanode to be marked stale.
2025-07-05 15:49:45,925 [main] INFO  ozone.MiniOzoneClusterImpl (MiniOzoneClusterImpl.java:lambda$waitForHddsDatanodeToStop$3(312)) - Waiting on datanode to be marked stale.
2025-07-05 15:49:46,925 [main] INFO  ozone.MiniOzoneClusterImpl (MiniOzoneClusterImpl.java:lambda$waitForHddsDatanodeToStop$3(312)) - Waiting on datanode to be marked stale.
2025-07-05 15:49:46,958 [EventQueue-StaleNodeForStaleNodeHandler] INFO  node.StaleNodeHandler (StaleNodeHandler.java:onMessage(51)) - Datanode d8f38f7e-70e8-450f-85ae-2cee56d3f445(localhost/127.0.0.1) moved to stale state. Finalizing its pipelines [Pipeline-9e1d7ac4-d74c-4252-8298-2da8b140ab24, Pipeline-42e6736a-9a9f-49f5-be26-dddf55466c04]
2025-07-05 15:49:46,961 [EventQueue-StaleNodeForStaleNodeHandler] INFO  pipeline.PipelineManagerImpl (PipelineManagerImpl.java:closePipeline(511)) - Pipeline Pipeline-9e1d7ac4-d74c-4252-8298-2da8b140ab24 moved to CLOSED state
2025-07-05 15:49:46,963 [EventQueue-StaleNodeForStaleNodeHandler] INFO  pipeline.PipelineManagerImpl (PipelineManagerImpl.java:closePipeline(511)) - Pipeline Pipeline-42e6736a-9a9f-49f5-be26-dddf55466c04 moved to CLOSED state
2025-07-05 15:49:47,796 [a2863246-e653-4b31-a3d0-09f3a93c429f@group-DDDF55466C04-FollowerState] INFO  impl.FollowerState (FollowerState.java:runImpl(161)) - a2863246-e653-4b31-a3d0-09f3a93c429f@group-DDDF55466C04-FollowerState: change to CANDIDATE, lastRpcElapsedTime:5131439116ns, electionTimeout:5131ms
2025-07-05 15:49:47,796 [a2863246-e653-4b31-a3d0-09f3a93c429f@group-DDDF55466C04-FollowerState] INFO  impl.RoleInfo (RoleInfo.java:shutdownFollowerState(121)) - a2863246-e653-4b31-a3d0-09f3a93c429f: shutdown a2863246-e653-4b31-a3d0-09f3a93c429f@group-DDDF55466C04-FollowerState
2025-07-05 15:49:47,796 [a2863246-e653-4b31-a3d0-09f3a93c429f@group-DDDF55466C04-FollowerState] INFO  server.RaftServer$Division (RaftServerImpl.java:setRole(392)) - a2863246-e653-4b31-a3d0-09f3a93c429f@group-DDDF55466C04: changes role from  FOLLOWER to CANDIDATE at term 1 for changeToCandidate
2025-07-05 15:49:47,796 [a2863246-e653-4b31-a3d0-09f3a93c429f@group-DDDF55466C04-FollowerState] INFO  impl.RoleInfo (RoleInfo.java:updateAndGet(148)) - a2863246-e653-4b31-a3d0-09f3a93c429f: start a2863246-e653-4b31-a3d0-09f3a93c429f@group-DDDF55466C04-LeaderElection31
2025-07-05 15:49:47,797 [a2863246-e653-4b31-a3d0-09f3a93c429f@group-DDDF55466C04-LeaderElection31] INFO  impl.LeaderElection (LeaderElection.java:askForVotes(448)) - a2863246-e653-4b31-a3d0-09f3a93c429f@group-DDDF55466C04-LeaderElection31 PRE_VOTE round 0: submit vote requests at term 1 for conf: {index: 0, cur=peers:[092257cb-ba5a-4f8a-9b9c-d44861eaa450|127.0.0.1:15063, d8f38f7e-70e8-450f-85ae-2cee56d3f445|127.0.0.1:15079, a2863246-e653-4b31-a3d0-09f3a93c429f|127.0.0.1:15071]|listeners:[], old=null}
2025-07-05 15:49:47,798 [a2863246-e653-4b31-a3d0-09f3a93c429f@group-DDDF55466C04-LeaderElection31] INFO  impl.LeaderElection (LogUtils.java:infoOrTrace(142)) - a2863246-e653-4b31-a3d0-09f3a93c429f@group-DDDF55466C04-LeaderElection31 got exception when requesting votes: java.util.concurrent.ExecutionException: org.apache.ratis.thirdparty.io.grpc.StatusRuntimeException: UNAVAILABLE: io exception
2025-07-05 15:49:47,799 [grpc-default-executor-4] WARN  server.GrpcServerProtocolService (LogUtils.java:warn(129)) - 092257cb-ba5a-4f8a-9b9c-d44861eaa450: Failed requestVote a2863246-e653-4b31-a3d0-09f3a93c429f->092257cb-ba5a-4f8a-9b9c-d44861eaa450#0
org.apache.ratis.protocol.exceptions.GroupMismatchException: 092257cb-ba5a-4f8a-9b9c-d44861eaa450: group-DDDF55466C04 not found.
	at org.apache.ratis.server.impl.RaftServerProxy$ImplMap.get(RaftServerProxy.java:160)
	at org.apache.ratis.server.impl.RaftServerProxy.getImplFuture(RaftServerProxy.java:370)
	at org.apache.ratis.server.impl.RaftServerProxy.getImpl(RaftServerProxy.java:379)
	at org.apache.ratis.server.impl.RaftServerProxy.getImpl(RaftServerProxy.java:374)
	at org.apache.ratis.server.impl.RaftServerProxy.requestVote(RaftServerProxy.java:639)
	at org.apache.ratis.grpc.server.GrpcServerProtocolService.requestVote(GrpcServerProtocolService.java:208)
	at org.apache.ratis.proto.grpc.RaftServerProtocolServiceGrpc$MethodHandlers.invoke(RaftServerProtocolServiceGrpc.java:499)
	at org.apache.ratis.thirdparty.io.grpc.stub.ServerCalls$UnaryServerCallHandler$UnaryServerCallListener.onHalfClose(ServerCalls.java:182)
	at org.apache.ratis.thirdparty.io.grpc.internal.ServerCallImpl$ServerStreamListenerImpl.halfClosed(ServerCallImpl.java:356)
	at org.apache.ratis.thirdparty.io.grpc.internal.ServerImpl$JumpToApplicationThreadServerStreamListener$1HalfClosed.runInContext(ServerImpl.java:861)
	at org.apache.ratis.thirdparty.io.grpc.internal.ContextRunnable.run(ContextRunnable.java:37)
	at org.apache.ratis.thirdparty.io.grpc.internal.SerializingExecutor.run(SerializingExecutor.java:133)
	at java.base/java.util.concurrent.ThreadPoolExecutor.runWorker(ThreadPoolExecutor.java:1144)
	at java.base/java.util.concurrent.ThreadPoolExecutor$Worker.run(ThreadPoolExecutor.java:642)
	at java.base/java.lang.Thread.run(Thread.java:1583)
2025-07-05 15:49:47,801 [a2863246-e653-4b31-a3d0-09f3a93c429f@group-DDDF55466C04-LeaderElection31] INFO  impl.LeaderElection (LogUtils.java:infoOrTrace(142)) - a2863246-e653-4b31-a3d0-09f3a93c429f@group-DDDF55466C04-LeaderElection31 got exception when requesting votes: java.util.concurrent.ExecutionException: org.apache.ratis.thirdparty.io.grpc.StatusRuntimeException: INTERNAL: 092257cb-ba5a-4f8a-9b9c-d44861eaa450: group-DDDF55466C04 not found.
2025-07-05 15:49:47,801 [a2863246-e653-4b31-a3d0-09f3a93c429f@group-DDDF55466C04-LeaderElection31] INFO  impl.LeaderElection (LeaderElection.java:logAndReturn(206)) - a2863246-e653-4b31-a3d0-09f3a93c429f@group-DDDF55466C04-LeaderElection31: PRE_VOTE REJECTED received 0 response(s) and 2 exception(s):
2025-07-05 15:49:47,801 [a2863246-e653-4b31-a3d0-09f3a93c429f@group-DDDF55466C04-LeaderElection31] INFO  impl.LeaderElection (LogUtils.java:infoOrTrace(142)) -   Exception 0: java.util.concurrent.ExecutionException: org.apache.ratis.thirdparty.io.grpc.StatusRuntimeException: UNAVAILABLE: io exception
2025-07-05 15:49:47,801 [a2863246-e653-4b31-a3d0-09f3a93c429f@group-DDDF55466C04-LeaderElection31] INFO  impl.LeaderElection (LogUtils.java:infoOrTrace(142)) -   Exception 1: java.util.concurrent.ExecutionException: org.apache.ratis.thirdparty.io.grpc.StatusRuntimeException: INTERNAL: 092257cb-ba5a-4f8a-9b9c-d44861eaa450: group-DDDF55466C04 not found.
2025-07-05 15:49:47,801 [a2863246-e653-4b31-a3d0-09f3a93c429f@group-DDDF55466C04-LeaderElection31] INFO  impl.LeaderElection (LeaderElection.java:askForVotes(450)) - a2863246-e653-4b31-a3d0-09f3a93c429f@group-DDDF55466C04-LeaderElection31 PRE_VOTE round 0: result REJECTED
2025-07-05 15:49:47,801 [a2863246-e653-4b31-a3d0-09f3a93c429f@group-DDDF55466C04-LeaderElection31] INFO  server.RaftServer$Division (RaftServerImpl.java:setRole(392)) - a2863246-e653-4b31-a3d0-09f3a93c429f@group-DDDF55466C04: changes role from CANDIDATE to FOLLOWER at term 1 for REJECTED
2025-07-05 15:49:47,801 [a2863246-e653-4b31-a3d0-09f3a93c429f@group-DDDF55466C04-LeaderElection31] INFO  impl.RoleInfo (RoleInfo.java:shutdownLeaderElection(141)) - a2863246-e653-4b31-a3d0-09f3a93c429f: shutdown a2863246-e653-4b31-a3d0-09f3a93c429f@group-DDDF55466C04-LeaderElection31
2025-07-05 15:49:47,801 [a2863246-e653-4b31-a3d0-09f3a93c429f@group-DDDF55466C04-LeaderElection31] INFO  impl.RoleInfo (RoleInfo.java:updateAndGet(148)) - a2863246-e653-4b31-a3d0-09f3a93c429f: start a2863246-e653-4b31-a3d0-09f3a93c429f@group-DDDF55466C04-FollowerState
2025-07-05 15:49:47,928 [main] INFO  impl.MetricsSystemImpl (MetricsSystemImpl.java:init(158)) - HddsDatanode metrics system started (again)
2025-07-05 15:49:47,950 [main] INFO  ozone.HddsDatanodeService (HddsDatanodeService.java:start(236)) - HddsDatanodeService d8f38f7e-70e8-450f-85ae-2cee56d3f445(localhost/127.0.0.1)
2025-07-05 15:49:47,951 [main] WARN  statemachine.DatanodeConfiguration (DatanodeConfiguration.java:validateMinFreeSpace(751)) - hdds.datanode.volume.min.free.space.percent = -1.0 is invalid, should be between 0 and 1
2025-07-05 15:49:47,952 [main] INFO  upgrade.AbstractLayoutVersionManager (AbstractLayoutVersionManager.java:init(80)) - Initializing Layout version manager with metadata layout = HBASE_SUPPORT (version = 8), software layout = HBASE_SUPPORT (version = 8)
2025-07-05 15:49:47,952 [main] INFO  statemachine.DatanodeStateMachine (DatanodeStateMachine.java:getEndPointTaskThreadPoolSize(305)) - Datanode State Machine Task Thread Pool size 2
2025-07-05 15:49:47,953 [main] WARN  statemachine.DatanodeConfiguration (DatanodeConfiguration.java:validateMinFreeSpace(751)) - hdds.datanode.volume.min.free.space.percent = -1.0 is invalid, should be between 0 and 1
2025-07-05 15:49:47,953 [main] WARN  statemachine.DatanodeConfiguration (DatanodeConfiguration.java:validateMinFreeSpace(751)) - hdds.datanode.volume.min.free.space.percent = -1.0 is invalid, should be between 0 and 1
2025-07-05 15:49:47,954 [main] WARN  statemachine.DatanodeConfiguration (DatanodeConfiguration.java:validateMinFreeSpace(751)) - hdds.datanode.volume.min.free.space.percent = -1.0 is invalid, should be between 0 and 1
2025-07-05 15:49:47,954 [main] WARN  statemachine.DatanodeConfiguration (DatanodeConfiguration.java:validateMinFreeSpace(751)) - hdds.datanode.volume.min.free.space.percent = -1.0 is invalid, should be between 0 and 1
2025-07-05 15:49:47,955 [main] INFO  volume.HddsVolume (HddsVolume.java:<init>(162)) - HddsVolume: { id=DS-6318a877-94c4-4088-980a-969af943bbac dir=/home/runner/work/ozone/ozone/hadoop-ozone/integration-test/target/test-dir/MiniOzoneClusterImpl-0a3c97a5-d59a-4532-afef-c4940c4c02aa/ozone-meta/datanode-9/data-0/hdds type=DISK capacity=9222449699674390527 used=0 available=9222449699674390527 minFree=9222450130714624 committed=0 }
2025-07-05 15:49:47,956 [main] INFO  volume.MutableVolumeSet (MutableVolumeSet.java:initializeVolumeSet(167)) - Added Volume : /home/runner/work/ozone/ozone/hadoop-ozone/integration-test/target/test-dir/MiniOzoneClusterImpl-0a3c97a5-d59a-4532-afef-c4940c4c02aa/ozone-meta/datanode-9/data-0/hdds to VolumeSet
2025-07-05 15:49:47,956 [main] WARN  statemachine.DatanodeConfiguration (DatanodeConfiguration.java:validateMinFreeSpace(751)) - hdds.datanode.volume.min.free.space.percent = -1.0 is invalid, should be between 0 and 1
2025-07-05 15:49:47,956 [main] WARN  statemachine.DatanodeConfiguration (DatanodeConfiguration.java:validateMinFreeSpace(751)) - hdds.datanode.volume.min.free.space.percent = -1.0 is invalid, should be between 0 and 1
2025-07-05 15:49:47,957 [main] INFO  volume.MutableVolumeSet (MutableVolumeSet.java:initializeVolumeSet(167)) - Added Volume : /home/runner/work/ozone/ozone/hadoop-ozone/integration-test/target/test-dir/MiniOzoneClusterImpl-0a3c97a5-d59a-4532-afef-c4940c4c02aa/ozone-meta/datanode-9/ratisb55abd79-a071-44ad-9e7a-e22a0d2ff4cb to VolumeSet
2025-07-05 15:49:47,957 [main] WARN  statemachine.DatanodeConfiguration (DatanodeConfiguration.java:validateMinFreeSpace(751)) - hdds.datanode.volume.min.free.space.percent = -1.0 is invalid, should be between 0 and 1
2025-07-05 15:49:47,957 [main] WARN  statemachine.DatanodeConfiguration (DatanodeConfiguration.java:validateMinFreeSpace(751)) - hdds.datanode.volume.min.free.space.percent = -1.0 is invalid, should be between 0 and 1
2025-07-05 15:49:47,958 [ForkJoinPool.commonPool-worker-3] WARN  statemachine.DatanodeConfiguration (DatanodeConfiguration.java:validateMinFreeSpace(751)) - hdds.datanode.volume.min.free.space.percent = -1.0 is invalid, should be between 0 and 1
2025-07-05 15:49:47,959 [ForkJoinPool.commonPool-worker-3] WARN  statemachine.DatanodeConfiguration (DatanodeConfiguration.java:validateMinFreeSpace(751)) - hdds.datanode.volume.min.free.space.percent = -1.0 is invalid, should be between 0 and 1
2025-07-05 15:49:47,959 [ForkJoinPool.commonPool-worker-3] WARN  statemachine.DatanodeConfiguration (DatanodeConfiguration.java:validateMinFreeSpace(751)) - hdds.datanode.volume.min.free.space.percent = -1.0 is invalid, should be between 0 and 1
2025-07-05 15:49:47,974 [ForkJoinPool.commonPool-worker-3] INFO  utils.DatanodeStoreCache (DatanodeStoreCache.java:addDB(70)) - Added db /home/runner/work/ozone/ozone/hadoop-ozone/integration-test/target/test-dir/MiniOzoneClusterImpl-0a3c97a5-d59a-4532-afef-c4940c4c02aa/ozone-meta/datanode-9/data-0/hdds/0a3c97a5-d59a-4532-afef-c4940c4c02aa/DS-6318a877-94c4-4088-980a-969af943bbac/container.db to cache
2025-07-05 15:49:47,974 [ForkJoinPool.commonPool-worker-3] INFO  volume.HddsVolume (HddsVolume.java:loadDbStore(516)) - SchemaV3 db is loaded at /home/runner/work/ozone/ozone/hadoop-ozone/integration-test/target/test-dir/MiniOzoneClusterImpl-0a3c97a5-d59a-4532-afef-c4940c4c02aa/ozone-meta/datanode-9/data-0/hdds/0a3c97a5-d59a-4532-afef-c4940c4c02aa/DS-6318a877-94c4-4088-980a-969af943bbac/container.db for volume DS-6318a877-94c4-4088-980a-969af943bbac
2025-07-05 15:49:47,974 [main] INFO  ozoneimpl.OzoneContainer (HddsVolumeUtil.java:loadAllHddsVolumeDbStore(102)) - Load 1 volumes DbStore cost: 17ms
2025-07-05 15:49:47,975 [main] WARN  db.DBStoreBuilder (DBStoreBuilder.java:getDBDirPath(158)) - ozone.scm.datanode.id.dir is not configured. We recommend adding this setting. Falling back to ozone.metadata.dirs instead.
2025-07-05 15:49:47,975 [main] WARN  statemachine.DatanodeConfiguration (DatanodeConfiguration.java:validateMinFreeSpace(751)) - hdds.datanode.volume.min.free.space.percent = -1.0 is invalid, should be between 0 and 1
2025-07-05 15:49:47,976 [main] WARN  db.DBStoreBuilder (DBStoreBuilder.java:getDBDirPath(158)) - ozone.scm.datanode.id.dir is not configured. We recommend adding this setting. Falling back to ozone.metadata.dirs instead.
2025-07-05 15:49:47,984 [main] WARN  statemachine.DatanodeConfiguration (DatanodeConfiguration.java:validateMinFreeSpace(751)) - hdds.datanode.volume.min.free.space.percent = -1.0 is invalid, should be between 0 and 1
2025-07-05 15:49:47,984 [main] WARN  statemachine.DatanodeConfiguration (DatanodeConfiguration.java:validateMinFreeSpace(751)) - hdds.datanode.volume.min.free.space.percent = -1.0 is invalid, should be between 0 and 1
2025-07-05 15:49:47,984 [main] INFO  impl.FilePerChunkStrategy (FilePerChunkStrategy.java:<init>(79)) - ozone.chunk.read.mapped.buffer.max.count is load with 0
2025-07-05 15:49:47,985 [main] INFO  impl.FilePerBlockStrategy (FilePerBlockStrategy.java:<init>(88)) - ozone.chunk.read.mapped.buffer.max.count is load with 0
2025-07-05 15:49:47,985 [main] WARN  statemachine.DatanodeConfiguration (DatanodeConfiguration.java:validateMinFreeSpace(751)) - hdds.datanode.volume.min.free.space.percent = -1.0 is invalid, should be between 0 and 1
2025-07-05 15:49:47,986 [main] INFO  server.RaftServerConfigKeys (ConfUtils.java:logGet(62)) - raft.server.log.appender.buffer.byte-limit = 33554432 (custom)
2025-07-05 15:49:47,986 [main] INFO  grpc.GrpcConfigKeys (ConfUtils.java:logFallback(69)) - raft.grpc.admin.host = null (fallback to raft.grpc.server.host)
2025-07-05 15:49:47,987 [main] INFO  grpc.GrpcConfigKeys (ConfUtils.java:logGet(62)) - raft.grpc.admin.port = 15078 (custom)
2025-07-05 15:49:47,987 [main] INFO  grpc.GrpcConfigKeys (ConfUtils.java:logFallback(69)) - raft.grpc.client.host = null (fallback to raft.grpc.server.host)
2025-07-05 15:49:47,987 [main] INFO  grpc.GrpcConfigKeys (ConfUtils.java:logGet(62)) - raft.grpc.client.port = 15077 (custom)
2025-07-05 15:49:47,987 [main] INFO  grpc.GrpcConfigKeys (ConfUtils.java:logGet(62)) - raft.grpc.server.port = 15079 (custom)
2025-07-05 15:49:47,987 [main] INFO  server.GrpcServicesImpl (ConfUtils.java:logGet(62)) - raft.grpc.message.size.max = 34603008 (custom)
2025-07-05 15:49:47,987 [main] INFO  server.GrpcServicesImpl (ConfUtils.java:logGet(62)) - raft.grpc.flow.control.window = 5MB (=5242880) (custom)
2025-07-05 15:49:47,987 [main] INFO  server.RaftServerConfigKeys (ConfUtils.java:logGet(62)) - raft.server.log.appender.buffer.byte-limit = 33554432 (custom)
2025-07-05 15:49:47,989 [main] INFO  netty.NettyUtils (NettyUtils.java:newEventLoopGroup(74)) - Create EpollEventLoopGroup for d8f38f7e-70e8-450f-85ae-2cee56d3f445-NettyServerStreamRpc-bossGroup; Thread size is 0.
2025-07-05 15:49:47,989 [main] INFO  netty.NettyUtils (NettyUtils.java:newEventLoopGroup(74)) - Create EpollEventLoopGroup for d8f38f7e-70e8-450f-85ae-2cee56d3f445-NettyServerStreamRpc-workerGroup; Thread size is 0.
2025-07-05 15:49:47,990 [main] INFO  netty.NettyConfigKeys$DataStream (ConfUtils.java:logGet(62)) - raft.netty.dataStream.port = 15080 (custom)
2025-07-05 15:49:47,990 [main] INFO  server.RaftServerConfigKeys (ConfUtils.java:logGet(62)) - raft.server.storage.dir = [/home/runner/work/ozone/ozone/hadoop-ozone/integration-test/target/test-dir/MiniOzoneClusterImpl-0a3c97a5-d59a-4532-afef-c4940c4c02aa/ozone-meta/datanode-9/ratisb55abd79-a071-44ad-9e7a-e22a0d2ff4cb] (custom)
2025-07-05 15:49:47,990 [d8f38f7e-70e8-450f-85ae-2cee56d3f445-NettyServerStreamRpc-bossGroup--thread1] INFO  logging.LoggingHandler (AbstractInternalLogger.java:log(148)) - [id: 0x116f81a6] REGISTERED
2025-07-05 15:49:47,991 [d8f38f7e-70e8-450f-85ae-2cee56d3f445-NettyServerStreamRpc-bossGroup--thread1] INFO  logging.LoggingHandler (AbstractInternalLogger.java:log(148)) - [id: 0x116f81a6] BIND: 0.0.0.0/0.0.0.0:15080
2025-07-05 15:49:47,991 [d8f38f7e-70e8-450f-85ae-2cee56d3f445-NettyServerStreamRpc-bossGroup--thread1] INFO  logging.LoggingHandler (AbstractInternalLogger.java:log(148)) - [id: 0x116f81a6, L:/0.0.0.0:15080] ACTIVE
2025-07-05 15:49:47,991 [d8f38f7e-70e8-450f-85ae-2cee56d3f445-impl-thread1] INFO  server.RaftServer (RaftServerProxy.java:initGroupDir(270)) - d8f38f7e-70e8-450f-85ae-2cee56d3f445: found a subdirectory /home/runner/work/ozone/ozone/hadoop-ozone/integration-test/target/test-dir/MiniOzoneClusterImpl-0a3c97a5-d59a-4532-afef-c4940c4c02aa/ozone-meta/datanode-9/ratisb55abd79-a071-44ad-9e7a-e22a0d2ff4cb/tmp
2025-07-05 15:49:47,991 [d8f38f7e-70e8-450f-85ae-2cee56d3f445-impl-thread1] INFO  server.RaftServer (RaftServerProxy.java:initGroupDir(275)) - d8f38f7e-70e8-450f-85ae-2cee56d3f445: The directory /home/runner/work/ozone/ozone/hadoop-ozone/integration-test/target/test-dir/MiniOzoneClusterImpl-0a3c97a5-d59a-4532-afef-c4940c4c02aa/ozone-meta/datanode-9/ratisb55abd79-a071-44ad-9e7a-e22a0d2ff4cb/tmp is not a group directory; ignoring it. 
2025-07-05 15:49:47,991 [main] INFO  replication.ReplicationServer (ReplicationServer.java:<init>(84)) - Initializing replication server with thread count = 10 queue length = 4096
2025-07-05 15:49:47,992 [main] WARN  statemachine.DatanodeConfiguration (DatanodeConfiguration.java:validateMinFreeSpace(751)) - hdds.datanode.volume.min.free.space.percent = -1.0 is invalid, should be between 0 and 1
2025-07-05 15:49:47,992 [main] INFO  server.XceiverServerGrpc (XceiverServerGrpc.java:<init>(130)) - GrpcServer channel type EpollServerSocketChannel
2025-07-05 15:49:47,992 [main] WARN  statemachine.DatanodeConfiguration (DatanodeConfiguration.java:validateMinFreeSpace(751)) - hdds.datanode.volume.min.free.space.percent = -1.0 is invalid, should be between 0 and 1
2025-07-05 15:49:47,993 [main] INFO  replication.ReplicationSupervisor (ReplicationSupervisor.java:build(169)) - Initializing replication supervisor with thread count = 10
2025-07-05 15:49:47,993 [main] INFO  replication.ReplicationSupervisor (ReplicationSupervisor.java:nodeStateUpdated(358)) - Node state updated to IN_SERVICE, scaling executor pool size to 10
2025-07-05 15:49:47,994 [main] WARN  statemachine.DatanodeConfiguration (DatanodeConfiguration.java:validateMinFreeSpace(751)) - hdds.datanode.volume.min.free.space.percent = -1.0 is invalid, should be between 0 and 1
2025-07-05 15:49:47,996 [main] INFO  http.BaseHttpServer (BaseHttpServer.java:newHttpServer2BuilderForOzone(229)) - Starting Web-server for hddsDatanode at: http://0.0.0.0:15074
2025-07-05 15:49:47,996 [main] INFO  http.BaseHttpServer (BaseHttpServer.java:<init>(107)) - Hadoop Security Enabled: false Ozone Security Enabled: false Ozone HTTP Security Enabled: false 
2025-07-05 15:49:47,997 [main] WARN  server.AuthenticationFilter (AuthenticationFilter.java:constructSecretProvider(240)) - Unable to initialize FileSignerSecretProvider, falling back to use random secrets. Reason: Could not read signature secret file: /home/runner/hadoop-http-auth-signature-secret
2025-07-05 15:49:48,000 [main] INFO  http.HttpServer2 (HttpServer2.java:addGlobalFilter(1042)) - Added global filter 'safety' (class=org.apache.hadoop.hdds.server.http.HttpServer2$QuotingInputFilter)
2025-07-05 15:49:48,001 [main] INFO  http.HttpServer2 (HttpServer2.java:addFilter(1018)) - Added filter static_user_filter (class=org.apache.hadoop.http.lib.StaticUserWebFilter$StaticUserFilter) to context hddsDatanode
2025-07-05 15:49:48,001 [main] INFO  http.HttpServer2 (HttpServer2.java:addFilter(1026)) - Added filter static_user_filter (class=org.apache.hadoop.http.lib.StaticUserWebFilter$StaticUserFilter) to context logs
2025-07-05 15:49:48,001 [main] INFO  http.HttpServer2 (HttpServer2.java:addFilter(1026)) - Added filter static_user_filter (class=org.apache.hadoop.http.lib.StaticUserWebFilter$StaticUserFilter) to context static
2025-07-05 15:49:48,001 [main] INFO  http.BaseHttpServer (BaseHttpServer.java:<init>(195)) - HTTP server of hddsDatanode uses base directory /home/runner/work/ozone/ozone/hadoop-ozone/integration-test/target/test-dir/MiniOzoneClusterImpl-0a3c97a5-d59a-4532-afef-c4940c4c02aa/ozone-meta/datanode-9/meta/webserver
2025-07-05 15:49:48,002 [main] INFO  http.HttpServer2 (HttpServer2.java:bindListener(1242)) - Jetty bound to port 15074
2025-07-05 15:49:48,002 [main] INFO  server.Server (Server.java:doStart(375)) - jetty-9.4.57.v20241219; built: 2025-01-08T21:24:30.412Z; git: df524e6b29271c2e09ba9aea83c18dc9db464a31; jvm 21.0.7+6-LTS
2025-07-05 15:49:48,003 [main] INFO  server.session (DefaultSessionIdManager.java:doStart(334)) - DefaultSessionIdManager workerName=node0
2025-07-05 15:49:48,004 [main] INFO  server.session (DefaultSessionIdManager.java:doStart(339)) - No SessionScavenger set, using defaults
2025-07-05 15:49:48,004 [main] INFO  server.session (HouseKeeper.java:startScavenging(132)) - node0 Scavenging every 660000ms
2025-07-05 15:49:48,005 [main] INFO  handler.ContextHandler (ContextHandler.java:doStart(921)) - Started o.e.j.s.ServletContextHandler@6bf1f6a9{logs,/logs,file:///home/runner/work/ozone/ozone/hadoop-ozone/integration-test/target/log,AVAILABLE}
2025-07-05 15:49:48,005 [main] INFO  handler.ContextHandler (ContextHandler.java:doStart(921)) - Started o.e.j.s.ServletContextHandler@d2069cf{static,/static,jar:file:/home/runner/work/ozone/ozone/hadoop-hdds/container-service/target/hdds-container-service-2.1.0-SNAPSHOT.jar!/webapps/static,AVAILABLE}
2025-07-05 15:49:48,157 [main] INFO  handler.ContextHandler (ContextHandler.java:doStart(921)) - Started o.e.j.w.WebAppContext@7e44f0ae{hddsDatanode,/,file:///home/runner/work/ozone/ozone/hadoop-ozone/integration-test/target/test-dir/MiniOzoneClusterImpl-0a3c97a5-d59a-4532-afef-c4940c4c02aa/ozone-meta/datanode-9/meta/webserver/jetty-0_0_0_0-15074-hdds-container-service-2_1_0-SNAPSHOT_jar-_-any-11083381773837417253/webapp/,AVAILABLE}{jar:file:/home/runner/work/ozone/ozone/hadoop-hdds/container-service/target/hdds-container-service-2.1.0-SNAPSHOT.jar!/webapps/hddsDatanode}
2025-07-05 15:49:48,157 [main] INFO  server.AbstractConnector (AbstractConnector.java:doStart(333)) - Started ServerConnector@43443721{HTTP/1.1, (http/1.1)}{0.0.0.0:15074}
2025-07-05 15:49:48,157 [main] INFO  server.Server (Server.java:doStart(415)) - Started @95277ms
2025-07-05 15:49:48,158 [main] WARN  impl.MetricsSystemImpl (MetricsSystemImpl.java:register(279)) - Sink prometheus already exists!
2025-07-05 15:49:48,158 [main] INFO  http.BaseHttpServer (BaseHttpServer.java:updateConnectorAddress(359)) - HTTP server of hddsDatanode listening at http://localhost:15074
2025-07-05 15:49:48,158 [main] INFO  ipc.CallQueueManager (CallQueueManager.java:<init>(93)) - Using callQueue: class java.util.concurrent.LinkedBlockingQueue, queueCapacity: 1000, scheduler: class org.apache.hadoop.ipc.DefaultRpcScheduler, ipcBackoff: false, ipcFailOver: false.
2025-07-05 15:49:48,158 [main] INFO  ipc.Server (Server.java:<init>(1438)) - Listener at 0.0.0.0:15075
2025-07-05 15:49:48,159 [Socket Reader #1 for port 15075] INFO  ipc.Server (Server.java:run(1474)) - Starting Socket Reader #1 for port 15075
2025-07-05 15:49:48,159 [Socket Reader #2 for port 15075] INFO  ipc.Server (Server.java:run(1474)) - Starting Socket Reader #2 for port 15075
2025-07-05 15:49:48,160 [Socket Reader #3 for port 15075] INFO  ipc.Server (Server.java:run(1474)) - Starting Socket Reader #3 for port 15075
2025-07-05 15:49:48,160 [Socket Reader #4 for port 15075] INFO  ipc.Server (Server.java:run(1474)) - Starting Socket Reader #4 for port 15075
2025-07-05 15:49:48,160 [Socket Reader #5 for port 15075] INFO  ipc.Server (Server.java:run(1474)) - Starting Socket Reader #5 for port 15075
2025-07-05 15:49:48,161 [Socket Reader #6 for port 15075] INFO  ipc.Server (Server.java:run(1474)) - Starting Socket Reader #6 for port 15075
2025-07-05 15:49:48,161 [Socket Reader #7 for port 15075] INFO  ipc.Server (Server.java:run(1474)) - Starting Socket Reader #7 for port 15075
2025-07-05 15:49:48,162 [Socket Reader #8 for port 15075] INFO  ipc.Server (Server.java:run(1474)) - Starting Socket Reader #8 for port 15075
2025-07-05 15:49:48,162 [Socket Reader #9 for port 15075] INFO  ipc.Server (Server.java:run(1474)) - Starting Socket Reader #9 for port 15075
2025-07-05 15:49:48,162 [Socket Reader #10 for port 15075] INFO  ipc.Server (Server.java:run(1474)) - Starting Socket Reader #10 for port 15075
2025-07-05 15:49:48,165 [main] INFO  ozone.HddsDatanodeService (HddsDatanodeService.java:start(333)) - Datanode start with admins: [admin, runner]
2025-07-05 15:49:48,165 [main] INFO  ozone.HddsDatanodeClientProtocolServer (HddsDatanodeClientProtocolServer.java:start(76)) - RPC server for Client /0.0.0.0:15075
2025-07-05 15:49:48,165 [IPC Server Responder] INFO  ipc.Server (Server.java:run(1713)) - IPC Server Responder: starting
2025-07-05 15:49:48,166 [IPC Server listener on 15075] INFO  ipc.Server (Server.java:run(1553)) - IPC Server listener on 15075: starting
2025-07-05 15:49:48,167 [main] INFO  ozone.MiniOzoneClusterImpl (MiniOzoneClusterImpl.java:lambda$waitForClusterToBeReady$0(173)) - Waiting for nodes to be ready. Got 9 of 10 DN Heartbeats.
2025-07-05 15:49:48,167 [main] INFO  ozone.MiniOzoneClusterImpl (MiniOzoneClusterImpl.java:lambda$waitForClusterToBeReady$0(176)) - Cluster exits safe mode
2025-07-05 15:49:48,168 [main] INFO  ozone.MiniOzoneClusterImpl (MiniOzoneClusterImpl.java:lambda$waitForClusterToBeReady$0(178)) - SCM became leader
2025-07-05 15:49:48,168 [d8f38f7e-70e8-450f-85ae-2cee56d3f445-DatanodeStateMachineDaemonThread] INFO  statemachine.DatanodeStateMachine (DatanodeStateMachine.java:startStateMachineThread(347)) - Ozone container server started.
2025-07-05 15:49:48,172 [d8f38f7e-70e8-450f-85ae-2cee56d3f445-DatanodeStateMachineTaskThread-0] INFO  datanode.InitDatanodeState (InitDatanodeState.java:persistContainerDatanodeDetails(139)) - DatanodeDetails is persisted to /home/runner/work/ozone/ozone/hadoop-ozone/integration-test/target/test-dir/MiniOzoneClusterImpl-0a3c97a5-d59a-4532-afef-c4940c4c02aa/ozone-meta/datanode-9/meta/datanode.id
2025-07-05 15:49:48,267 [a2863246-e653-4b31-a3d0-09f3a93c429f@group-2DA8B140AB24-FollowerState] INFO  impl.FollowerState (FollowerState.java:runImpl(161)) - a2863246-e653-4b31-a3d0-09f3a93c429f@group-2DA8B140AB24-FollowerState: change to CANDIDATE, lastRpcElapsedTime:5100357819ns, electionTimeout:5100ms
2025-07-05 15:49:48,267 [a2863246-e653-4b31-a3d0-09f3a93c429f@group-2DA8B140AB24-FollowerState] INFO  impl.RoleInfo (RoleInfo.java:shutdownFollowerState(121)) - a2863246-e653-4b31-a3d0-09f3a93c429f: shutdown a2863246-e653-4b31-a3d0-09f3a93c429f@group-2DA8B140AB24-FollowerState
2025-07-05 15:49:48,267 [a2863246-e653-4b31-a3d0-09f3a93c429f@group-2DA8B140AB24-FollowerState] INFO  server.RaftServer$Division (RaftServerImpl.java:setRole(392)) - a2863246-e653-4b31-a3d0-09f3a93c429f@group-2DA8B140AB24: changes role from  FOLLOWER to CANDIDATE at term 2 for changeToCandidate
2025-07-05 15:49:48,267 [a2863246-e653-4b31-a3d0-09f3a93c429f@group-2DA8B140AB24-FollowerState] INFO  impl.RoleInfo (RoleInfo.java:updateAndGet(148)) - a2863246-e653-4b31-a3d0-09f3a93c429f: start a2863246-e653-4b31-a3d0-09f3a93c429f@group-2DA8B140AB24-LeaderElection32
2025-07-05 15:49:48,268 [a2863246-e653-4b31-a3d0-09f3a93c429f@group-2DA8B140AB24-LeaderElection32] INFO  impl.LeaderElection (LeaderElection.java:askForVotes(448)) - a2863246-e653-4b31-a3d0-09f3a93c429f@group-2DA8B140AB24-LeaderElection32 PRE_VOTE round 0: submit vote requests at term 2 for conf: {index: 1, cur=peers:[092257cb-ba5a-4f8a-9b9c-d44861eaa450|127.0.0.1:15063, d8f38f7e-70e8-450f-85ae-2cee56d3f445|127.0.0.1:15079, a2863246-e653-4b31-a3d0-09f3a93c429f|127.0.0.1:15071]|listeners:[], old=null}
2025-07-05 15:49:48,269 [a2863246-e653-4b31-a3d0-09f3a93c429f@group-2DA8B140AB24-LeaderElection32] INFO  impl.LeaderElection (LogUtils.java:infoOrTrace(142)) - a2863246-e653-4b31-a3d0-09f3a93c429f@group-2DA8B140AB24-LeaderElection32 got exception when requesting votes: java.util.concurrent.ExecutionException: org.apache.ratis.thirdparty.io.grpc.StatusRuntimeException: UNAVAILABLE: io exception
2025-07-05 15:49:48,269 [grpc-default-executor-4] WARN  server.GrpcServerProtocolService (LogUtils.java:warn(129)) - 092257cb-ba5a-4f8a-9b9c-d44861eaa450: Failed requestVote a2863246-e653-4b31-a3d0-09f3a93c429f->092257cb-ba5a-4f8a-9b9c-d44861eaa450#0
org.apache.ratis.protocol.exceptions.GroupMismatchException: 092257cb-ba5a-4f8a-9b9c-d44861eaa450: group-2DA8B140AB24 not found.
	at org.apache.ratis.server.impl.RaftServerProxy$ImplMap.get(RaftServerProxy.java:160)
	at org.apache.ratis.server.impl.RaftServerProxy.getImplFuture(RaftServerProxy.java:370)
	at org.apache.ratis.server.impl.RaftServerProxy.getImpl(RaftServerProxy.java:379)
	at org.apache.ratis.server.impl.RaftServerProxy.getImpl(RaftServerProxy.java:374)
	at org.apache.ratis.server.impl.RaftServerProxy.requestVote(RaftServerProxy.java:639)
	at org.apache.ratis.grpc.server.GrpcServerProtocolService.requestVote(GrpcServerProtocolService.java:208)
	at org.apache.ratis.proto.grpc.RaftServerProtocolServiceGrpc$MethodHandlers.invoke(RaftServerProtocolServiceGrpc.java:499)
	at org.apache.ratis.thirdparty.io.grpc.stub.ServerCalls$UnaryServerCallHandler$UnaryServerCallListener.onHalfClose(ServerCalls.java:182)
	at org.apache.ratis.thirdparty.io.grpc.internal.ServerCallImpl$ServerStreamListenerImpl.halfClosed(ServerCallImpl.java:356)
	at org.apache.ratis.thirdparty.io.grpc.internal.ServerImpl$JumpToApplicationThreadServerStreamListener$1HalfClosed.runInContext(ServerImpl.java:861)
	at org.apache.ratis.thirdparty.io.grpc.internal.ContextRunnable.run(ContextRunnable.java:37)
	at org.apache.ratis.thirdparty.io.grpc.internal.SerializingExecutor.run(SerializingExecutor.java:133)
	at java.base/java.util.concurrent.ThreadPoolExecutor.runWorker(ThreadPoolExecutor.java:1144)
	at java.base/java.util.concurrent.ThreadPoolExecutor$Worker.run(ThreadPoolExecutor.java:642)
	at java.base/java.lang.Thread.run(Thread.java:1583)
2025-07-05 15:49:48,271 [a2863246-e653-4b31-a3d0-09f3a93c429f@group-2DA8B140AB24-LeaderElection32] INFO  impl.LeaderElection (LogUtils.java:infoOrTrace(142)) - a2863246-e653-4b31-a3d0-09f3a93c429f@group-2DA8B140AB24-LeaderElection32 got exception when requesting votes: java.util.concurrent.ExecutionException: org.apache.ratis.thirdparty.io.grpc.StatusRuntimeException: INTERNAL: 092257cb-ba5a-4f8a-9b9c-d44861eaa450: group-2DA8B140AB24 not found.
2025-07-05 15:49:48,271 [a2863246-e653-4b31-a3d0-09f3a93c429f@group-2DA8B140AB24-LeaderElection32] INFO  impl.LeaderElection (LeaderElection.java:logAndReturn(206)) - a2863246-e653-4b31-a3d0-09f3a93c429f@group-2DA8B140AB24-LeaderElection32: PRE_VOTE REJECTED received 0 response(s) and 2 exception(s):
2025-07-05 15:49:48,271 [a2863246-e653-4b31-a3d0-09f3a93c429f@group-2DA8B140AB24-LeaderElection32] INFO  impl.LeaderElection (LogUtils.java:infoOrTrace(142)) -   Exception 0: java.util.concurrent.ExecutionException: org.apache.ratis.thirdparty.io.grpc.StatusRuntimeException: UNAVAILABLE: io exception
2025-07-05 15:49:48,271 [a2863246-e653-4b31-a3d0-09f3a93c429f@group-2DA8B140AB24-LeaderElection32] INFO  impl.LeaderElection (LogUtils.java:infoOrTrace(142)) -   Exception 1: java.util.concurrent.ExecutionException: org.apache.ratis.thirdparty.io.grpc.StatusRuntimeException: INTERNAL: 092257cb-ba5a-4f8a-9b9c-d44861eaa450: group-2DA8B140AB24 not found.
2025-07-05 15:49:48,271 [a2863246-e653-4b31-a3d0-09f3a93c429f@group-2DA8B140AB24-LeaderElection32] INFO  impl.LeaderElection (LeaderElection.java:askForVotes(450)) - a2863246-e653-4b31-a3d0-09f3a93c429f@group-2DA8B140AB24-LeaderElection32 PRE_VOTE round 0: result REJECTED
2025-07-05 15:49:48,271 [a2863246-e653-4b31-a3d0-09f3a93c429f@group-2DA8B140AB24-LeaderElection32] INFO  server.RaftServer$Division (RaftServerImpl.java:setRole(392)) - a2863246-e653-4b31-a3d0-09f3a93c429f@group-2DA8B140AB24: changes role from CANDIDATE to FOLLOWER at term 2 for REJECTED
2025-07-05 15:49:48,271 [a2863246-e653-4b31-a3d0-09f3a93c429f@group-2DA8B140AB24-LeaderElection32] INFO  impl.RoleInfo (RoleInfo.java:shutdownLeaderElection(141)) - a2863246-e653-4b31-a3d0-09f3a93c429f: shutdown a2863246-e653-4b31-a3d0-09f3a93c429f@group-2DA8B140AB24-LeaderElection32
2025-07-05 15:49:48,271 [a2863246-e653-4b31-a3d0-09f3a93c429f@group-2DA8B140AB24-LeaderElection32] INFO  impl.RoleInfo (RoleInfo.java:updateAndGet(148)) - a2863246-e653-4b31-a3d0-09f3a93c429f: start a2863246-e653-4b31-a3d0-09f3a93c429f@group-2DA8B140AB24-FollowerState
2025-07-05 15:49:48,672 [d8f38f7e-70e8-450f-85ae-2cee56d3f445-ContainerReader-0] INFO  ozoneimpl.ContainerReader (ContainerReader.java:readVolume(144)) - Start to verify containers on volume /home/runner/work/ozone/ozone/hadoop-ozone/integration-test/target/test-dir/MiniOzoneClusterImpl-0a3c97a5-d59a-4532-afef-c4940c4c02aa/ozone-meta/datanode-9/data-0/hdds
2025-07-05 15:49:48,676 [d8f38f7e-70e8-450f-85ae-2cee56d3f445-ContainerReader-0] WARN  statemachine.DatanodeConfiguration (DatanodeConfiguration.java:validateMinFreeSpace(751)) - hdds.datanode.volume.min.free.space.percent = -1.0 is invalid, should be between 0 and 1
2025-07-05 15:49:48,677 [d8f38f7e-70e8-450f-85ae-2cee56d3f445-ContainerReader-0] WARN  helpers.KeyValueContainerUtil (KeyValueContainerUtil.java:populateContainerMetadata(323)) - Missing pendingDeleteBlockCount from metadata: recalculate them from block table
2025-07-05 15:49:48,680 [d8f38f7e-70e8-450f-85ae-2cee56d3f445-ContainerReader-0] WARN  statemachine.DatanodeConfiguration (DatanodeConfiguration.java:validateMinFreeSpace(751)) - hdds.datanode.volume.min.free.space.percent = -1.0 is invalid, should be between 0 and 1
2025-07-05 15:49:48,680 [d8f38f7e-70e8-450f-85ae-2cee56d3f445-ContainerReader-0] INFO  ozoneimpl.ContainerReader (ContainerReader.java:readVolume(174)) - Finish verifying containers on volume /home/runner/work/ozone/ozone/hadoop-ozone/integration-test/target/test-dir/MiniOzoneClusterImpl-0a3c97a5-d59a-4532-afef-c4940c4c02aa/ozone-meta/datanode-9/data-0/hdds
2025-07-05 15:49:48,681 [d8f38f7e-70e8-450f-85ae-2cee56d3f445-EndpointStateMachineTaskThread-/0.0.0.0:15002-0 ] INFO  ozoneimpl.OzoneContainer (OzoneContainer.java:buildContainerSet(370)) - Build ContainerSet costs 0s
2025-07-05 15:49:48,681 [d8f38f7e-70e8-450f-85ae-2cee56d3f445-EndpointStateMachineTaskThread-/0.0.0.0:15002-0 ] INFO  volume.ThrottledAsyncChecker (ThrottledAsyncChecker.java:schedule(138)) - Scheduling a check for /home/runner/work/ozone/ozone/hadoop-ozone/integration-test/target/test-dir/MiniOzoneClusterImpl-0a3c97a5-d59a-4532-afef-c4940c4c02aa/ozone-meta/datanode-9/data-0/hdds
2025-07-05 15:49:48,681 [d8f38f7e-70e8-450f-85ae-2cee56d3f445-EndpointStateMachineTaskThread-/0.0.0.0:15002-0 ] INFO  volume.StorageVolumeChecker (StorageVolumeChecker.java:checkAllVolumes(215)) - Scheduled health check for volume /home/runner/work/ozone/ozone/hadoop-ozone/integration-test/target/test-dir/MiniOzoneClusterImpl-0a3c97a5-d59a-4532-afef-c4940c4c02aa/ozone-meta/datanode-9/data-0/hdds
2025-07-05 15:49:48,685 [d8f38f7e-70e8-450f-85ae-2cee56d3f445-EndpointStateMachineTaskThread-/0.0.0.0:15002-0 ] INFO  volume.ThrottledAsyncChecker (ThrottledAsyncChecker.java:schedule(138)) - Scheduling a check for /home/runner/work/ozone/ozone/hadoop-ozone/integration-test/target/test-dir/MiniOzoneClusterImpl-0a3c97a5-d59a-4532-afef-c4940c4c02aa/ozone-meta/datanode-9/ratisb55abd79-a071-44ad-9e7a-e22a0d2ff4cb
2025-07-05 15:49:48,685 [d8f38f7e-70e8-450f-85ae-2cee56d3f445-EndpointStateMachineTaskThread-/0.0.0.0:15002-0 ] INFO  volume.StorageVolumeChecker (StorageVolumeChecker.java:checkAllVolumes(215)) - Scheduled health check for volume /home/runner/work/ozone/ozone/hadoop-ozone/integration-test/target/test-dir/MiniOzoneClusterImpl-0a3c97a5-d59a-4532-afef-c4940c4c02aa/ozone-meta/datanode-9/ratisb55abd79-a071-44ad-9e7a-e22a0d2ff4cb
2025-07-05 15:49:48,686 [d8f38f7e-70e8-450f-85ae-2cee56d3f445-EndpointStateMachineTaskThread-/0.0.0.0:15002-0 ] INFO  ozoneimpl.OzoneContainer (OzoneContainer.java:start(520)) - Attempting to start container services.
2025-07-05 15:49:48,687 [ContainerMetadataScanner] INFO  ozoneimpl.AbstractBackgroundContainerScanner (AbstractBackgroundContainerScanner.java:runIteration(89)) - Completed an iteration in 0 minutes. Number of iterations (since the data-node restart) : 1, Number of containers scanned in this iteration : 0, Number of unhealthy containers found in this iteration : 0
2025-07-05 15:49:48,688 [ContainerDataScanner(/home/runner/work/ozone/ozone/hadoop-ozone/integration-test/target/test-dir/MiniOzoneClusterImpl-0a3c97a5-d59a-4532-afef-c4940c4c02aa/ozone-meta/datanode-9/data-0/hdds)] INFO  ozoneimpl.AbstractBackgroundContainerScanner (AbstractBackgroundContainerScanner.java:runIteration(89)) - Completed an iteration in 0 minutes. Number of iterations (since the data-node restart) : 1, Number of containers scanned in this iteration : 0, Number of unhealthy containers found in this iteration : 0
2025-07-05 15:49:48,688 [d8f38f7e-70e8-450f-85ae-2cee56d3f445-EndpointStateMachineTaskThread-/0.0.0.0:15002-0 ] INFO  replication.ReplicationServer (ReplicationServer.java:start(137)) - ReplicationServer is started using port 15081
2025-07-05 15:49:48,688 [d8f38f7e-70e8-450f-85ae-2cee56d3f445-EndpointStateMachineTaskThread-/0.0.0.0:15002-0 ] INFO  ratis.XceiverServerRatis (XceiverServerRatis.java:start(559)) - Starting XceiverServerRatis(d8f38f7e-70e8-450f-85ae-2cee56d3f445)
2025-07-05 15:49:48,689 [d8f38f7e-70e8-450f-85ae-2cee56d3f445-EndpointStateMachineTaskThread-/0.0.0.0:15002-0 ] INFO  server.RaftServer (RaftServerProxy.java:startImpl(412)) - d8f38f7e-70e8-450f-85ae-2cee56d3f445: start RPC server
2025-07-05 15:49:48,689 [d8f38f7e-70e8-450f-85ae-2cee56d3f445-EndpointStateMachineTaskThread-/0.0.0.0:15002-0 ] INFO  server.GrpcServicesImpl (GrpcServicesImpl.java:startImpl(346)) - d8f38f7e-70e8-450f-85ae-2cee56d3f445: GrpcServicesImpl started, listening on 15077
2025-07-05 15:49:48,689 [d8f38f7e-70e8-450f-85ae-2cee56d3f445-EndpointStateMachineTaskThread-/0.0.0.0:15002-0 ] INFO  server.GrpcServicesImpl (GrpcServicesImpl.java:startImpl(346)) - d8f38f7e-70e8-450f-85ae-2cee56d3f445: GrpcServicesImpl started, listening on 15079
2025-07-05 15:49:48,690 [d8f38f7e-70e8-450f-85ae-2cee56d3f445-EndpointStateMachineTaskThread-/0.0.0.0:15002-0 ] INFO  server.GrpcServicesImpl (GrpcServicesImpl.java:startImpl(346)) - d8f38f7e-70e8-450f-85ae-2cee56d3f445: GrpcServicesImpl started, listening on 15078
2025-07-05 15:49:48,690 [d8f38f7e-70e8-450f-85ae-2cee56d3f445-EndpointStateMachineTaskThread-/0.0.0.0:15002-0 ] INFO  ratis.XceiverServerRatis (XceiverServerRatis.java:getRealPort(586)) - XceiverServerRatis(d8f38f7e-70e8-450f-85ae-2cee56d3f445) is started using port RATIS=15077
2025-07-05 15:49:48,690 [JvmPauseMonitor14] INFO  util.JvmPauseMonitor (JvmPauseMonitor.java:run(146)) - JvmPauseMonitor-d8f38f7e-70e8-450f-85ae-2cee56d3f445: Started
2025-07-05 15:49:48,690 [d8f38f7e-70e8-450f-85ae-2cee56d3f445-EndpointStateMachineTaskThread-/0.0.0.0:15002-0 ] INFO  ratis.XceiverServerRatis (XceiverServerRatis.java:getRealPort(586)) - XceiverServerRatis(d8f38f7e-70e8-450f-85ae-2cee56d3f445) is started using port RATIS_ADMIN=15078
2025-07-05 15:49:48,690 [d8f38f7e-70e8-450f-85ae-2cee56d3f445-EndpointStateMachineTaskThread-/0.0.0.0:15002-0 ] INFO  ratis.XceiverServerRatis (XceiverServerRatis.java:getRealPort(586)) - XceiverServerRatis(d8f38f7e-70e8-450f-85ae-2cee56d3f445) is started using port RATIS_SERVER=15079
2025-07-05 15:49:48,690 [d8f38f7e-70e8-450f-85ae-2cee56d3f445-EndpointStateMachineTaskThread-/0.0.0.0:15002-0 ] INFO  ratis.XceiverServerRatis (XceiverServerRatis.java:getRealPort(586)) - XceiverServerRatis(d8f38f7e-70e8-450f-85ae-2cee56d3f445) is started using port RATIS_DATASTREAM=15080
2025-07-05 15:49:48,691 [d8f38f7e-70e8-450f-85ae-2cee56d3f445-EndpointStateMachineTaskThread-/0.0.0.0:15002-0 ] INFO  utils.BackgroundService (BackgroundService.java:start(118)) - Starting service BlockDeletingService with interval 60000 milliseconds
2025-07-05 15:49:48,691 [d8f38f7e-70e8-450f-85ae-2cee56d3f445-EndpointStateMachineTaskThread-/0.0.0.0:15002-0 ] INFO  utils.BackgroundService (BackgroundService.java:start(118)) - Starting service StaleRecoveringContainerScrubbingService with interval 60000 milliseconds
2025-07-05 15:49:49,168 [main] INFO  ozone.MiniOzoneClusterImpl (MiniOzoneClusterImpl.java:lambda$waitForClusterToBeReady$0(173)) - Waiting for nodes to be ready. Got 9 of 10 DN Heartbeats.
2025-07-05 15:49:49,168 [main] INFO  ozone.MiniOzoneClusterImpl (MiniOzoneClusterImpl.java:lambda$waitForClusterToBeReady$0(176)) - Cluster exits safe mode
2025-07-05 15:49:49,168 [main] INFO  ozone.MiniOzoneClusterImpl (MiniOzoneClusterImpl.java:lambda$waitForClusterToBeReady$0(178)) - SCM became leader
2025-07-05 15:49:49,763 [EventQueue-HealthyReadonlyNodeForHealthyReadOnlyNodeHandler] INFO  node.HealthyReadOnlyNodeHandler (HealthyReadOnlyNodeHandler.java:onMessage(54)) - Datanode d8f38f7e-70e8-450f-85ae-2cee56d3f445(localhost/127.0.0.1) moved to HEALTHY READONLY state.
2025-07-05 15:49:49,763 [EventQueue-HealthyReadonlyNodeForHealthyReadOnlyNodeHandler] INFO  node.HealthyReadOnlyNodeHandler (HealthyReadOnlyNodeHandler.java:onMessage(86)) - Sending close command for pipeline Pipeline-9e1d7ac4-d74c-4252-8298-2da8b140ab24 in state CLOSED which uses HEALTHY_READONLY datanode d8f38f7e-70e8-450f-85ae-2cee56d3f445(localhost/127.0.0.1). This will send close commands for its containers.
2025-07-05 15:49:49,763 [EventQueue-HealthyReadonlyNodeForHealthyReadOnlyNodeHandler] INFO  node.HealthyReadOnlyNodeHandler (HealthyReadOnlyNodeHandler.java:onMessage(86)) - Sending close command for pipeline Pipeline-42e6736a-9a9f-49f5-be26-dddf55466c04 in state CLOSED which uses HEALTHY_READONLY datanode d8f38f7e-70e8-450f-85ae-2cee56d3f445(localhost/127.0.0.1). This will send close commands for its containers.
2025-07-05 15:49:49,863 [EventQueue-HealthyReadonlyToHealthyNodeForReadOnlyHealthyToHealthyNodeHandler] INFO  node.ReadOnlyHealthyToHealthyNodeHandler (ReadOnlyHealthyToHealthyNodeHandler.java:onMessage(46)) - Datanode d8f38f7e-70e8-450f-85ae-2cee56d3f445(localhost/127.0.0.1) moved to HEALTHY state.
2025-07-05 15:49:49,863 [EventQueue-HealthyReadonlyToHealthyNodeForReadOnlyHealthyToHealthyNodeHandler] INFO  pipeline.BackgroundPipelineCreator (BackgroundPipelineCreator.java:notifyEventTriggered(290)) - trigger a one-shot run on RatisPipelineUtilsThread.
2025-07-05 15:49:49,864 [RatisPipelineUtilsThread-0] INFO  pipeline.RatisPipelineProvider (RatisPipelineProvider.java:lambda$create$0(208)) - Sending CreatePipelineCommand for pipeline:Pipeline-e1a99a75-cfe6-42dd-ae26-1f3c8bbfb073 to datanode:092257cb-ba5a-4f8a-9b9c-d44861eaa450(localhost/127.0.0.1)
2025-07-05 15:49:49,866 [RatisPipelineUtilsThread-0] INFO  pipeline.BackgroundPipelineCreator (BackgroundPipelineCreator.java:createPipelines(246)) - Created new pipeline Pipeline{ Id: e1a99a75-cfe6-42dd-ae26-1f3c8bbfb073, Nodes: [ {092257cb-ba5a-4f8a-9b9c-d44861eaa450(localhost/127.0.0.1), ReplicaIndex: 0},], ReplicationConfig: RATIS/ONE, State:ALLOCATED, leaderId:, CreationTimestamp2025-07-05T15:49:49.864396380Z[Etc/UTC]}
2025-07-05 15:49:49,867 [RatisPipelineUtilsThread-0] INFO  pipeline.RatisPipelineProvider (RatisPipelineProvider.java:lambda$create$0(208)) - Sending CreatePipelineCommand for pipeline:Pipeline-afa26ae6-829f-4a8f-918e-f05856020fda to datanode:2e56514c-0608-4198-9fed-b4eba4d3d686(localhost/127.0.0.1)
2025-07-05 15:49:49,867 [RatisPipelineUtilsThread-0] INFO  pipeline.RatisPipelineProvider (RatisPipelineProvider.java:lambda$create$0(208)) - Sending CreatePipelineCommand for pipeline:Pipeline-afa26ae6-829f-4a8f-918e-f05856020fda to datanode:16b3a642-386d-4aa9-ba22-a20b8f52ec18(localhost/127.0.0.1)
2025-07-05 15:49:49,867 [RatisPipelineUtilsThread-0] INFO  pipeline.RatisPipelineProvider (RatisPipelineProvider.java:lambda$create$0(208)) - Sending CreatePipelineCommand for pipeline:Pipeline-afa26ae6-829f-4a8f-918e-f05856020fda to datanode:a2863246-e653-4b31-a3d0-09f3a93c429f(localhost/127.0.0.1)
2025-07-05 15:49:49,869 [RatisPipelineUtilsThread-0] INFO  pipeline.BackgroundPipelineCreator (BackgroundPipelineCreator.java:createPipelines(246)) - Created new pipeline Pipeline{ Id: afa26ae6-829f-4a8f-918e-f05856020fda, Nodes: [ {2e56514c-0608-4198-9fed-b4eba4d3d686(localhost/127.0.0.1), ReplicaIndex: 0}, {16b3a642-386d-4aa9-ba22-a20b8f52ec18(localhost/127.0.0.1), ReplicaIndex: 0}, {a2863246-e653-4b31-a3d0-09f3a93c429f(localhost/127.0.0.1), ReplicaIndex: 0},], ReplicationConfig: RATIS/THREE, State:ALLOCATED, leaderId:, CreationTimestamp2025-07-05T15:49:49.867270262Z[Etc/UTC]}
2025-07-05 15:49:49,869 [RatisPipelineUtilsThread-0] INFO  pipeline.RatisPipelineProvider (RatisPipelineProvider.java:lambda$create$0(208)) - Sending CreatePipelineCommand for pipeline:Pipeline-c15a027b-6e13-4476-8ffe-c8396b1fe663 to datanode:d8f38f7e-70e8-450f-85ae-2cee56d3f445(localhost/127.0.0.1)
2025-07-05 15:49:49,871 [RatisPipelineUtilsThread-0] INFO  pipeline.BackgroundPipelineCreator (BackgroundPipelineCreator.java:createPipelines(246)) - Created new pipeline Pipeline{ Id: c15a027b-6e13-4476-8ffe-c8396b1fe663, Nodes: [ {d8f38f7e-70e8-450f-85ae-2cee56d3f445(localhost/127.0.0.1), ReplicaIndex: 0},], ReplicationConfig: RATIS/ONE, State:ALLOCATED, leaderId:, CreationTimestamp2025-07-05T15:49:49.869494559Z[Etc/UTC]}
2025-07-05 15:49:49,871 [RatisPipelineUtilsThread-0] INFO  pipeline.RatisPipelineProvider (RatisPipelineProvider.java:lambda$create$0(208)) - Sending CreatePipelineCommand for pipeline:Pipeline-455ba6d2-49b4-4087-b798-d83282efd40f to datanode:16b3a642-386d-4aa9-ba22-a20b8f52ec18(localhost/127.0.0.1)
2025-07-05 15:49:49,871 [RatisPipelineUtilsThread-0] INFO  pipeline.RatisPipelineProvider (RatisPipelineProvider.java:lambda$create$0(208)) - Sending CreatePipelineCommand for pipeline:Pipeline-455ba6d2-49b4-4087-b798-d83282efd40f to datanode:a2863246-e653-4b31-a3d0-09f3a93c429f(localhost/127.0.0.1)
2025-07-05 15:49:49,871 [RatisPipelineUtilsThread-0] INFO  pipeline.RatisPipelineProvider (RatisPipelineProvider.java:lambda$create$0(208)) - Sending CreatePipelineCommand for pipeline:Pipeline-455ba6d2-49b4-4087-b798-d83282efd40f to datanode:092257cb-ba5a-4f8a-9b9c-d44861eaa450(localhost/127.0.0.1)
2025-07-05 15:49:49,872 [a2863246-e653-4b31-a3d0-09f3a93c429f-PipelineCommandHandlerThread-0] INFO  server.RaftServer (RaftServerProxy.java:addNew(105)) - a2863246-e653-4b31-a3d0-09f3a93c429f: addNew group-F05856020FDA:[16b3a642-386d-4aa9-ba22-a20b8f52ec18|127.0.0.1:15087, 2e56514c-0608-4198-9fed-b4eba4d3d686|127.0.0.1:15039, a2863246-e653-4b31-a3d0-09f3a93c429f|127.0.0.1:15071] returns group-F05856020FDA:java.util.concurrent.CompletableFuture@31bc66e9[Not completed]
2025-07-05 15:49:49,873 [RatisPipelineUtilsThread-0] INFO  pipeline.BackgroundPipelineCreator (BackgroundPipelineCreator.java:createPipelines(246)) - Created new pipeline Pipeline{ Id: 455ba6d2-49b4-4087-b798-d83282efd40f, Nodes: [ {16b3a642-386d-4aa9-ba22-a20b8f52ec18(localhost/127.0.0.1), ReplicaIndex: 0}, {a2863246-e653-4b31-a3d0-09f3a93c429f(localhost/127.0.0.1), ReplicaIndex: 0}, {092257cb-ba5a-4f8a-9b9c-d44861eaa450(localhost/127.0.0.1), ReplicaIndex: 0},], ReplicationConfig: RATIS/THREE, State:ALLOCATED, leaderId:, CreationTimestamp2025-07-05T15:49:49.871663253Z[Etc/UTC]}
2025-07-05 15:49:49,874 [RatisPipelineUtilsThread-0] INFO  pipeline.RatisPipelineProvider (RatisPipelineProvider.java:lambda$create$0(208)) - Sending CreatePipelineCommand for pipeline:Pipeline-3c3a4226-aaed-4bee-8b41-3b2717cc98e7 to datanode:d8f38f7e-70e8-450f-85ae-2cee56d3f445(localhost/127.0.0.1)
2025-07-05 15:49:49,874 [RatisPipelineUtilsThread-0] INFO  pipeline.RatisPipelineProvider (RatisPipelineProvider.java:lambda$create$0(208)) - Sending CreatePipelineCommand for pipeline:Pipeline-3c3a4226-aaed-4bee-8b41-3b2717cc98e7 to datanode:d3a92f5c-9e4a-48c5-9a32-2f34a6e85eb8(localhost/127.0.0.1)
2025-07-05 15:49:49,874 [RatisPipelineUtilsThread-0] INFO  pipeline.RatisPipelineProvider (RatisPipelineProvider.java:lambda$create$0(208)) - Sending CreatePipelineCommand for pipeline:Pipeline-3c3a4226-aaed-4bee-8b41-3b2717cc98e7 to datanode:694b616d-7f52-4b82-b07e-10398eb153c5(localhost/127.0.0.1)
2025-07-05 15:49:49,874 [a2863246-e653-4b31-a3d0-09f3a93c429f-groupManagement] WARN  statemachine.DatanodeConfiguration (DatanodeConfiguration.java:validateMinFreeSpace(751)) - hdds.datanode.volume.min.free.space.percent = -1.0 is invalid, should be between 0 and 1
2025-07-05 15:49:49,874 [a2863246-e653-4b31-a3d0-09f3a93c429f-groupManagement] INFO  server.RaftServer$Division (RaftServerImpl.java:<init>(268)) - a2863246-e653-4b31-a3d0-09f3a93c429f: new RaftServerImpl for group-F05856020FDA:[16b3a642-386d-4aa9-ba22-a20b8f52ec18|127.0.0.1:15087, 2e56514c-0608-4198-9fed-b4eba4d3d686|127.0.0.1:15039, a2863246-e653-4b31-a3d0-09f3a93c429f|127.0.0.1:15071] with ContainerStateMachine:uninitialized
2025-07-05 15:49:49,874 [a2863246-e653-4b31-a3d0-09f3a93c429f-groupManagement] INFO  server.RaftServer$Division (ServerState.java:<init>(114)) - a2863246-e653-4b31-a3d0-09f3a93c429f@group-F05856020FDA: ConfigurationManager, init=conf: {index: -1, cur=peers:[16b3a642-386d-4aa9-ba22-a20b8f52ec18|127.0.0.1:15087, 2e56514c-0608-4198-9fed-b4eba4d3d686|127.0.0.1:15039, a2863246-e653-4b31-a3d0-09f3a93c429f|127.0.0.1:15071]|listeners:[], old=null}, confs=<EMPTY_MAP>
2025-07-05 15:49:49,875 [RatisPipelineUtilsThread-0] INFO  pipeline.BackgroundPipelineCreator (BackgroundPipelineCreator.java:createPipelines(246)) - Created new pipeline Pipeline{ Id: 3c3a4226-aaed-4bee-8b41-3b2717cc98e7, Nodes: [ {d8f38f7e-70e8-450f-85ae-2cee56d3f445(localhost/127.0.0.1), ReplicaIndex: 0}, {d3a92f5c-9e4a-48c5-9a32-2f34a6e85eb8(localhost/127.0.0.1), ReplicaIndex: 0}, {694b616d-7f52-4b82-b07e-10398eb153c5(localhost/127.0.0.1), ReplicaIndex: 0},], ReplicationConfig: RATIS/THREE, State:ALLOCATED, leaderId:, CreationTimestamp2025-07-05T15:49:49.873991910Z[Etc/UTC]}
2025-07-05 15:49:49,879 [a2863246-e653-4b31-a3d0-09f3a93c429f-groupManagement] INFO  server.RaftServerConfigKeys (ConfUtils.java:logGet(62)) - raft.server.storage.dir = [/home/runner/work/ozone/ozone/hadoop-ozone/integration-test/target/test-dir/MiniOzoneClusterImpl-0a3c97a5-d59a-4532-afef-c4940c4c02aa/ozone-meta/datanode-8/ratis] (custom)
2025-07-05 15:49:49,879 [a2863246-e653-4b31-a3d0-09f3a93c429f-groupManagement] INFO  storage.RaftStorageDirectory (RaftStorageDirectoryImpl.java:analyzeStorage(138)) - The storage directory /home/runner/work/ozone/ozone/hadoop-ozone/integration-test/target/test-dir/MiniOzoneClusterImpl-0a3c97a5-d59a-4532-afef-c4940c4c02aa/ozone-meta/datanode-8/ratis/afa26ae6-829f-4a8f-918e-f05856020fda does not exist. Creating ...
2025-07-05 15:49:49,880 [a2863246-e653-4b31-a3d0-09f3a93c429f-groupManagement] INFO  storage.RaftStorageDirectory (RaftStorageDirectoryImpl.java:tryLock(229)) - Lock on /home/runner/work/ozone/ozone/hadoop-ozone/integration-test/target/test-dir/MiniOzoneClusterImpl-0a3c97a5-d59a-4532-afef-c4940c4c02aa/ozone-meta/datanode-8/ratis/afa26ae6-829f-4a8f-918e-f05856020fda/in_use.lock acquired by nodename 44235@localhost
2025-07-05 15:49:49,881 [a2863246-e653-4b31-a3d0-09f3a93c429f-groupManagement] INFO  storage.RaftStorage (RaftStorageImpl.java:format(98)) - Storage directory /home/runner/work/ozone/ozone/hadoop-ozone/integration-test/target/test-dir/MiniOzoneClusterImpl-0a3c97a5-d59a-4532-afef-c4940c4c02aa/ozone-meta/datanode-8/ratis/afa26ae6-829f-4a8f-918e-f05856020fda has been successfully formatted.
2025-07-05 15:49:49,881 [a2863246-e653-4b31-a3d0-09f3a93c429f-groupManagement] INFO  ratis.ContainerStateMachine (ContainerStateMachine.java:initialize(339)) - a2863246-e653-4b31-a3d0-09f3a93c429f: initialize group-F05856020FDA
2025-07-05 15:49:49,881 [a2863246-e653-4b31-a3d0-09f3a93c429f-groupManagement] INFO  ratis.ContainerStateMachine (ContainerStateMachine.java:loadSnapshot(347)) - group-F05856020FDA: The snapshot info is null. Setting the last applied index to:<INITIAL_VALUE>
2025-07-05 15:49:49,882 [a2863246-e653-4b31-a3d0-09f3a93c429f-groupManagement] INFO  server.RaftServerConfigKeys (ConfUtils.java:logGet(62)) - raft.server.log.appender.buffer.byte-limit = 33554432 (custom)
2025-07-05 15:49:49,883 [a2863246-e653-4b31-a3d0-09f3a93c429f-groupManagement] INFO  server.RaftServerConfigKeys (ConfUtils.java:logGet(62)) - raft.server.log.segment.size.max = 67108864 (custom)
2025-07-05 15:49:49,883 [a2863246-e653-4b31-a3d0-09f3a93c429f-groupManagement] INFO  server.RaftServerConfigKeys (ConfUtils.java:logGet(62)) - raft.server.log.appender.buffer.byte-limit = 33554432 (custom)
2025-07-05 15:49:49,884 [a2863246-e653-4b31-a3d0-09f3a93c429f-groupManagement] INFO  util.AwaitToRun (AwaitToRun.java:start(81)) - Thread[#1996,a2863246-e653-4b31-a3d0-09f3a93c429f@group-F05856020FDA-cacheEviction-AwaitToRun,5,main] started
2025-07-05 15:49:49,884 [a2863246-e653-4b31-a3d0-09f3a93c429f-groupManagement] INFO  segmented.SegmentedRaftLogWorker (SegmentedRaftLogWorker.java:<init>(190)) - new a2863246-e653-4b31-a3d0-09f3a93c429f@group-F05856020FDA-SegmentedRaftLogWorker for RaftStorageImpl:Storage Directory /home/runner/work/ozone/ozone/hadoop-ozone/integration-test/target/test-dir/MiniOzoneClusterImpl-0a3c97a5-d59a-4532-afef-c4940c4c02aa/ozone-meta/datanode-8/ratis/afa26ae6-829f-4a8f-918e-f05856020fda
2025-07-05 15:49:49,884 [a2863246-e653-4b31-a3d0-09f3a93c429f-groupManagement] INFO  server.RaftServerConfigKeys (ConfUtils.java:logGet(62)) - raft.server.log.queue.byte-limit = 4294967296 (custom)
2025-07-05 15:49:49,884 [a2863246-e653-4b31-a3d0-09f3a93c429f-groupManagement] INFO  server.RaftServerConfigKeys (ConfUtils.java:logGet(62)) - raft.server.log.segment.size.max = 67108864 (custom)
2025-07-05 15:49:49,884 [a2863246-e653-4b31-a3d0-09f3a93c429f-groupManagement] INFO  server.RaftServerConfigKeys (ConfUtils.java:logGet(62)) - raft.server.log.preallocated.size = 4194304 (custom)
2025-07-05 15:49:49,884 [a2863246-e653-4b31-a3d0-09f3a93c429f-groupManagement] INFO  server.RaftServerConfigKeys (ConfUtils.java:logGet(62)) - raft.server.log.write.buffer.size = 33554440 (custom)
2025-07-05 15:49:49,889 [a2863246-e653-4b31-a3d0-09f3a93c429f-groupManagement] INFO  server.RaftServerConfigKeys (ConfUtils.java:logGet(62)) - raft.server.log.appender.buffer.byte-limit = 33554432 (custom)
2025-07-05 15:49:49,890 [a2863246-e653-4b31-a3d0-09f3a93c429f-groupManagement] INFO  segmented.SegmentedRaftLogWorker (SegmentedRaftLogWorker.java:lambda$new$0(141)) - a2863246-e653-4b31-a3d0-09f3a93c429f@group-F05856020FDA-SegmentedRaftLogWorker: flushIndex: setUnconditionally 0 -> -1
2025-07-05 15:49:49,890 [a2863246-e653-4b31-a3d0-09f3a93c429f-groupManagement] INFO  segmented.SegmentedRaftLogWorker (SegmentedRaftLogWorker.java:lambda$new$0(141)) - a2863246-e653-4b31-a3d0-09f3a93c429f@group-F05856020FDA-SegmentedRaftLogWorker: safeCacheEvictIndex: setUnconditionally 0 -> -1
2025-07-05 15:49:49,890 [a2863246-e653-4b31-a3d0-09f3a93c429f-groupManagement] INFO  server.RaftServer$Division (RaftServerImpl.java:start(405)) - a2863246-e653-4b31-a3d0-09f3a93c429f@group-F05856020FDA: start as a follower, conf=conf: {index: -1, cur=peers:[16b3a642-386d-4aa9-ba22-a20b8f52ec18|127.0.0.1:15087, 2e56514c-0608-4198-9fed-b4eba4d3d686|127.0.0.1:15039, a2863246-e653-4b31-a3d0-09f3a93c429f|127.0.0.1:15071]|listeners:[], old=null}
2025-07-05 15:49:49,890 [a2863246-e653-4b31-a3d0-09f3a93c429f-groupManagement] INFO  server.RaftServer$Division (RaftServerImpl.java:setRole(392)) - a2863246-e653-4b31-a3d0-09f3a93c429f@group-F05856020FDA: changes role from      null to FOLLOWER at term 0 for startAsFollower
2025-07-05 15:49:49,890 [a2863246-e653-4b31-a3d0-09f3a93c429f-groupManagement] INFO  impl.RoleInfo (RoleInfo.java:updateAndGet(148)) - a2863246-e653-4b31-a3d0-09f3a93c429f: start a2863246-e653-4b31-a3d0-09f3a93c429f@group-F05856020FDA-FollowerState
2025-07-05 15:49:49,891 [a2863246-e653-4b31-a3d0-09f3a93c429f-groupManagement] INFO  util.JmxRegister (JmxRegister.java:tryRegister(44)) - Successfully registered JMX Bean with object name Ratis:service=RaftServer,group=group-F05856020FDA,id=a2863246-e653-4b31-a3d0-09f3a93c429f
2025-07-05 15:49:49,891 [a2863246-e653-4b31-a3d0-09f3a93c429f-groupManagement] INFO  util.JmxRegister (JmxRegister.java:register(58)) - register mxBean class org.apache.ratis.server.impl.RaftServerJmxAdapter as Ratis:service=RaftServer,group=group-F05856020FDA,id=a2863246-e653-4b31-a3d0-09f3a93c429f
2025-07-05 15:49:49,891 [a2863246-e653-4b31-a3d0-09f3a93c429f-groupManagement] INFO  server.RaftServer$Division (RaftServerImpl.java:start(419)) - a2863246-e653-4b31-a3d0-09f3a93c429f@group-F05856020FDA: Successfully started.
2025-07-05 15:49:49,892 [a2863246-e653-4b31-a3d0-09f3a93c429f-PipelineCommandHandlerThread-0] INFO  ratis.XceiverServerRatis (XceiverServerRatis.java:addGroup(843)) - Created group Pipeline-afa26ae6-829f-4a8f-918e-f05856020fda
2025-07-05 15:49:49,897 [grpc-default-executor-4] INFO  server.RaftServer (RaftServerProxy.java:addNew(105)) - 2e56514c-0608-4198-9fed-b4eba4d3d686: addNew group-F05856020FDA:[16b3a642-386d-4aa9-ba22-a20b8f52ec18|127.0.0.1:15087, 2e56514c-0608-4198-9fed-b4eba4d3d686|127.0.0.1:15039, a2863246-e653-4b31-a3d0-09f3a93c429f|127.0.0.1:15071] returns group-F05856020FDA:java.util.concurrent.CompletableFuture@77eed9f2[Not completed]
2025-07-05 15:49:49,898 [2e56514c-0608-4198-9fed-b4eba4d3d686-groupManagement] WARN  statemachine.DatanodeConfiguration (DatanodeConfiguration.java:validateMinFreeSpace(751)) - hdds.datanode.volume.min.free.space.percent = -1.0 is invalid, should be between 0 and 1
2025-07-05 15:49:49,899 [2e56514c-0608-4198-9fed-b4eba4d3d686-groupManagement] INFO  server.RaftServer$Division (RaftServerImpl.java:<init>(268)) - 2e56514c-0608-4198-9fed-b4eba4d3d686: new RaftServerImpl for group-F05856020FDA:[16b3a642-386d-4aa9-ba22-a20b8f52ec18|127.0.0.1:15087, 2e56514c-0608-4198-9fed-b4eba4d3d686|127.0.0.1:15039, a2863246-e653-4b31-a3d0-09f3a93c429f|127.0.0.1:15071] with ContainerStateMachine:uninitialized
2025-07-05 15:49:49,899 [2e56514c-0608-4198-9fed-b4eba4d3d686-groupManagement] INFO  server.RaftServer$Division (ServerState.java:<init>(114)) - 2e56514c-0608-4198-9fed-b4eba4d3d686@group-F05856020FDA: ConfigurationManager, init=conf: {index: -1, cur=peers:[16b3a642-386d-4aa9-ba22-a20b8f52ec18|127.0.0.1:15087, 2e56514c-0608-4198-9fed-b4eba4d3d686|127.0.0.1:15039, a2863246-e653-4b31-a3d0-09f3a93c429f|127.0.0.1:15071]|listeners:[], old=null}, confs=<EMPTY_MAP>
2025-07-05 15:49:49,902 [2e56514c-0608-4198-9fed-b4eba4d3d686-groupManagement] INFO  server.RaftServerConfigKeys (ConfUtils.java:logGet(62)) - raft.server.storage.dir = [/home/runner/work/ozone/ozone/hadoop-ozone/integration-test/target/test-dir/MiniOzoneClusterImpl-0a3c97a5-d59a-4532-afef-c4940c4c02aa/ozone-meta/datanode-4/ratis] (custom)
2025-07-05 15:49:49,902 [2e56514c-0608-4198-9fed-b4eba4d3d686-groupManagement] INFO  storage.RaftStorageDirectory (RaftStorageDirectoryImpl.java:analyzeStorage(138)) - The storage directory /home/runner/work/ozone/ozone/hadoop-ozone/integration-test/target/test-dir/MiniOzoneClusterImpl-0a3c97a5-d59a-4532-afef-c4940c4c02aa/ozone-meta/datanode-4/ratis/afa26ae6-829f-4a8f-918e-f05856020fda does not exist. Creating ...
2025-07-05 15:49:49,903 [2e56514c-0608-4198-9fed-b4eba4d3d686-groupManagement] INFO  storage.RaftStorageDirectory (RaftStorageDirectoryImpl.java:tryLock(229)) - Lock on /home/runner/work/ozone/ozone/hadoop-ozone/integration-test/target/test-dir/MiniOzoneClusterImpl-0a3c97a5-d59a-4532-afef-c4940c4c02aa/ozone-meta/datanode-4/ratis/afa26ae6-829f-4a8f-918e-f05856020fda/in_use.lock acquired by nodename 44235@localhost
2025-07-05 15:49:49,904 [2e56514c-0608-4198-9fed-b4eba4d3d686-groupManagement] INFO  storage.RaftStorage (RaftStorageImpl.java:format(98)) - Storage directory /home/runner/work/ozone/ozone/hadoop-ozone/integration-test/target/test-dir/MiniOzoneClusterImpl-0a3c97a5-d59a-4532-afef-c4940c4c02aa/ozone-meta/datanode-4/ratis/afa26ae6-829f-4a8f-918e-f05856020fda has been successfully formatted.
2025-07-05 15:49:49,904 [2e56514c-0608-4198-9fed-b4eba4d3d686-groupManagement] INFO  ratis.ContainerStateMachine (ContainerStateMachine.java:initialize(339)) - 2e56514c-0608-4198-9fed-b4eba4d3d686: initialize group-F05856020FDA
2025-07-05 15:49:49,904 [2e56514c-0608-4198-9fed-b4eba4d3d686-groupManagement] INFO  ratis.ContainerStateMachine (ContainerStateMachine.java:loadSnapshot(347)) - group-F05856020FDA: The snapshot info is null. Setting the last applied index to:<INITIAL_VALUE>
2025-07-05 15:49:49,904 [2e56514c-0608-4198-9fed-b4eba4d3d686-groupManagement] INFO  server.RaftServerConfigKeys (ConfUtils.java:logGet(62)) - raft.server.log.appender.buffer.byte-limit = 33554432 (custom)
2025-07-05 15:49:49,905 [2e56514c-0608-4198-9fed-b4eba4d3d686-groupManagement] INFO  server.RaftServerConfigKeys (ConfUtils.java:logGet(62)) - raft.server.log.segment.size.max = 67108864 (custom)
2025-07-05 15:49:49,906 [2e56514c-0608-4198-9fed-b4eba4d3d686-groupManagement] INFO  server.RaftServerConfigKeys (ConfUtils.java:logGet(62)) - raft.server.log.appender.buffer.byte-limit = 33554432 (custom)
2025-07-05 15:49:49,906 [2e56514c-0608-4198-9fed-b4eba4d3d686-groupManagement] INFO  util.AwaitToRun (AwaitToRun.java:start(81)) - Thread[#2000,2e56514c-0608-4198-9fed-b4eba4d3d686@group-F05856020FDA-cacheEviction-AwaitToRun,5,main] started
2025-07-05 15:49:49,906 [2e56514c-0608-4198-9fed-b4eba4d3d686-groupManagement] INFO  segmented.SegmentedRaftLogWorker (SegmentedRaftLogWorker.java:<init>(190)) - new 2e56514c-0608-4198-9fed-b4eba4d3d686@group-F05856020FDA-SegmentedRaftLogWorker for RaftStorageImpl:Storage Directory /home/runner/work/ozone/ozone/hadoop-ozone/integration-test/target/test-dir/MiniOzoneClusterImpl-0a3c97a5-d59a-4532-afef-c4940c4c02aa/ozone-meta/datanode-4/ratis/afa26ae6-829f-4a8f-918e-f05856020fda
2025-07-05 15:49:49,906 [2e56514c-0608-4198-9fed-b4eba4d3d686-groupManagement] INFO  server.RaftServerConfigKeys (ConfUtils.java:logGet(62)) - raft.server.log.queue.byte-limit = 4294967296 (custom)
2025-07-05 15:49:49,906 [2e56514c-0608-4198-9fed-b4eba4d3d686-groupManagement] INFO  server.RaftServerConfigKeys (ConfUtils.java:logGet(62)) - raft.server.log.segment.size.max = 67108864 (custom)
2025-07-05 15:49:49,906 [2e56514c-0608-4198-9fed-b4eba4d3d686-groupManagement] INFO  server.RaftServerConfigKeys (ConfUtils.java:logGet(62)) - raft.server.log.preallocated.size = 4194304 (custom)
2025-07-05 15:49:49,907 [2e56514c-0608-4198-9fed-b4eba4d3d686-groupManagement] INFO  server.RaftServerConfigKeys (ConfUtils.java:logGet(62)) - raft.server.log.write.buffer.size = 33554440 (custom)
2025-07-05 15:49:49,911 [2e56514c-0608-4198-9fed-b4eba4d3d686-groupManagement] INFO  server.RaftServerConfigKeys (ConfUtils.java:logGet(62)) - raft.server.log.appender.buffer.byte-limit = 33554432 (custom)
2025-07-05 15:49:49,911 [2e56514c-0608-4198-9fed-b4eba4d3d686-groupManagement] INFO  segmented.SegmentedRaftLogWorker (SegmentedRaftLogWorker.java:lambda$new$0(141)) - 2e56514c-0608-4198-9fed-b4eba4d3d686@group-F05856020FDA-SegmentedRaftLogWorker: flushIndex: setUnconditionally 0 -> -1
2025-07-05 15:49:49,912 [2e56514c-0608-4198-9fed-b4eba4d3d686-groupManagement] INFO  segmented.SegmentedRaftLogWorker (SegmentedRaftLogWorker.java:lambda$new$0(141)) - 2e56514c-0608-4198-9fed-b4eba4d3d686@group-F05856020FDA-SegmentedRaftLogWorker: safeCacheEvictIndex: setUnconditionally 0 -> -1
2025-07-05 15:49:49,912 [2e56514c-0608-4198-9fed-b4eba4d3d686-groupManagement] INFO  server.RaftServer$Division (RaftServerImpl.java:start(405)) - 2e56514c-0608-4198-9fed-b4eba4d3d686@group-F05856020FDA: start as a follower, conf=conf: {index: -1, cur=peers:[16b3a642-386d-4aa9-ba22-a20b8f52ec18|127.0.0.1:15087, 2e56514c-0608-4198-9fed-b4eba4d3d686|127.0.0.1:15039, a2863246-e653-4b31-a3d0-09f3a93c429f|127.0.0.1:15071]|listeners:[], old=null}
2025-07-05 15:49:49,912 [2e56514c-0608-4198-9fed-b4eba4d3d686-groupManagement] INFO  server.RaftServer$Division (RaftServerImpl.java:setRole(392)) - 2e56514c-0608-4198-9fed-b4eba4d3d686@group-F05856020FDA: changes role from      null to FOLLOWER at term 0 for startAsFollower
2025-07-05 15:49:49,912 [2e56514c-0608-4198-9fed-b4eba4d3d686-groupManagement] INFO  impl.RoleInfo (RoleInfo.java:updateAndGet(148)) - 2e56514c-0608-4198-9fed-b4eba4d3d686: start 2e56514c-0608-4198-9fed-b4eba4d3d686@group-F05856020FDA-FollowerState
2025-07-05 15:49:49,913 [2e56514c-0608-4198-9fed-b4eba4d3d686-groupManagement] INFO  util.JmxRegister (JmxRegister.java:tryRegister(44)) - Successfully registered JMX Bean with object name Ratis:service=RaftServer,group=group-F05856020FDA,id=2e56514c-0608-4198-9fed-b4eba4d3d686
2025-07-05 15:49:49,913 [2e56514c-0608-4198-9fed-b4eba4d3d686-groupManagement] INFO  util.JmxRegister (JmxRegister.java:register(58)) - register mxBean class org.apache.ratis.server.impl.RaftServerJmxAdapter as Ratis:service=RaftServer,group=group-F05856020FDA,id=2e56514c-0608-4198-9fed-b4eba4d3d686
2025-07-05 15:49:49,914 [2e56514c-0608-4198-9fed-b4eba4d3d686-groupManagement] INFO  server.RaftServer$Division (RaftServerImpl.java:start(419)) - 2e56514c-0608-4198-9fed-b4eba4d3d686@group-F05856020FDA: Successfully started.
2025-07-05 15:49:49,922 [grpc-default-executor-4] INFO  server.RaftServer (RaftServerProxy.java:addNew(105)) - 16b3a642-386d-4aa9-ba22-a20b8f52ec18: addNew group-F05856020FDA:[16b3a642-386d-4aa9-ba22-a20b8f52ec18|127.0.0.1:15087, 2e56514c-0608-4198-9fed-b4eba4d3d686|127.0.0.1:15039, a2863246-e653-4b31-a3d0-09f3a93c429f|127.0.0.1:15071] returns group-F05856020FDA:java.util.concurrent.CompletableFuture@2ff12d65[Not completed]
2025-07-05 15:49:49,924 [16b3a642-386d-4aa9-ba22-a20b8f52ec18-groupManagement] WARN  statemachine.DatanodeConfiguration (DatanodeConfiguration.java:validateMinFreeSpace(751)) - hdds.datanode.volume.min.free.space.percent = -1.0 is invalid, should be between 0 and 1
2025-07-05 15:49:49,924 [16b3a642-386d-4aa9-ba22-a20b8f52ec18-groupManagement] INFO  server.RaftServer$Division (RaftServerImpl.java:<init>(268)) - 16b3a642-386d-4aa9-ba22-a20b8f52ec18: new RaftServerImpl for group-F05856020FDA:[16b3a642-386d-4aa9-ba22-a20b8f52ec18|127.0.0.1:15087, 2e56514c-0608-4198-9fed-b4eba4d3d686|127.0.0.1:15039, a2863246-e653-4b31-a3d0-09f3a93c429f|127.0.0.1:15071] with ContainerStateMachine:uninitialized
2025-07-05 15:49:49,924 [16b3a642-386d-4aa9-ba22-a20b8f52ec18-groupManagement] INFO  server.RaftServer$Division (ServerState.java:<init>(114)) - 16b3a642-386d-4aa9-ba22-a20b8f52ec18@group-F05856020FDA: ConfigurationManager, init=conf: {index: -1, cur=peers:[16b3a642-386d-4aa9-ba22-a20b8f52ec18|127.0.0.1:15087, 2e56514c-0608-4198-9fed-b4eba4d3d686|127.0.0.1:15039, a2863246-e653-4b31-a3d0-09f3a93c429f|127.0.0.1:15071]|listeners:[], old=null}, confs=<EMPTY_MAP>
2025-07-05 15:49:49,928 [16b3a642-386d-4aa9-ba22-a20b8f52ec18-groupManagement] INFO  server.RaftServerConfigKeys (ConfUtils.java:logGet(62)) - raft.server.storage.dir = [/home/runner/work/ozone/ozone/hadoop-ozone/integration-test/target/test-dir/MiniOzoneClusterImpl-0a3c97a5-d59a-4532-afef-c4940c4c02aa/ozone-meta/datanode-10/ratis] (custom)
2025-07-05 15:49:49,928 [16b3a642-386d-4aa9-ba22-a20b8f52ec18-groupManagement] INFO  storage.RaftStorageDirectory (RaftStorageDirectoryImpl.java:analyzeStorage(138)) - The storage directory /home/runner/work/ozone/ozone/hadoop-ozone/integration-test/target/test-dir/MiniOzoneClusterImpl-0a3c97a5-d59a-4532-afef-c4940c4c02aa/ozone-meta/datanode-10/ratis/afa26ae6-829f-4a8f-918e-f05856020fda does not exist. Creating ...
2025-07-05 15:49:49,929 [16b3a642-386d-4aa9-ba22-a20b8f52ec18-groupManagement] INFO  storage.RaftStorageDirectory (RaftStorageDirectoryImpl.java:tryLock(229)) - Lock on /home/runner/work/ozone/ozone/hadoop-ozone/integration-test/target/test-dir/MiniOzoneClusterImpl-0a3c97a5-d59a-4532-afef-c4940c4c02aa/ozone-meta/datanode-10/ratis/afa26ae6-829f-4a8f-918e-f05856020fda/in_use.lock acquired by nodename 44235@localhost
2025-07-05 15:49:49,930 [16b3a642-386d-4aa9-ba22-a20b8f52ec18-groupManagement] INFO  storage.RaftStorage (RaftStorageImpl.java:format(98)) - Storage directory /home/runner/work/ozone/ozone/hadoop-ozone/integration-test/target/test-dir/MiniOzoneClusterImpl-0a3c97a5-d59a-4532-afef-c4940c4c02aa/ozone-meta/datanode-10/ratis/afa26ae6-829f-4a8f-918e-f05856020fda has been successfully formatted.
2025-07-05 15:49:49,931 [16b3a642-386d-4aa9-ba22-a20b8f52ec18-groupManagement] INFO  ratis.ContainerStateMachine (ContainerStateMachine.java:initialize(339)) - 16b3a642-386d-4aa9-ba22-a20b8f52ec18: initialize group-F05856020FDA
2025-07-05 15:49:49,931 [16b3a642-386d-4aa9-ba22-a20b8f52ec18-groupManagement] INFO  ratis.ContainerStateMachine (ContainerStateMachine.java:loadSnapshot(347)) - group-F05856020FDA: The snapshot info is null. Setting the last applied index to:<INITIAL_VALUE>
2025-07-05 15:49:49,931 [16b3a642-386d-4aa9-ba22-a20b8f52ec18-groupManagement] INFO  server.RaftServerConfigKeys (ConfUtils.java:logGet(62)) - raft.server.log.appender.buffer.byte-limit = 33554432 (custom)
2025-07-05 15:49:49,932 [16b3a642-386d-4aa9-ba22-a20b8f52ec18-groupManagement] INFO  server.RaftServerConfigKeys (ConfUtils.java:logGet(62)) - raft.server.log.segment.size.max = 67108864 (custom)
2025-07-05 15:49:49,933 [16b3a642-386d-4aa9-ba22-a20b8f52ec18-groupManagement] INFO  server.RaftServerConfigKeys (ConfUtils.java:logGet(62)) - raft.server.log.appender.buffer.byte-limit = 33554432 (custom)
2025-07-05 15:49:49,933 [16b3a642-386d-4aa9-ba22-a20b8f52ec18-groupManagement] INFO  util.AwaitToRun (AwaitToRun.java:start(81)) - Thread[#2007,16b3a642-386d-4aa9-ba22-a20b8f52ec18@group-F05856020FDA-cacheEviction-AwaitToRun,5,main] started
2025-07-05 15:49:49,933 [16b3a642-386d-4aa9-ba22-a20b8f52ec18-groupManagement] INFO  segmented.SegmentedRaftLogWorker (SegmentedRaftLogWorker.java:<init>(190)) - new 16b3a642-386d-4aa9-ba22-a20b8f52ec18@group-F05856020FDA-SegmentedRaftLogWorker for RaftStorageImpl:Storage Directory /home/runner/work/ozone/ozone/hadoop-ozone/integration-test/target/test-dir/MiniOzoneClusterImpl-0a3c97a5-d59a-4532-afef-c4940c4c02aa/ozone-meta/datanode-10/ratis/afa26ae6-829f-4a8f-918e-f05856020fda
2025-07-05 15:49:49,933 [16b3a642-386d-4aa9-ba22-a20b8f52ec18-groupManagement] INFO  server.RaftServerConfigKeys (ConfUtils.java:logGet(62)) - raft.server.log.queue.byte-limit = 4294967296 (custom)
2025-07-05 15:49:49,933 [16b3a642-386d-4aa9-ba22-a20b8f52ec18-groupManagement] INFO  server.RaftServerConfigKeys (ConfUtils.java:logGet(62)) - raft.server.log.segment.size.max = 67108864 (custom)
2025-07-05 15:49:49,933 [16b3a642-386d-4aa9-ba22-a20b8f52ec18-groupManagement] INFO  server.RaftServerConfigKeys (ConfUtils.java:logGet(62)) - raft.server.log.preallocated.size = 4194304 (custom)
2025-07-05 15:49:49,934 [16b3a642-386d-4aa9-ba22-a20b8f52ec18-groupManagement] INFO  server.RaftServerConfigKeys (ConfUtils.java:logGet(62)) - raft.server.log.write.buffer.size = 33554440 (custom)
2025-07-05 15:49:49,939 [16b3a642-386d-4aa9-ba22-a20b8f52ec18-groupManagement] INFO  server.RaftServerConfigKeys (ConfUtils.java:logGet(62)) - raft.server.log.appender.buffer.byte-limit = 33554432 (custom)
2025-07-05 15:49:49,939 [16b3a642-386d-4aa9-ba22-a20b8f52ec18-groupManagement] INFO  segmented.SegmentedRaftLogWorker (SegmentedRaftLogWorker.java:lambda$new$0(141)) - 16b3a642-386d-4aa9-ba22-a20b8f52ec18@group-F05856020FDA-SegmentedRaftLogWorker: flushIndex: setUnconditionally 0 -> -1
2025-07-05 15:49:49,939 [16b3a642-386d-4aa9-ba22-a20b8f52ec18-groupManagement] INFO  segmented.SegmentedRaftLogWorker (SegmentedRaftLogWorker.java:lambda$new$0(141)) - 16b3a642-386d-4aa9-ba22-a20b8f52ec18@group-F05856020FDA-SegmentedRaftLogWorker: safeCacheEvictIndex: setUnconditionally 0 -> -1
2025-07-05 15:49:49,940 [16b3a642-386d-4aa9-ba22-a20b8f52ec18-groupManagement] INFO  server.RaftServer$Division (RaftServerImpl.java:start(405)) - 16b3a642-386d-4aa9-ba22-a20b8f52ec18@group-F05856020FDA: start as a follower, conf=conf: {index: -1, cur=peers:[16b3a642-386d-4aa9-ba22-a20b8f52ec18|127.0.0.1:15087, 2e56514c-0608-4198-9fed-b4eba4d3d686|127.0.0.1:15039, a2863246-e653-4b31-a3d0-09f3a93c429f|127.0.0.1:15071]|listeners:[], old=null}
2025-07-05 15:49:49,940 [16b3a642-386d-4aa9-ba22-a20b8f52ec18-groupManagement] INFO  server.RaftServer$Division (RaftServerImpl.java:setRole(392)) - 16b3a642-386d-4aa9-ba22-a20b8f52ec18@group-F05856020FDA: changes role from      null to FOLLOWER at term 0 for startAsFollower
2025-07-05 15:49:49,940 [16b3a642-386d-4aa9-ba22-a20b8f52ec18-groupManagement] INFO  impl.RoleInfo (RoleInfo.java:updateAndGet(148)) - 16b3a642-386d-4aa9-ba22-a20b8f52ec18: start 16b3a642-386d-4aa9-ba22-a20b8f52ec18@group-F05856020FDA-FollowerState
2025-07-05 15:49:49,941 [16b3a642-386d-4aa9-ba22-a20b8f52ec18-groupManagement] INFO  util.JmxRegister (JmxRegister.java:tryRegister(44)) - Successfully registered JMX Bean with object name Ratis:service=RaftServer,group=group-F05856020FDA,id=16b3a642-386d-4aa9-ba22-a20b8f52ec18
2025-07-05 15:49:49,941 [16b3a642-386d-4aa9-ba22-a20b8f52ec18-groupManagement] INFO  util.JmxRegister (JmxRegister.java:register(58)) - register mxBean class org.apache.ratis.server.impl.RaftServerJmxAdapter as Ratis:service=RaftServer,group=group-F05856020FDA,id=16b3a642-386d-4aa9-ba22-a20b8f52ec18
2025-07-05 15:49:49,946 [16b3a642-386d-4aa9-ba22-a20b8f52ec18-groupManagement] INFO  server.RaftServer$Division (RaftServerImpl.java:start(419)) - 16b3a642-386d-4aa9-ba22-a20b8f52ec18@group-F05856020FDA: Successfully started.
2025-07-05 15:49:49,949 [a2863246-e653-4b31-a3d0-09f3a93c429f-PipelineCommandHandlerThread-0] INFO  commandhandler.CreatePipelineCommandHandler (CreatePipelineCommandHandler.java:lambda$handle$2(127)) - Created Pipeline RATIS THREE Pipeline-afa26ae6-829f-4a8f-918e-f05856020fda.
2025-07-05 15:49:50,116 [092257cb-ba5a-4f8a-9b9c-d44861eaa450-PipelineCommandHandlerThread-0] INFO  server.RaftServer (RaftServerProxy.java:addNew(105)) - 092257cb-ba5a-4f8a-9b9c-d44861eaa450: addNew group-1F3C8BBFB073:[092257cb-ba5a-4f8a-9b9c-d44861eaa450|127.0.0.1:15063] returns group-1F3C8BBFB073:java.util.concurrent.CompletableFuture@47e94227[Not completed]
2025-07-05 15:49:50,117 [092257cb-ba5a-4f8a-9b9c-d44861eaa450-groupManagement] WARN  statemachine.DatanodeConfiguration (DatanodeConfiguration.java:validateMinFreeSpace(751)) - hdds.datanode.volume.min.free.space.percent = -1.0 is invalid, should be between 0 and 1
2025-07-05 15:49:50,117 [092257cb-ba5a-4f8a-9b9c-d44861eaa450-groupManagement] INFO  server.RaftServer$Division (RaftServerImpl.java:<init>(268)) - 092257cb-ba5a-4f8a-9b9c-d44861eaa450: new RaftServerImpl for group-1F3C8BBFB073:[092257cb-ba5a-4f8a-9b9c-d44861eaa450|127.0.0.1:15063] with ContainerStateMachine:uninitialized
2025-07-05 15:49:50,117 [092257cb-ba5a-4f8a-9b9c-d44861eaa450-groupManagement] INFO  server.RaftServer$Division (ServerState.java:<init>(114)) - 092257cb-ba5a-4f8a-9b9c-d44861eaa450@group-1F3C8BBFB073: ConfigurationManager, init=conf: {index: -1, cur=peers:[092257cb-ba5a-4f8a-9b9c-d44861eaa450|127.0.0.1:15063]|listeners:[], old=null}, confs=<EMPTY_MAP>
2025-07-05 15:49:50,120 [092257cb-ba5a-4f8a-9b9c-d44861eaa450-groupManagement] INFO  server.RaftServerConfigKeys (ConfUtils.java:logGet(62)) - raft.server.storage.dir = [/home/runner/work/ozone/ozone/hadoop-ozone/integration-test/target/test-dir/MiniOzoneClusterImpl-0a3c97a5-d59a-4532-afef-c4940c4c02aa/ozone-meta/datanode-7/ratis4c5ba393-9d54-4a23-9e27-5237d04f58cc] (custom)
2025-07-05 15:49:50,120 [092257cb-ba5a-4f8a-9b9c-d44861eaa450-groupManagement] INFO  storage.RaftStorageDirectory (RaftStorageDirectoryImpl.java:analyzeStorage(138)) - The storage directory /home/runner/work/ozone/ozone/hadoop-ozone/integration-test/target/test-dir/MiniOzoneClusterImpl-0a3c97a5-d59a-4532-afef-c4940c4c02aa/ozone-meta/datanode-7/ratis4c5ba393-9d54-4a23-9e27-5237d04f58cc/e1a99a75-cfe6-42dd-ae26-1f3c8bbfb073 does not exist. Creating ...
2025-07-05 15:49:50,121 [092257cb-ba5a-4f8a-9b9c-d44861eaa450-groupManagement] INFO  storage.RaftStorageDirectory (RaftStorageDirectoryImpl.java:tryLock(229)) - Lock on /home/runner/work/ozone/ozone/hadoop-ozone/integration-test/target/test-dir/MiniOzoneClusterImpl-0a3c97a5-d59a-4532-afef-c4940c4c02aa/ozone-meta/datanode-7/ratis4c5ba393-9d54-4a23-9e27-5237d04f58cc/e1a99a75-cfe6-42dd-ae26-1f3c8bbfb073/in_use.lock acquired by nodename 44235@localhost
2025-07-05 15:49:50,122 [092257cb-ba5a-4f8a-9b9c-d44861eaa450-groupManagement] INFO  storage.RaftStorage (RaftStorageImpl.java:format(98)) - Storage directory /home/runner/work/ozone/ozone/hadoop-ozone/integration-test/target/test-dir/MiniOzoneClusterImpl-0a3c97a5-d59a-4532-afef-c4940c4c02aa/ozone-meta/datanode-7/ratis4c5ba393-9d54-4a23-9e27-5237d04f58cc/e1a99a75-cfe6-42dd-ae26-1f3c8bbfb073 has been successfully formatted.
2025-07-05 15:49:50,122 [092257cb-ba5a-4f8a-9b9c-d44861eaa450-groupManagement] INFO  ratis.ContainerStateMachine (ContainerStateMachine.java:initialize(339)) - 092257cb-ba5a-4f8a-9b9c-d44861eaa450: initialize group-1F3C8BBFB073
2025-07-05 15:49:50,122 [092257cb-ba5a-4f8a-9b9c-d44861eaa450-groupManagement] INFO  ratis.ContainerStateMachine (ContainerStateMachine.java:loadSnapshot(347)) - group-1F3C8BBFB073: The snapshot info is null. Setting the last applied index to:<INITIAL_VALUE>
2025-07-05 15:49:50,122 [092257cb-ba5a-4f8a-9b9c-d44861eaa450-groupManagement] INFO  server.RaftServerConfigKeys (ConfUtils.java:logGet(62)) - raft.server.log.appender.buffer.byte-limit = 33554432 (custom)
2025-07-05 15:49:50,124 [092257cb-ba5a-4f8a-9b9c-d44861eaa450-groupManagement] INFO  server.RaftServerConfigKeys (ConfUtils.java:logGet(62)) - raft.server.log.segment.size.max = 67108864 (custom)
2025-07-05 15:49:50,124 [EventQueue-PipelineReportForPipelineReportHandler] INFO  pipeline.PipelineReportHandler (PipelineReportHandler.java:processPipelineReport(134)) - Opened pipeline Pipeline-e1a99a75-cfe6-42dd-ae26-1f3c8bbfb073
2025-07-05 15:49:50,124 [092257cb-ba5a-4f8a-9b9c-d44861eaa450-groupManagement] INFO  server.RaftServerConfigKeys (ConfUtils.java:logGet(62)) - raft.server.log.appender.buffer.byte-limit = 33554432 (custom)
2025-07-05 15:49:50,125 [092257cb-ba5a-4f8a-9b9c-d44861eaa450-groupManagement] INFO  util.AwaitToRun (AwaitToRun.java:start(81)) - Thread[#2016,092257cb-ba5a-4f8a-9b9c-d44861eaa450@group-1F3C8BBFB073-cacheEviction-AwaitToRun,5,main] started
2025-07-05 15:49:50,125 [092257cb-ba5a-4f8a-9b9c-d44861eaa450-groupManagement] INFO  segmented.SegmentedRaftLogWorker (SegmentedRaftLogWorker.java:<init>(190)) - new 092257cb-ba5a-4f8a-9b9c-d44861eaa450@group-1F3C8BBFB073-SegmentedRaftLogWorker for RaftStorageImpl:Storage Directory /home/runner/work/ozone/ozone/hadoop-ozone/integration-test/target/test-dir/MiniOzoneClusterImpl-0a3c97a5-d59a-4532-afef-c4940c4c02aa/ozone-meta/datanode-7/ratis4c5ba393-9d54-4a23-9e27-5237d04f58cc/e1a99a75-cfe6-42dd-ae26-1f3c8bbfb073
2025-07-05 15:49:50,125 [092257cb-ba5a-4f8a-9b9c-d44861eaa450-groupManagement] INFO  server.RaftServerConfigKeys (ConfUtils.java:logGet(62)) - raft.server.log.queue.byte-limit = 4294967296 (custom)
2025-07-05 15:49:50,125 [092257cb-ba5a-4f8a-9b9c-d44861eaa450-groupManagement] INFO  server.RaftServerConfigKeys (ConfUtils.java:logGet(62)) - raft.server.log.segment.size.max = 67108864 (custom)
2025-07-05 15:49:50,125 [092257cb-ba5a-4f8a-9b9c-d44861eaa450-groupManagement] INFO  server.RaftServerConfigKeys (ConfUtils.java:logGet(62)) - raft.server.log.preallocated.size = 4194304 (custom)
2025-07-05 15:49:50,125 [092257cb-ba5a-4f8a-9b9c-d44861eaa450-groupManagement] INFO  server.RaftServerConfigKeys (ConfUtils.java:logGet(62)) - raft.server.log.write.buffer.size = 33554440 (custom)
2025-07-05 15:49:50,129 [092257cb-ba5a-4f8a-9b9c-d44861eaa450-groupManagement] INFO  server.RaftServerConfigKeys (ConfUtils.java:logGet(62)) - raft.server.log.appender.buffer.byte-limit = 33554432 (custom)
2025-07-05 15:49:50,130 [092257cb-ba5a-4f8a-9b9c-d44861eaa450-groupManagement] INFO  segmented.SegmentedRaftLogWorker (SegmentedRaftLogWorker.java:lambda$new$0(141)) - 092257cb-ba5a-4f8a-9b9c-d44861eaa450@group-1F3C8BBFB073-SegmentedRaftLogWorker: flushIndex: setUnconditionally 0 -> -1
2025-07-05 15:49:50,130 [092257cb-ba5a-4f8a-9b9c-d44861eaa450-groupManagement] INFO  segmented.SegmentedRaftLogWorker (SegmentedRaftLogWorker.java:lambda$new$0(141)) - 092257cb-ba5a-4f8a-9b9c-d44861eaa450@group-1F3C8BBFB073-SegmentedRaftLogWorker: safeCacheEvictIndex: setUnconditionally 0 -> -1
2025-07-05 15:49:50,130 [092257cb-ba5a-4f8a-9b9c-d44861eaa450-groupManagement] INFO  server.RaftServer$Division (RaftServerImpl.java:start(405)) - 092257cb-ba5a-4f8a-9b9c-d44861eaa450@group-1F3C8BBFB073: start as a follower, conf=conf: {index: -1, cur=peers:[092257cb-ba5a-4f8a-9b9c-d44861eaa450|127.0.0.1:15063]|listeners:[], old=null}
2025-07-05 15:49:50,130 [092257cb-ba5a-4f8a-9b9c-d44861eaa450-groupManagement] INFO  server.RaftServer$Division (RaftServerImpl.java:setRole(392)) - 092257cb-ba5a-4f8a-9b9c-d44861eaa450@group-1F3C8BBFB073: changes role from      null to FOLLOWER at term 0 for startAsFollower
2025-07-05 15:49:50,130 [092257cb-ba5a-4f8a-9b9c-d44861eaa450-groupManagement] INFO  impl.RoleInfo (RoleInfo.java:updateAndGet(148)) - 092257cb-ba5a-4f8a-9b9c-d44861eaa450: start 092257cb-ba5a-4f8a-9b9c-d44861eaa450@group-1F3C8BBFB073-FollowerState
2025-07-05 15:49:50,130 [092257cb-ba5a-4f8a-9b9c-d44861eaa450-groupManagement] INFO  util.JmxRegister (JmxRegister.java:tryRegister(44)) - Successfully registered JMX Bean with object name Ratis:service=RaftServer,group=group-1F3C8BBFB073,id=092257cb-ba5a-4f8a-9b9c-d44861eaa450
2025-07-05 15:49:50,130 [092257cb-ba5a-4f8a-9b9c-d44861eaa450-groupManagement] INFO  util.JmxRegister (JmxRegister.java:register(58)) - register mxBean class org.apache.ratis.server.impl.RaftServerJmxAdapter as Ratis:service=RaftServer,group=group-1F3C8BBFB073,id=092257cb-ba5a-4f8a-9b9c-d44861eaa450
2025-07-05 15:49:50,131 [092257cb-ba5a-4f8a-9b9c-d44861eaa450-groupManagement] INFO  server.RaftServer$Division (RaftServerImpl.java:start(419)) - 092257cb-ba5a-4f8a-9b9c-d44861eaa450@group-1F3C8BBFB073: Successfully started.
2025-07-05 15:49:50,131 [092257cb-ba5a-4f8a-9b9c-d44861eaa450-PipelineCommandHandlerThread-0] INFO  ratis.XceiverServerRatis (XceiverServerRatis.java:addGroup(843)) - Created group Pipeline-e1a99a75-cfe6-42dd-ae26-1f3c8bbfb073
2025-07-05 15:49:50,131 [092257cb-ba5a-4f8a-9b9c-d44861eaa450-PipelineCommandHandlerThread-0] INFO  commandhandler.CreatePipelineCommandHandler (CreatePipelineCommandHandler.java:lambda$handle$2(127)) - Created Pipeline RATIS ONE Pipeline-e1a99a75-cfe6-42dd-ae26-1f3c8bbfb073.
2025-07-05 15:49:50,132 [092257cb-ba5a-4f8a-9b9c-d44861eaa450-PipelineCommandHandlerThread-0] INFO  server.RaftServer (RaftServerProxy.java:addNew(105)) - 092257cb-ba5a-4f8a-9b9c-d44861eaa450: addNew group-D83282EFD40F:[16b3a642-386d-4aa9-ba22-a20b8f52ec18|127.0.0.1:15087, 092257cb-ba5a-4f8a-9b9c-d44861eaa450|127.0.0.1:15063, a2863246-e653-4b31-a3d0-09f3a93c429f|127.0.0.1:15071] returns group-D83282EFD40F:java.util.concurrent.CompletableFuture@52d43573[Not completed]
2025-07-05 15:49:50,133 [092257cb-ba5a-4f8a-9b9c-d44861eaa450-groupManagement] WARN  statemachine.DatanodeConfiguration (DatanodeConfiguration.java:validateMinFreeSpace(751)) - hdds.datanode.volume.min.free.space.percent = -1.0 is invalid, should be between 0 and 1
2025-07-05 15:49:50,133 [092257cb-ba5a-4f8a-9b9c-d44861eaa450-groupManagement] INFO  server.RaftServer$Division (RaftServerImpl.java:<init>(268)) - 092257cb-ba5a-4f8a-9b9c-d44861eaa450: new RaftServerImpl for group-D83282EFD40F:[16b3a642-386d-4aa9-ba22-a20b8f52ec18|127.0.0.1:15087, 092257cb-ba5a-4f8a-9b9c-d44861eaa450|127.0.0.1:15063, a2863246-e653-4b31-a3d0-09f3a93c429f|127.0.0.1:15071] with ContainerStateMachine:uninitialized
2025-07-05 15:49:50,134 [092257cb-ba5a-4f8a-9b9c-d44861eaa450-groupManagement] INFO  server.RaftServer$Division (ServerState.java:<init>(114)) - 092257cb-ba5a-4f8a-9b9c-d44861eaa450@group-D83282EFD40F: ConfigurationManager, init=conf: {index: -1, cur=peers:[16b3a642-386d-4aa9-ba22-a20b8f52ec18|127.0.0.1:15087, 092257cb-ba5a-4f8a-9b9c-d44861eaa450|127.0.0.1:15063, a2863246-e653-4b31-a3d0-09f3a93c429f|127.0.0.1:15071]|listeners:[], old=null}, confs=<EMPTY_MAP>
2025-07-05 15:49:50,136 [092257cb-ba5a-4f8a-9b9c-d44861eaa450-groupManagement] INFO  storage.RaftStorageDirectory (RaftStorageDirectoryImpl.java:analyzeStorage(138)) - The storage directory /home/runner/work/ozone/ozone/hadoop-ozone/integration-test/target/test-dir/MiniOzoneClusterImpl-0a3c97a5-d59a-4532-afef-c4940c4c02aa/ozone-meta/datanode-7/ratis4c5ba393-9d54-4a23-9e27-5237d04f58cc/455ba6d2-49b4-4087-b798-d83282efd40f does not exist. Creating ...
2025-07-05 15:49:50,137 [092257cb-ba5a-4f8a-9b9c-d44861eaa450-groupManagement] INFO  storage.RaftStorageDirectory (RaftStorageDirectoryImpl.java:tryLock(229)) - Lock on /home/runner/work/ozone/ozone/hadoop-ozone/integration-test/target/test-dir/MiniOzoneClusterImpl-0a3c97a5-d59a-4532-afef-c4940c4c02aa/ozone-meta/datanode-7/ratis4c5ba393-9d54-4a23-9e27-5237d04f58cc/455ba6d2-49b4-4087-b798-d83282efd40f/in_use.lock acquired by nodename 44235@localhost
2025-07-05 15:49:50,139 [092257cb-ba5a-4f8a-9b9c-d44861eaa450-groupManagement] INFO  storage.RaftStorage (RaftStorageImpl.java:format(98)) - Storage directory /home/runner/work/ozone/ozone/hadoop-ozone/integration-test/target/test-dir/MiniOzoneClusterImpl-0a3c97a5-d59a-4532-afef-c4940c4c02aa/ozone-meta/datanode-7/ratis4c5ba393-9d54-4a23-9e27-5237d04f58cc/455ba6d2-49b4-4087-b798-d83282efd40f has been successfully formatted.
2025-07-05 15:49:50,139 [092257cb-ba5a-4f8a-9b9c-d44861eaa450-groupManagement] INFO  ratis.ContainerStateMachine (ContainerStateMachine.java:initialize(339)) - 092257cb-ba5a-4f8a-9b9c-d44861eaa450: initialize group-D83282EFD40F
2025-07-05 15:49:50,139 [092257cb-ba5a-4f8a-9b9c-d44861eaa450-groupManagement] INFO  ratis.ContainerStateMachine (ContainerStateMachine.java:loadSnapshot(347)) - group-D83282EFD40F: The snapshot info is null. Setting the last applied index to:<INITIAL_VALUE>
2025-07-05 15:49:50,139 [092257cb-ba5a-4f8a-9b9c-d44861eaa450-groupManagement] INFO  server.RaftServerConfigKeys (ConfUtils.java:logGet(62)) - raft.server.log.appender.buffer.byte-limit = 33554432 (custom)
2025-07-05 15:49:50,140 [092257cb-ba5a-4f8a-9b9c-d44861eaa450-groupManagement] INFO  server.RaftServerConfigKeys (ConfUtils.java:logGet(62)) - raft.server.log.segment.size.max = 67108864 (custom)
2025-07-05 15:49:50,141 [092257cb-ba5a-4f8a-9b9c-d44861eaa450-groupManagement] INFO  server.RaftServerConfigKeys (ConfUtils.java:logGet(62)) - raft.server.log.appender.buffer.byte-limit = 33554432 (custom)
2025-07-05 15:49:50,141 [092257cb-ba5a-4f8a-9b9c-d44861eaa450-groupManagement] INFO  util.AwaitToRun (AwaitToRun.java:start(81)) - Thread[#2020,092257cb-ba5a-4f8a-9b9c-d44861eaa450@group-D83282EFD40F-cacheEviction-AwaitToRun,5,main] started
2025-07-05 15:49:50,141 [092257cb-ba5a-4f8a-9b9c-d44861eaa450-groupManagement] INFO  segmented.SegmentedRaftLogWorker (SegmentedRaftLogWorker.java:<init>(190)) - new 092257cb-ba5a-4f8a-9b9c-d44861eaa450@group-D83282EFD40F-SegmentedRaftLogWorker for RaftStorageImpl:Storage Directory /home/runner/work/ozone/ozone/hadoop-ozone/integration-test/target/test-dir/MiniOzoneClusterImpl-0a3c97a5-d59a-4532-afef-c4940c4c02aa/ozone-meta/datanode-7/ratis4c5ba393-9d54-4a23-9e27-5237d04f58cc/455ba6d2-49b4-4087-b798-d83282efd40f
2025-07-05 15:49:50,141 [092257cb-ba5a-4f8a-9b9c-d44861eaa450-groupManagement] INFO  server.RaftServerConfigKeys (ConfUtils.java:logGet(62)) - raft.server.log.queue.byte-limit = 4294967296 (custom)
2025-07-05 15:49:50,141 [092257cb-ba5a-4f8a-9b9c-d44861eaa450-groupManagement] INFO  server.RaftServerConfigKeys (ConfUtils.java:logGet(62)) - raft.server.log.segment.size.max = 67108864 (custom)
2025-07-05 15:49:50,141 [092257cb-ba5a-4f8a-9b9c-d44861eaa450-groupManagement] INFO  server.RaftServerConfigKeys (ConfUtils.java:logGet(62)) - raft.server.log.preallocated.size = 4194304 (custom)
2025-07-05 15:49:50,141 [092257cb-ba5a-4f8a-9b9c-d44861eaa450-groupManagement] INFO  server.RaftServerConfigKeys (ConfUtils.java:logGet(62)) - raft.server.log.write.buffer.size = 33554440 (custom)
2025-07-05 15:49:50,146 [092257cb-ba5a-4f8a-9b9c-d44861eaa450-groupManagement] INFO  server.RaftServerConfigKeys (ConfUtils.java:logGet(62)) - raft.server.log.appender.buffer.byte-limit = 33554432 (custom)
2025-07-05 15:49:50,146 [092257cb-ba5a-4f8a-9b9c-d44861eaa450-groupManagement] INFO  segmented.SegmentedRaftLogWorker (SegmentedRaftLogWorker.java:lambda$new$0(141)) - 092257cb-ba5a-4f8a-9b9c-d44861eaa450@group-D83282EFD40F-SegmentedRaftLogWorker: flushIndex: setUnconditionally 0 -> -1
2025-07-05 15:49:50,146 [092257cb-ba5a-4f8a-9b9c-d44861eaa450-groupManagement] INFO  segmented.SegmentedRaftLogWorker (SegmentedRaftLogWorker.java:lambda$new$0(141)) - 092257cb-ba5a-4f8a-9b9c-d44861eaa450@group-D83282EFD40F-SegmentedRaftLogWorker: safeCacheEvictIndex: setUnconditionally 0 -> -1
2025-07-05 15:49:50,147 [092257cb-ba5a-4f8a-9b9c-d44861eaa450-groupManagement] INFO  server.RaftServer$Division (RaftServerImpl.java:start(405)) - 092257cb-ba5a-4f8a-9b9c-d44861eaa450@group-D83282EFD40F: start as a follower, conf=conf: {index: -1, cur=peers:[16b3a642-386d-4aa9-ba22-a20b8f52ec18|127.0.0.1:15087, 092257cb-ba5a-4f8a-9b9c-d44861eaa450|127.0.0.1:15063, a2863246-e653-4b31-a3d0-09f3a93c429f|127.0.0.1:15071]|listeners:[], old=null}
2025-07-05 15:49:50,147 [092257cb-ba5a-4f8a-9b9c-d44861eaa450-groupManagement] INFO  server.RaftServer$Division (RaftServerImpl.java:setRole(392)) - 092257cb-ba5a-4f8a-9b9c-d44861eaa450@group-D83282EFD40F: changes role from      null to FOLLOWER at term 0 for startAsFollower
2025-07-05 15:49:50,147 [092257cb-ba5a-4f8a-9b9c-d44861eaa450-groupManagement] INFO  impl.RoleInfo (RoleInfo.java:updateAndGet(148)) - 092257cb-ba5a-4f8a-9b9c-d44861eaa450: start 092257cb-ba5a-4f8a-9b9c-d44861eaa450@group-D83282EFD40F-FollowerState
2025-07-05 15:49:50,147 [092257cb-ba5a-4f8a-9b9c-d44861eaa450-groupManagement] INFO  util.JmxRegister (JmxRegister.java:tryRegister(44)) - Successfully registered JMX Bean with object name Ratis:service=RaftServer,group=group-D83282EFD40F,id=092257cb-ba5a-4f8a-9b9c-d44861eaa450
2025-07-05 15:49:50,147 [092257cb-ba5a-4f8a-9b9c-d44861eaa450-groupManagement] INFO  util.JmxRegister (JmxRegister.java:register(58)) - register mxBean class org.apache.ratis.server.impl.RaftServerJmxAdapter as Ratis:service=RaftServer,group=group-D83282EFD40F,id=092257cb-ba5a-4f8a-9b9c-d44861eaa450
2025-07-05 15:49:50,148 [092257cb-ba5a-4f8a-9b9c-d44861eaa450-groupManagement] INFO  server.RaftServer$Division (RaftServerImpl.java:start(419)) - 092257cb-ba5a-4f8a-9b9c-d44861eaa450@group-D83282EFD40F: Successfully started.
2025-07-05 15:49:50,148 [092257cb-ba5a-4f8a-9b9c-d44861eaa450-PipelineCommandHandlerThread-0] INFO  ratis.XceiverServerRatis (XceiverServerRatis.java:addGroup(843)) - Created group Pipeline-455ba6d2-49b4-4087-b798-d83282efd40f
2025-07-05 15:49:50,153 [grpc-default-executor-2] INFO  server.RaftServer (RaftServerProxy.java:addNew(105)) - 16b3a642-386d-4aa9-ba22-a20b8f52ec18: addNew group-D83282EFD40F:[16b3a642-386d-4aa9-ba22-a20b8f52ec18|127.0.0.1:15087, 092257cb-ba5a-4f8a-9b9c-d44861eaa450|127.0.0.1:15063, a2863246-e653-4b31-a3d0-09f3a93c429f|127.0.0.1:15071] returns group-D83282EFD40F:java.util.concurrent.CompletableFuture@294fb563[Not completed]
2025-07-05 15:49:50,154 [16b3a642-386d-4aa9-ba22-a20b8f52ec18-groupManagement] WARN  statemachine.DatanodeConfiguration (DatanodeConfiguration.java:validateMinFreeSpace(751)) - hdds.datanode.volume.min.free.space.percent = -1.0 is invalid, should be between 0 and 1
2025-07-05 15:49:50,154 [16b3a642-386d-4aa9-ba22-a20b8f52ec18-groupManagement] INFO  server.RaftServer$Division (RaftServerImpl.java:<init>(268)) - 16b3a642-386d-4aa9-ba22-a20b8f52ec18: new RaftServerImpl for group-D83282EFD40F:[16b3a642-386d-4aa9-ba22-a20b8f52ec18|127.0.0.1:15087, 092257cb-ba5a-4f8a-9b9c-d44861eaa450|127.0.0.1:15063, a2863246-e653-4b31-a3d0-09f3a93c429f|127.0.0.1:15071] with ContainerStateMachine:uninitialized
2025-07-05 15:49:50,154 [16b3a642-386d-4aa9-ba22-a20b8f52ec18-groupManagement] INFO  server.RaftServer$Division (ServerState.java:<init>(114)) - 16b3a642-386d-4aa9-ba22-a20b8f52ec18@group-D83282EFD40F: ConfigurationManager, init=conf: {index: -1, cur=peers:[16b3a642-386d-4aa9-ba22-a20b8f52ec18|127.0.0.1:15087, 092257cb-ba5a-4f8a-9b9c-d44861eaa450|127.0.0.1:15063, a2863246-e653-4b31-a3d0-09f3a93c429f|127.0.0.1:15071]|listeners:[], old=null}, confs=<EMPTY_MAP>
2025-07-05 15:49:50,157 [16b3a642-386d-4aa9-ba22-a20b8f52ec18-groupManagement] INFO  server.RaftServerConfigKeys (ConfUtils.java:logGet(62)) - raft.server.storage.dir = [/home/runner/work/ozone/ozone/hadoop-ozone/integration-test/target/test-dir/MiniOzoneClusterImpl-0a3c97a5-d59a-4532-afef-c4940c4c02aa/ozone-meta/datanode-10/ratis] (custom)
2025-07-05 15:49:50,157 [16b3a642-386d-4aa9-ba22-a20b8f52ec18-groupManagement] INFO  storage.RaftStorageDirectory (RaftStorageDirectoryImpl.java:analyzeStorage(138)) - The storage directory /home/runner/work/ozone/ozone/hadoop-ozone/integration-test/target/test-dir/MiniOzoneClusterImpl-0a3c97a5-d59a-4532-afef-c4940c4c02aa/ozone-meta/datanode-10/ratis/455ba6d2-49b4-4087-b798-d83282efd40f does not exist. Creating ...
2025-07-05 15:49:50,158 [16b3a642-386d-4aa9-ba22-a20b8f52ec18-groupManagement] INFO  storage.RaftStorageDirectory (RaftStorageDirectoryImpl.java:tryLock(229)) - Lock on /home/runner/work/ozone/ozone/hadoop-ozone/integration-test/target/test-dir/MiniOzoneClusterImpl-0a3c97a5-d59a-4532-afef-c4940c4c02aa/ozone-meta/datanode-10/ratis/455ba6d2-49b4-4087-b798-d83282efd40f/in_use.lock acquired by nodename 44235@localhost
2025-07-05 15:49:50,159 [16b3a642-386d-4aa9-ba22-a20b8f52ec18-groupManagement] INFO  storage.RaftStorage (RaftStorageImpl.java:format(98)) - Storage directory /home/runner/work/ozone/ozone/hadoop-ozone/integration-test/target/test-dir/MiniOzoneClusterImpl-0a3c97a5-d59a-4532-afef-c4940c4c02aa/ozone-meta/datanode-10/ratis/455ba6d2-49b4-4087-b798-d83282efd40f has been successfully formatted.
2025-07-05 15:49:50,159 [16b3a642-386d-4aa9-ba22-a20b8f52ec18-groupManagement] INFO  ratis.ContainerStateMachine (ContainerStateMachine.java:initialize(339)) - 16b3a642-386d-4aa9-ba22-a20b8f52ec18: initialize group-D83282EFD40F
2025-07-05 15:49:50,159 [16b3a642-386d-4aa9-ba22-a20b8f52ec18-groupManagement] INFO  ratis.ContainerStateMachine (ContainerStateMachine.java:loadSnapshot(347)) - group-D83282EFD40F: The snapshot info is null. Setting the last applied index to:<INITIAL_VALUE>
2025-07-05 15:49:50,160 [16b3a642-386d-4aa9-ba22-a20b8f52ec18-groupManagement] INFO  server.RaftServerConfigKeys (ConfUtils.java:logGet(62)) - raft.server.log.appender.buffer.byte-limit = 33554432 (custom)
2025-07-05 15:49:50,161 [16b3a642-386d-4aa9-ba22-a20b8f52ec18-groupManagement] INFO  server.RaftServerConfigKeys (ConfUtils.java:logGet(62)) - raft.server.log.segment.size.max = 67108864 (custom)
2025-07-05 15:49:50,161 [16b3a642-386d-4aa9-ba22-a20b8f52ec18-groupManagement] INFO  server.RaftServerConfigKeys (ConfUtils.java:logGet(62)) - raft.server.log.appender.buffer.byte-limit = 33554432 (custom)
2025-07-05 15:49:50,161 [16b3a642-386d-4aa9-ba22-a20b8f52ec18-groupManagement] INFO  util.AwaitToRun (AwaitToRun.java:start(81)) - Thread[#2024,16b3a642-386d-4aa9-ba22-a20b8f52ec18@group-D83282EFD40F-cacheEviction-AwaitToRun,5,main] started
2025-07-05 15:49:50,161 [16b3a642-386d-4aa9-ba22-a20b8f52ec18-groupManagement] INFO  segmented.SegmentedRaftLogWorker (SegmentedRaftLogWorker.java:<init>(190)) - new 16b3a642-386d-4aa9-ba22-a20b8f52ec18@group-D83282EFD40F-SegmentedRaftLogWorker for RaftStorageImpl:Storage Directory /home/runner/work/ozone/ozone/hadoop-ozone/integration-test/target/test-dir/MiniOzoneClusterImpl-0a3c97a5-d59a-4532-afef-c4940c4c02aa/ozone-meta/datanode-10/ratis/455ba6d2-49b4-4087-b798-d83282efd40f
2025-07-05 15:49:50,161 [16b3a642-386d-4aa9-ba22-a20b8f52ec18-groupManagement] INFO  server.RaftServerConfigKeys (ConfUtils.java:logGet(62)) - raft.server.log.queue.byte-limit = 4294967296 (custom)
2025-07-05 15:49:50,162 [16b3a642-386d-4aa9-ba22-a20b8f52ec18-groupManagement] INFO  server.RaftServerConfigKeys (ConfUtils.java:logGet(62)) - raft.server.log.segment.size.max = 67108864 (custom)
2025-07-05 15:49:50,162 [16b3a642-386d-4aa9-ba22-a20b8f52ec18-groupManagement] INFO  server.RaftServerConfigKeys (ConfUtils.java:logGet(62)) - raft.server.log.preallocated.size = 4194304 (custom)
2025-07-05 15:49:50,162 [16b3a642-386d-4aa9-ba22-a20b8f52ec18-groupManagement] INFO  server.RaftServerConfigKeys (ConfUtils.java:logGet(62)) - raft.server.log.write.buffer.size = 33554440 (custom)
2025-07-05 15:49:50,166 [16b3a642-386d-4aa9-ba22-a20b8f52ec18-groupManagement] INFO  server.RaftServerConfigKeys (ConfUtils.java:logGet(62)) - raft.server.log.appender.buffer.byte-limit = 33554432 (custom)
2025-07-05 15:49:50,166 [16b3a642-386d-4aa9-ba22-a20b8f52ec18-groupManagement] INFO  segmented.SegmentedRaftLogWorker (SegmentedRaftLogWorker.java:lambda$new$0(141)) - 16b3a642-386d-4aa9-ba22-a20b8f52ec18@group-D83282EFD40F-SegmentedRaftLogWorker: flushIndex: setUnconditionally 0 -> -1
2025-07-05 15:49:50,166 [16b3a642-386d-4aa9-ba22-a20b8f52ec18-groupManagement] INFO  segmented.SegmentedRaftLogWorker (SegmentedRaftLogWorker.java:lambda$new$0(141)) - 16b3a642-386d-4aa9-ba22-a20b8f52ec18@group-D83282EFD40F-SegmentedRaftLogWorker: safeCacheEvictIndex: setUnconditionally 0 -> -1
2025-07-05 15:49:50,166 [16b3a642-386d-4aa9-ba22-a20b8f52ec18-groupManagement] INFO  server.RaftServer$Division (RaftServerImpl.java:start(405)) - 16b3a642-386d-4aa9-ba22-a20b8f52ec18@group-D83282EFD40F: start as a follower, conf=conf: {index: -1, cur=peers:[16b3a642-386d-4aa9-ba22-a20b8f52ec18|127.0.0.1:15087, 092257cb-ba5a-4f8a-9b9c-d44861eaa450|127.0.0.1:15063, a2863246-e653-4b31-a3d0-09f3a93c429f|127.0.0.1:15071]|listeners:[], old=null}
2025-07-05 15:49:50,167 [16b3a642-386d-4aa9-ba22-a20b8f52ec18-groupManagement] INFO  server.RaftServer$Division (RaftServerImpl.java:setRole(392)) - 16b3a642-386d-4aa9-ba22-a20b8f52ec18@group-D83282EFD40F: changes role from      null to FOLLOWER at term 0 for startAsFollower
2025-07-05 15:49:50,167 [16b3a642-386d-4aa9-ba22-a20b8f52ec18-groupManagement] INFO  impl.RoleInfo (RoleInfo.java:updateAndGet(148)) - 16b3a642-386d-4aa9-ba22-a20b8f52ec18: start 16b3a642-386d-4aa9-ba22-a20b8f52ec18@group-D83282EFD40F-FollowerState
2025-07-05 15:49:50,167 [16b3a642-386d-4aa9-ba22-a20b8f52ec18-groupManagement] INFO  util.JmxRegister (JmxRegister.java:tryRegister(44)) - Successfully registered JMX Bean with object name Ratis:service=RaftServer,group=group-D83282EFD40F,id=16b3a642-386d-4aa9-ba22-a20b8f52ec18
2025-07-05 15:49:50,167 [16b3a642-386d-4aa9-ba22-a20b8f52ec18-groupManagement] INFO  util.JmxRegister (JmxRegister.java:register(58)) - register mxBean class org.apache.ratis.server.impl.RaftServerJmxAdapter as Ratis:service=RaftServer,group=group-D83282EFD40F,id=16b3a642-386d-4aa9-ba22-a20b8f52ec18
2025-07-05 15:49:50,168 [16b3a642-386d-4aa9-ba22-a20b8f52ec18-groupManagement] INFO  server.RaftServer$Division (RaftServerImpl.java:start(419)) - 16b3a642-386d-4aa9-ba22-a20b8f52ec18@group-D83282EFD40F: Successfully started.
2025-07-05 15:49:50,168 [main] INFO  ozone.MiniOzoneClusterImpl (MiniOzoneClusterImpl.java:lambda$waitForClusterToBeReady$0(173)) - Nodes are ready. Got 10 of 10 DN Heartbeats.
2025-07-05 15:49:50,169 [main] INFO  ozone.MiniOzoneClusterImpl (MiniOzoneClusterImpl.java:lambda$waitForClusterToBeReady$0(176)) - Cluster exits safe mode
2025-07-05 15:49:50,169 [main] INFO  ozone.MiniOzoneClusterImpl (MiniOzoneClusterImpl.java:lambda$waitForClusterToBeReady$0(178)) - SCM became leader
2025-07-05 15:49:50,171 [main] WARN  keyvalue.KeyValueHandler (ContainerUtils.java:logAndReturnError(94)) - Operation: CloseContainer , Trace ID:  , Message: Cannot close container #7 while in UNHEALTHY state. , Result: CONTAINER_UNHEALTHY , StorageContainerException Occurred.
org.apache.hadoop.hdds.scm.container.common.helpers.StorageContainerException: Cannot close container #7 while in UNHEALTHY state.
	at org.apache.hadoop.ozone.container.keyvalue.KeyValueHandler.closeContainer(KeyValueHandler.java:1539)
	at org.apache.hadoop.ozone.container.keyvalue.KeyValueHandler.handleCloseContainer(KeyValueHandler.java:611)
	at org.apache.hadoop.ozone.container.keyvalue.KeyValueHandler.dispatchRequest(KeyValueHandler.java:328)
	at org.apache.hadoop.ozone.container.keyvalue.KeyValueHandler.handle(KeyValueHandler.java:293)
	at org.apache.hadoop.ozone.container.common.impl.HddsDispatcher.dispatchRequest(HddsDispatcher.java:365)
	at org.apache.hadoop.ozone.container.common.impl.HddsDispatcher.lambda$dispatch$1(HddsDispatcher.java:190)
	at org.apache.hadoop.hdds.server.OzoneProtocolMessageDispatcher.processRequest(OzoneProtocolMessageDispatcher.java:87)
	at org.apache.hadoop.ozone.container.common.impl.HddsDispatcher.dispatch(HddsDispatcher.java:189)
	at org.apache.hadoop.ozone.client.rpc.TestContainerStateMachineFailures.testUnhealthyContainer(TestContainerStateMachineFailures.java:451)
	at java.base/jdk.internal.reflect.DirectMethodHandleAccessor.invoke(DirectMethodHandleAccessor.java:103)
	at java.base/java.lang.reflect.Method.invoke(Method.java:580)
	at org.junit.platform.commons.util.ReflectionUtils.invokeMethod(ReflectionUtils.java:787)
	at org.junit.platform.commons.support.ReflectionSupport.invokeMethod(ReflectionSupport.java:479)
	at org.junit.jupiter.engine.execution.MethodInvocation.proceed(MethodInvocation.java:60)
	at org.junit.jupiter.engine.execution.InvocationInterceptorChain$ValidatingInvocation.proceed(InvocationInterceptorChain.java:131)
	at org.junit.jupiter.engine.extension.SameThreadTimeoutInvocation.proceed(SameThreadTimeoutInvocation.java:49)
	at org.junit.jupiter.engine.extension.TimeoutExtension.intercept(TimeoutExtension.java:161)
	at org.junit.jupiter.engine.extension.TimeoutExtension.interceptTestableMethod(TimeoutExtension.java:152)
	at org.junit.jupiter.engine.extension.TimeoutExtension.interceptTestMethod(TimeoutExtension.java:91)
	at org.junit.jupiter.engine.execution.InterceptingExecutableInvoker$ReflectiveInterceptorCall.lambda$ofVoidMethod$0(InterceptingExecutableInvoker.java:112)
	at org.junit.jupiter.engine.execution.InterceptingExecutableInvoker.lambda$invoke$0(InterceptingExecutableInvoker.java:94)
	at org.junit.jupiter.engine.execution.InvocationInterceptorChain$InterceptedInvocation.proceed(InvocationInterceptorChain.java:106)
	at org.junit.jupiter.engine.execution.InvocationInterceptorChain.proceed(InvocationInterceptorChain.java:64)
	at org.junit.jupiter.engine.execution.InvocationInterceptorChain.chainAndInvoke(InvocationInterceptorChain.java:45)
	at org.junit.jupiter.engine.execution.InvocationInterceptorChain.invoke(InvocationInterceptorChain.java:37)
	at org.junit.jupiter.engine.execution.InterceptingExecutableInvoker.invoke(InterceptingExecutableInvoker.java:93)
	at org.junit.jupiter.engine.execution.InterceptingExecutableInvoker.invoke(InterceptingExecutableInvoker.java:87)
	at org.junit.jupiter.engine.descriptor.TestMethodTestDescriptor.lambda$invokeTestMethod$4(TestMethodTestDescriptor.java:221)
	at org.junit.platform.engine.support.hierarchical.ThrowableCollector.execute(ThrowableCollector.java:73)
	at org.junit.jupiter.engine.descriptor.TestMethodTestDescriptor.invokeTestMethod(TestMethodTestDescriptor.java:217)
	at org.junit.jupiter.engine.descriptor.TestMethodTestDescriptor.execute(TestMethodTestDescriptor.java:159)
	at org.junit.jupiter.engine.descriptor.TestMethodTestDescriptor.execute(TestMethodTestDescriptor.java:70)
	at org.junit.platform.engine.support.hierarchical.NodeTestTask.lambda$executeRecursively$6(NodeTestTask.java:157)
	at org.junit.platform.engine.support.hierarchical.ThrowableCollector.execute(ThrowableCollector.java:73)
	at org.junit.platform.engine.support.hierarchical.NodeTestTask.lambda$executeRecursively$8(NodeTestTask.java:147)
	at org.junit.platform.engine.support.hierarchical.Node.around(Node.java:137)
	at org.junit.platform.engine.support.hierarchical.NodeTestTask.lambda$executeRecursively$9(NodeTestTask.java:145)
	at org.junit.platform.engine.support.hierarchical.ThrowableCollector.execute(ThrowableCollector.java:73)
	at org.junit.platform.engine.support.hierarchical.NodeTestTask.executeRecursively(NodeTestTask.java:144)
	at org.junit.platform.engine.support.hierarchical.NodeTestTask.execute(NodeTestTask.java:101)
	at java.base/java.util.ArrayList.forEach(ArrayList.java:1596)
	at org.junit.platform.engine.support.hierarchical.SameThreadHierarchicalTestExecutorService.invokeAll(SameThreadHierarchicalTestExecutorService.java:41)
	at org.junit.platform.engine.support.hierarchical.NodeTestTask.lambda$executeRecursively$6(NodeTestTask.java:161)
	at org.junit.platform.engine.support.hierarchical.ThrowableCollector.execute(ThrowableCollector.java:73)
	at org.junit.platform.engine.support.hierarchical.NodeTestTask.lambda$executeRecursively$8(NodeTestTask.java:147)
	at org.junit.platform.engine.support.hierarchical.Node.around(Node.java:137)
	at org.junit.platform.engine.support.hierarchical.NodeTestTask.lambda$executeRecursively$9(NodeTestTask.java:145)
	at org.junit.platform.engine.support.hierarchical.ThrowableCollector.execute(ThrowableCollector.java:73)
	at org.junit.platform.engine.support.hierarchical.NodeTestTask.executeRecursively(NodeTestTask.java:144)
	at org.junit.platform.engine.support.hierarchical.NodeTestTask.execute(NodeTestTask.java:101)
	at java.base/java.util.ArrayList.forEach(ArrayList.java:1596)
	at org.junit.platform.engine.support.hierarchical.SameThreadHierarchicalTestExecutorService.invokeAll(SameThreadHierarchicalTestExecutorService.java:41)
	at org.junit.platform.engine.support.hierarchical.NodeTestTask.lambda$executeRecursively$6(NodeTestTask.java:161)
	at org.junit.platform.engine.support.hierarchical.ThrowableCollector.execute(ThrowableCollector.java:73)
	at org.junit.platform.engine.support.hierarchical.NodeTestTask.lambda$executeRecursively$8(NodeTestTask.java:147)
	at org.junit.platform.engine.support.hierarchical.Node.around(Node.java:137)
	at org.junit.platform.engine.support.hierarchical.NodeTestTask.lambda$executeRecursively$9(NodeTestTask.java:145)
	at org.junit.platform.engine.support.hierarchical.ThrowableCollector.execute(ThrowableCollector.java:73)
	at org.junit.platform.engine.support.hierarchical.NodeTestTask.executeRecursively(NodeTestTask.java:144)
	at org.junit.platform.engine.support.hierarchical.NodeTestTask.execute(NodeTestTask.java:101)
	at org.junit.platform.engine.support.hierarchical.SameThreadHierarchicalTestExecutorService.submit(SameThreadHierarchicalTestExecutorService.java:35)
	at org.junit.platform.engine.support.hierarchical.HierarchicalTestExecutor.execute(HierarchicalTestExecutor.java:57)
	at org.junit.platform.engine.support.hierarchical.HierarchicalTestEngine.execute(HierarchicalTestEngine.java:54)
	at org.junit.platform.launcher.core.EngineExecutionOrchestrator.executeEngine(EngineExecutionOrchestrator.java:230)
	at org.junit.platform.launcher.core.EngineExecutionOrchestrator.failOrExecuteEngine(EngineExecutionOrchestrator.java:204)
	at org.junit.platform.launcher.core.EngineExecutionOrchestrator.execute(EngineExecutionOrchestrator.java:172)
	at org.junit.platform.launcher.core.EngineExecutionOrchestrator.execute(EngineExecutionOrchestrator.java:101)
	at org.junit.platform.launcher.core.EngineExecutionOrchestrator.lambda$execute$0(EngineExecutionOrchestrator.java:64)
	at org.junit.platform.launcher.core.EngineExecutionOrchestrator.withInterceptedStreams(EngineExecutionOrchestrator.java:150)
	at org.junit.platform.launcher.core.EngineExecutionOrchestrator.execute(EngineExecutionOrchestrator.java:63)
	at org.junit.platform.launcher.core.DefaultLauncher.execute(DefaultLauncher.java:109)
	at org.junit.platform.launcher.core.DefaultLauncher.execute(DefaultLauncher.java:91)
	at org.junit.platform.launcher.core.DelegatingLauncher.execute(DelegatingLauncher.java:47)
	at org.junit.platform.launcher.core.InterceptingLauncher.lambda$execute$1(InterceptingLauncher.java:39)
	at org.junit.platform.launcher.core.ClasspathAlignmentCheckingLauncherInterceptor.intercept(ClasspathAlignmentCheckingLauncherInterceptor.java:25)
	at org.junit.platform.launcher.core.InterceptingLauncher.execute(InterceptingLauncher.java:38)
	at org.junit.platform.launcher.core.DelegatingLauncher.execute(DelegatingLauncher.java:47)
	at org.apache.maven.surefire.junitplatform.LazyLauncher.execute(LazyLauncher.java:56)
	at org.apache.maven.surefire.junitplatform.JUnitPlatformProvider.execute(JUnitPlatformProvider.java:184)
	at org.apache.maven.surefire.junitplatform.JUnitPlatformProvider.invokeAllTests(JUnitPlatformProvider.java:148)
	at org.apache.maven.surefire.junitplatform.JUnitPlatformProvider.invoke(JUnitPlatformProvider.java:120)
	at org.apache.maven.surefire.booter.ForkedBooter.runSuitesInProcess(ForkedBooter.java:385)
	at org.apache.maven.surefire.booter.ForkedBooter.execute(ForkedBooter.java:162)
	at org.apache.maven.surefire.booter.ForkedBooter.run(ForkedBooter.java:507)
	at org.apache.maven.surefire.booter.ForkedBooter.main(ForkedBooter.java:495)
2025-07-05T15:49:50.173346217Z main ERROR user=null | ip=null | op=CLOSE_CONTAINER {containerID=7} | ret=FAILURE
java.lang.Exception: Cannot close container #7 while in UNHEALTHY state.
	at org.apache.hadoop.ozone.container.common.impl.HddsDispatcher.dispatchRequest(HddsDispatcher.java:439)
	at org.apache.hadoop.ozone.container.common.impl.HddsDispatcher.lambda$dispatch$1(HddsDispatcher.java:190)
	at org.apache.hadoop.hdds.server.OzoneProtocolMessageDispatcher.processRequest(OzoneProtocolMessageDispatcher.java:87)
	at org.apache.hadoop.ozone.container.common.impl.HddsDispatcher.dispatch(HddsDispatcher.java:189)
	at org.apache.hadoop.ozone.client.rpc.TestContainerStateMachineFailures.testUnhealthyContainer(TestContainerStateMachineFailures.java:451)
	at java.base/jdk.internal.reflect.DirectMethodHandleAccessor.invoke(DirectMethodHandleAccessor.java:103)
	at java.base/java.lang.reflect.Method.invoke(Method.java:580)
	at org.junit.platform.commons.util.ReflectionUtils.invokeMethod(ReflectionUtils.java:787)
	at org.junit.platform.commons.support.ReflectionSupport.invokeMethod(ReflectionSupport.java:479)
	at org.junit.jupiter.engine.execution.MethodInvocation.proceed(MethodInvocation.java:60)
	at org.junit.jupiter.engine.execution.InvocationInterceptorChain$ValidatingInvocation.proceed(InvocationInterceptorChain.java:131)
	at org.junit.jupiter.engine.extension.SameThreadTimeoutInvocation.proceed(SameThreadTimeoutInvocation.java:49)
	at org.junit.jupiter.engine.extension.TimeoutExtension.intercept(TimeoutExtension.java:161)
	at org.junit.jupiter.engine.extension.TimeoutExtension.interceptTestableMethod(TimeoutExtension.java:152)
	at org.junit.jupiter.engine.extension.TimeoutExtension.interceptTestMethod(TimeoutExtension.java:91)
	at org.junit.jupiter.engine.execution.InterceptingExecutableInvoker$ReflectiveInterceptorCall.lambda$ofVoidMethod$0(InterceptingExecutableInvoker.java:112)
	at org.junit.jupiter.engine.execution.InterceptingExecutableInvoker.lambda$invoke$0(InterceptingExecutableInvoker.java:94)
	at org.junit.jupiter.engine.execution.InvocationInterceptorChain$InterceptedInvocation.proceed(InvocationInterceptorChain.java:106)
	at org.junit.jupiter.engine.execution.InvocationInterceptorChain.proceed(InvocationInterceptorChain.java:64)
	at org.junit.jupiter.engine.execution.InvocationInterceptorChain.chainAndInvoke(InvocationInterceptorChain.java:45)
	at org.junit.jupiter.engine.execution.InvocationInterceptorChain.invoke(InvocationInterceptorChain.java:37)
	at org.junit.jupiter.engine.execution.InterceptingExecutableInvoker.invoke(InterceptingExecutableInvoker.java:93)
	at org.junit.jupiter.engine.execution.InterceptingExecutableInvoker.invoke(InterceptingExecutableInvoker.java:87)
	at org.junit.jupiter.engine.descriptor.TestMethodTestDescriptor.lambda$invokeTestMethod$4(TestMethodTestDescriptor.java:221)
	at org.junit.platform.engine.support.hierarchical.ThrowableCollector.execute(ThrowableCollector.java:73)
	at org.junit.jupiter.engine.descriptor.TestMethodTestDescriptor.invokeTestMethod(TestMethodTestDescriptor.java:217)
	at org.junit.jupiter.engine.descriptor.TestMethodTestDescriptor.execute(TestMethodTestDescriptor.java:159)
	at org.junit.jupiter.engine.descriptor.TestMethodTestDescriptor.execute(TestMethodTestDescriptor.java:70)
	at org.junit.platform.engine.support.hierarchical.NodeTestTask.lambda$executeRecursively$6(NodeTestTask.java:157)
	at org.junit.platform.engine.support.hierarchical.ThrowableCollector.execute(ThrowableCollector.java:73)
	at org.junit.platform.engine.support.hierarchical.NodeTestTask.lambda$executeRecursively$8(NodeTestTask.java:147)
	at org.junit.platform.engine.support.hierarchical.Node.around(Node.java:137)
	at org.junit.platform.engine.support.hierarchical.NodeTestTask.lambda$executeRecursively$9(NodeTestTask.java:145)
	at org.junit.platform.engine.support.hierarchical.ThrowableCollector.execute(ThrowableCollector.java:73)
	at org.junit.platform.engine.support.hierarchical.NodeTestTask.executeRecursively(NodeTestTask.java:144)
	at org.junit.platform.engine.support.hierarchical.NodeTestTask.execute(NodeTestTask.java:101)
	at java.base/java.util.ArrayList.forEach(ArrayList.java:1596)
	at org.junit.platform.engine.support.hierarchical.SameThreadHierarchicalTestExecutorService.invokeAll(SameThreadHierarchicalTestExecutorService.java:41)
	at org.junit.platform.engine.support.hierarchical.NodeTestTask.lambda$executeRecursively$6(NodeTestTask.java:161)
	at org.junit.platform.engine.support.hierarchical.ThrowableCollector.execute(ThrowableCollector.java:73)
	at org.junit.platform.engine.support.hierarchical.NodeTestTask.lambda$executeRecursively$8(NodeTestTask.java:147)
	at org.junit.platform.engine.support.hierarchical.Node.around(Node.java:137)
	at org.junit.platform.engine.support.hierarchical.NodeTestTask.lambda$executeRecursively$9(NodeTestTask.java:145)
	at org.junit.platform.engine.support.hierarchical.ThrowableCollector.execute(ThrowableCollector.java:73)
	at org.junit.platform.engine.support.hierarchical.NodeTestTask.executeRecursively(NodeTestTask.java:144)
	at org.junit.platform.engine.support.hierarchical.NodeTestTask.execute(NodeTestTask.java:101)
	at java.base/java.util.ArrayList.forEach(ArrayList.java:1596)
	at org.junit.platform.engine.support.hierarchical.SameThreadHierarchicalTestExecutorService.invokeAll(SameThreadHierarchicalTestExecutorService.java:41)
	at org.junit.platform.engine.support.hierarchical.NodeTestTask.lambda$executeRecursively$6(NodeTestTask.java:161)
	at org.junit.platform.engine.support.hierarchical.ThrowableCollector.execute(ThrowableCollector.java:73)
	at org.junit.platform.engine.support.hierarchical.NodeTestTask.lambda$executeRecursively$8(NodeTestTask.java:147)
	at org.junit.platform.engine.support.hierarchical.Node.around(Node.java:137)
	at org.junit.platform.engine.support.hierarchical.NodeTestTask.lambda$executeRecursively$9(NodeTestTask.java:145)
	at org.junit.platform.engine.support.hierarchical.ThrowableCollector.execute(ThrowableCollector.java:73)
	at org.junit.platform.engine.support.hierarchical.NodeTestTask.executeRecursively(NodeTestTask.java:144)
	at org.junit.platform.engine.support.hierarchical.NodeTestTask.execute(NodeTestTask.java:101)
	at org.junit.platform.engine.support.hierarchical.SameThreadHierarchicalTestExecutorService.submit(SameThreadHierarchicalTestExecutorService.java:35)
	at org.junit.platform.engine.support.hierarchical.HierarchicalTestExecutor.execute(HierarchicalTestExecutor.java:57)
	at org.junit.platform.engine.support.hierarchical.HierarchicalTestEngine.execute(HierarchicalTestEngine.java:54)
	at org.junit.platform.launcher.core.EngineExecutionOrchestrator.executeEngine(EngineExecutionOrchestrator.java:230)
	at org.junit.platform.launcher.core.EngineExecutionOrchestrator.failOrExecuteEngine(EngineExecutionOrchestrator.java:204)
	at org.junit.platform.launcher.core.EngineExecutionOrchestrator.execute(EngineExecutionOrchestrator.java:172)
	at org.junit.platform.launcher.core.EngineExecutionOrchestrator.execute(EngineExecutionOrchestrator.java:101)
	at org.junit.platform.launcher.core.EngineExecutionOrchestrator.lambda$execute$0(EngineExecutionOrchestrator.java:64)
	at org.junit.platform.launcher.core.EngineExecutionOrchestrator.withInterceptedStreams(EngineExecutionOrchestrator.java:150)
	at org.junit.platform.launcher.core.EngineExecutionOrchestrator.execute(EngineExecutionOrchestrator.java:63)
	at org.junit.platform.launcher.core.DefaultLauncher.execute(DefaultLauncher.java:109)
	at org.junit.platform.launcher.core.DefaultLauncher.execute(DefaultLauncher.java:91)
	at org.junit.platform.launcher.core.DelegatingLauncher.execute(DelegatingLauncher.java:47)
	at org.junit.platform.launcher.core.InterceptingLauncher.lambda$execute$1(InterceptingLauncher.java:39)
	at org.junit.platform.launcher.core.ClasspathAlignmentCheckingLauncherInterceptor.intercept(ClasspathAlignmentCheckingLauncherInterceptor.java:25)
	at org.junit.platform.launcher.core.InterceptingLauncher.execute(InterceptingLauncher.java:38)
	at org.junit.platform.launcher.core.DelegatingLauncher.execute(DelegatingLauncher.java:47)
	at org.apache.maven.surefire.junitplatform.LazyLauncher.execute(LazyLauncher.java:56)
	at org.apache.maven.surefire.junitplatform.JUnitPlatformProvider.execute(JUnitPlatformProvider.java:184)
	at org.apache.maven.surefire.junitplatform.JUnitPlatformProvider.invokeAllTests(JUnitPlatformProvider.java:148)
	at org.apache.maven.surefire.junitplatform.JUnitPlatformProvider.invoke(JUnitPlatformProvider.java:120)
	at org.apache.maven.surefire.booter.ForkedBooter.runSuitesInProcess(ForkedBooter.java:385)
	at org.apache.maven.surefire.booter.ForkedBooter.execute(ForkedBooter.java:162)
	at org.apache.maven.surefire.booter.ForkedBooter.run(ForkedBooter.java:507)
	at org.apache.maven.surefire.booter.ForkedBooter.main(ForkedBooter.java:495)
2025-07-05 15:49:50,174 [EventQueue-CloseContainerForCloseContainerEventHandler] INFO  container.CloseContainerEventHandler (CloseContainerEventHandler.java:onMessage(88)) - Close container Event triggered for container : #7, current state: CLOSING
]]></system-out>
  </testcase>
  <testcase name="testContainerStateMachineDualFailureRetry" classname="org.apache.hadoop.ozone.client.rpc.TestContainerStateMachineFailures" time="13.071">
    <system-out><![CDATA[2025-07-05 15:49:50,180 [grpc-default-executor-2] INFO  server.RaftServer (RaftServerProxy.java:addNew(105)) - a2863246-e653-4b31-a3d0-09f3a93c429f: addNew group-D83282EFD40F:[16b3a642-386d-4aa9-ba22-a20b8f52ec18|127.0.0.1:15087, 092257cb-ba5a-4f8a-9b9c-d44861eaa450|127.0.0.1:15063, a2863246-e653-4b31-a3d0-09f3a93c429f|127.0.0.1:15071] returns group-D83282EFD40F:java.util.concurrent.CompletableFuture@7a38c841[Not completed]
2025-07-05 15:49:50,182 [a2863246-e653-4b31-a3d0-09f3a93c429f-groupManagement] WARN  statemachine.DatanodeConfiguration (DatanodeConfiguration.java:validateMinFreeSpace(751)) - hdds.datanode.volume.min.free.space.percent = -1.0 is invalid, should be between 0 and 1
2025-07-05 15:49:50,182 [a2863246-e653-4b31-a3d0-09f3a93c429f-groupManagement] INFO  server.RaftServer$Division (RaftServerImpl.java:<init>(268)) - a2863246-e653-4b31-a3d0-09f3a93c429f: new RaftServerImpl for group-D83282EFD40F:[16b3a642-386d-4aa9-ba22-a20b8f52ec18|127.0.0.1:15087, 092257cb-ba5a-4f8a-9b9c-d44861eaa450|127.0.0.1:15063, a2863246-e653-4b31-a3d0-09f3a93c429f|127.0.0.1:15071] with ContainerStateMachine:uninitialized
2025-07-05 15:49:50,182 [a2863246-e653-4b31-a3d0-09f3a93c429f-groupManagement] INFO  server.RaftServer$Division (ServerState.java:<init>(114)) - a2863246-e653-4b31-a3d0-09f3a93c429f@group-D83282EFD40F: ConfigurationManager, init=conf: {index: -1, cur=peers:[16b3a642-386d-4aa9-ba22-a20b8f52ec18|127.0.0.1:15087, 092257cb-ba5a-4f8a-9b9c-d44861eaa450|127.0.0.1:15063, a2863246-e653-4b31-a3d0-09f3a93c429f|127.0.0.1:15071]|listeners:[], old=null}, confs=<EMPTY_MAP>
2025-07-05 15:49:50,186 [a2863246-e653-4b31-a3d0-09f3a93c429f-groupManagement] INFO  server.RaftServerConfigKeys (ConfUtils.java:logGet(62)) - raft.server.storage.dir = [/home/runner/work/ozone/ozone/hadoop-ozone/integration-test/target/test-dir/MiniOzoneClusterImpl-0a3c97a5-d59a-4532-afef-c4940c4c02aa/ozone-meta/datanode-8/ratis] (custom)
2025-07-05 15:49:50,186 [a2863246-e653-4b31-a3d0-09f3a93c429f-groupManagement] INFO  storage.RaftStorageDirectory (RaftStorageDirectoryImpl.java:analyzeStorage(138)) - The storage directory /home/runner/work/ozone/ozone/hadoop-ozone/integration-test/target/test-dir/MiniOzoneClusterImpl-0a3c97a5-d59a-4532-afef-c4940c4c02aa/ozone-meta/datanode-8/ratis/455ba6d2-49b4-4087-b798-d83282efd40f does not exist. Creating ...
2025-07-05 15:49:50,187 [a2863246-e653-4b31-a3d0-09f3a93c429f-groupManagement] INFO  storage.RaftStorageDirectory (RaftStorageDirectoryImpl.java:tryLock(229)) - Lock on /home/runner/work/ozone/ozone/hadoop-ozone/integration-test/target/test-dir/MiniOzoneClusterImpl-0a3c97a5-d59a-4532-afef-c4940c4c02aa/ozone-meta/datanode-8/ratis/455ba6d2-49b4-4087-b798-d83282efd40f/in_use.lock acquired by nodename 44235@localhost
2025-07-05 15:49:50,189 [a2863246-e653-4b31-a3d0-09f3a93c429f-groupManagement] INFO  storage.RaftStorage (RaftStorageImpl.java:format(98)) - Storage directory /home/runner/work/ozone/ozone/hadoop-ozone/integration-test/target/test-dir/MiniOzoneClusterImpl-0a3c97a5-d59a-4532-afef-c4940c4c02aa/ozone-meta/datanode-8/ratis/455ba6d2-49b4-4087-b798-d83282efd40f has been successfully formatted.
2025-07-05 15:49:50,190 [a2863246-e653-4b31-a3d0-09f3a93c429f-groupManagement] INFO  ratis.ContainerStateMachine (ContainerStateMachine.java:initialize(339)) - a2863246-e653-4b31-a3d0-09f3a93c429f: initialize group-D83282EFD40F
2025-07-05 15:49:50,190 [a2863246-e653-4b31-a3d0-09f3a93c429f-groupManagement] INFO  ratis.ContainerStateMachine (ContainerStateMachine.java:loadSnapshot(347)) - group-D83282EFD40F: The snapshot info is null. Setting the last applied index to:<INITIAL_VALUE>
2025-07-05 15:49:50,190 [a2863246-e653-4b31-a3d0-09f3a93c429f-groupManagement] INFO  server.RaftServerConfigKeys (ConfUtils.java:logGet(62)) - raft.server.log.appender.buffer.byte-limit = 33554432 (custom)
2025-07-05 15:49:50,192 [a2863246-e653-4b31-a3d0-09f3a93c429f-groupManagement] INFO  server.RaftServerConfigKeys (ConfUtils.java:logGet(62)) - raft.server.log.segment.size.max = 67108864 (custom)
2025-07-05 15:49:50,192 [a2863246-e653-4b31-a3d0-09f3a93c429f-groupManagement] INFO  server.RaftServerConfigKeys (ConfUtils.java:logGet(62)) - raft.server.log.appender.buffer.byte-limit = 33554432 (custom)
2025-07-05 15:49:50,194 [a2863246-e653-4b31-a3d0-09f3a93c429f-groupManagement] INFO  util.AwaitToRun (AwaitToRun.java:start(81)) - Thread[#2035,a2863246-e653-4b31-a3d0-09f3a93c429f@group-D83282EFD40F-cacheEviction-AwaitToRun,5,main] started
2025-07-05 15:49:50,194 [a2863246-e653-4b31-a3d0-09f3a93c429f-groupManagement] INFO  segmented.SegmentedRaftLogWorker (SegmentedRaftLogWorker.java:<init>(190)) - new a2863246-e653-4b31-a3d0-09f3a93c429f@group-D83282EFD40F-SegmentedRaftLogWorker for RaftStorageImpl:Storage Directory /home/runner/work/ozone/ozone/hadoop-ozone/integration-test/target/test-dir/MiniOzoneClusterImpl-0a3c97a5-d59a-4532-afef-c4940c4c02aa/ozone-meta/datanode-8/ratis/455ba6d2-49b4-4087-b798-d83282efd40f
2025-07-05 15:49:50,195 [a2863246-e653-4b31-a3d0-09f3a93c429f-groupManagement] INFO  server.RaftServerConfigKeys (ConfUtils.java:logGet(62)) - raft.server.log.queue.byte-limit = 4294967296 (custom)
2025-07-05 15:49:50,195 [a2863246-e653-4b31-a3d0-09f3a93c429f-groupManagement] INFO  server.RaftServerConfigKeys (ConfUtils.java:logGet(62)) - raft.server.log.segment.size.max = 67108864 (custom)
2025-07-05 15:49:50,195 [a2863246-e653-4b31-a3d0-09f3a93c429f-groupManagement] INFO  server.RaftServerConfigKeys (ConfUtils.java:logGet(62)) - raft.server.log.preallocated.size = 4194304 (custom)
2025-07-05 15:49:50,195 [a2863246-e653-4b31-a3d0-09f3a93c429f-groupManagement] INFO  server.RaftServerConfigKeys (ConfUtils.java:logGet(62)) - raft.server.log.write.buffer.size = 33554440 (custom)
2025-07-05 15:49:50,201 [a2863246-e653-4b31-a3d0-09f3a93c429f-groupManagement] INFO  server.RaftServerConfigKeys (ConfUtils.java:logGet(62)) - raft.server.log.appender.buffer.byte-limit = 33554432 (custom)
2025-07-05 15:49:50,201 [a2863246-e653-4b31-a3d0-09f3a93c429f-groupManagement] INFO  segmented.SegmentedRaftLogWorker (SegmentedRaftLogWorker.java:lambda$new$0(141)) - a2863246-e653-4b31-a3d0-09f3a93c429f@group-D83282EFD40F-SegmentedRaftLogWorker: flushIndex: setUnconditionally 0 -> -1
2025-07-05 15:49:50,201 [a2863246-e653-4b31-a3d0-09f3a93c429f-groupManagement] INFO  segmented.SegmentedRaftLogWorker (SegmentedRaftLogWorker.java:lambda$new$0(141)) - a2863246-e653-4b31-a3d0-09f3a93c429f@group-D83282EFD40F-SegmentedRaftLogWorker: safeCacheEvictIndex: setUnconditionally 0 -> -1
2025-07-05 15:49:50,203 [a2863246-e653-4b31-a3d0-09f3a93c429f-groupManagement] INFO  server.RaftServer$Division (RaftServerImpl.java:start(405)) - a2863246-e653-4b31-a3d0-09f3a93c429f@group-D83282EFD40F: start as a follower, conf=conf: {index: -1, cur=peers:[16b3a642-386d-4aa9-ba22-a20b8f52ec18|127.0.0.1:15087, 092257cb-ba5a-4f8a-9b9c-d44861eaa450|127.0.0.1:15063, a2863246-e653-4b31-a3d0-09f3a93c429f|127.0.0.1:15071]|listeners:[], old=null}
2025-07-05 15:49:50,203 [a2863246-e653-4b31-a3d0-09f3a93c429f-groupManagement] INFO  server.RaftServer$Division (RaftServerImpl.java:setRole(392)) - a2863246-e653-4b31-a3d0-09f3a93c429f@group-D83282EFD40F: changes role from      null to FOLLOWER at term 0 for startAsFollower
2025-07-05 15:49:50,203 [a2863246-e653-4b31-a3d0-09f3a93c429f-groupManagement] INFO  impl.RoleInfo (RoleInfo.java:updateAndGet(148)) - a2863246-e653-4b31-a3d0-09f3a93c429f: start a2863246-e653-4b31-a3d0-09f3a93c429f@group-D83282EFD40F-FollowerState
2025-07-05 15:49:50,204 [a2863246-e653-4b31-a3d0-09f3a93c429f-groupManagement] INFO  util.JmxRegister (JmxRegister.java:tryRegister(44)) - Successfully registered JMX Bean with object name Ratis:service=RaftServer,group=group-D83282EFD40F,id=a2863246-e653-4b31-a3d0-09f3a93c429f
2025-07-05 15:49:50,204 [a2863246-e653-4b31-a3d0-09f3a93c429f-groupManagement] INFO  util.JmxRegister (JmxRegister.java:register(58)) - register mxBean class org.apache.ratis.server.impl.RaftServerJmxAdapter as Ratis:service=RaftServer,group=group-D83282EFD40F,id=a2863246-e653-4b31-a3d0-09f3a93c429f
2025-07-05 15:49:50,206 [a2863246-e653-4b31-a3d0-09f3a93c429f-groupManagement] INFO  server.RaftServer$Division (RaftServerImpl.java:start(419)) - a2863246-e653-4b31-a3d0-09f3a93c429f@group-D83282EFD40F: Successfully started.
2025-07-05 15:49:50,210 [092257cb-ba5a-4f8a-9b9c-d44861eaa450-PipelineCommandHandlerThread-0] INFO  commandhandler.CreatePipelineCommandHandler (CreatePipelineCommandHandler.java:lambda$handle$2(127)) - Created Pipeline RATIS THREE Pipeline-455ba6d2-49b4-4087-b798-d83282efd40f.
2025-07-05 15:49:50,214 [694b616d-7f52-4b82-b07e-10398eb153c5-ChunkWriter-1-0] WARN  statemachine.DatanodeConfiguration (DatanodeConfiguration.java:validateMinFreeSpace(751)) - hdds.datanode.volume.min.free.space.percent = -1.0 is invalid, should be between 0 and 1
2025-07-05 15:49:50,214 [694b616d-7f52-4b82-b07e-10398eb153c5-ChunkWriter-1-0] WARN  statemachine.DatanodeConfiguration (DatanodeConfiguration.java:validateMinFreeSpace(751)) - hdds.datanode.volume.min.free.space.percent = -1.0 is invalid, should be between 0 and 1
2025-07-05 15:49:50,219 [d3a92f5c-9e4a-48c5-9a32-2f34a6e85eb8-ChunkWriter-1-0] WARN  statemachine.DatanodeConfiguration (DatanodeConfiguration.java:validateMinFreeSpace(751)) - hdds.datanode.volume.min.free.space.percent = -1.0 is invalid, should be between 0 and 1
2025-07-05 15:49:50,219 [d3a92f5c-9e4a-48c5-9a32-2f34a6e85eb8-ChunkWriter-1-0] WARN  statemachine.DatanodeConfiguration (DatanodeConfiguration.java:validateMinFreeSpace(751)) - hdds.datanode.volume.min.free.space.percent = -1.0 is invalid, should be between 0 and 1
2025-07-05 15:49:50,222 [2e56514c-0608-4198-9fed-b4eba4d3d686-ChunkWriter-1-0] WARN  statemachine.DatanodeConfiguration (DatanodeConfiguration.java:validateMinFreeSpace(751)) - hdds.datanode.volume.min.free.space.percent = -1.0 is invalid, should be between 0 and 1
2025-07-05 15:49:50,223 [2e56514c-0608-4198-9fed-b4eba4d3d686-ChunkWriter-1-0] WARN  statemachine.DatanodeConfiguration (DatanodeConfiguration.java:validateMinFreeSpace(751)) - hdds.datanode.volume.min.free.space.percent = -1.0 is invalid, should be between 0 and 1
2025-07-05 15:49:50,232 [694b616d-7f52-4b82-b07e-10398eb153c5@group-C1D084BE788E-StateMachineUpdater] INFO  ratis.ContainerStateMachine (ContainerStateMachine.java:takeSnapshot(427)) - group-C1D084BE788E: Taking a snapshot at:(t:1, i:12) file /home/runner/work/ozone/ozone/hadoop-ozone/integration-test/target/test-dir/MiniOzoneClusterImpl-0a3c97a5-d59a-4532-afef-c4940c4c02aa/ozone-meta/datanode-5/ratis/07c2a4b9-1a6d-4d20-b06e-c1d084be788e/sm/snapshot.1_12
2025-07-05 15:49:50,235 [694b616d-7f52-4b82-b07e-10398eb153c5@group-C1D084BE788E-StateMachineUpdater] INFO  ratis.ContainerStateMachine (ContainerStateMachine.java:takeSnapshot(436)) - group-C1D084BE788E: Finished taking a snapshot at:(t:1, i:12) file:/home/runner/work/ozone/ozone/hadoop-ozone/integration-test/target/test-dir/MiniOzoneClusterImpl-0a3c97a5-d59a-4532-afef-c4940c4c02aa/ozone-meta/datanode-5/ratis/07c2a4b9-1a6d-4d20-b06e-c1d084be788e/sm/snapshot.1_12 took: 3 ms
2025-07-05 15:49:50,235 [694b616d-7f52-4b82-b07e-10398eb153c5@group-C1D084BE788E-StateMachineUpdater] INFO  impl.StateMachineUpdater (StateMachineUpdater.java:takeSnapshot(307)) - 694b616d-7f52-4b82-b07e-10398eb153c5@group-C1D084BE788E-StateMachineUpdater: Took a snapshot at index 12
2025-07-05 15:49:50,235 [694b616d-7f52-4b82-b07e-10398eb153c5@group-C1D084BE788E-StateMachineUpdater] INFO  impl.StateMachineUpdater (StateMachineUpdater.java:lambda$new$0(101)) - 694b616d-7f52-4b82-b07e-10398eb153c5@group-C1D084BE788E-StateMachineUpdater: snapshotIndex: updateIncreasingly 8 -> 12
2025-07-05 15:49:50,235 [694b616d-7f52-4b82-b07e-10398eb153c5@group-C1D084BE788E-StateMachineUpdater] INFO  ratis.ContainerStateMachine (ContainerStateMachine.java:takeSnapshot(427)) - group-C1D084BE788E: Taking a snapshot at:(t:1, i:13) file /home/runner/work/ozone/ozone/hadoop-ozone/integration-test/target/test-dir/MiniOzoneClusterImpl-0a3c97a5-d59a-4532-afef-c4940c4c02aa/ozone-meta/datanode-5/ratis/07c2a4b9-1a6d-4d20-b06e-c1d084be788e/sm/snapshot.1_13
2025-07-05 15:49:50,237 [694b616d-7f52-4b82-b07e-10398eb153c5@group-C1D084BE788E-StateMachineUpdater] INFO  ratis.ContainerStateMachine (ContainerStateMachine.java:takeSnapshot(436)) - group-C1D084BE788E: Finished taking a snapshot at:(t:1, i:13) file:/home/runner/work/ozone/ozone/hadoop-ozone/integration-test/target/test-dir/MiniOzoneClusterImpl-0a3c97a5-d59a-4532-afef-c4940c4c02aa/ozone-meta/datanode-5/ratis/07c2a4b9-1a6d-4d20-b06e-c1d084be788e/sm/snapshot.1_13 took: 2 ms
2025-07-05 15:49:50,237 [d3a92f5c-9e4a-48c5-9a32-2f34a6e85eb8-ChunkWriter-1-0] ERROR helpers.ContainerUtils (ContainerUtils.java:getChunkDir(273)) - Chunks dir /home/runner/work/ozone/ozone/hadoop-ozone/integration-test/target/test-dir/MiniOzoneClusterImpl-0a3c97a5-d59a-4532-afef-c4940c4c02aa/ozone-meta/datanode-6/data-0/hdds/0a3c97a5-d59a-4532-afef-c4940c4c02aa/current/containerDir0/9/chunks does not exist
2025-07-05 15:49:50,238 [694b616d-7f52-4b82-b07e-10398eb153c5@group-C1D084BE788E-StateMachineUpdater] INFO  impl.StateMachineUpdater (StateMachineUpdater.java:takeSnapshot(307)) - 694b616d-7f52-4b82-b07e-10398eb153c5@group-C1D084BE788E-StateMachineUpdater: Took a snapshot at index 13
2025-07-05 15:49:50,238 [d3a92f5c-9e4a-48c5-9a32-2f34a6e85eb8-ChunkWriter-1-0] WARN  keyvalue.KeyValueHandler (ContainerUtils.java:logAndReturnError(94)) - Operation: WriteChunk , Trace ID:  , Message: Chunks directory /home/runner/work/ozone/ozone/hadoop-ozone/integration-test/target/test-dir/MiniOzoneClusterImpl-0a3c97a5-d59a-4532-afef-c4940c4c02aa/ozone-meta/datanode-6/data-0/hdds/0a3c97a5-d59a-4532-afef-c4940c4c02aa/current/containerDir0/9/chunks does not exist. , Result: UNABLE_TO_FIND_DATA_DIR , StorageContainerException Occurred.
org.apache.hadoop.hdds.scm.container.common.helpers.StorageContainerException: Chunks directory /home/runner/work/ozone/ozone/hadoop-ozone/integration-test/target/test-dir/MiniOzoneClusterImpl-0a3c97a5-d59a-4532-afef-c4940c4c02aa/ozone-meta/datanode-6/data-0/hdds/0a3c97a5-d59a-4532-afef-c4940c4c02aa/current/containerDir0/9/chunks does not exist.
	at org.apache.hadoop.ozone.container.common.helpers.ContainerUtils.getChunkDir(ContainerUtils.java:275)
	at org.apache.hadoop.ozone.container.common.impl.ContainerLayoutVersion.getChunkFile(ContainerLayoutVersion.java:115)
	at org.apache.hadoop.ozone.container.keyvalue.impl.FilePerBlockStrategy.getChunkFile(FilePerBlockStrategy.java:300)
	at org.apache.hadoop.ozone.container.keyvalue.impl.FilePerBlockStrategy.writeChunk(FilePerBlockStrategy.java:148)
	at org.apache.hadoop.ozone.container.keyvalue.impl.ChunkManagerDispatcher.writeChunk(ChunkManagerDispatcher.java:70)
	at org.apache.hadoop.ozone.container.keyvalue.KeyValueHandler.handleWriteChunk(KeyValueHandler.java:1029)
	at org.apache.hadoop.ozone.container.keyvalue.KeyValueHandler.dispatchRequest(KeyValueHandler.java:342)
	at org.apache.hadoop.ozone.container.keyvalue.KeyValueHandler.handle(KeyValueHandler.java:293)
	at org.apache.hadoop.ozone.container.common.impl.HddsDispatcher.dispatchRequest(HddsDispatcher.java:365)
	at org.apache.hadoop.ozone.container.common.impl.HddsDispatcher.lambda$dispatch$1(HddsDispatcher.java:190)
	at org.apache.hadoop.hdds.server.OzoneProtocolMessageDispatcher.processRequest(OzoneProtocolMessageDispatcher.java:87)
	at org.apache.hadoop.ozone.container.common.impl.HddsDispatcher.dispatch(HddsDispatcher.java:189)
	at org.apache.hadoop.ozone.container.common.transport.server.ratis.ContainerStateMachine.dispatchCommand(ContainerStateMachine.java:567)
	at org.apache.hadoop.ozone.container.common.transport.server.ratis.ContainerStateMachine.lambda$writeStateMachineData$2(ContainerStateMachine.java:622)
	at java.base/java.util.concurrent.FutureTask.run(FutureTask.java:317)
	at java.base/java.util.concurrent.ThreadPoolExecutor.runWorker(ThreadPoolExecutor.java:1144)
	at java.base/java.util.concurrent.ThreadPoolExecutor$Worker.run(ThreadPoolExecutor.java:642)
	at java.base/java.lang.Thread.run(Thread.java:1583)
2025-07-05 15:49:50,238 [694b616d-7f52-4b82-b07e-10398eb153c5@group-C1D084BE788E-StateMachineUpdater] INFO  impl.StateMachineUpdater (StateMachineUpdater.java:lambda$new$0(101)) - 694b616d-7f52-4b82-b07e-10398eb153c5@group-C1D084BE788E-StateMachineUpdater: snapshotIndex: updateIncreasingly 12 -> 13
2025-07-05 15:49:50,242 [2e56514c-0608-4198-9fed-b4eba4d3d686@group-C1D084BE788E-StateMachineUpdater] INFO  ratis.ContainerStateMachine (ContainerStateMachine.java:takeSnapshot(427)) - group-C1D084BE788E: Taking a snapshot at:(t:1, i:13) file /home/runner/work/ozone/ozone/hadoop-ozone/integration-test/target/test-dir/MiniOzoneClusterImpl-0a3c97a5-d59a-4532-afef-c4940c4c02aa/ozone-meta/datanode-4/ratis/07c2a4b9-1a6d-4d20-b06e-c1d084be788e/sm/snapshot.1_13
2025-07-05 15:49:50,245 [2e56514c-0608-4198-9fed-b4eba4d3d686@group-C1D084BE788E-StateMachineUpdater] INFO  ratis.ContainerStateMachine (ContainerStateMachine.java:takeSnapshot(436)) - group-C1D084BE788E: Finished taking a snapshot at:(t:1, i:13) file:/home/runner/work/ozone/ozone/hadoop-ozone/integration-test/target/test-dir/MiniOzoneClusterImpl-0a3c97a5-d59a-4532-afef-c4940c4c02aa/ozone-meta/datanode-4/ratis/07c2a4b9-1a6d-4d20-b06e-c1d084be788e/sm/snapshot.1_13 took: 2 ms
2025-07-05 15:49:50,245 [2e56514c-0608-4198-9fed-b4eba4d3d686@group-C1D084BE788E-StateMachineUpdater] INFO  impl.StateMachineUpdater (StateMachineUpdater.java:takeSnapshot(307)) - 2e56514c-0608-4198-9fed-b4eba4d3d686@group-C1D084BE788E-StateMachineUpdater: Took a snapshot at index 13
2025-07-05 15:49:50,245 [2e56514c-0608-4198-9fed-b4eba4d3d686@group-C1D084BE788E-StateMachineUpdater] INFO  impl.StateMachineUpdater (StateMachineUpdater.java:lambda$new$0(101)) - 2e56514c-0608-4198-9fed-b4eba4d3d686@group-C1D084BE788E-StateMachineUpdater: snapshotIndex: updateIncreasingly 10 -> 13
2025-07-05 15:49:50,250 [d3a92f5c-9e4a-48c5-9a32-2f34a6e85eb8-ChunkWriter-1-0] WARN  keyvalue.KeyValueContainer (KeyValueContainer.java:markContainerUnhealthy(397)) - Marked container UNHEALTHY from OPEN: KeyValueContainerData #9 (UNHEALTHY, non-empty, ri=0, origin=[dn_d3a92f5c-9e4a-48c5-9a32-2f34a6e85eb8, pipeline_07c2a4b9-1a6d-4d20-b06e-c1d084be788e])
2025-07-05 15:49:50,250 [694b616d-7f52-4b82-b07e-10398eb153c5@group-C1D084BE788E-StateMachineUpdater] INFO  ratis.ContainerStateMachine (ContainerStateMachine.java:takeSnapshot(427)) - group-C1D084BE788E: Taking a snapshot at:(t:1, i:14) file /home/runner/work/ozone/ozone/hadoop-ozone/integration-test/target/test-dir/MiniOzoneClusterImpl-0a3c97a5-d59a-4532-afef-c4940c4c02aa/ozone-meta/datanode-5/ratis/07c2a4b9-1a6d-4d20-b06e-c1d084be788e/sm/snapshot.1_14
2025-07-05 15:49:50,252 [694b616d-7f52-4b82-b07e-10398eb153c5@group-C1D084BE788E-StateMachineUpdater] INFO  ratis.ContainerStateMachine (ContainerStateMachine.java:takeSnapshot(436)) - group-C1D084BE788E: Finished taking a snapshot at:(t:1, i:14) file:/home/runner/work/ozone/ozone/hadoop-ozone/integration-test/target/test-dir/MiniOzoneClusterImpl-0a3c97a5-d59a-4532-afef-c4940c4c02aa/ozone-meta/datanode-5/ratis/07c2a4b9-1a6d-4d20-b06e-c1d084be788e/sm/snapshot.1_14 took: 2 ms
2025-07-05 15:49:50,253 [d3a92f5c-9e4a-48c5-9a32-2f34a6e85eb8-ChunkWriter-1-0] WARN  keyvalue.KeyValueHandler (KeyValueHandler.java:updateAndGetContainerChecksum(1451)) - Container data checksum updated from 0 to 1bdd5b56
2025-07-05T15:49:50.254527932Z d3a92f5c-9e4a-48c5-9a32-2f34a6e85eb8-ChunkWriter-1-0 ERROR ID=9 | Index=0 | BCSID=12 | State=UNHEALTHY | Volume=/home/runner/work/ozone/ozone/hadoop-ozone/integration-test/target/test-dir/MiniOzoneClusterImpl-0a3c97a5-d59a-4532-afef-c4940c4c02aa/ozone-meta/datanode-6/data-0/hdds | DataChecksum=1bdd5b56 | Container has 1 error: WRITE_FAILURE for file /home/runner/work/ozone/ozone/hadoop-ozone/integration-test/target/test-dir/MiniOzoneClusterImpl-0a3c97a5-d59a-4532-afef-c4940c4c02aa/ozone-meta/datanode-6/data-0/hdds/0a3c97a5-d59a-4532-afef-c4940c4c02aa/current/containerDir0/9 with exception: org.apache.hadoop.hdds.scm.container.common.helpers.StorageContainerException2025-07-05 15:49:50,254 [694b616d-7f52-4b82-b07e-10398eb153c5@group-C1D084BE788E-StateMachineUpdater] INFO  impl.SimpleStateMachineStorage (SimpleStateMachineStorage.java:lambda$cleanupOldSnapshots$1(126)) - Deleting old snapshot at /home/runner/work/ozone/ozone/hadoop-ozone/integration-test/target/test-dir/MiniOzoneClusterImpl-0a3c97a5-d59a-4532-afef-c4940c4c02aa/ozone-meta/datanode-5/ratis/07c2a4b9-1a6d-4d20-b06e-c1d084be788e/sm/snapshot.1_0
2025-07-05 15:49:50,254 [694b616d-7f52-4b82-b07e-10398eb153c5@group-C1D084BE788E-StateMachineUpdater] INFO  impl.StateMachineUpdater (StateMachineUpdater.java:takeSnapshot(307)) - 694b616d-7f52-4b82-b07e-10398eb153c5@group-C1D084BE788E-StateMachineUpdater: Took a snapshot at index 14
2025-07-05 15:49:50,254 [694b616d-7f52-4b82-b07e-10398eb153c5@group-C1D084BE788E-StateMachineUpdater] INFO  impl.StateMachineUpdater (StateMachineUpdater.java:lambda$new$0(101)) - 694b616d-7f52-4b82-b07e-10398eb153c5@group-C1D084BE788E-StateMachineUpdater: snapshotIndex: updateIncreasingly 13 -> 14
2025-07-05 15:49:50,255 [694b616d-7f52-4b82-b07e-10398eb153c5@group-C1D084BE788E-StateMachineUpdater] INFO  ratis.ContainerStateMachine (ContainerStateMachine.java:takeSnapshot(427)) - group-C1D084BE788E: Taking a snapshot at:(t:1, i:17) file /home/runner/work/ozone/ozone/hadoop-ozone/integration-test/target/test-dir/MiniOzoneClusterImpl-0a3c97a5-d59a-4532-afef-c4940c4c02aa/ozone-meta/datanode-5/ratis/07c2a4b9-1a6d-4d20-b06e-c1d084be788e/sm/snapshot.1_17
2025-07-05 15:49:50,253 [2e56514c-0608-4198-9fed-b4eba4d3d686@group-C1D084BE788E-StateMachineUpdater] INFO  ratis.ContainerStateMachine (ContainerStateMachine.java:takeSnapshot(427)) - group-C1D084BE788E: Taking a snapshot at:(t:1, i:14) file /home/runner/work/ozone/ozone/hadoop-ozone/integration-test/target/test-dir/MiniOzoneClusterImpl-0a3c97a5-d59a-4532-afef-c4940c4c02aa/ozone-meta/datanode-4/ratis/07c2a4b9-1a6d-4d20-b06e-c1d084be788e/sm/snapshot.1_14
2025-07-05 15:49:50,255 [d3a92f5c-9e4a-48c5-9a32-2f34a6e85eb8-ChunkWriter-1-0] INFO  impl.HddsDispatcher (HddsDispatcher.java:dispatchRequest(411)) - Marked Container UNHEALTHY, ContainerID: 9
2025-07-05T15:49:50.256072549Z d3a92f5c-9e4a-48c5-9a32-2f34a6e85eb8-ChunkWriter-1-0 ERROR user=null | ip=null | op=WRITE_CHUNK {blockData=conID: 9 locID: 115816896921600009 bcsId: 12 replicaIndex: 0, offset=5, size=10, stage=WRITE_DATA} | ret=FAILURE
java.lang.Exception: Chunks directory /home/runner/work/ozone/ozone/hadoop-ozone/integration-test/target/test-dir/MiniOzoneClusterImpl-0a3c97a5-d59a-4532-afef-c4940c4c02aa/ozone-meta/datanode-6/data-0/hdds/0a3c97a5-d59a-4532-afef-c4940c4c02aa/current/containerDir0/9/chunks does not exist.
	at org.apache.hadoop.ozone.container.common.impl.HddsDispatcher.dispatchRequest(HddsDispatcher.java:439)
	at org.apache.hadoop.ozone.container.common.impl.HddsDispatcher.lambda$dispatch$1(HddsDispatcher.java:190)
	at org.apache.hadoop.hdds.server.OzoneProtocolMessageDispatcher.processRequest(OzoneProtocolMessageDispatcher.java:87)
	at org.apache.hadoop.ozone.container.common.impl.HddsDispatcher.dispatch(HddsDispatcher.java:189)
	at org.apache.hadoop.ozone.container.common.transport.server.ratis.ContainerStateMachine.dispatchCommand(ContainerStateMachine.java:567)
	at org.apache.hadoop.ozone.container.common.transport.server.ratis.ContainerStateMachine.lambda$writeStateMachineData$2(ContainerStateMachine.java:622)
	at java.base/java.util.concurrent.FutureTask.run(FutureTask.java:317)
	at java.base/java.util.concurrent.ThreadPoolExecutor.runWorker(ThreadPoolExecutor.java:1144)
	at java.base/java.util.concurrent.ThreadPoolExecutor$Worker.run(ThreadPoolExecutor.java:642)
	at java.base/java.lang.Thread.run(Thread.java:1583)
2025-07-05 15:49:50,256 [d3a92f5c-9e4a-48c5-9a32-2f34a6e85eb8-ChunkWriter-1-0] ERROR ratis.ContainerStateMachine (ContainerStateMachine.java:handleCommandResult(662)) - group-C1D084BE788E: writeChunk writeStateMachineData failed: blockIdcontainerID: 9
localID: 115816896921600009
blockCommitSequenceId: 12
replicaIndex: 0
 logIndex 14 chunkName 115816896921600009_chunk_2 Error message: Chunks directory /home/runner/work/ozone/ozone/hadoop-ozone/integration-test/target/test-dir/MiniOzoneClusterImpl-0a3c97a5-d59a-4532-afef-c4940c4c02aa/ozone-meta/datanode-6/data-0/hdds/0a3c97a5-d59a-4532-afef-c4940c4c02aa/current/containerDir0/9/chunks does not exist. Container Result: UNABLE_TO_FIND_DATA_DIR
2025-07-05 15:49:50,256 [FixedThreadPoolWithAffinityExecutor-1-0] INFO  container.IncrementalContainerReportHandler (AbstractContainerReportHandler.java:updateContainerState(253)) - FINALIZE (i.e. CLOSING) Container #9 (OPEN, sid=0) r0 (UNHEALTHY, bcsid=12, origin=d3a92f5c-9e4a-48c5-9a32-2f34a6e85eb8, non-empty) from dn d3a92f5c-9e4a-48c5-9a32-2f34a6e85eb8(localhost/127.0.0.1)
2025-07-05 15:49:50,256 [2e56514c-0608-4198-9fed-b4eba4d3d686@group-C1D084BE788E-StateMachineUpdater] INFO  ratis.ContainerStateMachine (ContainerStateMachine.java:takeSnapshot(436)) - group-C1D084BE788E: Finished taking a snapshot at:(t:1, i:14) file:/home/runner/work/ozone/ozone/hadoop-ozone/integration-test/target/test-dir/MiniOzoneClusterImpl-0a3c97a5-d59a-4532-afef-c4940c4c02aa/ozone-meta/datanode-4/ratis/07c2a4b9-1a6d-4d20-b06e-c1d084be788e/sm/snapshot.1_14 took: 4 ms
2025-07-05 15:49:50,257 [2e56514c-0608-4198-9fed-b4eba4d3d686@group-C1D084BE788E-StateMachineUpdater] INFO  impl.SimpleStateMachineStorage (SimpleStateMachineStorage.java:lambda$cleanupOldSnapshots$1(126)) - Deleting old snapshot at /home/runner/work/ozone/ozone/hadoop-ozone/integration-test/target/test-dir/MiniOzoneClusterImpl-0a3c97a5-d59a-4532-afef-c4940c4c02aa/ozone-meta/datanode-4/ratis/07c2a4b9-1a6d-4d20-b06e-c1d084be788e/sm/snapshot.1_0
2025-07-05 15:49:50,257 [2e56514c-0608-4198-9fed-b4eba4d3d686@group-C1D084BE788E-StateMachineUpdater] INFO  impl.StateMachineUpdater (StateMachineUpdater.java:takeSnapshot(307)) - 2e56514c-0608-4198-9fed-b4eba4d3d686@group-C1D084BE788E-StateMachineUpdater: Took a snapshot at index 14
2025-07-05 15:49:50,257 [2e56514c-0608-4198-9fed-b4eba4d3d686@group-C1D084BE788E-StateMachineUpdater] INFO  impl.StateMachineUpdater (StateMachineUpdater.java:lambda$new$0(101)) - 2e56514c-0608-4198-9fed-b4eba4d3d686@group-C1D084BE788E-StateMachineUpdater: snapshotIndex: updateIncreasingly 13 -> 14
2025-07-05 15:49:50,257 [694b616d-7f52-4b82-b07e-10398eb153c5@group-C1D084BE788E-StateMachineUpdater] INFO  ratis.ContainerStateMachine (ContainerStateMachine.java:takeSnapshot(436)) - group-C1D084BE788E: Finished taking a snapshot at:(t:1, i:17) file:/home/runner/work/ozone/ozone/hadoop-ozone/integration-test/target/test-dir/MiniOzoneClusterImpl-0a3c97a5-d59a-4532-afef-c4940c4c02aa/ozone-meta/datanode-5/ratis/07c2a4b9-1a6d-4d20-b06e-c1d084be788e/sm/snapshot.1_17 took: 2 ms
2025-07-05 15:49:50,257 [694b616d-7f52-4b82-b07e-10398eb153c5@group-C1D084BE788E-StateMachineUpdater] INFO  impl.SimpleStateMachineStorage (SimpleStateMachineStorage.java:lambda$cleanupOldSnapshots$1(126)) - Deleting old snapshot at /home/runner/work/ozone/ozone/hadoop-ozone/integration-test/target/test-dir/MiniOzoneClusterImpl-0a3c97a5-d59a-4532-afef-c4940c4c02aa/ozone-meta/datanode-5/ratis/07c2a4b9-1a6d-4d20-b06e-c1d084be788e/sm/snapshot.1_6
2025-07-05 15:49:50,257 [694b616d-7f52-4b82-b07e-10398eb153c5@group-C1D084BE788E-StateMachineUpdater] INFO  impl.StateMachineUpdater (StateMachineUpdater.java:takeSnapshot(307)) - 694b616d-7f52-4b82-b07e-10398eb153c5@group-C1D084BE788E-StateMachineUpdater: Took a snapshot at index 17
2025-07-05 15:49:50,257 [694b616d-7f52-4b82-b07e-10398eb153c5@group-C1D084BE788E-StateMachineUpdater] INFO  impl.StateMachineUpdater (StateMachineUpdater.java:lambda$new$0(101)) - 694b616d-7f52-4b82-b07e-10398eb153c5@group-C1D084BE788E-StateMachineUpdater: snapshotIndex: updateIncreasingly 14 -> 17
2025-07-05 15:49:50,258 [EventQueue-CloseContainerForCloseContainerEventHandler] INFO  container.CloseContainerEventHandler (CloseContainerEventHandler.java:onMessage(88)) - Close container Event triggered for container : #9, current state: OPEN
2025-07-05 15:49:50,259 [d3a92f5c-9e4a-48c5-9a32-2f34a6e85eb8@group-C1D084BE788E-SegmentedRaftLogWorker] ERROR ratis.ContainerStateMachine (ContainerStateMachine.java:notifyLogFailed(1268)) - group-C1D084BE788E: (t:1, i:14) cmdType: WriteChunk traceID: "" containerID: 9 datanodeUuid: "d3a92f5c-9e4a-48c5-9a32-2f34a6e85eb8" pipelineID: "07c2a4b9-1a6d-4d20-b06e-c1d084be788e" writeChunk { blockID { containerID: 9 localID: 115816896921600009 blockCommitSequenceId: 12 replicaIndex: 0 } chunkData { chunkName: "115816896921600009_chunk_2" offset: 5 len: 10 checksumData { type: CRC32 bytesPerChecksum: 16384 checksums: "\317\357R*" } } } version: 3, container path=/home/runner/work/ozone/ozone/hadoop-ozone/integration-test/target/test-dir/MiniOzoneClusterImpl-0a3c97a5-d59a-4532-afef-c4940c4c02aa/ozone-meta/datanode-6/data-0/hdds/0a3c97a5-d59a-4532-afef-c4940c4c02aa/current/containerDir0/9
org.apache.hadoop.hdds.scm.container.common.helpers.StorageContainerException: Chunks directory /home/runner/work/ozone/ozone/hadoop-ozone/integration-test/target/test-dir/MiniOzoneClusterImpl-0a3c97a5-d59a-4532-afef-c4940c4c02aa/ozone-meta/datanode-6/data-0/hdds/0a3c97a5-d59a-4532-afef-c4940c4c02aa/current/containerDir0/9/chunks does not exist.
	at org.apache.hadoop.ozone.container.common.transport.server.ratis.ContainerStateMachine.handleCommandResult(ContainerStateMachine.java:661)
	at org.apache.hadoop.ozone.container.common.transport.server.ratis.ContainerStateMachine.lambda$writeStateMachineData$2(ContainerStateMachine.java:623)
	at java.base/java.util.concurrent.FutureTask.run(FutureTask.java:317)
	at java.base/java.util.concurrent.ThreadPoolExecutor.runWorker(ThreadPoolExecutor.java:1144)
	at java.base/java.util.concurrent.ThreadPoolExecutor$Worker.run(ThreadPoolExecutor.java:642)
	at java.base/java.lang.Thread.run(Thread.java:1583)
2025-07-05 15:49:50,261 [d3a92f5c-9e4a-48c5-9a32-2f34a6e85eb8@group-C1D084BE788E-SegmentedRaftLogWorker] WARN  ratis.XceiverServerRatis (XceiverServerRatis.java:triggerPipelineClose(758)) - pipeline Action CLOSE on pipeline Pipeline-07c2a4b9-1a6d-4d20-b06e-c1d084be788e.Reason : Chunks directory /home/runner/work/ozone/ozone/hadoop-ozone/integration-test/target/test-dir/MiniOzoneClusterImpl-0a3c97a5-d59a-4532-afef-c4940c4c02aa/ozone-meta/datanode-6/data-0/hdds/0a3c97a5-d59a-4532-afef-c4940c4c02aa/current/containerDir0/9/chunks does not exist.
2025-07-05 15:49:50,262 [d3a92f5c-9e4a-48c5-9a32-2f34a6e85eb8-server-thread2] WARN  server.GrpcServerProtocolService (LogUtils.java:warn(129)) - d3a92f5c-9e4a-48c5-9a32-2f34a6e85eb8: Failed APPEND_ENTRIES request 694b616d-7f52-4b82-b07e-10398eb153c5->d3a92f5c-9e4a-48c5-9a32-2f34a6e85eb8#62-t1,previous=(t:1, i:13),leaderCommit=13,initializing? false,entries: size=1, first=(t:1, i:14), STATEMACHINELOGENTRY, WRITE: logData.size=154, stateMachineData.size=10, logEntryProtoSerializedSize=0
java.util.concurrent.CompletionException: org.apache.hadoop.hdds.scm.container.common.helpers.StorageContainerException: Chunks directory /home/runner/work/ozone/ozone/hadoop-ozone/integration-test/target/test-dir/MiniOzoneClusterImpl-0a3c97a5-d59a-4532-afef-c4940c4c02aa/ozone-meta/datanode-6/data-0/hdds/0a3c97a5-d59a-4532-afef-c4940c4c02aa/current/containerDir0/9/chunks does not exist.
	at java.base/java.util.concurrent.CompletableFuture.encodeThrowable(CompletableFuture.java:332)
	at java.base/java.util.concurrent.CompletableFuture.completeThrowable(CompletableFuture.java:347)
	at java.base/java.util.concurrent.CompletableFuture$BiRelay.tryFire(CompletableFuture.java:1498)
	at java.base/java.util.concurrent.CompletableFuture$CoCompletion.tryFire(CompletableFuture.java:1219)
	at java.base/java.util.concurrent.CompletableFuture.postComplete(CompletableFuture.java:510)
	at java.base/java.util.concurrent.CompletableFuture.completeExceptionally(CompletableFuture.java:2194)
	at org.apache.ratis.server.raftlog.segmented.SegmentedRaftLog$Task.failed(SegmentedRaftLog.java:109)
	at org.apache.ratis.server.raftlog.segmented.SegmentedRaftLogWorker$WriteLog.failed(SegmentedRaftLogWorker.java:530)
	at org.apache.ratis.server.raftlog.segmented.SegmentedRaftLogWorker.run(SegmentedRaftLogWorker.java:326)
	at java.base/java.util.concurrent.Executors$RunnableAdapter.call(Executors.java:572)
	at java.base/java.util.concurrent.FutureTask.run(FutureTask.java:317)
	at java.base/java.util.concurrent.ThreadPoolExecutor.runWorker(ThreadPoolExecutor.java:1144)
	at java.base/java.util.concurrent.ThreadPoolExecutor$Worker.run(ThreadPoolExecutor.java:642)
	at java.base/java.lang.Thread.run(Thread.java:1583)
Caused by: org.apache.hadoop.hdds.scm.container.common.helpers.StorageContainerException: Chunks directory /home/runner/work/ozone/ozone/hadoop-ozone/integration-test/target/test-dir/MiniOzoneClusterImpl-0a3c97a5-d59a-4532-afef-c4940c4c02aa/ozone-meta/datanode-6/data-0/hdds/0a3c97a5-d59a-4532-afef-c4940c4c02aa/current/containerDir0/9/chunks does not exist.
	at org.apache.hadoop.ozone.container.common.transport.server.ratis.ContainerStateMachine.handleCommandResult(ContainerStateMachine.java:661)
	at org.apache.hadoop.ozone.container.common.transport.server.ratis.ContainerStateMachine.lambda$writeStateMachineData$2(ContainerStateMachine.java:623)
	... 4 more
2025-07-05 15:49:50,262 [d3a92f5c-9e4a-48c5-9a32-2f34a6e85eb8-server-thread3] WARN  server.GrpcServerProtocolService (LogUtils.java:warn(129)) - d3a92f5c-9e4a-48c5-9a32-2f34a6e85eb8: Failed APPEND_ENTRIES request 694b616d-7f52-4b82-b07e-10398eb153c5->d3a92f5c-9e4a-48c5-9a32-2f34a6e85eb8#63-t1,previous=(t:1, i:14),leaderCommit=13,initializing? false,entries: size=1, first=(t:1, i:15), STATEMACHINELOGENTRY, WRITE: logData.size=217, stateMachineData.size=0, logEntryProtoSerializedSize=0
java.util.concurrent.CompletionException: org.apache.hadoop.hdds.scm.container.common.helpers.StorageContainerException: Chunks directory /home/runner/work/ozone/ozone/hadoop-ozone/integration-test/target/test-dir/MiniOzoneClusterImpl-0a3c97a5-d59a-4532-afef-c4940c4c02aa/ozone-meta/datanode-6/data-0/hdds/0a3c97a5-d59a-4532-afef-c4940c4c02aa/current/containerDir0/9/chunks does not exist.
	at java.base/java.util.concurrent.CompletableFuture.encodeThrowable(CompletableFuture.java:332)
	at java.base/java.util.concurrent.CompletableFuture.completeThrowable(CompletableFuture.java:347)
	at java.base/java.util.concurrent.CompletableFuture$BiRelay.tryFire(CompletableFuture.java:1498)
	at java.base/java.util.concurrent.CompletableFuture$CoCompletion.tryFire(CompletableFuture.java:1219)
	at java.base/java.util.concurrent.CompletableFuture.postComplete(CompletableFuture.java:510)
	at java.base/java.util.concurrent.CompletableFuture.completeExceptionally(CompletableFuture.java:2194)
	at org.apache.ratis.server.raftlog.segmented.SegmentedRaftLog$Task.failed(SegmentedRaftLog.java:109)
	at org.apache.ratis.server.raftlog.segmented.SegmentedRaftLogWorker$WriteLog.failed(SegmentedRaftLogWorker.java:530)
	at org.apache.ratis.server.raftlog.segmented.SegmentedRaftLogWorker.run(SegmentedRaftLogWorker.java:326)
	at java.base/java.util.concurrent.Executors$RunnableAdapter.call(Executors.java:572)
	at java.base/java.util.concurrent.FutureTask.run(FutureTask.java:317)
	at java.base/java.util.concurrent.ThreadPoolExecutor.runWorker(ThreadPoolExecutor.java:1144)
	at java.base/java.util.concurrent.ThreadPoolExecutor$Worker.run(ThreadPoolExecutor.java:642)
	at java.base/java.lang.Thread.run(Thread.java:1583)
Caused by: org.apache.hadoop.hdds.scm.container.common.helpers.StorageContainerException: Chunks directory /home/runner/work/ozone/ozone/hadoop-ozone/integration-test/target/test-dir/MiniOzoneClusterImpl-0a3c97a5-d59a-4532-afef-c4940c4c02aa/ozone-meta/datanode-6/data-0/hdds/0a3c97a5-d59a-4532-afef-c4940c4c02aa/current/containerDir0/9/chunks does not exist.
	at org.apache.hadoop.ozone.container.common.transport.server.ratis.ContainerStateMachine.handleCommandResult(ContainerStateMachine.java:661)
	at org.apache.hadoop.ozone.container.common.transport.server.ratis.ContainerStateMachine.lambda$writeStateMachineData$2(ContainerStateMachine.java:623)
	... 4 more
2025-07-05 15:49:50,263 [d3a92f5c-9e4a-48c5-9a32-2f34a6e85eb8-server-thread4] WARN  server.GrpcServerProtocolService (LogUtils.java:warn(129)) - d3a92f5c-9e4a-48c5-9a32-2f34a6e85eb8: Failed APPEND_ENTRIES request 694b616d-7f52-4b82-b07e-10398eb153c5->d3a92f5c-9e4a-48c5-9a32-2f34a6e85eb8#65-t1,previous=(t:1, i:15),leaderCommit=14,initializing? false,entries: size=1, first=(t:1, i:16), METADATAENTRY(c:14)
java.util.concurrent.CompletionException: org.apache.hadoop.hdds.scm.container.common.helpers.StorageContainerException: Chunks directory /home/runner/work/ozone/ozone/hadoop-ozone/integration-test/target/test-dir/MiniOzoneClusterImpl-0a3c97a5-d59a-4532-afef-c4940c4c02aa/ozone-meta/datanode-6/data-0/hdds/0a3c97a5-d59a-4532-afef-c4940c4c02aa/current/containerDir0/9/chunks does not exist.
	at java.base/java.util.concurrent.CompletableFuture.encodeThrowable(CompletableFuture.java:332)
	at java.base/java.util.concurrent.CompletableFuture.completeThrowable(CompletableFuture.java:347)
	at java.base/java.util.concurrent.CompletableFuture$BiRelay.tryFire(CompletableFuture.java:1498)
	at java.base/java.util.concurrent.CompletableFuture$CoCompletion.tryFire(CompletableFuture.java:1219)
	at java.base/java.util.concurrent.CompletableFuture.postComplete(CompletableFuture.java:510)
	at java.base/java.util.concurrent.CompletableFuture.completeExceptionally(CompletableFuture.java:2194)
	at org.apache.ratis.server.raftlog.segmented.SegmentedRaftLog$Task.failed(SegmentedRaftLog.java:109)
	at org.apache.ratis.server.raftlog.segmented.SegmentedRaftLogWorker$WriteLog.failed(SegmentedRaftLogWorker.java:530)
	at org.apache.ratis.server.raftlog.segmented.SegmentedRaftLogWorker.run(SegmentedRaftLogWorker.java:326)
	at java.base/java.util.concurrent.Executors$RunnableAdapter.call(Executors.java:572)
	at java.base/java.util.concurrent.FutureTask.run(FutureTask.java:317)
	at java.base/java.util.concurrent.ThreadPoolExecutor.runWorker(ThreadPoolExecutor.java:1144)
	at java.base/java.util.concurrent.ThreadPoolExecutor$Worker.run(ThreadPoolExecutor.java:642)
	at java.base/java.lang.Thread.run(Thread.java:1583)
Caused by: org.apache.hadoop.hdds.scm.container.common.helpers.StorageContainerException: Chunks directory /home/runner/work/ozone/ozone/hadoop-ozone/integration-test/target/test-dir/MiniOzoneClusterImpl-0a3c97a5-d59a-4532-afef-c4940c4c02aa/ozone-meta/datanode-6/data-0/hdds/0a3c97a5-d59a-4532-afef-c4940c4c02aa/current/containerDir0/9/chunks does not exist.
	at org.apache.hadoop.ozone.container.common.transport.server.ratis.ContainerStateMachine.handleCommandResult(ContainerStateMachine.java:661)
	at org.apache.hadoop.ozone.container.common.transport.server.ratis.ContainerStateMachine.lambda$writeStateMachineData$2(ContainerStateMachine.java:623)
	... 4 more
2025-07-05 15:49:50,261 [pool-316-thread-1] WARN  keyvalue.KeyValueHandler (KeyValueHandler.java:updateAndGetContainerChecksum(1451)) - Container data checksum updated from 1bdd5b56 to 0
2025-07-05 15:49:50,265 [pool-316-thread-1] ERROR ozoneimpl.OnDemandContainerDataScanner (ContainerScanHelper.java:handleUnhealthyScanResult(93)) - Corruption detected in container [9]. Marking it UNHEALTHY. Container has 1 error: MISSING_CHUNKS_DIR for file /home/runner/work/ozone/ozone/hadoop-ozone/integration-test/target/test-dir/MiniOzoneClusterImpl-0a3c97a5-d59a-4532-afef-c4940c4c02aa/ozone-meta/datanode-6/data-0/hdds/0a3c97a5-d59a-4532-afef-c4940c4c02aa/current/containerDir0/9/chunks with exception: java.io.FileNotFoundException: Chunks directory /home/runner/work/ozone/ozone/hadoop-ozone/integration-test/target/test-dir/MiniOzoneClusterImpl-0a3c97a5-d59a-4532-afef-c4940c4c02aa/ozone-meta/datanode-6/data-0/hdds/0a3c97a5-d59a-4532-afef-c4940c4c02aa/current/containerDir0/9/chunks not found.
2025-07-05 15:49:50,265 [grpc-default-executor-2] WARN  server.GrpcLogAppender (LogUtils.java:warn(129)) - 694b616d-7f52-4b82-b07e-10398eb153c5@group-C1D084BE788E->d3a92f5c-9e4a-48c5-9a32-2f34a6e85eb8-AppendLogResponseHandler: Failed appendEntries
org.apache.hadoop.hdds.scm.container.common.helpers.StorageContainerException: Chunks directory /home/runner/work/ozone/ozone/hadoop-ozone/integration-test/target/test-dir/MiniOzoneClusterImpl-0a3c97a5-d59a-4532-afef-c4940c4c02aa/ozone-meta/datanode-6/data-0/hdds/0a3c97a5-d59a-4532-afef-c4940c4c02aa/current/containerDir0/9/chunks does not exist.
	at org.apache.hadoop.ozone.container.common.transport.server.ratis.ContainerStateMachine.handleCommandResult(ContainerStateMachine.java:661)
	at org.apache.hadoop.ozone.container.common.transport.server.ratis.ContainerStateMachine.lambda$writeStateMachineData$2(ContainerStateMachine.java:623)
	at java.base/java.util.concurrent.FutureTask.run(FutureTask.java:317)
	at java.base/java.util.concurrent.ThreadPoolExecutor.runWorker(ThreadPoolExecutor.java:1144)
	at java.base/java.util.concurrent.ThreadPoolExecutor$Worker.run(ThreadPoolExecutor.java:642)
	at java.base/java.lang.Thread.run(Thread.java:1583)
2025-07-05 15:49:50,264 [EventQueue-PipelineActionsForPipelineActionHandler] INFO  pipeline.PipelineActionHandler (PipelineActionHandler.java:processPipelineAction(89)) - Received pipeline action CLOSE for Pipeline-07c2a4b9-1a6d-4d20-b06e-c1d084be788e from datanode d3a92f5c-9e4a-48c5-9a32-2f34a6e85eb8(localhost/127.0.0.1). Reason : Chunks directory /home/runner/work/ozone/ozone/hadoop-ozone/integration-test/target/test-dir/MiniOzoneClusterImpl-0a3c97a5-d59a-4532-afef-c4940c4c02aa/ozone-meta/datanode-6/data-0/hdds/0a3c97a5-d59a-4532-afef-c4940c4c02aa/current/containerDir0/9/chunks does not exist.
2025-07-05 15:49:50,264 [d3a92f5c-9e4a-48c5-9a32-2f34a6e85eb8-server-thread3] WARN  server.GrpcServerProtocolService (LogUtils.java:warn(129)) - d3a92f5c-9e4a-48c5-9a32-2f34a6e85eb8: Failed APPEND_ENTRIES request 694b616d-7f52-4b82-b07e-10398eb153c5->d3a92f5c-9e4a-48c5-9a32-2f34a6e85eb8#66-t1,previous=(t:1, i:16),leaderCommit=15,initializing? false,entries: size=1, first=(t:1, i:17), METADATAENTRY(c:15)
java.util.concurrent.CompletionException: org.apache.hadoop.hdds.scm.container.common.helpers.StorageContainerException: Chunks directory /home/runner/work/ozone/ozone/hadoop-ozone/integration-test/target/test-dir/MiniOzoneClusterImpl-0a3c97a5-d59a-4532-afef-c4940c4c02aa/ozone-meta/datanode-6/data-0/hdds/0a3c97a5-d59a-4532-afef-c4940c4c02aa/current/containerDir0/9/chunks does not exist.
	at java.base/java.util.concurrent.CompletableFuture.encodeThrowable(CompletableFuture.java:332)
	at java.base/java.util.concurrent.CompletableFuture.completeThrowable(CompletableFuture.java:347)
	at java.base/java.util.concurrent.CompletableFuture$BiRelay.tryFire(CompletableFuture.java:1498)
	at java.base/java.util.concurrent.CompletableFuture$CoCompletion.tryFire(CompletableFuture.java:1219)
	at java.base/java.util.concurrent.CompletableFuture.postComplete(CompletableFuture.java:510)
	at java.base/java.util.concurrent.CompletableFuture.completeExceptionally(CompletableFuture.java:2194)
	at org.apache.ratis.server.raftlog.segmented.SegmentedRaftLog$Task.failed(SegmentedRaftLog.java:109)
	at org.apache.ratis.server.raftlog.segmented.SegmentedRaftLogWorker$WriteLog.failed(SegmentedRaftLogWorker.java:530)
	at org.apache.ratis.server.raftlog.segmented.SegmentedRaftLogWorker.run(SegmentedRaftLogWorker.java:326)
	at java.base/java.util.concurrent.Executors$RunnableAdapter.call(Executors.java:572)
	at java.base/java.util.concurrent.FutureTask.run(FutureTask.java:317)
	at java.base/java.util.concurrent.ThreadPoolExecutor.runWorker(ThreadPoolExecutor.java:1144)
	at java.base/java.util.concurrent.ThreadPoolExecutor$Worker.run(ThreadPoolExecutor.java:642)
	at java.base/java.lang.Thread.run(Thread.java:1583)
Caused by: org.apache.hadoop.hdds.scm.container.common.helpers.StorageContainerException: Chunks directory /home/runner/work/ozone/ozone/hadoop-ozone/integration-test/target/test-dir/MiniOzoneClusterImpl-0a3c97a5-d59a-4532-afef-c4940c4c02aa/ozone-meta/datanode-6/data-0/hdds/0a3c97a5-d59a-4532-afef-c4940c4c02aa/current/containerDir0/9/chunks does not exist.
	at org.apache.hadoop.ozone.container.common.transport.server.ratis.ContainerStateMachine.handleCommandResult(ContainerStateMachine.java:661)
	at org.apache.hadoop.ozone.container.common.transport.server.ratis.ContainerStateMachine.lambda$writeStateMachineData$2(ContainerStateMachine.java:623)
	... 4 more
2025-07-05 15:49:50,267 [grpc-default-executor-2] INFO  leader.LogAppender (LogAppenderBase.java:lambda$getNextIndexForError$0(215)) - Decrease nextIndex to 14
2025-07-05 15:49:50,267 [grpc-default-executor-2] INFO  leader.LogAppender (LogAppenderBase.java:lambda$getNextIndexForError$0(215)) - Decrease nextIndex to 14
2025-07-05 15:49:50,267 [grpc-default-executor-2] INFO  leader.FollowerInfo (FollowerInfoImpl.java:info(70)) - 694b616d-7f52-4b82-b07e-10398eb153c5@group-C1D084BE788E->d3a92f5c-9e4a-48c5-9a32-2f34a6e85eb8: computeNextIndex nextIndex: updateUnconditionally 18 -> 14
2025-07-05 15:49:50,268 [EventQueue-PipelineActionsForPipelineActionHandler] INFO  pipeline.PipelineManagerImpl (PipelineManagerImpl.java:closeContainersForPipeline(489)) - Container #3 closed for pipeline=Pipeline-07c2a4b9-1a6d-4d20-b06e-c1d084be788e
2025-07-05 15:49:50,268 [EventQueue-CloseContainerForCloseContainerEventHandler] INFO  container.CloseContainerEventHandler (CloseContainerEventHandler.java:onMessage(88)) - Close container Event triggered for container : #3, current state: CLOSING
2025-07-05 15:49:50,270 [EventQueue-PipelineActionsForPipelineActionHandler] INFO  pipeline.PipelineManagerImpl (PipelineManagerImpl.java:closePipeline(511)) - Pipeline Pipeline-07c2a4b9-1a6d-4d20-b06e-c1d084be788e moved to CLOSED state
2025-07-05 15:49:50,410 [694b616d-7f52-4b82-b07e-10398eb153c5-PipelineCommandHandlerThread-0] INFO  server.RaftServer (RaftServerProxy.java:addNew(105)) - 694b616d-7f52-4b82-b07e-10398eb153c5: addNew group-3B2717CC98E7:[694b616d-7f52-4b82-b07e-10398eb153c5|127.0.0.1:15047, d3a92f5c-9e4a-48c5-9a32-2f34a6e85eb8|127.0.0.1:15055, d8f38f7e-70e8-450f-85ae-2cee56d3f445|127.0.0.1:15079] returns group-3B2717CC98E7:java.util.concurrent.CompletableFuture@3a4ee2eb[Not completed]
2025-07-05 15:49:50,411 [694b616d-7f52-4b82-b07e-10398eb153c5-groupManagement] WARN  statemachine.DatanodeConfiguration (DatanodeConfiguration.java:validateMinFreeSpace(751)) - hdds.datanode.volume.min.free.space.percent = -1.0 is invalid, should be between 0 and 1
2025-07-05 15:49:50,412 [694b616d-7f52-4b82-b07e-10398eb153c5-groupManagement] INFO  server.RaftServer$Division (RaftServerImpl.java:<init>(268)) - 694b616d-7f52-4b82-b07e-10398eb153c5: new RaftServerImpl for group-3B2717CC98E7:[694b616d-7f52-4b82-b07e-10398eb153c5|127.0.0.1:15047, d3a92f5c-9e4a-48c5-9a32-2f34a6e85eb8|127.0.0.1:15055, d8f38f7e-70e8-450f-85ae-2cee56d3f445|127.0.0.1:15079] with ContainerStateMachine:uninitialized
2025-07-05 15:49:50,412 [694b616d-7f52-4b82-b07e-10398eb153c5-groupManagement] INFO  server.RaftServer$Division (ServerState.java:<init>(114)) - 694b616d-7f52-4b82-b07e-10398eb153c5@group-3B2717CC98E7: ConfigurationManager, init=conf: {index: -1, cur=peers:[694b616d-7f52-4b82-b07e-10398eb153c5|127.0.0.1:15047, d3a92f5c-9e4a-48c5-9a32-2f34a6e85eb8|127.0.0.1:15055, d8f38f7e-70e8-450f-85ae-2cee56d3f445|127.0.0.1:15079]|listeners:[], old=null}, confs=<EMPTY_MAP>
2025-07-05 15:49:50,414 [694b616d-7f52-4b82-b07e-10398eb153c5-groupManagement] INFO  server.RaftServerConfigKeys (ConfUtils.java:logGet(62)) - raft.server.storage.dir = [/home/runner/work/ozone/ozone/hadoop-ozone/integration-test/target/test-dir/MiniOzoneClusterImpl-0a3c97a5-d59a-4532-afef-c4940c4c02aa/ozone-meta/datanode-5/ratis] (custom)
2025-07-05 15:49:50,414 [694b616d-7f52-4b82-b07e-10398eb153c5-groupManagement] INFO  storage.RaftStorageDirectory (RaftStorageDirectoryImpl.java:analyzeStorage(138)) - The storage directory /home/runner/work/ozone/ozone/hadoop-ozone/integration-test/target/test-dir/MiniOzoneClusterImpl-0a3c97a5-d59a-4532-afef-c4940c4c02aa/ozone-meta/datanode-5/ratis/3c3a4226-aaed-4bee-8b41-3b2717cc98e7 does not exist. Creating ...
2025-07-05 15:49:50,415 [694b616d-7f52-4b82-b07e-10398eb153c5-groupManagement] INFO  storage.RaftStorageDirectory (RaftStorageDirectoryImpl.java:tryLock(229)) - Lock on /home/runner/work/ozone/ozone/hadoop-ozone/integration-test/target/test-dir/MiniOzoneClusterImpl-0a3c97a5-d59a-4532-afef-c4940c4c02aa/ozone-meta/datanode-5/ratis/3c3a4226-aaed-4bee-8b41-3b2717cc98e7/in_use.lock acquired by nodename 44235@localhost
2025-07-05 15:49:50,416 [694b616d-7f52-4b82-b07e-10398eb153c5-groupManagement] INFO  storage.RaftStorage (RaftStorageImpl.java:format(98)) - Storage directory /home/runner/work/ozone/ozone/hadoop-ozone/integration-test/target/test-dir/MiniOzoneClusterImpl-0a3c97a5-d59a-4532-afef-c4940c4c02aa/ozone-meta/datanode-5/ratis/3c3a4226-aaed-4bee-8b41-3b2717cc98e7 has been successfully formatted.
2025-07-05 15:49:50,416 [694b616d-7f52-4b82-b07e-10398eb153c5-groupManagement] INFO  ratis.ContainerStateMachine (ContainerStateMachine.java:initialize(339)) - 694b616d-7f52-4b82-b07e-10398eb153c5: initialize group-3B2717CC98E7
2025-07-05 15:49:50,417 [694b616d-7f52-4b82-b07e-10398eb153c5-groupManagement] INFO  ratis.ContainerStateMachine (ContainerStateMachine.java:loadSnapshot(347)) - group-3B2717CC98E7: The snapshot info is null. Setting the last applied index to:<INITIAL_VALUE>
2025-07-05 15:49:50,417 [694b616d-7f52-4b82-b07e-10398eb153c5-groupManagement] INFO  server.RaftServerConfigKeys (ConfUtils.java:logGet(62)) - raft.server.log.appender.buffer.byte-limit = 33554432 (custom)
2025-07-05 15:49:50,418 [694b616d-7f52-4b82-b07e-10398eb153c5-groupManagement] INFO  server.RaftServerConfigKeys (ConfUtils.java:logGet(62)) - raft.server.log.segment.size.max = 67108864 (custom)
2025-07-05 15:49:50,418 [694b616d-7f52-4b82-b07e-10398eb153c5-groupManagement] INFO  server.RaftServerConfigKeys (ConfUtils.java:logGet(62)) - raft.server.log.appender.buffer.byte-limit = 33554432 (custom)
2025-07-05 15:49:50,418 [694b616d-7f52-4b82-b07e-10398eb153c5-groupManagement] INFO  util.AwaitToRun (AwaitToRun.java:start(81)) - Thread[#2058,694b616d-7f52-4b82-b07e-10398eb153c5@group-3B2717CC98E7-cacheEviction-AwaitToRun,5,main] started
2025-07-05 15:49:50,419 [694b616d-7f52-4b82-b07e-10398eb153c5-groupManagement] INFO  segmented.SegmentedRaftLogWorker (SegmentedRaftLogWorker.java:<init>(190)) - new 694b616d-7f52-4b82-b07e-10398eb153c5@group-3B2717CC98E7-SegmentedRaftLogWorker for RaftStorageImpl:Storage Directory /home/runner/work/ozone/ozone/hadoop-ozone/integration-test/target/test-dir/MiniOzoneClusterImpl-0a3c97a5-d59a-4532-afef-c4940c4c02aa/ozone-meta/datanode-5/ratis/3c3a4226-aaed-4bee-8b41-3b2717cc98e7
2025-07-05 15:49:50,419 [694b616d-7f52-4b82-b07e-10398eb153c5-groupManagement] INFO  server.RaftServerConfigKeys (ConfUtils.java:logGet(62)) - raft.server.log.queue.byte-limit = 4294967296 (custom)
2025-07-05 15:49:50,419 [694b616d-7f52-4b82-b07e-10398eb153c5-groupManagement] INFO  server.RaftServerConfigKeys (ConfUtils.java:logGet(62)) - raft.server.log.segment.size.max = 67108864 (custom)
2025-07-05 15:49:50,419 [694b616d-7f52-4b82-b07e-10398eb153c5-groupManagement] INFO  server.RaftServerConfigKeys (ConfUtils.java:logGet(62)) - raft.server.log.preallocated.size = 4194304 (custom)
2025-07-05 15:49:50,419 [694b616d-7f52-4b82-b07e-10398eb153c5-groupManagement] INFO  server.RaftServerConfigKeys (ConfUtils.java:logGet(62)) - raft.server.log.write.buffer.size = 33554440 (custom)
2025-07-05 15:49:50,423 [694b616d-7f52-4b82-b07e-10398eb153c5-groupManagement] INFO  server.RaftServerConfigKeys (ConfUtils.java:logGet(62)) - raft.server.log.appender.buffer.byte-limit = 33554432 (custom)
2025-07-05 15:49:50,424 [694b616d-7f52-4b82-b07e-10398eb153c5-groupManagement] INFO  segmented.SegmentedRaftLogWorker (SegmentedRaftLogWorker.java:lambda$new$0(141)) - 694b616d-7f52-4b82-b07e-10398eb153c5@group-3B2717CC98E7-SegmentedRaftLogWorker: flushIndex: setUnconditionally 0 -> -1
2025-07-05 15:49:50,424 [694b616d-7f52-4b82-b07e-10398eb153c5-groupManagement] INFO  segmented.SegmentedRaftLogWorker (SegmentedRaftLogWorker.java:lambda$new$0(141)) - 694b616d-7f52-4b82-b07e-10398eb153c5@group-3B2717CC98E7-SegmentedRaftLogWorker: safeCacheEvictIndex: setUnconditionally 0 -> -1
2025-07-05 15:49:50,424 [694b616d-7f52-4b82-b07e-10398eb153c5-groupManagement] INFO  server.RaftServer$Division (RaftServerImpl.java:start(405)) - 694b616d-7f52-4b82-b07e-10398eb153c5@group-3B2717CC98E7: start as a follower, conf=conf: {index: -1, cur=peers:[694b616d-7f52-4b82-b07e-10398eb153c5|127.0.0.1:15047, d3a92f5c-9e4a-48c5-9a32-2f34a6e85eb8|127.0.0.1:15055, d8f38f7e-70e8-450f-85ae-2cee56d3f445|127.0.0.1:15079]|listeners:[], old=null}
2025-07-05 15:49:50,424 [694b616d-7f52-4b82-b07e-10398eb153c5-groupManagement] INFO  server.RaftServer$Division (RaftServerImpl.java:setRole(392)) - 694b616d-7f52-4b82-b07e-10398eb153c5@group-3B2717CC98E7: changes role from      null to FOLLOWER at term 0 for startAsFollower
2025-07-05 15:49:50,424 [694b616d-7f52-4b82-b07e-10398eb153c5-groupManagement] INFO  impl.RoleInfo (RoleInfo.java:updateAndGet(148)) - 694b616d-7f52-4b82-b07e-10398eb153c5: start 694b616d-7f52-4b82-b07e-10398eb153c5@group-3B2717CC98E7-FollowerState
2025-07-05 15:49:50,424 [694b616d-7f52-4b82-b07e-10398eb153c5-groupManagement] INFO  util.JmxRegister (JmxRegister.java:tryRegister(44)) - Successfully registered JMX Bean with object name Ratis:service=RaftServer,group=group-3B2717CC98E7,id=694b616d-7f52-4b82-b07e-10398eb153c5
2025-07-05 15:49:50,424 [694b616d-7f52-4b82-b07e-10398eb153c5-groupManagement] INFO  util.JmxRegister (JmxRegister.java:register(58)) - register mxBean class org.apache.ratis.server.impl.RaftServerJmxAdapter as Ratis:service=RaftServer,group=group-3B2717CC98E7,id=694b616d-7f52-4b82-b07e-10398eb153c5
2025-07-05 15:49:50,425 [694b616d-7f52-4b82-b07e-10398eb153c5-groupManagement] INFO  server.RaftServer$Division (RaftServerImpl.java:start(419)) - 694b616d-7f52-4b82-b07e-10398eb153c5@group-3B2717CC98E7: Successfully started.
2025-07-05 15:49:50,425 [694b616d-7f52-4b82-b07e-10398eb153c5-PipelineCommandHandlerThread-0] INFO  ratis.XceiverServerRatis (XceiverServerRatis.java:addGroup(843)) - Created group Pipeline-3c3a4226-aaed-4bee-8b41-3b2717cc98e7
2025-07-05 15:49:50,431 [grpc-default-executor-2] INFO  server.RaftServer (RaftServerProxy.java:addNew(105)) - d8f38f7e-70e8-450f-85ae-2cee56d3f445: addNew group-3B2717CC98E7:[694b616d-7f52-4b82-b07e-10398eb153c5|127.0.0.1:15047, d3a92f5c-9e4a-48c5-9a32-2f34a6e85eb8|127.0.0.1:15055, d8f38f7e-70e8-450f-85ae-2cee56d3f445|127.0.0.1:15079] returns group-3B2717CC98E7:java.util.concurrent.CompletableFuture@574a030a[Not completed]
2025-07-05 15:49:50,432 [d8f38f7e-70e8-450f-85ae-2cee56d3f445-groupManagement] WARN  statemachine.DatanodeConfiguration (DatanodeConfiguration.java:validateMinFreeSpace(751)) - hdds.datanode.volume.min.free.space.percent = -1.0 is invalid, should be between 0 and 1
2025-07-05 15:49:50,432 [d8f38f7e-70e8-450f-85ae-2cee56d3f445-groupManagement] INFO  server.RaftServer$Division (RaftServerImpl.java:<init>(268)) - d8f38f7e-70e8-450f-85ae-2cee56d3f445: new RaftServerImpl for group-3B2717CC98E7:[694b616d-7f52-4b82-b07e-10398eb153c5|127.0.0.1:15047, d3a92f5c-9e4a-48c5-9a32-2f34a6e85eb8|127.0.0.1:15055, d8f38f7e-70e8-450f-85ae-2cee56d3f445|127.0.0.1:15079] with ContainerStateMachine:uninitialized
2025-07-05 15:49:50,433 [d8f38f7e-70e8-450f-85ae-2cee56d3f445-groupManagement] INFO  server.RaftServer$Division (ServerState.java:<init>(114)) - d8f38f7e-70e8-450f-85ae-2cee56d3f445@group-3B2717CC98E7: ConfigurationManager, init=conf: {index: -1, cur=peers:[694b616d-7f52-4b82-b07e-10398eb153c5|127.0.0.1:15047, d3a92f5c-9e4a-48c5-9a32-2f34a6e85eb8|127.0.0.1:15055, d8f38f7e-70e8-450f-85ae-2cee56d3f445|127.0.0.1:15079]|listeners:[], old=null}, confs=<EMPTY_MAP>
2025-07-05 15:49:50,435 [d8f38f7e-70e8-450f-85ae-2cee56d3f445-groupManagement] INFO  server.RaftServerConfigKeys (ConfUtils.java:logGet(62)) - raft.server.storage.dir = [/home/runner/work/ozone/ozone/hadoop-ozone/integration-test/target/test-dir/MiniOzoneClusterImpl-0a3c97a5-d59a-4532-afef-c4940c4c02aa/ozone-meta/datanode-9/ratisb55abd79-a071-44ad-9e7a-e22a0d2ff4cb] (custom)
2025-07-05 15:49:50,436 [d8f38f7e-70e8-450f-85ae-2cee56d3f445-groupManagement] INFO  storage.RaftStorageDirectory (RaftStorageDirectoryImpl.java:analyzeStorage(138)) - The storage directory /home/runner/work/ozone/ozone/hadoop-ozone/integration-test/target/test-dir/MiniOzoneClusterImpl-0a3c97a5-d59a-4532-afef-c4940c4c02aa/ozone-meta/datanode-9/ratisb55abd79-a071-44ad-9e7a-e22a0d2ff4cb/3c3a4226-aaed-4bee-8b41-3b2717cc98e7 does not exist. Creating ...
2025-07-05 15:49:50,436 [d8f38f7e-70e8-450f-85ae-2cee56d3f445-groupManagement] INFO  storage.RaftStorageDirectory (RaftStorageDirectoryImpl.java:tryLock(229)) - Lock on /home/runner/work/ozone/ozone/hadoop-ozone/integration-test/target/test-dir/MiniOzoneClusterImpl-0a3c97a5-d59a-4532-afef-c4940c4c02aa/ozone-meta/datanode-9/ratisb55abd79-a071-44ad-9e7a-e22a0d2ff4cb/3c3a4226-aaed-4bee-8b41-3b2717cc98e7/in_use.lock acquired by nodename 44235@localhost
2025-07-05 15:49:50,437 [d8f38f7e-70e8-450f-85ae-2cee56d3f445-groupManagement] INFO  storage.RaftStorage (RaftStorageImpl.java:format(98)) - Storage directory /home/runner/work/ozone/ozone/hadoop-ozone/integration-test/target/test-dir/MiniOzoneClusterImpl-0a3c97a5-d59a-4532-afef-c4940c4c02aa/ozone-meta/datanode-9/ratisb55abd79-a071-44ad-9e7a-e22a0d2ff4cb/3c3a4226-aaed-4bee-8b41-3b2717cc98e7 has been successfully formatted.
2025-07-05 15:49:50,438 [d8f38f7e-70e8-450f-85ae-2cee56d3f445-groupManagement] INFO  ratis.ContainerStateMachine (ContainerStateMachine.java:initialize(339)) - d8f38f7e-70e8-450f-85ae-2cee56d3f445: initialize group-3B2717CC98E7
2025-07-05 15:49:50,438 [d8f38f7e-70e8-450f-85ae-2cee56d3f445-groupManagement] INFO  ratis.ContainerStateMachine (ContainerStateMachine.java:loadSnapshot(347)) - group-3B2717CC98E7: The snapshot info is null. Setting the last applied index to:<INITIAL_VALUE>
2025-07-05 15:49:50,438 [d8f38f7e-70e8-450f-85ae-2cee56d3f445-groupManagement] INFO  server.RaftServerConfigKeys (ConfUtils.java:logGet(62)) - raft.server.log.appender.buffer.byte-limit = 33554432 (custom)
2025-07-05 15:49:50,439 [d8f38f7e-70e8-450f-85ae-2cee56d3f445-groupManagement] INFO  server.RaftServerConfigKeys (ConfUtils.java:logGet(62)) - raft.server.log.segment.size.max = 67108864 (custom)
2025-07-05 15:49:50,439 [d8f38f7e-70e8-450f-85ae-2cee56d3f445-groupManagement] INFO  server.RaftServerConfigKeys (ConfUtils.java:logGet(62)) - raft.server.log.appender.buffer.byte-limit = 33554432 (custom)
2025-07-05 15:49:50,440 [d8f38f7e-70e8-450f-85ae-2cee56d3f445-groupManagement] INFO  util.AwaitToRun (AwaitToRun.java:start(81)) - Thread[#2063,d8f38f7e-70e8-450f-85ae-2cee56d3f445@group-3B2717CC98E7-cacheEviction-AwaitToRun,5,main] started
2025-07-05 15:49:50,440 [d8f38f7e-70e8-450f-85ae-2cee56d3f445-groupManagement] INFO  segmented.SegmentedRaftLogWorker (SegmentedRaftLogWorker.java:<init>(190)) - new d8f38f7e-70e8-450f-85ae-2cee56d3f445@group-3B2717CC98E7-SegmentedRaftLogWorker for RaftStorageImpl:Storage Directory /home/runner/work/ozone/ozone/hadoop-ozone/integration-test/target/test-dir/MiniOzoneClusterImpl-0a3c97a5-d59a-4532-afef-c4940c4c02aa/ozone-meta/datanode-9/ratisb55abd79-a071-44ad-9e7a-e22a0d2ff4cb/3c3a4226-aaed-4bee-8b41-3b2717cc98e7
2025-07-05 15:49:50,440 [d8f38f7e-70e8-450f-85ae-2cee56d3f445-groupManagement] INFO  server.RaftServerConfigKeys (ConfUtils.java:logGet(62)) - raft.server.log.queue.byte-limit = 4294967296 (custom)
2025-07-05 15:49:50,440 [d8f38f7e-70e8-450f-85ae-2cee56d3f445-groupManagement] INFO  server.RaftServerConfigKeys (ConfUtils.java:logGet(62)) - raft.server.log.segment.size.max = 67108864 (custom)
2025-07-05 15:49:50,440 [d8f38f7e-70e8-450f-85ae-2cee56d3f445-groupManagement] INFO  server.RaftServerConfigKeys (ConfUtils.java:logGet(62)) - raft.server.log.preallocated.size = 4194304 (custom)
2025-07-05 15:49:50,440 [d8f38f7e-70e8-450f-85ae-2cee56d3f445-groupManagement] INFO  server.RaftServerConfigKeys (ConfUtils.java:logGet(62)) - raft.server.log.write.buffer.size = 33554440 (custom)
2025-07-05 15:49:50,445 [d8f38f7e-70e8-450f-85ae-2cee56d3f445-groupManagement] INFO  server.RaftServerConfigKeys (ConfUtils.java:logGet(62)) - raft.server.log.appender.buffer.byte-limit = 33554432 (custom)
2025-07-05 15:49:50,445 [d8f38f7e-70e8-450f-85ae-2cee56d3f445-groupManagement] INFO  segmented.SegmentedRaftLogWorker (SegmentedRaftLogWorker.java:lambda$new$0(141)) - d8f38f7e-70e8-450f-85ae-2cee56d3f445@group-3B2717CC98E7-SegmentedRaftLogWorker: flushIndex: setUnconditionally 0 -> -1
2025-07-05 15:49:50,445 [d8f38f7e-70e8-450f-85ae-2cee56d3f445-groupManagement] INFO  segmented.SegmentedRaftLogWorker (SegmentedRaftLogWorker.java:lambda$new$0(141)) - d8f38f7e-70e8-450f-85ae-2cee56d3f445@group-3B2717CC98E7-SegmentedRaftLogWorker: safeCacheEvictIndex: setUnconditionally 0 -> -1
2025-07-05 15:49:50,445 [d8f38f7e-70e8-450f-85ae-2cee56d3f445-groupManagement] INFO  server.RaftServer$Division (RaftServerImpl.java:start(405)) - d8f38f7e-70e8-450f-85ae-2cee56d3f445@group-3B2717CC98E7: start as a follower, conf=conf: {index: -1, cur=peers:[694b616d-7f52-4b82-b07e-10398eb153c5|127.0.0.1:15047, d3a92f5c-9e4a-48c5-9a32-2f34a6e85eb8|127.0.0.1:15055, d8f38f7e-70e8-450f-85ae-2cee56d3f445|127.0.0.1:15079]|listeners:[], old=null}
2025-07-05 15:49:50,445 [d8f38f7e-70e8-450f-85ae-2cee56d3f445-groupManagement] INFO  server.RaftServer$Division (RaftServerImpl.java:setRole(392)) - d8f38f7e-70e8-450f-85ae-2cee56d3f445@group-3B2717CC98E7: changes role from      null to FOLLOWER at term 0 for startAsFollower
2025-07-05 15:49:50,445 [d8f38f7e-70e8-450f-85ae-2cee56d3f445-groupManagement] INFO  impl.RoleInfo (RoleInfo.java:updateAndGet(148)) - d8f38f7e-70e8-450f-85ae-2cee56d3f445: start d8f38f7e-70e8-450f-85ae-2cee56d3f445@group-3B2717CC98E7-FollowerState
2025-07-05 15:49:50,446 [d8f38f7e-70e8-450f-85ae-2cee56d3f445-groupManagement] INFO  util.JmxRegister (JmxRegister.java:tryRegister(44)) - Successfully registered JMX Bean with object name Ratis:service=RaftServer,group=group-3B2717CC98E7,id=d8f38f7e-70e8-450f-85ae-2cee56d3f445
2025-07-05 15:49:50,446 [d8f38f7e-70e8-450f-85ae-2cee56d3f445-groupManagement] INFO  util.JmxRegister (JmxRegister.java:register(58)) - register mxBean class org.apache.ratis.server.impl.RaftServerJmxAdapter as Ratis:service=RaftServer,group=group-3B2717CC98E7,id=d8f38f7e-70e8-450f-85ae-2cee56d3f445
2025-07-05 15:49:50,447 [d8f38f7e-70e8-450f-85ae-2cee56d3f445-groupManagement] INFO  server.RaftServer$Division (RaftServerImpl.java:start(419)) - d8f38f7e-70e8-450f-85ae-2cee56d3f445@group-3B2717CC98E7: Successfully started.
2025-07-05 15:49:50,455 [grpc-default-executor-2] INFO  server.RaftServer (RaftServerProxy.java:addNew(105)) - d3a92f5c-9e4a-48c5-9a32-2f34a6e85eb8: addNew group-3B2717CC98E7:[694b616d-7f52-4b82-b07e-10398eb153c5|127.0.0.1:15047, d3a92f5c-9e4a-48c5-9a32-2f34a6e85eb8|127.0.0.1:15055, d8f38f7e-70e8-450f-85ae-2cee56d3f445|127.0.0.1:15079] returns group-3B2717CC98E7:java.util.concurrent.CompletableFuture@439f1fc7[Not completed]
2025-07-05 15:49:50,456 [d3a92f5c-9e4a-48c5-9a32-2f34a6e85eb8-groupManagement] WARN  statemachine.DatanodeConfiguration (DatanodeConfiguration.java:validateMinFreeSpace(751)) - hdds.datanode.volume.min.free.space.percent = -1.0 is invalid, should be between 0 and 1
2025-07-05 15:49:50,456 [d3a92f5c-9e4a-48c5-9a32-2f34a6e85eb8-groupManagement] INFO  server.RaftServer$Division (RaftServerImpl.java:<init>(268)) - d3a92f5c-9e4a-48c5-9a32-2f34a6e85eb8: new RaftServerImpl for group-3B2717CC98E7:[694b616d-7f52-4b82-b07e-10398eb153c5|127.0.0.1:15047, d3a92f5c-9e4a-48c5-9a32-2f34a6e85eb8|127.0.0.1:15055, d8f38f7e-70e8-450f-85ae-2cee56d3f445|127.0.0.1:15079] with ContainerStateMachine:uninitialized
2025-07-05 15:49:50,456 [d3a92f5c-9e4a-48c5-9a32-2f34a6e85eb8-groupManagement] INFO  server.RaftServer$Division (ServerState.java:<init>(114)) - d3a92f5c-9e4a-48c5-9a32-2f34a6e85eb8@group-3B2717CC98E7: ConfigurationManager, init=conf: {index: -1, cur=peers:[694b616d-7f52-4b82-b07e-10398eb153c5|127.0.0.1:15047, d3a92f5c-9e4a-48c5-9a32-2f34a6e85eb8|127.0.0.1:15055, d8f38f7e-70e8-450f-85ae-2cee56d3f445|127.0.0.1:15079]|listeners:[], old=null}, confs=<EMPTY_MAP>
2025-07-05 15:49:50,460 [d3a92f5c-9e4a-48c5-9a32-2f34a6e85eb8-groupManagement] INFO  server.RaftServerConfigKeys (ConfUtils.java:logGet(62)) - raft.server.storage.dir = [/home/runner/work/ozone/ozone/hadoop-ozone/integration-test/target/test-dir/MiniOzoneClusterImpl-0a3c97a5-d59a-4532-afef-c4940c4c02aa/ozone-meta/datanode-6/ratis] (custom)
2025-07-05 15:49:50,460 [d3a92f5c-9e4a-48c5-9a32-2f34a6e85eb8-groupManagement] INFO  storage.RaftStorageDirectory (RaftStorageDirectoryImpl.java:analyzeStorage(138)) - The storage directory /home/runner/work/ozone/ozone/hadoop-ozone/integration-test/target/test-dir/MiniOzoneClusterImpl-0a3c97a5-d59a-4532-afef-c4940c4c02aa/ozone-meta/datanode-6/ratis/3c3a4226-aaed-4bee-8b41-3b2717cc98e7 does not exist. Creating ...
2025-07-05 15:49:50,461 [d3a92f5c-9e4a-48c5-9a32-2f34a6e85eb8-groupManagement] INFO  storage.RaftStorageDirectory (RaftStorageDirectoryImpl.java:tryLock(229)) - Lock on /home/runner/work/ozone/ozone/hadoop-ozone/integration-test/target/test-dir/MiniOzoneClusterImpl-0a3c97a5-d59a-4532-afef-c4940c4c02aa/ozone-meta/datanode-6/ratis/3c3a4226-aaed-4bee-8b41-3b2717cc98e7/in_use.lock acquired by nodename 44235@localhost
2025-07-05 15:49:50,463 [EventQueue-PipelineActionsForPipelineActionHandler] INFO  pipeline.PipelineActionHandler (PipelineActionHandler.java:processPipelineAction(89)) - Received pipeline action CLOSE for Pipeline-07c2a4b9-1a6d-4d20-b06e-c1d084be788e from datanode d3a92f5c-9e4a-48c5-9a32-2f34a6e85eb8(localhost/127.0.0.1). Reason : Chunks directory /home/runner/work/ozone/ozone/hadoop-ozone/integration-test/target/test-dir/MiniOzoneClusterImpl-0a3c97a5-d59a-4532-afef-c4940c4c02aa/ozone-meta/datanode-6/data-0/hdds/0a3c97a5-d59a-4532-afef-c4940c4c02aa/current/containerDir0/9/chunks does not exist.
2025-07-05 15:49:50,463 [d3a92f5c-9e4a-48c5-9a32-2f34a6e85eb8-groupManagement] INFO  storage.RaftStorage (RaftStorageImpl.java:format(98)) - Storage directory /home/runner/work/ozone/ozone/hadoop-ozone/integration-test/target/test-dir/MiniOzoneClusterImpl-0a3c97a5-d59a-4532-afef-c4940c4c02aa/ozone-meta/datanode-6/ratis/3c3a4226-aaed-4bee-8b41-3b2717cc98e7 has been successfully formatted.
2025-07-05 15:49:50,463 [d3a92f5c-9e4a-48c5-9a32-2f34a6e85eb8-groupManagement] INFO  ratis.ContainerStateMachine (ContainerStateMachine.java:initialize(339)) - d3a92f5c-9e4a-48c5-9a32-2f34a6e85eb8: initialize group-3B2717CC98E7
2025-07-05 15:49:50,463 [d3a92f5c-9e4a-48c5-9a32-2f34a6e85eb8-groupManagement] INFO  ratis.ContainerStateMachine (ContainerStateMachine.java:loadSnapshot(347)) - group-3B2717CC98E7: The snapshot info is null. Setting the last applied index to:<INITIAL_VALUE>
2025-07-05 15:49:50,463 [d3a92f5c-9e4a-48c5-9a32-2f34a6e85eb8-groupManagement] INFO  server.RaftServerConfigKeys (ConfUtils.java:logGet(62)) - raft.server.log.appender.buffer.byte-limit = 33554432 (custom)
2025-07-05 15:49:50,464 [EventQueue-PipelineActionsForPipelineActionHandler] INFO  pipeline.PipelineActionHandler (PipelineActionHandler.java:processPipelineAction(89)) - Received pipeline action CLOSE for Pipeline-07c2a4b9-1a6d-4d20-b06e-c1d084be788e from datanode d3a92f5c-9e4a-48c5-9a32-2f34a6e85eb8(localhost/127.0.0.1). Reason : Chunks directory /home/runner/work/ozone/ozone/hadoop-ozone/integration-test/target/test-dir/MiniOzoneClusterImpl-0a3c97a5-d59a-4532-afef-c4940c4c02aa/ozone-meta/datanode-6/data-0/hdds/0a3c97a5-d59a-4532-afef-c4940c4c02aa/current/containerDir0/9/chunks does not exist.
2025-07-05 15:49:50,465 [d3a92f5c-9e4a-48c5-9a32-2f34a6e85eb8-groupManagement] INFO  server.RaftServerConfigKeys (ConfUtils.java:logGet(62)) - raft.server.log.segment.size.max = 67108864 (custom)
2025-07-05 15:49:50,465 [d3a92f5c-9e4a-48c5-9a32-2f34a6e85eb8-groupManagement] INFO  server.RaftServerConfigKeys (ConfUtils.java:logGet(62)) - raft.server.log.appender.buffer.byte-limit = 33554432 (custom)
2025-07-05 15:49:50,465 [d3a92f5c-9e4a-48c5-9a32-2f34a6e85eb8-groupManagement] INFO  util.AwaitToRun (AwaitToRun.java:start(81)) - Thread[#2070,d3a92f5c-9e4a-48c5-9a32-2f34a6e85eb8@group-3B2717CC98E7-cacheEviction-AwaitToRun,5,main] started
2025-07-05 15:49:50,465 [d3a92f5c-9e4a-48c5-9a32-2f34a6e85eb8-groupManagement] INFO  segmented.SegmentedRaftLogWorker (SegmentedRaftLogWorker.java:<init>(190)) - new d3a92f5c-9e4a-48c5-9a32-2f34a6e85eb8@group-3B2717CC98E7-SegmentedRaftLogWorker for RaftStorageImpl:Storage Directory /home/runner/work/ozone/ozone/hadoop-ozone/integration-test/target/test-dir/MiniOzoneClusterImpl-0a3c97a5-d59a-4532-afef-c4940c4c02aa/ozone-meta/datanode-6/ratis/3c3a4226-aaed-4bee-8b41-3b2717cc98e7
2025-07-05 15:49:50,465 [d3a92f5c-9e4a-48c5-9a32-2f34a6e85eb8-groupManagement] INFO  server.RaftServerConfigKeys (ConfUtils.java:logGet(62)) - raft.server.log.queue.byte-limit = 4294967296 (custom)
2025-07-05 15:49:50,465 [d3a92f5c-9e4a-48c5-9a32-2f34a6e85eb8-groupManagement] INFO  server.RaftServerConfigKeys (ConfUtils.java:logGet(62)) - raft.server.log.segment.size.max = 67108864 (custom)
2025-07-05 15:49:50,466 [d3a92f5c-9e4a-48c5-9a32-2f34a6e85eb8-groupManagement] INFO  server.RaftServerConfigKeys (ConfUtils.java:logGet(62)) - raft.server.log.preallocated.size = 4194304 (custom)
2025-07-05 15:49:50,466 [d3a92f5c-9e4a-48c5-9a32-2f34a6e85eb8-groupManagement] INFO  server.RaftServerConfigKeys (ConfUtils.java:logGet(62)) - raft.server.log.write.buffer.size = 33554440 (custom)
2025-07-05 15:49:50,470 [d3a92f5c-9e4a-48c5-9a32-2f34a6e85eb8-groupManagement] INFO  server.RaftServerConfigKeys (ConfUtils.java:logGet(62)) - raft.server.log.appender.buffer.byte-limit = 33554432 (custom)
2025-07-05 15:49:50,470 [d3a92f5c-9e4a-48c5-9a32-2f34a6e85eb8-groupManagement] INFO  segmented.SegmentedRaftLogWorker (SegmentedRaftLogWorker.java:lambda$new$0(141)) - d3a92f5c-9e4a-48c5-9a32-2f34a6e85eb8@group-3B2717CC98E7-SegmentedRaftLogWorker: flushIndex: setUnconditionally 0 -> -1
2025-07-05 15:49:50,470 [d3a92f5c-9e4a-48c5-9a32-2f34a6e85eb8-groupManagement] INFO  segmented.SegmentedRaftLogWorker (SegmentedRaftLogWorker.java:lambda$new$0(141)) - d3a92f5c-9e4a-48c5-9a32-2f34a6e85eb8@group-3B2717CC98E7-SegmentedRaftLogWorker: safeCacheEvictIndex: setUnconditionally 0 -> -1
2025-07-05 15:49:50,471 [d3a92f5c-9e4a-48c5-9a32-2f34a6e85eb8-groupManagement] INFO  server.RaftServer$Division (RaftServerImpl.java:start(405)) - d3a92f5c-9e4a-48c5-9a32-2f34a6e85eb8@group-3B2717CC98E7: start as a follower, conf=conf: {index: -1, cur=peers:[694b616d-7f52-4b82-b07e-10398eb153c5|127.0.0.1:15047, d3a92f5c-9e4a-48c5-9a32-2f34a6e85eb8|127.0.0.1:15055, d8f38f7e-70e8-450f-85ae-2cee56d3f445|127.0.0.1:15079]|listeners:[], old=null}
2025-07-05 15:49:50,471 [d3a92f5c-9e4a-48c5-9a32-2f34a6e85eb8-groupManagement] INFO  server.RaftServer$Division (RaftServerImpl.java:setRole(392)) - d3a92f5c-9e4a-48c5-9a32-2f34a6e85eb8@group-3B2717CC98E7: changes role from      null to FOLLOWER at term 0 for startAsFollower
2025-07-05 15:49:50,471 [d3a92f5c-9e4a-48c5-9a32-2f34a6e85eb8-groupManagement] INFO  impl.RoleInfo (RoleInfo.java:updateAndGet(148)) - d3a92f5c-9e4a-48c5-9a32-2f34a6e85eb8: start d3a92f5c-9e4a-48c5-9a32-2f34a6e85eb8@group-3B2717CC98E7-FollowerState
2025-07-05 15:49:50,471 [d3a92f5c-9e4a-48c5-9a32-2f34a6e85eb8-groupManagement] INFO  util.JmxRegister (JmxRegister.java:tryRegister(44)) - Successfully registered JMX Bean with object name Ratis:service=RaftServer,group=group-3B2717CC98E7,id=d3a92f5c-9e4a-48c5-9a32-2f34a6e85eb8
2025-07-05 15:49:50,471 [d3a92f5c-9e4a-48c5-9a32-2f34a6e85eb8-groupManagement] INFO  util.JmxRegister (JmxRegister.java:register(58)) - register mxBean class org.apache.ratis.server.impl.RaftServerJmxAdapter as Ratis:service=RaftServer,group=group-3B2717CC98E7,id=d3a92f5c-9e4a-48c5-9a32-2f34a6e85eb8
2025-07-05 15:49:50,472 [d3a92f5c-9e4a-48c5-9a32-2f34a6e85eb8-groupManagement] INFO  server.RaftServer$Division (RaftServerImpl.java:start(419)) - d3a92f5c-9e4a-48c5-9a32-2f34a6e85eb8@group-3B2717CC98E7: Successfully started.
2025-07-05 15:49:50,475 [694b616d-7f52-4b82-b07e-10398eb153c5-PipelineCommandHandlerThread-0] INFO  commandhandler.CreatePipelineCommandHandler (CreatePipelineCommandHandler.java:lambda$handle$2(127)) - Created Pipeline RATIS THREE Pipeline-3c3a4226-aaed-4bee-8b41-3b2717cc98e7.
2025-07-05 15:49:50,663 [EventQueue-PipelineActionsForPipelineActionHandler] INFO  pipeline.PipelineActionHandler (PipelineActionHandler.java:processPipelineAction(89)) - Received pipeline action CLOSE for Pipeline-07c2a4b9-1a6d-4d20-b06e-c1d084be788e from datanode d3a92f5c-9e4a-48c5-9a32-2f34a6e85eb8(localhost/127.0.0.1). Reason : Chunks directory /home/runner/work/ozone/ozone/hadoop-ozone/integration-test/target/test-dir/MiniOzoneClusterImpl-0a3c97a5-d59a-4532-afef-c4940c4c02aa/ozone-meta/datanode-6/data-0/hdds/0a3c97a5-d59a-4532-afef-c4940c4c02aa/current/containerDir0/9/chunks does not exist.
2025-07-05 15:49:50,864 [EventQueue-PipelineActionsForPipelineActionHandler] INFO  pipeline.PipelineActionHandler (PipelineActionHandler.java:processPipelineAction(89)) - Received pipeline action CLOSE for Pipeline-07c2a4b9-1a6d-4d20-b06e-c1d084be788e from datanode d3a92f5c-9e4a-48c5-9a32-2f34a6e85eb8(localhost/127.0.0.1). Reason : Chunks directory /home/runner/work/ozone/ozone/hadoop-ozone/integration-test/target/test-dir/MiniOzoneClusterImpl-0a3c97a5-d59a-4532-afef-c4940c4c02aa/ozone-meta/datanode-6/data-0/hdds/0a3c97a5-d59a-4532-afef-c4940c4c02aa/current/containerDir0/9/chunks does not exist.
2025-07-05 15:49:50,870 [d8f38f7e-70e8-450f-85ae-2cee56d3f445-PipelineCommandHandlerThread-0] INFO  server.RaftServer (RaftServerProxy.java:addNew(105)) - d8f38f7e-70e8-450f-85ae-2cee56d3f445: addNew group-C8396B1FE663:[d8f38f7e-70e8-450f-85ae-2cee56d3f445|127.0.0.1:15079] returns group-C8396B1FE663:java.util.concurrent.CompletableFuture@306172fd[Not completed]
2025-07-05 15:49:50,871 [d8f38f7e-70e8-450f-85ae-2cee56d3f445-groupManagement] WARN  statemachine.DatanodeConfiguration (DatanodeConfiguration.java:validateMinFreeSpace(751)) - hdds.datanode.volume.min.free.space.percent = -1.0 is invalid, should be between 0 and 1
2025-07-05 15:49:50,871 [d8f38f7e-70e8-450f-85ae-2cee56d3f445-groupManagement] INFO  server.RaftServer$Division (RaftServerImpl.java:<init>(268)) - d8f38f7e-70e8-450f-85ae-2cee56d3f445: new RaftServerImpl for group-C8396B1FE663:[d8f38f7e-70e8-450f-85ae-2cee56d3f445|127.0.0.1:15079] with ContainerStateMachine:uninitialized
2025-07-05 15:49:50,871 [d8f38f7e-70e8-450f-85ae-2cee56d3f445-groupManagement] INFO  server.RaftServer$Division (ServerState.java:<init>(114)) - d8f38f7e-70e8-450f-85ae-2cee56d3f445@group-C8396B1FE663: ConfigurationManager, init=conf: {index: -1, cur=peers:[d8f38f7e-70e8-450f-85ae-2cee56d3f445|127.0.0.1:15079]|listeners:[], old=null}, confs=<EMPTY_MAP>
2025-07-05 15:49:50,876 [d8f38f7e-70e8-450f-85ae-2cee56d3f445-groupManagement] INFO  server.RaftServerConfigKeys (ConfUtils.java:logGet(62)) - raft.server.storage.dir = [/home/runner/work/ozone/ozone/hadoop-ozone/integration-test/target/test-dir/MiniOzoneClusterImpl-0a3c97a5-d59a-4532-afef-c4940c4c02aa/ozone-meta/datanode-9/ratisb55abd79-a071-44ad-9e7a-e22a0d2ff4cb] (custom)
2025-07-05 15:49:50,876 [d8f38f7e-70e8-450f-85ae-2cee56d3f445-groupManagement] INFO  storage.RaftStorageDirectory (RaftStorageDirectoryImpl.java:analyzeStorage(138)) - The storage directory /home/runner/work/ozone/ozone/hadoop-ozone/integration-test/target/test-dir/MiniOzoneClusterImpl-0a3c97a5-d59a-4532-afef-c4940c4c02aa/ozone-meta/datanode-9/ratisb55abd79-a071-44ad-9e7a-e22a0d2ff4cb/c15a027b-6e13-4476-8ffe-c8396b1fe663 does not exist. Creating ...
2025-07-05 15:49:50,877 [d8f38f7e-70e8-450f-85ae-2cee56d3f445-groupManagement] INFO  storage.RaftStorageDirectory (RaftStorageDirectoryImpl.java:tryLock(229)) - Lock on /home/runner/work/ozone/ozone/hadoop-ozone/integration-test/target/test-dir/MiniOzoneClusterImpl-0a3c97a5-d59a-4532-afef-c4940c4c02aa/ozone-meta/datanode-9/ratisb55abd79-a071-44ad-9e7a-e22a0d2ff4cb/c15a027b-6e13-4476-8ffe-c8396b1fe663/in_use.lock acquired by nodename 44235@localhost
2025-07-05 15:49:50,878 [d8f38f7e-70e8-450f-85ae-2cee56d3f445-groupManagement] INFO  storage.RaftStorage (RaftStorageImpl.java:format(98)) - Storage directory /home/runner/work/ozone/ozone/hadoop-ozone/integration-test/target/test-dir/MiniOzoneClusterImpl-0a3c97a5-d59a-4532-afef-c4940c4c02aa/ozone-meta/datanode-9/ratisb55abd79-a071-44ad-9e7a-e22a0d2ff4cb/c15a027b-6e13-4476-8ffe-c8396b1fe663 has been successfully formatted.
2025-07-05 15:49:50,878 [d8f38f7e-70e8-450f-85ae-2cee56d3f445-groupManagement] INFO  ratis.ContainerStateMachine (ContainerStateMachine.java:initialize(339)) - d8f38f7e-70e8-450f-85ae-2cee56d3f445: initialize group-C8396B1FE663
2025-07-05 15:49:50,878 [d8f38f7e-70e8-450f-85ae-2cee56d3f445-groupManagement] INFO  ratis.ContainerStateMachine (ContainerStateMachine.java:loadSnapshot(347)) - group-C8396B1FE663: The snapshot info is null. Setting the last applied index to:<INITIAL_VALUE>
2025-07-05 15:49:50,878 [d8f38f7e-70e8-450f-85ae-2cee56d3f445-groupManagement] INFO  server.RaftServerConfigKeys (ConfUtils.java:logGet(62)) - raft.server.log.appender.buffer.byte-limit = 33554432 (custom)
2025-07-05 15:49:50,881 [EventQueue-PipelineReportForPipelineReportHandler] INFO  pipeline.PipelineReportHandler (PipelineReportHandler.java:processPipelineReport(134)) - Opened pipeline Pipeline-c15a027b-6e13-4476-8ffe-c8396b1fe663
2025-07-05 15:49:50,881 [d8f38f7e-70e8-450f-85ae-2cee56d3f445-groupManagement] INFO  server.RaftServerConfigKeys (ConfUtils.java:logGet(62)) - raft.server.log.segment.size.max = 67108864 (custom)
2025-07-05 15:49:50,882 [d8f38f7e-70e8-450f-85ae-2cee56d3f445-groupManagement] INFO  server.RaftServerConfigKeys (ConfUtils.java:logGet(62)) - raft.server.log.appender.buffer.byte-limit = 33554432 (custom)
2025-07-05 15:49:50,883 [d8f38f7e-70e8-450f-85ae-2cee56d3f445-groupManagement] INFO  util.AwaitToRun (AwaitToRun.java:start(81)) - Thread[#2078,d8f38f7e-70e8-450f-85ae-2cee56d3f445@group-C8396B1FE663-cacheEviction-AwaitToRun,5,main] started
2025-07-05 15:49:50,884 [d8f38f7e-70e8-450f-85ae-2cee56d3f445-groupManagement] INFO  segmented.SegmentedRaftLogWorker (SegmentedRaftLogWorker.java:<init>(190)) - new d8f38f7e-70e8-450f-85ae-2cee56d3f445@group-C8396B1FE663-SegmentedRaftLogWorker for RaftStorageImpl:Storage Directory /home/runner/work/ozone/ozone/hadoop-ozone/integration-test/target/test-dir/MiniOzoneClusterImpl-0a3c97a5-d59a-4532-afef-c4940c4c02aa/ozone-meta/datanode-9/ratisb55abd79-a071-44ad-9e7a-e22a0d2ff4cb/c15a027b-6e13-4476-8ffe-c8396b1fe663
2025-07-05 15:49:50,884 [d8f38f7e-70e8-450f-85ae-2cee56d3f445-groupManagement] INFO  server.RaftServerConfigKeys (ConfUtils.java:logGet(62)) - raft.server.log.queue.byte-limit = 4294967296 (custom)
2025-07-05 15:49:50,884 [d8f38f7e-70e8-450f-85ae-2cee56d3f445-groupManagement] INFO  server.RaftServerConfigKeys (ConfUtils.java:logGet(62)) - raft.server.log.segment.size.max = 67108864 (custom)
2025-07-05 15:49:50,885 [d8f38f7e-70e8-450f-85ae-2cee56d3f445-groupManagement] INFO  server.RaftServerConfigKeys (ConfUtils.java:logGet(62)) - raft.server.log.preallocated.size = 4194304 (custom)
2025-07-05 15:49:50,886 [d8f38f7e-70e8-450f-85ae-2cee56d3f445-groupManagement] INFO  server.RaftServerConfigKeys (ConfUtils.java:logGet(62)) - raft.server.log.write.buffer.size = 33554440 (custom)
2025-07-05 15:49:50,892 [d8f38f7e-70e8-450f-85ae-2cee56d3f445-groupManagement] INFO  server.RaftServerConfigKeys (ConfUtils.java:logGet(62)) - raft.server.log.appender.buffer.byte-limit = 33554432 (custom)
2025-07-05 15:49:50,892 [d8f38f7e-70e8-450f-85ae-2cee56d3f445-groupManagement] INFO  segmented.SegmentedRaftLogWorker (SegmentedRaftLogWorker.java:lambda$new$0(141)) - d8f38f7e-70e8-450f-85ae-2cee56d3f445@group-C8396B1FE663-SegmentedRaftLogWorker: flushIndex: setUnconditionally 0 -> -1
2025-07-05 15:49:50,892 [d8f38f7e-70e8-450f-85ae-2cee56d3f445-groupManagement] INFO  segmented.SegmentedRaftLogWorker (SegmentedRaftLogWorker.java:lambda$new$0(141)) - d8f38f7e-70e8-450f-85ae-2cee56d3f445@group-C8396B1FE663-SegmentedRaftLogWorker: safeCacheEvictIndex: setUnconditionally 0 -> -1
2025-07-05 15:49:50,893 [d8f38f7e-70e8-450f-85ae-2cee56d3f445-groupManagement] INFO  server.RaftServer$Division (RaftServerImpl.java:start(405)) - d8f38f7e-70e8-450f-85ae-2cee56d3f445@group-C8396B1FE663: start as a follower, conf=conf: {index: -1, cur=peers:[d8f38f7e-70e8-450f-85ae-2cee56d3f445|127.0.0.1:15079]|listeners:[], old=null}
2025-07-05 15:49:50,893 [d8f38f7e-70e8-450f-85ae-2cee56d3f445-groupManagement] INFO  server.RaftServer$Division (RaftServerImpl.java:setRole(392)) - d8f38f7e-70e8-450f-85ae-2cee56d3f445@group-C8396B1FE663: changes role from      null to FOLLOWER at term 0 for startAsFollower
2025-07-05 15:49:50,893 [d8f38f7e-70e8-450f-85ae-2cee56d3f445-groupManagement] INFO  impl.RoleInfo (RoleInfo.java:updateAndGet(148)) - d8f38f7e-70e8-450f-85ae-2cee56d3f445: start d8f38f7e-70e8-450f-85ae-2cee56d3f445@group-C8396B1FE663-FollowerState
2025-07-05 15:49:50,893 [d8f38f7e-70e8-450f-85ae-2cee56d3f445-groupManagement] INFO  util.JmxRegister (JmxRegister.java:tryRegister(44)) - Successfully registered JMX Bean with object name Ratis:service=RaftServer,group=group-C8396B1FE663,id=d8f38f7e-70e8-450f-85ae-2cee56d3f445
2025-07-05 15:49:50,893 [d8f38f7e-70e8-450f-85ae-2cee56d3f445-groupManagement] INFO  util.JmxRegister (JmxRegister.java:register(58)) - register mxBean class org.apache.ratis.server.impl.RaftServerJmxAdapter as Ratis:service=RaftServer,group=group-C8396B1FE663,id=d8f38f7e-70e8-450f-85ae-2cee56d3f445
2025-07-05 15:49:50,894 [d8f38f7e-70e8-450f-85ae-2cee56d3f445-groupManagement] INFO  server.RaftServer$Division (RaftServerImpl.java:start(419)) - d8f38f7e-70e8-450f-85ae-2cee56d3f445@group-C8396B1FE663: Successfully started.
2025-07-05 15:49:50,895 [d8f38f7e-70e8-450f-85ae-2cee56d3f445-PipelineCommandHandlerThread-0] INFO  ratis.XceiverServerRatis (XceiverServerRatis.java:addGroup(843)) - Created group Pipeline-c15a027b-6e13-4476-8ffe-c8396b1fe663
2025-07-05 15:49:50,895 [d8f38f7e-70e8-450f-85ae-2cee56d3f445-PipelineCommandHandlerThread-0] INFO  commandhandler.CreatePipelineCommandHandler (CreatePipelineCommandHandler.java:lambda$handle$2(127)) - Created Pipeline RATIS ONE Pipeline-c15a027b-6e13-4476-8ffe-c8396b1fe663.
2025-07-05 15:49:51,042 [16b3a642-386d-4aa9-ba22-a20b8f52ec18@group-F05856020FDA-FollowerState] INFO  impl.FollowerState (FollowerState.java:runImpl(161)) - 16b3a642-386d-4aa9-ba22-a20b8f52ec18@group-F05856020FDA-FollowerState: change to CANDIDATE, lastRpcElapsedTime:1102467780ns, electionTimeout:1098ms
2025-07-05 15:49:51,042 [16b3a642-386d-4aa9-ba22-a20b8f52ec18@group-F05856020FDA-FollowerState] INFO  impl.RoleInfo (RoleInfo.java:shutdownFollowerState(121)) - 16b3a642-386d-4aa9-ba22-a20b8f52ec18: shutdown 16b3a642-386d-4aa9-ba22-a20b8f52ec18@group-F05856020FDA-FollowerState
2025-07-05 15:49:51,043 [16b3a642-386d-4aa9-ba22-a20b8f52ec18@group-F05856020FDA-FollowerState] INFO  server.RaftServer$Division (RaftServerImpl.java:setRole(392)) - 16b3a642-386d-4aa9-ba22-a20b8f52ec18@group-F05856020FDA: changes role from  FOLLOWER to CANDIDATE at term 0 for changeToCandidate
2025-07-05 15:49:51,043 [16b3a642-386d-4aa9-ba22-a20b8f52ec18@group-F05856020FDA-FollowerState] INFO  impl.RoleInfo (RoleInfo.java:updateAndGet(148)) - 16b3a642-386d-4aa9-ba22-a20b8f52ec18: start 16b3a642-386d-4aa9-ba22-a20b8f52ec18@group-F05856020FDA-LeaderElection33
2025-07-05 15:49:51,044 [16b3a642-386d-4aa9-ba22-a20b8f52ec18@group-F05856020FDA-LeaderElection33] INFO  impl.LeaderElection (LeaderElection.java:askForVotes(448)) - 16b3a642-386d-4aa9-ba22-a20b8f52ec18@group-F05856020FDA-LeaderElection33 PRE_VOTE round 0: submit vote requests at term 0 for conf: {index: -1, cur=peers:[16b3a642-386d-4aa9-ba22-a20b8f52ec18|127.0.0.1:15087, 2e56514c-0608-4198-9fed-b4eba4d3d686|127.0.0.1:15039, a2863246-e653-4b31-a3d0-09f3a93c429f|127.0.0.1:15071]|listeners:[], old=null}
2025-07-05 15:49:51,044 [16b3a642-386d-4aa9-ba22-a20b8f52ec18@group-F05856020FDA-LeaderElection33-1] INFO  server.GrpcServerProtocolClient (GrpcServerProtocolClient.java:<init>(65)) - Build channel for 2e56514c-0608-4198-9fed-b4eba4d3d686|127.0.0.1:15039
2025-07-05 15:49:51,044 [16b3a642-386d-4aa9-ba22-a20b8f52ec18@group-F05856020FDA-LeaderElection33-2] INFO  server.GrpcServerProtocolClient (GrpcServerProtocolClient.java:<init>(65)) - Build channel for a2863246-e653-4b31-a3d0-09f3a93c429f|127.0.0.1:15071
2025-07-05 15:49:51,051 [grpc-default-executor-4] INFO  server.RaftServer$Division (RaftServerImpl.java:requestVote(1421)) - a2863246-e653-4b31-a3d0-09f3a93c429f@group-F05856020FDA: receive requestVote(PRE_VOTE, 16b3a642-386d-4aa9-ba22-a20b8f52ec18, group-F05856020FDA, 0, <PROTO_DEFAULT>)
2025-07-05 15:49:51,051 [grpc-default-executor-4] INFO  impl.VoteContext (VoteContext.java:log(49)) - a2863246-e653-4b31-a3d0-09f3a93c429f@group-F05856020FDA-FOLLOWER: reject PRE_VOTE from 16b3a642-386d-4aa9-ba22-a20b8f52ec18: our priority 1 > candidate's priority 0
2025-07-05 15:49:51,051 [grpc-default-executor-4] INFO  server.RaftServer$Division (RaftServerImpl.java:requestVote(1455)) - a2863246-e653-4b31-a3d0-09f3a93c429f@group-F05856020FDA replies to PRE_VOTE vote request: 16b3a642-386d-4aa9-ba22-a20b8f52ec18<-a2863246-e653-4b31-a3d0-09f3a93c429f#0:FAIL-t0-last:<INITIAL_VALUE>. Peer's state: a2863246-e653-4b31-a3d0-09f3a93c429f@group-F05856020FDA:t0, leader=null, voted=, raftlog=Memoized:a2863246-e653-4b31-a3d0-09f3a93c429f@group-F05856020FDA-SegmentedRaftLog:OPENED:c-1:lastnull, conf=conf: {index: -1, cur=peers:[16b3a642-386d-4aa9-ba22-a20b8f52ec18|127.0.0.1:15087, 2e56514c-0608-4198-9fed-b4eba4d3d686|127.0.0.1:15039, a2863246-e653-4b31-a3d0-09f3a93c429f|127.0.0.1:15071]|listeners:[], old=null}
2025-07-05 15:49:51,051 [grpc-default-executor-2] INFO  server.RaftServer$Division (RaftServerImpl.java:requestVote(1421)) - 2e56514c-0608-4198-9fed-b4eba4d3d686@group-F05856020FDA: receive requestVote(PRE_VOTE, 16b3a642-386d-4aa9-ba22-a20b8f52ec18, group-F05856020FDA, 0, <PROTO_DEFAULT>)
2025-07-05 15:49:51,052 [grpc-default-executor-2] INFO  impl.VoteContext (VoteContext.java:log(49)) - 2e56514c-0608-4198-9fed-b4eba4d3d686@group-F05856020FDA-FOLLOWER: accept PRE_VOTE from 16b3a642-386d-4aa9-ba22-a20b8f52ec18: our priority 0 <= candidate's priority 0
2025-07-05 15:49:51,052 [grpc-default-executor-2] INFO  server.RaftServer$Division (RaftServerImpl.java:requestVote(1455)) - 2e56514c-0608-4198-9fed-b4eba4d3d686@group-F05856020FDA replies to PRE_VOTE vote request: 16b3a642-386d-4aa9-ba22-a20b8f52ec18<-2e56514c-0608-4198-9fed-b4eba4d3d686#0:OK-t0-last:<INITIAL_VALUE>. Peer's state: 2e56514c-0608-4198-9fed-b4eba4d3d686@group-F05856020FDA:t0, leader=null, voted=, raftlog=Memoized:2e56514c-0608-4198-9fed-b4eba4d3d686@group-F05856020FDA-SegmentedRaftLog:OPENED:c-1:lastnull, conf=conf: {index: -1, cur=peers:[16b3a642-386d-4aa9-ba22-a20b8f52ec18|127.0.0.1:15087, 2e56514c-0608-4198-9fed-b4eba4d3d686|127.0.0.1:15039, a2863246-e653-4b31-a3d0-09f3a93c429f|127.0.0.1:15071]|listeners:[], old=null}
2025-07-05 15:49:51,052 [16b3a642-386d-4aa9-ba22-a20b8f52ec18@group-F05856020FDA-LeaderElection33] INFO  impl.LeaderElection (LeaderElection.java:logAndReturn(206)) - 16b3a642-386d-4aa9-ba22-a20b8f52ec18@group-F05856020FDA-LeaderElection33: PRE_VOTE REJECTED received 1 response(s) and 0 exception(s):
2025-07-05 15:49:51,052 [16b3a642-386d-4aa9-ba22-a20b8f52ec18@group-F05856020FDA-LeaderElection33] INFO  impl.LeaderElection (LeaderElection.java:logAndReturn(210)) -   Response 0: 16b3a642-386d-4aa9-ba22-a20b8f52ec18<-a2863246-e653-4b31-a3d0-09f3a93c429f#0:FAIL-t0-last:<INITIAL_VALUE>
2025-07-05 15:49:51,053 [16b3a642-386d-4aa9-ba22-a20b8f52ec18@group-F05856020FDA-LeaderElection33] INFO  impl.LeaderElection (LeaderElection.java:askForVotes(450)) - 16b3a642-386d-4aa9-ba22-a20b8f52ec18@group-F05856020FDA-LeaderElection33 PRE_VOTE round 0: result REJECTED
2025-07-05 15:49:51,053 [16b3a642-386d-4aa9-ba22-a20b8f52ec18@group-F05856020FDA-LeaderElection33] INFO  server.RaftServer$Division (RaftServerImpl.java:setRole(392)) - 16b3a642-386d-4aa9-ba22-a20b8f52ec18@group-F05856020FDA: changes role from CANDIDATE to FOLLOWER at term 0 for REJECTED
2025-07-05 15:49:51,053 [16b3a642-386d-4aa9-ba22-a20b8f52ec18@group-F05856020FDA-LeaderElection33] INFO  impl.RoleInfo (RoleInfo.java:shutdownLeaderElection(141)) - 16b3a642-386d-4aa9-ba22-a20b8f52ec18: shutdown 16b3a642-386d-4aa9-ba22-a20b8f52ec18@group-F05856020FDA-LeaderElection33
2025-07-05 15:49:51,053 [16b3a642-386d-4aa9-ba22-a20b8f52ec18@group-F05856020FDA-LeaderElection33] INFO  impl.RoleInfo (RoleInfo.java:updateAndGet(148)) - 16b3a642-386d-4aa9-ba22-a20b8f52ec18: start 16b3a642-386d-4aa9-ba22-a20b8f52ec18@group-F05856020FDA-FollowerState
2025-07-05 15:49:51,053 [16b3a642-386d-4aa9-ba22-a20b8f52ec18@group-F05856020FDA-LeaderElection33] INFO  server.RaftServer$Division (RaftServerImpl.java:setFirstElection(576)) - 16b3a642-386d-4aa9-ba22-a20b8f52ec18@group-F05856020FDA: set firstElectionSinceStartup to false for REJECTED
2025-07-05 15:49:51,064 [EventQueue-PipelineActionsForPipelineActionHandler] INFO  pipeline.PipelineActionHandler (PipelineActionHandler.java:processPipelineAction(89)) - Received pipeline action CLOSE for Pipeline-07c2a4b9-1a6d-4d20-b06e-c1d084be788e from datanode d3a92f5c-9e4a-48c5-9a32-2f34a6e85eb8(localhost/127.0.0.1). Reason : Chunks directory /home/runner/work/ozone/ozone/hadoop-ozone/integration-test/target/test-dir/MiniOzoneClusterImpl-0a3c97a5-d59a-4532-afef-c4940c4c02aa/ozone-meta/datanode-6/data-0/hdds/0a3c97a5-d59a-4532-afef-c4940c4c02aa/current/containerDir0/9/chunks does not exist.
2025-07-05 15:49:51,065 [a2863246-e653-4b31-a3d0-09f3a93c429f@group-F05856020FDA-FollowerState] INFO  impl.FollowerState (FollowerState.java:runImpl(161)) - a2863246-e653-4b31-a3d0-09f3a93c429f@group-F05856020FDA-FollowerState: change to CANDIDATE, lastRpcElapsedTime:1175155359ns, electionTimeout:1174ms
2025-07-05 15:49:51,066 [a2863246-e653-4b31-a3d0-09f3a93c429f@group-F05856020FDA-FollowerState] INFO  impl.RoleInfo (RoleInfo.java:shutdownFollowerState(121)) - a2863246-e653-4b31-a3d0-09f3a93c429f: shutdown a2863246-e653-4b31-a3d0-09f3a93c429f@group-F05856020FDA-FollowerState
2025-07-05 15:49:51,066 [a2863246-e653-4b31-a3d0-09f3a93c429f@group-F05856020FDA-FollowerState] INFO  server.RaftServer$Division (RaftServerImpl.java:setRole(392)) - a2863246-e653-4b31-a3d0-09f3a93c429f@group-F05856020FDA: changes role from  FOLLOWER to CANDIDATE at term 0 for changeToCandidate
2025-07-05 15:49:51,066 [a2863246-e653-4b31-a3d0-09f3a93c429f@group-F05856020FDA-FollowerState] INFO  impl.RoleInfo (RoleInfo.java:updateAndGet(148)) - a2863246-e653-4b31-a3d0-09f3a93c429f: start a2863246-e653-4b31-a3d0-09f3a93c429f@group-F05856020FDA-LeaderElection34
2025-07-05 15:49:51,066 [a2863246-e653-4b31-a3d0-09f3a93c429f@group-F05856020FDA-LeaderElection34] INFO  impl.LeaderElection (LeaderElection.java:askForVotes(448)) - a2863246-e653-4b31-a3d0-09f3a93c429f@group-F05856020FDA-LeaderElection34 PRE_VOTE round 0: submit vote requests at term 0 for conf: {index: -1, cur=peers:[16b3a642-386d-4aa9-ba22-a20b8f52ec18|127.0.0.1:15087, 2e56514c-0608-4198-9fed-b4eba4d3d686|127.0.0.1:15039, a2863246-e653-4b31-a3d0-09f3a93c429f|127.0.0.1:15071]|listeners:[], old=null}
2025-07-05 15:49:51,066 [a2863246-e653-4b31-a3d0-09f3a93c429f@group-F05856020FDA-LeaderElection34-1] INFO  server.GrpcServerProtocolClient (GrpcServerProtocolClient.java:<init>(65)) - Build channel for 16b3a642-386d-4aa9-ba22-a20b8f52ec18|127.0.0.1:15087
2025-07-05 15:49:51,067 [a2863246-e653-4b31-a3d0-09f3a93c429f@group-F05856020FDA-LeaderElection34-2] INFO  server.GrpcServerProtocolClient (GrpcServerProtocolClient.java:<init>(65)) - Build channel for 2e56514c-0608-4198-9fed-b4eba4d3d686|127.0.0.1:15039
2025-07-05 15:49:51,071 [grpc-default-executor-4] INFO  server.RaftServer$Division (RaftServerImpl.java:requestVote(1421)) - 2e56514c-0608-4198-9fed-b4eba4d3d686@group-F05856020FDA: receive requestVote(PRE_VOTE, a2863246-e653-4b31-a3d0-09f3a93c429f, group-F05856020FDA, 0, <PROTO_DEFAULT>)
2025-07-05 15:49:51,071 [grpc-default-executor-2] INFO  server.RaftServer$Division (RaftServerImpl.java:requestVote(1421)) - 16b3a642-386d-4aa9-ba22-a20b8f52ec18@group-F05856020FDA: receive requestVote(PRE_VOTE, a2863246-e653-4b31-a3d0-09f3a93c429f, group-F05856020FDA, 0, <PROTO_DEFAULT>)
2025-07-05 15:49:51,071 [grpc-default-executor-4] INFO  impl.VoteContext (VoteContext.java:log(49)) - 2e56514c-0608-4198-9fed-b4eba4d3d686@group-F05856020FDA-FOLLOWER: accept PRE_VOTE from a2863246-e653-4b31-a3d0-09f3a93c429f: our priority 0 <= candidate's priority 1
2025-07-05 15:49:51,071 [grpc-default-executor-4] INFO  server.RaftServer$Division (RaftServerImpl.java:requestVote(1455)) - 2e56514c-0608-4198-9fed-b4eba4d3d686@group-F05856020FDA replies to PRE_VOTE vote request: a2863246-e653-4b31-a3d0-09f3a93c429f<-2e56514c-0608-4198-9fed-b4eba4d3d686#0:OK-t0-last:<INITIAL_VALUE>. Peer's state: 2e56514c-0608-4198-9fed-b4eba4d3d686@group-F05856020FDA:t0, leader=null, voted=, raftlog=Memoized:2e56514c-0608-4198-9fed-b4eba4d3d686@group-F05856020FDA-SegmentedRaftLog:OPENED:c-1:lastnull, conf=conf: {index: -1, cur=peers:[16b3a642-386d-4aa9-ba22-a20b8f52ec18|127.0.0.1:15087, 2e56514c-0608-4198-9fed-b4eba4d3d686|127.0.0.1:15039, a2863246-e653-4b31-a3d0-09f3a93c429f|127.0.0.1:15071]|listeners:[], old=null}
2025-07-05 15:49:51,071 [grpc-default-executor-2] INFO  impl.VoteContext (VoteContext.java:log(49)) - 16b3a642-386d-4aa9-ba22-a20b8f52ec18@group-F05856020FDA-FOLLOWER: accept PRE_VOTE from a2863246-e653-4b31-a3d0-09f3a93c429f: our priority 0 <= candidate's priority 1
2025-07-05 15:49:51,071 [grpc-default-executor-2] INFO  server.RaftServer$Division (RaftServerImpl.java:requestVote(1455)) - 16b3a642-386d-4aa9-ba22-a20b8f52ec18@group-F05856020FDA replies to PRE_VOTE vote request: a2863246-e653-4b31-a3d0-09f3a93c429f<-16b3a642-386d-4aa9-ba22-a20b8f52ec18#0:OK-t0-last:<INITIAL_VALUE>. Peer's state: 16b3a642-386d-4aa9-ba22-a20b8f52ec18@group-F05856020FDA:t0, leader=null, voted=, raftlog=Memoized:16b3a642-386d-4aa9-ba22-a20b8f52ec18@group-F05856020FDA-SegmentedRaftLog:OPENED:c-1:lastnull, conf=conf: {index: -1, cur=peers:[16b3a642-386d-4aa9-ba22-a20b8f52ec18|127.0.0.1:15087, 2e56514c-0608-4198-9fed-b4eba4d3d686|127.0.0.1:15039, a2863246-e653-4b31-a3d0-09f3a93c429f|127.0.0.1:15071]|listeners:[], old=null}
2025-07-05 15:49:51,072 [a2863246-e653-4b31-a3d0-09f3a93c429f@group-F05856020FDA-LeaderElection34] INFO  impl.LeaderElection (LeaderElection.java:logAndReturn(206)) - a2863246-e653-4b31-a3d0-09f3a93c429f@group-F05856020FDA-LeaderElection34: PRE_VOTE PASSED received 1 response(s) and 0 exception(s):
2025-07-05 15:49:51,072 [a2863246-e653-4b31-a3d0-09f3a93c429f@group-F05856020FDA-LeaderElection34] INFO  impl.LeaderElection (LeaderElection.java:logAndReturn(210)) -   Response 0: a2863246-e653-4b31-a3d0-09f3a93c429f<-2e56514c-0608-4198-9fed-b4eba4d3d686#0:OK-t0-last:<INITIAL_VALUE>
2025-07-05 15:49:51,072 [a2863246-e653-4b31-a3d0-09f3a93c429f@group-F05856020FDA-LeaderElection34] INFO  impl.LeaderElection (LeaderElection.java:askForVotes(450)) - a2863246-e653-4b31-a3d0-09f3a93c429f@group-F05856020FDA-LeaderElection34 PRE_VOTE round 0: result PASSED
2025-07-05 15:49:51,073 [a2863246-e653-4b31-a3d0-09f3a93c429f@group-F05856020FDA-LeaderElection34] INFO  impl.LeaderElection (LeaderElection.java:askForVotes(448)) - a2863246-e653-4b31-a3d0-09f3a93c429f@group-F05856020FDA-LeaderElection34 ELECTION round 0: submit vote requests at term 1 for conf: {index: -1, cur=peers:[16b3a642-386d-4aa9-ba22-a20b8f52ec18|127.0.0.1:15087, 2e56514c-0608-4198-9fed-b4eba4d3d686|127.0.0.1:15039, a2863246-e653-4b31-a3d0-09f3a93c429f|127.0.0.1:15071]|listeners:[], old=null}
2025-07-05 15:49:51,074 [grpc-default-executor-2] INFO  server.RaftServer$Division (RaftServerImpl.java:requestVote(1421)) - 16b3a642-386d-4aa9-ba22-a20b8f52ec18@group-F05856020FDA: receive requestVote(ELECTION, a2863246-e653-4b31-a3d0-09f3a93c429f, group-F05856020FDA, 1, <PROTO_DEFAULT>)
2025-07-05 15:49:51,074 [grpc-default-executor-4] INFO  server.RaftServer$Division (RaftServerImpl.java:requestVote(1421)) - 2e56514c-0608-4198-9fed-b4eba4d3d686@group-F05856020FDA: receive requestVote(ELECTION, a2863246-e653-4b31-a3d0-09f3a93c429f, group-F05856020FDA, 1, <PROTO_DEFAULT>)
2025-07-05 15:49:51,074 [grpc-default-executor-4] INFO  impl.VoteContext (VoteContext.java:log(49)) - 2e56514c-0608-4198-9fed-b4eba4d3d686@group-F05856020FDA-FOLLOWER: accept ELECTION from a2863246-e653-4b31-a3d0-09f3a93c429f: our priority 0 <= candidate's priority 1
2025-07-05 15:49:51,074 [grpc-default-executor-4] INFO  server.RaftServer$Division (RaftServerImpl.java:setRole(392)) - 2e56514c-0608-4198-9fed-b4eba4d3d686@group-F05856020FDA: changes role from  FOLLOWER to FOLLOWER at term 0 for candidate:a2863246-e653-4b31-a3d0-09f3a93c429f
2025-07-05 15:49:51,074 [grpc-default-executor-4] INFO  impl.RoleInfo (RoleInfo.java:shutdownFollowerState(121)) - 2e56514c-0608-4198-9fed-b4eba4d3d686: shutdown 2e56514c-0608-4198-9fed-b4eba4d3d686@group-F05856020FDA-FollowerState
2025-07-05 15:49:51,074 [grpc-default-executor-4] INFO  impl.RoleInfo (RoleInfo.java:updateAndGet(148)) - 2e56514c-0608-4198-9fed-b4eba4d3d686: start 2e56514c-0608-4198-9fed-b4eba4d3d686@group-F05856020FDA-FollowerState
2025-07-05 15:49:51,074 [grpc-default-executor-2] INFO  impl.VoteContext (VoteContext.java:log(49)) - 16b3a642-386d-4aa9-ba22-a20b8f52ec18@group-F05856020FDA-FOLLOWER: accept ELECTION from a2863246-e653-4b31-a3d0-09f3a93c429f: our priority 0 <= candidate's priority 1
2025-07-05 15:49:51,074 [2e56514c-0608-4198-9fed-b4eba4d3d686@group-F05856020FDA-FollowerState] INFO  impl.FollowerState (FollowerState.java:runImpl(170)) - 2e56514c-0608-4198-9fed-b4eba4d3d686@group-F05856020FDA-FollowerState was interrupted
2025-07-05 15:49:51,075 [grpc-default-executor-2] INFO  server.RaftServer$Division (RaftServerImpl.java:setRole(392)) - 16b3a642-386d-4aa9-ba22-a20b8f52ec18@group-F05856020FDA: changes role from  FOLLOWER to FOLLOWER at term 0 for candidate:a2863246-e653-4b31-a3d0-09f3a93c429f
2025-07-05 15:49:51,075 [grpc-default-executor-2] INFO  impl.RoleInfo (RoleInfo.java:shutdownFollowerState(121)) - 16b3a642-386d-4aa9-ba22-a20b8f52ec18: shutdown 16b3a642-386d-4aa9-ba22-a20b8f52ec18@group-F05856020FDA-FollowerState
2025-07-05 15:49:51,076 [grpc-default-executor-2] INFO  impl.RoleInfo (RoleInfo.java:updateAndGet(148)) - 16b3a642-386d-4aa9-ba22-a20b8f52ec18: start 16b3a642-386d-4aa9-ba22-a20b8f52ec18@group-F05856020FDA-FollowerState
2025-07-05 15:49:51,076 [16b3a642-386d-4aa9-ba22-a20b8f52ec18@group-F05856020FDA-FollowerState] INFO  impl.FollowerState (FollowerState.java:runImpl(170)) - 16b3a642-386d-4aa9-ba22-a20b8f52ec18@group-F05856020FDA-FollowerState was interrupted
2025-07-05 15:49:51,076 [grpc-default-executor-4] INFO  server.RaftServer$Division (RaftServerImpl.java:setFirstElection(576)) - 2e56514c-0608-4198-9fed-b4eba4d3d686@group-F05856020FDA: set firstElectionSinceStartup to false for candidate:a2863246-e653-4b31-a3d0-09f3a93c429f
2025-07-05 15:49:51,078 [grpc-default-executor-4] INFO  server.RaftServer$Division (RaftServerImpl.java:requestVote(1455)) - 2e56514c-0608-4198-9fed-b4eba4d3d686@group-F05856020FDA replies to ELECTION vote request: a2863246-e653-4b31-a3d0-09f3a93c429f<-2e56514c-0608-4198-9fed-b4eba4d3d686#0:OK-t1-last:<INITIAL_VALUE>. Peer's state: 2e56514c-0608-4198-9fed-b4eba4d3d686@group-F05856020FDA:t1, leader=null, voted=a2863246-e653-4b31-a3d0-09f3a93c429f, raftlog=Memoized:2e56514c-0608-4198-9fed-b4eba4d3d686@group-F05856020FDA-SegmentedRaftLog:OPENED:c-1:lastnull, conf=conf: {index: -1, cur=peers:[16b3a642-386d-4aa9-ba22-a20b8f52ec18|127.0.0.1:15087, 2e56514c-0608-4198-9fed-b4eba4d3d686|127.0.0.1:15039, a2863246-e653-4b31-a3d0-09f3a93c429f|127.0.0.1:15071]|listeners:[], old=null}
2025-07-05 15:49:51,078 [grpc-default-executor-2] INFO  server.RaftServer$Division (RaftServerImpl.java:requestVote(1455)) - 16b3a642-386d-4aa9-ba22-a20b8f52ec18@group-F05856020FDA replies to ELECTION vote request: a2863246-e653-4b31-a3d0-09f3a93c429f<-16b3a642-386d-4aa9-ba22-a20b8f52ec18#0:OK-t1-last:<INITIAL_VALUE>. Peer's state: 16b3a642-386d-4aa9-ba22-a20b8f52ec18@group-F05856020FDA:t1, leader=null, voted=a2863246-e653-4b31-a3d0-09f3a93c429f, raftlog=Memoized:16b3a642-386d-4aa9-ba22-a20b8f52ec18@group-F05856020FDA-SegmentedRaftLog:OPENED:c-1:lastnull, conf=conf: {index: -1, cur=peers:[16b3a642-386d-4aa9-ba22-a20b8f52ec18|127.0.0.1:15087, 2e56514c-0608-4198-9fed-b4eba4d3d686|127.0.0.1:15039, a2863246-e653-4b31-a3d0-09f3a93c429f|127.0.0.1:15071]|listeners:[], old=null}
2025-07-05 15:49:51,079 [a2863246-e653-4b31-a3d0-09f3a93c429f@group-F05856020FDA-LeaderElection34] INFO  impl.LeaderElection (LeaderElection.java:logAndReturn(206)) - a2863246-e653-4b31-a3d0-09f3a93c429f@group-F05856020FDA-LeaderElection34: ELECTION PASSED received 1 response(s) and 0 exception(s):
2025-07-05 15:49:51,079 [a2863246-e653-4b31-a3d0-09f3a93c429f@group-F05856020FDA-LeaderElection34] INFO  impl.LeaderElection (LeaderElection.java:logAndReturn(210)) -   Response 0: a2863246-e653-4b31-a3d0-09f3a93c429f<-16b3a642-386d-4aa9-ba22-a20b8f52ec18#0:OK-t1-last:<INITIAL_VALUE>
2025-07-05 15:49:51,079 [a2863246-e653-4b31-a3d0-09f3a93c429f@group-F05856020FDA-LeaderElection34] INFO  impl.LeaderElection (LeaderElection.java:askForVotes(450)) - a2863246-e653-4b31-a3d0-09f3a93c429f@group-F05856020FDA-LeaderElection34 ELECTION round 0: result PASSED
2025-07-05 15:49:51,079 [a2863246-e653-4b31-a3d0-09f3a93c429f@group-F05856020FDA-LeaderElection34] INFO  impl.RoleInfo (RoleInfo.java:shutdownLeaderElection(141)) - a2863246-e653-4b31-a3d0-09f3a93c429f: shutdown a2863246-e653-4b31-a3d0-09f3a93c429f@group-F05856020FDA-LeaderElection34
2025-07-05 15:49:51,079 [a2863246-e653-4b31-a3d0-09f3a93c429f@group-F05856020FDA-LeaderElection34] INFO  server.RaftServer$Division (RaftServerImpl.java:setRole(392)) - a2863246-e653-4b31-a3d0-09f3a93c429f@group-F05856020FDA: changes role from CANDIDATE to LEADER at term 1 for changeToLeader
2025-07-05 15:49:51,079 [a2863246-e653-4b31-a3d0-09f3a93c429f@group-F05856020FDA-LeaderElection34] INFO  server.RaftServerConfigKeys (ConfUtils.java:logFallback(69)) - raft.server.staging.timeout = 15600ms (fallback to raft.server.rpc.timeout.max)
2025-07-05 15:49:51,080 [a2863246-e653-4b31-a3d0-09f3a93c429f@group-F05856020FDA-LeaderElection34] INFO  server.RaftServerConfigKeys (ConfUtils.java:logGet(62)) - raft.server.write.byte-limit = 1024 M (=1073741824) (custom)
2025-07-05 15:49:51,081 [a2863246-e653-4b31-a3d0-09f3a93c429f@group-F05856020FDA-LeaderElection34] INFO  server.RaftServerConfigKeys (ConfUtils.java:logGet(62)) - raft.server.log.appender.buffer.byte-limit = 33554432 (custom)
2025-07-05 15:49:51,082 [a2863246-e653-4b31-a3d0-09f3a93c429f@group-F05856020FDA-LeaderElection34] INFO  server.RaftServerConfigKeys (ConfUtils.java:logGet(62)) - raft.server.log.appender.buffer.byte-limit = 33554432 (custom)
2025-07-05 15:49:51,082 [a2863246-e653-4b31-a3d0-09f3a93c429f@group-F05856020FDA-LeaderElection34] INFO  impl.RoleInfo (RoleInfo.java:updateAndGet(148)) - a2863246-e653-4b31-a3d0-09f3a93c429f: start a2863246-e653-4b31-a3d0-09f3a93c429f@group-F05856020FDA-LeaderStateImpl
2025-07-05 15:49:51,082 [a2863246-e653-4b31-a3d0-09f3a93c429f@group-F05856020FDA-LeaderElection34] INFO  server.RaftServer$Division (RaftServerImpl.java:setFirstElection(576)) - a2863246-e653-4b31-a3d0-09f3a93c429f@group-F05856020FDA: set firstElectionSinceStartup to false for becomeLeader
2025-07-05 15:49:51,082 [a2863246-e653-4b31-a3d0-09f3a93c429f@group-F05856020FDA-LeaderElection34] INFO  ratis.XceiverServerRatis (XceiverServerRatis.java:handleLeaderChangedNotification(944)) - Leader change notification received for group: group-F05856020FDA with new leaderId: a2863246-e653-4b31-a3d0-09f3a93c429f
2025-07-05 15:49:51,082 [a2863246-e653-4b31-a3d0-09f3a93c429f@group-F05856020FDA-LeaderElection34] INFO  server.RaftServer$Division (ServerState.java:setLeader(272)) - a2863246-e653-4b31-a3d0-09f3a93c429f@group-F05856020FDA: change Leader from null to a2863246-e653-4b31-a3d0-09f3a93c429f at term 1 for becomeLeader, leader elected after 1208ms
2025-07-05 15:49:51,083 [a2863246-e653-4b31-a3d0-09f3a93c429f@group-F05856020FDA-LeaderElection34] INFO  segmented.SegmentedRaftLogWorker (SegmentedRaftLogWorker.java:startLogSegment(440)) - a2863246-e653-4b31-a3d0-09f3a93c429f@group-F05856020FDA-SegmentedRaftLogWorker: Starting segment from index:0
2025-07-05 15:49:51,083 [a2863246-e653-4b31-a3d0-09f3a93c429f@group-F05856020FDA-LeaderElection34] INFO  server.RaftServer$Division (ServerState.java:setRaftConf(386)) - a2863246-e653-4b31-a3d0-09f3a93c429f@group-F05856020FDA: set configuration conf: {index: 0, cur=peers:[16b3a642-386d-4aa9-ba22-a20b8f52ec18|127.0.0.1:15087, 2e56514c-0608-4198-9fed-b4eba4d3d686|127.0.0.1:15039, a2863246-e653-4b31-a3d0-09f3a93c429f|127.0.0.1:15071]|listeners:[], old=null}
2025-07-05 15:49:51,084 [a2863246-e653-4b31-a3d0-09f3a93c429f@group-F05856020FDA-SegmentedRaftLogWorker] INFO  segmented.BufferedWriteChannel (BufferedWriteChannel.java:open(61)) - open log_inprogress_0 at position 0
2025-07-05 15:49:51,085 [EventQueue-PipelineReportForPipelineReportHandler] INFO  pipeline.PipelineReportHandler (PipelineReportHandler.java:processPipelineReport(134)) - Opened pipeline Pipeline-afa26ae6-829f-4a8f-918e-f05856020fda
2025-07-05 15:49:51,090 [grpc-default-executor-7] INFO  ratis.XceiverServerRatis (XceiverServerRatis.java:handleLeaderChangedNotification(944)) - Leader change notification received for group: group-F05856020FDA with new leaderId: a2863246-e653-4b31-a3d0-09f3a93c429f
2025-07-05 15:49:51,090 [grpc-default-executor-7] INFO  server.RaftServer$Division (ServerState.java:setLeader(272)) - 2e56514c-0608-4198-9fed-b4eba4d3d686@group-F05856020FDA: change Leader from null to a2863246-e653-4b31-a3d0-09f3a93c429f at term 1 for appendEntries, leader elected after 1191ms
2025-07-05 15:49:51,091 [grpc-default-executor-7] INFO  ratis.XceiverServerRatis (XceiverServerRatis.java:handleLeaderChangedNotification(944)) - Leader change notification received for group: group-F05856020FDA with new leaderId: a2863246-e653-4b31-a3d0-09f3a93c429f
2025-07-05 15:49:51,092 [grpc-default-executor-7] INFO  server.RaftServer$Division (ServerState.java:setLeader(272)) - 16b3a642-386d-4aa9-ba22-a20b8f52ec18@group-F05856020FDA: change Leader from null to a2863246-e653-4b31-a3d0-09f3a93c429f at term 1 for appendEntries, leader elected after 1167ms
2025-07-05 15:49:51,092 [grpc-default-executor-6] INFO  server.RaftServer$Division (ServerState.java:setRaftConf(386)) - 2e56514c-0608-4198-9fed-b4eba4d3d686@group-F05856020FDA: set configuration conf: {index: 0, cur=peers:[16b3a642-386d-4aa9-ba22-a20b8f52ec18|127.0.0.1:15087, 2e56514c-0608-4198-9fed-b4eba4d3d686|127.0.0.1:15039, a2863246-e653-4b31-a3d0-09f3a93c429f|127.0.0.1:15071]|listeners:[], old=null}
2025-07-05 15:49:51,092 [grpc-default-executor-6] INFO  segmented.SegmentedRaftLogWorker (SegmentedRaftLogWorker.java:startLogSegment(440)) - 2e56514c-0608-4198-9fed-b4eba4d3d686@group-F05856020FDA-SegmentedRaftLogWorker: Starting segment from index:0
2025-07-05 15:49:51,092 [grpc-default-executor-1] INFO  server.RaftServer$Division (ServerState.java:setRaftConf(386)) - 16b3a642-386d-4aa9-ba22-a20b8f52ec18@group-F05856020FDA: set configuration conf: {index: 0, cur=peers:[16b3a642-386d-4aa9-ba22-a20b8f52ec18|127.0.0.1:15087, 2e56514c-0608-4198-9fed-b4eba4d3d686|127.0.0.1:15039, a2863246-e653-4b31-a3d0-09f3a93c429f|127.0.0.1:15071]|listeners:[], old=null}
2025-07-05 15:49:51,093 [grpc-default-executor-1] INFO  segmented.SegmentedRaftLogWorker (SegmentedRaftLogWorker.java:startLogSegment(440)) - 16b3a642-386d-4aa9-ba22-a20b8f52ec18@group-F05856020FDA-SegmentedRaftLogWorker: Starting segment from index:0
2025-07-05 15:49:51,093 [2e56514c-0608-4198-9fed-b4eba4d3d686@group-F05856020FDA-SegmentedRaftLogWorker] INFO  segmented.BufferedWriteChannel (BufferedWriteChannel.java:open(61)) - open log_inprogress_0 at position 0
2025-07-05 15:49:51,093 [16b3a642-386d-4aa9-ba22-a20b8f52ec18@group-F05856020FDA-SegmentedRaftLogWorker] INFO  segmented.BufferedWriteChannel (BufferedWriteChannel.java:open(61)) - open log_inprogress_0 at position 0
2025-07-05 15:49:51,094 [a2863246-e653-4b31-a3d0-09f3a93c429f@group-F05856020FDA-SegmentedRaftLogWorker] INFO  segmented.SegmentedRaftLogWorker (SegmentedRaftLogWorker.java:execute(647)) - a2863246-e653-4b31-a3d0-09f3a93c429f@group-F05856020FDA-SegmentedRaftLogWorker: created new log segment /home/runner/work/ozone/ozone/hadoop-ozone/integration-test/target/test-dir/MiniOzoneClusterImpl-0a3c97a5-d59a-4532-afef-c4940c4c02aa/ozone-meta/datanode-8/ratis/afa26ae6-829f-4a8f-918e-f05856020fda/current/log_inprogress_0
2025-07-05 15:49:51,105 [2e56514c-0608-4198-9fed-b4eba4d3d686@group-F05856020FDA-SegmentedRaftLogWorker] INFO  segmented.SegmentedRaftLogWorker (SegmentedRaftLogWorker.java:execute(647)) - 2e56514c-0608-4198-9fed-b4eba4d3d686@group-F05856020FDA-SegmentedRaftLogWorker: created new log segment /home/runner/work/ozone/ozone/hadoop-ozone/integration-test/target/test-dir/MiniOzoneClusterImpl-0a3c97a5-d59a-4532-afef-c4940c4c02aa/ozone-meta/datanode-4/ratis/afa26ae6-829f-4a8f-918e-f05856020fda/current/log_inprogress_0
2025-07-05 15:49:51,106 [16b3a642-386d-4aa9-ba22-a20b8f52ec18@group-F05856020FDA-SegmentedRaftLogWorker] INFO  segmented.SegmentedRaftLogWorker (SegmentedRaftLogWorker.java:execute(647)) - 16b3a642-386d-4aa9-ba22-a20b8f52ec18@group-F05856020FDA-SegmentedRaftLogWorker: created new log segment /home/runner/work/ozone/ozone/hadoop-ozone/integration-test/target/test-dir/MiniOzoneClusterImpl-0a3c97a5-d59a-4532-afef-c4940c4c02aa/ozone-meta/datanode-10/ratis/afa26ae6-829f-4a8f-918e-f05856020fda/current/log_inprogress_0
2025-07-05 15:49:51,108 [a2863246-e653-4b31-a3d0-09f3a93c429f@group-F05856020FDA-StateMachineUpdater] INFO  server.RaftServer$Division (LeaderStateImpl.java:checkStartIndex(309)) - Leader a2863246-e653-4b31-a3d0-09f3a93c429f@group-F05856020FDA-LeaderStateImpl is ready since appliedIndex == startIndex == 0
2025-07-05 15:49:51,108 [a2863246-e653-4b31-a3d0-09f3a93c429f@group-F05856020FDA-StateMachineUpdater] INFO  ratis.ContainerStateMachine (ContainerStateMachine.java:takeSnapshot(427)) - group-F05856020FDA: Taking a snapshot at:(t:1, i:0) file /home/runner/work/ozone/ozone/hadoop-ozone/integration-test/target/test-dir/MiniOzoneClusterImpl-0a3c97a5-d59a-4532-afef-c4940c4c02aa/ozone-meta/datanode-8/ratis/afa26ae6-829f-4a8f-918e-f05856020fda/sm/snapshot.1_0
2025-07-05 15:49:51,108 [a2863246-e653-4b31-a3d0-09f3a93c429f@group-F05856020FDA-StateMachineUpdater] INFO  ratis.ContainerStateMachine (ContainerStateMachine.java:takeSnapshot(436)) - group-F05856020FDA: Finished taking a snapshot at:(t:1, i:0) file:/home/runner/work/ozone/ozone/hadoop-ozone/integration-test/target/test-dir/MiniOzoneClusterImpl-0a3c97a5-d59a-4532-afef-c4940c4c02aa/ozone-meta/datanode-8/ratis/afa26ae6-829f-4a8f-918e-f05856020fda/sm/snapshot.1_0 took: 0 ms
2025-07-05 15:49:51,108 [a2863246-e653-4b31-a3d0-09f3a93c429f@group-F05856020FDA-StateMachineUpdater] INFO  impl.StateMachineUpdater (StateMachineUpdater.java:takeSnapshot(307)) - a2863246-e653-4b31-a3d0-09f3a93c429f@group-F05856020FDA-StateMachineUpdater: Took a snapshot at index 0
2025-07-05 15:49:51,109 [a2863246-e653-4b31-a3d0-09f3a93c429f@group-F05856020FDA-StateMachineUpdater] INFO  impl.StateMachineUpdater (StateMachineUpdater.java:lambda$new$0(101)) - a2863246-e653-4b31-a3d0-09f3a93c429f@group-F05856020FDA-StateMachineUpdater: snapshotIndex: updateIncreasingly -1 -> 0
2025-07-05 15:49:51,213 [16b3a642-386d-4aa9-ba22-a20b8f52ec18@group-D83282EFD40F-FollowerState] INFO  impl.FollowerState (FollowerState.java:runImpl(161)) - 16b3a642-386d-4aa9-ba22-a20b8f52ec18@group-D83282EFD40F-FollowerState: change to CANDIDATE, lastRpcElapsedTime:1046180998ns, electionTimeout:1045ms
2025-07-05 15:49:51,213 [16b3a642-386d-4aa9-ba22-a20b8f52ec18@group-D83282EFD40F-FollowerState] INFO  impl.RoleInfo (RoleInfo.java:shutdownFollowerState(121)) - 16b3a642-386d-4aa9-ba22-a20b8f52ec18: shutdown 16b3a642-386d-4aa9-ba22-a20b8f52ec18@group-D83282EFD40F-FollowerState
2025-07-05 15:49:51,213 [16b3a642-386d-4aa9-ba22-a20b8f52ec18@group-D83282EFD40F-FollowerState] INFO  server.RaftServer$Division (RaftServerImpl.java:setRole(392)) - 16b3a642-386d-4aa9-ba22-a20b8f52ec18@group-D83282EFD40F: changes role from  FOLLOWER to CANDIDATE at term 0 for changeToCandidate
2025-07-05 15:49:51,213 [16b3a642-386d-4aa9-ba22-a20b8f52ec18@group-D83282EFD40F-FollowerState] INFO  impl.RoleInfo (RoleInfo.java:updateAndGet(148)) - 16b3a642-386d-4aa9-ba22-a20b8f52ec18: start 16b3a642-386d-4aa9-ba22-a20b8f52ec18@group-D83282EFD40F-LeaderElection35
2025-07-05 15:49:51,213 [16b3a642-386d-4aa9-ba22-a20b8f52ec18@group-D83282EFD40F-LeaderElection35] INFO  impl.LeaderElection (LeaderElection.java:askForVotes(448)) - 16b3a642-386d-4aa9-ba22-a20b8f52ec18@group-D83282EFD40F-LeaderElection35 PRE_VOTE round 0: submit vote requests at term 0 for conf: {index: -1, cur=peers:[16b3a642-386d-4aa9-ba22-a20b8f52ec18|127.0.0.1:15087, 092257cb-ba5a-4f8a-9b9c-d44861eaa450|127.0.0.1:15063, a2863246-e653-4b31-a3d0-09f3a93c429f|127.0.0.1:15071]|listeners:[], old=null}
2025-07-05 15:49:51,214 [16b3a642-386d-4aa9-ba22-a20b8f52ec18@group-D83282EFD40F-LeaderElection35-1] INFO  server.GrpcServerProtocolClient (GrpcServerProtocolClient.java:<init>(65)) - Build channel for 092257cb-ba5a-4f8a-9b9c-d44861eaa450|127.0.0.1:15063
2025-07-05 15:49:51,216 [grpc-default-executor-1] INFO  server.RaftServer$Division (RaftServerImpl.java:requestVote(1421)) - a2863246-e653-4b31-a3d0-09f3a93c429f@group-D83282EFD40F: receive requestVote(PRE_VOTE, 16b3a642-386d-4aa9-ba22-a20b8f52ec18, group-D83282EFD40F, 0, <PROTO_DEFAULT>)
2025-07-05 15:49:51,216 [grpc-default-executor-1] INFO  impl.VoteContext (VoteContext.java:log(49)) - a2863246-e653-4b31-a3d0-09f3a93c429f@group-D83282EFD40F-FOLLOWER: accept PRE_VOTE from 16b3a642-386d-4aa9-ba22-a20b8f52ec18: our priority 0 <= candidate's priority 1
2025-07-05 15:49:51,216 [grpc-default-executor-1] INFO  server.RaftServer$Division (RaftServerImpl.java:requestVote(1455)) - a2863246-e653-4b31-a3d0-09f3a93c429f@group-D83282EFD40F replies to PRE_VOTE vote request: 16b3a642-386d-4aa9-ba22-a20b8f52ec18<-a2863246-e653-4b31-a3d0-09f3a93c429f#0:OK-t0-last:<INITIAL_VALUE>. Peer's state: a2863246-e653-4b31-a3d0-09f3a93c429f@group-D83282EFD40F:t0, leader=null, voted=, raftlog=Memoized:a2863246-e653-4b31-a3d0-09f3a93c429f@group-D83282EFD40F-SegmentedRaftLog:OPENED:c-1:lastnull, conf=conf: {index: -1, cur=peers:[16b3a642-386d-4aa9-ba22-a20b8f52ec18|127.0.0.1:15087, 092257cb-ba5a-4f8a-9b9c-d44861eaa450|127.0.0.1:15063, a2863246-e653-4b31-a3d0-09f3a93c429f|127.0.0.1:15071]|listeners:[], old=null}
2025-07-05 15:49:51,217 [16b3a642-386d-4aa9-ba22-a20b8f52ec18@group-D83282EFD40F-LeaderElection35] INFO  impl.LeaderElection (LeaderElection.java:logAndReturn(206)) - 16b3a642-386d-4aa9-ba22-a20b8f52ec18@group-D83282EFD40F-LeaderElection35: PRE_VOTE PASSED received 1 response(s) and 0 exception(s):
2025-07-05 15:49:51,217 [16b3a642-386d-4aa9-ba22-a20b8f52ec18@group-D83282EFD40F-LeaderElection35] INFO  impl.LeaderElection (LeaderElection.java:logAndReturn(210)) -   Response 0: 16b3a642-386d-4aa9-ba22-a20b8f52ec18<-a2863246-e653-4b31-a3d0-09f3a93c429f#0:OK-t0-last:<INITIAL_VALUE>
2025-07-05 15:49:51,217 [16b3a642-386d-4aa9-ba22-a20b8f52ec18@group-D83282EFD40F-LeaderElection35] INFO  impl.LeaderElection (LeaderElection.java:askForVotes(450)) - 16b3a642-386d-4aa9-ba22-a20b8f52ec18@group-D83282EFD40F-LeaderElection35 PRE_VOTE round 0: result PASSED
2025-07-05 15:49:51,217 [grpc-default-executor-1] INFO  server.RaftServer$Division (RaftServerImpl.java:requestVote(1421)) - 092257cb-ba5a-4f8a-9b9c-d44861eaa450@group-D83282EFD40F: receive requestVote(PRE_VOTE, 16b3a642-386d-4aa9-ba22-a20b8f52ec18, group-D83282EFD40F, 0, <PROTO_DEFAULT>)
2025-07-05 15:49:51,217 [grpc-default-executor-1] INFO  impl.VoteContext (VoteContext.java:log(49)) - 092257cb-ba5a-4f8a-9b9c-d44861eaa450@group-D83282EFD40F-FOLLOWER: accept PRE_VOTE from 16b3a642-386d-4aa9-ba22-a20b8f52ec18: our priority 0 <= candidate's priority 1
2025-07-05 15:49:51,217 [grpc-default-executor-1] INFO  server.RaftServer$Division (RaftServerImpl.java:requestVote(1455)) - 092257cb-ba5a-4f8a-9b9c-d44861eaa450@group-D83282EFD40F replies to PRE_VOTE vote request: 16b3a642-386d-4aa9-ba22-a20b8f52ec18<-092257cb-ba5a-4f8a-9b9c-d44861eaa450#0:OK-t0-last:<INITIAL_VALUE>. Peer's state: 092257cb-ba5a-4f8a-9b9c-d44861eaa450@group-D83282EFD40F:t0, leader=null, voted=, raftlog=Memoized:092257cb-ba5a-4f8a-9b9c-d44861eaa450@group-D83282EFD40F-SegmentedRaftLog:OPENED:c-1:lastnull, conf=conf: {index: -1, cur=peers:[16b3a642-386d-4aa9-ba22-a20b8f52ec18|127.0.0.1:15087, 092257cb-ba5a-4f8a-9b9c-d44861eaa450|127.0.0.1:15063, a2863246-e653-4b31-a3d0-09f3a93c429f|127.0.0.1:15071]|listeners:[], old=null}
2025-07-05 15:49:51,219 [16b3a642-386d-4aa9-ba22-a20b8f52ec18@group-D83282EFD40F-LeaderElection35] INFO  impl.LeaderElection (LeaderElection.java:askForVotes(448)) - 16b3a642-386d-4aa9-ba22-a20b8f52ec18@group-D83282EFD40F-LeaderElection35 ELECTION round 0: submit vote requests at term 1 for conf: {index: -1, cur=peers:[16b3a642-386d-4aa9-ba22-a20b8f52ec18|127.0.0.1:15087, 092257cb-ba5a-4f8a-9b9c-d44861eaa450|127.0.0.1:15063, a2863246-e653-4b31-a3d0-09f3a93c429f|127.0.0.1:15071]|listeners:[], old=null}
2025-07-05 15:49:51,220 [grpc-default-executor-1] INFO  server.RaftServer$Division (RaftServerImpl.java:requestVote(1421)) - a2863246-e653-4b31-a3d0-09f3a93c429f@group-D83282EFD40F: receive requestVote(ELECTION, 16b3a642-386d-4aa9-ba22-a20b8f52ec18, group-D83282EFD40F, 1, <PROTO_DEFAULT>)
2025-07-05 15:49:51,220 [grpc-default-executor-7] INFO  server.RaftServer$Division (RaftServerImpl.java:requestVote(1421)) - 092257cb-ba5a-4f8a-9b9c-d44861eaa450@group-D83282EFD40F: receive requestVote(ELECTION, 16b3a642-386d-4aa9-ba22-a20b8f52ec18, group-D83282EFD40F, 1, <PROTO_DEFAULT>)
2025-07-05 15:49:51,220 [grpc-default-executor-1] INFO  impl.VoteContext (VoteContext.java:log(49)) - a2863246-e653-4b31-a3d0-09f3a93c429f@group-D83282EFD40F-FOLLOWER: accept ELECTION from 16b3a642-386d-4aa9-ba22-a20b8f52ec18: our priority 0 <= candidate's priority 1
2025-07-05 15:49:51,220 [grpc-default-executor-7] INFO  impl.VoteContext (VoteContext.java:log(49)) - 092257cb-ba5a-4f8a-9b9c-d44861eaa450@group-D83282EFD40F-FOLLOWER: accept ELECTION from 16b3a642-386d-4aa9-ba22-a20b8f52ec18: our priority 0 <= candidate's priority 1
2025-07-05 15:49:51,220 [grpc-default-executor-7] INFO  server.RaftServer$Division (RaftServerImpl.java:setRole(392)) - 092257cb-ba5a-4f8a-9b9c-d44861eaa450@group-D83282EFD40F: changes role from  FOLLOWER to FOLLOWER at term 0 for candidate:16b3a642-386d-4aa9-ba22-a20b8f52ec18
2025-07-05 15:49:51,220 [grpc-default-executor-7] INFO  impl.RoleInfo (RoleInfo.java:shutdownFollowerState(121)) - 092257cb-ba5a-4f8a-9b9c-d44861eaa450: shutdown 092257cb-ba5a-4f8a-9b9c-d44861eaa450@group-D83282EFD40F-FollowerState
2025-07-05 15:49:51,220 [grpc-default-executor-7] INFO  impl.RoleInfo (RoleInfo.java:updateAndGet(148)) - 092257cb-ba5a-4f8a-9b9c-d44861eaa450: start 092257cb-ba5a-4f8a-9b9c-d44861eaa450@group-D83282EFD40F-FollowerState
2025-07-05 15:49:51,220 [grpc-default-executor-1] INFO  server.RaftServer$Division (RaftServerImpl.java:setRole(392)) - a2863246-e653-4b31-a3d0-09f3a93c429f@group-D83282EFD40F: changes role from  FOLLOWER to FOLLOWER at term 0 for candidate:16b3a642-386d-4aa9-ba22-a20b8f52ec18
2025-07-05 15:49:51,220 [grpc-default-executor-1] INFO  impl.RoleInfo (RoleInfo.java:shutdownFollowerState(121)) - a2863246-e653-4b31-a3d0-09f3a93c429f: shutdown a2863246-e653-4b31-a3d0-09f3a93c429f@group-D83282EFD40F-FollowerState
2025-07-05 15:49:51,220 [grpc-default-executor-1] INFO  impl.RoleInfo (RoleInfo.java:updateAndGet(148)) - a2863246-e653-4b31-a3d0-09f3a93c429f: start a2863246-e653-4b31-a3d0-09f3a93c429f@group-D83282EFD40F-FollowerState
2025-07-05 15:49:51,220 [grpc-default-executor-7] INFO  server.RaftServer$Division (RaftServerImpl.java:setFirstElection(576)) - 092257cb-ba5a-4f8a-9b9c-d44861eaa450@group-D83282EFD40F: set firstElectionSinceStartup to false for candidate:16b3a642-386d-4aa9-ba22-a20b8f52ec18
2025-07-05 15:49:51,220 [092257cb-ba5a-4f8a-9b9c-d44861eaa450@group-D83282EFD40F-FollowerState] INFO  impl.FollowerState (FollowerState.java:runImpl(170)) - 092257cb-ba5a-4f8a-9b9c-d44861eaa450@group-D83282EFD40F-FollowerState was interrupted
2025-07-05 15:49:51,220 [a2863246-e653-4b31-a3d0-09f3a93c429f@group-D83282EFD40F-FollowerState] INFO  impl.FollowerState (FollowerState.java:runImpl(170)) - a2863246-e653-4b31-a3d0-09f3a93c429f@group-D83282EFD40F-FollowerState was interrupted
2025-07-05 15:49:51,221 [grpc-default-executor-1] INFO  server.RaftServer$Division (RaftServerImpl.java:setFirstElection(576)) - a2863246-e653-4b31-a3d0-09f3a93c429f@group-D83282EFD40F: set firstElectionSinceStartup to false for candidate:16b3a642-386d-4aa9-ba22-a20b8f52ec18
2025-07-05 15:49:51,221 [grpc-default-executor-7] INFO  server.RaftServer$Division (RaftServerImpl.java:requestVote(1455)) - 092257cb-ba5a-4f8a-9b9c-d44861eaa450@group-D83282EFD40F replies to ELECTION vote request: 16b3a642-386d-4aa9-ba22-a20b8f52ec18<-092257cb-ba5a-4f8a-9b9c-d44861eaa450#0:OK-t1-last:<INITIAL_VALUE>. Peer's state: 092257cb-ba5a-4f8a-9b9c-d44861eaa450@group-D83282EFD40F:t1, leader=null, voted=16b3a642-386d-4aa9-ba22-a20b8f52ec18, raftlog=Memoized:092257cb-ba5a-4f8a-9b9c-d44861eaa450@group-D83282EFD40F-SegmentedRaftLog:OPENED:c-1:lastnull, conf=conf: {index: -1, cur=peers:[16b3a642-386d-4aa9-ba22-a20b8f52ec18|127.0.0.1:15087, 092257cb-ba5a-4f8a-9b9c-d44861eaa450|127.0.0.1:15063, a2863246-e653-4b31-a3d0-09f3a93c429f|127.0.0.1:15071]|listeners:[], old=null}
2025-07-05 15:49:51,222 [16b3a642-386d-4aa9-ba22-a20b8f52ec18@group-D83282EFD40F-LeaderElection35] INFO  impl.LeaderElection (LeaderElection.java:logAndReturn(206)) - 16b3a642-386d-4aa9-ba22-a20b8f52ec18@group-D83282EFD40F-LeaderElection35: ELECTION PASSED received 1 response(s) and 0 exception(s):
2025-07-05 15:49:51,222 [16b3a642-386d-4aa9-ba22-a20b8f52ec18@group-D83282EFD40F-LeaderElection35] INFO  impl.LeaderElection (LeaderElection.java:logAndReturn(210)) -   Response 0: 16b3a642-386d-4aa9-ba22-a20b8f52ec18<-092257cb-ba5a-4f8a-9b9c-d44861eaa450#0:OK-t1-last:<INITIAL_VALUE>
2025-07-05 15:49:51,222 [16b3a642-386d-4aa9-ba22-a20b8f52ec18@group-D83282EFD40F-LeaderElection35] INFO  impl.LeaderElection (LeaderElection.java:askForVotes(450)) - 16b3a642-386d-4aa9-ba22-a20b8f52ec18@group-D83282EFD40F-LeaderElection35 ELECTION round 0: result PASSED
2025-07-05 15:49:51,222 [16b3a642-386d-4aa9-ba22-a20b8f52ec18@group-D83282EFD40F-LeaderElection35] INFO  impl.RoleInfo (RoleInfo.java:shutdownLeaderElection(141)) - 16b3a642-386d-4aa9-ba22-a20b8f52ec18: shutdown 16b3a642-386d-4aa9-ba22-a20b8f52ec18@group-D83282EFD40F-LeaderElection35
2025-07-05 15:49:51,222 [16b3a642-386d-4aa9-ba22-a20b8f52ec18@group-D83282EFD40F-LeaderElection35] INFO  server.RaftServer$Division (RaftServerImpl.java:setRole(392)) - 16b3a642-386d-4aa9-ba22-a20b8f52ec18@group-D83282EFD40F: changes role from CANDIDATE to LEADER at term 1 for changeToLeader
2025-07-05 15:49:51,222 [16b3a642-386d-4aa9-ba22-a20b8f52ec18@group-D83282EFD40F-LeaderElection35] INFO  server.RaftServerConfigKeys (ConfUtils.java:logFallback(69)) - raft.server.staging.timeout = 15600ms (fallback to raft.server.rpc.timeout.max)
2025-07-05 15:49:51,222 [grpc-default-executor-1] INFO  server.RaftServer$Division (RaftServerImpl.java:requestVote(1455)) - a2863246-e653-4b31-a3d0-09f3a93c429f@group-D83282EFD40F replies to ELECTION vote request: 16b3a642-386d-4aa9-ba22-a20b8f52ec18<-a2863246-e653-4b31-a3d0-09f3a93c429f#0:OK-t1-last:<INITIAL_VALUE>. Peer's state: a2863246-e653-4b31-a3d0-09f3a93c429f@group-D83282EFD40F:t1, leader=null, voted=16b3a642-386d-4aa9-ba22-a20b8f52ec18, raftlog=Memoized:a2863246-e653-4b31-a3d0-09f3a93c429f@group-D83282EFD40F-SegmentedRaftLog:OPENED:c-1:lastnull, conf=conf: {index: -1, cur=peers:[16b3a642-386d-4aa9-ba22-a20b8f52ec18|127.0.0.1:15087, 092257cb-ba5a-4f8a-9b9c-d44861eaa450|127.0.0.1:15063, a2863246-e653-4b31-a3d0-09f3a93c429f|127.0.0.1:15071]|listeners:[], old=null}
2025-07-05 15:49:51,222 [16b3a642-386d-4aa9-ba22-a20b8f52ec18@group-D83282EFD40F-LeaderElection35] INFO  server.RaftServerConfigKeys (ConfUtils.java:logGet(62)) - raft.server.write.byte-limit = 1024 M (=1073741824) (custom)
2025-07-05 15:49:51,223 [16b3a642-386d-4aa9-ba22-a20b8f52ec18@group-D83282EFD40F-LeaderElection35] INFO  server.RaftServerConfigKeys (ConfUtils.java:logGet(62)) - raft.server.log.appender.buffer.byte-limit = 33554432 (custom)
2025-07-05 15:49:51,224 [16b3a642-386d-4aa9-ba22-a20b8f52ec18@group-D83282EFD40F-LeaderElection35] INFO  server.RaftServerConfigKeys (ConfUtils.java:logGet(62)) - raft.server.log.appender.buffer.byte-limit = 33554432 (custom)
2025-07-05 15:49:51,225 [16b3a642-386d-4aa9-ba22-a20b8f52ec18@group-D83282EFD40F-LeaderElection35] INFO  impl.RoleInfo (RoleInfo.java:updateAndGet(148)) - 16b3a642-386d-4aa9-ba22-a20b8f52ec18: start 16b3a642-386d-4aa9-ba22-a20b8f52ec18@group-D83282EFD40F-LeaderStateImpl
2025-07-05 15:49:51,225 [16b3a642-386d-4aa9-ba22-a20b8f52ec18@group-D83282EFD40F-LeaderElection35] INFO  server.RaftServer$Division (RaftServerImpl.java:setFirstElection(576)) - 16b3a642-386d-4aa9-ba22-a20b8f52ec18@group-D83282EFD40F: set firstElectionSinceStartup to false for becomeLeader
2025-07-05 15:49:51,225 [16b3a642-386d-4aa9-ba22-a20b8f52ec18@group-D83282EFD40F-LeaderElection35] INFO  ratis.XceiverServerRatis (XceiverServerRatis.java:handleLeaderChangedNotification(944)) - Leader change notification received for group: group-D83282EFD40F with new leaderId: 16b3a642-386d-4aa9-ba22-a20b8f52ec18
2025-07-05 15:49:51,225 [16b3a642-386d-4aa9-ba22-a20b8f52ec18@group-D83282EFD40F-LeaderElection35] INFO  server.RaftServer$Division (ServerState.java:setLeader(272)) - 16b3a642-386d-4aa9-ba22-a20b8f52ec18@group-D83282EFD40F: change Leader from null to 16b3a642-386d-4aa9-ba22-a20b8f52ec18 at term 1 for becomeLeader, leader elected after 1070ms
2025-07-05 15:49:51,225 [16b3a642-386d-4aa9-ba22-a20b8f52ec18@group-D83282EFD40F-LeaderElection35] INFO  segmented.SegmentedRaftLogWorker (SegmentedRaftLogWorker.java:startLogSegment(440)) - 16b3a642-386d-4aa9-ba22-a20b8f52ec18@group-D83282EFD40F-SegmentedRaftLogWorker: Starting segment from index:0
2025-07-05 15:49:51,225 [16b3a642-386d-4aa9-ba22-a20b8f52ec18@group-D83282EFD40F-LeaderElection35] INFO  server.RaftServer$Division (ServerState.java:setRaftConf(386)) - 16b3a642-386d-4aa9-ba22-a20b8f52ec18@group-D83282EFD40F: set configuration conf: {index: 0, cur=peers:[16b3a642-386d-4aa9-ba22-a20b8f52ec18|127.0.0.1:15087, 092257cb-ba5a-4f8a-9b9c-d44861eaa450|127.0.0.1:15063, a2863246-e653-4b31-a3d0-09f3a93c429f|127.0.0.1:15071]|listeners:[], old=null}
2025-07-05 15:49:51,226 [16b3a642-386d-4aa9-ba22-a20b8f52ec18@group-D83282EFD40F-SegmentedRaftLogWorker] INFO  segmented.BufferedWriteChannel (BufferedWriteChannel.java:open(61)) - open log_inprogress_0 at position 0
2025-07-05 15:49:51,228 [EventQueue-PipelineReportForPipelineReportHandler] INFO  pipeline.PipelineReportHandler (PipelineReportHandler.java:processPipelineReport(134)) - Opened pipeline Pipeline-455ba6d2-49b4-4087-b798-d83282efd40f
2025-07-05 15:49:51,231 [grpc-default-executor-2] INFO  ratis.XceiverServerRatis (XceiverServerRatis.java:handleLeaderChangedNotification(944)) - Leader change notification received for group: group-D83282EFD40F with new leaderId: 16b3a642-386d-4aa9-ba22-a20b8f52ec18
2025-07-05 15:49:51,231 [grpc-default-executor-2] INFO  server.RaftServer$Division (ServerState.java:setLeader(272)) - a2863246-e653-4b31-a3d0-09f3a93c429f@group-D83282EFD40F: change Leader from null to 16b3a642-386d-4aa9-ba22-a20b8f52ec18 at term 1 for appendEntries, leader elected after 1048ms
2025-07-05 15:49:51,231 [grpc-default-executor-1] INFO  server.RaftServer$Division (ServerState.java:setRaftConf(386)) - a2863246-e653-4b31-a3d0-09f3a93c429f@group-D83282EFD40F: set configuration conf: {index: 0, cur=peers:[16b3a642-386d-4aa9-ba22-a20b8f52ec18|127.0.0.1:15087, 092257cb-ba5a-4f8a-9b9c-d44861eaa450|127.0.0.1:15063, a2863246-e653-4b31-a3d0-09f3a93c429f|127.0.0.1:15071]|listeners:[], old=null}
2025-07-05 15:49:51,231 [grpc-default-executor-1] INFO  segmented.SegmentedRaftLogWorker (SegmentedRaftLogWorker.java:startLogSegment(440)) - a2863246-e653-4b31-a3d0-09f3a93c429f@group-D83282EFD40F-SegmentedRaftLogWorker: Starting segment from index:0
2025-07-05 15:49:51,232 [grpc-default-executor-1] INFO  ratis.XceiverServerRatis (XceiverServerRatis.java:handleLeaderChangedNotification(944)) - Leader change notification received for group: group-D83282EFD40F with new leaderId: 16b3a642-386d-4aa9-ba22-a20b8f52ec18
2025-07-05 15:49:51,232 [grpc-default-executor-1] INFO  server.RaftServer$Division (ServerState.java:setLeader(272)) - 092257cb-ba5a-4f8a-9b9c-d44861eaa450@group-D83282EFD40F: change Leader from null to 16b3a642-386d-4aa9-ba22-a20b8f52ec18 at term 1 for appendEntries, leader elected after 1098ms
2025-07-05 15:49:51,232 [grpc-default-executor-7] INFO  server.RaftServer$Division (ServerState.java:setRaftConf(386)) - 092257cb-ba5a-4f8a-9b9c-d44861eaa450@group-D83282EFD40F: set configuration conf: {index: 0, cur=peers:[16b3a642-386d-4aa9-ba22-a20b8f52ec18|127.0.0.1:15087, 092257cb-ba5a-4f8a-9b9c-d44861eaa450|127.0.0.1:15063, a2863246-e653-4b31-a3d0-09f3a93c429f|127.0.0.1:15071]|listeners:[], old=null}
2025-07-05 15:49:51,232 [grpc-default-executor-7] INFO  segmented.SegmentedRaftLogWorker (SegmentedRaftLogWorker.java:startLogSegment(440)) - 092257cb-ba5a-4f8a-9b9c-d44861eaa450@group-D83282EFD40F-SegmentedRaftLogWorker: Starting segment from index:0
2025-07-05 15:49:51,232 [a2863246-e653-4b31-a3d0-09f3a93c429f@group-D83282EFD40F-SegmentedRaftLogWorker] INFO  segmented.BufferedWriteChannel (BufferedWriteChannel.java:open(61)) - open log_inprogress_0 at position 0
2025-07-05 15:49:51,233 [092257cb-ba5a-4f8a-9b9c-d44861eaa450@group-D83282EFD40F-SegmentedRaftLogWorker] INFO  segmented.BufferedWriteChannel (BufferedWriteChannel.java:open(61)) - open log_inprogress_0 at position 0
2025-07-05 15:49:51,235 [16b3a642-386d-4aa9-ba22-a20b8f52ec18@group-D83282EFD40F-SegmentedRaftLogWorker] INFO  segmented.SegmentedRaftLogWorker (SegmentedRaftLogWorker.java:execute(647)) - 16b3a642-386d-4aa9-ba22-a20b8f52ec18@group-D83282EFD40F-SegmentedRaftLogWorker: created new log segment /home/runner/work/ozone/ozone/hadoop-ozone/integration-test/target/test-dir/MiniOzoneClusterImpl-0a3c97a5-d59a-4532-afef-c4940c4c02aa/ozone-meta/datanode-10/ratis/455ba6d2-49b4-4087-b798-d83282efd40f/current/log_inprogress_0
2025-07-05 15:49:51,244 [a2863246-e653-4b31-a3d0-09f3a93c429f@group-D83282EFD40F-SegmentedRaftLogWorker] INFO  segmented.SegmentedRaftLogWorker (SegmentedRaftLogWorker.java:execute(647)) - a2863246-e653-4b31-a3d0-09f3a93c429f@group-D83282EFD40F-SegmentedRaftLogWorker: created new log segment /home/runner/work/ozone/ozone/hadoop-ozone/integration-test/target/test-dir/MiniOzoneClusterImpl-0a3c97a5-d59a-4532-afef-c4940c4c02aa/ozone-meta/datanode-8/ratis/455ba6d2-49b4-4087-b798-d83282efd40f/current/log_inprogress_0
2025-07-05 15:49:51,245 [092257cb-ba5a-4f8a-9b9c-d44861eaa450@group-D83282EFD40F-SegmentedRaftLogWorker] INFO  segmented.SegmentedRaftLogWorker (SegmentedRaftLogWorker.java:execute(647)) - 092257cb-ba5a-4f8a-9b9c-d44861eaa450@group-D83282EFD40F-SegmentedRaftLogWorker: created new log segment /home/runner/work/ozone/ozone/hadoop-ozone/integration-test/target/test-dir/MiniOzoneClusterImpl-0a3c97a5-d59a-4532-afef-c4940c4c02aa/ozone-meta/datanode-7/ratis4c5ba393-9d54-4a23-9e27-5237d04f58cc/455ba6d2-49b4-4087-b798-d83282efd40f/current/log_inprogress_0
2025-07-05 15:49:51,246 [16b3a642-386d-4aa9-ba22-a20b8f52ec18@group-D83282EFD40F-StateMachineUpdater] INFO  server.RaftServer$Division (LeaderStateImpl.java:checkStartIndex(309)) - Leader 16b3a642-386d-4aa9-ba22-a20b8f52ec18@group-D83282EFD40F-LeaderStateImpl is ready since appliedIndex == startIndex == 0
2025-07-05 15:49:51,246 [16b3a642-386d-4aa9-ba22-a20b8f52ec18@group-D83282EFD40F-StateMachineUpdater] INFO  ratis.ContainerStateMachine (ContainerStateMachine.java:takeSnapshot(427)) - group-D83282EFD40F: Taking a snapshot at:(t:1, i:0) file /home/runner/work/ozone/ozone/hadoop-ozone/integration-test/target/test-dir/MiniOzoneClusterImpl-0a3c97a5-d59a-4532-afef-c4940c4c02aa/ozone-meta/datanode-10/ratis/455ba6d2-49b4-4087-b798-d83282efd40f/sm/snapshot.1_0
2025-07-05 15:49:51,247 [16b3a642-386d-4aa9-ba22-a20b8f52ec18@group-D83282EFD40F-StateMachineUpdater] INFO  ratis.ContainerStateMachine (ContainerStateMachine.java:takeSnapshot(436)) - group-D83282EFD40F: Finished taking a snapshot at:(t:1, i:0) file:/home/runner/work/ozone/ozone/hadoop-ozone/integration-test/target/test-dir/MiniOzoneClusterImpl-0a3c97a5-d59a-4532-afef-c4940c4c02aa/ozone-meta/datanode-10/ratis/455ba6d2-49b4-4087-b798-d83282efd40f/sm/snapshot.1_0 took: 1 ms
2025-07-05 15:49:51,247 [16b3a642-386d-4aa9-ba22-a20b8f52ec18@group-D83282EFD40F-StateMachineUpdater] INFO  impl.StateMachineUpdater (StateMachineUpdater.java:takeSnapshot(307)) - 16b3a642-386d-4aa9-ba22-a20b8f52ec18@group-D83282EFD40F-StateMachineUpdater: Took a snapshot at index 0
2025-07-05 15:49:51,247 [16b3a642-386d-4aa9-ba22-a20b8f52ec18@group-D83282EFD40F-StateMachineUpdater] INFO  impl.StateMachineUpdater (StateMachineUpdater.java:lambda$new$0(101)) - 16b3a642-386d-4aa9-ba22-a20b8f52ec18@group-D83282EFD40F-StateMachineUpdater: snapshotIndex: updateIncreasingly -1 -> 0
2025-07-05 15:49:51,263 [EventQueue-PipelineActionsForPipelineActionHandler] INFO  pipeline.PipelineActionHandler (PipelineActionHandler.java:processPipelineAction(89)) - Received pipeline action CLOSE for Pipeline-07c2a4b9-1a6d-4d20-b06e-c1d084be788e from datanode d3a92f5c-9e4a-48c5-9a32-2f34a6e85eb8(localhost/127.0.0.1). Reason : Chunks directory /home/runner/work/ozone/ozone/hadoop-ozone/integration-test/target/test-dir/MiniOzoneClusterImpl-0a3c97a5-d59a-4532-afef-c4940c4c02aa/ozone-meta/datanode-6/data-0/hdds/0a3c97a5-d59a-4532-afef-c4940c4c02aa/current/containerDir0/9/chunks does not exist.
2025-07-05 15:49:51,284 [092257cb-ba5a-4f8a-9b9c-d44861eaa450@group-1F3C8BBFB073-FollowerState] INFO  impl.FollowerState (FollowerState.java:runImpl(161)) - 092257cb-ba5a-4f8a-9b9c-d44861eaa450@group-1F3C8BBFB073-FollowerState: change to CANDIDATE, lastRpcElapsedTime:1153381282ns, electionTimeout:1153ms
2025-07-05 15:49:51,284 [092257cb-ba5a-4f8a-9b9c-d44861eaa450@group-1F3C8BBFB073-FollowerState] INFO  impl.RoleInfo (RoleInfo.java:shutdownFollowerState(121)) - 092257cb-ba5a-4f8a-9b9c-d44861eaa450: shutdown 092257cb-ba5a-4f8a-9b9c-d44861eaa450@group-1F3C8BBFB073-FollowerState
2025-07-05 15:49:51,284 [092257cb-ba5a-4f8a-9b9c-d44861eaa450@group-1F3C8BBFB073-FollowerState] INFO  server.RaftServer$Division (RaftServerImpl.java:setRole(392)) - 092257cb-ba5a-4f8a-9b9c-d44861eaa450@group-1F3C8BBFB073: changes role from  FOLLOWER to CANDIDATE at term 0 for changeToCandidate
2025-07-05 15:49:51,284 [092257cb-ba5a-4f8a-9b9c-d44861eaa450@group-1F3C8BBFB073-FollowerState] INFO  impl.RoleInfo (RoleInfo.java:updateAndGet(148)) - 092257cb-ba5a-4f8a-9b9c-d44861eaa450: start 092257cb-ba5a-4f8a-9b9c-d44861eaa450@group-1F3C8BBFB073-LeaderElection36
2025-07-05 15:49:51,284 [092257cb-ba5a-4f8a-9b9c-d44861eaa450@group-1F3C8BBFB073-LeaderElection36] INFO  impl.LeaderElection (LeaderElection.java:askForVotes(448)) - 092257cb-ba5a-4f8a-9b9c-d44861eaa450@group-1F3C8BBFB073-LeaderElection36 PRE_VOTE round 0: submit vote requests at term 0 for conf: {index: -1, cur=peers:[092257cb-ba5a-4f8a-9b9c-d44861eaa450|127.0.0.1:15063]|listeners:[], old=null}
2025-07-05 15:49:51,284 [092257cb-ba5a-4f8a-9b9c-d44861eaa450@group-1F3C8BBFB073-LeaderElection36] INFO  impl.LeaderElection (LeaderElection.java:askForVotes(450)) - 092257cb-ba5a-4f8a-9b9c-d44861eaa450@group-1F3C8BBFB073-LeaderElection36 PRE_VOTE round 0: result PASSED (term=0)
2025-07-05 15:49:51,285 [092257cb-ba5a-4f8a-9b9c-d44861eaa450@group-1F3C8BBFB073-LeaderElection36] INFO  impl.LeaderElection (LeaderElection.java:askForVotes(448)) - 092257cb-ba5a-4f8a-9b9c-d44861eaa450@group-1F3C8BBFB073-LeaderElection36 ELECTION round 0: submit vote requests at term 1 for conf: {index: -1, cur=peers:[092257cb-ba5a-4f8a-9b9c-d44861eaa450|127.0.0.1:15063]|listeners:[], old=null}
2025-07-05 15:49:51,285 [092257cb-ba5a-4f8a-9b9c-d44861eaa450@group-1F3C8BBFB073-LeaderElection36] INFO  impl.LeaderElection (LeaderElection.java:askForVotes(450)) - 092257cb-ba5a-4f8a-9b9c-d44861eaa450@group-1F3C8BBFB073-LeaderElection36 ELECTION round 0: result PASSED (term=1)
2025-07-05 15:49:51,285 [092257cb-ba5a-4f8a-9b9c-d44861eaa450@group-1F3C8BBFB073-LeaderElection36] INFO  impl.RoleInfo (RoleInfo.java:shutdownLeaderElection(141)) - 092257cb-ba5a-4f8a-9b9c-d44861eaa450: shutdown 092257cb-ba5a-4f8a-9b9c-d44861eaa450@group-1F3C8BBFB073-LeaderElection36
2025-07-05 15:49:51,285 [092257cb-ba5a-4f8a-9b9c-d44861eaa450@group-1F3C8BBFB073-LeaderElection36] INFO  server.RaftServer$Division (RaftServerImpl.java:setRole(392)) - 092257cb-ba5a-4f8a-9b9c-d44861eaa450@group-1F3C8BBFB073: changes role from CANDIDATE to LEADER at term 1 for changeToLeader
2025-07-05 15:49:51,286 [092257cb-ba5a-4f8a-9b9c-d44861eaa450@group-1F3C8BBFB073-LeaderElection36] INFO  server.RaftServerConfigKeys (ConfUtils.java:logFallback(69)) - raft.server.staging.timeout = 15600ms (fallback to raft.server.rpc.timeout.max)
2025-07-05 15:49:51,286 [092257cb-ba5a-4f8a-9b9c-d44861eaa450@group-1F3C8BBFB073-LeaderElection36] INFO  server.RaftServerConfigKeys (ConfUtils.java:logGet(62)) - raft.server.write.byte-limit = 1024 M (=1073741824) (custom)
2025-07-05 15:49:51,287 [092257cb-ba5a-4f8a-9b9c-d44861eaa450@group-1F3C8BBFB073-LeaderElection36] INFO  impl.RoleInfo (RoleInfo.java:updateAndGet(148)) - 092257cb-ba5a-4f8a-9b9c-d44861eaa450: start 092257cb-ba5a-4f8a-9b9c-d44861eaa450@group-1F3C8BBFB073-LeaderStateImpl
2025-07-05 15:49:51,287 [092257cb-ba5a-4f8a-9b9c-d44861eaa450@group-1F3C8BBFB073-LeaderElection36] INFO  server.RaftServer$Division (RaftServerImpl.java:setFirstElection(576)) - 092257cb-ba5a-4f8a-9b9c-d44861eaa450@group-1F3C8BBFB073: set firstElectionSinceStartup to false for becomeLeader
2025-07-05 15:49:51,287 [092257cb-ba5a-4f8a-9b9c-d44861eaa450@group-1F3C8BBFB073-LeaderElection36] INFO  ratis.XceiverServerRatis (XceiverServerRatis.java:handleLeaderChangedNotification(944)) - Leader change notification received for group: group-1F3C8BBFB073 with new leaderId: 092257cb-ba5a-4f8a-9b9c-d44861eaa450
2025-07-05 15:49:51,287 [092257cb-ba5a-4f8a-9b9c-d44861eaa450@group-1F3C8BBFB073-LeaderElection36] INFO  server.RaftServer$Division (ServerState.java:setLeader(272)) - 092257cb-ba5a-4f8a-9b9c-d44861eaa450@group-1F3C8BBFB073: change Leader from null to 092257cb-ba5a-4f8a-9b9c-d44861eaa450 at term 1 for becomeLeader, leader elected after 1169ms
2025-07-05 15:49:51,287 [092257cb-ba5a-4f8a-9b9c-d44861eaa450@group-1F3C8BBFB073-LeaderElection36] INFO  segmented.SegmentedRaftLogWorker (SegmentedRaftLogWorker.java:startLogSegment(440)) - 092257cb-ba5a-4f8a-9b9c-d44861eaa450@group-1F3C8BBFB073-SegmentedRaftLogWorker: Starting segment from index:0
2025-07-05 15:49:51,287 [092257cb-ba5a-4f8a-9b9c-d44861eaa450@group-1F3C8BBFB073-LeaderElection36] INFO  server.RaftServer$Division (ServerState.java:setRaftConf(386)) - 092257cb-ba5a-4f8a-9b9c-d44861eaa450@group-1F3C8BBFB073: set configuration conf: {index: 0, cur=peers:[092257cb-ba5a-4f8a-9b9c-d44861eaa450|127.0.0.1:15063]|listeners:[], old=null}
2025-07-05 15:49:51,287 [092257cb-ba5a-4f8a-9b9c-d44861eaa450@group-1F3C8BBFB073-SegmentedRaftLogWorker] INFO  segmented.BufferedWriteChannel (BufferedWriteChannel.java:open(61)) - open log_inprogress_0 at position 0
2025-07-05 15:49:51,295 [092257cb-ba5a-4f8a-9b9c-d44861eaa450@group-1F3C8BBFB073-SegmentedRaftLogWorker] INFO  segmented.SegmentedRaftLogWorker (SegmentedRaftLogWorker.java:execute(647)) - 092257cb-ba5a-4f8a-9b9c-d44861eaa450@group-1F3C8BBFB073-SegmentedRaftLogWorker: created new log segment /home/runner/work/ozone/ozone/hadoop-ozone/integration-test/target/test-dir/MiniOzoneClusterImpl-0a3c97a5-d59a-4532-afef-c4940c4c02aa/ozone-meta/datanode-7/ratis4c5ba393-9d54-4a23-9e27-5237d04f58cc/e1a99a75-cfe6-42dd-ae26-1f3c8bbfb073/current/log_inprogress_0
2025-07-05 15:49:51,296 [092257cb-ba5a-4f8a-9b9c-d44861eaa450@group-1F3C8BBFB073-StateMachineUpdater] INFO  server.RaftServer$Division (LeaderStateImpl.java:checkStartIndex(309)) - Leader 092257cb-ba5a-4f8a-9b9c-d44861eaa450@group-1F3C8BBFB073-LeaderStateImpl is ready since appliedIndex == startIndex == 0
2025-07-05 15:49:51,297 [092257cb-ba5a-4f8a-9b9c-d44861eaa450@group-1F3C8BBFB073-StateMachineUpdater] INFO  ratis.ContainerStateMachine (ContainerStateMachine.java:takeSnapshot(427)) - group-1F3C8BBFB073: Taking a snapshot at:(t:1, i:0) file /home/runner/work/ozone/ozone/hadoop-ozone/integration-test/target/test-dir/MiniOzoneClusterImpl-0a3c97a5-d59a-4532-afef-c4940c4c02aa/ozone-meta/datanode-7/ratis4c5ba393-9d54-4a23-9e27-5237d04f58cc/e1a99a75-cfe6-42dd-ae26-1f3c8bbfb073/sm/snapshot.1_0
2025-07-05 15:49:51,297 [092257cb-ba5a-4f8a-9b9c-d44861eaa450@group-1F3C8BBFB073-StateMachineUpdater] INFO  ratis.ContainerStateMachine (ContainerStateMachine.java:takeSnapshot(436)) - group-1F3C8BBFB073: Finished taking a snapshot at:(t:1, i:0) file:/home/runner/work/ozone/ozone/hadoop-ozone/integration-test/target/test-dir/MiniOzoneClusterImpl-0a3c97a5-d59a-4532-afef-c4940c4c02aa/ozone-meta/datanode-7/ratis4c5ba393-9d54-4a23-9e27-5237d04f58cc/e1a99a75-cfe6-42dd-ae26-1f3c8bbfb073/sm/snapshot.1_0 took: 0 ms
2025-07-05 15:49:51,297 [092257cb-ba5a-4f8a-9b9c-d44861eaa450@group-1F3C8BBFB073-StateMachineUpdater] INFO  impl.StateMachineUpdater (StateMachineUpdater.java:takeSnapshot(307)) - 092257cb-ba5a-4f8a-9b9c-d44861eaa450@group-1F3C8BBFB073-StateMachineUpdater: Took a snapshot at index 0
2025-07-05 15:49:51,297 [092257cb-ba5a-4f8a-9b9c-d44861eaa450@group-1F3C8BBFB073-StateMachineUpdater] INFO  impl.StateMachineUpdater (StateMachineUpdater.java:lambda$new$0(101)) - 092257cb-ba5a-4f8a-9b9c-d44861eaa450@group-1F3C8BBFB073-StateMachineUpdater: snapshotIndex: updateIncreasingly -1 -> 0
2025-07-05 15:49:51,429 [694b616d-7f52-4b82-b07e-10398eb153c5@group-3B2717CC98E7-FollowerState] INFO  impl.FollowerState (FollowerState.java:runImpl(161)) - 694b616d-7f52-4b82-b07e-10398eb153c5@group-3B2717CC98E7-FollowerState: change to CANDIDATE, lastRpcElapsedTime:1005363281ns, electionTimeout:1005ms
2025-07-05 15:49:51,430 [694b616d-7f52-4b82-b07e-10398eb153c5@group-3B2717CC98E7-FollowerState] INFO  impl.RoleInfo (RoleInfo.java:shutdownFollowerState(121)) - 694b616d-7f52-4b82-b07e-10398eb153c5: shutdown 694b616d-7f52-4b82-b07e-10398eb153c5@group-3B2717CC98E7-FollowerState
2025-07-05 15:49:51,430 [694b616d-7f52-4b82-b07e-10398eb153c5@group-3B2717CC98E7-FollowerState] INFO  server.RaftServer$Division (RaftServerImpl.java:setRole(392)) - 694b616d-7f52-4b82-b07e-10398eb153c5@group-3B2717CC98E7: changes role from  FOLLOWER to CANDIDATE at term 0 for changeToCandidate
2025-07-05 15:49:51,430 [694b616d-7f52-4b82-b07e-10398eb153c5@group-3B2717CC98E7-FollowerState] INFO  impl.RoleInfo (RoleInfo.java:updateAndGet(148)) - 694b616d-7f52-4b82-b07e-10398eb153c5: start 694b616d-7f52-4b82-b07e-10398eb153c5@group-3B2717CC98E7-LeaderElection37
2025-07-05 15:49:51,430 [694b616d-7f52-4b82-b07e-10398eb153c5@group-3B2717CC98E7-LeaderElection37] INFO  impl.LeaderElection (LeaderElection.java:askForVotes(448)) - 694b616d-7f52-4b82-b07e-10398eb153c5@group-3B2717CC98E7-LeaderElection37 PRE_VOTE round 0: submit vote requests at term 0 for conf: {index: -1, cur=peers:[694b616d-7f52-4b82-b07e-10398eb153c5|127.0.0.1:15047, d3a92f5c-9e4a-48c5-9a32-2f34a6e85eb8|127.0.0.1:15055, d8f38f7e-70e8-450f-85ae-2cee56d3f445|127.0.0.1:15079]|listeners:[], old=null}
2025-07-05 15:49:51,431 [694b616d-7f52-4b82-b07e-10398eb153c5@group-3B2717CC98E7-LeaderElection37-2] INFO  server.GrpcServerProtocolClient (GrpcServerProtocolClient.java:<init>(65)) - Build channel for d8f38f7e-70e8-450f-85ae-2cee56d3f445|127.0.0.1:15079
2025-07-05 15:49:51,432 [grpc-default-executor-1] INFO  server.RaftServer$Division (RaftServerImpl.java:requestVote(1421)) - d3a92f5c-9e4a-48c5-9a32-2f34a6e85eb8@group-3B2717CC98E7: receive requestVote(PRE_VOTE, 694b616d-7f52-4b82-b07e-10398eb153c5, group-3B2717CC98E7, 0, <PROTO_DEFAULT>)
2025-07-05 15:49:51,432 [grpc-default-executor-1] INFO  impl.VoteContext (VoteContext.java:log(49)) - d3a92f5c-9e4a-48c5-9a32-2f34a6e85eb8@group-3B2717CC98E7-FOLLOWER: accept PRE_VOTE from 694b616d-7f52-4b82-b07e-10398eb153c5: our priority 0 <= candidate's priority 0
2025-07-05 15:49:51,432 [grpc-default-executor-1] INFO  server.RaftServer$Division (RaftServerImpl.java:requestVote(1455)) - d3a92f5c-9e4a-48c5-9a32-2f34a6e85eb8@group-3B2717CC98E7 replies to PRE_VOTE vote request: 694b616d-7f52-4b82-b07e-10398eb153c5<-d3a92f5c-9e4a-48c5-9a32-2f34a6e85eb8#0:OK-t0-last:<INITIAL_VALUE>. Peer's state: d3a92f5c-9e4a-48c5-9a32-2f34a6e85eb8@group-3B2717CC98E7:t0, leader=null, voted=, raftlog=Memoized:d3a92f5c-9e4a-48c5-9a32-2f34a6e85eb8@group-3B2717CC98E7-SegmentedRaftLog:OPENED:c-1:lastnull, conf=conf: {index: -1, cur=peers:[694b616d-7f52-4b82-b07e-10398eb153c5|127.0.0.1:15047, d3a92f5c-9e4a-48c5-9a32-2f34a6e85eb8|127.0.0.1:15055, d8f38f7e-70e8-450f-85ae-2cee56d3f445|127.0.0.1:15079]|listeners:[], old=null}
2025-07-05 15:49:51,434 [grpc-default-executor-7] INFO  server.RaftServer$Division (RaftServerImpl.java:requestVote(1421)) - d8f38f7e-70e8-450f-85ae-2cee56d3f445@group-3B2717CC98E7: receive requestVote(PRE_VOTE, 694b616d-7f52-4b82-b07e-10398eb153c5, group-3B2717CC98E7, 0, <PROTO_DEFAULT>)
2025-07-05 15:49:51,434 [grpc-default-executor-7] INFO  impl.VoteContext (VoteContext.java:log(49)) - d8f38f7e-70e8-450f-85ae-2cee56d3f445@group-3B2717CC98E7-FOLLOWER: reject PRE_VOTE from 694b616d-7f52-4b82-b07e-10398eb153c5: our priority 1 > candidate's priority 0
2025-07-05 15:49:51,434 [grpc-default-executor-7] INFO  server.RaftServer$Division (RaftServerImpl.java:requestVote(1455)) - d8f38f7e-70e8-450f-85ae-2cee56d3f445@group-3B2717CC98E7 replies to PRE_VOTE vote request: 694b616d-7f52-4b82-b07e-10398eb153c5<-d8f38f7e-70e8-450f-85ae-2cee56d3f445#0:FAIL-t0-last:<INITIAL_VALUE>. Peer's state: d8f38f7e-70e8-450f-85ae-2cee56d3f445@group-3B2717CC98E7:t0, leader=null, voted=, raftlog=Memoized:d8f38f7e-70e8-450f-85ae-2cee56d3f445@group-3B2717CC98E7-SegmentedRaftLog:OPENED:c-1:lastnull, conf=conf: {index: -1, cur=peers:[694b616d-7f52-4b82-b07e-10398eb153c5|127.0.0.1:15047, d3a92f5c-9e4a-48c5-9a32-2f34a6e85eb8|127.0.0.1:15055, d8f38f7e-70e8-450f-85ae-2cee56d3f445|127.0.0.1:15079]|listeners:[], old=null}
2025-07-05 15:49:51,435 [694b616d-7f52-4b82-b07e-10398eb153c5@group-3B2717CC98E7-LeaderElection37] INFO  impl.LeaderElection (LeaderElection.java:logAndReturn(206)) - 694b616d-7f52-4b82-b07e-10398eb153c5@group-3B2717CC98E7-LeaderElection37: PRE_VOTE REJECTED received 2 response(s) and 0 exception(s):
2025-07-05 15:49:51,435 [694b616d-7f52-4b82-b07e-10398eb153c5@group-3B2717CC98E7-LeaderElection37] INFO  impl.LeaderElection (LeaderElection.java:logAndReturn(210)) -   Response 0: 694b616d-7f52-4b82-b07e-10398eb153c5<-d3a92f5c-9e4a-48c5-9a32-2f34a6e85eb8#0:OK-t0-last:<INITIAL_VALUE>
2025-07-05 15:49:51,435 [694b616d-7f52-4b82-b07e-10398eb153c5@group-3B2717CC98E7-LeaderElection37] INFO  impl.LeaderElection (LeaderElection.java:logAndReturn(210)) -   Response 1: 694b616d-7f52-4b82-b07e-10398eb153c5<-d8f38f7e-70e8-450f-85ae-2cee56d3f445#0:FAIL-t0-last:<INITIAL_VALUE>
2025-07-05 15:49:51,435 [694b616d-7f52-4b82-b07e-10398eb153c5@group-3B2717CC98E7-LeaderElection37] INFO  impl.LeaderElection (LeaderElection.java:askForVotes(450)) - 694b616d-7f52-4b82-b07e-10398eb153c5@group-3B2717CC98E7-LeaderElection37 PRE_VOTE round 0: result REJECTED
2025-07-05 15:49:51,435 [694b616d-7f52-4b82-b07e-10398eb153c5@group-3B2717CC98E7-LeaderElection37] INFO  server.RaftServer$Division (RaftServerImpl.java:setRole(392)) - 694b616d-7f52-4b82-b07e-10398eb153c5@group-3B2717CC98E7: changes role from CANDIDATE to FOLLOWER at term 0 for REJECTED
2025-07-05 15:49:51,435 [694b616d-7f52-4b82-b07e-10398eb153c5@group-3B2717CC98E7-LeaderElection37] INFO  impl.RoleInfo (RoleInfo.java:shutdownLeaderElection(141)) - 694b616d-7f52-4b82-b07e-10398eb153c5: shutdown 694b616d-7f52-4b82-b07e-10398eb153c5@group-3B2717CC98E7-LeaderElection37
2025-07-05 15:49:51,435 [694b616d-7f52-4b82-b07e-10398eb153c5@group-3B2717CC98E7-LeaderElection37] INFO  impl.RoleInfo (RoleInfo.java:updateAndGet(148)) - 694b616d-7f52-4b82-b07e-10398eb153c5: start 694b616d-7f52-4b82-b07e-10398eb153c5@group-3B2717CC98E7-FollowerState
2025-07-05 15:49:51,435 [694b616d-7f52-4b82-b07e-10398eb153c5@group-3B2717CC98E7-LeaderElection37] INFO  server.RaftServer$Division (RaftServerImpl.java:setFirstElection(576)) - 694b616d-7f52-4b82-b07e-10398eb153c5@group-3B2717CC98E7: set firstElectionSinceStartup to false for REJECTED
2025-07-05 15:49:51,464 [EventQueue-PipelineActionsForPipelineActionHandler] INFO  pipeline.PipelineActionHandler (PipelineActionHandler.java:processPipelineAction(89)) - Received pipeline action CLOSE for Pipeline-07c2a4b9-1a6d-4d20-b06e-c1d084be788e from datanode d3a92f5c-9e4a-48c5-9a32-2f34a6e85eb8(localhost/127.0.0.1). Reason : Chunks directory /home/runner/work/ozone/ozone/hadoop-ozone/integration-test/target/test-dir/MiniOzoneClusterImpl-0a3c97a5-d59a-4532-afef-c4940c4c02aa/ozone-meta/datanode-6/data-0/hdds/0a3c97a5-d59a-4532-afef-c4940c4c02aa/current/containerDir0/9/chunks does not exist.
2025-07-05 15:49:51,538 [d8f38f7e-70e8-450f-85ae-2cee56d3f445@group-3B2717CC98E7-FollowerState] INFO  impl.FollowerState (FollowerState.java:runImpl(161)) - d8f38f7e-70e8-450f-85ae-2cee56d3f445@group-3B2717CC98E7-FollowerState: change to CANDIDATE, lastRpcElapsedTime:1092292288ns, electionTimeout:1091ms
2025-07-05 15:49:51,538 [d8f38f7e-70e8-450f-85ae-2cee56d3f445@group-3B2717CC98E7-FollowerState] INFO  impl.RoleInfo (RoleInfo.java:shutdownFollowerState(121)) - d8f38f7e-70e8-450f-85ae-2cee56d3f445: shutdown d8f38f7e-70e8-450f-85ae-2cee56d3f445@group-3B2717CC98E7-FollowerState
2025-07-05 15:49:51,538 [d8f38f7e-70e8-450f-85ae-2cee56d3f445@group-3B2717CC98E7-FollowerState] INFO  server.RaftServer$Division (RaftServerImpl.java:setRole(392)) - d8f38f7e-70e8-450f-85ae-2cee56d3f445@group-3B2717CC98E7: changes role from  FOLLOWER to CANDIDATE at term 0 for changeToCandidate
2025-07-05 15:49:51,538 [d8f38f7e-70e8-450f-85ae-2cee56d3f445@group-3B2717CC98E7-FollowerState] INFO  impl.RoleInfo (RoleInfo.java:updateAndGet(148)) - d8f38f7e-70e8-450f-85ae-2cee56d3f445: start d8f38f7e-70e8-450f-85ae-2cee56d3f445@group-3B2717CC98E7-LeaderElection38
2025-07-05 15:49:51,538 [d8f38f7e-70e8-450f-85ae-2cee56d3f445@group-3B2717CC98E7-LeaderElection38] INFO  impl.LeaderElection (LeaderElection.java:askForVotes(448)) - d8f38f7e-70e8-450f-85ae-2cee56d3f445@group-3B2717CC98E7-LeaderElection38 PRE_VOTE round 0: submit vote requests at term 0 for conf: {index: -1, cur=peers:[694b616d-7f52-4b82-b07e-10398eb153c5|127.0.0.1:15047, d3a92f5c-9e4a-48c5-9a32-2f34a6e85eb8|127.0.0.1:15055, d8f38f7e-70e8-450f-85ae-2cee56d3f445|127.0.0.1:15079]|listeners:[], old=null}
2025-07-05 15:49:51,539 [d8f38f7e-70e8-450f-85ae-2cee56d3f445@group-3B2717CC98E7-LeaderElection38-1] INFO  server.GrpcServerProtocolClient (GrpcServerProtocolClient.java:<init>(65)) - Build channel for 694b616d-7f52-4b82-b07e-10398eb153c5|127.0.0.1:15047
2025-07-05 15:49:51,539 [d8f38f7e-70e8-450f-85ae-2cee56d3f445@group-3B2717CC98E7-LeaderElection38-2] INFO  server.GrpcServerProtocolClient (GrpcServerProtocolClient.java:<init>(65)) - Build channel for d3a92f5c-9e4a-48c5-9a32-2f34a6e85eb8|127.0.0.1:15055
2025-07-05 15:49:51,543 [grpc-default-executor-1] INFO  server.RaftServer$Division (RaftServerImpl.java:requestVote(1421)) - d3a92f5c-9e4a-48c5-9a32-2f34a6e85eb8@group-3B2717CC98E7: receive requestVote(PRE_VOTE, d8f38f7e-70e8-450f-85ae-2cee56d3f445, group-3B2717CC98E7, 0, <PROTO_DEFAULT>)
2025-07-05 15:49:51,543 [grpc-default-executor-1] INFO  impl.VoteContext (VoteContext.java:log(49)) - d3a92f5c-9e4a-48c5-9a32-2f34a6e85eb8@group-3B2717CC98E7-FOLLOWER: accept PRE_VOTE from d8f38f7e-70e8-450f-85ae-2cee56d3f445: our priority 0 <= candidate's priority 1
2025-07-05 15:49:51,543 [grpc-default-executor-7] INFO  server.RaftServer$Division (RaftServerImpl.java:requestVote(1421)) - 694b616d-7f52-4b82-b07e-10398eb153c5@group-3B2717CC98E7: receive requestVote(PRE_VOTE, d8f38f7e-70e8-450f-85ae-2cee56d3f445, group-3B2717CC98E7, 0, <PROTO_DEFAULT>)
2025-07-05 15:49:51,543 [grpc-default-executor-1] INFO  server.RaftServer$Division (RaftServerImpl.java:requestVote(1455)) - d3a92f5c-9e4a-48c5-9a32-2f34a6e85eb8@group-3B2717CC98E7 replies to PRE_VOTE vote request: d8f38f7e-70e8-450f-85ae-2cee56d3f445<-d3a92f5c-9e4a-48c5-9a32-2f34a6e85eb8#0:OK-t0-last:<INITIAL_VALUE>. Peer's state: d3a92f5c-9e4a-48c5-9a32-2f34a6e85eb8@group-3B2717CC98E7:t0, leader=null, voted=, raftlog=Memoized:d3a92f5c-9e4a-48c5-9a32-2f34a6e85eb8@group-3B2717CC98E7-SegmentedRaftLog:OPENED:c-1:lastnull, conf=conf: {index: -1, cur=peers:[694b616d-7f52-4b82-b07e-10398eb153c5|127.0.0.1:15047, d3a92f5c-9e4a-48c5-9a32-2f34a6e85eb8|127.0.0.1:15055, d8f38f7e-70e8-450f-85ae-2cee56d3f445|127.0.0.1:15079]|listeners:[], old=null}
2025-07-05 15:49:51,543 [grpc-default-executor-7] INFO  impl.VoteContext (VoteContext.java:log(49)) - 694b616d-7f52-4b82-b07e-10398eb153c5@group-3B2717CC98E7-FOLLOWER: accept PRE_VOTE from d8f38f7e-70e8-450f-85ae-2cee56d3f445: our priority 0 <= candidate's priority 1
2025-07-05 15:49:51,544 [grpc-default-executor-7] INFO  server.RaftServer$Division (RaftServerImpl.java:requestVote(1455)) - 694b616d-7f52-4b82-b07e-10398eb153c5@group-3B2717CC98E7 replies to PRE_VOTE vote request: d8f38f7e-70e8-450f-85ae-2cee56d3f445<-694b616d-7f52-4b82-b07e-10398eb153c5#0:OK-t0-last:<INITIAL_VALUE>. Peer's state: 694b616d-7f52-4b82-b07e-10398eb153c5@group-3B2717CC98E7:t0, leader=null, voted=, raftlog=Memoized:694b616d-7f52-4b82-b07e-10398eb153c5@group-3B2717CC98E7-SegmentedRaftLog:OPENED:c-1:lastnull, conf=conf: {index: -1, cur=peers:[694b616d-7f52-4b82-b07e-10398eb153c5|127.0.0.1:15047, d3a92f5c-9e4a-48c5-9a32-2f34a6e85eb8|127.0.0.1:15055, d8f38f7e-70e8-450f-85ae-2cee56d3f445|127.0.0.1:15079]|listeners:[], old=null}
2025-07-05 15:49:51,544 [d8f38f7e-70e8-450f-85ae-2cee56d3f445@group-3B2717CC98E7-LeaderElection38] INFO  impl.LeaderElection (LeaderElection.java:logAndReturn(206)) - d8f38f7e-70e8-450f-85ae-2cee56d3f445@group-3B2717CC98E7-LeaderElection38: PRE_VOTE PASSED received 1 response(s) and 0 exception(s):
2025-07-05 15:49:51,544 [d8f38f7e-70e8-450f-85ae-2cee56d3f445@group-3B2717CC98E7-LeaderElection38] INFO  impl.LeaderElection (LeaderElection.java:logAndReturn(210)) -   Response 0: d8f38f7e-70e8-450f-85ae-2cee56d3f445<-d3a92f5c-9e4a-48c5-9a32-2f34a6e85eb8#0:OK-t0-last:<INITIAL_VALUE>
2025-07-05 15:49:51,544 [d8f38f7e-70e8-450f-85ae-2cee56d3f445@group-3B2717CC98E7-LeaderElection38] INFO  impl.LeaderElection (LeaderElection.java:askForVotes(450)) - d8f38f7e-70e8-450f-85ae-2cee56d3f445@group-3B2717CC98E7-LeaderElection38 PRE_VOTE round 0: result PASSED
2025-07-05 15:49:51,545 [d8f38f7e-70e8-450f-85ae-2cee56d3f445@group-3B2717CC98E7-LeaderElection38] INFO  impl.LeaderElection (LeaderElection.java:askForVotes(448)) - d8f38f7e-70e8-450f-85ae-2cee56d3f445@group-3B2717CC98E7-LeaderElection38 ELECTION round 0: submit vote requests at term 1 for conf: {index: -1, cur=peers:[694b616d-7f52-4b82-b07e-10398eb153c5|127.0.0.1:15047, d3a92f5c-9e4a-48c5-9a32-2f34a6e85eb8|127.0.0.1:15055, d8f38f7e-70e8-450f-85ae-2cee56d3f445|127.0.0.1:15079]|listeners:[], old=null}
2025-07-05 15:49:51,547 [grpc-default-executor-7] INFO  server.RaftServer$Division (RaftServerImpl.java:requestVote(1421)) - 694b616d-7f52-4b82-b07e-10398eb153c5@group-3B2717CC98E7: receive requestVote(ELECTION, d8f38f7e-70e8-450f-85ae-2cee56d3f445, group-3B2717CC98E7, 1, <PROTO_DEFAULT>)
2025-07-05 15:49:51,547 [grpc-default-executor-7] INFO  impl.VoteContext (VoteContext.java:log(49)) - 694b616d-7f52-4b82-b07e-10398eb153c5@group-3B2717CC98E7-FOLLOWER: accept ELECTION from d8f38f7e-70e8-450f-85ae-2cee56d3f445: our priority 0 <= candidate's priority 1
2025-07-05 15:49:51,547 [grpc-default-executor-7] INFO  server.RaftServer$Division (RaftServerImpl.java:setRole(392)) - 694b616d-7f52-4b82-b07e-10398eb153c5@group-3B2717CC98E7: changes role from  FOLLOWER to FOLLOWER at term 0 for candidate:d8f38f7e-70e8-450f-85ae-2cee56d3f445
2025-07-05 15:49:51,547 [grpc-default-executor-7] INFO  impl.RoleInfo (RoleInfo.java:shutdownFollowerState(121)) - 694b616d-7f52-4b82-b07e-10398eb153c5: shutdown 694b616d-7f52-4b82-b07e-10398eb153c5@group-3B2717CC98E7-FollowerState
2025-07-05 15:49:51,547 [grpc-default-executor-7] INFO  impl.RoleInfo (RoleInfo.java:updateAndGet(148)) - 694b616d-7f52-4b82-b07e-10398eb153c5: start 694b616d-7f52-4b82-b07e-10398eb153c5@group-3B2717CC98E7-FollowerState
2025-07-05 15:49:51,547 [grpc-default-executor-1] INFO  server.RaftServer$Division (RaftServerImpl.java:requestVote(1421)) - d3a92f5c-9e4a-48c5-9a32-2f34a6e85eb8@group-3B2717CC98E7: receive requestVote(ELECTION, d8f38f7e-70e8-450f-85ae-2cee56d3f445, group-3B2717CC98E7, 1, <PROTO_DEFAULT>)
2025-07-05 15:49:51,547 [grpc-default-executor-1] INFO  impl.VoteContext (VoteContext.java:log(49)) - d3a92f5c-9e4a-48c5-9a32-2f34a6e85eb8@group-3B2717CC98E7-FOLLOWER: accept ELECTION from d8f38f7e-70e8-450f-85ae-2cee56d3f445: our priority 0 <= candidate's priority 1
2025-07-05 15:49:51,547 [grpc-default-executor-1] INFO  server.RaftServer$Division (RaftServerImpl.java:setRole(392)) - d3a92f5c-9e4a-48c5-9a32-2f34a6e85eb8@group-3B2717CC98E7: changes role from  FOLLOWER to FOLLOWER at term 0 for candidate:d8f38f7e-70e8-450f-85ae-2cee56d3f445
2025-07-05 15:49:51,547 [grpc-default-executor-1] INFO  impl.RoleInfo (RoleInfo.java:shutdownFollowerState(121)) - d3a92f5c-9e4a-48c5-9a32-2f34a6e85eb8: shutdown d3a92f5c-9e4a-48c5-9a32-2f34a6e85eb8@group-3B2717CC98E7-FollowerState
2025-07-05 15:49:51,547 [grpc-default-executor-1] INFO  impl.RoleInfo (RoleInfo.java:updateAndGet(148)) - d3a92f5c-9e4a-48c5-9a32-2f34a6e85eb8: start d3a92f5c-9e4a-48c5-9a32-2f34a6e85eb8@group-3B2717CC98E7-FollowerState
2025-07-05 15:49:51,548 [d3a92f5c-9e4a-48c5-9a32-2f34a6e85eb8@group-3B2717CC98E7-FollowerState] INFO  impl.FollowerState (FollowerState.java:runImpl(170)) - d3a92f5c-9e4a-48c5-9a32-2f34a6e85eb8@group-3B2717CC98E7-FollowerState was interrupted
2025-07-05 15:49:51,548 [694b616d-7f52-4b82-b07e-10398eb153c5@group-3B2717CC98E7-FollowerState] INFO  impl.FollowerState (FollowerState.java:runImpl(170)) - 694b616d-7f52-4b82-b07e-10398eb153c5@group-3B2717CC98E7-FollowerState was interrupted
2025-07-05 15:49:51,548 [grpc-default-executor-1] INFO  server.RaftServer$Division (RaftServerImpl.java:setFirstElection(576)) - d3a92f5c-9e4a-48c5-9a32-2f34a6e85eb8@group-3B2717CC98E7: set firstElectionSinceStartup to false for candidate:d8f38f7e-70e8-450f-85ae-2cee56d3f445
2025-07-05 15:49:51,548 [grpc-default-executor-7] INFO  server.RaftServer$Division (RaftServerImpl.java:requestVote(1455)) - 694b616d-7f52-4b82-b07e-10398eb153c5@group-3B2717CC98E7 replies to ELECTION vote request: d8f38f7e-70e8-450f-85ae-2cee56d3f445<-694b616d-7f52-4b82-b07e-10398eb153c5#0:OK-t1-last:<INITIAL_VALUE>. Peer's state: 694b616d-7f52-4b82-b07e-10398eb153c5@group-3B2717CC98E7:t1, leader=null, voted=d8f38f7e-70e8-450f-85ae-2cee56d3f445, raftlog=Memoized:694b616d-7f52-4b82-b07e-10398eb153c5@group-3B2717CC98E7-SegmentedRaftLog:OPENED:c-1:lastnull, conf=conf: {index: -1, cur=peers:[694b616d-7f52-4b82-b07e-10398eb153c5|127.0.0.1:15047, d3a92f5c-9e4a-48c5-9a32-2f34a6e85eb8|127.0.0.1:15055, d8f38f7e-70e8-450f-85ae-2cee56d3f445|127.0.0.1:15079]|listeners:[], old=null}
2025-07-05 15:49:51,549 [grpc-default-executor-1] INFO  server.RaftServer$Division (RaftServerImpl.java:requestVote(1455)) - d3a92f5c-9e4a-48c5-9a32-2f34a6e85eb8@group-3B2717CC98E7 replies to ELECTION vote request: d8f38f7e-70e8-450f-85ae-2cee56d3f445<-d3a92f5c-9e4a-48c5-9a32-2f34a6e85eb8#0:OK-t1-last:<INITIAL_VALUE>. Peer's state: d3a92f5c-9e4a-48c5-9a32-2f34a6e85eb8@group-3B2717CC98E7:t1, leader=null, voted=d8f38f7e-70e8-450f-85ae-2cee56d3f445, raftlog=Memoized:d3a92f5c-9e4a-48c5-9a32-2f34a6e85eb8@group-3B2717CC98E7-SegmentedRaftLog:OPENED:c-1:lastnull, conf=conf: {index: -1, cur=peers:[694b616d-7f52-4b82-b07e-10398eb153c5|127.0.0.1:15047, d3a92f5c-9e4a-48c5-9a32-2f34a6e85eb8|127.0.0.1:15055, d8f38f7e-70e8-450f-85ae-2cee56d3f445|127.0.0.1:15079]|listeners:[], old=null}
2025-07-05 15:49:51,549 [d8f38f7e-70e8-450f-85ae-2cee56d3f445@group-3B2717CC98E7-LeaderElection38] INFO  impl.LeaderElection (LeaderElection.java:logAndReturn(206)) - d8f38f7e-70e8-450f-85ae-2cee56d3f445@group-3B2717CC98E7-LeaderElection38: ELECTION PASSED received 1 response(s) and 0 exception(s):
2025-07-05 15:49:51,549 [d8f38f7e-70e8-450f-85ae-2cee56d3f445@group-3B2717CC98E7-LeaderElection38] INFO  impl.LeaderElection (LeaderElection.java:logAndReturn(210)) -   Response 0: d8f38f7e-70e8-450f-85ae-2cee56d3f445<-694b616d-7f52-4b82-b07e-10398eb153c5#0:OK-t1-last:<INITIAL_VALUE>
2025-07-05 15:49:51,549 [d8f38f7e-70e8-450f-85ae-2cee56d3f445@group-3B2717CC98E7-LeaderElection38] INFO  impl.LeaderElection (LeaderElection.java:askForVotes(450)) - d8f38f7e-70e8-450f-85ae-2cee56d3f445@group-3B2717CC98E7-LeaderElection38 ELECTION round 0: result PASSED
2025-07-05 15:49:51,549 [d8f38f7e-70e8-450f-85ae-2cee56d3f445@group-3B2717CC98E7-LeaderElection38] INFO  impl.RoleInfo (RoleInfo.java:shutdownLeaderElection(141)) - d8f38f7e-70e8-450f-85ae-2cee56d3f445: shutdown d8f38f7e-70e8-450f-85ae-2cee56d3f445@group-3B2717CC98E7-LeaderElection38
2025-07-05 15:49:51,549 [d8f38f7e-70e8-450f-85ae-2cee56d3f445@group-3B2717CC98E7-LeaderElection38] INFO  server.RaftServer$Division (RaftServerImpl.java:setRole(392)) - d8f38f7e-70e8-450f-85ae-2cee56d3f445@group-3B2717CC98E7: changes role from CANDIDATE to LEADER at term 1 for changeToLeader
2025-07-05 15:49:51,549 [d8f38f7e-70e8-450f-85ae-2cee56d3f445@group-3B2717CC98E7-LeaderElection38] INFO  server.RaftServerConfigKeys (ConfUtils.java:logFallback(69)) - raft.server.staging.timeout = 15600ms (fallback to raft.server.rpc.timeout.max)
2025-07-05 15:49:51,550 [d8f38f7e-70e8-450f-85ae-2cee56d3f445@group-3B2717CC98E7-LeaderElection38] INFO  server.RaftServerConfigKeys (ConfUtils.java:logGet(62)) - raft.server.write.byte-limit = 1024 M (=1073741824) (custom)
2025-07-05 15:49:51,560 [d8f38f7e-70e8-450f-85ae-2cee56d3f445@group-3B2717CC98E7-LeaderElection38] INFO  server.RaftServerConfigKeys (ConfUtils.java:logGet(62)) - raft.server.log.appender.buffer.byte-limit = 33554432 (custom)
2025-07-05 15:49:51,562 [d8f38f7e-70e8-450f-85ae-2cee56d3f445@group-3B2717CC98E7-LeaderElection38] INFO  server.RaftServerConfigKeys (ConfUtils.java:logGet(62)) - raft.server.log.appender.buffer.byte-limit = 33554432 (custom)
2025-07-05 15:49:51,562 [d8f38f7e-70e8-450f-85ae-2cee56d3f445@group-3B2717CC98E7-LeaderElection38] INFO  impl.RoleInfo (RoleInfo.java:updateAndGet(148)) - d8f38f7e-70e8-450f-85ae-2cee56d3f445: start d8f38f7e-70e8-450f-85ae-2cee56d3f445@group-3B2717CC98E7-LeaderStateImpl
2025-07-05 15:49:51,562 [d8f38f7e-70e8-450f-85ae-2cee56d3f445@group-3B2717CC98E7-LeaderElection38] INFO  server.RaftServer$Division (RaftServerImpl.java:setFirstElection(576)) - d8f38f7e-70e8-450f-85ae-2cee56d3f445@group-3B2717CC98E7: set firstElectionSinceStartup to false for becomeLeader
2025-07-05 15:49:51,562 [d8f38f7e-70e8-450f-85ae-2cee56d3f445@group-3B2717CC98E7-LeaderElection38] INFO  ratis.XceiverServerRatis (XceiverServerRatis.java:handleLeaderChangedNotification(944)) - Leader change notification received for group: group-3B2717CC98E7 with new leaderId: d8f38f7e-70e8-450f-85ae-2cee56d3f445
2025-07-05 15:49:51,562 [d8f38f7e-70e8-450f-85ae-2cee56d3f445@group-3B2717CC98E7-LeaderElection38] INFO  server.RaftServer$Division (ServerState.java:setLeader(272)) - d8f38f7e-70e8-450f-85ae-2cee56d3f445@group-3B2717CC98E7: change Leader from null to d8f38f7e-70e8-450f-85ae-2cee56d3f445 at term 1 for becomeLeader, leader elected after 1129ms
2025-07-05 15:49:51,563 [d8f38f7e-70e8-450f-85ae-2cee56d3f445@group-3B2717CC98E7-LeaderElection38] INFO  segmented.SegmentedRaftLogWorker (SegmentedRaftLogWorker.java:startLogSegment(440)) - d8f38f7e-70e8-450f-85ae-2cee56d3f445@group-3B2717CC98E7-SegmentedRaftLogWorker: Starting segment from index:0
2025-07-05 15:49:51,563 [d8f38f7e-70e8-450f-85ae-2cee56d3f445@group-3B2717CC98E7-LeaderElection38] INFO  server.RaftServer$Division (ServerState.java:setRaftConf(386)) - d8f38f7e-70e8-450f-85ae-2cee56d3f445@group-3B2717CC98E7: set configuration conf: {index: 0, cur=peers:[694b616d-7f52-4b82-b07e-10398eb153c5|127.0.0.1:15047, d3a92f5c-9e4a-48c5-9a32-2f34a6e85eb8|127.0.0.1:15055, d8f38f7e-70e8-450f-85ae-2cee56d3f445|127.0.0.1:15079]|listeners:[], old=null}
2025-07-05 15:49:51,563 [d8f38f7e-70e8-450f-85ae-2cee56d3f445@group-3B2717CC98E7-SegmentedRaftLogWorker] INFO  segmented.BufferedWriteChannel (BufferedWriteChannel.java:open(61)) - open log_inprogress_0 at position 0
2025-07-05 15:49:51,566 [EventQueue-PipelineReportForPipelineReportHandler] INFO  pipeline.PipelineReportHandler (PipelineReportHandler.java:processPipelineReport(134)) - Opened pipeline Pipeline-3c3a4226-aaed-4bee-8b41-3b2717cc98e7
2025-07-05 15:49:51,568 [grpc-default-executor-7] INFO  ratis.XceiverServerRatis (XceiverServerRatis.java:handleLeaderChangedNotification(944)) - Leader change notification received for group: group-3B2717CC98E7 with new leaderId: d8f38f7e-70e8-450f-85ae-2cee56d3f445
2025-07-05 15:49:51,569 [grpc-default-executor-7] INFO  server.RaftServer$Division (ServerState.java:setLeader(272)) - d3a92f5c-9e4a-48c5-9a32-2f34a6e85eb8@group-3B2717CC98E7: change Leader from null to d8f38f7e-70e8-450f-85ae-2cee56d3f445 at term 1 for appendEntries, leader elected after 1112ms
2025-07-05 15:49:51,570 [grpc-default-executor-2] INFO  ratis.XceiverServerRatis (XceiverServerRatis.java:handleLeaderChangedNotification(944)) - Leader change notification received for group: group-3B2717CC98E7 with new leaderId: d8f38f7e-70e8-450f-85ae-2cee56d3f445
2025-07-05 15:49:51,570 [grpc-default-executor-2] INFO  server.RaftServer$Division (ServerState.java:setLeader(272)) - 694b616d-7f52-4b82-b07e-10398eb153c5@group-3B2717CC98E7: change Leader from null to d8f38f7e-70e8-450f-85ae-2cee56d3f445 at term 1 for appendEntries, leader elected after 1158ms
2025-07-05 15:49:51,570 [grpc-default-executor-1] INFO  server.RaftServer$Division (ServerState.java:setRaftConf(386)) - d3a92f5c-9e4a-48c5-9a32-2f34a6e85eb8@group-3B2717CC98E7: set configuration conf: {index: 0, cur=peers:[694b616d-7f52-4b82-b07e-10398eb153c5|127.0.0.1:15047, d3a92f5c-9e4a-48c5-9a32-2f34a6e85eb8|127.0.0.1:15055, d8f38f7e-70e8-450f-85ae-2cee56d3f445|127.0.0.1:15079]|listeners:[], old=null}
2025-07-05 15:49:51,571 [grpc-default-executor-1] INFO  segmented.SegmentedRaftLogWorker (SegmentedRaftLogWorker.java:startLogSegment(440)) - d3a92f5c-9e4a-48c5-9a32-2f34a6e85eb8@group-3B2717CC98E7-SegmentedRaftLogWorker: Starting segment from index:0
2025-07-05 15:49:51,570 [grpc-default-executor-7] INFO  server.RaftServer$Division (ServerState.java:setRaftConf(386)) - 694b616d-7f52-4b82-b07e-10398eb153c5@group-3B2717CC98E7: set configuration conf: {index: 0, cur=peers:[694b616d-7f52-4b82-b07e-10398eb153c5|127.0.0.1:15047, d3a92f5c-9e4a-48c5-9a32-2f34a6e85eb8|127.0.0.1:15055, d8f38f7e-70e8-450f-85ae-2cee56d3f445|127.0.0.1:15079]|listeners:[], old=null}
2025-07-05 15:49:51,571 [grpc-default-executor-7] INFO  segmented.SegmentedRaftLogWorker (SegmentedRaftLogWorker.java:startLogSegment(440)) - 694b616d-7f52-4b82-b07e-10398eb153c5@group-3B2717CC98E7-SegmentedRaftLogWorker: Starting segment from index:0
2025-07-05 15:49:51,571 [d3a92f5c-9e4a-48c5-9a32-2f34a6e85eb8@group-3B2717CC98E7-SegmentedRaftLogWorker] INFO  segmented.BufferedWriteChannel (BufferedWriteChannel.java:open(61)) - open log_inprogress_0 at position 0
2025-07-05 15:49:51,572 [694b616d-7f52-4b82-b07e-10398eb153c5@group-3B2717CC98E7-SegmentedRaftLogWorker] INFO  segmented.BufferedWriteChannel (BufferedWriteChannel.java:open(61)) - open log_inprogress_0 at position 0
2025-07-05 15:49:51,574 [d8f38f7e-70e8-450f-85ae-2cee56d3f445@group-3B2717CC98E7-SegmentedRaftLogWorker] INFO  segmented.SegmentedRaftLogWorker (SegmentedRaftLogWorker.java:execute(647)) - d8f38f7e-70e8-450f-85ae-2cee56d3f445@group-3B2717CC98E7-SegmentedRaftLogWorker: created new log segment /home/runner/work/ozone/ozone/hadoop-ozone/integration-test/target/test-dir/MiniOzoneClusterImpl-0a3c97a5-d59a-4532-afef-c4940c4c02aa/ozone-meta/datanode-9/ratisb55abd79-a071-44ad-9e7a-e22a0d2ff4cb/3c3a4226-aaed-4bee-8b41-3b2717cc98e7/current/log_inprogress_0
2025-07-05 15:49:51,583 [d3a92f5c-9e4a-48c5-9a32-2f34a6e85eb8@group-3B2717CC98E7-SegmentedRaftLogWorker] INFO  segmented.SegmentedRaftLogWorker (SegmentedRaftLogWorker.java:execute(647)) - d3a92f5c-9e4a-48c5-9a32-2f34a6e85eb8@group-3B2717CC98E7-SegmentedRaftLogWorker: created new log segment /home/runner/work/ozone/ozone/hadoop-ozone/integration-test/target/test-dir/MiniOzoneClusterImpl-0a3c97a5-d59a-4532-afef-c4940c4c02aa/ozone-meta/datanode-6/ratis/3c3a4226-aaed-4bee-8b41-3b2717cc98e7/current/log_inprogress_0
2025-07-05 15:49:51,584 [694b616d-7f52-4b82-b07e-10398eb153c5@group-3B2717CC98E7-SegmentedRaftLogWorker] INFO  segmented.SegmentedRaftLogWorker (SegmentedRaftLogWorker.java:execute(647)) - 694b616d-7f52-4b82-b07e-10398eb153c5@group-3B2717CC98E7-SegmentedRaftLogWorker: created new log segment /home/runner/work/ozone/ozone/hadoop-ozone/integration-test/target/test-dir/MiniOzoneClusterImpl-0a3c97a5-d59a-4532-afef-c4940c4c02aa/ozone-meta/datanode-5/ratis/3c3a4226-aaed-4bee-8b41-3b2717cc98e7/current/log_inprogress_0
2025-07-05 15:49:51,586 [d8f38f7e-70e8-450f-85ae-2cee56d3f445@group-3B2717CC98E7-StateMachineUpdater] INFO  server.RaftServer$Division (LeaderStateImpl.java:checkStartIndex(309)) - Leader d8f38f7e-70e8-450f-85ae-2cee56d3f445@group-3B2717CC98E7-LeaderStateImpl is ready since appliedIndex == startIndex == 0
2025-07-05 15:49:51,586 [d8f38f7e-70e8-450f-85ae-2cee56d3f445@group-3B2717CC98E7-StateMachineUpdater] INFO  ratis.ContainerStateMachine (ContainerStateMachine.java:takeSnapshot(427)) - group-3B2717CC98E7: Taking a snapshot at:(t:1, i:0) file /home/runner/work/ozone/ozone/hadoop-ozone/integration-test/target/test-dir/MiniOzoneClusterImpl-0a3c97a5-d59a-4532-afef-c4940c4c02aa/ozone-meta/datanode-9/ratisb55abd79-a071-44ad-9e7a-e22a0d2ff4cb/3c3a4226-aaed-4bee-8b41-3b2717cc98e7/sm/snapshot.1_0
2025-07-05 15:49:51,586 [d8f38f7e-70e8-450f-85ae-2cee56d3f445@group-3B2717CC98E7-StateMachineUpdater] INFO  ratis.ContainerStateMachine (ContainerStateMachine.java:takeSnapshot(436)) - group-3B2717CC98E7: Finished taking a snapshot at:(t:1, i:0) file:/home/runner/work/ozone/ozone/hadoop-ozone/integration-test/target/test-dir/MiniOzoneClusterImpl-0a3c97a5-d59a-4532-afef-c4940c4c02aa/ozone-meta/datanode-9/ratisb55abd79-a071-44ad-9e7a-e22a0d2ff4cb/3c3a4226-aaed-4bee-8b41-3b2717cc98e7/sm/snapshot.1_0 took: 1 ms
2025-07-05 15:49:51,587 [d8f38f7e-70e8-450f-85ae-2cee56d3f445@group-3B2717CC98E7-StateMachineUpdater] INFO  impl.StateMachineUpdater (StateMachineUpdater.java:takeSnapshot(307)) - d8f38f7e-70e8-450f-85ae-2cee56d3f445@group-3B2717CC98E7-StateMachineUpdater: Took a snapshot at index 0
2025-07-05 15:49:51,587 [d8f38f7e-70e8-450f-85ae-2cee56d3f445@group-3B2717CC98E7-StateMachineUpdater] INFO  impl.StateMachineUpdater (StateMachineUpdater.java:lambda$new$0(101)) - d8f38f7e-70e8-450f-85ae-2cee56d3f445@group-3B2717CC98E7-StateMachineUpdater: snapshotIndex: updateIncreasingly -1 -> 0
2025-07-05 15:49:51,664 [EventQueue-PipelineActionsForPipelineActionHandler] INFO  pipeline.PipelineActionHandler (PipelineActionHandler.java:processPipelineAction(89)) - Received pipeline action CLOSE for Pipeline-07c2a4b9-1a6d-4d20-b06e-c1d084be788e from datanode d3a92f5c-9e4a-48c5-9a32-2f34a6e85eb8(localhost/127.0.0.1). Reason : Chunks directory /home/runner/work/ozone/ozone/hadoop-ozone/integration-test/target/test-dir/MiniOzoneClusterImpl-0a3c97a5-d59a-4532-afef-c4940c4c02aa/ozone-meta/datanode-6/data-0/hdds/0a3c97a5-d59a-4532-afef-c4940c4c02aa/current/containerDir0/9/chunks does not exist.
2025-07-05 15:49:51,864 [EventQueue-PipelineActionsForPipelineActionHandler] INFO  pipeline.PipelineActionHandler (PipelineActionHandler.java:processPipelineAction(89)) - Received pipeline action CLOSE for Pipeline-07c2a4b9-1a6d-4d20-b06e-c1d084be788e from datanode d3a92f5c-9e4a-48c5-9a32-2f34a6e85eb8(localhost/127.0.0.1). Reason : Chunks directory /home/runner/work/ozone/ozone/hadoop-ozone/integration-test/target/test-dir/MiniOzoneClusterImpl-0a3c97a5-d59a-4532-afef-c4940c4c02aa/ozone-meta/datanode-6/data-0/hdds/0a3c97a5-d59a-4532-afef-c4940c4c02aa/current/containerDir0/9/chunks does not exist.
2025-07-05 15:49:51,998 [d8f38f7e-70e8-450f-85ae-2cee56d3f445@group-C8396B1FE663-FollowerState] INFO  impl.FollowerState (FollowerState.java:runImpl(161)) - d8f38f7e-70e8-450f-85ae-2cee56d3f445@group-C8396B1FE663-FollowerState: change to CANDIDATE, lastRpcElapsedTime:1104790770ns, electionTimeout:1104ms
2025-07-05 15:49:51,998 [d8f38f7e-70e8-450f-85ae-2cee56d3f445@group-C8396B1FE663-FollowerState] INFO  impl.RoleInfo (RoleInfo.java:shutdownFollowerState(121)) - d8f38f7e-70e8-450f-85ae-2cee56d3f445: shutdown d8f38f7e-70e8-450f-85ae-2cee56d3f445@group-C8396B1FE663-FollowerState
2025-07-05 15:49:51,998 [d8f38f7e-70e8-450f-85ae-2cee56d3f445@group-C8396B1FE663-FollowerState] INFO  server.RaftServer$Division (RaftServerImpl.java:setRole(392)) - d8f38f7e-70e8-450f-85ae-2cee56d3f445@group-C8396B1FE663: changes role from  FOLLOWER to CANDIDATE at term 0 for changeToCandidate
2025-07-05 15:49:51,998 [d8f38f7e-70e8-450f-85ae-2cee56d3f445@group-C8396B1FE663-FollowerState] INFO  impl.RoleInfo (RoleInfo.java:updateAndGet(148)) - d8f38f7e-70e8-450f-85ae-2cee56d3f445: start d8f38f7e-70e8-450f-85ae-2cee56d3f445@group-C8396B1FE663-LeaderElection39
2025-07-05 15:49:52,002 [d8f38f7e-70e8-450f-85ae-2cee56d3f445@group-C8396B1FE663-LeaderElection39] INFO  impl.LeaderElection (LeaderElection.java:askForVotes(448)) - d8f38f7e-70e8-450f-85ae-2cee56d3f445@group-C8396B1FE663-LeaderElection39 PRE_VOTE round 0: submit vote requests at term 0 for conf: {index: -1, cur=peers:[d8f38f7e-70e8-450f-85ae-2cee56d3f445|127.0.0.1:15079]|listeners:[], old=null}
2025-07-05 15:49:52,002 [d8f38f7e-70e8-450f-85ae-2cee56d3f445@group-C8396B1FE663-LeaderElection39] INFO  impl.LeaderElection (LeaderElection.java:askForVotes(450)) - d8f38f7e-70e8-450f-85ae-2cee56d3f445@group-C8396B1FE663-LeaderElection39 PRE_VOTE round 0: result PASSED (term=0)
2025-07-05 15:49:52,003 [d8f38f7e-70e8-450f-85ae-2cee56d3f445@group-C8396B1FE663-LeaderElection39] INFO  impl.LeaderElection (LeaderElection.java:askForVotes(448)) - d8f38f7e-70e8-450f-85ae-2cee56d3f445@group-C8396B1FE663-LeaderElection39 ELECTION round 0: submit vote requests at term 1 for conf: {index: -1, cur=peers:[d8f38f7e-70e8-450f-85ae-2cee56d3f445|127.0.0.1:15079]|listeners:[], old=null}
2025-07-05 15:49:52,003 [d8f38f7e-70e8-450f-85ae-2cee56d3f445@group-C8396B1FE663-LeaderElection39] INFO  impl.LeaderElection (LeaderElection.java:askForVotes(450)) - d8f38f7e-70e8-450f-85ae-2cee56d3f445@group-C8396B1FE663-LeaderElection39 ELECTION round 0: result PASSED (term=1)
2025-07-05 15:49:52,003 [d8f38f7e-70e8-450f-85ae-2cee56d3f445@group-C8396B1FE663-LeaderElection39] INFO  impl.RoleInfo (RoleInfo.java:shutdownLeaderElection(141)) - d8f38f7e-70e8-450f-85ae-2cee56d3f445: shutdown d8f38f7e-70e8-450f-85ae-2cee56d3f445@group-C8396B1FE663-LeaderElection39
2025-07-05 15:49:52,003 [d8f38f7e-70e8-450f-85ae-2cee56d3f445@group-C8396B1FE663-LeaderElection39] INFO  server.RaftServer$Division (RaftServerImpl.java:setRole(392)) - d8f38f7e-70e8-450f-85ae-2cee56d3f445@group-C8396B1FE663: changes role from CANDIDATE to LEADER at term 1 for changeToLeader
2025-07-05 15:49:52,004 [d8f38f7e-70e8-450f-85ae-2cee56d3f445@group-C8396B1FE663-LeaderElection39] INFO  server.RaftServerConfigKeys (ConfUtils.java:logFallback(69)) - raft.server.staging.timeout = 15600ms (fallback to raft.server.rpc.timeout.max)
2025-07-05 15:49:52,004 [d8f38f7e-70e8-450f-85ae-2cee56d3f445@group-C8396B1FE663-LeaderElection39] INFO  server.RaftServerConfigKeys (ConfUtils.java:logGet(62)) - raft.server.write.byte-limit = 1024 M (=1073741824) (custom)
2025-07-05 15:49:52,005 [d8f38f7e-70e8-450f-85ae-2cee56d3f445@group-C8396B1FE663-LeaderElection39] INFO  impl.RoleInfo (RoleInfo.java:updateAndGet(148)) - d8f38f7e-70e8-450f-85ae-2cee56d3f445: start d8f38f7e-70e8-450f-85ae-2cee56d3f445@group-C8396B1FE663-LeaderStateImpl
2025-07-05 15:49:52,005 [d8f38f7e-70e8-450f-85ae-2cee56d3f445@group-C8396B1FE663-LeaderElection39] INFO  server.RaftServer$Division (RaftServerImpl.java:setFirstElection(576)) - d8f38f7e-70e8-450f-85ae-2cee56d3f445@group-C8396B1FE663: set firstElectionSinceStartup to false for becomeLeader
2025-07-05 15:49:52,005 [d8f38f7e-70e8-450f-85ae-2cee56d3f445@group-C8396B1FE663-LeaderElection39] INFO  ratis.XceiverServerRatis (XceiverServerRatis.java:handleLeaderChangedNotification(944)) - Leader change notification received for group: group-C8396B1FE663 with new leaderId: d8f38f7e-70e8-450f-85ae-2cee56d3f445
2025-07-05 15:49:52,005 [d8f38f7e-70e8-450f-85ae-2cee56d3f445@group-C8396B1FE663-LeaderElection39] INFO  server.RaftServer$Division (ServerState.java:setLeader(272)) - d8f38f7e-70e8-450f-85ae-2cee56d3f445@group-C8396B1FE663: change Leader from null to d8f38f7e-70e8-450f-85ae-2cee56d3f445 at term 1 for becomeLeader, leader elected after 1133ms
2025-07-05 15:49:52,005 [d8f38f7e-70e8-450f-85ae-2cee56d3f445@group-C8396B1FE663-LeaderElection39] INFO  segmented.SegmentedRaftLogWorker (SegmentedRaftLogWorker.java:startLogSegment(440)) - d8f38f7e-70e8-450f-85ae-2cee56d3f445@group-C8396B1FE663-SegmentedRaftLogWorker: Starting segment from index:0
2025-07-05 15:49:52,005 [d8f38f7e-70e8-450f-85ae-2cee56d3f445@group-C8396B1FE663-LeaderElection39] INFO  server.RaftServer$Division (ServerState.java:setRaftConf(386)) - d8f38f7e-70e8-450f-85ae-2cee56d3f445@group-C8396B1FE663: set configuration conf: {index: 0, cur=peers:[d8f38f7e-70e8-450f-85ae-2cee56d3f445|127.0.0.1:15079]|listeners:[], old=null}
2025-07-05 15:49:52,006 [d8f38f7e-70e8-450f-85ae-2cee56d3f445@group-C8396B1FE663-SegmentedRaftLogWorker] INFO  segmented.BufferedWriteChannel (BufferedWriteChannel.java:open(61)) - open log_inprogress_0 at position 0
2025-07-05 15:49:52,013 [d8f38f7e-70e8-450f-85ae-2cee56d3f445@group-C8396B1FE663-SegmentedRaftLogWorker] INFO  segmented.SegmentedRaftLogWorker (SegmentedRaftLogWorker.java:execute(647)) - d8f38f7e-70e8-450f-85ae-2cee56d3f445@group-C8396B1FE663-SegmentedRaftLogWorker: created new log segment /home/runner/work/ozone/ozone/hadoop-ozone/integration-test/target/test-dir/MiniOzoneClusterImpl-0a3c97a5-d59a-4532-afef-c4940c4c02aa/ozone-meta/datanode-9/ratisb55abd79-a071-44ad-9e7a-e22a0d2ff4cb/c15a027b-6e13-4476-8ffe-c8396b1fe663/current/log_inprogress_0
2025-07-05 15:49:52,015 [d8f38f7e-70e8-450f-85ae-2cee56d3f445@group-C8396B1FE663-StateMachineUpdater] INFO  server.RaftServer$Division (LeaderStateImpl.java:checkStartIndex(309)) - Leader d8f38f7e-70e8-450f-85ae-2cee56d3f445@group-C8396B1FE663-LeaderStateImpl is ready since appliedIndex == startIndex == 0
2025-07-05 15:49:52,015 [d8f38f7e-70e8-450f-85ae-2cee56d3f445@group-C8396B1FE663-StateMachineUpdater] INFO  ratis.ContainerStateMachine (ContainerStateMachine.java:takeSnapshot(427)) - group-C8396B1FE663: Taking a snapshot at:(t:1, i:0) file /home/runner/work/ozone/ozone/hadoop-ozone/integration-test/target/test-dir/MiniOzoneClusterImpl-0a3c97a5-d59a-4532-afef-c4940c4c02aa/ozone-meta/datanode-9/ratisb55abd79-a071-44ad-9e7a-e22a0d2ff4cb/c15a027b-6e13-4476-8ffe-c8396b1fe663/sm/snapshot.1_0
2025-07-05 15:49:52,015 [d8f38f7e-70e8-450f-85ae-2cee56d3f445@group-C8396B1FE663-StateMachineUpdater] INFO  ratis.ContainerStateMachine (ContainerStateMachine.java:takeSnapshot(436)) - group-C8396B1FE663: Finished taking a snapshot at:(t:1, i:0) file:/home/runner/work/ozone/ozone/hadoop-ozone/integration-test/target/test-dir/MiniOzoneClusterImpl-0a3c97a5-d59a-4532-afef-c4940c4c02aa/ozone-meta/datanode-9/ratisb55abd79-a071-44ad-9e7a-e22a0d2ff4cb/c15a027b-6e13-4476-8ffe-c8396b1fe663/sm/snapshot.1_0 took: 0 ms
2025-07-05 15:49:52,015 [d8f38f7e-70e8-450f-85ae-2cee56d3f445@group-C8396B1FE663-StateMachineUpdater] INFO  impl.StateMachineUpdater (StateMachineUpdater.java:takeSnapshot(307)) - d8f38f7e-70e8-450f-85ae-2cee56d3f445@group-C8396B1FE663-StateMachineUpdater: Took a snapshot at index 0
2025-07-05 15:49:52,015 [d8f38f7e-70e8-450f-85ae-2cee56d3f445@group-C8396B1FE663-StateMachineUpdater] INFO  impl.StateMachineUpdater (StateMachineUpdater.java:lambda$new$0(101)) - d8f38f7e-70e8-450f-85ae-2cee56d3f445@group-C8396B1FE663-StateMachineUpdater: snapshotIndex: updateIncreasingly -1 -> 0
2025-07-05 15:49:52,065 [EventQueue-PipelineActionsForPipelineActionHandler] INFO  pipeline.PipelineActionHandler (PipelineActionHandler.java:processPipelineAction(89)) - Received pipeline action CLOSE for Pipeline-07c2a4b9-1a6d-4d20-b06e-c1d084be788e from datanode d3a92f5c-9e4a-48c5-9a32-2f34a6e85eb8(localhost/127.0.0.1). Reason : Chunks directory /home/runner/work/ozone/ozone/hadoop-ozone/integration-test/target/test-dir/MiniOzoneClusterImpl-0a3c97a5-d59a-4532-afef-c4940c4c02aa/ozone-meta/datanode-6/data-0/hdds/0a3c97a5-d59a-4532-afef-c4940c4c02aa/current/containerDir0/9/chunks does not exist.
2025-07-05 15:49:52,258 [BackgroundPipelineScrubber] INFO  pipeline.PipelineManagerImpl (PipelineManagerImpl.java:scrubPipelines(602)) - Scrubbing pipeline: id: Pipeline-9e1d7ac4-d74c-4252-8298-2da8b140ab24 since it stays at CLOSED stage.
2025-07-05 15:49:52,259 [BackgroundPipelineScrubber] INFO  pipeline.RatisPipelineProvider (RatisPipelineProvider.java:lambda$close$4(273)) - Send pipeline:Pipeline-9e1d7ac4-d74c-4252-8298-2da8b140ab24 close command to datanode a2863246-e653-4b31-a3d0-09f3a93c429f
2025-07-05 15:49:52,259 [BackgroundPipelineScrubber] INFO  pipeline.RatisPipelineProvider (RatisPipelineProvider.java:lambda$close$4(273)) - Send pipeline:Pipeline-9e1d7ac4-d74c-4252-8298-2da8b140ab24 close command to datanode d8f38f7e-70e8-450f-85ae-2cee56d3f445
2025-07-05 15:49:52,259 [BackgroundPipelineScrubber] INFO  pipeline.RatisPipelineProvider (RatisPipelineProvider.java:lambda$close$4(273)) - Send pipeline:Pipeline-9e1d7ac4-d74c-4252-8298-2da8b140ab24 close command to datanode 092257cb-ba5a-4f8a-9b9c-d44861eaa450
2025-07-05 15:49:52,259 [BackgroundPipelineScrubber] INFO  pipeline.PipelineManagerImpl (PipelineManagerImpl.java:removePipeline(464)) - Pipeline Pipeline{ Id: 9e1d7ac4-d74c-4252-8298-2da8b140ab24, Nodes: [ {a2863246-e653-4b31-a3d0-09f3a93c429f(localhost/127.0.0.1), ReplicaIndex: 0}, {d8f38f7e-70e8-450f-85ae-2cee56d3f445(localhost/127.0.0.1), ReplicaIndex: 0}, {092257cb-ba5a-4f8a-9b9c-d44861eaa450(localhost/127.0.0.1), ReplicaIndex: 0},], ReplicationConfig: RATIS/THREE, State:CLOSED, leaderId:a2863246-e653-4b31-a3d0-09f3a93c429f, CreationTimestamp2025-07-05T15:48:27.635Z[Etc/UTC]} removed.
2025-07-05 15:49:52,259 [BackgroundPipelineScrubber] INFO  pipeline.PipelineManagerImpl (PipelineManagerImpl.java:scrubPipelines(602)) - Scrubbing pipeline: id: Pipeline-42e6736a-9a9f-49f5-be26-dddf55466c04 since it stays at CLOSED stage.
2025-07-05 15:49:52,260 [BackgroundPipelineScrubber] INFO  pipeline.RatisPipelineProvider (RatisPipelineProvider.java:lambda$close$4(273)) - Send pipeline:Pipeline-42e6736a-9a9f-49f5-be26-dddf55466c04 close command to datanode d8f38f7e-70e8-450f-85ae-2cee56d3f445
2025-07-05 15:49:52,260 [BackgroundPipelineScrubber] INFO  pipeline.RatisPipelineProvider (RatisPipelineProvider.java:lambda$close$4(273)) - Send pipeline:Pipeline-42e6736a-9a9f-49f5-be26-dddf55466c04 close command to datanode a2863246-e653-4b31-a3d0-09f3a93c429f
2025-07-05 15:49:52,260 [BackgroundPipelineScrubber] INFO  pipeline.RatisPipelineProvider (RatisPipelineProvider.java:lambda$close$4(273)) - Send pipeline:Pipeline-42e6736a-9a9f-49f5-be26-dddf55466c04 close command to datanode 092257cb-ba5a-4f8a-9b9c-d44861eaa450
2025-07-05 15:49:52,260 [BackgroundPipelineScrubber] INFO  pipeline.PipelineManagerImpl (PipelineManagerImpl.java:removePipeline(464)) - Pipeline Pipeline{ Id: 42e6736a-9a9f-49f5-be26-dddf55466c04, Nodes: [ {d8f38f7e-70e8-450f-85ae-2cee56d3f445(localhost/127.0.0.1), ReplicaIndex: 0}, {a2863246-e653-4b31-a3d0-09f3a93c429f(localhost/127.0.0.1), ReplicaIndex: 0}, {092257cb-ba5a-4f8a-9b9c-d44861eaa450(localhost/127.0.0.1), ReplicaIndex: 0},], ReplicationConfig: RATIS/THREE, State:CLOSED, leaderId:a2863246-e653-4b31-a3d0-09f3a93c429f, CreationTimestamp2025-07-05T15:48:27.623Z[Etc/UTC]} removed.
2025-07-05 15:49:52,264 [EventQueue-PipelineActionsForPipelineActionHandler] INFO  pipeline.PipelineActionHandler (PipelineActionHandler.java:processPipelineAction(89)) - Received pipeline action CLOSE for Pipeline-07c2a4b9-1a6d-4d20-b06e-c1d084be788e from datanode d3a92f5c-9e4a-48c5-9a32-2f34a6e85eb8(localhost/127.0.0.1). Reason : Chunks directory /home/runner/work/ozone/ozone/hadoop-ozone/integration-test/target/test-dir/MiniOzoneClusterImpl-0a3c97a5-d59a-4532-afef-c4940c4c02aa/ozone-meta/datanode-6/data-0/hdds/0a3c97a5-d59a-4532-afef-c4940c4c02aa/current/containerDir0/9/chunks does not exist.
2025-07-05 15:49:52,283 [EventQueue-PipelineReportForPipelineReportHandler] INFO  pipeline.PipelineReportHandler (PipelineReportHandler.java:handlePipelineNotFoundException(98)) - Pipeline Pipeline-9e1d7ac4-d74c-4252-8298-2da8b140ab24, reported by datanode a2863246-e653-4b31-a3d0-09f3a93c429f(localhost/127.0.0.1) is not found.
2025-07-05 15:49:52,283 [EventQueue-PipelineReportForPipelineReportHandler] INFO  pipeline.PipelineReportHandler (PipelineReportHandler.java:handlePipelineNotFoundException(98)) - Pipeline Pipeline-42e6736a-9a9f-49f5-be26-dddf55466c04, reported by datanode a2863246-e653-4b31-a3d0-09f3a93c429f(localhost/127.0.0.1) is not found.
2025-07-05 15:49:52,464 [EventQueue-PipelineActionsForPipelineActionHandler] INFO  pipeline.PipelineActionHandler (PipelineActionHandler.java:processPipelineAction(89)) - Received pipeline action CLOSE for Pipeline-07c2a4b9-1a6d-4d20-b06e-c1d084be788e from datanode d3a92f5c-9e4a-48c5-9a32-2f34a6e85eb8(localhost/127.0.0.1). Reason : Chunks directory /home/runner/work/ozone/ozone/hadoop-ozone/integration-test/target/test-dir/MiniOzoneClusterImpl-0a3c97a5-d59a-4532-afef-c4940c4c02aa/ozone-meta/datanode-6/data-0/hdds/0a3c97a5-d59a-4532-afef-c4940c4c02aa/current/containerDir0/9/chunks does not exist.
2025-07-05 15:49:52,483 [EventQueue-PipelineReportForPipelineReportHandler] INFO  pipeline.PipelineReportHandler (PipelineReportHandler.java:handlePipelineNotFoundException(98)) - Pipeline Pipeline-9e1d7ac4-d74c-4252-8298-2da8b140ab24, reported by datanode a2863246-e653-4b31-a3d0-09f3a93c429f(localhost/127.0.0.1) is not found.
2025-07-05 15:49:52,483 [EventQueue-PipelineReportForPipelineReportHandler] INFO  pipeline.PipelineReportHandler (PipelineReportHandler.java:handlePipelineNotFoundException(98)) - Pipeline Pipeline-42e6736a-9a9f-49f5-be26-dddf55466c04, reported by datanode a2863246-e653-4b31-a3d0-09f3a93c429f(localhost/127.0.0.1) is not found.
2025-07-05 15:49:52,622 [694b616d-7f52-4b82-b07e-10398eb153c5-CloseContainerThread-1] WARN  keyvalue.KeyValueHandler (KeyValueHandler.java:updateAndGetContainerChecksum(1451)) - Container data checksum updated from 0 to 14eabacf
2025-07-05 15:49:52,622 [694b616d-7f52-4b82-b07e-10398eb153c5-CloseContainerThread-2] WARN  keyvalue.KeyValueHandler (KeyValueHandler.java:updateAndGetContainerChecksum(1451)) - Container data checksum updated from 0 to 51339e84
2025-07-05 15:49:52,625 [2e56514c-0608-4198-9fed-b4eba4d3d686@group-C1D084BE788E-StateMachineUpdater] INFO  ratis.ContainerStateMachine (ContainerStateMachine.java:takeSnapshot(427)) - group-C1D084BE788E: Taking a snapshot at:(t:1, i:17) file /home/runner/work/ozone/ozone/hadoop-ozone/integration-test/target/test-dir/MiniOzoneClusterImpl-0a3c97a5-d59a-4532-afef-c4940c4c02aa/ozone-meta/datanode-4/ratis/07c2a4b9-1a6d-4d20-b06e-c1d084be788e/sm/snapshot.1_17
2025-07-05 15:49:52,628 [2e56514c-0608-4198-9fed-b4eba4d3d686@group-C1D084BE788E-StateMachineUpdater] INFO  ratis.ContainerStateMachine (ContainerStateMachine.java:takeSnapshot(436)) - group-C1D084BE788E: Finished taking a snapshot at:(t:1, i:17) file:/home/runner/work/ozone/ozone/hadoop-ozone/integration-test/target/test-dir/MiniOzoneClusterImpl-0a3c97a5-d59a-4532-afef-c4940c4c02aa/ozone-meta/datanode-4/ratis/07c2a4b9-1a6d-4d20-b06e-c1d084be788e/sm/snapshot.1_17 took: 3 ms
2025-07-05 15:49:52,628 [694b616d-7f52-4b82-b07e-10398eb153c5-ContainerOp-07c2a4b9-1a6d-4d20-b06e-c1d084be788e-9] INFO  keyvalue.KeyValueContainer (KeyValueContainer.java:flushAndSyncDB(514)) - Synced container: KeyValueContainerData #9 (CLOSING, non-empty, ri=0, origin=[dn_694b616d-7f52-4b82-b07e-10398eb153c5, pipeline_07c2a4b9-1a6d-4d20-b06e-c1d084be788e])
2025-07-05 15:49:52,628 [694b616d-7f52-4b82-b07e-10398eb153c5-ContainerOp-07c2a4b9-1a6d-4d20-b06e-c1d084be788e-9] INFO  keyvalue.KeyValueContainer (KeyValueContainer.java:flushAndSyncDB(514)) - Synced container: KeyValueContainerData #9 (CLOSING, non-empty, ri=0, origin=[dn_694b616d-7f52-4b82-b07e-10398eb153c5, pipeline_07c2a4b9-1a6d-4d20-b06e-c1d084be788e])
2025-07-05 15:49:52,629 [694b616d-7f52-4b82-b07e-10398eb153c5-ContainerOp-07c2a4b9-1a6d-4d20-b06e-c1d084be788e-0] INFO  keyvalue.KeyValueContainer (KeyValueContainer.java:flushAndSyncDB(514)) - Synced container: KeyValueContainerData #3 (CLOSING, non-empty, ri=0, origin=[dn_694b616d-7f52-4b82-b07e-10398eb153c5, pipeline_07c2a4b9-1a6d-4d20-b06e-c1d084be788e])
2025-07-05 15:49:52,629 [694b616d-7f52-4b82-b07e-10398eb153c5-ContainerOp-07c2a4b9-1a6d-4d20-b06e-c1d084be788e-0] INFO  keyvalue.KeyValueContainer (KeyValueContainer.java:flushAndSyncDB(514)) - Synced container: KeyValueContainerData #3 (CLOSING, non-empty, ri=0, origin=[dn_694b616d-7f52-4b82-b07e-10398eb153c5, pipeline_07c2a4b9-1a6d-4d20-b06e-c1d084be788e])
2025-07-05 15:49:52,629 [grpc-default-executor-1] WARN  server.GrpcServerProtocolService (LogUtils.java:warn(129)) - d3a92f5c-9e4a-48c5-9a32-2f34a6e85eb8: Failed APPEND_ENTRIES request 694b616d-7f52-4b82-b07e-10398eb153c5->d3a92f5c-9e4a-48c5-9a32-2f34a6e85eb8#70-t1,previous=(t:1, i:13),leaderCommit=17,initializing? false,entries: size=5, first=(t:1, i:14), STATEMACHINELOGENTRY, WRITE: logData.size=154, stateMachineData.size=10, logEntryProtoSerializedSize=0
java.util.concurrent.CompletionException: org.apache.hadoop.hdds.scm.container.common.helpers.StorageContainerException: Chunks directory /home/runner/work/ozone/ozone/hadoop-ozone/integration-test/target/test-dir/MiniOzoneClusterImpl-0a3c97a5-d59a-4532-afef-c4940c4c02aa/ozone-meta/datanode-6/data-0/hdds/0a3c97a5-d59a-4532-afef-c4940c4c02aa/current/containerDir0/9/chunks does not exist.
	at java.base/java.util.concurrent.CompletableFuture.encodeThrowable(CompletableFuture.java:332)
	at java.base/java.util.concurrent.CompletableFuture.completeThrowable(CompletableFuture.java:347)
	at java.base/java.util.concurrent.CompletableFuture$BiRelay.tryFire(CompletableFuture.java:1498)
	at java.base/java.util.concurrent.CompletableFuture$CoCompletion.tryFire(CompletableFuture.java:1219)
	at java.base/java.util.concurrent.CompletableFuture.postComplete(CompletableFuture.java:510)
	at java.base/java.util.concurrent.CompletableFuture.completeExceptionally(CompletableFuture.java:2194)
	at org.apache.ratis.server.raftlog.segmented.SegmentedRaftLog$Task.failed(SegmentedRaftLog.java:109)
	at org.apache.ratis.server.raftlog.segmented.SegmentedRaftLogWorker$WriteLog.failed(SegmentedRaftLogWorker.java:530)
	at org.apache.ratis.server.raftlog.segmented.SegmentedRaftLogWorker.run(SegmentedRaftLogWorker.java:326)
	at java.base/java.util.concurrent.Executors$RunnableAdapter.call(Executors.java:572)
	at java.base/java.util.concurrent.FutureTask.run(FutureTask.java:317)
	at java.base/java.util.concurrent.ThreadPoolExecutor.runWorker(ThreadPoolExecutor.java:1144)
	at java.base/java.util.concurrent.ThreadPoolExecutor$Worker.run(ThreadPoolExecutor.java:642)
	at java.base/java.lang.Thread.run(Thread.java:1583)
Caused by: org.apache.hadoop.hdds.scm.container.common.helpers.StorageContainerException: Chunks directory /home/runner/work/ozone/ozone/hadoop-ozone/integration-test/target/test-dir/MiniOzoneClusterImpl-0a3c97a5-d59a-4532-afef-c4940c4c02aa/ozone-meta/datanode-6/data-0/hdds/0a3c97a5-d59a-4532-afef-c4940c4c02aa/current/containerDir0/9/chunks does not exist.
	at org.apache.hadoop.ozone.container.common.transport.server.ratis.ContainerStateMachine.handleCommandResult(ContainerStateMachine.java:661)
	at org.apache.hadoop.ozone.container.common.transport.server.ratis.ContainerStateMachine.lambda$writeStateMachineData$2(ContainerStateMachine.java:623)
	... 4 more
2025-07-05 15:49:52,628 [2e56514c-0608-4198-9fed-b4eba4d3d686@group-C1D084BE788E-StateMachineUpdater] INFO  impl.SimpleStateMachineStorage (SimpleStateMachineStorage.java:lambda$cleanupOldSnapshots$1(126)) - Deleting old snapshot at /home/runner/work/ozone/ozone/hadoop-ozone/integration-test/target/test-dir/MiniOzoneClusterImpl-0a3c97a5-d59a-4532-afef-c4940c4c02aa/ozone-meta/datanode-4/ratis/07c2a4b9-1a6d-4d20-b06e-c1d084be788e/sm/snapshot.1_4
2025-07-05 15:49:52,631 [2e56514c-0608-4198-9fed-b4eba4d3d686@group-C1D084BE788E-StateMachineUpdater] INFO  impl.StateMachineUpdater (StateMachineUpdater.java:takeSnapshot(307)) - 2e56514c-0608-4198-9fed-b4eba4d3d686@group-C1D084BE788E-StateMachineUpdater: Took a snapshot at index 17
2025-07-05 15:49:52,631 [2e56514c-0608-4198-9fed-b4eba4d3d686@group-C1D084BE788E-StateMachineUpdater] INFO  impl.StateMachineUpdater (StateMachineUpdater.java:lambda$new$0(101)) - 2e56514c-0608-4198-9fed-b4eba4d3d686@group-C1D084BE788E-StateMachineUpdater: snapshotIndex: updateIncreasingly 14 -> 17
2025-07-05 15:49:52,632 [grpc-default-executor-6] INFO  leader.LogAppender (LogAppenderBase.java:lambda$getNextIndexForError$0(215)) - Decrease nextIndex to 14
2025-07-05 15:49:52,633 [grpc-default-executor-6] INFO  leader.LogAppender (LogAppenderBase.java:lambda$getNextIndexForError$0(215)) - Decrease nextIndex to 14
2025-07-05 15:49:52,634 [grpc-default-executor-6] INFO  leader.FollowerInfo (FollowerInfoImpl.java:info(70)) - 694b616d-7f52-4b82-b07e-10398eb153c5@group-C1D084BE788E->d3a92f5c-9e4a-48c5-9a32-2f34a6e85eb8: computeNextIndex nextIndex: updateUnconditionally 22 -> 14
2025-07-05 15:49:52,637 [694b616d-7f52-4b82-b07e-10398eb153c5-ContainerOp-07c2a4b9-1a6d-4d20-b06e-c1d084be788e-0] INFO  keyvalue.KeyValueContainer (KeyValueContainer.java:close(430)) - Closed container: KeyValueContainerData #3 (CLOSED, non-empty, ri=0, origin=[dn_694b616d-7f52-4b82-b07e-10398eb153c5, pipeline_07c2a4b9-1a6d-4d20-b06e-c1d084be788e])
2025-07-05 15:49:52,638 [694b616d-7f52-4b82-b07e-10398eb153c5-ContainerOp-07c2a4b9-1a6d-4d20-b06e-c1d084be788e-9] INFO  keyvalue.KeyValueContainer (KeyValueContainer.java:close(430)) - Closed container: KeyValueContainerData #9 (CLOSED, non-empty, ri=0, origin=[dn_694b616d-7f52-4b82-b07e-10398eb153c5, pipeline_07c2a4b9-1a6d-4d20-b06e-c1d084be788e])
2025-07-05 15:49:52,638 [FixedThreadPoolWithAffinityExecutor-1-0] INFO  container.IncrementalContainerReportHandler (AbstractContainerReportHandler.java:updateContainerState(289)) - CLOSE Container #3 (CLOSING, sid=9) r0 (CLOSED, bcsid=9, origin=694b616d-7f52-4b82-b07e-10398eb153c5, non-empty) from dn 694b616d-7f52-4b82-b07e-10398eb153c5(localhost/127.0.0.1)
2025-07-05 15:49:52,640 [FixedThreadPoolWithAffinityExecutor-1-0] INFO  container.IncrementalContainerReportHandler (AbstractContainerReportHandler.java:updateContainerState(289)) - CLOSE Container #9 (CLOSING, sid=15) r0 (CLOSED, bcsid=15, origin=694b616d-7f52-4b82-b07e-10398eb153c5, non-empty) from dn 694b616d-7f52-4b82-b07e-10398eb153c5(localhost/127.0.0.1)
2025-07-05 15:49:52,640 [2e56514c-0608-4198-9fed-b4eba4d3d686-ContainerOp-07c2a4b9-1a6d-4d20-b06e-c1d084be788e-9] WARN  keyvalue.KeyValueHandler (KeyValueHandler.java:updateAndGetContainerChecksum(1451)) - Container data checksum updated from 0 to 14eabacf
2025-07-05 15:49:52,640 [2e56514c-0608-4198-9fed-b4eba4d3d686-ContainerOp-07c2a4b9-1a6d-4d20-b06e-c1d084be788e-0] WARN  keyvalue.KeyValueHandler (KeyValueHandler.java:updateAndGetContainerChecksum(1451)) - Container data checksum updated from 0 to 51339e84
2025-07-05 15:49:52,641 [2e56514c-0608-4198-9fed-b4eba4d3d686-ContainerOp-07c2a4b9-1a6d-4d20-b06e-c1d084be788e-0] INFO  keyvalue.KeyValueContainer (KeyValueContainer.java:flushAndSyncDB(514)) - Synced container: KeyValueContainerData #3 (CLOSING, non-empty, ri=0, origin=[dn_2e56514c-0608-4198-9fed-b4eba4d3d686, pipeline_07c2a4b9-1a6d-4d20-b06e-c1d084be788e])
2025-07-05 15:49:52,641 [2e56514c-0608-4198-9fed-b4eba4d3d686-ContainerOp-07c2a4b9-1a6d-4d20-b06e-c1d084be788e-0] INFO  keyvalue.KeyValueContainer (KeyValueContainer.java:flushAndSyncDB(514)) - Synced container: KeyValueContainerData #3 (CLOSING, non-empty, ri=0, origin=[dn_2e56514c-0608-4198-9fed-b4eba4d3d686, pipeline_07c2a4b9-1a6d-4d20-b06e-c1d084be788e])
2025-07-05 15:49:52,642 [2e56514c-0608-4198-9fed-b4eba4d3d686-ContainerOp-07c2a4b9-1a6d-4d20-b06e-c1d084be788e-9] INFO  keyvalue.KeyValueContainer (KeyValueContainer.java:flushAndSyncDB(514)) - Synced container: KeyValueContainerData #9 (CLOSING, non-empty, ri=0, origin=[dn_2e56514c-0608-4198-9fed-b4eba4d3d686, pipeline_07c2a4b9-1a6d-4d20-b06e-c1d084be788e])
2025-07-05 15:49:52,642 [2e56514c-0608-4198-9fed-b4eba4d3d686-ContainerOp-07c2a4b9-1a6d-4d20-b06e-c1d084be788e-9] INFO  keyvalue.KeyValueContainer (KeyValueContainer.java:flushAndSyncDB(514)) - Synced container: KeyValueContainerData #9 (CLOSING, non-empty, ri=0, origin=[dn_2e56514c-0608-4198-9fed-b4eba4d3d686, pipeline_07c2a4b9-1a6d-4d20-b06e-c1d084be788e])
2025-07-05 15:49:52,645 [2e56514c-0608-4198-9fed-b4eba4d3d686-ContainerOp-07c2a4b9-1a6d-4d20-b06e-c1d084be788e-0] INFO  keyvalue.KeyValueContainer (KeyValueContainer.java:close(430)) - Closed container: KeyValueContainerData #3 (CLOSED, non-empty, ri=0, origin=[dn_2e56514c-0608-4198-9fed-b4eba4d3d686, pipeline_07c2a4b9-1a6d-4d20-b06e-c1d084be788e])
2025-07-05 15:49:52,645 [2e56514c-0608-4198-9fed-b4eba4d3d686-ContainerOp-07c2a4b9-1a6d-4d20-b06e-c1d084be788e-9] INFO  keyvalue.KeyValueContainer (KeyValueContainer.java:close(430)) - Closed container: KeyValueContainerData #9 (CLOSED, non-empty, ri=0, origin=[dn_2e56514c-0608-4198-9fed-b4eba4d3d686, pipeline_07c2a4b9-1a6d-4d20-b06e-c1d084be788e])
2025-07-05 15:49:52,664 [EventQueue-PipelineActionsForPipelineActionHandler] INFO  pipeline.PipelineActionHandler (PipelineActionHandler.java:processPipelineAction(89)) - Received pipeline action CLOSE for Pipeline-07c2a4b9-1a6d-4d20-b06e-c1d084be788e from datanode d3a92f5c-9e4a-48c5-9a32-2f34a6e85eb8(localhost/127.0.0.1). Reason : Chunks directory /home/runner/work/ozone/ozone/hadoop-ozone/integration-test/target/test-dir/MiniOzoneClusterImpl-0a3c97a5-d59a-4532-afef-c4940c4c02aa/ozone-meta/datanode-6/data-0/hdds/0a3c97a5-d59a-4532-afef-c4940c4c02aa/current/containerDir0/9/chunks does not exist.
2025-07-05 15:49:52,812 [a2863246-e653-4b31-a3d0-09f3a93c429f@group-DDDF55466C04-FollowerState] INFO  impl.FollowerState (FollowerState.java:runImpl(161)) - a2863246-e653-4b31-a3d0-09f3a93c429f@group-DDDF55466C04-FollowerState: change to CANDIDATE, lastRpcElapsedTime:5010441030ns, electionTimeout:5010ms
2025-07-05 15:49:52,812 [a2863246-e653-4b31-a3d0-09f3a93c429f@group-DDDF55466C04-FollowerState] INFO  impl.RoleInfo (RoleInfo.java:shutdownFollowerState(121)) - a2863246-e653-4b31-a3d0-09f3a93c429f: shutdown a2863246-e653-4b31-a3d0-09f3a93c429f@group-DDDF55466C04-FollowerState
2025-07-05 15:49:52,812 [a2863246-e653-4b31-a3d0-09f3a93c429f@group-DDDF55466C04-FollowerState] INFO  server.RaftServer$Division (RaftServerImpl.java:setRole(392)) - a2863246-e653-4b31-a3d0-09f3a93c429f@group-DDDF55466C04: changes role from  FOLLOWER to CANDIDATE at term 1 for changeToCandidate
2025-07-05 15:49:52,812 [a2863246-e653-4b31-a3d0-09f3a93c429f@group-DDDF55466C04-FollowerState] INFO  impl.RoleInfo (RoleInfo.java:updateAndGet(148)) - a2863246-e653-4b31-a3d0-09f3a93c429f: start a2863246-e653-4b31-a3d0-09f3a93c429f@group-DDDF55466C04-LeaderElection40
2025-07-05 15:49:52,813 [a2863246-e653-4b31-a3d0-09f3a93c429f@group-DDDF55466C04-LeaderElection40] INFO  impl.LeaderElection (LeaderElection.java:askForVotes(448)) - a2863246-e653-4b31-a3d0-09f3a93c429f@group-DDDF55466C04-LeaderElection40 PRE_VOTE round 0: submit vote requests at term 1 for conf: {index: 0, cur=peers:[092257cb-ba5a-4f8a-9b9c-d44861eaa450|127.0.0.1:15063, d8f38f7e-70e8-450f-85ae-2cee56d3f445|127.0.0.1:15079, a2863246-e653-4b31-a3d0-09f3a93c429f|127.0.0.1:15071]|listeners:[], old=null}
2025-07-05 15:49:52,814 [a2863246-e653-4b31-a3d0-09f3a93c429f@group-DDDF55466C04-LeaderElection40] INFO  impl.LeaderElection (LogUtils.java:infoOrTrace(142)) - a2863246-e653-4b31-a3d0-09f3a93c429f@group-DDDF55466C04-LeaderElection40 got exception when requesting votes: java.util.concurrent.ExecutionException: org.apache.ratis.thirdparty.io.grpc.StatusRuntimeException: UNAVAILABLE: io exception
2025-07-05 15:49:52,815 [grpc-default-executor-6] WARN  server.GrpcServerProtocolService (LogUtils.java:warn(129)) - 092257cb-ba5a-4f8a-9b9c-d44861eaa450: Failed requestVote a2863246-e653-4b31-a3d0-09f3a93c429f->092257cb-ba5a-4f8a-9b9c-d44861eaa450#0
org.apache.ratis.protocol.exceptions.GroupMismatchException: 092257cb-ba5a-4f8a-9b9c-d44861eaa450: group-DDDF55466C04 not found.
	at org.apache.ratis.server.impl.RaftServerProxy$ImplMap.get(RaftServerProxy.java:160)
	at org.apache.ratis.server.impl.RaftServerProxy.getImplFuture(RaftServerProxy.java:370)
	at org.apache.ratis.server.impl.RaftServerProxy.getImpl(RaftServerProxy.java:379)
	at org.apache.ratis.server.impl.RaftServerProxy.getImpl(RaftServerProxy.java:374)
	at org.apache.ratis.server.impl.RaftServerProxy.requestVote(RaftServerProxy.java:639)
	at org.apache.ratis.grpc.server.GrpcServerProtocolService.requestVote(GrpcServerProtocolService.java:208)
	at org.apache.ratis.proto.grpc.RaftServerProtocolServiceGrpc$MethodHandlers.invoke(RaftServerProtocolServiceGrpc.java:499)
	at org.apache.ratis.thirdparty.io.grpc.stub.ServerCalls$UnaryServerCallHandler$UnaryServerCallListener.onHalfClose(ServerCalls.java:182)
	at org.apache.ratis.thirdparty.io.grpc.internal.ServerCallImpl$ServerStreamListenerImpl.halfClosed(ServerCallImpl.java:356)
	at org.apache.ratis.thirdparty.io.grpc.internal.ServerImpl$JumpToApplicationThreadServerStreamListener$1HalfClosed.runInContext(ServerImpl.java:861)
	at org.apache.ratis.thirdparty.io.grpc.internal.ContextRunnable.run(ContextRunnable.java:37)
	at org.apache.ratis.thirdparty.io.grpc.internal.SerializingExecutor.run(SerializingExecutor.java:133)
	at java.base/java.util.concurrent.ThreadPoolExecutor.runWorker(ThreadPoolExecutor.java:1144)
	at java.base/java.util.concurrent.ThreadPoolExecutor$Worker.run(ThreadPoolExecutor.java:642)
	at java.base/java.lang.Thread.run(Thread.java:1583)
2025-07-05 15:49:52,817 [a2863246-e653-4b31-a3d0-09f3a93c429f@group-DDDF55466C04-LeaderElection40] INFO  impl.LeaderElection (LogUtils.java:infoOrTrace(142)) - a2863246-e653-4b31-a3d0-09f3a93c429f@group-DDDF55466C04-LeaderElection40 got exception when requesting votes: java.util.concurrent.ExecutionException: org.apache.ratis.thirdparty.io.grpc.StatusRuntimeException: INTERNAL: 092257cb-ba5a-4f8a-9b9c-d44861eaa450: group-DDDF55466C04 not found.
2025-07-05 15:49:52,817 [a2863246-e653-4b31-a3d0-09f3a93c429f@group-DDDF55466C04-LeaderElection40] INFO  impl.LeaderElection (LeaderElection.java:logAndReturn(206)) - a2863246-e653-4b31-a3d0-09f3a93c429f@group-DDDF55466C04-LeaderElection40: PRE_VOTE REJECTED received 0 response(s) and 2 exception(s):
2025-07-05 15:49:52,817 [a2863246-e653-4b31-a3d0-09f3a93c429f@group-DDDF55466C04-LeaderElection40] INFO  impl.LeaderElection (LogUtils.java:infoOrTrace(142)) -   Exception 0: java.util.concurrent.ExecutionException: org.apache.ratis.thirdparty.io.grpc.StatusRuntimeException: UNAVAILABLE: io exception
2025-07-05 15:49:52,817 [a2863246-e653-4b31-a3d0-09f3a93c429f@group-DDDF55466C04-LeaderElection40] INFO  impl.LeaderElection (LogUtils.java:infoOrTrace(142)) -   Exception 1: java.util.concurrent.ExecutionException: org.apache.ratis.thirdparty.io.grpc.StatusRuntimeException: INTERNAL: 092257cb-ba5a-4f8a-9b9c-d44861eaa450: group-DDDF55466C04 not found.
2025-07-05 15:49:52,817 [a2863246-e653-4b31-a3d0-09f3a93c429f@group-DDDF55466C04-LeaderElection40] INFO  impl.LeaderElection (LeaderElection.java:askForVotes(450)) - a2863246-e653-4b31-a3d0-09f3a93c429f@group-DDDF55466C04-LeaderElection40 PRE_VOTE round 0: result REJECTED
2025-07-05 15:49:52,817 [a2863246-e653-4b31-a3d0-09f3a93c429f@group-DDDF55466C04-LeaderElection40] INFO  server.RaftServer$Division (RaftServerImpl.java:setRole(392)) - a2863246-e653-4b31-a3d0-09f3a93c429f@group-DDDF55466C04: changes role from CANDIDATE to FOLLOWER at term 1 for REJECTED
2025-07-05 15:49:52,817 [a2863246-e653-4b31-a3d0-09f3a93c429f@group-DDDF55466C04-LeaderElection40] INFO  impl.RoleInfo (RoleInfo.java:shutdownLeaderElection(141)) - a2863246-e653-4b31-a3d0-09f3a93c429f: shutdown a2863246-e653-4b31-a3d0-09f3a93c429f@group-DDDF55466C04-LeaderElection40
2025-07-05 15:49:52,817 [a2863246-e653-4b31-a3d0-09f3a93c429f@group-DDDF55466C04-LeaderElection40] INFO  impl.RoleInfo (RoleInfo.java:updateAndGet(148)) - a2863246-e653-4b31-a3d0-09f3a93c429f: start a2863246-e653-4b31-a3d0-09f3a93c429f@group-DDDF55466C04-FollowerState
2025-07-05 15:49:52,865 [EventQueue-PipelineActionsForPipelineActionHandler] INFO  pipeline.PipelineActionHandler (PipelineActionHandler.java:processPipelineAction(89)) - Received pipeline action CLOSE for Pipeline-07c2a4b9-1a6d-4d20-b06e-c1d084be788e from datanode d3a92f5c-9e4a-48c5-9a32-2f34a6e85eb8(localhost/127.0.0.1). Reason : Chunks directory /home/runner/work/ozone/ozone/hadoop-ozone/integration-test/target/test-dir/MiniOzoneClusterImpl-0a3c97a5-d59a-4532-afef-c4940c4c02aa/ozone-meta/datanode-6/data-0/hdds/0a3c97a5-d59a-4532-afef-c4940c4c02aa/current/containerDir0/9/chunks does not exist.
2025-07-05 15:49:52,868 [d3a92f5c-9e4a-48c5-9a32-2f34a6e85eb8-CloseContainerThread-2] WARN  keyvalue.KeyValueHandler (KeyValueHandler.java:updateAndGetContainerChecksum(1451)) - Container data checksum updated from 0 to 51339e84
2025-07-05 15:49:52,869 [d3a92f5c-9e4a-48c5-9a32-2f34a6e85eb8-CloseContainerThread-2] INFO  commandhandler.CloseContainerCommandHandler (CloseContainerCommandHandler.java:lambda$handle$0(154)) - Follower cannot close container #3.
2025-07-05 15:49:52,869 [EventQueue-PipelineActionsForPipelineActionHandler] INFO  pipeline.PipelineActionHandler (PipelineActionHandler.java:processPipelineAction(89)) - Received pipeline action CLOSE for Pipeline-07c2a4b9-1a6d-4d20-b06e-c1d084be788e from datanode d3a92f5c-9e4a-48c5-9a32-2f34a6e85eb8(localhost/127.0.0.1). Reason : Chunks directory /home/runner/work/ozone/ozone/hadoop-ozone/integration-test/target/test-dir/MiniOzoneClusterImpl-0a3c97a5-d59a-4532-afef-c4940c4c02aa/ozone-meta/datanode-6/data-0/hdds/0a3c97a5-d59a-4532-afef-c4940c4c02aa/current/containerDir0/9/chunks does not exist.
2025-07-05 15:49:52,883 [EventQueue-PipelineReportForPipelineReportHandler] INFO  pipeline.PipelineReportHandler (PipelineReportHandler.java:handlePipelineNotFoundException(98)) - Pipeline Pipeline-9e1d7ac4-d74c-4252-8298-2da8b140ab24, reported by datanode a2863246-e653-4b31-a3d0-09f3a93c429f(localhost/127.0.0.1) is not found.
2025-07-05 15:49:52,883 [EventQueue-PipelineReportForPipelineReportHandler] INFO  pipeline.PipelineReportHandler (PipelineReportHandler.java:handlePipelineNotFoundException(98)) - Pipeline Pipeline-42e6736a-9a9f-49f5-be26-dddf55466c04, reported by datanode a2863246-e653-4b31-a3d0-09f3a93c429f(localhost/127.0.0.1) is not found.
2025-07-05 15:49:53,070 [EventQueue-PipelineActionsForPipelineActionHandler] INFO  pipeline.PipelineActionHandler (PipelineActionHandler.java:processPipelineAction(89)) - Received pipeline action CLOSE for Pipeline-07c2a4b9-1a6d-4d20-b06e-c1d084be788e from datanode d3a92f5c-9e4a-48c5-9a32-2f34a6e85eb8(localhost/127.0.0.1). Reason : Chunks directory /home/runner/work/ozone/ozone/hadoop-ozone/integration-test/target/test-dir/MiniOzoneClusterImpl-0a3c97a5-d59a-4532-afef-c4940c4c02aa/ozone-meta/datanode-6/data-0/hdds/0a3c97a5-d59a-4532-afef-c4940c4c02aa/current/containerDir0/9/chunks does not exist.
2025-07-05 15:49:53,083 [EventQueue-PipelineReportForPipelineReportHandler] INFO  pipeline.PipelineReportHandler (PipelineReportHandler.java:handlePipelineNotFoundException(98)) - Pipeline Pipeline-9e1d7ac4-d74c-4252-8298-2da8b140ab24, reported by datanode a2863246-e653-4b31-a3d0-09f3a93c429f(localhost/127.0.0.1) is not found.
2025-07-05 15:49:53,083 [EventQueue-PipelineReportForPipelineReportHandler] INFO  pipeline.PipelineReportHandler (PipelineReportHandler.java:handlePipelineNotFoundException(98)) - Pipeline Pipeline-42e6736a-9a9f-49f5-be26-dddf55466c04, reported by datanode a2863246-e653-4b31-a3d0-09f3a93c429f(localhost/127.0.0.1) is not found.
2025-07-05 15:49:53,270 [EventQueue-PipelineActionsForPipelineActionHandler] INFO  pipeline.PipelineActionHandler (PipelineActionHandler.java:processPipelineAction(89)) - Received pipeline action CLOSE for Pipeline-07c2a4b9-1a6d-4d20-b06e-c1d084be788e from datanode d3a92f5c-9e4a-48c5-9a32-2f34a6e85eb8(localhost/127.0.0.1). Reason : Chunks directory /home/runner/work/ozone/ozone/hadoop-ozone/integration-test/target/test-dir/MiniOzoneClusterImpl-0a3c97a5-d59a-4532-afef-c4940c4c02aa/ozone-meta/datanode-6/data-0/hdds/0a3c97a5-d59a-4532-afef-c4940c4c02aa/current/containerDir0/9/chunks does not exist.
2025-07-05 15:49:53,287 [grpc-default-executor-6] WARN  server.RaftServer (RaftServerProxy.java:remove(111)) - 092257cb-ba5a-4f8a-9b9c-d44861eaa450: does not contain group: group-2DA8B140AB24
2025-07-05 15:49:53,287 [grpc-default-executor-6] WARN  server.GrpcAdminProtocolService (GrpcAdminProtocolService.java:lambda$groupManagement$1(53)) - Failed groupManagement: GROUPREMOVE, GroupManagementRequest:client-67CAFE83C608->092257cb-ba5a-4f8a-9b9c-d44861eaa450@group-2DA8B140AB24, cid=179, seq=null, RW, null, Remove:group-2DA8B140AB24, delete-dir
org.apache.ratis.protocol.exceptions.GroupMismatchException: 092257cb-ba5a-4f8a-9b9c-d44861eaa450: Group group-2DA8B140AB24 not found.
	at org.apache.ratis.server.impl.RaftServerProxy.groupRemoveAsync(RaftServerProxy.java:548)
	at org.apache.ratis.server.impl.RaftServerProxy.groupManagementAsync(RaftServerProxy.java:499)
	at org.apache.ratis.grpc.server.GrpcAdminProtocolService.lambda$groupManagement$0(GrpcAdminProtocolService.java:51)
	at org.apache.ratis.grpc.GrpcUtil.asyncCall(GrpcUtil.java:172)
	at org.apache.ratis.grpc.server.GrpcAdminProtocolService.groupManagement(GrpcAdminProtocolService.java:51)
	at org.apache.ratis.proto.grpc.AdminProtocolServiceGrpc$MethodHandlers.invoke(AdminProtocolServiceGrpc.java:701)
	at org.apache.ratis.thirdparty.io.grpc.stub.ServerCalls$UnaryServerCallHandler$UnaryServerCallListener.onHalfClose(ServerCalls.java:182)
	at org.apache.ratis.thirdparty.io.grpc.internal.ServerCallImpl$ServerStreamListenerImpl.halfClosed(ServerCallImpl.java:356)
	at org.apache.ratis.thirdparty.io.grpc.internal.ServerImpl$JumpToApplicationThreadServerStreamListener$1HalfClosed.runInContext(ServerImpl.java:861)
	at org.apache.ratis.thirdparty.io.grpc.internal.ContextRunnable.run(ContextRunnable.java:37)
	at org.apache.ratis.thirdparty.io.grpc.internal.SerializingExecutor.run(SerializingExecutor.java:133)
	at java.base/java.util.concurrent.ThreadPoolExecutor.runWorker(ThreadPoolExecutor.java:1144)
	at java.base/java.util.concurrent.ThreadPoolExecutor$Worker.run(ThreadPoolExecutor.java:642)
	at java.base/java.lang.Thread.run(Thread.java:1583)
2025-07-05 15:49:53,293 [grpc-default-executor-6] WARN  server.RaftServer (RaftServerProxy.java:remove(111)) - d8f38f7e-70e8-450f-85ae-2cee56d3f445: does not contain group: group-2DA8B140AB24
2025-07-05 15:49:53,293 [grpc-default-executor-6] WARN  server.GrpcAdminProtocolService (GrpcAdminProtocolService.java:lambda$groupManagement$1(53)) - Failed groupManagement: GROUPREMOVE, GroupManagementRequest:client-884631E34243->d8f38f7e-70e8-450f-85ae-2cee56d3f445@group-2DA8B140AB24, cid=180, seq=null, RW, null, Remove:group-2DA8B140AB24, delete-dir
org.apache.ratis.protocol.exceptions.GroupMismatchException: d8f38f7e-70e8-450f-85ae-2cee56d3f445: Group group-2DA8B140AB24 not found.
	at org.apache.ratis.server.impl.RaftServerProxy.groupRemoveAsync(RaftServerProxy.java:548)
	at org.apache.ratis.server.impl.RaftServerProxy.groupManagementAsync(RaftServerProxy.java:499)
	at org.apache.ratis.grpc.server.GrpcAdminProtocolService.lambda$groupManagement$0(GrpcAdminProtocolService.java:51)
	at org.apache.ratis.grpc.GrpcUtil.asyncCall(GrpcUtil.java:172)
	at org.apache.ratis.grpc.server.GrpcAdminProtocolService.groupManagement(GrpcAdminProtocolService.java:51)
	at org.apache.ratis.proto.grpc.AdminProtocolServiceGrpc$MethodHandlers.invoke(AdminProtocolServiceGrpc.java:701)
	at org.apache.ratis.thirdparty.io.grpc.stub.ServerCalls$UnaryServerCallHandler$UnaryServerCallListener.onHalfClose(ServerCalls.java:182)
	at org.apache.ratis.thirdparty.io.grpc.internal.ServerCallImpl$ServerStreamListenerImpl.halfClosed(ServerCallImpl.java:356)
	at org.apache.ratis.thirdparty.io.grpc.internal.ServerImpl$JumpToApplicationThreadServerStreamListener$1HalfClosed.runInContext(ServerImpl.java:861)
	at org.apache.ratis.thirdparty.io.grpc.internal.ContextRunnable.run(ContextRunnable.java:37)
	at org.apache.ratis.thirdparty.io.grpc.internal.SerializingExecutor.run(SerializingExecutor.java:133)
	at java.base/java.util.concurrent.ThreadPoolExecutor.runWorker(ThreadPoolExecutor.java:1144)
	at java.base/java.util.concurrent.ThreadPoolExecutor$Worker.run(ThreadPoolExecutor.java:642)
	at java.base/java.lang.Thread.run(Thread.java:1583)
2025-07-05 15:49:53,295 [a2863246-e653-4b31-a3d0-09f3a93c429f-PipelineCommandHandlerThread-0] INFO  server.RaftServer (RaftServerProxy.java:remove(116)) - a2863246-e653-4b31-a3d0-09f3a93c429f: remove  FOLLOWER (RUNNING): a2863246-e653-4b31-a3d0-09f3a93c429f@group-2DA8B140AB24:t2, leader=null, voted=a2863246-e653-4b31-a3d0-09f3a93c429f, raftlog=Memoized:a2863246-e653-4b31-a3d0-09f3a93c429f@group-2DA8B140AB24-SegmentedRaftLog:OPENED:c2:last(t:2, i:2), conf=conf: {index: 1, cur=peers:[092257cb-ba5a-4f8a-9b9c-d44861eaa450|127.0.0.1:15063, d8f38f7e-70e8-450f-85ae-2cee56d3f445|127.0.0.1:15079, a2863246-e653-4b31-a3d0-09f3a93c429f|127.0.0.1:15071]|listeners:[], old=null}
2025-07-05 15:49:53,296 [a2863246-e653-4b31-a3d0-09f3a93c429f-PipelineCommandHandlerThread-0] INFO  server.RaftServer$Division (RaftServerImpl.java:lambda$close$1(527)) - a2863246-e653-4b31-a3d0-09f3a93c429f@group-2DA8B140AB24: shutdown
2025-07-05 15:49:53,296 [a2863246-e653-4b31-a3d0-09f3a93c429f-PipelineCommandHandlerThread-0] INFO  util.JmxRegister (JmxRegister.java:unregister(74)) - Successfully un-registered JMX Bean with object name Ratis:service=RaftServer,group=group-2DA8B140AB24,id=a2863246-e653-4b31-a3d0-09f3a93c429f
2025-07-05 15:49:53,296 [a2863246-e653-4b31-a3d0-09f3a93c429f-PipelineCommandHandlerThread-0] INFO  impl.RoleInfo (RoleInfo.java:shutdownFollowerState(121)) - a2863246-e653-4b31-a3d0-09f3a93c429f: shutdown a2863246-e653-4b31-a3d0-09f3a93c429f@group-2DA8B140AB24-FollowerState
2025-07-05 15:49:53,296 [a2863246-e653-4b31-a3d0-09f3a93c429f-PipelineCommandHandlerThread-0] INFO  impl.StateMachineUpdater (StateMachineUpdater.java:stopAndJoin(163)) - a2863246-e653-4b31-a3d0-09f3a93c429f@group-2DA8B140AB24-StateMachineUpdater: set stopIndex = 2
2025-07-05 15:49:53,296 [a2863246-e653-4b31-a3d0-09f3a93c429f@group-2DA8B140AB24-FollowerState] INFO  impl.FollowerState (FollowerState.java:runImpl(170)) - a2863246-e653-4b31-a3d0-09f3a93c429f@group-2DA8B140AB24-FollowerState was interrupted
2025-07-05 15:49:53,296 [a2863246-e653-4b31-a3d0-09f3a93c429f@group-2DA8B140AB24-StateMachineUpdater] INFO  impl.StateMachineUpdater (StateMachineUpdater.java:stop(140)) - a2863246-e653-4b31-a3d0-09f3a93c429f@group-2DA8B140AB24-StateMachineUpdater: closing ContainerStateMachine, lastApplied=(t:2, i:2)
2025-07-05 15:49:53,297 [a2863246-e653-4b31-a3d0-09f3a93c429f@group-2DA8B140AB24-cacheEviction-AwaitToRun] INFO  util.AwaitToRun (AwaitToRun.java:run(49)) - a2863246-e653-4b31-a3d0-09f3a93c429f@group-2DA8B140AB24-cacheEviction-AwaitToRun-AwaitForSignal is interrupted
2025-07-05 15:49:53,470 [EventQueue-PipelineActionsForPipelineActionHandler] INFO  pipeline.PipelineActionHandler (PipelineActionHandler.java:processPipelineAction(89)) - Received pipeline action CLOSE for Pipeline-07c2a4b9-1a6d-4d20-b06e-c1d084be788e from datanode d3a92f5c-9e4a-48c5-9a32-2f34a6e85eb8(localhost/127.0.0.1). Reason : Chunks directory /home/runner/work/ozone/ozone/hadoop-ozone/integration-test/target/test-dir/MiniOzoneClusterImpl-0a3c97a5-d59a-4532-afef-c4940c4c02aa/ozone-meta/datanode-6/data-0/hdds/0a3c97a5-d59a-4532-afef-c4940c4c02aa/current/containerDir0/9/chunks does not exist.
2025-07-05 15:49:53,484 [EventQueue-PipelineReportForPipelineReportHandler] INFO  pipeline.PipelineReportHandler (PipelineReportHandler.java:handlePipelineNotFoundException(98)) - Pipeline Pipeline-42e6736a-9a9f-49f5-be26-dddf55466c04, reported by datanode a2863246-e653-4b31-a3d0-09f3a93c429f(localhost/127.0.0.1) is not found.
2025-07-05 15:49:53,610 [2e56514c-0608-4198-9fed-b4eba4d3d686@group-F05856020FDA-StateMachineUpdater] INFO  ratis.ContainerStateMachine (ContainerStateMachine.java:takeSnapshot(427)) - group-F05856020FDA: Taking a snapshot at:(t:1, i:0) file /home/runner/work/ozone/ozone/hadoop-ozone/integration-test/target/test-dir/MiniOzoneClusterImpl-0a3c97a5-d59a-4532-afef-c4940c4c02aa/ozone-meta/datanode-4/ratis/afa26ae6-829f-4a8f-918e-f05856020fda/sm/snapshot.1_0
2025-07-05 15:49:53,610 [16b3a642-386d-4aa9-ba22-a20b8f52ec18@group-F05856020FDA-StateMachineUpdater] INFO  ratis.ContainerStateMachine (ContainerStateMachine.java:takeSnapshot(427)) - group-F05856020FDA: Taking a snapshot at:(t:1, i:0) file /home/runner/work/ozone/ozone/hadoop-ozone/integration-test/target/test-dir/MiniOzoneClusterImpl-0a3c97a5-d59a-4532-afef-c4940c4c02aa/ozone-meta/datanode-10/ratis/afa26ae6-829f-4a8f-918e-f05856020fda/sm/snapshot.1_0
2025-07-05 15:49:53,610 [2e56514c-0608-4198-9fed-b4eba4d3d686@group-F05856020FDA-StateMachineUpdater] INFO  ratis.ContainerStateMachine (ContainerStateMachine.java:takeSnapshot(436)) - group-F05856020FDA: Finished taking a snapshot at:(t:1, i:0) file:/home/runner/work/ozone/ozone/hadoop-ozone/integration-test/target/test-dir/MiniOzoneClusterImpl-0a3c97a5-d59a-4532-afef-c4940c4c02aa/ozone-meta/datanode-4/ratis/afa26ae6-829f-4a8f-918e-f05856020fda/sm/snapshot.1_0 took: 1 ms
2025-07-05 15:49:53,611 [2e56514c-0608-4198-9fed-b4eba4d3d686@group-F05856020FDA-StateMachineUpdater] INFO  impl.StateMachineUpdater (StateMachineUpdater.java:takeSnapshot(307)) - 2e56514c-0608-4198-9fed-b4eba4d3d686@group-F05856020FDA-StateMachineUpdater: Took a snapshot at index 0
2025-07-05 15:49:53,611 [2e56514c-0608-4198-9fed-b4eba4d3d686@group-F05856020FDA-StateMachineUpdater] INFO  impl.StateMachineUpdater (StateMachineUpdater.java:lambda$new$0(101)) - 2e56514c-0608-4198-9fed-b4eba4d3d686@group-F05856020FDA-StateMachineUpdater: snapshotIndex: updateIncreasingly -1 -> 0
2025-07-05 15:49:53,611 [16b3a642-386d-4aa9-ba22-a20b8f52ec18@group-F05856020FDA-StateMachineUpdater] INFO  ratis.ContainerStateMachine (ContainerStateMachine.java:takeSnapshot(436)) - group-F05856020FDA: Finished taking a snapshot at:(t:1, i:0) file:/home/runner/work/ozone/ozone/hadoop-ozone/integration-test/target/test-dir/MiniOzoneClusterImpl-0a3c97a5-d59a-4532-afef-c4940c4c02aa/ozone-meta/datanode-10/ratis/afa26ae6-829f-4a8f-918e-f05856020fda/sm/snapshot.1_0 took: 1 ms
2025-07-05 15:49:53,611 [16b3a642-386d-4aa9-ba22-a20b8f52ec18@group-F05856020FDA-StateMachineUpdater] INFO  impl.StateMachineUpdater (StateMachineUpdater.java:takeSnapshot(307)) - 16b3a642-386d-4aa9-ba22-a20b8f52ec18@group-F05856020FDA-StateMachineUpdater: Took a snapshot at index 0
2025-07-05 15:49:53,611 [16b3a642-386d-4aa9-ba22-a20b8f52ec18@group-F05856020FDA-StateMachineUpdater] INFO  impl.StateMachineUpdater (StateMachineUpdater.java:lambda$new$0(101)) - 16b3a642-386d-4aa9-ba22-a20b8f52ec18@group-F05856020FDA-StateMachineUpdater: snapshotIndex: updateIncreasingly -1 -> 0
2025-07-05 15:49:53,671 [EventQueue-PipelineActionsForPipelineActionHandler] INFO  pipeline.PipelineActionHandler (PipelineActionHandler.java:processPipelineAction(89)) - Received pipeline action CLOSE for Pipeline-07c2a4b9-1a6d-4d20-b06e-c1d084be788e from datanode d3a92f5c-9e4a-48c5-9a32-2f34a6e85eb8(localhost/127.0.0.1). Reason : Chunks directory /home/runner/work/ozone/ozone/hadoop-ozone/integration-test/target/test-dir/MiniOzoneClusterImpl-0a3c97a5-d59a-4532-afef-c4940c4c02aa/ozone-meta/datanode-6/data-0/hdds/0a3c97a5-d59a-4532-afef-c4940c4c02aa/current/containerDir0/9/chunks does not exist.
2025-07-05 15:49:53,683 [EventQueue-PipelineReportForPipelineReportHandler] INFO  pipeline.PipelineReportHandler (PipelineReportHandler.java:handlePipelineNotFoundException(98)) - Pipeline Pipeline-42e6736a-9a9f-49f5-be26-dddf55466c04, reported by datanode a2863246-e653-4b31-a3d0-09f3a93c429f(localhost/127.0.0.1) is not found.
2025-07-05 15:49:53,749 [a2863246-e653-4b31-a3d0-09f3a93c429f@group-D83282EFD40F-StateMachineUpdater] INFO  ratis.ContainerStateMachine (ContainerStateMachine.java:takeSnapshot(427)) - group-D83282EFD40F: Taking a snapshot at:(t:1, i:0) file /home/runner/work/ozone/ozone/hadoop-ozone/integration-test/target/test-dir/MiniOzoneClusterImpl-0a3c97a5-d59a-4532-afef-c4940c4c02aa/ozone-meta/datanode-8/ratis/455ba6d2-49b4-4087-b798-d83282efd40f/sm/snapshot.1_0
2025-07-05 15:49:53,750 [a2863246-e653-4b31-a3d0-09f3a93c429f@group-D83282EFD40F-StateMachineUpdater] INFO  ratis.ContainerStateMachine (ContainerStateMachine.java:takeSnapshot(436)) - group-D83282EFD40F: Finished taking a snapshot at:(t:1, i:0) file:/home/runner/work/ozone/ozone/hadoop-ozone/integration-test/target/test-dir/MiniOzoneClusterImpl-0a3c97a5-d59a-4532-afef-c4940c4c02aa/ozone-meta/datanode-8/ratis/455ba6d2-49b4-4087-b798-d83282efd40f/sm/snapshot.1_0 took: 1 ms
2025-07-05 15:49:53,750 [092257cb-ba5a-4f8a-9b9c-d44861eaa450@group-D83282EFD40F-StateMachineUpdater] INFO  ratis.ContainerStateMachine (ContainerStateMachine.java:takeSnapshot(427)) - group-D83282EFD40F: Taking a snapshot at:(t:1, i:0) file /home/runner/work/ozone/ozone/hadoop-ozone/integration-test/target/test-dir/MiniOzoneClusterImpl-0a3c97a5-d59a-4532-afef-c4940c4c02aa/ozone-meta/datanode-7/ratis4c5ba393-9d54-4a23-9e27-5237d04f58cc/455ba6d2-49b4-4087-b798-d83282efd40f/sm/snapshot.1_0
2025-07-05 15:49:53,750 [a2863246-e653-4b31-a3d0-09f3a93c429f@group-D83282EFD40F-StateMachineUpdater] INFO  impl.StateMachineUpdater (StateMachineUpdater.java:takeSnapshot(307)) - a2863246-e653-4b31-a3d0-09f3a93c429f@group-D83282EFD40F-StateMachineUpdater: Took a snapshot at index 0
2025-07-05 15:49:53,750 [a2863246-e653-4b31-a3d0-09f3a93c429f@group-D83282EFD40F-StateMachineUpdater] INFO  impl.StateMachineUpdater (StateMachineUpdater.java:lambda$new$0(101)) - a2863246-e653-4b31-a3d0-09f3a93c429f@group-D83282EFD40F-StateMachineUpdater: snapshotIndex: updateIncreasingly -1 -> 0
2025-07-05 15:49:53,750 [092257cb-ba5a-4f8a-9b9c-d44861eaa450@group-D83282EFD40F-StateMachineUpdater] INFO  ratis.ContainerStateMachine (ContainerStateMachine.java:takeSnapshot(436)) - group-D83282EFD40F: Finished taking a snapshot at:(t:1, i:0) file:/home/runner/work/ozone/ozone/hadoop-ozone/integration-test/target/test-dir/MiniOzoneClusterImpl-0a3c97a5-d59a-4532-afef-c4940c4c02aa/ozone-meta/datanode-7/ratis4c5ba393-9d54-4a23-9e27-5237d04f58cc/455ba6d2-49b4-4087-b798-d83282efd40f/sm/snapshot.1_0 took: 0 ms
2025-07-05 15:49:53,750 [092257cb-ba5a-4f8a-9b9c-d44861eaa450@group-D83282EFD40F-StateMachineUpdater] INFO  impl.StateMachineUpdater (StateMachineUpdater.java:takeSnapshot(307)) - 092257cb-ba5a-4f8a-9b9c-d44861eaa450@group-D83282EFD40F-StateMachineUpdater: Took a snapshot at index 0
2025-07-05 15:49:53,750 [092257cb-ba5a-4f8a-9b9c-d44861eaa450@group-D83282EFD40F-StateMachineUpdater] INFO  impl.StateMachineUpdater (StateMachineUpdater.java:lambda$new$0(101)) - 092257cb-ba5a-4f8a-9b9c-d44861eaa450@group-D83282EFD40F-StateMachineUpdater: snapshotIndex: updateIncreasingly -1 -> 0
2025-07-05 15:49:53,870 [EventQueue-PipelineActionsForPipelineActionHandler] INFO  pipeline.PipelineActionHandler (PipelineActionHandler.java:processPipelineAction(89)) - Received pipeline action CLOSE for Pipeline-07c2a4b9-1a6d-4d20-b06e-c1d084be788e from datanode d3a92f5c-9e4a-48c5-9a32-2f34a6e85eb8(localhost/127.0.0.1). Reason : Chunks directory /home/runner/work/ozone/ozone/hadoop-ozone/integration-test/target/test-dir/MiniOzoneClusterImpl-0a3c97a5-d59a-4532-afef-c4940c4c02aa/ozone-meta/datanode-6/data-0/hdds/0a3c97a5-d59a-4532-afef-c4940c4c02aa/current/containerDir0/9/chunks does not exist.
2025-07-05 15:49:53,884 [EventQueue-PipelineReportForPipelineReportHandler] INFO  pipeline.PipelineReportHandler (PipelineReportHandler.java:handlePipelineNotFoundException(98)) - Pipeline Pipeline-42e6736a-9a9f-49f5-be26-dddf55466c04, reported by datanode a2863246-e653-4b31-a3d0-09f3a93c429f(localhost/127.0.0.1) is not found.
2025-07-05 15:49:53,891 [a2863246-e653-4b31-a3d0-09f3a93c429f-PipelineCommandHandlerThread-0] INFO  segmented.SegmentedRaftLogWorker (SegmentedRaftLogWorker.java:close(254)) - a2863246-e653-4b31-a3d0-09f3a93c429f@group-2DA8B140AB24-SegmentedRaftLogWorker close()
2025-07-05 15:49:53,891 [a2863246-e653-4b31-a3d0-09f3a93c429f-PipelineCommandHandlerThread-0] INFO  server.RaftServer$Division (RaftServerImpl.java:groupRemove(497)) - a2863246-e653-4b31-a3d0-09f3a93c429f@group-2DA8B140AB24: Succeed to remove RaftStorageDirectory Storage Directory /home/runner/work/ozone/ozone/hadoop-ozone/integration-test/target/test-dir/MiniOzoneClusterImpl-0a3c97a5-d59a-4532-afef-c4940c4c02aa/ozone-meta/datanode-8/ratis/9e1d7ac4-d74c-4252-8298-2da8b140ab24
2025-07-05 15:49:53,892 [a2863246-e653-4b31-a3d0-09f3a93c429f-PipelineCommandHandlerThread-0] INFO  commandhandler.ClosePipelineCommandHandler (ClosePipelineCommandHandler.java:lambda$handle$2(142)) - Close Pipeline Pipeline-9e1d7ac4-d74c-4252-8298-2da8b140ab24 command on datanode a2863246-e653-4b31-a3d0-09f3a93c429f(localhost/127.0.0.1).
2025-07-05 15:49:53,896 [grpc-default-executor-6] WARN  server.RaftServer (RaftServerProxy.java:remove(111)) - 092257cb-ba5a-4f8a-9b9c-d44861eaa450: does not contain group: group-DDDF55466C04
2025-07-05 15:49:53,897 [grpc-default-executor-6] WARN  server.GrpcAdminProtocolService (GrpcAdminProtocolService.java:lambda$groupManagement$1(53)) - Failed groupManagement: GROUPREMOVE, GroupManagementRequest:client-442ABB753FE4->092257cb-ba5a-4f8a-9b9c-d44861eaa450@group-DDDF55466C04, cid=181, seq=null, RW, null, Remove:group-DDDF55466C04, delete-dir
org.apache.ratis.protocol.exceptions.GroupMismatchException: 092257cb-ba5a-4f8a-9b9c-d44861eaa450: Group group-DDDF55466C04 not found.
	at org.apache.ratis.server.impl.RaftServerProxy.groupRemoveAsync(RaftServerProxy.java:548)
	at org.apache.ratis.server.impl.RaftServerProxy.groupManagementAsync(RaftServerProxy.java:499)
	at org.apache.ratis.grpc.server.GrpcAdminProtocolService.lambda$groupManagement$0(GrpcAdminProtocolService.java:51)
	at org.apache.ratis.grpc.GrpcUtil.asyncCall(GrpcUtil.java:172)
	at org.apache.ratis.grpc.server.GrpcAdminProtocolService.groupManagement(GrpcAdminProtocolService.java:51)
	at org.apache.ratis.proto.grpc.AdminProtocolServiceGrpc$MethodHandlers.invoke(AdminProtocolServiceGrpc.java:701)
	at org.apache.ratis.thirdparty.io.grpc.stub.ServerCalls$UnaryServerCallHandler$UnaryServerCallListener.onHalfClose(ServerCalls.java:182)
	at org.apache.ratis.thirdparty.io.grpc.internal.ServerCallImpl$ServerStreamListenerImpl.halfClosed(ServerCallImpl.java:356)
	at org.apache.ratis.thirdparty.io.grpc.internal.ServerImpl$JumpToApplicationThreadServerStreamListener$1HalfClosed.runInContext(ServerImpl.java:861)
	at org.apache.ratis.thirdparty.io.grpc.internal.ContextRunnable.run(ContextRunnable.java:37)
	at org.apache.ratis.thirdparty.io.grpc.internal.SerializingExecutor.run(SerializingExecutor.java:133)
	at java.base/java.util.concurrent.ThreadPoolExecutor.runWorker(ThreadPoolExecutor.java:1144)
	at java.base/java.util.concurrent.ThreadPoolExecutor$Worker.run(ThreadPoolExecutor.java:642)
	at java.base/java.lang.Thread.run(Thread.java:1583)
2025-07-05 15:49:53,902 [grpc-default-executor-6] WARN  server.RaftServer (RaftServerProxy.java:remove(111)) - d8f38f7e-70e8-450f-85ae-2cee56d3f445: does not contain group: group-DDDF55466C04
2025-07-05 15:49:53,903 [grpc-default-executor-6] WARN  server.GrpcAdminProtocolService (GrpcAdminProtocolService.java:lambda$groupManagement$1(53)) - Failed groupManagement: GROUPREMOVE, GroupManagementRequest:client-4E995ACFE43B->d8f38f7e-70e8-450f-85ae-2cee56d3f445@group-DDDF55466C04, cid=182, seq=null, RW, null, Remove:group-DDDF55466C04, delete-dir
org.apache.ratis.protocol.exceptions.GroupMismatchException: d8f38f7e-70e8-450f-85ae-2cee56d3f445: Group group-DDDF55466C04 not found.
	at org.apache.ratis.server.impl.RaftServerProxy.groupRemoveAsync(RaftServerProxy.java:548)
	at org.apache.ratis.server.impl.RaftServerProxy.groupManagementAsync(RaftServerProxy.java:499)
	at org.apache.ratis.grpc.server.GrpcAdminProtocolService.lambda$groupManagement$0(GrpcAdminProtocolService.java:51)
	at org.apache.ratis.grpc.GrpcUtil.asyncCall(GrpcUtil.java:172)
	at org.apache.ratis.grpc.server.GrpcAdminProtocolService.groupManagement(GrpcAdminProtocolService.java:51)
	at org.apache.ratis.proto.grpc.AdminProtocolServiceGrpc$MethodHandlers.invoke(AdminProtocolServiceGrpc.java:701)
	at org.apache.ratis.thirdparty.io.grpc.stub.ServerCalls$UnaryServerCallHandler$UnaryServerCallListener.onHalfClose(ServerCalls.java:182)
	at org.apache.ratis.thirdparty.io.grpc.internal.ServerCallImpl$ServerStreamListenerImpl.halfClosed(ServerCallImpl.java:356)
	at org.apache.ratis.thirdparty.io.grpc.internal.ServerImpl$JumpToApplicationThreadServerStreamListener$1HalfClosed.runInContext(ServerImpl.java:861)
	at org.apache.ratis.thirdparty.io.grpc.internal.ContextRunnable.run(ContextRunnable.java:37)
	at org.apache.ratis.thirdparty.io.grpc.internal.SerializingExecutor.run(SerializingExecutor.java:133)
	at java.base/java.util.concurrent.ThreadPoolExecutor.runWorker(ThreadPoolExecutor.java:1144)
	at java.base/java.util.concurrent.ThreadPoolExecutor$Worker.run(ThreadPoolExecutor.java:642)
	at java.base/java.lang.Thread.run(Thread.java:1583)
2025-07-05 15:49:53,905 [a2863246-e653-4b31-a3d0-09f3a93c429f-PipelineCommandHandlerThread-0] INFO  server.RaftServer (RaftServerProxy.java:remove(116)) - a2863246-e653-4b31-a3d0-09f3a93c429f: remove  FOLLOWER (RUNNING): a2863246-e653-4b31-a3d0-09f3a93c429f@group-DDDF55466C04:t1, leader=null, voted=a2863246-e653-4b31-a3d0-09f3a93c429f, raftlog=Memoized:a2863246-e653-4b31-a3d0-09f3a93c429f@group-DDDF55466C04-SegmentedRaftLog:OPENED:c0:last(t:1, i:0), conf=conf: {index: 0, cur=peers:[092257cb-ba5a-4f8a-9b9c-d44861eaa450|127.0.0.1:15063, d8f38f7e-70e8-450f-85ae-2cee56d3f445|127.0.0.1:15079, a2863246-e653-4b31-a3d0-09f3a93c429f|127.0.0.1:15071]|listeners:[], old=null}
2025-07-05 15:49:53,905 [a2863246-e653-4b31-a3d0-09f3a93c429f-PipelineCommandHandlerThread-0] INFO  server.RaftServer$Division (RaftServerImpl.java:lambda$close$1(527)) - a2863246-e653-4b31-a3d0-09f3a93c429f@group-DDDF55466C04: shutdown
2025-07-05 15:49:53,905 [a2863246-e653-4b31-a3d0-09f3a93c429f-PipelineCommandHandlerThread-0] INFO  util.JmxRegister (JmxRegister.java:unregister(74)) - Successfully un-registered JMX Bean with object name Ratis:service=RaftServer,group=group-DDDF55466C04,id=a2863246-e653-4b31-a3d0-09f3a93c429f
2025-07-05 15:49:53,905 [a2863246-e653-4b31-a3d0-09f3a93c429f-PipelineCommandHandlerThread-0] INFO  impl.RoleInfo (RoleInfo.java:shutdownFollowerState(121)) - a2863246-e653-4b31-a3d0-09f3a93c429f: shutdown a2863246-e653-4b31-a3d0-09f3a93c429f@group-DDDF55466C04-FollowerState
2025-07-05 15:49:53,905 [a2863246-e653-4b31-a3d0-09f3a93c429f-PipelineCommandHandlerThread-0] INFO  impl.StateMachineUpdater (StateMachineUpdater.java:stopAndJoin(163)) - a2863246-e653-4b31-a3d0-09f3a93c429f@group-DDDF55466C04-StateMachineUpdater: set stopIndex = 0
2025-07-05 15:49:53,905 [a2863246-e653-4b31-a3d0-09f3a93c429f@group-DDDF55466C04-StateMachineUpdater] INFO  impl.StateMachineUpdater (StateMachineUpdater.java:stop(140)) - a2863246-e653-4b31-a3d0-09f3a93c429f@group-DDDF55466C04-StateMachineUpdater: closing ContainerStateMachine, lastApplied=(t:1, i:0)
2025-07-05 15:49:53,905 [a2863246-e653-4b31-a3d0-09f3a93c429f@group-DDDF55466C04-FollowerState] INFO  impl.FollowerState (FollowerState.java:runImpl(170)) - a2863246-e653-4b31-a3d0-09f3a93c429f@group-DDDF55466C04-FollowerState was interrupted
2025-07-05 15:49:53,906 [a2863246-e653-4b31-a3d0-09f3a93c429f@group-DDDF55466C04-cacheEviction-AwaitToRun] INFO  util.AwaitToRun (AwaitToRun.java:run(49)) - a2863246-e653-4b31-a3d0-09f3a93c429f@group-DDDF55466C04-cacheEviction-AwaitToRun-AwaitForSignal is interrupted
2025-07-05 15:49:54,070 [EventQueue-PipelineActionsForPipelineActionHandler] INFO  pipeline.PipelineActionHandler (PipelineActionHandler.java:processPipelineAction(89)) - Received pipeline action CLOSE for Pipeline-07c2a4b9-1a6d-4d20-b06e-c1d084be788e from datanode d3a92f5c-9e4a-48c5-9a32-2f34a6e85eb8(localhost/127.0.0.1). Reason : Chunks directory /home/runner/work/ozone/ozone/hadoop-ozone/integration-test/target/test-dir/MiniOzoneClusterImpl-0a3c97a5-d59a-4532-afef-c4940c4c02aa/ozone-meta/datanode-6/data-0/hdds/0a3c97a5-d59a-4532-afef-c4940c4c02aa/current/containerDir0/9/chunks does not exist.
2025-07-05 15:49:54,088 [694b616d-7f52-4b82-b07e-10398eb153c5@group-3B2717CC98E7-StateMachineUpdater] INFO  ratis.ContainerStateMachine (ContainerStateMachine.java:takeSnapshot(427)) - group-3B2717CC98E7: Taking a snapshot at:(t:1, i:0) file /home/runner/work/ozone/ozone/hadoop-ozone/integration-test/target/test-dir/MiniOzoneClusterImpl-0a3c97a5-d59a-4532-afef-c4940c4c02aa/ozone-meta/datanode-5/ratis/3c3a4226-aaed-4bee-8b41-3b2717cc98e7/sm/snapshot.1_0
2025-07-05 15:49:54,088 [d3a92f5c-9e4a-48c5-9a32-2f34a6e85eb8@group-3B2717CC98E7-StateMachineUpdater] INFO  ratis.ContainerStateMachine (ContainerStateMachine.java:takeSnapshot(427)) - group-3B2717CC98E7: Taking a snapshot at:(t:1, i:0) file /home/runner/work/ozone/ozone/hadoop-ozone/integration-test/target/test-dir/MiniOzoneClusterImpl-0a3c97a5-d59a-4532-afef-c4940c4c02aa/ozone-meta/datanode-6/ratis/3c3a4226-aaed-4bee-8b41-3b2717cc98e7/sm/snapshot.1_0
2025-07-05 15:49:54,089 [694b616d-7f52-4b82-b07e-10398eb153c5@group-3B2717CC98E7-StateMachineUpdater] INFO  ratis.ContainerStateMachine (ContainerStateMachine.java:takeSnapshot(436)) - group-3B2717CC98E7: Finished taking a snapshot at:(t:1, i:0) file:/home/runner/work/ozone/ozone/hadoop-ozone/integration-test/target/test-dir/MiniOzoneClusterImpl-0a3c97a5-d59a-4532-afef-c4940c4c02aa/ozone-meta/datanode-5/ratis/3c3a4226-aaed-4bee-8b41-3b2717cc98e7/sm/snapshot.1_0 took: 1 ms
2025-07-05 15:49:54,089 [694b616d-7f52-4b82-b07e-10398eb153c5@group-3B2717CC98E7-StateMachineUpdater] INFO  impl.StateMachineUpdater (StateMachineUpdater.java:takeSnapshot(307)) - 694b616d-7f52-4b82-b07e-10398eb153c5@group-3B2717CC98E7-StateMachineUpdater: Took a snapshot at index 0
2025-07-05 15:49:54,089 [d3a92f5c-9e4a-48c5-9a32-2f34a6e85eb8@group-3B2717CC98E7-StateMachineUpdater] INFO  ratis.ContainerStateMachine (ContainerStateMachine.java:takeSnapshot(436)) - group-3B2717CC98E7: Finished taking a snapshot at:(t:1, i:0) file:/home/runner/work/ozone/ozone/hadoop-ozone/integration-test/target/test-dir/MiniOzoneClusterImpl-0a3c97a5-d59a-4532-afef-c4940c4c02aa/ozone-meta/datanode-6/ratis/3c3a4226-aaed-4bee-8b41-3b2717cc98e7/sm/snapshot.1_0 took: 1 ms
2025-07-05 15:49:54,089 [d3a92f5c-9e4a-48c5-9a32-2f34a6e85eb8@group-3B2717CC98E7-StateMachineUpdater] INFO  impl.StateMachineUpdater (StateMachineUpdater.java:takeSnapshot(307)) - d3a92f5c-9e4a-48c5-9a32-2f34a6e85eb8@group-3B2717CC98E7-StateMachineUpdater: Took a snapshot at index 0
2025-07-05 15:49:54,089 [d3a92f5c-9e4a-48c5-9a32-2f34a6e85eb8@group-3B2717CC98E7-StateMachineUpdater] INFO  impl.StateMachineUpdater (StateMachineUpdater.java:lambda$new$0(101)) - d3a92f5c-9e4a-48c5-9a32-2f34a6e85eb8@group-3B2717CC98E7-StateMachineUpdater: snapshotIndex: updateIncreasingly -1 -> 0
2025-07-05 15:49:54,089 [694b616d-7f52-4b82-b07e-10398eb153c5@group-3B2717CC98E7-StateMachineUpdater] INFO  impl.StateMachineUpdater (StateMachineUpdater.java:lambda$new$0(101)) - 694b616d-7f52-4b82-b07e-10398eb153c5@group-3B2717CC98E7-StateMachineUpdater: snapshotIndex: updateIncreasingly -1 -> 0
2025-07-05 15:49:54,264 [a2863246-e653-4b31-a3d0-09f3a93c429f-PipelineCommandHandlerThread-0] INFO  segmented.SegmentedRaftLogWorker (SegmentedRaftLogWorker.java:close(254)) - a2863246-e653-4b31-a3d0-09f3a93c429f@group-DDDF55466C04-SegmentedRaftLogWorker close()
2025-07-05 15:49:54,265 [a2863246-e653-4b31-a3d0-09f3a93c429f-PipelineCommandHandlerThread-0] INFO  server.RaftServer$Division (RaftServerImpl.java:groupRemove(497)) - a2863246-e653-4b31-a3d0-09f3a93c429f@group-DDDF55466C04: Succeed to remove RaftStorageDirectory Storage Directory /home/runner/work/ozone/ozone/hadoop-ozone/integration-test/target/test-dir/MiniOzoneClusterImpl-0a3c97a5-d59a-4532-afef-c4940c4c02aa/ozone-meta/datanode-8/ratis/42e6736a-9a9f-49f5-be26-dddf55466c04
2025-07-05 15:49:54,265 [a2863246-e653-4b31-a3d0-09f3a93c429f-PipelineCommandHandlerThread-0] INFO  commandhandler.ClosePipelineCommandHandler (ClosePipelineCommandHandler.java:lambda$handle$2(142)) - Close Pipeline Pipeline-42e6736a-9a9f-49f5-be26-dddf55466c04 command on datanode a2863246-e653-4b31-a3d0-09f3a93c429f(localhost/127.0.0.1).
2025-07-05 15:49:54,270 [EventQueue-PipelineActionsForPipelineActionHandler] INFO  pipeline.PipelineActionHandler (PipelineActionHandler.java:processPipelineAction(89)) - Received pipeline action CLOSE for Pipeline-07c2a4b9-1a6d-4d20-b06e-c1d084be788e from datanode d3a92f5c-9e4a-48c5-9a32-2f34a6e85eb8(localhost/127.0.0.1). Reason : Chunks directory /home/runner/work/ozone/ozone/hadoop-ozone/integration-test/target/test-dir/MiniOzoneClusterImpl-0a3c97a5-d59a-4532-afef-c4940c4c02aa/ozone-meta/datanode-6/data-0/hdds/0a3c97a5-d59a-4532-afef-c4940c4c02aa/current/containerDir0/9/chunks does not exist.
2025-07-05 15:49:54,471 [EventQueue-PipelineActionsForPipelineActionHandler] INFO  pipeline.PipelineActionHandler (PipelineActionHandler.java:processPipelineAction(89)) - Received pipeline action CLOSE for Pipeline-07c2a4b9-1a6d-4d20-b06e-c1d084be788e from datanode d3a92f5c-9e4a-48c5-9a32-2f34a6e85eb8(localhost/127.0.0.1). Reason : Chunks directory /home/runner/work/ozone/ozone/hadoop-ozone/integration-test/target/test-dir/MiniOzoneClusterImpl-0a3c97a5-d59a-4532-afef-c4940c4c02aa/ozone-meta/datanode-6/data-0/hdds/0a3c97a5-d59a-4532-afef-c4940c4c02aa/current/containerDir0/9/chunks does not exist.
2025-07-05 15:49:54,670 [EventQueue-PipelineActionsForPipelineActionHandler] INFO  pipeline.PipelineActionHandler (PipelineActionHandler.java:processPipelineAction(89)) - Received pipeline action CLOSE for Pipeline-07c2a4b9-1a6d-4d20-b06e-c1d084be788e from datanode d3a92f5c-9e4a-48c5-9a32-2f34a6e85eb8(localhost/127.0.0.1). Reason : Chunks directory /home/runner/work/ozone/ozone/hadoop-ozone/integration-test/target/test-dir/MiniOzoneClusterImpl-0a3c97a5-d59a-4532-afef-c4940c4c02aa/ozone-meta/datanode-6/data-0/hdds/0a3c97a5-d59a-4532-afef-c4940c4c02aa/current/containerDir0/9/chunks does not exist.
2025-07-05 15:49:54,871 [EventQueue-PipelineActionsForPipelineActionHandler] INFO  pipeline.PipelineActionHandler (PipelineActionHandler.java:processPipelineAction(89)) - Received pipeline action CLOSE for Pipeline-07c2a4b9-1a6d-4d20-b06e-c1d084be788e from datanode d3a92f5c-9e4a-48c5-9a32-2f34a6e85eb8(localhost/127.0.0.1). Reason : Chunks directory /home/runner/work/ozone/ozone/hadoop-ozone/integration-test/target/test-dir/MiniOzoneClusterImpl-0a3c97a5-d59a-4532-afef-c4940c4c02aa/ozone-meta/datanode-6/data-0/hdds/0a3c97a5-d59a-4532-afef-c4940c4c02aa/current/containerDir0/9/chunks does not exist.
2025-07-05 15:49:55,071 [EventQueue-PipelineActionsForPipelineActionHandler] INFO  pipeline.PipelineActionHandler (PipelineActionHandler.java:processPipelineAction(89)) - Received pipeline action CLOSE for Pipeline-07c2a4b9-1a6d-4d20-b06e-c1d084be788e from datanode d3a92f5c-9e4a-48c5-9a32-2f34a6e85eb8(localhost/127.0.0.1). Reason : Chunks directory /home/runner/work/ozone/ozone/hadoop-ozone/integration-test/target/test-dir/MiniOzoneClusterImpl-0a3c97a5-d59a-4532-afef-c4940c4c02aa/ozone-meta/datanode-6/data-0/hdds/0a3c97a5-d59a-4532-afef-c4940c4c02aa/current/containerDir0/9/chunks does not exist.
2025-07-05 15:49:55,132 [2e56514c-0608-4198-9fed-b4eba4d3d686@group-C1D084BE788E-StateMachineUpdater] INFO  ratis.ContainerStateMachine (ContainerStateMachine.java:takeSnapshot(427)) - group-C1D084BE788E: Taking a snapshot at:(t:1, i:21) file /home/runner/work/ozone/ozone/hadoop-ozone/integration-test/target/test-dir/MiniOzoneClusterImpl-0a3c97a5-d59a-4532-afef-c4940c4c02aa/ozone-meta/datanode-4/ratis/07c2a4b9-1a6d-4d20-b06e-c1d084be788e/sm/snapshot.1_21
2025-07-05 15:49:55,133 [2e56514c-0608-4198-9fed-b4eba4d3d686@group-C1D084BE788E-StateMachineUpdater] INFO  ratis.ContainerStateMachine (ContainerStateMachine.java:takeSnapshot(436)) - group-C1D084BE788E: Finished taking a snapshot at:(t:1, i:21) file:/home/runner/work/ozone/ozone/hadoop-ozone/integration-test/target/test-dir/MiniOzoneClusterImpl-0a3c97a5-d59a-4532-afef-c4940c4c02aa/ozone-meta/datanode-4/ratis/07c2a4b9-1a6d-4d20-b06e-c1d084be788e/sm/snapshot.1_21 took: 1 ms
2025-07-05 15:49:55,134 [2e56514c-0608-4198-9fed-b4eba4d3d686@group-C1D084BE788E-StateMachineUpdater] INFO  impl.SimpleStateMachineStorage (SimpleStateMachineStorage.java:lambda$cleanupOldSnapshots$1(126)) - Deleting old snapshot at /home/runner/work/ozone/ozone/hadoop-ozone/integration-test/target/test-dir/MiniOzoneClusterImpl-0a3c97a5-d59a-4532-afef-c4940c4c02aa/ozone-meta/datanode-4/ratis/07c2a4b9-1a6d-4d20-b06e-c1d084be788e/sm/snapshot.1_8
2025-07-05 15:49:55,134 [d3a92f5c-9e4a-48c5-9a32-2f34a6e85eb8@group-C1D084BE788E-StateMachineUpdater] ERROR ratis.ContainerStateMachine (ContainerStateMachine.java:takeSnapshot(421)) - Failed to take snapshot  for group-C1D084BE788E as the stateMachine is unhealthy. The last applied index is at (t:1, i:13)
2025-07-05 15:49:55,134 [2e56514c-0608-4198-9fed-b4eba4d3d686@group-C1D084BE788E-StateMachineUpdater] INFO  impl.StateMachineUpdater (StateMachineUpdater.java:takeSnapshot(307)) - 2e56514c-0608-4198-9fed-b4eba4d3d686@group-C1D084BE788E-StateMachineUpdater: Took a snapshot at index 21
2025-07-05 15:49:55,134 [2e56514c-0608-4198-9fed-b4eba4d3d686@group-C1D084BE788E-StateMachineUpdater] INFO  impl.StateMachineUpdater (StateMachineUpdater.java:lambda$new$0(101)) - 2e56514c-0608-4198-9fed-b4eba4d3d686@group-C1D084BE788E-StateMachineUpdater: snapshotIndex: updateIncreasingly 17 -> 21
2025-07-05 15:49:55,134 [d3a92f5c-9e4a-48c5-9a32-2f34a6e85eb8@group-C1D084BE788E-StateMachineUpdater] ERROR impl.StateMachineUpdater (StateMachineUpdater.java:takeSnapshot(302)) - d3a92f5c-9e4a-48c5-9a32-2f34a6e85eb8@group-C1D084BE788E-StateMachineUpdater: Failed to take snapshot
org.apache.ratis.protocol.exceptions.StateMachineException: Failed to take snapshot  for group-C1D084BE788E as the stateMachine is unhealthy. The last applied index is at (t:1, i:13)
	at org.apache.hadoop.ozone.container.common.transport.server.ratis.ContainerStateMachine.takeSnapshot(ContainerStateMachine.java:420)
	at org.apache.ratis.server.impl.StateMachineUpdater.takeSnapshot(StateMachineUpdater.java:290)
	at org.apache.ratis.server.impl.StateMachineUpdater.checkAndTakeSnapshot(StateMachineUpdater.java:281)
	at org.apache.ratis.server.impl.StateMachineUpdater.run(StateMachineUpdater.java:194)
	at java.base/java.lang.Thread.run(Thread.java:1583)
2025-07-05 15:49:55,135 [d3a92f5c-9e4a-48c5-9a32-2f34a6e85eb8-server-thread3] WARN  server.GrpcServerProtocolService (LogUtils.java:warn(129)) - d3a92f5c-9e4a-48c5-9a32-2f34a6e85eb8: Failed APPEND_ENTRIES request 694b616d-7f52-4b82-b07e-10398eb153c5->d3a92f5c-9e4a-48c5-9a32-2f34a6e85eb8#75-t1,previous=(t:1, i:13),leaderCommit=21,initializing? false,entries: size=8, first=(t:1, i:14), STATEMACHINELOGENTRY, WRITE: logData.size=154, stateMachineData.size=10, logEntryProtoSerializedSize=0
java.util.concurrent.CompletionException: org.apache.hadoop.hdds.scm.container.common.helpers.StorageContainerException: Chunks directory /home/runner/work/ozone/ozone/hadoop-ozone/integration-test/target/test-dir/MiniOzoneClusterImpl-0a3c97a5-d59a-4532-afef-c4940c4c02aa/ozone-meta/datanode-6/data-0/hdds/0a3c97a5-d59a-4532-afef-c4940c4c02aa/current/containerDir0/9/chunks does not exist.
	at java.base/java.util.concurrent.CompletableFuture.encodeThrowable(CompletableFuture.java:332)
	at java.base/java.util.concurrent.CompletableFuture.completeThrowable(CompletableFuture.java:347)
	at java.base/java.util.concurrent.CompletableFuture$BiRelay.tryFire(CompletableFuture.java:1498)
	at java.base/java.util.concurrent.CompletableFuture$CoCompletion.tryFire(CompletableFuture.java:1219)
	at java.base/java.util.concurrent.CompletableFuture.postComplete(CompletableFuture.java:510)
	at java.base/java.util.concurrent.CompletableFuture.completeExceptionally(CompletableFuture.java:2194)
	at org.apache.ratis.server.raftlog.segmented.SegmentedRaftLog$Task.failed(SegmentedRaftLog.java:109)
	at org.apache.ratis.server.raftlog.segmented.SegmentedRaftLogWorker$WriteLog.failed(SegmentedRaftLogWorker.java:530)
	at org.apache.ratis.server.raftlog.segmented.SegmentedRaftLogWorker.run(SegmentedRaftLogWorker.java:326)
	at java.base/java.util.concurrent.Executors$RunnableAdapter.call(Executors.java:572)
	at java.base/java.util.concurrent.FutureTask.run(FutureTask.java:317)
	at java.base/java.util.concurrent.ThreadPoolExecutor.runWorker(ThreadPoolExecutor.java:1144)
	at java.base/java.util.concurrent.ThreadPoolExecutor$Worker.run(ThreadPoolExecutor.java:642)
	at java.base/java.lang.Thread.run(Thread.java:1583)
Caused by: org.apache.hadoop.hdds.scm.container.common.helpers.StorageContainerException: Chunks directory /home/runner/work/ozone/ozone/hadoop-ozone/integration-test/target/test-dir/MiniOzoneClusterImpl-0a3c97a5-d59a-4532-afef-c4940c4c02aa/ozone-meta/datanode-6/data-0/hdds/0a3c97a5-d59a-4532-afef-c4940c4c02aa/current/containerDir0/9/chunks does not exist.
	at org.apache.hadoop.ozone.container.common.transport.server.ratis.ContainerStateMachine.handleCommandResult(ContainerStateMachine.java:661)
	at org.apache.hadoop.ozone.container.common.transport.server.ratis.ContainerStateMachine.lambda$writeStateMachineData$2(ContainerStateMachine.java:623)
	... 4 more
2025-07-05 15:49:55,136 [grpc-default-executor-1] INFO  leader.LogAppender (LogAppenderBase.java:lambda$getNextIndexForError$0(215)) - Decrease nextIndex to 14
2025-07-05 15:49:55,136 [grpc-default-executor-1] INFO  leader.LogAppender (LogAppenderBase.java:lambda$getNextIndexForError$0(215)) - Decrease nextIndex to 14
2025-07-05 15:49:55,136 [grpc-default-executor-1] INFO  leader.FollowerInfo (FollowerInfoImpl.java:info(70)) - 694b616d-7f52-4b82-b07e-10398eb153c5@group-C1D084BE788E->d3a92f5c-9e4a-48c5-9a32-2f34a6e85eb8: computeNextIndex nextIndex: updateUnconditionally 22 -> 14
2025-07-05 15:49:55,266 [timer6] WARN  server.GrpcLogAppender (LogUtils.java:warn(129)) - 694b616d-7f52-4b82-b07e-10398eb153c5@group-C1D084BE788E->d3a92f5c-9e4a-48c5-9a32-2f34a6e85eb8-AppendLogResponseHandler: Failed appendEntries (Repeated 3 times in the last 5.001s)
org.apache.hadoop.hdds.scm.container.common.helpers.StorageContainerException: Chunks directory /home/runner/work/ozone/ozone/hadoop-ozone/integration-test/target/test-dir/MiniOzoneClusterImpl-0a3c97a5-d59a-4532-afef-c4940c4c02aa/ozone-meta/datanode-6/data-0/hdds/0a3c97a5-d59a-4532-afef-c4940c4c02aa/current/containerDir0/9/chunks does not exist.
	at org.apache.hadoop.ozone.container.common.transport.server.ratis.ContainerStateMachine.handleCommandResult(ContainerStateMachine.java:661)
	at org.apache.hadoop.ozone.container.common.transport.server.ratis.ContainerStateMachine.lambda$writeStateMachineData$2(ContainerStateMachine.java:623)
	at java.base/java.util.concurrent.FutureTask.run(FutureTask.java:317)
	at java.base/java.util.concurrent.ThreadPoolExecutor.runWorker(ThreadPoolExecutor.java:1144)
	at java.base/java.util.concurrent.ThreadPoolExecutor$Worker.run(ThreadPoolExecutor.java:642)
	at java.base/java.lang.Thread.run(Thread.java:1583)
2025-07-05 15:49:55,271 [EventQueue-PipelineActionsForPipelineActionHandler] INFO  pipeline.PipelineActionHandler (PipelineActionHandler.java:processPipelineAction(89)) - Received pipeline action CLOSE for Pipeline-07c2a4b9-1a6d-4d20-b06e-c1d084be788e from datanode d3a92f5c-9e4a-48c5-9a32-2f34a6e85eb8(localhost/127.0.0.1). Reason : Chunks directory /home/runner/work/ozone/ozone/hadoop-ozone/integration-test/target/test-dir/MiniOzoneClusterImpl-0a3c97a5-d59a-4532-afef-c4940c4c02aa/ozone-meta/datanode-6/data-0/hdds/0a3c97a5-d59a-4532-afef-c4940c4c02aa/current/containerDir0/9/chunks does not exist.
2025-07-05 15:49:55,472 [EventQueue-PipelineActionsForPipelineActionHandler] INFO  pipeline.PipelineActionHandler (PipelineActionHandler.java:processPipelineAction(89)) - Received pipeline action CLOSE for Pipeline-07c2a4b9-1a6d-4d20-b06e-c1d084be788e from datanode d3a92f5c-9e4a-48c5-9a32-2f34a6e85eb8(localhost/127.0.0.1). Reason : Chunks directory /home/runner/work/ozone/ozone/hadoop-ozone/integration-test/target/test-dir/MiniOzoneClusterImpl-0a3c97a5-d59a-4532-afef-c4940c4c02aa/ozone-meta/datanode-6/data-0/hdds/0a3c97a5-d59a-4532-afef-c4940c4c02aa/current/containerDir0/9/chunks does not exist.
2025-07-05 15:49:55,671 [EventQueue-PipelineActionsForPipelineActionHandler] INFO  pipeline.PipelineActionHandler (PipelineActionHandler.java:processPipelineAction(89)) - Received pipeline action CLOSE for Pipeline-07c2a4b9-1a6d-4d20-b06e-c1d084be788e from datanode d3a92f5c-9e4a-48c5-9a32-2f34a6e85eb8(localhost/127.0.0.1). Reason : Chunks directory /home/runner/work/ozone/ozone/hadoop-ozone/integration-test/target/test-dir/MiniOzoneClusterImpl-0a3c97a5-d59a-4532-afef-c4940c4c02aa/ozone-meta/datanode-6/data-0/hdds/0a3c97a5-d59a-4532-afef-c4940c4c02aa/current/containerDir0/9/chunks does not exist.
2025-07-05 15:49:55,872 [EventQueue-PipelineActionsForPipelineActionHandler] INFO  pipeline.PipelineActionHandler (PipelineActionHandler.java:processPipelineAction(89)) - Received pipeline action CLOSE for Pipeline-07c2a4b9-1a6d-4d20-b06e-c1d084be788e from datanode d3a92f5c-9e4a-48c5-9a32-2f34a6e85eb8(localhost/127.0.0.1). Reason : Chunks directory /home/runner/work/ozone/ozone/hadoop-ozone/integration-test/target/test-dir/MiniOzoneClusterImpl-0a3c97a5-d59a-4532-afef-c4940c4c02aa/ozone-meta/datanode-6/data-0/hdds/0a3c97a5-d59a-4532-afef-c4940c4c02aa/current/containerDir0/9/chunks does not exist.
2025-07-05 15:49:56,072 [EventQueue-PipelineActionsForPipelineActionHandler] INFO  pipeline.PipelineActionHandler (PipelineActionHandler.java:processPipelineAction(89)) - Received pipeline action CLOSE for Pipeline-07c2a4b9-1a6d-4d20-b06e-c1d084be788e from datanode d3a92f5c-9e4a-48c5-9a32-2f34a6e85eb8(localhost/127.0.0.1). Reason : Chunks directory /home/runner/work/ozone/ozone/hadoop-ozone/integration-test/target/test-dir/MiniOzoneClusterImpl-0a3c97a5-d59a-4532-afef-c4940c4c02aa/ozone-meta/datanode-6/data-0/hdds/0a3c97a5-d59a-4532-afef-c4940c4c02aa/current/containerDir0/9/chunks does not exist.
2025-07-05 15:49:56,261 [BackgroundPipelineScrubber] INFO  pipeline.PipelineManagerImpl (PipelineManagerImpl.java:scrubPipelines(602)) - Scrubbing pipeline: id: Pipeline-07c2a4b9-1a6d-4d20-b06e-c1d084be788e since it stays at CLOSED stage.
2025-07-05 15:49:56,262 [BackgroundPipelineScrubber] INFO  pipeline.RatisPipelineProvider (RatisPipelineProvider.java:lambda$close$4(273)) - Send pipeline:Pipeline-07c2a4b9-1a6d-4d20-b06e-c1d084be788e close command to datanode d3a92f5c-9e4a-48c5-9a32-2f34a6e85eb8
2025-07-05 15:49:56,262 [BackgroundPipelineScrubber] INFO  pipeline.RatisPipelineProvider (RatisPipelineProvider.java:lambda$close$4(273)) - Send pipeline:Pipeline-07c2a4b9-1a6d-4d20-b06e-c1d084be788e close command to datanode 694b616d-7f52-4b82-b07e-10398eb153c5
2025-07-05 15:49:56,262 [BackgroundPipelineScrubber] INFO  pipeline.RatisPipelineProvider (RatisPipelineProvider.java:lambda$close$4(273)) - Send pipeline:Pipeline-07c2a4b9-1a6d-4d20-b06e-c1d084be788e close command to datanode 2e56514c-0608-4198-9fed-b4eba4d3d686
2025-07-05 15:49:56,262 [BackgroundPipelineScrubber] INFO  pipeline.PipelineManagerImpl (PipelineManagerImpl.java:removePipeline(464)) - Pipeline Pipeline{ Id: 07c2a4b9-1a6d-4d20-b06e-c1d084be788e, Nodes: [ {d3a92f5c-9e4a-48c5-9a32-2f34a6e85eb8(localhost/127.0.0.1), ReplicaIndex: 0}, {694b616d-7f52-4b82-b07e-10398eb153c5(localhost/127.0.0.1), ReplicaIndex: 0}, {2e56514c-0608-4198-9fed-b4eba4d3d686(localhost/127.0.0.1), ReplicaIndex: 0},], ReplicationConfig: RATIS/THREE, State:CLOSED, leaderId:694b616d-7f52-4b82-b07e-10398eb153c5, CreationTimestamp2025-07-05T15:48:26.863Z[Etc/UTC]} removed.
2025-07-05 15:49:56,272 [EventQueue-PipelineActionsForPipelineActionHandler] INFO  pipeline.PipelineActionHandler (PipelineActionHandler.java:processPipelineAction(89)) - Received pipeline action CLOSE for Pipeline-07c2a4b9-1a6d-4d20-b06e-c1d084be788e from datanode d3a92f5c-9e4a-48c5-9a32-2f34a6e85eb8(localhost/127.0.0.1). Reason : Chunks directory /home/runner/work/ozone/ozone/hadoop-ozone/integration-test/target/test-dir/MiniOzoneClusterImpl-0a3c97a5-d59a-4532-afef-c4940c4c02aa/ozone-meta/datanode-6/data-0/hdds/0a3c97a5-d59a-4532-afef-c4940c4c02aa/current/containerDir0/9/chunks does not exist.
2025-07-05 15:49:56,272 [EventQueue-PipelineReportForPipelineReportHandler] INFO  pipeline.PipelineReportHandler (PipelineReportHandler.java:handlePipelineNotFoundException(98)) - Pipeline Pipeline-07c2a4b9-1a6d-4d20-b06e-c1d084be788e, reported by datanode d3a92f5c-9e4a-48c5-9a32-2f34a6e85eb8(localhost/127.0.0.1) is not found.
2025-07-05 15:49:56,272 [EventQueue-PipelineActionsForPipelineActionHandler] WARN  pipeline.PipelineActionHandler (PipelineActionHandler.java:closeUnknownPipeline(117)) - Pipeline action received for unknown Pipeline Pipeline-07c2a4b9-1a6d-4d20-b06e-c1d084be788e, firing close pipeline event.
2025-07-05 15:49:56,447 [EventQueue-PipelineReportForPipelineReportHandler] INFO  pipeline.PipelineReportHandler (PipelineReportHandler.java:handlePipelineNotFoundException(98)) - Pipeline Pipeline-07c2a4b9-1a6d-4d20-b06e-c1d084be788e, reported by datanode 2e56514c-0608-4198-9fed-b4eba4d3d686(localhost/127.0.0.1) is not found.
2025-07-05 15:49:56,472 [EventQueue-PipelineActionsForPipelineActionHandler] INFO  pipeline.PipelineActionHandler (PipelineActionHandler.java:processPipelineAction(89)) - Received pipeline action CLOSE for Pipeline-07c2a4b9-1a6d-4d20-b06e-c1d084be788e from datanode d3a92f5c-9e4a-48c5-9a32-2f34a6e85eb8(localhost/127.0.0.1). Reason : Chunks directory /home/runner/work/ozone/ozone/hadoop-ozone/integration-test/target/test-dir/MiniOzoneClusterImpl-0a3c97a5-d59a-4532-afef-c4940c4c02aa/ozone-meta/datanode-6/data-0/hdds/0a3c97a5-d59a-4532-afef-c4940c4c02aa/current/containerDir0/9/chunks does not exist.
2025-07-05 15:49:56,472 [EventQueue-PipelineReportForPipelineReportHandler] INFO  pipeline.PipelineReportHandler (PipelineReportHandler.java:handlePipelineNotFoundException(98)) - Pipeline Pipeline-07c2a4b9-1a6d-4d20-b06e-c1d084be788e, reported by datanode d3a92f5c-9e4a-48c5-9a32-2f34a6e85eb8(localhost/127.0.0.1) is not found.
2025-07-05 15:49:56,472 [EventQueue-PipelineActionsForPipelineActionHandler] WARN  pipeline.PipelineActionHandler (PipelineActionHandler.java:closeUnknownPipeline(117)) - Pipeline action received for unknown Pipeline Pipeline-07c2a4b9-1a6d-4d20-b06e-c1d084be788e, firing close pipeline event.
2025-07-05 15:49:56,639 [EventQueue-PipelineReportForPipelineReportHandler] INFO  pipeline.PipelineReportHandler (PipelineReportHandler.java:handlePipelineNotFoundException(98)) - Pipeline Pipeline-07c2a4b9-1a6d-4d20-b06e-c1d084be788e, reported by datanode 694b616d-7f52-4b82-b07e-10398eb153c5(localhost/127.0.0.1) is not found.
2025-07-05 15:49:56,673 [EventQueue-PipelineReportForPipelineReportHandler] INFO  pipeline.PipelineReportHandler (PipelineReportHandler.java:handlePipelineNotFoundException(98)) - Pipeline Pipeline-07c2a4b9-1a6d-4d20-b06e-c1d084be788e, reported by datanode d3a92f5c-9e4a-48c5-9a32-2f34a6e85eb8(localhost/127.0.0.1) is not found.
2025-07-05 15:49:56,673 [EventQueue-PipelineActionsForPipelineActionHandler] INFO  pipeline.PipelineActionHandler (PipelineActionHandler.java:processPipelineAction(89)) - Received pipeline action CLOSE for Pipeline-07c2a4b9-1a6d-4d20-b06e-c1d084be788e from datanode d3a92f5c-9e4a-48c5-9a32-2f34a6e85eb8(localhost/127.0.0.1). Reason : Chunks directory /home/runner/work/ozone/ozone/hadoop-ozone/integration-test/target/test-dir/MiniOzoneClusterImpl-0a3c97a5-d59a-4532-afef-c4940c4c02aa/ozone-meta/datanode-6/data-0/hdds/0a3c97a5-d59a-4532-afef-c4940c4c02aa/current/containerDir0/9/chunks does not exist.
2025-07-05 15:49:56,673 [EventQueue-PipelineActionsForPipelineActionHandler] WARN  pipeline.PipelineActionHandler (PipelineActionHandler.java:closeUnknownPipeline(117)) - Pipeline action received for unknown Pipeline Pipeline-07c2a4b9-1a6d-4d20-b06e-c1d084be788e, firing close pipeline event.
2025-07-05 15:49:56,840 [EventQueue-PipelineReportForPipelineReportHandler] INFO  pipeline.PipelineReportHandler (PipelineReportHandler.java:handlePipelineNotFoundException(98)) - Pipeline Pipeline-07c2a4b9-1a6d-4d20-b06e-c1d084be788e, reported by datanode 694b616d-7f52-4b82-b07e-10398eb153c5(localhost/127.0.0.1) is not found.
2025-07-05 15:49:56,846 [EventQueue-PipelineReportForPipelineReportHandler] INFO  pipeline.PipelineReportHandler (PipelineReportHandler.java:handlePipelineNotFoundException(98)) - Pipeline Pipeline-07c2a4b9-1a6d-4d20-b06e-c1d084be788e, reported by datanode 2e56514c-0608-4198-9fed-b4eba4d3d686(localhost/127.0.0.1) is not found.
2025-07-05 15:49:56,873 [EventQueue-PipelineReportForPipelineReportHandler] INFO  pipeline.PipelineReportHandler (PipelineReportHandler.java:handlePipelineNotFoundException(98)) - Pipeline Pipeline-07c2a4b9-1a6d-4d20-b06e-c1d084be788e, reported by datanode d3a92f5c-9e4a-48c5-9a32-2f34a6e85eb8(localhost/127.0.0.1) is not found.
2025-07-05 15:49:56,873 [EventQueue-PipelineActionsForPipelineActionHandler] INFO  pipeline.PipelineActionHandler (PipelineActionHandler.java:processPipelineAction(89)) - Received pipeline action CLOSE for Pipeline-07c2a4b9-1a6d-4d20-b06e-c1d084be788e from datanode d3a92f5c-9e4a-48c5-9a32-2f34a6e85eb8(localhost/127.0.0.1). Reason : Chunks directory /home/runner/work/ozone/ozone/hadoop-ozone/integration-test/target/test-dir/MiniOzoneClusterImpl-0a3c97a5-d59a-4532-afef-c4940c4c02aa/ozone-meta/datanode-6/data-0/hdds/0a3c97a5-d59a-4532-afef-c4940c4c02aa/current/containerDir0/9/chunks does not exist.
2025-07-05 15:49:56,873 [EventQueue-PipelineActionsForPipelineActionHandler] WARN  pipeline.PipelineActionHandler (PipelineActionHandler.java:closeUnknownPipeline(117)) - Pipeline action received for unknown Pipeline Pipeline-07c2a4b9-1a6d-4d20-b06e-c1d084be788e, firing close pipeline event.
2025-07-05 15:49:57,074 [EventQueue-PipelineActionsForPipelineActionHandler] INFO  pipeline.PipelineActionHandler (PipelineActionHandler.java:processPipelineAction(89)) - Received pipeline action CLOSE for Pipeline-07c2a4b9-1a6d-4d20-b06e-c1d084be788e from datanode d3a92f5c-9e4a-48c5-9a32-2f34a6e85eb8(localhost/127.0.0.1). Reason : Chunks directory /home/runner/work/ozone/ozone/hadoop-ozone/integration-test/target/test-dir/MiniOzoneClusterImpl-0a3c97a5-d59a-4532-afef-c4940c4c02aa/ozone-meta/datanode-6/data-0/hdds/0a3c97a5-d59a-4532-afef-c4940c4c02aa/current/containerDir0/9/chunks does not exist.
2025-07-05 15:49:57,074 [EventQueue-PipelineReportForPipelineReportHandler] INFO  pipeline.PipelineReportHandler (PipelineReportHandler.java:handlePipelineNotFoundException(98)) - Pipeline Pipeline-07c2a4b9-1a6d-4d20-b06e-c1d084be788e, reported by datanode d3a92f5c-9e4a-48c5-9a32-2f34a6e85eb8(localhost/127.0.0.1) is not found.
2025-07-05 15:49:57,074 [EventQueue-PipelineActionsForPipelineActionHandler] WARN  pipeline.PipelineActionHandler (PipelineActionHandler.java:closeUnknownPipeline(117)) - Pipeline action received for unknown Pipeline Pipeline-07c2a4b9-1a6d-4d20-b06e-c1d084be788e, firing close pipeline event.
2025-07-05 15:49:57,077 [grpc-default-executor-1] INFO  server.RaftServer (RaftServerProxy.java:remove(116)) - 694b616d-7f52-4b82-b07e-10398eb153c5: remove    LEADER (RUNNING): 694b616d-7f52-4b82-b07e-10398eb153c5@group-C1D084BE788E:t1, leader=694b616d-7f52-4b82-b07e-10398eb153c5, voted=694b616d-7f52-4b82-b07e-10398eb153c5, raftlog=Memoized:694b616d-7f52-4b82-b07e-10398eb153c5@group-C1D084BE788E-SegmentedRaftLog:OPENED:c21:last(t:1, i:21), conf=conf: {index: 0, cur=peers:[694b616d-7f52-4b82-b07e-10398eb153c5|127.0.0.1:15047, 2e56514c-0608-4198-9fed-b4eba4d3d686|127.0.0.1:15039, d3a92f5c-9e4a-48c5-9a32-2f34a6e85eb8|127.0.0.1:15055]|listeners:[], old=null}
2025-07-05 15:49:57,077 [grpc-default-executor-1] INFO  server.RaftServer$Division (RaftServerImpl.java:lambda$close$1(527)) - 694b616d-7f52-4b82-b07e-10398eb153c5@group-C1D084BE788E: shutdown
2025-07-05 15:49:57,077 [grpc-default-executor-1] INFO  util.JmxRegister (JmxRegister.java:unregister(74)) - Successfully un-registered JMX Bean with object name Ratis:service=RaftServer,group=group-C1D084BE788E,id=694b616d-7f52-4b82-b07e-10398eb153c5
2025-07-05 15:49:57,077 [grpc-default-executor-1] INFO  impl.RoleInfo (RoleInfo.java:shutdownLeaderState(103)) - 694b616d-7f52-4b82-b07e-10398eb153c5: shutdown 694b616d-7f52-4b82-b07e-10398eb153c5@group-C1D084BE788E-LeaderStateImpl
2025-07-05 15:49:57,077 [694b616d-7f52-4b82-b07e-10398eb153c5@group-C1D084BE788E->2e56514c-0608-4198-9fed-b4eba4d3d686-GrpcLogAppender-LogAppenderDaemon] WARN  server.GrpcLogAppender (GrpcLogAppender.java:mayWait(300)) - 694b616d-7f52-4b82-b07e-10398eb153c5@group-C1D084BE788E->2e56514c-0608-4198-9fed-b4eba4d3d686-GrpcLogAppender: Wait interrupted by java.lang.InterruptedException
2025-07-05 15:49:57,077 [694b616d-7f52-4b82-b07e-10398eb153c5@group-C1D084BE788E->d3a92f5c-9e4a-48c5-9a32-2f34a6e85eb8-GrpcLogAppender-LogAppenderDaemon] WARN  server.GrpcLogAppender (GrpcLogAppender.java:mayWait(300)) - 694b616d-7f52-4b82-b07e-10398eb153c5@group-C1D084BE788E->d3a92f5c-9e4a-48c5-9a32-2f34a6e85eb8-GrpcLogAppender: Wait interrupted by java.lang.InterruptedException
2025-07-05 15:49:57,077 [grpc-default-executor-1] INFO  impl.PendingRequests (PendingRequests.java:sendNotLeaderResponses(287)) - 694b616d-7f52-4b82-b07e-10398eb153c5@group-C1D084BE788E-PendingRequests: sendNotLeaderResponses
2025-07-05 15:49:57,079 [null-request--thread2] INFO  server.GrpcClientProtocolService (GrpcClientProtocolService.java:lambda$processClientRequest$0(284)) - Failed RaftClientRequest:client-1AA9E86FE412->694b616d-7f52-4b82-b07e-10398eb153c5@group-C1D084BE788E, cid=176, seq=null, Watch-ALL_COMMITTED(15), Message:<EMPTY>, reply=RaftClientReply:client-1AA9E86FE412->694b616d-7f52-4b82-b07e-10398eb153c5@group-C1D084BE788E, cid=176, FAILED org.apache.ratis.protocol.exceptions.NotLeaderException: Server 694b616d-7f52-4b82-b07e-10398eb153c5@group-C1D084BE788E is not the leader, logIndex=0, commits[694b616d-7f52-4b82-b07e-10398eb153c5:c21]
2025-07-05 15:49:57,079 [grpc-default-executor-7] INFO  server.GrpcServerProtocolService (GrpcServerProtocolService.java:lambda$onCompleted$6(171)) - 2e56514c-0608-4198-9fed-b4eba4d3d686: Completed APPEND_ENTRIES, lastRequest: null 
2025-07-05 15:49:57,079 [grpc-default-executor-6] INFO  server.GrpcServerProtocolService (GrpcServerProtocolService.java:lambda$null$7(175)) - 2e56514c-0608-4198-9fed-b4eba4d3d686: Completed APPEND_ENTRIES, lastReply: null 
2025-07-05 15:49:57,080 [grpc-default-executor-1] INFO  impl.StateMachineUpdater (StateMachineUpdater.java:stopAndJoin(163)) - 694b616d-7f52-4b82-b07e-10398eb153c5@group-C1D084BE788E-StateMachineUpdater: set stopIndex = 21
2025-07-05 15:49:57,080 [694b616d-7f52-4b82-b07e-10398eb153c5@group-C1D084BE788E-StateMachineUpdater] INFO  ratis.ContainerStateMachine (ContainerStateMachine.java:takeSnapshot(427)) - group-C1D084BE788E: Taking a snapshot at:(t:1, i:21) file /home/runner/work/ozone/ozone/hadoop-ozone/integration-test/target/test-dir/MiniOzoneClusterImpl-0a3c97a5-d59a-4532-afef-c4940c4c02aa/ozone-meta/datanode-5/ratis/07c2a4b9-1a6d-4d20-b06e-c1d084be788e/sm/snapshot.1_21
2025-07-05 15:49:57,081 [grpc-default-executor-7] INFO  server.GrpcLogAppender (GrpcLogAppender.java:onCompleted(558)) - 694b616d-7f52-4b82-b07e-10398eb153c5@group-C1D084BE788E->2e56514c-0608-4198-9fed-b4eba4d3d686-AppendLogResponseHandler: follower responses appendEntries COMPLETED
2025-07-05 15:49:57,081 [grpc-default-executor-6] INFO  server.GrpcLogAppender (GrpcLogAppender.java:onCompleted(558)) - 694b616d-7f52-4b82-b07e-10398eb153c5@group-C1D084BE788E->2e56514c-0608-4198-9fed-b4eba4d3d686-AppendLogResponseHandler: follower responses appendEntries COMPLETED
2025-07-05 15:49:57,081 [694b616d-7f52-4b82-b07e-10398eb153c5@group-C1D084BE788E-StateMachineUpdater] INFO  ratis.ContainerStateMachine (ContainerStateMachine.java:takeSnapshot(436)) - group-C1D084BE788E: Finished taking a snapshot at:(t:1, i:21) file:/home/runner/work/ozone/ozone/hadoop-ozone/integration-test/target/test-dir/MiniOzoneClusterImpl-0a3c97a5-d59a-4532-afef-c4940c4c02aa/ozone-meta/datanode-5/ratis/07c2a4b9-1a6d-4d20-b06e-c1d084be788e/sm/snapshot.1_21 took: 1 ms
2025-07-05 15:49:57,082 [694b616d-7f52-4b82-b07e-10398eb153c5@group-C1D084BE788E-StateMachineUpdater] INFO  impl.SimpleStateMachineStorage (SimpleStateMachineStorage.java:lambda$cleanupOldSnapshots$1(126)) - Deleting old snapshot at /home/runner/work/ozone/ozone/hadoop-ozone/integration-test/target/test-dir/MiniOzoneClusterImpl-0a3c97a5-d59a-4532-afef-c4940c4c02aa/ozone-meta/datanode-5/ratis/07c2a4b9-1a6d-4d20-b06e-c1d084be788e/sm/snapshot.1_8
2025-07-05 15:49:57,082 [694b616d-7f52-4b82-b07e-10398eb153c5@group-C1D084BE788E-StateMachineUpdater] INFO  impl.StateMachineUpdater (StateMachineUpdater.java:takeSnapshot(307)) - 694b616d-7f52-4b82-b07e-10398eb153c5@group-C1D084BE788E-StateMachineUpdater: Took a snapshot at index 21
2025-07-05 15:49:57,082 [694b616d-7f52-4b82-b07e-10398eb153c5@group-C1D084BE788E-StateMachineUpdater] INFO  impl.StateMachineUpdater (StateMachineUpdater.java:lambda$new$0(101)) - 694b616d-7f52-4b82-b07e-10398eb153c5@group-C1D084BE788E-StateMachineUpdater: snapshotIndex: updateIncreasingly 17 -> 21
2025-07-05 15:49:57,082 [694b616d-7f52-4b82-b07e-10398eb153c5@group-C1D084BE788E-StateMachineUpdater] INFO  impl.StateMachineUpdater (StateMachineUpdater.java:stop(140)) - 694b616d-7f52-4b82-b07e-10398eb153c5@group-C1D084BE788E-StateMachineUpdater: closing ContainerStateMachine, lastApplied=(t:1, i:21)
2025-07-05 15:49:57,083 [694b616d-7f52-4b82-b07e-10398eb153c5@group-C1D084BE788E-cacheEviction-AwaitToRun] INFO  util.AwaitToRun (AwaitToRun.java:run(49)) - 694b616d-7f52-4b82-b07e-10398eb153c5@group-C1D084BE788E-cacheEviction-AwaitToRun-AwaitForSignal is interrupted
2025-07-05 15:49:57,240 [EventQueue-PipelineReportForPipelineReportHandler] INFO  pipeline.PipelineReportHandler (PipelineReportHandler.java:handlePipelineNotFoundException(98)) - Pipeline Pipeline-07c2a4b9-1a6d-4d20-b06e-c1d084be788e, reported by datanode 694b616d-7f52-4b82-b07e-10398eb153c5(localhost/127.0.0.1) is not found.
2025-07-05 15:49:57,246 [EventQueue-PipelineReportForPipelineReportHandler] INFO  pipeline.PipelineReportHandler (PipelineReportHandler.java:handlePipelineNotFoundException(98)) - Pipeline Pipeline-07c2a4b9-1a6d-4d20-b06e-c1d084be788e, reported by datanode 2e56514c-0608-4198-9fed-b4eba4d3d686(localhost/127.0.0.1) is not found.
2025-07-05 15:49:57,250 [grpc-default-executor-6] WARN  server.RaftServer (RaftServerProxy.java:remove(111)) - 694b616d-7f52-4b82-b07e-10398eb153c5: does not contain group: group-C1D084BE788E
2025-07-05 15:49:57,250 [grpc-default-executor-6] WARN  server.GrpcAdminProtocolService (GrpcAdminProtocolService.java:lambda$groupManagement$1(53)) - Failed groupManagement: GROUPREMOVE, GroupManagementRequest:client-2223F9B389A9->694b616d-7f52-4b82-b07e-10398eb153c5@group-C1D084BE788E, cid=184, seq=null, RW, null, Remove:group-C1D084BE788E, delete-dir
org.apache.ratis.protocol.exceptions.GroupMismatchException: 694b616d-7f52-4b82-b07e-10398eb153c5: Group group-C1D084BE788E not found.
	at org.apache.ratis.server.impl.RaftServerProxy.groupRemoveAsync(RaftServerProxy.java:548)
	at org.apache.ratis.server.impl.RaftServerProxy.groupManagementAsync(RaftServerProxy.java:499)
	at org.apache.ratis.grpc.server.GrpcAdminProtocolService.lambda$groupManagement$0(GrpcAdminProtocolService.java:51)
	at org.apache.ratis.grpc.GrpcUtil.asyncCall(GrpcUtil.java:172)
	at org.apache.ratis.grpc.server.GrpcAdminProtocolService.groupManagement(GrpcAdminProtocolService.java:51)
	at org.apache.ratis.proto.grpc.AdminProtocolServiceGrpc$MethodHandlers.invoke(AdminProtocolServiceGrpc.java:701)
	at org.apache.ratis.thirdparty.io.grpc.stub.ServerCalls$UnaryServerCallHandler$UnaryServerCallListener.onHalfClose(ServerCalls.java:182)
	at org.apache.ratis.thirdparty.io.grpc.internal.ServerCallImpl$ServerStreamListenerImpl.halfClosed(ServerCallImpl.java:356)
	at org.apache.ratis.thirdparty.io.grpc.internal.ServerImpl$JumpToApplicationThreadServerStreamListener$1HalfClosed.runInContext(ServerImpl.java:861)
	at org.apache.ratis.thirdparty.io.grpc.internal.ContextRunnable.run(ContextRunnable.java:37)
	at org.apache.ratis.thirdparty.io.grpc.internal.SerializingExecutor.run(SerializingExecutor.java:133)
	at java.base/java.util.concurrent.ThreadPoolExecutor.runWorker(ThreadPoolExecutor.java:1144)
	at java.base/java.util.concurrent.ThreadPoolExecutor$Worker.run(ThreadPoolExecutor.java:642)
	at java.base/java.lang.Thread.run(Thread.java:1583)
2025-07-05 15:49:57,255 [grpc-default-executor-6] INFO  server.RaftServer (RaftServerProxy.java:remove(116)) - d3a92f5c-9e4a-48c5-9a32-2f34a6e85eb8: remove  FOLLOWER (RUNNING): d3a92f5c-9e4a-48c5-9a32-2f34a6e85eb8@group-C1D084BE788E:t1, leader=694b616d-7f52-4b82-b07e-10398eb153c5, voted=694b616d-7f52-4b82-b07e-10398eb153c5, raftlog=Memoized:d3a92f5c-9e4a-48c5-9a32-2f34a6e85eb8@group-C1D084BE788E-SegmentedRaftLog:OPENED:c13:last(t:1, i:14), conf=conf: {index: 0, cur=peers:[694b616d-7f52-4b82-b07e-10398eb153c5|127.0.0.1:15047, 2e56514c-0608-4198-9fed-b4eba4d3d686|127.0.0.1:15039, d3a92f5c-9e4a-48c5-9a32-2f34a6e85eb8|127.0.0.1:15055]|listeners:[], old=null}
2025-07-05 15:49:57,255 [grpc-default-executor-6] INFO  server.RaftServer$Division (RaftServerImpl.java:lambda$close$1(527)) - d3a92f5c-9e4a-48c5-9a32-2f34a6e85eb8@group-C1D084BE788E: shutdown
2025-07-05 15:49:57,255 [grpc-default-executor-6] INFO  util.JmxRegister (JmxRegister.java:unregister(74)) - Successfully un-registered JMX Bean with object name Ratis:service=RaftServer,group=group-C1D084BE788E,id=d3a92f5c-9e4a-48c5-9a32-2f34a6e85eb8
2025-07-05 15:49:57,255 [grpc-default-executor-6] INFO  impl.RoleInfo (RoleInfo.java:shutdownFollowerState(121)) - d3a92f5c-9e4a-48c5-9a32-2f34a6e85eb8: shutdown d3a92f5c-9e4a-48c5-9a32-2f34a6e85eb8@group-C1D084BE788E-FollowerState
2025-07-05 15:49:57,255 [grpc-default-executor-6] INFO  impl.StateMachineUpdater (StateMachineUpdater.java:stopAndJoin(163)) - d3a92f5c-9e4a-48c5-9a32-2f34a6e85eb8@group-C1D084BE788E-StateMachineUpdater: set stopIndex = 13
2025-07-05 15:49:57,255 [d3a92f5c-9e4a-48c5-9a32-2f34a6e85eb8@group-C1D084BE788E-StateMachineUpdater] ERROR ratis.ContainerStateMachine (ContainerStateMachine.java:takeSnapshot(421)) - Failed to take snapshot  for group-C1D084BE788E as the stateMachine is unhealthy. The last applied index is at (t:1, i:13)
2025-07-05 15:49:57,255 [d3a92f5c-9e4a-48c5-9a32-2f34a6e85eb8@group-C1D084BE788E-StateMachineUpdater] ERROR impl.StateMachineUpdater (StateMachineUpdater.java:takeSnapshot(302)) - d3a92f5c-9e4a-48c5-9a32-2f34a6e85eb8@group-C1D084BE788E-StateMachineUpdater: Failed to take snapshot
org.apache.ratis.protocol.exceptions.StateMachineException: Failed to take snapshot  for group-C1D084BE788E as the stateMachine is unhealthy. The last applied index is at (t:1, i:13)
	at org.apache.hadoop.ozone.container.common.transport.server.ratis.ContainerStateMachine.takeSnapshot(ContainerStateMachine.java:420)
	at org.apache.ratis.server.impl.StateMachineUpdater.takeSnapshot(StateMachineUpdater.java:290)
	at org.apache.ratis.server.impl.StateMachineUpdater.checkAndTakeSnapshot(StateMachineUpdater.java:281)
	at org.apache.ratis.server.impl.StateMachineUpdater.run(StateMachineUpdater.java:194)
	at java.base/java.lang.Thread.run(Thread.java:1583)
2025-07-05 15:49:57,255 [d3a92f5c-9e4a-48c5-9a32-2f34a6e85eb8@group-C1D084BE788E-FollowerState] INFO  impl.FollowerState (FollowerState.java:runImpl(170)) - d3a92f5c-9e4a-48c5-9a32-2f34a6e85eb8@group-C1D084BE788E-FollowerState was interrupted
2025-07-05 15:49:57,256 [d3a92f5c-9e4a-48c5-9a32-2f34a6e85eb8@group-C1D084BE788E-StateMachineUpdater] INFO  impl.StateMachineUpdater (StateMachineUpdater.java:stop(140)) - d3a92f5c-9e4a-48c5-9a32-2f34a6e85eb8@group-C1D084BE788E-StateMachineUpdater: closing ContainerStateMachine, lastApplied=(t:1, i:13)
2025-07-05 15:49:57,257 [d3a92f5c-9e4a-48c5-9a32-2f34a6e85eb8@group-C1D084BE788E-cacheEviction-AwaitToRun] INFO  util.AwaitToRun (AwaitToRun.java:run(49)) - d3a92f5c-9e4a-48c5-9a32-2f34a6e85eb8@group-C1D084BE788E-cacheEviction-AwaitToRun-AwaitForSignal is interrupted
2025-07-05 15:49:57,265 [grpc-default-executor-6] INFO  segmented.SegmentedRaftLogWorker (SegmentedRaftLogWorker.java:close(254)) - d3a92f5c-9e4a-48c5-9a32-2f34a6e85eb8@group-C1D084BE788E-SegmentedRaftLogWorker close()
2025-07-05 15:49:57,267 [grpc-default-executor-6] INFO  keyvalue.KeyValueContainer (KeyValueContainer.java:flushAndSyncDB(514)) - Synced container: KeyValueContainerData #3 (CLOSING, non-empty, ri=0, origin=[dn_d3a92f5c-9e4a-48c5-9a32-2f34a6e85eb8, pipeline_07c2a4b9-1a6d-4d20-b06e-c1d084be788e])
2025-07-05 15:49:57,267 [grpc-default-executor-6] INFO  keyvalue.KeyValueContainer (KeyValueContainer.java:flushAndSyncDB(514)) - Synced container: KeyValueContainerData #3 (CLOSING, non-empty, ri=0, origin=[dn_d3a92f5c-9e4a-48c5-9a32-2f34a6e85eb8, pipeline_07c2a4b9-1a6d-4d20-b06e-c1d084be788e])
2025-07-05 15:49:57,271 [EventQueue-PipelineReportForPipelineReportHandler] INFO  pipeline.PipelineReportHandler (PipelineReportHandler.java:handlePipelineNotFoundException(98)) - Pipeline Pipeline-07c2a4b9-1a6d-4d20-b06e-c1d084be788e, reported by datanode d3a92f5c-9e4a-48c5-9a32-2f34a6e85eb8(localhost/127.0.0.1) is not found.
2025-07-05 15:49:57,271 [grpc-default-executor-6] INFO  server.RaftServer$Division (RaftServerImpl.java:groupRemove(497)) - d3a92f5c-9e4a-48c5-9a32-2f34a6e85eb8@group-C1D084BE788E: Succeed to remove RaftStorageDirectory Storage Directory /home/runner/work/ozone/ozone/hadoop-ozone/integration-test/target/test-dir/MiniOzoneClusterImpl-0a3c97a5-d59a-4532-afef-c4940c4c02aa/ozone-meta/datanode-6/ratis/07c2a4b9-1a6d-4d20-b06e-c1d084be788e
2025-07-05 15:49:57,273 [2e56514c-0608-4198-9fed-b4eba4d3d686-PipelineCommandHandlerThread-0] INFO  server.RaftServer (RaftServerProxy.java:remove(116)) - 2e56514c-0608-4198-9fed-b4eba4d3d686: remove  FOLLOWER (RUNNING): 2e56514c-0608-4198-9fed-b4eba4d3d686@group-C1D084BE788E:t1, leader=694b616d-7f52-4b82-b07e-10398eb153c5, voted=694b616d-7f52-4b82-b07e-10398eb153c5, raftlog=Memoized:2e56514c-0608-4198-9fed-b4eba4d3d686@group-C1D084BE788E-SegmentedRaftLog:OPENED:c21:last(t:1, i:21), conf=conf: {index: 0, cur=peers:[694b616d-7f52-4b82-b07e-10398eb153c5|127.0.0.1:15047, 2e56514c-0608-4198-9fed-b4eba4d3d686|127.0.0.1:15039, d3a92f5c-9e4a-48c5-9a32-2f34a6e85eb8|127.0.0.1:15055]|listeners:[], old=null}
2025-07-05 15:49:57,273 [2e56514c-0608-4198-9fed-b4eba4d3d686-PipelineCommandHandlerThread-0] INFO  server.RaftServer$Division (RaftServerImpl.java:lambda$close$1(527)) - 2e56514c-0608-4198-9fed-b4eba4d3d686@group-C1D084BE788E: shutdown
2025-07-05 15:49:57,273 [2e56514c-0608-4198-9fed-b4eba4d3d686-PipelineCommandHandlerThread-0] INFO  util.JmxRegister (JmxRegister.java:unregister(74)) - Successfully un-registered JMX Bean with object name Ratis:service=RaftServer,group=group-C1D084BE788E,id=2e56514c-0608-4198-9fed-b4eba4d3d686
2025-07-05 15:49:57,273 [2e56514c-0608-4198-9fed-b4eba4d3d686-PipelineCommandHandlerThread-0] INFO  impl.RoleInfo (RoleInfo.java:shutdownFollowerState(121)) - 2e56514c-0608-4198-9fed-b4eba4d3d686: shutdown 2e56514c-0608-4198-9fed-b4eba4d3d686@group-C1D084BE788E-FollowerState
2025-07-05 15:49:57,273 [2e56514c-0608-4198-9fed-b4eba4d3d686-PipelineCommandHandlerThread-0] INFO  impl.StateMachineUpdater (StateMachineUpdater.java:stopAndJoin(163)) - 2e56514c-0608-4198-9fed-b4eba4d3d686@group-C1D084BE788E-StateMachineUpdater: set stopIndex = 21
2025-07-05 15:49:57,273 [2e56514c-0608-4198-9fed-b4eba4d3d686@group-C1D084BE788E-FollowerState] INFO  impl.FollowerState (FollowerState.java:runImpl(170)) - 2e56514c-0608-4198-9fed-b4eba4d3d686@group-C1D084BE788E-FollowerState was interrupted
2025-07-05 15:49:57,273 [2e56514c-0608-4198-9fed-b4eba4d3d686@group-C1D084BE788E-StateMachineUpdater] INFO  impl.StateMachineUpdater (StateMachineUpdater.java:stop(140)) - 2e56514c-0608-4198-9fed-b4eba4d3d686@group-C1D084BE788E-StateMachineUpdater: closing ContainerStateMachine, lastApplied=(t:1, i:21)
2025-07-05 15:49:57,274 [2e56514c-0608-4198-9fed-b4eba4d3d686@group-C1D084BE788E-cacheEviction-AwaitToRun] INFO  util.AwaitToRun (AwaitToRun.java:run(49)) - 2e56514c-0608-4198-9fed-b4eba4d3d686@group-C1D084BE788E-cacheEviction-AwaitToRun-AwaitForSignal is interrupted
2025-07-05 15:49:57,629 [grpc-default-executor-1] INFO  segmented.SegmentedRaftLogWorker (SegmentedRaftLogWorker.java:close(254)) - 694b616d-7f52-4b82-b07e-10398eb153c5@group-C1D084BE788E-SegmentedRaftLogWorker close()
2025-07-05 15:49:57,630 [grpc-default-executor-1] INFO  server.RaftServer$Division (RaftServerImpl.java:groupRemove(497)) - 694b616d-7f52-4b82-b07e-10398eb153c5@group-C1D084BE788E: Succeed to remove RaftStorageDirectory Storage Directory /home/runner/work/ozone/ozone/hadoop-ozone/integration-test/target/test-dir/MiniOzoneClusterImpl-0a3c97a5-d59a-4532-afef-c4940c4c02aa/ozone-meta/datanode-5/ratis/07c2a4b9-1a6d-4d20-b06e-c1d084be788e
2025-07-05 15:49:57,631 [2e56514c-0608-4198-9fed-b4eba4d3d686-PipelineCommandHandlerThread-0] INFO  segmented.SegmentedRaftLogWorker (SegmentedRaftLogWorker.java:close(254)) - 2e56514c-0608-4198-9fed-b4eba4d3d686@group-C1D084BE788E-SegmentedRaftLogWorker close()
2025-07-05 15:49:57,632 [2e56514c-0608-4198-9fed-b4eba4d3d686-PipelineCommandHandlerThread-0] INFO  server.RaftServer$Division (RaftServerImpl.java:groupRemove(497)) - 2e56514c-0608-4198-9fed-b4eba4d3d686@group-C1D084BE788E: Succeed to remove RaftStorageDirectory Storage Directory /home/runner/work/ozone/ozone/hadoop-ozone/integration-test/target/test-dir/MiniOzoneClusterImpl-0a3c97a5-d59a-4532-afef-c4940c4c02aa/ozone-meta/datanode-4/ratis/07c2a4b9-1a6d-4d20-b06e-c1d084be788e
2025-07-05 15:49:57,632 [2e56514c-0608-4198-9fed-b4eba4d3d686-PipelineCommandHandlerThread-0] INFO  commandhandler.ClosePipelineCommandHandler (ClosePipelineCommandHandler.java:lambda$handle$2(142)) - Close Pipeline Pipeline-07c2a4b9-1a6d-4d20-b06e-c1d084be788e command on datanode 2e56514c-0608-4198-9fed-b4eba4d3d686(localhost/127.0.0.1).
2025-07-05 15:49:57,636 [grpc-default-executor-1] WARN  server.RaftServer (RaftServerProxy.java:remove(111)) - 2e56514c-0608-4198-9fed-b4eba4d3d686: does not contain group: group-C1D084BE788E
2025-07-05 15:49:57,637 [grpc-default-executor-1] WARN  server.GrpcAdminProtocolService (GrpcAdminProtocolService.java:lambda$groupManagement$1(53)) - Failed groupManagement: GROUPREMOVE, GroupManagementRequest:client-E8DD3FE9C933->2e56514c-0608-4198-9fed-b4eba4d3d686@group-C1D084BE788E, cid=186, seq=null, RW, null, Remove:group-C1D084BE788E, delete-dir
org.apache.ratis.protocol.exceptions.GroupMismatchException: 2e56514c-0608-4198-9fed-b4eba4d3d686: Group group-C1D084BE788E not found.
	at org.apache.ratis.server.impl.RaftServerProxy.groupRemoveAsync(RaftServerProxy.java:548)
	at org.apache.ratis.server.impl.RaftServerProxy.groupManagementAsync(RaftServerProxy.java:499)
	at org.apache.ratis.grpc.server.GrpcAdminProtocolService.lambda$groupManagement$0(GrpcAdminProtocolService.java:51)
	at org.apache.ratis.grpc.GrpcUtil.asyncCall(GrpcUtil.java:172)
	at org.apache.ratis.grpc.server.GrpcAdminProtocolService.groupManagement(GrpcAdminProtocolService.java:51)
	at org.apache.ratis.proto.grpc.AdminProtocolServiceGrpc$MethodHandlers.invoke(AdminProtocolServiceGrpc.java:701)
	at org.apache.ratis.thirdparty.io.grpc.stub.ServerCalls$UnaryServerCallHandler$UnaryServerCallListener.onHalfClose(ServerCalls.java:182)
	at org.apache.ratis.thirdparty.io.grpc.internal.ServerCallImpl$ServerStreamListenerImpl.halfClosed(ServerCallImpl.java:356)
	at org.apache.ratis.thirdparty.io.grpc.internal.ServerImpl$JumpToApplicationThreadServerStreamListener$1HalfClosed.runInContext(ServerImpl.java:861)
	at org.apache.ratis.thirdparty.io.grpc.internal.ContextRunnable.run(ContextRunnable.java:37)
	at org.apache.ratis.thirdparty.io.grpc.internal.SerializingExecutor.run(SerializingExecutor.java:133)
	at java.base/java.util.concurrent.ThreadPoolExecutor.runWorker(ThreadPoolExecutor.java:1144)
	at java.base/java.util.concurrent.ThreadPoolExecutor$Worker.run(ThreadPoolExecutor.java:642)
	at java.base/java.lang.Thread.run(Thread.java:1583)
2025-07-05 15:49:57,640 [d3a92f5c-9e4a-48c5-9a32-2f34a6e85eb8-PipelineCommandHandlerThread-0] WARN  server.RaftServer (RaftServerProxy.java:remove(111)) - d3a92f5c-9e4a-48c5-9a32-2f34a6e85eb8: does not contain group: group-C1D084BE788E
2025-07-05 15:50:02,079 [timer4] INFO  server.GrpcServerProtocolService (GrpcServerProtocolService.java:lambda$null$7(175)) - 2e56514c-0608-4198-9fed-b4eba4d3d686: Completed APPEND_ENTRIES, lastReply: serverReply {
  requestorId: "694b616d-7f52-4b82-b07e-10398eb153c5"
  replyId: "2e56514c-0608-4198-9fed-b4eba4d3d686"
  raftGroupId {
    id: "\a\302\244\271\032mM \260n\301\320\204\276x\216"
  }
  callId: 76
  success: true
}
term: 1
nextIndex: 22
followerCommit: 21
matchIndex: 18446744073709551615
isHearbeat: true
  (Repeated 2 times in the last 5.000s)
2025-07-05 15:50:02,080 [timer3] INFO  server.GrpcServerProtocolService (GrpcServerProtocolService.java:lambda$onCompleted$6(171)) - 2e56514c-0608-4198-9fed-b4eba4d3d686: Completed APPEND_ENTRIES, lastRequest: 694b616d-7f52-4b82-b07e-10398eb153c5->2e56514c-0608-4198-9fed-b4eba4d3d686#74-t1,previous=(t:1, i:20),leaderCommit=20,initializing? false,entries: size=1, first=(t:1, i:21), METADATAENTRY(c:19)  (Repeated 2 times in the last 5.000s)
2025-07-05 15:50:03,153 [ForkJoinPool.commonPool-worker-1] WARN  scm.XceiverClientRatis (XceiverClientRatis.java:lambda$watchForCommit$6(313)) - ALL_COMMITTED way commit failed on pipeline Pipeline{ Id: 07c2a4b9-1a6d-4d20-b06e-c1d084be788e, Nodes: [ {d3a92f5c-9e4a-48c5-9a32-2f34a6e85eb8(localhost/127.0.0.1), ReplicaIndex: 0}, {694b616d-7f52-4b82-b07e-10398eb153c5(localhost/127.0.0.1), ReplicaIndex: 0}, {2e56514c-0608-4198-9fed-b4eba4d3d686(localhost/127.0.0.1), ReplicaIndex: 0},], ReplicationConfig: RATIS/THREE, State:OPEN, leaderId:694b616d-7f52-4b82-b07e-10398eb153c5, CreationTimestamp2025-07-05T15:48:26.863Z[Etc/UTC]}
java.util.concurrent.CompletionException: org.apache.ratis.protocol.exceptions.RaftRetryFailureException: Failed RaftClientRequest:client-1AA9E86FE412->d3a92f5c-9e4a-48c5-9a32-2f34a6e85eb8@group-C1D084BE788E, cid=176, seq=null, Watch-ALL_COMMITTED(15), null for 2 attempts with RequestTypeDependentRetryPolicy{WRITE->ExceptionDependentRetry(maxAttempts=2147483647; defaultPolicy=MultipleLinearRandomRetry[5x5s, 5x10s, 5x15s, 5x20s, 5x25s, 10x60s]; map={org.apache.ratis.protocol.exceptions.GroupMismatchException->NoRetry, org.apache.ratis.protocol.exceptions.NotReplicatedException->NoRetry, org.apache.ratis.protocol.exceptions.ResourceUnavailableException->org.apache.ratis.retry.ExponentialBackoffRetry@5339780a, org.apache.ratis.protocol.exceptions.StateMachineException->NoRetry, org.apache.ratis.protocol.exceptions.TimeoutIOException->org.apache.ratis.retry.ExponentialBackoffRetry@5339780a}), WATCH->ExceptionDependentRetry(maxAttempts=2147483647; defaultPolicy=MultipleLinearRandomRetry[5x5s, 5x10s, 5x15s, 5x20s, 5x25s, 10x60s]; map={org.apache.ratis.protocol.exceptions.GroupMismatchException->NoRetry, org.apache.ratis.protocol.exceptions.NotReplicatedException->NoRetry, org.apache.ratis.protocol.exceptions.ResourceUnavailableException->org.apache.ratis.retry.ExponentialBackoffRetry@5339780a, org.apache.ratis.protocol.exceptions.StateMachineException->NoRetry, org.apache.ratis.protocol.exceptions.TimeoutIOException->NoRetry})}
	at java.base/java.util.concurrent.CompletableFuture.encodeThrowable(CompletableFuture.java:332)
	at java.base/java.util.concurrent.CompletableFuture.completeThrowable(CompletableFuture.java:347)
	at java.base/java.util.concurrent.CompletableFuture$UniApply.tryFire(CompletableFuture.java:636)
	at java.base/java.util.concurrent.CompletableFuture.postComplete(CompletableFuture.java:510)
	at java.base/java.util.concurrent.CompletableFuture.completeExceptionally(CompletableFuture.java:2194)
	at org.apache.ratis.client.impl.UnorderedAsync.lambda$sendRequestWithRetry$4(UnorderedAsync.java:102)
	at java.base/java.util.concurrent.CompletableFuture.uniWhenComplete(CompletableFuture.java:863)
	at java.base/java.util.concurrent.CompletableFuture$UniWhenComplete.tryFire(CompletableFuture.java:841)
	at java.base/java.util.concurrent.CompletableFuture$Completion.exec(CompletableFuture.java:483)
	at java.base/java.util.concurrent.ForkJoinTask.doExec(ForkJoinTask.java:387)
	at java.base/java.util.concurrent.ForkJoinPool$WorkQueue.topLevelExec(ForkJoinPool.java:1312)
	at java.base/java.util.concurrent.ForkJoinPool.scan(ForkJoinPool.java:1843)
	at java.base/java.util.concurrent.ForkJoinPool.runWorker(ForkJoinPool.java:1808)
	at java.base/java.util.concurrent.ForkJoinWorkerThread.run(ForkJoinWorkerThread.java:188)
Caused by: org.apache.ratis.protocol.exceptions.RaftRetryFailureException: Failed RaftClientRequest:client-1AA9E86FE412->d3a92f5c-9e4a-48c5-9a32-2f34a6e85eb8@group-C1D084BE788E, cid=176, seq=null, Watch-ALL_COMMITTED(15), null for 2 attempts with RequestTypeDependentRetryPolicy{WRITE->ExceptionDependentRetry(maxAttempts=2147483647; defaultPolicy=MultipleLinearRandomRetry[5x5s, 5x10s, 5x15s, 5x20s, 5x25s, 10x60s]; map={org.apache.ratis.protocol.exceptions.GroupMismatchException->NoRetry, org.apache.ratis.protocol.exceptions.NotReplicatedException->NoRetry, org.apache.ratis.protocol.exceptions.ResourceUnavailableException->org.apache.ratis.retry.ExponentialBackoffRetry@5339780a, org.apache.ratis.protocol.exceptions.StateMachineException->NoRetry, org.apache.ratis.protocol.exceptions.TimeoutIOException->org.apache.ratis.retry.ExponentialBackoffRetry@5339780a}), WATCH->ExceptionDependentRetry(maxAttempts=2147483647; defaultPolicy=MultipleLinearRandomRetry[5x5s, 5x10s, 5x15s, 5x20s, 5x25s, 10x60s]; map={org.apache.ratis.protocol.exceptions.GroupMismatchException->NoRetry, org.apache.ratis.protocol.exceptions.NotReplicatedException->NoRetry, org.apache.ratis.protocol.exceptions.ResourceUnavailableException->org.apache.ratis.retry.ExponentialBackoffRetry@5339780a, org.apache.ratis.protocol.exceptions.StateMachineException->NoRetry, org.apache.ratis.protocol.exceptions.TimeoutIOException->NoRetry})}
	at org.apache.ratis.client.impl.RaftClientImpl.noMoreRetries(RaftClientImpl.java:352)
	... 9 more
Caused by: org.apache.ratis.protocol.exceptions.GroupMismatchException: d3a92f5c-9e4a-48c5-9a32-2f34a6e85eb8: group-C1D084BE788E not found.
	at org.apache.ratis.server.impl.RaftServerProxy$ImplMap.get(RaftServerProxy.java:160)
	at org.apache.ratis.server.impl.RaftServerProxy.getImplFuture(RaftServerProxy.java:370)
	at org.apache.ratis.server.impl.RaftServerProxy.submitClientRequestAsync(RaftServerProxy.java:455)
	at org.apache.ratis.grpc.server.GrpcClientProtocolService$RequestStreamObserver.processClientRequest(GrpcClientProtocolService.java:226)
	at org.apache.ratis.grpc.server.GrpcClientProtocolService$UnorderedRequestStreamObserver.processClientRequest(GrpcClientProtocolService.java:282)
	at org.apache.ratis.grpc.server.GrpcClientProtocolService$RequestStreamObserver.onNext(GrpcClientProtocolService.java:246)
	at org.apache.ratis.grpc.server.GrpcClientProtocolService$RequestStreamObserver.onNext(GrpcClientProtocolService.java:169)
	at org.apache.ratis.thirdparty.io.grpc.stub.ServerCalls$StreamingServerCallHandler$StreamingServerCallListener.onMessage(ServerCalls.java:262)
	at org.apache.ratis.thirdparty.io.grpc.internal.ServerCallImpl$ServerStreamListenerImpl.messagesAvailableInternal(ServerCallImpl.java:334)
	at org.apache.ratis.thirdparty.io.grpc.internal.ServerCallImpl$ServerStreamListenerImpl.messagesAvailable(ServerCallImpl.java:319)
	at org.apache.ratis.thirdparty.io.grpc.internal.ServerImpl$JumpToApplicationThreadServerStreamListener$1MessagesAvailable.runInContext(ServerImpl.java:834)
	at org.apache.ratis.thirdparty.io.grpc.internal.ContextRunnable.run(ContextRunnable.java:37)
	at org.apache.ratis.thirdparty.io.grpc.internal.SerializingExecutor.run(SerializingExecutor.java:133)
	at java.base/java.util.concurrent.ThreadPoolExecutor.runWorker(ThreadPoolExecutor.java:1144)
	at java.base/java.util.concurrent.ThreadPoolExecutor$Worker.run(ThreadPoolExecutor.java:642)
	at java.base/java.lang.Thread.run(Thread.java:1583)
2025-07-05 15:50:03,154 [main] ERROR storage.BlockOutputStream (BlockOutputStream.java:handleFlush(689)) - Failed to flush. error: Unexpected Storage Container Exception: java.util.concurrent.CompletionException: org.apache.ratis.protocol.exceptions.RaftRetryFailureException: Failed RaftClientRequest:client-1AA9E86FE412->d3a92f5c-9e4a-48c5-9a32-2f34a6e85eb8@group-C1D084BE788E, cid=176, seq=null, Watch-ALL_COMMITTED(15), null for 2 attempts with RequestTypeDependentRetryPolicy{WRITE->ExceptionDependentRetry(maxAttempts=2147483647; defaultPolicy=MultipleLinearRandomRetry[5x5s, 5x10s, 5x15s, 5x20s, 5x25s, 10x60s]; map={org.apache.ratis.protocol.exceptions.GroupMismatchException->NoRetry, org.apache.ratis.protocol.exceptions.NotReplicatedException->NoRetry, org.apache.ratis.protocol.exceptions.ResourceUnavailableException->org.apache.ratis.retry.ExponentialBackoffRetry@5339780a, org.apache.ratis.protocol.exceptions.StateMachineException->NoRetry, org.apache.ratis.protocol.exceptions.TimeoutIOException->org.apache.ratis.retry.ExponentialBackoffRetry@5339780a}), WATCH->ExceptionDependentRetry(maxAttempts=2147483647; defaultPolicy=MultipleLinearRandomRetry[5x5s, 5x10s, 5x15s, 5x20s, 5x25s, 10x60s]; map={org.apache.ratis.protocol.exceptions.GroupMismatchException->NoRetry, org.apache.ratis.protocol.exceptions.NotReplicatedException->NoRetry, org.apache.ratis.protocol.exceptions.ResourceUnavailableException->org.apache.ratis.retry.ExponentialBackoffRetry@5339780a, org.apache.ratis.protocol.exceptions.StateMachineException->NoRetry, org.apache.ratis.protocol.exceptions.TimeoutIOException->NoRetry})}
java.io.IOException: Unexpected Storage Container Exception: java.util.concurrent.CompletionException: org.apache.ratis.protocol.exceptions.RaftRetryFailureException: Failed RaftClientRequest:client-1AA9E86FE412->d3a92f5c-9e4a-48c5-9a32-2f34a6e85eb8@group-C1D084BE788E, cid=176, seq=null, Watch-ALL_COMMITTED(15), null for 2 attempts with RequestTypeDependentRetryPolicy{WRITE->ExceptionDependentRetry(maxAttempts=2147483647; defaultPolicy=MultipleLinearRandomRetry[5x5s, 5x10s, 5x15s, 5x20s, 5x25s, 10x60s]; map={org.apache.ratis.protocol.exceptions.GroupMismatchException->NoRetry, org.apache.ratis.protocol.exceptions.NotReplicatedException->NoRetry, org.apache.ratis.protocol.exceptions.ResourceUnavailableException->org.apache.ratis.retry.ExponentialBackoffRetry@5339780a, org.apache.ratis.protocol.exceptions.StateMachineException->NoRetry, org.apache.ratis.protocol.exceptions.TimeoutIOException->org.apache.ratis.retry.ExponentialBackoffRetry@5339780a}), WATCH->ExceptionDependentRetry(maxAttempts=2147483647; defaultPolicy=MultipleLinearRandomRetry[5x5s, 5x10s, 5x15s, 5x20s, 5x25s, 10x60s]; map={org.apache.ratis.protocol.exceptions.GroupMismatchException->NoRetry, org.apache.ratis.protocol.exceptions.NotReplicatedException->NoRetry, org.apache.ratis.protocol.exceptions.ResourceUnavailableException->org.apache.ratis.retry.ExponentialBackoffRetry@5339780a, org.apache.ratis.protocol.exceptions.StateMachineException->NoRetry, org.apache.ratis.protocol.exceptions.TimeoutIOException->NoRetry})}
	at org.apache.hadoop.hdds.scm.storage.BlockOutputStream.setIoException(BlockOutputStream.java:825)
	at org.apache.hadoop.hdds.scm.storage.BlockOutputStream.lambda$watchForCommit$3(BlockOutputStream.java:540)
	at java.base/java.util.concurrent.CompletableFuture.uniExceptionally(CompletableFuture.java:990)
	at java.base/java.util.concurrent.CompletableFuture$UniExceptionally.tryFire(CompletableFuture.java:974)
	at java.base/java.util.concurrent.CompletableFuture.postComplete(CompletableFuture.java:510)
	at java.base/java.util.concurrent.CompletableFuture.completeExceptionally(CompletableFuture.java:2194)
	at org.apache.hadoop.hdds.scm.XceiverClientRatis.lambda$watchForCommit$6(XceiverClientRatis.java:329)
	at java.base/java.util.concurrent.CompletableFuture.uniExceptionally(CompletableFuture.java:990)
	at java.base/java.util.concurrent.CompletableFuture$UniExceptionally.tryFire(CompletableFuture.java:974)
	at java.base/java.util.concurrent.CompletableFuture.postComplete(CompletableFuture.java:510)
	at java.base/java.util.concurrent.CompletableFuture.completeExceptionally(CompletableFuture.java:2194)
	at org.apache.ratis.client.impl.UnorderedAsync.lambda$sendRequestWithRetry$4(UnorderedAsync.java:102)
	at java.base/java.util.concurrent.CompletableFuture.uniWhenComplete(CompletableFuture.java:863)
	at java.base/java.util.concurrent.CompletableFuture$UniWhenComplete.tryFire(CompletableFuture.java:841)
	at java.base/java.util.concurrent.CompletableFuture$Completion.exec(CompletableFuture.java:483)
	at java.base/java.util.concurrent.ForkJoinTask.doExec(ForkJoinTask.java:387)
	at java.base/java.util.concurrent.ForkJoinPool$WorkQueue.topLevelExec(ForkJoinPool.java:1312)
	at java.base/java.util.concurrent.ForkJoinPool.scan(ForkJoinPool.java:1843)
	at java.base/java.util.concurrent.ForkJoinPool.runWorker(ForkJoinPool.java:1808)
	at java.base/java.util.concurrent.ForkJoinWorkerThread.run(ForkJoinWorkerThread.java:188)
Caused by: java.util.concurrent.CompletionException: org.apache.ratis.protocol.exceptions.RaftRetryFailureException: Failed RaftClientRequest:client-1AA9E86FE412->d3a92f5c-9e4a-48c5-9a32-2f34a6e85eb8@group-C1D084BE788E, cid=176, seq=null, Watch-ALL_COMMITTED(15), null for 2 attempts with RequestTypeDependentRetryPolicy{WRITE->ExceptionDependentRetry(maxAttempts=2147483647; defaultPolicy=MultipleLinearRandomRetry[5x5s, 5x10s, 5x15s, 5x20s, 5x25s, 10x60s]; map={org.apache.ratis.protocol.exceptions.GroupMismatchException->NoRetry, org.apache.ratis.protocol.exceptions.NotReplicatedException->NoRetry, org.apache.ratis.protocol.exceptions.ResourceUnavailableException->org.apache.ratis.retry.ExponentialBackoffRetry@5339780a, org.apache.ratis.protocol.exceptions.StateMachineException->NoRetry, org.apache.ratis.protocol.exceptions.TimeoutIOException->org.apache.ratis.retry.ExponentialBackoffRetry@5339780a}), WATCH->ExceptionDependentRetry(maxAttempts=2147483647; defaultPolicy=MultipleLinearRandomRetry[5x5s, 5x10s, 5x15s, 5x20s, 5x25s, 10x60s]; map={org.apache.ratis.protocol.exceptions.GroupMismatchException->NoRetry, org.apache.ratis.protocol.exceptions.NotReplicatedException->NoRetry, org.apache.ratis.protocol.exceptions.ResourceUnavailableException->org.apache.ratis.retry.ExponentialBackoffRetry@5339780a, org.apache.ratis.protocol.exceptions.StateMachineException->NoRetry, org.apache.ratis.protocol.exceptions.TimeoutIOException->NoRetry})}
	at java.base/java.util.concurrent.CompletableFuture.encodeThrowable(CompletableFuture.java:332)
	at java.base/java.util.concurrent.CompletableFuture.completeThrowable(CompletableFuture.java:347)
	at java.base/java.util.concurrent.CompletableFuture$UniApply.tryFire(CompletableFuture.java:636)
	... 11 more
Caused by: org.apache.ratis.protocol.exceptions.RaftRetryFailureException: Failed RaftClientRequest:client-1AA9E86FE412->d3a92f5c-9e4a-48c5-9a32-2f34a6e85eb8@group-C1D084BE788E, cid=176, seq=null, Watch-ALL_COMMITTED(15), null for 2 attempts with RequestTypeDependentRetryPolicy{WRITE->ExceptionDependentRetry(maxAttempts=2147483647; defaultPolicy=MultipleLinearRandomRetry[5x5s, 5x10s, 5x15s, 5x20s, 5x25s, 10x60s]; map={org.apache.ratis.protocol.exceptions.GroupMismatchException->NoRetry, org.apache.ratis.protocol.exceptions.NotReplicatedException->NoRetry, org.apache.ratis.protocol.exceptions.ResourceUnavailableException->org.apache.ratis.retry.ExponentialBackoffRetry@5339780a, org.apache.ratis.protocol.exceptions.StateMachineException->NoRetry, org.apache.ratis.protocol.exceptions.TimeoutIOException->org.apache.ratis.retry.ExponentialBackoffRetry@5339780a}), WATCH->ExceptionDependentRetry(maxAttempts=2147483647; defaultPolicy=MultipleLinearRandomRetry[5x5s, 5x10s, 5x15s, 5x20s, 5x25s, 10x60s]; map={org.apache.ratis.protocol.exceptions.GroupMismatchException->NoRetry, org.apache.ratis.protocol.exceptions.NotReplicatedException->NoRetry, org.apache.ratis.protocol.exceptions.ResourceUnavailableException->org.apache.ratis.retry.ExponentialBackoffRetry@5339780a, org.apache.ratis.protocol.exceptions.StateMachineException->NoRetry, org.apache.ratis.protocol.exceptions.TimeoutIOException->NoRetry})}
	at org.apache.ratis.client.impl.RaftClientImpl.noMoreRetries(RaftClientImpl.java:352)
	... 9 more
Caused by: org.apache.ratis.protocol.exceptions.GroupMismatchException: d3a92f5c-9e4a-48c5-9a32-2f34a6e85eb8: group-C1D084BE788E not found.
	at org.apache.ratis.server.impl.RaftServerProxy$ImplMap.get(RaftServerProxy.java:160)
	at org.apache.ratis.server.impl.RaftServerProxy.getImplFuture(RaftServerProxy.java:370)
	at org.apache.ratis.server.impl.RaftServerProxy.submitClientRequestAsync(RaftServerProxy.java:455)
	at org.apache.ratis.grpc.server.GrpcClientProtocolService$RequestStreamObserver.processClientRequest(GrpcClientProtocolService.java:226)
	at org.apache.ratis.grpc.server.GrpcClientProtocolService$UnorderedRequestStreamObserver.processClientRequest(GrpcClientProtocolService.java:282)
	at org.apache.ratis.grpc.server.GrpcClientProtocolService$RequestStreamObserver.onNext(GrpcClientProtocolService.java:246)
	at org.apache.ratis.grpc.server.GrpcClientProtocolService$RequestStreamObserver.onNext(GrpcClientProtocolService.java:169)
	at org.apache.ratis.thirdparty.io.grpc.stub.ServerCalls$StreamingServerCallHandler$StreamingServerCallListener.onMessage(ServerCalls.java:262)
	at org.apache.ratis.thirdparty.io.grpc.internal.ServerCallImpl$ServerStreamListenerImpl.messagesAvailableInternal(ServerCallImpl.java:334)
	at org.apache.ratis.thirdparty.io.grpc.internal.ServerCallImpl$ServerStreamListenerImpl.messagesAvailable(ServerCallImpl.java:319)
	at org.apache.ratis.thirdparty.io.grpc.internal.ServerImpl$JumpToApplicationThreadServerStreamListener$1MessagesAvailable.runInContext(ServerImpl.java:834)
	at org.apache.ratis.thirdparty.io.grpc.internal.ContextRunnable.run(ContextRunnable.java:37)
	at org.apache.ratis.thirdparty.io.grpc.internal.SerializingExecutor.run(SerializingExecutor.java:133)
	at java.base/java.util.concurrent.ThreadPoolExecutor.runWorker(ThreadPoolExecutor.java:1144)
	at java.base/java.util.concurrent.ThreadPoolExecutor$Worker.run(ThreadPoolExecutor.java:642)
	at java.base/java.lang.Thread.run(Thread.java:1583)
2025-07-05 15:50:03,154 [main] WARN  io.KeyOutputStream (KeyOutputStream.java:handleExceptionInternal(377)) - Encountered exception java.io.IOException: Unexpected Storage Container Exception: java.util.concurrent.CompletionException: org.apache.ratis.protocol.exceptions.RaftRetryFailureException: Failed RaftClientRequest:client-1AA9E86FE412->d3a92f5c-9e4a-48c5-9a32-2f34a6e85eb8@group-C1D084BE788E, cid=176, seq=null, Watch-ALL_COMMITTED(15), null for 2 attempts with RequestTypeDependentRetryPolicy{WRITE->ExceptionDependentRetry(maxAttempts=2147483647; defaultPolicy=MultipleLinearRandomRetry[5x5s, 5x10s, 5x15s, 5x20s, 5x25s, 10x60s]; map={org.apache.ratis.protocol.exceptions.GroupMismatchException->NoRetry, org.apache.ratis.protocol.exceptions.NotReplicatedException->NoRetry, org.apache.ratis.protocol.exceptions.ResourceUnavailableException->org.apache.ratis.retry.ExponentialBackoffRetry@5339780a, org.apache.ratis.protocol.exceptions.StateMachineException->NoRetry, org.apache.ratis.protocol.exceptions.TimeoutIOException->org.apache.ratis.retry.ExponentialBackoffRetry@5339780a}), WATCH->ExceptionDependentRetry(maxAttempts=2147483647; defaultPolicy=MultipleLinearRandomRetry[5x5s, 5x10s, 5x15s, 5x20s, 5x25s, 10x60s]; map={org.apache.ratis.protocol.exceptions.GroupMismatchException->NoRetry, org.apache.ratis.protocol.exceptions.NotReplicatedException->NoRetry, org.apache.ratis.protocol.exceptions.ResourceUnavailableException->org.apache.ratis.retry.ExponentialBackoffRetry@5339780a, org.apache.ratis.protocol.exceptions.StateMachineException->NoRetry, org.apache.ratis.protocol.exceptions.TimeoutIOException->NoRetry})} on the pipeline Pipeline{ Id: 07c2a4b9-1a6d-4d20-b06e-c1d084be788e, Nodes: [ {d3a92f5c-9e4a-48c5-9a32-2f34a6e85eb8(localhost/127.0.0.1), ReplicaIndex: 0}, {694b616d-7f52-4b82-b07e-10398eb153c5(localhost/127.0.0.1), ReplicaIndex: 0}, {2e56514c-0608-4198-9fed-b4eba4d3d686(localhost/127.0.0.1), ReplicaIndex: 0},], ReplicationConfig: RATIS/THREE, State:OPEN, leaderId:694b616d-7f52-4b82-b07e-10398eb153c5, CreationTimestamp2025-07-05T15:48:26.863Z[Etc/UTC]}. The last committed block length is 5, uncommitted data length is 10 retry count 0
2025-07-05 15:50:03,171 [16b3a642-386d-4aa9-ba22-a20b8f52ec18-ChunkWriter-2-0] WARN  statemachine.DatanodeConfiguration (DatanodeConfiguration.java:validateMinFreeSpace(751)) - hdds.datanode.volume.min.free.space.percent = -1.0 is invalid, should be between 0 and 1
2025-07-05 15:50:03,171 [16b3a642-386d-4aa9-ba22-a20b8f52ec18-ChunkWriter-2-0] WARN  statemachine.DatanodeConfiguration (DatanodeConfiguration.java:validateMinFreeSpace(751)) - hdds.datanode.volume.min.free.space.percent = -1.0 is invalid, should be between 0 and 1
2025-07-05 15:50:03,172 [092257cb-ba5a-4f8a-9b9c-d44861eaa450-ChunkWriter-2-0] WARN  statemachine.DatanodeConfiguration (DatanodeConfiguration.java:validateMinFreeSpace(751)) - hdds.datanode.volume.min.free.space.percent = -1.0 is invalid, should be between 0 and 1
2025-07-05 15:50:03,172 [092257cb-ba5a-4f8a-9b9c-d44861eaa450-ChunkWriter-2-0] WARN  statemachine.DatanodeConfiguration (DatanodeConfiguration.java:validateMinFreeSpace(751)) - hdds.datanode.volume.min.free.space.percent = -1.0 is invalid, should be between 0 and 1
2025-07-05 15:50:03,175 [a2863246-e653-4b31-a3d0-09f3a93c429f-ChunkWriter-2-0] WARN  statemachine.DatanodeConfiguration (DatanodeConfiguration.java:validateMinFreeSpace(751)) - hdds.datanode.volume.min.free.space.percent = -1.0 is invalid, should be between 0 and 1
2025-07-05 15:50:03,176 [a2863246-e653-4b31-a3d0-09f3a93c429f-ChunkWriter-2-0] WARN  statemachine.DatanodeConfiguration (DatanodeConfiguration.java:validateMinFreeSpace(751)) - hdds.datanode.volume.min.free.space.percent = -1.0 is invalid, should be between 0 and 1
2025-07-05 15:50:03,187 [main] INFO  io.BlockOutputStreamEntry (BlockOutputStreamEntry.java:writeOnRetry(192)) - BlockOutputStreamEntry:ratis2 conID: 10 locID: 115816896921600010 bcsId: 0 replicaIndex: null: Finish retrying with len 10, currentPosition 10
2025-07-05 15:50:03,187 [main] INFO  io.BlockOutputStreamEntry (BlockOutputStreamEntry.java:finishRetryHandling(141)) - BlockOutputStreamEntry:ratis2 conID: 10 locID: 115816896921600010 bcsId: 0 replicaIndex: null: Exiting retry handling mode
2025-07-05 15:50:03,191 [092257cb-ba5a-4f8a-9b9c-d44861eaa450@group-D83282EFD40F-StateMachineUpdater] INFO  ratis.ContainerStateMachine (ContainerStateMachine.java:takeSnapshot(427)) - group-D83282EFD40F: Taking a snapshot at:(t:1, i:3) file /home/runner/work/ozone/ozone/hadoop-ozone/integration-test/target/test-dir/MiniOzoneClusterImpl-0a3c97a5-d59a-4532-afef-c4940c4c02aa/ozone-meta/datanode-7/ratis4c5ba393-9d54-4a23-9e27-5237d04f58cc/455ba6d2-49b4-4087-b798-d83282efd40f/sm/snapshot.1_3
2025-07-05 15:50:03,193 [092257cb-ba5a-4f8a-9b9c-d44861eaa450@group-D83282EFD40F-StateMachineUpdater] INFO  ratis.ContainerStateMachine (ContainerStateMachine.java:takeSnapshot(436)) - group-D83282EFD40F: Finished taking a snapshot at:(t:1, i:3) file:/home/runner/work/ozone/ozone/hadoop-ozone/integration-test/target/test-dir/MiniOzoneClusterImpl-0a3c97a5-d59a-4532-afef-c4940c4c02aa/ozone-meta/datanode-7/ratis4c5ba393-9d54-4a23-9e27-5237d04f58cc/455ba6d2-49b4-4087-b798-d83282efd40f/sm/snapshot.1_3 took: 2 ms
2025-07-05 15:50:03,193 [092257cb-ba5a-4f8a-9b9c-d44861eaa450@group-D83282EFD40F-StateMachineUpdater] INFO  impl.StateMachineUpdater (StateMachineUpdater.java:takeSnapshot(307)) - 092257cb-ba5a-4f8a-9b9c-d44861eaa450@group-D83282EFD40F-StateMachineUpdater: Took a snapshot at index 3
2025-07-05 15:50:03,193 [092257cb-ba5a-4f8a-9b9c-d44861eaa450@group-D83282EFD40F-StateMachineUpdater] INFO  impl.StateMachineUpdater (StateMachineUpdater.java:lambda$new$0(101)) - 092257cb-ba5a-4f8a-9b9c-d44861eaa450@group-D83282EFD40F-StateMachineUpdater: snapshotIndex: updateIncreasingly 0 -> 3
2025-07-05 15:50:03,193 [16b3a642-386d-4aa9-ba22-a20b8f52ec18@group-D83282EFD40F-StateMachineUpdater] INFO  ratis.ContainerStateMachine (ContainerStateMachine.java:takeSnapshot(427)) - group-D83282EFD40F: Taking a snapshot at:(t:1, i:4) file /home/runner/work/ozone/ozone/hadoop-ozone/integration-test/target/test-dir/MiniOzoneClusterImpl-0a3c97a5-d59a-4532-afef-c4940c4c02aa/ozone-meta/datanode-10/ratis/455ba6d2-49b4-4087-b798-d83282efd40f/sm/snapshot.1_4
2025-07-05 15:50:03,195 [16b3a642-386d-4aa9-ba22-a20b8f52ec18@group-D83282EFD40F-StateMachineUpdater] INFO  ratis.ContainerStateMachine (ContainerStateMachine.java:takeSnapshot(436)) - group-D83282EFD40F: Finished taking a snapshot at:(t:1, i:4) file:/home/runner/work/ozone/ozone/hadoop-ozone/integration-test/target/test-dir/MiniOzoneClusterImpl-0a3c97a5-d59a-4532-afef-c4940c4c02aa/ozone-meta/datanode-10/ratis/455ba6d2-49b4-4087-b798-d83282efd40f/sm/snapshot.1_4 took: 1 ms
2025-07-05 15:50:03,195 [a2863246-e653-4b31-a3d0-09f3a93c429f@group-D83282EFD40F-StateMachineUpdater] INFO  ratis.ContainerStateMachine (ContainerStateMachine.java:takeSnapshot(427)) - group-D83282EFD40F: Taking a snapshot at:(t:1, i:3) file /home/runner/work/ozone/ozone/hadoop-ozone/integration-test/target/test-dir/MiniOzoneClusterImpl-0a3c97a5-d59a-4532-afef-c4940c4c02aa/ozone-meta/datanode-8/ratis/455ba6d2-49b4-4087-b798-d83282efd40f/sm/snapshot.1_3
2025-07-05 15:50:03,196 [16b3a642-386d-4aa9-ba22-a20b8f52ec18@group-D83282EFD40F-StateMachineUpdater] INFO  impl.StateMachineUpdater (StateMachineUpdater.java:takeSnapshot(307)) - 16b3a642-386d-4aa9-ba22-a20b8f52ec18@group-D83282EFD40F-StateMachineUpdater: Took a snapshot at index 4
2025-07-05 15:50:03,196 [16b3a642-386d-4aa9-ba22-a20b8f52ec18@group-D83282EFD40F-StateMachineUpdater] INFO  impl.StateMachineUpdater (StateMachineUpdater.java:lambda$new$0(101)) - 16b3a642-386d-4aa9-ba22-a20b8f52ec18@group-D83282EFD40F-StateMachineUpdater: snapshotIndex: updateIncreasingly 0 -> 4
2025-07-05 15:50:03,196 [a2863246-e653-4b31-a3d0-09f3a93c429f@group-D83282EFD40F-StateMachineUpdater] INFO  ratis.ContainerStateMachine (ContainerStateMachine.java:takeSnapshot(436)) - group-D83282EFD40F: Finished taking a snapshot at:(t:1, i:3) file:/home/runner/work/ozone/ozone/hadoop-ozone/integration-test/target/test-dir/MiniOzoneClusterImpl-0a3c97a5-d59a-4532-afef-c4940c4c02aa/ozone-meta/datanode-8/ratis/455ba6d2-49b4-4087-b798-d83282efd40f/sm/snapshot.1_3 took: 1 ms
2025-07-05 15:50:03,197 [a2863246-e653-4b31-a3d0-09f3a93c429f@group-D83282EFD40F-StateMachineUpdater] INFO  impl.StateMachineUpdater (StateMachineUpdater.java:takeSnapshot(307)) - a2863246-e653-4b31-a3d0-09f3a93c429f@group-D83282EFD40F-StateMachineUpdater: Took a snapshot at index 3
2025-07-05 15:50:03,197 [a2863246-e653-4b31-a3d0-09f3a93c429f@group-D83282EFD40F-StateMachineUpdater] INFO  impl.StateMachineUpdater (StateMachineUpdater.java:lambda$new$0(101)) - a2863246-e653-4b31-a3d0-09f3a93c429f@group-D83282EFD40F-StateMachineUpdater: snapshotIndex: updateIncreasingly 0 -> 3
2025-07-05 15:50:03,197 [16b3a642-386d-4aa9-ba22-a20b8f52ec18@group-D83282EFD40F-StateMachineUpdater] INFO  ratis.ContainerStateMachine (ContainerStateMachine.java:takeSnapshot(427)) - group-D83282EFD40F: Taking a snapshot at:(t:1, i:7) file /home/runner/work/ozone/ozone/hadoop-ozone/integration-test/target/test-dir/MiniOzoneClusterImpl-0a3c97a5-d59a-4532-afef-c4940c4c02aa/ozone-meta/datanode-10/ratis/455ba6d2-49b4-4087-b798-d83282efd40f/sm/snapshot.1_7
2025-07-05 15:50:03,198 [16b3a642-386d-4aa9-ba22-a20b8f52ec18@group-D83282EFD40F-StateMachineUpdater] INFO  ratis.ContainerStateMachine (ContainerStateMachine.java:takeSnapshot(436)) - group-D83282EFD40F: Finished taking a snapshot at:(t:1, i:7) file:/home/runner/work/ozone/ozone/hadoop-ozone/integration-test/target/test-dir/MiniOzoneClusterImpl-0a3c97a5-d59a-4532-afef-c4940c4c02aa/ozone-meta/datanode-10/ratis/455ba6d2-49b4-4087-b798-d83282efd40f/sm/snapshot.1_7 took: 0 ms
2025-07-05 15:50:03,198 [16b3a642-386d-4aa9-ba22-a20b8f52ec18@group-D83282EFD40F-StateMachineUpdater] INFO  impl.StateMachineUpdater (StateMachineUpdater.java:takeSnapshot(307)) - 16b3a642-386d-4aa9-ba22-a20b8f52ec18@group-D83282EFD40F-StateMachineUpdater: Took a snapshot at index 7
2025-07-05 15:50:03,198 [16b3a642-386d-4aa9-ba22-a20b8f52ec18@group-D83282EFD40F-StateMachineUpdater] INFO  impl.StateMachineUpdater (StateMachineUpdater.java:lambda$new$0(101)) - 16b3a642-386d-4aa9-ba22-a20b8f52ec18@group-D83282EFD40F-StateMachineUpdater: snapshotIndex: updateIncreasingly 4 -> 7
2025-07-05 15:50:03,199 [a2863246-e653-4b31-a3d0-09f3a93c429f@group-D83282EFD40F-StateMachineUpdater] INFO  ratis.ContainerStateMachine (ContainerStateMachine.java:takeSnapshot(427)) - group-D83282EFD40F: Taking a snapshot at:(t:1, i:5) file /home/runner/work/ozone/ozone/hadoop-ozone/integration-test/target/test-dir/MiniOzoneClusterImpl-0a3c97a5-d59a-4532-afef-c4940c4c02aa/ozone-meta/datanode-8/ratis/455ba6d2-49b4-4087-b798-d83282efd40f/sm/snapshot.1_5
2025-07-05 15:50:03,201 [a2863246-e653-4b31-a3d0-09f3a93c429f@group-D83282EFD40F-StateMachineUpdater] INFO  ratis.ContainerStateMachine (ContainerStateMachine.java:takeSnapshot(436)) - group-D83282EFD40F: Finished taking a snapshot at:(t:1, i:5) file:/home/runner/work/ozone/ozone/hadoop-ozone/integration-test/target/test-dir/MiniOzoneClusterImpl-0a3c97a5-d59a-4532-afef-c4940c4c02aa/ozone-meta/datanode-8/ratis/455ba6d2-49b4-4087-b798-d83282efd40f/sm/snapshot.1_5 took: 1 ms
2025-07-05 15:50:03,201 [a2863246-e653-4b31-a3d0-09f3a93c429f@group-D83282EFD40F-StateMachineUpdater] INFO  impl.StateMachineUpdater (StateMachineUpdater.java:takeSnapshot(307)) - a2863246-e653-4b31-a3d0-09f3a93c429f@group-D83282EFD40F-StateMachineUpdater: Took a snapshot at index 5
2025-07-05 15:50:03,201 [a2863246-e653-4b31-a3d0-09f3a93c429f@group-D83282EFD40F-StateMachineUpdater] INFO  impl.StateMachineUpdater (StateMachineUpdater.java:lambda$new$0(101)) - a2863246-e653-4b31-a3d0-09f3a93c429f@group-D83282EFD40F-StateMachineUpdater: snapshotIndex: updateIncreasingly 3 -> 5
2025-07-05 15:50:03,201 [092257cb-ba5a-4f8a-9b9c-d44861eaa450@group-D83282EFD40F-StateMachineUpdater] INFO  ratis.ContainerStateMachine (ContainerStateMachine.java:takeSnapshot(427)) - group-D83282EFD40F: Taking a snapshot at:(t:1, i:7) file /home/runner/work/ozone/ozone/hadoop-ozone/integration-test/target/test-dir/MiniOzoneClusterImpl-0a3c97a5-d59a-4532-afef-c4940c4c02aa/ozone-meta/datanode-7/ratis4c5ba393-9d54-4a23-9e27-5237d04f58cc/455ba6d2-49b4-4087-b798-d83282efd40f/sm/snapshot.1_7
2025-07-05 15:50:03,202 [a2863246-e653-4b31-a3d0-09f3a93c429f@group-D83282EFD40F-StateMachineUpdater] INFO  ratis.ContainerStateMachine (ContainerStateMachine.java:takeSnapshot(427)) - group-D83282EFD40F: Taking a snapshot at:(t:1, i:7) file /home/runner/work/ozone/ozone/hadoop-ozone/integration-test/target/test-dir/MiniOzoneClusterImpl-0a3c97a5-d59a-4532-afef-c4940c4c02aa/ozone-meta/datanode-8/ratis/455ba6d2-49b4-4087-b798-d83282efd40f/sm/snapshot.1_7
2025-07-05 15:50:03,203 [092257cb-ba5a-4f8a-9b9c-d44861eaa450@group-D83282EFD40F-StateMachineUpdater] INFO  ratis.ContainerStateMachine (ContainerStateMachine.java:takeSnapshot(436)) - group-D83282EFD40F: Finished taking a snapshot at:(t:1, i:7) file:/home/runner/work/ozone/ozone/hadoop-ozone/integration-test/target/test-dir/MiniOzoneClusterImpl-0a3c97a5-d59a-4532-afef-c4940c4c02aa/ozone-meta/datanode-7/ratis4c5ba393-9d54-4a23-9e27-5237d04f58cc/455ba6d2-49b4-4087-b798-d83282efd40f/sm/snapshot.1_7 took: 2 ms
2025-07-05 15:50:03,204 [a2863246-e653-4b31-a3d0-09f3a93c429f@group-D83282EFD40F-StateMachineUpdater] INFO  ratis.ContainerStateMachine (ContainerStateMachine.java:takeSnapshot(436)) - group-D83282EFD40F: Finished taking a snapshot at:(t:1, i:7) file:/home/runner/work/ozone/ozone/hadoop-ozone/integration-test/target/test-dir/MiniOzoneClusterImpl-0a3c97a5-d59a-4532-afef-c4940c4c02aa/ozone-meta/datanode-8/ratis/455ba6d2-49b4-4087-b798-d83282efd40f/sm/snapshot.1_7 took: 2 ms
2025-07-05 15:50:03,204 [a2863246-e653-4b31-a3d0-09f3a93c429f@group-D83282EFD40F-StateMachineUpdater] INFO  impl.StateMachineUpdater (StateMachineUpdater.java:takeSnapshot(307)) - a2863246-e653-4b31-a3d0-09f3a93c429f@group-D83282EFD40F-StateMachineUpdater: Took a snapshot at index 7
2025-07-05 15:50:03,204 [a2863246-e653-4b31-a3d0-09f3a93c429f@group-D83282EFD40F-StateMachineUpdater] INFO  impl.StateMachineUpdater (StateMachineUpdater.java:lambda$new$0(101)) - a2863246-e653-4b31-a3d0-09f3a93c429f@group-D83282EFD40F-StateMachineUpdater: snapshotIndex: updateIncreasingly 5 -> 7
2025-07-05 15:50:03,204 [092257cb-ba5a-4f8a-9b9c-d44861eaa450@group-D83282EFD40F-StateMachineUpdater] INFO  impl.StateMachineUpdater (StateMachineUpdater.java:takeSnapshot(307)) - 092257cb-ba5a-4f8a-9b9c-d44861eaa450@group-D83282EFD40F-StateMachineUpdater: Took a snapshot at index 7
2025-07-05 15:50:03,204 [092257cb-ba5a-4f8a-9b9c-d44861eaa450@group-D83282EFD40F-StateMachineUpdater] INFO  impl.StateMachineUpdater (StateMachineUpdater.java:lambda$new$0(101)) - 092257cb-ba5a-4f8a-9b9c-d44861eaa450@group-D83282EFD40F-StateMachineUpdater: snapshotIndex: updateIncreasingly 3 -> 7
2025-07-05 15:50:03,228 [694b616d-7f52-4b82-b07e-10398eb153c5-ChunkReader-9] ERROR helpers.ContainerUtils (ContainerUtils.java:getChunkDir(273)) - Chunks dir /home/runner/work/ozone/ozone/hadoop-ozone/integration-test/target/test-dir/MiniOzoneClusterImpl-0a3c97a5-d59a-4532-afef-c4940c4c02aa/ozone-meta/datanode-5/data-0/hdds/0a3c97a5-d59a-4532-afef-c4940c4c02aa/current/containerDir0/2/chunks does not exist
2025-07-05 15:50:03,228 [694b616d-7f52-4b82-b07e-10398eb153c5-ChunkReader-9] WARN  keyvalue.KeyValueHandler (ContainerUtils.java:logAndReturnError(94)) - Operation: ReadChunk , Trace ID:  , Message: Chunks directory /home/runner/work/ozone/ozone/hadoop-ozone/integration-test/target/test-dir/MiniOzoneClusterImpl-0a3c97a5-d59a-4532-afef-c4940c4c02aa/ozone-meta/datanode-5/data-0/hdds/0a3c97a5-d59a-4532-afef-c4940c4c02aa/current/containerDir0/2/chunks does not exist. , Result: UNABLE_TO_FIND_DATA_DIR , StorageContainerException Occurred.
org.apache.hadoop.hdds.scm.container.common.helpers.StorageContainerException: Chunks directory /home/runner/work/ozone/ozone/hadoop-ozone/integration-test/target/test-dir/MiniOzoneClusterImpl-0a3c97a5-d59a-4532-afef-c4940c4c02aa/ozone-meta/datanode-5/data-0/hdds/0a3c97a5-d59a-4532-afef-c4940c4c02aa/current/containerDir0/2/chunks does not exist.
	at org.apache.hadoop.ozone.container.common.helpers.ContainerUtils.getChunkDir(ContainerUtils.java:275)
	at org.apache.hadoop.ozone.container.common.impl.ContainerLayoutVersion.getChunkFile(ContainerLayoutVersion.java:115)
	at org.apache.hadoop.ozone.container.keyvalue.impl.FilePerBlockStrategy.getChunkFile(FilePerBlockStrategy.java:300)
	at org.apache.hadoop.ozone.container.keyvalue.impl.FilePerBlockStrategy.readChunk(FilePerBlockStrategy.java:216)
	at org.apache.hadoop.ozone.container.keyvalue.impl.ChunkManagerDispatcher.readChunk(ChunkManagerDispatcher.java:108)
	at org.apache.hadoop.ozone.container.keyvalue.KeyValueHandler.handleReadChunk(KeyValueHandler.java:936)
	at org.apache.hadoop.ozone.container.keyvalue.KeyValueHandler.dispatchRequest(KeyValueHandler.java:338)
	at org.apache.hadoop.ozone.container.keyvalue.KeyValueHandler.handle(KeyValueHandler.java:293)
	at org.apache.hadoop.ozone.container.common.impl.HddsDispatcher.dispatchRequest(HddsDispatcher.java:365)
	at org.apache.hadoop.ozone.container.common.impl.HddsDispatcher.lambda$dispatch$1(HddsDispatcher.java:190)
	at org.apache.hadoop.hdds.server.OzoneProtocolMessageDispatcher.processRequest(OzoneProtocolMessageDispatcher.java:87)
	at org.apache.hadoop.ozone.container.common.impl.HddsDispatcher.dispatch(HddsDispatcher.java:189)
	at org.apache.hadoop.ozone.container.common.transport.server.GrpcXceiverService$1.onNext(GrpcXceiverService.java:107)
	at org.apache.hadoop.ozone.container.common.transport.server.GrpcXceiverService$1.onNext(GrpcXceiverService.java:96)
	at org.apache.ratis.thirdparty.io.grpc.stub.ServerCalls$StreamingServerCallHandler$StreamingServerCallListener.onMessage(ServerCalls.java:262)
	at org.apache.ratis.thirdparty.io.grpc.ForwardingServerCallListener.onMessage(ForwardingServerCallListener.java:33)
	at org.apache.hadoop.hdds.tracing.GrpcServerInterceptor$1.onMessage(GrpcServerInterceptor.java:49)
	at org.apache.ratis.thirdparty.io.grpc.internal.ServerCallImpl$ServerStreamListenerImpl.messagesAvailableInternal(ServerCallImpl.java:334)
	at org.apache.ratis.thirdparty.io.grpc.internal.ServerCallImpl$ServerStreamListenerImpl.messagesAvailable(ServerCallImpl.java:319)
	at org.apache.ratis.thirdparty.io.grpc.internal.ServerImpl$JumpToApplicationThreadServerStreamListener$1MessagesAvailable.runInContext(ServerImpl.java:834)
	at org.apache.ratis.thirdparty.io.grpc.internal.ContextRunnable.run(ContextRunnable.java:37)
	at org.apache.ratis.thirdparty.io.grpc.internal.SerializingExecutor.run(SerializingExecutor.java:133)
	at java.base/java.util.concurrent.ThreadPoolExecutor.runWorker(ThreadPoolExecutor.java:1144)
	at java.base/java.util.concurrent.ThreadPoolExecutor$Worker.run(ThreadPoolExecutor.java:642)
	at java.base/java.lang.Thread.run(Thread.java:1583)
2025-07-05T15:50:03.229700469Z 694b616d-7f52-4b82-b07e-10398eb153c5-ChunkReader-9 ERROR user=null | ip=null | op=READ_CHUNK {blockData=conID: 2 locID: 115816896921600002 bcsId: 2 replicaIndex: null, offset=0, size=5} | ret=FAILURE
java.lang.Exception: Chunks directory /home/runner/work/ozone/ozone/hadoop-ozone/integration-test/target/test-dir/MiniOzoneClusterImpl-0a3c97a5-d59a-4532-afef-c4940c4c02aa/ozone-meta/datanode-5/data-0/hdds/0a3c97a5-d59a-4532-afef-c4940c4c02aa/current/containerDir0/2/chunks does not exist.
	at org.apache.hadoop.ozone.container.common.impl.HddsDispatcher.dispatchRequest(HddsDispatcher.java:439)
	at org.apache.hadoop.ozone.container.common.impl.HddsDispatcher.lambda$dispatch$1(HddsDispatcher.java:190)
	at org.apache.hadoop.hdds.server.OzoneProtocolMessageDispatcher.processRequest(OzoneProtocolMessageDispatcher.java:87)
	at org.apache.hadoop.ozone.container.common.impl.HddsDispatcher.dispatch(HddsDispatcher.java:189)
	at org.apache.hadoop.ozone.container.common.transport.server.GrpcXceiverService$1.onNext(GrpcXceiverService.java:107)
	at org.apache.hadoop.ozone.container.common.transport.server.GrpcXceiverService$1.onNext(GrpcXceiverService.java:96)
	at org.apache.ratis.thirdparty.io.grpc.stub.ServerCalls$StreamingServerCallHandler$StreamingServerCallListener.onMessage(ServerCalls.java:262)
	at org.apache.ratis.thirdparty.io.grpc.ForwardingServerCallListener.onMessage(ForwardingServerCallListener.java:33)
	at org.apache.hadoop.hdds.tracing.GrpcServerInterceptor$1.onMessage(GrpcServerInterceptor.java:49)
	at org.apache.ratis.thirdparty.io.grpc.internal.ServerCallImpl$ServerStreamListenerImpl.messagesAvailableInternal(ServerCallImpl.java:334)
	at org.apache.ratis.thirdparty.io.grpc.internal.ServerCallImpl$ServerStreamListenerImpl.messagesAvailable(ServerCallImpl.java:319)
	at org.apache.ratis.thirdparty.io.grpc.internal.ServerImpl$JumpToApplicationThreadServerStreamListener$1MessagesAvailable.runInContext(ServerImpl.java:834)
	at org.apache.ratis.thirdparty.io.grpc.internal.ContextRunnable.run(ContextRunnable.java:37)
	at org.apache.ratis.thirdparty.io.grpc.internal.SerializingExecutor.run(SerializingExecutor.java:133)
	at java.base/java.util.concurrent.ThreadPoolExecutor.runWorker(ThreadPoolExecutor.java:1144)
	at java.base/java.util.concurrent.ThreadPoolExecutor$Worker.run(ThreadPoolExecutor.java:642)
	at java.base/java.lang.Thread.run(Thread.java:1583)
2025-07-05 15:50:03,233 [d3a92f5c-9e4a-48c5-9a32-2f34a6e85eb8-ChunkReader-1] ERROR helpers.ContainerUtils (ContainerUtils.java:getChunkDir(273)) - Chunks dir /home/runner/work/ozone/ozone/hadoop-ozone/integration-test/target/test-dir/MiniOzoneClusterImpl-0a3c97a5-d59a-4532-afef-c4940c4c02aa/ozone-meta/datanode-6/data-0/hdds/0a3c97a5-d59a-4532-afef-c4940c4c02aa/current/containerDir0/2/chunks does not exist
2025-07-05 15:50:03,233 [d3a92f5c-9e4a-48c5-9a32-2f34a6e85eb8-ChunkReader-1] WARN  keyvalue.KeyValueHandler (ContainerUtils.java:logAndReturnError(94)) - Operation: ReadChunk , Trace ID:  , Message: Chunks directory /home/runner/work/ozone/ozone/hadoop-ozone/integration-test/target/test-dir/MiniOzoneClusterImpl-0a3c97a5-d59a-4532-afef-c4940c4c02aa/ozone-meta/datanode-6/data-0/hdds/0a3c97a5-d59a-4532-afef-c4940c4c02aa/current/containerDir0/2/chunks does not exist. , Result: UNABLE_TO_FIND_DATA_DIR , StorageContainerException Occurred.
org.apache.hadoop.hdds.scm.container.common.helpers.StorageContainerException: Chunks directory /home/runner/work/ozone/ozone/hadoop-ozone/integration-test/target/test-dir/MiniOzoneClusterImpl-0a3c97a5-d59a-4532-afef-c4940c4c02aa/ozone-meta/datanode-6/data-0/hdds/0a3c97a5-d59a-4532-afef-c4940c4c02aa/current/containerDir0/2/chunks does not exist.
	at org.apache.hadoop.ozone.container.common.helpers.ContainerUtils.getChunkDir(ContainerUtils.java:275)
	at org.apache.hadoop.ozone.container.common.impl.ContainerLayoutVersion.getChunkFile(ContainerLayoutVersion.java:115)
	at org.apache.hadoop.ozone.container.keyvalue.impl.FilePerBlockStrategy.getChunkFile(FilePerBlockStrategy.java:300)
	at org.apache.hadoop.ozone.container.keyvalue.impl.FilePerBlockStrategy.readChunk(FilePerBlockStrategy.java:216)
	at org.apache.hadoop.ozone.container.keyvalue.impl.ChunkManagerDispatcher.readChunk(ChunkManagerDispatcher.java:108)
	at org.apache.hadoop.ozone.container.keyvalue.KeyValueHandler.handleReadChunk(KeyValueHandler.java:936)
	at org.apache.hadoop.ozone.container.keyvalue.KeyValueHandler.dispatchRequest(KeyValueHandler.java:338)
	at org.apache.hadoop.ozone.container.keyvalue.KeyValueHandler.handle(KeyValueHandler.java:293)
	at org.apache.hadoop.ozone.container.common.impl.HddsDispatcher.dispatchRequest(HddsDispatcher.java:365)
	at org.apache.hadoop.ozone.container.common.impl.HddsDispatcher.lambda$dispatch$1(HddsDispatcher.java:190)
	at org.apache.hadoop.hdds.server.OzoneProtocolMessageDispatcher.processRequest(OzoneProtocolMessageDispatcher.java:87)
	at org.apache.hadoop.ozone.container.common.impl.HddsDispatcher.dispatch(HddsDispatcher.java:189)
	at org.apache.hadoop.ozone.container.common.transport.server.GrpcXceiverService$1.onNext(GrpcXceiverService.java:107)
	at org.apache.hadoop.ozone.container.common.transport.server.GrpcXceiverService$1.onNext(GrpcXceiverService.java:96)
	at org.apache.ratis.thirdparty.io.grpc.stub.ServerCalls$StreamingServerCallHandler$StreamingServerCallListener.onMessage(ServerCalls.java:262)
	at org.apache.ratis.thirdparty.io.grpc.ForwardingServerCallListener.onMessage(ForwardingServerCallListener.java:33)
	at org.apache.hadoop.hdds.tracing.GrpcServerInterceptor$1.onMessage(GrpcServerInterceptor.java:49)
	at org.apache.ratis.thirdparty.io.grpc.internal.ServerCallImpl$ServerStreamListenerImpl.messagesAvailableInternal(ServerCallImpl.java:334)
	at org.apache.ratis.thirdparty.io.grpc.internal.ServerCallImpl$ServerStreamListenerImpl.messagesAvailable(ServerCallImpl.java:319)
	at org.apache.ratis.thirdparty.io.grpc.internal.ServerImpl$JumpToApplicationThreadServerStreamListener$1MessagesAvailable.runInContext(ServerImpl.java:834)
	at org.apache.ratis.thirdparty.io.grpc.internal.ContextRunnable.run(ContextRunnable.java:37)
	at org.apache.ratis.thirdparty.io.grpc.internal.SerializingExecutor.run(SerializingExecutor.java:133)
	at java.base/java.util.concurrent.ThreadPoolExecutor.runWorker(ThreadPoolExecutor.java:1144)
	at java.base/java.util.concurrent.ThreadPoolExecutor$Worker.run(ThreadPoolExecutor.java:642)
	at java.base/java.lang.Thread.run(Thread.java:1583)
2025-07-05T15:50:03.234408797Z d3a92f5c-9e4a-48c5-9a32-2f34a6e85eb8-ChunkReader-1 ERROR user=null | ip=null | op=READ_CHUNK {blockData=conID: 2 locID: 115816896921600002 bcsId: 2 replicaIndex: null, offset=0, size=5} | ret=FAILURE
java.lang.Exception: Chunks directory /home/runner/work/ozone/ozone/hadoop-ozone/integration-test/target/test-dir/MiniOzoneClusterImpl-0a3c97a5-d59a-4532-afef-c4940c4c02aa/ozone-meta/datanode-6/data-0/hdds/0a3c97a5-d59a-4532-afef-c4940c4c02aa/current/containerDir0/2/chunks does not exist.
	at org.apache.hadoop.ozone.container.common.impl.HddsDispatcher.dispatchRequest(HddsDispatcher.java:439)
	at org.apache.hadoop.ozone.container.common.impl.HddsDispatcher.lambda$dispatch$1(HddsDispatcher.java:190)
	at org.apache.hadoop.hdds.server.OzoneProtocolMessageDispatcher.processRequest(OzoneProtocolMessageDispatcher.java:87)
	at org.apache.hadoop.ozone.container.common.impl.HddsDispatcher.dispatch(HddsDispatcher.java:189)
	at org.apache.hadoop.ozone.container.common.transport.server.GrpcXceiverService$1.onNext(GrpcXceiverService.java:107)
	at org.apache.hadoop.ozone.container.common.transport.server.GrpcXceiverService$1.onNext(GrpcXceiverService.java:96)
	at org.apache.ratis.thirdparty.io.grpc.stub.ServerCalls$StreamingServerCallHandler$StreamingServerCallListener.onMessage(ServerCalls.java:262)
	at org.apache.ratis.thirdparty.io.grpc.ForwardingServerCallListener.onMessage(ForwardingServerCallListener.java:33)
	at org.apache.hadoop.hdds.tracing.GrpcServerInterceptor$1.onMessage(GrpcServerInterceptor.java:49)
	at org.apache.ratis.thirdparty.io.grpc.internal.ServerCallImpl$ServerStreamListenerImpl.messagesAvailableInternal(ServerCallImpl.java:334)
	at org.apache.ratis.thirdparty.io.grpc.internal.ServerCallImpl$ServerStreamListenerImpl.messagesAvailable(ServerCallImpl.java:319)
	at org.apache.ratis.thirdparty.io.grpc.internal.ServerImpl$JumpToApplicationThreadServerStreamListener$1MessagesAvailable.runInContext(ServerImpl.java:834)
	at org.apache.ratis.thirdparty.io.grpc.internal.ContextRunnable.run(ContextRunnable.java:37)
	at org.apache.ratis.thirdparty.io.grpc.internal.SerializingExecutor.run(SerializingExecutor.java:133)
	at java.base/java.util.concurrent.ThreadPoolExecutor.runWorker(ThreadPoolExecutor.java:1144)
	at java.base/java.util.concurrent.ThreadPoolExecutor$Worker.run(ThreadPoolExecutor.java:642)
	at java.base/java.lang.Thread.run(Thread.java:1583)
]]></system-out>
  </testcase>
</testsuite>