<?xml version="1.0" encoding="UTF-8"?>
<testsuite xmlns:xsi="http://www.w3.org/2001/XMLSchema-instance" xsi:noNamespaceSchemaLocation="https://maven.apache.org/surefire/maven-surefire-plugin/xsd/surefire-test-report.xsd" name="org.apache.hadoop.ozone.client.rpc.TestCommitWatcher" time="157.795" tests="2" errors="1" skipped="0" failures="0">
  <properties>
    <property name="awt.toolkit" value="sun.awt.X11.XToolkit"/>
    <property name="file.encoding.pkg" value="sun.io"/>
    <property name="java.specification.version" value="1.8"/>
    <property name="sun.cpu.isalist" value=""/>
    <property name="sun.jnu.encoding" value="UTF-8"/>
    <property name="java.class.path" value="/home/runner/work/ozone/ozone/hadoop-ozone/integration-test/target/test-classes:/home/runner/work/ozone/ozone/hadoop-ozone/integration-test/target/classes:/home/runner/.m2/repository/org/apache/ozone/ozone-common/1.3.0-SNAPSHOT/ozone-common-1.3.0-SNAPSHOT.jar:/home/runner/.m2/repository/org/apache/commons/commons-compress/1.21/commons-compress-1.21.jar:/home/runner/.m2/repository/org/apache/ozone/hdds-common/1.3.0-SNAPSHOT/hdds-common-1.3.0-SNAPSHOT.jar:/home/runner/.m2/repository/org/apache/ozone/hdds-client/1.3.0-SNAPSHOT/hdds-client-1.3.0-SNAPSHOT.jar:/home/runner/.m2/repository/org/apache/ozone/ozone-interface-client/1.3.0-SNAPSHOT/ozone-interface-client-1.3.0-SNAPSHOT.jar:/home/runner/.m2/repository/org/apache/ozone/hdds-test-utils/1.3.0-SNAPSHOT/hdds-test-utils-1.3.0-SNAPSHOT.jar:/home/runner/.m2/repository/com/google/guava/guava/30.1.1-jre/guava-30.1.1-jre.jar:/home/runner/.m2/repository/com/google/guava/failureaccess/1.0.1/failureaccess-1.0.1.jar:/home/runner/.m2/repository/com/google/guava/listenablefuture/9999.0-empty-to-avoid-conflict-with-guava/listenablefuture-9999.0-empty-to-avoid-conflict-with-guava.jar:/home/runner/.m2/repository/com/google/code/findbugs/jsr305/3.0.0/jsr305-3.0.0.jar:/home/runner/.m2/repository/org/checkerframework/checker-qual/3.8.0/checker-qual-3.8.0.jar:/home/runner/.m2/repository/com/google/errorprone/error_prone_annotations/2.2.0/error_prone_annotations-2.2.0.jar:/home/runner/.m2/repository/com/google/j2objc/j2objc-annotations/1.3/j2objc-annotations-1.3.jar:/home/runner/.m2/repository/commons-io/commons-io/2.11.0/commons-io-2.11.0.jar:/home/runner/.m2/repository/commons-logging/commons-logging/1.2/commons-logging-1.2.jar:/home/runner/.m2/repository/log4j/log4j/1.2.17/log4j-1.2.17.jar:/home/runner/.m2/repository/org/slf4j/slf4j-api/1.7.30/slf4j-api-1.7.30.jar:/home/runner/.m2/repository/org/apache/ozone/hdds-server-scm/1.3.0-SNAPSHOT/hdds-server-scm-1.3.0-SNAPSHOT.jar:/home/runner/.m2/repository/org/apache/ozone/hdds-container-service/1.3.0-SNAPSHOT/hdds-container-service-1.3.0-SNAPSHOT.jar:/home/runner/.m2/repository/org/apache/ozone/hdds-hadoop-dependency-server/1.3.0-SNAPSHOT/hdds-hadoop-dependency-server-1.3.0-SNAPSHOT.jar:/home/runner/.m2/repository/org/apache/hadoop/hadoop-hdfs/3.3.1/hadoop-hdfs-3.3.1.jar:/home/runner/.m2/repository/org/apache/ozone/hdds-server-framework/1.3.0-SNAPSHOT/hdds-server-framework-1.3.0-SNAPSHOT.jar:/home/runner/.m2/repository/org/apache/ozone/hdds-interface-server/1.3.0-SNAPSHOT/hdds-interface-server-1.3.0-SNAPSHOT.jar:/home/runner/.m2/repository/org/eclipse/jetty/jetty-servlet/9.4.43.v20210629/jetty-servlet-9.4.43.v20210629.jar:/home/runner/.m2/repository/org/eclipse/jetty/jetty-security/9.4.43.v20210629/jetty-security-9.4.43.v20210629.jar:/home/runner/.m2/repository/org/rocksdb/rocksdbjni/6.25.3/rocksdbjni-6.25.3.jar:/home/runner/.m2/repository/io/prometheus/simpleclient_dropwizard/0.7.0/simpleclient_dropwizard-0.7.0.jar:/home/runner/.m2/repository/io/prometheus/simpleclient/0.7.0/simpleclient-0.7.0.jar:/home/runner/.m2/repository/io/prometheus/simpleclient_common/0.7.0/simpleclient_common-0.7.0.jar:/home/runner/.m2/repository/com/fasterxml/jackson/datatype/jackson-datatype-jsr310/2.12.1/jackson-datatype-jsr310-2.12.1.jar:/home/runner/.m2/repository/io/dropwizard/metrics/metrics-core/3.2.4/metrics-core-3.2.4.jar:/home/runner/.m2/repository/org/apache/hadoop/hadoop-hdfs-client/3.3.1/hadoop-hdfs-client-3.3.1.jar:/home/runner/.m2/repository/org/bouncycastle/bcprov-jdk15on/1.67/bcprov-jdk15on-1.67.jar:/home/runner/.m2/repository/com/google/protobuf/protobuf-java/2.5.0/protobuf-java-2.5.0.jar:/home/runner/.m2/repository/org/apache/ozone/ozone-manager/1.3.0-SNAPSHOT/ozone-manager-1.3.0-SNAPSHOT.jar:/home/runner/.m2/repository/org/aspectj/aspectjrt/1.9.7/aspectjrt-1.9.7.jar:/home/runner/.m2/repository/org/aspectj/aspectjweaver/1.9.7/aspectjweaver-1.9.7.jar:/home/runner/.m2/repository/org/apache/ozone/hdds-interface-client/1.3.0-SNAPSHOT/hdds-interface-client-1.3.0-SNAPSHOT.jar:/home/runner/.m2/repository/org/apache/hadoop/thirdparty/hadoop-shaded-protobuf_3_7/1.1.1/hadoop-shaded-protobuf_3_7-1.1.1.jar:/home/runner/.m2/repository/org/apache/ozone/ozone-interface-storage/1.3.0-SNAPSHOT/ozone-interface-storage-1.3.0-SNAPSHOT.jar:/home/runner/.m2/repository/org/reflections/reflections/0.9.11/reflections-0.9.11.jar:/home/runner/.m2/repository/org/apache/hadoop/hadoop-minikdc/3.3.1/hadoop-minikdc-3.3.1.jar:/home/runner/.m2/repository/org/apache/kerby/kerb-simplekdc/1.0.1/kerb-simplekdc-1.0.1.jar:/home/runner/.m2/repository/org/apache/kerby/kerb-client/1.0.1/kerb-client-1.0.1.jar:/home/runner/.m2/repository/org/apache/kerby/kerby-config/1.0.1/kerby-config-1.0.1.jar:/home/runner/.m2/repository/org/apache/kerby/kerb-common/1.0.1/kerb-common-1.0.1.jar:/home/runner/.m2/repository/org/apache/kerby/kerb-crypto/1.0.1/kerb-crypto-1.0.1.jar:/home/runner/.m2/repository/org/apache/kerby/kerb-util/1.0.1/kerb-util-1.0.1.jar:/home/runner/.m2/repository/org/apache/kerby/token-provider/1.0.1/token-provider-1.0.1.jar:/home/runner/.m2/repository/org/apache/kerby/kerb-admin/1.0.1/kerb-admin-1.0.1.jar:/home/runner/.m2/repository/org/apache/kerby/kerb-server/1.0.1/kerb-server-1.0.1.jar:/home/runner/.m2/repository/org/apache/kerby/kerb-identity/1.0.1/kerb-identity-1.0.1.jar:/home/runner/.m2/repository/org/apache/kerby/kerby-xdr/1.0.1/kerby-xdr-1.0.1.jar:/home/runner/.m2/repository/org/slf4j/slf4j-log4j12/1.7.30/slf4j-log4j12-1.7.30.jar:/home/runner/.m2/repository/org/apache/ozone/ozone-s3gateway/1.3.0-SNAPSHOT/ozone-s3gateway-1.3.0-SNAPSHOT.jar:/home/runner/.m2/repository/org/javassist/javassist/3.21.0-GA/javassist-3.21.0-GA.jar:/home/runner/.m2/repository/org/jboss/weld/servlet/weld-servlet/2.4.7.Final/weld-servlet-2.4.7.Final.jar:/home/runner/.m2/repository/org/glassfish/jersey/containers/jersey-container-servlet-core/2.33/jersey-container-servlet-core-2.33.jar:/home/runner/.m2/repository/org/glassfish/hk2/external/jakarta.inject/2.6.1/jakarta.inject-2.6.1.jar:/home/runner/.m2/repository/org/glassfish/jersey/core/jersey-common/2.33/jersey-common-2.33.jar:/home/runner/.m2/repository/jakarta/ws/rs/jakarta.ws.rs-api/2.1.6/jakarta.ws.rs-api-2.1.6.jar:/home/runner/.m2/repository/org/glassfish/jersey/ext/cdi/jersey-cdi1x/2.33/jersey-cdi1x-2.33.jar:/home/runner/.m2/repository/org/glassfish/jersey/inject/jersey-hk2/2.33/jersey-hk2-2.33.jar:/home/runner/.m2/repository/org/glassfish/hk2/hk2-locator/2.6.1/hk2-locator-2.6.1.jar:/home/runner/.m2/repository/org/glassfish/jersey/media/jersey-media-jaxb/2.33/jersey-media-jaxb-2.33.jar:/home/runner/.m2/repository/org/glassfish/hk2/osgi-resource-locator/1.0.3/osgi-resource-locator-1.0.3.jar:/home/runner/.m2/repository/org/glassfish/hk2/hk2-api/2.5.0/hk2-api-2.5.0.jar:/home/runner/.m2/repository/org/glassfish/hk2/hk2-utils/2.5.0/hk2-utils-2.5.0.jar:/home/runner/.m2/repository/org/glassfish/hk2/external/aopalliance-repackaged/2.5.0/aopalliance-repackaged-2.5.0.jar:/home/runner/.m2/repository/com/fasterxml/jackson/dataformat/jackson-dataformat-xml/2.12.1/jackson-dataformat-xml-2.12.1.jar:/home/runner/.m2/repository/com/fasterxml/jackson/core/jackson-core/2.12.1/jackson-core-2.12.1.jar:/home/runner/.m2/repository/com/fasterxml/jackson/module/jackson-module-jaxb-annotations/2.12.1/jackson-module-jaxb-annotations-2.12.1.jar:/home/runner/.m2/repository/jakarta/xml/bind/jakarta.xml.bind-api/2.3.2/jakarta.xml.bind-api-2.3.2.jar:/home/runner/.m2/repository/org/codehaus/woodstox/stax2-api/3.1.4/stax2-api-3.1.4.jar:/home/runner/.m2/repository/com/fasterxml/woodstox/woodstox-core/5.0.3/woodstox-core-5.0.3.jar:/home/runner/.m2/repository/javax/enterprise/cdi-api/1.2/cdi-api-1.2.jar:/home/runner/.m2/repository/javax/el/javax.el-api/3.0.0/javax.el-api-3.0.0.jar:/home/runner/.m2/repository/javax/interceptor/javax.interceptor-api/1.2/javax.interceptor-api-1.2.jar:/home/runner/.m2/repository/javax/inject/javax.inject/1/javax.inject-1.jar:/home/runner/.m2/repository/javax/xml/bind/jaxb-api/2.3.0/jaxb-api-2.3.0.jar:/home/runner/.m2/repository/org/glassfish/jaxb/jaxb-runtime/2.3.0.1/jaxb-runtime-2.3.0.1.jar:/home/runner/.m2/repository/org/glassfish/jaxb/jaxb-core/2.3.0.1/jaxb-core-2.3.0.1.jar:/home/runner/.m2/repository/org/glassfish/jaxb/txw2/2.3.0.1/txw2-2.3.0.1.jar:/home/runner/.m2/repository/com/sun/istack/istack-commons-runtime/3.0.5/istack-commons-runtime-3.0.5.jar:/home/runner/.m2/repository/org/jvnet/staxex/stax-ex/1.7.8/stax-ex-1.7.8.jar:/home/runner/.m2/repository/com/sun/xml/fastinfoset/FastInfoset/1.2.13/FastInfoset-1.2.13.jar:/home/runner/.m2/repository/javax/activation/activation/1.1.1/activation-1.1.1.jar:/home/runner/.m2/repository/org/apache/ozone/ozone-csi/1.3.0-SNAPSHOT/ozone-csi-1.3.0-SNAPSHOT.jar:/home/runner/.m2/repository/com/google/protobuf/protobuf-java-util/3.12.0/protobuf-java-util-3.12.0.jar:/home/runner/.m2/repository/com/google/code/gson/gson/2.2.4/gson-2.2.4.jar:/home/runner/.m2/repository/org/apache/ozone/hdds-config/1.3.0-SNAPSHOT/hdds-config-1.3.0-SNAPSHOT.jar:/home/runner/.m2/repository/io/grpc/grpc-netty/1.33.0/grpc-netty-1.33.0.jar:/home/runner/.m2/repository/io/grpc/grpc-core/1.33.0/grpc-core-1.33.0.jar:/home/runner/.m2/repository/com/google/android/annotations/4.1.1.4/annotations-4.1.1.4.jar:/home/runner/.m2/repository/io/netty/netty-codec-http2/4.1.63.Final/netty-codec-http2-4.1.63.Final.jar:/home/runner/.m2/repository/io/netty/netty-codec-http/4.1.63.Final/netty-codec-http-4.1.63.Final.jar:/home/runner/.m2/repository/io/netty/netty-handler-proxy/4.1.63.Final/netty-handler-proxy-4.1.63.Final.jar:/home/runner/.m2/repository/io/netty/netty-codec-socks/4.1.63.Final/netty-codec-socks-4.1.63.Final.jar:/home/runner/.m2/repository/io/perfmark/perfmark-api/0.19.0/perfmark-api-0.19.0.jar:/home/runner/.m2/repository/org/codehaus/mojo/animal-sniffer-annotations/1.18/animal-sniffer-annotations-1.18.jar:/home/runner/.m2/repository/io/netty/netty-transport-native-epoll/4.1.63.Final/netty-transport-native-epoll-4.1.63.Final.jar:/home/runner/.m2/repository/io/netty/netty-common/4.1.63.Final/netty-common-4.1.63.Final.jar:/home/runner/.m2/repository/io/netty/netty-buffer/4.1.63.Final/netty-buffer-4.1.63.Final.jar:/home/runner/.m2/repository/io/netty/netty-transport-native-unix-common/4.1.63.Final/netty-transport-native-unix-common-4.1.63.Final.jar:/home/runner/.m2/repository/io/grpc/grpc-protobuf/1.33.0/grpc-protobuf-1.33.0.jar:/home/runner/.m2/repository/io/grpc/grpc-api/1.33.0/grpc-api-1.33.0.jar:/home/runner/.m2/repository/io/grpc/grpc-context/1.33.0/grpc-context-1.33.0.jar:/home/runner/.m2/repository/com/google/api/grpc/proto-google-common-protos/1.17.0/proto-google-common-protos-1.17.0.jar:/home/runner/.m2/repository/io/grpc/grpc-protobuf-lite/1.33.0/grpc-protobuf-lite-1.33.0.jar:/home/runner/.m2/repository/io/grpc/grpc-stub/1.33.0/grpc-stub-1.33.0.jar:/home/runner/.m2/repository/org/apache/ozone/ozone-recon/1.3.0-SNAPSHOT/ozone-recon-1.3.0-SNAPSHOT.jar:/home/runner/.m2/repository/org/apache/ozone/ozone-reconcodegen/1.3.0-SNAPSHOT/ozone-reconcodegen-1.3.0-SNAPSHOT.jar:/home/runner/.m2/repository/com/google/inject/extensions/guice-multibindings/4.0/guice-multibindings-4.0.jar:/home/runner/.m2/repository/com/google/inject/guice/4.0/guice-4.0.jar:/home/runner/.m2/repository/aopalliance/aopalliance/1.0/aopalliance-1.0.jar:/home/runner/.m2/repository/com/google/inject/extensions/guice-assistedinject/4.0/guice-assistedinject-4.0.jar:/home/runner/.m2/repository/com/google/inject/extensions/guice-servlet/4.0/guice-servlet-4.0.jar:/home/runner/.m2/repository/org/glassfish/jersey/containers/jersey-container-servlet/2.33/jersey-container-servlet-2.33.jar:/home/runner/.m2/repository/org/glassfish/hk2/guice-bridge/2.5.0/guice-bridge-2.5.0.jar:/home/runner/.m2/repository/org/glassfish/jersey/core/jersey-server/2.33/jersey-server-2.33.jar:/home/runner/.m2/repository/org/glassfish/jersey/core/jersey-client/2.33/jersey-client-2.33.jar:/home/runner/.m2/repository/jakarta/annotation/jakarta.annotation-api/1.3.5/jakarta.annotation-api-1.3.5.jar:/home/runner/.m2/repository/jakarta/validation/jakarta.validation-api/2.0.2/jakarta.validation-api-2.0.2.jar:/home/runner/.m2/repository/org/glassfish/jersey/media/jersey-media-json-jackson/2.33/jersey-media-json-jackson-2.33.jar:/home/runner/.m2/repository/org/glassfish/jersey/ext/jersey-entity-filtering/2.33/jersey-entity-filtering-2.33.jar:/home/runner/.m2/repository/org/jooq/jooq/3.11.10/jooq-3.11.10.jar:/home/runner/.m2/repository/org/jooq/jooq-meta/3.11.10/jooq-meta-3.11.10.jar:/home/runner/.m2/repository/org/jooq/jooq-codegen/3.11.10/jooq-codegen-3.11.10.jar:/home/runner/.m2/repository/com/jolbox/bonecp/0.8.0.RELEASE/bonecp-0.8.0.RELEASE.jar:/home/runner/.m2/repository/org/apache/derby/derby/10.14.2.0/derby-10.14.2.0.jar:/home/runner/.m2/repository/org/xerial/sqlite-jdbc/3.25.2/sqlite-jdbc-3.25.2.jar:/home/runner/.m2/repository/org/springframework/spring-jdbc/5.2.18.RELEASE/spring-jdbc-5.2.18.RELEASE.jar:/home/runner/.m2/repository/org/springframework/spring-beans/5.2.18.RELEASE/spring-beans-5.2.18.RELEASE.jar:/home/runner/.m2/repository/org/springframework/spring-core/5.2.18.RELEASE/spring-core-5.2.18.RELEASE.jar:/home/runner/.m2/repository/org/springframework/spring-jcl/5.2.18.RELEASE/spring-jcl-5.2.18.RELEASE.jar:/home/runner/.m2/repository/org/springframework/spring-tx/5.2.18.RELEASE/spring-tx-5.2.18.RELEASE.jar:/home/runner/.m2/repository/org/apache/ozone/ozone-client/1.3.0-SNAPSHOT/ozone-client-1.3.0-SNAPSHOT.jar:/home/runner/.m2/repository/org/apache/ozone/ozone-filesystem/1.3.0-SNAPSHOT/ozone-filesystem-1.3.0-SNAPSHOT.jar:/home/runner/.m2/repository/org/apache/ozone/ozone-filesystem-common/1.3.0-SNAPSHOT/ozone-filesystem-common-1.3.0-SNAPSHOT.jar:/home/runner/.m2/repository/org/apache/ozone/ozone-tools/1.3.0-SNAPSHOT/ozone-tools-1.3.0-SNAPSHOT.jar:/home/runner/.m2/repository/org/apache/ratis/ratis-tools/2.2.0/ratis-tools-2.2.0.jar:/home/runner/.m2/repository/com/amazonaws/aws-java-sdk-core/1.12.124/aws-java-sdk-core-1.12.124.jar:/home/runner/.m2/repository/org/apache/httpcomponents/httpclient/4.5.13/httpclient-4.5.13.jar:/home/runner/.m2/repository/org/apache/httpcomponents/httpcore/4.4.13/httpcore-4.4.13.jar:/home/runner/.m2/repository/software/amazon/ion/ion-java/1.0.2/ion-java-1.0.2.jar:/home/runner/.m2/repository/com/fasterxml/jackson/dataformat/jackson-dataformat-cbor/2.12.1/jackson-dataformat-cbor-2.12.1.jar:/home/runner/.m2/repository/joda-time/joda-time/2.8.1/joda-time-2.8.1.jar:/home/runner/.m2/repository/com/amazonaws/aws-java-sdk-s3/1.12.124/aws-java-sdk-s3-1.12.124.jar:/home/runner/.m2/repository/com/amazonaws/aws-java-sdk-kms/1.12.124/aws-java-sdk-kms-1.12.124.jar:/home/runner/.m2/repository/com/amazonaws/jmespath-java/1.12.124/jmespath-java-1.12.124.jar:/home/runner/.m2/repository/org/kohsuke/metainf-services/metainf-services/1.8/metainf-services-1.8.jar:/home/runner/.m2/repository/org/apache/ozone/hdds-tools/1.3.0-SNAPSHOT/hdds-tools-1.3.0-SNAPSHOT.jar:/home/runner/.m2/repository/commons-cli/commons-cli/1.2/commons-cli-1.2.jar:/home/runner/.m2/repository/org/apache/commons/commons-lang3/3.7/commons-lang3-3.7.jar:/home/runner/.m2/repository/org/apache/ozone/ozone-manager/1.3.0-SNAPSHOT/ozone-manager-1.3.0-SNAPSHOT-tests.jar:/home/runner/.m2/repository/org/apache/ozone/hdds-common/1.3.0-SNAPSHOT/hdds-common-1.3.0-SNAPSHOT-tests.jar:/home/runner/.m2/repository/org/apache/ozone/hdds-hadoop-dependency-client/1.3.0-SNAPSHOT/hdds-hadoop-dependency-client-1.3.0-SNAPSHOT.jar:/home/runner/.m2/repository/info/picocli/picocli/4.6.1/picocli-4.6.1.jar:/home/runner/.m2/repository/com/fasterxml/jackson/core/jackson-annotations/2.12.1/jackson-annotations-2.12.1.jar:/home/runner/.m2/repository/javax/annotation/javax.annotation-api/1.2/javax.annotation-api-1.2.jar:/home/runner/.m2/repository/org/apache/ratis/ratis-server/2.2.0/ratis-server-2.2.0.jar:/home/runner/.m2/repository/org/apache/ratis/ratis-client/2.2.0/ratis-client-2.2.0.jar:/home/runner/.m2/repository/org/apache/ratis/ratis-server-api/2.2.0/ratis-server-api-2.2.0.jar:/home/runner/.m2/repository/org/apache/ratis/ratis-metrics/2.2.0/ratis-metrics-2.2.0.jar:/home/runner/.m2/repository/org/apache/ratis/ratis-netty/2.2.0/ratis-netty-2.2.0.jar:/home/runner/.m2/repository/org/apache/ratis/ratis-grpc/2.2.0/ratis-grpc-2.2.0.jar:/home/runner/.m2/repository/org/apache/logging/log4j/log4j-api/2.17.1/log4j-api-2.17.1.jar:/home/runner/.m2/repository/org/apache/logging/log4j/log4j-core/2.17.1/log4j-core-2.17.1.jar:/home/runner/.m2/repository/com/lmax/disruptor/3.4.2/disruptor-3.4.2.jar:/home/runner/.m2/repository/org/apache/commons/commons-pool2/2.6.0/commons-pool2-2.6.0.jar:/home/runner/.m2/repository/org/bouncycastle/bcpkix-jdk15on/1.67/bcpkix-jdk15on-1.67.jar:/home/runner/.m2/repository/commons-validator/commons-validator/1.6/commons-validator-1.6.jar:/home/runner/.m2/repository/commons-beanutils/commons-beanutils/1.9.4/commons-beanutils-1.9.4.jar:/home/runner/.m2/repository/commons-digester/commons-digester/1.8.1/commons-digester-1.8.1.jar:/home/runner/.m2/repository/commons-collections/commons-collections/3.2.2/commons-collections-3.2.2.jar:/home/runner/.m2/repository/io/jaegertracing/jaeger-client/1.6.0/jaeger-client-1.6.0.jar:/home/runner/.m2/repository/io/jaegertracing/jaeger-thrift/1.6.0/jaeger-thrift-1.6.0.jar:/home/runner/.m2/repository/org/apache/thrift/libthrift/0.14.1/libthrift-0.14.1.jar:/home/runner/.m2/repository/com/squareup/okhttp3/okhttp/4.9.0/okhttp-4.9.0.jar:/home/runner/.m2/repository/com/squareup/okio/okio/2.8.0/okio-2.8.0.jar:/home/runner/.m2/repository/io/jaegertracing/jaeger-core/1.6.0/jaeger-core-1.6.0.jar:/home/runner/.m2/repository/io/jaegertracing/jaeger-tracerresolver/1.6.0/jaeger-tracerresolver-1.6.0.jar:/home/runner/.m2/repository/io/opentracing/contrib/opentracing-tracerresolver/0.1.8/opentracing-tracerresolver-0.1.8.jar:/home/runner/.m2/repository/org/jetbrains/kotlin/kotlin-stdlib/1.4.31/kotlin-stdlib-1.4.31.jar:/home/runner/.m2/repository/org/jetbrains/kotlin/kotlin-stdlib-common/1.4.31/kotlin-stdlib-common-1.4.31.jar:/home/runner/.m2/repository/org/jetbrains/annotations/13.0/annotations-13.0.jar:/home/runner/.m2/repository/io/opentracing/opentracing-util/0.33.0/opentracing-util-0.33.0.jar:/home/runner/.m2/repository/io/opentracing/opentracing-api/0.33.0/opentracing-api-0.33.0.jar:/home/runner/.m2/repository/io/opentracing/opentracing-noop/0.33.0/opentracing-noop-0.33.0.jar:/home/runner/.m2/repository/org/yaml/snakeyaml/1.26/snakeyaml-1.26.jar:/home/runner/.m2/repository/org/apache/ozone/hdds-interface-admin/1.3.0-SNAPSHOT/hdds-interface-admin-1.3.0-SNAPSHOT.jar:/home/runner/.m2/repository/junit/junit/4.13.1/junit-4.13.1.jar:/home/runner/.m2/repository/org/hamcrest/hamcrest-core/1.3/hamcrest-core-1.3.jar:/home/runner/.m2/repository/org/junit/jupiter/junit-jupiter-api/5.7.0/junit-jupiter-api-5.7.0.jar:/home/runner/.m2/repository/org/apiguardian/apiguardian-api/1.1.0/apiguardian-api-1.1.0.jar:/home/runner/.m2/repository/org/opentest4j/opentest4j/1.2.0/opentest4j-1.2.0.jar:/home/runner/.m2/repository/org/junit/platform/junit-platform-commons/1.7.0/junit-platform-commons-1.7.0.jar:/home/runner/.m2/repository/org/junit/jupiter/junit-jupiter-engine/5.7.0/junit-jupiter-engine-5.7.0.jar:/home/runner/.m2/repository/org/junit/platform/junit-platform-engine/1.7.0/junit-platform-engine-1.7.0.jar:/home/runner/.m2/repository/org/junit/vintage/junit-vintage-engine/5.7.0/junit-vintage-engine-5.7.0.jar:/home/runner/.m2/repository/org/junit/platform/junit-platform-launcher/1.7.0/junit-platform-launcher-1.7.0.jar:/home/runner/.m2/repository/org/mockito/mockito-core/2.28.2/mockito-core-2.28.2.jar:/home/runner/.m2/repository/net/bytebuddy/byte-buddy/1.9.10/byte-buddy-1.9.10.jar:/home/runner/.m2/repository/net/bytebuddy/byte-buddy-agent/1.9.10/byte-buddy-agent-1.9.10.jar:/home/runner/.m2/repository/org/objenesis/objenesis/1.0/objenesis-1.0.jar:/home/runner/.m2/repository/org/apache/hadoop/hadoop-kms/3.3.1/hadoop-kms-3.3.1.jar:/home/runner/.m2/repository/org/apache/hadoop/hadoop-auth/3.3.1/hadoop-auth-3.3.1.jar:/home/runner/.m2/repository/com/nimbusds/nimbus-jose-jwt/7.9/nimbus-jose-jwt-7.9.jar:/home/runner/.m2/repository/com/github/stephenc/jcip/jcip-annotations/1.0-1/jcip-annotations-1.0-1.jar:/home/runner/.m2/repository/net/minidev/json-smart/2.3.1/json-smart-2.3.1.jar:/home/runner/.m2/repository/net/minidev/accessors-smart/2.3.1/accessors-smart-2.3.1.jar:/home/runner/.m2/repository/org/ow2/asm/asm/5.0.4/asm-5.0.4.jar:/home/runner/.m2/repository/org/apache/zookeeper/zookeeper/3.5.6/zookeeper-3.5.6.jar:/home/runner/.m2/repository/org/apache/zookeeper/zookeeper-jute/3.5.6/zookeeper-jute-3.5.6.jar:/home/runner/.m2/repository/org/apache/yetus/audience-annotations/0.5.0/audience-annotations-0.5.0.jar:/home/runner/.m2/repository/org/apache/curator/curator-framework/4.2.0/curator-framework-4.2.0.jar:/home/runner/.m2/repository/org/apache/hadoop/thirdparty/hadoop-shaded-guava/1.1.1/hadoop-shaded-guava-1.1.1.jar:/home/runner/.m2/repository/com/sun/jersey/jersey-core/1.19/jersey-core-1.19.jar:/home/runner/.m2/repository/javax/ws/rs/jsr311-api/1.1.1/jsr311-api-1.1.1.jar:/home/runner/.m2/repository/com/sun/jersey/jersey-server/1.19/jersey-server-1.19.jar:/home/runner/.m2/repository/javax/servlet/javax.servlet-api/3.1.0/javax.servlet-api-3.1.0.jar:/home/runner/.m2/repository/org/eclipse/jetty/jetty-server/9.4.43.v20210629/jetty-server-9.4.43.v20210629.jar:/home/runner/.m2/repository/org/eclipse/jetty/jetty-http/9.4.43.v20210629/jetty-http-9.4.43.v20210629.jar:/home/runner/.m2/repository/org/eclipse/jetty/jetty-io/9.4.43.v20210629/jetty-io-9.4.43.v20210629.jar:/home/runner/.m2/repository/org/eclipse/jetty/jetty-webapp/9.4.43.v20210629/jetty-webapp-9.4.43.v20210629.jar:/home/runner/.m2/repository/org/eclipse/jetty/jetty-xml/9.4.43.v20210629/jetty-xml-9.4.43.v20210629.jar:/home/runner/.m2/repository/org/apache/hadoop/hadoop-common/3.3.1/hadoop-common-3.3.1.jar:/home/runner/.m2/repository/org/apache/commons/commons-math3/3.1.1/commons-math3-3.1.1.jar:/home/runner/.m2/repository/commons-net/commons-net/3.6/commons-net-3.6.jar:/home/runner/.m2/repository/jakarta/activation/jakarta.activation-api/1.2.1/jakarta.activation-api-1.2.1.jar:/home/runner/.m2/repository/com/sun/jersey/jersey-servlet/1.19/jersey-servlet-1.19.jar:/home/runner/.m2/repository/com/sun/jersey/jersey-json/1.19/jersey-json-1.19.jar:/home/runner/.m2/repository/org/codehaus/jettison/jettison/1.1/jettison-1.1.jar:/home/runner/.m2/repository/com/sun/xml/bind/jaxb-impl/2.2.3-1/jaxb-impl-2.2.3-1.jar:/home/runner/.m2/repository/org/codehaus/jackson/jackson-jaxrs/1.9.2/jackson-jaxrs-1.9.2.jar:/home/runner/.m2/repository/org/codehaus/jackson/jackson-xc/1.9.2/jackson-xc-1.9.2.jar:/home/runner/.m2/repository/org/apache/commons/commons-configuration2/2.1.1/commons-configuration2-2.1.1.jar:/home/runner/.m2/repository/org/apache/commons/commons-text/1.4/commons-text-1.4.jar:/home/runner/.m2/repository/com/google/re2j/re2j/1.1/re2j-1.1.jar:/home/runner/.m2/repository/com/jcraft/jsch/0.1.54/jsch-0.1.54.jar:/home/runner/.m2/repository/org/apache/curator/curator-client/4.2.0/curator-client-4.2.0.jar:/home/runner/.m2/repository/org/apache/curator/curator-recipes/4.2.0/curator-recipes-4.2.0.jar:/home/runner/.m2/repository/org/apache/kerby/kerb-core/1.0.1/kerb-core-1.0.1.jar:/home/runner/.m2/repository/org/apache/kerby/kerby-pkix/1.0.1/kerby-pkix-1.0.1.jar:/home/runner/.m2/repository/org/apache/kerby/kerby-asn1/1.0.1/kerby-asn1-1.0.1.jar:/home/runner/.m2/repository/org/apache/kerby/kerby-util/1.0.1/kerby-util-1.0.1.jar:/home/runner/.m2/repository/dnsjava/dnsjava/2.1.7/dnsjava-2.1.7.jar:/home/runner/.m2/repository/org/xerial/snappy/snappy-java/1.1.8.2/snappy-java-1.1.8.2.jar:/home/runner/.m2/repository/org/slf4j/jul-to-slf4j/1.7.30/jul-to-slf4j-1.7.30.jar:/home/runner/.m2/repository/org/eclipse/jetty/jetty-util/9.4.43.v20210629/jetty-util-9.4.43.v20210629.jar:/home/runner/.m2/repository/com/fasterxml/jackson/core/jackson-databind/2.12.1/jackson-databind-2.12.1.jar:/home/runner/.m2/repository/org/apache/hadoop/hadoop-kms/3.3.1/hadoop-kms-3.3.1-tests.jar:/home/runner/.m2/repository/org/apache/ozone/hdds-server-scm/1.3.0-SNAPSHOT/hdds-server-scm-1.3.0-SNAPSHOT-tests.jar:/home/runner/.m2/repository/org/apache/ozone/hdds-container-service/1.3.0-SNAPSHOT/hdds-container-service-1.3.0-SNAPSHOT-tests.jar:/home/runner/.m2/repository/commons-codec/commons-codec/1.11/commons-codec-1.11.jar:/home/runner/.m2/repository/io/netty/netty-transport/4.1.63.Final/netty-transport-4.1.63.Final.jar:/home/runner/.m2/repository/io/netty/netty-resolver/4.1.63.Final/netty-resolver-4.1.63.Final.jar:/home/runner/.m2/repository/io/netty/netty-codec/4.1.63.Final/netty-codec-4.1.63.Final.jar:/home/runner/.m2/repository/io/netty/netty-handler/4.1.63.Final/netty-handler-4.1.63.Final.jar:/home/runner/.m2/repository/org/apache/ozone/hdds-hadoop-dependency-test/1.3.0-SNAPSHOT/hdds-hadoop-dependency-test-1.3.0-SNAPSHOT.jar:/home/runner/.m2/repository/org/apache/hadoop/hadoop-common/3.3.1/hadoop-common-3.3.1-tests.jar:/home/runner/.m2/repository/org/assertj/assertj-core/3.12.2/assertj-core-3.12.2.jar:/home/runner/.m2/repository/org/apache/hadoop/hadoop-hdfs/3.3.1/hadoop-hdfs-3.3.1-tests.jar:/home/runner/.m2/repository/org/eclipse/jetty/jetty-util-ajax/9.4.43.v20210629/jetty-util-ajax-9.4.43.v20210629.jar:/home/runner/.m2/repository/commons-daemon/commons-daemon/1.0.13/commons-daemon-1.0.13.jar:/home/runner/.m2/repository/io/netty/netty/3.10.6.Final/netty-3.10.6.Final.jar:/home/runner/.m2/repository/io/netty/netty-all/4.1.63.Final/netty-all-4.1.63.Final.jar:/home/runner/.m2/repository/org/apache/htrace/htrace-core4/4.1.0-incubating/htrace-core4-4.1.0-incubating.jar:/home/runner/.m2/repository/org/fusesource/leveldbjni/leveldbjni-all/1.8/leveldbjni-all-1.8.jar:/home/runner/.m2/repository/org/apache/hadoop/hadoop-distcp/3.3.1/hadoop-distcp-3.3.1.jar:/home/runner/.m2/repository/org/apache/hadoop/hadoop-mapreduce-client-jobclient/3.3.1/hadoop-mapreduce-client-jobclient-3.3.1.jar:/home/runner/.m2/repository/org/apache/hadoop/hadoop-mapreduce-client-common/3.3.1/hadoop-mapreduce-client-common-3.3.1.jar:/home/runner/.m2/repository/org/apache/hadoop/hadoop-yarn-common/3.3.1/hadoop-yarn-common-3.3.1.jar:/home/runner/.m2/repository/org/apache/hadoop/hadoop-yarn-api/3.3.1/hadoop-yarn-api-3.3.1.jar:/home/runner/.m2/repository/com/sun/jersey/jersey-client/1.19/jersey-client-1.19.jar:/home/runner/.m2/repository/com/sun/jersey/contribs/jersey-guice/1.19/jersey-guice-1.19.jar:/home/runner/.m2/repository/com/fasterxml/jackson/jaxrs/jackson-jaxrs-json-provider/2.12.1/jackson-jaxrs-json-provider-2.12.1.jar:/home/runner/.m2/repository/com/fasterxml/jackson/jaxrs/jackson-jaxrs-base/2.12.1/jackson-jaxrs-base-2.12.1.jar:/home/runner/.m2/repository/org/apache/hadoop/hadoop-yarn-client/3.3.1/hadoop-yarn-client-3.3.1.jar:/home/runner/.m2/repository/org/eclipse/jetty/websocket/websocket-client/9.4.40.v20210413/websocket-client-9.4.40.v20210413.jar:/home/runner/.m2/repository/org/eclipse/jetty/jetty-client/9.4.40.v20210413/jetty-client-9.4.40.v20210413.jar:/home/runner/.m2/repository/org/eclipse/jetty/websocket/websocket-common/9.4.40.v20210413/websocket-common-9.4.40.v20210413.jar:/home/runner/.m2/repository/org/eclipse/jetty/websocket/websocket-api/9.4.40.v20210413/websocket-api-9.4.40.v20210413.jar:/home/runner/.m2/repository/org/jline/jline/3.9.0/jline-3.9.0.jar:/home/runner/.m2/repository/org/apache/hadoop/hadoop-mapreduce-client-core/3.3.1/hadoop-mapreduce-client-core-3.3.1.jar:/home/runner/.m2/repository/org/apache/avro/avro/1.7.7/avro-1.7.7.jar:/home/runner/.m2/repository/org/codehaus/jackson/jackson-core-asl/1.9.13/jackson-core-asl-1.9.13.jar:/home/runner/.m2/repository/org/codehaus/jackson/jackson-mapper-asl/1.9.13/jackson-mapper-asl-1.9.13.jar:/home/runner/.m2/repository/com/thoughtworks/paranamer/paranamer/2.3/paranamer-2.3.jar:/home/runner/.m2/repository/org/apache/hadoop/hadoop-annotations/3.3.1/hadoop-annotations-3.3.1.jar:/usr/lib/jvm/temurin-8-jdk-amd64/jre/../lib/tools.jar:/home/runner/.m2/repository/org/apache/hadoop/hadoop-distcp/3.3.1/hadoop-distcp-3.3.1-tests.jar:/home/runner/.m2/repository/org/apache/ratis/ratis-common/2.2.0/ratis-common-2.2.0.jar:/home/runner/.m2/repository/org/apache/ratis/ratis-thirdparty-misc/0.7.0/ratis-thirdparty-misc-0.7.0.jar:/home/runner/.m2/repository/org/apache/ratis/ratis-proto/2.2.0/ratis-proto-2.2.0.jar:"/>
    <property name="java.vm.vendor" value="Temurin"/>
    <property name="sun.arch.data.model" value="64"/>
    <property name="test.build.dir" value="/home/runner/work/ozone/ozone/hadoop-ozone/integration-test/target/test-dir"/>
    <property name="test.cache.data" value=""/>
    <property name="java.vendor.url" value="https://adoptium.net/"/>
    <property name="user.timezone" value=""/>
    <property name="java.vm.specification.version" value="1.8"/>
    <property name="os.name" value="Linux"/>
    <property name="test.build.data" value="/home/runner/work/ozone/ozone/hadoop-ozone/integration-test/target/test-dir"/>
    <property name="sun.java.launcher" value="SUN_STANDARD"/>
    <property name="sun.boot.library.path" value="/usr/lib/jvm/temurin-8-jdk-amd64/jre/lib/amd64"/>
    <property name="sun.java.command" value="/home/runner/work/ozone/ozone/hadoop-ozone/integration-test/target/surefire/surefirebooter5889327300363336730.jar /home/runner/work/ozone/ozone/hadoop-ozone/integration-test/target/surefire 2022-01-24T17-19-56_969-jvmRun1 surefire6764874891102637764tmp surefire_134487122797036132900tmp"/>
    <property name="surefire.test.class.path" value="/home/runner/work/ozone/ozone/hadoop-ozone/integration-test/target/test-classes:/home/runner/work/ozone/ozone/hadoop-ozone/integration-test/target/classes:/home/runner/.m2/repository/org/apache/ozone/ozone-common/1.3.0-SNAPSHOT/ozone-common-1.3.0-SNAPSHOT.jar:/home/runner/.m2/repository/org/apache/commons/commons-compress/1.21/commons-compress-1.21.jar:/home/runner/.m2/repository/org/apache/ozone/hdds-common/1.3.0-SNAPSHOT/hdds-common-1.3.0-SNAPSHOT.jar:/home/runner/.m2/repository/org/apache/ozone/hdds-client/1.3.0-SNAPSHOT/hdds-client-1.3.0-SNAPSHOT.jar:/home/runner/.m2/repository/org/apache/ozone/ozone-interface-client/1.3.0-SNAPSHOT/ozone-interface-client-1.3.0-SNAPSHOT.jar:/home/runner/.m2/repository/org/apache/ozone/hdds-test-utils/1.3.0-SNAPSHOT/hdds-test-utils-1.3.0-SNAPSHOT.jar:/home/runner/.m2/repository/com/google/guava/guava/30.1.1-jre/guava-30.1.1-jre.jar:/home/runner/.m2/repository/com/google/guava/failureaccess/1.0.1/failureaccess-1.0.1.jar:/home/runner/.m2/repository/com/google/guava/listenablefuture/9999.0-empty-to-avoid-conflict-with-guava/listenablefuture-9999.0-empty-to-avoid-conflict-with-guava.jar:/home/runner/.m2/repository/com/google/code/findbugs/jsr305/3.0.0/jsr305-3.0.0.jar:/home/runner/.m2/repository/org/checkerframework/checker-qual/3.8.0/checker-qual-3.8.0.jar:/home/runner/.m2/repository/com/google/errorprone/error_prone_annotations/2.2.0/error_prone_annotations-2.2.0.jar:/home/runner/.m2/repository/com/google/j2objc/j2objc-annotations/1.3/j2objc-annotations-1.3.jar:/home/runner/.m2/repository/commons-io/commons-io/2.11.0/commons-io-2.11.0.jar:/home/runner/.m2/repository/commons-logging/commons-logging/1.2/commons-logging-1.2.jar:/home/runner/.m2/repository/log4j/log4j/1.2.17/log4j-1.2.17.jar:/home/runner/.m2/repository/org/slf4j/slf4j-api/1.7.30/slf4j-api-1.7.30.jar:/home/runner/.m2/repository/org/apache/ozone/hdds-server-scm/1.3.0-SNAPSHOT/hdds-server-scm-1.3.0-SNAPSHOT.jar:/home/runner/.m2/repository/org/apache/ozone/hdds-container-service/1.3.0-SNAPSHOT/hdds-container-service-1.3.0-SNAPSHOT.jar:/home/runner/.m2/repository/org/apache/ozone/hdds-hadoop-dependency-server/1.3.0-SNAPSHOT/hdds-hadoop-dependency-server-1.3.0-SNAPSHOT.jar:/home/runner/.m2/repository/org/apache/hadoop/hadoop-hdfs/3.3.1/hadoop-hdfs-3.3.1.jar:/home/runner/.m2/repository/org/apache/ozone/hdds-server-framework/1.3.0-SNAPSHOT/hdds-server-framework-1.3.0-SNAPSHOT.jar:/home/runner/.m2/repository/org/apache/ozone/hdds-interface-server/1.3.0-SNAPSHOT/hdds-interface-server-1.3.0-SNAPSHOT.jar:/home/runner/.m2/repository/org/eclipse/jetty/jetty-servlet/9.4.43.v20210629/jetty-servlet-9.4.43.v20210629.jar:/home/runner/.m2/repository/org/eclipse/jetty/jetty-security/9.4.43.v20210629/jetty-security-9.4.43.v20210629.jar:/home/runner/.m2/repository/org/rocksdb/rocksdbjni/6.25.3/rocksdbjni-6.25.3.jar:/home/runner/.m2/repository/io/prometheus/simpleclient_dropwizard/0.7.0/simpleclient_dropwizard-0.7.0.jar:/home/runner/.m2/repository/io/prometheus/simpleclient/0.7.0/simpleclient-0.7.0.jar:/home/runner/.m2/repository/io/prometheus/simpleclient_common/0.7.0/simpleclient_common-0.7.0.jar:/home/runner/.m2/repository/com/fasterxml/jackson/datatype/jackson-datatype-jsr310/2.12.1/jackson-datatype-jsr310-2.12.1.jar:/home/runner/.m2/repository/io/dropwizard/metrics/metrics-core/3.2.4/metrics-core-3.2.4.jar:/home/runner/.m2/repository/org/apache/hadoop/hadoop-hdfs-client/3.3.1/hadoop-hdfs-client-3.3.1.jar:/home/runner/.m2/repository/org/bouncycastle/bcprov-jdk15on/1.67/bcprov-jdk15on-1.67.jar:/home/runner/.m2/repository/com/google/protobuf/protobuf-java/2.5.0/protobuf-java-2.5.0.jar:/home/runner/.m2/repository/org/apache/ozone/ozone-manager/1.3.0-SNAPSHOT/ozone-manager-1.3.0-SNAPSHOT.jar:/home/runner/.m2/repository/org/aspectj/aspectjrt/1.9.7/aspectjrt-1.9.7.jar:/home/runner/.m2/repository/org/aspectj/aspectjweaver/1.9.7/aspectjweaver-1.9.7.jar:/home/runner/.m2/repository/org/apache/ozone/hdds-interface-client/1.3.0-SNAPSHOT/hdds-interface-client-1.3.0-SNAPSHOT.jar:/home/runner/.m2/repository/org/apache/hadoop/thirdparty/hadoop-shaded-protobuf_3_7/1.1.1/hadoop-shaded-protobuf_3_7-1.1.1.jar:/home/runner/.m2/repository/org/apache/ozone/ozone-interface-storage/1.3.0-SNAPSHOT/ozone-interface-storage-1.3.0-SNAPSHOT.jar:/home/runner/.m2/repository/org/reflections/reflections/0.9.11/reflections-0.9.11.jar:/home/runner/.m2/repository/org/apache/hadoop/hadoop-minikdc/3.3.1/hadoop-minikdc-3.3.1.jar:/home/runner/.m2/repository/org/apache/kerby/kerb-simplekdc/1.0.1/kerb-simplekdc-1.0.1.jar:/home/runner/.m2/repository/org/apache/kerby/kerb-client/1.0.1/kerb-client-1.0.1.jar:/home/runner/.m2/repository/org/apache/kerby/kerby-config/1.0.1/kerby-config-1.0.1.jar:/home/runner/.m2/repository/org/apache/kerby/kerb-common/1.0.1/kerb-common-1.0.1.jar:/home/runner/.m2/repository/org/apache/kerby/kerb-crypto/1.0.1/kerb-crypto-1.0.1.jar:/home/runner/.m2/repository/org/apache/kerby/kerb-util/1.0.1/kerb-util-1.0.1.jar:/home/runner/.m2/repository/org/apache/kerby/token-provider/1.0.1/token-provider-1.0.1.jar:/home/runner/.m2/repository/org/apache/kerby/kerb-admin/1.0.1/kerb-admin-1.0.1.jar:/home/runner/.m2/repository/org/apache/kerby/kerb-server/1.0.1/kerb-server-1.0.1.jar:/home/runner/.m2/repository/org/apache/kerby/kerb-identity/1.0.1/kerb-identity-1.0.1.jar:/home/runner/.m2/repository/org/apache/kerby/kerby-xdr/1.0.1/kerby-xdr-1.0.1.jar:/home/runner/.m2/repository/org/slf4j/slf4j-log4j12/1.7.30/slf4j-log4j12-1.7.30.jar:/home/runner/.m2/repository/org/apache/ozone/ozone-s3gateway/1.3.0-SNAPSHOT/ozone-s3gateway-1.3.0-SNAPSHOT.jar:/home/runner/.m2/repository/org/javassist/javassist/3.21.0-GA/javassist-3.21.0-GA.jar:/home/runner/.m2/repository/org/jboss/weld/servlet/weld-servlet/2.4.7.Final/weld-servlet-2.4.7.Final.jar:/home/runner/.m2/repository/org/glassfish/jersey/containers/jersey-container-servlet-core/2.33/jersey-container-servlet-core-2.33.jar:/home/runner/.m2/repository/org/glassfish/hk2/external/jakarta.inject/2.6.1/jakarta.inject-2.6.1.jar:/home/runner/.m2/repository/org/glassfish/jersey/core/jersey-common/2.33/jersey-common-2.33.jar:/home/runner/.m2/repository/jakarta/ws/rs/jakarta.ws.rs-api/2.1.6/jakarta.ws.rs-api-2.1.6.jar:/home/runner/.m2/repository/org/glassfish/jersey/ext/cdi/jersey-cdi1x/2.33/jersey-cdi1x-2.33.jar:/home/runner/.m2/repository/org/glassfish/jersey/inject/jersey-hk2/2.33/jersey-hk2-2.33.jar:/home/runner/.m2/repository/org/glassfish/hk2/hk2-locator/2.6.1/hk2-locator-2.6.1.jar:/home/runner/.m2/repository/org/glassfish/jersey/media/jersey-media-jaxb/2.33/jersey-media-jaxb-2.33.jar:/home/runner/.m2/repository/org/glassfish/hk2/osgi-resource-locator/1.0.3/osgi-resource-locator-1.0.3.jar:/home/runner/.m2/repository/org/glassfish/hk2/hk2-api/2.5.0/hk2-api-2.5.0.jar:/home/runner/.m2/repository/org/glassfish/hk2/hk2-utils/2.5.0/hk2-utils-2.5.0.jar:/home/runner/.m2/repository/org/glassfish/hk2/external/aopalliance-repackaged/2.5.0/aopalliance-repackaged-2.5.0.jar:/home/runner/.m2/repository/com/fasterxml/jackson/dataformat/jackson-dataformat-xml/2.12.1/jackson-dataformat-xml-2.12.1.jar:/home/runner/.m2/repository/com/fasterxml/jackson/core/jackson-core/2.12.1/jackson-core-2.12.1.jar:/home/runner/.m2/repository/com/fasterxml/jackson/module/jackson-module-jaxb-annotations/2.12.1/jackson-module-jaxb-annotations-2.12.1.jar:/home/runner/.m2/repository/jakarta/xml/bind/jakarta.xml.bind-api/2.3.2/jakarta.xml.bind-api-2.3.2.jar:/home/runner/.m2/repository/org/codehaus/woodstox/stax2-api/3.1.4/stax2-api-3.1.4.jar:/home/runner/.m2/repository/com/fasterxml/woodstox/woodstox-core/5.0.3/woodstox-core-5.0.3.jar:/home/runner/.m2/repository/javax/enterprise/cdi-api/1.2/cdi-api-1.2.jar:/home/runner/.m2/repository/javax/el/javax.el-api/3.0.0/javax.el-api-3.0.0.jar:/home/runner/.m2/repository/javax/interceptor/javax.interceptor-api/1.2/javax.interceptor-api-1.2.jar:/home/runner/.m2/repository/javax/inject/javax.inject/1/javax.inject-1.jar:/home/runner/.m2/repository/javax/xml/bind/jaxb-api/2.3.0/jaxb-api-2.3.0.jar:/home/runner/.m2/repository/org/glassfish/jaxb/jaxb-runtime/2.3.0.1/jaxb-runtime-2.3.0.1.jar:/home/runner/.m2/repository/org/glassfish/jaxb/jaxb-core/2.3.0.1/jaxb-core-2.3.0.1.jar:/home/runner/.m2/repository/org/glassfish/jaxb/txw2/2.3.0.1/txw2-2.3.0.1.jar:/home/runner/.m2/repository/com/sun/istack/istack-commons-runtime/3.0.5/istack-commons-runtime-3.0.5.jar:/home/runner/.m2/repository/org/jvnet/staxex/stax-ex/1.7.8/stax-ex-1.7.8.jar:/home/runner/.m2/repository/com/sun/xml/fastinfoset/FastInfoset/1.2.13/FastInfoset-1.2.13.jar:/home/runner/.m2/repository/javax/activation/activation/1.1.1/activation-1.1.1.jar:/home/runner/.m2/repository/org/apache/ozone/ozone-csi/1.3.0-SNAPSHOT/ozone-csi-1.3.0-SNAPSHOT.jar:/home/runner/.m2/repository/com/google/protobuf/protobuf-java-util/3.12.0/protobuf-java-util-3.12.0.jar:/home/runner/.m2/repository/com/google/code/gson/gson/2.2.4/gson-2.2.4.jar:/home/runner/.m2/repository/org/apache/ozone/hdds-config/1.3.0-SNAPSHOT/hdds-config-1.3.0-SNAPSHOT.jar:/home/runner/.m2/repository/io/grpc/grpc-netty/1.33.0/grpc-netty-1.33.0.jar:/home/runner/.m2/repository/io/grpc/grpc-core/1.33.0/grpc-core-1.33.0.jar:/home/runner/.m2/repository/com/google/android/annotations/4.1.1.4/annotations-4.1.1.4.jar:/home/runner/.m2/repository/io/netty/netty-codec-http2/4.1.63.Final/netty-codec-http2-4.1.63.Final.jar:/home/runner/.m2/repository/io/netty/netty-codec-http/4.1.63.Final/netty-codec-http-4.1.63.Final.jar:/home/runner/.m2/repository/io/netty/netty-handler-proxy/4.1.63.Final/netty-handler-proxy-4.1.63.Final.jar:/home/runner/.m2/repository/io/netty/netty-codec-socks/4.1.63.Final/netty-codec-socks-4.1.63.Final.jar:/home/runner/.m2/repository/io/perfmark/perfmark-api/0.19.0/perfmark-api-0.19.0.jar:/home/runner/.m2/repository/org/codehaus/mojo/animal-sniffer-annotations/1.18/animal-sniffer-annotations-1.18.jar:/home/runner/.m2/repository/io/netty/netty-transport-native-epoll/4.1.63.Final/netty-transport-native-epoll-4.1.63.Final.jar:/home/runner/.m2/repository/io/netty/netty-common/4.1.63.Final/netty-common-4.1.63.Final.jar:/home/runner/.m2/repository/io/netty/netty-buffer/4.1.63.Final/netty-buffer-4.1.63.Final.jar:/home/runner/.m2/repository/io/netty/netty-transport-native-unix-common/4.1.63.Final/netty-transport-native-unix-common-4.1.63.Final.jar:/home/runner/.m2/repository/io/grpc/grpc-protobuf/1.33.0/grpc-protobuf-1.33.0.jar:/home/runner/.m2/repository/io/grpc/grpc-api/1.33.0/grpc-api-1.33.0.jar:/home/runner/.m2/repository/io/grpc/grpc-context/1.33.0/grpc-context-1.33.0.jar:/home/runner/.m2/repository/com/google/api/grpc/proto-google-common-protos/1.17.0/proto-google-common-protos-1.17.0.jar:/home/runner/.m2/repository/io/grpc/grpc-protobuf-lite/1.33.0/grpc-protobuf-lite-1.33.0.jar:/home/runner/.m2/repository/io/grpc/grpc-stub/1.33.0/grpc-stub-1.33.0.jar:/home/runner/.m2/repository/org/apache/ozone/ozone-recon/1.3.0-SNAPSHOT/ozone-recon-1.3.0-SNAPSHOT.jar:/home/runner/.m2/repository/org/apache/ozone/ozone-reconcodegen/1.3.0-SNAPSHOT/ozone-reconcodegen-1.3.0-SNAPSHOT.jar:/home/runner/.m2/repository/com/google/inject/extensions/guice-multibindings/4.0/guice-multibindings-4.0.jar:/home/runner/.m2/repository/com/google/inject/guice/4.0/guice-4.0.jar:/home/runner/.m2/repository/aopalliance/aopalliance/1.0/aopalliance-1.0.jar:/home/runner/.m2/repository/com/google/inject/extensions/guice-assistedinject/4.0/guice-assistedinject-4.0.jar:/home/runner/.m2/repository/com/google/inject/extensions/guice-servlet/4.0/guice-servlet-4.0.jar:/home/runner/.m2/repository/org/glassfish/jersey/containers/jersey-container-servlet/2.33/jersey-container-servlet-2.33.jar:/home/runner/.m2/repository/org/glassfish/hk2/guice-bridge/2.5.0/guice-bridge-2.5.0.jar:/home/runner/.m2/repository/org/glassfish/jersey/core/jersey-server/2.33/jersey-server-2.33.jar:/home/runner/.m2/repository/org/glassfish/jersey/core/jersey-client/2.33/jersey-client-2.33.jar:/home/runner/.m2/repository/jakarta/annotation/jakarta.annotation-api/1.3.5/jakarta.annotation-api-1.3.5.jar:/home/runner/.m2/repository/jakarta/validation/jakarta.validation-api/2.0.2/jakarta.validation-api-2.0.2.jar:/home/runner/.m2/repository/org/glassfish/jersey/media/jersey-media-json-jackson/2.33/jersey-media-json-jackson-2.33.jar:/home/runner/.m2/repository/org/glassfish/jersey/ext/jersey-entity-filtering/2.33/jersey-entity-filtering-2.33.jar:/home/runner/.m2/repository/org/jooq/jooq/3.11.10/jooq-3.11.10.jar:/home/runner/.m2/repository/org/jooq/jooq-meta/3.11.10/jooq-meta-3.11.10.jar:/home/runner/.m2/repository/org/jooq/jooq-codegen/3.11.10/jooq-codegen-3.11.10.jar:/home/runner/.m2/repository/com/jolbox/bonecp/0.8.0.RELEASE/bonecp-0.8.0.RELEASE.jar:/home/runner/.m2/repository/org/apache/derby/derby/10.14.2.0/derby-10.14.2.0.jar:/home/runner/.m2/repository/org/xerial/sqlite-jdbc/3.25.2/sqlite-jdbc-3.25.2.jar:/home/runner/.m2/repository/org/springframework/spring-jdbc/5.2.18.RELEASE/spring-jdbc-5.2.18.RELEASE.jar:/home/runner/.m2/repository/org/springframework/spring-beans/5.2.18.RELEASE/spring-beans-5.2.18.RELEASE.jar:/home/runner/.m2/repository/org/springframework/spring-core/5.2.18.RELEASE/spring-core-5.2.18.RELEASE.jar:/home/runner/.m2/repository/org/springframework/spring-jcl/5.2.18.RELEASE/spring-jcl-5.2.18.RELEASE.jar:/home/runner/.m2/repository/org/springframework/spring-tx/5.2.18.RELEASE/spring-tx-5.2.18.RELEASE.jar:/home/runner/.m2/repository/org/apache/ozone/ozone-client/1.3.0-SNAPSHOT/ozone-client-1.3.0-SNAPSHOT.jar:/home/runner/.m2/repository/org/apache/ozone/ozone-filesystem/1.3.0-SNAPSHOT/ozone-filesystem-1.3.0-SNAPSHOT.jar:/home/runner/.m2/repository/org/apache/ozone/ozone-filesystem-common/1.3.0-SNAPSHOT/ozone-filesystem-common-1.3.0-SNAPSHOT.jar:/home/runner/.m2/repository/org/apache/ozone/ozone-tools/1.3.0-SNAPSHOT/ozone-tools-1.3.0-SNAPSHOT.jar:/home/runner/.m2/repository/org/apache/ratis/ratis-tools/2.2.0/ratis-tools-2.2.0.jar:/home/runner/.m2/repository/com/amazonaws/aws-java-sdk-core/1.12.124/aws-java-sdk-core-1.12.124.jar:/home/runner/.m2/repository/org/apache/httpcomponents/httpclient/4.5.13/httpclient-4.5.13.jar:/home/runner/.m2/repository/org/apache/httpcomponents/httpcore/4.4.13/httpcore-4.4.13.jar:/home/runner/.m2/repository/software/amazon/ion/ion-java/1.0.2/ion-java-1.0.2.jar:/home/runner/.m2/repository/com/fasterxml/jackson/dataformat/jackson-dataformat-cbor/2.12.1/jackson-dataformat-cbor-2.12.1.jar:/home/runner/.m2/repository/joda-time/joda-time/2.8.1/joda-time-2.8.1.jar:/home/runner/.m2/repository/com/amazonaws/aws-java-sdk-s3/1.12.124/aws-java-sdk-s3-1.12.124.jar:/home/runner/.m2/repository/com/amazonaws/aws-java-sdk-kms/1.12.124/aws-java-sdk-kms-1.12.124.jar:/home/runner/.m2/repository/com/amazonaws/jmespath-java/1.12.124/jmespath-java-1.12.124.jar:/home/runner/.m2/repository/org/kohsuke/metainf-services/metainf-services/1.8/metainf-services-1.8.jar:/home/runner/.m2/repository/org/apache/ozone/hdds-tools/1.3.0-SNAPSHOT/hdds-tools-1.3.0-SNAPSHOT.jar:/home/runner/.m2/repository/commons-cli/commons-cli/1.2/commons-cli-1.2.jar:/home/runner/.m2/repository/org/apache/commons/commons-lang3/3.7/commons-lang3-3.7.jar:/home/runner/.m2/repository/org/apache/ozone/ozone-manager/1.3.0-SNAPSHOT/ozone-manager-1.3.0-SNAPSHOT-tests.jar:/home/runner/.m2/repository/org/apache/ozone/hdds-common/1.3.0-SNAPSHOT/hdds-common-1.3.0-SNAPSHOT-tests.jar:/home/runner/.m2/repository/org/apache/ozone/hdds-hadoop-dependency-client/1.3.0-SNAPSHOT/hdds-hadoop-dependency-client-1.3.0-SNAPSHOT.jar:/home/runner/.m2/repository/info/picocli/picocli/4.6.1/picocli-4.6.1.jar:/home/runner/.m2/repository/com/fasterxml/jackson/core/jackson-annotations/2.12.1/jackson-annotations-2.12.1.jar:/home/runner/.m2/repository/javax/annotation/javax.annotation-api/1.2/javax.annotation-api-1.2.jar:/home/runner/.m2/repository/org/apache/ratis/ratis-server/2.2.0/ratis-server-2.2.0.jar:/home/runner/.m2/repository/org/apache/ratis/ratis-client/2.2.0/ratis-client-2.2.0.jar:/home/runner/.m2/repository/org/apache/ratis/ratis-server-api/2.2.0/ratis-server-api-2.2.0.jar:/home/runner/.m2/repository/org/apache/ratis/ratis-metrics/2.2.0/ratis-metrics-2.2.0.jar:/home/runner/.m2/repository/org/apache/ratis/ratis-netty/2.2.0/ratis-netty-2.2.0.jar:/home/runner/.m2/repository/org/apache/ratis/ratis-grpc/2.2.0/ratis-grpc-2.2.0.jar:/home/runner/.m2/repository/org/apache/logging/log4j/log4j-api/2.17.1/log4j-api-2.17.1.jar:/home/runner/.m2/repository/org/apache/logging/log4j/log4j-core/2.17.1/log4j-core-2.17.1.jar:/home/runner/.m2/repository/com/lmax/disruptor/3.4.2/disruptor-3.4.2.jar:/home/runner/.m2/repository/org/apache/commons/commons-pool2/2.6.0/commons-pool2-2.6.0.jar:/home/runner/.m2/repository/org/bouncycastle/bcpkix-jdk15on/1.67/bcpkix-jdk15on-1.67.jar:/home/runner/.m2/repository/commons-validator/commons-validator/1.6/commons-validator-1.6.jar:/home/runner/.m2/repository/commons-beanutils/commons-beanutils/1.9.4/commons-beanutils-1.9.4.jar:/home/runner/.m2/repository/commons-digester/commons-digester/1.8.1/commons-digester-1.8.1.jar:/home/runner/.m2/repository/commons-collections/commons-collections/3.2.2/commons-collections-3.2.2.jar:/home/runner/.m2/repository/io/jaegertracing/jaeger-client/1.6.0/jaeger-client-1.6.0.jar:/home/runner/.m2/repository/io/jaegertracing/jaeger-thrift/1.6.0/jaeger-thrift-1.6.0.jar:/home/runner/.m2/repository/org/apache/thrift/libthrift/0.14.1/libthrift-0.14.1.jar:/home/runner/.m2/repository/com/squareup/okhttp3/okhttp/4.9.0/okhttp-4.9.0.jar:/home/runner/.m2/repository/com/squareup/okio/okio/2.8.0/okio-2.8.0.jar:/home/runner/.m2/repository/io/jaegertracing/jaeger-core/1.6.0/jaeger-core-1.6.0.jar:/home/runner/.m2/repository/io/jaegertracing/jaeger-tracerresolver/1.6.0/jaeger-tracerresolver-1.6.0.jar:/home/runner/.m2/repository/io/opentracing/contrib/opentracing-tracerresolver/0.1.8/opentracing-tracerresolver-0.1.8.jar:/home/runner/.m2/repository/org/jetbrains/kotlin/kotlin-stdlib/1.4.31/kotlin-stdlib-1.4.31.jar:/home/runner/.m2/repository/org/jetbrains/kotlin/kotlin-stdlib-common/1.4.31/kotlin-stdlib-common-1.4.31.jar:/home/runner/.m2/repository/org/jetbrains/annotations/13.0/annotations-13.0.jar:/home/runner/.m2/repository/io/opentracing/opentracing-util/0.33.0/opentracing-util-0.33.0.jar:/home/runner/.m2/repository/io/opentracing/opentracing-api/0.33.0/opentracing-api-0.33.0.jar:/home/runner/.m2/repository/io/opentracing/opentracing-noop/0.33.0/opentracing-noop-0.33.0.jar:/home/runner/.m2/repository/org/yaml/snakeyaml/1.26/snakeyaml-1.26.jar:/home/runner/.m2/repository/org/apache/ozone/hdds-interface-admin/1.3.0-SNAPSHOT/hdds-interface-admin-1.3.0-SNAPSHOT.jar:/home/runner/.m2/repository/junit/junit/4.13.1/junit-4.13.1.jar:/home/runner/.m2/repository/org/hamcrest/hamcrest-core/1.3/hamcrest-core-1.3.jar:/home/runner/.m2/repository/org/junit/jupiter/junit-jupiter-api/5.7.0/junit-jupiter-api-5.7.0.jar:/home/runner/.m2/repository/org/apiguardian/apiguardian-api/1.1.0/apiguardian-api-1.1.0.jar:/home/runner/.m2/repository/org/opentest4j/opentest4j/1.2.0/opentest4j-1.2.0.jar:/home/runner/.m2/repository/org/junit/platform/junit-platform-commons/1.7.0/junit-platform-commons-1.7.0.jar:/home/runner/.m2/repository/org/junit/jupiter/junit-jupiter-engine/5.7.0/junit-jupiter-engine-5.7.0.jar:/home/runner/.m2/repository/org/junit/platform/junit-platform-engine/1.7.0/junit-platform-engine-1.7.0.jar:/home/runner/.m2/repository/org/junit/vintage/junit-vintage-engine/5.7.0/junit-vintage-engine-5.7.0.jar:/home/runner/.m2/repository/org/junit/platform/junit-platform-launcher/1.7.0/junit-platform-launcher-1.7.0.jar:/home/runner/.m2/repository/org/mockito/mockito-core/2.28.2/mockito-core-2.28.2.jar:/home/runner/.m2/repository/net/bytebuddy/byte-buddy/1.9.10/byte-buddy-1.9.10.jar:/home/runner/.m2/repository/net/bytebuddy/byte-buddy-agent/1.9.10/byte-buddy-agent-1.9.10.jar:/home/runner/.m2/repository/org/objenesis/objenesis/1.0/objenesis-1.0.jar:/home/runner/.m2/repository/org/apache/hadoop/hadoop-kms/3.3.1/hadoop-kms-3.3.1.jar:/home/runner/.m2/repository/org/apache/hadoop/hadoop-auth/3.3.1/hadoop-auth-3.3.1.jar:/home/runner/.m2/repository/com/nimbusds/nimbus-jose-jwt/7.9/nimbus-jose-jwt-7.9.jar:/home/runner/.m2/repository/com/github/stephenc/jcip/jcip-annotations/1.0-1/jcip-annotations-1.0-1.jar:/home/runner/.m2/repository/net/minidev/json-smart/2.3.1/json-smart-2.3.1.jar:/home/runner/.m2/repository/net/minidev/accessors-smart/2.3.1/accessors-smart-2.3.1.jar:/home/runner/.m2/repository/org/ow2/asm/asm/5.0.4/asm-5.0.4.jar:/home/runner/.m2/repository/org/apache/zookeeper/zookeeper/3.5.6/zookeeper-3.5.6.jar:/home/runner/.m2/repository/org/apache/zookeeper/zookeeper-jute/3.5.6/zookeeper-jute-3.5.6.jar:/home/runner/.m2/repository/org/apache/yetus/audience-annotations/0.5.0/audience-annotations-0.5.0.jar:/home/runner/.m2/repository/org/apache/curator/curator-framework/4.2.0/curator-framework-4.2.0.jar:/home/runner/.m2/repository/org/apache/hadoop/thirdparty/hadoop-shaded-guava/1.1.1/hadoop-shaded-guava-1.1.1.jar:/home/runner/.m2/repository/com/sun/jersey/jersey-core/1.19/jersey-core-1.19.jar:/home/runner/.m2/repository/javax/ws/rs/jsr311-api/1.1.1/jsr311-api-1.1.1.jar:/home/runner/.m2/repository/com/sun/jersey/jersey-server/1.19/jersey-server-1.19.jar:/home/runner/.m2/repository/javax/servlet/javax.servlet-api/3.1.0/javax.servlet-api-3.1.0.jar:/home/runner/.m2/repository/org/eclipse/jetty/jetty-server/9.4.43.v20210629/jetty-server-9.4.43.v20210629.jar:/home/runner/.m2/repository/org/eclipse/jetty/jetty-http/9.4.43.v20210629/jetty-http-9.4.43.v20210629.jar:/home/runner/.m2/repository/org/eclipse/jetty/jetty-io/9.4.43.v20210629/jetty-io-9.4.43.v20210629.jar:/home/runner/.m2/repository/org/eclipse/jetty/jetty-webapp/9.4.43.v20210629/jetty-webapp-9.4.43.v20210629.jar:/home/runner/.m2/repository/org/eclipse/jetty/jetty-xml/9.4.43.v20210629/jetty-xml-9.4.43.v20210629.jar:/home/runner/.m2/repository/org/apache/hadoop/hadoop-common/3.3.1/hadoop-common-3.3.1.jar:/home/runner/.m2/repository/org/apache/commons/commons-math3/3.1.1/commons-math3-3.1.1.jar:/home/runner/.m2/repository/commons-net/commons-net/3.6/commons-net-3.6.jar:/home/runner/.m2/repository/jakarta/activation/jakarta.activation-api/1.2.1/jakarta.activation-api-1.2.1.jar:/home/runner/.m2/repository/com/sun/jersey/jersey-servlet/1.19/jersey-servlet-1.19.jar:/home/runner/.m2/repository/com/sun/jersey/jersey-json/1.19/jersey-json-1.19.jar:/home/runner/.m2/repository/org/codehaus/jettison/jettison/1.1/jettison-1.1.jar:/home/runner/.m2/repository/com/sun/xml/bind/jaxb-impl/2.2.3-1/jaxb-impl-2.2.3-1.jar:/home/runner/.m2/repository/org/codehaus/jackson/jackson-jaxrs/1.9.2/jackson-jaxrs-1.9.2.jar:/home/runner/.m2/repository/org/codehaus/jackson/jackson-xc/1.9.2/jackson-xc-1.9.2.jar:/home/runner/.m2/repository/org/apache/commons/commons-configuration2/2.1.1/commons-configuration2-2.1.1.jar:/home/runner/.m2/repository/org/apache/commons/commons-text/1.4/commons-text-1.4.jar:/home/runner/.m2/repository/com/google/re2j/re2j/1.1/re2j-1.1.jar:/home/runner/.m2/repository/com/jcraft/jsch/0.1.54/jsch-0.1.54.jar:/home/runner/.m2/repository/org/apache/curator/curator-client/4.2.0/curator-client-4.2.0.jar:/home/runner/.m2/repository/org/apache/curator/curator-recipes/4.2.0/curator-recipes-4.2.0.jar:/home/runner/.m2/repository/org/apache/kerby/kerb-core/1.0.1/kerb-core-1.0.1.jar:/home/runner/.m2/repository/org/apache/kerby/kerby-pkix/1.0.1/kerby-pkix-1.0.1.jar:/home/runner/.m2/repository/org/apache/kerby/kerby-asn1/1.0.1/kerby-asn1-1.0.1.jar:/home/runner/.m2/repository/org/apache/kerby/kerby-util/1.0.1/kerby-util-1.0.1.jar:/home/runner/.m2/repository/dnsjava/dnsjava/2.1.7/dnsjava-2.1.7.jar:/home/runner/.m2/repository/org/xerial/snappy/snappy-java/1.1.8.2/snappy-java-1.1.8.2.jar:/home/runner/.m2/repository/org/slf4j/jul-to-slf4j/1.7.30/jul-to-slf4j-1.7.30.jar:/home/runner/.m2/repository/org/eclipse/jetty/jetty-util/9.4.43.v20210629/jetty-util-9.4.43.v20210629.jar:/home/runner/.m2/repository/com/fasterxml/jackson/core/jackson-databind/2.12.1/jackson-databind-2.12.1.jar:/home/runner/.m2/repository/org/apache/hadoop/hadoop-kms/3.3.1/hadoop-kms-3.3.1-tests.jar:/home/runner/.m2/repository/org/apache/ozone/hdds-server-scm/1.3.0-SNAPSHOT/hdds-server-scm-1.3.0-SNAPSHOT-tests.jar:/home/runner/.m2/repository/org/apache/ozone/hdds-container-service/1.3.0-SNAPSHOT/hdds-container-service-1.3.0-SNAPSHOT-tests.jar:/home/runner/.m2/repository/commons-codec/commons-codec/1.11/commons-codec-1.11.jar:/home/runner/.m2/repository/io/netty/netty-transport/4.1.63.Final/netty-transport-4.1.63.Final.jar:/home/runner/.m2/repository/io/netty/netty-resolver/4.1.63.Final/netty-resolver-4.1.63.Final.jar:/home/runner/.m2/repository/io/netty/netty-codec/4.1.63.Final/netty-codec-4.1.63.Final.jar:/home/runner/.m2/repository/io/netty/netty-handler/4.1.63.Final/netty-handler-4.1.63.Final.jar:/home/runner/.m2/repository/org/apache/ozone/hdds-hadoop-dependency-test/1.3.0-SNAPSHOT/hdds-hadoop-dependency-test-1.3.0-SNAPSHOT.jar:/home/runner/.m2/repository/org/apache/hadoop/hadoop-common/3.3.1/hadoop-common-3.3.1-tests.jar:/home/runner/.m2/repository/org/assertj/assertj-core/3.12.2/assertj-core-3.12.2.jar:/home/runner/.m2/repository/org/apache/hadoop/hadoop-hdfs/3.3.1/hadoop-hdfs-3.3.1-tests.jar:/home/runner/.m2/repository/org/eclipse/jetty/jetty-util-ajax/9.4.43.v20210629/jetty-util-ajax-9.4.43.v20210629.jar:/home/runner/.m2/repository/commons-daemon/commons-daemon/1.0.13/commons-daemon-1.0.13.jar:/home/runner/.m2/repository/io/netty/netty/3.10.6.Final/netty-3.10.6.Final.jar:/home/runner/.m2/repository/io/netty/netty-all/4.1.63.Final/netty-all-4.1.63.Final.jar:/home/runner/.m2/repository/org/apache/htrace/htrace-core4/4.1.0-incubating/htrace-core4-4.1.0-incubating.jar:/home/runner/.m2/repository/org/fusesource/leveldbjni/leveldbjni-all/1.8/leveldbjni-all-1.8.jar:/home/runner/.m2/repository/org/apache/hadoop/hadoop-distcp/3.3.1/hadoop-distcp-3.3.1.jar:/home/runner/.m2/repository/org/apache/hadoop/hadoop-mapreduce-client-jobclient/3.3.1/hadoop-mapreduce-client-jobclient-3.3.1.jar:/home/runner/.m2/repository/org/apache/hadoop/hadoop-mapreduce-client-common/3.3.1/hadoop-mapreduce-client-common-3.3.1.jar:/home/runner/.m2/repository/org/apache/hadoop/hadoop-yarn-common/3.3.1/hadoop-yarn-common-3.3.1.jar:/home/runner/.m2/repository/org/apache/hadoop/hadoop-yarn-api/3.3.1/hadoop-yarn-api-3.3.1.jar:/home/runner/.m2/repository/com/sun/jersey/jersey-client/1.19/jersey-client-1.19.jar:/home/runner/.m2/repository/com/sun/jersey/contribs/jersey-guice/1.19/jersey-guice-1.19.jar:/home/runner/.m2/repository/com/fasterxml/jackson/jaxrs/jackson-jaxrs-json-provider/2.12.1/jackson-jaxrs-json-provider-2.12.1.jar:/home/runner/.m2/repository/com/fasterxml/jackson/jaxrs/jackson-jaxrs-base/2.12.1/jackson-jaxrs-base-2.12.1.jar:/home/runner/.m2/repository/org/apache/hadoop/hadoop-yarn-client/3.3.1/hadoop-yarn-client-3.3.1.jar:/home/runner/.m2/repository/org/eclipse/jetty/websocket/websocket-client/9.4.40.v20210413/websocket-client-9.4.40.v20210413.jar:/home/runner/.m2/repository/org/eclipse/jetty/jetty-client/9.4.40.v20210413/jetty-client-9.4.40.v20210413.jar:/home/runner/.m2/repository/org/eclipse/jetty/websocket/websocket-common/9.4.40.v20210413/websocket-common-9.4.40.v20210413.jar:/home/runner/.m2/repository/org/eclipse/jetty/websocket/websocket-api/9.4.40.v20210413/websocket-api-9.4.40.v20210413.jar:/home/runner/.m2/repository/org/jline/jline/3.9.0/jline-3.9.0.jar:/home/runner/.m2/repository/org/apache/hadoop/hadoop-mapreduce-client-core/3.3.1/hadoop-mapreduce-client-core-3.3.1.jar:/home/runner/.m2/repository/org/apache/avro/avro/1.7.7/avro-1.7.7.jar:/home/runner/.m2/repository/org/codehaus/jackson/jackson-core-asl/1.9.13/jackson-core-asl-1.9.13.jar:/home/runner/.m2/repository/org/codehaus/jackson/jackson-mapper-asl/1.9.13/jackson-mapper-asl-1.9.13.jar:/home/runner/.m2/repository/com/thoughtworks/paranamer/paranamer/2.3/paranamer-2.3.jar:/home/runner/.m2/repository/org/apache/hadoop/hadoop-annotations/3.3.1/hadoop-annotations-3.3.1.jar:/usr/lib/jvm/temurin-8-jdk-amd64/jre/../lib/tools.jar:/home/runner/.m2/repository/org/apache/hadoop/hadoop-distcp/3.3.1/hadoop-distcp-3.3.1-tests.jar:/home/runner/.m2/repository/org/apache/ratis/ratis-common/2.2.0/ratis-common-2.2.0.jar:/home/runner/.m2/repository/org/apache/ratis/ratis-thirdparty-misc/0.7.0/ratis-thirdparty-misc-0.7.0.jar:/home/runner/.m2/repository/org/apache/ratis/ratis-proto/2.2.0/ratis-proto-2.2.0.jar:"/>
    <property name="sun.cpu.endian" value="little"/>
    <property name="user.home" value="/home/runner"/>
    <property name="user.language" value="en"/>
    <property name="java.specification.vendor" value="Oracle Corporation"/>
    <property name="java.home" value="/usr/lib/jvm/temurin-8-jdk-amd64/jre"/>
    <property name="java.security.krb5.conf" value="/home/runner/work/ozone/ozone/hadoop-ozone/integration-test/target/test-classes/krb5.conf"/>
    <property name="basedir" value="/home/runner/work/ozone/ozone/hadoop-ozone/integration-test"/>
    <property name="file.separator" value="/"/>
    <property name="line.separator" value="&#10;"/>
    <property name="java.vm.specification.vendor" value="Oracle Corporation"/>
    <property name="java.specification.name" value="Java Platform API Specification"/>
    <property name="java.awt.graphicsenv" value="sun.awt.X11GraphicsEnvironment"/>
    <property name="skip.installnpx" value="true"/>
    <property name="surefire.real.class.path" value="/home/runner/work/ozone/ozone/hadoop-ozone/integration-test/target/surefire/surefirebooter5889327300363336730.jar:/home/runner/.m2/repository/org/jacoco/org.jacoco.agent/0.8.5/org.jacoco.agent-0.8.5-runtime.jar"/>
    <property name="hadoop.log.dir" value="/home/runner/work/ozone/ozone/hadoop-ozone/integration-test/target/log"/>
    <property name="sun.boot.class.path" value="/usr/lib/jvm/temurin-8-jdk-amd64/jre/lib/resources.jar:/usr/lib/jvm/temurin-8-jdk-amd64/jre/lib/rt.jar:/usr/lib/jvm/temurin-8-jdk-amd64/jre/lib/sunrsasign.jar:/usr/lib/jvm/temurin-8-jdk-amd64/jre/lib/jsse.jar:/usr/lib/jvm/temurin-8-jdk-amd64/jre/lib/jce.jar:/usr/lib/jvm/temurin-8-jdk-amd64/jre/lib/charsets.jar:/usr/lib/jvm/temurin-8-jdk-amd64/jre/lib/jfr.jar:/usr/lib/jvm/temurin-8-jdk-amd64/jre/classes"/>
    <property name="sun.management.compiler" value="HotSpot 64-Bit Tiered Compilers"/>
    <property name="skip.npx" value="true"/>
    <property name="java.runtime.version" value="1.8.0_312-b07"/>
    <property name="java.net.preferIPv4Stack" value="true"/>
    <property name="user.name" value="runner"/>
    <property name="path.separator" value=":"/>
    <property name="java.security.egd" value="file:///dev/urandom"/>
    <property name="os.version" value="5.4.0-1065-azure"/>
    <property name="java.endorsed.dirs" value="/usr/lib/jvm/temurin-8-jdk-amd64/jre/lib/endorsed"/>
    <property name="java.runtime.name" value="OpenJDK Runtime Environment"/>
    <property name="file.encoding" value="UTF-8"/>
    <property name="java.vm.name" value="OpenJDK 64-Bit Server VM"/>
    <property name="test.build.webapps" value=""/>
    <property name="localRepository" value="/home/runner/.m2/repository"/>
    <property name="java.vendor.url.bug" value="https://github.com/adoptium/adoptium-support/issues"/>
    <property name="java.io.tmpdir" value="/tmp"/>
    <property name="require.test.libhadoop" value=""/>
    <property name="java.version" value="1.8.0_312"/>
    <property name="user.dir" value="/home/runner/work/ozone/ozone/hadoop-ozone/integration-test"/>
    <property name="os.arch" value="amd64"/>
    <property name="java.vm.specification.name" value="Java Virtual Machine Specification"/>
    <property name="test.build.classes" value="/home/runner/work/ozone/ozone/hadoop-ozone/integration-test/target/test-classes"/>
    <property name="java.awt.printerjob" value="sun.print.PSPrinterJob"/>
    <property name="sun.os.patch.level" value="unknown"/>
    <property name="hadoop.tmp.dir" value="/home/runner/work/ozone/ozone/hadoop-ozone/integration-test/target/tmp"/>
    <property name="java.library.path" value="/usr/java/packages/lib/amd64:/usr/lib64:/lib64:/lib:/usr/lib"/>
    <property name="java.vm.info" value="mixed mode"/>
    <property name="java.vendor" value="Temurin"/>
    <property name="java.vm.version" value="25.312-b07"/>
    <property name="java.ext.dirs" value="/usr/lib/jvm/temurin-8-jdk-amd64/jre/lib/ext:/usr/java/packages/lib/ext"/>
    <property name="sun.io.unicode.encoding" value="UnicodeLittle"/>
    <property name="java.class.version" value="52.0"/>
  </properties>
  <testcase name="testReleaseBuffers" classname="org.apache.hadoop.ozone.client.rpc.TestCommitWatcher" time="71.701"/>
  <testcase name="testReleaseBuffersOnException" classname="org.apache.hadoop.ozone.client.rpc.TestCommitWatcher" time="86.064">
    <error message="org.apache.ratis.protocol.exceptions.AlreadyClosedException: SlidingWindow$Client:client-B5A80CEBFEF9-&gt;RAFT is closed." type="java.util.concurrent.ExecutionException">java.util.concurrent.ExecutionException: org.apache.ratis.protocol.exceptions.AlreadyClosedException: SlidingWindow$Client:client-B5A80CEBFEF9->RAFT is closed.
	at java.util.concurrent.CompletableFuture.reportGet(CompletableFuture.java:357)
	at java.util.concurrent.CompletableFuture.get(CompletableFuture.java:1908)
	at org.apache.hadoop.ozone.client.rpc.TestCommitWatcher.testReleaseBuffersOnException(TestCommitWatcher.java:294)
	at sun.reflect.NativeMethodAccessorImpl.invoke0(Native Method)
	at sun.reflect.NativeMethodAccessorImpl.invoke(NativeMethodAccessorImpl.java:62)
	at sun.reflect.DelegatingMethodAccessorImpl.invoke(DelegatingMethodAccessorImpl.java:43)
	at java.lang.reflect.Method.invoke(Method.java:498)
	at org.junit.runners.model.FrameworkMethod$1.runReflectiveCall(FrameworkMethod.java:59)
	at org.junit.internal.runners.model.ReflectiveCallable.run(ReflectiveCallable.java:12)
	at org.junit.runners.model.FrameworkMethod.invokeExplosively(FrameworkMethod.java:56)
	at org.junit.internal.runners.statements.InvokeMethod.evaluate(InvokeMethod.java:17)
	at org.junit.internal.runners.statements.RunBefores.evaluate(RunBefores.java:26)
	at org.junit.internal.runners.statements.RunAfters.evaluate(RunAfters.java:27)
	at org.junit.internal.runners.statements.FailOnTimeout$CallableStatement.call(FailOnTimeout.java:288)
	at org.junit.internal.runners.statements.FailOnTimeout$CallableStatement.call(FailOnTimeout.java:282)
	at java.util.concurrent.FutureTask.run(FutureTask.java:266)
	at java.lang.Thread.run(Thread.java:748)
Caused by: org.apache.ratis.protocol.exceptions.AlreadyClosedException: SlidingWindow$Client:client-B5A80CEBFEF9->RAFT is closed.
	at org.apache.ratis.util.SlidingWindow$Client.alreadyClosed(SlidingWindow.java:378)
	at org.apache.ratis.util.SlidingWindow$Client.fail(SlidingWindow.java:366)
	at org.apache.ratis.client.impl.OrderedAsync.failAllAsyncRequests(OrderedAsync.java:148)
	at org.apache.ratis.client.impl.OrderedAsync.handleAsyncRetryFailure(OrderedAsync.java:152)
	at org.apache.ratis.client.impl.OrderedAsync.lambda$sendRequest$10(OrderedAsync.java:253)
	at java.util.concurrent.CompletableFuture.uniExceptionally(CompletableFuture.java:884)
	at java.util.concurrent.CompletableFuture$UniExceptionally.tryFire(CompletableFuture.java:866)
	at java.util.concurrent.CompletableFuture.postComplete(CompletableFuture.java:488)
	at java.util.concurrent.CompletableFuture.completeExceptionally(CompletableFuture.java:1990)
	at org.apache.ratis.grpc.client.GrpcClientProtocolClient$AsyncStreamObservers.completeReplyExceptionally(GrpcClientProtocolClient.java:389)
	at org.apache.ratis.grpc.client.GrpcClientProtocolClient$AsyncStreamObservers.access$000(GrpcClientProtocolClient.java:295)
	at org.apache.ratis.grpc.client.GrpcClientProtocolClient$AsyncStreamObservers$1.onNext(GrpcClientProtocolClient.java:309)
	at org.apache.ratis.grpc.client.GrpcClientProtocolClient$AsyncStreamObservers$1.onNext(GrpcClientProtocolClient.java:300)
	at org.apache.ratis.thirdparty.io.grpc.stub.ClientCalls$StreamObserverToCallListenerAdapter.onMessage(ClientCalls.java:465)
	at org.apache.ratis.thirdparty.io.grpc.ForwardingClientCallListener.onMessage(ForwardingClientCallListener.java:33)
	at org.apache.ratis.thirdparty.io.grpc.internal.DelayedClientCall$DelayedListener.onMessage(DelayedClientCall.java:447)
	at org.apache.ratis.thirdparty.io.grpc.internal.ClientCallImpl$ClientStreamListenerImpl$1MessagesAvailable.runInternal(ClientCallImpl.java:715)
	at org.apache.ratis.thirdparty.io.grpc.internal.ClientCallImpl$ClientStreamListenerImpl$1MessagesAvailable.runInContext(ClientCallImpl.java:700)
	at org.apache.ratis.thirdparty.io.grpc.internal.ContextRunnable.run(ContextRunnable.java:37)
	at org.apache.ratis.thirdparty.io.grpc.internal.SerializingExecutor.run(SerializingExecutor.java:123)
	at java.util.concurrent.ThreadPoolExecutor.runWorker(ThreadPoolExecutor.java:1149)
	at java.util.concurrent.ThreadPoolExecutor$Worker.run(ThreadPoolExecutor.java:624)
	... 1 more
Caused by: org.apache.ratis.protocol.exceptions.RaftRetryFailureException: Failed RaftClientRequest:client-B5A80CEBFEF9->08efc83e-84e2-40a1-a562-910b2e2f8a64@group-4A42DDB3E1D3, cid=37, seq=1*, Watch(0), null for 3 attempts with RequestTypeDependentRetryPolicy{WRITE->org.apache.ratis.retry.ExceptionDependentRetry@1da07df3, WATCH->org.apache.ratis.retry.ExceptionDependentRetry@574c66fc}
	at org.apache.ratis.client.impl.RaftClientImpl.noMoreRetries(RaftClientImpl.java:272)
	... 20 more
Caused by: org.apache.ratis.protocol.exceptions.NotLeaderException: Server 08efc83e-84e2-40a1-a562-910b2e2f8a64@group-4A42DDB3E1D3 is not the leader 1c5e7e03-d60e-4e29-906a-a7b7ae931ec0|rpc:10.1.0.60:37847|dataStream:|priority:1
	at org.apache.ratis.client.impl.ClientProtoUtils.toRaftClientReply(ClientProtoUtils.java:378)
	at org.apache.ratis.grpc.client.GrpcClientProtocolClient$AsyncStreamObservers$1.onNext(GrpcClientProtocolClient.java:305)
	... 11 more
</error>
    <system-out><![CDATA[2022-01-24 18:04:43,225 [Time-limited test] WARN  server.ServerUtils (ServerUtils.java:getScmDbDir(148)) - ozone.scm.db.dirs is not configured. We recommend adding this setting. Falling back to ozone.metadata.dirs instead.
2022-01-24 18:04:43,233 [Time-limited test] INFO  ha.SCMHANodeDetails (SCMHANodeDetails.java:loadSCMHAConfig(157)) - ServiceID for StorageContainerManager is null
2022-01-24 18:04:43,233 [Time-limited test] INFO  ha.SCMHANodeDetails (SCMHANodeDetails.java:loadSCMHAConfig(162)) - ozone.scm.default.service.id is not defined, falling back to ozone.scm.service.ids to find serviceID for StorageContainerManager if it is HA enabled cluster
2022-01-24 18:04:43,234 [Time-limited test] INFO  server.RaftServer (ConfUtils.java:logGet(44)) - raft.rpc.type = GRPC (default)
2022-01-24 18:04:43,234 [Time-limited test] INFO  grpc.GrpcFactory (GrpcFactory.java:checkPooledByteBufAllocatorUseCacheForAllThreads(48)) - PERFORMANCE WARNING: useCacheForAllThreads is true that may cause Netty to create a lot garbage objects and, as a result, trigger GC.
	It is recommended to disable useCacheForAllThreads by setting -Dorg.apache.ratis.thirdparty.io.netty.allocator.useCacheForAllThreads=false in command line.
2022-01-24 18:04:43,234 [Time-limited test] INFO  grpc.GrpcConfigKeys (ConfUtils.java:logGet(44)) - raft.grpc.admin.port = -1 (default)
2022-01-24 18:04:43,234 [Time-limited test] INFO  grpc.GrpcConfigKeys (ConfUtils.java:logGet(44)) - raft.grpc.server.port = 9894 (custom)
2022-01-24 18:04:43,235 [Time-limited test] INFO  grpc.GrpcConfigKeys (ConfUtils.java:logGet(44)) - raft.grpc.client.port = -1 (default)
2022-01-24 18:04:43,235 [Time-limited test] INFO  grpc.GrpcConfigKeys (ConfUtils.java:logGet(44)) - raft.grpc.server.port = 9894 (custom)
2022-01-24 18:04:43,235 [Time-limited test] INFO  grpc.GrpcConfigKeys (ConfUtils.java:logGet(44)) - raft.grpc.server.port = 9894 (custom)
2022-01-24 18:04:43,235 [Time-limited test] INFO  server.GrpcService (ConfUtils.java:logGet(44)) - raft.grpc.message.size.max = 32m (=33554432) (custom)
2022-01-24 18:04:43,235 [Time-limited test] INFO  server.RaftServerConfigKeys (ConfUtils.java:logGet(44)) - raft.server.log.appender.buffer.byte-limit = 33554432 (custom)
2022-01-24 18:04:43,235 [Time-limited test] INFO  server.GrpcService (ConfUtils.java:logGet(44)) - raft.grpc.flow.control.window = 1MB (=1048576) (default)
2022-01-24 18:04:43,235 [Time-limited test] INFO  server.RaftServerConfigKeys (ConfUtils.java:logGet(44)) - raft.server.rpc.request.timeout = 30000ms (custom)
2022-01-24 18:04:43,237 [Time-limited test] INFO  impl.DataStreamServerImpl (ConfUtils.java:logGet(44)) - raft.datastream.type = DISABLED (default)
2022-01-24 18:04:43,237 [Time-limited test] INFO  server.RaftServerConfigKeys (ConfUtils.java:logGet(44)) - raft.server.rpc.slowness.timeout = 120000ms (custom)
2022-01-24 18:04:43,237 [Time-limited test] INFO  server.RaftServerConfigKeys (ConfUtils.java:logGet(44)) - raft.server.leaderelection.leader.step-down.wait-time = 10s (default)
2022-01-24 18:04:43,238 [Time-limited test] INFO  server.RaftServerConfigKeys (ConfUtils.java:logGet(44)) - raft.server.storage.dir = [/home/runner/work/ozone/ozone/hadoop-ozone/integration-test/target/test-dir/MiniOzoneClusterImpl-aa639c69-f9d2-45b5-aeae-2a5a4e0b395a/ozone-meta/scm-ha] (custom)
2022-01-24 18:04:43,289 [Time-limited test] INFO  server.RaftServer (RaftServerProxy.java:addNew(95)) - d5035ba9-9d65-4327-8f69-b17ec6104eac: addNew group-2A5A4E0B395A:[d5035ba9-9d65-4327-8f69-b17ec6104eac|rpc:fv-az184-104:9894|priority:0] returns group-2A5A4E0B395A:java.util.concurrent.CompletableFuture@43c93e9a[Not completed]
2022-01-24 18:04:43,289 [pool-228-thread-1] INFO  server.RaftServer$Division (RaftServerImpl.java:<init>(184)) - d5035ba9-9d65-4327-8f69-b17ec6104eac: new RaftServerImpl for group-2A5A4E0B395A:[d5035ba9-9d65-4327-8f69-b17ec6104eac|rpc:fv-az184-104:9894|priority:0] with SCMStateMachine:uninitialized
2022-01-24 18:04:43,301 [pool-228-thread-1] INFO  server.RaftServerConfigKeys (ConfUtils.java:logGet(44)) - raft.server.rpc.timeout.min = 5000ms (custom)
2022-01-24 18:04:43,301 [pool-228-thread-1] INFO  server.RaftServerConfigKeys (ConfUtils.java:logGet(44)) - raft.server.rpc.timeout.max = 5200ms (custom)
2022-01-24 18:04:43,301 [pool-228-thread-1] INFO  server.RaftServerConfigKeys (ConfUtils.java:logGet(44)) - raft.server.rpc.sleep.time = 25ms (default)
2022-01-24 18:04:43,301 [pool-228-thread-1] INFO  server.RaftServerConfigKeys (ConfUtils.java:logGet(44)) - raft.server.rpc.slowness.timeout = 120000ms (custom)
2022-01-24 18:04:43,301 [pool-228-thread-1] INFO  server.RaftServerConfigKeys (ConfUtils.java:logGet(44)) - raft.server.leaderelection.leader.step-down.wait-time = 10s (default)
2022-01-24 18:04:43,301 [pool-228-thread-1] INFO  server.RaftServerConfigKeys (ConfUtils.java:logGet(44)) - raft.server.sleep.deviation.threshold = 300ms (default)
2022-01-24 18:04:43,301 [pool-228-thread-1] INFO  server.RaftServerConfigKeys (ConfUtils.java:logGet(44)) - raft.server.log.appender.install.snapshot.enabled = false (custom)
2022-01-24 18:04:43,302 [pool-228-thread-1] INFO  server.RaftServer$Division (ServerState.java:<init>(105)) - d5035ba9-9d65-4327-8f69-b17ec6104eac@group-2A5A4E0B395A: ConfigurationManager, init=-1: [d5035ba9-9d65-4327-8f69-b17ec6104eac|rpc:fv-az184-104:9894|priority:0], old=null, confs=<EMPTY_MAP>
2022-01-24 18:04:43,302 [pool-228-thread-1] INFO  server.RaftServerConfigKeys (ConfUtils.java:logGet(44)) - raft.server.storage.dir = [/home/runner/work/ozone/ozone/hadoop-ozone/integration-test/target/test-dir/MiniOzoneClusterImpl-aa639c69-f9d2-45b5-aeae-2a5a4e0b395a/ozone-meta/scm-ha] (custom)
2022-01-24 18:04:43,302 [pool-228-thread-1] INFO  server.RaftServerConfigKeys (ConfUtils.java:logGet(44)) - raft.server.log.corruption.policy = EXCEPTION (default)
2022-01-24 18:04:43,302 [pool-228-thread-1] INFO  server.RaftServerConfigKeys (ConfUtils.java:logGet(44)) - raft.server.storage.free-space.min = 0MB (=0) (default)
2022-01-24 18:04:43,302 [pool-228-thread-1] INFO  storage.RaftStorageDirectory (RaftStorageDirectoryImpl.java:analyzeStorage(135)) - The storage directory /home/runner/work/ozone/ozone/hadoop-ozone/integration-test/target/test-dir/MiniOzoneClusterImpl-aa639c69-f9d2-45b5-aeae-2a5a4e0b395a/ozone-meta/scm-ha/aa639c69-f9d2-45b5-aeae-2a5a4e0b395a does not exist. Creating ...
2022-01-24 18:04:43,305 [pool-228-thread-1] INFO  storage.RaftStorageDirectory (RaftStorageDirectoryImpl.java:tryLock(230)) - Lock on /home/runner/work/ozone/ozone/hadoop-ozone/integration-test/target/test-dir/MiniOzoneClusterImpl-aa639c69-f9d2-45b5-aeae-2a5a4e0b395a/ozone-meta/scm-ha/aa639c69-f9d2-45b5-aeae-2a5a4e0b395a/in_use.lock acquired by nodename 10094@fv-az184-104
2022-01-24 18:04:43,318 [pool-228-thread-1] INFO  storage.RaftStorage (RaftStorageImpl.java:format(89)) - Storage directory /home/runner/work/ozone/ozone/hadoop-ozone/integration-test/target/test-dir/MiniOzoneClusterImpl-aa639c69-f9d2-45b5-aeae-2a5a4e0b395a/ozone-meta/scm-ha/aa639c69-f9d2-45b5-aeae-2a5a4e0b395a has been successfully formatted.
2022-01-24 18:04:43,318 [pool-228-thread-1] INFO  server.RaftServerConfigKeys (ConfUtils.java:logGet(44)) - raft.server.notification.no-leader.timeout = 60s (default)
2022-01-24 18:04:43,318 [pool-228-thread-1] INFO  server.RaftServerConfigKeys (ConfUtils.java:logGet(44)) - raft.server.log.use.memory = false (default)
2022-01-24 18:04:43,318 [pool-228-thread-1] INFO  server.RaftServerConfigKeys (ConfUtils.java:logGet(44)) - raft.server.log.purge.gap = 1000000 (custom)
2022-01-24 18:04:43,318 [pool-228-thread-1] INFO  server.RaftServerConfigKeys (ConfUtils.java:logGet(44)) - raft.server.log.appender.buffer.byte-limit = 33554432 (custom)
2022-01-24 18:04:43,319 [pool-228-thread-1] INFO  server.RaftServerConfigKeys (ConfUtils.java:logGet(44)) - raft.server.log.segment.size.max = 4194304 (custom)
2022-01-24 18:04:43,319 [pool-228-thread-1] INFO  server.RaftServerConfigKeys (ConfUtils.java:logGet(44)) - raft.server.log.segment.cache.num.max = 2 (custom)
2022-01-24 18:04:43,319 [pool-228-thread-1] INFO  server.RaftServerConfigKeys (ConfUtils.java:logGet(44)) - raft.server.log.segment.cache.size.max = 200MB (=209715200) (default)
2022-01-24 18:04:43,320 [pool-228-thread-1] INFO  segmented.SegmentedRaftLogWorker (SegmentedRaftLogWorker.java:<init>(182)) - new d5035ba9-9d65-4327-8f69-b17ec6104eac@group-2A5A4E0B395A-SegmentedRaftLogWorker for RaftStorageImpl:Storage Directory /home/runner/work/ozone/ozone/hadoop-ozone/integration-test/target/test-dir/MiniOzoneClusterImpl-aa639c69-f9d2-45b5-aeae-2a5a4e0b395a/ozone-meta/scm-ha/aa639c69-f9d2-45b5-aeae-2a5a4e0b395a
2022-01-24 18:04:43,320 [pool-228-thread-1] INFO  server.RaftServerConfigKeys (ConfUtils.java:logGet(44)) - raft.server.log.queue.byte-limit = 64MB (=67108864) (default)
2022-01-24 18:04:43,320 [pool-228-thread-1] INFO  server.RaftServerConfigKeys (ConfUtils.java:logGet(44)) - raft.server.log.queue.element-limit = 4096 (default)
2022-01-24 18:04:43,320 [pool-228-thread-1] INFO  server.RaftServerConfigKeys (ConfUtils.java:logGet(44)) - raft.server.log.segment.size.max = 4194304 (custom)
2022-01-24 18:04:43,320 [pool-228-thread-1] INFO  server.RaftServerConfigKeys (ConfUtils.java:logGet(44)) - raft.server.log.preallocated.size = 4194304 (custom)
2022-01-24 18:04:43,320 [pool-228-thread-1] INFO  server.RaftServerConfigKeys (ConfUtils.java:logGet(44)) - raft.server.log.force.sync.num = 128 (default)
2022-01-24 18:04:43,320 [pool-228-thread-1] INFO  server.RaftServerConfigKeys (ConfUtils.java:logGet(44)) - raft.server.log.statemachine.data.sync = true (default)
2022-01-24 18:04:43,320 [pool-228-thread-1] INFO  server.RaftServerConfigKeys (ConfUtils.java:logGet(44)) - raft.server.log.statemachine.data.sync.timeout = 10s (default)
2022-01-24 18:04:43,320 [pool-228-thread-1] INFO  server.RaftServerConfigKeys (ConfUtils.java:logGet(44)) - raft.server.log.statemachine.data.sync.timeout.retry = -1 (default)
2022-01-24 18:04:43,321 [pool-228-thread-1] INFO  server.RaftServerConfigKeys (ConfUtils.java:logGet(44)) - raft.server.log.write.buffer.size = 64KB (=65536) (default)
2022-01-24 18:04:43,321 [pool-228-thread-1] INFO  server.RaftServerConfigKeys (ConfUtils.java:logGet(44)) - raft.server.log.statemachine.data.caching.enabled = false (default)
2022-01-24 18:04:43,321 [pool-228-thread-1] INFO  segmented.SegmentedRaftLogWorker (SegmentedRaftLogWorker.java:lambda$new$0(133)) - d5035ba9-9d65-4327-8f69-b17ec6104eac@group-2A5A4E0B395A-SegmentedRaftLogWorker: flushIndex: setUnconditionally 0 -> -1
2022-01-24 18:04:43,321 [pool-228-thread-1] INFO  segmented.SegmentedRaftLogWorker (SegmentedRaftLogWorker.java:lambda$new$0(133)) - d5035ba9-9d65-4327-8f69-b17ec6104eac@group-2A5A4E0B395A-SegmentedRaftLogWorker: safeCacheEvictIndex: setUnconditionally 0 -> -1
2022-01-24 18:04:43,327 [pool-228-thread-1] INFO  server.RaftServerConfigKeys (ConfUtils.java:logGet(44)) - raft.server.snapshot.auto.trigger.enabled = true (custom)
2022-01-24 18:04:43,327 [pool-228-thread-1] INFO  server.RaftServerConfigKeys (ConfUtils.java:logGet(44)) - raft.server.snapshot.auto.trigger.threshold = 1000 (custom)
2022-01-24 18:04:43,327 [pool-228-thread-1] INFO  server.RaftServerConfigKeys (ConfUtils.java:logGet(44)) - raft.server.snapshot.retention.file.num = -1 (default)
2022-01-24 18:04:43,328 [pool-228-thread-1] INFO  server.RaftServerConfigKeys (ConfUtils.java:logGet(44)) - raft.server.log.purge.upto.snapshot.index = false (default)
2022-01-24 18:04:43,328 [pool-228-thread-1] INFO  server.RaftServerConfigKeys (ConfUtils.java:logGet(44)) - raft.server.retrycache.expirytime = 60000ms (default)
2022-01-24 18:04:43,328 [pool-228-thread-1] INFO  server.RaftServerConfigKeys (ConfUtils.java:logGet(44)) - raft.server.retrycache.statistics.expirytime = 100μs (default)
2022-01-24 18:04:43,329 [Time-limited test] INFO  server.RaftServer$Division (RaftServerImpl.java:start(301)) - d5035ba9-9d65-4327-8f69-b17ec6104eac@group-2A5A4E0B395A: start as a follower, conf=-1: [d5035ba9-9d65-4327-8f69-b17ec6104eac|rpc:fv-az184-104:9894|priority:0], old=null
2022-01-24 18:04:43,329 [Time-limited test] INFO  server.RaftServer$Division (RaftServerImpl.java:setRole(290)) - d5035ba9-9d65-4327-8f69-b17ec6104eac@group-2A5A4E0B395A: changes role from      null to FOLLOWER at term 0 for startAsFollower
2022-01-24 18:04:43,329 [Time-limited test] INFO  impl.RoleInfo (RoleInfo.java:updateAndGet(130)) - d5035ba9-9d65-4327-8f69-b17ec6104eac: start d5035ba9-9d65-4327-8f69-b17ec6104eac@group-2A5A4E0B395A-FollowerState
2022-01-24 18:04:43,330 [Time-limited test] INFO  util.JmxRegister (JmxRegister.java:tryRegister(44)) - Successfully registered JMX Bean with object name Ratis:service=RaftServer,group=group-2A5A4E0B395A,id=d5035ba9-9d65-4327-8f69-b17ec6104eac
2022-01-24 18:04:43,342 [Time-limited test] INFO  server.RaftServer (RaftServerProxy.java:lambda$start$5(374)) - d5035ba9-9d65-4327-8f69-b17ec6104eac: start RPC server
2022-01-24 18:04:43,343 [Time-limited test] INFO  server.GrpcService (GrpcService.java:startImpl(253)) - d5035ba9-9d65-4327-8f69-b17ec6104eac: GrpcService started, listening on 9894
2022-01-24 18:04:43,361 [org.apache.ratis.util.JvmPauseMonitor$$Lambda$431/1963060215@1c2a5dae] INFO  util.JvmPauseMonitor (JvmPauseMonitor.java:run(103)) - JvmPauseMonitor-d5035ba9-9d65-4327-8f69-b17ec6104eac: Started
2022-01-24 18:04:48,500 [d5035ba9-9d65-4327-8f69-b17ec6104eac@group-2A5A4E0B395A-FollowerState] INFO  impl.FollowerState (FollowerState.java:run(134)) - d5035ba9-9d65-4327-8f69-b17ec6104eac@group-2A5A4E0B395A-FollowerState: change to CANDIDATE, lastRpcElapsedTime:5171397286ns, electionTimeout:5170ms
2022-01-24 18:04:48,501 [d5035ba9-9d65-4327-8f69-b17ec6104eac@group-2A5A4E0B395A-FollowerState] INFO  impl.RoleInfo (RoleInfo.java:shutdownFollowerState(108)) - d5035ba9-9d65-4327-8f69-b17ec6104eac: shutdown d5035ba9-9d65-4327-8f69-b17ec6104eac@group-2A5A4E0B395A-FollowerState
2022-01-24 18:04:48,501 [d5035ba9-9d65-4327-8f69-b17ec6104eac@group-2A5A4E0B395A-FollowerState] INFO  server.RaftServer$Division (RaftServerImpl.java:setRole(290)) - d5035ba9-9d65-4327-8f69-b17ec6104eac@group-2A5A4E0B395A: changes role from  FOLLOWER to CANDIDATE at term 0 for changeToCandidate
2022-01-24 18:04:48,501 [d5035ba9-9d65-4327-8f69-b17ec6104eac@group-2A5A4E0B395A-FollowerState] INFO  server.RaftServerConfigKeys (ConfUtils.java:logGet(44)) - raft.server.leaderelection.pre-vote = false (custom)
2022-01-24 18:04:48,501 [d5035ba9-9d65-4327-8f69-b17ec6104eac@group-2A5A4E0B395A-FollowerState] INFO  impl.RoleInfo (RoleInfo.java:updateAndGet(130)) - d5035ba9-9d65-4327-8f69-b17ec6104eac: start d5035ba9-9d65-4327-8f69-b17ec6104eac@group-2A5A4E0B395A-LeaderElection31
2022-01-24 18:04:48,543 [d5035ba9-9d65-4327-8f69-b17ec6104eac@group-2A5A4E0B395A-LeaderElection31] INFO  impl.LeaderElection (LeaderElection.java:askForVotes(306)) - d5035ba9-9d65-4327-8f69-b17ec6104eac@group-2A5A4E0B395A-LeaderElection31 ELECTION round 0: submit vote requests at term 1 for -1: [d5035ba9-9d65-4327-8f69-b17ec6104eac|rpc:fv-az184-104:9894|priority:0], old=null
2022-01-24 18:04:48,543 [d5035ba9-9d65-4327-8f69-b17ec6104eac@group-2A5A4E0B395A-LeaderElection31] INFO  impl.LeaderElection (LeaderElection.java:askForVotes(308)) - d5035ba9-9d65-4327-8f69-b17ec6104eac@group-2A5A4E0B395A-LeaderElection31 ELECTION round 0: result PASSED (term=1)
2022-01-24 18:04:48,543 [d5035ba9-9d65-4327-8f69-b17ec6104eac@group-2A5A4E0B395A-LeaderElection31] INFO  impl.RoleInfo (RoleInfo.java:shutdownLeaderElection(121)) - d5035ba9-9d65-4327-8f69-b17ec6104eac: shutdown d5035ba9-9d65-4327-8f69-b17ec6104eac@group-2A5A4E0B395A-LeaderElection31
2022-01-24 18:04:48,543 [d5035ba9-9d65-4327-8f69-b17ec6104eac@group-2A5A4E0B395A-LeaderElection31] INFO  server.RaftServer$Division (RaftServerImpl.java:setRole(290)) - d5035ba9-9d65-4327-8f69-b17ec6104eac@group-2A5A4E0B395A: changes role from CANDIDATE to LEADER at term 1 for changeToLeader
2022-01-24 18:04:48,543 [d5035ba9-9d65-4327-8f69-b17ec6104eac@group-2A5A4E0B395A-LeaderElection31] INFO  server.RaftServer$Division (ServerState.java:setLeader(285)) - d5035ba9-9d65-4327-8f69-b17ec6104eac@group-2A5A4E0B395A: change Leader from null to d5035ba9-9d65-4327-8f69-b17ec6104eac at term 1 for becomeLeader, leader elected after 5224ms
2022-01-24 18:04:48,543 [d5035ba9-9d65-4327-8f69-b17ec6104eac@group-2A5A4E0B395A-LeaderElection31] INFO  server.RaftServerConfigKeys (ConfUtils.java:logGet(44)) - raft.server.staging.catchup.gap = 1000 (default)
2022-01-24 18:04:48,543 [d5035ba9-9d65-4327-8f69-b17ec6104eac@group-2A5A4E0B395A-LeaderElection31] INFO  server.RaftServerConfigKeys (ConfUtils.java:logGet(44)) - raft.server.write.element-limit = 4096 (default)
2022-01-24 18:04:48,543 [d5035ba9-9d65-4327-8f69-b17ec6104eac@group-2A5A4E0B395A-LeaderElection31] INFO  server.RaftServerConfigKeys (ConfUtils.java:logGet(44)) - raft.server.write.byte-limit = 64MB (=67108864) (default)
2022-01-24 18:04:48,544 [d5035ba9-9d65-4327-8f69-b17ec6104eac@group-2A5A4E0B395A-LeaderElection31] INFO  server.RaftServerConfigKeys (ConfUtils.java:logGet(44)) - raft.server.watch.timeout = 10s (default)
2022-01-24 18:04:48,544 [d5035ba9-9d65-4327-8f69-b17ec6104eac@group-2A5A4E0B395A-LeaderElection31] INFO  server.RaftServerConfigKeys (ConfUtils.java:logGet(44)) - raft.server.watch.timeout.denomination = 1s (default)
2022-01-24 18:04:48,544 [d5035ba9-9d65-4327-8f69-b17ec6104eac@group-2A5A4E0B395A-LeaderElection31] INFO  server.RaftServerConfigKeys (ConfUtils.java:logGet(44)) - raft.server.watch.element-limit = 65536 (default)
2022-01-24 18:04:48,544 [d5035ba9-9d65-4327-8f69-b17ec6104eac@group-2A5A4E0B395A-LeaderElection31] INFO  server.RaftServerConfigKeys (ConfUtils.java:logGet(44)) - raft.server.write.element-limit = 4096 (default)
2022-01-24 18:04:48,544 [d5035ba9-9d65-4327-8f69-b17ec6104eac@group-2A5A4E0B395A-LeaderElection31] INFO  server.RaftServerConfigKeys (ConfUtils.java:logGet(44)) - raft.server.write.follower.gap.ratio.max = -1.0 (default)
2022-01-24 18:04:48,544 [d5035ba9-9d65-4327-8f69-b17ec6104eac@group-2A5A4E0B395A-LeaderElection31] INFO  impl.RoleInfo (RoleInfo.java:updateAndGet(130)) - d5035ba9-9d65-4327-8f69-b17ec6104eac: start d5035ba9-9d65-4327-8f69-b17ec6104eac@group-2A5A4E0B395A-LeaderStateImpl
2022-01-24 18:04:48,545 [d5035ba9-9d65-4327-8f69-b17ec6104eac@group-2A5A4E0B395A-LeaderElection31] INFO  segmented.SegmentedRaftLogWorker (SegmentedRaftLogWorker.java:startLogSegment(394)) - d5035ba9-9d65-4327-8f69-b17ec6104eac@group-2A5A4E0B395A-SegmentedRaftLogWorker: Starting segment from index:0
2022-01-24 18:04:48,557 [d5035ba9-9d65-4327-8f69-b17ec6104eac@group-2A5A4E0B395A-SegmentedRaftLogWorker] INFO  segmented.SegmentedRaftLogWorker (SegmentedRaftLogWorker.java:execute(601)) - d5035ba9-9d65-4327-8f69-b17ec6104eac@group-2A5A4E0B395A-SegmentedRaftLogWorker: created new log segment /home/runner/work/ozone/ozone/hadoop-ozone/integration-test/target/test-dir/MiniOzoneClusterImpl-aa639c69-f9d2-45b5-aeae-2a5a4e0b395a/ozone-meta/scm-ha/aa639c69-f9d2-45b5-aeae-2a5a4e0b395a/current/log_inprogress_0
2022-01-24 18:04:48,581 [d5035ba9-9d65-4327-8f69-b17ec6104eac@group-2A5A4E0B395A-LeaderElection31] INFO  server.RaftServer$Division (ServerState.java:setRaftConf(387)) - d5035ba9-9d65-4327-8f69-b17ec6104eac@group-2A5A4E0B395A: set configuration 0: [d5035ba9-9d65-4327-8f69-b17ec6104eac|rpc:fv-az184-104:9894|admin:|client:|dataStream:|priority:0], old=null
2022-01-24 18:04:49,365 [Time-limited test] INFO  server.RaftServer (RaftServerProxy.java:lambda$close$6(391)) - d5035ba9-9d65-4327-8f69-b17ec6104eac: close
2022-01-24 18:04:49,365 [Time-limited test] INFO  server.RaftServer$Division (RaftServerImpl.java:lambda$close$4(412)) - d5035ba9-9d65-4327-8f69-b17ec6104eac@group-2A5A4E0B395A: shutdown
2022-01-24 18:04:49,366 [Time-limited test] INFO  util.JmxRegister (JmxRegister.java:unregister(73)) - Successfully un-registered JMX Bean with object name Ratis:service=RaftServer,group=group-2A5A4E0B395A,id=d5035ba9-9d65-4327-8f69-b17ec6104eac
2022-01-24 18:04:49,366 [Time-limited test] INFO  impl.RoleInfo (RoleInfo.java:shutdownLeaderState(91)) - d5035ba9-9d65-4327-8f69-b17ec6104eac: shutdown d5035ba9-9d65-4327-8f69-b17ec6104eac@group-2A5A4E0B395A-LeaderStateImpl
2022-01-24 18:04:49,366 [Time-limited test] INFO  impl.PendingRequests (PendingRequests.java:sendNotLeaderResponses(282)) - d5035ba9-9d65-4327-8f69-b17ec6104eac@group-2A5A4E0B395A-PendingRequests: sendNotLeaderResponses
2022-01-24 18:04:49,366 [Time-limited test] INFO  impl.StateMachineUpdater (StateMachineUpdater.java:stopAndJoin(149)) - d5035ba9-9d65-4327-8f69-b17ec6104eac@group-2A5A4E0B395A-StateMachineUpdater: set stopIndex = 0
2022-01-24 18:04:49,367 [d5035ba9-9d65-4327-8f69-b17ec6104eac@group-2A5A4E0B395A-StateMachineUpdater] INFO  impl.StateMachineUpdater (StateMachineUpdater.java:takeSnapshot(281)) - d5035ba9-9d65-4327-8f69-b17ec6104eac@group-2A5A4E0B395A-StateMachineUpdater: Took a snapshot at index 0
2022-01-24 18:04:49,367 [d5035ba9-9d65-4327-8f69-b17ec6104eac@group-2A5A4E0B395A-StateMachineUpdater] INFO  impl.StateMachineUpdater (StateMachineUpdater.java:lambda$new$0(89)) - d5035ba9-9d65-4327-8f69-b17ec6104eac@group-2A5A4E0B395A-StateMachineUpdater: snapshotIndex: updateIncreasingly -1 -> 0
2022-01-24 18:04:49,367 [Time-limited test] INFO  server.RaftServer$Division (ServerState.java:close(419)) - d5035ba9-9d65-4327-8f69-b17ec6104eac@group-2A5A4E0B395A: closes. applyIndex: 0
2022-01-24 18:04:49,367 [d5035ba9-9d65-4327-8f69-b17ec6104eac@group-2A5A4E0B395A-SegmentedRaftLogWorker] INFO  segmented.SegmentedRaftLogWorker (SegmentedRaftLogWorker.java:run(327)) - d5035ba9-9d65-4327-8f69-b17ec6104eac@group-2A5A4E0B395A-SegmentedRaftLogWorker was interrupted, exiting. There are 0 tasks remaining in the queue.
2022-01-24 18:04:49,369 [Time-limited test] INFO  segmented.SegmentedRaftLogWorker (SegmentedRaftLogWorker.java:close(237)) - d5035ba9-9d65-4327-8f69-b17ec6104eac@group-2A5A4E0B395A-SegmentedRaftLogWorker close()
2022-01-24 18:04:49,385 [Time-limited test] INFO  server.GrpcService (GrpcService.java:closeImpl(262)) - d5035ba9-9d65-4327-8f69-b17ec6104eac: shutdown server with port 9894 now
2022-01-24 18:04:49,389 [Time-limited test] INFO  server.GrpcService (GrpcService.java:closeImpl(271)) - d5035ba9-9d65-4327-8f69-b17ec6104eac: shutdown server with port 9894 successfully
2022-01-24 18:04:49,393 [org.apache.ratis.util.JvmPauseMonitor$$Lambda$431/1963060215@1c2a5dae] INFO  util.JvmPauseMonitor (JvmPauseMonitor.java:run(109)) - JvmPauseMonitor-d5035ba9-9d65-4327-8f69-b17ec6104eac: Stopped
2022-01-24 18:04:49,393 [Time-limited test] INFO  ha.SCMHANodeDetails (SCMHANodeDetails.java:loadSCMHAConfig(157)) - ServiceID for StorageContainerManager is null
2022-01-24 18:04:49,393 [Time-limited test] INFO  ha.SCMHANodeDetails (SCMHANodeDetails.java:loadSCMHAConfig(162)) - ozone.scm.default.service.id is not defined, falling back to ozone.scm.service.ids to find serviceID for StorageContainerManager if it is HA enabled cluster
2022-01-24 18:04:49,394 [Time-limited test] WARN  server.ServerUtils (ServerUtils.java:getScmDbDir(148)) - ozone.scm.db.dirs is not configured. We recommend adding this setting. Falling back to ozone.metadata.dirs instead.
2022-01-24 18:04:49,394 [Time-limited test] INFO  upgrade.AbstractLayoutVersionManager (AbstractLayoutVersionManager.java:init(79)) - Initializing Layout version manager with metadata layout = SCM_HA (version = 2), software layout = SCM_HA (version = 2)
2022-01-24 18:04:49,514 [Time-limited test] INFO  reflections.Reflections (Reflections.java:scan(232)) - Reflections took 119 ms to scan 7 urls, producing 119 keys and 279 values 
2022-01-24 18:04:49,520 [Time-limited test] WARN  utils.HAUtils (HAUtils.java:getMetaDir(342)) - ozone.scm.db.dirs is not configured. We recommend adding this setting. Falling back to ozone.metadata.dirs instead.
2022-01-24 18:04:49,530 [Time-limited test] WARN  db.DBStoreBuilder (DBStoreBuilder.java:applyDBDefinition(145)) - ozone.scm.db.dirs is not configured. We recommend adding this setting. Falling back to ozone.metadata.dirs instead.
2022-01-24 18:04:49,794 [Time-limited test] INFO  net.NodeSchemaLoader (NodeSchemaLoader.java:loadSchemaFromFile(129)) - Loading schema from [jar:file:/home/runner/.m2/repository/org/apache/ozone/hdds-common/1.3.0-SNAPSHOT/hdds-common-1.3.0-SNAPSHOT.jar!/network-topology-default.xml]
2022-01-24 18:04:49,794 [Time-limited test] INFO  net.NodeSchemaLoader (NodeSchemaLoader.java:loadSchema(176)) - Loading network topology layer schema file
2022-01-24 18:04:49,826 [Time-limited test] WARN  impl.MetricRegistriesImpl (MetricRegistriesImpl.java:addReporterRegistration(111)) - New reporters are added after registries were created. Some metrics will be missing from the reporter. Please add reporter before adding any new registry.
2022-01-24 18:04:49,826 [Time-limited test] WARN  impl.MetricRegistriesImpl (MetricRegistriesImpl.java:addReporterRegistration(111)) - New reporters are added after registries were created. Some metrics will be missing from the reporter. Please add reporter before adding any new registry.
2022-01-24 18:04:49,827 [Time-limited test] INFO  ha.SCMRatisServerImpl (SCMRatisServerImpl.java:<init>(87)) - starting Raft server for scm:d5035ba9-9d65-4327-8f69-b17ec6104eac
2022-01-24 18:04:49,829 [Time-limited test] INFO  server.RaftServer (ConfUtils.java:logGet(44)) - raft.rpc.type = GRPC (default)
2022-01-24 18:04:49,829 [Time-limited test] INFO  grpc.GrpcFactory (GrpcFactory.java:checkPooledByteBufAllocatorUseCacheForAllThreads(48)) - PERFORMANCE WARNING: useCacheForAllThreads is true that may cause Netty to create a lot garbage objects and, as a result, trigger GC.
	It is recommended to disable useCacheForAllThreads by setting -Dorg.apache.ratis.thirdparty.io.netty.allocator.useCacheForAllThreads=false in command line.
2022-01-24 18:04:49,830 [Time-limited test] INFO  grpc.GrpcConfigKeys (ConfUtils.java:logGet(44)) - raft.grpc.admin.port = -1 (default)
2022-01-24 18:04:49,830 [Time-limited test] INFO  grpc.GrpcConfigKeys (ConfUtils.java:logGet(44)) - raft.grpc.server.port = 9894 (custom)
2022-01-24 18:04:49,835 [Time-limited test] INFO  grpc.GrpcConfigKeys (ConfUtils.java:logGet(44)) - raft.grpc.client.port = -1 (default)
2022-01-24 18:04:49,842 [Time-limited test] INFO  grpc.GrpcConfigKeys (ConfUtils.java:logGet(44)) - raft.grpc.server.port = 9894 (custom)
2022-01-24 18:04:49,842 [Time-limited test] INFO  grpc.GrpcConfigKeys (ConfUtils.java:logGet(44)) - raft.grpc.server.port = 9894 (custom)
2022-01-24 18:04:49,842 [Time-limited test] INFO  server.GrpcService (ConfUtils.java:logGet(44)) - raft.grpc.message.size.max = 32m (=33554432) (custom)
2022-01-24 18:04:49,842 [Time-limited test] INFO  server.RaftServerConfigKeys (ConfUtils.java:logGet(44)) - raft.server.log.appender.buffer.byte-limit = 33554432 (custom)
2022-01-24 18:04:49,842 [Time-limited test] INFO  server.GrpcService (ConfUtils.java:logGet(44)) - raft.grpc.flow.control.window = 1MB (=1048576) (default)
2022-01-24 18:04:49,842 [Time-limited test] INFO  server.RaftServerConfigKeys (ConfUtils.java:logGet(44)) - raft.server.rpc.request.timeout = 30000ms (custom)
2022-01-24 18:04:49,843 [Time-limited test] INFO  impl.DataStreamServerImpl (ConfUtils.java:logGet(44)) - raft.datastream.type = DISABLED (default)
2022-01-24 18:04:49,844 [Time-limited test] INFO  server.RaftServerConfigKeys (ConfUtils.java:logGet(44)) - raft.server.rpc.slowness.timeout = 120000ms (custom)
2022-01-24 18:04:49,844 [Time-limited test] INFO  server.RaftServerConfigKeys (ConfUtils.java:logGet(44)) - raft.server.leaderelection.leader.step-down.wait-time = 10s (default)
2022-01-24 18:04:49,844 [Time-limited test] INFO  server.RaftServerConfigKeys (ConfUtils.java:logGet(44)) - raft.server.storage.dir = [/home/runner/work/ozone/ozone/hadoop-ozone/integration-test/target/test-dir/MiniOzoneClusterImpl-aa639c69-f9d2-45b5-aeae-2a5a4e0b395a/ozone-meta/scm-ha] (custom)
2022-01-24 18:04:49,844 [Time-limited test] INFO  server.RaftServer (RaftServerProxy.java:lambda$null$1(235)) - d5035ba9-9d65-4327-8f69-b17ec6104eac: found a subdirectory /home/runner/work/ozone/ozone/hadoop-ozone/integration-test/target/test-dir/MiniOzoneClusterImpl-aa639c69-f9d2-45b5-aeae-2a5a4e0b395a/ozone-meta/scm-ha/aa639c69-f9d2-45b5-aeae-2a5a4e0b395a
2022-01-24 18:04:49,847 [Time-limited test] INFO  server.RaftServer (RaftServerProxy.java:addNew(95)) - d5035ba9-9d65-4327-8f69-b17ec6104eac: addNew group-2A5A4E0B395A:[] returns group-2A5A4E0B395A:java.util.concurrent.CompletableFuture@48282d3f[Not completed]
2022-01-24 18:04:49,848 [pool-241-thread-1] INFO  server.RaftServer$Division (RaftServerImpl.java:<init>(184)) - d5035ba9-9d65-4327-8f69-b17ec6104eac: new RaftServerImpl for group-2A5A4E0B395A:[] with SCMStateMachine:uninitialized
2022-01-24 18:04:49,849 [pool-241-thread-1] INFO  server.RaftServerConfigKeys (ConfUtils.java:logGet(44)) - raft.server.rpc.timeout.min = 5000ms (custom)
2022-01-24 18:04:49,849 [pool-241-thread-1] INFO  server.RaftServerConfigKeys (ConfUtils.java:logGet(44)) - raft.server.rpc.timeout.max = 5200ms (custom)
2022-01-24 18:04:49,849 [pool-241-thread-1] INFO  server.RaftServerConfigKeys (ConfUtils.java:logGet(44)) - raft.server.rpc.sleep.time = 25ms (default)
2022-01-24 18:04:49,850 [pool-241-thread-1] INFO  server.RaftServerConfigKeys (ConfUtils.java:logGet(44)) - raft.server.rpc.slowness.timeout = 120000ms (custom)
2022-01-24 18:04:49,850 [pool-241-thread-1] INFO  server.RaftServerConfigKeys (ConfUtils.java:logGet(44)) - raft.server.leaderelection.leader.step-down.wait-time = 10s (default)
2022-01-24 18:04:49,850 [pool-241-thread-1] INFO  server.RaftServerConfigKeys (ConfUtils.java:logGet(44)) - raft.server.sleep.deviation.threshold = 300ms (default)
2022-01-24 18:04:49,850 [pool-241-thread-1] INFO  server.RaftServerConfigKeys (ConfUtils.java:logGet(44)) - raft.server.log.appender.install.snapshot.enabled = false (custom)
2022-01-24 18:04:49,850 [pool-241-thread-1] INFO  server.RaftServer$Division (ServerState.java:<init>(105)) - d5035ba9-9d65-4327-8f69-b17ec6104eac@group-2A5A4E0B395A: ConfigurationManager, init=-1: [], old=null, confs=<EMPTY_MAP>
2022-01-24 18:04:49,857 [pool-241-thread-1] INFO  server.RaftServerConfigKeys (ConfUtils.java:logGet(44)) - raft.server.storage.dir = [/home/runner/work/ozone/ozone/hadoop-ozone/integration-test/target/test-dir/MiniOzoneClusterImpl-aa639c69-f9d2-45b5-aeae-2a5a4e0b395a/ozone-meta/scm-ha] (custom)
2022-01-24 18:04:49,857 [pool-241-thread-1] INFO  server.RaftServerConfigKeys (ConfUtils.java:logGet(44)) - raft.server.log.corruption.policy = EXCEPTION (default)
2022-01-24 18:04:49,857 [pool-241-thread-1] INFO  server.RaftServerConfigKeys (ConfUtils.java:logGet(44)) - raft.server.storage.free-space.min = 0MB (=0) (default)
2022-01-24 18:04:49,858 [pool-241-thread-1] INFO  storage.RaftStorageDirectory (RaftStorageDirectoryImpl.java:tryLock(230)) - Lock on /home/runner/work/ozone/ozone/hadoop-ozone/integration-test/target/test-dir/MiniOzoneClusterImpl-aa639c69-f9d2-45b5-aeae-2a5a4e0b395a/ozone-meta/scm-ha/aa639c69-f9d2-45b5-aeae-2a5a4e0b395a/in_use.lock acquired by nodename 10094@fv-az184-104
2022-01-24 18:04:49,858 [pool-241-thread-1] INFO  storage.RaftStorage (RaftStorageImpl.java:analyzeAndRecoverStorage(110)) - Read RaftStorageMetadata{term=1, votedFor=d5035ba9-9d65-4327-8f69-b17ec6104eac} from /home/runner/work/ozone/ozone/hadoop-ozone/integration-test/target/test-dir/MiniOzoneClusterImpl-aa639c69-f9d2-45b5-aeae-2a5a4e0b395a/ozone-meta/scm-ha/aa639c69-f9d2-45b5-aeae-2a5a4e0b395a/current/raft-meta
2022-01-24 18:04:49,859 [pool-241-thread-1] INFO  server.RaftServer$Division (ServerState.java:setRaftConf(387)) - d5035ba9-9d65-4327-8f69-b17ec6104eac@group-2A5A4E0B395A: set configuration 0: [d5035ba9-9d65-4327-8f69-b17ec6104eac|rpc:fv-az184-104:9894|admin:|client:|dataStream:|priority:0], old=null
2022-01-24 18:04:49,859 [pool-241-thread-1] INFO  server.RaftServerConfigKeys (ConfUtils.java:logGet(44)) - raft.server.notification.no-leader.timeout = 60s (default)
2022-01-24 18:04:49,859 [pool-241-thread-1] INFO  server.RaftServerConfigKeys (ConfUtils.java:logGet(44)) - raft.server.log.use.memory = false (default)
2022-01-24 18:04:49,859 [pool-241-thread-1] INFO  server.RaftServerConfigKeys (ConfUtils.java:logGet(44)) - raft.server.log.purge.gap = 1000000 (custom)
2022-01-24 18:04:49,859 [pool-241-thread-1] INFO  server.RaftServerConfigKeys (ConfUtils.java:logGet(44)) - raft.server.log.appender.buffer.byte-limit = 33554432 (custom)
2022-01-24 18:04:49,859 [pool-241-thread-1] INFO  server.RaftServerConfigKeys (ConfUtils.java:logGet(44)) - raft.server.log.segment.size.max = 4194304 (custom)
2022-01-24 18:04:49,859 [pool-241-thread-1] INFO  server.RaftServerConfigKeys (ConfUtils.java:logGet(44)) - raft.server.log.segment.cache.num.max = 2 (custom)
2022-01-24 18:04:49,859 [pool-241-thread-1] INFO  server.RaftServerConfigKeys (ConfUtils.java:logGet(44)) - raft.server.log.segment.cache.size.max = 200MB (=209715200) (default)
2022-01-24 18:04:49,859 [pool-241-thread-1] INFO  segmented.SegmentedRaftLogWorker (SegmentedRaftLogWorker.java:<init>(182)) - new d5035ba9-9d65-4327-8f69-b17ec6104eac@group-2A5A4E0B395A-SegmentedRaftLogWorker for RaftStorageImpl:Storage Directory /home/runner/work/ozone/ozone/hadoop-ozone/integration-test/target/test-dir/MiniOzoneClusterImpl-aa639c69-f9d2-45b5-aeae-2a5a4e0b395a/ozone-meta/scm-ha/aa639c69-f9d2-45b5-aeae-2a5a4e0b395a
2022-01-24 18:04:49,859 [pool-241-thread-1] INFO  server.RaftServerConfigKeys (ConfUtils.java:logGet(44)) - raft.server.log.queue.byte-limit = 64MB (=67108864) (default)
2022-01-24 18:04:49,859 [pool-241-thread-1] INFO  server.RaftServerConfigKeys (ConfUtils.java:logGet(44)) - raft.server.log.queue.element-limit = 4096 (default)
2022-01-24 18:04:49,860 [pool-241-thread-1] INFO  server.RaftServerConfigKeys (ConfUtils.java:logGet(44)) - raft.server.log.segment.size.max = 4194304 (custom)
2022-01-24 18:04:49,860 [pool-241-thread-1] INFO  server.RaftServerConfigKeys (ConfUtils.java:logGet(44)) - raft.server.log.preallocated.size = 4194304 (custom)
2022-01-24 18:04:49,860 [pool-241-thread-1] INFO  server.RaftServerConfigKeys (ConfUtils.java:logGet(44)) - raft.server.log.force.sync.num = 128 (default)
2022-01-24 18:04:49,860 [pool-241-thread-1] INFO  server.RaftServerConfigKeys (ConfUtils.java:logGet(44)) - raft.server.log.statemachine.data.sync = true (default)
2022-01-24 18:04:49,860 [pool-241-thread-1] INFO  server.RaftServerConfigKeys (ConfUtils.java:logGet(44)) - raft.server.log.statemachine.data.sync.timeout = 10s (default)
2022-01-24 18:04:49,860 [pool-241-thread-1] INFO  server.RaftServerConfigKeys (ConfUtils.java:logGet(44)) - raft.server.log.statemachine.data.sync.timeout.retry = -1 (default)
2022-01-24 18:04:49,860 [pool-241-thread-1] INFO  server.RaftServerConfigKeys (ConfUtils.java:logGet(44)) - raft.server.log.write.buffer.size = 64KB (=65536) (default)
2022-01-24 18:04:49,860 [pool-241-thread-1] INFO  server.RaftServerConfigKeys (ConfUtils.java:logGet(44)) - raft.server.log.statemachine.data.caching.enabled = false (default)
2022-01-24 18:04:49,861 [pool-241-thread-1] INFO  server.RaftServer$Division (ServerState.java:setRaftConf(387)) - d5035ba9-9d65-4327-8f69-b17ec6104eac@group-2A5A4E0B395A: set configuration 0: [d5035ba9-9d65-4327-8f69-b17ec6104eac|rpc:fv-az184-104:9894|admin:|client:|dataStream:|priority:0], old=null
2022-01-24 18:04:49,861 [pool-241-thread-1] INFO  segmented.LogSegment (LogSegment.java:loadSegment(173)) - Successfully read 1 entries from segment file /home/runner/work/ozone/ozone/hadoop-ozone/integration-test/target/test-dir/MiniOzoneClusterImpl-aa639c69-f9d2-45b5-aeae-2a5a4e0b395a/ozone-meta/scm-ha/aa639c69-f9d2-45b5-aeae-2a5a4e0b395a/current/log_inprogress_0
2022-01-24 18:04:49,861 [pool-241-thread-1] INFO  segmented.SegmentedRaftLogWorker (SegmentedRaftLogWorker.java:lambda$new$0(133)) - d5035ba9-9d65-4327-8f69-b17ec6104eac@group-2A5A4E0B395A-SegmentedRaftLogWorker: flushIndex: setUnconditionally 0 -> 0
2022-01-24 18:04:49,861 [pool-241-thread-1] INFO  segmented.SegmentedRaftLogWorker (SegmentedRaftLogWorker.java:lambda$new$0(133)) - d5035ba9-9d65-4327-8f69-b17ec6104eac@group-2A5A4E0B395A-SegmentedRaftLogWorker: safeCacheEvictIndex: setUnconditionally 0 -> -1
2022-01-24 18:04:49,868 [pool-241-thread-1] INFO  server.RaftServerConfigKeys (ConfUtils.java:logGet(44)) - raft.server.snapshot.auto.trigger.enabled = true (custom)
2022-01-24 18:04:49,868 [pool-241-thread-1] INFO  server.RaftServerConfigKeys (ConfUtils.java:logGet(44)) - raft.server.snapshot.auto.trigger.threshold = 1000 (custom)
2022-01-24 18:04:49,868 [pool-241-thread-1] INFO  server.RaftServerConfigKeys (ConfUtils.java:logGet(44)) - raft.server.snapshot.retention.file.num = -1 (default)
2022-01-24 18:04:49,868 [pool-241-thread-1] INFO  server.RaftServerConfigKeys (ConfUtils.java:logGet(44)) - raft.server.log.purge.upto.snapshot.index = false (default)
2022-01-24 18:04:49,868 [pool-241-thread-1] INFO  server.RaftServerConfigKeys (ConfUtils.java:logGet(44)) - raft.server.retrycache.expirytime = 60000ms (default)
2022-01-24 18:04:49,868 [pool-241-thread-1] INFO  server.RaftServerConfigKeys (ConfUtils.java:logGet(44)) - raft.server.retrycache.statistics.expirytime = 100μs (default)
2022-01-24 18:04:49,876 [Time-limited test] INFO  ha.SCMSnapshotProvider (SCMSnapshotProvider.java:<init>(66)) - Initializing SCM Snapshot Provider
2022-01-24 18:04:49,876 [Time-limited test] WARN  server.ServerUtils (ServerUtils.java:getDefaultRatisDirectory(237)) - Storage directory for Ratis is not configured. It is a good idea to map this to an SSD disk. Falling back to ozone.metadata.dirs
2022-01-24 18:04:49,876 [Time-limited test] WARN  ha.SCMHAUtils (SCMHAUtils.java:getSCMRatisSnapshotDirectory(146)) - SCM snapshot dir is not configured. Falling back to ozone.metadata.dirs config
2022-01-24 18:04:49,880 [Time-limited test] INFO  ha.SequenceIdGenerator (SequenceIdGenerator.java:upgradeToSequenceId(347)) - upgrade localId to 109611004723200000
2022-01-24 18:04:49,881 [Time-limited test] INFO  ha.SequenceIdGenerator (SequenceIdGenerator.java:upgradeToSequenceId(357)) - upgrade delTxnId to 0
2022-01-24 18:04:49,881 [Time-limited test] INFO  ha.SequenceIdGenerator (SequenceIdGenerator.java:upgradeToSequenceId(371)) - upgrade containerId to 0
2022-01-24 18:04:49,881 [Time-limited test] INFO  ha.SequenceIdGenerator (SequenceIdGenerator.java:<init>(218)) - Init the HA SequenceIdGenerator.
2022-01-24 18:04:49,881 [Time-limited test] WARN  server.ServerUtils (ServerUtils.java:sanitizeUserArgs(73)) - ozone.scm.stale.node.interval value = 1000000 is larger than max = 100000 based on the key value of ozone.scm.heartbeat.thread.interval, reset to the max value 100000.
2022-01-24 18:04:49,882 [Time-limited test] WARN  server.ServerUtils (ServerUtils.java:sanitizeUserArgs(73)) - ozone.scm.stale.node.interval value = 1000000 is larger than max = 100000 based on the key value of ozone.scm.heartbeat.thread.interval, reset to the max value 100000.
2022-01-24 18:04:49,882 [Time-limited test] INFO  node.SCMNodeManager (SCMNodeManager.java:<init>(144)) - Entering startup safe mode.
2022-01-24 18:04:49,883 [Time-limited test] INFO  algorithms.ContainerPlacementPolicyFactory (ContainerPlacementPolicyFactory.java:getPolicy(60)) - Create container placement policy of type org.apache.hadoop.hdds.scm.container.placement.algorithms.SCMContainerPlacementRandom
2022-01-24 18:04:49,883 [Time-limited test] INFO  pipeline.PipelineStateManagerImpl (PipelineStateManagerImpl.java:initialize(78)) - No pipeline exists in current db
2022-01-24 18:04:49,884 [Time-limited test] INFO  algorithms.LeaderChoosePolicyFactory (LeaderChoosePolicyFactory.java:getPolicy(57)) - Create leader choose policy of type org.apache.hadoop.hdds.scm.pipeline.leader.choose.algorithms.MinLeaderCountChoosePolicy
2022-01-24 18:04:49,884 [Time-limited test] INFO  ha.SCMServiceManager (SCMServiceManager.java:register(43)) - Registering service BackgroundPipelineCreator.
2022-01-24 18:04:49,884 [Time-limited test] INFO  pipeline.BackgroundPipelineCreator (BackgroundPipelineCreator.java:start(130)) - Starting RatisPipelineUtilsThread.
2022-01-24 18:04:49,885 [Time-limited test] INFO  algorithms.PipelineChoosePolicyFactory (PipelineChoosePolicyFactory.java:createPipelineChoosePolicyFromClass(73)) - Create pipeline choose policy of type org.apache.hadoop.hdds.scm.pipeline.choose.algorithms.RandomPipelineChoosePolicy
2022-01-24 18:04:49,886 [Time-limited test] INFO  ha.SCMServiceManager (SCMServiceManager.java:register(43)) - Registering service SCMBlockDeletingService.
2022-01-24 18:04:49,886 [Time-limited test] INFO  ha.SCMServiceManager (SCMServiceManager.java:register(43)) - Registering service ReplicationManager.
2022-01-24 18:04:49,886 [Time-limited test] INFO  container.ReplicationManager (ReplicationManager.java:start(326)) - Starting Replication Monitor Thread.
2022-01-24 18:04:49,889 [Time-limited test] INFO  safemode.ContainerSafeModeRule (ContainerSafeModeRule.java:<init>(89)) - containers with one replica threshold count 0
2022-01-24 18:04:49,889 [Time-limited test] INFO  safemode.HealthyPipelineSafeModeRule (HealthyPipelineSafeModeRule.java:initializeRule(156)) - Total pipeline count is 0, healthy pipeline threshold count is 1
2022-01-24 18:04:49,889 [Time-limited test] INFO  safemode.OneReplicaPipelineSafeModeRule (OneReplicaPipelineSafeModeRule.java:initializeRule(180)) - Total pipeline count is 0, pipeline's with at least one datanode reported threshold count is 0
2022-01-24 18:04:49,893 [Time-limited test] INFO  ipc.CallQueueManager (CallQueueManager.java:<init>(90)) - Using callQueue: class java.util.concurrent.LinkedBlockingQueue, queueCapacity: 2000, scheduler: class org.apache.hadoop.ipc.DefaultRpcScheduler, ipcBackoff: false.
2022-01-24 18:04:49,894 [Socket Reader #1 for port 0] INFO  ipc.Server (Server.java:run(1265)) - Starting Socket Reader #1 for port 0
2022-01-24 18:04:49,895 [Listener at 0.0.0.0/46173] INFO  ipc.CallQueueManager (CallQueueManager.java:<init>(90)) - Using callQueue: class java.util.concurrent.LinkedBlockingQueue, queueCapacity: 2000, scheduler: class org.apache.hadoop.ipc.DefaultRpcScheduler, ipcBackoff: false.
2022-01-24 18:04:49,896 [Socket Reader #1 for port 0] INFO  ipc.Server (Server.java:run(1265)) - Starting Socket Reader #1 for port 0
2022-01-24 18:04:49,897 [Listener at 0.0.0.0/39817] INFO  ipc.CallQueueManager (CallQueueManager.java:<init>(90)) - Using callQueue: class java.util.concurrent.LinkedBlockingQueue, queueCapacity: 2000, scheduler: class org.apache.hadoop.ipc.DefaultRpcScheduler, ipcBackoff: false.
2022-01-24 18:04:49,903 [Socket Reader #1 for port 0] INFO  ipc.Server (Server.java:run(1265)) - Starting Socket Reader #1 for port 0
2022-01-24 18:04:49,917 [ReplicationMonitor] INFO  container.ReplicationManager (ReplicationManager.java:processAll(382)) - Replication Monitor Thread took 0 milliseconds for processing 0 containers.
2022-01-24 18:04:49,974 [Listener at 0.0.0.0/46015] INFO  algorithms.ContainerPlacementPolicyFactory (ContainerPlacementPolicyFactory.java:getPolicy(60)) - Create container placement policy of type org.apache.hadoop.hdds.scm.container.placement.algorithms.SCMContainerPlacementRandom
2022-01-24 18:04:49,976 [Listener at 0.0.0.0/46015] INFO  server.StorageContainerManager (StorageContainerManager.java:<init>(388)) - 
Container Balancer status:
Key                            Value
Running                        false
Container Balancer Configuration values:
Key                                                Value
Threshold                                          10
Max Datanodes to Involve per Iteration(percent)    20
Max Size to Move per Iteration                     500GB
Max Size Entering Target per Iteration             26GB
Max Size Leaving Source per Iteration              26GB

2022-01-24 18:04:49,984 [Listener at 0.0.0.0/46015] WARN  events.EventQueue (EventQueue.java:fireEvent(194)) - No event handler registered for event TypedEvent{payloadType=SafeModeStatus, name='Safe mode status'}
2022-01-24 18:04:49,984 [Listener at 0.0.0.0/46015] INFO  ha.SCMContext (SCMContext.java:updateSafeModeStatus(211)) - Update SafeModeStatus from SafeModeStatus{safeModeStatus=true, preCheckPassed=false} to SafeModeStatus{safeModeStatus=true, preCheckPassed=false}.
2022-01-24 18:04:49,984 [Listener at 0.0.0.0/46015] INFO  server.StorageContainerManager (StorageContainerManager.java:start(1303)) - StorageContainerLocationProtocol RPC server is listening at /0.0.0.0:46015
2022-01-24 18:04:49,984 [Listener at 0.0.0.0/46015] INFO  ha.SCMRatisServerImpl (SCMRatisServerImpl.java:start(177)) - starting ratis server 0.0.0.0:9894
2022-01-24 18:04:49,984 [Listener at 0.0.0.0/46015] INFO  server.RaftServer$Division (RaftServerImpl.java:start(301)) - d5035ba9-9d65-4327-8f69-b17ec6104eac@group-2A5A4E0B395A: start as a follower, conf=0: [d5035ba9-9d65-4327-8f69-b17ec6104eac|rpc:fv-az184-104:9894|admin:|client:|dataStream:|priority:0], old=null
2022-01-24 18:04:49,986 [Listener at 0.0.0.0/46015] INFO  server.RaftServer$Division (RaftServerImpl.java:setRole(290)) - d5035ba9-9d65-4327-8f69-b17ec6104eac@group-2A5A4E0B395A: changes role from      null to FOLLOWER at term 1 for startAsFollower
2022-01-24 18:04:49,986 [Listener at 0.0.0.0/46015] INFO  impl.RoleInfo (RoleInfo.java:updateAndGet(130)) - d5035ba9-9d65-4327-8f69-b17ec6104eac: start d5035ba9-9d65-4327-8f69-b17ec6104eac@group-2A5A4E0B395A-FollowerState
2022-01-24 18:04:49,995 [Listener at 0.0.0.0/46015] INFO  util.JmxRegister (JmxRegister.java:tryRegister(44)) - Successfully registered JMX Bean with object name Ratis:service=RaftServer,group=group-2A5A4E0B395A,id=d5035ba9-9d65-4327-8f69-b17ec6104eac
2022-01-24 18:04:50,000 [Listener at 0.0.0.0/46015] INFO  server.RaftServer (RaftServerProxy.java:lambda$start$5(374)) - d5035ba9-9d65-4327-8f69-b17ec6104eac: start RPC server
2022-01-24 18:04:50,000 [Listener at 0.0.0.0/46015] INFO  server.GrpcService (GrpcService.java:startImpl(253)) - d5035ba9-9d65-4327-8f69-b17ec6104eac: GrpcService started, listening on 9894
2022-01-24 18:04:50,009 [Listener at 0.0.0.0/46015] INFO  ha.SCMHAManagerImpl (SCMHAManagerImpl.java:start(121)) -  scm role is FOLLOWER peers [d5035ba9-9d65-4327-8f69-b17ec6104eac|rpc:fv-az184-104:9894|admin:|client:|dataStream:|priority:0]
2022-01-24 18:04:50,009 [Listener at 0.0.0.0/46015] INFO  ha.InterSCMGrpcService (InterSCMGrpcProtocolService.java:start(94)) - Starting SCM Grpc Service at port 9895
2022-01-24 18:04:50,011 [Listener at 0.0.0.0/46015] WARN  impl.MetricsConfig (MetricsConfig.java:loadFirst(136)) - Cannot locate configuration: tried hadoop-metrics2-storagecontainermanager.properties,hadoop-metrics2.properties
2022-01-24 18:04:50,012 [org.apache.ratis.util.JvmPauseMonitor$$Lambda$431/1963060215@3839fff2] INFO  util.JvmPauseMonitor (JvmPauseMonitor.java:run(103)) - JvmPauseMonitor-d5035ba9-9d65-4327-8f69-b17ec6104eac: Started
2022-01-24 18:04:50,012 [Listener at 0.0.0.0/46015] INFO  impl.MetricsSystemImpl (MetricsSystemImpl.java:startTimer(378)) - Scheduled Metric snapshot period at 10 second(s).
2022-01-24 18:04:50,012 [Listener at 0.0.0.0/46015] INFO  impl.MetricsSystemImpl (MetricsSystemImpl.java:start(191)) - StorageContainerManager metrics system started
2022-01-24 18:04:50,036 [Listener at 0.0.0.0/46015] INFO  impl.MetricsSinkAdapter (MetricsSinkAdapter.java:start(204)) - Sink prometheus started
2022-01-24 18:04:50,052 [Listener at 0.0.0.0/46015] INFO  impl.MetricsSystemImpl (MetricsSystemImpl.java:registerSink(305)) - Registered sink prometheus
2022-01-24 18:04:50,108 [Listener at 0.0.0.0/46015] INFO  server.SCMClientProtocolServer (SCMClientProtocolServer.java:start(164)) - RPC server for Client  is listening at /0.0.0.0:46015
2022-01-24 18:04:50,121 [IPC Server Responder] INFO  ipc.Server (Server.java:run(1507)) - IPC Server Responder: starting
2022-01-24 18:04:50,121 [IPC Server listener on 0] INFO  ipc.Server (Server.java:run(1344)) - IPC Server listener on 0: starting
2022-01-24 18:04:50,171 [Listener at 0.0.0.0/46015] INFO  server.StorageContainerManager (StorageContainerManager.java:start(1318)) - ScmBlockLocationProtocol RPC server is listening at /0.0.0.0:39817
2022-01-24 18:04:50,172 [Listener at 0.0.0.0/46015] INFO  server.SCMBlockProtocolServer (SCMBlockProtocolServer.java:start(151)) - RPC server for Block Protocol is listening at /0.0.0.0:39817
2022-01-24 18:04:50,174 [IPC Server Responder] INFO  ipc.Server (Server.java:run(1507)) - IPC Server Responder: starting
2022-01-24 18:04:50,177 [IPC Server listener on 0] INFO  ipc.Server (Server.java:run(1344)) - IPC Server listener on 0: starting
2022-01-24 18:04:50,259 [org.apache.hadoop.util.JvmPauseMonitor$Monitor@3d02f1f8] INFO  util.JvmPauseMonitor (JvmPauseMonitor.java:run(188)) - Starting JVM pause monitor
2022-01-24 18:04:50,259 [Listener at 0.0.0.0/46015] INFO  http.BaseHttpServer (BaseHttpServer.java:newHttpServer2BuilderForOzone(209)) - Starting Web-server for scm at: http://0.0.0.0:0
2022-01-24 18:04:50,259 [Listener at 0.0.0.0/46015] INFO  http.BaseHttpServer (BaseHttpServer.java:<init>(107)) - Hadoop Security Enabled: false Ozone Security Enabled: false Ozone HTTP Security Enabled: false 
2022-01-24 18:04:50,260 [Listener at 0.0.0.0/46015] INFO  server.AuthenticationFilter (AuthenticationFilter.java:constructSecretProvider(240)) - Unable to initialize FileSignerSecretProvider, falling back to use random secrets.
2022-01-24 18:04:50,265 [Listener at 0.0.0.0/46015] WARN  http.HttpRequestLog (HttpRequestLog.java:getRequestLog(103)) - Jetty request log can only be enabled using Log4j
2022-01-24 18:04:50,266 [Listener at 0.0.0.0/46015] INFO  http.HttpServer2 (HttpServer2.java:addGlobalFilter(1030)) - Added global filter 'safety' (class=org.apache.hadoop.hdds.server.http.HttpServer2$QuotingInputFilter)
2022-01-24 18:04:50,267 [Listener at 0.0.0.0/46015] INFO  http.HttpServer2 (HttpServer2.java:addFilter(1006)) - Added filter static_user_filter (class=org.apache.hadoop.http.lib.StaticUserWebFilter$StaticUserFilter) to context scm
2022-01-24 18:04:50,267 [Listener at 0.0.0.0/46015] INFO  http.HttpServer2 (HttpServer2.java:addFilter(1014)) - Added filter static_user_filter (class=org.apache.hadoop.http.lib.StaticUserWebFilter$StaticUserFilter) to context logs
2022-01-24 18:04:50,267 [Listener at 0.0.0.0/46015] INFO  http.HttpServer2 (HttpServer2.java:addFilter(1014)) - Added filter static_user_filter (class=org.apache.hadoop.http.lib.StaticUserWebFilter$StaticUserFilter) to context static
2022-01-24 18:04:50,268 [Listener at 0.0.0.0/46015] INFO  http.HttpServer2 (HttpServer2.java:bindListener(1249)) - Jetty bound to port 39141
2022-01-24 18:04:50,268 [Listener at 0.0.0.0/46015] INFO  server.Server (Server.java:doStart(375)) - jetty-9.4.43.v20210629; built: 2021-06-30T11:07:22.254Z; git: 526006ecfa3af7f1a27ef3a288e2bef7ea9dd7e8; jvm 1.8.0_312-b07
2022-01-24 18:04:50,274 [Listener at 0.0.0.0/46015] INFO  server.session (DefaultSessionIdManager.java:doStart(334)) - DefaultSessionIdManager workerName=node0
2022-01-24 18:04:50,274 [Listener at 0.0.0.0/46015] INFO  server.session (DefaultSessionIdManager.java:doStart(339)) - No SessionScavenger set, using defaults
2022-01-24 18:04:50,274 [Listener at 0.0.0.0/46015] INFO  server.session (HouseKeeper.java:startScavenging(132)) - node0 Scavenging every 660000ms
2022-01-24 18:04:50,275 [Listener at 0.0.0.0/46015] INFO  handler.ContextHandler (ContextHandler.java:doStart(915)) - Started o.e.j.s.ServletContextHandler@391332ef{logs,/logs,file:///home/runner/work/ozone/ozone/hadoop-ozone/integration-test/target/log,AVAILABLE}
2022-01-24 18:04:50,275 [Listener at 0.0.0.0/46015] INFO  handler.ContextHandler (ContextHandler.java:doStart(915)) - Started o.e.j.s.ServletContextHandler@774eb831{static,/static,file:///home/runner/work/ozone/ozone/hadoop-ozone/integration-test/target/test-classes/webapps/static,AVAILABLE}
2022-01-24 18:04:50,284 [Listener at 0.0.0.0/46015] INFO  handler.ContextHandler (ContextHandler.java:doStart(915)) - Started o.e.j.w.WebAppContext@4dcd0219{scm,/,file:///home/runner/work/ozone/ozone/hadoop-ozone/integration-test/target/test-classes/webapps/scm/,AVAILABLE}{file:/home/runner/work/ozone/ozone/hadoop-ozone/integration-test/target/test-classes/webapps/scm}
2022-01-24 18:04:50,305 [Listener at 0.0.0.0/46015] INFO  server.AbstractConnector (AbstractConnector.java:doStart(331)) - Started ServerConnector@640b916b{HTTP/1.1, (http/1.1)}{0.0.0.0:39141}
2022-01-24 18:04:50,306 [Listener at 0.0.0.0/46015] INFO  server.Server (Server.java:doStart(415)) - Started @79943ms
2022-01-24 18:04:50,306 [Listener at 0.0.0.0/46015] WARN  impl.MetricsSystemImpl (MetricsSystemImpl.java:register(279)) - Sink prometheus already exists!
2022-01-24 18:04:50,306 [Listener at 0.0.0.0/46015] INFO  http.BaseHttpServer (BaseHttpServer.java:updateConnectorAddress(329)) - HTTP server of scm listening at http://0.0.0.0:39141
2022-01-24 18:04:50,307 [Listener at 0.0.0.0/46015] WARN  server.ServerUtils (ServerUtils.java:getDBPath(225)) - ozone.om.db.dirs is not configured. We recommend adding this setting. Falling back to ozone.metadata.dirs instead.
2022-01-24 18:04:50,313 [Listener at 0.0.0.0/46015] INFO  ha.OMHANodeDetails (OMHANodeDetails.java:loadOMHAConfig(112)) - ozone.om.internal.service.id is not defined, falling back to ozone.om.service.ids to find serviceID for OzoneManager if it is HA enabled cluster
2022-01-24 18:04:50,313 [Listener at 0.0.0.0/46015] INFO  ha.OMHANodeDetails (OMHANodeDetails.java:loadOMHAConfig(218)) - Configuration does not have ozone.om.address set. Falling back to the default OM address /127.0.0.1:0
2022-01-24 18:04:50,313 [Listener at 0.0.0.0/46015] INFO  ha.OMHANodeDetails (OMHANodeDetails.java:getOMNodeDetailsForNonHA(246)) - OM Service ID is not set. Setting it to the default ID: omServiceIdDefault
2022-01-24 18:04:50,313 [Listener at 0.0.0.0/46015] INFO  ha.OMHANodeDetails (OMHANodeDetails.java:getOMNodeDetailsForNonHA(253)) - OM Node ID is not set. Setting it to the default ID: om1
2022-01-24 18:04:50,313 [Listener at 0.0.0.0/46015] WARN  server.ServerUtils (ServerUtils.java:getDBPath(225)) - ozone.om.db.dirs is not configured. We recommend adding this setting. Falling back to ozone.metadata.dirs instead.
2022-01-24 18:04:50,314 [Listener at 0.0.0.0/46015] INFO  upgrade.AbstractLayoutVersionManager (AbstractLayoutVersionManager.java:init(79)) - Initializing Layout version manager with metadata layout = INITIAL_VERSION (version = 0), software layout = INITIAL_VERSION (version = 0)
2022-01-24 18:04:50,458 [Listener at 0.0.0.0/46015] INFO  reflections.Reflections (Reflections.java:scan(232)) - Reflections took 143 ms to scan 2 urls, producing 133 keys and 348 values [using 2 cores]
2022-01-24 18:04:50,458 [Listener at 0.0.0.0/46015] INFO  upgrade.OMLayoutVersionManager (OMLayoutVersionManager.java:lambda$0(115)) - Skipping Upgrade Action MockOmUpgradeAction since it has been finalized.
2022-01-24 18:04:50,458 [Listener at 0.0.0.0/46015] WARN  server.ServerUtils (ServerUtils.java:getDBPath(225)) - ozone.om.db.dirs is not configured. We recommend adding this setting. Falling back to ozone.metadata.dirs instead.
2022-01-24 18:04:52,508 [Listener at 0.0.0.0/46015] INFO  retry.RetryInvocationHandler (RetryInvocationHandler.java:log(411)) - com.google.protobuf.ServiceException: org.apache.hadoop.ipc.RemoteException(org.apache.hadoop.hdds.ratis.ServerNotLeaderException): Server:d5035ba9-9d65-4327-8f69-b17ec6104eac is not the leader. Could not determine the leader node.
	at org.apache.hadoop.hdds.ratis.ServerNotLeaderException.convertToNotLeaderException(ServerNotLeaderException.java:109)
	at org.apache.hadoop.hdds.scm.ha.RatisUtil.checkRatisException(RatisUtil.java:245)
	at org.apache.hadoop.hdds.scm.protocol.ScmBlockLocationProtocolServerSideTranslatorPB.send(ScmBlockLocationProtocolServerSideTranslatorPB.java:108)
	at org.apache.hadoop.hdds.protocol.proto.ScmBlockLocationProtocolProtos$ScmBlockLocationProtocolService$2.callBlockingMethod(ScmBlockLocationProtocolProtos.java:13937)
	at org.apache.hadoop.ipc.ProtobufRpcEngine$Server.processCall(ProtobufRpcEngine.java:466)
	at org.apache.hadoop.ipc.ProtobufRpcEngine2$Server$ProtoBufRpcInvoker.call(ProtobufRpcEngine2.java:574)
	at org.apache.hadoop.ipc.ProtobufRpcEngine2$Server$ProtoBufRpcInvoker.call(ProtobufRpcEngine2.java:552)
	at org.apache.hadoop.ipc.RPC$Server.call(RPC.java:1093)
	at org.apache.hadoop.ipc.Server$RpcCall.run(Server.java:1035)
	at org.apache.hadoop.ipc.Server$RpcCall.run(Server.java:963)
	at java.security.AccessController.doPrivileged(Native Method)
	at javax.security.auth.Subject.doAs(Subject.java:422)
	at org.apache.hadoop.security.UserGroupInformation.doAs(UserGroupInformation.java:1878)
	at org.apache.hadoop.ipc.Server$Handler.run(Server.java:2966)
, while invoking $Proxy43.send over nodeId=scmNodeId,nodeAddress=/0.0.0.0:39817 after 1 failover attempts. Trying to failover after sleeping for 2000ms.
2022-01-24 18:04:54,512 [Listener at 0.0.0.0/46015] INFO  retry.RetryInvocationHandler (RetryInvocationHandler.java:log(411)) - com.google.protobuf.ServiceException: org.apache.hadoop.ipc.RemoteException(org.apache.hadoop.hdds.ratis.ServerNotLeaderException): Server:d5035ba9-9d65-4327-8f69-b17ec6104eac is not the leader. Could not determine the leader node.
	at org.apache.hadoop.hdds.ratis.ServerNotLeaderException.convertToNotLeaderException(ServerNotLeaderException.java:109)
	at org.apache.hadoop.hdds.scm.ha.RatisUtil.checkRatisException(RatisUtil.java:245)
	at org.apache.hadoop.hdds.scm.protocol.ScmBlockLocationProtocolServerSideTranslatorPB.send(ScmBlockLocationProtocolServerSideTranslatorPB.java:108)
	at org.apache.hadoop.hdds.protocol.proto.ScmBlockLocationProtocolProtos$ScmBlockLocationProtocolService$2.callBlockingMethod(ScmBlockLocationProtocolProtos.java:13937)
	at org.apache.hadoop.ipc.ProtobufRpcEngine$Server.processCall(ProtobufRpcEngine.java:466)
	at org.apache.hadoop.ipc.ProtobufRpcEngine2$Server$ProtoBufRpcInvoker.call(ProtobufRpcEngine2.java:574)
	at org.apache.hadoop.ipc.ProtobufRpcEngine2$Server$ProtoBufRpcInvoker.call(ProtobufRpcEngine2.java:552)
	at org.apache.hadoop.ipc.RPC$Server.call(RPC.java:1093)
	at org.apache.hadoop.ipc.Server$RpcCall.run(Server.java:1035)
	at org.apache.hadoop.ipc.Server$RpcCall.run(Server.java:963)
	at java.security.AccessController.doPrivileged(Native Method)
	at javax.security.auth.Subject.doAs(Subject.java:422)
	at org.apache.hadoop.security.UserGroupInformation.doAs(UserGroupInformation.java:1878)
	at org.apache.hadoop.ipc.Server$Handler.run(Server.java:2966)
, while invoking $Proxy43.send over nodeId=scmNodeId,nodeAddress=/0.0.0.0:39817 after 2 failover attempts. Trying to failover after sleeping for 2000ms.
2022-01-24 18:04:55,140 [d5035ba9-9d65-4327-8f69-b17ec6104eac@group-2A5A4E0B395A-FollowerState] INFO  impl.FollowerState (FollowerState.java:run(134)) - d5035ba9-9d65-4327-8f69-b17ec6104eac@group-2A5A4E0B395A-FollowerState: change to CANDIDATE, lastRpcElapsedTime:5153272287ns, electionTimeout:5144ms
2022-01-24 18:04:55,140 [d5035ba9-9d65-4327-8f69-b17ec6104eac@group-2A5A4E0B395A-FollowerState] INFO  impl.RoleInfo (RoleInfo.java:shutdownFollowerState(108)) - d5035ba9-9d65-4327-8f69-b17ec6104eac: shutdown d5035ba9-9d65-4327-8f69-b17ec6104eac@group-2A5A4E0B395A-FollowerState
2022-01-24 18:04:55,140 [d5035ba9-9d65-4327-8f69-b17ec6104eac@group-2A5A4E0B395A-FollowerState] INFO  server.RaftServer$Division (RaftServerImpl.java:setRole(290)) - d5035ba9-9d65-4327-8f69-b17ec6104eac@group-2A5A4E0B395A: changes role from  FOLLOWER to CANDIDATE at term 1 for changeToCandidate
2022-01-24 18:04:55,140 [d5035ba9-9d65-4327-8f69-b17ec6104eac@group-2A5A4E0B395A-FollowerState] INFO  server.RaftServerConfigKeys (ConfUtils.java:logGet(44)) - raft.server.leaderelection.pre-vote = false (custom)
2022-01-24 18:04:55,140 [d5035ba9-9d65-4327-8f69-b17ec6104eac@group-2A5A4E0B395A-FollowerState] INFO  impl.RoleInfo (RoleInfo.java:updateAndGet(130)) - d5035ba9-9d65-4327-8f69-b17ec6104eac: start d5035ba9-9d65-4327-8f69-b17ec6104eac@group-2A5A4E0B395A-LeaderElection32
2022-01-24 18:04:55,184 [d5035ba9-9d65-4327-8f69-b17ec6104eac@group-2A5A4E0B395A-LeaderElection32] INFO  impl.LeaderElection (LeaderElection.java:askForVotes(306)) - d5035ba9-9d65-4327-8f69-b17ec6104eac@group-2A5A4E0B395A-LeaderElection32 ELECTION round 0: submit vote requests at term 2 for 0: [d5035ba9-9d65-4327-8f69-b17ec6104eac|rpc:fv-az184-104:9894|admin:|client:|dataStream:|priority:0], old=null
2022-01-24 18:04:55,184 [d5035ba9-9d65-4327-8f69-b17ec6104eac@group-2A5A4E0B395A-LeaderElection32] INFO  impl.LeaderElection (LeaderElection.java:askForVotes(308)) - d5035ba9-9d65-4327-8f69-b17ec6104eac@group-2A5A4E0B395A-LeaderElection32 ELECTION round 0: result PASSED (term=2)
2022-01-24 18:04:55,184 [d5035ba9-9d65-4327-8f69-b17ec6104eac@group-2A5A4E0B395A-LeaderElection32] INFO  impl.RoleInfo (RoleInfo.java:shutdownLeaderElection(121)) - d5035ba9-9d65-4327-8f69-b17ec6104eac: shutdown d5035ba9-9d65-4327-8f69-b17ec6104eac@group-2A5A4E0B395A-LeaderElection32
2022-01-24 18:04:55,184 [d5035ba9-9d65-4327-8f69-b17ec6104eac@group-2A5A4E0B395A-LeaderElection32] INFO  server.RaftServer$Division (RaftServerImpl.java:setRole(290)) - d5035ba9-9d65-4327-8f69-b17ec6104eac@group-2A5A4E0B395A: changes role from CANDIDATE to LEADER at term 2 for changeToLeader
2022-01-24 18:04:55,184 [d5035ba9-9d65-4327-8f69-b17ec6104eac@group-2A5A4E0B395A-LeaderElection32] INFO  ha.SCMStateMachine (SCMStateMachine.java:notifyLeaderChanged(259)) - current SCM becomes leader of term 2.
2022-01-24 18:04:55,184 [d5035ba9-9d65-4327-8f69-b17ec6104eac@group-2A5A4E0B395A-LeaderElection32] INFO  ha.SCMContext (SCMContext.java:updateLeaderAndTerm(90)) - update <isLeader,term> from <false,0> to <true,2>
2022-01-24 18:04:55,184 [d5035ba9-9d65-4327-8f69-b17ec6104eac@group-2A5A4E0B395A-LeaderElection32] INFO  server.RaftServer$Division (ServerState.java:setLeader(285)) - d5035ba9-9d65-4327-8f69-b17ec6104eac@group-2A5A4E0B395A: change Leader from null to d5035ba9-9d65-4327-8f69-b17ec6104eac at term 2 for becomeLeader, leader elected after 5325ms
2022-01-24 18:04:55,184 [d5035ba9-9d65-4327-8f69-b17ec6104eac@group-2A5A4E0B395A-LeaderElection32] INFO  server.RaftServerConfigKeys (ConfUtils.java:logGet(44)) - raft.server.staging.catchup.gap = 1000 (default)
2022-01-24 18:04:55,184 [d5035ba9-9d65-4327-8f69-b17ec6104eac@group-2A5A4E0B395A-LeaderElection32] INFO  server.RaftServerConfigKeys (ConfUtils.java:logGet(44)) - raft.server.write.element-limit = 4096 (default)
2022-01-24 18:04:55,184 [d5035ba9-9d65-4327-8f69-b17ec6104eac@group-2A5A4E0B395A-LeaderElection32] INFO  server.RaftServerConfigKeys (ConfUtils.java:logGet(44)) - raft.server.write.byte-limit = 64MB (=67108864) (default)
2022-01-24 18:04:55,185 [d5035ba9-9d65-4327-8f69-b17ec6104eac@group-2A5A4E0B395A-LeaderElection32] INFO  server.RaftServerConfigKeys (ConfUtils.java:logGet(44)) - raft.server.watch.timeout = 10s (default)
2022-01-24 18:04:55,185 [d5035ba9-9d65-4327-8f69-b17ec6104eac@group-2A5A4E0B395A-LeaderElection32] INFO  server.RaftServerConfigKeys (ConfUtils.java:logGet(44)) - raft.server.watch.timeout.denomination = 1s (default)
2022-01-24 18:04:55,185 [d5035ba9-9d65-4327-8f69-b17ec6104eac@group-2A5A4E0B395A-LeaderElection32] INFO  server.RaftServerConfigKeys (ConfUtils.java:logGet(44)) - raft.server.watch.element-limit = 65536 (default)
2022-01-24 18:04:55,185 [d5035ba9-9d65-4327-8f69-b17ec6104eac@group-2A5A4E0B395A-LeaderElection32] INFO  server.RaftServerConfigKeys (ConfUtils.java:logGet(44)) - raft.server.write.element-limit = 4096 (default)
2022-01-24 18:04:55,185 [d5035ba9-9d65-4327-8f69-b17ec6104eac@group-2A5A4E0B395A-LeaderElection32] INFO  server.RaftServerConfigKeys (ConfUtils.java:logGet(44)) - raft.server.write.follower.gap.ratio.max = -1.0 (default)
2022-01-24 18:04:55,185 [d5035ba9-9d65-4327-8f69-b17ec6104eac@group-2A5A4E0B395A-LeaderElection32] INFO  impl.RoleInfo (RoleInfo.java:updateAndGet(130)) - d5035ba9-9d65-4327-8f69-b17ec6104eac: start d5035ba9-9d65-4327-8f69-b17ec6104eac@group-2A5A4E0B395A-LeaderStateImpl
2022-01-24 18:04:55,185 [d5035ba9-9d65-4327-8f69-b17ec6104eac@group-2A5A4E0B395A-LeaderElection32] INFO  segmented.SegmentedRaftLogWorker (SegmentedRaftLogWorker.java:rollLogSegment(399)) - d5035ba9-9d65-4327-8f69-b17ec6104eac@group-2A5A4E0B395A-SegmentedRaftLogWorker: Rolling segment log-0_0 to index:0
2022-01-24 18:04:55,186 [d5035ba9-9d65-4327-8f69-b17ec6104eac@group-2A5A4E0B395A-SegmentedRaftLogWorker] INFO  segmented.SegmentedRaftLogWorker (SegmentedRaftLogWorker.java:execute(558)) - d5035ba9-9d65-4327-8f69-b17ec6104eac@group-2A5A4E0B395A-SegmentedRaftLogWorker: Rolled log segment from /home/runner/work/ozone/ozone/hadoop-ozone/integration-test/target/test-dir/MiniOzoneClusterImpl-aa639c69-f9d2-45b5-aeae-2a5a4e0b395a/ozone-meta/scm-ha/aa639c69-f9d2-45b5-aeae-2a5a4e0b395a/current/log_inprogress_0 to /home/runner/work/ozone/ozone/hadoop-ozone/integration-test/target/test-dir/MiniOzoneClusterImpl-aa639c69-f9d2-45b5-aeae-2a5a4e0b395a/ozone-meta/scm-ha/aa639c69-f9d2-45b5-aeae-2a5a4e0b395a/current/log_0-0
2022-01-24 18:04:55,207 [d5035ba9-9d65-4327-8f69-b17ec6104eac@group-2A5A4E0B395A-LeaderElection32] INFO  server.RaftServer$Division (ServerState.java:setRaftConf(387)) - d5035ba9-9d65-4327-8f69-b17ec6104eac@group-2A5A4E0B395A: set configuration 1: [d5035ba9-9d65-4327-8f69-b17ec6104eac|rpc:fv-az184-104:9894|admin:|client:|dataStream:|priority:0], old=null
2022-01-24 18:04:55,212 [d5035ba9-9d65-4327-8f69-b17ec6104eac@group-2A5A4E0B395A-SegmentedRaftLogWorker] INFO  segmented.SegmentedRaftLogWorker (SegmentedRaftLogWorker.java:execute(601)) - d5035ba9-9d65-4327-8f69-b17ec6104eac@group-2A5A4E0B395A-SegmentedRaftLogWorker: created new log segment /home/runner/work/ozone/ozone/hadoop-ozone/integration-test/target/test-dir/MiniOzoneClusterImpl-aa639c69-f9d2-45b5-aeae-2a5a4e0b395a/ozone-meta/scm-ha/aa639c69-f9d2-45b5-aeae-2a5a4e0b395a/current/log_inprogress_1
2022-01-24 18:04:55,225 [d5035ba9-9d65-4327-8f69-b17ec6104eac@group-2A5A4E0B395A-StateMachineUpdater] INFO  ha.SCMContext (SCMContext.java:setLeaderReady(117)) - update <isLeaderReady> from <false> to <true>
2022-01-24 18:04:55,226 [d5035ba9-9d65-4327-8f69-b17ec6104eac@group-2A5A4E0B395A-StateMachineUpdater] INFO  pipeline.BackgroundPipelineCreator (BackgroundPipelineCreator.java:notifyStatusChanged(264)) - Service BackgroundPipelineCreator transitions to RUNNING.
2022-01-24 18:04:55,227 [d5035ba9-9d65-4327-8f69-b17ec6104eac@group-2A5A4E0B395A-StateMachineUpdater] INFO  safemode.HealthyPipelineSafeModeRule (HealthyPipelineSafeModeRule.java:initializeRule(152)) - Refreshed total pipeline count is 0, healthy pipeline threshold count is 1
2022-01-24 18:04:55,227 [d5035ba9-9d65-4327-8f69-b17ec6104eac@group-2A5A4E0B395A-StateMachineUpdater] INFO  safemode.ContainerSafeModeRule (ContainerSafeModeRule.java:reInitializeRule(177)) - Refreshed one replica container threshold 0, currentThreshold 0
2022-01-24 18:04:55,227 [d5035ba9-9d65-4327-8f69-b17ec6104eac@group-2A5A4E0B395A-StateMachineUpdater] INFO  safemode.OneReplicaPipelineSafeModeRule (OneReplicaPipelineSafeModeRule.java:initializeRule(176)) - Refreshed Total pipeline count is 0, pipeline's with at least one datanode reported threshold count is 0
2022-01-24 18:04:55,227 [d5035ba9-9d65-4327-8f69-b17ec6104eac@group-2A5A4E0B395A-StateMachineUpdater] INFO  server.SCMDatanodeProtocolServer (SCMDatanodeProtocolServer.java:start(181)) - ScmDatanodeProtocol RPC server for DataNodes is listening at /0.0.0.0:46173
2022-01-24 18:04:55,244 [IPC Server listener on 0] INFO  ipc.Server (Server.java:run(1344)) - IPC Server listener on 0: starting
2022-01-24 18:04:55,257 [IPC Server Responder] INFO  ipc.Server (Server.java:run(1507)) - IPC Server Responder: starting
2022-01-24 18:04:56,515 [Listener at 0.0.0.0/46015] WARN  server.ServerUtils (ServerUtils.java:getDBPath(225)) - ozone.om.db.dirs is not configured. We recommend adding this setting. Falling back to ozone.metadata.dirs instead.
2022-01-24 18:04:56,517 [Listener at 0.0.0.0/46015] INFO  codec.OmKeyInfoCodec (OmKeyInfoCodec.java:<init>(50)) - OmKeyInfoCodec ignorePipeline = true
2022-01-24 18:04:56,517 [Listener at 0.0.0.0/46015] INFO  codec.RepeatedOmKeyInfoCodec (RepeatedOmKeyInfoCodec.java:<init>(42)) - RepeatedOmKeyInfoCodec ignorePipeline = true
2022-01-24 18:04:56,685 [Listener at 0.0.0.0/46015] INFO  om.OzoneManager (OzoneManager.java:addS3GVolumeToDB(3732)) - Created Volume s3v With Owner runner required for S3Gateway operations.
2022-01-24 18:04:56,686 [Listener at 0.0.0.0/46015] WARN  server.ServerUtils (ServerUtils.java:getDefaultRatisDirectory(237)) - Storage directory for Ratis is not configured. It is a good idea to map this to an SSD disk. Falling back to ozone.metadata.dirs
2022-01-24 18:04:56,686 [Listener at 0.0.0.0/46015] WARN  utils.OzoneManagerRatisUtils (OzoneManagerRatisUtils.java:getOMRatisSnapshotDirectory(330)) - ozone.om.ratis.snapshot.dir is not configured. Falling back to ozone.metadata.dirs config
2022-01-24 18:04:56,686 [Listener at 0.0.0.0/46015] WARN  impl.MetricRegistriesImpl (MetricRegistriesImpl.java:addReporterRegistration(111)) - New reporters are added after registries were created. Some metrics will be missing from the reporter. Please add reporter before adding any new registry.
2022-01-24 18:04:56,686 [Listener at 0.0.0.0/46015] WARN  impl.MetricRegistriesImpl (MetricRegistriesImpl.java:addReporterRegistration(111)) - New reporters are added after registries were created. Some metrics will be missing from the reporter. Please add reporter before adding any new registry.
2022-01-24 18:04:56,687 [Listener at 0.0.0.0/46015] WARN  server.ServerUtils (ServerUtils.java:getDefaultRatisDirectory(237)) - Storage directory for Ratis is not configured. It is a good idea to map this to an SSD disk. Falling back to ozone.metadata.dirs
2022-01-24 18:04:56,690 [Listener at 0.0.0.0/46015] INFO  ratis.OzoneManagerRatisServer (OzoneManagerRatisServer.java:<init>(159)) - Instantiating OM Ratis server with groupID: omServiceIdDefault and peers: localhost:9872
2022-01-24 18:04:56,690 [Listener at 0.0.0.0/46015] INFO  ratis.OzoneManagerStateMachine (OzoneManagerStateMachine.java:loadSnapshotInfoFromDB(605)) - LastAppliedIndex is set from TransactionInfo from OM DB as (t:0, i:~)
2022-01-24 18:04:56,698 [Listener at 0.0.0.0/46015] INFO  server.RaftServer (ConfUtils.java:logGet(44)) - raft.rpc.type = GRPC (default)
2022-01-24 18:04:56,699 [Listener at 0.0.0.0/46015] INFO  grpc.GrpcFactory (GrpcFactory.java:checkPooledByteBufAllocatorUseCacheForAllThreads(48)) - PERFORMANCE WARNING: useCacheForAllThreads is true that may cause Netty to create a lot garbage objects and, as a result, trigger GC.
	It is recommended to disable useCacheForAllThreads by setting -Dorg.apache.ratis.thirdparty.io.netty.allocator.useCacheForAllThreads=false in command line.
2022-01-24 18:04:56,699 [Listener at 0.0.0.0/46015] INFO  grpc.GrpcConfigKeys (ConfUtils.java:logGet(44)) - raft.grpc.admin.port = -1 (default)
2022-01-24 18:04:56,699 [Listener at 0.0.0.0/46015] INFO  grpc.GrpcConfigKeys (ConfUtils.java:logGet(44)) - raft.grpc.server.port = 9872 (custom)
2022-01-24 18:04:56,699 [Listener at 0.0.0.0/46015] INFO  grpc.GrpcConfigKeys (ConfUtils.java:logGet(44)) - raft.grpc.client.port = -1 (default)
2022-01-24 18:04:56,699 [Listener at 0.0.0.0/46015] INFO  grpc.GrpcConfigKeys (ConfUtils.java:logGet(44)) - raft.grpc.server.port = 9872 (custom)
2022-01-24 18:04:56,699 [Listener at 0.0.0.0/46015] INFO  grpc.GrpcConfigKeys (ConfUtils.java:logGet(44)) - raft.grpc.server.port = 9872 (custom)
2022-01-24 18:04:56,699 [Listener at 0.0.0.0/46015] INFO  server.GrpcService (ConfUtils.java:logGet(44)) - raft.grpc.message.size.max = 33554432 (custom)
2022-01-24 18:04:56,699 [Listener at 0.0.0.0/46015] INFO  server.RaftServerConfigKeys (ConfUtils.java:logGet(44)) - raft.server.log.appender.buffer.byte-limit = 33554432 (custom)
2022-01-24 18:04:56,700 [Listener at 0.0.0.0/46015] INFO  server.GrpcService (ConfUtils.java:logGet(44)) - raft.grpc.flow.control.window = 1MB (=1048576) (default)
2022-01-24 18:04:56,700 [Listener at 0.0.0.0/46015] INFO  server.RaftServerConfigKeys (ConfUtils.java:logGet(44)) - raft.server.rpc.request.timeout = 3000ms (default)
2022-01-24 18:04:56,701 [Listener at 0.0.0.0/46015] INFO  impl.DataStreamServerImpl (ConfUtils.java:logGet(44)) - raft.datastream.type = DISABLED (default)
2022-01-24 18:04:56,701 [Listener at 0.0.0.0/46015] INFO  server.RaftServerConfigKeys (ConfUtils.java:logGet(44)) - raft.server.rpc.slowness.timeout = 120s (custom)
2022-01-24 18:04:56,701 [Listener at 0.0.0.0/46015] INFO  server.RaftServerConfigKeys (ConfUtils.java:logGet(44)) - raft.server.leaderelection.leader.step-down.wait-time = 10s (default)
2022-01-24 18:04:56,701 [Listener at 0.0.0.0/46015] INFO  server.RaftServerConfigKeys (ConfUtils.java:logGet(44)) - raft.server.storage.dir = [/home/runner/work/ozone/ozone/hadoop-ozone/integration-test/target/test-dir/MiniOzoneClusterImpl-aa639c69-f9d2-45b5-aeae-2a5a4e0b395a/ozone-meta/ratis] (custom)
2022-01-24 18:04:56,725 [Listener at 0.0.0.0/46015] INFO  server.RaftServer (RaftServerProxy.java:addNew(95)) - om1: addNew group-C5BA1605619E:[om1|rpc:localhost:9872|priority:0] returns group-C5BA1605619E:java.util.concurrent.CompletableFuture@596f6af0[Not completed]
2022-01-24 18:04:56,725 [Listener at 0.0.0.0/46015] INFO  om.OzoneManager (OzoneManager.java:initializeRatisServer(1834)) - OzoneManager Ratis server initialized at port 9872
2022-01-24 18:04:56,726 [Listener at 0.0.0.0/46015] INFO  ipc.CallQueueManager (CallQueueManager.java:<init>(90)) - Using callQueue: class java.util.concurrent.LinkedBlockingQueue, queueCapacity: 2000, scheduler: class org.apache.hadoop.ipc.DefaultRpcScheduler, ipcBackoff: false.
2022-01-24 18:04:56,729 [pool-267-thread-1] INFO  server.RaftServer$Division (RaftServerImpl.java:<init>(184)) - om1: new RaftServerImpl for group-C5BA1605619E:[om1|rpc:localhost:9872|priority:0] with OzoneManagerStateMachine:uninitialized
2022-01-24 18:04:56,745 [pool-267-thread-1] INFO  server.RaftServerConfigKeys (ConfUtils.java:logGet(44)) - raft.server.rpc.timeout.min = 1s (custom)
2022-01-24 18:04:56,746 [pool-267-thread-1] INFO  server.RaftServerConfigKeys (ConfUtils.java:logGet(44)) - raft.server.rpc.timeout.max = 1200ms (custom)
2022-01-24 18:04:56,746 [pool-267-thread-1] INFO  server.RaftServerConfigKeys (ConfUtils.java:logGet(44)) - raft.server.rpc.sleep.time = 25ms (default)
2022-01-24 18:04:56,746 [pool-267-thread-1] INFO  server.RaftServerConfigKeys (ConfUtils.java:logGet(44)) - raft.server.rpc.slowness.timeout = 120s (custom)
2022-01-24 18:04:56,746 [pool-267-thread-1] INFO  server.RaftServerConfigKeys (ConfUtils.java:logGet(44)) - raft.server.leaderelection.leader.step-down.wait-time = 10s (default)
2022-01-24 18:04:56,746 [pool-267-thread-1] INFO  server.RaftServerConfigKeys (ConfUtils.java:logGet(44)) - raft.server.sleep.deviation.threshold = 300ms (default)
2022-01-24 18:04:56,746 [pool-267-thread-1] INFO  server.RaftServerConfigKeys (ConfUtils.java:logGet(44)) - raft.server.log.appender.install.snapshot.enabled = false (custom)
2022-01-24 18:04:56,746 [pool-267-thread-1] INFO  server.RaftServer$Division (ServerState.java:<init>(105)) - om1@group-C5BA1605619E: ConfigurationManager, init=-1: [om1|rpc:localhost:9872|priority:0], old=null, confs=<EMPTY_MAP>
2022-01-24 18:04:56,746 [pool-267-thread-1] INFO  server.RaftServerConfigKeys (ConfUtils.java:logGet(44)) - raft.server.storage.dir = [/home/runner/work/ozone/ozone/hadoop-ozone/integration-test/target/test-dir/MiniOzoneClusterImpl-aa639c69-f9d2-45b5-aeae-2a5a4e0b395a/ozone-meta/ratis] (custom)
2022-01-24 18:04:56,746 [pool-267-thread-1] INFO  server.RaftServerConfigKeys (ConfUtils.java:logGet(44)) - raft.server.log.corruption.policy = EXCEPTION (default)
2022-01-24 18:04:56,746 [pool-267-thread-1] INFO  server.RaftServerConfigKeys (ConfUtils.java:logGet(44)) - raft.server.storage.free-space.min = 0MB (=0) (default)
2022-01-24 18:04:56,746 [pool-267-thread-1] INFO  storage.RaftStorageDirectory (RaftStorageDirectoryImpl.java:analyzeStorage(135)) - The storage directory /home/runner/work/ozone/ozone/hadoop-ozone/integration-test/target/test-dir/MiniOzoneClusterImpl-aa639c69-f9d2-45b5-aeae-2a5a4e0b395a/ozone-meta/ratis/bf265839-605b-3f16-9796-c5ba1605619e does not exist. Creating ...
2022-01-24 18:04:56,753 [pool-267-thread-1] INFO  storage.RaftStorageDirectory (RaftStorageDirectoryImpl.java:tryLock(230)) - Lock on /home/runner/work/ozone/ozone/hadoop-ozone/integration-test/target/test-dir/MiniOzoneClusterImpl-aa639c69-f9d2-45b5-aeae-2a5a4e0b395a/ozone-meta/ratis/bf265839-605b-3f16-9796-c5ba1605619e/in_use.lock acquired by nodename 10094@fv-az184-104
2022-01-24 18:04:56,755 [Socket Reader #1 for port 0] INFO  ipc.Server (Server.java:run(1265)) - Starting Socket Reader #1 for port 0
2022-01-24 18:04:56,757 [pool-267-thread-1] INFO  storage.RaftStorage (RaftStorageImpl.java:format(89)) - Storage directory /home/runner/work/ozone/ozone/hadoop-ozone/integration-test/target/test-dir/MiniOzoneClusterImpl-aa639c69-f9d2-45b5-aeae-2a5a4e0b395a/ozone-meta/ratis/bf265839-605b-3f16-9796-c5ba1605619e has been successfully formatted.
2022-01-24 18:04:56,757 [pool-267-thread-1] INFO  server.RaftServerConfigKeys (ConfUtils.java:logGet(44)) - raft.server.notification.no-leader.timeout = 120s (custom)
2022-01-24 18:04:56,757 [pool-267-thread-1] INFO  server.RaftServerConfigKeys (ConfUtils.java:logGet(44)) - raft.server.log.use.memory = false (default)
2022-01-24 18:04:56,757 [pool-267-thread-1] INFO  server.RaftServerConfigKeys (ConfUtils.java:logGet(44)) - raft.server.log.purge.gap = 1000000 (custom)
2022-01-24 18:04:56,757 [pool-267-thread-1] INFO  server.RaftServerConfigKeys (ConfUtils.java:logGet(44)) - raft.server.log.appender.buffer.byte-limit = 33554432 (custom)
2022-01-24 18:04:56,757 [pool-267-thread-1] INFO  server.RaftServerConfigKeys (ConfUtils.java:logGet(44)) - raft.server.log.segment.size.max = 4194304 (custom)
2022-01-24 18:04:56,758 [pool-267-thread-1] INFO  server.RaftServerConfigKeys (ConfUtils.java:logGet(44)) - raft.server.log.segment.cache.num.max = 2 (custom)
2022-01-24 18:04:56,758 [pool-267-thread-1] INFO  server.RaftServerConfigKeys (ConfUtils.java:logGet(44)) - raft.server.log.segment.cache.size.max = 200MB (=209715200) (default)
2022-01-24 18:04:56,758 [pool-267-thread-1] INFO  segmented.SegmentedRaftLogWorker (SegmentedRaftLogWorker.java:<init>(182)) - new om1@group-C5BA1605619E-SegmentedRaftLogWorker for RaftStorageImpl:Storage Directory /home/runner/work/ozone/ozone/hadoop-ozone/integration-test/target/test-dir/MiniOzoneClusterImpl-aa639c69-f9d2-45b5-aeae-2a5a4e0b395a/ozone-meta/ratis/bf265839-605b-3f16-9796-c5ba1605619e
2022-01-24 18:04:56,758 [pool-267-thread-1] INFO  server.RaftServerConfigKeys (ConfUtils.java:logGet(44)) - raft.server.log.queue.byte-limit = 64MB (=67108864) (default)
2022-01-24 18:04:56,758 [pool-267-thread-1] INFO  server.RaftServerConfigKeys (ConfUtils.java:logGet(44)) - raft.server.log.queue.element-limit = 4096 (default)
2022-01-24 18:04:56,758 [pool-267-thread-1] INFO  server.RaftServerConfigKeys (ConfUtils.java:logGet(44)) - raft.server.log.segment.size.max = 4194304 (custom)
2022-01-24 18:04:56,758 [pool-267-thread-1] INFO  server.RaftServerConfigKeys (ConfUtils.java:logGet(44)) - raft.server.log.preallocated.size = 4194304 (custom)
2022-01-24 18:04:56,758 [pool-267-thread-1] INFO  server.RaftServerConfigKeys (ConfUtils.java:logGet(44)) - raft.server.log.force.sync.num = 128 (default)
2022-01-24 18:04:56,758 [pool-267-thread-1] INFO  server.RaftServerConfigKeys (ConfUtils.java:logGet(44)) - raft.server.log.statemachine.data.sync = true (default)
2022-01-24 18:04:56,758 [pool-267-thread-1] INFO  server.RaftServerConfigKeys (ConfUtils.java:logGet(44)) - raft.server.log.statemachine.data.sync.timeout = 10s (default)
2022-01-24 18:04:56,758 [pool-267-thread-1] INFO  server.RaftServerConfigKeys (ConfUtils.java:logGet(44)) - raft.server.log.statemachine.data.sync.timeout.retry = -1 (default)
2022-01-24 18:04:56,759 [pool-267-thread-1] INFO  server.RaftServerConfigKeys (ConfUtils.java:logGet(44)) - raft.server.log.write.buffer.size = 64KB (=65536) (default)
2022-01-24 18:04:56,759 [pool-267-thread-1] INFO  server.RaftServerConfigKeys (ConfUtils.java:logGet(44)) - raft.server.log.statemachine.data.caching.enabled = false (default)
2022-01-24 18:04:56,759 [pool-267-thread-1] INFO  segmented.SegmentedRaftLogWorker (SegmentedRaftLogWorker.java:lambda$new$0(133)) - om1@group-C5BA1605619E-SegmentedRaftLogWorker: flushIndex: setUnconditionally 0 -> -1
2022-01-24 18:04:56,759 [pool-267-thread-1] INFO  segmented.SegmentedRaftLogWorker (SegmentedRaftLogWorker.java:lambda$new$0(133)) - om1@group-C5BA1605619E-SegmentedRaftLogWorker: safeCacheEvictIndex: setUnconditionally 0 -> -1
2022-01-24 18:04:56,789 [pool-267-thread-1] INFO  server.RaftServerConfigKeys (ConfUtils.java:logGet(44)) - raft.server.snapshot.auto.trigger.enabled = true (custom)
2022-01-24 18:04:56,789 [pool-267-thread-1] INFO  server.RaftServerConfigKeys (ConfUtils.java:logGet(44)) - raft.server.snapshot.auto.trigger.threshold = 400000 (default)
2022-01-24 18:04:56,789 [pool-267-thread-1] INFO  server.RaftServerConfigKeys (ConfUtils.java:logGet(44)) - raft.server.snapshot.retention.file.num = -1 (default)
2022-01-24 18:04:56,789 [pool-267-thread-1] INFO  server.RaftServerConfigKeys (ConfUtils.java:logGet(44)) - raft.server.log.purge.upto.snapshot.index = true (custom)
2022-01-24 18:04:56,789 [pool-267-thread-1] INFO  server.RaftServerConfigKeys (ConfUtils.java:logGet(44)) - raft.server.retrycache.expirytime = 300s (custom)
2022-01-24 18:04:56,789 [pool-267-thread-1] INFO  server.RaftServerConfigKeys (ConfUtils.java:logGet(44)) - raft.server.retrycache.statistics.expirytime = 100μs (default)
2022-01-24 18:04:56,821 [Listener at 127.0.0.1/42611] INFO  impl.MetricsSystemImpl (MetricsSystemImpl.java:init(158)) - OzoneManager metrics system started (again)
2022-01-24 18:04:56,861 [Listener at 127.0.0.1/42611] INFO  om.OzoneManager (OzoneManager.java:start(1365)) - OzoneManager RPC server is listening at localhost/127.0.0.1:42611
2022-01-24 18:04:56,863 [Listener at 127.0.0.1/42611] INFO  ratis.OzoneManagerRatisServer (OzoneManagerRatisServer.java:start(554)) - Starting OzoneManagerRatisServer om1 at port 9872
2022-01-24 18:04:56,863 [Listener at 127.0.0.1/42611] INFO  server.RaftServer$Division (RaftServerImpl.java:start(301)) - om1@group-C5BA1605619E: start as a follower, conf=-1: [om1|rpc:localhost:9872|priority:0], old=null
2022-01-24 18:04:56,863 [Listener at 127.0.0.1/42611] INFO  server.RaftServer$Division (RaftServerImpl.java:setRole(290)) - om1@group-C5BA1605619E: changes role from      null to FOLLOWER at term 0 for startAsFollower
2022-01-24 18:04:56,863 [Listener at 127.0.0.1/42611] INFO  impl.RoleInfo (RoleInfo.java:updateAndGet(130)) - om1: start om1@group-C5BA1605619E-FollowerState
2022-01-24 18:04:56,873 [Listener at 127.0.0.1/42611] INFO  util.JmxRegister (JmxRegister.java:tryRegister(44)) - Successfully registered JMX Bean with object name Ratis:service=RaftServer,group=group-C5BA1605619E,id=om1
2022-01-24 18:04:56,881 [Listener at 127.0.0.1/42611] INFO  server.RaftServer (RaftServerProxy.java:lambda$start$5(374)) - om1: start RPC server
2022-01-24 18:04:56,881 [Listener at 127.0.0.1/42611] INFO  server.GrpcService (GrpcService.java:startImpl(253)) - om1: GrpcService started, listening on 9872
2022-01-24 18:04:56,882 [Listener at 127.0.0.1/42611] INFO  om.OzoneManager (OzoneManager.java:start(1381)) - Version File has different layout version (0) than OM DB (null). That is expected if this OM has never been finalized to a newer layout version.
2022-01-24 18:04:56,882 [org.apache.ratis.util.JvmPauseMonitor$$Lambda$431/1963060215@3bf251e2] INFO  util.JvmPauseMonitor (JvmPauseMonitor.java:run(103)) - JvmPauseMonitor-om1: Started
2022-01-24 18:04:56,894 [Listener at 127.0.0.1/42611] INFO  http.BaseHttpServer (BaseHttpServer.java:newHttpServer2BuilderForOzone(209)) - Starting Web-server for ozoneManager at: http://0.0.0.0:0
2022-01-24 18:04:56,894 [Listener at 127.0.0.1/42611] INFO  http.BaseHttpServer (BaseHttpServer.java:<init>(107)) - Hadoop Security Enabled: false Ozone Security Enabled: false Ozone HTTP Security Enabled: false 
2022-01-24 18:04:56,895 [Listener at 127.0.0.1/42611] INFO  server.AuthenticationFilter (AuthenticationFilter.java:constructSecretProvider(240)) - Unable to initialize FileSignerSecretProvider, falling back to use random secrets.
2022-01-24 18:04:56,896 [Listener at 127.0.0.1/42611] WARN  http.HttpRequestLog (HttpRequestLog.java:getRequestLog(103)) - Jetty request log can only be enabled using Log4j
2022-01-24 18:04:56,897 [Listener at 127.0.0.1/42611] INFO  http.HttpServer2 (HttpServer2.java:addGlobalFilter(1030)) - Added global filter 'safety' (class=org.apache.hadoop.hdds.server.http.HttpServer2$QuotingInputFilter)
2022-01-24 18:04:56,898 [Listener at 127.0.0.1/42611] INFO  http.HttpServer2 (HttpServer2.java:addFilter(1006)) - Added filter static_user_filter (class=org.apache.hadoop.http.lib.StaticUserWebFilter$StaticUserFilter) to context ozoneManager
2022-01-24 18:04:56,898 [Listener at 127.0.0.1/42611] INFO  http.HttpServer2 (HttpServer2.java:addFilter(1014)) - Added filter static_user_filter (class=org.apache.hadoop.http.lib.StaticUserWebFilter$StaticUserFilter) to context static
2022-01-24 18:04:56,898 [Listener at 127.0.0.1/42611] INFO  http.HttpServer2 (HttpServer2.java:addFilter(1014)) - Added filter static_user_filter (class=org.apache.hadoop.http.lib.StaticUserWebFilter$StaticUserFilter) to context logs
2022-01-24 18:04:56,905 [Listener at 127.0.0.1/42611] INFO  http.HttpServer2 (HttpServer2.java:bindListener(1249)) - Jetty bound to port 42539
2022-01-24 18:04:56,905 [Listener at 127.0.0.1/42611] INFO  server.Server (Server.java:doStart(375)) - jetty-9.4.43.v20210629; built: 2021-06-30T11:07:22.254Z; git: 526006ecfa3af7f1a27ef3a288e2bef7ea9dd7e8; jvm 1.8.0_312-b07
2022-01-24 18:04:57,006 [Listener at 127.0.0.1/42611] INFO  server.session (DefaultSessionIdManager.java:doStart(334)) - DefaultSessionIdManager workerName=node0
2022-01-24 18:04:57,006 [Listener at 127.0.0.1/42611] INFO  server.session (DefaultSessionIdManager.java:doStart(339)) - No SessionScavenger set, using defaults
2022-01-24 18:04:57,006 [Listener at 127.0.0.1/42611] INFO  server.session (HouseKeeper.java:startScavenging(132)) - node0 Scavenging every 660000ms
2022-01-24 18:04:57,008 [Listener at 127.0.0.1/42611] INFO  handler.ContextHandler (ContextHandler.java:doStart(915)) - Started o.e.j.s.ServletContextHandler@36e6de00{logs,/logs,file:///home/runner/work/ozone/ozone/hadoop-ozone/integration-test/target/log,AVAILABLE}
2022-01-24 18:04:57,008 [Listener at 127.0.0.1/42611] INFO  handler.ContextHandler (ContextHandler.java:doStart(915)) - Started o.e.j.s.ServletContextHandler@58cac6db{static,/static,file:///home/runner/work/ozone/ozone/hadoop-ozone/integration-test/target/test-classes/webapps/static,AVAILABLE}
2022-01-24 18:04:57,011 [Listener at 127.0.0.1/42611] INFO  handler.ContextHandler (ContextHandler.java:doStart(915)) - Started o.e.j.w.WebAppContext@128abc8c{ozoneManager,/,file:///home/runner/work/ozone/ozone/hadoop-ozone/integration-test/target/test-classes/webapps/ozoneManager/,AVAILABLE}{file:/home/runner/work/ozone/ozone/hadoop-ozone/integration-test/target/test-classes/webapps/ozoneManager}
2022-01-24 18:04:57,037 [Listener at 127.0.0.1/42611] INFO  server.AbstractConnector (AbstractConnector.java:doStart(331)) - Started ServerConnector@1d7e8d0f{HTTP/1.1, (http/1.1)}{0.0.0.0:42539}
2022-01-24 18:04:57,037 [Listener at 127.0.0.1/42611] INFO  server.Server (Server.java:doStart(415)) - Started @86674ms
2022-01-24 18:04:57,037 [Listener at 127.0.0.1/42611] WARN  impl.MetricsSystemImpl (MetricsSystemImpl.java:register(279)) - Sink prometheus already exists!
2022-01-24 18:04:57,038 [Listener at 127.0.0.1/42611] INFO  http.BaseHttpServer (BaseHttpServer.java:updateConnectorAddress(329)) - HTTP server of ozoneManager listening at http://0.0.0.0:42539
2022-01-24 18:04:57,043 [IPC Server Responder] INFO  ipc.Server (Server.java:run(1507)) - IPC Server Responder: starting
2022-01-24 18:04:57,047 [IPC Server listener on 0] INFO  ipc.Server (Server.java:run(1344)) - IPC Server listener on 0: starting
2022-01-24 18:04:57,082 [Listener at 127.0.0.1/42611] INFO  om.OzoneManager (OzoneManager.java:startTrashEmptier(1792)) - Trash Interval set to 0. Files deleted will not move to trash
2022-01-24 18:04:57,110 [org.apache.hadoop.util.JvmPauseMonitor$Monitor@44a6f15a] INFO  util.JvmPauseMonitor (JvmPauseMonitor.java:run(188)) - Starting JVM pause monitor
2022-01-24 18:04:57,149 [Listener at 127.0.0.1/42611] WARN  impl.MetricRegistriesImpl (MetricRegistriesImpl.java:addReporterRegistration(111)) - New reporters are added after registries were created. Some metrics will be missing from the reporter. Please add reporter before adding any new registry.
2022-01-24 18:04:57,157 [Listener at 127.0.0.1/42611] WARN  impl.MetricRegistriesImpl (MetricRegistriesImpl.java:addReporterRegistration(111)) - New reporters are added after registries were created. Some metrics will be missing from the reporter. Please add reporter before adding any new registry.
2022-01-24 18:04:57,157 [Listener at 127.0.0.1/42611] INFO  impl.MetricsSystemImpl (MetricsSystemImpl.java:init(158)) - HddsDatanode metrics system started (again)
2022-01-24 18:04:57,209 [Listener at 127.0.0.1/42611] INFO  ozone.HddsDatanodeService (HddsDatanodeService.java:start(234)) - HddsDatanodeService host:fv-az184-104.3ow45vhwbzuu5incsxmygykede.cx.internal.cloudapp.net ip:10.1.0.60
2022-01-24 18:04:57,266 [Listener at 127.0.0.1/42611] INFO  upgrade.AbstractLayoutVersionManager (AbstractLayoutVersionManager.java:init(79)) - Initializing Layout version manager with metadata layout = SCM_HA (version = 2), software layout = SCM_HA (version = 2)
2022-01-24 18:04:57,358 [Listener at 127.0.0.1/42611] INFO  reflections.Reflections (Reflections.java:scan(232)) - Reflections took 91 ms to scan 7 urls, producing 119 keys and 279 values 
2022-01-24 18:04:57,377 [Listener at 127.0.0.1/42611] INFO  statemachine.DatanodeStateMachine (DatanodeStateMachine.java:getEndPointTaskThreadPoolSize(222)) - Datanode State Machine Task Thread Pool size 2
2022-01-24 18:04:57,385 [Listener at 127.0.0.1/42611] INFO  volume.HddsVolume (HddsVolume.java:<init>(120)) - Creating HddsVolume: /home/runner/work/ozone/ozone/hadoop-ozone/integration-test/target/test-dir/MiniOzoneClusterImpl-aa639c69-f9d2-45b5-aeae-2a5a4e0b395a/datanode-0/data-0/containers/hdds of storage type : DISK capacity : 9223372036854775807
2022-01-24 18:04:57,385 [Listener at 127.0.0.1/42611] INFO  volume.MutableVolumeSet (MutableVolumeSet.java:initializeVolumeSet(168)) - Added Volume : /home/runner/work/ozone/ozone/hadoop-ozone/integration-test/target/test-dir/MiniOzoneClusterImpl-aa639c69-f9d2-45b5-aeae-2a5a4e0b395a/datanode-0/data-0/containers/hdds to VolumeSet
2022-01-24 18:04:57,385 [Listener at 127.0.0.1/42611] INFO  volume.ThrottledAsyncChecker (ThrottledAsyncChecker.java:schedule(141)) - Scheduling a check for /home/runner/work/ozone/ozone/hadoop-ozone/integration-test/target/test-dir/MiniOzoneClusterImpl-aa639c69-f9d2-45b5-aeae-2a5a4e0b395a/datanode-0/data-0/containers/hdds
2022-01-24 18:04:57,401 [Listener at 127.0.0.1/42611] INFO  volume.StorageVolumeChecker (StorageVolumeChecker.java:checkAllVolumes(202)) - Scheduled health check for volume /home/runner/work/ozone/ozone/hadoop-ozone/integration-test/target/test-dir/MiniOzoneClusterImpl-aa639c69-f9d2-45b5-aeae-2a5a4e0b395a/datanode-0/data-0/containers/hdds
2022-01-24 18:04:57,432 [Listener at 127.0.0.1/42611] INFO  volume.MutableVolumeSet (MutableVolumeSet.java:initializeVolumeSet(168)) - Added Volume : /home/runner/work/ozone/ozone/hadoop-ozone/integration-test/target/test-dir/MiniOzoneClusterImpl-aa639c69-f9d2-45b5-aeae-2a5a4e0b395a/datanode-0/data/ratis to VolumeSet
2022-01-24 18:04:57,432 [Listener at 127.0.0.1/42611] INFO  volume.ThrottledAsyncChecker (ThrottledAsyncChecker.java:schedule(141)) - Scheduling a check for /home/runner/work/ozone/ozone/hadoop-ozone/integration-test/target/test-dir/MiniOzoneClusterImpl-aa639c69-f9d2-45b5-aeae-2a5a4e0b395a/datanode-0/data/ratis
2022-01-24 18:04:57,441 [Listener at 127.0.0.1/42611] INFO  volume.StorageVolumeChecker (StorageVolumeChecker.java:checkAllVolumes(202)) - Scheduled health check for volume /home/runner/work/ozone/ozone/hadoop-ozone/integration-test/target/test-dir/MiniOzoneClusterImpl-aa639c69-f9d2-45b5-aeae-2a5a4e0b395a/datanode-0/data/ratis
2022-01-24 18:04:57,468 [Thread-626] INFO  ozoneimpl.ContainerReader (ContainerReader.java:readVolume(172)) - Finish verifying containers on volume /home/runner/work/ozone/ozone/hadoop-ozone/integration-test/target/test-dir/MiniOzoneClusterImpl-aa639c69-f9d2-45b5-aeae-2a5a4e0b395a/datanode-0/data-0/containers/hdds
2022-01-24 18:04:57,468 [Listener at 127.0.0.1/42611] INFO  ozoneimpl.OzoneContainer (OzoneContainer.java:buildContainerSet(237)) - Build ContainerSet costs 0s
2022-01-24 18:04:57,470 [Listener at 127.0.0.1/42611] INFO  server.RaftServer (ConfUtils.java:logGet(44)) - raft.rpc.type = GRPC (default)
2022-01-24 18:04:57,470 [Listener at 127.0.0.1/42611] INFO  grpc.GrpcFactory (GrpcFactory.java:checkPooledByteBufAllocatorUseCacheForAllThreads(48)) - PERFORMANCE WARNING: useCacheForAllThreads is true that may cause Netty to create a lot garbage objects and, as a result, trigger GC.
	It is recommended to disable useCacheForAllThreads by setting -Dorg.apache.ratis.thirdparty.io.netty.allocator.useCacheForAllThreads=false in command line.
2022-01-24 18:04:57,470 [Listener at 127.0.0.1/42611] INFO  grpc.GrpcConfigKeys (ConfUtils.java:logGet(44)) - raft.grpc.admin.port = 0 (custom)
2022-01-24 18:04:57,471 [Listener at 127.0.0.1/42611] INFO  grpc.GrpcConfigKeys (ConfUtils.java:logGet(44)) - raft.grpc.client.port = 0 (custom)
2022-01-24 18:04:57,471 [Listener at 127.0.0.1/42611] INFO  grpc.GrpcConfigKeys (ConfUtils.java:logGet(44)) - raft.grpc.server.port = 0 (default)
2022-01-24 18:04:57,471 [Listener at 127.0.0.1/42611] INFO  server.GrpcService (ConfUtils.java:logGet(44)) - raft.grpc.message.size.max = 32MB (=33554432) (custom)
2022-01-24 18:04:57,471 [Listener at 127.0.0.1/42611] INFO  server.RaftServerConfigKeys (ConfUtils.java:logGet(44)) - raft.server.log.appender.buffer.byte-limit = 33554432 (custom)
2022-01-24 18:04:57,471 [Listener at 127.0.0.1/42611] INFO  server.GrpcService (ConfUtils.java:logGet(44)) - raft.grpc.flow.control.window = 5MB (=5242880) (custom)
2022-01-24 18:04:57,471 [Listener at 127.0.0.1/42611] INFO  server.RaftServerConfigKeys (ConfUtils.java:logGet(44)) - raft.server.rpc.request.timeout = 3000ms (default)
2022-01-24 18:04:57,472 [Listener at 127.0.0.1/42611] INFO  impl.DataStreamServerImpl (ConfUtils.java:logGet(44)) - raft.datastream.type = DISABLED (default)
2022-01-24 18:04:57,472 [Listener at 127.0.0.1/42611] INFO  server.RaftServerConfigKeys (ConfUtils.java:logGet(44)) - raft.server.rpc.slowness.timeout = 300000ms (custom)
2022-01-24 18:04:57,472 [Listener at 127.0.0.1/42611] INFO  server.RaftServerConfigKeys (ConfUtils.java:logGet(44)) - raft.server.leaderelection.leader.step-down.wait-time = 10s (default)
2022-01-24 18:04:57,472 [Listener at 127.0.0.1/42611] INFO  server.RaftServerConfigKeys (ConfUtils.java:logGet(44)) - raft.server.storage.dir = [/home/runner/work/ozone/ozone/hadoop-ozone/integration-test/target/test-dir/MiniOzoneClusterImpl-aa639c69-f9d2-45b5-aeae-2a5a4e0b395a/datanode-0/data/ratis] (custom)
2022-01-24 18:04:57,486 [Listener at 127.0.0.1/42611] INFO  server.XceiverServerGrpc (XceiverServerGrpc.java:<init>(132)) - GrpcServer channel type EpollServerSocketChannel
2022-01-24 18:04:57,523 [Listener at 127.0.0.1/42611] INFO  http.BaseHttpServer (BaseHttpServer.java:newHttpServer2BuilderForOzone(209)) - Starting Web-server for hddsDatanode at: http://0.0.0.0:0
2022-01-24 18:04:57,523 [Listener at 127.0.0.1/42611] INFO  http.BaseHttpServer (BaseHttpServer.java:<init>(107)) - Hadoop Security Enabled: false Ozone Security Enabled: false Ozone HTTP Security Enabled: false 
2022-01-24 18:04:57,524 [Listener at 127.0.0.1/42611] INFO  server.AuthenticationFilter (AuthenticationFilter.java:constructSecretProvider(240)) - Unable to initialize FileSignerSecretProvider, falling back to use random secrets.
2022-01-24 18:04:57,525 [Listener at 127.0.0.1/42611] WARN  http.HttpRequestLog (HttpRequestLog.java:getRequestLog(103)) - Jetty request log can only be enabled using Log4j
2022-01-24 18:04:57,526 [Listener at 127.0.0.1/42611] INFO  http.HttpServer2 (HttpServer2.java:addGlobalFilter(1030)) - Added global filter 'safety' (class=org.apache.hadoop.hdds.server.http.HttpServer2$QuotingInputFilter)
2022-01-24 18:04:57,526 [Listener at 127.0.0.1/42611] INFO  http.HttpServer2 (HttpServer2.java:addFilter(1006)) - Added filter static_user_filter (class=org.apache.hadoop.http.lib.StaticUserWebFilter$StaticUserFilter) to context hddsDatanode
2022-01-24 18:04:57,526 [Listener at 127.0.0.1/42611] INFO  http.HttpServer2 (HttpServer2.java:addFilter(1014)) - Added filter static_user_filter (class=org.apache.hadoop.http.lib.StaticUserWebFilter$StaticUserFilter) to context logs
2022-01-24 18:04:57,526 [Listener at 127.0.0.1/42611] INFO  http.HttpServer2 (HttpServer2.java:addFilter(1014)) - Added filter static_user_filter (class=org.apache.hadoop.http.lib.StaticUserWebFilter$StaticUserFilter) to context static
2022-01-24 18:04:57,527 [Listener at 127.0.0.1/42611] INFO  http.HttpServer2 (HttpServer2.java:bindListener(1249)) - Jetty bound to port 34435
2022-01-24 18:04:57,527 [Listener at 127.0.0.1/42611] INFO  server.Server (Server.java:doStart(375)) - jetty-9.4.43.v20210629; built: 2021-06-30T11:07:22.254Z; git: 526006ecfa3af7f1a27ef3a288e2bef7ea9dd7e8; jvm 1.8.0_312-b07
2022-01-24 18:04:57,621 [Listener at 127.0.0.1/42611] INFO  server.session (DefaultSessionIdManager.java:doStart(334)) - DefaultSessionIdManager workerName=node0
2022-01-24 18:04:57,621 [Listener at 127.0.0.1/42611] INFO  server.session (DefaultSessionIdManager.java:doStart(339)) - No SessionScavenger set, using defaults
2022-01-24 18:04:57,621 [Listener at 127.0.0.1/42611] INFO  server.session (HouseKeeper.java:startScavenging(132)) - node0 Scavenging every 600000ms
2022-01-24 18:04:57,633 [Listener at 127.0.0.1/42611] INFO  handler.ContextHandler (ContextHandler.java:doStart(915)) - Started o.e.j.s.ServletContextHandler@af17a4f{logs,/logs,file:///home/runner/work/ozone/ozone/hadoop-ozone/integration-test/target/log,AVAILABLE}
2022-01-24 18:04:57,634 [Listener at 127.0.0.1/42611] INFO  handler.ContextHandler (ContextHandler.java:doStart(915)) - Started o.e.j.s.ServletContextHandler@6c2b5e15{static,/static,jar:file:/home/runner/.m2/repository/org/apache/ozone/hdds-container-service/1.3.0-SNAPSHOT/hdds-container-service-1.3.0-SNAPSHOT.jar!/webapps/static,AVAILABLE}
2022-01-24 18:04:57,773 [Listener at 127.0.0.1/42611] INFO  handler.ContextHandler (ContextHandler.java:doStart(915)) - Started o.e.j.w.WebAppContext@15d6a94c{hddsDatanode,/,file:///tmp/jetty-0_0_0_0-34435-hdds-container-service-1_3_0-SNAPSHOT_jar-_-any-3915838876916171197/webapp/,AVAILABLE}{jar:file:/home/runner/.m2/repository/org/apache/ozone/hdds-container-service/1.3.0-SNAPSHOT/hdds-container-service-1.3.0-SNAPSHOT.jar!/webapps/hddsDatanode}
2022-01-24 18:04:57,786 [Listener at 127.0.0.1/42611] INFO  server.AbstractConnector (AbstractConnector.java:doStart(331)) - Started ServerConnector@75cd9410{HTTP/1.1, (http/1.1)}{0.0.0.0:34435}
2022-01-24 18:04:57,786 [Listener at 127.0.0.1/42611] INFO  server.Server (Server.java:doStart(415)) - Started @87424ms
2022-01-24 18:04:57,787 [Listener at 127.0.0.1/42611] WARN  impl.MetricsSystemImpl (MetricsSystemImpl.java:register(279)) - Sink prometheus already exists!
2022-01-24 18:04:57,789 [Listener at 127.0.0.1/42611] INFO  http.BaseHttpServer (BaseHttpServer.java:updateConnectorAddress(329)) - HTTP server of hddsDatanode listening at http://0.0.0.0:34435
2022-01-24 18:04:57,804 [Listener at 127.0.0.1/42611] WARN  impl.MetricRegistriesImpl (MetricRegistriesImpl.java:addReporterRegistration(111)) - New reporters are added after registries were created. Some metrics will be missing from the reporter. Please add reporter before adding any new registry.
2022-01-24 18:04:57,806 [Listener at 127.0.0.1/42611] WARN  impl.MetricRegistriesImpl (MetricRegistriesImpl.java:addReporterRegistration(111)) - New reporters are added after registries were created. Some metrics will be missing from the reporter. Please add reporter before adding any new registry.
2022-01-24 18:04:57,806 [Listener at 127.0.0.1/42611] INFO  impl.MetricsSystemImpl (MetricsSystemImpl.java:init(158)) - HddsDatanode metrics system started (again)
2022-01-24 18:04:57,817 [Datanode State Machine Daemon Thread] INFO  statemachine.DatanodeStateMachine (DatanodeStateMachine.java:lambda$startDaemon$0(470)) - Ozone container server started.
2022-01-24 18:04:57,859 [Listener at 127.0.0.1/42611] INFO  ozone.HddsDatanodeService (HddsDatanodeService.java:start(234)) - HddsDatanodeService host:fv-az184-104.3ow45vhwbzuu5incsxmygykede.cx.internal.cloudapp.net ip:10.1.0.60
2022-01-24 18:04:57,861 [org.apache.hadoop.util.JvmPauseMonitor$Monitor@5faaf8d2] INFO  util.JvmPauseMonitor (JvmPauseMonitor.java:run(188)) - Starting JVM pause monitor
2022-01-24 18:04:57,876 [Datanode State Machine Task Thread - 0] INFO  datanode.InitDatanodeState (InitDatanodeState.java:persistContainerDatanodeDetails(145)) - DatanodeDetails is persisted to /home/runner/work/ozone/ozone/hadoop-ozone/integration-test/target/test-dir/MiniOzoneClusterImpl-aa639c69-f9d2-45b5-aeae-2a5a4e0b395a/datanode-0/meta/datanode.id
2022-01-24 18:04:57,908 [om1@group-C5BA1605619E-FollowerState] INFO  impl.FollowerState (FollowerState.java:run(134)) - om1@group-C5BA1605619E-FollowerState: change to CANDIDATE, lastRpcElapsedTime:1044575770ns, electionTimeout:1034ms
2022-01-24 18:04:57,908 [om1@group-C5BA1605619E-FollowerState] INFO  impl.RoleInfo (RoleInfo.java:shutdownFollowerState(108)) - om1: shutdown om1@group-C5BA1605619E-FollowerState
2022-01-24 18:04:57,908 [om1@group-C5BA1605619E-FollowerState] INFO  server.RaftServer$Division (RaftServerImpl.java:setRole(290)) - om1@group-C5BA1605619E: changes role from  FOLLOWER to CANDIDATE at term 0 for changeToCandidate
2022-01-24 18:04:57,908 [om1@group-C5BA1605619E-FollowerState] INFO  server.RaftServerConfigKeys (ConfUtils.java:logGet(44)) - raft.server.leaderelection.pre-vote = false (custom)
2022-01-24 18:04:57,908 [om1@group-C5BA1605619E-FollowerState] INFO  impl.RoleInfo (RoleInfo.java:updateAndGet(130)) - om1: start om1@group-C5BA1605619E-LeaderElection33
2022-01-24 18:04:57,950 [om1@group-C5BA1605619E-LeaderElection33] INFO  impl.LeaderElection (LeaderElection.java:askForVotes(306)) - om1@group-C5BA1605619E-LeaderElection33 ELECTION round 0: submit vote requests at term 1 for -1: [om1|rpc:localhost:9872|priority:0], old=null
2022-01-24 18:04:57,950 [om1@group-C5BA1605619E-LeaderElection33] INFO  impl.LeaderElection (LeaderElection.java:askForVotes(308)) - om1@group-C5BA1605619E-LeaderElection33 ELECTION round 0: result PASSED (term=1)
2022-01-24 18:04:57,950 [om1@group-C5BA1605619E-LeaderElection33] INFO  impl.RoleInfo (RoleInfo.java:shutdownLeaderElection(121)) - om1: shutdown om1@group-C5BA1605619E-LeaderElection33
2022-01-24 18:04:57,950 [om1@group-C5BA1605619E-LeaderElection33] INFO  server.RaftServer$Division (RaftServerImpl.java:setRole(290)) - om1@group-C5BA1605619E: changes role from CANDIDATE to LEADER at term 1 for changeToLeader
2022-01-24 18:04:57,950 [om1@group-C5BA1605619E-LeaderElection33] INFO  server.RaftServer$Division (ServerState.java:setLeader(285)) - om1@group-C5BA1605619E: change Leader from null to om1 at term 1 for becomeLeader, leader elected after 1193ms
2022-01-24 18:04:57,950 [om1@group-C5BA1605619E-LeaderElection33] INFO  server.RaftServerConfigKeys (ConfUtils.java:logGet(44)) - raft.server.staging.catchup.gap = 1000 (default)
2022-01-24 18:04:57,950 [om1@group-C5BA1605619E-LeaderElection33] INFO  server.RaftServerConfigKeys (ConfUtils.java:logGet(44)) - raft.server.write.element-limit = 4096 (default)
2022-01-24 18:04:57,950 [om1@group-C5BA1605619E-LeaderElection33] INFO  server.RaftServerConfigKeys (ConfUtils.java:logGet(44)) - raft.server.write.byte-limit = 64MB (=67108864) (default)
2022-01-24 18:04:57,951 [om1@group-C5BA1605619E-LeaderElection33] INFO  server.RaftServerConfigKeys (ConfUtils.java:logGet(44)) - raft.server.watch.timeout = 10s (default)
2022-01-24 18:04:57,951 [om1@group-C5BA1605619E-LeaderElection33] INFO  server.RaftServerConfigKeys (ConfUtils.java:logGet(44)) - raft.server.watch.timeout.denomination = 1s (default)
2022-01-24 18:04:57,951 [om1@group-C5BA1605619E-LeaderElection33] INFO  server.RaftServerConfigKeys (ConfUtils.java:logGet(44)) - raft.server.watch.element-limit = 65536 (default)
2022-01-24 18:04:57,951 [om1@group-C5BA1605619E-LeaderElection33] INFO  server.RaftServerConfigKeys (ConfUtils.java:logGet(44)) - raft.server.write.element-limit = 4096 (default)
2022-01-24 18:04:57,951 [om1@group-C5BA1605619E-LeaderElection33] INFO  server.RaftServerConfigKeys (ConfUtils.java:logGet(44)) - raft.server.write.follower.gap.ratio.max = -1.0 (default)
2022-01-24 18:04:57,951 [om1@group-C5BA1605619E-LeaderElection33] INFO  impl.RoleInfo (RoleInfo.java:updateAndGet(130)) - om1: start om1@group-C5BA1605619E-LeaderStateImpl
2022-01-24 18:04:57,951 [om1@group-C5BA1605619E-LeaderElection33] INFO  segmented.SegmentedRaftLogWorker (SegmentedRaftLogWorker.java:startLogSegment(394)) - om1@group-C5BA1605619E-SegmentedRaftLogWorker: Starting segment from index:0
2022-01-24 18:04:57,954 [Listener at 127.0.0.1/42611] INFO  upgrade.AbstractLayoutVersionManager (AbstractLayoutVersionManager.java:init(79)) - Initializing Layout version manager with metadata layout = SCM_HA (version = 2), software layout = SCM_HA (version = 2)
2022-01-24 18:04:57,965 [om1@group-C5BA1605619E-SegmentedRaftLogWorker] INFO  segmented.SegmentedRaftLogWorker (SegmentedRaftLogWorker.java:execute(601)) - om1@group-C5BA1605619E-SegmentedRaftLogWorker: created new log segment /home/runner/work/ozone/ozone/hadoop-ozone/integration-test/target/test-dir/MiniOzoneClusterImpl-aa639c69-f9d2-45b5-aeae-2a5a4e0b395a/ozone-meta/ratis/bf265839-605b-3f16-9796-c5ba1605619e/current/log_inprogress_0
2022-01-24 18:04:57,966 [om1@group-C5BA1605619E-LeaderElection33] INFO  server.RaftServer$Division (ServerState.java:setRaftConf(387)) - om1@group-C5BA1605619E: set configuration 0: [om1|rpc:localhost:9872|admin:|client:|dataStream:|priority:0], old=null
2022-01-24 18:04:57,977 [om1@group-C5BA1605619E-StateMachineUpdater] INFO  ratis.OzoneManagerStateMachine (OzoneManagerStateMachine.java:notifyConfigurationChanged(188)) - Received Configuration change notification from Ratis. New Peer list:
[id: "om1"
address: "localhost:9872"
]
2022-01-24 18:04:58,017 [Listener at 127.0.0.1/42611] INFO  reflections.Reflections (Reflections.java:scan(232)) - Reflections took 62 ms to scan 7 urls, producing 119 keys and 279 values 
2022-01-24 18:04:58,019 [Listener at 127.0.0.1/42611] INFO  statemachine.DatanodeStateMachine (DatanodeStateMachine.java:getEndPointTaskThreadPoolSize(222)) - Datanode State Machine Task Thread Pool size 2
2022-01-24 18:04:58,020 [Listener at 127.0.0.1/42611] INFO  volume.HddsVolume (HddsVolume.java:<init>(120)) - Creating HddsVolume: /home/runner/work/ozone/ozone/hadoop-ozone/integration-test/target/test-dir/MiniOzoneClusterImpl-aa639c69-f9d2-45b5-aeae-2a5a4e0b395a/datanode-1/data-0/containers/hdds of storage type : DISK capacity : 9223372036854775807
2022-01-24 18:04:58,020 [Listener at 127.0.0.1/42611] INFO  volume.MutableVolumeSet (MutableVolumeSet.java:initializeVolumeSet(168)) - Added Volume : /home/runner/work/ozone/ozone/hadoop-ozone/integration-test/target/test-dir/MiniOzoneClusterImpl-aa639c69-f9d2-45b5-aeae-2a5a4e0b395a/datanode-1/data-0/containers/hdds to VolumeSet
2022-01-24 18:04:58,020 [Listener at 127.0.0.1/42611] INFO  volume.ThrottledAsyncChecker (ThrottledAsyncChecker.java:schedule(141)) - Scheduling a check for /home/runner/work/ozone/ozone/hadoop-ozone/integration-test/target/test-dir/MiniOzoneClusterImpl-aa639c69-f9d2-45b5-aeae-2a5a4e0b395a/datanode-1/data-0/containers/hdds
2022-01-24 18:04:58,021 [Listener at 127.0.0.1/42611] INFO  volume.StorageVolumeChecker (StorageVolumeChecker.java:checkAllVolumes(202)) - Scheduled health check for volume /home/runner/work/ozone/ozone/hadoop-ozone/integration-test/target/test-dir/MiniOzoneClusterImpl-aa639c69-f9d2-45b5-aeae-2a5a4e0b395a/datanode-1/data-0/containers/hdds
2022-01-24 18:04:58,033 [Listener at 127.0.0.1/42611] INFO  volume.MutableVolumeSet (MutableVolumeSet.java:initializeVolumeSet(168)) - Added Volume : /home/runner/work/ozone/ozone/hadoop-ozone/integration-test/target/test-dir/MiniOzoneClusterImpl-aa639c69-f9d2-45b5-aeae-2a5a4e0b395a/datanode-1/data/ratis to VolumeSet
2022-01-24 18:04:58,033 [Listener at 127.0.0.1/42611] INFO  volume.ThrottledAsyncChecker (ThrottledAsyncChecker.java:schedule(141)) - Scheduling a check for /home/runner/work/ozone/ozone/hadoop-ozone/integration-test/target/test-dir/MiniOzoneClusterImpl-aa639c69-f9d2-45b5-aeae-2a5a4e0b395a/datanode-1/data/ratis
2022-01-24 18:04:58,034 [Listener at 127.0.0.1/42611] INFO  volume.StorageVolumeChecker (StorageVolumeChecker.java:checkAllVolumes(202)) - Scheduled health check for volume /home/runner/work/ozone/ozone/hadoop-ozone/integration-test/target/test-dir/MiniOzoneClusterImpl-aa639c69-f9d2-45b5-aeae-2a5a4e0b395a/datanode-1/data/ratis
2022-01-24 18:04:58,045 [Thread-640] INFO  ozoneimpl.ContainerReader (ContainerReader.java:readVolume(172)) - Finish verifying containers on volume /home/runner/work/ozone/ozone/hadoop-ozone/integration-test/target/test-dir/MiniOzoneClusterImpl-aa639c69-f9d2-45b5-aeae-2a5a4e0b395a/datanode-1/data-0/containers/hdds
2022-01-24 18:04:58,045 [Listener at 127.0.0.1/42611] INFO  ozoneimpl.OzoneContainer (OzoneContainer.java:buildContainerSet(237)) - Build ContainerSet costs 0s
2022-01-24 18:04:58,048 [Listener at 127.0.0.1/42611] INFO  server.RaftServer (ConfUtils.java:logGet(44)) - raft.rpc.type = GRPC (default)
2022-01-24 18:04:58,048 [Listener at 127.0.0.1/42611] INFO  grpc.GrpcFactory (GrpcFactory.java:checkPooledByteBufAllocatorUseCacheForAllThreads(48)) - PERFORMANCE WARNING: useCacheForAllThreads is true that may cause Netty to create a lot garbage objects and, as a result, trigger GC.
	It is recommended to disable useCacheForAllThreads by setting -Dorg.apache.ratis.thirdparty.io.netty.allocator.useCacheForAllThreads=false in command line.
2022-01-24 18:04:58,049 [Listener at 127.0.0.1/42611] INFO  grpc.GrpcConfigKeys (ConfUtils.java:logGet(44)) - raft.grpc.admin.port = 0 (custom)
2022-01-24 18:04:58,049 [Listener at 127.0.0.1/42611] INFO  grpc.GrpcConfigKeys (ConfUtils.java:logGet(44)) - raft.grpc.client.port = 0 (custom)
2022-01-24 18:04:58,049 [Listener at 127.0.0.1/42611] INFO  grpc.GrpcConfigKeys (ConfUtils.java:logGet(44)) - raft.grpc.server.port = 0 (default)
2022-01-24 18:04:58,049 [Listener at 127.0.0.1/42611] INFO  server.GrpcService (ConfUtils.java:logGet(44)) - raft.grpc.message.size.max = 32MB (=33554432) (custom)
2022-01-24 18:04:58,049 [Listener at 127.0.0.1/42611] INFO  server.RaftServerConfigKeys (ConfUtils.java:logGet(44)) - raft.server.log.appender.buffer.byte-limit = 33554432 (custom)
2022-01-24 18:04:58,049 [Listener at 127.0.0.1/42611] INFO  server.GrpcService (ConfUtils.java:logGet(44)) - raft.grpc.flow.control.window = 5MB (=5242880) (custom)
2022-01-24 18:04:58,049 [Listener at 127.0.0.1/42611] INFO  server.RaftServerConfigKeys (ConfUtils.java:logGet(44)) - raft.server.rpc.request.timeout = 3000ms (default)
2022-01-24 18:04:58,050 [Listener at 127.0.0.1/42611] INFO  impl.DataStreamServerImpl (ConfUtils.java:logGet(44)) - raft.datastream.type = DISABLED (default)
2022-01-24 18:04:58,050 [Listener at 127.0.0.1/42611] INFO  server.RaftServerConfigKeys (ConfUtils.java:logGet(44)) - raft.server.rpc.slowness.timeout = 300000ms (custom)
2022-01-24 18:04:58,050 [Listener at 127.0.0.1/42611] INFO  server.RaftServerConfigKeys (ConfUtils.java:logGet(44)) - raft.server.leaderelection.leader.step-down.wait-time = 10s (default)
2022-01-24 18:04:58,050 [Listener at 127.0.0.1/42611] INFO  server.RaftServerConfigKeys (ConfUtils.java:logGet(44)) - raft.server.storage.dir = [/home/runner/work/ozone/ozone/hadoop-ozone/integration-test/target/test-dir/MiniOzoneClusterImpl-aa639c69-f9d2-45b5-aeae-2a5a4e0b395a/datanode-1/data/ratis] (custom)
2022-01-24 18:04:58,052 [Listener at 127.0.0.1/42611] INFO  server.XceiverServerGrpc (XceiverServerGrpc.java:<init>(132)) - GrpcServer channel type EpollServerSocketChannel
2022-01-24 18:04:58,054 [Listener at 127.0.0.1/42611] INFO  http.BaseHttpServer (BaseHttpServer.java:newHttpServer2BuilderForOzone(209)) - Starting Web-server for hddsDatanode at: http://0.0.0.0:0
2022-01-24 18:04:58,054 [Listener at 127.0.0.1/42611] INFO  http.BaseHttpServer (BaseHttpServer.java:<init>(107)) - Hadoop Security Enabled: false Ozone Security Enabled: false Ozone HTTP Security Enabled: false 
2022-01-24 18:04:58,055 [Listener at 127.0.0.1/42611] INFO  server.AuthenticationFilter (AuthenticationFilter.java:constructSecretProvider(240)) - Unable to initialize FileSignerSecretProvider, falling back to use random secrets.
2022-01-24 18:04:58,055 [Listener at 127.0.0.1/42611] WARN  http.HttpRequestLog (HttpRequestLog.java:getRequestLog(103)) - Jetty request log can only be enabled using Log4j
2022-01-24 18:04:58,056 [Listener at 127.0.0.1/42611] INFO  http.HttpServer2 (HttpServer2.java:addGlobalFilter(1030)) - Added global filter 'safety' (class=org.apache.hadoop.hdds.server.http.HttpServer2$QuotingInputFilter)
2022-01-24 18:04:58,071 [Listener at 127.0.0.1/42611] INFO  http.HttpServer2 (HttpServer2.java:addFilter(1006)) - Added filter static_user_filter (class=org.apache.hadoop.http.lib.StaticUserWebFilter$StaticUserFilter) to context hddsDatanode
2022-01-24 18:04:58,071 [Listener at 127.0.0.1/42611] INFO  http.HttpServer2 (HttpServer2.java:addFilter(1014)) - Added filter static_user_filter (class=org.apache.hadoop.http.lib.StaticUserWebFilter$StaticUserFilter) to context static
2022-01-24 18:04:58,071 [Listener at 127.0.0.1/42611] INFO  http.HttpServer2 (HttpServer2.java:addFilter(1014)) - Added filter static_user_filter (class=org.apache.hadoop.http.lib.StaticUserWebFilter$StaticUserFilter) to context logs
2022-01-24 18:04:58,071 [Listener at 127.0.0.1/42611] INFO  http.HttpServer2 (HttpServer2.java:bindListener(1249)) - Jetty bound to port 38011
2022-01-24 18:04:58,072 [Listener at 127.0.0.1/42611] INFO  server.Server (Server.java:doStart(375)) - jetty-9.4.43.v20210629; built: 2021-06-30T11:07:22.254Z; git: 526006ecfa3af7f1a27ef3a288e2bef7ea9dd7e8; jvm 1.8.0_312-b07
2022-01-24 18:04:58,097 [Listener at 127.0.0.1/42611] INFO  server.session (DefaultSessionIdManager.java:doStart(334)) - DefaultSessionIdManager workerName=node0
2022-01-24 18:04:58,097 [Listener at 127.0.0.1/42611] INFO  server.session (DefaultSessionIdManager.java:doStart(339)) - No SessionScavenger set, using defaults
2022-01-24 18:04:58,098 [Listener at 127.0.0.1/42611] INFO  server.session (HouseKeeper.java:startScavenging(132)) - node0 Scavenging every 660000ms
2022-01-24 18:04:58,105 [Listener at 127.0.0.1/42611] INFO  handler.ContextHandler (ContextHandler.java:doStart(915)) - Started o.e.j.s.ServletContextHandler@42042fcf{logs,/logs,file:///home/runner/work/ozone/ozone/hadoop-ozone/integration-test/target/log,AVAILABLE}
2022-01-24 18:04:58,105 [Listener at 127.0.0.1/42611] INFO  handler.ContextHandler (ContextHandler.java:doStart(915)) - Started o.e.j.s.ServletContextHandler@5635c103{static,/static,jar:file:/home/runner/.m2/repository/org/apache/ozone/hdds-container-service/1.3.0-SNAPSHOT/hdds-container-service-1.3.0-SNAPSHOT.jar!/webapps/static,AVAILABLE}
2022-01-24 18:04:58,263 [Listener at 127.0.0.1/42611] INFO  handler.ContextHandler (ContextHandler.java:doStart(915)) - Started o.e.j.w.WebAppContext@3f5b1221{hddsDatanode,/,file:///tmp/jetty-0_0_0_0-38011-hdds-container-service-1_3_0-SNAPSHOT_jar-_-any-3298219838998283231/webapp/,AVAILABLE}{jar:file:/home/runner/.m2/repository/org/apache/ozone/hdds-container-service/1.3.0-SNAPSHOT/hdds-container-service-1.3.0-SNAPSHOT.jar!/webapps/hddsDatanode}
2022-01-24 18:04:58,278 [Listener at 127.0.0.1/42611] INFO  server.AbstractConnector (AbstractConnector.java:doStart(331)) - Started ServerConnector@5cdcd641{HTTP/1.1, (http/1.1)}{0.0.0.0:38011}
2022-01-24 18:04:58,278 [Listener at 127.0.0.1/42611] INFO  server.Server (Server.java:doStart(415)) - Started @87915ms
2022-01-24 18:04:58,278 [Listener at 127.0.0.1/42611] WARN  impl.MetricsSystemImpl (MetricsSystemImpl.java:register(279)) - Sink prometheus already exists!
2022-01-24 18:04:58,293 [Listener at 127.0.0.1/42611] INFO  http.BaseHttpServer (BaseHttpServer.java:updateConnectorAddress(329)) - HTTP server of hddsDatanode listening at http://0.0.0.0:38011
2022-01-24 18:04:58,301 [Datanode State Machine Daemon Thread] INFO  statemachine.DatanodeStateMachine (DatanodeStateMachine.java:lambda$startDaemon$0(470)) - Ozone container server started.
2022-01-24 18:04:58,301 [Listener at 127.0.0.1/42611] WARN  impl.MetricRegistriesImpl (MetricRegistriesImpl.java:addReporterRegistration(111)) - New reporters are added after registries were created. Some metrics will be missing from the reporter. Please add reporter before adding any new registry.
2022-01-24 18:04:58,353 [Listener at 127.0.0.1/42611] WARN  impl.MetricRegistriesImpl (MetricRegistriesImpl.java:addReporterRegistration(111)) - New reporters are added after registries were created. Some metrics will be missing from the reporter. Please add reporter before adding any new registry.
2022-01-24 18:04:58,353 [Listener at 127.0.0.1/42611] INFO  impl.MetricsSystemImpl (MetricsSystemImpl.java:init(158)) - HddsDatanode metrics system started (again)
2022-01-24 18:04:58,349 [org.apache.hadoop.util.JvmPauseMonitor$Monitor@22b736be] INFO  util.JvmPauseMonitor (JvmPauseMonitor.java:run(188)) - Starting JVM pause monitor
2022-01-24 18:04:58,389 [Datanode State Machine Task Thread - 0] INFO  datanode.InitDatanodeState (InitDatanodeState.java:persistContainerDatanodeDetails(145)) - DatanodeDetails is persisted to /home/runner/work/ozone/ozone/hadoop-ozone/integration-test/target/test-dir/MiniOzoneClusterImpl-aa639c69-f9d2-45b5-aeae-2a5a4e0b395a/datanode-1/meta/datanode.id
2022-01-24 18:04:58,418 [Listener at 127.0.0.1/42611] INFO  ozone.HddsDatanodeService (HddsDatanodeService.java:start(234)) - HddsDatanodeService host:fv-az184-104.3ow45vhwbzuu5incsxmygykede.cx.internal.cloudapp.net ip:10.1.0.60
2022-01-24 18:04:58,445 [Listener at 127.0.0.1/42611] INFO  upgrade.AbstractLayoutVersionManager (AbstractLayoutVersionManager.java:init(79)) - Initializing Layout version manager with metadata layout = SCM_HA (version = 2), software layout = SCM_HA (version = 2)
2022-01-24 18:04:58,516 [Listener at 127.0.0.1/42611] INFO  reflections.Reflections (Reflections.java:scan(232)) - Reflections took 69 ms to scan 7 urls, producing 119 keys and 279 values 
2022-01-24 18:04:58,529 [Listener at 127.0.0.1/42611] INFO  statemachine.DatanodeStateMachine (DatanodeStateMachine.java:getEndPointTaskThreadPoolSize(222)) - Datanode State Machine Task Thread Pool size 2
2022-01-24 18:04:58,530 [Listener at 127.0.0.1/42611] INFO  volume.HddsVolume (HddsVolume.java:<init>(120)) - Creating HddsVolume: /home/runner/work/ozone/ozone/hadoop-ozone/integration-test/target/test-dir/MiniOzoneClusterImpl-aa639c69-f9d2-45b5-aeae-2a5a4e0b395a/datanode-2/data-0/containers/hdds of storage type : DISK capacity : 9223372036854775807
2022-01-24 18:04:58,530 [Listener at 127.0.0.1/42611] INFO  volume.MutableVolumeSet (MutableVolumeSet.java:initializeVolumeSet(168)) - Added Volume : /home/runner/work/ozone/ozone/hadoop-ozone/integration-test/target/test-dir/MiniOzoneClusterImpl-aa639c69-f9d2-45b5-aeae-2a5a4e0b395a/datanode-2/data-0/containers/hdds to VolumeSet
2022-01-24 18:04:58,530 [Listener at 127.0.0.1/42611] INFO  volume.ThrottledAsyncChecker (ThrottledAsyncChecker.java:schedule(141)) - Scheduling a check for /home/runner/work/ozone/ozone/hadoop-ozone/integration-test/target/test-dir/MiniOzoneClusterImpl-aa639c69-f9d2-45b5-aeae-2a5a4e0b395a/datanode-2/data-0/containers/hdds
2022-01-24 18:04:58,531 [Listener at 127.0.0.1/42611] INFO  volume.StorageVolumeChecker (StorageVolumeChecker.java:checkAllVolumes(202)) - Scheduled health check for volume /home/runner/work/ozone/ozone/hadoop-ozone/integration-test/target/test-dir/MiniOzoneClusterImpl-aa639c69-f9d2-45b5-aeae-2a5a4e0b395a/datanode-2/data-0/containers/hdds
2022-01-24 18:04:58,558 [Listener at 127.0.0.1/42611] INFO  volume.MutableVolumeSet (MutableVolumeSet.java:initializeVolumeSet(168)) - Added Volume : /home/runner/work/ozone/ozone/hadoop-ozone/integration-test/target/test-dir/MiniOzoneClusterImpl-aa639c69-f9d2-45b5-aeae-2a5a4e0b395a/datanode-2/data/ratis to VolumeSet
2022-01-24 18:04:58,558 [Listener at 127.0.0.1/42611] INFO  volume.ThrottledAsyncChecker (ThrottledAsyncChecker.java:schedule(141)) - Scheduling a check for /home/runner/work/ozone/ozone/hadoop-ozone/integration-test/target/test-dir/MiniOzoneClusterImpl-aa639c69-f9d2-45b5-aeae-2a5a4e0b395a/datanode-2/data/ratis
2022-01-24 18:04:58,558 [Listener at 127.0.0.1/42611] INFO  volume.StorageVolumeChecker (StorageVolumeChecker.java:checkAllVolumes(202)) - Scheduled health check for volume /home/runner/work/ozone/ozone/hadoop-ozone/integration-test/target/test-dir/MiniOzoneClusterImpl-aa639c69-f9d2-45b5-aeae-2a5a4e0b395a/datanode-2/data/ratis
2022-01-24 18:04:58,584 [Thread-652] INFO  ozoneimpl.ContainerReader (ContainerReader.java:readVolume(172)) - Finish verifying containers on volume /home/runner/work/ozone/ozone/hadoop-ozone/integration-test/target/test-dir/MiniOzoneClusterImpl-aa639c69-f9d2-45b5-aeae-2a5a4e0b395a/datanode-2/data-0/containers/hdds
2022-01-24 18:04:58,584 [Listener at 127.0.0.1/42611] INFO  ozoneimpl.OzoneContainer (OzoneContainer.java:buildContainerSet(237)) - Build ContainerSet costs 0s
2022-01-24 18:04:58,586 [Listener at 127.0.0.1/42611] INFO  server.RaftServer (ConfUtils.java:logGet(44)) - raft.rpc.type = GRPC (default)
2022-01-24 18:04:58,586 [Listener at 127.0.0.1/42611] INFO  grpc.GrpcFactory (GrpcFactory.java:checkPooledByteBufAllocatorUseCacheForAllThreads(48)) - PERFORMANCE WARNING: useCacheForAllThreads is true that may cause Netty to create a lot garbage objects and, as a result, trigger GC.
	It is recommended to disable useCacheForAllThreads by setting -Dorg.apache.ratis.thirdparty.io.netty.allocator.useCacheForAllThreads=false in command line.
2022-01-24 18:04:58,587 [Listener at 127.0.0.1/42611] INFO  grpc.GrpcConfigKeys (ConfUtils.java:logGet(44)) - raft.grpc.admin.port = 0 (custom)
2022-01-24 18:04:58,587 [Listener at 127.0.0.1/42611] INFO  grpc.GrpcConfigKeys (ConfUtils.java:logGet(44)) - raft.grpc.client.port = 0 (custom)
2022-01-24 18:04:58,587 [Listener at 127.0.0.1/42611] INFO  grpc.GrpcConfigKeys (ConfUtils.java:logGet(44)) - raft.grpc.server.port = 0 (default)
2022-01-24 18:04:58,587 [Listener at 127.0.0.1/42611] INFO  server.GrpcService (ConfUtils.java:logGet(44)) - raft.grpc.message.size.max = 32MB (=33554432) (custom)
2022-01-24 18:04:58,587 [Listener at 127.0.0.1/42611] INFO  server.RaftServerConfigKeys (ConfUtils.java:logGet(44)) - raft.server.log.appender.buffer.byte-limit = 33554432 (custom)
2022-01-24 18:04:58,587 [Listener at 127.0.0.1/42611] INFO  server.GrpcService (ConfUtils.java:logGet(44)) - raft.grpc.flow.control.window = 5MB (=5242880) (custom)
2022-01-24 18:04:58,587 [Listener at 127.0.0.1/42611] INFO  server.RaftServerConfigKeys (ConfUtils.java:logGet(44)) - raft.server.rpc.request.timeout = 3000ms (default)
2022-01-24 18:04:58,588 [Listener at 127.0.0.1/42611] INFO  impl.DataStreamServerImpl (ConfUtils.java:logGet(44)) - raft.datastream.type = DISABLED (default)
2022-01-24 18:04:58,589 [Listener at 127.0.0.1/42611] INFO  server.RaftServerConfigKeys (ConfUtils.java:logGet(44)) - raft.server.rpc.slowness.timeout = 300000ms (custom)
2022-01-24 18:04:58,589 [Listener at 127.0.0.1/42611] INFO  server.RaftServerConfigKeys (ConfUtils.java:logGet(44)) - raft.server.leaderelection.leader.step-down.wait-time = 10s (default)
2022-01-24 18:04:58,589 [Listener at 127.0.0.1/42611] INFO  server.RaftServerConfigKeys (ConfUtils.java:logGet(44)) - raft.server.storage.dir = [/home/runner/work/ozone/ozone/hadoop-ozone/integration-test/target/test-dir/MiniOzoneClusterImpl-aa639c69-f9d2-45b5-aeae-2a5a4e0b395a/datanode-2/data/ratis] (custom)
2022-01-24 18:04:58,591 [Listener at 127.0.0.1/42611] INFO  server.XceiverServerGrpc (XceiverServerGrpc.java:<init>(132)) - GrpcServer channel type EpollServerSocketChannel
2022-01-24 18:04:58,597 [Listener at 127.0.0.1/42611] INFO  http.BaseHttpServer (BaseHttpServer.java:newHttpServer2BuilderForOzone(209)) - Starting Web-server for hddsDatanode at: http://0.0.0.0:0
2022-01-24 18:04:58,597 [Listener at 127.0.0.1/42611] INFO  http.BaseHttpServer (BaseHttpServer.java:<init>(107)) - Hadoop Security Enabled: false Ozone Security Enabled: false Ozone HTTP Security Enabled: false 
2022-01-24 18:04:58,598 [Listener at 127.0.0.1/42611] INFO  server.AuthenticationFilter (AuthenticationFilter.java:constructSecretProvider(240)) - Unable to initialize FileSignerSecretProvider, falling back to use random secrets.
2022-01-24 18:04:58,605 [Listener at 127.0.0.1/42611] WARN  http.HttpRequestLog (HttpRequestLog.java:getRequestLog(103)) - Jetty request log can only be enabled using Log4j
2022-01-24 18:04:58,606 [Listener at 127.0.0.1/42611] INFO  http.HttpServer2 (HttpServer2.java:addGlobalFilter(1030)) - Added global filter 'safety' (class=org.apache.hadoop.hdds.server.http.HttpServer2$QuotingInputFilter)
2022-01-24 18:04:58,606 [Listener at 127.0.0.1/42611] INFO  http.HttpServer2 (HttpServer2.java:addFilter(1006)) - Added filter static_user_filter (class=org.apache.hadoop.http.lib.StaticUserWebFilter$StaticUserFilter) to context hddsDatanode
2022-01-24 18:04:58,606 [Listener at 127.0.0.1/42611] INFO  http.HttpServer2 (HttpServer2.java:addFilter(1014)) - Added filter static_user_filter (class=org.apache.hadoop.http.lib.StaticUserWebFilter$StaticUserFilter) to context static
2022-01-24 18:04:58,606 [Listener at 127.0.0.1/42611] INFO  http.HttpServer2 (HttpServer2.java:addFilter(1014)) - Added filter static_user_filter (class=org.apache.hadoop.http.lib.StaticUserWebFilter$StaticUserFilter) to context logs
2022-01-24 18:04:58,607 [Listener at 127.0.0.1/42611] INFO  http.HttpServer2 (HttpServer2.java:bindListener(1249)) - Jetty bound to port 39889
2022-01-24 18:04:58,607 [Listener at 127.0.0.1/42611] INFO  server.Server (Server.java:doStart(375)) - jetty-9.4.43.v20210629; built: 2021-06-30T11:07:22.254Z; git: 526006ecfa3af7f1a27ef3a288e2bef7ea9dd7e8; jvm 1.8.0_312-b07
2022-01-24 18:04:58,661 [Listener at 127.0.0.1/42611] INFO  server.session (DefaultSessionIdManager.java:doStart(334)) - DefaultSessionIdManager workerName=node0
2022-01-24 18:04:58,661 [Listener at 127.0.0.1/42611] INFO  server.session (DefaultSessionIdManager.java:doStart(339)) - No SessionScavenger set, using defaults
2022-01-24 18:04:58,662 [Listener at 127.0.0.1/42611] INFO  server.session (HouseKeeper.java:startScavenging(132)) - node0 Scavenging every 660000ms
2022-01-24 18:04:58,665 [Listener at 127.0.0.1/42611] INFO  handler.ContextHandler (ContextHandler.java:doStart(915)) - Started o.e.j.s.ServletContextHandler@197cc2a6{logs,/logs,file:///home/runner/work/ozone/ozone/hadoop-ozone/integration-test/target/log,AVAILABLE}
2022-01-24 18:04:58,666 [Listener at 127.0.0.1/42611] INFO  handler.ContextHandler (ContextHandler.java:doStart(915)) - Started o.e.j.s.ServletContextHandler@411edf8e{static,/static,jar:file:/home/runner/.m2/repository/org/apache/ozone/hdds-container-service/1.3.0-SNAPSHOT/hdds-container-service-1.3.0-SNAPSHOT.jar!/webapps/static,AVAILABLE}
2022-01-24 18:04:58,825 [Listener at 127.0.0.1/42611] INFO  handler.ContextHandler (ContextHandler.java:doStart(915)) - Started o.e.j.w.WebAppContext@238c0804{hddsDatanode,/,file:///tmp/jetty-0_0_0_0-39889-hdds-container-service-1_3_0-SNAPSHOT_jar-_-any-3033273192830782547/webapp/,AVAILABLE}{jar:file:/home/runner/.m2/repository/org/apache/ozone/hdds-container-service/1.3.0-SNAPSHOT/hdds-container-service-1.3.0-SNAPSHOT.jar!/webapps/hddsDatanode}
2022-01-24 18:04:58,853 [Listener at 127.0.0.1/42611] INFO  server.AbstractConnector (AbstractConnector.java:doStart(331)) - Started ServerConnector@2c2626{HTTP/1.1, (http/1.1)}{0.0.0.0:39889}
2022-01-24 18:04:58,853 [Listener at 127.0.0.1/42611] INFO  server.Server (Server.java:doStart(415)) - Started @88491ms
2022-01-24 18:04:58,853 [Listener at 127.0.0.1/42611] WARN  impl.MetricsSystemImpl (MetricsSystemImpl.java:register(279)) - Sink prometheus already exists!
2022-01-24 18:04:58,878 [Listener at 127.0.0.1/42611] INFO  http.BaseHttpServer (BaseHttpServer.java:updateConnectorAddress(329)) - HTTP server of hddsDatanode listening at http://0.0.0.0:39889
2022-01-24 18:04:58,881 [Listener at 127.0.0.1/42611] WARN  impl.MetricRegistriesImpl (MetricRegistriesImpl.java:addReporterRegistration(111)) - New reporters are added after registries were created. Some metrics will be missing from the reporter. Please add reporter before adding any new registry.
2022-01-24 18:04:58,881 [Listener at 127.0.0.1/42611] WARN  impl.MetricRegistriesImpl (MetricRegistriesImpl.java:addReporterRegistration(111)) - New reporters are added after registries were created. Some metrics will be missing from the reporter. Please add reporter before adding any new registry.
2022-01-24 18:04:58,881 [Listener at 127.0.0.1/42611] INFO  impl.MetricsSystemImpl (MetricsSystemImpl.java:init(158)) - HddsDatanode metrics system started (again)
2022-01-24 18:04:58,889 [Datanode State Machine Daemon Thread] INFO  statemachine.DatanodeStateMachine (DatanodeStateMachine.java:lambda$startDaemon$0(470)) - Ozone container server started.
2022-01-24 18:04:58,941 [org.apache.hadoop.util.JvmPauseMonitor$Monitor@2711dd8e] INFO  util.JvmPauseMonitor (JvmPauseMonitor.java:run(188)) - Starting JVM pause monitor
2022-01-24 18:04:58,954 [Listener at 127.0.0.1/42611] INFO  ozone.HddsDatanodeService (HddsDatanodeService.java:start(234)) - HddsDatanodeService host:fv-az184-104.3ow45vhwbzuu5incsxmygykede.cx.internal.cloudapp.net ip:10.1.0.60
2022-01-24 18:04:58,961 [Datanode State Machine Task Thread - 0] INFO  datanode.InitDatanodeState (InitDatanodeState.java:persistContainerDatanodeDetails(145)) - DatanodeDetails is persisted to /home/runner/work/ozone/ozone/hadoop-ozone/integration-test/target/test-dir/MiniOzoneClusterImpl-aa639c69-f9d2-45b5-aeae-2a5a4e0b395a/datanode-2/meta/datanode.id
2022-01-24 18:04:59,011 [Listener at 127.0.0.1/42611] INFO  upgrade.AbstractLayoutVersionManager (AbstractLayoutVersionManager.java:init(79)) - Initializing Layout version manager with metadata layout = SCM_HA (version = 2), software layout = SCM_HA (version = 2)
2022-01-24 18:04:59,164 [Listener at 127.0.0.1/42611] INFO  reflections.Reflections (Reflections.java:scan(232)) - Reflections took 145 ms to scan 7 urls, producing 119 keys and 279 values 
2022-01-24 18:04:59,172 [Listener at 127.0.0.1/42611] INFO  statemachine.DatanodeStateMachine (DatanodeStateMachine.java:getEndPointTaskThreadPoolSize(222)) - Datanode State Machine Task Thread Pool size 2
2022-01-24 18:04:59,182 [Listener at 127.0.0.1/42611] INFO  volume.HddsVolume (HddsVolume.java:<init>(120)) - Creating HddsVolume: /home/runner/work/ozone/ozone/hadoop-ozone/integration-test/target/test-dir/MiniOzoneClusterImpl-aa639c69-f9d2-45b5-aeae-2a5a4e0b395a/datanode-3/data-0/containers/hdds of storage type : DISK capacity : 9223372036854775807
2022-01-24 18:04:59,182 [Listener at 127.0.0.1/42611] INFO  volume.MutableVolumeSet (MutableVolumeSet.java:initializeVolumeSet(168)) - Added Volume : /home/runner/work/ozone/ozone/hadoop-ozone/integration-test/target/test-dir/MiniOzoneClusterImpl-aa639c69-f9d2-45b5-aeae-2a5a4e0b395a/datanode-3/data-0/containers/hdds to VolumeSet
2022-01-24 18:04:59,182 [Listener at 127.0.0.1/42611] INFO  volume.ThrottledAsyncChecker (ThrottledAsyncChecker.java:schedule(141)) - Scheduling a check for /home/runner/work/ozone/ozone/hadoop-ozone/integration-test/target/test-dir/MiniOzoneClusterImpl-aa639c69-f9d2-45b5-aeae-2a5a4e0b395a/datanode-3/data-0/containers/hdds
2022-01-24 18:04:59,183 [Listener at 127.0.0.1/42611] INFO  volume.StorageVolumeChecker (StorageVolumeChecker.java:checkAllVolumes(202)) - Scheduled health check for volume /home/runner/work/ozone/ozone/hadoop-ozone/integration-test/target/test-dir/MiniOzoneClusterImpl-aa639c69-f9d2-45b5-aeae-2a5a4e0b395a/datanode-3/data-0/containers/hdds
2022-01-24 18:04:59,195 [Listener at 127.0.0.1/42611] INFO  volume.MutableVolumeSet (MutableVolumeSet.java:initializeVolumeSet(168)) - Added Volume : /home/runner/work/ozone/ozone/hadoop-ozone/integration-test/target/test-dir/MiniOzoneClusterImpl-aa639c69-f9d2-45b5-aeae-2a5a4e0b395a/datanode-3/data/ratis to VolumeSet
2022-01-24 18:04:59,195 [Listener at 127.0.0.1/42611] INFO  volume.ThrottledAsyncChecker (ThrottledAsyncChecker.java:schedule(141)) - Scheduling a check for /home/runner/work/ozone/ozone/hadoop-ozone/integration-test/target/test-dir/MiniOzoneClusterImpl-aa639c69-f9d2-45b5-aeae-2a5a4e0b395a/datanode-3/data/ratis
2022-01-24 18:04:59,196 [Listener at 127.0.0.1/42611] INFO  volume.StorageVolumeChecker (StorageVolumeChecker.java:checkAllVolumes(202)) - Scheduled health check for volume /home/runner/work/ozone/ozone/hadoop-ozone/integration-test/target/test-dir/MiniOzoneClusterImpl-aa639c69-f9d2-45b5-aeae-2a5a4e0b395a/datanode-3/data/ratis
2022-01-24 18:04:59,226 [Thread-664] INFO  ozoneimpl.ContainerReader (ContainerReader.java:readVolume(172)) - Finish verifying containers on volume /home/runner/work/ozone/ozone/hadoop-ozone/integration-test/target/test-dir/MiniOzoneClusterImpl-aa639c69-f9d2-45b5-aeae-2a5a4e0b395a/datanode-3/data-0/containers/hdds
2022-01-24 18:04:59,226 [Listener at 127.0.0.1/42611] INFO  ozoneimpl.OzoneContainer (OzoneContainer.java:buildContainerSet(237)) - Build ContainerSet costs 0s
2022-01-24 18:04:59,228 [Listener at 127.0.0.1/42611] INFO  server.RaftServer (ConfUtils.java:logGet(44)) - raft.rpc.type = GRPC (default)
2022-01-24 18:04:59,228 [Listener at 127.0.0.1/42611] INFO  grpc.GrpcFactory (GrpcFactory.java:checkPooledByteBufAllocatorUseCacheForAllThreads(48)) - PERFORMANCE WARNING: useCacheForAllThreads is true that may cause Netty to create a lot garbage objects and, as a result, trigger GC.
	It is recommended to disable useCacheForAllThreads by setting -Dorg.apache.ratis.thirdparty.io.netty.allocator.useCacheForAllThreads=false in command line.
2022-01-24 18:04:59,229 [Listener at 127.0.0.1/42611] INFO  grpc.GrpcConfigKeys (ConfUtils.java:logGet(44)) - raft.grpc.admin.port = 0 (custom)
2022-01-24 18:04:59,229 [Listener at 127.0.0.1/42611] INFO  grpc.GrpcConfigKeys (ConfUtils.java:logGet(44)) - raft.grpc.client.port = 0 (custom)
2022-01-24 18:04:59,229 [Listener at 127.0.0.1/42611] INFO  grpc.GrpcConfigKeys (ConfUtils.java:logGet(44)) - raft.grpc.server.port = 0 (default)
2022-01-24 18:04:59,229 [Listener at 127.0.0.1/42611] INFO  server.GrpcService (ConfUtils.java:logGet(44)) - raft.grpc.message.size.max = 32MB (=33554432) (custom)
2022-01-24 18:04:59,229 [Listener at 127.0.0.1/42611] INFO  server.RaftServerConfigKeys (ConfUtils.java:logGet(44)) - raft.server.log.appender.buffer.byte-limit = 33554432 (custom)
2022-01-24 18:04:59,229 [Listener at 127.0.0.1/42611] INFO  server.GrpcService (ConfUtils.java:logGet(44)) - raft.grpc.flow.control.window = 5MB (=5242880) (custom)
2022-01-24 18:04:59,229 [Listener at 127.0.0.1/42611] INFO  server.RaftServerConfigKeys (ConfUtils.java:logGet(44)) - raft.server.rpc.request.timeout = 3000ms (default)
2022-01-24 18:04:59,230 [Listener at 127.0.0.1/42611] INFO  impl.DataStreamServerImpl (ConfUtils.java:logGet(44)) - raft.datastream.type = DISABLED (default)
2022-01-24 18:04:59,230 [Listener at 127.0.0.1/42611] INFO  server.RaftServerConfigKeys (ConfUtils.java:logGet(44)) - raft.server.rpc.slowness.timeout = 300000ms (custom)
2022-01-24 18:04:59,231 [Listener at 127.0.0.1/42611] INFO  server.RaftServerConfigKeys (ConfUtils.java:logGet(44)) - raft.server.leaderelection.leader.step-down.wait-time = 10s (default)
2022-01-24 18:04:59,231 [Listener at 127.0.0.1/42611] INFO  server.RaftServerConfigKeys (ConfUtils.java:logGet(44)) - raft.server.storage.dir = [/home/runner/work/ozone/ozone/hadoop-ozone/integration-test/target/test-dir/MiniOzoneClusterImpl-aa639c69-f9d2-45b5-aeae-2a5a4e0b395a/datanode-3/data/ratis] (custom)
2022-01-24 18:04:59,232 [Listener at 127.0.0.1/42611] INFO  server.XceiverServerGrpc (XceiverServerGrpc.java:<init>(132)) - GrpcServer channel type EpollServerSocketChannel
2022-01-24 18:04:59,234 [Listener at 127.0.0.1/42611] INFO  http.BaseHttpServer (BaseHttpServer.java:newHttpServer2BuilderForOzone(209)) - Starting Web-server for hddsDatanode at: http://0.0.0.0:0
2022-01-24 18:04:59,234 [Listener at 127.0.0.1/42611] INFO  http.BaseHttpServer (BaseHttpServer.java:<init>(107)) - Hadoop Security Enabled: false Ozone Security Enabled: false Ozone HTTP Security Enabled: false 
2022-01-24 18:04:59,235 [Listener at 127.0.0.1/42611] INFO  server.AuthenticationFilter (AuthenticationFilter.java:constructSecretProvider(240)) - Unable to initialize FileSignerSecretProvider, falling back to use random secrets.
2022-01-24 18:04:59,236 [Listener at 127.0.0.1/42611] WARN  http.HttpRequestLog (HttpRequestLog.java:getRequestLog(103)) - Jetty request log can only be enabled using Log4j
2022-01-24 18:04:59,236 [Listener at 127.0.0.1/42611] INFO  http.HttpServer2 (HttpServer2.java:addGlobalFilter(1030)) - Added global filter 'safety' (class=org.apache.hadoop.hdds.server.http.HttpServer2$QuotingInputFilter)
2022-01-24 18:04:59,237 [Listener at 127.0.0.1/42611] INFO  http.HttpServer2 (HttpServer2.java:addFilter(1006)) - Added filter static_user_filter (class=org.apache.hadoop.http.lib.StaticUserWebFilter$StaticUserFilter) to context hddsDatanode
2022-01-24 18:04:59,237 [Listener at 127.0.0.1/42611] INFO  http.HttpServer2 (HttpServer2.java:addFilter(1014)) - Added filter static_user_filter (class=org.apache.hadoop.http.lib.StaticUserWebFilter$StaticUserFilter) to context logs
2022-01-24 18:04:59,237 [Listener at 127.0.0.1/42611] INFO  http.HttpServer2 (HttpServer2.java:addFilter(1014)) - Added filter static_user_filter (class=org.apache.hadoop.http.lib.StaticUserWebFilter$StaticUserFilter) to context static
2022-01-24 18:04:59,237 [Listener at 127.0.0.1/42611] INFO  http.HttpServer2 (HttpServer2.java:bindListener(1249)) - Jetty bound to port 42617
2022-01-24 18:04:59,237 [Listener at 127.0.0.1/42611] INFO  server.Server (Server.java:doStart(375)) - jetty-9.4.43.v20210629; built: 2021-06-30T11:07:22.254Z; git: 526006ecfa3af7f1a27ef3a288e2bef7ea9dd7e8; jvm 1.8.0_312-b07
2022-01-24 18:04:59,256 [Listener at 127.0.0.1/42611] INFO  server.session (DefaultSessionIdManager.java:doStart(334)) - DefaultSessionIdManager workerName=node0
2022-01-24 18:04:59,256 [Listener at 127.0.0.1/42611] INFO  server.session (DefaultSessionIdManager.java:doStart(339)) - No SessionScavenger set, using defaults
2022-01-24 18:04:59,256 [Listener at 127.0.0.1/42611] INFO  server.session (HouseKeeper.java:startScavenging(132)) - node0 Scavenging every 660000ms
2022-01-24 18:04:59,257 [Listener at 127.0.0.1/42611] INFO  handler.ContextHandler (ContextHandler.java:doStart(915)) - Started o.e.j.s.ServletContextHandler@11982457{logs,/logs,file:///home/runner/work/ozone/ozone/hadoop-ozone/integration-test/target/log,AVAILABLE}
2022-01-24 18:04:59,257 [Listener at 127.0.0.1/42611] INFO  handler.ContextHandler (ContextHandler.java:doStart(915)) - Started o.e.j.s.ServletContextHandler@42f2c86d{static,/static,jar:file:/home/runner/.m2/repository/org/apache/ozone/hdds-container-service/1.3.0-SNAPSHOT/hdds-container-service-1.3.0-SNAPSHOT.jar!/webapps/static,AVAILABLE}
2022-01-24 18:04:59,408 [Listener at 127.0.0.1/42611] INFO  handler.ContextHandler (ContextHandler.java:doStart(915)) - Started o.e.j.w.WebAppContext@2f049534{hddsDatanode,/,file:///tmp/jetty-0_0_0_0-42617-hdds-container-service-1_3_0-SNAPSHOT_jar-_-any-3110953207643087421/webapp/,AVAILABLE}{jar:file:/home/runner/.m2/repository/org/apache/ozone/hdds-container-service/1.3.0-SNAPSHOT/hdds-container-service-1.3.0-SNAPSHOT.jar!/webapps/hddsDatanode}
2022-01-24 18:04:59,433 [Listener at 127.0.0.1/42611] INFO  server.AbstractConnector (AbstractConnector.java:doStart(331)) - Started ServerConnector@6afe6edc{HTTP/1.1, (http/1.1)}{0.0.0.0:42617}
2022-01-24 18:04:59,434 [Listener at 127.0.0.1/42611] INFO  server.Server (Server.java:doStart(415)) - Started @89071ms
2022-01-24 18:04:59,434 [Listener at 127.0.0.1/42611] WARN  impl.MetricsSystemImpl (MetricsSystemImpl.java:register(279)) - Sink prometheus already exists!
2022-01-24 18:04:59,435 [Listener at 127.0.0.1/42611] INFO  http.BaseHttpServer (BaseHttpServer.java:updateConnectorAddress(329)) - HTTP server of hddsDatanode listening at http://0.0.0.0:42617
2022-01-24 18:04:59,445 [Listener at 127.0.0.1/42611] WARN  impl.MetricRegistriesImpl (MetricRegistriesImpl.java:addReporterRegistration(111)) - New reporters are added after registries were created. Some metrics will be missing from the reporter. Please add reporter before adding any new registry.
2022-01-24 18:04:59,445 [Listener at 127.0.0.1/42611] WARN  impl.MetricRegistriesImpl (MetricRegistriesImpl.java:addReporterRegistration(111)) - New reporters are added after registries were created. Some metrics will be missing from the reporter. Please add reporter before adding any new registry.
2022-01-24 18:04:59,446 [Listener at 127.0.0.1/42611] INFO  impl.MetricsSystemImpl (MetricsSystemImpl.java:init(158)) - HddsDatanode metrics system started (again)
2022-01-24 18:04:59,461 [Datanode State Machine Daemon Thread] INFO  statemachine.DatanodeStateMachine (DatanodeStateMachine.java:lambda$startDaemon$0(470)) - Ozone container server started.
2022-01-24 18:04:59,485 [Listener at 127.0.0.1/42611] INFO  ozone.HddsDatanodeService (HddsDatanodeService.java:start(234)) - HddsDatanodeService host:fv-az184-104.3ow45vhwbzuu5incsxmygykede.cx.internal.cloudapp.net ip:10.1.0.60
2022-01-24 18:04:59,549 [Listener at 127.0.0.1/42611] INFO  upgrade.AbstractLayoutVersionManager (AbstractLayoutVersionManager.java:init(79)) - Initializing Layout version manager with metadata layout = SCM_HA (version = 2), software layout = SCM_HA (version = 2)
2022-01-24 18:04:59,601 [org.apache.hadoop.util.JvmPauseMonitor$Monitor@1d237092] INFO  util.JvmPauseMonitor (JvmPauseMonitor.java:run(188)) - Starting JVM pause monitor
2022-01-24 18:04:59,619 [Datanode State Machine Task Thread - 0] INFO  datanode.InitDatanodeState (InitDatanodeState.java:persistContainerDatanodeDetails(145)) - DatanodeDetails is persisted to /home/runner/work/ozone/ozone/hadoop-ozone/integration-test/target/test-dir/MiniOzoneClusterImpl-aa639c69-f9d2-45b5-aeae-2a5a4e0b395a/datanode-3/meta/datanode.id
2022-01-24 18:04:59,694 [Listener at 127.0.0.1/42611] INFO  reflections.Reflections (Reflections.java:scan(232)) - Reflections took 141 ms to scan 7 urls, producing 119 keys and 279 values 
2022-01-24 18:04:59,696 [Listener at 127.0.0.1/42611] INFO  statemachine.DatanodeStateMachine (DatanodeStateMachine.java:getEndPointTaskThreadPoolSize(222)) - Datanode State Machine Task Thread Pool size 2
2022-01-24 18:04:59,697 [Listener at 127.0.0.1/42611] INFO  volume.HddsVolume (HddsVolume.java:<init>(120)) - Creating HddsVolume: /home/runner/work/ozone/ozone/hadoop-ozone/integration-test/target/test-dir/MiniOzoneClusterImpl-aa639c69-f9d2-45b5-aeae-2a5a4e0b395a/datanode-4/data-0/containers/hdds of storage type : DISK capacity : 9223372036854775807
2022-01-24 18:04:59,697 [Listener at 127.0.0.1/42611] INFO  volume.MutableVolumeSet (MutableVolumeSet.java:initializeVolumeSet(168)) - Added Volume : /home/runner/work/ozone/ozone/hadoop-ozone/integration-test/target/test-dir/MiniOzoneClusterImpl-aa639c69-f9d2-45b5-aeae-2a5a4e0b395a/datanode-4/data-0/containers/hdds to VolumeSet
2022-01-24 18:04:59,697 [Listener at 127.0.0.1/42611] INFO  volume.ThrottledAsyncChecker (ThrottledAsyncChecker.java:schedule(141)) - Scheduling a check for /home/runner/work/ozone/ozone/hadoop-ozone/integration-test/target/test-dir/MiniOzoneClusterImpl-aa639c69-f9d2-45b5-aeae-2a5a4e0b395a/datanode-4/data-0/containers/hdds
2022-01-24 18:04:59,698 [Listener at 127.0.0.1/42611] INFO  volume.StorageVolumeChecker (StorageVolumeChecker.java:checkAllVolumes(202)) - Scheduled health check for volume /home/runner/work/ozone/ozone/hadoop-ozone/integration-test/target/test-dir/MiniOzoneClusterImpl-aa639c69-f9d2-45b5-aeae-2a5a4e0b395a/datanode-4/data-0/containers/hdds
2022-01-24 18:04:59,724 [Listener at 127.0.0.1/42611] INFO  volume.MutableVolumeSet (MutableVolumeSet.java:initializeVolumeSet(168)) - Added Volume : /home/runner/work/ozone/ozone/hadoop-ozone/integration-test/target/test-dir/MiniOzoneClusterImpl-aa639c69-f9d2-45b5-aeae-2a5a4e0b395a/datanode-4/data/ratis to VolumeSet
2022-01-24 18:04:59,725 [Listener at 127.0.0.1/42611] INFO  volume.ThrottledAsyncChecker (ThrottledAsyncChecker.java:schedule(141)) - Scheduling a check for /home/runner/work/ozone/ozone/hadoop-ozone/integration-test/target/test-dir/MiniOzoneClusterImpl-aa639c69-f9d2-45b5-aeae-2a5a4e0b395a/datanode-4/data/ratis
2022-01-24 18:04:59,741 [Listener at 127.0.0.1/42611] INFO  volume.StorageVolumeChecker (StorageVolumeChecker.java:checkAllVolumes(202)) - Scheduled health check for volume /home/runner/work/ozone/ozone/hadoop-ozone/integration-test/target/test-dir/MiniOzoneClusterImpl-aa639c69-f9d2-45b5-aeae-2a5a4e0b395a/datanode-4/data/ratis
2022-01-24 18:04:59,795 [Thread-676] INFO  ozoneimpl.ContainerReader (ContainerReader.java:readVolume(172)) - Finish verifying containers on volume /home/runner/work/ozone/ozone/hadoop-ozone/integration-test/target/test-dir/MiniOzoneClusterImpl-aa639c69-f9d2-45b5-aeae-2a5a4e0b395a/datanode-4/data-0/containers/hdds
2022-01-24 18:04:59,795 [Listener at 127.0.0.1/42611] INFO  ozoneimpl.OzoneContainer (OzoneContainer.java:buildContainerSet(237)) - Build ContainerSet costs 0s
2022-01-24 18:04:59,801 [Listener at 127.0.0.1/42611] INFO  server.RaftServer (ConfUtils.java:logGet(44)) - raft.rpc.type = GRPC (default)
2022-01-24 18:04:59,803 [Listener at 127.0.0.1/42611] INFO  grpc.GrpcFactory (GrpcFactory.java:checkPooledByteBufAllocatorUseCacheForAllThreads(48)) - PERFORMANCE WARNING: useCacheForAllThreads is true that may cause Netty to create a lot garbage objects and, as a result, trigger GC.
	It is recommended to disable useCacheForAllThreads by setting -Dorg.apache.ratis.thirdparty.io.netty.allocator.useCacheForAllThreads=false in command line.
2022-01-24 18:04:59,803 [Listener at 127.0.0.1/42611] INFO  grpc.GrpcConfigKeys (ConfUtils.java:logGet(44)) - raft.grpc.admin.port = 0 (custom)
2022-01-24 18:04:59,803 [Listener at 127.0.0.1/42611] INFO  grpc.GrpcConfigKeys (ConfUtils.java:logGet(44)) - raft.grpc.client.port = 0 (custom)
2022-01-24 18:04:59,803 [Listener at 127.0.0.1/42611] INFO  grpc.GrpcConfigKeys (ConfUtils.java:logGet(44)) - raft.grpc.server.port = 0 (default)
2022-01-24 18:04:59,803 [Listener at 127.0.0.1/42611] INFO  server.GrpcService (ConfUtils.java:logGet(44)) - raft.grpc.message.size.max = 32MB (=33554432) (custom)
2022-01-24 18:04:59,803 [Listener at 127.0.0.1/42611] INFO  server.RaftServerConfigKeys (ConfUtils.java:logGet(44)) - raft.server.log.appender.buffer.byte-limit = 33554432 (custom)
2022-01-24 18:04:59,803 [Listener at 127.0.0.1/42611] INFO  server.GrpcService (ConfUtils.java:logGet(44)) - raft.grpc.flow.control.window = 5MB (=5242880) (custom)
2022-01-24 18:04:59,803 [Listener at 127.0.0.1/42611] INFO  server.RaftServerConfigKeys (ConfUtils.java:logGet(44)) - raft.server.rpc.request.timeout = 3000ms (default)
2022-01-24 18:04:59,805 [Listener at 127.0.0.1/42611] INFO  impl.DataStreamServerImpl (ConfUtils.java:logGet(44)) - raft.datastream.type = DISABLED (default)
2022-01-24 18:04:59,812 [Listener at 127.0.0.1/42611] INFO  server.RaftServerConfigKeys (ConfUtils.java:logGet(44)) - raft.server.rpc.slowness.timeout = 300000ms (custom)
2022-01-24 18:04:59,812 [Listener at 127.0.0.1/42611] INFO  server.RaftServerConfigKeys (ConfUtils.java:logGet(44)) - raft.server.leaderelection.leader.step-down.wait-time = 10s (default)
2022-01-24 18:04:59,812 [Listener at 127.0.0.1/42611] INFO  server.RaftServerConfigKeys (ConfUtils.java:logGet(44)) - raft.server.storage.dir = [/home/runner/work/ozone/ozone/hadoop-ozone/integration-test/target/test-dir/MiniOzoneClusterImpl-aa639c69-f9d2-45b5-aeae-2a5a4e0b395a/datanode-4/data/ratis] (custom)
2022-01-24 18:04:59,821 [Listener at 127.0.0.1/42611] INFO  server.XceiverServerGrpc (XceiverServerGrpc.java:<init>(132)) - GrpcServer channel type EpollServerSocketChannel
2022-01-24 18:04:59,842 [Listener at 127.0.0.1/42611] INFO  http.BaseHttpServer (BaseHttpServer.java:newHttpServer2BuilderForOzone(209)) - Starting Web-server for hddsDatanode at: http://0.0.0.0:0
2022-01-24 18:04:59,842 [Listener at 127.0.0.1/42611] INFO  http.BaseHttpServer (BaseHttpServer.java:<init>(107)) - Hadoop Security Enabled: false Ozone Security Enabled: false Ozone HTTP Security Enabled: false 
2022-01-24 18:04:59,843 [Listener at 127.0.0.1/42611] INFO  server.AuthenticationFilter (AuthenticationFilter.java:constructSecretProvider(240)) - Unable to initialize FileSignerSecretProvider, falling back to use random secrets.
2022-01-24 18:04:59,844 [Listener at 127.0.0.1/42611] WARN  http.HttpRequestLog (HttpRequestLog.java:getRequestLog(103)) - Jetty request log can only be enabled using Log4j
2022-01-24 18:04:59,845 [Listener at 127.0.0.1/42611] INFO  http.HttpServer2 (HttpServer2.java:addGlobalFilter(1030)) - Added global filter 'safety' (class=org.apache.hadoop.hdds.server.http.HttpServer2$QuotingInputFilter)
2022-01-24 18:04:59,845 [Listener at 127.0.0.1/42611] INFO  http.HttpServer2 (HttpServer2.java:addFilter(1006)) - Added filter static_user_filter (class=org.apache.hadoop.http.lib.StaticUserWebFilter$StaticUserFilter) to context hddsDatanode
2022-01-24 18:04:59,845 [Listener at 127.0.0.1/42611] INFO  http.HttpServer2 (HttpServer2.java:addFilter(1014)) - Added filter static_user_filter (class=org.apache.hadoop.http.lib.StaticUserWebFilter$StaticUserFilter) to context logs
2022-01-24 18:04:59,846 [Listener at 127.0.0.1/42611] INFO  http.HttpServer2 (HttpServer2.java:addFilter(1014)) - Added filter static_user_filter (class=org.apache.hadoop.http.lib.StaticUserWebFilter$StaticUserFilter) to context static
2022-01-24 18:04:59,846 [Listener at 127.0.0.1/42611] INFO  http.HttpServer2 (HttpServer2.java:bindListener(1249)) - Jetty bound to port 40001
2022-01-24 18:04:59,846 [Listener at 127.0.0.1/42611] INFO  server.Server (Server.java:doStart(375)) - jetty-9.4.43.v20210629; built: 2021-06-30T11:07:22.254Z; git: 526006ecfa3af7f1a27ef3a288e2bef7ea9dd7e8; jvm 1.8.0_312-b07
2022-01-24 18:04:59,920 [Listener at 127.0.0.1/42611] INFO  server.session (DefaultSessionIdManager.java:doStart(334)) - DefaultSessionIdManager workerName=node0
2022-01-24 18:04:59,921 [Listener at 127.0.0.1/42611] INFO  server.session (DefaultSessionIdManager.java:doStart(339)) - No SessionScavenger set, using defaults
2022-01-24 18:04:59,921 [Listener at 127.0.0.1/42611] INFO  server.session (HouseKeeper.java:startScavenging(132)) - node0 Scavenging every 600000ms
2022-01-24 18:04:59,923 [Listener at 127.0.0.1/42611] INFO  handler.ContextHandler (ContextHandler.java:doStart(915)) - Started o.e.j.s.ServletContextHandler@3a3de78c{logs,/logs,file:///home/runner/work/ozone/ozone/hadoop-ozone/integration-test/target/log,AVAILABLE}
2022-01-24 18:04:59,924 [Listener at 127.0.0.1/42611] INFO  handler.ContextHandler (ContextHandler.java:doStart(915)) - Started o.e.j.s.ServletContextHandler@6711fb27{static,/static,jar:file:/home/runner/.m2/repository/org/apache/ozone/hdds-container-service/1.3.0-SNAPSHOT/hdds-container-service-1.3.0-SNAPSHOT.jar!/webapps/static,AVAILABLE}
2022-01-24 18:04:59,991 [EndpointStateMachine task thread for /0.0.0.0:46173 - 0 ] INFO  ozoneimpl.OzoneContainer (OzoneContainer.java:start(315)) - Attempting to start container services.
2022-01-24 18:04:59,991 [EndpointStateMachine task thread for /0.0.0.0:46173 - 0 ] INFO  ozoneimpl.OzoneContainer (OzoneContainer.java:startContainerScrub(250)) - Background container scanner has been disabled.
2022-01-24 18:04:59,992 [EndpointStateMachine task thread for /0.0.0.0:46173 - 0 ] INFO  replication.ReplicationServer (ReplicationServer.java:start(111)) - ReplicationServer is started using port 44797
2022-01-24 18:04:59,993 [EndpointStateMachine task thread for /0.0.0.0:46173 - 0 ] INFO  ratis.XceiverServerRatis (XceiverServerRatis.java:start(484)) - Starting XceiverServerRatis 40200fd9-271f-46a5-82e6-85afe20bb727
2022-01-24 18:04:59,994 [EndpointStateMachine task thread for /0.0.0.0:46173 - 0 ] INFO  server.RaftServer (RaftServerProxy.java:lambda$start$5(374)) - 40200fd9-271f-46a5-82e6-85afe20bb727: start RPC server
2022-01-24 18:05:00,006 [EndpointStateMachine task thread for /0.0.0.0:46173 - 0 ] INFO  server.GrpcService (GrpcService.java:startImpl(253)) - 40200fd9-271f-46a5-82e6-85afe20bb727: GrpcService started, listening on 33665
2022-01-24 18:05:00,015 [EndpointStateMachine task thread for /0.0.0.0:46173 - 0 ] INFO  ratis.XceiverServerRatis (XceiverServerRatis.java:getRealPort(505)) - XceiverServerRatis 40200fd9-271f-46a5-82e6-85afe20bb727 is started using port 33665 for RATIS
2022-01-24 18:05:00,016 [EndpointStateMachine task thread for /0.0.0.0:46173 - 0 ] INFO  ratis.XceiverServerRatis (XceiverServerRatis.java:getRealPort(505)) - XceiverServerRatis 40200fd9-271f-46a5-82e6-85afe20bb727 is started using port 33665 for RATIS_ADMIN
2022-01-24 18:05:00,016 [EndpointStateMachine task thread for /0.0.0.0:46173 - 0 ] INFO  ratis.XceiverServerRatis (XceiverServerRatis.java:getRealPort(505)) - XceiverServerRatis 40200fd9-271f-46a5-82e6-85afe20bb727 is started using port 33665 for RATIS_SERVER
2022-01-24 18:05:00,016 [org.apache.ratis.util.JvmPauseMonitor$$Lambda$431/1963060215@bdec2f0] INFO  util.JvmPauseMonitor (JvmPauseMonitor.java:run(103)) - JvmPauseMonitor-40200fd9-271f-46a5-82e6-85afe20bb727: Started
2022-01-24 18:05:00,057 [EndpointStateMachine task thread for /0.0.0.0:46173 - 0 ] INFO  server.XceiverServerGrpc (XceiverServerGrpc.java:start(180)) - XceiverServerGrpc 40200fd9-271f-46a5-82e6-85afe20bb727 is started using port 44373
2022-01-24 18:05:00,132 [Listener at 127.0.0.1/42611] INFO  handler.ContextHandler (ContextHandler.java:doStart(915)) - Started o.e.j.w.WebAppContext@68044013{hddsDatanode,/,file:///tmp/jetty-0_0_0_0-40001-hdds-container-service-1_3_0-SNAPSHOT_jar-_-any-2392687139481345912/webapp/,AVAILABLE}{jar:file:/home/runner/.m2/repository/org/apache/ozone/hdds-container-service/1.3.0-SNAPSHOT/hdds-container-service-1.3.0-SNAPSHOT.jar!/webapps/hddsDatanode}
2022-01-24 18:05:00,145 [Listener at 127.0.0.1/42611] INFO  server.AbstractConnector (AbstractConnector.java:doStart(331)) - Started ServerConnector@45ba6b2e{HTTP/1.1, (http/1.1)}{0.0.0.0:40001}
2022-01-24 18:05:00,145 [Listener at 127.0.0.1/42611] INFO  server.Server (Server.java:doStart(415)) - Started @89782ms
2022-01-24 18:05:00,145 [Listener at 127.0.0.1/42611] WARN  impl.MetricsSystemImpl (MetricsSystemImpl.java:register(279)) - Sink prometheus already exists!
2022-01-24 18:05:00,146 [Listener at 127.0.0.1/42611] INFO  http.BaseHttpServer (BaseHttpServer.java:updateConnectorAddress(329)) - HTTP server of hddsDatanode listening at http://0.0.0.0:40001
2022-01-24 18:05:00,153 [Datanode State Machine Daemon Thread] INFO  statemachine.DatanodeStateMachine (DatanodeStateMachine.java:lambda$startDaemon$0(470)) - Ozone container server started.
2022-01-24 18:05:00,154 [Listener at 127.0.0.1/42611] WARN  impl.MetricRegistriesImpl (MetricRegistriesImpl.java:addReporterRegistration(111)) - New reporters are added after registries were created. Some metrics will be missing from the reporter. Please add reporter before adding any new registry.
2022-01-24 18:05:00,154 [Listener at 127.0.0.1/42611] WARN  impl.MetricRegistriesImpl (MetricRegistriesImpl.java:addReporterRegistration(111)) - New reporters are added after registries were created. Some metrics will be missing from the reporter. Please add reporter before adding any new registry.
2022-01-24 18:05:00,154 [Listener at 127.0.0.1/42611] INFO  impl.MetricsSystemImpl (MetricsSystemImpl.java:init(158)) - HddsDatanode metrics system started (again)
2022-01-24 18:05:00,254 [org.apache.hadoop.util.JvmPauseMonitor$Monitor@24876ee4] INFO  util.JvmPauseMonitor (JvmPauseMonitor.java:run(188)) - Starting JVM pause monitor
2022-01-24 18:05:00,261 [Listener at 127.0.0.1/42611] INFO  ozone.HddsDatanodeService (HddsDatanodeService.java:start(234)) - HddsDatanodeService host:fv-az184-104.3ow45vhwbzuu5incsxmygykede.cx.internal.cloudapp.net ip:10.1.0.60
2022-01-24 18:05:00,279 [Datanode State Machine Task Thread - 0] INFO  datanode.InitDatanodeState (InitDatanodeState.java:persistContainerDatanodeDetails(145)) - DatanodeDetails is persisted to /home/runner/work/ozone/ozone/hadoop-ozone/integration-test/target/test-dir/MiniOzoneClusterImpl-aa639c69-f9d2-45b5-aeae-2a5a4e0b395a/datanode-4/meta/datanode.id
2022-01-24 18:05:00,333 [Listener at 127.0.0.1/42611] INFO  upgrade.AbstractLayoutVersionManager (AbstractLayoutVersionManager.java:init(79)) - Initializing Layout version manager with metadata layout = SCM_HA (version = 2), software layout = SCM_HA (version = 2)
2022-01-24 18:05:00,378 [EndpointStateMachine task thread for /0.0.0.0:46173 - 0 ] INFO  ozoneimpl.OzoneContainer (OzoneContainer.java:start(315)) - Attempting to start container services.
2022-01-24 18:05:00,378 [EndpointStateMachine task thread for /0.0.0.0:46173 - 0 ] INFO  ozoneimpl.OzoneContainer (OzoneContainer.java:startContainerScrub(250)) - Background container scanner has been disabled.
2022-01-24 18:05:00,381 [EndpointStateMachine task thread for /0.0.0.0:46173 - 0 ] INFO  replication.ReplicationServer (ReplicationServer.java:start(111)) - ReplicationServer is started using port 46491
2022-01-24 18:05:00,397 [EndpointStateMachine task thread for /0.0.0.0:46173 - 0 ] INFO  ratis.XceiverServerRatis (XceiverServerRatis.java:start(484)) - Starting XceiverServerRatis 08efc83e-84e2-40a1-a562-910b2e2f8a64
2022-01-24 18:05:00,400 [EndpointStateMachine task thread for /0.0.0.0:46173 - 0 ] INFO  server.RaftServer (RaftServerProxy.java:lambda$start$5(374)) - 08efc83e-84e2-40a1-a562-910b2e2f8a64: start RPC server
2022-01-24 18:05:00,400 [EndpointStateMachine task thread for /0.0.0.0:46173 - 0 ] INFO  server.GrpcService (GrpcService.java:startImpl(253)) - 08efc83e-84e2-40a1-a562-910b2e2f8a64: GrpcService started, listening on 33205
2022-01-24 18:05:00,400 [EndpointStateMachine task thread for /0.0.0.0:46173 - 0 ] INFO  ratis.XceiverServerRatis (XceiverServerRatis.java:getRealPort(505)) - XceiverServerRatis 08efc83e-84e2-40a1-a562-910b2e2f8a64 is started using port 33205 for RATIS
2022-01-24 18:05:00,400 [EndpointStateMachine task thread for /0.0.0.0:46173 - 0 ] INFO  ratis.XceiverServerRatis (XceiverServerRatis.java:getRealPort(505)) - XceiverServerRatis 08efc83e-84e2-40a1-a562-910b2e2f8a64 is started using port 33205 for RATIS_ADMIN
2022-01-24 18:05:00,400 [EndpointStateMachine task thread for /0.0.0.0:46173 - 0 ] INFO  ratis.XceiverServerRatis (XceiverServerRatis.java:getRealPort(505)) - XceiverServerRatis 08efc83e-84e2-40a1-a562-910b2e2f8a64 is started using port 33205 for RATIS_SERVER
2022-01-24 18:05:00,408 [org.apache.ratis.util.JvmPauseMonitor$$Lambda$431/1963060215@597182b9] INFO  util.JvmPauseMonitor (JvmPauseMonitor.java:run(103)) - JvmPauseMonitor-08efc83e-84e2-40a1-a562-910b2e2f8a64: Started
2022-01-24 18:05:00,409 [EndpointStateMachine task thread for /0.0.0.0:46173 - 0 ] INFO  server.XceiverServerGrpc (XceiverServerGrpc.java:start(180)) - XceiverServerGrpc 08efc83e-84e2-40a1-a562-910b2e2f8a64 is started using port 38465
2022-01-24 18:05:00,447 [Listener at 127.0.0.1/42611] INFO  reflections.Reflections (Reflections.java:scan(232)) - Reflections took 113 ms to scan 7 urls, producing 119 keys and 279 values 
2022-01-24 18:05:00,449 [Listener at 127.0.0.1/42611] INFO  statemachine.DatanodeStateMachine (DatanodeStateMachine.java:getEndPointTaskThreadPoolSize(222)) - Datanode State Machine Task Thread Pool size 2
2022-01-24 18:05:00,454 [Listener at 127.0.0.1/42611] INFO  volume.HddsVolume (HddsVolume.java:<init>(120)) - Creating HddsVolume: /home/runner/work/ozone/ozone/hadoop-ozone/integration-test/target/test-dir/MiniOzoneClusterImpl-aa639c69-f9d2-45b5-aeae-2a5a4e0b395a/datanode-5/data-0/containers/hdds of storage type : DISK capacity : 9223372036854775807
2022-01-24 18:05:00,454 [Listener at 127.0.0.1/42611] INFO  volume.MutableVolumeSet (MutableVolumeSet.java:initializeVolumeSet(168)) - Added Volume : /home/runner/work/ozone/ozone/hadoop-ozone/integration-test/target/test-dir/MiniOzoneClusterImpl-aa639c69-f9d2-45b5-aeae-2a5a4e0b395a/datanode-5/data-0/containers/hdds to VolumeSet
2022-01-24 18:05:00,454 [Listener at 127.0.0.1/42611] INFO  volume.ThrottledAsyncChecker (ThrottledAsyncChecker.java:schedule(141)) - Scheduling a check for /home/runner/work/ozone/ozone/hadoop-ozone/integration-test/target/test-dir/MiniOzoneClusterImpl-aa639c69-f9d2-45b5-aeae-2a5a4e0b395a/datanode-5/data-0/containers/hdds
2022-01-24 18:05:00,468 [Listener at 127.0.0.1/42611] INFO  volume.StorageVolumeChecker (StorageVolumeChecker.java:checkAllVolumes(202)) - Scheduled health check for volume /home/runner/work/ozone/ozone/hadoop-ozone/integration-test/target/test-dir/MiniOzoneClusterImpl-aa639c69-f9d2-45b5-aeae-2a5a4e0b395a/datanode-5/data-0/containers/hdds
2022-01-24 18:05:00,497 [Listener at 127.0.0.1/42611] INFO  volume.MutableVolumeSet (MutableVolumeSet.java:initializeVolumeSet(168)) - Added Volume : /home/runner/work/ozone/ozone/hadoop-ozone/integration-test/target/test-dir/MiniOzoneClusterImpl-aa639c69-f9d2-45b5-aeae-2a5a4e0b395a/datanode-5/data/ratis to VolumeSet
2022-01-24 18:05:00,497 [Listener at 127.0.0.1/42611] INFO  volume.ThrottledAsyncChecker (ThrottledAsyncChecker.java:schedule(141)) - Scheduling a check for /home/runner/work/ozone/ozone/hadoop-ozone/integration-test/target/test-dir/MiniOzoneClusterImpl-aa639c69-f9d2-45b5-aeae-2a5a4e0b395a/datanode-5/data/ratis
2022-01-24 18:05:00,498 [Listener at 127.0.0.1/42611] INFO  volume.StorageVolumeChecker (StorageVolumeChecker.java:checkAllVolumes(202)) - Scheduled health check for volume /home/runner/work/ozone/ozone/hadoop-ozone/integration-test/target/test-dir/MiniOzoneClusterImpl-aa639c69-f9d2-45b5-aeae-2a5a4e0b395a/datanode-5/data/ratis
2022-01-24 18:05:00,538 [Thread-695] INFO  ozoneimpl.ContainerReader (ContainerReader.java:readVolume(172)) - Finish verifying containers on volume /home/runner/work/ozone/ozone/hadoop-ozone/integration-test/target/test-dir/MiniOzoneClusterImpl-aa639c69-f9d2-45b5-aeae-2a5a4e0b395a/datanode-5/data-0/containers/hdds
2022-01-24 18:05:00,538 [Listener at 127.0.0.1/42611] INFO  ozoneimpl.OzoneContainer (OzoneContainer.java:buildContainerSet(237)) - Build ContainerSet costs 0s
2022-01-24 18:05:00,540 [Listener at 127.0.0.1/42611] INFO  server.RaftServer (ConfUtils.java:logGet(44)) - raft.rpc.type = GRPC (default)
2022-01-24 18:05:00,540 [Listener at 127.0.0.1/42611] INFO  grpc.GrpcFactory (GrpcFactory.java:checkPooledByteBufAllocatorUseCacheForAllThreads(48)) - PERFORMANCE WARNING: useCacheForAllThreads is true that may cause Netty to create a lot garbage objects and, as a result, trigger GC.
	It is recommended to disable useCacheForAllThreads by setting -Dorg.apache.ratis.thirdparty.io.netty.allocator.useCacheForAllThreads=false in command line.
2022-01-24 18:05:00,540 [Listener at 127.0.0.1/42611] INFO  grpc.GrpcConfigKeys (ConfUtils.java:logGet(44)) - raft.grpc.admin.port = 0 (custom)
2022-01-24 18:05:00,540 [Listener at 127.0.0.1/42611] INFO  grpc.GrpcConfigKeys (ConfUtils.java:logGet(44)) - raft.grpc.client.port = 0 (custom)
2022-01-24 18:05:00,541 [Listener at 127.0.0.1/42611] INFO  grpc.GrpcConfigKeys (ConfUtils.java:logGet(44)) - raft.grpc.server.port = 0 (default)
2022-01-24 18:05:00,541 [Listener at 127.0.0.1/42611] INFO  server.GrpcService (ConfUtils.java:logGet(44)) - raft.grpc.message.size.max = 32MB (=33554432) (custom)
2022-01-24 18:05:00,541 [Listener at 127.0.0.1/42611] INFO  server.RaftServerConfigKeys (ConfUtils.java:logGet(44)) - raft.server.log.appender.buffer.byte-limit = 33554432 (custom)
2022-01-24 18:05:00,541 [Listener at 127.0.0.1/42611] INFO  server.GrpcService (ConfUtils.java:logGet(44)) - raft.grpc.flow.control.window = 5MB (=5242880) (custom)
2022-01-24 18:05:00,541 [Listener at 127.0.0.1/42611] INFO  server.RaftServerConfigKeys (ConfUtils.java:logGet(44)) - raft.server.rpc.request.timeout = 3000ms (default)
2022-01-24 18:05:00,542 [Listener at 127.0.0.1/42611] INFO  impl.DataStreamServerImpl (ConfUtils.java:logGet(44)) - raft.datastream.type = DISABLED (default)
2022-01-24 18:05:00,542 [Listener at 127.0.0.1/42611] INFO  server.RaftServerConfigKeys (ConfUtils.java:logGet(44)) - raft.server.rpc.slowness.timeout = 300000ms (custom)
2022-01-24 18:05:00,542 [Listener at 127.0.0.1/42611] INFO  server.RaftServerConfigKeys (ConfUtils.java:logGet(44)) - raft.server.leaderelection.leader.step-down.wait-time = 10s (default)
2022-01-24 18:05:00,543 [Listener at 127.0.0.1/42611] INFO  server.RaftServerConfigKeys (ConfUtils.java:logGet(44)) - raft.server.storage.dir = [/home/runner/work/ozone/ozone/hadoop-ozone/integration-test/target/test-dir/MiniOzoneClusterImpl-aa639c69-f9d2-45b5-aeae-2a5a4e0b395a/datanode-5/data/ratis] (custom)
2022-01-24 18:05:00,544 [Listener at 127.0.0.1/42611] INFO  server.XceiverServerGrpc (XceiverServerGrpc.java:<init>(132)) - GrpcServer channel type EpollServerSocketChannel
2022-01-24 18:05:00,546 [Listener at 127.0.0.1/42611] INFO  http.BaseHttpServer (BaseHttpServer.java:newHttpServer2BuilderForOzone(209)) - Starting Web-server for hddsDatanode at: http://0.0.0.0:0
2022-01-24 18:05:00,546 [Listener at 127.0.0.1/42611] INFO  http.BaseHttpServer (BaseHttpServer.java:<init>(107)) - Hadoop Security Enabled: false Ozone Security Enabled: false Ozone HTTP Security Enabled: false 
2022-01-24 18:05:00,555 [Listener at 127.0.0.1/42611] INFO  server.AuthenticationFilter (AuthenticationFilter.java:constructSecretProvider(240)) - Unable to initialize FileSignerSecretProvider, falling back to use random secrets.
2022-01-24 18:05:00,555 [Listener at 127.0.0.1/42611] WARN  http.HttpRequestLog (HttpRequestLog.java:getRequestLog(103)) - Jetty request log can only be enabled using Log4j
2022-01-24 18:05:00,556 [Listener at 127.0.0.1/42611] INFO  http.HttpServer2 (HttpServer2.java:addGlobalFilter(1030)) - Added global filter 'safety' (class=org.apache.hadoop.hdds.server.http.HttpServer2$QuotingInputFilter)
2022-01-24 18:05:00,556 [Listener at 127.0.0.1/42611] INFO  http.HttpServer2 (HttpServer2.java:addFilter(1006)) - Added filter static_user_filter (class=org.apache.hadoop.http.lib.StaticUserWebFilter$StaticUserFilter) to context hddsDatanode
2022-01-24 18:05:00,556 [Listener at 127.0.0.1/42611] INFO  http.HttpServer2 (HttpServer2.java:addFilter(1014)) - Added filter static_user_filter (class=org.apache.hadoop.http.lib.StaticUserWebFilter$StaticUserFilter) to context static
2022-01-24 18:05:00,556 [Listener at 127.0.0.1/42611] INFO  http.HttpServer2 (HttpServer2.java:addFilter(1014)) - Added filter static_user_filter (class=org.apache.hadoop.http.lib.StaticUserWebFilter$StaticUserFilter) to context logs
2022-01-24 18:05:00,557 [Listener at 127.0.0.1/42611] INFO  http.HttpServer2 (HttpServer2.java:bindListener(1249)) - Jetty bound to port 38897
2022-01-24 18:05:00,557 [Listener at 127.0.0.1/42611] INFO  server.Server (Server.java:doStart(375)) - jetty-9.4.43.v20210629; built: 2021-06-30T11:07:22.254Z; git: 526006ecfa3af7f1a27ef3a288e2bef7ea9dd7e8; jvm 1.8.0_312-b07
2022-01-24 18:05:00,569 [Listener at 127.0.0.1/42611] INFO  server.session (DefaultSessionIdManager.java:doStart(334)) - DefaultSessionIdManager workerName=node0
2022-01-24 18:05:00,569 [Listener at 127.0.0.1/42611] INFO  server.session (DefaultSessionIdManager.java:doStart(339)) - No SessionScavenger set, using defaults
2022-01-24 18:05:00,569 [Listener at 127.0.0.1/42611] INFO  server.session (HouseKeeper.java:startScavenging(132)) - node0 Scavenging every 600000ms
2022-01-24 18:05:00,570 [Listener at 127.0.0.1/42611] INFO  handler.ContextHandler (ContextHandler.java:doStart(915)) - Started o.e.j.s.ServletContextHandler@24b24f95{logs,/logs,file:///home/runner/work/ozone/ozone/hadoop-ozone/integration-test/target/log,AVAILABLE}
2022-01-24 18:05:00,570 [Listener at 127.0.0.1/42611] INFO  handler.ContextHandler (ContextHandler.java:doStart(915)) - Started o.e.j.s.ServletContextHandler@5bec5e0f{static,/static,jar:file:/home/runner/.m2/repository/org/apache/ozone/hdds-container-service/1.3.0-SNAPSHOT/hdds-container-service-1.3.0-SNAPSHOT.jar!/webapps/static,AVAILABLE}
2022-01-24 18:05:00,674 [Listener at 127.0.0.1/42611] INFO  handler.ContextHandler (ContextHandler.java:doStart(915)) - Started o.e.j.w.WebAppContext@4faf87ae{hddsDatanode,/,file:///tmp/jetty-0_0_0_0-38897-hdds-container-service-1_3_0-SNAPSHOT_jar-_-any-3208790939973781112/webapp/,AVAILABLE}{jar:file:/home/runner/.m2/repository/org/apache/ozone/hdds-container-service/1.3.0-SNAPSHOT/hdds-container-service-1.3.0-SNAPSHOT.jar!/webapps/hddsDatanode}
2022-01-24 18:05:00,685 [Listener at 127.0.0.1/42611] INFO  server.AbstractConnector (AbstractConnector.java:doStart(331)) - Started ServerConnector@fa7ef23{HTTP/1.1, (http/1.1)}{0.0.0.0:38897}
2022-01-24 18:05:00,685 [Listener at 127.0.0.1/42611] INFO  server.Server (Server.java:doStart(415)) - Started @90322ms
2022-01-24 18:05:00,685 [Listener at 127.0.0.1/42611] WARN  impl.MetricsSystemImpl (MetricsSystemImpl.java:register(279)) - Sink prometheus already exists!
2022-01-24 18:05:00,686 [Listener at 127.0.0.1/42611] INFO  http.BaseHttpServer (BaseHttpServer.java:updateConnectorAddress(329)) - HTTP server of hddsDatanode listening at http://0.0.0.0:38897
2022-01-24 18:05:00,686 [Listener at 127.0.0.1/42611] WARN  impl.MetricRegistriesImpl (MetricRegistriesImpl.java:addReporterRegistration(111)) - New reporters are added after registries were created. Some metrics will be missing from the reporter. Please add reporter before adding any new registry.
2022-01-24 18:05:00,686 [Listener at 127.0.0.1/42611] WARN  impl.MetricRegistriesImpl (MetricRegistriesImpl.java:addReporterRegistration(111)) - New reporters are added after registries were created. Some metrics will be missing from the reporter. Please add reporter before adding any new registry.
2022-01-24 18:05:00,686 [Listener at 127.0.0.1/42611] INFO  impl.MetricsSystemImpl (MetricsSystemImpl.java:init(158)) - HddsDatanode metrics system started (again)
2022-01-24 18:05:00,708 [Datanode State Machine Daemon Thread] INFO  statemachine.DatanodeStateMachine (DatanodeStateMachine.java:lambda$startDaemon$0(470)) - Ozone container server started.
2022-01-24 18:05:00,711 [Listener at 127.0.0.1/42611] INFO  ozone.HddsDatanodeService (HddsDatanodeService.java:start(234)) - HddsDatanodeService host:fv-az184-104.3ow45vhwbzuu5incsxmygykede.cx.internal.cloudapp.net ip:10.1.0.60
2022-01-24 18:05:00,733 [org.apache.hadoop.util.JvmPauseMonitor$Monitor@6e4ed4bf] INFO  util.JvmPauseMonitor (JvmPauseMonitor.java:run(188)) - Starting JVM pause monitor
2022-01-24 18:05:00,764 [Datanode State Machine Task Thread - 0] INFO  datanode.InitDatanodeState (InitDatanodeState.java:persistContainerDatanodeDetails(145)) - DatanodeDetails is persisted to /home/runner/work/ozone/ozone/hadoop-ozone/integration-test/target/test-dir/MiniOzoneClusterImpl-aa639c69-f9d2-45b5-aeae-2a5a4e0b395a/datanode-5/meta/datanode.id
2022-01-24 18:05:00,775 [Listener at 127.0.0.1/42611] INFO  upgrade.AbstractLayoutVersionManager (AbstractLayoutVersionManager.java:init(79)) - Initializing Layout version manager with metadata layout = SCM_HA (version = 2), software layout = SCM_HA (version = 2)
2022-01-24 18:05:00,878 [Listener at 127.0.0.1/42611] INFO  reflections.Reflections (Reflections.java:scan(232)) - Reflections took 101 ms to scan 7 urls, producing 119 keys and 279 values 
2022-01-24 18:05:00,880 [Listener at 127.0.0.1/42611] INFO  statemachine.DatanodeStateMachine (DatanodeStateMachine.java:getEndPointTaskThreadPoolSize(222)) - Datanode State Machine Task Thread Pool size 2
2022-01-24 18:05:00,883 [Listener at 127.0.0.1/42611] INFO  volume.HddsVolume (HddsVolume.java:<init>(120)) - Creating HddsVolume: /home/runner/work/ozone/ozone/hadoop-ozone/integration-test/target/test-dir/MiniOzoneClusterImpl-aa639c69-f9d2-45b5-aeae-2a5a4e0b395a/datanode-6/data-0/containers/hdds of storage type : DISK capacity : 9223372036854775807
2022-01-24 18:05:00,883 [Listener at 127.0.0.1/42611] INFO  volume.MutableVolumeSet (MutableVolumeSet.java:initializeVolumeSet(168)) - Added Volume : /home/runner/work/ozone/ozone/hadoop-ozone/integration-test/target/test-dir/MiniOzoneClusterImpl-aa639c69-f9d2-45b5-aeae-2a5a4e0b395a/datanode-6/data-0/containers/hdds to VolumeSet
2022-01-24 18:05:00,883 [Listener at 127.0.0.1/42611] INFO  volume.ThrottledAsyncChecker (ThrottledAsyncChecker.java:schedule(141)) - Scheduling a check for /home/runner/work/ozone/ozone/hadoop-ozone/integration-test/target/test-dir/MiniOzoneClusterImpl-aa639c69-f9d2-45b5-aeae-2a5a4e0b395a/datanode-6/data-0/containers/hdds
2022-01-24 18:05:00,884 [Listener at 127.0.0.1/42611] INFO  volume.StorageVolumeChecker (StorageVolumeChecker.java:checkAllVolumes(202)) - Scheduled health check for volume /home/runner/work/ozone/ozone/hadoop-ozone/integration-test/target/test-dir/MiniOzoneClusterImpl-aa639c69-f9d2-45b5-aeae-2a5a4e0b395a/datanode-6/data-0/containers/hdds
2022-01-24 18:05:00,897 [Listener at 127.0.0.1/42611] INFO  volume.MutableVolumeSet (MutableVolumeSet.java:initializeVolumeSet(168)) - Added Volume : /home/runner/work/ozone/ozone/hadoop-ozone/integration-test/target/test-dir/MiniOzoneClusterImpl-aa639c69-f9d2-45b5-aeae-2a5a4e0b395a/datanode-6/data/ratis to VolumeSet
2022-01-24 18:05:00,897 [Listener at 127.0.0.1/42611] INFO  volume.ThrottledAsyncChecker (ThrottledAsyncChecker.java:schedule(141)) - Scheduling a check for /home/runner/work/ozone/ozone/hadoop-ozone/integration-test/target/test-dir/MiniOzoneClusterImpl-aa639c69-f9d2-45b5-aeae-2a5a4e0b395a/datanode-6/data/ratis
2022-01-24 18:05:00,898 [Listener at 127.0.0.1/42611] INFO  volume.StorageVolumeChecker (StorageVolumeChecker.java:checkAllVolumes(202)) - Scheduled health check for volume /home/runner/work/ozone/ozone/hadoop-ozone/integration-test/target/test-dir/MiniOzoneClusterImpl-aa639c69-f9d2-45b5-aeae-2a5a4e0b395a/datanode-6/data/ratis
2022-01-24 18:05:00,909 [Thread-707] INFO  ozoneimpl.ContainerReader (ContainerReader.java:readVolume(172)) - Finish verifying containers on volume /home/runner/work/ozone/ozone/hadoop-ozone/integration-test/target/test-dir/MiniOzoneClusterImpl-aa639c69-f9d2-45b5-aeae-2a5a4e0b395a/datanode-6/data-0/containers/hdds
2022-01-24 18:05:00,909 [Listener at 127.0.0.1/42611] INFO  ozoneimpl.OzoneContainer (OzoneContainer.java:buildContainerSet(237)) - Build ContainerSet costs 0s
2022-01-24 18:05:00,911 [Listener at 127.0.0.1/42611] INFO  server.RaftServer (ConfUtils.java:logGet(44)) - raft.rpc.type = GRPC (default)
2022-01-24 18:05:00,911 [Listener at 127.0.0.1/42611] INFO  grpc.GrpcFactory (GrpcFactory.java:checkPooledByteBufAllocatorUseCacheForAllThreads(48)) - PERFORMANCE WARNING: useCacheForAllThreads is true that may cause Netty to create a lot garbage objects and, as a result, trigger GC.
	It is recommended to disable useCacheForAllThreads by setting -Dorg.apache.ratis.thirdparty.io.netty.allocator.useCacheForAllThreads=false in command line.
2022-01-24 18:05:00,911 [Listener at 127.0.0.1/42611] INFO  grpc.GrpcConfigKeys (ConfUtils.java:logGet(44)) - raft.grpc.admin.port = 0 (custom)
2022-01-24 18:05:00,911 [Listener at 127.0.0.1/42611] INFO  grpc.GrpcConfigKeys (ConfUtils.java:logGet(44)) - raft.grpc.client.port = 0 (custom)
2022-01-24 18:05:00,911 [Listener at 127.0.0.1/42611] INFO  grpc.GrpcConfigKeys (ConfUtils.java:logGet(44)) - raft.grpc.server.port = 0 (default)
2022-01-24 18:05:00,911 [Listener at 127.0.0.1/42611] INFO  server.GrpcService (ConfUtils.java:logGet(44)) - raft.grpc.message.size.max = 32MB (=33554432) (custom)
2022-01-24 18:05:00,911 [Listener at 127.0.0.1/42611] INFO  server.RaftServerConfigKeys (ConfUtils.java:logGet(44)) - raft.server.log.appender.buffer.byte-limit = 33554432 (custom)
2022-01-24 18:05:00,911 [Listener at 127.0.0.1/42611] INFO  server.GrpcService (ConfUtils.java:logGet(44)) - raft.grpc.flow.control.window = 5MB (=5242880) (custom)
2022-01-24 18:05:00,912 [Listener at 127.0.0.1/42611] INFO  server.RaftServerConfigKeys (ConfUtils.java:logGet(44)) - raft.server.rpc.request.timeout = 3000ms (default)
2022-01-24 18:05:00,912 [Listener at 127.0.0.1/42611] INFO  impl.DataStreamServerImpl (ConfUtils.java:logGet(44)) - raft.datastream.type = DISABLED (default)
2022-01-24 18:05:00,915 [Listener at 127.0.0.1/42611] INFO  server.RaftServerConfigKeys (ConfUtils.java:logGet(44)) - raft.server.rpc.slowness.timeout = 300000ms (custom)
2022-01-24 18:05:00,915 [Listener at 127.0.0.1/42611] INFO  server.RaftServerConfigKeys (ConfUtils.java:logGet(44)) - raft.server.leaderelection.leader.step-down.wait-time = 10s (default)
2022-01-24 18:05:00,916 [Listener at 127.0.0.1/42611] INFO  server.RaftServerConfigKeys (ConfUtils.java:logGet(44)) - raft.server.storage.dir = [/home/runner/work/ozone/ozone/hadoop-ozone/integration-test/target/test-dir/MiniOzoneClusterImpl-aa639c69-f9d2-45b5-aeae-2a5a4e0b395a/datanode-6/data/ratis] (custom)
2022-01-24 18:05:00,917 [Listener at 127.0.0.1/42611] INFO  server.XceiverServerGrpc (XceiverServerGrpc.java:<init>(132)) - GrpcServer channel type EpollServerSocketChannel
2022-01-24 18:05:00,923 [Listener at 127.0.0.1/42611] INFO  http.BaseHttpServer (BaseHttpServer.java:newHttpServer2BuilderForOzone(209)) - Starting Web-server for hddsDatanode at: http://0.0.0.0:0
2022-01-24 18:05:00,923 [Listener at 127.0.0.1/42611] INFO  http.BaseHttpServer (BaseHttpServer.java:<init>(107)) - Hadoop Security Enabled: false Ozone Security Enabled: false Ozone HTTP Security Enabled: false 
2022-01-24 18:05:00,924 [Listener at 127.0.0.1/42611] INFO  server.AuthenticationFilter (AuthenticationFilter.java:constructSecretProvider(240)) - Unable to initialize FileSignerSecretProvider, falling back to use random secrets.
2022-01-24 18:05:00,925 [Listener at 127.0.0.1/42611] WARN  http.HttpRequestLog (HttpRequestLog.java:getRequestLog(103)) - Jetty request log can only be enabled using Log4j
2022-01-24 18:05:00,926 [Listener at 127.0.0.1/42611] INFO  http.HttpServer2 (HttpServer2.java:addGlobalFilter(1030)) - Added global filter 'safety' (class=org.apache.hadoop.hdds.server.http.HttpServer2$QuotingInputFilter)
2022-01-24 18:05:00,926 [Listener at 127.0.0.1/42611] INFO  http.HttpServer2 (HttpServer2.java:addFilter(1006)) - Added filter static_user_filter (class=org.apache.hadoop.http.lib.StaticUserWebFilter$StaticUserFilter) to context hddsDatanode
2022-01-24 18:05:00,926 [Listener at 127.0.0.1/42611] INFO  http.HttpServer2 (HttpServer2.java:addFilter(1014)) - Added filter static_user_filter (class=org.apache.hadoop.http.lib.StaticUserWebFilter$StaticUserFilter) to context logs
2022-01-24 18:05:00,926 [Listener at 127.0.0.1/42611] INFO  http.HttpServer2 (HttpServer2.java:addFilter(1014)) - Added filter static_user_filter (class=org.apache.hadoop.http.lib.StaticUserWebFilter$StaticUserFilter) to context static
2022-01-24 18:05:00,927 [Listener at 127.0.0.1/42611] INFO  http.HttpServer2 (HttpServer2.java:bindListener(1249)) - Jetty bound to port 45967
2022-01-24 18:05:00,927 [Listener at 127.0.0.1/42611] INFO  server.Server (Server.java:doStart(375)) - jetty-9.4.43.v20210629; built: 2021-06-30T11:07:22.254Z; git: 526006ecfa3af7f1a27ef3a288e2bef7ea9dd7e8; jvm 1.8.0_312-b07
2022-01-24 18:05:01,009 [Listener at 127.0.0.1/42611] INFO  server.session (DefaultSessionIdManager.java:doStart(334)) - DefaultSessionIdManager workerName=node0
2022-01-24 18:05:01,009 [Listener at 127.0.0.1/42611] INFO  server.session (DefaultSessionIdManager.java:doStart(339)) - No SessionScavenger set, using defaults
2022-01-24 18:05:01,009 [Listener at 127.0.0.1/42611] INFO  server.session (HouseKeeper.java:startScavenging(132)) - node0 Scavenging every 600000ms
2022-01-24 18:05:01,014 [Listener at 127.0.0.1/42611] INFO  handler.ContextHandler (ContextHandler.java:doStart(915)) - Started o.e.j.s.ServletContextHandler@3da64128{logs,/logs,file:///home/runner/work/ozone/ozone/hadoop-ozone/integration-test/target/log,AVAILABLE}
2022-01-24 18:05:01,014 [Listener at 127.0.0.1/42611] INFO  handler.ContextHandler (ContextHandler.java:doStart(915)) - Started o.e.j.s.ServletContextHandler@27471998{static,/static,jar:file:/home/runner/.m2/repository/org/apache/ozone/hdds-container-service/1.3.0-SNAPSHOT/hdds-container-service-1.3.0-SNAPSHOT.jar!/webapps/static,AVAILABLE}
2022-01-24 18:05:01,020 [EndpointStateMachine task thread for /0.0.0.0:46173 - 0 ] INFO  ozoneimpl.OzoneContainer (OzoneContainer.java:start(315)) - Attempting to start container services.
2022-01-24 18:05:01,020 [EndpointStateMachine task thread for /0.0.0.0:46173 - 0 ] INFO  ozoneimpl.OzoneContainer (OzoneContainer.java:startContainerScrub(250)) - Background container scanner has been disabled.
2022-01-24 18:05:01,021 [EndpointStateMachine task thread for /0.0.0.0:46173 - 0 ] INFO  replication.ReplicationServer (ReplicationServer.java:start(111)) - ReplicationServer is started using port 35547
2022-01-24 18:05:01,022 [EndpointStateMachine task thread for /0.0.0.0:46173 - 0 ] INFO  ratis.XceiverServerRatis (XceiverServerRatis.java:start(484)) - Starting XceiverServerRatis 1c5e7e03-d60e-4e29-906a-a7b7ae931ec0
2022-01-24 18:05:01,022 [EndpointStateMachine task thread for /0.0.0.0:46173 - 0 ] INFO  server.RaftServer (RaftServerProxy.java:lambda$start$5(374)) - 1c5e7e03-d60e-4e29-906a-a7b7ae931ec0: start RPC server
2022-01-24 18:05:01,029 [EndpointStateMachine task thread for /0.0.0.0:46173 - 0 ] INFO  server.GrpcService (GrpcService.java:startImpl(253)) - 1c5e7e03-d60e-4e29-906a-a7b7ae931ec0: GrpcService started, listening on 37847
2022-01-24 18:05:01,030 [EndpointStateMachine task thread for /0.0.0.0:46173 - 0 ] INFO  ratis.XceiverServerRatis (XceiverServerRatis.java:getRealPort(505)) - XceiverServerRatis 1c5e7e03-d60e-4e29-906a-a7b7ae931ec0 is started using port 37847 for RATIS
2022-01-24 18:05:01,030 [EndpointStateMachine task thread for /0.0.0.0:46173 - 0 ] INFO  ratis.XceiverServerRatis (XceiverServerRatis.java:getRealPort(505)) - XceiverServerRatis 1c5e7e03-d60e-4e29-906a-a7b7ae931ec0 is started using port 37847 for RATIS_ADMIN
2022-01-24 18:05:01,030 [EndpointStateMachine task thread for /0.0.0.0:46173 - 0 ] INFO  ratis.XceiverServerRatis (XceiverServerRatis.java:getRealPort(505)) - XceiverServerRatis 1c5e7e03-d60e-4e29-906a-a7b7ae931ec0 is started using port 37847 for RATIS_SERVER
2022-01-24 18:05:01,031 [org.apache.ratis.util.JvmPauseMonitor$$Lambda$431/1963060215@f136bc1] INFO  util.JvmPauseMonitor (JvmPauseMonitor.java:run(103)) - JvmPauseMonitor-1c5e7e03-d60e-4e29-906a-a7b7ae931ec0: Started
2022-01-24 18:05:01,041 [EndpointStateMachine task thread for /0.0.0.0:46173 - 0 ] INFO  server.XceiverServerGrpc (XceiverServerGrpc.java:start(180)) - XceiverServerGrpc 1c5e7e03-d60e-4e29-906a-a7b7ae931ec0 is started using port 46337
2022-01-24 18:05:01,132 [Listener at 127.0.0.1/42611] INFO  handler.ContextHandler (ContextHandler.java:doStart(915)) - Started o.e.j.w.WebAppContext@58761c09{hddsDatanode,/,file:///tmp/jetty-0_0_0_0-45967-hdds-container-service-1_3_0-SNAPSHOT_jar-_-any-5765206495724292698/webapp/,AVAILABLE}{jar:file:/home/runner/.m2/repository/org/apache/ozone/hdds-container-service/1.3.0-SNAPSHOT/hdds-container-service-1.3.0-SNAPSHOT.jar!/webapps/hddsDatanode}
2022-01-24 18:05:01,135 [Listener at 127.0.0.1/42611] INFO  server.AbstractConnector (AbstractConnector.java:doStart(331)) - Started ServerConnector@2a64b1e9{HTTP/1.1, (http/1.1)}{0.0.0.0:45967}
2022-01-24 18:05:01,135 [Listener at 127.0.0.1/42611] INFO  server.Server (Server.java:doStart(415)) - Started @90773ms
2022-01-24 18:05:01,136 [Listener at 127.0.0.1/42611] WARN  impl.MetricsSystemImpl (MetricsSystemImpl.java:register(279)) - Sink prometheus already exists!
2022-01-24 18:05:01,136 [Listener at 127.0.0.1/42611] INFO  http.BaseHttpServer (BaseHttpServer.java:updateConnectorAddress(329)) - HTTP server of hddsDatanode listening at http://0.0.0.0:45967
2022-01-24 18:05:01,137 [Listener at 127.0.0.1/42611] INFO  ozone.MiniOzoneClusterImpl (MiniOzoneClusterImpl.java:lambda$waitForClusterToBeReady$0(219)) - Waiting for nodes to be ready. Got 0 of 7 DN Heartbeats.
2022-01-24 18:05:01,141 [Listener at 127.0.0.1/42611] INFO  ozone.MiniOzoneClusterImpl (MiniOzoneClusterImpl.java:lambda$waitForClusterToBeReady$0(222)) - Waiting for cluster to exit safe mode
2022-01-24 18:05:01,141 [Listener at 127.0.0.1/42611] INFO  ozone.MiniOzoneClusterImpl (MiniOzoneClusterImpl.java:lambda$waitForClusterToBeReady$0(224)) - SCM became leader
2022-01-24 18:05:01,152 [Datanode State Machine Daemon Thread] INFO  statemachine.DatanodeStateMachine (DatanodeStateMachine.java:lambda$startDaemon$0(470)) - Ozone container server started.
2022-01-24 18:05:01,193 [org.apache.hadoop.util.JvmPauseMonitor$Monitor@69df0cdb] INFO  util.JvmPauseMonitor (JvmPauseMonitor.java:run(188)) - Starting JVM pause monitor
2022-01-24 18:05:01,220 [Datanode State Machine Task Thread - 0] INFO  datanode.InitDatanodeState (InitDatanodeState.java:persistContainerDatanodeDetails(145)) - DatanodeDetails is persisted to /home/runner/work/ozone/ozone/hadoop-ozone/integration-test/target/test-dir/MiniOzoneClusterImpl-aa639c69-f9d2-45b5-aeae-2a5a4e0b395a/datanode-6/meta/datanode.id
2022-01-24 18:05:01,622 [EndpointStateMachine task thread for /0.0.0.0:46173 - 0 ] INFO  ozoneimpl.OzoneContainer (OzoneContainer.java:start(315)) - Attempting to start container services.
2022-01-24 18:05:01,622 [EndpointStateMachine task thread for /0.0.0.0:46173 - 0 ] INFO  ozoneimpl.OzoneContainer (OzoneContainer.java:startContainerScrub(250)) - Background container scanner has been disabled.
2022-01-24 18:05:01,629 [EndpointStateMachine task thread for /0.0.0.0:46173 - 0 ] INFO  replication.ReplicationServer (ReplicationServer.java:start(111)) - ReplicationServer is started using port 38929
2022-01-24 18:05:01,633 [EndpointStateMachine task thread for /0.0.0.0:46173 - 0 ] INFO  ratis.XceiverServerRatis (XceiverServerRatis.java:start(484)) - Starting XceiverServerRatis 109b74c6-5970-42d9-b999-0985bb35528b
2022-01-24 18:05:01,637 [EndpointStateMachine task thread for /0.0.0.0:46173 - 0 ] INFO  server.RaftServer (RaftServerProxy.java:lambda$start$5(374)) - 109b74c6-5970-42d9-b999-0985bb35528b: start RPC server
2022-01-24 18:05:01,641 [EndpointStateMachine task thread for /0.0.0.0:46173 - 0 ] INFO  server.GrpcService (GrpcService.java:startImpl(253)) - 109b74c6-5970-42d9-b999-0985bb35528b: GrpcService started, listening on 34259
2022-01-24 18:05:01,661 [EndpointStateMachine task thread for /0.0.0.0:46173 - 0 ] INFO  ratis.XceiverServerRatis (XceiverServerRatis.java:getRealPort(505)) - XceiverServerRatis 109b74c6-5970-42d9-b999-0985bb35528b is started using port 34259 for RATIS
2022-01-24 18:05:01,661 [EndpointStateMachine task thread for /0.0.0.0:46173 - 0 ] INFO  ratis.XceiverServerRatis (XceiverServerRatis.java:getRealPort(505)) - XceiverServerRatis 109b74c6-5970-42d9-b999-0985bb35528b is started using port 34259 for RATIS_ADMIN
2022-01-24 18:05:01,661 [EndpointStateMachine task thread for /0.0.0.0:46173 - 0 ] INFO  ratis.XceiverServerRatis (XceiverServerRatis.java:getRealPort(505)) - XceiverServerRatis 109b74c6-5970-42d9-b999-0985bb35528b is started using port 34259 for RATIS_SERVER
2022-01-24 18:05:01,662 [org.apache.ratis.util.JvmPauseMonitor$$Lambda$431/1963060215@18cfc0b5] INFO  util.JvmPauseMonitor (JvmPauseMonitor.java:run(103)) - JvmPauseMonitor-109b74c6-5970-42d9-b999-0985bb35528b: Started
2022-01-24 18:05:01,689 [EndpointStateMachine task thread for /0.0.0.0:46173 - 0 ] INFO  server.XceiverServerGrpc (XceiverServerGrpc.java:start(180)) - XceiverServerGrpc 109b74c6-5970-42d9-b999-0985bb35528b is started using port 44437
2022-01-24 18:05:01,845 [IPC Server handler 3 on default port 46173] INFO  net.NetworkTopologyImpl (NetworkTopologyImpl.java:add(112)) - Added a new node: /default-rack/40200fd9-271f-46a5-82e6-85afe20bb727
2022-01-24 18:05:01,845 [IPC Server handler 3 on default port 46173] INFO  node.SCMNodeManager (SCMNodeManager.java:register(389)) - Registered Data node : 40200fd9-271f-46a5-82e6-85afe20bb727{ip: 10.1.0.60, host: fv-az184-104.3ow45vhwbzuu5incsxmygykede.cx.internal.cloudapp.net, ports: [REPLICATION=44797, RATIS=33665, RATIS_ADMIN=33665, RATIS_SERVER=33665, STANDALONE=44373], networkLocation: /default-rack, certSerialId: null, persistedOpState: null, persistedOpStateExpiryEpochSec: 0}
2022-01-24 18:05:01,847 [EventQueue-NodeRegistrationContainerReportForDataNodeSafeModeRule] INFO  safemode.SCMSafeModeManager (DataNodeSafeModeRule.java:process(71)) - SCM in safe mode. 1 DataNodes registered, 3 required.
2022-01-24 18:05:01,862 [EventQueue-NodeRegistrationContainerReportForContainerSafeModeRule] INFO  safemode.SCMSafeModeManager (SCMSafeModeManager.java:validateSafeModeExitRules(204)) - ContainerSafeModeRule rule is successfully validated
2022-01-24 18:05:01,874 [EventQueue-PipelineReportForOneReplicaPipelineSafeModeRule] INFO  safemode.SCMSafeModeManager (SCMSafeModeManager.java:validateSafeModeExitRules(204)) - AtleastOneDatanodeReportedRule rule is successfully validated
2022-01-24 18:05:01,873 [EventQueue-NewNodeForNewNodeHandler] INFO  pipeline.BackgroundPipelineCreator (BackgroundPipelineCreator.java:notifyEventTriggered(285)) - trigger a one-shot run on RatisPipelineUtilsThread.
2022-01-24 18:05:01,874 [RatisPipelineUtilsThread - 0] INFO  pipeline.RatisPipelineProvider (RatisPipelineProvider.java:lambda$create$0(183)) - Sending CreatePipelineCommand for pipeline:PipelineID=c1e61a5d-6ca1-45f5-80c8-7a94c7e8c088 to datanode:40200fd9-271f-46a5-82e6-85afe20bb727
2022-01-24 18:05:01,982 [d5035ba9-9d65-4327-8f69-b17ec6104eac@group-2A5A4E0B395A-StateMachineUpdater] INFO  pipeline.PipelineStateManagerImpl (PipelineStateManagerImpl.java:addPipeline(101)) - Created pipeline Pipeline[ Id: c1e61a5d-6ca1-45f5-80c8-7a94c7e8c088, Nodes: 40200fd9-271f-46a5-82e6-85afe20bb727{ip: 10.1.0.60, host: fv-az184-104.3ow45vhwbzuu5incsxmygykede.cx.internal.cloudapp.net, ports: [REPLICATION=44797, RATIS=33665, RATIS_ADMIN=33665, RATIS_SERVER=33665, STANDALONE=44373], networkLocation: /default-rack, certSerialId: null, persistedOpState: IN_SERVICE, persistedOpStateExpiryEpochSec: 0}, ReplicationConfig: RATIS/ONE, State:ALLOCATED, leaderId:, CreationTimestamp2022-01-24T18:05:01.874Z[Etc/UTC]].
2022-01-24 18:05:01,982 [d5035ba9-9d65-4327-8f69-b17ec6104eac@group-2A5A4E0B395A-StateMachineUpdater] INFO  safemode.HealthyPipelineSafeModeRule (HealthyPipelineSafeModeRule.java:initializeRule(152)) - Refreshed total pipeline count is 0, healthy pipeline threshold count is 1
2022-01-24 18:05:01,989 [RatisPipelineUtilsThread - 0] INFO  ha.SCMHAInvocationHandler (SCMHAInvocationHandler.java:invokeRatis(113)) - Invoking method public abstract void org.apache.hadoop.hdds.scm.pipeline.PipelineStateManager.addPipeline(org.apache.hadoop.hdds.protocol.proto.HddsProtos$Pipeline) throws java.io.IOException on target org.apache.hadoop.hdds.scm.ha.SCMRatisServerImpl@3130b1de, cost 113241.663us
2022-01-24 18:05:02,142 [Listener at 127.0.0.1/42611] INFO  ozone.MiniOzoneClusterImpl (MiniOzoneClusterImpl.java:lambda$waitForClusterToBeReady$0(219)) - Waiting for nodes to be ready. Got 1 of 7 DN Heartbeats.
2022-01-24 18:05:02,142 [Listener at 127.0.0.1/42611] INFO  ozone.MiniOzoneClusterImpl (MiniOzoneClusterImpl.java:lambda$waitForClusterToBeReady$0(222)) - Waiting for cluster to exit safe mode
2022-01-24 18:05:02,142 [Listener at 127.0.0.1/42611] INFO  ozone.MiniOzoneClusterImpl (MiniOzoneClusterImpl.java:lambda$waitForClusterToBeReady$0(224)) - SCM became leader
2022-01-24 18:05:02,260 [EndpointStateMachine task thread for /0.0.0.0:46173 - 0 ] INFO  ozoneimpl.OzoneContainer (OzoneContainer.java:start(315)) - Attempting to start container services.
2022-01-24 18:05:02,261 [EndpointStateMachine task thread for /0.0.0.0:46173 - 0 ] INFO  ozoneimpl.OzoneContainer (OzoneContainer.java:startContainerScrub(250)) - Background container scanner has been disabled.
2022-01-24 18:05:02,262 [EndpointStateMachine task thread for /0.0.0.0:46173 - 0 ] INFO  replication.ReplicationServer (ReplicationServer.java:start(111)) - ReplicationServer is started using port 37699
2022-01-24 18:05:02,269 [EndpointStateMachine task thread for /0.0.0.0:46173 - 0 ] INFO  ratis.XceiverServerRatis (XceiverServerRatis.java:start(484)) - Starting XceiverServerRatis 9fc6c589-e101-4b7c-8c44-590da935f0a3
2022-01-24 18:05:02,274 [EndpointStateMachine task thread for /0.0.0.0:46173 - 0 ] INFO  server.RaftServer (RaftServerProxy.java:lambda$start$5(374)) - 9fc6c589-e101-4b7c-8c44-590da935f0a3: start RPC server
2022-01-24 18:05:02,276 [EndpointStateMachine task thread for /0.0.0.0:46173 - 0 ] INFO  server.GrpcService (GrpcService.java:startImpl(253)) - 9fc6c589-e101-4b7c-8c44-590da935f0a3: GrpcService started, listening on 37269
2022-01-24 18:05:02,277 [EndpointStateMachine task thread for /0.0.0.0:46173 - 0 ] INFO  ratis.XceiverServerRatis (XceiverServerRatis.java:getRealPort(505)) - XceiverServerRatis 9fc6c589-e101-4b7c-8c44-590da935f0a3 is started using port 37269 for RATIS
2022-01-24 18:05:02,277 [EndpointStateMachine task thread for /0.0.0.0:46173 - 0 ] INFO  ratis.XceiverServerRatis (XceiverServerRatis.java:getRealPort(505)) - XceiverServerRatis 9fc6c589-e101-4b7c-8c44-590da935f0a3 is started using port 37269 for RATIS_ADMIN
2022-01-24 18:05:02,277 [EndpointStateMachine task thread for /0.0.0.0:46173 - 0 ] INFO  ratis.XceiverServerRatis (XceiverServerRatis.java:getRealPort(505)) - XceiverServerRatis 9fc6c589-e101-4b7c-8c44-590da935f0a3 is started using port 37269 for RATIS_SERVER
2022-01-24 18:05:02,278 [org.apache.ratis.util.JvmPauseMonitor$$Lambda$431/1963060215@7a244187] INFO  util.JvmPauseMonitor (JvmPauseMonitor.java:run(103)) - JvmPauseMonitor-9fc6c589-e101-4b7c-8c44-590da935f0a3: Started
2022-01-24 18:05:02,280 [EndpointStateMachine task thread for /0.0.0.0:46173 - 0 ] INFO  server.XceiverServerGrpc (XceiverServerGrpc.java:start(180)) - XceiverServerGrpc 9fc6c589-e101-4b7c-8c44-590da935f0a3 is started using port 45033
2022-01-24 18:05:02,350 [IPC Server handler 1 on default port 46173] INFO  net.NetworkTopologyImpl (NetworkTopologyImpl.java:add(112)) - Added a new node: /default-rack/08efc83e-84e2-40a1-a562-910b2e2f8a64
2022-01-24 18:05:02,350 [IPC Server handler 1 on default port 46173] INFO  node.SCMNodeManager (SCMNodeManager.java:register(389)) - Registered Data node : 08efc83e-84e2-40a1-a562-910b2e2f8a64{ip: 10.1.0.60, host: fv-az184-104.3ow45vhwbzuu5incsxmygykede.cx.internal.cloudapp.net, ports: [REPLICATION=46491, RATIS=33205, RATIS_ADMIN=33205, RATIS_SERVER=33205, STANDALONE=38465], networkLocation: /default-rack, certSerialId: null, persistedOpState: null, persistedOpStateExpiryEpochSec: 0}
2022-01-24 18:05:02,352 [EventQueue-NewNodeForNewNodeHandler] INFO  pipeline.BackgroundPipelineCreator (BackgroundPipelineCreator.java:notifyEventTriggered(285)) - trigger a one-shot run on RatisPipelineUtilsThread.
2022-01-24 18:05:02,353 [EventQueue-NodeRegistrationContainerReportForDataNodeSafeModeRule] INFO  safemode.SCMSafeModeManager (DataNodeSafeModeRule.java:process(71)) - SCM in safe mode. 2 DataNodes registered, 3 required.
2022-01-24 18:05:02,354 [RatisPipelineUtilsThread - 0] INFO  pipeline.RatisPipelineProvider (RatisPipelineProvider.java:lambda$create$0(183)) - Sending CreatePipelineCommand for pipeline:PipelineID=3569ce9e-d9ac-4538-8708-351e2471bb26 to datanode:08efc83e-84e2-40a1-a562-910b2e2f8a64
2022-01-24 18:05:02,356 [d5035ba9-9d65-4327-8f69-b17ec6104eac@group-2A5A4E0B395A-StateMachineUpdater] INFO  pipeline.PipelineStateManagerImpl (PipelineStateManagerImpl.java:addPipeline(101)) - Created pipeline Pipeline[ Id: 3569ce9e-d9ac-4538-8708-351e2471bb26, Nodes: 08efc83e-84e2-40a1-a562-910b2e2f8a64{ip: 10.1.0.60, host: fv-az184-104.3ow45vhwbzuu5incsxmygykede.cx.internal.cloudapp.net, ports: [REPLICATION=46491, RATIS=33205, RATIS_ADMIN=33205, RATIS_SERVER=33205, STANDALONE=38465], networkLocation: /default-rack, certSerialId: null, persistedOpState: IN_SERVICE, persistedOpStateExpiryEpochSec: 0}, ReplicationConfig: RATIS/ONE, State:ALLOCATED, leaderId:, CreationTimestamp2022-01-24T18:05:02.354Z[Etc/UTC]].
2022-01-24 18:05:02,356 [d5035ba9-9d65-4327-8f69-b17ec6104eac@group-2A5A4E0B395A-StateMachineUpdater] INFO  safemode.HealthyPipelineSafeModeRule (HealthyPipelineSafeModeRule.java:initializeRule(152)) - Refreshed total pipeline count is 0, healthy pipeline threshold count is 1
2022-01-24 18:05:02,357 [RatisPipelineUtilsThread - 0] INFO  ha.SCMHAInvocationHandler (SCMHAInvocationHandler.java:invokeRatis(113)) - Invoking method public abstract void org.apache.hadoop.hdds.scm.pipeline.PipelineStateManager.addPipeline(org.apache.hadoop.hdds.protocol.proto.HddsProtos$Pipeline) throws java.io.IOException on target org.apache.hadoop.hdds.scm.ha.SCMRatisServerImpl@3130b1de, cost 2750.015us
2022-01-24 18:05:02,771 [EndpointStateMachine task thread for /0.0.0.0:46173 - 0 ] INFO  ozoneimpl.OzoneContainer (OzoneContainer.java:start(315)) - Attempting to start container services.
2022-01-24 18:05:02,771 [EndpointStateMachine task thread for /0.0.0.0:46173 - 0 ] INFO  ozoneimpl.OzoneContainer (OzoneContainer.java:startContainerScrub(250)) - Background container scanner has been disabled.
2022-01-24 18:05:02,775 [EndpointStateMachine task thread for /0.0.0.0:46173 - 0 ] INFO  replication.ReplicationServer (ReplicationServer.java:start(111)) - ReplicationServer is started using port 41549
2022-01-24 18:05:02,782 [EndpointStateMachine task thread for /0.0.0.0:46173 - 0 ] INFO  ratis.XceiverServerRatis (XceiverServerRatis.java:start(484)) - Starting XceiverServerRatis c189953c-19e1-459b-9255-7173c2cde622
2022-01-24 18:05:02,796 [EndpointStateMachine task thread for /0.0.0.0:46173 - 0 ] INFO  server.RaftServer (RaftServerProxy.java:lambda$start$5(374)) - c189953c-19e1-459b-9255-7173c2cde622: start RPC server
2022-01-24 18:05:02,813 [EndpointStateMachine task thread for /0.0.0.0:46173 - 0 ] INFO  server.GrpcService (GrpcService.java:startImpl(253)) - c189953c-19e1-459b-9255-7173c2cde622: GrpcService started, listening on 39667
2022-01-24 18:05:02,813 [EndpointStateMachine task thread for /0.0.0.0:46173 - 0 ] INFO  ratis.XceiverServerRatis (XceiverServerRatis.java:getRealPort(505)) - XceiverServerRatis c189953c-19e1-459b-9255-7173c2cde622 is started using port 39667 for RATIS
2022-01-24 18:05:02,814 [EndpointStateMachine task thread for /0.0.0.0:46173 - 0 ] INFO  ratis.XceiverServerRatis (XceiverServerRatis.java:getRealPort(505)) - XceiverServerRatis c189953c-19e1-459b-9255-7173c2cde622 is started using port 39667 for RATIS_ADMIN
2022-01-24 18:05:02,814 [EndpointStateMachine task thread for /0.0.0.0:46173 - 0 ] INFO  ratis.XceiverServerRatis (XceiverServerRatis.java:getRealPort(505)) - XceiverServerRatis c189953c-19e1-459b-9255-7173c2cde622 is started using port 39667 for RATIS_SERVER
2022-01-24 18:05:02,814 [org.apache.ratis.util.JvmPauseMonitor$$Lambda$431/1963060215@255963d4] INFO  util.JvmPauseMonitor (JvmPauseMonitor.java:run(103)) - JvmPauseMonitor-c189953c-19e1-459b-9255-7173c2cde622: Started
2022-01-24 18:05:02,814 [EndpointStateMachine task thread for /0.0.0.0:46173 - 0 ] INFO  server.XceiverServerGrpc (XceiverServerGrpc.java:start(180)) - XceiverServerGrpc c189953c-19e1-459b-9255-7173c2cde622 is started using port 35047
2022-01-24 18:05:02,938 [IPC Server handler 4 on default port 46173] INFO  net.NetworkTopologyImpl (NetworkTopologyImpl.java:add(112)) - Added a new node: /default-rack/1c5e7e03-d60e-4e29-906a-a7b7ae931ec0
2022-01-24 18:05:02,938 [IPC Server handler 4 on default port 46173] INFO  node.SCMNodeManager (SCMNodeManager.java:register(389)) - Registered Data node : 1c5e7e03-d60e-4e29-906a-a7b7ae931ec0{ip: 10.1.0.60, host: fv-az184-104.3ow45vhwbzuu5incsxmygykede.cx.internal.cloudapp.net, ports: [REPLICATION=35547, RATIS=37847, RATIS_ADMIN=37847, RATIS_SERVER=37847, STANDALONE=46337], networkLocation: /default-rack, certSerialId: null, persistedOpState: null, persistedOpStateExpiryEpochSec: 0}
2022-01-24 18:05:02,939 [EventQueue-NewNodeForNewNodeHandler] INFO  pipeline.BackgroundPipelineCreator (BackgroundPipelineCreator.java:notifyEventTriggered(285)) - trigger a one-shot run on RatisPipelineUtilsThread.
2022-01-24 18:05:02,940 [RatisPipelineUtilsThread - 0] INFO  pipeline.RatisPipelineProvider (RatisPipelineProvider.java:lambda$create$0(183)) - Sending CreatePipelineCommand for pipeline:PipelineID=3898fc47-dc72-4d98-bc41-fe187c5278ea to datanode:1c5e7e03-d60e-4e29-906a-a7b7ae931ec0
2022-01-24 18:05:02,942 [d5035ba9-9d65-4327-8f69-b17ec6104eac@group-2A5A4E0B395A-StateMachineUpdater] INFO  pipeline.PipelineStateManagerImpl (PipelineStateManagerImpl.java:addPipeline(101)) - Created pipeline Pipeline[ Id: 3898fc47-dc72-4d98-bc41-fe187c5278ea, Nodes: 1c5e7e03-d60e-4e29-906a-a7b7ae931ec0{ip: 10.1.0.60, host: fv-az184-104.3ow45vhwbzuu5incsxmygykede.cx.internal.cloudapp.net, ports: [REPLICATION=35547, RATIS=37847, RATIS_ADMIN=37847, RATIS_SERVER=37847, STANDALONE=46337], networkLocation: /default-rack, certSerialId: null, persistedOpState: IN_SERVICE, persistedOpStateExpiryEpochSec: 0}, ReplicationConfig: RATIS/ONE, State:ALLOCATED, leaderId:, CreationTimestamp2022-01-24T18:05:02.940Z[Etc/UTC]].
2022-01-24 18:05:02,942 [d5035ba9-9d65-4327-8f69-b17ec6104eac@group-2A5A4E0B395A-StateMachineUpdater] INFO  safemode.HealthyPipelineSafeModeRule (HealthyPipelineSafeModeRule.java:initializeRule(152)) - Refreshed total pipeline count is 0, healthy pipeline threshold count is 1
2022-01-24 18:05:02,943 [RatisPipelineUtilsThread - 0] INFO  ha.SCMHAInvocationHandler (SCMHAInvocationHandler.java:invokeRatis(113)) - Invoking method public abstract void org.apache.hadoop.hdds.scm.pipeline.PipelineStateManager.addPipeline(org.apache.hadoop.hdds.protocol.proto.HddsProtos$Pipeline) throws java.io.IOException on target org.apache.hadoop.hdds.scm.ha.SCMRatisServerImpl@3130b1de, cost 2579.109us
2022-01-24 18:05:02,949 [EventQueue-NodeRegistrationContainerReportForDataNodeSafeModeRule] INFO  safemode.SCMSafeModeManager (DataNodeSafeModeRule.java:process(71)) - SCM in safe mode. 3 DataNodes registered, 3 required.
2022-01-24 18:05:02,949 [EventQueue-NodeRegistrationContainerReportForDataNodeSafeModeRule] INFO  safemode.SCMSafeModeManager (SCMSafeModeManager.java:validateSafeModeExitRules(204)) - DataNodeSafeModeRule rule is successfully validated
2022-01-24 18:05:02,949 [EventQueue-NodeRegistrationContainerReportForDataNodeSafeModeRule] INFO  safemode.SCMSafeModeManager (SCMSafeModeManager.java:completePreCheck(233)) - All SCM safe mode pre check rules have passed
2022-01-24 18:05:02,949 [EventQueue-NodeRegistrationContainerReportForDataNodeSafeModeRule] WARN  events.EventQueue (EventQueue.java:fireEvent(194)) - No event handler registered for event TypedEvent{payloadType=SafeModeStatus, name='Safe mode status'}
2022-01-24 18:05:02,949 [EventQueue-NodeRegistrationContainerReportForDataNodeSafeModeRule] INFO  ha.SCMContext (SCMContext.java:updateSafeModeStatus(211)) - Update SafeModeStatus from SafeModeStatus{safeModeStatus=true, preCheckPassed=false} to SafeModeStatus{safeModeStatus=true, preCheckPassed=true}.
2022-01-24 18:05:02,949 [EventQueue-NodeRegistrationContainerReportForDataNodeSafeModeRule] INFO  pipeline.BackgroundPipelineCreator (BackgroundPipelineCreator.java:notifyEventTriggered(285)) - trigger a one-shot run on RatisPipelineUtilsThread.
2022-01-24 18:05:02,954 [RatisPipelineUtilsThread - 0] INFO  pipeline.RatisPipelineProvider (RatisPipelineProvider.java:lambda$create$0(183)) - Sending CreatePipelineCommand for pipeline:PipelineID=557284a3-31df-4f38-8c53-16119ebfa722 to datanode:08efc83e-84e2-40a1-a562-910b2e2f8a64
2022-01-24 18:05:02,954 [RatisPipelineUtilsThread - 0] INFO  pipeline.RatisPipelineProvider (RatisPipelineProvider.java:lambda$create$0(183)) - Sending CreatePipelineCommand for pipeline:PipelineID=557284a3-31df-4f38-8c53-16119ebfa722 to datanode:40200fd9-271f-46a5-82e6-85afe20bb727
2022-01-24 18:05:02,954 [RatisPipelineUtilsThread - 0] INFO  pipeline.RatisPipelineProvider (RatisPipelineProvider.java:lambda$create$0(183)) - Sending CreatePipelineCommand for pipeline:PipelineID=557284a3-31df-4f38-8c53-16119ebfa722 to datanode:1c5e7e03-d60e-4e29-906a-a7b7ae931ec0
2022-01-24 18:05:02,955 [d5035ba9-9d65-4327-8f69-b17ec6104eac@group-2A5A4E0B395A-StateMachineUpdater] INFO  pipeline.PipelineStateManagerImpl (PipelineStateManagerImpl.java:addPipeline(101)) - Created pipeline Pipeline[ Id: 557284a3-31df-4f38-8c53-16119ebfa722, Nodes: 08efc83e-84e2-40a1-a562-910b2e2f8a64{ip: 10.1.0.60, host: fv-az184-104.3ow45vhwbzuu5incsxmygykede.cx.internal.cloudapp.net, ports: [REPLICATION=46491, RATIS=33205, RATIS_ADMIN=33205, RATIS_SERVER=33205, STANDALONE=38465], networkLocation: /default-rack, certSerialId: null, persistedOpState: IN_SERVICE, persistedOpStateExpiryEpochSec: 0}40200fd9-271f-46a5-82e6-85afe20bb727{ip: 10.1.0.60, host: fv-az184-104.3ow45vhwbzuu5incsxmygykede.cx.internal.cloudapp.net, ports: [REPLICATION=44797, RATIS=33665, RATIS_ADMIN=33665, RATIS_SERVER=33665, STANDALONE=44373], networkLocation: /default-rack, certSerialId: null, persistedOpState: IN_SERVICE, persistedOpStateExpiryEpochSec: 0}1c5e7e03-d60e-4e29-906a-a7b7ae931ec0{ip: 10.1.0.60, host: fv-az184-104.3ow45vhwbzuu5incsxmygykede.cx.internal.cloudapp.net, ports: [REPLICATION=35547, RATIS=37847, RATIS_ADMIN=37847, RATIS_SERVER=37847, STANDALONE=46337], networkLocation: /default-rack, certSerialId: null, persistedOpState: IN_SERVICE, persistedOpStateExpiryEpochSec: 0}, ReplicationConfig: RATIS/THREE, State:ALLOCATED, leaderId:, CreationTimestamp2022-01-24T18:05:02.954Z[Etc/UTC]].
2022-01-24 18:05:02,956 [d5035ba9-9d65-4327-8f69-b17ec6104eac@group-2A5A4E0B395A-StateMachineUpdater] INFO  safemode.HealthyPipelineSafeModeRule (HealthyPipelineSafeModeRule.java:initializeRule(152)) - Refreshed total pipeline count is 0, healthy pipeline threshold count is 1
2022-01-24 18:05:02,956 [RatisPipelineUtilsThread - 0] INFO  ha.SCMHAInvocationHandler (SCMHAInvocationHandler.java:invokeRatis(113)) - Invoking method public abstract void org.apache.hadoop.hdds.scm.pipeline.PipelineStateManager.addPipeline(org.apache.hadoop.hdds.protocol.proto.HddsProtos$Pipeline) throws java.io.IOException on target org.apache.hadoop.hdds.scm.ha.SCMRatisServerImpl@3130b1de, cost 2041.186us
2022-01-24 18:05:02,956 [RatisPipelineUtilsThread - 0] INFO  pipeline.RatisPipelineProvider (RatisPipelineProvider.java:lambda$create$0(183)) - Sending CreatePipelineCommand for pipeline:PipelineID=a8873472-a4b0-431b-95d4-4a42ddb3e1d3 to datanode:40200fd9-271f-46a5-82e6-85afe20bb727
2022-01-24 18:05:02,956 [RatisPipelineUtilsThread - 0] INFO  pipeline.RatisPipelineProvider (RatisPipelineProvider.java:lambda$create$0(183)) - Sending CreatePipelineCommand for pipeline:PipelineID=a8873472-a4b0-431b-95d4-4a42ddb3e1d3 to datanode:08efc83e-84e2-40a1-a562-910b2e2f8a64
2022-01-24 18:05:02,956 [RatisPipelineUtilsThread - 0] INFO  pipeline.RatisPipelineProvider (RatisPipelineProvider.java:lambda$create$0(183)) - Sending CreatePipelineCommand for pipeline:PipelineID=a8873472-a4b0-431b-95d4-4a42ddb3e1d3 to datanode:1c5e7e03-d60e-4e29-906a-a7b7ae931ec0
2022-01-24 18:05:02,962 [d5035ba9-9d65-4327-8f69-b17ec6104eac@group-2A5A4E0B395A-StateMachineUpdater] INFO  pipeline.PipelineStateManagerImpl (PipelineStateManagerImpl.java:addPipeline(101)) - Created pipeline Pipeline[ Id: a8873472-a4b0-431b-95d4-4a42ddb3e1d3, Nodes: 40200fd9-271f-46a5-82e6-85afe20bb727{ip: 10.1.0.60, host: fv-az184-104.3ow45vhwbzuu5incsxmygykede.cx.internal.cloudapp.net, ports: [REPLICATION=44797, RATIS=33665, RATIS_ADMIN=33665, RATIS_SERVER=33665, STANDALONE=44373], networkLocation: /default-rack, certSerialId: null, persistedOpState: IN_SERVICE, persistedOpStateExpiryEpochSec: 0}08efc83e-84e2-40a1-a562-910b2e2f8a64{ip: 10.1.0.60, host: fv-az184-104.3ow45vhwbzuu5incsxmygykede.cx.internal.cloudapp.net, ports: [REPLICATION=46491, RATIS=33205, RATIS_ADMIN=33205, RATIS_SERVER=33205, STANDALONE=38465], networkLocation: /default-rack, certSerialId: null, persistedOpState: IN_SERVICE, persistedOpStateExpiryEpochSec: 0}1c5e7e03-d60e-4e29-906a-a7b7ae931ec0{ip: 10.1.0.60, host: fv-az184-104.3ow45vhwbzuu5incsxmygykede.cx.internal.cloudapp.net, ports: [REPLICATION=35547, RATIS=37847, RATIS_ADMIN=37847, RATIS_SERVER=37847, STANDALONE=46337], networkLocation: /default-rack, certSerialId: null, persistedOpState: IN_SERVICE, persistedOpStateExpiryEpochSec: 0}, ReplicationConfig: RATIS/THREE, State:ALLOCATED, leaderId:, CreationTimestamp2022-01-24T18:05:02.956Z[Etc/UTC]].
2022-01-24 18:05:02,962 [d5035ba9-9d65-4327-8f69-b17ec6104eac@group-2A5A4E0B395A-StateMachineUpdater] INFO  safemode.HealthyPipelineSafeModeRule (HealthyPipelineSafeModeRule.java:initializeRule(152)) - Refreshed total pipeline count is 0, healthy pipeline threshold count is 1
2022-01-24 18:05:02,963 [RatisPipelineUtilsThread - 0] INFO  ha.SCMHAInvocationHandler (SCMHAInvocationHandler.java:invokeRatis(113)) - Invoking method public abstract void org.apache.hadoop.hdds.scm.pipeline.PipelineStateManager.addPipeline(org.apache.hadoop.hdds.protocol.proto.HddsProtos$Pipeline) throws java.io.IOException on target org.apache.hadoop.hdds.scm.ha.SCMRatisServerImpl@3130b1de, cost 5891.647us
2022-01-24 18:05:02,963 [RatisPipelineUtilsThread - 0] INFO  pipeline.PipelineManagerImpl (PipelineManagerImpl.java:recordMetricsForPipeline(639)) - Pipeline: PipelineID=a8873472-a4b0-431b-95d4-4a42ddb3e1d3 contains same datanodes as previous pipelines: PipelineID=557284a3-31df-4f38-8c53-16119ebfa722 nodeIds: 40200fd9-271f-46a5-82e6-85afe20bb727, 08efc83e-84e2-40a1-a562-910b2e2f8a64, 1c5e7e03-d60e-4e29-906a-a7b7ae931ec0
2022-01-24 18:05:03,143 [Listener at 127.0.0.1/42611] INFO  ozone.MiniOzoneClusterImpl (MiniOzoneClusterImpl.java:lambda$waitForClusterToBeReady$0(219)) - Waiting for nodes to be ready. Got 3 of 7 DN Heartbeats.
2022-01-24 18:05:03,143 [Listener at 127.0.0.1/42611] INFO  ozone.MiniOzoneClusterImpl (MiniOzoneClusterImpl.java:lambda$waitForClusterToBeReady$0(222)) - Waiting for cluster to exit safe mode
2022-01-24 18:05:03,143 [Listener at 127.0.0.1/42611] INFO  ozone.MiniOzoneClusterImpl (MiniOzoneClusterImpl.java:lambda$waitForClusterToBeReady$0(224)) - SCM became leader
2022-01-24 18:05:03,217 [EndpointStateMachine task thread for /0.0.0.0:46173 - 0 ] INFO  ozoneimpl.OzoneContainer (OzoneContainer.java:start(315)) - Attempting to start container services.
2022-01-24 18:05:03,218 [EndpointStateMachine task thread for /0.0.0.0:46173 - 0 ] INFO  ozoneimpl.OzoneContainer (OzoneContainer.java:startContainerScrub(250)) - Background container scanner has been disabled.
2022-01-24 18:05:03,219 [EndpointStateMachine task thread for /0.0.0.0:46173 - 0 ] INFO  replication.ReplicationServer (ReplicationServer.java:start(111)) - ReplicationServer is started using port 37263
2022-01-24 18:05:03,235 [EndpointStateMachine task thread for /0.0.0.0:46173 - 0 ] INFO  ratis.XceiverServerRatis (XceiverServerRatis.java:start(484)) - Starting XceiverServerRatis 1a3114de-e112-4498-a6aa-be6295599880
2022-01-24 18:05:03,265 [EndpointStateMachine task thread for /0.0.0.0:46173 - 0 ] INFO  server.RaftServer (RaftServerProxy.java:lambda$start$5(374)) - 1a3114de-e112-4498-a6aa-be6295599880: start RPC server
2022-01-24 18:05:03,265 [EndpointStateMachine task thread for /0.0.0.0:46173 - 0 ] INFO  server.GrpcService (GrpcService.java:startImpl(253)) - 1a3114de-e112-4498-a6aa-be6295599880: GrpcService started, listening on 37371
2022-01-24 18:05:03,288 [EndpointStateMachine task thread for /0.0.0.0:46173 - 0 ] INFO  ratis.XceiverServerRatis (XceiverServerRatis.java:getRealPort(505)) - XceiverServerRatis 1a3114de-e112-4498-a6aa-be6295599880 is started using port 37371 for RATIS
2022-01-24 18:05:03,288 [EndpointStateMachine task thread for /0.0.0.0:46173 - 0 ] INFO  ratis.XceiverServerRatis (XceiverServerRatis.java:getRealPort(505)) - XceiverServerRatis 1a3114de-e112-4498-a6aa-be6295599880 is started using port 37371 for RATIS_ADMIN
2022-01-24 18:05:03,288 [EndpointStateMachine task thread for /0.0.0.0:46173 - 0 ] INFO  ratis.XceiverServerRatis (XceiverServerRatis.java:getRealPort(505)) - XceiverServerRatis 1a3114de-e112-4498-a6aa-be6295599880 is started using port 37371 for RATIS_SERVER
2022-01-24 18:05:03,288 [org.apache.ratis.util.JvmPauseMonitor$$Lambda$431/1963060215@2232138e] INFO  util.JvmPauseMonitor (JvmPauseMonitor.java:run(103)) - JvmPauseMonitor-1a3114de-e112-4498-a6aa-be6295599880: Started
2022-01-24 18:05:03,289 [EndpointStateMachine task thread for /0.0.0.0:46173 - 0 ] INFO  server.XceiverServerGrpc (XceiverServerGrpc.java:start(180)) - XceiverServerGrpc 1a3114de-e112-4498-a6aa-be6295599880 is started using port 39593
2022-01-24 18:05:03,602 [IPC Server handler 3 on default port 46173] INFO  net.NetworkTopologyImpl (NetworkTopologyImpl.java:add(112)) - Added a new node: /default-rack/109b74c6-5970-42d9-b999-0985bb35528b
2022-01-24 18:05:03,602 [IPC Server handler 3 on default port 46173] INFO  node.SCMNodeManager (SCMNodeManager.java:register(389)) - Registered Data node : 109b74c6-5970-42d9-b999-0985bb35528b{ip: 10.1.0.60, host: fv-az184-104.3ow45vhwbzuu5incsxmygykede.cx.internal.cloudapp.net, ports: [REPLICATION=38929, RATIS=34259, RATIS_ADMIN=34259, RATIS_SERVER=34259, STANDALONE=44437], networkLocation: /default-rack, certSerialId: null, persistedOpState: null, persistedOpStateExpiryEpochSec: 0}
2022-01-24 18:05:03,602 [EventQueue-NewNodeForNewNodeHandler] INFO  pipeline.BackgroundPipelineCreator (BackgroundPipelineCreator.java:notifyEventTriggered(285)) - trigger a one-shot run on RatisPipelineUtilsThread.
2022-01-24 18:05:03,603 [RatisPipelineUtilsThread - 0] INFO  pipeline.RatisPipelineProvider (RatisPipelineProvider.java:lambda$create$0(183)) - Sending CreatePipelineCommand for pipeline:PipelineID=44719648-93a7-40f2-aa39-fbf99a330dcd to datanode:109b74c6-5970-42d9-b999-0985bb35528b
2022-01-24 18:05:03,605 [d5035ba9-9d65-4327-8f69-b17ec6104eac@group-2A5A4E0B395A-StateMachineUpdater] INFO  pipeline.PipelineStateManagerImpl (PipelineStateManagerImpl.java:addPipeline(101)) - Created pipeline Pipeline[ Id: 44719648-93a7-40f2-aa39-fbf99a330dcd, Nodes: 109b74c6-5970-42d9-b999-0985bb35528b{ip: 10.1.0.60, host: fv-az184-104.3ow45vhwbzuu5incsxmygykede.cx.internal.cloudapp.net, ports: [REPLICATION=38929, RATIS=34259, RATIS_ADMIN=34259, RATIS_SERVER=34259, STANDALONE=44437], networkLocation: /default-rack, certSerialId: null, persistedOpState: IN_SERVICE, persistedOpStateExpiryEpochSec: 0}, ReplicationConfig: RATIS/ONE, State:ALLOCATED, leaderId:, CreationTimestamp2022-01-24T18:05:03.603Z[Etc/UTC]].
2022-01-24 18:05:03,605 [d5035ba9-9d65-4327-8f69-b17ec6104eac@group-2A5A4E0B395A-StateMachineUpdater] INFO  safemode.HealthyPipelineSafeModeRule (HealthyPipelineSafeModeRule.java:initializeRule(152)) - Refreshed total pipeline count is 0, healthy pipeline threshold count is 1
2022-01-24 18:05:03,606 [RatisPipelineUtilsThread - 0] INFO  ha.SCMHAInvocationHandler (SCMHAInvocationHandler.java:invokeRatis(113)) - Invoking method public abstract void org.apache.hadoop.hdds.scm.pipeline.PipelineStateManager.addPipeline(org.apache.hadoop.hdds.protocol.proto.HddsProtos$Pipeline) throws java.io.IOException on target org.apache.hadoop.hdds.scm.ha.SCMRatisServerImpl@3130b1de, cost 2768.516us
2022-01-24 18:05:04,143 [Listener at 127.0.0.1/42611] INFO  ozone.MiniOzoneClusterImpl (MiniOzoneClusterImpl.java:lambda$waitForClusterToBeReady$0(219)) - Waiting for nodes to be ready. Got 4 of 7 DN Heartbeats.
2022-01-24 18:05:04,144 [Listener at 127.0.0.1/42611] INFO  ozone.MiniOzoneClusterImpl (MiniOzoneClusterImpl.java:lambda$waitForClusterToBeReady$0(222)) - Waiting for cluster to exit safe mode
2022-01-24 18:05:04,144 [Listener at 127.0.0.1/42611] INFO  ozone.MiniOzoneClusterImpl (MiniOzoneClusterImpl.java:lambda$waitForClusterToBeReady$0(224)) - SCM became leader
2022-01-24 18:05:04,257 [IPC Server handler 0 on default port 46173] INFO  net.NetworkTopologyImpl (NetworkTopologyImpl.java:add(112)) - Added a new node: /default-rack/9fc6c589-e101-4b7c-8c44-590da935f0a3
2022-01-24 18:05:04,257 [IPC Server handler 0 on default port 46173] INFO  node.SCMNodeManager (SCMNodeManager.java:register(389)) - Registered Data node : 9fc6c589-e101-4b7c-8c44-590da935f0a3{ip: 10.1.0.60, host: fv-az184-104.3ow45vhwbzuu5incsxmygykede.cx.internal.cloudapp.net, ports: [REPLICATION=37699, RATIS=37269, RATIS_ADMIN=37269, RATIS_SERVER=37269, STANDALONE=45033], networkLocation: /default-rack, certSerialId: null, persistedOpState: null, persistedOpStateExpiryEpochSec: 0}
2022-01-24 18:05:04,257 [EventQueue-NewNodeForNewNodeHandler] INFO  pipeline.BackgroundPipelineCreator (BackgroundPipelineCreator.java:notifyEventTriggered(285)) - trigger a one-shot run on RatisPipelineUtilsThread.
2022-01-24 18:05:04,258 [RatisPipelineUtilsThread - 0] INFO  pipeline.RatisPipelineProvider (RatisPipelineProvider.java:lambda$create$0(183)) - Sending CreatePipelineCommand for pipeline:PipelineID=95dc3e0a-a7e4-413d-8895-ed5d685313bc to datanode:9fc6c589-e101-4b7c-8c44-590da935f0a3
2022-01-24 18:05:04,260 [d5035ba9-9d65-4327-8f69-b17ec6104eac@group-2A5A4E0B395A-StateMachineUpdater] INFO  pipeline.PipelineStateManagerImpl (PipelineStateManagerImpl.java:addPipeline(101)) - Created pipeline Pipeline[ Id: 95dc3e0a-a7e4-413d-8895-ed5d685313bc, Nodes: 9fc6c589-e101-4b7c-8c44-590da935f0a3{ip: 10.1.0.60, host: fv-az184-104.3ow45vhwbzuu5incsxmygykede.cx.internal.cloudapp.net, ports: [REPLICATION=37699, RATIS=37269, RATIS_ADMIN=37269, RATIS_SERVER=37269, STANDALONE=45033], networkLocation: /default-rack, certSerialId: null, persistedOpState: IN_SERVICE, persistedOpStateExpiryEpochSec: 0}, ReplicationConfig: RATIS/ONE, State:ALLOCATED, leaderId:, CreationTimestamp2022-01-24T18:05:04.258Z[Etc/UTC]].
2022-01-24 18:05:04,261 [d5035ba9-9d65-4327-8f69-b17ec6104eac@group-2A5A4E0B395A-StateMachineUpdater] INFO  safemode.HealthyPipelineSafeModeRule (HealthyPipelineSafeModeRule.java:initializeRule(152)) - Refreshed total pipeline count is 0, healthy pipeline threshold count is 1
2022-01-24 18:05:04,262 [RatisPipelineUtilsThread - 0] INFO  ha.SCMHAInvocationHandler (SCMHAInvocationHandler.java:invokeRatis(113)) - Invoking method public abstract void org.apache.hadoop.hdds.scm.pipeline.PipelineStateManager.addPipeline(org.apache.hadoop.hdds.protocol.proto.HddsProtos$Pipeline) throws java.io.IOException on target org.apache.hadoop.hdds.scm.ha.SCMRatisServerImpl@3130b1de, cost 3821.161us
2022-01-24 18:05:04,734 [IPC Server handler 4 on default port 46173] INFO  net.NetworkTopologyImpl (NetworkTopologyImpl.java:add(112)) - Added a new node: /default-rack/c189953c-19e1-459b-9255-7173c2cde622
2022-01-24 18:05:04,734 [IPC Server handler 4 on default port 46173] INFO  node.SCMNodeManager (SCMNodeManager.java:register(389)) - Registered Data node : c189953c-19e1-459b-9255-7173c2cde622{ip: 10.1.0.60, host: fv-az184-104.3ow45vhwbzuu5incsxmygykede.cx.internal.cloudapp.net, ports: [REPLICATION=41549, RATIS=39667, RATIS_ADMIN=39667, RATIS_SERVER=39667, STANDALONE=35047], networkLocation: /default-rack, certSerialId: null, persistedOpState: null, persistedOpStateExpiryEpochSec: 0}
2022-01-24 18:05:04,735 [EventQueue-NewNodeForNewNodeHandler] INFO  pipeline.BackgroundPipelineCreator (BackgroundPipelineCreator.java:notifyEventTriggered(285)) - trigger a one-shot run on RatisPipelineUtilsThread.
2022-01-24 18:05:04,735 [RatisPipelineUtilsThread - 0] INFO  pipeline.RatisPipelineProvider (RatisPipelineProvider.java:lambda$create$0(183)) - Sending CreatePipelineCommand for pipeline:PipelineID=34baea22-c562-449f-90d1-72a1c0f567ba to datanode:c189953c-19e1-459b-9255-7173c2cde622
2022-01-24 18:05:04,737 [d5035ba9-9d65-4327-8f69-b17ec6104eac@group-2A5A4E0B395A-StateMachineUpdater] INFO  pipeline.PipelineStateManagerImpl (PipelineStateManagerImpl.java:addPipeline(101)) - Created pipeline Pipeline[ Id: 34baea22-c562-449f-90d1-72a1c0f567ba, Nodes: c189953c-19e1-459b-9255-7173c2cde622{ip: 10.1.0.60, host: fv-az184-104.3ow45vhwbzuu5incsxmygykede.cx.internal.cloudapp.net, ports: [REPLICATION=41549, RATIS=39667, RATIS_ADMIN=39667, RATIS_SERVER=39667, STANDALONE=35047], networkLocation: /default-rack, certSerialId: null, persistedOpState: IN_SERVICE, persistedOpStateExpiryEpochSec: 0}, ReplicationConfig: RATIS/ONE, State:ALLOCATED, leaderId:, CreationTimestamp2022-01-24T18:05:04.735Z[Etc/UTC]].
2022-01-24 18:05:04,738 [d5035ba9-9d65-4327-8f69-b17ec6104eac@group-2A5A4E0B395A-StateMachineUpdater] INFO  safemode.HealthyPipelineSafeModeRule (HealthyPipelineSafeModeRule.java:initializeRule(152)) - Refreshed total pipeline count is 0, healthy pipeline threshold count is 1
2022-01-24 18:05:04,739 [RatisPipelineUtilsThread - 0] INFO  ha.SCMHAInvocationHandler (SCMHAInvocationHandler.java:invokeRatis(113)) - Invoking method public abstract void org.apache.hadoop.hdds.scm.pipeline.PipelineStateManager.addPipeline(org.apache.hadoop.hdds.protocol.proto.HddsProtos$Pipeline) throws java.io.IOException on target org.apache.hadoop.hdds.scm.ha.SCMRatisServerImpl@3130b1de, cost 3600.252us
2022-01-24 18:05:04,740 [RatisPipelineUtilsThread - 0] INFO  pipeline.RatisPipelineProvider (RatisPipelineProvider.java:lambda$create$0(183)) - Sending CreatePipelineCommand for pipeline:PipelineID=358c75be-78ae-4751-80cf-fe0586866a31 to datanode:9fc6c589-e101-4b7c-8c44-590da935f0a3
2022-01-24 18:05:04,740 [RatisPipelineUtilsThread - 0] INFO  pipeline.RatisPipelineProvider (RatisPipelineProvider.java:lambda$create$0(183)) - Sending CreatePipelineCommand for pipeline:PipelineID=358c75be-78ae-4751-80cf-fe0586866a31 to datanode:c189953c-19e1-459b-9255-7173c2cde622
2022-01-24 18:05:04,740 [RatisPipelineUtilsThread - 0] INFO  pipeline.RatisPipelineProvider (RatisPipelineProvider.java:lambda$create$0(183)) - Sending CreatePipelineCommand for pipeline:PipelineID=358c75be-78ae-4751-80cf-fe0586866a31 to datanode:109b74c6-5970-42d9-b999-0985bb35528b
2022-01-24 18:05:04,741 [d5035ba9-9d65-4327-8f69-b17ec6104eac@group-2A5A4E0B395A-StateMachineUpdater] INFO  pipeline.PipelineStateManagerImpl (PipelineStateManagerImpl.java:addPipeline(101)) - Created pipeline Pipeline[ Id: 358c75be-78ae-4751-80cf-fe0586866a31, Nodes: 9fc6c589-e101-4b7c-8c44-590da935f0a3{ip: 10.1.0.60, host: fv-az184-104.3ow45vhwbzuu5incsxmygykede.cx.internal.cloudapp.net, ports: [REPLICATION=37699, RATIS=37269, RATIS_ADMIN=37269, RATIS_SERVER=37269, STANDALONE=45033], networkLocation: /default-rack, certSerialId: null, persistedOpState: IN_SERVICE, persistedOpStateExpiryEpochSec: 0}c189953c-19e1-459b-9255-7173c2cde622{ip: 10.1.0.60, host: fv-az184-104.3ow45vhwbzuu5incsxmygykede.cx.internal.cloudapp.net, ports: [REPLICATION=41549, RATIS=39667, RATIS_ADMIN=39667, RATIS_SERVER=39667, STANDALONE=35047], networkLocation: /default-rack, certSerialId: null, persistedOpState: IN_SERVICE, persistedOpStateExpiryEpochSec: 0}109b74c6-5970-42d9-b999-0985bb35528b{ip: 10.1.0.60, host: fv-az184-104.3ow45vhwbzuu5incsxmygykede.cx.internal.cloudapp.net, ports: [REPLICATION=38929, RATIS=34259, RATIS_ADMIN=34259, RATIS_SERVER=34259, STANDALONE=44437], networkLocation: /default-rack, certSerialId: null, persistedOpState: IN_SERVICE, persistedOpStateExpiryEpochSec: 0}, ReplicationConfig: RATIS/THREE, State:ALLOCATED, leaderId:, CreationTimestamp2022-01-24T18:05:04.739Z[Etc/UTC]].
2022-01-24 18:05:04,741 [d5035ba9-9d65-4327-8f69-b17ec6104eac@group-2A5A4E0B395A-StateMachineUpdater] INFO  safemode.HealthyPipelineSafeModeRule (HealthyPipelineSafeModeRule.java:initializeRule(152)) - Refreshed total pipeline count is 0, healthy pipeline threshold count is 1
2022-01-24 18:05:04,745 [RatisPipelineUtilsThread - 0] INFO  ha.SCMHAInvocationHandler (SCMHAInvocationHandler.java:invokeRatis(113)) - Invoking method public abstract void org.apache.hadoop.hdds.scm.pipeline.PipelineStateManager.addPipeline(org.apache.hadoop.hdds.protocol.proto.HddsProtos$Pipeline) throws java.io.IOException on target org.apache.hadoop.hdds.scm.ha.SCMRatisServerImpl@3130b1de, cost 5582.735us
2022-01-24 18:05:04,746 [RatisPipelineUtilsThread - 0] INFO  pipeline.RatisPipelineProvider (RatisPipelineProvider.java:lambda$create$0(183)) - Sending CreatePipelineCommand for pipeline:PipelineID=2124de27-bcfd-4c51-8a81-a7fa955d15d6 to datanode:9fc6c589-e101-4b7c-8c44-590da935f0a3
2022-01-24 18:05:04,746 [RatisPipelineUtilsThread - 0] INFO  pipeline.RatisPipelineProvider (RatisPipelineProvider.java:lambda$create$0(183)) - Sending CreatePipelineCommand for pipeline:PipelineID=2124de27-bcfd-4c51-8a81-a7fa955d15d6 to datanode:109b74c6-5970-42d9-b999-0985bb35528b
2022-01-24 18:05:04,746 [RatisPipelineUtilsThread - 0] INFO  pipeline.RatisPipelineProvider (RatisPipelineProvider.java:lambda$create$0(183)) - Sending CreatePipelineCommand for pipeline:PipelineID=2124de27-bcfd-4c51-8a81-a7fa955d15d6 to datanode:c189953c-19e1-459b-9255-7173c2cde622
2022-01-24 18:05:04,748 [d5035ba9-9d65-4327-8f69-b17ec6104eac@group-2A5A4E0B395A-StateMachineUpdater] INFO  pipeline.PipelineStateManagerImpl (PipelineStateManagerImpl.java:addPipeline(101)) - Created pipeline Pipeline[ Id: 2124de27-bcfd-4c51-8a81-a7fa955d15d6, Nodes: 9fc6c589-e101-4b7c-8c44-590da935f0a3{ip: 10.1.0.60, host: fv-az184-104.3ow45vhwbzuu5incsxmygykede.cx.internal.cloudapp.net, ports: [REPLICATION=37699, RATIS=37269, RATIS_ADMIN=37269, RATIS_SERVER=37269, STANDALONE=45033], networkLocation: /default-rack, certSerialId: null, persistedOpState: IN_SERVICE, persistedOpStateExpiryEpochSec: 0}109b74c6-5970-42d9-b999-0985bb35528b{ip: 10.1.0.60, host: fv-az184-104.3ow45vhwbzuu5incsxmygykede.cx.internal.cloudapp.net, ports: [REPLICATION=38929, RATIS=34259, RATIS_ADMIN=34259, RATIS_SERVER=34259, STANDALONE=44437], networkLocation: /default-rack, certSerialId: null, persistedOpState: IN_SERVICE, persistedOpStateExpiryEpochSec: 0}c189953c-19e1-459b-9255-7173c2cde622{ip: 10.1.0.60, host: fv-az184-104.3ow45vhwbzuu5incsxmygykede.cx.internal.cloudapp.net, ports: [REPLICATION=41549, RATIS=39667, RATIS_ADMIN=39667, RATIS_SERVER=39667, STANDALONE=35047], networkLocation: /default-rack, certSerialId: null, persistedOpState: IN_SERVICE, persistedOpStateExpiryEpochSec: 0}, ReplicationConfig: RATIS/THREE, State:ALLOCATED, leaderId:, CreationTimestamp2022-01-24T18:05:04.746Z[Etc/UTC]].
2022-01-24 18:05:04,748 [d5035ba9-9d65-4327-8f69-b17ec6104eac@group-2A5A4E0B395A-StateMachineUpdater] INFO  safemode.HealthyPipelineSafeModeRule (HealthyPipelineSafeModeRule.java:initializeRule(152)) - Refreshed total pipeline count is 0, healthy pipeline threshold count is 1
2022-01-24 18:05:04,748 [RatisPipelineUtilsThread - 0] INFO  ha.SCMHAInvocationHandler (SCMHAInvocationHandler.java:invokeRatis(113)) - Invoking method public abstract void org.apache.hadoop.hdds.scm.pipeline.PipelineStateManager.addPipeline(org.apache.hadoop.hdds.protocol.proto.HddsProtos$Pipeline) throws java.io.IOException on target org.apache.hadoop.hdds.scm.ha.SCMRatisServerImpl@3130b1de, cost 1790.975us
2022-01-24 18:05:04,749 [RatisPipelineUtilsThread - 0] INFO  pipeline.PipelineManagerImpl (PipelineManagerImpl.java:recordMetricsForPipeline(639)) - Pipeline: PipelineID=2124de27-bcfd-4c51-8a81-a7fa955d15d6 contains same datanodes as previous pipelines: PipelineID=358c75be-78ae-4751-80cf-fe0586866a31 nodeIds: 9fc6c589-e101-4b7c-8c44-590da935f0a3, 109b74c6-5970-42d9-b999-0985bb35528b, c189953c-19e1-459b-9255-7173c2cde622
2022-01-24 18:05:04,842 [Command processor thread] INFO  server.RaftServer (RaftServerProxy.java:addNew(95)) - 40200fd9-271f-46a5-82e6-85afe20bb727: addNew group-7A94C7E8C088:[40200fd9-271f-46a5-82e6-85afe20bb727|rpc:10.1.0.60:33665|priority:1] returns group-7A94C7E8C088:java.util.concurrent.CompletableFuture@2db68c9a[Not completed]
2022-01-24 18:05:04,852 [pool-280-thread-1] INFO  server.RaftServer$Division (RaftServerImpl.java:<init>(184)) - 40200fd9-271f-46a5-82e6-85afe20bb727: new RaftServerImpl for group-7A94C7E8C088:[40200fd9-271f-46a5-82e6-85afe20bb727|rpc:10.1.0.60:33665|priority:1] with ContainerStateMachine:uninitialized
2022-01-24 18:05:04,857 [pool-280-thread-1] INFO  server.RaftServerConfigKeys (ConfUtils.java:logGet(44)) - raft.server.rpc.timeout.min = 5s (custom)
2022-01-24 18:05:04,857 [pool-280-thread-1] INFO  server.RaftServerConfigKeys (ConfUtils.java:logGet(44)) - raft.server.rpc.timeout.max = 5200ms (custom)
2022-01-24 18:05:04,857 [pool-280-thread-1] INFO  server.RaftServerConfigKeys (ConfUtils.java:logGet(44)) - raft.server.rpc.sleep.time = 25ms (default)
2022-01-24 18:05:04,857 [pool-280-thread-1] INFO  server.RaftServerConfigKeys (ConfUtils.java:logGet(44)) - raft.server.rpc.slowness.timeout = 300000ms (custom)
2022-01-24 18:05:04,857 [pool-280-thread-1] INFO  server.RaftServerConfigKeys (ConfUtils.java:logGet(44)) - raft.server.leaderelection.leader.step-down.wait-time = 10s (default)
2022-01-24 18:05:04,857 [pool-280-thread-1] INFO  server.RaftServerConfigKeys (ConfUtils.java:logGet(44)) - raft.server.sleep.deviation.threshold = 300ms (default)
2022-01-24 18:05:04,857 [pool-280-thread-1] INFO  server.RaftServerConfigKeys (ConfUtils.java:logGet(44)) - raft.server.log.appender.install.snapshot.enabled = false (custom)
2022-01-24 18:05:04,857 [pool-280-thread-1] INFO  server.RaftServer$Division (ServerState.java:<init>(105)) - 40200fd9-271f-46a5-82e6-85afe20bb727@group-7A94C7E8C088: ConfigurationManager, init=-1: [40200fd9-271f-46a5-82e6-85afe20bb727|rpc:10.1.0.60:33665|priority:1], old=null, confs=<EMPTY_MAP>
2022-01-24 18:05:04,857 [pool-280-thread-1] INFO  server.RaftServerConfigKeys (ConfUtils.java:logGet(44)) - raft.server.storage.dir = [/home/runner/work/ozone/ozone/hadoop-ozone/integration-test/target/test-dir/MiniOzoneClusterImpl-aa639c69-f9d2-45b5-aeae-2a5a4e0b395a/datanode-0/data/ratis] (custom)
2022-01-24 18:05:04,858 [pool-280-thread-1] INFO  server.RaftServerConfigKeys (ConfUtils.java:logGet(44)) - raft.server.log.corruption.policy = EXCEPTION (default)
2022-01-24 18:05:04,858 [pool-280-thread-1] INFO  server.RaftServerConfigKeys (ConfUtils.java:logGet(44)) - raft.server.storage.free-space.min = 0MB (=0) (default)
2022-01-24 18:05:04,858 [pool-280-thread-1] INFO  storage.RaftStorageDirectory (RaftStorageDirectoryImpl.java:analyzeStorage(135)) - The storage directory /home/runner/work/ozone/ozone/hadoop-ozone/integration-test/target/test-dir/MiniOzoneClusterImpl-aa639c69-f9d2-45b5-aeae-2a5a4e0b395a/datanode-0/data/ratis/c1e61a5d-6ca1-45f5-80c8-7a94c7e8c088 does not exist. Creating ...
2022-01-24 18:05:04,865 [pool-280-thread-1] INFO  storage.RaftStorageDirectory (RaftStorageDirectoryImpl.java:tryLock(230)) - Lock on /home/runner/work/ozone/ozone/hadoop-ozone/integration-test/target/test-dir/MiniOzoneClusterImpl-aa639c69-f9d2-45b5-aeae-2a5a4e0b395a/datanode-0/data/ratis/c1e61a5d-6ca1-45f5-80c8-7a94c7e8c088/in_use.lock acquired by nodename 10094@fv-az184-104
2022-01-24 18:05:04,873 [pool-280-thread-1] INFO  storage.RaftStorage (RaftStorageImpl.java:format(89)) - Storage directory /home/runner/work/ozone/ozone/hadoop-ozone/integration-test/target/test-dir/MiniOzoneClusterImpl-aa639c69-f9d2-45b5-aeae-2a5a4e0b395a/datanode-0/data/ratis/c1e61a5d-6ca1-45f5-80c8-7a94c7e8c088 has been successfully formatted.
2022-01-24 18:05:04,883 [pool-280-thread-1] INFO  ratis.ContainerStateMachine (ContainerStateMachine.java:loadSnapshot(231)) - group-7A94C7E8C088: The snapshot info is null. Setting the last applied indexto:(t:0, i:~)
2022-01-24 18:05:04,883 [pool-280-thread-1] INFO  server.RaftServerConfigKeys (ConfUtils.java:logGet(44)) - raft.server.notification.no-leader.timeout = 300000ms (custom)
2022-01-24 18:05:04,883 [pool-280-thread-1] INFO  server.RaftServerConfigKeys (ConfUtils.java:logGet(44)) - raft.server.log.use.memory = false (default)
2022-01-24 18:05:04,883 [pool-280-thread-1] INFO  server.RaftServerConfigKeys (ConfUtils.java:logGet(44)) - raft.server.log.purge.gap = 1000000 (custom)
2022-01-24 18:05:04,883 [pool-280-thread-1] INFO  server.RaftServerConfigKeys (ConfUtils.java:logGet(44)) - raft.server.log.appender.buffer.byte-limit = 33554432 (custom)
2022-01-24 18:05:04,883 [pool-280-thread-1] INFO  server.RaftServerConfigKeys (ConfUtils.java:logGet(44)) - raft.server.log.segment.size.max = 1048576 (custom)
2022-01-24 18:05:04,884 [pool-280-thread-1] INFO  server.RaftServerConfigKeys (ConfUtils.java:logGet(44)) - raft.server.log.segment.cache.num.max = 2 (custom)
2022-01-24 18:05:04,884 [pool-280-thread-1] INFO  server.RaftServerConfigKeys (ConfUtils.java:logGet(44)) - raft.server.log.segment.cache.size.max = 200MB (=209715200) (default)
2022-01-24 18:05:04,884 [pool-280-thread-1] INFO  segmented.SegmentedRaftLogWorker (SegmentedRaftLogWorker.java:<init>(182)) - new 40200fd9-271f-46a5-82e6-85afe20bb727@group-7A94C7E8C088-SegmentedRaftLogWorker for RaftStorageImpl:Storage Directory /home/runner/work/ozone/ozone/hadoop-ozone/integration-test/target/test-dir/MiniOzoneClusterImpl-aa639c69-f9d2-45b5-aeae-2a5a4e0b395a/datanode-0/data/ratis/c1e61a5d-6ca1-45f5-80c8-7a94c7e8c088
2022-01-24 18:05:04,884 [pool-280-thread-1] INFO  server.RaftServerConfigKeys (ConfUtils.java:logGet(44)) - raft.server.log.queue.byte-limit = 2147483647 (custom)
2022-01-24 18:05:04,884 [pool-280-thread-1] INFO  server.RaftServerConfigKeys (ConfUtils.java:logGet(44)) - raft.server.log.queue.element-limit = 1024 (custom)
2022-01-24 18:05:04,884 [pool-280-thread-1] INFO  server.RaftServerConfigKeys (ConfUtils.java:logGet(44)) - raft.server.log.segment.size.max = 1048576 (custom)
2022-01-24 18:05:04,884 [pool-280-thread-1] INFO  server.RaftServerConfigKeys (ConfUtils.java:logGet(44)) - raft.server.log.preallocated.size = 16384 (custom)
2022-01-24 18:05:04,884 [pool-280-thread-1] INFO  server.RaftServerConfigKeys (ConfUtils.java:logGet(44)) - raft.server.log.force.sync.num = 128 (default)
2022-01-24 18:05:04,884 [pool-280-thread-1] INFO  server.RaftServerConfigKeys (ConfUtils.java:logGet(44)) - raft.server.log.statemachine.data.sync = true (default)
2022-01-24 18:05:04,884 [pool-280-thread-1] INFO  server.RaftServerConfigKeys (ConfUtils.java:logGet(44)) - raft.server.log.statemachine.data.sync.timeout = 10s (default)
2022-01-24 18:05:04,884 [pool-280-thread-1] INFO  server.RaftServerConfigKeys (ConfUtils.java:logGet(44)) - raft.server.log.statemachine.data.sync.timeout.retry = -1 (default)
2022-01-24 18:05:04,886 [pool-280-thread-1] INFO  server.RaftServerConfigKeys (ConfUtils.java:logGet(44)) - raft.server.log.write.buffer.size = 1048576 (custom)
2022-01-24 18:05:04,886 [EventQueue-PipelineReportForPipelineReportHandler] INFO  pipeline.PipelineManagerImpl (PipelineManagerImpl.java:openPipeline(291)) - Pipeline Pipeline[ Id: c1e61a5d-6ca1-45f5-80c8-7a94c7e8c088, Nodes: 40200fd9-271f-46a5-82e6-85afe20bb727{ip: 10.1.0.60, host: fv-az184-104.3ow45vhwbzuu5incsxmygykede.cx.internal.cloudapp.net, ports: [REPLICATION=44797, RATIS=33665, RATIS_ADMIN=33665, RATIS_SERVER=33665, STANDALONE=44373], networkLocation: /default-rack, certSerialId: null, persistedOpState: IN_SERVICE, persistedOpStateExpiryEpochSec: 0}, ReplicationConfig: RATIS/ONE, State:ALLOCATED, leaderId:40200fd9-271f-46a5-82e6-85afe20bb727, CreationTimestamp2022-01-24T18:05:01.874Z[Etc/UTC]] moved to OPEN state
2022-01-24 18:05:04,891 [d5035ba9-9d65-4327-8f69-b17ec6104eac@group-2A5A4E0B395A-StateMachineUpdater] INFO  safemode.HealthyPipelineSafeModeRule (HealthyPipelineSafeModeRule.java:initializeRule(152)) - Refreshed total pipeline count is 0, healthy pipeline threshold count is 1
2022-01-24 18:05:04,891 [EventQueue-PipelineReportForPipelineReportHandler] INFO  ha.SCMHAInvocationHandler (SCMHAInvocationHandler.java:invokeRatis(113)) - Invoking method public abstract void org.apache.hadoop.hdds.scm.pipeline.PipelineStateManager.updatePipelineState(org.apache.hadoop.hdds.protocol.proto.HddsProtos$PipelineID,org.apache.hadoop.hdds.protocol.proto.HddsProtos$PipelineState) throws java.io.IOException on target org.apache.hadoop.hdds.scm.ha.SCMRatisServerImpl@3130b1de, cost 4928.808us
2022-01-24 18:05:04,892 [pool-280-thread-1] INFO  server.RaftServerConfigKeys (ConfUtils.java:logGet(44)) - raft.server.log.statemachine.data.caching.enabled = true (custom)
2022-01-24 18:05:04,893 [pool-280-thread-1] INFO  segmented.SegmentedRaftLogWorker (SegmentedRaftLogWorker.java:lambda$new$0(133)) - 40200fd9-271f-46a5-82e6-85afe20bb727@group-7A94C7E8C088-SegmentedRaftLogWorker: flushIndex: setUnconditionally 0 -> -1
2022-01-24 18:05:04,893 [pool-280-thread-1] INFO  segmented.SegmentedRaftLogWorker (SegmentedRaftLogWorker.java:lambda$new$0(133)) - 40200fd9-271f-46a5-82e6-85afe20bb727@group-7A94C7E8C088-SegmentedRaftLogWorker: safeCacheEvictIndex: setUnconditionally 0 -> -1
2022-01-24 18:05:04,893 [pool-280-thread-1] INFO  server.RaftServerConfigKeys (ConfUtils.java:logGet(44)) - raft.server.snapshot.auto.trigger.enabled = true (custom)
2022-01-24 18:05:04,893 [pool-280-thread-1] INFO  server.RaftServerConfigKeys (ConfUtils.java:logGet(44)) - raft.server.snapshot.auto.trigger.threshold = 10000 (custom)
2022-01-24 18:05:04,893 [pool-280-thread-1] INFO  server.RaftServerConfigKeys (ConfUtils.java:logGet(44)) - raft.server.snapshot.retention.file.num = 5 (custom)
2022-01-24 18:05:04,893 [pool-280-thread-1] INFO  server.RaftServerConfigKeys (ConfUtils.java:logGet(44)) - raft.server.log.purge.upto.snapshot.index = false (default)
2022-01-24 18:05:04,893 [pool-280-thread-1] INFO  server.RaftServerConfigKeys (ConfUtils.java:logGet(44)) - raft.server.retrycache.expirytime = 600000ms (custom)
2022-01-24 18:05:04,893 [pool-280-thread-1] INFO  server.RaftServerConfigKeys (ConfUtils.java:logGet(44)) - raft.server.retrycache.statistics.expirytime = 100μs (default)
2022-01-24 18:05:04,911 [pool-280-thread-1] INFO  server.RaftServer$Division (RaftServerImpl.java:start(301)) - 40200fd9-271f-46a5-82e6-85afe20bb727@group-7A94C7E8C088: start as a follower, conf=-1: [40200fd9-271f-46a5-82e6-85afe20bb727|rpc:10.1.0.60:33665|priority:1], old=null
2022-01-24 18:05:04,911 [pool-280-thread-1] INFO  server.RaftServer$Division (RaftServerImpl.java:setRole(290)) - 40200fd9-271f-46a5-82e6-85afe20bb727@group-7A94C7E8C088: changes role from      null to FOLLOWER at term 0 for startAsFollower
2022-01-24 18:05:04,911 [pool-280-thread-1] INFO  impl.RoleInfo (RoleInfo.java:updateAndGet(130)) - 40200fd9-271f-46a5-82e6-85afe20bb727: start 40200fd9-271f-46a5-82e6-85afe20bb727@group-7A94C7E8C088-FollowerState
2022-01-24 18:05:04,915 [EventQueue-OpenPipelineForHealthyPipelineSafeModeRule] INFO  safemode.SCMSafeModeManager (HealthyPipelineSafeModeRule.java:process(124)) - SCM in safe mode. Healthy pipelines reported count is 0, required healthy pipeline reported count is 1
2022-01-24 18:05:04,942 [pool-280-thread-1] INFO  util.JmxRegister (JmxRegister.java:tryRegister(44)) - Successfully registered JMX Bean with object name Ratis:service=RaftServer,group=group-7A94C7E8C088,id=40200fd9-271f-46a5-82e6-85afe20bb727
2022-01-24 18:05:04,950 [Command processor thread] INFO  ratis.XceiverServerRatis (XceiverServerRatis.java:addGroup(768)) - Created group PipelineID=c1e61a5d-6ca1-45f5-80c8-7a94c7e8c088
2022-01-24 18:05:04,950 [Command processor thread] INFO  commandhandler.CreatePipelineCommandHandler (CreatePipelineCommandHandler.java:handle(106)) - Created Pipeline RATIS ONE PipelineID=c1e61a5d-6ca1-45f5-80c8-7a94c7e8c088.
2022-01-24 18:05:04,950 [Command processor thread] INFO  server.RaftServer (RaftServerProxy.java:addNew(95)) - 40200fd9-271f-46a5-82e6-85afe20bb727: addNew group-16119EBFA722:[1c5e7e03-d60e-4e29-906a-a7b7ae931ec0|rpc:10.1.0.60:37847|priority:0, 08efc83e-84e2-40a1-a562-910b2e2f8a64|rpc:10.1.0.60:33205|priority:1, 40200fd9-271f-46a5-82e6-85afe20bb727|rpc:10.1.0.60:33665|priority:0] returns group-16119EBFA722:java.util.concurrent.CompletableFuture@29891df4[Not completed]
2022-01-24 18:05:04,951 [pool-280-thread-1] INFO  server.RaftServer$Division (RaftServerImpl.java:<init>(184)) - 40200fd9-271f-46a5-82e6-85afe20bb727: new RaftServerImpl for group-16119EBFA722:[1c5e7e03-d60e-4e29-906a-a7b7ae931ec0|rpc:10.1.0.60:37847|priority:0, 08efc83e-84e2-40a1-a562-910b2e2f8a64|rpc:10.1.0.60:33205|priority:1, 40200fd9-271f-46a5-82e6-85afe20bb727|rpc:10.1.0.60:33665|priority:0] with ContainerStateMachine:uninitialized
2022-01-24 18:05:04,951 [pool-280-thread-1] INFO  server.RaftServerConfigKeys (ConfUtils.java:logGet(44)) - raft.server.rpc.timeout.min = 5s (custom)
2022-01-24 18:05:04,951 [pool-280-thread-1] INFO  server.RaftServerConfigKeys (ConfUtils.java:logGet(44)) - raft.server.rpc.timeout.max = 5200ms (custom)
2022-01-24 18:05:04,951 [pool-280-thread-1] INFO  server.RaftServerConfigKeys (ConfUtils.java:logGet(44)) - raft.server.rpc.sleep.time = 25ms (default)
2022-01-24 18:05:04,951 [pool-280-thread-1] INFO  server.RaftServerConfigKeys (ConfUtils.java:logGet(44)) - raft.server.rpc.slowness.timeout = 300000ms (custom)
2022-01-24 18:05:04,952 [pool-280-thread-1] INFO  server.RaftServerConfigKeys (ConfUtils.java:logGet(44)) - raft.server.leaderelection.leader.step-down.wait-time = 10s (default)
2022-01-24 18:05:04,952 [pool-280-thread-1] INFO  server.RaftServerConfigKeys (ConfUtils.java:logGet(44)) - raft.server.sleep.deviation.threshold = 300ms (default)
2022-01-24 18:05:04,952 [pool-280-thread-1] INFO  server.RaftServerConfigKeys (ConfUtils.java:logGet(44)) - raft.server.log.appender.install.snapshot.enabled = false (custom)
2022-01-24 18:05:04,952 [pool-280-thread-1] INFO  server.RaftServer$Division (ServerState.java:<init>(105)) - 40200fd9-271f-46a5-82e6-85afe20bb727@group-16119EBFA722: ConfigurationManager, init=-1: [1c5e7e03-d60e-4e29-906a-a7b7ae931ec0|rpc:10.1.0.60:37847|priority:0, 08efc83e-84e2-40a1-a562-910b2e2f8a64|rpc:10.1.0.60:33205|priority:1, 40200fd9-271f-46a5-82e6-85afe20bb727|rpc:10.1.0.60:33665|priority:0], old=null, confs=<EMPTY_MAP>
2022-01-24 18:05:04,952 [pool-280-thread-1] INFO  server.RaftServerConfigKeys (ConfUtils.java:logGet(44)) - raft.server.storage.dir = [/home/runner/work/ozone/ozone/hadoop-ozone/integration-test/target/test-dir/MiniOzoneClusterImpl-aa639c69-f9d2-45b5-aeae-2a5a4e0b395a/datanode-0/data/ratis] (custom)
2022-01-24 18:05:04,952 [pool-280-thread-1] INFO  server.RaftServerConfigKeys (ConfUtils.java:logGet(44)) - raft.server.log.corruption.policy = EXCEPTION (default)
2022-01-24 18:05:04,952 [pool-280-thread-1] INFO  server.RaftServerConfigKeys (ConfUtils.java:logGet(44)) - raft.server.storage.free-space.min = 0MB (=0) (default)
2022-01-24 18:05:04,952 [pool-280-thread-1] INFO  storage.RaftStorageDirectory (RaftStorageDirectoryImpl.java:analyzeStorage(135)) - The storage directory /home/runner/work/ozone/ozone/hadoop-ozone/integration-test/target/test-dir/MiniOzoneClusterImpl-aa639c69-f9d2-45b5-aeae-2a5a4e0b395a/datanode-0/data/ratis/557284a3-31df-4f38-8c53-16119ebfa722 does not exist. Creating ...
2022-01-24 18:05:04,953 [pool-280-thread-1] INFO  storage.RaftStorageDirectory (RaftStorageDirectoryImpl.java:tryLock(230)) - Lock on /home/runner/work/ozone/ozone/hadoop-ozone/integration-test/target/test-dir/MiniOzoneClusterImpl-aa639c69-f9d2-45b5-aeae-2a5a4e0b395a/datanode-0/data/ratis/557284a3-31df-4f38-8c53-16119ebfa722/in_use.lock acquired by nodename 10094@fv-az184-104
2022-01-24 18:05:04,954 [pool-280-thread-1] INFO  storage.RaftStorage (RaftStorageImpl.java:format(89)) - Storage directory /home/runner/work/ozone/ozone/hadoop-ozone/integration-test/target/test-dir/MiniOzoneClusterImpl-aa639c69-f9d2-45b5-aeae-2a5a4e0b395a/datanode-0/data/ratis/557284a3-31df-4f38-8c53-16119ebfa722 has been successfully formatted.
2022-01-24 18:05:04,955 [pool-280-thread-1] INFO  ratis.ContainerStateMachine (ContainerStateMachine.java:loadSnapshot(231)) - group-16119EBFA722: The snapshot info is null. Setting the last applied indexto:(t:0, i:~)
2022-01-24 18:05:04,955 [pool-280-thread-1] INFO  server.RaftServerConfigKeys (ConfUtils.java:logGet(44)) - raft.server.notification.no-leader.timeout = 300000ms (custom)
2022-01-24 18:05:04,955 [pool-280-thread-1] INFO  server.RaftServerConfigKeys (ConfUtils.java:logGet(44)) - raft.server.log.use.memory = false (default)
2022-01-24 18:05:04,955 [pool-280-thread-1] INFO  server.RaftServerConfigKeys (ConfUtils.java:logGet(44)) - raft.server.log.purge.gap = 1000000 (custom)
2022-01-24 18:05:04,955 [pool-280-thread-1] INFO  server.RaftServerConfigKeys (ConfUtils.java:logGet(44)) - raft.server.log.appender.buffer.byte-limit = 33554432 (custom)
2022-01-24 18:05:04,956 [EventQueue-OpenPipelineForHealthyPipelineSafeModeRule] INFO  safemode.SCMSafeModeManager (HealthyPipelineSafeModeRule.java:process(124)) - SCM in safe mode. Healthy pipelines reported count is 0, required healthy pipeline reported count is 1
2022-01-24 18:05:04,956 [pool-280-thread-1] INFO  server.RaftServerConfigKeys (ConfUtils.java:logGet(44)) - raft.server.log.segment.size.max = 1048576 (custom)
2022-01-24 18:05:04,957 [pool-280-thread-1] INFO  server.RaftServerConfigKeys (ConfUtils.java:logGet(44)) - raft.server.log.segment.cache.num.max = 2 (custom)
2022-01-24 18:05:04,957 [pool-280-thread-1] INFO  server.RaftServerConfigKeys (ConfUtils.java:logGet(44)) - raft.server.log.segment.cache.size.max = 200MB (=209715200) (default)
2022-01-24 18:05:04,957 [pool-280-thread-1] INFO  segmented.SegmentedRaftLogWorker (SegmentedRaftLogWorker.java:<init>(182)) - new 40200fd9-271f-46a5-82e6-85afe20bb727@group-16119EBFA722-SegmentedRaftLogWorker for RaftStorageImpl:Storage Directory /home/runner/work/ozone/ozone/hadoop-ozone/integration-test/target/test-dir/MiniOzoneClusterImpl-aa639c69-f9d2-45b5-aeae-2a5a4e0b395a/datanode-0/data/ratis/557284a3-31df-4f38-8c53-16119ebfa722
2022-01-24 18:05:04,957 [pool-280-thread-1] INFO  server.RaftServerConfigKeys (ConfUtils.java:logGet(44)) - raft.server.log.queue.byte-limit = 2147483647 (custom)
2022-01-24 18:05:04,957 [pool-280-thread-1] INFO  server.RaftServerConfigKeys (ConfUtils.java:logGet(44)) - raft.server.log.queue.element-limit = 1024 (custom)
2022-01-24 18:05:04,957 [pool-280-thread-1] INFO  server.RaftServerConfigKeys (ConfUtils.java:logGet(44)) - raft.server.log.segment.size.max = 1048576 (custom)
2022-01-24 18:05:04,957 [pool-280-thread-1] INFO  server.RaftServerConfigKeys (ConfUtils.java:logGet(44)) - raft.server.log.preallocated.size = 16384 (custom)
2022-01-24 18:05:04,957 [pool-280-thread-1] INFO  server.RaftServerConfigKeys (ConfUtils.java:logGet(44)) - raft.server.log.force.sync.num = 128 (default)
2022-01-24 18:05:04,957 [pool-280-thread-1] INFO  server.RaftServerConfigKeys (ConfUtils.java:logGet(44)) - raft.server.log.statemachine.data.sync = true (default)
2022-01-24 18:05:04,957 [pool-280-thread-1] INFO  server.RaftServerConfigKeys (ConfUtils.java:logGet(44)) - raft.server.log.statemachine.data.sync.timeout = 10s (default)
2022-01-24 18:05:04,957 [pool-280-thread-1] INFO  server.RaftServerConfigKeys (ConfUtils.java:logGet(44)) - raft.server.log.statemachine.data.sync.timeout.retry = -1 (default)
2022-01-24 18:05:04,958 [pool-280-thread-1] INFO  server.RaftServerConfigKeys (ConfUtils.java:logGet(44)) - raft.server.log.write.buffer.size = 1048576 (custom)
2022-01-24 18:05:04,959 [pool-280-thread-1] INFO  server.RaftServerConfigKeys (ConfUtils.java:logGet(44)) - raft.server.log.statemachine.data.caching.enabled = true (custom)
2022-01-24 18:05:04,966 [pool-280-thread-1] INFO  segmented.SegmentedRaftLogWorker (SegmentedRaftLogWorker.java:lambda$new$0(133)) - 40200fd9-271f-46a5-82e6-85afe20bb727@group-16119EBFA722-SegmentedRaftLogWorker: flushIndex: setUnconditionally 0 -> -1
2022-01-24 18:05:04,966 [pool-280-thread-1] INFO  segmented.SegmentedRaftLogWorker (SegmentedRaftLogWorker.java:lambda$new$0(133)) - 40200fd9-271f-46a5-82e6-85afe20bb727@group-16119EBFA722-SegmentedRaftLogWorker: safeCacheEvictIndex: setUnconditionally 0 -> -1
2022-01-24 18:05:04,973 [pool-280-thread-1] INFO  server.RaftServerConfigKeys (ConfUtils.java:logGet(44)) - raft.server.snapshot.auto.trigger.enabled = true (custom)
2022-01-24 18:05:04,973 [pool-280-thread-1] INFO  server.RaftServerConfigKeys (ConfUtils.java:logGet(44)) - raft.server.snapshot.auto.trigger.threshold = 10000 (custom)
2022-01-24 18:05:04,973 [pool-280-thread-1] INFO  server.RaftServerConfigKeys (ConfUtils.java:logGet(44)) - raft.server.snapshot.retention.file.num = 5 (custom)
2022-01-24 18:05:04,973 [pool-280-thread-1] INFO  server.RaftServerConfigKeys (ConfUtils.java:logGet(44)) - raft.server.log.purge.upto.snapshot.index = false (default)
2022-01-24 18:05:04,973 [pool-280-thread-1] INFO  server.RaftServerConfigKeys (ConfUtils.java:logGet(44)) - raft.server.retrycache.expirytime = 600000ms (custom)
2022-01-24 18:05:04,973 [pool-280-thread-1] INFO  server.RaftServerConfigKeys (ConfUtils.java:logGet(44)) - raft.server.retrycache.statistics.expirytime = 100μs (default)
2022-01-24 18:05:04,974 [pool-280-thread-1] INFO  server.RaftServer$Division (RaftServerImpl.java:start(301)) - 40200fd9-271f-46a5-82e6-85afe20bb727@group-16119EBFA722: start as a follower, conf=-1: [1c5e7e03-d60e-4e29-906a-a7b7ae931ec0|rpc:10.1.0.60:37847|priority:0, 08efc83e-84e2-40a1-a562-910b2e2f8a64|rpc:10.1.0.60:33205|priority:1, 40200fd9-271f-46a5-82e6-85afe20bb727|rpc:10.1.0.60:33665|priority:0], old=null
2022-01-24 18:05:04,974 [pool-280-thread-1] INFO  server.RaftServer$Division (RaftServerImpl.java:setRole(290)) - 40200fd9-271f-46a5-82e6-85afe20bb727@group-16119EBFA722: changes role from      null to FOLLOWER at term 0 for startAsFollower
2022-01-24 18:05:04,974 [pool-280-thread-1] INFO  impl.RoleInfo (RoleInfo.java:updateAndGet(130)) - 40200fd9-271f-46a5-82e6-85afe20bb727: start 40200fd9-271f-46a5-82e6-85afe20bb727@group-16119EBFA722-FollowerState
2022-01-24 18:05:04,989 [pool-280-thread-1] INFO  util.JmxRegister (JmxRegister.java:tryRegister(44)) - Successfully registered JMX Bean with object name Ratis:service=RaftServer,group=group-16119EBFA722,id=40200fd9-271f-46a5-82e6-85afe20bb727
2022-01-24 18:05:05,021 [Command processor thread] INFO  ratis.XceiverServerRatis (XceiverServerRatis.java:addGroup(768)) - Created group PipelineID=557284a3-31df-4f38-8c53-16119ebfa722
2022-01-24 18:05:05,033 [grpc-default-executor-4] INFO  server.RaftServer (RaftServerProxy.java:addNew(95)) - 08efc83e-84e2-40a1-a562-910b2e2f8a64: addNew group-16119EBFA722:[1c5e7e03-d60e-4e29-906a-a7b7ae931ec0|rpc:10.1.0.60:37847|dataStream:|priority:0, 08efc83e-84e2-40a1-a562-910b2e2f8a64|rpc:10.1.0.60:33205|dataStream:|priority:1, 40200fd9-271f-46a5-82e6-85afe20bb727|rpc:10.1.0.60:33665|dataStream:|priority:0] returns group-16119EBFA722:java.util.concurrent.CompletableFuture@76fe9f60[Not completed]
2022-01-24 18:05:05,077 [pool-301-thread-1] INFO  server.RaftServer$Division (RaftServerImpl.java:<init>(184)) - 08efc83e-84e2-40a1-a562-910b2e2f8a64: new RaftServerImpl for group-16119EBFA722:[1c5e7e03-d60e-4e29-906a-a7b7ae931ec0|rpc:10.1.0.60:37847|dataStream:|priority:0, 08efc83e-84e2-40a1-a562-910b2e2f8a64|rpc:10.1.0.60:33205|dataStream:|priority:1, 40200fd9-271f-46a5-82e6-85afe20bb727|rpc:10.1.0.60:33665|dataStream:|priority:0] with ContainerStateMachine:uninitialized
2022-01-24 18:05:05,077 [pool-301-thread-1] INFO  server.RaftServerConfigKeys (ConfUtils.java:logGet(44)) - raft.server.rpc.timeout.min = 5s (custom)
2022-01-24 18:05:05,078 [pool-301-thread-1] INFO  server.RaftServerConfigKeys (ConfUtils.java:logGet(44)) - raft.server.rpc.timeout.max = 5200ms (custom)
2022-01-24 18:05:05,078 [pool-301-thread-1] INFO  server.RaftServerConfigKeys (ConfUtils.java:logGet(44)) - raft.server.rpc.sleep.time = 25ms (default)
2022-01-24 18:05:05,078 [pool-301-thread-1] INFO  server.RaftServerConfigKeys (ConfUtils.java:logGet(44)) - raft.server.rpc.slowness.timeout = 300000ms (custom)
2022-01-24 18:05:05,078 [pool-301-thread-1] INFO  server.RaftServerConfigKeys (ConfUtils.java:logGet(44)) - raft.server.leaderelection.leader.step-down.wait-time = 10s (default)
2022-01-24 18:05:05,078 [pool-301-thread-1] INFO  server.RaftServerConfigKeys (ConfUtils.java:logGet(44)) - raft.server.sleep.deviation.threshold = 300ms (default)
2022-01-24 18:05:05,078 [pool-301-thread-1] INFO  server.RaftServerConfigKeys (ConfUtils.java:logGet(44)) - raft.server.log.appender.install.snapshot.enabled = false (custom)
2022-01-24 18:05:05,078 [pool-301-thread-1] INFO  server.RaftServer$Division (ServerState.java:<init>(105)) - 08efc83e-84e2-40a1-a562-910b2e2f8a64@group-16119EBFA722: ConfigurationManager, init=-1: [1c5e7e03-d60e-4e29-906a-a7b7ae931ec0|rpc:10.1.0.60:37847|dataStream:|priority:0, 08efc83e-84e2-40a1-a562-910b2e2f8a64|rpc:10.1.0.60:33205|dataStream:|priority:1, 40200fd9-271f-46a5-82e6-85afe20bb727|rpc:10.1.0.60:33665|dataStream:|priority:0], old=null, confs=<EMPTY_MAP>
2022-01-24 18:05:05,078 [pool-301-thread-1] INFO  server.RaftServerConfigKeys (ConfUtils.java:logGet(44)) - raft.server.storage.dir = [/home/runner/work/ozone/ozone/hadoop-ozone/integration-test/target/test-dir/MiniOzoneClusterImpl-aa639c69-f9d2-45b5-aeae-2a5a4e0b395a/datanode-1/data/ratis] (custom)
2022-01-24 18:05:05,078 [pool-301-thread-1] INFO  server.RaftServerConfigKeys (ConfUtils.java:logGet(44)) - raft.server.log.corruption.policy = EXCEPTION (default)
2022-01-24 18:05:05,078 [pool-301-thread-1] INFO  server.RaftServerConfigKeys (ConfUtils.java:logGet(44)) - raft.server.storage.free-space.min = 0MB (=0) (default)
2022-01-24 18:05:05,078 [pool-301-thread-1] INFO  storage.RaftStorageDirectory (RaftStorageDirectoryImpl.java:analyzeStorage(135)) - The storage directory /home/runner/work/ozone/ozone/hadoop-ozone/integration-test/target/test-dir/MiniOzoneClusterImpl-aa639c69-f9d2-45b5-aeae-2a5a4e0b395a/datanode-1/data/ratis/557284a3-31df-4f38-8c53-16119ebfa722 does not exist. Creating ...
2022-01-24 18:05:05,093 [pool-301-thread-1] INFO  storage.RaftStorageDirectory (RaftStorageDirectoryImpl.java:tryLock(230)) - Lock on /home/runner/work/ozone/ozone/hadoop-ozone/integration-test/target/test-dir/MiniOzoneClusterImpl-aa639c69-f9d2-45b5-aeae-2a5a4e0b395a/datanode-1/data/ratis/557284a3-31df-4f38-8c53-16119ebfa722/in_use.lock acquired by nodename 10094@fv-az184-104
2022-01-24 18:05:05,095 [pool-301-thread-1] INFO  storage.RaftStorage (RaftStorageImpl.java:format(89)) - Storage directory /home/runner/work/ozone/ozone/hadoop-ozone/integration-test/target/test-dir/MiniOzoneClusterImpl-aa639c69-f9d2-45b5-aeae-2a5a4e0b395a/datanode-1/data/ratis/557284a3-31df-4f38-8c53-16119ebfa722 has been successfully formatted.
2022-01-24 18:05:05,108 [pool-301-thread-1] INFO  ratis.ContainerStateMachine (ContainerStateMachine.java:loadSnapshot(231)) - group-16119EBFA722: The snapshot info is null. Setting the last applied indexto:(t:0, i:~)
2022-01-24 18:05:05,111 [pool-301-thread-1] INFO  server.RaftServerConfigKeys (ConfUtils.java:logGet(44)) - raft.server.notification.no-leader.timeout = 300000ms (custom)
2022-01-24 18:05:05,111 [pool-301-thread-1] INFO  server.RaftServerConfigKeys (ConfUtils.java:logGet(44)) - raft.server.log.use.memory = false (default)
2022-01-24 18:05:05,111 [pool-301-thread-1] INFO  server.RaftServerConfigKeys (ConfUtils.java:logGet(44)) - raft.server.log.purge.gap = 1000000 (custom)
2022-01-24 18:05:05,111 [pool-301-thread-1] INFO  server.RaftServerConfigKeys (ConfUtils.java:logGet(44)) - raft.server.log.appender.buffer.byte-limit = 33554432 (custom)
2022-01-24 18:05:05,113 [pool-301-thread-1] INFO  server.RaftServerConfigKeys (ConfUtils.java:logGet(44)) - raft.server.log.segment.size.max = 1048576 (custom)
2022-01-24 18:05:05,113 [pool-301-thread-1] INFO  server.RaftServerConfigKeys (ConfUtils.java:logGet(44)) - raft.server.log.segment.cache.num.max = 2 (custom)
2022-01-24 18:05:05,113 [pool-301-thread-1] INFO  server.RaftServerConfigKeys (ConfUtils.java:logGet(44)) - raft.server.log.segment.cache.size.max = 200MB (=209715200) (default)
2022-01-24 18:05:05,113 [pool-301-thread-1] INFO  segmented.SegmentedRaftLogWorker (SegmentedRaftLogWorker.java:<init>(182)) - new 08efc83e-84e2-40a1-a562-910b2e2f8a64@group-16119EBFA722-SegmentedRaftLogWorker for RaftStorageImpl:Storage Directory /home/runner/work/ozone/ozone/hadoop-ozone/integration-test/target/test-dir/MiniOzoneClusterImpl-aa639c69-f9d2-45b5-aeae-2a5a4e0b395a/datanode-1/data/ratis/557284a3-31df-4f38-8c53-16119ebfa722
2022-01-24 18:05:05,113 [pool-301-thread-1] INFO  server.RaftServerConfigKeys (ConfUtils.java:logGet(44)) - raft.server.log.queue.byte-limit = 2147483647 (custom)
2022-01-24 18:05:05,114 [pool-301-thread-1] INFO  server.RaftServerConfigKeys (ConfUtils.java:logGet(44)) - raft.server.log.queue.element-limit = 1024 (custom)
2022-01-24 18:05:05,114 [pool-301-thread-1] INFO  server.RaftServerConfigKeys (ConfUtils.java:logGet(44)) - raft.server.log.segment.size.max = 1048576 (custom)
2022-01-24 18:05:05,114 [pool-301-thread-1] INFO  server.RaftServerConfigKeys (ConfUtils.java:logGet(44)) - raft.server.log.preallocated.size = 16384 (custom)
2022-01-24 18:05:05,114 [pool-301-thread-1] INFO  server.RaftServerConfigKeys (ConfUtils.java:logGet(44)) - raft.server.log.force.sync.num = 128 (default)
2022-01-24 18:05:05,114 [pool-301-thread-1] INFO  server.RaftServerConfigKeys (ConfUtils.java:logGet(44)) - raft.server.log.statemachine.data.sync = true (default)
2022-01-24 18:05:05,114 [pool-301-thread-1] INFO  server.RaftServerConfigKeys (ConfUtils.java:logGet(44)) - raft.server.log.statemachine.data.sync.timeout = 10s (default)
2022-01-24 18:05:05,114 [pool-301-thread-1] INFO  server.RaftServerConfigKeys (ConfUtils.java:logGet(44)) - raft.server.log.statemachine.data.sync.timeout.retry = -1 (default)
2022-01-24 18:05:05,115 [pool-301-thread-1] INFO  server.RaftServerConfigKeys (ConfUtils.java:logGet(44)) - raft.server.log.write.buffer.size = 1048576 (custom)
2022-01-24 18:05:05,116 [pool-301-thread-1] INFO  server.RaftServerConfigKeys (ConfUtils.java:logGet(44)) - raft.server.log.statemachine.data.caching.enabled = true (custom)
2022-01-24 18:05:05,121 [pool-301-thread-1] INFO  segmented.SegmentedRaftLogWorker (SegmentedRaftLogWorker.java:lambda$new$0(133)) - 08efc83e-84e2-40a1-a562-910b2e2f8a64@group-16119EBFA722-SegmentedRaftLogWorker: flushIndex: setUnconditionally 0 -> -1
2022-01-24 18:05:05,121 [pool-301-thread-1] INFO  segmented.SegmentedRaftLogWorker (SegmentedRaftLogWorker.java:lambda$new$0(133)) - 08efc83e-84e2-40a1-a562-910b2e2f8a64@group-16119EBFA722-SegmentedRaftLogWorker: safeCacheEvictIndex: setUnconditionally 0 -> -1
2022-01-24 18:05:05,130 [pool-301-thread-1] INFO  server.RaftServerConfigKeys (ConfUtils.java:logGet(44)) - raft.server.snapshot.auto.trigger.enabled = true (custom)
2022-01-24 18:05:05,130 [pool-301-thread-1] INFO  server.RaftServerConfigKeys (ConfUtils.java:logGet(44)) - raft.server.snapshot.auto.trigger.threshold = 10000 (custom)
2022-01-24 18:05:05,130 [pool-301-thread-1] INFO  server.RaftServerConfigKeys (ConfUtils.java:logGet(44)) - raft.server.snapshot.retention.file.num = 5 (custom)
2022-01-24 18:05:05,130 [pool-301-thread-1] INFO  server.RaftServerConfigKeys (ConfUtils.java:logGet(44)) - raft.server.log.purge.upto.snapshot.index = false (default)
2022-01-24 18:05:05,130 [pool-301-thread-1] INFO  server.RaftServerConfigKeys (ConfUtils.java:logGet(44)) - raft.server.retrycache.expirytime = 600000ms (custom)
2022-01-24 18:05:05,130 [pool-301-thread-1] INFO  server.RaftServerConfigKeys (ConfUtils.java:logGet(44)) - raft.server.retrycache.statistics.expirytime = 100μs (default)
2022-01-24 18:05:05,131 [pool-301-thread-1] INFO  server.RaftServer$Division (RaftServerImpl.java:start(301)) - 08efc83e-84e2-40a1-a562-910b2e2f8a64@group-16119EBFA722: start as a follower, conf=-1: [1c5e7e03-d60e-4e29-906a-a7b7ae931ec0|rpc:10.1.0.60:37847|dataStream:|priority:0, 08efc83e-84e2-40a1-a562-910b2e2f8a64|rpc:10.1.0.60:33205|dataStream:|priority:1, 40200fd9-271f-46a5-82e6-85afe20bb727|rpc:10.1.0.60:33665|dataStream:|priority:0], old=null
2022-01-24 18:05:05,131 [pool-301-thread-1] INFO  server.RaftServer$Division (RaftServerImpl.java:setRole(290)) - 08efc83e-84e2-40a1-a562-910b2e2f8a64@group-16119EBFA722: changes role from      null to FOLLOWER at term 0 for startAsFollower
2022-01-24 18:05:05,132 [pool-301-thread-1] INFO  impl.RoleInfo (RoleInfo.java:updateAndGet(130)) - 08efc83e-84e2-40a1-a562-910b2e2f8a64: start 08efc83e-84e2-40a1-a562-910b2e2f8a64@group-16119EBFA722-FollowerState
2022-01-24 18:05:05,132 [pool-301-thread-1] INFO  util.JmxRegister (JmxRegister.java:tryRegister(44)) - Successfully registered JMX Bean with object name Ratis:service=RaftServer,group=group-16119EBFA722,id=08efc83e-84e2-40a1-a562-910b2e2f8a64
2022-01-24 18:05:05,144 [Listener at 127.0.0.1/42611] INFO  ozone.MiniOzoneClusterImpl (MiniOzoneClusterImpl.java:lambda$waitForClusterToBeReady$0(219)) - Waiting for nodes to be ready. Got 6 of 7 DN Heartbeats.
2022-01-24 18:05:05,144 [Listener at 127.0.0.1/42611] INFO  ozone.MiniOzoneClusterImpl (MiniOzoneClusterImpl.java:lambda$waitForClusterToBeReady$0(222)) - Waiting for cluster to exit safe mode
2022-01-24 18:05:05,144 [Listener at 127.0.0.1/42611] INFO  ozone.MiniOzoneClusterImpl (MiniOzoneClusterImpl.java:lambda$waitForClusterToBeReady$0(224)) - SCM became leader
2022-01-24 18:05:05,177 [grpc-default-executor-4] INFO  server.RaftServer (RaftServerProxy.java:addNew(95)) - 1c5e7e03-d60e-4e29-906a-a7b7ae931ec0: addNew group-16119EBFA722:[1c5e7e03-d60e-4e29-906a-a7b7ae931ec0|rpc:10.1.0.60:37847|dataStream:|priority:0, 08efc83e-84e2-40a1-a562-910b2e2f8a64|rpc:10.1.0.60:33205|dataStream:|priority:1, 40200fd9-271f-46a5-82e6-85afe20bb727|rpc:10.1.0.60:33665|dataStream:|priority:0] returns group-16119EBFA722:java.util.concurrent.CompletableFuture@6f019e43[Not completed]
2022-01-24 18:05:05,178 [pool-322-thread-1] INFO  server.RaftServer$Division (RaftServerImpl.java:<init>(184)) - 1c5e7e03-d60e-4e29-906a-a7b7ae931ec0: new RaftServerImpl for group-16119EBFA722:[1c5e7e03-d60e-4e29-906a-a7b7ae931ec0|rpc:10.1.0.60:37847|dataStream:|priority:0, 08efc83e-84e2-40a1-a562-910b2e2f8a64|rpc:10.1.0.60:33205|dataStream:|priority:1, 40200fd9-271f-46a5-82e6-85afe20bb727|rpc:10.1.0.60:33665|dataStream:|priority:0] with ContainerStateMachine:uninitialized
2022-01-24 18:05:05,194 [pool-322-thread-1] INFO  server.RaftServerConfigKeys (ConfUtils.java:logGet(44)) - raft.server.rpc.timeout.min = 5s (custom)
2022-01-24 18:05:05,194 [pool-322-thread-1] INFO  server.RaftServerConfigKeys (ConfUtils.java:logGet(44)) - raft.server.rpc.timeout.max = 5200ms (custom)
2022-01-24 18:05:05,194 [pool-322-thread-1] INFO  server.RaftServerConfigKeys (ConfUtils.java:logGet(44)) - raft.server.rpc.sleep.time = 25ms (default)
2022-01-24 18:05:05,194 [pool-322-thread-1] INFO  server.RaftServerConfigKeys (ConfUtils.java:logGet(44)) - raft.server.rpc.slowness.timeout = 300000ms (custom)
2022-01-24 18:05:05,198 [IPC Server handler 10 on default port 46173] INFO  net.NetworkTopologyImpl (NetworkTopologyImpl.java:add(112)) - Added a new node: /default-rack/1a3114de-e112-4498-a6aa-be6295599880
2022-01-24 18:05:05,201 [IPC Server handler 10 on default port 46173] INFO  node.SCMNodeManager (SCMNodeManager.java:register(389)) - Registered Data node : 1a3114de-e112-4498-a6aa-be6295599880{ip: 10.1.0.60, host: fv-az184-104.3ow45vhwbzuu5incsxmygykede.cx.internal.cloudapp.net, ports: [REPLICATION=37263, RATIS=37371, RATIS_ADMIN=37371, RATIS_SERVER=37371, STANDALONE=39593], networkLocation: /default-rack, certSerialId: null, persistedOpState: null, persistedOpStateExpiryEpochSec: 0}
2022-01-24 18:05:05,201 [EventQueue-NewNodeForNewNodeHandler] INFO  pipeline.BackgroundPipelineCreator (BackgroundPipelineCreator.java:notifyEventTriggered(285)) - trigger a one-shot run on RatisPipelineUtilsThread.
2022-01-24 18:05:05,202 [pool-322-thread-1] INFO  server.RaftServerConfigKeys (ConfUtils.java:logGet(44)) - raft.server.leaderelection.leader.step-down.wait-time = 10s (default)
2022-01-24 18:05:05,202 [pool-322-thread-1] INFO  server.RaftServerConfigKeys (ConfUtils.java:logGet(44)) - raft.server.sleep.deviation.threshold = 300ms (default)
2022-01-24 18:05:05,202 [pool-322-thread-1] INFO  server.RaftServerConfigKeys (ConfUtils.java:logGet(44)) - raft.server.log.appender.install.snapshot.enabled = false (custom)
2022-01-24 18:05:05,202 [pool-322-thread-1] INFO  server.RaftServer$Division (ServerState.java:<init>(105)) - 1c5e7e03-d60e-4e29-906a-a7b7ae931ec0@group-16119EBFA722: ConfigurationManager, init=-1: [1c5e7e03-d60e-4e29-906a-a7b7ae931ec0|rpc:10.1.0.60:37847|dataStream:|priority:0, 08efc83e-84e2-40a1-a562-910b2e2f8a64|rpc:10.1.0.60:33205|dataStream:|priority:1, 40200fd9-271f-46a5-82e6-85afe20bb727|rpc:10.1.0.60:33665|dataStream:|priority:0], old=null, confs=<EMPTY_MAP>
2022-01-24 18:05:05,203 [pool-322-thread-1] INFO  server.RaftServerConfigKeys (ConfUtils.java:logGet(44)) - raft.server.storage.dir = [/home/runner/work/ozone/ozone/hadoop-ozone/integration-test/target/test-dir/MiniOzoneClusterImpl-aa639c69-f9d2-45b5-aeae-2a5a4e0b395a/datanode-2/data/ratis] (custom)
2022-01-24 18:05:05,203 [pool-322-thread-1] INFO  server.RaftServerConfigKeys (ConfUtils.java:logGet(44)) - raft.server.log.corruption.policy = EXCEPTION (default)
2022-01-24 18:05:05,208 [pool-322-thread-1] INFO  server.RaftServerConfigKeys (ConfUtils.java:logGet(44)) - raft.server.storage.free-space.min = 0MB (=0) (default)
2022-01-24 18:05:05,208 [pool-322-thread-1] INFO  storage.RaftStorageDirectory (RaftStorageDirectoryImpl.java:analyzeStorage(135)) - The storage directory /home/runner/work/ozone/ozone/hadoop-ozone/integration-test/target/test-dir/MiniOzoneClusterImpl-aa639c69-f9d2-45b5-aeae-2a5a4e0b395a/datanode-2/data/ratis/557284a3-31df-4f38-8c53-16119ebfa722 does not exist. Creating ...
2022-01-24 18:05:05,209 [pool-322-thread-1] INFO  storage.RaftStorageDirectory (RaftStorageDirectoryImpl.java:tryLock(230)) - Lock on /home/runner/work/ozone/ozone/hadoop-ozone/integration-test/target/test-dir/MiniOzoneClusterImpl-aa639c69-f9d2-45b5-aeae-2a5a4e0b395a/datanode-2/data/ratis/557284a3-31df-4f38-8c53-16119ebfa722/in_use.lock acquired by nodename 10094@fv-az184-104
2022-01-24 18:05:05,218 [RatisPipelineUtilsThread - 0] INFO  pipeline.RatisPipelineProvider (RatisPipelineProvider.java:lambda$create$0(183)) - Sending CreatePipelineCommand for pipeline:PipelineID=32e0c549-a84c-428f-9ab8-06afde8a5c6d to datanode:1a3114de-e112-4498-a6aa-be6295599880
2022-01-24 18:05:05,221 [d5035ba9-9d65-4327-8f69-b17ec6104eac@group-2A5A4E0B395A-StateMachineUpdater] INFO  pipeline.PipelineStateManagerImpl (PipelineStateManagerImpl.java:addPipeline(101)) - Created pipeline Pipeline[ Id: 32e0c549-a84c-428f-9ab8-06afde8a5c6d, Nodes: 1a3114de-e112-4498-a6aa-be6295599880{ip: 10.1.0.60, host: fv-az184-104.3ow45vhwbzuu5incsxmygykede.cx.internal.cloudapp.net, ports: [REPLICATION=37263, RATIS=37371, RATIS_ADMIN=37371, RATIS_SERVER=37371, STANDALONE=39593], networkLocation: /default-rack, certSerialId: null, persistedOpState: IN_SERVICE, persistedOpStateExpiryEpochSec: 0}, ReplicationConfig: RATIS/ONE, State:ALLOCATED, leaderId:, CreationTimestamp2022-01-24T18:05:05.218Z[Etc/UTC]].
2022-01-24 18:05:05,221 [d5035ba9-9d65-4327-8f69-b17ec6104eac@group-2A5A4E0B395A-StateMachineUpdater] INFO  safemode.HealthyPipelineSafeModeRule (HealthyPipelineSafeModeRule.java:initializeRule(152)) - Refreshed total pipeline count is 0, healthy pipeline threshold count is 1
2022-01-24 18:05:05,223 [RatisPipelineUtilsThread - 0] INFO  ha.SCMHAInvocationHandler (SCMHAInvocationHandler.java:invokeRatis(113)) - Invoking method public abstract void org.apache.hadoop.hdds.scm.pipeline.PipelineStateManager.addPipeline(org.apache.hadoop.hdds.protocol.proto.HddsProtos$Pipeline) throws java.io.IOException on target org.apache.hadoop.hdds.scm.ha.SCMRatisServerImpl@3130b1de, cost 4726.398us
2022-01-24 18:05:05,231 [pool-322-thread-1] INFO  storage.RaftStorage (RaftStorageImpl.java:format(89)) - Storage directory /home/runner/work/ozone/ozone/hadoop-ozone/integration-test/target/test-dir/MiniOzoneClusterImpl-aa639c69-f9d2-45b5-aeae-2a5a4e0b395a/datanode-2/data/ratis/557284a3-31df-4f38-8c53-16119ebfa722 has been successfully formatted.
2022-01-24 18:05:05,237 [pool-322-thread-1] INFO  ratis.ContainerStateMachine (ContainerStateMachine.java:loadSnapshot(231)) - group-16119EBFA722: The snapshot info is null. Setting the last applied indexto:(t:0, i:~)
2022-01-24 18:05:05,237 [pool-322-thread-1] INFO  server.RaftServerConfigKeys (ConfUtils.java:logGet(44)) - raft.server.notification.no-leader.timeout = 300000ms (custom)
2022-01-24 18:05:05,238 [pool-322-thread-1] INFO  server.RaftServerConfigKeys (ConfUtils.java:logGet(44)) - raft.server.log.use.memory = false (default)
2022-01-24 18:05:05,238 [pool-322-thread-1] INFO  server.RaftServerConfigKeys (ConfUtils.java:logGet(44)) - raft.server.log.purge.gap = 1000000 (custom)
2022-01-24 18:05:05,238 [pool-322-thread-1] INFO  server.RaftServerConfigKeys (ConfUtils.java:logGet(44)) - raft.server.log.appender.buffer.byte-limit = 33554432 (custom)
2022-01-24 18:05:05,238 [pool-322-thread-1] INFO  server.RaftServerConfigKeys (ConfUtils.java:logGet(44)) - raft.server.log.segment.size.max = 1048576 (custom)
2022-01-24 18:05:05,238 [pool-322-thread-1] INFO  server.RaftServerConfigKeys (ConfUtils.java:logGet(44)) - raft.server.log.segment.cache.num.max = 2 (custom)
2022-01-24 18:05:05,238 [pool-322-thread-1] INFO  server.RaftServerConfigKeys (ConfUtils.java:logGet(44)) - raft.server.log.segment.cache.size.max = 200MB (=209715200) (default)
2022-01-24 18:05:05,239 [pool-322-thread-1] INFO  segmented.SegmentedRaftLogWorker (SegmentedRaftLogWorker.java:<init>(182)) - new 1c5e7e03-d60e-4e29-906a-a7b7ae931ec0@group-16119EBFA722-SegmentedRaftLogWorker for RaftStorageImpl:Storage Directory /home/runner/work/ozone/ozone/hadoop-ozone/integration-test/target/test-dir/MiniOzoneClusterImpl-aa639c69-f9d2-45b5-aeae-2a5a4e0b395a/datanode-2/data/ratis/557284a3-31df-4f38-8c53-16119ebfa722
2022-01-24 18:05:05,239 [pool-322-thread-1] INFO  server.RaftServerConfigKeys (ConfUtils.java:logGet(44)) - raft.server.log.queue.byte-limit = 2147483647 (custom)
2022-01-24 18:05:05,239 [pool-322-thread-1] INFO  server.RaftServerConfigKeys (ConfUtils.java:logGet(44)) - raft.server.log.queue.element-limit = 1024 (custom)
2022-01-24 18:05:05,239 [pool-322-thread-1] INFO  server.RaftServerConfigKeys (ConfUtils.java:logGet(44)) - raft.server.log.segment.size.max = 1048576 (custom)
2022-01-24 18:05:05,239 [pool-322-thread-1] INFO  server.RaftServerConfigKeys (ConfUtils.java:logGet(44)) - raft.server.log.preallocated.size = 16384 (custom)
2022-01-24 18:05:05,239 [pool-322-thread-1] INFO  server.RaftServerConfigKeys (ConfUtils.java:logGet(44)) - raft.server.log.force.sync.num = 128 (default)
2022-01-24 18:05:05,239 [pool-322-thread-1] INFO  server.RaftServerConfigKeys (ConfUtils.java:logGet(44)) - raft.server.log.statemachine.data.sync = true (default)
2022-01-24 18:05:05,239 [pool-322-thread-1] INFO  server.RaftServerConfigKeys (ConfUtils.java:logGet(44)) - raft.server.log.statemachine.data.sync.timeout = 10s (default)
2022-01-24 18:05:05,239 [pool-322-thread-1] INFO  server.RaftServerConfigKeys (ConfUtils.java:logGet(44)) - raft.server.log.statemachine.data.sync.timeout.retry = -1 (default)
2022-01-24 18:05:05,253 [pool-322-thread-1] INFO  server.RaftServerConfigKeys (ConfUtils.java:logGet(44)) - raft.server.log.write.buffer.size = 1048576 (custom)
2022-01-24 18:05:05,253 [pool-322-thread-1] INFO  server.RaftServerConfigKeys (ConfUtils.java:logGet(44)) - raft.server.log.statemachine.data.caching.enabled = true (custom)
2022-01-24 18:05:05,254 [pool-322-thread-1] INFO  segmented.SegmentedRaftLogWorker (SegmentedRaftLogWorker.java:lambda$new$0(133)) - 1c5e7e03-d60e-4e29-906a-a7b7ae931ec0@group-16119EBFA722-SegmentedRaftLogWorker: flushIndex: setUnconditionally 0 -> -1
2022-01-24 18:05:05,254 [pool-322-thread-1] INFO  segmented.SegmentedRaftLogWorker (SegmentedRaftLogWorker.java:lambda$new$0(133)) - 1c5e7e03-d60e-4e29-906a-a7b7ae931ec0@group-16119EBFA722-SegmentedRaftLogWorker: safeCacheEvictIndex: setUnconditionally 0 -> -1
2022-01-24 18:05:05,267 [pool-322-thread-1] INFO  server.RaftServerConfigKeys (ConfUtils.java:logGet(44)) - raft.server.snapshot.auto.trigger.enabled = true (custom)
2022-01-24 18:05:05,267 [pool-322-thread-1] INFO  server.RaftServerConfigKeys (ConfUtils.java:logGet(44)) - raft.server.snapshot.auto.trigger.threshold = 10000 (custom)
2022-01-24 18:05:05,267 [pool-322-thread-1] INFO  server.RaftServerConfigKeys (ConfUtils.java:logGet(44)) - raft.server.snapshot.retention.file.num = 5 (custom)
2022-01-24 18:05:05,267 [pool-322-thread-1] INFO  server.RaftServerConfigKeys (ConfUtils.java:logGet(44)) - raft.server.log.purge.upto.snapshot.index = false (default)
2022-01-24 18:05:05,267 [pool-322-thread-1] INFO  server.RaftServerConfigKeys (ConfUtils.java:logGet(44)) - raft.server.retrycache.expirytime = 600000ms (custom)
2022-01-24 18:05:05,267 [pool-322-thread-1] INFO  server.RaftServerConfigKeys (ConfUtils.java:logGet(44)) - raft.server.retrycache.statistics.expirytime = 100μs (default)
2022-01-24 18:05:05,268 [pool-322-thread-1] INFO  server.RaftServer$Division (RaftServerImpl.java:start(301)) - 1c5e7e03-d60e-4e29-906a-a7b7ae931ec0@group-16119EBFA722: start as a follower, conf=-1: [1c5e7e03-d60e-4e29-906a-a7b7ae931ec0|rpc:10.1.0.60:37847|dataStream:|priority:0, 08efc83e-84e2-40a1-a562-910b2e2f8a64|rpc:10.1.0.60:33205|dataStream:|priority:1, 40200fd9-271f-46a5-82e6-85afe20bb727|rpc:10.1.0.60:33665|dataStream:|priority:0], old=null
2022-01-24 18:05:05,268 [pool-322-thread-1] INFO  server.RaftServer$Division (RaftServerImpl.java:setRole(290)) - 1c5e7e03-d60e-4e29-906a-a7b7ae931ec0@group-16119EBFA722: changes role from      null to FOLLOWER at term 0 for startAsFollower
2022-01-24 18:05:05,268 [pool-322-thread-1] INFO  impl.RoleInfo (RoleInfo.java:updateAndGet(130)) - 1c5e7e03-d60e-4e29-906a-a7b7ae931ec0: start 1c5e7e03-d60e-4e29-906a-a7b7ae931ec0@group-16119EBFA722-FollowerState
2022-01-24 18:05:05,286 [pool-322-thread-1] INFO  util.JmxRegister (JmxRegister.java:tryRegister(44)) - Successfully registered JMX Bean with object name Ratis:service=RaftServer,group=group-16119EBFA722,id=1c5e7e03-d60e-4e29-906a-a7b7ae931ec0
2022-01-24 18:05:05,333 [Command processor thread] INFO  commandhandler.CreatePipelineCommandHandler (CreatePipelineCommandHandler.java:handle(106)) - Created Pipeline RATIS THREE PipelineID=557284a3-31df-4f38-8c53-16119ebfa722.
2022-01-24 18:05:05,333 [Command processor thread] INFO  server.RaftServer (RaftServerProxy.java:addNew(95)) - 40200fd9-271f-46a5-82e6-85afe20bb727: addNew group-4A42DDB3E1D3:[1c5e7e03-d60e-4e29-906a-a7b7ae931ec0|rpc:10.1.0.60:37847|priority:1, 08efc83e-84e2-40a1-a562-910b2e2f8a64|rpc:10.1.0.60:33205|priority:0, 40200fd9-271f-46a5-82e6-85afe20bb727|rpc:10.1.0.60:33665|priority:0] returns group-4A42DDB3E1D3:java.util.concurrent.CompletableFuture@41635bd2[Not completed]
2022-01-24 18:05:05,334 [pool-280-thread-1] INFO  server.RaftServer$Division (RaftServerImpl.java:<init>(184)) - 40200fd9-271f-46a5-82e6-85afe20bb727: new RaftServerImpl for group-4A42DDB3E1D3:[1c5e7e03-d60e-4e29-906a-a7b7ae931ec0|rpc:10.1.0.60:37847|priority:1, 08efc83e-84e2-40a1-a562-910b2e2f8a64|rpc:10.1.0.60:33205|priority:0, 40200fd9-271f-46a5-82e6-85afe20bb727|rpc:10.1.0.60:33665|priority:0] with ContainerStateMachine:uninitialized
2022-01-24 18:05:05,334 [pool-280-thread-1] INFO  server.RaftServerConfigKeys (ConfUtils.java:logGet(44)) - raft.server.rpc.timeout.min = 5s (custom)
2022-01-24 18:05:05,334 [pool-280-thread-1] INFO  server.RaftServerConfigKeys (ConfUtils.java:logGet(44)) - raft.server.rpc.timeout.max = 5200ms (custom)
2022-01-24 18:05:05,334 [pool-280-thread-1] INFO  server.RaftServerConfigKeys (ConfUtils.java:logGet(44)) - raft.server.rpc.sleep.time = 25ms (default)
2022-01-24 18:05:05,334 [pool-280-thread-1] INFO  server.RaftServerConfigKeys (ConfUtils.java:logGet(44)) - raft.server.rpc.slowness.timeout = 300000ms (custom)
2022-01-24 18:05:05,334 [pool-280-thread-1] INFO  server.RaftServerConfigKeys (ConfUtils.java:logGet(44)) - raft.server.leaderelection.leader.step-down.wait-time = 10s (default)
2022-01-24 18:05:05,334 [pool-280-thread-1] INFO  server.RaftServerConfigKeys (ConfUtils.java:logGet(44)) - raft.server.sleep.deviation.threshold = 300ms (default)
2022-01-24 18:05:05,334 [pool-280-thread-1] INFO  server.RaftServerConfigKeys (ConfUtils.java:logGet(44)) - raft.server.log.appender.install.snapshot.enabled = false (custom)
2022-01-24 18:05:05,334 [pool-280-thread-1] INFO  server.RaftServer$Division (ServerState.java:<init>(105)) - 40200fd9-271f-46a5-82e6-85afe20bb727@group-4A42DDB3E1D3: ConfigurationManager, init=-1: [1c5e7e03-d60e-4e29-906a-a7b7ae931ec0|rpc:10.1.0.60:37847|priority:1, 08efc83e-84e2-40a1-a562-910b2e2f8a64|rpc:10.1.0.60:33205|priority:0, 40200fd9-271f-46a5-82e6-85afe20bb727|rpc:10.1.0.60:33665|priority:0], old=null, confs=<EMPTY_MAP>
2022-01-24 18:05:05,335 [pool-280-thread-1] INFO  server.RaftServerConfigKeys (ConfUtils.java:logGet(44)) - raft.server.storage.dir = [/home/runner/work/ozone/ozone/hadoop-ozone/integration-test/target/test-dir/MiniOzoneClusterImpl-aa639c69-f9d2-45b5-aeae-2a5a4e0b395a/datanode-0/data/ratis] (custom)
2022-01-24 18:05:05,335 [pool-280-thread-1] INFO  server.RaftServerConfigKeys (ConfUtils.java:logGet(44)) - raft.server.log.corruption.policy = EXCEPTION (default)
2022-01-24 18:05:05,335 [pool-280-thread-1] INFO  server.RaftServerConfigKeys (ConfUtils.java:logGet(44)) - raft.server.storage.free-space.min = 0MB (=0) (default)
2022-01-24 18:05:05,335 [pool-280-thread-1] INFO  storage.RaftStorageDirectory (RaftStorageDirectoryImpl.java:analyzeStorage(135)) - The storage directory /home/runner/work/ozone/ozone/hadoop-ozone/integration-test/target/test-dir/MiniOzoneClusterImpl-aa639c69-f9d2-45b5-aeae-2a5a4e0b395a/datanode-0/data/ratis/a8873472-a4b0-431b-95d4-4a42ddb3e1d3 does not exist. Creating ...
2022-01-24 18:05:05,337 [pool-280-thread-1] INFO  storage.RaftStorageDirectory (RaftStorageDirectoryImpl.java:tryLock(230)) - Lock on /home/runner/work/ozone/ozone/hadoop-ozone/integration-test/target/test-dir/MiniOzoneClusterImpl-aa639c69-f9d2-45b5-aeae-2a5a4e0b395a/datanode-0/data/ratis/a8873472-a4b0-431b-95d4-4a42ddb3e1d3/in_use.lock acquired by nodename 10094@fv-az184-104
2022-01-24 18:05:05,341 [pool-280-thread-1] INFO  storage.RaftStorage (RaftStorageImpl.java:format(89)) - Storage directory /home/runner/work/ozone/ozone/hadoop-ozone/integration-test/target/test-dir/MiniOzoneClusterImpl-aa639c69-f9d2-45b5-aeae-2a5a4e0b395a/datanode-0/data/ratis/a8873472-a4b0-431b-95d4-4a42ddb3e1d3 has been successfully formatted.
2022-01-24 18:05:05,341 [pool-280-thread-1] INFO  ratis.ContainerStateMachine (ContainerStateMachine.java:loadSnapshot(231)) - group-4A42DDB3E1D3: The snapshot info is null. Setting the last applied indexto:(t:0, i:~)
2022-01-24 18:05:05,342 [pool-280-thread-1] INFO  server.RaftServerConfigKeys (ConfUtils.java:logGet(44)) - raft.server.notification.no-leader.timeout = 300000ms (custom)
2022-01-24 18:05:05,342 [pool-280-thread-1] INFO  server.RaftServerConfigKeys (ConfUtils.java:logGet(44)) - raft.server.log.use.memory = false (default)
2022-01-24 18:05:05,342 [pool-280-thread-1] INFO  server.RaftServerConfigKeys (ConfUtils.java:logGet(44)) - raft.server.log.purge.gap = 1000000 (custom)
2022-01-24 18:05:05,342 [pool-280-thread-1] INFO  server.RaftServerConfigKeys (ConfUtils.java:logGet(44)) - raft.server.log.appender.buffer.byte-limit = 33554432 (custom)
2022-01-24 18:05:05,342 [pool-280-thread-1] INFO  server.RaftServerConfigKeys (ConfUtils.java:logGet(44)) - raft.server.log.segment.size.max = 1048576 (custom)
2022-01-24 18:05:05,343 [EventQueue-OpenPipelineForHealthyPipelineSafeModeRule] INFO  safemode.SCMSafeModeManager (HealthyPipelineSafeModeRule.java:process(124)) - SCM in safe mode. Healthy pipelines reported count is 0, required healthy pipeline reported count is 1
2022-01-24 18:05:05,345 [pool-280-thread-1] INFO  server.RaftServerConfigKeys (ConfUtils.java:logGet(44)) - raft.server.log.segment.cache.num.max = 2 (custom)
2022-01-24 18:05:05,345 [pool-280-thread-1] INFO  server.RaftServerConfigKeys (ConfUtils.java:logGet(44)) - raft.server.log.segment.cache.size.max = 200MB (=209715200) (default)
2022-01-24 18:05:05,345 [pool-280-thread-1] INFO  segmented.SegmentedRaftLogWorker (SegmentedRaftLogWorker.java:<init>(182)) - new 40200fd9-271f-46a5-82e6-85afe20bb727@group-4A42DDB3E1D3-SegmentedRaftLogWorker for RaftStorageImpl:Storage Directory /home/runner/work/ozone/ozone/hadoop-ozone/integration-test/target/test-dir/MiniOzoneClusterImpl-aa639c69-f9d2-45b5-aeae-2a5a4e0b395a/datanode-0/data/ratis/a8873472-a4b0-431b-95d4-4a42ddb3e1d3
2022-01-24 18:05:05,345 [pool-280-thread-1] INFO  server.RaftServerConfigKeys (ConfUtils.java:logGet(44)) - raft.server.log.queue.byte-limit = 2147483647 (custom)
2022-01-24 18:05:05,346 [pool-280-thread-1] INFO  server.RaftServerConfigKeys (ConfUtils.java:logGet(44)) - raft.server.log.queue.element-limit = 1024 (custom)
2022-01-24 18:05:05,346 [pool-280-thread-1] INFO  server.RaftServerConfigKeys (ConfUtils.java:logGet(44)) - raft.server.log.segment.size.max = 1048576 (custom)
2022-01-24 18:05:05,349 [pool-301-thread-1] INFO  server.RaftServer$Division (RaftServerImpl.java:<init>(184)) - 08efc83e-84e2-40a1-a562-910b2e2f8a64: new RaftServerImpl for group-351E2471BB26:[08efc83e-84e2-40a1-a562-910b2e2f8a64|rpc:10.1.0.60:33205|priority:1] with ContainerStateMachine:uninitialized
2022-01-24 18:05:05,349 [pool-301-thread-1] INFO  server.RaftServerConfigKeys (ConfUtils.java:logGet(44)) - raft.server.rpc.timeout.min = 5s (custom)
2022-01-24 18:05:05,349 [pool-301-thread-1] INFO  server.RaftServerConfigKeys (ConfUtils.java:logGet(44)) - raft.server.rpc.timeout.max = 5200ms (custom)
2022-01-24 18:05:05,349 [pool-301-thread-1] INFO  server.RaftServerConfigKeys (ConfUtils.java:logGet(44)) - raft.server.rpc.sleep.time = 25ms (default)
2022-01-24 18:05:05,349 [pool-301-thread-1] INFO  server.RaftServerConfigKeys (ConfUtils.java:logGet(44)) - raft.server.rpc.slowness.timeout = 300000ms (custom)
2022-01-24 18:05:05,349 [pool-301-thread-1] INFO  server.RaftServerConfigKeys (ConfUtils.java:logGet(44)) - raft.server.leaderelection.leader.step-down.wait-time = 10s (default)
2022-01-24 18:05:05,349 [pool-301-thread-1] INFO  server.RaftServerConfigKeys (ConfUtils.java:logGet(44)) - raft.server.sleep.deviation.threshold = 300ms (default)
2022-01-24 18:05:05,349 [pool-301-thread-1] INFO  server.RaftServerConfigKeys (ConfUtils.java:logGet(44)) - raft.server.log.appender.install.snapshot.enabled = false (custom)
2022-01-24 18:05:05,350 [pool-301-thread-1] INFO  server.RaftServer$Division (ServerState.java:<init>(105)) - 08efc83e-84e2-40a1-a562-910b2e2f8a64@group-351E2471BB26: ConfigurationManager, init=-1: [08efc83e-84e2-40a1-a562-910b2e2f8a64|rpc:10.1.0.60:33205|priority:1], old=null, confs=<EMPTY_MAP>
2022-01-24 18:05:05,350 [pool-301-thread-1] INFO  server.RaftServerConfigKeys (ConfUtils.java:logGet(44)) - raft.server.storage.dir = [/home/runner/work/ozone/ozone/hadoop-ozone/integration-test/target/test-dir/MiniOzoneClusterImpl-aa639c69-f9d2-45b5-aeae-2a5a4e0b395a/datanode-1/data/ratis] (custom)
2022-01-24 18:05:05,350 [pool-301-thread-1] INFO  server.RaftServerConfigKeys (ConfUtils.java:logGet(44)) - raft.server.log.corruption.policy = EXCEPTION (default)
2022-01-24 18:05:05,350 [pool-301-thread-1] INFO  server.RaftServerConfigKeys (ConfUtils.java:logGet(44)) - raft.server.storage.free-space.min = 0MB (=0) (default)
2022-01-24 18:05:05,350 [pool-301-thread-1] INFO  storage.RaftStorageDirectory (RaftStorageDirectoryImpl.java:analyzeStorage(135)) - The storage directory /home/runner/work/ozone/ozone/hadoop-ozone/integration-test/target/test-dir/MiniOzoneClusterImpl-aa639c69-f9d2-45b5-aeae-2a5a4e0b395a/datanode-1/data/ratis/3569ce9e-d9ac-4538-8708-351e2471bb26 does not exist. Creating ...
2022-01-24 18:05:05,348 [Command processor thread] INFO  server.RaftServer (RaftServerProxy.java:addNew(95)) - 08efc83e-84e2-40a1-a562-910b2e2f8a64: addNew group-351E2471BB26:[08efc83e-84e2-40a1-a562-910b2e2f8a64|rpc:10.1.0.60:33205|priority:1] returns group-351E2471BB26:java.util.concurrent.CompletableFuture@2db0b040[Not completed]
2022-01-24 18:05:05,351 [pool-280-thread-1] INFO  server.RaftServerConfigKeys (ConfUtils.java:logGet(44)) - raft.server.log.preallocated.size = 16384 (custom)
2022-01-24 18:05:05,351 [pool-301-thread-1] INFO  storage.RaftStorageDirectory (RaftStorageDirectoryImpl.java:tryLock(230)) - Lock on /home/runner/work/ozone/ozone/hadoop-ozone/integration-test/target/test-dir/MiniOzoneClusterImpl-aa639c69-f9d2-45b5-aeae-2a5a4e0b395a/datanode-1/data/ratis/3569ce9e-d9ac-4538-8708-351e2471bb26/in_use.lock acquired by nodename 10094@fv-az184-104
2022-01-24 18:05:05,352 [pool-301-thread-1] INFO  storage.RaftStorage (RaftStorageImpl.java:format(89)) - Storage directory /home/runner/work/ozone/ozone/hadoop-ozone/integration-test/target/test-dir/MiniOzoneClusterImpl-aa639c69-f9d2-45b5-aeae-2a5a4e0b395a/datanode-1/data/ratis/3569ce9e-d9ac-4538-8708-351e2471bb26 has been successfully formatted.
2022-01-24 18:05:05,354 [EventQueue-PipelineReportForPipelineReportHandler] INFO  pipeline.PipelineManagerImpl (PipelineManagerImpl.java:openPipeline(291)) - Pipeline Pipeline[ Id: 3569ce9e-d9ac-4538-8708-351e2471bb26, Nodes: 08efc83e-84e2-40a1-a562-910b2e2f8a64{ip: 10.1.0.60, host: fv-az184-104.3ow45vhwbzuu5incsxmygykede.cx.internal.cloudapp.net, ports: [REPLICATION=46491, RATIS=33205, RATIS_ADMIN=33205, RATIS_SERVER=33205, STANDALONE=38465], networkLocation: /default-rack, certSerialId: null, persistedOpState: IN_SERVICE, persistedOpStateExpiryEpochSec: 0}, ReplicationConfig: RATIS/ONE, State:ALLOCATED, leaderId:08efc83e-84e2-40a1-a562-910b2e2f8a64, CreationTimestamp2022-01-24T18:05:02.354Z[Etc/UTC]] moved to OPEN state
2022-01-24 18:05:05,355 [pool-301-thread-1] INFO  ratis.ContainerStateMachine (ContainerStateMachine.java:loadSnapshot(231)) - group-351E2471BB26: The snapshot info is null. Setting the last applied indexto:(t:0, i:~)
2022-01-24 18:05:05,355 [d5035ba9-9d65-4327-8f69-b17ec6104eac@group-2A5A4E0B395A-StateMachineUpdater] INFO  safemode.HealthyPipelineSafeModeRule (HealthyPipelineSafeModeRule.java:initializeRule(152)) - Refreshed total pipeline count is 0, healthy pipeline threshold count is 1
2022-01-24 18:05:05,356 [EventQueue-PipelineReportForPipelineReportHandler] INFO  ha.SCMHAInvocationHandler (SCMHAInvocationHandler.java:invokeRatis(113)) - Invoking method public abstract void org.apache.hadoop.hdds.scm.pipeline.PipelineStateManager.updatePipelineState(org.apache.hadoop.hdds.protocol.proto.HddsProtos$PipelineID,org.apache.hadoop.hdds.protocol.proto.HddsProtos$PipelineState) throws java.io.IOException on target org.apache.hadoop.hdds.scm.ha.SCMRatisServerImpl@3130b1de, cost 2382.101us
2022-01-24 18:05:05,356 [EventQueue-OpenPipelineForHealthyPipelineSafeModeRule] INFO  safemode.SCMSafeModeManager (HealthyPipelineSafeModeRule.java:process(124)) - SCM in safe mode. Healthy pipelines reported count is 0, required healthy pipeline reported count is 1
2022-01-24 18:05:05,356 [pool-301-thread-1] INFO  server.RaftServerConfigKeys (ConfUtils.java:logGet(44)) - raft.server.notification.no-leader.timeout = 300000ms (custom)
2022-01-24 18:05:05,357 [pool-301-thread-1] INFO  server.RaftServerConfigKeys (ConfUtils.java:logGet(44)) - raft.server.log.use.memory = false (default)
2022-01-24 18:05:05,357 [pool-301-thread-1] INFO  server.RaftServerConfigKeys (ConfUtils.java:logGet(44)) - raft.server.log.purge.gap = 1000000 (custom)
2022-01-24 18:05:05,361 [pool-301-thread-1] INFO  server.RaftServerConfigKeys (ConfUtils.java:logGet(44)) - raft.server.log.appender.buffer.byte-limit = 33554432 (custom)
2022-01-24 18:05:05,361 [pool-301-thread-1] INFO  server.RaftServerConfigKeys (ConfUtils.java:logGet(44)) - raft.server.log.segment.size.max = 1048576 (custom)
2022-01-24 18:05:05,361 [pool-301-thread-1] INFO  server.RaftServerConfigKeys (ConfUtils.java:logGet(44)) - raft.server.log.segment.cache.num.max = 2 (custom)
2022-01-24 18:05:05,361 [pool-301-thread-1] INFO  server.RaftServerConfigKeys (ConfUtils.java:logGet(44)) - raft.server.log.segment.cache.size.max = 200MB (=209715200) (default)
2022-01-24 18:05:05,362 [pool-301-thread-1] INFO  segmented.SegmentedRaftLogWorker (SegmentedRaftLogWorker.java:<init>(182)) - new 08efc83e-84e2-40a1-a562-910b2e2f8a64@group-351E2471BB26-SegmentedRaftLogWorker for RaftStorageImpl:Storage Directory /home/runner/work/ozone/ozone/hadoop-ozone/integration-test/target/test-dir/MiniOzoneClusterImpl-aa639c69-f9d2-45b5-aeae-2a5a4e0b395a/datanode-1/data/ratis/3569ce9e-d9ac-4538-8708-351e2471bb26
2022-01-24 18:05:05,362 [pool-301-thread-1] INFO  server.RaftServerConfigKeys (ConfUtils.java:logGet(44)) - raft.server.log.queue.byte-limit = 2147483647 (custom)
2022-01-24 18:05:05,362 [pool-301-thread-1] INFO  server.RaftServerConfigKeys (ConfUtils.java:logGet(44)) - raft.server.log.queue.element-limit = 1024 (custom)
2022-01-24 18:05:05,362 [pool-301-thread-1] INFO  server.RaftServerConfigKeys (ConfUtils.java:logGet(44)) - raft.server.log.segment.size.max = 1048576 (custom)
2022-01-24 18:05:05,362 [pool-301-thread-1] INFO  server.RaftServerConfigKeys (ConfUtils.java:logGet(44)) - raft.server.log.preallocated.size = 16384 (custom)
2022-01-24 18:05:05,362 [pool-301-thread-1] INFO  server.RaftServerConfigKeys (ConfUtils.java:logGet(44)) - raft.server.log.force.sync.num = 128 (default)
2022-01-24 18:05:05,362 [pool-301-thread-1] INFO  server.RaftServerConfigKeys (ConfUtils.java:logGet(44)) - raft.server.log.statemachine.data.sync = true (default)
2022-01-24 18:05:05,362 [pool-301-thread-1] INFO  server.RaftServerConfigKeys (ConfUtils.java:logGet(44)) - raft.server.log.statemachine.data.sync.timeout = 10s (default)
2022-01-24 18:05:05,362 [pool-301-thread-1] INFO  server.RaftServerConfigKeys (ConfUtils.java:logGet(44)) - raft.server.log.statemachine.data.sync.timeout.retry = -1 (default)
2022-01-24 18:05:05,363 [pool-301-thread-1] INFO  server.RaftServerConfigKeys (ConfUtils.java:logGet(44)) - raft.server.log.write.buffer.size = 1048576 (custom)
2022-01-24 18:05:05,364 [pool-301-thread-1] INFO  server.RaftServerConfigKeys (ConfUtils.java:logGet(44)) - raft.server.log.statemachine.data.caching.enabled = true (custom)
2022-01-24 18:05:05,365 [pool-301-thread-1] INFO  segmented.SegmentedRaftLogWorker (SegmentedRaftLogWorker.java:lambda$new$0(133)) - 08efc83e-84e2-40a1-a562-910b2e2f8a64@group-351E2471BB26-SegmentedRaftLogWorker: flushIndex: setUnconditionally 0 -> -1
2022-01-24 18:05:05,366 [pool-301-thread-1] INFO  segmented.SegmentedRaftLogWorker (SegmentedRaftLogWorker.java:lambda$new$0(133)) - 08efc83e-84e2-40a1-a562-910b2e2f8a64@group-351E2471BB26-SegmentedRaftLogWorker: safeCacheEvictIndex: setUnconditionally 0 -> -1
2022-01-24 18:05:05,367 [pool-280-thread-1] INFO  server.RaftServerConfigKeys (ConfUtils.java:logGet(44)) - raft.server.log.force.sync.num = 128 (default)
2022-01-24 18:05:05,381 [pool-280-thread-1] INFO  server.RaftServerConfigKeys (ConfUtils.java:logGet(44)) - raft.server.log.statemachine.data.sync = true (default)
2022-01-24 18:05:05,381 [pool-280-thread-1] INFO  server.RaftServerConfigKeys (ConfUtils.java:logGet(44)) - raft.server.log.statemachine.data.sync.timeout = 10s (default)
2022-01-24 18:05:05,381 [pool-280-thread-1] INFO  server.RaftServerConfigKeys (ConfUtils.java:logGet(44)) - raft.server.log.statemachine.data.sync.timeout.retry = -1 (default)
2022-01-24 18:05:05,381 [pool-301-thread-1] INFO  server.RaftServerConfigKeys (ConfUtils.java:logGet(44)) - raft.server.snapshot.auto.trigger.enabled = true (custom)
2022-01-24 18:05:05,381 [pool-301-thread-1] INFO  server.RaftServerConfigKeys (ConfUtils.java:logGet(44)) - raft.server.snapshot.auto.trigger.threshold = 10000 (custom)
2022-01-24 18:05:05,381 [pool-301-thread-1] INFO  server.RaftServerConfigKeys (ConfUtils.java:logGet(44)) - raft.server.snapshot.retention.file.num = 5 (custom)
2022-01-24 18:05:05,381 [pool-301-thread-1] INFO  server.RaftServerConfigKeys (ConfUtils.java:logGet(44)) - raft.server.log.purge.upto.snapshot.index = false (default)
2022-01-24 18:05:05,381 [pool-301-thread-1] INFO  server.RaftServerConfigKeys (ConfUtils.java:logGet(44)) - raft.server.retrycache.expirytime = 600000ms (custom)
2022-01-24 18:05:05,382 [pool-301-thread-1] INFO  server.RaftServerConfigKeys (ConfUtils.java:logGet(44)) - raft.server.retrycache.statistics.expirytime = 100μs (default)
2022-01-24 18:05:05,395 [pool-280-thread-1] INFO  server.RaftServerConfigKeys (ConfUtils.java:logGet(44)) - raft.server.log.write.buffer.size = 1048576 (custom)
2022-01-24 18:05:05,395 [pool-301-thread-1] INFO  server.RaftServer$Division (RaftServerImpl.java:start(301)) - 08efc83e-84e2-40a1-a562-910b2e2f8a64@group-351E2471BB26: start as a follower, conf=-1: [08efc83e-84e2-40a1-a562-910b2e2f8a64|rpc:10.1.0.60:33205|priority:1], old=null
2022-01-24 18:05:05,395 [pool-301-thread-1] INFO  server.RaftServer$Division (RaftServerImpl.java:setRole(290)) - 08efc83e-84e2-40a1-a562-910b2e2f8a64@group-351E2471BB26: changes role from      null to FOLLOWER at term 0 for startAsFollower
2022-01-24 18:05:05,396 [pool-301-thread-1] INFO  impl.RoleInfo (RoleInfo.java:updateAndGet(130)) - 08efc83e-84e2-40a1-a562-910b2e2f8a64: start 08efc83e-84e2-40a1-a562-910b2e2f8a64@group-351E2471BB26-FollowerState
2022-01-24 18:05:05,396 [pool-280-thread-1] INFO  server.RaftServerConfigKeys (ConfUtils.java:logGet(44)) - raft.server.log.statemachine.data.caching.enabled = true (custom)
2022-01-24 18:05:05,396 [pool-280-thread-1] INFO  segmented.SegmentedRaftLogWorker (SegmentedRaftLogWorker.java:lambda$new$0(133)) - 40200fd9-271f-46a5-82e6-85afe20bb727@group-4A42DDB3E1D3-SegmentedRaftLogWorker: flushIndex: setUnconditionally 0 -> -1
2022-01-24 18:05:05,396 [pool-280-thread-1] INFO  segmented.SegmentedRaftLogWorker (SegmentedRaftLogWorker.java:lambda$new$0(133)) - 40200fd9-271f-46a5-82e6-85afe20bb727@group-4A42DDB3E1D3-SegmentedRaftLogWorker: safeCacheEvictIndex: setUnconditionally 0 -> -1
2022-01-24 18:05:05,401 [pool-301-thread-1] INFO  util.JmxRegister (JmxRegister.java:tryRegister(44)) - Successfully registered JMX Bean with object name Ratis:service=RaftServer,group=group-351E2471BB26,id=08efc83e-84e2-40a1-a562-910b2e2f8a64
2022-01-24 18:05:05,401 [pool-280-thread-1] INFO  server.RaftServerConfigKeys (ConfUtils.java:logGet(44)) - raft.server.snapshot.auto.trigger.enabled = true (custom)
2022-01-24 18:05:05,401 [pool-280-thread-1] INFO  server.RaftServerConfigKeys (ConfUtils.java:logGet(44)) - raft.server.snapshot.auto.trigger.threshold = 10000 (custom)
2022-01-24 18:05:05,401 [pool-280-thread-1] INFO  server.RaftServerConfigKeys (ConfUtils.java:logGet(44)) - raft.server.snapshot.retention.file.num = 5 (custom)
2022-01-24 18:05:05,401 [pool-280-thread-1] INFO  server.RaftServerConfigKeys (ConfUtils.java:logGet(44)) - raft.server.log.purge.upto.snapshot.index = false (default)
2022-01-24 18:05:05,401 [pool-280-thread-1] INFO  server.RaftServerConfigKeys (ConfUtils.java:logGet(44)) - raft.server.retrycache.expirytime = 600000ms (custom)
2022-01-24 18:05:05,401 [pool-280-thread-1] INFO  server.RaftServerConfigKeys (ConfUtils.java:logGet(44)) - raft.server.retrycache.statistics.expirytime = 100μs (default)
2022-01-24 18:05:05,402 [pool-280-thread-1] INFO  server.RaftServer$Division (RaftServerImpl.java:start(301)) - 40200fd9-271f-46a5-82e6-85afe20bb727@group-4A42DDB3E1D3: start as a follower, conf=-1: [1c5e7e03-d60e-4e29-906a-a7b7ae931ec0|rpc:10.1.0.60:37847|priority:1, 08efc83e-84e2-40a1-a562-910b2e2f8a64|rpc:10.1.0.60:33205|priority:0, 40200fd9-271f-46a5-82e6-85afe20bb727|rpc:10.1.0.60:33665|priority:0], old=null
2022-01-24 18:05:05,402 [pool-280-thread-1] INFO  server.RaftServer$Division (RaftServerImpl.java:setRole(290)) - 40200fd9-271f-46a5-82e6-85afe20bb727@group-4A42DDB3E1D3: changes role from      null to FOLLOWER at term 0 for startAsFollower
2022-01-24 18:05:05,421 [pool-280-thread-1] INFO  impl.RoleInfo (RoleInfo.java:updateAndGet(130)) - 40200fd9-271f-46a5-82e6-85afe20bb727: start 40200fd9-271f-46a5-82e6-85afe20bb727@group-4A42DDB3E1D3-FollowerState
2022-01-24 18:05:05,445 [pool-280-thread-1] INFO  util.JmxRegister (JmxRegister.java:tryRegister(44)) - Successfully registered JMX Bean with object name Ratis:service=RaftServer,group=group-4A42DDB3E1D3,id=40200fd9-271f-46a5-82e6-85afe20bb727
2022-01-24 18:05:05,446 [Command processor thread] INFO  ratis.XceiverServerRatis (XceiverServerRatis.java:addGroup(768)) - Created group PipelineID=3569ce9e-d9ac-4538-8708-351e2471bb26
2022-01-24 18:05:05,446 [Command processor thread] INFO  commandhandler.CreatePipelineCommandHandler (CreatePipelineCommandHandler.java:handle(106)) - Created Pipeline RATIS ONE PipelineID=3569ce9e-d9ac-4538-8708-351e2471bb26.
2022-01-24 18:05:05,446 [Command processor thread] INFO  server.RaftServer (RaftServerProxy.java:addNew(95)) - 08efc83e-84e2-40a1-a562-910b2e2f8a64: addNew group-4A42DDB3E1D3:[1c5e7e03-d60e-4e29-906a-a7b7ae931ec0|rpc:10.1.0.60:37847|priority:1, 08efc83e-84e2-40a1-a562-910b2e2f8a64|rpc:10.1.0.60:33205|priority:0, 40200fd9-271f-46a5-82e6-85afe20bb727|rpc:10.1.0.60:33665|priority:0] returns group-4A42DDB3E1D3:java.util.concurrent.CompletableFuture@23774b86[Not completed]
2022-01-24 18:05:05,447 [pool-301-thread-1] INFO  server.RaftServer$Division (RaftServerImpl.java:<init>(184)) - 08efc83e-84e2-40a1-a562-910b2e2f8a64: new RaftServerImpl for group-4A42DDB3E1D3:[1c5e7e03-d60e-4e29-906a-a7b7ae931ec0|rpc:10.1.0.60:37847|priority:1, 08efc83e-84e2-40a1-a562-910b2e2f8a64|rpc:10.1.0.60:33205|priority:0, 40200fd9-271f-46a5-82e6-85afe20bb727|rpc:10.1.0.60:33665|priority:0] with ContainerStateMachine:uninitialized
2022-01-24 18:05:05,447 [pool-301-thread-1] INFO  server.RaftServerConfigKeys (ConfUtils.java:logGet(44)) - raft.server.rpc.timeout.min = 5s (custom)
2022-01-24 18:05:05,447 [pool-301-thread-1] INFO  server.RaftServerConfigKeys (ConfUtils.java:logGet(44)) - raft.server.rpc.timeout.max = 5200ms (custom)
2022-01-24 18:05:05,447 [pool-301-thread-1] INFO  server.RaftServerConfigKeys (ConfUtils.java:logGet(44)) - raft.server.rpc.sleep.time = 25ms (default)
2022-01-24 18:05:05,447 [pool-301-thread-1] INFO  server.RaftServerConfigKeys (ConfUtils.java:logGet(44)) - raft.server.rpc.slowness.timeout = 300000ms (custom)
2022-01-24 18:05:05,447 [pool-301-thread-1] INFO  server.RaftServerConfigKeys (ConfUtils.java:logGet(44)) - raft.server.leaderelection.leader.step-down.wait-time = 10s (default)
2022-01-24 18:05:05,447 [pool-301-thread-1] INFO  server.RaftServerConfigKeys (ConfUtils.java:logGet(44)) - raft.server.sleep.deviation.threshold = 300ms (default)
2022-01-24 18:05:05,447 [pool-301-thread-1] INFO  server.RaftServerConfigKeys (ConfUtils.java:logGet(44)) - raft.server.log.appender.install.snapshot.enabled = false (custom)
2022-01-24 18:05:05,447 [pool-301-thread-1] INFO  server.RaftServer$Division (ServerState.java:<init>(105)) - 08efc83e-84e2-40a1-a562-910b2e2f8a64@group-4A42DDB3E1D3: ConfigurationManager, init=-1: [1c5e7e03-d60e-4e29-906a-a7b7ae931ec0|rpc:10.1.0.60:37847|priority:1, 08efc83e-84e2-40a1-a562-910b2e2f8a64|rpc:10.1.0.60:33205|priority:0, 40200fd9-271f-46a5-82e6-85afe20bb727|rpc:10.1.0.60:33665|priority:0], old=null, confs=<EMPTY_MAP>
2022-01-24 18:05:05,448 [pool-301-thread-1] INFO  server.RaftServerConfigKeys (ConfUtils.java:logGet(44)) - raft.server.storage.dir = [/home/runner/work/ozone/ozone/hadoop-ozone/integration-test/target/test-dir/MiniOzoneClusterImpl-aa639c69-f9d2-45b5-aeae-2a5a4e0b395a/datanode-1/data/ratis] (custom)
2022-01-24 18:05:05,448 [pool-301-thread-1] INFO  server.RaftServerConfigKeys (ConfUtils.java:logGet(44)) - raft.server.log.corruption.policy = EXCEPTION (default)
2022-01-24 18:05:05,448 [pool-301-thread-1] INFO  server.RaftServerConfigKeys (ConfUtils.java:logGet(44)) - raft.server.storage.free-space.min = 0MB (=0) (default)
2022-01-24 18:05:05,448 [pool-301-thread-1] INFO  storage.RaftStorageDirectory (RaftStorageDirectoryImpl.java:analyzeStorage(135)) - The storage directory /home/runner/work/ozone/ozone/hadoop-ozone/integration-test/target/test-dir/MiniOzoneClusterImpl-aa639c69-f9d2-45b5-aeae-2a5a4e0b395a/datanode-1/data/ratis/a8873472-a4b0-431b-95d4-4a42ddb3e1d3 does not exist. Creating ...
2022-01-24 18:05:05,449 [pool-301-thread-1] INFO  storage.RaftStorageDirectory (RaftStorageDirectoryImpl.java:tryLock(230)) - Lock on /home/runner/work/ozone/ozone/hadoop-ozone/integration-test/target/test-dir/MiniOzoneClusterImpl-aa639c69-f9d2-45b5-aeae-2a5a4e0b395a/datanode-1/data/ratis/a8873472-a4b0-431b-95d4-4a42ddb3e1d3/in_use.lock acquired by nodename 10094@fv-az184-104
2022-01-24 18:05:05,450 [pool-301-thread-1] INFO  storage.RaftStorage (RaftStorageImpl.java:format(89)) - Storage directory /home/runner/work/ozone/ozone/hadoop-ozone/integration-test/target/test-dir/MiniOzoneClusterImpl-aa639c69-f9d2-45b5-aeae-2a5a4e0b395a/datanode-1/data/ratis/a8873472-a4b0-431b-95d4-4a42ddb3e1d3 has been successfully formatted.
2022-01-24 18:05:05,451 [Command processor thread] INFO  ratis.XceiverServerRatis (XceiverServerRatis.java:addGroup(768)) - Created group PipelineID=a8873472-a4b0-431b-95d4-4a42ddb3e1d3
2022-01-24 18:05:05,451 [pool-301-thread-1] INFO  ratis.ContainerStateMachine (ContainerStateMachine.java:loadSnapshot(231)) - group-4A42DDB3E1D3: The snapshot info is null. Setting the last applied indexto:(t:0, i:~)
2022-01-24 18:05:05,459 [pool-301-thread-1] INFO  server.RaftServerConfigKeys (ConfUtils.java:logGet(44)) - raft.server.notification.no-leader.timeout = 300000ms (custom)
2022-01-24 18:05:05,459 [pool-301-thread-1] INFO  server.RaftServerConfigKeys (ConfUtils.java:logGet(44)) - raft.server.log.use.memory = false (default)
2022-01-24 18:05:05,460 [EventQueue-OpenPipelineForHealthyPipelineSafeModeRule] INFO  safemode.SCMSafeModeManager (HealthyPipelineSafeModeRule.java:process(124)) - SCM in safe mode. Healthy pipelines reported count is 0, required healthy pipeline reported count is 1
2022-01-24 18:05:05,472 [pool-301-thread-1] INFO  server.RaftServerConfigKeys (ConfUtils.java:logGet(44)) - raft.server.log.purge.gap = 1000000 (custom)
2022-01-24 18:05:05,472 [pool-301-thread-1] INFO  server.RaftServerConfigKeys (ConfUtils.java:logGet(44)) - raft.server.log.appender.buffer.byte-limit = 33554432 (custom)
2022-01-24 18:05:05,472 [pool-301-thread-1] INFO  server.RaftServerConfigKeys (ConfUtils.java:logGet(44)) - raft.server.log.segment.size.max = 1048576 (custom)
2022-01-24 18:05:05,472 [pool-301-thread-1] INFO  server.RaftServerConfigKeys (ConfUtils.java:logGet(44)) - raft.server.log.segment.cache.num.max = 2 (custom)
2022-01-24 18:05:05,472 [pool-301-thread-1] INFO  server.RaftServerConfigKeys (ConfUtils.java:logGet(44)) - raft.server.log.segment.cache.size.max = 200MB (=209715200) (default)
2022-01-24 18:05:05,472 [pool-301-thread-1] INFO  segmented.SegmentedRaftLogWorker (SegmentedRaftLogWorker.java:<init>(182)) - new 08efc83e-84e2-40a1-a562-910b2e2f8a64@group-4A42DDB3E1D3-SegmentedRaftLogWorker for RaftStorageImpl:Storage Directory /home/runner/work/ozone/ozone/hadoop-ozone/integration-test/target/test-dir/MiniOzoneClusterImpl-aa639c69-f9d2-45b5-aeae-2a5a4e0b395a/datanode-1/data/ratis/a8873472-a4b0-431b-95d4-4a42ddb3e1d3
2022-01-24 18:05:05,472 [pool-301-thread-1] INFO  server.RaftServerConfigKeys (ConfUtils.java:logGet(44)) - raft.server.log.queue.byte-limit = 2147483647 (custom)
2022-01-24 18:05:05,473 [pool-301-thread-1] INFO  server.RaftServerConfigKeys (ConfUtils.java:logGet(44)) - raft.server.log.queue.element-limit = 1024 (custom)
2022-01-24 18:05:05,473 [pool-301-thread-1] INFO  server.RaftServerConfigKeys (ConfUtils.java:logGet(44)) - raft.server.log.segment.size.max = 1048576 (custom)
2022-01-24 18:05:05,473 [pool-301-thread-1] INFO  server.RaftServerConfigKeys (ConfUtils.java:logGet(44)) - raft.server.log.preallocated.size = 16384 (custom)
2022-01-24 18:05:05,473 [pool-301-thread-1] INFO  server.RaftServerConfigKeys (ConfUtils.java:logGet(44)) - raft.server.log.force.sync.num = 128 (default)
2022-01-24 18:05:05,473 [pool-301-thread-1] INFO  server.RaftServerConfigKeys (ConfUtils.java:logGet(44)) - raft.server.log.statemachine.data.sync = true (default)
2022-01-24 18:05:05,473 [pool-301-thread-1] INFO  server.RaftServerConfigKeys (ConfUtils.java:logGet(44)) - raft.server.log.statemachine.data.sync.timeout = 10s (default)
2022-01-24 18:05:05,473 [pool-301-thread-1] INFO  server.RaftServerConfigKeys (ConfUtils.java:logGet(44)) - raft.server.log.statemachine.data.sync.timeout.retry = -1 (default)
2022-01-24 18:05:05,474 [pool-301-thread-1] INFO  server.RaftServerConfigKeys (ConfUtils.java:logGet(44)) - raft.server.log.write.buffer.size = 1048576 (custom)
2022-01-24 18:05:05,474 [pool-301-thread-1] INFO  server.RaftServerConfigKeys (ConfUtils.java:logGet(44)) - raft.server.log.statemachine.data.caching.enabled = true (custom)
2022-01-24 18:05:05,474 [pool-301-thread-1] INFO  segmented.SegmentedRaftLogWorker (SegmentedRaftLogWorker.java:lambda$new$0(133)) - 08efc83e-84e2-40a1-a562-910b2e2f8a64@group-4A42DDB3E1D3-SegmentedRaftLogWorker: flushIndex: setUnconditionally 0 -> -1
2022-01-24 18:05:05,475 [pool-301-thread-1] INFO  segmented.SegmentedRaftLogWorker (SegmentedRaftLogWorker.java:lambda$new$0(133)) - 08efc83e-84e2-40a1-a562-910b2e2f8a64@group-4A42DDB3E1D3-SegmentedRaftLogWorker: safeCacheEvictIndex: setUnconditionally 0 -> -1
2022-01-24 18:05:05,485 [pool-301-thread-1] INFO  server.RaftServerConfigKeys (ConfUtils.java:logGet(44)) - raft.server.snapshot.auto.trigger.enabled = true (custom)
2022-01-24 18:05:05,485 [pool-301-thread-1] INFO  server.RaftServerConfigKeys (ConfUtils.java:logGet(44)) - raft.server.snapshot.auto.trigger.threshold = 10000 (custom)
2022-01-24 18:05:05,485 [pool-301-thread-1] INFO  server.RaftServerConfigKeys (ConfUtils.java:logGet(44)) - raft.server.snapshot.retention.file.num = 5 (custom)
2022-01-24 18:05:05,485 [pool-301-thread-1] INFO  server.RaftServerConfigKeys (ConfUtils.java:logGet(44)) - raft.server.log.purge.upto.snapshot.index = false (default)
2022-01-24 18:05:05,493 [pool-301-thread-1] INFO  server.RaftServerConfigKeys (ConfUtils.java:logGet(44)) - raft.server.retrycache.expirytime = 600000ms (custom)
2022-01-24 18:05:05,493 [pool-301-thread-1] INFO  server.RaftServerConfigKeys (ConfUtils.java:logGet(44)) - raft.server.retrycache.statistics.expirytime = 100μs (default)
2022-01-24 18:05:05,495 [pool-301-thread-1] INFO  server.RaftServer$Division (RaftServerImpl.java:start(301)) - 08efc83e-84e2-40a1-a562-910b2e2f8a64@group-4A42DDB3E1D3: start as a follower, conf=-1: [1c5e7e03-d60e-4e29-906a-a7b7ae931ec0|rpc:10.1.0.60:37847|priority:1, 08efc83e-84e2-40a1-a562-910b2e2f8a64|rpc:10.1.0.60:33205|priority:0, 40200fd9-271f-46a5-82e6-85afe20bb727|rpc:10.1.0.60:33665|priority:0], old=null
2022-01-24 18:05:05,495 [pool-301-thread-1] INFO  server.RaftServer$Division (RaftServerImpl.java:setRole(290)) - 08efc83e-84e2-40a1-a562-910b2e2f8a64@group-4A42DDB3E1D3: changes role from      null to FOLLOWER at term 0 for startAsFollower
2022-01-24 18:05:05,495 [pool-301-thread-1] INFO  impl.RoleInfo (RoleInfo.java:updateAndGet(130)) - 08efc83e-84e2-40a1-a562-910b2e2f8a64: start 08efc83e-84e2-40a1-a562-910b2e2f8a64@group-4A42DDB3E1D3-FollowerState
2022-01-24 18:05:05,510 [pool-301-thread-1] INFO  util.JmxRegister (JmxRegister.java:tryRegister(44)) - Successfully registered JMX Bean with object name Ratis:service=RaftServer,group=group-4A42DDB3E1D3,id=08efc83e-84e2-40a1-a562-910b2e2f8a64
2022-01-24 18:05:05,511 [Command processor thread] INFO  ratis.XceiverServerRatis (XceiverServerRatis.java:addGroup(768)) - Created group PipelineID=a8873472-a4b0-431b-95d4-4a42ddb3e1d3
2022-01-24 18:05:05,661 [grpc-default-executor-3] INFO  server.RaftServer (RaftServerProxy.java:addNew(95)) - 1c5e7e03-d60e-4e29-906a-a7b7ae931ec0: addNew group-4A42DDB3E1D3:[1c5e7e03-d60e-4e29-906a-a7b7ae931ec0|rpc:10.1.0.60:37847|dataStream:|priority:1, 08efc83e-84e2-40a1-a562-910b2e2f8a64|rpc:10.1.0.60:33205|dataStream:|priority:0, 40200fd9-271f-46a5-82e6-85afe20bb727|rpc:10.1.0.60:33665|dataStream:|priority:0] returns group-4A42DDB3E1D3:java.util.concurrent.CompletableFuture@7ac2f929[Not completed]
2022-01-24 18:05:05,662 [pool-322-thread-1] INFO  server.RaftServer$Division (RaftServerImpl.java:<init>(184)) - 1c5e7e03-d60e-4e29-906a-a7b7ae931ec0: new RaftServerImpl for group-4A42DDB3E1D3:[1c5e7e03-d60e-4e29-906a-a7b7ae931ec0|rpc:10.1.0.60:37847|dataStream:|priority:1, 08efc83e-84e2-40a1-a562-910b2e2f8a64|rpc:10.1.0.60:33205|dataStream:|priority:0, 40200fd9-271f-46a5-82e6-85afe20bb727|rpc:10.1.0.60:33665|dataStream:|priority:0] with ContainerStateMachine:uninitialized
2022-01-24 18:05:05,662 [pool-322-thread-1] INFO  server.RaftServerConfigKeys (ConfUtils.java:logGet(44)) - raft.server.rpc.timeout.min = 5s (custom)
2022-01-24 18:05:05,662 [pool-322-thread-1] INFO  server.RaftServerConfigKeys (ConfUtils.java:logGet(44)) - raft.server.rpc.timeout.max = 5200ms (custom)
2022-01-24 18:05:05,662 [pool-322-thread-1] INFO  server.RaftServerConfigKeys (ConfUtils.java:logGet(44)) - raft.server.rpc.sleep.time = 25ms (default)
2022-01-24 18:05:05,662 [pool-322-thread-1] INFO  server.RaftServerConfigKeys (ConfUtils.java:logGet(44)) - raft.server.rpc.slowness.timeout = 300000ms (custom)
2022-01-24 18:05:05,662 [pool-322-thread-1] INFO  server.RaftServerConfigKeys (ConfUtils.java:logGet(44)) - raft.server.leaderelection.leader.step-down.wait-time = 10s (default)
2022-01-24 18:05:05,663 [pool-322-thread-1] INFO  server.RaftServerConfigKeys (ConfUtils.java:logGet(44)) - raft.server.sleep.deviation.threshold = 300ms (default)
2022-01-24 18:05:05,663 [pool-322-thread-1] INFO  server.RaftServerConfigKeys (ConfUtils.java:logGet(44)) - raft.server.log.appender.install.snapshot.enabled = false (custom)
2022-01-24 18:05:05,663 [pool-322-thread-1] INFO  server.RaftServer$Division (ServerState.java:<init>(105)) - 1c5e7e03-d60e-4e29-906a-a7b7ae931ec0@group-4A42DDB3E1D3: ConfigurationManager, init=-1: [1c5e7e03-d60e-4e29-906a-a7b7ae931ec0|rpc:10.1.0.60:37847|dataStream:|priority:1, 08efc83e-84e2-40a1-a562-910b2e2f8a64|rpc:10.1.0.60:33205|dataStream:|priority:0, 40200fd9-271f-46a5-82e6-85afe20bb727|rpc:10.1.0.60:33665|dataStream:|priority:0], old=null, confs=<EMPTY_MAP>
2022-01-24 18:05:05,663 [pool-322-thread-1] INFO  server.RaftServerConfigKeys (ConfUtils.java:logGet(44)) - raft.server.storage.dir = [/home/runner/work/ozone/ozone/hadoop-ozone/integration-test/target/test-dir/MiniOzoneClusterImpl-aa639c69-f9d2-45b5-aeae-2a5a4e0b395a/datanode-2/data/ratis] (custom)
2022-01-24 18:05:05,663 [pool-322-thread-1] INFO  server.RaftServerConfigKeys (ConfUtils.java:logGet(44)) - raft.server.log.corruption.policy = EXCEPTION (default)
2022-01-24 18:05:05,663 [pool-322-thread-1] INFO  server.RaftServerConfigKeys (ConfUtils.java:logGet(44)) - raft.server.storage.free-space.min = 0MB (=0) (default)
2022-01-24 18:05:05,663 [pool-322-thread-1] INFO  storage.RaftStorageDirectory (RaftStorageDirectoryImpl.java:analyzeStorage(135)) - The storage directory /home/runner/work/ozone/ozone/hadoop-ozone/integration-test/target/test-dir/MiniOzoneClusterImpl-aa639c69-f9d2-45b5-aeae-2a5a4e0b395a/datanode-2/data/ratis/a8873472-a4b0-431b-95d4-4a42ddb3e1d3 does not exist. Creating ...
2022-01-24 18:05:05,665 [pool-322-thread-1] INFO  storage.RaftStorageDirectory (RaftStorageDirectoryImpl.java:tryLock(230)) - Lock on /home/runner/work/ozone/ozone/hadoop-ozone/integration-test/target/test-dir/MiniOzoneClusterImpl-aa639c69-f9d2-45b5-aeae-2a5a4e0b395a/datanode-2/data/ratis/a8873472-a4b0-431b-95d4-4a42ddb3e1d3/in_use.lock acquired by nodename 10094@fv-az184-104
2022-01-24 18:05:05,677 [pool-322-thread-1] INFO  storage.RaftStorage (RaftStorageImpl.java:format(89)) - Storage directory /home/runner/work/ozone/ozone/hadoop-ozone/integration-test/target/test-dir/MiniOzoneClusterImpl-aa639c69-f9d2-45b5-aeae-2a5a4e0b395a/datanode-2/data/ratis/a8873472-a4b0-431b-95d4-4a42ddb3e1d3 has been successfully formatted.
2022-01-24 18:05:05,678 [pool-322-thread-1] INFO  ratis.ContainerStateMachine (ContainerStateMachine.java:loadSnapshot(231)) - group-4A42DDB3E1D3: The snapshot info is null. Setting the last applied indexto:(t:0, i:~)
2022-01-24 18:05:05,678 [pool-322-thread-1] INFO  server.RaftServerConfigKeys (ConfUtils.java:logGet(44)) - raft.server.notification.no-leader.timeout = 300000ms (custom)
2022-01-24 18:05:05,678 [pool-322-thread-1] INFO  server.RaftServerConfigKeys (ConfUtils.java:logGet(44)) - raft.server.log.use.memory = false (default)
2022-01-24 18:05:05,678 [pool-322-thread-1] INFO  server.RaftServerConfigKeys (ConfUtils.java:logGet(44)) - raft.server.log.purge.gap = 1000000 (custom)
2022-01-24 18:05:05,678 [pool-322-thread-1] INFO  server.RaftServerConfigKeys (ConfUtils.java:logGet(44)) - raft.server.log.appender.buffer.byte-limit = 33554432 (custom)
2022-01-24 18:05:05,678 [pool-322-thread-1] INFO  server.RaftServerConfigKeys (ConfUtils.java:logGet(44)) - raft.server.log.segment.size.max = 1048576 (custom)
2022-01-24 18:05:05,678 [pool-322-thread-1] INFO  server.RaftServerConfigKeys (ConfUtils.java:logGet(44)) - raft.server.log.segment.cache.num.max = 2 (custom)
2022-01-24 18:05:05,679 [pool-322-thread-1] INFO  server.RaftServerConfigKeys (ConfUtils.java:logGet(44)) - raft.server.log.segment.cache.size.max = 200MB (=209715200) (default)
2022-01-24 18:05:05,679 [pool-322-thread-1] INFO  segmented.SegmentedRaftLogWorker (SegmentedRaftLogWorker.java:<init>(182)) - new 1c5e7e03-d60e-4e29-906a-a7b7ae931ec0@group-4A42DDB3E1D3-SegmentedRaftLogWorker for RaftStorageImpl:Storage Directory /home/runner/work/ozone/ozone/hadoop-ozone/integration-test/target/test-dir/MiniOzoneClusterImpl-aa639c69-f9d2-45b5-aeae-2a5a4e0b395a/datanode-2/data/ratis/a8873472-a4b0-431b-95d4-4a42ddb3e1d3
2022-01-24 18:05:05,679 [pool-322-thread-1] INFO  server.RaftServerConfigKeys (ConfUtils.java:logGet(44)) - raft.server.log.queue.byte-limit = 2147483647 (custom)
2022-01-24 18:05:05,679 [pool-322-thread-1] INFO  server.RaftServerConfigKeys (ConfUtils.java:logGet(44)) - raft.server.log.queue.element-limit = 1024 (custom)
2022-01-24 18:05:05,679 [pool-322-thread-1] INFO  server.RaftServerConfigKeys (ConfUtils.java:logGet(44)) - raft.server.log.segment.size.max = 1048576 (custom)
2022-01-24 18:05:05,679 [pool-322-thread-1] INFO  server.RaftServerConfigKeys (ConfUtils.java:logGet(44)) - raft.server.log.preallocated.size = 16384 (custom)
2022-01-24 18:05:05,679 [pool-322-thread-1] INFO  server.RaftServerConfigKeys (ConfUtils.java:logGet(44)) - raft.server.log.force.sync.num = 128 (default)
2022-01-24 18:05:05,679 [pool-322-thread-1] INFO  server.RaftServerConfigKeys (ConfUtils.java:logGet(44)) - raft.server.log.statemachine.data.sync = true (default)
2022-01-24 18:05:05,679 [pool-322-thread-1] INFO  server.RaftServerConfigKeys (ConfUtils.java:logGet(44)) - raft.server.log.statemachine.data.sync.timeout = 10s (default)
2022-01-24 18:05:05,679 [pool-322-thread-1] INFO  server.RaftServerConfigKeys (ConfUtils.java:logGet(44)) - raft.server.log.statemachine.data.sync.timeout.retry = -1 (default)
2022-01-24 18:05:05,680 [pool-322-thread-1] INFO  server.RaftServerConfigKeys (ConfUtils.java:logGet(44)) - raft.server.log.write.buffer.size = 1048576 (custom)
2022-01-24 18:05:05,680 [pool-322-thread-1] INFO  server.RaftServerConfigKeys (ConfUtils.java:logGet(44)) - raft.server.log.statemachine.data.caching.enabled = true (custom)
2022-01-24 18:05:05,680 [pool-322-thread-1] INFO  segmented.SegmentedRaftLogWorker (SegmentedRaftLogWorker.java:lambda$new$0(133)) - 1c5e7e03-d60e-4e29-906a-a7b7ae931ec0@group-4A42DDB3E1D3-SegmentedRaftLogWorker: flushIndex: setUnconditionally 0 -> -1
2022-01-24 18:05:05,680 [pool-322-thread-1] INFO  segmented.SegmentedRaftLogWorker (SegmentedRaftLogWorker.java:lambda$new$0(133)) - 1c5e7e03-d60e-4e29-906a-a7b7ae931ec0@group-4A42DDB3E1D3-SegmentedRaftLogWorker: safeCacheEvictIndex: setUnconditionally 0 -> -1
2022-01-24 18:05:05,697 [pool-322-thread-1] INFO  server.RaftServerConfigKeys (ConfUtils.java:logGet(44)) - raft.server.snapshot.auto.trigger.enabled = true (custom)
2022-01-24 18:05:05,697 [pool-322-thread-1] INFO  server.RaftServerConfigKeys (ConfUtils.java:logGet(44)) - raft.server.snapshot.auto.trigger.threshold = 10000 (custom)
2022-01-24 18:05:05,697 [pool-322-thread-1] INFO  server.RaftServerConfigKeys (ConfUtils.java:logGet(44)) - raft.server.snapshot.retention.file.num = 5 (custom)
2022-01-24 18:05:05,697 [pool-322-thread-1] INFO  server.RaftServerConfigKeys (ConfUtils.java:logGet(44)) - raft.server.log.purge.upto.snapshot.index = false (default)
2022-01-24 18:05:05,697 [pool-322-thread-1] INFO  server.RaftServerConfigKeys (ConfUtils.java:logGet(44)) - raft.server.retrycache.expirytime = 600000ms (custom)
2022-01-24 18:05:05,697 [pool-322-thread-1] INFO  server.RaftServerConfigKeys (ConfUtils.java:logGet(44)) - raft.server.retrycache.statistics.expirytime = 100μs (default)
2022-01-24 18:05:05,698 [pool-322-thread-1] INFO  server.RaftServer$Division (RaftServerImpl.java:start(301)) - 1c5e7e03-d60e-4e29-906a-a7b7ae931ec0@group-4A42DDB3E1D3: start as a follower, conf=-1: [1c5e7e03-d60e-4e29-906a-a7b7ae931ec0|rpc:10.1.0.60:37847|dataStream:|priority:1, 08efc83e-84e2-40a1-a562-910b2e2f8a64|rpc:10.1.0.60:33205|dataStream:|priority:0, 40200fd9-271f-46a5-82e6-85afe20bb727|rpc:10.1.0.60:33665|dataStream:|priority:0], old=null
2022-01-24 18:05:05,698 [pool-322-thread-1] INFO  server.RaftServer$Division (RaftServerImpl.java:setRole(290)) - 1c5e7e03-d60e-4e29-906a-a7b7ae931ec0@group-4A42DDB3E1D3: changes role from      null to FOLLOWER at term 0 for startAsFollower
2022-01-24 18:05:05,698 [pool-322-thread-1] INFO  impl.RoleInfo (RoleInfo.java:updateAndGet(130)) - 1c5e7e03-d60e-4e29-906a-a7b7ae931ec0: start 1c5e7e03-d60e-4e29-906a-a7b7ae931ec0@group-4A42DDB3E1D3-FollowerState
2022-01-24 18:05:05,699 [pool-322-thread-1] INFO  util.JmxRegister (JmxRegister.java:tryRegister(44)) - Successfully registered JMX Bean with object name Ratis:service=RaftServer,group=group-4A42DDB3E1D3,id=1c5e7e03-d60e-4e29-906a-a7b7ae931ec0
2022-01-24 18:05:05,761 [Command processor thread] INFO  commandhandler.CreatePipelineCommandHandler (CreatePipelineCommandHandler.java:handle(106)) - Created Pipeline RATIS THREE PipelineID=a8873472-a4b0-431b-95d4-4a42ddb3e1d3.
2022-01-24 18:05:05,761 [Command processor thread] INFO  commandhandler.CreatePipelineCommandHandler (CreatePipelineCommandHandler.java:handle(106)) - Created Pipeline RATIS THREE PipelineID=a8873472-a4b0-431b-95d4-4a42ddb3e1d3.
2022-01-24 18:05:05,936 [Command processor thread] INFO  server.RaftServer (RaftServerProxy.java:addNew(95)) - 1c5e7e03-d60e-4e29-906a-a7b7ae931ec0: addNew group-FE187C5278EA:[1c5e7e03-d60e-4e29-906a-a7b7ae931ec0|rpc:10.1.0.60:37847|priority:1] returns group-FE187C5278EA:java.util.concurrent.CompletableFuture@192697af[Not completed]
2022-01-24 18:05:05,937 [pool-322-thread-1] INFO  server.RaftServer$Division (RaftServerImpl.java:<init>(184)) - 1c5e7e03-d60e-4e29-906a-a7b7ae931ec0: new RaftServerImpl for group-FE187C5278EA:[1c5e7e03-d60e-4e29-906a-a7b7ae931ec0|rpc:10.1.0.60:37847|priority:1] with ContainerStateMachine:uninitialized
2022-01-24 18:05:05,937 [pool-322-thread-1] INFO  server.RaftServerConfigKeys (ConfUtils.java:logGet(44)) - raft.server.rpc.timeout.min = 5s (custom)
2022-01-24 18:05:05,937 [pool-322-thread-1] INFO  server.RaftServerConfigKeys (ConfUtils.java:logGet(44)) - raft.server.rpc.timeout.max = 5200ms (custom)
2022-01-24 18:05:05,938 [pool-322-thread-1] INFO  server.RaftServerConfigKeys (ConfUtils.java:logGet(44)) - raft.server.rpc.sleep.time = 25ms (default)
2022-01-24 18:05:05,938 [pool-322-thread-1] INFO  server.RaftServerConfigKeys (ConfUtils.java:logGet(44)) - raft.server.rpc.slowness.timeout = 300000ms (custom)
2022-01-24 18:05:05,938 [pool-322-thread-1] INFO  server.RaftServerConfigKeys (ConfUtils.java:logGet(44)) - raft.server.leaderelection.leader.step-down.wait-time = 10s (default)
2022-01-24 18:05:05,938 [pool-322-thread-1] INFO  server.RaftServerConfigKeys (ConfUtils.java:logGet(44)) - raft.server.sleep.deviation.threshold = 300ms (default)
2022-01-24 18:05:05,938 [pool-322-thread-1] INFO  server.RaftServerConfigKeys (ConfUtils.java:logGet(44)) - raft.server.log.appender.install.snapshot.enabled = false (custom)
2022-01-24 18:05:05,938 [pool-322-thread-1] INFO  server.RaftServer$Division (ServerState.java:<init>(105)) - 1c5e7e03-d60e-4e29-906a-a7b7ae931ec0@group-FE187C5278EA: ConfigurationManager, init=-1: [1c5e7e03-d60e-4e29-906a-a7b7ae931ec0|rpc:10.1.0.60:37847|priority:1], old=null, confs=<EMPTY_MAP>
2022-01-24 18:05:05,938 [pool-322-thread-1] INFO  server.RaftServerConfigKeys (ConfUtils.java:logGet(44)) - raft.server.storage.dir = [/home/runner/work/ozone/ozone/hadoop-ozone/integration-test/target/test-dir/MiniOzoneClusterImpl-aa639c69-f9d2-45b5-aeae-2a5a4e0b395a/datanode-2/data/ratis] (custom)
2022-01-24 18:05:05,938 [pool-322-thread-1] INFO  server.RaftServerConfigKeys (ConfUtils.java:logGet(44)) - raft.server.log.corruption.policy = EXCEPTION (default)
2022-01-24 18:05:05,938 [pool-322-thread-1] INFO  server.RaftServerConfigKeys (ConfUtils.java:logGet(44)) - raft.server.storage.free-space.min = 0MB (=0) (default)
2022-01-24 18:05:05,938 [pool-322-thread-1] INFO  storage.RaftStorageDirectory (RaftStorageDirectoryImpl.java:analyzeStorage(135)) - The storage directory /home/runner/work/ozone/ozone/hadoop-ozone/integration-test/target/test-dir/MiniOzoneClusterImpl-aa639c69-f9d2-45b5-aeae-2a5a4e0b395a/datanode-2/data/ratis/3898fc47-dc72-4d98-bc41-fe187c5278ea does not exist. Creating ...
2022-01-24 18:05:05,941 [pool-322-thread-1] INFO  storage.RaftStorageDirectory (RaftStorageDirectoryImpl.java:tryLock(230)) - Lock on /home/runner/work/ozone/ozone/hadoop-ozone/integration-test/target/test-dir/MiniOzoneClusterImpl-aa639c69-f9d2-45b5-aeae-2a5a4e0b395a/datanode-2/data/ratis/3898fc47-dc72-4d98-bc41-fe187c5278ea/in_use.lock acquired by nodename 10094@fv-az184-104
2022-01-24 18:05:05,942 [pool-322-thread-1] INFO  storage.RaftStorage (RaftStorageImpl.java:format(89)) - Storage directory /home/runner/work/ozone/ozone/hadoop-ozone/integration-test/target/test-dir/MiniOzoneClusterImpl-aa639c69-f9d2-45b5-aeae-2a5a4e0b395a/datanode-2/data/ratis/3898fc47-dc72-4d98-bc41-fe187c5278ea has been successfully formatted.
2022-01-24 18:05:05,942 [pool-322-thread-1] INFO  ratis.ContainerStateMachine (ContainerStateMachine.java:loadSnapshot(231)) - group-FE187C5278EA: The snapshot info is null. Setting the last applied indexto:(t:0, i:~)
2022-01-24 18:05:05,942 [pool-322-thread-1] INFO  server.RaftServerConfigKeys (ConfUtils.java:logGet(44)) - raft.server.notification.no-leader.timeout = 300000ms (custom)
2022-01-24 18:05:05,942 [pool-322-thread-1] INFO  server.RaftServerConfigKeys (ConfUtils.java:logGet(44)) - raft.server.log.use.memory = false (default)
2022-01-24 18:05:05,943 [pool-322-thread-1] INFO  server.RaftServerConfigKeys (ConfUtils.java:logGet(44)) - raft.server.log.purge.gap = 1000000 (custom)
2022-01-24 18:05:05,943 [pool-322-thread-1] INFO  server.RaftServerConfigKeys (ConfUtils.java:logGet(44)) - raft.server.log.appender.buffer.byte-limit = 33554432 (custom)
2022-01-24 18:05:05,943 [pool-322-thread-1] INFO  server.RaftServerConfigKeys (ConfUtils.java:logGet(44)) - raft.server.log.segment.size.max = 1048576 (custom)
2022-01-24 18:05:05,943 [pool-322-thread-1] INFO  server.RaftServerConfigKeys (ConfUtils.java:logGet(44)) - raft.server.log.segment.cache.num.max = 2 (custom)
2022-01-24 18:05:05,943 [pool-322-thread-1] INFO  server.RaftServerConfigKeys (ConfUtils.java:logGet(44)) - raft.server.log.segment.cache.size.max = 200MB (=209715200) (default)
2022-01-24 18:05:05,943 [pool-322-thread-1] INFO  segmented.SegmentedRaftLogWorker (SegmentedRaftLogWorker.java:<init>(182)) - new 1c5e7e03-d60e-4e29-906a-a7b7ae931ec0@group-FE187C5278EA-SegmentedRaftLogWorker for RaftStorageImpl:Storage Directory /home/runner/work/ozone/ozone/hadoop-ozone/integration-test/target/test-dir/MiniOzoneClusterImpl-aa639c69-f9d2-45b5-aeae-2a5a4e0b395a/datanode-2/data/ratis/3898fc47-dc72-4d98-bc41-fe187c5278ea
2022-01-24 18:05:05,943 [pool-322-thread-1] INFO  server.RaftServerConfigKeys (ConfUtils.java:logGet(44)) - raft.server.log.queue.byte-limit = 2147483647 (custom)
2022-01-24 18:05:05,943 [pool-322-thread-1] INFO  server.RaftServerConfigKeys (ConfUtils.java:logGet(44)) - raft.server.log.queue.element-limit = 1024 (custom)
2022-01-24 18:05:05,943 [pool-322-thread-1] INFO  server.RaftServerConfigKeys (ConfUtils.java:logGet(44)) - raft.server.log.segment.size.max = 1048576 (custom)
2022-01-24 18:05:05,943 [pool-322-thread-1] INFO  server.RaftServerConfigKeys (ConfUtils.java:logGet(44)) - raft.server.log.preallocated.size = 16384 (custom)
2022-01-24 18:05:05,943 [pool-322-thread-1] INFO  server.RaftServerConfigKeys (ConfUtils.java:logGet(44)) - raft.server.log.force.sync.num = 128 (default)
2022-01-24 18:05:05,944 [pool-322-thread-1] INFO  server.RaftServerConfigKeys (ConfUtils.java:logGet(44)) - raft.server.log.statemachine.data.sync = true (default)
2022-01-24 18:05:05,944 [pool-322-thread-1] INFO  server.RaftServerConfigKeys (ConfUtils.java:logGet(44)) - raft.server.log.statemachine.data.sync.timeout = 10s (default)
2022-01-24 18:05:05,944 [pool-322-thread-1] INFO  server.RaftServerConfigKeys (ConfUtils.java:logGet(44)) - raft.server.log.statemachine.data.sync.timeout.retry = -1 (default)
2022-01-24 18:05:05,944 [EventQueue-PipelineReportForPipelineReportHandler] INFO  pipeline.PipelineManagerImpl (PipelineManagerImpl.java:openPipeline(291)) - Pipeline Pipeline[ Id: 3898fc47-dc72-4d98-bc41-fe187c5278ea, Nodes: 1c5e7e03-d60e-4e29-906a-a7b7ae931ec0{ip: 10.1.0.60, host: fv-az184-104.3ow45vhwbzuu5incsxmygykede.cx.internal.cloudapp.net, ports: [REPLICATION=35547, RATIS=37847, RATIS_ADMIN=37847, RATIS_SERVER=37847, STANDALONE=46337], networkLocation: /default-rack, certSerialId: null, persistedOpState: IN_SERVICE, persistedOpStateExpiryEpochSec: 0}, ReplicationConfig: RATIS/ONE, State:ALLOCATED, leaderId:1c5e7e03-d60e-4e29-906a-a7b7ae931ec0, CreationTimestamp2022-01-24T18:05:02.940Z[Etc/UTC]] moved to OPEN state
2022-01-24 18:05:05,944 [pool-322-thread-1] INFO  server.RaftServerConfigKeys (ConfUtils.java:logGet(44)) - raft.server.log.write.buffer.size = 1048576 (custom)
2022-01-24 18:05:05,947 [d5035ba9-9d65-4327-8f69-b17ec6104eac@group-2A5A4E0B395A-StateMachineUpdater] INFO  safemode.HealthyPipelineSafeModeRule (HealthyPipelineSafeModeRule.java:initializeRule(152)) - Refreshed total pipeline count is 0, healthy pipeline threshold count is 1
2022-01-24 18:05:05,949 [pool-322-thread-1] INFO  server.RaftServerConfigKeys (ConfUtils.java:logGet(44)) - raft.server.log.statemachine.data.caching.enabled = true (custom)
2022-01-24 18:05:05,950 [pool-322-thread-1] INFO  segmented.SegmentedRaftLogWorker (SegmentedRaftLogWorker.java:lambda$new$0(133)) - 1c5e7e03-d60e-4e29-906a-a7b7ae931ec0@group-FE187C5278EA-SegmentedRaftLogWorker: flushIndex: setUnconditionally 0 -> -1
2022-01-24 18:05:05,950 [pool-322-thread-1] INFO  segmented.SegmentedRaftLogWorker (SegmentedRaftLogWorker.java:lambda$new$0(133)) - 1c5e7e03-d60e-4e29-906a-a7b7ae931ec0@group-FE187C5278EA-SegmentedRaftLogWorker: safeCacheEvictIndex: setUnconditionally 0 -> -1
2022-01-24 18:05:05,950 [EventQueue-PipelineReportForPipelineReportHandler] INFO  ha.SCMHAInvocationHandler (SCMHAInvocationHandler.java:invokeRatis(113)) - Invoking method public abstract void org.apache.hadoop.hdds.scm.pipeline.PipelineStateManager.updatePipelineState(org.apache.hadoop.hdds.protocol.proto.HddsProtos$PipelineID,org.apache.hadoop.hdds.protocol.proto.HddsProtos$PipelineState) throws java.io.IOException on target org.apache.hadoop.hdds.scm.ha.SCMRatisServerImpl@3130b1de, cost 6077.456us
2022-01-24 18:05:05,950 [EventQueue-OpenPipelineForHealthyPipelineSafeModeRule] INFO  safemode.SCMSafeModeManager (HealthyPipelineSafeModeRule.java:process(124)) - SCM in safe mode. Healthy pipelines reported count is 0, required healthy pipeline reported count is 1
2022-01-24 18:05:05,973 [pool-322-thread-1] INFO  server.RaftServerConfigKeys (ConfUtils.java:logGet(44)) - raft.server.snapshot.auto.trigger.enabled = true (custom)
2022-01-24 18:05:05,973 [pool-322-thread-1] INFO  server.RaftServerConfigKeys (ConfUtils.java:logGet(44)) - raft.server.snapshot.auto.trigger.threshold = 10000 (custom)
2022-01-24 18:05:05,973 [pool-322-thread-1] INFO  server.RaftServerConfigKeys (ConfUtils.java:logGet(44)) - raft.server.snapshot.retention.file.num = 5 (custom)
2022-01-24 18:05:05,973 [pool-322-thread-1] INFO  server.RaftServerConfigKeys (ConfUtils.java:logGet(44)) - raft.server.log.purge.upto.snapshot.index = false (default)
2022-01-24 18:05:05,973 [pool-322-thread-1] INFO  server.RaftServerConfigKeys (ConfUtils.java:logGet(44)) - raft.server.retrycache.expirytime = 600000ms (custom)
2022-01-24 18:05:05,973 [pool-322-thread-1] INFO  server.RaftServerConfigKeys (ConfUtils.java:logGet(44)) - raft.server.retrycache.statistics.expirytime = 100μs (default)
2022-01-24 18:05:05,974 [pool-322-thread-1] INFO  server.RaftServer$Division (RaftServerImpl.java:start(301)) - 1c5e7e03-d60e-4e29-906a-a7b7ae931ec0@group-FE187C5278EA: start as a follower, conf=-1: [1c5e7e03-d60e-4e29-906a-a7b7ae931ec0|rpc:10.1.0.60:37847|priority:1], old=null
2022-01-24 18:05:05,974 [pool-322-thread-1] INFO  server.RaftServer$Division (RaftServerImpl.java:setRole(290)) - 1c5e7e03-d60e-4e29-906a-a7b7ae931ec0@group-FE187C5278EA: changes role from      null to FOLLOWER at term 0 for startAsFollower
2022-01-24 18:05:05,974 [pool-322-thread-1] INFO  impl.RoleInfo (RoleInfo.java:updateAndGet(130)) - 1c5e7e03-d60e-4e29-906a-a7b7ae931ec0: start 1c5e7e03-d60e-4e29-906a-a7b7ae931ec0@group-FE187C5278EA-FollowerState
2022-01-24 18:05:05,979 [pool-322-thread-1] INFO  util.JmxRegister (JmxRegister.java:tryRegister(44)) - Successfully registered JMX Bean with object name Ratis:service=RaftServer,group=group-FE187C5278EA,id=1c5e7e03-d60e-4e29-906a-a7b7ae931ec0
2022-01-24 18:05:05,985 [Command processor thread] INFO  ratis.XceiverServerRatis (XceiverServerRatis.java:addGroup(768)) - Created group PipelineID=3898fc47-dc72-4d98-bc41-fe187c5278ea
2022-01-24 18:05:05,985 [Command processor thread] INFO  commandhandler.CreatePipelineCommandHandler (CreatePipelineCommandHandler.java:handle(106)) - Created Pipeline RATIS ONE PipelineID=3898fc47-dc72-4d98-bc41-fe187c5278ea.
2022-01-24 18:05:06,144 [Listener at 127.0.0.1/42611] INFO  ozone.MiniOzoneClusterImpl (MiniOzoneClusterImpl.java:lambda$waitForClusterToBeReady$0(219)) - Nodes are ready. Got 7 of 7 DN Heartbeats.
2022-01-24 18:05:06,144 [Listener at 127.0.0.1/42611] INFO  ozone.MiniOzoneClusterImpl (MiniOzoneClusterImpl.java:lambda$waitForClusterToBeReady$0(222)) - Waiting for cluster to exit safe mode
2022-01-24 18:05:06,144 [Listener at 127.0.0.1/42611] INFO  ozone.MiniOzoneClusterImpl (MiniOzoneClusterImpl.java:lambda$waitForClusterToBeReady$0(224)) - SCM became leader
2022-01-24 18:05:06,603 [Command processor thread] INFO  server.RaftServer (RaftServerProxy.java:addNew(95)) - 109b74c6-5970-42d9-b999-0985bb35528b: addNew group-FBF99A330DCD:[109b74c6-5970-42d9-b999-0985bb35528b|rpc:10.1.0.60:34259|priority:1] returns group-FBF99A330DCD:java.util.concurrent.CompletableFuture@11c02774[Not completed]
2022-01-24 18:05:06,614 [pool-343-thread-1] INFO  server.RaftServer$Division (RaftServerImpl.java:<init>(184)) - 109b74c6-5970-42d9-b999-0985bb35528b: new RaftServerImpl for group-FBF99A330DCD:[109b74c6-5970-42d9-b999-0985bb35528b|rpc:10.1.0.60:34259|priority:1] with ContainerStateMachine:uninitialized
2022-01-24 18:05:06,614 [pool-343-thread-1] INFO  server.RaftServerConfigKeys (ConfUtils.java:logGet(44)) - raft.server.rpc.timeout.min = 5s (custom)
2022-01-24 18:05:06,614 [pool-343-thread-1] INFO  server.RaftServerConfigKeys (ConfUtils.java:logGet(44)) - raft.server.rpc.timeout.max = 5200ms (custom)
2022-01-24 18:05:06,614 [pool-343-thread-1] INFO  server.RaftServerConfigKeys (ConfUtils.java:logGet(44)) - raft.server.rpc.sleep.time = 25ms (default)
2022-01-24 18:05:06,617 [pool-343-thread-1] INFO  server.RaftServerConfigKeys (ConfUtils.java:logGet(44)) - raft.server.rpc.slowness.timeout = 300000ms (custom)
2022-01-24 18:05:06,617 [pool-343-thread-1] INFO  server.RaftServerConfigKeys (ConfUtils.java:logGet(44)) - raft.server.leaderelection.leader.step-down.wait-time = 10s (default)
2022-01-24 18:05:06,617 [pool-343-thread-1] INFO  server.RaftServerConfigKeys (ConfUtils.java:logGet(44)) - raft.server.sleep.deviation.threshold = 300ms (default)
2022-01-24 18:05:06,617 [pool-343-thread-1] INFO  server.RaftServerConfigKeys (ConfUtils.java:logGet(44)) - raft.server.log.appender.install.snapshot.enabled = false (custom)
2022-01-24 18:05:06,617 [pool-343-thread-1] INFO  server.RaftServer$Division (ServerState.java:<init>(105)) - 109b74c6-5970-42d9-b999-0985bb35528b@group-FBF99A330DCD: ConfigurationManager, init=-1: [109b74c6-5970-42d9-b999-0985bb35528b|rpc:10.1.0.60:34259|priority:1], old=null, confs=<EMPTY_MAP>
2022-01-24 18:05:06,617 [pool-343-thread-1] INFO  server.RaftServerConfigKeys (ConfUtils.java:logGet(44)) - raft.server.storage.dir = [/home/runner/work/ozone/ozone/hadoop-ozone/integration-test/target/test-dir/MiniOzoneClusterImpl-aa639c69-f9d2-45b5-aeae-2a5a4e0b395a/datanode-3/data/ratis] (custom)
2022-01-24 18:05:06,617 [pool-343-thread-1] INFO  server.RaftServerConfigKeys (ConfUtils.java:logGet(44)) - raft.server.log.corruption.policy = EXCEPTION (default)
2022-01-24 18:05:06,617 [pool-343-thread-1] INFO  server.RaftServerConfigKeys (ConfUtils.java:logGet(44)) - raft.server.storage.free-space.min = 0MB (=0) (default)
2022-01-24 18:05:06,618 [pool-343-thread-1] INFO  storage.RaftStorageDirectory (RaftStorageDirectoryImpl.java:analyzeStorage(135)) - The storage directory /home/runner/work/ozone/ozone/hadoop-ozone/integration-test/target/test-dir/MiniOzoneClusterImpl-aa639c69-f9d2-45b5-aeae-2a5a4e0b395a/datanode-3/data/ratis/44719648-93a7-40f2-aa39-fbf99a330dcd does not exist. Creating ...
2022-01-24 18:05:06,633 [pool-343-thread-1] INFO  storage.RaftStorageDirectory (RaftStorageDirectoryImpl.java:tryLock(230)) - Lock on /home/runner/work/ozone/ozone/hadoop-ozone/integration-test/target/test-dir/MiniOzoneClusterImpl-aa639c69-f9d2-45b5-aeae-2a5a4e0b395a/datanode-3/data/ratis/44719648-93a7-40f2-aa39-fbf99a330dcd/in_use.lock acquired by nodename 10094@fv-az184-104
2022-01-24 18:05:06,645 [pool-343-thread-1] INFO  storage.RaftStorage (RaftStorageImpl.java:format(89)) - Storage directory /home/runner/work/ozone/ozone/hadoop-ozone/integration-test/target/test-dir/MiniOzoneClusterImpl-aa639c69-f9d2-45b5-aeae-2a5a4e0b395a/datanode-3/data/ratis/44719648-93a7-40f2-aa39-fbf99a330dcd has been successfully formatted.
2022-01-24 18:05:06,665 [pool-343-thread-1] INFO  ratis.ContainerStateMachine (ContainerStateMachine.java:loadSnapshot(231)) - group-FBF99A330DCD: The snapshot info is null. Setting the last applied indexto:(t:0, i:~)
2022-01-24 18:05:06,665 [pool-343-thread-1] INFO  server.RaftServerConfigKeys (ConfUtils.java:logGet(44)) - raft.server.notification.no-leader.timeout = 300000ms (custom)
2022-01-24 18:05:06,665 [pool-343-thread-1] INFO  server.RaftServerConfigKeys (ConfUtils.java:logGet(44)) - raft.server.log.use.memory = false (default)
2022-01-24 18:05:06,665 [pool-343-thread-1] INFO  server.RaftServerConfigKeys (ConfUtils.java:logGet(44)) - raft.server.log.purge.gap = 1000000 (custom)
2022-01-24 18:05:06,666 [pool-343-thread-1] INFO  server.RaftServerConfigKeys (ConfUtils.java:logGet(44)) - raft.server.log.appender.buffer.byte-limit = 33554432 (custom)
2022-01-24 18:05:06,666 [pool-343-thread-1] INFO  server.RaftServerConfigKeys (ConfUtils.java:logGet(44)) - raft.server.log.segment.size.max = 1048576 (custom)
2022-01-24 18:05:06,666 [pool-343-thread-1] INFO  server.RaftServerConfigKeys (ConfUtils.java:logGet(44)) - raft.server.log.segment.cache.num.max = 2 (custom)
2022-01-24 18:05:06,666 [pool-343-thread-1] INFO  server.RaftServerConfigKeys (ConfUtils.java:logGet(44)) - raft.server.log.segment.cache.size.max = 200MB (=209715200) (default)
2022-01-24 18:05:06,666 [pool-343-thread-1] INFO  segmented.SegmentedRaftLogWorker (SegmentedRaftLogWorker.java:<init>(182)) - new 109b74c6-5970-42d9-b999-0985bb35528b@group-FBF99A330DCD-SegmentedRaftLogWorker for RaftStorageImpl:Storage Directory /home/runner/work/ozone/ozone/hadoop-ozone/integration-test/target/test-dir/MiniOzoneClusterImpl-aa639c69-f9d2-45b5-aeae-2a5a4e0b395a/datanode-3/data/ratis/44719648-93a7-40f2-aa39-fbf99a330dcd
2022-01-24 18:05:06,666 [pool-343-thread-1] INFO  server.RaftServerConfigKeys (ConfUtils.java:logGet(44)) - raft.server.log.queue.byte-limit = 2147483647 (custom)
2022-01-24 18:05:06,666 [pool-343-thread-1] INFO  server.RaftServerConfigKeys (ConfUtils.java:logGet(44)) - raft.server.log.queue.element-limit = 1024 (custom)
2022-01-24 18:05:06,666 [pool-343-thread-1] INFO  server.RaftServerConfigKeys (ConfUtils.java:logGet(44)) - raft.server.log.segment.size.max = 1048576 (custom)
2022-01-24 18:05:06,666 [pool-343-thread-1] INFO  server.RaftServerConfigKeys (ConfUtils.java:logGet(44)) - raft.server.log.preallocated.size = 16384 (custom)
2022-01-24 18:05:06,666 [pool-343-thread-1] INFO  server.RaftServerConfigKeys (ConfUtils.java:logGet(44)) - raft.server.log.force.sync.num = 128 (default)
2022-01-24 18:05:06,666 [pool-343-thread-1] INFO  server.RaftServerConfigKeys (ConfUtils.java:logGet(44)) - raft.server.log.statemachine.data.sync = true (default)
2022-01-24 18:05:06,666 [pool-343-thread-1] INFO  server.RaftServerConfigKeys (ConfUtils.java:logGet(44)) - raft.server.log.statemachine.data.sync.timeout = 10s (default)
2022-01-24 18:05:06,667 [pool-343-thread-1] INFO  server.RaftServerConfigKeys (ConfUtils.java:logGet(44)) - raft.server.log.statemachine.data.sync.timeout.retry = -1 (default)
2022-01-24 18:05:06,667 [pool-343-thread-1] INFO  server.RaftServerConfigKeys (ConfUtils.java:logGet(44)) - raft.server.log.write.buffer.size = 1048576 (custom)
2022-01-24 18:05:06,667 [pool-343-thread-1] INFO  server.RaftServerConfigKeys (ConfUtils.java:logGet(44)) - raft.server.log.statemachine.data.caching.enabled = true (custom)
2022-01-24 18:05:06,668 [pool-343-thread-1] INFO  segmented.SegmentedRaftLogWorker (SegmentedRaftLogWorker.java:lambda$new$0(133)) - 109b74c6-5970-42d9-b999-0985bb35528b@group-FBF99A330DCD-SegmentedRaftLogWorker: flushIndex: setUnconditionally 0 -> -1
2022-01-24 18:05:06,668 [pool-343-thread-1] INFO  segmented.SegmentedRaftLogWorker (SegmentedRaftLogWorker.java:lambda$new$0(133)) - 109b74c6-5970-42d9-b999-0985bb35528b@group-FBF99A330DCD-SegmentedRaftLogWorker: safeCacheEvictIndex: setUnconditionally 0 -> -1
2022-01-24 18:05:06,683 [pool-343-thread-1] INFO  server.RaftServerConfigKeys (ConfUtils.java:logGet(44)) - raft.server.snapshot.auto.trigger.enabled = true (custom)
2022-01-24 18:05:06,683 [pool-343-thread-1] INFO  server.RaftServerConfigKeys (ConfUtils.java:logGet(44)) - raft.server.snapshot.auto.trigger.threshold = 10000 (custom)
2022-01-24 18:05:06,683 [pool-343-thread-1] INFO  server.RaftServerConfigKeys (ConfUtils.java:logGet(44)) - raft.server.snapshot.retention.file.num = 5 (custom)
2022-01-24 18:05:06,683 [pool-343-thread-1] INFO  server.RaftServerConfigKeys (ConfUtils.java:logGet(44)) - raft.server.log.purge.upto.snapshot.index = false (default)
2022-01-24 18:05:06,683 [pool-343-thread-1] INFO  server.RaftServerConfigKeys (ConfUtils.java:logGet(44)) - raft.server.retrycache.expirytime = 600000ms (custom)
2022-01-24 18:05:06,683 [pool-343-thread-1] INFO  server.RaftServerConfigKeys (ConfUtils.java:logGet(44)) - raft.server.retrycache.statistics.expirytime = 100μs (default)
2022-01-24 18:05:06,685 [EventQueue-PipelineReportForPipelineReportHandler] INFO  pipeline.PipelineManagerImpl (PipelineManagerImpl.java:openPipeline(291)) - Pipeline Pipeline[ Id: 44719648-93a7-40f2-aa39-fbf99a330dcd, Nodes: 109b74c6-5970-42d9-b999-0985bb35528b{ip: 10.1.0.60, host: fv-az184-104.3ow45vhwbzuu5incsxmygykede.cx.internal.cloudapp.net, ports: [REPLICATION=38929, RATIS=34259, RATIS_ADMIN=34259, RATIS_SERVER=34259, STANDALONE=44437], networkLocation: /default-rack, certSerialId: null, persistedOpState: IN_SERVICE, persistedOpStateExpiryEpochSec: 0}, ReplicationConfig: RATIS/ONE, State:ALLOCATED, leaderId:109b74c6-5970-42d9-b999-0985bb35528b, CreationTimestamp2022-01-24T18:05:03.603Z[Etc/UTC]] moved to OPEN state
2022-01-24 18:05:06,686 [pool-343-thread-1] INFO  server.RaftServer$Division (RaftServerImpl.java:start(301)) - 109b74c6-5970-42d9-b999-0985bb35528b@group-FBF99A330DCD: start as a follower, conf=-1: [109b74c6-5970-42d9-b999-0985bb35528b|rpc:10.1.0.60:34259|priority:1], old=null
2022-01-24 18:05:06,686 [pool-343-thread-1] INFO  server.RaftServer$Division (RaftServerImpl.java:setRole(290)) - 109b74c6-5970-42d9-b999-0985bb35528b@group-FBF99A330DCD: changes role from      null to FOLLOWER at term 0 for startAsFollower
2022-01-24 18:05:06,687 [pool-343-thread-1] INFO  impl.RoleInfo (RoleInfo.java:updateAndGet(130)) - 109b74c6-5970-42d9-b999-0985bb35528b: start 109b74c6-5970-42d9-b999-0985bb35528b@group-FBF99A330DCD-FollowerState
2022-01-24 18:05:06,687 [d5035ba9-9d65-4327-8f69-b17ec6104eac@group-2A5A4E0B395A-StateMachineUpdater] INFO  safemode.HealthyPipelineSafeModeRule (HealthyPipelineSafeModeRule.java:initializeRule(152)) - Refreshed total pipeline count is 0, healthy pipeline threshold count is 1
2022-01-24 18:05:06,687 [EventQueue-PipelineReportForPipelineReportHandler] INFO  ha.SCMHAInvocationHandler (SCMHAInvocationHandler.java:invokeRatis(113)) - Invoking method public abstract void org.apache.hadoop.hdds.scm.pipeline.PipelineStateManager.updatePipelineState(org.apache.hadoop.hdds.protocol.proto.HddsProtos$PipelineID,org.apache.hadoop.hdds.protocol.proto.HddsProtos$PipelineState) throws java.io.IOException on target org.apache.hadoop.hdds.scm.ha.SCMRatisServerImpl@3130b1de, cost 2512.406us
2022-01-24 18:05:06,687 [EventQueue-OpenPipelineForHealthyPipelineSafeModeRule] INFO  safemode.SCMSafeModeManager (HealthyPipelineSafeModeRule.java:process(124)) - SCM in safe mode. Healthy pipelines reported count is 0, required healthy pipeline reported count is 1
2022-01-24 18:05:06,691 [pool-343-thread-1] INFO  util.JmxRegister (JmxRegister.java:tryRegister(44)) - Successfully registered JMX Bean with object name Ratis:service=RaftServer,group=group-FBF99A330DCD,id=109b74c6-5970-42d9-b999-0985bb35528b
2022-01-24 18:05:06,697 [Command processor thread] INFO  ratis.XceiverServerRatis (XceiverServerRatis.java:addGroup(768)) - Created group PipelineID=44719648-93a7-40f2-aa39-fbf99a330dcd
2022-01-24 18:05:06,697 [Command processor thread] INFO  commandhandler.CreatePipelineCommandHandler (CreatePipelineCommandHandler.java:handle(106)) - Created Pipeline RATIS ONE PipelineID=44719648-93a7-40f2-aa39-fbf99a330dcd.
2022-01-24 18:05:06,697 [Command processor thread] INFO  server.RaftServer (RaftServerProxy.java:addNew(95)) - 109b74c6-5970-42d9-b999-0985bb35528b: addNew group-FE0586866A31:[9fc6c589-e101-4b7c-8c44-590da935f0a3|rpc:10.1.0.60:37269|priority:0, 109b74c6-5970-42d9-b999-0985bb35528b|rpc:10.1.0.60:34259|priority:0, c189953c-19e1-459b-9255-7173c2cde622|rpc:10.1.0.60:39667|priority:1] returns group-FE0586866A31:java.util.concurrent.CompletableFuture@15ffa194[Not completed]
2022-01-24 18:05:06,698 [pool-343-thread-1] INFO  server.RaftServer$Division (RaftServerImpl.java:<init>(184)) - 109b74c6-5970-42d9-b999-0985bb35528b: new RaftServerImpl for group-FE0586866A31:[9fc6c589-e101-4b7c-8c44-590da935f0a3|rpc:10.1.0.60:37269|priority:0, 109b74c6-5970-42d9-b999-0985bb35528b|rpc:10.1.0.60:34259|priority:0, c189953c-19e1-459b-9255-7173c2cde622|rpc:10.1.0.60:39667|priority:1] with ContainerStateMachine:uninitialized
2022-01-24 18:05:06,698 [pool-343-thread-1] INFO  server.RaftServerConfigKeys (ConfUtils.java:logGet(44)) - raft.server.rpc.timeout.min = 5s (custom)
2022-01-24 18:05:06,698 [pool-343-thread-1] INFO  server.RaftServerConfigKeys (ConfUtils.java:logGet(44)) - raft.server.rpc.timeout.max = 5200ms (custom)
2022-01-24 18:05:06,698 [pool-343-thread-1] INFO  server.RaftServerConfigKeys (ConfUtils.java:logGet(44)) - raft.server.rpc.sleep.time = 25ms (default)
2022-01-24 18:05:06,698 [pool-343-thread-1] INFO  server.RaftServerConfigKeys (ConfUtils.java:logGet(44)) - raft.server.rpc.slowness.timeout = 300000ms (custom)
2022-01-24 18:05:06,698 [pool-343-thread-1] INFO  server.RaftServerConfigKeys (ConfUtils.java:logGet(44)) - raft.server.leaderelection.leader.step-down.wait-time = 10s (default)
2022-01-24 18:05:06,698 [pool-343-thread-1] INFO  server.RaftServerConfigKeys (ConfUtils.java:logGet(44)) - raft.server.sleep.deviation.threshold = 300ms (default)
2022-01-24 18:05:06,698 [pool-343-thread-1] INFO  server.RaftServerConfigKeys (ConfUtils.java:logGet(44)) - raft.server.log.appender.install.snapshot.enabled = false (custom)
2022-01-24 18:05:06,698 [pool-343-thread-1] INFO  server.RaftServer$Division (ServerState.java:<init>(105)) - 109b74c6-5970-42d9-b999-0985bb35528b@group-FE0586866A31: ConfigurationManager, init=-1: [9fc6c589-e101-4b7c-8c44-590da935f0a3|rpc:10.1.0.60:37269|priority:0, 109b74c6-5970-42d9-b999-0985bb35528b|rpc:10.1.0.60:34259|priority:0, c189953c-19e1-459b-9255-7173c2cde622|rpc:10.1.0.60:39667|priority:1], old=null, confs=<EMPTY_MAP>
2022-01-24 18:05:06,698 [pool-343-thread-1] INFO  server.RaftServerConfigKeys (ConfUtils.java:logGet(44)) - raft.server.storage.dir = [/home/runner/work/ozone/ozone/hadoop-ozone/integration-test/target/test-dir/MiniOzoneClusterImpl-aa639c69-f9d2-45b5-aeae-2a5a4e0b395a/datanode-3/data/ratis] (custom)
2022-01-24 18:05:06,699 [pool-343-thread-1] INFO  server.RaftServerConfigKeys (ConfUtils.java:logGet(44)) - raft.server.log.corruption.policy = EXCEPTION (default)
2022-01-24 18:05:06,699 [pool-343-thread-1] INFO  server.RaftServerConfigKeys (ConfUtils.java:logGet(44)) - raft.server.storage.free-space.min = 0MB (=0) (default)
2022-01-24 18:05:06,699 [pool-343-thread-1] INFO  storage.RaftStorageDirectory (RaftStorageDirectoryImpl.java:analyzeStorage(135)) - The storage directory /home/runner/work/ozone/ozone/hadoop-ozone/integration-test/target/test-dir/MiniOzoneClusterImpl-aa639c69-f9d2-45b5-aeae-2a5a4e0b395a/datanode-3/data/ratis/358c75be-78ae-4751-80cf-fe0586866a31 does not exist. Creating ...
2022-01-24 18:05:06,705 [pool-343-thread-1] INFO  storage.RaftStorageDirectory (RaftStorageDirectoryImpl.java:tryLock(230)) - Lock on /home/runner/work/ozone/ozone/hadoop-ozone/integration-test/target/test-dir/MiniOzoneClusterImpl-aa639c69-f9d2-45b5-aeae-2a5a4e0b395a/datanode-3/data/ratis/358c75be-78ae-4751-80cf-fe0586866a31/in_use.lock acquired by nodename 10094@fv-az184-104
2022-01-24 18:05:06,713 [pool-343-thread-1] INFO  storage.RaftStorage (RaftStorageImpl.java:format(89)) - Storage directory /home/runner/work/ozone/ozone/hadoop-ozone/integration-test/target/test-dir/MiniOzoneClusterImpl-aa639c69-f9d2-45b5-aeae-2a5a4e0b395a/datanode-3/data/ratis/358c75be-78ae-4751-80cf-fe0586866a31 has been successfully formatted.
2022-01-24 18:05:06,713 [pool-343-thread-1] INFO  ratis.ContainerStateMachine (ContainerStateMachine.java:loadSnapshot(231)) - group-FE0586866A31: The snapshot info is null. Setting the last applied indexto:(t:0, i:~)
2022-01-24 18:05:06,715 [pool-343-thread-1] INFO  server.RaftServerConfigKeys (ConfUtils.java:logGet(44)) - raft.server.notification.no-leader.timeout = 300000ms (custom)
2022-01-24 18:05:06,716 [pool-343-thread-1] INFO  server.RaftServerConfigKeys (ConfUtils.java:logGet(44)) - raft.server.log.use.memory = false (default)
2022-01-24 18:05:06,716 [pool-343-thread-1] INFO  server.RaftServerConfigKeys (ConfUtils.java:logGet(44)) - raft.server.log.purge.gap = 1000000 (custom)
2022-01-24 18:05:06,716 [pool-343-thread-1] INFO  server.RaftServerConfigKeys (ConfUtils.java:logGet(44)) - raft.server.log.appender.buffer.byte-limit = 33554432 (custom)
2022-01-24 18:05:06,716 [pool-343-thread-1] INFO  server.RaftServerConfigKeys (ConfUtils.java:logGet(44)) - raft.server.log.segment.size.max = 1048576 (custom)
2022-01-24 18:05:06,716 [pool-343-thread-1] INFO  server.RaftServerConfigKeys (ConfUtils.java:logGet(44)) - raft.server.log.segment.cache.num.max = 2 (custom)
2022-01-24 18:05:06,716 [pool-343-thread-1] INFO  server.RaftServerConfigKeys (ConfUtils.java:logGet(44)) - raft.server.log.segment.cache.size.max = 200MB (=209715200) (default)
2022-01-24 18:05:06,716 [pool-343-thread-1] INFO  segmented.SegmentedRaftLogWorker (SegmentedRaftLogWorker.java:<init>(182)) - new 109b74c6-5970-42d9-b999-0985bb35528b@group-FE0586866A31-SegmentedRaftLogWorker for RaftStorageImpl:Storage Directory /home/runner/work/ozone/ozone/hadoop-ozone/integration-test/target/test-dir/MiniOzoneClusterImpl-aa639c69-f9d2-45b5-aeae-2a5a4e0b395a/datanode-3/data/ratis/358c75be-78ae-4751-80cf-fe0586866a31
2022-01-24 18:05:06,716 [pool-343-thread-1] INFO  server.RaftServerConfigKeys (ConfUtils.java:logGet(44)) - raft.server.log.queue.byte-limit = 2147483647 (custom)
2022-01-24 18:05:06,716 [pool-343-thread-1] INFO  server.RaftServerConfigKeys (ConfUtils.java:logGet(44)) - raft.server.log.queue.element-limit = 1024 (custom)
2022-01-24 18:05:06,716 [pool-343-thread-1] INFO  server.RaftServerConfigKeys (ConfUtils.java:logGet(44)) - raft.server.log.segment.size.max = 1048576 (custom)
2022-01-24 18:05:06,716 [pool-343-thread-1] INFO  server.RaftServerConfigKeys (ConfUtils.java:logGet(44)) - raft.server.log.preallocated.size = 16384 (custom)
2022-01-24 18:05:06,716 [pool-343-thread-1] INFO  server.RaftServerConfigKeys (ConfUtils.java:logGet(44)) - raft.server.log.force.sync.num = 128 (default)
2022-01-24 18:05:06,717 [pool-343-thread-1] INFO  server.RaftServerConfigKeys (ConfUtils.java:logGet(44)) - raft.server.log.statemachine.data.sync = true (default)
2022-01-24 18:05:06,717 [pool-343-thread-1] INFO  server.RaftServerConfigKeys (ConfUtils.java:logGet(44)) - raft.server.log.statemachine.data.sync.timeout = 10s (default)
2022-01-24 18:05:06,717 [pool-343-thread-1] INFO  server.RaftServerConfigKeys (ConfUtils.java:logGet(44)) - raft.server.log.statemachine.data.sync.timeout.retry = -1 (default)
2022-01-24 18:05:06,717 [pool-343-thread-1] INFO  server.RaftServerConfigKeys (ConfUtils.java:logGet(44)) - raft.server.log.write.buffer.size = 1048576 (custom)
2022-01-24 18:05:06,718 [pool-343-thread-1] INFO  server.RaftServerConfigKeys (ConfUtils.java:logGet(44)) - raft.server.log.statemachine.data.caching.enabled = true (custom)
2022-01-24 18:05:06,718 [pool-343-thread-1] INFO  segmented.SegmentedRaftLogWorker (SegmentedRaftLogWorker.java:lambda$new$0(133)) - 109b74c6-5970-42d9-b999-0985bb35528b@group-FE0586866A31-SegmentedRaftLogWorker: flushIndex: setUnconditionally 0 -> -1
2022-01-24 18:05:06,718 [pool-343-thread-1] INFO  segmented.SegmentedRaftLogWorker (SegmentedRaftLogWorker.java:lambda$new$0(133)) - 109b74c6-5970-42d9-b999-0985bb35528b@group-FE0586866A31-SegmentedRaftLogWorker: safeCacheEvictIndex: setUnconditionally 0 -> -1
2022-01-24 18:05:06,720 [EventQueue-OpenPipelineForHealthyPipelineSafeModeRule] INFO  safemode.SCMSafeModeManager (HealthyPipelineSafeModeRule.java:process(124)) - SCM in safe mode. Healthy pipelines reported count is 0, required healthy pipeline reported count is 1
2022-01-24 18:05:06,730 [pool-343-thread-1] INFO  server.RaftServerConfigKeys (ConfUtils.java:logGet(44)) - raft.server.snapshot.auto.trigger.enabled = true (custom)
2022-01-24 18:05:06,730 [pool-343-thread-1] INFO  server.RaftServerConfigKeys (ConfUtils.java:logGet(44)) - raft.server.snapshot.auto.trigger.threshold = 10000 (custom)
2022-01-24 18:05:06,730 [pool-343-thread-1] INFO  server.RaftServerConfigKeys (ConfUtils.java:logGet(44)) - raft.server.snapshot.retention.file.num = 5 (custom)
2022-01-24 18:05:06,730 [pool-343-thread-1] INFO  server.RaftServerConfigKeys (ConfUtils.java:logGet(44)) - raft.server.log.purge.upto.snapshot.index = false (default)
2022-01-24 18:05:06,730 [pool-343-thread-1] INFO  server.RaftServerConfigKeys (ConfUtils.java:logGet(44)) - raft.server.retrycache.expirytime = 600000ms (custom)
2022-01-24 18:05:06,731 [pool-343-thread-1] INFO  server.RaftServerConfigKeys (ConfUtils.java:logGet(44)) - raft.server.retrycache.statistics.expirytime = 100μs (default)
2022-01-24 18:05:06,732 [pool-343-thread-1] INFO  server.RaftServer$Division (RaftServerImpl.java:start(301)) - 109b74c6-5970-42d9-b999-0985bb35528b@group-FE0586866A31: start as a follower, conf=-1: [9fc6c589-e101-4b7c-8c44-590da935f0a3|rpc:10.1.0.60:37269|priority:0, 109b74c6-5970-42d9-b999-0985bb35528b|rpc:10.1.0.60:34259|priority:0, c189953c-19e1-459b-9255-7173c2cde622|rpc:10.1.0.60:39667|priority:1], old=null
2022-01-24 18:05:06,732 [pool-343-thread-1] INFO  server.RaftServer$Division (RaftServerImpl.java:setRole(290)) - 109b74c6-5970-42d9-b999-0985bb35528b@group-FE0586866A31: changes role from      null to FOLLOWER at term 0 for startAsFollower
2022-01-24 18:05:06,732 [pool-343-thread-1] INFO  impl.RoleInfo (RoleInfo.java:updateAndGet(130)) - 109b74c6-5970-42d9-b999-0985bb35528b: start 109b74c6-5970-42d9-b999-0985bb35528b@group-FE0586866A31-FollowerState
2022-01-24 18:05:06,745 [pool-343-thread-1] INFO  util.JmxRegister (JmxRegister.java:tryRegister(44)) - Successfully registered JMX Bean with object name Ratis:service=RaftServer,group=group-FE0586866A31,id=109b74c6-5970-42d9-b999-0985bb35528b
2022-01-24 18:05:06,762 [Command processor thread] INFO  ratis.XceiverServerRatis (XceiverServerRatis.java:addGroup(768)) - Created group PipelineID=358c75be-78ae-4751-80cf-fe0586866a31
2022-01-24 18:05:06,773 [grpc-default-executor-3] INFO  server.RaftServer (RaftServerProxy.java:addNew(95)) - 9fc6c589-e101-4b7c-8c44-590da935f0a3: addNew group-FE0586866A31:[9fc6c589-e101-4b7c-8c44-590da935f0a3|rpc:10.1.0.60:37269|dataStream:|priority:0, 109b74c6-5970-42d9-b999-0985bb35528b|rpc:10.1.0.60:34259|dataStream:|priority:0, c189953c-19e1-459b-9255-7173c2cde622|rpc:10.1.0.60:39667|dataStream:|priority:1] returns group-FE0586866A31:java.util.concurrent.CompletableFuture@406a116a[Not completed]
2022-01-24 18:05:06,778 [pool-364-thread-1] INFO  server.RaftServer$Division (RaftServerImpl.java:<init>(184)) - 9fc6c589-e101-4b7c-8c44-590da935f0a3: new RaftServerImpl for group-FE0586866A31:[9fc6c589-e101-4b7c-8c44-590da935f0a3|rpc:10.1.0.60:37269|dataStream:|priority:0, 109b74c6-5970-42d9-b999-0985bb35528b|rpc:10.1.0.60:34259|dataStream:|priority:0, c189953c-19e1-459b-9255-7173c2cde622|rpc:10.1.0.60:39667|dataStream:|priority:1] with ContainerStateMachine:uninitialized
2022-01-24 18:05:06,801 [pool-364-thread-1] INFO  server.RaftServerConfigKeys (ConfUtils.java:logGet(44)) - raft.server.rpc.timeout.min = 5s (custom)
2022-01-24 18:05:06,805 [pool-364-thread-1] INFO  server.RaftServerConfigKeys (ConfUtils.java:logGet(44)) - raft.server.rpc.timeout.max = 5200ms (custom)
2022-01-24 18:05:06,805 [pool-364-thread-1] INFO  server.RaftServerConfigKeys (ConfUtils.java:logGet(44)) - raft.server.rpc.sleep.time = 25ms (default)
2022-01-24 18:05:06,805 [pool-364-thread-1] INFO  server.RaftServerConfigKeys (ConfUtils.java:logGet(44)) - raft.server.rpc.slowness.timeout = 300000ms (custom)
2022-01-24 18:05:06,805 [pool-364-thread-1] INFO  server.RaftServerConfigKeys (ConfUtils.java:logGet(44)) - raft.server.leaderelection.leader.step-down.wait-time = 10s (default)
2022-01-24 18:05:06,805 [pool-364-thread-1] INFO  server.RaftServerConfigKeys (ConfUtils.java:logGet(44)) - raft.server.sleep.deviation.threshold = 300ms (default)
2022-01-24 18:05:06,805 [pool-364-thread-1] INFO  server.RaftServerConfigKeys (ConfUtils.java:logGet(44)) - raft.server.log.appender.install.snapshot.enabled = false (custom)
2022-01-24 18:05:06,805 [pool-364-thread-1] INFO  server.RaftServer$Division (ServerState.java:<init>(105)) - 9fc6c589-e101-4b7c-8c44-590da935f0a3@group-FE0586866A31: ConfigurationManager, init=-1: [9fc6c589-e101-4b7c-8c44-590da935f0a3|rpc:10.1.0.60:37269|dataStream:|priority:0, 109b74c6-5970-42d9-b999-0985bb35528b|rpc:10.1.0.60:34259|dataStream:|priority:0, c189953c-19e1-459b-9255-7173c2cde622|rpc:10.1.0.60:39667|dataStream:|priority:1], old=null, confs=<EMPTY_MAP>
2022-01-24 18:05:06,805 [pool-364-thread-1] INFO  server.RaftServerConfigKeys (ConfUtils.java:logGet(44)) - raft.server.storage.dir = [/home/runner/work/ozone/ozone/hadoop-ozone/integration-test/target/test-dir/MiniOzoneClusterImpl-aa639c69-f9d2-45b5-aeae-2a5a4e0b395a/datanode-4/data/ratis] (custom)
2022-01-24 18:05:06,805 [pool-364-thread-1] INFO  server.RaftServerConfigKeys (ConfUtils.java:logGet(44)) - raft.server.log.corruption.policy = EXCEPTION (default)
2022-01-24 18:05:06,805 [pool-364-thread-1] INFO  server.RaftServerConfigKeys (ConfUtils.java:logGet(44)) - raft.server.storage.free-space.min = 0MB (=0) (default)
2022-01-24 18:05:06,806 [pool-364-thread-1] INFO  storage.RaftStorageDirectory (RaftStorageDirectoryImpl.java:analyzeStorage(135)) - The storage directory /home/runner/work/ozone/ozone/hadoop-ozone/integration-test/target/test-dir/MiniOzoneClusterImpl-aa639c69-f9d2-45b5-aeae-2a5a4e0b395a/datanode-4/data/ratis/358c75be-78ae-4751-80cf-fe0586866a31 does not exist. Creating ...
2022-01-24 18:05:06,809 [pool-364-thread-1] INFO  storage.RaftStorageDirectory (RaftStorageDirectoryImpl.java:tryLock(230)) - Lock on /home/runner/work/ozone/ozone/hadoop-ozone/integration-test/target/test-dir/MiniOzoneClusterImpl-aa639c69-f9d2-45b5-aeae-2a5a4e0b395a/datanode-4/data/ratis/358c75be-78ae-4751-80cf-fe0586866a31/in_use.lock acquired by nodename 10094@fv-az184-104
2022-01-24 18:05:06,813 [pool-364-thread-1] INFO  storage.RaftStorage (RaftStorageImpl.java:format(89)) - Storage directory /home/runner/work/ozone/ozone/hadoop-ozone/integration-test/target/test-dir/MiniOzoneClusterImpl-aa639c69-f9d2-45b5-aeae-2a5a4e0b395a/datanode-4/data/ratis/358c75be-78ae-4751-80cf-fe0586866a31 has been successfully formatted.
2022-01-24 18:05:06,829 [pool-364-thread-1] INFO  ratis.ContainerStateMachine (ContainerStateMachine.java:loadSnapshot(231)) - group-FE0586866A31: The snapshot info is null. Setting the last applied indexto:(t:0, i:~)
2022-01-24 18:05:06,829 [pool-364-thread-1] INFO  server.RaftServerConfigKeys (ConfUtils.java:logGet(44)) - raft.server.notification.no-leader.timeout = 300000ms (custom)
2022-01-24 18:05:06,829 [pool-364-thread-1] INFO  server.RaftServerConfigKeys (ConfUtils.java:logGet(44)) - raft.server.log.use.memory = false (default)
2022-01-24 18:05:06,829 [pool-364-thread-1] INFO  server.RaftServerConfigKeys (ConfUtils.java:logGet(44)) - raft.server.log.purge.gap = 1000000 (custom)
2022-01-24 18:05:06,829 [pool-364-thread-1] INFO  server.RaftServerConfigKeys (ConfUtils.java:logGet(44)) - raft.server.log.appender.buffer.byte-limit = 33554432 (custom)
2022-01-24 18:05:06,829 [pool-364-thread-1] INFO  server.RaftServerConfigKeys (ConfUtils.java:logGet(44)) - raft.server.log.segment.size.max = 1048576 (custom)
2022-01-24 18:05:06,830 [pool-364-thread-1] INFO  server.RaftServerConfigKeys (ConfUtils.java:logGet(44)) - raft.server.log.segment.cache.num.max = 2 (custom)
2022-01-24 18:05:06,830 [pool-364-thread-1] INFO  server.RaftServerConfigKeys (ConfUtils.java:logGet(44)) - raft.server.log.segment.cache.size.max = 200MB (=209715200) (default)
2022-01-24 18:05:06,830 [pool-364-thread-1] INFO  segmented.SegmentedRaftLogWorker (SegmentedRaftLogWorker.java:<init>(182)) - new 9fc6c589-e101-4b7c-8c44-590da935f0a3@group-FE0586866A31-SegmentedRaftLogWorker for RaftStorageImpl:Storage Directory /home/runner/work/ozone/ozone/hadoop-ozone/integration-test/target/test-dir/MiniOzoneClusterImpl-aa639c69-f9d2-45b5-aeae-2a5a4e0b395a/datanode-4/data/ratis/358c75be-78ae-4751-80cf-fe0586866a31
2022-01-24 18:05:06,830 [pool-364-thread-1] INFO  server.RaftServerConfigKeys (ConfUtils.java:logGet(44)) - raft.server.log.queue.byte-limit = 2147483647 (custom)
2022-01-24 18:05:06,830 [pool-364-thread-1] INFO  server.RaftServerConfigKeys (ConfUtils.java:logGet(44)) - raft.server.log.queue.element-limit = 1024 (custom)
2022-01-24 18:05:06,830 [pool-364-thread-1] INFO  server.RaftServerConfigKeys (ConfUtils.java:logGet(44)) - raft.server.log.segment.size.max = 1048576 (custom)
2022-01-24 18:05:06,830 [pool-364-thread-1] INFO  server.RaftServerConfigKeys (ConfUtils.java:logGet(44)) - raft.server.log.preallocated.size = 16384 (custom)
2022-01-24 18:05:06,830 [pool-364-thread-1] INFO  server.RaftServerConfigKeys (ConfUtils.java:logGet(44)) - raft.server.log.force.sync.num = 128 (default)
2022-01-24 18:05:06,830 [pool-364-thread-1] INFO  server.RaftServerConfigKeys (ConfUtils.java:logGet(44)) - raft.server.log.statemachine.data.sync = true (default)
2022-01-24 18:05:06,830 [pool-364-thread-1] INFO  server.RaftServerConfigKeys (ConfUtils.java:logGet(44)) - raft.server.log.statemachine.data.sync.timeout = 10s (default)
2022-01-24 18:05:06,830 [pool-364-thread-1] INFO  server.RaftServerConfigKeys (ConfUtils.java:logGet(44)) - raft.server.log.statemachine.data.sync.timeout.retry = -1 (default)
2022-01-24 18:05:06,831 [pool-364-thread-1] INFO  server.RaftServerConfigKeys (ConfUtils.java:logGet(44)) - raft.server.log.write.buffer.size = 1048576 (custom)
2022-01-24 18:05:06,831 [pool-364-thread-1] INFO  server.RaftServerConfigKeys (ConfUtils.java:logGet(44)) - raft.server.log.statemachine.data.caching.enabled = true (custom)
2022-01-24 18:05:06,831 [pool-364-thread-1] INFO  segmented.SegmentedRaftLogWorker (SegmentedRaftLogWorker.java:lambda$new$0(133)) - 9fc6c589-e101-4b7c-8c44-590da935f0a3@group-FE0586866A31-SegmentedRaftLogWorker: flushIndex: setUnconditionally 0 -> -1
2022-01-24 18:05:06,831 [pool-364-thread-1] INFO  segmented.SegmentedRaftLogWorker (SegmentedRaftLogWorker.java:lambda$new$0(133)) - 9fc6c589-e101-4b7c-8c44-590da935f0a3@group-FE0586866A31-SegmentedRaftLogWorker: safeCacheEvictIndex: setUnconditionally 0 -> -1
2022-01-24 18:05:06,837 [pool-364-thread-1] INFO  server.RaftServerConfigKeys (ConfUtils.java:logGet(44)) - raft.server.snapshot.auto.trigger.enabled = true (custom)
2022-01-24 18:05:06,838 [pool-364-thread-1] INFO  server.RaftServerConfigKeys (ConfUtils.java:logGet(44)) - raft.server.snapshot.auto.trigger.threshold = 10000 (custom)
2022-01-24 18:05:06,838 [pool-364-thread-1] INFO  server.RaftServerConfigKeys (ConfUtils.java:logGet(44)) - raft.server.snapshot.retention.file.num = 5 (custom)
2022-01-24 18:05:06,838 [pool-364-thread-1] INFO  server.RaftServerConfigKeys (ConfUtils.java:logGet(44)) - raft.server.log.purge.upto.snapshot.index = false (default)
2022-01-24 18:05:06,838 [pool-364-thread-1] INFO  server.RaftServerConfigKeys (ConfUtils.java:logGet(44)) - raft.server.retrycache.expirytime = 600000ms (custom)
2022-01-24 18:05:06,838 [pool-364-thread-1] INFO  server.RaftServerConfigKeys (ConfUtils.java:logGet(44)) - raft.server.retrycache.statistics.expirytime = 100μs (default)
2022-01-24 18:05:06,839 [pool-364-thread-1] INFO  server.RaftServer$Division (RaftServerImpl.java:start(301)) - 9fc6c589-e101-4b7c-8c44-590da935f0a3@group-FE0586866A31: start as a follower, conf=-1: [9fc6c589-e101-4b7c-8c44-590da935f0a3|rpc:10.1.0.60:37269|dataStream:|priority:0, 109b74c6-5970-42d9-b999-0985bb35528b|rpc:10.1.0.60:34259|dataStream:|priority:0, c189953c-19e1-459b-9255-7173c2cde622|rpc:10.1.0.60:39667|dataStream:|priority:1], old=null
2022-01-24 18:05:06,839 [pool-364-thread-1] INFO  server.RaftServer$Division (RaftServerImpl.java:setRole(290)) - 9fc6c589-e101-4b7c-8c44-590da935f0a3@group-FE0586866A31: changes role from      null to FOLLOWER at term 0 for startAsFollower
2022-01-24 18:05:06,840 [pool-364-thread-1] INFO  impl.RoleInfo (RoleInfo.java:updateAndGet(130)) - 9fc6c589-e101-4b7c-8c44-590da935f0a3: start 9fc6c589-e101-4b7c-8c44-590da935f0a3@group-FE0586866A31-FollowerState
2022-01-24 18:05:06,841 [pool-364-thread-1] INFO  util.JmxRegister (JmxRegister.java:tryRegister(44)) - Successfully registered JMX Bean with object name Ratis:service=RaftServer,group=group-FE0586866A31,id=9fc6c589-e101-4b7c-8c44-590da935f0a3
2022-01-24 18:05:06,905 [grpc-default-executor-3] INFO  server.RaftServer (RaftServerProxy.java:addNew(95)) - c189953c-19e1-459b-9255-7173c2cde622: addNew group-FE0586866A31:[9fc6c589-e101-4b7c-8c44-590da935f0a3|rpc:10.1.0.60:37269|dataStream:|priority:0, 109b74c6-5970-42d9-b999-0985bb35528b|rpc:10.1.0.60:34259|dataStream:|priority:0, c189953c-19e1-459b-9255-7173c2cde622|rpc:10.1.0.60:39667|dataStream:|priority:1] returns group-FE0586866A31:java.util.concurrent.CompletableFuture@3d964c4a[Not completed]
2022-01-24 18:05:06,912 [pool-385-thread-1] INFO  server.RaftServer$Division (RaftServerImpl.java:<init>(184)) - c189953c-19e1-459b-9255-7173c2cde622: new RaftServerImpl for group-FE0586866A31:[9fc6c589-e101-4b7c-8c44-590da935f0a3|rpc:10.1.0.60:37269|dataStream:|priority:0, 109b74c6-5970-42d9-b999-0985bb35528b|rpc:10.1.0.60:34259|dataStream:|priority:0, c189953c-19e1-459b-9255-7173c2cde622|rpc:10.1.0.60:39667|dataStream:|priority:1] with ContainerStateMachine:uninitialized
2022-01-24 18:05:06,933 [pool-385-thread-1] INFO  server.RaftServerConfigKeys (ConfUtils.java:logGet(44)) - raft.server.rpc.timeout.min = 5s (custom)
2022-01-24 18:05:06,933 [pool-385-thread-1] INFO  server.RaftServerConfigKeys (ConfUtils.java:logGet(44)) - raft.server.rpc.timeout.max = 5200ms (custom)
2022-01-24 18:05:06,933 [pool-385-thread-1] INFO  server.RaftServerConfigKeys (ConfUtils.java:logGet(44)) - raft.server.rpc.sleep.time = 25ms (default)
2022-01-24 18:05:06,934 [pool-385-thread-1] INFO  server.RaftServerConfigKeys (ConfUtils.java:logGet(44)) - raft.server.rpc.slowness.timeout = 300000ms (custom)
2022-01-24 18:05:06,934 [pool-385-thread-1] INFO  server.RaftServerConfigKeys (ConfUtils.java:logGet(44)) - raft.server.leaderelection.leader.step-down.wait-time = 10s (default)
2022-01-24 18:05:06,934 [pool-385-thread-1] INFO  server.RaftServerConfigKeys (ConfUtils.java:logGet(44)) - raft.server.sleep.deviation.threshold = 300ms (default)
2022-01-24 18:05:06,940 [pool-385-thread-1] INFO  server.RaftServerConfigKeys (ConfUtils.java:logGet(44)) - raft.server.log.appender.install.snapshot.enabled = false (custom)
2022-01-24 18:05:06,940 [pool-385-thread-1] INFO  server.RaftServer$Division (ServerState.java:<init>(105)) - c189953c-19e1-459b-9255-7173c2cde622@group-FE0586866A31: ConfigurationManager, init=-1: [9fc6c589-e101-4b7c-8c44-590da935f0a3|rpc:10.1.0.60:37269|dataStream:|priority:0, 109b74c6-5970-42d9-b999-0985bb35528b|rpc:10.1.0.60:34259|dataStream:|priority:0, c189953c-19e1-459b-9255-7173c2cde622|rpc:10.1.0.60:39667|dataStream:|priority:1], old=null, confs=<EMPTY_MAP>
2022-01-24 18:05:06,940 [pool-385-thread-1] INFO  server.RaftServerConfigKeys (ConfUtils.java:logGet(44)) - raft.server.storage.dir = [/home/runner/work/ozone/ozone/hadoop-ozone/integration-test/target/test-dir/MiniOzoneClusterImpl-aa639c69-f9d2-45b5-aeae-2a5a4e0b395a/datanode-5/data/ratis] (custom)
2022-01-24 18:05:06,948 [pool-385-thread-1] INFO  server.RaftServerConfigKeys (ConfUtils.java:logGet(44)) - raft.server.log.corruption.policy = EXCEPTION (default)
2022-01-24 18:05:06,948 [pool-385-thread-1] INFO  server.RaftServerConfigKeys (ConfUtils.java:logGet(44)) - raft.server.storage.free-space.min = 0MB (=0) (default)
2022-01-24 18:05:06,948 [pool-385-thread-1] INFO  storage.RaftStorageDirectory (RaftStorageDirectoryImpl.java:analyzeStorage(135)) - The storage directory /home/runner/work/ozone/ozone/hadoop-ozone/integration-test/target/test-dir/MiniOzoneClusterImpl-aa639c69-f9d2-45b5-aeae-2a5a4e0b395a/datanode-5/data/ratis/358c75be-78ae-4751-80cf-fe0586866a31 does not exist. Creating ...
2022-01-24 18:05:06,953 [pool-385-thread-1] INFO  storage.RaftStorageDirectory (RaftStorageDirectoryImpl.java:tryLock(230)) - Lock on /home/runner/work/ozone/ozone/hadoop-ozone/integration-test/target/test-dir/MiniOzoneClusterImpl-aa639c69-f9d2-45b5-aeae-2a5a4e0b395a/datanode-5/data/ratis/358c75be-78ae-4751-80cf-fe0586866a31/in_use.lock acquired by nodename 10094@fv-az184-104
2022-01-24 18:05:06,955 [pool-385-thread-1] INFO  storage.RaftStorage (RaftStorageImpl.java:format(89)) - Storage directory /home/runner/work/ozone/ozone/hadoop-ozone/integration-test/target/test-dir/MiniOzoneClusterImpl-aa639c69-f9d2-45b5-aeae-2a5a4e0b395a/datanode-5/data/ratis/358c75be-78ae-4751-80cf-fe0586866a31 has been successfully formatted.
2022-01-24 18:05:06,977 [pool-385-thread-1] INFO  ratis.ContainerStateMachine (ContainerStateMachine.java:loadSnapshot(231)) - group-FE0586866A31: The snapshot info is null. Setting the last applied indexto:(t:0, i:~)
2022-01-24 18:05:06,977 [pool-385-thread-1] INFO  server.RaftServerConfigKeys (ConfUtils.java:logGet(44)) - raft.server.notification.no-leader.timeout = 300000ms (custom)
2022-01-24 18:05:06,977 [pool-385-thread-1] INFO  server.RaftServerConfigKeys (ConfUtils.java:logGet(44)) - raft.server.log.use.memory = false (default)
2022-01-24 18:05:06,977 [pool-385-thread-1] INFO  server.RaftServerConfigKeys (ConfUtils.java:logGet(44)) - raft.server.log.purge.gap = 1000000 (custom)
2022-01-24 18:05:06,977 [pool-385-thread-1] INFO  server.RaftServerConfigKeys (ConfUtils.java:logGet(44)) - raft.server.log.appender.buffer.byte-limit = 33554432 (custom)
2022-01-24 18:05:06,978 [pool-385-thread-1] INFO  server.RaftServerConfigKeys (ConfUtils.java:logGet(44)) - raft.server.log.segment.size.max = 1048576 (custom)
2022-01-24 18:05:06,978 [pool-385-thread-1] INFO  server.RaftServerConfigKeys (ConfUtils.java:logGet(44)) - raft.server.log.segment.cache.num.max = 2 (custom)
2022-01-24 18:05:06,978 [pool-385-thread-1] INFO  server.RaftServerConfigKeys (ConfUtils.java:logGet(44)) - raft.server.log.segment.cache.size.max = 200MB (=209715200) (default)
2022-01-24 18:05:06,978 [pool-385-thread-1] INFO  segmented.SegmentedRaftLogWorker (SegmentedRaftLogWorker.java:<init>(182)) - new c189953c-19e1-459b-9255-7173c2cde622@group-FE0586866A31-SegmentedRaftLogWorker for RaftStorageImpl:Storage Directory /home/runner/work/ozone/ozone/hadoop-ozone/integration-test/target/test-dir/MiniOzoneClusterImpl-aa639c69-f9d2-45b5-aeae-2a5a4e0b395a/datanode-5/data/ratis/358c75be-78ae-4751-80cf-fe0586866a31
2022-01-24 18:05:06,978 [pool-385-thread-1] INFO  server.RaftServerConfigKeys (ConfUtils.java:logGet(44)) - raft.server.log.queue.byte-limit = 2147483647 (custom)
2022-01-24 18:05:06,978 [pool-385-thread-1] INFO  server.RaftServerConfigKeys (ConfUtils.java:logGet(44)) - raft.server.log.queue.element-limit = 1024 (custom)
2022-01-24 18:05:06,978 [pool-385-thread-1] INFO  server.RaftServerConfigKeys (ConfUtils.java:logGet(44)) - raft.server.log.segment.size.max = 1048576 (custom)
2022-01-24 18:05:06,978 [pool-385-thread-1] INFO  server.RaftServerConfigKeys (ConfUtils.java:logGet(44)) - raft.server.log.preallocated.size = 16384 (custom)
2022-01-24 18:05:06,978 [pool-385-thread-1] INFO  server.RaftServerConfigKeys (ConfUtils.java:logGet(44)) - raft.server.log.force.sync.num = 128 (default)
2022-01-24 18:05:06,978 [pool-385-thread-1] INFO  server.RaftServerConfigKeys (ConfUtils.java:logGet(44)) - raft.server.log.statemachine.data.sync = true (default)
2022-01-24 18:05:06,978 [pool-385-thread-1] INFO  server.RaftServerConfigKeys (ConfUtils.java:logGet(44)) - raft.server.log.statemachine.data.sync.timeout = 10s (default)
2022-01-24 18:05:06,978 [pool-385-thread-1] INFO  server.RaftServerConfigKeys (ConfUtils.java:logGet(44)) - raft.server.log.statemachine.data.sync.timeout.retry = -1 (default)
2022-01-24 18:05:06,979 [pool-385-thread-1] INFO  server.RaftServerConfigKeys (ConfUtils.java:logGet(44)) - raft.server.log.write.buffer.size = 1048576 (custom)
2022-01-24 18:05:06,980 [pool-385-thread-1] INFO  server.RaftServerConfigKeys (ConfUtils.java:logGet(44)) - raft.server.log.statemachine.data.caching.enabled = true (custom)
2022-01-24 18:05:06,980 [pool-385-thread-1] INFO  segmented.SegmentedRaftLogWorker (SegmentedRaftLogWorker.java:lambda$new$0(133)) - c189953c-19e1-459b-9255-7173c2cde622@group-FE0586866A31-SegmentedRaftLogWorker: flushIndex: setUnconditionally 0 -> -1
2022-01-24 18:05:06,980 [pool-385-thread-1] INFO  segmented.SegmentedRaftLogWorker (SegmentedRaftLogWorker.java:lambda$new$0(133)) - c189953c-19e1-459b-9255-7173c2cde622@group-FE0586866A31-SegmentedRaftLogWorker: safeCacheEvictIndex: setUnconditionally 0 -> -1
2022-01-24 18:05:06,989 [pool-385-thread-1] INFO  server.RaftServerConfigKeys (ConfUtils.java:logGet(44)) - raft.server.snapshot.auto.trigger.enabled = true (custom)
2022-01-24 18:05:06,989 [pool-385-thread-1] INFO  server.RaftServerConfigKeys (ConfUtils.java:logGet(44)) - raft.server.snapshot.auto.trigger.threshold = 10000 (custom)
2022-01-24 18:05:06,989 [pool-385-thread-1] INFO  server.RaftServerConfigKeys (ConfUtils.java:logGet(44)) - raft.server.snapshot.retention.file.num = 5 (custom)
2022-01-24 18:05:06,989 [pool-385-thread-1] INFO  server.RaftServerConfigKeys (ConfUtils.java:logGet(44)) - raft.server.log.purge.upto.snapshot.index = false (default)
2022-01-24 18:05:06,989 [pool-385-thread-1] INFO  server.RaftServerConfigKeys (ConfUtils.java:logGet(44)) - raft.server.retrycache.expirytime = 600000ms (custom)
2022-01-24 18:05:06,989 [pool-385-thread-1] INFO  server.RaftServerConfigKeys (ConfUtils.java:logGet(44)) - raft.server.retrycache.statistics.expirytime = 100μs (default)
2022-01-24 18:05:06,990 [pool-385-thread-1] INFO  server.RaftServer$Division (RaftServerImpl.java:start(301)) - c189953c-19e1-459b-9255-7173c2cde622@group-FE0586866A31: start as a follower, conf=-1: [9fc6c589-e101-4b7c-8c44-590da935f0a3|rpc:10.1.0.60:37269|dataStream:|priority:0, 109b74c6-5970-42d9-b999-0985bb35528b|rpc:10.1.0.60:34259|dataStream:|priority:0, c189953c-19e1-459b-9255-7173c2cde622|rpc:10.1.0.60:39667|dataStream:|priority:1], old=null
2022-01-24 18:05:06,990 [pool-385-thread-1] INFO  server.RaftServer$Division (RaftServerImpl.java:setRole(290)) - c189953c-19e1-459b-9255-7173c2cde622@group-FE0586866A31: changes role from      null to FOLLOWER at term 0 for startAsFollower
2022-01-24 18:05:06,990 [pool-385-thread-1] INFO  impl.RoleInfo (RoleInfo.java:updateAndGet(130)) - c189953c-19e1-459b-9255-7173c2cde622: start c189953c-19e1-459b-9255-7173c2cde622@group-FE0586866A31-FollowerState
2022-01-24 18:05:07,009 [pool-385-thread-1] INFO  util.JmxRegister (JmxRegister.java:tryRegister(44)) - Successfully registered JMX Bean with object name Ratis:service=RaftServer,group=group-FE0586866A31,id=c189953c-19e1-459b-9255-7173c2cde622
2022-01-24 18:05:07,053 [Command processor thread] INFO  commandhandler.CreatePipelineCommandHandler (CreatePipelineCommandHandler.java:handle(106)) - Created Pipeline RATIS THREE PipelineID=358c75be-78ae-4751-80cf-fe0586866a31.
2022-01-24 18:05:07,053 [Command processor thread] INFO  server.RaftServer (RaftServerProxy.java:addNew(95)) - 109b74c6-5970-42d9-b999-0985bb35528b: addNew group-A7FA955D15D6:[9fc6c589-e101-4b7c-8c44-590da935f0a3|rpc:10.1.0.60:37269|priority:0, 109b74c6-5970-42d9-b999-0985bb35528b|rpc:10.1.0.60:34259|priority:1, c189953c-19e1-459b-9255-7173c2cde622|rpc:10.1.0.60:39667|priority:0] returns group-A7FA955D15D6:java.util.concurrent.CompletableFuture@38906575[Not completed]
2022-01-24 18:05:07,054 [pool-343-thread-1] INFO  server.RaftServer$Division (RaftServerImpl.java:<init>(184)) - 109b74c6-5970-42d9-b999-0985bb35528b: new RaftServerImpl for group-A7FA955D15D6:[9fc6c589-e101-4b7c-8c44-590da935f0a3|rpc:10.1.0.60:37269|priority:0, 109b74c6-5970-42d9-b999-0985bb35528b|rpc:10.1.0.60:34259|priority:1, c189953c-19e1-459b-9255-7173c2cde622|rpc:10.1.0.60:39667|priority:0] with ContainerStateMachine:uninitialized
2022-01-24 18:05:07,054 [pool-343-thread-1] INFO  server.RaftServerConfigKeys (ConfUtils.java:logGet(44)) - raft.server.rpc.timeout.min = 5s (custom)
2022-01-24 18:05:07,054 [pool-343-thread-1] INFO  server.RaftServerConfigKeys (ConfUtils.java:logGet(44)) - raft.server.rpc.timeout.max = 5200ms (custom)
2022-01-24 18:05:07,054 [pool-343-thread-1] INFO  server.RaftServerConfigKeys (ConfUtils.java:logGet(44)) - raft.server.rpc.sleep.time = 25ms (default)
2022-01-24 18:05:07,054 [pool-343-thread-1] INFO  server.RaftServerConfigKeys (ConfUtils.java:logGet(44)) - raft.server.rpc.slowness.timeout = 300000ms (custom)
2022-01-24 18:05:07,054 [pool-343-thread-1] INFO  server.RaftServerConfigKeys (ConfUtils.java:logGet(44)) - raft.server.leaderelection.leader.step-down.wait-time = 10s (default)
2022-01-24 18:05:07,054 [pool-343-thread-1] INFO  server.RaftServerConfigKeys (ConfUtils.java:logGet(44)) - raft.server.sleep.deviation.threshold = 300ms (default)
2022-01-24 18:05:07,054 [pool-343-thread-1] INFO  server.RaftServerConfigKeys (ConfUtils.java:logGet(44)) - raft.server.log.appender.install.snapshot.enabled = false (custom)
2022-01-24 18:05:07,054 [pool-343-thread-1] INFO  server.RaftServer$Division (ServerState.java:<init>(105)) - 109b74c6-5970-42d9-b999-0985bb35528b@group-A7FA955D15D6: ConfigurationManager, init=-1: [9fc6c589-e101-4b7c-8c44-590da935f0a3|rpc:10.1.0.60:37269|priority:0, 109b74c6-5970-42d9-b999-0985bb35528b|rpc:10.1.0.60:34259|priority:1, c189953c-19e1-459b-9255-7173c2cde622|rpc:10.1.0.60:39667|priority:0], old=null, confs=<EMPTY_MAP>
2022-01-24 18:05:07,054 [pool-343-thread-1] INFO  server.RaftServerConfigKeys (ConfUtils.java:logGet(44)) - raft.server.storage.dir = [/home/runner/work/ozone/ozone/hadoop-ozone/integration-test/target/test-dir/MiniOzoneClusterImpl-aa639c69-f9d2-45b5-aeae-2a5a4e0b395a/datanode-3/data/ratis] (custom)
2022-01-24 18:05:07,055 [pool-343-thread-1] INFO  server.RaftServerConfigKeys (ConfUtils.java:logGet(44)) - raft.server.log.corruption.policy = EXCEPTION (default)
2022-01-24 18:05:07,055 [pool-343-thread-1] INFO  server.RaftServerConfigKeys (ConfUtils.java:logGet(44)) - raft.server.storage.free-space.min = 0MB (=0) (default)
2022-01-24 18:05:07,055 [pool-343-thread-1] INFO  storage.RaftStorageDirectory (RaftStorageDirectoryImpl.java:analyzeStorage(135)) - The storage directory /home/runner/work/ozone/ozone/hadoop-ozone/integration-test/target/test-dir/MiniOzoneClusterImpl-aa639c69-f9d2-45b5-aeae-2a5a4e0b395a/datanode-3/data/ratis/2124de27-bcfd-4c51-8a81-a7fa955d15d6 does not exist. Creating ...
2022-01-24 18:05:07,056 [pool-343-thread-1] INFO  storage.RaftStorageDirectory (RaftStorageDirectoryImpl.java:tryLock(230)) - Lock on /home/runner/work/ozone/ozone/hadoop-ozone/integration-test/target/test-dir/MiniOzoneClusterImpl-aa639c69-f9d2-45b5-aeae-2a5a4e0b395a/datanode-3/data/ratis/2124de27-bcfd-4c51-8a81-a7fa955d15d6/in_use.lock acquired by nodename 10094@fv-az184-104
2022-01-24 18:05:07,057 [pool-343-thread-1] INFO  storage.RaftStorage (RaftStorageImpl.java:format(89)) - Storage directory /home/runner/work/ozone/ozone/hadoop-ozone/integration-test/target/test-dir/MiniOzoneClusterImpl-aa639c69-f9d2-45b5-aeae-2a5a4e0b395a/datanode-3/data/ratis/2124de27-bcfd-4c51-8a81-a7fa955d15d6 has been successfully formatted.
2022-01-24 18:05:07,057 [pool-343-thread-1] INFO  ratis.ContainerStateMachine (ContainerStateMachine.java:loadSnapshot(231)) - group-A7FA955D15D6: The snapshot info is null. Setting the last applied indexto:(t:0, i:~)
2022-01-24 18:05:07,058 [pool-343-thread-1] INFO  server.RaftServerConfigKeys (ConfUtils.java:logGet(44)) - raft.server.notification.no-leader.timeout = 300000ms (custom)
2022-01-24 18:05:07,058 [pool-343-thread-1] INFO  server.RaftServerConfigKeys (ConfUtils.java:logGet(44)) - raft.server.log.use.memory = false (default)
2022-01-24 18:05:07,058 [pool-343-thread-1] INFO  server.RaftServerConfigKeys (ConfUtils.java:logGet(44)) - raft.server.log.purge.gap = 1000000 (custom)
2022-01-24 18:05:07,058 [pool-343-thread-1] INFO  server.RaftServerConfigKeys (ConfUtils.java:logGet(44)) - raft.server.log.appender.buffer.byte-limit = 33554432 (custom)
2022-01-24 18:05:07,058 [pool-343-thread-1] INFO  server.RaftServerConfigKeys (ConfUtils.java:logGet(44)) - raft.server.log.segment.size.max = 1048576 (custom)
2022-01-24 18:05:07,061 [EventQueue-OpenPipelineForHealthyPipelineSafeModeRule] INFO  safemode.SCMSafeModeManager (HealthyPipelineSafeModeRule.java:process(124)) - SCM in safe mode. Healthy pipelines reported count is 0, required healthy pipeline reported count is 1
2022-01-24 18:05:07,073 [pool-343-thread-1] INFO  server.RaftServerConfigKeys (ConfUtils.java:logGet(44)) - raft.server.log.segment.cache.num.max = 2 (custom)
2022-01-24 18:05:07,073 [pool-343-thread-1] INFO  server.RaftServerConfigKeys (ConfUtils.java:logGet(44)) - raft.server.log.segment.cache.size.max = 200MB (=209715200) (default)
2022-01-24 18:05:07,073 [pool-343-thread-1] INFO  segmented.SegmentedRaftLogWorker (SegmentedRaftLogWorker.java:<init>(182)) - new 109b74c6-5970-42d9-b999-0985bb35528b@group-A7FA955D15D6-SegmentedRaftLogWorker for RaftStorageImpl:Storage Directory /home/runner/work/ozone/ozone/hadoop-ozone/integration-test/target/test-dir/MiniOzoneClusterImpl-aa639c69-f9d2-45b5-aeae-2a5a4e0b395a/datanode-3/data/ratis/2124de27-bcfd-4c51-8a81-a7fa955d15d6
2022-01-24 18:05:07,073 [pool-343-thread-1] INFO  server.RaftServerConfigKeys (ConfUtils.java:logGet(44)) - raft.server.log.queue.byte-limit = 2147483647 (custom)
2022-01-24 18:05:07,073 [pool-343-thread-1] INFO  server.RaftServerConfigKeys (ConfUtils.java:logGet(44)) - raft.server.log.queue.element-limit = 1024 (custom)
2022-01-24 18:05:07,073 [pool-343-thread-1] INFO  server.RaftServerConfigKeys (ConfUtils.java:logGet(44)) - raft.server.log.segment.size.max = 1048576 (custom)
2022-01-24 18:05:07,073 [pool-343-thread-1] INFO  server.RaftServerConfigKeys (ConfUtils.java:logGet(44)) - raft.server.log.preallocated.size = 16384 (custom)
2022-01-24 18:05:07,073 [pool-343-thread-1] INFO  server.RaftServerConfigKeys (ConfUtils.java:logGet(44)) - raft.server.log.force.sync.num = 128 (default)
2022-01-24 18:05:07,073 [pool-343-thread-1] INFO  server.RaftServerConfigKeys (ConfUtils.java:logGet(44)) - raft.server.log.statemachine.data.sync = true (default)
2022-01-24 18:05:07,073 [pool-343-thread-1] INFO  server.RaftServerConfigKeys (ConfUtils.java:logGet(44)) - raft.server.log.statemachine.data.sync.timeout = 10s (default)
2022-01-24 18:05:07,073 [pool-343-thread-1] INFO  server.RaftServerConfigKeys (ConfUtils.java:logGet(44)) - raft.server.log.statemachine.data.sync.timeout.retry = -1 (default)
2022-01-24 18:05:07,074 [pool-343-thread-1] INFO  server.RaftServerConfigKeys (ConfUtils.java:logGet(44)) - raft.server.log.write.buffer.size = 1048576 (custom)
2022-01-24 18:05:07,077 [pool-343-thread-1] INFO  server.RaftServerConfigKeys (ConfUtils.java:logGet(44)) - raft.server.log.statemachine.data.caching.enabled = true (custom)
2022-01-24 18:05:07,077 [pool-343-thread-1] INFO  segmented.SegmentedRaftLogWorker (SegmentedRaftLogWorker.java:lambda$new$0(133)) - 109b74c6-5970-42d9-b999-0985bb35528b@group-A7FA955D15D6-SegmentedRaftLogWorker: flushIndex: setUnconditionally 0 -> -1
2022-01-24 18:05:07,080 [pool-343-thread-1] INFO  segmented.SegmentedRaftLogWorker (SegmentedRaftLogWorker.java:lambda$new$0(133)) - 109b74c6-5970-42d9-b999-0985bb35528b@group-A7FA955D15D6-SegmentedRaftLogWorker: safeCacheEvictIndex: setUnconditionally 0 -> -1
2022-01-24 18:05:07,089 [pool-343-thread-1] INFO  server.RaftServerConfigKeys (ConfUtils.java:logGet(44)) - raft.server.snapshot.auto.trigger.enabled = true (custom)
2022-01-24 18:05:07,089 [pool-343-thread-1] INFO  server.RaftServerConfigKeys (ConfUtils.java:logGet(44)) - raft.server.snapshot.auto.trigger.threshold = 10000 (custom)
2022-01-24 18:05:07,089 [pool-343-thread-1] INFO  server.RaftServerConfigKeys (ConfUtils.java:logGet(44)) - raft.server.snapshot.retention.file.num = 5 (custom)
2022-01-24 18:05:07,089 [pool-343-thread-1] INFO  server.RaftServerConfigKeys (ConfUtils.java:logGet(44)) - raft.server.log.purge.upto.snapshot.index = false (default)
2022-01-24 18:05:07,089 [pool-343-thread-1] INFO  server.RaftServerConfigKeys (ConfUtils.java:logGet(44)) - raft.server.retrycache.expirytime = 600000ms (custom)
2022-01-24 18:05:07,089 [pool-343-thread-1] INFO  server.RaftServerConfigKeys (ConfUtils.java:logGet(44)) - raft.server.retrycache.statistics.expirytime = 100μs (default)
2022-01-24 18:05:07,090 [pool-343-thread-1] INFO  server.RaftServer$Division (RaftServerImpl.java:start(301)) - 109b74c6-5970-42d9-b999-0985bb35528b@group-A7FA955D15D6: start as a follower, conf=-1: [9fc6c589-e101-4b7c-8c44-590da935f0a3|rpc:10.1.0.60:37269|priority:0, 109b74c6-5970-42d9-b999-0985bb35528b|rpc:10.1.0.60:34259|priority:1, c189953c-19e1-459b-9255-7173c2cde622|rpc:10.1.0.60:39667|priority:0], old=null
2022-01-24 18:05:07,090 [pool-343-thread-1] INFO  server.RaftServer$Division (RaftServerImpl.java:setRole(290)) - 109b74c6-5970-42d9-b999-0985bb35528b@group-A7FA955D15D6: changes role from      null to FOLLOWER at term 0 for startAsFollower
2022-01-24 18:05:07,090 [pool-343-thread-1] INFO  impl.RoleInfo (RoleInfo.java:updateAndGet(130)) - 109b74c6-5970-42d9-b999-0985bb35528b: start 109b74c6-5970-42d9-b999-0985bb35528b@group-A7FA955D15D6-FollowerState
2022-01-24 18:05:07,103 [pool-343-thread-1] INFO  util.JmxRegister (JmxRegister.java:tryRegister(44)) - Successfully registered JMX Bean with object name Ratis:service=RaftServer,group=group-A7FA955D15D6,id=109b74c6-5970-42d9-b999-0985bb35528b
2022-01-24 18:05:07,109 [Command processor thread] INFO  ratis.XceiverServerRatis (XceiverServerRatis.java:addGroup(768)) - Created group PipelineID=2124de27-bcfd-4c51-8a81-a7fa955d15d6
2022-01-24 18:05:07,123 [grpc-default-executor-3] INFO  server.RaftServer (RaftServerProxy.java:addNew(95)) - 9fc6c589-e101-4b7c-8c44-590da935f0a3: addNew group-A7FA955D15D6:[9fc6c589-e101-4b7c-8c44-590da935f0a3|rpc:10.1.0.60:37269|dataStream:|priority:0, 109b74c6-5970-42d9-b999-0985bb35528b|rpc:10.1.0.60:34259|dataStream:|priority:1, c189953c-19e1-459b-9255-7173c2cde622|rpc:10.1.0.60:39667|dataStream:|priority:0] returns group-A7FA955D15D6:java.util.concurrent.CompletableFuture@369f95aa[Not completed]
2022-01-24 18:05:07,124 [pool-364-thread-1] INFO  server.RaftServer$Division (RaftServerImpl.java:<init>(184)) - 9fc6c589-e101-4b7c-8c44-590da935f0a3: new RaftServerImpl for group-A7FA955D15D6:[9fc6c589-e101-4b7c-8c44-590da935f0a3|rpc:10.1.0.60:37269|dataStream:|priority:0, 109b74c6-5970-42d9-b999-0985bb35528b|rpc:10.1.0.60:34259|dataStream:|priority:1, c189953c-19e1-459b-9255-7173c2cde622|rpc:10.1.0.60:39667|dataStream:|priority:0] with ContainerStateMachine:uninitialized
2022-01-24 18:05:07,124 [pool-364-thread-1] INFO  server.RaftServerConfigKeys (ConfUtils.java:logGet(44)) - raft.server.rpc.timeout.min = 5s (custom)
2022-01-24 18:05:07,124 [pool-364-thread-1] INFO  server.RaftServerConfigKeys (ConfUtils.java:logGet(44)) - raft.server.rpc.timeout.max = 5200ms (custom)
2022-01-24 18:05:07,124 [pool-364-thread-1] INFO  server.RaftServerConfigKeys (ConfUtils.java:logGet(44)) - raft.server.rpc.sleep.time = 25ms (default)
2022-01-24 18:05:07,124 [pool-364-thread-1] INFO  server.RaftServerConfigKeys (ConfUtils.java:logGet(44)) - raft.server.rpc.slowness.timeout = 300000ms (custom)
2022-01-24 18:05:07,124 [pool-364-thread-1] INFO  server.RaftServerConfigKeys (ConfUtils.java:logGet(44)) - raft.server.leaderelection.leader.step-down.wait-time = 10s (default)
2022-01-24 18:05:07,124 [pool-364-thread-1] INFO  server.RaftServerConfigKeys (ConfUtils.java:logGet(44)) - raft.server.sleep.deviation.threshold = 300ms (default)
2022-01-24 18:05:07,124 [pool-364-thread-1] INFO  server.RaftServerConfigKeys (ConfUtils.java:logGet(44)) - raft.server.log.appender.install.snapshot.enabled = false (custom)
2022-01-24 18:05:07,124 [pool-364-thread-1] INFO  server.RaftServer$Division (ServerState.java:<init>(105)) - 9fc6c589-e101-4b7c-8c44-590da935f0a3@group-A7FA955D15D6: ConfigurationManager, init=-1: [9fc6c589-e101-4b7c-8c44-590da935f0a3|rpc:10.1.0.60:37269|dataStream:|priority:0, 109b74c6-5970-42d9-b999-0985bb35528b|rpc:10.1.0.60:34259|dataStream:|priority:1, c189953c-19e1-459b-9255-7173c2cde622|rpc:10.1.0.60:39667|dataStream:|priority:0], old=null, confs=<EMPTY_MAP>
2022-01-24 18:05:07,124 [pool-364-thread-1] INFO  server.RaftServerConfigKeys (ConfUtils.java:logGet(44)) - raft.server.storage.dir = [/home/runner/work/ozone/ozone/hadoop-ozone/integration-test/target/test-dir/MiniOzoneClusterImpl-aa639c69-f9d2-45b5-aeae-2a5a4e0b395a/datanode-4/data/ratis] (custom)
2022-01-24 18:05:07,124 [pool-364-thread-1] INFO  server.RaftServerConfigKeys (ConfUtils.java:logGet(44)) - raft.server.log.corruption.policy = EXCEPTION (default)
2022-01-24 18:05:07,124 [pool-364-thread-1] INFO  server.RaftServerConfigKeys (ConfUtils.java:logGet(44)) - raft.server.storage.free-space.min = 0MB (=0) (default)
2022-01-24 18:05:07,124 [pool-364-thread-1] INFO  storage.RaftStorageDirectory (RaftStorageDirectoryImpl.java:analyzeStorage(135)) - The storage directory /home/runner/work/ozone/ozone/hadoop-ozone/integration-test/target/test-dir/MiniOzoneClusterImpl-aa639c69-f9d2-45b5-aeae-2a5a4e0b395a/datanode-4/data/ratis/2124de27-bcfd-4c51-8a81-a7fa955d15d6 does not exist. Creating ...
2022-01-24 18:05:07,125 [pool-364-thread-1] INFO  storage.RaftStorageDirectory (RaftStorageDirectoryImpl.java:tryLock(230)) - Lock on /home/runner/work/ozone/ozone/hadoop-ozone/integration-test/target/test-dir/MiniOzoneClusterImpl-aa639c69-f9d2-45b5-aeae-2a5a4e0b395a/datanode-4/data/ratis/2124de27-bcfd-4c51-8a81-a7fa955d15d6/in_use.lock acquired by nodename 10094@fv-az184-104
2022-01-24 18:05:07,128 [pool-364-thread-1] INFO  storage.RaftStorage (RaftStorageImpl.java:format(89)) - Storage directory /home/runner/work/ozone/ozone/hadoop-ozone/integration-test/target/test-dir/MiniOzoneClusterImpl-aa639c69-f9d2-45b5-aeae-2a5a4e0b395a/datanode-4/data/ratis/2124de27-bcfd-4c51-8a81-a7fa955d15d6 has been successfully formatted.
2022-01-24 18:05:07,128 [pool-364-thread-1] INFO  ratis.ContainerStateMachine (ContainerStateMachine.java:loadSnapshot(231)) - group-A7FA955D15D6: The snapshot info is null. Setting the last applied indexto:(t:0, i:~)
2022-01-24 18:05:07,128 [pool-364-thread-1] INFO  server.RaftServerConfigKeys (ConfUtils.java:logGet(44)) - raft.server.notification.no-leader.timeout = 300000ms (custom)
2022-01-24 18:05:07,128 [pool-364-thread-1] INFO  server.RaftServerConfigKeys (ConfUtils.java:logGet(44)) - raft.server.log.use.memory = false (default)
2022-01-24 18:05:07,129 [pool-364-thread-1] INFO  server.RaftServerConfigKeys (ConfUtils.java:logGet(44)) - raft.server.log.purge.gap = 1000000 (custom)
2022-01-24 18:05:07,130 [pool-364-thread-1] INFO  server.RaftServerConfigKeys (ConfUtils.java:logGet(44)) - raft.server.log.appender.buffer.byte-limit = 33554432 (custom)
2022-01-24 18:05:07,133 [pool-364-thread-1] INFO  server.RaftServerConfigKeys (ConfUtils.java:logGet(44)) - raft.server.log.segment.size.max = 1048576 (custom)
2022-01-24 18:05:07,133 [pool-364-thread-1] INFO  server.RaftServerConfigKeys (ConfUtils.java:logGet(44)) - raft.server.log.segment.cache.num.max = 2 (custom)
2022-01-24 18:05:07,133 [pool-364-thread-1] INFO  server.RaftServerConfigKeys (ConfUtils.java:logGet(44)) - raft.server.log.segment.cache.size.max = 200MB (=209715200) (default)
2022-01-24 18:05:07,133 [pool-364-thread-1] INFO  segmented.SegmentedRaftLogWorker (SegmentedRaftLogWorker.java:<init>(182)) - new 9fc6c589-e101-4b7c-8c44-590da935f0a3@group-A7FA955D15D6-SegmentedRaftLogWorker for RaftStorageImpl:Storage Directory /home/runner/work/ozone/ozone/hadoop-ozone/integration-test/target/test-dir/MiniOzoneClusterImpl-aa639c69-f9d2-45b5-aeae-2a5a4e0b395a/datanode-4/data/ratis/2124de27-bcfd-4c51-8a81-a7fa955d15d6
2022-01-24 18:05:07,133 [pool-364-thread-1] INFO  server.RaftServerConfigKeys (ConfUtils.java:logGet(44)) - raft.server.log.queue.byte-limit = 2147483647 (custom)
2022-01-24 18:05:07,133 [pool-364-thread-1] INFO  server.RaftServerConfigKeys (ConfUtils.java:logGet(44)) - raft.server.log.queue.element-limit = 1024 (custom)
2022-01-24 18:05:07,133 [pool-364-thread-1] INFO  server.RaftServerConfigKeys (ConfUtils.java:logGet(44)) - raft.server.log.segment.size.max = 1048576 (custom)
2022-01-24 18:05:07,133 [pool-364-thread-1] INFO  server.RaftServerConfigKeys (ConfUtils.java:logGet(44)) - raft.server.log.preallocated.size = 16384 (custom)
2022-01-24 18:05:07,133 [pool-364-thread-1] INFO  server.RaftServerConfigKeys (ConfUtils.java:logGet(44)) - raft.server.log.force.sync.num = 128 (default)
2022-01-24 18:05:07,133 [pool-364-thread-1] INFO  server.RaftServerConfigKeys (ConfUtils.java:logGet(44)) - raft.server.log.statemachine.data.sync = true (default)
2022-01-24 18:05:07,134 [pool-364-thread-1] INFO  server.RaftServerConfigKeys (ConfUtils.java:logGet(44)) - raft.server.log.statemachine.data.sync.timeout = 10s (default)
2022-01-24 18:05:07,134 [pool-364-thread-1] INFO  server.RaftServerConfigKeys (ConfUtils.java:logGet(44)) - raft.server.log.statemachine.data.sync.timeout.retry = -1 (default)
2022-01-24 18:05:07,134 [pool-364-thread-1] INFO  server.RaftServerConfigKeys (ConfUtils.java:logGet(44)) - raft.server.log.write.buffer.size = 1048576 (custom)
2022-01-24 18:05:07,135 [pool-364-thread-1] INFO  server.RaftServerConfigKeys (ConfUtils.java:logGet(44)) - raft.server.log.statemachine.data.caching.enabled = true (custom)
2022-01-24 18:05:07,135 [pool-364-thread-1] INFO  segmented.SegmentedRaftLogWorker (SegmentedRaftLogWorker.java:lambda$new$0(133)) - 9fc6c589-e101-4b7c-8c44-590da935f0a3@group-A7FA955D15D6-SegmentedRaftLogWorker: flushIndex: setUnconditionally 0 -> -1
2022-01-24 18:05:07,135 [pool-364-thread-1] INFO  segmented.SegmentedRaftLogWorker (SegmentedRaftLogWorker.java:lambda$new$0(133)) - 9fc6c589-e101-4b7c-8c44-590da935f0a3@group-A7FA955D15D6-SegmentedRaftLogWorker: safeCacheEvictIndex: setUnconditionally 0 -> -1
2022-01-24 18:05:07,145 [Listener at 127.0.0.1/42611] INFO  ozone.MiniOzoneClusterImpl (MiniOzoneClusterImpl.java:lambda$waitForClusterToBeReady$0(219)) - Nodes are ready. Got 7 of 7 DN Heartbeats.
2022-01-24 18:05:07,145 [Listener at 127.0.0.1/42611] INFO  ozone.MiniOzoneClusterImpl (MiniOzoneClusterImpl.java:lambda$waitForClusterToBeReady$0(222)) - Waiting for cluster to exit safe mode
2022-01-24 18:05:07,145 [Listener at 127.0.0.1/42611] INFO  ozone.MiniOzoneClusterImpl (MiniOzoneClusterImpl.java:lambda$waitForClusterToBeReady$0(224)) - SCM became leader
2022-01-24 18:05:07,161 [pool-364-thread-1] INFO  server.RaftServerConfigKeys (ConfUtils.java:logGet(44)) - raft.server.snapshot.auto.trigger.enabled = true (custom)
2022-01-24 18:05:07,161 [pool-364-thread-1] INFO  server.RaftServerConfigKeys (ConfUtils.java:logGet(44)) - raft.server.snapshot.auto.trigger.threshold = 10000 (custom)
2022-01-24 18:05:07,161 [pool-364-thread-1] INFO  server.RaftServerConfigKeys (ConfUtils.java:logGet(44)) - raft.server.snapshot.retention.file.num = 5 (custom)
2022-01-24 18:05:07,161 [pool-364-thread-1] INFO  server.RaftServerConfigKeys (ConfUtils.java:logGet(44)) - raft.server.log.purge.upto.snapshot.index = false (default)
2022-01-24 18:05:07,161 [pool-364-thread-1] INFO  server.RaftServerConfigKeys (ConfUtils.java:logGet(44)) - raft.server.retrycache.expirytime = 600000ms (custom)
2022-01-24 18:05:07,161 [pool-364-thread-1] INFO  server.RaftServerConfigKeys (ConfUtils.java:logGet(44)) - raft.server.retrycache.statistics.expirytime = 100μs (default)
2022-01-24 18:05:07,162 [pool-364-thread-1] INFO  server.RaftServer$Division (RaftServerImpl.java:start(301)) - 9fc6c589-e101-4b7c-8c44-590da935f0a3@group-A7FA955D15D6: start as a follower, conf=-1: [9fc6c589-e101-4b7c-8c44-590da935f0a3|rpc:10.1.0.60:37269|dataStream:|priority:0, 109b74c6-5970-42d9-b999-0985bb35528b|rpc:10.1.0.60:34259|dataStream:|priority:1, c189953c-19e1-459b-9255-7173c2cde622|rpc:10.1.0.60:39667|dataStream:|priority:0], old=null
2022-01-24 18:05:07,169 [pool-364-thread-1] INFO  server.RaftServer$Division (RaftServerImpl.java:setRole(290)) - 9fc6c589-e101-4b7c-8c44-590da935f0a3@group-A7FA955D15D6: changes role from      null to FOLLOWER at term 0 for startAsFollower
2022-01-24 18:05:07,169 [pool-364-thread-1] INFO  impl.RoleInfo (RoleInfo.java:updateAndGet(130)) - 9fc6c589-e101-4b7c-8c44-590da935f0a3: start 9fc6c589-e101-4b7c-8c44-590da935f0a3@group-A7FA955D15D6-FollowerState
2022-01-24 18:05:07,175 [pool-364-thread-1] INFO  util.JmxRegister (JmxRegister.java:tryRegister(44)) - Successfully registered JMX Bean with object name Ratis:service=RaftServer,group=group-A7FA955D15D6,id=9fc6c589-e101-4b7c-8c44-590da935f0a3
2022-01-24 18:05:07,224 [grpc-default-executor-3] INFO  server.RaftServer (RaftServerProxy.java:addNew(95)) - c189953c-19e1-459b-9255-7173c2cde622: addNew group-A7FA955D15D6:[9fc6c589-e101-4b7c-8c44-590da935f0a3|rpc:10.1.0.60:37269|dataStream:|priority:0, 109b74c6-5970-42d9-b999-0985bb35528b|rpc:10.1.0.60:34259|dataStream:|priority:1, c189953c-19e1-459b-9255-7173c2cde622|rpc:10.1.0.60:39667|dataStream:|priority:0] returns group-A7FA955D15D6:java.util.concurrent.CompletableFuture@4aaa4cd3[Not completed]
2022-01-24 18:05:07,225 [pool-385-thread-1] INFO  server.RaftServer$Division (RaftServerImpl.java:<init>(184)) - c189953c-19e1-459b-9255-7173c2cde622: new RaftServerImpl for group-A7FA955D15D6:[9fc6c589-e101-4b7c-8c44-590da935f0a3|rpc:10.1.0.60:37269|dataStream:|priority:0, 109b74c6-5970-42d9-b999-0985bb35528b|rpc:10.1.0.60:34259|dataStream:|priority:1, c189953c-19e1-459b-9255-7173c2cde622|rpc:10.1.0.60:39667|dataStream:|priority:0] with ContainerStateMachine:uninitialized
2022-01-24 18:05:07,225 [pool-385-thread-1] INFO  server.RaftServerConfigKeys (ConfUtils.java:logGet(44)) - raft.server.rpc.timeout.min = 5s (custom)
2022-01-24 18:05:07,225 [pool-385-thread-1] INFO  server.RaftServerConfigKeys (ConfUtils.java:logGet(44)) - raft.server.rpc.timeout.max = 5200ms (custom)
2022-01-24 18:05:07,225 [pool-385-thread-1] INFO  server.RaftServerConfigKeys (ConfUtils.java:logGet(44)) - raft.server.rpc.sleep.time = 25ms (default)
2022-01-24 18:05:07,225 [pool-385-thread-1] INFO  server.RaftServerConfigKeys (ConfUtils.java:logGet(44)) - raft.server.rpc.slowness.timeout = 300000ms (custom)
2022-01-24 18:05:07,225 [pool-385-thread-1] INFO  server.RaftServerConfigKeys (ConfUtils.java:logGet(44)) - raft.server.leaderelection.leader.step-down.wait-time = 10s (default)
2022-01-24 18:05:07,225 [pool-385-thread-1] INFO  server.RaftServerConfigKeys (ConfUtils.java:logGet(44)) - raft.server.sleep.deviation.threshold = 300ms (default)
2022-01-24 18:05:07,225 [pool-385-thread-1] INFO  server.RaftServerConfigKeys (ConfUtils.java:logGet(44)) - raft.server.log.appender.install.snapshot.enabled = false (custom)
2022-01-24 18:05:07,225 [pool-385-thread-1] INFO  server.RaftServer$Division (ServerState.java:<init>(105)) - c189953c-19e1-459b-9255-7173c2cde622@group-A7FA955D15D6: ConfigurationManager, init=-1: [9fc6c589-e101-4b7c-8c44-590da935f0a3|rpc:10.1.0.60:37269|dataStream:|priority:0, 109b74c6-5970-42d9-b999-0985bb35528b|rpc:10.1.0.60:34259|dataStream:|priority:1, c189953c-19e1-459b-9255-7173c2cde622|rpc:10.1.0.60:39667|dataStream:|priority:0], old=null, confs=<EMPTY_MAP>
2022-01-24 18:05:07,225 [pool-385-thread-1] INFO  server.RaftServerConfigKeys (ConfUtils.java:logGet(44)) - raft.server.storage.dir = [/home/runner/work/ozone/ozone/hadoop-ozone/integration-test/target/test-dir/MiniOzoneClusterImpl-aa639c69-f9d2-45b5-aeae-2a5a4e0b395a/datanode-5/data/ratis] (custom)
2022-01-24 18:05:07,225 [pool-385-thread-1] INFO  server.RaftServerConfigKeys (ConfUtils.java:logGet(44)) - raft.server.log.corruption.policy = EXCEPTION (default)
2022-01-24 18:05:07,225 [pool-385-thread-1] INFO  server.RaftServerConfigKeys (ConfUtils.java:logGet(44)) - raft.server.storage.free-space.min = 0MB (=0) (default)
2022-01-24 18:05:07,226 [pool-385-thread-1] INFO  storage.RaftStorageDirectory (RaftStorageDirectoryImpl.java:analyzeStorage(135)) - The storage directory /home/runner/work/ozone/ozone/hadoop-ozone/integration-test/target/test-dir/MiniOzoneClusterImpl-aa639c69-f9d2-45b5-aeae-2a5a4e0b395a/datanode-5/data/ratis/2124de27-bcfd-4c51-8a81-a7fa955d15d6 does not exist. Creating ...
2022-01-24 18:05:07,227 [pool-385-thread-1] INFO  storage.RaftStorageDirectory (RaftStorageDirectoryImpl.java:tryLock(230)) - Lock on /home/runner/work/ozone/ozone/hadoop-ozone/integration-test/target/test-dir/MiniOzoneClusterImpl-aa639c69-f9d2-45b5-aeae-2a5a4e0b395a/datanode-5/data/ratis/2124de27-bcfd-4c51-8a81-a7fa955d15d6/in_use.lock acquired by nodename 10094@fv-az184-104
2022-01-24 18:05:07,229 [pool-385-thread-1] INFO  storage.RaftStorage (RaftStorageImpl.java:format(89)) - Storage directory /home/runner/work/ozone/ozone/hadoop-ozone/integration-test/target/test-dir/MiniOzoneClusterImpl-aa639c69-f9d2-45b5-aeae-2a5a4e0b395a/datanode-5/data/ratis/2124de27-bcfd-4c51-8a81-a7fa955d15d6 has been successfully formatted.
2022-01-24 18:05:07,231 [pool-385-thread-1] INFO  ratis.ContainerStateMachine (ContainerStateMachine.java:loadSnapshot(231)) - group-A7FA955D15D6: The snapshot info is null. Setting the last applied indexto:(t:0, i:~)
2022-01-24 18:05:07,232 [pool-385-thread-1] INFO  server.RaftServerConfigKeys (ConfUtils.java:logGet(44)) - raft.server.notification.no-leader.timeout = 300000ms (custom)
2022-01-24 18:05:07,232 [pool-385-thread-1] INFO  server.RaftServerConfigKeys (ConfUtils.java:logGet(44)) - raft.server.log.use.memory = false (default)
2022-01-24 18:05:07,232 [pool-385-thread-1] INFO  server.RaftServerConfigKeys (ConfUtils.java:logGet(44)) - raft.server.log.purge.gap = 1000000 (custom)
2022-01-24 18:05:07,232 [pool-385-thread-1] INFO  server.RaftServerConfigKeys (ConfUtils.java:logGet(44)) - raft.server.log.appender.buffer.byte-limit = 33554432 (custom)
2022-01-24 18:05:07,233 [pool-385-thread-1] INFO  server.RaftServerConfigKeys (ConfUtils.java:logGet(44)) - raft.server.log.segment.size.max = 1048576 (custom)
2022-01-24 18:05:07,233 [pool-385-thread-1] INFO  server.RaftServerConfigKeys (ConfUtils.java:logGet(44)) - raft.server.log.segment.cache.num.max = 2 (custom)
2022-01-24 18:05:07,233 [pool-385-thread-1] INFO  server.RaftServerConfigKeys (ConfUtils.java:logGet(44)) - raft.server.log.segment.cache.size.max = 200MB (=209715200) (default)
2022-01-24 18:05:07,233 [pool-385-thread-1] INFO  segmented.SegmentedRaftLogWorker (SegmentedRaftLogWorker.java:<init>(182)) - new c189953c-19e1-459b-9255-7173c2cde622@group-A7FA955D15D6-SegmentedRaftLogWorker for RaftStorageImpl:Storage Directory /home/runner/work/ozone/ozone/hadoop-ozone/integration-test/target/test-dir/MiniOzoneClusterImpl-aa639c69-f9d2-45b5-aeae-2a5a4e0b395a/datanode-5/data/ratis/2124de27-bcfd-4c51-8a81-a7fa955d15d6
2022-01-24 18:05:07,233 [pool-385-thread-1] INFO  server.RaftServerConfigKeys (ConfUtils.java:logGet(44)) - raft.server.log.queue.byte-limit = 2147483647 (custom)
2022-01-24 18:05:07,234 [pool-385-thread-1] INFO  server.RaftServerConfigKeys (ConfUtils.java:logGet(44)) - raft.server.log.queue.element-limit = 1024 (custom)
2022-01-24 18:05:07,234 [pool-385-thread-1] INFO  server.RaftServerConfigKeys (ConfUtils.java:logGet(44)) - raft.server.log.segment.size.max = 1048576 (custom)
2022-01-24 18:05:07,234 [pool-385-thread-1] INFO  server.RaftServerConfigKeys (ConfUtils.java:logGet(44)) - raft.server.log.preallocated.size = 16384 (custom)
2022-01-24 18:05:07,234 [pool-385-thread-1] INFO  server.RaftServerConfigKeys (ConfUtils.java:logGet(44)) - raft.server.log.force.sync.num = 128 (default)
2022-01-24 18:05:07,234 [pool-385-thread-1] INFO  server.RaftServerConfigKeys (ConfUtils.java:logGet(44)) - raft.server.log.statemachine.data.sync = true (default)
2022-01-24 18:05:07,234 [pool-385-thread-1] INFO  server.RaftServerConfigKeys (ConfUtils.java:logGet(44)) - raft.server.log.statemachine.data.sync.timeout = 10s (default)
2022-01-24 18:05:07,234 [pool-385-thread-1] INFO  server.RaftServerConfigKeys (ConfUtils.java:logGet(44)) - raft.server.log.statemachine.data.sync.timeout.retry = -1 (default)
2022-01-24 18:05:07,235 [pool-385-thread-1] INFO  server.RaftServerConfigKeys (ConfUtils.java:logGet(44)) - raft.server.log.write.buffer.size = 1048576 (custom)
2022-01-24 18:05:07,241 [pool-385-thread-1] INFO  server.RaftServerConfigKeys (ConfUtils.java:logGet(44)) - raft.server.log.statemachine.data.caching.enabled = true (custom)
2022-01-24 18:05:07,244 [pool-385-thread-1] INFO  segmented.SegmentedRaftLogWorker (SegmentedRaftLogWorker.java:lambda$new$0(133)) - c189953c-19e1-459b-9255-7173c2cde622@group-A7FA955D15D6-SegmentedRaftLogWorker: flushIndex: setUnconditionally 0 -> -1
2022-01-24 18:05:07,245 [pool-385-thread-1] INFO  segmented.SegmentedRaftLogWorker (SegmentedRaftLogWorker.java:lambda$new$0(133)) - c189953c-19e1-459b-9255-7173c2cde622@group-A7FA955D15D6-SegmentedRaftLogWorker: safeCacheEvictIndex: setUnconditionally 0 -> -1
2022-01-24 18:05:07,249 [pool-385-thread-1] INFO  server.RaftServerConfigKeys (ConfUtils.java:logGet(44)) - raft.server.snapshot.auto.trigger.enabled = true (custom)
2022-01-24 18:05:07,249 [pool-385-thread-1] INFO  server.RaftServerConfigKeys (ConfUtils.java:logGet(44)) - raft.server.snapshot.auto.trigger.threshold = 10000 (custom)
2022-01-24 18:05:07,249 [pool-385-thread-1] INFO  server.RaftServerConfigKeys (ConfUtils.java:logGet(44)) - raft.server.snapshot.retention.file.num = 5 (custom)
2022-01-24 18:05:07,249 [pool-385-thread-1] INFO  server.RaftServerConfigKeys (ConfUtils.java:logGet(44)) - raft.server.log.purge.upto.snapshot.index = false (default)
2022-01-24 18:05:07,249 [pool-385-thread-1] INFO  server.RaftServerConfigKeys (ConfUtils.java:logGet(44)) - raft.server.retrycache.expirytime = 600000ms (custom)
2022-01-24 18:05:07,249 [pool-385-thread-1] INFO  server.RaftServerConfigKeys (ConfUtils.java:logGet(44)) - raft.server.retrycache.statistics.expirytime = 100μs (default)
2022-01-24 18:05:07,250 [pool-385-thread-1] INFO  server.RaftServer$Division (RaftServerImpl.java:start(301)) - c189953c-19e1-459b-9255-7173c2cde622@group-A7FA955D15D6: start as a follower, conf=-1: [9fc6c589-e101-4b7c-8c44-590da935f0a3|rpc:10.1.0.60:37269|dataStream:|priority:0, 109b74c6-5970-42d9-b999-0985bb35528b|rpc:10.1.0.60:34259|dataStream:|priority:1, c189953c-19e1-459b-9255-7173c2cde622|rpc:10.1.0.60:39667|dataStream:|priority:0], old=null
2022-01-24 18:05:07,255 [Command processor thread] INFO  server.RaftServer (RaftServerProxy.java:addNew(95)) - 9fc6c589-e101-4b7c-8c44-590da935f0a3: addNew group-ED5D685313BC:[9fc6c589-e101-4b7c-8c44-590da935f0a3|rpc:10.1.0.60:37269|priority:1] returns group-ED5D685313BC:java.util.concurrent.CompletableFuture@1f9b2639[Not completed]
2022-01-24 18:05:07,255 [pool-385-thread-1] INFO  server.RaftServer$Division (RaftServerImpl.java:setRole(290)) - c189953c-19e1-459b-9255-7173c2cde622@group-A7FA955D15D6: changes role from      null to FOLLOWER at term 0 for startAsFollower
2022-01-24 18:05:07,255 [pool-385-thread-1] INFO  impl.RoleInfo (RoleInfo.java:updateAndGet(130)) - c189953c-19e1-459b-9255-7173c2cde622: start c189953c-19e1-459b-9255-7173c2cde622@group-A7FA955D15D6-FollowerState
2022-01-24 18:05:07,255 [pool-364-thread-1] INFO  server.RaftServer$Division (RaftServerImpl.java:<init>(184)) - 9fc6c589-e101-4b7c-8c44-590da935f0a3: new RaftServerImpl for group-ED5D685313BC:[9fc6c589-e101-4b7c-8c44-590da935f0a3|rpc:10.1.0.60:37269|priority:1] with ContainerStateMachine:uninitialized
2022-01-24 18:05:07,256 [pool-364-thread-1] INFO  server.RaftServerConfigKeys (ConfUtils.java:logGet(44)) - raft.server.rpc.timeout.min = 5s (custom)
2022-01-24 18:05:07,256 [pool-364-thread-1] INFO  server.RaftServerConfigKeys (ConfUtils.java:logGet(44)) - raft.server.rpc.timeout.max = 5200ms (custom)
2022-01-24 18:05:07,256 [pool-364-thread-1] INFO  server.RaftServerConfigKeys (ConfUtils.java:logGet(44)) - raft.server.rpc.sleep.time = 25ms (default)
2022-01-24 18:05:07,256 [pool-364-thread-1] INFO  server.RaftServerConfigKeys (ConfUtils.java:logGet(44)) - raft.server.rpc.slowness.timeout = 300000ms (custom)
2022-01-24 18:05:07,256 [pool-364-thread-1] INFO  server.RaftServerConfigKeys (ConfUtils.java:logGet(44)) - raft.server.leaderelection.leader.step-down.wait-time = 10s (default)
2022-01-24 18:05:07,256 [pool-364-thread-1] INFO  server.RaftServerConfigKeys (ConfUtils.java:logGet(44)) - raft.server.sleep.deviation.threshold = 300ms (default)
2022-01-24 18:05:07,256 [pool-364-thread-1] INFO  server.RaftServerConfigKeys (ConfUtils.java:logGet(44)) - raft.server.log.appender.install.snapshot.enabled = false (custom)
2022-01-24 18:05:07,256 [pool-364-thread-1] INFO  server.RaftServer$Division (ServerState.java:<init>(105)) - 9fc6c589-e101-4b7c-8c44-590da935f0a3@group-ED5D685313BC: ConfigurationManager, init=-1: [9fc6c589-e101-4b7c-8c44-590da935f0a3|rpc:10.1.0.60:37269|priority:1], old=null, confs=<EMPTY_MAP>
2022-01-24 18:05:07,256 [pool-364-thread-1] INFO  server.RaftServerConfigKeys (ConfUtils.java:logGet(44)) - raft.server.storage.dir = [/home/runner/work/ozone/ozone/hadoop-ozone/integration-test/target/test-dir/MiniOzoneClusterImpl-aa639c69-f9d2-45b5-aeae-2a5a4e0b395a/datanode-4/data/ratis] (custom)
2022-01-24 18:05:07,256 [pool-364-thread-1] INFO  server.RaftServerConfigKeys (ConfUtils.java:logGet(44)) - raft.server.log.corruption.policy = EXCEPTION (default)
2022-01-24 18:05:07,256 [pool-364-thread-1] INFO  server.RaftServerConfigKeys (ConfUtils.java:logGet(44)) - raft.server.storage.free-space.min = 0MB (=0) (default)
2022-01-24 18:05:07,256 [pool-364-thread-1] INFO  storage.RaftStorageDirectory (RaftStorageDirectoryImpl.java:analyzeStorage(135)) - The storage directory /home/runner/work/ozone/ozone/hadoop-ozone/integration-test/target/test-dir/MiniOzoneClusterImpl-aa639c69-f9d2-45b5-aeae-2a5a4e0b395a/datanode-4/data/ratis/95dc3e0a-a7e4-413d-8895-ed5d685313bc does not exist. Creating ...
2022-01-24 18:05:07,257 [pool-364-thread-1] INFO  storage.RaftStorageDirectory (RaftStorageDirectoryImpl.java:tryLock(230)) - Lock on /home/runner/work/ozone/ozone/hadoop-ozone/integration-test/target/test-dir/MiniOzoneClusterImpl-aa639c69-f9d2-45b5-aeae-2a5a4e0b395a/datanode-4/data/ratis/95dc3e0a-a7e4-413d-8895-ed5d685313bc/in_use.lock acquired by nodename 10094@fv-az184-104
2022-01-24 18:05:07,257 [pool-385-thread-1] INFO  util.JmxRegister (JmxRegister.java:tryRegister(44)) - Successfully registered JMX Bean with object name Ratis:service=RaftServer,group=group-A7FA955D15D6,id=c189953c-19e1-459b-9255-7173c2cde622
2022-01-24 18:05:07,259 [pool-364-thread-1] INFO  storage.RaftStorage (RaftStorageImpl.java:format(89)) - Storage directory /home/runner/work/ozone/ozone/hadoop-ozone/integration-test/target/test-dir/MiniOzoneClusterImpl-aa639c69-f9d2-45b5-aeae-2a5a4e0b395a/datanode-4/data/ratis/95dc3e0a-a7e4-413d-8895-ed5d685313bc has been successfully formatted.
2022-01-24 18:05:07,293 [pool-364-thread-1] INFO  ratis.ContainerStateMachine (ContainerStateMachine.java:loadSnapshot(231)) - group-ED5D685313BC: The snapshot info is null. Setting the last applied indexto:(t:0, i:~)
2022-01-24 18:05:07,293 [pool-364-thread-1] INFO  server.RaftServerConfigKeys (ConfUtils.java:logGet(44)) - raft.server.notification.no-leader.timeout = 300000ms (custom)
2022-01-24 18:05:07,293 [pool-364-thread-1] INFO  server.RaftServerConfigKeys (ConfUtils.java:logGet(44)) - raft.server.log.use.memory = false (default)
2022-01-24 18:05:07,293 [pool-364-thread-1] INFO  server.RaftServerConfigKeys (ConfUtils.java:logGet(44)) - raft.server.log.purge.gap = 1000000 (custom)
2022-01-24 18:05:07,293 [pool-364-thread-1] INFO  server.RaftServerConfigKeys (ConfUtils.java:logGet(44)) - raft.server.log.appender.buffer.byte-limit = 33554432 (custom)
2022-01-24 18:05:07,293 [pool-364-thread-1] INFO  server.RaftServerConfigKeys (ConfUtils.java:logGet(44)) - raft.server.log.segment.size.max = 1048576 (custom)
2022-01-24 18:05:07,321 [pool-364-thread-1] INFO  server.RaftServerConfigKeys (ConfUtils.java:logGet(44)) - raft.server.log.segment.cache.num.max = 2 (custom)
2022-01-24 18:05:07,321 [pool-364-thread-1] INFO  server.RaftServerConfigKeys (ConfUtils.java:logGet(44)) - raft.server.log.segment.cache.size.max = 200MB (=209715200) (default)
2022-01-24 18:05:07,321 [pool-364-thread-1] INFO  segmented.SegmentedRaftLogWorker (SegmentedRaftLogWorker.java:<init>(182)) - new 9fc6c589-e101-4b7c-8c44-590da935f0a3@group-ED5D685313BC-SegmentedRaftLogWorker for RaftStorageImpl:Storage Directory /home/runner/work/ozone/ozone/hadoop-ozone/integration-test/target/test-dir/MiniOzoneClusterImpl-aa639c69-f9d2-45b5-aeae-2a5a4e0b395a/datanode-4/data/ratis/95dc3e0a-a7e4-413d-8895-ed5d685313bc
2022-01-24 18:05:07,321 [pool-364-thread-1] INFO  server.RaftServerConfigKeys (ConfUtils.java:logGet(44)) - raft.server.log.queue.byte-limit = 2147483647 (custom)
2022-01-24 18:05:07,321 [pool-364-thread-1] INFO  server.RaftServerConfigKeys (ConfUtils.java:logGet(44)) - raft.server.log.queue.element-limit = 1024 (custom)
2022-01-24 18:05:07,321 [pool-364-thread-1] INFO  server.RaftServerConfigKeys (ConfUtils.java:logGet(44)) - raft.server.log.segment.size.max = 1048576 (custom)
2022-01-24 18:05:07,321 [pool-364-thread-1] INFO  server.RaftServerConfigKeys (ConfUtils.java:logGet(44)) - raft.server.log.preallocated.size = 16384 (custom)
2022-01-24 18:05:07,321 [pool-364-thread-1] INFO  server.RaftServerConfigKeys (ConfUtils.java:logGet(44)) - raft.server.log.force.sync.num = 128 (default)
2022-01-24 18:05:07,321 [pool-364-thread-1] INFO  server.RaftServerConfigKeys (ConfUtils.java:logGet(44)) - raft.server.log.statemachine.data.sync = true (default)
2022-01-24 18:05:07,321 [pool-364-thread-1] INFO  server.RaftServerConfigKeys (ConfUtils.java:logGet(44)) - raft.server.log.statemachine.data.sync.timeout = 10s (default)
2022-01-24 18:05:07,321 [pool-364-thread-1] INFO  server.RaftServerConfigKeys (ConfUtils.java:logGet(44)) - raft.server.log.statemachine.data.sync.timeout.retry = -1 (default)
2022-01-24 18:05:07,322 [pool-364-thread-1] INFO  server.RaftServerConfigKeys (ConfUtils.java:logGet(44)) - raft.server.log.write.buffer.size = 1048576 (custom)
2022-01-24 18:05:07,323 [pool-364-thread-1] INFO  server.RaftServerConfigKeys (ConfUtils.java:logGet(44)) - raft.server.log.statemachine.data.caching.enabled = true (custom)
2022-01-24 18:05:07,323 [pool-364-thread-1] INFO  segmented.SegmentedRaftLogWorker (SegmentedRaftLogWorker.java:lambda$new$0(133)) - 9fc6c589-e101-4b7c-8c44-590da935f0a3@group-ED5D685313BC-SegmentedRaftLogWorker: flushIndex: setUnconditionally 0 -> -1
2022-01-24 18:05:07,323 [pool-364-thread-1] INFO  segmented.SegmentedRaftLogWorker (SegmentedRaftLogWorker.java:lambda$new$0(133)) - 9fc6c589-e101-4b7c-8c44-590da935f0a3@group-ED5D685313BC-SegmentedRaftLogWorker: safeCacheEvictIndex: setUnconditionally 0 -> -1
2022-01-24 18:05:07,326 [EventQueue-PipelineReportForPipelineReportHandler] INFO  pipeline.PipelineManagerImpl (PipelineManagerImpl.java:openPipeline(291)) - Pipeline Pipeline[ Id: 95dc3e0a-a7e4-413d-8895-ed5d685313bc, Nodes: 9fc6c589-e101-4b7c-8c44-590da935f0a3{ip: 10.1.0.60, host: fv-az184-104.3ow45vhwbzuu5incsxmygykede.cx.internal.cloudapp.net, ports: [REPLICATION=37699, RATIS=37269, RATIS_ADMIN=37269, RATIS_SERVER=37269, STANDALONE=45033], networkLocation: /default-rack, certSerialId: null, persistedOpState: IN_SERVICE, persistedOpStateExpiryEpochSec: 0}, ReplicationConfig: RATIS/ONE, State:ALLOCATED, leaderId:9fc6c589-e101-4b7c-8c44-590da935f0a3, CreationTimestamp2022-01-24T18:05:04.258Z[Etc/UTC]] moved to OPEN state
2022-01-24 18:05:07,328 [d5035ba9-9d65-4327-8f69-b17ec6104eac@group-2A5A4E0B395A-StateMachineUpdater] INFO  safemode.HealthyPipelineSafeModeRule (HealthyPipelineSafeModeRule.java:initializeRule(152)) - Refreshed total pipeline count is 0, healthy pipeline threshold count is 1
2022-01-24 18:05:07,328 [EventQueue-PipelineReportForPipelineReportHandler] INFO  ha.SCMHAInvocationHandler (SCMHAInvocationHandler.java:invokeRatis(113)) - Invoking method public abstract void org.apache.hadoop.hdds.scm.pipeline.PipelineStateManager.updatePipelineState(org.apache.hadoop.hdds.protocol.proto.HddsProtos$PipelineID,org.apache.hadoop.hdds.protocol.proto.HddsProtos$PipelineState) throws java.io.IOException on target org.apache.hadoop.hdds.scm.ha.SCMRatisServerImpl@3130b1de, cost 2090.788us
2022-01-24 18:05:07,328 [EventQueue-OpenPipelineForHealthyPipelineSafeModeRule] INFO  safemode.SCMSafeModeManager (HealthyPipelineSafeModeRule.java:process(124)) - SCM in safe mode. Healthy pipelines reported count is 0, required healthy pipeline reported count is 1
2022-01-24 18:05:07,355 [pool-364-thread-1] INFO  server.RaftServerConfigKeys (ConfUtils.java:logGet(44)) - raft.server.snapshot.auto.trigger.enabled = true (custom)
2022-01-24 18:05:07,355 [pool-364-thread-1] INFO  server.RaftServerConfigKeys (ConfUtils.java:logGet(44)) - raft.server.snapshot.auto.trigger.threshold = 10000 (custom)
2022-01-24 18:05:07,355 [pool-364-thread-1] INFO  server.RaftServerConfigKeys (ConfUtils.java:logGet(44)) - raft.server.snapshot.retention.file.num = 5 (custom)
2022-01-24 18:05:07,355 [pool-364-thread-1] INFO  server.RaftServerConfigKeys (ConfUtils.java:logGet(44)) - raft.server.log.purge.upto.snapshot.index = false (default)
2022-01-24 18:05:07,355 [pool-364-thread-1] INFO  server.RaftServerConfigKeys (ConfUtils.java:logGet(44)) - raft.server.retrycache.expirytime = 600000ms (custom)
2022-01-24 18:05:07,355 [pool-364-thread-1] INFO  server.RaftServerConfigKeys (ConfUtils.java:logGet(44)) - raft.server.retrycache.statistics.expirytime = 100μs (default)
2022-01-24 18:05:07,356 [pool-364-thread-1] INFO  server.RaftServer$Division (RaftServerImpl.java:start(301)) - 9fc6c589-e101-4b7c-8c44-590da935f0a3@group-ED5D685313BC: start as a follower, conf=-1: [9fc6c589-e101-4b7c-8c44-590da935f0a3|rpc:10.1.0.60:37269|priority:1], old=null
2022-01-24 18:05:07,356 [pool-364-thread-1] INFO  server.RaftServer$Division (RaftServerImpl.java:setRole(290)) - 9fc6c589-e101-4b7c-8c44-590da935f0a3@group-ED5D685313BC: changes role from      null to FOLLOWER at term 0 for startAsFollower
2022-01-24 18:05:07,356 [pool-364-thread-1] INFO  impl.RoleInfo (RoleInfo.java:updateAndGet(130)) - 9fc6c589-e101-4b7c-8c44-590da935f0a3: start 9fc6c589-e101-4b7c-8c44-590da935f0a3@group-ED5D685313BC-FollowerState
2022-01-24 18:05:07,361 [Command processor thread] INFO  commandhandler.CreatePipelineCommandHandler (CreatePipelineCommandHandler.java:handle(106)) - Created Pipeline RATIS THREE PipelineID=2124de27-bcfd-4c51-8a81-a7fa955d15d6.
2022-01-24 18:05:07,373 [pool-364-thread-1] INFO  util.JmxRegister (JmxRegister.java:tryRegister(44)) - Successfully registered JMX Bean with object name Ratis:service=RaftServer,group=group-ED5D685313BC,id=9fc6c589-e101-4b7c-8c44-590da935f0a3
2022-01-24 18:05:07,379 [Command processor thread] INFO  ratis.XceiverServerRatis (XceiverServerRatis.java:addGroup(768)) - Created group PipelineID=95dc3e0a-a7e4-413d-8895-ed5d685313bc
2022-01-24 18:05:07,379 [Command processor thread] INFO  commandhandler.CreatePipelineCommandHandler (CreatePipelineCommandHandler.java:handle(106)) - Created Pipeline RATIS ONE PipelineID=95dc3e0a-a7e4-413d-8895-ed5d685313bc.
2022-01-24 18:05:07,740 [Command processor thread] INFO  server.RaftServer (RaftServerProxy.java:addNew(95)) - c189953c-19e1-459b-9255-7173c2cde622: addNew group-72A1C0F567BA:[c189953c-19e1-459b-9255-7173c2cde622|rpc:10.1.0.60:39667|priority:1] returns group-72A1C0F567BA:java.util.concurrent.CompletableFuture@6b8979a[Not completed]
2022-01-24 18:05:07,741 [pool-385-thread-1] INFO  server.RaftServer$Division (RaftServerImpl.java:<init>(184)) - c189953c-19e1-459b-9255-7173c2cde622: new RaftServerImpl for group-72A1C0F567BA:[c189953c-19e1-459b-9255-7173c2cde622|rpc:10.1.0.60:39667|priority:1] with ContainerStateMachine:uninitialized
2022-01-24 18:05:07,741 [pool-385-thread-1] INFO  server.RaftServerConfigKeys (ConfUtils.java:logGet(44)) - raft.server.rpc.timeout.min = 5s (custom)
2022-01-24 18:05:07,741 [pool-385-thread-1] INFO  server.RaftServerConfigKeys (ConfUtils.java:logGet(44)) - raft.server.rpc.timeout.max = 5200ms (custom)
2022-01-24 18:05:07,741 [pool-385-thread-1] INFO  server.RaftServerConfigKeys (ConfUtils.java:logGet(44)) - raft.server.rpc.sleep.time = 25ms (default)
2022-01-24 18:05:07,741 [pool-385-thread-1] INFO  server.RaftServerConfigKeys (ConfUtils.java:logGet(44)) - raft.server.rpc.slowness.timeout = 300000ms (custom)
2022-01-24 18:05:07,741 [pool-385-thread-1] INFO  server.RaftServerConfigKeys (ConfUtils.java:logGet(44)) - raft.server.leaderelection.leader.step-down.wait-time = 10s (default)
2022-01-24 18:05:07,741 [pool-385-thread-1] INFO  server.RaftServerConfigKeys (ConfUtils.java:logGet(44)) - raft.server.sleep.deviation.threshold = 300ms (default)
2022-01-24 18:05:07,741 [pool-385-thread-1] INFO  server.RaftServerConfigKeys (ConfUtils.java:logGet(44)) - raft.server.log.appender.install.snapshot.enabled = false (custom)
2022-01-24 18:05:07,741 [pool-385-thread-1] INFO  server.RaftServer$Division (ServerState.java:<init>(105)) - c189953c-19e1-459b-9255-7173c2cde622@group-72A1C0F567BA: ConfigurationManager, init=-1: [c189953c-19e1-459b-9255-7173c2cde622|rpc:10.1.0.60:39667|priority:1], old=null, confs=<EMPTY_MAP>
2022-01-24 18:05:07,741 [pool-385-thread-1] INFO  server.RaftServerConfigKeys (ConfUtils.java:logGet(44)) - raft.server.storage.dir = [/home/runner/work/ozone/ozone/hadoop-ozone/integration-test/target/test-dir/MiniOzoneClusterImpl-aa639c69-f9d2-45b5-aeae-2a5a4e0b395a/datanode-5/data/ratis] (custom)
2022-01-24 18:05:07,742 [pool-385-thread-1] INFO  server.RaftServerConfigKeys (ConfUtils.java:logGet(44)) - raft.server.log.corruption.policy = EXCEPTION (default)
2022-01-24 18:05:07,742 [pool-385-thread-1] INFO  server.RaftServerConfigKeys (ConfUtils.java:logGet(44)) - raft.server.storage.free-space.min = 0MB (=0) (default)
2022-01-24 18:05:07,742 [pool-385-thread-1] INFO  storage.RaftStorageDirectory (RaftStorageDirectoryImpl.java:analyzeStorage(135)) - The storage directory /home/runner/work/ozone/ozone/hadoop-ozone/integration-test/target/test-dir/MiniOzoneClusterImpl-aa639c69-f9d2-45b5-aeae-2a5a4e0b395a/datanode-5/data/ratis/34baea22-c562-449f-90d1-72a1c0f567ba does not exist. Creating ...
2022-01-24 18:05:07,745 [pool-385-thread-1] INFO  storage.RaftStorageDirectory (RaftStorageDirectoryImpl.java:tryLock(230)) - Lock on /home/runner/work/ozone/ozone/hadoop-ozone/integration-test/target/test-dir/MiniOzoneClusterImpl-aa639c69-f9d2-45b5-aeae-2a5a4e0b395a/datanode-5/data/ratis/34baea22-c562-449f-90d1-72a1c0f567ba/in_use.lock acquired by nodename 10094@fv-az184-104
2022-01-24 18:05:07,749 [pool-385-thread-1] INFO  storage.RaftStorage (RaftStorageImpl.java:format(89)) - Storage directory /home/runner/work/ozone/ozone/hadoop-ozone/integration-test/target/test-dir/MiniOzoneClusterImpl-aa639c69-f9d2-45b5-aeae-2a5a4e0b395a/datanode-5/data/ratis/34baea22-c562-449f-90d1-72a1c0f567ba has been successfully formatted.
2022-01-24 18:05:07,749 [pool-385-thread-1] INFO  ratis.ContainerStateMachine (ContainerStateMachine.java:loadSnapshot(231)) - group-72A1C0F567BA: The snapshot info is null. Setting the last applied indexto:(t:0, i:~)
2022-01-24 18:05:07,750 [pool-385-thread-1] INFO  server.RaftServerConfigKeys (ConfUtils.java:logGet(44)) - raft.server.notification.no-leader.timeout = 300000ms (custom)
2022-01-24 18:05:07,750 [pool-385-thread-1] INFO  server.RaftServerConfigKeys (ConfUtils.java:logGet(44)) - raft.server.log.use.memory = false (default)
2022-01-24 18:05:07,750 [pool-385-thread-1] INFO  server.RaftServerConfigKeys (ConfUtils.java:logGet(44)) - raft.server.log.purge.gap = 1000000 (custom)
2022-01-24 18:05:07,750 [pool-385-thread-1] INFO  server.RaftServerConfigKeys (ConfUtils.java:logGet(44)) - raft.server.log.appender.buffer.byte-limit = 33554432 (custom)
2022-01-24 18:05:07,750 [pool-385-thread-1] INFO  server.RaftServerConfigKeys (ConfUtils.java:logGet(44)) - raft.server.log.segment.size.max = 1048576 (custom)
2022-01-24 18:05:07,750 [pool-385-thread-1] INFO  server.RaftServerConfigKeys (ConfUtils.java:logGet(44)) - raft.server.log.segment.cache.num.max = 2 (custom)
2022-01-24 18:05:07,750 [pool-385-thread-1] INFO  server.RaftServerConfigKeys (ConfUtils.java:logGet(44)) - raft.server.log.segment.cache.size.max = 200MB (=209715200) (default)
2022-01-24 18:05:07,750 [pool-385-thread-1] INFO  segmented.SegmentedRaftLogWorker (SegmentedRaftLogWorker.java:<init>(182)) - new c189953c-19e1-459b-9255-7173c2cde622@group-72A1C0F567BA-SegmentedRaftLogWorker for RaftStorageImpl:Storage Directory /home/runner/work/ozone/ozone/hadoop-ozone/integration-test/target/test-dir/MiniOzoneClusterImpl-aa639c69-f9d2-45b5-aeae-2a5a4e0b395a/datanode-5/data/ratis/34baea22-c562-449f-90d1-72a1c0f567ba
2022-01-24 18:05:07,750 [pool-385-thread-1] INFO  server.RaftServerConfigKeys (ConfUtils.java:logGet(44)) - raft.server.log.queue.byte-limit = 2147483647 (custom)
2022-01-24 18:05:07,750 [pool-385-thread-1] INFO  server.RaftServerConfigKeys (ConfUtils.java:logGet(44)) - raft.server.log.queue.element-limit = 1024 (custom)
2022-01-24 18:05:07,751 [pool-385-thread-1] INFO  server.RaftServerConfigKeys (ConfUtils.java:logGet(44)) - raft.server.log.segment.size.max = 1048576 (custom)
2022-01-24 18:05:07,751 [pool-385-thread-1] INFO  server.RaftServerConfigKeys (ConfUtils.java:logGet(44)) - raft.server.log.preallocated.size = 16384 (custom)
2022-01-24 18:05:07,751 [pool-385-thread-1] INFO  server.RaftServerConfigKeys (ConfUtils.java:logGet(44)) - raft.server.log.force.sync.num = 128 (default)
2022-01-24 18:05:07,751 [pool-385-thread-1] INFO  server.RaftServerConfigKeys (ConfUtils.java:logGet(44)) - raft.server.log.statemachine.data.sync = true (default)
2022-01-24 18:05:07,751 [pool-385-thread-1] INFO  server.RaftServerConfigKeys (ConfUtils.java:logGet(44)) - raft.server.log.statemachine.data.sync.timeout = 10s (default)
2022-01-24 18:05:07,751 [pool-385-thread-1] INFO  server.RaftServerConfigKeys (ConfUtils.java:logGet(44)) - raft.server.log.statemachine.data.sync.timeout.retry = -1 (default)
2022-01-24 18:05:07,751 [EventQueue-PipelineReportForPipelineReportHandler] INFO  pipeline.PipelineManagerImpl (PipelineManagerImpl.java:openPipeline(291)) - Pipeline Pipeline[ Id: 34baea22-c562-449f-90d1-72a1c0f567ba, Nodes: c189953c-19e1-459b-9255-7173c2cde622{ip: 10.1.0.60, host: fv-az184-104.3ow45vhwbzuu5incsxmygykede.cx.internal.cloudapp.net, ports: [REPLICATION=41549, RATIS=39667, RATIS_ADMIN=39667, RATIS_SERVER=39667, STANDALONE=35047], networkLocation: /default-rack, certSerialId: null, persistedOpState: IN_SERVICE, persistedOpStateExpiryEpochSec: 0}, ReplicationConfig: RATIS/ONE, State:ALLOCATED, leaderId:c189953c-19e1-459b-9255-7173c2cde622, CreationTimestamp2022-01-24T18:05:04.735Z[Etc/UTC]] moved to OPEN state
2022-01-24 18:05:07,751 [pool-385-thread-1] INFO  server.RaftServerConfigKeys (ConfUtils.java:logGet(44)) - raft.server.log.write.buffer.size = 1048576 (custom)
2022-01-24 18:05:07,752 [pool-385-thread-1] INFO  server.RaftServerConfigKeys (ConfUtils.java:logGet(44)) - raft.server.log.statemachine.data.caching.enabled = true (custom)
2022-01-24 18:05:07,752 [pool-385-thread-1] INFO  segmented.SegmentedRaftLogWorker (SegmentedRaftLogWorker.java:lambda$new$0(133)) - c189953c-19e1-459b-9255-7173c2cde622@group-72A1C0F567BA-SegmentedRaftLogWorker: flushIndex: setUnconditionally 0 -> -1
2022-01-24 18:05:07,752 [pool-385-thread-1] INFO  segmented.SegmentedRaftLogWorker (SegmentedRaftLogWorker.java:lambda$new$0(133)) - c189953c-19e1-459b-9255-7173c2cde622@group-72A1C0F567BA-SegmentedRaftLogWorker: safeCacheEvictIndex: setUnconditionally 0 -> -1
2022-01-24 18:05:07,754 [d5035ba9-9d65-4327-8f69-b17ec6104eac@group-2A5A4E0B395A-StateMachineUpdater] INFO  safemode.HealthyPipelineSafeModeRule (HealthyPipelineSafeModeRule.java:initializeRule(152)) - Refreshed total pipeline count is 0, healthy pipeline threshold count is 1
2022-01-24 18:05:07,754 [EventQueue-PipelineReportForPipelineReportHandler] INFO  ha.SCMHAInvocationHandler (SCMHAInvocationHandler.java:invokeRatis(113)) - Invoking method public abstract void org.apache.hadoop.hdds.scm.pipeline.PipelineStateManager.updatePipelineState(org.apache.hadoop.hdds.protocol.proto.HddsProtos$PipelineID,org.apache.hadoop.hdds.protocol.proto.HddsProtos$PipelineState) throws java.io.IOException on target org.apache.hadoop.hdds.scm.ha.SCMRatisServerImpl@3130b1de, cost 3197.134us
2022-01-24 18:05:07,754 [EventQueue-OpenPipelineForHealthyPipelineSafeModeRule] INFO  safemode.SCMSafeModeManager (HealthyPipelineSafeModeRule.java:process(124)) - SCM in safe mode. Healthy pipelines reported count is 0, required healthy pipeline reported count is 1
2022-01-24 18:05:07,768 [pool-385-thread-1] INFO  server.RaftServerConfigKeys (ConfUtils.java:logGet(44)) - raft.server.snapshot.auto.trigger.enabled = true (custom)
2022-01-24 18:05:07,768 [pool-385-thread-1] INFO  server.RaftServerConfigKeys (ConfUtils.java:logGet(44)) - raft.server.snapshot.auto.trigger.threshold = 10000 (custom)
2022-01-24 18:05:07,768 [pool-385-thread-1] INFO  server.RaftServerConfigKeys (ConfUtils.java:logGet(44)) - raft.server.snapshot.retention.file.num = 5 (custom)
2022-01-24 18:05:07,768 [pool-385-thread-1] INFO  server.RaftServerConfigKeys (ConfUtils.java:logGet(44)) - raft.server.log.purge.upto.snapshot.index = false (default)
2022-01-24 18:05:07,769 [pool-385-thread-1] INFO  server.RaftServerConfigKeys (ConfUtils.java:logGet(44)) - raft.server.retrycache.expirytime = 600000ms (custom)
2022-01-24 18:05:07,769 [pool-385-thread-1] INFO  server.RaftServerConfigKeys (ConfUtils.java:logGet(44)) - raft.server.retrycache.statistics.expirytime = 100μs (default)
2022-01-24 18:05:07,770 [pool-385-thread-1] INFO  server.RaftServer$Division (RaftServerImpl.java:start(301)) - c189953c-19e1-459b-9255-7173c2cde622@group-72A1C0F567BA: start as a follower, conf=-1: [c189953c-19e1-459b-9255-7173c2cde622|rpc:10.1.0.60:39667|priority:1], old=null
2022-01-24 18:05:07,770 [pool-385-thread-1] INFO  server.RaftServer$Division (RaftServerImpl.java:setRole(290)) - c189953c-19e1-459b-9255-7173c2cde622@group-72A1C0F567BA: changes role from      null to FOLLOWER at term 0 for startAsFollower
2022-01-24 18:05:07,770 [pool-385-thread-1] INFO  impl.RoleInfo (RoleInfo.java:updateAndGet(130)) - c189953c-19e1-459b-9255-7173c2cde622: start c189953c-19e1-459b-9255-7173c2cde622@group-72A1C0F567BA-FollowerState
2022-01-24 18:05:07,777 [pool-385-thread-1] INFO  util.JmxRegister (JmxRegister.java:tryRegister(44)) - Successfully registered JMX Bean with object name Ratis:service=RaftServer,group=group-72A1C0F567BA,id=c189953c-19e1-459b-9255-7173c2cde622
2022-01-24 18:05:07,785 [Command processor thread] INFO  ratis.XceiverServerRatis (XceiverServerRatis.java:addGroup(768)) - Created group PipelineID=34baea22-c562-449f-90d1-72a1c0f567ba
2022-01-24 18:05:07,785 [Command processor thread] INFO  commandhandler.CreatePipelineCommandHandler (CreatePipelineCommandHandler.java:handle(106)) - Created Pipeline RATIS ONE PipelineID=34baea22-c562-449f-90d1-72a1c0f567ba.
2022-01-24 18:05:08,145 [Listener at 127.0.0.1/42611] INFO  ozone.MiniOzoneClusterImpl (MiniOzoneClusterImpl.java:lambda$waitForClusterToBeReady$0(219)) - Nodes are ready. Got 7 of 7 DN Heartbeats.
2022-01-24 18:05:08,145 [Listener at 127.0.0.1/42611] INFO  ozone.MiniOzoneClusterImpl (MiniOzoneClusterImpl.java:lambda$waitForClusterToBeReady$0(222)) - Waiting for cluster to exit safe mode
2022-01-24 18:05:08,145 [Listener at 127.0.0.1/42611] INFO  ozone.MiniOzoneClusterImpl (MiniOzoneClusterImpl.java:lambda$waitForClusterToBeReady$0(224)) - SCM became leader
2022-01-24 18:05:08,199 [Command processor thread] INFO  server.RaftServer (RaftServerProxy.java:addNew(95)) - 1a3114de-e112-4498-a6aa-be6295599880: addNew group-06AFDE8A5C6D:[1a3114de-e112-4498-a6aa-be6295599880|rpc:10.1.0.60:37371|priority:1] returns group-06AFDE8A5C6D:java.util.concurrent.CompletableFuture@46199ea7[Not completed]
2022-01-24 18:05:08,209 [pool-406-thread-1] INFO  server.RaftServer$Division (RaftServerImpl.java:<init>(184)) - 1a3114de-e112-4498-a6aa-be6295599880: new RaftServerImpl for group-06AFDE8A5C6D:[1a3114de-e112-4498-a6aa-be6295599880|rpc:10.1.0.60:37371|priority:1] with ContainerStateMachine:uninitialized
2022-01-24 18:05:08,209 [pool-406-thread-1] INFO  server.RaftServerConfigKeys (ConfUtils.java:logGet(44)) - raft.server.rpc.timeout.min = 5s (custom)
2022-01-24 18:05:08,210 [pool-406-thread-1] INFO  server.RaftServerConfigKeys (ConfUtils.java:logGet(44)) - raft.server.rpc.timeout.max = 5200ms (custom)
2022-01-24 18:05:08,210 [pool-406-thread-1] INFO  server.RaftServerConfigKeys (ConfUtils.java:logGet(44)) - raft.server.rpc.sleep.time = 25ms (default)
2022-01-24 18:05:08,210 [pool-406-thread-1] INFO  server.RaftServerConfigKeys (ConfUtils.java:logGet(44)) - raft.server.rpc.slowness.timeout = 300000ms (custom)
2022-01-24 18:05:08,210 [pool-406-thread-1] INFO  server.RaftServerConfigKeys (ConfUtils.java:logGet(44)) - raft.server.leaderelection.leader.step-down.wait-time = 10s (default)
2022-01-24 18:05:08,210 [pool-406-thread-1] INFO  server.RaftServerConfigKeys (ConfUtils.java:logGet(44)) - raft.server.sleep.deviation.threshold = 300ms (default)
2022-01-24 18:05:08,210 [pool-406-thread-1] INFO  server.RaftServerConfigKeys (ConfUtils.java:logGet(44)) - raft.server.log.appender.install.snapshot.enabled = false (custom)
2022-01-24 18:05:08,210 [pool-406-thread-1] INFO  server.RaftServer$Division (ServerState.java:<init>(105)) - 1a3114de-e112-4498-a6aa-be6295599880@group-06AFDE8A5C6D: ConfigurationManager, init=-1: [1a3114de-e112-4498-a6aa-be6295599880|rpc:10.1.0.60:37371|priority:1], old=null, confs=<EMPTY_MAP>
2022-01-24 18:05:08,210 [pool-406-thread-1] INFO  server.RaftServerConfigKeys (ConfUtils.java:logGet(44)) - raft.server.storage.dir = [/home/runner/work/ozone/ozone/hadoop-ozone/integration-test/target/test-dir/MiniOzoneClusterImpl-aa639c69-f9d2-45b5-aeae-2a5a4e0b395a/datanode-6/data/ratis] (custom)
2022-01-24 18:05:08,210 [pool-406-thread-1] INFO  server.RaftServerConfigKeys (ConfUtils.java:logGet(44)) - raft.server.log.corruption.policy = EXCEPTION (default)
2022-01-24 18:05:08,210 [pool-406-thread-1] INFO  server.RaftServerConfigKeys (ConfUtils.java:logGet(44)) - raft.server.storage.free-space.min = 0MB (=0) (default)
2022-01-24 18:05:08,210 [pool-406-thread-1] INFO  storage.RaftStorageDirectory (RaftStorageDirectoryImpl.java:analyzeStorage(135)) - The storage directory /home/runner/work/ozone/ozone/hadoop-ozone/integration-test/target/test-dir/MiniOzoneClusterImpl-aa639c69-f9d2-45b5-aeae-2a5a4e0b395a/datanode-6/data/ratis/32e0c549-a84c-428f-9ab8-06afde8a5c6d does not exist. Creating ...
2022-01-24 18:05:08,211 [pool-406-thread-1] INFO  storage.RaftStorageDirectory (RaftStorageDirectoryImpl.java:tryLock(230)) - Lock on /home/runner/work/ozone/ozone/hadoop-ozone/integration-test/target/test-dir/MiniOzoneClusterImpl-aa639c69-f9d2-45b5-aeae-2a5a4e0b395a/datanode-6/data/ratis/32e0c549-a84c-428f-9ab8-06afde8a5c6d/in_use.lock acquired by nodename 10094@fv-az184-104
2022-01-24 18:05:08,229 [pool-406-thread-1] INFO  storage.RaftStorage (RaftStorageImpl.java:format(89)) - Storage directory /home/runner/work/ozone/ozone/hadoop-ozone/integration-test/target/test-dir/MiniOzoneClusterImpl-aa639c69-f9d2-45b5-aeae-2a5a4e0b395a/datanode-6/data/ratis/32e0c549-a84c-428f-9ab8-06afde8a5c6d has been successfully formatted.
2022-01-24 18:05:08,241 [pool-406-thread-1] INFO  ratis.ContainerStateMachine (ContainerStateMachine.java:loadSnapshot(231)) - group-06AFDE8A5C6D: The snapshot info is null. Setting the last applied indexto:(t:0, i:~)
2022-01-24 18:05:08,242 [pool-406-thread-1] INFO  server.RaftServerConfigKeys (ConfUtils.java:logGet(44)) - raft.server.notification.no-leader.timeout = 300000ms (custom)
2022-01-24 18:05:08,242 [pool-406-thread-1] INFO  server.RaftServerConfigKeys (ConfUtils.java:logGet(44)) - raft.server.log.use.memory = false (default)
2022-01-24 18:05:08,242 [pool-406-thread-1] INFO  server.RaftServerConfigKeys (ConfUtils.java:logGet(44)) - raft.server.log.purge.gap = 1000000 (custom)
2022-01-24 18:05:08,242 [pool-406-thread-1] INFO  server.RaftServerConfigKeys (ConfUtils.java:logGet(44)) - raft.server.log.appender.buffer.byte-limit = 33554432 (custom)
2022-01-24 18:05:08,242 [pool-406-thread-1] INFO  server.RaftServerConfigKeys (ConfUtils.java:logGet(44)) - raft.server.log.segment.size.max = 1048576 (custom)
2022-01-24 18:05:08,243 [pool-406-thread-1] INFO  server.RaftServerConfigKeys (ConfUtils.java:logGet(44)) - raft.server.log.segment.cache.num.max = 2 (custom)
2022-01-24 18:05:08,243 [pool-406-thread-1] INFO  server.RaftServerConfigKeys (ConfUtils.java:logGet(44)) - raft.server.log.segment.cache.size.max = 200MB (=209715200) (default)
2022-01-24 18:05:08,243 [pool-406-thread-1] INFO  segmented.SegmentedRaftLogWorker (SegmentedRaftLogWorker.java:<init>(182)) - new 1a3114de-e112-4498-a6aa-be6295599880@group-06AFDE8A5C6D-SegmentedRaftLogWorker for RaftStorageImpl:Storage Directory /home/runner/work/ozone/ozone/hadoop-ozone/integration-test/target/test-dir/MiniOzoneClusterImpl-aa639c69-f9d2-45b5-aeae-2a5a4e0b395a/datanode-6/data/ratis/32e0c549-a84c-428f-9ab8-06afde8a5c6d
2022-01-24 18:05:08,243 [pool-406-thread-1] INFO  server.RaftServerConfigKeys (ConfUtils.java:logGet(44)) - raft.server.log.queue.byte-limit = 2147483647 (custom)
2022-01-24 18:05:08,243 [pool-406-thread-1] INFO  server.RaftServerConfigKeys (ConfUtils.java:logGet(44)) - raft.server.log.queue.element-limit = 1024 (custom)
2022-01-24 18:05:08,243 [pool-406-thread-1] INFO  server.RaftServerConfigKeys (ConfUtils.java:logGet(44)) - raft.server.log.segment.size.max = 1048576 (custom)
2022-01-24 18:05:08,243 [pool-406-thread-1] INFO  server.RaftServerConfigKeys (ConfUtils.java:logGet(44)) - raft.server.log.preallocated.size = 16384 (custom)
2022-01-24 18:05:08,243 [pool-406-thread-1] INFO  server.RaftServerConfigKeys (ConfUtils.java:logGet(44)) - raft.server.log.force.sync.num = 128 (default)
2022-01-24 18:05:08,243 [pool-406-thread-1] INFO  server.RaftServerConfigKeys (ConfUtils.java:logGet(44)) - raft.server.log.statemachine.data.sync = true (default)
2022-01-24 18:05:08,243 [pool-406-thread-1] INFO  server.RaftServerConfigKeys (ConfUtils.java:logGet(44)) - raft.server.log.statemachine.data.sync.timeout = 10s (default)
2022-01-24 18:05:08,243 [pool-406-thread-1] INFO  server.RaftServerConfigKeys (ConfUtils.java:logGet(44)) - raft.server.log.statemachine.data.sync.timeout.retry = -1 (default)
2022-01-24 18:05:08,249 [EventQueue-PipelineReportForPipelineReportHandler] INFO  pipeline.PipelineManagerImpl (PipelineManagerImpl.java:openPipeline(291)) - Pipeline Pipeline[ Id: 32e0c549-a84c-428f-9ab8-06afde8a5c6d, Nodes: 1a3114de-e112-4498-a6aa-be6295599880{ip: 10.1.0.60, host: fv-az184-104.3ow45vhwbzuu5incsxmygykede.cx.internal.cloudapp.net, ports: [REPLICATION=37263, RATIS=37371, RATIS_ADMIN=37371, RATIS_SERVER=37371, STANDALONE=39593], networkLocation: /default-rack, certSerialId: null, persistedOpState: IN_SERVICE, persistedOpStateExpiryEpochSec: 0}, ReplicationConfig: RATIS/ONE, State:ALLOCATED, leaderId:1a3114de-e112-4498-a6aa-be6295599880, CreationTimestamp2022-01-24T18:05:05.218Z[Etc/UTC]] moved to OPEN state
2022-01-24 18:05:08,250 [pool-406-thread-1] INFO  server.RaftServerConfigKeys (ConfUtils.java:logGet(44)) - raft.server.log.write.buffer.size = 1048576 (custom)
2022-01-24 18:05:08,251 [pool-406-thread-1] INFO  server.RaftServerConfigKeys (ConfUtils.java:logGet(44)) - raft.server.log.statemachine.data.caching.enabled = true (custom)
2022-01-24 18:05:08,251 [d5035ba9-9d65-4327-8f69-b17ec6104eac@group-2A5A4E0B395A-StateMachineUpdater] INFO  safemode.HealthyPipelineSafeModeRule (HealthyPipelineSafeModeRule.java:initializeRule(152)) - Refreshed total pipeline count is 0, healthy pipeline threshold count is 1
2022-01-24 18:05:08,251 [pool-406-thread-1] INFO  segmented.SegmentedRaftLogWorker (SegmentedRaftLogWorker.java:lambda$new$0(133)) - 1a3114de-e112-4498-a6aa-be6295599880@group-06AFDE8A5C6D-SegmentedRaftLogWorker: flushIndex: setUnconditionally 0 -> -1
2022-01-24 18:05:08,251 [pool-406-thread-1] INFO  segmented.SegmentedRaftLogWorker (SegmentedRaftLogWorker.java:lambda$new$0(133)) - 1a3114de-e112-4498-a6aa-be6295599880@group-06AFDE8A5C6D-SegmentedRaftLogWorker: safeCacheEvictIndex: setUnconditionally 0 -> -1
2022-01-24 18:05:08,252 [EventQueue-PipelineReportForPipelineReportHandler] INFO  ha.SCMHAInvocationHandler (SCMHAInvocationHandler.java:invokeRatis(113)) - Invoking method public abstract void org.apache.hadoop.hdds.scm.pipeline.PipelineStateManager.updatePipelineState(org.apache.hadoop.hdds.protocol.proto.HddsProtos$PipelineID,org.apache.hadoop.hdds.protocol.proto.HddsProtos$PipelineState) throws java.io.IOException on target org.apache.hadoop.hdds.scm.ha.SCMRatisServerImpl@3130b1de, cost 2231.394us
2022-01-24 18:05:08,252 [EventQueue-OpenPipelineForHealthyPipelineSafeModeRule] INFO  safemode.SCMSafeModeManager (HealthyPipelineSafeModeRule.java:process(124)) - SCM in safe mode. Healthy pipelines reported count is 0, required healthy pipeline reported count is 1
2022-01-24 18:05:08,255 [pool-406-thread-1] INFO  server.RaftServerConfigKeys (ConfUtils.java:logGet(44)) - raft.server.snapshot.auto.trigger.enabled = true (custom)
2022-01-24 18:05:08,255 [pool-406-thread-1] INFO  server.RaftServerConfigKeys (ConfUtils.java:logGet(44)) - raft.server.snapshot.auto.trigger.threshold = 10000 (custom)
2022-01-24 18:05:08,255 [pool-406-thread-1] INFO  server.RaftServerConfigKeys (ConfUtils.java:logGet(44)) - raft.server.snapshot.retention.file.num = 5 (custom)
2022-01-24 18:05:08,255 [pool-406-thread-1] INFO  server.RaftServerConfigKeys (ConfUtils.java:logGet(44)) - raft.server.log.purge.upto.snapshot.index = false (default)
2022-01-24 18:05:08,255 [pool-406-thread-1] INFO  server.RaftServerConfigKeys (ConfUtils.java:logGet(44)) - raft.server.retrycache.expirytime = 600000ms (custom)
2022-01-24 18:05:08,255 [pool-406-thread-1] INFO  server.RaftServerConfigKeys (ConfUtils.java:logGet(44)) - raft.server.retrycache.statistics.expirytime = 100μs (default)
2022-01-24 18:05:08,256 [pool-406-thread-1] INFO  server.RaftServer$Division (RaftServerImpl.java:start(301)) - 1a3114de-e112-4498-a6aa-be6295599880@group-06AFDE8A5C6D: start as a follower, conf=-1: [1a3114de-e112-4498-a6aa-be6295599880|rpc:10.1.0.60:37371|priority:1], old=null
2022-01-24 18:05:08,256 [pool-406-thread-1] INFO  server.RaftServer$Division (RaftServerImpl.java:setRole(290)) - 1a3114de-e112-4498-a6aa-be6295599880@group-06AFDE8A5C6D: changes role from      null to FOLLOWER at term 0 for startAsFollower
2022-01-24 18:05:08,256 [pool-406-thread-1] INFO  impl.RoleInfo (RoleInfo.java:updateAndGet(130)) - 1a3114de-e112-4498-a6aa-be6295599880: start 1a3114de-e112-4498-a6aa-be6295599880@group-06AFDE8A5C6D-FollowerState
2022-01-24 18:05:08,263 [pool-406-thread-1] INFO  util.JmxRegister (JmxRegister.java:tryRegister(44)) - Successfully registered JMX Bean with object name Ratis:service=RaftServer,group=group-06AFDE8A5C6D,id=1a3114de-e112-4498-a6aa-be6295599880
2022-01-24 18:05:08,273 [Command processor thread] INFO  ratis.XceiverServerRatis (XceiverServerRatis.java:addGroup(768)) - Created group PipelineID=32e0c549-a84c-428f-9ab8-06afde8a5c6d
2022-01-24 18:05:08,273 [Command processor thread] INFO  commandhandler.CreatePipelineCommandHandler (CreatePipelineCommandHandler.java:handle(106)) - Created Pipeline RATIS ONE PipelineID=32e0c549-a84c-428f-9ab8-06afde8a5c6d.
2022-01-24 18:05:09,145 [Listener at 127.0.0.1/42611] INFO  ozone.MiniOzoneClusterImpl (MiniOzoneClusterImpl.java:lambda$waitForClusterToBeReady$0(219)) - Nodes are ready. Got 7 of 7 DN Heartbeats.
2022-01-24 18:05:09,146 [Listener at 127.0.0.1/42611] INFO  ozone.MiniOzoneClusterImpl (MiniOzoneClusterImpl.java:lambda$waitForClusterToBeReady$0(222)) - Waiting for cluster to exit safe mode
2022-01-24 18:05:09,146 [Listener at 127.0.0.1/42611] INFO  ozone.MiniOzoneClusterImpl (MiniOzoneClusterImpl.java:lambda$waitForClusterToBeReady$0(224)) - SCM became leader
2022-01-24 18:05:09,950 [40200fd9-271f-46a5-82e6-85afe20bb727@group-7A94C7E8C088-FollowerState] INFO  impl.FollowerState (FollowerState.java:run(134)) - 40200fd9-271f-46a5-82e6-85afe20bb727@group-7A94C7E8C088-FollowerState: change to CANDIDATE, lastRpcElapsedTime:5038533954ns, electionTimeout:5006ms
2022-01-24 18:05:09,950 [40200fd9-271f-46a5-82e6-85afe20bb727@group-7A94C7E8C088-FollowerState] INFO  impl.RoleInfo (RoleInfo.java:shutdownFollowerState(108)) - 40200fd9-271f-46a5-82e6-85afe20bb727: shutdown 40200fd9-271f-46a5-82e6-85afe20bb727@group-7A94C7E8C088-FollowerState
2022-01-24 18:05:09,950 [40200fd9-271f-46a5-82e6-85afe20bb727@group-7A94C7E8C088-FollowerState] INFO  server.RaftServer$Division (RaftServerImpl.java:setRole(290)) - 40200fd9-271f-46a5-82e6-85afe20bb727@group-7A94C7E8C088: changes role from  FOLLOWER to CANDIDATE at term 0 for changeToCandidate
2022-01-24 18:05:09,952 [40200fd9-271f-46a5-82e6-85afe20bb727@group-7A94C7E8C088-FollowerState] INFO  server.RaftServerConfigKeys (ConfUtils.java:logGet(44)) - raft.server.leaderelection.pre-vote = false (custom)
2022-01-24 18:05:09,952 [40200fd9-271f-46a5-82e6-85afe20bb727@group-7A94C7E8C088-FollowerState] INFO  impl.RoleInfo (RoleInfo.java:updateAndGet(130)) - 40200fd9-271f-46a5-82e6-85afe20bb727: start 40200fd9-271f-46a5-82e6-85afe20bb727@group-7A94C7E8C088-LeaderElection34
2022-01-24 18:05:09,980 [40200fd9-271f-46a5-82e6-85afe20bb727@group-7A94C7E8C088-LeaderElection34] INFO  impl.LeaderElection (LeaderElection.java:askForVotes(306)) - 40200fd9-271f-46a5-82e6-85afe20bb727@group-7A94C7E8C088-LeaderElection34 ELECTION round 0: submit vote requests at term 1 for -1: [40200fd9-271f-46a5-82e6-85afe20bb727|rpc:10.1.0.60:33665|priority:1], old=null
2022-01-24 18:05:09,980 [40200fd9-271f-46a5-82e6-85afe20bb727@group-7A94C7E8C088-LeaderElection34] INFO  impl.LeaderElection (LeaderElection.java:askForVotes(308)) - 40200fd9-271f-46a5-82e6-85afe20bb727@group-7A94C7E8C088-LeaderElection34 ELECTION round 0: result PASSED (term=1)
2022-01-24 18:05:09,980 [40200fd9-271f-46a5-82e6-85afe20bb727@group-7A94C7E8C088-LeaderElection34] INFO  impl.RoleInfo (RoleInfo.java:shutdownLeaderElection(121)) - 40200fd9-271f-46a5-82e6-85afe20bb727: shutdown 40200fd9-271f-46a5-82e6-85afe20bb727@group-7A94C7E8C088-LeaderElection34
2022-01-24 18:05:09,980 [40200fd9-271f-46a5-82e6-85afe20bb727@group-7A94C7E8C088-LeaderElection34] INFO  server.RaftServer$Division (RaftServerImpl.java:setRole(290)) - 40200fd9-271f-46a5-82e6-85afe20bb727@group-7A94C7E8C088: changes role from CANDIDATE to LEADER at term 1 for changeToLeader
2022-01-24 18:05:09,981 [40200fd9-271f-46a5-82e6-85afe20bb727@group-7A94C7E8C088-LeaderElection34] INFO  ratis.XceiverServerRatis (XceiverServerRatis.java:handleLeaderChangedNotification(866)) - Leader change notification received for group: group-7A94C7E8C088 with new leaderId: 40200fd9-271f-46a5-82e6-85afe20bb727
2022-01-24 18:05:09,981 [40200fd9-271f-46a5-82e6-85afe20bb727@group-7A94C7E8C088-LeaderElection34] INFO  server.RaftServer$Division (ServerState.java:setLeader(285)) - 40200fd9-271f-46a5-82e6-85afe20bb727@group-7A94C7E8C088: change Leader from null to 40200fd9-271f-46a5-82e6-85afe20bb727 at term 1 for becomeLeader, leader elected after 5097ms
2022-01-24 18:05:09,981 [40200fd9-271f-46a5-82e6-85afe20bb727@group-7A94C7E8C088-LeaderElection34] INFO  server.RaftServerConfigKeys (ConfUtils.java:logGet(44)) - raft.server.staging.catchup.gap = 1000 (default)
2022-01-24 18:05:09,981 [40200fd9-271f-46a5-82e6-85afe20bb727@group-7A94C7E8C088-LeaderElection34] INFO  server.RaftServerConfigKeys (ConfUtils.java:logGet(44)) - raft.server.write.element-limit = 1024 (custom)
2022-01-24 18:05:09,981 [40200fd9-271f-46a5-82e6-85afe20bb727@group-7A94C7E8C088-LeaderElection34] INFO  server.RaftServerConfigKeys (ConfUtils.java:logGet(44)) - raft.server.write.byte-limit = 1024 M (=1073741824) (custom)
2022-01-24 18:05:09,982 [40200fd9-271f-46a5-82e6-85afe20bb727@group-7A94C7E8C088-LeaderElection34] INFO  server.RaftServerConfigKeys (ConfUtils.java:logGet(44)) - raft.server.watch.timeout = 3000ms (custom)
2022-01-24 18:05:09,982 [40200fd9-271f-46a5-82e6-85afe20bb727@group-7A94C7E8C088-LeaderElection34] INFO  server.RaftServerConfigKeys (ConfUtils.java:logGet(44)) - raft.server.watch.timeout.denomination = 1s (default)
2022-01-24 18:05:09,982 [40200fd9-271f-46a5-82e6-85afe20bb727@group-7A94C7E8C088-LeaderElection34] INFO  server.RaftServerConfigKeys (ConfUtils.java:logGet(44)) - raft.server.watch.element-limit = 65536 (default)
2022-01-24 18:05:09,982 [40200fd9-271f-46a5-82e6-85afe20bb727@group-7A94C7E8C088-LeaderElection34] INFO  server.RaftServerConfigKeys (ConfUtils.java:logGet(44)) - raft.server.write.element-limit = 1024 (custom)
2022-01-24 18:05:09,982 [40200fd9-271f-46a5-82e6-85afe20bb727@group-7A94C7E8C088-LeaderElection34] INFO  server.RaftServerConfigKeys (ConfUtils.java:logGet(44)) - raft.server.write.follower.gap.ratio.max = -1.0 (default)
2022-01-24 18:05:09,982 [40200fd9-271f-46a5-82e6-85afe20bb727@group-7A94C7E8C088-LeaderElection34] INFO  impl.RoleInfo (RoleInfo.java:updateAndGet(130)) - 40200fd9-271f-46a5-82e6-85afe20bb727: start 40200fd9-271f-46a5-82e6-85afe20bb727@group-7A94C7E8C088-LeaderStateImpl
2022-01-24 18:05:09,982 [40200fd9-271f-46a5-82e6-85afe20bb727@group-7A94C7E8C088-LeaderElection34] INFO  segmented.SegmentedRaftLogWorker (SegmentedRaftLogWorker.java:startLogSegment(394)) - 40200fd9-271f-46a5-82e6-85afe20bb727@group-7A94C7E8C088-SegmentedRaftLogWorker: Starting segment from index:0
2022-01-24 18:05:09,985 [EventQueue-OpenPipelineForHealthyPipelineSafeModeRule] INFO  safemode.SCMSafeModeManager (HealthyPipelineSafeModeRule.java:process(124)) - SCM in safe mode. Healthy pipelines reported count is 0, required healthy pipeline reported count is 1
2022-01-24 18:05:09,989 [40200fd9-271f-46a5-82e6-85afe20bb727@group-7A94C7E8C088-SegmentedRaftLogWorker] INFO  segmented.SegmentedRaftLogWorker (SegmentedRaftLogWorker.java:execute(601)) - 40200fd9-271f-46a5-82e6-85afe20bb727@group-7A94C7E8C088-SegmentedRaftLogWorker: created new log segment /home/runner/work/ozone/ozone/hadoop-ozone/integration-test/target/test-dir/MiniOzoneClusterImpl-aa639c69-f9d2-45b5-aeae-2a5a4e0b395a/datanode-0/data/ratis/c1e61a5d-6ca1-45f5-80c8-7a94c7e8c088/current/log_inprogress_0
2022-01-24 18:05:10,002 [40200fd9-271f-46a5-82e6-85afe20bb727@group-7A94C7E8C088-LeaderElection34] INFO  server.RaftServer$Division (ServerState.java:setRaftConf(387)) - 40200fd9-271f-46a5-82e6-85afe20bb727@group-7A94C7E8C088: set configuration 0: [40200fd9-271f-46a5-82e6-85afe20bb727|rpc:10.1.0.60:33665|dataStream:|priority:1], old=null
2022-01-24 18:05:10,122 [40200fd9-271f-46a5-82e6-85afe20bb727@group-16119EBFA722-FollowerState] INFO  impl.FollowerState (FollowerState.java:run(134)) - 40200fd9-271f-46a5-82e6-85afe20bb727@group-16119EBFA722-FollowerState: change to CANDIDATE, lastRpcElapsedTime:5148000049ns, electionTimeout:5133ms
2022-01-24 18:05:10,123 [40200fd9-271f-46a5-82e6-85afe20bb727@group-16119EBFA722-FollowerState] INFO  impl.RoleInfo (RoleInfo.java:shutdownFollowerState(108)) - 40200fd9-271f-46a5-82e6-85afe20bb727: shutdown 40200fd9-271f-46a5-82e6-85afe20bb727@group-16119EBFA722-FollowerState
2022-01-24 18:05:10,123 [40200fd9-271f-46a5-82e6-85afe20bb727@group-16119EBFA722-FollowerState] INFO  server.RaftServer$Division (RaftServerImpl.java:setRole(290)) - 40200fd9-271f-46a5-82e6-85afe20bb727@group-16119EBFA722: changes role from  FOLLOWER to CANDIDATE at term 0 for changeToCandidate
2022-01-24 18:05:10,123 [40200fd9-271f-46a5-82e6-85afe20bb727@group-16119EBFA722-FollowerState] INFO  server.RaftServerConfigKeys (ConfUtils.java:logGet(44)) - raft.server.leaderelection.pre-vote = false (custom)
2022-01-24 18:05:10,123 [40200fd9-271f-46a5-82e6-85afe20bb727@group-16119EBFA722-FollowerState] INFO  impl.RoleInfo (RoleInfo.java:updateAndGet(130)) - 40200fd9-271f-46a5-82e6-85afe20bb727: start 40200fd9-271f-46a5-82e6-85afe20bb727@group-16119EBFA722-LeaderElection35
2022-01-24 18:05:10,146 [Listener at 127.0.0.1/42611] INFO  ozone.MiniOzoneClusterImpl (MiniOzoneClusterImpl.java:lambda$waitForClusterToBeReady$0(219)) - Nodes are ready. Got 7 of 7 DN Heartbeats.
2022-01-24 18:05:10,146 [Listener at 127.0.0.1/42611] INFO  ozone.MiniOzoneClusterImpl (MiniOzoneClusterImpl.java:lambda$waitForClusterToBeReady$0(222)) - Waiting for cluster to exit safe mode
2022-01-24 18:05:10,146 [Listener at 127.0.0.1/42611] INFO  ozone.MiniOzoneClusterImpl (MiniOzoneClusterImpl.java:lambda$waitForClusterToBeReady$0(224)) - SCM became leader
2022-01-24 18:05:10,172 [40200fd9-271f-46a5-82e6-85afe20bb727@group-16119EBFA722-LeaderElection35] INFO  impl.LeaderElection (LeaderElection.java:askForVotes(306)) - 40200fd9-271f-46a5-82e6-85afe20bb727@group-16119EBFA722-LeaderElection35 ELECTION round 0: submit vote requests at term 1 for -1: [1c5e7e03-d60e-4e29-906a-a7b7ae931ec0|rpc:10.1.0.60:37847|priority:0, 08efc83e-84e2-40a1-a562-910b2e2f8a64|rpc:10.1.0.60:33205|priority:1, 40200fd9-271f-46a5-82e6-85afe20bb727|rpc:10.1.0.60:33665|priority:0], old=null
2022-01-24 18:05:10,194 [grpc-default-executor-3] INFO  server.RaftServer$Division (RaftServerImpl.java:requestVote(1046)) - 1c5e7e03-d60e-4e29-906a-a7b7ae931ec0@group-16119EBFA722: receive requestVote(ELECTION, 40200fd9-271f-46a5-82e6-85afe20bb727, group-16119EBFA722, 1, (t:0, i:0))
2022-01-24 18:05:10,194 [grpc-default-executor-3] INFO  impl.VoteContext (VoteContext.java:log(48)) - 1c5e7e03-d60e-4e29-906a-a7b7ae931ec0@group-16119EBFA722-FOLLOWER: accept ELECTION from 40200fd9-271f-46a5-82e6-85afe20bb727: our priority 0 <= candidate's priority 0
2022-01-24 18:05:10,194 [grpc-default-executor-3] INFO  server.RaftServer$Division (RaftServerImpl.java:setRole(290)) - 1c5e7e03-d60e-4e29-906a-a7b7ae931ec0@group-16119EBFA722: changes role from  FOLLOWER to FOLLOWER at term 1 for candidate:40200fd9-271f-46a5-82e6-85afe20bb727
2022-01-24 18:05:10,194 [grpc-default-executor-3] INFO  impl.RoleInfo (RoleInfo.java:shutdownFollowerState(108)) - 1c5e7e03-d60e-4e29-906a-a7b7ae931ec0: shutdown 1c5e7e03-d60e-4e29-906a-a7b7ae931ec0@group-16119EBFA722-FollowerState
2022-01-24 18:05:10,205 [grpc-default-executor-3] INFO  impl.RoleInfo (RoleInfo.java:updateAndGet(130)) - 1c5e7e03-d60e-4e29-906a-a7b7ae931ec0: start 1c5e7e03-d60e-4e29-906a-a7b7ae931ec0@group-16119EBFA722-FollowerState
2022-01-24 18:05:10,205 [1c5e7e03-d60e-4e29-906a-a7b7ae931ec0@group-16119EBFA722-FollowerState] INFO  impl.FollowerState (FollowerState.java:run(143)) - 1c5e7e03-d60e-4e29-906a-a7b7ae931ec0@group-16119EBFA722-FollowerState was interrupted: {}
java.lang.InterruptedException: sleep interrupted
	at java.lang.Thread.sleep(Native Method)
	at java.lang.Thread.sleep(Thread.java:340)
	at java.util.concurrent.TimeUnit.sleep(TimeUnit.java:386)
	at org.apache.ratis.util.TimeDuration.sleep(TimeDuration.java:324)
	at org.apache.ratis.util.TimeDuration.sleep(TimeDuration.java:309)
	at org.apache.ratis.server.impl.FollowerState.run(FollowerState.java:118)
2022-01-24 18:05:10,238 [grpc-default-executor-3] INFO  server.RaftServer$Division (RaftServerImpl.java:requestVote(1078)) - 1c5e7e03-d60e-4e29-906a-a7b7ae931ec0@group-16119EBFA722 replies to ELECTION vote request: 40200fd9-271f-46a5-82e6-85afe20bb727<-1c5e7e03-d60e-4e29-906a-a7b7ae931ec0#0:OK-t1. Peer's state: 1c5e7e03-d60e-4e29-906a-a7b7ae931ec0@group-16119EBFA722:t1, leader=null, voted=40200fd9-271f-46a5-82e6-85afe20bb727, raftlog=1c5e7e03-d60e-4e29-906a-a7b7ae931ec0@group-16119EBFA722-SegmentedRaftLog:OPENED:c-1, conf=-1: [1c5e7e03-d60e-4e29-906a-a7b7ae931ec0|rpc:10.1.0.60:37847|dataStream:|priority:0, 08efc83e-84e2-40a1-a562-910b2e2f8a64|rpc:10.1.0.60:33205|dataStream:|priority:1, 40200fd9-271f-46a5-82e6-85afe20bb727|rpc:10.1.0.60:33665|dataStream:|priority:0], old=null
2022-01-24 18:05:10,260 [grpc-default-executor-3] INFO  server.RaftServer$Division (RaftServerImpl.java:requestVote(1046)) - 08efc83e-84e2-40a1-a562-910b2e2f8a64@group-16119EBFA722: receive requestVote(ELECTION, 40200fd9-271f-46a5-82e6-85afe20bb727, group-16119EBFA722, 1, (t:0, i:0))
2022-01-24 18:05:10,260 [grpc-default-executor-3] INFO  impl.VoteContext (VoteContext.java:log(48)) - 08efc83e-84e2-40a1-a562-910b2e2f8a64@group-16119EBFA722-FOLLOWER: reject ELECTION from 40200fd9-271f-46a5-82e6-85afe20bb727: our priority 1 > candidate's priority 0
2022-01-24 18:05:10,260 [grpc-default-executor-3] INFO  server.RaftServer$Division (RaftServerImpl.java:setRole(290)) - 08efc83e-84e2-40a1-a562-910b2e2f8a64@group-16119EBFA722: changes role from  FOLLOWER to FOLLOWER at term 1 for candidate:40200fd9-271f-46a5-82e6-85afe20bb727
2022-01-24 18:05:10,260 [grpc-default-executor-3] INFO  impl.RoleInfo (RoleInfo.java:shutdownFollowerState(108)) - 08efc83e-84e2-40a1-a562-910b2e2f8a64: shutdown 08efc83e-84e2-40a1-a562-910b2e2f8a64@group-16119EBFA722-FollowerState
2022-01-24 18:05:10,261 [08efc83e-84e2-40a1-a562-910b2e2f8a64@group-16119EBFA722-FollowerState] INFO  impl.FollowerState (FollowerState.java:run(143)) - 08efc83e-84e2-40a1-a562-910b2e2f8a64@group-16119EBFA722-FollowerState was interrupted: {}
java.lang.InterruptedException: sleep interrupted
	at java.lang.Thread.sleep(Native Method)
	at java.lang.Thread.sleep(Thread.java:340)
	at java.util.concurrent.TimeUnit.sleep(TimeUnit.java:386)
	at org.apache.ratis.util.TimeDuration.sleep(TimeDuration.java:324)
	at org.apache.ratis.util.TimeDuration.sleep(TimeDuration.java:309)
	at org.apache.ratis.server.impl.FollowerState.run(FollowerState.java:118)
2022-01-24 18:05:10,261 [grpc-default-executor-3] INFO  impl.RoleInfo (RoleInfo.java:updateAndGet(130)) - 08efc83e-84e2-40a1-a562-910b2e2f8a64: start 08efc83e-84e2-40a1-a562-910b2e2f8a64@group-16119EBFA722-FollowerState
2022-01-24 18:05:10,271 [grpc-default-executor-3] INFO  server.RaftServer$Division (RaftServerImpl.java:requestVote(1078)) - 08efc83e-84e2-40a1-a562-910b2e2f8a64@group-16119EBFA722 replies to ELECTION vote request: 40200fd9-271f-46a5-82e6-85afe20bb727<-08efc83e-84e2-40a1-a562-910b2e2f8a64#0:FAIL-t1. Peer's state: 08efc83e-84e2-40a1-a562-910b2e2f8a64@group-16119EBFA722:t1, leader=null, voted=null, raftlog=08efc83e-84e2-40a1-a562-910b2e2f8a64@group-16119EBFA722-SegmentedRaftLog:OPENED:c-1, conf=-1: [1c5e7e03-d60e-4e29-906a-a7b7ae931ec0|rpc:10.1.0.60:37847|dataStream:|priority:0, 08efc83e-84e2-40a1-a562-910b2e2f8a64|rpc:10.1.0.60:33205|dataStream:|priority:1, 40200fd9-271f-46a5-82e6-85afe20bb727|rpc:10.1.0.60:33665|dataStream:|priority:0], old=null
2022-01-24 18:05:10,276 [40200fd9-271f-46a5-82e6-85afe20bb727@group-16119EBFA722-LeaderElection35] INFO  impl.LeaderElection (LeaderElection.java:logAndReturn(89)) - 40200fd9-271f-46a5-82e6-85afe20bb727@group-16119EBFA722-LeaderElection35: ELECTION REJECTED received 2 response(s) and 0 exception(s):
2022-01-24 18:05:10,276 [40200fd9-271f-46a5-82e6-85afe20bb727@group-16119EBFA722-LeaderElection35] INFO  impl.LeaderElection (LeaderElection.java:logAndReturn(93)) -   Response 0: 40200fd9-271f-46a5-82e6-85afe20bb727<-1c5e7e03-d60e-4e29-906a-a7b7ae931ec0#0:OK-t1
2022-01-24 18:05:10,276 [40200fd9-271f-46a5-82e6-85afe20bb727@group-16119EBFA722-LeaderElection35] INFO  impl.LeaderElection (LeaderElection.java:logAndReturn(93)) -   Response 1: 40200fd9-271f-46a5-82e6-85afe20bb727<-08efc83e-84e2-40a1-a562-910b2e2f8a64#0:FAIL-t1
2022-01-24 18:05:10,276 [40200fd9-271f-46a5-82e6-85afe20bb727@group-16119EBFA722-LeaderElection35] INFO  impl.LeaderElection (LeaderElection.java:askForVotes(308)) - 40200fd9-271f-46a5-82e6-85afe20bb727@group-16119EBFA722-LeaderElection35 ELECTION round 0: result REJECTED
2022-01-24 18:05:10,276 [40200fd9-271f-46a5-82e6-85afe20bb727@group-16119EBFA722-LeaderElection35] INFO  server.RaftServer$Division (RaftServerImpl.java:setRole(290)) - 40200fd9-271f-46a5-82e6-85afe20bb727@group-16119EBFA722: changes role from CANDIDATE to FOLLOWER at term 1 for REJECTED
2022-01-24 18:05:10,276 [40200fd9-271f-46a5-82e6-85afe20bb727@group-16119EBFA722-LeaderElection35] INFO  impl.RoleInfo (RoleInfo.java:shutdownLeaderElection(121)) - 40200fd9-271f-46a5-82e6-85afe20bb727: shutdown 40200fd9-271f-46a5-82e6-85afe20bb727@group-16119EBFA722-LeaderElection35
2022-01-24 18:05:10,276 [40200fd9-271f-46a5-82e6-85afe20bb727@group-16119EBFA722-LeaderElection35] INFO  impl.RoleInfo (RoleInfo.java:updateAndGet(130)) - 40200fd9-271f-46a5-82e6-85afe20bb727: start 40200fd9-271f-46a5-82e6-85afe20bb727@group-16119EBFA722-FollowerState
2022-01-24 18:05:10,482 [40200fd9-271f-46a5-82e6-85afe20bb727@group-4A42DDB3E1D3-FollowerState] INFO  impl.FollowerState (FollowerState.java:run(134)) - 40200fd9-271f-46a5-82e6-85afe20bb727@group-4A42DDB3E1D3-FollowerState: change to CANDIDATE, lastRpcElapsedTime:5060875475ns, electionTimeout:5036ms
2022-01-24 18:05:10,482 [40200fd9-271f-46a5-82e6-85afe20bb727@group-4A42DDB3E1D3-FollowerState] INFO  impl.RoleInfo (RoleInfo.java:shutdownFollowerState(108)) - 40200fd9-271f-46a5-82e6-85afe20bb727: shutdown 40200fd9-271f-46a5-82e6-85afe20bb727@group-4A42DDB3E1D3-FollowerState
2022-01-24 18:05:10,482 [40200fd9-271f-46a5-82e6-85afe20bb727@group-4A42DDB3E1D3-FollowerState] INFO  server.RaftServer$Division (RaftServerImpl.java:setRole(290)) - 40200fd9-271f-46a5-82e6-85afe20bb727@group-4A42DDB3E1D3: changes role from  FOLLOWER to CANDIDATE at term 0 for changeToCandidate
2022-01-24 18:05:10,482 [40200fd9-271f-46a5-82e6-85afe20bb727@group-4A42DDB3E1D3-FollowerState] INFO  server.RaftServerConfigKeys (ConfUtils.java:logGet(44)) - raft.server.leaderelection.pre-vote = false (custom)
2022-01-24 18:05:10,482 [40200fd9-271f-46a5-82e6-85afe20bb727@group-4A42DDB3E1D3-FollowerState] INFO  impl.RoleInfo (RoleInfo.java:updateAndGet(130)) - 40200fd9-271f-46a5-82e6-85afe20bb727: start 40200fd9-271f-46a5-82e6-85afe20bb727@group-4A42DDB3E1D3-LeaderElection36
2022-01-24 18:05:10,529 [40200fd9-271f-46a5-82e6-85afe20bb727@group-4A42DDB3E1D3-LeaderElection36] INFO  impl.LeaderElection (LeaderElection.java:askForVotes(306)) - 40200fd9-271f-46a5-82e6-85afe20bb727@group-4A42DDB3E1D3-LeaderElection36 ELECTION round 0: submit vote requests at term 1 for -1: [1c5e7e03-d60e-4e29-906a-a7b7ae931ec0|rpc:10.1.0.60:37847|priority:1, 08efc83e-84e2-40a1-a562-910b2e2f8a64|rpc:10.1.0.60:33205|priority:0, 40200fd9-271f-46a5-82e6-85afe20bb727|rpc:10.1.0.60:33665|priority:0], old=null
2022-01-24 18:05:10,532 [08efc83e-84e2-40a1-a562-910b2e2f8a64@group-351E2471BB26-FollowerState] INFO  impl.FollowerState (FollowerState.java:run(134)) - 08efc83e-84e2-40a1-a562-910b2e2f8a64@group-351E2471BB26-FollowerState: change to CANDIDATE, lastRpcElapsedTime:5136902969ns, electionTimeout:5131ms
2022-01-24 18:05:10,533 [08efc83e-84e2-40a1-a562-910b2e2f8a64@group-351E2471BB26-FollowerState] INFO  impl.RoleInfo (RoleInfo.java:shutdownFollowerState(108)) - 08efc83e-84e2-40a1-a562-910b2e2f8a64: shutdown 08efc83e-84e2-40a1-a562-910b2e2f8a64@group-351E2471BB26-FollowerState
2022-01-24 18:05:10,533 [08efc83e-84e2-40a1-a562-910b2e2f8a64@group-351E2471BB26-FollowerState] INFO  server.RaftServer$Division (RaftServerImpl.java:setRole(290)) - 08efc83e-84e2-40a1-a562-910b2e2f8a64@group-351E2471BB26: changes role from  FOLLOWER to CANDIDATE at term 0 for changeToCandidate
2022-01-24 18:05:10,550 [grpc-default-executor-3] INFO  server.RaftServer$Division (RaftServerImpl.java:requestVote(1046)) - 08efc83e-84e2-40a1-a562-910b2e2f8a64@group-4A42DDB3E1D3: receive requestVote(ELECTION, 40200fd9-271f-46a5-82e6-85afe20bb727, group-4A42DDB3E1D3, 1, (t:0, i:0))
2022-01-24 18:05:10,550 [grpc-default-executor-3] INFO  impl.VoteContext (VoteContext.java:log(48)) - 08efc83e-84e2-40a1-a562-910b2e2f8a64@group-4A42DDB3E1D3-FOLLOWER: accept ELECTION from 40200fd9-271f-46a5-82e6-85afe20bb727: our priority 0 <= candidate's priority 0
2022-01-24 18:05:10,550 [grpc-default-executor-3] INFO  server.RaftServer$Division (RaftServerImpl.java:setRole(290)) - 08efc83e-84e2-40a1-a562-910b2e2f8a64@group-4A42DDB3E1D3: changes role from  FOLLOWER to FOLLOWER at term 1 for candidate:40200fd9-271f-46a5-82e6-85afe20bb727
2022-01-24 18:05:10,550 [grpc-default-executor-3] INFO  impl.RoleInfo (RoleInfo.java:shutdownFollowerState(108)) - 08efc83e-84e2-40a1-a562-910b2e2f8a64: shutdown 08efc83e-84e2-40a1-a562-910b2e2f8a64@group-4A42DDB3E1D3-FollowerState
2022-01-24 18:05:10,550 [grpc-default-executor-3] INFO  impl.RoleInfo (RoleInfo.java:updateAndGet(130)) - 08efc83e-84e2-40a1-a562-910b2e2f8a64: start 08efc83e-84e2-40a1-a562-910b2e2f8a64@group-4A42DDB3E1D3-FollowerState
2022-01-24 18:05:10,550 [08efc83e-84e2-40a1-a562-910b2e2f8a64@group-4A42DDB3E1D3-FollowerState] INFO  impl.FollowerState (FollowerState.java:run(143)) - 08efc83e-84e2-40a1-a562-910b2e2f8a64@group-4A42DDB3E1D3-FollowerState was interrupted: {}
java.lang.InterruptedException: sleep interrupted
	at java.lang.Thread.sleep(Native Method)
	at java.lang.Thread.sleep(Thread.java:340)
	at java.util.concurrent.TimeUnit.sleep(TimeUnit.java:386)
	at org.apache.ratis.util.TimeDuration.sleep(TimeDuration.java:324)
	at org.apache.ratis.util.TimeDuration.sleep(TimeDuration.java:309)
	at org.apache.ratis.server.impl.FollowerState.run(FollowerState.java:118)
2022-01-24 18:05:10,552 [grpc-default-executor-4] INFO  server.RaftServer$Division (RaftServerImpl.java:requestVote(1046)) - 1c5e7e03-d60e-4e29-906a-a7b7ae931ec0@group-4A42DDB3E1D3: receive requestVote(ELECTION, 40200fd9-271f-46a5-82e6-85afe20bb727, group-4A42DDB3E1D3, 1, (t:0, i:0))
2022-01-24 18:05:10,552 [grpc-default-executor-4] INFO  impl.VoteContext (VoteContext.java:log(48)) - 1c5e7e03-d60e-4e29-906a-a7b7ae931ec0@group-4A42DDB3E1D3-FOLLOWER: reject ELECTION from 40200fd9-271f-46a5-82e6-85afe20bb727: our priority 1 > candidate's priority 0
2022-01-24 18:05:10,552 [grpc-default-executor-4] INFO  server.RaftServer$Division (RaftServerImpl.java:setRole(290)) - 1c5e7e03-d60e-4e29-906a-a7b7ae931ec0@group-4A42DDB3E1D3: changes role from  FOLLOWER to FOLLOWER at term 1 for candidate:40200fd9-271f-46a5-82e6-85afe20bb727
2022-01-24 18:05:10,552 [grpc-default-executor-4] INFO  impl.RoleInfo (RoleInfo.java:shutdownFollowerState(108)) - 1c5e7e03-d60e-4e29-906a-a7b7ae931ec0: shutdown 1c5e7e03-d60e-4e29-906a-a7b7ae931ec0@group-4A42DDB3E1D3-FollowerState
2022-01-24 18:05:10,555 [1c5e7e03-d60e-4e29-906a-a7b7ae931ec0@group-4A42DDB3E1D3-FollowerState] INFO  impl.FollowerState (FollowerState.java:run(143)) - 1c5e7e03-d60e-4e29-906a-a7b7ae931ec0@group-4A42DDB3E1D3-FollowerState was interrupted: {}
java.lang.InterruptedException: sleep interrupted
	at java.lang.Thread.sleep(Native Method)
	at java.lang.Thread.sleep(Thread.java:340)
	at java.util.concurrent.TimeUnit.sleep(TimeUnit.java:386)
	at org.apache.ratis.util.TimeDuration.sleep(TimeDuration.java:324)
	at org.apache.ratis.util.TimeDuration.sleep(TimeDuration.java:309)
	at org.apache.ratis.server.impl.FollowerState.run(FollowerState.java:118)
2022-01-24 18:05:10,555 [grpc-default-executor-4] INFO  impl.RoleInfo (RoleInfo.java:updateAndGet(130)) - 1c5e7e03-d60e-4e29-906a-a7b7ae931ec0: start 1c5e7e03-d60e-4e29-906a-a7b7ae931ec0@group-4A42DDB3E1D3-FollowerState
2022-01-24 18:05:10,559 [08efc83e-84e2-40a1-a562-910b2e2f8a64@group-351E2471BB26-FollowerState] INFO  server.RaftServerConfigKeys (ConfUtils.java:logGet(44)) - raft.server.leaderelection.pre-vote = false (custom)
2022-01-24 18:05:10,575 [08efc83e-84e2-40a1-a562-910b2e2f8a64@group-351E2471BB26-FollowerState] INFO  impl.RoleInfo (RoleInfo.java:updateAndGet(130)) - 08efc83e-84e2-40a1-a562-910b2e2f8a64: start 08efc83e-84e2-40a1-a562-910b2e2f8a64@group-351E2471BB26-LeaderElection37
2022-01-24 18:05:10,584 [grpc-default-executor-3] INFO  server.RaftServer$Division (RaftServerImpl.java:requestVote(1078)) - 08efc83e-84e2-40a1-a562-910b2e2f8a64@group-4A42DDB3E1D3 replies to ELECTION vote request: 40200fd9-271f-46a5-82e6-85afe20bb727<-08efc83e-84e2-40a1-a562-910b2e2f8a64#0:OK-t1. Peer's state: 08efc83e-84e2-40a1-a562-910b2e2f8a64@group-4A42DDB3E1D3:t1, leader=null, voted=40200fd9-271f-46a5-82e6-85afe20bb727, raftlog=08efc83e-84e2-40a1-a562-910b2e2f8a64@group-4A42DDB3E1D3-SegmentedRaftLog:OPENED:c-1, conf=-1: [1c5e7e03-d60e-4e29-906a-a7b7ae931ec0|rpc:10.1.0.60:37847|priority:1, 08efc83e-84e2-40a1-a562-910b2e2f8a64|rpc:10.1.0.60:33205|priority:0, 40200fd9-271f-46a5-82e6-85afe20bb727|rpc:10.1.0.60:33665|priority:0], old=null
2022-01-24 18:05:10,586 [grpc-default-executor-4] INFO  server.RaftServer$Division (RaftServerImpl.java:requestVote(1078)) - 1c5e7e03-d60e-4e29-906a-a7b7ae931ec0@group-4A42DDB3E1D3 replies to ELECTION vote request: 40200fd9-271f-46a5-82e6-85afe20bb727<-1c5e7e03-d60e-4e29-906a-a7b7ae931ec0#0:FAIL-t1. Peer's state: 1c5e7e03-d60e-4e29-906a-a7b7ae931ec0@group-4A42DDB3E1D3:t1, leader=null, voted=null, raftlog=1c5e7e03-d60e-4e29-906a-a7b7ae931ec0@group-4A42DDB3E1D3-SegmentedRaftLog:OPENED:c-1, conf=-1: [1c5e7e03-d60e-4e29-906a-a7b7ae931ec0|rpc:10.1.0.60:37847|dataStream:|priority:1, 08efc83e-84e2-40a1-a562-910b2e2f8a64|rpc:10.1.0.60:33205|dataStream:|priority:0, 40200fd9-271f-46a5-82e6-85afe20bb727|rpc:10.1.0.60:33665|dataStream:|priority:0], old=null
2022-01-24 18:05:10,589 [40200fd9-271f-46a5-82e6-85afe20bb727@group-4A42DDB3E1D3-LeaderElection36] INFO  impl.LeaderElection (LeaderElection.java:logAndReturn(89)) - 40200fd9-271f-46a5-82e6-85afe20bb727@group-4A42DDB3E1D3-LeaderElection36: ELECTION REJECTED received 2 response(s) and 0 exception(s):
2022-01-24 18:05:10,589 [40200fd9-271f-46a5-82e6-85afe20bb727@group-4A42DDB3E1D3-LeaderElection36] INFO  impl.LeaderElection (LeaderElection.java:logAndReturn(93)) -   Response 0: 40200fd9-271f-46a5-82e6-85afe20bb727<-1c5e7e03-d60e-4e29-906a-a7b7ae931ec0#0:FAIL-t1
2022-01-24 18:05:10,589 [40200fd9-271f-46a5-82e6-85afe20bb727@group-4A42DDB3E1D3-LeaderElection36] INFO  impl.LeaderElection (LeaderElection.java:logAndReturn(93)) -   Response 1: 40200fd9-271f-46a5-82e6-85afe20bb727<-08efc83e-84e2-40a1-a562-910b2e2f8a64#0:OK-t1
2022-01-24 18:05:10,589 [40200fd9-271f-46a5-82e6-85afe20bb727@group-4A42DDB3E1D3-LeaderElection36] INFO  impl.LeaderElection (LeaderElection.java:askForVotes(308)) - 40200fd9-271f-46a5-82e6-85afe20bb727@group-4A42DDB3E1D3-LeaderElection36 ELECTION round 0: result REJECTED
2022-01-24 18:05:10,589 [40200fd9-271f-46a5-82e6-85afe20bb727@group-4A42DDB3E1D3-LeaderElection36] INFO  server.RaftServer$Division (RaftServerImpl.java:setRole(290)) - 40200fd9-271f-46a5-82e6-85afe20bb727@group-4A42DDB3E1D3: changes role from CANDIDATE to FOLLOWER at term 1 for REJECTED
2022-01-24 18:05:10,589 [40200fd9-271f-46a5-82e6-85afe20bb727@group-4A42DDB3E1D3-LeaderElection36] INFO  impl.RoleInfo (RoleInfo.java:shutdownLeaderElection(121)) - 40200fd9-271f-46a5-82e6-85afe20bb727: shutdown 40200fd9-271f-46a5-82e6-85afe20bb727@group-4A42DDB3E1D3-LeaderElection36
2022-01-24 18:05:10,589 [40200fd9-271f-46a5-82e6-85afe20bb727@group-4A42DDB3E1D3-LeaderElection36] INFO  impl.RoleInfo (RoleInfo.java:updateAndGet(130)) - 40200fd9-271f-46a5-82e6-85afe20bb727: start 40200fd9-271f-46a5-82e6-85afe20bb727@group-4A42DDB3E1D3-FollowerState
2022-01-24 18:05:10,601 [08efc83e-84e2-40a1-a562-910b2e2f8a64@group-351E2471BB26-LeaderElection37] INFO  impl.LeaderElection (LeaderElection.java:askForVotes(306)) - 08efc83e-84e2-40a1-a562-910b2e2f8a64@group-351E2471BB26-LeaderElection37 ELECTION round 0: submit vote requests at term 1 for -1: [08efc83e-84e2-40a1-a562-910b2e2f8a64|rpc:10.1.0.60:33205|priority:1], old=null
2022-01-24 18:05:10,601 [08efc83e-84e2-40a1-a562-910b2e2f8a64@group-351E2471BB26-LeaderElection37] INFO  impl.LeaderElection (LeaderElection.java:askForVotes(308)) - 08efc83e-84e2-40a1-a562-910b2e2f8a64@group-351E2471BB26-LeaderElection37 ELECTION round 0: result PASSED (term=1)
2022-01-24 18:05:10,601 [08efc83e-84e2-40a1-a562-910b2e2f8a64@group-351E2471BB26-LeaderElection37] INFO  impl.RoleInfo (RoleInfo.java:shutdownLeaderElection(121)) - 08efc83e-84e2-40a1-a562-910b2e2f8a64: shutdown 08efc83e-84e2-40a1-a562-910b2e2f8a64@group-351E2471BB26-LeaderElection37
2022-01-24 18:05:10,601 [08efc83e-84e2-40a1-a562-910b2e2f8a64@group-351E2471BB26-LeaderElection37] INFO  server.RaftServer$Division (RaftServerImpl.java:setRole(290)) - 08efc83e-84e2-40a1-a562-910b2e2f8a64@group-351E2471BB26: changes role from CANDIDATE to LEADER at term 1 for changeToLeader
2022-01-24 18:05:10,601 [08efc83e-84e2-40a1-a562-910b2e2f8a64@group-351E2471BB26-LeaderElection37] INFO  ratis.XceiverServerRatis (XceiverServerRatis.java:handleLeaderChangedNotification(866)) - Leader change notification received for group: group-351E2471BB26 with new leaderId: 08efc83e-84e2-40a1-a562-910b2e2f8a64
2022-01-24 18:05:10,601 [08efc83e-84e2-40a1-a562-910b2e2f8a64@group-351E2471BB26-LeaderElection37] INFO  server.RaftServer$Division (ServerState.java:setLeader(285)) - 08efc83e-84e2-40a1-a562-910b2e2f8a64@group-351E2471BB26: change Leader from null to 08efc83e-84e2-40a1-a562-910b2e2f8a64 at term 1 for becomeLeader, leader elected after 5244ms
2022-01-24 18:05:10,602 [08efc83e-84e2-40a1-a562-910b2e2f8a64@group-351E2471BB26-LeaderElection37] INFO  server.RaftServerConfigKeys (ConfUtils.java:logGet(44)) - raft.server.staging.catchup.gap = 1000 (default)
2022-01-24 18:05:10,602 [08efc83e-84e2-40a1-a562-910b2e2f8a64@group-351E2471BB26-LeaderElection37] INFO  server.RaftServerConfigKeys (ConfUtils.java:logGet(44)) - raft.server.write.element-limit = 1024 (custom)
2022-01-24 18:05:10,602 [08efc83e-84e2-40a1-a562-910b2e2f8a64@group-351E2471BB26-LeaderElection37] INFO  server.RaftServerConfigKeys (ConfUtils.java:logGet(44)) - raft.server.write.byte-limit = 1024 M (=1073741824) (custom)
2022-01-24 18:05:10,603 [EventQueue-OpenPipelineForHealthyPipelineSafeModeRule] INFO  safemode.SCMSafeModeManager (HealthyPipelineSafeModeRule.java:process(124)) - SCM in safe mode. Healthy pipelines reported count is 0, required healthy pipeline reported count is 1
2022-01-24 18:05:10,603 [08efc83e-84e2-40a1-a562-910b2e2f8a64@group-351E2471BB26-LeaderElection37] INFO  server.RaftServerConfigKeys (ConfUtils.java:logGet(44)) - raft.server.watch.timeout = 3000ms (custom)
2022-01-24 18:05:10,603 [08efc83e-84e2-40a1-a562-910b2e2f8a64@group-351E2471BB26-LeaderElection37] INFO  server.RaftServerConfigKeys (ConfUtils.java:logGet(44)) - raft.server.watch.timeout.denomination = 1s (default)
2022-01-24 18:05:10,603 [08efc83e-84e2-40a1-a562-910b2e2f8a64@group-351E2471BB26-LeaderElection37] INFO  server.RaftServerConfigKeys (ConfUtils.java:logGet(44)) - raft.server.watch.element-limit = 65536 (default)
2022-01-24 18:05:10,603 [08efc83e-84e2-40a1-a562-910b2e2f8a64@group-351E2471BB26-LeaderElection37] INFO  server.RaftServerConfigKeys (ConfUtils.java:logGet(44)) - raft.server.write.element-limit = 1024 (custom)
2022-01-24 18:05:10,603 [08efc83e-84e2-40a1-a562-910b2e2f8a64@group-351E2471BB26-LeaderElection37] INFO  server.RaftServerConfigKeys (ConfUtils.java:logGet(44)) - raft.server.write.follower.gap.ratio.max = -1.0 (default)
2022-01-24 18:05:10,604 [08efc83e-84e2-40a1-a562-910b2e2f8a64@group-351E2471BB26-LeaderElection37] INFO  impl.RoleInfo (RoleInfo.java:updateAndGet(130)) - 08efc83e-84e2-40a1-a562-910b2e2f8a64: start 08efc83e-84e2-40a1-a562-910b2e2f8a64@group-351E2471BB26-LeaderStateImpl
2022-01-24 18:05:10,604 [08efc83e-84e2-40a1-a562-910b2e2f8a64@group-351E2471BB26-LeaderElection37] INFO  segmented.SegmentedRaftLogWorker (SegmentedRaftLogWorker.java:startLogSegment(394)) - 08efc83e-84e2-40a1-a562-910b2e2f8a64@group-351E2471BB26-SegmentedRaftLogWorker: Starting segment from index:0
2022-01-24 18:05:10,606 [08efc83e-84e2-40a1-a562-910b2e2f8a64@group-351E2471BB26-SegmentedRaftLogWorker] INFO  segmented.SegmentedRaftLogWorker (SegmentedRaftLogWorker.java:execute(601)) - 08efc83e-84e2-40a1-a562-910b2e2f8a64@group-351E2471BB26-SegmentedRaftLogWorker: created new log segment /home/runner/work/ozone/ozone/hadoop-ozone/integration-test/target/test-dir/MiniOzoneClusterImpl-aa639c69-f9d2-45b5-aeae-2a5a4e0b395a/datanode-1/data/ratis/3569ce9e-d9ac-4538-8708-351e2471bb26/current/log_inprogress_0
2022-01-24 18:05:10,618 [08efc83e-84e2-40a1-a562-910b2e2f8a64@group-351E2471BB26-LeaderElection37] INFO  server.RaftServer$Division (ServerState.java:setRaftConf(387)) - 08efc83e-84e2-40a1-a562-910b2e2f8a64@group-351E2471BB26: set configuration 0: [08efc83e-84e2-40a1-a562-910b2e2f8a64|rpc:10.1.0.60:33205|dataStream:|priority:1], old=null
2022-01-24 18:05:10,995 [1c5e7e03-d60e-4e29-906a-a7b7ae931ec0@group-FE187C5278EA-FollowerState] INFO  impl.FollowerState (FollowerState.java:run(134)) - 1c5e7e03-d60e-4e29-906a-a7b7ae931ec0@group-FE187C5278EA-FollowerState: change to CANDIDATE, lastRpcElapsedTime:5020371955ns, electionTimeout:5015ms
2022-01-24 18:05:10,995 [1c5e7e03-d60e-4e29-906a-a7b7ae931ec0@group-FE187C5278EA-FollowerState] INFO  impl.RoleInfo (RoleInfo.java:shutdownFollowerState(108)) - 1c5e7e03-d60e-4e29-906a-a7b7ae931ec0: shutdown 1c5e7e03-d60e-4e29-906a-a7b7ae931ec0@group-FE187C5278EA-FollowerState
2022-01-24 18:05:10,995 [1c5e7e03-d60e-4e29-906a-a7b7ae931ec0@group-FE187C5278EA-FollowerState] INFO  server.RaftServer$Division (RaftServerImpl.java:setRole(290)) - 1c5e7e03-d60e-4e29-906a-a7b7ae931ec0@group-FE187C5278EA: changes role from  FOLLOWER to CANDIDATE at term 0 for changeToCandidate
2022-01-24 18:05:10,996 [1c5e7e03-d60e-4e29-906a-a7b7ae931ec0@group-FE187C5278EA-FollowerState] INFO  server.RaftServerConfigKeys (ConfUtils.java:logGet(44)) - raft.server.leaderelection.pre-vote = false (custom)
2022-01-24 18:05:10,996 [1c5e7e03-d60e-4e29-906a-a7b7ae931ec0@group-FE187C5278EA-FollowerState] INFO  impl.RoleInfo (RoleInfo.java:updateAndGet(130)) - 1c5e7e03-d60e-4e29-906a-a7b7ae931ec0: start 1c5e7e03-d60e-4e29-906a-a7b7ae931ec0@group-FE187C5278EA-LeaderElection38
2022-01-24 18:05:11,022 [1c5e7e03-d60e-4e29-906a-a7b7ae931ec0@group-FE187C5278EA-LeaderElection38] INFO  impl.LeaderElection (LeaderElection.java:askForVotes(306)) - 1c5e7e03-d60e-4e29-906a-a7b7ae931ec0@group-FE187C5278EA-LeaderElection38 ELECTION round 0: submit vote requests at term 1 for -1: [1c5e7e03-d60e-4e29-906a-a7b7ae931ec0|rpc:10.1.0.60:37847|priority:1], old=null
2022-01-24 18:05:11,022 [1c5e7e03-d60e-4e29-906a-a7b7ae931ec0@group-FE187C5278EA-LeaderElection38] INFO  impl.LeaderElection (LeaderElection.java:askForVotes(308)) - 1c5e7e03-d60e-4e29-906a-a7b7ae931ec0@group-FE187C5278EA-LeaderElection38 ELECTION round 0: result PASSED (term=1)
2022-01-24 18:05:11,022 [1c5e7e03-d60e-4e29-906a-a7b7ae931ec0@group-FE187C5278EA-LeaderElection38] INFO  impl.RoleInfo (RoleInfo.java:shutdownLeaderElection(121)) - 1c5e7e03-d60e-4e29-906a-a7b7ae931ec0: shutdown 1c5e7e03-d60e-4e29-906a-a7b7ae931ec0@group-FE187C5278EA-LeaderElection38
2022-01-24 18:05:11,023 [1c5e7e03-d60e-4e29-906a-a7b7ae931ec0@group-FE187C5278EA-LeaderElection38] INFO  server.RaftServer$Division (RaftServerImpl.java:setRole(290)) - 1c5e7e03-d60e-4e29-906a-a7b7ae931ec0@group-FE187C5278EA: changes role from CANDIDATE to LEADER at term 1 for changeToLeader
2022-01-24 18:05:11,023 [1c5e7e03-d60e-4e29-906a-a7b7ae931ec0@group-FE187C5278EA-LeaderElection38] INFO  ratis.XceiverServerRatis (XceiverServerRatis.java:handleLeaderChangedNotification(866)) - Leader change notification received for group: group-FE187C5278EA with new leaderId: 1c5e7e03-d60e-4e29-906a-a7b7ae931ec0
2022-01-24 18:05:11,023 [1c5e7e03-d60e-4e29-906a-a7b7ae931ec0@group-FE187C5278EA-LeaderElection38] INFO  server.RaftServer$Division (ServerState.java:setLeader(285)) - 1c5e7e03-d60e-4e29-906a-a7b7ae931ec0@group-FE187C5278EA: change Leader from null to 1c5e7e03-d60e-4e29-906a-a7b7ae931ec0 at term 1 for becomeLeader, leader elected after 5080ms
2022-01-24 18:05:11,026 [EventQueue-OpenPipelineForHealthyPipelineSafeModeRule] INFO  safemode.SCMSafeModeManager (HealthyPipelineSafeModeRule.java:process(124)) - SCM in safe mode. Healthy pipelines reported count is 0, required healthy pipeline reported count is 1
2022-01-24 18:05:11,032 [1c5e7e03-d60e-4e29-906a-a7b7ae931ec0@group-FE187C5278EA-LeaderElection38] INFO  server.RaftServerConfigKeys (ConfUtils.java:logGet(44)) - raft.server.staging.catchup.gap = 1000 (default)
2022-01-24 18:05:11,033 [1c5e7e03-d60e-4e29-906a-a7b7ae931ec0@group-FE187C5278EA-LeaderElection38] INFO  server.RaftServerConfigKeys (ConfUtils.java:logGet(44)) - raft.server.write.element-limit = 1024 (custom)
2022-01-24 18:05:11,033 [1c5e7e03-d60e-4e29-906a-a7b7ae931ec0@group-FE187C5278EA-LeaderElection38] INFO  server.RaftServerConfigKeys (ConfUtils.java:logGet(44)) - raft.server.write.byte-limit = 1024 M (=1073741824) (custom)
2022-01-24 18:05:11,033 [1c5e7e03-d60e-4e29-906a-a7b7ae931ec0@group-FE187C5278EA-LeaderElection38] INFO  server.RaftServerConfigKeys (ConfUtils.java:logGet(44)) - raft.server.watch.timeout = 3000ms (custom)
2022-01-24 18:05:11,033 [1c5e7e03-d60e-4e29-906a-a7b7ae931ec0@group-FE187C5278EA-LeaderElection38] INFO  server.RaftServerConfigKeys (ConfUtils.java:logGet(44)) - raft.server.watch.timeout.denomination = 1s (default)
2022-01-24 18:05:11,034 [1c5e7e03-d60e-4e29-906a-a7b7ae931ec0@group-FE187C5278EA-LeaderElection38] INFO  server.RaftServerConfigKeys (ConfUtils.java:logGet(44)) - raft.server.watch.element-limit = 65536 (default)
2022-01-24 18:05:11,034 [1c5e7e03-d60e-4e29-906a-a7b7ae931ec0@group-FE187C5278EA-LeaderElection38] INFO  server.RaftServerConfigKeys (ConfUtils.java:logGet(44)) - raft.server.write.element-limit = 1024 (custom)
2022-01-24 18:05:11,034 [1c5e7e03-d60e-4e29-906a-a7b7ae931ec0@group-FE187C5278EA-LeaderElection38] INFO  server.RaftServerConfigKeys (ConfUtils.java:logGet(44)) - raft.server.write.follower.gap.ratio.max = -1.0 (default)
2022-01-24 18:05:11,034 [1c5e7e03-d60e-4e29-906a-a7b7ae931ec0@group-FE187C5278EA-LeaderElection38] INFO  impl.RoleInfo (RoleInfo.java:updateAndGet(130)) - 1c5e7e03-d60e-4e29-906a-a7b7ae931ec0: start 1c5e7e03-d60e-4e29-906a-a7b7ae931ec0@group-FE187C5278EA-LeaderStateImpl
2022-01-24 18:05:11,034 [1c5e7e03-d60e-4e29-906a-a7b7ae931ec0@group-FE187C5278EA-LeaderElection38] INFO  segmented.SegmentedRaftLogWorker (SegmentedRaftLogWorker.java:startLogSegment(394)) - 1c5e7e03-d60e-4e29-906a-a7b7ae931ec0@group-FE187C5278EA-SegmentedRaftLogWorker: Starting segment from index:0
2022-01-24 18:05:11,035 [1c5e7e03-d60e-4e29-906a-a7b7ae931ec0@group-FE187C5278EA-SegmentedRaftLogWorker] INFO  segmented.SegmentedRaftLogWorker (SegmentedRaftLogWorker.java:execute(601)) - 1c5e7e03-d60e-4e29-906a-a7b7ae931ec0@group-FE187C5278EA-SegmentedRaftLogWorker: created new log segment /home/runner/work/ozone/ozone/hadoop-ozone/integration-test/target/test-dir/MiniOzoneClusterImpl-aa639c69-f9d2-45b5-aeae-2a5a4e0b395a/datanode-2/data/ratis/3898fc47-dc72-4d98-bc41-fe187c5278ea/current/log_inprogress_0
2022-01-24 18:05:11,050 [1c5e7e03-d60e-4e29-906a-a7b7ae931ec0@group-FE187C5278EA-LeaderElection38] INFO  server.RaftServer$Division (ServerState.java:setRaftConf(387)) - 1c5e7e03-d60e-4e29-906a-a7b7ae931ec0@group-FE187C5278EA: set configuration 0: [1c5e7e03-d60e-4e29-906a-a7b7ae931ec0|rpc:10.1.0.60:37847|dataStream:|priority:1], old=null
2022-01-24 18:05:11,146 [Listener at 127.0.0.1/42611] INFO  ozone.MiniOzoneClusterImpl (MiniOzoneClusterImpl.java:lambda$waitForClusterToBeReady$0(219)) - Nodes are ready. Got 7 of 7 DN Heartbeats.
2022-01-24 18:05:11,147 [Listener at 127.0.0.1/42611] INFO  ozone.MiniOzoneClusterImpl (MiniOzoneClusterImpl.java:lambda$waitForClusterToBeReady$0(222)) - Waiting for cluster to exit safe mode
2022-01-24 18:05:11,147 [Listener at 127.0.0.1/42611] INFO  ozone.MiniOzoneClusterImpl (MiniOzoneClusterImpl.java:lambda$waitForClusterToBeReady$0(224)) - SCM became leader
2022-01-24 18:05:11,711 [109b74c6-5970-42d9-b999-0985bb35528b@group-FBF99A330DCD-FollowerState] INFO  impl.FollowerState (FollowerState.java:run(134)) - 109b74c6-5970-42d9-b999-0985bb35528b@group-FBF99A330DCD-FollowerState: change to CANDIDATE, lastRpcElapsedTime:5024158191ns, electionTimeout:5019ms
2022-01-24 18:05:11,711 [109b74c6-5970-42d9-b999-0985bb35528b@group-FBF99A330DCD-FollowerState] INFO  impl.RoleInfo (RoleInfo.java:shutdownFollowerState(108)) - 109b74c6-5970-42d9-b999-0985bb35528b: shutdown 109b74c6-5970-42d9-b999-0985bb35528b@group-FBF99A330DCD-FollowerState
2022-01-24 18:05:11,711 [109b74c6-5970-42d9-b999-0985bb35528b@group-FBF99A330DCD-FollowerState] INFO  server.RaftServer$Division (RaftServerImpl.java:setRole(290)) - 109b74c6-5970-42d9-b999-0985bb35528b@group-FBF99A330DCD: changes role from  FOLLOWER to CANDIDATE at term 0 for changeToCandidate
2022-01-24 18:05:11,712 [109b74c6-5970-42d9-b999-0985bb35528b@group-FBF99A330DCD-FollowerState] INFO  server.RaftServerConfigKeys (ConfUtils.java:logGet(44)) - raft.server.leaderelection.pre-vote = false (custom)
2022-01-24 18:05:11,713 [109b74c6-5970-42d9-b999-0985bb35528b@group-FBF99A330DCD-FollowerState] INFO  impl.RoleInfo (RoleInfo.java:updateAndGet(130)) - 109b74c6-5970-42d9-b999-0985bb35528b: start 109b74c6-5970-42d9-b999-0985bb35528b@group-FBF99A330DCD-LeaderElection39
2022-01-24 18:05:11,725 [109b74c6-5970-42d9-b999-0985bb35528b@group-FBF99A330DCD-LeaderElection39] INFO  impl.LeaderElection (LeaderElection.java:askForVotes(306)) - 109b74c6-5970-42d9-b999-0985bb35528b@group-FBF99A330DCD-LeaderElection39 ELECTION round 0: submit vote requests at term 1 for -1: [109b74c6-5970-42d9-b999-0985bb35528b|rpc:10.1.0.60:34259|priority:1], old=null
2022-01-24 18:05:11,725 [109b74c6-5970-42d9-b999-0985bb35528b@group-FBF99A330DCD-LeaderElection39] INFO  impl.LeaderElection (LeaderElection.java:askForVotes(308)) - 109b74c6-5970-42d9-b999-0985bb35528b@group-FBF99A330DCD-LeaderElection39 ELECTION round 0: result PASSED (term=1)
2022-01-24 18:05:11,725 [109b74c6-5970-42d9-b999-0985bb35528b@group-FBF99A330DCD-LeaderElection39] INFO  impl.RoleInfo (RoleInfo.java:shutdownLeaderElection(121)) - 109b74c6-5970-42d9-b999-0985bb35528b: shutdown 109b74c6-5970-42d9-b999-0985bb35528b@group-FBF99A330DCD-LeaderElection39
2022-01-24 18:05:11,725 [109b74c6-5970-42d9-b999-0985bb35528b@group-FBF99A330DCD-LeaderElection39] INFO  server.RaftServer$Division (RaftServerImpl.java:setRole(290)) - 109b74c6-5970-42d9-b999-0985bb35528b@group-FBF99A330DCD: changes role from CANDIDATE to LEADER at term 1 for changeToLeader
2022-01-24 18:05:11,725 [109b74c6-5970-42d9-b999-0985bb35528b@group-FBF99A330DCD-LeaderElection39] INFO  ratis.XceiverServerRatis (XceiverServerRatis.java:handleLeaderChangedNotification(866)) - Leader change notification received for group: group-FBF99A330DCD with new leaderId: 109b74c6-5970-42d9-b999-0985bb35528b
2022-01-24 18:05:11,725 [109b74c6-5970-42d9-b999-0985bb35528b@group-FBF99A330DCD-LeaderElection39] INFO  server.RaftServer$Division (ServerState.java:setLeader(285)) - 109b74c6-5970-42d9-b999-0985bb35528b@group-FBF99A330DCD: change Leader from null to 109b74c6-5970-42d9-b999-0985bb35528b at term 1 for becomeLeader, leader elected after 5059ms
2022-01-24 18:05:11,730 [EventQueue-OpenPipelineForHealthyPipelineSafeModeRule] INFO  safemode.SCMSafeModeManager (HealthyPipelineSafeModeRule.java:process(124)) - SCM in safe mode. Healthy pipelines reported count is 0, required healthy pipeline reported count is 1
2022-01-24 18:05:11,735 [109b74c6-5970-42d9-b999-0985bb35528b@group-FBF99A330DCD-LeaderElection39] INFO  server.RaftServerConfigKeys (ConfUtils.java:logGet(44)) - raft.server.staging.catchup.gap = 1000 (default)
2022-01-24 18:05:11,735 [109b74c6-5970-42d9-b999-0985bb35528b@group-FBF99A330DCD-LeaderElection39] INFO  server.RaftServerConfigKeys (ConfUtils.java:logGet(44)) - raft.server.write.element-limit = 1024 (custom)
2022-01-24 18:05:11,735 [109b74c6-5970-42d9-b999-0985bb35528b@group-FBF99A330DCD-LeaderElection39] INFO  server.RaftServerConfigKeys (ConfUtils.java:logGet(44)) - raft.server.write.byte-limit = 1024 M (=1073741824) (custom)
2022-01-24 18:05:11,735 [109b74c6-5970-42d9-b999-0985bb35528b@group-FBF99A330DCD-LeaderElection39] INFO  server.RaftServerConfigKeys (ConfUtils.java:logGet(44)) - raft.server.watch.timeout = 3000ms (custom)
2022-01-24 18:05:11,735 [109b74c6-5970-42d9-b999-0985bb35528b@group-FBF99A330DCD-LeaderElection39] INFO  server.RaftServerConfigKeys (ConfUtils.java:logGet(44)) - raft.server.watch.timeout.denomination = 1s (default)
2022-01-24 18:05:11,736 [109b74c6-5970-42d9-b999-0985bb35528b@group-FBF99A330DCD-LeaderElection39] INFO  server.RaftServerConfigKeys (ConfUtils.java:logGet(44)) - raft.server.watch.element-limit = 65536 (default)
2022-01-24 18:05:11,736 [109b74c6-5970-42d9-b999-0985bb35528b@group-FBF99A330DCD-LeaderElection39] INFO  server.RaftServerConfigKeys (ConfUtils.java:logGet(44)) - raft.server.write.element-limit = 1024 (custom)
2022-01-24 18:05:11,736 [109b74c6-5970-42d9-b999-0985bb35528b@group-FBF99A330DCD-LeaderElection39] INFO  server.RaftServerConfigKeys (ConfUtils.java:logGet(44)) - raft.server.write.follower.gap.ratio.max = -1.0 (default)
2022-01-24 18:05:11,736 [109b74c6-5970-42d9-b999-0985bb35528b@group-FBF99A330DCD-LeaderElection39] INFO  impl.RoleInfo (RoleInfo.java:updateAndGet(130)) - 109b74c6-5970-42d9-b999-0985bb35528b: start 109b74c6-5970-42d9-b999-0985bb35528b@group-FBF99A330DCD-LeaderStateImpl
2022-01-24 18:05:11,741 [109b74c6-5970-42d9-b999-0985bb35528b@group-FBF99A330DCD-LeaderElection39] INFO  segmented.SegmentedRaftLogWorker (SegmentedRaftLogWorker.java:startLogSegment(394)) - 109b74c6-5970-42d9-b999-0985bb35528b@group-FBF99A330DCD-SegmentedRaftLogWorker: Starting segment from index:0
2022-01-24 18:05:11,742 [109b74c6-5970-42d9-b999-0985bb35528b@group-FBF99A330DCD-SegmentedRaftLogWorker] INFO  segmented.SegmentedRaftLogWorker (SegmentedRaftLogWorker.java:execute(601)) - 109b74c6-5970-42d9-b999-0985bb35528b@group-FBF99A330DCD-SegmentedRaftLogWorker: created new log segment /home/runner/work/ozone/ozone/hadoop-ozone/integration-test/target/test-dir/MiniOzoneClusterImpl-aa639c69-f9d2-45b5-aeae-2a5a4e0b395a/datanode-3/data/ratis/44719648-93a7-40f2-aa39-fbf99a330dcd/current/log_inprogress_0
2022-01-24 18:05:11,747 [109b74c6-5970-42d9-b999-0985bb35528b@group-FBF99A330DCD-LeaderElection39] INFO  server.RaftServer$Division (ServerState.java:setRaftConf(387)) - 109b74c6-5970-42d9-b999-0985bb35528b@group-FBF99A330DCD: set configuration 0: [109b74c6-5970-42d9-b999-0985bb35528b|rpc:10.1.0.60:34259|dataStream:|priority:1], old=null
2022-01-24 18:05:11,845 [109b74c6-5970-42d9-b999-0985bb35528b@group-FE0586866A31-FollowerState] INFO  impl.FollowerState (FollowerState.java:run(134)) - 109b74c6-5970-42d9-b999-0985bb35528b@group-FE0586866A31-FollowerState: change to CANDIDATE, lastRpcElapsedTime:5112822313ns, electionTimeout:5099ms
2022-01-24 18:05:11,845 [109b74c6-5970-42d9-b999-0985bb35528b@group-FE0586866A31-FollowerState] INFO  impl.RoleInfo (RoleInfo.java:shutdownFollowerState(108)) - 109b74c6-5970-42d9-b999-0985bb35528b: shutdown 109b74c6-5970-42d9-b999-0985bb35528b@group-FE0586866A31-FollowerState
2022-01-24 18:05:11,845 [109b74c6-5970-42d9-b999-0985bb35528b@group-FE0586866A31-FollowerState] INFO  server.RaftServer$Division (RaftServerImpl.java:setRole(290)) - 109b74c6-5970-42d9-b999-0985bb35528b@group-FE0586866A31: changes role from  FOLLOWER to CANDIDATE at term 0 for changeToCandidate
2022-01-24 18:05:11,845 [109b74c6-5970-42d9-b999-0985bb35528b@group-FE0586866A31-FollowerState] INFO  server.RaftServerConfigKeys (ConfUtils.java:logGet(44)) - raft.server.leaderelection.pre-vote = false (custom)
2022-01-24 18:05:11,845 [109b74c6-5970-42d9-b999-0985bb35528b@group-FE0586866A31-FollowerState] INFO  impl.RoleInfo (RoleInfo.java:updateAndGet(130)) - 109b74c6-5970-42d9-b999-0985bb35528b: start 109b74c6-5970-42d9-b999-0985bb35528b@group-FE0586866A31-LeaderElection40
2022-01-24 18:05:11,845 [9fc6c589-e101-4b7c-8c44-590da935f0a3@group-FE0586866A31-FollowerState] INFO  impl.FollowerState (FollowerState.java:run(134)) - 9fc6c589-e101-4b7c-8c44-590da935f0a3@group-FE0586866A31-FollowerState: change to CANDIDATE, lastRpcElapsedTime:5005852817ns, electionTimeout:5004ms
2022-01-24 18:05:11,846 [9fc6c589-e101-4b7c-8c44-590da935f0a3@group-FE0586866A31-FollowerState] INFO  impl.RoleInfo (RoleInfo.java:shutdownFollowerState(108)) - 9fc6c589-e101-4b7c-8c44-590da935f0a3: shutdown 9fc6c589-e101-4b7c-8c44-590da935f0a3@group-FE0586866A31-FollowerState
2022-01-24 18:05:11,846 [9fc6c589-e101-4b7c-8c44-590da935f0a3@group-FE0586866A31-FollowerState] INFO  server.RaftServer$Division (RaftServerImpl.java:setRole(290)) - 9fc6c589-e101-4b7c-8c44-590da935f0a3@group-FE0586866A31: changes role from  FOLLOWER to CANDIDATE at term 0 for changeToCandidate
2022-01-24 18:05:11,862 [9fc6c589-e101-4b7c-8c44-590da935f0a3@group-FE0586866A31-FollowerState] INFO  server.RaftServerConfigKeys (ConfUtils.java:logGet(44)) - raft.server.leaderelection.pre-vote = false (custom)
2022-01-24 18:05:11,862 [9fc6c589-e101-4b7c-8c44-590da935f0a3@group-FE0586866A31-FollowerState] INFO  impl.RoleInfo (RoleInfo.java:updateAndGet(130)) - 9fc6c589-e101-4b7c-8c44-590da935f0a3: start 9fc6c589-e101-4b7c-8c44-590da935f0a3@group-FE0586866A31-LeaderElection41
2022-01-24 18:05:11,899 [109b74c6-5970-42d9-b999-0985bb35528b@group-FE0586866A31-LeaderElection40] INFO  impl.LeaderElection (LeaderElection.java:askForVotes(306)) - 109b74c6-5970-42d9-b999-0985bb35528b@group-FE0586866A31-LeaderElection40 ELECTION round 0: submit vote requests at term 1 for -1: [9fc6c589-e101-4b7c-8c44-590da935f0a3|rpc:10.1.0.60:37269|priority:0, 109b74c6-5970-42d9-b999-0985bb35528b|rpc:10.1.0.60:34259|priority:0, c189953c-19e1-459b-9255-7173c2cde622|rpc:10.1.0.60:39667|priority:1], old=null
2022-01-24 18:05:11,900 [9fc6c589-e101-4b7c-8c44-590da935f0a3@group-FE0586866A31-LeaderElection41] INFO  impl.LeaderElection (LeaderElection.java:askForVotes(306)) - 9fc6c589-e101-4b7c-8c44-590da935f0a3@group-FE0586866A31-LeaderElection41 ELECTION round 0: submit vote requests at term 1 for -1: [9fc6c589-e101-4b7c-8c44-590da935f0a3|rpc:10.1.0.60:37269|dataStream:|priority:0, 109b74c6-5970-42d9-b999-0985bb35528b|rpc:10.1.0.60:34259|dataStream:|priority:0, c189953c-19e1-459b-9255-7173c2cde622|rpc:10.1.0.60:39667|dataStream:|priority:1], old=null
2022-01-24 18:05:11,960 [grpc-default-executor-3] INFO  server.RaftServer$Division (RaftServerImpl.java:requestVote(1046)) - 9fc6c589-e101-4b7c-8c44-590da935f0a3@group-FE0586866A31: receive requestVote(ELECTION, 109b74c6-5970-42d9-b999-0985bb35528b, group-FE0586866A31, 1, (t:0, i:0))
2022-01-24 18:05:11,960 [grpc-default-executor-3] INFO  impl.VoteContext (VoteContext.java:log(48)) - 9fc6c589-e101-4b7c-8c44-590da935f0a3@group-FE0586866A31-CANDIDATE: reject ELECTION from 109b74c6-5970-42d9-b999-0985bb35528b: already has voted for 9fc6c589-e101-4b7c-8c44-590da935f0a3 at current term 1
2022-01-24 18:05:11,960 [grpc-default-executor-3] INFO  server.RaftServer$Division (RaftServerImpl.java:requestVote(1078)) - 9fc6c589-e101-4b7c-8c44-590da935f0a3@group-FE0586866A31 replies to ELECTION vote request: 109b74c6-5970-42d9-b999-0985bb35528b<-9fc6c589-e101-4b7c-8c44-590da935f0a3#0:FAIL-t1. Peer's state: 9fc6c589-e101-4b7c-8c44-590da935f0a3@group-FE0586866A31:t1, leader=null, voted=9fc6c589-e101-4b7c-8c44-590da935f0a3, raftlog=9fc6c589-e101-4b7c-8c44-590da935f0a3@group-FE0586866A31-SegmentedRaftLog:OPENED:c-1, conf=-1: [9fc6c589-e101-4b7c-8c44-590da935f0a3|rpc:10.1.0.60:37269|dataStream:|priority:0, 109b74c6-5970-42d9-b999-0985bb35528b|rpc:10.1.0.60:34259|dataStream:|priority:0, c189953c-19e1-459b-9255-7173c2cde622|rpc:10.1.0.60:39667|dataStream:|priority:1], old=null
2022-01-24 18:05:11,961 [grpc-default-executor-4] INFO  server.RaftServer$Division (RaftServerImpl.java:requestVote(1046)) - 109b74c6-5970-42d9-b999-0985bb35528b@group-FE0586866A31: receive requestVote(ELECTION, 9fc6c589-e101-4b7c-8c44-590da935f0a3, group-FE0586866A31, 1, (t:0, i:0))
2022-01-24 18:05:11,961 [grpc-default-executor-4] INFO  impl.VoteContext (VoteContext.java:log(48)) - 109b74c6-5970-42d9-b999-0985bb35528b@group-FE0586866A31-CANDIDATE: reject ELECTION from 9fc6c589-e101-4b7c-8c44-590da935f0a3: already has voted for 109b74c6-5970-42d9-b999-0985bb35528b at current term 1
2022-01-24 18:05:11,961 [grpc-default-executor-4] INFO  server.RaftServer$Division (RaftServerImpl.java:requestVote(1078)) - 109b74c6-5970-42d9-b999-0985bb35528b@group-FE0586866A31 replies to ELECTION vote request: 9fc6c589-e101-4b7c-8c44-590da935f0a3<-109b74c6-5970-42d9-b999-0985bb35528b#0:FAIL-t1. Peer's state: 109b74c6-5970-42d9-b999-0985bb35528b@group-FE0586866A31:t1, leader=null, voted=109b74c6-5970-42d9-b999-0985bb35528b, raftlog=109b74c6-5970-42d9-b999-0985bb35528b@group-FE0586866A31-SegmentedRaftLog:OPENED:c-1, conf=-1: [9fc6c589-e101-4b7c-8c44-590da935f0a3|rpc:10.1.0.60:37269|priority:0, 109b74c6-5970-42d9-b999-0985bb35528b|rpc:10.1.0.60:34259|priority:0, c189953c-19e1-459b-9255-7173c2cde622|rpc:10.1.0.60:39667|priority:1], old=null
2022-01-24 18:05:11,976 [grpc-default-executor-5] INFO  server.RaftServer$Division (RaftServerImpl.java:requestVote(1046)) - c189953c-19e1-459b-9255-7173c2cde622@group-FE0586866A31: receive requestVote(ELECTION, 109b74c6-5970-42d9-b999-0985bb35528b, group-FE0586866A31, 1, (t:0, i:0))
2022-01-24 18:05:11,976 [grpc-default-executor-5] INFO  impl.VoteContext (VoteContext.java:log(48)) - c189953c-19e1-459b-9255-7173c2cde622@group-FE0586866A31-FOLLOWER: reject ELECTION from 109b74c6-5970-42d9-b999-0985bb35528b: our priority 1 > candidate's priority 0
2022-01-24 18:05:11,976 [grpc-default-executor-5] INFO  server.RaftServer$Division (RaftServerImpl.java:setRole(290)) - c189953c-19e1-459b-9255-7173c2cde622@group-FE0586866A31: changes role from  FOLLOWER to FOLLOWER at term 1 for candidate:109b74c6-5970-42d9-b999-0985bb35528b
2022-01-24 18:05:11,976 [grpc-default-executor-5] INFO  impl.RoleInfo (RoleInfo.java:shutdownFollowerState(108)) - c189953c-19e1-459b-9255-7173c2cde622: shutdown c189953c-19e1-459b-9255-7173c2cde622@group-FE0586866A31-FollowerState
2022-01-24 18:05:11,976 [grpc-default-executor-5] INFO  impl.RoleInfo (RoleInfo.java:updateAndGet(130)) - c189953c-19e1-459b-9255-7173c2cde622: start c189953c-19e1-459b-9255-7173c2cde622@group-FE0586866A31-FollowerState
2022-01-24 18:05:11,976 [c189953c-19e1-459b-9255-7173c2cde622@group-FE0586866A31-FollowerState] INFO  impl.FollowerState (FollowerState.java:run(143)) - c189953c-19e1-459b-9255-7173c2cde622@group-FE0586866A31-FollowerState was interrupted: {}
java.lang.InterruptedException: sleep interrupted
	at java.lang.Thread.sleep(Native Method)
	at java.lang.Thread.sleep(Thread.java:340)
	at java.util.concurrent.TimeUnit.sleep(TimeUnit.java:386)
	at org.apache.ratis.util.TimeDuration.sleep(TimeDuration.java:324)
	at org.apache.ratis.util.TimeDuration.sleep(TimeDuration.java:309)
	at org.apache.ratis.server.impl.FollowerState.run(FollowerState.java:118)
2022-01-24 18:05:11,981 [grpc-default-executor-5] INFO  server.RaftServer$Division (RaftServerImpl.java:requestVote(1078)) - c189953c-19e1-459b-9255-7173c2cde622@group-FE0586866A31 replies to ELECTION vote request: 109b74c6-5970-42d9-b999-0985bb35528b<-c189953c-19e1-459b-9255-7173c2cde622#0:FAIL-t1. Peer's state: c189953c-19e1-459b-9255-7173c2cde622@group-FE0586866A31:t1, leader=null, voted=null, raftlog=c189953c-19e1-459b-9255-7173c2cde622@group-FE0586866A31-SegmentedRaftLog:OPENED:c-1, conf=-1: [9fc6c589-e101-4b7c-8c44-590da935f0a3|rpc:10.1.0.60:37269|dataStream:|priority:0, 109b74c6-5970-42d9-b999-0985bb35528b|rpc:10.1.0.60:34259|dataStream:|priority:0, c189953c-19e1-459b-9255-7173c2cde622|rpc:10.1.0.60:39667|dataStream:|priority:1], old=null
2022-01-24 18:05:11,982 [109b74c6-5970-42d9-b999-0985bb35528b@group-FE0586866A31-LeaderElection40] INFO  impl.LeaderElection (LeaderElection.java:logAndReturn(89)) - 109b74c6-5970-42d9-b999-0985bb35528b@group-FE0586866A31-LeaderElection40: ELECTION REJECTED received 2 response(s) and 0 exception(s):
2022-01-24 18:05:11,982 [109b74c6-5970-42d9-b999-0985bb35528b@group-FE0586866A31-LeaderElection40] INFO  impl.LeaderElection (LeaderElection.java:logAndReturn(93)) -   Response 0: 109b74c6-5970-42d9-b999-0985bb35528b<-9fc6c589-e101-4b7c-8c44-590da935f0a3#0:FAIL-t1
2022-01-24 18:05:11,982 [109b74c6-5970-42d9-b999-0985bb35528b@group-FE0586866A31-LeaderElection40] INFO  impl.LeaderElection (LeaderElection.java:logAndReturn(93)) -   Response 1: 109b74c6-5970-42d9-b999-0985bb35528b<-c189953c-19e1-459b-9255-7173c2cde622#0:FAIL-t1
2022-01-24 18:05:11,982 [109b74c6-5970-42d9-b999-0985bb35528b@group-FE0586866A31-LeaderElection40] INFO  impl.LeaderElection (LeaderElection.java:askForVotes(308)) - 109b74c6-5970-42d9-b999-0985bb35528b@group-FE0586866A31-LeaderElection40 ELECTION round 0: result REJECTED
2022-01-24 18:05:11,983 [109b74c6-5970-42d9-b999-0985bb35528b@group-FE0586866A31-LeaderElection40] INFO  server.RaftServer$Division (RaftServerImpl.java:setRole(290)) - 109b74c6-5970-42d9-b999-0985bb35528b@group-FE0586866A31: changes role from CANDIDATE to FOLLOWER at term 1 for REJECTED
2022-01-24 18:05:11,983 [109b74c6-5970-42d9-b999-0985bb35528b@group-FE0586866A31-LeaderElection40] INFO  impl.RoleInfo (RoleInfo.java:shutdownLeaderElection(121)) - 109b74c6-5970-42d9-b999-0985bb35528b: shutdown 109b74c6-5970-42d9-b999-0985bb35528b@group-FE0586866A31-LeaderElection40
2022-01-24 18:05:11,983 [109b74c6-5970-42d9-b999-0985bb35528b@group-FE0586866A31-LeaderElection40] INFO  impl.RoleInfo (RoleInfo.java:updateAndGet(130)) - 109b74c6-5970-42d9-b999-0985bb35528b: start 109b74c6-5970-42d9-b999-0985bb35528b@group-FE0586866A31-FollowerState
2022-01-24 18:05:11,983 [grpc-default-executor-5] INFO  server.RaftServer$Division (RaftServerImpl.java:requestVote(1046)) - c189953c-19e1-459b-9255-7173c2cde622@group-FE0586866A31: receive requestVote(ELECTION, 9fc6c589-e101-4b7c-8c44-590da935f0a3, group-FE0586866A31, 1, (t:0, i:0))
2022-01-24 18:05:11,983 [grpc-default-executor-5] INFO  impl.VoteContext (VoteContext.java:log(48)) - c189953c-19e1-459b-9255-7173c2cde622@group-FE0586866A31-FOLLOWER: reject ELECTION from 9fc6c589-e101-4b7c-8c44-590da935f0a3: our priority 1 > candidate's priority 0
2022-01-24 18:05:11,983 [grpc-default-executor-5] INFO  server.RaftServer$Division (RaftServerImpl.java:setRole(290)) - c189953c-19e1-459b-9255-7173c2cde622@group-FE0586866A31: changes role from  FOLLOWER to FOLLOWER at term 1 for candidate:9fc6c589-e101-4b7c-8c44-590da935f0a3
2022-01-24 18:05:11,983 [grpc-default-executor-5] INFO  impl.RoleInfo (RoleInfo.java:shutdownFollowerState(108)) - c189953c-19e1-459b-9255-7173c2cde622: shutdown c189953c-19e1-459b-9255-7173c2cde622@group-FE0586866A31-FollowerState
2022-01-24 18:05:11,992 [grpc-default-executor-5] INFO  impl.RoleInfo (RoleInfo.java:updateAndGet(130)) - c189953c-19e1-459b-9255-7173c2cde622: start c189953c-19e1-459b-9255-7173c2cde622@group-FE0586866A31-FollowerState
2022-01-24 18:05:11,992 [c189953c-19e1-459b-9255-7173c2cde622@group-FE0586866A31-FollowerState] INFO  impl.FollowerState (FollowerState.java:run(143)) - c189953c-19e1-459b-9255-7173c2cde622@group-FE0586866A31-FollowerState was interrupted: {}
java.lang.InterruptedException: sleep interrupted
	at java.lang.Thread.sleep(Native Method)
	at java.lang.Thread.sleep(Thread.java:340)
	at java.util.concurrent.TimeUnit.sleep(TimeUnit.java:386)
	at org.apache.ratis.util.TimeDuration.sleep(TimeDuration.java:324)
	at org.apache.ratis.util.TimeDuration.sleep(TimeDuration.java:309)
	at org.apache.ratis.server.impl.FollowerState.run(FollowerState.java:118)
2022-01-24 18:05:11,996 [grpc-default-executor-5] INFO  server.RaftServer$Division (RaftServerImpl.java:requestVote(1078)) - c189953c-19e1-459b-9255-7173c2cde622@group-FE0586866A31 replies to ELECTION vote request: 9fc6c589-e101-4b7c-8c44-590da935f0a3<-c189953c-19e1-459b-9255-7173c2cde622#0:FAIL-t1. Peer's state: c189953c-19e1-459b-9255-7173c2cde622@group-FE0586866A31:t1, leader=null, voted=null, raftlog=c189953c-19e1-459b-9255-7173c2cde622@group-FE0586866A31-SegmentedRaftLog:OPENED:c-1, conf=-1: [9fc6c589-e101-4b7c-8c44-590da935f0a3|rpc:10.1.0.60:37269|dataStream:|priority:0, 109b74c6-5970-42d9-b999-0985bb35528b|rpc:10.1.0.60:34259|dataStream:|priority:0, c189953c-19e1-459b-9255-7173c2cde622|rpc:10.1.0.60:39667|dataStream:|priority:1], old=null
2022-01-24 18:05:12,017 [9fc6c589-e101-4b7c-8c44-590da935f0a3@group-FE0586866A31-LeaderElection41] INFO  impl.LeaderElection (LeaderElection.java:logAndReturn(89)) - 9fc6c589-e101-4b7c-8c44-590da935f0a3@group-FE0586866A31-LeaderElection41: ELECTION REJECTED received 2 response(s) and 0 exception(s):
2022-01-24 18:05:12,017 [9fc6c589-e101-4b7c-8c44-590da935f0a3@group-FE0586866A31-LeaderElection41] INFO  impl.LeaderElection (LeaderElection.java:logAndReturn(93)) -   Response 0: 9fc6c589-e101-4b7c-8c44-590da935f0a3<-109b74c6-5970-42d9-b999-0985bb35528b#0:FAIL-t1
2022-01-24 18:05:12,017 [9fc6c589-e101-4b7c-8c44-590da935f0a3@group-FE0586866A31-LeaderElection41] INFO  impl.LeaderElection (LeaderElection.java:logAndReturn(93)) -   Response 1: 9fc6c589-e101-4b7c-8c44-590da935f0a3<-c189953c-19e1-459b-9255-7173c2cde622#0:FAIL-t1
2022-01-24 18:05:12,017 [9fc6c589-e101-4b7c-8c44-590da935f0a3@group-FE0586866A31-LeaderElection41] INFO  impl.LeaderElection (LeaderElection.java:askForVotes(308)) - 9fc6c589-e101-4b7c-8c44-590da935f0a3@group-FE0586866A31-LeaderElection41 ELECTION round 0: result REJECTED
2022-01-24 18:05:12,017 [9fc6c589-e101-4b7c-8c44-590da935f0a3@group-FE0586866A31-LeaderElection41] INFO  server.RaftServer$Division (RaftServerImpl.java:setRole(290)) - 9fc6c589-e101-4b7c-8c44-590da935f0a3@group-FE0586866A31: changes role from CANDIDATE to FOLLOWER at term 1 for REJECTED
2022-01-24 18:05:12,017 [9fc6c589-e101-4b7c-8c44-590da935f0a3@group-FE0586866A31-LeaderElection41] INFO  impl.RoleInfo (RoleInfo.java:shutdownLeaderElection(121)) - 9fc6c589-e101-4b7c-8c44-590da935f0a3: shutdown 9fc6c589-e101-4b7c-8c44-590da935f0a3@group-FE0586866A31-LeaderElection41
2022-01-24 18:05:12,017 [9fc6c589-e101-4b7c-8c44-590da935f0a3@group-FE0586866A31-LeaderElection41] INFO  impl.RoleInfo (RoleInfo.java:updateAndGet(130)) - 9fc6c589-e101-4b7c-8c44-590da935f0a3: start 9fc6c589-e101-4b7c-8c44-590da935f0a3@group-FE0586866A31-FollowerState
2022-01-24 18:05:12,147 [Listener at 127.0.0.1/42611] INFO  ozone.MiniOzoneClusterImpl (MiniOzoneClusterImpl.java:lambda$waitForClusterToBeReady$0(219)) - Nodes are ready. Got 7 of 7 DN Heartbeats.
2022-01-24 18:05:12,147 [Listener at 127.0.0.1/42611] INFO  ozone.MiniOzoneClusterImpl (MiniOzoneClusterImpl.java:lambda$waitForClusterToBeReady$0(222)) - Waiting for cluster to exit safe mode
2022-01-24 18:05:12,147 [Listener at 127.0.0.1/42611] INFO  ozone.MiniOzoneClusterImpl (MiniOzoneClusterImpl.java:lambda$waitForClusterToBeReady$0(224)) - SCM became leader
2022-01-24 18:05:12,242 [9fc6c589-e101-4b7c-8c44-590da935f0a3@group-A7FA955D15D6-FollowerState] INFO  impl.FollowerState (FollowerState.java:run(134)) - 9fc6c589-e101-4b7c-8c44-590da935f0a3@group-A7FA955D15D6-FollowerState: change to CANDIDATE, lastRpcElapsedTime:5072616010ns, electionTimeout:5066ms
2022-01-24 18:05:12,242 [9fc6c589-e101-4b7c-8c44-590da935f0a3@group-A7FA955D15D6-FollowerState] INFO  impl.RoleInfo (RoleInfo.java:shutdownFollowerState(108)) - 9fc6c589-e101-4b7c-8c44-590da935f0a3: shutdown 9fc6c589-e101-4b7c-8c44-590da935f0a3@group-A7FA955D15D6-FollowerState
2022-01-24 18:05:12,242 [9fc6c589-e101-4b7c-8c44-590da935f0a3@group-A7FA955D15D6-FollowerState] INFO  server.RaftServer$Division (RaftServerImpl.java:setRole(290)) - 9fc6c589-e101-4b7c-8c44-590da935f0a3@group-A7FA955D15D6: changes role from  FOLLOWER to CANDIDATE at term 0 for changeToCandidate
2022-01-24 18:05:12,242 [9fc6c589-e101-4b7c-8c44-590da935f0a3@group-A7FA955D15D6-FollowerState] INFO  server.RaftServerConfigKeys (ConfUtils.java:logGet(44)) - raft.server.leaderelection.pre-vote = false (custom)
2022-01-24 18:05:12,242 [9fc6c589-e101-4b7c-8c44-590da935f0a3@group-A7FA955D15D6-FollowerState] INFO  impl.RoleInfo (RoleInfo.java:updateAndGet(130)) - 9fc6c589-e101-4b7c-8c44-590da935f0a3: start 9fc6c589-e101-4b7c-8c44-590da935f0a3@group-A7FA955D15D6-LeaderElection42
2022-01-24 18:05:12,260 [9fc6c589-e101-4b7c-8c44-590da935f0a3@group-A7FA955D15D6-LeaderElection42] INFO  impl.LeaderElection (LeaderElection.java:askForVotes(306)) - 9fc6c589-e101-4b7c-8c44-590da935f0a3@group-A7FA955D15D6-LeaderElection42 ELECTION round 0: submit vote requests at term 1 for -1: [9fc6c589-e101-4b7c-8c44-590da935f0a3|rpc:10.1.0.60:37269|dataStream:|priority:0, 109b74c6-5970-42d9-b999-0985bb35528b|rpc:10.1.0.60:34259|dataStream:|priority:1, c189953c-19e1-459b-9255-7173c2cde622|rpc:10.1.0.60:39667|dataStream:|priority:0], old=null
2022-01-24 18:05:12,275 [grpc-default-executor-5] INFO  server.RaftServer$Division (RaftServerImpl.java:requestVote(1046)) - c189953c-19e1-459b-9255-7173c2cde622@group-A7FA955D15D6: receive requestVote(ELECTION, 9fc6c589-e101-4b7c-8c44-590da935f0a3, group-A7FA955D15D6, 1, (t:0, i:0))
2022-01-24 18:05:12,276 [grpc-default-executor-5] INFO  impl.VoteContext (VoteContext.java:log(48)) - c189953c-19e1-459b-9255-7173c2cde622@group-A7FA955D15D6-FOLLOWER: accept ELECTION from 9fc6c589-e101-4b7c-8c44-590da935f0a3: our priority 0 <= candidate's priority 0
2022-01-24 18:05:12,276 [grpc-default-executor-5] INFO  server.RaftServer$Division (RaftServerImpl.java:setRole(290)) - c189953c-19e1-459b-9255-7173c2cde622@group-A7FA955D15D6: changes role from  FOLLOWER to FOLLOWER at term 1 for candidate:9fc6c589-e101-4b7c-8c44-590da935f0a3
2022-01-24 18:05:12,276 [grpc-default-executor-5] INFO  impl.RoleInfo (RoleInfo.java:shutdownFollowerState(108)) - c189953c-19e1-459b-9255-7173c2cde622: shutdown c189953c-19e1-459b-9255-7173c2cde622@group-A7FA955D15D6-FollowerState
2022-01-24 18:05:12,276 [grpc-default-executor-5] INFO  impl.RoleInfo (RoleInfo.java:updateAndGet(130)) - c189953c-19e1-459b-9255-7173c2cde622: start c189953c-19e1-459b-9255-7173c2cde622@group-A7FA955D15D6-FollowerState
2022-01-24 18:05:12,276 [c189953c-19e1-459b-9255-7173c2cde622@group-A7FA955D15D6-FollowerState] INFO  impl.FollowerState (FollowerState.java:run(143)) - c189953c-19e1-459b-9255-7173c2cde622@group-A7FA955D15D6-FollowerState was interrupted: {}
java.lang.InterruptedException: sleep interrupted
	at java.lang.Thread.sleep(Native Method)
	at java.lang.Thread.sleep(Thread.java:340)
	at java.util.concurrent.TimeUnit.sleep(TimeUnit.java:386)
	at org.apache.ratis.util.TimeDuration.sleep(TimeDuration.java:324)
	at org.apache.ratis.util.TimeDuration.sleep(TimeDuration.java:309)
	at org.apache.ratis.server.impl.FollowerState.run(FollowerState.java:118)
2022-01-24 18:05:12,275 [grpc-default-executor-4] INFO  server.RaftServer$Division (RaftServerImpl.java:requestVote(1046)) - 109b74c6-5970-42d9-b999-0985bb35528b@group-A7FA955D15D6: receive requestVote(ELECTION, 9fc6c589-e101-4b7c-8c44-590da935f0a3, group-A7FA955D15D6, 1, (t:0, i:0))
2022-01-24 18:05:12,276 [grpc-default-executor-4] INFO  impl.VoteContext (VoteContext.java:log(48)) - 109b74c6-5970-42d9-b999-0985bb35528b@group-A7FA955D15D6-FOLLOWER: reject ELECTION from 9fc6c589-e101-4b7c-8c44-590da935f0a3: our priority 1 > candidate's priority 0
2022-01-24 18:05:12,277 [grpc-default-executor-4] INFO  server.RaftServer$Division (RaftServerImpl.java:setRole(290)) - 109b74c6-5970-42d9-b999-0985bb35528b@group-A7FA955D15D6: changes role from  FOLLOWER to FOLLOWER at term 1 for candidate:9fc6c589-e101-4b7c-8c44-590da935f0a3
2022-01-24 18:05:12,277 [grpc-default-executor-4] INFO  impl.RoleInfo (RoleInfo.java:shutdownFollowerState(108)) - 109b74c6-5970-42d9-b999-0985bb35528b: shutdown 109b74c6-5970-42d9-b999-0985bb35528b@group-A7FA955D15D6-FollowerState
2022-01-24 18:05:12,285 [grpc-default-executor-4] INFO  impl.RoleInfo (RoleInfo.java:updateAndGet(130)) - 109b74c6-5970-42d9-b999-0985bb35528b: start 109b74c6-5970-42d9-b999-0985bb35528b@group-A7FA955D15D6-FollowerState
2022-01-24 18:05:12,285 [109b74c6-5970-42d9-b999-0985bb35528b@group-A7FA955D15D6-FollowerState] INFO  impl.FollowerState (FollowerState.java:run(143)) - 109b74c6-5970-42d9-b999-0985bb35528b@group-A7FA955D15D6-FollowerState was interrupted: {}
java.lang.InterruptedException: sleep interrupted
	at java.lang.Thread.sleep(Native Method)
	at java.lang.Thread.sleep(Thread.java:340)
	at java.util.concurrent.TimeUnit.sleep(TimeUnit.java:386)
	at org.apache.ratis.util.TimeDuration.sleep(TimeDuration.java:324)
	at org.apache.ratis.util.TimeDuration.sleep(TimeDuration.java:309)
	at org.apache.ratis.server.impl.FollowerState.run(FollowerState.java:118)
2022-01-24 18:05:12,287 [grpc-default-executor-5] INFO  server.RaftServer$Division (RaftServerImpl.java:requestVote(1078)) - c189953c-19e1-459b-9255-7173c2cde622@group-A7FA955D15D6 replies to ELECTION vote request: 9fc6c589-e101-4b7c-8c44-590da935f0a3<-c189953c-19e1-459b-9255-7173c2cde622#0:OK-t1. Peer's state: c189953c-19e1-459b-9255-7173c2cde622@group-A7FA955D15D6:t1, leader=null, voted=9fc6c589-e101-4b7c-8c44-590da935f0a3, raftlog=c189953c-19e1-459b-9255-7173c2cde622@group-A7FA955D15D6-SegmentedRaftLog:OPENED:c-1, conf=-1: [9fc6c589-e101-4b7c-8c44-590da935f0a3|rpc:10.1.0.60:37269|dataStream:|priority:0, 109b74c6-5970-42d9-b999-0985bb35528b|rpc:10.1.0.60:34259|dataStream:|priority:1, c189953c-19e1-459b-9255-7173c2cde622|rpc:10.1.0.60:39667|dataStream:|priority:0], old=null
2022-01-24 18:05:12,288 [grpc-default-executor-4] INFO  server.RaftServer$Division (RaftServerImpl.java:requestVote(1078)) - 109b74c6-5970-42d9-b999-0985bb35528b@group-A7FA955D15D6 replies to ELECTION vote request: 9fc6c589-e101-4b7c-8c44-590da935f0a3<-109b74c6-5970-42d9-b999-0985bb35528b#0:FAIL-t1. Peer's state: 109b74c6-5970-42d9-b999-0985bb35528b@group-A7FA955D15D6:t1, leader=null, voted=null, raftlog=109b74c6-5970-42d9-b999-0985bb35528b@group-A7FA955D15D6-SegmentedRaftLog:OPENED:c-1, conf=-1: [9fc6c589-e101-4b7c-8c44-590da935f0a3|rpc:10.1.0.60:37269|priority:0, 109b74c6-5970-42d9-b999-0985bb35528b|rpc:10.1.0.60:34259|priority:1, c189953c-19e1-459b-9255-7173c2cde622|rpc:10.1.0.60:39667|priority:0], old=null
2022-01-24 18:05:12,294 [9fc6c589-e101-4b7c-8c44-590da935f0a3@group-A7FA955D15D6-LeaderElection42] INFO  impl.LeaderElection (LeaderElection.java:logAndReturn(89)) - 9fc6c589-e101-4b7c-8c44-590da935f0a3@group-A7FA955D15D6-LeaderElection42: ELECTION REJECTED received 2 response(s) and 0 exception(s):
2022-01-24 18:05:12,294 [9fc6c589-e101-4b7c-8c44-590da935f0a3@group-A7FA955D15D6-LeaderElection42] INFO  impl.LeaderElection (LeaderElection.java:logAndReturn(93)) -   Response 0: 9fc6c589-e101-4b7c-8c44-590da935f0a3<-109b74c6-5970-42d9-b999-0985bb35528b#0:FAIL-t1
2022-01-24 18:05:12,294 [9fc6c589-e101-4b7c-8c44-590da935f0a3@group-A7FA955D15D6-LeaderElection42] INFO  impl.LeaderElection (LeaderElection.java:logAndReturn(93)) -   Response 1: 9fc6c589-e101-4b7c-8c44-590da935f0a3<-c189953c-19e1-459b-9255-7173c2cde622#0:OK-t1
2022-01-24 18:05:12,294 [9fc6c589-e101-4b7c-8c44-590da935f0a3@group-A7FA955D15D6-LeaderElection42] INFO  impl.LeaderElection (LeaderElection.java:askForVotes(308)) - 9fc6c589-e101-4b7c-8c44-590da935f0a3@group-A7FA955D15D6-LeaderElection42 ELECTION round 0: result REJECTED
2022-01-24 18:05:12,294 [9fc6c589-e101-4b7c-8c44-590da935f0a3@group-A7FA955D15D6-LeaderElection42] INFO  server.RaftServer$Division (RaftServerImpl.java:setRole(290)) - 9fc6c589-e101-4b7c-8c44-590da935f0a3@group-A7FA955D15D6: changes role from CANDIDATE to FOLLOWER at term 1 for REJECTED
2022-01-24 18:05:12,294 [9fc6c589-e101-4b7c-8c44-590da935f0a3@group-A7FA955D15D6-LeaderElection42] INFO  impl.RoleInfo (RoleInfo.java:shutdownLeaderElection(121)) - 9fc6c589-e101-4b7c-8c44-590da935f0a3: shutdown 9fc6c589-e101-4b7c-8c44-590da935f0a3@group-A7FA955D15D6-LeaderElection42
2022-01-24 18:05:12,294 [9fc6c589-e101-4b7c-8c44-590da935f0a3@group-A7FA955D15D6-LeaderElection42] INFO  impl.RoleInfo (RoleInfo.java:updateAndGet(130)) - 9fc6c589-e101-4b7c-8c44-590da935f0a3: start 9fc6c589-e101-4b7c-8c44-590da935f0a3@group-A7FA955D15D6-FollowerState
2022-01-24 18:05:12,564 [9fc6c589-e101-4b7c-8c44-590da935f0a3@group-ED5D685313BC-FollowerState] INFO  impl.FollowerState (FollowerState.java:run(134)) - 9fc6c589-e101-4b7c-8c44-590da935f0a3@group-ED5D685313BC-FollowerState: change to CANDIDATE, lastRpcElapsedTime:5207688975ns, electionTimeout:5174ms
2022-01-24 18:05:12,564 [9fc6c589-e101-4b7c-8c44-590da935f0a3@group-ED5D685313BC-FollowerState] INFO  impl.RoleInfo (RoleInfo.java:shutdownFollowerState(108)) - 9fc6c589-e101-4b7c-8c44-590da935f0a3: shutdown 9fc6c589-e101-4b7c-8c44-590da935f0a3@group-ED5D685313BC-FollowerState
2022-01-24 18:05:12,564 [9fc6c589-e101-4b7c-8c44-590da935f0a3@group-ED5D685313BC-FollowerState] INFO  server.RaftServer$Division (RaftServerImpl.java:setRole(290)) - 9fc6c589-e101-4b7c-8c44-590da935f0a3@group-ED5D685313BC: changes role from  FOLLOWER to CANDIDATE at term 0 for changeToCandidate
2022-01-24 18:05:12,564 [9fc6c589-e101-4b7c-8c44-590da935f0a3@group-ED5D685313BC-FollowerState] INFO  server.RaftServerConfigKeys (ConfUtils.java:logGet(44)) - raft.server.leaderelection.pre-vote = false (custom)
2022-01-24 18:05:12,564 [9fc6c589-e101-4b7c-8c44-590da935f0a3@group-ED5D685313BC-FollowerState] INFO  impl.RoleInfo (RoleInfo.java:updateAndGet(130)) - 9fc6c589-e101-4b7c-8c44-590da935f0a3: start 9fc6c589-e101-4b7c-8c44-590da935f0a3@group-ED5D685313BC-LeaderElection43
2022-01-24 18:05:12,581 [9fc6c589-e101-4b7c-8c44-590da935f0a3@group-ED5D685313BC-LeaderElection43] INFO  impl.LeaderElection (LeaderElection.java:askForVotes(306)) - 9fc6c589-e101-4b7c-8c44-590da935f0a3@group-ED5D685313BC-LeaderElection43 ELECTION round 0: submit vote requests at term 1 for -1: [9fc6c589-e101-4b7c-8c44-590da935f0a3|rpc:10.1.0.60:37269|priority:1], old=null
2022-01-24 18:05:12,581 [9fc6c589-e101-4b7c-8c44-590da935f0a3@group-ED5D685313BC-LeaderElection43] INFO  impl.LeaderElection (LeaderElection.java:askForVotes(308)) - 9fc6c589-e101-4b7c-8c44-590da935f0a3@group-ED5D685313BC-LeaderElection43 ELECTION round 0: result PASSED (term=1)
2022-01-24 18:05:12,581 [9fc6c589-e101-4b7c-8c44-590da935f0a3@group-ED5D685313BC-LeaderElection43] INFO  impl.RoleInfo (RoleInfo.java:shutdownLeaderElection(121)) - 9fc6c589-e101-4b7c-8c44-590da935f0a3: shutdown 9fc6c589-e101-4b7c-8c44-590da935f0a3@group-ED5D685313BC-LeaderElection43
2022-01-24 18:05:12,581 [9fc6c589-e101-4b7c-8c44-590da935f0a3@group-ED5D685313BC-LeaderElection43] INFO  server.RaftServer$Division (RaftServerImpl.java:setRole(290)) - 9fc6c589-e101-4b7c-8c44-590da935f0a3@group-ED5D685313BC: changes role from CANDIDATE to LEADER at term 1 for changeToLeader
2022-01-24 18:05:12,581 [9fc6c589-e101-4b7c-8c44-590da935f0a3@group-ED5D685313BC-LeaderElection43] INFO  ratis.XceiverServerRatis (XceiverServerRatis.java:handleLeaderChangedNotification(866)) - Leader change notification received for group: group-ED5D685313BC with new leaderId: 9fc6c589-e101-4b7c-8c44-590da935f0a3
2022-01-24 18:05:12,581 [9fc6c589-e101-4b7c-8c44-590da935f0a3@group-ED5D685313BC-LeaderElection43] INFO  server.RaftServer$Division (ServerState.java:setLeader(285)) - 9fc6c589-e101-4b7c-8c44-590da935f0a3@group-ED5D685313BC: change Leader from null to 9fc6c589-e101-4b7c-8c44-590da935f0a3 at term 1 for becomeLeader, leader elected after 5288ms
2022-01-24 18:05:12,581 [9fc6c589-e101-4b7c-8c44-590da935f0a3@group-ED5D685313BC-LeaderElection43] INFO  server.RaftServerConfigKeys (ConfUtils.java:logGet(44)) - raft.server.staging.catchup.gap = 1000 (default)
2022-01-24 18:05:12,581 [9fc6c589-e101-4b7c-8c44-590da935f0a3@group-ED5D685313BC-LeaderElection43] INFO  server.RaftServerConfigKeys (ConfUtils.java:logGet(44)) - raft.server.write.element-limit = 1024 (custom)
2022-01-24 18:05:12,582 [9fc6c589-e101-4b7c-8c44-590da935f0a3@group-ED5D685313BC-LeaderElection43] INFO  server.RaftServerConfigKeys (ConfUtils.java:logGet(44)) - raft.server.write.byte-limit = 1024 M (=1073741824) (custom)
2022-01-24 18:05:12,582 [9fc6c589-e101-4b7c-8c44-590da935f0a3@group-ED5D685313BC-LeaderElection43] INFO  server.RaftServerConfigKeys (ConfUtils.java:logGet(44)) - raft.server.watch.timeout = 3000ms (custom)
2022-01-24 18:05:12,582 [9fc6c589-e101-4b7c-8c44-590da935f0a3@group-ED5D685313BC-LeaderElection43] INFO  server.RaftServerConfigKeys (ConfUtils.java:logGet(44)) - raft.server.watch.timeout.denomination = 1s (default)
2022-01-24 18:05:12,582 [9fc6c589-e101-4b7c-8c44-590da935f0a3@group-ED5D685313BC-LeaderElection43] INFO  server.RaftServerConfigKeys (ConfUtils.java:logGet(44)) - raft.server.watch.element-limit = 65536 (default)
2022-01-24 18:05:12,582 [9fc6c589-e101-4b7c-8c44-590da935f0a3@group-ED5D685313BC-LeaderElection43] INFO  server.RaftServerConfigKeys (ConfUtils.java:logGet(44)) - raft.server.write.element-limit = 1024 (custom)
2022-01-24 18:05:12,582 [9fc6c589-e101-4b7c-8c44-590da935f0a3@group-ED5D685313BC-LeaderElection43] INFO  server.RaftServerConfigKeys (ConfUtils.java:logGet(44)) - raft.server.write.follower.gap.ratio.max = -1.0 (default)
2022-01-24 18:05:12,582 [9fc6c589-e101-4b7c-8c44-590da935f0a3@group-ED5D685313BC-LeaderElection43] INFO  impl.RoleInfo (RoleInfo.java:updateAndGet(130)) - 9fc6c589-e101-4b7c-8c44-590da935f0a3: start 9fc6c589-e101-4b7c-8c44-590da935f0a3@group-ED5D685313BC-LeaderStateImpl
2022-01-24 18:05:12,582 [9fc6c589-e101-4b7c-8c44-590da935f0a3@group-ED5D685313BC-LeaderElection43] INFO  segmented.SegmentedRaftLogWorker (SegmentedRaftLogWorker.java:startLogSegment(394)) - 9fc6c589-e101-4b7c-8c44-590da935f0a3@group-ED5D685313BC-SegmentedRaftLogWorker: Starting segment from index:0
2022-01-24 18:05:12,587 [EventQueue-OpenPipelineForHealthyPipelineSafeModeRule] INFO  safemode.SCMSafeModeManager (HealthyPipelineSafeModeRule.java:process(124)) - SCM in safe mode. Healthy pipelines reported count is 0, required healthy pipeline reported count is 1
2022-01-24 18:05:12,588 [9fc6c589-e101-4b7c-8c44-590da935f0a3@group-ED5D685313BC-SegmentedRaftLogWorker] INFO  segmented.SegmentedRaftLogWorker (SegmentedRaftLogWorker.java:execute(601)) - 9fc6c589-e101-4b7c-8c44-590da935f0a3@group-ED5D685313BC-SegmentedRaftLogWorker: created new log segment /home/runner/work/ozone/ozone/hadoop-ozone/integration-test/target/test-dir/MiniOzoneClusterImpl-aa639c69-f9d2-45b5-aeae-2a5a4e0b395a/datanode-4/data/ratis/95dc3e0a-a7e4-413d-8895-ed5d685313bc/current/log_inprogress_0
2022-01-24 18:05:12,609 [9fc6c589-e101-4b7c-8c44-590da935f0a3@group-ED5D685313BC-LeaderElection43] INFO  server.RaftServer$Division (ServerState.java:setRaftConf(387)) - 9fc6c589-e101-4b7c-8c44-590da935f0a3@group-ED5D685313BC: set configuration 0: [9fc6c589-e101-4b7c-8c44-590da935f0a3|rpc:10.1.0.60:37269|dataStream:|priority:1], old=null
2022-01-24 18:05:12,951 [c189953c-19e1-459b-9255-7173c2cde622@group-72A1C0F567BA-FollowerState] INFO  impl.FollowerState (FollowerState.java:run(134)) - c189953c-19e1-459b-9255-7173c2cde622@group-72A1C0F567BA-FollowerState: change to CANDIDATE, lastRpcElapsedTime:5180884736ns, electionTimeout:5166ms
2022-01-24 18:05:12,951 [c189953c-19e1-459b-9255-7173c2cde622@group-72A1C0F567BA-FollowerState] INFO  impl.RoleInfo (RoleInfo.java:shutdownFollowerState(108)) - c189953c-19e1-459b-9255-7173c2cde622: shutdown c189953c-19e1-459b-9255-7173c2cde622@group-72A1C0F567BA-FollowerState
2022-01-24 18:05:12,951 [c189953c-19e1-459b-9255-7173c2cde622@group-72A1C0F567BA-FollowerState] INFO  server.RaftServer$Division (RaftServerImpl.java:setRole(290)) - c189953c-19e1-459b-9255-7173c2cde622@group-72A1C0F567BA: changes role from  FOLLOWER to CANDIDATE at term 0 for changeToCandidate
2022-01-24 18:05:12,953 [c189953c-19e1-459b-9255-7173c2cde622@group-72A1C0F567BA-FollowerState] INFO  server.RaftServerConfigKeys (ConfUtils.java:logGet(44)) - raft.server.leaderelection.pre-vote = false (custom)
2022-01-24 18:05:12,953 [c189953c-19e1-459b-9255-7173c2cde622@group-72A1C0F567BA-FollowerState] INFO  impl.RoleInfo (RoleInfo.java:updateAndGet(130)) - c189953c-19e1-459b-9255-7173c2cde622: start c189953c-19e1-459b-9255-7173c2cde622@group-72A1C0F567BA-LeaderElection44
2022-01-24 18:05:12,983 [c189953c-19e1-459b-9255-7173c2cde622@group-72A1C0F567BA-LeaderElection44] INFO  impl.LeaderElection (LeaderElection.java:askForVotes(306)) - c189953c-19e1-459b-9255-7173c2cde622@group-72A1C0F567BA-LeaderElection44 ELECTION round 0: submit vote requests at term 1 for -1: [c189953c-19e1-459b-9255-7173c2cde622|rpc:10.1.0.60:39667|priority:1], old=null
2022-01-24 18:05:12,983 [c189953c-19e1-459b-9255-7173c2cde622@group-72A1C0F567BA-LeaderElection44] INFO  impl.LeaderElection (LeaderElection.java:askForVotes(308)) - c189953c-19e1-459b-9255-7173c2cde622@group-72A1C0F567BA-LeaderElection44 ELECTION round 0: result PASSED (term=1)
2022-01-24 18:05:12,983 [c189953c-19e1-459b-9255-7173c2cde622@group-72A1C0F567BA-LeaderElection44] INFO  impl.RoleInfo (RoleInfo.java:shutdownLeaderElection(121)) - c189953c-19e1-459b-9255-7173c2cde622: shutdown c189953c-19e1-459b-9255-7173c2cde622@group-72A1C0F567BA-LeaderElection44
2022-01-24 18:05:12,983 [c189953c-19e1-459b-9255-7173c2cde622@group-72A1C0F567BA-LeaderElection44] INFO  server.RaftServer$Division (RaftServerImpl.java:setRole(290)) - c189953c-19e1-459b-9255-7173c2cde622@group-72A1C0F567BA: changes role from CANDIDATE to LEADER at term 1 for changeToLeader
2022-01-24 18:05:12,984 [c189953c-19e1-459b-9255-7173c2cde622@group-72A1C0F567BA-LeaderElection44] INFO  ratis.XceiverServerRatis (XceiverServerRatis.java:handleLeaderChangedNotification(866)) - Leader change notification received for group: group-72A1C0F567BA with new leaderId: c189953c-19e1-459b-9255-7173c2cde622
2022-01-24 18:05:12,984 [c189953c-19e1-459b-9255-7173c2cde622@group-72A1C0F567BA-LeaderElection44] INFO  server.RaftServer$Division (ServerState.java:setLeader(285)) - c189953c-19e1-459b-9255-7173c2cde622@group-72A1C0F567BA: change Leader from null to c189953c-19e1-459b-9255-7173c2cde622 at term 1 for becomeLeader, leader elected after 5233ms
2022-01-24 18:05:12,984 [c189953c-19e1-459b-9255-7173c2cde622@group-72A1C0F567BA-LeaderElection44] INFO  server.RaftServerConfigKeys (ConfUtils.java:logGet(44)) - raft.server.staging.catchup.gap = 1000 (default)
2022-01-24 18:05:12,984 [c189953c-19e1-459b-9255-7173c2cde622@group-72A1C0F567BA-LeaderElection44] INFO  server.RaftServerConfigKeys (ConfUtils.java:logGet(44)) - raft.server.write.element-limit = 1024 (custom)
2022-01-24 18:05:12,984 [c189953c-19e1-459b-9255-7173c2cde622@group-72A1C0F567BA-LeaderElection44] INFO  server.RaftServerConfigKeys (ConfUtils.java:logGet(44)) - raft.server.write.byte-limit = 1024 M (=1073741824) (custom)
2022-01-24 18:05:12,985 [c189953c-19e1-459b-9255-7173c2cde622@group-72A1C0F567BA-LeaderElection44] INFO  server.RaftServerConfigKeys (ConfUtils.java:logGet(44)) - raft.server.watch.timeout = 3000ms (custom)
2022-01-24 18:05:12,985 [c189953c-19e1-459b-9255-7173c2cde622@group-72A1C0F567BA-LeaderElection44] INFO  server.RaftServerConfigKeys (ConfUtils.java:logGet(44)) - raft.server.watch.timeout.denomination = 1s (default)
2022-01-24 18:05:12,985 [c189953c-19e1-459b-9255-7173c2cde622@group-72A1C0F567BA-LeaderElection44] INFO  server.RaftServerConfigKeys (ConfUtils.java:logGet(44)) - raft.server.watch.element-limit = 65536 (default)
2022-01-24 18:05:12,985 [c189953c-19e1-459b-9255-7173c2cde622@group-72A1C0F567BA-LeaderElection44] INFO  server.RaftServerConfigKeys (ConfUtils.java:logGet(44)) - raft.server.write.element-limit = 1024 (custom)
2022-01-24 18:05:12,985 [c189953c-19e1-459b-9255-7173c2cde622@group-72A1C0F567BA-LeaderElection44] INFO  server.RaftServerConfigKeys (ConfUtils.java:logGet(44)) - raft.server.write.follower.gap.ratio.max = -1.0 (default)
2022-01-24 18:05:12,985 [c189953c-19e1-459b-9255-7173c2cde622@group-72A1C0F567BA-LeaderElection44] INFO  impl.RoleInfo (RoleInfo.java:updateAndGet(130)) - c189953c-19e1-459b-9255-7173c2cde622: start c189953c-19e1-459b-9255-7173c2cde622@group-72A1C0F567BA-LeaderStateImpl
2022-01-24 18:05:12,986 [c189953c-19e1-459b-9255-7173c2cde622@group-72A1C0F567BA-LeaderElection44] INFO  segmented.SegmentedRaftLogWorker (SegmentedRaftLogWorker.java:startLogSegment(394)) - c189953c-19e1-459b-9255-7173c2cde622@group-72A1C0F567BA-SegmentedRaftLogWorker: Starting segment from index:0
2022-01-24 18:05:12,987 [EventQueue-OpenPipelineForHealthyPipelineSafeModeRule] INFO  safemode.SCMSafeModeManager (HealthyPipelineSafeModeRule.java:process(124)) - SCM in safe mode. Healthy pipelines reported count is 0, required healthy pipeline reported count is 1
2022-01-24 18:05:12,987 [c189953c-19e1-459b-9255-7173c2cde622@group-72A1C0F567BA-SegmentedRaftLogWorker] INFO  segmented.SegmentedRaftLogWorker (SegmentedRaftLogWorker.java:execute(601)) - c189953c-19e1-459b-9255-7173c2cde622@group-72A1C0F567BA-SegmentedRaftLogWorker: created new log segment /home/runner/work/ozone/ozone/hadoop-ozone/integration-test/target/test-dir/MiniOzoneClusterImpl-aa639c69-f9d2-45b5-aeae-2a5a4e0b395a/datanode-5/data/ratis/34baea22-c562-449f-90d1-72a1c0f567ba/current/log_inprogress_0
2022-01-24 18:05:13,021 [c189953c-19e1-459b-9255-7173c2cde622@group-72A1C0F567BA-LeaderElection44] INFO  server.RaftServer$Division (ServerState.java:setRaftConf(387)) - c189953c-19e1-459b-9255-7173c2cde622@group-72A1C0F567BA: set configuration 0: [c189953c-19e1-459b-9255-7173c2cde622|rpc:10.1.0.60:39667|dataStream:|priority:1], old=null
2022-01-24 18:05:13,147 [Listener at 127.0.0.1/42611] INFO  ozone.MiniOzoneClusterImpl (MiniOzoneClusterImpl.java:lambda$waitForClusterToBeReady$0(219)) - Nodes are ready. Got 7 of 7 DN Heartbeats.
2022-01-24 18:05:13,147 [Listener at 127.0.0.1/42611] INFO  ozone.MiniOzoneClusterImpl (MiniOzoneClusterImpl.java:lambda$waitForClusterToBeReady$0(222)) - Waiting for cluster to exit safe mode
2022-01-24 18:05:13,147 [Listener at 127.0.0.1/42611] INFO  ozone.MiniOzoneClusterImpl (MiniOzoneClusterImpl.java:lambda$waitForClusterToBeReady$0(224)) - SCM became leader
2022-01-24 18:05:13,402 [1a3114de-e112-4498-a6aa-be6295599880@group-06AFDE8A5C6D-FollowerState] INFO  impl.FollowerState (FollowerState.java:run(134)) - 1a3114de-e112-4498-a6aa-be6295599880@group-06AFDE8A5C6D-FollowerState: change to CANDIDATE, lastRpcElapsedTime:5145548936ns, electionTimeout:5138ms
2022-01-24 18:05:13,402 [1a3114de-e112-4498-a6aa-be6295599880@group-06AFDE8A5C6D-FollowerState] INFO  impl.RoleInfo (RoleInfo.java:shutdownFollowerState(108)) - 1a3114de-e112-4498-a6aa-be6295599880: shutdown 1a3114de-e112-4498-a6aa-be6295599880@group-06AFDE8A5C6D-FollowerState
2022-01-24 18:05:13,402 [1a3114de-e112-4498-a6aa-be6295599880@group-06AFDE8A5C6D-FollowerState] INFO  server.RaftServer$Division (RaftServerImpl.java:setRole(290)) - 1a3114de-e112-4498-a6aa-be6295599880@group-06AFDE8A5C6D: changes role from  FOLLOWER to CANDIDATE at term 0 for changeToCandidate
2022-01-24 18:05:13,407 [1a3114de-e112-4498-a6aa-be6295599880@group-06AFDE8A5C6D-FollowerState] INFO  server.RaftServerConfigKeys (ConfUtils.java:logGet(44)) - raft.server.leaderelection.pre-vote = false (custom)
2022-01-24 18:05:13,408 [1a3114de-e112-4498-a6aa-be6295599880@group-06AFDE8A5C6D-FollowerState] INFO  impl.RoleInfo (RoleInfo.java:updateAndGet(130)) - 1a3114de-e112-4498-a6aa-be6295599880: start 1a3114de-e112-4498-a6aa-be6295599880@group-06AFDE8A5C6D-LeaderElection45
2022-01-24 18:05:13,442 [1a3114de-e112-4498-a6aa-be6295599880@group-06AFDE8A5C6D-LeaderElection45] INFO  impl.LeaderElection (LeaderElection.java:askForVotes(306)) - 1a3114de-e112-4498-a6aa-be6295599880@group-06AFDE8A5C6D-LeaderElection45 ELECTION round 0: submit vote requests at term 1 for -1: [1a3114de-e112-4498-a6aa-be6295599880|rpc:10.1.0.60:37371|priority:1], old=null
2022-01-24 18:05:13,442 [1a3114de-e112-4498-a6aa-be6295599880@group-06AFDE8A5C6D-LeaderElection45] INFO  impl.LeaderElection (LeaderElection.java:askForVotes(308)) - 1a3114de-e112-4498-a6aa-be6295599880@group-06AFDE8A5C6D-LeaderElection45 ELECTION round 0: result PASSED (term=1)
2022-01-24 18:05:13,442 [1a3114de-e112-4498-a6aa-be6295599880@group-06AFDE8A5C6D-LeaderElection45] INFO  impl.RoleInfo (RoleInfo.java:shutdownLeaderElection(121)) - 1a3114de-e112-4498-a6aa-be6295599880: shutdown 1a3114de-e112-4498-a6aa-be6295599880@group-06AFDE8A5C6D-LeaderElection45
2022-01-24 18:05:13,442 [1a3114de-e112-4498-a6aa-be6295599880@group-06AFDE8A5C6D-LeaderElection45] INFO  server.RaftServer$Division (RaftServerImpl.java:setRole(290)) - 1a3114de-e112-4498-a6aa-be6295599880@group-06AFDE8A5C6D: changes role from CANDIDATE to LEADER at term 1 for changeToLeader
2022-01-24 18:05:13,449 [1a3114de-e112-4498-a6aa-be6295599880@group-06AFDE8A5C6D-LeaderElection45] INFO  ratis.XceiverServerRatis (XceiverServerRatis.java:handleLeaderChangedNotification(866)) - Leader change notification received for group: group-06AFDE8A5C6D with new leaderId: 1a3114de-e112-4498-a6aa-be6295599880
2022-01-24 18:05:13,449 [1a3114de-e112-4498-a6aa-be6295599880@group-06AFDE8A5C6D-LeaderElection45] INFO  server.RaftServer$Division (ServerState.java:setLeader(285)) - 1a3114de-e112-4498-a6aa-be6295599880@group-06AFDE8A5C6D: change Leader from null to 1a3114de-e112-4498-a6aa-be6295599880 at term 1 for becomeLeader, leader elected after 5206ms
2022-01-24 18:05:13,449 [1a3114de-e112-4498-a6aa-be6295599880@group-06AFDE8A5C6D-LeaderElection45] INFO  server.RaftServerConfigKeys (ConfUtils.java:logGet(44)) - raft.server.staging.catchup.gap = 1000 (default)
2022-01-24 18:05:13,449 [1a3114de-e112-4498-a6aa-be6295599880@group-06AFDE8A5C6D-LeaderElection45] INFO  server.RaftServerConfigKeys (ConfUtils.java:logGet(44)) - raft.server.write.element-limit = 1024 (custom)
2022-01-24 18:05:13,449 [1a3114de-e112-4498-a6aa-be6295599880@group-06AFDE8A5C6D-LeaderElection45] INFO  server.RaftServerConfigKeys (ConfUtils.java:logGet(44)) - raft.server.write.byte-limit = 1024 M (=1073741824) (custom)
2022-01-24 18:05:13,450 [1a3114de-e112-4498-a6aa-be6295599880@group-06AFDE8A5C6D-LeaderElection45] INFO  server.RaftServerConfigKeys (ConfUtils.java:logGet(44)) - raft.server.watch.timeout = 3000ms (custom)
2022-01-24 18:05:13,450 [1a3114de-e112-4498-a6aa-be6295599880@group-06AFDE8A5C6D-LeaderElection45] INFO  server.RaftServerConfigKeys (ConfUtils.java:logGet(44)) - raft.server.watch.timeout.denomination = 1s (default)
2022-01-24 18:05:13,450 [1a3114de-e112-4498-a6aa-be6295599880@group-06AFDE8A5C6D-LeaderElection45] INFO  server.RaftServerConfigKeys (ConfUtils.java:logGet(44)) - raft.server.watch.element-limit = 65536 (default)
2022-01-24 18:05:13,450 [1a3114de-e112-4498-a6aa-be6295599880@group-06AFDE8A5C6D-LeaderElection45] INFO  server.RaftServerConfigKeys (ConfUtils.java:logGet(44)) - raft.server.write.element-limit = 1024 (custom)
2022-01-24 18:05:13,450 [1a3114de-e112-4498-a6aa-be6295599880@group-06AFDE8A5C6D-LeaderElection45] INFO  server.RaftServerConfigKeys (ConfUtils.java:logGet(44)) - raft.server.write.follower.gap.ratio.max = -1.0 (default)
2022-01-24 18:05:13,450 [1a3114de-e112-4498-a6aa-be6295599880@group-06AFDE8A5C6D-LeaderElection45] INFO  impl.RoleInfo (RoleInfo.java:updateAndGet(130)) - 1a3114de-e112-4498-a6aa-be6295599880: start 1a3114de-e112-4498-a6aa-be6295599880@group-06AFDE8A5C6D-LeaderStateImpl
2022-01-24 18:05:13,450 [1a3114de-e112-4498-a6aa-be6295599880@group-06AFDE8A5C6D-LeaderElection45] INFO  segmented.SegmentedRaftLogWorker (SegmentedRaftLogWorker.java:startLogSegment(394)) - 1a3114de-e112-4498-a6aa-be6295599880@group-06AFDE8A5C6D-SegmentedRaftLogWorker: Starting segment from index:0
2022-01-24 18:05:13,458 [EventQueue-OpenPipelineForHealthyPipelineSafeModeRule] INFO  safemode.SCMSafeModeManager (HealthyPipelineSafeModeRule.java:process(124)) - SCM in safe mode. Healthy pipelines reported count is 0, required healthy pipeline reported count is 1
2022-01-24 18:05:13,469 [1a3114de-e112-4498-a6aa-be6295599880@group-06AFDE8A5C6D-SegmentedRaftLogWorker] INFO  segmented.SegmentedRaftLogWorker (SegmentedRaftLogWorker.java:execute(601)) - 1a3114de-e112-4498-a6aa-be6295599880@group-06AFDE8A5C6D-SegmentedRaftLogWorker: created new log segment /home/runner/work/ozone/ozone/hadoop-ozone/integration-test/target/test-dir/MiniOzoneClusterImpl-aa639c69-f9d2-45b5-aeae-2a5a4e0b395a/datanode-6/data/ratis/32e0c549-a84c-428f-9ab8-06afde8a5c6d/current/log_inprogress_0
2022-01-24 18:05:13,470 [1a3114de-e112-4498-a6aa-be6295599880@group-06AFDE8A5C6D-LeaderElection45] INFO  server.RaftServer$Division (ServerState.java:setRaftConf(387)) - 1a3114de-e112-4498-a6aa-be6295599880@group-06AFDE8A5C6D: set configuration 0: [1a3114de-e112-4498-a6aa-be6295599880|rpc:10.1.0.60:37371|dataStream:|priority:1], old=null
2022-01-24 18:05:14,148 [Listener at 127.0.0.1/42611] INFO  ozone.MiniOzoneClusterImpl (MiniOzoneClusterImpl.java:lambda$waitForClusterToBeReady$0(219)) - Nodes are ready. Got 7 of 7 DN Heartbeats.
2022-01-24 18:05:14,148 [Listener at 127.0.0.1/42611] INFO  ozone.MiniOzoneClusterImpl (MiniOzoneClusterImpl.java:lambda$waitForClusterToBeReady$0(222)) - Waiting for cluster to exit safe mode
2022-01-24 18:05:14,148 [Listener at 127.0.0.1/42611] INFO  ozone.MiniOzoneClusterImpl (MiniOzoneClusterImpl.java:lambda$waitForClusterToBeReady$0(224)) - SCM became leader
2022-01-24 18:05:15,148 [Listener at 127.0.0.1/42611] INFO  ozone.MiniOzoneClusterImpl (MiniOzoneClusterImpl.java:lambda$waitForClusterToBeReady$0(219)) - Nodes are ready. Got 7 of 7 DN Heartbeats.
2022-01-24 18:05:15,148 [Listener at 127.0.0.1/42611] INFO  ozone.MiniOzoneClusterImpl (MiniOzoneClusterImpl.java:lambda$waitForClusterToBeReady$0(222)) - Waiting for cluster to exit safe mode
2022-01-24 18:05:15,148 [Listener at 127.0.0.1/42611] INFO  ozone.MiniOzoneClusterImpl (MiniOzoneClusterImpl.java:lambda$waitForClusterToBeReady$0(224)) - SCM became leader
2022-01-24 18:05:15,392 [1c5e7e03-d60e-4e29-906a-a7b7ae931ec0@group-16119EBFA722-FollowerState] INFO  impl.FollowerState (FollowerState.java:run(134)) - 1c5e7e03-d60e-4e29-906a-a7b7ae931ec0@group-16119EBFA722-FollowerState: change to CANDIDATE, lastRpcElapsedTime:5154626850ns, electionTimeout:5141ms
2022-01-24 18:05:15,393 [1c5e7e03-d60e-4e29-906a-a7b7ae931ec0@group-16119EBFA722-FollowerState] INFO  impl.RoleInfo (RoleInfo.java:shutdownFollowerState(108)) - 1c5e7e03-d60e-4e29-906a-a7b7ae931ec0: shutdown 1c5e7e03-d60e-4e29-906a-a7b7ae931ec0@group-16119EBFA722-FollowerState
2022-01-24 18:05:15,393 [1c5e7e03-d60e-4e29-906a-a7b7ae931ec0@group-16119EBFA722-FollowerState] INFO  server.RaftServer$Division (RaftServerImpl.java:setRole(290)) - 1c5e7e03-d60e-4e29-906a-a7b7ae931ec0@group-16119EBFA722: changes role from  FOLLOWER to CANDIDATE at term 1 for changeToCandidate
2022-01-24 18:05:15,393 [1c5e7e03-d60e-4e29-906a-a7b7ae931ec0@group-16119EBFA722-FollowerState] INFO  server.RaftServerConfigKeys (ConfUtils.java:logGet(44)) - raft.server.leaderelection.pre-vote = false (custom)
2022-01-24 18:05:15,393 [1c5e7e03-d60e-4e29-906a-a7b7ae931ec0@group-16119EBFA722-FollowerState] INFO  impl.RoleInfo (RoleInfo.java:updateAndGet(130)) - 1c5e7e03-d60e-4e29-906a-a7b7ae931ec0: start 1c5e7e03-d60e-4e29-906a-a7b7ae931ec0@group-16119EBFA722-LeaderElection46
2022-01-24 18:05:15,398 [08efc83e-84e2-40a1-a562-910b2e2f8a64@group-16119EBFA722-FollowerState] INFO  impl.FollowerState (FollowerState.java:run(134)) - 08efc83e-84e2-40a1-a562-910b2e2f8a64@group-16119EBFA722-FollowerState: change to CANDIDATE, lastRpcElapsedTime:5137151716ns, electionTimeout:5127ms
2022-01-24 18:05:15,398 [08efc83e-84e2-40a1-a562-910b2e2f8a64@group-16119EBFA722-FollowerState] INFO  impl.RoleInfo (RoleInfo.java:shutdownFollowerState(108)) - 08efc83e-84e2-40a1-a562-910b2e2f8a64: shutdown 08efc83e-84e2-40a1-a562-910b2e2f8a64@group-16119EBFA722-FollowerState
2022-01-24 18:05:15,398 [08efc83e-84e2-40a1-a562-910b2e2f8a64@group-16119EBFA722-FollowerState] INFO  server.RaftServer$Division (RaftServerImpl.java:setRole(290)) - 08efc83e-84e2-40a1-a562-910b2e2f8a64@group-16119EBFA722: changes role from  FOLLOWER to CANDIDATE at term 1 for changeToCandidate
2022-01-24 18:05:15,398 [08efc83e-84e2-40a1-a562-910b2e2f8a64@group-16119EBFA722-FollowerState] INFO  server.RaftServerConfigKeys (ConfUtils.java:logGet(44)) - raft.server.leaderelection.pre-vote = false (custom)
2022-01-24 18:05:15,398 [08efc83e-84e2-40a1-a562-910b2e2f8a64@group-16119EBFA722-FollowerState] INFO  impl.RoleInfo (RoleInfo.java:updateAndGet(130)) - 08efc83e-84e2-40a1-a562-910b2e2f8a64: start 08efc83e-84e2-40a1-a562-910b2e2f8a64@group-16119EBFA722-LeaderElection47
2022-01-24 18:05:15,414 [08efc83e-84e2-40a1-a562-910b2e2f8a64@group-16119EBFA722-LeaderElection47] INFO  impl.LeaderElection (LeaderElection.java:askForVotes(306)) - 08efc83e-84e2-40a1-a562-910b2e2f8a64@group-16119EBFA722-LeaderElection47 ELECTION round 0: submit vote requests at term 2 for -1: [1c5e7e03-d60e-4e29-906a-a7b7ae931ec0|rpc:10.1.0.60:37847|dataStream:|priority:0, 08efc83e-84e2-40a1-a562-910b2e2f8a64|rpc:10.1.0.60:33205|dataStream:|priority:1, 40200fd9-271f-46a5-82e6-85afe20bb727|rpc:10.1.0.60:33665|dataStream:|priority:0], old=null
2022-01-24 18:05:15,423 [1c5e7e03-d60e-4e29-906a-a7b7ae931ec0@group-16119EBFA722-LeaderElection46] INFO  impl.LeaderElection (LeaderElection.java:askForVotes(306)) - 1c5e7e03-d60e-4e29-906a-a7b7ae931ec0@group-16119EBFA722-LeaderElection46 ELECTION round 0: submit vote requests at term 2 for -1: [1c5e7e03-d60e-4e29-906a-a7b7ae931ec0|rpc:10.1.0.60:37847|dataStream:|priority:0, 08efc83e-84e2-40a1-a562-910b2e2f8a64|rpc:10.1.0.60:33205|dataStream:|priority:1, 40200fd9-271f-46a5-82e6-85afe20bb727|rpc:10.1.0.60:33665|dataStream:|priority:0], old=null
2022-01-24 18:05:15,435 [grpc-default-executor-5] INFO  server.RaftServer$Division (RaftServerImpl.java:requestVote(1046)) - 1c5e7e03-d60e-4e29-906a-a7b7ae931ec0@group-16119EBFA722: receive requestVote(ELECTION, 08efc83e-84e2-40a1-a562-910b2e2f8a64, group-16119EBFA722, 2, (t:0, i:0))
2022-01-24 18:05:15,436 [grpc-default-executor-5] INFO  impl.VoteContext (VoteContext.java:log(48)) - 1c5e7e03-d60e-4e29-906a-a7b7ae931ec0@group-16119EBFA722-CANDIDATE: reject ELECTION from 08efc83e-84e2-40a1-a562-910b2e2f8a64: already has voted for 1c5e7e03-d60e-4e29-906a-a7b7ae931ec0 at current term 2
2022-01-24 18:05:15,436 [grpc-default-executor-5] INFO  server.RaftServer$Division (RaftServerImpl.java:requestVote(1078)) - 1c5e7e03-d60e-4e29-906a-a7b7ae931ec0@group-16119EBFA722 replies to ELECTION vote request: 08efc83e-84e2-40a1-a562-910b2e2f8a64<-1c5e7e03-d60e-4e29-906a-a7b7ae931ec0#0:FAIL-t2. Peer's state: 1c5e7e03-d60e-4e29-906a-a7b7ae931ec0@group-16119EBFA722:t2, leader=null, voted=1c5e7e03-d60e-4e29-906a-a7b7ae931ec0, raftlog=1c5e7e03-d60e-4e29-906a-a7b7ae931ec0@group-16119EBFA722-SegmentedRaftLog:OPENED:c-1, conf=-1: [1c5e7e03-d60e-4e29-906a-a7b7ae931ec0|rpc:10.1.0.60:37847|dataStream:|priority:0, 08efc83e-84e2-40a1-a562-910b2e2f8a64|rpc:10.1.0.60:33205|dataStream:|priority:1, 40200fd9-271f-46a5-82e6-85afe20bb727|rpc:10.1.0.60:33665|dataStream:|priority:0], old=null
2022-01-24 18:05:15,445 [40200fd9-271f-46a5-82e6-85afe20bb727@group-16119EBFA722-FollowerState] INFO  impl.FollowerState (FollowerState.java:run(134)) - 40200fd9-271f-46a5-82e6-85afe20bb727@group-16119EBFA722-FollowerState: change to CANDIDATE, lastRpcElapsedTime:5169267763ns, electionTimeout:5160ms
2022-01-24 18:05:15,445 [40200fd9-271f-46a5-82e6-85afe20bb727@group-16119EBFA722-FollowerState] INFO  impl.RoleInfo (RoleInfo.java:shutdownFollowerState(108)) - 40200fd9-271f-46a5-82e6-85afe20bb727: shutdown 40200fd9-271f-46a5-82e6-85afe20bb727@group-16119EBFA722-FollowerState
2022-01-24 18:05:15,446 [40200fd9-271f-46a5-82e6-85afe20bb727@group-16119EBFA722-FollowerState] INFO  server.RaftServer$Division (RaftServerImpl.java:setRole(290)) - 40200fd9-271f-46a5-82e6-85afe20bb727@group-16119EBFA722: changes role from  FOLLOWER to CANDIDATE at term 1 for changeToCandidate
2022-01-24 18:05:15,457 [grpc-default-executor-5] INFO  server.RaftServer$Division (RaftServerImpl.java:requestVote(1046)) - 08efc83e-84e2-40a1-a562-910b2e2f8a64@group-16119EBFA722: receive requestVote(ELECTION, 1c5e7e03-d60e-4e29-906a-a7b7ae931ec0, group-16119EBFA722, 2, (t:0, i:0))
2022-01-24 18:05:15,457 [grpc-default-executor-5] INFO  impl.VoteContext (VoteContext.java:log(48)) - 08efc83e-84e2-40a1-a562-910b2e2f8a64@group-16119EBFA722-CANDIDATE: reject ELECTION from 1c5e7e03-d60e-4e29-906a-a7b7ae931ec0: already has voted for 08efc83e-84e2-40a1-a562-910b2e2f8a64 at current term 2
2022-01-24 18:05:15,457 [grpc-default-executor-5] INFO  server.RaftServer$Division (RaftServerImpl.java:requestVote(1078)) - 08efc83e-84e2-40a1-a562-910b2e2f8a64@group-16119EBFA722 replies to ELECTION vote request: 1c5e7e03-d60e-4e29-906a-a7b7ae931ec0<-08efc83e-84e2-40a1-a562-910b2e2f8a64#0:FAIL-t2. Peer's state: 08efc83e-84e2-40a1-a562-910b2e2f8a64@group-16119EBFA722:t2, leader=null, voted=08efc83e-84e2-40a1-a562-910b2e2f8a64, raftlog=08efc83e-84e2-40a1-a562-910b2e2f8a64@group-16119EBFA722-SegmentedRaftLog:OPENED:c-1, conf=-1: [1c5e7e03-d60e-4e29-906a-a7b7ae931ec0|rpc:10.1.0.60:37847|dataStream:|priority:0, 08efc83e-84e2-40a1-a562-910b2e2f8a64|rpc:10.1.0.60:33205|dataStream:|priority:1, 40200fd9-271f-46a5-82e6-85afe20bb727|rpc:10.1.0.60:33665|dataStream:|priority:0], old=null
2022-01-24 18:05:15,457 [grpc-default-executor-5] INFO  server.RaftServer$Division (RaftServerImpl.java:requestVote(1046)) - 40200fd9-271f-46a5-82e6-85afe20bb727@group-16119EBFA722: receive requestVote(ELECTION, 08efc83e-84e2-40a1-a562-910b2e2f8a64, group-16119EBFA722, 2, (t:0, i:0))
2022-01-24 18:05:15,467 [1c5e7e03-d60e-4e29-906a-a7b7ae931ec0@group-16119EBFA722-LeaderElection46] INFO  impl.LeaderElection (LeaderElection.java:logAndReturn(89)) - 1c5e7e03-d60e-4e29-906a-a7b7ae931ec0@group-16119EBFA722-LeaderElection46: ELECTION REJECTED received 1 response(s) and 0 exception(s):
2022-01-24 18:05:15,467 [1c5e7e03-d60e-4e29-906a-a7b7ae931ec0@group-16119EBFA722-LeaderElection46] INFO  impl.LeaderElection (LeaderElection.java:logAndReturn(93)) -   Response 0: 1c5e7e03-d60e-4e29-906a-a7b7ae931ec0<-08efc83e-84e2-40a1-a562-910b2e2f8a64#0:FAIL-t2
2022-01-24 18:05:15,467 [1c5e7e03-d60e-4e29-906a-a7b7ae931ec0@group-16119EBFA722-LeaderElection46] INFO  impl.LeaderElection (LeaderElection.java:askForVotes(308)) - 1c5e7e03-d60e-4e29-906a-a7b7ae931ec0@group-16119EBFA722-LeaderElection46 ELECTION round 0: result REJECTED
2022-01-24 18:05:15,467 [1c5e7e03-d60e-4e29-906a-a7b7ae931ec0@group-16119EBFA722-LeaderElection46] INFO  server.RaftServer$Division (RaftServerImpl.java:setRole(290)) - 1c5e7e03-d60e-4e29-906a-a7b7ae931ec0@group-16119EBFA722: changes role from CANDIDATE to FOLLOWER at term 2 for REJECTED
2022-01-24 18:05:15,467 [1c5e7e03-d60e-4e29-906a-a7b7ae931ec0@group-16119EBFA722-LeaderElection46] INFO  impl.RoleInfo (RoleInfo.java:shutdownLeaderElection(121)) - 1c5e7e03-d60e-4e29-906a-a7b7ae931ec0: shutdown 1c5e7e03-d60e-4e29-906a-a7b7ae931ec0@group-16119EBFA722-LeaderElection46
2022-01-24 18:05:15,467 [1c5e7e03-d60e-4e29-906a-a7b7ae931ec0@group-16119EBFA722-LeaderElection46] INFO  impl.RoleInfo (RoleInfo.java:updateAndGet(130)) - 1c5e7e03-d60e-4e29-906a-a7b7ae931ec0: start 1c5e7e03-d60e-4e29-906a-a7b7ae931ec0@group-16119EBFA722-FollowerState
2022-01-24 18:05:15,482 [40200fd9-271f-46a5-82e6-85afe20bb727@group-16119EBFA722-FollowerState] INFO  server.RaftServerConfigKeys (ConfUtils.java:logGet(44)) - raft.server.leaderelection.pre-vote = false (custom)
2022-01-24 18:05:15,482 [40200fd9-271f-46a5-82e6-85afe20bb727@group-16119EBFA722-FollowerState] INFO  impl.RoleInfo (RoleInfo.java:updateAndGet(130)) - 40200fd9-271f-46a5-82e6-85afe20bb727: start 40200fd9-271f-46a5-82e6-85afe20bb727@group-16119EBFA722-LeaderElection48
2022-01-24 18:05:15,490 [grpc-default-executor-5] INFO  impl.VoteContext (VoteContext.java:log(48)) - 40200fd9-271f-46a5-82e6-85afe20bb727@group-16119EBFA722-CANDIDATE: accept ELECTION from 08efc83e-84e2-40a1-a562-910b2e2f8a64: our priority 0 <= candidate's priority 1
2022-01-24 18:05:15,490 [grpc-default-executor-5] INFO  server.RaftServer$Division (RaftServerImpl.java:setRole(290)) - 40200fd9-271f-46a5-82e6-85afe20bb727@group-16119EBFA722: changes role from CANDIDATE to FOLLOWER at term 2 for candidate:08efc83e-84e2-40a1-a562-910b2e2f8a64
2022-01-24 18:05:15,490 [grpc-default-executor-5] INFO  impl.RoleInfo (RoleInfo.java:shutdownLeaderElection(121)) - 40200fd9-271f-46a5-82e6-85afe20bb727: shutdown 40200fd9-271f-46a5-82e6-85afe20bb727@group-16119EBFA722-LeaderElection48
2022-01-24 18:05:15,490 [grpc-default-executor-5] INFO  impl.RoleInfo (RoleInfo.java:updateAndGet(130)) - 40200fd9-271f-46a5-82e6-85afe20bb727: start 40200fd9-271f-46a5-82e6-85afe20bb727@group-16119EBFA722-FollowerState
2022-01-24 18:05:15,490 [40200fd9-271f-46a5-82e6-85afe20bb727@group-16119EBFA722-LeaderElection48] INFO  impl.LeaderElection (LeaderElection.java:run(230)) - 40200fd9-271f-46a5-82e6-85afe20bb727@group-16119EBFA722-LeaderElection48: skip running since this is already CLOSING
2022-01-24 18:05:15,505 [grpc-default-executor-5] INFO  server.RaftServer$Division (RaftServerImpl.java:requestVote(1078)) - 40200fd9-271f-46a5-82e6-85afe20bb727@group-16119EBFA722 replies to ELECTION vote request: 08efc83e-84e2-40a1-a562-910b2e2f8a64<-40200fd9-271f-46a5-82e6-85afe20bb727#0:OK-t2. Peer's state: 40200fd9-271f-46a5-82e6-85afe20bb727@group-16119EBFA722:t2, leader=null, voted=08efc83e-84e2-40a1-a562-910b2e2f8a64, raftlog=40200fd9-271f-46a5-82e6-85afe20bb727@group-16119EBFA722-SegmentedRaftLog:OPENED:c-1, conf=-1: [1c5e7e03-d60e-4e29-906a-a7b7ae931ec0|rpc:10.1.0.60:37847|priority:0, 08efc83e-84e2-40a1-a562-910b2e2f8a64|rpc:10.1.0.60:33205|priority:1, 40200fd9-271f-46a5-82e6-85afe20bb727|rpc:10.1.0.60:33665|priority:0], old=null
2022-01-24 18:05:15,514 [08efc83e-84e2-40a1-a562-910b2e2f8a64@group-16119EBFA722-LeaderElection47] INFO  impl.LeaderElection (LeaderElection.java:logAndReturn(89)) - 08efc83e-84e2-40a1-a562-910b2e2f8a64@group-16119EBFA722-LeaderElection47: ELECTION PASSED received 2 response(s) and 0 exception(s):
2022-01-24 18:05:15,514 [08efc83e-84e2-40a1-a562-910b2e2f8a64@group-16119EBFA722-LeaderElection47] INFO  impl.LeaderElection (LeaderElection.java:logAndReturn(93)) -   Response 0: 08efc83e-84e2-40a1-a562-910b2e2f8a64<-1c5e7e03-d60e-4e29-906a-a7b7ae931ec0#0:FAIL-t2
2022-01-24 18:05:15,514 [08efc83e-84e2-40a1-a562-910b2e2f8a64@group-16119EBFA722-LeaderElection47] INFO  impl.LeaderElection (LeaderElection.java:logAndReturn(93)) -   Response 1: 08efc83e-84e2-40a1-a562-910b2e2f8a64<-40200fd9-271f-46a5-82e6-85afe20bb727#0:OK-t2
2022-01-24 18:05:15,514 [08efc83e-84e2-40a1-a562-910b2e2f8a64@group-16119EBFA722-LeaderElection47] INFO  impl.LeaderElection (LeaderElection.java:askForVotes(308)) - 08efc83e-84e2-40a1-a562-910b2e2f8a64@group-16119EBFA722-LeaderElection47 ELECTION round 0: result PASSED
2022-01-24 18:05:15,514 [08efc83e-84e2-40a1-a562-910b2e2f8a64@group-16119EBFA722-LeaderElection47] INFO  impl.RoleInfo (RoleInfo.java:shutdownLeaderElection(121)) - 08efc83e-84e2-40a1-a562-910b2e2f8a64: shutdown 08efc83e-84e2-40a1-a562-910b2e2f8a64@group-16119EBFA722-LeaderElection47
2022-01-24 18:05:15,514 [08efc83e-84e2-40a1-a562-910b2e2f8a64@group-16119EBFA722-LeaderElection47] INFO  server.RaftServer$Division (RaftServerImpl.java:setRole(290)) - 08efc83e-84e2-40a1-a562-910b2e2f8a64@group-16119EBFA722: changes role from CANDIDATE to LEADER at term 2 for changeToLeader
2022-01-24 18:05:15,514 [08efc83e-84e2-40a1-a562-910b2e2f8a64@group-16119EBFA722-LeaderElection47] INFO  ratis.XceiverServerRatis (XceiverServerRatis.java:handleLeaderChangedNotification(866)) - Leader change notification received for group: group-16119EBFA722 with new leaderId: 08efc83e-84e2-40a1-a562-910b2e2f8a64
2022-01-24 18:05:15,514 [08efc83e-84e2-40a1-a562-910b2e2f8a64@group-16119EBFA722-LeaderElection47] INFO  server.RaftServer$Division (ServerState.java:setLeader(285)) - 08efc83e-84e2-40a1-a562-910b2e2f8a64@group-16119EBFA722: change Leader from null to 08efc83e-84e2-40a1-a562-910b2e2f8a64 at term 2 for becomeLeader, leader elected after 10403ms
2022-01-24 18:05:15,514 [08efc83e-84e2-40a1-a562-910b2e2f8a64@group-16119EBFA722-LeaderElection47] INFO  server.RaftServerConfigKeys (ConfUtils.java:logGet(44)) - raft.server.staging.catchup.gap = 1000 (default)
2022-01-24 18:05:15,515 [08efc83e-84e2-40a1-a562-910b2e2f8a64@group-16119EBFA722-LeaderElection47] INFO  server.RaftServerConfigKeys (ConfUtils.java:logGet(44)) - raft.server.write.element-limit = 1024 (custom)
2022-01-24 18:05:15,515 [08efc83e-84e2-40a1-a562-910b2e2f8a64@group-16119EBFA722-LeaderElection47] INFO  server.RaftServerConfigKeys (ConfUtils.java:logGet(44)) - raft.server.write.byte-limit = 1024 M (=1073741824) (custom)
2022-01-24 18:05:15,515 [08efc83e-84e2-40a1-a562-910b2e2f8a64@group-16119EBFA722-LeaderElection47] INFO  server.RaftServerConfigKeys (ConfUtils.java:logGet(44)) - raft.server.watch.timeout = 3000ms (custom)
2022-01-24 18:05:15,515 [08efc83e-84e2-40a1-a562-910b2e2f8a64@group-16119EBFA722-LeaderElection47] INFO  server.RaftServerConfigKeys (ConfUtils.java:logGet(44)) - raft.server.watch.timeout.denomination = 1s (default)
2022-01-24 18:05:15,515 [08efc83e-84e2-40a1-a562-910b2e2f8a64@group-16119EBFA722-LeaderElection47] INFO  server.RaftServerConfigKeys (ConfUtils.java:logGet(44)) - raft.server.watch.element-limit = 65536 (default)
2022-01-24 18:05:15,515 [08efc83e-84e2-40a1-a562-910b2e2f8a64@group-16119EBFA722-LeaderElection47] INFO  server.RaftServerConfigKeys (ConfUtils.java:logGet(44)) - raft.server.write.element-limit = 1024 (custom)
2022-01-24 18:05:15,515 [08efc83e-84e2-40a1-a562-910b2e2f8a64@group-16119EBFA722-LeaderElection47] INFO  server.RaftServerConfigKeys (ConfUtils.java:logGet(44)) - raft.server.write.follower.gap.ratio.max = -1.0 (default)
2022-01-24 18:05:15,515 [08efc83e-84e2-40a1-a562-910b2e2f8a64@group-16119EBFA722-LeaderElection47] INFO  server.RaftServerConfigKeys (ConfUtils.java:logGet(44)) - raft.server.log.appender.snapshot.chunk.size.max = 16MB (=16777216) (default)
2022-01-24 18:05:15,515 [08efc83e-84e2-40a1-a562-910b2e2f8a64@group-16119EBFA722-LeaderElection47] INFO  server.RaftServerConfigKeys (ConfUtils.java:logGet(44)) - raft.server.log.appender.buffer.byte-limit = 33554432 (custom)
2022-01-24 18:05:15,515 [08efc83e-84e2-40a1-a562-910b2e2f8a64@group-16119EBFA722-LeaderElection47] INFO  server.RaftServerConfigKeys (ConfUtils.java:logGet(44)) - raft.server.log.appender.buffer.element-limit = 1 (custom)
2022-01-24 18:05:15,515 [08efc83e-84e2-40a1-a562-910b2e2f8a64@group-16119EBFA722-LeaderElection47] INFO  grpc.GrpcConfigKeys (ConfUtils.java:logGet(44)) - raft.grpc.server.leader.outstanding.appends.max = 128 (default)
2022-01-24 18:05:15,515 [08efc83e-84e2-40a1-a562-910b2e2f8a64@group-16119EBFA722-LeaderElection47] INFO  server.RaftServerConfigKeys (ConfUtils.java:logGet(44)) - raft.server.rpc.request.timeout = 3000ms (default)
2022-01-24 18:05:15,515 [08efc83e-84e2-40a1-a562-910b2e2f8a64@group-16119EBFA722-LeaderElection47] INFO  server.RaftServerConfigKeys (ConfUtils.java:logGet(44)) - raft.server.log.appender.install.snapshot.enabled = false (custom)
2022-01-24 18:05:15,516 [08efc83e-84e2-40a1-a562-910b2e2f8a64@group-16119EBFA722-LeaderElection47] INFO  server.RaftServerConfigKeys (ConfUtils.java:logGet(44)) - raft.server.log.appender.snapshot.chunk.size.max = 16MB (=16777216) (default)
2022-01-24 18:05:15,516 [08efc83e-84e2-40a1-a562-910b2e2f8a64@group-16119EBFA722-LeaderElection47] INFO  server.RaftServerConfigKeys (ConfUtils.java:logGet(44)) - raft.server.log.appender.buffer.byte-limit = 33554432 (custom)
2022-01-24 18:05:15,516 [08efc83e-84e2-40a1-a562-910b2e2f8a64@group-16119EBFA722-LeaderElection47] INFO  server.RaftServerConfigKeys (ConfUtils.java:logGet(44)) - raft.server.log.appender.buffer.element-limit = 1 (custom)
2022-01-24 18:05:15,516 [08efc83e-84e2-40a1-a562-910b2e2f8a64@group-16119EBFA722-LeaderElection47] INFO  grpc.GrpcConfigKeys (ConfUtils.java:logGet(44)) - raft.grpc.server.leader.outstanding.appends.max = 128 (default)
2022-01-24 18:05:15,517 [08efc83e-84e2-40a1-a562-910b2e2f8a64@group-16119EBFA722-LeaderElection47] INFO  server.RaftServerConfigKeys (ConfUtils.java:logGet(44)) - raft.server.rpc.request.timeout = 3000ms (default)
2022-01-24 18:05:15,518 [EventQueue-PipelineReportForPipelineReportHandler] INFO  pipeline.PipelineManagerImpl (PipelineManagerImpl.java:openPipeline(291)) - Pipeline Pipeline[ Id: 557284a3-31df-4f38-8c53-16119ebfa722, Nodes: 08efc83e-84e2-40a1-a562-910b2e2f8a64{ip: 10.1.0.60, host: fv-az184-104.3ow45vhwbzuu5incsxmygykede.cx.internal.cloudapp.net, ports: [REPLICATION=46491, RATIS=33205, RATIS_ADMIN=33205, RATIS_SERVER=33205, STANDALONE=38465], networkLocation: /default-rack, certSerialId: null, persistedOpState: IN_SERVICE, persistedOpStateExpiryEpochSec: 0}40200fd9-271f-46a5-82e6-85afe20bb727{ip: 10.1.0.60, host: fv-az184-104.3ow45vhwbzuu5incsxmygykede.cx.internal.cloudapp.net, ports: [REPLICATION=44797, RATIS=33665, RATIS_ADMIN=33665, RATIS_SERVER=33665, STANDALONE=44373], networkLocation: /default-rack, certSerialId: null, persistedOpState: IN_SERVICE, persistedOpStateExpiryEpochSec: 0}1c5e7e03-d60e-4e29-906a-a7b7ae931ec0{ip: 10.1.0.60, host: fv-az184-104.3ow45vhwbzuu5incsxmygykede.cx.internal.cloudapp.net, ports: [REPLICATION=35547, RATIS=37847, RATIS_ADMIN=37847, RATIS_SERVER=37847, STANDALONE=46337], networkLocation: /default-rack, certSerialId: null, persistedOpState: IN_SERVICE, persistedOpStateExpiryEpochSec: 0}, ReplicationConfig: RATIS/THREE, State:ALLOCATED, leaderId:08efc83e-84e2-40a1-a562-910b2e2f8a64, CreationTimestamp2022-01-24T18:05:02.954Z[Etc/UTC]] moved to OPEN state
2022-01-24 18:05:15,519 [EventQueue-OpenPipelineForHealthyPipelineSafeModeRule] INFO  safemode.SCMSafeModeManager (HealthyPipelineSafeModeRule.java:process(124)) - SCM in safe mode. Healthy pipelines reported count is 0, required healthy pipeline reported count is 1
2022-01-24 18:05:15,520 [d5035ba9-9d65-4327-8f69-b17ec6104eac@group-2A5A4E0B395A-StateMachineUpdater] INFO  safemode.HealthyPipelineSafeModeRule (HealthyPipelineSafeModeRule.java:initializeRule(152)) - Refreshed total pipeline count is 1, healthy pipeline threshold count is 1
2022-01-24 18:05:15,520 [EventQueue-PipelineReportForPipelineReportHandler] INFO  ha.SCMHAInvocationHandler (SCMHAInvocationHandler.java:invokeRatis(113)) - Invoking method public abstract void org.apache.hadoop.hdds.scm.pipeline.PipelineStateManager.updatePipelineState(org.apache.hadoop.hdds.protocol.proto.HddsProtos$PipelineID,org.apache.hadoop.hdds.protocol.proto.HddsProtos$PipelineState) throws java.io.IOException on target org.apache.hadoop.hdds.scm.ha.SCMRatisServerImpl@3130b1de, cost 1939.182us
2022-01-24 18:05:15,520 [EventQueue-OpenPipelineForHealthyPipelineSafeModeRule] INFO  safemode.SCMSafeModeManager (HealthyPipelineSafeModeRule.java:process(124)) - SCM in safe mode. Healthy pipelines reported count is 1, required healthy pipeline reported count is 1
2022-01-24 18:05:15,520 [EventQueue-OpenPipelineForHealthyPipelineSafeModeRule] INFO  safemode.SCMSafeModeManager (SCMSafeModeManager.java:validateSafeModeExitRules(204)) - HealthyPipelineSafeModeRule rule is successfully validated
2022-01-24 18:05:15,520 [EventQueue-OpenPipelineForHealthyPipelineSafeModeRule] INFO  safemode.SCMSafeModeManager (SCMSafeModeManager.java:validateSafeModeExitRules(219)) - ScmSafeModeManager, all rules are successfully validated
2022-01-24 18:05:15,520 [EventQueue-OpenPipelineForHealthyPipelineSafeModeRule] INFO  safemode.SCMSafeModeManager (SCMSafeModeManager.java:exitSafeMode(248)) - SCM exiting safe mode.
2022-01-24 18:05:15,520 [EventQueue-OpenPipelineForHealthyPipelineSafeModeRule] WARN  events.EventQueue (EventQueue.java:fireEvent(194)) - No event handler registered for event TypedEvent{payloadType=SafeModeStatus, name='Safe mode status'}
2022-01-24 18:05:15,521 [EventQueue-OpenPipelineForHealthyPipelineSafeModeRule] INFO  ha.SCMContext (SCMContext.java:updateSafeModeStatus(211)) - Update SafeModeStatus from SafeModeStatus{safeModeStatus=true, preCheckPassed=true} to SafeModeStatus{safeModeStatus=false, preCheckPassed=true}.
2022-01-24 18:05:15,521 [EventQueue-OpenPipelineForHealthyPipelineSafeModeRule] INFO  container.ReplicationManager (ReplicationManager.java:notifyStatusChanged(1802)) - Service ReplicationManager transitions to RUNNING.
2022-01-24 18:05:15,524 [08efc83e-84e2-40a1-a562-910b2e2f8a64@group-16119EBFA722-LeaderElection47] INFO  server.RaftServerConfigKeys (ConfUtils.java:logGet(44)) - raft.server.log.appender.install.snapshot.enabled = false (custom)
2022-01-24 18:05:15,525 [08efc83e-84e2-40a1-a562-910b2e2f8a64@group-16119EBFA722-LeaderElection47] INFO  impl.RoleInfo (RoleInfo.java:updateAndGet(130)) - 08efc83e-84e2-40a1-a562-910b2e2f8a64: start 08efc83e-84e2-40a1-a562-910b2e2f8a64@group-16119EBFA722-LeaderStateImpl
2022-01-24 18:05:15,525 [08efc83e-84e2-40a1-a562-910b2e2f8a64@group-16119EBFA722-LeaderElection47] INFO  segmented.SegmentedRaftLogWorker (SegmentedRaftLogWorker.java:startLogSegment(394)) - 08efc83e-84e2-40a1-a562-910b2e2f8a64@group-16119EBFA722-SegmentedRaftLogWorker: Starting segment from index:0
2022-01-24 18:05:15,527 [08efc83e-84e2-40a1-a562-910b2e2f8a64@group-16119EBFA722-SegmentedRaftLogWorker] INFO  segmented.SegmentedRaftLogWorker (SegmentedRaftLogWorker.java:execute(601)) - 08efc83e-84e2-40a1-a562-910b2e2f8a64@group-16119EBFA722-SegmentedRaftLogWorker: created new log segment /home/runner/work/ozone/ozone/hadoop-ozone/integration-test/target/test-dir/MiniOzoneClusterImpl-aa639c69-f9d2-45b5-aeae-2a5a4e0b395a/datanode-1/data/ratis/557284a3-31df-4f38-8c53-16119ebfa722/current/log_inprogress_0
2022-01-24 18:05:15,546 [grpc-default-executor-5] INFO  server.RaftServer$Division (RaftServerImpl.java:requestVote(1046)) - 40200fd9-271f-46a5-82e6-85afe20bb727@group-16119EBFA722: receive requestVote(ELECTION, 1c5e7e03-d60e-4e29-906a-a7b7ae931ec0, group-16119EBFA722, 2, (t:0, i:0))
2022-01-24 18:05:15,546 [grpc-default-executor-5] INFO  impl.VoteContext (VoteContext.java:log(48)) - 40200fd9-271f-46a5-82e6-85afe20bb727@group-16119EBFA722-FOLLOWER: reject ELECTION from 1c5e7e03-d60e-4e29-906a-a7b7ae931ec0: already has voted for 08efc83e-84e2-40a1-a562-910b2e2f8a64 at current term 2
2022-01-24 18:05:15,546 [grpc-default-executor-5] INFO  server.RaftServer$Division (RaftServerImpl.java:requestVote(1078)) - 40200fd9-271f-46a5-82e6-85afe20bb727@group-16119EBFA722 replies to ELECTION vote request: 1c5e7e03-d60e-4e29-906a-a7b7ae931ec0<-40200fd9-271f-46a5-82e6-85afe20bb727#0:FAIL-t2. Peer's state: 40200fd9-271f-46a5-82e6-85afe20bb727@group-16119EBFA722:t2, leader=null, voted=08efc83e-84e2-40a1-a562-910b2e2f8a64, raftlog=40200fd9-271f-46a5-82e6-85afe20bb727@group-16119EBFA722-SegmentedRaftLog:OPENED:c-1, conf=-1: [1c5e7e03-d60e-4e29-906a-a7b7ae931ec0|rpc:10.1.0.60:37847|priority:0, 08efc83e-84e2-40a1-a562-910b2e2f8a64|rpc:10.1.0.60:33205|priority:1, 40200fd9-271f-46a5-82e6-85afe20bb727|rpc:10.1.0.60:33665|priority:0], old=null
2022-01-24 18:05:15,576 [08efc83e-84e2-40a1-a562-910b2e2f8a64@group-16119EBFA722-LeaderElection47] INFO  server.RaftServer$Division (ServerState.java:setRaftConf(387)) - 08efc83e-84e2-40a1-a562-910b2e2f8a64@group-16119EBFA722: set configuration 0: [1c5e7e03-d60e-4e29-906a-a7b7ae931ec0|rpc:10.1.0.60:37847|dataStream:|priority:0, 08efc83e-84e2-40a1-a562-910b2e2f8a64|rpc:10.1.0.60:33205|dataStream:|priority:1, 40200fd9-271f-46a5-82e6-85afe20bb727|rpc:10.1.0.60:33665|dataStream:|priority:0], old=null
2022-01-24 18:05:15,590 [grpc-default-executor-5] INFO  ratis.XceiverServerRatis (XceiverServerRatis.java:handleLeaderChangedNotification(866)) - Leader change notification received for group: group-16119EBFA722 with new leaderId: 08efc83e-84e2-40a1-a562-910b2e2f8a64
2022-01-24 18:05:15,590 [grpc-default-executor-5] INFO  server.RaftServer$Division (ServerState.java:setLeader(285)) - 40200fd9-271f-46a5-82e6-85afe20bb727@group-16119EBFA722: change Leader from null to 08efc83e-84e2-40a1-a562-910b2e2f8a64 at term 2 for appendEntries, leader elected after 10635ms
2022-01-24 18:05:15,617 [grpc-default-executor-3] INFO  ratis.XceiverServerRatis (XceiverServerRatis.java:handleLeaderChangedNotification(866)) - Leader change notification received for group: group-16119EBFA722 with new leaderId: 08efc83e-84e2-40a1-a562-910b2e2f8a64
2022-01-24 18:05:15,617 [grpc-default-executor-3] INFO  server.RaftServer$Division (ServerState.java:setLeader(285)) - 1c5e7e03-d60e-4e29-906a-a7b7ae931ec0@group-16119EBFA722: change Leader from null to 08efc83e-84e2-40a1-a562-910b2e2f8a64 at term 2 for appendEntries, leader elected after 10379ms
2022-01-24 18:05:15,624 [grpc-default-executor-5] INFO  server.RaftServer$Division (ServerState.java:setRaftConf(387)) - 40200fd9-271f-46a5-82e6-85afe20bb727@group-16119EBFA722: set configuration 0: [1c5e7e03-d60e-4e29-906a-a7b7ae931ec0|rpc:10.1.0.60:37847|dataStream:|priority:0, 08efc83e-84e2-40a1-a562-910b2e2f8a64|rpc:10.1.0.60:33205|dataStream:|priority:1, 40200fd9-271f-46a5-82e6-85afe20bb727|rpc:10.1.0.60:33665|dataStream:|priority:0], old=null
2022-01-24 18:05:15,624 [grpc-default-executor-5] INFO  segmented.SegmentedRaftLogWorker (SegmentedRaftLogWorker.java:startLogSegment(394)) - 40200fd9-271f-46a5-82e6-85afe20bb727@group-16119EBFA722-SegmentedRaftLogWorker: Starting segment from index:0
2022-01-24 18:05:15,626 [40200fd9-271f-46a5-82e6-85afe20bb727@group-16119EBFA722-SegmentedRaftLogWorker] INFO  segmented.SegmentedRaftLogWorker (SegmentedRaftLogWorker.java:execute(601)) - 40200fd9-271f-46a5-82e6-85afe20bb727@group-16119EBFA722-SegmentedRaftLogWorker: created new log segment /home/runner/work/ozone/ozone/hadoop-ozone/integration-test/target/test-dir/MiniOzoneClusterImpl-aa639c69-f9d2-45b5-aeae-2a5a4e0b395a/datanode-0/data/ratis/557284a3-31df-4f38-8c53-16119ebfa722/current/log_inprogress_0
2022-01-24 18:05:15,647 [1c5e7e03-d60e-4e29-906a-a7b7ae931ec0@group-4A42DDB3E1D3-FollowerState] INFO  impl.FollowerState (FollowerState.java:run(134)) - 1c5e7e03-d60e-4e29-906a-a7b7ae931ec0@group-4A42DDB3E1D3-FollowerState: change to CANDIDATE, lastRpcElapsedTime:5092811145ns, electionTimeout:5047ms
2022-01-24 18:05:15,648 [1c5e7e03-d60e-4e29-906a-a7b7ae931ec0@group-4A42DDB3E1D3-FollowerState] INFO  impl.RoleInfo (RoleInfo.java:shutdownFollowerState(108)) - 1c5e7e03-d60e-4e29-906a-a7b7ae931ec0: shutdown 1c5e7e03-d60e-4e29-906a-a7b7ae931ec0@group-4A42DDB3E1D3-FollowerState
2022-01-24 18:05:15,648 [1c5e7e03-d60e-4e29-906a-a7b7ae931ec0@group-4A42DDB3E1D3-FollowerState] INFO  server.RaftServer$Division (RaftServerImpl.java:setRole(290)) - 1c5e7e03-d60e-4e29-906a-a7b7ae931ec0@group-4A42DDB3E1D3: changes role from  FOLLOWER to CANDIDATE at term 1 for changeToCandidate
2022-01-24 18:05:15,648 [1c5e7e03-d60e-4e29-906a-a7b7ae931ec0@group-4A42DDB3E1D3-FollowerState] INFO  server.RaftServerConfigKeys (ConfUtils.java:logGet(44)) - raft.server.leaderelection.pre-vote = false (custom)
2022-01-24 18:05:15,648 [1c5e7e03-d60e-4e29-906a-a7b7ae931ec0@group-4A42DDB3E1D3-FollowerState] INFO  impl.RoleInfo (RoleInfo.java:updateAndGet(130)) - 1c5e7e03-d60e-4e29-906a-a7b7ae931ec0: start 1c5e7e03-d60e-4e29-906a-a7b7ae931ec0@group-4A42DDB3E1D3-LeaderElection49
2022-01-24 18:05:15,648 [grpc-default-executor-5] INFO  server.RaftServer$Division (ServerState.java:setRaftConf(387)) - 1c5e7e03-d60e-4e29-906a-a7b7ae931ec0@group-16119EBFA722: set configuration 0: [1c5e7e03-d60e-4e29-906a-a7b7ae931ec0|rpc:10.1.0.60:37847|dataStream:|priority:0, 08efc83e-84e2-40a1-a562-910b2e2f8a64|rpc:10.1.0.60:33205|dataStream:|priority:1, 40200fd9-271f-46a5-82e6-85afe20bb727|rpc:10.1.0.60:33665|dataStream:|priority:0], old=null
2022-01-24 18:05:15,648 [grpc-default-executor-5] INFO  segmented.SegmentedRaftLogWorker (SegmentedRaftLogWorker.java:startLogSegment(394)) - 1c5e7e03-d60e-4e29-906a-a7b7ae931ec0@group-16119EBFA722-SegmentedRaftLogWorker: Starting segment from index:0
2022-01-24 18:05:15,681 [1c5e7e03-d60e-4e29-906a-a7b7ae931ec0@group-4A42DDB3E1D3-LeaderElection49] INFO  impl.LeaderElection (LeaderElection.java:askForVotes(306)) - 1c5e7e03-d60e-4e29-906a-a7b7ae931ec0@group-4A42DDB3E1D3-LeaderElection49 ELECTION round 0: submit vote requests at term 2 for -1: [1c5e7e03-d60e-4e29-906a-a7b7ae931ec0|rpc:10.1.0.60:37847|dataStream:|priority:1, 08efc83e-84e2-40a1-a562-910b2e2f8a64|rpc:10.1.0.60:33205|dataStream:|priority:0, 40200fd9-271f-46a5-82e6-85afe20bb727|rpc:10.1.0.60:33665|dataStream:|priority:0], old=null
2022-01-24 18:05:15,682 [1c5e7e03-d60e-4e29-906a-a7b7ae931ec0@group-16119EBFA722-SegmentedRaftLogWorker] INFO  segmented.SegmentedRaftLogWorker (SegmentedRaftLogWorker.java:execute(601)) - 1c5e7e03-d60e-4e29-906a-a7b7ae931ec0@group-16119EBFA722-SegmentedRaftLogWorker: created new log segment /home/runner/work/ozone/ozone/hadoop-ozone/integration-test/target/test-dir/MiniOzoneClusterImpl-aa639c69-f9d2-45b5-aeae-2a5a4e0b395a/datanode-2/data/ratis/557284a3-31df-4f38-8c53-16119ebfa722/current/log_inprogress_0
2022-01-24 18:05:15,683 [grpc-default-executor-5] INFO  server.RaftServer$Division (RaftServerImpl.java:requestVote(1046)) - 08efc83e-84e2-40a1-a562-910b2e2f8a64@group-4A42DDB3E1D3: receive requestVote(ELECTION, 1c5e7e03-d60e-4e29-906a-a7b7ae931ec0, group-4A42DDB3E1D3, 2, (t:0, i:0))
2022-01-24 18:05:15,683 [grpc-default-executor-5] INFO  impl.VoteContext (VoteContext.java:log(48)) - 08efc83e-84e2-40a1-a562-910b2e2f8a64@group-4A42DDB3E1D3-FOLLOWER: accept ELECTION from 1c5e7e03-d60e-4e29-906a-a7b7ae931ec0: our priority 0 <= candidate's priority 1
2022-01-24 18:05:15,683 [grpc-default-executor-5] INFO  server.RaftServer$Division (RaftServerImpl.java:setRole(290)) - 08efc83e-84e2-40a1-a562-910b2e2f8a64@group-4A42DDB3E1D3: changes role from  FOLLOWER to FOLLOWER at term 2 for candidate:1c5e7e03-d60e-4e29-906a-a7b7ae931ec0
2022-01-24 18:05:15,683 [grpc-default-executor-5] INFO  impl.RoleInfo (RoleInfo.java:shutdownFollowerState(108)) - 08efc83e-84e2-40a1-a562-910b2e2f8a64: shutdown 08efc83e-84e2-40a1-a562-910b2e2f8a64@group-4A42DDB3E1D3-FollowerState
2022-01-24 18:05:15,688 [grpc-default-executor-3] INFO  server.RaftServer$Division (RaftServerImpl.java:requestVote(1046)) - 40200fd9-271f-46a5-82e6-85afe20bb727@group-4A42DDB3E1D3: receive requestVote(ELECTION, 1c5e7e03-d60e-4e29-906a-a7b7ae931ec0, group-4A42DDB3E1D3, 2, (t:0, i:0))
2022-01-24 18:05:15,688 [grpc-default-executor-3] INFO  impl.VoteContext (VoteContext.java:log(48)) - 40200fd9-271f-46a5-82e6-85afe20bb727@group-4A42DDB3E1D3-FOLLOWER: accept ELECTION from 1c5e7e03-d60e-4e29-906a-a7b7ae931ec0: our priority 0 <= candidate's priority 1
2022-01-24 18:05:15,688 [grpc-default-executor-3] INFO  server.RaftServer$Division (RaftServerImpl.java:setRole(290)) - 40200fd9-271f-46a5-82e6-85afe20bb727@group-4A42DDB3E1D3: changes role from  FOLLOWER to FOLLOWER at term 2 for candidate:1c5e7e03-d60e-4e29-906a-a7b7ae931ec0
2022-01-24 18:05:15,688 [grpc-default-executor-3] INFO  impl.RoleInfo (RoleInfo.java:shutdownFollowerState(108)) - 40200fd9-271f-46a5-82e6-85afe20bb727: shutdown 40200fd9-271f-46a5-82e6-85afe20bb727@group-4A42DDB3E1D3-FollowerState
2022-01-24 18:05:15,688 [grpc-default-executor-3] INFO  impl.RoleInfo (RoleInfo.java:updateAndGet(130)) - 40200fd9-271f-46a5-82e6-85afe20bb727: start 40200fd9-271f-46a5-82e6-85afe20bb727@group-4A42DDB3E1D3-FollowerState
2022-01-24 18:05:15,691 [40200fd9-271f-46a5-82e6-85afe20bb727@group-4A42DDB3E1D3-FollowerState] INFO  impl.FollowerState (FollowerState.java:run(143)) - 40200fd9-271f-46a5-82e6-85afe20bb727@group-4A42DDB3E1D3-FollowerState was interrupted: {}
java.lang.InterruptedException: sleep interrupted
	at java.lang.Thread.sleep(Native Method)
	at java.lang.Thread.sleep(Thread.java:340)
	at java.util.concurrent.TimeUnit.sleep(TimeUnit.java:386)
	at org.apache.ratis.util.TimeDuration.sleep(TimeDuration.java:324)
	at org.apache.ratis.util.TimeDuration.sleep(TimeDuration.java:309)
	at org.apache.ratis.server.impl.FollowerState.run(FollowerState.java:118)
2022-01-24 18:05:15,710 [grpc-default-executor-5] INFO  impl.RoleInfo (RoleInfo.java:updateAndGet(130)) - 08efc83e-84e2-40a1-a562-910b2e2f8a64: start 08efc83e-84e2-40a1-a562-910b2e2f8a64@group-4A42DDB3E1D3-FollowerState
2022-01-24 18:05:15,711 [grpc-default-executor-3] INFO  server.RaftServer$Division (RaftServerImpl.java:requestVote(1078)) - 40200fd9-271f-46a5-82e6-85afe20bb727@group-4A42DDB3E1D3 replies to ELECTION vote request: 1c5e7e03-d60e-4e29-906a-a7b7ae931ec0<-40200fd9-271f-46a5-82e6-85afe20bb727#0:OK-t2. Peer's state: 40200fd9-271f-46a5-82e6-85afe20bb727@group-4A42DDB3E1D3:t2, leader=null, voted=1c5e7e03-d60e-4e29-906a-a7b7ae931ec0, raftlog=40200fd9-271f-46a5-82e6-85afe20bb727@group-4A42DDB3E1D3-SegmentedRaftLog:OPENED:c-1, conf=-1: [1c5e7e03-d60e-4e29-906a-a7b7ae931ec0|rpc:10.1.0.60:37847|priority:1, 08efc83e-84e2-40a1-a562-910b2e2f8a64|rpc:10.1.0.60:33205|priority:0, 40200fd9-271f-46a5-82e6-85afe20bb727|rpc:10.1.0.60:33665|priority:0], old=null
2022-01-24 18:05:15,732 [grpc-default-executor-5] INFO  server.RaftServer$Division (RaftServerImpl.java:requestVote(1078)) - 08efc83e-84e2-40a1-a562-910b2e2f8a64@group-4A42DDB3E1D3 replies to ELECTION vote request: 1c5e7e03-d60e-4e29-906a-a7b7ae931ec0<-08efc83e-84e2-40a1-a562-910b2e2f8a64#0:OK-t2. Peer's state: 08efc83e-84e2-40a1-a562-910b2e2f8a64@group-4A42DDB3E1D3:t2, leader=null, voted=1c5e7e03-d60e-4e29-906a-a7b7ae931ec0, raftlog=08efc83e-84e2-40a1-a562-910b2e2f8a64@group-4A42DDB3E1D3-SegmentedRaftLog:OPENED:c-1, conf=-1: [1c5e7e03-d60e-4e29-906a-a7b7ae931ec0|rpc:10.1.0.60:37847|priority:1, 08efc83e-84e2-40a1-a562-910b2e2f8a64|rpc:10.1.0.60:33205|priority:0, 40200fd9-271f-46a5-82e6-85afe20bb727|rpc:10.1.0.60:33665|priority:0], old=null
2022-01-24 18:05:15,732 [08efc83e-84e2-40a1-a562-910b2e2f8a64@group-4A42DDB3E1D3-FollowerState] INFO  impl.FollowerState (FollowerState.java:run(134)) - 08efc83e-84e2-40a1-a562-910b2e2f8a64@group-4A42DDB3E1D3-FollowerState: change to CANDIDATE, lastRpcElapsedTime:5174577177ns, electionTimeout:5099ms
2022-01-24 18:05:15,733 [08efc83e-84e2-40a1-a562-910b2e2f8a64@group-4A42DDB3E1D3-FollowerState] INFO  impl.RoleInfo (RoleInfo.java:shutdownFollowerState(108)) - 08efc83e-84e2-40a1-a562-910b2e2f8a64: shutdown 08efc83e-84e2-40a1-a562-910b2e2f8a64@group-4A42DDB3E1D3-FollowerState
2022-01-24 18:05:15,781 [1c5e7e03-d60e-4e29-906a-a7b7ae931ec0@group-4A42DDB3E1D3-LeaderElection49] INFO  impl.LeaderElection (LeaderElection.java:logAndReturn(89)) - 1c5e7e03-d60e-4e29-906a-a7b7ae931ec0@group-4A42DDB3E1D3-LeaderElection49: ELECTION PASSED received 1 response(s) and 0 exception(s):
2022-01-24 18:05:15,781 [1c5e7e03-d60e-4e29-906a-a7b7ae931ec0@group-4A42DDB3E1D3-LeaderElection49] INFO  impl.LeaderElection (LeaderElection.java:logAndReturn(93)) -   Response 0: 1c5e7e03-d60e-4e29-906a-a7b7ae931ec0<-40200fd9-271f-46a5-82e6-85afe20bb727#0:OK-t2
2022-01-24 18:05:15,781 [1c5e7e03-d60e-4e29-906a-a7b7ae931ec0@group-4A42DDB3E1D3-LeaderElection49] INFO  impl.LeaderElection (LeaderElection.java:askForVotes(308)) - 1c5e7e03-d60e-4e29-906a-a7b7ae931ec0@group-4A42DDB3E1D3-LeaderElection49 ELECTION round 0: result PASSED
2022-01-24 18:05:15,781 [1c5e7e03-d60e-4e29-906a-a7b7ae931ec0@group-4A42DDB3E1D3-LeaderElection49] INFO  impl.RoleInfo (RoleInfo.java:shutdownLeaderElection(121)) - 1c5e7e03-d60e-4e29-906a-a7b7ae931ec0: shutdown 1c5e7e03-d60e-4e29-906a-a7b7ae931ec0@group-4A42DDB3E1D3-LeaderElection49
2022-01-24 18:05:15,781 [1c5e7e03-d60e-4e29-906a-a7b7ae931ec0@group-4A42DDB3E1D3-LeaderElection49] INFO  server.RaftServer$Division (RaftServerImpl.java:setRole(290)) - 1c5e7e03-d60e-4e29-906a-a7b7ae931ec0@group-4A42DDB3E1D3: changes role from CANDIDATE to LEADER at term 2 for changeToLeader
2022-01-24 18:05:15,782 [1c5e7e03-d60e-4e29-906a-a7b7ae931ec0@group-4A42DDB3E1D3-LeaderElection49] INFO  ratis.XceiverServerRatis (XceiverServerRatis.java:handleLeaderChangedNotification(866)) - Leader change notification received for group: group-4A42DDB3E1D3 with new leaderId: 1c5e7e03-d60e-4e29-906a-a7b7ae931ec0
2022-01-24 18:05:15,796 [1c5e7e03-d60e-4e29-906a-a7b7ae931ec0@group-4A42DDB3E1D3-LeaderElection49] INFO  server.RaftServer$Division (ServerState.java:setLeader(285)) - 1c5e7e03-d60e-4e29-906a-a7b7ae931ec0@group-4A42DDB3E1D3: change Leader from null to 1c5e7e03-d60e-4e29-906a-a7b7ae931ec0 at term 2 for becomeLeader, leader elected after 10103ms
2022-01-24 18:05:15,796 [1c5e7e03-d60e-4e29-906a-a7b7ae931ec0@group-4A42DDB3E1D3-LeaderElection49] INFO  server.RaftServerConfigKeys (ConfUtils.java:logGet(44)) - raft.server.staging.catchup.gap = 1000 (default)
2022-01-24 18:05:15,796 [1c5e7e03-d60e-4e29-906a-a7b7ae931ec0@group-4A42DDB3E1D3-LeaderElection49] INFO  server.RaftServerConfigKeys (ConfUtils.java:logGet(44)) - raft.server.write.element-limit = 1024 (custom)
2022-01-24 18:05:15,796 [1c5e7e03-d60e-4e29-906a-a7b7ae931ec0@group-4A42DDB3E1D3-LeaderElection49] INFO  server.RaftServerConfigKeys (ConfUtils.java:logGet(44)) - raft.server.write.byte-limit = 1024 M (=1073741824) (custom)
2022-01-24 18:05:15,796 [1c5e7e03-d60e-4e29-906a-a7b7ae931ec0@group-4A42DDB3E1D3-LeaderElection49] INFO  server.RaftServerConfigKeys (ConfUtils.java:logGet(44)) - raft.server.watch.timeout = 3000ms (custom)
2022-01-24 18:05:15,796 [1c5e7e03-d60e-4e29-906a-a7b7ae931ec0@group-4A42DDB3E1D3-LeaderElection49] INFO  server.RaftServerConfigKeys (ConfUtils.java:logGet(44)) - raft.server.watch.timeout.denomination = 1s (default)
2022-01-24 18:05:15,796 [1c5e7e03-d60e-4e29-906a-a7b7ae931ec0@group-4A42DDB3E1D3-LeaderElection49] INFO  server.RaftServerConfigKeys (ConfUtils.java:logGet(44)) - raft.server.watch.element-limit = 65536 (default)
2022-01-24 18:05:15,796 [1c5e7e03-d60e-4e29-906a-a7b7ae931ec0@group-4A42DDB3E1D3-LeaderElection49] INFO  server.RaftServerConfigKeys (ConfUtils.java:logGet(44)) - raft.server.write.element-limit = 1024 (custom)
2022-01-24 18:05:15,796 [1c5e7e03-d60e-4e29-906a-a7b7ae931ec0@group-4A42DDB3E1D3-LeaderElection49] INFO  server.RaftServerConfigKeys (ConfUtils.java:logGet(44)) - raft.server.write.follower.gap.ratio.max = -1.0 (default)
2022-01-24 18:05:15,797 [1c5e7e03-d60e-4e29-906a-a7b7ae931ec0@group-4A42DDB3E1D3-LeaderElection49] INFO  server.RaftServerConfigKeys (ConfUtils.java:logGet(44)) - raft.server.log.appender.snapshot.chunk.size.max = 16MB (=16777216) (default)
2022-01-24 18:05:15,797 [1c5e7e03-d60e-4e29-906a-a7b7ae931ec0@group-4A42DDB3E1D3-LeaderElection49] INFO  server.RaftServerConfigKeys (ConfUtils.java:logGet(44)) - raft.server.log.appender.buffer.byte-limit = 33554432 (custom)
2022-01-24 18:05:15,797 [1c5e7e03-d60e-4e29-906a-a7b7ae931ec0@group-4A42DDB3E1D3-LeaderElection49] INFO  server.RaftServerConfigKeys (ConfUtils.java:logGet(44)) - raft.server.log.appender.buffer.element-limit = 1 (custom)
2022-01-24 18:05:15,797 [1c5e7e03-d60e-4e29-906a-a7b7ae931ec0@group-4A42DDB3E1D3-LeaderElection49] INFO  grpc.GrpcConfigKeys (ConfUtils.java:logGet(44)) - raft.grpc.server.leader.outstanding.appends.max = 128 (default)
2022-01-24 18:05:15,797 [1c5e7e03-d60e-4e29-906a-a7b7ae931ec0@group-4A42DDB3E1D3-LeaderElection49] INFO  server.RaftServerConfigKeys (ConfUtils.java:logGet(44)) - raft.server.rpc.request.timeout = 3000ms (default)
2022-01-24 18:05:15,797 [1c5e7e03-d60e-4e29-906a-a7b7ae931ec0@group-4A42DDB3E1D3-LeaderElection49] INFO  server.RaftServerConfigKeys (ConfUtils.java:logGet(44)) - raft.server.log.appender.install.snapshot.enabled = false (custom)
2022-01-24 18:05:15,798 [1c5e7e03-d60e-4e29-906a-a7b7ae931ec0@group-4A42DDB3E1D3-LeaderElection49] INFO  server.RaftServerConfigKeys (ConfUtils.java:logGet(44)) - raft.server.log.appender.snapshot.chunk.size.max = 16MB (=16777216) (default)
2022-01-24 18:05:15,798 [1c5e7e03-d60e-4e29-906a-a7b7ae931ec0@group-4A42DDB3E1D3-LeaderElection49] INFO  server.RaftServerConfigKeys (ConfUtils.java:logGet(44)) - raft.server.log.appender.buffer.byte-limit = 33554432 (custom)
2022-01-24 18:05:15,798 [1c5e7e03-d60e-4e29-906a-a7b7ae931ec0@group-4A42DDB3E1D3-LeaderElection49] INFO  server.RaftServerConfigKeys (ConfUtils.java:logGet(44)) - raft.server.log.appender.buffer.element-limit = 1 (custom)
2022-01-24 18:05:15,798 [1c5e7e03-d60e-4e29-906a-a7b7ae931ec0@group-4A42DDB3E1D3-LeaderElection49] INFO  grpc.GrpcConfigKeys (ConfUtils.java:logGet(44)) - raft.grpc.server.leader.outstanding.appends.max = 128 (default)
2022-01-24 18:05:15,798 [1c5e7e03-d60e-4e29-906a-a7b7ae931ec0@group-4A42DDB3E1D3-LeaderElection49] INFO  server.RaftServerConfigKeys (ConfUtils.java:logGet(44)) - raft.server.rpc.request.timeout = 3000ms (default)
2022-01-24 18:05:15,798 [1c5e7e03-d60e-4e29-906a-a7b7ae931ec0@group-4A42DDB3E1D3-LeaderElection49] INFO  server.RaftServerConfigKeys (ConfUtils.java:logGet(44)) - raft.server.log.appender.install.snapshot.enabled = false (custom)
2022-01-24 18:05:15,799 [1c5e7e03-d60e-4e29-906a-a7b7ae931ec0@group-4A42DDB3E1D3-LeaderElection49] INFO  impl.RoleInfo (RoleInfo.java:updateAndGet(130)) - 1c5e7e03-d60e-4e29-906a-a7b7ae931ec0: start 1c5e7e03-d60e-4e29-906a-a7b7ae931ec0@group-4A42DDB3E1D3-LeaderStateImpl
2022-01-24 18:05:15,799 [1c5e7e03-d60e-4e29-906a-a7b7ae931ec0@group-4A42DDB3E1D3-LeaderElection49] INFO  segmented.SegmentedRaftLogWorker (SegmentedRaftLogWorker.java:startLogSegment(394)) - 1c5e7e03-d60e-4e29-906a-a7b7ae931ec0@group-4A42DDB3E1D3-SegmentedRaftLogWorker: Starting segment from index:0
2022-01-24 18:05:15,801 [EventQueue-PipelineReportForPipelineReportHandler] INFO  pipeline.PipelineManagerImpl (PipelineManagerImpl.java:openPipeline(291)) - Pipeline Pipeline[ Id: a8873472-a4b0-431b-95d4-4a42ddb3e1d3, Nodes: 40200fd9-271f-46a5-82e6-85afe20bb727{ip: 10.1.0.60, host: fv-az184-104.3ow45vhwbzuu5incsxmygykede.cx.internal.cloudapp.net, ports: [REPLICATION=44797, RATIS=33665, RATIS_ADMIN=33665, RATIS_SERVER=33665, STANDALONE=44373], networkLocation: /default-rack, certSerialId: null, persistedOpState: IN_SERVICE, persistedOpStateExpiryEpochSec: 0}08efc83e-84e2-40a1-a562-910b2e2f8a64{ip: 10.1.0.60, host: fv-az184-104.3ow45vhwbzuu5incsxmygykede.cx.internal.cloudapp.net, ports: [REPLICATION=46491, RATIS=33205, RATIS_ADMIN=33205, RATIS_SERVER=33205, STANDALONE=38465], networkLocation: /default-rack, certSerialId: null, persistedOpState: IN_SERVICE, persistedOpStateExpiryEpochSec: 0}1c5e7e03-d60e-4e29-906a-a7b7ae931ec0{ip: 10.1.0.60, host: fv-az184-104.3ow45vhwbzuu5incsxmygykede.cx.internal.cloudapp.net, ports: [REPLICATION=35547, RATIS=37847, RATIS_ADMIN=37847, RATIS_SERVER=37847, STANDALONE=46337], networkLocation: /default-rack, certSerialId: null, persistedOpState: IN_SERVICE, persistedOpStateExpiryEpochSec: 0}, ReplicationConfig: RATIS/THREE, State:ALLOCATED, leaderId:1c5e7e03-d60e-4e29-906a-a7b7ae931ec0, CreationTimestamp2022-01-24T18:05:02.956Z[Etc/UTC]] moved to OPEN state
2022-01-24 18:05:15,783 [08efc83e-84e2-40a1-a562-910b2e2f8a64@group-4A42DDB3E1D3-FollowerState] INFO  impl.FollowerState (FollowerState.java:run(143)) - 08efc83e-84e2-40a1-a562-910b2e2f8a64@group-4A42DDB3E1D3-FollowerState was interrupted: {}
java.lang.InterruptedException: sleep interrupted
	at java.lang.Thread.sleep(Native Method)
	at java.lang.Thread.sleep(Thread.java:340)
	at java.util.concurrent.TimeUnit.sleep(TimeUnit.java:386)
	at org.apache.ratis.util.TimeDuration.sleep(TimeDuration.java:324)
	at org.apache.ratis.util.TimeDuration.sleep(TimeDuration.java:309)
	at org.apache.ratis.server.impl.FollowerState.run(FollowerState.java:118)
2022-01-24 18:05:15,783 [08efc83e-84e2-40a1-a562-910b2e2f8a64@group-4A42DDB3E1D3-FollowerState] INFO  server.RaftServer$Division (RaftServerImpl.java:setRole(290)) - 08efc83e-84e2-40a1-a562-910b2e2f8a64@group-4A42DDB3E1D3: changes role from  FOLLOWER to CANDIDATE at term 2 for changeToCandidate
2022-01-24 18:05:15,803 [08efc83e-84e2-40a1-a562-910b2e2f8a64@group-4A42DDB3E1D3-FollowerState] INFO  server.RaftServerConfigKeys (ConfUtils.java:logGet(44)) - raft.server.leaderelection.pre-vote = false (custom)
2022-01-24 18:05:15,803 [08efc83e-84e2-40a1-a562-910b2e2f8a64@group-4A42DDB3E1D3-FollowerState] INFO  impl.RoleInfo (RoleInfo.java:updateAndGet(130)) - 08efc83e-84e2-40a1-a562-910b2e2f8a64: start 08efc83e-84e2-40a1-a562-910b2e2f8a64@group-4A42DDB3E1D3-LeaderElection50
2022-01-24 18:05:15,804 [EventQueue-PipelineReportForPipelineReportHandler] INFO  ha.SCMHAInvocationHandler (SCMHAInvocationHandler.java:invokeRatis(113)) - Invoking method public abstract void org.apache.hadoop.hdds.scm.pipeline.PipelineStateManager.updatePipelineState(org.apache.hadoop.hdds.protocol.proto.HddsProtos$PipelineID,org.apache.hadoop.hdds.protocol.proto.HddsProtos$PipelineState) throws java.io.IOException on target org.apache.hadoop.hdds.scm.ha.SCMRatisServerImpl@3130b1de, cost 2815.818us
2022-01-24 18:05:15,806 [1c5e7e03-d60e-4e29-906a-a7b7ae931ec0@group-4A42DDB3E1D3-SegmentedRaftLogWorker] INFO  segmented.SegmentedRaftLogWorker (SegmentedRaftLogWorker.java:execute(601)) - 1c5e7e03-d60e-4e29-906a-a7b7ae931ec0@group-4A42DDB3E1D3-SegmentedRaftLogWorker: created new log segment /home/runner/work/ozone/ozone/hadoop-ozone/integration-test/target/test-dir/MiniOzoneClusterImpl-aa639c69-f9d2-45b5-aeae-2a5a4e0b395a/datanode-2/data/ratis/a8873472-a4b0-431b-95d4-4a42ddb3e1d3/current/log_inprogress_0
2022-01-24 18:05:15,820 [08efc83e-84e2-40a1-a562-910b2e2f8a64@group-4A42DDB3E1D3-LeaderElection50] INFO  impl.LeaderElection (LeaderElection.java:askForVotes(306)) - 08efc83e-84e2-40a1-a562-910b2e2f8a64@group-4A42DDB3E1D3-LeaderElection50 ELECTION round 0: submit vote requests at term 3 for -1: [1c5e7e03-d60e-4e29-906a-a7b7ae931ec0|rpc:10.1.0.60:37847|priority:1, 08efc83e-84e2-40a1-a562-910b2e2f8a64|rpc:10.1.0.60:33205|priority:0, 40200fd9-271f-46a5-82e6-85afe20bb727|rpc:10.1.0.60:33665|priority:0], old=null
2022-01-24 18:05:15,829 [grpc-default-executor-5] INFO  server.RaftServer$Division (RaftServerImpl.java:requestVote(1046)) - 40200fd9-271f-46a5-82e6-85afe20bb727@group-4A42DDB3E1D3: receive requestVote(ELECTION, 08efc83e-84e2-40a1-a562-910b2e2f8a64, group-4A42DDB3E1D3, 3, (t:0, i:0))
2022-01-24 18:05:15,829 [grpc-default-executor-5] INFO  impl.VoteContext (VoteContext.java:log(48)) - 40200fd9-271f-46a5-82e6-85afe20bb727@group-4A42DDB3E1D3-FOLLOWER: accept ELECTION from 08efc83e-84e2-40a1-a562-910b2e2f8a64: our priority 0 <= candidate's priority 0
2022-01-24 18:05:15,829 [grpc-default-executor-5] INFO  server.RaftServer$Division (RaftServerImpl.java:setRole(290)) - 40200fd9-271f-46a5-82e6-85afe20bb727@group-4A42DDB3E1D3: changes role from  FOLLOWER to FOLLOWER at term 3 for candidate:08efc83e-84e2-40a1-a562-910b2e2f8a64
2022-01-24 18:05:15,830 [grpc-default-executor-5] INFO  impl.RoleInfo (RoleInfo.java:shutdownFollowerState(108)) - 40200fd9-271f-46a5-82e6-85afe20bb727: shutdown 40200fd9-271f-46a5-82e6-85afe20bb727@group-4A42DDB3E1D3-FollowerState
2022-01-24 18:05:15,830 [grpc-default-executor-5] INFO  impl.RoleInfo (RoleInfo.java:updateAndGet(130)) - 40200fd9-271f-46a5-82e6-85afe20bb727: start 40200fd9-271f-46a5-82e6-85afe20bb727@group-4A42DDB3E1D3-FollowerState
2022-01-24 18:05:15,830 [grpc-default-executor-3] INFO  server.RaftServer$Division (RaftServerImpl.java:requestVote(1046)) - 1c5e7e03-d60e-4e29-906a-a7b7ae931ec0@group-4A42DDB3E1D3: receive requestVote(ELECTION, 08efc83e-84e2-40a1-a562-910b2e2f8a64, group-4A42DDB3E1D3, 3, (t:0, i:0))
2022-01-24 18:05:15,831 [40200fd9-271f-46a5-82e6-85afe20bb727@group-4A42DDB3E1D3-FollowerState] INFO  impl.FollowerState (FollowerState.java:run(143)) - 40200fd9-271f-46a5-82e6-85afe20bb727@group-4A42DDB3E1D3-FollowerState was interrupted: {}
java.lang.InterruptedException: sleep interrupted
	at java.lang.Thread.sleep(Native Method)
	at java.lang.Thread.sleep(Thread.java:340)
	at java.util.concurrent.TimeUnit.sleep(TimeUnit.java:386)
	at org.apache.ratis.util.TimeDuration.sleep(TimeDuration.java:324)
	at org.apache.ratis.util.TimeDuration.sleep(TimeDuration.java:309)
	at org.apache.ratis.server.impl.FollowerState.run(FollowerState.java:118)
2022-01-24 18:05:15,834 [grpc-default-executor-5] INFO  server.RaftServer$Division (RaftServerImpl.java:requestVote(1078)) - 40200fd9-271f-46a5-82e6-85afe20bb727@group-4A42DDB3E1D3 replies to ELECTION vote request: 08efc83e-84e2-40a1-a562-910b2e2f8a64<-40200fd9-271f-46a5-82e6-85afe20bb727#0:OK-t3. Peer's state: 40200fd9-271f-46a5-82e6-85afe20bb727@group-4A42DDB3E1D3:t3, leader=null, voted=08efc83e-84e2-40a1-a562-910b2e2f8a64, raftlog=40200fd9-271f-46a5-82e6-85afe20bb727@group-4A42DDB3E1D3-SegmentedRaftLog:OPENED:c-1, conf=-1: [1c5e7e03-d60e-4e29-906a-a7b7ae931ec0|rpc:10.1.0.60:37847|priority:1, 08efc83e-84e2-40a1-a562-910b2e2f8a64|rpc:10.1.0.60:33205|priority:0, 40200fd9-271f-46a5-82e6-85afe20bb727|rpc:10.1.0.60:33665|priority:0], old=null
2022-01-24 18:05:15,892 [1c5e7e03-d60e-4e29-906a-a7b7ae931ec0@group-4A42DDB3E1D3-LeaderElection49] INFO  server.RaftServer$Division (ServerState.java:setRaftConf(387)) - 1c5e7e03-d60e-4e29-906a-a7b7ae931ec0@group-4A42DDB3E1D3: set configuration 0: [1c5e7e03-d60e-4e29-906a-a7b7ae931ec0|rpc:10.1.0.60:37847|dataStream:|priority:1, 08efc83e-84e2-40a1-a562-910b2e2f8a64|rpc:10.1.0.60:33205|dataStream:|priority:0, 40200fd9-271f-46a5-82e6-85afe20bb727|rpc:10.1.0.60:33665|dataStream:|priority:0], old=null
2022-01-24 18:05:15,893 [1c5e7e03-d60e-4e29-906a-a7b7ae931ec0@group-4A42DDB3E1D3-LeaderStateImpl] INFO  server.RaftServer$Division (ServerState.java:setLeader(285)) - 1c5e7e03-d60e-4e29-906a-a7b7ae931ec0@group-4A42DDB3E1D3: change Leader from 1c5e7e03-d60e-4e29-906a-a7b7ae931ec0 to null at term 3 for updateCurrentTerm
2022-01-24 18:05:15,893 [1c5e7e03-d60e-4e29-906a-a7b7ae931ec0@group-4A42DDB3E1D3-LeaderStateImpl] INFO  server.RaftServer$Division (RaftServerImpl.java:setRole(290)) - 1c5e7e03-d60e-4e29-906a-a7b7ae931ec0@group-4A42DDB3E1D3: changes role from    LEADER to FOLLOWER at term 3 for StepDownReason:HIGHER_TERM
2022-01-24 18:05:15,893 [1c5e7e03-d60e-4e29-906a-a7b7ae931ec0@group-4A42DDB3E1D3-LeaderStateImpl] INFO  impl.RoleInfo (RoleInfo.java:shutdownLeaderState(91)) - 1c5e7e03-d60e-4e29-906a-a7b7ae931ec0: shutdown 1c5e7e03-d60e-4e29-906a-a7b7ae931ec0@group-4A42DDB3E1D3-LeaderStateImpl
2022-01-24 18:05:15,894 [1c5e7e03-d60e-4e29-906a-a7b7ae931ec0@group-4A42DDB3E1D3-LeaderStateImpl] INFO  impl.PendingRequests (PendingRequests.java:sendNotLeaderResponses(282)) - 1c5e7e03-d60e-4e29-906a-a7b7ae931ec0@group-4A42DDB3E1D3-PendingRequests: sendNotLeaderResponses
2022-01-24 18:05:15,894 [1c5e7e03-d60e-4e29-906a-a7b7ae931ec0@group-4A42DDB3E1D3-LeaderStateImpl] INFO  impl.RoleInfo (RoleInfo.java:updateAndGet(130)) - 1c5e7e03-d60e-4e29-906a-a7b7ae931ec0: start 1c5e7e03-d60e-4e29-906a-a7b7ae931ec0@group-4A42DDB3E1D3-FollowerState
2022-01-24 18:05:15,895 [1c5e7e03-d60e-4e29-906a-a7b7ae931ec0@group-4A42DDB3E1D3->08efc83e-84e2-40a1-a562-910b2e2f8a64-GrpcLogAppender-LogAppenderDaemon] WARN  server.GrpcLogAppender (GrpcLogAppender.java:mayWait(177)) - 1c5e7e03-d60e-4e29-906a-a7b7ae931ec0@group-4A42DDB3E1D3->08efc83e-84e2-40a1-a562-910b2e2f8a64-GrpcLogAppender: Wait interrupted by java.lang.InterruptedException
2022-01-24 18:05:15,899 [grpc-default-executor-5] INFO  server.GrpcServerProtocolService (GrpcServerProtocolService.java:onCompleted(140)) - 08efc83e-84e2-40a1-a562-910b2e2f8a64: Completed APPEND_ENTRIES, lastRequest: 1c5e7e03-d60e-4e29-906a-a7b7ae931ec0->08efc83e-84e2-40a1-a562-910b2e2f8a64#1-t2,previous=(t:0, i:0),leaderCommit=-1,initializing? true,entries: size=1, first=(t:2, i:0), CONFIGURATIONENTRY
2022-01-24 18:05:15,901 [grpc-default-executor-5] INFO  server.GrpcServerProtocolService (GrpcServerProtocolService.java:onCompleted(140)) - 40200fd9-271f-46a5-82e6-85afe20bb727: Completed APPEND_ENTRIES, lastRequest: 1c5e7e03-d60e-4e29-906a-a7b7ae931ec0->40200fd9-271f-46a5-82e6-85afe20bb727#1-t2,previous=(t:0, i:0),leaderCommit=-1,initializing? true,entries: size=1, first=(t:2, i:0), CONFIGURATIONENTRY
2022-01-24 18:05:15,917 [grpc-default-executor-3] INFO  impl.VoteContext (VoteContext.java:log(48)) - 1c5e7e03-d60e-4e29-906a-a7b7ae931ec0@group-4A42DDB3E1D3-FOLLOWER: reject ELECTION from 08efc83e-84e2-40a1-a562-910b2e2f8a64: our last entry (t:2, i:0) > candidate's last entry (t:0, i:0)
2022-01-24 18:05:15,917 [grpc-default-executor-3] INFO  server.RaftServer$Division (RaftServerImpl.java:setRole(290)) - 1c5e7e03-d60e-4e29-906a-a7b7ae931ec0@group-4A42DDB3E1D3: changes role from  FOLLOWER to FOLLOWER at term 3 for candidate:08efc83e-84e2-40a1-a562-910b2e2f8a64
2022-01-24 18:05:15,917 [grpc-default-executor-3] INFO  impl.RoleInfo (RoleInfo.java:shutdownFollowerState(108)) - 1c5e7e03-d60e-4e29-906a-a7b7ae931ec0: shutdown 1c5e7e03-d60e-4e29-906a-a7b7ae931ec0@group-4A42DDB3E1D3-FollowerState
2022-01-24 18:05:15,917 [grpc-default-executor-3] INFO  impl.RoleInfo (RoleInfo.java:updateAndGet(130)) - 1c5e7e03-d60e-4e29-906a-a7b7ae931ec0: start 1c5e7e03-d60e-4e29-906a-a7b7ae931ec0@group-4A42DDB3E1D3-FollowerState
2022-01-24 18:05:15,917 [1c5e7e03-d60e-4e29-906a-a7b7ae931ec0@group-4A42DDB3E1D3-FollowerState] INFO  impl.FollowerState (FollowerState.java:run(143)) - 1c5e7e03-d60e-4e29-906a-a7b7ae931ec0@group-4A42DDB3E1D3-FollowerState was interrupted: {}
java.lang.InterruptedException: sleep interrupted
	at java.lang.Thread.sleep(Native Method)
	at java.lang.Thread.sleep(Thread.java:340)
	at java.util.concurrent.TimeUnit.sleep(TimeUnit.java:386)
	at org.apache.ratis.util.TimeDuration.sleep(TimeDuration.java:324)
	at org.apache.ratis.util.TimeDuration.sleep(TimeDuration.java:309)
	at org.apache.ratis.server.impl.FollowerState.run(FollowerState.java:118)
2022-01-24 18:05:15,936 [grpc-default-executor-3] INFO  server.RaftServer$Division (RaftServerImpl.java:requestVote(1078)) - 1c5e7e03-d60e-4e29-906a-a7b7ae931ec0@group-4A42DDB3E1D3 replies to ELECTION vote request: 08efc83e-84e2-40a1-a562-910b2e2f8a64<-1c5e7e03-d60e-4e29-906a-a7b7ae931ec0#0:FAIL-t3. Peer's state: 1c5e7e03-d60e-4e29-906a-a7b7ae931ec0@group-4A42DDB3E1D3:t3, leader=null, voted=null, raftlog=1c5e7e03-d60e-4e29-906a-a7b7ae931ec0@group-4A42DDB3E1D3-SegmentedRaftLog:OPENED:c0, conf=0: [1c5e7e03-d60e-4e29-906a-a7b7ae931ec0|rpc:10.1.0.60:37847|dataStream:|priority:1, 08efc83e-84e2-40a1-a562-910b2e2f8a64|rpc:10.1.0.60:33205|dataStream:|priority:0, 40200fd9-271f-46a5-82e6-85afe20bb727|rpc:10.1.0.60:33665|dataStream:|priority:0], old=null
2022-01-24 18:05:15,937 [grpc-default-executor-4] INFO  server.GrpcLogAppender (GrpcLogAppender.java:onCompleted(346)) - 1c5e7e03-d60e-4e29-906a-a7b7ae931ec0@group-4A42DDB3E1D3->40200fd9-271f-46a5-82e6-85afe20bb727-AppendLogResponseHandler: follower responses appendEntries COMPLETED
2022-01-24 18:05:15,937 [grpc-default-executor-4] INFO  leader.FollowerInfo (FollowerInfoImpl.java:lambda$new$0(47)) - 1c5e7e03-d60e-4e29-906a-a7b7ae931ec0@group-4A42DDB3E1D3->40200fd9-271f-46a5-82e6-85afe20bb727: nextIndex: updateUnconditionally 1 -> 0
2022-01-24 18:05:15,945 [08efc83e-84e2-40a1-a562-910b2e2f8a64@group-4A42DDB3E1D3-LeaderElection50] INFO  impl.LeaderElection (LeaderElection.java:logAndReturn(89)) - 08efc83e-84e2-40a1-a562-910b2e2f8a64@group-4A42DDB3E1D3-LeaderElection50: ELECTION REJECTED received 2 response(s) and 0 exception(s):
2022-01-24 18:05:15,945 [08efc83e-84e2-40a1-a562-910b2e2f8a64@group-4A42DDB3E1D3-LeaderElection50] INFO  impl.LeaderElection (LeaderElection.java:logAndReturn(93)) -   Response 0: 08efc83e-84e2-40a1-a562-910b2e2f8a64<-1c5e7e03-d60e-4e29-906a-a7b7ae931ec0#0:FAIL-t3
2022-01-24 18:05:15,945 [08efc83e-84e2-40a1-a562-910b2e2f8a64@group-4A42DDB3E1D3-LeaderElection50] INFO  impl.LeaderElection (LeaderElection.java:logAndReturn(93)) -   Response 1: 08efc83e-84e2-40a1-a562-910b2e2f8a64<-40200fd9-271f-46a5-82e6-85afe20bb727#0:OK-t3
2022-01-24 18:05:15,945 [08efc83e-84e2-40a1-a562-910b2e2f8a64@group-4A42DDB3E1D3-LeaderElection50] INFO  impl.LeaderElection (LeaderElection.java:askForVotes(308)) - 08efc83e-84e2-40a1-a562-910b2e2f8a64@group-4A42DDB3E1D3-LeaderElection50 ELECTION round 0: result REJECTED
2022-01-24 18:05:15,945 [08efc83e-84e2-40a1-a562-910b2e2f8a64@group-4A42DDB3E1D3-LeaderElection50] INFO  server.RaftServer$Division (RaftServerImpl.java:setRole(290)) - 08efc83e-84e2-40a1-a562-910b2e2f8a64@group-4A42DDB3E1D3: changes role from CANDIDATE to FOLLOWER at term 3 for REJECTED
2022-01-24 18:05:15,945 [08efc83e-84e2-40a1-a562-910b2e2f8a64@group-4A42DDB3E1D3-LeaderElection50] INFO  impl.RoleInfo (RoleInfo.java:shutdownLeaderElection(121)) - 08efc83e-84e2-40a1-a562-910b2e2f8a64: shutdown 08efc83e-84e2-40a1-a562-910b2e2f8a64@group-4A42DDB3E1D3-LeaderElection50
2022-01-24 18:05:15,945 [08efc83e-84e2-40a1-a562-910b2e2f8a64@group-4A42DDB3E1D3-LeaderElection50] INFO  impl.RoleInfo (RoleInfo.java:updateAndGet(130)) - 08efc83e-84e2-40a1-a562-910b2e2f8a64: start 08efc83e-84e2-40a1-a562-910b2e2f8a64@group-4A42DDB3E1D3-FollowerState
2022-01-24 18:05:15,947 [grpc-default-executor-4] INFO  server.GrpcLogAppender (GrpcLogAppender.java:onCompleted(346)) - 1c5e7e03-d60e-4e29-906a-a7b7ae931ec0@group-4A42DDB3E1D3->08efc83e-84e2-40a1-a562-910b2e2f8a64-AppendLogResponseHandler: follower responses appendEntries COMPLETED
2022-01-24 18:05:15,947 [grpc-default-executor-4] INFO  leader.FollowerInfo (FollowerInfoImpl.java:lambda$new$0(47)) - 1c5e7e03-d60e-4e29-906a-a7b7ae931ec0@group-4A42DDB3E1D3->08efc83e-84e2-40a1-a562-910b2e2f8a64: nextIndex: updateUnconditionally 1 -> 0
2022-01-24 18:05:16,149 [Listener at 127.0.0.1/42611] INFO  ozone.MiniOzoneClusterImpl (MiniOzoneClusterImpl.java:lambda$waitForClusterToBeReady$0(219)) - Nodes are ready. Got 7 of 7 DN Heartbeats.
2022-01-24 18:05:16,149 [Listener at 127.0.0.1/42611] INFO  ozone.MiniOzoneClusterImpl (MiniOzoneClusterImpl.java:lambda$waitForClusterToBeReady$0(222)) - Cluster exits safe mode
2022-01-24 18:05:16,149 [Listener at 127.0.0.1/42611] INFO  ozone.MiniOzoneClusterImpl (MiniOzoneClusterImpl.java:lambda$waitForClusterToBeReady$0(224)) - SCM became leader
2022-01-24 18:05:16,150 [Listener at 127.0.0.1/42611] INFO  rpc.RpcClient (RpcClient.java:createVolume(393)) - Creating Volume: testblockoutputstream, with runner as owner and space quota set to -1 bytes, counts quota set to -1
2022-01-24 18:05:16,193 [OM StateMachine ApplyTransaction Thread - 0] INFO  volume.OMVolumeCreateRequest (OMVolumeCreateRequest.java:validateAndUpdateCache(195)) - created volume:testblockoutputstream for user:runner
2022-01-24 18:05:16,218 [Listener at 127.0.0.1/42611] INFO  rpc.RpcClient (RpcClient.java:createBucket(556)) - Creating Bucket: testblockoutputstream/testblockoutputstream, with runner as owner and Versioning false and Storage Type set to DISK and Encryption set to false 
2022-01-24 18:05:16,226 [Listener at 127.0.0.1/42611] INFO  ozone.MiniOzoneClusterImpl (MiniOzoneClusterImpl.java:getStorageContainerLocationClient(330)) - Creating StorageContainerLocationProtocol RPC client with address /0.0.0.0:46015
2022-01-24 18:05:16,250 [IPC Server handler 6 on default port 46015] INFO  ha.SCMHAInvocationHandler (SCMHAInvocationHandler.java:invokeRatis(113)) - Invoking method public abstract java.lang.Boolean org.apache.hadoop.hdds.scm.ha.SequenceIdGenerator$StateManager.allocateBatch(java.lang.String,java.lang.Long,java.lang.Long) on target org.apache.hadoop.hdds.scm.ha.SCMRatisServerImpl@3130b1de, cost 4705.898us
2022-01-24 18:05:16,250 [IPC Server handler 6 on default port 46015] INFO  ha.SequenceIdGenerator (SequenceIdGenerator.java:getNextId(127)) - Allocate a batch for containerId, change lastId from 0 to 1000.
2022-01-24 18:05:16,252 [IPC Server handler 6 on default port 46015] INFO  ha.SCMHAInvocationHandler (SCMHAInvocationHandler.java:invokeRatis(113)) - Invoking method public abstract void org.apache.hadoop.hdds.scm.container.ContainerStateManager.addContainer(org.apache.hadoop.hdds.protocol.proto.HddsProtos$ContainerInfoProto) throws java.io.IOException on target org.apache.hadoop.hdds.scm.ha.SCMRatisServerImpl@3130b1de, cost 1862.779us
2022-01-24 18:05:17,092 [9fc6c589-e101-4b7c-8c44-590da935f0a3@group-FE0586866A31-FollowerState] INFO  impl.FollowerState (FollowerState.java:run(134)) - 9fc6c589-e101-4b7c-8c44-590da935f0a3@group-FE0586866A31-FollowerState: change to CANDIDATE, lastRpcElapsedTime:5075508670ns, electionTimeout:5069ms
2022-01-24 18:05:17,093 [9fc6c589-e101-4b7c-8c44-590da935f0a3@group-FE0586866A31-FollowerState] INFO  impl.RoleInfo (RoleInfo.java:shutdownFollowerState(108)) - 9fc6c589-e101-4b7c-8c44-590da935f0a3: shutdown 9fc6c589-e101-4b7c-8c44-590da935f0a3@group-FE0586866A31-FollowerState
2022-01-24 18:05:17,093 [9fc6c589-e101-4b7c-8c44-590da935f0a3@group-FE0586866A31-FollowerState] INFO  server.RaftServer$Division (RaftServerImpl.java:setRole(290)) - 9fc6c589-e101-4b7c-8c44-590da935f0a3@group-FE0586866A31: changes role from  FOLLOWER to CANDIDATE at term 1 for changeToCandidate
2022-01-24 18:05:17,093 [9fc6c589-e101-4b7c-8c44-590da935f0a3@group-FE0586866A31-FollowerState] INFO  server.RaftServerConfigKeys (ConfUtils.java:logGet(44)) - raft.server.leaderelection.pre-vote = false (custom)
2022-01-24 18:05:17,093 [9fc6c589-e101-4b7c-8c44-590da935f0a3@group-FE0586866A31-FollowerState] INFO  impl.RoleInfo (RoleInfo.java:updateAndGet(130)) - 9fc6c589-e101-4b7c-8c44-590da935f0a3: start 9fc6c589-e101-4b7c-8c44-590da935f0a3@group-FE0586866A31-LeaderElection51
2022-01-24 18:05:17,105 [9fc6c589-e101-4b7c-8c44-590da935f0a3@group-FE0586866A31-LeaderElection51] INFO  impl.LeaderElection (LeaderElection.java:askForVotes(306)) - 9fc6c589-e101-4b7c-8c44-590da935f0a3@group-FE0586866A31-LeaderElection51 ELECTION round 0: submit vote requests at term 2 for -1: [9fc6c589-e101-4b7c-8c44-590da935f0a3|rpc:10.1.0.60:37269|dataStream:|priority:0, 109b74c6-5970-42d9-b999-0985bb35528b|rpc:10.1.0.60:34259|dataStream:|priority:0, c189953c-19e1-459b-9255-7173c2cde622|rpc:10.1.0.60:39667|dataStream:|priority:1], old=null
2022-01-24 18:05:17,110 [grpc-default-executor-4] INFO  server.RaftServer$Division (RaftServerImpl.java:requestVote(1046)) - 109b74c6-5970-42d9-b999-0985bb35528b@group-FE0586866A31: receive requestVote(ELECTION, 9fc6c589-e101-4b7c-8c44-590da935f0a3, group-FE0586866A31, 2, (t:0, i:0))
2022-01-24 18:05:17,110 [grpc-default-executor-4] INFO  impl.VoteContext (VoteContext.java:log(48)) - 109b74c6-5970-42d9-b999-0985bb35528b@group-FE0586866A31-FOLLOWER: accept ELECTION from 9fc6c589-e101-4b7c-8c44-590da935f0a3: our priority 0 <= candidate's priority 0
2022-01-24 18:05:17,110 [grpc-default-executor-4] INFO  server.RaftServer$Division (RaftServerImpl.java:setRole(290)) - 109b74c6-5970-42d9-b999-0985bb35528b@group-FE0586866A31: changes role from  FOLLOWER to FOLLOWER at term 2 for candidate:9fc6c589-e101-4b7c-8c44-590da935f0a3
2022-01-24 18:05:17,110 [grpc-default-executor-4] INFO  impl.RoleInfo (RoleInfo.java:shutdownFollowerState(108)) - 109b74c6-5970-42d9-b999-0985bb35528b: shutdown 109b74c6-5970-42d9-b999-0985bb35528b@group-FE0586866A31-FollowerState
2022-01-24 18:05:17,110 [grpc-default-executor-4] INFO  impl.RoleInfo (RoleInfo.java:updateAndGet(130)) - 109b74c6-5970-42d9-b999-0985bb35528b: start 109b74c6-5970-42d9-b999-0985bb35528b@group-FE0586866A31-FollowerState
2022-01-24 18:05:17,111 [109b74c6-5970-42d9-b999-0985bb35528b@group-FE0586866A31-FollowerState] INFO  impl.FollowerState (FollowerState.java:run(143)) - 109b74c6-5970-42d9-b999-0985bb35528b@group-FE0586866A31-FollowerState was interrupted: {}
java.lang.InterruptedException: sleep interrupted
	at java.lang.Thread.sleep(Native Method)
	at java.lang.Thread.sleep(Thread.java:340)
	at java.util.concurrent.TimeUnit.sleep(TimeUnit.java:386)
	at org.apache.ratis.util.TimeDuration.sleep(TimeDuration.java:324)
	at org.apache.ratis.util.TimeDuration.sleep(TimeDuration.java:309)
	at org.apache.ratis.server.impl.FollowerState.run(FollowerState.java:118)
2022-01-24 18:05:17,114 [grpc-default-executor-6] INFO  server.RaftServer$Division (RaftServerImpl.java:requestVote(1046)) - c189953c-19e1-459b-9255-7173c2cde622@group-FE0586866A31: receive requestVote(ELECTION, 9fc6c589-e101-4b7c-8c44-590da935f0a3, group-FE0586866A31, 2, (t:0, i:0))
2022-01-24 18:05:17,118 [grpc-default-executor-6] INFO  impl.VoteContext (VoteContext.java:log(48)) - c189953c-19e1-459b-9255-7173c2cde622@group-FE0586866A31-FOLLOWER: reject ELECTION from 9fc6c589-e101-4b7c-8c44-590da935f0a3: our priority 1 > candidate's priority 0
2022-01-24 18:05:17,118 [grpc-default-executor-6] INFO  server.RaftServer$Division (RaftServerImpl.java:setRole(290)) - c189953c-19e1-459b-9255-7173c2cde622@group-FE0586866A31: changes role from  FOLLOWER to FOLLOWER at term 2 for candidate:9fc6c589-e101-4b7c-8c44-590da935f0a3
2022-01-24 18:05:17,118 [grpc-default-executor-6] INFO  impl.RoleInfo (RoleInfo.java:shutdownFollowerState(108)) - c189953c-19e1-459b-9255-7173c2cde622: shutdown c189953c-19e1-459b-9255-7173c2cde622@group-FE0586866A31-FollowerState
2022-01-24 18:05:17,118 [grpc-default-executor-4] INFO  server.RaftServer$Division (RaftServerImpl.java:requestVote(1078)) - 109b74c6-5970-42d9-b999-0985bb35528b@group-FE0586866A31 replies to ELECTION vote request: 9fc6c589-e101-4b7c-8c44-590da935f0a3<-109b74c6-5970-42d9-b999-0985bb35528b#0:OK-t2. Peer's state: 109b74c6-5970-42d9-b999-0985bb35528b@group-FE0586866A31:t2, leader=null, voted=9fc6c589-e101-4b7c-8c44-590da935f0a3, raftlog=109b74c6-5970-42d9-b999-0985bb35528b@group-FE0586866A31-SegmentedRaftLog:OPENED:c-1, conf=-1: [9fc6c589-e101-4b7c-8c44-590da935f0a3|rpc:10.1.0.60:37269|priority:0, 109b74c6-5970-42d9-b999-0985bb35528b|rpc:10.1.0.60:34259|priority:0, c189953c-19e1-459b-9255-7173c2cde622|rpc:10.1.0.60:39667|priority:1], old=null
2022-01-24 18:05:17,118 [grpc-default-executor-6] INFO  impl.RoleInfo (RoleInfo.java:updateAndGet(130)) - c189953c-19e1-459b-9255-7173c2cde622: start c189953c-19e1-459b-9255-7173c2cde622@group-FE0586866A31-FollowerState
2022-01-24 18:05:17,118 [c189953c-19e1-459b-9255-7173c2cde622@group-FE0586866A31-FollowerState] INFO  impl.FollowerState (FollowerState.java:run(143)) - c189953c-19e1-459b-9255-7173c2cde622@group-FE0586866A31-FollowerState was interrupted: {}
java.lang.InterruptedException: sleep interrupted
	at java.lang.Thread.sleep(Native Method)
	at java.lang.Thread.sleep(Thread.java:340)
	at java.util.concurrent.TimeUnit.sleep(TimeUnit.java:386)
	at org.apache.ratis.util.TimeDuration.sleep(TimeDuration.java:324)
	at org.apache.ratis.util.TimeDuration.sleep(TimeDuration.java:309)
	at org.apache.ratis.server.impl.FollowerState.run(FollowerState.java:118)
2022-01-24 18:05:17,135 [grpc-default-executor-6] INFO  server.RaftServer$Division (RaftServerImpl.java:requestVote(1078)) - c189953c-19e1-459b-9255-7173c2cde622@group-FE0586866A31 replies to ELECTION vote request: 9fc6c589-e101-4b7c-8c44-590da935f0a3<-c189953c-19e1-459b-9255-7173c2cde622#0:FAIL-t2. Peer's state: c189953c-19e1-459b-9255-7173c2cde622@group-FE0586866A31:t2, leader=null, voted=null, raftlog=c189953c-19e1-459b-9255-7173c2cde622@group-FE0586866A31-SegmentedRaftLog:OPENED:c-1, conf=-1: [9fc6c589-e101-4b7c-8c44-590da935f0a3|rpc:10.1.0.60:37269|dataStream:|priority:0, 109b74c6-5970-42d9-b999-0985bb35528b|rpc:10.1.0.60:34259|dataStream:|priority:0, c189953c-19e1-459b-9255-7173c2cde622|rpc:10.1.0.60:39667|dataStream:|priority:1], old=null
2022-01-24 18:05:17,136 [9fc6c589-e101-4b7c-8c44-590da935f0a3@group-FE0586866A31-LeaderElection51] INFO  impl.LeaderElection (LeaderElection.java:logAndReturn(89)) - 9fc6c589-e101-4b7c-8c44-590da935f0a3@group-FE0586866A31-LeaderElection51: ELECTION REJECTED received 2 response(s) and 0 exception(s):
2022-01-24 18:05:17,136 [9fc6c589-e101-4b7c-8c44-590da935f0a3@group-FE0586866A31-LeaderElection51] INFO  impl.LeaderElection (LeaderElection.java:logAndReturn(93)) -   Response 0: 9fc6c589-e101-4b7c-8c44-590da935f0a3<-109b74c6-5970-42d9-b999-0985bb35528b#0:OK-t2
2022-01-24 18:05:17,137 [9fc6c589-e101-4b7c-8c44-590da935f0a3@group-FE0586866A31-LeaderElection51] INFO  impl.LeaderElection (LeaderElection.java:logAndReturn(93)) -   Response 1: 9fc6c589-e101-4b7c-8c44-590da935f0a3<-c189953c-19e1-459b-9255-7173c2cde622#0:FAIL-t2
2022-01-24 18:05:17,137 [9fc6c589-e101-4b7c-8c44-590da935f0a3@group-FE0586866A31-LeaderElection51] INFO  impl.LeaderElection (LeaderElection.java:askForVotes(308)) - 9fc6c589-e101-4b7c-8c44-590da935f0a3@group-FE0586866A31-LeaderElection51 ELECTION round 0: result REJECTED
2022-01-24 18:05:17,137 [9fc6c589-e101-4b7c-8c44-590da935f0a3@group-FE0586866A31-LeaderElection51] INFO  server.RaftServer$Division (RaftServerImpl.java:setRole(290)) - 9fc6c589-e101-4b7c-8c44-590da935f0a3@group-FE0586866A31: changes role from CANDIDATE to FOLLOWER at term 2 for REJECTED
2022-01-24 18:05:17,137 [9fc6c589-e101-4b7c-8c44-590da935f0a3@group-FE0586866A31-LeaderElection51] INFO  impl.RoleInfo (RoleInfo.java:shutdownLeaderElection(121)) - 9fc6c589-e101-4b7c-8c44-590da935f0a3: shutdown 9fc6c589-e101-4b7c-8c44-590da935f0a3@group-FE0586866A31-LeaderElection51
2022-01-24 18:05:17,137 [9fc6c589-e101-4b7c-8c44-590da935f0a3@group-FE0586866A31-LeaderElection51] INFO  impl.RoleInfo (RoleInfo.java:updateAndGet(130)) - 9fc6c589-e101-4b7c-8c44-590da935f0a3: start 9fc6c589-e101-4b7c-8c44-590da935f0a3@group-FE0586866A31-FollowerState
2022-01-24 18:05:17,368 [109b74c6-5970-42d9-b999-0985bb35528b@group-A7FA955D15D6-FollowerState] INFO  impl.FollowerState (FollowerState.java:run(134)) - 109b74c6-5970-42d9-b999-0985bb35528b@group-A7FA955D15D6-FollowerState: change to CANDIDATE, lastRpcElapsedTime:5083138482ns, electionTimeout:5082ms
2022-01-24 18:05:17,368 [109b74c6-5970-42d9-b999-0985bb35528b@group-A7FA955D15D6-FollowerState] INFO  impl.RoleInfo (RoleInfo.java:shutdownFollowerState(108)) - 109b74c6-5970-42d9-b999-0985bb35528b: shutdown 109b74c6-5970-42d9-b999-0985bb35528b@group-A7FA955D15D6-FollowerState
2022-01-24 18:05:17,368 [109b74c6-5970-42d9-b999-0985bb35528b@group-A7FA955D15D6-FollowerState] INFO  server.RaftServer$Division (RaftServerImpl.java:setRole(290)) - 109b74c6-5970-42d9-b999-0985bb35528b@group-A7FA955D15D6: changes role from  FOLLOWER to CANDIDATE at term 1 for changeToCandidate
2022-01-24 18:05:17,368 [109b74c6-5970-42d9-b999-0985bb35528b@group-A7FA955D15D6-FollowerState] INFO  server.RaftServerConfigKeys (ConfUtils.java:logGet(44)) - raft.server.leaderelection.pre-vote = false (custom)
2022-01-24 18:05:17,368 [109b74c6-5970-42d9-b999-0985bb35528b@group-A7FA955D15D6-FollowerState] INFO  impl.RoleInfo (RoleInfo.java:updateAndGet(130)) - 109b74c6-5970-42d9-b999-0985bb35528b: start 109b74c6-5970-42d9-b999-0985bb35528b@group-A7FA955D15D6-LeaderElection52
2022-01-24 18:05:17,393 [109b74c6-5970-42d9-b999-0985bb35528b@group-A7FA955D15D6-LeaderElection52] INFO  impl.LeaderElection (LeaderElection.java:askForVotes(306)) - 109b74c6-5970-42d9-b999-0985bb35528b@group-A7FA955D15D6-LeaderElection52 ELECTION round 0: submit vote requests at term 2 for -1: [9fc6c589-e101-4b7c-8c44-590da935f0a3|rpc:10.1.0.60:37269|priority:0, 109b74c6-5970-42d9-b999-0985bb35528b|rpc:10.1.0.60:34259|priority:1, c189953c-19e1-459b-9255-7173c2cde622|rpc:10.1.0.60:39667|priority:0], old=null
2022-01-24 18:05:17,399 [grpc-default-executor-6] INFO  server.RaftServer$Division (RaftServerImpl.java:requestVote(1046)) - 9fc6c589-e101-4b7c-8c44-590da935f0a3@group-A7FA955D15D6: receive requestVote(ELECTION, 109b74c6-5970-42d9-b999-0985bb35528b, group-A7FA955D15D6, 2, (t:0, i:0))
2022-01-24 18:05:17,399 [grpc-default-executor-6] INFO  impl.VoteContext (VoteContext.java:log(48)) - 9fc6c589-e101-4b7c-8c44-590da935f0a3@group-A7FA955D15D6-FOLLOWER: accept ELECTION from 109b74c6-5970-42d9-b999-0985bb35528b: our priority 0 <= candidate's priority 1
2022-01-24 18:05:17,399 [grpc-default-executor-6] INFO  server.RaftServer$Division (RaftServerImpl.java:setRole(290)) - 9fc6c589-e101-4b7c-8c44-590da935f0a3@group-A7FA955D15D6: changes role from  FOLLOWER to FOLLOWER at term 2 for candidate:109b74c6-5970-42d9-b999-0985bb35528b
2022-01-24 18:05:17,399 [grpc-default-executor-6] INFO  impl.RoleInfo (RoleInfo.java:shutdownFollowerState(108)) - 9fc6c589-e101-4b7c-8c44-590da935f0a3: shutdown 9fc6c589-e101-4b7c-8c44-590da935f0a3@group-A7FA955D15D6-FollowerState
2022-01-24 18:05:17,402 [grpc-default-executor-6] INFO  impl.RoleInfo (RoleInfo.java:updateAndGet(130)) - 9fc6c589-e101-4b7c-8c44-590da935f0a3: start 9fc6c589-e101-4b7c-8c44-590da935f0a3@group-A7FA955D15D6-FollowerState
2022-01-24 18:05:17,402 [9fc6c589-e101-4b7c-8c44-590da935f0a3@group-A7FA955D15D6-FollowerState] INFO  impl.FollowerState (FollowerState.java:run(143)) - 9fc6c589-e101-4b7c-8c44-590da935f0a3@group-A7FA955D15D6-FollowerState was interrupted: {}
java.lang.InterruptedException: sleep interrupted
	at java.lang.Thread.sleep(Native Method)
	at java.lang.Thread.sleep(Thread.java:340)
	at java.util.concurrent.TimeUnit.sleep(TimeUnit.java:386)
	at org.apache.ratis.util.TimeDuration.sleep(TimeDuration.java:324)
	at org.apache.ratis.util.TimeDuration.sleep(TimeDuration.java:309)
	at org.apache.ratis.server.impl.FollowerState.run(FollowerState.java:118)
2022-01-24 18:05:17,405 [grpc-default-executor-4] INFO  server.RaftServer$Division (RaftServerImpl.java:requestVote(1046)) - c189953c-19e1-459b-9255-7173c2cde622@group-A7FA955D15D6: receive requestVote(ELECTION, 109b74c6-5970-42d9-b999-0985bb35528b, group-A7FA955D15D6, 2, (t:0, i:0))
2022-01-24 18:05:17,410 [grpc-default-executor-4] INFO  impl.VoteContext (VoteContext.java:log(48)) - c189953c-19e1-459b-9255-7173c2cde622@group-A7FA955D15D6-FOLLOWER: accept ELECTION from 109b74c6-5970-42d9-b999-0985bb35528b: our priority 0 <= candidate's priority 1
2022-01-24 18:05:17,410 [grpc-default-executor-6] INFO  server.RaftServer$Division (RaftServerImpl.java:requestVote(1078)) - 9fc6c589-e101-4b7c-8c44-590da935f0a3@group-A7FA955D15D6 replies to ELECTION vote request: 109b74c6-5970-42d9-b999-0985bb35528b<-9fc6c589-e101-4b7c-8c44-590da935f0a3#0:OK-t2. Peer's state: 9fc6c589-e101-4b7c-8c44-590da935f0a3@group-A7FA955D15D6:t2, leader=null, voted=109b74c6-5970-42d9-b999-0985bb35528b, raftlog=9fc6c589-e101-4b7c-8c44-590da935f0a3@group-A7FA955D15D6-SegmentedRaftLog:OPENED:c-1, conf=-1: [9fc6c589-e101-4b7c-8c44-590da935f0a3|rpc:10.1.0.60:37269|dataStream:|priority:0, 109b74c6-5970-42d9-b999-0985bb35528b|rpc:10.1.0.60:34259|dataStream:|priority:1, c189953c-19e1-459b-9255-7173c2cde622|rpc:10.1.0.60:39667|dataStream:|priority:0], old=null
2022-01-24 18:05:17,410 [grpc-default-executor-4] INFO  server.RaftServer$Division (RaftServerImpl.java:setRole(290)) - c189953c-19e1-459b-9255-7173c2cde622@group-A7FA955D15D6: changes role from  FOLLOWER to FOLLOWER at term 2 for candidate:109b74c6-5970-42d9-b999-0985bb35528b
2022-01-24 18:05:17,410 [grpc-default-executor-4] INFO  impl.RoleInfo (RoleInfo.java:shutdownFollowerState(108)) - c189953c-19e1-459b-9255-7173c2cde622: shutdown c189953c-19e1-459b-9255-7173c2cde622@group-A7FA955D15D6-FollowerState
2022-01-24 18:05:17,410 [grpc-default-executor-4] INFO  impl.RoleInfo (RoleInfo.java:updateAndGet(130)) - c189953c-19e1-459b-9255-7173c2cde622: start c189953c-19e1-459b-9255-7173c2cde622@group-A7FA955D15D6-FollowerState
2022-01-24 18:05:17,410 [c189953c-19e1-459b-9255-7173c2cde622@group-A7FA955D15D6-FollowerState] INFO  impl.FollowerState (FollowerState.java:run(143)) - c189953c-19e1-459b-9255-7173c2cde622@group-A7FA955D15D6-FollowerState was interrupted: {}
java.lang.InterruptedException: sleep interrupted
	at java.lang.Thread.sleep(Native Method)
	at java.lang.Thread.sleep(Thread.java:340)
	at java.util.concurrent.TimeUnit.sleep(TimeUnit.java:386)
	at org.apache.ratis.util.TimeDuration.sleep(TimeDuration.java:324)
	at org.apache.ratis.util.TimeDuration.sleep(TimeDuration.java:309)
	at org.apache.ratis.server.impl.FollowerState.run(FollowerState.java:118)
2022-01-24 18:05:17,415 [grpc-default-executor-4] INFO  server.RaftServer$Division (RaftServerImpl.java:requestVote(1078)) - c189953c-19e1-459b-9255-7173c2cde622@group-A7FA955D15D6 replies to ELECTION vote request: 109b74c6-5970-42d9-b999-0985bb35528b<-c189953c-19e1-459b-9255-7173c2cde622#0:OK-t2. Peer's state: c189953c-19e1-459b-9255-7173c2cde622@group-A7FA955D15D6:t2, leader=null, voted=109b74c6-5970-42d9-b999-0985bb35528b, raftlog=c189953c-19e1-459b-9255-7173c2cde622@group-A7FA955D15D6-SegmentedRaftLog:OPENED:c-1, conf=-1: [9fc6c589-e101-4b7c-8c44-590da935f0a3|rpc:10.1.0.60:37269|dataStream:|priority:0, 109b74c6-5970-42d9-b999-0985bb35528b|rpc:10.1.0.60:34259|dataStream:|priority:1, c189953c-19e1-459b-9255-7173c2cde622|rpc:10.1.0.60:39667|dataStream:|priority:0], old=null
2022-01-24 18:05:17,416 [109b74c6-5970-42d9-b999-0985bb35528b@group-A7FA955D15D6-LeaderElection52] INFO  impl.LeaderElection (LeaderElection.java:logAndReturn(89)) - 109b74c6-5970-42d9-b999-0985bb35528b@group-A7FA955D15D6-LeaderElection52: ELECTION PASSED received 1 response(s) and 0 exception(s):
2022-01-24 18:05:17,416 [109b74c6-5970-42d9-b999-0985bb35528b@group-A7FA955D15D6-LeaderElection52] INFO  impl.LeaderElection (LeaderElection.java:logAndReturn(93)) -   Response 0: 109b74c6-5970-42d9-b999-0985bb35528b<-c189953c-19e1-459b-9255-7173c2cde622#0:OK-t2
2022-01-24 18:05:17,416 [109b74c6-5970-42d9-b999-0985bb35528b@group-A7FA955D15D6-LeaderElection52] INFO  impl.LeaderElection (LeaderElection.java:askForVotes(308)) - 109b74c6-5970-42d9-b999-0985bb35528b@group-A7FA955D15D6-LeaderElection52 ELECTION round 0: result PASSED
2022-01-24 18:05:17,416 [109b74c6-5970-42d9-b999-0985bb35528b@group-A7FA955D15D6-LeaderElection52] INFO  impl.RoleInfo (RoleInfo.java:shutdownLeaderElection(121)) - 109b74c6-5970-42d9-b999-0985bb35528b: shutdown 109b74c6-5970-42d9-b999-0985bb35528b@group-A7FA955D15D6-LeaderElection52
2022-01-24 18:05:17,416 [109b74c6-5970-42d9-b999-0985bb35528b@group-A7FA955D15D6-LeaderElection52] INFO  server.RaftServer$Division (RaftServerImpl.java:setRole(290)) - 109b74c6-5970-42d9-b999-0985bb35528b@group-A7FA955D15D6: changes role from CANDIDATE to LEADER at term 2 for changeToLeader
2022-01-24 18:05:17,416 [109b74c6-5970-42d9-b999-0985bb35528b@group-A7FA955D15D6-LeaderElection52] INFO  ratis.XceiverServerRatis (XceiverServerRatis.java:handleLeaderChangedNotification(866)) - Leader change notification received for group: group-A7FA955D15D6 with new leaderId: 109b74c6-5970-42d9-b999-0985bb35528b
2022-01-24 18:05:17,416 [109b74c6-5970-42d9-b999-0985bb35528b@group-A7FA955D15D6-LeaderElection52] INFO  server.RaftServer$Division (ServerState.java:setLeader(285)) - 109b74c6-5970-42d9-b999-0985bb35528b@group-A7FA955D15D6: change Leader from null to 109b74c6-5970-42d9-b999-0985bb35528b at term 2 for becomeLeader, leader elected after 10358ms
2022-01-24 18:05:17,417 [109b74c6-5970-42d9-b999-0985bb35528b@group-A7FA955D15D6-LeaderElection52] INFO  server.RaftServerConfigKeys (ConfUtils.java:logGet(44)) - raft.server.staging.catchup.gap = 1000 (default)
2022-01-24 18:05:17,417 [109b74c6-5970-42d9-b999-0985bb35528b@group-A7FA955D15D6-LeaderElection52] INFO  server.RaftServerConfigKeys (ConfUtils.java:logGet(44)) - raft.server.write.element-limit = 1024 (custom)
2022-01-24 18:05:17,417 [109b74c6-5970-42d9-b999-0985bb35528b@group-A7FA955D15D6-LeaderElection52] INFO  server.RaftServerConfigKeys (ConfUtils.java:logGet(44)) - raft.server.write.byte-limit = 1024 M (=1073741824) (custom)
2022-01-24 18:05:17,417 [109b74c6-5970-42d9-b999-0985bb35528b@group-A7FA955D15D6-LeaderElection52] INFO  server.RaftServerConfigKeys (ConfUtils.java:logGet(44)) - raft.server.watch.timeout = 3000ms (custom)
2022-01-24 18:05:17,417 [109b74c6-5970-42d9-b999-0985bb35528b@group-A7FA955D15D6-LeaderElection52] INFO  server.RaftServerConfigKeys (ConfUtils.java:logGet(44)) - raft.server.watch.timeout.denomination = 1s (default)
2022-01-24 18:05:17,417 [109b74c6-5970-42d9-b999-0985bb35528b@group-A7FA955D15D6-LeaderElection52] INFO  server.RaftServerConfigKeys (ConfUtils.java:logGet(44)) - raft.server.watch.element-limit = 65536 (default)
2022-01-24 18:05:17,417 [109b74c6-5970-42d9-b999-0985bb35528b@group-A7FA955D15D6-LeaderElection52] INFO  server.RaftServerConfigKeys (ConfUtils.java:logGet(44)) - raft.server.write.element-limit = 1024 (custom)
2022-01-24 18:05:17,417 [109b74c6-5970-42d9-b999-0985bb35528b@group-A7FA955D15D6-LeaderElection52] INFO  server.RaftServerConfigKeys (ConfUtils.java:logGet(44)) - raft.server.write.follower.gap.ratio.max = -1.0 (default)
2022-01-24 18:05:17,417 [109b74c6-5970-42d9-b999-0985bb35528b@group-A7FA955D15D6-LeaderElection52] INFO  server.RaftServerConfigKeys (ConfUtils.java:logGet(44)) - raft.server.log.appender.snapshot.chunk.size.max = 16MB (=16777216) (default)
2022-01-24 18:05:17,417 [109b74c6-5970-42d9-b999-0985bb35528b@group-A7FA955D15D6-LeaderElection52] INFO  server.RaftServerConfigKeys (ConfUtils.java:logGet(44)) - raft.server.log.appender.buffer.byte-limit = 33554432 (custom)
2022-01-24 18:05:17,417 [109b74c6-5970-42d9-b999-0985bb35528b@group-A7FA955D15D6-LeaderElection52] INFO  server.RaftServerConfigKeys (ConfUtils.java:logGet(44)) - raft.server.log.appender.buffer.element-limit = 1 (custom)
2022-01-24 18:05:17,418 [109b74c6-5970-42d9-b999-0985bb35528b@group-A7FA955D15D6-LeaderElection52] INFO  grpc.GrpcConfigKeys (ConfUtils.java:logGet(44)) - raft.grpc.server.leader.outstanding.appends.max = 128 (default)
2022-01-24 18:05:17,418 [109b74c6-5970-42d9-b999-0985bb35528b@group-A7FA955D15D6-LeaderElection52] INFO  server.RaftServerConfigKeys (ConfUtils.java:logGet(44)) - raft.server.rpc.request.timeout = 3000ms (default)
2022-01-24 18:05:17,418 [109b74c6-5970-42d9-b999-0985bb35528b@group-A7FA955D15D6-LeaderElection52] INFO  server.RaftServerConfigKeys (ConfUtils.java:logGet(44)) - raft.server.log.appender.install.snapshot.enabled = false (custom)
2022-01-24 18:05:17,419 [109b74c6-5970-42d9-b999-0985bb35528b@group-A7FA955D15D6-LeaderElection52] INFO  server.RaftServerConfigKeys (ConfUtils.java:logGet(44)) - raft.server.log.appender.snapshot.chunk.size.max = 16MB (=16777216) (default)
2022-01-24 18:05:17,419 [109b74c6-5970-42d9-b999-0985bb35528b@group-A7FA955D15D6-LeaderElection52] INFO  server.RaftServerConfigKeys (ConfUtils.java:logGet(44)) - raft.server.log.appender.buffer.byte-limit = 33554432 (custom)
2022-01-24 18:05:17,419 [109b74c6-5970-42d9-b999-0985bb35528b@group-A7FA955D15D6-LeaderElection52] INFO  server.RaftServerConfigKeys (ConfUtils.java:logGet(44)) - raft.server.log.appender.buffer.element-limit = 1 (custom)
2022-01-24 18:05:17,419 [109b74c6-5970-42d9-b999-0985bb35528b@group-A7FA955D15D6-LeaderElection52] INFO  grpc.GrpcConfigKeys (ConfUtils.java:logGet(44)) - raft.grpc.server.leader.outstanding.appends.max = 128 (default)
2022-01-24 18:05:17,419 [109b74c6-5970-42d9-b999-0985bb35528b@group-A7FA955D15D6-LeaderElection52] INFO  server.RaftServerConfigKeys (ConfUtils.java:logGet(44)) - raft.server.rpc.request.timeout = 3000ms (default)
2022-01-24 18:05:17,419 [109b74c6-5970-42d9-b999-0985bb35528b@group-A7FA955D15D6-LeaderElection52] INFO  server.RaftServerConfigKeys (ConfUtils.java:logGet(44)) - raft.server.log.appender.install.snapshot.enabled = false (custom)
2022-01-24 18:05:17,420 [109b74c6-5970-42d9-b999-0985bb35528b@group-A7FA955D15D6-LeaderElection52] INFO  impl.RoleInfo (RoleInfo.java:updateAndGet(130)) - 109b74c6-5970-42d9-b999-0985bb35528b: start 109b74c6-5970-42d9-b999-0985bb35528b@group-A7FA955D15D6-LeaderStateImpl
2022-01-24 18:05:17,421 [109b74c6-5970-42d9-b999-0985bb35528b@group-A7FA955D15D6-LeaderElection52] INFO  segmented.SegmentedRaftLogWorker (SegmentedRaftLogWorker.java:startLogSegment(394)) - 109b74c6-5970-42d9-b999-0985bb35528b@group-A7FA955D15D6-SegmentedRaftLogWorker: Starting segment from index:0
2022-01-24 18:05:17,421 [EventQueue-PipelineReportForPipelineReportHandler] INFO  pipeline.PipelineManagerImpl (PipelineManagerImpl.java:openPipeline(291)) - Pipeline Pipeline[ Id: 2124de27-bcfd-4c51-8a81-a7fa955d15d6, Nodes: 9fc6c589-e101-4b7c-8c44-590da935f0a3{ip: 10.1.0.60, host: fv-az184-104.3ow45vhwbzuu5incsxmygykede.cx.internal.cloudapp.net, ports: [REPLICATION=37699, RATIS=37269, RATIS_ADMIN=37269, RATIS_SERVER=37269, STANDALONE=45033], networkLocation: /default-rack, certSerialId: null, persistedOpState: IN_SERVICE, persistedOpStateExpiryEpochSec: 0}109b74c6-5970-42d9-b999-0985bb35528b{ip: 10.1.0.60, host: fv-az184-104.3ow45vhwbzuu5incsxmygykede.cx.internal.cloudapp.net, ports: [REPLICATION=38929, RATIS=34259, RATIS_ADMIN=34259, RATIS_SERVER=34259, STANDALONE=44437], networkLocation: /default-rack, certSerialId: null, persistedOpState: IN_SERVICE, persistedOpStateExpiryEpochSec: 0}c189953c-19e1-459b-9255-7173c2cde622{ip: 10.1.0.60, host: fv-az184-104.3ow45vhwbzuu5incsxmygykede.cx.internal.cloudapp.net, ports: [REPLICATION=41549, RATIS=39667, RATIS_ADMIN=39667, RATIS_SERVER=39667, STANDALONE=35047], networkLocation: /default-rack, certSerialId: null, persistedOpState: IN_SERVICE, persistedOpStateExpiryEpochSec: 0}, ReplicationConfig: RATIS/THREE, State:ALLOCATED, leaderId:109b74c6-5970-42d9-b999-0985bb35528b, CreationTimestamp2022-01-24T18:05:04.746Z[Etc/UTC]] moved to OPEN state
2022-01-24 18:05:17,422 [109b74c6-5970-42d9-b999-0985bb35528b@group-A7FA955D15D6-SegmentedRaftLogWorker] INFO  segmented.SegmentedRaftLogWorker (SegmentedRaftLogWorker.java:execute(601)) - 109b74c6-5970-42d9-b999-0985bb35528b@group-A7FA955D15D6-SegmentedRaftLogWorker: created new log segment /home/runner/work/ozone/ozone/hadoop-ozone/integration-test/target/test-dir/MiniOzoneClusterImpl-aa639c69-f9d2-45b5-aeae-2a5a4e0b395a/datanode-3/data/ratis/2124de27-bcfd-4c51-8a81-a7fa955d15d6/current/log_inprogress_0
2022-01-24 18:05:17,424 [EventQueue-PipelineReportForPipelineReportHandler] INFO  ha.SCMHAInvocationHandler (SCMHAInvocationHandler.java:invokeRatis(113)) - Invoking method public abstract void org.apache.hadoop.hdds.scm.pipeline.PipelineStateManager.updatePipelineState(org.apache.hadoop.hdds.protocol.proto.HddsProtos$PipelineID,org.apache.hadoop.hdds.protocol.proto.HddsProtos$PipelineState) throws java.io.IOException on target org.apache.hadoop.hdds.scm.ha.SCMRatisServerImpl@3130b1de, cost 2795.817us
2022-01-24 18:05:17,443 [109b74c6-5970-42d9-b999-0985bb35528b@group-A7FA955D15D6-LeaderElection52] INFO  server.RaftServer$Division (ServerState.java:setRaftConf(387)) - 109b74c6-5970-42d9-b999-0985bb35528b@group-A7FA955D15D6: set configuration 0: [9fc6c589-e101-4b7c-8c44-590da935f0a3|rpc:10.1.0.60:37269|dataStream:|priority:0, 109b74c6-5970-42d9-b999-0985bb35528b|rpc:10.1.0.60:34259|dataStream:|priority:1, c189953c-19e1-459b-9255-7173c2cde622|rpc:10.1.0.60:39667|dataStream:|priority:0], old=null
2022-01-24 18:05:17,453 [grpc-default-executor-6] INFO  ratis.XceiverServerRatis (XceiverServerRatis.java:handleLeaderChangedNotification(866)) - Leader change notification received for group: group-A7FA955D15D6 with new leaderId: 109b74c6-5970-42d9-b999-0985bb35528b
2022-01-24 18:05:17,453 [grpc-default-executor-6] INFO  server.RaftServer$Division (ServerState.java:setLeader(285)) - c189953c-19e1-459b-9255-7173c2cde622@group-A7FA955D15D6: change Leader from null to 109b74c6-5970-42d9-b999-0985bb35528b at term 2 for appendEntries, leader elected after 10221ms
2022-01-24 18:05:17,463 [grpc-default-executor-4] INFO  ratis.XceiverServerRatis (XceiverServerRatis.java:handleLeaderChangedNotification(866)) - Leader change notification received for group: group-A7FA955D15D6 with new leaderId: 109b74c6-5970-42d9-b999-0985bb35528b
2022-01-24 18:05:17,463 [grpc-default-executor-4] INFO  server.RaftServer$Division (ServerState.java:setLeader(285)) - 9fc6c589-e101-4b7c-8c44-590da935f0a3@group-A7FA955D15D6: change Leader from null to 109b74c6-5970-42d9-b999-0985bb35528b at term 2 for appendEntries, leader elected after 10334ms
2022-01-24 18:05:17,474 [grpc-default-executor-6] INFO  server.RaftServer$Division (ServerState.java:setRaftConf(387)) - c189953c-19e1-459b-9255-7173c2cde622@group-A7FA955D15D6: set configuration 0: [9fc6c589-e101-4b7c-8c44-590da935f0a3|rpc:10.1.0.60:37269|dataStream:|priority:0, 109b74c6-5970-42d9-b999-0985bb35528b|rpc:10.1.0.60:34259|dataStream:|priority:1, c189953c-19e1-459b-9255-7173c2cde622|rpc:10.1.0.60:39667|dataStream:|priority:0], old=null
2022-01-24 18:05:17,474 [grpc-default-executor-6] INFO  segmented.SegmentedRaftLogWorker (SegmentedRaftLogWorker.java:startLogSegment(394)) - c189953c-19e1-459b-9255-7173c2cde622@group-A7FA955D15D6-SegmentedRaftLogWorker: Starting segment from index:0
2022-01-24 18:05:17,475 [c189953c-19e1-459b-9255-7173c2cde622@group-A7FA955D15D6-SegmentedRaftLogWorker] INFO  segmented.SegmentedRaftLogWorker (SegmentedRaftLogWorker.java:execute(601)) - c189953c-19e1-459b-9255-7173c2cde622@group-A7FA955D15D6-SegmentedRaftLogWorker: created new log segment /home/runner/work/ozone/ozone/hadoop-ozone/integration-test/target/test-dir/MiniOzoneClusterImpl-aa639c69-f9d2-45b5-aeae-2a5a4e0b395a/datanode-5/data/ratis/2124de27-bcfd-4c51-8a81-a7fa955d15d6/current/log_inprogress_0
2022-01-24 18:05:17,505 [grpc-default-executor-6] INFO  server.RaftServer$Division (ServerState.java:setRaftConf(387)) - 9fc6c589-e101-4b7c-8c44-590da935f0a3@group-A7FA955D15D6: set configuration 0: [9fc6c589-e101-4b7c-8c44-590da935f0a3|rpc:10.1.0.60:37269|dataStream:|priority:0, 109b74c6-5970-42d9-b999-0985bb35528b|rpc:10.1.0.60:34259|dataStream:|priority:1, c189953c-19e1-459b-9255-7173c2cde622|rpc:10.1.0.60:39667|dataStream:|priority:0], old=null
2022-01-24 18:05:17,505 [grpc-default-executor-6] INFO  segmented.SegmentedRaftLogWorker (SegmentedRaftLogWorker.java:startLogSegment(394)) - 9fc6c589-e101-4b7c-8c44-590da935f0a3@group-A7FA955D15D6-SegmentedRaftLogWorker: Starting segment from index:0
2022-01-24 18:05:17,507 [9fc6c589-e101-4b7c-8c44-590da935f0a3@group-A7FA955D15D6-SegmentedRaftLogWorker] INFO  segmented.SegmentedRaftLogWorker (SegmentedRaftLogWorker.java:execute(601)) - 9fc6c589-e101-4b7c-8c44-590da935f0a3@group-A7FA955D15D6-SegmentedRaftLogWorker: created new log segment /home/runner/work/ozone/ozone/hadoop-ozone/integration-test/target/test-dir/MiniOzoneClusterImpl-aa639c69-f9d2-45b5-aeae-2a5a4e0b395a/datanode-4/data/ratis/2124de27-bcfd-4c51-8a81-a7fa955d15d6/current/log_inprogress_0
2022-01-24 18:05:20,896 [40200fd9-271f-46a5-82e6-85afe20bb727@group-4A42DDB3E1D3-FollowerState] INFO  impl.FollowerState (FollowerState.java:run(134)) - 40200fd9-271f-46a5-82e6-85afe20bb727@group-4A42DDB3E1D3-FollowerState: change to CANDIDATE, lastRpcElapsedTime:5062341392ns, electionTimeout:5056ms
2022-01-24 18:05:20,896 [40200fd9-271f-46a5-82e6-85afe20bb727@group-4A42DDB3E1D3-FollowerState] INFO  impl.RoleInfo (RoleInfo.java:shutdownFollowerState(108)) - 40200fd9-271f-46a5-82e6-85afe20bb727: shutdown 40200fd9-271f-46a5-82e6-85afe20bb727@group-4A42DDB3E1D3-FollowerState
2022-01-24 18:05:20,896 [40200fd9-271f-46a5-82e6-85afe20bb727@group-4A42DDB3E1D3-FollowerState] INFO  server.RaftServer$Division (RaftServerImpl.java:setRole(290)) - 40200fd9-271f-46a5-82e6-85afe20bb727@group-4A42DDB3E1D3: changes role from  FOLLOWER to CANDIDATE at term 3 for changeToCandidate
2022-01-24 18:05:20,896 [40200fd9-271f-46a5-82e6-85afe20bb727@group-4A42DDB3E1D3-FollowerState] INFO  server.RaftServerConfigKeys (ConfUtils.java:logGet(44)) - raft.server.leaderelection.pre-vote = false (custom)
2022-01-24 18:05:20,896 [40200fd9-271f-46a5-82e6-85afe20bb727@group-4A42DDB3E1D3-FollowerState] INFO  impl.RoleInfo (RoleInfo.java:updateAndGet(130)) - 40200fd9-271f-46a5-82e6-85afe20bb727: start 40200fd9-271f-46a5-82e6-85afe20bb727@group-4A42DDB3E1D3-LeaderElection53
2022-01-24 18:05:20,930 [40200fd9-271f-46a5-82e6-85afe20bb727@group-4A42DDB3E1D3-LeaderElection53] INFO  impl.LeaderElection (LeaderElection.java:askForVotes(306)) - 40200fd9-271f-46a5-82e6-85afe20bb727@group-4A42DDB3E1D3-LeaderElection53 ELECTION round 0: submit vote requests at term 4 for -1: [1c5e7e03-d60e-4e29-906a-a7b7ae931ec0|rpc:10.1.0.60:37847|priority:1, 08efc83e-84e2-40a1-a562-910b2e2f8a64|rpc:10.1.0.60:33205|priority:0, 40200fd9-271f-46a5-82e6-85afe20bb727|rpc:10.1.0.60:33665|priority:0], old=null
2022-01-24 18:05:20,944 [grpc-default-executor-4] INFO  server.RaftServer$Division (RaftServerImpl.java:requestVote(1046)) - 1c5e7e03-d60e-4e29-906a-a7b7ae931ec0@group-4A42DDB3E1D3: receive requestVote(ELECTION, 40200fd9-271f-46a5-82e6-85afe20bb727, group-4A42DDB3E1D3, 4, (t:0, i:0))
2022-01-24 18:05:20,944 [grpc-default-executor-4] INFO  impl.VoteContext (VoteContext.java:log(48)) - 1c5e7e03-d60e-4e29-906a-a7b7ae931ec0@group-4A42DDB3E1D3-FOLLOWER: reject ELECTION from 40200fd9-271f-46a5-82e6-85afe20bb727: our last entry (t:2, i:0) > candidate's last entry (t:0, i:0)
2022-01-24 18:05:20,944 [grpc-default-executor-4] INFO  server.RaftServer$Division (RaftServerImpl.java:setRole(290)) - 1c5e7e03-d60e-4e29-906a-a7b7ae931ec0@group-4A42DDB3E1D3: changes role from  FOLLOWER to FOLLOWER at term 4 for candidate:40200fd9-271f-46a5-82e6-85afe20bb727
2022-01-24 18:05:20,944 [grpc-default-executor-4] INFO  impl.RoleInfo (RoleInfo.java:shutdownFollowerState(108)) - 1c5e7e03-d60e-4e29-906a-a7b7ae931ec0: shutdown 1c5e7e03-d60e-4e29-906a-a7b7ae931ec0@group-4A42DDB3E1D3-FollowerState
2022-01-24 18:05:20,956 [grpc-default-executor-4] INFO  impl.RoleInfo (RoleInfo.java:updateAndGet(130)) - 1c5e7e03-d60e-4e29-906a-a7b7ae931ec0: start 1c5e7e03-d60e-4e29-906a-a7b7ae931ec0@group-4A42DDB3E1D3-FollowerState
2022-01-24 18:05:20,956 [1c5e7e03-d60e-4e29-906a-a7b7ae931ec0@group-4A42DDB3E1D3-FollowerState] INFO  impl.FollowerState (FollowerState.java:run(143)) - 1c5e7e03-d60e-4e29-906a-a7b7ae931ec0@group-4A42DDB3E1D3-FollowerState was interrupted: {}
java.lang.InterruptedException: sleep interrupted
	at java.lang.Thread.sleep(Native Method)
	at java.lang.Thread.sleep(Thread.java:340)
	at java.util.concurrent.TimeUnit.sleep(TimeUnit.java:386)
	at org.apache.ratis.util.TimeDuration.sleep(TimeDuration.java:324)
	at org.apache.ratis.util.TimeDuration.sleep(TimeDuration.java:309)
	at org.apache.ratis.server.impl.FollowerState.run(FollowerState.java:118)
2022-01-24 18:05:20,965 [grpc-default-executor-6] INFO  server.RaftServer$Division (RaftServerImpl.java:requestVote(1046)) - 08efc83e-84e2-40a1-a562-910b2e2f8a64@group-4A42DDB3E1D3: receive requestVote(ELECTION, 40200fd9-271f-46a5-82e6-85afe20bb727, group-4A42DDB3E1D3, 4, (t:0, i:0))
2022-01-24 18:05:20,965 [grpc-default-executor-6] INFO  impl.VoteContext (VoteContext.java:log(48)) - 08efc83e-84e2-40a1-a562-910b2e2f8a64@group-4A42DDB3E1D3-FOLLOWER: accept ELECTION from 40200fd9-271f-46a5-82e6-85afe20bb727: our priority 0 <= candidate's priority 0
2022-01-24 18:05:20,965 [grpc-default-executor-6] INFO  server.RaftServer$Division (RaftServerImpl.java:setRole(290)) - 08efc83e-84e2-40a1-a562-910b2e2f8a64@group-4A42DDB3E1D3: changes role from  FOLLOWER to FOLLOWER at term 4 for candidate:40200fd9-271f-46a5-82e6-85afe20bb727
2022-01-24 18:05:20,965 [grpc-default-executor-6] INFO  impl.RoleInfo (RoleInfo.java:shutdownFollowerState(108)) - 08efc83e-84e2-40a1-a562-910b2e2f8a64: shutdown 08efc83e-84e2-40a1-a562-910b2e2f8a64@group-4A42DDB3E1D3-FollowerState
2022-01-24 18:05:20,965 [grpc-default-executor-6] INFO  impl.RoleInfo (RoleInfo.java:updateAndGet(130)) - 08efc83e-84e2-40a1-a562-910b2e2f8a64: start 08efc83e-84e2-40a1-a562-910b2e2f8a64@group-4A42DDB3E1D3-FollowerState
2022-01-24 18:05:20,965 [08efc83e-84e2-40a1-a562-910b2e2f8a64@group-4A42DDB3E1D3-FollowerState] INFO  impl.FollowerState (FollowerState.java:run(143)) - 08efc83e-84e2-40a1-a562-910b2e2f8a64@group-4A42DDB3E1D3-FollowerState was interrupted: {}
java.lang.InterruptedException: sleep interrupted
	at java.lang.Thread.sleep(Native Method)
	at java.lang.Thread.sleep(Thread.java:340)
	at java.util.concurrent.TimeUnit.sleep(TimeUnit.java:386)
	at org.apache.ratis.util.TimeDuration.sleep(TimeDuration.java:324)
	at org.apache.ratis.util.TimeDuration.sleep(TimeDuration.java:309)
	at org.apache.ratis.server.impl.FollowerState.run(FollowerState.java:118)
2022-01-24 18:05:20,966 [grpc-default-executor-4] INFO  server.RaftServer$Division (RaftServerImpl.java:requestVote(1078)) - 1c5e7e03-d60e-4e29-906a-a7b7ae931ec0@group-4A42DDB3E1D3 replies to ELECTION vote request: 40200fd9-271f-46a5-82e6-85afe20bb727<-1c5e7e03-d60e-4e29-906a-a7b7ae931ec0#0:FAIL-t4. Peer's state: 1c5e7e03-d60e-4e29-906a-a7b7ae931ec0@group-4A42DDB3E1D3:t4, leader=null, voted=null, raftlog=1c5e7e03-d60e-4e29-906a-a7b7ae931ec0@group-4A42DDB3E1D3-SegmentedRaftLog:OPENED:c0, conf=0: [1c5e7e03-d60e-4e29-906a-a7b7ae931ec0|rpc:10.1.0.60:37847|dataStream:|priority:1, 08efc83e-84e2-40a1-a562-910b2e2f8a64|rpc:10.1.0.60:33205|dataStream:|priority:0, 40200fd9-271f-46a5-82e6-85afe20bb727|rpc:10.1.0.60:33665|dataStream:|priority:0], old=null
2022-01-24 18:05:20,981 [40200fd9-271f-46a5-82e6-85afe20bb727@group-4A42DDB3E1D3-LeaderElection53] INFO  impl.LeaderElection (LeaderElection.java:logAndReturn(89)) - 40200fd9-271f-46a5-82e6-85afe20bb727@group-4A42DDB3E1D3-LeaderElection53: ELECTION REJECTED received 1 response(s) and 0 exception(s):
2022-01-24 18:05:20,981 [40200fd9-271f-46a5-82e6-85afe20bb727@group-4A42DDB3E1D3-LeaderElection53] INFO  impl.LeaderElection (LeaderElection.java:logAndReturn(93)) -   Response 0: 40200fd9-271f-46a5-82e6-85afe20bb727<-1c5e7e03-d60e-4e29-906a-a7b7ae931ec0#0:FAIL-t4
2022-01-24 18:05:20,982 [40200fd9-271f-46a5-82e6-85afe20bb727@group-4A42DDB3E1D3-LeaderElection53] INFO  impl.LeaderElection (LeaderElection.java:askForVotes(308)) - 40200fd9-271f-46a5-82e6-85afe20bb727@group-4A42DDB3E1D3-LeaderElection53 ELECTION round 0: result REJECTED
2022-01-24 18:05:20,982 [40200fd9-271f-46a5-82e6-85afe20bb727@group-4A42DDB3E1D3-LeaderElection53] INFO  server.RaftServer$Division (RaftServerImpl.java:setRole(290)) - 40200fd9-271f-46a5-82e6-85afe20bb727@group-4A42DDB3E1D3: changes role from CANDIDATE to FOLLOWER at term 4 for REJECTED
2022-01-24 18:05:20,982 [40200fd9-271f-46a5-82e6-85afe20bb727@group-4A42DDB3E1D3-LeaderElection53] INFO  impl.RoleInfo (RoleInfo.java:shutdownLeaderElection(121)) - 40200fd9-271f-46a5-82e6-85afe20bb727: shutdown 40200fd9-271f-46a5-82e6-85afe20bb727@group-4A42DDB3E1D3-LeaderElection53
2022-01-24 18:05:20,983 [40200fd9-271f-46a5-82e6-85afe20bb727@group-4A42DDB3E1D3-LeaderElection53] INFO  impl.RoleInfo (RoleInfo.java:updateAndGet(130)) - 40200fd9-271f-46a5-82e6-85afe20bb727: start 40200fd9-271f-46a5-82e6-85afe20bb727@group-4A42DDB3E1D3-FollowerState
2022-01-24 18:05:20,984 [grpc-default-executor-6] INFO  server.RaftServer$Division (RaftServerImpl.java:requestVote(1078)) - 08efc83e-84e2-40a1-a562-910b2e2f8a64@group-4A42DDB3E1D3 replies to ELECTION vote request: 40200fd9-271f-46a5-82e6-85afe20bb727<-08efc83e-84e2-40a1-a562-910b2e2f8a64#0:OK-t4. Peer's state: 08efc83e-84e2-40a1-a562-910b2e2f8a64@group-4A42DDB3E1D3:t4, leader=null, voted=40200fd9-271f-46a5-82e6-85afe20bb727, raftlog=08efc83e-84e2-40a1-a562-910b2e2f8a64@group-4A42DDB3E1D3-SegmentedRaftLog:OPENED:c-1, conf=-1: [1c5e7e03-d60e-4e29-906a-a7b7ae931ec0|rpc:10.1.0.60:37847|priority:1, 08efc83e-84e2-40a1-a562-910b2e2f8a64|rpc:10.1.0.60:33205|priority:0, 40200fd9-271f-46a5-82e6-85afe20bb727|rpc:10.1.0.60:33665|priority:0], old=null
2022-01-24 18:05:22,221 [c189953c-19e1-459b-9255-7173c2cde622@group-FE0586866A31-FollowerState] INFO  impl.FollowerState (FollowerState.java:run(134)) - c189953c-19e1-459b-9255-7173c2cde622@group-FE0586866A31-FollowerState: change to CANDIDATE, lastRpcElapsedTime:5103445074ns, electionTimeout:5083ms
2022-01-24 18:05:22,222 [c189953c-19e1-459b-9255-7173c2cde622@group-FE0586866A31-FollowerState] INFO  impl.RoleInfo (RoleInfo.java:shutdownFollowerState(108)) - c189953c-19e1-459b-9255-7173c2cde622: shutdown c189953c-19e1-459b-9255-7173c2cde622@group-FE0586866A31-FollowerState
2022-01-24 18:05:22,222 [c189953c-19e1-459b-9255-7173c2cde622@group-FE0586866A31-FollowerState] INFO  server.RaftServer$Division (RaftServerImpl.java:setRole(290)) - c189953c-19e1-459b-9255-7173c2cde622@group-FE0586866A31: changes role from  FOLLOWER to CANDIDATE at term 2 for changeToCandidate
2022-01-24 18:05:22,222 [c189953c-19e1-459b-9255-7173c2cde622@group-FE0586866A31-FollowerState] INFO  server.RaftServerConfigKeys (ConfUtils.java:logGet(44)) - raft.server.leaderelection.pre-vote = false (custom)
2022-01-24 18:05:22,222 [c189953c-19e1-459b-9255-7173c2cde622@group-FE0586866A31-FollowerState] INFO  impl.RoleInfo (RoleInfo.java:updateAndGet(130)) - c189953c-19e1-459b-9255-7173c2cde622: start c189953c-19e1-459b-9255-7173c2cde622@group-FE0586866A31-LeaderElection54
2022-01-24 18:05:22,246 [c189953c-19e1-459b-9255-7173c2cde622@group-FE0586866A31-LeaderElection54] INFO  impl.LeaderElection (LeaderElection.java:askForVotes(306)) - c189953c-19e1-459b-9255-7173c2cde622@group-FE0586866A31-LeaderElection54 ELECTION round 0: submit vote requests at term 3 for -1: [9fc6c589-e101-4b7c-8c44-590da935f0a3|rpc:10.1.0.60:37269|dataStream:|priority:0, 109b74c6-5970-42d9-b999-0985bb35528b|rpc:10.1.0.60:34259|dataStream:|priority:0, c189953c-19e1-459b-9255-7173c2cde622|rpc:10.1.0.60:39667|dataStream:|priority:1], old=null
2022-01-24 18:05:22,253 [grpc-default-executor-6] INFO  server.RaftServer$Division (RaftServerImpl.java:requestVote(1046)) - 9fc6c589-e101-4b7c-8c44-590da935f0a3@group-FE0586866A31: receive requestVote(ELECTION, c189953c-19e1-459b-9255-7173c2cde622, group-FE0586866A31, 3, (t:0, i:0))
2022-01-24 18:05:22,253 [grpc-default-executor-6] INFO  impl.VoteContext (VoteContext.java:log(48)) - 9fc6c589-e101-4b7c-8c44-590da935f0a3@group-FE0586866A31-FOLLOWER: accept ELECTION from c189953c-19e1-459b-9255-7173c2cde622: our priority 0 <= candidate's priority 1
2022-01-24 18:05:22,253 [grpc-default-executor-6] INFO  server.RaftServer$Division (RaftServerImpl.java:setRole(290)) - 9fc6c589-e101-4b7c-8c44-590da935f0a3@group-FE0586866A31: changes role from  FOLLOWER to FOLLOWER at term 3 for candidate:c189953c-19e1-459b-9255-7173c2cde622
2022-01-24 18:05:22,253 [grpc-default-executor-6] INFO  impl.RoleInfo (RoleInfo.java:shutdownFollowerState(108)) - 9fc6c589-e101-4b7c-8c44-590da935f0a3: shutdown 9fc6c589-e101-4b7c-8c44-590da935f0a3@group-FE0586866A31-FollowerState
2022-01-24 18:05:22,254 [grpc-default-executor-6] INFO  impl.RoleInfo (RoleInfo.java:updateAndGet(130)) - 9fc6c589-e101-4b7c-8c44-590da935f0a3: start 9fc6c589-e101-4b7c-8c44-590da935f0a3@group-FE0586866A31-FollowerState
2022-01-24 18:05:22,254 [9fc6c589-e101-4b7c-8c44-590da935f0a3@group-FE0586866A31-FollowerState] INFO  impl.FollowerState (FollowerState.java:run(143)) - 9fc6c589-e101-4b7c-8c44-590da935f0a3@group-FE0586866A31-FollowerState was interrupted: {}
java.lang.InterruptedException: sleep interrupted
	at java.lang.Thread.sleep(Native Method)
	at java.lang.Thread.sleep(Thread.java:340)
	at java.util.concurrent.TimeUnit.sleep(TimeUnit.java:386)
	at org.apache.ratis.util.TimeDuration.sleep(TimeDuration.java:324)
	at org.apache.ratis.util.TimeDuration.sleep(TimeDuration.java:309)
	at org.apache.ratis.server.impl.FollowerState.run(FollowerState.java:118)
2022-01-24 18:05:22,261 [grpc-default-executor-6] INFO  server.RaftServer$Division (RaftServerImpl.java:requestVote(1078)) - 9fc6c589-e101-4b7c-8c44-590da935f0a3@group-FE0586866A31 replies to ELECTION vote request: c189953c-19e1-459b-9255-7173c2cde622<-9fc6c589-e101-4b7c-8c44-590da935f0a3#0:OK-t3. Peer's state: 9fc6c589-e101-4b7c-8c44-590da935f0a3@group-FE0586866A31:t3, leader=null, voted=c189953c-19e1-459b-9255-7173c2cde622, raftlog=9fc6c589-e101-4b7c-8c44-590da935f0a3@group-FE0586866A31-SegmentedRaftLog:OPENED:c-1, conf=-1: [9fc6c589-e101-4b7c-8c44-590da935f0a3|rpc:10.1.0.60:37269|dataStream:|priority:0, 109b74c6-5970-42d9-b999-0985bb35528b|rpc:10.1.0.60:34259|dataStream:|priority:0, c189953c-19e1-459b-9255-7173c2cde622|rpc:10.1.0.60:39667|dataStream:|priority:1], old=null
2022-01-24 18:05:22,262 [c189953c-19e1-459b-9255-7173c2cde622@group-FE0586866A31-LeaderElection54] INFO  impl.LeaderElection (LeaderElection.java:logAndReturn(89)) - c189953c-19e1-459b-9255-7173c2cde622@group-FE0586866A31-LeaderElection54: ELECTION PASSED received 1 response(s) and 0 exception(s):
2022-01-24 18:05:22,262 [c189953c-19e1-459b-9255-7173c2cde622@group-FE0586866A31-LeaderElection54] INFO  impl.LeaderElection (LeaderElection.java:logAndReturn(93)) -   Response 0: c189953c-19e1-459b-9255-7173c2cde622<-9fc6c589-e101-4b7c-8c44-590da935f0a3#0:OK-t3
2022-01-24 18:05:22,262 [c189953c-19e1-459b-9255-7173c2cde622@group-FE0586866A31-LeaderElection54] INFO  impl.LeaderElection (LeaderElection.java:askForVotes(308)) - c189953c-19e1-459b-9255-7173c2cde622@group-FE0586866A31-LeaderElection54 ELECTION round 0: result PASSED
2022-01-24 18:05:22,262 [c189953c-19e1-459b-9255-7173c2cde622@group-FE0586866A31-LeaderElection54] INFO  impl.RoleInfo (RoleInfo.java:shutdownLeaderElection(121)) - c189953c-19e1-459b-9255-7173c2cde622: shutdown c189953c-19e1-459b-9255-7173c2cde622@group-FE0586866A31-LeaderElection54
2022-01-24 18:05:22,263 [c189953c-19e1-459b-9255-7173c2cde622@group-FE0586866A31-LeaderElection54] INFO  server.RaftServer$Division (RaftServerImpl.java:setRole(290)) - c189953c-19e1-459b-9255-7173c2cde622@group-FE0586866A31: changes role from CANDIDATE to LEADER at term 3 for changeToLeader
2022-01-24 18:05:22,263 [c189953c-19e1-459b-9255-7173c2cde622@group-FE0586866A31-LeaderElection54] INFO  ratis.XceiverServerRatis (XceiverServerRatis.java:handleLeaderChangedNotification(866)) - Leader change notification received for group: group-FE0586866A31 with new leaderId: c189953c-19e1-459b-9255-7173c2cde622
2022-01-24 18:05:22,263 [c189953c-19e1-459b-9255-7173c2cde622@group-FE0586866A31-LeaderElection54] INFO  server.RaftServer$Division (ServerState.java:setLeader(285)) - c189953c-19e1-459b-9255-7173c2cde622@group-FE0586866A31: change Leader from null to c189953c-19e1-459b-9255-7173c2cde622 at term 3 for becomeLeader, leader elected after 15285ms
2022-01-24 18:05:22,263 [c189953c-19e1-459b-9255-7173c2cde622@group-FE0586866A31-LeaderElection54] INFO  server.RaftServerConfigKeys (ConfUtils.java:logGet(44)) - raft.server.staging.catchup.gap = 1000 (default)
2022-01-24 18:05:22,263 [c189953c-19e1-459b-9255-7173c2cde622@group-FE0586866A31-LeaderElection54] INFO  server.RaftServerConfigKeys (ConfUtils.java:logGet(44)) - raft.server.write.element-limit = 1024 (custom)
2022-01-24 18:05:22,263 [c189953c-19e1-459b-9255-7173c2cde622@group-FE0586866A31-LeaderElection54] INFO  server.RaftServerConfigKeys (ConfUtils.java:logGet(44)) - raft.server.write.byte-limit = 1024 M (=1073741824) (custom)
2022-01-24 18:05:22,263 [c189953c-19e1-459b-9255-7173c2cde622@group-FE0586866A31-LeaderElection54] INFO  server.RaftServerConfigKeys (ConfUtils.java:logGet(44)) - raft.server.watch.timeout = 3000ms (custom)
2022-01-24 18:05:22,263 [c189953c-19e1-459b-9255-7173c2cde622@group-FE0586866A31-LeaderElection54] INFO  server.RaftServerConfigKeys (ConfUtils.java:logGet(44)) - raft.server.watch.timeout.denomination = 1s (default)
2022-01-24 18:05:22,263 [c189953c-19e1-459b-9255-7173c2cde622@group-FE0586866A31-LeaderElection54] INFO  server.RaftServerConfigKeys (ConfUtils.java:logGet(44)) - raft.server.watch.element-limit = 65536 (default)
2022-01-24 18:05:22,263 [c189953c-19e1-459b-9255-7173c2cde622@group-FE0586866A31-LeaderElection54] INFO  server.RaftServerConfigKeys (ConfUtils.java:logGet(44)) - raft.server.write.element-limit = 1024 (custom)
2022-01-24 18:05:22,264 [c189953c-19e1-459b-9255-7173c2cde622@group-FE0586866A31-LeaderElection54] INFO  server.RaftServerConfigKeys (ConfUtils.java:logGet(44)) - raft.server.write.follower.gap.ratio.max = -1.0 (default)
2022-01-24 18:05:22,264 [c189953c-19e1-459b-9255-7173c2cde622@group-FE0586866A31-LeaderElection54] INFO  server.RaftServerConfigKeys (ConfUtils.java:logGet(44)) - raft.server.log.appender.snapshot.chunk.size.max = 16MB (=16777216) (default)
2022-01-24 18:05:22,264 [c189953c-19e1-459b-9255-7173c2cde622@group-FE0586866A31-LeaderElection54] INFO  server.RaftServerConfigKeys (ConfUtils.java:logGet(44)) - raft.server.log.appender.buffer.byte-limit = 33554432 (custom)
2022-01-24 18:05:22,264 [c189953c-19e1-459b-9255-7173c2cde622@group-FE0586866A31-LeaderElection54] INFO  server.RaftServerConfigKeys (ConfUtils.java:logGet(44)) - raft.server.log.appender.buffer.element-limit = 1 (custom)
2022-01-24 18:05:22,264 [c189953c-19e1-459b-9255-7173c2cde622@group-FE0586866A31-LeaderElection54] INFO  grpc.GrpcConfigKeys (ConfUtils.java:logGet(44)) - raft.grpc.server.leader.outstanding.appends.max = 128 (default)
2022-01-24 18:05:22,264 [c189953c-19e1-459b-9255-7173c2cde622@group-FE0586866A31-LeaderElection54] INFO  server.RaftServerConfigKeys (ConfUtils.java:logGet(44)) - raft.server.rpc.request.timeout = 3000ms (default)
2022-01-24 18:05:22,264 [c189953c-19e1-459b-9255-7173c2cde622@group-FE0586866A31-LeaderElection54] INFO  server.RaftServerConfigKeys (ConfUtils.java:logGet(44)) - raft.server.log.appender.install.snapshot.enabled = false (custom)
2022-01-24 18:05:22,265 [EventQueue-PipelineReportForPipelineReportHandler] INFO  pipeline.PipelineManagerImpl (PipelineManagerImpl.java:openPipeline(291)) - Pipeline Pipeline[ Id: 358c75be-78ae-4751-80cf-fe0586866a31, Nodes: 9fc6c589-e101-4b7c-8c44-590da935f0a3{ip: 10.1.0.60, host: fv-az184-104.3ow45vhwbzuu5incsxmygykede.cx.internal.cloudapp.net, ports: [REPLICATION=37699, RATIS=37269, RATIS_ADMIN=37269, RATIS_SERVER=37269, STANDALONE=45033], networkLocation: /default-rack, certSerialId: null, persistedOpState: IN_SERVICE, persistedOpStateExpiryEpochSec: 0}c189953c-19e1-459b-9255-7173c2cde622{ip: 10.1.0.60, host: fv-az184-104.3ow45vhwbzuu5incsxmygykede.cx.internal.cloudapp.net, ports: [REPLICATION=41549, RATIS=39667, RATIS_ADMIN=39667, RATIS_SERVER=39667, STANDALONE=35047], networkLocation: /default-rack, certSerialId: null, persistedOpState: IN_SERVICE, persistedOpStateExpiryEpochSec: 0}109b74c6-5970-42d9-b999-0985bb35528b{ip: 10.1.0.60, host: fv-az184-104.3ow45vhwbzuu5incsxmygykede.cx.internal.cloudapp.net, ports: [REPLICATION=38929, RATIS=34259, RATIS_ADMIN=34259, RATIS_SERVER=34259, STANDALONE=44437], networkLocation: /default-rack, certSerialId: null, persistedOpState: IN_SERVICE, persistedOpStateExpiryEpochSec: 0}, ReplicationConfig: RATIS/THREE, State:ALLOCATED, leaderId:c189953c-19e1-459b-9255-7173c2cde622, CreationTimestamp2022-01-24T18:05:04.739Z[Etc/UTC]] moved to OPEN state
2022-01-24 18:05:22,267 [EventQueue-PipelineReportForPipelineReportHandler] INFO  ha.SCMHAInvocationHandler (SCMHAInvocationHandler.java:invokeRatis(113)) - Invoking method public abstract void org.apache.hadoop.hdds.scm.pipeline.PipelineStateManager.updatePipelineState(org.apache.hadoop.hdds.protocol.proto.HddsProtos$PipelineID,org.apache.hadoop.hdds.protocol.proto.HddsProtos$PipelineState) throws java.io.IOException on target org.apache.hadoop.hdds.scm.ha.SCMRatisServerImpl@3130b1de, cost 1902.979us
2022-01-24 18:05:22,270 [c189953c-19e1-459b-9255-7173c2cde622@group-FE0586866A31-LeaderElection54] INFO  server.RaftServerConfigKeys (ConfUtils.java:logGet(44)) - raft.server.log.appender.snapshot.chunk.size.max = 16MB (=16777216) (default)
2022-01-24 18:05:22,270 [c189953c-19e1-459b-9255-7173c2cde622@group-FE0586866A31-LeaderElection54] INFO  server.RaftServerConfigKeys (ConfUtils.java:logGet(44)) - raft.server.log.appender.buffer.byte-limit = 33554432 (custom)
2022-01-24 18:05:22,270 [c189953c-19e1-459b-9255-7173c2cde622@group-FE0586866A31-LeaderElection54] INFO  server.RaftServerConfigKeys (ConfUtils.java:logGet(44)) - raft.server.log.appender.buffer.element-limit = 1 (custom)
2022-01-24 18:05:22,270 [c189953c-19e1-459b-9255-7173c2cde622@group-FE0586866A31-LeaderElection54] INFO  grpc.GrpcConfigKeys (ConfUtils.java:logGet(44)) - raft.grpc.server.leader.outstanding.appends.max = 128 (default)
2022-01-24 18:05:22,270 [c189953c-19e1-459b-9255-7173c2cde622@group-FE0586866A31-LeaderElection54] INFO  server.RaftServerConfigKeys (ConfUtils.java:logGet(44)) - raft.server.rpc.request.timeout = 3000ms (default)
2022-01-24 18:05:22,271 [c189953c-19e1-459b-9255-7173c2cde622@group-FE0586866A31-LeaderElection54] INFO  server.RaftServerConfigKeys (ConfUtils.java:logGet(44)) - raft.server.log.appender.install.snapshot.enabled = false (custom)
2022-01-24 18:05:22,271 [c189953c-19e1-459b-9255-7173c2cde622@group-FE0586866A31-LeaderElection54] INFO  impl.RoleInfo (RoleInfo.java:updateAndGet(130)) - c189953c-19e1-459b-9255-7173c2cde622: start c189953c-19e1-459b-9255-7173c2cde622@group-FE0586866A31-LeaderStateImpl
2022-01-24 18:05:22,272 [c189953c-19e1-459b-9255-7173c2cde622@group-FE0586866A31-LeaderElection54] INFO  segmented.SegmentedRaftLogWorker (SegmentedRaftLogWorker.java:startLogSegment(394)) - c189953c-19e1-459b-9255-7173c2cde622@group-FE0586866A31-SegmentedRaftLogWorker: Starting segment from index:0
2022-01-24 18:05:22,273 [c189953c-19e1-459b-9255-7173c2cde622@group-FE0586866A31-SegmentedRaftLogWorker] INFO  segmented.SegmentedRaftLogWorker (SegmentedRaftLogWorker.java:execute(601)) - c189953c-19e1-459b-9255-7173c2cde622@group-FE0586866A31-SegmentedRaftLogWorker: created new log segment /home/runner/work/ozone/ozone/hadoop-ozone/integration-test/target/test-dir/MiniOzoneClusterImpl-aa639c69-f9d2-45b5-aeae-2a5a4e0b395a/datanode-5/data/ratis/358c75be-78ae-4751-80cf-fe0586866a31/current/log_inprogress_0
2022-01-24 18:05:22,283 [grpc-default-executor-6] INFO  server.RaftServer$Division (RaftServerImpl.java:requestVote(1046)) - 109b74c6-5970-42d9-b999-0985bb35528b@group-FE0586866A31: receive requestVote(ELECTION, c189953c-19e1-459b-9255-7173c2cde622, group-FE0586866A31, 3, (t:0, i:0))
2022-01-24 18:05:22,283 [grpc-default-executor-6] INFO  impl.VoteContext (VoteContext.java:log(48)) - 109b74c6-5970-42d9-b999-0985bb35528b@group-FE0586866A31-FOLLOWER: accept ELECTION from c189953c-19e1-459b-9255-7173c2cde622: our priority 0 <= candidate's priority 1
2022-01-24 18:05:22,283 [grpc-default-executor-6] INFO  server.RaftServer$Division (RaftServerImpl.java:setRole(290)) - 109b74c6-5970-42d9-b999-0985bb35528b@group-FE0586866A31: changes role from  FOLLOWER to FOLLOWER at term 3 for candidate:c189953c-19e1-459b-9255-7173c2cde622
2022-01-24 18:05:22,283 [grpc-default-executor-6] INFO  impl.RoleInfo (RoleInfo.java:shutdownFollowerState(108)) - 109b74c6-5970-42d9-b999-0985bb35528b: shutdown 109b74c6-5970-42d9-b999-0985bb35528b@group-FE0586866A31-FollowerState
2022-01-24 18:05:22,297 [109b74c6-5970-42d9-b999-0985bb35528b@group-FE0586866A31-FollowerState] INFO  impl.FollowerState (FollowerState.java:run(143)) - 109b74c6-5970-42d9-b999-0985bb35528b@group-FE0586866A31-FollowerState was interrupted: {}
java.lang.InterruptedException: sleep interrupted
	at java.lang.Thread.sleep(Native Method)
	at java.lang.Thread.sleep(Thread.java:340)
	at java.util.concurrent.TimeUnit.sleep(TimeUnit.java:386)
	at org.apache.ratis.util.TimeDuration.sleep(TimeDuration.java:324)
	at org.apache.ratis.util.TimeDuration.sleep(TimeDuration.java:309)
	at org.apache.ratis.server.impl.FollowerState.run(FollowerState.java:118)
2022-01-24 18:05:22,297 [grpc-default-executor-6] INFO  impl.RoleInfo (RoleInfo.java:updateAndGet(130)) - 109b74c6-5970-42d9-b999-0985bb35528b: start 109b74c6-5970-42d9-b999-0985bb35528b@group-FE0586866A31-FollowerState
2022-01-24 18:05:22,314 [grpc-default-executor-6] INFO  server.RaftServer$Division (RaftServerImpl.java:requestVote(1078)) - 109b74c6-5970-42d9-b999-0985bb35528b@group-FE0586866A31 replies to ELECTION vote request: c189953c-19e1-459b-9255-7173c2cde622<-109b74c6-5970-42d9-b999-0985bb35528b#0:OK-t3. Peer's state: 109b74c6-5970-42d9-b999-0985bb35528b@group-FE0586866A31:t3, leader=null, voted=c189953c-19e1-459b-9255-7173c2cde622, raftlog=109b74c6-5970-42d9-b999-0985bb35528b@group-FE0586866A31-SegmentedRaftLog:OPENED:c-1, conf=-1: [9fc6c589-e101-4b7c-8c44-590da935f0a3|rpc:10.1.0.60:37269|priority:0, 109b74c6-5970-42d9-b999-0985bb35528b|rpc:10.1.0.60:34259|priority:0, c189953c-19e1-459b-9255-7173c2cde622|rpc:10.1.0.60:39667|priority:1], old=null
2022-01-24 18:05:22,327 [grpc-default-executor-4] INFO  ratis.XceiverServerRatis (XceiverServerRatis.java:handleLeaderChangedNotification(866)) - Leader change notification received for group: group-FE0586866A31 with new leaderId: c189953c-19e1-459b-9255-7173c2cde622
2022-01-24 18:05:22,327 [grpc-default-executor-4] INFO  server.RaftServer$Division (ServerState.java:setLeader(285)) - 109b74c6-5970-42d9-b999-0985bb35528b@group-FE0586866A31: change Leader from null to c189953c-19e1-459b-9255-7173c2cde622 at term 3 for appendEntries, leader elected after 15611ms
2022-01-24 18:05:22,342 [c189953c-19e1-459b-9255-7173c2cde622@group-FE0586866A31-LeaderElection54] INFO  server.RaftServer$Division (ServerState.java:setRaftConf(387)) - c189953c-19e1-459b-9255-7173c2cde622@group-FE0586866A31: set configuration 0: [9fc6c589-e101-4b7c-8c44-590da935f0a3|rpc:10.1.0.60:37269|dataStream:|priority:0, 109b74c6-5970-42d9-b999-0985bb35528b|rpc:10.1.0.60:34259|dataStream:|priority:0, c189953c-19e1-459b-9255-7173c2cde622|rpc:10.1.0.60:39667|dataStream:|priority:1], old=null
2022-01-24 18:05:22,351 [grpc-default-executor-4] INFO  server.RaftServer$Division (ServerState.java:setRaftConf(387)) - 109b74c6-5970-42d9-b999-0985bb35528b@group-FE0586866A31: set configuration 0: [9fc6c589-e101-4b7c-8c44-590da935f0a3|rpc:10.1.0.60:37269|dataStream:|priority:0, 109b74c6-5970-42d9-b999-0985bb35528b|rpc:10.1.0.60:34259|dataStream:|priority:0, c189953c-19e1-459b-9255-7173c2cde622|rpc:10.1.0.60:39667|dataStream:|priority:1], old=null
2022-01-24 18:05:22,351 [grpc-default-executor-4] INFO  segmented.SegmentedRaftLogWorker (SegmentedRaftLogWorker.java:startLogSegment(394)) - 109b74c6-5970-42d9-b999-0985bb35528b@group-FE0586866A31-SegmentedRaftLogWorker: Starting segment from index:0
2022-01-24 18:05:22,353 [109b74c6-5970-42d9-b999-0985bb35528b@group-FE0586866A31-SegmentedRaftLogWorker] INFO  segmented.SegmentedRaftLogWorker (SegmentedRaftLogWorker.java:execute(601)) - 109b74c6-5970-42d9-b999-0985bb35528b@group-FE0586866A31-SegmentedRaftLogWorker: created new log segment /home/runner/work/ozone/ozone/hadoop-ozone/integration-test/target/test-dir/MiniOzoneClusterImpl-aa639c69-f9d2-45b5-aeae-2a5a4e0b395a/datanode-3/data/ratis/358c75be-78ae-4751-80cf-fe0586866a31/current/log_inprogress_0
2022-01-24 18:05:22,354 [grpc-default-executor-4] INFO  ratis.XceiverServerRatis (XceiverServerRatis.java:handleLeaderChangedNotification(866)) - Leader change notification received for group: group-FE0586866A31 with new leaderId: c189953c-19e1-459b-9255-7173c2cde622
2022-01-24 18:05:22,361 [grpc-default-executor-4] INFO  server.RaftServer$Division (ServerState.java:setLeader(285)) - 9fc6c589-e101-4b7c-8c44-590da935f0a3@group-FE0586866A31: change Leader from null to c189953c-19e1-459b-9255-7173c2cde622 at term 3 for appendEntries, leader elected after 15524ms
2022-01-24 18:05:22,421 [grpc-default-executor-4] INFO  server.RaftServer$Division (ServerState.java:setRaftConf(387)) - 9fc6c589-e101-4b7c-8c44-590da935f0a3@group-FE0586866A31: set configuration 0: [9fc6c589-e101-4b7c-8c44-590da935f0a3|rpc:10.1.0.60:37269|dataStream:|priority:0, 109b74c6-5970-42d9-b999-0985bb35528b|rpc:10.1.0.60:34259|dataStream:|priority:0, c189953c-19e1-459b-9255-7173c2cde622|rpc:10.1.0.60:39667|dataStream:|priority:1], old=null
2022-01-24 18:05:22,421 [grpc-default-executor-4] INFO  segmented.SegmentedRaftLogWorker (SegmentedRaftLogWorker.java:startLogSegment(394)) - 9fc6c589-e101-4b7c-8c44-590da935f0a3@group-FE0586866A31-SegmentedRaftLogWorker: Starting segment from index:0
2022-01-24 18:05:22,426 [9fc6c589-e101-4b7c-8c44-590da935f0a3@group-FE0586866A31-SegmentedRaftLogWorker] INFO  segmented.SegmentedRaftLogWorker (SegmentedRaftLogWorker.java:execute(601)) - 9fc6c589-e101-4b7c-8c44-590da935f0a3@group-FE0586866A31-SegmentedRaftLogWorker: created new log segment /home/runner/work/ozone/ozone/hadoop-ozone/integration-test/target/test-dir/MiniOzoneClusterImpl-aa639c69-f9d2-45b5-aeae-2a5a4e0b395a/datanode-4/data/ratis/358c75be-78ae-4751-80cf-fe0586866a31/current/log_inprogress_0
2022-01-24 18:05:26,158 [1c5e7e03-d60e-4e29-906a-a7b7ae931ec0@group-4A42DDB3E1D3-FollowerState] INFO  impl.FollowerState (FollowerState.java:run(134)) - 1c5e7e03-d60e-4e29-906a-a7b7ae931ec0@group-4A42DDB3E1D3-FollowerState: change to CANDIDATE, lastRpcElapsedTime:5202418196ns, electionTimeout:5193ms
2022-01-24 18:05:26,158 [1c5e7e03-d60e-4e29-906a-a7b7ae931ec0@group-4A42DDB3E1D3-FollowerState] INFO  impl.RoleInfo (RoleInfo.java:shutdownFollowerState(108)) - 1c5e7e03-d60e-4e29-906a-a7b7ae931ec0: shutdown 1c5e7e03-d60e-4e29-906a-a7b7ae931ec0@group-4A42DDB3E1D3-FollowerState
2022-01-24 18:05:26,159 [1c5e7e03-d60e-4e29-906a-a7b7ae931ec0@group-4A42DDB3E1D3-FollowerState] INFO  server.RaftServer$Division (RaftServerImpl.java:setRole(290)) - 1c5e7e03-d60e-4e29-906a-a7b7ae931ec0@group-4A42DDB3E1D3: changes role from  FOLLOWER to CANDIDATE at term 4 for changeToCandidate
2022-01-24 18:05:26,159 [1c5e7e03-d60e-4e29-906a-a7b7ae931ec0@group-4A42DDB3E1D3-FollowerState] INFO  server.RaftServerConfigKeys (ConfUtils.java:logGet(44)) - raft.server.leaderelection.pre-vote = false (custom)
2022-01-24 18:05:26,159 [1c5e7e03-d60e-4e29-906a-a7b7ae931ec0@group-4A42DDB3E1D3-FollowerState] INFO  impl.RoleInfo (RoleInfo.java:updateAndGet(130)) - 1c5e7e03-d60e-4e29-906a-a7b7ae931ec0: start 1c5e7e03-d60e-4e29-906a-a7b7ae931ec0@group-4A42DDB3E1D3-LeaderElection55
2022-01-24 18:05:26,177 [40200fd9-271f-46a5-82e6-85afe20bb727@group-4A42DDB3E1D3-FollowerState] INFO  impl.FollowerState (FollowerState.java:run(134)) - 40200fd9-271f-46a5-82e6-85afe20bb727@group-4A42DDB3E1D3-FollowerState: change to CANDIDATE, lastRpcElapsedTime:5193945239ns, electionTimeout:5158ms
2022-01-24 18:05:26,177 [40200fd9-271f-46a5-82e6-85afe20bb727@group-4A42DDB3E1D3-FollowerState] INFO  impl.RoleInfo (RoleInfo.java:shutdownFollowerState(108)) - 40200fd9-271f-46a5-82e6-85afe20bb727: shutdown 40200fd9-271f-46a5-82e6-85afe20bb727@group-4A42DDB3E1D3-FollowerState
2022-01-24 18:05:26,177 [40200fd9-271f-46a5-82e6-85afe20bb727@group-4A42DDB3E1D3-FollowerState] INFO  server.RaftServer$Division (RaftServerImpl.java:setRole(290)) - 40200fd9-271f-46a5-82e6-85afe20bb727@group-4A42DDB3E1D3: changes role from  FOLLOWER to CANDIDATE at term 4 for changeToCandidate
2022-01-24 18:05:26,177 [40200fd9-271f-46a5-82e6-85afe20bb727@group-4A42DDB3E1D3-FollowerState] INFO  server.RaftServerConfigKeys (ConfUtils.java:logGet(44)) - raft.server.leaderelection.pre-vote = false (custom)
2022-01-24 18:05:26,177 [40200fd9-271f-46a5-82e6-85afe20bb727@group-4A42DDB3E1D3-FollowerState] INFO  impl.RoleInfo (RoleInfo.java:updateAndGet(130)) - 40200fd9-271f-46a5-82e6-85afe20bb727: start 40200fd9-271f-46a5-82e6-85afe20bb727@group-4A42DDB3E1D3-LeaderElection56
2022-01-24 18:05:26,184 [1c5e7e03-d60e-4e29-906a-a7b7ae931ec0@group-4A42DDB3E1D3-LeaderElection55] INFO  impl.LeaderElection (LeaderElection.java:askForVotes(306)) - 1c5e7e03-d60e-4e29-906a-a7b7ae931ec0@group-4A42DDB3E1D3-LeaderElection55 ELECTION round 0: submit vote requests at term 5 for 0: [1c5e7e03-d60e-4e29-906a-a7b7ae931ec0|rpc:10.1.0.60:37847|dataStream:|priority:1, 08efc83e-84e2-40a1-a562-910b2e2f8a64|rpc:10.1.0.60:33205|dataStream:|priority:0, 40200fd9-271f-46a5-82e6-85afe20bb727|rpc:10.1.0.60:33665|dataStream:|priority:0], old=null
2022-01-24 18:05:26,198 [grpc-default-executor-4] INFO  server.RaftServer$Division (RaftServerImpl.java:requestVote(1046)) - 08efc83e-84e2-40a1-a562-910b2e2f8a64@group-4A42DDB3E1D3: receive requestVote(ELECTION, 1c5e7e03-d60e-4e29-906a-a7b7ae931ec0, group-4A42DDB3E1D3, 5, (t:2, i:0))
2022-01-24 18:05:26,198 [grpc-default-executor-4] INFO  impl.VoteContext (VoteContext.java:log(48)) - 08efc83e-84e2-40a1-a562-910b2e2f8a64@group-4A42DDB3E1D3-FOLLOWER: accept ELECTION from 1c5e7e03-d60e-4e29-906a-a7b7ae931ec0: our last entry null < candidate's last entry (t:2, i:0)
2022-01-24 18:05:26,198 [grpc-default-executor-4] INFO  server.RaftServer$Division (RaftServerImpl.java:setRole(290)) - 08efc83e-84e2-40a1-a562-910b2e2f8a64@group-4A42DDB3E1D3: changes role from  FOLLOWER to FOLLOWER at term 5 for candidate:1c5e7e03-d60e-4e29-906a-a7b7ae931ec0
2022-01-24 18:05:26,198 [grpc-default-executor-4] INFO  impl.RoleInfo (RoleInfo.java:shutdownFollowerState(108)) - 08efc83e-84e2-40a1-a562-910b2e2f8a64: shutdown 08efc83e-84e2-40a1-a562-910b2e2f8a64@group-4A42DDB3E1D3-FollowerState
2022-01-24 18:05:26,198 [40200fd9-271f-46a5-82e6-85afe20bb727@group-4A42DDB3E1D3-LeaderElection56] INFO  impl.LeaderElection (LeaderElection.java:askForVotes(306)) - 40200fd9-271f-46a5-82e6-85afe20bb727@group-4A42DDB3E1D3-LeaderElection56 ELECTION round 0: submit vote requests at term 5 for -1: [1c5e7e03-d60e-4e29-906a-a7b7ae931ec0|rpc:10.1.0.60:37847|priority:1, 08efc83e-84e2-40a1-a562-910b2e2f8a64|rpc:10.1.0.60:33205|priority:0, 40200fd9-271f-46a5-82e6-85afe20bb727|rpc:10.1.0.60:33665|priority:0], old=null
2022-01-24 18:05:26,219 [grpc-default-executor-3] INFO  server.RaftServer$Division (RaftServerImpl.java:requestVote(1046)) - 40200fd9-271f-46a5-82e6-85afe20bb727@group-4A42DDB3E1D3: receive requestVote(ELECTION, 1c5e7e03-d60e-4e29-906a-a7b7ae931ec0, group-4A42DDB3E1D3, 5, (t:2, i:0))
2022-01-24 18:05:26,219 [grpc-default-executor-3] INFO  impl.VoteContext (VoteContext.java:log(48)) - 40200fd9-271f-46a5-82e6-85afe20bb727@group-4A42DDB3E1D3-CANDIDATE: reject ELECTION from 1c5e7e03-d60e-4e29-906a-a7b7ae931ec0: already has voted for 40200fd9-271f-46a5-82e6-85afe20bb727 at current term 5
2022-01-24 18:05:26,219 [grpc-default-executor-3] INFO  server.RaftServer$Division (RaftServerImpl.java:requestVote(1078)) - 40200fd9-271f-46a5-82e6-85afe20bb727@group-4A42DDB3E1D3 replies to ELECTION vote request: 1c5e7e03-d60e-4e29-906a-a7b7ae931ec0<-40200fd9-271f-46a5-82e6-85afe20bb727#0:FAIL-t5. Peer's state: 40200fd9-271f-46a5-82e6-85afe20bb727@group-4A42DDB3E1D3:t5, leader=null, voted=40200fd9-271f-46a5-82e6-85afe20bb727, raftlog=40200fd9-271f-46a5-82e6-85afe20bb727@group-4A42DDB3E1D3-SegmentedRaftLog:OPENED:c-1, conf=-1: [1c5e7e03-d60e-4e29-906a-a7b7ae931ec0|rpc:10.1.0.60:37847|priority:1, 08efc83e-84e2-40a1-a562-910b2e2f8a64|rpc:10.1.0.60:33205|priority:0, 40200fd9-271f-46a5-82e6-85afe20bb727|rpc:10.1.0.60:33665|priority:0], old=null
2022-01-24 18:05:26,248 [grpc-default-executor-4] INFO  impl.RoleInfo (RoleInfo.java:updateAndGet(130)) - 08efc83e-84e2-40a1-a562-910b2e2f8a64: start 08efc83e-84e2-40a1-a562-910b2e2f8a64@group-4A42DDB3E1D3-FollowerState
2022-01-24 18:05:26,248 [08efc83e-84e2-40a1-a562-910b2e2f8a64@group-4A42DDB3E1D3-FollowerState] INFO  impl.FollowerState (FollowerState.java:run(143)) - 08efc83e-84e2-40a1-a562-910b2e2f8a64@group-4A42DDB3E1D3-FollowerState was interrupted: {}
java.lang.InterruptedException: sleep interrupted
	at java.lang.Thread.sleep(Native Method)
	at java.lang.Thread.sleep(Thread.java:340)
	at java.util.concurrent.TimeUnit.sleep(TimeUnit.java:386)
	at org.apache.ratis.util.TimeDuration.sleep(TimeDuration.java:324)
	at org.apache.ratis.util.TimeDuration.sleep(TimeDuration.java:309)
	at org.apache.ratis.server.impl.FollowerState.run(FollowerState.java:118)
2022-01-24 18:05:26,253 [grpc-default-executor-6] INFO  server.RaftServer$Division (RaftServerImpl.java:requestVote(1046)) - 1c5e7e03-d60e-4e29-906a-a7b7ae931ec0@group-4A42DDB3E1D3: receive requestVote(ELECTION, 40200fd9-271f-46a5-82e6-85afe20bb727, group-4A42DDB3E1D3, 5, (t:0, i:0))
2022-01-24 18:05:26,253 [grpc-default-executor-6] INFO  impl.VoteContext (VoteContext.java:log(48)) - 1c5e7e03-d60e-4e29-906a-a7b7ae931ec0@group-4A42DDB3E1D3-CANDIDATE: reject ELECTION from 40200fd9-271f-46a5-82e6-85afe20bb727: already has voted for 1c5e7e03-d60e-4e29-906a-a7b7ae931ec0 at current term 5
2022-01-24 18:05:26,253 [grpc-default-executor-6] INFO  server.RaftServer$Division (RaftServerImpl.java:requestVote(1078)) - 1c5e7e03-d60e-4e29-906a-a7b7ae931ec0@group-4A42DDB3E1D3 replies to ELECTION vote request: 40200fd9-271f-46a5-82e6-85afe20bb727<-1c5e7e03-d60e-4e29-906a-a7b7ae931ec0#0:FAIL-t5. Peer's state: 1c5e7e03-d60e-4e29-906a-a7b7ae931ec0@group-4A42DDB3E1D3:t5, leader=null, voted=1c5e7e03-d60e-4e29-906a-a7b7ae931ec0, raftlog=1c5e7e03-d60e-4e29-906a-a7b7ae931ec0@group-4A42DDB3E1D3-SegmentedRaftLog:OPENED:c0, conf=0: [1c5e7e03-d60e-4e29-906a-a7b7ae931ec0|rpc:10.1.0.60:37847|dataStream:|priority:1, 08efc83e-84e2-40a1-a562-910b2e2f8a64|rpc:10.1.0.60:33205|dataStream:|priority:0, 40200fd9-271f-46a5-82e6-85afe20bb727|rpc:10.1.0.60:33665|dataStream:|priority:0], old=null
2022-01-24 18:05:26,254 [grpc-default-executor-3] INFO  server.RaftServer$Division (RaftServerImpl.java:requestVote(1046)) - 08efc83e-84e2-40a1-a562-910b2e2f8a64@group-4A42DDB3E1D3: receive requestVote(ELECTION, 40200fd9-271f-46a5-82e6-85afe20bb727, group-4A42DDB3E1D3, 5, (t:0, i:0))
2022-01-24 18:05:26,254 [grpc-default-executor-4] INFO  server.RaftServer$Division (RaftServerImpl.java:requestVote(1078)) - 08efc83e-84e2-40a1-a562-910b2e2f8a64@group-4A42DDB3E1D3 replies to ELECTION vote request: 1c5e7e03-d60e-4e29-906a-a7b7ae931ec0<-08efc83e-84e2-40a1-a562-910b2e2f8a64#0:OK-t5. Peer's state: 08efc83e-84e2-40a1-a562-910b2e2f8a64@group-4A42DDB3E1D3:t5, leader=null, voted=1c5e7e03-d60e-4e29-906a-a7b7ae931ec0, raftlog=08efc83e-84e2-40a1-a562-910b2e2f8a64@group-4A42DDB3E1D3-SegmentedRaftLog:OPENED:c-1, conf=-1: [1c5e7e03-d60e-4e29-906a-a7b7ae931ec0|rpc:10.1.0.60:37847|priority:1, 08efc83e-84e2-40a1-a562-910b2e2f8a64|rpc:10.1.0.60:33205|priority:0, 40200fd9-271f-46a5-82e6-85afe20bb727|rpc:10.1.0.60:33665|priority:0], old=null
2022-01-24 18:05:26,255 [1c5e7e03-d60e-4e29-906a-a7b7ae931ec0@group-4A42DDB3E1D3-LeaderElection55] INFO  impl.LeaderElection (LeaderElection.java:logAndReturn(89)) - 1c5e7e03-d60e-4e29-906a-a7b7ae931ec0@group-4A42DDB3E1D3-LeaderElection55: ELECTION PASSED received 2 response(s) and 0 exception(s):
2022-01-24 18:05:26,255 [1c5e7e03-d60e-4e29-906a-a7b7ae931ec0@group-4A42DDB3E1D3-LeaderElection55] INFO  impl.LeaderElection (LeaderElection.java:logAndReturn(93)) -   Response 0: 1c5e7e03-d60e-4e29-906a-a7b7ae931ec0<-08efc83e-84e2-40a1-a562-910b2e2f8a64#0:OK-t5
2022-01-24 18:05:26,255 [1c5e7e03-d60e-4e29-906a-a7b7ae931ec0@group-4A42DDB3E1D3-LeaderElection55] INFO  impl.LeaderElection (LeaderElection.java:logAndReturn(93)) -   Response 1: 1c5e7e03-d60e-4e29-906a-a7b7ae931ec0<-40200fd9-271f-46a5-82e6-85afe20bb727#0:FAIL-t5
2022-01-24 18:05:26,255 [1c5e7e03-d60e-4e29-906a-a7b7ae931ec0@group-4A42DDB3E1D3-LeaderElection55] INFO  impl.LeaderElection (LeaderElection.java:askForVotes(308)) - 1c5e7e03-d60e-4e29-906a-a7b7ae931ec0@group-4A42DDB3E1D3-LeaderElection55 ELECTION round 0: result PASSED
2022-01-24 18:05:26,255 [1c5e7e03-d60e-4e29-906a-a7b7ae931ec0@group-4A42DDB3E1D3-LeaderElection55] INFO  impl.RoleInfo (RoleInfo.java:shutdownLeaderElection(121)) - 1c5e7e03-d60e-4e29-906a-a7b7ae931ec0: shutdown 1c5e7e03-d60e-4e29-906a-a7b7ae931ec0@group-4A42DDB3E1D3-LeaderElection55
2022-01-24 18:05:26,255 [1c5e7e03-d60e-4e29-906a-a7b7ae931ec0@group-4A42DDB3E1D3-LeaderElection55] INFO  server.RaftServer$Division (RaftServerImpl.java:setRole(290)) - 1c5e7e03-d60e-4e29-906a-a7b7ae931ec0@group-4A42DDB3E1D3: changes role from CANDIDATE to LEADER at term 5 for changeToLeader
2022-01-24 18:05:26,255 [1c5e7e03-d60e-4e29-906a-a7b7ae931ec0@group-4A42DDB3E1D3-LeaderElection55] INFO  ratis.XceiverServerRatis (XceiverServerRatis.java:handleLeaderChangedNotification(866)) - Leader change notification received for group: group-4A42DDB3E1D3 with new leaderId: 1c5e7e03-d60e-4e29-906a-a7b7ae931ec0
2022-01-24 18:05:26,255 [1c5e7e03-d60e-4e29-906a-a7b7ae931ec0@group-4A42DDB3E1D3-LeaderElection55] INFO  server.RaftServer$Division (ServerState.java:setLeader(285)) - 1c5e7e03-d60e-4e29-906a-a7b7ae931ec0@group-4A42DDB3E1D3: change Leader from null to 1c5e7e03-d60e-4e29-906a-a7b7ae931ec0 at term 5 for becomeLeader, leader elected after 10361ms
2022-01-24 18:05:26,255 [1c5e7e03-d60e-4e29-906a-a7b7ae931ec0@group-4A42DDB3E1D3-LeaderElection55] INFO  server.RaftServerConfigKeys (ConfUtils.java:logGet(44)) - raft.server.staging.catchup.gap = 1000 (default)
2022-01-24 18:05:26,255 [1c5e7e03-d60e-4e29-906a-a7b7ae931ec0@group-4A42DDB3E1D3-LeaderElection55] INFO  server.RaftServerConfigKeys (ConfUtils.java:logGet(44)) - raft.server.write.element-limit = 1024 (custom)
2022-01-24 18:05:26,255 [1c5e7e03-d60e-4e29-906a-a7b7ae931ec0@group-4A42DDB3E1D3-LeaderElection55] INFO  server.RaftServerConfigKeys (ConfUtils.java:logGet(44)) - raft.server.write.byte-limit = 1024 M (=1073741824) (custom)
2022-01-24 18:05:26,256 [1c5e7e03-d60e-4e29-906a-a7b7ae931ec0@group-4A42DDB3E1D3-LeaderElection55] INFO  server.RaftServerConfigKeys (ConfUtils.java:logGet(44)) - raft.server.watch.timeout = 3000ms (custom)
2022-01-24 18:05:26,256 [1c5e7e03-d60e-4e29-906a-a7b7ae931ec0@group-4A42DDB3E1D3-LeaderElection55] INFO  server.RaftServerConfigKeys (ConfUtils.java:logGet(44)) - raft.server.watch.timeout.denomination = 1s (default)
2022-01-24 18:05:26,256 [1c5e7e03-d60e-4e29-906a-a7b7ae931ec0@group-4A42DDB3E1D3-LeaderElection55] INFO  server.RaftServerConfigKeys (ConfUtils.java:logGet(44)) - raft.server.watch.element-limit = 65536 (default)
2022-01-24 18:05:26,256 [1c5e7e03-d60e-4e29-906a-a7b7ae931ec0@group-4A42DDB3E1D3-LeaderElection55] INFO  server.RaftServerConfigKeys (ConfUtils.java:logGet(44)) - raft.server.write.element-limit = 1024 (custom)
2022-01-24 18:05:26,256 [1c5e7e03-d60e-4e29-906a-a7b7ae931ec0@group-4A42DDB3E1D3-LeaderElection55] INFO  server.RaftServerConfigKeys (ConfUtils.java:logGet(44)) - raft.server.write.follower.gap.ratio.max = -1.0 (default)
2022-01-24 18:05:26,256 [1c5e7e03-d60e-4e29-906a-a7b7ae931ec0@group-4A42DDB3E1D3-LeaderElection55] INFO  server.RaftServerConfigKeys (ConfUtils.java:logGet(44)) - raft.server.log.appender.snapshot.chunk.size.max = 16MB (=16777216) (default)
2022-01-24 18:05:26,256 [1c5e7e03-d60e-4e29-906a-a7b7ae931ec0@group-4A42DDB3E1D3-LeaderElection55] INFO  server.RaftServerConfigKeys (ConfUtils.java:logGet(44)) - raft.server.log.appender.buffer.byte-limit = 33554432 (custom)
2022-01-24 18:05:26,256 [1c5e7e03-d60e-4e29-906a-a7b7ae931ec0@group-4A42DDB3E1D3-LeaderElection55] INFO  server.RaftServerConfigKeys (ConfUtils.java:logGet(44)) - raft.server.log.appender.buffer.element-limit = 1 (custom)
2022-01-24 18:05:26,256 [1c5e7e03-d60e-4e29-906a-a7b7ae931ec0@group-4A42DDB3E1D3-LeaderElection55] INFO  grpc.GrpcConfigKeys (ConfUtils.java:logGet(44)) - raft.grpc.server.leader.outstanding.appends.max = 128 (default)
2022-01-24 18:05:26,256 [1c5e7e03-d60e-4e29-906a-a7b7ae931ec0@group-4A42DDB3E1D3-LeaderElection55] INFO  server.RaftServerConfigKeys (ConfUtils.java:logGet(44)) - raft.server.rpc.request.timeout = 3000ms (default)
2022-01-24 18:05:26,256 [1c5e7e03-d60e-4e29-906a-a7b7ae931ec0@group-4A42DDB3E1D3-LeaderElection55] INFO  server.RaftServerConfigKeys (ConfUtils.java:logGet(44)) - raft.server.log.appender.install.snapshot.enabled = false (custom)
2022-01-24 18:05:26,257 [grpc-default-executor-3] INFO  impl.VoteContext (VoteContext.java:log(48)) - 08efc83e-84e2-40a1-a562-910b2e2f8a64@group-4A42DDB3E1D3-FOLLOWER: reject ELECTION from 40200fd9-271f-46a5-82e6-85afe20bb727: already has voted for 1c5e7e03-d60e-4e29-906a-a7b7ae931ec0 at current term 5
2022-01-24 18:05:26,257 [grpc-default-executor-3] INFO  server.RaftServer$Division (RaftServerImpl.java:requestVote(1078)) - 08efc83e-84e2-40a1-a562-910b2e2f8a64@group-4A42DDB3E1D3 replies to ELECTION vote request: 40200fd9-271f-46a5-82e6-85afe20bb727<-08efc83e-84e2-40a1-a562-910b2e2f8a64#0:FAIL-t5. Peer's state: 08efc83e-84e2-40a1-a562-910b2e2f8a64@group-4A42DDB3E1D3:t5, leader=null, voted=1c5e7e03-d60e-4e29-906a-a7b7ae931ec0, raftlog=08efc83e-84e2-40a1-a562-910b2e2f8a64@group-4A42DDB3E1D3-SegmentedRaftLog:OPENED:c-1, conf=-1: [1c5e7e03-d60e-4e29-906a-a7b7ae931ec0|rpc:10.1.0.60:37847|priority:1, 08efc83e-84e2-40a1-a562-910b2e2f8a64|rpc:10.1.0.60:33205|priority:0, 40200fd9-271f-46a5-82e6-85afe20bb727|rpc:10.1.0.60:33665|priority:0], old=null
2022-01-24 18:05:26,257 [40200fd9-271f-46a5-82e6-85afe20bb727@group-4A42DDB3E1D3-LeaderElection56] INFO  impl.LeaderElection (LeaderElection.java:logAndReturn(89)) - 40200fd9-271f-46a5-82e6-85afe20bb727@group-4A42DDB3E1D3-LeaderElection56: ELECTION REJECTED received 1 response(s) and 0 exception(s):
2022-01-24 18:05:26,258 [40200fd9-271f-46a5-82e6-85afe20bb727@group-4A42DDB3E1D3-LeaderElection56] INFO  impl.LeaderElection (LeaderElection.java:logAndReturn(93)) -   Response 0: 40200fd9-271f-46a5-82e6-85afe20bb727<-1c5e7e03-d60e-4e29-906a-a7b7ae931ec0#0:FAIL-t5
2022-01-24 18:05:26,258 [40200fd9-271f-46a5-82e6-85afe20bb727@group-4A42DDB3E1D3-LeaderElection56] INFO  impl.LeaderElection (LeaderElection.java:askForVotes(308)) - 40200fd9-271f-46a5-82e6-85afe20bb727@group-4A42DDB3E1D3-LeaderElection56 ELECTION round 0: result REJECTED
2022-01-24 18:05:26,258 [40200fd9-271f-46a5-82e6-85afe20bb727@group-4A42DDB3E1D3-LeaderElection56] INFO  server.RaftServer$Division (RaftServerImpl.java:setRole(290)) - 40200fd9-271f-46a5-82e6-85afe20bb727@group-4A42DDB3E1D3: changes role from CANDIDATE to FOLLOWER at term 5 for REJECTED
2022-01-24 18:05:26,258 [40200fd9-271f-46a5-82e6-85afe20bb727@group-4A42DDB3E1D3-LeaderElection56] INFO  impl.RoleInfo (RoleInfo.java:shutdownLeaderElection(121)) - 40200fd9-271f-46a5-82e6-85afe20bb727: shutdown 40200fd9-271f-46a5-82e6-85afe20bb727@group-4A42DDB3E1D3-LeaderElection56
2022-01-24 18:05:26,258 [40200fd9-271f-46a5-82e6-85afe20bb727@group-4A42DDB3E1D3-LeaderElection56] INFO  impl.RoleInfo (RoleInfo.java:updateAndGet(130)) - 40200fd9-271f-46a5-82e6-85afe20bb727: start 40200fd9-271f-46a5-82e6-85afe20bb727@group-4A42DDB3E1D3-FollowerState
2022-01-24 18:05:26,259 [1c5e7e03-d60e-4e29-906a-a7b7ae931ec0@group-4A42DDB3E1D3-LeaderElection55] INFO  server.RaftServerConfigKeys (ConfUtils.java:logGet(44)) - raft.server.log.appender.snapshot.chunk.size.max = 16MB (=16777216) (default)
2022-01-24 18:05:26,259 [1c5e7e03-d60e-4e29-906a-a7b7ae931ec0@group-4A42DDB3E1D3-LeaderElection55] INFO  server.RaftServerConfigKeys (ConfUtils.java:logGet(44)) - raft.server.log.appender.buffer.byte-limit = 33554432 (custom)
2022-01-24 18:05:26,259 [1c5e7e03-d60e-4e29-906a-a7b7ae931ec0@group-4A42DDB3E1D3-LeaderElection55] INFO  server.RaftServerConfigKeys (ConfUtils.java:logGet(44)) - raft.server.log.appender.buffer.element-limit = 1 (custom)
2022-01-24 18:05:26,259 [1c5e7e03-d60e-4e29-906a-a7b7ae931ec0@group-4A42DDB3E1D3-LeaderElection55] INFO  grpc.GrpcConfigKeys (ConfUtils.java:logGet(44)) - raft.grpc.server.leader.outstanding.appends.max = 128 (default)
2022-01-24 18:05:26,259 [1c5e7e03-d60e-4e29-906a-a7b7ae931ec0@group-4A42DDB3E1D3-LeaderElection55] INFO  server.RaftServerConfigKeys (ConfUtils.java:logGet(44)) - raft.server.rpc.request.timeout = 3000ms (default)
2022-01-24 18:05:26,259 [1c5e7e03-d60e-4e29-906a-a7b7ae931ec0@group-4A42DDB3E1D3-LeaderElection55] INFO  server.RaftServerConfigKeys (ConfUtils.java:logGet(44)) - raft.server.log.appender.install.snapshot.enabled = false (custom)
2022-01-24 18:05:26,260 [1c5e7e03-d60e-4e29-906a-a7b7ae931ec0@group-4A42DDB3E1D3-LeaderElection55] INFO  impl.RoleInfo (RoleInfo.java:updateAndGet(130)) - 1c5e7e03-d60e-4e29-906a-a7b7ae931ec0: start 1c5e7e03-d60e-4e29-906a-a7b7ae931ec0@group-4A42DDB3E1D3-LeaderStateImpl
2022-01-24 18:05:26,260 [1c5e7e03-d60e-4e29-906a-a7b7ae931ec0@group-4A42DDB3E1D3-LeaderElection55] INFO  segmented.SegmentedRaftLogWorker (SegmentedRaftLogWorker.java:rollLogSegment(399)) - 1c5e7e03-d60e-4e29-906a-a7b7ae931ec0@group-4A42DDB3E1D3-SegmentedRaftLogWorker: Rolling segment log-0_0 to index:0
2022-01-24 18:05:26,261 [1c5e7e03-d60e-4e29-906a-a7b7ae931ec0@group-4A42DDB3E1D3-SegmentedRaftLogWorker] INFO  segmented.SegmentedRaftLogWorker (SegmentedRaftLogWorker.java:execute(558)) - 1c5e7e03-d60e-4e29-906a-a7b7ae931ec0@group-4A42DDB3E1D3-SegmentedRaftLogWorker: Rolled log segment from /home/runner/work/ozone/ozone/hadoop-ozone/integration-test/target/test-dir/MiniOzoneClusterImpl-aa639c69-f9d2-45b5-aeae-2a5a4e0b395a/datanode-2/data/ratis/a8873472-a4b0-431b-95d4-4a42ddb3e1d3/current/log_inprogress_0 to /home/runner/work/ozone/ozone/hadoop-ozone/integration-test/target/test-dir/MiniOzoneClusterImpl-aa639c69-f9d2-45b5-aeae-2a5a4e0b395a/datanode-2/data/ratis/a8873472-a4b0-431b-95d4-4a42ddb3e1d3/current/log_0-0
2022-01-24 18:05:26,263 [1c5e7e03-d60e-4e29-906a-a7b7ae931ec0@group-4A42DDB3E1D3-SegmentedRaftLogWorker] INFO  segmented.SegmentedRaftLogWorker (SegmentedRaftLogWorker.java:execute(601)) - 1c5e7e03-d60e-4e29-906a-a7b7ae931ec0@group-4A42DDB3E1D3-SegmentedRaftLogWorker: created new log segment /home/runner/work/ozone/ozone/hadoop-ozone/integration-test/target/test-dir/MiniOzoneClusterImpl-aa639c69-f9d2-45b5-aeae-2a5a4e0b395a/datanode-2/data/ratis/a8873472-a4b0-431b-95d4-4a42ddb3e1d3/current/log_inprogress_1
2022-01-24 18:05:26,265 [grpc-default-executor-4] INFO  ratis.XceiverServerRatis (XceiverServerRatis.java:handleLeaderChangedNotification(866)) - Leader change notification received for group: group-4A42DDB3E1D3 with new leaderId: 1c5e7e03-d60e-4e29-906a-a7b7ae931ec0
2022-01-24 18:05:26,265 [grpc-default-executor-4] INFO  server.RaftServer$Division (ServerState.java:setLeader(285)) - 40200fd9-271f-46a5-82e6-85afe20bb727@group-4A42DDB3E1D3: change Leader from null to 1c5e7e03-d60e-4e29-906a-a7b7ae931ec0 at term 5 for appendEntries, leader elected after 20923ms
2022-01-24 18:05:26,266 [grpc-default-executor-4] INFO  server.RaftServer$Division (RaftServerImpl.java:checkInconsistentAppendEntries(1322)) - 40200fd9-271f-46a5-82e6-85afe20bb727@group-4A42DDB3E1D3: Failed appendEntries as previous log entry ((t:2, i:0)) is not found
2022-01-24 18:05:26,266 [grpc-default-executor-4] INFO  server.RaftServer$Division (RaftServerImpl.java:checkInconsistentAppendEntries(1288)) - 40200fd9-271f-46a5-82e6-85afe20bb727@group-4A42DDB3E1D3: inconsistency entries. Reply:1c5e7e03-d60e-4e29-906a-a7b7ae931ec0<-40200fd9-271f-46a5-82e6-85afe20bb727#0:FAIL-t5,INCONSISTENCY,nextIndex=0,followerCommit=-1
2022-01-24 18:05:26,268 [grpc-default-executor-4] INFO  leader.FollowerInfo (FollowerInfoImpl.java:lambda$new$0(47)) - 1c5e7e03-d60e-4e29-906a-a7b7ae931ec0@group-4A42DDB3E1D3->40200fd9-271f-46a5-82e6-85afe20bb727: nextIndex: updateUnconditionally 1 -> 0
2022-01-24 18:05:26,273 [grpc-default-executor-4] INFO  server.RaftServer$Division (ServerState.java:setRaftConf(387)) - 40200fd9-271f-46a5-82e6-85afe20bb727@group-4A42DDB3E1D3: set configuration 0: [1c5e7e03-d60e-4e29-906a-a7b7ae931ec0|rpc:10.1.0.60:37847|dataStream:|priority:1, 08efc83e-84e2-40a1-a562-910b2e2f8a64|rpc:10.1.0.60:33205|dataStream:|priority:0, 40200fd9-271f-46a5-82e6-85afe20bb727|rpc:10.1.0.60:33665|dataStream:|priority:0], old=null
2022-01-24 18:05:26,273 [grpc-default-executor-4] INFO  segmented.SegmentedRaftLogWorker (SegmentedRaftLogWorker.java:startLogSegment(394)) - 40200fd9-271f-46a5-82e6-85afe20bb727@group-4A42DDB3E1D3-SegmentedRaftLogWorker: Starting segment from index:0
2022-01-24 18:05:26,276 [1c5e7e03-d60e-4e29-906a-a7b7ae931ec0@group-4A42DDB3E1D3-LeaderElection55] INFO  server.RaftServer$Division (ServerState.java:setRaftConf(387)) - 1c5e7e03-d60e-4e29-906a-a7b7ae931ec0@group-4A42DDB3E1D3: set configuration 1: [1c5e7e03-d60e-4e29-906a-a7b7ae931ec0|rpc:10.1.0.60:37847|dataStream:|priority:1, 08efc83e-84e2-40a1-a562-910b2e2f8a64|rpc:10.1.0.60:33205|dataStream:|priority:0, 40200fd9-271f-46a5-82e6-85afe20bb727|rpc:10.1.0.60:33665|dataStream:|priority:0], old=null
2022-01-24 18:05:26,276 [grpc-default-executor-4] INFO  server.RaftServer$Division (ServerState.java:setRaftConf(387)) - 40200fd9-271f-46a5-82e6-85afe20bb727@group-4A42DDB3E1D3: set configuration 1: [1c5e7e03-d60e-4e29-906a-a7b7ae931ec0|rpc:10.1.0.60:37847|dataStream:|priority:1, 08efc83e-84e2-40a1-a562-910b2e2f8a64|rpc:10.1.0.60:33205|dataStream:|priority:0, 40200fd9-271f-46a5-82e6-85afe20bb727|rpc:10.1.0.60:33665|dataStream:|priority:0], old=null
2022-01-24 18:05:26,277 [grpc-default-executor-4] INFO  segmented.SegmentedRaftLogWorker (SegmentedRaftLogWorker.java:rollLogSegment(399)) - 40200fd9-271f-46a5-82e6-85afe20bb727@group-4A42DDB3E1D3-SegmentedRaftLogWorker: Rolling segment log-0_0 to index:0
2022-01-24 18:05:26,277 [40200fd9-271f-46a5-82e6-85afe20bb727@group-4A42DDB3E1D3-SegmentedRaftLogWorker] INFO  segmented.SegmentedRaftLogWorker (SegmentedRaftLogWorker.java:execute(601)) - 40200fd9-271f-46a5-82e6-85afe20bb727@group-4A42DDB3E1D3-SegmentedRaftLogWorker: created new log segment /home/runner/work/ozone/ozone/hadoop-ozone/integration-test/target/test-dir/MiniOzoneClusterImpl-aa639c69-f9d2-45b5-aeae-2a5a4e0b395a/datanode-0/data/ratis/a8873472-a4b0-431b-95d4-4a42ddb3e1d3/current/log_inprogress_0
2022-01-24 18:05:26,286 [grpc-default-executor-4] INFO  ratis.XceiverServerRatis (XceiverServerRatis.java:handleLeaderChangedNotification(866)) - Leader change notification received for group: group-4A42DDB3E1D3 with new leaderId: 1c5e7e03-d60e-4e29-906a-a7b7ae931ec0
2022-01-24 18:05:26,287 [grpc-default-executor-4] INFO  server.RaftServer$Division (ServerState.java:setLeader(285)) - 08efc83e-84e2-40a1-a562-910b2e2f8a64@group-4A42DDB3E1D3: change Leader from null to 1c5e7e03-d60e-4e29-906a-a7b7ae931ec0 at term 5 for appendEntries, leader elected after 20827ms
2022-01-24 18:05:26,287 [grpc-default-executor-4] INFO  server.RaftServer$Division (RaftServerImpl.java:checkInconsistentAppendEntries(1322)) - 08efc83e-84e2-40a1-a562-910b2e2f8a64@group-4A42DDB3E1D3: Failed appendEntries as previous log entry ((t:2, i:0)) is not found
2022-01-24 18:05:26,287 [grpc-default-executor-4] INFO  server.RaftServer$Division (RaftServerImpl.java:checkInconsistentAppendEntries(1288)) - 08efc83e-84e2-40a1-a562-910b2e2f8a64@group-4A42DDB3E1D3: inconsistency entries. Reply:1c5e7e03-d60e-4e29-906a-a7b7ae931ec0<-08efc83e-84e2-40a1-a562-910b2e2f8a64#0:FAIL-t5,INCONSISTENCY,nextIndex=0,followerCommit=-1
2022-01-24 18:05:26,288 [grpc-default-executor-4] INFO  leader.FollowerInfo (FollowerInfoImpl.java:lambda$new$0(47)) - 1c5e7e03-d60e-4e29-906a-a7b7ae931ec0@group-4A42DDB3E1D3->08efc83e-84e2-40a1-a562-910b2e2f8a64: nextIndex: updateUnconditionally 1 -> 0
2022-01-24 18:05:26,289 [grpc-default-executor-4] INFO  server.RaftServer$Division (ServerState.java:setRaftConf(387)) - 08efc83e-84e2-40a1-a562-910b2e2f8a64@group-4A42DDB3E1D3: set configuration 0: [1c5e7e03-d60e-4e29-906a-a7b7ae931ec0|rpc:10.1.0.60:37847|dataStream:|priority:1, 08efc83e-84e2-40a1-a562-910b2e2f8a64|rpc:10.1.0.60:33205|dataStream:|priority:0, 40200fd9-271f-46a5-82e6-85afe20bb727|rpc:10.1.0.60:33665|dataStream:|priority:0], old=null
2022-01-24 18:05:26,289 [grpc-default-executor-4] INFO  segmented.SegmentedRaftLogWorker (SegmentedRaftLogWorker.java:startLogSegment(394)) - 08efc83e-84e2-40a1-a562-910b2e2f8a64@group-4A42DDB3E1D3-SegmentedRaftLogWorker: Starting segment from index:0
2022-01-24 18:05:26,313 [grpc-default-executor-4] INFO  server.RaftServer$Division (ServerState.java:setRaftConf(387)) - 08efc83e-84e2-40a1-a562-910b2e2f8a64@group-4A42DDB3E1D3: set configuration 1: [1c5e7e03-d60e-4e29-906a-a7b7ae931ec0|rpc:10.1.0.60:37847|dataStream:|priority:1, 08efc83e-84e2-40a1-a562-910b2e2f8a64|rpc:10.1.0.60:33205|dataStream:|priority:0, 40200fd9-271f-46a5-82e6-85afe20bb727|rpc:10.1.0.60:33665|dataStream:|priority:0], old=null
2022-01-24 18:05:26,313 [grpc-default-executor-4] INFO  segmented.SegmentedRaftLogWorker (SegmentedRaftLogWorker.java:rollLogSegment(399)) - 08efc83e-84e2-40a1-a562-910b2e2f8a64@group-4A42DDB3E1D3-SegmentedRaftLogWorker: Rolling segment log-0_0 to index:0
2022-01-24 18:05:26,313 [40200fd9-271f-46a5-82e6-85afe20bb727@group-4A42DDB3E1D3-SegmentedRaftLogWorker] INFO  segmented.SegmentedRaftLogWorker (SegmentedRaftLogWorker.java:execute(558)) - 40200fd9-271f-46a5-82e6-85afe20bb727@group-4A42DDB3E1D3-SegmentedRaftLogWorker: Rolled log segment from /home/runner/work/ozone/ozone/hadoop-ozone/integration-test/target/test-dir/MiniOzoneClusterImpl-aa639c69-f9d2-45b5-aeae-2a5a4e0b395a/datanode-0/data/ratis/a8873472-a4b0-431b-95d4-4a42ddb3e1d3/current/log_inprogress_0 to /home/runner/work/ozone/ozone/hadoop-ozone/integration-test/target/test-dir/MiniOzoneClusterImpl-aa639c69-f9d2-45b5-aeae-2a5a4e0b395a/datanode-0/data/ratis/a8873472-a4b0-431b-95d4-4a42ddb3e1d3/current/log_0-0
2022-01-24 18:05:26,315 [40200fd9-271f-46a5-82e6-85afe20bb727@group-4A42DDB3E1D3-SegmentedRaftLogWorker] INFO  segmented.SegmentedRaftLogWorker (SegmentedRaftLogWorker.java:execute(601)) - 40200fd9-271f-46a5-82e6-85afe20bb727@group-4A42DDB3E1D3-SegmentedRaftLogWorker: created new log segment /home/runner/work/ozone/ozone/hadoop-ozone/integration-test/target/test-dir/MiniOzoneClusterImpl-aa639c69-f9d2-45b5-aeae-2a5a4e0b395a/datanode-0/data/ratis/a8873472-a4b0-431b-95d4-4a42ddb3e1d3/current/log_inprogress_1
2022-01-24 18:05:26,315 [08efc83e-84e2-40a1-a562-910b2e2f8a64@group-4A42DDB3E1D3-SegmentedRaftLogWorker] INFO  segmented.SegmentedRaftLogWorker (SegmentedRaftLogWorker.java:execute(601)) - 08efc83e-84e2-40a1-a562-910b2e2f8a64@group-4A42DDB3E1D3-SegmentedRaftLogWorker: created new log segment /home/runner/work/ozone/ozone/hadoop-ozone/integration-test/target/test-dir/MiniOzoneClusterImpl-aa639c69-f9d2-45b5-aeae-2a5a4e0b395a/datanode-1/data/ratis/a8873472-a4b0-431b-95d4-4a42ddb3e1d3/current/log_inprogress_0
2022-01-24 18:05:26,325 [08efc83e-84e2-40a1-a562-910b2e2f8a64@group-4A42DDB3E1D3-SegmentedRaftLogWorker] INFO  segmented.SegmentedRaftLogWorker (SegmentedRaftLogWorker.java:execute(558)) - 08efc83e-84e2-40a1-a562-910b2e2f8a64@group-4A42DDB3E1D3-SegmentedRaftLogWorker: Rolled log segment from /home/runner/work/ozone/ozone/hadoop-ozone/integration-test/target/test-dir/MiniOzoneClusterImpl-aa639c69-f9d2-45b5-aeae-2a5a4e0b395a/datanode-1/data/ratis/a8873472-a4b0-431b-95d4-4a42ddb3e1d3/current/log_inprogress_0 to /home/runner/work/ozone/ozone/hadoop-ozone/integration-test/target/test-dir/MiniOzoneClusterImpl-aa639c69-f9d2-45b5-aeae-2a5a4e0b395a/datanode-1/data/ratis/a8873472-a4b0-431b-95d4-4a42ddb3e1d3/current/log_0-0
2022-01-24 18:05:26,349 [08efc83e-84e2-40a1-a562-910b2e2f8a64@group-4A42DDB3E1D3-SegmentedRaftLogWorker] INFO  segmented.SegmentedRaftLogWorker (SegmentedRaftLogWorker.java:execute(601)) - 08efc83e-84e2-40a1-a562-910b2e2f8a64@group-4A42DDB3E1D3-SegmentedRaftLogWorker: created new log segment /home/runner/work/ozone/ozone/hadoop-ozone/integration-test/target/test-dir/MiniOzoneClusterImpl-aa639c69-f9d2-45b5-aeae-2a5a4e0b395a/datanode-1/data/ratis/a8873472-a4b0-431b-95d4-4a42ddb3e1d3/current/log_inprogress_1
2022-01-24 18:05:28,136 [Listener at 127.0.0.1/42611] INFO  ozone.MiniOzoneClusterImpl (MiniOzoneClusterImpl.java:shutdown(437)) - Shutting down the Mini Ozone Cluster
2022-01-24 18:05:28,136 [Listener at 127.0.0.1/42611] INFO  ozone.MiniOzoneClusterImpl (MiniOzoneClusterImpl.java:stop(452)) - Stopping the Mini Ozone Cluster
2022-01-24 18:05:28,136 [Listener at 127.0.0.1/42611] INFO  ozone.MiniOzoneClusterImpl (MiniOzoneClusterImpl.java:stopOM(534)) - Stopping the OzoneManager
2022-01-24 18:05:28,136 [Listener at 127.0.0.1/42611] INFO  om.OzoneManager (OzoneManager.java:stop(1893)) - om1[localhost:0]: Stopping Ozone Manager
2022-01-24 18:05:28,136 [Listener at 127.0.0.1/42611] INFO  ipc.Server (Server.java:stop(3414)) - Stopping server on 42611
2022-01-24 18:05:28,145 [IPC Server Responder] INFO  ipc.Server (Server.java:run(1512)) - Stopping IPC Server Responder
2022-01-24 18:05:28,145 [IPC Server listener on 0] INFO  ipc.Server (Server.java:run(1376)) - Stopping IPC Server listener on 0
2022-01-24 18:05:28,145 [Listener at 127.0.0.1/42611] INFO  server.RaftServer (RaftServerProxy.java:lambda$close$6(391)) - om1: close
2022-01-24 18:05:28,145 [Listener at 127.0.0.1/42611] INFO  server.RaftServer$Division (RaftServerImpl.java:lambda$close$4(412)) - om1@group-C5BA1605619E: shutdown
2022-01-24 18:05:28,145 [Listener at 127.0.0.1/42611] INFO  util.JmxRegister (JmxRegister.java:unregister(73)) - Successfully un-registered JMX Bean with object name Ratis:service=RaftServer,group=group-C5BA1605619E,id=om1
2022-01-24 18:05:28,145 [Listener at 127.0.0.1/42611] INFO  impl.RoleInfo (RoleInfo.java:shutdownLeaderState(91)) - om1: shutdown om1@group-C5BA1605619E-LeaderStateImpl
2022-01-24 18:05:28,146 [Listener at 127.0.0.1/42611] INFO  impl.PendingRequests (PendingRequests.java:sendNotLeaderResponses(282)) - om1@group-C5BA1605619E-PendingRequests: sendNotLeaderResponses
2022-01-24 18:05:28,154 [Listener at 127.0.0.1/42611] INFO  impl.StateMachineUpdater (StateMachineUpdater.java:stopAndJoin(149)) - om1@group-C5BA1605619E-StateMachineUpdater: set stopIndex = 4
2022-01-24 18:05:28,154 [om1@group-C5BA1605619E-StateMachineUpdater] INFO  ratis.OzoneManagerStateMachine (OzoneManagerStateMachine.java:takeSnapshot(417)) - Current Snapshot Index (t:1, i:4)
2022-01-24 18:05:28,154 [om1@group-C5BA1605619E-StateMachineUpdater] INFO  impl.StateMachineUpdater (StateMachineUpdater.java:takeSnapshot(281)) - om1@group-C5BA1605619E-StateMachineUpdater: Took a snapshot at index 4
2022-01-24 18:05:28,154 [om1@group-C5BA1605619E-StateMachineUpdater] INFO  impl.StateMachineUpdater (StateMachineUpdater.java:lambda$new$0(89)) - om1@group-C5BA1605619E-StateMachineUpdater: snapshotIndex: updateIncreasingly -1 -> 4
2022-01-24 18:05:28,154 [om1@group-C5BA1605619E-StateMachineUpdater] INFO  ratis.OzoneManagerStateMachine (OzoneManagerStateMachine.java:close(471)) - StateMachine has shutdown. Shutdown OzoneManager if not already shutdown.
2022-01-24 18:05:28,154 [Listener at 127.0.0.1/42611] INFO  server.RaftServer$Division (ServerState.java:close(419)) - om1@group-C5BA1605619E: closes. applyIndex: 4
2022-01-24 18:05:28,155 [om1@group-C5BA1605619E-SegmentedRaftLogWorker] INFO  segmented.SegmentedRaftLogWorker (SegmentedRaftLogWorker.java:run(327)) - om1@group-C5BA1605619E-SegmentedRaftLogWorker was interrupted, exiting. There are 0 tasks remaining in the queue.
2022-01-24 18:05:28,156 [Listener at 127.0.0.1/42611] INFO  segmented.SegmentedRaftLogWorker (SegmentedRaftLogWorker.java:close(237)) - om1@group-C5BA1605619E-SegmentedRaftLogWorker close()
2022-01-24 18:05:28,158 [Listener at 127.0.0.1/42611] INFO  server.GrpcService (GrpcService.java:closeImpl(262)) - om1: shutdown server with port 9872 now
2022-01-24 18:05:28,159 [Listener at 127.0.0.1/42611] INFO  server.GrpcService (GrpcService.java:closeImpl(271)) - om1: shutdown server with port 9872 successfully
2022-01-24 18:05:28,159 [org.apache.ratis.util.JvmPauseMonitor$$Lambda$431/1963060215@3bf251e2] INFO  util.JvmPauseMonitor (JvmPauseMonitor.java:run(109)) - JvmPauseMonitor-om1: Stopped
2022-01-24 18:05:28,159 [Listener at 127.0.0.1/42611] INFO  ratis.OzoneManagerDoubleBuffer (OzoneManagerDoubleBuffer.java:stop(437)) - Stopping OMDoubleBuffer flush thread
2022-01-24 18:05:28,159 [OMDoubleBufferFlushThread] INFO  ratis.OzoneManagerDoubleBuffer (OzoneManagerDoubleBuffer.java:flushTransactions(356)) - OMDoubleBuffer flush thread OMDoubleBufferFlushThread is interrupted and will exit. OMDoubleBufferFlushThread
2022-01-24 18:05:28,159 [Listener at 127.0.0.1/42611] INFO  utils.BackgroundService (BackgroundService.java:shutdown(132)) - Shutting down service KeyDeletingService
2022-01-24 18:05:28,160 [Listener at 127.0.0.1/42611] INFO  utils.BackgroundService (BackgroundService.java:shutdown(132)) - Shutting down service DirectoryDeletingService
2022-01-24 18:05:28,160 [Listener at 127.0.0.1/42611] INFO  handler.ContextHandler (ContextHandler.java:doStop(1153)) - Stopped o.e.j.w.WebAppContext@128abc8c{ozoneManager,/,null,STOPPED}{file:/home/runner/work/ozone/ozone/hadoop-ozone/integration-test/target/test-classes/webapps/ozoneManager}
2022-01-24 18:05:28,161 [Listener at 127.0.0.1/42611] INFO  server.AbstractConnector (AbstractConnector.java:doStop(381)) - Stopped ServerConnector@1d7e8d0f{HTTP/1.1, (http/1.1)}{0.0.0.0:0}
2022-01-24 18:05:28,161 [Listener at 127.0.0.1/42611] INFO  server.session (HouseKeeper.java:stopScavenging(149)) - node0 Stopped scavenging
2022-01-24 18:05:28,161 [Listener at 127.0.0.1/42611] INFO  handler.ContextHandler (ContextHandler.java:doStop(1153)) - Stopped o.e.j.s.ServletContextHandler@58cac6db{static,/static,file:///home/runner/work/ozone/ozone/hadoop-ozone/integration-test/target/test-classes/webapps/static,STOPPED}
2022-01-24 18:05:28,161 [Listener at 127.0.0.1/42611] INFO  handler.ContextHandler (ContextHandler.java:doStop(1153)) - Stopped o.e.j.s.ServletContextHandler@36e6de00{logs,/logs,file:///home/runner/work/ozone/ozone/hadoop-ozone/integration-test/target/log,STOPPED}
2022-01-24 18:05:28,174 [Listener at 127.0.0.1/42611] INFO  ozone.MiniOzoneClusterImpl (MiniOzoneClusterImpl.java:stopDatanodes(511)) - Stopping the HddsDatanodes
2022-01-24 18:05:33,175 [Listener at 127.0.0.1/42611] INFO  ozoneimpl.OzoneContainer (OzoneContainer.java:stop(336)) - Attempting to stop container services.
2022-01-24 18:05:33,176 [ForkJoinPool.commonPool-worker-0] INFO  ozoneimpl.OzoneContainer (OzoneContainer.java:stop(336)) - Attempting to stop container services.
2022-01-24 18:05:33,177 [ForkJoinPool.commonPool-worker-0] INFO  server.RaftServer (RaftServerProxy.java:lambda$close$6(391)) - 08efc83e-84e2-40a1-a562-910b2e2f8a64: close
2022-01-24 18:05:33,177 [ForkJoinPool.commonPool-worker-0] INFO  server.RaftServer$Division (RaftServerImpl.java:lambda$close$4(412)) - 08efc83e-84e2-40a1-a562-910b2e2f8a64@group-351E2471BB26: shutdown
2022-01-24 18:05:33,177 [ForkJoinPool.commonPool-worker-0] INFO  util.JmxRegister (JmxRegister.java:unregister(73)) - Successfully un-registered JMX Bean with object name Ratis:service=RaftServer,group=group-351E2471BB26,id=08efc83e-84e2-40a1-a562-910b2e2f8a64
2022-01-24 18:05:33,177 [ForkJoinPool.commonPool-worker-0] INFO  impl.RoleInfo (RoleInfo.java:shutdownLeaderState(91)) - 08efc83e-84e2-40a1-a562-910b2e2f8a64: shutdown 08efc83e-84e2-40a1-a562-910b2e2f8a64@group-351E2471BB26-LeaderStateImpl
2022-01-24 18:05:33,178 [ForkJoinPool.commonPool-worker-0] INFO  impl.PendingRequests (PendingRequests.java:sendNotLeaderResponses(282)) - 08efc83e-84e2-40a1-a562-910b2e2f8a64@group-351E2471BB26-PendingRequests: sendNotLeaderResponses
2022-01-24 18:05:33,178 [ForkJoinPool.commonPool-worker-0] INFO  impl.StateMachineUpdater (StateMachineUpdater.java:stopAndJoin(149)) - 08efc83e-84e2-40a1-a562-910b2e2f8a64@group-351E2471BB26-StateMachineUpdater: set stopIndex = 0
2022-01-24 18:05:33,178 [08efc83e-84e2-40a1-a562-910b2e2f8a64@group-351E2471BB26-StateMachineUpdater] INFO  ratis.ContainerStateMachine (ContainerStateMachine.java:takeSnapshot(299)) - group-351E2471BB26: Taking a snapshot at:(t:1, i:0) file /home/runner/work/ozone/ozone/hadoop-ozone/integration-test/target/test-dir/MiniOzoneClusterImpl-aa639c69-f9d2-45b5-aeae-2a5a4e0b395a/datanode-1/data/ratis/3569ce9e-d9ac-4538-8708-351e2471bb26/sm/snapshot.1_0
2022-01-24 18:05:33,178 [Listener at 127.0.0.1/42611] INFO  server.RaftServer (RaftServerProxy.java:lambda$close$6(391)) - 9fc6c589-e101-4b7c-8c44-590da935f0a3: close
2022-01-24 18:05:33,179 [Listener at 127.0.0.1/42611] INFO  server.RaftServer$Division (RaftServerImpl.java:lambda$close$4(412)) - 9fc6c589-e101-4b7c-8c44-590da935f0a3@group-FE0586866A31: shutdown
2022-01-24 18:05:33,179 [Listener at 127.0.0.1/42611] INFO  util.JmxRegister (JmxRegister.java:unregister(73)) - Successfully un-registered JMX Bean with object name Ratis:service=RaftServer,group=group-FE0586866A31,id=9fc6c589-e101-4b7c-8c44-590da935f0a3
2022-01-24 18:05:33,179 [Listener at 127.0.0.1/42611] INFO  impl.RoleInfo (RoleInfo.java:shutdownFollowerState(108)) - 9fc6c589-e101-4b7c-8c44-590da935f0a3: shutdown 9fc6c589-e101-4b7c-8c44-590da935f0a3@group-FE0586866A31-FollowerState
2022-01-24 18:05:33,179 [Listener at 127.0.0.1/42611] INFO  impl.StateMachineUpdater (StateMachineUpdater.java:stopAndJoin(149)) - 9fc6c589-e101-4b7c-8c44-590da935f0a3@group-FE0586866A31-StateMachineUpdater: set stopIndex = 0
2022-01-24 18:05:33,179 [9fc6c589-e101-4b7c-8c44-590da935f0a3@group-FE0586866A31-FollowerState] INFO  impl.FollowerState (FollowerState.java:run(143)) - 9fc6c589-e101-4b7c-8c44-590da935f0a3@group-FE0586866A31-FollowerState was interrupted: {}
java.lang.InterruptedException: sleep interrupted
	at java.lang.Thread.sleep(Native Method)
	at java.lang.Thread.sleep(Thread.java:340)
	at java.util.concurrent.TimeUnit.sleep(TimeUnit.java:386)
	at org.apache.ratis.util.TimeDuration.sleep(TimeDuration.java:324)
	at org.apache.ratis.util.TimeDuration.sleep(TimeDuration.java:309)
	at org.apache.ratis.server.impl.FollowerState.run(FollowerState.java:118)
2022-01-24 18:05:33,179 [9fc6c589-e101-4b7c-8c44-590da935f0a3@group-FE0586866A31-StateMachineUpdater] INFO  ratis.ContainerStateMachine (ContainerStateMachine.java:takeSnapshot(299)) - group-FE0586866A31: Taking a snapshot at:(t:3, i:0) file /home/runner/work/ozone/ozone/hadoop-ozone/integration-test/target/test-dir/MiniOzoneClusterImpl-aa639c69-f9d2-45b5-aeae-2a5a4e0b395a/datanode-4/data/ratis/358c75be-78ae-4751-80cf-fe0586866a31/sm/snapshot.3_0
2022-01-24 18:05:33,180 [08efc83e-84e2-40a1-a562-910b2e2f8a64@group-351E2471BB26-StateMachineUpdater] INFO  ratis.ContainerStateMachine (ContainerStateMachine.java:takeSnapshot(310)) - group-351E2471BB26: Finished taking a snapshot at:(t:1, i:0) file:/home/runner/work/ozone/ozone/hadoop-ozone/integration-test/target/test-dir/MiniOzoneClusterImpl-aa639c69-f9d2-45b5-aeae-2a5a4e0b395a/datanode-1/data/ratis/3569ce9e-d9ac-4538-8708-351e2471bb26/sm/snapshot.1_0 took: 1 ms
2022-01-24 18:05:33,180 [08efc83e-84e2-40a1-a562-910b2e2f8a64@group-351E2471BB26-StateMachineUpdater] INFO  impl.StateMachineUpdater (StateMachineUpdater.java:takeSnapshot(281)) - 08efc83e-84e2-40a1-a562-910b2e2f8a64@group-351E2471BB26-StateMachineUpdater: Took a snapshot at index 0
2022-01-24 18:05:33,180 [08efc83e-84e2-40a1-a562-910b2e2f8a64@group-351E2471BB26-StateMachineUpdater] INFO  impl.StateMachineUpdater (StateMachineUpdater.java:lambda$new$0(89)) - 08efc83e-84e2-40a1-a562-910b2e2f8a64@group-351E2471BB26-StateMachineUpdater: snapshotIndex: updateIncreasingly -1 -> 0
2022-01-24 18:05:33,182 [9fc6c589-e101-4b7c-8c44-590da935f0a3@group-FE0586866A31-StateMachineUpdater] INFO  ratis.ContainerStateMachine (ContainerStateMachine.java:takeSnapshot(310)) - group-FE0586866A31: Finished taking a snapshot at:(t:3, i:0) file:/home/runner/work/ozone/ozone/hadoop-ozone/integration-test/target/test-dir/MiniOzoneClusterImpl-aa639c69-f9d2-45b5-aeae-2a5a4e0b395a/datanode-4/data/ratis/358c75be-78ae-4751-80cf-fe0586866a31/sm/snapshot.3_0 took: 3 ms
2022-01-24 18:05:33,182 [9fc6c589-e101-4b7c-8c44-590da935f0a3@group-FE0586866A31-StateMachineUpdater] INFO  impl.StateMachineUpdater (StateMachineUpdater.java:takeSnapshot(281)) - 9fc6c589-e101-4b7c-8c44-590da935f0a3@group-FE0586866A31-StateMachineUpdater: Took a snapshot at index 0
2022-01-24 18:05:33,182 [9fc6c589-e101-4b7c-8c44-590da935f0a3@group-FE0586866A31-StateMachineUpdater] INFO  impl.StateMachineUpdater (StateMachineUpdater.java:lambda$new$0(89)) - 9fc6c589-e101-4b7c-8c44-590da935f0a3@group-FE0586866A31-StateMachineUpdater: snapshotIndex: updateIncreasingly -1 -> 0
2022-01-24 18:05:33,183 [Listener at 127.0.0.1/42611] INFO  server.RaftServer$Division (ServerState.java:close(419)) - 9fc6c589-e101-4b7c-8c44-590da935f0a3@group-FE0586866A31: closes. applyIndex: 0
2022-01-24 18:05:33,183 [9fc6c589-e101-4b7c-8c44-590da935f0a3@group-FE0586866A31-SegmentedRaftLogWorker] INFO  segmented.SegmentedRaftLogWorker (SegmentedRaftLogWorker.java:run(327)) - 9fc6c589-e101-4b7c-8c44-590da935f0a3@group-FE0586866A31-SegmentedRaftLogWorker was interrupted, exiting. There are 0 tasks remaining in the queue.
2022-01-24 18:05:33,183 [ForkJoinPool.commonPool-worker-0] INFO  server.RaftServer$Division (ServerState.java:close(419)) - 08efc83e-84e2-40a1-a562-910b2e2f8a64@group-351E2471BB26: closes. applyIndex: 0
2022-01-24 18:05:33,184 [Listener at 127.0.0.1/42611] INFO  segmented.SegmentedRaftLogWorker (SegmentedRaftLogWorker.java:close(237)) - 9fc6c589-e101-4b7c-8c44-590da935f0a3@group-FE0586866A31-SegmentedRaftLogWorker close()
2022-01-24 18:05:33,186 [Listener at 127.0.0.1/42611] INFO  server.RaftServer$Division (RaftServerImpl.java:lambda$close$4(412)) - 9fc6c589-e101-4b7c-8c44-590da935f0a3@group-ED5D685313BC: shutdown
2022-01-24 18:05:33,186 [Listener at 127.0.0.1/42611] INFO  util.JmxRegister (JmxRegister.java:unregister(73)) - Successfully un-registered JMX Bean with object name Ratis:service=RaftServer,group=group-ED5D685313BC,id=9fc6c589-e101-4b7c-8c44-590da935f0a3
2022-01-24 18:05:33,187 [Listener at 127.0.0.1/42611] INFO  impl.RoleInfo (RoleInfo.java:shutdownLeaderState(91)) - 9fc6c589-e101-4b7c-8c44-590da935f0a3: shutdown 9fc6c589-e101-4b7c-8c44-590da935f0a3@group-ED5D685313BC-LeaderStateImpl
2022-01-24 18:05:33,187 [Listener at 127.0.0.1/42611] INFO  impl.PendingRequests (PendingRequests.java:sendNotLeaderResponses(282)) - 9fc6c589-e101-4b7c-8c44-590da935f0a3@group-ED5D685313BC-PendingRequests: sendNotLeaderResponses
2022-01-24 18:05:33,187 [Listener at 127.0.0.1/42611] INFO  impl.StateMachineUpdater (StateMachineUpdater.java:stopAndJoin(149)) - 9fc6c589-e101-4b7c-8c44-590da935f0a3@group-ED5D685313BC-StateMachineUpdater: set stopIndex = 0
2022-01-24 18:05:33,188 [9fc6c589-e101-4b7c-8c44-590da935f0a3@group-ED5D685313BC-StateMachineUpdater] INFO  ratis.ContainerStateMachine (ContainerStateMachine.java:takeSnapshot(299)) - group-ED5D685313BC: Taking a snapshot at:(t:1, i:0) file /home/runner/work/ozone/ozone/hadoop-ozone/integration-test/target/test-dir/MiniOzoneClusterImpl-aa639c69-f9d2-45b5-aeae-2a5a4e0b395a/datanode-4/data/ratis/95dc3e0a-a7e4-413d-8895-ed5d685313bc/sm/snapshot.1_0
2022-01-24 18:05:33,189 [9fc6c589-e101-4b7c-8c44-590da935f0a3@group-ED5D685313BC-StateMachineUpdater] INFO  ratis.ContainerStateMachine (ContainerStateMachine.java:takeSnapshot(310)) - group-ED5D685313BC: Finished taking a snapshot at:(t:1, i:0) file:/home/runner/work/ozone/ozone/hadoop-ozone/integration-test/target/test-dir/MiniOzoneClusterImpl-aa639c69-f9d2-45b5-aeae-2a5a4e0b395a/datanode-4/data/ratis/95dc3e0a-a7e4-413d-8895-ed5d685313bc/sm/snapshot.1_0 took: 1 ms
2022-01-24 18:05:33,189 [9fc6c589-e101-4b7c-8c44-590da935f0a3@group-ED5D685313BC-StateMachineUpdater] INFO  impl.StateMachineUpdater (StateMachineUpdater.java:takeSnapshot(281)) - 9fc6c589-e101-4b7c-8c44-590da935f0a3@group-ED5D685313BC-StateMachineUpdater: Took a snapshot at index 0
2022-01-24 18:05:33,189 [9fc6c589-e101-4b7c-8c44-590da935f0a3@group-ED5D685313BC-StateMachineUpdater] INFO  impl.StateMachineUpdater (StateMachineUpdater.java:lambda$new$0(89)) - 9fc6c589-e101-4b7c-8c44-590da935f0a3@group-ED5D685313BC-StateMachineUpdater: snapshotIndex: updateIncreasingly -1 -> 0
2022-01-24 18:05:33,189 [Listener at 127.0.0.1/42611] INFO  server.RaftServer$Division (ServerState.java:close(419)) - 9fc6c589-e101-4b7c-8c44-590da935f0a3@group-ED5D685313BC: closes. applyIndex: 0
2022-01-24 18:05:33,189 [9fc6c589-e101-4b7c-8c44-590da935f0a3@group-ED5D685313BC-SegmentedRaftLogWorker] INFO  segmented.SegmentedRaftLogWorker (SegmentedRaftLogWorker.java:run(327)) - 9fc6c589-e101-4b7c-8c44-590da935f0a3@group-ED5D685313BC-SegmentedRaftLogWorker was interrupted, exiting. There are 0 tasks remaining in the queue.
2022-01-24 18:05:33,190 [Listener at 127.0.0.1/42611] INFO  segmented.SegmentedRaftLogWorker (SegmentedRaftLogWorker.java:close(237)) - 9fc6c589-e101-4b7c-8c44-590da935f0a3@group-ED5D685313BC-SegmentedRaftLogWorker close()
2022-01-24 18:05:33,192 [Listener at 127.0.0.1/42611] INFO  server.RaftServer$Division (RaftServerImpl.java:lambda$close$4(412)) - 9fc6c589-e101-4b7c-8c44-590da935f0a3@group-A7FA955D15D6: shutdown
2022-01-24 18:05:33,192 [Listener at 127.0.0.1/42611] INFO  util.JmxRegister (JmxRegister.java:unregister(73)) - Successfully un-registered JMX Bean with object name Ratis:service=RaftServer,group=group-A7FA955D15D6,id=9fc6c589-e101-4b7c-8c44-590da935f0a3
2022-01-24 18:05:33,192 [Listener at 127.0.0.1/42611] INFO  impl.RoleInfo (RoleInfo.java:shutdownFollowerState(108)) - 9fc6c589-e101-4b7c-8c44-590da935f0a3: shutdown 9fc6c589-e101-4b7c-8c44-590da935f0a3@group-A7FA955D15D6-FollowerState
2022-01-24 18:05:33,192 [9fc6c589-e101-4b7c-8c44-590da935f0a3@group-A7FA955D15D6-FollowerState] INFO  impl.FollowerState (FollowerState.java:run(143)) - 9fc6c589-e101-4b7c-8c44-590da935f0a3@group-A7FA955D15D6-FollowerState was interrupted: {}
java.lang.InterruptedException: sleep interrupted
	at java.lang.Thread.sleep(Native Method)
	at java.lang.Thread.sleep(Thread.java:340)
	at java.util.concurrent.TimeUnit.sleep(TimeUnit.java:386)
	at org.apache.ratis.util.TimeDuration.sleep(TimeDuration.java:324)
	at org.apache.ratis.util.TimeDuration.sleep(TimeDuration.java:309)
	at org.apache.ratis.server.impl.FollowerState.run(FollowerState.java:118)
2022-01-24 18:05:33,192 [9fc6c589-e101-4b7c-8c44-590da935f0a3@group-A7FA955D15D6-StateMachineUpdater] INFO  ratis.ContainerStateMachine (ContainerStateMachine.java:takeSnapshot(299)) - group-A7FA955D15D6: Taking a snapshot at:(t:2, i:0) file /home/runner/work/ozone/ozone/hadoop-ozone/integration-test/target/test-dir/MiniOzoneClusterImpl-aa639c69-f9d2-45b5-aeae-2a5a4e0b395a/datanode-4/data/ratis/2124de27-bcfd-4c51-8a81-a7fa955d15d6/sm/snapshot.2_0
2022-01-24 18:05:33,193 [Listener at 127.0.0.1/42611] INFO  impl.StateMachineUpdater (StateMachineUpdater.java:stopAndJoin(149)) - 9fc6c589-e101-4b7c-8c44-590da935f0a3@group-A7FA955D15D6-StateMachineUpdater: set stopIndex = 0
2022-01-24 18:05:33,193 [9fc6c589-e101-4b7c-8c44-590da935f0a3@group-A7FA955D15D6-StateMachineUpdater] INFO  ratis.ContainerStateMachine (ContainerStateMachine.java:takeSnapshot(310)) - group-A7FA955D15D6: Finished taking a snapshot at:(t:2, i:0) file:/home/runner/work/ozone/ozone/hadoop-ozone/integration-test/target/test-dir/MiniOzoneClusterImpl-aa639c69-f9d2-45b5-aeae-2a5a4e0b395a/datanode-4/data/ratis/2124de27-bcfd-4c51-8a81-a7fa955d15d6/sm/snapshot.2_0 took: 0 ms
2022-01-24 18:05:33,193 [9fc6c589-e101-4b7c-8c44-590da935f0a3@group-A7FA955D15D6-StateMachineUpdater] INFO  impl.StateMachineUpdater (StateMachineUpdater.java:takeSnapshot(281)) - 9fc6c589-e101-4b7c-8c44-590da935f0a3@group-A7FA955D15D6-StateMachineUpdater: Took a snapshot at index 0
2022-01-24 18:05:33,193 [9fc6c589-e101-4b7c-8c44-590da935f0a3@group-A7FA955D15D6-StateMachineUpdater] INFO  impl.StateMachineUpdater (StateMachineUpdater.java:lambda$new$0(89)) - 9fc6c589-e101-4b7c-8c44-590da935f0a3@group-A7FA955D15D6-StateMachineUpdater: snapshotIndex: updateIncreasingly -1 -> 0
2022-01-24 18:05:33,193 [Listener at 127.0.0.1/42611] INFO  server.RaftServer$Division (ServerState.java:close(419)) - 9fc6c589-e101-4b7c-8c44-590da935f0a3@group-A7FA955D15D6: closes. applyIndex: 0
2022-01-24 18:05:33,194 [9fc6c589-e101-4b7c-8c44-590da935f0a3@group-A7FA955D15D6-SegmentedRaftLogWorker] INFO  segmented.SegmentedRaftLogWorker (SegmentedRaftLogWorker.java:run(327)) - 9fc6c589-e101-4b7c-8c44-590da935f0a3@group-A7FA955D15D6-SegmentedRaftLogWorker was interrupted, exiting. There are 0 tasks remaining in the queue.
2022-01-24 18:05:33,194 [Listener at 127.0.0.1/42611] INFO  segmented.SegmentedRaftLogWorker (SegmentedRaftLogWorker.java:close(237)) - 9fc6c589-e101-4b7c-8c44-590da935f0a3@group-A7FA955D15D6-SegmentedRaftLogWorker close()
2022-01-24 18:05:33,196 [08efc83e-84e2-40a1-a562-910b2e2f8a64@group-351E2471BB26-SegmentedRaftLogWorker] INFO  segmented.SegmentedRaftLogWorker (SegmentedRaftLogWorker.java:run(327)) - 08efc83e-84e2-40a1-a562-910b2e2f8a64@group-351E2471BB26-SegmentedRaftLogWorker was interrupted, exiting. There are 0 tasks remaining in the queue.
2022-01-24 18:05:33,196 [Listener at 127.0.0.1/42611] INFO  server.GrpcService (GrpcService.java:closeImpl(262)) - 9fc6c589-e101-4b7c-8c44-590da935f0a3: shutdown server with port 37269 now
2022-01-24 18:05:33,199 [grpc-default-executor-4] WARN  server.GrpcServerProtocolService (LogUtils.java:warn(122)) - 9fc6c589-e101-4b7c-8c44-590da935f0a3: installSnapshot onError, lastRequest: 109b74c6-5970-42d9-b999-0985bb35528b->9fc6c589-e101-4b7c-8c44-590da935f0a3#1-t2,previous=(t:0, i:0),leaderCommit=0,initializing? true,entries: size=1, first=(t:2, i:0), CONFIGURATIONENTRY: org.apache.ratis.thirdparty.io.grpc.StatusRuntimeException: CANCELLED: client cancelled
2022-01-24 18:05:33,199 [grpc-default-executor-6] WARN  server.GrpcLogAppender (LogUtils.java:warn(122)) - 109b74c6-5970-42d9-b999-0985bb35528b@group-A7FA955D15D6->9fc6c589-e101-4b7c-8c44-590da935f0a3-AppendLogResponseHandler: Failed appendEntries: org.apache.ratis.thirdparty.io.grpc.StatusRuntimeException: CANCELLED: HTTP/2 error code: CANCEL
Received Rst Stream
2022-01-24 18:05:33,200 [grpc-default-executor-6] WARN  server.GrpcLogAppender (GrpcLogAppender.java:resetClient(110)) - 109b74c6-5970-42d9-b999-0985bb35528b@group-A7FA955D15D6->9fc6c589-e101-4b7c-8c44-590da935f0a3-GrpcLogAppender: Leader has not got in touch with Follower 109b74c6-5970-42d9-b999-0985bb35528b@group-A7FA955D15D6->9fc6c589-e101-4b7c-8c44-590da935f0a3(c0,m0,n1, attendVote=true, lastRpcSendTime=564, lastRpcResponseTime=545) yet, just keep nextIndex unchanged and retry.
2022-01-24 18:05:33,200 [grpc-default-executor-4] WARN  server.GrpcServerProtocolService (LogUtils.java:warn(122)) - 9fc6c589-e101-4b7c-8c44-590da935f0a3: installSnapshot onError, lastRequest: c189953c-19e1-459b-9255-7173c2cde622->9fc6c589-e101-4b7c-8c44-590da935f0a3#1-t3,previous=(t:0, i:0),leaderCommit=0,initializing? true,entries: size=1, first=(t:3, i:0), CONFIGURATIONENTRY: org.apache.ratis.thirdparty.io.grpc.StatusRuntimeException: CANCELLED: client cancelled
2022-01-24 18:05:33,201 [grpc-default-executor-6] WARN  server.GrpcLogAppender (LogUtils.java:warn(122)) - c189953c-19e1-459b-9255-7173c2cde622@group-FE0586866A31->9fc6c589-e101-4b7c-8c44-590da935f0a3-AppendLogResponseHandler: Failed appendEntries: org.apache.ratis.thirdparty.io.grpc.StatusRuntimeException: CANCELLED: HTTP/2 error code: CANCEL
Received Rst Stream
2022-01-24 18:05:33,201 [grpc-default-executor-6] WARN  server.GrpcLogAppender (GrpcLogAppender.java:resetClient(110)) - c189953c-19e1-459b-9255-7173c2cde622@group-FE0586866A31->9fc6c589-e101-4b7c-8c44-590da935f0a3-GrpcLogAppender: Leader has not got in touch with Follower c189953c-19e1-459b-9255-7173c2cde622@group-FE0586866A31->9fc6c589-e101-4b7c-8c44-590da935f0a3(c0,m0,n1, attendVote=true, lastRpcSendTime=709, lastRpcResponseTime=703) yet, just keep nextIndex unchanged and retry.
2022-01-24 18:05:33,202 [ForkJoinPool.commonPool-worker-0] INFO  segmented.SegmentedRaftLogWorker (SegmentedRaftLogWorker.java:close(237)) - 08efc83e-84e2-40a1-a562-910b2e2f8a64@group-351E2471BB26-SegmentedRaftLogWorker close()
2022-01-24 18:05:33,234 [ForkJoinPool.commonPool-worker-0] INFO  server.RaftServer$Division (RaftServerImpl.java:lambda$close$4(412)) - 08efc83e-84e2-40a1-a562-910b2e2f8a64@group-4A42DDB3E1D3: shutdown
2022-01-24 18:05:33,234 [ForkJoinPool.commonPool-worker-0] INFO  util.JmxRegister (JmxRegister.java:unregister(73)) - Successfully un-registered JMX Bean with object name Ratis:service=RaftServer,group=group-4A42DDB3E1D3,id=08efc83e-84e2-40a1-a562-910b2e2f8a64
2022-01-24 18:05:33,234 [ForkJoinPool.commonPool-worker-0] INFO  impl.RoleInfo (RoleInfo.java:shutdownFollowerState(108)) - 08efc83e-84e2-40a1-a562-910b2e2f8a64: shutdown 08efc83e-84e2-40a1-a562-910b2e2f8a64@group-4A42DDB3E1D3-FollowerState
2022-01-24 18:05:33,234 [ForkJoinPool.commonPool-worker-0] INFO  impl.StateMachineUpdater (StateMachineUpdater.java:stopAndJoin(149)) - 08efc83e-84e2-40a1-a562-910b2e2f8a64@group-4A42DDB3E1D3-StateMachineUpdater: set stopIndex = 2
2022-01-24 18:05:33,234 [08efc83e-84e2-40a1-a562-910b2e2f8a64@group-4A42DDB3E1D3-FollowerState] INFO  impl.FollowerState (FollowerState.java:run(143)) - 08efc83e-84e2-40a1-a562-910b2e2f8a64@group-4A42DDB3E1D3-FollowerState was interrupted: {}
java.lang.InterruptedException: sleep interrupted
	at java.lang.Thread.sleep(Native Method)
	at java.lang.Thread.sleep(Thread.java:340)
	at java.util.concurrent.TimeUnit.sleep(TimeUnit.java:386)
	at org.apache.ratis.util.TimeDuration.sleep(TimeDuration.java:324)
	at org.apache.ratis.util.TimeDuration.sleep(TimeDuration.java:309)
	at org.apache.ratis.server.impl.FollowerState.run(FollowerState.java:118)
2022-01-24 18:05:33,234 [08efc83e-84e2-40a1-a562-910b2e2f8a64@group-4A42DDB3E1D3-StateMachineUpdater] INFO  ratis.ContainerStateMachine (ContainerStateMachine.java:takeSnapshot(299)) - group-4A42DDB3E1D3: Taking a snapshot at:(t:5, i:2) file /home/runner/work/ozone/ozone/hadoop-ozone/integration-test/target/test-dir/MiniOzoneClusterImpl-aa639c69-f9d2-45b5-aeae-2a5a4e0b395a/datanode-1/data/ratis/a8873472-a4b0-431b-95d4-4a42ddb3e1d3/sm/snapshot.5_2
2022-01-24 18:05:33,240 [08efc83e-84e2-40a1-a562-910b2e2f8a64@group-4A42DDB3E1D3-StateMachineUpdater] INFO  ratis.ContainerStateMachine (ContainerStateMachine.java:takeSnapshot(310)) - group-4A42DDB3E1D3: Finished taking a snapshot at:(t:5, i:2) file:/home/runner/work/ozone/ozone/hadoop-ozone/integration-test/target/test-dir/MiniOzoneClusterImpl-aa639c69-f9d2-45b5-aeae-2a5a4e0b395a/datanode-1/data/ratis/a8873472-a4b0-431b-95d4-4a42ddb3e1d3/sm/snapshot.5_2 took: 5 ms
2022-01-24 18:05:33,240 [08efc83e-84e2-40a1-a562-910b2e2f8a64@group-4A42DDB3E1D3-StateMachineUpdater] INFO  impl.StateMachineUpdater (StateMachineUpdater.java:takeSnapshot(281)) - 08efc83e-84e2-40a1-a562-910b2e2f8a64@group-4A42DDB3E1D3-StateMachineUpdater: Took a snapshot at index 2
2022-01-24 18:05:33,240 [08efc83e-84e2-40a1-a562-910b2e2f8a64@group-4A42DDB3E1D3-StateMachineUpdater] INFO  impl.StateMachineUpdater (StateMachineUpdater.java:lambda$new$0(89)) - 08efc83e-84e2-40a1-a562-910b2e2f8a64@group-4A42DDB3E1D3-StateMachineUpdater: snapshotIndex: updateIncreasingly -1 -> 2
2022-01-24 18:05:33,240 [ForkJoinPool.commonPool-worker-0] INFO  server.RaftServer$Division (ServerState.java:close(419)) - 08efc83e-84e2-40a1-a562-910b2e2f8a64@group-4A42DDB3E1D3: closes. applyIndex: 2
2022-01-24 18:05:33,256 [08efc83e-84e2-40a1-a562-910b2e2f8a64@group-4A42DDB3E1D3-SegmentedRaftLogWorker] INFO  segmented.SegmentedRaftLogWorker (SegmentedRaftLogWorker.java:run(327)) - 08efc83e-84e2-40a1-a562-910b2e2f8a64@group-4A42DDB3E1D3-SegmentedRaftLogWorker was interrupted, exiting. There are 0 tasks remaining in the queue.
2022-01-24 18:05:33,244 [Listener at 127.0.0.1/42611] INFO  server.GrpcService (GrpcService.java:closeImpl(271)) - 9fc6c589-e101-4b7c-8c44-590da935f0a3: shutdown server with port 37269 successfully
2022-01-24 18:05:33,257 [org.apache.ratis.util.JvmPauseMonitor$$Lambda$431/1963060215@7a244187] INFO  util.JvmPauseMonitor (JvmPauseMonitor.java:run(109)) - JvmPauseMonitor-9fc6c589-e101-4b7c-8c44-590da935f0a3: Stopped
2022-01-24 18:05:33,262 [ForkJoinPool.commonPool-worker-0] INFO  segmented.SegmentedRaftLogWorker (SegmentedRaftLogWorker.java:close(237)) - 08efc83e-84e2-40a1-a562-910b2e2f8a64@group-4A42DDB3E1D3-SegmentedRaftLogWorker close()
2022-01-24 18:05:33,275 [ForkJoinPool.commonPool-worker-0] INFO  server.RaftServer$Division (RaftServerImpl.java:lambda$close$4(412)) - 08efc83e-84e2-40a1-a562-910b2e2f8a64@group-16119EBFA722: shutdown
2022-01-24 18:05:33,275 [ForkJoinPool.commonPool-worker-0] INFO  util.JmxRegister (JmxRegister.java:unregister(73)) - Successfully un-registered JMX Bean with object name Ratis:service=RaftServer,group=group-16119EBFA722,id=08efc83e-84e2-40a1-a562-910b2e2f8a64
2022-01-24 18:05:33,275 [ForkJoinPool.commonPool-worker-0] INFO  impl.RoleInfo (RoleInfo.java:shutdownLeaderState(91)) - 08efc83e-84e2-40a1-a562-910b2e2f8a64: shutdown 08efc83e-84e2-40a1-a562-910b2e2f8a64@group-16119EBFA722-LeaderStateImpl
2022-01-24 18:05:33,275 [ForkJoinPool.commonPool-worker-0] INFO  impl.PendingRequests (PendingRequests.java:sendNotLeaderResponses(282)) - 08efc83e-84e2-40a1-a562-910b2e2f8a64@group-16119EBFA722-PendingRequests: sendNotLeaderResponses
2022-01-24 18:05:33,276 [ForkJoinPool.commonPool-worker-0] INFO  impl.StateMachineUpdater (StateMachineUpdater.java:stopAndJoin(149)) - 08efc83e-84e2-40a1-a562-910b2e2f8a64@group-16119EBFA722-StateMachineUpdater: set stopIndex = 0
2022-01-24 18:05:33,279 [08efc83e-84e2-40a1-a562-910b2e2f8a64@group-16119EBFA722-StateMachineUpdater] INFO  ratis.ContainerStateMachine (ContainerStateMachine.java:takeSnapshot(299)) - group-16119EBFA722: Taking a snapshot at:(t:2, i:0) file /home/runner/work/ozone/ozone/hadoop-ozone/integration-test/target/test-dir/MiniOzoneClusterImpl-aa639c69-f9d2-45b5-aeae-2a5a4e0b395a/datanode-1/data/ratis/557284a3-31df-4f38-8c53-16119ebfa722/sm/snapshot.2_0
2022-01-24 18:05:33,279 [08efc83e-84e2-40a1-a562-910b2e2f8a64@group-16119EBFA722->1c5e7e03-d60e-4e29-906a-a7b7ae931ec0-GrpcLogAppender-LogAppenderDaemon] WARN  server.GrpcLogAppender (GrpcLogAppender.java:mayWait(177)) - 08efc83e-84e2-40a1-a562-910b2e2f8a64@group-16119EBFA722->1c5e7e03-d60e-4e29-906a-a7b7ae931ec0-GrpcLogAppender: Wait interrupted by java.lang.InterruptedException
2022-01-24 18:05:33,280 [08efc83e-84e2-40a1-a562-910b2e2f8a64@group-16119EBFA722->40200fd9-271f-46a5-82e6-85afe20bb727-GrpcLogAppender-LogAppenderDaemon] WARN  server.GrpcLogAppender (GrpcLogAppender.java:mayWait(177)) - 08efc83e-84e2-40a1-a562-910b2e2f8a64@group-16119EBFA722->40200fd9-271f-46a5-82e6-85afe20bb727-GrpcLogAppender: Wait interrupted by java.lang.InterruptedException
2022-01-24 18:05:33,280 [grpc-default-executor-6] INFO  server.GrpcServerProtocolService (GrpcServerProtocolService.java:onCompleted(140)) - 1c5e7e03-d60e-4e29-906a-a7b7ae931ec0: Completed APPEND_ENTRIES, lastRequest: 08efc83e-84e2-40a1-a562-910b2e2f8a64->1c5e7e03-d60e-4e29-906a-a7b7ae931ec0#1-t2,previous=(t:0, i:0),leaderCommit=0,initializing? true,entries: size=1, first=(t:2, i:0), CONFIGURATIONENTRY
2022-01-24 18:05:33,280 [08efc83e-84e2-40a1-a562-910b2e2f8a64@group-16119EBFA722-StateMachineUpdater] INFO  ratis.ContainerStateMachine (ContainerStateMachine.java:takeSnapshot(310)) - group-16119EBFA722: Finished taking a snapshot at:(t:2, i:0) file:/home/runner/work/ozone/ozone/hadoop-ozone/integration-test/target/test-dir/MiniOzoneClusterImpl-aa639c69-f9d2-45b5-aeae-2a5a4e0b395a/datanode-1/data/ratis/557284a3-31df-4f38-8c53-16119ebfa722/sm/snapshot.2_0 took: 1 ms
2022-01-24 18:05:33,280 [08efc83e-84e2-40a1-a562-910b2e2f8a64@group-16119EBFA722-StateMachineUpdater] INFO  impl.StateMachineUpdater (StateMachineUpdater.java:takeSnapshot(281)) - 08efc83e-84e2-40a1-a562-910b2e2f8a64@group-16119EBFA722-StateMachineUpdater: Took a snapshot at index 0
2022-01-24 18:05:33,280 [08efc83e-84e2-40a1-a562-910b2e2f8a64@group-16119EBFA722-StateMachineUpdater] INFO  impl.StateMachineUpdater (StateMachineUpdater.java:lambda$new$0(89)) - 08efc83e-84e2-40a1-a562-910b2e2f8a64@group-16119EBFA722-StateMachineUpdater: snapshotIndex: updateIncreasingly -1 -> 0
2022-01-24 18:05:33,281 [ForkJoinPool.commonPool-worker-0] INFO  server.RaftServer$Division (ServerState.java:close(419)) - 08efc83e-84e2-40a1-a562-910b2e2f8a64@group-16119EBFA722: closes. applyIndex: 0
2022-01-24 18:05:33,281 [08efc83e-84e2-40a1-a562-910b2e2f8a64@group-16119EBFA722-SegmentedRaftLogWorker] INFO  segmented.SegmentedRaftLogWorker (SegmentedRaftLogWorker.java:run(327)) - 08efc83e-84e2-40a1-a562-910b2e2f8a64@group-16119EBFA722-SegmentedRaftLogWorker was interrupted, exiting. There are 0 tasks remaining in the queue.
2022-01-24 18:05:33,281 [grpc-default-executor-6] INFO  server.GrpcServerProtocolService (GrpcServerProtocolService.java:onCompleted(140)) - 40200fd9-271f-46a5-82e6-85afe20bb727: Completed APPEND_ENTRIES, lastRequest: 08efc83e-84e2-40a1-a562-910b2e2f8a64->40200fd9-271f-46a5-82e6-85afe20bb727#1-t2,previous=(t:0, i:0),leaderCommit=0,initializing? true,entries: size=1, first=(t:2, i:0), CONFIGURATIONENTRY
2022-01-24 18:05:33,281 [grpc-default-executor-6] INFO  server.GrpcLogAppender (GrpcLogAppender.java:onCompleted(346)) - 08efc83e-84e2-40a1-a562-910b2e2f8a64@group-16119EBFA722->1c5e7e03-d60e-4e29-906a-a7b7ae931ec0-AppendLogResponseHandler: follower responses appendEntries COMPLETED
2022-01-24 18:05:33,281 [grpc-default-executor-6] INFO  leader.FollowerInfo (FollowerInfoImpl.java:lambda$new$0(47)) - 08efc83e-84e2-40a1-a562-910b2e2f8a64@group-16119EBFA722->1c5e7e03-d60e-4e29-906a-a7b7ae931ec0: nextIndex: updateUnconditionally 1 -> 0
2022-01-24 18:05:33,281 [grpc-default-executor-3] INFO  server.GrpcLogAppender (GrpcLogAppender.java:onCompleted(346)) - 08efc83e-84e2-40a1-a562-910b2e2f8a64@group-16119EBFA722->40200fd9-271f-46a5-82e6-85afe20bb727-AppendLogResponseHandler: follower responses appendEntries COMPLETED
2022-01-24 18:05:33,282 [grpc-default-executor-3] INFO  leader.FollowerInfo (FollowerInfoImpl.java:lambda$new$0(47)) - 08efc83e-84e2-40a1-a562-910b2e2f8a64@group-16119EBFA722->40200fd9-271f-46a5-82e6-85afe20bb727: nextIndex: updateUnconditionally 1 -> 0
2022-01-24 18:05:33,283 [ForkJoinPool.commonPool-worker-0] INFO  segmented.SegmentedRaftLogWorker (SegmentedRaftLogWorker.java:close(237)) - 08efc83e-84e2-40a1-a562-910b2e2f8a64@group-16119EBFA722-SegmentedRaftLogWorker close()
2022-01-24 18:05:33,311 [ForkJoinPool.commonPool-worker-0] INFO  server.GrpcService (GrpcService.java:closeImpl(262)) - 08efc83e-84e2-40a1-a562-910b2e2f8a64: shutdown server with port 33205 now
2022-01-24 18:05:33,321 [grpc-default-executor-4] WARN  client.GrpcClientProtocolService (LogUtils.java:warn(122)) - 0-OrderedRequestStreamObserver0: onError: org.apache.ratis.thirdparty.io.grpc.StatusRuntimeException: CANCELLED: client cancelled
2022-01-24 18:05:33,322 [grpc-default-executor-5] WARN  server.GrpcServerProtocolService (LogUtils.java:warn(122)) - 08efc83e-84e2-40a1-a562-910b2e2f8a64: installSnapshot onError, lastRequest: 1c5e7e03-d60e-4e29-906a-a7b7ae931ec0->08efc83e-84e2-40a1-a562-910b2e2f8a64#5-t5,previous=(t:5, i:1),leaderCommit=1,initializing? true,entries: size=1, first=(t:5, i:2), METADATAENTRY(c:1): org.apache.ratis.thirdparty.io.grpc.StatusRuntimeException: CANCELLED: client cancelled
2022-01-24 18:05:33,330 [grpc-default-executor-3] WARN  server.GrpcLogAppender (LogUtils.java:warn(122)) - 1c5e7e03-d60e-4e29-906a-a7b7ae931ec0@group-4A42DDB3E1D3->08efc83e-84e2-40a1-a562-910b2e2f8a64-AppendLogResponseHandler: Failed appendEntries: org.apache.ratis.thirdparty.io.grpc.StatusRuntimeException: CANCELLED: HTTP/2 error code: CANCEL
Received Rst Stream
2022-01-24 18:05:33,330 [grpc-default-executor-3] INFO  leader.FollowerInfo (FollowerInfoImpl.java:lambda$new$0(47)) - 1c5e7e03-d60e-4e29-906a-a7b7ae931ec0@group-4A42DDB3E1D3->08efc83e-84e2-40a1-a562-910b2e2f8a64: nextIndex: updateUnconditionally 3 -> 2
2022-01-24 18:05:33,333 [ForkJoinPool.commonPool-worker-0] INFO  server.GrpcService (GrpcService.java:closeImpl(271)) - 08efc83e-84e2-40a1-a562-910b2e2f8a64: shutdown server with port 33205 successfully
2022-01-24 18:05:33,334 [org.apache.ratis.util.JvmPauseMonitor$$Lambda$431/1963060215@597182b9] INFO  util.JvmPauseMonitor (JvmPauseMonitor.java:run(109)) - JvmPauseMonitor-08efc83e-84e2-40a1-a562-910b2e2f8a64: Stopped
2022-01-24 18:05:33,345 [grpc-default-executor-5] WARN  server.GrpcLogAppender (LogUtils.java:warn(122)) - 1c5e7e03-d60e-4e29-906a-a7b7ae931ec0@group-4A42DDB3E1D3->08efc83e-84e2-40a1-a562-910b2e2f8a64-AppendLogResponseHandler: Failed appendEntries: org.apache.ratis.thirdparty.io.grpc.StatusRuntimeException: UNAVAILABLE: io exception
2022-01-24 18:05:33,345 [grpc-default-executor-5] INFO  leader.FollowerInfo (FollowerInfoImpl.java:lambda$new$0(47)) - 1c5e7e03-d60e-4e29-906a-a7b7ae931ec0@group-4A42DDB3E1D3->08efc83e-84e2-40a1-a562-910b2e2f8a64: nextIndex: updateUnconditionally 3 -> 2
2022-01-24 18:05:35,001 [grpc-default-executor-6] WARN  server.GrpcLogAppender (LogUtils.java:warn(122)) - c189953c-19e1-459b-9255-7173c2cde622@group-FE0586866A31->9fc6c589-e101-4b7c-8c44-590da935f0a3-AppendLogResponseHandler: Failed appendEntries: org.apache.ratis.thirdparty.io.grpc.StatusRuntimeException: UNAVAILABLE: io exception
2022-01-24 18:05:35,024 [grpc-default-executor-6] WARN  server.GrpcLogAppender (GrpcLogAppender.java:resetClient(110)) - c189953c-19e1-459b-9255-7173c2cde622@group-FE0586866A31->9fc6c589-e101-4b7c-8c44-590da935f0a3-GrpcLogAppender: Leader has not got in touch with Follower c189953c-19e1-459b-9255-7173c2cde622@group-FE0586866A31->9fc6c589-e101-4b7c-8c44-590da935f0a3(c0,m0,n1, attendVote=true, lastRpcSendTime=0, lastRpcResponseTime=2526) yet, just keep nextIndex unchanged and retry.
2022-01-24 18:05:35,161 [grpc-default-executor-6] WARN  server.GrpcLogAppender (LogUtils.java:warn(122)) - 109b74c6-5970-42d9-b999-0985bb35528b@group-A7FA955D15D6->9fc6c589-e101-4b7c-8c44-590da935f0a3-AppendLogResponseHandler: Failed appendEntries: org.apache.ratis.thirdparty.io.grpc.StatusRuntimeException: UNAVAILABLE: io exception
2022-01-24 18:05:35,161 [grpc-default-executor-6] WARN  server.GrpcLogAppender (GrpcLogAppender.java:resetClient(110)) - 109b74c6-5970-42d9-b999-0985bb35528b@group-A7FA955D15D6->9fc6c589-e101-4b7c-8c44-590da935f0a3-GrpcLogAppender: Leader has not got in touch with Follower 109b74c6-5970-42d9-b999-0985bb35528b@group-A7FA955D15D6->9fc6c589-e101-4b7c-8c44-590da935f0a3(c0,m0,n1, attendVote=true, lastRpcSendTime=0, lastRpcResponseTime=2507) yet, just keep nextIndex unchanged and retry.
2022-01-24 18:05:35,351 [Listener at 127.0.0.1/42611] INFO  utils.BackgroundService (BackgroundService.java:shutdown(132)) - Shutting down service BlockDeletingService
2022-01-24 18:05:35,417 [ForkJoinPool.commonPool-worker-0] INFO  utils.BackgroundService (BackgroundService.java:shutdown(132)) - Shutting down service BlockDeletingService
2022-01-24 18:05:35,827 [40200fd9-271f-46a5-82e6-85afe20bb727@group-16119EBFA722-FollowerState] INFO  impl.FollowerState (FollowerState.java:run(134)) - 40200fd9-271f-46a5-82e6-85afe20bb727@group-16119EBFA722-FollowerState: change to CANDIDATE, lastRpcElapsedTime:5041312031ns, electionTimeout:5038ms
2022-01-24 18:05:35,827 [40200fd9-271f-46a5-82e6-85afe20bb727@group-16119EBFA722-FollowerState] INFO  impl.RoleInfo (RoleInfo.java:shutdownFollowerState(108)) - 40200fd9-271f-46a5-82e6-85afe20bb727: shutdown 40200fd9-271f-46a5-82e6-85afe20bb727@group-16119EBFA722-FollowerState
2022-01-24 18:05:35,827 [40200fd9-271f-46a5-82e6-85afe20bb727@group-16119EBFA722-FollowerState] INFO  server.RaftServer$Division (RaftServerImpl.java:setRole(290)) - 40200fd9-271f-46a5-82e6-85afe20bb727@group-16119EBFA722: changes role from  FOLLOWER to CANDIDATE at term 2 for changeToCandidate
2022-01-24 18:05:35,827 [40200fd9-271f-46a5-82e6-85afe20bb727@group-16119EBFA722-FollowerState] INFO  server.RaftServerConfigKeys (ConfUtils.java:logGet(44)) - raft.server.leaderelection.pre-vote = false (custom)
2022-01-24 18:05:35,827 [40200fd9-271f-46a5-82e6-85afe20bb727@group-16119EBFA722-FollowerState] INFO  impl.RoleInfo (RoleInfo.java:updateAndGet(130)) - 40200fd9-271f-46a5-82e6-85afe20bb727: start 40200fd9-271f-46a5-82e6-85afe20bb727@group-16119EBFA722-LeaderElection57
2022-01-24 18:05:35,842 [grpc-default-executor-6] WARN  server.GrpcLogAppender (LogUtils.java:warn(122)) - 1c5e7e03-d60e-4e29-906a-a7b7ae931ec0@group-4A42DDB3E1D3->08efc83e-84e2-40a1-a562-910b2e2f8a64-AppendLogResponseHandler: Failed appendEntries: org.apache.ratis.thirdparty.io.grpc.StatusRuntimeException: UNAVAILABLE: io exception
2022-01-24 18:05:35,843 [grpc-default-executor-6] INFO  leader.FollowerInfo (FollowerInfoImpl.java:lambda$new$0(47)) - 1c5e7e03-d60e-4e29-906a-a7b7ae931ec0@group-4A42DDB3E1D3->08efc83e-84e2-40a1-a562-910b2e2f8a64: nextIndex: updateUnconditionally 3 -> 2
2022-01-24 18:05:35,844 [40200fd9-271f-46a5-82e6-85afe20bb727@group-16119EBFA722-LeaderElection57] INFO  server.RaftServer$Division (ServerState.java:setLeader(285)) - 40200fd9-271f-46a5-82e6-85afe20bb727@group-16119EBFA722: change Leader from 08efc83e-84e2-40a1-a562-910b2e2f8a64 to null at term 2 for ELECTION
2022-01-24 18:05:35,854 [40200fd9-271f-46a5-82e6-85afe20bb727@group-16119EBFA722-LeaderElection57] INFO  impl.LeaderElection (LeaderElection.java:askForVotes(306)) - 40200fd9-271f-46a5-82e6-85afe20bb727@group-16119EBFA722-LeaderElection57 ELECTION round 0: submit vote requests at term 3 for 0: [1c5e7e03-d60e-4e29-906a-a7b7ae931ec0|rpc:10.1.0.60:37847|dataStream:|priority:0, 08efc83e-84e2-40a1-a562-910b2e2f8a64|rpc:10.1.0.60:33205|dataStream:|priority:1, 40200fd9-271f-46a5-82e6-85afe20bb727|rpc:10.1.0.60:33665|dataStream:|priority:0], old=null
2022-01-24 18:05:35,872 [grpc-default-executor-6] INFO  server.RaftServer$Division (RaftServerImpl.java:requestVote(1046)) - 1c5e7e03-d60e-4e29-906a-a7b7ae931ec0@group-16119EBFA722: receive requestVote(ELECTION, 40200fd9-271f-46a5-82e6-85afe20bb727, group-16119EBFA722, 3, (t:2, i:0))
2022-01-24 18:05:35,873 [grpc-default-executor-6] INFO  impl.VoteContext (VoteContext.java:log(48)) - 1c5e7e03-d60e-4e29-906a-a7b7ae931ec0@group-16119EBFA722-FOLLOWER: accept ELECTION from 40200fd9-271f-46a5-82e6-85afe20bb727: our priority 0 <= candidate's priority 0
2022-01-24 18:05:35,873 [grpc-default-executor-6] INFO  server.RaftServer$Division (ServerState.java:setLeader(285)) - 1c5e7e03-d60e-4e29-906a-a7b7ae931ec0@group-16119EBFA722: change Leader from 08efc83e-84e2-40a1-a562-910b2e2f8a64 to null at term 3 for updateCurrentTerm
2022-01-24 18:05:35,873 [grpc-default-executor-6] INFO  server.RaftServer$Division (RaftServerImpl.java:setRole(290)) - 1c5e7e03-d60e-4e29-906a-a7b7ae931ec0@group-16119EBFA722: changes role from  FOLLOWER to FOLLOWER at term 3 for candidate:40200fd9-271f-46a5-82e6-85afe20bb727
2022-01-24 18:05:35,873 [grpc-default-executor-6] INFO  impl.RoleInfo (RoleInfo.java:shutdownFollowerState(108)) - 1c5e7e03-d60e-4e29-906a-a7b7ae931ec0: shutdown 1c5e7e03-d60e-4e29-906a-a7b7ae931ec0@group-16119EBFA722-FollowerState
2022-01-24 18:05:35,874 [grpc-default-executor-6] INFO  impl.RoleInfo (RoleInfo.java:updateAndGet(130)) - 1c5e7e03-d60e-4e29-906a-a7b7ae931ec0: start 1c5e7e03-d60e-4e29-906a-a7b7ae931ec0@group-16119EBFA722-FollowerState
2022-01-24 18:05:35,874 [1c5e7e03-d60e-4e29-906a-a7b7ae931ec0@group-16119EBFA722-FollowerState] INFO  impl.FollowerState (FollowerState.java:run(143)) - 1c5e7e03-d60e-4e29-906a-a7b7ae931ec0@group-16119EBFA722-FollowerState was interrupted: {}
java.lang.InterruptedException: sleep interrupted
	at java.lang.Thread.sleep(Native Method)
	at java.lang.Thread.sleep(Thread.java:340)
	at java.util.concurrent.TimeUnit.sleep(TimeUnit.java:386)
	at org.apache.ratis.util.TimeDuration.sleep(TimeDuration.java:324)
	at org.apache.ratis.util.TimeDuration.sleep(TimeDuration.java:309)
	at org.apache.ratis.server.impl.FollowerState.run(FollowerState.java:118)
2022-01-24 18:05:35,891 [grpc-default-executor-6] INFO  server.RaftServer$Division (RaftServerImpl.java:requestVote(1078)) - 1c5e7e03-d60e-4e29-906a-a7b7ae931ec0@group-16119EBFA722 replies to ELECTION vote request: 40200fd9-271f-46a5-82e6-85afe20bb727<-1c5e7e03-d60e-4e29-906a-a7b7ae931ec0#0:OK-t3. Peer's state: 1c5e7e03-d60e-4e29-906a-a7b7ae931ec0@group-16119EBFA722:t3, leader=null, voted=40200fd9-271f-46a5-82e6-85afe20bb727, raftlog=1c5e7e03-d60e-4e29-906a-a7b7ae931ec0@group-16119EBFA722-SegmentedRaftLog:OPENED:c0, conf=0: [1c5e7e03-d60e-4e29-906a-a7b7ae931ec0|rpc:10.1.0.60:37847|dataStream:|priority:0, 08efc83e-84e2-40a1-a562-910b2e2f8a64|rpc:10.1.0.60:33205|dataStream:|priority:1, 40200fd9-271f-46a5-82e6-85afe20bb727|rpc:10.1.0.60:33665|dataStream:|priority:0], old=null
2022-01-24 18:05:35,909 [40200fd9-271f-46a5-82e6-85afe20bb727@group-16119EBFA722-LeaderElection57] INFO  impl.LeaderElection (LogUtils.java:infoOrTrace(137)) - 40200fd9-271f-46a5-82e6-85afe20bb727@group-16119EBFA722-LeaderElection57 got exception when requesting votes: java.util.concurrent.ExecutionException: org.apache.ratis.thirdparty.io.grpc.StatusRuntimeException: UNAVAILABLE: io exception
2022-01-24 18:05:35,909 [40200fd9-271f-46a5-82e6-85afe20bb727@group-16119EBFA722-LeaderElection57] INFO  impl.LeaderElection (LeaderElection.java:logAndReturn(89)) - 40200fd9-271f-46a5-82e6-85afe20bb727@group-16119EBFA722-LeaderElection57: ELECTION PASSED received 1 response(s) and 1 exception(s):
2022-01-24 18:05:35,909 [40200fd9-271f-46a5-82e6-85afe20bb727@group-16119EBFA722-LeaderElection57] INFO  impl.LeaderElection (LeaderElection.java:logAndReturn(93)) -   Response 0: 40200fd9-271f-46a5-82e6-85afe20bb727<-1c5e7e03-d60e-4e29-906a-a7b7ae931ec0#0:OK-t3
2022-01-24 18:05:35,909 [40200fd9-271f-46a5-82e6-85afe20bb727@group-16119EBFA722-LeaderElection57] INFO  impl.LeaderElection (LogUtils.java:infoOrTrace(137)) -   Exception 1: java.util.concurrent.ExecutionException: org.apache.ratis.thirdparty.io.grpc.StatusRuntimeException: UNAVAILABLE: io exception
2022-01-24 18:05:35,909 [40200fd9-271f-46a5-82e6-85afe20bb727@group-16119EBFA722-LeaderElection57] INFO  impl.LeaderElection (LeaderElection.java:askForVotes(308)) - 40200fd9-271f-46a5-82e6-85afe20bb727@group-16119EBFA722-LeaderElection57 ELECTION round 0: result PASSED
2022-01-24 18:05:35,909 [40200fd9-271f-46a5-82e6-85afe20bb727@group-16119EBFA722-LeaderElection57] INFO  impl.RoleInfo (RoleInfo.java:shutdownLeaderElection(121)) - 40200fd9-271f-46a5-82e6-85afe20bb727: shutdown 40200fd9-271f-46a5-82e6-85afe20bb727@group-16119EBFA722-LeaderElection57
2022-01-24 18:05:35,909 [40200fd9-271f-46a5-82e6-85afe20bb727@group-16119EBFA722-LeaderElection57] INFO  server.RaftServer$Division (RaftServerImpl.java:setRole(290)) - 40200fd9-271f-46a5-82e6-85afe20bb727@group-16119EBFA722: changes role from CANDIDATE to LEADER at term 3 for changeToLeader
2022-01-24 18:05:35,909 [40200fd9-271f-46a5-82e6-85afe20bb727@group-16119EBFA722-LeaderElection57] INFO  ratis.XceiverServerRatis (XceiverServerRatis.java:handleLeaderChangedNotification(866)) - Leader change notification received for group: group-16119EBFA722 with new leaderId: 40200fd9-271f-46a5-82e6-85afe20bb727
2022-01-24 18:05:35,909 [40200fd9-271f-46a5-82e6-85afe20bb727@group-16119EBFA722-LeaderElection57] INFO  server.RaftServer$Division (ServerState.java:setLeader(285)) - 40200fd9-271f-46a5-82e6-85afe20bb727@group-16119EBFA722: change Leader from null to 40200fd9-271f-46a5-82e6-85afe20bb727 at term 3 for becomeLeader, leader elected after 65ms
2022-01-24 18:05:35,909 [40200fd9-271f-46a5-82e6-85afe20bb727@group-16119EBFA722-LeaderElection57] INFO  server.RaftServerConfigKeys (ConfUtils.java:logGet(44)) - raft.server.staging.catchup.gap = 1000 (default)
2022-01-24 18:05:35,909 [40200fd9-271f-46a5-82e6-85afe20bb727@group-16119EBFA722-LeaderElection57] INFO  server.RaftServerConfigKeys (ConfUtils.java:logGet(44)) - raft.server.write.element-limit = 1024 (custom)
2022-01-24 18:05:35,909 [40200fd9-271f-46a5-82e6-85afe20bb727@group-16119EBFA722-LeaderElection57] INFO  server.RaftServerConfigKeys (ConfUtils.java:logGet(44)) - raft.server.write.byte-limit = 1024 M (=1073741824) (custom)
2022-01-24 18:05:35,910 [40200fd9-271f-46a5-82e6-85afe20bb727@group-16119EBFA722-LeaderElection57] INFO  server.RaftServerConfigKeys (ConfUtils.java:logGet(44)) - raft.server.watch.timeout = 3000ms (custom)
2022-01-24 18:05:35,910 [40200fd9-271f-46a5-82e6-85afe20bb727@group-16119EBFA722-LeaderElection57] INFO  server.RaftServerConfigKeys (ConfUtils.java:logGet(44)) - raft.server.watch.timeout.denomination = 1s (default)
2022-01-24 18:05:35,910 [40200fd9-271f-46a5-82e6-85afe20bb727@group-16119EBFA722-LeaderElection57] INFO  server.RaftServerConfigKeys (ConfUtils.java:logGet(44)) - raft.server.watch.element-limit = 65536 (default)
2022-01-24 18:05:35,910 [40200fd9-271f-46a5-82e6-85afe20bb727@group-16119EBFA722-LeaderElection57] INFO  server.RaftServerConfigKeys (ConfUtils.java:logGet(44)) - raft.server.write.element-limit = 1024 (custom)
2022-01-24 18:05:35,910 [40200fd9-271f-46a5-82e6-85afe20bb727@group-16119EBFA722-LeaderElection57] INFO  server.RaftServerConfigKeys (ConfUtils.java:logGet(44)) - raft.server.write.follower.gap.ratio.max = -1.0 (default)
2022-01-24 18:05:35,910 [40200fd9-271f-46a5-82e6-85afe20bb727@group-16119EBFA722-LeaderElection57] INFO  server.RaftServerConfigKeys (ConfUtils.java:logGet(44)) - raft.server.log.appender.snapshot.chunk.size.max = 16MB (=16777216) (default)
2022-01-24 18:05:35,910 [40200fd9-271f-46a5-82e6-85afe20bb727@group-16119EBFA722-LeaderElection57] INFO  server.RaftServerConfigKeys (ConfUtils.java:logGet(44)) - raft.server.log.appender.buffer.byte-limit = 33554432 (custom)
2022-01-24 18:05:35,910 [40200fd9-271f-46a5-82e6-85afe20bb727@group-16119EBFA722-LeaderElection57] INFO  server.RaftServerConfigKeys (ConfUtils.java:logGet(44)) - raft.server.log.appender.buffer.element-limit = 1 (custom)
2022-01-24 18:05:35,910 [40200fd9-271f-46a5-82e6-85afe20bb727@group-16119EBFA722-LeaderElection57] INFO  grpc.GrpcConfigKeys (ConfUtils.java:logGet(44)) - raft.grpc.server.leader.outstanding.appends.max = 128 (default)
2022-01-24 18:05:35,910 [40200fd9-271f-46a5-82e6-85afe20bb727@group-16119EBFA722-LeaderElection57] INFO  server.RaftServerConfigKeys (ConfUtils.java:logGet(44)) - raft.server.rpc.request.timeout = 3000ms (default)
2022-01-24 18:05:35,910 [40200fd9-271f-46a5-82e6-85afe20bb727@group-16119EBFA722-LeaderElection57] INFO  server.RaftServerConfigKeys (ConfUtils.java:logGet(44)) - raft.server.log.appender.install.snapshot.enabled = false (custom)
2022-01-24 18:05:35,911 [40200fd9-271f-46a5-82e6-85afe20bb727@group-16119EBFA722-LeaderElection57] INFO  server.RaftServerConfigKeys (ConfUtils.java:logGet(44)) - raft.server.log.appender.snapshot.chunk.size.max = 16MB (=16777216) (default)
2022-01-24 18:05:35,911 [40200fd9-271f-46a5-82e6-85afe20bb727@group-16119EBFA722-LeaderElection57] INFO  server.RaftServerConfigKeys (ConfUtils.java:logGet(44)) - raft.server.log.appender.buffer.byte-limit = 33554432 (custom)
2022-01-24 18:05:35,911 [40200fd9-271f-46a5-82e6-85afe20bb727@group-16119EBFA722-LeaderElection57] INFO  server.RaftServerConfigKeys (ConfUtils.java:logGet(44)) - raft.server.log.appender.buffer.element-limit = 1 (custom)
2022-01-24 18:05:35,911 [40200fd9-271f-46a5-82e6-85afe20bb727@group-16119EBFA722-LeaderElection57] INFO  grpc.GrpcConfigKeys (ConfUtils.java:logGet(44)) - raft.grpc.server.leader.outstanding.appends.max = 128 (default)
2022-01-24 18:05:35,911 [40200fd9-271f-46a5-82e6-85afe20bb727@group-16119EBFA722-LeaderElection57] INFO  server.RaftServerConfigKeys (ConfUtils.java:logGet(44)) - raft.server.rpc.request.timeout = 3000ms (default)
2022-01-24 18:05:35,911 [40200fd9-271f-46a5-82e6-85afe20bb727@group-16119EBFA722-LeaderElection57] INFO  server.RaftServerConfigKeys (ConfUtils.java:logGet(44)) - raft.server.log.appender.install.snapshot.enabled = false (custom)
2022-01-24 18:05:35,914 [40200fd9-271f-46a5-82e6-85afe20bb727@group-16119EBFA722-LeaderElection57] INFO  impl.RoleInfo (RoleInfo.java:updateAndGet(130)) - 40200fd9-271f-46a5-82e6-85afe20bb727: start 40200fd9-271f-46a5-82e6-85afe20bb727@group-16119EBFA722-LeaderStateImpl
2022-01-24 18:05:35,914 [40200fd9-271f-46a5-82e6-85afe20bb727@group-16119EBFA722-LeaderElection57] INFO  segmented.SegmentedRaftLogWorker (SegmentedRaftLogWorker.java:rollLogSegment(399)) - 40200fd9-271f-46a5-82e6-85afe20bb727@group-16119EBFA722-SegmentedRaftLogWorker: Rolling segment log-0_0 to index:0
2022-01-24 18:05:35,915 [40200fd9-271f-46a5-82e6-85afe20bb727@group-16119EBFA722-SegmentedRaftLogWorker] INFO  segmented.SegmentedRaftLogWorker (SegmentedRaftLogWorker.java:execute(558)) - 40200fd9-271f-46a5-82e6-85afe20bb727@group-16119EBFA722-SegmentedRaftLogWorker: Rolled log segment from /home/runner/work/ozone/ozone/hadoop-ozone/integration-test/target/test-dir/MiniOzoneClusterImpl-aa639c69-f9d2-45b5-aeae-2a5a4e0b395a/datanode-0/data/ratis/557284a3-31df-4f38-8c53-16119ebfa722/current/log_inprogress_0 to /home/runner/work/ozone/ozone/hadoop-ozone/integration-test/target/test-dir/MiniOzoneClusterImpl-aa639c69-f9d2-45b5-aeae-2a5a4e0b395a/datanode-0/data/ratis/557284a3-31df-4f38-8c53-16119ebfa722/current/log_0-0
2022-01-24 18:05:35,916 [40200fd9-271f-46a5-82e6-85afe20bb727@group-16119EBFA722-SegmentedRaftLogWorker] INFO  segmented.SegmentedRaftLogWorker (SegmentedRaftLogWorker.java:execute(601)) - 40200fd9-271f-46a5-82e6-85afe20bb727@group-16119EBFA722-SegmentedRaftLogWorker: created new log segment /home/runner/work/ozone/ozone/hadoop-ozone/integration-test/target/test-dir/MiniOzoneClusterImpl-aa639c69-f9d2-45b5-aeae-2a5a4e0b395a/datanode-0/data/ratis/557284a3-31df-4f38-8c53-16119ebfa722/current/log_inprogress_1
2022-01-24 18:05:35,935 [grpc-default-executor-6] WARN  server.GrpcLogAppender (LogUtils.java:warn(122)) - 40200fd9-271f-46a5-82e6-85afe20bb727@group-16119EBFA722->08efc83e-84e2-40a1-a562-910b2e2f8a64-AppendLogResponseHandler: Failed appendEntries: org.apache.ratis.thirdparty.io.grpc.StatusRuntimeException: UNAVAILABLE: io exception
2022-01-24 18:05:35,944 [grpc-default-executor-6] WARN  server.GrpcLogAppender (GrpcLogAppender.java:resetClient(110)) - 40200fd9-271f-46a5-82e6-85afe20bb727@group-16119EBFA722->08efc83e-84e2-40a1-a562-910b2e2f8a64-GrpcLogAppender: Leader has not got in touch with Follower 40200fd9-271f-46a5-82e6-85afe20bb727@group-16119EBFA722->08efc83e-84e2-40a1-a562-910b2e2f8a64(c-1,m0,n2, attendVote=true, lastRpcSendTime=9, lastRpcResponseTime=5234) yet, just keep nextIndex unchanged and retry.
2022-01-24 18:05:35,967 [40200fd9-271f-46a5-82e6-85afe20bb727@group-16119EBFA722-LeaderElection57] INFO  server.RaftServer$Division (ServerState.java:setRaftConf(387)) - 40200fd9-271f-46a5-82e6-85afe20bb727@group-16119EBFA722: set configuration 1: [1c5e7e03-d60e-4e29-906a-a7b7ae931ec0|rpc:10.1.0.60:37847|dataStream:|priority:0, 08efc83e-84e2-40a1-a562-910b2e2f8a64|rpc:10.1.0.60:33205|dataStream:|priority:1, 40200fd9-271f-46a5-82e6-85afe20bb727|rpc:10.1.0.60:33665|dataStream:|priority:0], old=null
2022-01-24 18:05:35,969 [grpc-default-executor-3] INFO  ratis.XceiverServerRatis (XceiverServerRatis.java:handleLeaderChangedNotification(866)) - Leader change notification received for group: group-16119EBFA722 with new leaderId: 40200fd9-271f-46a5-82e6-85afe20bb727
2022-01-24 18:05:35,969 [grpc-default-executor-3] INFO  server.RaftServer$Division (ServerState.java:setLeader(285)) - 1c5e7e03-d60e-4e29-906a-a7b7ae931ec0@group-16119EBFA722: change Leader from null to 40200fd9-271f-46a5-82e6-85afe20bb727 at term 3 for appendEntries, leader elected after 96ms
2022-01-24 18:05:35,989 [grpc-default-executor-3] INFO  server.RaftServer$Division (ServerState.java:setRaftConf(387)) - 1c5e7e03-d60e-4e29-906a-a7b7ae931ec0@group-16119EBFA722: set configuration 1: [1c5e7e03-d60e-4e29-906a-a7b7ae931ec0|rpc:10.1.0.60:37847|dataStream:|priority:0, 08efc83e-84e2-40a1-a562-910b2e2f8a64|rpc:10.1.0.60:33205|dataStream:|priority:1, 40200fd9-271f-46a5-82e6-85afe20bb727|rpc:10.1.0.60:33665|dataStream:|priority:0], old=null
2022-01-24 18:05:35,989 [grpc-default-executor-3] INFO  segmented.SegmentedRaftLogWorker (SegmentedRaftLogWorker.java:rollLogSegment(399)) - 1c5e7e03-d60e-4e29-906a-a7b7ae931ec0@group-16119EBFA722-SegmentedRaftLogWorker: Rolling segment log-0_0 to index:0
2022-01-24 18:05:36,009 [1c5e7e03-d60e-4e29-906a-a7b7ae931ec0@group-16119EBFA722-SegmentedRaftLogWorker] INFO  segmented.SegmentedRaftLogWorker (SegmentedRaftLogWorker.java:execute(558)) - 1c5e7e03-d60e-4e29-906a-a7b7ae931ec0@group-16119EBFA722-SegmentedRaftLogWorker: Rolled log segment from /home/runner/work/ozone/ozone/hadoop-ozone/integration-test/target/test-dir/MiniOzoneClusterImpl-aa639c69-f9d2-45b5-aeae-2a5a4e0b395a/datanode-2/data/ratis/557284a3-31df-4f38-8c53-16119ebfa722/current/log_inprogress_0 to /home/runner/work/ozone/ozone/hadoop-ozone/integration-test/target/test-dir/MiniOzoneClusterImpl-aa639c69-f9d2-45b5-aeae-2a5a4e0b395a/datanode-2/data/ratis/557284a3-31df-4f38-8c53-16119ebfa722/current/log_0-0
2022-01-24 18:05:36,011 [1c5e7e03-d60e-4e29-906a-a7b7ae931ec0@group-16119EBFA722-SegmentedRaftLogWorker] INFO  segmented.SegmentedRaftLogWorker (SegmentedRaftLogWorker.java:execute(601)) - 1c5e7e03-d60e-4e29-906a-a7b7ae931ec0@group-16119EBFA722-SegmentedRaftLogWorker: created new log segment /home/runner/work/ozone/ozone/hadoop-ozone/integration-test/target/test-dir/MiniOzoneClusterImpl-aa639c69-f9d2-45b5-aeae-2a5a4e0b395a/datanode-2/data/ratis/557284a3-31df-4f38-8c53-16119ebfa722/current/log_inprogress_1
2022-01-24 18:05:36,092 [grpc-default-executor-3] WARN  server.GrpcLogAppender (LogUtils.java:warn(122)) - 40200fd9-271f-46a5-82e6-85afe20bb727@group-16119EBFA722->08efc83e-84e2-40a1-a562-910b2e2f8a64-AppendLogResponseHandler: Failed appendEntries: org.apache.ratis.thirdparty.io.grpc.StatusRuntimeException: UNAVAILABLE: io exception
2022-01-24 18:05:36,093 [grpc-default-executor-3] WARN  server.GrpcLogAppender (GrpcLogAppender.java:resetClient(110)) - 40200fd9-271f-46a5-82e6-85afe20bb727@group-16119EBFA722->08efc83e-84e2-40a1-a562-910b2e2f8a64-GrpcLogAppender: Leader has not got in touch with Follower 40200fd9-271f-46a5-82e6-85afe20bb727@group-16119EBFA722->08efc83e-84e2-40a1-a562-910b2e2f8a64(c-1,m0,n3, attendVote=true, lastRpcSendTime=147, lastRpcResponseTime=5383) yet, just keep nextIndex unchanged and retry.
2022-01-24 18:05:37,529 [grpc-default-executor-3] WARN  server.GrpcLogAppender (LogUtils.java:warn(122)) - c189953c-19e1-459b-9255-7173c2cde622@group-FE0586866A31->9fc6c589-e101-4b7c-8c44-590da935f0a3-AppendLogResponseHandler: Failed appendEntries: org.apache.ratis.thirdparty.io.grpc.StatusRuntimeException: UNAVAILABLE: io exception
2022-01-24 18:05:37,529 [grpc-default-executor-3] WARN  server.GrpcLogAppender (GrpcLogAppender.java:resetClient(110)) - c189953c-19e1-459b-9255-7173c2cde622@group-FE0586866A31->9fc6c589-e101-4b7c-8c44-590da935f0a3-GrpcLogAppender: Leader has not got in touch with Follower c189953c-19e1-459b-9255-7173c2cde622@group-FE0586866A31->9fc6c589-e101-4b7c-8c44-590da935f0a3(c0,m0,n1, attendVote=true, lastRpcSendTime=2, lastRpcResponseTime=5032) yet, just keep nextIndex unchanged and retry.
2022-01-24 18:05:37,667 [grpc-default-executor-3] WARN  server.GrpcLogAppender (LogUtils.java:warn(122)) - 109b74c6-5970-42d9-b999-0985bb35528b@group-A7FA955D15D6->9fc6c589-e101-4b7c-8c44-590da935f0a3-AppendLogResponseHandler: Failed appendEntries: org.apache.ratis.thirdparty.io.grpc.StatusRuntimeException: UNAVAILABLE: io exception
2022-01-24 18:05:37,668 [grpc-default-executor-3] WARN  server.GrpcLogAppender (GrpcLogAppender.java:resetClient(110)) - 109b74c6-5970-42d9-b999-0985bb35528b@group-A7FA955D15D6->9fc6c589-e101-4b7c-8c44-590da935f0a3-GrpcLogAppender: Leader has not got in touch with Follower 109b74c6-5970-42d9-b999-0985bb35528b@group-A7FA955D15D6->9fc6c589-e101-4b7c-8c44-590da935f0a3(c0,m0,n1, attendVote=true, lastRpcSendTime=2507, lastRpcResponseTime=5014) yet, just keep nextIndex unchanged and retry.
2022-01-24 18:05:38,343 [grpc-default-executor-3] WARN  server.GrpcLogAppender (LogUtils.java:warn(122)) - 1c5e7e03-d60e-4e29-906a-a7b7ae931ec0@group-4A42DDB3E1D3->08efc83e-84e2-40a1-a562-910b2e2f8a64-AppendLogResponseHandler: Failed appendEntries: org.apache.ratis.thirdparty.io.grpc.StatusRuntimeException: UNAVAILABLE: io exception
2022-01-24 18:05:38,344 [grpc-default-executor-3] INFO  leader.FollowerInfo (FollowerInfoImpl.java:lambda$new$0(47)) - 1c5e7e03-d60e-4e29-906a-a7b7ae931ec0@group-4A42DDB3E1D3->08efc83e-84e2-40a1-a562-910b2e2f8a64: nextIndex: updateUnconditionally 3 -> 2
2022-01-24 18:05:38,383 [Listener at 127.0.0.1/42611] INFO  statemachine.DatanodeStateMachine (DatanodeStateMachine.java:stopDaemon(529)) - Ozone container server stopped.
2022-01-24 18:05:38,384 [Listener at 127.0.0.1/42611] INFO  handler.ContextHandler (ContextHandler.java:doStop(1153)) - Stopped o.e.j.w.WebAppContext@68044013{hddsDatanode,/,null,STOPPED}{jar:file:/home/runner/.m2/repository/org/apache/ozone/hdds-container-service/1.3.0-SNAPSHOT/hdds-container-service-1.3.0-SNAPSHOT.jar!/webapps/hddsDatanode}
2022-01-24 18:05:38,385 [Listener at 127.0.0.1/42611] INFO  server.AbstractConnector (AbstractConnector.java:doStop(381)) - Stopped ServerConnector@45ba6b2e{HTTP/1.1, (http/1.1)}{0.0.0.0:0}
2022-01-24 18:05:38,385 [Listener at 127.0.0.1/42611] INFO  server.session (HouseKeeper.java:stopScavenging(149)) - node0 Stopped scavenging
2022-01-24 18:05:38,385 [Listener at 127.0.0.1/42611] INFO  handler.ContextHandler (ContextHandler.java:doStop(1153)) - Stopped o.e.j.s.ServletContextHandler@6711fb27{static,/static,jar:file:/home/runner/.m2/repository/org/apache/ozone/hdds-container-service/1.3.0-SNAPSHOT/hdds-container-service-1.3.0-SNAPSHOT.jar!/webapps/static,STOPPED}
2022-01-24 18:05:38,385 [Listener at 127.0.0.1/42611] INFO  handler.ContextHandler (ContextHandler.java:doStop(1153)) - Stopped o.e.j.s.ServletContextHandler@3a3de78c{logs,/logs,file:///home/runner/work/ozone/ozone/hadoop-ozone/integration-test/target/log,STOPPED}
2022-01-24 18:05:38,461 [ForkJoinPool.commonPool-worker-0] INFO  statemachine.DatanodeStateMachine (DatanodeStateMachine.java:stopDaemon(529)) - Ozone container server stopped.
2022-01-24 18:05:38,492 [ForkJoinPool.commonPool-worker-0] INFO  handler.ContextHandler (ContextHandler.java:doStop(1153)) - Stopped o.e.j.w.WebAppContext@3f5b1221{hddsDatanode,/,null,STOPPED}{jar:file:/home/runner/.m2/repository/org/apache/ozone/hdds-container-service/1.3.0-SNAPSHOT/hdds-container-service-1.3.0-SNAPSHOT.jar!/webapps/hddsDatanode}
2022-01-24 18:05:38,493 [ForkJoinPool.commonPool-worker-0] INFO  server.AbstractConnector (AbstractConnector.java:doStop(381)) - Stopped ServerConnector@5cdcd641{HTTP/1.1, (http/1.1)}{0.0.0.0:0}
2022-01-24 18:05:38,493 [ForkJoinPool.commonPool-worker-0] INFO  server.session (HouseKeeper.java:stopScavenging(149)) - node0 Stopped scavenging
2022-01-24 18:05:38,497 [ForkJoinPool.commonPool-worker-0] INFO  handler.ContextHandler (ContextHandler.java:doStop(1153)) - Stopped o.e.j.s.ServletContextHandler@5635c103{static,/static,jar:file:/home/runner/.m2/repository/org/apache/ozone/hdds-container-service/1.3.0-SNAPSHOT/hdds-container-service-1.3.0-SNAPSHOT.jar!/webapps/static,STOPPED}
2022-01-24 18:05:38,503 [ForkJoinPool.commonPool-worker-0] INFO  handler.ContextHandler (ContextHandler.java:doStop(1153)) - Stopped o.e.j.s.ServletContextHandler@42042fcf{logs,/logs,file:///home/runner/work/ozone/ozone/hadoop-ozone/integration-test/target/log,STOPPED}
2022-01-24 18:05:38,594 [grpc-default-executor-3] WARN  server.GrpcLogAppender (LogUtils.java:warn(122)) - 40200fd9-271f-46a5-82e6-85afe20bb727@group-16119EBFA722->08efc83e-84e2-40a1-a562-910b2e2f8a64-AppendLogResponseHandler: Failed appendEntries: org.apache.ratis.thirdparty.io.grpc.StatusRuntimeException: UNAVAILABLE: io exception
2022-01-24 18:05:38,595 [grpc-default-executor-3] WARN  server.GrpcLogAppender (GrpcLogAppender.java:resetClient(110)) - 40200fd9-271f-46a5-82e6-85afe20bb727@group-16119EBFA722->08efc83e-84e2-40a1-a562-910b2e2f8a64-GrpcLogAppender: Leader has not got in touch with Follower 40200fd9-271f-46a5-82e6-85afe20bb727@group-16119EBFA722->08efc83e-84e2-40a1-a562-910b2e2f8a64(c-1,m0,n3, attendVote=true, lastRpcSendTime=0, lastRpcResponseTime=7884) yet, just keep nextIndex unchanged and retry.
2022-01-24 18:05:40,028 [grpc-default-executor-6] WARN  server.GrpcLogAppender (LogUtils.java:warn(122)) - c189953c-19e1-459b-9255-7173c2cde622@group-FE0586866A31->9fc6c589-e101-4b7c-8c44-590da935f0a3-AppendLogResponseHandler: Failed appendEntries: org.apache.ratis.thirdparty.io.grpc.StatusRuntimeException: UNAVAILABLE: io exception
2022-01-24 18:05:40,028 [grpc-default-executor-6] WARN  server.GrpcLogAppender (GrpcLogAppender.java:resetClient(110)) - c189953c-19e1-459b-9255-7173c2cde622@group-FE0586866A31->9fc6c589-e101-4b7c-8c44-590da935f0a3-GrpcLogAppender: Leader has not got in touch with Follower c189953c-19e1-459b-9255-7173c2cde622@group-FE0586866A31->9fc6c589-e101-4b7c-8c44-590da935f0a3(c0,m0,n1, attendVote=true, lastRpcSendTime=2501, lastRpcResponseTime=7530) yet, just keep nextIndex unchanged and retry.
2022-01-24 18:05:40,208 [grpc-default-executor-3] WARN  server.GrpcLogAppender (LogUtils.java:warn(122)) - 109b74c6-5970-42d9-b999-0985bb35528b@group-A7FA955D15D6->9fc6c589-e101-4b7c-8c44-590da935f0a3-AppendLogResponseHandler: Failed appendEntries: org.apache.ratis.thirdparty.io.grpc.StatusRuntimeException: UNAVAILABLE: io exception
2022-01-24 18:05:40,209 [grpc-default-executor-3] WARN  server.GrpcLogAppender (GrpcLogAppender.java:resetClient(110)) - 109b74c6-5970-42d9-b999-0985bb35528b@group-A7FA955D15D6->9fc6c589-e101-4b7c-8c44-590da935f0a3-GrpcLogAppender: Leader has not got in touch with Follower 109b74c6-5970-42d9-b999-0985bb35528b@group-A7FA955D15D6->9fc6c589-e101-4b7c-8c44-590da935f0a3(c0,m0,n1, attendVote=true, lastRpcSendTime=2539, lastRpcResponseTime=7555) yet, just keep nextIndex unchanged and retry.
2022-01-24 18:05:40,843 [grpc-default-executor-3] WARN  server.GrpcLogAppender (LogUtils.java:warn(122)) - 1c5e7e03-d60e-4e29-906a-a7b7ae931ec0@group-4A42DDB3E1D3->08efc83e-84e2-40a1-a562-910b2e2f8a64-AppendLogResponseHandler: Failed appendEntries: org.apache.ratis.thirdparty.io.grpc.StatusRuntimeException: UNAVAILABLE: io exception
2022-01-24 18:05:40,844 [grpc-default-executor-3] INFO  leader.FollowerInfo (FollowerInfoImpl.java:lambda$new$0(47)) - 1c5e7e03-d60e-4e29-906a-a7b7ae931ec0@group-4A42DDB3E1D3->08efc83e-84e2-40a1-a562-910b2e2f8a64: nextIndex: updateUnconditionally 3 -> 2
2022-01-24 18:05:41,129 [grpc-default-executor-3] WARN  server.GrpcLogAppender (LogUtils.java:warn(122)) - 40200fd9-271f-46a5-82e6-85afe20bb727@group-16119EBFA722->08efc83e-84e2-40a1-a562-910b2e2f8a64-AppendLogResponseHandler: Failed appendEntries: org.apache.ratis.thirdparty.io.grpc.StatusRuntimeException: UNAVAILABLE: io exception
2022-01-24 18:05:41,130 [grpc-default-executor-3] WARN  server.GrpcLogAppender (GrpcLogAppender.java:resetClient(110)) - 40200fd9-271f-46a5-82e6-85afe20bb727@group-16119EBFA722->08efc83e-84e2-40a1-a562-910b2e2f8a64-GrpcLogAppender: Leader has not got in touch with Follower 40200fd9-271f-46a5-82e6-85afe20bb727@group-16119EBFA722->08efc83e-84e2-40a1-a562-910b2e2f8a64(c-1,m0,n3, attendVote=true, lastRpcSendTime=2535, lastRpcResponseTime=10419) yet, just keep nextIndex unchanged and retry.
2022-01-24 18:05:42,533 [grpc-default-executor-3] WARN  server.GrpcLogAppender (LogUtils.java:warn(122)) - c189953c-19e1-459b-9255-7173c2cde622@group-FE0586866A31->9fc6c589-e101-4b7c-8c44-590da935f0a3-AppendLogResponseHandler: Failed appendEntries: org.apache.ratis.thirdparty.io.grpc.StatusRuntimeException: UNAVAILABLE: io exception
2022-01-24 18:05:42,534 [grpc-default-executor-3] WARN  server.GrpcLogAppender (GrpcLogAppender.java:resetClient(110)) - c189953c-19e1-459b-9255-7173c2cde622@group-FE0586866A31->9fc6c589-e101-4b7c-8c44-590da935f0a3-GrpcLogAppender: Leader has not got in touch with Follower c189953c-19e1-459b-9255-7173c2cde622@group-FE0586866A31->9fc6c589-e101-4b7c-8c44-590da935f0a3(c0,m0,n1, attendVote=true, lastRpcSendTime=0, lastRpcResponseTime=10036) yet, just keep nextIndex unchanged and retry.
2022-01-24 18:05:42,713 [grpc-default-executor-6] WARN  server.GrpcLogAppender (LogUtils.java:warn(122)) - 109b74c6-5970-42d9-b999-0985bb35528b@group-A7FA955D15D6->9fc6c589-e101-4b7c-8c44-590da935f0a3-AppendLogResponseHandler: Failed appendEntries: org.apache.ratis.thirdparty.io.grpc.StatusRuntimeException: UNAVAILABLE: io exception
2022-01-24 18:05:42,714 [grpc-default-executor-6] WARN  server.GrpcLogAppender (GrpcLogAppender.java:resetClient(110)) - 109b74c6-5970-42d9-b999-0985bb35528b@group-A7FA955D15D6->9fc6c589-e101-4b7c-8c44-590da935f0a3-GrpcLogAppender: Leader has not got in touch with Follower 109b74c6-5970-42d9-b999-0985bb35528b@group-A7FA955D15D6->9fc6c589-e101-4b7c-8c44-590da935f0a3(c0,m0,n1, attendVote=true, lastRpcSendTime=2504, lastRpcResponseTime=10059) yet, just keep nextIndex unchanged and retry.
2022-01-24 18:05:43,344 [grpc-default-executor-3] WARN  server.GrpcLogAppender (LogUtils.java:warn(122)) - 1c5e7e03-d60e-4e29-906a-a7b7ae931ec0@group-4A42DDB3E1D3->08efc83e-84e2-40a1-a562-910b2e2f8a64-AppendLogResponseHandler: Failed appendEntries: org.apache.ratis.thirdparty.io.grpc.StatusRuntimeException: UNAVAILABLE: io exception
2022-01-24 18:05:43,345 [grpc-default-executor-3] INFO  leader.FollowerInfo (FollowerInfoImpl.java:lambda$new$0(47)) - 1c5e7e03-d60e-4e29-906a-a7b7ae931ec0@group-4A42DDB3E1D3->08efc83e-84e2-40a1-a562-910b2e2f8a64: nextIndex: updateUnconditionally 3 -> 2
2022-01-24 18:05:43,397 [Listener at 127.0.0.1/42611] INFO  ozoneimpl.OzoneContainer (OzoneContainer.java:stop(336)) - Attempting to stop container services.
2022-01-24 18:05:43,398 [Listener at 127.0.0.1/42611] INFO  server.RaftServer (RaftServerProxy.java:lambda$close$6(391)) - 109b74c6-5970-42d9-b999-0985bb35528b: close
2022-01-24 18:05:43,398 [Listener at 127.0.0.1/42611] INFO  server.RaftServer$Division (RaftServerImpl.java:lambda$close$4(412)) - 109b74c6-5970-42d9-b999-0985bb35528b@group-FE0586866A31: shutdown
2022-01-24 18:05:43,398 [Listener at 127.0.0.1/42611] INFO  util.JmxRegister (JmxRegister.java:unregister(73)) - Successfully un-registered JMX Bean with object name Ratis:service=RaftServer,group=group-FE0586866A31,id=109b74c6-5970-42d9-b999-0985bb35528b
2022-01-24 18:05:43,398 [Listener at 127.0.0.1/42611] INFO  impl.RoleInfo (RoleInfo.java:shutdownFollowerState(108)) - 109b74c6-5970-42d9-b999-0985bb35528b: shutdown 109b74c6-5970-42d9-b999-0985bb35528b@group-FE0586866A31-FollowerState
2022-01-24 18:05:43,398 [Listener at 127.0.0.1/42611] INFO  impl.StateMachineUpdater (StateMachineUpdater.java:stopAndJoin(149)) - 109b74c6-5970-42d9-b999-0985bb35528b@group-FE0586866A31-StateMachineUpdater: set stopIndex = 0
2022-01-24 18:05:43,398 [109b74c6-5970-42d9-b999-0985bb35528b@group-FE0586866A31-FollowerState] INFO  impl.FollowerState (FollowerState.java:run(143)) - 109b74c6-5970-42d9-b999-0985bb35528b@group-FE0586866A31-FollowerState was interrupted: {}
java.lang.InterruptedException: sleep interrupted
	at java.lang.Thread.sleep(Native Method)
	at java.lang.Thread.sleep(Thread.java:340)
	at java.util.concurrent.TimeUnit.sleep(TimeUnit.java:386)
	at org.apache.ratis.util.TimeDuration.sleep(TimeDuration.java:324)
	at org.apache.ratis.util.TimeDuration.sleep(TimeDuration.java:309)
	at org.apache.ratis.server.impl.FollowerState.run(FollowerState.java:118)
2022-01-24 18:05:43,399 [109b74c6-5970-42d9-b999-0985bb35528b@group-FE0586866A31-StateMachineUpdater] INFO  ratis.ContainerStateMachine (ContainerStateMachine.java:takeSnapshot(299)) - group-FE0586866A31: Taking a snapshot at:(t:3, i:0) file /home/runner/work/ozone/ozone/hadoop-ozone/integration-test/target/test-dir/MiniOzoneClusterImpl-aa639c69-f9d2-45b5-aeae-2a5a4e0b395a/datanode-3/data/ratis/358c75be-78ae-4751-80cf-fe0586866a31/sm/snapshot.3_0
2022-01-24 18:05:43,400 [109b74c6-5970-42d9-b999-0985bb35528b@group-FE0586866A31-StateMachineUpdater] INFO  ratis.ContainerStateMachine (ContainerStateMachine.java:takeSnapshot(310)) - group-FE0586866A31: Finished taking a snapshot at:(t:3, i:0) file:/home/runner/work/ozone/ozone/hadoop-ozone/integration-test/target/test-dir/MiniOzoneClusterImpl-aa639c69-f9d2-45b5-aeae-2a5a4e0b395a/datanode-3/data/ratis/358c75be-78ae-4751-80cf-fe0586866a31/sm/snapshot.3_0 took: 2 ms
2022-01-24 18:05:43,400 [109b74c6-5970-42d9-b999-0985bb35528b@group-FE0586866A31-StateMachineUpdater] INFO  impl.StateMachineUpdater (StateMachineUpdater.java:takeSnapshot(281)) - 109b74c6-5970-42d9-b999-0985bb35528b@group-FE0586866A31-StateMachineUpdater: Took a snapshot at index 0
2022-01-24 18:05:43,400 [109b74c6-5970-42d9-b999-0985bb35528b@group-FE0586866A31-StateMachineUpdater] INFO  impl.StateMachineUpdater (StateMachineUpdater.java:lambda$new$0(89)) - 109b74c6-5970-42d9-b999-0985bb35528b@group-FE0586866A31-StateMachineUpdater: snapshotIndex: updateIncreasingly -1 -> 0
2022-01-24 18:05:43,401 [Listener at 127.0.0.1/42611] INFO  server.RaftServer$Division (ServerState.java:close(419)) - 109b74c6-5970-42d9-b999-0985bb35528b@group-FE0586866A31: closes. applyIndex: 0
2022-01-24 18:05:43,401 [109b74c6-5970-42d9-b999-0985bb35528b@group-FE0586866A31-SegmentedRaftLogWorker] INFO  segmented.SegmentedRaftLogWorker (SegmentedRaftLogWorker.java:run(327)) - 109b74c6-5970-42d9-b999-0985bb35528b@group-FE0586866A31-SegmentedRaftLogWorker was interrupted, exiting. There are 0 tasks remaining in the queue.
2022-01-24 18:05:43,406 [Listener at 127.0.0.1/42611] INFO  segmented.SegmentedRaftLogWorker (SegmentedRaftLogWorker.java:close(237)) - 109b74c6-5970-42d9-b999-0985bb35528b@group-FE0586866A31-SegmentedRaftLogWorker close()
2022-01-24 18:05:43,407 [Listener at 127.0.0.1/42611] INFO  server.RaftServer$Division (RaftServerImpl.java:lambda$close$4(412)) - 109b74c6-5970-42d9-b999-0985bb35528b@group-FBF99A330DCD: shutdown
2022-01-24 18:05:43,407 [Listener at 127.0.0.1/42611] INFO  util.JmxRegister (JmxRegister.java:unregister(73)) - Successfully un-registered JMX Bean with object name Ratis:service=RaftServer,group=group-FBF99A330DCD,id=109b74c6-5970-42d9-b999-0985bb35528b
2022-01-24 18:05:43,407 [Listener at 127.0.0.1/42611] INFO  impl.RoleInfo (RoleInfo.java:shutdownLeaderState(91)) - 109b74c6-5970-42d9-b999-0985bb35528b: shutdown 109b74c6-5970-42d9-b999-0985bb35528b@group-FBF99A330DCD-LeaderStateImpl
2022-01-24 18:05:43,408 [Listener at 127.0.0.1/42611] INFO  impl.PendingRequests (PendingRequests.java:sendNotLeaderResponses(282)) - 109b74c6-5970-42d9-b999-0985bb35528b@group-FBF99A330DCD-PendingRequests: sendNotLeaderResponses
2022-01-24 18:05:43,408 [Listener at 127.0.0.1/42611] INFO  impl.StateMachineUpdater (StateMachineUpdater.java:stopAndJoin(149)) - 109b74c6-5970-42d9-b999-0985bb35528b@group-FBF99A330DCD-StateMachineUpdater: set stopIndex = 0
2022-01-24 18:05:43,409 [109b74c6-5970-42d9-b999-0985bb35528b@group-FBF99A330DCD-StateMachineUpdater] INFO  ratis.ContainerStateMachine (ContainerStateMachine.java:takeSnapshot(299)) - group-FBF99A330DCD: Taking a snapshot at:(t:1, i:0) file /home/runner/work/ozone/ozone/hadoop-ozone/integration-test/target/test-dir/MiniOzoneClusterImpl-aa639c69-f9d2-45b5-aeae-2a5a4e0b395a/datanode-3/data/ratis/44719648-93a7-40f2-aa39-fbf99a330dcd/sm/snapshot.1_0
2022-01-24 18:05:43,410 [109b74c6-5970-42d9-b999-0985bb35528b@group-FBF99A330DCD-StateMachineUpdater] INFO  ratis.ContainerStateMachine (ContainerStateMachine.java:takeSnapshot(310)) - group-FBF99A330DCD: Finished taking a snapshot at:(t:1, i:0) file:/home/runner/work/ozone/ozone/hadoop-ozone/integration-test/target/test-dir/MiniOzoneClusterImpl-aa639c69-f9d2-45b5-aeae-2a5a4e0b395a/datanode-3/data/ratis/44719648-93a7-40f2-aa39-fbf99a330dcd/sm/snapshot.1_0 took: 1 ms
2022-01-24 18:05:43,410 [109b74c6-5970-42d9-b999-0985bb35528b@group-FBF99A330DCD-StateMachineUpdater] INFO  impl.StateMachineUpdater (StateMachineUpdater.java:takeSnapshot(281)) - 109b74c6-5970-42d9-b999-0985bb35528b@group-FBF99A330DCD-StateMachineUpdater: Took a snapshot at index 0
2022-01-24 18:05:43,410 [109b74c6-5970-42d9-b999-0985bb35528b@group-FBF99A330DCD-StateMachineUpdater] INFO  impl.StateMachineUpdater (StateMachineUpdater.java:lambda$new$0(89)) - 109b74c6-5970-42d9-b999-0985bb35528b@group-FBF99A330DCD-StateMachineUpdater: snapshotIndex: updateIncreasingly -1 -> 0
2022-01-24 18:05:43,410 [Listener at 127.0.0.1/42611] INFO  server.RaftServer$Division (ServerState.java:close(419)) - 109b74c6-5970-42d9-b999-0985bb35528b@group-FBF99A330DCD: closes. applyIndex: 0
2022-01-24 18:05:43,410 [109b74c6-5970-42d9-b999-0985bb35528b@group-FBF99A330DCD-SegmentedRaftLogWorker] INFO  segmented.SegmentedRaftLogWorker (SegmentedRaftLogWorker.java:run(327)) - 109b74c6-5970-42d9-b999-0985bb35528b@group-FBF99A330DCD-SegmentedRaftLogWorker was interrupted, exiting. There are 0 tasks remaining in the queue.
2022-01-24 18:05:43,413 [Listener at 127.0.0.1/42611] INFO  segmented.SegmentedRaftLogWorker (SegmentedRaftLogWorker.java:close(237)) - 109b74c6-5970-42d9-b999-0985bb35528b@group-FBF99A330DCD-SegmentedRaftLogWorker close()
2022-01-24 18:05:43,414 [Listener at 127.0.0.1/42611] INFO  server.RaftServer$Division (RaftServerImpl.java:lambda$close$4(412)) - 109b74c6-5970-42d9-b999-0985bb35528b@group-A7FA955D15D6: shutdown
2022-01-24 18:05:43,414 [Listener at 127.0.0.1/42611] INFO  util.JmxRegister (JmxRegister.java:unregister(73)) - Successfully un-registered JMX Bean with object name Ratis:service=RaftServer,group=group-A7FA955D15D6,id=109b74c6-5970-42d9-b999-0985bb35528b
2022-01-24 18:05:43,414 [Listener at 127.0.0.1/42611] INFO  impl.RoleInfo (RoleInfo.java:shutdownLeaderState(91)) - 109b74c6-5970-42d9-b999-0985bb35528b: shutdown 109b74c6-5970-42d9-b999-0985bb35528b@group-A7FA955D15D6-LeaderStateImpl
2022-01-24 18:05:43,415 [Listener at 127.0.0.1/42611] INFO  impl.PendingRequests (PendingRequests.java:sendNotLeaderResponses(282)) - 109b74c6-5970-42d9-b999-0985bb35528b@group-A7FA955D15D6-PendingRequests: sendNotLeaderResponses
2022-01-24 18:05:43,415 [Listener at 127.0.0.1/42611] INFO  impl.StateMachineUpdater (StateMachineUpdater.java:stopAndJoin(149)) - 109b74c6-5970-42d9-b999-0985bb35528b@group-A7FA955D15D6-StateMachineUpdater: set stopIndex = 0
2022-01-24 18:05:43,415 [109b74c6-5970-42d9-b999-0985bb35528b@group-A7FA955D15D6-StateMachineUpdater] INFO  ratis.ContainerStateMachine (ContainerStateMachine.java:takeSnapshot(299)) - group-A7FA955D15D6: Taking a snapshot at:(t:2, i:0) file /home/runner/work/ozone/ozone/hadoop-ozone/integration-test/target/test-dir/MiniOzoneClusterImpl-aa639c69-f9d2-45b5-aeae-2a5a4e0b395a/datanode-3/data/ratis/2124de27-bcfd-4c51-8a81-a7fa955d15d6/sm/snapshot.2_0
2022-01-24 18:05:43,417 [109b74c6-5970-42d9-b999-0985bb35528b@group-A7FA955D15D6-StateMachineUpdater] INFO  ratis.ContainerStateMachine (ContainerStateMachine.java:takeSnapshot(310)) - group-A7FA955D15D6: Finished taking a snapshot at:(t:2, i:0) file:/home/runner/work/ozone/ozone/hadoop-ozone/integration-test/target/test-dir/MiniOzoneClusterImpl-aa639c69-f9d2-45b5-aeae-2a5a4e0b395a/datanode-3/data/ratis/2124de27-bcfd-4c51-8a81-a7fa955d15d6/sm/snapshot.2_0 took: 1 ms
2022-01-24 18:05:43,417 [109b74c6-5970-42d9-b999-0985bb35528b@group-A7FA955D15D6-StateMachineUpdater] INFO  impl.StateMachineUpdater (StateMachineUpdater.java:takeSnapshot(281)) - 109b74c6-5970-42d9-b999-0985bb35528b@group-A7FA955D15D6-StateMachineUpdater: Took a snapshot at index 0
2022-01-24 18:05:43,417 [109b74c6-5970-42d9-b999-0985bb35528b@group-A7FA955D15D6-StateMachineUpdater] INFO  impl.StateMachineUpdater (StateMachineUpdater.java:lambda$new$0(89)) - 109b74c6-5970-42d9-b999-0985bb35528b@group-A7FA955D15D6-StateMachineUpdater: snapshotIndex: updateIncreasingly -1 -> 0
2022-01-24 18:05:43,420 [Listener at 127.0.0.1/42611] INFO  server.RaftServer$Division (ServerState.java:close(419)) - 109b74c6-5970-42d9-b999-0985bb35528b@group-A7FA955D15D6: closes. applyIndex: 0
2022-01-24 18:05:43,420 [109b74c6-5970-42d9-b999-0985bb35528b@group-A7FA955D15D6-SegmentedRaftLogWorker] INFO  segmented.SegmentedRaftLogWorker (SegmentedRaftLogWorker.java:run(327)) - 109b74c6-5970-42d9-b999-0985bb35528b@group-A7FA955D15D6-SegmentedRaftLogWorker was interrupted, exiting. There are 0 tasks remaining in the queue.
2022-01-24 18:05:43,425 [Listener at 127.0.0.1/42611] INFO  segmented.SegmentedRaftLogWorker (SegmentedRaftLogWorker.java:close(237)) - 109b74c6-5970-42d9-b999-0985bb35528b@group-A7FA955D15D6-SegmentedRaftLogWorker close()
2022-01-24 18:05:43,426 [Listener at 127.0.0.1/42611] INFO  server.GrpcService (GrpcService.java:closeImpl(262)) - 109b74c6-5970-42d9-b999-0985bb35528b: shutdown server with port 34259 now
2022-01-24 18:05:43,429 [109b74c6-5970-42d9-b999-0985bb35528b@group-A7FA955D15D6->c189953c-19e1-459b-9255-7173c2cde622-GrpcLogAppender-LogAppenderDaemon] WARN  server.GrpcLogAppender (GrpcLogAppender.java:mayWait(177)) - 109b74c6-5970-42d9-b999-0985bb35528b@group-A7FA955D15D6->c189953c-19e1-459b-9255-7173c2cde622-GrpcLogAppender: Wait interrupted by java.lang.InterruptedException
2022-01-24 18:05:43,430 [grpc-default-executor-3] INFO  server.GrpcServerProtocolService (GrpcServerProtocolService.java:onCompleted(140)) - c189953c-19e1-459b-9255-7173c2cde622: Completed APPEND_ENTRIES, lastRequest: 109b74c6-5970-42d9-b999-0985bb35528b->c189953c-19e1-459b-9255-7173c2cde622#1-t2,previous=(t:0, i:0),leaderCommit=0,initializing? true,entries: size=1, first=(t:2, i:0), CONFIGURATIONENTRY
2022-01-24 18:05:43,431 [grpc-default-executor-6] INFO  server.GrpcLogAppender (GrpcLogAppender.java:onCompleted(346)) - 109b74c6-5970-42d9-b999-0985bb35528b@group-A7FA955D15D6->c189953c-19e1-459b-9255-7173c2cde622-AppendLogResponseHandler: follower responses appendEntries COMPLETED
2022-01-24 18:05:43,431 [grpc-default-executor-6] INFO  leader.FollowerInfo (FollowerInfoImpl.java:lambda$new$0(47)) - 109b74c6-5970-42d9-b999-0985bb35528b@group-A7FA955D15D6->c189953c-19e1-459b-9255-7173c2cde622: nextIndex: updateUnconditionally 1 -> 0
2022-01-24 18:05:43,436 [grpc-default-executor-6] WARN  server.GrpcServerProtocolService (LogUtils.java:warn(122)) - 109b74c6-5970-42d9-b999-0985bb35528b: installSnapshot onError, lastRequest: c189953c-19e1-459b-9255-7173c2cde622->109b74c6-5970-42d9-b999-0985bb35528b#1-t3,previous=(t:0, i:0),leaderCommit=-1,initializing? true,entries: size=1, first=(t:3, i:0), CONFIGURATIONENTRY: org.apache.ratis.thirdparty.io.grpc.StatusRuntimeException: CANCELLED: client cancelled
2022-01-24 18:05:43,437 [grpc-default-executor-3] WARN  server.GrpcLogAppender (LogUtils.java:warn(122)) - c189953c-19e1-459b-9255-7173c2cde622@group-FE0586866A31->109b74c6-5970-42d9-b999-0985bb35528b-AppendLogResponseHandler: Failed appendEntries: org.apache.ratis.thirdparty.io.grpc.StatusRuntimeException: CANCELLED: HTTP/2 error code: CANCEL
Received Rst Stream
2022-01-24 18:05:43,437 [grpc-default-executor-3] WARN  server.GrpcLogAppender (GrpcLogAppender.java:resetClient(110)) - c189953c-19e1-459b-9255-7173c2cde622@group-FE0586866A31->109b74c6-5970-42d9-b999-0985bb35528b-GrpcLogAppender: Leader has not got in touch with Follower c189953c-19e1-459b-9255-7173c2cde622@group-FE0586866A31->109b74c6-5970-42d9-b999-0985bb35528b(c0,m0,n1, attendVote=true, lastRpcSendTime=891, lastRpcResponseTime=886) yet, just keep nextIndex unchanged and retry.
2022-01-24 18:05:43,489 [Listener at 127.0.0.1/42611] INFO  server.GrpcService (GrpcService.java:closeImpl(271)) - 109b74c6-5970-42d9-b999-0985bb35528b: shutdown server with port 34259 successfully
2022-01-24 18:05:43,498 [org.apache.ratis.util.JvmPauseMonitor$$Lambda$431/1963060215@18cfc0b5] INFO  util.JvmPauseMonitor (JvmPauseMonitor.java:run(109)) - JvmPauseMonitor-109b74c6-5970-42d9-b999-0985bb35528b: Stopped
2022-01-24 18:05:43,537 [ForkJoinPool.commonPool-worker-0] INFO  ozoneimpl.OzoneContainer (OzoneContainer.java:stop(336)) - Attempting to stop container services.
2022-01-24 18:05:43,538 [ForkJoinPool.commonPool-worker-0] INFO  server.RaftServer (RaftServerProxy.java:lambda$close$6(391)) - 1c5e7e03-d60e-4e29-906a-a7b7ae931ec0: close
2022-01-24 18:05:43,538 [ForkJoinPool.commonPool-worker-0] INFO  server.RaftServer$Division (RaftServerImpl.java:lambda$close$4(412)) - 1c5e7e03-d60e-4e29-906a-a7b7ae931ec0@group-FE187C5278EA: shutdown
2022-01-24 18:05:43,538 [ForkJoinPool.commonPool-worker-0] INFO  util.JmxRegister (JmxRegister.java:unregister(73)) - Successfully un-registered JMX Bean with object name Ratis:service=RaftServer,group=group-FE187C5278EA,id=1c5e7e03-d60e-4e29-906a-a7b7ae931ec0
2022-01-24 18:05:43,538 [ForkJoinPool.commonPool-worker-0] INFO  impl.RoleInfo (RoleInfo.java:shutdownLeaderState(91)) - 1c5e7e03-d60e-4e29-906a-a7b7ae931ec0: shutdown 1c5e7e03-d60e-4e29-906a-a7b7ae931ec0@group-FE187C5278EA-LeaderStateImpl
2022-01-24 18:05:43,538 [ForkJoinPool.commonPool-worker-0] INFO  impl.PendingRequests (PendingRequests.java:sendNotLeaderResponses(282)) - 1c5e7e03-d60e-4e29-906a-a7b7ae931ec0@group-FE187C5278EA-PendingRequests: sendNotLeaderResponses
2022-01-24 18:05:43,539 [ForkJoinPool.commonPool-worker-0] INFO  impl.StateMachineUpdater (StateMachineUpdater.java:stopAndJoin(149)) - 1c5e7e03-d60e-4e29-906a-a7b7ae931ec0@group-FE187C5278EA-StateMachineUpdater: set stopIndex = 0
2022-01-24 18:05:43,539 [1c5e7e03-d60e-4e29-906a-a7b7ae931ec0@group-FE187C5278EA-StateMachineUpdater] INFO  ratis.ContainerStateMachine (ContainerStateMachine.java:takeSnapshot(299)) - group-FE187C5278EA: Taking a snapshot at:(t:1, i:0) file /home/runner/work/ozone/ozone/hadoop-ozone/integration-test/target/test-dir/MiniOzoneClusterImpl-aa639c69-f9d2-45b5-aeae-2a5a4e0b395a/datanode-2/data/ratis/3898fc47-dc72-4d98-bc41-fe187c5278ea/sm/snapshot.1_0
2022-01-24 18:05:43,540 [1c5e7e03-d60e-4e29-906a-a7b7ae931ec0@group-FE187C5278EA-StateMachineUpdater] INFO  ratis.ContainerStateMachine (ContainerStateMachine.java:takeSnapshot(310)) - group-FE187C5278EA: Finished taking a snapshot at:(t:1, i:0) file:/home/runner/work/ozone/ozone/hadoop-ozone/integration-test/target/test-dir/MiniOzoneClusterImpl-aa639c69-f9d2-45b5-aeae-2a5a4e0b395a/datanode-2/data/ratis/3898fc47-dc72-4d98-bc41-fe187c5278ea/sm/snapshot.1_0 took: 2 ms
2022-01-24 18:05:43,540 [1c5e7e03-d60e-4e29-906a-a7b7ae931ec0@group-FE187C5278EA-StateMachineUpdater] INFO  impl.StateMachineUpdater (StateMachineUpdater.java:takeSnapshot(281)) - 1c5e7e03-d60e-4e29-906a-a7b7ae931ec0@group-FE187C5278EA-StateMachineUpdater: Took a snapshot at index 0
2022-01-24 18:05:43,540 [1c5e7e03-d60e-4e29-906a-a7b7ae931ec0@group-FE187C5278EA-StateMachineUpdater] INFO  impl.StateMachineUpdater (StateMachineUpdater.java:lambda$new$0(89)) - 1c5e7e03-d60e-4e29-906a-a7b7ae931ec0@group-FE187C5278EA-StateMachineUpdater: snapshotIndex: updateIncreasingly -1 -> 0
2022-01-24 18:05:43,541 [ForkJoinPool.commonPool-worker-0] INFO  server.RaftServer$Division (ServerState.java:close(419)) - 1c5e7e03-d60e-4e29-906a-a7b7ae931ec0@group-FE187C5278EA: closes. applyIndex: 0
2022-01-24 18:05:43,541 [1c5e7e03-d60e-4e29-906a-a7b7ae931ec0@group-FE187C5278EA-SegmentedRaftLogWorker] INFO  segmented.SegmentedRaftLogWorker (SegmentedRaftLogWorker.java:run(327)) - 1c5e7e03-d60e-4e29-906a-a7b7ae931ec0@group-FE187C5278EA-SegmentedRaftLogWorker was interrupted, exiting. There are 0 tasks remaining in the queue.
2022-01-24 18:05:43,541 [ForkJoinPool.commonPool-worker-0] INFO  segmented.SegmentedRaftLogWorker (SegmentedRaftLogWorker.java:close(237)) - 1c5e7e03-d60e-4e29-906a-a7b7ae931ec0@group-FE187C5278EA-SegmentedRaftLogWorker close()
2022-01-24 18:05:43,542 [ForkJoinPool.commonPool-worker-0] INFO  server.RaftServer$Division (RaftServerImpl.java:lambda$close$4(412)) - 1c5e7e03-d60e-4e29-906a-a7b7ae931ec0@group-4A42DDB3E1D3: shutdown
2022-01-24 18:05:43,542 [ForkJoinPool.commonPool-worker-0] INFO  util.JmxRegister (JmxRegister.java:unregister(73)) - Successfully un-registered JMX Bean with object name Ratis:service=RaftServer,group=group-4A42DDB3E1D3,id=1c5e7e03-d60e-4e29-906a-a7b7ae931ec0
2022-01-24 18:05:43,543 [ForkJoinPool.commonPool-worker-0] INFO  impl.RoleInfo (RoleInfo.java:shutdownLeaderState(91)) - 1c5e7e03-d60e-4e29-906a-a7b7ae931ec0: shutdown 1c5e7e03-d60e-4e29-906a-a7b7ae931ec0@group-4A42DDB3E1D3-LeaderStateImpl
2022-01-24 18:05:43,543 [ForkJoinPool.commonPool-worker-0] INFO  impl.PendingRequests (PendingRequests.java:sendNotLeaderResponses(282)) - 1c5e7e03-d60e-4e29-906a-a7b7ae931ec0@group-4A42DDB3E1D3-PendingRequests: sendNotLeaderResponses
2022-01-24 18:05:43,543 [1c5e7e03-d60e-4e29-906a-a7b7ae931ec0@group-4A42DDB3E1D3->40200fd9-271f-46a5-82e6-85afe20bb727-GrpcLogAppender-LogAppenderDaemon] WARN  server.GrpcLogAppender (GrpcLogAppender.java:mayWait(177)) - 1c5e7e03-d60e-4e29-906a-a7b7ae931ec0@group-4A42DDB3E1D3->40200fd9-271f-46a5-82e6-85afe20bb727-GrpcLogAppender: Wait interrupted by java.lang.InterruptedException
2022-01-24 18:05:43,543 [grpc-default-executor-3] INFO  server.GrpcServerProtocolService (GrpcServerProtocolService.java:onCompleted(140)) - 40200fd9-271f-46a5-82e6-85afe20bb727: Completed APPEND_ENTRIES, lastRequest: 1c5e7e03-d60e-4e29-906a-a7b7ae931ec0->40200fd9-271f-46a5-82e6-85afe20bb727#9-t5,previous=(t:5, i:1),leaderCommit=1,initializing? true,entries: size=1, first=(t:5, i:2), METADATAENTRY(c:1)
2022-01-24 18:05:43,545 [ForkJoinPool.commonPool-worker-0] INFO  impl.StateMachineUpdater (StateMachineUpdater.java:stopAndJoin(149)) - 1c5e7e03-d60e-4e29-906a-a7b7ae931ec0@group-4A42DDB3E1D3-StateMachineUpdater: set stopIndex = 2
2022-01-24 18:05:43,546 [1c5e7e03-d60e-4e29-906a-a7b7ae931ec0@group-4A42DDB3E1D3-StateMachineUpdater] INFO  ratis.ContainerStateMachine (ContainerStateMachine.java:takeSnapshot(299)) - group-4A42DDB3E1D3: Taking a snapshot at:(t:5, i:2) file /home/runner/work/ozone/ozone/hadoop-ozone/integration-test/target/test-dir/MiniOzoneClusterImpl-aa639c69-f9d2-45b5-aeae-2a5a4e0b395a/datanode-2/data/ratis/a8873472-a4b0-431b-95d4-4a42ddb3e1d3/sm/snapshot.5_2
2022-01-24 18:05:43,546 [1c5e7e03-d60e-4e29-906a-a7b7ae931ec0@group-4A42DDB3E1D3-StateMachineUpdater] INFO  ratis.ContainerStateMachine (ContainerStateMachine.java:takeSnapshot(310)) - group-4A42DDB3E1D3: Finished taking a snapshot at:(t:5, i:2) file:/home/runner/work/ozone/ozone/hadoop-ozone/integration-test/target/test-dir/MiniOzoneClusterImpl-aa639c69-f9d2-45b5-aeae-2a5a4e0b395a/datanode-2/data/ratis/a8873472-a4b0-431b-95d4-4a42ddb3e1d3/sm/snapshot.5_2 took: 1 ms
2022-01-24 18:05:43,547 [1c5e7e03-d60e-4e29-906a-a7b7ae931ec0@group-4A42DDB3E1D3-StateMachineUpdater] INFO  impl.StateMachineUpdater (StateMachineUpdater.java:takeSnapshot(281)) - 1c5e7e03-d60e-4e29-906a-a7b7ae931ec0@group-4A42DDB3E1D3-StateMachineUpdater: Took a snapshot at index 2
2022-01-24 18:05:43,547 [1c5e7e03-d60e-4e29-906a-a7b7ae931ec0@group-4A42DDB3E1D3-StateMachineUpdater] INFO  impl.StateMachineUpdater (StateMachineUpdater.java:lambda$new$0(89)) - 1c5e7e03-d60e-4e29-906a-a7b7ae931ec0@group-4A42DDB3E1D3-StateMachineUpdater: snapshotIndex: updateIncreasingly -1 -> 2
2022-01-24 18:05:43,547 [ForkJoinPool.commonPool-worker-0] INFO  server.RaftServer$Division (ServerState.java:close(419)) - 1c5e7e03-d60e-4e29-906a-a7b7ae931ec0@group-4A42DDB3E1D3: closes. applyIndex: 2
2022-01-24 18:05:43,547 [1c5e7e03-d60e-4e29-906a-a7b7ae931ec0@group-4A42DDB3E1D3-SegmentedRaftLogWorker] INFO  segmented.SegmentedRaftLogWorker (SegmentedRaftLogWorker.java:run(327)) - 1c5e7e03-d60e-4e29-906a-a7b7ae931ec0@group-4A42DDB3E1D3-SegmentedRaftLogWorker was interrupted, exiting. There are 0 tasks remaining in the queue.
2022-01-24 18:05:43,547 [ForkJoinPool.commonPool-worker-0] INFO  segmented.SegmentedRaftLogWorker (SegmentedRaftLogWorker.java:close(237)) - 1c5e7e03-d60e-4e29-906a-a7b7ae931ec0@group-4A42DDB3E1D3-SegmentedRaftLogWorker close()
2022-01-24 18:05:43,548 [ForkJoinPool.commonPool-worker-0] INFO  server.RaftServer$Division (RaftServerImpl.java:lambda$close$4(412)) - 1c5e7e03-d60e-4e29-906a-a7b7ae931ec0@group-16119EBFA722: shutdown
2022-01-24 18:05:43,548 [ForkJoinPool.commonPool-worker-0] INFO  util.JmxRegister (JmxRegister.java:unregister(73)) - Successfully un-registered JMX Bean with object name Ratis:service=RaftServer,group=group-16119EBFA722,id=1c5e7e03-d60e-4e29-906a-a7b7ae931ec0
2022-01-24 18:05:43,548 [ForkJoinPool.commonPool-worker-0] INFO  impl.RoleInfo (RoleInfo.java:shutdownFollowerState(108)) - 1c5e7e03-d60e-4e29-906a-a7b7ae931ec0: shutdown 1c5e7e03-d60e-4e29-906a-a7b7ae931ec0@group-16119EBFA722-FollowerState
2022-01-24 18:05:43,548 [1c5e7e03-d60e-4e29-906a-a7b7ae931ec0@group-16119EBFA722-FollowerState] INFO  impl.FollowerState (FollowerState.java:run(143)) - 1c5e7e03-d60e-4e29-906a-a7b7ae931ec0@group-16119EBFA722-FollowerState was interrupted: {}
java.lang.InterruptedException: sleep interrupted
	at java.lang.Thread.sleep(Native Method)
	at java.lang.Thread.sleep(Thread.java:340)
	at java.util.concurrent.TimeUnit.sleep(TimeUnit.java:386)
	at org.apache.ratis.util.TimeDuration.sleep(TimeDuration.java:324)
	at org.apache.ratis.util.TimeDuration.sleep(TimeDuration.java:309)
	at org.apache.ratis.server.impl.FollowerState.run(FollowerState.java:118)
2022-01-24 18:05:43,549 [ForkJoinPool.commonPool-worker-0] INFO  impl.StateMachineUpdater (StateMachineUpdater.java:stopAndJoin(149)) - 1c5e7e03-d60e-4e29-906a-a7b7ae931ec0@group-16119EBFA722-StateMachineUpdater: set stopIndex = 2
2022-01-24 18:05:43,549 [1c5e7e03-d60e-4e29-906a-a7b7ae931ec0@group-16119EBFA722-StateMachineUpdater] INFO  ratis.ContainerStateMachine (ContainerStateMachine.java:takeSnapshot(299)) - group-16119EBFA722: Taking a snapshot at:(t:3, i:2) file /home/runner/work/ozone/ozone/hadoop-ozone/integration-test/target/test-dir/MiniOzoneClusterImpl-aa639c69-f9d2-45b5-aeae-2a5a4e0b395a/datanode-2/data/ratis/557284a3-31df-4f38-8c53-16119ebfa722/sm/snapshot.3_2
2022-01-24 18:05:43,578 [grpc-default-executor-6] INFO  server.GrpcLogAppender (GrpcLogAppender.java:onCompleted(346)) - 1c5e7e03-d60e-4e29-906a-a7b7ae931ec0@group-4A42DDB3E1D3->40200fd9-271f-46a5-82e6-85afe20bb727-AppendLogResponseHandler: follower responses appendEntries COMPLETED
2022-01-24 18:05:43,578 [grpc-default-executor-6] INFO  leader.FollowerInfo (FollowerInfoImpl.java:lambda$new$0(47)) - 1c5e7e03-d60e-4e29-906a-a7b7ae931ec0@group-4A42DDB3E1D3->40200fd9-271f-46a5-82e6-85afe20bb727: nextIndex: updateUnconditionally 3 -> 2
2022-01-24 18:05:43,578 [1c5e7e03-d60e-4e29-906a-a7b7ae931ec0@group-16119EBFA722-StateMachineUpdater] INFO  ratis.ContainerStateMachine (ContainerStateMachine.java:takeSnapshot(310)) - group-16119EBFA722: Finished taking a snapshot at:(t:3, i:2) file:/home/runner/work/ozone/ozone/hadoop-ozone/integration-test/target/test-dir/MiniOzoneClusterImpl-aa639c69-f9d2-45b5-aeae-2a5a4e0b395a/datanode-2/data/ratis/557284a3-31df-4f38-8c53-16119ebfa722/sm/snapshot.3_2 took: 30 ms
2022-01-24 18:05:43,579 [1c5e7e03-d60e-4e29-906a-a7b7ae931ec0@group-16119EBFA722-StateMachineUpdater] INFO  impl.StateMachineUpdater (StateMachineUpdater.java:takeSnapshot(281)) - 1c5e7e03-d60e-4e29-906a-a7b7ae931ec0@group-16119EBFA722-StateMachineUpdater: Took a snapshot at index 2
2022-01-24 18:05:43,579 [1c5e7e03-d60e-4e29-906a-a7b7ae931ec0@group-16119EBFA722-StateMachineUpdater] INFO  impl.StateMachineUpdater (StateMachineUpdater.java:lambda$new$0(89)) - 1c5e7e03-d60e-4e29-906a-a7b7ae931ec0@group-16119EBFA722-StateMachineUpdater: snapshotIndex: updateIncreasingly -1 -> 2
2022-01-24 18:05:43,579 [ForkJoinPool.commonPool-worker-0] INFO  server.RaftServer$Division (ServerState.java:close(419)) - 1c5e7e03-d60e-4e29-906a-a7b7ae931ec0@group-16119EBFA722: closes. applyIndex: 2
2022-01-24 18:05:43,579 [1c5e7e03-d60e-4e29-906a-a7b7ae931ec0@group-16119EBFA722-SegmentedRaftLogWorker] INFO  segmented.SegmentedRaftLogWorker (SegmentedRaftLogWorker.java:run(327)) - 1c5e7e03-d60e-4e29-906a-a7b7ae931ec0@group-16119EBFA722-SegmentedRaftLogWorker was interrupted, exiting. There are 0 tasks remaining in the queue.
2022-01-24 18:05:43,581 [ForkJoinPool.commonPool-worker-0] INFO  segmented.SegmentedRaftLogWorker (SegmentedRaftLogWorker.java:close(237)) - 1c5e7e03-d60e-4e29-906a-a7b7ae931ec0@group-16119EBFA722-SegmentedRaftLogWorker close()
2022-01-24 18:05:43,582 [ForkJoinPool.commonPool-worker-0] INFO  server.GrpcService (GrpcService.java:closeImpl(262)) - 1c5e7e03-d60e-4e29-906a-a7b7ae931ec0: shutdown server with port 37847 now
2022-01-24 18:05:43,586 [grpc-default-executor-6] WARN  server.GrpcServerProtocolService (LogUtils.java:warn(122)) - 1c5e7e03-d60e-4e29-906a-a7b7ae931ec0: installSnapshot onError, lastRequest: 40200fd9-271f-46a5-82e6-85afe20bb727->1c5e7e03-d60e-4e29-906a-a7b7ae931ec0#2-t3,previous=(t:3, i:1),leaderCommit=1,initializing? true,entries: size=1, first=(t:3, i:2), METADATAENTRY(c:1): org.apache.ratis.thirdparty.io.grpc.StatusRuntimeException: CANCELLED: client cancelled
2022-01-24 18:05:43,587 [ForkJoinPool.commonPool-worker-0] INFO  server.GrpcService (GrpcService.java:closeImpl(271)) - 1c5e7e03-d60e-4e29-906a-a7b7ae931ec0: shutdown server with port 37847 successfully
2022-01-24 18:05:43,587 [org.apache.ratis.util.JvmPauseMonitor$$Lambda$431/1963060215@f136bc1] INFO  util.JvmPauseMonitor (JvmPauseMonitor.java:run(109)) - JvmPauseMonitor-1c5e7e03-d60e-4e29-906a-a7b7ae931ec0: Stopped
2022-01-24 18:05:43,587 [grpc-default-executor-4] WARN  server.GrpcLogAppender (LogUtils.java:warn(122)) - 40200fd9-271f-46a5-82e6-85afe20bb727@group-16119EBFA722->1c5e7e03-d60e-4e29-906a-a7b7ae931ec0-AppendLogResponseHandler: Failed appendEntries: org.apache.ratis.thirdparty.io.grpc.StatusRuntimeException: CANCELLED: HTTP/2 error code: CANCEL
Received Rst Stream
2022-01-24 18:05:43,587 [grpc-default-executor-4] INFO  leader.FollowerInfo (FollowerInfoImpl.java:lambda$new$0(47)) - 40200fd9-271f-46a5-82e6-85afe20bb727@group-16119EBFA722->1c5e7e03-d60e-4e29-906a-a7b7ae931ec0: nextIndex: updateUnconditionally 3 -> 2
2022-01-24 18:05:43,597 [1c5e7e03-d60e-4e29-906a-a7b7ae931ec0@group-4A42DDB3E1D3->08efc83e-84e2-40a1-a562-910b2e2f8a64-GrpcLogAppender-LogAppenderDaemon] WARN  server.GrpcLogAppender (GrpcLogAppender.java:mayWait(177)) - 1c5e7e03-d60e-4e29-906a-a7b7ae931ec0@group-4A42DDB3E1D3->08efc83e-84e2-40a1-a562-910b2e2f8a64-GrpcLogAppender: Wait interrupted by java.lang.InterruptedException
2022-01-24 18:05:43,618 [grpc-default-executor-5] WARN  server.GrpcLogAppender (LogUtils.java:warn(122)) - 40200fd9-271f-46a5-82e6-85afe20bb727@group-16119EBFA722->1c5e7e03-d60e-4e29-906a-a7b7ae931ec0-AppendLogResponseHandler: Failed appendEntries: org.apache.ratis.thirdparty.io.grpc.StatusRuntimeException: UNAVAILABLE: io exception
2022-01-24 18:05:43,619 [grpc-default-executor-5] INFO  leader.FollowerInfo (FollowerInfoImpl.java:lambda$new$0(47)) - 40200fd9-271f-46a5-82e6-85afe20bb727@group-16119EBFA722->1c5e7e03-d60e-4e29-906a-a7b7ae931ec0: nextIndex: updateUnconditionally 3 -> 2
2022-01-24 18:05:43,632 [grpc-default-executor-5] WARN  server.GrpcLogAppender (LogUtils.java:warn(122)) - 40200fd9-271f-46a5-82e6-85afe20bb727@group-16119EBFA722->08efc83e-84e2-40a1-a562-910b2e2f8a64-AppendLogResponseHandler: Failed appendEntries: org.apache.ratis.thirdparty.io.grpc.StatusRuntimeException: UNAVAILABLE: io exception
2022-01-24 18:05:43,632 [grpc-default-executor-5] WARN  server.GrpcLogAppender (GrpcLogAppender.java:resetClient(110)) - 40200fd9-271f-46a5-82e6-85afe20bb727@group-16119EBFA722->08efc83e-84e2-40a1-a562-910b2e2f8a64-GrpcLogAppender: Leader has not got in touch with Follower 40200fd9-271f-46a5-82e6-85afe20bb727@group-16119EBFA722->08efc83e-84e2-40a1-a562-910b2e2f8a64(c-1,m0,n3, attendVote=true, lastRpcSendTime=0, lastRpcResponseTime=12921) yet, just keep nextIndex unchanged and retry.
2022-01-24 18:05:45,039 [grpc-default-executor-5] WARN  server.GrpcLogAppender (LogUtils.java:warn(122)) - c189953c-19e1-459b-9255-7173c2cde622@group-FE0586866A31->9fc6c589-e101-4b7c-8c44-590da935f0a3-AppendLogResponseHandler: Failed appendEntries: org.apache.ratis.thirdparty.io.grpc.StatusRuntimeException: UNAVAILABLE: io exception
2022-01-24 18:05:45,039 [grpc-default-executor-5] WARN  server.GrpcLogAppender (GrpcLogAppender.java:resetClient(110)) - c189953c-19e1-459b-9255-7173c2cde622@group-FE0586866A31->9fc6c589-e101-4b7c-8c44-590da935f0a3-GrpcLogAppender: Leader has not got in touch with Follower c189953c-19e1-459b-9255-7173c2cde622@group-FE0586866A31->9fc6c589-e101-4b7c-8c44-590da935f0a3(c0,m0,n1, attendVote=true, lastRpcSendTime=0, lastRpcResponseTime=12541) yet, just keep nextIndex unchanged and retry.
2022-01-24 18:05:45,068 [grpc-default-executor-5] WARN  server.GrpcLogAppender (LogUtils.java:warn(122)) - c189953c-19e1-459b-9255-7173c2cde622@group-FE0586866A31->109b74c6-5970-42d9-b999-0985bb35528b-AppendLogResponseHandler: Failed appendEntries: org.apache.ratis.thirdparty.io.grpc.StatusRuntimeException: UNAVAILABLE: io exception
2022-01-24 18:05:45,073 [grpc-default-executor-5] WARN  server.GrpcLogAppender (GrpcLogAppender.java:resetClient(110)) - c189953c-19e1-459b-9255-7173c2cde622@group-FE0586866A31->109b74c6-5970-42d9-b999-0985bb35528b-GrpcLogAppender: Leader has not got in touch with Follower c189953c-19e1-459b-9255-7173c2cde622@group-FE0586866A31->109b74c6-5970-42d9-b999-0985bb35528b(c0,m0,n1, attendVote=true, lastRpcSendTime=4, lastRpcResponseTime=2522) yet, just keep nextIndex unchanged and retry.
2022-01-24 18:05:45,529 [Listener at 127.0.0.1/42611] INFO  utils.BackgroundService (BackgroundService.java:shutdown(132)) - Shutting down service BlockDeletingService
2022-01-24 18:05:45,691 [ForkJoinPool.commonPool-worker-0] INFO  utils.BackgroundService (BackgroundService.java:shutdown(132)) - Shutting down service BlockDeletingService
2022-01-24 18:05:46,118 [grpc-default-executor-5] WARN  server.GrpcLogAppender (LogUtils.java:warn(122)) - 40200fd9-271f-46a5-82e6-85afe20bb727@group-16119EBFA722->1c5e7e03-d60e-4e29-906a-a7b7ae931ec0-AppendLogResponseHandler: Failed appendEntries: org.apache.ratis.thirdparty.io.grpc.StatusRuntimeException: UNAVAILABLE: io exception
2022-01-24 18:05:46,119 [grpc-default-executor-5] INFO  leader.FollowerInfo (FollowerInfoImpl.java:lambda$new$0(47)) - 40200fd9-271f-46a5-82e6-85afe20bb727@group-16119EBFA722->1c5e7e03-d60e-4e29-906a-a7b7ae931ec0: nextIndex: updateUnconditionally 3 -> 2
2022-01-24 18:05:46,149 [grpc-default-executor-5] WARN  server.GrpcLogAppender (LogUtils.java:warn(122)) - 40200fd9-271f-46a5-82e6-85afe20bb727@group-16119EBFA722->08efc83e-84e2-40a1-a562-910b2e2f8a64-AppendLogResponseHandler: Failed appendEntries: org.apache.ratis.thirdparty.io.grpc.StatusRuntimeException: UNAVAILABLE: io exception
2022-01-24 18:05:46,150 [grpc-default-executor-5] WARN  server.GrpcLogAppender (GrpcLogAppender.java:resetClient(110)) - 40200fd9-271f-46a5-82e6-85afe20bb727@group-16119EBFA722->08efc83e-84e2-40a1-a562-910b2e2f8a64-GrpcLogAppender: Leader has not got in touch with Follower 40200fd9-271f-46a5-82e6-85afe20bb727@group-16119EBFA722->08efc83e-84e2-40a1-a562-910b2e2f8a64(c-1,m0,n3, attendVote=true, lastRpcSendTime=2518, lastRpcResponseTime=15439) yet, just keep nextIndex unchanged and retry.
2022-01-24 18:05:46,523 [40200fd9-271f-46a5-82e6-85afe20bb727@group-16119EBFA722-LeaderStateImpl] WARN  server.RaftServer$Division (LeaderStateImpl.java:checkLeadership(974)) - 40200fd9-271f-46a5-82e6-85afe20bb727@group-16119EBFA722-LeaderStateImpl: Lost leadership on term: 3. Election timeout: 5200ms. In charge for: 10613ms. Conf: 1: [1c5e7e03-d60e-4e29-906a-a7b7ae931ec0|rpc:10.1.0.60:37847|dataStream:|priority:0, 08efc83e-84e2-40a1-a562-910b2e2f8a64|rpc:10.1.0.60:33205|dataStream:|priority:1, 40200fd9-271f-46a5-82e6-85afe20bb727|rpc:10.1.0.60:33665|dataStream:|priority:0], old=null
2022-01-24 18:05:46,523 [40200fd9-271f-46a5-82e6-85afe20bb727@group-16119EBFA722-LeaderStateImpl] WARN  server.RaftServer$Division (LeaderStateImpl.java:lambda$checkLeadership$15(978)) - Follower 40200fd9-271f-46a5-82e6-85afe20bb727@group-16119EBFA722->1c5e7e03-d60e-4e29-906a-a7b7ae931ec0(c2,m2,n2, attendVote=true, lastRpcSendTime=404, lastRpcResponseTime=5322)
2022-01-24 18:05:46,523 [40200fd9-271f-46a5-82e6-85afe20bb727@group-16119EBFA722-LeaderStateImpl] WARN  server.RaftServer$Division (LeaderStateImpl.java:lambda$checkLeadership$15(978)) - Follower 40200fd9-271f-46a5-82e6-85afe20bb727@group-16119EBFA722->08efc83e-84e2-40a1-a562-910b2e2f8a64(c-1,m0,n3, attendVote=true, lastRpcSendTime=372, lastRpcResponseTime=15812)
2022-01-24 18:05:46,523 [40200fd9-271f-46a5-82e6-85afe20bb727@group-16119EBFA722-LeaderStateImpl] INFO  server.RaftServer$Division (RaftServerImpl.java:setRole(290)) - 40200fd9-271f-46a5-82e6-85afe20bb727@group-16119EBFA722: changes role from    LEADER to FOLLOWER at term 3 for StepDownReason:LOST_MAJORITY_HEARTBEATS
2022-01-24 18:05:46,523 [40200fd9-271f-46a5-82e6-85afe20bb727@group-16119EBFA722-LeaderStateImpl] INFO  impl.RoleInfo (RoleInfo.java:shutdownLeaderState(91)) - 40200fd9-271f-46a5-82e6-85afe20bb727: shutdown 40200fd9-271f-46a5-82e6-85afe20bb727@group-16119EBFA722-LeaderStateImpl
2022-01-24 18:05:46,523 [40200fd9-271f-46a5-82e6-85afe20bb727@group-16119EBFA722-LeaderStateImpl] INFO  impl.PendingRequests (PendingRequests.java:sendNotLeaderResponses(282)) - 40200fd9-271f-46a5-82e6-85afe20bb727@group-16119EBFA722-PendingRequests: sendNotLeaderResponses
2022-01-24 18:05:46,525 [40200fd9-271f-46a5-82e6-85afe20bb727@group-16119EBFA722-LeaderStateImpl] INFO  impl.RoleInfo (RoleInfo.java:updateAndGet(130)) - 40200fd9-271f-46a5-82e6-85afe20bb727: start 40200fd9-271f-46a5-82e6-85afe20bb727@group-16119EBFA722-FollowerState
2022-01-24 18:05:46,551 [40200fd9-271f-46a5-82e6-85afe20bb727@group-16119EBFA722->1c5e7e03-d60e-4e29-906a-a7b7ae931ec0-GrpcLogAppender-LogAppenderDaemon] WARN  server.GrpcLogAppender (GrpcLogAppender.java:mayWait(177)) - 40200fd9-271f-46a5-82e6-85afe20bb727@group-16119EBFA722->1c5e7e03-d60e-4e29-906a-a7b7ae931ec0-GrpcLogAppender: Wait interrupted by java.lang.InterruptedException
2022-01-24 18:05:46,807 [40200fd9-271f-46a5-82e6-85afe20bb727@group-4A42DDB3E1D3-FollowerState] INFO  impl.FollowerState (FollowerState.java:run(134)) - 40200fd9-271f-46a5-82e6-85afe20bb727@group-4A42DDB3E1D3-FollowerState: change to CANDIDATE, lastRpcElapsedTime:5320721369ns, electionTimeout:5123ms
2022-01-24 18:05:46,807 [40200fd9-271f-46a5-82e6-85afe20bb727@group-4A42DDB3E1D3-FollowerState] INFO  impl.RoleInfo (RoleInfo.java:shutdownFollowerState(108)) - 40200fd9-271f-46a5-82e6-85afe20bb727: shutdown 40200fd9-271f-46a5-82e6-85afe20bb727@group-4A42DDB3E1D3-FollowerState
2022-01-24 18:05:46,808 [40200fd9-271f-46a5-82e6-85afe20bb727@group-4A42DDB3E1D3-FollowerState] INFO  server.RaftServer$Division (RaftServerImpl.java:setRole(290)) - 40200fd9-271f-46a5-82e6-85afe20bb727@group-4A42DDB3E1D3: changes role from  FOLLOWER to CANDIDATE at term 5 for changeToCandidate
2022-01-24 18:05:46,808 [40200fd9-271f-46a5-82e6-85afe20bb727@group-4A42DDB3E1D3-FollowerState] INFO  server.RaftServerConfigKeys (ConfUtils.java:logGet(44)) - raft.server.leaderelection.pre-vote = false (custom)
2022-01-24 18:05:46,808 [40200fd9-271f-46a5-82e6-85afe20bb727@group-4A42DDB3E1D3-FollowerState] INFO  impl.RoleInfo (RoleInfo.java:updateAndGet(130)) - 40200fd9-271f-46a5-82e6-85afe20bb727: start 40200fd9-271f-46a5-82e6-85afe20bb727@group-4A42DDB3E1D3-LeaderElection58
2022-01-24 18:05:46,837 [40200fd9-271f-46a5-82e6-85afe20bb727@group-4A42DDB3E1D3-LeaderElection58] INFO  server.RaftServer$Division (ServerState.java:setLeader(285)) - 40200fd9-271f-46a5-82e6-85afe20bb727@group-4A42DDB3E1D3: change Leader from 1c5e7e03-d60e-4e29-906a-a7b7ae931ec0 to null at term 5 for ELECTION
2022-01-24 18:05:46,858 [40200fd9-271f-46a5-82e6-85afe20bb727@group-4A42DDB3E1D3-LeaderElection58] INFO  impl.LeaderElection (LeaderElection.java:askForVotes(306)) - 40200fd9-271f-46a5-82e6-85afe20bb727@group-4A42DDB3E1D3-LeaderElection58 ELECTION round 0: submit vote requests at term 6 for 1: [1c5e7e03-d60e-4e29-906a-a7b7ae931ec0|rpc:10.1.0.60:37847|dataStream:|priority:1, 08efc83e-84e2-40a1-a562-910b2e2f8a64|rpc:10.1.0.60:33205|dataStream:|priority:0, 40200fd9-271f-46a5-82e6-85afe20bb727|rpc:10.1.0.60:33665|dataStream:|priority:0], old=null
2022-01-24 18:05:46,885 [40200fd9-271f-46a5-82e6-85afe20bb727@group-4A42DDB3E1D3-LeaderElection58] INFO  impl.LeaderElection (LogUtils.java:infoOrTrace(137)) - 40200fd9-271f-46a5-82e6-85afe20bb727@group-4A42DDB3E1D3-LeaderElection58 got exception when requesting votes: java.util.concurrent.ExecutionException: org.apache.ratis.thirdparty.io.grpc.StatusRuntimeException: UNAVAILABLE: io exception
2022-01-24 18:05:46,887 [40200fd9-271f-46a5-82e6-85afe20bb727@group-4A42DDB3E1D3-LeaderElection58] INFO  impl.LeaderElection (LogUtils.java:infoOrTrace(137)) - 40200fd9-271f-46a5-82e6-85afe20bb727@group-4A42DDB3E1D3-LeaderElection58 got exception when requesting votes: java.util.concurrent.ExecutionException: org.apache.ratis.thirdparty.io.grpc.StatusRuntimeException: UNAVAILABLE: io exception
2022-01-24 18:05:46,887 [40200fd9-271f-46a5-82e6-85afe20bb727@group-4A42DDB3E1D3-LeaderElection58] INFO  impl.LeaderElection (LeaderElection.java:logAndReturn(89)) - 40200fd9-271f-46a5-82e6-85afe20bb727@group-4A42DDB3E1D3-LeaderElection58: ELECTION REJECTED received 0 response(s) and 2 exception(s):
2022-01-24 18:05:46,887 [40200fd9-271f-46a5-82e6-85afe20bb727@group-4A42DDB3E1D3-LeaderElection58] INFO  impl.LeaderElection (LogUtils.java:infoOrTrace(137)) -   Exception 0: java.util.concurrent.ExecutionException: org.apache.ratis.thirdparty.io.grpc.StatusRuntimeException: UNAVAILABLE: io exception
2022-01-24 18:05:46,887 [40200fd9-271f-46a5-82e6-85afe20bb727@group-4A42DDB3E1D3-LeaderElection58] INFO  impl.LeaderElection (LogUtils.java:infoOrTrace(137)) -   Exception 1: java.util.concurrent.ExecutionException: org.apache.ratis.thirdparty.io.grpc.StatusRuntimeException: UNAVAILABLE: io exception
2022-01-24 18:05:46,887 [40200fd9-271f-46a5-82e6-85afe20bb727@group-4A42DDB3E1D3-LeaderElection58] INFO  impl.LeaderElection (LeaderElection.java:askForVotes(308)) - 40200fd9-271f-46a5-82e6-85afe20bb727@group-4A42DDB3E1D3-LeaderElection58 ELECTION round 0: result REJECTED
2022-01-24 18:05:46,887 [40200fd9-271f-46a5-82e6-85afe20bb727@group-4A42DDB3E1D3-LeaderElection58] INFO  server.RaftServer$Division (RaftServerImpl.java:setRole(290)) - 40200fd9-271f-46a5-82e6-85afe20bb727@group-4A42DDB3E1D3: changes role from CANDIDATE to FOLLOWER at term 6 for REJECTED
2022-01-24 18:05:46,887 [40200fd9-271f-46a5-82e6-85afe20bb727@group-4A42DDB3E1D3-LeaderElection58] INFO  impl.RoleInfo (RoleInfo.java:shutdownLeaderElection(121)) - 40200fd9-271f-46a5-82e6-85afe20bb727: shutdown 40200fd9-271f-46a5-82e6-85afe20bb727@group-4A42DDB3E1D3-LeaderElection58
2022-01-24 18:05:46,887 [40200fd9-271f-46a5-82e6-85afe20bb727@group-4A42DDB3E1D3-LeaderElection58] INFO  impl.RoleInfo (RoleInfo.java:updateAndGet(130)) - 40200fd9-271f-46a5-82e6-85afe20bb727: start 40200fd9-271f-46a5-82e6-85afe20bb727@group-4A42DDB3E1D3-FollowerState
2022-01-24 18:05:47,551 [grpc-default-executor-5] WARN  server.GrpcLogAppender (LogUtils.java:warn(122)) - c189953c-19e1-459b-9255-7173c2cde622@group-FE0586866A31->9fc6c589-e101-4b7c-8c44-590da935f0a3-AppendLogResponseHandler: Failed appendEntries: org.apache.ratis.thirdparty.io.grpc.StatusRuntimeException: UNAVAILABLE: io exception
2022-01-24 18:05:47,552 [grpc-default-executor-5] WARN  server.GrpcLogAppender (GrpcLogAppender.java:resetClient(110)) - c189953c-19e1-459b-9255-7173c2cde622@group-FE0586866A31->9fc6c589-e101-4b7c-8c44-590da935f0a3-GrpcLogAppender: Leader has not got in touch with Follower c189953c-19e1-459b-9255-7173c2cde622@group-FE0586866A31->9fc6c589-e101-4b7c-8c44-590da935f0a3(c0,m0,n1, attendVote=true, lastRpcSendTime=0, lastRpcResponseTime=15054) yet, just keep nextIndex unchanged and retry.
2022-01-24 18:05:47,569 [grpc-default-executor-5] WARN  server.GrpcLogAppender (LogUtils.java:warn(122)) - c189953c-19e1-459b-9255-7173c2cde622@group-FE0586866A31->109b74c6-5970-42d9-b999-0985bb35528b-AppendLogResponseHandler: Failed appendEntries: org.apache.ratis.thirdparty.io.grpc.StatusRuntimeException: UNAVAILABLE: io exception
2022-01-24 18:05:47,570 [grpc-default-executor-5] WARN  server.GrpcLogAppender (GrpcLogAppender.java:resetClient(110)) - c189953c-19e1-459b-9255-7173c2cde622@group-FE0586866A31->109b74c6-5970-42d9-b999-0985bb35528b-GrpcLogAppender: Leader has not got in touch with Follower c189953c-19e1-459b-9255-7173c2cde622@group-FE0586866A31->109b74c6-5970-42d9-b999-0985bb35528b(c0,m0,n1, attendVote=true, lastRpcSendTime=0, lastRpcResponseTime=5019) yet, just keep nextIndex unchanged and retry.
2022-01-24 18:05:47,814 [c189953c-19e1-459b-9255-7173c2cde622@group-A7FA955D15D6-FollowerState] INFO  impl.FollowerState (FollowerState.java:run(134)) - c189953c-19e1-459b-9255-7173c2cde622@group-A7FA955D15D6-FollowerState: change to CANDIDATE, lastRpcElapsedTime:5088813142ns, electionTimeout:5080ms
2022-01-24 18:05:47,814 [c189953c-19e1-459b-9255-7173c2cde622@group-A7FA955D15D6-FollowerState] INFO  impl.RoleInfo (RoleInfo.java:shutdownFollowerState(108)) - c189953c-19e1-459b-9255-7173c2cde622: shutdown c189953c-19e1-459b-9255-7173c2cde622@group-A7FA955D15D6-FollowerState
2022-01-24 18:05:47,814 [c189953c-19e1-459b-9255-7173c2cde622@group-A7FA955D15D6-FollowerState] INFO  server.RaftServer$Division (RaftServerImpl.java:setRole(290)) - c189953c-19e1-459b-9255-7173c2cde622@group-A7FA955D15D6: changes role from  FOLLOWER to CANDIDATE at term 2 for changeToCandidate
2022-01-24 18:05:47,814 [c189953c-19e1-459b-9255-7173c2cde622@group-A7FA955D15D6-FollowerState] INFO  server.RaftServerConfigKeys (ConfUtils.java:logGet(44)) - raft.server.leaderelection.pre-vote = false (custom)
2022-01-24 18:05:47,814 [c189953c-19e1-459b-9255-7173c2cde622@group-A7FA955D15D6-FollowerState] INFO  impl.RoleInfo (RoleInfo.java:updateAndGet(130)) - c189953c-19e1-459b-9255-7173c2cde622: start c189953c-19e1-459b-9255-7173c2cde622@group-A7FA955D15D6-LeaderElection59
2022-01-24 18:05:47,826 [c189953c-19e1-459b-9255-7173c2cde622@group-A7FA955D15D6-LeaderElection59] INFO  server.RaftServer$Division (ServerState.java:setLeader(285)) - c189953c-19e1-459b-9255-7173c2cde622@group-A7FA955D15D6: change Leader from 109b74c6-5970-42d9-b999-0985bb35528b to null at term 2 for ELECTION
2022-01-24 18:05:47,827 [c189953c-19e1-459b-9255-7173c2cde622@group-A7FA955D15D6-LeaderElection59] INFO  impl.LeaderElection (LeaderElection.java:askForVotes(306)) - c189953c-19e1-459b-9255-7173c2cde622@group-A7FA955D15D6-LeaderElection59 ELECTION round 0: submit vote requests at term 3 for 0: [9fc6c589-e101-4b7c-8c44-590da935f0a3|rpc:10.1.0.60:37269|dataStream:|priority:0, 109b74c6-5970-42d9-b999-0985bb35528b|rpc:10.1.0.60:34259|dataStream:|priority:1, c189953c-19e1-459b-9255-7173c2cde622|rpc:10.1.0.60:39667|dataStream:|priority:0], old=null
2022-01-24 18:05:47,837 [c189953c-19e1-459b-9255-7173c2cde622@group-A7FA955D15D6-LeaderElection59] INFO  impl.LeaderElection (LogUtils.java:infoOrTrace(137)) - c189953c-19e1-459b-9255-7173c2cde622@group-A7FA955D15D6-LeaderElection59 got exception when requesting votes: java.util.concurrent.ExecutionException: org.apache.ratis.thirdparty.io.grpc.StatusRuntimeException: UNAVAILABLE: io exception
2022-01-24 18:05:47,838 [c189953c-19e1-459b-9255-7173c2cde622@group-A7FA955D15D6-LeaderElection59] INFO  impl.LeaderElection (LogUtils.java:infoOrTrace(137)) - c189953c-19e1-459b-9255-7173c2cde622@group-A7FA955D15D6-LeaderElection59 got exception when requesting votes: java.util.concurrent.ExecutionException: org.apache.ratis.thirdparty.io.grpc.StatusRuntimeException: UNAVAILABLE: io exception
2022-01-24 18:05:47,838 [c189953c-19e1-459b-9255-7173c2cde622@group-A7FA955D15D6-LeaderElection59] INFO  impl.LeaderElection (LeaderElection.java:logAndReturn(89)) - c189953c-19e1-459b-9255-7173c2cde622@group-A7FA955D15D6-LeaderElection59: ELECTION REJECTED received 0 response(s) and 2 exception(s):
2022-01-24 18:05:47,838 [c189953c-19e1-459b-9255-7173c2cde622@group-A7FA955D15D6-LeaderElection59] INFO  impl.LeaderElection (LogUtils.java:infoOrTrace(137)) -   Exception 0: java.util.concurrent.ExecutionException: org.apache.ratis.thirdparty.io.grpc.StatusRuntimeException: UNAVAILABLE: io exception
2022-01-24 18:05:47,838 [c189953c-19e1-459b-9255-7173c2cde622@group-A7FA955D15D6-LeaderElection59] INFO  impl.LeaderElection (LogUtils.java:infoOrTrace(137)) -   Exception 1: java.util.concurrent.ExecutionException: org.apache.ratis.thirdparty.io.grpc.StatusRuntimeException: UNAVAILABLE: io exception
2022-01-24 18:05:47,838 [c189953c-19e1-459b-9255-7173c2cde622@group-A7FA955D15D6-LeaderElection59] INFO  impl.LeaderElection (LeaderElection.java:askForVotes(308)) - c189953c-19e1-459b-9255-7173c2cde622@group-A7FA955D15D6-LeaderElection59 ELECTION round 0: result REJECTED
2022-01-24 18:05:47,838 [c189953c-19e1-459b-9255-7173c2cde622@group-A7FA955D15D6-LeaderElection59] INFO  server.RaftServer$Division (RaftServerImpl.java:setRole(290)) - c189953c-19e1-459b-9255-7173c2cde622@group-A7FA955D15D6: changes role from CANDIDATE to FOLLOWER at term 3 for REJECTED
2022-01-24 18:05:47,838 [c189953c-19e1-459b-9255-7173c2cde622@group-A7FA955D15D6-LeaderElection59] INFO  impl.RoleInfo (RoleInfo.java:shutdownLeaderElection(121)) - c189953c-19e1-459b-9255-7173c2cde622: shutdown c189953c-19e1-459b-9255-7173c2cde622@group-A7FA955D15D6-LeaderElection59
2022-01-24 18:05:47,838 [c189953c-19e1-459b-9255-7173c2cde622@group-A7FA955D15D6-LeaderElection59] INFO  impl.RoleInfo (RoleInfo.java:updateAndGet(130)) - c189953c-19e1-459b-9255-7173c2cde622: start c189953c-19e1-459b-9255-7173c2cde622@group-A7FA955D15D6-FollowerState
2022-01-24 18:05:48,343 [c189953c-19e1-459b-9255-7173c2cde622@group-FE0586866A31-LeaderStateImpl] WARN  server.RaftServer$Division (LeaderStateImpl.java:checkLeadership(974)) - c189953c-19e1-459b-9255-7173c2cde622@group-FE0586866A31-LeaderStateImpl: Lost leadership on term: 3. Election timeout: 5200ms. In charge for: 26080ms. Conf: 0: [9fc6c589-e101-4b7c-8c44-590da935f0a3|rpc:10.1.0.60:37269|dataStream:|priority:0, 109b74c6-5970-42d9-b999-0985bb35528b|rpc:10.1.0.60:34259|dataStream:|priority:0, c189953c-19e1-459b-9255-7173c2cde622|rpc:10.1.0.60:39667|dataStream:|priority:1], old=null
2022-01-24 18:05:48,343 [c189953c-19e1-459b-9255-7173c2cde622@group-FE0586866A31-LeaderStateImpl] WARN  server.RaftServer$Division (LeaderStateImpl.java:lambda$checkLeadership$15(978)) - Follower c189953c-19e1-459b-9255-7173c2cde622@group-FE0586866A31->9fc6c589-e101-4b7c-8c44-590da935f0a3(c0,m0,n1, attendVote=true, lastRpcSendTime=792, lastRpcResponseTime=15845)
2022-01-24 18:05:48,343 [c189953c-19e1-459b-9255-7173c2cde622@group-FE0586866A31-LeaderStateImpl] WARN  server.RaftServer$Division (LeaderStateImpl.java:lambda$checkLeadership$15(978)) - Follower c189953c-19e1-459b-9255-7173c2cde622@group-FE0586866A31->109b74c6-5970-42d9-b999-0985bb35528b(c0,m0,n1, attendVote=true, lastRpcSendTime=774, lastRpcResponseTime=5793)
2022-01-24 18:05:48,343 [c189953c-19e1-459b-9255-7173c2cde622@group-FE0586866A31-LeaderStateImpl] INFO  server.RaftServer$Division (RaftServerImpl.java:setRole(290)) - c189953c-19e1-459b-9255-7173c2cde622@group-FE0586866A31: changes role from    LEADER to FOLLOWER at term 3 for StepDownReason:LOST_MAJORITY_HEARTBEATS
2022-01-24 18:05:48,344 [c189953c-19e1-459b-9255-7173c2cde622@group-FE0586866A31-LeaderStateImpl] INFO  impl.RoleInfo (RoleInfo.java:shutdownLeaderState(91)) - c189953c-19e1-459b-9255-7173c2cde622: shutdown c189953c-19e1-459b-9255-7173c2cde622@group-FE0586866A31-LeaderStateImpl
2022-01-24 18:05:48,344 [c189953c-19e1-459b-9255-7173c2cde622@group-FE0586866A31-LeaderStateImpl] INFO  impl.PendingRequests (PendingRequests.java:sendNotLeaderResponses(282)) - c189953c-19e1-459b-9255-7173c2cde622@group-FE0586866A31-PendingRequests: sendNotLeaderResponses
2022-01-24 18:05:48,344 [c189953c-19e1-459b-9255-7173c2cde622@group-FE0586866A31-LeaderStateImpl] INFO  impl.RoleInfo (RoleInfo.java:updateAndGet(130)) - c189953c-19e1-459b-9255-7173c2cde622: start c189953c-19e1-459b-9255-7173c2cde622@group-FE0586866A31-FollowerState
2022-01-24 18:05:48,563 [Listener at 127.0.0.1/42611] INFO  statemachine.DatanodeStateMachine (DatanodeStateMachine.java:stopDaemon(529)) - Ozone container server stopped.
2022-01-24 18:05:48,564 [Listener at 127.0.0.1/42611] INFO  handler.ContextHandler (ContextHandler.java:doStop(1153)) - Stopped o.e.j.w.WebAppContext@2f049534{hddsDatanode,/,null,STOPPED}{jar:file:/home/runner/.m2/repository/org/apache/ozone/hdds-container-service/1.3.0-SNAPSHOT/hdds-container-service-1.3.0-SNAPSHOT.jar!/webapps/hddsDatanode}
2022-01-24 18:05:48,566 [Listener at 127.0.0.1/42611] INFO  server.AbstractConnector (AbstractConnector.java:doStop(381)) - Stopped ServerConnector@6afe6edc{HTTP/1.1, (http/1.1)}{0.0.0.0:0}
2022-01-24 18:05:48,566 [Listener at 127.0.0.1/42611] INFO  server.session (HouseKeeper.java:stopScavenging(149)) - node0 Stopped scavenging
2022-01-24 18:05:48,566 [Listener at 127.0.0.1/42611] INFO  handler.ContextHandler (ContextHandler.java:doStop(1153)) - Stopped o.e.j.s.ServletContextHandler@42f2c86d{static,/static,jar:file:/home/runner/.m2/repository/org/apache/ozone/hdds-container-service/1.3.0-SNAPSHOT/hdds-container-service-1.3.0-SNAPSHOT.jar!/webapps/static,STOPPED}
2022-01-24 18:05:48,566 [Listener at 127.0.0.1/42611] INFO  handler.ContextHandler (ContextHandler.java:doStop(1153)) - Stopped o.e.j.s.ServletContextHandler@11982457{logs,/logs,file:///home/runner/work/ozone/ozone/hadoop-ozone/integration-test/target/log,STOPPED}
2022-01-24 18:05:48,694 [ForkJoinPool.commonPool-worker-0] INFO  statemachine.DatanodeStateMachine (DatanodeStateMachine.java:stopDaemon(529)) - Ozone container server stopped.
2022-01-24 18:05:48,700 [ForkJoinPool.commonPool-worker-0] INFO  handler.ContextHandler (ContextHandler.java:doStop(1153)) - Stopped o.e.j.w.WebAppContext@238c0804{hddsDatanode,/,null,STOPPED}{jar:file:/home/runner/.m2/repository/org/apache/ozone/hdds-container-service/1.3.0-SNAPSHOT/hdds-container-service-1.3.0-SNAPSHOT.jar!/webapps/hddsDatanode}
2022-01-24 18:05:48,721 [ForkJoinPool.commonPool-worker-0] INFO  server.AbstractConnector (AbstractConnector.java:doStop(381)) - Stopped ServerConnector@2c2626{HTTP/1.1, (http/1.1)}{0.0.0.0:0}
2022-01-24 18:05:48,721 [ForkJoinPool.commonPool-worker-0] INFO  server.session (HouseKeeper.java:stopScavenging(149)) - node0 Stopped scavenging
2022-01-24 18:05:48,722 [ForkJoinPool.commonPool-worker-0] INFO  handler.ContextHandler (ContextHandler.java:doStop(1153)) - Stopped o.e.j.s.ServletContextHandler@411edf8e{static,/static,jar:file:/home/runner/.m2/repository/org/apache/ozone/hdds-container-service/1.3.0-SNAPSHOT/hdds-container-service-1.3.0-SNAPSHOT.jar!/webapps/static,STOPPED}
2022-01-24 18:05:48,723 [ForkJoinPool.commonPool-worker-0] INFO  handler.ContextHandler (ContextHandler.java:doStop(1153)) - Stopped o.e.j.s.ServletContextHandler@197cc2a6{logs,/logs,file:///home/runner/work/ozone/ozone/hadoop-ozone/integration-test/target/log,STOPPED}
2022-01-24 18:05:51,652 [40200fd9-271f-46a5-82e6-85afe20bb727@group-16119EBFA722-FollowerState] INFO  impl.FollowerState (FollowerState.java:lostMajorityHeartbeatsRecently(107)) - 40200fd9-271f-46a5-82e6-85afe20bb727@group-16119EBFA722-FollowerState: Skipping leader election since it stepped down recently (elapsed = 5127ms < waitTime = 10s)
2022-01-24 18:05:52,010 [40200fd9-271f-46a5-82e6-85afe20bb727@group-4A42DDB3E1D3-FollowerState] INFO  impl.FollowerState (FollowerState.java:run(134)) - 40200fd9-271f-46a5-82e6-85afe20bb727@group-4A42DDB3E1D3-FollowerState: change to CANDIDATE, lastRpcElapsedTime:5122863035ns, electionTimeout:5115ms
2022-01-24 18:05:52,010 [40200fd9-271f-46a5-82e6-85afe20bb727@group-4A42DDB3E1D3-FollowerState] INFO  impl.RoleInfo (RoleInfo.java:shutdownFollowerState(108)) - 40200fd9-271f-46a5-82e6-85afe20bb727: shutdown 40200fd9-271f-46a5-82e6-85afe20bb727@group-4A42DDB3E1D3-FollowerState
2022-01-24 18:05:52,010 [40200fd9-271f-46a5-82e6-85afe20bb727@group-4A42DDB3E1D3-FollowerState] INFO  server.RaftServer$Division (RaftServerImpl.java:setRole(290)) - 40200fd9-271f-46a5-82e6-85afe20bb727@group-4A42DDB3E1D3: changes role from  FOLLOWER to CANDIDATE at term 6 for changeToCandidate
2022-01-24 18:05:52,010 [40200fd9-271f-46a5-82e6-85afe20bb727@group-4A42DDB3E1D3-FollowerState] INFO  server.RaftServerConfigKeys (ConfUtils.java:logGet(44)) - raft.server.leaderelection.pre-vote = false (custom)
2022-01-24 18:05:52,010 [40200fd9-271f-46a5-82e6-85afe20bb727@group-4A42DDB3E1D3-FollowerState] INFO  impl.RoleInfo (RoleInfo.java:updateAndGet(130)) - 40200fd9-271f-46a5-82e6-85afe20bb727: start 40200fd9-271f-46a5-82e6-85afe20bb727@group-4A42DDB3E1D3-LeaderElection60
2022-01-24 18:05:52,022 [40200fd9-271f-46a5-82e6-85afe20bb727@group-4A42DDB3E1D3-LeaderElection60] INFO  impl.LeaderElection (LeaderElection.java:askForVotes(306)) - 40200fd9-271f-46a5-82e6-85afe20bb727@group-4A42DDB3E1D3-LeaderElection60 ELECTION round 0: submit vote requests at term 7 for 1: [1c5e7e03-d60e-4e29-906a-a7b7ae931ec0|rpc:10.1.0.60:37847|dataStream:|priority:1, 08efc83e-84e2-40a1-a562-910b2e2f8a64|rpc:10.1.0.60:33205|dataStream:|priority:0, 40200fd9-271f-46a5-82e6-85afe20bb727|rpc:10.1.0.60:33665|dataStream:|priority:0], old=null
2022-01-24 18:05:52,025 [40200fd9-271f-46a5-82e6-85afe20bb727@group-4A42DDB3E1D3-LeaderElection60] INFO  impl.LeaderElection (LogUtils.java:infoOrTrace(137)) - 40200fd9-271f-46a5-82e6-85afe20bb727@group-4A42DDB3E1D3-LeaderElection60 got exception when requesting votes: java.util.concurrent.ExecutionException: org.apache.ratis.thirdparty.io.grpc.StatusRuntimeException: UNAVAILABLE: io exception
2022-01-24 18:05:52,025 [40200fd9-271f-46a5-82e6-85afe20bb727@group-4A42DDB3E1D3-LeaderElection60] INFO  impl.LeaderElection (LogUtils.java:infoOrTrace(137)) - 40200fd9-271f-46a5-82e6-85afe20bb727@group-4A42DDB3E1D3-LeaderElection60 got exception when requesting votes: java.util.concurrent.ExecutionException: org.apache.ratis.thirdparty.io.grpc.StatusRuntimeException: UNAVAILABLE: io exception
2022-01-24 18:05:52,025 [40200fd9-271f-46a5-82e6-85afe20bb727@group-4A42DDB3E1D3-LeaderElection60] INFO  impl.LeaderElection (LeaderElection.java:logAndReturn(89)) - 40200fd9-271f-46a5-82e6-85afe20bb727@group-4A42DDB3E1D3-LeaderElection60: ELECTION REJECTED received 0 response(s) and 2 exception(s):
2022-01-24 18:05:52,025 [40200fd9-271f-46a5-82e6-85afe20bb727@group-4A42DDB3E1D3-LeaderElection60] INFO  impl.LeaderElection (LogUtils.java:infoOrTrace(137)) -   Exception 0: java.util.concurrent.ExecutionException: org.apache.ratis.thirdparty.io.grpc.StatusRuntimeException: UNAVAILABLE: io exception
2022-01-24 18:05:52,025 [40200fd9-271f-46a5-82e6-85afe20bb727@group-4A42DDB3E1D3-LeaderElection60] INFO  impl.LeaderElection (LogUtils.java:infoOrTrace(137)) -   Exception 1: java.util.concurrent.ExecutionException: org.apache.ratis.thirdparty.io.grpc.StatusRuntimeException: UNAVAILABLE: io exception
2022-01-24 18:05:52,025 [40200fd9-271f-46a5-82e6-85afe20bb727@group-4A42DDB3E1D3-LeaderElection60] INFO  impl.LeaderElection (LeaderElection.java:askForVotes(308)) - 40200fd9-271f-46a5-82e6-85afe20bb727@group-4A42DDB3E1D3-LeaderElection60 ELECTION round 0: result REJECTED
2022-01-24 18:05:52,025 [40200fd9-271f-46a5-82e6-85afe20bb727@group-4A42DDB3E1D3-LeaderElection60] INFO  server.RaftServer$Division (RaftServerImpl.java:setRole(290)) - 40200fd9-271f-46a5-82e6-85afe20bb727@group-4A42DDB3E1D3: changes role from CANDIDATE to FOLLOWER at term 7 for REJECTED
2022-01-24 18:05:52,025 [40200fd9-271f-46a5-82e6-85afe20bb727@group-4A42DDB3E1D3-LeaderElection60] INFO  impl.RoleInfo (RoleInfo.java:shutdownLeaderElection(121)) - 40200fd9-271f-46a5-82e6-85afe20bb727: shutdown 40200fd9-271f-46a5-82e6-85afe20bb727@group-4A42DDB3E1D3-LeaderElection60
2022-01-24 18:05:52,025 [40200fd9-271f-46a5-82e6-85afe20bb727@group-4A42DDB3E1D3-LeaderElection60] INFO  impl.RoleInfo (RoleInfo.java:updateAndGet(130)) - 40200fd9-271f-46a5-82e6-85afe20bb727: start 40200fd9-271f-46a5-82e6-85afe20bb727@group-4A42DDB3E1D3-FollowerState
2022-01-24 18:05:53,062 [c189953c-19e1-459b-9255-7173c2cde622@group-A7FA955D15D6-FollowerState] INFO  impl.FollowerState (FollowerState.java:run(134)) - c189953c-19e1-459b-9255-7173c2cde622@group-A7FA955D15D6-FollowerState: change to CANDIDATE, lastRpcElapsedTime:5223940424ns, electionTimeout:5197ms
2022-01-24 18:05:53,062 [c189953c-19e1-459b-9255-7173c2cde622@group-A7FA955D15D6-FollowerState] INFO  impl.RoleInfo (RoleInfo.java:shutdownFollowerState(108)) - c189953c-19e1-459b-9255-7173c2cde622: shutdown c189953c-19e1-459b-9255-7173c2cde622@group-A7FA955D15D6-FollowerState
2022-01-24 18:05:53,062 [c189953c-19e1-459b-9255-7173c2cde622@group-A7FA955D15D6-FollowerState] INFO  server.RaftServer$Division (RaftServerImpl.java:setRole(290)) - c189953c-19e1-459b-9255-7173c2cde622@group-A7FA955D15D6: changes role from  FOLLOWER to CANDIDATE at term 3 for changeToCandidate
2022-01-24 18:05:53,062 [c189953c-19e1-459b-9255-7173c2cde622@group-A7FA955D15D6-FollowerState] INFO  server.RaftServerConfigKeys (ConfUtils.java:logGet(44)) - raft.server.leaderelection.pre-vote = false (custom)
2022-01-24 18:05:53,062 [c189953c-19e1-459b-9255-7173c2cde622@group-A7FA955D15D6-FollowerState] INFO  impl.RoleInfo (RoleInfo.java:updateAndGet(130)) - c189953c-19e1-459b-9255-7173c2cde622: start c189953c-19e1-459b-9255-7173c2cde622@group-A7FA955D15D6-LeaderElection61
2022-01-24 18:05:53,086 [c189953c-19e1-459b-9255-7173c2cde622@group-A7FA955D15D6-LeaderElection61] INFO  impl.LeaderElection (LeaderElection.java:askForVotes(306)) - c189953c-19e1-459b-9255-7173c2cde622@group-A7FA955D15D6-LeaderElection61 ELECTION round 0: submit vote requests at term 4 for 0: [9fc6c589-e101-4b7c-8c44-590da935f0a3|rpc:10.1.0.60:37269|dataStream:|priority:0, 109b74c6-5970-42d9-b999-0985bb35528b|rpc:10.1.0.60:34259|dataStream:|priority:1, c189953c-19e1-459b-9255-7173c2cde622|rpc:10.1.0.60:39667|dataStream:|priority:0], old=null
2022-01-24 18:05:53,087 [c189953c-19e1-459b-9255-7173c2cde622@group-A7FA955D15D6-LeaderElection61] INFO  impl.LeaderElection (LogUtils.java:infoOrTrace(137)) - c189953c-19e1-459b-9255-7173c2cde622@group-A7FA955D15D6-LeaderElection61 got exception when requesting votes: java.util.concurrent.ExecutionException: org.apache.ratis.thirdparty.io.grpc.StatusRuntimeException: UNAVAILABLE: io exception
2022-01-24 18:05:53,087 [c189953c-19e1-459b-9255-7173c2cde622@group-A7FA955D15D6-LeaderElection61] INFO  impl.LeaderElection (LogUtils.java:infoOrTrace(137)) - c189953c-19e1-459b-9255-7173c2cde622@group-A7FA955D15D6-LeaderElection61 got exception when requesting votes: java.util.concurrent.ExecutionException: org.apache.ratis.thirdparty.io.grpc.StatusRuntimeException: UNAVAILABLE: io exception
2022-01-24 18:05:53,087 [c189953c-19e1-459b-9255-7173c2cde622@group-A7FA955D15D6-LeaderElection61] INFO  impl.LeaderElection (LeaderElection.java:logAndReturn(89)) - c189953c-19e1-459b-9255-7173c2cde622@group-A7FA955D15D6-LeaderElection61: ELECTION REJECTED received 0 response(s) and 2 exception(s):
2022-01-24 18:05:53,087 [c189953c-19e1-459b-9255-7173c2cde622@group-A7FA955D15D6-LeaderElection61] INFO  impl.LeaderElection (LogUtils.java:infoOrTrace(137)) -   Exception 0: java.util.concurrent.ExecutionException: org.apache.ratis.thirdparty.io.grpc.StatusRuntimeException: UNAVAILABLE: io exception
2022-01-24 18:05:53,087 [c189953c-19e1-459b-9255-7173c2cde622@group-A7FA955D15D6-LeaderElection61] INFO  impl.LeaderElection (LogUtils.java:infoOrTrace(137)) -   Exception 1: java.util.concurrent.ExecutionException: org.apache.ratis.thirdparty.io.grpc.StatusRuntimeException: UNAVAILABLE: io exception
2022-01-24 18:05:53,088 [c189953c-19e1-459b-9255-7173c2cde622@group-A7FA955D15D6-LeaderElection61] INFO  impl.LeaderElection (LeaderElection.java:askForVotes(308)) - c189953c-19e1-459b-9255-7173c2cde622@group-A7FA955D15D6-LeaderElection61 ELECTION round 0: result REJECTED
2022-01-24 18:05:53,088 [c189953c-19e1-459b-9255-7173c2cde622@group-A7FA955D15D6-LeaderElection61] INFO  server.RaftServer$Division (RaftServerImpl.java:setRole(290)) - c189953c-19e1-459b-9255-7173c2cde622@group-A7FA955D15D6: changes role from CANDIDATE to FOLLOWER at term 4 for REJECTED
2022-01-24 18:05:53,088 [c189953c-19e1-459b-9255-7173c2cde622@group-A7FA955D15D6-LeaderElection61] INFO  impl.RoleInfo (RoleInfo.java:shutdownLeaderElection(121)) - c189953c-19e1-459b-9255-7173c2cde622: shutdown c189953c-19e1-459b-9255-7173c2cde622@group-A7FA955D15D6-LeaderElection61
2022-01-24 18:05:53,088 [c189953c-19e1-459b-9255-7173c2cde622@group-A7FA955D15D6-LeaderElection61] INFO  impl.RoleInfo (RoleInfo.java:updateAndGet(130)) - c189953c-19e1-459b-9255-7173c2cde622: start c189953c-19e1-459b-9255-7173c2cde622@group-A7FA955D15D6-FollowerState
2022-01-24 18:05:53,551 [c189953c-19e1-459b-9255-7173c2cde622@group-FE0586866A31-FollowerState] INFO  impl.FollowerState (FollowerState.java:lostMajorityHeartbeatsRecently(107)) - c189953c-19e1-459b-9255-7173c2cde622@group-FE0586866A31-FollowerState: Skipping leader election since it stepped down recently (elapsed = 5207ms < waitTime = 10s)
2022-01-24 18:05:53,573 [Listener at 127.0.0.1/42611] INFO  ozoneimpl.OzoneContainer (OzoneContainer.java:stop(336)) - Attempting to stop container services.
2022-01-24 18:05:53,573 [Listener at 127.0.0.1/42611] INFO  server.RaftServer (RaftServerProxy.java:lambda$close$6(391)) - 1a3114de-e112-4498-a6aa-be6295599880: close
2022-01-24 18:05:53,574 [Listener at 127.0.0.1/42611] INFO  server.RaftServer$Division (RaftServerImpl.java:lambda$close$4(412)) - 1a3114de-e112-4498-a6aa-be6295599880@group-06AFDE8A5C6D: shutdown
2022-01-24 18:05:53,574 [Listener at 127.0.0.1/42611] INFO  util.JmxRegister (JmxRegister.java:unregister(73)) - Successfully un-registered JMX Bean with object name Ratis:service=RaftServer,group=group-06AFDE8A5C6D,id=1a3114de-e112-4498-a6aa-be6295599880
2022-01-24 18:05:53,574 [Listener at 127.0.0.1/42611] INFO  impl.RoleInfo (RoleInfo.java:shutdownLeaderState(91)) - 1a3114de-e112-4498-a6aa-be6295599880: shutdown 1a3114de-e112-4498-a6aa-be6295599880@group-06AFDE8A5C6D-LeaderStateImpl
2022-01-24 18:05:53,574 [Listener at 127.0.0.1/42611] INFO  impl.PendingRequests (PendingRequests.java:sendNotLeaderResponses(282)) - 1a3114de-e112-4498-a6aa-be6295599880@group-06AFDE8A5C6D-PendingRequests: sendNotLeaderResponses
2022-01-24 18:05:53,575 [Listener at 127.0.0.1/42611] INFO  impl.StateMachineUpdater (StateMachineUpdater.java:stopAndJoin(149)) - 1a3114de-e112-4498-a6aa-be6295599880@group-06AFDE8A5C6D-StateMachineUpdater: set stopIndex = 0
2022-01-24 18:05:53,575 [1a3114de-e112-4498-a6aa-be6295599880@group-06AFDE8A5C6D-StateMachineUpdater] INFO  ratis.ContainerStateMachine (ContainerStateMachine.java:takeSnapshot(299)) - group-06AFDE8A5C6D: Taking a snapshot at:(t:1, i:0) file /home/runner/work/ozone/ozone/hadoop-ozone/integration-test/target/test-dir/MiniOzoneClusterImpl-aa639c69-f9d2-45b5-aeae-2a5a4e0b395a/datanode-6/data/ratis/32e0c549-a84c-428f-9ab8-06afde8a5c6d/sm/snapshot.1_0
2022-01-24 18:05:53,576 [1a3114de-e112-4498-a6aa-be6295599880@group-06AFDE8A5C6D-StateMachineUpdater] INFO  ratis.ContainerStateMachine (ContainerStateMachine.java:takeSnapshot(310)) - group-06AFDE8A5C6D: Finished taking a snapshot at:(t:1, i:0) file:/home/runner/work/ozone/ozone/hadoop-ozone/integration-test/target/test-dir/MiniOzoneClusterImpl-aa639c69-f9d2-45b5-aeae-2a5a4e0b395a/datanode-6/data/ratis/32e0c549-a84c-428f-9ab8-06afde8a5c6d/sm/snapshot.1_0 took: 2 ms
2022-01-24 18:05:53,576 [1a3114de-e112-4498-a6aa-be6295599880@group-06AFDE8A5C6D-StateMachineUpdater] INFO  impl.StateMachineUpdater (StateMachineUpdater.java:takeSnapshot(281)) - 1a3114de-e112-4498-a6aa-be6295599880@group-06AFDE8A5C6D-StateMachineUpdater: Took a snapshot at index 0
2022-01-24 18:05:53,576 [1a3114de-e112-4498-a6aa-be6295599880@group-06AFDE8A5C6D-StateMachineUpdater] INFO  impl.StateMachineUpdater (StateMachineUpdater.java:lambda$new$0(89)) - 1a3114de-e112-4498-a6aa-be6295599880@group-06AFDE8A5C6D-StateMachineUpdater: snapshotIndex: updateIncreasingly -1 -> 0
2022-01-24 18:05:53,577 [Listener at 127.0.0.1/42611] INFO  server.RaftServer$Division (ServerState.java:close(419)) - 1a3114de-e112-4498-a6aa-be6295599880@group-06AFDE8A5C6D: closes. applyIndex: 0
2022-01-24 18:05:53,577 [1a3114de-e112-4498-a6aa-be6295599880@group-06AFDE8A5C6D-SegmentedRaftLogWorker] INFO  segmented.SegmentedRaftLogWorker (SegmentedRaftLogWorker.java:run(327)) - 1a3114de-e112-4498-a6aa-be6295599880@group-06AFDE8A5C6D-SegmentedRaftLogWorker was interrupted, exiting. There are 0 tasks remaining in the queue.
2022-01-24 18:05:53,577 [Listener at 127.0.0.1/42611] INFO  segmented.SegmentedRaftLogWorker (SegmentedRaftLogWorker.java:close(237)) - 1a3114de-e112-4498-a6aa-be6295599880@group-06AFDE8A5C6D-SegmentedRaftLogWorker close()
2022-01-24 18:05:53,593 [Listener at 127.0.0.1/42611] INFO  server.GrpcService (GrpcService.java:closeImpl(262)) - 1a3114de-e112-4498-a6aa-be6295599880: shutdown server with port 37371 now
2022-01-24 18:05:53,593 [Listener at 127.0.0.1/42611] INFO  server.GrpcService (GrpcService.java:closeImpl(271)) - 1a3114de-e112-4498-a6aa-be6295599880: shutdown server with port 37371 successfully
2022-01-24 18:05:53,593 [org.apache.ratis.util.JvmPauseMonitor$$Lambda$431/1963060215@2232138e] INFO  util.JvmPauseMonitor (JvmPauseMonitor.java:run(109)) - JvmPauseMonitor-1a3114de-e112-4498-a6aa-be6295599880: Stopped
2022-01-24 18:05:53,727 [ForkJoinPool.commonPool-worker-0] INFO  ozoneimpl.OzoneContainer (OzoneContainer.java:stop(336)) - Attempting to stop container services.
2022-01-24 18:05:53,727 [ForkJoinPool.commonPool-worker-0] INFO  server.RaftServer (RaftServerProxy.java:lambda$close$6(391)) - 40200fd9-271f-46a5-82e6-85afe20bb727: close
2022-01-24 18:05:53,728 [ForkJoinPool.commonPool-worker-0] INFO  server.RaftServer$Division (RaftServerImpl.java:lambda$close$4(412)) - 40200fd9-271f-46a5-82e6-85afe20bb727@group-7A94C7E8C088: shutdown
2022-01-24 18:05:53,728 [ForkJoinPool.commonPool-worker-0] INFO  util.JmxRegister (JmxRegister.java:unregister(73)) - Successfully un-registered JMX Bean with object name Ratis:service=RaftServer,group=group-7A94C7E8C088,id=40200fd9-271f-46a5-82e6-85afe20bb727
2022-01-24 18:05:53,728 [ForkJoinPool.commonPool-worker-0] INFO  impl.RoleInfo (RoleInfo.java:shutdownLeaderState(91)) - 40200fd9-271f-46a5-82e6-85afe20bb727: shutdown 40200fd9-271f-46a5-82e6-85afe20bb727@group-7A94C7E8C088-LeaderStateImpl
2022-01-24 18:05:53,728 [ForkJoinPool.commonPool-worker-0] INFO  impl.PendingRequests (PendingRequests.java:sendNotLeaderResponses(282)) - 40200fd9-271f-46a5-82e6-85afe20bb727@group-7A94C7E8C088-PendingRequests: sendNotLeaderResponses
2022-01-24 18:05:53,728 [ForkJoinPool.commonPool-worker-0] INFO  impl.StateMachineUpdater (StateMachineUpdater.java:stopAndJoin(149)) - 40200fd9-271f-46a5-82e6-85afe20bb727@group-7A94C7E8C088-StateMachineUpdater: set stopIndex = 0
2022-01-24 18:05:53,729 [40200fd9-271f-46a5-82e6-85afe20bb727@group-7A94C7E8C088-StateMachineUpdater] INFO  ratis.ContainerStateMachine (ContainerStateMachine.java:takeSnapshot(299)) - group-7A94C7E8C088: Taking a snapshot at:(t:1, i:0) file /home/runner/work/ozone/ozone/hadoop-ozone/integration-test/target/test-dir/MiniOzoneClusterImpl-aa639c69-f9d2-45b5-aeae-2a5a4e0b395a/datanode-0/data/ratis/c1e61a5d-6ca1-45f5-80c8-7a94c7e8c088/sm/snapshot.1_0
2022-01-24 18:05:53,730 [40200fd9-271f-46a5-82e6-85afe20bb727@group-7A94C7E8C088-StateMachineUpdater] INFO  ratis.ContainerStateMachine (ContainerStateMachine.java:takeSnapshot(310)) - group-7A94C7E8C088: Finished taking a snapshot at:(t:1, i:0) file:/home/runner/work/ozone/ozone/hadoop-ozone/integration-test/target/test-dir/MiniOzoneClusterImpl-aa639c69-f9d2-45b5-aeae-2a5a4e0b395a/datanode-0/data/ratis/c1e61a5d-6ca1-45f5-80c8-7a94c7e8c088/sm/snapshot.1_0 took: 2 ms
2022-01-24 18:05:53,730 [40200fd9-271f-46a5-82e6-85afe20bb727@group-7A94C7E8C088-StateMachineUpdater] INFO  impl.StateMachineUpdater (StateMachineUpdater.java:takeSnapshot(281)) - 40200fd9-271f-46a5-82e6-85afe20bb727@group-7A94C7E8C088-StateMachineUpdater: Took a snapshot at index 0
2022-01-24 18:05:53,730 [40200fd9-271f-46a5-82e6-85afe20bb727@group-7A94C7E8C088-StateMachineUpdater] INFO  impl.StateMachineUpdater (StateMachineUpdater.java:lambda$new$0(89)) - 40200fd9-271f-46a5-82e6-85afe20bb727@group-7A94C7E8C088-StateMachineUpdater: snapshotIndex: updateIncreasingly -1 -> 0
2022-01-24 18:05:53,731 [ForkJoinPool.commonPool-worker-0] INFO  server.RaftServer$Division (ServerState.java:close(419)) - 40200fd9-271f-46a5-82e6-85afe20bb727@group-7A94C7E8C088: closes. applyIndex: 0
2022-01-24 18:05:53,731 [40200fd9-271f-46a5-82e6-85afe20bb727@group-7A94C7E8C088-SegmentedRaftLogWorker] INFO  segmented.SegmentedRaftLogWorker (SegmentedRaftLogWorker.java:run(327)) - 40200fd9-271f-46a5-82e6-85afe20bb727@group-7A94C7E8C088-SegmentedRaftLogWorker was interrupted, exiting. There are 0 tasks remaining in the queue.
2022-01-24 18:05:53,731 [ForkJoinPool.commonPool-worker-0] INFO  segmented.SegmentedRaftLogWorker (SegmentedRaftLogWorker.java:close(237)) - 40200fd9-271f-46a5-82e6-85afe20bb727@group-7A94C7E8C088-SegmentedRaftLogWorker close()
2022-01-24 18:05:53,732 [ForkJoinPool.commonPool-worker-0] INFO  server.RaftServer$Division (RaftServerImpl.java:lambda$close$4(412)) - 40200fd9-271f-46a5-82e6-85afe20bb727@group-4A42DDB3E1D3: shutdown
2022-01-24 18:05:53,732 [ForkJoinPool.commonPool-worker-0] INFO  util.JmxRegister (JmxRegister.java:unregister(73)) - Successfully un-registered JMX Bean with object name Ratis:service=RaftServer,group=group-4A42DDB3E1D3,id=40200fd9-271f-46a5-82e6-85afe20bb727
2022-01-24 18:05:53,733 [ForkJoinPool.commonPool-worker-0] INFO  impl.RoleInfo (RoleInfo.java:shutdownFollowerState(108)) - 40200fd9-271f-46a5-82e6-85afe20bb727: shutdown 40200fd9-271f-46a5-82e6-85afe20bb727@group-4A42DDB3E1D3-FollowerState
2022-01-24 18:05:53,733 [ForkJoinPool.commonPool-worker-0] INFO  impl.StateMachineUpdater (StateMachineUpdater.java:stopAndJoin(149)) - 40200fd9-271f-46a5-82e6-85afe20bb727@group-4A42DDB3E1D3-StateMachineUpdater: set stopIndex = 2
2022-01-24 18:05:53,733 [40200fd9-271f-46a5-82e6-85afe20bb727@group-4A42DDB3E1D3-FollowerState] INFO  impl.FollowerState (FollowerState.java:run(143)) - 40200fd9-271f-46a5-82e6-85afe20bb727@group-4A42DDB3E1D3-FollowerState was interrupted: {}
java.lang.InterruptedException: sleep interrupted
	at java.lang.Thread.sleep(Native Method)
	at java.lang.Thread.sleep(Thread.java:340)
	at java.util.concurrent.TimeUnit.sleep(TimeUnit.java:386)
	at org.apache.ratis.util.TimeDuration.sleep(TimeDuration.java:324)
	at org.apache.ratis.util.TimeDuration.sleep(TimeDuration.java:309)
	at org.apache.ratis.server.impl.FollowerState.run(FollowerState.java:118)
2022-01-24 18:05:53,733 [40200fd9-271f-46a5-82e6-85afe20bb727@group-4A42DDB3E1D3-StateMachineUpdater] INFO  ratis.ContainerStateMachine (ContainerStateMachine.java:takeSnapshot(299)) - group-4A42DDB3E1D3: Taking a snapshot at:(t:5, i:2) file /home/runner/work/ozone/ozone/hadoop-ozone/integration-test/target/test-dir/MiniOzoneClusterImpl-aa639c69-f9d2-45b5-aeae-2a5a4e0b395a/datanode-0/data/ratis/a8873472-a4b0-431b-95d4-4a42ddb3e1d3/sm/snapshot.5_2
2022-01-24 18:05:53,734 [40200fd9-271f-46a5-82e6-85afe20bb727@group-4A42DDB3E1D3-StateMachineUpdater] INFO  ratis.ContainerStateMachine (ContainerStateMachine.java:takeSnapshot(310)) - group-4A42DDB3E1D3: Finished taking a snapshot at:(t:5, i:2) file:/home/runner/work/ozone/ozone/hadoop-ozone/integration-test/target/test-dir/MiniOzoneClusterImpl-aa639c69-f9d2-45b5-aeae-2a5a4e0b395a/datanode-0/data/ratis/a8873472-a4b0-431b-95d4-4a42ddb3e1d3/sm/snapshot.5_2 took: 0 ms
2022-01-24 18:05:53,734 [40200fd9-271f-46a5-82e6-85afe20bb727@group-4A42DDB3E1D3-StateMachineUpdater] INFO  impl.StateMachineUpdater (StateMachineUpdater.java:takeSnapshot(281)) - 40200fd9-271f-46a5-82e6-85afe20bb727@group-4A42DDB3E1D3-StateMachineUpdater: Took a snapshot at index 2
2022-01-24 18:05:53,734 [40200fd9-271f-46a5-82e6-85afe20bb727@group-4A42DDB3E1D3-StateMachineUpdater] INFO  impl.StateMachineUpdater (StateMachineUpdater.java:lambda$new$0(89)) - 40200fd9-271f-46a5-82e6-85afe20bb727@group-4A42DDB3E1D3-StateMachineUpdater: snapshotIndex: updateIncreasingly -1 -> 2
2022-01-24 18:05:53,735 [ForkJoinPool.commonPool-worker-0] INFO  server.RaftServer$Division (ServerState.java:close(419)) - 40200fd9-271f-46a5-82e6-85afe20bb727@group-4A42DDB3E1D3: closes. applyIndex: 2
2022-01-24 18:05:53,735 [40200fd9-271f-46a5-82e6-85afe20bb727@group-4A42DDB3E1D3-SegmentedRaftLogWorker] INFO  segmented.SegmentedRaftLogWorker (SegmentedRaftLogWorker.java:run(327)) - 40200fd9-271f-46a5-82e6-85afe20bb727@group-4A42DDB3E1D3-SegmentedRaftLogWorker was interrupted, exiting. There are 0 tasks remaining in the queue.
2022-01-24 18:05:53,735 [ForkJoinPool.commonPool-worker-0] INFO  segmented.SegmentedRaftLogWorker (SegmentedRaftLogWorker.java:close(237)) - 40200fd9-271f-46a5-82e6-85afe20bb727@group-4A42DDB3E1D3-SegmentedRaftLogWorker close()
2022-01-24 18:05:53,736 [ForkJoinPool.commonPool-worker-0] INFO  server.RaftServer$Division (RaftServerImpl.java:lambda$close$4(412)) - 40200fd9-271f-46a5-82e6-85afe20bb727@group-16119EBFA722: shutdown
2022-01-24 18:05:53,736 [ForkJoinPool.commonPool-worker-0] INFO  util.JmxRegister (JmxRegister.java:unregister(73)) - Successfully un-registered JMX Bean with object name Ratis:service=RaftServer,group=group-16119EBFA722,id=40200fd9-271f-46a5-82e6-85afe20bb727
2022-01-24 18:05:53,736 [ForkJoinPool.commonPool-worker-0] INFO  impl.RoleInfo (RoleInfo.java:shutdownFollowerState(108)) - 40200fd9-271f-46a5-82e6-85afe20bb727: shutdown 40200fd9-271f-46a5-82e6-85afe20bb727@group-16119EBFA722-FollowerState
2022-01-24 18:05:53,736 [40200fd9-271f-46a5-82e6-85afe20bb727@group-16119EBFA722-FollowerState] INFO  impl.FollowerState (FollowerState.java:run(143)) - 40200fd9-271f-46a5-82e6-85afe20bb727@group-16119EBFA722-FollowerState was interrupted: {}
java.lang.InterruptedException: sleep interrupted
	at java.lang.Thread.sleep(Native Method)
	at java.lang.Thread.sleep(Thread.java:340)
	at java.util.concurrent.TimeUnit.sleep(TimeUnit.java:386)
	at org.apache.ratis.util.TimeDuration.sleep(TimeDuration.java:324)
	at org.apache.ratis.util.TimeDuration.sleep(TimeDuration.java:309)
	at org.apache.ratis.server.impl.FollowerState.run(FollowerState.java:118)
2022-01-24 18:05:53,737 [40200fd9-271f-46a5-82e6-85afe20bb727@group-16119EBFA722-StateMachineUpdater] INFO  ratis.ContainerStateMachine (ContainerStateMachine.java:takeSnapshot(299)) - group-16119EBFA722: Taking a snapshot at:(t:3, i:2) file /home/runner/work/ozone/ozone/hadoop-ozone/integration-test/target/test-dir/MiniOzoneClusterImpl-aa639c69-f9d2-45b5-aeae-2a5a4e0b395a/datanode-0/data/ratis/557284a3-31df-4f38-8c53-16119ebfa722/sm/snapshot.3_2
2022-01-24 18:05:53,737 [ForkJoinPool.commonPool-worker-0] INFO  impl.StateMachineUpdater (StateMachineUpdater.java:stopAndJoin(149)) - 40200fd9-271f-46a5-82e6-85afe20bb727@group-16119EBFA722-StateMachineUpdater: set stopIndex = 2
2022-01-24 18:05:53,738 [40200fd9-271f-46a5-82e6-85afe20bb727@group-16119EBFA722-StateMachineUpdater] INFO  ratis.ContainerStateMachine (ContainerStateMachine.java:takeSnapshot(310)) - group-16119EBFA722: Finished taking a snapshot at:(t:3, i:2) file:/home/runner/work/ozone/ozone/hadoop-ozone/integration-test/target/test-dir/MiniOzoneClusterImpl-aa639c69-f9d2-45b5-aeae-2a5a4e0b395a/datanode-0/data/ratis/557284a3-31df-4f38-8c53-16119ebfa722/sm/snapshot.3_2 took: 1 ms
2022-01-24 18:05:53,738 [40200fd9-271f-46a5-82e6-85afe20bb727@group-16119EBFA722-StateMachineUpdater] INFO  impl.StateMachineUpdater (StateMachineUpdater.java:takeSnapshot(281)) - 40200fd9-271f-46a5-82e6-85afe20bb727@group-16119EBFA722-StateMachineUpdater: Took a snapshot at index 2
2022-01-24 18:05:53,738 [40200fd9-271f-46a5-82e6-85afe20bb727@group-16119EBFA722-StateMachineUpdater] INFO  impl.StateMachineUpdater (StateMachineUpdater.java:lambda$new$0(89)) - 40200fd9-271f-46a5-82e6-85afe20bb727@group-16119EBFA722-StateMachineUpdater: snapshotIndex: updateIncreasingly -1 -> 2
2022-01-24 18:05:53,738 [ForkJoinPool.commonPool-worker-0] INFO  server.RaftServer$Division (ServerState.java:close(419)) - 40200fd9-271f-46a5-82e6-85afe20bb727@group-16119EBFA722: closes. applyIndex: 2
2022-01-24 18:05:53,739 [40200fd9-271f-46a5-82e6-85afe20bb727@group-16119EBFA722-SegmentedRaftLogWorker] INFO  segmented.SegmentedRaftLogWorker (SegmentedRaftLogWorker.java:run(327)) - 40200fd9-271f-46a5-82e6-85afe20bb727@group-16119EBFA722-SegmentedRaftLogWorker was interrupted, exiting. There are 0 tasks remaining in the queue.
2022-01-24 18:05:53,739 [ForkJoinPool.commonPool-worker-0] INFO  segmented.SegmentedRaftLogWorker (SegmentedRaftLogWorker.java:close(237)) - 40200fd9-271f-46a5-82e6-85afe20bb727@group-16119EBFA722-SegmentedRaftLogWorker close()
2022-01-24 18:05:53,739 [ForkJoinPool.commonPool-worker-0] INFO  server.GrpcService (GrpcService.java:closeImpl(262)) - 40200fd9-271f-46a5-82e6-85afe20bb727: shutdown server with port 33665 now
2022-01-24 18:05:53,742 [ForkJoinPool.commonPool-worker-0] INFO  server.GrpcService (GrpcService.java:closeImpl(271)) - 40200fd9-271f-46a5-82e6-85afe20bb727: shutdown server with port 33665 successfully
2022-01-24 18:05:53,742 [org.apache.ratis.util.JvmPauseMonitor$$Lambda$431/1963060215@bdec2f0] INFO  util.JvmPauseMonitor (JvmPauseMonitor.java:run(109)) - JvmPauseMonitor-40200fd9-271f-46a5-82e6-85afe20bb727: Stopped
2022-01-24 18:05:55,626 [Listener at 127.0.0.1/42611] INFO  utils.BackgroundService (BackgroundService.java:shutdown(132)) - Shutting down service BlockDeletingService
2022-01-24 18:05:55,801 [ForkJoinPool.commonPool-worker-0] INFO  utils.BackgroundService (BackgroundService.java:shutdown(132)) - Shutting down service BlockDeletingService
2022-01-24 18:05:58,112 [c189953c-19e1-459b-9255-7173c2cde622@group-A7FA955D15D6-FollowerState] INFO  impl.FollowerState (FollowerState.java:run(134)) - c189953c-19e1-459b-9255-7173c2cde622@group-A7FA955D15D6-FollowerState: change to CANDIDATE, lastRpcElapsedTime:5024694848ns, electionTimeout:5014ms
2022-01-24 18:05:58,113 [c189953c-19e1-459b-9255-7173c2cde622@group-A7FA955D15D6-FollowerState] INFO  impl.RoleInfo (RoleInfo.java:shutdownFollowerState(108)) - c189953c-19e1-459b-9255-7173c2cde622: shutdown c189953c-19e1-459b-9255-7173c2cde622@group-A7FA955D15D6-FollowerState
2022-01-24 18:05:58,113 [c189953c-19e1-459b-9255-7173c2cde622@group-A7FA955D15D6-FollowerState] INFO  server.RaftServer$Division (RaftServerImpl.java:setRole(290)) - c189953c-19e1-459b-9255-7173c2cde622@group-A7FA955D15D6: changes role from  FOLLOWER to CANDIDATE at term 4 for changeToCandidate
2022-01-24 18:05:58,113 [c189953c-19e1-459b-9255-7173c2cde622@group-A7FA955D15D6-FollowerState] INFO  server.RaftServerConfigKeys (ConfUtils.java:logGet(44)) - raft.server.leaderelection.pre-vote = false (custom)
2022-01-24 18:05:58,113 [c189953c-19e1-459b-9255-7173c2cde622@group-A7FA955D15D6-FollowerState] INFO  impl.RoleInfo (RoleInfo.java:updateAndGet(130)) - c189953c-19e1-459b-9255-7173c2cde622: start c189953c-19e1-459b-9255-7173c2cde622@group-A7FA955D15D6-LeaderElection62
2022-01-24 18:05:58,120 [c189953c-19e1-459b-9255-7173c2cde622@group-A7FA955D15D6-LeaderElection62] INFO  impl.LeaderElection (LeaderElection.java:askForVotes(306)) - c189953c-19e1-459b-9255-7173c2cde622@group-A7FA955D15D6-LeaderElection62 ELECTION round 0: submit vote requests at term 5 for 0: [9fc6c589-e101-4b7c-8c44-590da935f0a3|rpc:10.1.0.60:37269|dataStream:|priority:0, 109b74c6-5970-42d9-b999-0985bb35528b|rpc:10.1.0.60:34259|dataStream:|priority:1, c189953c-19e1-459b-9255-7173c2cde622|rpc:10.1.0.60:39667|dataStream:|priority:0], old=null
2022-01-24 18:05:58,131 [c189953c-19e1-459b-9255-7173c2cde622@group-A7FA955D15D6-LeaderElection62] INFO  impl.LeaderElection (LogUtils.java:infoOrTrace(137)) - c189953c-19e1-459b-9255-7173c2cde622@group-A7FA955D15D6-LeaderElection62 got exception when requesting votes: java.util.concurrent.ExecutionException: org.apache.ratis.thirdparty.io.grpc.StatusRuntimeException: UNAVAILABLE: io exception
2022-01-24 18:05:58,131 [c189953c-19e1-459b-9255-7173c2cde622@group-A7FA955D15D6-LeaderElection62] INFO  impl.LeaderElection (LogUtils.java:infoOrTrace(137)) - c189953c-19e1-459b-9255-7173c2cde622@group-A7FA955D15D6-LeaderElection62 got exception when requesting votes: java.util.concurrent.ExecutionException: org.apache.ratis.thirdparty.io.grpc.StatusRuntimeException: UNAVAILABLE: io exception
2022-01-24 18:05:58,131 [c189953c-19e1-459b-9255-7173c2cde622@group-A7FA955D15D6-LeaderElection62] INFO  impl.LeaderElection (LeaderElection.java:logAndReturn(89)) - c189953c-19e1-459b-9255-7173c2cde622@group-A7FA955D15D6-LeaderElection62: ELECTION REJECTED received 0 response(s) and 2 exception(s):
2022-01-24 18:05:58,131 [c189953c-19e1-459b-9255-7173c2cde622@group-A7FA955D15D6-LeaderElection62] INFO  impl.LeaderElection (LogUtils.java:infoOrTrace(137)) -   Exception 0: java.util.concurrent.ExecutionException: org.apache.ratis.thirdparty.io.grpc.StatusRuntimeException: UNAVAILABLE: io exception
2022-01-24 18:05:58,131 [c189953c-19e1-459b-9255-7173c2cde622@group-A7FA955D15D6-LeaderElection62] INFO  impl.LeaderElection (LogUtils.java:infoOrTrace(137)) -   Exception 1: java.util.concurrent.ExecutionException: org.apache.ratis.thirdparty.io.grpc.StatusRuntimeException: UNAVAILABLE: io exception
2022-01-24 18:05:58,131 [c189953c-19e1-459b-9255-7173c2cde622@group-A7FA955D15D6-LeaderElection62] INFO  impl.LeaderElection (LeaderElection.java:askForVotes(308)) - c189953c-19e1-459b-9255-7173c2cde622@group-A7FA955D15D6-LeaderElection62 ELECTION round 0: result REJECTED
2022-01-24 18:05:58,131 [c189953c-19e1-459b-9255-7173c2cde622@group-A7FA955D15D6-LeaderElection62] INFO  server.RaftServer$Division (RaftServerImpl.java:setRole(290)) - c189953c-19e1-459b-9255-7173c2cde622@group-A7FA955D15D6: changes role from CANDIDATE to FOLLOWER at term 5 for REJECTED
2022-01-24 18:05:58,132 [c189953c-19e1-459b-9255-7173c2cde622@group-A7FA955D15D6-LeaderElection62] INFO  impl.RoleInfo (RoleInfo.java:shutdownLeaderElection(121)) - c189953c-19e1-459b-9255-7173c2cde622: shutdown c189953c-19e1-459b-9255-7173c2cde622@group-A7FA955D15D6-LeaderElection62
2022-01-24 18:05:58,132 [c189953c-19e1-459b-9255-7173c2cde622@group-A7FA955D15D6-LeaderElection62] INFO  impl.RoleInfo (RoleInfo.java:updateAndGet(130)) - c189953c-19e1-459b-9255-7173c2cde622: start c189953c-19e1-459b-9255-7173c2cde622@group-A7FA955D15D6-FollowerState
2022-01-24 18:05:58,657 [Listener at 127.0.0.1/42611] INFO  statemachine.DatanodeStateMachine (DatanodeStateMachine.java:stopDaemon(529)) - Ozone container server stopped.
2022-01-24 18:05:58,659 [Listener at 127.0.0.1/42611] INFO  handler.ContextHandler (ContextHandler.java:doStop(1153)) - Stopped o.e.j.w.WebAppContext@58761c09{hddsDatanode,/,null,STOPPED}{jar:file:/home/runner/.m2/repository/org/apache/ozone/hdds-container-service/1.3.0-SNAPSHOT/hdds-container-service-1.3.0-SNAPSHOT.jar!/webapps/hddsDatanode}
2022-01-24 18:05:58,661 [Listener at 127.0.0.1/42611] INFO  server.AbstractConnector (AbstractConnector.java:doStop(381)) - Stopped ServerConnector@2a64b1e9{HTTP/1.1, (http/1.1)}{0.0.0.0:0}
2022-01-24 18:05:58,661 [Listener at 127.0.0.1/42611] INFO  server.session (HouseKeeper.java:stopScavenging(149)) - node0 Stopped scavenging
2022-01-24 18:05:58,661 [Listener at 127.0.0.1/42611] INFO  handler.ContextHandler (ContextHandler.java:doStop(1153)) - Stopped o.e.j.s.ServletContextHandler@27471998{static,/static,jar:file:/home/runner/.m2/repository/org/apache/ozone/hdds-container-service/1.3.0-SNAPSHOT/hdds-container-service-1.3.0-SNAPSHOT.jar!/webapps/static,STOPPED}
2022-01-24 18:05:58,661 [Listener at 127.0.0.1/42611] INFO  handler.ContextHandler (ContextHandler.java:doStop(1153)) - Stopped o.e.j.s.ServletContextHandler@3da64128{logs,/logs,file:///home/runner/work/ozone/ozone/hadoop-ozone/integration-test/target/log,STOPPED}
2022-01-24 18:05:58,696 [c189953c-19e1-459b-9255-7173c2cde622@group-FE0586866A31-FollowerState] INFO  impl.FollowerState (FollowerState.java:run(134)) - c189953c-19e1-459b-9255-7173c2cde622@group-FE0586866A31-FollowerState: change to CANDIDATE, lastRpcElapsedTime:10351355625ns, electionTimeout:5144ms
2022-01-24 18:05:58,696 [c189953c-19e1-459b-9255-7173c2cde622@group-FE0586866A31-FollowerState] INFO  impl.RoleInfo (RoleInfo.java:shutdownFollowerState(108)) - c189953c-19e1-459b-9255-7173c2cde622: shutdown c189953c-19e1-459b-9255-7173c2cde622@group-FE0586866A31-FollowerState
2022-01-24 18:05:58,696 [c189953c-19e1-459b-9255-7173c2cde622@group-FE0586866A31-FollowerState] INFO  server.RaftServer$Division (RaftServerImpl.java:setRole(290)) - c189953c-19e1-459b-9255-7173c2cde622@group-FE0586866A31: changes role from  FOLLOWER to CANDIDATE at term 3 for changeToCandidate
2022-01-24 18:05:58,696 [c189953c-19e1-459b-9255-7173c2cde622@group-FE0586866A31-FollowerState] INFO  server.RaftServerConfigKeys (ConfUtils.java:logGet(44)) - raft.server.leaderelection.pre-vote = false (custom)
2022-01-24 18:05:58,696 [c189953c-19e1-459b-9255-7173c2cde622@group-FE0586866A31-FollowerState] INFO  impl.RoleInfo (RoleInfo.java:updateAndGet(130)) - c189953c-19e1-459b-9255-7173c2cde622: start c189953c-19e1-459b-9255-7173c2cde622@group-FE0586866A31-LeaderElection63
2022-01-24 18:05:58,697 [c189953c-19e1-459b-9255-7173c2cde622@group-FE0586866A31-LeaderElection63] INFO  server.RaftServer$Division (ServerState.java:setLeader(285)) - c189953c-19e1-459b-9255-7173c2cde622@group-FE0586866A31: change Leader from c189953c-19e1-459b-9255-7173c2cde622 to null at term 3 for ELECTION
2022-01-24 18:05:58,707 [c189953c-19e1-459b-9255-7173c2cde622@group-FE0586866A31-LeaderElection63] INFO  impl.LeaderElection (LeaderElection.java:askForVotes(306)) - c189953c-19e1-459b-9255-7173c2cde622@group-FE0586866A31-LeaderElection63 ELECTION round 0: submit vote requests at term 4 for 0: [9fc6c589-e101-4b7c-8c44-590da935f0a3|rpc:10.1.0.60:37269|dataStream:|priority:0, 109b74c6-5970-42d9-b999-0985bb35528b|rpc:10.1.0.60:34259|dataStream:|priority:0, c189953c-19e1-459b-9255-7173c2cde622|rpc:10.1.0.60:39667|dataStream:|priority:1], old=null
2022-01-24 18:05:58,710 [c189953c-19e1-459b-9255-7173c2cde622@group-FE0586866A31-LeaderElection63] INFO  impl.LeaderElection (LogUtils.java:infoOrTrace(137)) - c189953c-19e1-459b-9255-7173c2cde622@group-FE0586866A31-LeaderElection63 got exception when requesting votes: java.util.concurrent.ExecutionException: org.apache.ratis.thirdparty.io.grpc.StatusRuntimeException: UNAVAILABLE: io exception
2022-01-24 18:05:58,715 [c189953c-19e1-459b-9255-7173c2cde622@group-FE0586866A31-LeaderElection63] INFO  impl.LeaderElection (LogUtils.java:infoOrTrace(137)) - c189953c-19e1-459b-9255-7173c2cde622@group-FE0586866A31-LeaderElection63 got exception when requesting votes: java.util.concurrent.ExecutionException: org.apache.ratis.thirdparty.io.grpc.StatusRuntimeException: UNAVAILABLE: io exception
2022-01-24 18:05:58,715 [c189953c-19e1-459b-9255-7173c2cde622@group-FE0586866A31-LeaderElection63] INFO  impl.LeaderElection (LeaderElection.java:logAndReturn(89)) - c189953c-19e1-459b-9255-7173c2cde622@group-FE0586866A31-LeaderElection63: ELECTION REJECTED received 0 response(s) and 2 exception(s):
2022-01-24 18:05:58,715 [c189953c-19e1-459b-9255-7173c2cde622@group-FE0586866A31-LeaderElection63] INFO  impl.LeaderElection (LogUtils.java:infoOrTrace(137)) -   Exception 0: java.util.concurrent.ExecutionException: org.apache.ratis.thirdparty.io.grpc.StatusRuntimeException: UNAVAILABLE: io exception
2022-01-24 18:05:58,715 [c189953c-19e1-459b-9255-7173c2cde622@group-FE0586866A31-LeaderElection63] INFO  impl.LeaderElection (LogUtils.java:infoOrTrace(137)) -   Exception 1: java.util.concurrent.ExecutionException: org.apache.ratis.thirdparty.io.grpc.StatusRuntimeException: UNAVAILABLE: io exception
2022-01-24 18:05:58,715 [c189953c-19e1-459b-9255-7173c2cde622@group-FE0586866A31-LeaderElection63] INFO  impl.LeaderElection (LeaderElection.java:askForVotes(308)) - c189953c-19e1-459b-9255-7173c2cde622@group-FE0586866A31-LeaderElection63 ELECTION round 0: result REJECTED
2022-01-24 18:05:58,716 [c189953c-19e1-459b-9255-7173c2cde622@group-FE0586866A31-LeaderElection63] INFO  server.RaftServer$Division (RaftServerImpl.java:setRole(290)) - c189953c-19e1-459b-9255-7173c2cde622@group-FE0586866A31: changes role from CANDIDATE to FOLLOWER at term 4 for REJECTED
2022-01-24 18:05:58,716 [c189953c-19e1-459b-9255-7173c2cde622@group-FE0586866A31-LeaderElection63] INFO  impl.RoleInfo (RoleInfo.java:shutdownLeaderElection(121)) - c189953c-19e1-459b-9255-7173c2cde622: shutdown c189953c-19e1-459b-9255-7173c2cde622@group-FE0586866A31-LeaderElection63
2022-01-24 18:05:58,716 [c189953c-19e1-459b-9255-7173c2cde622@group-FE0586866A31-LeaderElection63] INFO  impl.RoleInfo (RoleInfo.java:updateAndGet(130)) - c189953c-19e1-459b-9255-7173c2cde622: start c189953c-19e1-459b-9255-7173c2cde622@group-FE0586866A31-FollowerState
2022-01-24 18:05:58,824 [ForkJoinPool.commonPool-worker-0] INFO  statemachine.DatanodeStateMachine (DatanodeStateMachine.java:stopDaemon(529)) - Ozone container server stopped.
2022-01-24 18:05:58,830 [ForkJoinPool.commonPool-worker-0] INFO  handler.ContextHandler (ContextHandler.java:doStop(1153)) - Stopped o.e.j.w.WebAppContext@15d6a94c{hddsDatanode,/,null,STOPPED}{jar:file:/home/runner/.m2/repository/org/apache/ozone/hdds-container-service/1.3.0-SNAPSHOT/hdds-container-service-1.3.0-SNAPSHOT.jar!/webapps/hddsDatanode}
2022-01-24 18:05:58,853 [ForkJoinPool.commonPool-worker-0] INFO  server.AbstractConnector (AbstractConnector.java:doStop(381)) - Stopped ServerConnector@75cd9410{HTTP/1.1, (http/1.1)}{0.0.0.0:0}
2022-01-24 18:05:58,853 [ForkJoinPool.commonPool-worker-0] INFO  server.session (HouseKeeper.java:stopScavenging(149)) - node0 Stopped scavenging
2022-01-24 18:05:58,854 [ForkJoinPool.commonPool-worker-0] INFO  handler.ContextHandler (ContextHandler.java:doStop(1153)) - Stopped o.e.j.s.ServletContextHandler@6c2b5e15{static,/static,jar:file:/home/runner/.m2/repository/org/apache/ozone/hdds-container-service/1.3.0-SNAPSHOT/hdds-container-service-1.3.0-SNAPSHOT.jar!/webapps/static,STOPPED}
2022-01-24 18:05:58,855 [ForkJoinPool.commonPool-worker-0] INFO  handler.ContextHandler (ContextHandler.java:doStop(1153)) - Stopped o.e.j.s.ServletContextHandler@af17a4f{logs,/logs,file:///home/runner/work/ozone/ozone/hadoop-ozone/integration-test/target/log,STOPPED}
2022-01-24 18:06:03,311 [c189953c-19e1-459b-9255-7173c2cde622@group-A7FA955D15D6-FollowerState] INFO  impl.FollowerState (FollowerState.java:run(134)) - c189953c-19e1-459b-9255-7173c2cde622@group-A7FA955D15D6-FollowerState: change to CANDIDATE, lastRpcElapsedTime:5179225137ns, electionTimeout:5165ms
2022-01-24 18:06:03,311 [c189953c-19e1-459b-9255-7173c2cde622@group-A7FA955D15D6-FollowerState] INFO  impl.RoleInfo (RoleInfo.java:shutdownFollowerState(108)) - c189953c-19e1-459b-9255-7173c2cde622: shutdown c189953c-19e1-459b-9255-7173c2cde622@group-A7FA955D15D6-FollowerState
2022-01-24 18:06:03,311 [c189953c-19e1-459b-9255-7173c2cde622@group-A7FA955D15D6-FollowerState] INFO  server.RaftServer$Division (RaftServerImpl.java:setRole(290)) - c189953c-19e1-459b-9255-7173c2cde622@group-A7FA955D15D6: changes role from  FOLLOWER to CANDIDATE at term 5 for changeToCandidate
2022-01-24 18:06:03,311 [c189953c-19e1-459b-9255-7173c2cde622@group-A7FA955D15D6-FollowerState] INFO  server.RaftServerConfigKeys (ConfUtils.java:logGet(44)) - raft.server.leaderelection.pre-vote = false (custom)
2022-01-24 18:06:03,311 [c189953c-19e1-459b-9255-7173c2cde622@group-A7FA955D15D6-FollowerState] INFO  impl.RoleInfo (RoleInfo.java:updateAndGet(130)) - c189953c-19e1-459b-9255-7173c2cde622: start c189953c-19e1-459b-9255-7173c2cde622@group-A7FA955D15D6-LeaderElection64
2022-01-24 18:06:03,315 [c189953c-19e1-459b-9255-7173c2cde622@group-A7FA955D15D6-LeaderElection64] INFO  impl.LeaderElection (LeaderElection.java:askForVotes(306)) - c189953c-19e1-459b-9255-7173c2cde622@group-A7FA955D15D6-LeaderElection64 ELECTION round 0: submit vote requests at term 6 for 0: [9fc6c589-e101-4b7c-8c44-590da935f0a3|rpc:10.1.0.60:37269|dataStream:|priority:0, 109b74c6-5970-42d9-b999-0985bb35528b|rpc:10.1.0.60:34259|dataStream:|priority:1, c189953c-19e1-459b-9255-7173c2cde622|rpc:10.1.0.60:39667|dataStream:|priority:0], old=null
2022-01-24 18:06:03,333 [c189953c-19e1-459b-9255-7173c2cde622@group-A7FA955D15D6-LeaderElection64] INFO  impl.LeaderElection (LogUtils.java:infoOrTrace(137)) - c189953c-19e1-459b-9255-7173c2cde622@group-A7FA955D15D6-LeaderElection64 got exception when requesting votes: java.util.concurrent.ExecutionException: org.apache.ratis.thirdparty.io.grpc.StatusRuntimeException: UNAVAILABLE: io exception
2022-01-24 18:06:03,333 [c189953c-19e1-459b-9255-7173c2cde622@group-A7FA955D15D6-LeaderElection64] INFO  impl.LeaderElection (LogUtils.java:infoOrTrace(137)) - c189953c-19e1-459b-9255-7173c2cde622@group-A7FA955D15D6-LeaderElection64 got exception when requesting votes: java.util.concurrent.ExecutionException: org.apache.ratis.thirdparty.io.grpc.StatusRuntimeException: UNAVAILABLE: io exception
2022-01-24 18:06:03,333 [c189953c-19e1-459b-9255-7173c2cde622@group-A7FA955D15D6-LeaderElection64] INFO  impl.LeaderElection (LeaderElection.java:logAndReturn(89)) - c189953c-19e1-459b-9255-7173c2cde622@group-A7FA955D15D6-LeaderElection64: ELECTION REJECTED received 0 response(s) and 2 exception(s):
2022-01-24 18:06:03,333 [c189953c-19e1-459b-9255-7173c2cde622@group-A7FA955D15D6-LeaderElection64] INFO  impl.LeaderElection (LogUtils.java:infoOrTrace(137)) -   Exception 0: java.util.concurrent.ExecutionException: org.apache.ratis.thirdparty.io.grpc.StatusRuntimeException: UNAVAILABLE: io exception
2022-01-24 18:06:03,333 [c189953c-19e1-459b-9255-7173c2cde622@group-A7FA955D15D6-LeaderElection64] INFO  impl.LeaderElection (LogUtils.java:infoOrTrace(137)) -   Exception 1: java.util.concurrent.ExecutionException: org.apache.ratis.thirdparty.io.grpc.StatusRuntimeException: UNAVAILABLE: io exception
2022-01-24 18:06:03,333 [c189953c-19e1-459b-9255-7173c2cde622@group-A7FA955D15D6-LeaderElection64] INFO  impl.LeaderElection (LeaderElection.java:askForVotes(308)) - c189953c-19e1-459b-9255-7173c2cde622@group-A7FA955D15D6-LeaderElection64 ELECTION round 0: result REJECTED
2022-01-24 18:06:03,333 [c189953c-19e1-459b-9255-7173c2cde622@group-A7FA955D15D6-LeaderElection64] INFO  server.RaftServer$Division (RaftServerImpl.java:setRole(290)) - c189953c-19e1-459b-9255-7173c2cde622@group-A7FA955D15D6: changes role from CANDIDATE to FOLLOWER at term 6 for REJECTED
2022-01-24 18:06:03,333 [c189953c-19e1-459b-9255-7173c2cde622@group-A7FA955D15D6-LeaderElection64] INFO  impl.RoleInfo (RoleInfo.java:shutdownLeaderElection(121)) - c189953c-19e1-459b-9255-7173c2cde622: shutdown c189953c-19e1-459b-9255-7173c2cde622@group-A7FA955D15D6-LeaderElection64
2022-01-24 18:06:03,333 [c189953c-19e1-459b-9255-7173c2cde622@group-A7FA955D15D6-LeaderElection64] INFO  impl.RoleInfo (RoleInfo.java:updateAndGet(130)) - c189953c-19e1-459b-9255-7173c2cde622: start c189953c-19e1-459b-9255-7173c2cde622@group-A7FA955D15D6-FollowerState
2022-01-24 18:06:03,663 [Listener at 127.0.0.1/42611] INFO  ozoneimpl.OzoneContainer (OzoneContainer.java:stop(336)) - Attempting to stop container services.
2022-01-24 18:06:03,664 [Listener at 127.0.0.1/42611] INFO  server.RaftServer (RaftServerProxy.java:lambda$close$6(391)) - c189953c-19e1-459b-9255-7173c2cde622: close
2022-01-24 18:06:03,671 [Listener at 127.0.0.1/42611] INFO  server.RaftServer$Division (RaftServerImpl.java:lambda$close$4(412)) - c189953c-19e1-459b-9255-7173c2cde622@group-FE0586866A31: shutdown
2022-01-24 18:06:03,671 [Listener at 127.0.0.1/42611] INFO  util.JmxRegister (JmxRegister.java:unregister(73)) - Successfully un-registered JMX Bean with object name Ratis:service=RaftServer,group=group-FE0586866A31,id=c189953c-19e1-459b-9255-7173c2cde622
2022-01-24 18:06:03,671 [Listener at 127.0.0.1/42611] INFO  impl.RoleInfo (RoleInfo.java:shutdownFollowerState(108)) - c189953c-19e1-459b-9255-7173c2cde622: shutdown c189953c-19e1-459b-9255-7173c2cde622@group-FE0586866A31-FollowerState
2022-01-24 18:06:03,671 [Listener at 127.0.0.1/42611] INFO  impl.StateMachineUpdater (StateMachineUpdater.java:stopAndJoin(149)) - c189953c-19e1-459b-9255-7173c2cde622@group-FE0586866A31-StateMachineUpdater: set stopIndex = 0
2022-01-24 18:06:03,672 [c189953c-19e1-459b-9255-7173c2cde622@group-FE0586866A31-FollowerState] INFO  impl.FollowerState (FollowerState.java:run(143)) - c189953c-19e1-459b-9255-7173c2cde622@group-FE0586866A31-FollowerState was interrupted: {}
java.lang.InterruptedException: sleep interrupted
	at java.lang.Thread.sleep(Native Method)
	at java.lang.Thread.sleep(Thread.java:340)
	at java.util.concurrent.TimeUnit.sleep(TimeUnit.java:386)
	at org.apache.ratis.util.TimeDuration.sleep(TimeDuration.java:324)
	at org.apache.ratis.util.TimeDuration.sleep(TimeDuration.java:309)
	at org.apache.ratis.server.impl.FollowerState.run(FollowerState.java:118)
2022-01-24 18:06:03,672 [c189953c-19e1-459b-9255-7173c2cde622@group-FE0586866A31-StateMachineUpdater] INFO  ratis.ContainerStateMachine (ContainerStateMachine.java:takeSnapshot(299)) - group-FE0586866A31: Taking a snapshot at:(t:3, i:0) file /home/runner/work/ozone/ozone/hadoop-ozone/integration-test/target/test-dir/MiniOzoneClusterImpl-aa639c69-f9d2-45b5-aeae-2a5a4e0b395a/datanode-5/data/ratis/358c75be-78ae-4751-80cf-fe0586866a31/sm/snapshot.3_0
2022-01-24 18:06:03,673 [ForkJoinPool.commonPool-worker-1] INFO  server.RaftServer$Division (RaftServerImpl.java:lambda$close$4(412)) - c189953c-19e1-459b-9255-7173c2cde622@group-72A1C0F567BA: shutdown
2022-01-24 18:06:03,673 [ForkJoinPool.commonPool-worker-1] INFO  util.JmxRegister (JmxRegister.java:unregister(73)) - Successfully un-registered JMX Bean with object name Ratis:service=RaftServer,group=group-72A1C0F567BA,id=c189953c-19e1-459b-9255-7173c2cde622
2022-01-24 18:06:03,673 [c189953c-19e1-459b-9255-7173c2cde622@group-FE0586866A31-StateMachineUpdater] INFO  ratis.ContainerStateMachine (ContainerStateMachine.java:takeSnapshot(310)) - group-FE0586866A31: Finished taking a snapshot at:(t:3, i:0) file:/home/runner/work/ozone/ozone/hadoop-ozone/integration-test/target/test-dir/MiniOzoneClusterImpl-aa639c69-f9d2-45b5-aeae-2a5a4e0b395a/datanode-5/data/ratis/358c75be-78ae-4751-80cf-fe0586866a31/sm/snapshot.3_0 took: 1 ms
2022-01-24 18:06:03,673 [c189953c-19e1-459b-9255-7173c2cde622@group-FE0586866A31-StateMachineUpdater] INFO  impl.StateMachineUpdater (StateMachineUpdater.java:takeSnapshot(281)) - c189953c-19e1-459b-9255-7173c2cde622@group-FE0586866A31-StateMachineUpdater: Took a snapshot at index 0
2022-01-24 18:06:03,673 [c189953c-19e1-459b-9255-7173c2cde622@group-FE0586866A31-StateMachineUpdater] INFO  impl.StateMachineUpdater (StateMachineUpdater.java:lambda$new$0(89)) - c189953c-19e1-459b-9255-7173c2cde622@group-FE0586866A31-StateMachineUpdater: snapshotIndex: updateIncreasingly -1 -> 0
2022-01-24 18:06:03,674 [Listener at 127.0.0.1/42611] INFO  server.RaftServer$Division (ServerState.java:close(419)) - c189953c-19e1-459b-9255-7173c2cde622@group-FE0586866A31: closes. applyIndex: 0
2022-01-24 18:06:03,674 [c189953c-19e1-459b-9255-7173c2cde622@group-FE0586866A31-SegmentedRaftLogWorker] INFO  segmented.SegmentedRaftLogWorker (SegmentedRaftLogWorker.java:run(327)) - c189953c-19e1-459b-9255-7173c2cde622@group-FE0586866A31-SegmentedRaftLogWorker was interrupted, exiting. There are 0 tasks remaining in the queue.
2022-01-24 18:06:03,674 [Listener at 127.0.0.1/42611] INFO  segmented.SegmentedRaftLogWorker (SegmentedRaftLogWorker.java:close(237)) - c189953c-19e1-459b-9255-7173c2cde622@group-FE0586866A31-SegmentedRaftLogWorker close()
2022-01-24 18:06:03,674 [ForkJoinPool.commonPool-worker-1] INFO  impl.RoleInfo (RoleInfo.java:shutdownLeaderState(91)) - c189953c-19e1-459b-9255-7173c2cde622: shutdown c189953c-19e1-459b-9255-7173c2cde622@group-72A1C0F567BA-LeaderStateImpl
2022-01-24 18:06:03,692 [ForkJoinPool.commonPool-worker-1] INFO  impl.PendingRequests (PendingRequests.java:sendNotLeaderResponses(282)) - c189953c-19e1-459b-9255-7173c2cde622@group-72A1C0F567BA-PendingRequests: sendNotLeaderResponses
2022-01-24 18:06:03,693 [c189953c-19e1-459b-9255-7173c2cde622@group-72A1C0F567BA-StateMachineUpdater] INFO  ratis.ContainerStateMachine (ContainerStateMachine.java:takeSnapshot(299)) - group-72A1C0F567BA: Taking a snapshot at:(t:1, i:0) file /home/runner/work/ozone/ozone/hadoop-ozone/integration-test/target/test-dir/MiniOzoneClusterImpl-aa639c69-f9d2-45b5-aeae-2a5a4e0b395a/datanode-5/data/ratis/34baea22-c562-449f-90d1-72a1c0f567ba/sm/snapshot.1_0
2022-01-24 18:06:03,693 [ForkJoinPool.commonPool-worker-1] INFO  impl.StateMachineUpdater (StateMachineUpdater.java:stopAndJoin(149)) - c189953c-19e1-459b-9255-7173c2cde622@group-72A1C0F567BA-StateMachineUpdater: set stopIndex = 0
2022-01-24 18:06:03,694 [c189953c-19e1-459b-9255-7173c2cde622@group-72A1C0F567BA-StateMachineUpdater] INFO  ratis.ContainerStateMachine (ContainerStateMachine.java:takeSnapshot(310)) - group-72A1C0F567BA: Finished taking a snapshot at:(t:1, i:0) file:/home/runner/work/ozone/ozone/hadoop-ozone/integration-test/target/test-dir/MiniOzoneClusterImpl-aa639c69-f9d2-45b5-aeae-2a5a4e0b395a/datanode-5/data/ratis/34baea22-c562-449f-90d1-72a1c0f567ba/sm/snapshot.1_0 took: 1 ms
2022-01-24 18:06:03,694 [c189953c-19e1-459b-9255-7173c2cde622@group-72A1C0F567BA-StateMachineUpdater] INFO  impl.StateMachineUpdater (StateMachineUpdater.java:takeSnapshot(281)) - c189953c-19e1-459b-9255-7173c2cde622@group-72A1C0F567BA-StateMachineUpdater: Took a snapshot at index 0
2022-01-24 18:06:03,694 [c189953c-19e1-459b-9255-7173c2cde622@group-72A1C0F567BA-StateMachineUpdater] INFO  impl.StateMachineUpdater (StateMachineUpdater.java:lambda$new$0(89)) - c189953c-19e1-459b-9255-7173c2cde622@group-72A1C0F567BA-StateMachineUpdater: snapshotIndex: updateIncreasingly -1 -> 0
2022-01-24 18:06:03,695 [ForkJoinPool.commonPool-worker-1] INFO  server.RaftServer$Division (ServerState.java:close(419)) - c189953c-19e1-459b-9255-7173c2cde622@group-72A1C0F567BA: closes. applyIndex: 0
2022-01-24 18:06:03,695 [c189953c-19e1-459b-9255-7173c2cde622@group-72A1C0F567BA-SegmentedRaftLogWorker] INFO  segmented.SegmentedRaftLogWorker (SegmentedRaftLogWorker.java:run(327)) - c189953c-19e1-459b-9255-7173c2cde622@group-72A1C0F567BA-SegmentedRaftLogWorker was interrupted, exiting. There are 0 tasks remaining in the queue.
2022-01-24 18:06:03,695 [ForkJoinPool.commonPool-worker-1] INFO  segmented.SegmentedRaftLogWorker (SegmentedRaftLogWorker.java:close(237)) - c189953c-19e1-459b-9255-7173c2cde622@group-72A1C0F567BA-SegmentedRaftLogWorker close()
2022-01-24 18:06:03,709 [ForkJoinPool.commonPool-worker-1] INFO  server.RaftServer$Division (RaftServerImpl.java:lambda$close$4(412)) - c189953c-19e1-459b-9255-7173c2cde622@group-A7FA955D15D6: shutdown
2022-01-24 18:06:03,709 [ForkJoinPool.commonPool-worker-1] INFO  util.JmxRegister (JmxRegister.java:unregister(73)) - Successfully un-registered JMX Bean with object name Ratis:service=RaftServer,group=group-A7FA955D15D6,id=c189953c-19e1-459b-9255-7173c2cde622
2022-01-24 18:06:03,709 [ForkJoinPool.commonPool-worker-1] INFO  impl.RoleInfo (RoleInfo.java:shutdownFollowerState(108)) - c189953c-19e1-459b-9255-7173c2cde622: shutdown c189953c-19e1-459b-9255-7173c2cde622@group-A7FA955D15D6-FollowerState
2022-01-24 18:06:03,709 [ForkJoinPool.commonPool-worker-1] INFO  impl.StateMachineUpdater (StateMachineUpdater.java:stopAndJoin(149)) - c189953c-19e1-459b-9255-7173c2cde622@group-A7FA955D15D6-StateMachineUpdater: set stopIndex = 0
2022-01-24 18:06:03,709 [c189953c-19e1-459b-9255-7173c2cde622@group-A7FA955D15D6-StateMachineUpdater] INFO  ratis.ContainerStateMachine (ContainerStateMachine.java:takeSnapshot(299)) - group-A7FA955D15D6: Taking a snapshot at:(t:2, i:0) file /home/runner/work/ozone/ozone/hadoop-ozone/integration-test/target/test-dir/MiniOzoneClusterImpl-aa639c69-f9d2-45b5-aeae-2a5a4e0b395a/datanode-5/data/ratis/2124de27-bcfd-4c51-8a81-a7fa955d15d6/sm/snapshot.2_0
2022-01-24 18:06:03,709 [c189953c-19e1-459b-9255-7173c2cde622@group-A7FA955D15D6-FollowerState] INFO  impl.FollowerState (FollowerState.java:run(143)) - c189953c-19e1-459b-9255-7173c2cde622@group-A7FA955D15D6-FollowerState was interrupted: {}
java.lang.InterruptedException: sleep interrupted
	at java.lang.Thread.sleep(Native Method)
	at java.lang.Thread.sleep(Thread.java:340)
	at java.util.concurrent.TimeUnit.sleep(TimeUnit.java:386)
	at org.apache.ratis.util.TimeDuration.sleep(TimeDuration.java:324)
	at org.apache.ratis.util.TimeDuration.sleep(TimeDuration.java:309)
	at org.apache.ratis.server.impl.FollowerState.run(FollowerState.java:118)
2022-01-24 18:06:03,710 [c189953c-19e1-459b-9255-7173c2cde622@group-A7FA955D15D6-StateMachineUpdater] INFO  ratis.ContainerStateMachine (ContainerStateMachine.java:takeSnapshot(310)) - group-A7FA955D15D6: Finished taking a snapshot at:(t:2, i:0) file:/home/runner/work/ozone/ozone/hadoop-ozone/integration-test/target/test-dir/MiniOzoneClusterImpl-aa639c69-f9d2-45b5-aeae-2a5a4e0b395a/datanode-5/data/ratis/2124de27-bcfd-4c51-8a81-a7fa955d15d6/sm/snapshot.2_0 took: 0 ms
2022-01-24 18:06:03,710 [c189953c-19e1-459b-9255-7173c2cde622@group-A7FA955D15D6-StateMachineUpdater] INFO  impl.StateMachineUpdater (StateMachineUpdater.java:takeSnapshot(281)) - c189953c-19e1-459b-9255-7173c2cde622@group-A7FA955D15D6-StateMachineUpdater: Took a snapshot at index 0
2022-01-24 18:06:03,710 [c189953c-19e1-459b-9255-7173c2cde622@group-A7FA955D15D6-StateMachineUpdater] INFO  impl.StateMachineUpdater (StateMachineUpdater.java:lambda$new$0(89)) - c189953c-19e1-459b-9255-7173c2cde622@group-A7FA955D15D6-StateMachineUpdater: snapshotIndex: updateIncreasingly -1 -> 0
2022-01-24 18:06:03,710 [ForkJoinPool.commonPool-worker-1] INFO  server.RaftServer$Division (ServerState.java:close(419)) - c189953c-19e1-459b-9255-7173c2cde622@group-A7FA955D15D6: closes. applyIndex: 0
2022-01-24 18:06:03,711 [c189953c-19e1-459b-9255-7173c2cde622@group-A7FA955D15D6-SegmentedRaftLogWorker] INFO  segmented.SegmentedRaftLogWorker (SegmentedRaftLogWorker.java:run(327)) - c189953c-19e1-459b-9255-7173c2cde622@group-A7FA955D15D6-SegmentedRaftLogWorker was interrupted, exiting. There are 0 tasks remaining in the queue.
2022-01-24 18:06:03,711 [ForkJoinPool.commonPool-worker-1] INFO  segmented.SegmentedRaftLogWorker (SegmentedRaftLogWorker.java:close(237)) - c189953c-19e1-459b-9255-7173c2cde622@group-A7FA955D15D6-SegmentedRaftLogWorker close()
2022-01-24 18:06:03,714 [Listener at 127.0.0.1/42611] INFO  server.GrpcService (GrpcService.java:closeImpl(262)) - c189953c-19e1-459b-9255-7173c2cde622: shutdown server with port 39667 now
2022-01-24 18:06:03,725 [Listener at 127.0.0.1/42611] INFO  server.GrpcService (GrpcService.java:closeImpl(271)) - c189953c-19e1-459b-9255-7173c2cde622: shutdown server with port 39667 successfully
2022-01-24 18:06:03,726 [org.apache.ratis.util.JvmPauseMonitor$$Lambda$431/1963060215@255963d4] INFO  util.JvmPauseMonitor (JvmPauseMonitor.java:run(109)) - JvmPauseMonitor-c189953c-19e1-459b-9255-7173c2cde622: Stopped
2022-01-24 18:06:05,778 [Listener at 127.0.0.1/42611] INFO  utils.BackgroundService (BackgroundService.java:shutdown(132)) - Shutting down service BlockDeletingService
2022-01-24 18:06:08,780 [Listener at 127.0.0.1/42611] INFO  statemachine.DatanodeStateMachine (DatanodeStateMachine.java:stopDaemon(529)) - Ozone container server stopped.
2022-01-24 18:06:08,781 [Listener at 127.0.0.1/42611] INFO  handler.ContextHandler (ContextHandler.java:doStop(1153)) - Stopped o.e.j.w.WebAppContext@4faf87ae{hddsDatanode,/,null,STOPPED}{jar:file:/home/runner/.m2/repository/org/apache/ozone/hdds-container-service/1.3.0-SNAPSHOT/hdds-container-service-1.3.0-SNAPSHOT.jar!/webapps/hddsDatanode}
2022-01-24 18:06:08,782 [Listener at 127.0.0.1/42611] INFO  server.AbstractConnector (AbstractConnector.java:doStop(381)) - Stopped ServerConnector@fa7ef23{HTTP/1.1, (http/1.1)}{0.0.0.0:0}
2022-01-24 18:06:08,782 [Listener at 127.0.0.1/42611] INFO  server.session (HouseKeeper.java:stopScavenging(149)) - node0 Stopped scavenging
2022-01-24 18:06:08,782 [Listener at 127.0.0.1/42611] INFO  handler.ContextHandler (ContextHandler.java:doStop(1153)) - Stopped o.e.j.s.ServletContextHandler@5bec5e0f{static,/static,jar:file:/home/runner/.m2/repository/org/apache/ozone/hdds-container-service/1.3.0-SNAPSHOT/hdds-container-service-1.3.0-SNAPSHOT.jar!/webapps/static,STOPPED}
2022-01-24 18:06:08,782 [Listener at 127.0.0.1/42611] INFO  handler.ContextHandler (ContextHandler.java:doStop(1153)) - Stopped o.e.j.s.ServletContextHandler@24b24f95{logs,/logs,file:///home/runner/work/ozone/ozone/hadoop-ozone/integration-test/target/log,STOPPED}
2022-01-24 18:06:08,783 [Listener at 127.0.0.1/42611] INFO  ozone.MiniOzoneClusterImpl (MiniOzoneClusterImpl.java:stopSCM(526)) - Stopping the StorageContainerManager
2022-01-24 18:06:08,783 [Listener at 127.0.0.1/42611] INFO  server.StorageContainerManager (StorageContainerManager.java:stop(1390)) - Stopping Container Balancer service.
2022-01-24 18:06:08,783 [Listener at 127.0.0.1/42611] INFO  balancer.ContainerBalancer (ContainerBalancer.java:stop(751)) - Container Balancer is not running.
2022-01-24 18:06:08,805 [Listener at 127.0.0.1/42611] INFO  server.StorageContainerManager (StorageContainerManager.java:stop(1397)) - Stopping Replication Manager Service.
2022-01-24 18:06:08,805 [Listener at 127.0.0.1/42611] INFO  container.ReplicationManager (ReplicationManager.java:stop(357)) - Stopping Replication Monitor Thread.
2022-01-24 18:06:08,805 [Listener at 127.0.0.1/42611] INFO  server.StorageContainerManager (StorageContainerManager.java:stop(1404)) - Stopping the Datanode Admin Monitor.
2022-01-24 18:06:08,805 [Listener at 127.0.0.1/42611] INFO  server.StorageContainerManager (StorageContainerManager.java:stop(1411)) - Stopping Lease Manager of the command watchers
2022-01-24 18:06:08,805 [Listener at 127.0.0.1/42611] INFO  server.StorageContainerManager (StorageContainerManager.java:stop(1418)) - Stopping datanode service RPC server
2022-01-24 18:06:08,805 [Listener at 127.0.0.1/42611] INFO  server.SCMDatanodeProtocolServer (SCMDatanodeProtocolServer.java:stop(390)) - Stopping the RPC server for DataNodes
2022-01-24 18:06:08,805 [Listener at 127.0.0.1/42611] INFO  ipc.Server (Server.java:stop(3414)) - Stopping server on 46173
2022-01-24 18:06:08,814 [IPC Server listener on 0] INFO  ipc.Server (Server.java:run(1376)) - Stopping IPC Server listener on 0
2022-01-24 18:06:08,814 [IPC Server Responder] INFO  ipc.Server (Server.java:run(1512)) - Stopping IPC Server Responder
2022-01-24 18:06:08,830 [SCM Heartbeat Processing Thread - 0] WARN  node.NodeStateManager (NodeStateManager.java:scheduleNextHealthCheck(799)) - Current Thread is interrupted, shutting down HB processing thread for Node Manager.
2022-01-24 18:06:08,835 [Listener at 127.0.0.1/42611] INFO  server.StorageContainerManager (StorageContainerManager.java:stop(1426)) - Stopping block service RPC server
2022-01-24 18:06:08,835 [Listener at 127.0.0.1/42611] INFO  server.SCMBlockProtocolServer (SCMBlockProtocolServer.java:stop(160)) - Stopping the RPC server for Block Protocol
2022-01-24 18:06:08,835 [Listener at 127.0.0.1/42611] INFO  ipc.Server (Server.java:stop(3414)) - Stopping server on 39817
2022-01-24 18:06:08,837 [Listener at 127.0.0.1/42611] INFO  server.StorageContainerManager (StorageContainerManager.java:stop(1433)) - Stopping the StorageContainerLocationProtocol RPC server
2022-01-24 18:06:08,837 [Listener at 127.0.0.1/42611] INFO  server.SCMClientProtocolServer (SCMClientProtocolServer.java:stop(173)) - Stopping the RPC server for Client Protocol
2022-01-24 18:06:08,837 [Listener at 127.0.0.1/42611] INFO  ipc.Server (Server.java:stop(3414)) - Stopping server on 46015
2022-01-24 18:06:08,837 [IPC Server Responder] INFO  ipc.Server (Server.java:run(1512)) - Stopping IPC Server Responder
2022-01-24 18:06:08,840 [Listener at 127.0.0.1/42611] INFO  server.StorageContainerManager (StorageContainerManager.java:stop(1440)) - Stopping Storage Container Manager HTTP server.
2022-01-24 18:06:08,840 [Listener at 127.0.0.1/42611] INFO  handler.ContextHandler (ContextHandler.java:doStop(1153)) - Stopped o.e.j.w.WebAppContext@4dcd0219{scm,/,null,STOPPED}{file:/home/runner/work/ozone/ozone/hadoop-ozone/integration-test/target/test-classes/webapps/scm}
2022-01-24 18:06:08,841 [IPC Server listener on 0] INFO  ipc.Server (Server.java:run(1376)) - Stopping IPC Server listener on 0
2022-01-24 18:06:08,842 [IPC Server Responder] INFO  ipc.Server (Server.java:run(1512)) - Stopping IPC Server Responder
2022-01-24 18:06:08,850 [IPC Server listener on 0] INFO  ipc.Server (Server.java:run(1376)) - Stopping IPC Server listener on 0
2022-01-24 18:06:08,851 [Listener at 127.0.0.1/42611] INFO  server.AbstractConnector (AbstractConnector.java:doStop(381)) - Stopped ServerConnector@640b916b{HTTP/1.1, (http/1.1)}{0.0.0.0:0}
2022-01-24 18:06:08,851 [Listener at 127.0.0.1/42611] INFO  server.session (HouseKeeper.java:stopScavenging(149)) - node0 Stopped scavenging
2022-01-24 18:06:08,851 [Listener at 127.0.0.1/42611] INFO  handler.ContextHandler (ContextHandler.java:doStop(1153)) - Stopped o.e.j.s.ServletContextHandler@774eb831{static,/static,file:///home/runner/work/ozone/ozone/hadoop-ozone/integration-test/target/test-classes/webapps/static,STOPPED}
2022-01-24 18:06:08,852 [Listener at 127.0.0.1/42611] INFO  handler.ContextHandler (ContextHandler.java:doStop(1153)) - Stopped o.e.j.s.ServletContextHandler@391332ef{logs,/logs,file:///home/runner/work/ozone/ozone/hadoop-ozone/integration-test/target/log,STOPPED}
2022-01-24 18:06:08,911 [Listener at 127.0.0.1/42611] INFO  server.StorageContainerManager (StorageContainerManager.java:stop(1451)) - Stopping Block Manager Service.
2022-01-24 18:06:08,911 [Listener at 127.0.0.1/42611] INFO  utils.BackgroundService (BackgroundService.java:shutdown(132)) - Shutting down service SCMBlockDeletingService
2022-01-24 18:06:08,911 [Listener at 127.0.0.1/42611] INFO  utils.BackgroundService (BackgroundService.java:shutdown(132)) - Shutting down service SCMBlockDeletingService
2022-01-24 18:06:08,911 [Listener at 127.0.0.1/42611] INFO  server.StorageContainerManager (StorageContainerManager.java:stop(1478)) - Stopping SCM Event Queue.
2022-01-24 18:06:08,916 [Listener at 127.0.0.1/42611] INFO  server.StorageContainerManager (StorageContainerManager.java:stop(1489)) - Stopping SCM HA services.
2022-01-24 18:06:08,916 [Listener at 127.0.0.1/42611] INFO  ha.SCMRatisServerImpl (SCMRatisServerImpl.java:stop(236)) - stopping ratis server 0.0.0.0:9894
2022-01-24 18:06:08,916 [Listener at 127.0.0.1/42611] INFO  server.RaftServer (RaftServerProxy.java:lambda$close$6(391)) - d5035ba9-9d65-4327-8f69-b17ec6104eac: close
2022-01-24 18:06:08,916 [Listener at 127.0.0.1/42611] INFO  server.RaftServer$Division (RaftServerImpl.java:lambda$close$4(412)) - d5035ba9-9d65-4327-8f69-b17ec6104eac@group-2A5A4E0B395A: shutdown
2022-01-24 18:06:08,916 [Listener at 127.0.0.1/42611] INFO  util.JmxRegister (JmxRegister.java:unregister(73)) - Successfully un-registered JMX Bean with object name Ratis:service=RaftServer,group=group-2A5A4E0B395A,id=d5035ba9-9d65-4327-8f69-b17ec6104eac
2022-01-24 18:06:08,916 [Listener at 127.0.0.1/42611] INFO  impl.RoleInfo (RoleInfo.java:shutdownLeaderState(91)) - d5035ba9-9d65-4327-8f69-b17ec6104eac: shutdown d5035ba9-9d65-4327-8f69-b17ec6104eac@group-2A5A4E0B395A-LeaderStateImpl
2022-01-24 18:06:08,916 [Listener at 127.0.0.1/42611] INFO  impl.PendingRequests (PendingRequests.java:sendNotLeaderResponses(282)) - d5035ba9-9d65-4327-8f69-b17ec6104eac@group-2A5A4E0B395A-PendingRequests: sendNotLeaderResponses
2022-01-24 18:06:08,917 [Listener at 127.0.0.1/42611] INFO  ha.SCMStateMachine (SCMStateMachine.java:notifyNotLeader(190)) - current leader SCM steps down.
2022-01-24 18:06:08,917 [Listener at 127.0.0.1/42611] INFO  ha.SCMContext (SCMContext.java:updateLeaderAndTerm(90)) - update <isLeader,term> from <true,2> to <false,0>
2022-01-24 18:06:08,917 [Listener at 127.0.0.1/42611] INFO  ha.SCMContext (SCMContext.java:updateLeaderAndTerm(97)) - update <isLeaderReady> from <false> to <false>
2022-01-24 18:06:08,918 [Listener at 127.0.0.1/42611] INFO  impl.StateMachineUpdater (StateMachineUpdater.java:stopAndJoin(149)) - d5035ba9-9d65-4327-8f69-b17ec6104eac@group-2A5A4E0B395A-StateMachineUpdater: set stopIndex = 50
2022-01-24 18:06:08,919 [d5035ba9-9d65-4327-8f69-b17ec6104eac@group-2A5A4E0B395A-StateMachineUpdater] INFO  ha.SCMStateMachine (SCMStateMachine.java:takeSnapshot(297)) - Current Snapshot Index 50, takeSnapshot took 0 ms
2022-01-24 18:06:08,919 [d5035ba9-9d65-4327-8f69-b17ec6104eac@group-2A5A4E0B395A-StateMachineUpdater] INFO  impl.StateMachineUpdater (StateMachineUpdater.java:takeSnapshot(281)) - d5035ba9-9d65-4327-8f69-b17ec6104eac@group-2A5A4E0B395A-StateMachineUpdater: Took a snapshot at index 50
2022-01-24 18:06:08,919 [d5035ba9-9d65-4327-8f69-b17ec6104eac@group-2A5A4E0B395A-StateMachineUpdater] INFO  impl.StateMachineUpdater (StateMachineUpdater.java:lambda$new$0(89)) - d5035ba9-9d65-4327-8f69-b17ec6104eac@group-2A5A4E0B395A-StateMachineUpdater: snapshotIndex: updateIncreasingly -1 -> 50
2022-01-24 18:06:08,919 [Listener at 127.0.0.1/42611] INFO  server.RaftServer$Division (ServerState.java:close(419)) - d5035ba9-9d65-4327-8f69-b17ec6104eac@group-2A5A4E0B395A: closes. applyIndex: 50
2022-01-24 18:06:08,919 [d5035ba9-9d65-4327-8f69-b17ec6104eac@group-2A5A4E0B395A-SegmentedRaftLogWorker] INFO  segmented.SegmentedRaftLogWorker (SegmentedRaftLogWorker.java:run(327)) - d5035ba9-9d65-4327-8f69-b17ec6104eac@group-2A5A4E0B395A-SegmentedRaftLogWorker was interrupted, exiting. There are 0 tasks remaining in the queue.
2022-01-24 18:06:08,920 [Listener at 127.0.0.1/42611] INFO  segmented.SegmentedRaftLogWorker (SegmentedRaftLogWorker.java:close(237)) - d5035ba9-9d65-4327-8f69-b17ec6104eac@group-2A5A4E0B395A-SegmentedRaftLogWorker close()
2022-01-24 18:06:08,920 [Listener at 127.0.0.1/42611] INFO  server.GrpcService (GrpcService.java:closeImpl(262)) - d5035ba9-9d65-4327-8f69-b17ec6104eac: shutdown server with port 9894 now
2022-01-24 18:06:08,925 [Listener at 127.0.0.1/42611] INFO  server.GrpcService (GrpcService.java:closeImpl(271)) - d5035ba9-9d65-4327-8f69-b17ec6104eac: shutdown server with port 9894 successfully
2022-01-24 18:06:08,926 [org.apache.ratis.util.JvmPauseMonitor$$Lambda$431/1963060215@3839fff2] INFO  util.JvmPauseMonitor (JvmPauseMonitor.java:run(109)) - JvmPauseMonitor-d5035ba9-9d65-4327-8f69-b17ec6104eac: Stopped
2022-01-24 18:06:08,926 [Listener at 127.0.0.1/42611] INFO  pipeline.BackgroundPipelineCreator (BackgroundPipelineCreator.java:stop(158)) - Stopping RatisPipelineUtilsThread.
2022-01-24 18:06:08,926 [Listener at 127.0.0.1/42611] INFO  server.StorageContainerManager (StorageContainerManager.java:stop(1499)) - Stopping SCM MetadataStore.
2022-01-24 18:06:08,934 [Listener at 127.0.0.1/42611] INFO  impl.MetricsSystemImpl (MetricsSystemImpl.java:stop(210)) - Stopping HddsDatanode metrics system...
2022-01-24 18:06:09,030 [prometheus] INFO  impl.MetricsSinkAdapter (MetricsSinkAdapter.java:publishMetricsFromQueue(141)) - prometheus thread interrupted.
2022-01-24 18:06:09,035 [Listener at 127.0.0.1/42611] INFO  impl.MetricsSystemImpl (MetricsSystemImpl.java:stop(216)) - HddsDatanode metrics system stopped.
]]></system-out>
    <system-err><![CDATA[Jan 24, 2022 6:05:43 PM org.apache.ratis.thirdparty.io.grpc.internal.ManagedChannelOrphanWrapper$ManagedChannelReference cleanQueue
SEVERE: *~*~*~ Channel ManagedChannelImpl{logId=502, target=10.1.0.60:33205} was not shutdown properly!!! ~*~*~*
    Make sure to call shutdown()/shutdownNow() and wait until awaitTermination() returns true.
java.lang.RuntimeException: ManagedChannel allocation site
	at org.apache.ratis.thirdparty.io.grpc.internal.ManagedChannelOrphanWrapper$ManagedChannelReference.<init>(ManagedChannelOrphanWrapper.java:93)
	at org.apache.ratis.thirdparty.io.grpc.internal.ManagedChannelOrphanWrapper.<init>(ManagedChannelOrphanWrapper.java:53)
	at org.apache.ratis.thirdparty.io.grpc.internal.ManagedChannelOrphanWrapper.<init>(ManagedChannelOrphanWrapper.java:44)
	at org.apache.ratis.thirdparty.io.grpc.internal.ManagedChannelImplBuilder.build(ManagedChannelImplBuilder.java:596)
	at org.apache.ratis.thirdparty.io.grpc.ForwardingChannelBuilder.build(ForwardingChannelBuilder.java:255)
	at org.apache.ratis.grpc.client.GrpcClientProtocolClient.buildChannel(GrpcClientProtocolClient.java:159)
	at org.apache.ratis.grpc.client.GrpcClientProtocolClient.<init>(GrpcClientProtocolClient.java:111)
	at org.apache.ratis.grpc.client.GrpcClientRpc.lambda$new$0(GrpcClientRpc.java:57)
	at org.apache.ratis.util.PeerProxyMap$PeerAndProxy.lambda$getProxy$0(PeerProxyMap.java:63)
	at org.apache.ratis.util.LifeCycle.startAndTransition(LifeCycle.java:270)
	at org.apache.ratis.util.PeerProxyMap$PeerAndProxy.getProxy(PeerProxyMap.java:62)
	at org.apache.ratis.util.PeerProxyMap.getProxy(PeerProxyMap.java:114)
	at org.apache.ratis.grpc.client.GrpcClientRpc.sendRequestAsync(GrpcClientRpc.java:67)
	at org.apache.ratis.client.impl.OrderedAsync.sendRequest(OrderedAsync.java:236)
	at org.apache.ratis.client.impl.OrderedAsync.sendRequestWithRetry(OrderedAsync.java:189)
	at org.apache.ratis.util.SlidingWindow$Client.sendOrDelayRequest(SlidingWindow.java:280)
	at org.apache.ratis.util.SlidingWindow$Client.retry(SlidingWindow.java:296)
	at org.apache.ratis.client.impl.OrderedAsync.lambda$scheduleWithTimeout$7(OrderedAsync.java:223)
	at org.apache.ratis.util.TimeoutScheduler.lambda$onTimeout$0(TimeoutScheduler.java:141)
	at org.apache.ratis.util.TimeoutScheduler.lambda$onTimeout$1(TimeoutScheduler.java:155)
	at org.apache.ratis.util.LogUtils.runAndLog(LogUtils.java:38)
	at org.apache.ratis.util.LogUtils$1.run(LogUtils.java:79)
	at java.util.concurrent.Executors$RunnableAdapter.call(Executors.java:511)
	at java.util.concurrent.FutureTask.run(FutureTask.java:266)
	at java.util.concurrent.ScheduledThreadPoolExecutor$ScheduledFutureTask.access$201(ScheduledThreadPoolExecutor.java:180)
	at java.util.concurrent.ScheduledThreadPoolExecutor$ScheduledFutureTask.run(ScheduledThreadPoolExecutor.java:293)
	at java.util.concurrent.ThreadPoolExecutor.runWorker(ThreadPoolExecutor.java:1149)
	at java.util.concurrent.ThreadPoolExecutor$Worker.run(ThreadPoolExecutor.java:624)
	at java.lang.Thread.run(Thread.java:748)

]]></system-err>
  </testcase>
</testsuite>