<?xml version="1.0" encoding="UTF-8"?>
<testsuite xmlns:xsi="http://www.w3.org/2001/XMLSchema-instance" xsi:noNamespaceSchemaLocation="https://maven.apache.org/surefire/maven-surefire-plugin/xsd/surefire-test-report-3.0.xsd" version="3.0" name="org.apache.hadoop.ozone.recon.TestReconAndAdminContainerCLI" time="102.568" tests="3" errors="1" skipped="0" failures="0">
  <properties>
    <property name="awt.toolkit" value="sun.awt.X11.XToolkit"/>
    <property name="org.jooq.no-logo" value="true"/>
    <property name="java.specification.version" value="1.8"/>
    <property name="file.encoding.pkg" value="sun.io"/>
    <property name="sun.cpu.isalist" value=""/>
    <property name="sun.jnu.encoding" value="UTF-8"/>
    <property name="gradle.enterprise.listener.surefire.forkId" value="1"/>
    <property name="java.class.path" value="/home/runner/work/ozone/ozone/hadoop-ozone/integration-test/target/test-classes:/home/runner/work/ozone/ozone/hadoop-ozone/integration-test/target/classes:/home/runner/work/ozone/ozone/hadoop-ozone/common/target/classes:/home/runner/.m2/repository/io/grpc/grpc-netty/1.58.0/grpc-netty-1.58.0.jar:/home/runner/.m2/repository/io/grpc/grpc-core/1.58.0/grpc-core-1.58.0.jar:/home/runner/.m2/repository/com/google/android/annotations/4.1.1.4/annotations-4.1.1.4.jar:/home/runner/.m2/repository/org/codehaus/mojo/animal-sniffer-annotations/1.23/animal-sniffer-annotations-1.23.jar:/home/runner/.m2/repository/io/grpc/grpc-context/1.58.0/grpc-context-1.58.0.jar:/home/runner/.m2/repository/io/grpc/grpc-util/1.58.0/grpc-util-1.58.0.jar:/home/runner/.m2/repository/com/google/errorprone/error_prone_annotations/2.2.0/error_prone_annotations-2.2.0.jar:/home/runner/.m2/repository/io/perfmark/perfmark-api/0.26.0/perfmark-api-0.26.0.jar:/home/runner/.m2/repository/io/netty/netty-codec-http2/4.1.100.Final/netty-codec-http2-4.1.100.Final.jar:/home/runner/.m2/repository/io/netty/netty-common/4.1.100.Final/netty-common-4.1.100.Final.jar:/home/runner/.m2/repository/io/netty/netty-buffer/4.1.100.Final/netty-buffer-4.1.100.Final.jar:/home/runner/.m2/repository/io/netty/netty-codec-http/4.1.100.Final/netty-codec-http-4.1.100.Final.jar:/home/runner/.m2/repository/io/netty/netty-handler-proxy/4.1.100.Final/netty-handler-proxy-4.1.100.Final.jar:/home/runner/.m2/repository/io/netty/netty-codec-socks/4.1.100.Final/netty-codec-socks-4.1.100.Final.jar:/home/runner/.m2/repository/io/netty/netty-tcnative-boringssl-static/2.0.61.Final/netty-tcnative-boringssl-static-2.0.61.Final.jar:/home/runner/.m2/repository/io/netty/netty-tcnative-classes/2.0.61.Final/netty-tcnative-classes-2.0.61.Final.jar:/home/runner/.m2/repository/io/netty/netty-tcnative-boringssl-static/2.0.61.Final/netty-tcnative-boringssl-static-2.0.61.Final-linux-x86_64.jar:/home/runner/.m2/repository/io/netty/netty-tcnative-boringssl-static/2.0.61.Final/netty-tcnative-boringssl-static-2.0.61.Final-linux-aarch_64.jar:/home/runner/.m2/repository/io/netty/netty-tcnative-boringssl-static/2.0.61.Final/netty-tcnative-boringssl-static-2.0.61.Final-osx-x86_64.jar:/home/runner/.m2/repository/io/netty/netty-tcnative-boringssl-static/2.0.61.Final/netty-tcnative-boringssl-static-2.0.61.Final-osx-aarch_64.jar:/home/runner/.m2/repository/io/netty/netty-tcnative-boringssl-static/2.0.61.Final/netty-tcnative-boringssl-static-2.0.61.Final-windows-x86_64.jar:/home/runner/.m2/repository/org/apache/commons/commons-compress/1.26.0/commons-compress-1.26.0.jar:/home/runner/work/ozone/ozone/hadoop-hdds/common/target/classes:/home/runner/work/ozone/ozone/hadoop-hdds/client/target/classes:/home/runner/work/ozone/ozone/hadoop-ozone/interface-client/target/classes:/home/runner/.m2/repository/org/apache/hadoop/hadoop-hdfs-client/3.3.6/hadoop-hdfs-client-3.3.6.jar:/home/runner/.m2/repository/com/squareup/okhttp3/okhttp/4.12.0/okhttp-4.12.0.jar:/home/runner/.m2/repository/com/squareup/okio/okio/3.6.0/okio-3.6.0.jar:/home/runner/.m2/repository/com/squareup/okio/okio-jvm/3.6.0/okio-jvm-3.6.0.jar:/home/runner/.m2/repository/org/jetbrains/kotlin/kotlin-stdlib-jdk8/1.9.22/kotlin-stdlib-jdk8-1.9.22.jar:/home/runner/.m2/repository/org/jetbrains/kotlin/kotlin-stdlib-jdk7/1.9.22/kotlin-stdlib-jdk7-1.9.22.jar:/home/runner/.m2/repository/org/jetbrains/kotlin/kotlin-stdlib-common/1.9.22/kotlin-stdlib-common-1.9.22.jar:/home/runner/work/ozone/ozone/hadoop-hdds/test-utils/target/classes:/home/runner/.m2/repository/org/assertj/assertj-core/3.12.2/assertj-core-3.12.2.jar:/home/runner/.m2/repository/com/google/guava/guava/32.0.0-jre/guava-32.0.0-jre.jar:/home/runner/.m2/repository/com/google/guava/failureaccess/1.0.1/failureaccess-1.0.1.jar:/home/runner/.m2/repository/com/google/guava/listenablefuture/9999.0-empty-to-avoid-conflict-with-guava/listenablefuture-9999.0-empty-to-avoid-conflict-with-guava.jar:/home/runner/.m2/repository/org/checkerframework/checker-qual/3.33.0/checker-qual-3.33.0.jar:/home/runner/.m2/repository/com/google/j2objc/j2objc-annotations/2.8/j2objc-annotations-2.8.jar:/home/runner/.m2/repository/commons-io/commons-io/2.16.0/commons-io-2.16.0.jar:/home/runner/.m2/repository/commons-logging/commons-logging/1.2/commons-logging-1.2.jar:/home/runner/.m2/repository/org/junit/jupiter/junit-jupiter-api/5.10.2/junit-jupiter-api-5.10.2.jar:/home/runner/.m2/repository/org/opentest4j/opentest4j/1.3.0/opentest4j-1.3.0.jar:/home/runner/.m2/repository/org/junit/platform/junit-platform-commons/1.10.2/junit-platform-commons-1.10.2.jar:/home/runner/.m2/repository/ch/qos/reload4j/reload4j/1.2.25/reload4j-1.2.25.jar:/home/runner/.m2/repository/jakarta/annotation/jakarta.annotation-api/2.1.1/jakarta.annotation-api-2.1.1.jar:/home/runner/.m2/repository/org/slf4j/slf4j-api/2.0.12/slf4j-api-2.0.12.jar:/home/runner/.m2/repository/org/apache/logging/log4j/log4j-api/2.17.1/log4j-api-2.17.1.jar:/home/runner/work/ozone/ozone/hadoop-hdds/server-scm/target/classes:/home/runner/.m2/repository/com/google/protobuf/protobuf-java/2.5.0/protobuf-java-2.5.0.jar:/home/runner/work/ozone/ozone/hadoop-hdds/container-service/target/classes:/home/runner/work/ozone/ozone/hadoop-hdds/hadoop-dependency-server/target/classes:/home/runner/.m2/repository/com/nimbusds/nimbus-jose-jwt/9.37.2/nimbus-jose-jwt-9.37.2.jar:/home/runner/.m2/repository/com/github/stephenc/jcip/jcip-annotations/1.0-1/jcip-annotations-1.0-1.jar:/home/runner/.m2/repository/org/apache/hadoop/hadoop-hdfs/3.3.6/hadoop-hdfs-3.3.6.jar:/home/runner/.m2/repository/commons-daemon/commons-daemon/1.0.13/commons-daemon-1.0.13.jar:/home/runner/.m2/repository/org/xerial/snappy/snappy-java/1.1.10.5/snappy-java-1.1.10.5.jar:/home/runner/work/ozone/ozone/hadoop-hdds/framework/target/classes:/home/runner/.m2/repository/org/bouncycastle/bcprov-jdk18on/1.77/bcprov-jdk18on-1.77.jar:/home/runner/.m2/repository/io/dropwizard/metrics/metrics-core/3.2.4/metrics-core-3.2.4.jar:/home/runner/.m2/repository/org/apache/commons/commons-text/1.11.0/commons-text-1.11.0.jar:/home/runner/work/ozone/ozone/hadoop-hdds/framework/target/test-classes:/home/runner/work/ozone/ozone/hadoop-hdds/interface-server/target/classes:/home/runner/work/ozone/ozone/hadoop-hdds/interface-admin/target/classes:/home/runner/work/ozone/ozone/hadoop-hdds/managed-rocksdb/target/classes:/home/runner/.m2/repository/org/rocksdb/rocksdbjni/7.7.3/rocksdbjni-7.7.3.jar:/home/runner/.m2/repository/org/slf4j/slf4j-reload4j/2.0.12/slf4j-reload4j-2.0.12.jar:/home/runner/.m2/repository/org/apache/commons/commons-configuration2/2.10.1/commons-configuration2-2.10.1.jar:/home/runner/.m2/repository/commons-fileupload/commons-fileupload/1.5/commons-fileupload-1.5.jar:/home/runner/.m2/repository/org/apache/logging/log4j/log4j-core/2.17.1/log4j-core-2.17.1.jar:/home/runner/.m2/repository/com/lmax/disruptor/3.4.4/disruptor-3.4.4.jar:/home/runner/.m2/repository/org/eclipse/jetty/jetty-util/9.4.53.v20231009/jetty-util-9.4.53.v20231009.jar:/home/runner/.m2/repository/org/eclipse/jetty/jetty-server/9.4.53.v20231009/jetty-server-9.4.53.v20231009.jar:/home/runner/.m2/repository/org/eclipse/jetty/jetty-http/9.4.53.v20231009/jetty-http-9.4.53.v20231009.jar:/home/runner/.m2/repository/org/eclipse/jetty/jetty-io/9.4.53.v20231009/jetty-io-9.4.53.v20231009.jar:/home/runner/.m2/repository/org/eclipse/jetty/jetty-servlet/9.4.53.v20231009/jetty-servlet-9.4.53.v20231009.jar:/home/runner/.m2/repository/org/eclipse/jetty/jetty-security/9.4.53.v20231009/jetty-security-9.4.53.v20231009.jar:/home/runner/.m2/repository/org/eclipse/jetty/jetty-util-ajax/9.4.53.v20231009/jetty-util-ajax-9.4.53.v20231009.jar:/home/runner/.m2/repository/org/eclipse/jetty/jetty-webapp/9.4.53.v20231009/jetty-webapp-9.4.53.v20231009.jar:/home/runner/.m2/repository/org/eclipse/jetty/jetty-xml/9.4.53.v20231009/jetty-xml-9.4.53.v20231009.jar:/home/runner/.m2/repository/org/apache/ratis/ratis-server/3.0.1/ratis-server-3.0.1.jar:/home/runner/.m2/repository/org/apache/ratis/ratis-thirdparty-misc/1.0.5/ratis-thirdparty-misc-1.0.5.jar:/home/runner/.m2/repository/org/apache/ratis/ratis-proto/3.0.1/ratis-proto-3.0.1.jar:/home/runner/.m2/repository/org/apache/ratis/ratis-common/3.0.1/ratis-common-3.0.1.jar:/home/runner/.m2/repository/org/apache/ratis/ratis-client/3.0.1/ratis-client-3.0.1.jar:/home/runner/.m2/repository/org/apache/ratis/ratis-server-api/3.0.1/ratis-server-api-3.0.1.jar:/home/runner/.m2/repository/org/apache/ratis/ratis-metrics-api/3.0.1/ratis-metrics-api-3.0.1.jar:/home/runner/.m2/repository/org/apache/ratis/ratis-metrics-dropwizard3/3.0.1/ratis-metrics-dropwizard3-3.0.1.jar:/home/runner/.m2/repository/io/prometheus/simpleclient_dropwizard/0.16.0/simpleclient_dropwizard-0.16.0.jar:/home/runner/.m2/repository/io/prometheus/simpleclient/0.16.0/simpleclient-0.16.0.jar:/home/runner/.m2/repository/io/prometheus/simpleclient_common/0.16.0/simpleclient_common-0.16.0.jar:/home/runner/.m2/repository/com/fasterxml/jackson/datatype/jackson-datatype-jsr310/2.16.1/jackson-datatype-jsr310-2.16.1.jar:/home/runner/.m2/repository/com/fasterxml/jackson/core/jackson-core/2.16.1/jackson-core-2.16.1.jar:/home/runner/work/ozone/ozone/hadoop-hdds/rocksdb-checkpoint-differ/target/classes:/home/runner/.m2/repository/org/jgrapht/jgrapht-core/1.4.0/jgrapht-core-1.4.0.jar:/home/runner/.m2/repository/org/jheaps/jheaps/0.11/jheaps-0.11.jar:/home/runner/.m2/repository/org/jgrapht/jgrapht-ext/1.4.0/jgrapht-ext-1.4.0.jar:/home/runner/.m2/repository/com/github/vlsi/mxgraph/jgraphx/3.9.8.1/jgraphx-3.9.8.1.jar:/home/runner/work/ozone/ozone/hadoop-ozone/ozone-manager/target/classes:/home/runner/.m2/repository/org/aspectj/aspectjrt/1.9.7/aspectjrt-1.9.7.jar:/home/runner/.m2/repository/org/aspectj/aspectjweaver/1.9.7/aspectjweaver-1.9.7.jar:/home/runner/work/ozone/ozone/hadoop-hdds/interface-client/target/classes:/home/runner/.m2/repository/org/apache/hadoop/thirdparty/hadoop-shaded-protobuf_3_7/1.1.1/hadoop-shaded-protobuf_3_7-1.1.1.jar:/home/runner/work/ozone/ozone/hadoop-ozone/interface-storage/target/classes:/home/runner/.m2/repository/org/reflections/reflections/0.10.2/reflections-0.10.2.jar:/home/runner/.m2/repository/com/sun/jersey/jersey-client/1.19.4/jersey-client-1.19.4.jar:/home/runner/.m2/repository/org/codehaus/jackson/jackson-core-asl/1.9.13/jackson-core-asl-1.9.13.jar:/home/runner/.m2/repository/org/codehaus/jackson/jackson-mapper-asl/1.9.13/jackson-mapper-asl-1.9.13.jar:/home/runner/.m2/repository/org/codehaus/jackson/jackson-jaxrs/1.9.13/jackson-jaxrs-1.9.13.jar:/home/runner/.m2/repository/org/apache/ranger/ranger-intg/2.3.0/ranger-intg-2.3.0.jar:/home/runner/.m2/repository/org/apache/ranger/ranger-plugins-common/2.3.0/ranger-plugins-common-2.3.0.jar:/home/runner/.m2/repository/commons-lang/commons-lang/2.6/commons-lang-2.6.jar:/home/runner/.m2/repository/org/apache/ranger/ranger-plugins-cred/2.3.0/ranger-plugins-cred-2.3.0.jar:/home/runner/.m2/repository/org/apache/ranger/ranger-plugins-audit/2.3.0/ranger-plugins-audit-2.3.0.jar:/home/runner/.m2/repository/org/eclipse/jetty/jetty-client/9.4.53.v20231009/jetty-client-9.4.53.v20231009.jar:/home/runner/.m2/repository/org/apache/httpcomponents/httpmime/4.5.6/httpmime-4.5.6.jar:/home/runner/.m2/repository/org/apache/httpcomponents/httpcore-nio/4.4.16/httpcore-nio-4.4.16.jar:/home/runner/.m2/repository/org/apache/httpcomponents/httpasyncclient/4.1.3/httpasyncclient-4.1.3.jar:/home/runner/.m2/repository/com/carrotsearch/hppc/0.8.0/hppc-0.8.0.jar:/home/runner/.m2/repository/org/apache/orc/orc-core/1.5.8/orc-core-1.5.8.jar:/home/runner/.m2/repository/net/java/dev/jna/jna/5.2.0/jna-5.2.0.jar:/home/runner/.m2/repository/net/java/dev/jna/jna-platform/5.2.0/jna-platform-5.2.0.jar:/home/runner/.m2/repository/com/kstruct/gethostname4j/0.0.2/gethostname4j-0.0.2.jar:/home/runner/.m2/repository/org/apache/ranger/ranger-plugin-classloader/2.3.0/ranger-plugin-classloader-2.3.0.jar:/home/runner/work/ozone/ozone/hadoop-hdds/rocks-native/target/classes:/home/runner/.m2/repository/org/apache/hadoop/hadoop-minikdc/3.3.6/hadoop-minikdc-3.3.6.jar:/home/runner/.m2/repository/org/apache/kerby/kerb-simplekdc/1.0.1/kerb-simplekdc-1.0.1.jar:/home/runner/.m2/repository/org/apache/kerby/kerb-client/1.0.1/kerb-client-1.0.1.jar:/home/runner/.m2/repository/org/apache/kerby/kerby-config/1.0.1/kerby-config-1.0.1.jar:/home/runner/.m2/repository/org/apache/kerby/kerb-common/1.0.1/kerb-common-1.0.1.jar:/home/runner/.m2/repository/org/apache/kerby/kerb-crypto/1.0.1/kerb-crypto-1.0.1.jar:/home/runner/.m2/repository/org/apache/kerby/kerb-util/1.0.1/kerb-util-1.0.1.jar:/home/runner/.m2/repository/org/apache/kerby/token-provider/1.0.1/token-provider-1.0.1.jar:/home/runner/.m2/repository/org/apache/kerby/kerb-admin/1.0.1/kerb-admin-1.0.1.jar:/home/runner/.m2/repository/org/apache/kerby/kerb-server/1.0.1/kerb-server-1.0.1.jar:/home/runner/.m2/repository/org/apache/kerby/kerb-identity/1.0.1/kerb-identity-1.0.1.jar:/home/runner/.m2/repository/org/apache/kerby/kerby-xdr/1.0.1/kerby-xdr-1.0.1.jar:/home/runner/.m2/repository/junit/junit/4.13.2/junit-4.13.2.jar:/home/runner/.m2/repository/org/hamcrest/hamcrest-core/1.3/hamcrest-core-1.3.jar:/home/runner/work/ozone/ozone/hadoop-ozone/s3gateway/target/classes:/home/runner/.m2/repository/org/javassist/javassist/3.21.0-GA/javassist-3.21.0-GA.jar:/home/runner/.m2/repository/org/jboss/weld/servlet/weld-servlet-shaded/3.1.9.Final/weld-servlet-shaded-3.1.9.Final.jar:/home/runner/.m2/repository/org/glassfish/jersey/containers/jersey-container-servlet-core/2.42/jersey-container-servlet-core-2.42.jar:/home/runner/.m2/repository/org/glassfish/hk2/external/jakarta.inject/2.6.1/jakarta.inject-2.6.1.jar:/home/runner/.m2/repository/org/glassfish/jersey/core/jersey-common/2.42/jersey-common-2.42.jar:/home/runner/.m2/repository/jakarta/ws/rs/jakarta.ws.rs-api/2.1.6/jakarta.ws.rs-api-2.1.6.jar:/home/runner/.m2/repository/org/glassfish/jersey/ext/cdi/jersey-cdi1x/2.42/jersey-cdi1x-2.42.jar:/home/runner/.m2/repository/org/glassfish/jersey/inject/jersey-hk2/2.42/jersey-hk2-2.42.jar:/home/runner/.m2/repository/org/glassfish/hk2/hk2-locator/2.6.1/hk2-locator-2.6.1.jar:/home/runner/.m2/repository/org/glassfish/jersey/media/jersey-media-jaxb/2.42/jersey-media-jaxb-2.42.jar:/home/runner/.m2/repository/org/glassfish/hk2/osgi-resource-locator/1.0.3/osgi-resource-locator-1.0.3.jar:/home/runner/.m2/repository/org/glassfish/hk2/hk2-api/2.6.1/hk2-api-2.6.1.jar:/home/runner/.m2/repository/org/glassfish/hk2/hk2-utils/2.6.1/hk2-utils-2.6.1.jar:/home/runner/.m2/repository/org/glassfish/hk2/external/aopalliance-repackaged/2.6.1/aopalliance-repackaged-2.6.1.jar:/home/runner/.m2/repository/com/fasterxml/jackson/dataformat/jackson-dataformat-xml/2.16.1/jackson-dataformat-xml-2.16.1.jar:/home/runner/.m2/repository/org/codehaus/woodstox/stax2-api/4.2.2/stax2-api-4.2.2.jar:/home/runner/.m2/repository/com/fasterxml/woodstox/woodstox-core/5.4.0/woodstox-core-5.4.0.jar:/home/runner/.m2/repository/com/fasterxml/jackson/module/jackson-module-jaxb-annotations/2.16.1/jackson-module-jaxb-annotations-2.16.1.jar:/home/runner/.m2/repository/javax/enterprise/cdi-api/2.0/cdi-api-2.0.jar:/home/runner/.m2/repository/javax/el/javax.el-api/3.0.0/javax.el-api-3.0.0.jar:/home/runner/.m2/repository/javax/interceptor/javax.interceptor-api/1.2/javax.interceptor-api-1.2.jar:/home/runner/.m2/repository/javax/inject/javax.inject/1/javax.inject-1.jar:/home/runner/.m2/repository/jakarta/xml/bind/jakarta.xml.bind-api/2.3.3/jakarta.xml.bind-api-2.3.3.jar:/home/runner/.m2/repository/org/glassfish/jaxb/jaxb-runtime/2.3.9/jaxb-runtime-2.3.9.jar:/home/runner/.m2/repository/org/glassfish/jaxb/txw2/2.3.9/txw2-2.3.9.jar:/home/runner/.m2/repository/com/sun/istack/istack-commons-runtime/3.0.12/istack-commons-runtime-3.0.12.jar:/home/runner/.m2/repository/com/sun/activation/jakarta.activation/1.2.2/jakarta.activation-1.2.2.jar:/home/runner/.m2/repository/jakarta/activation/jakarta.activation-api/1.2.2/jakarta.activation-api-1.2.2.jar:/home/runner/.m2/repository/io/grpc/grpc-protobuf/1.58.0/grpc-protobuf-1.58.0.jar:/home/runner/.m2/repository/com/google/api/grpc/proto-google-common-protos/2.22.0/proto-google-common-protos-2.22.0.jar:/home/runner/.m2/repository/io/grpc/grpc-protobuf-lite/1.58.0/grpc-protobuf-lite-1.58.0.jar:/home/runner/.m2/repository/io/grpc/grpc-stub/1.58.0/grpc-stub-1.58.0.jar:/home/runner/.m2/repository/io/netty/netty-transport/4.1.100.Final/netty-transport-4.1.100.Final.jar:/home/runner/.m2/repository/io/netty/netty-resolver/4.1.100.Final/netty-resolver-4.1.100.Final.jar:/home/runner/work/ozone/ozone/hadoop-ozone/csi/target/classes:/home/runner/.m2/repository/com/google/protobuf/protobuf-java-util/3.19.6/protobuf-java-util-3.19.6.jar:/home/runner/.m2/repository/com/google/code/gson/gson/2.10.1/gson-2.10.1.jar:/home/runner/work/ozone/ozone/hadoop-hdds/config/target/classes:/home/runner/.m2/repository/io/netty/netty-transport-native-epoll/4.1.100.Final/netty-transport-native-epoll-4.1.100.Final-linux-x86_64.jar:/home/runner/.m2/repository/io/netty/netty-transport-classes-epoll/4.1.100.Final/netty-transport-classes-epoll-4.1.100.Final.jar:/home/runner/.m2/repository/io/netty/netty-transport-native-unix-common/4.1.100.Final/netty-transport-native-unix-common-4.1.100.Final.jar:/home/runner/work/ozone/ozone/hadoop-ozone/recon/target/classes:/home/runner/work/ozone/ozone/hadoop-ozone/recon-codegen/target/classes:/home/runner/.m2/repository/com/google/inject/guice/6.0.0/guice-6.0.0.jar:/home/runner/.m2/repository/jakarta/inject/jakarta.inject-api/2.0.1/jakarta.inject-api-2.0.1.jar:/home/runner/.m2/repository/aopalliance/aopalliance/1.0/aopalliance-1.0.jar:/home/runner/.m2/repository/com/google/inject/extensions/guice-assistedinject/6.0.0/guice-assistedinject-6.0.0.jar:/home/runner/.m2/repository/com/google/inject/extensions/guice-servlet/6.0.0/guice-servlet-6.0.0.jar:/home/runner/.m2/repository/org/glassfish/jersey/containers/jersey-container-servlet/2.42/jersey-container-servlet-2.42.jar:/home/runner/.m2/repository/org/glassfish/hk2/guice-bridge/2.6.1/guice-bridge-2.6.1.jar:/home/runner/.m2/repository/org/glassfish/jersey/core/jersey-server/2.42/jersey-server-2.42.jar:/home/runner/.m2/repository/org/glassfish/jersey/core/jersey-client/2.42/jersey-client-2.42.jar:/home/runner/.m2/repository/jakarta/validation/jakarta.validation-api/2.0.2/jakarta.validation-api-2.0.2.jar:/home/runner/.m2/repository/org/glassfish/jersey/media/jersey-media-json-jackson/2.42/jersey-media-json-jackson-2.42.jar:/home/runner/.m2/repository/org/glassfish/jersey/ext/jersey-entity-filtering/2.42/jersey-entity-filtering-2.42.jar:/home/runner/.m2/repository/org/jooq/jooq/3.11.10/jooq-3.11.10.jar:/home/runner/.m2/repository/org/jooq/jooq-meta/3.11.10/jooq-meta-3.11.10.jar:/home/runner/.m2/repository/org/jooq/jooq-codegen/3.11.10/jooq-codegen-3.11.10.jar:/home/runner/.m2/repository/com/jolbox/bonecp/0.8.0.RELEASE/bonecp-0.8.0.RELEASE.jar:/home/runner/.m2/repository/org/apache/derby/derby/10.14.2.0/derby-10.14.2.0.jar:/home/runner/.m2/repository/org/xerial/sqlite-jdbc/3.44.1.0/sqlite-jdbc-3.44.1.0.jar:/home/runner/.m2/repository/org/springframework/spring-jdbc/5.3.27/spring-jdbc-5.3.27.jar:/home/runner/.m2/repository/org/springframework/spring-beans/5.3.27/spring-beans-5.3.27.jar:/home/runner/.m2/repository/org/springframework/spring-core/5.3.27/spring-core-5.3.27.jar:/home/runner/.m2/repository/org/springframework/spring-tx/5.3.27/spring-tx-5.3.27.jar:/home/runner/work/ozone/ozone/hadoop-ozone/client/target/classes:/home/runner/work/ozone/ozone/hadoop-hdds/erasurecode/target/classes:/home/runner/work/ozone/ozone/hadoop-ozone/ozonefs/target/classes:/home/runner/work/ozone/ozone/hadoop-ozone/ozonefs-common/target/classes:/home/runner/work/ozone/ozone/hadoop-ozone/tools/target/classes:/home/runner/.m2/repository/com/amazonaws/aws-java-sdk-core/1.12.661/aws-java-sdk-core-1.12.661.jar:/home/runner/.m2/repository/org/apache/httpcomponents/httpclient/4.5.14/httpclient-4.5.14.jar:/home/runner/.m2/repository/org/apache/httpcomponents/httpcore/4.4.16/httpcore-4.4.16.jar:/home/runner/.m2/repository/com/fasterxml/jackson/dataformat/jackson-dataformat-cbor/2.16.1/jackson-dataformat-cbor-2.16.1.jar:/home/runner/.m2/repository/joda-time/joda-time/2.12.7/joda-time-2.12.7.jar:/home/runner/.m2/repository/com/amazonaws/aws-java-sdk-s3/1.12.661/aws-java-sdk-s3-1.12.661.jar:/home/runner/.m2/repository/com/amazonaws/aws-java-sdk-kms/1.12.661/aws-java-sdk-kms-1.12.661.jar:/home/runner/.m2/repository/com/amazonaws/jmespath-java/1.12.661/jmespath-java-1.12.661.jar:/home/runner/.m2/repository/org/kohsuke/metainf-services/metainf-services/1.11/metainf-services-1.11.jar:/home/runner/work/ozone/ozone/hadoop-hdds/tools/target/classes:/home/runner/.m2/repository/org/apache/ratis/ratis-tools/3.0.1/ratis-tools-3.0.1.jar:/home/runner/.m2/repository/commons-cli/commons-cli/1.6.0/commons-cli-1.6.0.jar:/home/runner/.m2/repository/org/apache/commons/commons-lang3/3.14.0/commons-lang3-3.14.0.jar:/home/runner/work/ozone/ozone/hadoop-ozone/ozone-manager/target/test-classes:/home/runner/work/ozone/ozone/hadoop-hdds/common/target/test-classes:/home/runner/work/ozone/ozone/hadoop-hdds/hadoop-dependency-client/target/classes:/home/runner/.m2/repository/info/picocli/picocli/4.7.5/picocli-4.7.5.jar:/home/runner/.m2/repository/com/fasterxml/jackson/core/jackson-annotations/2.16.1/jackson-annotations-2.16.1.jar:/home/runner/work/ozone/ozone/hadoop-hdds/annotations/target/classes:/home/runner/.m2/repository/javax/annotation/javax.annotation-api/1.3.2/javax.annotation-api-1.3.2.jar:/home/runner/.m2/repository/org/apache/ratis/ratis-netty/3.0.1/ratis-netty-3.0.1.jar:/home/runner/.m2/repository/org/apache/ratis/ratis-grpc/3.0.1/ratis-grpc-3.0.1.jar:/home/runner/.m2/repository/org/bouncycastle/bcpkix-jdk18on/1.77/bcpkix-jdk18on-1.77.jar:/home/runner/.m2/repository/org/bouncycastle/bcutil-jdk18on/1.77/bcutil-jdk18on-1.77.jar:/home/runner/.m2/repository/commons-validator/commons-validator/1.6/commons-validator-1.6.jar:/home/runner/.m2/repository/commons-beanutils/commons-beanutils/1.9.4/commons-beanutils-1.9.4.jar:/home/runner/.m2/repository/commons-digester/commons-digester/1.8.1/commons-digester-1.8.1.jar:/home/runner/.m2/repository/commons-collections/commons-collections/3.2.2/commons-collections-3.2.2.jar:/home/runner/.m2/repository/io/jaegertracing/jaeger-client/1.8.1/jaeger-client-1.8.1.jar:/home/runner/.m2/repository/io/jaegertracing/jaeger-thrift/1.8.1/jaeger-thrift-1.8.1.jar:/home/runner/.m2/repository/org/apache/thrift/libthrift/0.15.0/libthrift-0.15.0.jar:/home/runner/.m2/repository/io/jaegertracing/jaeger-core/1.8.1/jaeger-core-1.8.1.jar:/home/runner/.m2/repository/io/jaegertracing/jaeger-tracerresolver/1.8.1/jaeger-tracerresolver-1.8.1.jar:/home/runner/.m2/repository/io/opentracing/contrib/opentracing-tracerresolver/0.1.8/opentracing-tracerresolver-0.1.8.jar:/home/runner/.m2/repository/org/jetbrains/kotlin/kotlin-stdlib/1.9.22/kotlin-stdlib-1.9.22.jar:/home/runner/.m2/repository/org/jetbrains/annotations/13.0/annotations-13.0.jar:/home/runner/.m2/repository/io/opentracing/opentracing-util/0.33.0/opentracing-util-0.33.0.jar:/home/runner/.m2/repository/io/opentracing/opentracing-api/0.33.0/opentracing-api-0.33.0.jar:/home/runner/.m2/repository/io/opentracing/opentracing-noop/0.33.0/opentracing-noop-0.33.0.jar:/home/runner/.m2/repository/org/yaml/snakeyaml/2.0/snakeyaml-2.0.jar:/home/runner/.m2/repository/io/grpc/grpc-api/1.58.0/grpc-api-1.58.0.jar:/home/runner/.m2/repository/org/junit/platform/junit-platform-launcher/1.10.2/junit-platform-launcher-1.10.2.jar:/home/runner/.m2/repository/org/junit/platform/junit-platform-engine/1.10.2/junit-platform-engine-1.10.2.jar:/home/runner/.m2/repository/org/apiguardian/apiguardian-api/1.1.2/apiguardian-api-1.1.2.jar:/home/runner/.m2/repository/org/apache/hadoop/hadoop-kms/3.3.6/hadoop-kms-3.3.6.jar:/home/runner/.m2/repository/org/apache/hadoop/hadoop-auth/3.3.6/hadoop-auth-3.3.6.jar:/home/runner/.m2/repository/org/apache/zookeeper/zookeeper/3.8.4/zookeeper-3.8.4.jar:/home/runner/.m2/repository/org/apache/zookeeper/zookeeper-jute/3.8.4/zookeeper-jute-3.8.4.jar:/home/runner/.m2/repository/org/apache/yetus/audience-annotations/0.12.0/audience-annotations-0.12.0.jar:/home/runner/.m2/repository/org/apache/curator/curator-framework/4.2.0/curator-framework-4.2.0.jar:/home/runner/.m2/repository/org/apache/hadoop/thirdparty/hadoop-shaded-guava/1.2.0/hadoop-shaded-guava-1.2.0.jar:/home/runner/.m2/repository/com/sun/jersey/jersey-core/1.19.4/jersey-core-1.19.4.jar:/home/runner/.m2/repository/javax/ws/rs/jsr311-api/1.1.1/jsr311-api-1.1.1.jar:/home/runner/.m2/repository/com/sun/jersey/jersey-server/1.19.4/jersey-server-1.19.4.jar:/home/runner/.m2/repository/javax/servlet/javax.servlet-api/3.1.0/javax.servlet-api-3.1.0.jar:/home/runner/.m2/repository/org/apache/hadoop/hadoop-common/3.3.6/hadoop-common-3.3.6.jar:/home/runner/.m2/repository/org/apache/commons/commons-math3/3.6.1/commons-math3-3.6.1.jar:/home/runner/.m2/repository/commons-net/commons-net/3.10.0/commons-net-3.10.0.jar:/home/runner/.m2/repository/com/sun/jersey/jersey-servlet/1.19.4/jersey-servlet-1.19.4.jar:/home/runner/.m2/repository/com/github/pjfanning/jersey-json/1.20/jersey-json-1.20.jar:/home/runner/.m2/repository/org/codehaus/jettison/jettison/1.1/jettison-1.1.jar:/home/runner/.m2/repository/com/sun/xml/bind/jaxb-impl/2.2.3-1/jaxb-impl-2.2.3-1.jar:/home/runner/.m2/repository/com/google/re2j/re2j/1.7/re2j-1.7.jar:/home/runner/.m2/repository/com/jcraft/jsch/0.1.54/jsch-0.1.54.jar:/home/runner/.m2/repository/org/apache/curator/curator-client/4.2.0/curator-client-4.2.0.jar:/home/runner/.m2/repository/org/apache/curator/curator-recipes/5.2.0/curator-recipes-5.2.0.jar:/home/runner/.m2/repository/com/google/code/findbugs/jsr305/3.0.2/jsr305-3.0.2.jar:/home/runner/.m2/repository/org/apache/kerby/kerb-core/1.0.1/kerb-core-1.0.1.jar:/home/runner/.m2/repository/org/apache/kerby/kerby-pkix/1.0.1/kerby-pkix-1.0.1.jar:/home/runner/.m2/repository/org/apache/kerby/kerby-asn1/1.0.1/kerby-asn1-1.0.1.jar:/home/runner/.m2/repository/org/apache/kerby/kerby-util/1.0.1/kerby-util-1.0.1.jar:/home/runner/.m2/repository/dnsjava/dnsjava/2.1.7/dnsjava-2.1.7.jar:/home/runner/.m2/repository/com/fasterxml/jackson/core/jackson-databind/2.16.1/jackson-databind-2.16.1.jar:/home/runner/.m2/repository/org/apache/hadoop/hadoop-kms/3.3.6/hadoop-kms-3.3.6-tests.jar:/home/runner/work/ozone/ozone/hadoop-hdds/server-scm/target/test-classes:/home/runner/work/ozone/ozone/hadoop-hdds/container-service/target/test-classes:/home/runner/.m2/repository/com/github/luben/zstd-jni/1.5.6-2/zstd-jni-1.5.6-2.jar:/home/runner/.m2/repository/commons-codec/commons-codec/1.15/commons-codec-1.15.jar:/home/runner/.m2/repository/io/netty/netty-codec/4.1.100.Final/netty-codec-4.1.100.Final.jar:/home/runner/.m2/repository/io/netty/netty-handler/4.1.100.Final/netty-handler-4.1.100.Final.jar:/home/runner/work/ozone/ozone/hadoop-hdds/hadoop-dependency-test/target/classes:/home/runner/.m2/repository/org/apache/hadoop/hadoop-common/3.3.6/hadoop-common-3.3.6-tests.jar:/home/runner/.m2/repository/org/apache/hadoop/hadoop-hdfs/3.3.6/hadoop-hdfs-3.3.6-tests.jar:/home/runner/.m2/repository/org/junit/jupiter/junit-jupiter-engine/5.10.2/junit-jupiter-engine-5.10.2.jar:/home/runner/.m2/repository/org/junit/jupiter/junit-jupiter-params/5.10.2/junit-jupiter-params-5.10.2.jar:/home/runner/.m2/repository/org/mockito/mockito-core/4.11.0/mockito-core-4.11.0.jar:/home/runner/.m2/repository/net/bytebuddy/byte-buddy/1.12.19/byte-buddy-1.12.19.jar:/home/runner/.m2/repository/net/bytebuddy/byte-buddy-agent/1.12.19/byte-buddy-agent-1.12.19.jar:/home/runner/.m2/repository/org/objenesis/objenesis/3.3/objenesis-3.3.jar:/home/runner/.m2/repository/org/mockito/mockito-junit-jupiter/4.11.0/mockito-junit-jupiter-4.11.0.jar:/home/runner/.m2/repository/org/apache/hadoop/hadoop-distcp/3.3.6/hadoop-distcp-3.3.6.jar:/home/runner/.m2/repository/org/apache/hadoop/hadoop-mapreduce-client-jobclient/3.3.6/hadoop-mapreduce-client-jobclient-3.3.6.jar:/home/runner/.m2/repository/org/apache/hadoop/hadoop-mapreduce-client-common/3.3.6/hadoop-mapreduce-client-common-3.3.6.jar:/home/runner/.m2/repository/org/apache/hadoop/hadoop-yarn-common/3.3.6/hadoop-yarn-common-3.3.6.jar:/home/runner/.m2/repository/org/apache/hadoop/hadoop-yarn-api/3.3.6/hadoop-yarn-api-3.3.6.jar:/home/runner/.m2/repository/javax/xml/bind/jaxb-api/2.2.11/jaxb-api-2.2.11.jar:/home/runner/.m2/repository/com/sun/jersey/contribs/jersey-guice/1.19.4/jersey-guice-1.19.4.jar:/home/runner/.m2/repository/com/fasterxml/jackson/jaxrs/jackson-jaxrs-json-provider/2.16.1/jackson-jaxrs-json-provider-2.16.1.jar:/home/runner/.m2/repository/com/fasterxml/jackson/jaxrs/jackson-jaxrs-base/2.16.1/jackson-jaxrs-base-2.16.1.jar:/home/runner/.m2/repository/org/apache/hadoop/hadoop-yarn-client/3.3.6/hadoop-yarn-client-3.3.6.jar:/home/runner/.m2/repository/org/eclipse/jetty/websocket/websocket-client/9.4.51.v20230217/websocket-client-9.4.51.v20230217.jar:/home/runner/.m2/repository/org/eclipse/jetty/websocket/websocket-common/9.4.51.v20230217/websocket-common-9.4.51.v20230217.jar:/home/runner/.m2/repository/org/eclipse/jetty/websocket/websocket-api/9.4.51.v20230217/websocket-api-9.4.51.v20230217.jar:/home/runner/.m2/repository/org/jline/jline/3.9.0/jline-3.9.0.jar:/home/runner/.m2/repository/org/apache/hadoop/hadoop-mapreduce-client-core/3.3.6/hadoop-mapreduce-client-core-3.3.6.jar:/home/runner/.m2/repository/org/apache/avro/avro/1.7.7/avro-1.7.7.jar:/home/runner/.m2/repository/com/thoughtworks/paranamer/paranamer/2.3/paranamer-2.3.jar:/home/runner/.m2/repository/org/apache/hadoop/hadoop-annotations/3.3.6/hadoop-annotations-3.3.6.jar:/usr/lib/jvm/temurin-8-jdk-amd64/jre/../lib/tools.jar:/home/runner/.m2/repository/io/netty/netty/3.10.6.Final/netty-3.10.6.Final.jar:/home/runner/.m2/repository/org/apache/hadoop/hadoop-distcp/3.3.6/hadoop-distcp-3.3.6-tests.jar:/home/runner/.m2/repository/org/hamcrest/hamcrest/2.2/hamcrest-2.2.jar:/home/runner/.m2/repository/org/slf4j/jul-to-slf4j/2.0.12/jul-to-slf4j-2.0.12.jar:/home/runner/work/ozone/ozone/hadoop-ozone/integration-test/target/gradle-enterprise/test-listeners.jar:"/>
    <property name="java.vm.vendor" value="Temurin"/>
    <property name="sun.arch.data.model" value="64"/>
    <property name="test.build.dir" value="/home/runner/work/ozone/ozone/hadoop-ozone/integration-test/target/test-dir"/>
    <property name="test.cache.data" value=""/>
    <property name="java.vendor.url" value="https://adoptium.net/"/>
    <property name="user.timezone" value="Etc/UTC"/>
    <property name="maven-surefire-plugin.argLineAccessArgs" value=""/>
    <property name="os.name" value="Linux"/>
    <property name="java.vm.specification.version" value="1.8"/>
    <property name="test.build.data" value="/home/runner/work/ozone/ozone/hadoop-ozone/integration-test/target/test-dir"/>
    <property name="sun.java.launcher" value="SUN_STANDARD"/>
    <property name="derby.stream.error.method" value="org.hadoop.ozone.recon.codegen.SqlDbUtils.disableDerbyLogFile"/>
    <property name="sun.boot.library.path" value="/usr/lib/jvm/temurin-8-jdk-amd64/jre/lib/amd64"/>
    <property name="sun.java.command" value="/home/runner/work/ozone/ozone/hadoop-ozone/integration-test/target/surefire/surefirebooter2029956097600193601.jar /home/runner/work/ozone/ozone/hadoop-ozone/integration-test/target/surefire 2024-04-06T10-20-07_159-jvmRun1 surefire7420771761582190958tmp surefire_532836648114015854134tmp"/>
    <property name="native.lib.tmp.dir" value="/tmp"/>
    <property name="surefire.test.class.path" value="/home/runner/work/ozone/ozone/hadoop-ozone/integration-test/target/test-classes:/home/runner/work/ozone/ozone/hadoop-ozone/integration-test/target/classes:/home/runner/work/ozone/ozone/hadoop-ozone/common/target/classes:/home/runner/.m2/repository/io/grpc/grpc-netty/1.58.0/grpc-netty-1.58.0.jar:/home/runner/.m2/repository/io/grpc/grpc-core/1.58.0/grpc-core-1.58.0.jar:/home/runner/.m2/repository/com/google/android/annotations/4.1.1.4/annotations-4.1.1.4.jar:/home/runner/.m2/repository/org/codehaus/mojo/animal-sniffer-annotations/1.23/animal-sniffer-annotations-1.23.jar:/home/runner/.m2/repository/io/grpc/grpc-context/1.58.0/grpc-context-1.58.0.jar:/home/runner/.m2/repository/io/grpc/grpc-util/1.58.0/grpc-util-1.58.0.jar:/home/runner/.m2/repository/com/google/errorprone/error_prone_annotations/2.2.0/error_prone_annotations-2.2.0.jar:/home/runner/.m2/repository/io/perfmark/perfmark-api/0.26.0/perfmark-api-0.26.0.jar:/home/runner/.m2/repository/io/netty/netty-codec-http2/4.1.100.Final/netty-codec-http2-4.1.100.Final.jar:/home/runner/.m2/repository/io/netty/netty-common/4.1.100.Final/netty-common-4.1.100.Final.jar:/home/runner/.m2/repository/io/netty/netty-buffer/4.1.100.Final/netty-buffer-4.1.100.Final.jar:/home/runner/.m2/repository/io/netty/netty-codec-http/4.1.100.Final/netty-codec-http-4.1.100.Final.jar:/home/runner/.m2/repository/io/netty/netty-handler-proxy/4.1.100.Final/netty-handler-proxy-4.1.100.Final.jar:/home/runner/.m2/repository/io/netty/netty-codec-socks/4.1.100.Final/netty-codec-socks-4.1.100.Final.jar:/home/runner/.m2/repository/io/netty/netty-tcnative-boringssl-static/2.0.61.Final/netty-tcnative-boringssl-static-2.0.61.Final.jar:/home/runner/.m2/repository/io/netty/netty-tcnative-classes/2.0.61.Final/netty-tcnative-classes-2.0.61.Final.jar:/home/runner/.m2/repository/io/netty/netty-tcnative-boringssl-static/2.0.61.Final/netty-tcnative-boringssl-static-2.0.61.Final-linux-x86_64.jar:/home/runner/.m2/repository/io/netty/netty-tcnative-boringssl-static/2.0.61.Final/netty-tcnative-boringssl-static-2.0.61.Final-linux-aarch_64.jar:/home/runner/.m2/repository/io/netty/netty-tcnative-boringssl-static/2.0.61.Final/netty-tcnative-boringssl-static-2.0.61.Final-osx-x86_64.jar:/home/runner/.m2/repository/io/netty/netty-tcnative-boringssl-static/2.0.61.Final/netty-tcnative-boringssl-static-2.0.61.Final-osx-aarch_64.jar:/home/runner/.m2/repository/io/netty/netty-tcnative-boringssl-static/2.0.61.Final/netty-tcnative-boringssl-static-2.0.61.Final-windows-x86_64.jar:/home/runner/.m2/repository/org/apache/commons/commons-compress/1.26.0/commons-compress-1.26.0.jar:/home/runner/work/ozone/ozone/hadoop-hdds/common/target/classes:/home/runner/work/ozone/ozone/hadoop-hdds/client/target/classes:/home/runner/work/ozone/ozone/hadoop-ozone/interface-client/target/classes:/home/runner/.m2/repository/org/apache/hadoop/hadoop-hdfs-client/3.3.6/hadoop-hdfs-client-3.3.6.jar:/home/runner/.m2/repository/com/squareup/okhttp3/okhttp/4.12.0/okhttp-4.12.0.jar:/home/runner/.m2/repository/com/squareup/okio/okio/3.6.0/okio-3.6.0.jar:/home/runner/.m2/repository/com/squareup/okio/okio-jvm/3.6.0/okio-jvm-3.6.0.jar:/home/runner/.m2/repository/org/jetbrains/kotlin/kotlin-stdlib-jdk8/1.9.22/kotlin-stdlib-jdk8-1.9.22.jar:/home/runner/.m2/repository/org/jetbrains/kotlin/kotlin-stdlib-jdk7/1.9.22/kotlin-stdlib-jdk7-1.9.22.jar:/home/runner/.m2/repository/org/jetbrains/kotlin/kotlin-stdlib-common/1.9.22/kotlin-stdlib-common-1.9.22.jar:/home/runner/work/ozone/ozone/hadoop-hdds/test-utils/target/classes:/home/runner/.m2/repository/org/assertj/assertj-core/3.12.2/assertj-core-3.12.2.jar:/home/runner/.m2/repository/com/google/guava/guava/32.0.0-jre/guava-32.0.0-jre.jar:/home/runner/.m2/repository/com/google/guava/failureaccess/1.0.1/failureaccess-1.0.1.jar:/home/runner/.m2/repository/com/google/guava/listenablefuture/9999.0-empty-to-avoid-conflict-with-guava/listenablefuture-9999.0-empty-to-avoid-conflict-with-guava.jar:/home/runner/.m2/repository/org/checkerframework/checker-qual/3.33.0/checker-qual-3.33.0.jar:/home/runner/.m2/repository/com/google/j2objc/j2objc-annotations/2.8/j2objc-annotations-2.8.jar:/home/runner/.m2/repository/commons-io/commons-io/2.16.0/commons-io-2.16.0.jar:/home/runner/.m2/repository/commons-logging/commons-logging/1.2/commons-logging-1.2.jar:/home/runner/.m2/repository/org/junit/jupiter/junit-jupiter-api/5.10.2/junit-jupiter-api-5.10.2.jar:/home/runner/.m2/repository/org/opentest4j/opentest4j/1.3.0/opentest4j-1.3.0.jar:/home/runner/.m2/repository/org/junit/platform/junit-platform-commons/1.10.2/junit-platform-commons-1.10.2.jar:/home/runner/.m2/repository/ch/qos/reload4j/reload4j/1.2.25/reload4j-1.2.25.jar:/home/runner/.m2/repository/jakarta/annotation/jakarta.annotation-api/2.1.1/jakarta.annotation-api-2.1.1.jar:/home/runner/.m2/repository/org/slf4j/slf4j-api/2.0.12/slf4j-api-2.0.12.jar:/home/runner/.m2/repository/org/apache/logging/log4j/log4j-api/2.17.1/log4j-api-2.17.1.jar:/home/runner/work/ozone/ozone/hadoop-hdds/server-scm/target/classes:/home/runner/.m2/repository/com/google/protobuf/protobuf-java/2.5.0/protobuf-java-2.5.0.jar:/home/runner/work/ozone/ozone/hadoop-hdds/container-service/target/classes:/home/runner/work/ozone/ozone/hadoop-hdds/hadoop-dependency-server/target/classes:/home/runner/.m2/repository/com/nimbusds/nimbus-jose-jwt/9.37.2/nimbus-jose-jwt-9.37.2.jar:/home/runner/.m2/repository/com/github/stephenc/jcip/jcip-annotations/1.0-1/jcip-annotations-1.0-1.jar:/home/runner/.m2/repository/org/apache/hadoop/hadoop-hdfs/3.3.6/hadoop-hdfs-3.3.6.jar:/home/runner/.m2/repository/commons-daemon/commons-daemon/1.0.13/commons-daemon-1.0.13.jar:/home/runner/.m2/repository/org/xerial/snappy/snappy-java/1.1.10.5/snappy-java-1.1.10.5.jar:/home/runner/work/ozone/ozone/hadoop-hdds/framework/target/classes:/home/runner/.m2/repository/org/bouncycastle/bcprov-jdk18on/1.77/bcprov-jdk18on-1.77.jar:/home/runner/.m2/repository/io/dropwizard/metrics/metrics-core/3.2.4/metrics-core-3.2.4.jar:/home/runner/.m2/repository/org/apache/commons/commons-text/1.11.0/commons-text-1.11.0.jar:/home/runner/work/ozone/ozone/hadoop-hdds/framework/target/test-classes:/home/runner/work/ozone/ozone/hadoop-hdds/interface-server/target/classes:/home/runner/work/ozone/ozone/hadoop-hdds/interface-admin/target/classes:/home/runner/work/ozone/ozone/hadoop-hdds/managed-rocksdb/target/classes:/home/runner/.m2/repository/org/rocksdb/rocksdbjni/7.7.3/rocksdbjni-7.7.3.jar:/home/runner/.m2/repository/org/slf4j/slf4j-reload4j/2.0.12/slf4j-reload4j-2.0.12.jar:/home/runner/.m2/repository/org/apache/commons/commons-configuration2/2.10.1/commons-configuration2-2.10.1.jar:/home/runner/.m2/repository/commons-fileupload/commons-fileupload/1.5/commons-fileupload-1.5.jar:/home/runner/.m2/repository/org/apache/logging/log4j/log4j-core/2.17.1/log4j-core-2.17.1.jar:/home/runner/.m2/repository/com/lmax/disruptor/3.4.4/disruptor-3.4.4.jar:/home/runner/.m2/repository/org/eclipse/jetty/jetty-util/9.4.53.v20231009/jetty-util-9.4.53.v20231009.jar:/home/runner/.m2/repository/org/eclipse/jetty/jetty-server/9.4.53.v20231009/jetty-server-9.4.53.v20231009.jar:/home/runner/.m2/repository/org/eclipse/jetty/jetty-http/9.4.53.v20231009/jetty-http-9.4.53.v20231009.jar:/home/runner/.m2/repository/org/eclipse/jetty/jetty-io/9.4.53.v20231009/jetty-io-9.4.53.v20231009.jar:/home/runner/.m2/repository/org/eclipse/jetty/jetty-servlet/9.4.53.v20231009/jetty-servlet-9.4.53.v20231009.jar:/home/runner/.m2/repository/org/eclipse/jetty/jetty-security/9.4.53.v20231009/jetty-security-9.4.53.v20231009.jar:/home/runner/.m2/repository/org/eclipse/jetty/jetty-util-ajax/9.4.53.v20231009/jetty-util-ajax-9.4.53.v20231009.jar:/home/runner/.m2/repository/org/eclipse/jetty/jetty-webapp/9.4.53.v20231009/jetty-webapp-9.4.53.v20231009.jar:/home/runner/.m2/repository/org/eclipse/jetty/jetty-xml/9.4.53.v20231009/jetty-xml-9.4.53.v20231009.jar:/home/runner/.m2/repository/org/apache/ratis/ratis-server/3.0.1/ratis-server-3.0.1.jar:/home/runner/.m2/repository/org/apache/ratis/ratis-thirdparty-misc/1.0.5/ratis-thirdparty-misc-1.0.5.jar:/home/runner/.m2/repository/org/apache/ratis/ratis-proto/3.0.1/ratis-proto-3.0.1.jar:/home/runner/.m2/repository/org/apache/ratis/ratis-common/3.0.1/ratis-common-3.0.1.jar:/home/runner/.m2/repository/org/apache/ratis/ratis-client/3.0.1/ratis-client-3.0.1.jar:/home/runner/.m2/repository/org/apache/ratis/ratis-server-api/3.0.1/ratis-server-api-3.0.1.jar:/home/runner/.m2/repository/org/apache/ratis/ratis-metrics-api/3.0.1/ratis-metrics-api-3.0.1.jar:/home/runner/.m2/repository/org/apache/ratis/ratis-metrics-dropwizard3/3.0.1/ratis-metrics-dropwizard3-3.0.1.jar:/home/runner/.m2/repository/io/prometheus/simpleclient_dropwizard/0.16.0/simpleclient_dropwizard-0.16.0.jar:/home/runner/.m2/repository/io/prometheus/simpleclient/0.16.0/simpleclient-0.16.0.jar:/home/runner/.m2/repository/io/prometheus/simpleclient_common/0.16.0/simpleclient_common-0.16.0.jar:/home/runner/.m2/repository/com/fasterxml/jackson/datatype/jackson-datatype-jsr310/2.16.1/jackson-datatype-jsr310-2.16.1.jar:/home/runner/.m2/repository/com/fasterxml/jackson/core/jackson-core/2.16.1/jackson-core-2.16.1.jar:/home/runner/work/ozone/ozone/hadoop-hdds/rocksdb-checkpoint-differ/target/classes:/home/runner/.m2/repository/org/jgrapht/jgrapht-core/1.4.0/jgrapht-core-1.4.0.jar:/home/runner/.m2/repository/org/jheaps/jheaps/0.11/jheaps-0.11.jar:/home/runner/.m2/repository/org/jgrapht/jgrapht-ext/1.4.0/jgrapht-ext-1.4.0.jar:/home/runner/.m2/repository/com/github/vlsi/mxgraph/jgraphx/3.9.8.1/jgraphx-3.9.8.1.jar:/home/runner/work/ozone/ozone/hadoop-ozone/ozone-manager/target/classes:/home/runner/.m2/repository/org/aspectj/aspectjrt/1.9.7/aspectjrt-1.9.7.jar:/home/runner/.m2/repository/org/aspectj/aspectjweaver/1.9.7/aspectjweaver-1.9.7.jar:/home/runner/work/ozone/ozone/hadoop-hdds/interface-client/target/classes:/home/runner/.m2/repository/org/apache/hadoop/thirdparty/hadoop-shaded-protobuf_3_7/1.1.1/hadoop-shaded-protobuf_3_7-1.1.1.jar:/home/runner/work/ozone/ozone/hadoop-ozone/interface-storage/target/classes:/home/runner/.m2/repository/org/reflections/reflections/0.10.2/reflections-0.10.2.jar:/home/runner/.m2/repository/com/sun/jersey/jersey-client/1.19.4/jersey-client-1.19.4.jar:/home/runner/.m2/repository/org/codehaus/jackson/jackson-core-asl/1.9.13/jackson-core-asl-1.9.13.jar:/home/runner/.m2/repository/org/codehaus/jackson/jackson-mapper-asl/1.9.13/jackson-mapper-asl-1.9.13.jar:/home/runner/.m2/repository/org/codehaus/jackson/jackson-jaxrs/1.9.13/jackson-jaxrs-1.9.13.jar:/home/runner/.m2/repository/org/apache/ranger/ranger-intg/2.3.0/ranger-intg-2.3.0.jar:/home/runner/.m2/repository/org/apache/ranger/ranger-plugins-common/2.3.0/ranger-plugins-common-2.3.0.jar:/home/runner/.m2/repository/commons-lang/commons-lang/2.6/commons-lang-2.6.jar:/home/runner/.m2/repository/org/apache/ranger/ranger-plugins-cred/2.3.0/ranger-plugins-cred-2.3.0.jar:/home/runner/.m2/repository/org/apache/ranger/ranger-plugins-audit/2.3.0/ranger-plugins-audit-2.3.0.jar:/home/runner/.m2/repository/org/eclipse/jetty/jetty-client/9.4.53.v20231009/jetty-client-9.4.53.v20231009.jar:/home/runner/.m2/repository/org/apache/httpcomponents/httpmime/4.5.6/httpmime-4.5.6.jar:/home/runner/.m2/repository/org/apache/httpcomponents/httpcore-nio/4.4.16/httpcore-nio-4.4.16.jar:/home/runner/.m2/repository/org/apache/httpcomponents/httpasyncclient/4.1.3/httpasyncclient-4.1.3.jar:/home/runner/.m2/repository/com/carrotsearch/hppc/0.8.0/hppc-0.8.0.jar:/home/runner/.m2/repository/org/apache/orc/orc-core/1.5.8/orc-core-1.5.8.jar:/home/runner/.m2/repository/net/java/dev/jna/jna/5.2.0/jna-5.2.0.jar:/home/runner/.m2/repository/net/java/dev/jna/jna-platform/5.2.0/jna-platform-5.2.0.jar:/home/runner/.m2/repository/com/kstruct/gethostname4j/0.0.2/gethostname4j-0.0.2.jar:/home/runner/.m2/repository/org/apache/ranger/ranger-plugin-classloader/2.3.0/ranger-plugin-classloader-2.3.0.jar:/home/runner/work/ozone/ozone/hadoop-hdds/rocks-native/target/classes:/home/runner/.m2/repository/org/apache/hadoop/hadoop-minikdc/3.3.6/hadoop-minikdc-3.3.6.jar:/home/runner/.m2/repository/org/apache/kerby/kerb-simplekdc/1.0.1/kerb-simplekdc-1.0.1.jar:/home/runner/.m2/repository/org/apache/kerby/kerb-client/1.0.1/kerb-client-1.0.1.jar:/home/runner/.m2/repository/org/apache/kerby/kerby-config/1.0.1/kerby-config-1.0.1.jar:/home/runner/.m2/repository/org/apache/kerby/kerb-common/1.0.1/kerb-common-1.0.1.jar:/home/runner/.m2/repository/org/apache/kerby/kerb-crypto/1.0.1/kerb-crypto-1.0.1.jar:/home/runner/.m2/repository/org/apache/kerby/kerb-util/1.0.1/kerb-util-1.0.1.jar:/home/runner/.m2/repository/org/apache/kerby/token-provider/1.0.1/token-provider-1.0.1.jar:/home/runner/.m2/repository/org/apache/kerby/kerb-admin/1.0.1/kerb-admin-1.0.1.jar:/home/runner/.m2/repository/org/apache/kerby/kerb-server/1.0.1/kerb-server-1.0.1.jar:/home/runner/.m2/repository/org/apache/kerby/kerb-identity/1.0.1/kerb-identity-1.0.1.jar:/home/runner/.m2/repository/org/apache/kerby/kerby-xdr/1.0.1/kerby-xdr-1.0.1.jar:/home/runner/.m2/repository/junit/junit/4.13.2/junit-4.13.2.jar:/home/runner/.m2/repository/org/hamcrest/hamcrest-core/1.3/hamcrest-core-1.3.jar:/home/runner/work/ozone/ozone/hadoop-ozone/s3gateway/target/classes:/home/runner/.m2/repository/org/javassist/javassist/3.21.0-GA/javassist-3.21.0-GA.jar:/home/runner/.m2/repository/org/jboss/weld/servlet/weld-servlet-shaded/3.1.9.Final/weld-servlet-shaded-3.1.9.Final.jar:/home/runner/.m2/repository/org/glassfish/jersey/containers/jersey-container-servlet-core/2.42/jersey-container-servlet-core-2.42.jar:/home/runner/.m2/repository/org/glassfish/hk2/external/jakarta.inject/2.6.1/jakarta.inject-2.6.1.jar:/home/runner/.m2/repository/org/glassfish/jersey/core/jersey-common/2.42/jersey-common-2.42.jar:/home/runner/.m2/repository/jakarta/ws/rs/jakarta.ws.rs-api/2.1.6/jakarta.ws.rs-api-2.1.6.jar:/home/runner/.m2/repository/org/glassfish/jersey/ext/cdi/jersey-cdi1x/2.42/jersey-cdi1x-2.42.jar:/home/runner/.m2/repository/org/glassfish/jersey/inject/jersey-hk2/2.42/jersey-hk2-2.42.jar:/home/runner/.m2/repository/org/glassfish/hk2/hk2-locator/2.6.1/hk2-locator-2.6.1.jar:/home/runner/.m2/repository/org/glassfish/jersey/media/jersey-media-jaxb/2.42/jersey-media-jaxb-2.42.jar:/home/runner/.m2/repository/org/glassfish/hk2/osgi-resource-locator/1.0.3/osgi-resource-locator-1.0.3.jar:/home/runner/.m2/repository/org/glassfish/hk2/hk2-api/2.6.1/hk2-api-2.6.1.jar:/home/runner/.m2/repository/org/glassfish/hk2/hk2-utils/2.6.1/hk2-utils-2.6.1.jar:/home/runner/.m2/repository/org/glassfish/hk2/external/aopalliance-repackaged/2.6.1/aopalliance-repackaged-2.6.1.jar:/home/runner/.m2/repository/com/fasterxml/jackson/dataformat/jackson-dataformat-xml/2.16.1/jackson-dataformat-xml-2.16.1.jar:/home/runner/.m2/repository/org/codehaus/woodstox/stax2-api/4.2.2/stax2-api-4.2.2.jar:/home/runner/.m2/repository/com/fasterxml/woodstox/woodstox-core/5.4.0/woodstox-core-5.4.0.jar:/home/runner/.m2/repository/com/fasterxml/jackson/module/jackson-module-jaxb-annotations/2.16.1/jackson-module-jaxb-annotations-2.16.1.jar:/home/runner/.m2/repository/javax/enterprise/cdi-api/2.0/cdi-api-2.0.jar:/home/runner/.m2/repository/javax/el/javax.el-api/3.0.0/javax.el-api-3.0.0.jar:/home/runner/.m2/repository/javax/interceptor/javax.interceptor-api/1.2/javax.interceptor-api-1.2.jar:/home/runner/.m2/repository/javax/inject/javax.inject/1/javax.inject-1.jar:/home/runner/.m2/repository/jakarta/xml/bind/jakarta.xml.bind-api/2.3.3/jakarta.xml.bind-api-2.3.3.jar:/home/runner/.m2/repository/org/glassfish/jaxb/jaxb-runtime/2.3.9/jaxb-runtime-2.3.9.jar:/home/runner/.m2/repository/org/glassfish/jaxb/txw2/2.3.9/txw2-2.3.9.jar:/home/runner/.m2/repository/com/sun/istack/istack-commons-runtime/3.0.12/istack-commons-runtime-3.0.12.jar:/home/runner/.m2/repository/com/sun/activation/jakarta.activation/1.2.2/jakarta.activation-1.2.2.jar:/home/runner/.m2/repository/jakarta/activation/jakarta.activation-api/1.2.2/jakarta.activation-api-1.2.2.jar:/home/runner/.m2/repository/io/grpc/grpc-protobuf/1.58.0/grpc-protobuf-1.58.0.jar:/home/runner/.m2/repository/com/google/api/grpc/proto-google-common-protos/2.22.0/proto-google-common-protos-2.22.0.jar:/home/runner/.m2/repository/io/grpc/grpc-protobuf-lite/1.58.0/grpc-protobuf-lite-1.58.0.jar:/home/runner/.m2/repository/io/grpc/grpc-stub/1.58.0/grpc-stub-1.58.0.jar:/home/runner/.m2/repository/io/netty/netty-transport/4.1.100.Final/netty-transport-4.1.100.Final.jar:/home/runner/.m2/repository/io/netty/netty-resolver/4.1.100.Final/netty-resolver-4.1.100.Final.jar:/home/runner/work/ozone/ozone/hadoop-ozone/csi/target/classes:/home/runner/.m2/repository/com/google/protobuf/protobuf-java-util/3.19.6/protobuf-java-util-3.19.6.jar:/home/runner/.m2/repository/com/google/code/gson/gson/2.10.1/gson-2.10.1.jar:/home/runner/work/ozone/ozone/hadoop-hdds/config/target/classes:/home/runner/.m2/repository/io/netty/netty-transport-native-epoll/4.1.100.Final/netty-transport-native-epoll-4.1.100.Final-linux-x86_64.jar:/home/runner/.m2/repository/io/netty/netty-transport-classes-epoll/4.1.100.Final/netty-transport-classes-epoll-4.1.100.Final.jar:/home/runner/.m2/repository/io/netty/netty-transport-native-unix-common/4.1.100.Final/netty-transport-native-unix-common-4.1.100.Final.jar:/home/runner/work/ozone/ozone/hadoop-ozone/recon/target/classes:/home/runner/work/ozone/ozone/hadoop-ozone/recon-codegen/target/classes:/home/runner/.m2/repository/com/google/inject/guice/6.0.0/guice-6.0.0.jar:/home/runner/.m2/repository/jakarta/inject/jakarta.inject-api/2.0.1/jakarta.inject-api-2.0.1.jar:/home/runner/.m2/repository/aopalliance/aopalliance/1.0/aopalliance-1.0.jar:/home/runner/.m2/repository/com/google/inject/extensions/guice-assistedinject/6.0.0/guice-assistedinject-6.0.0.jar:/home/runner/.m2/repository/com/google/inject/extensions/guice-servlet/6.0.0/guice-servlet-6.0.0.jar:/home/runner/.m2/repository/org/glassfish/jersey/containers/jersey-container-servlet/2.42/jersey-container-servlet-2.42.jar:/home/runner/.m2/repository/org/glassfish/hk2/guice-bridge/2.6.1/guice-bridge-2.6.1.jar:/home/runner/.m2/repository/org/glassfish/jersey/core/jersey-server/2.42/jersey-server-2.42.jar:/home/runner/.m2/repository/org/glassfish/jersey/core/jersey-client/2.42/jersey-client-2.42.jar:/home/runner/.m2/repository/jakarta/validation/jakarta.validation-api/2.0.2/jakarta.validation-api-2.0.2.jar:/home/runner/.m2/repository/org/glassfish/jersey/media/jersey-media-json-jackson/2.42/jersey-media-json-jackson-2.42.jar:/home/runner/.m2/repository/org/glassfish/jersey/ext/jersey-entity-filtering/2.42/jersey-entity-filtering-2.42.jar:/home/runner/.m2/repository/org/jooq/jooq/3.11.10/jooq-3.11.10.jar:/home/runner/.m2/repository/org/jooq/jooq-meta/3.11.10/jooq-meta-3.11.10.jar:/home/runner/.m2/repository/org/jooq/jooq-codegen/3.11.10/jooq-codegen-3.11.10.jar:/home/runner/.m2/repository/com/jolbox/bonecp/0.8.0.RELEASE/bonecp-0.8.0.RELEASE.jar:/home/runner/.m2/repository/org/apache/derby/derby/10.14.2.0/derby-10.14.2.0.jar:/home/runner/.m2/repository/org/xerial/sqlite-jdbc/3.44.1.0/sqlite-jdbc-3.44.1.0.jar:/home/runner/.m2/repository/org/springframework/spring-jdbc/5.3.27/spring-jdbc-5.3.27.jar:/home/runner/.m2/repository/org/springframework/spring-beans/5.3.27/spring-beans-5.3.27.jar:/home/runner/.m2/repository/org/springframework/spring-core/5.3.27/spring-core-5.3.27.jar:/home/runner/.m2/repository/org/springframework/spring-tx/5.3.27/spring-tx-5.3.27.jar:/home/runner/work/ozone/ozone/hadoop-ozone/client/target/classes:/home/runner/work/ozone/ozone/hadoop-hdds/erasurecode/target/classes:/home/runner/work/ozone/ozone/hadoop-ozone/ozonefs/target/classes:/home/runner/work/ozone/ozone/hadoop-ozone/ozonefs-common/target/classes:/home/runner/work/ozone/ozone/hadoop-ozone/tools/target/classes:/home/runner/.m2/repository/com/amazonaws/aws-java-sdk-core/1.12.661/aws-java-sdk-core-1.12.661.jar:/home/runner/.m2/repository/org/apache/httpcomponents/httpclient/4.5.14/httpclient-4.5.14.jar:/home/runner/.m2/repository/org/apache/httpcomponents/httpcore/4.4.16/httpcore-4.4.16.jar:/home/runner/.m2/repository/com/fasterxml/jackson/dataformat/jackson-dataformat-cbor/2.16.1/jackson-dataformat-cbor-2.16.1.jar:/home/runner/.m2/repository/joda-time/joda-time/2.12.7/joda-time-2.12.7.jar:/home/runner/.m2/repository/com/amazonaws/aws-java-sdk-s3/1.12.661/aws-java-sdk-s3-1.12.661.jar:/home/runner/.m2/repository/com/amazonaws/aws-java-sdk-kms/1.12.661/aws-java-sdk-kms-1.12.661.jar:/home/runner/.m2/repository/com/amazonaws/jmespath-java/1.12.661/jmespath-java-1.12.661.jar:/home/runner/.m2/repository/org/kohsuke/metainf-services/metainf-services/1.11/metainf-services-1.11.jar:/home/runner/work/ozone/ozone/hadoop-hdds/tools/target/classes:/home/runner/.m2/repository/org/apache/ratis/ratis-tools/3.0.1/ratis-tools-3.0.1.jar:/home/runner/.m2/repository/commons-cli/commons-cli/1.6.0/commons-cli-1.6.0.jar:/home/runner/.m2/repository/org/apache/commons/commons-lang3/3.14.0/commons-lang3-3.14.0.jar:/home/runner/work/ozone/ozone/hadoop-ozone/ozone-manager/target/test-classes:/home/runner/work/ozone/ozone/hadoop-hdds/common/target/test-classes:/home/runner/work/ozone/ozone/hadoop-hdds/hadoop-dependency-client/target/classes:/home/runner/.m2/repository/info/picocli/picocli/4.7.5/picocli-4.7.5.jar:/home/runner/.m2/repository/com/fasterxml/jackson/core/jackson-annotations/2.16.1/jackson-annotations-2.16.1.jar:/home/runner/work/ozone/ozone/hadoop-hdds/annotations/target/classes:/home/runner/.m2/repository/javax/annotation/javax.annotation-api/1.3.2/javax.annotation-api-1.3.2.jar:/home/runner/.m2/repository/org/apache/ratis/ratis-netty/3.0.1/ratis-netty-3.0.1.jar:/home/runner/.m2/repository/org/apache/ratis/ratis-grpc/3.0.1/ratis-grpc-3.0.1.jar:/home/runner/.m2/repository/org/bouncycastle/bcpkix-jdk18on/1.77/bcpkix-jdk18on-1.77.jar:/home/runner/.m2/repository/org/bouncycastle/bcutil-jdk18on/1.77/bcutil-jdk18on-1.77.jar:/home/runner/.m2/repository/commons-validator/commons-validator/1.6/commons-validator-1.6.jar:/home/runner/.m2/repository/commons-beanutils/commons-beanutils/1.9.4/commons-beanutils-1.9.4.jar:/home/runner/.m2/repository/commons-digester/commons-digester/1.8.1/commons-digester-1.8.1.jar:/home/runner/.m2/repository/commons-collections/commons-collections/3.2.2/commons-collections-3.2.2.jar:/home/runner/.m2/repository/io/jaegertracing/jaeger-client/1.8.1/jaeger-client-1.8.1.jar:/home/runner/.m2/repository/io/jaegertracing/jaeger-thrift/1.8.1/jaeger-thrift-1.8.1.jar:/home/runner/.m2/repository/org/apache/thrift/libthrift/0.15.0/libthrift-0.15.0.jar:/home/runner/.m2/repository/io/jaegertracing/jaeger-core/1.8.1/jaeger-core-1.8.1.jar:/home/runner/.m2/repository/io/jaegertracing/jaeger-tracerresolver/1.8.1/jaeger-tracerresolver-1.8.1.jar:/home/runner/.m2/repository/io/opentracing/contrib/opentracing-tracerresolver/0.1.8/opentracing-tracerresolver-0.1.8.jar:/home/runner/.m2/repository/org/jetbrains/kotlin/kotlin-stdlib/1.9.22/kotlin-stdlib-1.9.22.jar:/home/runner/.m2/repository/org/jetbrains/annotations/13.0/annotations-13.0.jar:/home/runner/.m2/repository/io/opentracing/opentracing-util/0.33.0/opentracing-util-0.33.0.jar:/home/runner/.m2/repository/io/opentracing/opentracing-api/0.33.0/opentracing-api-0.33.0.jar:/home/runner/.m2/repository/io/opentracing/opentracing-noop/0.33.0/opentracing-noop-0.33.0.jar:/home/runner/.m2/repository/org/yaml/snakeyaml/2.0/snakeyaml-2.0.jar:/home/runner/.m2/repository/io/grpc/grpc-api/1.58.0/grpc-api-1.58.0.jar:/home/runner/.m2/repository/org/junit/platform/junit-platform-launcher/1.10.2/junit-platform-launcher-1.10.2.jar:/home/runner/.m2/repository/org/junit/platform/junit-platform-engine/1.10.2/junit-platform-engine-1.10.2.jar:/home/runner/.m2/repository/org/apiguardian/apiguardian-api/1.1.2/apiguardian-api-1.1.2.jar:/home/runner/.m2/repository/org/apache/hadoop/hadoop-kms/3.3.6/hadoop-kms-3.3.6.jar:/home/runner/.m2/repository/org/apache/hadoop/hadoop-auth/3.3.6/hadoop-auth-3.3.6.jar:/home/runner/.m2/repository/org/apache/zookeeper/zookeeper/3.8.4/zookeeper-3.8.4.jar:/home/runner/.m2/repository/org/apache/zookeeper/zookeeper-jute/3.8.4/zookeeper-jute-3.8.4.jar:/home/runner/.m2/repository/org/apache/yetus/audience-annotations/0.12.0/audience-annotations-0.12.0.jar:/home/runner/.m2/repository/org/apache/curator/curator-framework/4.2.0/curator-framework-4.2.0.jar:/home/runner/.m2/repository/org/apache/hadoop/thirdparty/hadoop-shaded-guava/1.2.0/hadoop-shaded-guava-1.2.0.jar:/home/runner/.m2/repository/com/sun/jersey/jersey-core/1.19.4/jersey-core-1.19.4.jar:/home/runner/.m2/repository/javax/ws/rs/jsr311-api/1.1.1/jsr311-api-1.1.1.jar:/home/runner/.m2/repository/com/sun/jersey/jersey-server/1.19.4/jersey-server-1.19.4.jar:/home/runner/.m2/repository/javax/servlet/javax.servlet-api/3.1.0/javax.servlet-api-3.1.0.jar:/home/runner/.m2/repository/org/apache/hadoop/hadoop-common/3.3.6/hadoop-common-3.3.6.jar:/home/runner/.m2/repository/org/apache/commons/commons-math3/3.6.1/commons-math3-3.6.1.jar:/home/runner/.m2/repository/commons-net/commons-net/3.10.0/commons-net-3.10.0.jar:/home/runner/.m2/repository/com/sun/jersey/jersey-servlet/1.19.4/jersey-servlet-1.19.4.jar:/home/runner/.m2/repository/com/github/pjfanning/jersey-json/1.20/jersey-json-1.20.jar:/home/runner/.m2/repository/org/codehaus/jettison/jettison/1.1/jettison-1.1.jar:/home/runner/.m2/repository/com/sun/xml/bind/jaxb-impl/2.2.3-1/jaxb-impl-2.2.3-1.jar:/home/runner/.m2/repository/com/google/re2j/re2j/1.7/re2j-1.7.jar:/home/runner/.m2/repository/com/jcraft/jsch/0.1.54/jsch-0.1.54.jar:/home/runner/.m2/repository/org/apache/curator/curator-client/4.2.0/curator-client-4.2.0.jar:/home/runner/.m2/repository/org/apache/curator/curator-recipes/5.2.0/curator-recipes-5.2.0.jar:/home/runner/.m2/repository/com/google/code/findbugs/jsr305/3.0.2/jsr305-3.0.2.jar:/home/runner/.m2/repository/org/apache/kerby/kerb-core/1.0.1/kerb-core-1.0.1.jar:/home/runner/.m2/repository/org/apache/kerby/kerby-pkix/1.0.1/kerby-pkix-1.0.1.jar:/home/runner/.m2/repository/org/apache/kerby/kerby-asn1/1.0.1/kerby-asn1-1.0.1.jar:/home/runner/.m2/repository/org/apache/kerby/kerby-util/1.0.1/kerby-util-1.0.1.jar:/home/runner/.m2/repository/dnsjava/dnsjava/2.1.7/dnsjava-2.1.7.jar:/home/runner/.m2/repository/com/fasterxml/jackson/core/jackson-databind/2.16.1/jackson-databind-2.16.1.jar:/home/runner/.m2/repository/org/apache/hadoop/hadoop-kms/3.3.6/hadoop-kms-3.3.6-tests.jar:/home/runner/work/ozone/ozone/hadoop-hdds/server-scm/target/test-classes:/home/runner/work/ozone/ozone/hadoop-hdds/container-service/target/test-classes:/home/runner/.m2/repository/com/github/luben/zstd-jni/1.5.6-2/zstd-jni-1.5.6-2.jar:/home/runner/.m2/repository/commons-codec/commons-codec/1.15/commons-codec-1.15.jar:/home/runner/.m2/repository/io/netty/netty-codec/4.1.100.Final/netty-codec-4.1.100.Final.jar:/home/runner/.m2/repository/io/netty/netty-handler/4.1.100.Final/netty-handler-4.1.100.Final.jar:/home/runner/work/ozone/ozone/hadoop-hdds/hadoop-dependency-test/target/classes:/home/runner/.m2/repository/org/apache/hadoop/hadoop-common/3.3.6/hadoop-common-3.3.6-tests.jar:/home/runner/.m2/repository/org/apache/hadoop/hadoop-hdfs/3.3.6/hadoop-hdfs-3.3.6-tests.jar:/home/runner/.m2/repository/org/junit/jupiter/junit-jupiter-engine/5.10.2/junit-jupiter-engine-5.10.2.jar:/home/runner/.m2/repository/org/junit/jupiter/junit-jupiter-params/5.10.2/junit-jupiter-params-5.10.2.jar:/home/runner/.m2/repository/org/mockito/mockito-core/4.11.0/mockito-core-4.11.0.jar:/home/runner/.m2/repository/net/bytebuddy/byte-buddy/1.12.19/byte-buddy-1.12.19.jar:/home/runner/.m2/repository/net/bytebuddy/byte-buddy-agent/1.12.19/byte-buddy-agent-1.12.19.jar:/home/runner/.m2/repository/org/objenesis/objenesis/3.3/objenesis-3.3.jar:/home/runner/.m2/repository/org/mockito/mockito-junit-jupiter/4.11.0/mockito-junit-jupiter-4.11.0.jar:/home/runner/.m2/repository/org/apache/hadoop/hadoop-distcp/3.3.6/hadoop-distcp-3.3.6.jar:/home/runner/.m2/repository/org/apache/hadoop/hadoop-mapreduce-client-jobclient/3.3.6/hadoop-mapreduce-client-jobclient-3.3.6.jar:/home/runner/.m2/repository/org/apache/hadoop/hadoop-mapreduce-client-common/3.3.6/hadoop-mapreduce-client-common-3.3.6.jar:/home/runner/.m2/repository/org/apache/hadoop/hadoop-yarn-common/3.3.6/hadoop-yarn-common-3.3.6.jar:/home/runner/.m2/repository/org/apache/hadoop/hadoop-yarn-api/3.3.6/hadoop-yarn-api-3.3.6.jar:/home/runner/.m2/repository/javax/xml/bind/jaxb-api/2.2.11/jaxb-api-2.2.11.jar:/home/runner/.m2/repository/com/sun/jersey/contribs/jersey-guice/1.19.4/jersey-guice-1.19.4.jar:/home/runner/.m2/repository/com/fasterxml/jackson/jaxrs/jackson-jaxrs-json-provider/2.16.1/jackson-jaxrs-json-provider-2.16.1.jar:/home/runner/.m2/repository/com/fasterxml/jackson/jaxrs/jackson-jaxrs-base/2.16.1/jackson-jaxrs-base-2.16.1.jar:/home/runner/.m2/repository/org/apache/hadoop/hadoop-yarn-client/3.3.6/hadoop-yarn-client-3.3.6.jar:/home/runner/.m2/repository/org/eclipse/jetty/websocket/websocket-client/9.4.51.v20230217/websocket-client-9.4.51.v20230217.jar:/home/runner/.m2/repository/org/eclipse/jetty/websocket/websocket-common/9.4.51.v20230217/websocket-common-9.4.51.v20230217.jar:/home/runner/.m2/repository/org/eclipse/jetty/websocket/websocket-api/9.4.51.v20230217/websocket-api-9.4.51.v20230217.jar:/home/runner/.m2/repository/org/jline/jline/3.9.0/jline-3.9.0.jar:/home/runner/.m2/repository/org/apache/hadoop/hadoop-mapreduce-client-core/3.3.6/hadoop-mapreduce-client-core-3.3.6.jar:/home/runner/.m2/repository/org/apache/avro/avro/1.7.7/avro-1.7.7.jar:/home/runner/.m2/repository/com/thoughtworks/paranamer/paranamer/2.3/paranamer-2.3.jar:/home/runner/.m2/repository/org/apache/hadoop/hadoop-annotations/3.3.6/hadoop-annotations-3.3.6.jar:/usr/lib/jvm/temurin-8-jdk-amd64/jre/../lib/tools.jar:/home/runner/.m2/repository/io/netty/netty/3.10.6.Final/netty-3.10.6.Final.jar:/home/runner/.m2/repository/org/apache/hadoop/hadoop-distcp/3.3.6/hadoop-distcp-3.3.6-tests.jar:/home/runner/.m2/repository/org/hamcrest/hamcrest/2.2/hamcrest-2.2.jar:/home/runner/.m2/repository/org/slf4j/jul-to-slf4j/2.0.12/jul-to-slf4j-2.0.12.jar:/home/runner/work/ozone/ozone/hadoop-ozone/integration-test/target/gradle-enterprise/test-listeners.jar:"/>
    <property name="sun.cpu.endian" value="little"/>
    <property name="user.home" value="/home/runner"/>
    <property name="user.language" value="en"/>
    <property name="java.specification.vendor" value="Oracle Corporation"/>
    <property name="java.home" value="/usr/lib/jvm/temurin-8-jdk-amd64/jre"/>
    <property name="java.security.krb5.conf" value="/home/runner/work/ozone/ozone/hadoop-ozone/integration-test/target/test-classes/krb5.conf"/>
    <property name="file.separator" value="/"/>
    <property name="basedir" value="/home/runner/work/ozone/ozone/hadoop-ozone/integration-test"/>
    <property name="line.separator" value="&#10;"/>
    <property name="java.vm.specification.vendor" value="Oracle Corporation"/>
    <property name="java.specification.name" value="Java Platform API Specification"/>
    <property name="skip.installnpx" value="true"/>
    <property name="java.awt.graphicsenv" value="sun.awt.X11GraphicsEnvironment"/>
    <property name="surefire.real.class.path" value="/home/runner/work/ozone/ozone/hadoop-ozone/integration-test/target/surefire/surefirebooter2029956097600193601.jar:/home/runner/.m2/repository/org/jacoco/org.jacoco.agent/0.8.11/org.jacoco.agent-0.8.11-runtime.jar"/>
    <property name="sun.boot.class.path" value="/usr/lib/jvm/temurin-8-jdk-amd64/jre/lib/resources.jar:/usr/lib/jvm/temurin-8-jdk-amd64/jre/lib/rt.jar:/usr/lib/jvm/temurin-8-jdk-amd64/jre/lib/sunrsasign.jar:/usr/lib/jvm/temurin-8-jdk-amd64/jre/lib/jsse.jar:/usr/lib/jvm/temurin-8-jdk-amd64/jre/lib/jce.jar:/usr/lib/jvm/temurin-8-jdk-amd64/jre/lib/charsets.jar:/usr/lib/jvm/temurin-8-jdk-amd64/jre/lib/jfr.jar:/usr/lib/jvm/temurin-8-jdk-amd64/jre/classes"/>
    <property name="hadoop.log.dir" value="/home/runner/work/ozone/ozone/hadoop-ozone/integration-test/target/log"/>
    <property name="sun.management.compiler" value="HotSpot 64-Bit Tiered Compilers"/>
    <property name="java.runtime.version" value="1.8.0_402-b06"/>
    <property name="skip.npx" value="true"/>
    <property name="user.name" value="runner"/>
    <property name="java.net.preferIPv4Stack" value="true"/>
    <property name="path.separator" value=":"/>
    <property name="java.security.egd" value="file:///dev/urandom"/>
    <property name="os.version" value="5.15.0-1059-azure"/>
    <property name="java.endorsed.dirs" value="/usr/lib/jvm/temurin-8-jdk-amd64/jre/lib/endorsed"/>
    <property name="java.runtime.name" value="OpenJDK Runtime Environment"/>
    <property name="com.gradle.maven.scan.extension.test.listener.junitplatform.NestedExecutionSafeDelegatingTestExecutionListener" value="60c16548"/>
    <property name="file.encoding" value="UTF-8"/>
    <property name="java.vm.name" value="OpenJDK 64-Bit Server VM"/>
    <property name="test.build.webapps" value=""/>
    <property name="localRepository" value="/home/runner/.m2/repository"/>
    <property name="gradle.enterprise.listener.port" value="38109"/>
    <property name="jetty.git.hash" value="27bde00a0b95a1d5bbee0eae7984f891d2d0f8c9"/>
    <property name="java.vendor.url.bug" value="https://github.com/adoptium/adoptium-support/issues"/>
    <property name="require.test.libhadoop" value=""/>
    <property name="java.io.tmpdir" value="/tmp"/>
    <property name="java.version" value="1.8.0_402"/>
    <property name="user.dir" value="/home/runner/work/ozone/ozone/hadoop-ozone/integration-test"/>
    <property name="os.arch" value="amd64"/>
    <property name="test.build.classes" value="/home/runner/work/ozone/ozone/hadoop-ozone/integration-test/target/test-classes"/>
    <property name="java.vm.specification.name" value="Java Virtual Machine Specification"/>
    <property name="java.awt.printerjob" value="sun.print.PSPrinterJob"/>
    <property name="sun.os.patch.level" value="unknown"/>
    <property name="org.apache.ratis.thirdparty.io.netty.allocator.useCacheForAllThreads" value="false"/>
    <property name="hadoop.tmp.dir" value="/home/runner/work/ozone/ozone/hadoop-ozone/integration-test/target/tmp"/>
    <property name="java.library.path" value="/usr/java/packages/lib/amd64:/usr/lib64:/lib64:/lib:/usr/lib"/>
    <property name="java.vendor" value="Temurin"/>
    <property name="java.vm.info" value="mixed mode"/>
    <property name="java.vm.version" value="25.402-b06"/>
    <property name="java.specification.maintenance.version" value="5"/>
    <property name="sun.io.unicode.encoding" value="UnicodeLittle"/>
    <property name="java.ext.dirs" value="/usr/lib/jvm/temurin-8-jdk-amd64/jre/lib/ext:/usr/java/packages/lib/ext"/>
    <property name="java.class.version" value="52.0"/>
  </properties>
  <testcase name="testNodesInDecommissionOrMaintenance(HddsProtos$NodeOperationalState,HddsProtos$NodeOperationalState, boolean)" classname="org.apache.hadoop.ozone.recon.TestReconAndAdminContainerCLI" time="16.871"/>
  <testcase name="testNodesInDecommissionOrMaintenance(HddsProtos$NodeOperationalState,HddsProtos$NodeOperationalState, boolean)" classname="org.apache.hadoop.ozone.recon.TestReconAndAdminContainerCLI" time="37.096">
    <error type="java.util.concurrent.TimeoutException"><![CDATA[java.util.concurrent.TimeoutException: 
Timed out waiting for condition. Thread diagnostics:
Timestamp: 2024-04-06 10:34:43,779

"IPC Server handler 98 on default port 15001" daemon prio=5 tid=254 timed_waiting
java.lang.Thread.State: TIMED_WAITING
        at sun.misc.Unsafe.park(Native Method)
        at java.util.concurrent.locks.LockSupport.parkNanos(LockSupport.java:215)
        at java.util.concurrent.locks.AbstractQueuedSynchronizer$ConditionObject.awaitNanos(AbstractQueuedSynchronizer.java:2078)
        at java.util.concurrent.LinkedBlockingQueue.poll(LinkedBlockingQueue.java:467)
        at org.apache.hadoop.ipc.CallQueueManager.take(CallQueueManager.java:317)
        at org.apache.hadoop.ipc.Server$Handler.run(Server.java:3014)
"qtp226609535-641" daemon prio=5 tid=641 timed_waiting
java.lang.Thread.State: TIMED_WAITING
        at sun.misc.Unsafe.park(Native Method)
        at java.util.concurrent.locks.LockSupport.parkNanos(LockSupport.java:215)
        at java.util.concurrent.locks.AbstractQueuedSynchronizer$ConditionObject.awaitNanos(AbstractQueuedSynchronizer.java:2078)
        at org.eclipse.jetty.util.BlockingArrayQueue.poll(BlockingArrayQueue.java:382)
        at org.eclipse.jetty.util.thread.QueuedThreadPool$Runner.idleJobPoll(QueuedThreadPool.java:974)
        at org.eclipse.jetty.util.thread.QueuedThreadPool$Runner.run(QueuedThreadPool.java:1018)
        at java.lang.Thread.run(Thread.java:750)
"IPC Server Responder" daemon prio=5 tid=38 runnable
java.lang.Thread.State: RUNNABLE
        at sun.nio.ch.EPollArrayWrapper.epollWait(Native Method)
        at sun.nio.ch.EPollArrayWrapper.poll(EPollArrayWrapper.java:269)
        at sun.nio.ch.EPollSelectorImpl.doSelect(EPollSelectorImpl.java:93)
        at sun.nio.ch.SelectorImpl.lockAndDoSelect(SelectorImpl.java:86)
        at sun.nio.ch.SelectorImpl.select(SelectorImpl.java:97)
        at org.apache.hadoop.ipc.Server$Responder.doRunLoop(Server.java:1582)
        at org.apache.hadoop.ipc.Server$Responder.run(Server.java:1565)
"qtp976190925-695-acceptor-0@738df869-ServerConnector@7bab2266{HTTP/1.1, (http/1.1)}{0.0.0.0:15047}" daemon prio=3 tid=695 runnable
java.lang.Thread.State: RUNNABLE
        at sun.nio.ch.ServerSocketChannelImpl.accept0(Native Method)
        at sun.nio.ch.ServerSocketChannelImpl.accept(ServerSocketChannelImpl.java:421)
        at sun.nio.ch.ServerSocketChannelImpl.accept(ServerSocketChannelImpl.java:249)
        at org.eclipse.jetty.server.ServerConnector.accept(ServerConnector.java:388)
        at org.eclipse.jetty.server.AbstractConnector$Acceptor.run(AbstractConnector.java:704)
        at org.eclipse.jetty.util.thread.QueuedThreadPool.runJob(QueuedThreadPool.java:883)
        at org.eclipse.jetty.util.thread.QueuedThreadPool$Runner.run(QueuedThreadPool.java:1034)
        at java.lang.Thread.run(Thread.java:750)
"IPC Server handler 95 on default port 15000" daemon prio=5 tid=151 timed_waiting
java.lang.Thread.State: TIMED_WAITING
        at sun.misc.Unsafe.park(Native Method)
        at java.util.concurrent.locks.LockSupport.parkNanos(LockSupport.java:215)
        at java.util.concurrent.locks.AbstractQueuedSynchronizer$ConditionObject.awaitNanos(AbstractQueuedSynchronizer.java:2078)
        at java.util.concurrent.LinkedBlockingQueue.poll(LinkedBlockingQueue.java:467)
        at org.apache.hadoop.ipc.CallQueueManager.take(CallQueueManager.java:317)
        at org.apache.hadoop.ipc.Server$Handler.run(Server.java:3014)
"IPC Server handler 38 on default port 15002" daemon prio=5 tid=294 timed_waiting
java.lang.Thread.State: TIMED_WAITING
        at sun.misc.Unsafe.park(Native Method)
        at java.util.concurrent.locks.LockSupport.parkNanos(LockSupport.java:215)
        at java.util.concurrent.locks.AbstractQueuedSynchronizer$ConditionObject.awaitNanos(AbstractQueuedSynchronizer.java:2078)
        at java.util.concurrent.LinkedBlockingQueue.poll(LinkedBlockingQueue.java:467)
        at org.apache.hadoop.ipc.CallQueueManager.take(CallQueueManager.java:317)
        at org.apache.hadoop.ipc.Server$Handler.run(Server.java:3014)
"IPC Server handler 6 on default port 15000" daemon prio=5 tid=62 timed_waiting
java.lang.Thread.State: TIMED_WAITING
        at sun.misc.Unsafe.park(Native Method)
        at java.util.concurrent.locks.LockSupport.parkNanos(LockSupport.java:215)
        at java.util.concurrent.locks.AbstractQueuedSynchronizer$ConditionObject.awaitNanos(AbstractQueuedSynchronizer.java:2078)
        at java.util.concurrent.LinkedBlockingQueue.poll(LinkedBlockingQueue.java:467)
        at org.apache.hadoop.ipc.CallQueueManager.take(CallQueueManager.java:317)
        at org.apache.hadoop.ipc.Server$Handler.run(Server.java:3014)
"JvmPauseMonitor3" daemon prio=5 tid=733 timed_waiting
java.lang.Thread.State: TIMED_WAITING
        at java.lang.Thread.sleep(Native Method)
        at java.lang.Thread.sleep(Thread.java:342)
        at java.util.concurrent.TimeUnit.sleep(TimeUnit.java:386)
        at org.apache.ratis.util.TimeDuration.sleep(TimeDuration.java:353)
        at org.apache.ratis.util.TimeDuration.sleep(TimeDuration.java:338)
        at org.apache.ratis.util.JvmPauseMonitor.detectPause(JvmPauseMonitor.java:160)
        at org.apache.ratis.util.JvmPauseMonitor.run(JvmPauseMonitor.java:149)
        at org.apache.ratis.util.JvmPauseMonitor$$Lambda$626/349677922.run(Unknown Source)
        at java.lang.Thread.run(Thread.java:750)
"IPC Server handler 23 on default port 15001" daemon prio=5 tid=179 timed_waiting
java.lang.Thread.State: TIMED_WAITING
        at sun.misc.Unsafe.park(Native Method)
        at java.util.concurrent.locks.LockSupport.parkNanos(LockSupport.java:215)
        at java.util.concurrent.locks.AbstractQueuedSynchronizer$ConditionObject.awaitNanos(AbstractQueuedSynchronizer.java:2078)
        at java.util.concurrent.LinkedBlockingQueue.poll(LinkedBlockingQueue.java:467)
        at org.apache.hadoop.ipc.CallQueueManager.take(CallQueueManager.java:317)
        at org.apache.hadoop.ipc.Server$Handler.run(Server.java:3014)
"IPC Server handler 62 on default port 15009" daemon prio=5 tid=531 timed_waiting
java.lang.Thread.State: TIMED_WAITING
        at sun.misc.Unsafe.park(Native Method)
        at java.util.concurrent.locks.LockSupport.parkNanos(LockSupport.java:215)
        at java.util.concurrent.locks.AbstractQueuedSynchronizer$ConditionObject.awaitNanos(AbstractQueuedSynchronizer.java:2078)
        at java.util.concurrent.LinkedBlockingQueue.poll(LinkedBlockingQueue.java:467)
        at org.apache.hadoop.ipc.CallQueueManager.take(CallQueueManager.java:317)
        at org.apache.hadoop.ipc.Server$Handler.run(Server.java:3014)
"Session-HouseKeeper-378d7124-1"  prio=5 tid=589 timed_waiting
java.lang.Thread.State: TIMED_WAITING
        at sun.misc.Unsafe.park(Native Method)
        at java.util.concurrent.locks.LockSupport.parkNanos(LockSupport.java:215)
        at java.util.concurrent.locks.AbstractQueuedSynchronizer$ConditionObject.awaitNanos(AbstractQueuedSynchronizer.java:2078)
        at java.util.concurrent.ScheduledThreadPoolExecutor$DelayedWorkQueue.take(ScheduledThreadPoolExecutor.java:1093)
        at java.util.concurrent.ScheduledThreadPoolExecutor$DelayedWorkQueue.take(ScheduledThreadPoolExecutor.java:809)
        at java.util.concurrent.ThreadPoolExecutor.getTask(ThreadPoolExecutor.java:1074)
        at java.util.concurrent.ThreadPoolExecutor.runWorker(ThreadPoolExecutor.java:1134)
        at java.util.concurrent.ThreadPoolExecutor$Worker.run(ThreadPoolExecutor.java:624)
        at java.lang.Thread.run(Thread.java:750)
"qtp1115963634-363" daemon prio=5 tid=363 timed_waiting
java.lang.Thread.State: TIMED_WAITING
        at sun.misc.Unsafe.park(Native Method)
        at java.util.concurrent.locks.LockSupport.parkNanos(LockSupport.java:215)
        at java.util.concurrent.locks.AbstractQueuedSynchronizer$ConditionObject.awaitNanos(AbstractQueuedSynchronizer.java:2078)
        at org.eclipse.jetty.util.BlockingArrayQueue.poll(BlockingArrayQueue.java:382)
        at org.eclipse.jetty.util.thread.QueuedThreadPool$Runner.idleJobPoll(QueuedThreadPool.java:974)
        at org.eclipse.jetty.util.thread.QueuedThreadPool$Runner.run(QueuedThreadPool.java:1018)
        at java.lang.Thread.run(Thread.java:750)
"qtp2041857678-581" daemon prio=5 tid=581 runnable
java.lang.Thread.State: RUNNABLE
        at sun.nio.ch.EPollArrayWrapper.epollWait(Native Method)
        at sun.nio.ch.EPollArrayWrapper.poll(EPollArrayWrapper.java:269)
        at sun.nio.ch.EPollSelectorImpl.doSelect(EPollSelectorImpl.java:93)
        at sun.nio.ch.SelectorImpl.lockAndDoSelect(SelectorImpl.java:86)
        at sun.nio.ch.SelectorImpl.select(SelectorImpl.java:97)
        at sun.nio.ch.SelectorImpl.select(SelectorImpl.java:101)
        at org.eclipse.jetty.io.ManagedSelector.nioSelect(ManagedSelector.java:183)
        at org.eclipse.jetty.io.ManagedSelector.select(ManagedSelector.java:190)
        at org.eclipse.jetty.io.ManagedSelector$SelectorProducer.select(ManagedSelector.java:606)
        at org.eclipse.jetty.io.ManagedSelector$SelectorProducer.produce(ManagedSelector.java:543)
        at org.eclipse.jetty.util.thread.strategy.EatWhatYouKill.produceTask(EatWhatYouKill.java:362)
        at org.eclipse.jetty.util.thread.strategy.EatWhatYouKill.doProduce(EatWhatYouKill.java:186)
        at org.eclipse.jetty.util.thread.strategy.EatWhatYouKill.tryProduce(EatWhatYouKill.java:173)
        at org.eclipse.jetty.util.thread.strategy.EatWhatYouKill.produce(EatWhatYouKill.java:137)
        at org.eclipse.jetty.io.ManagedSelector$$Lambda$666/1273065937.run(Unknown Source)
        at org.eclipse.jetty.util.thread.QueuedThreadPool.runJob(QueuedThreadPool.java:883)
        at org.eclipse.jetty.util.thread.QueuedThreadPool$Runner.run(QueuedThreadPool.java:1034)
        at java.lang.Thread.run(Thread.java:750)
"IPC Server handler 76 on default port 15009" daemon prio=5 tid=545 timed_waiting
java.lang.Thread.State: TIMED_WAITING
        at sun.misc.Unsafe.park(Native Method)
        at java.util.concurrent.locks.LockSupport.parkNanos(LockSupport.java:215)
        at java.util.concurrent.locks.AbstractQueuedSynchronizer$ConditionObject.awaitNanos(AbstractQueuedSynchronizer.java:2078)
        at java.util.concurrent.LinkedBlockingQueue.poll(LinkedBlockingQueue.java:467)
        at org.apache.hadoop.ipc.CallQueueManager.take(CallQueueManager.java:317)
        at org.apache.hadoop.ipc.Server$Handler.run(Server.java:3014)
"IPC Server handler 27 on default port 15000" daemon prio=5 tid=83 timed_waiting
java.lang.Thread.State: TIMED_WAITING
        at sun.misc.Unsafe.park(Native Method)
        at java.util.concurrent.locks.LockSupport.parkNanos(LockSupport.java:215)
        at java.util.concurrent.locks.AbstractQueuedSynchronizer$ConditionObject.awaitNanos(AbstractQueuedSynchronizer.java:2078)
        at java.util.concurrent.LinkedBlockingQueue.poll(LinkedBlockingQueue.java:467)
        at org.apache.hadoop.ipc.CallQueueManager.take(CallQueueManager.java:317)
        at org.apache.hadoop.ipc.Server$Handler.run(Server.java:3014)
"Hadoop-Metrics-Updater-0" daemon prio=5 tid=706 timed_waiting
java.lang.Thread.State: TIMED_WAITING
        at sun.misc.Unsafe.park(Native Method)
        at java.util.concurrent.locks.LockSupport.parkNanos(LockSupport.java:215)
        at java.util.concurrent.locks.AbstractQueuedSynchronizer$ConditionObject.awaitNanos(AbstractQueuedSynchronizer.java:2078)
        at java.util.concurrent.ScheduledThreadPoolExecutor$DelayedWorkQueue.take(ScheduledThreadPoolExecutor.java:1093)
        at java.util.concurrent.ScheduledThreadPoolExecutor$DelayedWorkQueue.take(ScheduledThreadPoolExecutor.java:809)
        at java.util.concurrent.ThreadPoolExecutor.getTask(ThreadPoolExecutor.java:1074)
        at java.util.concurrent.ThreadPoolExecutor.runWorker(ThreadPoolExecutor.java:1134)
        at java.util.concurrent.ThreadPoolExecutor$Worker.run(ThreadPoolExecutor.java:624)
        at java.lang.Thread.run(Thread.java:750)
"cc1e4d3c-2283-4c28-b737-db868cb45369@group-82A21D15CBF7-SegmentedRaftLogWorker"  prio=5 tid=1151 timed_waiting
java.lang.Thread.State: TIMED_WAITING
        at sun.misc.Unsafe.park(Native Method)
        at java.util.concurrent.locks.LockSupport.parkNanos(LockSupport.java:215)
        at java.util.concurrent.locks.AbstractQueuedSynchronizer$ConditionObject.awaitNanos(AbstractQueuedSynchronizer.java:2078)
        at org.apache.ratis.util.DataBlockingQueue.poll(DataBlockingQueue.java:148)
        at org.apache.ratis.server.raftlog.segmented.SegmentedRaftLogWorker.run(SegmentedRaftLogWorker.java:299)
        at org.apache.ratis.server.raftlog.segmented.SegmentedRaftLogWorker$$Lambda$997/2039256444.run(Unknown Source)
        at java.util.concurrent.Executors$RunnableAdapter.call(Executors.java:511)
        at java.util.concurrent.FutureTask.run(FutureTask.java:266)
        at java.util.concurrent.ThreadPoolExecutor.runWorker(ThreadPoolExecutor.java:1149)
        at java.util.concurrent.ThreadPoolExecutor$Worker.run(ThreadPoolExecutor.java:624)
        at java.lang.Thread.run(Thread.java:750)
"d1715241-1ffa-4146-b219-94c9c0fc171f-DatanodeStateMachineTaskThread-0"  prio=5 tid=659 in Object.wait()
java.lang.Thread.State: WAITING (on object monitor)
        at sun.misc.Unsafe.park(Native Method)
        at java.util.concurrent.locks.LockSupport.park(LockSupport.java:175)
        at java.util.concurrent.locks.AbstractQueuedSynchronizer$ConditionObject.await(AbstractQueuedSynchronizer.java:2039)
        at java.util.concurrent.LinkedBlockingQueue.take(LinkedBlockingQueue.java:442)
        at java.util.concurrent.ThreadPoolExecutor.getTask(ThreadPoolExecutor.java:1074)
        at java.util.concurrent.ThreadPoolExecutor.runWorker(ThreadPoolExecutor.java:1134)
        at java.util.concurrent.ThreadPoolExecutor$Worker.run(ThreadPoolExecutor.java:624)
        at java.lang.Thread.run(Thread.java:750)
"IPC Server handler 49 on default port 15000" daemon prio=5 tid=105 timed_waiting
java.lang.Thread.State: TIMED_WAITING
        at sun.misc.Unsafe.park(Native Method)
        at java.util.concurrent.locks.LockSupport.parkNanos(LockSupport.java:215)
        at java.util.concurrent.locks.AbstractQueuedSynchronizer$ConditionObject.awaitNanos(AbstractQueuedSynchronizer.java:2078)
        at java.util.concurrent.LinkedBlockingQueue.poll(LinkedBlockingQueue.java:467)
        at org.apache.hadoop.ipc.CallQueueManager.take(CallQueueManager.java:317)
        at org.apache.hadoop.ipc.Server$Handler.run(Server.java:3014)
"d1715241-1ffa-4146-b219-94c9c0fc171f-DatanodeStateMachineDaemonThread" daemon prio=5 tid=652 timed_waiting
java.lang.Thread.State: TIMED_WAITING
        at java.lang.Thread.sleep(Native Method)
        at org.apache.hadoop.ozone.container.common.statemachine.DatanodeStateMachine.startStateMachineThread(DatanodeStateMachine.java:369)
        at org.apache.hadoop.ozone.container.common.statemachine.DatanodeStateMachine.lambda$startDaemon$1(DatanodeStateMachine.java:556)
        at org.apache.hadoop.ozone.container.common.statemachine.DatanodeStateMachine$$Lambda$1466/1250399292.run(Unknown Source)
        at java.lang.Thread.run(Thread.java:750)
"SSL Certificates Store Monitor" daemon prio=5 tid=1120 in Object.wait()
java.lang.Thread.State: WAITING (on object monitor)
        at java.lang.Object.wait(Native Method)
        at java.lang.Object.wait(Object.java:502)
        at java.util.TimerThread.mainLoop(Timer.java:526)
        at java.util.TimerThread.run(Timer.java:505)
"IPC Server handler 19 on default port 15002" daemon prio=5 tid=275 timed_waiting
java.lang.Thread.State: TIMED_WAITING
        at sun.misc.Unsafe.park(Native Method)
        at java.util.concurrent.locks.LockSupport.parkNanos(LockSupport.java:215)
        at java.util.concurrent.locks.AbstractQueuedSynchronizer$ConditionObject.awaitNanos(AbstractQueuedSynchronizer.java:2078)
        at java.util.concurrent.LinkedBlockingQueue.poll(LinkedBlockingQueue.java:467)
        at org.apache.hadoop.ipc.CallQueueManager.take(CallQueueManager.java:317)
        at org.apache.hadoop.ipc.Server$Handler.run(Server.java:3014)
"ceb25050-cf9f-4852-a13e-a5ff0cf3b4d2-BlockDeletingService#1" daemon prio=5 tid=814 timed_waiting
java.lang.Thread.State: TIMED_WAITING
        at sun.misc.Unsafe.park(Native Method)
        at java.util.concurrent.locks.LockSupport.parkNanos(LockSupport.java:215)
        at java.util.concurrent.locks.AbstractQueuedSynchronizer$ConditionObject.awaitNanos(AbstractQueuedSynchronizer.java:2078)
        at java.util.concurrent.ScheduledThreadPoolExecutor$DelayedWorkQueue.take(ScheduledThreadPoolExecutor.java:1093)
        at java.util.concurrent.ScheduledThreadPoolExecutor$DelayedWorkQueue.take(ScheduledThreadPoolExecutor.java:809)
        at java.util.concurrent.ThreadPoolExecutor.getTask(ThreadPoolExecutor.java:1074)
        at java.util.concurrent.ThreadPoolExecutor.runWorker(ThreadPoolExecutor.java:1134)
        at java.util.concurrent.ThreadPoolExecutor$Worker.run(ThreadPoolExecutor.java:624)
        at java.lang.Thread.run(Thread.java:750)
"IPC Server handler 7 on default port 15002" daemon prio=5 tid=263 timed_waiting
java.lang.Thread.State: TIMED_WAITING
        at sun.misc.Unsafe.park(Native Method)
        at java.util.concurrent.locks.LockSupport.parkNanos(LockSupport.java:215)
        at java.util.concurrent.locks.AbstractQueuedSynchronizer$ConditionObject.awaitNanos(AbstractQueuedSynchronizer.java:2078)
        at java.util.concurrent.LinkedBlockingQueue.poll(LinkedBlockingQueue.java:467)
        at org.apache.hadoop.ipc.CallQueueManager.take(CallQueueManager.java:317)
        at org.apache.hadoop.ipc.Server$Handler.run(Server.java:3014)
"IPC Server handler 71 on default port 15001" daemon prio=5 tid=227 timed_waiting
java.lang.Thread.State: TIMED_WAITING
        at sun.misc.Unsafe.park(Native Method)
        at java.util.concurrent.locks.LockSupport.parkNanos(LockSupport.java:215)
        at java.util.concurrent.locks.AbstractQueuedSynchronizer$ConditionObject.awaitNanos(AbstractQueuedSynchronizer.java:2078)
        at java.util.concurrent.LinkedBlockingQueue.poll(LinkedBlockingQueue.java:467)
        at org.apache.hadoop.ipc.CallQueueManager.take(CallQueueManager.java:317)
        at org.apache.hadoop.ipc.Server$Handler.run(Server.java:3014)
"EventQueue-DatanodeCommandForSCMNodeManager"  prio=5 tid=822 in Object.wait()
java.lang.Thread.State: WAITING (on object monitor)
        at sun.misc.Unsafe.park(Native Method)
        at java.util.concurrent.locks.LockSupport.park(LockSupport.java:175)
        at java.util.concurrent.locks.AbstractQueuedSynchronizer$ConditionObject.await(AbstractQueuedSynchronizer.java:2039)
        at java.util.concurrent.LinkedBlockingQueue.take(LinkedBlockingQueue.java:442)
        at java.util.concurrent.ThreadPoolExecutor.getTask(ThreadPoolExecutor.java:1074)
        at java.util.concurrent.ThreadPoolExecutor.runWorker(ThreadPoolExecutor.java:1134)
        at java.util.concurrent.ThreadPoolExecutor$Worker.run(ThreadPoolExecutor.java:624)
        at java.lang.Thread.run(Thread.java:750)
"IPC Server listener on 15012" daemon prio=5 tid=590 runnable
java.lang.Thread.State: RUNNABLE
        at sun.nio.ch.EPollArrayWrapper.epollWait(Native Method)
        at sun.nio.ch.EPollArrayWrapper.poll(EPollArrayWrapper.java:269)
        at sun.nio.ch.EPollSelectorImpl.doSelect(EPollSelectorImpl.java:93)
        at sun.nio.ch.SelectorImpl.lockAndDoSelect(SelectorImpl.java:86)
        at sun.nio.ch.SelectorImpl.select(SelectorImpl.java:97)
        at sun.nio.ch.SelectorImpl.select(SelectorImpl.java:101)
        at org.apache.hadoop.ipc.Server$Listener.run(Server.java:1408)
"IPC Server handler 88 on default port 15001" daemon prio=5 tid=244 timed_waiting
java.lang.Thread.State: TIMED_WAITING
        at sun.misc.Unsafe.park(Native Method)
        at java.util.concurrent.locks.LockSupport.parkNanos(LockSupport.java:215)
        at java.util.concurrent.locks.AbstractQueuedSynchronizer$ConditionObject.awaitNanos(AbstractQueuedSynchronizer.java:2078)
        at java.util.concurrent.LinkedBlockingQueue.poll(LinkedBlockingQueue.java:467)
        at org.apache.hadoop.ipc.CallQueueManager.take(CallQueueManager.java:317)
        at org.apache.hadoop.ipc.Server$Handler.run(Server.java:3014)
"IPC Server handler 1 on default port 15000" daemon prio=5 tid=57 timed_waiting
java.lang.Thread.State: TIMED_WAITING
        at sun.misc.Unsafe.park(Native Method)
        at java.util.concurrent.locks.LockSupport.parkNanos(LockSupport.java:215)
        at java.util.concurrent.locks.AbstractQueuedSynchronizer$ConditionObject.awaitNanos(AbstractQueuedSynchronizer.java:2078)
        at java.util.concurrent.LinkedBlockingQueue.poll(LinkedBlockingQueue.java:467)
        at org.apache.hadoop.ipc.CallQueueManager.take(CallQueueManager.java:317)
        at org.apache.hadoop.ipc.Server$Handler.run(Server.java:3014)
"surefire-forkedjvm-command-thread" daemon prio=5 tid=10 runnable
java.lang.Thread.State: RUNNABLE
        at java.io.FileInputStream.readBytes(Native Method)
        at java.io.FileInputStream.read(FileInputStream.java:255)
        at java.io.BufferedInputStream.fill(BufferedInputStream.java:246)
        at java.io.BufferedInputStream.read(BufferedInputStream.java:265)
        at java.io.DataInputStream.readInt(DataInputStream.java:387)
        at org.apache.maven.surefire.booter.MasterProcessCommand.decode(MasterProcessCommand.java:113)
        at org.apache.maven.surefire.booter.CommandReader$CommandRunnable.run(CommandReader.java:383)
        at java.lang.Thread.run(Thread.java:750)
"qtp976190925-698" daemon prio=5 tid=698 timed_waiting
java.lang.Thread.State: TIMED_WAITING
        at sun.misc.Unsafe.park(Native Method)
        at java.util.concurrent.locks.LockSupport.parkNanos(LockSupport.java:215)
        at java.util.concurrent.locks.AbstractQueuedSynchronizer$ConditionObject.awaitNanos(AbstractQueuedSynchronizer.java:2078)
        at org.eclipse.jetty.util.BlockingArrayQueue.poll(BlockingArrayQueue.java:382)
        at org.eclipse.jetty.util.thread.QueuedThreadPool$Runner.idleJobPoll(QueuedThreadPool.java:974)
        at org.eclipse.jetty.util.thread.QueuedThreadPool$Runner.run(QueuedThreadPool.java:1018)
        at java.lang.Thread.run(Thread.java:750)
"cc1e4d3c-2283-4c28-b737-db868cb45369@group-A7988BF88C1C-cacheEviction-AwaitToRun" daemon prio=5 tid=1126 in Object.wait()
java.lang.Thread.State: WAITING (on object monitor)
        at sun.misc.Unsafe.park(Native Method)
        at java.util.concurrent.locks.LockSupport.park(LockSupport.java:175)
        at java.util.concurrent.locks.AbstractQueuedSynchronizer$ConditionObject.await(AbstractQueuedSynchronizer.java:2039)
        at org.apache.ratis.util.AwaitForSignal.await(AwaitForSignal.java:48)
        at org.apache.ratis.util.AwaitToRun$RunnableImpl.run(AwaitToRun.java:47)
        at java.lang.Thread.run(Thread.java:750)
"cc1e4d3c-2283-4c28-b737-db868cb45369-DatanodeReportManager-0" daemon prio=5 tid=625 in Object.wait()
java.lang.Thread.State: WAITING (on object monitor)
        at sun.misc.Unsafe.park(Native Method)
        at java.util.concurrent.locks.LockSupport.park(LockSupport.java:175)
        at java.util.concurrent.locks.AbstractQueuedSynchronizer$ConditionObject.await(AbstractQueuedSynchronizer.java:2039)
        at java.util.concurrent.ScheduledThreadPoolExecutor$DelayedWorkQueue.take(ScheduledThreadPoolExecutor.java:1088)
        at java.util.concurrent.ScheduledThreadPoolExecutor$DelayedWorkQueue.take(ScheduledThreadPoolExecutor.java:809)
        at java.util.concurrent.ThreadPoolExecutor.getTask(ThreadPoolExecutor.java:1074)
        at java.util.concurrent.ThreadPoolExecutor.runWorker(ThreadPoolExecutor.java:1134)
        at java.util.concurrent.ThreadPoolExecutor$Worker.run(ThreadPoolExecutor.java:624)
        at java.lang.Thread.run(Thread.java:750)
"Socket Reader #1 for port 15009"  prio=5 tid=442 runnable
java.lang.Thread.State: RUNNABLE
        at sun.nio.ch.EPollArrayWrapper.epollWait(Native Method)
        at sun.nio.ch.EPollArrayWrapper.poll(EPollArrayWrapper.java:269)
        at sun.nio.ch.EPollSelectorImpl.doSelect(EPollSelectorImpl.java:93)
        at sun.nio.ch.SelectorImpl.lockAndDoSelect(SelectorImpl.java:86)
        at sun.nio.ch.SelectorImpl.select(SelectorImpl.java:97)
        at sun.nio.ch.SelectorImpl.select(SelectorImpl.java:101)
        at org.apache.hadoop.ipc.Server$Listener$Reader.doRunLoop(Server.java:1346)
        at org.apache.hadoop.ipc.Server$Listener$Reader.run(Server.java:1325)
"IPC Server handler 28 on default port 15009" daemon prio=5 tid=497 timed_waiting
java.lang.Thread.State: TIMED_WAITING
        at sun.misc.Unsafe.park(Native Method)
        at java.util.concurrent.locks.LockSupport.parkNanos(LockSupport.java:215)
        at java.util.concurrent.locks.AbstractQueuedSynchronizer$ConditionObject.awaitNanos(AbstractQueuedSynchronizer.java:2078)
        at java.util.concurrent.LinkedBlockingQueue.poll(LinkedBlockingQueue.java:467)
        at org.apache.hadoop.ipc.CallQueueManager.take(CallQueueManager.java:317)
        at org.apache.hadoop.ipc.Server$Handler.run(Server.java:3014)
"IPC Server handler 79 on default port 15001" daemon prio=5 tid=235 timed_waiting
java.lang.Thread.State: TIMED_WAITING
        at sun.misc.Unsafe.park(Native Method)
        at java.util.concurrent.locks.LockSupport.parkNanos(LockSupport.java:215)
        at java.util.concurrent.locks.AbstractQueuedSynchronizer$ConditionObject.awaitNanos(AbstractQueuedSynchronizer.java:2078)
        at java.util.concurrent.LinkedBlockingQueue.poll(LinkedBlockingQueue.java:467)
        at org.apache.hadoop.ipc.CallQueueManager.take(CallQueueManager.java:317)
        at org.apache.hadoop.ipc.Server$Handler.run(Server.java:3014)
"om1-DirectoryDeletingService#0" daemon prio=5 tid=396 timed_waiting
java.lang.Thread.State: TIMED_WAITING
        at sun.misc.Unsafe.park(Native Method)
        at java.util.concurrent.locks.LockSupport.parkNanos(LockSupport.java:215)
        at java.util.concurrent.locks.AbstractQueuedSynchronizer$ConditionObject.awaitNanos(AbstractQueuedSynchronizer.java:2078)
        at java.util.concurrent.ScheduledThreadPoolExecutor$DelayedWorkQueue.take(ScheduledThreadPoolExecutor.java:1093)
        at java.util.concurrent.ScheduledThreadPoolExecutor$DelayedWorkQueue.take(ScheduledThreadPoolExecutor.java:809)
        at java.util.concurrent.ThreadPoolExecutor.getTask(ThreadPoolExecutor.java:1074)
        at java.util.concurrent.ThreadPoolExecutor.runWorker(ThreadPoolExecutor.java:1134)
        at java.util.concurrent.ThreadPoolExecutor$Worker.run(ThreadPoolExecutor.java:624)
        at java.lang.Thread.run(Thread.java:750)
"IPC Server handler 84 on default port 15000" daemon prio=5 tid=140 timed_waiting
java.lang.Thread.State: TIMED_WAITING
        at sun.misc.Unsafe.park(Native Method)
        at java.util.concurrent.locks.LockSupport.parkNanos(LockSupport.java:215)
        at java.util.concurrent.locks.AbstractQueuedSynchronizer$ConditionObject.awaitNanos(AbstractQueuedSynchronizer.java:2078)
        at java.util.concurrent.LinkedBlockingQueue.poll(LinkedBlockingQueue.java:467)
        at org.apache.hadoop.ipc.CallQueueManager.take(CallQueueManager.java:317)
        at org.apache.hadoop.ipc.Server$Handler.run(Server.java:3014)
"pool-201-thread-1" daemon prio=5 tid=802 timed_waiting
java.lang.Thread.State: TIMED_WAITING
        at sun.misc.Unsafe.park(Native Method)
        at java.util.concurrent.locks.LockSupport.parkNanos(LockSupport.java:215)
        at java.util.concurrent.locks.AbstractQueuedSynchronizer$ConditionObject.awaitNanos(AbstractQueuedSynchronizer.java:2078)
        at java.util.concurrent.ScheduledThreadPoolExecutor$DelayedWorkQueue.take(ScheduledThreadPoolExecutor.java:1093)
        at java.util.concurrent.ScheduledThreadPoolExecutor$DelayedWorkQueue.take(ScheduledThreadPoolExecutor.java:809)
        at java.util.concurrent.ThreadPoolExecutor.getTask(ThreadPoolExecutor.java:1074)
        at java.util.concurrent.ThreadPoolExecutor.runWorker(ThreadPoolExecutor.java:1134)
        at java.util.concurrent.ThreadPoolExecutor$Worker.run(ThreadPoolExecutor.java:624)
        at java.lang.Thread.run(Thread.java:750)
"IPC Server handler 27 on default port 15009" daemon prio=5 tid=496 timed_waiting
java.lang.Thread.State: TIMED_WAITING
        at sun.misc.Unsafe.park(Native Method)
        at java.util.concurrent.locks.LockSupport.parkNanos(LockSupport.java:215)
        at java.util.concurrent.locks.AbstractQueuedSynchronizer$ConditionObject.awaitNanos(AbstractQueuedSynchronizer.java:2078)
        at java.util.concurrent.LinkedBlockingQueue.poll(LinkedBlockingQueue.java:467)
        at org.apache.hadoop.ipc.CallQueueManager.take(CallQueueManager.java:317)
        at org.apache.hadoop.ipc.Server$Handler.run(Server.java:3014)
"IPC Server handler 85 on default port 15002" daemon prio=5 tid=341 timed_waiting
java.lang.Thread.State: TIMED_WAITING
        at sun.misc.Unsafe.park(Native Method)
        at java.util.concurrent.locks.LockSupport.parkNanos(LockSupport.java:215)
        at java.util.concurrent.locks.AbstractQueuedSynchronizer$ConditionObject.awaitNanos(AbstractQueuedSynchronizer.java:2078)
        at java.util.concurrent.LinkedBlockingQueue.poll(LinkedBlockingQueue.java:467)
        at org.apache.hadoop.ipc.CallQueueManager.take(CallQueueManager.java:317)
        at org.apache.hadoop.ipc.Server$Handler.run(Server.java:3014)
"JvmPauseMonitor7" daemon prio=5 tid=809 timed_waiting
java.lang.Thread.State: TIMED_WAITING
        at java.lang.Thread.sleep(Native Method)
        at java.lang.Thread.sleep(Thread.java:342)
        at java.util.concurrent.TimeUnit.sleep(TimeUnit.java:386)
        at org.apache.ratis.util.TimeDuration.sleep(TimeDuration.java:353)
        at org.apache.ratis.util.TimeDuration.sleep(TimeDuration.java:338)
        at org.apache.ratis.util.JvmPauseMonitor.detectPause(JvmPauseMonitor.java:160)
        at org.apache.ratis.util.JvmPauseMonitor.run(JvmPauseMonitor.java:149)
        at org.apache.ratis.util.JvmPauseMonitor$$Lambda$626/349677922.run(Unknown Source)
        at java.lang.Thread.run(Thread.java:750)
"a40aef6e-dfc7-4141-9a41-17d72bf4eeff@group-2D61D60DE43D-StateMachineUpdater" daemon prio=5 tid=872 timed_waiting
java.lang.Thread.State: TIMED_WAITING
        at sun.misc.Unsafe.park(Native Method)
        at java.util.concurrent.locks.LockSupport.parkNanos(LockSupport.java:215)
        at java.util.concurrent.locks.AbstractQueuedSynchronizer$ConditionObject.await(AbstractQueuedSynchronizer.java:2163)
        at org.apache.ratis.util.AwaitForSignal.await(AwaitForSignal.java:65)
        at org.apache.ratis.server.impl.StateMachineUpdater.waitForCommit(StateMachineUpdater.java:211)
        at org.apache.ratis.server.impl.StateMachineUpdater.run(StateMachineUpdater.java:180)
        at java.lang.Thread.run(Thread.java:750)
"om1-OMStateMachineApplyTransactionThread - 0" daemon prio=5 tid=930 in Object.wait()
java.lang.Thread.State: WAITING (on object monitor)
        at sun.misc.Unsafe.park(Native Method)
        at java.util.concurrent.locks.LockSupport.park(LockSupport.java:175)
        at java.util.concurrent.locks.AbstractQueuedSynchronizer$ConditionObject.await(AbstractQueuedSynchronizer.java:2039)
        at java.util.concurrent.LinkedBlockingQueue.take(LinkedBlockingQueue.java:442)
        at java.util.concurrent.ThreadPoolExecutor.getTask(ThreadPoolExecutor.java:1074)
        at java.util.concurrent.ThreadPoolExecutor.runWorker(ThreadPoolExecutor.java:1134)
        at java.util.concurrent.ThreadPoolExecutor$Worker.run(ThreadPoolExecutor.java:624)
        at java.lang.Thread.run(Thread.java:750)
"a40aef6e-dfc7-4141-9a41-17d72bf4eeff-server-thread1" daemon prio=5 tid=1171 timed_waiting
java.lang.Thread.State: TIMED_WAITING
        at sun.misc.Unsafe.park(Native Method)
        at java.util.concurrent.locks.LockSupport.parkNanos(LockSupport.java:215)
        at java.util.concurrent.SynchronousQueue$TransferStack.awaitFulfill(SynchronousQueue.java:460)
        at java.util.concurrent.SynchronousQueue$TransferStack.transfer(SynchronousQueue.java:362)
        at java.util.concurrent.SynchronousQueue.poll(SynchronousQueue.java:941)
        at java.util.concurrent.ThreadPoolExecutor.getTask(ThreadPoolExecutor.java:1073)
        at java.util.concurrent.ThreadPoolExecutor.runWorker(ThreadPoolExecutor.java:1134)
        at java.util.concurrent.ThreadPoolExecutor$Worker.run(ThreadPoolExecutor.java:624)
        at java.lang.Thread.run(Thread.java:750)
"IPC Server handler 25 on default port 15001" daemon prio=5 tid=181 timed_waiting
java.lang.Thread.State: TIMED_WAITING
        at sun.misc.Unsafe.park(Native Method)
        at java.util.concurrent.locks.LockSupport.parkNanos(LockSupport.java:215)
        at java.util.concurrent.locks.AbstractQueuedSynchronizer$ConditionObject.awaitNanos(AbstractQueuedSynchronizer.java:2078)
        at java.util.concurrent.LinkedBlockingQueue.poll(LinkedBlockingQueue.java:467)
        at org.apache.hadoop.ipc.CallQueueManager.take(CallQueueManager.java:317)
        at org.apache.hadoop.ipc.Server$Handler.run(Server.java:3014)
"a40aef6e-dfc7-4141-9a41-17d72bf4eeff-ChunkWriter-3-0" daemon prio=5 tid=789 in Object.wait()
java.lang.Thread.State: WAITING (on object monitor)
        at sun.misc.Unsafe.park(Native Method)
        at java.util.concurrent.locks.LockSupport.park(LockSupport.java:175)
        at java.util.concurrent.locks.AbstractQueuedSynchronizer$ConditionObject.await(AbstractQueuedSynchronizer.java:2039)
        at java.util.concurrent.LinkedBlockingDeque.takeFirst(LinkedBlockingDeque.java:492)
        at java.util.concurrent.LinkedBlockingDeque.take(LinkedBlockingDeque.java:680)
        at java.util.concurrent.ThreadPoolExecutor.getTask(ThreadPoolExecutor.java:1074)
        at java.util.concurrent.ThreadPoolExecutor.runWorker(ThreadPoolExecutor.java:1134)
        at java.util.concurrent.ThreadPoolExecutor$Worker.run(ThreadPoolExecutor.java:624)
        at java.lang.Thread.run(Thread.java:750)
"IPC Server idle connection scanner for port 15030" daemon prio=5 tid=648 timed_waiting
java.lang.Thread.State: TIMED_WAITING
        at java.lang.Object.wait(Native Method)
        at java.util.TimerThread.mainLoop(Timer.java:552)
        at java.util.TimerThread.run(Timer.java:505)
"IPC Server handler 67 on default port 15002" daemon prio=5 tid=323 timed_waiting
java.lang.Thread.State: TIMED_WAITING
        at sun.misc.Unsafe.park(Native Method)
        at java.util.concurrent.locks.LockSupport.parkNanos(LockSupport.java:215)
        at java.util.concurrent.locks.AbstractQueuedSynchronizer$ConditionObject.awaitNanos(AbstractQueuedSynchronizer.java:2078)
        at java.util.concurrent.LinkedBlockingQueue.poll(LinkedBlockingQueue.java:467)
        at org.apache.hadoop.ipc.CallQueueManager.take(CallQueueManager.java:317)
        at org.apache.hadoop.ipc.Server$Handler.run(Server.java:3014)
"IPC Server handler 5 on default port 15004" daemon prio=5 tid=417 timed_waiting
java.lang.Thread.State: TIMED_WAITING
        at sun.misc.Unsafe.park(Native Method)
        at java.util.concurrent.locks.LockSupport.parkNanos(LockSupport.java:215)
        at java.util.concurrent.locks.AbstractQueuedSynchronizer$ConditionObject.awaitNanos(AbstractQueuedSynchronizer.java:2078)
        at java.util.concurrent.LinkedBlockingQueue.poll(LinkedBlockingQueue.java:467)
        at org.apache.hadoop.ipc.CallQueueManager.take(CallQueueManager.java:317)
        at org.apache.hadoop.ipc.Server$Handler.run(Server.java:3014)
"om1-MultipartUploadCleanupService#0" daemon prio=5 tid=401 timed_waiting
java.lang.Thread.State: TIMED_WAITING
        at sun.misc.Unsafe.park(Native Method)
        at java.util.concurrent.locks.LockSupport.parkNanos(LockSupport.java:215)
        at java.util.concurrent.locks.AbstractQueuedSynchronizer$ConditionObject.awaitNanos(AbstractQueuedSynchronizer.java:2078)
        at java.util.concurrent.ScheduledThreadPoolExecutor$DelayedWorkQueue.take(ScheduledThreadPoolExecutor.java:1093)
        at java.util.concurrent.ScheduledThreadPoolExecutor$DelayedWorkQueue.take(ScheduledThreadPoolExecutor.java:809)
        at java.util.concurrent.ThreadPoolExecutor.getTask(ThreadPoolExecutor.java:1074)
        at java.util.concurrent.ThreadPoolExecutor.runWorker(ThreadPoolExecutor.java:1134)
        at java.util.concurrent.ThreadPoolExecutor$Worker.run(ThreadPoolExecutor.java:624)
        at java.lang.Thread.run(Thread.java:750)
"IPC Server handler 56 on default port 15001" daemon prio=5 tid=212 timed_waiting
java.lang.Thread.State: TIMED_WAITING
        at sun.misc.Unsafe.park(Native Method)
        at java.util.concurrent.locks.LockSupport.parkNanos(LockSupport.java:215)
        at java.util.concurrent.locks.AbstractQueuedSynchronizer$ConditionObject.awaitNanos(AbstractQueuedSynchronizer.java:2078)
        at java.util.concurrent.LinkedBlockingQueue.poll(LinkedBlockingQueue.java:467)
        at org.apache.hadoop.ipc.CallQueueManager.take(CallQueueManager.java:317)
        at org.apache.hadoop.ipc.Server$Handler.run(Server.java:3014)
"d1715241-1ffa-4146-b219-94c9c0fc171f-DatanodeReportManager-0" daemon prio=5 tid=653 timed_waiting
java.lang.Thread.State: TIMED_WAITING
        at sun.misc.Unsafe.park(Native Method)
        at java.util.concurrent.locks.LockSupport.parkNanos(LockSupport.java:215)
        at java.util.concurrent.locks.AbstractQueuedSynchronizer$ConditionObject.awaitNanos(AbstractQueuedSynchronizer.java:2078)
        at java.util.concurrent.ScheduledThreadPoolExecutor$DelayedWorkQueue.take(ScheduledThreadPoolExecutor.java:1093)
        at java.util.concurrent.ScheduledThreadPoolExecutor$DelayedWorkQueue.take(ScheduledThreadPoolExecutor.java:809)
        at java.util.concurrent.ThreadPoolExecutor.getTask(ThreadPoolExecutor.java:1074)
        at java.util.concurrent.ThreadPoolExecutor.runWorker(ThreadPoolExecutor.java:1134)
        at java.util.concurrent.ThreadPoolExecutor$Worker.run(ThreadPoolExecutor.java:624)
        at java.lang.Thread.run(Thread.java:750)
"IPC Server handler 65 on default port 15000" daemon prio=5 tid=121 timed_waiting
java.lang.Thread.State: TIMED_WAITING
        at sun.misc.Unsafe.park(Native Method)
        at java.util.concurrent.locks.LockSupport.parkNanos(LockSupport.java:215)
        at java.util.concurrent.locks.AbstractQueuedSynchronizer$ConditionObject.awaitNanos(AbstractQueuedSynchronizer.java:2078)
        at java.util.concurrent.LinkedBlockingQueue.poll(LinkedBlockingQueue.java:467)
        at org.apache.hadoop.ipc.CallQueueManager.take(CallQueueManager.java:317)
        at org.apache.hadoop.ipc.Server$Handler.run(Server.java:3014)
"Finalizer" daemon prio=8 tid=3 in Object.wait()
java.lang.Thread.State: WAITING (on object monitor)
        at java.lang.Object.wait(Native Method)
        at java.lang.ref.ReferenceQueue.remove(ReferenceQueue.java:144)
        at java.lang.ref.ReferenceQueue.remove(ReferenceQueue.java:165)
        at java.lang.ref.Finalizer$FinalizerThread.run(Finalizer.java:188)
"a40aef6e-dfc7-4141-9a41-17d72bf4eeff-ChunkWriter-2-0" daemon prio=5 tid=788 in Object.wait()
java.lang.Thread.State: WAITING (on object monitor)
        at sun.misc.Unsafe.park(Native Method)
        at java.util.concurrent.locks.LockSupport.park(LockSupport.java:175)
        at java.util.concurrent.locks.AbstractQueuedSynchronizer$ConditionObject.await(AbstractQueuedSynchronizer.java:2039)
        at java.util.concurrent.LinkedBlockingDeque.takeFirst(LinkedBlockingDeque.java:492)
        at java.util.concurrent.LinkedBlockingDeque.take(LinkedBlockingDeque.java:680)
        at java.util.concurrent.ThreadPoolExecutor.getTask(ThreadPoolExecutor.java:1074)
        at java.util.concurrent.ThreadPoolExecutor.runWorker(ThreadPoolExecutor.java:1134)
        at java.util.concurrent.ThreadPoolExecutor$Worker.run(ThreadPoolExecutor.java:624)
        at java.lang.Thread.run(Thread.java:750)
"qtp976190925-699" daemon prio=5 tid=699 timed_waiting
java.lang.Thread.State: TIMED_WAITING
        at sun.misc.Unsafe.park(Native Method)
        at java.util.concurrent.locks.LockSupport.parkNanos(LockSupport.java:215)
        at java.util.concurrent.locks.AbstractQueuedSynchronizer$ConditionObject.awaitNanos(AbstractQueuedSynchronizer.java:2078)
        at org.eclipse.jetty.util.BlockingArrayQueue.poll(BlockingArrayQueue.java:382)
        at org.eclipse.jetty.util.thread.QueuedThreadPool$Runner.idleJobPoll(QueuedThreadPool.java:974)
        at org.eclipse.jetty.util.thread.QueuedThreadPool$Runner.run(QueuedThreadPool.java:1018)
        at java.lang.Thread.run(Thread.java:750)
"cc1e4d3c-2283-4c28-b737-db868cb45369-ChunkWriter-0-0" daemon prio=5 tid=748 in Object.wait()
java.lang.Thread.State: WAITING (on object monitor)
        at sun.misc.Unsafe.park(Native Method)
        at java.util.concurrent.locks.LockSupport.park(LockSupport.java:175)
        at java.util.concurrent.locks.AbstractQueuedSynchronizer$ConditionObject.await(AbstractQueuedSynchronizer.java:2039)
        at java.util.concurrent.LinkedBlockingDeque.takeFirst(LinkedBlockingDeque.java:492)
        at java.util.concurrent.LinkedBlockingDeque.take(LinkedBlockingDeque.java:680)
        at java.util.concurrent.ThreadPoolExecutor.getTask(ThreadPoolExecutor.java:1074)
        at java.util.concurrent.ThreadPoolExecutor.runWorker(ThreadPoolExecutor.java:1134)
        at java.util.concurrent.ThreadPoolExecutor$Worker.run(ThreadPoolExecutor.java:624)
        at java.lang.Thread.run(Thread.java:750)
"59c3495a-7636-40f9-8dfa-c28be8e98abd-CloseContainerThread-0"  prio=5 tid=1049 in Object.wait()
java.lang.Thread.State: WAITING (on object monitor)
        at sun.misc.Unsafe.park(Native Method)
        at java.util.concurrent.locks.LockSupport.park(LockSupport.java:175)
        at java.util.concurrent.locks.AbstractQueuedSynchronizer$ConditionObject.await(AbstractQueuedSynchronizer.java:2039)
        at java.util.concurrent.LinkedBlockingQueue.take(LinkedBlockingQueue.java:442)
        at java.util.concurrent.ThreadPoolExecutor.getTask(ThreadPoolExecutor.java:1074)
        at java.util.concurrent.ThreadPoolExecutor.runWorker(ThreadPoolExecutor.java:1134)
        at java.util.concurrent.ThreadPoolExecutor$Worker.run(ThreadPoolExecutor.java:624)
        at java.lang.Thread.run(Thread.java:750)
"qtp2041857678-587" daemon prio=5 tid=587 timed_waiting
java.lang.Thread.State: TIMED_WAITING
        at sun.misc.Unsafe.park(Native Method)
        at java.util.concurrent.locks.LockSupport.parkNanos(LockSupport.java:215)
        at java.util.concurrent.locks.AbstractQueuedSynchronizer$ConditionObject.awaitNanos(AbstractQueuedSynchronizer.java:2078)
        at org.eclipse.jetty.util.BlockingArrayQueue.poll(BlockingArrayQueue.java:382)
        at org.eclipse.jetty.util.thread.QueuedThreadPool$Runner.idleJobPoll(QueuedThreadPool.java:974)
        at org.eclipse.jetty.util.thread.QueuedThreadPool$Runner.run(QueuedThreadPool.java:1018)
        at java.lang.Thread.run(Thread.java:750)
"IPC Server handler 87 on default port 15002" daemon prio=5 tid=343 timed_waiting
java.lang.Thread.State: TIMED_WAITING
        at sun.misc.Unsafe.park(Native Method)
        at java.util.concurrent.locks.LockSupport.parkNanos(LockSupport.java:215)
        at java.util.concurrent.locks.AbstractQueuedSynchronizer$ConditionObject.awaitNanos(AbstractQueuedSynchronizer.java:2078)
        at java.util.concurrent.LinkedBlockingQueue.poll(LinkedBlockingQueue.java:467)
        at org.apache.hadoop.ipc.CallQueueManager.take(CallQueueManager.java:317)
        at org.apache.hadoop.ipc.Server$Handler.run(Server.java:3014)
"IPC Server handler 38 on default port 15009" daemon prio=5 tid=507 timed_waiting
java.lang.Thread.State: TIMED_WAITING
        at sun.misc.Unsafe.park(Native Method)
        at java.util.concurrent.locks.LockSupport.parkNanos(LockSupport.java:215)
        at java.util.concurrent.locks.AbstractQueuedSynchronizer$ConditionObject.awaitNanos(AbstractQueuedSynchronizer.java:2078)
        at java.util.concurrent.LinkedBlockingQueue.poll(LinkedBlockingQueue.java:467)
        at org.apache.hadoop.ipc.CallQueueManager.take(CallQueueManager.java:317)
        at org.apache.hadoop.ipc.Server$Handler.run(Server.java:3014)
"IPC Server handler 81 on default port 15001" daemon prio=5 tid=237 timed_waiting
java.lang.Thread.State: TIMED_WAITING
        at sun.misc.Unsafe.park(Native Method)
        at java.util.concurrent.locks.LockSupport.parkNanos(LockSupport.java:215)
        at java.util.concurrent.locks.AbstractQueuedSynchronizer$ConditionObject.awaitNanos(AbstractQueuedSynchronizer.java:2078)
        at java.util.concurrent.LinkedBlockingQueue.poll(LinkedBlockingQueue.java:467)
        at org.apache.hadoop.ipc.CallQueueManager.take(CallQueueManager.java:317)
        at org.apache.hadoop.ipc.Server$Handler.run(Server.java:3014)
"SSL Certificates Store Monitor" daemon prio=5 tid=1117 in Object.wait()
java.lang.Thread.State: WAITING (on object monitor)
        at java.lang.Object.wait(Native Method)
        at java.lang.Object.wait(Object.java:502)
        at java.util.TimerThread.mainLoop(Timer.java:526)
        at java.util.TimerThread.run(Timer.java:505)
"IPC Server handler 28 on default port 15002" daemon prio=5 tid=284 timed_waiting
java.lang.Thread.State: TIMED_WAITING
        at sun.misc.Unsafe.park(Native Method)
        at java.util.concurrent.locks.LockSupport.parkNanos(LockSupport.java:215)
        at java.util.concurrent.locks.AbstractQueuedSynchronizer$ConditionObject.awaitNanos(AbstractQueuedSynchronizer.java:2078)
        at java.util.concurrent.LinkedBlockingQueue.poll(LinkedBlockingQueue.java:467)
        at org.apache.hadoop.ipc.CallQueueManager.take(CallQueueManager.java:317)
        at org.apache.hadoop.ipc.Server$Handler.run(Server.java:3014)
"IPC Server handler 82 on default port 15000" daemon prio=5 tid=138 timed_waiting
java.lang.Thread.State: TIMED_WAITING
        at sun.misc.Unsafe.park(Native Method)
        at java.util.concurrent.locks.LockSupport.parkNanos(LockSupport.java:215)
        at java.util.concurrent.locks.AbstractQueuedSynchronizer$ConditionObject.awaitNanos(AbstractQueuedSynchronizer.java:2078)
        at java.util.concurrent.LinkedBlockingQueue.poll(LinkedBlockingQueue.java:467)
        at org.apache.hadoop.ipc.CallQueueManager.take(CallQueueManager.java:317)
        at org.apache.hadoop.ipc.Server$Handler.run(Server.java:3014)
"IPC Server handler 6 on default port 15009" daemon prio=5 tid=475 timed_waiting
java.lang.Thread.State: TIMED_WAITING
        at sun.misc.Unsafe.park(Native Method)
        at java.util.concurrent.locks.LockSupport.parkNanos(LockSupport.java:215)
        at java.util.concurrent.locks.AbstractQueuedSynchronizer$ConditionObject.awaitNanos(AbstractQueuedSynchronizer.java:2078)
        at java.util.concurrent.LinkedBlockingQueue.poll(LinkedBlockingQueue.java:467)
        at org.apache.hadoop.ipc.CallQueueManager.take(CallQueueManager.java:317)
        at org.apache.hadoop.ipc.Server$Handler.run(Server.java:3014)
"ContainerHealthTask" daemon prio=5 tid=570 timed_waiting
java.lang.Thread.State: TIMED_WAITING
        at java.lang.Thread.sleep(Native Method)
        at org.apache.hadoop.ozone.recon.fsck.ContainerHealthTask.run(ContainerHealthTask.java:111)
        at org.apache.hadoop.ozone.recon.scm.ReconScmTask$$Lambda$1379/2055376904.run(Unknown Source)
        at java.lang.Thread.run(Thread.java:750)
"IPC Server handler 83 on default port 15001" daemon prio=5 tid=239 timed_waiting
java.lang.Thread.State: TIMED_WAITING
        at sun.misc.Unsafe.park(Native Method)
        at java.util.concurrent.locks.LockSupport.parkNanos(LockSupport.java:215)
        at java.util.concurrent.locks.AbstractQueuedSynchronizer$ConditionObject.awaitNanos(AbstractQueuedSynchronizer.java:2078)
        at java.util.concurrent.LinkedBlockingQueue.poll(LinkedBlockingQueue.java:467)
        at org.apache.hadoop.ipc.CallQueueManager.take(CallQueueManager.java:317)
        at org.apache.hadoop.ipc.Server$Handler.run(Server.java:3014)
"IPC Server handler 9 on default port 15001" daemon prio=5 tid=165 timed_waiting
java.lang.Thread.State: TIMED_WAITING
        at sun.misc.Unsafe.park(Native Method)
        at java.util.concurrent.locks.LockSupport.parkNanos(LockSupport.java:215)
        at java.util.concurrent.locks.AbstractQueuedSynchronizer$ConditionObject.awaitNanos(AbstractQueuedSynchronizer.java:2078)
        at java.util.concurrent.LinkedBlockingQueue.poll(LinkedBlockingQueue.java:467)
        at org.apache.hadoop.ipc.CallQueueManager.take(CallQueueManager.java:317)
        at org.apache.hadoop.ipc.Server$Handler.run(Server.java:3014)
"IPC Server handler 8 on default port 15009" daemon prio=5 tid=477 timed_waiting
java.lang.Thread.State: TIMED_WAITING
        at sun.misc.Unsafe.park(Native Method)
        at java.util.concurrent.locks.LockSupport.parkNanos(LockSupport.java:215)
        at java.util.concurrent.locks.AbstractQueuedSynchronizer$ConditionObject.awaitNanos(AbstractQueuedSynchronizer.java:2078)
        at java.util.concurrent.LinkedBlockingQueue.poll(LinkedBlockingQueue.java:467)
        at org.apache.hadoop.ipc.CallQueueManager.take(CallQueueManager.java:317)
        at org.apache.hadoop.ipc.Server$Handler.run(Server.java:3014)
"cc1e4d3c-2283-4c28-b737-db868cb45369-EndpointStateMachineTaskThread-/0.0.0.0:15009-0 "  prio=5 tid=741 in Object.wait()
java.lang.Thread.State: WAITING (on object monitor)
        at sun.misc.Unsafe.park(Native Method)
        at java.util.concurrent.locks.LockSupport.park(LockSupport.java:175)
        at java.util.concurrent.locks.AbstractQueuedSynchronizer$ConditionObject.await(AbstractQueuedSynchronizer.java:2039)
        at java.util.concurrent.LinkedBlockingQueue.take(LinkedBlockingQueue.java:442)
        at java.util.concurrent.ThreadPoolExecutor.getTask(ThreadPoolExecutor.java:1074)
        at java.util.concurrent.ThreadPoolExecutor.runWorker(ThreadPoolExecutor.java:1134)
        at java.util.concurrent.ThreadPoolExecutor$Worker.run(ThreadPoolExecutor.java:624)
        at java.lang.Thread.run(Thread.java:750)
"IPC Server handler 87 on default port 15000" daemon prio=5 tid=143 timed_waiting
java.lang.Thread.State: TIMED_WAITING
        at sun.misc.Unsafe.park(Native Method)
        at java.util.concurrent.locks.LockSupport.parkNanos(LockSupport.java:215)
        at java.util.concurrent.locks.AbstractQueuedSynchronizer$ConditionObject.awaitNanos(AbstractQueuedSynchronizer.java:2078)
        at java.util.concurrent.LinkedBlockingQueue.poll(LinkedBlockingQueue.java:467)
        at org.apache.hadoop.ipc.CallQueueManager.take(CallQueueManager.java:317)
        at org.apache.hadoop.ipc.Server$Handler.run(Server.java:3014)
"Hadoop-Metrics-Updater-0" daemon prio=5 tid=44 timed_waiting
java.lang.Thread.State: TIMED_WAITING
        at sun.misc.Unsafe.park(Native Method)
        at java.util.concurrent.locks.LockSupport.parkNanos(LockSupport.java:215)
        at java.util.concurrent.locks.AbstractQueuedSynchronizer$ConditionObject.awaitNanos(AbstractQueuedSynchronizer.java:2078)
        at java.util.concurrent.ScheduledThreadPoolExecutor$DelayedWorkQueue.take(ScheduledThreadPoolExecutor.java:1093)
        at java.util.concurrent.ScheduledThreadPoolExecutor$DelayedWorkQueue.take(ScheduledThreadPoolExecutor.java:809)
        at java.util.concurrent.ThreadPoolExecutor.getTask(ThreadPoolExecutor.java:1074)
        at java.util.concurrent.ThreadPoolExecutor.runWorker(ThreadPoolExecutor.java:1134)
        at java.util.concurrent.ThreadPoolExecutor$Worker.run(ThreadPoolExecutor.java:624)
        at java.lang.Thread.run(Thread.java:750)
"qtp462164160-614" daemon prio=5 tid=614 timed_waiting
java.lang.Thread.State: TIMED_WAITING
        at sun.misc.Unsafe.park(Native Method)
        at java.util.concurrent.locks.LockSupport.parkNanos(LockSupport.java:215)
        at java.util.concurrent.locks.AbstractQueuedSynchronizer$ConditionObject.awaitNanos(AbstractQueuedSynchronizer.java:2078)
        at org.eclipse.jetty.util.BlockingArrayQueue.poll(BlockingArrayQueue.java:382)
        at org.eclipse.jetty.util.thread.QueuedThreadPool$Runner.idleJobPoll(QueuedThreadPool.java:974)
        at org.eclipse.jetty.util.thread.QueuedThreadPool$Runner.run(QueuedThreadPool.java:1018)
        at java.lang.Thread.run(Thread.java:750)
"IPC Server handler 80 on default port 15001" daemon prio=5 tid=236 timed_waiting
java.lang.Thread.State: TIMED_WAITING
        at sun.misc.Unsafe.park(Native Method)
        at java.util.concurrent.locks.LockSupport.parkNanos(LockSupport.java:215)
        at java.util.concurrent.locks.AbstractQueuedSynchronizer$ConditionObject.awaitNanos(AbstractQueuedSynchronizer.java:2078)
        at java.util.concurrent.LinkedBlockingQueue.poll(LinkedBlockingQueue.java:467)
        at org.apache.hadoop.ipc.CallQueueManager.take(CallQueueManager.java:317)
        at org.apache.hadoop.ipc.Server$Handler.run(Server.java:3014)
"IPC Server handler 89 on default port 15000" daemon prio=5 tid=145 timed_waiting
java.lang.Thread.State: TIMED_WAITING
        at sun.misc.Unsafe.park(Native Method)
        at java.util.concurrent.locks.LockSupport.parkNanos(LockSupport.java:215)
        at java.util.concurrent.locks.AbstractQueuedSynchronizer$ConditionObject.awaitNanos(AbstractQueuedSynchronizer.java:2078)
        at java.util.concurrent.LinkedBlockingQueue.poll(LinkedBlockingQueue.java:467)
        at org.apache.hadoop.ipc.CallQueueManager.take(CallQueueManager.java:317)
        at org.apache.hadoop.ipc.Server$Handler.run(Server.java:3014)
"qtp2041857678-582" daemon prio=5 tid=582 runnable
java.lang.Thread.State: RUNNABLE
        at sun.nio.ch.EPollArrayWrapper.epollWait(Native Method)
        at sun.nio.ch.EPollArrayWrapper.poll(EPollArrayWrapper.java:269)
        at sun.nio.ch.EPollSelectorImpl.doSelect(EPollSelectorImpl.java:93)
        at sun.nio.ch.SelectorImpl.lockAndDoSelect(SelectorImpl.java:86)
        at sun.nio.ch.SelectorImpl.select(SelectorImpl.java:97)
        at sun.nio.ch.SelectorImpl.select(SelectorImpl.java:101)
        at org.eclipse.jetty.io.ManagedSelector.nioSelect(ManagedSelector.java:183)
        at org.eclipse.jetty.io.ManagedSelector.select(ManagedSelector.java:190)
        at org.eclipse.jetty.io.ManagedSelector$SelectorProducer.select(ManagedSelector.java:606)
        at org.eclipse.jetty.io.ManagedSelector$SelectorProducer.produce(ManagedSelector.java:543)
        at org.eclipse.jetty.util.thread.strategy.EatWhatYouKill.produceTask(EatWhatYouKill.java:362)
        at org.eclipse.jetty.util.thread.strategy.EatWhatYouKill.doProduce(EatWhatYouKill.java:186)
        at org.eclipse.jetty.util.thread.strategy.EatWhatYouKill.tryProduce(EatWhatYouKill.java:173)
        at org.eclipse.jetty.util.thread.strategy.EatWhatYouKill.produce(EatWhatYouKill.java:137)
        at org.eclipse.jetty.io.ManagedSelector$$Lambda$666/1273065937.run(Unknown Source)
        at org.eclipse.jetty.util.thread.QueuedThreadPool.runJob(QueuedThreadPool.java:883)
        at org.eclipse.jetty.util.thread.QueuedThreadPool$Runner.run(QueuedThreadPool.java:1034)
        at java.lang.Thread.run(Thread.java:750)
"Hadoop-Metrics-Updater-0" daemon prio=5 tid=383 timed_waiting
java.lang.Thread.State: TIMED_WAITING
        at sun.misc.Unsafe.park(Native Method)
        at java.util.concurrent.locks.LockSupport.parkNanos(LockSupport.java:215)
        at java.util.concurrent.locks.AbstractQueuedSynchronizer$ConditionObject.awaitNanos(AbstractQueuedSynchronizer.java:2078)
        at java.util.concurrent.ScheduledThreadPoolExecutor$DelayedWorkQueue.take(ScheduledThreadPoolExecutor.java:1093)
        at java.util.concurrent.ScheduledThreadPoolExecutor$DelayedWorkQueue.take(ScheduledThreadPoolExecutor.java:809)
        at java.util.concurrent.ThreadPoolExecutor.getTask(ThreadPoolExecutor.java:1074)
        at java.util.concurrent.ThreadPoolExecutor.runWorker(ThreadPoolExecutor.java:1134)
        at java.util.concurrent.ThreadPoolExecutor$Worker.run(ThreadPoolExecutor.java:624)
        at java.lang.Thread.run(Thread.java:750)
"IPC Server handler 37 on default port 15001" daemon prio=5 tid=193 timed_waiting
java.lang.Thread.State: TIMED_WAITING
        at sun.misc.Unsafe.park(Native Method)
        at java.util.concurrent.locks.LockSupport.parkNanos(LockSupport.java:215)
        at java.util.concurrent.locks.AbstractQueuedSynchronizer$ConditionObject.awaitNanos(AbstractQueuedSynchronizer.java:2078)
        at java.util.concurrent.LinkedBlockingQueue.poll(LinkedBlockingQueue.java:467)
        at org.apache.hadoop.ipc.CallQueueManager.take(CallQueueManager.java:317)
        at org.apache.hadoop.ipc.Server$Handler.run(Server.java:3014)
"DatanodeAdminManager-0" daemon prio=5 tid=28 timed_waiting
java.lang.Thread.State: TIMED_WAITING
        at sun.misc.Unsafe.park(Native Method)
        at java.util.concurrent.locks.LockSupport.parkNanos(LockSupport.java:215)
        at java.util.concurrent.locks.AbstractQueuedSynchronizer$ConditionObject.awaitNanos(AbstractQueuedSynchronizer.java:2078)
        at java.util.concurrent.ScheduledThreadPoolExecutor$DelayedWorkQueue.take(ScheduledThreadPoolExecutor.java:1093)
        at java.util.concurrent.ScheduledThreadPoolExecutor$DelayedWorkQueue.take(ScheduledThreadPoolExecutor.java:809)
        at java.util.concurrent.ThreadPoolExecutor.getTask(ThreadPoolExecutor.java:1074)
        at java.util.concurrent.ThreadPoolExecutor.runWorker(ThreadPoolExecutor.java:1134)
        at java.util.concurrent.ThreadPoolExecutor$Worker.run(ThreadPoolExecutor.java:624)
        at java.lang.Thread.run(Thread.java:750)
"IPC Server handler 54 on default port 15000" daemon prio=5 tid=110 timed_waiting
java.lang.Thread.State: TIMED_WAITING
        at sun.misc.Unsafe.park(Native Method)
        at java.util.concurrent.locks.LockSupport.parkNanos(LockSupport.java:215)
        at java.util.concurrent.locks.AbstractQueuedSynchronizer$ConditionObject.awaitNanos(AbstractQueuedSynchronizer.java:2078)
        at java.util.concurrent.LinkedBlockingQueue.poll(LinkedBlockingQueue.java:467)
        at org.apache.hadoop.ipc.CallQueueManager.take(CallQueueManager.java:317)
        at org.apache.hadoop.ipc.Server$Handler.run(Server.java:3014)
"IPC Server handler 15 on default port 15000" daemon prio=5 tid=71 timed_waiting
java.lang.Thread.State: TIMED_WAITING
        at sun.misc.Unsafe.park(Native Method)
        at java.util.concurrent.locks.LockSupport.parkNanos(LockSupport.java:215)
        at java.util.concurrent.locks.AbstractQueuedSynchronizer$ConditionObject.awaitNanos(AbstractQueuedSynchronizer.java:2078)
        at java.util.concurrent.LinkedBlockingQueue.poll(LinkedBlockingQueue.java:467)
        at org.apache.hadoop.ipc.CallQueueManager.take(CallQueueManager.java:317)
        at org.apache.hadoop.ipc.Server$Handler.run(Server.java:3014)
"59c3495a-7636-40f9-8dfa-c28be8e98abd-DatanodeStateMachineTaskThread-0"  prio=5 tid=603 in Object.wait()
java.lang.Thread.State: WAITING (on object monitor)
        at sun.misc.Unsafe.park(Native Method)
        at java.util.concurrent.locks.LockSupport.park(LockSupport.java:175)
        at java.util.concurrent.locks.AbstractQueuedSynchronizer$ConditionObject.await(AbstractQueuedSynchronizer.java:2039)
        at java.util.concurrent.LinkedBlockingQueue.take(LinkedBlockingQueue.java:442)
        at java.util.concurrent.ThreadPoolExecutor.getTask(ThreadPoolExecutor.java:1074)
        at java.util.concurrent.ThreadPoolExecutor.runWorker(ThreadPoolExecutor.java:1134)
        at java.util.concurrent.ThreadPoolExecutor$Worker.run(ThreadPoolExecutor.java:624)
        at java.lang.Thread.run(Thread.java:750)
"ceb25050-cf9f-4852-a13e-a5ff0cf3b4d2-ReplicationContainerReader-0" daemon prio=5 tid=1111 in Object.wait()
java.lang.Thread.State: WAITING (on object monitor)
        at sun.misc.Unsafe.park(Native Method)
        at java.util.concurrent.locks.LockSupport.park(LockSupport.java:175)
        at java.util.concurrent.locks.AbstractQueuedSynchronizer$ConditionObject.await(AbstractQueuedSynchronizer.java:2039)
        at java.util.concurrent.LinkedBlockingQueue.take(LinkedBlockingQueue.java:442)
        at java.util.concurrent.ThreadPoolExecutor.getTask(ThreadPoolExecutor.java:1074)
        at java.util.concurrent.ThreadPoolExecutor.runWorker(ThreadPoolExecutor.java:1134)
        at java.util.concurrent.ThreadPoolExecutor$Worker.run(ThreadPoolExecutor.java:624)
        at java.lang.Thread.run(Thread.java:750)
"IPC Server handler 3 on default port 15009" daemon prio=5 tid=472 timed_waiting
java.lang.Thread.State: TIMED_WAITING
        at sun.misc.Unsafe.park(Native Method)
        at java.util.concurrent.locks.LockSupport.parkNanos(LockSupport.java:215)
        at java.util.concurrent.locks.AbstractQueuedSynchronizer$ConditionObject.awaitNanos(AbstractQueuedSynchronizer.java:2078)
        at java.util.concurrent.LinkedBlockingQueue.poll(LinkedBlockingQueue.java:467)
        at org.apache.hadoop.ipc.CallQueueManager.take(CallQueueManager.java:317)
        at org.apache.hadoop.ipc.Server$Handler.run(Server.java:3014)
"qtp963735699-667-acceptor-0@168219b5-ServerConnector@4b4eece8{HTTP/1.1, (http/1.1)}{0.0.0.0:15038}" daemon prio=3 tid=667 runnable
java.lang.Thread.State: RUNNABLE
        at sun.nio.ch.ServerSocketChannelImpl.accept0(Native Method)
        at sun.nio.ch.ServerSocketChannelImpl.accept(ServerSocketChannelImpl.java:421)
        at sun.nio.ch.ServerSocketChannelImpl.accept(ServerSocketChannelImpl.java:249)
        at org.eclipse.jetty.server.ServerConnector.accept(ServerConnector.java:388)
        at org.eclipse.jetty.server.AbstractConnector$Acceptor.run(AbstractConnector.java:704)
        at org.eclipse.jetty.util.thread.QueuedThreadPool.runJob(QueuedThreadPool.java:883)
        at org.eclipse.jetty.util.thread.QueuedThreadPool$Runner.run(QueuedThreadPool.java:1034)
        at java.lang.Thread.run(Thread.java:750)
"IPC Server handler 74 on default port 15002" daemon prio=5 tid=330 timed_waiting
java.lang.Thread.State: TIMED_WAITING
        at sun.misc.Unsafe.park(Native Method)
        at java.util.concurrent.locks.LockSupport.parkNanos(LockSupport.java:215)
        at java.util.concurrent.locks.AbstractQueuedSynchronizer$ConditionObject.awaitNanos(AbstractQueuedSynchronizer.java:2078)
        at java.util.concurrent.LinkedBlockingQueue.poll(LinkedBlockingQueue.java:467)
        at org.apache.hadoop.ipc.CallQueueManager.take(CallQueueManager.java:317)
        at org.apache.hadoop.ipc.Server$Handler.run(Server.java:3014)
"cc1e4d3c-2283-4c28-b737-db868cb45369-CommandProcessorThread" daemon prio=5 tid=630 timed_waiting
java.lang.Thread.State: TIMED_WAITING
        at java.lang.Thread.sleep(Native Method)
        at org.apache.hadoop.ozone.container.common.statemachine.DatanodeStateMachine.lambda$initCommandHandlerThread$4(DatanodeStateMachine.java:684)
        at org.apache.hadoop.ozone.container.common.statemachine.DatanodeStateMachine$$Lambda$1468/14604698.run(Unknown Source)
        at java.lang.Thread.run(Thread.java:750)
"PartialTableCache-Cleanup-0" daemon prio=5 tid=952 in Object.wait()
java.lang.Thread.State: WAITING (on object monitor)
        at sun.misc.Unsafe.park(Native Method)
        at java.util.concurrent.locks.LockSupport.park(LockSupport.java:175)
        at java.util.concurrent.locks.AbstractQueuedSynchronizer$ConditionObject.await(AbstractQueuedSynchronizer.java:2039)
        at java.util.concurrent.LinkedBlockingQueue.take(LinkedBlockingQueue.java:442)
        at java.util.concurrent.ThreadPoolExecutor.getTask(ThreadPoolExecutor.java:1074)
        at java.util.concurrent.ThreadPoolExecutor.runWorker(ThreadPoolExecutor.java:1134)
        at java.util.concurrent.ThreadPoolExecutor$Worker.run(ThreadPoolExecutor.java:624)
        at java.lang.Thread.run(Thread.java:750)
"IPC Server handler 69 on default port 15001" daemon prio=5 tid=225 timed_waiting
java.lang.Thread.State: TIMED_WAITING
        at sun.misc.Unsafe.park(Native Method)
        at java.util.concurrent.locks.LockSupport.parkNanos(LockSupport.java:215)
        at java.util.concurrent.locks.AbstractQueuedSynchronizer$ConditionObject.awaitNanos(AbstractQueuedSynchronizer.java:2078)
        at java.util.concurrent.LinkedBlockingQueue.poll(LinkedBlockingQueue.java:467)
        at org.apache.hadoop.ipc.CallQueueManager.take(CallQueueManager.java:317)
        at org.apache.hadoop.ipc.Server$Handler.run(Server.java:3014)
"IPC Server handler 67 on default port 15001" daemon prio=5 tid=223 timed_waiting
java.lang.Thread.State: TIMED_WAITING
        at sun.misc.Unsafe.park(Native Method)
        at java.util.concurrent.locks.LockSupport.parkNanos(LockSupport.java:215)
        at java.util.concurrent.locks.AbstractQueuedSynchronizer$ConditionObject.awaitNanos(AbstractQueuedSynchronizer.java:2078)
        at java.util.concurrent.LinkedBlockingQueue.poll(LinkedBlockingQueue.java:467)
        at org.apache.hadoop.ipc.CallQueueManager.take(CallQueueManager.java:317)
        at org.apache.hadoop.ipc.Server$Handler.run(Server.java:3014)
"StaleRecoveringContainerScrubbingService#2" daemon prio=5 tid=1176 in Object.wait()
java.lang.Thread.State: WAITING (on object monitor)
        at sun.misc.Unsafe.park(Native Method)
        at java.util.concurrent.locks.LockSupport.park(LockSupport.java:175)
        at java.util.concurrent.locks.AbstractQueuedSynchronizer$ConditionObject.await(AbstractQueuedSynchronizer.java:2039)
        at java.util.concurrent.ScheduledThreadPoolExecutor$DelayedWorkQueue.take(ScheduledThreadPoolExecutor.java:1088)
        at java.util.concurrent.ScheduledThreadPoolExecutor$DelayedWorkQueue.take(ScheduledThreadPoolExecutor.java:809)
        at java.util.concurrent.ThreadPoolExecutor.getTask(ThreadPoolExecutor.java:1074)
        at java.util.concurrent.ThreadPoolExecutor.runWorker(ThreadPoolExecutor.java:1134)
        at java.util.concurrent.ThreadPoolExecutor$Worker.run(ThreadPoolExecutor.java:624)
        at java.lang.Thread.run(Thread.java:750)
"SSL Certificates Store Monitor" daemon prio=5 tid=438 in Object.wait()
java.lang.Thread.State: WAITING (on object monitor)
        at java.lang.Object.wait(Native Method)
        at java.lang.Object.wait(Object.java:502)
        at java.util.TimerThread.mainLoop(Timer.java:526)
        at java.util.TimerThread.run(Timer.java:505)
"IPC Server handler 46 on default port 15002" daemon prio=5 tid=302 timed_waiting
java.lang.Thread.State: TIMED_WAITING
        at sun.misc.Unsafe.park(Native Method)
        at java.util.concurrent.locks.LockSupport.parkNanos(LockSupport.java:215)
        at java.util.concurrent.locks.AbstractQueuedSynchronizer$ConditionObject.awaitNanos(AbstractQueuedSynchronizer.java:2078)
        at java.util.concurrent.LinkedBlockingQueue.poll(LinkedBlockingQueue.java:467)
        at org.apache.hadoop.ipc.CallQueueManager.take(CallQueueManager.java:317)
        at org.apache.hadoop.ipc.Server$Handler.run(Server.java:3014)
"IPC Server handler 90 on default port 15000" daemon prio=5 tid=146 timed_waiting
java.lang.Thread.State: TIMED_WAITING
        at sun.misc.Unsafe.park(Native Method)
        at java.util.concurrent.locks.LockSupport.parkNanos(LockSupport.java:215)
        at java.util.concurrent.locks.AbstractQueuedSynchronizer$ConditionObject.awaitNanos(AbstractQueuedSynchronizer.java:2078)
        at java.util.concurrent.LinkedBlockingQueue.poll(LinkedBlockingQueue.java:467)
        at org.apache.hadoop.ipc.CallQueueManager.take(CallQueueManager.java:317)
        at org.apache.hadoop.ipc.Server$Handler.run(Server.java:3014)
"Timer for 'StorageContainerManager' metrics system" daemon prio=5 tid=55 timed_waiting
java.lang.Thread.State: TIMED_WAITING
        at java.lang.Object.wait(Native Method)
        at java.util.TimerThread.mainLoop(Timer.java:552)
        at java.util.TimerThread.run(Timer.java:505)
"ceb25050-cf9f-4852-a13e-a5ff0cf3b4d2-DatanodeReportManager-1" daemon prio=5 tid=710 timed_waiting
java.lang.Thread.State: TIMED_WAITING
        at sun.misc.Unsafe.park(Native Method)
        at java.util.concurrent.locks.LockSupport.parkNanos(LockSupport.java:215)
        at java.util.concurrent.locks.AbstractQueuedSynchronizer$ConditionObject.awaitNanos(AbstractQueuedSynchronizer.java:2078)
        at java.util.concurrent.ScheduledThreadPoolExecutor$DelayedWorkQueue.take(ScheduledThreadPoolExecutor.java:1093)
        at java.util.concurrent.ScheduledThreadPoolExecutor$DelayedWorkQueue.take(ScheduledThreadPoolExecutor.java:809)
        at java.util.concurrent.ThreadPoolExecutor.getTask(ThreadPoolExecutor.java:1074)
        at java.util.concurrent.ThreadPoolExecutor.runWorker(ThreadPoolExecutor.java:1134)
        at java.util.concurrent.ThreadPoolExecutor$Worker.run(ThreadPoolExecutor.java:624)
        at java.lang.Thread.run(Thread.java:750)
"a40aef6e-dfc7-4141-9a41-17d72bf4eeff@group-2D61D60DE43D-LeaderStateImpl" daemon prio=5 tid=923 timed_waiting
java.lang.Thread.State: TIMED_WAITING
        at sun.misc.Unsafe.park(Native Method)
        at java.util.concurrent.locks.LockSupport.parkNanos(LockSupport.java:215)
        at java.util.concurrent.locks.AbstractQueuedSynchronizer$ConditionObject.awaitNanos(AbstractQueuedSynchronizer.java:2078)
        at java.util.concurrent.ArrayBlockingQueue.poll(ArrayBlockingQueue.java:418)
        at org.apache.ratis.server.impl.LeaderStateImpl$EventQueue.poll(LeaderStateImpl.java:164)
        at org.apache.ratis.server.impl.LeaderStateImpl$EventProcessor.run(LeaderStateImpl.java:762)
"IPC Server handler 14 on default port 15002" daemon prio=5 tid=270 timed_waiting
java.lang.Thread.State: TIMED_WAITING
        at sun.misc.Unsafe.park(Native Method)
        at java.util.concurrent.locks.LockSupport.parkNanos(LockSupport.java:215)
        at java.util.concurrent.locks.AbstractQueuedSynchronizer$ConditionObject.awaitNanos(AbstractQueuedSynchronizer.java:2078)
        at java.util.concurrent.LinkedBlockingQueue.poll(LinkedBlockingQueue.java:467)
        at org.apache.hadoop.ipc.CallQueueManager.take(CallQueueManager.java:317)
        at org.apache.hadoop.ipc.Server$Handler.run(Server.java:3014)
"IPC Server handler 60 on default port 15000" daemon prio=5 tid=116 timed_waiting
java.lang.Thread.State: TIMED_WAITING
        at sun.misc.Unsafe.park(Native Method)
        at java.util.concurrent.locks.LockSupport.parkNanos(LockSupport.java:215)
        at java.util.concurrent.locks.AbstractQueuedSynchronizer$ConditionObject.awaitNanos(AbstractQueuedSynchronizer.java:2078)
        at java.util.concurrent.LinkedBlockingQueue.poll(LinkedBlockingQueue.java:467)
        at org.apache.hadoop.ipc.CallQueueManager.take(CallQueueManager.java:317)
        at org.apache.hadoop.ipc.Server$Handler.run(Server.java:3014)
"IPC Server handler 8 on default port 15001" daemon prio=5 tid=164 timed_waiting
java.lang.Thread.State: TIMED_WAITING
        at sun.misc.Unsafe.park(Native Method)
        at java.util.concurrent.locks.LockSupport.parkNanos(LockSupport.java:215)
        at java.util.concurrent.locks.AbstractQueuedSynchronizer$ConditionObject.awaitNanos(AbstractQueuedSynchronizer.java:2078)
        at java.util.concurrent.LinkedBlockingQueue.poll(LinkedBlockingQueue.java:467)
        at org.apache.hadoop.ipc.CallQueueManager.take(CallQueueManager.java:317)
        at org.apache.hadoop.ipc.Server$Handler.run(Server.java:3014)
"Socket Reader #1 for port 15001"  prio=5 tid=36 runnable
java.lang.Thread.State: RUNNABLE
        at sun.nio.ch.EPollArrayWrapper.epollWait(Native Method)
        at sun.nio.ch.EPollArrayWrapper.poll(EPollArrayWrapper.java:269)
        at sun.nio.ch.EPollSelectorImpl.doSelect(EPollSelectorImpl.java:93)
        at sun.nio.ch.SelectorImpl.lockAndDoSelect(SelectorImpl.java:86)
        at sun.nio.ch.SelectorImpl.select(SelectorImpl.java:97)
        at sun.nio.ch.SelectorImpl.select(SelectorImpl.java:101)
        at org.apache.hadoop.ipc.Server$Listener$Reader.doRunLoop(Server.java:1346)
        at org.apache.hadoop.ipc.Server$Listener$Reader.run(Server.java:1325)
"IPC Server handler 11 on default port 15004" daemon prio=5 tid=423 timed_waiting
java.lang.Thread.State: TIMED_WAITING
        at sun.misc.Unsafe.park(Native Method)
        at java.util.concurrent.locks.LockSupport.parkNanos(LockSupport.java:215)
        at java.util.concurrent.locks.AbstractQueuedSynchronizer$ConditionObject.awaitNanos(AbstractQueuedSynchronizer.java:2078)
        at java.util.concurrent.LinkedBlockingQueue.poll(LinkedBlockingQueue.java:467)
        at org.apache.hadoop.ipc.CallQueueManager.take(CallQueueManager.java:317)
        at org.apache.hadoop.ipc.Server$Handler.run(Server.java:3014)
"IPC Server handler 64 on default port 15000" daemon prio=5 tid=120 timed_waiting
java.lang.Thread.State: TIMED_WAITING
        at sun.misc.Unsafe.park(Native Method)
        at java.util.concurrent.locks.LockSupport.parkNanos(LockSupport.java:215)
        at java.util.concurrent.locks.AbstractQueuedSynchronizer$ConditionObject.awaitNanos(AbstractQueuedSynchronizer.java:2078)
        at java.util.concurrent.LinkedBlockingQueue.poll(LinkedBlockingQueue.java:467)
        at org.apache.hadoop.ipc.CallQueueManager.take(CallQueueManager.java:317)
        at org.apache.hadoop.ipc.Server$Handler.run(Server.java:3014)
"IPC Server handler 47 on default port 15001" daemon prio=5 tid=203 timed_waiting
java.lang.Thread.State: TIMED_WAITING
        at sun.misc.Unsafe.park(Native Method)
        at java.util.concurrent.locks.LockSupport.parkNanos(LockSupport.java:215)
        at java.util.concurrent.locks.AbstractQueuedSynchronizer$ConditionObject.awaitNanos(AbstractQueuedSynchronizer.java:2078)
        at java.util.concurrent.LinkedBlockingQueue.poll(LinkedBlockingQueue.java:467)
        at org.apache.hadoop.ipc.CallQueueManager.take(CallQueueManager.java:317)
        at org.apache.hadoop.ipc.Server$Handler.run(Server.java:3014)
"Socket Reader #1 for port 15030"  prio=5 tid=647 runnable
java.lang.Thread.State: RUNNABLE
        at sun.nio.ch.EPollArrayWrapper.epollWait(Native Method)
        at sun.nio.ch.EPollArrayWrapper.poll(EPollArrayWrapper.java:269)
        at sun.nio.ch.EPollSelectorImpl.doSelect(EPollSelectorImpl.java:93)
        at sun.nio.ch.SelectorImpl.lockAndDoSelect(SelectorImpl.java:86)
        at sun.nio.ch.SelectorImpl.select(SelectorImpl.java:97)
        at sun.nio.ch.SelectorImpl.select(SelectorImpl.java:101)
        at org.apache.hadoop.ipc.Server$Listener$Reader.doRunLoop(Server.java:1346)
        at org.apache.hadoop.ipc.Server$Listener$Reader.run(Server.java:1325)
"SSL Certificates Store Monitor" daemon prio=5 tid=1045 in Object.wait()
java.lang.Thread.State: WAITING (on object monitor)
        at java.lang.Object.wait(Native Method)
        at java.lang.Object.wait(Object.java:502)
        at java.util.TimerThread.mainLoop(Timer.java:526)
        at java.util.TimerThread.run(Timer.java:505)
"IPC Server handler 44 on default port 15001" daemon prio=5 tid=200 timed_waiting
java.lang.Thread.State: TIMED_WAITING
        at sun.misc.Unsafe.park(Native Method)
        at java.util.concurrent.locks.LockSupport.parkNanos(LockSupport.java:215)
        at java.util.concurrent.locks.AbstractQueuedSynchronizer$ConditionObject.awaitNanos(AbstractQueuedSynchronizer.java:2078)
        at java.util.concurrent.LinkedBlockingQueue.poll(LinkedBlockingQueue.java:467)
        at org.apache.hadoop.ipc.CallQueueManager.take(CallQueueManager.java:317)
        at org.apache.hadoop.ipc.Server$Handler.run(Server.java:3014)
"ContainerDataScanner(/home/runner/work/ozone/ozone/hadoop-ozone/integration-test/target/test-dir/MiniOzoneClusterImpl-9e1941cb-56ba-429e-854d-1e52595ce6ec/ozone-meta/datanode-5/data-0/hdds)" daemon prio=5 tid=804 timed_waiting
java.lang.Thread.State: TIMED_WAITING
        at java.lang.Thread.sleep(Native Method)
        at org.apache.hadoop.ozone.container.ozoneimpl.AbstractBackgroundContainerScanner.handleRemainingSleep(AbstractBackgroundContainerScanner.java:131)
        at org.apache.hadoop.ozone.container.ozoneimpl.AbstractBackgroundContainerScanner.runIteration(AbstractBackgroundContainerScanner.java:98)
        at org.apache.hadoop.ozone.container.ozoneimpl.AbstractBackgroundContainerScanner.run(AbstractBackgroundContainerScanner.java:57)
"a40aef6e-dfc7-4141-9a41-17d72bf4eeff-DatanodeReportManager-0" daemon prio=5 tid=681 in Object.wait()
java.lang.Thread.State: WAITING (on object monitor)
        at sun.misc.Unsafe.park(Native Method)
        at java.util.concurrent.locks.LockSupport.park(LockSupport.java:175)
        at java.util.concurrent.locks.AbstractQueuedSynchronizer$ConditionObject.await(AbstractQueuedSynchronizer.java:2039)
        at java.util.concurrent.ScheduledThreadPoolExecutor$DelayedWorkQueue.take(ScheduledThreadPoolExecutor.java:1088)
        at java.util.concurrent.ScheduledThreadPoolExecutor$DelayedWorkQueue.take(ScheduledThreadPoolExecutor.java:809)
        at java.util.concurrent.ThreadPoolExecutor.getTask(ThreadPoolExecutor.java:1074)
        at java.util.concurrent.ThreadPoolExecutor.runWorker(ThreadPoolExecutor.java:1134)
        at java.util.concurrent.ThreadPoolExecutor$Worker.run(ThreadPoolExecutor.java:624)
        at java.lang.Thread.run(Thread.java:750)
"IPC Server handler 68 on default port 15009" daemon prio=5 tid=537 timed_waiting
java.lang.Thread.State: TIMED_WAITING
        at sun.misc.Unsafe.park(Native Method)
        at java.util.concurrent.locks.LockSupport.parkNanos(LockSupport.java:215)
        at java.util.concurrent.locks.AbstractQueuedSynchronizer$ConditionObject.awaitNanos(AbstractQueuedSynchronizer.java:2078)
        at java.util.concurrent.LinkedBlockingQueue.poll(LinkedBlockingQueue.java:467)
        at org.apache.hadoop.ipc.CallQueueManager.take(CallQueueManager.java:317)
        at org.apache.hadoop.ipc.Server$Handler.run(Server.java:3014)
"om1-client-thread1" daemon prio=5 tid=929 timed_waiting
java.lang.Thread.State: TIMED_WAITING
        at sun.misc.Unsafe.park(Native Method)
        at java.util.concurrent.locks.LockSupport.parkNanos(LockSupport.java:215)
        at java.util.concurrent.SynchronousQueue$TransferStack.awaitFulfill(SynchronousQueue.java:460)
        at java.util.concurrent.SynchronousQueue$TransferStack.transfer(SynchronousQueue.java:362)
        at java.util.concurrent.SynchronousQueue.poll(SynchronousQueue.java:941)
        at java.util.concurrent.ThreadPoolExecutor.getTask(ThreadPoolExecutor.java:1073)
        at java.util.concurrent.ThreadPoolExecutor.runWorker(ThreadPoolExecutor.java:1134)
        at java.util.concurrent.ThreadPoolExecutor$Worker.run(ThreadPoolExecutor.java:624)
        at java.lang.Thread.run(Thread.java:750)
"59c3495a-7636-40f9-8dfa-c28be8e98abd@group-82A21D15CBF7->a40aef6e-dfc7-4141-9a41-17d72bf4eeff-GrpcLogAppender-LogAppenderDaemon" daemon prio=5 tid=1165 timed_waiting
java.lang.Thread.State: TIMED_WAITING
        at sun.misc.Unsafe.park(Native Method)
        at java.util.concurrent.locks.LockSupport.parkNanos(LockSupport.java:215)
        at java.util.concurrent.locks.AbstractQueuedSynchronizer$ConditionObject.await(AbstractQueuedSynchronizer.java:2163)
        at org.apache.ratis.util.AwaitForSignal.await(AwaitForSignal.java:65)
        at org.apache.ratis.grpc.server.GrpcLogAppender.mayWait(GrpcLogAppender.java:286)
        at org.apache.ratis.grpc.server.GrpcLogAppender.run(GrpcLogAppender.java:254)
        at org.apache.ratis.server.leader.LogAppenderDaemon.run(LogAppenderDaemon.java:80)
        at org.apache.ratis.server.leader.LogAppenderDaemon$$Lambda$1703/982418488.run(Unknown Source)
        at java.lang.Thread.run(Thread.java:750)
"IPC Server handler 56 on default port 15009" daemon prio=5 tid=525 timed_waiting
java.lang.Thread.State: TIMED_WAITING
        at sun.misc.Unsafe.park(Native Method)
        at java.util.concurrent.locks.LockSupport.parkNanos(LockSupport.java:215)
        at java.util.concurrent.locks.AbstractQueuedSynchronizer$ConditionObject.awaitNanos(AbstractQueuedSynchronizer.java:2078)
        at java.util.concurrent.LinkedBlockingQueue.poll(LinkedBlockingQueue.java:467)
        at org.apache.hadoop.ipc.CallQueueManager.take(CallQueueManager.java:317)
        at org.apache.hadoop.ipc.Server$Handler.run(Server.java:3014)
"59c3495a-7636-40f9-8dfa-c28be8e98abd-DatanodeStateMachineDaemonThread" daemon prio=5 tid=596 timed_waiting
java.lang.Thread.State: TIMED_WAITING
        at java.lang.Thread.sleep(Native Method)
        at org.apache.hadoop.ozone.container.common.statemachine.DatanodeStateMachine.startStateMachineThread(DatanodeStateMachine.java:369)
        at org.apache.hadoop.ozone.container.common.statemachine.DatanodeStateMachine.lambda$startDaemon$1(DatanodeStateMachine.java:556)
        at org.apache.hadoop.ozone.container.common.statemachine.DatanodeStateMachine$$Lambda$1466/1250399292.run(Unknown Source)
        at java.lang.Thread.run(Thread.java:750)
"IPC Server handler 25 on default port 15002" daemon prio=5 tid=281 timed_waiting
java.lang.Thread.State: TIMED_WAITING
        at sun.misc.Unsafe.park(Native Method)
        at java.util.concurrent.locks.LockSupport.parkNanos(LockSupport.java:215)
        at java.util.concurrent.locks.AbstractQueuedSynchronizer$ConditionObject.awaitNanos(AbstractQueuedSynchronizer.java:2078)
        at java.util.concurrent.LinkedBlockingQueue.poll(LinkedBlockingQueue.java:467)
        at org.apache.hadoop.ipc.CallQueueManager.take(CallQueueManager.java:317)
        at org.apache.hadoop.ipc.Server$Handler.run(Server.java:3014)
"IPC Server handler 2 on default port 15000" daemon prio=5 tid=58 timed_waiting
java.lang.Thread.State: TIMED_WAITING
        at sun.misc.Unsafe.park(Native Method)
        at java.util.concurrent.locks.LockSupport.parkNanos(LockSupport.java:215)
        at java.util.concurrent.locks.AbstractQueuedSynchronizer$ConditionObject.awaitNanos(AbstractQueuedSynchronizer.java:2078)
        at java.util.concurrent.LinkedBlockingQueue.poll(LinkedBlockingQueue.java:467)
        at org.apache.hadoop.ipc.CallQueueManager.take(CallQueueManager.java:317)
        at org.apache.hadoop.ipc.Server$Handler.run(Server.java:3014)
"LeakDetector-ManagedRocksObject0" daemon prio=5 tid=20 in Object.wait()
java.lang.Thread.State: WAITING (on object monitor)
        at java.lang.Object.wait(Native Method)
        at java.lang.ref.ReferenceQueue.remove(ReferenceQueue.java:144)
        at java.lang.ref.ReferenceQueue.remove(ReferenceQueue.java:165)
        at org.apache.hadoop.hdds.utils.LeakDetector.run(LeakDetector.java:80)
        at org.apache.hadoop.hdds.utils.LeakDetector$$Lambda$497/1402400433.run(Unknown Source)
        at java.lang.Thread.run(Thread.java:750)
"IPC Server handler 50 on default port 15009" daemon prio=5 tid=519 timed_waiting
java.lang.Thread.State: TIMED_WAITING
        at sun.misc.Unsafe.park(Native Method)
        at java.util.concurrent.locks.LockSupport.parkNanos(LockSupport.java:215)
        at java.util.concurrent.locks.AbstractQueuedSynchronizer$ConditionObject.awaitNanos(AbstractQueuedSynchronizer.java:2078)
        at java.util.concurrent.LinkedBlockingQueue.poll(LinkedBlockingQueue.java:467)
        at org.apache.hadoop.ipc.CallQueueManager.take(CallQueueManager.java:317)
        at org.apache.hadoop.ipc.Server$Handler.run(Server.java:3014)
"timer4" daemon prio=5 tid=919 timed_waiting
java.lang.Thread.State: TIMED_WAITING
        at java.lang.Object.wait(Native Method)
        at java.util.TimerThread.mainLoop(Timer.java:552)
        at java.util.TimerThread.run(Timer.java:505)
"IPC Server handler 76 on default port 15002" daemon prio=5 tid=332 timed_waiting
java.lang.Thread.State: TIMED_WAITING
        at sun.misc.Unsafe.park(Native Method)
        at java.util.concurrent.locks.LockSupport.parkNanos(LockSupport.java:215)
        at java.util.concurrent.locks.AbstractQueuedSynchronizer$ConditionObject.awaitNanos(AbstractQueuedSynchronizer.java:2078)
        at java.util.concurrent.LinkedBlockingQueue.poll(LinkedBlockingQueue.java:467)
        at org.apache.hadoop.ipc.CallQueueManager.take(CallQueueManager.java:317)
        at org.apache.hadoop.ipc.Server$Handler.run(Server.java:3014)
"Hadoop-Metrics-Updater-0" daemon prio=5 tid=622 timed_waiting
java.lang.Thread.State: TIMED_WAITING
        at sun.misc.Unsafe.park(Native Method)
        at java.util.concurrent.locks.LockSupport.parkNanos(LockSupport.java:215)
        at java.util.concurrent.locks.AbstractQueuedSynchronizer$ConditionObject.awaitNanos(AbstractQueuedSynchronizer.java:2078)
        at java.util.concurrent.ScheduledThreadPoolExecutor$DelayedWorkQueue.take(ScheduledThreadPoolExecutor.java:1093)
        at java.util.concurrent.ScheduledThreadPoolExecutor$DelayedWorkQueue.take(ScheduledThreadPoolExecutor.java:809)
        at java.util.concurrent.ThreadPoolExecutor.getTask(ThreadPoolExecutor.java:1074)
        at java.util.concurrent.ThreadPoolExecutor.runWorker(ThreadPoolExecutor.java:1134)
        at java.util.concurrent.ThreadPoolExecutor$Worker.run(ThreadPoolExecutor.java:624)
        at java.lang.Thread.run(Thread.java:750)
"process reaper" daemon prio=10 tid=12 timed_waiting
java.lang.Thread.State: TIMED_WAITING
        at sun.misc.Unsafe.park(Native Method)
        at java.util.concurrent.locks.LockSupport.parkNanos(LockSupport.java:215)
        at java.util.concurrent.SynchronousQueue$TransferStack.awaitFulfill(SynchronousQueue.java:460)
        at java.util.concurrent.SynchronousQueue$TransferStack.transfer(SynchronousQueue.java:362)
        at java.util.concurrent.SynchronousQueue.poll(SynchronousQueue.java:941)
        at java.util.concurrent.ThreadPoolExecutor.getTask(ThreadPoolExecutor.java:1073)
        at java.util.concurrent.ThreadPoolExecutor.runWorker(ThreadPoolExecutor.java:1134)
        at java.util.concurrent.ThreadPoolExecutor$Worker.run(ThreadPoolExecutor.java:624)
        at java.lang.Thread.run(Thread.java:750)
"IPC Server handler 39 on default port 15001" daemon prio=5 tid=195 timed_waiting
java.lang.Thread.State: TIMED_WAITING
        at sun.misc.Unsafe.park(Native Method)
        at java.util.concurrent.locks.LockSupport.parkNanos(LockSupport.java:215)
        at java.util.concurrent.locks.AbstractQueuedSynchronizer$ConditionObject.awaitNanos(AbstractQueuedSynchronizer.java:2078)
        at java.util.concurrent.LinkedBlockingQueue.poll(LinkedBlockingQueue.java:467)
        at org.apache.hadoop.ipc.CallQueueManager.take(CallQueueManager.java:317)
        at org.apache.hadoop.ipc.Server$Handler.run(Server.java:3014)
"grpc-default-executor-6" daemon prio=5 tid=1138 timed_waiting
java.lang.Thread.State: TIMED_WAITING
        at sun.misc.Unsafe.park(Native Method)
        at java.util.concurrent.locks.LockSupport.parkNanos(LockSupport.java:215)
        at java.util.concurrent.SynchronousQueue$TransferStack.awaitFulfill(SynchronousQueue.java:460)
        at java.util.concurrent.SynchronousQueue$TransferStack.transfer(SynchronousQueue.java:362)
        at java.util.concurrent.SynchronousQueue.poll(SynchronousQueue.java:941)
        at java.util.concurrent.ThreadPoolExecutor.getTask(ThreadPoolExecutor.java:1073)
        at java.util.concurrent.ThreadPoolExecutor.runWorker(ThreadPoolExecutor.java:1134)
        at java.util.concurrent.ThreadPoolExecutor$Worker.run(ThreadPoolExecutor.java:624)
        at java.lang.Thread.run(Thread.java:750)
"IPC Server handler 38 on default port 15000" daemon prio=5 tid=94 timed_waiting
java.lang.Thread.State: TIMED_WAITING
        at sun.misc.Unsafe.park(Native Method)
        at java.util.concurrent.locks.LockSupport.parkNanos(LockSupport.java:215)
        at java.util.concurrent.locks.AbstractQueuedSynchronizer$ConditionObject.awaitNanos(AbstractQueuedSynchronizer.java:2078)
        at java.util.concurrent.LinkedBlockingQueue.poll(LinkedBlockingQueue.java:467)
        at org.apache.hadoop.ipc.CallQueueManager.take(CallQueueManager.java:317)
        at org.apache.hadoop.ipc.Server$Handler.run(Server.java:3014)
"IPC Client (583361835) connection to localhost/127.0.0.1:15004 from runner" daemon prio=5 tid=959 timed_waiting
java.lang.Thread.State: TIMED_WAITING
        at java.lang.Object.wait(Native Method)
        at org.apache.hadoop.ipc.Client$Connection.waitForWork(Client.java:1026)
        at org.apache.hadoop.ipc.Client$Connection.run(Client.java:1077)
"om1-SnapshotDeletingService#0" daemon prio=5 tid=399 timed_waiting
java.lang.Thread.State: TIMED_WAITING
        at sun.misc.Unsafe.park(Native Method)
        at java.util.concurrent.locks.LockSupport.parkNanos(LockSupport.java:215)
        at java.util.concurrent.locks.AbstractQueuedSynchronizer$ConditionObject.awaitNanos(AbstractQueuedSynchronizer.java:2078)
        at java.util.concurrent.ScheduledThreadPoolExecutor$DelayedWorkQueue.take(ScheduledThreadPoolExecutor.java:1093)
        at java.util.concurrent.ScheduledThreadPoolExecutor$DelayedWorkQueue.take(ScheduledThreadPoolExecutor.java:809)
        at java.util.concurrent.ThreadPoolExecutor.getTask(ThreadPoolExecutor.java:1074)
        at java.util.concurrent.ThreadPoolExecutor.runWorker(ThreadPoolExecutor.java:1134)
        at java.util.concurrent.ThreadPoolExecutor$Worker.run(ThreadPoolExecutor.java:624)
        at java.lang.Thread.run(Thread.java:750)
"IPC Server handler 24 on default port 15002" daemon prio=5 tid=280 timed_waiting
java.lang.Thread.State: TIMED_WAITING
        at sun.misc.Unsafe.park(Native Method)
        at java.util.concurrent.locks.LockSupport.parkNanos(LockSupport.java:215)
        at java.util.concurrent.locks.AbstractQueuedSynchronizer$ConditionObject.awaitNanos(AbstractQueuedSynchronizer.java:2078)
        at java.util.concurrent.LinkedBlockingQueue.poll(LinkedBlockingQueue.java:467)
        at org.apache.hadoop.ipc.CallQueueManager.take(CallQueueManager.java:317)
        at org.apache.hadoop.ipc.Server$Handler.run(Server.java:3014)
"IPC Server handler 0 on default port 15012" daemon prio=5 tid=595 timed_waiting
java.lang.Thread.State: TIMED_WAITING
        at sun.misc.Unsafe.park(Native Method)
        at java.util.concurrent.locks.LockSupport.parkNanos(LockSupport.java:215)
        at java.util.concurrent.locks.AbstractQueuedSynchronizer$ConditionObject.awaitNanos(AbstractQueuedSynchronizer.java:2078)
        at java.util.concurrent.LinkedBlockingQueue.poll(LinkedBlockingQueue.java:467)
        at org.apache.hadoop.ipc.CallQueueManager.take(CallQueueManager.java:317)
        at org.apache.hadoop.ipc.Server$Handler.run(Server.java:3014)
"cc1e4d3c-2283-4c28-b737-db868cb45369-server-thread1" daemon prio=5 tid=1167 timed_waiting
java.lang.Thread.State: TIMED_WAITING
        at sun.misc.Unsafe.park(Native Method)
        at java.util.concurrent.locks.LockSupport.parkNanos(LockSupport.java:215)
        at java.util.concurrent.SynchronousQueue$TransferStack.awaitFulfill(SynchronousQueue.java:460)
        at java.util.concurrent.SynchronousQueue$TransferStack.transfer(SynchronousQueue.java:362)
        at java.util.concurrent.SynchronousQueue.poll(SynchronousQueue.java:941)
        at java.util.concurrent.ThreadPoolExecutor.getTask(ThreadPoolExecutor.java:1073)
        at java.util.concurrent.ThreadPoolExecutor.runWorker(ThreadPoolExecutor.java:1134)
        at java.util.concurrent.ThreadPoolExecutor$Worker.run(ThreadPoolExecutor.java:624)
        at java.lang.Thread.run(Thread.java:750)
"IPC Server handler 17 on default port 15009" daemon prio=5 tid=486 timed_waiting
java.lang.Thread.State: TIMED_WAITING
        at sun.misc.Unsafe.park(Native Method)
        at java.util.concurrent.locks.LockSupport.parkNanos(LockSupport.java:215)
        at java.util.concurrent.locks.AbstractQueuedSynchronizer$ConditionObject.awaitNanos(AbstractQueuedSynchronizer.java:2078)
        at java.util.concurrent.LinkedBlockingQueue.poll(LinkedBlockingQueue.java:467)
        at org.apache.hadoop.ipc.CallQueueManager.take(CallQueueManager.java:317)
        at org.apache.hadoop.ipc.Server$Handler.run(Server.java:3014)
"IPC Server handler 93 on default port 15000" daemon prio=5 tid=149 timed_waiting
java.lang.Thread.State: TIMED_WAITING
        at sun.misc.Unsafe.park(Native Method)
        at java.util.concurrent.locks.LockSupport.parkNanos(LockSupport.java:215)
        at java.util.concurrent.locks.AbstractQueuedSynchronizer$ConditionObject.awaitNanos(AbstractQueuedSynchronizer.java:2078)
        at java.util.concurrent.LinkedBlockingQueue.poll(LinkedBlockingQueue.java:467)
        at org.apache.hadoop.ipc.CallQueueManager.take(CallQueueManager.java:317)
        at org.apache.hadoop.ipc.Server$Handler.run(Server.java:3014)
"IPC Server handler 74 on default port 15000" daemon prio=5 tid=130 timed_waiting
java.lang.Thread.State: TIMED_WAITING
        at sun.misc.Unsafe.park(Native Method)
        at java.util.concurrent.locks.LockSupport.parkNanos(LockSupport.java:215)
        at java.util.concurrent.locks.AbstractQueuedSynchronizer$ConditionObject.awaitNanos(AbstractQueuedSynchronizer.java:2078)
        at java.util.concurrent.LinkedBlockingQueue.poll(LinkedBlockingQueue.java:467)
        at org.apache.hadoop.ipc.CallQueueManager.take(CallQueueManager.java:317)
        at org.apache.hadoop.ipc.Server$Handler.run(Server.java:3014)
"IPC Server handler 3 on default port 15001" daemon prio=5 tid=159 timed_waiting
java.lang.Thread.State: TIMED_WAITING
        at sun.misc.Unsafe.park(Native Method)
        at java.util.concurrent.locks.LockSupport.parkNanos(LockSupport.java:215)
        at java.util.concurrent.locks.AbstractQueuedSynchronizer$ConditionObject.awaitNanos(AbstractQueuedSynchronizer.java:2078)
        at java.util.concurrent.LinkedBlockingQueue.poll(LinkedBlockingQueue.java:467)
        at org.apache.hadoop.ipc.CallQueueManager.take(CallQueueManager.java:317)
        at org.apache.hadoop.ipc.Server$Handler.run(Server.java:3014)
"cc1e4d3c-2283-4c28-b737-db868cb45369-CloseContainerThread-0"  prio=5 tid=1051 in Object.wait()
java.lang.Thread.State: WAITING (on object monitor)
        at sun.misc.Unsafe.park(Native Method)
        at java.util.concurrent.locks.LockSupport.park(LockSupport.java:175)
        at java.util.concurrent.locks.AbstractQueuedSynchronizer$ConditionObject.await(AbstractQueuedSynchronizer.java:2039)
        at java.util.concurrent.LinkedBlockingQueue.take(LinkedBlockingQueue.java:442)
        at java.util.concurrent.ThreadPoolExecutor.getTask(ThreadPoolExecutor.java:1074)
        at java.util.concurrent.ThreadPoolExecutor.runWorker(ThreadPoolExecutor.java:1134)
        at java.util.concurrent.ThreadPoolExecutor$Worker.run(ThreadPoolExecutor.java:624)
        at java.lang.Thread.run(Thread.java:750)
"IPC Server Responder" daemon prio=5 tid=705 runnable
java.lang.Thread.State: RUNNABLE
        at sun.nio.ch.EPollArrayWrapper.epollWait(Native Method)
        at sun.nio.ch.EPollArrayWrapper.poll(EPollArrayWrapper.java:269)
        at sun.nio.ch.EPollSelectorImpl.doSelect(EPollSelectorImpl.java:93)
        at sun.nio.ch.SelectorImpl.lockAndDoSelect(SelectorImpl.java:86)
        at sun.nio.ch.SelectorImpl.select(SelectorImpl.java:97)
        at org.apache.hadoop.ipc.Server$Responder.doRunLoop(Server.java:1582)
        at org.apache.hadoop.ipc.Server$Responder.run(Server.java:1565)
"IPC Server handler 79 on default port 15002" daemon prio=5 tid=335 timed_waiting
java.lang.Thread.State: TIMED_WAITING
        at sun.misc.Unsafe.park(Native Method)
        at java.util.concurrent.locks.LockSupport.parkNanos(LockSupport.java:215)
        at java.util.concurrent.locks.AbstractQueuedSynchronizer$ConditionObject.awaitNanos(AbstractQueuedSynchronizer.java:2078)
        at java.util.concurrent.LinkedBlockingQueue.poll(LinkedBlockingQueue.java:467)
        at org.apache.hadoop.ipc.CallQueueManager.take(CallQueueManager.java:317)
        at org.apache.hadoop.ipc.Server$Handler.run(Server.java:3014)
"IPC Server handler 62 on default port 15001" daemon prio=5 tid=218 timed_waiting
java.lang.Thread.State: TIMED_WAITING
        at sun.misc.Unsafe.park(Native Method)
        at java.util.concurrent.locks.LockSupport.parkNanos(LockSupport.java:215)
        at java.util.concurrent.locks.AbstractQueuedSynchronizer$ConditionObject.awaitNanos(AbstractQueuedSynchronizer.java:2078)
        at java.util.concurrent.LinkedBlockingQueue.poll(LinkedBlockingQueue.java:467)
        at org.apache.hadoop.ipc.CallQueueManager.take(CallQueueManager.java:317)
        at org.apache.hadoop.ipc.Server$Handler.run(Server.java:3014)
"qtp1360692538-458-acceptor-0@283546c9-ServerConnector@2ec993d6{HTTP/1.1, (http/1.1)}{0.0.0.0:15008}" daemon prio=3 tid=458 runnable
java.lang.Thread.State: RUNNABLE
        at sun.nio.ch.ServerSocketChannelImpl.accept0(Native Method)
        at sun.nio.ch.ServerSocketChannelImpl.accept(ServerSocketChannelImpl.java:421)
        at sun.nio.ch.ServerSocketChannelImpl.accept(ServerSocketChannelImpl.java:249)
        at org.eclipse.jetty.server.ServerConnector.accept(ServerConnector.java:388)
        at org.eclipse.jetty.server.AbstractConnector$Acceptor.run(AbstractConnector.java:704)
        at org.eclipse.jetty.util.thread.QueuedThreadPool.runJob(QueuedThreadPool.java:883)
        at org.eclipse.jetty.util.thread.QueuedThreadPool$Runner.run(QueuedThreadPool.java:1034)
        at java.lang.Thread.run(Thread.java:750)
"IPC Server handler 31 on default port 15001" daemon prio=5 tid=187 timed_waiting
java.lang.Thread.State: TIMED_WAITING
        at sun.misc.Unsafe.park(Native Method)
        at java.util.concurrent.locks.LockSupport.parkNanos(LockSupport.java:215)
        at java.util.concurrent.locks.AbstractQueuedSynchronizer$ConditionObject.awaitNanos(AbstractQueuedSynchronizer.java:2078)
        at java.util.concurrent.LinkedBlockingQueue.poll(LinkedBlockingQueue.java:467)
        at org.apache.hadoop.ipc.CallQueueManager.take(CallQueueManager.java:317)
        at org.apache.hadoop.ipc.Server$Handler.run(Server.java:3014)
"59c3495a-7636-40f9-8dfa-c28be8e98abd-ChunkReader-ELG-0" daemon prio=5 tid=734 runnable
java.lang.Thread.State: RUNNABLE
        at org.apache.ratis.thirdparty.io.netty.channel.epoll.Native.epollWait(Native Method)
        at org.apache.ratis.thirdparty.io.netty.channel.epoll.Native.epollWait(Native.java:209)
        at org.apache.ratis.thirdparty.io.netty.channel.epoll.Native.epollWait(Native.java:202)
        at org.apache.ratis.thirdparty.io.netty.channel.epoll.EpollEventLoop.epollWaitNoTimerChange(EpollEventLoop.java:316)
        at org.apache.ratis.thirdparty.io.netty.channel.epoll.EpollEventLoop.run(EpollEventLoop.java:373)
        at org.apache.ratis.thirdparty.io.netty.util.concurrent.SingleThreadEventExecutor$4.run(SingleThreadEventExecutor.java:997)
        at org.apache.ratis.thirdparty.io.netty.util.internal.ThreadExecutorMap$2.run(ThreadExecutorMap.java:74)
        at java.lang.Thread.run(Thread.java:750)
"IPC Server idle connection scanner for port 15004" daemon prio=5 tid=381 timed_waiting
java.lang.Thread.State: TIMED_WAITING
        at java.lang.Object.wait(Native Method)
        at java.util.TimerThread.mainLoop(Timer.java:552)
        at java.util.TimerThread.run(Timer.java:505)
"IPC Server handler 53 on default port 15000" daemon prio=5 tid=109 timed_waiting
java.lang.Thread.State: TIMED_WAITING
        at sun.misc.Unsafe.park(Native Method)
        at java.util.concurrent.locks.LockSupport.parkNanos(LockSupport.java:215)
        at java.util.concurrent.locks.AbstractQueuedSynchronizer$ConditionObject.awaitNanos(AbstractQueuedSynchronizer.java:2078)
        at java.util.concurrent.LinkedBlockingQueue.poll(LinkedBlockingQueue.java:467)
        at org.apache.hadoop.ipc.CallQueueManager.take(CallQueueManager.java:317)
        at org.apache.hadoop.ipc.Server$Handler.run(Server.java:3014)
"IPC Server handler 13 on default port 15001" daemon prio=5 tid=169 timed_waiting
java.lang.Thread.State: TIMED_WAITING
        at sun.misc.Unsafe.park(Native Method)
        at java.util.concurrent.locks.LockSupport.parkNanos(LockSupport.java:215)
        at java.util.concurrent.locks.AbstractQueuedSynchronizer$ConditionObject.awaitNanos(AbstractQueuedSynchronizer.java:2078)
        at java.util.concurrent.LinkedBlockingQueue.poll(LinkedBlockingQueue.java:467)
        at org.apache.hadoop.ipc.CallQueueManager.take(CallQueueManager.java:317)
        at org.apache.hadoop.ipc.Server$Handler.run(Server.java:3014)
"IPC Server handler 9 on default port 15000" daemon prio=5 tid=65 timed_waiting
java.lang.Thread.State: TIMED_WAITING
        at sun.misc.Unsafe.park(Native Method)
        at java.util.concurrent.locks.LockSupport.parkNanos(LockSupport.java:215)
        at java.util.concurrent.locks.AbstractQueuedSynchronizer$ConditionObject.awaitNanos(AbstractQueuedSynchronizer.java:2078)
        at java.util.concurrent.LinkedBlockingQueue.poll(LinkedBlockingQueue.java:467)
        at org.apache.hadoop.ipc.CallQueueManager.take(CallQueueManager.java:317)
        at org.apache.hadoop.ipc.Server$Handler.run(Server.java:3014)
"SSL Certificates Store Monitor" daemon prio=5 tid=1118 in Object.wait()
java.lang.Thread.State: WAITING (on object monitor)
        at java.lang.Object.wait(Native Method)
        at java.lang.Object.wait(Object.java:502)
        at java.util.TimerThread.mainLoop(Timer.java:526)
        at java.util.TimerThread.run(Timer.java:505)
"IPC Server handler 16 on default port 15002" daemon prio=5 tid=272 timed_waiting
java.lang.Thread.State: TIMED_WAITING
        at sun.misc.Unsafe.park(Native Method)
        at java.util.concurrent.locks.LockSupport.parkNanos(LockSupport.java:215)
        at java.util.concurrent.locks.AbstractQueuedSynchronizer$ConditionObject.awaitNanos(AbstractQueuedSynchronizer.java:2078)
        at java.util.concurrent.LinkedBlockingQueue.poll(LinkedBlockingQueue.java:467)
        at org.apache.hadoop.ipc.CallQueueManager.take(CallQueueManager.java:317)
        at org.apache.hadoop.ipc.Server$Handler.run(Server.java:3014)
"IPC Server handler 34 on default port 15001" daemon prio=5 tid=190 timed_waiting
java.lang.Thread.State: TIMED_WAITING
        at sun.misc.Unsafe.park(Native Method)
        at java.util.concurrent.locks.LockSupport.parkNanos(LockSupport.java:215)
        at java.util.concurrent.locks.AbstractQueuedSynchronizer$ConditionObject.awaitNanos(AbstractQueuedSynchronizer.java:2078)
        at java.util.concurrent.LinkedBlockingQueue.poll(LinkedBlockingQueue.java:467)
        at org.apache.hadoop.ipc.CallQueueManager.take(CallQueueManager.java:317)
        at org.apache.hadoop.ipc.Server$Handler.run(Server.java:3014)
"IPC Server handler 12 on default port 15001" daemon prio=5 tid=168 timed_waiting
java.lang.Thread.State: TIMED_WAITING
        at sun.misc.Unsafe.park(Native Method)
        at java.util.concurrent.locks.LockSupport.parkNanos(LockSupport.java:215)
        at java.util.concurrent.locks.AbstractQueuedSynchronizer$ConditionObject.awaitNanos(AbstractQueuedSynchronizer.java:2078)
        at java.util.concurrent.LinkedBlockingQueue.poll(LinkedBlockingQueue.java:467)
        at org.apache.hadoop.ipc.CallQueueManager.take(CallQueueManager.java:317)
        at org.apache.hadoop.ipc.Server$Handler.run(Server.java:3014)
"IPC Server handler 1 on default port 15001" daemon prio=5 tid=157 timed_waiting
java.lang.Thread.State: TIMED_WAITING
        at sun.misc.Unsafe.park(Native Method)
        at java.util.concurrent.locks.LockSupport.parkNanos(LockSupport.java:215)
        at java.util.concurrent.locks.AbstractQueuedSynchronizer$ConditionObject.awaitNanos(AbstractQueuedSynchronizer.java:2078)
        at java.util.concurrent.LinkedBlockingQueue.poll(LinkedBlockingQueue.java:467)
        at org.apache.hadoop.ipc.CallQueueManager.take(CallQueueManager.java:317)
        at org.apache.hadoop.ipc.Server$Handler.run(Server.java:3014)
"ceb25050-cf9f-4852-a13e-a5ff0cf3b4d2-ChunkReader-ELG-0" daemon prio=5 tid=810 runnable
java.lang.Thread.State: RUNNABLE
        at org.apache.ratis.thirdparty.io.netty.channel.epoll.Native.epollWait(Native Method)
        at org.apache.ratis.thirdparty.io.netty.channel.epoll.Native.epollWait(Native.java:209)
        at org.apache.ratis.thirdparty.io.netty.channel.epoll.Native.epollWait(Native.java:202)
        at org.apache.ratis.thirdparty.io.netty.channel.epoll.EpollEventLoop.epollWaitNoTimerChange(EpollEventLoop.java:316)
        at org.apache.ratis.thirdparty.io.netty.channel.epoll.EpollEventLoop.run(EpollEventLoop.java:373)
        at org.apache.ratis.thirdparty.io.netty.util.concurrent.SingleThreadEventExecutor$4.run(SingleThreadEventExecutor.java:997)
        at org.apache.ratis.thirdparty.io.netty.util.internal.ThreadExecutorMap$2.run(ThreadExecutorMap.java:74)
        at java.lang.Thread.run(Thread.java:750)
"ceb25050-cf9f-4852-a13e-a5ff0cf3b4d2-DatanodeStateMachineTaskThread-0"  prio=5 tid=715 in Object.wait()
java.lang.Thread.State: WAITING (on object monitor)
        at sun.misc.Unsafe.park(Native Method)
        at java.util.concurrent.locks.LockSupport.park(LockSupport.java:175)
        at java.util.concurrent.locks.AbstractQueuedSynchronizer$ConditionObject.await(AbstractQueuedSynchronizer.java:2039)
        at java.util.concurrent.LinkedBlockingQueue.take(LinkedBlockingQueue.java:442)
        at java.util.concurrent.ThreadPoolExecutor.getTask(ThreadPoolExecutor.java:1074)
        at java.util.concurrent.ThreadPoolExecutor.runWorker(ThreadPoolExecutor.java:1134)
        at java.util.concurrent.ThreadPoolExecutor$Worker.run(ThreadPoolExecutor.java:624)
        at java.lang.Thread.run(Thread.java:750)
"IPC Server handler 70 on default port 15009" daemon prio=5 tid=539 timed_waiting
java.lang.Thread.State: TIMED_WAITING
        at sun.misc.Unsafe.park(Native Method)
        at java.util.concurrent.locks.LockSupport.parkNanos(LockSupport.java:215)
        at java.util.concurrent.locks.AbstractQueuedSynchronizer$ConditionObject.awaitNanos(AbstractQueuedSynchronizer.java:2078)
        at java.util.concurrent.LinkedBlockingQueue.poll(LinkedBlockingQueue.java:467)
        at org.apache.hadoop.ipc.CallQueueManager.take(CallQueueManager.java:317)
        at org.apache.hadoop.ipc.Server$Handler.run(Server.java:3014)
"qtp1360692538-457" daemon prio=5 tid=457 timed_waiting
java.lang.Thread.State: TIMED_WAITING
        at sun.misc.Unsafe.park(Native Method)
        at java.util.concurrent.locks.LockSupport.parkNanos(LockSupport.java:215)
        at java.util.concurrent.SynchronousQueue$TransferStack.awaitFulfill(SynchronousQueue.java:460)
        at java.util.concurrent.SynchronousQueue$TransferStack.transfer(SynchronousQueue.java:362)
        at java.util.concurrent.SynchronousQueue.poll(SynchronousQueue.java:941)
        at org.eclipse.jetty.util.thread.ReservedThreadExecutor$ReservedThread.reservedWait(ReservedThreadExecutor.java:324)
        at org.eclipse.jetty.util.thread.ReservedThreadExecutor$ReservedThread.run(ReservedThreadExecutor.java:399)
        at org.eclipse.jetty.util.thread.QueuedThreadPool.runJob(QueuedThreadPool.java:883)
        at org.eclipse.jetty.util.thread.QueuedThreadPool$Runner.run(QueuedThreadPool.java:1034)
        at java.lang.Thread.run(Thread.java:750)
"qtp2139799663-405-acceptor-0@59e40878-ServerConnector@287d872b{HTTP/1.1, (http/1.1)}{0.0.0.0:15005}" daemon prio=3 tid=405 runnable
java.lang.Thread.State: RUNNABLE
        at sun.nio.ch.ServerSocketChannelImpl.accept0(Native Method)
        at sun.nio.ch.ServerSocketChannelImpl.accept(ServerSocketChannelImpl.java:421)
        at sun.nio.ch.ServerSocketChannelImpl.accept(ServerSocketChannelImpl.java:249)
        at org.eclipse.jetty.server.ServerConnector.accept(ServerConnector.java:388)
        at org.eclipse.jetty.server.AbstractConnector$Acceptor.run(AbstractConnector.java:704)
        at org.eclipse.jetty.util.thread.QueuedThreadPool.runJob(QueuedThreadPool.java:883)
        at org.eclipse.jetty.util.thread.QueuedThreadPool$Runner.run(QueuedThreadPool.java:1034)
        at java.lang.Thread.run(Thread.java:750)
"IPC Server handler 5 on default port 15000" daemon prio=5 tid=61 timed_waiting
java.lang.Thread.State: TIMED_WAITING
        at sun.misc.Unsafe.park(Native Method)
        at java.util.concurrent.locks.LockSupport.parkNanos(LockSupport.java:215)
        at java.util.concurrent.locks.AbstractQueuedSynchronizer$ConditionObject.awaitNanos(AbstractQueuedSynchronizer.java:2078)
        at java.util.concurrent.LinkedBlockingQueue.poll(LinkedBlockingQueue.java:467)
        at org.apache.hadoop.ipc.CallQueueManager.take(CallQueueManager.java:317)
        at org.apache.hadoop.ipc.Server$Handler.run(Server.java:3014)
"IPC Server handler 72 on default port 15000" daemon prio=5 tid=128 timed_waiting
java.lang.Thread.State: TIMED_WAITING
        at sun.misc.Unsafe.park(Native Method)
        at java.util.concurrent.locks.LockSupport.parkNanos(LockSupport.java:215)
        at java.util.concurrent.locks.AbstractQueuedSynchronizer$ConditionObject.awaitNanos(AbstractQueuedSynchronizer.java:2078)
        at java.util.concurrent.LinkedBlockingQueue.poll(LinkedBlockingQueue.java:467)
        at org.apache.hadoop.ipc.CallQueueManager.take(CallQueueManager.java:317)
        at org.apache.hadoop.ipc.Server$Handler.run(Server.java:3014)
"IPC Server handler 4 on default port 15004" daemon prio=5 tid=416 timed_waiting
java.lang.Thread.State: TIMED_WAITING
        at sun.misc.Unsafe.park(Native Method)
        at java.util.concurrent.locks.LockSupport.parkNanos(LockSupport.java:215)
        at java.util.concurrent.locks.AbstractQueuedSynchronizer$ConditionObject.awaitNanos(AbstractQueuedSynchronizer.java:2078)
        at java.util.concurrent.LinkedBlockingQueue.poll(LinkedBlockingQueue.java:467)
        at org.apache.hadoop.ipc.CallQueueManager.take(CallQueueManager.java:317)
        at org.apache.hadoop.ipc.Server$Handler.run(Server.java:3014)
"IPC Server handler 0 on default port 15004" daemon prio=5 tid=412 timed_waiting
java.lang.Thread.State: TIMED_WAITING
        at sun.misc.Unsafe.park(Native Method)
        at java.util.concurrent.locks.LockSupport.parkNanos(LockSupport.java:215)
        at java.util.concurrent.locks.AbstractQueuedSynchronizer$ConditionObject.awaitNanos(AbstractQueuedSynchronizer.java:2078)
        at java.util.concurrent.LinkedBlockingQueue.poll(LinkedBlockingQueue.java:467)
        at org.apache.hadoop.ipc.CallQueueManager.take(CallQueueManager.java:317)
        at org.apache.hadoop.ipc.Server$Handler.run(Server.java:3014)
"IPC Server handler 98 on default port 15000" daemon prio=5 tid=154 timed_waiting
java.lang.Thread.State: TIMED_WAITING
        at sun.misc.Unsafe.park(Native Method)
        at java.util.concurrent.locks.LockSupport.parkNanos(LockSupport.java:215)
        at java.util.concurrent.locks.AbstractQueuedSynchronizer$ConditionObject.awaitNanos(AbstractQueuedSynchronizer.java:2078)
        at java.util.concurrent.LinkedBlockingQueue.poll(LinkedBlockingQueue.java:467)
        at org.apache.hadoop.ipc.CallQueueManager.take(CallQueueManager.java:317)
        at org.apache.hadoop.ipc.Server$Handler.run(Server.java:3014)
"IPC Server handler 20 on default port 15002" daemon prio=5 tid=276 timed_waiting
java.lang.Thread.State: TIMED_WAITING
        at sun.misc.Unsafe.park(Native Method)
        at java.util.concurrent.locks.LockSupport.parkNanos(LockSupport.java:215)
        at java.util.concurrent.locks.AbstractQueuedSynchronizer$ConditionObject.awaitNanos(AbstractQueuedSynchronizer.java:2078)
        at java.util.concurrent.LinkedBlockingQueue.poll(LinkedBlockingQueue.java:467)
        at org.apache.hadoop.ipc.CallQueueManager.take(CallQueueManager.java:317)
        at org.apache.hadoop.ipc.Server$Handler.run(Server.java:3014)
"IPC Server handler 30 on default port 15009" daemon prio=5 tid=499 timed_waiting
java.lang.Thread.State: TIMED_WAITING
        at sun.misc.Unsafe.park(Native Method)
        at java.util.concurrent.locks.LockSupport.parkNanos(LockSupport.java:215)
        at java.util.concurrent.locks.AbstractQueuedSynchronizer$ConditionObject.awaitNanos(AbstractQueuedSynchronizer.java:2078)
        at java.util.concurrent.LinkedBlockingQueue.poll(LinkedBlockingQueue.java:467)
        at org.apache.hadoop.ipc.CallQueueManager.take(CallQueueManager.java:317)
        at org.apache.hadoop.ipc.Server$Handler.run(Server.java:3014)
"IPC Server handler 92 on default port 15009" daemon prio=5 tid=561 timed_waiting
java.lang.Thread.State: TIMED_WAITING
        at sun.misc.Unsafe.park(Native Method)
        at java.util.concurrent.locks.LockSupport.parkNanos(LockSupport.java:215)
        at java.util.concurrent.locks.AbstractQueuedSynchronizer$ConditionObject.awaitNanos(AbstractQueuedSynchronizer.java:2078)
        at java.util.concurrent.LinkedBlockingQueue.poll(LinkedBlockingQueue.java:467)
        at org.apache.hadoop.ipc.CallQueueManager.take(CallQueueManager.java:317)
        at org.apache.hadoop.ipc.Server$Handler.run(Server.java:3014)
"IPC Server handler 64 on default port 15009" daemon prio=5 tid=533 timed_waiting
java.lang.Thread.State: TIMED_WAITING
        at sun.misc.Unsafe.park(Native Method)
        at java.util.concurrent.locks.LockSupport.parkNanos(LockSupport.java:215)
        at java.util.concurrent.locks.AbstractQueuedSynchronizer$ConditionObject.awaitNanos(AbstractQueuedSynchronizer.java:2078)
        at java.util.concurrent.LinkedBlockingQueue.poll(LinkedBlockingQueue.java:467)
        at org.apache.hadoop.ipc.CallQueueManager.take(CallQueueManager.java:317)
        at org.apache.hadoop.ipc.Server$Handler.run(Server.java:3014)
"StaleRecoveringContainerScrubbingService#2" daemon prio=5 tid=1178 in Object.wait()
java.lang.Thread.State: WAITING (on object monitor)
        at sun.misc.Unsafe.park(Native Method)
        at java.util.concurrent.locks.LockSupport.park(LockSupport.java:175)
        at java.util.concurrent.locks.AbstractQueuedSynchronizer$ConditionObject.await(AbstractQueuedSynchronizer.java:2039)
        at java.util.concurrent.ScheduledThreadPoolExecutor$DelayedWorkQueue.take(ScheduledThreadPoolExecutor.java:1088)
        at java.util.concurrent.ScheduledThreadPoolExecutor$DelayedWorkQueue.take(ScheduledThreadPoolExecutor.java:809)
        at java.util.concurrent.ThreadPoolExecutor.getTask(ThreadPoolExecutor.java:1074)
        at java.util.concurrent.ThreadPoolExecutor.runWorker(ThreadPoolExecutor.java:1134)
        at java.util.concurrent.ThreadPoolExecutor$Worker.run(ThreadPoolExecutor.java:624)
        at java.lang.Thread.run(Thread.java:750)
"IPC Server handler 6 on default port 15004" daemon prio=5 tid=418 timed_waiting
java.lang.Thread.State: TIMED_WAITING
        at sun.misc.Unsafe.park(Native Method)
        at java.util.concurrent.locks.LockSupport.parkNanos(LockSupport.java:215)
        at java.util.concurrent.locks.AbstractQueuedSynchronizer$ConditionObject.awaitNanos(AbstractQueuedSynchronizer.java:2078)
        at java.util.concurrent.LinkedBlockingQueue.poll(LinkedBlockingQueue.java:467)
        at org.apache.hadoop.ipc.CallQueueManager.take(CallQueueManager.java:317)
        at org.apache.hadoop.ipc.Server$Handler.run(Server.java:3014)
"a40aef6e-dfc7-4141-9a41-17d72bf4eeff-DatanodeReportManager-3" daemon prio=5 tid=684 in Object.wait()
java.lang.Thread.State: WAITING (on object monitor)
        at sun.misc.Unsafe.park(Native Method)
        at java.util.concurrent.locks.LockSupport.park(LockSupport.java:175)
        at java.util.concurrent.locks.AbstractQueuedSynchronizer$ConditionObject.await(AbstractQueuedSynchronizer.java:2039)
        at java.util.concurrent.ScheduledThreadPoolExecutor$DelayedWorkQueue.take(ScheduledThreadPoolExecutor.java:1088)
        at java.util.concurrent.ScheduledThreadPoolExecutor$DelayedWorkQueue.take(ScheduledThreadPoolExecutor.java:809)
        at java.util.concurrent.ThreadPoolExecutor.getTask(ThreadPoolExecutor.java:1074)
        at java.util.concurrent.ThreadPoolExecutor.runWorker(ThreadPoolExecutor.java:1134)
        at java.util.concurrent.ThreadPoolExecutor$Worker.run(ThreadPoolExecutor.java:624)
        at java.lang.Thread.run(Thread.java:750)
"IPC Server handler 63 on default port 15000" daemon prio=5 tid=119 timed_waiting
java.lang.Thread.State: TIMED_WAITING
        at sun.misc.Unsafe.park(Native Method)
        at java.util.concurrent.locks.LockSupport.parkNanos(LockSupport.java:215)
        at java.util.concurrent.locks.AbstractQueuedSynchronizer$ConditionObject.awaitNanos(AbstractQueuedSynchronizer.java:2078)
        at java.util.concurrent.LinkedBlockingQueue.poll(LinkedBlockingQueue.java:467)
        at org.apache.hadoop.ipc.CallQueueManager.take(CallQueueManager.java:317)
        at org.apache.hadoop.ipc.Server$Handler.run(Server.java:3014)
"org.apache.hadoop.ozone.container.common.statemachine.commandhandler.DeleteBlocksCommandHandler$DeleteCmdWorker@690ece45" daemon prio=5 tid=607 timed_waiting
java.lang.Thread.State: TIMED_WAITING
        at java.lang.Thread.sleep(Native Method)
        at org.apache.hadoop.ozone.container.common.statemachine.commandhandler.DeleteBlocksCommandHandler$DeleteCmdWorker.run(DeleteBlocksCommandHandler.java:259)
        at java.lang.Thread.run(Thread.java:750)
"cc1e4d3c-2283-4c28-b737-db868cb45369-server-thread2" daemon prio=5 tid=1168 timed_waiting
java.lang.Thread.State: TIMED_WAITING
        at sun.misc.Unsafe.park(Native Method)
        at java.util.concurrent.locks.LockSupport.parkNanos(LockSupport.java:215)
        at java.util.concurrent.SynchronousQueue$TransferStack.awaitFulfill(SynchronousQueue.java:460)
        at java.util.concurrent.SynchronousQueue$TransferStack.transfer(SynchronousQueue.java:362)
        at java.util.concurrent.SynchronousQueue.poll(SynchronousQueue.java:941)
        at java.util.concurrent.ThreadPoolExecutor.getTask(ThreadPoolExecutor.java:1073)
        at java.util.concurrent.ThreadPoolExecutor.runWorker(ThreadPoolExecutor.java:1134)
        at java.util.concurrent.ThreadPoolExecutor$Worker.run(ThreadPoolExecutor.java:624)
        at java.lang.Thread.run(Thread.java:750)
"IPC Server handler 52 on default port 15002" daemon prio=5 tid=308 timed_waiting
java.lang.Thread.State: TIMED_WAITING
        at sun.misc.Unsafe.park(Native Method)
        at java.util.concurrent.locks.LockSupport.parkNanos(LockSupport.java:215)
        at java.util.concurrent.locks.AbstractQueuedSynchronizer$ConditionObject.awaitNanos(AbstractQueuedSynchronizer.java:2078)
        at java.util.concurrent.LinkedBlockingQueue.poll(LinkedBlockingQueue.java:467)
        at org.apache.hadoop.ipc.CallQueueManager.take(CallQueueManager.java:317)
        at org.apache.hadoop.ipc.Server$Handler.run(Server.java:3014)
"Recon-FixedThreadPoolWithAffinityExecutor-4-0" daemon prio=5 tid=450 timed_waiting
java.lang.Thread.State: TIMED_WAITING
        at sun.misc.Unsafe.park(Native Method)
        at java.util.concurrent.locks.LockSupport.parkNanos(LockSupport.java:215)
        at java.util.concurrent.locks.AbstractQueuedSynchronizer$ConditionObject.awaitNanos(AbstractQueuedSynchronizer.java:2078)
        at java.util.concurrent.LinkedBlockingQueue.poll(LinkedBlockingQueue.java:467)
        at org.apache.hadoop.hdds.scm.server.ContainerReportQueue.poll(ContainerReportQueue.java:269)
        at org.apache.hadoop.hdds.scm.server.ContainerReportQueue.poll(ContainerReportQueue.java:42)
        at org.apache.hadoop.hdds.server.events.FixedThreadPoolWithAffinityExecutor$ContainerReportProcessTask.run(FixedThreadPoolWithAffinityExecutor.java:253)
        at java.util.concurrent.Executors$RunnableAdapter.call(Executors.java:511)
        at java.util.concurrent.FutureTask.run(FutureTask.java:266)
        at java.util.concurrent.ThreadPoolExecutor.runWorker(ThreadPoolExecutor.java:1149)
        at java.util.concurrent.ThreadPoolExecutor$Worker.run(ThreadPoolExecutor.java:624)
        at java.lang.Thread.run(Thread.java:750)
"IPC Server handler 17 on default port 15004" daemon prio=5 tid=429 timed_waiting
java.lang.Thread.State: TIMED_WAITING
        at sun.misc.Unsafe.park(Native Method)
        at java.util.concurrent.locks.LockSupport.parkNanos(LockSupport.java:215)
        at java.util.concurrent.locks.AbstractQueuedSynchronizer$ConditionObject.awaitNanos(AbstractQueuedSynchronizer.java:2078)
        at java.util.concurrent.LinkedBlockingQueue.poll(LinkedBlockingQueue.java:467)
        at org.apache.hadoop.ipc.CallQueueManager.take(CallQueueManager.java:317)
        at org.apache.hadoop.ipc.Server$Handler.run(Server.java:3014)
"IPC Server handler 95 on default port 15001" daemon prio=5 tid=251 timed_waiting
java.lang.Thread.State: TIMED_WAITING
        at sun.misc.Unsafe.park(Native Method)
        at java.util.concurrent.locks.LockSupport.parkNanos(LockSupport.java:215)
        at java.util.concurrent.locks.AbstractQueuedSynchronizer$ConditionObject.awaitNanos(AbstractQueuedSynchronizer.java:2078)
        at java.util.concurrent.LinkedBlockingQueue.poll(LinkedBlockingQueue.java:467)
        at org.apache.hadoop.ipc.CallQueueManager.take(CallQueueManager.java:317)
        at org.apache.hadoop.ipc.Server$Handler.run(Server.java:3014)
"IPC Server handler 45 on default port 15002" daemon prio=5 tid=301 timed_waiting
java.lang.Thread.State: TIMED_WAITING
        at sun.misc.Unsafe.park(Native Method)
        at java.util.concurrent.locks.LockSupport.parkNanos(LockSupport.java:215)
        at java.util.concurrent.locks.AbstractQueuedSynchronizer$ConditionObject.awaitNanos(AbstractQueuedSynchronizer.java:2078)
        at java.util.concurrent.LinkedBlockingQueue.poll(LinkedBlockingQueue.java:467)
        at org.apache.hadoop.ipc.CallQueueManager.take(CallQueueManager.java:317)
        at org.apache.hadoop.ipc.Server$Handler.run(Server.java:3014)
"IPC Server handler 46 on default port 15009" daemon prio=5 tid=515 timed_waiting
java.lang.Thread.State: TIMED_WAITING
        at sun.misc.Unsafe.park(Native Method)
        at java.util.concurrent.locks.LockSupport.parkNanos(LockSupport.java:215)
        at java.util.concurrent.locks.AbstractQueuedSynchronizer$ConditionObject.awaitNanos(AbstractQueuedSynchronizer.java:2078)
        at java.util.concurrent.LinkedBlockingQueue.poll(LinkedBlockingQueue.java:467)
        at org.apache.hadoop.ipc.CallQueueManager.take(CallQueueManager.java:317)
        at org.apache.hadoop.ipc.Server$Handler.run(Server.java:3014)
"IPC Server handler 43 on default port 15000" daemon prio=5 tid=99 timed_waiting
java.lang.Thread.State: TIMED_WAITING
        at sun.misc.Unsafe.park(Native Method)
        at java.util.concurrent.locks.LockSupport.parkNanos(LockSupport.java:215)
        at java.util.concurrent.locks.AbstractQueuedSynchronizer$ConditionObject.awaitNanos(AbstractQueuedSynchronizer.java:2078)
        at java.util.concurrent.LinkedBlockingQueue.poll(LinkedBlockingQueue.java:467)
        at org.apache.hadoop.ipc.CallQueueManager.take(CallQueueManager.java:317)
        at org.apache.hadoop.ipc.Server$Handler.run(Server.java:3014)
"pool-123-thread-1" daemon prio=5 tid=745 timed_waiting
java.lang.Thread.State: TIMED_WAITING
        at sun.misc.Unsafe.park(Native Method)
        at java.util.concurrent.locks.LockSupport.parkNanos(LockSupport.java:215)
        at java.util.concurrent.locks.AbstractQueuedSynchronizer$ConditionObject.awaitNanos(AbstractQueuedSynchronizer.java:2078)
        at java.util.concurrent.ScheduledThreadPoolExecutor$DelayedWorkQueue.take(ScheduledThreadPoolExecutor.java:1093)
        at java.util.concurrent.ScheduledThreadPoolExecutor$DelayedWorkQueue.take(ScheduledThreadPoolExecutor.java:809)
        at java.util.concurrent.ThreadPoolExecutor.getTask(ThreadPoolExecutor.java:1074)
        at java.util.concurrent.ThreadPoolExecutor.runWorker(ThreadPoolExecutor.java:1134)
        at java.util.concurrent.ThreadPoolExecutor$Worker.run(ThreadPoolExecutor.java:624)
        at java.lang.Thread.run(Thread.java:750)
"IPC Server handler 14 on default port 15001" daemon prio=5 tid=170 timed_waiting
java.lang.Thread.State: TIMED_WAITING
        at sun.misc.Unsafe.park(Native Method)
        at java.util.concurrent.locks.LockSupport.parkNanos(LockSupport.java:215)
        at java.util.concurrent.locks.AbstractQueuedSynchronizer$ConditionObject.awaitNanos(AbstractQueuedSynchronizer.java:2078)
        at java.util.concurrent.LinkedBlockingQueue.poll(LinkedBlockingQueue.java:467)
        at org.apache.hadoop.ipc.CallQueueManager.take(CallQueueManager.java:317)
        at org.apache.hadoop.ipc.Server$Handler.run(Server.java:3014)
"IPC Server handler 28 on default port 15001" daemon prio=5 tid=184 timed_waiting
java.lang.Thread.State: TIMED_WAITING
        at sun.misc.Unsafe.park(Native Method)
        at java.util.concurrent.locks.LockSupport.parkNanos(LockSupport.java:215)
        at java.util.concurrent.locks.AbstractQueuedSynchronizer$ConditionObject.awaitNanos(AbstractQueuedSynchronizer.java:2078)
        at java.util.concurrent.LinkedBlockingQueue.poll(LinkedBlockingQueue.java:467)
        at org.apache.hadoop.ipc.CallQueueManager.take(CallQueueManager.java:317)
        at org.apache.hadoop.ipc.Server$Handler.run(Server.java:3014)
"om1-SnapshotDiffCleanupService#0" daemon prio=5 tid=373 timed_waiting
java.lang.Thread.State: TIMED_WAITING
        at sun.misc.Unsafe.park(Native Method)
        at java.util.concurrent.locks.LockSupport.parkNanos(LockSupport.java:215)
        at java.util.concurrent.locks.AbstractQueuedSynchronizer$ConditionObject.awaitNanos(AbstractQueuedSynchronizer.java:2078)
        at java.util.concurrent.ScheduledThreadPoolExecutor$DelayedWorkQueue.take(ScheduledThreadPoolExecutor.java:1093)
        at java.util.concurrent.ScheduledThreadPoolExecutor$DelayedWorkQueue.take(ScheduledThreadPoolExecutor.java:809)
        at java.util.concurrent.ThreadPoolExecutor.getTask(ThreadPoolExecutor.java:1074)
        at java.util.concurrent.ThreadPoolExecutor.runWorker(ThreadPoolExecutor.java:1134)
        at java.util.concurrent.ThreadPoolExecutor$Worker.run(ThreadPoolExecutor.java:624)
        at java.lang.Thread.run(Thread.java:750)
"IPC Server handler 43 on default port 15001" daemon prio=5 tid=199 timed_waiting
java.lang.Thread.State: TIMED_WAITING
        at sun.misc.Unsafe.park(Native Method)
        at java.util.concurrent.locks.LockSupport.parkNanos(LockSupport.java:215)
        at java.util.concurrent.locks.AbstractQueuedSynchronizer$ConditionObject.awaitNanos(AbstractQueuedSynchronizer.java:2078)
        at java.util.concurrent.LinkedBlockingQueue.poll(LinkedBlockingQueue.java:467)
        at org.apache.hadoop.ipc.CallQueueManager.take(CallQueueManager.java:317)
        at org.apache.hadoop.ipc.Server$Handler.run(Server.java:3014)
"IPC Server handler 86 on default port 15009" daemon prio=5 tid=555 timed_waiting
java.lang.Thread.State: TIMED_WAITING
        at sun.misc.Unsafe.park(Native Method)
        at java.util.concurrent.locks.LockSupport.parkNanos(LockSupport.java:215)
        at java.util.concurrent.locks.AbstractQueuedSynchronizer$ConditionObject.awaitNanos(AbstractQueuedSynchronizer.java:2078)
        at java.util.concurrent.LinkedBlockingQueue.poll(LinkedBlockingQueue.java:467)
        at org.apache.hadoop.ipc.CallQueueManager.take(CallQueueManager.java:317)
        at org.apache.hadoop.ipc.Server$Handler.run(Server.java:3014)
"a40aef6e-dfc7-4141-9a41-17d72bf4eeff-BlockDeletingService#0" daemon prio=5 tid=792 in Object.wait()
java.lang.Thread.State: WAITING (on object monitor)
        at sun.misc.Unsafe.park(Native Method)
        at java.util.concurrent.locks.LockSupport.park(LockSupport.java:175)
        at java.util.concurrent.locks.AbstractQueuedSynchronizer$ConditionObject.await(AbstractQueuedSynchronizer.java:2039)
        at java.util.concurrent.ScheduledThreadPoolExecutor$DelayedWorkQueue.take(ScheduledThreadPoolExecutor.java:1088)
        at java.util.concurrent.ScheduledThreadPoolExecutor$DelayedWorkQueue.take(ScheduledThreadPoolExecutor.java:809)
        at java.util.concurrent.ThreadPoolExecutor.getTask(ThreadPoolExecutor.java:1074)
        at java.util.concurrent.ThreadPoolExecutor.runWorker(ThreadPoolExecutor.java:1134)
        at java.util.concurrent.ThreadPoolExecutor$Worker.run(ThreadPoolExecutor.java:624)
        at java.lang.Thread.run(Thread.java:750)
"IPC Server handler 21 on default port 15000" daemon prio=5 tid=77 timed_waiting
java.lang.Thread.State: TIMED_WAITING
        at sun.misc.Unsafe.park(Native Method)
        at java.util.concurrent.locks.LockSupport.parkNanos(LockSupport.java:215)
        at java.util.concurrent.locks.AbstractQueuedSynchronizer$ConditionObject.awaitNanos(AbstractQueuedSynchronizer.java:2078)
        at java.util.concurrent.LinkedBlockingQueue.poll(LinkedBlockingQueue.java:467)
        at org.apache.hadoop.ipc.CallQueueManager.take(CallQueueManager.java:317)
        at org.apache.hadoop.ipc.Server$Handler.run(Server.java:3014)
"IPC Server handler 73 on default port 15000" daemon prio=5 tid=129 timed_waiting
java.lang.Thread.State: TIMED_WAITING
        at sun.misc.Unsafe.park(Native Method)
        at java.util.concurrent.locks.LockSupport.parkNanos(LockSupport.java:215)
        at java.util.concurrent.locks.AbstractQueuedSynchronizer$ConditionObject.awaitNanos(AbstractQueuedSynchronizer.java:2078)
        at java.util.concurrent.LinkedBlockingQueue.poll(LinkedBlockingQueue.java:467)
        at org.apache.hadoop.ipc.CallQueueManager.take(CallQueueManager.java:317)
        at org.apache.hadoop.ipc.Server$Handler.run(Server.java:3014)
"IPC Server handler 80 on default port 15009" daemon prio=5 tid=549 timed_waiting
java.lang.Thread.State: TIMED_WAITING
        at sun.misc.Unsafe.park(Native Method)
        at java.util.concurrent.locks.LockSupport.parkNanos(LockSupport.java:215)
        at java.util.concurrent.locks.AbstractQueuedSynchronizer$ConditionObject.awaitNanos(AbstractQueuedSynchronizer.java:2078)
        at java.util.concurrent.LinkedBlockingQueue.poll(LinkedBlockingQueue.java:467)
        at org.apache.hadoop.ipc.CallQueueManager.take(CallQueueManager.java:317)
        at org.apache.hadoop.ipc.Server$Handler.run(Server.java:3014)
"StaleRecoveringContainerScrubbingService#2" daemon prio=5 tid=1180 in Object.wait()
java.lang.Thread.State: WAITING (on object monitor)
        at sun.misc.Unsafe.park(Native Method)
        at java.util.concurrent.locks.LockSupport.park(LockSupport.java:175)
        at java.util.concurrent.locks.AbstractQueuedSynchronizer$ConditionObject.await(AbstractQueuedSynchronizer.java:2039)
        at java.util.concurrent.ScheduledThreadPoolExecutor$DelayedWorkQueue.take(ScheduledThreadPoolExecutor.java:1088)
        at java.util.concurrent.ScheduledThreadPoolExecutor$DelayedWorkQueue.take(ScheduledThreadPoolExecutor.java:809)
        at java.util.concurrent.ThreadPoolExecutor.getTask(ThreadPoolExecutor.java:1074)
        at java.util.concurrent.ThreadPoolExecutor.runWorker(ThreadPoolExecutor.java:1134)
        at java.util.concurrent.ThreadPoolExecutor$Worker.run(ThreadPoolExecutor.java:624)
        at java.lang.Thread.run(Thread.java:750)
"ContainerDataScanner(/home/runner/work/ozone/ozone/hadoop-ozone/integration-test/target/test-dir/MiniOzoneClusterImpl-9e1941cb-56ba-429e-854d-1e52595ce6ec/ozone-meta/datanode-2/data-0/hdds)" daemon prio=5 tid=747 timed_waiting
java.lang.Thread.State: TIMED_WAITING
        at java.lang.Thread.sleep(Native Method)
        at org.apache.hadoop.ozone.container.ozoneimpl.AbstractBackgroundContainerScanner.handleRemainingSleep(AbstractBackgroundContainerScanner.java:131)
        at org.apache.hadoop.ozone.container.ozoneimpl.AbstractBackgroundContainerScanner.runIteration(AbstractBackgroundContainerScanner.java:98)
        at org.apache.hadoop.ozone.container.ozoneimpl.AbstractBackgroundContainerScanner.run(AbstractBackgroundContainerScanner.java:57)
"IPC Server handler 15 on default port 15009" daemon prio=5 tid=484 timed_waiting
java.lang.Thread.State: TIMED_WAITING
        at sun.misc.Unsafe.park(Native Method)
        at java.util.concurrent.locks.LockSupport.parkNanos(LockSupport.java:215)
        at java.util.concurrent.locks.AbstractQueuedSynchronizer$ConditionObject.awaitNanos(AbstractQueuedSynchronizer.java:2078)
        at java.util.concurrent.LinkedBlockingQueue.poll(LinkedBlockingQueue.java:467)
        at org.apache.hadoop.ipc.CallQueueManager.take(CallQueueManager.java:317)
        at org.apache.hadoop.ipc.Server$Handler.run(Server.java:3014)
"cc1e4d3c-2283-4c28-b737-db868cb45369-DatanodeReportManager-4" daemon prio=5 tid=629 timed_waiting
java.lang.Thread.State: TIMED_WAITING
        at sun.misc.Unsafe.park(Native Method)
        at java.util.concurrent.locks.LockSupport.parkNanos(LockSupport.java:215)
        at java.util.concurrent.locks.AbstractQueuedSynchronizer$ConditionObject.awaitNanos(AbstractQueuedSynchronizer.java:2078)
        at java.util.concurrent.ScheduledThreadPoolExecutor$DelayedWorkQueue.take(ScheduledThreadPoolExecutor.java:1093)
        at java.util.concurrent.ScheduledThreadPoolExecutor$DelayedWorkQueue.take(ScheduledThreadPoolExecutor.java:809)
        at java.util.concurrent.ThreadPoolExecutor.getTask(ThreadPoolExecutor.java:1074)
        at java.util.concurrent.ThreadPoolExecutor.runWorker(ThreadPoolExecutor.java:1134)
        at java.util.concurrent.ThreadPoolExecutor$Worker.run(ThreadPoolExecutor.java:624)
        at java.lang.Thread.run(Thread.java:750)
"ceb25050-cf9f-4852-a13e-a5ff0cf3b4d2-DatanodeReportManager-2" daemon prio=5 tid=711 in Object.wait()
java.lang.Thread.State: WAITING (on object monitor)
        at sun.misc.Unsafe.park(Native Method)
        at java.util.concurrent.locks.LockSupport.park(LockSupport.java:175)
        at java.util.concurrent.locks.AbstractQueuedSynchronizer$ConditionObject.await(AbstractQueuedSynchronizer.java:2039)
        at java.util.concurrent.ScheduledThreadPoolExecutor$DelayedWorkQueue.take(ScheduledThreadPoolExecutor.java:1088)
        at java.util.concurrent.ScheduledThreadPoolExecutor$DelayedWorkQueue.take(ScheduledThreadPoolExecutor.java:809)
        at java.util.concurrent.ThreadPoolExecutor.getTask(ThreadPoolExecutor.java:1074)
        at java.util.concurrent.ThreadPoolExecutor.runWorker(ThreadPoolExecutor.java:1134)
        at java.util.concurrent.ThreadPoolExecutor$Worker.run(ThreadPoolExecutor.java:624)
        at java.lang.Thread.run(Thread.java:750)
"59c3495a-7636-40f9-8dfa-c28be8e98abd-ChunkWriter-1-0" daemon prio=5 tid=730 in Object.wait()
java.lang.Thread.State: WAITING (on object monitor)
        at sun.misc.Unsafe.park(Native Method)
        at java.util.concurrent.locks.LockSupport.park(LockSupport.java:175)
        at java.util.concurrent.locks.AbstractQueuedSynchronizer$ConditionObject.await(AbstractQueuedSynchronizer.java:2039)
        at java.util.concurrent.LinkedBlockingDeque.takeFirst(LinkedBlockingDeque.java:492)
        at java.util.concurrent.LinkedBlockingDeque.take(LinkedBlockingDeque.java:680)
        at java.util.concurrent.ThreadPoolExecutor.getTask(ThreadPoolExecutor.java:1074)
        at java.util.concurrent.ThreadPoolExecutor.runWorker(ThreadPoolExecutor.java:1134)
        at java.util.concurrent.ThreadPoolExecutor$Worker.run(ThreadPoolExecutor.java:624)
        at java.lang.Thread.run(Thread.java:750)
"IPC Server handler 71 on default port 15000" daemon prio=5 tid=127 timed_waiting
java.lang.Thread.State: TIMED_WAITING
        at sun.misc.Unsafe.park(Native Method)
        at java.util.concurrent.locks.LockSupport.parkNanos(LockSupport.java:215)
        at java.util.concurrent.locks.AbstractQueuedSynchronizer$ConditionObject.awaitNanos(AbstractQueuedSynchronizer.java:2078)
        at java.util.concurrent.LinkedBlockingQueue.poll(LinkedBlockingQueue.java:467)
        at org.apache.hadoop.ipc.CallQueueManager.take(CallQueueManager.java:317)
        at org.apache.hadoop.ipc.Server$Handler.run(Server.java:3014)
"SSL Certificates Store Monitor" daemon prio=5 tid=1116 in Object.wait()
java.lang.Thread.State: WAITING (on object monitor)
        at java.lang.Object.wait(Native Method)
        at java.lang.Object.wait(Object.java:502)
        at java.util.TimerThread.mainLoop(Timer.java:526)
        at java.util.TimerThread.run(Timer.java:505)
"IPC Server handler 50 on default port 15000" daemon prio=5 tid=106 timed_waiting
java.lang.Thread.State: TIMED_WAITING
        at sun.misc.Unsafe.park(Native Method)
        at java.util.concurrent.locks.LockSupport.parkNanos(LockSupport.java:215)
        at java.util.concurrent.locks.AbstractQueuedSynchronizer$ConditionObject.awaitNanos(AbstractQueuedSynchronizer.java:2078)
        at java.util.concurrent.LinkedBlockingQueue.poll(LinkedBlockingQueue.java:467)
        at org.apache.hadoop.ipc.CallQueueManager.take(CallQueueManager.java:317)
        at org.apache.hadoop.ipc.Server$Handler.run(Server.java:3014)
"LeaseManager#LeaseMonitor" daemon prio=5 tid=357 timed_waiting
java.lang.Thread.State: TIMED_WAITING
        at sun.misc.Unsafe.park(Native Method)
        at java.util.concurrent.locks.LockSupport.parkNanos(LockSupport.java:215)
        at java.util.concurrent.locks.AbstractQueuedSynchronizer.doAcquireSharedNanos(AbstractQueuedSynchronizer.java:1037)
        at java.util.concurrent.locks.AbstractQueuedSynchronizer.tryAcquireSharedNanos(AbstractQueuedSynchronizer.java:1328)
        at java.util.concurrent.Semaphore.tryAcquire(Semaphore.java:409)
        at org.apache.hadoop.ozone.lease.LeaseManager$LeaseMonitor.run(LeaseManager.java:285)
        at java.lang.Thread.run(Thread.java:750)
"pool-34-thread-1"  prio=5 tid=359 timed_waiting
java.lang.Thread.State: TIMED_WAITING
        at sun.misc.Unsafe.park(Native Method)
        at java.util.concurrent.locks.LockSupport.parkNanos(LockSupport.java:215)
        at java.util.concurrent.locks.AbstractQueuedSynchronizer$ConditionObject.awaitNanos(AbstractQueuedSynchronizer.java:2078)
        at java.util.concurrent.ScheduledThreadPoolExecutor$DelayedWorkQueue.take(ScheduledThreadPoolExecutor.java:1093)
        at java.util.concurrent.ScheduledThreadPoolExecutor$DelayedWorkQueue.take(ScheduledThreadPoolExecutor.java:809)
        at java.util.concurrent.ThreadPoolExecutor.getTask(ThreadPoolExecutor.java:1074)
        at java.util.concurrent.ThreadPoolExecutor.runWorker(ThreadPoolExecutor.java:1134)
        at java.util.concurrent.ThreadPoolExecutor$Worker.run(ThreadPoolExecutor.java:624)
        at java.lang.Thread.run(Thread.java:750)
"IPC Server Responder" daemon prio=5 tid=677 runnable
java.lang.Thread.State: RUNNABLE
        at sun.nio.ch.EPollArrayWrapper.epollWait(Native Method)
        at sun.nio.ch.EPollArrayWrapper.poll(EPollArrayWrapper.java:269)
        at sun.nio.ch.EPollSelectorImpl.doSelect(EPollSelectorImpl.java:93)
        at sun.nio.ch.SelectorImpl.lockAndDoSelect(SelectorImpl.java:86)
        at sun.nio.ch.SelectorImpl.select(SelectorImpl.java:97)
        at org.apache.hadoop.ipc.Server$Responder.doRunLoop(Server.java:1582)
        at org.apache.hadoop.ipc.Server$Responder.run(Server.java:1565)
"a40aef6e-dfc7-4141-9a41-17d72bf4eeff-PeriodicHDDSVolumeChecker" daemon prio=5 tid=781 timed_waiting
java.lang.Thread.State: TIMED_WAITING
        at sun.misc.Unsafe.park(Native Method)
        at java.util.concurrent.locks.LockSupport.parkNanos(LockSupport.java:215)
        at java.util.concurrent.locks.AbstractQueuedSynchronizer$ConditionObject.awaitNanos(AbstractQueuedSynchronizer.java:2078)
        at java.util.concurrent.ScheduledThreadPoolExecutor$DelayedWorkQueue.take(ScheduledThreadPoolExecutor.java:1093)
        at java.util.concurrent.ScheduledThreadPoolExecutor$DelayedWorkQueue.take(ScheduledThreadPoolExecutor.java:809)
        at java.util.concurrent.ThreadPoolExecutor.getTask(ThreadPoolExecutor.java:1074)
        at java.util.concurrent.ThreadPoolExecutor.runWorker(ThreadPoolExecutor.java:1134)
        at java.util.concurrent.ThreadPoolExecutor$Worker.run(ThreadPoolExecutor.java:624)
        at java.lang.Thread.run(Thread.java:750)
"EventQueue-DatanodeCommandQueueUpdatedForDatanodeCommandCountUpdatedHandler" daemon prio=5 tid=826 in Object.wait()
java.lang.Thread.State: WAITING (on object monitor)
        at sun.misc.Unsafe.park(Native Method)
        at java.util.concurrent.locks.LockSupport.park(LockSupport.java:175)
        at java.util.concurrent.locks.AbstractQueuedSynchronizer$ConditionObject.await(AbstractQueuedSynchronizer.java:2039)
        at java.util.concurrent.LinkedBlockingQueue.take(LinkedBlockingQueue.java:442)
        at java.util.concurrent.ThreadPoolExecutor.getTask(ThreadPoolExecutor.java:1074)
        at java.util.concurrent.ThreadPoolExecutor.runWorker(ThreadPoolExecutor.java:1134)
        at java.util.concurrent.ThreadPoolExecutor$Worker.run(ThreadPoolExecutor.java:624)
        at java.lang.Thread.run(Thread.java:750)
"IPC Server handler 76 on default port 15001" daemon prio=5 tid=232 timed_waiting
java.lang.Thread.State: TIMED_WAITING
        at sun.misc.Unsafe.park(Native Method)
        at java.util.concurrent.locks.LockSupport.parkNanos(LockSupport.java:215)
        at java.util.concurrent.locks.AbstractQueuedSynchronizer$ConditionObject.awaitNanos(AbstractQueuedSynchronizer.java:2078)
        at java.util.concurrent.LinkedBlockingQueue.poll(LinkedBlockingQueue.java:467)
        at org.apache.hadoop.ipc.CallQueueManager.take(CallQueueManager.java:317)
        at org.apache.hadoop.ipc.Server$Handler.run(Server.java:3014)
"ceb25050-cf9f-4852-a13e-a5ff0cf3b4d2-BlockDeletingService#2" daemon prio=5 tid=1181 in Object.wait()
java.lang.Thread.State: WAITING (on object monitor)
        at sun.misc.Unsafe.park(Native Method)
        at java.util.concurrent.locks.LockSupport.park(LockSupport.java:175)
        at java.util.concurrent.locks.AbstractQueuedSynchronizer$ConditionObject.await(AbstractQueuedSynchronizer.java:2039)
        at java.util.concurrent.ScheduledThreadPoolExecutor$DelayedWorkQueue.take(ScheduledThreadPoolExecutor.java:1088)
        at java.util.concurrent.ScheduledThreadPoolExecutor$DelayedWorkQueue.take(ScheduledThreadPoolExecutor.java:809)
        at java.util.concurrent.ThreadPoolExecutor.getTask(ThreadPoolExecutor.java:1074)
        at java.util.concurrent.ThreadPoolExecutor.runWorker(ThreadPoolExecutor.java:1134)
        at java.util.concurrent.ThreadPoolExecutor$Worker.run(ThreadPoolExecutor.java:624)
        at java.lang.Thread.run(Thread.java:750)
"d1715241-1ffa-4146-b219-94c9c0fc171f-ChunkReader-ELG-0" daemon prio=5 tid=772 runnable
java.lang.Thread.State: RUNNABLE
        at org.apache.ratis.thirdparty.io.netty.channel.epoll.Native.epollWait(Native Method)
        at org.apache.ratis.thirdparty.io.netty.channel.epoll.Native.epollWait(Native.java:209)
        at org.apache.ratis.thirdparty.io.netty.channel.epoll.Native.epollWait(Native.java:202)
        at org.apache.ratis.thirdparty.io.netty.channel.epoll.EpollEventLoop.epollWaitNoTimerChange(EpollEventLoop.java:316)
        at org.apache.ratis.thirdparty.io.netty.channel.epoll.EpollEventLoop.run(EpollEventLoop.java:373)
        at org.apache.ratis.thirdparty.io.netty.util.concurrent.SingleThreadEventExecutor$4.run(SingleThreadEventExecutor.java:997)
        at org.apache.ratis.thirdparty.io.netty.util.internal.ThreadExecutorMap$2.run(ThreadExecutorMap.java:74)
        at java.lang.Thread.run(Thread.java:750)
"Recon-SyncOM-1"  prio=5 tid=958 timed_waiting
java.lang.Thread.State: TIMED_WAITING
        at sun.misc.Unsafe.park(Native Method)
        at java.util.concurrent.locks.LockSupport.parkNanos(LockSupport.java:215)
        at java.util.concurrent.locks.AbstractQueuedSynchronizer$ConditionObject.awaitNanos(AbstractQueuedSynchronizer.java:2078)
        at java.util.concurrent.ScheduledThreadPoolExecutor$DelayedWorkQueue.take(ScheduledThreadPoolExecutor.java:1093)
        at java.util.concurrent.ScheduledThreadPoolExecutor$DelayedWorkQueue.take(ScheduledThreadPoolExecutor.java:809)
        at java.util.concurrent.ThreadPoolExecutor.getTask(ThreadPoolExecutor.java:1074)
        at java.util.concurrent.ThreadPoolExecutor.runWorker(ThreadPoolExecutor.java:1134)
        at java.util.concurrent.ThreadPoolExecutor$Worker.run(ThreadPoolExecutor.java:624)
        at java.lang.Thread.run(Thread.java:750)
"cc1e4d3c-2283-4c28-b737-db868cb45369-BlockDeletingService#1" daemon prio=5 tid=757 timed_waiting
java.lang.Thread.State: TIMED_WAITING
        at sun.misc.Unsafe.park(Native Method)
        at java.util.concurrent.locks.LockSupport.parkNanos(LockSupport.java:215)
        at java.util.concurrent.locks.AbstractQueuedSynchronizer$ConditionObject.awaitNanos(AbstractQueuedSynchronizer.java:2078)
        at java.util.concurrent.ScheduledThreadPoolExecutor$DelayedWorkQueue.take(ScheduledThreadPoolExecutor.java:1093)
        at java.util.concurrent.ScheduledThreadPoolExecutor$DelayedWorkQueue.take(ScheduledThreadPoolExecutor.java:809)
        at java.util.concurrent.ThreadPoolExecutor.getTask(ThreadPoolExecutor.java:1074)
        at java.util.concurrent.ThreadPoolExecutor.runWorker(ThreadPoolExecutor.java:1134)
        at java.util.concurrent.ThreadPoolExecutor$Worker.run(ThreadPoolExecutor.java:624)
        at java.lang.Thread.run(Thread.java:750)
"IPC Server handler 93 on default port 15002" daemon prio=5 tid=349 timed_waiting
java.lang.Thread.State: TIMED_WAITING
        at sun.misc.Unsafe.park(Native Method)
        at java.util.concurrent.locks.LockSupport.parkNanos(LockSupport.java:215)
        at java.util.concurrent.locks.AbstractQueuedSynchronizer$ConditionObject.awaitNanos(AbstractQueuedSynchronizer.java:2078)
        at java.util.concurrent.LinkedBlockingQueue.poll(LinkedBlockingQueue.java:467)
        at org.apache.hadoop.ipc.CallQueueManager.take(CallQueueManager.java:317)
        at org.apache.hadoop.ipc.Server$Handler.run(Server.java:3014)
"SSL Certificates Store Monitor" daemon prio=5 tid=956 in Object.wait()
java.lang.Thread.State: WAITING (on object monitor)
        at java.lang.Object.wait(Native Method)
        at java.lang.Object.wait(Object.java:502)
        at java.util.TimerThread.mainLoop(Timer.java:526)
        at java.util.TimerThread.run(Timer.java:505)
"StaleRecoveringContainerScrubbingService#1" daemon prio=5 tid=775 in Object.wait()
java.lang.Thread.State: WAITING (on object monitor)
        at sun.misc.Unsafe.park(Native Method)
        at java.util.concurrent.locks.LockSupport.park(LockSupport.java:175)
        at java.util.concurrent.locks.AbstractQueuedSynchronizer$ConditionObject.await(AbstractQueuedSynchronizer.java:2039)
        at java.util.concurrent.ScheduledThreadPoolExecutor$DelayedWorkQueue.take(ScheduledThreadPoolExecutor.java:1088)
        at java.util.concurrent.ScheduledThreadPoolExecutor$DelayedWorkQueue.take(ScheduledThreadPoolExecutor.java:809)
        at java.util.concurrent.ThreadPoolExecutor.getTask(ThreadPoolExecutor.java:1074)
        at java.util.concurrent.ThreadPoolExecutor.runWorker(ThreadPoolExecutor.java:1134)
        at java.util.concurrent.ThreadPoolExecutor$Worker.run(ThreadPoolExecutor.java:624)
        at java.lang.Thread.run(Thread.java:750)
"IPC Server idle connection scanner for port 15000" daemon prio=5 tid=42 timed_waiting
java.lang.Thread.State: TIMED_WAITING
        at java.lang.Object.wait(Native Method)
        at java.util.TimerThread.mainLoop(Timer.java:552)
        at java.util.TimerThread.run(Timer.java:505)
"qtp462164160-609" daemon prio=5 tid=609 runnable
java.lang.Thread.State: RUNNABLE
        at sun.nio.ch.EPollArrayWrapper.epollWait(Native Method)
        at sun.nio.ch.EPollArrayWrapper.poll(EPollArrayWrapper.java:269)
        at sun.nio.ch.EPollSelectorImpl.doSelect(EPollSelectorImpl.java:93)
        at sun.nio.ch.SelectorImpl.lockAndDoSelect(SelectorImpl.java:86)
        at sun.nio.ch.SelectorImpl.select(SelectorImpl.java:97)
        at sun.nio.ch.SelectorImpl.select(SelectorImpl.java:101)
        at org.eclipse.jetty.io.ManagedSelector.nioSelect(ManagedSelector.java:183)
        at org.eclipse.jetty.io.ManagedSelector.select(ManagedSelector.java:190)
        at org.eclipse.jetty.io.ManagedSelector$SelectorProducer.select(ManagedSelector.java:606)
        at org.eclipse.jetty.io.ManagedSelector$SelectorProducer.produce(ManagedSelector.java:543)
        at org.eclipse.jetty.util.thread.strategy.EatWhatYouKill.produceTask(EatWhatYouKill.java:362)
        at org.eclipse.jetty.util.thread.strategy.EatWhatYouKill.doProduce(EatWhatYouKill.java:186)
        at org.eclipse.jetty.util.thread.strategy.EatWhatYouKill.tryProduce(EatWhatYouKill.java:173)
        at org.eclipse.jetty.util.thread.strategy.EatWhatYouKill.produce(EatWhatYouKill.java:137)
        at org.eclipse.jetty.io.ManagedSelector$$Lambda$666/1273065937.run(Unknown Source)
        at org.eclipse.jetty.util.thread.QueuedThreadPool.runJob(QueuedThreadPool.java:883)
        at org.eclipse.jetty.util.thread.QueuedThreadPool$Runner.run(QueuedThreadPool.java:1034)
        at java.lang.Thread.run(Thread.java:750)
"IPC Server listener on 15002" daemon prio=5 tid=30 runnable
java.lang.Thread.State: RUNNABLE
        at sun.nio.ch.EPollArrayWrapper.epollWait(Native Method)
        at sun.nio.ch.EPollArrayWrapper.poll(EPollArrayWrapper.java:269)
        at sun.nio.ch.EPollSelectorImpl.doSelect(EPollSelectorImpl.java:93)
        at sun.nio.ch.SelectorImpl.lockAndDoSelect(SelectorImpl.java:86)
        at sun.nio.ch.SelectorImpl.select(SelectorImpl.java:97)
        at sun.nio.ch.SelectorImpl.select(SelectorImpl.java:101)
        at org.apache.hadoop.ipc.Server$Listener.run(Server.java:1408)
"IPC Server handler 1 on default port 15004" daemon prio=5 tid=413 timed_waiting
java.lang.Thread.State: TIMED_WAITING
        at sun.misc.Unsafe.park(Native Method)
        at java.util.concurrent.locks.LockSupport.parkNanos(LockSupport.java:215)
        at java.util.concurrent.locks.AbstractQueuedSynchronizer$ConditionObject.awaitNanos(AbstractQueuedSynchronizer.java:2078)
        at java.util.concurrent.LinkedBlockingQueue.poll(LinkedBlockingQueue.java:467)
        at org.apache.hadoop.ipc.CallQueueManager.take(CallQueueManager.java:317)
        at org.apache.hadoop.ipc.Server$Handler.run(Server.java:3014)
"IPC Server handler 42 on default port 15002" daemon prio=5 tid=298 timed_waiting
java.lang.Thread.State: TIMED_WAITING
        at sun.misc.Unsafe.park(Native Method)
        at java.util.concurrent.locks.LockSupport.parkNanos(LockSupport.java:215)
        at java.util.concurrent.locks.AbstractQueuedSynchronizer$ConditionObject.awaitNanos(AbstractQueuedSynchronizer.java:2078)
        at java.util.concurrent.LinkedBlockingQueue.poll(LinkedBlockingQueue.java:467)
        at org.apache.hadoop.ipc.CallQueueManager.take(CallQueueManager.java:317)
        at org.apache.hadoop.ipc.Server$Handler.run(Server.java:3014)
"ceb25050-cf9f-4852-a13e-a5ff0cf3b4d2-CommandProcessorThread" daemon prio=5 tid=714 timed_waiting
java.lang.Thread.State: TIMED_WAITING
        at java.lang.Thread.sleep(Native Method)
        at org.apache.hadoop.ozone.container.common.statemachine.DatanodeStateMachine.lambda$initCommandHandlerThread$4(DatanodeStateMachine.java:684)
        at org.apache.hadoop.ozone.container.common.statemachine.DatanodeStateMachine$$Lambda$1468/14604698.run(Unknown Source)
        at java.lang.Thread.run(Thread.java:750)
"ContainerMetadataScanner" daemon prio=5 tid=765 timed_waiting
java.lang.Thread.State: TIMED_WAITING
        at java.lang.Thread.sleep(Native Method)
        at org.apache.hadoop.ozone.container.ozoneimpl.AbstractBackgroundContainerScanner.handleRemainingSleep(AbstractBackgroundContainerScanner.java:131)
        at org.apache.hadoop.ozone.container.ozoneimpl.AbstractBackgroundContainerScanner.runIteration(AbstractBackgroundContainerScanner.java:98)
        at org.apache.hadoop.ozone.container.ozoneimpl.AbstractBackgroundContainerScanner.run(AbstractBackgroundContainerScanner.java:57)
"IPC Server handler 57 on default port 15009" daemon prio=5 tid=526 timed_waiting
java.lang.Thread.State: TIMED_WAITING
        at sun.misc.Unsafe.park(Native Method)
        at java.util.concurrent.locks.LockSupport.parkNanos(LockSupport.java:215)
        at java.util.concurrent.locks.AbstractQueuedSynchronizer$ConditionObject.awaitNanos(AbstractQueuedSynchronizer.java:2078)
        at java.util.concurrent.LinkedBlockingQueue.poll(LinkedBlockingQueue.java:467)
        at org.apache.hadoop.ipc.CallQueueManager.take(CallQueueManager.java:317)
        at org.apache.hadoop.ipc.Server$Handler.run(Server.java:3014)
"IPC Server handler 83 on default port 15002" daemon prio=5 tid=339 timed_waiting
java.lang.Thread.State: TIMED_WAITING
        at sun.misc.Unsafe.park(Native Method)
        at java.util.concurrent.locks.LockSupport.parkNanos(LockSupport.java:215)
        at java.util.concurrent.locks.AbstractQueuedSynchronizer$ConditionObject.awaitNanos(AbstractQueuedSynchronizer.java:2078)
        at java.util.concurrent.LinkedBlockingQueue.poll(LinkedBlockingQueue.java:467)
        at org.apache.hadoop.ipc.CallQueueManager.take(CallQueueManager.java:317)
        at org.apache.hadoop.ipc.Server$Handler.run(Server.java:3014)
"IPC Server handler 48 on default port 15000" daemon prio=5 tid=104 timed_waiting
java.lang.Thread.State: TIMED_WAITING
        at sun.misc.Unsafe.park(Native Method)
        at java.util.concurrent.locks.LockSupport.parkNanos(LockSupport.java:215)
        at java.util.concurrent.locks.AbstractQueuedSynchronizer$ConditionObject.awaitNanos(AbstractQueuedSynchronizer.java:2078)
        at java.util.concurrent.LinkedBlockingQueue.poll(LinkedBlockingQueue.java:467)
        at org.apache.hadoop.ipc.CallQueueManager.take(CallQueueManager.java:317)
        at org.apache.hadoop.ipc.Server$Handler.run(Server.java:3014)
"IPC Parameter Sending Thread for localhost/127.0.0.1:15004" daemon prio=5 tid=960 timed_waiting
java.lang.Thread.State: TIMED_WAITING
        at sun.misc.Unsafe.park(Native Method)
        at java.util.concurrent.locks.LockSupport.parkNanos(LockSupport.java:215)
        at java.util.concurrent.SynchronousQueue$TransferQueue.awaitFulfill(SynchronousQueue.java:764)
        at java.util.concurrent.SynchronousQueue$TransferQueue.transfer(SynchronousQueue.java:695)
        at java.util.concurrent.SynchronousQueue.poll(SynchronousQueue.java:941)
        at org.apache.hadoop.ipc.Client$Connection$RpcRequestSender.run(Client.java:1105)
        at java.lang.Thread.run(Thread.java:750)
"IPC Server handler 11 on default port 15002" daemon prio=5 tid=267 timed_waiting
java.lang.Thread.State: TIMED_WAITING
        at sun.misc.Unsafe.park(Native Method)
        at java.util.concurrent.locks.LockSupport.parkNanos(LockSupport.java:215)
        at java.util.concurrent.locks.AbstractQueuedSynchronizer$ConditionObject.awaitNanos(AbstractQueuedSynchronizer.java:2078)
        at java.util.concurrent.LinkedBlockingQueue.poll(LinkedBlockingQueue.java:467)
        at org.apache.hadoop.ipc.CallQueueManager.take(CallQueueManager.java:317)
        at org.apache.hadoop.ipc.Server$Handler.run(Server.java:3014)
"IPC Server handler 33 on default port 15009" daemon prio=5 tid=502 timed_waiting
java.lang.Thread.State: TIMED_WAITING
        at sun.misc.Unsafe.park(Native Method)
        at java.util.concurrent.locks.LockSupport.parkNanos(LockSupport.java:215)
        at java.util.concurrent.locks.AbstractQueuedSynchronizer$ConditionObject.awaitNanos(AbstractQueuedSynchronizer.java:2078)
        at java.util.concurrent.LinkedBlockingQueue.poll(LinkedBlockingQueue.java:467)
        at org.apache.hadoop.ipc.CallQueueManager.take(CallQueueManager.java:317)
        at org.apache.hadoop.ipc.Server$Handler.run(Server.java:3014)
"Recon-FixedThreadPoolWithAffinityExecutor-7-0" daemon prio=5 tid=453 timed_waiting
java.lang.Thread.State: TIMED_WAITING
        at sun.misc.Unsafe.park(Native Method)
        at java.util.concurrent.locks.LockSupport.parkNanos(LockSupport.java:215)
        at java.util.concurrent.locks.AbstractQueuedSynchronizer$ConditionObject.awaitNanos(AbstractQueuedSynchronizer.java:2078)
        at java.util.concurrent.LinkedBlockingQueue.poll(LinkedBlockingQueue.java:467)
        at org.apache.hadoop.hdds.scm.server.ContainerReportQueue.poll(ContainerReportQueue.java:269)
        at org.apache.hadoop.hdds.scm.server.ContainerReportQueue.poll(ContainerReportQueue.java:42)
        at org.apache.hadoop.hdds.server.events.FixedThreadPoolWithAffinityExecutor$ContainerReportProcessTask.run(FixedThreadPoolWithAffinityExecutor.java:253)
        at java.util.concurrent.Executors$RunnableAdapter.call(Executors.java:511)
        at java.util.concurrent.FutureTask.run(FutureTask.java:266)
        at java.util.concurrent.ThreadPoolExecutor.runWorker(ThreadPoolExecutor.java:1149)
        at java.util.concurrent.ThreadPoolExecutor$Worker.run(ThreadPoolExecutor.java:624)
        at java.lang.Thread.run(Thread.java:750)
"IPC Server handler 81 on default port 15009" daemon prio=5 tid=550 timed_waiting
java.lang.Thread.State: TIMED_WAITING
        at sun.misc.Unsafe.park(Native Method)
        at java.util.concurrent.locks.LockSupport.parkNanos(LockSupport.java:215)
        at java.util.concurrent.locks.AbstractQueuedSynchronizer$ConditionObject.awaitNanos(AbstractQueuedSynchronizer.java:2078)
        at java.util.concurrent.LinkedBlockingQueue.poll(LinkedBlockingQueue.java:467)
        at org.apache.hadoop.ipc.CallQueueManager.take(CallQueueManager.java:317)
        at org.apache.hadoop.ipc.Server$Handler.run(Server.java:3014)
"EventQueue-NodeRegistrationContainerReportForDataNodeSafeModeRule" daemon prio=5 tid=818 in Object.wait()
java.lang.Thread.State: WAITING (on object monitor)
        at sun.misc.Unsafe.park(Native Method)
        at java.util.concurrent.locks.LockSupport.park(LockSupport.java:175)
        at java.util.concurrent.locks.AbstractQueuedSynchronizer$ConditionObject.await(AbstractQueuedSynchronizer.java:2039)
        at java.util.concurrent.LinkedBlockingQueue.take(LinkedBlockingQueue.java:442)
        at java.util.concurrent.ThreadPoolExecutor.getTask(ThreadPoolExecutor.java:1074)
        at java.util.concurrent.ThreadPoolExecutor.runWorker(ThreadPoolExecutor.java:1134)
        at java.util.concurrent.ThreadPoolExecutor$Worker.run(ThreadPoolExecutor.java:624)
        at java.lang.Thread.run(Thread.java:750)
"59c3495a-7636-40f9-8dfa-c28be8e98abd-groupManagement"  prio=5 tid=829 in Object.wait()
java.lang.Thread.State: WAITING (on object monitor)
        at sun.misc.Unsafe.park(Native Method)
        at java.util.concurrent.locks.LockSupport.park(LockSupport.java:175)
        at java.util.concurrent.locks.AbstractQueuedSynchronizer$ConditionObject.await(AbstractQueuedSynchronizer.java:2039)
        at java.util.concurrent.LinkedBlockingQueue.take(LinkedBlockingQueue.java:442)
        at java.util.concurrent.ThreadPoolExecutor.getTask(ThreadPoolExecutor.java:1074)
        at java.util.concurrent.ThreadPoolExecutor.runWorker(ThreadPoolExecutor.java:1134)
        at java.util.concurrent.ThreadPoolExecutor$Worker.run(ThreadPoolExecutor.java:624)
        at java.lang.Thread.run(Thread.java:750)
"IPC Server handler 77 on default port 15000" daemon prio=5 tid=133 timed_waiting
java.lang.Thread.State: TIMED_WAITING
        at sun.misc.Unsafe.park(Native Method)
        at java.util.concurrent.locks.LockSupport.parkNanos(LockSupport.java:215)
        at java.util.concurrent.locks.AbstractQueuedSynchronizer$ConditionObject.awaitNanos(AbstractQueuedSynchronizer.java:2078)
        at java.util.concurrent.LinkedBlockingQueue.poll(LinkedBlockingQueue.java:467)
        at org.apache.hadoop.ipc.CallQueueManager.take(CallQueueManager.java:317)
        at org.apache.hadoop.ipc.Server$Handler.run(Server.java:3014)
"IPC Server handler 92 on default port 15001" daemon prio=5 tid=248 timed_waiting
java.lang.Thread.State: TIMED_WAITING
        at sun.misc.Unsafe.park(Native Method)
        at java.util.concurrent.locks.LockSupport.parkNanos(LockSupport.java:215)
        at java.util.concurrent.locks.AbstractQueuedSynchronizer$ConditionObject.awaitNanos(AbstractQueuedSynchronizer.java:2078)
        at java.util.concurrent.LinkedBlockingQueue.poll(LinkedBlockingQueue.java:467)
        at org.apache.hadoop.ipc.CallQueueManager.take(CallQueueManager.java:317)
        at org.apache.hadoop.ipc.Server$Handler.run(Server.java:3014)
"IPC Server handler 56 on default port 15002" daemon prio=5 tid=312 timed_waiting
java.lang.Thread.State: TIMED_WAITING
        at sun.misc.Unsafe.park(Native Method)
        at java.util.concurrent.locks.LockSupport.parkNanos(LockSupport.java:215)
        at java.util.concurrent.locks.AbstractQueuedSynchronizer$ConditionObject.awaitNanos(AbstractQueuedSynchronizer.java:2078)
        at java.util.concurrent.LinkedBlockingQueue.poll(LinkedBlockingQueue.java:467)
        at org.apache.hadoop.ipc.CallQueueManager.take(CallQueueManager.java:317)
        at org.apache.hadoop.ipc.Server$Handler.run(Server.java:3014)
"qtp963735699-671" daemon prio=5 tid=671 timed_waiting
java.lang.Thread.State: TIMED_WAITING
        at sun.misc.Unsafe.park(Native Method)
        at java.util.concurrent.locks.LockSupport.parkNanos(LockSupport.java:215)
        at java.util.concurrent.locks.AbstractQueuedSynchronizer$ConditionObject.awaitNanos(AbstractQueuedSynchronizer.java:2078)
        at org.eclipse.jetty.util.BlockingArrayQueue.poll(BlockingArrayQueue.java:382)
        at org.eclipse.jetty.util.thread.QueuedThreadPool$Runner.idleJobPoll(QueuedThreadPool.java:974)
        at org.eclipse.jetty.util.thread.QueuedThreadPool$Runner.run(QueuedThreadPool.java:1018)
        at java.lang.Thread.run(Thread.java:750)
"IPC Server handler 70 on default port 15001" daemon prio=5 tid=226 timed_waiting
java.lang.Thread.State: TIMED_WAITING
        at sun.misc.Unsafe.park(Native Method)
        at java.util.concurrent.locks.LockSupport.parkNanos(LockSupport.java:215)
        at java.util.concurrent.locks.AbstractQueuedSynchronizer$ConditionObject.awaitNanos(AbstractQueuedSynchronizer.java:2078)
        at java.util.concurrent.LinkedBlockingQueue.poll(LinkedBlockingQueue.java:467)
        at org.apache.hadoop.ipc.CallQueueManager.take(CallQueueManager.java:317)
        at org.apache.hadoop.ipc.Server$Handler.run(Server.java:3014)
"qtp2139799663-407" daemon prio=5 tid=407 runnable
java.lang.Thread.State: RUNNABLE
        at sun.nio.ch.EPollArrayWrapper.epollWait(Native Method)
        at sun.nio.ch.EPollArrayWrapper.poll(EPollArrayWrapper.java:269)
        at sun.nio.ch.EPollSelectorImpl.doSelect(EPollSelectorImpl.java:93)
        at sun.nio.ch.SelectorImpl.lockAndDoSelect(SelectorImpl.java:86)
        at sun.nio.ch.SelectorImpl.select(SelectorImpl.java:97)
        at sun.nio.ch.SelectorImpl.select(SelectorImpl.java:101)
        at org.eclipse.jetty.io.ManagedSelector.nioSelect(ManagedSelector.java:183)
        at org.eclipse.jetty.io.ManagedSelector.select(ManagedSelector.java:190)
        at org.eclipse.jetty.io.ManagedSelector$SelectorProducer.select(ManagedSelector.java:606)
        at org.eclipse.jetty.io.ManagedSelector$SelectorProducer.produce(ManagedSelector.java:543)
        at org.eclipse.jetty.util.thread.strategy.EatWhatYouKill.produceTask(EatWhatYouKill.java:362)
        at org.eclipse.jetty.util.thread.strategy.EatWhatYouKill.doProduce(EatWhatYouKill.java:186)
        at org.eclipse.jetty.util.thread.strategy.EatWhatYouKill.tryProduce(EatWhatYouKill.java:173)
        at org.eclipse.jetty.util.thread.strategy.EatWhatYouKill.run(EatWhatYouKill.java:131)
        at org.eclipse.jetty.util.thread.ReservedThreadExecutor$ReservedThread.run(ReservedThreadExecutor.java:409)
        at org.eclipse.jetty.util.thread.QueuedThreadPool.runJob(QueuedThreadPool.java:883)
        at org.eclipse.jetty.util.thread.QueuedThreadPool$Runner.run(QueuedThreadPool.java:1034)
        at java.lang.Thread.run(Thread.java:750)
"59c3495a-7636-40f9-8dfa-c28be8e98abd-DatanodeReportManager-1" daemon prio=5 tid=598 in Object.wait()
java.lang.Thread.State: WAITING (on object monitor)
        at sun.misc.Unsafe.park(Native Method)
        at java.util.concurrent.locks.LockSupport.park(LockSupport.java:175)
        at java.util.concurrent.locks.AbstractQueuedSynchronizer$ConditionObject.await(AbstractQueuedSynchronizer.java:2039)
        at java.util.concurrent.ScheduledThreadPoolExecutor$DelayedWorkQueue.take(ScheduledThreadPoolExecutor.java:1088)
        at java.util.concurrent.ScheduledThreadPoolExecutor$DelayedWorkQueue.take(ScheduledThreadPoolExecutor.java:809)
        at java.util.concurrent.ThreadPoolExecutor.getTask(ThreadPoolExecutor.java:1074)
        at java.util.concurrent.ThreadPoolExecutor.runWorker(ThreadPoolExecutor.java:1134)
        at java.util.concurrent.ThreadPoolExecutor$Worker.run(ThreadPoolExecutor.java:624)
        at java.lang.Thread.run(Thread.java:750)
"IPC Server handler 86 on default port 15000" daemon prio=5 tid=142 timed_waiting
java.lang.Thread.State: TIMED_WAITING
        at sun.misc.Unsafe.park(Native Method)
        at java.util.concurrent.locks.LockSupport.parkNanos(LockSupport.java:215)
        at java.util.concurrent.locks.AbstractQueuedSynchronizer$ConditionObject.awaitNanos(AbstractQueuedSynchronizer.java:2078)
        at java.util.concurrent.LinkedBlockingQueue.poll(LinkedBlockingQueue.java:467)
        at org.apache.hadoop.ipc.CallQueueManager.take(CallQueueManager.java:317)
        at org.apache.hadoop.ipc.Server$Handler.run(Server.java:3014)
"ceb25050-cf9f-4852-a13e-a5ff0cf3b4d2-DatanodeReportManager-0" daemon prio=5 tid=709 in Object.wait()
java.lang.Thread.State: WAITING (on object monitor)
        at sun.misc.Unsafe.park(Native Method)
        at java.util.concurrent.locks.LockSupport.park(LockSupport.java:175)
        at java.util.concurrent.locks.AbstractQueuedSynchronizer$ConditionObject.await(AbstractQueuedSynchronizer.java:2039)
        at java.util.concurrent.ScheduledThreadPoolExecutor$DelayedWorkQueue.take(ScheduledThreadPoolExecutor.java:1088)
        at java.util.concurrent.ScheduledThreadPoolExecutor$DelayedWorkQueue.take(ScheduledThreadPoolExecutor.java:809)
        at java.util.concurrent.ThreadPoolExecutor.getTask(ThreadPoolExecutor.java:1074)
        at java.util.concurrent.ThreadPoolExecutor.runWorker(ThreadPoolExecutor.java:1134)
        at java.util.concurrent.ThreadPoolExecutor$Worker.run(ThreadPoolExecutor.java:624)
        at java.lang.Thread.run(Thread.java:750)
"om1@group-C5BA1605619E-StateMachineUpdater" daemon prio=5 tid=388 timed_waiting
java.lang.Thread.State: TIMED_WAITING
        at sun.misc.Unsafe.park(Native Method)
        at java.util.concurrent.locks.LockSupport.parkNanos(LockSupport.java:215)
        at java.util.concurrent.locks.AbstractQueuedSynchronizer$ConditionObject.await(AbstractQueuedSynchronizer.java:2163)
        at org.apache.ratis.util.AwaitForSignal.await(AwaitForSignal.java:65)
        at org.apache.ratis.server.impl.StateMachineUpdater.waitForCommit(StateMachineUpdater.java:211)
        at org.apache.ratis.server.impl.StateMachineUpdater.run(StateMachineUpdater.java:180)
        at java.lang.Thread.run(Thread.java:750)
"IPC Server Responder" daemon prio=5 tid=593 runnable
java.lang.Thread.State: RUNNABLE
        at sun.nio.ch.EPollArrayWrapper.epollWait(Native Method)
        at sun.nio.ch.EPollArrayWrapper.poll(EPollArrayWrapper.java:269)
        at sun.nio.ch.EPollSelectorImpl.doSelect(EPollSelectorImpl.java:93)
        at sun.nio.ch.SelectorImpl.lockAndDoSelect(SelectorImpl.java:86)
        at sun.nio.ch.SelectorImpl.select(SelectorImpl.java:97)
        at org.apache.hadoop.ipc.Server$Responder.doRunLoop(Server.java:1582)
        at org.apache.hadoop.ipc.Server$Responder.run(Server.java:1565)
"IPC Server handler 54 on default port 15001" daemon prio=5 tid=210 timed_waiting
java.lang.Thread.State: TIMED_WAITING
        at sun.misc.Unsafe.park(Native Method)
        at java.util.concurrent.locks.LockSupport.parkNanos(LockSupport.java:215)
        at java.util.concurrent.locks.AbstractQueuedSynchronizer$ConditionObject.awaitNanos(AbstractQueuedSynchronizer.java:2078)
        at java.util.concurrent.LinkedBlockingQueue.poll(LinkedBlockingQueue.java:467)
        at org.apache.hadoop.ipc.CallQueueManager.take(CallQueueManager.java:317)
        at org.apache.hadoop.ipc.Server$Handler.run(Server.java:3014)
"IPC Server handler 12 on default port 15009" daemon prio=5 tid=481 timed_waiting
java.lang.Thread.State: TIMED_WAITING
        at sun.misc.Unsafe.park(Native Method)
        at java.util.concurrent.locks.LockSupport.parkNanos(LockSupport.java:215)
        at java.util.concurrent.locks.AbstractQueuedSynchronizer$ConditionObject.awaitNanos(AbstractQueuedSynchronizer.java:2078)
        at java.util.concurrent.LinkedBlockingQueue.poll(LinkedBlockingQueue.java:467)
        at org.apache.hadoop.ipc.CallQueueManager.take(CallQueueManager.java:317)
        at org.apache.hadoop.ipc.Server$Handler.run(Server.java:3014)
"FixedThreadPoolWithAffinityExecutor-4-0" daemon prio=5 tid=49 timed_waiting
java.lang.Thread.State: TIMED_WAITING
        at sun.misc.Unsafe.park(Native Method)
        at java.util.concurrent.locks.LockSupport.parkNanos(LockSupport.java:215)
        at java.util.concurrent.locks.AbstractQueuedSynchronizer$ConditionObject.awaitNanos(AbstractQueuedSynchronizer.java:2078)
        at java.util.concurrent.LinkedBlockingQueue.poll(LinkedBlockingQueue.java:467)
        at org.apache.hadoop.hdds.scm.server.ContainerReportQueue.poll(ContainerReportQueue.java:269)
        at org.apache.hadoop.hdds.scm.server.ContainerReportQueue.poll(ContainerReportQueue.java:42)
        at org.apache.hadoop.hdds.server.events.FixedThreadPoolWithAffinityExecutor$ContainerReportProcessTask.run(FixedThreadPoolWithAffinityExecutor.java:253)
        at java.util.concurrent.Executors$RunnableAdapter.call(Executors.java:511)
        at java.util.concurrent.FutureTask.run(FutureTask.java:266)
        at java.util.concurrent.ThreadPoolExecutor.runWorker(ThreadPoolExecutor.java:1149)
        at java.util.concurrent.ThreadPoolExecutor$Worker.run(ThreadPoolExecutor.java:624)
        at java.lang.Thread.run(Thread.java:750)
"a40aef6e-dfc7-4141-9a41-17d72bf4eeff@group-2D61D60DE43D-SegmentedRaftLogWorker"  prio=5 tid=870 timed_waiting
java.lang.Thread.State: TIMED_WAITING
        at sun.misc.Unsafe.park(Native Method)
        at java.util.concurrent.locks.LockSupport.parkNanos(LockSupport.java:215)
        at java.util.concurrent.locks.AbstractQueuedSynchronizer$ConditionObject.awaitNanos(AbstractQueuedSynchronizer.java:2078)
        at org.apache.ratis.util.DataBlockingQueue.poll(DataBlockingQueue.java:148)
        at org.apache.ratis.server.raftlog.segmented.SegmentedRaftLogWorker.run(SegmentedRaftLogWorker.java:299)
        at org.apache.ratis.server.raftlog.segmented.SegmentedRaftLogWorker$$Lambda$997/2039256444.run(Unknown Source)
        at java.util.concurrent.Executors$RunnableAdapter.call(Executors.java:511)
        at java.util.concurrent.FutureTask.run(FutureTask.java:266)
        at java.util.concurrent.ThreadPoolExecutor.runWorker(ThreadPoolExecutor.java:1149)
        at java.util.concurrent.ThreadPoolExecutor$Worker.run(ThreadPoolExecutor.java:624)
        at java.lang.Thread.run(Thread.java:750)
"qtp2139799663-410" daemon prio=5 tid=410 timed_waiting
java.lang.Thread.State: TIMED_WAITING
        at sun.misc.Unsafe.park(Native Method)
        at java.util.concurrent.locks.LockSupport.parkNanos(LockSupport.java:215)
        at java.util.concurrent.locks.AbstractQueuedSynchronizer$ConditionObject.awaitNanos(AbstractQueuedSynchronizer.java:2078)
        at org.eclipse.jetty.util.BlockingArrayQueue.poll(BlockingArrayQueue.java:382)
        at org.eclipse.jetty.util.thread.QueuedThreadPool$Runner.idleJobPoll(QueuedThreadPool.java:974)
        at org.eclipse.jetty.util.thread.QueuedThreadPool$Runner.run(QueuedThreadPool.java:1018)
        at java.lang.Thread.run(Thread.java:750)
"ContainerMetadataScanner" daemon prio=5 tid=784 timed_waiting
java.lang.Thread.State: TIMED_WAITING
        at java.lang.Thread.sleep(Native Method)
        at org.apache.hadoop.ozone.container.ozoneimpl.AbstractBackgroundContainerScanner.handleRemainingSleep(AbstractBackgroundContainerScanner.java:131)
        at org.apache.hadoop.ozone.container.ozoneimpl.AbstractBackgroundContainerScanner.runIteration(AbstractBackgroundContainerScanner.java:98)
        at org.apache.hadoop.ozone.container.ozoneimpl.AbstractBackgroundContainerScanner.run(AbstractBackgroundContainerScanner.java:57)
"Session-HouseKeeper-56f12cfa-1"  prio=5 tid=411 timed_waiting
java.lang.Thread.State: TIMED_WAITING
        at sun.misc.Unsafe.park(Native Method)
        at java.util.concurrent.locks.LockSupport.parkNanos(LockSupport.java:215)
        at java.util.concurrent.locks.AbstractQueuedSynchronizer$ConditionObject.awaitNanos(AbstractQueuedSynchronizer.java:2078)
        at java.util.concurrent.ScheduledThreadPoolExecutor$DelayedWorkQueue.take(ScheduledThreadPoolExecutor.java:1093)
        at java.util.concurrent.ScheduledThreadPoolExecutor$DelayedWorkQueue.take(ScheduledThreadPoolExecutor.java:809)
        at java.util.concurrent.ThreadPoolExecutor.getTask(ThreadPoolExecutor.java:1074)
        at java.util.concurrent.ThreadPoolExecutor.runWorker(ThreadPoolExecutor.java:1134)
        at java.util.concurrent.ThreadPoolExecutor$Worker.run(ThreadPoolExecutor.java:624)
        at java.lang.Thread.run(Thread.java:750)
"IPC Server handler 3 on default port 15000" daemon prio=5 tid=59 timed_waiting
java.lang.Thread.State: TIMED_WAITING
        at sun.misc.Unsafe.park(Native Method)
        at java.util.concurrent.locks.LockSupport.parkNanos(LockSupport.java:215)
        at java.util.concurrent.locks.AbstractQueuedSynchronizer$ConditionObject.awaitNanos(AbstractQueuedSynchronizer.java:2078)
        at java.util.concurrent.LinkedBlockingQueue.poll(LinkedBlockingQueue.java:467)
        at org.apache.hadoop.ipc.CallQueueManager.take(CallQueueManager.java:317)
        at org.apache.hadoop.ipc.Server$Handler.run(Server.java:3014)
"grpc-default-boss-ELG-1-1" daemon prio=5 tid=389 runnable
java.lang.Thread.State: RUNNABLE
        at org.apache.ratis.thirdparty.io.netty.channel.epoll.Native.epollWait(Native Method)
        at org.apache.ratis.thirdparty.io.netty.channel.epoll.Native.epollWait(Native.java:209)
        at org.apache.ratis.thirdparty.io.netty.channel.epoll.Native.epollWait(Native.java:202)
        at org.apache.ratis.thirdparty.io.netty.channel.epoll.EpollEventLoop.epollWaitNoTimerChange(EpollEventLoop.java:316)
        at org.apache.ratis.thirdparty.io.netty.channel.epoll.EpollEventLoop.run(EpollEventLoop.java:373)
        at org.apache.ratis.thirdparty.io.netty.util.concurrent.SingleThreadEventExecutor$4.run(SingleThreadEventExecutor.java:997)
        at org.apache.ratis.thirdparty.io.netty.util.internal.ThreadExecutorMap$2.run(ThreadExecutorMap.java:74)
        at org.apache.ratis.thirdparty.io.netty.util.concurrent.FastThreadLocalRunnable.run(FastThreadLocalRunnable.java:30)
        at java.lang.Thread.run(Thread.java:750)
"cc1e4d3c-2283-4c28-b737-db868cb45369-CloseContainerThread-2"  prio=5 tid=1062 in Object.wait()
java.lang.Thread.State: WAITING (on object monitor)
        at sun.misc.Unsafe.park(Native Method)
        at java.util.concurrent.locks.LockSupport.park(LockSupport.java:175)
        at java.util.concurrent.locks.AbstractQueuedSynchronizer$ConditionObject.await(AbstractQueuedSynchronizer.java:2039)
        at java.util.concurrent.LinkedBlockingQueue.take(LinkedBlockingQueue.java:442)
        at java.util.concurrent.ThreadPoolExecutor.getTask(ThreadPoolExecutor.java:1074)
        at java.util.concurrent.ThreadPoolExecutor.runWorker(ThreadPoolExecutor.java:1134)
        at java.util.concurrent.ThreadPoolExecutor$Worker.run(ThreadPoolExecutor.java:624)
        at java.lang.Thread.run(Thread.java:750)
"IPC Server handler 79 on default port 15000" daemon prio=5 tid=135 timed_waiting
java.lang.Thread.State: TIMED_WAITING
        at sun.misc.Unsafe.park(Native Method)
        at java.util.concurrent.locks.LockSupport.parkNanos(LockSupport.java:215)
        at java.util.concurrent.locks.AbstractQueuedSynchronizer$ConditionObject.awaitNanos(AbstractQueuedSynchronizer.java:2078)
        at java.util.concurrent.LinkedBlockingQueue.poll(LinkedBlockingQueue.java:467)
        at org.apache.hadoop.ipc.CallQueueManager.take(CallQueueManager.java:317)
        at org.apache.hadoop.ipc.Server$Handler.run(Server.java:3014)
"a40aef6e-dfc7-4141-9a41-17d72bf4eeff-EndpointStateMachineTaskThread-/0.0.0.0:15002-0 "  prio=5 tid=778 in Object.wait()
java.lang.Thread.State: WAITING (on object monitor)
        at sun.misc.Unsafe.park(Native Method)
        at java.util.concurrent.locks.LockSupport.park(LockSupport.java:175)
        at java.util.concurrent.locks.AbstractQueuedSynchronizer$ConditionObject.await(AbstractQueuedSynchronizer.java:2039)
        at java.util.concurrent.LinkedBlockingQueue.take(LinkedBlockingQueue.java:442)
        at java.util.concurrent.ThreadPoolExecutor.getTask(ThreadPoolExecutor.java:1074)
        at java.util.concurrent.ThreadPoolExecutor.runWorker(ThreadPoolExecutor.java:1134)
        at java.util.concurrent.ThreadPoolExecutor$Worker.run(ThreadPoolExecutor.java:624)
        at java.lang.Thread.run(Thread.java:750)
"ceb25050-cf9f-4852-a13e-a5ff0cf3b4d2-PipelineCommandHandlerThread-0"  prio=5 tid=873 in Object.wait()
java.lang.Thread.State: WAITING (on object monitor)
        at sun.misc.Unsafe.park(Native Method)
        at java.util.concurrent.locks.LockSupport.park(LockSupport.java:175)
        at java.util.concurrent.locks.AbstractQueuedSynchronizer$ConditionObject.await(AbstractQueuedSynchronizer.java:2039)
        at java.util.concurrent.LinkedBlockingQueue.take(LinkedBlockingQueue.java:442)
        at java.util.concurrent.ThreadPoolExecutor.getTask(ThreadPoolExecutor.java:1074)
        at java.util.concurrent.ThreadPoolExecutor.runWorker(ThreadPoolExecutor.java:1134)
        at java.util.concurrent.ThreadPoolExecutor$Worker.run(ThreadPoolExecutor.java:624)
        at java.lang.Thread.run(Thread.java:750)
"IPC Server handler 71 on default port 15009" daemon prio=5 tid=540 timed_waiting
java.lang.Thread.State: TIMED_WAITING
        at sun.misc.Unsafe.park(Native Method)
        at java.util.concurrent.locks.LockSupport.parkNanos(LockSupport.java:215)
        at java.util.concurrent.locks.AbstractQueuedSynchronizer$ConditionObject.awaitNanos(AbstractQueuedSynchronizer.java:2078)
        at java.util.concurrent.LinkedBlockingQueue.poll(LinkedBlockingQueue.java:467)
        at org.apache.hadoop.ipc.CallQueueManager.take(CallQueueManager.java:317)
        at org.apache.hadoop.ipc.Server$Handler.run(Server.java:3014)
"IPC Server handler 29 on default port 15001" daemon prio=5 tid=185 timed_waiting
java.lang.Thread.State: TIMED_WAITING
        at sun.misc.Unsafe.park(Native Method)
        at java.util.concurrent.locks.LockSupport.parkNanos(LockSupport.java:215)
        at java.util.concurrent.locks.AbstractQueuedSynchronizer$ConditionObject.awaitNanos(AbstractQueuedSynchronizer.java:2078)
        at java.util.concurrent.LinkedBlockingQueue.poll(LinkedBlockingQueue.java:467)
        at org.apache.hadoop.ipc.CallQueueManager.take(CallQueueManager.java:317)
        at org.apache.hadoop.ipc.Server$Handler.run(Server.java:3014)
"SSL Certificates Store Monitor" daemon prio=5 tid=1121 in Object.wait()
java.lang.Thread.State: WAITING (on object monitor)
        at java.lang.Object.wait(Native Method)
        at java.lang.Object.wait(Object.java:502)
        at java.util.TimerThread.mainLoop(Timer.java:526)
        at java.util.TimerThread.run(Timer.java:505)
"qtp963735699-665" daemon prio=5 tid=665 runnable
java.lang.Thread.State: RUNNABLE
        at sun.nio.ch.EPollArrayWrapper.epollWait(Native Method)
        at sun.nio.ch.EPollArrayWrapper.poll(EPollArrayWrapper.java:269)
        at sun.nio.ch.EPollSelectorImpl.doSelect(EPollSelectorImpl.java:93)
        at sun.nio.ch.SelectorImpl.lockAndDoSelect(SelectorImpl.java:86)
        at sun.nio.ch.SelectorImpl.select(SelectorImpl.java:97)
        at sun.nio.ch.SelectorImpl.select(SelectorImpl.java:101)
        at org.eclipse.jetty.io.ManagedSelector.nioSelect(ManagedSelector.java:183)
        at org.eclipse.jetty.io.ManagedSelector.select(ManagedSelector.java:190)
        at org.eclipse.jetty.io.ManagedSelector$SelectorProducer.select(ManagedSelector.java:606)
        at org.eclipse.jetty.io.ManagedSelector$SelectorProducer.produce(ManagedSelector.java:543)
        at org.eclipse.jetty.util.thread.strategy.EatWhatYouKill.produceTask(EatWhatYouKill.java:362)
        at org.eclipse.jetty.util.thread.strategy.EatWhatYouKill.doProduce(EatWhatYouKill.java:186)
        at org.eclipse.jetty.util.thread.strategy.EatWhatYouKill.tryProduce(EatWhatYouKill.java:173)
        at org.eclipse.jetty.util.thread.strategy.EatWhatYouKill.produce(EatWhatYouKill.java:137)
        at org.eclipse.jetty.io.ManagedSelector$$Lambda$666/1273065937.run(Unknown Source)
        at org.eclipse.jetty.util.thread.QueuedThreadPool.runJob(QueuedThreadPool.java:883)
        at org.eclipse.jetty.util.thread.QueuedThreadPool$Runner.run(QueuedThreadPool.java:1034)
        at java.lang.Thread.run(Thread.java:750)
"JvmPauseMonitor5" daemon prio=5 tid=771 timed_waiting
java.lang.Thread.State: TIMED_WAITING
        at java.lang.Thread.sleep(Native Method)
        at java.lang.Thread.sleep(Thread.java:342)
        at java.util.concurrent.TimeUnit.sleep(TimeUnit.java:386)
        at org.apache.ratis.util.TimeDuration.sleep(TimeDuration.java:353)
        at org.apache.ratis.util.TimeDuration.sleep(TimeDuration.java:338)
        at org.apache.ratis.util.JvmPauseMonitor.detectPause(JvmPauseMonitor.java:160)
        at org.apache.ratis.util.JvmPauseMonitor.run(JvmPauseMonitor.java:149)
        at org.apache.ratis.util.JvmPauseMonitor$$Lambda$626/349677922.run(Unknown Source)
        at java.lang.Thread.run(Thread.java:750)
"JvmPauseMonitor2" daemon prio=5 tid=572 timed_waiting
java.lang.Thread.State: TIMED_WAITING
        at java.lang.Thread.sleep(Native Method)
        at java.lang.Thread.sleep(Thread.java:342)
        at java.util.concurrent.TimeUnit.sleep(TimeUnit.java:386)
        at org.apache.ratis.util.TimeDuration.sleep(TimeDuration.java:353)
        at org.apache.ratis.util.TimeDuration.sleep(TimeDuration.java:338)
        at org.apache.ratis.util.JvmPauseMonitor.detectPause(JvmPauseMonitor.java:160)
        at org.apache.ratis.util.JvmPauseMonitor.run(JvmPauseMonitor.java:149)
        at org.apache.ratis.util.JvmPauseMonitor$$Lambda$626/349677922.run(Unknown Source)
        at java.lang.Thread.run(Thread.java:750)
"IPC Server handler 4 on default port 15001" daemon prio=5 tid=160 timed_waiting
java.lang.Thread.State: TIMED_WAITING
        at sun.misc.Unsafe.park(Native Method)
        at java.util.concurrent.locks.LockSupport.parkNanos(LockSupport.java:215)
        at java.util.concurrent.locks.AbstractQueuedSynchronizer$ConditionObject.awaitNanos(AbstractQueuedSynchronizer.java:2078)
        at java.util.concurrent.LinkedBlockingQueue.poll(LinkedBlockingQueue.java:467)
        at org.apache.hadoop.ipc.CallQueueManager.take(CallQueueManager.java:317)
        at org.apache.hadoop.ipc.Server$Handler.run(Server.java:3014)
"IPC Server handler 35 on default port 15001" daemon prio=5 tid=191 timed_waiting
java.lang.Thread.State: TIMED_WAITING
        at sun.misc.Unsafe.park(Native Method)
        at java.util.concurrent.locks.LockSupport.parkNanos(LockSupport.java:215)
        at java.util.concurrent.locks.AbstractQueuedSynchronizer$ConditionObject.awaitNanos(AbstractQueuedSynchronizer.java:2078)
        at java.util.concurrent.LinkedBlockingQueue.poll(LinkedBlockingQueue.java:467)
        at org.apache.hadoop.ipc.CallQueueManager.take(CallQueueManager.java:317)
        at org.apache.hadoop.ipc.Server$Handler.run(Server.java:3014)
"ContainerMetadataScanner" daemon prio=5 tid=727 timed_waiting
java.lang.Thread.State: TIMED_WAITING
        at java.lang.Thread.sleep(Native Method)
        at org.apache.hadoop.ozone.container.ozoneimpl.AbstractBackgroundContainerScanner.handleRemainingSleep(AbstractBackgroundContainerScanner.java:131)
        at org.apache.hadoop.ozone.container.ozoneimpl.AbstractBackgroundContainerScanner.runIteration(AbstractBackgroundContainerScanner.java:98)
        at org.apache.hadoop.ozone.container.ozoneimpl.AbstractBackgroundContainerScanner.run(AbstractBackgroundContainerScanner.java:57)
"IPC Parameter Sending Thread for 0.0.0.0/0.0.0.0:15009" daemon prio=5 tid=722 timed_waiting
java.lang.Thread.State: TIMED_WAITING
        at sun.misc.Unsafe.park(Native Method)
        at java.util.concurrent.locks.LockSupport.parkNanos(LockSupport.java:215)
        at java.util.concurrent.SynchronousQueue$TransferQueue.awaitFulfill(SynchronousQueue.java:764)
        at java.util.concurrent.SynchronousQueue$TransferQueue.transfer(SynchronousQueue.java:695)
        at java.util.concurrent.SynchronousQueue.poll(SynchronousQueue.java:941)
        at org.apache.hadoop.ipc.Client$Connection$RpcRequestSender.run(Client.java:1105)
        at java.lang.Thread.run(Thread.java:750)
"timer3" daemon prio=5 tid=918 timed_waiting
java.lang.Thread.State: TIMED_WAITING
        at java.lang.Object.wait(Native Method)
        at java.util.TimerThread.mainLoop(Timer.java:552)
        at java.util.TimerThread.run(Timer.java:505)
"ceb25050-cf9f-4852-a13e-a5ff0cf3b4d2-DatanodeStateMachineDaemonThread" daemon prio=5 tid=708 timed_waiting
java.lang.Thread.State: TIMED_WAITING
        at java.lang.Thread.sleep(Native Method)
        at org.apache.hadoop.ozone.container.common.statemachine.DatanodeStateMachine.startStateMachineThread(DatanodeStateMachine.java:369)
        at org.apache.hadoop.ozone.container.common.statemachine.DatanodeStateMachine.lambda$startDaemon$1(DatanodeStateMachine.java:556)
        at org.apache.hadoop.ozone.container.common.statemachine.DatanodeStateMachine$$Lambda$1466/1250399292.run(Unknown Source)
        at java.lang.Thread.run(Thread.java:750)
"IPC Server handler 91 on default port 15002" daemon prio=5 tid=347 timed_waiting
java.lang.Thread.State: TIMED_WAITING
        at sun.misc.Unsafe.park(Native Method)
        at java.util.concurrent.locks.LockSupport.parkNanos(LockSupport.java:215)
        at java.util.concurrent.locks.AbstractQueuedSynchronizer$ConditionObject.awaitNanos(AbstractQueuedSynchronizer.java:2078)
        at java.util.concurrent.LinkedBlockingQueue.poll(LinkedBlockingQueue.java:467)
        at org.apache.hadoop.ipc.CallQueueManager.take(CallQueueManager.java:317)
        at org.apache.hadoop.ipc.Server$Handler.run(Server.java:3014)
"59c3495a-7636-40f9-8dfa-c28be8e98abd@group-82A21D15CBF7-SegmentedRaftLogWorker"  prio=5 tid=1140 timed_waiting
java.lang.Thread.State: TIMED_WAITING
        at sun.misc.Unsafe.park(Native Method)
        at java.util.concurrent.locks.LockSupport.parkNanos(LockSupport.java:215)
        at java.util.concurrent.locks.AbstractQueuedSynchronizer$ConditionObject.awaitNanos(AbstractQueuedSynchronizer.java:2078)
        at org.apache.ratis.util.DataBlockingQueue.poll(DataBlockingQueue.java:148)
        at org.apache.ratis.server.raftlog.segmented.SegmentedRaftLogWorker.run(SegmentedRaftLogWorker.java:299)
        at org.apache.ratis.server.raftlog.segmented.SegmentedRaftLogWorker$$Lambda$997/2039256444.run(Unknown Source)
        at java.util.concurrent.Executors$RunnableAdapter.call(Executors.java:511)
        at java.util.concurrent.FutureTask.run(FutureTask.java:266)
        at java.util.concurrent.ThreadPoolExecutor.runWorker(ThreadPoolExecutor.java:1149)
        at java.util.concurrent.ThreadPoolExecutor$Worker.run(ThreadPoolExecutor.java:624)
        at java.lang.Thread.run(Thread.java:750)
"qtp462164160-611" daemon prio=5 tid=611 timed_waiting
java.lang.Thread.State: TIMED_WAITING
        at sun.misc.Unsafe.park(Native Method)
        at java.util.concurrent.locks.LockSupport.parkNanos(LockSupport.java:215)
        at java.util.concurrent.locks.AbstractQueuedSynchronizer$ConditionObject.awaitNanos(AbstractQueuedSynchronizer.java:2078)
        at org.eclipse.jetty.util.BlockingArrayQueue.poll(BlockingArrayQueue.java:382)
        at org.eclipse.jetty.util.thread.QueuedThreadPool$Runner.idleJobPoll(QueuedThreadPool.java:974)
        at org.eclipse.jetty.util.thread.QueuedThreadPool$Runner.run(QueuedThreadPool.java:1018)
        at java.lang.Thread.run(Thread.java:750)
"59c3495a-7636-40f9-8dfa-c28be8e98abd-BlockDeletingService#0" daemon prio=5 tid=735 in Object.wait()
java.lang.Thread.State: WAITING (on object monitor)
        at sun.misc.Unsafe.park(Native Method)
        at java.util.concurrent.locks.LockSupport.park(LockSupport.java:175)
        at java.util.concurrent.locks.AbstractQueuedSynchronizer$ConditionObject.await(AbstractQueuedSynchronizer.java:2039)
        at java.util.concurrent.ScheduledThreadPoolExecutor$DelayedWorkQueue.take(ScheduledThreadPoolExecutor.java:1088)
        at java.util.concurrent.ScheduledThreadPoolExecutor$DelayedWorkQueue.take(ScheduledThreadPoolExecutor.java:809)
        at java.util.concurrent.ThreadPoolExecutor.getTask(ThreadPoolExecutor.java:1074)
        at java.util.concurrent.ThreadPoolExecutor.runWorker(ThreadPoolExecutor.java:1134)
        at java.util.concurrent.ThreadPoolExecutor$Worker.run(ThreadPoolExecutor.java:624)
        at java.lang.Thread.run(Thread.java:750)
"IPC Server handler 87 on default port 15001" daemon prio=5 tid=243 timed_waiting
java.lang.Thread.State: TIMED_WAITING
        at sun.misc.Unsafe.park(Native Method)
        at java.util.concurrent.locks.LockSupport.parkNanos(LockSupport.java:215)
        at java.util.concurrent.locks.AbstractQueuedSynchronizer$ConditionObject.awaitNanos(AbstractQueuedSynchronizer.java:2078)
        at java.util.concurrent.LinkedBlockingQueue.poll(LinkedBlockingQueue.java:467)
        at org.apache.hadoop.ipc.CallQueueManager.take(CallQueueManager.java:317)
        at org.apache.hadoop.ipc.Server$Handler.run(Server.java:3014)
"IPC Server handler 53 on default port 15001" daemon prio=5 tid=209 timed_waiting
java.lang.Thread.State: TIMED_WAITING
        at sun.misc.Unsafe.park(Native Method)
        at java.util.concurrent.locks.LockSupport.parkNanos(LockSupport.java:215)
        at java.util.concurrent.locks.AbstractQueuedSynchronizer$ConditionObject.awaitNanos(AbstractQueuedSynchronizer.java:2078)
        at java.util.concurrent.LinkedBlockingQueue.poll(LinkedBlockingQueue.java:467)
        at org.apache.hadoop.ipc.CallQueueManager.take(CallQueueManager.java:317)
        at org.apache.hadoop.ipc.Server$Handler.run(Server.java:3014)
"d1715241-1ffa-4146-b219-94c9c0fc171f-groupManagement"  prio=5 tid=851 in Object.wait()
java.lang.Thread.State: WAITING (on object monitor)
        at sun.misc.Unsafe.park(Native Method)
        at java.util.concurrent.locks.LockSupport.park(LockSupport.java:175)
        at java.util.concurrent.locks.AbstractQueuedSynchronizer$ConditionObject.await(AbstractQueuedSynchronizer.java:2039)
        at java.util.concurrent.LinkedBlockingQueue.take(LinkedBlockingQueue.java:442)
        at java.util.concurrent.ThreadPoolExecutor.getTask(ThreadPoolExecutor.java:1074)
        at java.util.concurrent.ThreadPoolExecutor.runWorker(ThreadPoolExecutor.java:1134)
        at java.util.concurrent.ThreadPoolExecutor$Worker.run(ThreadPoolExecutor.java:624)
        at java.lang.Thread.run(Thread.java:750)
"cc1e4d3c-2283-4c28-b737-db868cb45369-DatanodeReportManager-1" daemon prio=5 tid=626 in Object.wait()
java.lang.Thread.State: WAITING (on object monitor)
        at sun.misc.Unsafe.park(Native Method)
        at java.util.concurrent.locks.LockSupport.park(LockSupport.java:175)
        at java.util.concurrent.locks.AbstractQueuedSynchronizer$ConditionObject.await(AbstractQueuedSynchronizer.java:2039)
        at java.util.concurrent.ScheduledThreadPoolExecutor$DelayedWorkQueue.take(ScheduledThreadPoolExecutor.java:1088)
        at java.util.concurrent.ScheduledThreadPoolExecutor$DelayedWorkQueue.take(ScheduledThreadPoolExecutor.java:809)
        at java.util.concurrent.ThreadPoolExecutor.getTask(ThreadPoolExecutor.java:1074)
        at java.util.concurrent.ThreadPoolExecutor.runWorker(ThreadPoolExecutor.java:1134)
        at java.util.concurrent.ThreadPoolExecutor$Worker.run(ThreadPoolExecutor.java:624)
        at java.lang.Thread.run(Thread.java:750)
"pool-71-thread-1"  prio=5 tid=437 timed_waiting
java.lang.Thread.State: TIMED_WAITING
        at sun.misc.Unsafe.park(Native Method)
        at java.util.concurrent.locks.LockSupport.parkNanos(LockSupport.java:215)
        at java.util.concurrent.locks.AbstractQueuedSynchronizer$ConditionObject.awaitNanos(AbstractQueuedSynchronizer.java:2078)
        at java.util.concurrent.ScheduledThreadPoolExecutor$DelayedWorkQueue.take(ScheduledThreadPoolExecutor.java:1093)
        at java.util.concurrent.ScheduledThreadPoolExecutor$DelayedWorkQueue.take(ScheduledThreadPoolExecutor.java:809)
        at java.util.concurrent.ThreadPoolExecutor.getTask(ThreadPoolExecutor.java:1074)
        at java.util.concurrent.ThreadPoolExecutor.runWorker(ThreadPoolExecutor.java:1134)
        at java.util.concurrent.ThreadPoolExecutor$Worker.run(ThreadPoolExecutor.java:624)
        at java.lang.Thread.run(Thread.java:750)
"59c3495a-7636-40f9-8dfa-c28be8e98abd-ChunkWriter-0-0" daemon prio=5 tid=729 in Object.wait()
java.lang.Thread.State: WAITING (on object monitor)
        at sun.misc.Unsafe.park(Native Method)
        at java.util.concurrent.locks.LockSupport.park(LockSupport.java:175)
        at java.util.concurrent.locks.AbstractQueuedSynchronizer$ConditionObject.await(AbstractQueuedSynchronizer.java:2039)
        at java.util.concurrent.LinkedBlockingDeque.takeFirst(LinkedBlockingDeque.java:492)
        at java.util.concurrent.LinkedBlockingDeque.take(LinkedBlockingDeque.java:680)
        at java.util.concurrent.ThreadPoolExecutor.getTask(ThreadPoolExecutor.java:1074)
        at java.util.concurrent.ThreadPoolExecutor.runWorker(ThreadPoolExecutor.java:1134)
        at java.util.concurrent.ThreadPoolExecutor$Worker.run(ThreadPoolExecutor.java:624)
        at java.lang.Thread.run(Thread.java:750)
"IPC Server listener on 15009" daemon prio=5 tid=441 runnable
java.lang.Thread.State: RUNNABLE
        at sun.nio.ch.EPollArrayWrapper.epollWait(Native Method)
        at sun.nio.ch.EPollArrayWrapper.poll(EPollArrayWrapper.java:269)
        at sun.nio.ch.EPollSelectorImpl.doSelect(EPollSelectorImpl.java:93)
        at sun.nio.ch.SelectorImpl.lockAndDoSelect(SelectorImpl.java:86)
        at sun.nio.ch.SelectorImpl.select(SelectorImpl.java:97)
        at sun.nio.ch.SelectorImpl.select(SelectorImpl.java:101)
        at org.apache.hadoop.ipc.Server$Listener.run(Server.java:1408)
"IPC Server handler 39 on default port 15000" daemon prio=5 tid=95 timed_waiting
java.lang.Thread.State: TIMED_WAITING
        at sun.misc.Unsafe.park(Native Method)
        at java.util.concurrent.locks.LockSupport.parkNanos(LockSupport.java:215)
        at java.util.concurrent.locks.AbstractQueuedSynchronizer$ConditionObject.awaitNanos(AbstractQueuedSynchronizer.java:2078)
        at java.util.concurrent.LinkedBlockingQueue.poll(LinkedBlockingQueue.java:467)
        at org.apache.hadoop.ipc.CallQueueManager.take(CallQueueManager.java:317)
        at org.apache.hadoop.ipc.Server$Handler.run(Server.java:3014)
"derby.rawStoreDaemon" daemon prio=5 tid=434 timed_waiting
java.lang.Thread.State: TIMED_WAITING
        at java.lang.Object.wait(Native Method)
        at org.apache.derby.impl.services.daemon.BasicDaemon.rest(Unknown Source)
        at org.apache.derby.impl.services.daemon.BasicDaemon.run(Unknown Source)
        at java.lang.Thread.run(Thread.java:750)
"IPC Server handler 32 on default port 15002" daemon prio=5 tid=288 timed_waiting
java.lang.Thread.State: TIMED_WAITING
        at sun.misc.Unsafe.park(Native Method)
        at java.util.concurrent.locks.LockSupport.parkNanos(LockSupport.java:215)
        at java.util.concurrent.locks.AbstractQueuedSynchronizer$ConditionObject.awaitNanos(AbstractQueuedSynchronizer.java:2078)
        at java.util.concurrent.LinkedBlockingQueue.poll(LinkedBlockingQueue.java:467)
        at org.apache.hadoop.ipc.CallQueueManager.take(CallQueueManager.java:317)
        at org.apache.hadoop.ipc.Server$Handler.run(Server.java:3014)
"ceb25050-cf9f-4852-a13e-a5ff0cf3b4d2-BlockDeletingService#0" daemon prio=5 tid=811 in Object.wait()
java.lang.Thread.State: WAITING (on object monitor)
        at sun.misc.Unsafe.park(Native Method)
        at java.util.concurrent.locks.LockSupport.park(LockSupport.java:175)
        at java.util.concurrent.locks.AbstractQueuedSynchronizer$ConditionObject.await(AbstractQueuedSynchronizer.java:2039)
        at java.util.concurrent.ScheduledThreadPoolExecutor$DelayedWorkQueue.take(ScheduledThreadPoolExecutor.java:1088)
        at java.util.concurrent.ScheduledThreadPoolExecutor$DelayedWorkQueue.take(ScheduledThreadPoolExecutor.java:809)
        at java.util.concurrent.ThreadPoolExecutor.getTask(ThreadPoolExecutor.java:1074)
        at java.util.concurrent.ThreadPoolExecutor.runWorker(ThreadPoolExecutor.java:1134)
        at java.util.concurrent.ThreadPoolExecutor$Worker.run(ThreadPoolExecutor.java:624)
        at java.lang.Thread.run(Thread.java:750)
"IPC Server handler 21 on default port 15009" daemon prio=5 tid=490 timed_waiting
java.lang.Thread.State: TIMED_WAITING
        at sun.misc.Unsafe.park(Native Method)
        at java.util.concurrent.locks.LockSupport.parkNanos(LockSupport.java:215)
        at java.util.concurrent.locks.AbstractQueuedSynchronizer$ConditionObject.awaitNanos(AbstractQueuedSynchronizer.java:2078)
        at java.util.concurrent.LinkedBlockingQueue.poll(LinkedBlockingQueue.java:467)
        at org.apache.hadoop.ipc.CallQueueManager.take(CallQueueManager.java:317)
        at org.apache.hadoop.ipc.Server$Handler.run(Server.java:3014)
"om1-groupManagement"  prio=5 tid=377 in Object.wait()
java.lang.Thread.State: WAITING (on object monitor)
        at sun.misc.Unsafe.park(Native Method)
        at java.util.concurrent.locks.LockSupport.park(LockSupport.java:175)
        at java.util.concurrent.locks.AbstractQueuedSynchronizer$ConditionObject.await(AbstractQueuedSynchronizer.java:2039)
        at java.util.concurrent.LinkedBlockingQueue.take(LinkedBlockingQueue.java:442)
        at java.util.concurrent.ThreadPoolExecutor.getTask(ThreadPoolExecutor.java:1074)
        at java.util.concurrent.ThreadPoolExecutor.runWorker(ThreadPoolExecutor.java:1134)
        at java.util.concurrent.ThreadPoolExecutor$Worker.run(ThreadPoolExecutor.java:624)
        at java.lang.Thread.run(Thread.java:750)
"IPC Server handler 60 on default port 15001" daemon prio=5 tid=216 timed_waiting
java.lang.Thread.State: TIMED_WAITING
        at sun.misc.Unsafe.park(Native Method)
        at java.util.concurrent.locks.LockSupport.parkNanos(LockSupport.java:215)
        at java.util.concurrent.locks.AbstractQueuedSynchronizer$ConditionObject.awaitNanos(AbstractQueuedSynchronizer.java:2078)
        at java.util.concurrent.LinkedBlockingQueue.poll(LinkedBlockingQueue.java:467)
        at org.apache.hadoop.ipc.CallQueueManager.take(CallQueueManager.java:317)
        at org.apache.hadoop.ipc.Server$Handler.run(Server.java:3014)
"client-write-TID-0" daemon prio=5 tid=951 in Object.wait()
java.lang.Thread.State: WAITING (on object monitor)
        at sun.misc.Unsafe.park(Native Method)
        at java.util.concurrent.locks.LockSupport.park(LockSupport.java:175)
        at java.util.concurrent.SynchronousQueue$TransferStack.awaitFulfill(SynchronousQueue.java:458)
        at java.util.concurrent.SynchronousQueue$TransferStack.transfer(SynchronousQueue.java:362)
        at java.util.concurrent.SynchronousQueue.take(SynchronousQueue.java:924)
        at java.util.concurrent.ThreadPoolExecutor.getTask(ThreadPoolExecutor.java:1074)
        at java.util.concurrent.ThreadPoolExecutor.runWorker(ThreadPoolExecutor.java:1134)
        at java.util.concurrent.ThreadPoolExecutor$Worker.run(ThreadPoolExecutor.java:624)
        at java.lang.Thread.run(Thread.java:750)
"a40aef6e-dfc7-4141-9a41-17d72bf4eeff-NettyServerStreamRpc-bossGroup--thread1"  prio=5 tid=661 runnable
java.lang.Thread.State: RUNNABLE
        at org.apache.ratis.thirdparty.io.netty.channel.epoll.Native.epollWait(Native Method)
        at org.apache.ratis.thirdparty.io.netty.channel.epoll.Native.epollWait(Native.java:209)
        at org.apache.ratis.thirdparty.io.netty.channel.epoll.Native.epollWait(Native.java:202)
        at org.apache.ratis.thirdparty.io.netty.channel.epoll.EpollEventLoop.epollWaitNoTimerChange(EpollEventLoop.java:316)
        at org.apache.ratis.thirdparty.io.netty.channel.epoll.EpollEventLoop.run(EpollEventLoop.java:373)
        at org.apache.ratis.thirdparty.io.netty.util.concurrent.SingleThreadEventExecutor$4.run(SingleThreadEventExecutor.java:997)
        at org.apache.ratis.thirdparty.io.netty.util.internal.ThreadExecutorMap$2.run(ThreadExecutorMap.java:74)
        at java.lang.Thread.run(Thread.java:750)
"IPC Server handler 1 on default port 15009" daemon prio=5 tid=470 timed_waiting
java.lang.Thread.State: TIMED_WAITING
        at sun.misc.Unsafe.park(Native Method)
        at java.util.concurrent.locks.LockSupport.parkNanos(LockSupport.java:215)
        at java.util.concurrent.locks.AbstractQueuedSynchronizer$ConditionObject.awaitNanos(AbstractQueuedSynchronizer.java:2078)
        at java.util.concurrent.LinkedBlockingQueue.poll(LinkedBlockingQueue.java:467)
        at org.apache.hadoop.ipc.CallQueueManager.take(CallQueueManager.java:317)
        at org.apache.hadoop.ipc.Server$Handler.run(Server.java:3014)
"d1715241-1ffa-4146-b219-94c9c0fc171f@group-89087E71B146-StateMachineUpdater" daemon prio=5 tid=1125 timed_waiting
java.lang.Thread.State: TIMED_WAITING
        at sun.misc.Unsafe.park(Native Method)
        at java.util.concurrent.locks.LockSupport.parkNanos(LockSupport.java:215)
        at java.util.concurrent.locks.AbstractQueuedSynchronizer$ConditionObject.await(AbstractQueuedSynchronizer.java:2163)
        at org.apache.ratis.util.AwaitForSignal.await(AwaitForSignal.java:65)
        at org.apache.ratis.server.impl.StateMachineUpdater.waitForCommit(StateMachineUpdater.java:211)
        at org.apache.ratis.server.impl.StateMachineUpdater.run(StateMachineUpdater.java:180)
        at java.lang.Thread.run(Thread.java:750)
"IPC Server handler 46 on default port 15000" daemon prio=5 tid=102 timed_waiting
java.lang.Thread.State: TIMED_WAITING
        at sun.misc.Unsafe.park(Native Method)
        at java.util.concurrent.locks.LockSupport.parkNanos(LockSupport.java:215)
        at java.util.concurrent.locks.AbstractQueuedSynchronizer$ConditionObject.awaitNanos(AbstractQueuedSynchronizer.java:2078)
        at java.util.concurrent.LinkedBlockingQueue.poll(LinkedBlockingQueue.java:467)
        at org.apache.hadoop.ipc.CallQueueManager.take(CallQueueManager.java:317)
        at org.apache.hadoop.ipc.Server$Handler.run(Server.java:3014)
"MutableQuantiles-0" daemon prio=5 tid=937 timed_waiting
java.lang.Thread.State: TIMED_WAITING
        at sun.misc.Unsafe.park(Native Method)
        at java.util.concurrent.locks.LockSupport.parkNanos(LockSupport.java:215)
        at java.util.concurrent.locks.AbstractQueuedSynchronizer$ConditionObject.awaitNanos(AbstractQueuedSynchronizer.java:2078)
        at java.util.concurrent.ScheduledThreadPoolExecutor$DelayedWorkQueue.take(ScheduledThreadPoolExecutor.java:1093)
        at java.util.concurrent.ScheduledThreadPoolExecutor$DelayedWorkQueue.take(ScheduledThreadPoolExecutor.java:809)
        at java.util.concurrent.ThreadPoolExecutor.getTask(ThreadPoolExecutor.java:1074)
        at java.util.concurrent.ThreadPoolExecutor.runWorker(ThreadPoolExecutor.java:1134)
        at java.util.concurrent.ThreadPoolExecutor$Worker.run(ThreadPoolExecutor.java:624)
        at java.lang.Thread.run(Thread.java:750)
"IPC Server handler 93 on default port 15009" daemon prio=5 tid=562 timed_waiting
java.lang.Thread.State: TIMED_WAITING
        at sun.misc.Unsafe.park(Native Method)
        at java.util.concurrent.locks.LockSupport.parkNanos(LockSupport.java:215)
        at java.util.concurrent.locks.AbstractQueuedSynchronizer$ConditionObject.awaitNanos(AbstractQueuedSynchronizer.java:2078)
        at java.util.concurrent.LinkedBlockingQueue.poll(LinkedBlockingQueue.java:467)
        at org.apache.hadoop.ipc.CallQueueManager.take(CallQueueManager.java:317)
        at org.apache.hadoop.ipc.Server$Handler.run(Server.java:3014)
"Socket Reader #1 for port 15048"  prio=5 tid=703 runnable
java.lang.Thread.State: RUNNABLE
        at sun.nio.ch.EPollArrayWrapper.epollWait(Native Method)
        at sun.nio.ch.EPollArrayWrapper.poll(EPollArrayWrapper.java:269)
        at sun.nio.ch.EPollSelectorImpl.doSelect(EPollSelectorImpl.java:93)
        at sun.nio.ch.SelectorImpl.lockAndDoSelect(SelectorImpl.java:86)
        at sun.nio.ch.SelectorImpl.select(SelectorImpl.java:97)
        at sun.nio.ch.SelectorImpl.select(SelectorImpl.java:101)
        at org.apache.hadoop.ipc.Server$Listener$Reader.doRunLoop(Server.java:1346)
        at org.apache.hadoop.ipc.Server$Listener$Reader.run(Server.java:1325)
"IPC Server handler 41 on default port 15000" daemon prio=5 tid=97 timed_waiting
java.lang.Thread.State: TIMED_WAITING
        at sun.misc.Unsafe.park(Native Method)
        at java.util.concurrent.locks.LockSupport.parkNanos(LockSupport.java:215)
        at java.util.concurrent.locks.AbstractQueuedSynchronizer$ConditionObject.awaitNanos(AbstractQueuedSynchronizer.java:2078)
        at java.util.concurrent.LinkedBlockingQueue.poll(LinkedBlockingQueue.java:467)
        at org.apache.hadoop.ipc.CallQueueManager.take(CallQueueManager.java:317)
        at org.apache.hadoop.ipc.Server$Handler.run(Server.java:3014)
"a40aef6e-dfc7-4141-9a41-17d72bf4eeff-PipelineCommandHandlerThread-0"  prio=5 tid=867 in Object.wait()
java.lang.Thread.State: WAITING (on object monitor)
        at sun.misc.Unsafe.park(Native Method)
        at java.util.concurrent.locks.LockSupport.park(LockSupport.java:175)
        at java.util.concurrent.locks.AbstractQueuedSynchronizer$ConditionObject.await(AbstractQueuedSynchronizer.java:2039)
        at java.util.concurrent.LinkedBlockingQueue.take(LinkedBlockingQueue.java:442)
        at java.util.concurrent.ThreadPoolExecutor.getTask(ThreadPoolExecutor.java:1074)
        at java.util.concurrent.ThreadPoolExecutor.runWorker(ThreadPoolExecutor.java:1134)
        at java.util.concurrent.ThreadPoolExecutor$Worker.run(ThreadPoolExecutor.java:624)
        at java.lang.Thread.run(Thread.java:750)
"SSL Certificates Store Monitor" daemon prio=5 tid=1067 in Object.wait()
java.lang.Thread.State: WAITING (on object monitor)
        at java.lang.Object.wait(Native Method)
        at java.lang.Object.wait(Object.java:502)
        at java.util.TimerThread.mainLoop(Timer.java:526)
        at java.util.TimerThread.run(Timer.java:505)
"IPC Server handler 32 on default port 15009" daemon prio=5 tid=501 timed_waiting
java.lang.Thread.State: TIMED_WAITING
        at sun.misc.Unsafe.park(Native Method)
        at java.util.concurrent.locks.LockSupport.parkNanos(LockSupport.java:215)
        at java.util.concurrent.locks.AbstractQueuedSynchronizer$ConditionObject.awaitNanos(AbstractQueuedSynchronizer.java:2078)
        at java.util.concurrent.LinkedBlockingQueue.poll(LinkedBlockingQueue.java:467)
        at org.apache.hadoop.ipc.CallQueueManager.take(CallQueueManager.java:317)
        at org.apache.hadoop.ipc.Server$Handler.run(Server.java:3014)
"IPC Server handler 61 on default port 15009" daemon prio=5 tid=530 timed_waiting
java.lang.Thread.State: TIMED_WAITING
        at sun.misc.Unsafe.park(Native Method)
        at java.util.concurrent.locks.LockSupport.parkNanos(LockSupport.java:215)
        at java.util.concurrent.locks.AbstractQueuedSynchronizer$ConditionObject.awaitNanos(AbstractQueuedSynchronizer.java:2078)
        at java.util.concurrent.LinkedBlockingQueue.poll(LinkedBlockingQueue.java:467)
        at org.apache.hadoop.ipc.CallQueueManager.take(CallQueueManager.java:317)
        at org.apache.hadoop.ipc.Server$Handler.run(Server.java:3014)
"IPC Server handler 17 on default port 15001" daemon prio=5 tid=173 timed_waiting
java.lang.Thread.State: TIMED_WAITING
        at sun.misc.Unsafe.park(Native Method)
        at java.util.concurrent.locks.LockSupport.parkNanos(LockSupport.java:215)
        at java.util.concurrent.locks.AbstractQueuedSynchronizer$ConditionObject.awaitNanos(AbstractQueuedSynchronizer.java:2078)
        at java.util.concurrent.LinkedBlockingQueue.poll(LinkedBlockingQueue.java:467)
        at org.apache.hadoop.ipc.CallQueueManager.take(CallQueueManager.java:317)
        at org.apache.hadoop.ipc.Server$Handler.run(Server.java:3014)
"Socket Reader #1 for port 15039"  prio=5 tid=675 runnable
java.lang.Thread.State: RUNNABLE
        at sun.nio.ch.EPollArrayWrapper.epollWait(Native Method)
        at sun.nio.ch.EPollArrayWrapper.poll(EPollArrayWrapper.java:269)
        at sun.nio.ch.EPollSelectorImpl.doSelect(EPollSelectorImpl.java:93)
        at sun.nio.ch.SelectorImpl.lockAndDoSelect(SelectorImpl.java:86)
        at sun.nio.ch.SelectorImpl.select(SelectorImpl.java:97)
        at sun.nio.ch.SelectorImpl.select(SelectorImpl.java:101)
        at org.apache.hadoop.ipc.Server$Listener$Reader.doRunLoop(Server.java:1346)
        at org.apache.hadoop.ipc.Server$Listener$Reader.run(Server.java:1325)
"ceb25050-cf9f-4852-a13e-a5ff0cf3b4d2-ReplicationContainerReader-1" daemon prio=5 tid=1112 in Object.wait()
java.lang.Thread.State: WAITING (on object monitor)
        at sun.misc.Unsafe.park(Native Method)
        at java.util.concurrent.locks.LockSupport.park(LockSupport.java:175)
        at java.util.concurrent.locks.AbstractQueuedSynchronizer$ConditionObject.await(AbstractQueuedSynchronizer.java:2039)
        at java.util.concurrent.LinkedBlockingQueue.take(LinkedBlockingQueue.java:442)
        at java.util.concurrent.ThreadPoolExecutor.getTask(ThreadPoolExecutor.java:1074)
        at java.util.concurrent.ThreadPoolExecutor.runWorker(ThreadPoolExecutor.java:1134)
        at java.util.concurrent.ThreadPoolExecutor$Worker.run(ThreadPoolExecutor.java:624)
        at java.lang.Thread.run(Thread.java:750)
"IPC Server handler 55 on default port 15001" daemon prio=5 tid=211 timed_waiting
java.lang.Thread.State: TIMED_WAITING
        at sun.misc.Unsafe.park(Native Method)
        at java.util.concurrent.locks.LockSupport.parkNanos(LockSupport.java:215)
        at java.util.concurrent.locks.AbstractQueuedSynchronizer$ConditionObject.awaitNanos(AbstractQueuedSynchronizer.java:2078)
        at java.util.concurrent.LinkedBlockingQueue.poll(LinkedBlockingQueue.java:467)
        at org.apache.hadoop.ipc.CallQueueManager.take(CallQueueManager.java:317)
        at org.apache.hadoop.ipc.Server$Handler.run(Server.java:3014)
"59c3495a-7636-40f9-8dfa-c28be8e98abd@group-8188EE38776F-StateMachineUpdater" daemon prio=5 tid=835 timed_waiting
java.lang.Thread.State: TIMED_WAITING
        at sun.misc.Unsafe.park(Native Method)
        at java.util.concurrent.locks.LockSupport.parkNanos(LockSupport.java:215)
        at java.util.concurrent.locks.AbstractQueuedSynchronizer$ConditionObject.await(AbstractQueuedSynchronizer.java:2163)
        at org.apache.ratis.util.AwaitForSignal.await(AwaitForSignal.java:65)
        at org.apache.ratis.server.impl.StateMachineUpdater.waitForCommit(StateMachineUpdater.java:211)
        at org.apache.ratis.server.impl.StateMachineUpdater.run(StateMachineUpdater.java:180)
        at java.lang.Thread.run(Thread.java:750)
"IPC Server handler 88 on default port 15002" daemon prio=5 tid=344 timed_waiting
java.lang.Thread.State: TIMED_WAITING
        at sun.misc.Unsafe.park(Native Method)
        at java.util.concurrent.locks.LockSupport.parkNanos(LockSupport.java:215)
        at java.util.concurrent.locks.AbstractQueuedSynchronizer$ConditionObject.awaitNanos(AbstractQueuedSynchronizer.java:2078)
        at java.util.concurrent.LinkedBlockingQueue.poll(LinkedBlockingQueue.java:467)
        at org.apache.hadoop.ipc.CallQueueManager.take(CallQueueManager.java:317)
        at org.apache.hadoop.ipc.Server$Handler.run(Server.java:3014)
"qtp1115963634-364" daemon prio=5 tid=364 timed_waiting
java.lang.Thread.State: TIMED_WAITING
        at sun.misc.Unsafe.park(Native Method)
        at java.util.concurrent.locks.LockSupport.parkNanos(LockSupport.java:215)
        at java.util.concurrent.locks.AbstractQueuedSynchronizer$ConditionObject.awaitNanos(AbstractQueuedSynchronizer.java:2078)
        at org.eclipse.jetty.util.BlockingArrayQueue.poll(BlockingArrayQueue.java:382)
        at org.eclipse.jetty.util.thread.QueuedThreadPool$Runner.idleJobPoll(QueuedThreadPool.java:974)
        at org.eclipse.jetty.util.thread.QueuedThreadPool$Runner.run(QueuedThreadPool.java:1018)
        at java.lang.Thread.run(Thread.java:750)
"FullTableCache-Cleanup-0" daemon prio=5 tid=931 in Object.wait()
java.lang.Thread.State: WAITING (on object monitor)
        at sun.misc.Unsafe.park(Native Method)
        at java.util.concurrent.locks.LockSupport.park(LockSupport.java:175)
        at java.util.concurrent.locks.AbstractQueuedSynchronizer$ConditionObject.await(AbstractQueuedSynchronizer.java:2039)
        at java.util.concurrent.LinkedBlockingQueue.take(LinkedBlockingQueue.java:442)
        at java.util.concurrent.ThreadPoolExecutor.getTask(ThreadPoolExecutor.java:1074)
        at java.util.concurrent.ThreadPoolExecutor.runWorker(ThreadPoolExecutor.java:1134)
        at java.util.concurrent.ThreadPoolExecutor$Worker.run(ThreadPoolExecutor.java:624)
        at java.lang.Thread.run(Thread.java:750)
"qtp2041857678-588" daemon prio=5 tid=588 timed_waiting
java.lang.Thread.State: TIMED_WAITING
        at sun.misc.Unsafe.park(Native Method)
        at java.util.concurrent.locks.LockSupport.parkNanos(LockSupport.java:215)
        at java.util.concurrent.locks.AbstractQueuedSynchronizer$ConditionObject.awaitNanos(AbstractQueuedSynchronizer.java:2078)
        at org.eclipse.jetty.util.BlockingArrayQueue.poll(BlockingArrayQueue.java:382)
        at org.eclipse.jetty.util.thread.QueuedThreadPool$Runner.idleJobPoll(QueuedThreadPool.java:974)
        at org.eclipse.jetty.util.thread.QueuedThreadPool$Runner.run(QueuedThreadPool.java:1018)
        at java.lang.Thread.run(Thread.java:750)
"Recon-FixedThreadPoolWithAffinityExecutor-6-0" daemon prio=5 tid=452 timed_waiting
java.lang.Thread.State: TIMED_WAITING
        at sun.misc.Unsafe.park(Native Method)
        at java.util.concurrent.locks.LockSupport.parkNanos(LockSupport.java:215)
        at java.util.concurrent.locks.AbstractQueuedSynchronizer$ConditionObject.awaitNanos(AbstractQueuedSynchronizer.java:2078)
        at java.util.concurrent.LinkedBlockingQueue.poll(LinkedBlockingQueue.java:467)
        at org.apache.hadoop.hdds.scm.server.ContainerReportQueue.poll(ContainerReportQueue.java:269)
        at org.apache.hadoop.hdds.scm.server.ContainerReportQueue.poll(ContainerReportQueue.java:42)
        at org.apache.hadoop.hdds.server.events.FixedThreadPoolWithAffinityExecutor$ContainerReportProcessTask.run(FixedThreadPoolWithAffinityExecutor.java:253)
        at java.util.concurrent.Executors$RunnableAdapter.call(Executors.java:511)
        at java.util.concurrent.FutureTask.run(FutureTask.java:266)
        at java.util.concurrent.ThreadPoolExecutor.runWorker(ThreadPoolExecutor.java:1149)
        at java.util.concurrent.ThreadPoolExecutor$Worker.run(ThreadPoolExecutor.java:624)
        at java.lang.Thread.run(Thread.java:750)
"d1715241-1ffa-4146-b219-94c9c0fc171f-CloseContainerThread-2"  prio=5 tid=1060 in Object.wait()
java.lang.Thread.State: WAITING (on object monitor)
        at sun.misc.Unsafe.park(Native Method)
        at java.util.concurrent.locks.LockSupport.park(LockSupport.java:175)
        at java.util.concurrent.locks.AbstractQueuedSynchronizer$ConditionObject.await(AbstractQueuedSynchronizer.java:2039)
        at java.util.concurrent.LinkedBlockingQueue.take(LinkedBlockingQueue.java:442)
        at java.util.concurrent.ThreadPoolExecutor.getTask(ThreadPoolExecutor.java:1074)
        at java.util.concurrent.ThreadPoolExecutor.runWorker(ThreadPoolExecutor.java:1134)
        at java.util.concurrent.ThreadPoolExecutor$Worker.run(ThreadPoolExecutor.java:624)
        at java.lang.Thread.run(Thread.java:750)
"IPC Server handler 16 on default port 15000" daemon prio=5 tid=72 timed_waiting
java.lang.Thread.State: TIMED_WAITING
        at sun.misc.Unsafe.park(Native Method)
        at java.util.concurrent.locks.LockSupport.parkNanos(LockSupport.java:215)
        at java.util.concurrent.locks.AbstractQueuedSynchronizer$ConditionObject.awaitNanos(AbstractQueuedSynchronizer.java:2078)
        at java.util.concurrent.LinkedBlockingQueue.poll(LinkedBlockingQueue.java:467)
        at org.apache.hadoop.ipc.CallQueueManager.take(CallQueueManager.java:317)
        at org.apache.hadoop.ipc.Server$Handler.run(Server.java:3014)
"IPC Server handler 53 on default port 15002" daemon prio=5 tid=309 timed_waiting
java.lang.Thread.State: TIMED_WAITING
        at sun.misc.Unsafe.park(Native Method)
        at java.util.concurrent.locks.LockSupport.parkNanos(LockSupport.java:215)
        at java.util.concurrent.locks.AbstractQueuedSynchronizer$ConditionObject.awaitNanos(AbstractQueuedSynchronizer.java:2078)
        at java.util.concurrent.LinkedBlockingQueue.poll(LinkedBlockingQueue.java:467)
        at org.apache.hadoop.ipc.CallQueueManager.take(CallQueueManager.java:317)
        at org.apache.hadoop.ipc.Server$Handler.run(Server.java:3014)
"IPC Server handler 98 on default port 15009" daemon prio=5 tid=567 timed_waiting
java.lang.Thread.State: TIMED_WAITING
        at sun.misc.Unsafe.park(Native Method)
        at java.util.concurrent.locks.LockSupport.parkNanos(LockSupport.java:215)
        at java.util.concurrent.locks.AbstractQueuedSynchronizer$ConditionObject.awaitNanos(AbstractQueuedSynchronizer.java:2078)
        at java.util.concurrent.LinkedBlockingQueue.poll(LinkedBlockingQueue.java:467)
        at org.apache.hadoop.ipc.CallQueueManager.take(CallQueueManager.java:317)
        at org.apache.hadoop.ipc.Server$Handler.run(Server.java:3014)
"IPC Server handler 33 on default port 15001" daemon prio=5 tid=189 timed_waiting
java.lang.Thread.State: TIMED_WAITING
        at sun.misc.Unsafe.park(Native Method)
        at java.util.concurrent.locks.LockSupport.parkNanos(LockSupport.java:215)
        at java.util.concurrent.locks.AbstractQueuedSynchronizer$ConditionObject.awaitNanos(AbstractQueuedSynchronizer.java:2078)
        at java.util.concurrent.LinkedBlockingQueue.poll(LinkedBlockingQueue.java:467)
        at org.apache.hadoop.ipc.CallQueueManager.take(CallQueueManager.java:317)
        at org.apache.hadoop.ipc.Server$Handler.run(Server.java:3014)
"IPC Server handler 10 on default port 15000" daemon prio=5 tid=66 timed_waiting
java.lang.Thread.State: TIMED_WAITING
        at sun.misc.Unsafe.park(Native Method)
        at java.util.concurrent.locks.LockSupport.parkNanos(LockSupport.java:215)
        at java.util.concurrent.locks.AbstractQueuedSynchronizer$ConditionObject.awaitNanos(AbstractQueuedSynchronizer.java:2078)
        at java.util.concurrent.LinkedBlockingQueue.poll(LinkedBlockingQueue.java:467)
        at org.apache.hadoop.ipc.CallQueueManager.take(CallQueueManager.java:317)
        at org.apache.hadoop.ipc.Server$Handler.run(Server.java:3014)
"Recon-EventQueue-NodeReportForNodeReportHandler" daemon prio=5 tid=825 in Object.wait()
java.lang.Thread.State: WAITING (on object monitor)
        at sun.misc.Unsafe.park(Native Method)
        at java.util.concurrent.locks.LockSupport.park(LockSupport.java:175)
        at java.util.concurrent.locks.AbstractQueuedSynchronizer$ConditionObject.await(AbstractQueuedSynchronizer.java:2039)
        at java.util.concurrent.LinkedBlockingQueue.take(LinkedBlockingQueue.java:442)
        at java.util.concurrent.ThreadPoolExecutor.getTask(ThreadPoolExecutor.java:1074)
        at java.util.concurrent.ThreadPoolExecutor.runWorker(ThreadPoolExecutor.java:1134)
        at java.util.concurrent.ThreadPoolExecutor$Worker.run(ThreadPoolExecutor.java:624)
        at java.lang.Thread.run(Thread.java:750)
"IPC Server handler 7 on default port 15004" daemon prio=5 tid=419 timed_waiting
java.lang.Thread.State: TIMED_WAITING
        at sun.misc.Unsafe.park(Native Method)
        at java.util.concurrent.locks.LockSupport.parkNanos(LockSupport.java:215)
        at java.util.concurrent.locks.AbstractQueuedSynchronizer$ConditionObject.awaitNanos(AbstractQueuedSynchronizer.java:2078)
        at java.util.concurrent.LinkedBlockingQueue.poll(LinkedBlockingQueue.java:467)
        at org.apache.hadoop.ipc.CallQueueManager.take(CallQueueManager.java:317)
        at org.apache.hadoop.ipc.Server$Handler.run(Server.java:3014)
"CompactionDagPruningService" daemon prio=5 tid=372 timed_waiting
java.lang.Thread.State: TIMED_WAITING
        at sun.misc.Unsafe.park(Native Method)
        at java.util.concurrent.locks.LockSupport.parkNanos(LockSupport.java:215)
        at java.util.concurrent.locks.AbstractQueuedSynchronizer$ConditionObject.awaitNanos(AbstractQueuedSynchronizer.java:2078)
        at java.util.concurrent.ScheduledThreadPoolExecutor$DelayedWorkQueue.take(ScheduledThreadPoolExecutor.java:1093)
        at java.util.concurrent.ScheduledThreadPoolExecutor$DelayedWorkQueue.take(ScheduledThreadPoolExecutor.java:809)
        at java.util.concurrent.ThreadPoolExecutor.getTask(ThreadPoolExecutor.java:1074)
        at java.util.concurrent.ThreadPoolExecutor.runWorker(ThreadPoolExecutor.java:1134)
        at java.util.concurrent.ThreadPoolExecutor$Worker.run(ThreadPoolExecutor.java:624)
        at java.lang.Thread.run(Thread.java:750)
"FixedThreadPoolWithAffinityExecutor-6-0" daemon prio=5 tid=51 timed_waiting
java.lang.Thread.State: TIMED_WAITING
        at sun.misc.Unsafe.park(Native Method)
        at java.util.concurrent.locks.LockSupport.parkNanos(LockSupport.java:215)
        at java.util.concurrent.locks.AbstractQueuedSynchronizer$ConditionObject.awaitNanos(AbstractQueuedSynchronizer.java:2078)
        at java.util.concurrent.LinkedBlockingQueue.poll(LinkedBlockingQueue.java:467)
        at org.apache.hadoop.hdds.scm.server.ContainerReportQueue.poll(ContainerReportQueue.java:269)
        at org.apache.hadoop.hdds.scm.server.ContainerReportQueue.poll(ContainerReportQueue.java:42)
        at org.apache.hadoop.hdds.server.events.FixedThreadPoolWithAffinityExecutor$ContainerReportProcessTask.run(FixedThreadPoolWithAffinityExecutor.java:253)
        at java.util.concurrent.Executors$RunnableAdapter.call(Executors.java:511)
        at java.util.concurrent.FutureTask.run(FutureTask.java:266)
        at java.util.concurrent.ThreadPoolExecutor.runWorker(ThreadPoolExecutor.java:1149)
        at java.util.concurrent.ThreadPoolExecutor$Worker.run(ThreadPoolExecutor.java:624)
        at java.lang.Thread.run(Thread.java:750)
"IPC Server handler 87 on default port 15009" daemon prio=5 tid=556 timed_waiting
java.lang.Thread.State: TIMED_WAITING
        at sun.misc.Unsafe.park(Native Method)
        at java.util.concurrent.locks.LockSupport.parkNanos(LockSupport.java:215)
        at java.util.concurrent.locks.AbstractQueuedSynchronizer$ConditionObject.awaitNanos(AbstractQueuedSynchronizer.java:2078)
        at java.util.concurrent.LinkedBlockingQueue.poll(LinkedBlockingQueue.java:467)
        at org.apache.hadoop.ipc.CallQueueManager.take(CallQueueManager.java:317)
        at org.apache.hadoop.ipc.Server$Handler.run(Server.java:3014)
"IPC Server handler 69 on default port 15000" daemon prio=5 tid=125 timed_waiting
java.lang.Thread.State: TIMED_WAITING
        at sun.misc.Unsafe.park(Native Method)
        at java.util.concurrent.locks.LockSupport.parkNanos(LockSupport.java:215)
        at java.util.concurrent.locks.AbstractQueuedSynchronizer$ConditionObject.awaitNanos(AbstractQueuedSynchronizer.java:2078)
        at java.util.concurrent.LinkedBlockingQueue.poll(LinkedBlockingQueue.java:467)
        at org.apache.hadoop.ipc.CallQueueManager.take(CallQueueManager.java:317)
        at org.apache.hadoop.ipc.Server$Handler.run(Server.java:3014)
"IPC Server handler 10 on default port 15009" daemon prio=5 tid=479 timed_waiting
java.lang.Thread.State: TIMED_WAITING
        at sun.misc.Unsafe.park(Native Method)
        at java.util.concurrent.locks.LockSupport.parkNanos(LockSupport.java:215)
        at java.util.concurrent.locks.AbstractQueuedSynchronizer$ConditionObject.awaitNanos(AbstractQueuedSynchronizer.java:2078)
        at java.util.concurrent.LinkedBlockingQueue.poll(LinkedBlockingQueue.java:467)
        at org.apache.hadoop.ipc.CallQueueManager.take(CallQueueManager.java:317)
        at org.apache.hadoop.ipc.Server$Handler.run(Server.java:3014)
"IPC Server handler 67 on default port 15009" daemon prio=5 tid=536 timed_waiting
java.lang.Thread.State: TIMED_WAITING
        at sun.misc.Unsafe.park(Native Method)
        at java.util.concurrent.locks.LockSupport.parkNanos(LockSupport.java:215)
        at java.util.concurrent.locks.AbstractQueuedSynchronizer$ConditionObject.awaitNanos(AbstractQueuedSynchronizer.java:2078)
        at java.util.concurrent.LinkedBlockingQueue.poll(LinkedBlockingQueue.java:467)
        at org.apache.hadoop.ipc.CallQueueManager.take(CallQueueManager.java:317)
        at org.apache.hadoop.ipc.Server$Handler.run(Server.java:3014)
"gradle-enterprise-test-client-gradle-enterprise-test-listener"  prio=5 tid=14 in Object.wait()
java.lang.Thread.State: WAITING (on object monitor)
        at sun.misc.Unsafe.park(Native Method)
        at java.util.concurrent.locks.LockSupport.park(LockSupport.java:175)
        at java.util.concurrent.locks.AbstractQueuedSynchronizer$ConditionObject.await(AbstractQueuedSynchronizer.java:2039)
        at java.util.concurrent.ArrayBlockingQueue.take(ArrayBlockingQueue.java:403)
        at com.gradle.maven.scan.extension.test.listener.obfuscated.k.a.a(SourceFile:130)
        at com.gradle.maven.scan.extension.test.listener.obfuscated.k.a.b(SourceFile:93)
        at com.gradle.maven.scan.extension.test.listener.obfuscated.k.a$$Lambda$256/233519968.run(Unknown Source)
        at java.util.concurrent.Executors$RunnableAdapter.call(Executors.java:511)
        at java.util.concurrent.FutureTask.run(FutureTask.java:266)
        at java.util.concurrent.ThreadPoolExecutor.runWorker(ThreadPoolExecutor.java:1149)
        at java.util.concurrent.ThreadPoolExecutor$Worker.run(ThreadPoolExecutor.java:624)
        at java.lang.Thread.run(Thread.java:750)
"IPC Server handler 13 on default port 15000" daemon prio=5 tid=69 timed_waiting
java.lang.Thread.State: TIMED_WAITING
        at sun.misc.Unsafe.park(Native Method)
        at java.util.concurrent.locks.LockSupport.parkNanos(LockSupport.java:215)
        at java.util.concurrent.locks.AbstractQueuedSynchronizer$ConditionObject.awaitNanos(AbstractQueuedSynchronizer.java:2078)
        at java.util.concurrent.LinkedBlockingQueue.poll(LinkedBlockingQueue.java:467)
        at org.apache.hadoop.ipc.CallQueueManager.take(CallQueueManager.java:317)
        at org.apache.hadoop.ipc.Server$Handler.run(Server.java:3014)
"IPC Server handler 66 on default port 15002" daemon prio=5 tid=322 timed_waiting
java.lang.Thread.State: TIMED_WAITING
        at sun.misc.Unsafe.park(Native Method)
        at java.util.concurrent.locks.LockSupport.parkNanos(LockSupport.java:215)
        at java.util.concurrent.locks.AbstractQueuedSynchronizer$ConditionObject.awaitNanos(AbstractQueuedSynchronizer.java:2078)
        at java.util.concurrent.LinkedBlockingQueue.poll(LinkedBlockingQueue.java:467)
        at org.apache.hadoop.ipc.CallQueueManager.take(CallQueueManager.java:317)
        at org.apache.hadoop.ipc.Server$Handler.run(Server.java:3014)
"Socket Reader #1 for port 15002"  prio=5 tid=31 runnable
java.lang.Thread.State: RUNNABLE
        at sun.nio.ch.EPollArrayWrapper.epollWait(Native Method)
        at sun.nio.ch.EPollArrayWrapper.poll(EPollArrayWrapper.java:269)
        at sun.nio.ch.EPollSelectorImpl.doSelect(EPollSelectorImpl.java:93)
        at sun.nio.ch.SelectorImpl.lockAndDoSelect(SelectorImpl.java:86)
        at sun.nio.ch.SelectorImpl.select(SelectorImpl.java:97)
        at sun.nio.ch.SelectorImpl.select(SelectorImpl.java:101)
        at org.apache.hadoop.ipc.Server$Listener$Reader.doRunLoop(Server.java:1346)
        at org.apache.hadoop.ipc.Server$Listener$Reader.run(Server.java:1325)
"a40aef6e-dfc7-4141-9a41-17d72bf4eeff-ChunkWriter-0-0" daemon prio=5 tid=786 in Object.wait()
java.lang.Thread.State: WAITING (on object monitor)
        at sun.misc.Unsafe.park(Native Method)
        at java.util.concurrent.locks.LockSupport.park(LockSupport.java:175)
        at java.util.concurrent.locks.AbstractQueuedSynchronizer$ConditionObject.await(AbstractQueuedSynchronizer.java:2039)
        at java.util.concurrent.LinkedBlockingDeque.takeFirst(LinkedBlockingDeque.java:492)
        at java.util.concurrent.LinkedBlockingDeque.take(LinkedBlockingDeque.java:680)
        at java.util.concurrent.ThreadPoolExecutor.getTask(ThreadPoolExecutor.java:1074)
        at java.util.concurrent.ThreadPoolExecutor.runWorker(ThreadPoolExecutor.java:1134)
        at java.util.concurrent.ThreadPoolExecutor$Worker.run(ThreadPoolExecutor.java:624)
        at java.lang.Thread.run(Thread.java:750)
"IPC Server listener on 15048" daemon prio=5 tid=702 runnable
java.lang.Thread.State: RUNNABLE
        at sun.nio.ch.EPollArrayWrapper.epollWait(Native Method)
        at sun.nio.ch.EPollArrayWrapper.poll(EPollArrayWrapper.java:269)
        at sun.nio.ch.EPollSelectorImpl.doSelect(EPollSelectorImpl.java:93)
        at sun.nio.ch.SelectorImpl.lockAndDoSelect(SelectorImpl.java:86)
        at sun.nio.ch.SelectorImpl.select(SelectorImpl.java:97)
        at sun.nio.ch.SelectorImpl.select(SelectorImpl.java:101)
        at org.apache.hadoop.ipc.Server$Listener.run(Server.java:1408)
"qtp226609535-639" daemon prio=5 tid=639 runnable
java.lang.Thread.State: RUNNABLE
        at sun.nio.ch.EPollArrayWrapper.epollWait(Native Method)
        at sun.nio.ch.EPollArrayWrapper.poll(EPollArrayWrapper.java:269)
        at sun.nio.ch.EPollSelectorImpl.doSelect(EPollSelectorImpl.java:93)
        at sun.nio.ch.SelectorImpl.lockAndDoSelect(SelectorImpl.java:86)
        at sun.nio.ch.SelectorImpl.select(SelectorImpl.java:97)
        at sun.nio.ch.SelectorImpl.select(SelectorImpl.java:101)
        at org.eclipse.jetty.io.ManagedSelector.nioSelect(ManagedSelector.java:183)
        at org.eclipse.jetty.io.ManagedSelector.select(ManagedSelector.java:190)
        at org.eclipse.jetty.io.ManagedSelector$SelectorProducer.select(ManagedSelector.java:606)
        at org.eclipse.jetty.io.ManagedSelector$SelectorProducer.produce(ManagedSelector.java:543)
        at org.eclipse.jetty.util.thread.strategy.EatWhatYouKill.produceTask(EatWhatYouKill.java:362)
        at org.eclipse.jetty.util.thread.strategy.EatWhatYouKill.doProduce(EatWhatYouKill.java:186)
        at org.eclipse.jetty.util.thread.strategy.EatWhatYouKill.tryProduce(EatWhatYouKill.java:173)
        at org.eclipse.jetty.util.thread.strategy.EatWhatYouKill.produce(EatWhatYouKill.java:137)
        at org.eclipse.jetty.io.ManagedSelector$$Lambda$666/1273065937.run(Unknown Source)
        at org.eclipse.jetty.util.thread.QueuedThreadPool.runJob(QueuedThreadPool.java:883)
        at org.eclipse.jetty.util.thread.QueuedThreadPool$Runner.run(QueuedThreadPool.java:1034)
        at java.lang.Thread.run(Thread.java:750)
"IPC Server listener on 15000" daemon prio=5 tid=40 runnable
java.lang.Thread.State: RUNNABLE
        at sun.nio.ch.EPollArrayWrapper.epollWait(Native Method)
        at sun.nio.ch.EPollArrayWrapper.poll(EPollArrayWrapper.java:269)
        at sun.nio.ch.EPollSelectorImpl.doSelect(EPollSelectorImpl.java:93)
        at sun.nio.ch.SelectorImpl.lockAndDoSelect(SelectorImpl.java:86)
        at sun.nio.ch.SelectorImpl.select(SelectorImpl.java:97)
        at sun.nio.ch.SelectorImpl.select(SelectorImpl.java:101)
        at org.apache.hadoop.ipc.Server$Listener.run(Server.java:1408)
"IPC Server handler 28 on default port 15000" daemon prio=5 tid=84 timed_waiting
java.lang.Thread.State: TIMED_WAITING
        at sun.misc.Unsafe.park(Native Method)
        at java.util.concurrent.locks.LockSupport.parkNanos(LockSupport.java:215)
        at java.util.concurrent.locks.AbstractQueuedSynchronizer$ConditionObject.awaitNanos(AbstractQueuedSynchronizer.java:2078)
        at java.util.concurrent.LinkedBlockingQueue.poll(LinkedBlockingQueue.java:467)
        at org.apache.hadoop.ipc.CallQueueManager.take(CallQueueManager.java:317)
        at org.apache.hadoop.ipc.Server$Handler.run(Server.java:3014)
"IPC Server handler 26 on default port 15000" daemon prio=5 tid=82 timed_waiting
java.lang.Thread.State: TIMED_WAITING
        at sun.misc.Unsafe.park(Native Method)
        at java.util.concurrent.locks.LockSupport.parkNanos(LockSupport.java:215)
        at java.util.concurrent.locks.AbstractQueuedSynchronizer$ConditionObject.awaitNanos(AbstractQueuedSynchronizer.java:2078)
        at java.util.concurrent.LinkedBlockingQueue.poll(LinkedBlockingQueue.java:467)
        at org.apache.hadoop.ipc.CallQueueManager.take(CallQueueManager.java:317)
        at org.apache.hadoop.ipc.Server$Handler.run(Server.java:3014)
"59c3495a-7636-40f9-8dfa-c28be8e98abd-DatanodeReportManager-4" daemon prio=5 tid=601 in Object.wait()
java.lang.Thread.State: WAITING (on object monitor)
        at sun.misc.Unsafe.park(Native Method)
        at java.util.concurrent.locks.LockSupport.park(LockSupport.java:175)
        at java.util.concurrent.locks.AbstractQueuedSynchronizer$ConditionObject.await(AbstractQueuedSynchronizer.java:2039)
        at java.util.concurrent.ScheduledThreadPoolExecutor$DelayedWorkQueue.take(ScheduledThreadPoolExecutor.java:1088)
        at java.util.concurrent.ScheduledThreadPoolExecutor$DelayedWorkQueue.take(ScheduledThreadPoolExecutor.java:809)
        at java.util.concurrent.ThreadPoolExecutor.getTask(ThreadPoolExecutor.java:1074)
        at java.util.concurrent.ThreadPoolExecutor.runWorker(ThreadPoolExecutor.java:1134)
        at java.util.concurrent.ThreadPoolExecutor$Worker.run(ThreadPoolExecutor.java:624)
        at java.lang.Thread.run(Thread.java:750)
"IPC Server handler 21 on default port 15002" daemon prio=5 tid=277 timed_waiting
java.lang.Thread.State: TIMED_WAITING
        at sun.misc.Unsafe.park(Native Method)
        at java.util.concurrent.locks.LockSupport.parkNanos(LockSupport.java:215)
        at java.util.concurrent.locks.AbstractQueuedSynchronizer$ConditionObject.awaitNanos(AbstractQueuedSynchronizer.java:2078)
        at java.util.concurrent.LinkedBlockingQueue.poll(LinkedBlockingQueue.java:467)
        at org.apache.hadoop.ipc.CallQueueManager.take(CallQueueManager.java:317)
        at org.apache.hadoop.ipc.Server$Handler.run(Server.java:3014)
"d1715241-1ffa-4146-b219-94c9c0fc171f-EndpointStateMachineTaskThread-/0.0.0.0:15002-0 "  prio=5 tid=759 in Object.wait()
java.lang.Thread.State: WAITING (on object monitor)
        at sun.misc.Unsafe.park(Native Method)
        at java.util.concurrent.locks.LockSupport.park(LockSupport.java:175)
        at java.util.concurrent.locks.AbstractQueuedSynchronizer$ConditionObject.await(AbstractQueuedSynchronizer.java:2039)
        at java.util.concurrent.LinkedBlockingQueue.take(LinkedBlockingQueue.java:442)
        at java.util.concurrent.ThreadPoolExecutor.getTask(ThreadPoolExecutor.java:1074)
        at java.util.concurrent.ThreadPoolExecutor.runWorker(ThreadPoolExecutor.java:1134)
        at java.util.concurrent.ThreadPoolExecutor$Worker.run(ThreadPoolExecutor.java:624)
        at java.lang.Thread.run(Thread.java:750)
"EventQueue-PipelineReportForOneReplicaPipelineSafeModeRule" daemon prio=5 tid=820 in Object.wait()
java.lang.Thread.State: WAITING (on object monitor)
        at sun.misc.Unsafe.park(Native Method)
        at java.util.concurrent.locks.LockSupport.park(LockSupport.java:175)
        at java.util.concurrent.locks.AbstractQueuedSynchronizer$ConditionObject.await(AbstractQueuedSynchronizer.java:2039)
        at java.util.concurrent.LinkedBlockingQueue.take(LinkedBlockingQueue.java:442)
        at java.util.concurrent.ThreadPoolExecutor.getTask(ThreadPoolExecutor.java:1074)
        at java.util.concurrent.ThreadPoolExecutor.runWorker(ThreadPoolExecutor.java:1134)
        at java.util.concurrent.ThreadPoolExecutor$Worker.run(ThreadPoolExecutor.java:624)
        at java.lang.Thread.run(Thread.java:750)
"om1-OpenKeyCleanupService#0" daemon prio=5 tid=397 timed_waiting
java.lang.Thread.State: TIMED_WAITING
        at sun.misc.Unsafe.park(Native Method)
        at java.util.concurrent.locks.LockSupport.parkNanos(LockSupport.java:215)
        at java.util.concurrent.locks.AbstractQueuedSynchronizer$ConditionObject.awaitNanos(AbstractQueuedSynchronizer.java:2078)
        at java.util.concurrent.ScheduledThreadPoolExecutor$DelayedWorkQueue.take(ScheduledThreadPoolExecutor.java:1093)
        at java.util.concurrent.ScheduledThreadPoolExecutor$DelayedWorkQueue.take(ScheduledThreadPoolExecutor.java:809)
        at java.util.concurrent.ThreadPoolExecutor.getTask(ThreadPoolExecutor.java:1074)
        at java.util.concurrent.ThreadPoolExecutor.runWorker(ThreadPoolExecutor.java:1134)
        at java.util.concurrent.ThreadPoolExecutor$Worker.run(ThreadPoolExecutor.java:624)
        at java.lang.Thread.run(Thread.java:750)
"IPC Server handler 52 on default port 15000" daemon prio=5 tid=108 timed_waiting
java.lang.Thread.State: TIMED_WAITING
        at sun.misc.Unsafe.park(Native Method)
        at java.util.concurrent.locks.LockSupport.parkNanos(LockSupport.java:215)
        at java.util.concurrent.locks.AbstractQueuedSynchronizer$ConditionObject.awaitNanos(AbstractQueuedSynchronizer.java:2078)
        at java.util.concurrent.LinkedBlockingQueue.poll(LinkedBlockingQueue.java:467)
        at org.apache.hadoop.ipc.CallQueueManager.take(CallQueueManager.java:317)
        at org.apache.hadoop.ipc.Server$Handler.run(Server.java:3014)
"SCMHeartbeatProcessor-0" daemon prio=5 tid=21 timed_waiting
java.lang.Thread.State: TIMED_WAITING
        at sun.misc.Unsafe.park(Native Method)
        at java.util.concurrent.locks.LockSupport.parkNanos(LockSupport.java:215)
        at java.util.concurrent.locks.AbstractQueuedSynchronizer$ConditionObject.awaitNanos(AbstractQueuedSynchronizer.java:2078)
        at java.util.concurrent.ScheduledThreadPoolExecutor$DelayedWorkQueue.take(ScheduledThreadPoolExecutor.java:1093)
        at java.util.concurrent.ScheduledThreadPoolExecutor$DelayedWorkQueue.take(ScheduledThreadPoolExecutor.java:809)
        at java.util.concurrent.ThreadPoolExecutor.getTask(ThreadPoolExecutor.java:1074)
        at java.util.concurrent.ThreadPoolExecutor.runWorker(ThreadPoolExecutor.java:1134)
        at java.util.concurrent.ThreadPoolExecutor$Worker.run(ThreadPoolExecutor.java:624)
        at java.lang.Thread.run(Thread.java:750)
"IPC Server handler 19 on default port 15009" daemon prio=5 tid=488 timed_waiting
java.lang.Thread.State: TIMED_WAITING
        at sun.misc.Unsafe.park(Native Method)
        at java.util.concurrent.locks.LockSupport.parkNanos(LockSupport.java:215)
        at java.util.concurrent.locks.AbstractQueuedSynchronizer$ConditionObject.awaitNanos(AbstractQueuedSynchronizer.java:2078)
        at java.util.concurrent.LinkedBlockingQueue.poll(LinkedBlockingQueue.java:467)
        at org.apache.hadoop.ipc.CallQueueManager.take(CallQueueManager.java:317)
        at org.apache.hadoop.ipc.Server$Handler.run(Server.java:3014)
"IPC Server handler 7 on default port 15001" daemon prio=5 tid=163 timed_waiting
java.lang.Thread.State: TIMED_WAITING
        at sun.misc.Unsafe.park(Native Method)
        at java.util.concurrent.locks.LockSupport.parkNanos(LockSupport.java:215)
        at java.util.concurrent.locks.AbstractQueuedSynchronizer$ConditionObject.awaitNanos(AbstractQueuedSynchronizer.java:2078)
        at java.util.concurrent.LinkedBlockingQueue.poll(LinkedBlockingQueue.java:467)
        at org.apache.hadoop.ipc.CallQueueManager.take(CallQueueManager.java:317)
        at org.apache.hadoop.ipc.Server$Handler.run(Server.java:3014)
"IPC Server handler 53 on default port 15009" daemon prio=5 tid=522 timed_waiting
java.lang.Thread.State: TIMED_WAITING
        at sun.misc.Unsafe.park(Native Method)
        at java.util.concurrent.locks.LockSupport.parkNanos(LockSupport.java:215)
        at java.util.concurrent.locks.AbstractQueuedSynchronizer$ConditionObject.awaitNanos(AbstractQueuedSynchronizer.java:2078)
        at java.util.concurrent.LinkedBlockingQueue.poll(LinkedBlockingQueue.java:467)
        at org.apache.hadoop.ipc.CallQueueManager.take(CallQueueManager.java:317)
        at org.apache.hadoop.ipc.Server$Handler.run(Server.java:3014)
"IPC Server listener on 15021" daemon prio=5 tid=618 runnable
java.lang.Thread.State: RUNNABLE
        at sun.nio.ch.EPollArrayWrapper.epollWait(Native Method)
        at sun.nio.ch.EPollArrayWrapper.poll(EPollArrayWrapper.java:269)
        at sun.nio.ch.EPollSelectorImpl.doSelect(EPollSelectorImpl.java:93)
        at sun.nio.ch.SelectorImpl.lockAndDoSelect(SelectorImpl.java:86)
        at sun.nio.ch.SelectorImpl.select(SelectorImpl.java:97)
        at sun.nio.ch.SelectorImpl.select(SelectorImpl.java:101)
        at org.apache.hadoop.ipc.Server$Listener.run(Server.java:1408)
"IPC Server handler 93 on default port 15001" daemon prio=5 tid=249 timed_waiting
java.lang.Thread.State: TIMED_WAITING
        at sun.misc.Unsafe.park(Native Method)
        at java.util.concurrent.locks.LockSupport.parkNanos(LockSupport.java:215)
        at java.util.concurrent.locks.AbstractQueuedSynchronizer$ConditionObject.awaitNanos(AbstractQueuedSynchronizer.java:2078)
        at java.util.concurrent.LinkedBlockingQueue.poll(LinkedBlockingQueue.java:467)
        at org.apache.hadoop.ipc.CallQueueManager.take(CallQueueManager.java:317)
        at org.apache.hadoop.ipc.Server$Handler.run(Server.java:3014)
"FixedThreadPoolWithAffinityExecutor-5-0" daemon prio=5 tid=50 timed_waiting
java.lang.Thread.State: TIMED_WAITING
        at sun.misc.Unsafe.park(Native Method)
        at java.util.concurrent.locks.LockSupport.parkNanos(LockSupport.java:215)
        at java.util.concurrent.locks.AbstractQueuedSynchronizer$ConditionObject.awaitNanos(AbstractQueuedSynchronizer.java:2078)
        at java.util.concurrent.LinkedBlockingQueue.poll(LinkedBlockingQueue.java:467)
        at org.apache.hadoop.hdds.scm.server.ContainerReportQueue.poll(ContainerReportQueue.java:269)
        at org.apache.hadoop.hdds.scm.server.ContainerReportQueue.poll(ContainerReportQueue.java:42)
        at org.apache.hadoop.hdds.server.events.FixedThreadPoolWithAffinityExecutor$ContainerReportProcessTask.run(FixedThreadPoolWithAffinityExecutor.java:253)
        at java.util.concurrent.Executors$RunnableAdapter.call(Executors.java:511)
        at java.util.concurrent.FutureTask.run(FutureTask.java:266)
        at java.util.concurrent.ThreadPoolExecutor.runWorker(ThreadPoolExecutor.java:1149)
        at java.util.concurrent.ThreadPoolExecutor$Worker.run(ThreadPoolExecutor.java:624)
        at java.lang.Thread.run(Thread.java:750)
"ceb25050-cf9f-4852-a13e-a5ff0cf3b4d2-DatanodeStateMachineTaskThread-1"  prio=5 tid=796 in Object.wait()
java.lang.Thread.State: WAITING (on object monitor)
        at sun.misc.Unsafe.park(Native Method)
        at java.util.concurrent.locks.LockSupport.park(LockSupport.java:175)
        at java.util.concurrent.locks.AbstractQueuedSynchronizer$ConditionObject.await(AbstractQueuedSynchronizer.java:2039)
        at java.util.concurrent.LinkedBlockingQueue.take(LinkedBlockingQueue.java:442)
        at java.util.concurrent.ThreadPoolExecutor.getTask(ThreadPoolExecutor.java:1074)
        at java.util.concurrent.ThreadPoolExecutor.runWorker(ThreadPoolExecutor.java:1134)
        at java.util.concurrent.ThreadPoolExecutor$Worker.run(ThreadPoolExecutor.java:624)
        at java.lang.Thread.run(Thread.java:750)
"IPC Server handler 65 on default port 15001" daemon prio=5 tid=221 timed_waiting
java.lang.Thread.State: TIMED_WAITING
        at sun.misc.Unsafe.park(Native Method)
        at java.util.concurrent.locks.LockSupport.parkNanos(LockSupport.java:215)
        at java.util.concurrent.locks.AbstractQueuedSynchronizer$ConditionObject.awaitNanos(AbstractQueuedSynchronizer.java:2078)
        at java.util.concurrent.LinkedBlockingQueue.poll(LinkedBlockingQueue.java:467)
        at org.apache.hadoop.ipc.CallQueueManager.take(CallQueueManager.java:317)
        at org.apache.hadoop.ipc.Server$Handler.run(Server.java:3014)
"IPC Server handler 71 on default port 15002" daemon prio=5 tid=327 timed_waiting
java.lang.Thread.State: TIMED_WAITING
        at sun.misc.Unsafe.park(Native Method)
        at java.util.concurrent.locks.LockSupport.parkNanos(LockSupport.java:215)
        at java.util.concurrent.locks.AbstractQueuedSynchronizer$ConditionObject.awaitNanos(AbstractQueuedSynchronizer.java:2078)
        at java.util.concurrent.LinkedBlockingQueue.poll(LinkedBlockingQueue.java:467)
        at org.apache.hadoop.ipc.CallQueueManager.take(CallQueueManager.java:317)
        at org.apache.hadoop.ipc.Server$Handler.run(Server.java:3014)
"IPC Server handler 94 on default port 15000" daemon prio=5 tid=150 timed_waiting
java.lang.Thread.State: TIMED_WAITING
        at sun.misc.Unsafe.park(Native Method)
        at java.util.concurrent.locks.LockSupport.parkNanos(LockSupport.java:215)
        at java.util.concurrent.locks.AbstractQueuedSynchronizer$ConditionObject.awaitNanos(AbstractQueuedSynchronizer.java:2078)
        at java.util.concurrent.LinkedBlockingQueue.poll(LinkedBlockingQueue.java:467)
        at org.apache.hadoop.ipc.CallQueueManager.take(CallQueueManager.java:317)
        at org.apache.hadoop.ipc.Server$Handler.run(Server.java:3014)
"IPC Server handler 16 on default port 15001" daemon prio=5 tid=172 timed_waiting
java.lang.Thread.State: TIMED_WAITING
        at sun.misc.Unsafe.park(Native Method)
        at java.util.concurrent.locks.LockSupport.parkNanos(LockSupport.java:215)
        at java.util.concurrent.locks.AbstractQueuedSynchronizer$ConditionObject.awaitNanos(AbstractQueuedSynchronizer.java:2078)
        at java.util.concurrent.LinkedBlockingQueue.poll(LinkedBlockingQueue.java:467)
        at org.apache.hadoop.ipc.CallQueueManager.take(CallQueueManager.java:317)
        at org.apache.hadoop.ipc.Server$Handler.run(Server.java:3014)
"grpc-default-executor-1" daemon prio=5 tid=859 timed_waiting
java.lang.Thread.State: TIMED_WAITING
        at sun.misc.Unsafe.park(Native Method)
        at java.util.concurrent.locks.LockSupport.parkNanos(LockSupport.java:215)
        at java.util.concurrent.SynchronousQueue$TransferStack.awaitFulfill(SynchronousQueue.java:460)
        at java.util.concurrent.SynchronousQueue$TransferStack.transfer(SynchronousQueue.java:362)
        at java.util.concurrent.SynchronousQueue.poll(SynchronousQueue.java:941)
        at java.util.concurrent.ThreadPoolExecutor.getTask(ThreadPoolExecutor.java:1073)
        at java.util.concurrent.ThreadPoolExecutor.runWorker(ThreadPoolExecutor.java:1134)
        at java.util.concurrent.ThreadPoolExecutor$Worker.run(ThreadPoolExecutor.java:624)
        at java.lang.Thread.run(Thread.java:750)
"cc1e4d3c-2283-4c28-b737-db868cb45369-DatanodeStateMachineTaskThread-0"  prio=5 tid=631 in Object.wait()
java.lang.Thread.State: WAITING (on object monitor)
        at sun.misc.Unsafe.park(Native Method)
        at java.util.concurrent.locks.LockSupport.park(LockSupport.java:175)
        at java.util.concurrent.locks.AbstractQueuedSynchronizer$ConditionObject.await(AbstractQueuedSynchronizer.java:2039)
        at java.util.concurrent.LinkedBlockingQueue.take(LinkedBlockingQueue.java:442)
        at java.util.concurrent.ThreadPoolExecutor.getTask(ThreadPoolExecutor.java:1074)
        at java.util.concurrent.ThreadPoolExecutor.runWorker(ThreadPoolExecutor.java:1134)
        at java.util.concurrent.ThreadPoolExecutor$Worker.run(ThreadPoolExecutor.java:624)
        at java.lang.Thread.run(Thread.java:750)
"IPC Server handler 9 on default port 15009" daemon prio=5 tid=478 timed_waiting
java.lang.Thread.State: TIMED_WAITING
        at sun.misc.Unsafe.park(Native Method)
        at java.util.concurrent.locks.LockSupport.parkNanos(LockSupport.java:215)
        at java.util.concurrent.locks.AbstractQueuedSynchronizer$ConditionObject.awaitNanos(AbstractQueuedSynchronizer.java:2078)
        at java.util.concurrent.LinkedBlockingQueue.poll(LinkedBlockingQueue.java:467)
        at org.apache.hadoop.ipc.CallQueueManager.take(CallQueueManager.java:317)
        at org.apache.hadoop.ipc.Server$Handler.run(Server.java:3014)
"IPC Server handler 43 on default port 15002" daemon prio=5 tid=299 timed_waiting
java.lang.Thread.State: TIMED_WAITING
        at sun.misc.Unsafe.park(Native Method)
        at java.util.concurrent.locks.LockSupport.parkNanos(LockSupport.java:215)
        at java.util.concurrent.locks.AbstractQueuedSynchronizer$ConditionObject.awaitNanos(AbstractQueuedSynchronizer.java:2078)
        at java.util.concurrent.LinkedBlockingQueue.poll(LinkedBlockingQueue.java:467)
        at org.apache.hadoop.ipc.CallQueueManager.take(CallQueueManager.java:317)
        at org.apache.hadoop.ipc.Server$Handler.run(Server.java:3014)
"59c3495a-7636-40f9-8dfa-c28be8e98abd@group-82A21D15CBF7-cacheEviction-AwaitToRun" daemon prio=5 tid=1139 in Object.wait()
java.lang.Thread.State: WAITING (on object monitor)
        at sun.misc.Unsafe.park(Native Method)
        at java.util.concurrent.locks.LockSupport.park(LockSupport.java:175)
        at java.util.concurrent.locks.AbstractQueuedSynchronizer$ConditionObject.await(AbstractQueuedSynchronizer.java:2039)
        at org.apache.ratis.util.AwaitForSignal.await(AwaitForSignal.java:48)
        at org.apache.ratis.util.AwaitToRun$RunnableImpl.run(AwaitToRun.java:47)
        at java.lang.Thread.run(Thread.java:750)
"IPC Server handler 16 on default port 15009" daemon prio=5 tid=485 timed_waiting
java.lang.Thread.State: TIMED_WAITING
        at sun.misc.Unsafe.park(Native Method)
        at java.util.concurrent.locks.LockSupport.parkNanos(LockSupport.java:215)
        at java.util.concurrent.locks.AbstractQueuedSynchronizer$ConditionObject.awaitNanos(AbstractQueuedSynchronizer.java:2078)
        at java.util.concurrent.LinkedBlockingQueue.poll(LinkedBlockingQueue.java:467)
        at org.apache.hadoop.ipc.CallQueueManager.take(CallQueueManager.java:317)
        at org.apache.hadoop.ipc.Server$Handler.run(Server.java:3014)
"IPC Server handler 36 on default port 15000" daemon prio=5 tid=92 timed_waiting
java.lang.Thread.State: TIMED_WAITING
        at sun.misc.Unsafe.park(Native Method)
        at java.util.concurrent.locks.LockSupport.parkNanos(LockSupport.java:215)
        at java.util.concurrent.locks.AbstractQueuedSynchronizer$ConditionObject.awaitNanos(AbstractQueuedSynchronizer.java:2078)
        at java.util.concurrent.LinkedBlockingQueue.poll(LinkedBlockingQueue.java:467)
        at org.apache.hadoop.ipc.CallQueueManager.take(CallQueueManager.java:317)
        at org.apache.hadoop.ipc.Server$Handler.run(Server.java:3014)
"IPC Server handler 10 on default port 15002" daemon prio=5 tid=266 timed_waiting
java.lang.Thread.State: TIMED_WAITING
        at sun.misc.Unsafe.park(Native Method)
        at java.util.concurrent.locks.LockSupport.parkNanos(LockSupport.java:215)
        at java.util.concurrent.locks.AbstractQueuedSynchronizer$ConditionObject.awaitNanos(AbstractQueuedSynchronizer.java:2078)
        at java.util.concurrent.LinkedBlockingQueue.poll(LinkedBlockingQueue.java:467)
        at org.apache.hadoop.ipc.CallQueueManager.take(CallQueueManager.java:317)
        at org.apache.hadoop.ipc.Server$Handler.run(Server.java:3014)
"IPC Server handler 29 on default port 15002" daemon prio=5 tid=285 timed_waiting
java.lang.Thread.State: TIMED_WAITING
        at sun.misc.Unsafe.park(Native Method)
        at java.util.concurrent.locks.LockSupport.parkNanos(LockSupport.java:215)
        at java.util.concurrent.locks.AbstractQueuedSynchronizer$ConditionObject.awaitNanos(AbstractQueuedSynchronizer.java:2078)
        at java.util.concurrent.LinkedBlockingQueue.poll(LinkedBlockingQueue.java:467)
        at org.apache.hadoop.ipc.CallQueueManager.take(CallQueueManager.java:317)
        at org.apache.hadoop.ipc.Server$Handler.run(Server.java:3014)
"ContainerDataScanner(/home/runner/work/ozone/ozone/hadoop-ozone/integration-test/target/test-dir/MiniOzoneClusterImpl-9e1941cb-56ba-429e-854d-1e52595ce6ec/ozone-meta/datanode-1/data-0/hdds)" daemon prio=5 tid=728 timed_waiting
java.lang.Thread.State: TIMED_WAITING
        at java.lang.Thread.sleep(Native Method)
        at org.apache.hadoop.ozone.container.ozoneimpl.AbstractBackgroundContainerScanner.handleRemainingSleep(AbstractBackgroundContainerScanner.java:131)
        at org.apache.hadoop.ozone.container.ozoneimpl.AbstractBackgroundContainerScanner.runIteration(AbstractBackgroundContainerScanner.java:98)
        at org.apache.hadoop.ozone.container.ozoneimpl.AbstractBackgroundContainerScanner.run(AbstractBackgroundContainerScanner.java:57)
"IPC Server handler 26 on default port 15009" daemon prio=5 tid=495 timed_waiting
java.lang.Thread.State: TIMED_WAITING
        at sun.misc.Unsafe.park(Native Method)
        at java.util.concurrent.locks.LockSupport.parkNanos(LockSupport.java:215)
        at java.util.concurrent.locks.AbstractQueuedSynchronizer$ConditionObject.awaitNanos(AbstractQueuedSynchronizer.java:2078)
        at java.util.concurrent.LinkedBlockingQueue.poll(LinkedBlockingQueue.java:467)
        at org.apache.hadoop.ipc.CallQueueManager.take(CallQueueManager.java:317)
        at org.apache.hadoop.ipc.Server$Handler.run(Server.java:3014)
"IPC Server handler 91 on default port 15009" daemon prio=5 tid=560 timed_waiting
java.lang.Thread.State: TIMED_WAITING
        at sun.misc.Unsafe.park(Native Method)
        at java.util.concurrent.locks.LockSupport.parkNanos(LockSupport.java:215)
        at java.util.concurrent.locks.AbstractQueuedSynchronizer$ConditionObject.awaitNanos(AbstractQueuedSynchronizer.java:2078)
        at java.util.concurrent.LinkedBlockingQueue.poll(LinkedBlockingQueue.java:467)
        at org.apache.hadoop.ipc.CallQueueManager.take(CallQueueManager.java:317)
        at org.apache.hadoop.ipc.Server$Handler.run(Server.java:3014)
"IPC Server idle connection scanner for port 15002" daemon prio=5 tid=32 timed_waiting
java.lang.Thread.State: TIMED_WAITING
        at java.lang.Object.wait(Native Method)
        at java.util.TimerThread.mainLoop(Timer.java:552)
        at java.util.TimerThread.run(Timer.java:505)
"JvmPauseMonitor0" daemon prio=5 tid=358 timed_waiting
java.lang.Thread.State: TIMED_WAITING
        at java.lang.Thread.sleep(Native Method)
        at java.lang.Thread.sleep(Thread.java:342)
        at java.util.concurrent.TimeUnit.sleep(TimeUnit.java:386)
        at org.apache.ratis.util.TimeDuration.sleep(TimeDuration.java:353)
        at org.apache.ratis.util.TimeDuration.sleep(TimeDuration.java:338)
        at org.apache.ratis.util.JvmPauseMonitor.detectPause(JvmPauseMonitor.java:160)
        at org.apache.ratis.util.JvmPauseMonitor.run(JvmPauseMonitor.java:149)
        at org.apache.ratis.util.JvmPauseMonitor$$Lambda$626/349677922.run(Unknown Source)
        at java.lang.Thread.run(Thread.java:750)
"IPC Server handler 49 on default port 15009" daemon prio=5 tid=518 timed_waiting
java.lang.Thread.State: TIMED_WAITING
        at sun.misc.Unsafe.park(Native Method)
        at java.util.concurrent.locks.LockSupport.parkNanos(LockSupport.java:215)
        at java.util.concurrent.locks.AbstractQueuedSynchronizer$ConditionObject.awaitNanos(AbstractQueuedSynchronizer.java:2078)
        at java.util.concurrent.LinkedBlockingQueue.poll(LinkedBlockingQueue.java:467)
        at org.apache.hadoop.ipc.CallQueueManager.take(CallQueueManager.java:317)
        at org.apache.hadoop.ipc.Server$Handler.run(Server.java:3014)
"IPC Server handler 62 on default port 15002" daemon prio=5 tid=318 timed_waiting
java.lang.Thread.State: TIMED_WAITING
        at sun.misc.Unsafe.park(Native Method)
        at java.util.concurrent.locks.LockSupport.parkNanos(LockSupport.java:215)
        at java.util.concurrent.locks.AbstractQueuedSynchronizer$ConditionObject.awaitNanos(AbstractQueuedSynchronizer.java:2078)
        at java.util.concurrent.LinkedBlockingQueue.poll(LinkedBlockingQueue.java:467)
        at org.apache.hadoop.ipc.CallQueueManager.take(CallQueueManager.java:317)
        at org.apache.hadoop.ipc.Server$Handler.run(Server.java:3014)
"IPC Server handler 97 on default port 15000" daemon prio=5 tid=153 timed_waiting
java.lang.Thread.State: TIMED_WAITING
        at sun.misc.Unsafe.park(Native Method)
        at java.util.concurrent.locks.LockSupport.parkNanos(LockSupport.java:215)
        at java.util.concurrent.locks.AbstractQueuedSynchronizer$ConditionObject.awaitNanos(AbstractQueuedSynchronizer.java:2078)
        at java.util.concurrent.LinkedBlockingQueue.poll(LinkedBlockingQueue.java:467)
        at org.apache.hadoop.ipc.CallQueueManager.take(CallQueueManager.java:317)
        at org.apache.hadoop.ipc.Server$Handler.run(Server.java:3014)
"IPC Server handler 76 on default port 15000" daemon prio=5 tid=132 timed_waiting
java.lang.Thread.State: TIMED_WAITING
        at sun.misc.Unsafe.park(Native Method)
        at java.util.concurrent.locks.LockSupport.parkNanos(LockSupport.java:215)
        at java.util.concurrent.locks.AbstractQueuedSynchronizer$ConditionObject.awaitNanos(AbstractQueuedSynchronizer.java:2078)
        at java.util.concurrent.LinkedBlockingQueue.poll(LinkedBlockingQueue.java:467)
        at org.apache.hadoop.ipc.CallQueueManager.take(CallQueueManager.java:317)
        at org.apache.hadoop.ipc.Server$Handler.run(Server.java:3014)
"IPC Server handler 59 on default port 15000" daemon prio=5 tid=115 timed_waiting
java.lang.Thread.State: TIMED_WAITING
        at sun.misc.Unsafe.park(Native Method)
        at java.util.concurrent.locks.LockSupport.parkNanos(LockSupport.java:215)
        at java.util.concurrent.locks.AbstractQueuedSynchronizer$ConditionObject.awaitNanos(AbstractQueuedSynchronizer.java:2078)
        at java.util.concurrent.LinkedBlockingQueue.poll(LinkedBlockingQueue.java:467)
        at org.apache.hadoop.ipc.CallQueueManager.take(CallQueueManager.java:317)
        at org.apache.hadoop.ipc.Server$Handler.run(Server.java:3014)
"FixedThreadPoolWithAffinityExecutor-7-0" daemon prio=5 tid=52 timed_waiting
java.lang.Thread.State: TIMED_WAITING
        at sun.misc.Unsafe.park(Native Method)
        at java.util.concurrent.locks.LockSupport.parkNanos(LockSupport.java:215)
        at java.util.concurrent.locks.AbstractQueuedSynchronizer$ConditionObject.awaitNanos(AbstractQueuedSynchronizer.java:2078)
        at java.util.concurrent.LinkedBlockingQueue.poll(LinkedBlockingQueue.java:467)
        at org.apache.hadoop.hdds.scm.server.ContainerReportQueue.poll(ContainerReportQueue.java:269)
        at org.apache.hadoop.hdds.scm.server.ContainerReportQueue.poll(ContainerReportQueue.java:42)
        at org.apache.hadoop.hdds.server.events.FixedThreadPoolWithAffinityExecutor$ContainerReportProcessTask.run(FixedThreadPoolWithAffinityExecutor.java:253)
        at java.util.concurrent.Executors$RunnableAdapter.call(Executors.java:511)
        at java.util.concurrent.FutureTask.run(FutureTask.java:266)
        at java.util.concurrent.ThreadPoolExecutor.runWorker(ThreadPoolExecutor.java:1149)
        at java.util.concurrent.ThreadPoolExecutor$Worker.run(ThreadPoolExecutor.java:624)
        at java.lang.Thread.run(Thread.java:750)
"grpc-default-executor-5" daemon prio=5 tid=1137 timed_waiting
java.lang.Thread.State: TIMED_WAITING
        at sun.misc.Unsafe.park(Native Method)
        at java.util.concurrent.locks.LockSupport.parkNanos(LockSupport.java:215)
        at java.util.concurrent.SynchronousQueue$TransferStack.awaitFulfill(SynchronousQueue.java:460)
        at java.util.concurrent.SynchronousQueue$TransferStack.transfer(SynchronousQueue.java:362)
        at java.util.concurrent.SynchronousQueue.poll(SynchronousQueue.java:941)
        at java.util.concurrent.ThreadPoolExecutor.getTask(ThreadPoolExecutor.java:1073)
        at java.util.concurrent.ThreadPoolExecutor.runWorker(ThreadPoolExecutor.java:1134)
        at java.util.concurrent.ThreadPoolExecutor$Worker.run(ThreadPoolExecutor.java:624)
        at java.lang.Thread.run(Thread.java:750)
"qtp1115963634-362-acceptor-0@2a99429-ServerConnector@6517bc6b{HTTP/1.1, (http/1.1)}{0.0.0.0:15003}" daemon prio=3 tid=362 runnable
java.lang.Thread.State: RUNNABLE
        at sun.nio.ch.ServerSocketChannelImpl.accept0(Native Method)
        at sun.nio.ch.ServerSocketChannelImpl.accept(ServerSocketChannelImpl.java:421)
        at sun.nio.ch.ServerSocketChannelImpl.accept(ServerSocketChannelImpl.java:249)
        at org.eclipse.jetty.server.ServerConnector.accept(ServerConnector.java:388)
        at org.eclipse.jetty.server.AbstractConnector$Acceptor.run(AbstractConnector.java:704)
        at org.eclipse.jetty.util.thread.QueuedThreadPool.runJob(QueuedThreadPool.java:883)
        at org.eclipse.jetty.util.thread.QueuedThreadPool$Runner.run(QueuedThreadPool.java:1034)
        at java.lang.Thread.run(Thread.java:750)
"IPC Server handler 59 on default port 15001" daemon prio=5 tid=215 timed_waiting
java.lang.Thread.State: TIMED_WAITING
        at sun.misc.Unsafe.park(Native Method)
        at java.util.concurrent.locks.LockSupport.parkNanos(LockSupport.java:215)
        at java.util.concurrent.locks.AbstractQueuedSynchronizer$ConditionObject.awaitNanos(AbstractQueuedSynchronizer.java:2078)
        at java.util.concurrent.LinkedBlockingQueue.poll(LinkedBlockingQueue.java:467)
        at org.apache.hadoop.ipc.CallQueueManager.take(CallQueueManager.java:317)
        at org.apache.hadoop.ipc.Server$Handler.run(Server.java:3014)
"IPC Server handler 20 on default port 15001" daemon prio=5 tid=176 timed_waiting
java.lang.Thread.State: TIMED_WAITING
        at sun.misc.Unsafe.park(Native Method)
        at java.util.concurrent.locks.LockSupport.parkNanos(LockSupport.java:215)
        at java.util.concurrent.locks.AbstractQueuedSynchronizer$ConditionObject.awaitNanos(AbstractQueuedSynchronizer.java:2078)
        at java.util.concurrent.LinkedBlockingQueue.poll(LinkedBlockingQueue.java:467)
        at org.apache.hadoop.ipc.CallQueueManager.take(CallQueueManager.java:317)
        at org.apache.hadoop.ipc.Server$Handler.run(Server.java:3014)
"qtp1115963634-361" daemon prio=5 tid=361 runnable
java.lang.Thread.State: RUNNABLE
        at sun.nio.ch.EPollArrayWrapper.epollWait(Native Method)
        at sun.nio.ch.EPollArrayWrapper.poll(EPollArrayWrapper.java:269)
        at sun.nio.ch.EPollSelectorImpl.doSelect(EPollSelectorImpl.java:93)
        at sun.nio.ch.SelectorImpl.lockAndDoSelect(SelectorImpl.java:86)
        at sun.nio.ch.SelectorImpl.select(SelectorImpl.java:97)
        at sun.nio.ch.SelectorImpl.select(SelectorImpl.java:101)
        at org.eclipse.jetty.io.ManagedSelector.nioSelect(ManagedSelector.java:183)
        at org.eclipse.jetty.io.ManagedSelector.select(ManagedSelector.java:190)
        at org.eclipse.jetty.io.ManagedSelector$SelectorProducer.select(ManagedSelector.java:606)
        at org.eclipse.jetty.io.ManagedSelector$SelectorProducer.produce(ManagedSelector.java:543)
        at org.eclipse.jetty.util.thread.strategy.EatWhatYouKill.produceTask(EatWhatYouKill.java:362)
        at org.eclipse.jetty.util.thread.strategy.EatWhatYouKill.doProduce(EatWhatYouKill.java:186)
        at org.eclipse.jetty.util.thread.strategy.EatWhatYouKill.tryProduce(EatWhatYouKill.java:173)
        at org.eclipse.jetty.util.thread.strategy.EatWhatYouKill.produce(EatWhatYouKill.java:137)
        at org.eclipse.jetty.io.ManagedSelector$$Lambda$666/1273065937.run(Unknown Source)
        at org.eclipse.jetty.util.thread.QueuedThreadPool.runJob(QueuedThreadPool.java:883)
        at org.eclipse.jetty.util.thread.QueuedThreadPool$Runner.run(QueuedThreadPool.java:1034)
        at java.lang.Thread.run(Thread.java:750)
"SSL Certificates Store Monitor" daemon prio=5 tid=1044 in Object.wait()
java.lang.Thread.State: WAITING (on object monitor)
        at java.lang.Object.wait(Native Method)
        at java.lang.Object.wait(Object.java:502)
        at java.util.TimerThread.mainLoop(Timer.java:526)
        at java.util.TimerThread.run(Timer.java:505)
"Recon-FixedThreadPoolWithAffinityExecutor-2-0" daemon prio=5 tid=448 timed_waiting
java.lang.Thread.State: TIMED_WAITING
        at sun.misc.Unsafe.park(Native Method)
        at java.util.concurrent.locks.LockSupport.parkNanos(LockSupport.java:215)
        at java.util.concurrent.locks.AbstractQueuedSynchronizer$ConditionObject.awaitNanos(AbstractQueuedSynchronizer.java:2078)
        at java.util.concurrent.LinkedBlockingQueue.poll(LinkedBlockingQueue.java:467)
        at org.apache.hadoop.hdds.scm.server.ContainerReportQueue.poll(ContainerReportQueue.java:269)
        at org.apache.hadoop.hdds.scm.server.ContainerReportQueue.poll(ContainerReportQueue.java:42)
        at org.apache.hadoop.hdds.server.events.FixedThreadPoolWithAffinityExecutor$ContainerReportProcessTask.run(FixedThreadPoolWithAffinityExecutor.java:253)
        at java.util.concurrent.Executors$RunnableAdapter.call(Executors.java:511)
        at java.util.concurrent.FutureTask.run(FutureTask.java:266)
        at java.util.concurrent.ThreadPoolExecutor.runWorker(ThreadPoolExecutor.java:1149)
        at java.util.concurrent.ThreadPoolExecutor$Worker.run(ThreadPoolExecutor.java:624)
        at java.lang.Thread.run(Thread.java:750)
"IPC Server handler 61 on default port 15002" daemon prio=5 tid=317 timed_waiting
java.lang.Thread.State: TIMED_WAITING
        at sun.misc.Unsafe.park(Native Method)
        at java.util.concurrent.locks.LockSupport.parkNanos(LockSupport.java:215)
        at java.util.concurrent.locks.AbstractQueuedSynchronizer$ConditionObject.awaitNanos(AbstractQueuedSynchronizer.java:2078)
        at java.util.concurrent.LinkedBlockingQueue.poll(LinkedBlockingQueue.java:467)
        at org.apache.hadoop.ipc.CallQueueManager.take(CallQueueManager.java:317)
        at org.apache.hadoop.ipc.Server$Handler.run(Server.java:3014)
"d1715241-1ffa-4146-b219-94c9c0fc171f-DatanodeReportManager-4" daemon prio=5 tid=657 in Object.wait()
java.lang.Thread.State: WAITING (on object monitor)
        at sun.misc.Unsafe.park(Native Method)
        at java.util.concurrent.locks.LockSupport.park(LockSupport.java:175)
        at java.util.concurrent.locks.AbstractQueuedSynchronizer$ConditionObject.await(AbstractQueuedSynchronizer.java:2039)
        at java.util.concurrent.ScheduledThreadPoolExecutor$DelayedWorkQueue.take(ScheduledThreadPoolExecutor.java:1088)
        at java.util.concurrent.ScheduledThreadPoolExecutor$DelayedWorkQueue.take(ScheduledThreadPoolExecutor.java:809)
        at java.util.concurrent.ThreadPoolExecutor.getTask(ThreadPoolExecutor.java:1074)
        at java.util.concurrent.ThreadPoolExecutor.runWorker(ThreadPoolExecutor.java:1134)
        at java.util.concurrent.ThreadPoolExecutor$Worker.run(ThreadPoolExecutor.java:624)
        at java.lang.Thread.run(Thread.java:750)
"IPC Server handler 59 on default port 15002" daemon prio=5 tid=315 timed_waiting
java.lang.Thread.State: TIMED_WAITING
        at sun.misc.Unsafe.park(Native Method)
        at java.util.concurrent.locks.LockSupport.parkNanos(LockSupport.java:215)
        at java.util.concurrent.locks.AbstractQueuedSynchronizer$ConditionObject.awaitNanos(AbstractQueuedSynchronizer.java:2078)
        at java.util.concurrent.LinkedBlockingQueue.poll(LinkedBlockingQueue.java:467)
        at org.apache.hadoop.ipc.CallQueueManager.take(CallQueueManager.java:317)
        at org.apache.hadoop.ipc.Server$Handler.run(Server.java:3014)
"qtp2139799663-406" daemon prio=5 tid=406 timed_waiting
java.lang.Thread.State: TIMED_WAITING
        at sun.misc.Unsafe.park(Native Method)
        at java.util.concurrent.locks.LockSupport.parkNanos(LockSupport.java:215)
        at java.util.concurrent.locks.AbstractQueuedSynchronizer$ConditionObject.awaitNanos(AbstractQueuedSynchronizer.java:2078)
        at org.eclipse.jetty.util.BlockingArrayQueue.poll(BlockingArrayQueue.java:382)
        at org.eclipse.jetty.util.thread.QueuedThreadPool$Runner.idleJobPoll(QueuedThreadPool.java:974)
        at org.eclipse.jetty.util.thread.QueuedThreadPool$Runner.run(QueuedThreadPool.java:1018)
        at java.lang.Thread.run(Thread.java:750)
"grpc-default-worker-ELG-3-4" daemon prio=5 tid=861 runnable
java.lang.Thread.State: RUNNABLE
        at org.apache.ratis.thirdparty.io.netty.channel.epoll.Native.epollWait0(Native Method)
        at org.apache.ratis.thirdparty.io.netty.channel.epoll.Native.epollWait(Native.java:182)
        at org.apache.ratis.thirdparty.io.netty.channel.epoll.EpollEventLoop.epollWait(EpollEventLoop.java:312)
        at org.apache.ratis.thirdparty.io.netty.channel.epoll.EpollEventLoop.run(EpollEventLoop.java:376)
        at org.apache.ratis.thirdparty.io.netty.util.concurrent.SingleThreadEventExecutor$4.run(SingleThreadEventExecutor.java:997)
        at org.apache.ratis.thirdparty.io.netty.util.internal.ThreadExecutorMap$2.run(ThreadExecutorMap.java:74)
        at org.apache.ratis.thirdparty.io.netty.util.concurrent.FastThreadLocalRunnable.run(FastThreadLocalRunnable.java:30)
        at java.lang.Thread.run(Thread.java:750)
"IPC Server handler 11 on default port 15009" daemon prio=5 tid=480 timed_waiting
java.lang.Thread.State: TIMED_WAITING
        at sun.misc.Unsafe.park(Native Method)
        at java.util.concurrent.locks.LockSupport.parkNanos(LockSupport.java:215)
        at java.util.concurrent.locks.AbstractQueuedSynchronizer$ConditionObject.awaitNanos(AbstractQueuedSynchronizer.java:2078)
        at java.util.concurrent.LinkedBlockingQueue.poll(LinkedBlockingQueue.java:467)
        at org.apache.hadoop.ipc.CallQueueManager.take(CallQueueManager.java:317)
        at org.apache.hadoop.ipc.Server$Handler.run(Server.java:3014)
"IPC Server handler 52 on default port 15009" daemon prio=5 tid=521 timed_waiting
java.lang.Thread.State: TIMED_WAITING
        at sun.misc.Unsafe.park(Native Method)
        at java.util.concurrent.locks.LockSupport.parkNanos(LockSupport.java:215)
        at java.util.concurrent.locks.AbstractQueuedSynchronizer$ConditionObject.awaitNanos(AbstractQueuedSynchronizer.java:2078)
        at java.util.concurrent.LinkedBlockingQueue.poll(LinkedBlockingQueue.java:467)
        at org.apache.hadoop.ipc.CallQueueManager.take(CallQueueManager.java:317)
        at org.apache.hadoop.ipc.Server$Handler.run(Server.java:3014)
"a40aef6e-dfc7-4141-9a41-17d72bf4eeff@group-2D61D60DE43D-cacheEviction-AwaitToRun" daemon prio=5 tid=869 in Object.wait()
java.lang.Thread.State: WAITING (on object monitor)
        at sun.misc.Unsafe.park(Native Method)
        at java.util.concurrent.locks.LockSupport.park(LockSupport.java:175)
        at java.util.concurrent.locks.AbstractQueuedSynchronizer$ConditionObject.await(AbstractQueuedSynchronizer.java:2039)
        at org.apache.ratis.util.AwaitForSignal.await(AwaitForSignal.java:48)
        at org.apache.ratis.util.AwaitToRun$RunnableImpl.run(AwaitToRun.java:47)
        at java.lang.Thread.run(Thread.java:750)
"IPC Server handler 74 on default port 15001" daemon prio=5 tid=230 timed_waiting
java.lang.Thread.State: TIMED_WAITING
        at sun.misc.Unsafe.park(Native Method)
        at java.util.concurrent.locks.LockSupport.parkNanos(LockSupport.java:215)
        at java.util.concurrent.locks.AbstractQueuedSynchronizer$ConditionObject.awaitNanos(AbstractQueuedSynchronizer.java:2078)
        at java.util.concurrent.LinkedBlockingQueue.poll(LinkedBlockingQueue.java:467)
        at org.apache.hadoop.ipc.CallQueueManager.take(CallQueueManager.java:317)
        at org.apache.hadoop.ipc.Server$Handler.run(Server.java:3014)
"d1715241-1ffa-4146-b219-94c9c0fc171f-PeriodicHDDSVolumeChecker" daemon prio=5 tid=762 timed_waiting
java.lang.Thread.State: TIMED_WAITING
        at sun.misc.Unsafe.park(Native Method)
        at java.util.concurrent.locks.LockSupport.parkNanos(LockSupport.java:215)
        at java.util.concurrent.locks.AbstractQueuedSynchronizer$ConditionObject.awaitNanos(AbstractQueuedSynchronizer.java:2078)
        at java.util.concurrent.ScheduledThreadPoolExecutor$DelayedWorkQueue.take(ScheduledThreadPoolExecutor.java:1093)
        at java.util.concurrent.ScheduledThreadPoolExecutor$DelayedWorkQueue.take(ScheduledThreadPoolExecutor.java:809)
        at java.util.concurrent.ThreadPoolExecutor.getTask(ThreadPoolExecutor.java:1074)
        at java.util.concurrent.ThreadPoolExecutor.runWorker(ThreadPoolExecutor.java:1134)
        at java.util.concurrent.ThreadPoolExecutor$Worker.run(ThreadPoolExecutor.java:624)
        at java.lang.Thread.run(Thread.java:750)
"cc1e4d3c-2283-4c28-b737-db868cb45369-EndpointStateMachineTaskThread-/0.0.0.0:15002-0 "  prio=5 tid=740 in Object.wait()
java.lang.Thread.State: WAITING (on object monitor)
        at sun.misc.Unsafe.park(Native Method)
        at java.util.concurrent.locks.LockSupport.park(LockSupport.java:175)
        at java.util.concurrent.locks.AbstractQueuedSynchronizer$ConditionObject.await(AbstractQueuedSynchronizer.java:2039)
        at java.util.concurrent.LinkedBlockingQueue.take(LinkedBlockingQueue.java:442)
        at java.util.concurrent.ThreadPoolExecutor.getTask(ThreadPoolExecutor.java:1074)
        at java.util.concurrent.ThreadPoolExecutor.runWorker(ThreadPoolExecutor.java:1134)
        at java.util.concurrent.ThreadPoolExecutor$Worker.run(ThreadPoolExecutor.java:624)
        at java.lang.Thread.run(Thread.java:750)
"IPC Server handler 23 on default port 15002" daemon prio=5 tid=279 timed_waiting
java.lang.Thread.State: TIMED_WAITING
        at sun.misc.Unsafe.park(Native Method)
        at java.util.concurrent.locks.LockSupport.parkNanos(LockSupport.java:215)
        at java.util.concurrent.locks.AbstractQueuedSynchronizer$ConditionObject.awaitNanos(AbstractQueuedSynchronizer.java:2078)
        at java.util.concurrent.LinkedBlockingQueue.poll(LinkedBlockingQueue.java:467)
        at org.apache.hadoop.ipc.CallQueueManager.take(CallQueueManager.java:317)
        at org.apache.hadoop.ipc.Server$Handler.run(Server.java:3014)
"IPC Server handler 73 on default port 15002" daemon prio=5 tid=329 timed_waiting
java.lang.Thread.State: TIMED_WAITING
        at sun.misc.Unsafe.park(Native Method)
        at java.util.concurrent.locks.LockSupport.parkNanos(LockSupport.java:215)
        at java.util.concurrent.locks.AbstractQueuedSynchronizer$ConditionObject.awaitNanos(AbstractQueuedSynchronizer.java:2078)
        at java.util.concurrent.LinkedBlockingQueue.poll(LinkedBlockingQueue.java:467)
        at org.apache.hadoop.ipc.CallQueueManager.take(CallQueueManager.java:317)
        at org.apache.hadoop.ipc.Server$Handler.run(Server.java:3014)
"ContainerDataScanner(/home/runner/work/ozone/ozone/hadoop-ozone/integration-test/target/test-dir/MiniOzoneClusterImpl-9e1941cb-56ba-429e-854d-1e52595ce6ec/ozone-meta/datanode-4/data-0/hdds)" daemon prio=5 tid=785 timed_waiting
java.lang.Thread.State: TIMED_WAITING
        at java.lang.Thread.sleep(Native Method)
        at org.apache.hadoop.ozone.container.ozoneimpl.AbstractBackgroundContainerScanner.handleRemainingSleep(AbstractBackgroundContainerScanner.java:131)
        at org.apache.hadoop.ozone.container.ozoneimpl.AbstractBackgroundContainerScanner.runIteration(AbstractBackgroundContainerScanner.java:98)
        at org.apache.hadoop.ozone.container.ozoneimpl.AbstractBackgroundContainerScanner.run(AbstractBackgroundContainerScanner.java:57)
"a40aef6e-dfc7-4141-9a41-17d72bf4eeff-BlockDeletingService#1" daemon prio=5 tid=795 timed_waiting
java.lang.Thread.State: TIMED_WAITING
        at sun.misc.Unsafe.park(Native Method)
        at java.util.concurrent.locks.LockSupport.parkNanos(LockSupport.java:215)
        at java.util.concurrent.locks.AbstractQueuedSynchronizer$ConditionObject.awaitNanos(AbstractQueuedSynchronizer.java:2078)
        at java.util.concurrent.ScheduledThreadPoolExecutor$DelayedWorkQueue.take(ScheduledThreadPoolExecutor.java:1093)
        at java.util.concurrent.ScheduledThreadPoolExecutor$DelayedWorkQueue.take(ScheduledThreadPoolExecutor.java:809)
        at java.util.concurrent.ThreadPoolExecutor.getTask(ThreadPoolExecutor.java:1074)
        at java.util.concurrent.ThreadPoolExecutor.runWorker(ThreadPoolExecutor.java:1134)
        at java.util.concurrent.ThreadPoolExecutor$Worker.run(ThreadPoolExecutor.java:624)
        at java.lang.Thread.run(Thread.java:750)
"IPC Server listener on 15030" daemon prio=5 tid=646 runnable
java.lang.Thread.State: RUNNABLE
        at sun.nio.ch.EPollArrayWrapper.epollWait(Native Method)
        at sun.nio.ch.EPollArrayWrapper.poll(EPollArrayWrapper.java:269)
        at sun.nio.ch.EPollSelectorImpl.doSelect(EPollSelectorImpl.java:93)
        at sun.nio.ch.SelectorImpl.lockAndDoSelect(SelectorImpl.java:86)
        at sun.nio.ch.SelectorImpl.select(SelectorImpl.java:97)
        at sun.nio.ch.SelectorImpl.select(SelectorImpl.java:101)
        at org.apache.hadoop.ipc.Server$Listener.run(Server.java:1408)
"IPC Server handler 24 on default port 15001" daemon prio=5 tid=180 timed_waiting
java.lang.Thread.State: TIMED_WAITING
        at sun.misc.Unsafe.park(Native Method)
        at java.util.concurrent.locks.LockSupport.parkNanos(LockSupport.java:215)
        at java.util.concurrent.locks.AbstractQueuedSynchronizer$ConditionObject.awaitNanos(AbstractQueuedSynchronizer.java:2078)
        at java.util.concurrent.LinkedBlockingQueue.poll(LinkedBlockingQueue.java:467)
        at org.apache.hadoop.ipc.CallQueueManager.take(CallQueueManager.java:317)
        at org.apache.hadoop.ipc.Server$Handler.run(Server.java:3014)
"StaleRecoveringContainerScrubbingService#1" daemon prio=5 tid=737 timed_waiting
java.lang.Thread.State: TIMED_WAITING
        at sun.misc.Unsafe.park(Native Method)
        at java.util.concurrent.locks.LockSupport.parkNanos(LockSupport.java:215)
        at java.util.concurrent.locks.AbstractQueuedSynchronizer$ConditionObject.awaitNanos(AbstractQueuedSynchronizer.java:2078)
        at java.util.concurrent.ScheduledThreadPoolExecutor$DelayedWorkQueue.take(ScheduledThreadPoolExecutor.java:1093)
        at java.util.concurrent.ScheduledThreadPoolExecutor$DelayedWorkQueue.take(ScheduledThreadPoolExecutor.java:809)
        at java.util.concurrent.ThreadPoolExecutor.getTask(ThreadPoolExecutor.java:1074)
        at java.util.concurrent.ThreadPoolExecutor.runWorker(ThreadPoolExecutor.java:1134)
        at java.util.concurrent.ThreadPoolExecutor$Worker.run(ThreadPoolExecutor.java:624)
        at java.lang.Thread.run(Thread.java:750)
"om1@group-C5BA1605619E-SegmentedRaftLogWorker"  prio=5 tid=386 timed_waiting
java.lang.Thread.State: TIMED_WAITING
        at sun.misc.Unsafe.park(Native Method)
        at java.util.concurrent.locks.LockSupport.parkNanos(LockSupport.java:215)
        at java.util.concurrent.locks.AbstractQueuedSynchronizer$ConditionObject.awaitNanos(AbstractQueuedSynchronizer.java:2078)
        at org.apache.ratis.util.DataBlockingQueue.poll(DataBlockingQueue.java:148)
        at org.apache.ratis.server.raftlog.segmented.SegmentedRaftLogWorker.run(SegmentedRaftLogWorker.java:299)
        at org.apache.ratis.server.raftlog.segmented.SegmentedRaftLogWorker$$Lambda$997/2039256444.run(Unknown Source)
        at java.util.concurrent.Executors$RunnableAdapter.call(Executors.java:511)
        at java.util.concurrent.FutureTask.run(FutureTask.java:266)
        at java.util.concurrent.ThreadPoolExecutor.runWorker(ThreadPoolExecutor.java:1149)
        at java.util.concurrent.ThreadPoolExecutor$Worker.run(ThreadPoolExecutor.java:624)
        at java.lang.Thread.run(Thread.java:750)
"qtp226609535-638" daemon prio=5 tid=638 runnable
java.lang.Thread.State: RUNNABLE
        at sun.nio.ch.EPollArrayWrapper.epollWait(Native Method)
        at sun.nio.ch.EPollArrayWrapper.poll(EPollArrayWrapper.java:269)
        at sun.nio.ch.EPollSelectorImpl.doSelect(EPollSelectorImpl.java:93)
        at sun.nio.ch.SelectorImpl.lockAndDoSelect(SelectorImpl.java:86)
        at sun.nio.ch.SelectorImpl.select(SelectorImpl.java:97)
        at sun.nio.ch.SelectorImpl.select(SelectorImpl.java:101)
        at org.eclipse.jetty.io.ManagedSelector.nioSelect(ManagedSelector.java:183)
        at org.eclipse.jetty.io.ManagedSelector.select(ManagedSelector.java:190)
        at org.eclipse.jetty.io.ManagedSelector$SelectorProducer.select(ManagedSelector.java:606)
        at org.eclipse.jetty.io.ManagedSelector$SelectorProducer.produce(ManagedSelector.java:543)
        at org.eclipse.jetty.util.thread.strategy.EatWhatYouKill.produceTask(EatWhatYouKill.java:362)
        at org.eclipse.jetty.util.thread.strategy.EatWhatYouKill.doProduce(EatWhatYouKill.java:186)
        at org.eclipse.jetty.util.thread.strategy.EatWhatYouKill.tryProduce(EatWhatYouKill.java:173)
        at org.eclipse.jetty.util.thread.strategy.EatWhatYouKill.produce(EatWhatYouKill.java:137)
        at org.eclipse.jetty.io.ManagedSelector$$Lambda$666/1273065937.run(Unknown Source)
        at org.eclipse.jetty.util.thread.QueuedThreadPool.runJob(QueuedThreadPool.java:883)
        at org.eclipse.jetty.util.thread.QueuedThreadPool$Runner.run(QueuedThreadPool.java:1034)
        at java.lang.Thread.run(Thread.java:750)
"IPC Server handler 58 on default port 15001" daemon prio=5 tid=214 timed_waiting
java.lang.Thread.State: TIMED_WAITING
        at sun.misc.Unsafe.park(Native Method)
        at java.util.concurrent.locks.LockSupport.parkNanos(LockSupport.java:215)
        at java.util.concurrent.locks.AbstractQueuedSynchronizer$ConditionObject.awaitNanos(AbstractQueuedSynchronizer.java:2078)
        at java.util.concurrent.LinkedBlockingQueue.poll(LinkedBlockingQueue.java:467)
        at org.apache.hadoop.ipc.CallQueueManager.take(CallQueueManager.java:317)
        at org.apache.hadoop.ipc.Server$Handler.run(Server.java:3014)
"IPC Server handler 58 on default port 15009" daemon prio=5 tid=527 timed_waiting
java.lang.Thread.State: TIMED_WAITING
        at sun.misc.Unsafe.park(Native Method)
        at java.util.concurrent.locks.LockSupport.parkNanos(LockSupport.java:215)
        at java.util.concurrent.locks.AbstractQueuedSynchronizer$ConditionObject.awaitNanos(AbstractQueuedSynchronizer.java:2078)
        at java.util.concurrent.LinkedBlockingQueue.poll(LinkedBlockingQueue.java:467)
        at org.apache.hadoop.ipc.CallQueueManager.take(CallQueueManager.java:317)
        at org.apache.hadoop.ipc.Server$Handler.run(Server.java:3014)
"IPC Server handler 20 on default port 15000" daemon prio=5 tid=76 timed_waiting
java.lang.Thread.State: TIMED_WAITING
        at sun.misc.Unsafe.park(Native Method)
        at java.util.concurrent.locks.LockSupport.parkNanos(LockSupport.java:215)
        at java.util.concurrent.locks.AbstractQueuedSynchronizer$ConditionObject.awaitNanos(AbstractQueuedSynchronizer.java:2078)
        at java.util.concurrent.LinkedBlockingQueue.poll(LinkedBlockingQueue.java:467)
        at org.apache.hadoop.ipc.CallQueueManager.take(CallQueueManager.java:317)
        at org.apache.hadoop.ipc.Server$Handler.run(Server.java:3014)
"IPC Server handler 37 on default port 15002" daemon prio=5 tid=293 timed_waiting
java.lang.Thread.State: TIMED_WAITING
        at sun.misc.Unsafe.park(Native Method)
        at java.util.concurrent.locks.LockSupport.parkNanos(LockSupport.java:215)
        at java.util.concurrent.locks.AbstractQueuedSynchronizer$ConditionObject.awaitNanos(AbstractQueuedSynchronizer.java:2078)
        at java.util.concurrent.LinkedBlockingQueue.poll(LinkedBlockingQueue.java:467)
        at org.apache.hadoop.ipc.CallQueueManager.take(CallQueueManager.java:317)
        at org.apache.hadoop.ipc.Server$Handler.run(Server.java:3014)
"IPC Server handler 68 on default port 15000" daemon prio=5 tid=124 timed_waiting
java.lang.Thread.State: TIMED_WAITING
        at sun.misc.Unsafe.park(Native Method)
        at java.util.concurrent.locks.LockSupport.parkNanos(LockSupport.java:215)
        at java.util.concurrent.locks.AbstractQueuedSynchronizer$ConditionObject.awaitNanos(AbstractQueuedSynchronizer.java:2078)
        at java.util.concurrent.LinkedBlockingQueue.poll(LinkedBlockingQueue.java:467)
        at org.apache.hadoop.ipc.CallQueueManager.take(CallQueueManager.java:317)
        at org.apache.hadoop.ipc.Server$Handler.run(Server.java:3014)
"IPC Server handler 23 on default port 15000" daemon prio=5 tid=79 timed_waiting
java.lang.Thread.State: TIMED_WAITING
        at sun.misc.Unsafe.park(Native Method)
        at java.util.concurrent.locks.LockSupport.parkNanos(LockSupport.java:215)
        at java.util.concurrent.locks.AbstractQueuedSynchronizer$ConditionObject.awaitNanos(AbstractQueuedSynchronizer.java:2078)
        at java.util.concurrent.LinkedBlockingQueue.poll(LinkedBlockingQueue.java:467)
        at org.apache.hadoop.ipc.CallQueueManager.take(CallQueueManager.java:317)
        at org.apache.hadoop.ipc.Server$Handler.run(Server.java:3014)
"ceb25050-cf9f-4852-a13e-a5ff0cf3b4d2-NettyServerStreamRpc-bossGroup--thread1"  prio=5 tid=689 runnable
java.lang.Thread.State: RUNNABLE
        at org.apache.ratis.thirdparty.io.netty.channel.epoll.Native.epollWait(Native Method)
        at org.apache.ratis.thirdparty.io.netty.channel.epoll.Native.epollWait(Native.java:209)
        at org.apache.ratis.thirdparty.io.netty.channel.epoll.Native.epollWait(Native.java:202)
        at org.apache.ratis.thirdparty.io.netty.channel.epoll.EpollEventLoop.epollWaitNoTimerChange(EpollEventLoop.java:316)
        at org.apache.ratis.thirdparty.io.netty.channel.epoll.EpollEventLoop.run(EpollEventLoop.java:373)
        at org.apache.ratis.thirdparty.io.netty.util.concurrent.SingleThreadEventExecutor$4.run(SingleThreadEventExecutor.java:997)
        at org.apache.ratis.thirdparty.io.netty.util.internal.ThreadExecutorMap$2.run(ThreadExecutorMap.java:74)
        at java.lang.Thread.run(Thread.java:750)
"EventQueue-NodeReportForNodeReportHandler" daemon prio=5 tid=827 in Object.wait()
java.lang.Thread.State: WAITING (on object monitor)
        at sun.misc.Unsafe.park(Native Method)
        at java.util.concurrent.locks.LockSupport.park(LockSupport.java:175)
        at java.util.concurrent.locks.AbstractQueuedSynchronizer$ConditionObject.await(AbstractQueuedSynchronizer.java:2039)
        at java.util.concurrent.LinkedBlockingQueue.take(LinkedBlockingQueue.java:442)
        at java.util.concurrent.ThreadPoolExecutor.getTask(ThreadPoolExecutor.java:1074)
        at java.util.concurrent.ThreadPoolExecutor.runWorker(ThreadPoolExecutor.java:1134)
        at java.util.concurrent.ThreadPoolExecutor$Worker.run(ThreadPoolExecutor.java:624)
        at java.lang.Thread.run(Thread.java:750)
"pool-149-thread-1" daemon prio=5 tid=764 timed_waiting
java.lang.Thread.State: TIMED_WAITING
        at sun.misc.Unsafe.park(Native Method)
        at java.util.concurrent.locks.LockSupport.parkNanos(LockSupport.java:215)
        at java.util.concurrent.locks.AbstractQueuedSynchronizer$ConditionObject.awaitNanos(AbstractQueuedSynchronizer.java:2078)
        at java.util.concurrent.ScheduledThreadPoolExecutor$DelayedWorkQueue.take(ScheduledThreadPoolExecutor.java:1093)
        at java.util.concurrent.ScheduledThreadPoolExecutor$DelayedWorkQueue.take(ScheduledThreadPoolExecutor.java:809)
        at java.util.concurrent.ThreadPoolExecutor.getTask(ThreadPoolExecutor.java:1074)
        at java.util.concurrent.ThreadPoolExecutor.runWorker(ThreadPoolExecutor.java:1134)
        at java.util.concurrent.ThreadPoolExecutor$Worker.run(ThreadPoolExecutor.java:624)
        at java.lang.Thread.run(Thread.java:750)
"IPC Server handler 77 on default port 15009" daemon prio=5 tid=546 timed_waiting
java.lang.Thread.State: TIMED_WAITING
        at sun.misc.Unsafe.park(Native Method)
        at java.util.concurrent.locks.LockSupport.parkNanos(LockSupport.java:215)
        at java.util.concurrent.locks.AbstractQueuedSynchronizer$ConditionObject.awaitNanos(AbstractQueuedSynchronizer.java:2078)
        at java.util.concurrent.LinkedBlockingQueue.poll(LinkedBlockingQueue.java:467)
        at org.apache.hadoop.ipc.CallQueueManager.take(CallQueueManager.java:317)
        at org.apache.hadoop.ipc.Server$Handler.run(Server.java:3014)
"IPC Server handler 18 on default port 15002" daemon prio=5 tid=274 timed_waiting
java.lang.Thread.State: TIMED_WAITING
        at sun.misc.Unsafe.park(Native Method)
        at java.util.concurrent.locks.LockSupport.parkNanos(LockSupport.java:215)
        at java.util.concurrent.locks.AbstractQueuedSynchronizer$ConditionObject.awaitNanos(AbstractQueuedSynchronizer.java:2078)
        at java.util.concurrent.LinkedBlockingQueue.poll(LinkedBlockingQueue.java:467)
        at org.apache.hadoop.ipc.CallQueueManager.take(CallQueueManager.java:317)
        at org.apache.hadoop.ipc.Server$Handler.run(Server.java:3014)
"IPC Server handler 29 on default port 15000" daemon prio=5 tid=85 timed_waiting
java.lang.Thread.State: TIMED_WAITING
        at sun.misc.Unsafe.park(Native Method)
        at java.util.concurrent.locks.LockSupport.parkNanos(LockSupport.java:215)
        at java.util.concurrent.locks.AbstractQueuedSynchronizer$ConditionObject.awaitNanos(AbstractQueuedSynchronizer.java:2078)
        at java.util.concurrent.LinkedBlockingQueue.poll(LinkedBlockingQueue.java:467)
        at org.apache.hadoop.ipc.CallQueueManager.take(CallQueueManager.java:317)
        at org.apache.hadoop.ipc.Server$Handler.run(Server.java:3014)
"om1-SnapshotDirectoryCleaningService#0" daemon prio=5 tid=400 timed_waiting
java.lang.Thread.State: TIMED_WAITING
        at sun.misc.Unsafe.park(Native Method)
        at java.util.concurrent.locks.LockSupport.parkNanos(LockSupport.java:215)
        at java.util.concurrent.locks.AbstractQueuedSynchronizer$ConditionObject.awaitNanos(AbstractQueuedSynchronizer.java:2078)
        at java.util.concurrent.ScheduledThreadPoolExecutor$DelayedWorkQueue.take(ScheduledThreadPoolExecutor.java:1093)
        at java.util.concurrent.ScheduledThreadPoolExecutor$DelayedWorkQueue.take(ScheduledThreadPoolExecutor.java:809)
        at java.util.concurrent.ThreadPoolExecutor.getTask(ThreadPoolExecutor.java:1074)
        at java.util.concurrent.ThreadPoolExecutor.runWorker(ThreadPoolExecutor.java:1134)
        at java.util.concurrent.ThreadPoolExecutor$Worker.run(ThreadPoolExecutor.java:624)
        at java.lang.Thread.run(Thread.java:750)
"Session-HouseKeeper-629b2ae5-1"  prio=5 tid=701 timed_waiting
java.lang.Thread.State: TIMED_WAITING
        at sun.misc.Unsafe.park(Native Method)
        at java.util.concurrent.locks.LockSupport.parkNanos(LockSupport.java:215)
        at java.util.concurrent.locks.AbstractQueuedSynchronizer$ConditionObject.awaitNanos(AbstractQueuedSynchronizer.java:2078)
        at java.util.concurrent.ScheduledThreadPoolExecutor$DelayedWorkQueue.take(ScheduledThreadPoolExecutor.java:1093)
        at java.util.concurrent.ScheduledThreadPoolExecutor$DelayedWorkQueue.take(ScheduledThreadPoolExecutor.java:809)
        at java.util.concurrent.ThreadPoolExecutor.getTask(ThreadPoolExecutor.java:1074)
        at java.util.concurrent.ThreadPoolExecutor.runWorker(ThreadPoolExecutor.java:1134)
        at java.util.concurrent.ThreadPoolExecutor$Worker.run(ThreadPoolExecutor.java:624)
        at java.lang.Thread.run(Thread.java:750)
"IPC Server handler 88 on default port 15009" daemon prio=5 tid=557 timed_waiting
java.lang.Thread.State: TIMED_WAITING
        at sun.misc.Unsafe.park(Native Method)
        at java.util.concurrent.locks.LockSupport.parkNanos(LockSupport.java:215)
        at java.util.concurrent.locks.AbstractQueuedSynchronizer$ConditionObject.awaitNanos(AbstractQueuedSynchronizer.java:2078)
        at java.util.concurrent.LinkedBlockingQueue.poll(LinkedBlockingQueue.java:467)
        at org.apache.hadoop.ipc.CallQueueManager.take(CallQueueManager.java:317)
        at org.apache.hadoop.ipc.Server$Handler.run(Server.java:3014)
"IPC Server handler 80 on default port 15000" daemon prio=5 tid=136 timed_waiting
java.lang.Thread.State: TIMED_WAITING
        at sun.misc.Unsafe.park(Native Method)
        at java.util.concurrent.locks.LockSupport.parkNanos(LockSupport.java:215)
        at java.util.concurrent.locks.AbstractQueuedSynchronizer$ConditionObject.awaitNanos(AbstractQueuedSynchronizer.java:2078)
        at java.util.concurrent.LinkedBlockingQueue.poll(LinkedBlockingQueue.java:467)
        at org.apache.hadoop.ipc.CallQueueManager.take(CallQueueManager.java:317)
        at org.apache.hadoop.ipc.Server$Handler.run(Server.java:3014)
"IPC Server handler 50 on default port 15002" daemon prio=5 tid=306 timed_waiting
java.lang.Thread.State: TIMED_WAITING
        at sun.misc.Unsafe.park(Native Method)
        at java.util.concurrent.locks.LockSupport.parkNanos(LockSupport.java:215)
        at java.util.concurrent.locks.AbstractQueuedSynchronizer$ConditionObject.awaitNanos(AbstractQueuedSynchronizer.java:2078)
        at java.util.concurrent.LinkedBlockingQueue.poll(LinkedBlockingQueue.java:467)
        at org.apache.hadoop.ipc.CallQueueManager.take(CallQueueManager.java:317)
        at org.apache.hadoop.ipc.Server$Handler.run(Server.java:3014)
"d1715241-1ffa-4146-b219-94c9c0fc171f-DatanodeReportManager-3" daemon prio=5 tid=656 in Object.wait()
java.lang.Thread.State: WAITING (on object monitor)
        at sun.misc.Unsafe.park(Native Method)
        at java.util.concurrent.locks.LockSupport.park(LockSupport.java:175)
        at java.util.concurrent.locks.AbstractQueuedSynchronizer$ConditionObject.await(AbstractQueuedSynchronizer.java:2039)
        at java.util.concurrent.ScheduledThreadPoolExecutor$DelayedWorkQueue.take(ScheduledThreadPoolExecutor.java:1088)
        at java.util.concurrent.ScheduledThreadPoolExecutor$DelayedWorkQueue.take(ScheduledThreadPoolExecutor.java:809)
        at java.util.concurrent.ThreadPoolExecutor.getTask(ThreadPoolExecutor.java:1074)
        at java.util.concurrent.ThreadPoolExecutor.runWorker(ThreadPoolExecutor.java:1134)
        at java.util.concurrent.ThreadPoolExecutor$Worker.run(ThreadPoolExecutor.java:624)
        at java.lang.Thread.run(Thread.java:750)
"ceb25050-cf9f-4852-a13e-a5ff0cf3b4d2-DatanodeReportManager-4" daemon prio=5 tid=713 in Object.wait()
java.lang.Thread.State: WAITING (on object monitor)
        at sun.misc.Unsafe.park(Native Method)
        at java.util.concurrent.locks.LockSupport.park(LockSupport.java:175)
        at java.util.concurrent.locks.AbstractQueuedSynchronizer$ConditionObject.await(AbstractQueuedSynchronizer.java:2039)
        at java.util.concurrent.ScheduledThreadPoolExecutor$DelayedWorkQueue.take(ScheduledThreadPoolExecutor.java:1088)
        at java.util.concurrent.ScheduledThreadPoolExecutor$DelayedWorkQueue.take(ScheduledThreadPoolExecutor.java:809)
        at java.util.concurrent.ThreadPoolExecutor.getTask(ThreadPoolExecutor.java:1074)
        at java.util.concurrent.ThreadPoolExecutor.runWorker(ThreadPoolExecutor.java:1134)
        at java.util.concurrent.ThreadPoolExecutor$Worker.run(ThreadPoolExecutor.java:624)
        at java.lang.Thread.run(Thread.java:750)
"cc1e4d3c-2283-4c28-b737-db868cb45369-BlockDeletingService#2" daemon prio=5 tid=1175 in Object.wait()
java.lang.Thread.State: WAITING (on object monitor)
        at sun.misc.Unsafe.park(Native Method)
        at java.util.concurrent.locks.LockSupport.park(LockSupport.java:175)
        at java.util.concurrent.locks.AbstractQueuedSynchronizer$ConditionObject.await(AbstractQueuedSynchronizer.java:2039)
        at java.util.concurrent.ScheduledThreadPoolExecutor$DelayedWorkQueue.take(ScheduledThreadPoolExecutor.java:1088)
        at java.util.concurrent.ScheduledThreadPoolExecutor$DelayedWorkQueue.take(ScheduledThreadPoolExecutor.java:809)
        at java.util.concurrent.ThreadPoolExecutor.getTask(ThreadPoolExecutor.java:1074)
        at java.util.concurrent.ThreadPoolExecutor.runWorker(ThreadPoolExecutor.java:1134)
        at java.util.concurrent.ThreadPoolExecutor$Worker.run(ThreadPoolExecutor.java:624)
        at java.lang.Thread.run(Thread.java:750)
"IPC Server handler 98 on default port 15002" daemon prio=5 tid=354 timed_waiting
java.lang.Thread.State: TIMED_WAITING
        at sun.misc.Unsafe.park(Native Method)
        at java.util.concurrent.locks.LockSupport.parkNanos(LockSupport.java:215)
        at java.util.concurrent.locks.AbstractQueuedSynchronizer$ConditionObject.awaitNanos(AbstractQueuedSynchronizer.java:2078)
        at java.util.concurrent.LinkedBlockingQueue.poll(LinkedBlockingQueue.java:467)
        at org.apache.hadoop.ipc.CallQueueManager.take(CallQueueManager.java:317)
        at org.apache.hadoop.ipc.Server$Handler.run(Server.java:3014)
"grpc-default-worker-ELG-3-2" daemon prio=5 tid=852 runnable
java.lang.Thread.State: RUNNABLE
        at org.apache.ratis.thirdparty.io.netty.channel.epoll.Native.epollWait0(Native Method)
        at org.apache.ratis.thirdparty.io.netty.channel.epoll.Native.epollWait(Native.java:182)
        at org.apache.ratis.thirdparty.io.netty.channel.epoll.EpollEventLoop.epollWait(EpollEventLoop.java:312)
        at org.apache.ratis.thirdparty.io.netty.channel.epoll.EpollEventLoop.run(EpollEventLoop.java:376)
        at org.apache.ratis.thirdparty.io.netty.util.concurrent.SingleThreadEventExecutor$4.run(SingleThreadEventExecutor.java:997)
        at org.apache.ratis.thirdparty.io.netty.util.internal.ThreadExecutorMap$2.run(ThreadExecutorMap.java:74)
        at org.apache.ratis.thirdparty.io.netty.util.concurrent.FastThreadLocalRunnable.run(FastThreadLocalRunnable.java:30)
        at java.lang.Thread.run(Thread.java:750)
"qtp2041857678-584" daemon prio=5 tid=584 timed_waiting
java.lang.Thread.State: TIMED_WAITING
        at sun.misc.Unsafe.park(Native Method)
        at java.util.concurrent.locks.LockSupport.parkNanos(LockSupport.java:215)
        at java.util.concurrent.locks.AbstractQueuedSynchronizer$ConditionObject.awaitNanos(AbstractQueuedSynchronizer.java:2078)
        at org.eclipse.jetty.util.BlockingArrayQueue.poll(BlockingArrayQueue.java:382)
        at org.eclipse.jetty.util.thread.QueuedThreadPool$Runner.idleJobPoll(QueuedThreadPool.java:974)
        at org.eclipse.jetty.util.thread.QueuedThreadPool$Runner.run(QueuedThreadPool.java:1018)
        at java.lang.Thread.run(Thread.java:750)
"IPC Server handler 35 on default port 15002" daemon prio=5 tid=291 timed_waiting
java.lang.Thread.State: TIMED_WAITING
        at sun.misc.Unsafe.park(Native Method)
        at java.util.concurrent.locks.LockSupport.parkNanos(LockSupport.java:215)
        at java.util.concurrent.locks.AbstractQueuedSynchronizer$ConditionObject.awaitNanos(AbstractQueuedSynchronizer.java:2078)
        at java.util.concurrent.LinkedBlockingQueue.poll(LinkedBlockingQueue.java:467)
        at org.apache.hadoop.ipc.CallQueueManager.take(CallQueueManager.java:317)
        at org.apache.hadoop.ipc.Server$Handler.run(Server.java:3014)
"IPC Server handler 56 on default port 15000" daemon prio=5 tid=112 timed_waiting
java.lang.Thread.State: TIMED_WAITING
        at sun.misc.Unsafe.park(Native Method)
        at java.util.concurrent.locks.LockSupport.parkNanos(LockSupport.java:215)
        at java.util.concurrent.locks.AbstractQueuedSynchronizer$ConditionObject.awaitNanos(AbstractQueuedSynchronizer.java:2078)
        at java.util.concurrent.LinkedBlockingQueue.poll(LinkedBlockingQueue.java:467)
        at org.apache.hadoop.ipc.CallQueueManager.take(CallQueueManager.java:317)
        at org.apache.hadoop.ipc.Server$Handler.run(Server.java:3014)
"IPC Server idle connection scanner for port 15012" daemon prio=5 tid=592 timed_waiting
java.lang.Thread.State: TIMED_WAITING
        at java.lang.Object.wait(Native Method)
        at java.util.TimerThread.mainLoop(Timer.java:552)
        at java.util.TimerThread.run(Timer.java:505)
"59c3495a-7636-40f9-8dfa-c28be8e98abd-CloseContainerThread-1"  prio=5 tid=1057 in Object.wait()
java.lang.Thread.State: WAITING (on object monitor)
        at sun.misc.Unsafe.park(Native Method)
        at java.util.concurrent.locks.LockSupport.park(LockSupport.java:175)
        at java.util.concurrent.locks.AbstractQueuedSynchronizer$ConditionObject.await(AbstractQueuedSynchronizer.java:2039)
        at java.util.concurrent.LinkedBlockingQueue.take(LinkedBlockingQueue.java:442)
        at java.util.concurrent.ThreadPoolExecutor.getTask(ThreadPoolExecutor.java:1074)
        at java.util.concurrent.ThreadPoolExecutor.runWorker(ThreadPoolExecutor.java:1134)
        at java.util.concurrent.ThreadPoolExecutor$Worker.run(ThreadPoolExecutor.java:624)
        at java.lang.Thread.run(Thread.java:750)
"cc1e4d3c-2283-4c28-b737-db868cb45369-NettyServerStreamRpc-bossGroup--thread1"  prio=5 tid=605 runnable
java.lang.Thread.State: RUNNABLE
        at org.apache.ratis.thirdparty.io.netty.channel.epoll.Native.epollWait(Native Method)
        at org.apache.ratis.thirdparty.io.netty.channel.epoll.Native.epollWait(Native.java:209)
        at org.apache.ratis.thirdparty.io.netty.channel.epoll.Native.epollWait(Native.java:202)
        at org.apache.ratis.thirdparty.io.netty.channel.epoll.EpollEventLoop.epollWaitNoTimerChange(EpollEventLoop.java:316)
        at org.apache.ratis.thirdparty.io.netty.channel.epoll.EpollEventLoop.run(EpollEventLoop.java:373)
        at org.apache.ratis.thirdparty.io.netty.util.concurrent.SingleThreadEventExecutor$4.run(SingleThreadEventExecutor.java:997)
        at org.apache.ratis.thirdparty.io.netty.util.internal.ThreadExecutorMap$2.run(ThreadExecutorMap.java:74)
        at java.lang.Thread.run(Thread.java:750)
"IPC Server handler 51 on default port 15001" daemon prio=5 tid=207 timed_waiting
java.lang.Thread.State: TIMED_WAITING
        at sun.misc.Unsafe.park(Native Method)
        at java.util.concurrent.locks.LockSupport.parkNanos(LockSupport.java:215)
        at java.util.concurrent.locks.AbstractQueuedSynchronizer$ConditionObject.awaitNanos(AbstractQueuedSynchronizer.java:2078)
        at java.util.concurrent.LinkedBlockingQueue.poll(LinkedBlockingQueue.java:467)
        at org.apache.hadoop.ipc.CallQueueManager.take(CallQueueManager.java:317)
        at org.apache.hadoop.ipc.Server$Handler.run(Server.java:3014)
"IPC Server handler 69 on default port 15002" daemon prio=5 tid=325 timed_waiting
java.lang.Thread.State: TIMED_WAITING
        at sun.misc.Unsafe.park(Native Method)
        at java.util.concurrent.locks.LockSupport.parkNanos(LockSupport.java:215)
        at java.util.concurrent.locks.AbstractQueuedSynchronizer$ConditionObject.awaitNanos(AbstractQueuedSynchronizer.java:2078)
        at java.util.concurrent.LinkedBlockingQueue.poll(LinkedBlockingQueue.java:467)
        at org.apache.hadoop.ipc.CallQueueManager.take(CallQueueManager.java:317)
        at org.apache.hadoop.ipc.Server$Handler.run(Server.java:3014)
"IPC Server handler 22 on default port 15000" daemon prio=5 tid=78 timed_waiting
java.lang.Thread.State: TIMED_WAITING
        at sun.misc.Unsafe.park(Native Method)
        at java.util.concurrent.locks.LockSupport.parkNanos(LockSupport.java:215)
        at java.util.concurrent.locks.AbstractQueuedSynchronizer$ConditionObject.awaitNanos(AbstractQueuedSynchronizer.java:2078)
        at java.util.concurrent.LinkedBlockingQueue.poll(LinkedBlockingQueue.java:467)
        at org.apache.hadoop.ipc.CallQueueManager.take(CallQueueManager.java:317)
        at org.apache.hadoop.ipc.Server$Handler.run(Server.java:3014)
"qtp976190925-700" daemon prio=5 tid=700 timed_waiting
java.lang.Thread.State: TIMED_WAITING
        at sun.misc.Unsafe.park(Native Method)
        at java.util.concurrent.locks.LockSupport.parkNanos(LockSupport.java:215)
        at java.util.concurrent.locks.AbstractQueuedSynchronizer$ConditionObject.awaitNanos(AbstractQueuedSynchronizer.java:2078)
        at org.eclipse.jetty.util.BlockingArrayQueue.poll(BlockingArrayQueue.java:382)
        at org.eclipse.jetty.util.thread.QueuedThreadPool$Runner.idleJobPoll(QueuedThreadPool.java:974)
        at org.eclipse.jetty.util.thread.QueuedThreadPool$Runner.run(QueuedThreadPool.java:1018)
        at java.lang.Thread.run(Thread.java:750)
"IPC Server handler 90 on default port 15002" daemon prio=5 tid=346 timed_waiting
java.lang.Thread.State: TIMED_WAITING
        at sun.misc.Unsafe.park(Native Method)
        at java.util.concurrent.locks.LockSupport.parkNanos(LockSupport.java:215)
        at java.util.concurrent.locks.AbstractQueuedSynchronizer$ConditionObject.awaitNanos(AbstractQueuedSynchronizer.java:2078)
        at java.util.concurrent.LinkedBlockingQueue.poll(LinkedBlockingQueue.java:467)
        at org.apache.hadoop.ipc.CallQueueManager.take(CallQueueManager.java:317)
        at org.apache.hadoop.ipc.Server$Handler.run(Server.java:3014)
"59c3495a-7636-40f9-8dfa-c28be8e98abd@group-8188EE38776F-cacheEviction-AwaitToRun" daemon prio=5 tid=832 in Object.wait()
java.lang.Thread.State: WAITING (on object monitor)
        at sun.misc.Unsafe.park(Native Method)
        at java.util.concurrent.locks.LockSupport.park(LockSupport.java:175)
        at java.util.concurrent.locks.AbstractQueuedSynchronizer$ConditionObject.await(AbstractQueuedSynchronizer.java:2039)
        at org.apache.ratis.util.AwaitForSignal.await(AwaitForSignal.java:48)
        at org.apache.ratis.util.AwaitToRun$RunnableImpl.run(AwaitToRun.java:47)
        at java.lang.Thread.run(Thread.java:750)
"timer0" daemon prio=5 tid=943 timed_waiting
java.lang.Thread.State: TIMED_WAITING
        at java.lang.Object.wait(Native Method)
        at java.util.TimerThread.mainLoop(Timer.java:552)
        at java.util.TimerThread.run(Timer.java:505)
"IPC Server handler 11 on default port 15000" daemon prio=5 tid=67 timed_waiting
java.lang.Thread.State: TIMED_WAITING
        at sun.misc.Unsafe.park(Native Method)
        at java.util.concurrent.locks.LockSupport.parkNanos(LockSupport.java:215)
        at java.util.concurrent.locks.AbstractQueuedSynchronizer$ConditionObject.awaitNanos(AbstractQueuedSynchronizer.java:2078)
        at java.util.concurrent.LinkedBlockingQueue.poll(LinkedBlockingQueue.java:467)
        at org.apache.hadoop.ipc.CallQueueManager.take(CallQueueManager.java:317)
        at org.apache.hadoop.ipc.Server$Handler.run(Server.java:3014)
"IPC Server handler 19 on default port 15004" daemon prio=5 tid=431 timed_waiting
java.lang.Thread.State: TIMED_WAITING
        at sun.misc.Unsafe.park(Native Method)
        at java.util.concurrent.locks.LockSupport.parkNanos(LockSupport.java:215)
        at java.util.concurrent.locks.AbstractQueuedSynchronizer$ConditionObject.awaitNanos(AbstractQueuedSynchronizer.java:2078)
        at java.util.concurrent.LinkedBlockingQueue.poll(LinkedBlockingQueue.java:467)
        at org.apache.hadoop.ipc.CallQueueManager.take(CallQueueManager.java:317)
        at org.apache.hadoop.ipc.Server$Handler.run(Server.java:3014)
"a40aef6e-dfc7-4141-9a41-17d72bf4eeff-BlockDeletingService#2" daemon prio=5 tid=1179 in Object.wait()
java.lang.Thread.State: WAITING (on object monitor)
        at sun.misc.Unsafe.park(Native Method)
        at java.util.concurrent.locks.LockSupport.park(LockSupport.java:175)
        at java.util.concurrent.locks.AbstractQueuedSynchronizer$ConditionObject.await(AbstractQueuedSynchronizer.java:2039)
        at java.util.concurrent.ScheduledThreadPoolExecutor$DelayedWorkQueue.take(ScheduledThreadPoolExecutor.java:1088)
        at java.util.concurrent.ScheduledThreadPoolExecutor$DelayedWorkQueue.take(ScheduledThreadPoolExecutor.java:809)
        at java.util.concurrent.ThreadPoolExecutor.getTask(ThreadPoolExecutor.java:1074)
        at java.util.concurrent.ThreadPoolExecutor.runWorker(ThreadPoolExecutor.java:1134)
        at java.util.concurrent.ThreadPoolExecutor$Worker.run(ThreadPoolExecutor.java:624)
        at java.lang.Thread.run(Thread.java:750)
"org.apache.hadoop.ozone.container.common.statemachine.commandhandler.DeleteBlocksCommandHandler$DeleteCmdWorker@4f4cba01" daemon prio=5 tid=635 timed_waiting
java.lang.Thread.State: TIMED_WAITING
        at java.lang.Thread.sleep(Native Method)
        at org.apache.hadoop.ozone.container.common.statemachine.commandhandler.DeleteBlocksCommandHandler$DeleteCmdWorker.run(DeleteBlocksCommandHandler.java:259)
        at java.lang.Thread.run(Thread.java:750)
"IPC Server handler 73 on default port 15009" daemon prio=5 tid=542 timed_waiting
java.lang.Thread.State: TIMED_WAITING
        at sun.misc.Unsafe.park(Native Method)
        at java.util.concurrent.locks.LockSupport.parkNanos(LockSupport.java:215)
        at java.util.concurrent.locks.AbstractQueuedSynchronizer$ConditionObject.awaitNanos(AbstractQueuedSynchronizer.java:2078)
        at java.util.concurrent.LinkedBlockingQueue.poll(LinkedBlockingQueue.java:467)
        at org.apache.hadoop.ipc.CallQueueManager.take(CallQueueManager.java:317)
        at org.apache.hadoop.ipc.Server$Handler.run(Server.java:3014)
"FixedThreadPoolWithAffinityExecutor-8-0" daemon prio=5 tid=53 timed_waiting
java.lang.Thread.State: TIMED_WAITING
        at sun.misc.Unsafe.park(Native Method)
        at java.util.concurrent.locks.LockSupport.parkNanos(LockSupport.java:215)
        at java.util.concurrent.locks.AbstractQueuedSynchronizer$ConditionObject.awaitNanos(AbstractQueuedSynchronizer.java:2078)
        at java.util.concurrent.LinkedBlockingQueue.poll(LinkedBlockingQueue.java:467)
        at org.apache.hadoop.hdds.scm.server.ContainerReportQueue.poll(ContainerReportQueue.java:269)
        at org.apache.hadoop.hdds.scm.server.ContainerReportQueue.poll(ContainerReportQueue.java:42)
        at org.apache.hadoop.hdds.server.events.FixedThreadPoolWithAffinityExecutor$ContainerReportProcessTask.run(FixedThreadPoolWithAffinityExecutor.java:253)
        at java.util.concurrent.Executors$RunnableAdapter.call(Executors.java:511)
        at java.util.concurrent.FutureTask.run(FutureTask.java:266)
        at java.util.concurrent.ThreadPoolExecutor.runWorker(ThreadPoolExecutor.java:1149)
        at java.util.concurrent.ThreadPoolExecutor$Worker.run(ThreadPoolExecutor.java:624)
        at java.lang.Thread.run(Thread.java:750)
"IPC Server handler 84 on default port 15002" daemon prio=5 tid=340 timed_waiting
java.lang.Thread.State: TIMED_WAITING
        at sun.misc.Unsafe.park(Native Method)
        at java.util.concurrent.locks.LockSupport.parkNanos(LockSupport.java:215)
        at java.util.concurrent.locks.AbstractQueuedSynchronizer$ConditionObject.awaitNanos(AbstractQueuedSynchronizer.java:2078)
        at java.util.concurrent.LinkedBlockingQueue.poll(LinkedBlockingQueue.java:467)
        at org.apache.hadoop.ipc.CallQueueManager.take(CallQueueManager.java:317)
        at org.apache.hadoop.ipc.Server$Handler.run(Server.java:3014)
"IPC Server handler 84 on default port 15001" daemon prio=5 tid=240 timed_waiting
java.lang.Thread.State: TIMED_WAITING
        at sun.misc.Unsafe.park(Native Method)
        at java.util.concurrent.locks.LockSupport.parkNanos(LockSupport.java:215)
        at java.util.concurrent.locks.AbstractQueuedSynchronizer$ConditionObject.awaitNanos(AbstractQueuedSynchronizer.java:2078)
        at java.util.concurrent.LinkedBlockingQueue.poll(LinkedBlockingQueue.java:467)
        at org.apache.hadoop.ipc.CallQueueManager.take(CallQueueManager.java:317)
        at org.apache.hadoop.ipc.Server$Handler.run(Server.java:3014)
"timer5" daemon prio=5 tid=938 timed_waiting
java.lang.Thread.State: TIMED_WAITING
        at java.lang.Object.wait(Native Method)
        at java.util.TimerThread.mainLoop(Timer.java:552)
        at java.util.TimerThread.run(Timer.java:505)
"pool-64-thread-1"  prio=5 tid=402 timed_waiting
java.lang.Thread.State: TIMED_WAITING
        at sun.misc.Unsafe.park(Native Method)
        at java.util.concurrent.locks.LockSupport.parkNanos(LockSupport.java:215)
        at java.util.concurrent.locks.AbstractQueuedSynchronizer$ConditionObject.awaitNanos(AbstractQueuedSynchronizer.java:2078)
        at java.util.concurrent.ScheduledThreadPoolExecutor$DelayedWorkQueue.take(ScheduledThreadPoolExecutor.java:1093)
        at java.util.concurrent.ScheduledThreadPoolExecutor$DelayedWorkQueue.take(ScheduledThreadPoolExecutor.java:809)
        at java.util.concurrent.ThreadPoolExecutor.getTask(ThreadPoolExecutor.java:1074)
        at java.util.concurrent.ThreadPoolExecutor.runWorker(ThreadPoolExecutor.java:1134)
        at java.util.concurrent.ThreadPoolExecutor$Worker.run(ThreadPoolExecutor.java:624)
        at java.lang.Thread.run(Thread.java:750)
"IPC Server handler 37 on default port 15000" daemon prio=5 tid=93 timed_waiting
java.lang.Thread.State: TIMED_WAITING
        at sun.misc.Unsafe.park(Native Method)
        at java.util.concurrent.locks.LockSupport.parkNanos(LockSupport.java:215)
        at java.util.concurrent.locks.AbstractQueuedSynchronizer$ConditionObject.awaitNanos(AbstractQueuedSynchronizer.java:2078)
        at java.util.concurrent.LinkedBlockingQueue.poll(LinkedBlockingQueue.java:467)
        at org.apache.hadoop.ipc.CallQueueManager.take(CallQueueManager.java:317)
        at org.apache.hadoop.ipc.Server$Handler.run(Server.java:3014)
"org.apache.hadoop.ozone.container.common.statemachine.commandhandler.DeleteBlocksCommandHandler$DeleteCmdWorker@4bbe05c4" daemon prio=5 tid=663 timed_waiting
java.lang.Thread.State: TIMED_WAITING
        at java.lang.Thread.sleep(Native Method)
        at org.apache.hadoop.ozone.container.common.statemachine.commandhandler.DeleteBlocksCommandHandler$DeleteCmdWorker.run(DeleteBlocksCommandHandler.java:259)
        at java.lang.Thread.run(Thread.java:750)
"ContainerDataScanner(/home/runner/work/ozone/ozone/hadoop-ozone/integration-test/target/test-dir/MiniOzoneClusterImpl-9e1941cb-56ba-429e-854d-1e52595ce6ec/ozone-meta/datanode-3/data-0/hdds)" daemon prio=5 tid=766 timed_waiting
java.lang.Thread.State: TIMED_WAITING
        at java.lang.Thread.sleep(Native Method)
        at org.apache.hadoop.ozone.container.ozoneimpl.AbstractBackgroundContainerScanner.handleRemainingSleep(AbstractBackgroundContainerScanner.java:131)
        at org.apache.hadoop.ozone.container.ozoneimpl.AbstractBackgroundContainerScanner.runIteration(AbstractBackgroundContainerScanner.java:98)
        at org.apache.hadoop.ozone.container.ozoneimpl.AbstractBackgroundContainerScanner.run(AbstractBackgroundContainerScanner.java:57)
"qtp226609535-637" daemon prio=5 tid=637 timed_waiting
java.lang.Thread.State: TIMED_WAITING
        at sun.misc.Unsafe.park(Native Method)
        at java.util.concurrent.locks.LockSupport.parkNanos(LockSupport.java:215)
        at java.util.concurrent.locks.AbstractQueuedSynchronizer$ConditionObject.awaitNanos(AbstractQueuedSynchronizer.java:2078)
        at org.eclipse.jetty.util.BlockingArrayQueue.poll(BlockingArrayQueue.java:382)
        at org.eclipse.jetty.util.thread.QueuedThreadPool$Runner.idleJobPoll(QueuedThreadPool.java:974)
        at org.eclipse.jetty.util.thread.QueuedThreadPool$Runner.run(QueuedThreadPool.java:1018)
        at java.lang.Thread.run(Thread.java:750)
"PartialTableCache-Cleanup-0" daemon prio=5 tid=953 in Object.wait()
java.lang.Thread.State: WAITING (on object monitor)
        at sun.misc.Unsafe.park(Native Method)
        at java.util.concurrent.locks.LockSupport.park(LockSupport.java:175)
        at java.util.concurrent.locks.AbstractQueuedSynchronizer$ConditionObject.await(AbstractQueuedSynchronizer.java:2039)
        at java.util.concurrent.LinkedBlockingQueue.take(LinkedBlockingQueue.java:442)
        at java.util.concurrent.ThreadPoolExecutor.getTask(ThreadPoolExecutor.java:1074)
        at java.util.concurrent.ThreadPoolExecutor.runWorker(ThreadPoolExecutor.java:1134)
        at java.util.concurrent.ThreadPoolExecutor$Worker.run(ThreadPoolExecutor.java:624)
        at java.lang.Thread.run(Thread.java:750)
"a40aef6e-dfc7-4141-9a41-17d72bf4eeff-DatanodeStateMachineTaskThread-1"  prio=5 tid=777 in Object.wait()
java.lang.Thread.State: WAITING (on object monitor)
        at sun.misc.Unsafe.park(Native Method)
        at java.util.concurrent.locks.LockSupport.park(LockSupport.java:175)
        at java.util.concurrent.locks.AbstractQueuedSynchronizer$ConditionObject.await(AbstractQueuedSynchronizer.java:2039)
        at java.util.concurrent.LinkedBlockingQueue.take(LinkedBlockingQueue.java:442)
        at java.util.concurrent.ThreadPoolExecutor.getTask(ThreadPoolExecutor.java:1074)
        at java.util.concurrent.ThreadPoolExecutor.runWorker(ThreadPoolExecutor.java:1134)
        at java.util.concurrent.ThreadPoolExecutor$Worker.run(ThreadPoolExecutor.java:624)
        at java.lang.Thread.run(Thread.java:750)
"cc1e4d3c-2283-4c28-b737-db868cb45369@group-82A21D15CBF7-cacheEviction-AwaitToRun" daemon prio=5 tid=1150 in Object.wait()
java.lang.Thread.State: WAITING (on object monitor)
        at sun.misc.Unsafe.park(Native Method)
        at java.util.concurrent.locks.LockSupport.park(LockSupport.java:175)
        at java.util.concurrent.locks.AbstractQueuedSynchronizer$ConditionObject.await(AbstractQueuedSynchronizer.java:2039)
        at org.apache.ratis.util.AwaitForSignal.await(AwaitForSignal.java:48)
        at org.apache.ratis.util.AwaitToRun$RunnableImpl.run(AwaitToRun.java:47)
        at java.lang.Thread.run(Thread.java:750)
"PartialTableCache-Cleanup-0" daemon prio=5 tid=936 in Object.wait()
java.lang.Thread.State: WAITING (on object monitor)
        at sun.misc.Unsafe.park(Native Method)
        at java.util.concurrent.locks.LockSupport.park(LockSupport.java:175)
        at java.util.concurrent.locks.AbstractQueuedSynchronizer$ConditionObject.await(AbstractQueuedSynchronizer.java:2039)
        at java.util.concurrent.LinkedBlockingQueue.take(LinkedBlockingQueue.java:442)
        at java.util.concurrent.ThreadPoolExecutor.getTask(ThreadPoolExecutor.java:1074)
        at java.util.concurrent.ThreadPoolExecutor.runWorker(ThreadPoolExecutor.java:1134)
        at java.util.concurrent.ThreadPoolExecutor$Worker.run(ThreadPoolExecutor.java:624)
        at java.lang.Thread.run(Thread.java:750)
"org.apache.hadoop.ozone.container.common.statemachine.commandhandler.DeleteBlocksCommandHandler$DeleteCmdWorker@bd9f64" daemon prio=5 tid=579 timed_waiting
java.lang.Thread.State: TIMED_WAITING
        at java.lang.Thread.sleep(Native Method)
        at org.apache.hadoop.ozone.container.common.statemachine.commandhandler.DeleteBlocksCommandHandler$DeleteCmdWorker.run(DeleteBlocksCommandHandler.java:259)
        at java.lang.Thread.run(Thread.java:750)
"FullTableCache-Cleanup-0" daemon prio=5 tid=932 in Object.wait()
java.lang.Thread.State: WAITING (on object monitor)
        at sun.misc.Unsafe.park(Native Method)
        at java.util.concurrent.locks.LockSupport.park(LockSupport.java:175)
        at java.util.concurrent.locks.AbstractQueuedSynchronizer$ConditionObject.await(AbstractQueuedSynchronizer.java:2039)
        at java.util.concurrent.LinkedBlockingQueue.take(LinkedBlockingQueue.java:442)
        at java.util.concurrent.ThreadPoolExecutor.getTask(ThreadPoolExecutor.java:1074)
        at java.util.concurrent.ThreadPoolExecutor.runWorker(ThreadPoolExecutor.java:1134)
        at java.util.concurrent.ThreadPoolExecutor$Worker.run(ThreadPoolExecutor.java:624)
        at java.lang.Thread.run(Thread.java:750)
"ceb25050-cf9f-4852-a13e-a5ff0cf3b4d2-groupManagement"  prio=5 tid=874 in Object.wait()
java.lang.Thread.State: WAITING (on object monitor)
        at sun.misc.Unsafe.park(Native Method)
        at java.util.concurrent.locks.LockSupport.park(LockSupport.java:175)
        at java.util.concurrent.locks.AbstractQueuedSynchronizer$ConditionObject.await(AbstractQueuedSynchronizer.java:2039)
        at java.util.concurrent.LinkedBlockingQueue.take(LinkedBlockingQueue.java:442)
        at java.util.concurrent.ThreadPoolExecutor.getTask(ThreadPoolExecutor.java:1074)
        at java.util.concurrent.ThreadPoolExecutor.runWorker(ThreadPoolExecutor.java:1134)
        at java.util.concurrent.ThreadPoolExecutor$Worker.run(ThreadPoolExecutor.java:624)
        at java.lang.Thread.run(Thread.java:750)
"qtp976190925-697" daemon prio=5 tid=697 timed_waiting
java.lang.Thread.State: TIMED_WAITING
        at sun.misc.Unsafe.park(Native Method)
        at java.util.concurrent.locks.LockSupport.parkNanos(LockSupport.java:215)
        at java.util.concurrent.locks.AbstractQueuedSynchronizer$ConditionObject.awaitNanos(AbstractQueuedSynchronizer.java:2078)
        at org.eclipse.jetty.util.BlockingArrayQueue.poll(BlockingArrayQueue.java:382)
        at org.eclipse.jetty.util.thread.QueuedThreadPool$Runner.idleJobPoll(QueuedThreadPool.java:974)
        at org.eclipse.jetty.util.thread.QueuedThreadPool$Runner.run(QueuedThreadPool.java:1018)
        at java.lang.Thread.run(Thread.java:750)
"ExpiredContainerReplicaOpScrubber" daemon prio=5 tid=24 timed_waiting
java.lang.Thread.State: TIMED_WAITING
        at java.lang.Object.wait(Native Method)
        at org.apache.hadoop.hdds.scm.ha.BackgroundSCMService.run(BackgroundSCMService.java:107)
        at org.apache.hadoop.hdds.scm.ha.BackgroundSCMService$$Lambda$561/2086062353.run(Unknown Source)
        at java.lang.Thread.run(Thread.java:750)
"59c3495a-7636-40f9-8dfa-c28be8e98abd-DatanodeReportManager-2" daemon prio=5 tid=599 in Object.wait()
java.lang.Thread.State: WAITING (on object monitor)
        at sun.misc.Unsafe.park(Native Method)
        at java.util.concurrent.locks.LockSupport.park(LockSupport.java:175)
        at java.util.concurrent.locks.AbstractQueuedSynchronizer$ConditionObject.await(AbstractQueuedSynchronizer.java:2039)
        at java.util.concurrent.ScheduledThreadPoolExecutor$DelayedWorkQueue.take(ScheduledThreadPoolExecutor.java:1088)
        at java.util.concurrent.ScheduledThreadPoolExecutor$DelayedWorkQueue.take(ScheduledThreadPoolExecutor.java:809)
        at java.util.concurrent.ThreadPoolExecutor.getTask(ThreadPoolExecutor.java:1074)
        at java.util.concurrent.ThreadPoolExecutor.runWorker(ThreadPoolExecutor.java:1134)
        at java.util.concurrent.ThreadPoolExecutor$Worker.run(ThreadPoolExecutor.java:624)
        at java.lang.Thread.run(Thread.java:750)
"IPC Server handler 36 on default port 15002" daemon prio=5 tid=292 timed_waiting
java.lang.Thread.State: TIMED_WAITING
        at sun.misc.Unsafe.park(Native Method)
        at java.util.concurrent.locks.LockSupport.parkNanos(LockSupport.java:215)
        at java.util.concurrent.locks.AbstractQueuedSynchronizer$ConditionObject.awaitNanos(AbstractQueuedSynchronizer.java:2078)
        at java.util.concurrent.LinkedBlockingQueue.poll(LinkedBlockingQueue.java:467)
        at org.apache.hadoop.ipc.CallQueueManager.take(CallQueueManager.java:317)
        at org.apache.hadoop.ipc.Server$Handler.run(Server.java:3014)
"IPC Server handler 49 on default port 15001" daemon prio=5 tid=205 timed_waiting
java.lang.Thread.State: TIMED_WAITING
        at sun.misc.Unsafe.park(Native Method)
        at java.util.concurrent.locks.LockSupport.parkNanos(LockSupport.java:215)
        at java.util.concurrent.locks.AbstractQueuedSynchronizer$ConditionObject.awaitNanos(AbstractQueuedSynchronizer.java:2078)
        at java.util.concurrent.LinkedBlockingQueue.poll(LinkedBlockingQueue.java:467)
        at org.apache.hadoop.ipc.CallQueueManager.take(CallQueueManager.java:317)
        at org.apache.hadoop.ipc.Server$Handler.run(Server.java:3014)
"Connector-Scheduler-2ec993d6-1"  prio=5 tid=957 timed_waiting
java.lang.Thread.State: TIMED_WAITING
        at sun.misc.Unsafe.park(Native Method)
        at java.util.concurrent.locks.LockSupport.parkNanos(LockSupport.java:215)
        at java.util.concurrent.locks.AbstractQueuedSynchronizer$ConditionObject.awaitNanos(AbstractQueuedSynchronizer.java:2078)
        at java.util.concurrent.ScheduledThreadPoolExecutor$DelayedWorkQueue.take(ScheduledThreadPoolExecutor.java:1093)
        at java.util.concurrent.ScheduledThreadPoolExecutor$DelayedWorkQueue.take(ScheduledThreadPoolExecutor.java:809)
        at java.util.concurrent.ThreadPoolExecutor.getTask(ThreadPoolExecutor.java:1074)
        at java.util.concurrent.ThreadPoolExecutor.runWorker(ThreadPoolExecutor.java:1134)
        at java.util.concurrent.ThreadPoolExecutor$Worker.run(ThreadPoolExecutor.java:624)
        at java.lang.Thread.run(Thread.java:750)
"IPC Server handler 51 on default port 15009" daemon prio=5 tid=520 timed_waiting
java.lang.Thread.State: TIMED_WAITING
        at sun.misc.Unsafe.park(Native Method)
        at java.util.concurrent.locks.LockSupport.parkNanos(LockSupport.java:215)
        at java.util.concurrent.locks.AbstractQueuedSynchronizer$ConditionObject.awaitNanos(AbstractQueuedSynchronizer.java:2078)
        at java.util.concurrent.LinkedBlockingQueue.poll(LinkedBlockingQueue.java:467)
        at org.apache.hadoop.ipc.CallQueueManager.take(CallQueueManager.java:317)
        at org.apache.hadoop.ipc.Server$Handler.run(Server.java:3014)
"IPC Server handler 75 on default port 15009" daemon prio=5 tid=544 timed_waiting
java.lang.Thread.State: TIMED_WAITING
        at sun.misc.Unsafe.park(Native Method)
        at java.util.concurrent.locks.LockSupport.parkNanos(LockSupport.java:215)
        at java.util.concurrent.locks.AbstractQueuedSynchronizer$ConditionObject.awaitNanos(AbstractQueuedSynchronizer.java:2078)
        at java.util.concurrent.LinkedBlockingQueue.poll(LinkedBlockingQueue.java:467)
        at org.apache.hadoop.ipc.CallQueueManager.take(CallQueueManager.java:317)
        at org.apache.hadoop.ipc.Server$Handler.run(Server.java:3014)
"IPC Server handler 13 on default port 15004" daemon prio=5 tid=425 timed_waiting
java.lang.Thread.State: TIMED_WAITING
        at sun.misc.Unsafe.park(Native Method)
        at java.util.concurrent.locks.LockSupport.parkNanos(LockSupport.java:215)
        at java.util.concurrent.locks.AbstractQueuedSynchronizer$ConditionObject.awaitNanos(AbstractQueuedSynchronizer.java:2078)
        at java.util.concurrent.LinkedBlockingQueue.poll(LinkedBlockingQueue.java:467)
        at org.apache.hadoop.ipc.CallQueueManager.take(CallQueueManager.java:317)
        at org.apache.hadoop.ipc.Server$Handler.run(Server.java:3014)
"d1715241-1ffa-4146-b219-94c9c0fc171f-BlockDeletingService#2" daemon prio=5 tid=1177 in Object.wait()
java.lang.Thread.State: WAITING (on object monitor)
        at sun.misc.Unsafe.park(Native Method)
        at java.util.concurrent.locks.LockSupport.park(LockSupport.java:175)
        at java.util.concurrent.locks.AbstractQueuedSynchronizer$ConditionObject.await(AbstractQueuedSynchronizer.java:2039)
        at java.util.concurrent.ScheduledThreadPoolExecutor$DelayedWorkQueue.take(ScheduledThreadPoolExecutor.java:1088)
        at java.util.concurrent.ScheduledThreadPoolExecutor$DelayedWorkQueue.take(ScheduledThreadPoolExecutor.java:809)
        at java.util.concurrent.ThreadPoolExecutor.getTask(ThreadPoolExecutor.java:1074)
        at java.util.concurrent.ThreadPoolExecutor.runWorker(ThreadPoolExecutor.java:1134)
        at java.util.concurrent.ThreadPoolExecutor$Worker.run(ThreadPoolExecutor.java:624)
        at java.lang.Thread.run(Thread.java:750)
"d1715241-1ffa-4146-b219-94c9c0fc171f-DatanodeReportManager-2" daemon prio=5 tid=655 in Object.wait()
java.lang.Thread.State: WAITING (on object monitor)
        at sun.misc.Unsafe.park(Native Method)
        at java.util.concurrent.locks.LockSupport.park(LockSupport.java:175)
        at java.util.concurrent.locks.AbstractQueuedSynchronizer$ConditionObject.await(AbstractQueuedSynchronizer.java:2039)
        at java.util.concurrent.ScheduledThreadPoolExecutor$DelayedWorkQueue.take(ScheduledThreadPoolExecutor.java:1088)
        at java.util.concurrent.ScheduledThreadPoolExecutor$DelayedWorkQueue.take(ScheduledThreadPoolExecutor.java:809)
        at java.util.concurrent.ThreadPoolExecutor.getTask(ThreadPoolExecutor.java:1074)
        at java.util.concurrent.ThreadPoolExecutor.runWorker(ThreadPoolExecutor.java:1134)
        at java.util.concurrent.ThreadPoolExecutor$Worker.run(ThreadPoolExecutor.java:624)
        at java.lang.Thread.run(Thread.java:750)
"IPC Server handler 43 on default port 15009" daemon prio=5 tid=512 timed_waiting
java.lang.Thread.State: TIMED_WAITING
        at sun.misc.Unsafe.park(Native Method)
        at java.util.concurrent.locks.LockSupport.parkNanos(LockSupport.java:215)
        at java.util.concurrent.locks.AbstractQueuedSynchronizer$ConditionObject.awaitNanos(AbstractQueuedSynchronizer.java:2078)
        at java.util.concurrent.LinkedBlockingQueue.poll(LinkedBlockingQueue.java:467)
        at org.apache.hadoop.ipc.CallQueueManager.take(CallQueueManager.java:317)
        at org.apache.hadoop.ipc.Server$Handler.run(Server.java:3014)
"IPC Server handler 64 on default port 15001" daemon prio=5 tid=220 timed_waiting
java.lang.Thread.State: TIMED_WAITING
        at sun.misc.Unsafe.park(Native Method)
        at java.util.concurrent.locks.LockSupport.parkNanos(LockSupport.java:215)
        at java.util.concurrent.locks.AbstractQueuedSynchronizer$ConditionObject.awaitNanos(AbstractQueuedSynchronizer.java:2078)
        at java.util.concurrent.LinkedBlockingQueue.poll(LinkedBlockingQueue.java:467)
        at org.apache.hadoop.ipc.CallQueueManager.take(CallQueueManager.java:317)
        at org.apache.hadoop.ipc.Server$Handler.run(Server.java:3014)
"Signal Dispatcher" daemon prio=9 tid=4 runnable
java.lang.Thread.State: RUNNABLE
"qtp1360692538-462" daemon prio=5 tid=462 runnable
java.lang.Thread.State: RUNNABLE
        at sun.nio.ch.EPollArrayWrapper.epollWait(Native Method)
        at sun.nio.ch.EPollArrayWrapper.poll(EPollArrayWrapper.java:269)
        at sun.nio.ch.EPollSelectorImpl.doSelect(EPollSelectorImpl.java:93)
        at sun.nio.ch.SelectorImpl.lockAndDoSelect(SelectorImpl.java:86)
        at sun.nio.ch.SelectorImpl.select(SelectorImpl.java:97)
        at sun.nio.ch.SelectorImpl.select(SelectorImpl.java:101)
        at org.eclipse.jetty.io.ManagedSelector.nioSelect(ManagedSelector.java:183)
        at org.eclipse.jetty.io.ManagedSelector.select(ManagedSelector.java:190)
        at org.eclipse.jetty.io.ManagedSelector$SelectorProducer.select(ManagedSelector.java:606)
        at org.eclipse.jetty.io.ManagedSelector$SelectorProducer.produce(ManagedSelector.java:543)
        at org.eclipse.jetty.util.thread.strategy.EatWhatYouKill.produceTask(EatWhatYouKill.java:362)
        at org.eclipse.jetty.util.thread.strategy.EatWhatYouKill.doProduce(EatWhatYouKill.java:186)
        at org.eclipse.jetty.util.thread.strategy.EatWhatYouKill.tryProduce(EatWhatYouKill.java:173)
        at org.eclipse.jetty.util.thread.strategy.EatWhatYouKill.run(EatWhatYouKill.java:131)
        at org.eclipse.jetty.util.thread.ReservedThreadExecutor$ReservedThread.run(ReservedThreadExecutor.java:409)
        at org.eclipse.jetty.util.thread.QueuedThreadPool.runJob(QueuedThreadPool.java:883)
        at org.eclipse.jetty.util.thread.QueuedThreadPool$Runner.run(QueuedThreadPool.java:1034)
        at java.lang.Thread.run(Thread.java:750)
"qtp2139799663-404" daemon prio=5 tid=404 timed_waiting
java.lang.Thread.State: TIMED_WAITING
        at sun.misc.Unsafe.park(Native Method)
        at java.util.concurrent.locks.LockSupport.parkNanos(LockSupport.java:215)
        at java.util.concurrent.locks.AbstractQueuedSynchronizer$ConditionObject.awaitNanos(AbstractQueuedSynchronizer.java:2078)
        at org.eclipse.jetty.util.BlockingArrayQueue.poll(BlockingArrayQueue.java:382)
        at org.eclipse.jetty.util.thread.QueuedThreadPool$Runner.idleJobPoll(QueuedThreadPool.java:974)
        at org.eclipse.jetty.util.thread.QueuedThreadPool$Runner.run(QueuedThreadPool.java:1018)
        at java.lang.Thread.run(Thread.java:750)
"IPC Server handler 40 on default port 15001" daemon prio=5 tid=196 timed_waiting
java.lang.Thread.State: TIMED_WAITING
        at sun.misc.Unsafe.park(Native Method)
        at java.util.concurrent.locks.LockSupport.parkNanos(LockSupport.java:215)
        at java.util.concurrent.locks.AbstractQueuedSynchronizer$ConditionObject.awaitNanos(AbstractQueuedSynchronizer.java:2078)
        at java.util.concurrent.LinkedBlockingQueue.poll(LinkedBlockingQueue.java:467)
        at org.apache.hadoop.ipc.CallQueueManager.take(CallQueueManager.java:317)
        at org.apache.hadoop.ipc.Server$Handler.run(Server.java:3014)
"IPC Server handler 0 on default port 15001" daemon prio=5 tid=156 timed_waiting
java.lang.Thread.State: TIMED_WAITING
        at sun.misc.Unsafe.park(Native Method)
        at java.util.concurrent.locks.LockSupport.parkNanos(LockSupport.java:215)
        at java.util.concurrent.locks.AbstractQueuedSynchronizer$ConditionObject.awaitNanos(AbstractQueuedSynchronizer.java:2078)
        at java.util.concurrent.LinkedBlockingQueue.poll(LinkedBlockingQueue.java:467)
        at org.apache.hadoop.ipc.CallQueueManager.take(CallQueueManager.java:317)
        at org.apache.hadoop.ipc.Server$Handler.run(Server.java:3014)
"IPC Server handler 83 on default port 15009" daemon prio=5 tid=552 timed_waiting
java.lang.Thread.State: TIMED_WAITING
        at sun.misc.Unsafe.park(Native Method)
        at java.util.concurrent.locks.LockSupport.parkNanos(LockSupport.java:215)
        at java.util.concurrent.locks.AbstractQueuedSynchronizer$ConditionObject.awaitNanos(AbstractQueuedSynchronizer.java:2078)
        at java.util.concurrent.LinkedBlockingQueue.poll(LinkedBlockingQueue.java:467)
        at org.apache.hadoop.ipc.CallQueueManager.take(CallQueueManager.java:317)
        at org.apache.hadoop.ipc.Server$Handler.run(Server.java:3014)
"IPC Server handler 44 on default port 15000" daemon prio=5 tid=100 timed_waiting
java.lang.Thread.State: TIMED_WAITING
        at sun.misc.Unsafe.park(Native Method)
        at java.util.concurrent.locks.LockSupport.parkNanos(LockSupport.java:215)
        at java.util.concurrent.locks.AbstractQueuedSynchronizer$ConditionObject.awaitNanos(AbstractQueuedSynchronizer.java:2078)
        at java.util.concurrent.LinkedBlockingQueue.poll(LinkedBlockingQueue.java:467)
        at org.apache.hadoop.ipc.CallQueueManager.take(CallQueueManager.java:317)
        at org.apache.hadoop.ipc.Server$Handler.run(Server.java:3014)
"IPC Server handler 22 on default port 15009" daemon prio=5 tid=491 timed_waiting
java.lang.Thread.State: TIMED_WAITING
        at sun.misc.Unsafe.park(Native Method)
        at java.util.concurrent.locks.LockSupport.parkNanos(LockSupport.java:215)
        at java.util.concurrent.locks.AbstractQueuedSynchronizer$ConditionObject.awaitNanos(AbstractQueuedSynchronizer.java:2078)
        at java.util.concurrent.LinkedBlockingQueue.poll(LinkedBlockingQueue.java:467)
        at org.apache.hadoop.ipc.CallQueueManager.take(CallQueueManager.java:317)
        at org.apache.hadoop.ipc.Server$Handler.run(Server.java:3014)
"StaleRecoveringContainerScrubbingService#0" daemon prio=5 tid=755 in Object.wait()
java.lang.Thread.State: WAITING (on object monitor)
        at sun.misc.Unsafe.park(Native Method)
        at java.util.concurrent.locks.LockSupport.park(LockSupport.java:175)
        at java.util.concurrent.locks.AbstractQueuedSynchronizer$ConditionObject.await(AbstractQueuedSynchronizer.java:2039)
        at java.util.concurrent.ScheduledThreadPoolExecutor$DelayedWorkQueue.take(ScheduledThreadPoolExecutor.java:1088)
        at java.util.concurrent.ScheduledThreadPoolExecutor$DelayedWorkQueue.take(ScheduledThreadPoolExecutor.java:809)
        at java.util.concurrent.ThreadPoolExecutor.getTask(ThreadPoolExecutor.java:1074)
        at java.util.concurrent.ThreadPoolExecutor.runWorker(ThreadPoolExecutor.java:1134)
        at java.util.concurrent.ThreadPoolExecutor$Worker.run(ThreadPoolExecutor.java:624)
        at java.lang.Thread.run(Thread.java:750)
"pool-114-thread-1"  prio=5 tid=580 timed_waiting
java.lang.Thread.State: TIMED_WAITING
        at sun.misc.Unsafe.park(Native Method)
        at java.util.concurrent.locks.LockSupport.parkNanos(LockSupport.java:215)
        at java.util.concurrent.locks.AbstractQueuedSynchronizer$ConditionObject.awaitNanos(AbstractQueuedSynchronizer.java:2078)
        at java.util.concurrent.ScheduledThreadPoolExecutor$DelayedWorkQueue.take(ScheduledThreadPoolExecutor.java:1093)
        at java.util.concurrent.ScheduledThreadPoolExecutor$DelayedWorkQueue.take(ScheduledThreadPoolExecutor.java:809)
        at java.util.concurrent.ThreadPoolExecutor.getTask(ThreadPoolExecutor.java:1074)
        at java.util.concurrent.ThreadPoolExecutor.runWorker(ThreadPoolExecutor.java:1134)
        at java.util.concurrent.ThreadPoolExecutor$Worker.run(ThreadPoolExecutor.java:624)
        at java.lang.Thread.run(Thread.java:750)
"qtp1115963634-367" daemon prio=5 tid=367 timed_waiting
java.lang.Thread.State: TIMED_WAITING
        at sun.misc.Unsafe.park(Native Method)
        at java.util.concurrent.locks.LockSupport.parkNanos(LockSupport.java:215)
        at java.util.concurrent.locks.AbstractQueuedSynchronizer$ConditionObject.awaitNanos(AbstractQueuedSynchronizer.java:2078)
        at org.eclipse.jetty.util.BlockingArrayQueue.poll(BlockingArrayQueue.java:382)
        at org.eclipse.jetty.util.thread.QueuedThreadPool$Runner.idleJobPoll(QueuedThreadPool.java:974)
        at org.eclipse.jetty.util.thread.QueuedThreadPool$Runner.run(QueuedThreadPool.java:1018)
        at java.lang.Thread.run(Thread.java:750)
"59c3495a-7636-40f9-8dfa-c28be8e98abd-PipelineCommandHandlerThread-0"  prio=5 tid=828 in Object.wait()
java.lang.Thread.State: WAITING (on object monitor)
        at sun.misc.Unsafe.park(Native Method)
        at java.util.concurrent.locks.LockSupport.park(LockSupport.java:175)
        at java.util.concurrent.locks.AbstractQueuedSynchronizer$ConditionObject.await(AbstractQueuedSynchronizer.java:2039)
        at java.util.concurrent.LinkedBlockingQueue.take(LinkedBlockingQueue.java:442)
        at java.util.concurrent.ThreadPoolExecutor.getTask(ThreadPoolExecutor.java:1074)
        at java.util.concurrent.ThreadPoolExecutor.runWorker(ThreadPoolExecutor.java:1134)
        at java.util.concurrent.ThreadPoolExecutor$Worker.run(ThreadPoolExecutor.java:624)
        at java.lang.Thread.run(Thread.java:750)
"om1@group-C5BA1605619E-LeaderStateImpl" daemon prio=5 tid=436 timed_waiting
java.lang.Thread.State: TIMED_WAITING
        at sun.misc.Unsafe.park(Native Method)
        at java.util.concurrent.locks.LockSupport.parkNanos(LockSupport.java:215)
        at java.util.concurrent.locks.AbstractQueuedSynchronizer$ConditionObject.awaitNanos(AbstractQueuedSynchronizer.java:2078)
        at java.util.concurrent.ArrayBlockingQueue.poll(ArrayBlockingQueue.java:418)
        at org.apache.ratis.server.impl.LeaderStateImpl$EventQueue.poll(LeaderStateImpl.java:164)
        at org.apache.ratis.server.impl.LeaderStateImpl$EventProcessor.run(LeaderStateImpl.java:762)
"StaleRecoveringContainerScrubbingService#0" daemon prio=5 tid=774 timed_waiting
java.lang.Thread.State: TIMED_WAITING
        at sun.misc.Unsafe.park(Native Method)
        at java.util.concurrent.locks.LockSupport.parkNanos(LockSupport.java:215)
        at java.util.concurrent.locks.AbstractQueuedSynchronizer$ConditionObject.awaitNanos(AbstractQueuedSynchronizer.java:2078)
        at java.util.concurrent.ScheduledThreadPoolExecutor$DelayedWorkQueue.take(ScheduledThreadPoolExecutor.java:1093)
        at java.util.concurrent.ScheduledThreadPoolExecutor$DelayedWorkQueue.take(ScheduledThreadPoolExecutor.java:809)
        at java.util.concurrent.ThreadPoolExecutor.getTask(ThreadPoolExecutor.java:1074)
        at java.util.concurrent.ThreadPoolExecutor.runWorker(ThreadPoolExecutor.java:1134)
        at java.util.concurrent.ThreadPoolExecutor$Worker.run(ThreadPoolExecutor.java:624)
        at java.lang.Thread.run(Thread.java:750)
"IPC Server handler 19 on default port 15001" daemon prio=5 tid=175 timed_waiting
java.lang.Thread.State: TIMED_WAITING
        at sun.misc.Unsafe.park(Native Method)
        at java.util.concurrent.locks.LockSupport.parkNanos(LockSupport.java:215)
        at java.util.concurrent.locks.AbstractQueuedSynchronizer$ConditionObject.awaitNanos(AbstractQueuedSynchronizer.java:2078)
        at java.util.concurrent.LinkedBlockingQueue.poll(LinkedBlockingQueue.java:467)
        at org.apache.hadoop.ipc.CallQueueManager.take(CallQueueManager.java:317)
        at org.apache.hadoop.ipc.Server$Handler.run(Server.java:3014)
"IPC Server handler 3 on default port 15002" daemon prio=5 tid=259 timed_waiting
java.lang.Thread.State: TIMED_WAITING
        at sun.misc.Unsafe.park(Native Method)
        at java.util.concurrent.locks.LockSupport.parkNanos(LockSupport.java:215)
        at java.util.concurrent.locks.AbstractQueuedSynchronizer$ConditionObject.awaitNanos(AbstractQueuedSynchronizer.java:2078)
        at java.util.concurrent.LinkedBlockingQueue.poll(LinkedBlockingQueue.java:467)
        at org.apache.hadoop.ipc.CallQueueManager.take(CallQueueManager.java:317)
        at org.apache.hadoop.ipc.Server$Handler.run(Server.java:3014)
"Recon-EventQueue-NewNodeForReconNewNodeHandler" daemon prio=5 tid=816 in Object.wait()
java.lang.Thread.State: WAITING (on object monitor)
        at sun.misc.Unsafe.park(Native Method)
        at java.util.concurrent.locks.LockSupport.park(LockSupport.java:175)
        at java.util.concurrent.locks.AbstractQueuedSynchronizer$ConditionObject.await(AbstractQueuedSynchronizer.java:2039)
        at java.util.concurrent.LinkedBlockingQueue.take(LinkedBlockingQueue.java:442)
        at java.util.concurrent.ThreadPoolExecutor.getTask(ThreadPoolExecutor.java:1074)
        at java.util.concurrent.ThreadPoolExecutor.runWorker(ThreadPoolExecutor.java:1134)
        at java.util.concurrent.ThreadPoolExecutor$Worker.run(ThreadPoolExecutor.java:624)
        at java.lang.Thread.run(Thread.java:750)
"ContainerMetadataScanner" daemon prio=5 tid=803 timed_waiting
java.lang.Thread.State: TIMED_WAITING
        at java.lang.Thread.sleep(Native Method)
        at org.apache.hadoop.ozone.container.ozoneimpl.AbstractBackgroundContainerScanner.handleRemainingSleep(AbstractBackgroundContainerScanner.java:131)
        at org.apache.hadoop.ozone.container.ozoneimpl.AbstractBackgroundContainerScanner.runIteration(AbstractBackgroundContainerScanner.java:98)
        at org.apache.hadoop.ozone.container.ozoneimpl.AbstractBackgroundContainerScanner.run(AbstractBackgroundContainerScanner.java:57)
"Socket Reader #1 for port 15021"  prio=5 tid=619 runnable
java.lang.Thread.State: RUNNABLE
        at sun.nio.ch.EPollArrayWrapper.epollWait(Native Method)
        at sun.nio.ch.EPollArrayWrapper.poll(EPollArrayWrapper.java:269)
        at sun.nio.ch.EPollSelectorImpl.doSelect(EPollSelectorImpl.java:93)
        at sun.nio.ch.SelectorImpl.lockAndDoSelect(SelectorImpl.java:86)
        at sun.nio.ch.SelectorImpl.select(SelectorImpl.java:97)
        at sun.nio.ch.SelectorImpl.select(SelectorImpl.java:101)
        at org.apache.hadoop.ipc.Server$Listener$Reader.doRunLoop(Server.java:1346)
        at org.apache.hadoop.ipc.Server$Listener$Reader.run(Server.java:1325)
"IPC Server handler 68 on default port 15001" daemon prio=5 tid=224 timed_waiting
java.lang.Thread.State: TIMED_WAITING
        at sun.misc.Unsafe.park(Native Method)
        at java.util.concurrent.locks.LockSupport.parkNanos(LockSupport.java:215)
        at java.util.concurrent.locks.AbstractQueuedSynchronizer$ConditionObject.awaitNanos(AbstractQueuedSynchronizer.java:2078)
        at java.util.concurrent.LinkedBlockingQueue.poll(LinkedBlockingQueue.java:467)
        at org.apache.hadoop.ipc.CallQueueManager.take(CallQueueManager.java:317)
        at org.apache.hadoop.ipc.Server$Handler.run(Server.java:3014)
"FixedThreadPoolWithAffinityExecutor-3-0" daemon prio=5 tid=48 timed_waiting
java.lang.Thread.State: TIMED_WAITING
        at sun.misc.Unsafe.park(Native Method)
        at java.util.concurrent.locks.LockSupport.parkNanos(LockSupport.java:215)
        at java.util.concurrent.locks.AbstractQueuedSynchronizer$ConditionObject.awaitNanos(AbstractQueuedSynchronizer.java:2078)
        at java.util.concurrent.LinkedBlockingQueue.poll(LinkedBlockingQueue.java:467)
        at org.apache.hadoop.hdds.scm.server.ContainerReportQueue.poll(ContainerReportQueue.java:269)
        at org.apache.hadoop.hdds.scm.server.ContainerReportQueue.poll(ContainerReportQueue.java:42)
        at org.apache.hadoop.hdds.server.events.FixedThreadPoolWithAffinityExecutor$ContainerReportProcessTask.run(FixedThreadPoolWithAffinityExecutor.java:253)
        at java.util.concurrent.Executors$RunnableAdapter.call(Executors.java:511)
        at java.util.concurrent.FutureTask.run(FutureTask.java:266)
        at java.util.concurrent.ThreadPoolExecutor.runWorker(ThreadPoolExecutor.java:1149)
        at java.util.concurrent.ThreadPoolExecutor$Worker.run(ThreadPoolExecutor.java:624)
        at java.lang.Thread.run(Thread.java:750)
"FixedThreadPoolWithAffinityExecutor-1-0" daemon prio=5 tid=46 timed_waiting
java.lang.Thread.State: TIMED_WAITING
        at sun.misc.Unsafe.park(Native Method)
        at java.util.concurrent.locks.LockSupport.parkNanos(LockSupport.java:215)
        at java.util.concurrent.locks.AbstractQueuedSynchronizer$ConditionObject.awaitNanos(AbstractQueuedSynchronizer.java:2078)
        at java.util.concurrent.LinkedBlockingQueue.poll(LinkedBlockingQueue.java:467)
        at org.apache.hadoop.hdds.scm.server.ContainerReportQueue.poll(ContainerReportQueue.java:269)
        at org.apache.hadoop.hdds.scm.server.ContainerReportQueue.poll(ContainerReportQueue.java:42)
        at org.apache.hadoop.hdds.server.events.FixedThreadPoolWithAffinityExecutor$ContainerReportProcessTask.run(FixedThreadPoolWithAffinityExecutor.java:253)
        at java.util.concurrent.Executors$RunnableAdapter.call(Executors.java:511)
        at java.util.concurrent.FutureTask.run(FutureTask.java:266)
        at java.util.concurrent.ThreadPoolExecutor.runWorker(ThreadPoolExecutor.java:1149)
        at java.util.concurrent.ThreadPoolExecutor$Worker.run(ThreadPoolExecutor.java:624)
        at java.lang.Thread.run(Thread.java:750)
"qtp1360692538-463" daemon prio=5 tid=463 runnable
java.lang.Thread.State: RUNNABLE
        at sun.nio.ch.EPollArrayWrapper.epollWait(Native Method)
        at sun.nio.ch.EPollArrayWrapper.poll(EPollArrayWrapper.java:269)
        at sun.nio.ch.EPollSelectorImpl.doSelect(EPollSelectorImpl.java:93)
        at sun.nio.ch.SelectorImpl.lockAndDoSelect(SelectorImpl.java:86)
        at sun.nio.ch.SelectorImpl.select(SelectorImpl.java:97)
        at sun.nio.ch.SelectorImpl.select(SelectorImpl.java:101)
        at org.eclipse.jetty.io.ManagedSelector.nioSelect(ManagedSelector.java:183)
        at org.eclipse.jetty.io.ManagedSelector.select(ManagedSelector.java:190)
        at org.eclipse.jetty.io.ManagedSelector$SelectorProducer.select(ManagedSelector.java:606)
        at org.eclipse.jetty.io.ManagedSelector$SelectorProducer.produce(ManagedSelector.java:543)
        at org.eclipse.jetty.util.thread.strategy.EatWhatYouKill.produceTask(EatWhatYouKill.java:362)
        at org.eclipse.jetty.util.thread.strategy.EatWhatYouKill.doProduce(EatWhatYouKill.java:186)
        at org.eclipse.jetty.util.thread.strategy.EatWhatYouKill.tryProduce(EatWhatYouKill.java:173)
        at org.eclipse.jetty.util.thread.strategy.EatWhatYouKill.run(EatWhatYouKill.java:131)
        at org.eclipse.jetty.util.thread.ReservedThreadExecutor$ReservedThread.run(ReservedThreadExecutor.java:409)
        at org.eclipse.jetty.util.thread.QueuedThreadPool.runJob(QueuedThreadPool.java:883)
        at org.eclipse.jetty.util.thread.QueuedThreadPool$Runner.run(QueuedThreadPool.java:1034)
        at java.lang.Thread.run(Thread.java:750)
"IPC Server handler 41 on default port 15009" daemon prio=5 tid=510 timed_waiting
java.lang.Thread.State: TIMED_WAITING
        at sun.misc.Unsafe.park(Native Method)
        at java.util.concurrent.locks.LockSupport.parkNanos(LockSupport.java:215)
        at java.util.concurrent.locks.AbstractQueuedSynchronizer$ConditionObject.awaitNanos(AbstractQueuedSynchronizer.java:2078)
        at java.util.concurrent.LinkedBlockingQueue.poll(LinkedBlockingQueue.java:467)
        at org.apache.hadoop.ipc.CallQueueManager.take(CallQueueManager.java:317)
        at org.apache.hadoop.ipc.Server$Handler.run(Server.java:3014)
"EventQueue-HealthyReadonlyToHealthyNodeForReadOnlyHealthyToHealthyNodeHandler" daemon prio=5 tid=1041 in Object.wait()
java.lang.Thread.State: WAITING (on object monitor)
        at sun.misc.Unsafe.park(Native Method)
        at java.util.concurrent.locks.LockSupport.park(LockSupport.java:175)
        at java.util.concurrent.locks.AbstractQueuedSynchronizer$ConditionObject.await(AbstractQueuedSynchronizer.java:2039)
        at java.util.concurrent.LinkedBlockingQueue.take(LinkedBlockingQueue.java:442)
        at java.util.concurrent.ThreadPoolExecutor.getTask(ThreadPoolExecutor.java:1074)
        at java.util.concurrent.ThreadPoolExecutor.runWorker(ThreadPoolExecutor.java:1134)
        at java.util.concurrent.ThreadPoolExecutor$Worker.run(ThreadPoolExecutor.java:624)
        at java.lang.Thread.run(Thread.java:750)
"timer2" daemon prio=5 tid=913 timed_waiting
java.lang.Thread.State: TIMED_WAITING
        at java.lang.Object.wait(Native Method)
        at java.util.TimerThread.mainLoop(Timer.java:552)
        at java.util.TimerThread.run(Timer.java:505)
"IPC Server handler 14 on default port 15004" daemon prio=5 tid=426 timed_waiting
java.lang.Thread.State: TIMED_WAITING
        at sun.misc.Unsafe.park(Native Method)
        at java.util.concurrent.locks.LockSupport.parkNanos(LockSupport.java:215)
        at java.util.concurrent.locks.AbstractQueuedSynchronizer$ConditionObject.awaitNanos(AbstractQueuedSynchronizer.java:2078)
        at java.util.concurrent.LinkedBlockingQueue.poll(LinkedBlockingQueue.java:467)
        at org.apache.hadoop.ipc.CallQueueManager.take(CallQueueManager.java:317)
        at org.apache.hadoop.ipc.Server$Handler.run(Server.java:3014)
"cc1e4d3c-2283-4c28-b737-db868cb45369-PeriodicHDDSVolumeChecker" daemon prio=5 tid=743 timed_waiting
java.lang.Thread.State: TIMED_WAITING
        at sun.misc.Unsafe.park(Native Method)
        at java.util.concurrent.locks.LockSupport.parkNanos(LockSupport.java:215)
        at java.util.concurrent.locks.AbstractQueuedSynchronizer$ConditionObject.awaitNanos(AbstractQueuedSynchronizer.java:2078)
        at java.util.concurrent.ScheduledThreadPoolExecutor$DelayedWorkQueue.take(ScheduledThreadPoolExecutor.java:1093)
        at java.util.concurrent.ScheduledThreadPoolExecutor$DelayedWorkQueue.take(ScheduledThreadPoolExecutor.java:809)
        at java.util.concurrent.ThreadPoolExecutor.getTask(ThreadPoolExecutor.java:1074)
        at java.util.concurrent.ThreadPoolExecutor.runWorker(ThreadPoolExecutor.java:1134)
        at java.util.concurrent.ThreadPoolExecutor$Worker.run(ThreadPoolExecutor.java:624)
        at java.lang.Thread.run(Thread.java:750)
"cc1e4d3c-2283-4c28-b737-db868cb45369@group-82A21D15CBF7-StateMachineUpdater" daemon prio=5 tid=1153 timed_waiting
java.lang.Thread.State: TIMED_WAITING
        at sun.misc.Unsafe.park(Native Method)
        at java.util.concurrent.locks.LockSupport.parkNanos(LockSupport.java:215)
        at java.util.concurrent.locks.AbstractQueuedSynchronizer$ConditionObject.await(AbstractQueuedSynchronizer.java:2163)
        at org.apache.ratis.util.AwaitForSignal.await(AwaitForSignal.java:65)
        at org.apache.ratis.server.impl.StateMachineUpdater.waitForCommit(StateMachineUpdater.java:211)
        at org.apache.ratis.server.impl.StateMachineUpdater.run(StateMachineUpdater.java:180)
        at java.lang.Thread.run(Thread.java:750)
"IPC Server handler 55 on default port 15002" daemon prio=5 tid=311 timed_waiting
java.lang.Thread.State: TIMED_WAITING
        at sun.misc.Unsafe.park(Native Method)
        at java.util.concurrent.locks.LockSupport.parkNanos(LockSupport.java:215)
        at java.util.concurrent.locks.AbstractQueuedSynchronizer$ConditionObject.awaitNanos(AbstractQueuedSynchronizer.java:2078)
        at java.util.concurrent.LinkedBlockingQueue.poll(LinkedBlockingQueue.java:467)
        at org.apache.hadoop.ipc.CallQueueManager.take(CallQueueManager.java:317)
        at org.apache.hadoop.ipc.Server$Handler.run(Server.java:3014)
"Hadoop-Metrics-Updater-0" daemon prio=5 tid=650 timed_waiting
java.lang.Thread.State: TIMED_WAITING
        at sun.misc.Unsafe.park(Native Method)
        at java.util.concurrent.locks.LockSupport.parkNanos(LockSupport.java:215)
        at java.util.concurrent.locks.AbstractQueuedSynchronizer$ConditionObject.awaitNanos(AbstractQueuedSynchronizer.java:2078)
        at java.util.concurrent.ScheduledThreadPoolExecutor$DelayedWorkQueue.take(ScheduledThreadPoolExecutor.java:1093)
        at java.util.concurrent.ScheduledThreadPoolExecutor$DelayedWorkQueue.take(ScheduledThreadPoolExecutor.java:809)
        at java.util.concurrent.ThreadPoolExecutor.getTask(ThreadPoolExecutor.java:1074)
        at java.util.concurrent.ThreadPoolExecutor.runWorker(ThreadPoolExecutor.java:1134)
        at java.util.concurrent.ThreadPoolExecutor$Worker.run(ThreadPoolExecutor.java:624)
        at java.lang.Thread.run(Thread.java:750)
"null-request--thread1" daemon prio=5 tid=940 timed_waiting
java.lang.Thread.State: TIMED_WAITING
        at sun.misc.Unsafe.park(Native Method)
        at java.util.concurrent.locks.LockSupport.parkNanos(LockSupport.java:215)
        at java.util.concurrent.locks.AbstractQueuedSynchronizer$ConditionObject.awaitNanos(AbstractQueuedSynchronizer.java:2078)
        at java.util.concurrent.LinkedBlockingQueue.poll(LinkedBlockingQueue.java:467)
        at java.util.concurrent.ThreadPoolExecutor.getTask(ThreadPoolExecutor.java:1073)
        at java.util.concurrent.ThreadPoolExecutor.runWorker(ThreadPoolExecutor.java:1134)
        at java.util.concurrent.ThreadPoolExecutor$Worker.run(ThreadPoolExecutor.java:624)
        at java.lang.Thread.run(Thread.java:750)
"IPC Server handler 41 on default port 15001" daemon prio=5 tid=197 timed_waiting
java.lang.Thread.State: TIMED_WAITING
        at sun.misc.Unsafe.park(Native Method)
        at java.util.concurrent.locks.LockSupport.parkNanos(LockSupport.java:215)
        at java.util.concurrent.locks.AbstractQueuedSynchronizer$ConditionObject.awaitNanos(AbstractQueuedSynchronizer.java:2078)
        at java.util.concurrent.LinkedBlockingQueue.poll(LinkedBlockingQueue.java:467)
        at org.apache.hadoop.ipc.CallQueueManager.take(CallQueueManager.java:317)
        at org.apache.hadoop.ipc.Server$Handler.run(Server.java:3014)
"IPC Server handler 63 on default port 15009" daemon prio=5 tid=532 timed_waiting
java.lang.Thread.State: TIMED_WAITING
        at sun.misc.Unsafe.park(Native Method)
        at java.util.concurrent.locks.LockSupport.parkNanos(LockSupport.java:215)
        at java.util.concurrent.locks.AbstractQueuedSynchronizer$ConditionObject.awaitNanos(AbstractQueuedSynchronizer.java:2078)
        at java.util.concurrent.LinkedBlockingQueue.poll(LinkedBlockingQueue.java:467)
        at org.apache.hadoop.ipc.CallQueueManager.take(CallQueueManager.java:317)
        at org.apache.hadoop.ipc.Server$Handler.run(Server.java:3014)
"IPC Server handler 13 on default port 15002" daemon prio=5 tid=269 timed_waiting
java.lang.Thread.State: TIMED_WAITING
        at sun.misc.Unsafe.park(Native Method)
        at java.util.concurrent.locks.LockSupport.parkNanos(LockSupport.java:215)
        at java.util.concurrent.locks.AbstractQueuedSynchronizer$ConditionObject.awaitNanos(AbstractQueuedSynchronizer.java:2078)
        at java.util.concurrent.LinkedBlockingQueue.poll(LinkedBlockingQueue.java:467)
        at org.apache.hadoop.ipc.CallQueueManager.take(CallQueueManager.java:317)
        at org.apache.hadoop.ipc.Server$Handler.run(Server.java:3014)
"IPC Server idle connection scanner for port 15001" daemon prio=5 tid=37 timed_waiting
java.lang.Thread.State: TIMED_WAITING
        at java.lang.Object.wait(Native Method)
        at java.util.TimerThread.mainLoop(Timer.java:552)
        at java.util.TimerThread.run(Timer.java:505)
"Hadoop-Metrics-Updater-0" daemon prio=5 tid=594 timed_waiting
java.lang.Thread.State: TIMED_WAITING
        at sun.misc.Unsafe.park(Native Method)
        at java.util.concurrent.locks.LockSupport.parkNanos(LockSupport.java:215)
        at java.util.concurrent.locks.AbstractQueuedSynchronizer$ConditionObject.awaitNanos(AbstractQueuedSynchronizer.java:2078)
        at java.util.concurrent.ScheduledThreadPoolExecutor$DelayedWorkQueue.take(ScheduledThreadPoolExecutor.java:1093)
        at java.util.concurrent.ScheduledThreadPoolExecutor$DelayedWorkQueue.take(ScheduledThreadPoolExecutor.java:809)
        at java.util.concurrent.ThreadPoolExecutor.getTask(ThreadPoolExecutor.java:1074)
        at java.util.concurrent.ThreadPoolExecutor.runWorker(ThreadPoolExecutor.java:1134)
        at java.util.concurrent.ThreadPoolExecutor$Worker.run(ThreadPoolExecutor.java:624)
        at java.lang.Thread.run(Thread.java:750)
"IPC Server handler 33 on default port 15000" daemon prio=5 tid=89 timed_waiting
java.lang.Thread.State: TIMED_WAITING
        at sun.misc.Unsafe.park(Native Method)
        at java.util.concurrent.locks.LockSupport.parkNanos(LockSupport.java:215)
        at java.util.concurrent.locks.AbstractQueuedSynchronizer$ConditionObject.awaitNanos(AbstractQueuedSynchronizer.java:2078)
        at java.util.concurrent.LinkedBlockingQueue.poll(LinkedBlockingQueue.java:467)
        at org.apache.hadoop.ipc.CallQueueManager.take(CallQueueManager.java:317)
        at org.apache.hadoop.ipc.Server$Handler.run(Server.java:3014)
"IPC Server handler 78 on default port 15009" daemon prio=5 tid=547 timed_waiting
java.lang.Thread.State: TIMED_WAITING
        at sun.misc.Unsafe.park(Native Method)
        at java.util.concurrent.locks.LockSupport.parkNanos(LockSupport.java:215)
        at java.util.concurrent.locks.AbstractQueuedSynchronizer$ConditionObject.awaitNanos(AbstractQueuedSynchronizer.java:2078)
        at java.util.concurrent.LinkedBlockingQueue.poll(LinkedBlockingQueue.java:467)
        at org.apache.hadoop.ipc.CallQueueManager.take(CallQueueManager.java:317)
        at org.apache.hadoop.ipc.Server$Handler.run(Server.java:3014)
"grpc-default-worker-ELG-3-1" daemon prio=5 tid=853 runnable
java.lang.Thread.State: RUNNABLE
        at org.apache.ratis.thirdparty.io.netty.channel.epoll.Native.epollWait0(Native Method)
        at org.apache.ratis.thirdparty.io.netty.channel.epoll.Native.epollWait(Native.java:182)
        at org.apache.ratis.thirdparty.io.netty.channel.epoll.EpollEventLoop.epollWait(EpollEventLoop.java:312)
        at org.apache.ratis.thirdparty.io.netty.channel.epoll.EpollEventLoop.run(EpollEventLoop.java:376)
        at org.apache.ratis.thirdparty.io.netty.util.concurrent.SingleThreadEventExecutor$4.run(SingleThreadEventExecutor.java:997)
        at org.apache.ratis.thirdparty.io.netty.util.internal.ThreadExecutorMap$2.run(ThreadExecutorMap.java:74)
        at org.apache.ratis.thirdparty.io.netty.util.concurrent.FastThreadLocalRunnable.run(FastThreadLocalRunnable.java:30)
        at java.lang.Thread.run(Thread.java:750)
"IPC Server handler 8 on default port 15002" daemon prio=5 tid=264 timed_waiting
java.lang.Thread.State: TIMED_WAITING
        at sun.misc.Unsafe.park(Native Method)
        at java.util.concurrent.locks.LockSupport.parkNanos(LockSupport.java:215)
        at java.util.concurrent.locks.AbstractQueuedSynchronizer$ConditionObject.awaitNanos(AbstractQueuedSynchronizer.java:2078)
        at java.util.concurrent.LinkedBlockingQueue.poll(LinkedBlockingQueue.java:467)
        at org.apache.hadoop.ipc.CallQueueManager.take(CallQueueManager.java:317)
        at org.apache.hadoop.ipc.Server$Handler.run(Server.java:3014)
"a40aef6e-dfc7-4141-9a41-17d72bf4eeff-CommandProcessorThread" daemon prio=5 tid=686 timed_waiting
java.lang.Thread.State: TIMED_WAITING
        at java.lang.Thread.sleep(Native Method)
        at org.apache.hadoop.ozone.container.common.statemachine.DatanodeStateMachine.lambda$initCommandHandlerThread$4(DatanodeStateMachine.java:684)
        at org.apache.hadoop.ozone.container.common.statemachine.DatanodeStateMachine$$Lambda$1468/14604698.run(Unknown Source)
        at java.lang.Thread.run(Thread.java:750)
"IPC Server handler 17 on default port 15002" daemon prio=5 tid=273 timed_waiting
java.lang.Thread.State: TIMED_WAITING
        at sun.misc.Unsafe.park(Native Method)
        at java.util.concurrent.locks.LockSupport.parkNanos(LockSupport.java:215)
        at java.util.concurrent.locks.AbstractQueuedSynchronizer$ConditionObject.awaitNanos(AbstractQueuedSynchronizer.java:2078)
        at java.util.concurrent.LinkedBlockingQueue.poll(LinkedBlockingQueue.java:467)
        at org.apache.hadoop.ipc.CallQueueManager.take(CallQueueManager.java:317)
        at org.apache.hadoop.ipc.Server$Handler.run(Server.java:3014)
"a40aef6e-dfc7-4141-9a41-17d72bf4eeff-server-thread2" daemon prio=5 tid=1169 timed_waiting
java.lang.Thread.State: TIMED_WAITING
        at sun.misc.Unsafe.park(Native Method)
        at java.util.concurrent.locks.LockSupport.parkNanos(LockSupport.java:215)
        at java.util.concurrent.SynchronousQueue$TransferStack.awaitFulfill(SynchronousQueue.java:460)
        at java.util.concurrent.SynchronousQueue$TransferStack.transfer(SynchronousQueue.java:362)
        at java.util.concurrent.SynchronousQueue.poll(SynchronousQueue.java:941)
        at java.util.concurrent.ThreadPoolExecutor.getTask(ThreadPoolExecutor.java:1073)
        at java.util.concurrent.ThreadPoolExecutor.runWorker(ThreadPoolExecutor.java:1134)
        at java.util.concurrent.ThreadPoolExecutor$Worker.run(ThreadPoolExecutor.java:624)
        at java.lang.Thread.run(Thread.java:750)
"IPC Server idle connection scanner for port 15021" daemon prio=5 tid=620 timed_waiting
java.lang.Thread.State: TIMED_WAITING
        at java.lang.Object.wait(Native Method)
        at java.util.TimerThread.mainLoop(Timer.java:552)
        at java.util.TimerThread.run(Timer.java:505)
"IPC Server handler 74 on default port 15009" daemon prio=5 tid=543 timed_waiting
java.lang.Thread.State: TIMED_WAITING
        at sun.misc.Unsafe.park(Native Method)
        at java.util.concurrent.locks.LockSupport.parkNanos(LockSupport.java:215)
        at java.util.concurrent.locks.AbstractQueuedSynchronizer$ConditionObject.awaitNanos(AbstractQueuedSynchronizer.java:2078)
        at java.util.concurrent.LinkedBlockingQueue.poll(LinkedBlockingQueue.java:467)
        at org.apache.hadoop.ipc.CallQueueManager.take(CallQueueManager.java:317)
        at org.apache.hadoop.ipc.Server$Handler.run(Server.java:3014)
"qtp1115963634-360" daemon prio=5 tid=360 runnable
java.lang.Thread.State: RUNNABLE
        at sun.nio.ch.EPollArrayWrapper.epollWait(Native Method)
        at sun.nio.ch.EPollArrayWrapper.poll(EPollArrayWrapper.java:269)
        at sun.nio.ch.EPollSelectorImpl.doSelect(EPollSelectorImpl.java:93)
        at sun.nio.ch.SelectorImpl.lockAndDoSelect(SelectorImpl.java:86)
        at sun.nio.ch.SelectorImpl.select(SelectorImpl.java:97)
        at sun.nio.ch.SelectorImpl.select(SelectorImpl.java:101)
        at org.eclipse.jetty.io.ManagedSelector.nioSelect(ManagedSelector.java:183)
        at org.eclipse.jetty.io.ManagedSelector.select(ManagedSelector.java:190)
        at org.eclipse.jetty.io.ManagedSelector$SelectorProducer.select(ManagedSelector.java:606)
        at org.eclipse.jetty.io.ManagedSelector$SelectorProducer.produce(ManagedSelector.java:543)
        at org.eclipse.jetty.util.thread.strategy.EatWhatYouKill.produceTask(EatWhatYouKill.java:362)
        at org.eclipse.jetty.util.thread.strategy.EatWhatYouKill.doProduce(EatWhatYouKill.java:186)
        at org.eclipse.jetty.util.thread.strategy.EatWhatYouKill.tryProduce(EatWhatYouKill.java:173)
        at org.eclipse.jetty.util.thread.strategy.EatWhatYouKill.produce(EatWhatYouKill.java:137)
        at org.eclipse.jetty.io.ManagedSelector$$Lambda$666/1273065937.run(Unknown Source)
        at org.eclipse.jetty.util.thread.QueuedThreadPool.runJob(QueuedThreadPool.java:883)
        at org.eclipse.jetty.util.thread.QueuedThreadPool$Runner.run(QueuedThreadPool.java:1034)
        at java.lang.Thread.run(Thread.java:750)
"pool-140-thread-1"  prio=5 tid=608 timed_waiting
java.lang.Thread.State: TIMED_WAITING
        at sun.misc.Unsafe.park(Native Method)
        at java.util.concurrent.locks.LockSupport.parkNanos(LockSupport.java:215)
        at java.util.concurrent.locks.AbstractQueuedSynchronizer$ConditionObject.awaitNanos(AbstractQueuedSynchronizer.java:2078)
        at java.util.concurrent.ScheduledThreadPoolExecutor$DelayedWorkQueue.take(ScheduledThreadPoolExecutor.java:1093)
        at java.util.concurrent.ScheduledThreadPoolExecutor$DelayedWorkQueue.take(ScheduledThreadPoolExecutor.java:809)
        at java.util.concurrent.ThreadPoolExecutor.getTask(ThreadPoolExecutor.java:1074)
        at java.util.concurrent.ThreadPoolExecutor.runWorker(ThreadPoolExecutor.java:1134)
        at java.util.concurrent.ThreadPoolExecutor$Worker.run(ThreadPoolExecutor.java:624)
        at java.lang.Thread.run(Thread.java:750)
"Reference Handler" daemon prio=10 tid=2 in Object.wait()
java.lang.Thread.State: WAITING (on object monitor)
        at java.lang.Object.wait(Native Method)
        at java.lang.Object.wait(Object.java:502)
        at java.lang.ref.Reference.tryHandlePending(Reference.java:191)
        at java.lang.ref.Reference$ReferenceHandler.run(Reference.java:153)
"IPC Server handler 61 on default port 15001" daemon prio=5 tid=217 timed_waiting
java.lang.Thread.State: TIMED_WAITING
        at sun.misc.Unsafe.park(Native Method)
        at java.util.concurrent.locks.LockSupport.parkNanos(LockSupport.java:215)
        at java.util.concurrent.locks.AbstractQueuedSynchronizer$ConditionObject.awaitNanos(AbstractQueuedSynchronizer.java:2078)
        at java.util.concurrent.LinkedBlockingQueue.poll(LinkedBlockingQueue.java:467)
        at org.apache.hadoop.ipc.CallQueueManager.take(CallQueueManager.java:317)
        at org.apache.hadoop.ipc.Server$Handler.run(Server.java:3014)
"a40aef6e-dfc7-4141-9a41-17d72bf4eeff@group-82A21D15CBF7-SegmentedRaftLogWorker"  prio=5 tid=1144 timed_waiting
java.lang.Thread.State: TIMED_WAITING
        at sun.misc.Unsafe.park(Native Method)
        at java.util.concurrent.locks.LockSupport.parkNanos(LockSupport.java:215)
        at java.util.concurrent.locks.AbstractQueuedSynchronizer$ConditionObject.awaitNanos(AbstractQueuedSynchronizer.java:2078)
        at org.apache.ratis.util.DataBlockingQueue.poll(DataBlockingQueue.java:148)
        at org.apache.ratis.server.raftlog.segmented.SegmentedRaftLogWorker.run(SegmentedRaftLogWorker.java:299)
        at org.apache.ratis.server.raftlog.segmented.SegmentedRaftLogWorker$$Lambda$997/2039256444.run(Unknown Source)
        at java.util.concurrent.Executors$RunnableAdapter.call(Executors.java:511)
        at java.util.concurrent.FutureTask.run(FutureTask.java:266)
        at java.util.concurrent.ThreadPoolExecutor.runWorker(ThreadPoolExecutor.java:1149)
        at java.util.concurrent.ThreadPoolExecutor$Worker.run(ThreadPoolExecutor.java:624)
        at java.lang.Thread.run(Thread.java:750)
"cc1e4d3c-2283-4c28-b737-db868cb45369-ChunkWriter-1-0" daemon prio=5 tid=749 in Object.wait()
java.lang.Thread.State: WAITING (on object monitor)
        at sun.misc.Unsafe.park(Native Method)
        at java.util.concurrent.locks.LockSupport.park(LockSupport.java:175)
        at java.util.concurrent.locks.AbstractQueuedSynchronizer$ConditionObject.await(AbstractQueuedSynchronizer.java:2039)
        at java.util.concurrent.LinkedBlockingDeque.takeFirst(LinkedBlockingDeque.java:492)
        at java.util.concurrent.LinkedBlockingDeque.take(LinkedBlockingDeque.java:680)
        at java.util.concurrent.ThreadPoolExecutor.getTask(ThreadPoolExecutor.java:1074)
        at java.util.concurrent.ThreadPoolExecutor.runWorker(ThreadPoolExecutor.java:1134)
        at java.util.concurrent.ThreadPoolExecutor$Worker.run(ThreadPoolExecutor.java:624)
        at java.lang.Thread.run(Thread.java:750)
"qtp1360692538-461" daemon prio=5 tid=461 timed_waiting
java.lang.Thread.State: TIMED_WAITING
        at sun.misc.Unsafe.park(Native Method)
        at java.util.concurrent.locks.LockSupport.parkNanos(LockSupport.java:215)
        at java.util.concurrent.locks.AbstractQueuedSynchronizer$ConditionObject.awaitNanos(AbstractQueuedSynchronizer.java:2078)
        at org.eclipse.jetty.util.BlockingArrayQueue.poll(BlockingArrayQueue.java:382)
        at org.eclipse.jetty.util.thread.QueuedThreadPool$Runner.idleJobPoll(QueuedThreadPool.java:974)
        at org.eclipse.jetty.util.thread.QueuedThreadPool$Runner.run(QueuedThreadPool.java:1018)
        at java.lang.Thread.run(Thread.java:750)
"d1715241-1ffa-4146-b219-94c9c0fc171f-BlockDeletingService#0" daemon prio=5 tid=773 in Object.wait()
java.lang.Thread.State: WAITING (on object monitor)
        at sun.misc.Unsafe.park(Native Method)
        at java.util.concurrent.locks.LockSupport.park(LockSupport.java:175)
        at java.util.concurrent.locks.AbstractQueuedSynchronizer$ConditionObject.await(AbstractQueuedSynchronizer.java:2039)
        at java.util.concurrent.ScheduledThreadPoolExecutor$DelayedWorkQueue.take(ScheduledThreadPoolExecutor.java:1088)
        at java.util.concurrent.ScheduledThreadPoolExecutor$DelayedWorkQueue.take(ScheduledThreadPoolExecutor.java:809)
        at java.util.concurrent.ThreadPoolExecutor.getTask(ThreadPoolExecutor.java:1074)
        at java.util.concurrent.ThreadPoolExecutor.runWorker(ThreadPoolExecutor.java:1134)
        at java.util.concurrent.ThreadPoolExecutor$Worker.run(ThreadPoolExecutor.java:624)
        at java.lang.Thread.run(Thread.java:750)
"IPC Server Responder" daemon prio=5 tid=43 runnable
java.lang.Thread.State: RUNNABLE
        at sun.nio.ch.EPollArrayWrapper.epollWait(Native Method)
        at sun.nio.ch.EPollArrayWrapper.poll(EPollArrayWrapper.java:269)
        at sun.nio.ch.EPollSelectorImpl.doSelect(EPollSelectorImpl.java:93)
        at sun.nio.ch.SelectorImpl.lockAndDoSelect(SelectorImpl.java:86)
        at sun.nio.ch.SelectorImpl.select(SelectorImpl.java:97)
        at org.apache.hadoop.ipc.Server$Responder.doRunLoop(Server.java:1582)
        at org.apache.hadoop.ipc.Server$Responder.run(Server.java:1565)
"EventQueue-NewNodeForNewNodeHandler" daemon prio=5 tid=815 in Object.wait()
java.lang.Thread.State: WAITING (on object monitor)
        at sun.misc.Unsafe.park(Native Method)
        at java.util.concurrent.locks.LockSupport.park(LockSupport.java:175)
        at java.util.concurrent.locks.AbstractQueuedSynchronizer$ConditionObject.await(AbstractQueuedSynchronizer.java:2039)
        at java.util.concurrent.LinkedBlockingQueue.take(LinkedBlockingQueue.java:442)
        at java.util.concurrent.ThreadPoolExecutor.getTask(ThreadPoolExecutor.java:1074)
        at java.util.concurrent.ThreadPoolExecutor.runWorker(ThreadPoolExecutor.java:1134)
        at java.util.concurrent.ThreadPoolExecutor$Worker.run(ThreadPoolExecutor.java:624)
        at java.lang.Thread.run(Thread.java:750)
"qtp976190925-693" daemon prio=5 tid=693 runnable
java.lang.Thread.State: RUNNABLE
        at sun.nio.ch.EPollArrayWrapper.epollWait(Native Method)
        at sun.nio.ch.EPollArrayWrapper.poll(EPollArrayWrapper.java:269)
        at sun.nio.ch.EPollSelectorImpl.doSelect(EPollSelectorImpl.java:93)
        at sun.nio.ch.SelectorImpl.lockAndDoSelect(SelectorImpl.java:86)
        at sun.nio.ch.SelectorImpl.select(SelectorImpl.java:97)
        at sun.nio.ch.SelectorImpl.select(SelectorImpl.java:101)
        at org.eclipse.jetty.io.ManagedSelector.nioSelect(ManagedSelector.java:183)
        at org.eclipse.jetty.io.ManagedSelector.select(ManagedSelector.java:190)
        at org.eclipse.jetty.io.ManagedSelector$SelectorProducer.select(ManagedSelector.java:606)
        at org.eclipse.jetty.io.ManagedSelector$SelectorProducer.produce(ManagedSelector.java:543)
        at org.eclipse.jetty.util.thread.strategy.EatWhatYouKill.produceTask(EatWhatYouKill.java:362)
        at org.eclipse.jetty.util.thread.strategy.EatWhatYouKill.doProduce(EatWhatYouKill.java:186)
        at org.eclipse.jetty.util.thread.strategy.EatWhatYouKill.tryProduce(EatWhatYouKill.java:173)
        at org.eclipse.jetty.util.thread.strategy.EatWhatYouKill.produce(EatWhatYouKill.java:137)
        at org.eclipse.jetty.io.ManagedSelector$$Lambda$666/1273065937.run(Unknown Source)
        at org.eclipse.jetty.util.thread.QueuedThreadPool.runJob(QueuedThreadPool.java:883)
        at org.eclipse.jetty.util.thread.QueuedThreadPool$Runner.run(QueuedThreadPool.java:1034)
        at java.lang.Thread.run(Thread.java:750)
"IPC Server handler 51 on default port 15002" daemon prio=5 tid=307 timed_waiting
java.lang.Thread.State: TIMED_WAITING
        at sun.misc.Unsafe.park(Native Method)
        at java.util.concurrent.locks.LockSupport.parkNanos(LockSupport.java:215)
        at java.util.concurrent.locks.AbstractQueuedSynchronizer$ConditionObject.awaitNanos(AbstractQueuedSynchronizer.java:2078)
        at java.util.concurrent.LinkedBlockingQueue.poll(LinkedBlockingQueue.java:467)
        at org.apache.hadoop.ipc.CallQueueManager.take(CallQueueManager.java:317)
        at org.apache.hadoop.ipc.Server$Handler.run(Server.java:3014)
"SCMHeartbeatProcessor-0" daemon prio=5 tid=440 timed_waiting
java.lang.Thread.State: TIMED_WAITING
        at sun.misc.Unsafe.park(Native Method)
        at java.util.concurrent.locks.LockSupport.parkNanos(LockSupport.java:215)
        at java.util.concurrent.locks.AbstractQueuedSynchronizer$ConditionObject.awaitNanos(AbstractQueuedSynchronizer.java:2078)
        at java.util.concurrent.ScheduledThreadPoolExecutor$DelayedWorkQueue.take(ScheduledThreadPoolExecutor.java:1093)
        at java.util.concurrent.ScheduledThreadPoolExecutor$DelayedWorkQueue.take(ScheduledThreadPoolExecutor.java:809)
        at java.util.concurrent.ThreadPoolExecutor.getTask(ThreadPoolExecutor.java:1074)
        at java.util.concurrent.ThreadPoolExecutor.runWorker(ThreadPoolExecutor.java:1134)
        at java.util.concurrent.ThreadPoolExecutor$Worker.run(ThreadPoolExecutor.java:624)
        at java.lang.Thread.run(Thread.java:750)
"IPC Server handler 10 on default port 15001" daemon prio=5 tid=166 timed_waiting
java.lang.Thread.State: TIMED_WAITING
        at sun.misc.Unsafe.park(Native Method)
        at java.util.concurrent.locks.LockSupport.parkNanos(LockSupport.java:215)
        at java.util.concurrent.locks.AbstractQueuedSynchronizer$ConditionObject.awaitNanos(AbstractQueuedSynchronizer.java:2078)
        at java.util.concurrent.LinkedBlockingQueue.poll(LinkedBlockingQueue.java:467)
        at org.apache.hadoop.ipc.CallQueueManager.take(CallQueueManager.java:317)
        at org.apache.hadoop.ipc.Server$Handler.run(Server.java:3014)
"JvmPauseMonitor4" daemon prio=5 tid=752 timed_waiting
java.lang.Thread.State: TIMED_WAITING
        at java.lang.Thread.sleep(Native Method)
        at java.lang.Thread.sleep(Thread.java:342)
        at java.util.concurrent.TimeUnit.sleep(TimeUnit.java:386)
        at org.apache.ratis.util.TimeDuration.sleep(TimeDuration.java:353)
        at org.apache.ratis.util.TimeDuration.sleep(TimeDuration.java:338)
        at org.apache.ratis.util.JvmPauseMonitor.detectPause(JvmPauseMonitor.java:160)
        at org.apache.ratis.util.JvmPauseMonitor.run(JvmPauseMonitor.java:149)
        at org.apache.ratis.util.JvmPauseMonitor$$Lambda$626/349677922.run(Unknown Source)
        at java.lang.Thread.run(Thread.java:750)
"IPC Server handler 84 on default port 15009" daemon prio=5 tid=553 timed_waiting
java.lang.Thread.State: TIMED_WAITING
        at sun.misc.Unsafe.park(Native Method)
        at java.util.concurrent.locks.LockSupport.parkNanos(LockSupport.java:215)
        at java.util.concurrent.locks.AbstractQueuedSynchronizer$ConditionObject.awaitNanos(AbstractQueuedSynchronizer.java:2078)
        at java.util.concurrent.LinkedBlockingQueue.poll(LinkedBlockingQueue.java:467)
        at org.apache.hadoop.ipc.CallQueueManager.take(CallQueueManager.java:317)
        at org.apache.hadoop.ipc.Server$Handler.run(Server.java:3014)
"Hadoop-Metrics-Updater-0" daemon prio=5 tid=39 timed_waiting
java.lang.Thread.State: TIMED_WAITING
        at sun.misc.Unsafe.park(Native Method)
        at java.util.concurrent.locks.LockSupport.parkNanos(LockSupport.java:215)
        at java.util.concurrent.locks.AbstractQueuedSynchronizer$ConditionObject.awaitNanos(AbstractQueuedSynchronizer.java:2078)
        at java.util.concurrent.ScheduledThreadPoolExecutor$DelayedWorkQueue.take(ScheduledThreadPoolExecutor.java:1093)
        at java.util.concurrent.ScheduledThreadPoolExecutor$DelayedWorkQueue.take(ScheduledThreadPoolExecutor.java:809)
        at java.util.concurrent.ThreadPoolExecutor.getTask(ThreadPoolExecutor.java:1074)
        at java.util.concurrent.ThreadPoolExecutor.runWorker(ThreadPoolExecutor.java:1134)
        at java.util.concurrent.ThreadPoolExecutor$Worker.run(ThreadPoolExecutor.java:624)
        at java.lang.Thread.run(Thread.java:750)
"a40aef6e-dfc7-4141-9a41-17d72bf4eeff-DatanodeStateMachineTaskThread-0"  prio=5 tid=687 in Object.wait()
java.lang.Thread.State: WAITING (on object monitor)
        at sun.misc.Unsafe.park(Native Method)
        at java.util.concurrent.locks.LockSupport.park(LockSupport.java:175)
        at java.util.concurrent.locks.AbstractQueuedSynchronizer$ConditionObject.await(AbstractQueuedSynchronizer.java:2039)
        at java.util.concurrent.LinkedBlockingQueue.take(LinkedBlockingQueue.java:442)
        at java.util.concurrent.ThreadPoolExecutor.getTask(ThreadPoolExecutor.java:1074)
        at java.util.concurrent.ThreadPoolExecutor.runWorker(ThreadPoolExecutor.java:1134)
        at java.util.concurrent.ThreadPoolExecutor$Worker.run(ThreadPoolExecutor.java:624)
        at java.lang.Thread.run(Thread.java:750)
"IPC Server handler 85 on default port 15009" daemon prio=5 tid=554 timed_waiting
java.lang.Thread.State: TIMED_WAITING
        at sun.misc.Unsafe.park(Native Method)
        at java.util.concurrent.locks.LockSupport.parkNanos(LockSupport.java:215)
        at java.util.concurrent.locks.AbstractQueuedSynchronizer$ConditionObject.awaitNanos(AbstractQueuedSynchronizer.java:2078)
        at java.util.concurrent.LinkedBlockingQueue.poll(LinkedBlockingQueue.java:467)
        at org.apache.hadoop.ipc.CallQueueManager.take(CallQueueManager.java:317)
        at org.apache.hadoop.ipc.Server$Handler.run(Server.java:3014)
"IPC Server handler 42 on default port 15000" daemon prio=5 tid=98 timed_waiting
java.lang.Thread.State: TIMED_WAITING
        at sun.misc.Unsafe.park(Native Method)
        at java.util.concurrent.locks.LockSupport.parkNanos(LockSupport.java:215)
        at java.util.concurrent.locks.AbstractQueuedSynchronizer$ConditionObject.awaitNanos(AbstractQueuedSynchronizer.java:2078)
        at java.util.concurrent.LinkedBlockingQueue.poll(LinkedBlockingQueue.java:467)
        at org.apache.hadoop.ipc.CallQueueManager.take(CallQueueManager.java:317)
        at org.apache.hadoop.ipc.Server$Handler.run(Server.java:3014)
"cc1e4d3c-2283-4c28-b737-db868cb45369-ChunkReader-ELG-0" daemon prio=5 tid=753 runnable
java.lang.Thread.State: RUNNABLE
        at org.apache.ratis.thirdparty.io.netty.channel.epoll.Native.epollWait(Native Method)
        at org.apache.ratis.thirdparty.io.netty.channel.epoll.Native.epollWait(Native.java:209)
        at org.apache.ratis.thirdparty.io.netty.channel.epoll.Native.epollWait(Native.java:202)
        at org.apache.ratis.thirdparty.io.netty.channel.epoll.EpollEventLoop.epollWaitNoTimerChange(EpollEventLoop.java:316)
        at org.apache.ratis.thirdparty.io.netty.channel.epoll.EpollEventLoop.run(EpollEventLoop.java:373)
        at org.apache.ratis.thirdparty.io.netty.util.concurrent.SingleThreadEventExecutor$4.run(SingleThreadEventExecutor.java:997)
        at org.apache.ratis.thirdparty.io.netty.util.internal.ThreadExecutorMap$2.run(ThreadExecutorMap.java:74)
        at java.lang.Thread.run(Thread.java:750)
"PipelineSyncTask" daemon prio=5 tid=571 timed_waiting
java.lang.Thread.State: TIMED_WAITING
        at java.lang.Thread.sleep(Native Method)
        at org.apache.hadoop.ozone.recon.scm.PipelineSyncTask.run(PipelineSyncTask.java:76)
        at org.apache.hadoop.ozone.recon.scm.ReconScmTask$$Lambda$1379/2055376904.run(Unknown Source)
        at java.lang.Thread.run(Thread.java:750)
"IPC Server handler 47 on default port 15000" daemon prio=5 tid=103 timed_waiting
java.lang.Thread.State: TIMED_WAITING
        at sun.misc.Unsafe.park(Native Method)
        at java.util.concurrent.locks.LockSupport.parkNanos(LockSupport.java:215)
        at java.util.concurrent.locks.AbstractQueuedSynchronizer$ConditionObject.awaitNanos(AbstractQueuedSynchronizer.java:2078)
        at java.util.concurrent.LinkedBlockingQueue.poll(LinkedBlockingQueue.java:467)
        at org.apache.hadoop.ipc.CallQueueManager.take(CallQueueManager.java:317)
        at org.apache.hadoop.ipc.Server$Handler.run(Server.java:3014)
"a40aef6e-dfc7-4141-9a41-17d72bf4eeff-DatanodeReportManager-4" daemon prio=5 tid=685 timed_waiting
java.lang.Thread.State: TIMED_WAITING
        at sun.misc.Unsafe.park(Native Method)
        at java.util.concurrent.locks.LockSupport.parkNanos(LockSupport.java:215)
        at java.util.concurrent.locks.AbstractQueuedSynchronizer$ConditionObject.awaitNanos(AbstractQueuedSynchronizer.java:2078)
        at java.util.concurrent.ScheduledThreadPoolExecutor$DelayedWorkQueue.take(ScheduledThreadPoolExecutor.java:1093)
        at java.util.concurrent.ScheduledThreadPoolExecutor$DelayedWorkQueue.take(ScheduledThreadPoolExecutor.java:809)
        at java.util.concurrent.ThreadPoolExecutor.getTask(ThreadPoolExecutor.java:1074)
        at java.util.concurrent.ThreadPoolExecutor.runWorker(ThreadPoolExecutor.java:1134)
        at java.util.concurrent.ThreadPoolExecutor$Worker.run(ThreadPoolExecutor.java:624)
        at java.lang.Thread.run(Thread.java:750)
"surefire-forkedjvm-ping-30s" daemon prio=5 tid=11 timed_waiting
java.lang.Thread.State: TIMED_WAITING
        at sun.misc.Unsafe.park(Native Method)
        at java.util.concurrent.locks.LockSupport.parkNanos(LockSupport.java:215)
        at java.util.concurrent.locks.AbstractQueuedSynchronizer$ConditionObject.awaitNanos(AbstractQueuedSynchronizer.java:2078)
        at java.util.concurrent.ScheduledThreadPoolExecutor$DelayedWorkQueue.take(ScheduledThreadPoolExecutor.java:1093)
        at java.util.concurrent.ScheduledThreadPoolExecutor$DelayedWorkQueue.take(ScheduledThreadPoolExecutor.java:809)
        at java.util.concurrent.ThreadPoolExecutor.getTask(ThreadPoolExecutor.java:1074)
        at java.util.concurrent.ThreadPoolExecutor.runWorker(ThreadPoolExecutor.java:1134)
        at java.util.concurrent.ThreadPoolExecutor$Worker.run(ThreadPoolExecutor.java:624)
        at java.lang.Thread.run(Thread.java:750)
"59c3495a-7636-40f9-8dfa-c28be8e98abd-DatanodeReportManager-0" daemon prio=5 tid=597 timed_waiting
java.lang.Thread.State: TIMED_WAITING
        at sun.misc.Unsafe.park(Native Method)
        at java.util.concurrent.locks.LockSupport.parkNanos(LockSupport.java:215)
        at java.util.concurrent.locks.AbstractQueuedSynchronizer$ConditionObject.awaitNanos(AbstractQueuedSynchronizer.java:2078)
        at java.util.concurrent.ScheduledThreadPoolExecutor$DelayedWorkQueue.take(ScheduledThreadPoolExecutor.java:1093)
        at java.util.concurrent.ScheduledThreadPoolExecutor$DelayedWorkQueue.take(ScheduledThreadPoolExecutor.java:809)
        at java.util.concurrent.ThreadPoolExecutor.getTask(ThreadPoolExecutor.java:1074)
        at java.util.concurrent.ThreadPoolExecutor.runWorker(ThreadPoolExecutor.java:1134)
        at java.util.concurrent.ThreadPoolExecutor$Worker.run(ThreadPoolExecutor.java:624)
        at java.lang.Thread.run(Thread.java:750)
"SSL Certificates Store Monitor" daemon prio=5 tid=1066 in Object.wait()
java.lang.Thread.State: WAITING (on object monitor)
        at java.lang.Object.wait(Native Method)
        at java.lang.Object.wait(Object.java:502)
        at java.util.TimerThread.mainLoop(Timer.java:526)
        at java.util.TimerThread.run(Timer.java:505)
"IPC Server handler 38 on default port 15001" daemon prio=5 tid=194 timed_waiting
java.lang.Thread.State: TIMED_WAITING
        at sun.misc.Unsafe.park(Native Method)
        at java.util.concurrent.locks.LockSupport.parkNanos(LockSupport.java:215)
        at java.util.concurrent.locks.AbstractQueuedSynchronizer$ConditionObject.awaitNanos(AbstractQueuedSynchronizer.java:2078)
        at java.util.concurrent.LinkedBlockingQueue.poll(LinkedBlockingQueue.java:467)
        at org.apache.hadoop.ipc.CallQueueManager.take(CallQueueManager.java:317)
        at org.apache.hadoop.ipc.Server$Handler.run(Server.java:3014)
"IPC Server handler 70 on default port 15000" daemon prio=5 tid=126 timed_waiting
java.lang.Thread.State: TIMED_WAITING
        at sun.misc.Unsafe.park(Native Method)
        at java.util.concurrent.locks.LockSupport.parkNanos(LockSupport.java:215)
        at java.util.concurrent.locks.AbstractQueuedSynchronizer$ConditionObject.awaitNanos(AbstractQueuedSynchronizer.java:2078)
        at java.util.concurrent.LinkedBlockingQueue.poll(LinkedBlockingQueue.java:467)
        at org.apache.hadoop.ipc.CallQueueManager.take(CallQueueManager.java:317)
        at org.apache.hadoop.ipc.Server$Handler.run(Server.java:3014)
"d1715241-1ffa-4146-b219-94c9c0fc171f-ChunkWriter-3-0" daemon prio=5 tid=770 in Object.wait()
java.lang.Thread.State: WAITING (on object monitor)
        at sun.misc.Unsafe.park(Native Method)
        at java.util.concurrent.locks.LockSupport.park(LockSupport.java:175)
        at java.util.concurrent.locks.AbstractQueuedSynchronizer$ConditionObject.await(AbstractQueuedSynchronizer.java:2039)
        at java.util.concurrent.LinkedBlockingDeque.takeFirst(LinkedBlockingDeque.java:492)
        at java.util.concurrent.LinkedBlockingDeque.take(LinkedBlockingDeque.java:680)
        at java.util.concurrent.ThreadPoolExecutor.getTask(ThreadPoolExecutor.java:1074)
        at java.util.concurrent.ThreadPoolExecutor.runWorker(ThreadPoolExecutor.java:1134)
        at java.util.concurrent.ThreadPoolExecutor$Worker.run(ThreadPoolExecutor.java:624)
        at java.lang.Thread.run(Thread.java:750)
"d1715241-1ffa-4146-b219-94c9c0fc171f-ChunkWriter-2-0" daemon prio=5 tid=769 in Object.wait()
java.lang.Thread.State: WAITING (on object monitor)
        at sun.misc.Unsafe.park(Native Method)
        at java.util.concurrent.locks.LockSupport.park(LockSupport.java:175)
        at java.util.concurrent.locks.AbstractQueuedSynchronizer$ConditionObject.await(AbstractQueuedSynchronizer.java:2039)
        at java.util.concurrent.LinkedBlockingDeque.takeFirst(LinkedBlockingDeque.java:492)
        at java.util.concurrent.LinkedBlockingDeque.take(LinkedBlockingDeque.java:680)
        at java.util.concurrent.ThreadPoolExecutor.getTask(ThreadPoolExecutor.java:1074)
        at java.util.concurrent.ThreadPoolExecutor.runWorker(ThreadPoolExecutor.java:1134)
        at java.util.concurrent.ThreadPoolExecutor$Worker.run(ThreadPoolExecutor.java:624)
        at java.lang.Thread.run(Thread.java:750)
"Recon-EventQueue-PipelineReportForReconPipelineReportHandler" daemon prio=5 tid=821 in Object.wait()
java.lang.Thread.State: WAITING (on object monitor)
        at sun.misc.Unsafe.park(Native Method)
        at java.util.concurrent.locks.LockSupport.park(LockSupport.java:175)
        at java.util.concurrent.locks.AbstractQueuedSynchronizer$ConditionObject.await(AbstractQueuedSynchronizer.java:2039)
        at java.util.concurrent.LinkedBlockingQueue.take(LinkedBlockingQueue.java:442)
        at java.util.concurrent.ThreadPoolExecutor.getTask(ThreadPoolExecutor.java:1074)
        at java.util.concurrent.ThreadPoolExecutor.runWorker(ThreadPoolExecutor.java:1134)
        at java.util.concurrent.ThreadPoolExecutor$Worker.run(ThreadPoolExecutor.java:624)
        at java.lang.Thread.run(Thread.java:750)
"qtp963735699-666" daemon prio=5 tid=666 runnable
java.lang.Thread.State: RUNNABLE
        at sun.nio.ch.EPollArrayWrapper.epollWait(Native Method)
        at sun.nio.ch.EPollArrayWrapper.poll(EPollArrayWrapper.java:269)
        at sun.nio.ch.EPollSelectorImpl.doSelect(EPollSelectorImpl.java:93)
        at sun.nio.ch.SelectorImpl.lockAndDoSelect(SelectorImpl.java:86)
        at sun.nio.ch.SelectorImpl.select(SelectorImpl.java:97)
        at sun.nio.ch.SelectorImpl.select(SelectorImpl.java:101)
        at org.eclipse.jetty.io.ManagedSelector.nioSelect(ManagedSelector.java:183)
        at org.eclipse.jetty.io.ManagedSelector.select(ManagedSelector.java:190)
        at org.eclipse.jetty.io.ManagedSelector$SelectorProducer.select(ManagedSelector.java:606)
        at org.eclipse.jetty.io.ManagedSelector$SelectorProducer.produce(ManagedSelector.java:543)
        at org.eclipse.jetty.util.thread.strategy.EatWhatYouKill.produceTask(EatWhatYouKill.java:362)
        at org.eclipse.jetty.util.thread.strategy.EatWhatYouKill.doProduce(EatWhatYouKill.java:186)
        at org.eclipse.jetty.util.thread.strategy.EatWhatYouKill.tryProduce(EatWhatYouKill.java:173)
        at org.eclipse.jetty.util.thread.strategy.EatWhatYouKill.produce(EatWhatYouKill.java:137)
        at org.eclipse.jetty.io.ManagedSelector$$Lambda$666/1273065937.run(Unknown Source)
        at org.eclipse.jetty.util.thread.QueuedThreadPool.runJob(QueuedThreadPool.java:883)
        at org.eclipse.jetty.util.thread.QueuedThreadPool$Runner.run(QueuedThreadPool.java:1034)
        at java.lang.Thread.run(Thread.java:750)
"StaleRecoveringContainerScrubbingService#2" daemon prio=5 tid=1172 in Object.wait()
java.lang.Thread.State: WAITING (on object monitor)
        at sun.misc.Unsafe.park(Native Method)
        at java.util.concurrent.locks.LockSupport.park(LockSupport.java:175)
        at java.util.concurrent.locks.AbstractQueuedSynchronizer$ConditionObject.await(AbstractQueuedSynchronizer.java:2039)
        at java.util.concurrent.ScheduledThreadPoolExecutor$DelayedWorkQueue.take(ScheduledThreadPoolExecutor.java:1088)
        at java.util.concurrent.ScheduledThreadPoolExecutor$DelayedWorkQueue.take(ScheduledThreadPoolExecutor.java:809)
        at java.util.concurrent.ThreadPoolExecutor.getTask(ThreadPoolExecutor.java:1074)
        at java.util.concurrent.ThreadPoolExecutor.runWorker(ThreadPoolExecutor.java:1134)
        at java.util.concurrent.ThreadPoolExecutor$Worker.run(ThreadPoolExecutor.java:624)
        at java.lang.Thread.run(Thread.java:750)
"cc1e4d3c-2283-4c28-b737-db868cb45369-DatanodeStateMachineTaskThread-1"  prio=5 tid=739 in Object.wait()
java.lang.Thread.State: WAITING (on object monitor)
        at sun.misc.Unsafe.park(Native Method)
        at java.util.concurrent.locks.LockSupport.park(LockSupport.java:175)
        at java.util.concurrent.locks.AbstractQueuedSynchronizer$ConditionObject.await(AbstractQueuedSynchronizer.java:2039)
        at java.util.concurrent.LinkedBlockingQueue.take(LinkedBlockingQueue.java:442)
        at java.util.concurrent.ThreadPoolExecutor.getTask(ThreadPoolExecutor.java:1074)
        at java.util.concurrent.ThreadPoolExecutor.runWorker(ThreadPoolExecutor.java:1134)
        at java.util.concurrent.ThreadPoolExecutor$Worker.run(ThreadPoolExecutor.java:624)
        at java.lang.Thread.run(Thread.java:750)
"IPC Server handler 0 on default port 15002" daemon prio=5 tid=256 timed_waiting
java.lang.Thread.State: TIMED_WAITING
        at sun.misc.Unsafe.park(Native Method)
        at java.util.concurrent.locks.LockSupport.parkNanos(LockSupport.java:215)
        at java.util.concurrent.locks.AbstractQueuedSynchronizer$ConditionObject.awaitNanos(AbstractQueuedSynchronizer.java:2078)
        at java.util.concurrent.LinkedBlockingQueue.poll(LinkedBlockingQueue.java:467)
        at org.apache.hadoop.ipc.CallQueueManager.take(CallQueueManager.java:317)
        at org.apache.hadoop.ipc.Server$Handler.run(Server.java:3014)
"IPC Server handler 25 on default port 15009" daemon prio=5 tid=494 timed_waiting
java.lang.Thread.State: TIMED_WAITING
        at sun.misc.Unsafe.park(Native Method)
        at java.util.concurrent.locks.LockSupport.parkNanos(LockSupport.java:215)
        at java.util.concurrent.locks.AbstractQueuedSynchronizer$ConditionObject.awaitNanos(AbstractQueuedSynchronizer.java:2078)
        at java.util.concurrent.LinkedBlockingQueue.poll(LinkedBlockingQueue.java:467)
        at org.apache.hadoop.ipc.CallQueueManager.take(CallQueueManager.java:317)
        at org.apache.hadoop.ipc.Server$Handler.run(Server.java:3014)
"IPC Server handler 37 on default port 15009" daemon prio=5 tid=506 timed_waiting
java.lang.Thread.State: TIMED_WAITING
        at sun.misc.Unsafe.park(Native Method)
        at java.util.concurrent.locks.LockSupport.parkNanos(LockSupport.java:215)
        at java.util.concurrent.locks.AbstractQueuedSynchronizer$ConditionObject.awaitNanos(AbstractQueuedSynchronizer.java:2078)
        at java.util.concurrent.LinkedBlockingQueue.poll(LinkedBlockingQueue.java:467)
        at org.apache.hadoop.ipc.CallQueueManager.take(CallQueueManager.java:317)
        at org.apache.hadoop.ipc.Server$Handler.run(Server.java:3014)
"Timer-0"  prio=5 tid=391 timed_waiting
java.lang.Thread.State: TIMED_WAITING
        at java.lang.Object.wait(Native Method)
        at java.util.TimerThread.mainLoop(Timer.java:552)
        at java.util.TimerThread.run(Timer.java:505)
"EventQueue-OpenPipelineForHealthyPipelineSafeModeRule" daemon prio=5 tid=831 in Object.wait()
java.lang.Thread.State: WAITING (on object monitor)
        at sun.misc.Unsafe.park(Native Method)
        at java.util.concurrent.locks.LockSupport.park(LockSupport.java:175)
        at java.util.concurrent.locks.AbstractQueuedSynchronizer$ConditionObject.await(AbstractQueuedSynchronizer.java:2039)
        at java.util.concurrent.LinkedBlockingQueue.take(LinkedBlockingQueue.java:442)
        at java.util.concurrent.ThreadPoolExecutor.getTask(ThreadPoolExecutor.java:1074)
        at java.util.concurrent.ThreadPoolExecutor.runWorker(ThreadPoolExecutor.java:1134)
        at java.util.concurrent.ThreadPoolExecutor$Worker.run(ThreadPoolExecutor.java:624)
        at java.lang.Thread.run(Thread.java:750)
"qtp976190925-694" daemon prio=5 tid=694 runnable
java.lang.Thread.State: RUNNABLE
        at sun.nio.ch.EPollArrayWrapper.epollWait(Native Method)
        at sun.nio.ch.EPollArrayWrapper.poll(EPollArrayWrapper.java:269)
        at sun.nio.ch.EPollSelectorImpl.doSelect(EPollSelectorImpl.java:93)
        at sun.nio.ch.SelectorImpl.lockAndDoSelect(SelectorImpl.java:86)
        at sun.nio.ch.SelectorImpl.select(SelectorImpl.java:97)
        at sun.nio.ch.SelectorImpl.select(SelectorImpl.java:101)
        at org.eclipse.jetty.io.ManagedSelector.nioSelect(ManagedSelector.java:183)
        at org.eclipse.jetty.io.ManagedSelector.select(ManagedSelector.java:190)
        at org.eclipse.jetty.io.ManagedSelector$SelectorProducer.select(ManagedSelector.java:606)
        at org.eclipse.jetty.io.ManagedSelector$SelectorProducer.produce(ManagedSelector.java:543)
        at org.eclipse.jetty.util.thread.strategy.EatWhatYouKill.produceTask(EatWhatYouKill.java:362)
        at org.eclipse.jetty.util.thread.strategy.EatWhatYouKill.doProduce(EatWhatYouKill.java:186)
        at org.eclipse.jetty.util.thread.strategy.EatWhatYouKill.tryProduce(EatWhatYouKill.java:173)
        at org.eclipse.jetty.util.thread.strategy.EatWhatYouKill.produce(EatWhatYouKill.java:137)
        at org.eclipse.jetty.io.ManagedSelector$$Lambda$666/1273065937.run(Unknown Source)
        at org.eclipse.jetty.util.thread.QueuedThreadPool.runJob(QueuedThreadPool.java:883)
        at org.eclipse.jetty.util.thread.QueuedThreadPool$Runner.run(QueuedThreadPool.java:1034)
        at java.lang.Thread.run(Thread.java:750)
"IPC Server handler 80 on default port 15002" daemon prio=5 tid=336 timed_waiting
java.lang.Thread.State: TIMED_WAITING
        at sun.misc.Unsafe.park(Native Method)
        at java.util.concurrent.locks.LockSupport.parkNanos(LockSupport.java:215)
        at java.util.concurrent.locks.AbstractQueuedSynchronizer$ConditionObject.awaitNanos(AbstractQueuedSynchronizer.java:2078)
        at java.util.concurrent.LinkedBlockingQueue.poll(LinkedBlockingQueue.java:467)
        at org.apache.hadoop.ipc.CallQueueManager.take(CallQueueManager.java:317)
        at org.apache.hadoop.ipc.Server$Handler.run(Server.java:3014)
"a40aef6e-dfc7-4141-9a41-17d72bf4eeff-DatanodeReportManager-2" daemon prio=5 tid=683 in Object.wait()
java.lang.Thread.State: WAITING (on object monitor)
        at sun.misc.Unsafe.park(Native Method)
        at java.util.concurrent.locks.LockSupport.park(LockSupport.java:175)
        at java.util.concurrent.locks.AbstractQueuedSynchronizer$ConditionObject.await(AbstractQueuedSynchronizer.java:2039)
        at java.util.concurrent.ScheduledThreadPoolExecutor$DelayedWorkQueue.take(ScheduledThreadPoolExecutor.java:1088)
        at java.util.concurrent.ScheduledThreadPoolExecutor$DelayedWorkQueue.take(ScheduledThreadPoolExecutor.java:809)
        at java.util.concurrent.ThreadPoolExecutor.getTask(ThreadPoolExecutor.java:1074)
        at java.util.concurrent.ThreadPoolExecutor.runWorker(ThreadPoolExecutor.java:1134)
        at java.util.concurrent.ThreadPoolExecutor$Worker.run(ThreadPoolExecutor.java:624)
        at java.lang.Thread.run(Thread.java:750)
"IPC Server handler 24 on default port 15009" daemon prio=5 tid=493 timed_waiting
java.lang.Thread.State: TIMED_WAITING
        at sun.misc.Unsafe.park(Native Method)
        at java.util.concurrent.locks.LockSupport.parkNanos(LockSupport.java:215)
        at java.util.concurrent.locks.AbstractQueuedSynchronizer$ConditionObject.awaitNanos(AbstractQueuedSynchronizer.java:2078)
        at java.util.concurrent.LinkedBlockingQueue.poll(LinkedBlockingQueue.java:467)
        at org.apache.hadoop.ipc.CallQueueManager.take(CallQueueManager.java:317)
        at org.apache.hadoop.ipc.Server$Handler.run(Server.java:3014)
"cc1e4d3c-2283-4c28-b737-db868cb45369-groupManagement"  prio=5 tid=841 in Object.wait()
java.lang.Thread.State: WAITING (on object monitor)
        at sun.misc.Unsafe.park(Native Method)
        at java.util.concurrent.locks.LockSupport.park(LockSupport.java:175)
        at java.util.concurrent.locks.AbstractQueuedSynchronizer$ConditionObject.await(AbstractQueuedSynchronizer.java:2039)
        at java.util.concurrent.LinkedBlockingQueue.take(LinkedBlockingQueue.java:442)
        at java.util.concurrent.ThreadPoolExecutor.getTask(ThreadPoolExecutor.java:1074)
        at java.util.concurrent.ThreadPoolExecutor.runWorker(ThreadPoolExecutor.java:1134)
        at java.util.concurrent.ThreadPoolExecutor$Worker.run(ThreadPoolExecutor.java:624)
        at java.lang.Thread.run(Thread.java:750)
"cc1e4d3c-2283-4c28-b737-db868cb45369-BlockDeletingService#0" daemon prio=5 tid=754 in Object.wait()
java.lang.Thread.State: WAITING (on object monitor)
        at sun.misc.Unsafe.park(Native Method)
        at java.util.concurrent.locks.LockSupport.park(LockSupport.java:175)
        at java.util.concurrent.locks.AbstractQueuedSynchronizer$ConditionObject.await(AbstractQueuedSynchronizer.java:2039)
        at java.util.concurrent.ScheduledThreadPoolExecutor$DelayedWorkQueue.take(ScheduledThreadPoolExecutor.java:1088)
        at java.util.concurrent.ScheduledThreadPoolExecutor$DelayedWorkQueue.take(ScheduledThreadPoolExecutor.java:809)
        at java.util.concurrent.ThreadPoolExecutor.getTask(ThreadPoolExecutor.java:1074)
        at java.util.concurrent.ThreadPoolExecutor.runWorker(ThreadPoolExecutor.java:1134)
        at java.util.concurrent.ThreadPoolExecutor$Worker.run(ThreadPoolExecutor.java:624)
        at java.lang.Thread.run(Thread.java:750)
"IPC Server handler 18 on default port 15000" daemon prio=5 tid=74 timed_waiting
java.lang.Thread.State: TIMED_WAITING
        at sun.misc.Unsafe.park(Native Method)
        at java.util.concurrent.locks.LockSupport.parkNanos(LockSupport.java:215)
        at java.util.concurrent.locks.AbstractQueuedSynchronizer$ConditionObject.awaitNanos(AbstractQueuedSynchronizer.java:2078)
        at java.util.concurrent.LinkedBlockingQueue.poll(LinkedBlockingQueue.java:467)
        at org.apache.hadoop.ipc.CallQueueManager.take(CallQueueManager.java:317)
        at org.apache.hadoop.ipc.Server$Handler.run(Server.java:3014)
"StaleRecoveringContainerScrubbingService#2" daemon prio=5 tid=1174 in Object.wait()
java.lang.Thread.State: WAITING (on object monitor)
        at sun.misc.Unsafe.park(Native Method)
        at java.util.concurrent.locks.LockSupport.park(LockSupport.java:175)
        at java.util.concurrent.locks.AbstractQueuedSynchronizer$ConditionObject.await(AbstractQueuedSynchronizer.java:2039)
        at java.util.concurrent.ScheduledThreadPoolExecutor$DelayedWorkQueue.take(ScheduledThreadPoolExecutor.java:1088)
        at java.util.concurrent.ScheduledThreadPoolExecutor$DelayedWorkQueue.take(ScheduledThreadPoolExecutor.java:809)
        at java.util.concurrent.ThreadPoolExecutor.getTask(ThreadPoolExecutor.java:1074)
        at java.util.concurrent.ThreadPoolExecutor.runWorker(ThreadPoolExecutor.java:1134)
        at java.util.concurrent.ThreadPoolExecutor$Worker.run(ThreadPoolExecutor.java:624)
        at java.lang.Thread.run(Thread.java:750)
"qtp462164160-613" daemon prio=5 tid=613 timed_waiting
java.lang.Thread.State: TIMED_WAITING
        at sun.misc.Unsafe.park(Native Method)
        at java.util.concurrent.locks.LockSupport.parkNanos(LockSupport.java:215)
        at java.util.concurrent.locks.AbstractQueuedSynchronizer$ConditionObject.awaitNanos(AbstractQueuedSynchronizer.java:2078)
        at org.eclipse.jetty.util.BlockingArrayQueue.poll(BlockingArrayQueue.java:382)
        at org.eclipse.jetty.util.thread.QueuedThreadPool$Runner.idleJobPoll(QueuedThreadPool.java:974)
        at org.eclipse.jetty.util.thread.QueuedThreadPool$Runner.run(QueuedThreadPool.java:1018)
        at java.lang.Thread.run(Thread.java:750)
"org.apache.hadoop.ozone.container.common.statemachine.commandhandler.DeleteBlocksCommandHandler$DeleteCmdWorker@332c8aba" daemon prio=5 tid=691 timed_waiting
java.lang.Thread.State: TIMED_WAITING
        at java.lang.Thread.sleep(Native Method)
        at org.apache.hadoop.ozone.container.common.statemachine.commandhandler.DeleteBlocksCommandHandler$DeleteCmdWorker.run(DeleteBlocksCommandHandler.java:259)
        at java.lang.Thread.run(Thread.java:750)
"qtp2041857678-585" daemon prio=5 tid=585 timed_waiting
java.lang.Thread.State: TIMED_WAITING
        at sun.misc.Unsafe.park(Native Method)
        at java.util.concurrent.locks.LockSupport.parkNanos(LockSupport.java:215)
        at java.util.concurrent.locks.AbstractQueuedSynchronizer$ConditionObject.awaitNanos(AbstractQueuedSynchronizer.java:2078)
        at org.eclipse.jetty.util.BlockingArrayQueue.poll(BlockingArrayQueue.java:382)
        at org.eclipse.jetty.util.thread.QueuedThreadPool$Runner.idleJobPoll(QueuedThreadPool.java:974)
        at org.eclipse.jetty.util.thread.QueuedThreadPool$Runner.run(QueuedThreadPool.java:1018)
        at java.lang.Thread.run(Thread.java:750)
"IPC Server handler 66 on default port 15001" daemon prio=5 tid=222 timed_waiting
java.lang.Thread.State: TIMED_WAITING
        at sun.misc.Unsafe.park(Native Method)
        at java.util.concurrent.locks.LockSupport.parkNanos(LockSupport.java:215)
        at java.util.concurrent.locks.AbstractQueuedSynchronizer$ConditionObject.awaitNanos(AbstractQueuedSynchronizer.java:2078)
        at java.util.concurrent.LinkedBlockingQueue.poll(LinkedBlockingQueue.java:467)
        at org.apache.hadoop.ipc.CallQueueManager.take(CallQueueManager.java:317)
        at org.apache.hadoop.ipc.Server$Handler.run(Server.java:3014)
"59c3495a-7636-40f9-8dfa-c28be8e98abd@group-8188EE38776F-LeaderStateImpl" daemon prio=5 tid=898 timed_waiting
java.lang.Thread.State: TIMED_WAITING
        at sun.misc.Unsafe.park(Native Method)
        at java.util.concurrent.locks.LockSupport.parkNanos(LockSupport.java:215)
        at java.util.concurrent.locks.AbstractQueuedSynchronizer$ConditionObject.awaitNanos(AbstractQueuedSynchronizer.java:2078)
        at java.util.concurrent.ArrayBlockingQueue.poll(ArrayBlockingQueue.java:418)
        at org.apache.ratis.server.impl.LeaderStateImpl$EventQueue.poll(LeaderStateImpl.java:164)
        at org.apache.ratis.server.impl.LeaderStateImpl$EventProcessor.run(LeaderStateImpl.java:762)
"Socket Reader #1 for port 15004"  prio=5 tid=380 runnable
java.lang.Thread.State: RUNNABLE
        at sun.nio.ch.EPollArrayWrapper.epollWait(Native Method)
        at sun.nio.ch.EPollArrayWrapper.poll(EPollArrayWrapper.java:269)
        at sun.nio.ch.EPollSelectorImpl.doSelect(EPollSelectorImpl.java:93)
        at sun.nio.ch.SelectorImpl.lockAndDoSelect(SelectorImpl.java:86)
        at sun.nio.ch.SelectorImpl.select(SelectorImpl.java:97)
        at sun.nio.ch.SelectorImpl.select(SelectorImpl.java:101)
        at org.apache.hadoop.ipc.Server$Listener$Reader.doRunLoop(Server.java:1346)
        at org.apache.hadoop.ipc.Server$Listener$Reader.run(Server.java:1325)
"cc1e4d3c-2283-4c28-b737-db868cb45369@group-A7988BF88C1C-StateMachineUpdater" daemon prio=5 tid=1129 timed_waiting
java.lang.Thread.State: TIMED_WAITING
        at sun.misc.Unsafe.park(Native Method)
        at java.util.concurrent.locks.LockSupport.parkNanos(LockSupport.java:215)
        at java.util.concurrent.locks.AbstractQueuedSynchronizer$ConditionObject.await(AbstractQueuedSynchronizer.java:2163)
        at org.apache.ratis.util.AwaitForSignal.await(AwaitForSignal.java:65)
        at org.apache.ratis.server.impl.StateMachineUpdater.waitForCommit(StateMachineUpdater.java:211)
        at org.apache.ratis.server.impl.StateMachineUpdater.run(StateMachineUpdater.java:180)
        at java.lang.Thread.run(Thread.java:750)
"StaleRecoveringContainerScrubbingService#0" daemon prio=5 tid=793 in Object.wait()
java.lang.Thread.State: WAITING (on object monitor)
        at sun.misc.Unsafe.park(Native Method)
        at java.util.concurrent.locks.LockSupport.park(LockSupport.java:175)
        at java.util.concurrent.locks.AbstractQueuedSynchronizer$ConditionObject.await(AbstractQueuedSynchronizer.java:2039)
        at java.util.concurrent.ScheduledThreadPoolExecutor$DelayedWorkQueue.take(ScheduledThreadPoolExecutor.java:1088)
        at java.util.concurrent.ScheduledThreadPoolExecutor$DelayedWorkQueue.take(ScheduledThreadPoolExecutor.java:809)
        at java.util.concurrent.ThreadPoolExecutor.getTask(ThreadPoolExecutor.java:1074)
        at java.util.concurrent.ThreadPoolExecutor.runWorker(ThreadPoolExecutor.java:1134)
        at java.util.concurrent.ThreadPoolExecutor$Worker.run(ThreadPoolExecutor.java:624)
        at java.lang.Thread.run(Thread.java:750)
"IPC Server handler 39 on default port 15002" daemon prio=5 tid=295 timed_waiting
java.lang.Thread.State: TIMED_WAITING
        at sun.misc.Unsafe.park(Native Method)
        at java.util.concurrent.locks.LockSupport.parkNanos(LockSupport.java:215)
        at java.util.concurrent.locks.AbstractQueuedSynchronizer$ConditionObject.awaitNanos(AbstractQueuedSynchronizer.java:2078)
        at java.util.concurrent.LinkedBlockingQueue.poll(LinkedBlockingQueue.java:467)
        at org.apache.hadoop.ipc.CallQueueManager.take(CallQueueManager.java:317)
        at org.apache.hadoop.ipc.Server$Handler.run(Server.java:3014)
"Recon-FixedThreadPoolWithAffinityExecutor-8-0" daemon prio=5 tid=454 timed_waiting
java.lang.Thread.State: TIMED_WAITING
        at sun.misc.Unsafe.park(Native Method)
        at java.util.concurrent.locks.LockSupport.parkNanos(LockSupport.java:215)
        at java.util.concurrent.locks.AbstractQueuedSynchronizer$ConditionObject.awaitNanos(AbstractQueuedSynchronizer.java:2078)
        at java.util.concurrent.LinkedBlockingQueue.poll(LinkedBlockingQueue.java:467)
        at org.apache.hadoop.hdds.scm.server.ContainerReportQueue.poll(ContainerReportQueue.java:269)
        at org.apache.hadoop.hdds.scm.server.ContainerReportQueue.poll(ContainerReportQueue.java:42)
        at org.apache.hadoop.hdds.server.events.FixedThreadPoolWithAffinityExecutor$ContainerReportProcessTask.run(FixedThreadPoolWithAffinityExecutor.java:253)
        at java.util.concurrent.Executors$RunnableAdapter.call(Executors.java:511)
        at java.util.concurrent.FutureTask.run(FutureTask.java:266)
        at java.util.concurrent.ThreadPoolExecutor.runWorker(ThreadPoolExecutor.java:1149)
        at java.util.concurrent.ThreadPoolExecutor$Worker.run(ThreadPoolExecutor.java:624)
        at java.lang.Thread.run(Thread.java:750)
"IPC Server listener on 15001" daemon prio=5 tid=35 runnable
java.lang.Thread.State: RUNNABLE
        at sun.nio.ch.EPollArrayWrapper.epollWait(Native Method)
        at sun.nio.ch.EPollArrayWrapper.poll(EPollArrayWrapper.java:269)
        at sun.nio.ch.EPollSelectorImpl.doSelect(EPollSelectorImpl.java:93)
        at sun.nio.ch.SelectorImpl.lockAndDoSelect(SelectorImpl.java:86)
        at sun.nio.ch.SelectorImpl.select(SelectorImpl.java:97)
        at sun.nio.ch.SelectorImpl.select(SelectorImpl.java:101)
        at org.apache.hadoop.ipc.Server$Listener.run(Server.java:1408)
"cc1e4d3c-2283-4c28-b737-db868cb45369-DatanodeStateMachineDaemonThread" daemon prio=5 tid=624 timed_waiting
java.lang.Thread.State: TIMED_WAITING
        at java.lang.Thread.sleep(Native Method)
        at org.apache.hadoop.ozone.container.common.statemachine.DatanodeStateMachine.startStateMachineThread(DatanodeStateMachine.java:369)
        at org.apache.hadoop.ozone.container.common.statemachine.DatanodeStateMachine.lambda$startDaemon$1(DatanodeStateMachine.java:556)
        at org.apache.hadoop.ozone.container.common.statemachine.DatanodeStateMachine$$Lambda$1466/1250399292.run(Unknown Source)
        at java.lang.Thread.run(Thread.java:750)
"pool-175-thread-1" daemon prio=5 tid=783 timed_waiting
java.lang.Thread.State: TIMED_WAITING
        at sun.misc.Unsafe.park(Native Method)
        at java.util.concurrent.locks.LockSupport.parkNanos(LockSupport.java:215)
        at java.util.concurrent.locks.AbstractQueuedSynchronizer$ConditionObject.awaitNanos(AbstractQueuedSynchronizer.java:2078)
        at java.util.concurrent.ScheduledThreadPoolExecutor$DelayedWorkQueue.take(ScheduledThreadPoolExecutor.java:1093)
        at java.util.concurrent.ScheduledThreadPoolExecutor$DelayedWorkQueue.take(ScheduledThreadPoolExecutor.java:809)
        at java.util.concurrent.ThreadPoolExecutor.getTask(ThreadPoolExecutor.java:1074)
        at java.util.concurrent.ThreadPoolExecutor.runWorker(ThreadPoolExecutor.java:1134)
        at java.util.concurrent.ThreadPoolExecutor$Worker.run(ThreadPoolExecutor.java:624)
        at java.lang.Thread.run(Thread.java:750)
"IPC Server handler 55 on default port 15009" daemon prio=5 tid=524 timed_waiting
java.lang.Thread.State: TIMED_WAITING
        at sun.misc.Unsafe.park(Native Method)
        at java.util.concurrent.locks.LockSupport.parkNanos(LockSupport.java:215)
        at java.util.concurrent.locks.AbstractQueuedSynchronizer$ConditionObject.awaitNanos(AbstractQueuedSynchronizer.java:2078)
        at java.util.concurrent.LinkedBlockingQueue.poll(LinkedBlockingQueue.java:467)
        at org.apache.hadoop.ipc.CallQueueManager.take(CallQueueManager.java:317)
        at org.apache.hadoop.ipc.Server$Handler.run(Server.java:3014)
"IPC Server handler 57 on default port 15002" daemon prio=5 tid=313 timed_waiting
java.lang.Thread.State: TIMED_WAITING
        at sun.misc.Unsafe.park(Native Method)
        at java.util.concurrent.locks.LockSupport.parkNanos(LockSupport.java:215)
        at java.util.concurrent.locks.AbstractQueuedSynchronizer$ConditionObject.awaitNanos(AbstractQueuedSynchronizer.java:2078)
        at java.util.concurrent.LinkedBlockingQueue.poll(LinkedBlockingQueue.java:467)
        at org.apache.hadoop.ipc.CallQueueManager.take(CallQueueManager.java:317)
        at org.apache.hadoop.ipc.Server$Handler.run(Server.java:3014)
"59c3495a-7636-40f9-8dfa-c28be8e98abd-BlockDeletingService#1" daemon prio=5 tid=738 timed_waiting
java.lang.Thread.State: TIMED_WAITING
        at sun.misc.Unsafe.park(Native Method)
        at java.util.concurrent.locks.LockSupport.parkNanos(LockSupport.java:215)
        at java.util.concurrent.locks.AbstractQueuedSynchronizer$ConditionObject.awaitNanos(AbstractQueuedSynchronizer.java:2078)
        at java.util.concurrent.ScheduledThreadPoolExecutor$DelayedWorkQueue.take(ScheduledThreadPoolExecutor.java:1093)
        at java.util.concurrent.ScheduledThreadPoolExecutor$DelayedWorkQueue.take(ScheduledThreadPoolExecutor.java:809)
        at java.util.concurrent.ThreadPoolExecutor.getTask(ThreadPoolExecutor.java:1074)
        at java.util.concurrent.ThreadPoolExecutor.runWorker(ThreadPoolExecutor.java:1134)
        at java.util.concurrent.ThreadPoolExecutor$Worker.run(ThreadPoolExecutor.java:624)
        at java.lang.Thread.run(Thread.java:750)
"EventQueue-PipelineReportForPipelineReportHandler" daemon prio=5 tid=819 in Object.wait()
java.lang.Thread.State: WAITING (on object monitor)
        at sun.misc.Unsafe.park(Native Method)
        at java.util.concurrent.locks.LockSupport.park(LockSupport.java:175)
        at java.util.concurrent.locks.AbstractQueuedSynchronizer$ConditionObject.await(AbstractQueuedSynchronizer.java:2039)
        at java.util.concurrent.LinkedBlockingQueue.take(LinkedBlockingQueue.java:442)
        at java.util.concurrent.ThreadPoolExecutor.getTask(ThreadPoolExecutor.java:1074)
        at java.util.concurrent.ThreadPoolExecutor.runWorker(ThreadPoolExecutor.java:1134)
        at java.util.concurrent.ThreadPoolExecutor$Worker.run(ThreadPoolExecutor.java:624)
        at java.lang.Thread.run(Thread.java:750)
"IPC Server handler 12 on default port 15004" daemon prio=5 tid=424 timed_waiting
java.lang.Thread.State: TIMED_WAITING
        at sun.misc.Unsafe.park(Native Method)
        at java.util.concurrent.locks.LockSupport.parkNanos(LockSupport.java:215)
        at java.util.concurrent.locks.AbstractQueuedSynchronizer$ConditionObject.awaitNanos(AbstractQueuedSynchronizer.java:2078)
        at java.util.concurrent.LinkedBlockingQueue.poll(LinkedBlockingQueue.java:467)
        at org.apache.hadoop.ipc.CallQueueManager.take(CallQueueManager.java:317)
        at org.apache.hadoop.ipc.Server$Handler.run(Server.java:3014)
"IPC Server handler 2 on default port 15004" daemon prio=5 tid=414 timed_waiting
java.lang.Thread.State: TIMED_WAITING
        at sun.misc.Unsafe.park(Native Method)
        at java.util.concurrent.locks.LockSupport.parkNanos(LockSupport.java:215)
        at java.util.concurrent.locks.AbstractQueuedSynchronizer$ConditionObject.awaitNanos(AbstractQueuedSynchronizer.java:2078)
        at java.util.concurrent.LinkedBlockingQueue.poll(LinkedBlockingQueue.java:467)
        at org.apache.hadoop.ipc.CallQueueManager.take(CallQueueManager.java:317)
        at org.apache.hadoop.ipc.Server$Handler.run(Server.java:3014)
"IPC Server handler 18 on default port 15004" daemon prio=5 tid=430 timed_waiting
java.lang.Thread.State: TIMED_WAITING
        at sun.misc.Unsafe.park(Native Method)
        at java.util.concurrent.locks.LockSupport.parkNanos(LockSupport.java:215)
        at java.util.concurrent.locks.AbstractQueuedSynchronizer$ConditionObject.awaitNanos(AbstractQueuedSynchronizer.java:2078)
        at java.util.concurrent.LinkedBlockingQueue.poll(LinkedBlockingQueue.java:467)
        at org.apache.hadoop.ipc.CallQueueManager.take(CallQueueManager.java:317)
        at org.apache.hadoop.ipc.Server$Handler.run(Server.java:3014)
"IPC Server handler 30 on default port 15002" daemon prio=5 tid=286 timed_waiting
java.lang.Thread.State: TIMED_WAITING
        at sun.misc.Unsafe.park(Native Method)
        at java.util.concurrent.locks.LockSupport.parkNanos(LockSupport.java:215)
        at java.util.concurrent.locks.AbstractQueuedSynchronizer$ConditionObject.awaitNanos(AbstractQueuedSynchronizer.java:2078)
        at java.util.concurrent.LinkedBlockingQueue.poll(LinkedBlockingQueue.java:467)
        at org.apache.hadoop.ipc.CallQueueManager.take(CallQueueManager.java:317)
        at org.apache.hadoop.ipc.Server$Handler.run(Server.java:3014)
"IPC Server handler 91 on default port 15001" daemon prio=5 tid=247 timed_waiting
java.lang.Thread.State: TIMED_WAITING
        at sun.misc.Unsafe.park(Native Method)
        at java.util.concurrent.locks.LockSupport.parkNanos(LockSupport.java:215)
        at java.util.concurrent.locks.AbstractQueuedSynchronizer$ConditionObject.awaitNanos(AbstractQueuedSynchronizer.java:2078)
        at java.util.concurrent.LinkedBlockingQueue.poll(LinkedBlockingQueue.java:467)
        at org.apache.hadoop.ipc.CallQueueManager.take(CallQueueManager.java:317)
        at org.apache.hadoop.ipc.Server$Handler.run(Server.java:3014)
"cc1e4d3c-2283-4c28-b737-db868cb45369-DatanodeReportManager-2" daemon prio=5 tid=627 in Object.wait()
java.lang.Thread.State: WAITING (on object monitor)
        at sun.misc.Unsafe.park(Native Method)
        at java.util.concurrent.locks.LockSupport.park(LockSupport.java:175)
        at java.util.concurrent.locks.AbstractQueuedSynchronizer$ConditionObject.await(AbstractQueuedSynchronizer.java:2039)
        at java.util.concurrent.ScheduledThreadPoolExecutor$DelayedWorkQueue.take(ScheduledThreadPoolExecutor.java:1088)
        at java.util.concurrent.ScheduledThreadPoolExecutor$DelayedWorkQueue.take(ScheduledThreadPoolExecutor.java:809)
        at java.util.concurrent.ThreadPoolExecutor.getTask(ThreadPoolExecutor.java:1074)
        at java.util.concurrent.ThreadPoolExecutor.runWorker(ThreadPoolExecutor.java:1134)
        at java.util.concurrent.ThreadPoolExecutor$Worker.run(ThreadPoolExecutor.java:624)
        at java.lang.Thread.run(Thread.java:750)
"ceb25050-cf9f-4852-a13e-a5ff0cf3b4d2-EndpointStateMachineTaskThread-/0.0.0.0:15009-0 "  prio=5 tid=798 in Object.wait()
java.lang.Thread.State: WAITING (on object monitor)
        at sun.misc.Unsafe.park(Native Method)
        at java.util.concurrent.locks.LockSupport.park(LockSupport.java:175)
        at java.util.concurrent.locks.AbstractQueuedSynchronizer$ConditionObject.await(AbstractQueuedSynchronizer.java:2039)
        at java.util.concurrent.LinkedBlockingQueue.take(LinkedBlockingQueue.java:442)
        at java.util.concurrent.ThreadPoolExecutor.getTask(ThreadPoolExecutor.java:1074)
        at java.util.concurrent.ThreadPoolExecutor.runWorker(ThreadPoolExecutor.java:1134)
        at java.util.concurrent.ThreadPoolExecutor$Worker.run(ThreadPoolExecutor.java:624)
        at java.lang.Thread.run(Thread.java:750)
"IPC Server handler 25 on default port 15000" daemon prio=5 tid=81 timed_waiting
java.lang.Thread.State: TIMED_WAITING
        at sun.misc.Unsafe.park(Native Method)
        at java.util.concurrent.locks.LockSupport.parkNanos(LockSupport.java:215)
        at java.util.concurrent.locks.AbstractQueuedSynchronizer$ConditionObject.awaitNanos(AbstractQueuedSynchronizer.java:2078)
        at java.util.concurrent.LinkedBlockingQueue.poll(LinkedBlockingQueue.java:467)
        at org.apache.hadoop.ipc.CallQueueManager.take(CallQueueManager.java:317)
        at org.apache.hadoop.ipc.Server$Handler.run(Server.java:3014)
"Recon-FixedThreadPoolWithAffinityExecutor-0-0" daemon prio=5 tid=446 timed_waiting
java.lang.Thread.State: TIMED_WAITING
        at sun.misc.Unsafe.park(Native Method)
        at java.util.concurrent.locks.LockSupport.parkNanos(LockSupport.java:215)
        at java.util.concurrent.locks.AbstractQueuedSynchronizer$ConditionObject.awaitNanos(AbstractQueuedSynchronizer.java:2078)
        at java.util.concurrent.LinkedBlockingQueue.poll(LinkedBlockingQueue.java:467)
        at org.apache.hadoop.hdds.scm.server.ContainerReportQueue.poll(ContainerReportQueue.java:269)
        at org.apache.hadoop.hdds.scm.server.ContainerReportQueue.poll(ContainerReportQueue.java:42)
        at org.apache.hadoop.hdds.server.events.FixedThreadPoolWithAffinityExecutor$ContainerReportProcessTask.run(FixedThreadPoolWithAffinityExecutor.java:253)
        at java.util.concurrent.Executors$RunnableAdapter.call(Executors.java:511)
        at java.util.concurrent.FutureTask.run(FutureTask.java:266)
        at java.util.concurrent.ThreadPoolExecutor.runWorker(ThreadPoolExecutor.java:1149)
        at java.util.concurrent.ThreadPoolExecutor$Worker.run(ThreadPoolExecutor.java:624)
        at java.lang.Thread.run(Thread.java:750)
"IPC Server handler 89 on default port 15001" daemon prio=5 tid=245 timed_waiting
java.lang.Thread.State: TIMED_WAITING
        at sun.misc.Unsafe.park(Native Method)
        at java.util.concurrent.locks.LockSupport.parkNanos(LockSupport.java:215)
        at java.util.concurrent.locks.AbstractQueuedSynchronizer$ConditionObject.awaitNanos(AbstractQueuedSynchronizer.java:2078)
        at java.util.concurrent.LinkedBlockingQueue.poll(LinkedBlockingQueue.java:467)
        at org.apache.hadoop.ipc.CallQueueManager.take(CallQueueManager.java:317)
        at org.apache.hadoop.ipc.Server$Handler.run(Server.java:3014)
"d1715241-1ffa-4146-b219-94c9c0fc171f-CloseContainerThread-1"  prio=5 tid=1059 in Object.wait()
java.lang.Thread.State: WAITING (on object monitor)
        at sun.misc.Unsafe.park(Native Method)
        at java.util.concurrent.locks.LockSupport.park(LockSupport.java:175)
        at java.util.concurrent.locks.AbstractQueuedSynchronizer$ConditionObject.await(AbstractQueuedSynchronizer.java:2039)
        at java.util.concurrent.LinkedBlockingQueue.take(LinkedBlockingQueue.java:442)
        at java.util.concurrent.ThreadPoolExecutor.getTask(ThreadPoolExecutor.java:1074)
        at java.util.concurrent.ThreadPoolExecutor.runWorker(ThreadPoolExecutor.java:1134)
        at java.util.concurrent.ThreadPoolExecutor$Worker.run(ThreadPoolExecutor.java:624)
        at java.lang.Thread.run(Thread.java:750)
"main"  prio=5 tid=1 runnable
java.lang.Thread.State: RUNNABLE
        at java.lang.Thread.dumpThreads(Native Method)
        at java.lang.Thread.getAllStackTraces(Thread.java:1615)
        at org.apache.ozone.test.TimedOutTestsListener.buildThreadDump(TimedOutTestsListener.java:83)
        at org.apache.ozone.test.TimedOutTestsListener.buildThreadDiagnosticString(TimedOutTestsListener.java:69)
        at org.apache.ozone.test.GenericTestUtils.waitFor(GenericTestUtils.java:204)
        at org.apache.hadoop.ozone.container.TestHelper.waitForReplicaCount(TestHelper.java:444)
        at org.apache.hadoop.ozone.recon.TestReconAndAdminContainerCLI.testNodesInDecommissionOrMaintenance(TestReconAndAdminContainerCLI.java:264)
        at sun.reflect.NativeMethodAccessorImpl.invoke0(Native Method)
        at sun.reflect.NativeMethodAccessorImpl.invoke(NativeMethodAccessorImpl.java:62)
        at sun.reflect.DelegatingMethodAccessorImpl.invoke(DelegatingMethodAccessorImpl.java:43)
        at java.lang.reflect.Method.invoke(Method.java:498)
        at org.junit.platform.commons.util.ReflectionUtils.invokeMethod(ReflectionUtils.java:728)
        at org.junit.jupiter.engine.execution.MethodInvocation.proceed(MethodInvocation.java:60)
        at org.junit.jupiter.engine.execution.InvocationInterceptorChain$ValidatingInvocation.proceed(InvocationInterceptorChain.java:131)
        at org.junit.jupiter.engine.extension.SameThreadTimeoutInvocation.proceed(SameThreadTimeoutInvocation.java:45)
        at org.junit.jupiter.engine.extension.TimeoutExtension.intercept(TimeoutExtension.java:156)
        at org.junit.jupiter.engine.extension.TimeoutExtension.interceptTestableMethod(TimeoutExtension.java:147)
        at org.junit.jupiter.engine.extension.TimeoutExtension.interceptTestTemplateMethod(TimeoutExtension.java:94)
        at org.junit.jupiter.engine.descriptor.TestTemplateInvocationTestDescriptor$$Lambda$2182/1055462423.apply(Unknown Source)
        at org.junit.jupiter.engine.execution.InterceptingExecutableInvoker$ReflectiveInterceptorCall.lambda$ofVoidMethod$0(InterceptingExecutableInvoker.java:103)
        at org.junit.jupiter.engine.execution.InterceptingExecutableInvoker$ReflectiveInterceptorCall$$Lambda$188/2134157671.apply(Unknown Source)
        at org.junit.jupiter.engine.execution.InterceptingExecutableInvoker.lambda$invoke$0(InterceptingExecutableInvoker.java:93)
        at org.junit.jupiter.engine.execution.InterceptingExecutableInvoker$$Lambda$387/356476647.apply(Unknown Source)
        at org.junit.jupiter.engine.execution.InvocationInterceptorChain$InterceptedInvocation.proceed(InvocationInterceptorChain.java:106)
        at org.junit.jupiter.engine.execution.InvocationInterceptorChain.proceed(InvocationInterceptorChain.java:64)
        at org.junit.jupiter.engine.execution.InvocationInterceptorChain.chainAndInvoke(InvocationInterceptorChain.java:45)
        at org.junit.jupiter.engine.execution.InvocationInterceptorChain.invoke(InvocationInterceptorChain.java:37)
        at org.junit.jupiter.engine.execution.InterceptingExecutableInvoker.invoke(InterceptingExecutableInvoker.java:92)
        at org.junit.jupiter.engine.execution.InterceptingExecutableInvoker.invoke(InterceptingExecutableInvoker.java:86)
        at org.junit.jupiter.engine.descriptor.TestMethodTestDescriptor.lambda$invokeTestMethod$7(TestMethodTestDescriptor.java:218)
        at org.junit.jupiter.engine.descriptor.TestMethodTestDescriptor$$Lambda$2213/714763296.execute(Unknown Source)
        at org.junit.platform.engine.support.hierarchical.ThrowableCollector.execute(ThrowableCollector.java:73)
        at org.junit.jupiter.engine.descriptor.TestMethodTestDescriptor.invokeTestMethod(TestMethodTestDescriptor.java:214)
        at org.junit.jupiter.engine.descriptor.TestMethodTestDescriptor.execute(TestMethodTestDescriptor.java:139)
        at org.junit.jupiter.engine.descriptor.TestMethodTestDescriptor.execute(TestMethodTestDescriptor.java:69)
        at org.junit.platform.engine.support.hierarchical.NodeTestTask.lambda$executeRecursively$6(NodeTestTask.java:151)
        at org.junit.platform.engine.support.hierarchical.NodeTestTask$$Lambda$317/1701436909.execute(Unknown Source)
        at org.junit.platform.engine.support.hierarchical.ThrowableCollector.execute(ThrowableCollector.java:73)
        at org.junit.platform.engine.support.hierarchical.NodeTestTask.lambda$executeRecursively$8(NodeTestTask.java:141)
        at org.junit.platform.engine.support.hierarchical.NodeTestTask$$Lambda$316/66845334.invoke(Unknown Source)
        at org.junit.platform.engine.support.hierarchical.Node.around(Node.java:137)
        at org.junit.platform.engine.support.hierarchical.NodeTestTask.lambda$executeRecursively$9(NodeTestTask.java:139)
        at org.junit.platform.engine.support.hierarchical.NodeTestTask$$Lambda$315/168468389.execute(Unknown Source)
        at org.junit.platform.engine.support.hierarchical.ThrowableCollector.execute(ThrowableCollector.java:73)
        at org.junit.platform.engine.support.hierarchical.NodeTestTask.executeRecursively(NodeTestTask.java:138)
        at org.junit.platform.engine.support.hierarchical.NodeTestTask.execute(NodeTestTask.java:95)
        at org.junit.platform.engine.support.hierarchical.SameThreadHierarchicalTestExecutorService.submit(SameThreadHierarchicalTestExecutorService.java:35)
        at org.junit.platform.engine.support.hierarchical.NodeTestTask$DefaultDynamicTestExecutor.execute(NodeTestTask.java:226)
        at org.junit.platform.engine.support.hierarchical.NodeTestTask$DefaultDynamicTestExecutor.execute(NodeTestTask.java:204)
        at org.junit.jupiter.engine.descriptor.TestTemplateTestDescriptor.execute(TestTemplateTestDescriptor.java:142)
        at org.junit.jupiter.engine.descriptor.TestTemplateTestDescriptor.lambda$execute$2(TestTemplateTestDescriptor.java:110)
        at org.junit.jupiter.engine.descriptor.TestTemplateTestDescriptor$$Lambda$2142/53330640.accept(Unknown Source)
        at java.util.stream.ForEachOps$ForEachOp$OfRef.accept(ForEachOps.java:183)
        at java.util.stream.ReferencePipeline$3$1.accept(ReferencePipeline.java:193)
        at java.util.stream.ReferencePipeline$2$1.accept(ReferencePipeline.java:175)
        at java.util.stream.ReferencePipeline$3$1.accept(ReferencePipeline.java:193)
        at java.util.stream.ForEachOps$ForEachOp$OfRef.accept(ForEachOps.java:183)
        at java.util.stream.ReferencePipeline$3$1.accept(ReferencePipeline.java:193)
        at java.util.stream.ReferencePipeline$3$1.accept(ReferencePipeline.java:193)
        at java.util.stream.ReferencePipeline$3$1.accept(ReferencePipeline.java:193)
        at java.util.stream.ForEachOps$ForEachOp$OfRef.accept(ForEachOps.java:183)
        at java.util.stream.ReferencePipeline$3$1.accept(ReferencePipeline.java:193)
        at java.util.Spliterators$ArraySpliterator.forEachRemaining(Spliterators.java:948)
        at java.util.stream.ReferencePipeline$Head.forEach(ReferencePipeline.java:647)
        at java.util.stream.ReferencePipeline$7$1.accept(ReferencePipeline.java:272)
        at java.util.stream.ReferencePipeline$3$1.accept(ReferencePipeline.java:193)
        at java.util.stream.ReferencePipeline$3$1.accept(ReferencePipeline.java:193)
        at java.util.stream.ReferencePipeline$3$1.accept(ReferencePipeline.java:193)
        at java.util.Spliterators$ArraySpliterator.forEachRemaining(Spliterators.java:948)
        at java.util.stream.AbstractPipeline.copyInto(AbstractPipeline.java:482)
        at java.util.stream.AbstractPipeline.wrapAndCopyInto(AbstractPipeline.java:472)
        at java.util.stream.ForEachOps$ForEachOp.evaluateSequential(ForEachOps.java:150)
        at java.util.stream.ForEachOps$ForEachOp$OfRef.evaluateSequential(ForEachOps.java:173)
        at java.util.stream.AbstractPipeline.evaluate(AbstractPipeline.java:234)
        at java.util.stream.ReferencePipeline.forEach(ReferencePipeline.java:485)
        at java.util.stream.ReferencePipeline$7$1.accept(ReferencePipeline.java:272)
        at java.util.stream.ReferencePipeline$3$1.accept(ReferencePipeline.java:193)
        at java.util.stream.ReferencePipeline$3$1.accept(ReferencePipeline.java:193)
        at java.util.stream.ReferencePipeline$3$1.accept(ReferencePipeline.java:193)
        at java.util.ArrayList$ArrayListSpliterator.forEachRemaining(ArrayList.java:1384)
        at java.util.stream.AbstractPipeline.copyInto(AbstractPipeline.java:482)
        at java.util.stream.AbstractPipeline.wrapAndCopyInto(AbstractPipeline.java:472)
        at java.util.stream.ForEachOps$ForEachOp.evaluateSequential(ForEachOps.java:150)
        at java.util.stream.ForEachOps$ForEachOp$OfRef.evaluateSequential(ForEachOps.java:173)
        at java.util.stream.AbstractPipeline.evaluate(AbstractPipeline.java:234)
        at java.util.stream.ReferencePipeline.forEach(ReferencePipeline.java:485)
        at java.util.stream.ReferencePipeline$7$1.accept(ReferencePipeline.java:272)
        at java.util.ArrayList$ArrayListSpliterator.forEachRemaining(ArrayList.java:1384)
        at java.util.stream.AbstractPipeline.copyInto(AbstractPipeline.java:482)
        at java.util.stream.AbstractPipeline.wrapAndCopyInto(AbstractPipeline.java:472)
        at java.util.stream.ForEachOps$ForEachOp.evaluateSequential(ForEachOps.java:150)
        at java.util.stream.ForEachOps$ForEachOp$OfRef.evaluateSequential(ForEachOps.java:173)
        at java.util.stream.AbstractPipeline.evaluate(AbstractPipeline.java:234)
        at java.util.stream.ReferencePipeline.forEach(ReferencePipeline.java:485)
        at org.junit.jupiter.engine.descriptor.TestTemplateTestDescriptor.execute(TestTemplateTestDescriptor.java:110)
        at org.junit.jupiter.engine.descriptor.TestTemplateTestDescriptor.execute(TestTemplateTestDescriptor.java:44)
        at org.junit.platform.engine.support.hierarchical.NodeTestTask.lambda$executeRecursively$6(NodeTestTask.java:151)
        at org.junit.platform.engine.support.hierarchical.NodeTestTask$$Lambda$317/1701436909.execute(Unknown Source)
        at org.junit.platform.engine.support.hierarchical.ThrowableCollector.execute(ThrowableCollector.java:73)
        at org.junit.platform.engine.support.hierarchical.NodeTestTask.lambda$executeRecursively$8(NodeTestTask.java:141)
        at org.junit.platform.engine.support.hierarchical.NodeTestTask$$Lambda$316/66845334.invoke(Unknown Source)
        at org.junit.platform.engine.support.hierarchical.Node.around(Node.java:137)
        at org.junit.platform.engine.support.hierarchical.NodeTestTask.lambda$executeRecursively$9(NodeTestTask.java:139)
        at org.junit.platform.engine.support.hierarchical.NodeTestTask$$Lambda$315/168468389.execute(Unknown Source)
        at org.junit.platform.engine.support.hierarchical.ThrowableCollector.execute(ThrowableCollector.java:73)
        at org.junit.platform.engine.support.hierarchical.NodeTestTask.executeRecursively(NodeTestTask.java:138)
        at org.junit.platform.engine.support.hierarchical.NodeTestTask.execute(NodeTestTask.java:95)
        at org.junit.platform.engine.support.hierarchical.SameThreadHierarchicalTestExecutorService$$Lambda$321/1832284192.accept(Unknown Source)
        at java.util.ArrayList.forEach(ArrayList.java:1259)
        at org.junit.platform.engine.support.hierarchical.SameThreadHierarchicalTestExecutorService.invokeAll(SameThreadHierarchicalTestExecutorService.java:41)
        at org.junit.platform.engine.support.hierarchical.NodeTestTask.lambda$executeRecursively$6(NodeTestTask.java:155)
        at org.junit.platform.engine.support.hierarchical.NodeTestTask$$Lambda$317/1701436909.execute(Unknown Source)
        at org.junit.platform.engine.support.hierarchical.ThrowableCollector.execute(ThrowableCollector.java:73)
        at org.junit.platform.engine.support.hierarchical.NodeTestTask.lambda$executeRecursively$8(NodeTestTask.java:141)
        at org.junit.platform.engine.support.hierarchical.NodeTestTask$$Lambda$316/66845334.invoke(Unknown Source)
        at org.junit.platform.engine.support.hierarchical.Node.around(Node.java:137)
        at org.junit.platform.engine.support.hierarchical.NodeTestTask.lambda$executeRecursively$9(NodeTestTask.java:139)
        at org.junit.platform.engine.support.hierarchical.NodeTestTask$$Lambda$315/168468389.execute(Unknown Source)
        at org.junit.platform.engine.support.hierarchical.ThrowableCollector.execute(ThrowableCollector.java:73)
        at org.junit.platform.engine.support.hierarchical.NodeTestTask.executeRecursively(NodeTestTask.java:138)
        at org.junit.platform.engine.support.hierarchical.NodeTestTask.execute(NodeTestTask.java:95)
        at org.junit.platform.engine.support.hierarchical.SameThreadHierarchicalTestExecutorService$$Lambda$321/1832284192.accept(Unknown Source)
        at java.util.ArrayList.forEach(ArrayList.java:1259)
        at org.junit.platform.engine.support.hierarchical.SameThreadHierarchicalTestExecutorService.invokeAll(SameThreadHierarchicalTestExecutorService.java:41)
        at org.junit.platform.engine.support.hierarchical.NodeTestTask.lambda$executeRecursively$6(NodeTestTask.java:155)
        at org.junit.platform.engine.support.hierarchical.NodeTestTask$$Lambda$317/1701436909.execute(Unknown Source)
        at org.junit.platform.engine.support.hierarchical.ThrowableCollector.execute(ThrowableCollector.java:73)
        at org.junit.platform.engine.support.hierarchical.NodeTestTask.lambda$executeRecursively$8(NodeTestTask.java:141)
        at org.junit.platform.engine.support.hierarchical.NodeTestTask$$Lambda$316/66845334.invoke(Unknown Source)
        at org.junit.platform.engine.support.hierarchical.Node.around(Node.java:137)
        at org.junit.platform.engine.support.hierarchical.NodeTestTask.lambda$executeRecursively$9(NodeTestTask.java:139)
        at org.junit.platform.engine.support.hierarchical.NodeTestTask$$Lambda$315/168468389.execute(Unknown Source)
        at org.junit.platform.engine.support.hierarchical.ThrowableCollector.execute(ThrowableCollector.java:73)
        at org.junit.platform.engine.support.hierarchical.NodeTestTask.executeRecursively(NodeTestTask.java:138)
        at org.junit.platform.engine.support.hierarchical.NodeTestTask.execute(NodeTestTask.java:95)
        at org.junit.platform.engine.support.hierarchical.SameThreadHierarchicalTestExecutorService.submit(SameThreadHierarchicalTestExecutorService.java:35)
        at org.junit.platform.engine.support.hierarchical.HierarchicalTestExecutor.execute(HierarchicalTestExecutor.java:57)
        at org.junit.platform.engine.support.hierarchical.HierarchicalTestEngine.execute(HierarchicalTestEngine.java:54)
        at org.junit.platform.launcher.core.EngineExecutionOrchestrator.execute(EngineExecutionOrchestrator.java:198)
        at org.junit.platform.launcher.core.EngineExecutionOrchestrator.execute(EngineExecutionOrchestrator.java:169)
        at org.junit.platform.launcher.core.EngineExecutionOrchestrator.execute(EngineExecutionOrchestrator.java:93)
        at org.junit.platform.launcher.core.EngineExecutionOrchestrator.lambda$execute$0(EngineExecutionOrchestrator.java:58)
        at org.junit.platform.launcher.core.EngineExecutionOrchestrator$$Lambda$235/2024945312.accept(Unknown Source)
        at org.junit.platform.launcher.core.EngineExecutionOrchestrator.withInterceptedStreams(EngineExecutionOrchestrator.java:141)
        at org.junit.platform.launcher.core.EngineExecutionOrchestrator.execute(EngineExecutionOrchestrator.java:57)
        at org.junit.platform.launcher.core.DefaultLauncher.execute(DefaultLauncher.java:103)
        at org.junit.platform.launcher.core.DefaultLauncher.execute(DefaultLauncher.java:85)
        at org.junit.platform.launcher.core.DelegatingLauncher.execute(DelegatingLauncher.java:47)
        at org.junit.platform.launcher.core.SessionPerRequestLauncher.execute(SessionPerRequestLauncher.java:63)
        at org.apache.maven.surefire.junitplatform.JUnitPlatformProvider.invokeAllTests(JUnitPlatformProvider.java:154)
        at org.apache.maven.surefire.junitplatform.JUnitPlatformProvider.invoke(JUnitPlatformProvider.java:123)
        at org.apache.maven.surefire.booter.ForkedBooter.runSuitesInProcess(ForkedBooter.java:377)
        at org.apache.maven.surefire.booter.ForkedBooter.execute(ForkedBooter.java:138)
        at org.apache.maven.surefire.booter.ForkedBooter.run(ForkedBooter.java:465)
        at org.apache.maven.surefire.booter.ForkedBooter.main(ForkedBooter.java:451)
"IPC Server handler 63 on default port 15001" daemon prio=5 tid=219 timed_waiting
java.lang.Thread.State: TIMED_WAITING
        at sun.misc.Unsafe.park(Native Method)
        at java.util.concurrent.locks.LockSupport.parkNanos(LockSupport.java:215)
        at java.util.concurrent.locks.AbstractQueuedSynchronizer$ConditionObject.awaitNanos(AbstractQueuedSynchronizer.java:2078)
        at java.util.concurrent.LinkedBlockingQueue.poll(LinkedBlockingQueue.java:467)
        at org.apache.hadoop.ipc.CallQueueManager.take(CallQueueManager.java:317)
        at org.apache.hadoop.ipc.Server$Handler.run(Server.java:3014)
"IPC Server handler 8 on default port 15004" daemon prio=5 tid=420 timed_waiting
java.lang.Thread.State: TIMED_WAITING
        at sun.misc.Unsafe.park(Native Method)
        at java.util.concurrent.locks.LockSupport.parkNanos(LockSupport.java:215)
        at java.util.concurrent.locks.AbstractQueuedSynchronizer$ConditionObject.awaitNanos(AbstractQueuedSynchronizer.java:2078)
        at java.util.concurrent.LinkedBlockingQueue.poll(LinkedBlockingQueue.java:467)
        at org.apache.hadoop.ipc.CallQueueManager.take(CallQueueManager.java:317)
        at org.apache.hadoop.ipc.Server$Handler.run(Server.java:3014)
"cc1e4d3c-2283-4c28-b737-db868cb45369-server-thread3" daemon prio=5 tid=1170 timed_waiting
java.lang.Thread.State: TIMED_WAITING
        at sun.misc.Unsafe.park(Native Method)
        at java.util.concurrent.locks.LockSupport.parkNanos(LockSupport.java:215)
        at java.util.concurrent.SynchronousQueue$TransferStack.awaitFulfill(SynchronousQueue.java:460)
        at java.util.concurrent.SynchronousQueue$TransferStack.transfer(SynchronousQueue.java:362)
        at java.util.concurrent.SynchronousQueue.poll(SynchronousQueue.java:941)
        at java.util.concurrent.ThreadPoolExecutor.getTask(ThreadPoolExecutor.java:1073)
        at java.util.concurrent.ThreadPoolExecutor.runWorker(ThreadPoolExecutor.java:1134)
        at java.util.concurrent.ThreadPoolExecutor$Worker.run(ThreadPoolExecutor.java:624)
        at java.lang.Thread.run(Thread.java:750)
"IPC Server handler 60 on default port 15002" daemon prio=5 tid=316 timed_waiting
java.lang.Thread.State: TIMED_WAITING
        at sun.misc.Unsafe.park(Native Method)
        at java.util.concurrent.locks.LockSupport.parkNanos(LockSupport.java:215)
        at java.util.concurrent.locks.AbstractQueuedSynchronizer$ConditionObject.awaitNanos(AbstractQueuedSynchronizer.java:2078)
        at java.util.concurrent.LinkedBlockingQueue.poll(LinkedBlockingQueue.java:467)
        at org.apache.hadoop.ipc.CallQueueManager.take(CallQueueManager.java:317)
        at org.apache.hadoop.ipc.Server$Handler.run(Server.java:3014)
"ContainerSizeCountTask" daemon prio=5 tid=569 timed_waiting
java.lang.Thread.State: TIMED_WAITING
        at java.lang.Object.wait(Native Method)
        at org.apache.hadoop.ozone.recon.tasks.ContainerSizeCountTask.run(ContainerSizeCountTask.java:94)
        at org.apache.hadoop.ozone.recon.scm.ReconScmTask$$Lambda$1379/2055376904.run(Unknown Source)
        at java.lang.Thread.run(Thread.java:750)
"IPC Server handler 90 on default port 15009" daemon prio=5 tid=559 timed_waiting
java.lang.Thread.State: TIMED_WAITING
        at sun.misc.Unsafe.park(Native Method)
        at java.util.concurrent.locks.LockSupport.parkNanos(LockSupport.java:215)
        at java.util.concurrent.locks.AbstractQueuedSynchronizer$ConditionObject.awaitNanos(AbstractQueuedSynchronizer.java:2078)
        at java.util.concurrent.LinkedBlockingQueue.poll(LinkedBlockingQueue.java:467)
        at org.apache.hadoop.ipc.CallQueueManager.take(CallQueueManager.java:317)
        at org.apache.hadoop.ipc.Server$Handler.run(Server.java:3014)
"d1715241-1ffa-4146-b219-94c9c0fc171f@group-89087E71B146-LeaderStateImpl" daemon prio=5 tid=1134 timed_waiting
java.lang.Thread.State: TIMED_WAITING
        at sun.misc.Unsafe.park(Native Method)
        at java.util.concurrent.locks.LockSupport.parkNanos(LockSupport.java:215)
        at java.util.concurrent.locks.AbstractQueuedSynchronizer$ConditionObject.awaitNanos(AbstractQueuedSynchronizer.java:2078)
        at java.util.concurrent.ArrayBlockingQueue.poll(ArrayBlockingQueue.java:418)
        at org.apache.ratis.server.impl.LeaderStateImpl$EventQueue.poll(LeaderStateImpl.java:164)
        at org.apache.ratis.server.impl.LeaderStateImpl$EventProcessor.run(LeaderStateImpl.java:762)
"IPC Server handler 96 on default port 15001" daemon prio=5 tid=252 timed_waiting
java.lang.Thread.State: TIMED_WAITING
        at sun.misc.Unsafe.park(Native Method)
        at java.util.concurrent.locks.LockSupport.parkNanos(LockSupport.java:215)
        at java.util.concurrent.locks.AbstractQueuedSynchronizer$ConditionObject.awaitNanos(AbstractQueuedSynchronizer.java:2078)
        at java.util.concurrent.LinkedBlockingQueue.poll(LinkedBlockingQueue.java:467)
        at org.apache.hadoop.ipc.CallQueueManager.take(CallQueueManager.java:317)
        at org.apache.hadoop.ipc.Server$Handler.run(Server.java:3014)
"qtp976190925-696" daemon prio=5 tid=696 timed_waiting
java.lang.Thread.State: TIMED_WAITING
        at sun.misc.Unsafe.park(Native Method)
        at java.util.concurrent.locks.LockSupport.parkNanos(LockSupport.java:215)
        at java.util.concurrent.locks.AbstractQueuedSynchronizer$ConditionObject.awaitNanos(AbstractQueuedSynchronizer.java:2078)
        at org.eclipse.jetty.util.BlockingArrayQueue.poll(BlockingArrayQueue.java:382)
        at org.eclipse.jetty.util.thread.QueuedThreadPool$Runner.idleJobPoll(QueuedThreadPool.java:974)
        at org.eclipse.jetty.util.thread.QueuedThreadPool$Runner.run(QueuedThreadPool.java:1018)
        at java.lang.Thread.run(Thread.java:750)
"pool-192-thread-1"  prio=5 tid=664 timed_waiting
java.lang.Thread.State: TIMED_WAITING
        at sun.misc.Unsafe.park(Native Method)
        at java.util.concurrent.locks.LockSupport.parkNanos(LockSupport.java:215)
        at java.util.concurrent.locks.AbstractQueuedSynchronizer$ConditionObject.awaitNanos(AbstractQueuedSynchronizer.java:2078)
        at java.util.concurrent.ScheduledThreadPoolExecutor$DelayedWorkQueue.take(ScheduledThreadPoolExecutor.java:1093)
        at java.util.concurrent.ScheduledThreadPoolExecutor$DelayedWorkQueue.take(ScheduledThreadPoolExecutor.java:809)
        at java.util.concurrent.ThreadPoolExecutor.getTask(ThreadPoolExecutor.java:1074)
        at java.util.concurrent.ThreadPoolExecutor.runWorker(ThreadPoolExecutor.java:1134)
        at java.util.concurrent.ThreadPoolExecutor$Worker.run(ThreadPoolExecutor.java:624)
        at java.lang.Thread.run(Thread.java:750)
"IPC Server handler 75 on default port 15000" daemon prio=5 tid=131 timed_waiting
java.lang.Thread.State: TIMED_WAITING
        at sun.misc.Unsafe.park(Native Method)
        at java.util.concurrent.locks.LockSupport.parkNanos(LockSupport.java:215)
        at java.util.concurrent.locks.AbstractQueuedSynchronizer$ConditionObject.awaitNanos(AbstractQueuedSynchronizer.java:2078)
        at java.util.concurrent.LinkedBlockingQueue.poll(LinkedBlockingQueue.java:467)
        at org.apache.hadoop.ipc.CallQueueManager.take(CallQueueManager.java:317)
        at org.apache.hadoop.ipc.Server$Handler.run(Server.java:3014)
"IPC Server handler 31 on default port 15002" daemon prio=5 tid=287 timed_waiting
java.lang.Thread.State: TIMED_WAITING
        at sun.misc.Unsafe.park(Native Method)
        at java.util.concurrent.locks.LockSupport.parkNanos(LockSupport.java:215)
        at java.util.concurrent.locks.AbstractQueuedSynchronizer$ConditionObject.awaitNanos(AbstractQueuedSynchronizer.java:2078)
        at java.util.concurrent.LinkedBlockingQueue.poll(LinkedBlockingQueue.java:467)
        at org.apache.hadoop.ipc.CallQueueManager.take(CallQueueManager.java:317)
        at org.apache.hadoop.ipc.Server$Handler.run(Server.java:3014)
"ceb25050-cf9f-4852-a13e-a5ff0cf3b4d2-PeriodicHDDSVolumeChecker" daemon prio=5 tid=800 timed_waiting
java.lang.Thread.State: TIMED_WAITING
        at sun.misc.Unsafe.park(Native Method)
        at java.util.concurrent.locks.LockSupport.parkNanos(LockSupport.java:215)
        at java.util.concurrent.locks.AbstractQueuedSynchronizer$ConditionObject.awaitNanos(AbstractQueuedSynchronizer.java:2078)
        at java.util.concurrent.ScheduledThreadPoolExecutor$DelayedWorkQueue.take(ScheduledThreadPoolExecutor.java:1093)
        at java.util.concurrent.ScheduledThreadPoolExecutor$DelayedWorkQueue.take(ScheduledThreadPoolExecutor.java:809)
        at java.util.concurrent.ThreadPoolExecutor.getTask(ThreadPoolExecutor.java:1074)
        at java.util.concurrent.ThreadPoolExecutor.runWorker(ThreadPoolExecutor.java:1134)
        at java.util.concurrent.ThreadPoolExecutor$Worker.run(ThreadPoolExecutor.java:624)
        at java.lang.Thread.run(Thread.java:750)
"59c3495a-7636-40f9-8dfa-c28be8e98abd-DatanodeReportManager-3" daemon prio=5 tid=600 in Object.wait()
java.lang.Thread.State: WAITING (on object monitor)
        at sun.misc.Unsafe.park(Native Method)
        at java.util.concurrent.locks.LockSupport.park(LockSupport.java:175)
        at java.util.concurrent.locks.AbstractQueuedSynchronizer$ConditionObject.await(AbstractQueuedSynchronizer.java:2039)
        at java.util.concurrent.ScheduledThreadPoolExecutor$DelayedWorkQueue.take(ScheduledThreadPoolExecutor.java:1088)
        at java.util.concurrent.ScheduledThreadPoolExecutor$DelayedWorkQueue.take(ScheduledThreadPoolExecutor.java:809)
        at java.util.concurrent.ThreadPoolExecutor.getTask(ThreadPoolExecutor.java:1074)
        at java.util.concurrent.ThreadPoolExecutor.runWorker(ThreadPoolExecutor.java:1134)
        at java.util.concurrent.ThreadPoolExecutor$Worker.run(ThreadPoolExecutor.java:624)
        at java.lang.Thread.run(Thread.java:750)
"IPC Server handler 65 on default port 15002" daemon prio=5 tid=321 timed_waiting
java.lang.Thread.State: TIMED_WAITING
        at sun.misc.Unsafe.park(Native Method)
        at java.util.concurrent.locks.LockSupport.parkNanos(LockSupport.java:215)
        at java.util.concurrent.locks.AbstractQueuedSynchronizer$ConditionObject.awaitNanos(AbstractQueuedSynchronizer.java:2078)
        at java.util.concurrent.LinkedBlockingQueue.poll(LinkedBlockingQueue.java:467)
        at org.apache.hadoop.ipc.CallQueueManager.take(CallQueueManager.java:317)
        at org.apache.hadoop.ipc.Server$Handler.run(Server.java:3014)
"59c3495a-7636-40f9-8dfa-c28be8e98abd-BlockDeletingService#2" daemon prio=5 tid=1173 in Object.wait()
java.lang.Thread.State: WAITING (on object monitor)
        at sun.misc.Unsafe.park(Native Method)
        at java.util.concurrent.locks.LockSupport.park(LockSupport.java:175)
        at java.util.concurrent.locks.AbstractQueuedSynchronizer$ConditionObject.await(AbstractQueuedSynchronizer.java:2039)
        at java.util.concurrent.ScheduledThreadPoolExecutor$DelayedWorkQueue.take(ScheduledThreadPoolExecutor.java:1088)
        at java.util.concurrent.ScheduledThreadPoolExecutor$DelayedWorkQueue.take(ScheduledThreadPoolExecutor.java:809)
        at java.util.concurrent.ThreadPoolExecutor.getTask(ThreadPoolExecutor.java:1074)
        at java.util.concurrent.ThreadPoolExecutor.runWorker(ThreadPoolExecutor.java:1134)
        at java.util.concurrent.ThreadPoolExecutor$Worker.run(ThreadPoolExecutor.java:624)
        at java.lang.Thread.run(Thread.java:750)
"d1715241-1ffa-4146-b219-94c9c0fc171f-ChunkWriter-0-0" daemon prio=5 tid=767 in Object.wait()
java.lang.Thread.State: WAITING (on object monitor)
        at sun.misc.Unsafe.park(Native Method)
        at java.util.concurrent.locks.LockSupport.park(LockSupport.java:175)
        at java.util.concurrent.locks.AbstractQueuedSynchronizer$ConditionObject.await(AbstractQueuedSynchronizer.java:2039)
        at java.util.concurrent.LinkedBlockingDeque.takeFirst(LinkedBlockingDeque.java:492)
        at java.util.concurrent.LinkedBlockingDeque.take(LinkedBlockingDeque.java:680)
        at java.util.concurrent.ThreadPoolExecutor.getTask(ThreadPoolExecutor.java:1074)
        at java.util.concurrent.ThreadPoolExecutor.runWorker(ThreadPoolExecutor.java:1134)
        at java.util.concurrent.ThreadPoolExecutor$Worker.run(ThreadPoolExecutor.java:624)
        at java.lang.Thread.run(Thread.java:750)
"IPC Server handler 15 on default port 15002" daemon prio=5 tid=271 timed_waiting
java.lang.Thread.State: TIMED_WAITING
        at sun.misc.Unsafe.park(Native Method)
        at java.util.concurrent.locks.LockSupport.parkNanos(LockSupport.java:215)
        at java.util.concurrent.locks.AbstractQueuedSynchronizer$ConditionObject.awaitNanos(AbstractQueuedSynchronizer.java:2078)
        at java.util.concurrent.LinkedBlockingQueue.poll(LinkedBlockingQueue.java:467)
        at org.apache.hadoop.ipc.CallQueueManager.take(CallQueueManager.java:317)
        at org.apache.hadoop.ipc.Server$Handler.run(Server.java:3014)
"timer6" daemon prio=5 tid=941 timed_waiting
java.lang.Thread.State: TIMED_WAITING
        at java.lang.Object.wait(Native Method)
        at java.util.TimerThread.mainLoop(Timer.java:552)
        at java.util.TimerThread.run(Timer.java:505)
"59c3495a-7636-40f9-8dfa-c28be8e98abd-PeriodicHDDSVolumeChecker" daemon prio=5 tid=724 timed_waiting
java.lang.Thread.State: TIMED_WAITING
        at sun.misc.Unsafe.park(Native Method)
        at java.util.concurrent.locks.LockSupport.parkNanos(LockSupport.java:215)
        at java.util.concurrent.locks.AbstractQueuedSynchronizer$ConditionObject.awaitNanos(AbstractQueuedSynchronizer.java:2078)
        at java.util.concurrent.ScheduledThreadPoolExecutor$DelayedWorkQueue.take(ScheduledThreadPoolExecutor.java:1093)
        at java.util.concurrent.ScheduledThreadPoolExecutor$DelayedWorkQueue.take(ScheduledThreadPoolExecutor.java:809)
        at java.util.concurrent.ThreadPoolExecutor.getTask(ThreadPoolExecutor.java:1074)
        at java.util.concurrent.ThreadPoolExecutor.runWorker(ThreadPoolExecutor.java:1134)
        at java.util.concurrent.ThreadPoolExecutor$Worker.run(ThreadPoolExecutor.java:624)
        at java.lang.Thread.run(Thread.java:750)
"Recon-FixedThreadPoolWithAffinityExecutor-9-0" daemon prio=5 tid=455 timed_waiting
java.lang.Thread.State: TIMED_WAITING
        at sun.misc.Unsafe.park(Native Method)
        at java.util.concurrent.locks.LockSupport.parkNanos(LockSupport.java:215)
        at java.util.concurrent.locks.AbstractQueuedSynchronizer$ConditionObject.awaitNanos(AbstractQueuedSynchronizer.java:2078)
        at java.util.concurrent.LinkedBlockingQueue.poll(LinkedBlockingQueue.java:467)
        at org.apache.hadoop.hdds.scm.server.ContainerReportQueue.poll(ContainerReportQueue.java:269)
        at org.apache.hadoop.hdds.scm.server.ContainerReportQueue.poll(ContainerReportQueue.java:42)
        at org.apache.hadoop.hdds.server.events.FixedThreadPoolWithAffinityExecutor$ContainerReportProcessTask.run(FixedThreadPoolWithAffinityExecutor.java:253)
        at java.util.concurrent.Executors$RunnableAdapter.call(Executors.java:511)
        at java.util.concurrent.FutureTask.run(FutureTask.java:266)
        at java.util.concurrent.ThreadPoolExecutor.runWorker(ThreadPoolExecutor.java:1149)
        at java.util.concurrent.ThreadPoolExecutor$Worker.run(ThreadPoolExecutor.java:624)
        at java.lang.Thread.run(Thread.java:750)
"qtp462164160-616" daemon prio=5 tid=616 timed_waiting
java.lang.Thread.State: TIMED_WAITING
        at sun.misc.Unsafe.park(Native Method)
        at java.util.concurrent.locks.LockSupport.parkNanos(LockSupport.java:215)
        at java.util.concurrent.locks.AbstractQueuedSynchronizer$ConditionObject.awaitNanos(AbstractQueuedSynchronizer.java:2078)
        at org.eclipse.jetty.util.BlockingArrayQueue.poll(BlockingArrayQueue.java:382)
        at org.eclipse.jetty.util.thread.QueuedThreadPool$Runner.idleJobPoll(QueuedThreadPool.java:974)
        at org.eclipse.jetty.util.thread.QueuedThreadPool$Runner.run(QueuedThreadPool.java:1018)
        at java.lang.Thread.run(Thread.java:750)
"IPC Server handler 41 on default port 15002" daemon prio=5 tid=297 timed_waiting
java.lang.Thread.State: TIMED_WAITING
        at sun.misc.Unsafe.park(Native Method)
        at java.util.concurrent.locks.LockSupport.parkNanos(LockSupport.java:215)
        at java.util.concurrent.locks.AbstractQueuedSynchronizer$ConditionObject.awaitNanos(AbstractQueuedSynchronizer.java:2078)
        at java.util.concurrent.LinkedBlockingQueue.poll(LinkedBlockingQueue.java:467)
        at org.apache.hadoop.ipc.CallQueueManager.take(CallQueueManager.java:317)
        at org.apache.hadoop.ipc.Server$Handler.run(Server.java:3014)
"IPC Server handler 77 on default port 15001" daemon prio=5 tid=233 timed_waiting
java.lang.Thread.State: TIMED_WAITING
        at sun.misc.Unsafe.park(Native Method)
        at java.util.concurrent.locks.LockSupport.parkNanos(LockSupport.java:215)
        at java.util.concurrent.locks.AbstractQueuedSynchronizer$ConditionObject.awaitNanos(AbstractQueuedSynchronizer.java:2078)
        at java.util.concurrent.LinkedBlockingQueue.poll(LinkedBlockingQueue.java:467)
        at org.apache.hadoop.ipc.CallQueueManager.take(CallQueueManager.java:317)
        at org.apache.hadoop.ipc.Server$Handler.run(Server.java:3014)
"d1715241-1ffa-4146-b219-94c9c0fc171f-ChunkWriter-1-0" daemon prio=5 tid=768 in Object.wait()
java.lang.Thread.State: WAITING (on object monitor)
        at sun.misc.Unsafe.park(Native Method)
        at java.util.concurrent.locks.LockSupport.park(LockSupport.java:175)
        at java.util.concurrent.locks.AbstractQueuedSynchronizer$ConditionObject.await(AbstractQueuedSynchronizer.java:2039)
        at java.util.concurrent.LinkedBlockingDeque.takeFirst(LinkedBlockingDeque.java:492)
        at java.util.concurrent.LinkedBlockingDeque.take(LinkedBlockingDeque.java:680)
        at java.util.concurrent.ThreadPoolExecutor.getTask(ThreadPoolExecutor.java:1074)
        at java.util.concurrent.ThreadPoolExecutor.runWorker(ThreadPoolExecutor.java:1134)
        at java.util.concurrent.ThreadPoolExecutor$Worker.run(ThreadPoolExecutor.java:624)
        at java.lang.Thread.run(Thread.java:750)
"IPC Server handler 90 on default port 15001" daemon prio=5 tid=246 timed_waiting
java.lang.Thread.State: TIMED_WAITING
        at sun.misc.Unsafe.park(Native Method)
        at java.util.concurrent.locks.LockSupport.parkNanos(LockSupport.java:215)
        at java.util.concurrent.locks.AbstractQueuedSynchronizer$ConditionObject.awaitNanos(AbstractQueuedSynchronizer.java:2078)
        at java.util.concurrent.LinkedBlockingQueue.poll(LinkedBlockingQueue.java:467)
        at org.apache.hadoop.ipc.CallQueueManager.take(CallQueueManager.java:317)
        at org.apache.hadoop.ipc.Server$Handler.run(Server.java:3014)
"IPC Server handler 44 on default port 15009" daemon prio=5 tid=513 timed_waiting
java.lang.Thread.State: TIMED_WAITING
        at sun.misc.Unsafe.park(Native Method)
        at java.util.concurrent.locks.LockSupport.parkNanos(LockSupport.java:215)
        at java.util.concurrent.locks.AbstractQueuedSynchronizer$ConditionObject.awaitNanos(AbstractQueuedSynchronizer.java:2078)
        at java.util.concurrent.LinkedBlockingQueue.poll(LinkedBlockingQueue.java:467)
        at org.apache.hadoop.ipc.CallQueueManager.take(CallQueueManager.java:317)
        at org.apache.hadoop.ipc.Server$Handler.run(Server.java:3014)
"SCMBlockDeletingService#0" daemon prio=5 tid=356 timed_waiting
java.lang.Thread.State: TIMED_WAITING
        at sun.misc.Unsafe.park(Native Method)
        at java.util.concurrent.locks.LockSupport.parkNanos(LockSupport.java:215)
        at java.util.concurrent.locks.AbstractQueuedSynchronizer$ConditionObject.awaitNanos(AbstractQueuedSynchronizer.java:2078)
        at java.util.concurrent.ScheduledThreadPoolExecutor$DelayedWorkQueue.take(ScheduledThreadPoolExecutor.java:1093)
        at java.util.concurrent.ScheduledThreadPoolExecutor$DelayedWorkQueue.take(ScheduledThreadPoolExecutor.java:809)
        at java.util.concurrent.ThreadPoolExecutor.getTask(ThreadPoolExecutor.java:1074)
        at java.util.concurrent.ThreadPoolExecutor.runWorker(ThreadPoolExecutor.java:1134)
        at java.util.concurrent.ThreadPoolExecutor$Worker.run(ThreadPoolExecutor.java:624)
        at java.lang.Thread.run(Thread.java:750)
"IPC Server idle connection scanner for port 15009" daemon prio=5 tid=443 timed_waiting
java.lang.Thread.State: TIMED_WAITING
        at java.lang.Object.wait(Native Method)
        at java.util.TimerThread.mainLoop(Timer.java:552)
        at java.util.TimerThread.run(Timer.java:505)
"Session-HouseKeeper-17d2221f-1"  prio=5 tid=673 timed_waiting
java.lang.Thread.State: TIMED_WAITING
        at sun.misc.Unsafe.park(Native Method)
        at java.util.concurrent.locks.LockSupport.parkNanos(LockSupport.java:215)
        at java.util.concurrent.locks.AbstractQueuedSynchronizer$ConditionObject.awaitNanos(AbstractQueuedSynchronizer.java:2078)
        at java.util.concurrent.ScheduledThreadPoolExecutor$DelayedWorkQueue.take(ScheduledThreadPoolExecutor.java:1093)
        at java.util.concurrent.ScheduledThreadPoolExecutor$DelayedWorkQueue.take(ScheduledThreadPoolExecutor.java:809)
        at java.util.concurrent.ThreadPoolExecutor.getTask(ThreadPoolExecutor.java:1074)
        at java.util.concurrent.ThreadPoolExecutor.runWorker(ThreadPoolExecutor.java:1134)
        at java.util.concurrent.ThreadPoolExecutor$Worker.run(ThreadPoolExecutor.java:624)
        at java.lang.Thread.run(Thread.java:750)
"IPC Server handler 2 on default port 15009" daemon prio=5 tid=471 timed_waiting
java.lang.Thread.State: TIMED_WAITING
        at sun.misc.Unsafe.park(Native Method)
        at java.util.concurrent.locks.LockSupport.parkNanos(LockSupport.java:215)
        at java.util.concurrent.locks.AbstractQueuedSynchronizer$ConditionObject.awaitNanos(AbstractQueuedSynchronizer.java:2078)
        at java.util.concurrent.LinkedBlockingQueue.poll(LinkedBlockingQueue.java:467)
        at org.apache.hadoop.ipc.CallQueueManager.take(CallQueueManager.java:317)
        at org.apache.hadoop.ipc.Server$Handler.run(Server.java:3014)
"IPC Server handler 22 on default port 15002" daemon prio=5 tid=278 timed_waiting
java.lang.Thread.State: TIMED_WAITING
        at sun.misc.Unsafe.park(Native Method)
        at java.util.concurrent.locks.LockSupport.parkNanos(LockSupport.java:215)
        at java.util.concurrent.locks.AbstractQueuedSynchronizer$ConditionObject.awaitNanos(AbstractQueuedSynchronizer.java:2078)
        at java.util.concurrent.LinkedBlockingQueue.poll(LinkedBlockingQueue.java:467)
        at org.apache.hadoop.ipc.CallQueueManager.take(CallQueueManager.java:317)
        at org.apache.hadoop.ipc.Server$Handler.run(Server.java:3014)
"IPC Server listener on 15004" daemon prio=5 tid=379 runnable
java.lang.Thread.State: RUNNABLE
        at sun.nio.ch.EPollArrayWrapper.epollWait(Native Method)
        at sun.nio.ch.EPollArrayWrapper.poll(EPollArrayWrapper.java:269)
        at sun.nio.ch.EPollSelectorImpl.doSelect(EPollSelectorImpl.java:93)
        at sun.nio.ch.SelectorImpl.lockAndDoSelect(SelectorImpl.java:86)
        at sun.nio.ch.SelectorImpl.select(SelectorImpl.java:97)
        at sun.nio.ch.SelectorImpl.select(SelectorImpl.java:101)
        at org.apache.hadoop.ipc.Server$Listener.run(Server.java:1408)
"Session-HouseKeeper-8d4bc4b-1"  prio=5 tid=645 timed_waiting
java.lang.Thread.State: TIMED_WAITING
        at sun.misc.Unsafe.park(Native Method)
        at java.util.concurrent.locks.LockSupport.parkNanos(LockSupport.java:215)
        at java.util.concurrent.locks.AbstractQueuedSynchronizer$ConditionObject.awaitNanos(AbstractQueuedSynchronizer.java:2078)
        at java.util.concurrent.ScheduledThreadPoolExecutor$DelayedWorkQueue.take(ScheduledThreadPoolExecutor.java:1093)
        at java.util.concurrent.ScheduledThreadPoolExecutor$DelayedWorkQueue.take(ScheduledThreadPoolExecutor.java:809)
        at java.util.concurrent.ThreadPoolExecutor.getTask(ThreadPoolExecutor.java:1074)
        at java.util.concurrent.ThreadPoolExecutor.runWorker(ThreadPoolExecutor.java:1134)
        at java.util.concurrent.ThreadPoolExecutor$Worker.run(ThreadPoolExecutor.java:624)
        at java.lang.Thread.run(Thread.java:750)
"UnderReplicatedProcessor" daemon prio=5 tid=26 timed_waiting
java.lang.Thread.State: TIMED_WAITING
        at java.lang.Object.wait(Native Method)
        at org.apache.hadoop.hdds.scm.container.replication.UnhealthyReplicationProcessor.run(UnhealthyReplicationProcessor.java:174)
        at java.lang.Thread.run(Thread.java:750)
"qtp1360692538-456" daemon prio=5 tid=456 timed_waiting
java.lang.Thread.State: TIMED_WAITING
        at sun.misc.Unsafe.park(Native Method)
        at java.util.concurrent.locks.LockSupport.parkNanos(LockSupport.java:215)
        at java.util.concurrent.locks.AbstractQueuedSynchronizer$ConditionObject.awaitNanos(AbstractQueuedSynchronizer.java:2078)
        at org.eclipse.jetty.util.BlockingArrayQueue.poll(BlockingArrayQueue.java:382)
        at org.eclipse.jetty.util.thread.QueuedThreadPool$Runner.idleJobPoll(QueuedThreadPool.java:974)
        at org.eclipse.jetty.util.thread.QueuedThreadPool$Runner.run(QueuedThreadPool.java:1018)
        at java.lang.Thread.run(Thread.java:750)
"cc1e4d3c-2283-4c28-b737-db868cb45369-ChunkWriter-2-0" daemon prio=5 tid=750 in Object.wait()
java.lang.Thread.State: WAITING (on object monitor)
        at sun.misc.Unsafe.park(Native Method)
        at java.util.concurrent.locks.LockSupport.park(LockSupport.java:175)
        at java.util.concurrent.locks.AbstractQueuedSynchronizer$ConditionObject.await(AbstractQueuedSynchronizer.java:2039)
        at java.util.concurrent.LinkedBlockingDeque.takeFirst(LinkedBlockingDeque.java:492)
        at java.util.concurrent.LinkedBlockingDeque.take(LinkedBlockingDeque.java:680)
        at java.util.concurrent.ThreadPoolExecutor.getTask(ThreadPoolExecutor.java:1074)
        at java.util.concurrent.ThreadPoolExecutor.runWorker(ThreadPoolExecutor.java:1134)
        at java.util.concurrent.ThreadPoolExecutor$Worker.run(ThreadPoolExecutor.java:624)
        at java.lang.Thread.run(Thread.java:750)
"Hadoop-Metrics-Updater-0" daemon prio=5 tid=445 timed_waiting
java.lang.Thread.State: TIMED_WAITING
        at sun.misc.Unsafe.park(Native Method)
        at java.util.concurrent.locks.LockSupport.parkNanos(LockSupport.java:215)
        at java.util.concurrent.locks.AbstractQueuedSynchronizer$ConditionObject.awaitNanos(AbstractQueuedSynchronizer.java:2078)
        at java.util.concurrent.ScheduledThreadPoolExecutor$DelayedWorkQueue.take(ScheduledThreadPoolExecutor.java:1093)
        at java.util.concurrent.ScheduledThreadPoolExecutor$DelayedWorkQueue.take(ScheduledThreadPoolExecutor.java:809)
        at java.util.concurrent.ThreadPoolExecutor.getTask(ThreadPoolExecutor.java:1074)
        at java.util.concurrent.ThreadPoolExecutor.runWorker(ThreadPoolExecutor.java:1134)
        at java.util.concurrent.ThreadPoolExecutor$Worker.run(ThreadPoolExecutor.java:624)
        at java.lang.Thread.run(Thread.java:750)
"grpc-default-executor-0" daemon prio=5 tid=858 timed_waiting
java.lang.Thread.State: TIMED_WAITING
        at sun.misc.Unsafe.park(Native Method)
        at java.util.concurrent.locks.LockSupport.parkNanos(LockSupport.java:215)
        at java.util.concurrent.SynchronousQueue$TransferStack.awaitFulfill(SynchronousQueue.java:460)
        at java.util.concurrent.SynchronousQueue$TransferStack.transfer(SynchronousQueue.java:362)
        at java.util.concurrent.SynchronousQueue.poll(SynchronousQueue.java:941)
        at java.util.concurrent.ThreadPoolExecutor.getTask(ThreadPoolExecutor.java:1073)
        at java.util.concurrent.ThreadPoolExecutor.runWorker(ThreadPoolExecutor.java:1134)
        at java.util.concurrent.ThreadPoolExecutor$Worker.run(ThreadPoolExecutor.java:624)
        at java.lang.Thread.run(Thread.java:750)
"pool-33-thread-1"  prio=5 tid=1048 timed_waiting
java.lang.Thread.State: TIMED_WAITING
        at sun.misc.Unsafe.park(Native Method)
        at java.util.concurrent.locks.LockSupport.parkNanos(LockSupport.java:215)
        at java.util.concurrent.SynchronousQueue$TransferStack.awaitFulfill(SynchronousQueue.java:460)
        at java.util.concurrent.SynchronousQueue$TransferStack.transfer(SynchronousQueue.java:362)
        at java.util.concurrent.SynchronousQueue.poll(SynchronousQueue.java:941)
        at java.util.concurrent.ThreadPoolExecutor.getTask(ThreadPoolExecutor.java:1073)
        at java.util.concurrent.ThreadPoolExecutor.runWorker(ThreadPoolExecutor.java:1134)
        at java.util.concurrent.ThreadPoolExecutor$Worker.run(ThreadPoolExecutor.java:624)
        at java.lang.Thread.run(Thread.java:750)
"IPC Server handler 83 on default port 15000" daemon prio=5 tid=139 timed_waiting
java.lang.Thread.State: TIMED_WAITING
        at sun.misc.Unsafe.park(Native Method)
        at java.util.concurrent.locks.LockSupport.parkNanos(LockSupport.java:215)
        at java.util.concurrent.locks.AbstractQueuedSynchronizer$ConditionObject.awaitNanos(AbstractQueuedSynchronizer.java:2078)
        at java.util.concurrent.LinkedBlockingQueue.poll(LinkedBlockingQueue.java:467)
        at org.apache.hadoop.ipc.CallQueueManager.take(CallQueueManager.java:317)
        at org.apache.hadoop.ipc.Server$Handler.run(Server.java:3014)
"ceb25050-cf9f-4852-a13e-a5ff0cf3b4d2-EndpointStateMachineTaskThread-/0.0.0.0:15002-0 "  prio=5 tid=797 in Object.wait()
java.lang.Thread.State: WAITING (on object monitor)
        at sun.misc.Unsafe.park(Native Method)
        at java.util.concurrent.locks.LockSupport.park(LockSupport.java:175)
        at java.util.concurrent.locks.AbstractQueuedSynchronizer$ConditionObject.await(AbstractQueuedSynchronizer.java:2039)
        at java.util.concurrent.LinkedBlockingQueue.take(LinkedBlockingQueue.java:442)
        at java.util.concurrent.ThreadPoolExecutor.getTask(ThreadPoolExecutor.java:1074)
        at java.util.concurrent.ThreadPoolExecutor.runWorker(ThreadPoolExecutor.java:1134)
        at java.util.concurrent.ThreadPoolExecutor$Worker.run(ThreadPoolExecutor.java:624)
        at java.lang.Thread.run(Thread.java:750)
"qtp1360692538-459" daemon prio=5 tid=459 timed_waiting
java.lang.Thread.State: TIMED_WAITING
        at sun.misc.Unsafe.park(Native Method)
        at java.util.concurrent.locks.LockSupport.parkNanos(LockSupport.java:215)
        at java.util.concurrent.locks.AbstractQueuedSynchronizer$ConditionObject.awaitNanos(AbstractQueuedSynchronizer.java:2078)
        at org.eclipse.jetty.util.BlockingArrayQueue.poll(BlockingArrayQueue.java:382)
        at org.eclipse.jetty.util.thread.QueuedThreadPool$Runner.idleJobPoll(QueuedThreadPool.java:974)
        at org.eclipse.jetty.util.thread.QueuedThreadPool$Runner.run(QueuedThreadPool.java:1018)
        at java.lang.Thread.run(Thread.java:750)
"59c3495a-7636-40f9-8dfa-c28be8e98abd-ChunkWriter-3-0" daemon prio=5 tid=732 in Object.wait()
java.lang.Thread.State: WAITING (on object monitor)
        at sun.misc.Unsafe.park(Native Method)
        at java.util.concurrent.locks.LockSupport.park(LockSupport.java:175)
        at java.util.concurrent.locks.AbstractQueuedSynchronizer$ConditionObject.await(AbstractQueuedSynchronizer.java:2039)
        at java.util.concurrent.LinkedBlockingDeque.takeFirst(LinkedBlockingDeque.java:492)
        at java.util.concurrent.LinkedBlockingDeque.take(LinkedBlockingDeque.java:680)
        at java.util.concurrent.ThreadPoolExecutor.getTask(ThreadPoolExecutor.java:1074)
        at java.util.concurrent.ThreadPoolExecutor.runWorker(ThreadPoolExecutor.java:1134)
        at java.util.concurrent.ThreadPoolExecutor$Worker.run(ThreadPoolExecutor.java:624)
        at java.lang.Thread.run(Thread.java:750)
"59c3495a-7636-40f9-8dfa-c28be8e98abd@group-82A21D15CBF7-LeaderStateImpl" daemon prio=5 tid=1164 timed_waiting
java.lang.Thread.State: TIMED_WAITING
        at sun.misc.Unsafe.park(Native Method)
        at java.util.concurrent.locks.LockSupport.parkNanos(LockSupport.java:215)
        at java.util.concurrent.locks.AbstractQueuedSynchronizer$ConditionObject.awaitNanos(AbstractQueuedSynchronizer.java:2078)
        at java.util.concurrent.ArrayBlockingQueue.poll(ArrayBlockingQueue.java:418)
        at org.apache.ratis.server.impl.LeaderStateImpl$EventQueue.poll(LeaderStateImpl.java:164)
        at org.apache.ratis.server.impl.LeaderStateImpl$EventProcessor.run(LeaderStateImpl.java:762)
"Recon-FixedThreadPoolWithAffinityExecutor-1-0" daemon prio=5 tid=447 timed_waiting
java.lang.Thread.State: TIMED_WAITING
        at sun.misc.Unsafe.park(Native Method)
        at java.util.concurrent.locks.LockSupport.parkNanos(LockSupport.java:215)
        at java.util.concurrent.locks.AbstractQueuedSynchronizer$ConditionObject.awaitNanos(AbstractQueuedSynchronizer.java:2078)
        at java.util.concurrent.LinkedBlockingQueue.poll(LinkedBlockingQueue.java:467)
        at org.apache.hadoop.hdds.scm.server.ContainerReportQueue.poll(ContainerReportQueue.java:269)
        at org.apache.hadoop.hdds.scm.server.ContainerReportQueue.poll(ContainerReportQueue.java:42)
        at org.apache.hadoop.hdds.server.events.FixedThreadPoolWithAffinityExecutor$ContainerReportProcessTask.run(FixedThreadPoolWithAffinityExecutor.java:253)
        at java.util.concurrent.Executors$RunnableAdapter.call(Executors.java:511)
        at java.util.concurrent.FutureTask.run(FutureTask.java:266)
        at java.util.concurrent.ThreadPoolExecutor.runWorker(ThreadPoolExecutor.java:1149)
        at java.util.concurrent.ThreadPoolExecutor$Worker.run(ThreadPoolExecutor.java:624)
        at java.lang.Thread.run(Thread.java:750)
"IPC Server handler 81 on default port 15002" daemon prio=5 tid=337 timed_waiting
java.lang.Thread.State: TIMED_WAITING
        at sun.misc.Unsafe.park(Native Method)
        at java.util.concurrent.locks.LockSupport.parkNanos(LockSupport.java:215)
        at java.util.concurrent.locks.AbstractQueuedSynchronizer$ConditionObject.awaitNanos(AbstractQueuedSynchronizer.java:2078)
        at java.util.concurrent.LinkedBlockingQueue.poll(LinkedBlockingQueue.java:467)
        at org.apache.hadoop.ipc.CallQueueManager.take(CallQueueManager.java:317)
        at org.apache.hadoop.ipc.Server$Handler.run(Server.java:3014)
"Recon-FixedThreadPoolWithAffinityExecutor-3-0" daemon prio=5 tid=449 timed_waiting
java.lang.Thread.State: TIMED_WAITING
        at sun.misc.Unsafe.park(Native Method)
        at java.util.concurrent.locks.LockSupport.parkNanos(LockSupport.java:215)
        at java.util.concurrent.locks.AbstractQueuedSynchronizer$ConditionObject.awaitNanos(AbstractQueuedSynchronizer.java:2078)
        at java.util.concurrent.LinkedBlockingQueue.poll(LinkedBlockingQueue.java:467)
        at org.apache.hadoop.hdds.scm.server.ContainerReportQueue.poll(ContainerReportQueue.java:269)
        at org.apache.hadoop.hdds.scm.server.ContainerReportQueue.poll(ContainerReportQueue.java:42)
        at org.apache.hadoop.hdds.server.events.FixedThreadPoolWithAffinityExecutor$ContainerReportProcessTask.run(FixedThreadPoolWithAffinityExecutor.java:253)
        at java.util.concurrent.Executors$RunnableAdapter.call(Executors.java:511)
        at java.util.concurrent.FutureTask.run(FutureTask.java:266)
        at java.util.concurrent.ThreadPoolExecutor.runWorker(ThreadPoolExecutor.java:1149)
        at java.util.concurrent.ThreadPoolExecutor$Worker.run(ThreadPoolExecutor.java:624)
        at java.lang.Thread.run(Thread.java:750)
"IPC Server handler 4 on default port 15009" daemon prio=5 tid=473 timed_waiting
java.lang.Thread.State: TIMED_WAITING
        at sun.misc.Unsafe.park(Native Method)
        at java.util.concurrent.locks.LockSupport.parkNanos(LockSupport.java:215)
        at java.util.concurrent.locks.AbstractQueuedSynchronizer$ConditionObject.awaitNanos(AbstractQueuedSynchronizer.java:2078)
        at java.util.concurrent.LinkedBlockingQueue.poll(LinkedBlockingQueue.java:467)
        at org.apache.hadoop.ipc.CallQueueManager.take(CallQueueManager.java:317)
        at org.apache.hadoop.ipc.Server$Handler.run(Server.java:3014)
"IPC Server handler 31 on default port 15000" daemon prio=5 tid=87 timed_waiting
java.lang.Thread.State: TIMED_WAITING
        at sun.misc.Unsafe.park(Native Method)
        at java.util.concurrent.locks.LockSupport.parkNanos(LockSupport.java:215)
        at java.util.concurrent.locks.AbstractQueuedSynchronizer$ConditionObject.awaitNanos(AbstractQueuedSynchronizer.java:2078)
        at java.util.concurrent.LinkedBlockingQueue.poll(LinkedBlockingQueue.java:467)
        at org.apache.hadoop.ipc.CallQueueManager.take(CallQueueManager.java:317)
        at org.apache.hadoop.ipc.Server$Handler.run(Server.java:3014)
"IPC Server handler 95 on default port 15002" daemon prio=5 tid=351 timed_waiting
java.lang.Thread.State: TIMED_WAITING
        at sun.misc.Unsafe.park(Native Method)
        at java.util.concurrent.locks.LockSupport.parkNanos(LockSupport.java:215)
        at java.util.concurrent.locks.AbstractQueuedSynchronizer$ConditionObject.awaitNanos(AbstractQueuedSynchronizer.java:2078)
        at java.util.concurrent.LinkedBlockingQueue.poll(LinkedBlockingQueue.java:467)
        at org.apache.hadoop.ipc.CallQueueManager.take(CallQueueManager.java:317)
        at org.apache.hadoop.ipc.Server$Handler.run(Server.java:3014)
"IPC Server handler 34 on default port 15002" daemon prio=5 tid=290 timed_waiting
java.lang.Thread.State: TIMED_WAITING
        at sun.misc.Unsafe.park(Native Method)
        at java.util.concurrent.locks.LockSupport.parkNanos(LockSupport.java:215)
        at java.util.concurrent.locks.AbstractQueuedSynchronizer$ConditionObject.awaitNanos(AbstractQueuedSynchronizer.java:2078)
        at java.util.concurrent.LinkedBlockingQueue.poll(LinkedBlockingQueue.java:467)
        at org.apache.hadoop.ipc.CallQueueManager.take(CallQueueManager.java:317)
        at org.apache.hadoop.ipc.Server$Handler.run(Server.java:3014)
"ceb25050-cf9f-4852-a13e-a5ff0cf3b4d2-ChunkWriter-1-0" daemon prio=5 tid=806 in Object.wait()
java.lang.Thread.State: WAITING (on object monitor)
        at sun.misc.Unsafe.park(Native Method)
        at java.util.concurrent.locks.LockSupport.park(LockSupport.java:175)
        at java.util.concurrent.locks.AbstractQueuedSynchronizer$ConditionObject.await(AbstractQueuedSynchronizer.java:2039)
        at java.util.concurrent.LinkedBlockingDeque.takeFirst(LinkedBlockingDeque.java:492)
        at java.util.concurrent.LinkedBlockingDeque.take(LinkedBlockingDeque.java:680)
        at java.util.concurrent.ThreadPoolExecutor.getTask(ThreadPoolExecutor.java:1074)
        at java.util.concurrent.ThreadPoolExecutor.runWorker(ThreadPoolExecutor.java:1134)
        at java.util.concurrent.ThreadPoolExecutor$Worker.run(ThreadPoolExecutor.java:624)
        at java.lang.Thread.run(Thread.java:750)
"IPC Server handler 57 on default port 15001" daemon prio=5 tid=213 timed_waiting
java.lang.Thread.State: TIMED_WAITING
        at sun.misc.Unsafe.park(Native Method)
        at java.util.concurrent.locks.LockSupport.parkNanos(LockSupport.java:215)
        at java.util.concurrent.locks.AbstractQueuedSynchronizer$ConditionObject.awaitNanos(AbstractQueuedSynchronizer.java:2078)
        at java.util.concurrent.LinkedBlockingQueue.poll(LinkedBlockingQueue.java:467)
        at org.apache.hadoop.ipc.CallQueueManager.take(CallQueueManager.java:317)
        at org.apache.hadoop.ipc.Server$Handler.run(Server.java:3014)
"59c3495a-7636-40f9-8dfa-c28be8e98abd-ChunkWriter-2-0" daemon prio=5 tid=731 in Object.wait()
java.lang.Thread.State: WAITING (on object monitor)
        at sun.misc.Unsafe.park(Native Method)
        at java.util.concurrent.locks.LockSupport.park(LockSupport.java:175)
        at java.util.concurrent.locks.AbstractQueuedSynchronizer$ConditionObject.await(AbstractQueuedSynchronizer.java:2039)
        at java.util.concurrent.LinkedBlockingDeque.takeFirst(LinkedBlockingDeque.java:492)
        at java.util.concurrent.LinkedBlockingDeque.take(LinkedBlockingDeque.java:680)
        at java.util.concurrent.ThreadPoolExecutor.getTask(ThreadPoolExecutor.java:1074)
        at java.util.concurrent.ThreadPoolExecutor.runWorker(ThreadPoolExecutor.java:1134)
        at java.util.concurrent.ThreadPoolExecutor$Worker.run(ThreadPoolExecutor.java:624)
        at java.lang.Thread.run(Thread.java:750)
"IPC Server handler 86 on default port 15002" daemon prio=5 tid=342 timed_waiting
java.lang.Thread.State: TIMED_WAITING
        at sun.misc.Unsafe.park(Native Method)
        at java.util.concurrent.locks.LockSupport.parkNanos(LockSupport.java:215)
        at java.util.concurrent.locks.AbstractQueuedSynchronizer$ConditionObject.awaitNanos(AbstractQueuedSynchronizer.java:2078)
        at java.util.concurrent.LinkedBlockingQueue.poll(LinkedBlockingQueue.java:467)
        at org.apache.hadoop.ipc.CallQueueManager.take(CallQueueManager.java:317)
        at org.apache.hadoop.ipc.Server$Handler.run(Server.java:3014)
"IPC Server handler 75 on default port 15001" daemon prio=5 tid=231 timed_waiting
java.lang.Thread.State: TIMED_WAITING
        at sun.misc.Unsafe.park(Native Method)
        at java.util.concurrent.locks.LockSupport.parkNanos(LockSupport.java:215)
        at java.util.concurrent.locks.AbstractQueuedSynchronizer$ConditionObject.awaitNanos(AbstractQueuedSynchronizer.java:2078)
        at java.util.concurrent.LinkedBlockingQueue.poll(LinkedBlockingQueue.java:467)
        at org.apache.hadoop.ipc.CallQueueManager.take(CallQueueManager.java:317)
        at org.apache.hadoop.ipc.Server$Handler.run(Server.java:3014)
"IPC Server handler 95 on default port 15009" daemon prio=5 tid=564 timed_waiting
java.lang.Thread.State: TIMED_WAITING
        at sun.misc.Unsafe.park(Native Method)
        at java.util.concurrent.locks.LockSupport.parkNanos(LockSupport.java:215)
        at java.util.concurrent.locks.AbstractQueuedSynchronizer$ConditionObject.awaitNanos(AbstractQueuedSynchronizer.java:2078)
        at java.util.concurrent.LinkedBlockingQueue.poll(LinkedBlockingQueue.java:467)
        at org.apache.hadoop.ipc.CallQueueManager.take(CallQueueManager.java:317)
        at org.apache.hadoop.ipc.Server$Handler.run(Server.java:3014)
"StaleRecoveringContainerScrubbingService#0" daemon prio=5 tid=736 in Object.wait()
java.lang.Thread.State: WAITING (on object monitor)
        at sun.misc.Unsafe.park(Native Method)
        at java.util.concurrent.locks.LockSupport.park(LockSupport.java:175)
        at java.util.concurrent.locks.AbstractQueuedSynchronizer$ConditionObject.await(AbstractQueuedSynchronizer.java:2039)
        at java.util.concurrent.ScheduledThreadPoolExecutor$DelayedWorkQueue.take(ScheduledThreadPoolExecutor.java:1088)
        at java.util.concurrent.ScheduledThreadPoolExecutor$DelayedWorkQueue.take(ScheduledThreadPoolExecutor.java:809)
        at java.util.concurrent.ThreadPoolExecutor.getTask(ThreadPoolExecutor.java:1074)
        at java.util.concurrent.ThreadPoolExecutor.runWorker(ThreadPoolExecutor.java:1134)
        at java.util.concurrent.ThreadPoolExecutor$Worker.run(ThreadPoolExecutor.java:624)
        at java.lang.Thread.run(Thread.java:750)
"StaleRecoveringContainerScrubbingService#1" daemon prio=5 tid=756 timed_waiting
java.lang.Thread.State: TIMED_WAITING
        at sun.misc.Unsafe.park(Native Method)
        at java.util.concurrent.locks.LockSupport.parkNanos(LockSupport.java:215)
        at java.util.concurrent.locks.AbstractQueuedSynchronizer$ConditionObject.awaitNanos(AbstractQueuedSynchronizer.java:2078)
        at java.util.concurrent.ScheduledThreadPoolExecutor$DelayedWorkQueue.take(ScheduledThreadPoolExecutor.java:1093)
        at java.util.concurrent.ScheduledThreadPoolExecutor$DelayedWorkQueue.take(ScheduledThreadPoolExecutor.java:809)
        at java.util.concurrent.ThreadPoolExecutor.getTask(ThreadPoolExecutor.java:1074)
        at java.util.concurrent.ThreadPoolExecutor.runWorker(ThreadPoolExecutor.java:1134)
        at java.util.concurrent.ThreadPoolExecutor$Worker.run(ThreadPoolExecutor.java:624)
        at java.lang.Thread.run(Thread.java:750)
"IPC Server handler 50 on default port 15001" daemon prio=5 tid=206 timed_waiting
java.lang.Thread.State: TIMED_WAITING
        at sun.misc.Unsafe.park(Native Method)
        at java.util.concurrent.locks.LockSupport.parkNanos(LockSupport.java:215)
        at java.util.concurrent.locks.AbstractQueuedSynchronizer$ConditionObject.awaitNanos(AbstractQueuedSynchronizer.java:2078)
        at java.util.concurrent.LinkedBlockingQueue.poll(LinkedBlockingQueue.java:467)
        at org.apache.hadoop.ipc.CallQueueManager.take(CallQueueManager.java:317)
        at org.apache.hadoop.ipc.Server$Handler.run(Server.java:3014)
"PartialTableCache-Cleanup-0" daemon prio=5 tid=935 in Object.wait()
java.lang.Thread.State: WAITING (on object monitor)
        at sun.misc.Unsafe.park(Native Method)
        at java.util.concurrent.locks.LockSupport.park(LockSupport.java:175)
        at java.util.concurrent.locks.AbstractQueuedSynchronizer$ConditionObject.await(AbstractQueuedSynchronizer.java:2039)
        at java.util.concurrent.LinkedBlockingQueue.take(LinkedBlockingQueue.java:442)
        at java.util.concurrent.ThreadPoolExecutor.getTask(ThreadPoolExecutor.java:1074)
        at java.util.concurrent.ThreadPoolExecutor.runWorker(ThreadPoolExecutor.java:1134)
        at java.util.concurrent.ThreadPoolExecutor$Worker.run(ThreadPoolExecutor.java:624)
        at java.lang.Thread.run(Thread.java:750)
"IPC Server handler 85 on default port 15000" daemon prio=5 tid=141 timed_waiting
java.lang.Thread.State: TIMED_WAITING
        at sun.misc.Unsafe.park(Native Method)
        at java.util.concurrent.locks.LockSupport.parkNanos(LockSupport.java:215)
        at java.util.concurrent.locks.AbstractQueuedSynchronizer$ConditionObject.awaitNanos(AbstractQueuedSynchronizer.java:2078)
        at java.util.concurrent.LinkedBlockingQueue.poll(LinkedBlockingQueue.java:467)
        at org.apache.hadoop.ipc.CallQueueManager.take(CallQueueManager.java:317)
        at org.apache.hadoop.ipc.Server$Handler.run(Server.java:3014)
"59c3495a-7636-40f9-8dfa-c28be8e98abd@group-82A21D15CBF7-StateMachineUpdater" daemon prio=5 tid=1142 timed_waiting
java.lang.Thread.State: TIMED_WAITING
        at sun.misc.Unsafe.park(Native Method)
        at java.util.concurrent.locks.LockSupport.parkNanos(LockSupport.java:215)
        at java.util.concurrent.locks.AbstractQueuedSynchronizer$ConditionObject.await(AbstractQueuedSynchronizer.java:2163)
        at org.apache.ratis.util.AwaitForSignal.await(AwaitForSignal.java:65)
        at org.apache.ratis.server.impl.StateMachineUpdater.waitForCommit(StateMachineUpdater.java:211)
        at org.apache.ratis.server.impl.StateMachineUpdater.run(StateMachineUpdater.java:180)
        at java.lang.Thread.run(Thread.java:750)
"timer1" daemon prio=5 tid=912 timed_waiting
java.lang.Thread.State: TIMED_WAITING
        at java.lang.Object.wait(Native Method)
        at java.util.TimerThread.mainLoop(Timer.java:552)
        at java.util.TimerThread.run(Timer.java:505)
"IPC Server handler 1 on default port 15002" daemon prio=5 tid=257 timed_waiting
java.lang.Thread.State: TIMED_WAITING
        at sun.misc.Unsafe.park(Native Method)
        at java.util.concurrent.locks.LockSupport.parkNanos(LockSupport.java:215)
        at java.util.concurrent.locks.AbstractQueuedSynchronizer$ConditionObject.awaitNanos(AbstractQueuedSynchronizer.java:2078)
        at java.util.concurrent.LinkedBlockingQueue.poll(LinkedBlockingQueue.java:467)
        at org.apache.hadoop.ipc.CallQueueManager.take(CallQueueManager.java:317)
        at org.apache.hadoop.ipc.Server$Handler.run(Server.java:3014)
"Hadoop-Metrics-Updater-0" daemon prio=5 tid=678 timed_waiting
java.lang.Thread.State: TIMED_WAITING
        at sun.misc.Unsafe.park(Native Method)
        at java.util.concurrent.locks.LockSupport.parkNanos(LockSupport.java:215)
        at java.util.concurrent.locks.AbstractQueuedSynchronizer$ConditionObject.awaitNanos(AbstractQueuedSynchronizer.java:2078)
        at java.util.concurrent.ScheduledThreadPoolExecutor$DelayedWorkQueue.take(ScheduledThreadPoolExecutor.java:1093)
        at java.util.concurrent.ScheduledThreadPoolExecutor$DelayedWorkQueue.take(ScheduledThreadPoolExecutor.java:809)
        at java.util.concurrent.ThreadPoolExecutor.getTask(ThreadPoolExecutor.java:1074)
        at java.util.concurrent.ThreadPoolExecutor.runWorker(ThreadPoolExecutor.java:1134)
        at java.util.concurrent.ThreadPoolExecutor$Worker.run(ThreadPoolExecutor.java:624)
        at java.lang.Thread.run(Thread.java:750)
"IPC Server handler 13 on default port 15009" daemon prio=5 tid=482 timed_waiting
java.lang.Thread.State: TIMED_WAITING
        at sun.misc.Unsafe.park(Native Method)
        at java.util.concurrent.locks.LockSupport.parkNanos(LockSupport.java:215)
        at java.util.concurrent.locks.AbstractQueuedSynchronizer$ConditionObject.awaitNanos(AbstractQueuedSynchronizer.java:2078)
        at java.util.concurrent.LinkedBlockingQueue.poll(LinkedBlockingQueue.java:467)
        at org.apache.hadoop.ipc.CallQueueManager.take(CallQueueManager.java:317)
        at org.apache.hadoop.ipc.Server$Handler.run(Server.java:3014)
"IPC Server handler 27 on default port 15001" daemon prio=5 tid=183 timed_waiting
java.lang.Thread.State: TIMED_WAITING
        at sun.misc.Unsafe.park(Native Method)
        at java.util.concurrent.locks.LockSupport.parkNanos(LockSupport.java:215)
        at java.util.concurrent.locks.AbstractQueuedSynchronizer$ConditionObject.awaitNanos(AbstractQueuedSynchronizer.java:2078)
        at java.util.concurrent.LinkedBlockingQueue.poll(LinkedBlockingQueue.java:467)
        at org.apache.hadoop.ipc.CallQueueManager.take(CallQueueManager.java:317)
        at org.apache.hadoop.ipc.Server$Handler.run(Server.java:3014)
"Connector-Scheduler-287d872b-1"  prio=5 tid=961 timed_waiting
java.lang.Thread.State: TIMED_WAITING
        at sun.misc.Unsafe.park(Native Method)
        at java.util.concurrent.locks.LockSupport.parkNanos(LockSupport.java:215)
        at java.util.concurrent.locks.AbstractQueuedSynchronizer$ConditionObject.awaitNanos(AbstractQueuedSynchronizer.java:2078)
        at java.util.concurrent.ScheduledThreadPoolExecutor$DelayedWorkQueue.take(ScheduledThreadPoolExecutor.java:1093)
        at java.util.concurrent.ScheduledThreadPoolExecutor$DelayedWorkQueue.take(ScheduledThreadPoolExecutor.java:809)
        at java.util.concurrent.ThreadPoolExecutor.getTask(ThreadPoolExecutor.java:1074)
        at java.util.concurrent.ThreadPoolExecutor.runWorker(ThreadPoolExecutor.java:1134)
        at java.util.concurrent.ThreadPoolExecutor$Worker.run(ThreadPoolExecutor.java:624)
        at java.lang.Thread.run(Thread.java:750)
"IPC Server handler 40 on default port 15009" daemon prio=5 tid=509 timed_waiting
java.lang.Thread.State: TIMED_WAITING
        at sun.misc.Unsafe.park(Native Method)
        at java.util.concurrent.locks.LockSupport.parkNanos(LockSupport.java:215)
        at java.util.concurrent.locks.AbstractQueuedSynchronizer$ConditionObject.awaitNanos(AbstractQueuedSynchronizer.java:2078)
        at java.util.concurrent.LinkedBlockingQueue.poll(LinkedBlockingQueue.java:467)
        at org.apache.hadoop.ipc.CallQueueManager.take(CallQueueManager.java:317)
        at org.apache.hadoop.ipc.Server$Handler.run(Server.java:3014)
"IPC Server handler 42 on default port 15001" daemon prio=5 tid=198 timed_waiting
java.lang.Thread.State: TIMED_WAITING
        at sun.misc.Unsafe.park(Native Method)
        at java.util.concurrent.locks.LockSupport.parkNanos(LockSupport.java:215)
        at java.util.concurrent.locks.AbstractQueuedSynchronizer$ConditionObject.awaitNanos(AbstractQueuedSynchronizer.java:2078)
        at java.util.concurrent.LinkedBlockingQueue.poll(LinkedBlockingQueue.java:467)
        at org.apache.hadoop.ipc.CallQueueManager.take(CallQueueManager.java:317)
        at org.apache.hadoop.ipc.Server$Handler.run(Server.java:3014)
"59c3495a-7636-40f9-8dfa-c28be8e98abd-CloseContainerThread-2"  prio=5 tid=1058 in Object.wait()
java.lang.Thread.State: WAITING (on object monitor)
        at sun.misc.Unsafe.park(Native Method)
        at java.util.concurrent.locks.LockSupport.park(LockSupport.java:175)
        at java.util.concurrent.locks.AbstractQueuedSynchronizer$ConditionObject.await(AbstractQueuedSynchronizer.java:2039)
        at java.util.concurrent.LinkedBlockingQueue.take(LinkedBlockingQueue.java:442)
        at java.util.concurrent.ThreadPoolExecutor.getTask(ThreadPoolExecutor.java:1074)
        at java.util.concurrent.ThreadPoolExecutor.runWorker(ThreadPoolExecutor.java:1134)
        at java.util.concurrent.ThreadPoolExecutor$Worker.run(ThreadPoolExecutor.java:624)
        at java.lang.Thread.run(Thread.java:750)
"IPC Server handler 78 on default port 15000" daemon prio=5 tid=134 timed_waiting
java.lang.Thread.State: TIMED_WAITING
        at sun.misc.Unsafe.park(Native Method)
        at java.util.concurrent.locks.LockSupport.parkNanos(LockSupport.java:215)
        at java.util.concurrent.locks.AbstractQueuedSynchronizer$ConditionObject.awaitNanos(AbstractQueuedSynchronizer.java:2078)
        at java.util.concurrent.LinkedBlockingQueue.poll(LinkedBlockingQueue.java:467)
        at org.apache.hadoop.ipc.CallQueueManager.take(CallQueueManager.java:317)
        at org.apache.hadoop.ipc.Server$Handler.run(Server.java:3014)
"IPC Server handler 35 on default port 15000" daemon prio=5 tid=91 timed_waiting
java.lang.Thread.State: TIMED_WAITING
        at sun.misc.Unsafe.park(Native Method)
        at java.util.concurrent.locks.LockSupport.parkNanos(LockSupport.java:215)
        at java.util.concurrent.locks.AbstractQueuedSynchronizer$ConditionObject.awaitNanos(AbstractQueuedSynchronizer.java:2078)
        at java.util.concurrent.LinkedBlockingQueue.poll(LinkedBlockingQueue.java:467)
        at org.apache.hadoop.ipc.CallQueueManager.take(CallQueueManager.java:317)
        at org.apache.hadoop.ipc.Server$Handler.run(Server.java:3014)
"IPC Server handler 19 on default port 15000" daemon prio=5 tid=75 timed_waiting
java.lang.Thread.State: TIMED_WAITING
        at sun.misc.Unsafe.park(Native Method)
        at java.util.concurrent.locks.LockSupport.parkNanos(LockSupport.java:215)
        at java.util.concurrent.locks.AbstractQueuedSynchronizer$ConditionObject.awaitNanos(AbstractQueuedSynchronizer.java:2078)
        at java.util.concurrent.LinkedBlockingQueue.poll(LinkedBlockingQueue.java:467)
        at org.apache.hadoop.ipc.CallQueueManager.take(CallQueueManager.java:317)
        at org.apache.hadoop.ipc.Server$Handler.run(Server.java:3014)
"IPC Server handler 99 on default port 15002" daemon prio=5 tid=355 timed_waiting
java.lang.Thread.State: TIMED_WAITING
        at sun.misc.Unsafe.park(Native Method)
        at java.util.concurrent.locks.LockSupport.parkNanos(LockSupport.java:215)
        at java.util.concurrent.locks.AbstractQueuedSynchronizer$ConditionObject.awaitNanos(AbstractQueuedSynchronizer.java:2078)
        at java.util.concurrent.LinkedBlockingQueue.poll(LinkedBlockingQueue.java:467)
        at org.apache.hadoop.ipc.CallQueueManager.take(CallQueueManager.java:317)
        at org.apache.hadoop.ipc.Server$Handler.run(Server.java:3014)
"NetworkTopologyPoller" daemon prio=5 tid=394 timed_waiting
java.lang.Thread.State: TIMED_WAITING
        at sun.misc.Unsafe.park(Native Method)
        at java.util.concurrent.locks.LockSupport.parkNanos(LockSupport.java:215)
        at java.util.concurrent.locks.AbstractQueuedSynchronizer$ConditionObject.awaitNanos(AbstractQueuedSynchronizer.java:2078)
        at java.util.concurrent.ScheduledThreadPoolExecutor$DelayedWorkQueue.take(ScheduledThreadPoolExecutor.java:1093)
        at java.util.concurrent.ScheduledThreadPoolExecutor$DelayedWorkQueue.take(ScheduledThreadPoolExecutor.java:809)
        at java.util.concurrent.ThreadPoolExecutor.getTask(ThreadPoolExecutor.java:1074)
        at java.util.concurrent.ThreadPoolExecutor.runWorker(ThreadPoolExecutor.java:1134)
        at java.util.concurrent.ThreadPoolExecutor$Worker.run(ThreadPoolExecutor.java:624)
        at java.lang.Thread.run(Thread.java:750)
"d1715241-1ffa-4146-b219-94c9c0fc171f-CloseContainerThread-0"  prio=5 tid=1050 in Object.wait()
java.lang.Thread.State: WAITING (on object monitor)
        at sun.misc.Unsafe.park(Native Method)
        at java.util.concurrent.locks.LockSupport.park(LockSupport.java:175)
        at java.util.concurrent.locks.AbstractQueuedSynchronizer$ConditionObject.await(AbstractQueuedSynchronizer.java:2039)
        at java.util.concurrent.LinkedBlockingQueue.take(LinkedBlockingQueue.java:442)
        at java.util.concurrent.ThreadPoolExecutor.getTask(ThreadPoolExecutor.java:1074)
        at java.util.concurrent.ThreadPoolExecutor.runWorker(ThreadPoolExecutor.java:1134)
        at java.util.concurrent.ThreadPoolExecutor$Worker.run(ThreadPoolExecutor.java:624)
        at java.lang.Thread.run(Thread.java:750)
"IPC Server handler 92 on default port 15002" daemon prio=5 tid=348 timed_waiting
java.lang.Thread.State: TIMED_WAITING
        at sun.misc.Unsafe.park(Native Method)
        at java.util.concurrent.locks.LockSupport.parkNanos(LockSupport.java:215)
        at java.util.concurrent.locks.AbstractQueuedSynchronizer$ConditionObject.awaitNanos(AbstractQueuedSynchronizer.java:2078)
        at java.util.concurrent.LinkedBlockingQueue.poll(LinkedBlockingQueue.java:467)
        at org.apache.hadoop.ipc.CallQueueManager.take(CallQueueManager.java:317)
        at org.apache.hadoop.ipc.Server$Handler.run(Server.java:3014)
"grpc-default-executor-4" daemon prio=5 tid=1069 timed_waiting
java.lang.Thread.State: TIMED_WAITING
        at sun.misc.Unsafe.park(Native Method)
        at java.util.concurrent.locks.LockSupport.parkNanos(LockSupport.java:215)
        at java.util.concurrent.SynchronousQueue$TransferStack.awaitFulfill(SynchronousQueue.java:460)
        at java.util.concurrent.SynchronousQueue$TransferStack.transfer(SynchronousQueue.java:362)
        at java.util.concurrent.SynchronousQueue.poll(SynchronousQueue.java:941)
        at java.util.concurrent.ThreadPoolExecutor.getTask(ThreadPoolExecutor.java:1073)
        at java.util.concurrent.ThreadPoolExecutor.runWorker(ThreadPoolExecutor.java:1134)
        at java.util.concurrent.ThreadPoolExecutor$Worker.run(ThreadPoolExecutor.java:624)
        at java.lang.Thread.run(Thread.java:750)
"IPC Server handler 20 on default port 15009" daemon prio=5 tid=489 timed_waiting
java.lang.Thread.State: TIMED_WAITING
        at sun.misc.Unsafe.park(Native Method)
        at java.util.concurrent.locks.LockSupport.parkNanos(LockSupport.java:215)
        at java.util.concurrent.locks.AbstractQueuedSynchronizer$ConditionObject.awaitNanos(AbstractQueuedSynchronizer.java:2078)
        at java.util.concurrent.LinkedBlockingQueue.poll(LinkedBlockingQueue.java:467)
        at org.apache.hadoop.ipc.CallQueueManager.take(CallQueueManager.java:317)
        at org.apache.hadoop.ipc.Server$Handler.run(Server.java:3014)
"SSL Certificates Store Monitor" daemon prio=5 tid=1068 in Object.wait()
java.lang.Thread.State: WAITING (on object monitor)
        at java.lang.Object.wait(Native Method)
        at java.lang.Object.wait(Object.java:502)
        at java.util.TimerThread.mainLoop(Timer.java:526)
        at java.util.TimerThread.run(Timer.java:505)
"qtp1115963634-365" daemon prio=5 tid=365 timed_waiting
java.lang.Thread.State: TIMED_WAITING
        at sun.misc.Unsafe.park(Native Method)
        at java.util.concurrent.locks.LockSupport.parkNanos(LockSupport.java:215)
        at java.util.concurrent.locks.AbstractQueuedSynchronizer$ConditionObject.awaitNanos(AbstractQueuedSynchronizer.java:2078)
        at org.eclipse.jetty.util.BlockingArrayQueue.poll(BlockingArrayQueue.java:382)
        at org.eclipse.jetty.util.thread.QueuedThreadPool$Runner.idleJobPoll(QueuedThreadPool.java:974)
        at org.eclipse.jetty.util.thread.QueuedThreadPool$Runner.run(QueuedThreadPool.java:1018)
        at java.lang.Thread.run(Thread.java:750)
"d1715241-1ffa-4146-b219-94c9c0fc171f-PipelineCommandHandlerThread-0"  prio=5 tid=850 in Object.wait()
java.lang.Thread.State: WAITING (on object monitor)
        at sun.misc.Unsafe.park(Native Method)
        at java.util.concurrent.locks.LockSupport.park(LockSupport.java:175)
        at java.util.concurrent.locks.AbstractQueuedSynchronizer$ConditionObject.await(AbstractQueuedSynchronizer.java:2039)
        at java.util.concurrent.LinkedBlockingQueue.take(LinkedBlockingQueue.java:442)
        at java.util.concurrent.ThreadPoolExecutor.getTask(ThreadPoolExecutor.java:1074)
        at java.util.concurrent.ThreadPoolExecutor.runWorker(ThreadPoolExecutor.java:1134)
        at java.util.concurrent.ThreadPoolExecutor$Worker.run(ThreadPoolExecutor.java:624)
        at java.lang.Thread.run(Thread.java:750)
"IPC Server handler 79 on default port 15009" daemon prio=5 tid=548 timed_waiting
java.lang.Thread.State: TIMED_WAITING
        at sun.misc.Unsafe.park(Native Method)
        at java.util.concurrent.locks.LockSupport.parkNanos(LockSupport.java:215)
        at java.util.concurrent.locks.AbstractQueuedSynchronizer$ConditionObject.awaitNanos(AbstractQueuedSynchronizer.java:2078)
        at java.util.concurrent.LinkedBlockingQueue.poll(LinkedBlockingQueue.java:467)
        at org.apache.hadoop.ipc.CallQueueManager.take(CallQueueManager.java:317)
        at org.apache.hadoop.ipc.Server$Handler.run(Server.java:3014)
"IPC Server handler 22 on default port 15001" daemon prio=5 tid=178 timed_waiting
java.lang.Thread.State: TIMED_WAITING
        at sun.misc.Unsafe.park(Native Method)
        at java.util.concurrent.locks.LockSupport.parkNanos(LockSupport.java:215)
        at java.util.concurrent.locks.AbstractQueuedSynchronizer$ConditionObject.awaitNanos(AbstractQueuedSynchronizer.java:2078)
        at java.util.concurrent.LinkedBlockingQueue.poll(LinkedBlockingQueue.java:467)
        at org.apache.hadoop.ipc.CallQueueManager.take(CallQueueManager.java:317)
        at org.apache.hadoop.ipc.Server$Handler.run(Server.java:3014)
"IPC Server handler 35 on default port 15009" daemon prio=5 tid=504 timed_waiting
java.lang.Thread.State: TIMED_WAITING
        at sun.misc.Unsafe.park(Native Method)
        at java.util.concurrent.locks.LockSupport.parkNanos(LockSupport.java:215)
        at java.util.concurrent.locks.AbstractQueuedSynchronizer$ConditionObject.awaitNanos(AbstractQueuedSynchronizer.java:2078)
        at java.util.concurrent.LinkedBlockingQueue.poll(LinkedBlockingQueue.java:467)
        at org.apache.hadoop.ipc.CallQueueManager.take(CallQueueManager.java:317)
        at org.apache.hadoop.ipc.Server$Handler.run(Server.java:3014)
"a40aef6e-dfc7-4141-9a41-17d72bf4eeff-EndpointStateMachineTaskThread-/0.0.0.0:15009-0 "  prio=5 tid=779 in Object.wait()
java.lang.Thread.State: WAITING (on object monitor)
        at sun.misc.Unsafe.park(Native Method)
        at java.util.concurrent.locks.LockSupport.park(LockSupport.java:175)
        at java.util.concurrent.locks.AbstractQueuedSynchronizer$ConditionObject.await(AbstractQueuedSynchronizer.java:2039)
        at java.util.concurrent.LinkedBlockingQueue.take(LinkedBlockingQueue.java:442)
        at java.util.concurrent.ThreadPoolExecutor.getTask(ThreadPoolExecutor.java:1074)
        at java.util.concurrent.ThreadPoolExecutor.runWorker(ThreadPoolExecutor.java:1134)
        at java.util.concurrent.ThreadPoolExecutor$Worker.run(ThreadPoolExecutor.java:624)
        at java.lang.Thread.run(Thread.java:750)
"om1-OMDoubleBufferFlushThread" daemon prio=5 tid=375 timed_waiting
java.lang.Thread.State: TIMED_WAITING
        at java.lang.Object.wait(Native Method)
        at org.apache.hadoop.ozone.om.ratis.OzoneManagerDoubleBuffer.canFlush(OzoneManagerDoubleBuffer.java:570)
        at org.apache.hadoop.ozone.om.ratis.OzoneManagerDoubleBuffer.flushTransactions(OzoneManagerDoubleBuffer.java:294)
        at org.apache.hadoop.ozone.om.ratis.OzoneManagerDoubleBuffer$$Lambda$779/142020942.run(Unknown Source)
        at java.lang.Thread.run(Thread.java:750)
"IPC Server listener on 15039" daemon prio=5 tid=674 runnable
java.lang.Thread.State: RUNNABLE
        at sun.nio.ch.EPollArrayWrapper.epollWait(Native Method)
        at sun.nio.ch.EPollArrayWrapper.poll(EPollArrayWrapper.java:269)
        at sun.nio.ch.EPollSelectorImpl.doSelect(EPollSelectorImpl.java:93)
        at sun.nio.ch.SelectorImpl.lockAndDoSelect(SelectorImpl.java:86)
        at sun.nio.ch.SelectorImpl.select(SelectorImpl.java:97)
        at sun.nio.ch.SelectorImpl.select(SelectorImpl.java:101)
        at org.apache.hadoop.ipc.Server$Listener.run(Server.java:1408)
"IPC Server handler 61 on default port 15000" daemon prio=5 tid=117 timed_waiting
java.lang.Thread.State: TIMED_WAITING
        at sun.misc.Unsafe.park(Native Method)
        at java.util.concurrent.locks.LockSupport.parkNanos(LockSupport.java:215)
        at java.util.concurrent.locks.AbstractQueuedSynchronizer$ConditionObject.awaitNanos(AbstractQueuedSynchronizer.java:2078)
        at java.util.concurrent.LinkedBlockingQueue.poll(LinkedBlockingQueue.java:467)
        at org.apache.hadoop.ipc.CallQueueManager.take(CallQueueManager.java:317)
        at org.apache.hadoop.ipc.Server$Handler.run(Server.java:3014)
"59c3495a-7636-40f9-8dfa-c28be8e98abd@group-8188EE38776F-SegmentedRaftLogWorker"  prio=5 tid=833 timed_waiting
java.lang.Thread.State: TIMED_WAITING
        at sun.misc.Unsafe.park(Native Method)
        at java.util.concurrent.locks.LockSupport.parkNanos(LockSupport.java:215)
        at java.util.concurrent.locks.AbstractQueuedSynchronizer$ConditionObject.awaitNanos(AbstractQueuedSynchronizer.java:2078)
        at org.apache.ratis.util.DataBlockingQueue.poll(DataBlockingQueue.java:148)
        at org.apache.ratis.server.raftlog.segmented.SegmentedRaftLogWorker.run(SegmentedRaftLogWorker.java:299)
        at org.apache.ratis.server.raftlog.segmented.SegmentedRaftLogWorker$$Lambda$997/2039256444.run(Unknown Source)
        at java.util.concurrent.Executors$RunnableAdapter.call(Executors.java:511)
        at java.util.concurrent.FutureTask.run(FutureTask.java:266)
        at java.util.concurrent.ThreadPoolExecutor.runWorker(ThreadPoolExecutor.java:1149)
        at java.util.concurrent.ThreadPoolExecutor$Worker.run(ThreadPoolExecutor.java:624)
        at java.lang.Thread.run(Thread.java:750)
"IPC Server handler 26 on default port 15001" daemon prio=5 tid=182 timed_waiting
java.lang.Thread.State: TIMED_WAITING
        at sun.misc.Unsafe.park(Native Method)
        at java.util.concurrent.locks.LockSupport.parkNanos(LockSupport.java:215)
        at java.util.concurrent.locks.AbstractQueuedSynchronizer$ConditionObject.awaitNanos(AbstractQueuedSynchronizer.java:2078)
        at java.util.concurrent.LinkedBlockingQueue.poll(LinkedBlockingQueue.java:467)
        at org.apache.hadoop.ipc.CallQueueManager.take(CallQueueManager.java:317)
        at org.apache.hadoop.ipc.Server$Handler.run(Server.java:3014)
"IPC Server handler 92 on default port 15000" daemon prio=5 tid=148 timed_waiting
java.lang.Thread.State: TIMED_WAITING
        at sun.misc.Unsafe.park(Native Method)
        at java.util.concurrent.locks.LockSupport.parkNanos(LockSupport.java:215)
        at java.util.concurrent.locks.AbstractQueuedSynchronizer$ConditionObject.awaitNanos(AbstractQueuedSynchronizer.java:2078)
        at java.util.concurrent.LinkedBlockingQueue.poll(LinkedBlockingQueue.java:467)
        at org.apache.hadoop.ipc.CallQueueManager.take(CallQueueManager.java:317)
        at org.apache.hadoop.ipc.Server$Handler.run(Server.java:3014)
"IPC Server handler 18 on default port 15001" daemon prio=5 tid=174 timed_waiting
java.lang.Thread.State: TIMED_WAITING
        at sun.misc.Unsafe.park(Native Method)
        at java.util.concurrent.locks.LockSupport.parkNanos(LockSupport.java:215)
        at java.util.concurrent.locks.AbstractQueuedSynchronizer$ConditionObject.awaitNanos(AbstractQueuedSynchronizer.java:2078)
        at java.util.concurrent.LinkedBlockingQueue.poll(LinkedBlockingQueue.java:467)
        at org.apache.hadoop.ipc.CallQueueManager.take(CallQueueManager.java:317)
        at org.apache.hadoop.ipc.Server$Handler.run(Server.java:3014)
"qtp963735699-670" daemon prio=5 tid=670 timed_waiting
java.lang.Thread.State: TIMED_WAITING
        at sun.misc.Unsafe.park(Native Method)
        at java.util.concurrent.locks.LockSupport.parkNanos(LockSupport.java:215)
        at java.util.concurrent.locks.AbstractQueuedSynchronizer$ConditionObject.awaitNanos(AbstractQueuedSynchronizer.java:2078)
        at org.eclipse.jetty.util.BlockingArrayQueue.poll(BlockingArrayQueue.java:382)
        at org.eclipse.jetty.util.thread.QueuedThreadPool$Runner.idleJobPoll(QueuedThreadPool.java:974)
        at org.eclipse.jetty.util.thread.QueuedThreadPool$Runner.run(QueuedThreadPool.java:1018)
        at java.lang.Thread.run(Thread.java:750)
"IPC Server handler 57 on default port 15000" daemon prio=5 tid=113 timed_waiting
java.lang.Thread.State: TIMED_WAITING
        at sun.misc.Unsafe.park(Native Method)
        at java.util.concurrent.locks.LockSupport.parkNanos(LockSupport.java:215)
        at java.util.concurrent.locks.AbstractQueuedSynchronizer$ConditionObject.awaitNanos(AbstractQueuedSynchronizer.java:2078)
        at java.util.concurrent.LinkedBlockingQueue.poll(LinkedBlockingQueue.java:467)
        at org.apache.hadoop.ipc.CallQueueManager.take(CallQueueManager.java:317)
        at org.apache.hadoop.ipc.Server$Handler.run(Server.java:3014)
"IPC Server handler 40 on default port 15000" daemon prio=5 tid=96 timed_waiting
java.lang.Thread.State: TIMED_WAITING
        at sun.misc.Unsafe.park(Native Method)
        at java.util.concurrent.locks.LockSupport.parkNanos(LockSupport.java:215)
        at java.util.concurrent.locks.AbstractQueuedSynchronizer$ConditionObject.awaitNanos(AbstractQueuedSynchronizer.java:2078)
        at java.util.concurrent.LinkedBlockingQueue.poll(LinkedBlockingQueue.java:467)
        at org.apache.hadoop.ipc.CallQueueManager.take(CallQueueManager.java:317)
        at org.apache.hadoop.ipc.Server$Handler.run(Server.java:3014)
"IPC Server handler 0 on default port 15009" daemon prio=5 tid=469 timed_waiting
java.lang.Thread.State: TIMED_WAITING
        at sun.misc.Unsafe.park(Native Method)
        at java.util.concurrent.locks.LockSupport.parkNanos(LockSupport.java:215)
        at java.util.concurrent.locks.AbstractQueuedSynchronizer$ConditionObject.awaitNanos(AbstractQueuedSynchronizer.java:2078)
        at java.util.concurrent.LinkedBlockingQueue.poll(LinkedBlockingQueue.java:467)
        at org.apache.hadoop.ipc.CallQueueManager.take(CallQueueManager.java:317)
        at org.apache.hadoop.ipc.Server$Handler.run(Server.java:3014)
"IPC Server handler 30 on default port 15000" daemon prio=5 tid=86 timed_waiting
java.lang.Thread.State: TIMED_WAITING
        at sun.misc.Unsafe.park(Native Method)
        at java.util.concurrent.locks.LockSupport.parkNanos(LockSupport.java:215)
        at java.util.concurrent.locks.AbstractQueuedSynchronizer$ConditionObject.awaitNanos(AbstractQueuedSynchronizer.java:2078)
        at java.util.concurrent.LinkedBlockingQueue.poll(LinkedBlockingQueue.java:467)
        at org.apache.hadoop.ipc.CallQueueManager.take(CallQueueManager.java:317)
        at org.apache.hadoop.ipc.Server$Handler.run(Server.java:3014)
"IPC Server handler 78 on default port 15001" daemon prio=5 tid=234 timed_waiting
java.lang.Thread.State: TIMED_WAITING
        at sun.misc.Unsafe.park(Native Method)
        at java.util.concurrent.locks.LockSupport.parkNanos(LockSupport.java:215)
        at java.util.concurrent.locks.AbstractQueuedSynchronizer$ConditionObject.awaitNanos(AbstractQueuedSynchronizer.java:2078)
        at java.util.concurrent.LinkedBlockingQueue.poll(LinkedBlockingQueue.java:467)
        at org.apache.hadoop.ipc.CallQueueManager.take(CallQueueManager.java:317)
        at org.apache.hadoop.ipc.Server$Handler.run(Server.java:3014)
"IPC Server handler 32 on default port 15000" daemon prio=5 tid=88 timed_waiting
java.lang.Thread.State: TIMED_WAITING
        at sun.misc.Unsafe.park(Native Method)
        at java.util.concurrent.locks.LockSupport.parkNanos(LockSupport.java:215)
        at java.util.concurrent.locks.AbstractQueuedSynchronizer$ConditionObject.awaitNanos(AbstractQueuedSynchronizer.java:2078)
        at java.util.concurrent.LinkedBlockingQueue.poll(LinkedBlockingQueue.java:467)
        at org.apache.hadoop.ipc.CallQueueManager.take(CallQueueManager.java:317)
        at org.apache.hadoop.ipc.Server$Handler.run(Server.java:3014)
"IPC Server handler 45 on default port 15000" daemon prio=5 tid=101 timed_waiting
java.lang.Thread.State: TIMED_WAITING
        at sun.misc.Unsafe.park(Native Method)
        at java.util.concurrent.locks.LockSupport.parkNanos(LockSupport.java:215)
        at java.util.concurrent.locks.AbstractQueuedSynchronizer$ConditionObject.awaitNanos(AbstractQueuedSynchronizer.java:2078)
        at java.util.concurrent.LinkedBlockingQueue.poll(LinkedBlockingQueue.java:467)
        at org.apache.hadoop.ipc.CallQueueManager.take(CallQueueManager.java:317)
        at org.apache.hadoop.ipc.Server$Handler.run(Server.java:3014)
"a40aef6e-dfc7-4141-9a41-17d72bf4eeff-DatanodeStateMachineDaemonThread" daemon prio=5 tid=680 timed_waiting
java.lang.Thread.State: TIMED_WAITING
        at java.lang.Thread.sleep(Native Method)
        at org.apache.hadoop.ozone.container.common.statemachine.DatanodeStateMachine.startStateMachineThread(DatanodeStateMachine.java:369)
        at org.apache.hadoop.ozone.container.common.statemachine.DatanodeStateMachine.lambda$startDaemon$1(DatanodeStateMachine.java:556)
        at org.apache.hadoop.ozone.container.common.statemachine.DatanodeStateMachine$$Lambda$1466/1250399292.run(Unknown Source)
        at java.lang.Thread.run(Thread.java:750)
"59c3495a-7636-40f9-8dfa-c28be8e98abd-DatanodeStateMachineTaskThread-1"  prio=5 tid=716 in Object.wait()
java.lang.Thread.State: WAITING (on object monitor)
        at sun.misc.Unsafe.park(Native Method)
        at java.util.concurrent.locks.LockSupport.park(LockSupport.java:175)
        at java.util.concurrent.locks.AbstractQueuedSynchronizer$ConditionObject.await(AbstractQueuedSynchronizer.java:2039)
        at java.util.concurrent.LinkedBlockingQueue.take(LinkedBlockingQueue.java:442)
        at java.util.concurrent.ThreadPoolExecutor.getTask(ThreadPoolExecutor.java:1074)
        at java.util.concurrent.ThreadPoolExecutor.runWorker(ThreadPoolExecutor.java:1134)
        at java.util.concurrent.ThreadPoolExecutor$Worker.run(ThreadPoolExecutor.java:624)
        at java.lang.Thread.run(Thread.java:750)
"qtp963735699-669" daemon prio=5 tid=669 timed_waiting
java.lang.Thread.State: TIMED_WAITING
        at sun.misc.Unsafe.park(Native Method)
        at java.util.concurrent.locks.LockSupport.parkNanos(LockSupport.java:215)
        at java.util.concurrent.locks.AbstractQueuedSynchronizer$ConditionObject.awaitNanos(AbstractQueuedSynchronizer.java:2078)
        at org.eclipse.jetty.util.BlockingArrayQueue.poll(BlockingArrayQueue.java:382)
        at org.eclipse.jetty.util.thread.QueuedThreadPool$Runner.idleJobPoll(QueuedThreadPool.java:974)
        at org.eclipse.jetty.util.thread.QueuedThreadPool$Runner.run(QueuedThreadPool.java:1018)
        at java.lang.Thread.run(Thread.java:750)
"IPC Server handler 0 on default port 15048" daemon prio=5 tid=707 timed_waiting
java.lang.Thread.State: TIMED_WAITING
        at sun.misc.Unsafe.park(Native Method)
        at java.util.concurrent.locks.LockSupport.parkNanos(LockSupport.java:215)
        at java.util.concurrent.locks.AbstractQueuedSynchronizer$ConditionObject.awaitNanos(AbstractQueuedSynchronizer.java:2078)
        at java.util.concurrent.LinkedBlockingQueue.poll(LinkedBlockingQueue.java:467)
        at org.apache.hadoop.ipc.CallQueueManager.take(CallQueueManager.java:317)
        at org.apache.hadoop.ipc.Server$Handler.run(Server.java:3014)
"IPC Server handler 47 on default port 15009" daemon prio=5 tid=516 timed_waiting
java.lang.Thread.State: TIMED_WAITING
        at sun.misc.Unsafe.park(Native Method)
        at java.util.concurrent.locks.LockSupport.parkNanos(LockSupport.java:215)
        at java.util.concurrent.locks.AbstractQueuedSynchronizer$ConditionObject.awaitNanos(AbstractQueuedSynchronizer.java:2078)
        at java.util.concurrent.LinkedBlockingQueue.poll(LinkedBlockingQueue.java:467)
        at org.apache.hadoop.ipc.CallQueueManager.take(CallQueueManager.java:317)
        at org.apache.hadoop.ipc.Server$Handler.run(Server.java:3014)
"IPC Server handler 5 on default port 15009" daemon prio=5 tid=474 timed_waiting
java.lang.Thread.State: TIMED_WAITING
        at sun.misc.Unsafe.park(Native Method)
        at java.util.concurrent.locks.LockSupport.parkNanos(LockSupport.java:215)
        at java.util.concurrent.locks.AbstractQueuedSynchronizer$ConditionObject.awaitNanos(AbstractQueuedSynchronizer.java:2078)
        at java.util.concurrent.LinkedBlockingQueue.poll(LinkedBlockingQueue.java:467)
        at org.apache.hadoop.ipc.CallQueueManager.take(CallQueueManager.java:317)
        at org.apache.hadoop.ipc.Server$Handler.run(Server.java:3014)
"FixedThreadPoolWithAffinityExecutor-0-0" daemon prio=5 tid=45 timed_waiting
java.lang.Thread.State: TIMED_WAITING
        at sun.misc.Unsafe.park(Native Method)
        at java.util.concurrent.locks.LockSupport.parkNanos(LockSupport.java:215)
        at java.util.concurrent.locks.AbstractQueuedSynchronizer$ConditionObject.awaitNanos(AbstractQueuedSynchronizer.java:2078)
        at java.util.concurrent.LinkedBlockingQueue.poll(LinkedBlockingQueue.java:467)
        at org.apache.hadoop.hdds.scm.server.ContainerReportQueue.poll(ContainerReportQueue.java:269)
        at org.apache.hadoop.hdds.scm.server.ContainerReportQueue.poll(ContainerReportQueue.java:42)
        at org.apache.hadoop.hdds.server.events.FixedThreadPoolWithAffinityExecutor$ContainerReportProcessTask.run(FixedThreadPoolWithAffinityExecutor.java:253)
        at java.util.concurrent.Executors$RunnableAdapter.call(Executors.java:511)
        at java.util.concurrent.FutureTask.run(FutureTask.java:266)
        at java.util.concurrent.ThreadPoolExecutor.runWorker(ThreadPoolExecutor.java:1149)
        at java.util.concurrent.ThreadPoolExecutor$Worker.run(ThreadPoolExecutor.java:624)
        at java.lang.Thread.run(Thread.java:750)
"qtp462164160-610" daemon prio=5 tid=610 runnable
java.lang.Thread.State: RUNNABLE
        at sun.nio.ch.EPollArrayWrapper.epollWait(Native Method)
        at sun.nio.ch.EPollArrayWrapper.poll(EPollArrayWrapper.java:269)
        at sun.nio.ch.EPollSelectorImpl.doSelect(EPollSelectorImpl.java:93)
        at sun.nio.ch.SelectorImpl.lockAndDoSelect(SelectorImpl.java:86)
        at sun.nio.ch.SelectorImpl.select(SelectorImpl.java:97)
        at sun.nio.ch.SelectorImpl.select(SelectorImpl.java:101)
        at org.eclipse.jetty.io.ManagedSelector.nioSelect(ManagedSelector.java:183)
        at org.eclipse.jetty.io.ManagedSelector.select(ManagedSelector.java:190)
        at org.eclipse.jetty.io.ManagedSelector$SelectorProducer.select(ManagedSelector.java:606)
        at org.eclipse.jetty.io.ManagedSelector$SelectorProducer.produce(ManagedSelector.java:543)
        at org.eclipse.jetty.util.thread.strategy.EatWhatYouKill.produceTask(EatWhatYouKill.java:362)
        at org.eclipse.jetty.util.thread.strategy.EatWhatYouKill.doProduce(EatWhatYouKill.java:186)
        at org.eclipse.jetty.util.thread.strategy.EatWhatYouKill.tryProduce(EatWhatYouKill.java:173)
        at org.eclipse.jetty.util.thread.strategy.EatWhatYouKill.produce(EatWhatYouKill.java:137)
        at org.eclipse.jetty.io.ManagedSelector$$Lambda$666/1273065937.run(Unknown Source)
        at org.eclipse.jetty.util.thread.QueuedThreadPool.runJob(QueuedThreadPool.java:883)
        at org.eclipse.jetty.util.thread.QueuedThreadPool$Runner.run(QueuedThreadPool.java:1034)
        at java.lang.Thread.run(Thread.java:750)
"qtp2139799663-409" daemon prio=5 tid=409 timed_waiting
java.lang.Thread.State: TIMED_WAITING
        at sun.misc.Unsafe.park(Native Method)
        at java.util.concurrent.locks.LockSupport.parkNanos(LockSupport.java:215)
        at java.util.concurrent.SynchronousQueue$TransferStack.awaitFulfill(SynchronousQueue.java:460)
        at java.util.concurrent.SynchronousQueue$TransferStack.transfer(SynchronousQueue.java:362)
        at java.util.concurrent.SynchronousQueue.poll(SynchronousQueue.java:941)
        at org.eclipse.jetty.util.thread.ReservedThreadExecutor$ReservedThread.reservedWait(ReservedThreadExecutor.java:324)
        at org.eclipse.jetty.util.thread.ReservedThreadExecutor$ReservedThread.run(ReservedThreadExecutor.java:399)
        at org.eclipse.jetty.util.thread.QueuedThreadPool.runJob(QueuedThreadPool.java:883)
        at org.eclipse.jetty.util.thread.QueuedThreadPool$Runner.run(QueuedThreadPool.java:1034)
        at java.lang.Thread.run(Thread.java:750)
"IPC Server Responder" daemon prio=5 tid=33 runnable
java.lang.Thread.State: RUNNABLE
        at sun.nio.ch.EPollArrayWrapper.epollWait(Native Method)
        at sun.nio.ch.EPollArrayWrapper.poll(EPollArrayWrapper.java:269)
        at sun.nio.ch.EPollSelectorImpl.doSelect(EPollSelectorImpl.java:93)
        at sun.nio.ch.SelectorImpl.lockAndDoSelect(SelectorImpl.java:86)
        at sun.nio.ch.SelectorImpl.select(SelectorImpl.java:97)
        at org.apache.hadoop.ipc.Server$Responder.doRunLoop(Server.java:1582)
        at org.apache.hadoop.ipc.Server$Responder.run(Server.java:1565)
"ContainerMetadataScanner" daemon prio=5 tid=746 timed_waiting
java.lang.Thread.State: TIMED_WAITING
        at java.lang.Thread.sleep(Native Method)
        at org.apache.hadoop.ozone.container.ozoneimpl.AbstractBackgroundContainerScanner.handleRemainingSleep(AbstractBackgroundContainerScanner.java:131)
        at org.apache.hadoop.ozone.container.ozoneimpl.AbstractBackgroundContainerScanner.runIteration(AbstractBackgroundContainerScanner.java:98)
        at org.apache.hadoop.ozone.container.ozoneimpl.AbstractBackgroundContainerScanner.run(AbstractBackgroundContainerScanner.java:57)
"IPC Server handler 73 on default port 15001" daemon prio=5 tid=229 timed_waiting
java.lang.Thread.State: TIMED_WAITING
        at sun.misc.Unsafe.park(Native Method)
        at java.util.concurrent.locks.LockSupport.parkNanos(LockSupport.java:215)
        at java.util.concurrent.locks.AbstractQueuedSynchronizer$ConditionObject.awaitNanos(AbstractQueuedSynchronizer.java:2078)
        at java.util.concurrent.LinkedBlockingQueue.poll(LinkedBlockingQueue.java:467)
        at org.apache.hadoop.ipc.CallQueueManager.take(CallQueueManager.java:317)
        at org.apache.hadoop.ipc.Server$Handler.run(Server.java:3014)
"cc1e4d3c-2283-4c28-b737-db868cb45369@group-82A21D15CBF7-FollowerState" daemon prio=5 tid=1163 timed_waiting
java.lang.Thread.State: TIMED_WAITING
        at java.lang.Thread.sleep(Native Method)
        at java.lang.Thread.sleep(Thread.java:342)
        at java.util.concurrent.TimeUnit.sleep(TimeUnit.java:386)
        at org.apache.ratis.util.TimeDuration.sleep(TimeDuration.java:353)
        at org.apache.ratis.util.TimeDuration.sleep(TimeDuration.java:338)
        at org.apache.ratis.server.impl.FollowerState.run(FollowerState.java:128)
"IPC Server handler 15 on default port 15001" daemon prio=5 tid=171 timed_waiting
java.lang.Thread.State: TIMED_WAITING
        at sun.misc.Unsafe.park(Native Method)
        at java.util.concurrent.locks.LockSupport.parkNanos(LockSupport.java:215)
        at java.util.concurrent.locks.AbstractQueuedSynchronizer$ConditionObject.awaitNanos(AbstractQueuedSynchronizer.java:2078)
        at java.util.concurrent.LinkedBlockingQueue.poll(LinkedBlockingQueue.java:467)
        at org.apache.hadoop.ipc.CallQueueManager.take(CallQueueManager.java:317)
        at org.apache.hadoop.ipc.Server$Handler.run(Server.java:3014)
"IPC Server handler 75 on default port 15002" daemon prio=5 tid=331 timed_waiting
java.lang.Thread.State: TIMED_WAITING
        at sun.misc.Unsafe.park(Native Method)
        at java.util.concurrent.locks.LockSupport.parkNanos(LockSupport.java:215)
        at java.util.concurrent.locks.AbstractQueuedSynchronizer$ConditionObject.awaitNanos(AbstractQueuedSynchronizer.java:2078)
        at java.util.concurrent.LinkedBlockingQueue.poll(LinkedBlockingQueue.java:467)
        at org.apache.hadoop.ipc.CallQueueManager.take(CallQueueManager.java:317)
        at org.apache.hadoop.ipc.Server$Handler.run(Server.java:3014)
"FixedThreadPoolWithAffinityExecutor-9-0" daemon prio=5 tid=54 timed_waiting
java.lang.Thread.State: TIMED_WAITING
        at sun.misc.Unsafe.park(Native Method)
        at java.util.concurrent.locks.LockSupport.parkNanos(LockSupport.java:215)
        at java.util.concurrent.locks.AbstractQueuedSynchronizer$ConditionObject.awaitNanos(AbstractQueuedSynchronizer.java:2078)
        at java.util.concurrent.LinkedBlockingQueue.poll(LinkedBlockingQueue.java:467)
        at org.apache.hadoop.hdds.scm.server.ContainerReportQueue.poll(ContainerReportQueue.java:269)
        at org.apache.hadoop.hdds.scm.server.ContainerReportQueue.poll(ContainerReportQueue.java:42)
        at org.apache.hadoop.hdds.server.events.FixedThreadPoolWithAffinityExecutor$ContainerReportProcessTask.run(FixedThreadPoolWithAffinityExecutor.java:253)
        at java.util.concurrent.Executors$RunnableAdapter.call(Executors.java:511)
        at java.util.concurrent.FutureTask.run(FutureTask.java:266)
        at java.util.concurrent.ThreadPoolExecutor.runWorker(ThreadPoolExecutor.java:1149)
        at java.util.concurrent.ThreadPoolExecutor$Worker.run(ThreadPoolExecutor.java:624)
        at java.lang.Thread.run(Thread.java:750)
"ceb25050-cf9f-4852-a13e-a5ff0cf3b4d2-ReplicationContainerReader-2" daemon prio=5 tid=1113 in Object.wait()
java.lang.Thread.State: WAITING (on object monitor)
        at sun.misc.Unsafe.park(Native Method)
        at java.util.concurrent.locks.LockSupport.park(LockSupport.java:175)
        at java.util.concurrent.locks.AbstractQueuedSynchronizer$ConditionObject.await(AbstractQueuedSynchronizer.java:2039)
        at java.util.concurrent.LinkedBlockingQueue.take(LinkedBlockingQueue.java:442)
        at java.util.concurrent.ThreadPoolExecutor.getTask(ThreadPoolExecutor.java:1074)
        at java.util.concurrent.ThreadPoolExecutor.runWorker(ThreadPoolExecutor.java:1134)
        at java.util.concurrent.ThreadPoolExecutor$Worker.run(ThreadPoolExecutor.java:624)
        at java.lang.Thread.run(Thread.java:750)
"ceb25050-cf9f-4852-a13e-a5ff0cf3b4d2-DeleteContainerThread-0"  prio=5 tid=1130 in Object.wait()
java.lang.Thread.State: WAITING (on object monitor)
        at sun.misc.Unsafe.park(Native Method)
        at java.util.concurrent.locks.LockSupport.park(LockSupport.java:175)
        at java.util.concurrent.locks.AbstractQueuedSynchronizer$ConditionObject.await(AbstractQueuedSynchronizer.java:2039)
        at java.util.concurrent.LinkedBlockingQueue.take(LinkedBlockingQueue.java:442)
        at java.util.concurrent.ThreadPoolExecutor.getTask(ThreadPoolExecutor.java:1074)
        at java.util.concurrent.ThreadPoolExecutor.runWorker(ThreadPoolExecutor.java:1134)
        at java.util.concurrent.ThreadPoolExecutor$Worker.run(ThreadPoolExecutor.java:624)
        at java.lang.Thread.run(Thread.java:750)
"IPC Server handler 34 on default port 15000" daemon prio=5 tid=90 timed_waiting
java.lang.Thread.State: TIMED_WAITING
        at sun.misc.Unsafe.park(Native Method)
        at java.util.concurrent.locks.LockSupport.parkNanos(LockSupport.java:215)
        at java.util.concurrent.locks.AbstractQueuedSynchronizer$ConditionObject.awaitNanos(AbstractQueuedSynchronizer.java:2078)
        at java.util.concurrent.LinkedBlockingQueue.poll(LinkedBlockingQueue.java:467)
        at org.apache.hadoop.ipc.CallQueueManager.take(CallQueueManager.java:317)
        at org.apache.hadoop.ipc.Server$Handler.run(Server.java:3014)
"IPC Server handler 0 on default port 15039" daemon prio=5 tid=679 timed_waiting
java.lang.Thread.State: TIMED_WAITING
        at sun.misc.Unsafe.park(Native Method)
        at java.util.concurrent.locks.LockSupport.parkNanos(LockSupport.java:215)
        at java.util.concurrent.locks.AbstractQueuedSynchronizer$ConditionObject.awaitNanos(AbstractQueuedSynchronizer.java:2078)
        at java.util.concurrent.LinkedBlockingQueue.poll(LinkedBlockingQueue.java:467)
        at org.apache.hadoop.ipc.CallQueueManager.take(CallQueueManager.java:317)
        at org.apache.hadoop.ipc.Server$Handler.run(Server.java:3014)
"qtp963735699-672" daemon prio=5 tid=672 timed_waiting
java.lang.Thread.State: TIMED_WAITING
        at sun.misc.Unsafe.park(Native Method)
        at java.util.concurrent.locks.LockSupport.parkNanos(LockSupport.java:215)
        at java.util.concurrent.locks.AbstractQueuedSynchronizer$ConditionObject.awaitNanos(AbstractQueuedSynchronizer.java:2078)
        at org.eclipse.jetty.util.BlockingArrayQueue.poll(BlockingArrayQueue.java:382)
        at org.eclipse.jetty.util.thread.QueuedThreadPool$Runner.idleJobPoll(QueuedThreadPool.java:974)
        at org.eclipse.jetty.util.thread.QueuedThreadPool$Runner.run(QueuedThreadPool.java:1018)
        at java.lang.Thread.run(Thread.java:750)
"qtp2139799663-408" daemon prio=5 tid=408 timed_waiting
java.lang.Thread.State: TIMED_WAITING
        at sun.misc.Unsafe.park(Native Method)
        at java.util.concurrent.locks.LockSupport.parkNanos(LockSupport.java:215)
        at java.util.concurrent.locks.AbstractQueuedSynchronizer$ConditionObject.awaitNanos(AbstractQueuedSynchronizer.java:2078)
        at org.eclipse.jetty.util.BlockingArrayQueue.poll(BlockingArrayQueue.java:382)
        at org.eclipse.jetty.util.thread.QueuedThreadPool$Runner.idleJobPoll(QueuedThreadPool.java:974)
        at org.eclipse.jetty.util.thread.QueuedThreadPool$Runner.run(QueuedThreadPool.java:1018)
        at java.lang.Thread.run(Thread.java:750)
"IPC Server handler 86 on default port 15001" daemon prio=5 tid=242 timed_waiting
java.lang.Thread.State: TIMED_WAITING
        at sun.misc.Unsafe.park(Native Method)
        at java.util.concurrent.locks.LockSupport.parkNanos(LockSupport.java:215)
        at java.util.concurrent.locks.AbstractQueuedSynchronizer$ConditionObject.awaitNanos(AbstractQueuedSynchronizer.java:2078)
        at java.util.concurrent.LinkedBlockingQueue.poll(LinkedBlockingQueue.java:467)
        at org.apache.hadoop.ipc.CallQueueManager.take(CallQueueManager.java:317)
        at org.apache.hadoop.ipc.Server$Handler.run(Server.java:3014)
"IPC Server handler 36 on default port 15009" daemon prio=5 tid=505 timed_waiting
java.lang.Thread.State: TIMED_WAITING
        at sun.misc.Unsafe.park(Native Method)
        at java.util.concurrent.locks.LockSupport.parkNanos(LockSupport.java:215)
        at java.util.concurrent.locks.AbstractQueuedSynchronizer$ConditionObject.awaitNanos(AbstractQueuedSynchronizer.java:2078)
        at java.util.concurrent.LinkedBlockingQueue.poll(LinkedBlockingQueue.java:467)
        at org.apache.hadoop.ipc.CallQueueManager.take(CallQueueManager.java:317)
        at org.apache.hadoop.ipc.Server$Handler.run(Server.java:3014)
"IPC Server handler 48 on default port 15009" daemon prio=5 tid=517 timed_waiting
java.lang.Thread.State: TIMED_WAITING
        at sun.misc.Unsafe.park(Native Method)
        at java.util.concurrent.locks.LockSupport.parkNanos(LockSupport.java:215)
        at java.util.concurrent.locks.AbstractQueuedSynchronizer$ConditionObject.awaitNanos(AbstractQueuedSynchronizer.java:2078)
        at java.util.concurrent.LinkedBlockingQueue.poll(LinkedBlockingQueue.java:467)
        at org.apache.hadoop.ipc.CallQueueManager.take(CallQueueManager.java:317)
        at org.apache.hadoop.ipc.Server$Handler.run(Server.java:3014)
"IPC Server handler 48 on default port 15002" daemon prio=5 tid=304 timed_waiting
java.lang.Thread.State: TIMED_WAITING
        at sun.misc.Unsafe.park(Native Method)
        at java.util.concurrent.locks.LockSupport.parkNanos(LockSupport.java:215)
        at java.util.concurrent.locks.AbstractQueuedSynchronizer$ConditionObject.awaitNanos(AbstractQueuedSynchronizer.java:2078)
        at java.util.concurrent.LinkedBlockingQueue.poll(LinkedBlockingQueue.java:467)
        at org.apache.hadoop.ipc.CallQueueManager.take(CallQueueManager.java:317)
        at org.apache.hadoop.ipc.Server$Handler.run(Server.java:3014)
"JvmPauseMonitor1" daemon prio=5 tid=390 timed_waiting
java.lang.Thread.State: TIMED_WAITING
        at java.lang.Thread.sleep(Native Method)
        at java.lang.Thread.sleep(Thread.java:342)
        at java.util.concurrent.TimeUnit.sleep(TimeUnit.java:386)
        at org.apache.ratis.util.TimeDuration.sleep(TimeDuration.java:353)
        at org.apache.ratis.util.TimeDuration.sleep(TimeDuration.java:338)
        at org.apache.ratis.util.JvmPauseMonitor.detectPause(JvmPauseMonitor.java:160)
        at org.apache.ratis.util.JvmPauseMonitor.run(JvmPauseMonitor.java:149)
        at org.apache.ratis.util.JvmPauseMonitor$$Lambda$626/349677922.run(Unknown Source)
        at java.lang.Thread.run(Thread.java:750)
"d1715241-1ffa-4146-b219-94c9c0fc171f@group-89087E71B146-cacheEviction-AwaitToRun" daemon prio=5 tid=1122 in Object.wait()
java.lang.Thread.State: WAITING (on object monitor)
        at sun.misc.Unsafe.park(Native Method)
        at java.util.concurrent.locks.LockSupport.park(LockSupport.java:175)
        at java.util.concurrent.locks.AbstractQueuedSynchronizer$ConditionObject.await(AbstractQueuedSynchronizer.java:2039)
        at org.apache.ratis.util.AwaitForSignal.await(AwaitForSignal.java:48)
        at org.apache.ratis.util.AwaitToRun$RunnableImpl.run(AwaitToRun.java:47)
        at java.lang.Thread.run(Thread.java:750)
"IPC Server handler 45 on default port 15001" daemon prio=5 tid=201 timed_waiting
java.lang.Thread.State: TIMED_WAITING
        at sun.misc.Unsafe.park(Native Method)
        at java.util.concurrent.locks.LockSupport.parkNanos(LockSupport.java:215)
        at java.util.concurrent.locks.AbstractQueuedSynchronizer$ConditionObject.awaitNanos(AbstractQueuedSynchronizer.java:2078)
        at java.util.concurrent.LinkedBlockingQueue.poll(LinkedBlockingQueue.java:467)
        at org.apache.hadoop.ipc.CallQueueManager.take(CallQueueManager.java:317)
        at org.apache.hadoop.ipc.Server$Handler.run(Server.java:3014)
"IPC Server handler 72 on default port 15001" daemon prio=5 tid=228 timed_waiting
java.lang.Thread.State: TIMED_WAITING
        at sun.misc.Unsafe.park(Native Method)
        at java.util.concurrent.locks.LockSupport.parkNanos(LockSupport.java:215)
        at java.util.concurrent.locks.AbstractQueuedSynchronizer$ConditionObject.awaitNanos(AbstractQueuedSynchronizer.java:2078)
        at java.util.concurrent.LinkedBlockingQueue.poll(LinkedBlockingQueue.java:467)
        at org.apache.hadoop.ipc.CallQueueManager.take(CallQueueManager.java:317)
        at org.apache.hadoop.ipc.Server$Handler.run(Server.java:3014)
"IPC Server handler 9 on default port 15002" daemon prio=5 tid=265 timed_waiting
java.lang.Thread.State: TIMED_WAITING
        at sun.misc.Unsafe.park(Native Method)
        at java.util.concurrent.locks.LockSupport.parkNanos(LockSupport.java:215)
        at java.util.concurrent.locks.AbstractQueuedSynchronizer$ConditionObject.awaitNanos(AbstractQueuedSynchronizer.java:2078)
        at java.util.concurrent.LinkedBlockingQueue.poll(LinkedBlockingQueue.java:467)
        at org.apache.hadoop.ipc.CallQueueManager.take(CallQueueManager.java:317)
        at org.apache.hadoop.ipc.Server$Handler.run(Server.java:3014)
"cc1e4d3c-2283-4c28-b737-db868cb45369-PipelineCommandHandlerThread-0"  prio=5 tid=840 in Object.wait()
java.lang.Thread.State: WAITING (on object monitor)
        at sun.misc.Unsafe.park(Native Method)
        at java.util.concurrent.locks.LockSupport.park(LockSupport.java:175)
        at java.util.concurrent.locks.AbstractQueuedSynchronizer$ConditionObject.await(AbstractQueuedSynchronizer.java:2039)
        at java.util.concurrent.LinkedBlockingQueue.take(LinkedBlockingQueue.java:442)
        at java.util.concurrent.ThreadPoolExecutor.getTask(ThreadPoolExecutor.java:1074)
        at java.util.concurrent.ThreadPoolExecutor.runWorker(ThreadPoolExecutor.java:1134)
        at java.util.concurrent.ThreadPoolExecutor$Worker.run(ThreadPoolExecutor.java:624)
        at java.lang.Thread.run(Thread.java:750)
"IPC Server handler 70 on default port 15002" daemon prio=5 tid=326 timed_waiting
java.lang.Thread.State: TIMED_WAITING
        at sun.misc.Unsafe.park(Native Method)
        at java.util.concurrent.locks.LockSupport.parkNanos(LockSupport.java:215)
        at java.util.concurrent.locks.AbstractQueuedSynchronizer$ConditionObject.awaitNanos(AbstractQueuedSynchronizer.java:2078)
        at java.util.concurrent.LinkedBlockingQueue.poll(LinkedBlockingQueue.java:467)
        at org.apache.hadoop.ipc.CallQueueManager.take(CallQueueManager.java:317)
        at org.apache.hadoop.ipc.Server$Handler.run(Server.java:3014)
"IPC Server handler 11 on default port 15001" daemon prio=5 tid=167 timed_waiting
java.lang.Thread.State: TIMED_WAITING
        at sun.misc.Unsafe.park(Native Method)
        at java.util.concurrent.locks.LockSupport.parkNanos(LockSupport.java:215)
        at java.util.concurrent.locks.AbstractQueuedSynchronizer$ConditionObject.awaitNanos(AbstractQueuedSynchronizer.java:2078)
        at java.util.concurrent.LinkedBlockingQueue.poll(LinkedBlockingQueue.java:467)
        at org.apache.hadoop.ipc.CallQueueManager.take(CallQueueManager.java:317)
        at org.apache.hadoop.ipc.Server$Handler.run(Server.java:3014)
"qtp226609535-642" daemon prio=5 tid=642 timed_waiting
java.lang.Thread.State: TIMED_WAITING
        at sun.misc.Unsafe.park(Native Method)
        at java.util.concurrent.locks.LockSupport.parkNanos(LockSupport.java:215)
        at java.util.concurrent.locks.AbstractQueuedSynchronizer$ConditionObject.awaitNanos(AbstractQueuedSynchronizer.java:2078)
        at org.eclipse.jetty.util.BlockingArrayQueue.poll(BlockingArrayQueue.java:382)
        at org.eclipse.jetty.util.thread.QueuedThreadPool$Runner.idleJobPoll(QueuedThreadPool.java:974)
        at org.eclipse.jetty.util.thread.QueuedThreadPool$Runner.run(QueuedThreadPool.java:1018)
        at java.lang.Thread.run(Thread.java:750)
"a40aef6e-dfc7-4141-9a41-17d72bf4eeff@group-82A21D15CBF7-FollowerState" daemon prio=5 tid=1162 timed_waiting
java.lang.Thread.State: TIMED_WAITING
        at java.lang.Thread.sleep(Native Method)
        at java.lang.Thread.sleep(Thread.java:342)
        at java.util.concurrent.TimeUnit.sleep(TimeUnit.java:386)
        at org.apache.ratis.util.TimeDuration.sleep(TimeDuration.java:353)
        at org.apache.ratis.util.TimeDuration.sleep(TimeDuration.java:338)
        at org.apache.ratis.server.impl.FollowerState.run(FollowerState.java:128)
"IPC Server handler 42 on default port 15009" daemon prio=5 tid=511 timed_waiting
java.lang.Thread.State: TIMED_WAITING
        at sun.misc.Unsafe.park(Native Method)
        at java.util.concurrent.locks.LockSupport.parkNanos(LockSupport.java:215)
        at java.util.concurrent.locks.AbstractQueuedSynchronizer$ConditionObject.awaitNanos(AbstractQueuedSynchronizer.java:2078)
        at java.util.concurrent.LinkedBlockingQueue.poll(LinkedBlockingQueue.java:467)
        at org.apache.hadoop.ipc.CallQueueManager.take(CallQueueManager.java:317)
        at org.apache.hadoop.ipc.Server$Handler.run(Server.java:3014)
"IPC Server handler 91 on default port 15000" daemon prio=5 tid=147 timed_waiting
java.lang.Thread.State: TIMED_WAITING
        at sun.misc.Unsafe.park(Native Method)
        at java.util.concurrent.locks.LockSupport.parkNanos(LockSupport.java:215)
        at java.util.concurrent.locks.AbstractQueuedSynchronizer$ConditionObject.awaitNanos(AbstractQueuedSynchronizer.java:2078)
        at java.util.concurrent.LinkedBlockingQueue.poll(LinkedBlockingQueue.java:467)
        at org.apache.hadoop.ipc.CallQueueManager.take(CallQueueManager.java:317)
        at org.apache.hadoop.ipc.Server$Handler.run(Server.java:3014)
"qtp226609535-640-acceptor-0@3fd4501a-ServerConnector@1d2133d3{HTTP/1.1, (http/1.1)}{0.0.0.0:15029}" daemon prio=3 tid=640 runnable
java.lang.Thread.State: RUNNABLE
        at sun.nio.ch.ServerSocketChannelImpl.accept0(Native Method)
        at sun.nio.ch.ServerSocketChannelImpl.accept(ServerSocketChannelImpl.java:421)
        at sun.nio.ch.ServerSocketChannelImpl.accept(ServerSocketChannelImpl.java:249)
        at org.eclipse.jetty.server.ServerConnector.accept(ServerConnector.java:388)
        at org.eclipse.jetty.server.AbstractConnector$Acceptor.run(AbstractConnector.java:704)
        at org.eclipse.jetty.util.thread.QueuedThreadPool.runJob(QueuedThreadPool.java:883)
        at org.eclipse.jetty.util.thread.QueuedThreadPool$Runner.run(QueuedThreadPool.java:1034)
        at java.lang.Thread.run(Thread.java:750)
"IPC Server handler 12 on default port 15002" daemon prio=5 tid=268 timed_waiting
java.lang.Thread.State: TIMED_WAITING
        at sun.misc.Unsafe.park(Native Method)
        at java.util.concurrent.locks.LockSupport.parkNanos(LockSupport.java:215)
        at java.util.concurrent.locks.AbstractQueuedSynchronizer$ConditionObject.awaitNanos(AbstractQueuedSynchronizer.java:2078)
        at java.util.concurrent.LinkedBlockingQueue.poll(LinkedBlockingQueue.java:467)
        at org.apache.hadoop.ipc.CallQueueManager.take(CallQueueManager.java:317)
        at org.apache.hadoop.ipc.Server$Handler.run(Server.java:3014)
"IPC Server handler 18 on default port 15009" daemon prio=5 tid=487 timed_waiting
java.lang.Thread.State: TIMED_WAITING
        at sun.misc.Unsafe.park(Native Method)
        at java.util.concurrent.locks.LockSupport.parkNanos(LockSupport.java:215)
        at java.util.concurrent.locks.AbstractQueuedSynchronizer$ConditionObject.awaitNanos(AbstractQueuedSynchronizer.java:2078)
        at java.util.concurrent.LinkedBlockingQueue.poll(LinkedBlockingQueue.java:467)
        at org.apache.hadoop.ipc.CallQueueManager.take(CallQueueManager.java:317)
        at org.apache.hadoop.ipc.Server$Handler.run(Server.java:3014)
"timer7" daemon prio=5 tid=942 timed_waiting
java.lang.Thread.State: TIMED_WAITING
        at java.lang.Object.wait(Native Method)
        at java.util.TimerThread.mainLoop(Timer.java:552)
        at java.util.TimerThread.run(Timer.java:505)
"ceb25050-cf9f-4852-a13e-a5ff0cf3b4d2-DatanodeReportManager-3" daemon prio=5 tid=712 in Object.wait()
java.lang.Thread.State: WAITING (on object monitor)
        at sun.misc.Unsafe.park(Native Method)
        at java.util.concurrent.locks.LockSupport.park(LockSupport.java:175)
        at java.util.concurrent.locks.AbstractQueuedSynchronizer$ConditionObject.await(AbstractQueuedSynchronizer.java:2039)
        at java.util.concurrent.ScheduledThreadPoolExecutor$DelayedWorkQueue.take(ScheduledThreadPoolExecutor.java:1088)
        at java.util.concurrent.ScheduledThreadPoolExecutor$DelayedWorkQueue.take(ScheduledThreadPoolExecutor.java:809)
        at java.util.concurrent.ThreadPoolExecutor.getTask(ThreadPoolExecutor.java:1074)
        at java.util.concurrent.ThreadPoolExecutor.runWorker(ThreadPoolExecutor.java:1134)
        at java.util.concurrent.ThreadPoolExecutor$Worker.run(ThreadPoolExecutor.java:624)
        at java.lang.Thread.run(Thread.java:750)
"IPC Server handler 89 on default port 15002" daemon prio=5 tid=345 timed_waiting
java.lang.Thread.State: TIMED_WAITING
        at sun.misc.Unsafe.park(Native Method)
        at java.util.concurrent.locks.LockSupport.parkNanos(LockSupport.java:215)
        at java.util.concurrent.locks.AbstractQueuedSynchronizer$ConditionObject.awaitNanos(AbstractQueuedSynchronizer.java:2078)
        at java.util.concurrent.LinkedBlockingQueue.poll(LinkedBlockingQueue.java:467)
        at org.apache.hadoop.ipc.CallQueueManager.take(CallQueueManager.java:317)
        at org.apache.hadoop.ipc.Server$Handler.run(Server.java:3014)
"IPC Server handler 24 on default port 15000" daemon prio=5 tid=80 timed_waiting
java.lang.Thread.State: TIMED_WAITING
        at sun.misc.Unsafe.park(Native Method)
        at java.util.concurrent.locks.LockSupport.parkNanos(LockSupport.java:215)
        at java.util.concurrent.locks.AbstractQueuedSynchronizer$ConditionObject.awaitNanos(AbstractQueuedSynchronizer.java:2078)
        at java.util.concurrent.LinkedBlockingQueue.poll(LinkedBlockingQueue.java:467)
        at org.apache.hadoop.ipc.CallQueueManager.take(CallQueueManager.java:317)
        at org.apache.hadoop.ipc.Server$Handler.run(Server.java:3014)
"IPC Server handler 99 on default port 15001" daemon prio=5 tid=255 timed_waiting
java.lang.Thread.State: TIMED_WAITING
        at sun.misc.Unsafe.park(Native Method)
        at java.util.concurrent.locks.LockSupport.parkNanos(LockSupport.java:215)
        at java.util.concurrent.locks.AbstractQueuedSynchronizer$ConditionObject.awaitNanos(AbstractQueuedSynchronizer.java:2078)
        at java.util.concurrent.LinkedBlockingQueue.poll(LinkedBlockingQueue.java:467)
        at org.apache.hadoop.ipc.CallQueueManager.take(CallQueueManager.java:317)
        at org.apache.hadoop.ipc.Server$Handler.run(Server.java:3014)
"IPC Server handler 29 on default port 15009" daemon prio=5 tid=498 timed_waiting
java.lang.Thread.State: TIMED_WAITING
        at sun.misc.Unsafe.park(Native Method)
        at java.util.concurrent.locks.LockSupport.parkNanos(LockSupport.java:215)
        at java.util.concurrent.locks.AbstractQueuedSynchronizer$ConditionObject.awaitNanos(AbstractQueuedSynchronizer.java:2078)
        at java.util.concurrent.LinkedBlockingQueue.poll(LinkedBlockingQueue.java:467)
        at org.apache.hadoop.ipc.CallQueueManager.take(CallQueueManager.java:317)
        at org.apache.hadoop.ipc.Server$Handler.run(Server.java:3014)
"IPC Server handler 6 on default port 15001" daemon prio=5 tid=162 timed_waiting
java.lang.Thread.State: TIMED_WAITING
        at sun.misc.Unsafe.park(Native Method)
        at java.util.concurrent.locks.LockSupport.parkNanos(LockSupport.java:215)
        at java.util.concurrent.locks.AbstractQueuedSynchronizer$ConditionObject.awaitNanos(AbstractQueuedSynchronizer.java:2078)
        at java.util.concurrent.LinkedBlockingQueue.poll(LinkedBlockingQueue.java:467)
        at org.apache.hadoop.ipc.CallQueueManager.take(CallQueueManager.java:317)
        at org.apache.hadoop.ipc.Server$Handler.run(Server.java:3014)
"IPC Server handler 99 on default port 15009" daemon prio=5 tid=568 timed_waiting
java.lang.Thread.State: TIMED_WAITING
        at sun.misc.Unsafe.park(Native Method)
        at java.util.concurrent.locks.LockSupport.parkNanos(LockSupport.java:215)
        at java.util.concurrent.locks.AbstractQueuedSynchronizer$ConditionObject.awaitNanos(AbstractQueuedSynchronizer.java:2078)
        at java.util.concurrent.LinkedBlockingQueue.poll(LinkedBlockingQueue.java:467)
        at org.apache.hadoop.ipc.CallQueueManager.take(CallQueueManager.java:317)
        at org.apache.hadoop.ipc.Server$Handler.run(Server.java:3014)
"IPC Server handler 7 on default port 15000" daemon prio=5 tid=63 timed_waiting
java.lang.Thread.State: TIMED_WAITING
        at sun.misc.Unsafe.park(Native Method)
        at java.util.concurrent.locks.LockSupport.parkNanos(LockSupport.java:215)
        at java.util.concurrent.locks.AbstractQueuedSynchronizer$ConditionObject.awaitNanos(AbstractQueuedSynchronizer.java:2078)
        at java.util.concurrent.LinkedBlockingQueue.poll(LinkedBlockingQueue.java:467)
        at org.apache.hadoop.ipc.CallQueueManager.take(CallQueueManager.java:317)
        at org.apache.hadoop.ipc.Server$Handler.run(Server.java:3014)
"OverReplicatedProcessor" daemon prio=5 tid=27 timed_waiting
java.lang.Thread.State: TIMED_WAITING
        at java.lang.Object.wait(Native Method)
        at org.apache.hadoop.hdds.scm.container.replication.UnhealthyReplicationProcessor.run(UnhealthyReplicationProcessor.java:174)
        at java.lang.Thread.run(Thread.java:750)
"StaleRecoveringContainerScrubbingService#0" daemon prio=5 tid=812 in Object.wait()
java.lang.Thread.State: WAITING (on object monitor)
        at sun.misc.Unsafe.park(Native Method)
        at java.util.concurrent.locks.LockSupport.park(LockSupport.java:175)
        at java.util.concurrent.locks.AbstractQueuedSynchronizer$ConditionObject.await(AbstractQueuedSynchronizer.java:2039)
        at java.util.concurrent.ScheduledThreadPoolExecutor$DelayedWorkQueue.take(ScheduledThreadPoolExecutor.java:1088)
        at java.util.concurrent.ScheduledThreadPoolExecutor$DelayedWorkQueue.take(ScheduledThreadPoolExecutor.java:809)
        at java.util.concurrent.ThreadPoolExecutor.getTask(ThreadPoolExecutor.java:1074)
        at java.util.concurrent.ThreadPoolExecutor.runWorker(ThreadPoolExecutor.java:1134)
        at java.util.concurrent.ThreadPoolExecutor$Worker.run(ThreadPoolExecutor.java:624)
        at java.lang.Thread.run(Thread.java:750)
"qtp2139799663-403" daemon prio=5 tid=403 runnable
java.lang.Thread.State: RUNNABLE
        at sun.nio.ch.EPollArrayWrapper.epollWait(Native Method)
        at sun.nio.ch.EPollArrayWrapper.poll(EPollArrayWrapper.java:269)
        at sun.nio.ch.EPollSelectorImpl.doSelect(EPollSelectorImpl.java:93)
        at sun.nio.ch.SelectorImpl.lockAndDoSelect(SelectorImpl.java:86)
        at sun.nio.ch.SelectorImpl.select(SelectorImpl.java:97)
        at sun.nio.ch.SelectorImpl.select(SelectorImpl.java:101)
        at org.eclipse.jetty.io.ManagedSelector.nioSelect(ManagedSelector.java:183)
        at org.eclipse.jetty.io.ManagedSelector.select(ManagedSelector.java:190)
        at org.eclipse.jetty.io.ManagedSelector$SelectorProducer.select(ManagedSelector.java:606)
        at org.eclipse.jetty.io.ManagedSelector$SelectorProducer.produce(ManagedSelector.java:543)
        at org.eclipse.jetty.util.thread.strategy.EatWhatYouKill.produceTask(EatWhatYouKill.java:362)
        at org.eclipse.jetty.util.thread.strategy.EatWhatYouKill.doProduce(EatWhatYouKill.java:186)
        at org.eclipse.jetty.util.thread.strategy.EatWhatYouKill.tryProduce(EatWhatYouKill.java:173)
        at org.eclipse.jetty.util.thread.strategy.EatWhatYouKill.produce(EatWhatYouKill.java:137)
        at org.eclipse.jetty.io.ManagedSelector$$Lambda$666/1273065937.run(Unknown Source)
        at org.eclipse.jetty.util.thread.QueuedThreadPool.runJob(QueuedThreadPool.java:883)
        at org.eclipse.jetty.util.thread.QueuedThreadPool$Runner.run(QueuedThreadPool.java:1034)
        at java.lang.Thread.run(Thread.java:750)
"59c3495a-7636-40f9-8dfa-c28be8e98abd-CommandProcessorThread" daemon prio=5 tid=602 timed_waiting
java.lang.Thread.State: TIMED_WAITING
        at java.lang.Thread.sleep(Native Method)
        at org.apache.hadoop.ozone.container.common.statemachine.DatanodeStateMachine.lambda$initCommandHandlerThread$4(DatanodeStateMachine.java:684)
        at org.apache.hadoop.ozone.container.common.statemachine.DatanodeStateMachine$$Lambda$1468/14604698.run(Unknown Source)
        at java.lang.Thread.run(Thread.java:750)
"SSL Certificates Store Monitor" daemon prio=5 tid=1065 in Object.wait()
java.lang.Thread.State: WAITING (on object monitor)
        at java.lang.Object.wait(Native Method)
        at java.lang.Object.wait(Object.java:502)
        at java.util.TimerThread.mainLoop(Timer.java:526)
        at java.util.TimerThread.run(Timer.java:505)
"IPC Server Responder" daemon prio=5 tid=621 runnable
java.lang.Thread.State: RUNNABLE
        at sun.nio.ch.EPollArrayWrapper.epollWait(Native Method)
        at sun.nio.ch.EPollArrayWrapper.poll(EPollArrayWrapper.java:269)
        at sun.nio.ch.EPollSelectorImpl.doSelect(EPollSelectorImpl.java:93)
        at sun.nio.ch.SelectorImpl.lockAndDoSelect(SelectorImpl.java:86)
        at sun.nio.ch.SelectorImpl.select(SelectorImpl.java:97)
        at org.apache.hadoop.ipc.Server$Responder.doRunLoop(Server.java:1582)
        at org.apache.hadoop.ipc.Server$Responder.run(Server.java:1565)
"IPC Server handler 48 on default port 15001" daemon prio=5 tid=204 timed_waiting
java.lang.Thread.State: TIMED_WAITING
        at sun.misc.Unsafe.park(Native Method)
        at java.util.concurrent.locks.LockSupport.parkNanos(LockSupport.java:215)
        at java.util.concurrent.locks.AbstractQueuedSynchronizer$ConditionObject.awaitNanos(AbstractQueuedSynchronizer.java:2078)
        at java.util.concurrent.LinkedBlockingQueue.poll(LinkedBlockingQueue.java:467)
        at org.apache.hadoop.ipc.CallQueueManager.take(CallQueueManager.java:317)
        at org.apache.hadoop.ipc.Server$Handler.run(Server.java:3014)
"grpc-default-executor-2" daemon prio=5 tid=866 timed_waiting
java.lang.Thread.State: TIMED_WAITING
        at sun.misc.Unsafe.park(Native Method)
        at java.util.concurrent.locks.LockSupport.parkNanos(LockSupport.java:215)
        at java.util.concurrent.SynchronousQueue$TransferStack.awaitFulfill(SynchronousQueue.java:460)
        at java.util.concurrent.SynchronousQueue$TransferStack.transfer(SynchronousQueue.java:362)
        at java.util.concurrent.SynchronousQueue.poll(SynchronousQueue.java:941)
        at java.util.concurrent.ThreadPoolExecutor.getTask(ThreadPoolExecutor.java:1073)
        at java.util.concurrent.ThreadPoolExecutor.runWorker(ThreadPoolExecutor.java:1134)
        at java.util.concurrent.ThreadPoolExecutor$Worker.run(ThreadPoolExecutor.java:624)
        at java.lang.Thread.run(Thread.java:750)
"qtp462164160-615" daemon prio=5 tid=615 timed_waiting
java.lang.Thread.State: TIMED_WAITING
        at sun.misc.Unsafe.park(Native Method)
        at java.util.concurrent.locks.LockSupport.parkNanos(LockSupport.java:215)
        at java.util.concurrent.locks.AbstractQueuedSynchronizer$ConditionObject.awaitNanos(AbstractQueuedSynchronizer.java:2078)
        at org.eclipse.jetty.util.BlockingArrayQueue.poll(BlockingArrayQueue.java:382)
        at org.eclipse.jetty.util.thread.QueuedThreadPool$Runner.idleJobPoll(QueuedThreadPool.java:974)
        at org.eclipse.jetty.util.thread.QueuedThreadPool$Runner.run(QueuedThreadPool.java:1018)
        at java.lang.Thread.run(Thread.java:750)
"IPC Server handler 27 on default port 15002" daemon prio=5 tid=283 timed_waiting
java.lang.Thread.State: TIMED_WAITING
        at sun.misc.Unsafe.park(Native Method)
        at java.util.concurrent.locks.LockSupport.parkNanos(LockSupport.java:215)
        at java.util.concurrent.locks.AbstractQueuedSynchronizer$ConditionObject.awaitNanos(AbstractQueuedSynchronizer.java:2078)
        at java.util.concurrent.LinkedBlockingQueue.poll(LinkedBlockingQueue.java:467)
        at org.apache.hadoop.ipc.CallQueueManager.take(CallQueueManager.java:317)
        at org.apache.hadoop.ipc.Server$Handler.run(Server.java:3014)
"IPC Server handler 0 on default port 15030" daemon prio=5 tid=651 timed_waiting
java.lang.Thread.State: TIMED_WAITING
        at sun.misc.Unsafe.park(Native Method)
        at java.util.concurrent.locks.LockSupport.parkNanos(LockSupport.java:215)
        at java.util.concurrent.locks.AbstractQueuedSynchronizer$ConditionObject.awaitNanos(AbstractQueuedSynchronizer.java:2078)
        at java.util.concurrent.LinkedBlockingQueue.poll(LinkedBlockingQueue.java:467)
        at org.apache.hadoop.ipc.CallQueueManager.take(CallQueueManager.java:317)
        at org.apache.hadoop.ipc.Server$Handler.run(Server.java:3014)
"Socket Reader #1 for port 15012"  prio=5 tid=591 runnable
java.lang.Thread.State: RUNNABLE
        at sun.nio.ch.EPollArrayWrapper.epollWait(Native Method)
        at sun.nio.ch.EPollArrayWrapper.poll(EPollArrayWrapper.java:269)
        at sun.nio.ch.EPollSelectorImpl.doSelect(EPollSelectorImpl.java:93)
        at sun.nio.ch.SelectorImpl.lockAndDoSelect(SelectorImpl.java:86)
        at sun.nio.ch.SelectorImpl.select(SelectorImpl.java:97)
        at sun.nio.ch.SelectorImpl.select(SelectorImpl.java:101)
        at org.apache.hadoop.ipc.Server$Listener$Reader.doRunLoop(Server.java:1346)
        at org.apache.hadoop.ipc.Server$Listener$Reader.run(Server.java:1325)
"IPC Server handler 97 on default port 15009" daemon prio=5 tid=566 timed_waiting
java.lang.Thread.State: TIMED_WAITING
        at sun.misc.Unsafe.park(Native Method)
        at java.util.concurrent.locks.LockSupport.parkNanos(LockSupport.java:215)
        at java.util.concurrent.locks.AbstractQueuedSynchronizer$ConditionObject.awaitNanos(AbstractQueuedSynchronizer.java:2078)
        at java.util.concurrent.LinkedBlockingQueue.poll(LinkedBlockingQueue.java:467)
        at org.apache.hadoop.ipc.CallQueueManager.take(CallQueueManager.java:317)
        at org.apache.hadoop.ipc.Server$Handler.run(Server.java:3014)
"grpc-default-executor-3" daemon prio=5 tid=911 timed_waiting
java.lang.Thread.State: TIMED_WAITING
        at sun.misc.Unsafe.park(Native Method)
        at java.util.concurrent.locks.LockSupport.parkNanos(LockSupport.java:215)
        at java.util.concurrent.SynchronousQueue$TransferStack.awaitFulfill(SynchronousQueue.java:460)
        at java.util.concurrent.SynchronousQueue$TransferStack.transfer(SynchronousQueue.java:362)
        at java.util.concurrent.SynchronousQueue.poll(SynchronousQueue.java:941)
        at java.util.concurrent.ThreadPoolExecutor.getTask(ThreadPoolExecutor.java:1073)
        at java.util.concurrent.ThreadPoolExecutor.runWorker(ThreadPoolExecutor.java:1134)
        at java.util.concurrent.ThreadPoolExecutor$Worker.run(ThreadPoolExecutor.java:624)
        at java.lang.Thread.run(Thread.java:750)
"om1-SstFilteringService#0" daemon prio=5 tid=398 timed_waiting
java.lang.Thread.State: TIMED_WAITING
        at sun.misc.Unsafe.park(Native Method)
        at java.util.concurrent.locks.LockSupport.parkNanos(LockSupport.java:215)
        at java.util.concurrent.locks.AbstractQueuedSynchronizer$ConditionObject.awaitNanos(AbstractQueuedSynchronizer.java:2078)
        at java.util.concurrent.ScheduledThreadPoolExecutor$DelayedWorkQueue.take(ScheduledThreadPoolExecutor.java:1093)
        at java.util.concurrent.ScheduledThreadPoolExecutor$DelayedWorkQueue.take(ScheduledThreadPoolExecutor.java:809)
        at java.util.concurrent.ThreadPoolExecutor.getTask(ThreadPoolExecutor.java:1074)
        at java.util.concurrent.ThreadPoolExecutor.runWorker(ThreadPoolExecutor.java:1134)
        at java.util.concurrent.ThreadPoolExecutor$Worker.run(ThreadPoolExecutor.java:624)
        at java.lang.Thread.run(Thread.java:750)
"ReconTaskThread-0"  prio=5 tid=1035 in Object.wait()
java.lang.Thread.State: WAITING (on object monitor)
        at sun.misc.Unsafe.park(Native Method)
        at java.util.concurrent.locks.LockSupport.park(LockSupport.java:175)
        at java.util.concurrent.locks.AbstractQueuedSynchronizer$ConditionObject.await(AbstractQueuedSynchronizer.java:2039)
        at java.util.concurrent.LinkedBlockingQueue.take(LinkedBlockingQueue.java:442)
        at java.util.concurrent.ThreadPoolExecutor.getTask(ThreadPoolExecutor.java:1074)
        at java.util.concurrent.ThreadPoolExecutor.runWorker(ThreadPoolExecutor.java:1134)
        at java.util.concurrent.ThreadPoolExecutor$Worker.run(ThreadPoolExecutor.java:624)
        at java.lang.Thread.run(Thread.java:750)
"IPC Server handler 78 on default port 15002" daemon prio=5 tid=334 timed_waiting
java.lang.Thread.State: TIMED_WAITING
        at sun.misc.Unsafe.park(Native Method)
        at java.util.concurrent.locks.LockSupport.parkNanos(LockSupport.java:215)
        at java.util.concurrent.locks.AbstractQueuedSynchronizer$ConditionObject.awaitNanos(AbstractQueuedSynchronizer.java:2078)
        at java.util.concurrent.LinkedBlockingQueue.poll(LinkedBlockingQueue.java:467)
        at org.apache.hadoop.ipc.CallQueueManager.take(CallQueueManager.java:317)
        at org.apache.hadoop.ipc.Server$Handler.run(Server.java:3014)
"IPC Server handler 7 on default port 15009" daemon prio=5 tid=476 timed_waiting
java.lang.Thread.State: TIMED_WAITING
        at sun.misc.Unsafe.park(Native Method)
        at java.util.concurrent.locks.LockSupport.parkNanos(LockSupport.java:215)
        at java.util.concurrent.locks.AbstractQueuedSynchronizer$ConditionObject.awaitNanos(AbstractQueuedSynchronizer.java:2078)
        at java.util.concurrent.LinkedBlockingQueue.poll(LinkedBlockingQueue.java:467)
        at org.apache.hadoop.ipc.CallQueueManager.take(CallQueueManager.java:317)
        at org.apache.hadoop.ipc.Server$Handler.run(Server.java:3014)
"ceb25050-cf9f-4852-a13e-a5ff0cf3b4d2-ChunkWriter-2-0" daemon prio=5 tid=807 in Object.wait()
java.lang.Thread.State: WAITING (on object monitor)
        at sun.misc.Unsafe.park(Native Method)
        at java.util.concurrent.locks.LockSupport.park(LockSupport.java:175)
        at java.util.concurrent.locks.AbstractQueuedSynchronizer$ConditionObject.await(AbstractQueuedSynchronizer.java:2039)
        at java.util.concurrent.LinkedBlockingDeque.takeFirst(LinkedBlockingDeque.java:492)
        at java.util.concurrent.LinkedBlockingDeque.take(LinkedBlockingDeque.java:680)
        at java.util.concurrent.ThreadPoolExecutor.getTask(ThreadPoolExecutor.java:1074)
        at java.util.concurrent.ThreadPoolExecutor.runWorker(ThreadPoolExecutor.java:1134)
        at java.util.concurrent.ThreadPoolExecutor$Worker.run(ThreadPoolExecutor.java:624)
        at java.lang.Thread.run(Thread.java:750)
"IPC Server handler 40 on default port 15002" daemon prio=5 tid=296 timed_waiting
java.lang.Thread.State: TIMED_WAITING
        at sun.misc.Unsafe.park(Native Method)
        at java.util.concurrent.locks.LockSupport.parkNanos(LockSupport.java:215)
        at java.util.concurrent.locks.AbstractQueuedSynchronizer$ConditionObject.awaitNanos(AbstractQueuedSynchronizer.java:2078)
        at java.util.concurrent.LinkedBlockingQueue.poll(LinkedBlockingQueue.java:467)
        at org.apache.hadoop.ipc.CallQueueManager.take(CallQueueManager.java:317)
        at org.apache.hadoop.ipc.Server$Handler.run(Server.java:3014)
"IPC Server handler 77 on default port 15002" daemon prio=5 tid=333 timed_waiting
java.lang.Thread.State: TIMED_WAITING
        at sun.misc.Unsafe.park(Native Method)
        at java.util.concurrent.locks.LockSupport.parkNanos(LockSupport.java:215)
        at java.util.concurrent.locks.AbstractQueuedSynchronizer$ConditionObject.awaitNanos(AbstractQueuedSynchronizer.java:2078)
        at java.util.concurrent.LinkedBlockingQueue.poll(LinkedBlockingQueue.java:467)
        at org.apache.hadoop.ipc.CallQueueManager.take(CallQueueManager.java:317)
        at org.apache.hadoop.ipc.Server$Handler.run(Server.java:3014)
"IPC Server handler 47 on default port 15002" daemon prio=5 tid=303 timed_waiting
java.lang.Thread.State: TIMED_WAITING
        at sun.misc.Unsafe.park(Native Method)
        at java.util.concurrent.locks.LockSupport.parkNanos(LockSupport.java:215)
        at java.util.concurrent.locks.AbstractQueuedSynchronizer$ConditionObject.awaitNanos(AbstractQueuedSynchronizer.java:2078)
        at java.util.concurrent.LinkedBlockingQueue.poll(LinkedBlockingQueue.java:467)
        at org.apache.hadoop.ipc.CallQueueManager.take(CallQueueManager.java:317)
        at org.apache.hadoop.ipc.Server$Handler.run(Server.java:3014)
"IPC Server handler 33 on default port 15002" daemon prio=5 tid=289 timed_waiting
java.lang.Thread.State: TIMED_WAITING
        at sun.misc.Unsafe.park(Native Method)
        at java.util.concurrent.locks.LockSupport.parkNanos(LockSupport.java:215)
        at java.util.concurrent.locks.AbstractQueuedSynchronizer$ConditionObject.awaitNanos(AbstractQueuedSynchronizer.java:2078)
        at java.util.concurrent.LinkedBlockingQueue.poll(LinkedBlockingQueue.java:467)
        at org.apache.hadoop.ipc.CallQueueManager.take(CallQueueManager.java:317)
        at org.apache.hadoop.ipc.Server$Handler.run(Server.java:3014)
"IPC Server handler 49 on default port 15002" daemon prio=5 tid=305 timed_waiting
java.lang.Thread.State: TIMED_WAITING
        at sun.misc.Unsafe.park(Native Method)
        at java.util.concurrent.locks.LockSupport.parkNanos(LockSupport.java:215)
        at java.util.concurrent.locks.AbstractQueuedSynchronizer$ConditionObject.awaitNanos(AbstractQueuedSynchronizer.java:2078)
        at java.util.concurrent.LinkedBlockingQueue.poll(LinkedBlockingQueue.java:467)
        at org.apache.hadoop.ipc.CallQueueManager.take(CallQueueManager.java:317)
        at org.apache.hadoop.ipc.Server$Handler.run(Server.java:3014)
"IPC Server handler 59 on default port 15009" daemon prio=5 tid=528 timed_waiting
java.lang.Thread.State: TIMED_WAITING
        at sun.misc.Unsafe.park(Native Method)
        at java.util.concurrent.locks.LockSupport.parkNanos(LockSupport.java:215)
        at java.util.concurrent.locks.AbstractQueuedSynchronizer$ConditionObject.awaitNanos(AbstractQueuedSynchronizer.java:2078)
        at java.util.concurrent.LinkedBlockingQueue.poll(LinkedBlockingQueue.java:467)
        at org.apache.hadoop.ipc.CallQueueManager.take(CallQueueManager.java:317)
        at org.apache.hadoop.ipc.Server$Handler.run(Server.java:3014)
"IPC Server handler 3 on default port 15004" daemon prio=5 tid=415 timed_waiting
java.lang.Thread.State: TIMED_WAITING
        at sun.misc.Unsafe.park(Native Method)
        at java.util.concurrent.locks.LockSupport.parkNanos(LockSupport.java:215)
        at java.util.concurrent.locks.AbstractQueuedSynchronizer$ConditionObject.awaitNanos(AbstractQueuedSynchronizer.java:2078)
        at java.util.concurrent.LinkedBlockingQueue.poll(LinkedBlockingQueue.java:467)
        at org.apache.hadoop.ipc.CallQueueManager.take(CallQueueManager.java:317)
        at org.apache.hadoop.ipc.Server$Handler.run(Server.java:3014)
"IPC Server Responder" daemon prio=5 tid=649 runnable
java.lang.Thread.State: RUNNABLE
        at sun.nio.ch.EPollArrayWrapper.epollWait(Native Method)
        at sun.nio.ch.EPollArrayWrapper.poll(EPollArrayWrapper.java:269)
        at sun.nio.ch.EPollSelectorImpl.doSelect(EPollSelectorImpl.java:93)
        at sun.nio.ch.SelectorImpl.lockAndDoSelect(SelectorImpl.java:86)
        at sun.nio.ch.SelectorImpl.select(SelectorImpl.java:97)
        at org.apache.hadoop.ipc.Server$Responder.doRunLoop(Server.java:1582)
        at org.apache.hadoop.ipc.Server$Responder.run(Server.java:1565)
"qtp226609535-643" daemon prio=5 tid=643 timed_waiting
java.lang.Thread.State: TIMED_WAITING
        at sun.misc.Unsafe.park(Native Method)
        at java.util.concurrent.locks.LockSupport.parkNanos(LockSupport.java:215)
        at java.util.concurrent.locks.AbstractQueuedSynchronizer$ConditionObject.awaitNanos(AbstractQueuedSynchronizer.java:2078)
        at org.eclipse.jetty.util.BlockingArrayQueue.poll(BlockingArrayQueue.java:382)
        at org.eclipse.jetty.util.thread.QueuedThreadPool$Runner.idleJobPoll(QueuedThreadPool.java:974)
        at org.eclipse.jetty.util.thread.QueuedThreadPool$Runner.run(QueuedThreadPool.java:1018)
        at java.lang.Thread.run(Thread.java:750)
"IPC Server handler 55 on default port 15000" daemon prio=5 tid=111 timed_waiting
java.lang.Thread.State: TIMED_WAITING
        at sun.misc.Unsafe.park(Native Method)
        at java.util.concurrent.locks.LockSupport.parkNanos(LockSupport.java:215)
        at java.util.concurrent.locks.AbstractQueuedSynchronizer$ConditionObject.awaitNanos(AbstractQueuedSynchronizer.java:2078)
        at java.util.concurrent.LinkedBlockingQueue.poll(LinkedBlockingQueue.java:467)
        at org.apache.hadoop.ipc.CallQueueManager.take(CallQueueManager.java:317)
        at org.apache.hadoop.ipc.Server$Handler.run(Server.java:3014)
"IPC Server handler 14 on default port 15000" daemon prio=5 tid=70 timed_waiting
java.lang.Thread.State: TIMED_WAITING
        at sun.misc.Unsafe.park(Native Method)
        at java.util.concurrent.locks.LockSupport.parkNanos(LockSupport.java:215)
        at java.util.concurrent.locks.AbstractQueuedSynchronizer$ConditionObject.awaitNanos(AbstractQueuedSynchronizer.java:2078)
        at java.util.concurrent.LinkedBlockingQueue.poll(LinkedBlockingQueue.java:467)
        at org.apache.hadoop.ipc.CallQueueManager.take(CallQueueManager.java:317)
        at org.apache.hadoop.ipc.Server$Handler.run(Server.java:3014)
"59c3495a-7636-40f9-8dfa-c28be8e98abd-EndpointStateMachineTaskThread-/0.0.0.0:15009-0 "  prio=5 tid=718 in Object.wait()
java.lang.Thread.State: WAITING (on object monitor)
        at sun.misc.Unsafe.park(Native Method)
        at java.util.concurrent.locks.LockSupport.park(LockSupport.java:175)
        at java.util.concurrent.locks.AbstractQueuedSynchronizer$ConditionObject.await(AbstractQueuedSynchronizer.java:2039)
        at java.util.concurrent.LinkedBlockingQueue.take(LinkedBlockingQueue.java:442)
        at java.util.concurrent.ThreadPoolExecutor.getTask(ThreadPoolExecutor.java:1074)
        at java.util.concurrent.ThreadPoolExecutor.runWorker(ThreadPoolExecutor.java:1134)
        at java.util.concurrent.ThreadPoolExecutor$Worker.run(ThreadPoolExecutor.java:624)
        at java.lang.Thread.run(Thread.java:750)
"IPC Server handler 94 on default port 15009" daemon prio=5 tid=563 timed_waiting
java.lang.Thread.State: TIMED_WAITING
        at sun.misc.Unsafe.park(Native Method)
        at java.util.concurrent.locks.LockSupport.parkNanos(LockSupport.java:215)
        at java.util.concurrent.locks.AbstractQueuedSynchronizer$ConditionObject.awaitNanos(AbstractQueuedSynchronizer.java:2078)
        at java.util.concurrent.LinkedBlockingQueue.poll(LinkedBlockingQueue.java:467)
        at org.apache.hadoop.ipc.CallQueueManager.take(CallQueueManager.java:317)
        at org.apache.hadoop.ipc.Server$Handler.run(Server.java:3014)
"IPC Server handler 99 on default port 15000" daemon prio=5 tid=155 timed_waiting
java.lang.Thread.State: TIMED_WAITING
        at sun.misc.Unsafe.park(Native Method)
        at java.util.concurrent.locks.LockSupport.parkNanos(LockSupport.java:215)
        at java.util.concurrent.locks.AbstractQueuedSynchronizer$ConditionObject.awaitNanos(AbstractQueuedSynchronizer.java:2078)
        at java.util.concurrent.LinkedBlockingQueue.poll(LinkedBlockingQueue.java:467)
        at org.apache.hadoop.ipc.CallQueueManager.take(CallQueueManager.java:317)
        at org.apache.hadoop.ipc.Server$Handler.run(Server.java:3014)
"IPC Server handler 6 on default port 15002" daemon prio=5 tid=262 timed_waiting
java.lang.Thread.State: TIMED_WAITING
        at sun.misc.Unsafe.park(Native Method)
        at java.util.concurrent.locks.LockSupport.parkNanos(LockSupport.java:215)
        at java.util.concurrent.locks.AbstractQueuedSynchronizer$ConditionObject.awaitNanos(AbstractQueuedSynchronizer.java:2078)
        at java.util.concurrent.LinkedBlockingQueue.poll(LinkedBlockingQueue.java:467)
        at org.apache.hadoop.ipc.CallQueueManager.take(CallQueueManager.java:317)
        at org.apache.hadoop.ipc.Server$Handler.run(Server.java:3014)
"cc1e4d3c-2283-4c28-b737-db868cb45369@group-A7988BF88C1C-LeaderStateImpl" daemon prio=5 tid=1136 timed_waiting
java.lang.Thread.State: TIMED_WAITING
        at sun.misc.Unsafe.park(Native Method)
        at java.util.concurrent.locks.LockSupport.parkNanos(LockSupport.java:215)
        at java.util.concurrent.locks.AbstractQueuedSynchronizer$ConditionObject.awaitNanos(AbstractQueuedSynchronizer.java:2078)
        at java.util.concurrent.ArrayBlockingQueue.poll(ArrayBlockingQueue.java:418)
        at org.apache.ratis.server.impl.LeaderStateImpl$EventQueue.poll(LeaderStateImpl.java:164)
        at org.apache.ratis.server.impl.LeaderStateImpl$EventProcessor.run(LeaderStateImpl.java:762)
"ceb25050-cf9f-4852-a13e-a5ff0cf3b4d2-ChunkWriter-3-0" daemon prio=5 tid=808 in Object.wait()
java.lang.Thread.State: WAITING (on object monitor)
        at sun.misc.Unsafe.park(Native Method)
        at java.util.concurrent.locks.LockSupport.park(LockSupport.java:175)
        at java.util.concurrent.locks.AbstractQueuedSynchronizer$ConditionObject.await(AbstractQueuedSynchronizer.java:2039)
        at java.util.concurrent.LinkedBlockingDeque.takeFirst(LinkedBlockingDeque.java:492)
        at java.util.concurrent.LinkedBlockingDeque.take(LinkedBlockingDeque.java:680)
        at java.util.concurrent.ThreadPoolExecutor.getTask(ThreadPoolExecutor.java:1074)
        at java.util.concurrent.ThreadPoolExecutor.runWorker(ThreadPoolExecutor.java:1134)
        at java.util.concurrent.ThreadPoolExecutor$Worker.run(ThreadPoolExecutor.java:624)
        at java.lang.Thread.run(Thread.java:750)
"IPC Server handler 88 on default port 15000" daemon prio=5 tid=144 timed_waiting
java.lang.Thread.State: TIMED_WAITING
        at sun.misc.Unsafe.park(Native Method)
        at java.util.concurrent.locks.LockSupport.parkNanos(LockSupport.java:215)
        at java.util.concurrent.locks.AbstractQueuedSynchronizer$ConditionObject.awaitNanos(AbstractQueuedSynchronizer.java:2078)
        at java.util.concurrent.LinkedBlockingQueue.poll(LinkedBlockingQueue.java:467)
        at org.apache.hadoop.ipc.CallQueueManager.take(CallQueueManager.java:317)
        at org.apache.hadoop.ipc.Server$Handler.run(Server.java:3014)
"IPC Server handler 82 on default port 15002" daemon prio=5 tid=338 timed_waiting
java.lang.Thread.State: TIMED_WAITING
        at sun.misc.Unsafe.park(Native Method)
        at java.util.concurrent.locks.LockSupport.parkNanos(LockSupport.java:215)
        at java.util.concurrent.locks.AbstractQueuedSynchronizer$ConditionObject.awaitNanos(AbstractQueuedSynchronizer.java:2078)
        at java.util.concurrent.LinkedBlockingQueue.poll(LinkedBlockingQueue.java:467)
        at org.apache.hadoop.ipc.CallQueueManager.take(CallQueueManager.java:317)
        at org.apache.hadoop.ipc.Server$Handler.run(Server.java:3014)
"cc1e4d3c-2283-4c28-b737-db868cb45369-DatanodeReportManager-3" daemon prio=5 tid=628 in Object.wait()
java.lang.Thread.State: WAITING (on object monitor)
        at sun.misc.Unsafe.park(Native Method)
        at java.util.concurrent.locks.LockSupport.park(LockSupport.java:175)
        at java.util.concurrent.locks.AbstractQueuedSynchronizer$ConditionObject.await(AbstractQueuedSynchronizer.java:2039)
        at java.util.concurrent.ScheduledThreadPoolExecutor$DelayedWorkQueue.take(ScheduledThreadPoolExecutor.java:1088)
        at java.util.concurrent.ScheduledThreadPoolExecutor$DelayedWorkQueue.take(ScheduledThreadPoolExecutor.java:809)
        at java.util.concurrent.ThreadPoolExecutor.getTask(ThreadPoolExecutor.java:1074)
        at java.util.concurrent.ThreadPoolExecutor.runWorker(ThreadPoolExecutor.java:1134)
        at java.util.concurrent.ThreadPoolExecutor$Worker.run(ThreadPoolExecutor.java:624)
        at java.lang.Thread.run(Thread.java:750)
"JvmPauseMonitor6" daemon prio=5 tid=790 timed_waiting
java.lang.Thread.State: TIMED_WAITING
        at java.lang.Thread.sleep(Native Method)
        at java.lang.Thread.sleep(Thread.java:342)
        at java.util.concurrent.TimeUnit.sleep(TimeUnit.java:386)
        at org.apache.ratis.util.TimeDuration.sleep(TimeDuration.java:353)
        at org.apache.ratis.util.TimeDuration.sleep(TimeDuration.java:338)
        at org.apache.ratis.util.JvmPauseMonitor.detectPause(JvmPauseMonitor.java:160)
        at org.apache.ratis.util.JvmPauseMonitor.run(JvmPauseMonitor.java:149)
        at org.apache.ratis.util.JvmPauseMonitor$$Lambda$626/349677922.run(Unknown Source)
        at java.lang.Thread.run(Thread.java:750)
"IPC Server handler 97 on default port 15001" daemon prio=5 tid=253 timed_waiting
java.lang.Thread.State: TIMED_WAITING
        at sun.misc.Unsafe.park(Native Method)
        at java.util.concurrent.locks.LockSupport.parkNanos(LockSupport.java:215)
        at java.util.concurrent.locks.AbstractQueuedSynchronizer$ConditionObject.awaitNanos(AbstractQueuedSynchronizer.java:2078)
        at java.util.concurrent.LinkedBlockingQueue.poll(LinkedBlockingQueue.java:467)
        at org.apache.hadoop.ipc.CallQueueManager.take(CallQueueManager.java:317)
        at org.apache.hadoop.ipc.Server$Handler.run(Server.java:3014)
"IPC Server handler 96 on default port 15009" daemon prio=5 tid=565 timed_waiting
java.lang.Thread.State: TIMED_WAITING
        at sun.misc.Unsafe.park(Native Method)
        at java.util.concurrent.locks.LockSupport.parkNanos(LockSupport.java:215)
        at java.util.concurrent.locks.AbstractQueuedSynchronizer$ConditionObject.awaitNanos(AbstractQueuedSynchronizer.java:2078)
        at java.util.concurrent.LinkedBlockingQueue.poll(LinkedBlockingQueue.java:467)
        at org.apache.hadoop.ipc.CallQueueManager.take(CallQueueManager.java:317)
        at org.apache.hadoop.ipc.Server$Handler.run(Server.java:3014)
"ceb25050-cf9f-4852-a13e-a5ff0cf3b4d2-ChunkWriter-0-0" daemon prio=5 tid=805 in Object.wait()
java.lang.Thread.State: WAITING (on object monitor)
        at sun.misc.Unsafe.park(Native Method)
        at java.util.concurrent.locks.LockSupport.park(LockSupport.java:175)
        at java.util.concurrent.locks.AbstractQueuedSynchronizer$ConditionObject.await(AbstractQueuedSynchronizer.java:2039)
        at java.util.concurrent.LinkedBlockingDeque.takeFirst(LinkedBlockingDeque.java:492)
        at java.util.concurrent.LinkedBlockingDeque.take(LinkedBlockingDeque.java:680)
        at java.util.concurrent.ThreadPoolExecutor.getTask(ThreadPoolExecutor.java:1074)
        at java.util.concurrent.ThreadPoolExecutor.runWorker(ThreadPoolExecutor.java:1134)
        at java.util.concurrent.ThreadPoolExecutor$Worker.run(ThreadPoolExecutor.java:624)
        at java.lang.Thread.run(Thread.java:750)
"IPC Server handler 26 on default port 15002" daemon prio=5 tid=282 timed_waiting
java.lang.Thread.State: TIMED_WAITING
        at sun.misc.Unsafe.park(Native Method)
        at java.util.concurrent.locks.LockSupport.parkNanos(LockSupport.java:215)
        at java.util.concurrent.locks.AbstractQueuedSynchronizer$ConditionObject.awaitNanos(AbstractQueuedSynchronizer.java:2078)
        at java.util.concurrent.LinkedBlockingQueue.poll(LinkedBlockingQueue.java:467)
        at org.apache.hadoop.ipc.CallQueueManager.take(CallQueueManager.java:317)
        at org.apache.hadoop.ipc.Server$Handler.run(Server.java:3014)
"qtp1360692538-460" daemon prio=5 tid=460 timed_waiting
java.lang.Thread.State: TIMED_WAITING
        at sun.misc.Unsafe.park(Native Method)
        at java.util.concurrent.locks.LockSupport.parkNanos(LockSupport.java:215)
        at java.util.concurrent.SynchronousQueue$TransferStack.awaitFulfill(SynchronousQueue.java:460)
        at java.util.concurrent.SynchronousQueue$TransferStack.transfer(SynchronousQueue.java:362)
        at java.util.concurrent.SynchronousQueue.poll(SynchronousQueue.java:941)
        at org.eclipse.jetty.util.thread.ReservedThreadExecutor$ReservedThread.reservedWait(ReservedThreadExecutor.java:324)
        at org.eclipse.jetty.util.thread.ReservedThreadExecutor$ReservedThread.run(ReservedThreadExecutor.java:399)
        at org.eclipse.jetty.util.thread.QueuedThreadPool.runJob(QueuedThreadPool.java:883)
        at org.eclipse.jetty.util.thread.QueuedThreadPool$Runner.run(QueuedThreadPool.java:1034)
        at java.lang.Thread.run(Thread.java:750)
"IPC Server handler 72 on default port 15002" daemon prio=5 tid=328 timed_waiting
java.lang.Thread.State: TIMED_WAITING
        at sun.misc.Unsafe.park(Native Method)
        at java.util.concurrent.locks.LockSupport.parkNanos(LockSupport.java:215)
        at java.util.concurrent.locks.AbstractQueuedSynchronizer$ConditionObject.awaitNanos(AbstractQueuedSynchronizer.java:2078)
        at java.util.concurrent.LinkedBlockingQueue.poll(LinkedBlockingQueue.java:467)
        at org.apache.hadoop.ipc.CallQueueManager.take(CallQueueManager.java:317)
        at org.apache.hadoop.ipc.Server$Handler.run(Server.java:3014)
"IPC Server handler 65 on default port 15009" daemon prio=5 tid=534 timed_waiting
java.lang.Thread.State: TIMED_WAITING
        at sun.misc.Unsafe.park(Native Method)
        at java.util.concurrent.locks.LockSupport.parkNanos(LockSupport.java:215)
        at java.util.concurrent.locks.AbstractQueuedSynchronizer$ConditionObject.awaitNanos(AbstractQueuedSynchronizer.java:2078)
        at java.util.concurrent.LinkedBlockingQueue.poll(LinkedBlockingQueue.java:467)
        at org.apache.hadoop.ipc.CallQueueManager.take(CallQueueManager.java:317)
        at org.apache.hadoop.ipc.Server$Handler.run(Server.java:3014)
"IPC Server Responder" daemon prio=5 tid=444 runnable
java.lang.Thread.State: RUNNABLE
        at sun.nio.ch.EPollArrayWrapper.epollWait(Native Method)
        at sun.nio.ch.EPollArrayWrapper.poll(EPollArrayWrapper.java:269)
        at sun.nio.ch.EPollSelectorImpl.doSelect(EPollSelectorImpl.java:93)
        at sun.nio.ch.SelectorImpl.lockAndDoSelect(SelectorImpl.java:86)
        at sun.nio.ch.SelectorImpl.select(SelectorImpl.java:97)
        at org.apache.hadoop.ipc.Server$Responder.doRunLoop(Server.java:1582)
        at org.apache.hadoop.ipc.Server$Responder.run(Server.java:1565)
"StaleRecoveringContainerScrubbingService#1" daemon prio=5 tid=794 timed_waiting
java.lang.Thread.State: TIMED_WAITING
        at sun.misc.Unsafe.park(Native Method)
        at java.util.concurrent.locks.LockSupport.parkNanos(LockSupport.java:215)
        at java.util.concurrent.locks.AbstractQueuedSynchronizer$ConditionObject.awaitNanos(AbstractQueuedSynchronizer.java:2078)
        at java.util.concurrent.ScheduledThreadPoolExecutor$DelayedWorkQueue.take(ScheduledThreadPoolExecutor.java:1093)
        at java.util.concurrent.ScheduledThreadPoolExecutor$DelayedWorkQueue.take(ScheduledThreadPoolExecutor.java:809)
        at java.util.concurrent.ThreadPoolExecutor.getTask(ThreadPoolExecutor.java:1074)
        at java.util.concurrent.ThreadPoolExecutor.runWorker(ThreadPoolExecutor.java:1134)
        at java.util.concurrent.ThreadPoolExecutor$Worker.run(ThreadPoolExecutor.java:624)
        at java.lang.Thread.run(Thread.java:750)
"IPC Server handler 66 on default port 15009" daemon prio=5 tid=535 timed_waiting
java.lang.Thread.State: TIMED_WAITING
        at sun.misc.Unsafe.park(Native Method)
        at java.util.concurrent.locks.LockSupport.parkNanos(LockSupport.java:215)
        at java.util.concurrent.locks.AbstractQueuedSynchronizer$ConditionObject.awaitNanos(AbstractQueuedSynchronizer.java:2078)
        at java.util.concurrent.LinkedBlockingQueue.poll(LinkedBlockingQueue.java:467)
        at org.apache.hadoop.ipc.CallQueueManager.take(CallQueueManager.java:317)
        at org.apache.hadoop.ipc.Server$Handler.run(Server.java:3014)
"IPC Server handler 60 on default port 15009" daemon prio=5 tid=529 timed_waiting
java.lang.Thread.State: TIMED_WAITING
        at sun.misc.Unsafe.park(Native Method)
        at java.util.concurrent.locks.LockSupport.parkNanos(LockSupport.java:215)
        at java.util.concurrent.locks.AbstractQueuedSynchronizer$ConditionObject.awaitNanos(AbstractQueuedSynchronizer.java:2078)
        at java.util.concurrent.LinkedBlockingQueue.poll(LinkedBlockingQueue.java:467)
        at org.apache.hadoop.ipc.CallQueueManager.take(CallQueueManager.java:317)
        at org.apache.hadoop.ipc.Server$Handler.run(Server.java:3014)
"a40aef6e-dfc7-4141-9a41-17d72bf4eeff@group-82A21D15CBF7-StateMachineUpdater" daemon prio=5 tid=1146 timed_waiting
java.lang.Thread.State: TIMED_WAITING
        at sun.misc.Unsafe.park(Native Method)
        at java.util.concurrent.locks.LockSupport.parkNanos(LockSupport.java:215)
        at java.util.concurrent.locks.AbstractQueuedSynchronizer$ConditionObject.await(AbstractQueuedSynchronizer.java:2163)
        at org.apache.ratis.util.AwaitForSignal.await(AwaitForSignal.java:65)
        at org.apache.ratis.server.impl.StateMachineUpdater.waitForCommit(StateMachineUpdater.java:211)
        at org.apache.ratis.server.impl.StateMachineUpdater.run(StateMachineUpdater.java:180)
        at java.lang.Thread.run(Thread.java:750)
"StaleRecoveringContainerScrubbingService#1" daemon prio=5 tid=813 timed_waiting
java.lang.Thread.State: TIMED_WAITING
        at sun.misc.Unsafe.park(Native Method)
        at java.util.concurrent.locks.LockSupport.parkNanos(LockSupport.java:215)
        at java.util.concurrent.locks.AbstractQueuedSynchronizer$ConditionObject.awaitNanos(AbstractQueuedSynchronizer.java:2078)
        at java.util.concurrent.ScheduledThreadPoolExecutor$DelayedWorkQueue.take(ScheduledThreadPoolExecutor.java:1093)
        at java.util.concurrent.ScheduledThreadPoolExecutor$DelayedWorkQueue.take(ScheduledThreadPoolExecutor.java:809)
        at java.util.concurrent.ThreadPoolExecutor.getTask(ThreadPoolExecutor.java:1074)
        at java.util.concurrent.ThreadPoolExecutor.runWorker(ThreadPoolExecutor.java:1134)
        at java.util.concurrent.ThreadPoolExecutor$Worker.run(ThreadPoolExecutor.java:624)
        at java.lang.Thread.run(Thread.java:750)
"d1715241-1ffa-4146-b219-94c9c0fc171f-CommandProcessorThread" daemon prio=5 tid=658 timed_waiting
java.lang.Thread.State: TIMED_WAITING
        at java.lang.Thread.sleep(Native Method)
        at org.apache.hadoop.ozone.container.common.statemachine.DatanodeStateMachine.lambda$initCommandHandlerThread$4(DatanodeStateMachine.java:684)
        at org.apache.hadoop.ozone.container.common.statemachine.DatanodeStateMachine$$Lambda$1468/14604698.run(Unknown Source)
        at java.lang.Thread.run(Thread.java:750)
"FixedThreadPoolWithAffinityExecutor-2-0" daemon prio=5 tid=47 timed_waiting
java.lang.Thread.State: TIMED_WAITING
        at sun.misc.Unsafe.park(Native Method)
        at java.util.concurrent.locks.LockSupport.parkNanos(LockSupport.java:215)
        at java.util.concurrent.locks.AbstractQueuedSynchronizer$ConditionObject.awaitNanos(AbstractQueuedSynchronizer.java:2078)
        at java.util.concurrent.LinkedBlockingQueue.poll(LinkedBlockingQueue.java:467)
        at org.apache.hadoop.hdds.scm.server.ContainerReportQueue.poll(ContainerReportQueue.java:269)
        at org.apache.hadoop.hdds.scm.server.ContainerReportQueue.poll(ContainerReportQueue.java:42)
        at org.apache.hadoop.hdds.server.events.FixedThreadPoolWithAffinityExecutor$ContainerReportProcessTask.run(FixedThreadPoolWithAffinityExecutor.java:253)
        at java.util.concurrent.Executors$RunnableAdapter.call(Executors.java:511)
        at java.util.concurrent.FutureTask.run(FutureTask.java:266)
        at java.util.concurrent.ThreadPoolExecutor.runWorker(ThreadPoolExecutor.java:1149)
        at java.util.concurrent.ThreadPoolExecutor$Worker.run(ThreadPoolExecutor.java:624)
        at java.lang.Thread.run(Thread.java:750)
"qtp226609535-644" daemon prio=5 tid=644 timed_waiting
java.lang.Thread.State: TIMED_WAITING
        at sun.misc.Unsafe.park(Native Method)
        at java.util.concurrent.locks.LockSupport.parkNanos(LockSupport.java:215)
        at java.util.concurrent.locks.AbstractQueuedSynchronizer$ConditionObject.awaitNanos(AbstractQueuedSynchronizer.java:2078)
        at org.eclipse.jetty.util.BlockingArrayQueue.poll(BlockingArrayQueue.java:382)
        at org.eclipse.jetty.util.thread.QueuedThreadPool$Runner.idleJobPoll(QueuedThreadPool.java:974)
        at org.eclipse.jetty.util.thread.QueuedThreadPool$Runner.run(QueuedThreadPool.java:1018)
        at java.lang.Thread.run(Thread.java:750)
"IPC Server handler 62 on default port 15000" daemon prio=5 tid=118 timed_waiting
java.lang.Thread.State: TIMED_WAITING
        at sun.misc.Unsafe.park(Native Method)
        at java.util.concurrent.locks.LockSupport.parkNanos(LockSupport.java:215)
        at java.util.concurrent.locks.AbstractQueuedSynchronizer$ConditionObject.awaitNanos(AbstractQueuedSynchronizer.java:2078)
        at java.util.concurrent.LinkedBlockingQueue.poll(LinkedBlockingQueue.java:467)
        at org.apache.hadoop.ipc.CallQueueManager.take(CallQueueManager.java:317)
        at org.apache.hadoop.ipc.Server$Handler.run(Server.java:3014)
"d1715241-1ffa-4146-b219-94c9c0fc171f-DatanodeStateMachineTaskThread-1"  prio=5 tid=758 in Object.wait()
java.lang.Thread.State: WAITING (on object monitor)
        at sun.misc.Unsafe.park(Native Method)
        at java.util.concurrent.locks.LockSupport.park(LockSupport.java:175)
        at java.util.concurrent.locks.AbstractQueuedSynchronizer$ConditionObject.await(AbstractQueuedSynchronizer.java:2039)
        at java.util.concurrent.LinkedBlockingQueue.take(LinkedBlockingQueue.java:442)
        at java.util.concurrent.ThreadPoolExecutor.getTask(ThreadPoolExecutor.java:1074)
        at java.util.concurrent.ThreadPoolExecutor.runWorker(ThreadPoolExecutor.java:1134)
        at java.util.concurrent.ThreadPoolExecutor$Worker.run(ThreadPoolExecutor.java:624)
        at java.lang.Thread.run(Thread.java:750)
"ReplicationMonitor" daemon prio=5 tid=25 timed_waiting
java.lang.Thread.State: TIMED_WAITING
        at java.lang.Object.wait(Native Method)
        at org.apache.hadoop.hdds.scm.container.replication.ReplicationManager.run(ReplicationManager.java:931)
        at org.apache.hadoop.hdds.scm.container.replication.ReplicationManager$$Lambda$575/1322600748.run(Unknown Source)
        at java.lang.Thread.run(Thread.java:750)
"IPC Server idle connection scanner for port 15039" daemon prio=5 tid=676 timed_waiting
java.lang.Thread.State: TIMED_WAITING
        at java.lang.Object.wait(Native Method)
        at java.util.TimerThread.mainLoop(Timer.java:552)
        at java.util.TimerThread.run(Timer.java:505)
"Recon-FixedThreadPoolWithAffinityExecutor-5-0" daemon prio=5 tid=451 timed_waiting
java.lang.Thread.State: TIMED_WAITING
        at sun.misc.Unsafe.park(Native Method)
        at java.util.concurrent.locks.LockSupport.parkNanos(LockSupport.java:215)
        at java.util.concurrent.locks.AbstractQueuedSynchronizer$ConditionObject.awaitNanos(AbstractQueuedSynchronizer.java:2078)
        at java.util.concurrent.LinkedBlockingQueue.poll(LinkedBlockingQueue.java:467)
        at org.apache.hadoop.hdds.scm.server.ContainerReportQueue.poll(ContainerReportQueue.java:269)
        at org.apache.hadoop.hdds.scm.server.ContainerReportQueue.poll(ContainerReportQueue.java:42)
        at org.apache.hadoop.hdds.server.events.FixedThreadPoolWithAffinityExecutor$ContainerReportProcessTask.run(FixedThreadPoolWithAffinityExecutor.java:253)
        at java.util.concurrent.Executors$RunnableAdapter.call(Executors.java:511)
        at java.util.concurrent.FutureTask.run(FutureTask.java:266)
        at java.util.concurrent.ThreadPoolExecutor.runWorker(ThreadPoolExecutor.java:1149)
        at java.util.concurrent.ThreadPoolExecutor$Worker.run(ThreadPoolExecutor.java:624)
        at java.lang.Thread.run(Thread.java:750)
"IPC Server handler 36 on default port 15001" daemon prio=5 tid=192 timed_waiting
java.lang.Thread.State: TIMED_WAITING
        at sun.misc.Unsafe.park(Native Method)
        at java.util.concurrent.locks.LockSupport.parkNanos(LockSupport.java:215)
        at java.util.concurrent.locks.AbstractQueuedSynchronizer$ConditionObject.awaitNanos(AbstractQueuedSynchronizer.java:2078)
        at java.util.concurrent.LinkedBlockingQueue.poll(LinkedBlockingQueue.java:467)
        at org.apache.hadoop.ipc.CallQueueManager.take(CallQueueManager.java:317)
        at org.apache.hadoop.ipc.Server$Handler.run(Server.java:3014)
"cc1e4d3c-2283-4c28-b737-db868cb45369-CloseContainerThread-1"  prio=5 tid=1061 in Object.wait()
java.lang.Thread.State: WAITING (on object monitor)
        at sun.misc.Unsafe.park(Native Method)
        at java.util.concurrent.locks.LockSupport.park(LockSupport.java:175)
        at java.util.concurrent.locks.AbstractQueuedSynchronizer$ConditionObject.await(AbstractQueuedSynchronizer.java:2039)
        at java.util.concurrent.LinkedBlockingQueue.take(LinkedBlockingQueue.java:442)
        at java.util.concurrent.ThreadPoolExecutor.getTask(ThreadPoolExecutor.java:1074)
        at java.util.concurrent.ThreadPoolExecutor.runWorker(ThreadPoolExecutor.java:1134)
        at java.util.concurrent.ThreadPoolExecutor$Worker.run(ThreadPoolExecutor.java:624)
        at java.lang.Thread.run(Thread.java:750)
"IPC Server handler 68 on default port 15002" daemon prio=5 tid=324 timed_waiting
java.lang.Thread.State: TIMED_WAITING
        at sun.misc.Unsafe.park(Native Method)
        at java.util.concurrent.locks.LockSupport.parkNanos(LockSupport.java:215)
        at java.util.concurrent.locks.AbstractQueuedSynchronizer$ConditionObject.awaitNanos(AbstractQueuedSynchronizer.java:2078)
        at java.util.concurrent.LinkedBlockingQueue.poll(LinkedBlockingQueue.java:467)
        at org.apache.hadoop.ipc.CallQueueManager.take(CallQueueManager.java:317)
        at org.apache.hadoop.ipc.Server$Handler.run(Server.java:3014)
"a40aef6e-dfc7-4141-9a41-17d72bf4eeff-ChunkWriter-1-0" daemon prio=5 tid=787 in Object.wait()
java.lang.Thread.State: WAITING (on object monitor)
        at sun.misc.Unsafe.park(Native Method)
        at java.util.concurrent.locks.LockSupport.park(LockSupport.java:175)
        at java.util.concurrent.locks.AbstractQueuedSynchronizer$ConditionObject.await(AbstractQueuedSynchronizer.java:2039)
        at java.util.concurrent.LinkedBlockingDeque.takeFirst(LinkedBlockingDeque.java:492)
        at java.util.concurrent.LinkedBlockingDeque.take(LinkedBlockingDeque.java:680)
        at java.util.concurrent.ThreadPoolExecutor.getTask(ThreadPoolExecutor.java:1074)
        at java.util.concurrent.ThreadPoolExecutor.runWorker(ThreadPoolExecutor.java:1134)
        at java.util.concurrent.ThreadPoolExecutor$Worker.run(ThreadPoolExecutor.java:624)
        at java.lang.Thread.run(Thread.java:750)
"IPC Server handler 23 on default port 15009" daemon prio=5 tid=492 timed_waiting
java.lang.Thread.State: TIMED_WAITING
        at sun.misc.Unsafe.park(Native Method)
        at java.util.concurrent.locks.LockSupport.parkNanos(LockSupport.java:215)
        at java.util.concurrent.locks.AbstractQueuedSynchronizer$ConditionObject.awaitNanos(AbstractQueuedSynchronizer.java:2078)
        at java.util.concurrent.LinkedBlockingQueue.poll(LinkedBlockingQueue.java:467)
        at org.apache.hadoop.ipc.CallQueueManager.take(CallQueueManager.java:317)
        at org.apache.hadoop.ipc.Server$Handler.run(Server.java:3014)
"IPC Server handler 30 on default port 15001" daemon prio=5 tid=186 timed_waiting
java.lang.Thread.State: TIMED_WAITING
        at sun.misc.Unsafe.park(Native Method)
        at java.util.concurrent.locks.LockSupport.parkNanos(LockSupport.java:215)
        at java.util.concurrent.locks.AbstractQueuedSynchronizer$ConditionObject.awaitNanos(AbstractQueuedSynchronizer.java:2078)
        at java.util.concurrent.LinkedBlockingQueue.poll(LinkedBlockingQueue.java:467)
        at org.apache.hadoop.ipc.CallQueueManager.take(CallQueueManager.java:317)
        at org.apache.hadoop.ipc.Server$Handler.run(Server.java:3014)
"IPC Server handler 72 on default port 15009" daemon prio=5 tid=541 timed_waiting
java.lang.Thread.State: TIMED_WAITING
        at sun.misc.Unsafe.park(Native Method)
        at java.util.concurrent.locks.LockSupport.parkNanos(LockSupport.java:215)
        at java.util.concurrent.locks.AbstractQueuedSynchronizer$ConditionObject.awaitNanos(AbstractQueuedSynchronizer.java:2078)
        at java.util.concurrent.LinkedBlockingQueue.poll(LinkedBlockingQueue.java:467)
        at org.apache.hadoop.ipc.CallQueueManager.take(CallQueueManager.java:317)
        at org.apache.hadoop.ipc.Server$Handler.run(Server.java:3014)
"qtp2041857678-586" daemon prio=5 tid=586 timed_waiting
java.lang.Thread.State: TIMED_WAITING
        at sun.misc.Unsafe.park(Native Method)
        at java.util.concurrent.locks.LockSupport.parkNanos(LockSupport.java:215)
        at java.util.concurrent.locks.AbstractQueuedSynchronizer$ConditionObject.awaitNanos(AbstractQueuedSynchronizer.java:2078)
        at org.eclipse.jetty.util.BlockingArrayQueue.poll(BlockingArrayQueue.java:382)
        at org.eclipse.jetty.util.thread.QueuedThreadPool$Runner.idleJobPoll(QueuedThreadPool.java:974)
        at org.eclipse.jetty.util.thread.QueuedThreadPool$Runner.run(QueuedThreadPool.java:1018)
        at java.lang.Thread.run(Thread.java:750)
"IPC Server handler 2 on default port 15002" daemon prio=5 tid=258 timed_waiting
java.lang.Thread.State: TIMED_WAITING
        at sun.misc.Unsafe.park(Native Method)
        at java.util.concurrent.locks.LockSupport.parkNanos(LockSupport.java:215)
        at java.util.concurrent.locks.AbstractQueuedSynchronizer$ConditionObject.awaitNanos(AbstractQueuedSynchronizer.java:2078)
        at java.util.concurrent.LinkedBlockingQueue.poll(LinkedBlockingQueue.java:467)
        at org.apache.hadoop.ipc.CallQueueManager.take(CallQueueManager.java:317)
        at org.apache.hadoop.ipc.Server$Handler.run(Server.java:3014)
"IPC Server handler 54 on default port 15002" daemon prio=5 tid=310 timed_waiting
java.lang.Thread.State: TIMED_WAITING
        at sun.misc.Unsafe.park(Native Method)
        at java.util.concurrent.locks.LockSupport.parkNanos(LockSupport.java:215)
        at java.util.concurrent.locks.AbstractQueuedSynchronizer$ConditionObject.awaitNanos(AbstractQueuedSynchronizer.java:2078)
        at java.util.concurrent.LinkedBlockingQueue.poll(LinkedBlockingQueue.java:467)
        at org.apache.hadoop.ipc.CallQueueManager.take(CallQueueManager.java:317)
        at org.apache.hadoop.ipc.Server$Handler.run(Server.java:3014)
"IPC Server handler 4 on default port 15000" daemon prio=5 tid=60 timed_waiting
java.lang.Thread.State: TIMED_WAITING
        at sun.misc.Unsafe.park(Native Method)
        at java.util.concurrent.locks.LockSupport.parkNanos(LockSupport.java:215)
        at java.util.concurrent.locks.AbstractQueuedSynchronizer$ConditionObject.awaitNanos(AbstractQueuedSynchronizer.java:2078)
        at java.util.concurrent.LinkedBlockingQueue.poll(LinkedBlockingQueue.java:467)
        at org.apache.hadoop.ipc.CallQueueManager.take(CallQueueManager.java:317)
        at org.apache.hadoop.ipc.Server$Handler.run(Server.java:3014)
"IPC Server handler 82 on default port 15009" daemon prio=5 tid=551 timed_waiting
java.lang.Thread.State: TIMED_WAITING
        at sun.misc.Unsafe.park(Native Method)
        at java.util.concurrent.locks.LockSupport.parkNanos(LockSupport.java:215)
        at java.util.concurrent.locks.AbstractQueuedSynchronizer$ConditionObject.awaitNanos(AbstractQueuedSynchronizer.java:2078)
        at java.util.concurrent.LinkedBlockingQueue.poll(LinkedBlockingQueue.java:467)
        at org.apache.hadoop.ipc.CallQueueManager.take(CallQueueManager.java:317)
        at org.apache.hadoop.ipc.Server$Handler.run(Server.java:3014)
"IPC Server handler 4 on default port 15002" daemon prio=5 tid=260 timed_waiting
java.lang.Thread.State: TIMED_WAITING
        at sun.misc.Unsafe.park(Native Method)
        at java.util.concurrent.locks.LockSupport.parkNanos(LockSupport.java:215)
        at java.util.concurrent.locks.AbstractQueuedSynchronizer$ConditionObject.awaitNanos(AbstractQueuedSynchronizer.java:2078)
        at java.util.concurrent.LinkedBlockingQueue.poll(LinkedBlockingQueue.java:467)
        at org.apache.hadoop.ipc.CallQueueManager.take(CallQueueManager.java:317)
        at org.apache.hadoop.ipc.Server$Handler.run(Server.java:3014)
"IPC Server handler 0 on default port 15000" daemon prio=5 tid=56 timed_waiting
java.lang.Thread.State: TIMED_WAITING
        at sun.misc.Unsafe.park(Native Method)
        at java.util.concurrent.locks.LockSupport.parkNanos(LockSupport.java:215)
        at java.util.concurrent.locks.AbstractQueuedSynchronizer$ConditionObject.awaitNanos(AbstractQueuedSynchronizer.java:2078)
        at java.util.concurrent.LinkedBlockingQueue.poll(LinkedBlockingQueue.java:467)
        at org.apache.hadoop.ipc.CallQueueManager.take(CallQueueManager.java:317)
        at org.apache.hadoop.ipc.Server$Handler.run(Server.java:3014)
"EventQueue-CloseContainerForCloseContainerEventHandler" daemon prio=5 tid=1047 in Object.wait()
java.lang.Thread.State: WAITING (on object monitor)
        at sun.misc.Unsafe.park(Native Method)
        at java.util.concurrent.locks.LockSupport.park(LockSupport.java:175)
        at java.util.concurrent.locks.AbstractQueuedSynchronizer$ConditionObject.await(AbstractQueuedSynchronizer.java:2039)
        at java.util.concurrent.LinkedBlockingQueue.take(LinkedBlockingQueue.java:442)
        at java.util.concurrent.ThreadPoolExecutor.getTask(ThreadPoolExecutor.java:1074)
        at java.util.concurrent.ThreadPoolExecutor.runWorker(ThreadPoolExecutor.java:1134)
        at java.util.concurrent.ThreadPoolExecutor$Worker.run(ThreadPoolExecutor.java:624)
        at java.lang.Thread.run(Thread.java:750)
"IPC Server handler 85 on default port 15001" daemon prio=5 tid=241 timed_waiting
java.lang.Thread.State: TIMED_WAITING
        at sun.misc.Unsafe.park(Native Method)
        at java.util.concurrent.locks.LockSupport.parkNanos(LockSupport.java:215)
        at java.util.concurrent.locks.AbstractQueuedSynchronizer$ConditionObject.awaitNanos(AbstractQueuedSynchronizer.java:2078)
        at java.util.concurrent.LinkedBlockingQueue.poll(LinkedBlockingQueue.java:467)
        at org.apache.hadoop.ipc.CallQueueManager.take(CallQueueManager.java:317)
        at org.apache.hadoop.ipc.Server$Handler.run(Server.java:3014)
"Recon-SyncSCMContainerInfo-0"  prio=5 tid=468 timed_waiting
java.lang.Thread.State: TIMED_WAITING
        at sun.misc.Unsafe.park(Native Method)
        at java.util.concurrent.locks.LockSupport.parkNanos(LockSupport.java:215)
        at java.util.concurrent.locks.AbstractQueuedSynchronizer$ConditionObject.awaitNanos(AbstractQueuedSynchronizer.java:2078)
        at java.util.concurrent.ScheduledThreadPoolExecutor$DelayedWorkQueue.take(ScheduledThreadPoolExecutor.java:1093)
        at java.util.concurrent.ScheduledThreadPoolExecutor$DelayedWorkQueue.take(ScheduledThreadPoolExecutor.java:809)
        at java.util.concurrent.ThreadPoolExecutor.getTask(ThreadPoolExecutor.java:1074)
        at java.util.concurrent.ThreadPoolExecutor.runWorker(ThreadPoolExecutor.java:1134)
        at java.util.concurrent.ThreadPoolExecutor$Worker.run(ThreadPoolExecutor.java:624)
        at java.lang.Thread.run(Thread.java:750)
"Recon-EventQueue-StaleNodeForReconStaleNodeHandler" daemon prio=5 tid=830 in Object.wait()
java.lang.Thread.State: WAITING (on object monitor)
        at sun.misc.Unsafe.park(Native Method)
        at java.util.concurrent.locks.LockSupport.park(LockSupport.java:175)
        at java.util.concurrent.locks.AbstractQueuedSynchronizer$ConditionObject.await(AbstractQueuedSynchronizer.java:2039)
        at java.util.concurrent.LinkedBlockingQueue.take(LinkedBlockingQueue.java:442)
        at java.util.concurrent.ThreadPoolExecutor.getTask(ThreadPoolExecutor.java:1074)
        at java.util.concurrent.ThreadPoolExecutor.runWorker(ThreadPoolExecutor.java:1134)
        at java.util.concurrent.ThreadPoolExecutor$Worker.run(ThreadPoolExecutor.java:624)
        at java.lang.Thread.run(Thread.java:750)
"IPC Server handler 17 on default port 15000" daemon prio=5 tid=73 timed_waiting
java.lang.Thread.State: TIMED_WAITING
        at sun.misc.Unsafe.park(Native Method)
        at java.util.concurrent.locks.LockSupport.parkNanos(LockSupport.java:215)
        at java.util.concurrent.locks.AbstractQueuedSynchronizer$ConditionObject.awaitNanos(AbstractQueuedSynchronizer.java:2078)
        at java.util.concurrent.LinkedBlockingQueue.poll(LinkedBlockingQueue.java:467)
        at org.apache.hadoop.ipc.CallQueueManager.take(CallQueueManager.java:317)
        at org.apache.hadoop.ipc.Server$Handler.run(Server.java:3014)
"IPC Server handler 16 on default port 15004" daemon prio=5 tid=428 timed_waiting
java.lang.Thread.State: TIMED_WAITING
        at sun.misc.Unsafe.park(Native Method)
        at java.util.concurrent.locks.LockSupport.parkNanos(LockSupport.java:215)
        at java.util.concurrent.locks.AbstractQueuedSynchronizer$ConditionObject.awaitNanos(AbstractQueuedSynchronizer.java:2078)
        at java.util.concurrent.LinkedBlockingQueue.poll(LinkedBlockingQueue.java:467)
        at org.apache.hadoop.ipc.CallQueueManager.take(CallQueueManager.java:317)
        at org.apache.hadoop.ipc.Server$Handler.run(Server.java:3014)
"IPC Server handler 14 on default port 15009" daemon prio=5 tid=483 timed_waiting
java.lang.Thread.State: TIMED_WAITING
        at sun.misc.Unsafe.park(Native Method)
        at java.util.concurrent.locks.LockSupport.parkNanos(LockSupport.java:215)
        at java.util.concurrent.locks.AbstractQueuedSynchronizer$ConditionObject.awaitNanos(AbstractQueuedSynchronizer.java:2078)
        at java.util.concurrent.LinkedBlockingQueue.poll(LinkedBlockingQueue.java:467)
        at org.apache.hadoop.ipc.CallQueueManager.take(CallQueueManager.java:317)
        at org.apache.hadoop.ipc.Server$Handler.run(Server.java:3014)
"IPC Server handler 58 on default port 15002" daemon prio=5 tid=314 timed_waiting
java.lang.Thread.State: TIMED_WAITING
        at sun.misc.Unsafe.park(Native Method)
        at java.util.concurrent.locks.LockSupport.parkNanos(LockSupport.java:215)
        at java.util.concurrent.locks.AbstractQueuedSynchronizer$ConditionObject.awaitNanos(AbstractQueuedSynchronizer.java:2078)
        at java.util.concurrent.LinkedBlockingQueue.poll(LinkedBlockingQueue.java:467)
        at org.apache.hadoop.ipc.CallQueueManager.take(CallQueueManager.java:317)
        at org.apache.hadoop.ipc.Server$Handler.run(Server.java:3014)
"IPC Server handler 5 on default port 15002" daemon prio=5 tid=261 timed_waiting
java.lang.Thread.State: TIMED_WAITING
        at sun.misc.Unsafe.park(Native Method)
        at java.util.concurrent.locks.LockSupport.parkNanos(LockSupport.java:215)
        at java.util.concurrent.locks.AbstractQueuedSynchronizer$ConditionObject.awaitNanos(AbstractQueuedSynchronizer.java:2078)
        at java.util.concurrent.LinkedBlockingQueue.poll(LinkedBlockingQueue.java:467)
        at org.apache.hadoop.ipc.CallQueueManager.take(CallQueueManager.java:317)
        at org.apache.hadoop.ipc.Server$Handler.run(Server.java:3014)
"IPC Server handler 54 on default port 15009" daemon prio=5 tid=523 timed_waiting
java.lang.Thread.State: TIMED_WAITING
        at sun.misc.Unsafe.park(Native Method)
        at java.util.concurrent.locks.LockSupport.parkNanos(LockSupport.java:215)
        at java.util.concurrent.locks.AbstractQueuedSynchronizer$ConditionObject.awaitNanos(AbstractQueuedSynchronizer.java:2078)
        at java.util.concurrent.LinkedBlockingQueue.poll(LinkedBlockingQueue.java:467)
        at org.apache.hadoop.ipc.CallQueueManager.take(CallQueueManager.java:317)
        at org.apache.hadoop.ipc.Server$Handler.run(Server.java:3014)
"qtp1115963634-366" daemon prio=5 tid=366 timed_waiting
java.lang.Thread.State: TIMED_WAITING
        at sun.misc.Unsafe.park(Native Method)
        at java.util.concurrent.locks.LockSupport.parkNanos(LockSupport.java:215)
        at java.util.concurrent.locks.AbstractQueuedSynchronizer$ConditionObject.awaitNanos(AbstractQueuedSynchronizer.java:2078)
        at org.eclipse.jetty.util.BlockingArrayQueue.poll(BlockingArrayQueue.java:382)
        at org.eclipse.jetty.util.thread.QueuedThreadPool$Runner.idleJobPoll(QueuedThreadPool.java:974)
        at org.eclipse.jetty.util.thread.QueuedThreadPool$Runner.run(QueuedThreadPool.java:1018)
        at java.lang.Thread.run(Thread.java:750)
"IPC Server handler 63 on default port 15002" daemon prio=5 tid=319 timed_waiting
java.lang.Thread.State: TIMED_WAITING
        at sun.misc.Unsafe.park(Native Method)
        at java.util.concurrent.locks.LockSupport.parkNanos(LockSupport.java:215)
        at java.util.concurrent.locks.AbstractQueuedSynchronizer$ConditionObject.awaitNanos(AbstractQueuedSynchronizer.java:2078)
        at java.util.concurrent.LinkedBlockingQueue.poll(LinkedBlockingQueue.java:467)
        at org.apache.hadoop.ipc.CallQueueManager.take(CallQueueManager.java:317)
        at org.apache.hadoop.ipc.Server$Handler.run(Server.java:3014)
"IPC Server handler 82 on default port 15001" daemon prio=5 tid=238 timed_waiting
java.lang.Thread.State: TIMED_WAITING
        at sun.misc.Unsafe.park(Native Method)
        at java.util.concurrent.locks.LockSupport.parkNanos(LockSupport.java:215)
        at java.util.concurrent.locks.AbstractQueuedSynchronizer$ConditionObject.awaitNanos(AbstractQueuedSynchronizer.java:2078)
        at java.util.concurrent.LinkedBlockingQueue.poll(LinkedBlockingQueue.java:467)
        at org.apache.hadoop.ipc.CallQueueManager.take(CallQueueManager.java:317)
        at org.apache.hadoop.ipc.Server$Handler.run(Server.java:3014)
"IPC Server handler 69 on default port 15009" daemon prio=5 tid=538 timed_waiting
java.lang.Thread.State: TIMED_WAITING
        at sun.misc.Unsafe.park(Native Method)
        at java.util.concurrent.locks.LockSupport.parkNanos(LockSupport.java:215)
        at java.util.concurrent.locks.AbstractQueuedSynchronizer$ConditionObject.awaitNanos(AbstractQueuedSynchronizer.java:2078)
        at java.util.concurrent.LinkedBlockingQueue.poll(LinkedBlockingQueue.java:467)
        at org.apache.hadoop.ipc.CallQueueManager.take(CallQueueManager.java:317)
        at org.apache.hadoop.ipc.Server$Handler.run(Server.java:3014)
"IPC Client (583361835) connection to 0.0.0.0/0.0.0.0:15002 from runner" daemon prio=5 tid=719 timed_waiting
java.lang.Thread.State: TIMED_WAITING
        at java.lang.Object.wait(Native Method)
        at org.apache.hadoop.ipc.Client$Connection.waitForWork(Client.java:1026)
        at org.apache.hadoop.ipc.Client$Connection.run(Client.java:1077)
"d1715241-1ffa-4146-b219-94c9c0fc171f-DatanodeReportManager-1" daemon prio=5 tid=654 in Object.wait()
java.lang.Thread.State: WAITING (on object monitor)
        at sun.misc.Unsafe.park(Native Method)
        at java.util.concurrent.locks.LockSupport.park(LockSupport.java:175)
        at java.util.concurrent.locks.AbstractQueuedSynchronizer$ConditionObject.await(AbstractQueuedSynchronizer.java:2039)
        at java.util.concurrent.ScheduledThreadPoolExecutor$DelayedWorkQueue.take(ScheduledThreadPoolExecutor.java:1088)
        at java.util.concurrent.ScheduledThreadPoolExecutor$DelayedWorkQueue.take(ScheduledThreadPoolExecutor.java:809)
        at java.util.concurrent.ThreadPoolExecutor.getTask(ThreadPoolExecutor.java:1074)
        at java.util.concurrent.ThreadPoolExecutor.runWorker(ThreadPoolExecutor.java:1134)
        at java.util.concurrent.ThreadPoolExecutor$Worker.run(ThreadPoolExecutor.java:624)
        at java.lang.Thread.run(Thread.java:750)
"IPC Server handler 46 on default port 15001" daemon prio=5 tid=202 timed_waiting
java.lang.Thread.State: TIMED_WAITING
        at sun.misc.Unsafe.park(Native Method)
        at java.util.concurrent.locks.LockSupport.parkNanos(LockSupport.java:215)
        at java.util.concurrent.locks.AbstractQueuedSynchronizer$ConditionObject.awaitNanos(AbstractQueuedSynchronizer.java:2078)
        at java.util.concurrent.LinkedBlockingQueue.poll(LinkedBlockingQueue.java:467)
        at org.apache.hadoop.ipc.CallQueueManager.take(CallQueueManager.java:317)
        at org.apache.hadoop.ipc.Server$Handler.run(Server.java:3014)
"IPC Server handler 51 on default port 15000" daemon prio=5 tid=107 timed_waiting
java.lang.Thread.State: TIMED_WAITING
        at sun.misc.Unsafe.park(Native Method)
        at java.util.concurrent.locks.LockSupport.parkNanos(LockSupport.java:215)
        at java.util.concurrent.locks.AbstractQueuedSynchronizer$ConditionObject.awaitNanos(AbstractQueuedSynchronizer.java:2078)
        at java.util.concurrent.LinkedBlockingQueue.poll(LinkedBlockingQueue.java:467)
        at org.apache.hadoop.ipc.CallQueueManager.take(CallQueueManager.java:317)
        at org.apache.hadoop.ipc.Server$Handler.run(Server.java:3014)
"a40aef6e-dfc7-4141-9a41-17d72bf4eeff@group-82A21D15CBF7-cacheEviction-AwaitToRun" daemon prio=5 tid=1143 in Object.wait()
java.lang.Thread.State: WAITING (on object monitor)
        at sun.misc.Unsafe.park(Native Method)
        at java.util.concurrent.locks.LockSupport.park(LockSupport.java:175)
        at java.util.concurrent.locks.AbstractQueuedSynchronizer$ConditionObject.await(AbstractQueuedSynchronizer.java:2039)
        at org.apache.ratis.util.AwaitForSignal.await(AwaitForSignal.java:48)
        at org.apache.ratis.util.AwaitToRun$RunnableImpl.run(AwaitToRun.java:47)
        at java.lang.Thread.run(Thread.java:750)
"Session-HouseKeeper-23471f48-1"  prio=5 tid=368 timed_waiting
java.lang.Thread.State: TIMED_WAITING
        at sun.misc.Unsafe.park(Native Method)
        at java.util.concurrent.locks.LockSupport.parkNanos(LockSupport.java:215)
        at java.util.concurrent.locks.AbstractQueuedSynchronizer$ConditionObject.awaitNanos(AbstractQueuedSynchronizer.java:2078)
        at java.util.concurrent.ScheduledThreadPoolExecutor$DelayedWorkQueue.take(ScheduledThreadPoolExecutor.java:1093)
        at java.util.concurrent.ScheduledThreadPoolExecutor$DelayedWorkQueue.take(ScheduledThreadPoolExecutor.java:809)
        at java.util.concurrent.ThreadPoolExecutor.getTask(ThreadPoolExecutor.java:1074)
        at java.util.concurrent.ThreadPoolExecutor.runWorker(ThreadPoolExecutor.java:1134)
        at java.util.concurrent.ThreadPoolExecutor$Worker.run(ThreadPoolExecutor.java:624)
        at java.lang.Thread.run(Thread.java:750)
"Socket Reader #1 for port 15000"  prio=5 tid=41 runnable
java.lang.Thread.State: RUNNABLE
        at sun.nio.ch.EPollArrayWrapper.epollWait(Native Method)
        at sun.nio.ch.EPollArrayWrapper.poll(EPollArrayWrapper.java:269)
        at sun.nio.ch.EPollSelectorImpl.doSelect(EPollSelectorImpl.java:93)
        at sun.nio.ch.SelectorImpl.lockAndDoSelect(SelectorImpl.java:86)
        at sun.nio.ch.SelectorImpl.select(SelectorImpl.java:97)
        at sun.nio.ch.SelectorImpl.select(SelectorImpl.java:101)
        at org.apache.hadoop.ipc.Server$Listener$Reader.doRunLoop(Server.java:1346)
        at org.apache.hadoop.ipc.Server$Listener$Reader.run(Server.java:1325)
"IPC Server handler 81 on default port 15000" daemon prio=5 tid=137 timed_waiting
java.lang.Thread.State: TIMED_WAITING
        at sun.misc.Unsafe.park(Native Method)
        at java.util.concurrent.locks.LockSupport.parkNanos(LockSupport.java:215)
        at java.util.concurrent.locks.AbstractQueuedSynchronizer$ConditionObject.awaitNanos(AbstractQueuedSynchronizer.java:2078)
        at java.util.concurrent.LinkedBlockingQueue.poll(LinkedBlockingQueue.java:467)
        at org.apache.hadoop.ipc.CallQueueManager.take(CallQueueManager.java:317)
        at org.apache.hadoop.ipc.Server$Handler.run(Server.java:3014)
"IPC Server handler 15 on default port 15004" daemon prio=5 tid=427 timed_waiting
java.lang.Thread.State: TIMED_WAITING
        at sun.misc.Unsafe.park(Native Method)
        at java.util.concurrent.locks.LockSupport.parkNanos(LockSupport.java:215)
        at java.util.concurrent.locks.AbstractQueuedSynchronizer$ConditionObject.awaitNanos(AbstractQueuedSynchronizer.java:2078)
        at java.util.concurrent.LinkedBlockingQueue.poll(LinkedBlockingQueue.java:467)
        at org.apache.hadoop.ipc.CallQueueManager.take(CallQueueManager.java:317)
        at org.apache.hadoop.ipc.Server$Handler.run(Server.java:3014)
"a40aef6e-dfc7-4141-9a41-17d72bf4eeff-groupManagement"  prio=5 tid=868 in Object.wait()
java.lang.Thread.State: WAITING (on object monitor)
        at sun.misc.Unsafe.park(Native Method)
        at java.util.concurrent.locks.LockSupport.park(LockSupport.java:175)
        at java.util.concurrent.locks.AbstractQueuedSynchronizer$ConditionObject.await(AbstractQueuedSynchronizer.java:2039)
        at java.util.concurrent.LinkedBlockingQueue.take(LinkedBlockingQueue.java:442)
        at java.util.concurrent.ThreadPoolExecutor.getTask(ThreadPoolExecutor.java:1074)
        at java.util.concurrent.ThreadPoolExecutor.runWorker(ThreadPoolExecutor.java:1134)
        at java.util.concurrent.ThreadPoolExecutor$Worker.run(ThreadPoolExecutor.java:624)
        at java.lang.Thread.run(Thread.java:750)
"59c3495a-7636-40f9-8dfa-c28be8e98abd-EndpointStateMachineTaskThread-/0.0.0.0:15002-0 "  prio=5 tid=717 in Object.wait()
java.lang.Thread.State: WAITING (on object monitor)
        at sun.misc.Unsafe.park(Native Method)
        at java.util.concurrent.locks.LockSupport.park(LockSupport.java:175)
        at java.util.concurrent.locks.AbstractQueuedSynchronizer$ConditionObject.await(AbstractQueuedSynchronizer.java:2039)
        at java.util.concurrent.LinkedBlockingQueue.take(LinkedBlockingQueue.java:442)
        at java.util.concurrent.ThreadPoolExecutor.getTask(ThreadPoolExecutor.java:1074)
        at java.util.concurrent.ThreadPoolExecutor.runWorker(ThreadPoolExecutor.java:1134)
        at java.util.concurrent.ThreadPoolExecutor$Worker.run(ThreadPoolExecutor.java:624)
        at java.lang.Thread.run(Thread.java:750)
"cc1e4d3c-2283-4c28-b737-db868cb45369-ChunkWriter-3-0" daemon prio=5 tid=751 in Object.wait()
java.lang.Thread.State: WAITING (on object monitor)
        at sun.misc.Unsafe.park(Native Method)
        at java.util.concurrent.locks.LockSupport.park(LockSupport.java:175)
        at java.util.concurrent.locks.AbstractQueuedSynchronizer$ConditionObject.await(AbstractQueuedSynchronizer.java:2039)
        at java.util.concurrent.LinkedBlockingDeque.takeFirst(LinkedBlockingDeque.java:492)
        at java.util.concurrent.LinkedBlockingDeque.take(LinkedBlockingDeque.java:680)
        at java.util.concurrent.ThreadPoolExecutor.getTask(ThreadPoolExecutor.java:1074)
        at java.util.concurrent.ThreadPoolExecutor.runWorker(ThreadPoolExecutor.java:1134)
        at java.util.concurrent.ThreadPoolExecutor$Worker.run(ThreadPoolExecutor.java:624)
        at java.lang.Thread.run(Thread.java:750)
"IPC Server handler 10 on default port 15004" daemon prio=5 tid=422 timed_waiting
java.lang.Thread.State: TIMED_WAITING
        at sun.misc.Unsafe.park(Native Method)
        at java.util.concurrent.locks.LockSupport.parkNanos(LockSupport.java:215)
        at java.util.concurrent.locks.AbstractQueuedSynchronizer$ConditionObject.awaitNanos(AbstractQueuedSynchronizer.java:2078)
        at java.util.concurrent.LinkedBlockingQueue.poll(LinkedBlockingQueue.java:467)
        at org.apache.hadoop.ipc.CallQueueManager.take(CallQueueManager.java:317)
        at org.apache.hadoop.ipc.Server$Handler.run(Server.java:3014)
"59c3495a-7636-40f9-8dfa-c28be8e98abd-NettyServerStreamRpc-bossGroup--thread1"  prio=5 tid=577 runnable
java.lang.Thread.State: RUNNABLE
        at org.apache.ratis.thirdparty.io.netty.channel.epoll.Native.epollWait(Native Method)
        at org.apache.ratis.thirdparty.io.netty.channel.epoll.Native.epollWait(Native.java:209)
        at org.apache.ratis.thirdparty.io.netty.channel.epoll.Native.epollWait(Native.java:202)
        at org.apache.ratis.thirdparty.io.netty.channel.epoll.EpollEventLoop.epollWaitNoTimerChange(EpollEventLoop.java:316)
        at org.apache.ratis.thirdparty.io.netty.channel.epoll.EpollEventLoop.run(EpollEventLoop.java:373)
        at org.apache.ratis.thirdparty.io.netty.util.concurrent.SingleThreadEventExecutor$4.run(SingleThreadEventExecutor.java:997)
        at org.apache.ratis.thirdparty.io.netty.util.internal.ThreadExecutorMap$2.run(ThreadExecutorMap.java:74)
        at java.lang.Thread.run(Thread.java:750)
"cc1e4d3c-2283-4c28-b737-db868cb45369@group-A7988BF88C1C-SegmentedRaftLogWorker"  prio=5 tid=1127 timed_waiting
java.lang.Thread.State: TIMED_WAITING
        at sun.misc.Unsafe.park(Native Method)
        at java.util.concurrent.locks.LockSupport.parkNanos(LockSupport.java:215)
        at java.util.concurrent.locks.AbstractQueuedSynchronizer$ConditionObject.awaitNanos(AbstractQueuedSynchronizer.java:2078)
        at org.apache.ratis.util.DataBlockingQueue.poll(DataBlockingQueue.java:148)
        at org.apache.ratis.server.raftlog.segmented.SegmentedRaftLogWorker.run(SegmentedRaftLogWorker.java:299)
        at org.apache.ratis.server.raftlog.segmented.SegmentedRaftLogWorker$$Lambda$997/2039256444.run(Unknown Source)
        at java.util.concurrent.Executors$RunnableAdapter.call(Executors.java:511)
        at java.util.concurrent.FutureTask.run(FutureTask.java:266)
        at java.util.concurrent.ThreadPoolExecutor.runWorker(ThreadPoolExecutor.java:1149)
        at java.util.concurrent.ThreadPoolExecutor$Worker.run(ThreadPoolExecutor.java:624)
        at java.lang.Thread.run(Thread.java:750)
"IPC Server handler 66 on default port 15000" daemon prio=5 tid=122 timed_waiting
java.lang.Thread.State: TIMED_WAITING
        at sun.misc.Unsafe.park(Native Method)
        at java.util.concurrent.locks.LockSupport.parkNanos(LockSupport.java:215)
        at java.util.concurrent.locks.AbstractQueuedSynchronizer$ConditionObject.awaitNanos(AbstractQueuedSynchronizer.java:2078)
        at java.util.concurrent.LinkedBlockingQueue.poll(LinkedBlockingQueue.java:467)
        at org.apache.hadoop.ipc.CallQueueManager.take(CallQueueManager.java:317)
        at org.apache.hadoop.ipc.Server$Handler.run(Server.java:3014)
"IPC Server handler 96 on default port 15000" daemon prio=5 tid=152 timed_waiting
java.lang.Thread.State: TIMED_WAITING
        at sun.misc.Unsafe.park(Native Method)
        at java.util.concurrent.locks.LockSupport.parkNanos(LockSupport.java:215)
        at java.util.concurrent.locks.AbstractQueuedSynchronizer$ConditionObject.awaitNanos(AbstractQueuedSynchronizer.java:2078)
        at java.util.concurrent.LinkedBlockingQueue.poll(LinkedBlockingQueue.java:467)
        at org.apache.hadoop.ipc.CallQueueManager.take(CallQueueManager.java:317)
        at org.apache.hadoop.ipc.Server$Handler.run(Server.java:3014)
"IPC Server idle connection scanner for port 15048" daemon prio=5 tid=704 timed_waiting
java.lang.Thread.State: TIMED_WAITING
        at java.lang.Object.wait(Native Method)
        at java.util.TimerThread.mainLoop(Timer.java:552)
        at java.util.TimerThread.run(Timer.java:505)
"pool-97-thread-1" daemon prio=5 tid=726 timed_waiting
java.lang.Thread.State: TIMED_WAITING
        at sun.misc.Unsafe.park(Native Method)
        at java.util.concurrent.locks.LockSupport.parkNanos(LockSupport.java:215)
        at java.util.concurrent.locks.AbstractQueuedSynchronizer$ConditionObject.awaitNanos(AbstractQueuedSynchronizer.java:2078)
        at java.util.concurrent.ScheduledThreadPoolExecutor$DelayedWorkQueue.take(ScheduledThreadPoolExecutor.java:1093)
        at java.util.concurrent.ScheduledThreadPoolExecutor$DelayedWorkQueue.take(ScheduledThreadPoolExecutor.java:809)
        at java.util.concurrent.ThreadPoolExecutor.getTask(ThreadPoolExecutor.java:1074)
        at java.util.concurrent.ThreadPoolExecutor.runWorker(ThreadPoolExecutor.java:1134)
        at java.util.concurrent.ThreadPoolExecutor$Worker.run(ThreadPoolExecutor.java:624)
        at java.lang.Thread.run(Thread.java:750)
"IPC Server handler 67 on default port 15000" daemon prio=5 tid=123 timed_waiting
java.lang.Thread.State: TIMED_WAITING
        at sun.misc.Unsafe.park(Native Method)
        at java.util.concurrent.locks.LockSupport.parkNanos(LockSupport.java:215)
        at java.util.concurrent.locks.AbstractQueuedSynchronizer$ConditionObject.awaitNanos(AbstractQueuedSynchronizer.java:2078)
        at java.util.concurrent.LinkedBlockingQueue.poll(LinkedBlockingQueue.java:467)
        at org.apache.hadoop.ipc.CallQueueManager.take(CallQueueManager.java:317)
        at org.apache.hadoop.ipc.Server$Handler.run(Server.java:3014)
"IPC Parameter Sending Thread for 0.0.0.0/0.0.0.0:15002" daemon prio=5 tid=720 timed_waiting
java.lang.Thread.State: TIMED_WAITING
        at sun.misc.Unsafe.park(Native Method)
        at java.util.concurrent.locks.LockSupport.parkNanos(LockSupport.java:215)
        at java.util.concurrent.SynchronousQueue$TransferQueue.awaitFulfill(SynchronousQueue.java:764)
        at java.util.concurrent.SynchronousQueue$TransferQueue.transfer(SynchronousQueue.java:695)
        at java.util.concurrent.SynchronousQueue.poll(SynchronousQueue.java:941)
        at org.apache.hadoop.ipc.Client$Connection$RpcRequestSender.run(Client.java:1105)
        at java.lang.Thread.run(Thread.java:750)
"qtp963735699-668" daemon prio=5 tid=668 timed_waiting
java.lang.Thread.State: TIMED_WAITING
        at sun.misc.Unsafe.park(Native Method)
        at java.util.concurrent.locks.LockSupport.parkNanos(LockSupport.java:215)
        at java.util.concurrent.locks.AbstractQueuedSynchronizer$ConditionObject.awaitNanos(AbstractQueuedSynchronizer.java:2078)
        at org.eclipse.jetty.util.BlockingArrayQueue.poll(BlockingArrayQueue.java:382)
        at org.eclipse.jetty.util.thread.QueuedThreadPool$Runner.idleJobPoll(QueuedThreadPool.java:974)
        at org.eclipse.jetty.util.thread.QueuedThreadPool$Runner.run(QueuedThreadPool.java:1018)
        at java.lang.Thread.run(Thread.java:750)
"IPC Server handler 21 on default port 15001" daemon prio=5 tid=177 timed_waiting
java.lang.Thread.State: TIMED_WAITING
        at sun.misc.Unsafe.park(Native Method)
        at java.util.concurrent.locks.LockSupport.parkNanos(LockSupport.java:215)
        at java.util.concurrent.locks.AbstractQueuedSynchronizer$ConditionObject.awaitNanos(AbstractQueuedSynchronizer.java:2078)
        at java.util.concurrent.LinkedBlockingQueue.poll(LinkedBlockingQueue.java:467)
        at org.apache.hadoop.ipc.CallQueueManager.take(CallQueueManager.java:317)
        at org.apache.hadoop.ipc.Server$Handler.run(Server.java:3014)
"IPC Server handler 94 on default port 15002" daemon prio=5 tid=350 timed_waiting
java.lang.Thread.State: TIMED_WAITING
        at sun.misc.Unsafe.park(Native Method)
        at java.util.concurrent.locks.LockSupport.parkNanos(LockSupport.java:215)
        at java.util.concurrent.locks.AbstractQueuedSynchronizer$ConditionObject.awaitNanos(AbstractQueuedSynchronizer.java:2078)
        at java.util.concurrent.LinkedBlockingQueue.poll(LinkedBlockingQueue.java:467)
        at org.apache.hadoop.ipc.CallQueueManager.take(CallQueueManager.java:317)
        at org.apache.hadoop.ipc.Server$Handler.run(Server.java:3014)
"IPC Server handler 39 on default port 15009" daemon prio=5 tid=508 timed_waiting
java.lang.Thread.State: TIMED_WAITING
        at sun.misc.Unsafe.park(Native Method)
        at java.util.concurrent.locks.LockSupport.parkNanos(LockSupport.java:215)
        at java.util.concurrent.locks.AbstractQueuedSynchronizer$ConditionObject.awaitNanos(AbstractQueuedSynchronizer.java:2078)
        at java.util.concurrent.LinkedBlockingQueue.poll(LinkedBlockingQueue.java:467)
        at org.apache.hadoop.ipc.CallQueueManager.take(CallQueueManager.java:317)
        at org.apache.hadoop.ipc.Server$Handler.run(Server.java:3014)
"d1715241-1ffa-4146-b219-94c9c0fc171f-EndpointStateMachineTaskThread-/0.0.0.0:15009-0 "  prio=5 tid=760 in Object.wait()
java.lang.Thread.State: WAITING (on object monitor)
        at sun.misc.Unsafe.park(Native Method)
        at java.util.concurrent.locks.LockSupport.park(LockSupport.java:175)
        at java.util.concurrent.locks.AbstractQueuedSynchronizer$ConditionObject.await(AbstractQueuedSynchronizer.java:2039)
        at java.util.concurrent.LinkedBlockingQueue.take(LinkedBlockingQueue.java:442)
        at java.util.concurrent.ThreadPoolExecutor.getTask(ThreadPoolExecutor.java:1074)
        at java.util.concurrent.ThreadPoolExecutor.runWorker(ThreadPoolExecutor.java:1134)
        at java.util.concurrent.ThreadPoolExecutor$Worker.run(ThreadPoolExecutor.java:624)
        at java.lang.Thread.run(Thread.java:750)
"Timer-1" daemon prio=5 tid=433 in Object.wait()
java.lang.Thread.State: WAITING (on object monitor)
        at java.lang.Object.wait(Native Method)
        at java.lang.Object.wait(Object.java:502)
        at java.util.TimerThread.mainLoop(Timer.java:526)
        at java.util.TimerThread.run(Timer.java:505)
"grpc-default-worker-ELG-3-3" daemon prio=5 tid=860 runnable
java.lang.Thread.State: RUNNABLE
        at org.apache.ratis.thirdparty.io.netty.channel.epoll.Native.epollWait0(Native Method)
        at org.apache.ratis.thirdparty.io.netty.channel.epoll.Native.epollWait(Native.java:182)
        at org.apache.ratis.thirdparty.io.netty.channel.epoll.EpollEventLoop.epollWait(EpollEventLoop.java:312)
        at org.apache.ratis.thirdparty.io.netty.channel.epoll.EpollEventLoop.run(EpollEventLoop.java:376)
        at org.apache.ratis.thirdparty.io.netty.util.concurrent.SingleThreadEventExecutor$4.run(SingleThreadEventExecutor.java:997)
        at org.apache.ratis.thirdparty.io.netty.util.internal.ThreadExecutorMap$2.run(ThreadExecutorMap.java:74)
        at org.apache.ratis.thirdparty.io.netty.util.concurrent.FastThreadLocalRunnable.run(FastThreadLocalRunnable.java:30)
        at java.lang.Thread.run(Thread.java:750)
"RatisPipelineUtilsThread-0"  prio=5 tid=22 timed_waiting
java.lang.Thread.State: TIMED_WAITING
        at java.lang.Object.wait(Native Method)
        at org.apache.hadoop.hdds.scm.pipeline.BackgroundPipelineCreator.run(BackgroundPipelineCreator.java:179)
        at org.apache.hadoop.hdds.scm.pipeline.BackgroundPipelineCreator$$Lambda$559/1168882980.run(Unknown Source)
        at java.lang.Thread.run(Thread.java:750)
"IPC Server handler 0 on default port 15021" daemon prio=5 tid=623 timed_waiting
java.lang.Thread.State: TIMED_WAITING
        at sun.misc.Unsafe.park(Native Method)
        at java.util.concurrent.locks.LockSupport.parkNanos(LockSupport.java:215)
        at java.util.concurrent.locks.AbstractQueuedSynchronizer$ConditionObject.awaitNanos(AbstractQueuedSynchronizer.java:2078)
        at java.util.concurrent.LinkedBlockingQueue.poll(LinkedBlockingQueue.java:467)
        at org.apache.hadoop.ipc.CallQueueManager.take(CallQueueManager.java:317)
        at org.apache.hadoop.ipc.Server$Handler.run(Server.java:3014)
"prometheus" daemon prio=5 tid=369 in Object.wait()
java.lang.Thread.State: WAITING (on object monitor)
        at java.lang.Object.wait(Native Method)
        at java.lang.Object.wait(Object.java:502)
        at org.apache.hadoop.metrics2.impl.SinkQueue.waitForData(SinkQueue.java:114)
        at org.apache.hadoop.metrics2.impl.SinkQueue.consumeAll(SinkQueue.java:83)
        at org.apache.hadoop.metrics2.impl.MetricsSinkAdapter.publishMetricsFromQueue(MetricsSinkAdapter.java:135)
        at org.apache.hadoop.metrics2.impl.MetricsSinkAdapter$1.run(MetricsSinkAdapter.java:89)
"pool-218-thread-1"  prio=5 tid=692 timed_waiting
java.lang.Thread.State: TIMED_WAITING
        at sun.misc.Unsafe.park(Native Method)
        at java.util.concurrent.locks.LockSupport.parkNanos(LockSupport.java:215)
        at java.util.concurrent.locks.AbstractQueuedSynchronizer$ConditionObject.awaitNanos(AbstractQueuedSynchronizer.java:2078)
        at java.util.concurrent.ScheduledThreadPoolExecutor$DelayedWorkQueue.take(ScheduledThreadPoolExecutor.java:1093)
        at java.util.concurrent.ScheduledThreadPoolExecutor$DelayedWorkQueue.take(ScheduledThreadPoolExecutor.java:809)
        at java.util.concurrent.ThreadPoolExecutor.getTask(ThreadPoolExecutor.java:1074)
        at java.util.concurrent.ThreadPoolExecutor.runWorker(ThreadPoolExecutor.java:1134)
        at java.util.concurrent.ThreadPoolExecutor$Worker.run(ThreadPoolExecutor.java:624)
        at java.lang.Thread.run(Thread.java:750)
"IPC Server handler 58 on default port 15000" daemon prio=5 tid=114 timed_waiting
java.lang.Thread.State: TIMED_WAITING
        at sun.misc.Unsafe.park(Native Method)
        at java.util.concurrent.locks.LockSupport.parkNanos(LockSupport.java:215)
        at java.util.concurrent.locks.AbstractQueuedSynchronizer$ConditionObject.awaitNanos(AbstractQueuedSynchronizer.java:2078)
        at java.util.concurrent.LinkedBlockingQueue.poll(LinkedBlockingQueue.java:467)
        at org.apache.hadoop.ipc.CallQueueManager.take(CallQueueManager.java:317)
        at org.apache.hadoop.ipc.Server$Handler.run(Server.java:3014)
"junit-jupiter-timeout-watcher"  prio=10 tid=1038 timed_waiting
java.lang.Thread.State: TIMED_WAITING
        at sun.misc.Unsafe.park(Native Method)
        at java.util.concurrent.locks.LockSupport.parkNanos(LockSupport.java:215)
        at java.util.concurrent.locks.AbstractQueuedSynchronizer$ConditionObject.awaitNanos(AbstractQueuedSynchronizer.java:2078)
        at java.util.concurrent.ScheduledThreadPoolExecutor$DelayedWorkQueue.take(ScheduledThreadPoolExecutor.java:1093)
        at java.util.concurrent.ScheduledThreadPoolExecutor$DelayedWorkQueue.take(ScheduledThreadPoolExecutor.java:809)
        at java.util.concurrent.ThreadPoolExecutor.getTask(ThreadPoolExecutor.java:1074)
        at java.util.concurrent.ThreadPoolExecutor.runWorker(ThreadPoolExecutor.java:1134)
        at java.util.concurrent.ThreadPoolExecutor$Worker.run(ThreadPoolExecutor.java:624)
        at java.lang.Thread.run(Thread.java:750)
"IPC Server handler 34 on default port 15009" daemon prio=5 tid=503 timed_waiting
java.lang.Thread.State: TIMED_WAITING
        at sun.misc.Unsafe.park(Native Method)
        at java.util.concurrent.locks.LockSupport.parkNanos(LockSupport.java:215)
        at java.util.concurrent.locks.AbstractQueuedSynchronizer$ConditionObject.awaitNanos(AbstractQueuedSynchronizer.java:2078)
        at java.util.concurrent.LinkedBlockingQueue.poll(LinkedBlockingQueue.java:467)
        at org.apache.hadoop.ipc.CallQueueManager.take(CallQueueManager.java:317)
        at org.apache.hadoop.ipc.Server$Handler.run(Server.java:3014)
"om1@group-C5BA1605619E-cacheEviction-AwaitToRun" daemon prio=5 tid=385 in Object.wait()
java.lang.Thread.State: WAITING (on object monitor)
        at sun.misc.Unsafe.park(Native Method)
        at java.util.concurrent.locks.LockSupport.park(LockSupport.java:175)
        at java.util.concurrent.locks.AbstractQueuedSynchronizer$ConditionObject.await(AbstractQueuedSynchronizer.java:2039)
        at org.apache.ratis.util.AwaitForSignal.await(AwaitForSignal.java:48)
        at org.apache.ratis.util.AwaitToRun$RunnableImpl.run(AwaitToRun.java:47)
        at java.lang.Thread.run(Thread.java:750)
"qtp2041857678-583-acceptor-0@30bfafbb-ServerConnector@3c437652{HTTP/1.1, (http/1.1)}{0.0.0.0:15011}" daemon prio=3 tid=583 runnable
java.lang.Thread.State: RUNNABLE
        at sun.nio.ch.ServerSocketChannelImpl.accept0(Native Method)
        at sun.nio.ch.ServerSocketChannelImpl.accept(ServerSocketChannelImpl.java:421)
        at sun.nio.ch.ServerSocketChannelImpl.accept(ServerSocketChannelImpl.java:249)
        at org.eclipse.jetty.server.ServerConnector.accept(ServerConnector.java:388)
        at org.eclipse.jetty.server.AbstractConnector$Acceptor.run(AbstractConnector.java:704)
        at org.eclipse.jetty.util.thread.QueuedThreadPool.runJob(QueuedThreadPool.java:883)
        at org.eclipse.jetty.util.thread.QueuedThreadPool$Runner.run(QueuedThreadPool.java:1034)
        at java.lang.Thread.run(Thread.java:750)
"pool-166-thread-1"  prio=5 tid=636 timed_waiting
java.lang.Thread.State: TIMED_WAITING
        at sun.misc.Unsafe.park(Native Method)
        at java.util.concurrent.locks.LockSupport.parkNanos(LockSupport.java:215)
        at java.util.concurrent.locks.AbstractQueuedSynchronizer$ConditionObject.awaitNanos(AbstractQueuedSynchronizer.java:2078)
        at java.util.concurrent.ScheduledThreadPoolExecutor$DelayedWorkQueue.take(ScheduledThreadPoolExecutor.java:1093)
        at java.util.concurrent.ScheduledThreadPoolExecutor$DelayedWorkQueue.take(ScheduledThreadPoolExecutor.java:809)
        at java.util.concurrent.ThreadPoolExecutor.getTask(ThreadPoolExecutor.java:1074)
        at java.util.concurrent.ThreadPoolExecutor.runWorker(ThreadPoolExecutor.java:1134)
        at java.util.concurrent.ThreadPoolExecutor$Worker.run(ThreadPoolExecutor.java:624)
        at java.lang.Thread.run(Thread.java:750)
"IPC Server handler 64 on default port 15002" daemon prio=5 tid=320 timed_waiting
java.lang.Thread.State: TIMED_WAITING
        at sun.misc.Unsafe.park(Native Method)
        at java.util.concurrent.locks.LockSupport.parkNanos(LockSupport.java:215)
        at java.util.concurrent.locks.AbstractQueuedSynchronizer$ConditionObject.awaitNanos(AbstractQueuedSynchronizer.java:2078)
        at java.util.concurrent.LinkedBlockingQueue.poll(LinkedBlockingQueue.java:467)
        at org.apache.hadoop.ipc.CallQueueManager.take(CallQueueManager.java:317)
        at org.apache.hadoop.ipc.Server$Handler.run(Server.java:3014)
"IPC Server Responder" daemon prio=5 tid=382 runnable
java.lang.Thread.State: RUNNABLE
        at sun.nio.ch.EPollArrayWrapper.epollWait(Native Method)
        at sun.nio.ch.EPollArrayWrapper.poll(EPollArrayWrapper.java:269)
        at sun.nio.ch.EPollSelectorImpl.doSelect(EPollSelectorImpl.java:93)
        at sun.nio.ch.SelectorImpl.lockAndDoSelect(SelectorImpl.java:86)
        at sun.nio.ch.SelectorImpl.select(SelectorImpl.java:97)
        at org.apache.hadoop.ipc.Server$Responder.doRunLoop(Server.java:1582)
        at org.apache.hadoop.ipc.Server$Responder.run(Server.java:1565)
"d1715241-1ffa-4146-b219-94c9c0fc171f-NettyServerStreamRpc-bossGroup--thread1"  prio=5 tid=633 runnable
java.lang.Thread.State: RUNNABLE
        at org.apache.ratis.thirdparty.io.netty.channel.epoll.Native.epollWait(Native Method)
        at org.apache.ratis.thirdparty.io.netty.channel.epoll.Native.epollWait(Native.java:209)
        at org.apache.ratis.thirdparty.io.netty.channel.epoll.Native.epollWait(Native.java:202)
        at org.apache.ratis.thirdparty.io.netty.channel.epoll.EpollEventLoop.epollWaitNoTimerChange(EpollEventLoop.java:316)
        at org.apache.ratis.thirdparty.io.netty.channel.epoll.EpollEventLoop.run(EpollEventLoop.java:373)
        at org.apache.ratis.thirdparty.io.netty.util.concurrent.SingleThreadEventExecutor$4.run(SingleThreadEventExecutor.java:997)
        at org.apache.ratis.thirdparty.io.netty.util.internal.ThreadExecutorMap$2.run(ThreadExecutorMap.java:74)
        at java.lang.Thread.run(Thread.java:750)
"d1715241-1ffa-4146-b219-94c9c0fc171f-BlockDeletingService#1" daemon prio=5 tid=776 timed_waiting
java.lang.Thread.State: TIMED_WAITING
        at sun.misc.Unsafe.park(Native Method)
        at java.util.concurrent.locks.LockSupport.parkNanos(LockSupport.java:215)
        at java.util.concurrent.locks.AbstractQueuedSynchronizer$ConditionObject.awaitNanos(AbstractQueuedSynchronizer.java:2078)
        at java.util.concurrent.ScheduledThreadPoolExecutor$DelayedWorkQueue.take(ScheduledThreadPoolExecutor.java:1093)
        at java.util.concurrent.ScheduledThreadPoolExecutor$DelayedWorkQueue.take(ScheduledThreadPoolExecutor.java:809)
        at java.util.concurrent.ThreadPoolExecutor.getTask(ThreadPoolExecutor.java:1074)
        at java.util.concurrent.ThreadPoolExecutor.runWorker(ThreadPoolExecutor.java:1134)
        at java.util.concurrent.ThreadPoolExecutor$Worker.run(ThreadPoolExecutor.java:624)
        at java.lang.Thread.run(Thread.java:750)
"IPC Server handler 44 on default port 15002" daemon prio=5 tid=300 timed_waiting
java.lang.Thread.State: TIMED_WAITING
        at sun.misc.Unsafe.park(Native Method)
        at java.util.concurrent.locks.LockSupport.parkNanos(LockSupport.java:215)
        at java.util.concurrent.locks.AbstractQueuedSynchronizer$ConditionObject.awaitNanos(AbstractQueuedSynchronizer.java:2078)
        at java.util.concurrent.LinkedBlockingQueue.poll(LinkedBlockingQueue.java:467)
        at org.apache.hadoop.ipc.CallQueueManager.take(CallQueueManager.java:317)
        at org.apache.hadoop.ipc.Server$Handler.run(Server.java:3014)
"EventQueue-StartAdminOnNodeForStartDatanodeAdminHandler" daemon prio=5 tid=1046 in Object.wait()
java.lang.Thread.State: WAITING (on object monitor)
        at sun.misc.Unsafe.park(Native Method)
        at java.util.concurrent.locks.LockSupport.park(LockSupport.java:175)
        at java.util.concurrent.locks.AbstractQueuedSynchronizer$ConditionObject.await(AbstractQueuedSynchronizer.java:2039)
        at java.util.concurrent.LinkedBlockingQueue.take(LinkedBlockingQueue.java:442)
        at java.util.concurrent.ThreadPoolExecutor.getTask(ThreadPoolExecutor.java:1074)
        at java.util.concurrent.ThreadPoolExecutor.runWorker(ThreadPoolExecutor.java:1134)
        at java.util.concurrent.ThreadPoolExecutor$Worker.run(ThreadPoolExecutor.java:624)
        at java.lang.Thread.run(Thread.java:750)
"59c3495a-7636-40f9-8dfa-c28be8e98abd@group-82A21D15CBF7->cc1e4d3c-2283-4c28-b737-db868cb45369-GrpcLogAppender-LogAppenderDaemon" daemon prio=5 tid=1166 timed_waiting
java.lang.Thread.State: TIMED_WAITING
        at sun.misc.Unsafe.park(Native Method)
        at java.util.concurrent.locks.LockSupport.parkNanos(LockSupport.java:215)
        at java.util.concurrent.locks.AbstractQueuedSynchronizer$ConditionObject.await(AbstractQueuedSynchronizer.java:2163)
        at org.apache.ratis.util.AwaitForSignal.await(AwaitForSignal.java:65)
        at org.apache.ratis.grpc.server.GrpcLogAppender.mayWait(GrpcLogAppender.java:286)
        at org.apache.ratis.grpc.server.GrpcLogAppender.run(GrpcLogAppender.java:254)
        at org.apache.ratis.server.leader.LogAppenderDaemon.run(LogAppenderDaemon.java:80)
        at org.apache.ratis.server.leader.LogAppenderDaemon$$Lambda$1703/982418488.run(Unknown Source)
        at java.lang.Thread.run(Thread.java:750)
"IPC Server handler 45 on default port 15009" daemon prio=5 tid=514 timed_waiting
java.lang.Thread.State: TIMED_WAITING
        at sun.misc.Unsafe.park(Native Method)
        at java.util.concurrent.locks.LockSupport.parkNanos(LockSupport.java:215)
        at java.util.concurrent.locks.AbstractQueuedSynchronizer$ConditionObject.awaitNanos(AbstractQueuedSynchronizer.java:2078)
        at java.util.concurrent.LinkedBlockingQueue.poll(LinkedBlockingQueue.java:467)
        at org.apache.hadoop.ipc.CallQueueManager.take(CallQueueManager.java:317)
        at org.apache.hadoop.ipc.Server$Handler.run(Server.java:3014)
"EventQueue-NodeRegistrationContainerReportForContainerSafeModeRule" daemon prio=5 tid=817 in Object.wait()
java.lang.Thread.State: WAITING (on object monitor)
        at sun.misc.Unsafe.park(Native Method)
        at java.util.concurrent.locks.LockSupport.park(LockSupport.java:175)
        at java.util.concurrent.locks.AbstractQueuedSynchronizer$ConditionObject.await(AbstractQueuedSynchronizer.java:2039)
        at java.util.concurrent.LinkedBlockingQueue.take(LinkedBlockingQueue.java:442)
        at java.util.concurrent.ThreadPoolExecutor.getTask(ThreadPoolExecutor.java:1074)
        at java.util.concurrent.ThreadPoolExecutor.runWorker(ThreadPoolExecutor.java:1134)
        at java.util.concurrent.ThreadPoolExecutor$Worker.run(ThreadPoolExecutor.java:624)
        at java.lang.Thread.run(Thread.java:750)
"IPC Server handler 52 on default port 15001" daemon prio=5 tid=208 timed_waiting
java.lang.Thread.State: TIMED_WAITING
        at sun.misc.Unsafe.park(Native Method)
        at java.util.concurrent.locks.LockSupport.parkNanos(LockSupport.java:215)
        at java.util.concurrent.locks.AbstractQueuedSynchronizer$ConditionObject.awaitNanos(AbstractQueuedSynchronizer.java:2078)
        at java.util.concurrent.LinkedBlockingQueue.poll(LinkedBlockingQueue.java:467)
        at org.apache.hadoop.ipc.CallQueueManager.take(CallQueueManager.java:317)
        at org.apache.hadoop.ipc.Server$Handler.run(Server.java:3014)
"qtp462164160-612-acceptor-0@5809f453-ServerConnector@858ef7c{HTTP/1.1, (http/1.1)}{0.0.0.0:15020}" daemon prio=3 tid=612 runnable
java.lang.Thread.State: RUNNABLE
        at sun.nio.ch.ServerSocketChannelImpl.accept0(Native Method)
        at sun.nio.ch.ServerSocketChannelImpl.accept(ServerSocketChannelImpl.java:421)
        at sun.nio.ch.ServerSocketChannelImpl.accept(ServerSocketChannelImpl.java:249)
        at org.eclipse.jetty.server.ServerConnector.accept(ServerConnector.java:388)
        at org.eclipse.jetty.server.AbstractConnector$Acceptor.run(AbstractConnector.java:704)
        at org.eclipse.jetty.util.thread.QueuedThreadPool.runJob(QueuedThreadPool.java:883)
        at org.eclipse.jetty.util.thread.QueuedThreadPool$Runner.run(QueuedThreadPool.java:1034)
        at java.lang.Thread.run(Thread.java:750)
"a40aef6e-dfc7-4141-9a41-17d72bf4eeff-DatanodeReportManager-1" daemon prio=5 tid=682 in Object.wait()
java.lang.Thread.State: WAITING (on object monitor)
        at sun.misc.Unsafe.park(Native Method)
        at java.util.concurrent.locks.LockSupport.park(LockSupport.java:175)
        at java.util.concurrent.locks.AbstractQueuedSynchronizer$ConditionObject.await(AbstractQueuedSynchronizer.java:2039)
        at java.util.concurrent.ScheduledThreadPoolExecutor$DelayedWorkQueue.take(ScheduledThreadPoolExecutor.java:1088)
        at java.util.concurrent.ScheduledThreadPoolExecutor$DelayedWorkQueue.take(ScheduledThreadPoolExecutor.java:809)
        at java.util.concurrent.ThreadPoolExecutor.getTask(ThreadPoolExecutor.java:1074)
        at java.util.concurrent.ThreadPoolExecutor.runWorker(ThreadPoolExecutor.java:1134)
        at java.util.concurrent.ThreadPoolExecutor$Worker.run(ThreadPoolExecutor.java:624)
        at java.lang.Thread.run(Thread.java:750)
"IPC Server handler 5 on default port 15001" daemon prio=5 tid=161 timed_waiting
java.lang.Thread.State: TIMED_WAITING
        at sun.misc.Unsafe.park(Native Method)
        at java.util.concurrent.locks.LockSupport.parkNanos(LockSupport.java:215)
        at java.util.concurrent.locks.AbstractQueuedSynchronizer$ConditionObject.awaitNanos(AbstractQueuedSynchronizer.java:2078)
        at java.util.concurrent.LinkedBlockingQueue.poll(LinkedBlockingQueue.java:467)
        at org.apache.hadoop.ipc.CallQueueManager.take(CallQueueManager.java:317)
        at org.apache.hadoop.ipc.Server$Handler.run(Server.java:3014)
"om1-KeyDeletingService#0" daemon prio=5 tid=395 timed_waiting
java.lang.Thread.State: TIMED_WAITING
        at sun.misc.Unsafe.park(Native Method)
        at java.util.concurrent.locks.LockSupport.parkNanos(LockSupport.java:215)
        at java.util.concurrent.locks.AbstractQueuedSynchronizer$ConditionObject.awaitNanos(AbstractQueuedSynchronizer.java:2078)
        at java.util.concurrent.ScheduledThreadPoolExecutor$DelayedWorkQueue.take(ScheduledThreadPoolExecutor.java:1093)
        at java.util.concurrent.ScheduledThreadPoolExecutor$DelayedWorkQueue.take(ScheduledThreadPoolExecutor.java:809)
        at java.util.concurrent.ThreadPoolExecutor.getTask(ThreadPoolExecutor.java:1074)
        at java.util.concurrent.ThreadPoolExecutor.runWorker(ThreadPoolExecutor.java:1134)
        at java.util.concurrent.ThreadPoolExecutor$Worker.run(ThreadPoolExecutor.java:624)
        at java.lang.Thread.run(Thread.java:750)
"IPC Server handler 31 on default port 15009" daemon prio=5 tid=500 timed_waiting
java.lang.Thread.State: TIMED_WAITING
        at sun.misc.Unsafe.park(Native Method)
        at java.util.concurrent.locks.LockSupport.parkNanos(LockSupport.java:215)
        at java.util.concurrent.locks.AbstractQueuedSynchronizer$ConditionObject.awaitNanos(AbstractQueuedSynchronizer.java:2078)
        at java.util.concurrent.LinkedBlockingQueue.poll(LinkedBlockingQueue.java:467)
        at org.apache.hadoop.ipc.CallQueueManager.take(CallQueueManager.java:317)
        at org.apache.hadoop.ipc.Server$Handler.run(Server.java:3014)
"IPC Client (583361835) connection to 0.0.0.0/0.0.0.0:15009 from runner" daemon prio=5 tid=721 timed_waiting
java.lang.Thread.State: TIMED_WAITING
        at java.lang.Object.wait(Native Method)
        at org.apache.hadoop.ipc.Client$Connection.waitForWork(Client.java:1026)
        at org.apache.hadoop.ipc.Client$Connection.run(Client.java:1077)
"IPC Server handler 97 on default port 15002" daemon prio=5 tid=353 timed_waiting
java.lang.Thread.State: TIMED_WAITING
        at sun.misc.Unsafe.park(Native Method)
        at java.util.concurrent.locks.LockSupport.parkNanos(LockSupport.java:215)
        at java.util.concurrent.locks.AbstractQueuedSynchronizer$ConditionObject.awaitNanos(AbstractQueuedSynchronizer.java:2078)
        at java.util.concurrent.LinkedBlockingQueue.poll(LinkedBlockingQueue.java:467)
        at org.apache.hadoop.ipc.CallQueueManager.take(CallQueueManager.java:317)
        at org.apache.hadoop.ipc.Server$Handler.run(Server.java:3014)
"IPC Server handler 89 on default port 15009" daemon prio=5 tid=558 timed_waiting
java.lang.Thread.State: TIMED_WAITING
        at sun.misc.Unsafe.park(Native Method)
        at java.util.concurrent.locks.LockSupport.parkNanos(LockSupport.java:215)
        at java.util.concurrent.locks.AbstractQueuedSynchronizer$ConditionObject.awaitNanos(AbstractQueuedSynchronizer.java:2078)
        at java.util.concurrent.LinkedBlockingQueue.poll(LinkedBlockingQueue.java:467)
        at org.apache.hadoop.ipc.CallQueueManager.take(CallQueueManager.java:317)
        at org.apache.hadoop.ipc.Server$Handler.run(Server.java:3014)
"IPC Server handler 8 on default port 15000" daemon prio=5 tid=64 timed_waiting
java.lang.Thread.State: TIMED_WAITING
        at sun.misc.Unsafe.park(Native Method)
        at java.util.concurrent.locks.LockSupport.parkNanos(LockSupport.java:215)
        at java.util.concurrent.locks.AbstractQueuedSynchronizer$ConditionObject.awaitNanos(AbstractQueuedSynchronizer.java:2078)
        at java.util.concurrent.LinkedBlockingQueue.poll(LinkedBlockingQueue.java:467)
        at org.apache.hadoop.ipc.CallQueueManager.take(CallQueueManager.java:317)
        at org.apache.hadoop.ipc.Server$Handler.run(Server.java:3014)
"a40aef6e-dfc7-4141-9a41-17d72bf4eeff-ChunkReader-ELG-0" daemon prio=5 tid=791 runnable
java.lang.Thread.State: RUNNABLE
        at org.apache.ratis.thirdparty.io.netty.channel.epoll.Native.epollWait(Native Method)
        at org.apache.ratis.thirdparty.io.netty.channel.epoll.Native.epollWait(Native.java:209)
        at org.apache.ratis.thirdparty.io.netty.channel.epoll.Native.epollWait(Native.java:202)
        at org.apache.ratis.thirdparty.io.netty.channel.epoll.EpollEventLoop.epollWaitNoTimerChange(EpollEventLoop.java:316)
        at org.apache.ratis.thirdparty.io.netty.channel.epoll.EpollEventLoop.run(EpollEventLoop.java:373)
        at org.apache.ratis.thirdparty.io.netty.util.concurrent.SingleThreadEventExecutor$4.run(SingleThreadEventExecutor.java:997)
        at org.apache.ratis.thirdparty.io.netty.util.internal.ThreadExecutorMap$2.run(ThreadExecutorMap.java:74)
        at java.lang.Thread.run(Thread.java:750)
"d1715241-1ffa-4146-b219-94c9c0fc171f@group-89087E71B146-SegmentedRaftLogWorker"  prio=5 tid=1123 timed_waiting
java.lang.Thread.State: TIMED_WAITING
        at sun.misc.Unsafe.park(Native Method)
        at java.util.concurrent.locks.LockSupport.parkNanos(LockSupport.java:215)
        at java.util.concurrent.locks.AbstractQueuedSynchronizer$ConditionObject.awaitNanos(AbstractQueuedSynchronizer.java:2078)
        at org.apache.ratis.util.DataBlockingQueue.poll(DataBlockingQueue.java:148)
        at org.apache.ratis.server.raftlog.segmented.SegmentedRaftLogWorker.run(SegmentedRaftLogWorker.java:299)
        at org.apache.ratis.server.raftlog.segmented.SegmentedRaftLogWorker$$Lambda$997/2039256444.run(Unknown Source)
        at java.util.concurrent.Executors$RunnableAdapter.call(Executors.java:511)
        at java.util.concurrent.FutureTask.run(FutureTask.java:266)
        at java.util.concurrent.ThreadPoolExecutor.runWorker(ThreadPoolExecutor.java:1149)
        at java.util.concurrent.ThreadPoolExecutor$Worker.run(ThreadPoolExecutor.java:624)
        at java.lang.Thread.run(Thread.java:750)
"IPC Server handler 32 on default port 15001" daemon prio=5 tid=188 timed_waiting
java.lang.Thread.State: TIMED_WAITING
        at sun.misc.Unsafe.park(Native Method)
        at java.util.concurrent.locks.LockSupport.parkNanos(LockSupport.java:215)
        at java.util.concurrent.locks.AbstractQueuedSynchronizer$ConditionObject.awaitNanos(AbstractQueuedSynchronizer.java:2078)
        at java.util.concurrent.LinkedBlockingQueue.poll(LinkedBlockingQueue.java:467)
        at org.apache.hadoop.ipc.CallQueueManager.take(CallQueueManager.java:317)
        at org.apache.hadoop.ipc.Server$Handler.run(Server.java:3014)
"IPC Server handler 2 on default port 15001" daemon prio=5 tid=158 timed_waiting
java.lang.Thread.State: TIMED_WAITING
        at sun.misc.Unsafe.park(Native Method)
        at java.util.concurrent.locks.LockSupport.parkNanos(LockSupport.java:215)
        at java.util.concurrent.locks.AbstractQueuedSynchronizer$ConditionObject.awaitNanos(AbstractQueuedSynchronizer.java:2078)
        at java.util.concurrent.LinkedBlockingQueue.poll(LinkedBlockingQueue.java:467)
        at org.apache.hadoop.ipc.CallQueueManager.take(CallQueueManager.java:317)
        at org.apache.hadoop.ipc.Server$Handler.run(Server.java:3014)
"Session-HouseKeeper-6ab23bf0-1"  prio=5 tid=617 timed_waiting
java.lang.Thread.State: TIMED_WAITING
        at sun.misc.Unsafe.park(Native Method)
        at java.util.concurrent.locks.LockSupport.parkNanos(LockSupport.java:215)
        at java.util.concurrent.locks.AbstractQueuedSynchronizer$ConditionObject.awaitNanos(AbstractQueuedSynchronizer.java:2078)
        at java.util.concurrent.ScheduledThreadPoolExecutor$DelayedWorkQueue.take(ScheduledThreadPoolExecutor.java:1093)
        at java.util.concurrent.ScheduledThreadPoolExecutor$DelayedWorkQueue.take(ScheduledThreadPoolExecutor.java:809)
        at java.util.concurrent.ThreadPoolExecutor.getTask(ThreadPoolExecutor.java:1074)
        at java.util.concurrent.ThreadPoolExecutor.runWorker(ThreadPoolExecutor.java:1134)
        at java.util.concurrent.ThreadPoolExecutor$Worker.run(ThreadPoolExecutor.java:624)
        at java.lang.Thread.run(Thread.java:750)
"IPC Server handler 94 on default port 15001" daemon prio=5 tid=250 timed_waiting
java.lang.Thread.State: TIMED_WAITING
        at sun.misc.Unsafe.park(Native Method)
        at java.util.concurrent.locks.LockSupport.parkNanos(LockSupport.java:215)
        at java.util.concurrent.locks.AbstractQueuedSynchronizer$ConditionObject.awaitNanos(AbstractQueuedSynchronizer.java:2078)
        at java.util.concurrent.LinkedBlockingQueue.poll(LinkedBlockingQueue.java:467)
        at org.apache.hadoop.ipc.CallQueueManager.take(CallQueueManager.java:317)
        at org.apache.hadoop.ipc.Server$Handler.run(Server.java:3014)
"IPC Server handler 9 on default port 15004" daemon prio=5 tid=421 timed_waiting
java.lang.Thread.State: TIMED_WAITING
        at sun.misc.Unsafe.park(Native Method)
        at java.util.concurrent.locks.LockSupport.parkNanos(LockSupport.java:215)
        at java.util.concurrent.locks.AbstractQueuedSynchronizer$ConditionObject.awaitNanos(AbstractQueuedSynchronizer.java:2078)
        at java.util.concurrent.LinkedBlockingQueue.poll(LinkedBlockingQueue.java:467)
        at org.apache.hadoop.ipc.CallQueueManager.take(CallQueueManager.java:317)
        at org.apache.hadoop.ipc.Server$Handler.run(Server.java:3014)
"SSL Certificates Store Monitor" daemon prio=5 tid=1119 in Object.wait()
java.lang.Thread.State: WAITING (on object monitor)
        at java.lang.Object.wait(Native Method)
        at java.lang.Object.wait(Object.java:502)
        at java.util.TimerThread.mainLoop(Timer.java:526)
        at java.util.TimerThread.run(Timer.java:505)
"d1715241-1ffa-4146-b219-94c9c0fc171f-ContainerReplicationThread-0" daemon prio=5 tid=1110 in Object.wait()
java.lang.Thread.State: WAITING (on object monitor)
        at sun.misc.Unsafe.park(Native Method)
        at java.util.concurrent.locks.LockSupport.park(LockSupport.java:175)
        at java.util.concurrent.locks.AbstractQueuedSynchronizer$ConditionObject.await(AbstractQueuedSynchronizer.java:2039)
        at java.util.concurrent.PriorityBlockingQueue.take(PriorityBlockingQueue.java:549)
        at java.util.concurrent.ThreadPoolExecutor.getTask(ThreadPoolExecutor.java:1074)
        at java.util.concurrent.ThreadPoolExecutor.runWorker(ThreadPoolExecutor.java:1134)
        at java.util.concurrent.ThreadPoolExecutor$Worker.run(ThreadPoolExecutor.java:624)
        at java.lang.Thread.run(Thread.java:750)
"Session-HouseKeeper-7a7d3cf4-1"  prio=5 tid=464 timed_waiting
java.lang.Thread.State: TIMED_WAITING
        at sun.misc.Unsafe.park(Native Method)
        at java.util.concurrent.locks.LockSupport.parkNanos(LockSupport.java:215)
        at java.util.concurrent.locks.AbstractQueuedSynchronizer$ConditionObject.awaitNanos(AbstractQueuedSynchronizer.java:2078)
        at java.util.concurrent.ScheduledThreadPoolExecutor$DelayedWorkQueue.take(ScheduledThreadPoolExecutor.java:1093)
        at java.util.concurrent.ScheduledThreadPoolExecutor$DelayedWorkQueue.take(ScheduledThreadPoolExecutor.java:809)
        at java.util.concurrent.ThreadPoolExecutor.getTask(ThreadPoolExecutor.java:1074)
        at java.util.concurrent.ThreadPoolExecutor.runWorker(ThreadPoolExecutor.java:1134)
        at java.util.concurrent.ThreadPoolExecutor$Worker.run(ThreadPoolExecutor.java:624)
        at java.lang.Thread.run(Thread.java:750)
"IPC Server handler 96 on default port 15002" daemon prio=5 tid=352 timed_waiting
java.lang.Thread.State: TIMED_WAITING
        at sun.misc.Unsafe.park(Native Method)
        at java.util.concurrent.locks.LockSupport.parkNanos(LockSupport.java:215)
        at java.util.concurrent.locks.AbstractQueuedSynchronizer$ConditionObject.awaitNanos(AbstractQueuedSynchronizer.java:2078)
        at java.util.concurrent.LinkedBlockingQueue.poll(LinkedBlockingQueue.java:467)
        at org.apache.hadoop.ipc.CallQueueManager.take(CallQueueManager.java:317)
        at org.apache.hadoop.ipc.Server$Handler.run(Server.java:3014)
"Hadoop-Metrics-Updater-0" daemon prio=5 tid=34 timed_waiting
java.lang.Thread.State: TIMED_WAITING
        at sun.misc.Unsafe.park(Native Method)
        at java.util.concurrent.locks.LockSupport.parkNanos(LockSupport.java:215)
        at java.util.concurrent.locks.AbstractQueuedSynchronizer$ConditionObject.awaitNanos(AbstractQueuedSynchronizer.java:2078)
        at java.util.concurrent.ScheduledThreadPoolExecutor$DelayedWorkQueue.take(ScheduledThreadPoolExecutor.java:1093)
        at java.util.concurrent.ScheduledThreadPoolExecutor$DelayedWorkQueue.take(ScheduledThreadPoolExecutor.java:809)
        at java.util.concurrent.ThreadPoolExecutor.getTask(ThreadPoolExecutor.java:1074)
        at java.util.concurrent.ThreadPoolExecutor.runWorker(ThreadPoolExecutor.java:1134)
        at java.util.concurrent.ThreadPoolExecutor$Worker.run(ThreadPoolExecutor.java:624)
        at java.lang.Thread.run(Thread.java:750)
"SSL Certificates Store Monitor" daemon prio=5 tid=439 in Object.wait()
java.lang.Thread.State: WAITING (on object monitor)
        at java.lang.Object.wait(Native Method)
        at java.lang.Object.wait(Object.java:502)
        at java.util.TimerThread.mainLoop(Timer.java:526)
        at java.util.TimerThread.run(Timer.java:505)
"BackgroundPipelineScrubber" daemon prio=5 tid=23 timed_waiting
java.lang.Thread.State: TIMED_WAITING
        at java.lang.Object.wait(Native Method)
        at org.apache.hadoop.hdds.scm.ha.BackgroundSCMService.run(BackgroundSCMService.java:107)
        at org.apache.hadoop.hdds.scm.ha.BackgroundSCMService$$Lambda$561/2086062353.run(Unknown Source)
        at java.lang.Thread.run(Thread.java:750)
"IPC Server handler 12 on default port 15000" daemon prio=5 tid=68 timed_waiting
java.lang.Thread.State: TIMED_WAITING
        at sun.misc.Unsafe.park(Native Method)
        at java.util.concurrent.locks.LockSupport.parkNanos(LockSupport.java:215)
        at java.util.concurrent.locks.AbstractQueuedSynchronizer$ConditionObject.awaitNanos(AbstractQueuedSynchronizer.java:2078)
        at java.util.concurrent.LinkedBlockingQueue.poll(LinkedBlockingQueue.java:467)
        at org.apache.hadoop.ipc.CallQueueManager.take(CallQueueManager.java:317)
        at org.apache.hadoop.ipc.Server$Handler.run(Server.java:3014)


	at org.apache.ozone.test.GenericTestUtils.waitFor(GenericTestUtils.java:204)
	at org.apache.hadoop.ozone.container.TestHelper.waitForReplicaCount(TestHelper.java:444)
	at org.apache.hadoop.ozone.recon.TestReconAndAdminContainerCLI.testNodesInDecommissionOrMaintenance(TestReconAndAdminContainerCLI.java:264)
	at java.lang.reflect.Method.invoke(Method.java:498)
	at java.util.stream.ForEachOps$ForEachOp$OfRef.accept(ForEachOps.java:183)
	at java.util.stream.ReferencePipeline$3$1.accept(ReferencePipeline.java:193)
	at java.util.stream.ReferencePipeline$2$1.accept(ReferencePipeline.java:175)
	at java.util.stream.ReferencePipeline$3$1.accept(ReferencePipeline.java:193)
	at java.util.stream.ForEachOps$ForEachOp$OfRef.accept(ForEachOps.java:183)
	at java.util.stream.ReferencePipeline$3$1.accept(ReferencePipeline.java:193)
	at java.util.stream.ReferencePipeline$3$1.accept(ReferencePipeline.java:193)
	at java.util.stream.ReferencePipeline$3$1.accept(ReferencePipeline.java:193)
	at java.util.stream.ForEachOps$ForEachOp$OfRef.accept(ForEachOps.java:183)
	at java.util.stream.ReferencePipeline$3$1.accept(ReferencePipeline.java:193)
	at java.util.Spliterators$ArraySpliterator.forEachRemaining(Spliterators.java:948)
	at java.util.stream.ReferencePipeline$Head.forEach(ReferencePipeline.java:647)
	at java.util.stream.ReferencePipeline$7$1.accept(ReferencePipeline.java:272)
	at java.util.stream.ReferencePipeline$3$1.accept(ReferencePipeline.java:193)
	at java.util.stream.ReferencePipeline$3$1.accept(ReferencePipeline.java:193)
	at java.util.stream.ReferencePipeline$3$1.accept(ReferencePipeline.java:193)
	at java.util.Spliterators$ArraySpliterator.forEachRemaining(Spliterators.java:948)
	at java.util.stream.AbstractPipeline.copyInto(AbstractPipeline.java:482)
	at java.util.stream.AbstractPipeline.wrapAndCopyInto(AbstractPipeline.java:472)
	at java.util.stream.ForEachOps$ForEachOp.evaluateSequential(ForEachOps.java:150)
	at java.util.stream.ForEachOps$ForEachOp$OfRef.evaluateSequential(ForEachOps.java:173)
	at java.util.stream.AbstractPipeline.evaluate(AbstractPipeline.java:234)
	at java.util.stream.ReferencePipeline.forEach(ReferencePipeline.java:485)
	at java.util.stream.ReferencePipeline$7$1.accept(ReferencePipeline.java:272)
	at java.util.stream.ReferencePipeline$3$1.accept(ReferencePipeline.java:193)
	at java.util.stream.ReferencePipeline$3$1.accept(ReferencePipeline.java:193)
	at java.util.stream.ReferencePipeline$3$1.accept(ReferencePipeline.java:193)
	at java.util.ArrayList$ArrayListSpliterator.forEachRemaining(ArrayList.java:1384)
	at java.util.stream.AbstractPipeline.copyInto(AbstractPipeline.java:482)
	at java.util.stream.AbstractPipeline.wrapAndCopyInto(AbstractPipeline.java:472)
	at java.util.stream.ForEachOps$ForEachOp.evaluateSequential(ForEachOps.java:150)
	at java.util.stream.ForEachOps$ForEachOp$OfRef.evaluateSequential(ForEachOps.java:173)
	at java.util.stream.AbstractPipeline.evaluate(AbstractPipeline.java:234)
	at java.util.stream.ReferencePipeline.forEach(ReferencePipeline.java:485)
	at java.util.stream.ReferencePipeline$7$1.accept(ReferencePipeline.java:272)
	at java.util.ArrayList$ArrayListSpliterator.forEachRemaining(ArrayList.java:1384)
	at java.util.stream.AbstractPipeline.copyInto(AbstractPipeline.java:482)
	at java.util.stream.AbstractPipeline.wrapAndCopyInto(AbstractPipeline.java:472)
	at java.util.stream.ForEachOps$ForEachOp.evaluateSequential(ForEachOps.java:150)
	at java.util.stream.ForEachOps$ForEachOp$OfRef.evaluateSequential(ForEachOps.java:173)
	at java.util.stream.AbstractPipeline.evaluate(AbstractPipeline.java:234)
	at java.util.stream.ReferencePipeline.forEach(ReferencePipeline.java:485)
	at java.util.ArrayList.forEach(ArrayList.java:1259)
	at java.util.ArrayList.forEach(ArrayList.java:1259)
]]></error>
    <system-out><![CDATA[2024-04-06 10:34:06,738 [IPC Server handler 11 on default port 15000] INFO  node.NodeDecommissionManager (NodeDecommissionManager.java:decommissionNodes(320)) - Force flag = false. Checking if decommission is possible for dns: [ceb25050-cf9f-4852-a13e-a5ff0cf3b4d2(fv-az526-218.pah0jnozfufetaq2ul10ticbdc.dx.internal.cloudapp.net/10.1.0.10)]
2024-04-06 10:34:06,738 [IPC Server handler 11 on default port 15000] INFO  node.NodeDecommissionManager (NodeDecommissionManager.java:startDecommission(376)) - Starting Decommission for node ceb25050-cf9f-4852-a13e-a5ff0cf3b4d2(fv-az526-218.pah0jnozfufetaq2ul10ticbdc.dx.internal.cloudapp.net/10.1.0.10)
2024-04-06 10:34:06,738 [EventQueue-HealthyReadonlyToHealthyNodeForReadOnlyHealthyToHealthyNodeHandler] INFO  node.ReadOnlyHealthyToHealthyNodeHandler (ReadOnlyHealthyToHealthyNodeHandler.java:onMessage(51)) - Datanode ceb25050-cf9f-4852-a13e-a5ff0cf3b4d2(fv-az526-218.pah0jnozfufetaq2ul10ticbdc.dx.internal.cloudapp.net/10.1.0.10) moved to HEALTHY state.
2024-04-06 10:34:06,738 [EventQueue-HealthyReadonlyToHealthyNodeForReadOnlyHealthyToHealthyNodeHandler] INFO  pipeline.BackgroundPipelineCreator (BackgroundPipelineCreator.java:notifyEventTriggered(280)) - trigger a one-shot run on RatisPipelineUtilsThread.
Connecting to Recon: http://0.0.0.0:15008/api/v1/containers/unhealthy/UNDER_REPLICATED ...
2024-04-06 10:34:06,748 [d1715241-1ffa-4146-b219-94c9c0fc171f-PipelineCommandHandlerThread-0] INFO  segmented.SegmentedRaftLogWorker (SegmentedRaftLogWorker.java:close(245)) - d1715241-1ffa-4146-b219-94c9c0fc171f@group-836518D32A71-SegmentedRaftLogWorker close()
2024-04-06 10:34:06,752 [d1715241-1ffa-4146-b219-94c9c0fc171f-PipelineCommandHandlerThread-0] INFO  server.RaftServer$Division (RaftServerImpl.java:groupRemove(496)) - d1715241-1ffa-4146-b219-94c9c0fc171f@group-836518D32A71: Succeed to remove RaftStorageDirectory Storage Directory /home/runner/work/ozone/ozone/hadoop-ozone/integration-test/target/test-dir/MiniOzoneClusterImpl-9e1941cb-56ba-429e-854d-1e52595ce6ec/ozone-meta/datanode-3/ratis/47341687-34d7-44e9-a74c-836518d32a71
2024-04-06 10:34:06,752 [d1715241-1ffa-4146-b219-94c9c0fc171f-PipelineCommandHandlerThread-0] ERROR commandhandler.ClosePipelineCommandHandler (ClosePipelineCommandHandler.java:lambda$handle$2(137)) - Can't close pipeline PipelineID=47341687-34d7-44e9-a74c-836518d32a71
org.apache.ratis.protocol.exceptions.GroupMismatchException: d1715241-1ffa-4146-b219-94c9c0fc171f: group-836518D32A71 not found.
	at org.apache.ratis.server.impl.RaftServerProxy$ImplMap.get(RaftServerProxy.java:154)
	at org.apache.ratis.server.impl.RaftServerProxy.getImplFuture(RaftServerProxy.java:364)
	at org.apache.ratis.server.impl.RaftServerProxy.getImpl(RaftServerProxy.java:373)
	at org.apache.ratis.server.impl.RaftServerProxy.getDivision(RaftServerProxy.java:386)
	at org.apache.hadoop.ozone.container.common.transport.server.ratis.XceiverServerRatis.getRaftPeersInPipeline(XceiverServerRatis.java:951)
	at org.apache.hadoop.ozone.container.common.statemachine.commandhandler.ClosePipelineCommandHandler.lambda$handle$2(ClosePipelineCommandHandler.java:114)
	at java.util.concurrent.CompletableFuture$AsyncRun.run(CompletableFuture.java:1640)
	at java.util.concurrent.ThreadPoolExecutor.runWorker(ThreadPoolExecutor.java:1149)
	at java.util.concurrent.ThreadPoolExecutor$Worker.run(ThreadPoolExecutor.java:624)
	at java.lang.Thread.run(Thread.java:750)
Connecting to Recon: http://0.0.0.0:15008/api/v1/containers/unhealthy/OVER_REPLICATED ...
2024-04-06 10:34:07,009 [Recon-SyncOM-1] INFO  impl.OzoneManagerServiceProviderImpl (OzoneManagerServiceProviderImpl.java:syncDataFromOM(501)) - Syncing data from Ozone Manager.
2024-04-06 10:34:07,009 [Recon-SyncOM-1] INFO  impl.OzoneManagerServiceProviderImpl (OzoneManagerServiceProviderImpl.java:syncDataFromOM(511)) - Obtaining delta updates from Ozone Manager
2024-04-06 10:34:07,009 [Recon-SyncOM-1] INFO  impl.OzoneManagerServiceProviderImpl (OzoneManagerServiceProviderImpl.java:getAndApplyDeltaUpdatesFromOM(418)) - OriginalFromSequenceNumber : 15 
2024-04-06 10:34:07,011 [Recon-SyncOM-1] INFO  impl.OzoneManagerServiceProviderImpl (OzoneManagerServiceProviderImpl.java:innerGetAndApplyDeltaUpdatesFromOM(485)) - Number of updates received from OM : 0, SequenceNumber diff: 0, SequenceNumber Lag from OM 0, isDBUpdateSuccess: true
2024-04-06 10:34:07,011 [Recon-SyncOM-1] INFO  impl.OzoneManagerServiceProviderImpl (OzoneManagerServiceProviderImpl.java:getAndApplyDeltaUpdatesFromOM(438)) - Delta updates received from OM : 1 loops, 0 records
2024-04-06 10:34:07,144 [ContainerHealthTask] INFO  fsck.ContainerHealthTask (ContainerHealthTask.java:triggerContainerHealthCheck(140)) - Container Health task thread took 0 milliseconds to process 0 existing database records.
2024-04-06 10:34:07,146 [ContainerHealthTask] INFO  fsck.ContainerHealthTask (ContainerHealthTask.java:checkAndProcessContainers(166)) - Container Health task thread took 2 milliseconds for processing 1 containers.
2024-04-06 10:34:07,146 [ContainerHealthTask] INFO  fsck.ContainerHealthTask (ContainerHealthTask.java:lambda$logUnhealthyContainerStats$3(204)) - MISSING **Container State Stats:** 
	
2024-04-06 10:34:07,146 [ContainerHealthTask] INFO  fsck.ContainerHealthTask (ContainerHealthTask.java:lambda$logUnhealthyContainerStats$3(204)) - OVER_REPLICATED **Container State Stats:** 
	
2024-04-06 10:34:07,146 [ContainerHealthTask] INFO  fsck.ContainerHealthTask (ContainerHealthTask.java:lambda$logUnhealthyContainerStats$3(204)) - EMPTY_MISSING **Container State Stats:** 
	
2024-04-06 10:34:07,146 [ContainerHealthTask] INFO  fsck.ContainerHealthTask (ContainerHealthTask.java:lambda$logUnhealthyContainerStats$3(204)) - NEGATIVE_SIZE **Container State Stats:** 
	
2024-04-06 10:34:07,146 [ContainerHealthTask] INFO  fsck.ContainerHealthTask (ContainerHealthTask.java:lambda$logUnhealthyContainerStats$3(204)) - UNDER_REPLICATED **Container State Stats:** 
	
2024-04-06 10:34:07,147 [ContainerHealthTask] INFO  fsck.ContainerHealthTask (ContainerHealthTask.java:lambda$logUnhealthyContainerStats$3(204)) - MIS_REPLICATED **Container State Stats:** 
	
2024-04-06 10:34:07,147 [ContainerHealthTask] INFO  fsck.ContainerHealthTask (ContainerHealthTask.java:checkAndProcessContainers(179)) - Container Health task thread took 1 iterations to fetch all containers using batched approach with batch size of 1000
2024-04-06 10:34:07,594 [IPC Server handler 16 on default port 15002] INFO  node.SCMNodeManager (SCMNodeManager.java:updateDatanodeOpState(582)) - Scheduling a command to update the operationalState persisted on d1715241-1ffa-4146-b219-94c9c0fc171f(fv-az526-218.pah0jnozfufetaq2ul10ticbdc.dx.internal.cloudapp.net/10.1.0.10) as the reported value (ENTERING_MAINTENANCE, 0) does not match the value stored in SCM (IN_SERVICE, 0)
2024-04-06 10:34:07,597 [IPC Server handler 10 on default port 15002] INFO  node.SCMNodeManager (SCMNodeManager.java:updateDatanodeOpState(582)) - Scheduling a command to update the operationalState persisted on cc1e4d3c-2283-4c28-b737-db868cb45369(fv-az526-218.pah0jnozfufetaq2ul10ticbdc.dx.internal.cloudapp.net/10.1.0.10) as the reported value (IN_MAINTENANCE, 0) does not match the value stored in SCM (IN_SERVICE, 0)
2024-04-06 10:34:07,622 [DatanodeAdminManager-0] INFO  node.DatanodeAdminMonitorImpl (DatanodeAdminMonitorImpl.java:checkPipelinesClosedOnNode(398)) - Waiting for pipelines to close for org.apache.hadoop.hdds.scm.node.DatanodeAdminMonitorImpl$TrackedNode@ace0092f. There are 2 pipelines
2024-04-06 10:34:07,622 [EventQueue-StartAdminOnNodeForStartDatanodeAdminHandler] INFO  node.StartDatanodeAdminHandler (StartDatanodeAdminHandler.java:onMessage(55)) - Admin start on datanode ceb25050-cf9f-4852-a13e-a5ff0cf3b4d2(fv-az526-218.pah0jnozfufetaq2ul10ticbdc.dx.internal.cloudapp.net/10.1.0.10). Finalizing its pipelines [PipelineID=6caf9e5d-c9c4-4f3e-8e90-87ad1b61a246, PipelineID=15039d4b-d7f6-4769-9a85-becc45517e23]
2024-04-06 10:34:07,623 [EventQueue-StartAdminOnNodeForStartDatanodeAdminHandler] INFO  pipeline.PipelineManagerImpl (PipelineManagerImpl.java:closePipeline(518)) - Pipeline PipelineID=6caf9e5d-c9c4-4f3e-8e90-87ad1b61a246 moved to CLOSED state
2024-04-06 10:34:07,623 [EventQueue-StartAdminOnNodeForStartDatanodeAdminHandler] INFO  pipeline.PipelineManagerImpl (PipelineManagerImpl.java:closePipeline(518)) - Pipeline PipelineID=15039d4b-d7f6-4769-9a85-becc45517e23 moved to CLOSED state
2024-04-06 10:34:07,622 [DatanodeAdminManager-0] INFO  node.DatanodeAdminMonitorImpl (DatanodeAdminMonitorImpl.java:run(240)) - There are 1 nodes tracked for decommission and maintenance.  0 pending nodes.
2024-04-06 10:34:07,624 [ReplicationMonitor] INFO  replication.ReplicationManager (ReplicationManager.java:processAll(399)) - Replication Monitor Thread took 0 milliseconds for processing 1 containers.
2024-04-06 10:34:07,673 [IPC Server handler 15 on default port 15002] INFO  node.SCMNodeManager (SCMNodeManager.java:updateDatanodeOpState(582)) - Scheduling a command to update the operationalState persisted on ceb25050-cf9f-4852-a13e-a5ff0cf3b4d2(fv-az526-218.pah0jnozfufetaq2ul10ticbdc.dx.internal.cloudapp.net/10.1.0.10) as the reported value (IN_SERVICE, 0) does not match the value stored in SCM (DECOMMISSIONING, 0)
2024-04-06 10:34:08,013 [Recon-SyncOM-1] INFO  impl.OzoneManagerServiceProviderImpl (OzoneManagerServiceProviderImpl.java:syncDataFromOM(501)) - Syncing data from Ozone Manager.
2024-04-06 10:34:08,013 [Recon-SyncOM-1] INFO  impl.OzoneManagerServiceProviderImpl (OzoneManagerServiceProviderImpl.java:syncDataFromOM(511)) - Obtaining delta updates from Ozone Manager
2024-04-06 10:34:08,014 [Recon-SyncOM-1] INFO  impl.OzoneManagerServiceProviderImpl (OzoneManagerServiceProviderImpl.java:getAndApplyDeltaUpdatesFromOM(418)) - OriginalFromSequenceNumber : 15 
2024-04-06 10:34:08,015 [Recon-SyncOM-1] INFO  impl.OzoneManagerServiceProviderImpl (OzoneManagerServiceProviderImpl.java:innerGetAndApplyDeltaUpdatesFromOM(485)) - Number of updates received from OM : 0, SequenceNumber diff: 0, SequenceNumber Lag from OM 0, isDBUpdateSuccess: true
2024-04-06 10:34:08,015 [Recon-SyncOM-1] INFO  impl.OzoneManagerServiceProviderImpl (OzoneManagerServiceProviderImpl.java:getAndApplyDeltaUpdatesFromOM(438)) - Delta updates received from OM : 1 loops, 0 records
2024-04-06 10:34:08,147 [ContainerHealthTask] INFO  fsck.ContainerHealthTask (ContainerHealthTask.java:triggerContainerHealthCheck(140)) - Container Health task thread took 0 milliseconds to process 0 existing database records.
2024-04-06 10:34:08,150 [ContainerHealthTask] INFO  fsck.ContainerHealthTask (ContainerHealthTask.java:checkAndProcessContainers(166)) - Container Health task thread took 2 milliseconds for processing 1 containers.
2024-04-06 10:34:08,150 [ContainerHealthTask] INFO  fsck.ContainerHealthTask (ContainerHealthTask.java:lambda$logUnhealthyContainerStats$3(204)) - MISSING **Container State Stats:** 
	
2024-04-06 10:34:08,150 [ContainerHealthTask] INFO  fsck.ContainerHealthTask (ContainerHealthTask.java:lambda$logUnhealthyContainerStats$3(204)) - OVER_REPLICATED **Container State Stats:** 
	
2024-04-06 10:34:08,150 [ContainerHealthTask] INFO  fsck.ContainerHealthTask (ContainerHealthTask.java:lambda$logUnhealthyContainerStats$3(204)) - EMPTY_MISSING **Container State Stats:** 
	
2024-04-06 10:34:08,150 [ContainerHealthTask] INFO  fsck.ContainerHealthTask (ContainerHealthTask.java:lambda$logUnhealthyContainerStats$3(204)) - NEGATIVE_SIZE **Container State Stats:** 
	
2024-04-06 10:34:08,150 [ContainerHealthTask] INFO  fsck.ContainerHealthTask (ContainerHealthTask.java:lambda$logUnhealthyContainerStats$3(204)) - UNDER_REPLICATED **Container State Stats:** 
	
2024-04-06 10:34:08,150 [ContainerHealthTask] INFO  fsck.ContainerHealthTask (ContainerHealthTask.java:lambda$logUnhealthyContainerStats$3(204)) - MIS_REPLICATED **Container State Stats:** 
	
2024-04-06 10:34:08,150 [ContainerHealthTask] INFO  fsck.ContainerHealthTask (ContainerHealthTask.java:checkAndProcessContainers(179)) - Container Health task thread took 1 iterations to fetch all containers using batched approach with batch size of 1000
2024-04-06 10:34:08,594 [IPC Server handler 17 on default port 15009] INFO  node.SCMNodeManager (SCMNodeManager.java:updateDatanodeOpState(582)) - Scheduling a command to update the operationalState persisted on d1715241-1ffa-4146-b219-94c9c0fc171f(fv-az526-218.pah0jnozfufetaq2ul10ticbdc.dx.internal.cloudapp.net/10.1.0.10) as the reported value (IN_MAINTENANCE, 0) does not match the value stored in SCM (ENTERING_MAINTENANCE, 0)
2024-04-06 10:34:08,594 [d1715241-1ffa-4146-b219-94c9c0fc171f-CommandProcessorThread] INFO  replication.ReplicationSupervisor (ReplicationSupervisor.java:nodeStateUpdated(312)) - Node state updated to IN_MAINTENANCE, scaling executor pool size to 20
2024-04-06 10:34:08,594 [IPC Server handler 16 on default port 15002] INFO  node.SCMNodeManager (SCMNodeManager.java:updateDatanodeOpState(582)) - Scheduling a command to update the operationalState persisted on d1715241-1ffa-4146-b219-94c9c0fc171f(fv-az526-218.pah0jnozfufetaq2ul10ticbdc.dx.internal.cloudapp.net/10.1.0.10) as the reported value (IN_MAINTENANCE, 0) does not match the value stored in SCM (IN_SERVICE, 0)
2024-04-06 10:34:08,595 [d1715241-1ffa-4146-b219-94c9c0fc171f-PipelineCommandHandlerThread-0] INFO  server.RaftServer (RaftServerProxy.java:addNew(100)) - d1715241-1ffa-4146-b219-94c9c0fc171f: addNew group-89087E71B146:[d1715241-1ffa-4146-b219-94c9c0fc171f|10.1.0.10:15034] returns group-89087E71B146:java.util.concurrent.CompletableFuture@1ebacfc4[Not completed]
2024-04-06 10:34:08,596 [d1715241-1ffa-4146-b219-94c9c0fc171f-CommandProcessorThread] INFO  replication.ReplicationSupervisor (ReplicationSupervisor.java:nodeStateUpdated(312)) - Node state updated to IN_SERVICE, scaling executor pool size to 10
2024-04-06 10:34:08,596 [d1715241-1ffa-4146-b219-94c9c0fc171f-groupManagement] INFO  server.RaftServer$Division (RaftServerImpl.java:<init>(256)) - d1715241-1ffa-4146-b219-94c9c0fc171f: new RaftServerImpl for group-89087E71B146:[d1715241-1ffa-4146-b219-94c9c0fc171f|10.1.0.10:15034] with ContainerStateMachine:uninitialized
2024-04-06 10:34:08,597 [d1715241-1ffa-4146-b219-94c9c0fc171f-groupManagement] INFO  server.RaftServerConfigKeys (ConfUtils.java:logGet(46)) - raft.server.rpc.timeout.min = 5s (custom)
2024-04-06 10:34:08,597 [d1715241-1ffa-4146-b219-94c9c0fc171f-groupManagement] INFO  server.RaftServerConfigKeys (ConfUtils.java:logGet(46)) - raft.server.rpc.timeout.max = 5200ms (custom)
2024-04-06 10:34:08,597 [d1715241-1ffa-4146-b219-94c9c0fc171f-groupManagement] INFO  server.RaftServerConfigKeys (ConfUtils.java:logGet(46)) - raft.server.rpc.sleep.time = 25ms (default)
2024-04-06 10:34:08,597 [d1715241-1ffa-4146-b219-94c9c0fc171f-groupManagement] INFO  server.RaftServerConfigKeys (ConfUtils.java:logGet(46)) - raft.server.rpc.slowness.timeout = 300s (custom)
2024-04-06 10:34:08,597 [d1715241-1ffa-4146-b219-94c9c0fc171f-groupManagement] INFO  server.RaftServerConfigKeys (ConfUtils.java:logGet(46)) - raft.server.leaderelection.leader.step-down.wait-time = 10s (default)
2024-04-06 10:34:08,597 [d1715241-1ffa-4146-b219-94c9c0fc171f-groupManagement] INFO  server.RaftServerConfigKeys (ConfUtils.java:logGet(46)) - raft.server.leaderelection.member.majority-add = false (default)
2024-04-06 10:34:08,597 [d1715241-1ffa-4146-b219-94c9c0fc171f-groupManagement] INFO  server.RaftServerConfigKeys (ConfUtils.java:logGet(46)) - raft.server.sleep.deviation.threshold = 300ms (default)
2024-04-06 10:34:08,597 [d1715241-1ffa-4146-b219-94c9c0fc171f-groupManagement] INFO  server.RaftServer$Division (ServerState.java:<init>(113)) - d1715241-1ffa-4146-b219-94c9c0fc171f@group-89087E71B146: ConfigurationManager, init=-1: peers:[d1715241-1ffa-4146-b219-94c9c0fc171f|10.1.0.10:15034]|listeners:[], old=null, confs=<EMPTY_MAP>
2024-04-06 10:34:08,597 [d1715241-1ffa-4146-b219-94c9c0fc171f-groupManagement] INFO  server.RaftServerConfigKeys (ConfUtils.java:logGet(46)) - raft.server.notification.no-leader.timeout = 300s (custom)
2024-04-06 10:34:08,597 [d1715241-1ffa-4146-b219-94c9c0fc171f-groupManagement] INFO  server.RaftServerConfigKeys (ConfUtils.java:logGet(46)) - raft.server.read.timeout = 10s (default)
2024-04-06 10:34:08,597 [d1715241-1ffa-4146-b219-94c9c0fc171f-groupManagement] INFO  server.RaftServerConfigKeys (ConfUtils.java:logGet(46)) - raft.server.retrycache.expirytime = 600000ms (custom)
2024-04-06 10:34:08,597 [d1715241-1ffa-4146-b219-94c9c0fc171f-groupManagement] INFO  server.RaftServerConfigKeys (ConfUtils.java:logGet(46)) - raft.server.retrycache.statistics.expirytime = 100ms (default)
2024-04-06 10:34:08,598 [d1715241-1ffa-4146-b219-94c9c0fc171f-groupManagement] INFO  server.RaftServerConfigKeys (ConfUtils.java:logGet(46)) - raft.server.read.option = DEFAULT (default)
2024-04-06 10:34:08,598 [d1715241-1ffa-4146-b219-94c9c0fc171f-groupManagement] INFO  server.RaftServerConfigKeys (ConfUtils.java:logGet(46)) - raft.server.read.read-after-write-consistent.write-index-cache.expiry-time = 60s (default)
2024-04-06 10:34:08,600 [IPC Server handler 10 on default port 15002] INFO  node.SCMNodeManager (SCMNodeManager.java:updateDatanodeOpState(582)) - Scheduling a command to update the operationalState persisted on cc1e4d3c-2283-4c28-b737-db868cb45369(fv-az526-218.pah0jnozfufetaq2ul10ticbdc.dx.internal.cloudapp.net/10.1.0.10) as the reported value (IN_MAINTENANCE, 0) does not match the value stored in SCM (IN_SERVICE, 0)
2024-04-06 10:34:08,601 [d1715241-1ffa-4146-b219-94c9c0fc171f-groupManagement] INFO  server.RaftServerConfigKeys (ConfUtils.java:logGet(46)) - raft.server.rpc.request.timeout = 60s (custom)
2024-04-06 10:34:08,601 [d1715241-1ffa-4146-b219-94c9c0fc171f-groupManagement] INFO  server.RaftServerConfigKeys (ConfUtils.java:logGet(46)) - raft.server.log.appender.install.snapshot.enabled = false (custom)
2024-04-06 10:34:08,601 [d1715241-1ffa-4146-b219-94c9c0fc171f-groupManagement] INFO  server.RaftServerConfigKeys (ConfUtils.java:logGet(46)) - raft.server.threadpool.server.cached = true (default)
2024-04-06 10:34:08,601 [d1715241-1ffa-4146-b219-94c9c0fc171f-groupManagement] INFO  server.RaftServerConfigKeys (ConfUtils.java:logGet(46)) - raft.server.threadpool.server.size = 0 (default)
2024-04-06 10:34:08,601 [d1715241-1ffa-4146-b219-94c9c0fc171f-groupManagement] INFO  server.RaftServerConfigKeys (ConfUtils.java:logGet(46)) - raft.server.threadpool.client.cached = true (default)
2024-04-06 10:34:08,601 [d1715241-1ffa-4146-b219-94c9c0fc171f-groupManagement] INFO  server.RaftServerConfigKeys (ConfUtils.java:logGet(46)) - raft.server.threadpool.client.size = 0 (default)
2024-04-06 10:34:08,601 [d1715241-1ffa-4146-b219-94c9c0fc171f-groupManagement] INFO  server.RaftServerConfigKeys (ConfUtils.java:logGet(46)) - raft.server.storage.free-space.min = 0MB (=0) (default)
2024-04-06 10:34:08,601 [d1715241-1ffa-4146-b219-94c9c0fc171f-groupManagement] INFO  server.RaftServerConfigKeys (ConfUtils.java:logGet(46)) - raft.server.log.corruption.policy = EXCEPTION (default)
2024-04-06 10:34:08,601 [d1715241-1ffa-4146-b219-94c9c0fc171f-groupManagement] INFO  server.RaftServerConfigKeys (ConfUtils.java:logGet(46)) - raft.server.storage.dir = [/home/runner/work/ozone/ozone/hadoop-ozone/integration-test/target/test-dir/MiniOzoneClusterImpl-9e1941cb-56ba-429e-854d-1e52595ce6ec/ozone-meta/datanode-3/ratis] (custom)
2024-04-06 10:34:08,601 [d1715241-1ffa-4146-b219-94c9c0fc171f-groupManagement] INFO  storage.RaftStorageDirectory (RaftStorageDirectoryImpl.java:analyzeStorage(138)) - The storage directory /home/runner/work/ozone/ozone/hadoop-ozone/integration-test/target/test-dir/MiniOzoneClusterImpl-9e1941cb-56ba-429e-854d-1e52595ce6ec/ozone-meta/datanode-3/ratis/62748d4a-78e9-4857-a2b6-89087e71b146 does not exist. Creating ...
2024-04-06 10:34:08,603 [d1715241-1ffa-4146-b219-94c9c0fc171f-groupManagement] INFO  storage.RaftStorageDirectory (RaftStorageDirectoryImpl.java:tryLock(228)) - Lock on /home/runner/work/ozone/ozone/hadoop-ozone/integration-test/target/test-dir/MiniOzoneClusterImpl-9e1941cb-56ba-429e-854d-1e52595ce6ec/ozone-meta/datanode-3/ratis/62748d4a-78e9-4857-a2b6-89087e71b146/in_use.lock acquired by nodename 82778@fv-az526-218
2024-04-06 10:34:08,604 [d1715241-1ffa-4146-b219-94c9c0fc171f-groupManagement] INFO  storage.RaftStorage (RaftStorageImpl.java:format(99)) - Storage directory /home/runner/work/ozone/ozone/hadoop-ozone/integration-test/target/test-dir/MiniOzoneClusterImpl-9e1941cb-56ba-429e-854d-1e52595ce6ec/ozone-meta/datanode-3/ratis/62748d4a-78e9-4857-a2b6-89087e71b146 has been successfully formatted.
2024-04-06 10:34:08,605 [d1715241-1ffa-4146-b219-94c9c0fc171f-groupManagement] WARN  util.FileUtils (LogUtils.java:supplyAndLog(63)) - Failed to Files.newInputStream /home/runner/work/ozone/ozone/hadoop-ozone/integration-test/target/test-dir/MiniOzoneClusterImpl-9e1941cb-56ba-429e-854d-1e52595ce6ec/ozone-meta/datanode-3/ratis/62748d4a-78e9-4857-a2b6-89087e71b146/current/raft-meta.conf with options []: java.nio.file.NoSuchFileException: /home/runner/work/ozone/ozone/hadoop-ozone/integration-test/target/test-dir/MiniOzoneClusterImpl-9e1941cb-56ba-429e-854d-1e52595ce6ec/ozone-meta/datanode-3/ratis/62748d4a-78e9-4857-a2b6-89087e71b146/current/raft-meta.conf
2024-04-06 10:34:08,605 [d1715241-1ffa-4146-b219-94c9c0fc171f-groupManagement] INFO  ratis.ContainerStateMachine (ContainerStateMachine.java:loadSnapshot(287)) - group-89087E71B146: The snapshot info is null. Setting the last applied index to:(t:0, i:~)
2024-04-06 10:34:08,605 [d1715241-1ffa-4146-b219-94c9c0fc171f-groupManagement] INFO  server.RaftServerConfigKeys (ConfUtils.java:logGet(46)) - raft.server.log.use.memory = false (default)
2024-04-06 10:34:08,605 [d1715241-1ffa-4146-b219-94c9c0fc171f-groupManagement] INFO  server.RaftServerConfigKeys (ConfUtils.java:logGet(46)) - raft.server.log.purge.gap = 1000000 (custom)
2024-04-06 10:34:08,605 [d1715241-1ffa-4146-b219-94c9c0fc171f-groupManagement] INFO  server.RaftServerConfigKeys (ConfUtils.java:logGet(46)) - raft.server.log.appender.buffer.byte-limit = 8388608 (custom)
2024-04-06 10:34:08,605 [d1715241-1ffa-4146-b219-94c9c0fc171f-groupManagement] INFO  server.RaftServerConfigKeys (ConfUtils.java:logGet(46)) - raft.server.log.statemachine.data.read.timeout = 1000ms (default)
2024-04-06 10:34:08,606 [d1715241-1ffa-4146-b219-94c9c0fc171f-groupManagement] INFO  server.RaftServerConfigKeys (ConfUtils.java:logGet(46)) - raft.server.log.purge.preservation.log.num = 0 (default)
2024-04-06 10:34:08,606 [IPC Server handler 21 on default port 15009] INFO  node.SCMNodeManager (SCMNodeManager.java:updateDatanodeOpState(582)) - Scheduling a command to update the operationalState persisted on d1715241-1ffa-4146-b219-94c9c0fc171f(fv-az526-218.pah0jnozfufetaq2ul10ticbdc.dx.internal.cloudapp.net/10.1.0.10) as the reported value (IN_SERVICE, 0) does not match the value stored in SCM (IN_MAINTENANCE, 0)
2024-04-06 10:34:08,606 [FixedThreadPoolWithAffinityExecutor-9-0] WARN  events.FixedThreadPoolWithAffinityExecutor (FixedThreadPoolWithAffinityExecutor.java:run(276)) - Event remained in queue for long time 6 millisec, cc1e4d3c-2283-4c28-b737-db868cb45369(fv-az526-218.pah0jnozfufetaq2ul10ticbdc.dx.internal.cloudapp.net/10.1.0.10), {type: FCR, size: 1}
2024-04-06 10:34:08,606 [EventQueue-PipelineReportForPipelineReportHandler] INFO  pipeline.PipelineReportHandler (PipelineReportHandler.java:processPipelineReport(136)) - Opened pipeline PipelineID=62748d4a-78e9-4857-a2b6-89087e71b146
2024-04-06 10:34:08,606 [Recon-EventQueue-PipelineReportForReconPipelineReportHandler] INFO  scm.ReconPipelineReportHandler (ReconPipelineReportHandler.java:processPipelineReport(68)) - Unknown pipeline PipelineID=62748d4a-78e9-4857-a2b6-89087e71b146. Trying to get from SCM.
2024-04-06 10:34:08,607 [FixedThreadPoolWithAffinityExecutor-9-0] WARN  events.FixedThreadPoolWithAffinityExecutor (FixedThreadPoolWithAffinityExecutor.java:run(289)) - Event taken long execution time 7 millisec, cc1e4d3c-2283-4c28-b737-db868cb45369(fv-az526-218.pah0jnozfufetaq2ul10ticbdc.dx.internal.cloudapp.net/10.1.0.10), {type: FCR, size: 1}
2024-04-06 10:34:08,608 [d1715241-1ffa-4146-b219-94c9c0fc171f-groupManagement] INFO  server.RaftServerConfigKeys (ConfUtils.java:logGet(46)) - raft.server.log.segment.size.max = 67108864 (custom)
2024-04-06 10:34:08,609 [Recon-EventQueue-PipelineReportForReconPipelineReportHandler] INFO  scm.ReconPipelineReportHandler (ReconPipelineReportHandler.java:processPipelineReport(86)) - Adding new pipeline Pipeline[ Id: 62748d4a-78e9-4857-a2b6-89087e71b146, Nodes: d1715241-1ffa-4146-b219-94c9c0fc171f(fv-az526-218.pah0jnozfufetaq2ul10ticbdc.dx.internal.cloudapp.net/10.1.0.10), ReplicationConfig: RATIS/ONE, State:OPEN, leaderId:d1715241-1ffa-4146-b219-94c9c0fc171f, CreationTimestamp2024-04-06T10:34:06.625Z[Etc/UTC]] to Recon pipeline metadata.
2024-04-06 10:34:08,609 [d1715241-1ffa-4146-b219-94c9c0fc171f-groupManagement] INFO  server.RaftServerConfigKeys (ConfUtils.java:logGet(46)) - raft.server.log.segment.cache.num.max = 2 (custom)
2024-04-06 10:34:08,609 [d1715241-1ffa-4146-b219-94c9c0fc171f-groupManagement] INFO  server.RaftServerConfigKeys (ConfUtils.java:logGet(46)) - raft.server.log.segment.cache.size.max = 200MB (=209715200) (default)
2024-04-06 10:34:08,609 [d1715241-1ffa-4146-b219-94c9c0fc171f-groupManagement] INFO  server.RaftServerConfigKeys (ConfUtils.java:logGet(46)) - raft.server.log.appender.buffer.byte-limit = 8388608 (custom)
2024-04-06 10:34:08,609 [d1715241-1ffa-4146-b219-94c9c0fc171f-groupManagement] INFO  util.AwaitToRun (AwaitToRun.java:start(81)) - Thread[d1715241-1ffa-4146-b219-94c9c0fc171f@group-89087E71B146-cacheEviction-AwaitToRun,5,main] started
2024-04-06 10:34:08,609 [d1715241-1ffa-4146-b219-94c9c0fc171f-groupManagement] INFO  segmented.SegmentedRaftLogWorker (SegmentedRaftLogWorker.java:<init>(182)) - new d1715241-1ffa-4146-b219-94c9c0fc171f@group-89087E71B146-SegmentedRaftLogWorker for RaftStorageImpl:Storage Directory /home/runner/work/ozone/ozone/hadoop-ozone/integration-test/target/test-dir/MiniOzoneClusterImpl-9e1941cb-56ba-429e-854d-1e52595ce6ec/ozone-meta/datanode-3/ratis/62748d4a-78e9-4857-a2b6-89087e71b146
2024-04-06 10:34:08,609 [d1715241-1ffa-4146-b219-94c9c0fc171f-groupManagement] INFO  server.RaftServerConfigKeys (ConfUtils.java:logGet(46)) - raft.server.log.queue.byte-limit = 4294967296 (custom)
2024-04-06 10:34:08,610 [d1715241-1ffa-4146-b219-94c9c0fc171f-groupManagement] INFO  server.RaftServerConfigKeys (ConfUtils.java:logGet(46)) - raft.server.log.queue.element-limit = 1024 (custom)
2024-04-06 10:34:08,610 [d1715241-1ffa-4146-b219-94c9c0fc171f-groupManagement] INFO  server.RaftServerConfigKeys (ConfUtils.java:logGet(46)) - raft.server.log.segment.size.max = 67108864 (custom)
2024-04-06 10:34:08,610 [d1715241-1ffa-4146-b219-94c9c0fc171f-groupManagement] INFO  server.RaftServerConfigKeys (ConfUtils.java:logGet(46)) - raft.server.log.preallocated.size = 4194304 (custom)
2024-04-06 10:34:08,610 [d1715241-1ffa-4146-b219-94c9c0fc171f-groupManagement] INFO  server.RaftServerConfigKeys (ConfUtils.java:logGet(46)) - raft.server.log.force.sync.num = 128 (default)
2024-04-06 10:34:08,610 [d1715241-1ffa-4146-b219-94c9c0fc171f-groupManagement] INFO  server.RaftServerConfigKeys (ConfUtils.java:logGet(46)) - raft.server.log.statemachine.data.sync = true (default)
2024-04-06 10:34:08,610 [d1715241-1ffa-4146-b219-94c9c0fc171f-groupManagement] INFO  server.RaftServerConfigKeys (ConfUtils.java:logGet(46)) - raft.server.log.statemachine.data.sync.timeout = 10s (default)
2024-04-06 10:34:08,610 [d1715241-1ffa-4146-b219-94c9c0fc171f-groupManagement] INFO  server.RaftServerConfigKeys (ConfUtils.java:logGet(46)) - raft.server.log.statemachine.data.sync.timeout.retry = 0 (custom)
2024-04-06 10:34:08,611 [d1715241-1ffa-4146-b219-94c9c0fc171f-groupManagement] INFO  server.RaftServerConfigKeys (ConfUtils.java:logGet(46)) - raft.server.log.write.buffer.size = 8388616 (custom)
2024-04-06 10:34:08,612 [d1715241-1ffa-4146-b219-94c9c0fc171f-groupManagement] INFO  server.RaftServerConfigKeys (ConfUtils.java:logGet(46)) - raft.server.log.appender.buffer.byte-limit = 8388608 (custom)
2024-04-06 10:34:08,612 [d1715241-1ffa-4146-b219-94c9c0fc171f-groupManagement] INFO  server.RaftServerConfigKeys (ConfUtils.java:logGet(46)) - raft.server.log.unsafe-flush.enabled = false (default)
2024-04-06 10:34:08,612 [d1715241-1ffa-4146-b219-94c9c0fc171f-groupManagement] INFO  server.RaftServerConfigKeys (ConfUtils.java:logGet(46)) - raft.server.log.async-flush.enabled = false (default)
2024-04-06 10:34:08,612 [d1715241-1ffa-4146-b219-94c9c0fc171f-groupManagement] INFO  server.RaftServerConfigKeys (ConfUtils.java:logGet(46)) - raft.server.log.statemachine.data.caching.enabled = true (custom)
2024-04-06 10:34:08,613 [d1715241-1ffa-4146-b219-94c9c0fc171f-groupManagement] INFO  segmented.SegmentedRaftLogWorker (SegmentedRaftLogWorker.java:lambda$new$0(134)) - d1715241-1ffa-4146-b219-94c9c0fc171f@group-89087E71B146-SegmentedRaftLogWorker: flushIndex: setUnconditionally 0 -> -1
2024-04-06 10:34:08,613 [d1715241-1ffa-4146-b219-94c9c0fc171f-groupManagement] INFO  segmented.SegmentedRaftLogWorker (SegmentedRaftLogWorker.java:lambda$new$0(134)) - d1715241-1ffa-4146-b219-94c9c0fc171f@group-89087E71B146-SegmentedRaftLogWorker: safeCacheEvictIndex: setUnconditionally 0 -> -1
2024-04-06 10:34:08,613 [d1715241-1ffa-4146-b219-94c9c0fc171f-groupManagement] INFO  server.RaftServer$Division (RaftServerImpl.java:start(396)) - d1715241-1ffa-4146-b219-94c9c0fc171f@group-89087E71B146: start as a follower, conf=-1: peers:[d1715241-1ffa-4146-b219-94c9c0fc171f|10.1.0.10:15034]|listeners:[], old=null
2024-04-06 10:34:08,613 [d1715241-1ffa-4146-b219-94c9c0fc171f-groupManagement] INFO  server.RaftServer$Division (RaftServerImpl.java:setRole(383)) - d1715241-1ffa-4146-b219-94c9c0fc171f@group-89087E71B146: changes role from      null to FOLLOWER at term 0 for startAsFollower
2024-04-06 10:34:08,613 [d1715241-1ffa-4146-b219-94c9c0fc171f-groupManagement] INFO  impl.RoleInfo (RoleInfo.java:updateAndGet(139)) - d1715241-1ffa-4146-b219-94c9c0fc171f: start d1715241-1ffa-4146-b219-94c9c0fc171f@group-89087E71B146-FollowerState
2024-04-06 10:34:08,614 [d1715241-1ffa-4146-b219-94c9c0fc171f-groupManagement] INFO  util.JmxRegister (JmxRegister.java:tryRegister(44)) - Successfully registered JMX Bean with object name Ratis:service=RaftServer,group=group-89087E71B146,id=d1715241-1ffa-4146-b219-94c9c0fc171f
2024-04-06 10:34:08,614 [d1715241-1ffa-4146-b219-94c9c0fc171f-groupManagement] INFO  server.RaftServerConfigKeys (ConfUtils.java:logGet(46)) - raft.server.snapshot.trigger-when-stop.enabled = true (default)
2024-04-06 10:34:08,614 [d1715241-1ffa-4146-b219-94c9c0fc171f-groupManagement] INFO  server.RaftServerConfigKeys (ConfUtils.java:logGet(46)) - raft.server.snapshot.auto.trigger.enabled = true (custom)
2024-04-06 10:34:08,614 [d1715241-1ffa-4146-b219-94c9c0fc171f-groupManagement] INFO  server.RaftServerConfigKeys (ConfUtils.java:logGet(46)) - raft.server.snapshot.auto.trigger.threshold = 10000 (custom)
2024-04-06 10:34:08,614 [d1715241-1ffa-4146-b219-94c9c0fc171f-groupManagement] INFO  server.RaftServerConfigKeys (ConfUtils.java:logGet(46)) - raft.server.snapshot.retention.file.num = 5 (custom)
2024-04-06 10:34:08,614 [d1715241-1ffa-4146-b219-94c9c0fc171f-groupManagement] INFO  server.RaftServerConfigKeys (ConfUtils.java:logGet(46)) - raft.server.log.purge.upto.snapshot.index = false (default)
2024-04-06 10:34:08,615 [d1715241-1ffa-4146-b219-94c9c0fc171f@group-89087E71B146-FollowerState] INFO  server.RaftServerConfigKeys (ConfUtils.java:logFallback(53)) - raft.server.rpc.first-election.timeout.min = 5s (fallback to raft.server.rpc.timeout.min)
2024-04-06 10:34:08,615 [d1715241-1ffa-4146-b219-94c9c0fc171f@group-89087E71B146-FollowerState] INFO  server.RaftServerConfigKeys (ConfUtils.java:logFallback(53)) - raft.server.rpc.first-election.timeout.max = 5200ms (fallback to raft.server.rpc.timeout.max)
2024-04-06 10:34:08,617 [d1715241-1ffa-4146-b219-94c9c0fc171f-PipelineCommandHandlerThread-0] INFO  ratis.XceiverServerRatis (XceiverServerRatis.java:addGroup(864)) - Created group PipelineID=62748d4a-78e9-4857-a2b6-89087e71b146
2024-04-06 10:34:08,617 [d1715241-1ffa-4146-b219-94c9c0fc171f-PipelineCommandHandlerThread-0] INFO  commandhandler.CreatePipelineCommandHandler (CreatePipelineCommandHandler.java:lambda$handle$2(124)) - Created Pipeline RATIS ONE PipelineID=62748d4a-78e9-4857-a2b6-89087e71b146.
2024-04-06 10:34:08,622 [DatanodeAdminManager-0] INFO  node.DatanodeAdminMonitorImpl (DatanodeAdminMonitorImpl.java:checkPipelinesClosedOnNode(398)) - Waiting for pipelines to close for org.apache.hadoop.hdds.scm.node.DatanodeAdminMonitorImpl$TrackedNode@ace0092f. There are 2 pipelines
2024-04-06 10:34:08,622 [DatanodeAdminManager-0] INFO  node.DatanodeAdminMonitorImpl (DatanodeAdminMonitorImpl.java:run(240)) - There are 1 nodes tracked for decommission and maintenance.  0 pending nodes.
2024-04-06 10:34:08,625 [ReplicationMonitor] INFO  replication.ReplicationManager (ReplicationManager.java:processAll(399)) - Replication Monitor Thread took 1 milliseconds for processing 1 containers.
2024-04-06 10:34:08,674 [IPC Server handler 15 on default port 15002] INFO  node.SCMNodeManager (SCMNodeManager.java:updateDatanodeOpState(582)) - Scheduling a command to update the operationalState persisted on ceb25050-cf9f-4852-a13e-a5ff0cf3b4d2(fv-az526-218.pah0jnozfufetaq2ul10ticbdc.dx.internal.cloudapp.net/10.1.0.10) as the reported value (IN_SERVICE, 0) does not match the value stored in SCM (DECOMMISSIONING, 0)
2024-04-06 10:34:09,017 [Recon-SyncOM-1] INFO  impl.OzoneManagerServiceProviderImpl (OzoneManagerServiceProviderImpl.java:syncDataFromOM(501)) - Syncing data from Ozone Manager.
2024-04-06 10:34:09,017 [Recon-SyncOM-1] INFO  impl.OzoneManagerServiceProviderImpl (OzoneManagerServiceProviderImpl.java:syncDataFromOM(511)) - Obtaining delta updates from Ozone Manager
2024-04-06 10:34:09,017 [Recon-SyncOM-1] INFO  impl.OzoneManagerServiceProviderImpl (OzoneManagerServiceProviderImpl.java:getAndApplyDeltaUpdatesFromOM(418)) - OriginalFromSequenceNumber : 15 
2024-04-06 10:34:09,019 [Recon-SyncOM-1] INFO  impl.OzoneManagerServiceProviderImpl (OzoneManagerServiceProviderImpl.java:innerGetAndApplyDeltaUpdatesFromOM(485)) - Number of updates received from OM : 0, SequenceNumber diff: 0, SequenceNumber Lag from OM 0, isDBUpdateSuccess: true
2024-04-06 10:34:09,019 [Recon-SyncOM-1] INFO  impl.OzoneManagerServiceProviderImpl (OzoneManagerServiceProviderImpl.java:getAndApplyDeltaUpdatesFromOM(438)) - Delta updates received from OM : 1 loops, 0 records
2024-04-06 10:34:09,151 [ContainerHealthTask] INFO  fsck.ContainerHealthTask (ContainerHealthTask.java:triggerContainerHealthCheck(140)) - Container Health task thread took 1 milliseconds to process 0 existing database records.
2024-04-06 10:34:09,153 [ContainerHealthTask] INFO  fsck.ContainerHealthTask (ContainerHealthTask.java:checkAndProcessContainers(166)) - Container Health task thread took 2 milliseconds for processing 1 containers.
2024-04-06 10:34:09,153 [ContainerHealthTask] INFO  fsck.ContainerHealthTask (ContainerHealthTask.java:lambda$logUnhealthyContainerStats$3(204)) - MISSING **Container State Stats:** 
	
2024-04-06 10:34:09,153 [ContainerHealthTask] INFO  fsck.ContainerHealthTask (ContainerHealthTask.java:lambda$logUnhealthyContainerStats$3(204)) - OVER_REPLICATED **Container State Stats:** 
	
2024-04-06 10:34:09,153 [ContainerHealthTask] INFO  fsck.ContainerHealthTask (ContainerHealthTask.java:lambda$logUnhealthyContainerStats$3(204)) - EMPTY_MISSING **Container State Stats:** 
	
2024-04-06 10:34:09,153 [ContainerHealthTask] INFO  fsck.ContainerHealthTask (ContainerHealthTask.java:lambda$logUnhealthyContainerStats$3(204)) - NEGATIVE_SIZE **Container State Stats:** 
	
2024-04-06 10:34:09,153 [ContainerHealthTask] INFO  fsck.ContainerHealthTask (ContainerHealthTask.java:lambda$logUnhealthyContainerStats$3(204)) - UNDER_REPLICATED **Container State Stats:** 
	
2024-04-06 10:34:09,153 [ContainerHealthTask] INFO  fsck.ContainerHealthTask (ContainerHealthTask.java:lambda$logUnhealthyContainerStats$3(204)) - MIS_REPLICATED **Container State Stats:** 
	
2024-04-06 10:34:09,153 [ContainerHealthTask] INFO  fsck.ContainerHealthTask (ContainerHealthTask.java:checkAndProcessContainers(179)) - Container Health task thread took 1 iterations to fetch all containers using batched approach with batch size of 1000
2024-04-06 10:34:09,597 [IPC Server handler 13 on default port 15002] INFO  node.SCMNodeManager (SCMNodeManager.java:updateDatanodeOpState(582)) - Scheduling a command to update the operationalState persisted on cc1e4d3c-2283-4c28-b737-db868cb45369(fv-az526-218.pah0jnozfufetaq2ul10ticbdc.dx.internal.cloudapp.net/10.1.0.10) as the reported value (IN_MAINTENANCE, 0) does not match the value stored in SCM (IN_SERVICE, 0)
2024-04-06 10:34:09,597 [cc1e4d3c-2283-4c28-b737-db868cb45369-PipelineCommandHandlerThread-0] INFO  server.RaftServer (RaftServerProxy.java:addNew(100)) - cc1e4d3c-2283-4c28-b737-db868cb45369: addNew group-A7988BF88C1C:[cc1e4d3c-2283-4c28-b737-db868cb45369|10.1.0.10:15025] returns group-A7988BF88C1C:java.util.concurrent.CompletableFuture@501123d3[Not completed]
2024-04-06 10:34:09,599 [cc1e4d3c-2283-4c28-b737-db868cb45369-CommandProcessorThread] INFO  replication.ReplicationSupervisor (ReplicationSupervisor.java:nodeStateUpdated(312)) - Node state updated to IN_SERVICE, scaling executor pool size to 10
2024-04-06 10:34:09,599 [cc1e4d3c-2283-4c28-b737-db868cb45369-groupManagement] INFO  server.RaftServer$Division (RaftServerImpl.java:<init>(256)) - cc1e4d3c-2283-4c28-b737-db868cb45369: new RaftServerImpl for group-A7988BF88C1C:[cc1e4d3c-2283-4c28-b737-db868cb45369|10.1.0.10:15025] with ContainerStateMachine:uninitialized
2024-04-06 10:34:09,599 [cc1e4d3c-2283-4c28-b737-db868cb45369-groupManagement] INFO  server.RaftServerConfigKeys (ConfUtils.java:logGet(46)) - raft.server.rpc.timeout.min = 5s (custom)
2024-04-06 10:34:09,599 [cc1e4d3c-2283-4c28-b737-db868cb45369-groupManagement] INFO  server.RaftServerConfigKeys (ConfUtils.java:logGet(46)) - raft.server.rpc.timeout.max = 5200ms (custom)
2024-04-06 10:34:09,599 [cc1e4d3c-2283-4c28-b737-db868cb45369-groupManagement] INFO  server.RaftServerConfigKeys (ConfUtils.java:logGet(46)) - raft.server.rpc.sleep.time = 25ms (default)
2024-04-06 10:34:09,599 [cc1e4d3c-2283-4c28-b737-db868cb45369-groupManagement] INFO  server.RaftServerConfigKeys (ConfUtils.java:logGet(46)) - raft.server.rpc.slowness.timeout = 300s (custom)
2024-04-06 10:34:09,599 [cc1e4d3c-2283-4c28-b737-db868cb45369-groupManagement] INFO  server.RaftServerConfigKeys (ConfUtils.java:logGet(46)) - raft.server.leaderelection.leader.step-down.wait-time = 10s (default)
2024-04-06 10:34:09,599 [cc1e4d3c-2283-4c28-b737-db868cb45369-groupManagement] INFO  server.RaftServerConfigKeys (ConfUtils.java:logGet(46)) - raft.server.leaderelection.member.majority-add = false (default)
2024-04-06 10:34:09,599 [cc1e4d3c-2283-4c28-b737-db868cb45369-groupManagement] INFO  server.RaftServerConfigKeys (ConfUtils.java:logGet(46)) - raft.server.sleep.deviation.threshold = 300ms (default)
2024-04-06 10:34:09,599 [cc1e4d3c-2283-4c28-b737-db868cb45369-groupManagement] INFO  server.RaftServer$Division (ServerState.java:<init>(113)) - cc1e4d3c-2283-4c28-b737-db868cb45369@group-A7988BF88C1C: ConfigurationManager, init=-1: peers:[cc1e4d3c-2283-4c28-b737-db868cb45369|10.1.0.10:15025]|listeners:[], old=null, confs=<EMPTY_MAP>
2024-04-06 10:34:09,600 [cc1e4d3c-2283-4c28-b737-db868cb45369-groupManagement] INFO  server.RaftServerConfigKeys (ConfUtils.java:logGet(46)) - raft.server.notification.no-leader.timeout = 300s (custom)
2024-04-06 10:34:09,600 [cc1e4d3c-2283-4c28-b737-db868cb45369-groupManagement] INFO  server.RaftServerConfigKeys (ConfUtils.java:logGet(46)) - raft.server.read.timeout = 10s (default)
2024-04-06 10:34:09,600 [cc1e4d3c-2283-4c28-b737-db868cb45369-groupManagement] INFO  server.RaftServerConfigKeys (ConfUtils.java:logGet(46)) - raft.server.retrycache.expirytime = 600000ms (custom)
2024-04-06 10:34:09,600 [cc1e4d3c-2283-4c28-b737-db868cb45369-groupManagement] INFO  server.RaftServerConfigKeys (ConfUtils.java:logGet(46)) - raft.server.retrycache.statistics.expirytime = 100ms (default)
2024-04-06 10:34:09,600 [cc1e4d3c-2283-4c28-b737-db868cb45369-groupManagement] INFO  server.RaftServerConfigKeys (ConfUtils.java:logGet(46)) - raft.server.read.option = DEFAULT (default)
2024-04-06 10:34:09,600 [cc1e4d3c-2283-4c28-b737-db868cb45369-groupManagement] INFO  server.RaftServerConfigKeys (ConfUtils.java:logGet(46)) - raft.server.read.read-after-write-consistent.write-index-cache.expiry-time = 60s (default)
2024-04-06 10:34:09,603 [cc1e4d3c-2283-4c28-b737-db868cb45369-groupManagement] INFO  server.RaftServerConfigKeys (ConfUtils.java:logGet(46)) - raft.server.rpc.request.timeout = 60s (custom)
2024-04-06 10:34:09,603 [cc1e4d3c-2283-4c28-b737-db868cb45369-groupManagement] INFO  server.RaftServerConfigKeys (ConfUtils.java:logGet(46)) - raft.server.log.appender.install.snapshot.enabled = false (custom)
2024-04-06 10:34:09,603 [cc1e4d3c-2283-4c28-b737-db868cb45369-groupManagement] INFO  server.RaftServerConfigKeys (ConfUtils.java:logGet(46)) - raft.server.threadpool.server.cached = true (default)
2024-04-06 10:34:09,603 [cc1e4d3c-2283-4c28-b737-db868cb45369-groupManagement] INFO  server.RaftServerConfigKeys (ConfUtils.java:logGet(46)) - raft.server.threadpool.server.size = 0 (default)
2024-04-06 10:34:09,603 [cc1e4d3c-2283-4c28-b737-db868cb45369-groupManagement] INFO  server.RaftServerConfigKeys (ConfUtils.java:logGet(46)) - raft.server.threadpool.client.cached = true (default)
2024-04-06 10:34:09,603 [cc1e4d3c-2283-4c28-b737-db868cb45369-groupManagement] INFO  server.RaftServerConfigKeys (ConfUtils.java:logGet(46)) - raft.server.threadpool.client.size = 0 (default)
2024-04-06 10:34:09,604 [cc1e4d3c-2283-4c28-b737-db868cb45369-groupManagement] INFO  server.RaftServerConfigKeys (ConfUtils.java:logGet(46)) - raft.server.storage.free-space.min = 0MB (=0) (default)
2024-04-06 10:34:09,604 [cc1e4d3c-2283-4c28-b737-db868cb45369-groupManagement] INFO  server.RaftServerConfigKeys (ConfUtils.java:logGet(46)) - raft.server.log.corruption.policy = EXCEPTION (default)
2024-04-06 10:34:09,604 [cc1e4d3c-2283-4c28-b737-db868cb45369-groupManagement] INFO  server.RaftServerConfigKeys (ConfUtils.java:logGet(46)) - raft.server.storage.dir = [/home/runner/work/ozone/ozone/hadoop-ozone/integration-test/target/test-dir/MiniOzoneClusterImpl-9e1941cb-56ba-429e-854d-1e52595ce6ec/ozone-meta/datanode-2/ratis] (custom)
2024-04-06 10:34:09,604 [cc1e4d3c-2283-4c28-b737-db868cb45369-groupManagement] INFO  storage.RaftStorageDirectory (RaftStorageDirectoryImpl.java:analyzeStorage(138)) - The storage directory /home/runner/work/ozone/ozone/hadoop-ozone/integration-test/target/test-dir/MiniOzoneClusterImpl-9e1941cb-56ba-429e-854d-1e52595ce6ec/ozone-meta/datanode-2/ratis/b495966f-4ec9-40fc-9038-a7988bf88c1c does not exist. Creating ...
2024-04-06 10:34:09,607 [cc1e4d3c-2283-4c28-b737-db868cb45369-groupManagement] INFO  storage.RaftStorageDirectory (RaftStorageDirectoryImpl.java:tryLock(228)) - Lock on /home/runner/work/ozone/ozone/hadoop-ozone/integration-test/target/test-dir/MiniOzoneClusterImpl-9e1941cb-56ba-429e-854d-1e52595ce6ec/ozone-meta/datanode-2/ratis/b495966f-4ec9-40fc-9038-a7988bf88c1c/in_use.lock acquired by nodename 82778@fv-az526-218
2024-04-06 10:34:09,608 [cc1e4d3c-2283-4c28-b737-db868cb45369-groupManagement] INFO  storage.RaftStorage (RaftStorageImpl.java:format(99)) - Storage directory /home/runner/work/ozone/ozone/hadoop-ozone/integration-test/target/test-dir/MiniOzoneClusterImpl-9e1941cb-56ba-429e-854d-1e52595ce6ec/ozone-meta/datanode-2/ratis/b495966f-4ec9-40fc-9038-a7988bf88c1c has been successfully formatted.
2024-04-06 10:34:09,609 [cc1e4d3c-2283-4c28-b737-db868cb45369-groupManagement] WARN  util.FileUtils (LogUtils.java:supplyAndLog(63)) - Failed to Files.newInputStream /home/runner/work/ozone/ozone/hadoop-ozone/integration-test/target/test-dir/MiniOzoneClusterImpl-9e1941cb-56ba-429e-854d-1e52595ce6ec/ozone-meta/datanode-2/ratis/b495966f-4ec9-40fc-9038-a7988bf88c1c/current/raft-meta.conf with options []: java.nio.file.NoSuchFileException: /home/runner/work/ozone/ozone/hadoop-ozone/integration-test/target/test-dir/MiniOzoneClusterImpl-9e1941cb-56ba-429e-854d-1e52595ce6ec/ozone-meta/datanode-2/ratis/b495966f-4ec9-40fc-9038-a7988bf88c1c/current/raft-meta.conf
2024-04-06 10:34:09,609 [cc1e4d3c-2283-4c28-b737-db868cb45369-groupManagement] INFO  ratis.ContainerStateMachine (ContainerStateMachine.java:loadSnapshot(287)) - group-A7988BF88C1C: The snapshot info is null. Setting the last applied index to:(t:0, i:~)
2024-04-06 10:34:09,609 [cc1e4d3c-2283-4c28-b737-db868cb45369-groupManagement] INFO  server.RaftServerConfigKeys (ConfUtils.java:logGet(46)) - raft.server.log.use.memory = false (default)
2024-04-06 10:34:09,609 [cc1e4d3c-2283-4c28-b737-db868cb45369-groupManagement] INFO  server.RaftServerConfigKeys (ConfUtils.java:logGet(46)) - raft.server.log.purge.gap = 1000000 (custom)
2024-04-06 10:34:09,609 [cc1e4d3c-2283-4c28-b737-db868cb45369-groupManagement] INFO  server.RaftServerConfigKeys (ConfUtils.java:logGet(46)) - raft.server.log.appender.buffer.byte-limit = 8388608 (custom)
2024-04-06 10:34:09,609 [cc1e4d3c-2283-4c28-b737-db868cb45369-groupManagement] INFO  server.RaftServerConfigKeys (ConfUtils.java:logGet(46)) - raft.server.log.statemachine.data.read.timeout = 1000ms (default)
2024-04-06 10:34:09,610 [cc1e4d3c-2283-4c28-b737-db868cb45369-groupManagement] INFO  server.RaftServerConfigKeys (ConfUtils.java:logGet(46)) - raft.server.log.purge.preservation.log.num = 0 (default)
2024-04-06 10:34:09,610 [IPC Server handler 22 on default port 15009] INFO  node.SCMNodeManager (SCMNodeManager.java:updateDatanodeOpState(582)) - Scheduling a command to update the operationalState persisted on cc1e4d3c-2283-4c28-b737-db868cb45369(fv-az526-218.pah0jnozfufetaq2ul10ticbdc.dx.internal.cloudapp.net/10.1.0.10) as the reported value (IN_SERVICE, 0) does not match the value stored in SCM (IN_MAINTENANCE, 0)
2024-04-06 10:34:09,610 [Recon-EventQueue-PipelineReportForReconPipelineReportHandler] INFO  scm.ReconPipelineReportHandler (ReconPipelineReportHandler.java:processPipelineReport(68)) - Unknown pipeline PipelineID=b495966f-4ec9-40fc-9038-a7988bf88c1c. Trying to get from SCM.
2024-04-06 10:34:09,611 [EventQueue-PipelineReportForPipelineReportHandler] INFO  pipeline.PipelineReportHandler (PipelineReportHandler.java:processPipelineReport(136)) - Opened pipeline PipelineID=b495966f-4ec9-40fc-9038-a7988bf88c1c
2024-04-06 10:34:09,611 [Recon-EventQueue-PipelineReportForReconPipelineReportHandler] INFO  scm.ReconPipelineReportHandler (ReconPipelineReportHandler.java:processPipelineReport(86)) - Adding new pipeline Pipeline[ Id: b495966f-4ec9-40fc-9038-a7988bf88c1c, Nodes: cc1e4d3c-2283-4c28-b737-db868cb45369(fv-az526-218.pah0jnozfufetaq2ul10ticbdc.dx.internal.cloudapp.net/10.1.0.10), ReplicationConfig: RATIS/ONE, State:OPEN, leaderId:cc1e4d3c-2283-4c28-b737-db868cb45369, CreationTimestamp2024-04-06T10:34:06.624Z[Etc/UTC]] to Recon pipeline metadata.
2024-04-06 10:34:09,611 [cc1e4d3c-2283-4c28-b737-db868cb45369-groupManagement] INFO  server.RaftServerConfigKeys (ConfUtils.java:logGet(46)) - raft.server.log.segment.size.max = 67108864 (custom)
2024-04-06 10:34:09,612 [cc1e4d3c-2283-4c28-b737-db868cb45369-groupManagement] INFO  server.RaftServerConfigKeys (ConfUtils.java:logGet(46)) - raft.server.log.segment.cache.num.max = 2 (custom)
2024-04-06 10:34:09,612 [cc1e4d3c-2283-4c28-b737-db868cb45369-groupManagement] INFO  server.RaftServerConfigKeys (ConfUtils.java:logGet(46)) - raft.server.log.segment.cache.size.max = 200MB (=209715200) (default)
2024-04-06 10:34:09,612 [cc1e4d3c-2283-4c28-b737-db868cb45369-groupManagement] INFO  server.RaftServerConfigKeys (ConfUtils.java:logGet(46)) - raft.server.log.appender.buffer.byte-limit = 8388608 (custom)
2024-04-06 10:34:09,612 [cc1e4d3c-2283-4c28-b737-db868cb45369-groupManagement] INFO  util.AwaitToRun (AwaitToRun.java:start(81)) - Thread[cc1e4d3c-2283-4c28-b737-db868cb45369@group-A7988BF88C1C-cacheEviction-AwaitToRun,5,main] started
2024-04-06 10:34:09,612 [cc1e4d3c-2283-4c28-b737-db868cb45369-groupManagement] INFO  segmented.SegmentedRaftLogWorker (SegmentedRaftLogWorker.java:<init>(182)) - new cc1e4d3c-2283-4c28-b737-db868cb45369@group-A7988BF88C1C-SegmentedRaftLogWorker for RaftStorageImpl:Storage Directory /home/runner/work/ozone/ozone/hadoop-ozone/integration-test/target/test-dir/MiniOzoneClusterImpl-9e1941cb-56ba-429e-854d-1e52595ce6ec/ozone-meta/datanode-2/ratis/b495966f-4ec9-40fc-9038-a7988bf88c1c
2024-04-06 10:34:09,612 [cc1e4d3c-2283-4c28-b737-db868cb45369-groupManagement] INFO  server.RaftServerConfigKeys (ConfUtils.java:logGet(46)) - raft.server.log.queue.byte-limit = 4294967296 (custom)
2024-04-06 10:34:09,612 [cc1e4d3c-2283-4c28-b737-db868cb45369-groupManagement] INFO  server.RaftServerConfigKeys (ConfUtils.java:logGet(46)) - raft.server.log.queue.element-limit = 1024 (custom)
2024-04-06 10:34:09,613 [cc1e4d3c-2283-4c28-b737-db868cb45369-groupManagement] INFO  server.RaftServerConfigKeys (ConfUtils.java:logGet(46)) - raft.server.log.segment.size.max = 67108864 (custom)
2024-04-06 10:34:09,613 [cc1e4d3c-2283-4c28-b737-db868cb45369-groupManagement] INFO  server.RaftServerConfigKeys (ConfUtils.java:logGet(46)) - raft.server.log.preallocated.size = 4194304 (custom)
2024-04-06 10:34:09,613 [cc1e4d3c-2283-4c28-b737-db868cb45369-groupManagement] INFO  server.RaftServerConfigKeys (ConfUtils.java:logGet(46)) - raft.server.log.force.sync.num = 128 (default)
2024-04-06 10:34:09,613 [cc1e4d3c-2283-4c28-b737-db868cb45369-groupManagement] INFO  server.RaftServerConfigKeys (ConfUtils.java:logGet(46)) - raft.server.log.statemachine.data.sync = true (default)
2024-04-06 10:34:09,613 [cc1e4d3c-2283-4c28-b737-db868cb45369-groupManagement] INFO  server.RaftServerConfigKeys (ConfUtils.java:logGet(46)) - raft.server.log.statemachine.data.sync.timeout = 10s (default)
2024-04-06 10:34:09,613 [cc1e4d3c-2283-4c28-b737-db868cb45369-groupManagement] INFO  server.RaftServerConfigKeys (ConfUtils.java:logGet(46)) - raft.server.log.statemachine.data.sync.timeout.retry = 0 (custom)
2024-04-06 10:34:09,613 [cc1e4d3c-2283-4c28-b737-db868cb45369-groupManagement] INFO  server.RaftServerConfigKeys (ConfUtils.java:logGet(46)) - raft.server.log.write.buffer.size = 8388616 (custom)
2024-04-06 10:34:09,615 [cc1e4d3c-2283-4c28-b737-db868cb45369-groupManagement] INFO  server.RaftServerConfigKeys (ConfUtils.java:logGet(46)) - raft.server.log.appender.buffer.byte-limit = 8388608 (custom)
2024-04-06 10:34:09,615 [cc1e4d3c-2283-4c28-b737-db868cb45369-groupManagement] INFO  server.RaftServerConfigKeys (ConfUtils.java:logGet(46)) - raft.server.log.unsafe-flush.enabled = false (default)
2024-04-06 10:34:09,615 [cc1e4d3c-2283-4c28-b737-db868cb45369-groupManagement] INFO  server.RaftServerConfigKeys (ConfUtils.java:logGet(46)) - raft.server.log.async-flush.enabled = false (default)
2024-04-06 10:34:09,615 [cc1e4d3c-2283-4c28-b737-db868cb45369-groupManagement] INFO  server.RaftServerConfigKeys (ConfUtils.java:logGet(46)) - raft.server.log.statemachine.data.caching.enabled = true (custom)
2024-04-06 10:34:09,616 [cc1e4d3c-2283-4c28-b737-db868cb45369-groupManagement] INFO  segmented.SegmentedRaftLogWorker (SegmentedRaftLogWorker.java:lambda$new$0(134)) - cc1e4d3c-2283-4c28-b737-db868cb45369@group-A7988BF88C1C-SegmentedRaftLogWorker: flushIndex: setUnconditionally 0 -> -1
2024-04-06 10:34:09,616 [cc1e4d3c-2283-4c28-b737-db868cb45369-groupManagement] INFO  segmented.SegmentedRaftLogWorker (SegmentedRaftLogWorker.java:lambda$new$0(134)) - cc1e4d3c-2283-4c28-b737-db868cb45369@group-A7988BF88C1C-SegmentedRaftLogWorker: safeCacheEvictIndex: setUnconditionally 0 -> -1
2024-04-06 10:34:09,616 [cc1e4d3c-2283-4c28-b737-db868cb45369-groupManagement] INFO  server.RaftServer$Division (RaftServerImpl.java:start(396)) - cc1e4d3c-2283-4c28-b737-db868cb45369@group-A7988BF88C1C: start as a follower, conf=-1: peers:[cc1e4d3c-2283-4c28-b737-db868cb45369|10.1.0.10:15025]|listeners:[], old=null
2024-04-06 10:34:09,616 [cc1e4d3c-2283-4c28-b737-db868cb45369-groupManagement] INFO  server.RaftServer$Division (RaftServerImpl.java:setRole(383)) - cc1e4d3c-2283-4c28-b737-db868cb45369@group-A7988BF88C1C: changes role from      null to FOLLOWER at term 0 for startAsFollower
2024-04-06 10:34:09,616 [cc1e4d3c-2283-4c28-b737-db868cb45369-groupManagement] INFO  impl.RoleInfo (RoleInfo.java:updateAndGet(139)) - cc1e4d3c-2283-4c28-b737-db868cb45369: start cc1e4d3c-2283-4c28-b737-db868cb45369@group-A7988BF88C1C-FollowerState
2024-04-06 10:34:09,616 [cc1e4d3c-2283-4c28-b737-db868cb45369-groupManagement] INFO  util.JmxRegister (JmxRegister.java:tryRegister(44)) - Successfully registered JMX Bean with object name Ratis:service=RaftServer,group=group-A7988BF88C1C,id=cc1e4d3c-2283-4c28-b737-db868cb45369
2024-04-06 10:34:09,616 [cc1e4d3c-2283-4c28-b737-db868cb45369-groupManagement] INFO  server.RaftServerConfigKeys (ConfUtils.java:logGet(46)) - raft.server.snapshot.trigger-when-stop.enabled = true (default)
2024-04-06 10:34:09,616 [cc1e4d3c-2283-4c28-b737-db868cb45369-groupManagement] INFO  server.RaftServerConfigKeys (ConfUtils.java:logGet(46)) - raft.server.snapshot.auto.trigger.enabled = true (custom)
2024-04-06 10:34:09,617 [cc1e4d3c-2283-4c28-b737-db868cb45369-groupManagement] INFO  server.RaftServerConfigKeys (ConfUtils.java:logGet(46)) - raft.server.snapshot.auto.trigger.threshold = 10000 (custom)
2024-04-06 10:34:09,617 [cc1e4d3c-2283-4c28-b737-db868cb45369-groupManagement] INFO  server.RaftServerConfigKeys (ConfUtils.java:logGet(46)) - raft.server.snapshot.retention.file.num = 5 (custom)
2024-04-06 10:34:09,617 [cc1e4d3c-2283-4c28-b737-db868cb45369-groupManagement] INFO  server.RaftServerConfigKeys (ConfUtils.java:logGet(46)) - raft.server.log.purge.upto.snapshot.index = false (default)
2024-04-06 10:34:09,617 [cc1e4d3c-2283-4c28-b737-db868cb45369@group-A7988BF88C1C-FollowerState] INFO  server.RaftServerConfigKeys (ConfUtils.java:logFallback(53)) - raft.server.rpc.first-election.timeout.min = 5s (fallback to raft.server.rpc.timeout.min)
2024-04-06 10:34:09,617 [cc1e4d3c-2283-4c28-b737-db868cb45369@group-A7988BF88C1C-FollowerState] INFO  server.RaftServerConfigKeys (ConfUtils.java:logFallback(53)) - raft.server.rpc.first-election.timeout.max = 5200ms (fallback to raft.server.rpc.timeout.max)
2024-04-06 10:34:09,618 [cc1e4d3c-2283-4c28-b737-db868cb45369-PipelineCommandHandlerThread-0] INFO  ratis.XceiverServerRatis (XceiverServerRatis.java:addGroup(864)) - Created group PipelineID=b495966f-4ec9-40fc-9038-a7988bf88c1c
2024-04-06 10:34:09,618 [cc1e4d3c-2283-4c28-b737-db868cb45369-PipelineCommandHandlerThread-0] INFO  commandhandler.CreatePipelineCommandHandler (CreatePipelineCommandHandler.java:lambda$handle$2(124)) - Created Pipeline RATIS ONE PipelineID=b495966f-4ec9-40fc-9038-a7988bf88c1c.
2024-04-06 10:34:09,622 [DatanodeAdminManager-0] INFO  node.DatanodeAdminMonitorImpl (DatanodeAdminMonitorImpl.java:checkPipelinesClosedOnNode(398)) - Waiting for pipelines to close for org.apache.hadoop.hdds.scm.node.DatanodeAdminMonitorImpl$TrackedNode@ace0092f. There are 2 pipelines
2024-04-06 10:34:09,622 [DatanodeAdminManager-0] INFO  node.DatanodeAdminMonitorImpl (DatanodeAdminMonitorImpl.java:run(240)) - There are 1 nodes tracked for decommission and maintenance.  0 pending nodes.
2024-04-06 10:34:09,625 [ReplicationMonitor] INFO  replication.ReplicationManager (ReplicationManager.java:processAll(399)) - Replication Monitor Thread took 0 milliseconds for processing 1 containers.
2024-04-06 10:34:09,673 [IPC Server handler 22 on default port 15002] INFO  node.SCMNodeManager (SCMNodeManager.java:updateDatanodeOpState(582)) - Scheduling a command to update the operationalState persisted on ceb25050-cf9f-4852-a13e-a5ff0cf3b4d2(fv-az526-218.pah0jnozfufetaq2ul10ticbdc.dx.internal.cloudapp.net/10.1.0.10) as the reported value (IN_SERVICE, 0) does not match the value stored in SCM (DECOMMISSIONING, 0)
2024-04-06 10:34:09,674 [ceb25050-cf9f-4852-a13e-a5ff0cf3b4d2-CommandProcessorThread] INFO  replication.ReplicationSupervisor (ReplicationSupervisor.java:nodeStateUpdated(312)) - Node state updated to DECOMMISSIONING, scaling executor pool size to 20
2024-04-06 10:34:10,021 [Recon-SyncOM-1] INFO  impl.OzoneManagerServiceProviderImpl (OzoneManagerServiceProviderImpl.java:syncDataFromOM(501)) - Syncing data from Ozone Manager.
2024-04-06 10:34:10,021 [Recon-SyncOM-1] INFO  impl.OzoneManagerServiceProviderImpl (OzoneManagerServiceProviderImpl.java:syncDataFromOM(511)) - Obtaining delta updates from Ozone Manager
2024-04-06 10:34:10,021 [Recon-SyncOM-1] INFO  impl.OzoneManagerServiceProviderImpl (OzoneManagerServiceProviderImpl.java:getAndApplyDeltaUpdatesFromOM(418)) - OriginalFromSequenceNumber : 15 
2024-04-06 10:34:10,023 [Recon-SyncOM-1] INFO  impl.OzoneManagerServiceProviderImpl (OzoneManagerServiceProviderImpl.java:innerGetAndApplyDeltaUpdatesFromOM(485)) - Number of updates received from OM : 0, SequenceNumber diff: 0, SequenceNumber Lag from OM 0, isDBUpdateSuccess: true
2024-04-06 10:34:10,023 [Recon-SyncOM-1] INFO  impl.OzoneManagerServiceProviderImpl (OzoneManagerServiceProviderImpl.java:getAndApplyDeltaUpdatesFromOM(438)) - Delta updates received from OM : 1 loops, 0 records
2024-04-06 10:34:10,154 [ContainerHealthTask] INFO  fsck.ContainerHealthTask (ContainerHealthTask.java:triggerContainerHealthCheck(140)) - Container Health task thread took 0 milliseconds to process 0 existing database records.
2024-04-06 10:34:10,157 [ContainerHealthTask] INFO  fsck.ContainerHealthTask (ContainerHealthTask.java:checkAndProcessContainers(166)) - Container Health task thread took 3 milliseconds for processing 1 containers.
2024-04-06 10:34:10,158 [ContainerHealthTask] INFO  fsck.ContainerHealthTask (ContainerHealthTask.java:lambda$logUnhealthyContainerStats$3(204)) - MISSING **Container State Stats:** 
	
2024-04-06 10:34:10,158 [ContainerHealthTask] INFO  fsck.ContainerHealthTask (ContainerHealthTask.java:lambda$logUnhealthyContainerStats$3(204)) - OVER_REPLICATED **Container State Stats:** 
	TOTAL_KEYS -> 1 , CONTAINER_COUNT -> 1 , TOTAL_USED_BYTES -> 7 , 
2024-04-06 10:34:10,158 [ContainerHealthTask] INFO  fsck.ContainerHealthTask (ContainerHealthTask.java:lambda$logUnhealthyContainerStats$3(204)) - EMPTY_MISSING **Container State Stats:** 
	
2024-04-06 10:34:10,158 [ContainerHealthTask] INFO  fsck.ContainerHealthTask (ContainerHealthTask.java:lambda$logUnhealthyContainerStats$3(204)) - NEGATIVE_SIZE **Container State Stats:** 
	
2024-04-06 10:34:10,158 [ContainerHealthTask] INFO  fsck.ContainerHealthTask (ContainerHealthTask.java:lambda$logUnhealthyContainerStats$3(204)) - UNDER_REPLICATED **Container State Stats:** 
	
2024-04-06 10:34:10,158 [ContainerHealthTask] INFO  fsck.ContainerHealthTask (ContainerHealthTask.java:lambda$logUnhealthyContainerStats$3(204)) - MIS_REPLICATED **Container State Stats:** 
	
2024-04-06 10:34:10,158 [ContainerHealthTask] INFO  fsck.ContainerHealthTask (ContainerHealthTask.java:checkAndProcessContainers(179)) - Container Health task thread took 1 iterations to fetch all containers using batched approach with batch size of 1000
2024-04-06 10:34:10,612 [OverReplicatedProcessor] INFO  replication.RatisOverReplicationHandler (RatisOverReplicationHandler.java:processAndSendCommands(115)) - Container #1 is over replicated. Actual replica count is 4, with 0 pending delete(s). Expected replica count is 3.
2024-04-06 10:34:10,613 [OverReplicatedProcessor] INFO  replication.ReplicationManager (ReplicationManager.java:sendDatanodeCommand(679)) - Sending command [deleteContainerCommand: containerID: 1, replicaIndex: 0, force: true] for container ContainerInfo{id=#1, state=CLOSED, stateEnterTime=2024-04-06T10:33:53.584Z, pipelineID=PipelineID=b4229e37-69d0-4c7f-a467-673fb5e812e7, owner=omServiceIdDefault} to ceb25050-cf9f-4852-a13e-a5ff0cf3b4d2(fv-az526-218.pah0jnozfufetaq2ul10ticbdc.dx.internal.cloudapp.net/10.1.0.10) with datanode deadline 1712400220613 and scm deadline 1712400250613
2024-04-06 10:34:10,613 [OverReplicatedProcessor] INFO  replication.UnhealthyReplicationProcessor (UnhealthyReplicationProcessor.java:processAll(138)) - Processed 1 containers with health state counts {OVER_REPLICATED=1}, failed processing 0, deferred due to load 0
2024-04-06 10:34:10,622 [DatanodeAdminManager-0] INFO  node.DatanodeAdminMonitorImpl (DatanodeAdminMonitorImpl.java:checkPipelinesClosedOnNode(398)) - Waiting for pipelines to close for org.apache.hadoop.hdds.scm.node.DatanodeAdminMonitorImpl$TrackedNode@ace0092f. There are 2 pipelines
2024-04-06 10:34:10,622 [DatanodeAdminManager-0] INFO  node.DatanodeAdminMonitorImpl (DatanodeAdminMonitorImpl.java:run(240)) - There are 1 nodes tracked for decommission and maintenance.  0 pending nodes.
2024-04-06 10:34:10,626 [ReplicationMonitor] INFO  replication.ReplicationManager (ReplicationManager.java:processAll(399)) - Replication Monitor Thread took 1 milliseconds for processing 1 containers.
2024-04-06 10:34:10,673 [IPC Server handler 24 on default port 15009] INFO  node.SCMNodeManager (SCMNodeManager.java:updateDatanodeOpState(582)) - Scheduling a command to update the operationalState persisted on ceb25050-cf9f-4852-a13e-a5ff0cf3b4d2(fv-az526-218.pah0jnozfufetaq2ul10ticbdc.dx.internal.cloudapp.net/10.1.0.10) as the reported value (DECOMMISSIONING, 0) does not match the value stored in SCM (IN_SERVICE, 0)
2024-04-06 10:34:11,025 [Recon-SyncOM-1] INFO  impl.OzoneManagerServiceProviderImpl (OzoneManagerServiceProviderImpl.java:syncDataFromOM(501)) - Syncing data from Ozone Manager.
2024-04-06 10:34:11,025 [Recon-SyncOM-1] INFO  impl.OzoneManagerServiceProviderImpl (OzoneManagerServiceProviderImpl.java:syncDataFromOM(511)) - Obtaining delta updates from Ozone Manager
2024-04-06 10:34:11,025 [Recon-SyncOM-1] INFO  impl.OzoneManagerServiceProviderImpl (OzoneManagerServiceProviderImpl.java:getAndApplyDeltaUpdatesFromOM(418)) - OriginalFromSequenceNumber : 15 
2024-04-06 10:34:11,026 [Recon-SyncOM-1] INFO  impl.OzoneManagerServiceProviderImpl (OzoneManagerServiceProviderImpl.java:innerGetAndApplyDeltaUpdatesFromOM(485)) - Number of updates received from OM : 0, SequenceNumber diff: 0, SequenceNumber Lag from OM 0, isDBUpdateSuccess: true
2024-04-06 10:34:11,027 [Recon-SyncOM-1] INFO  impl.OzoneManagerServiceProviderImpl (OzoneManagerServiceProviderImpl.java:getAndApplyDeltaUpdatesFromOM(438)) - Delta updates received from OM : 1 loops, 0 records
2024-04-06 10:34:11,159 [ContainerHealthTask] INFO  fsck.ContainerHealthTask (ContainerHealthTask.java:processExistingDBRecords(299)) - DELETED existing unhealthy container record...for Container: 1
2024-04-06 10:34:11,160 [ContainerHealthTask] INFO  fsck.ContainerHealthTask (ContainerHealthTask.java:triggerContainerHealthCheck(140)) - Container Health task thread took 3 milliseconds to process 1 existing database records.
2024-04-06 10:34:11,162 [ContainerHealthTask] INFO  fsck.ContainerHealthTask (ContainerHealthTask.java:checkAndProcessContainers(166)) - Container Health task thread took 1 milliseconds for processing 1 containers.
2024-04-06 10:34:11,162 [ContainerHealthTask] INFO  fsck.ContainerHealthTask (ContainerHealthTask.java:lambda$logUnhealthyContainerStats$3(204)) - MISSING **Container State Stats:** 
	
2024-04-06 10:34:11,162 [ContainerHealthTask] INFO  fsck.ContainerHealthTask (ContainerHealthTask.java:lambda$logUnhealthyContainerStats$3(204)) - OVER_REPLICATED **Container State Stats:** 
	
2024-04-06 10:34:11,162 [ContainerHealthTask] INFO  fsck.ContainerHealthTask (ContainerHealthTask.java:lambda$logUnhealthyContainerStats$3(204)) - EMPTY_MISSING **Container State Stats:** 
	
2024-04-06 10:34:11,162 [ContainerHealthTask] INFO  fsck.ContainerHealthTask (ContainerHealthTask.java:lambda$logUnhealthyContainerStats$3(204)) - NEGATIVE_SIZE **Container State Stats:** 
	
2024-04-06 10:34:11,162 [ContainerHealthTask] INFO  fsck.ContainerHealthTask (ContainerHealthTask.java:lambda$logUnhealthyContainerStats$3(204)) - UNDER_REPLICATED **Container State Stats:** 
	
2024-04-06 10:34:11,162 [ContainerHealthTask] INFO  fsck.ContainerHealthTask (ContainerHealthTask.java:lambda$logUnhealthyContainerStats$3(204)) - MIS_REPLICATED **Container State Stats:** 
	
2024-04-06 10:34:11,162 [ContainerHealthTask] INFO  fsck.ContainerHealthTask (ContainerHealthTask.java:checkAndProcessContainers(179)) - Container Health task thread took 1 iterations to fetch all containers using batched approach with batch size of 1000
2024-04-06 10:34:11,612 [FixedThreadPoolWithAffinityExecutor-9-0] WARN  events.FixedThreadPoolWithAffinityExecutor (FixedThreadPoolWithAffinityExecutor.java:run(289)) - Event taken long execution time 2 millisec, cc1e4d3c-2283-4c28-b737-db868cb45369(fv-az526-218.pah0jnozfufetaq2ul10ticbdc.dx.internal.cloudapp.net/10.1.0.10), {type: FCR, size: 1}
2024-04-06 10:34:11,622 [DatanodeAdminManager-0] INFO  node.DatanodeAdminMonitorImpl (DatanodeAdminMonitorImpl.java:checkPipelinesClosedOnNode(398)) - Waiting for pipelines to close for org.apache.hadoop.hdds.scm.node.DatanodeAdminMonitorImpl$TrackedNode@ace0092f. There are 2 pipelines
2024-04-06 10:34:11,622 [DatanodeAdminManager-0] INFO  node.DatanodeAdminMonitorImpl (DatanodeAdminMonitorImpl.java:run(240)) - There are 1 nodes tracked for decommission and maintenance.  0 pending nodes.
2024-04-06 10:34:11,626 [ReplicationMonitor] INFO  replication.ReplicationManager (ReplicationManager.java:processAll(399)) - Replication Monitor Thread took 0 milliseconds for processing 1 containers.
2024-04-06 10:34:11,674 [Recon-FixedThreadPoolWithAffinityExecutor-9-0] WARN  events.FixedThreadPoolWithAffinityExecutor (FixedThreadPoolWithAffinityExecutor.java:run(276)) - Event remained in queue for long time 2 millisec, ceb25050-cf9f-4852-a13e-a5ff0cf3b4d2(fv-az526-218.pah0jnozfufetaq2ul10ticbdc.dx.internal.cloudapp.net/10.1.0.10), {type: FCR, size: 1}
2024-04-06 10:34:11,675 [Recon-FixedThreadPoolWithAffinityExecutor-9-0] WARN  events.FixedThreadPoolWithAffinityExecutor (FixedThreadPoolWithAffinityExecutor.java:run(289)) - Event taken long execution time 2 millisec, ceb25050-cf9f-4852-a13e-a5ff0cf3b4d2(fv-az526-218.pah0jnozfufetaq2ul10ticbdc.dx.internal.cloudapp.net/10.1.0.10), {type: FCR, size: 1}
2024-04-06 10:34:11,675 [ceb25050-cf9f-4852-a13e-a5ff0cf3b4d2-DeleteContainerThread-0] INFO  keyvalue.KeyValueContainer (KeyValueContainer.java:markContainerForDelete(424)) - Moving container /home/runner/work/ozone/ozone/hadoop-ozone/integration-test/target/test-dir/MiniOzoneClusterImpl-9e1941cb-56ba-429e-854d-1e52595ce6ec/ozone-meta/datanode-5/data-0/hdds/9e1941cb-56ba-429e-854d-1e52595ce6ec/current/containerDir0/1 to state DELETED from state:CLOSED
2024-04-06 10:34:12,028 [Recon-SyncOM-1] INFO  impl.OzoneManagerServiceProviderImpl (OzoneManagerServiceProviderImpl.java:syncDataFromOM(501)) - Syncing data from Ozone Manager.
2024-04-06 10:34:12,029 [Recon-SyncOM-1] INFO  impl.OzoneManagerServiceProviderImpl (OzoneManagerServiceProviderImpl.java:syncDataFromOM(511)) - Obtaining delta updates from Ozone Manager
2024-04-06 10:34:12,029 [Recon-SyncOM-1] INFO  impl.OzoneManagerServiceProviderImpl (OzoneManagerServiceProviderImpl.java:getAndApplyDeltaUpdatesFromOM(418)) - OriginalFromSequenceNumber : 15 
2024-04-06 10:34:12,030 [Recon-SyncOM-1] INFO  impl.OzoneManagerServiceProviderImpl (OzoneManagerServiceProviderImpl.java:innerGetAndApplyDeltaUpdatesFromOM(485)) - Number of updates received from OM : 0, SequenceNumber diff: 0, SequenceNumber Lag from OM 0, isDBUpdateSuccess: true
2024-04-06 10:34:12,030 [Recon-SyncOM-1] INFO  impl.OzoneManagerServiceProviderImpl (OzoneManagerServiceProviderImpl.java:getAndApplyDeltaUpdatesFromOM(438)) - Delta updates received from OM : 1 loops, 0 records
2024-04-06 10:34:12,163 [ContainerHealthTask] INFO  fsck.ContainerHealthTask (ContainerHealthTask.java:triggerContainerHealthCheck(140)) - Container Health task thread took 1 milliseconds to process 0 existing database records.
2024-04-06 10:34:12,165 [ContainerHealthTask] INFO  fsck.ContainerHealthTask (ContainerHealthTask.java:checkAndProcessContainers(166)) - Container Health task thread took 2 milliseconds for processing 1 containers.
2024-04-06 10:34:12,165 [ContainerHealthTask] INFO  fsck.ContainerHealthTask (ContainerHealthTask.java:lambda$logUnhealthyContainerStats$3(204)) - MISSING **Container State Stats:** 
	
2024-04-06 10:34:12,165 [ContainerHealthTask] INFO  fsck.ContainerHealthTask (ContainerHealthTask.java:lambda$logUnhealthyContainerStats$3(204)) - OVER_REPLICATED **Container State Stats:** 
	
2024-04-06 10:34:12,165 [ContainerHealthTask] INFO  fsck.ContainerHealthTask (ContainerHealthTask.java:lambda$logUnhealthyContainerStats$3(204)) - EMPTY_MISSING **Container State Stats:** 
	
2024-04-06 10:34:12,165 [ContainerHealthTask] INFO  fsck.ContainerHealthTask (ContainerHealthTask.java:lambda$logUnhealthyContainerStats$3(204)) - NEGATIVE_SIZE **Container State Stats:** 
	
2024-04-06 10:34:12,165 [ContainerHealthTask] INFO  fsck.ContainerHealthTask (ContainerHealthTask.java:lambda$logUnhealthyContainerStats$3(204)) - UNDER_REPLICATED **Container State Stats:** 
	
2024-04-06 10:34:12,165 [ContainerHealthTask] INFO  fsck.ContainerHealthTask (ContainerHealthTask.java:lambda$logUnhealthyContainerStats$3(204)) - MIS_REPLICATED **Container State Stats:** 
	
2024-04-06 10:34:12,165 [ContainerHealthTask] INFO  fsck.ContainerHealthTask (ContainerHealthTask.java:checkAndProcessContainers(179)) - Container Health task thread took 1 iterations to fetch all containers using batched approach with batch size of 1000
2024-04-06 10:34:12,620 [UnderReplicatedProcessor] INFO  replication.RatisUnderReplicationHandler (RatisUnderReplicationHandler.java:verifyUnderReplication(314)) - The container #1 state changed and it's not under replicated any more.
2024-04-06 10:34:12,620 [UnderReplicatedProcessor] INFO  replication.UnhealthyReplicationProcessor (UnhealthyReplicationProcessor.java:processAll(138)) - Processed 1 containers with health state counts {UNDER_REPLICATED=1}, failed processing 0, deferred due to load 0
2024-04-06 10:34:12,622 [DatanodeAdminManager-0] INFO  node.DatanodeAdminMonitorImpl (DatanodeAdminMonitorImpl.java:checkPipelinesClosedOnNode(398)) - Waiting for pipelines to close for org.apache.hadoop.hdds.scm.node.DatanodeAdminMonitorImpl$TrackedNode@ace0092f. There are 2 pipelines
2024-04-06 10:34:12,622 [DatanodeAdminManager-0] INFO  node.DatanodeAdminMonitorImpl (DatanodeAdminMonitorImpl.java:run(240)) - There are 1 nodes tracked for decommission and maintenance.  0 pending nodes.
2024-04-06 10:34:12,626 [ReplicationMonitor] INFO  replication.ReplicationManager (ReplicationManager.java:processAll(399)) - Replication Monitor Thread took 0 milliseconds for processing 1 containers.
2024-04-06 10:34:13,032 [Recon-SyncOM-1] INFO  impl.OzoneManagerServiceProviderImpl (OzoneManagerServiceProviderImpl.java:syncDataFromOM(501)) - Syncing data from Ozone Manager.
2024-04-06 10:34:13,033 [Recon-SyncOM-1] INFO  impl.OzoneManagerServiceProviderImpl (OzoneManagerServiceProviderImpl.java:syncDataFromOM(511)) - Obtaining delta updates from Ozone Manager
2024-04-06 10:34:13,033 [Recon-SyncOM-1] INFO  impl.OzoneManagerServiceProviderImpl (OzoneManagerServiceProviderImpl.java:getAndApplyDeltaUpdatesFromOM(418)) - OriginalFromSequenceNumber : 15 
2024-04-06 10:34:13,034 [Recon-SyncOM-1] INFO  impl.OzoneManagerServiceProviderImpl (OzoneManagerServiceProviderImpl.java:innerGetAndApplyDeltaUpdatesFromOM(485)) - Number of updates received from OM : 0, SequenceNumber diff: 0, SequenceNumber Lag from OM 0, isDBUpdateSuccess: true
2024-04-06 10:34:13,034 [Recon-SyncOM-1] INFO  impl.OzoneManagerServiceProviderImpl (OzoneManagerServiceProviderImpl.java:getAndApplyDeltaUpdatesFromOM(438)) - Delta updates received from OM : 1 loops, 0 records
2024-04-06 10:34:13,166 [ContainerHealthTask] INFO  fsck.ContainerHealthTask (ContainerHealthTask.java:triggerContainerHealthCheck(140)) - Container Health task thread took 0 milliseconds to process 0 existing database records.
2024-04-06 10:34:13,168 [ContainerHealthTask] INFO  fsck.ContainerHealthTask (ContainerHealthTask.java:checkAndProcessContainers(166)) - Container Health task thread took 2 milliseconds for processing 1 containers.
2024-04-06 10:34:13,169 [ContainerHealthTask] INFO  fsck.ContainerHealthTask (ContainerHealthTask.java:lambda$logUnhealthyContainerStats$3(204)) - MISSING **Container State Stats:** 
	
2024-04-06 10:34:13,169 [ContainerHealthTask] INFO  fsck.ContainerHealthTask (ContainerHealthTask.java:lambda$logUnhealthyContainerStats$3(204)) - OVER_REPLICATED **Container State Stats:** 
	
2024-04-06 10:34:13,169 [ContainerHealthTask] INFO  fsck.ContainerHealthTask (ContainerHealthTask.java:lambda$logUnhealthyContainerStats$3(204)) - EMPTY_MISSING **Container State Stats:** 
	
2024-04-06 10:34:13,169 [ContainerHealthTask] INFO  fsck.ContainerHealthTask (ContainerHealthTask.java:lambda$logUnhealthyContainerStats$3(204)) - NEGATIVE_SIZE **Container State Stats:** 
	
2024-04-06 10:34:13,169 [ContainerHealthTask] INFO  fsck.ContainerHealthTask (ContainerHealthTask.java:lambda$logUnhealthyContainerStats$3(204)) - UNDER_REPLICATED **Container State Stats:** 
	
2024-04-06 10:34:13,169 [ContainerHealthTask] INFO  fsck.ContainerHealthTask (ContainerHealthTask.java:lambda$logUnhealthyContainerStats$3(204)) - MIS_REPLICATED **Container State Stats:** 
	
2024-04-06 10:34:13,169 [ContainerHealthTask] INFO  fsck.ContainerHealthTask (ContainerHealthTask.java:checkAndProcessContainers(179)) - Container Health task thread took 1 iterations to fetch all containers using batched approach with batch size of 1000
2024-04-06 10:34:13,425 [BackgroundPipelineScrubber] INFO  pipeline.PipelineManagerImpl (PipelineManagerImpl.java:scrubPipelines(610)) - Scrubbing pipeline: id: PipelineID=6caf9e5d-c9c4-4f3e-8e90-87ad1b61a246 since it stays at CLOSED stage.
2024-04-06 10:34:13,425 [BackgroundPipelineScrubber] INFO  pipeline.RatisPipelineProvider (RatisPipelineProvider.java:lambda$close$4(270)) - Send pipeline:PipelineID=6caf9e5d-c9c4-4f3e-8e90-87ad1b61a246 close command to datanode a40aef6e-dfc7-4141-9a41-17d72bf4eeff
2024-04-06 10:34:13,426 [BackgroundPipelineScrubber] INFO  pipeline.RatisPipelineProvider (RatisPipelineProvider.java:lambda$close$4(270)) - Send pipeline:PipelineID=6caf9e5d-c9c4-4f3e-8e90-87ad1b61a246 close command to datanode 59c3495a-7636-40f9-8dfa-c28be8e98abd
2024-04-06 10:34:13,426 [BackgroundPipelineScrubber] INFO  pipeline.RatisPipelineProvider (RatisPipelineProvider.java:lambda$close$4(270)) - Send pipeline:PipelineID=6caf9e5d-c9c4-4f3e-8e90-87ad1b61a246 close command to datanode ceb25050-cf9f-4852-a13e-a5ff0cf3b4d2
2024-04-06 10:34:13,426 [BackgroundPipelineScrubber] INFO  pipeline.PipelineManagerImpl (PipelineManagerImpl.java:removePipeline(459)) - Pipeline Pipeline[ Id: 6caf9e5d-c9c4-4f3e-8e90-87ad1b61a246, Nodes: a40aef6e-dfc7-4141-9a41-17d72bf4eeff(fv-az526-218.pah0jnozfufetaq2ul10ticbdc.dx.internal.cloudapp.net/10.1.0.10)59c3495a-7636-40f9-8dfa-c28be8e98abd(fv-az526-218.pah0jnozfufetaq2ul10ticbdc.dx.internal.cloudapp.net/10.1.0.10)ceb25050-cf9f-4852-a13e-a5ff0cf3b4d2(fv-az526-218.pah0jnozfufetaq2ul10ticbdc.dx.internal.cloudapp.net/10.1.0.10), ReplicationConfig: RATIS/THREE, State:CLOSED, leaderId:59c3495a-7636-40f9-8dfa-c28be8e98abd, CreationTimestamp2024-04-06T10:33:57.625Z[Etc/UTC]] removed.
2024-04-06 10:34:13,426 [BackgroundPipelineScrubber] INFO  pipeline.PipelineManagerImpl (PipelineManagerImpl.java:scrubPipelines(610)) - Scrubbing pipeline: id: PipelineID=15039d4b-d7f6-4769-9a85-becc45517e23 since it stays at CLOSED stage.
2024-04-06 10:34:13,426 [BackgroundPipelineScrubber] INFO  pipeline.RatisPipelineProvider (RatisPipelineProvider.java:lambda$close$4(270)) - Send pipeline:PipelineID=15039d4b-d7f6-4769-9a85-becc45517e23 close command to datanode ceb25050-cf9f-4852-a13e-a5ff0cf3b4d2
2024-04-06 10:34:13,427 [BackgroundPipelineScrubber] INFO  pipeline.PipelineManagerImpl (PipelineManagerImpl.java:removePipeline(459)) - Pipeline Pipeline[ Id: 15039d4b-d7f6-4769-9a85-becc45517e23, Nodes: ceb25050-cf9f-4852-a13e-a5ff0cf3b4d2(fv-az526-218.pah0jnozfufetaq2ul10ticbdc.dx.internal.cloudapp.net/10.1.0.10), ReplicationConfig: RATIS/ONE, State:CLOSED, leaderId:ceb25050-cf9f-4852-a13e-a5ff0cf3b4d2, CreationTimestamp2024-04-06T10:33:38.868Z[Etc/UTC]] removed.
2024-04-06 10:34:13,622 [DatanodeAdminManager-0] INFO  node.DatanodeAdminMonitorImpl (DatanodeAdminMonitorImpl.java:checkContainersReplicatedOnNode(472)) - org.apache.hadoop.hdds.scm.node.DatanodeAdminMonitorImpl$TrackedNode@ace0092f has 0 sufficientlyReplicated, 0 deleting, 0 underReplicated and 0 unclosed containers
2024-04-06 10:34:13,622 [DatanodeAdminManager-0] INFO  node.DatanodeAdminMonitorImpl (DatanodeAdminMonitorImpl.java:completeDecommission(522)) - Datanode ceb25050-cf9f-4852-a13e-a5ff0cf3b4d2(fv-az526-218.pah0jnozfufetaq2ul10ticbdc.dx.internal.cloudapp.net/10.1.0.10) has completed the admin workflow. The operational state has been set to DECOMMISSIONED
2024-04-06 10:34:13,622 [EventQueue-HealthyReadonlyToHealthyNodeForReadOnlyHealthyToHealthyNodeHandler] INFO  node.ReadOnlyHealthyToHealthyNodeHandler (ReadOnlyHealthyToHealthyNodeHandler.java:onMessage(51)) - Datanode ceb25050-cf9f-4852-a13e-a5ff0cf3b4d2(fv-az526-218.pah0jnozfufetaq2ul10ticbdc.dx.internal.cloudapp.net/10.1.0.10) moved to HEALTHY state.
2024-04-06 10:34:13,622 [EventQueue-HealthyReadonlyToHealthyNodeForReadOnlyHealthyToHealthyNodeHandler] INFO  pipeline.BackgroundPipelineCreator (BackgroundPipelineCreator.java:notifyEventTriggered(280)) - trigger a one-shot run on RatisPipelineUtilsThread.
2024-04-06 10:34:13,623 [RatisPipelineUtilsThread-0] INFO  pipeline.RatisPipelineProvider (RatisPipelineProvider.java:lambda$create$0(205)) - Sending CreatePipelineCommand for pipeline:PipelineID=25178013-1aaf-49ea-9109-82a21d15cbf7 to datanode:59c3495a-7636-40f9-8dfa-c28be8e98abd
2024-04-06 10:34:13,623 [RatisPipelineUtilsThread-0] INFO  pipeline.RatisPipelineProvider (RatisPipelineProvider.java:lambda$create$0(205)) - Sending CreatePipelineCommand for pipeline:PipelineID=25178013-1aaf-49ea-9109-82a21d15cbf7 to datanode:a40aef6e-dfc7-4141-9a41-17d72bf4eeff
2024-04-06 10:34:13,623 [RatisPipelineUtilsThread-0] INFO  pipeline.RatisPipelineProvider (RatisPipelineProvider.java:lambda$create$0(205)) - Sending CreatePipelineCommand for pipeline:PipelineID=25178013-1aaf-49ea-9109-82a21d15cbf7 to datanode:cc1e4d3c-2283-4c28-b737-db868cb45369
2024-04-06 10:34:13,624 [RatisPipelineUtilsThread-0] INFO  pipeline.BackgroundPipelineCreator (BackgroundPipelineCreator.java:createPipelines(236)) - Created new pipeline Pipeline[ Id: 25178013-1aaf-49ea-9109-82a21d15cbf7, Nodes: 59c3495a-7636-40f9-8dfa-c28be8e98abd(fv-az526-218.pah0jnozfufetaq2ul10ticbdc.dx.internal.cloudapp.net/10.1.0.10)a40aef6e-dfc7-4141-9a41-17d72bf4eeff(fv-az526-218.pah0jnozfufetaq2ul10ticbdc.dx.internal.cloudapp.net/10.1.0.10)cc1e4d3c-2283-4c28-b737-db868cb45369(fv-az526-218.pah0jnozfufetaq2ul10ticbdc.dx.internal.cloudapp.net/10.1.0.10), ReplicationConfig: RATIS/THREE, State:ALLOCATED, leaderId:, CreationTimestamp2024-04-06T10:34:13.623Z[Etc/UTC]]
2024-04-06 10:34:13,627 [ReplicationMonitor] INFO  replication.ReplicationManager (ReplicationManager.java:processAll(399)) - Replication Monitor Thread took 0 milliseconds for processing 1 containers.
2024-04-06 10:34:13,679 [IPC Server handler 23 on default port 15002] INFO  node.SCMNodeManager (SCMNodeManager.java:updateDatanodeOpState(582)) - Scheduling a command to update the operationalState persisted on ceb25050-cf9f-4852-a13e-a5ff0cf3b4d2(fv-az526-218.pah0jnozfufetaq2ul10ticbdc.dx.internal.cloudapp.net/10.1.0.10) as the reported value (DECOMMISSIONING, 0) does not match the value stored in SCM (DECOMMISSIONED, 0)
2024-04-06 10:34:13,765 [main] INFO  container.TestHelper (TestHelper.java:countReplicas(427)) - Container 1 has 3 replicas on [59c3495a-7636-40f9-8dfa-c28be8e98abd, cc1e4d3c-2283-4c28-b737-db868cb45369, d1715241-1ffa-4146-b219-94c9c0fc171f]
2024-04-06 10:34:13,804 [d1715241-1ffa-4146-b219-94c9c0fc171f@group-89087E71B146-FollowerState] INFO  impl.FollowerState (FollowerState.java:run(143)) - d1715241-1ffa-4146-b219-94c9c0fc171f@group-89087E71B146-FollowerState: change to CANDIDATE, lastRpcElapsedTime:5190853868ns, electionTimeout:5189ms
2024-04-06 10:34:13,804 [d1715241-1ffa-4146-b219-94c9c0fc171f@group-89087E71B146-FollowerState] INFO  impl.RoleInfo (RoleInfo.java:shutdownFollowerState(110)) - d1715241-1ffa-4146-b219-94c9c0fc171f: shutdown d1715241-1ffa-4146-b219-94c9c0fc171f@group-89087E71B146-FollowerState
2024-04-06 10:34:13,804 [d1715241-1ffa-4146-b219-94c9c0fc171f@group-89087E71B146-FollowerState] INFO  server.RaftServer$Division (RaftServerImpl.java:setRole(383)) - d1715241-1ffa-4146-b219-94c9c0fc171f@group-89087E71B146: changes role from  FOLLOWER to CANDIDATE at term 0 for changeToCandidate
2024-04-06 10:34:13,805 [d1715241-1ffa-4146-b219-94c9c0fc171f@group-89087E71B146-FollowerState] INFO  server.RaftServerConfigKeys (ConfUtils.java:logGet(46)) - raft.server.leaderelection.pre-vote = true (default)
2024-04-06 10:34:13,806 [d1715241-1ffa-4146-b219-94c9c0fc171f@group-89087E71B146-FollowerState] INFO  impl.RoleInfo (RoleInfo.java:updateAndGet(139)) - d1715241-1ffa-4146-b219-94c9c0fc171f: start d1715241-1ffa-4146-b219-94c9c0fc171f@group-89087E71B146-LeaderElection10
2024-04-06 10:34:13,808 [d1715241-1ffa-4146-b219-94c9c0fc171f@group-89087E71B146-LeaderElection10] INFO  impl.LeaderElection (LeaderElection.java:askForVotes(321)) - d1715241-1ffa-4146-b219-94c9c0fc171f@group-89087E71B146-LeaderElection10 PRE_VOTE round 0: submit vote requests at term 0 for -1: peers:[d1715241-1ffa-4146-b219-94c9c0fc171f|10.1.0.10:15034]|listeners:[], old=null
2024-04-06 10:34:13,808 [d1715241-1ffa-4146-b219-94c9c0fc171f@group-89087E71B146-LeaderElection10] INFO  impl.LeaderElection (LeaderElection.java:askForVotes(323)) - d1715241-1ffa-4146-b219-94c9c0fc171f@group-89087E71B146-LeaderElection10 PRE_VOTE round 0: result PASSED (term=0)
2024-04-06 10:34:13,810 [d1715241-1ffa-4146-b219-94c9c0fc171f@group-89087E71B146-LeaderElection10] INFO  impl.LeaderElection (LeaderElection.java:askForVotes(321)) - d1715241-1ffa-4146-b219-94c9c0fc171f@group-89087E71B146-LeaderElection10 ELECTION round 0: submit vote requests at term 1 for -1: peers:[d1715241-1ffa-4146-b219-94c9c0fc171f|10.1.0.10:15034]|listeners:[], old=null
2024-04-06 10:34:13,810 [d1715241-1ffa-4146-b219-94c9c0fc171f@group-89087E71B146-LeaderElection10] INFO  impl.LeaderElection (LeaderElection.java:askForVotes(323)) - d1715241-1ffa-4146-b219-94c9c0fc171f@group-89087E71B146-LeaderElection10 ELECTION round 0: result PASSED (term=1)
2024-04-06 10:34:13,810 [d1715241-1ffa-4146-b219-94c9c0fc171f@group-89087E71B146-LeaderElection10] INFO  impl.RoleInfo (RoleInfo.java:shutdownLeaderElection(130)) - d1715241-1ffa-4146-b219-94c9c0fc171f: shutdown d1715241-1ffa-4146-b219-94c9c0fc171f@group-89087E71B146-LeaderElection10
2024-04-06 10:34:13,810 [d1715241-1ffa-4146-b219-94c9c0fc171f@group-89087E71B146-LeaderElection10] INFO  server.RaftServer$Division (RaftServerImpl.java:setRole(383)) - d1715241-1ffa-4146-b219-94c9c0fc171f@group-89087E71B146: changes role from CANDIDATE to LEADER at term 1 for changeToLeader
2024-04-06 10:34:13,810 [d1715241-1ffa-4146-b219-94c9c0fc171f@group-89087E71B146-LeaderElection10] INFO  server.RaftServerConfigKeys (ConfUtils.java:logGet(46)) - raft.server.staging.catchup.gap = 1000 (default)
2024-04-06 10:34:13,810 [d1715241-1ffa-4146-b219-94c9c0fc171f@group-89087E71B146-LeaderElection10] INFO  server.RaftServerConfigKeys (ConfUtils.java:logGet(46)) - raft.server.write.element-limit = 1024 (custom)
2024-04-06 10:34:13,810 [d1715241-1ffa-4146-b219-94c9c0fc171f@group-89087E71B146-LeaderElection10] INFO  server.RaftServerConfigKeys (ConfUtils.java:logGet(46)) - raft.server.write.byte-limit = 1024 M (=1073741824) (custom)
2024-04-06 10:34:13,811 [d1715241-1ffa-4146-b219-94c9c0fc171f@group-89087E71B146-LeaderElection10] INFO  server.RaftServerConfigKeys (ConfUtils.java:logGet(46)) - raft.server.watch.timeout = 180s (custom)
2024-04-06 10:34:13,811 [d1715241-1ffa-4146-b219-94c9c0fc171f@group-89087E71B146-LeaderElection10] INFO  server.RaftServerConfigKeys (ConfUtils.java:logGet(46)) - raft.server.watch.timeout.denomination = 1s (default)
2024-04-06 10:34:13,811 [d1715241-1ffa-4146-b219-94c9c0fc171f@group-89087E71B146-LeaderElection10] INFO  server.RaftServerConfigKeys (ConfUtils.java:logGet(46)) - raft.server.watch.element-limit = 65536 (default)
2024-04-06 10:34:13,811 [d1715241-1ffa-4146-b219-94c9c0fc171f@group-89087E71B146-LeaderElection10] INFO  server.RaftServerConfigKeys (ConfUtils.java:logGet(46)) - raft.server.read.leader.lease.enabled = false (default)
2024-04-06 10:34:13,811 [d1715241-1ffa-4146-b219-94c9c0fc171f@group-89087E71B146-LeaderElection10] INFO  server.RaftServerConfigKeys (ConfUtils.java:logGet(46)) - raft.server.read.leader.lease.timeout.ratio = 0.9 (default)
2024-04-06 10:34:13,811 [d1715241-1ffa-4146-b219-94c9c0fc171f@group-89087E71B146-LeaderElection10] INFO  server.RaftServerConfigKeys (ConfUtils.java:logGet(46)) - raft.server.rpc.timeout.min = 5s (custom)
2024-04-06 10:34:13,811 [d1715241-1ffa-4146-b219-94c9c0fc171f@group-89087E71B146-LeaderElection10] INFO  server.RaftServerConfigKeys (ConfUtils.java:logGet(46)) - raft.server.write.element-limit = 1024 (custom)
2024-04-06 10:34:13,811 [d1715241-1ffa-4146-b219-94c9c0fc171f@group-89087E71B146-LeaderElection10] INFO  server.RaftServerConfigKeys (ConfUtils.java:logGet(46)) - raft.server.write.follower.gap.ratio.max = -1.0 (default)
2024-04-06 10:34:13,812 [d1715241-1ffa-4146-b219-94c9c0fc171f@group-89087E71B146-LeaderElection10] INFO  impl.RoleInfo (RoleInfo.java:updateAndGet(139)) - d1715241-1ffa-4146-b219-94c9c0fc171f: start d1715241-1ffa-4146-b219-94c9c0fc171f@group-89087E71B146-LeaderStateImpl
2024-04-06 10:34:13,812 [d1715241-1ffa-4146-b219-94c9c0fc171f@group-89087E71B146-LeaderElection10] INFO  server.RaftServer$Division (RaftServerImpl.java:setFirstElection(574)) - d1715241-1ffa-4146-b219-94c9c0fc171f@group-89087E71B146: set firstElectionSinceStartup to false for becomeLeader
2024-04-06 10:34:13,812 [d1715241-1ffa-4146-b219-94c9c0fc171f@group-89087E71B146-LeaderElection10] INFO  ratis.XceiverServerRatis (XceiverServerRatis.java:handleLeaderChangedNotification(966)) - Leader change notification received for group: group-89087E71B146 with new leaderId: d1715241-1ffa-4146-b219-94c9c0fc171f
2024-04-06 10:34:13,812 [d1715241-1ffa-4146-b219-94c9c0fc171f@group-89087E71B146-LeaderElection10] INFO  server.RaftServer$Division (ServerState.java:setLeader(269)) - d1715241-1ffa-4146-b219-94c9c0fc171f@group-89087E71B146: change Leader from null to d1715241-1ffa-4146-b219-94c9c0fc171f at term 1 for becomeLeader, leader elected after 5214ms
2024-04-06 10:34:13,812 [d1715241-1ffa-4146-b219-94c9c0fc171f@group-89087E71B146-LeaderElection10] INFO  segmented.SegmentedRaftLogWorker (SegmentedRaftLogWorker.java:startLogSegment(430)) - d1715241-1ffa-4146-b219-94c9c0fc171f@group-89087E71B146-SegmentedRaftLogWorker: Starting segment from index:0
2024-04-06 10:34:13,812 [d1715241-1ffa-4146-b219-94c9c0fc171f@group-89087E71B146-SegmentedRaftLogWorker] INFO  segmented.BufferedWriteChannel (BufferedWriteChannel.java:open(62)) - open log_inprogress_0 at position 0
2024-04-06 10:34:13,815 [d1715241-1ffa-4146-b219-94c9c0fc171f@group-89087E71B146-LeaderElection10] INFO  server.RaftServer$Division (ServerState.java:setRaftConf(386)) - d1715241-1ffa-4146-b219-94c9c0fc171f@group-89087E71B146: set configuration 0: peers:[d1715241-1ffa-4146-b219-94c9c0fc171f|10.1.0.10:15034]|listeners:[], old=null
2024-04-06 10:34:13,820 [d1715241-1ffa-4146-b219-94c9c0fc171f@group-89087E71B146-SegmentedRaftLogWorker] INFO  segmented.SegmentedRaftLogWorker (SegmentedRaftLogWorker.java:execute(634)) - d1715241-1ffa-4146-b219-94c9c0fc171f@group-89087E71B146-SegmentedRaftLogWorker: created new log segment /home/runner/work/ozone/ozone/hadoop-ozone/integration-test/target/test-dir/MiniOzoneClusterImpl-9e1941cb-56ba-429e-854d-1e52595ce6ec/ozone-meta/datanode-3/ratis/62748d4a-78e9-4857-a2b6-89087e71b146/current/log_inprogress_0
2024-04-06 10:34:13,822 [d1715241-1ffa-4146-b219-94c9c0fc171f@group-89087E71B146-StateMachineUpdater] INFO  server.RaftServer$Division (LeaderStateImpl.java:isApplied(320)) - leader is ready since appliedIndex == 0 >= startIndex == 0
2024-04-06 10:34:14,036 [Recon-SyncOM-1] INFO  impl.OzoneManagerServiceProviderImpl (OzoneManagerServiceProviderImpl.java:syncDataFromOM(501)) - Syncing data from Ozone Manager.
2024-04-06 10:34:14,036 [Recon-SyncOM-1] INFO  impl.OzoneManagerServiceProviderImpl (OzoneManagerServiceProviderImpl.java:syncDataFromOM(511)) - Obtaining delta updates from Ozone Manager
2024-04-06 10:34:14,036 [Recon-SyncOM-1] INFO  impl.OzoneManagerServiceProviderImpl (OzoneManagerServiceProviderImpl.java:getAndApplyDeltaUpdatesFromOM(418)) - OriginalFromSequenceNumber : 15 
2024-04-06 10:34:14,038 [Recon-SyncOM-1] INFO  impl.OzoneManagerServiceProviderImpl (OzoneManagerServiceProviderImpl.java:innerGetAndApplyDeltaUpdatesFromOM(485)) - Number of updates received from OM : 0, SequenceNumber diff: 0, SequenceNumber Lag from OM 0, isDBUpdateSuccess: true
2024-04-06 10:34:14,038 [Recon-SyncOM-1] INFO  impl.OzoneManagerServiceProviderImpl (OzoneManagerServiceProviderImpl.java:getAndApplyDeltaUpdatesFromOM(438)) - Delta updates received from OM : 1 loops, 0 records
2024-04-06 10:34:14,115 [EventQueue-PipelineReportForPipelineReportHandler] INFO  pipeline.PipelineReportHandler (PipelineReportHandler.java:processPipelineReport(115)) - Reported pipeline PipelineID=6caf9e5d-c9c4-4f3e-8e90-87ad1b61a246 is not found
2024-04-06 10:34:14,170 [ContainerHealthTask] INFO  fsck.ContainerHealthTask (ContainerHealthTask.java:triggerContainerHealthCheck(140)) - Container Health task thread took 1 milliseconds to process 0 existing database records.
2024-04-06 10:34:14,172 [ContainerHealthTask] INFO  fsck.ContainerHealthTask (ContainerHealthTask.java:checkAndProcessContainers(166)) - Container Health task thread took 2 milliseconds for processing 1 containers.
2024-04-06 10:34:14,172 [ContainerHealthTask] INFO  fsck.ContainerHealthTask (ContainerHealthTask.java:lambda$logUnhealthyContainerStats$3(204)) - MISSING **Container State Stats:** 
	
2024-04-06 10:34:14,172 [ContainerHealthTask] INFO  fsck.ContainerHealthTask (ContainerHealthTask.java:lambda$logUnhealthyContainerStats$3(204)) - OVER_REPLICATED **Container State Stats:** 
	
2024-04-06 10:34:14,172 [ContainerHealthTask] INFO  fsck.ContainerHealthTask (ContainerHealthTask.java:lambda$logUnhealthyContainerStats$3(204)) - EMPTY_MISSING **Container State Stats:** 
	
2024-04-06 10:34:14,172 [ContainerHealthTask] INFO  fsck.ContainerHealthTask (ContainerHealthTask.java:lambda$logUnhealthyContainerStats$3(204)) - NEGATIVE_SIZE **Container State Stats:** 
	
2024-04-06 10:34:14,172 [ContainerHealthTask] INFO  fsck.ContainerHealthTask (ContainerHealthTask.java:lambda$logUnhealthyContainerStats$3(204)) - UNDER_REPLICATED **Container State Stats:** 
	
2024-04-06 10:34:14,172 [ContainerHealthTask] INFO  fsck.ContainerHealthTask (ContainerHealthTask.java:lambda$logUnhealthyContainerStats$3(204)) - MIS_REPLICATED **Container State Stats:** 
	
2024-04-06 10:34:14,172 [ContainerHealthTask] INFO  fsck.ContainerHealthTask (ContainerHealthTask.java:checkAndProcessContainers(179)) - Container Health task thread took 1 iterations to fetch all containers using batched approach with batch size of 1000
2024-04-06 10:34:14,627 [ReplicationMonitor] INFO  replication.ReplicationManager (ReplicationManager.java:processAll(399)) - Replication Monitor Thread took 0 milliseconds for processing 1 containers.
2024-04-06 10:34:14,678 [ceb25050-cf9f-4852-a13e-a5ff0cf3b4d2-PipelineCommandHandlerThread-0] INFO  server.RaftServer (RaftServerProxy.java:remove(111)) - ceb25050-cf9f-4852-a13e-a5ff0cf3b4d2: remove  FOLLOWER ceb25050-cf9f-4852-a13e-a5ff0cf3b4d2@group-87AD1B61A246:t1, leader=59c3495a-7636-40f9-8dfa-c28be8e98abd, voted=59c3495a-7636-40f9-8dfa-c28be8e98abd, raftlog=Memoized:ceb25050-cf9f-4852-a13e-a5ff0cf3b4d2@group-87AD1B61A246-SegmentedRaftLog:OPENED:c0, conf=0: peers:[59c3495a-7636-40f9-8dfa-c28be8e98abd|10.1.0.10:15016, a40aef6e-dfc7-4141-9a41-17d72bf4eeff|10.1.0.10:15043, ceb25050-cf9f-4852-a13e-a5ff0cf3b4d2|10.1.0.10:15052]|listeners:[], old=null RUNNING
2024-04-06 10:34:14,678 [ceb25050-cf9f-4852-a13e-a5ff0cf3b4d2-PipelineCommandHandlerThread-0] INFO  server.RaftServer$Division (RaftServerImpl.java:lambda$close$3(526)) - ceb25050-cf9f-4852-a13e-a5ff0cf3b4d2@group-87AD1B61A246: shutdown
2024-04-06 10:34:14,678 [ceb25050-cf9f-4852-a13e-a5ff0cf3b4d2-PipelineCommandHandlerThread-0] INFO  util.JmxRegister (JmxRegister.java:unregister(73)) - Successfully un-registered JMX Bean with object name Ratis:service=RaftServer,group=group-87AD1B61A246,id=ceb25050-cf9f-4852-a13e-a5ff0cf3b4d2
2024-04-06 10:34:14,678 [ceb25050-cf9f-4852-a13e-a5ff0cf3b4d2-PipelineCommandHandlerThread-0] INFO  impl.RoleInfo (RoleInfo.java:shutdownFollowerState(110)) - ceb25050-cf9f-4852-a13e-a5ff0cf3b4d2: shutdown ceb25050-cf9f-4852-a13e-a5ff0cf3b4d2@group-87AD1B61A246-FollowerState
2024-04-06 10:34:14,678 [ceb25050-cf9f-4852-a13e-a5ff0cf3b4d2-PipelineCommandHandlerThread-0] INFO  impl.StateMachineUpdater (StateMachineUpdater.java:stopAndJoin(157)) - ceb25050-cf9f-4852-a13e-a5ff0cf3b4d2@group-87AD1B61A246-StateMachineUpdater: set stopIndex = 0
2024-04-06 10:34:14,678 [ceb25050-cf9f-4852-a13e-a5ff0cf3b4d2@group-87AD1B61A246-StateMachineUpdater] INFO  ratis.ContainerStateMachine (ContainerStateMachine.java:takeSnapshot(355)) - group-87AD1B61A246: Taking a snapshot at:(t:1, i:0) file /home/runner/work/ozone/ozone/hadoop-ozone/integration-test/target/test-dir/MiniOzoneClusterImpl-9e1941cb-56ba-429e-854d-1e52595ce6ec/ozone-meta/datanode-5/ratis/6caf9e5d-c9c4-4f3e-8e90-87ad1b61a246/sm/snapshot.1_0
2024-04-06 10:34:14,678 [ceb25050-cf9f-4852-a13e-a5ff0cf3b4d2@group-87AD1B61A246-FollowerState] INFO  impl.FollowerState (FollowerState.java:run(152)) - ceb25050-cf9f-4852-a13e-a5ff0cf3b4d2@group-87AD1B61A246-FollowerState was interrupted
2024-04-06 10:34:14,680 [ceb25050-cf9f-4852-a13e-a5ff0cf3b4d2@group-87AD1B61A246-StateMachineUpdater] INFO  ratis.ContainerStateMachine (ContainerStateMachine.java:takeSnapshot(366)) - group-87AD1B61A246: Finished taking a snapshot at:(t:1, i:0) file:/home/runner/work/ozone/ozone/hadoop-ozone/integration-test/target/test-dir/MiniOzoneClusterImpl-9e1941cb-56ba-429e-854d-1e52595ce6ec/ozone-meta/datanode-5/ratis/6caf9e5d-c9c4-4f3e-8e90-87ad1b61a246/sm/snapshot.1_0 took: 1 ms
2024-04-06 10:34:14,681 [ceb25050-cf9f-4852-a13e-a5ff0cf3b4d2@group-87AD1B61A246-StateMachineUpdater] INFO  impl.StateMachineUpdater (StateMachineUpdater.java:takeSnapshot(295)) - ceb25050-cf9f-4852-a13e-a5ff0cf3b4d2@group-87AD1B61A246-StateMachineUpdater: Took a snapshot at index 0
2024-04-06 10:34:14,681 [ceb25050-cf9f-4852-a13e-a5ff0cf3b4d2@group-87AD1B61A246-StateMachineUpdater] INFO  impl.StateMachineUpdater (StateMachineUpdater.java:lambda$new$0(98)) - ceb25050-cf9f-4852-a13e-a5ff0cf3b4d2@group-87AD1B61A246-StateMachineUpdater: snapshotIndex: updateIncreasingly -1 -> 0
2024-04-06 10:34:14,681 [ceb25050-cf9f-4852-a13e-a5ff0cf3b4d2-CommandProcessorThread] INFO  replication.ReplicationSupervisor (ReplicationSupervisor.java:nodeStateUpdated(312)) - Node state updated to DECOMMISSIONED, scaling executor pool size to 20
2024-04-06 10:34:14,681 [ceb25050-cf9f-4852-a13e-a5ff0cf3b4d2-PipelineCommandHandlerThread-0] INFO  server.RaftServer$Division (ServerState.java:close(427)) - ceb25050-cf9f-4852-a13e-a5ff0cf3b4d2@group-87AD1B61A246: applyIndex: 0
2024-04-06 10:34:14,681 [ceb25050-cf9f-4852-a13e-a5ff0cf3b4d2@group-87AD1B61A246-cacheEviction-AwaitToRun] INFO  util.AwaitToRun (AwaitToRun.java:run(49)) - ceb25050-cf9f-4852-a13e-a5ff0cf3b4d2@group-87AD1B61A246-cacheEviction-AwaitToRun-AwaitForSignal is interrupted
2024-04-06 10:34:14,682 [IPC Server handler 25 on default port 15009] INFO  node.SCMNodeManager (SCMNodeManager.java:updateDatanodeOpState(582)) - Scheduling a command to update the operationalState persisted on ceb25050-cf9f-4852-a13e-a5ff0cf3b4d2(fv-az526-218.pah0jnozfufetaq2ul10ticbdc.dx.internal.cloudapp.net/10.1.0.10) as the reported value (DECOMMISSIONED, 0) does not match the value stored in SCM (DECOMMISSIONING, 0)
2024-04-06 10:34:14,684 [EventQueue-PipelineReportForPipelineReportHandler] INFO  pipeline.PipelineReportHandler (PipelineReportHandler.java:processPipelineReport(115)) - Reported pipeline PipelineID=6caf9e5d-c9c4-4f3e-8e90-87ad1b61a246 is not found
2024-04-06 10:34:14,684 [EventQueue-PipelineReportForPipelineReportHandler] INFO  pipeline.PipelineReportHandler (PipelineReportHandler.java:processPipelineReport(115)) - Reported pipeline PipelineID=15039d4b-d7f6-4769-9a85-becc45517e23 is not found
2024-04-06 10:34:14,729 [cc1e4d3c-2283-4c28-b737-db868cb45369@group-A7988BF88C1C-FollowerState] INFO  impl.FollowerState (FollowerState.java:run(143)) - cc1e4d3c-2283-4c28-b737-db868cb45369@group-A7988BF88C1C-FollowerState: change to CANDIDATE, lastRpcElapsedTime:5112630125ns, electionTimeout:5111ms
2024-04-06 10:34:14,729 [cc1e4d3c-2283-4c28-b737-db868cb45369@group-A7988BF88C1C-FollowerState] INFO  impl.RoleInfo (RoleInfo.java:shutdownFollowerState(110)) - cc1e4d3c-2283-4c28-b737-db868cb45369: shutdown cc1e4d3c-2283-4c28-b737-db868cb45369@group-A7988BF88C1C-FollowerState
2024-04-06 10:34:14,729 [cc1e4d3c-2283-4c28-b737-db868cb45369@group-A7988BF88C1C-FollowerState] INFO  server.RaftServer$Division (RaftServerImpl.java:setRole(383)) - cc1e4d3c-2283-4c28-b737-db868cb45369@group-A7988BF88C1C: changes role from  FOLLOWER to CANDIDATE at term 0 for changeToCandidate
2024-04-06 10:34:14,730 [cc1e4d3c-2283-4c28-b737-db868cb45369@group-A7988BF88C1C-FollowerState] INFO  server.RaftServerConfigKeys (ConfUtils.java:logGet(46)) - raft.server.leaderelection.pre-vote = true (default)
2024-04-06 10:34:14,730 [cc1e4d3c-2283-4c28-b737-db868cb45369@group-A7988BF88C1C-FollowerState] INFO  impl.RoleInfo (RoleInfo.java:updateAndGet(139)) - cc1e4d3c-2283-4c28-b737-db868cb45369: start cc1e4d3c-2283-4c28-b737-db868cb45369@group-A7988BF88C1C-LeaderElection11
2024-04-06 10:34:14,731 [cc1e4d3c-2283-4c28-b737-db868cb45369@group-A7988BF88C1C-LeaderElection11] INFO  impl.LeaderElection (LeaderElection.java:askForVotes(321)) - cc1e4d3c-2283-4c28-b737-db868cb45369@group-A7988BF88C1C-LeaderElection11 PRE_VOTE round 0: submit vote requests at term 0 for -1: peers:[cc1e4d3c-2283-4c28-b737-db868cb45369|10.1.0.10:15025]|listeners:[], old=null
2024-04-06 10:34:14,732 [cc1e4d3c-2283-4c28-b737-db868cb45369@group-A7988BF88C1C-LeaderElection11] INFO  impl.LeaderElection (LeaderElection.java:askForVotes(323)) - cc1e4d3c-2283-4c28-b737-db868cb45369@group-A7988BF88C1C-LeaderElection11 PRE_VOTE round 0: result PASSED (term=0)
2024-04-06 10:34:14,733 [cc1e4d3c-2283-4c28-b737-db868cb45369@group-A7988BF88C1C-LeaderElection11] INFO  impl.LeaderElection (LeaderElection.java:askForVotes(321)) - cc1e4d3c-2283-4c28-b737-db868cb45369@group-A7988BF88C1C-LeaderElection11 ELECTION round 0: submit vote requests at term 1 for -1: peers:[cc1e4d3c-2283-4c28-b737-db868cb45369|10.1.0.10:15025]|listeners:[], old=null
2024-04-06 10:34:14,733 [cc1e4d3c-2283-4c28-b737-db868cb45369@group-A7988BF88C1C-LeaderElection11] INFO  impl.LeaderElection (LeaderElection.java:askForVotes(323)) - cc1e4d3c-2283-4c28-b737-db868cb45369@group-A7988BF88C1C-LeaderElection11 ELECTION round 0: result PASSED (term=1)
2024-04-06 10:34:14,733 [cc1e4d3c-2283-4c28-b737-db868cb45369@group-A7988BF88C1C-LeaderElection11] INFO  impl.RoleInfo (RoleInfo.java:shutdownLeaderElection(130)) - cc1e4d3c-2283-4c28-b737-db868cb45369: shutdown cc1e4d3c-2283-4c28-b737-db868cb45369@group-A7988BF88C1C-LeaderElection11
2024-04-06 10:34:14,733 [cc1e4d3c-2283-4c28-b737-db868cb45369@group-A7988BF88C1C-LeaderElection11] INFO  server.RaftServer$Division (RaftServerImpl.java:setRole(383)) - cc1e4d3c-2283-4c28-b737-db868cb45369@group-A7988BF88C1C: changes role from CANDIDATE to LEADER at term 1 for changeToLeader
2024-04-06 10:34:14,733 [cc1e4d3c-2283-4c28-b737-db868cb45369@group-A7988BF88C1C-LeaderElection11] INFO  server.RaftServerConfigKeys (ConfUtils.java:logGet(46)) - raft.server.staging.catchup.gap = 1000 (default)
2024-04-06 10:34:14,734 [cc1e4d3c-2283-4c28-b737-db868cb45369@group-A7988BF88C1C-LeaderElection11] INFO  server.RaftServerConfigKeys (ConfUtils.java:logGet(46)) - raft.server.write.element-limit = 1024 (custom)
2024-04-06 10:34:14,734 [cc1e4d3c-2283-4c28-b737-db868cb45369@group-A7988BF88C1C-LeaderElection11] INFO  server.RaftServerConfigKeys (ConfUtils.java:logGet(46)) - raft.server.write.byte-limit = 1024 M (=1073741824) (custom)
2024-04-06 10:34:14,734 [cc1e4d3c-2283-4c28-b737-db868cb45369@group-A7988BF88C1C-LeaderElection11] INFO  server.RaftServerConfigKeys (ConfUtils.java:logGet(46)) - raft.server.watch.timeout = 180s (custom)
2024-04-06 10:34:14,734 [cc1e4d3c-2283-4c28-b737-db868cb45369@group-A7988BF88C1C-LeaderElection11] INFO  server.RaftServerConfigKeys (ConfUtils.java:logGet(46)) - raft.server.watch.timeout.denomination = 1s (default)
2024-04-06 10:34:14,734 [cc1e4d3c-2283-4c28-b737-db868cb45369@group-A7988BF88C1C-LeaderElection11] INFO  server.RaftServerConfigKeys (ConfUtils.java:logGet(46)) - raft.server.watch.element-limit = 65536 (default)
2024-04-06 10:34:14,734 [cc1e4d3c-2283-4c28-b737-db868cb45369@group-A7988BF88C1C-LeaderElection11] INFO  server.RaftServerConfigKeys (ConfUtils.java:logGet(46)) - raft.server.read.leader.lease.enabled = false (default)
2024-04-06 10:34:14,734 [cc1e4d3c-2283-4c28-b737-db868cb45369@group-A7988BF88C1C-LeaderElection11] INFO  server.RaftServerConfigKeys (ConfUtils.java:logGet(46)) - raft.server.read.leader.lease.timeout.ratio = 0.9 (default)
2024-04-06 10:34:14,735 [cc1e4d3c-2283-4c28-b737-db868cb45369@group-A7988BF88C1C-LeaderElection11] INFO  server.RaftServerConfigKeys (ConfUtils.java:logGet(46)) - raft.server.rpc.timeout.min = 5s (custom)
2024-04-06 10:34:14,735 [cc1e4d3c-2283-4c28-b737-db868cb45369@group-A7988BF88C1C-LeaderElection11] INFO  server.RaftServerConfigKeys (ConfUtils.java:logGet(46)) - raft.server.write.element-limit = 1024 (custom)
2024-04-06 10:34:14,735 [cc1e4d3c-2283-4c28-b737-db868cb45369@group-A7988BF88C1C-LeaderElection11] INFO  server.RaftServerConfigKeys (ConfUtils.java:logGet(46)) - raft.server.write.follower.gap.ratio.max = -1.0 (default)
2024-04-06 10:34:14,735 [cc1e4d3c-2283-4c28-b737-db868cb45369@group-A7988BF88C1C-LeaderElection11] INFO  impl.RoleInfo (RoleInfo.java:updateAndGet(139)) - cc1e4d3c-2283-4c28-b737-db868cb45369: start cc1e4d3c-2283-4c28-b737-db868cb45369@group-A7988BF88C1C-LeaderStateImpl
2024-04-06 10:34:14,735 [cc1e4d3c-2283-4c28-b737-db868cb45369@group-A7988BF88C1C-LeaderElection11] INFO  server.RaftServer$Division (RaftServerImpl.java:setFirstElection(574)) - cc1e4d3c-2283-4c28-b737-db868cb45369@group-A7988BF88C1C: set firstElectionSinceStartup to false for becomeLeader
2024-04-06 10:34:14,735 [cc1e4d3c-2283-4c28-b737-db868cb45369@group-A7988BF88C1C-LeaderElection11] INFO  ratis.XceiverServerRatis (XceiverServerRatis.java:handleLeaderChangedNotification(966)) - Leader change notification received for group: group-A7988BF88C1C with new leaderId: cc1e4d3c-2283-4c28-b737-db868cb45369
2024-04-06 10:34:14,735 [cc1e4d3c-2283-4c28-b737-db868cb45369@group-A7988BF88C1C-LeaderElection11] INFO  server.RaftServer$Division (ServerState.java:setLeader(269)) - cc1e4d3c-2283-4c28-b737-db868cb45369@group-A7988BF88C1C: change Leader from null to cc1e4d3c-2283-4c28-b737-db868cb45369 at term 1 for becomeLeader, leader elected after 5135ms
2024-04-06 10:34:14,735 [cc1e4d3c-2283-4c28-b737-db868cb45369@group-A7988BF88C1C-LeaderElection11] INFO  segmented.SegmentedRaftLogWorker (SegmentedRaftLogWorker.java:startLogSegment(430)) - cc1e4d3c-2283-4c28-b737-db868cb45369@group-A7988BF88C1C-SegmentedRaftLogWorker: Starting segment from index:0
2024-04-06 10:34:14,736 [cc1e4d3c-2283-4c28-b737-db868cb45369@group-A7988BF88C1C-SegmentedRaftLogWorker] INFO  segmented.BufferedWriteChannel (BufferedWriteChannel.java:open(62)) - open log_inprogress_0 at position 0
2024-04-06 10:34:14,739 [cc1e4d3c-2283-4c28-b737-db868cb45369@group-A7988BF88C1C-LeaderElection11] INFO  server.RaftServer$Division (ServerState.java:setRaftConf(386)) - cc1e4d3c-2283-4c28-b737-db868cb45369@group-A7988BF88C1C: set configuration 0: peers:[cc1e4d3c-2283-4c28-b737-db868cb45369|10.1.0.10:15025]|listeners:[], old=null
2024-04-06 10:34:14,744 [cc1e4d3c-2283-4c28-b737-db868cb45369@group-A7988BF88C1C-SegmentedRaftLogWorker] INFO  segmented.SegmentedRaftLogWorker (SegmentedRaftLogWorker.java:execute(634)) - cc1e4d3c-2283-4c28-b737-db868cb45369@group-A7988BF88C1C-SegmentedRaftLogWorker: created new log segment /home/runner/work/ozone/ozone/hadoop-ozone/integration-test/target/test-dir/MiniOzoneClusterImpl-9e1941cb-56ba-429e-854d-1e52595ce6ec/ozone-meta/datanode-2/ratis/b495966f-4ec9-40fc-9038-a7988bf88c1c/current/log_inprogress_0
2024-04-06 10:34:14,745 [cc1e4d3c-2283-4c28-b737-db868cb45369@group-A7988BF88C1C-StateMachineUpdater] INFO  server.RaftServer$Division (LeaderStateImpl.java:isApplied(320)) - leader is ready since appliedIndex == 0 >= startIndex == 0
2024-04-06 10:34:14,765 [main] INFO  container.TestHelper (TestHelper.java:countReplicas(427)) - Container 1 has 3 replicas on [59c3495a-7636-40f9-8dfa-c28be8e98abd, cc1e4d3c-2283-4c28-b737-db868cb45369, d1715241-1ffa-4146-b219-94c9c0fc171f]
2024-04-06 10:34:15,040 [Recon-SyncOM-1] INFO  impl.OzoneManagerServiceProviderImpl (OzoneManagerServiceProviderImpl.java:syncDataFromOM(501)) - Syncing data from Ozone Manager.
2024-04-06 10:34:15,040 [Recon-SyncOM-1] INFO  impl.OzoneManagerServiceProviderImpl (OzoneManagerServiceProviderImpl.java:syncDataFromOM(511)) - Obtaining delta updates from Ozone Manager
2024-04-06 10:34:15,040 [Recon-SyncOM-1] INFO  impl.OzoneManagerServiceProviderImpl (OzoneManagerServiceProviderImpl.java:getAndApplyDeltaUpdatesFromOM(418)) - OriginalFromSequenceNumber : 15 
2024-04-06 10:34:15,041 [Recon-SyncOM-1] INFO  impl.OzoneManagerServiceProviderImpl (OzoneManagerServiceProviderImpl.java:innerGetAndApplyDeltaUpdatesFromOM(485)) - Number of updates received from OM : 0, SequenceNumber diff: 0, SequenceNumber Lag from OM 0, isDBUpdateSuccess: true
2024-04-06 10:34:15,041 [Recon-SyncOM-1] INFO  impl.OzoneManagerServiceProviderImpl (OzoneManagerServiceProviderImpl.java:getAndApplyDeltaUpdatesFromOM(438)) - Delta updates received from OM : 1 loops, 0 records
2024-04-06 10:34:15,116 [EventQueue-PipelineReportForPipelineReportHandler] INFO  pipeline.PipelineReportHandler (PipelineReportHandler.java:processPipelineReport(115)) - Reported pipeline PipelineID=6caf9e5d-c9c4-4f3e-8e90-87ad1b61a246 is not found
2024-04-06 10:34:15,173 [ContainerHealthTask] INFO  fsck.ContainerHealthTask (ContainerHealthTask.java:triggerContainerHealthCheck(140)) - Container Health task thread took 1 milliseconds to process 0 existing database records.
2024-04-06 10:34:15,175 [ContainerHealthTask] INFO  fsck.ContainerHealthTask (ContainerHealthTask.java:checkAndProcessContainers(166)) - Container Health task thread took 2 milliseconds for processing 1 containers.
2024-04-06 10:34:15,175 [ContainerHealthTask] INFO  fsck.ContainerHealthTask (ContainerHealthTask.java:lambda$logUnhealthyContainerStats$3(204)) - MISSING **Container State Stats:** 
	
2024-04-06 10:34:15,175 [ContainerHealthTask] INFO  fsck.ContainerHealthTask (ContainerHealthTask.java:lambda$logUnhealthyContainerStats$3(204)) - OVER_REPLICATED **Container State Stats:** 
	
2024-04-06 10:34:15,175 [ContainerHealthTask] INFO  fsck.ContainerHealthTask (ContainerHealthTask.java:lambda$logUnhealthyContainerStats$3(204)) - EMPTY_MISSING **Container State Stats:** 
	
2024-04-06 10:34:15,175 [ContainerHealthTask] INFO  fsck.ContainerHealthTask (ContainerHealthTask.java:lambda$logUnhealthyContainerStats$3(204)) - NEGATIVE_SIZE **Container State Stats:** 
	
2024-04-06 10:34:15,175 [ContainerHealthTask] INFO  fsck.ContainerHealthTask (ContainerHealthTask.java:lambda$logUnhealthyContainerStats$3(204)) - UNDER_REPLICATED **Container State Stats:** 
	
2024-04-06 10:34:15,175 [ContainerHealthTask] INFO  fsck.ContainerHealthTask (ContainerHealthTask.java:lambda$logUnhealthyContainerStats$3(204)) - MIS_REPLICATED **Container State Stats:** 
	
2024-04-06 10:34:15,175 [ContainerHealthTask] INFO  fsck.ContainerHealthTask (ContainerHealthTask.java:checkAndProcessContainers(179)) - Container Health task thread took 1 iterations to fetch all containers using batched approach with batch size of 1000
2024-04-06 10:34:15,254 [59c3495a-7636-40f9-8dfa-c28be8e98abd-PipelineCommandHandlerThread-0] INFO  server.RaftServer (RaftServerProxy.java:remove(111)) - 59c3495a-7636-40f9-8dfa-c28be8e98abd: remove    LEADER 59c3495a-7636-40f9-8dfa-c28be8e98abd@group-87AD1B61A246:t1, leader=59c3495a-7636-40f9-8dfa-c28be8e98abd, voted=59c3495a-7636-40f9-8dfa-c28be8e98abd, raftlog=Memoized:59c3495a-7636-40f9-8dfa-c28be8e98abd@group-87AD1B61A246-SegmentedRaftLog:OPENED:c0, conf=0: peers:[59c3495a-7636-40f9-8dfa-c28be8e98abd|10.1.0.10:15016, a40aef6e-dfc7-4141-9a41-17d72bf4eeff|10.1.0.10:15043, ceb25050-cf9f-4852-a13e-a5ff0cf3b4d2|10.1.0.10:15052]|listeners:[], old=null RUNNING
2024-04-06 10:34:15,254 [59c3495a-7636-40f9-8dfa-c28be8e98abd-PipelineCommandHandlerThread-0] INFO  server.RaftServer$Division (RaftServerImpl.java:lambda$close$3(526)) - 59c3495a-7636-40f9-8dfa-c28be8e98abd@group-87AD1B61A246: shutdown
2024-04-06 10:34:15,254 [59c3495a-7636-40f9-8dfa-c28be8e98abd-PipelineCommandHandlerThread-0] INFO  util.JmxRegister (JmxRegister.java:unregister(73)) - Successfully un-registered JMX Bean with object name Ratis:service=RaftServer,group=group-87AD1B61A246,id=59c3495a-7636-40f9-8dfa-c28be8e98abd
2024-04-06 10:34:15,254 [59c3495a-7636-40f9-8dfa-c28be8e98abd-PipelineCommandHandlerThread-0] INFO  impl.RoleInfo (RoleInfo.java:shutdownLeaderState(94)) - 59c3495a-7636-40f9-8dfa-c28be8e98abd: shutdown 59c3495a-7636-40f9-8dfa-c28be8e98abd@group-87AD1B61A246-LeaderStateImpl
2024-04-06 10:34:15,254 [59c3495a-7636-40f9-8dfa-c28be8e98abd@group-87AD1B61A246->ceb25050-cf9f-4852-a13e-a5ff0cf3b4d2-GrpcLogAppender-LogAppenderDaemon] WARN  server.GrpcLogAppender (GrpcLogAppender.java:mayWait(289)) - 59c3495a-7636-40f9-8dfa-c28be8e98abd@group-87AD1B61A246->ceb25050-cf9f-4852-a13e-a5ff0cf3b4d2-GrpcLogAppender: Wait interrupted by java.lang.InterruptedException
2024-04-06 10:34:15,255 [grpc-default-executor-1] INFO  server.GrpcServerProtocolService (GrpcServerProtocolService.java:onCompleted(157)) - ceb25050-cf9f-4852-a13e-a5ff0cf3b4d2: Completed APPEND_ENTRIES, lastRequest: null
2024-04-06 10:34:15,255 [EventQueue-PipelineReportForPipelineReportHandler] INFO  pipeline.PipelineReportHandler (PipelineReportHandler.java:processPipelineReport(115)) - Reported pipeline PipelineID=6caf9e5d-c9c4-4f3e-8e90-87ad1b61a246 is not found
2024-04-06 10:34:15,255 [grpc-default-executor-1] INFO  server.GrpcServerProtocolService (GrpcServerProtocolService.java:lambda$onCompleted$5(159)) - ceb25050-cf9f-4852-a13e-a5ff0cf3b4d2: Completed APPEND_ENTRIES, lastReply: serverReply {
  requestorId: "59c3495a-7636-40f9-8dfa-c28be8e98abd"
  replyId: "ceb25050-cf9f-4852-a13e-a5ff0cf3b4d2"
  raftGroupId {
    id: "l\257\236]\311\304O>\216\220\207\255\033a\242F"
  }
  callId: 6
  success: true
}
term: 1
nextIndex: 1
matchIndex: 18446744073709551615
isHearbeat: true

2024-04-06 10:34:15,254 [59c3495a-7636-40f9-8dfa-c28be8e98abd@group-87AD1B61A246->a40aef6e-dfc7-4141-9a41-17d72bf4eeff-GrpcLogAppender-LogAppenderDaemon] WARN  server.GrpcLogAppender (GrpcLogAppender.java:mayWait(289)) - 59c3495a-7636-40f9-8dfa-c28be8e98abd@group-87AD1B61A246->a40aef6e-dfc7-4141-9a41-17d72bf4eeff-GrpcLogAppender: Wait interrupted by java.lang.InterruptedException
2024-04-06 10:34:15,259 [grpc-default-executor-2] INFO  server.GrpcServerProtocolService (GrpcServerProtocolService.java:onCompleted(157)) - ceb25050-cf9f-4852-a13e-a5ff0cf3b4d2: Completed APPEND_ENTRIES, lastRequest: 59c3495a-7636-40f9-8dfa-c28be8e98abd->ceb25050-cf9f-4852-a13e-a5ff0cf3b4d2#1-t1,previous=(t:0, i:0),leaderCommit=-1,initializing? false,entries: size=1, first=(t:1, i:0), CONFIGURATIONENTRY(current:id: "59c3495a-7636-40f9-8dfa-c28be8e98abd"
address: "10.1.0.10:15016"
priority: 1
dataStreamAddress: "10.1.0.10:15017"
clientAddress: "10.1.0.10:15014"
adminAddress: "10.1.0.10:15015"
startupRole: FOLLOWER
,id: "a40aef6e-dfc7-4141-9a41-17d72bf4eeff"
address: "10.1.0.10:15043"
dataStreamAddress: "10.1.0.10:15044"
clientAddress: "10.1.0.10:15041"
adminAddress: "10.1.0.10:15042"
startupRole: FOLLOWER
,id: "ceb25050-cf9f-4852-a13e-a5ff0cf3b4d2"
address: "10.1.0.10:15052"
dataStreamAddress: "10.1.0.10:15053"
clientAddress: "10.1.0.10:15050"
adminAddress: "10.1.0.10:15051"
startupRole: FOLLOWER
, old:)
2024-04-06 10:34:15,259 [grpc-default-executor-2] INFO  server.GrpcServerProtocolService (GrpcServerProtocolService.java:lambda$onCompleted$5(159)) - ceb25050-cf9f-4852-a13e-a5ff0cf3b4d2: Completed APPEND_ENTRIES, lastReply: null
2024-04-06 10:34:15,259 [grpc-default-executor-0] INFO  server.GrpcServerProtocolService (GrpcServerProtocolService.java:onCompleted(157)) - a40aef6e-dfc7-4141-9a41-17d72bf4eeff: Completed APPEND_ENTRIES, lastRequest: 59c3495a-7636-40f9-8dfa-c28be8e98abd->a40aef6e-dfc7-4141-9a41-17d72bf4eeff#1-t1,previous=(t:0, i:0),leaderCommit=-1,initializing? false,entries: size=1, first=(t:1, i:0), CONFIGURATIONENTRY(current:id: "59c3495a-7636-40f9-8dfa-c28be8e98abd"
address: "10.1.0.10:15016"
priority: 1
dataStreamAddress: "10.1.0.10:15017"
clientAddress: "10.1.0.10:15014"
adminAddress: "10.1.0.10:15015"
startupRole: FOLLOWER
,id: "a40aef6e-dfc7-4141-9a41-17d72bf4eeff"
address: "10.1.0.10:15043"
dataStreamAddress: "10.1.0.10:15044"
clientAddress: "10.1.0.10:15041"
adminAddress: "10.1.0.10:15042"
startupRole: FOLLOWER
,id: "ceb25050-cf9f-4852-a13e-a5ff0cf3b4d2"
address: "10.1.0.10:15052"
dataStreamAddress: "10.1.0.10:15053"
clientAddress: "10.1.0.10:15050"
adminAddress: "10.1.0.10:15051"
startupRole: FOLLOWER
, old:)
2024-04-06 10:34:15,259 [grpc-default-executor-0] INFO  server.GrpcServerProtocolService (GrpcServerProtocolService.java:lambda$onCompleted$5(159)) - a40aef6e-dfc7-4141-9a41-17d72bf4eeff: Completed APPEND_ENTRIES, lastReply: null
2024-04-06 10:34:15,259 [grpc-default-executor-3] INFO  server.GrpcServerProtocolService (GrpcServerProtocolService.java:onCompleted(157)) - a40aef6e-dfc7-4141-9a41-17d72bf4eeff: Completed APPEND_ENTRIES, lastRequest: null
2024-04-06 10:34:15,260 [grpc-default-executor-3] INFO  server.GrpcServerProtocolService (GrpcServerProtocolService.java:lambda$onCompleted$5(159)) - a40aef6e-dfc7-4141-9a41-17d72bf4eeff: Completed APPEND_ENTRIES, lastReply: serverReply {
  requestorId: "59c3495a-7636-40f9-8dfa-c28be8e98abd"
  replyId: "a40aef6e-dfc7-4141-9a41-17d72bf4eeff"
  raftGroupId {
    id: "l\257\236]\311\304O>\216\220\207\255\033a\242F"
  }
  callId: 7
  success: true
}
term: 1
nextIndex: 1
matchIndex: 18446744073709551615
isHearbeat: true

2024-04-06 10:34:15,260 [grpc-default-executor-6] INFO  server.GrpcLogAppender (GrpcLogAppender.java:onCompleted(546)) - 59c3495a-7636-40f9-8dfa-c28be8e98abd@group-87AD1B61A246->a40aef6e-dfc7-4141-9a41-17d72bf4eeff-AppendLogResponseHandler: follower responses appendEntries COMPLETED
2024-04-06 10:34:15,254 [59c3495a-7636-40f9-8dfa-c28be8e98abd-PipelineCommandHandlerThread-0] INFO  impl.PendingRequests (PendingRequests.java:sendNotLeaderResponses(289)) - 59c3495a-7636-40f9-8dfa-c28be8e98abd@group-87AD1B61A246-PendingRequests: sendNotLeaderResponses
2024-04-06 10:34:15,259 [grpc-default-executor-5] INFO  server.GrpcLogAppender (GrpcLogAppender.java:onCompleted(546)) - 59c3495a-7636-40f9-8dfa-c28be8e98abd@group-87AD1B61A246->ceb25050-cf9f-4852-a13e-a5ff0cf3b4d2-AppendLogResponseHandler: follower responses appendEntries COMPLETED
2024-04-06 10:34:15,261 [59c3495a-7636-40f9-8dfa-c28be8e98abd@group-87AD1B61A246-StateMachineUpdater] INFO  ratis.ContainerStateMachine (ContainerStateMachine.java:takeSnapshot(355)) - group-87AD1B61A246: Taking a snapshot at:(t:1, i:0) file /home/runner/work/ozone/ozone/hadoop-ozone/integration-test/target/test-dir/MiniOzoneClusterImpl-9e1941cb-56ba-429e-854d-1e52595ce6ec/ozone-meta/datanode-1/ratis/6caf9e5d-c9c4-4f3e-8e90-87ad1b61a246/sm/snapshot.1_0
2024-04-06 10:34:15,261 [59c3495a-7636-40f9-8dfa-c28be8e98abd-PipelineCommandHandlerThread-0] INFO  impl.StateMachineUpdater (StateMachineUpdater.java:stopAndJoin(157)) - 59c3495a-7636-40f9-8dfa-c28be8e98abd@group-87AD1B61A246-StateMachineUpdater: set stopIndex = 0
2024-04-06 10:34:15,262 [grpc-default-executor-4] INFO  server.GrpcLogAppender (GrpcLogAppender.java:onCompleted(546)) - 59c3495a-7636-40f9-8dfa-c28be8e98abd@group-87AD1B61A246->ceb25050-cf9f-4852-a13e-a5ff0cf3b4d2-AppendLogResponseHandler: follower responses appendEntries COMPLETED
2024-04-06 10:34:15,262 [grpc-default-executor-6] INFO  server.GrpcLogAppender (GrpcLogAppender.java:onCompleted(546)) - 59c3495a-7636-40f9-8dfa-c28be8e98abd@group-87AD1B61A246->a40aef6e-dfc7-4141-9a41-17d72bf4eeff-AppendLogResponseHandler: follower responses appendEntries COMPLETED
2024-04-06 10:34:15,265 [59c3495a-7636-40f9-8dfa-c28be8e98abd@group-87AD1B61A246-StateMachineUpdater] INFO  ratis.ContainerStateMachine (ContainerStateMachine.java:takeSnapshot(366)) - group-87AD1B61A246: Finished taking a snapshot at:(t:1, i:0) file:/home/runner/work/ozone/ozone/hadoop-ozone/integration-test/target/test-dir/MiniOzoneClusterImpl-9e1941cb-56ba-429e-854d-1e52595ce6ec/ozone-meta/datanode-1/ratis/6caf9e5d-c9c4-4f3e-8e90-87ad1b61a246/sm/snapshot.1_0 took: 4 ms
2024-04-06 10:34:15,265 [59c3495a-7636-40f9-8dfa-c28be8e98abd@group-87AD1B61A246-StateMachineUpdater] INFO  impl.StateMachineUpdater (StateMachineUpdater.java:takeSnapshot(295)) - 59c3495a-7636-40f9-8dfa-c28be8e98abd@group-87AD1B61A246-StateMachineUpdater: Took a snapshot at index 0
2024-04-06 10:34:15,265 [59c3495a-7636-40f9-8dfa-c28be8e98abd@group-87AD1B61A246-StateMachineUpdater] INFO  impl.StateMachineUpdater (StateMachineUpdater.java:lambda$new$0(98)) - 59c3495a-7636-40f9-8dfa-c28be8e98abd@group-87AD1B61A246-StateMachineUpdater: snapshotIndex: updateIncreasingly -1 -> 0
2024-04-06 10:34:15,265 [59c3495a-7636-40f9-8dfa-c28be8e98abd-PipelineCommandHandlerThread-0] INFO  server.RaftServer$Division (ServerState.java:close(427)) - 59c3495a-7636-40f9-8dfa-c28be8e98abd@group-87AD1B61A246: applyIndex: 0
2024-04-06 10:34:15,265 [59c3495a-7636-40f9-8dfa-c28be8e98abd@group-87AD1B61A246-cacheEviction-AwaitToRun] INFO  util.AwaitToRun (AwaitToRun.java:run(49)) - 59c3495a-7636-40f9-8dfa-c28be8e98abd@group-87AD1B61A246-cacheEviction-AwaitToRun-AwaitForSignal is interrupted
2024-04-06 10:34:15,267 [59c3495a-7636-40f9-8dfa-c28be8e98abd-PipelineCommandHandlerThread-0] INFO  segmented.SegmentedRaftLogWorker (SegmentedRaftLogWorker.java:close(245)) - 59c3495a-7636-40f9-8dfa-c28be8e98abd@group-87AD1B61A246-SegmentedRaftLogWorker close()
2024-04-06 10:34:15,269 [59c3495a-7636-40f9-8dfa-c28be8e98abd-PipelineCommandHandlerThread-0] INFO  server.RaftServer$Division (RaftServerImpl.java:groupRemove(496)) - 59c3495a-7636-40f9-8dfa-c28be8e98abd@group-87AD1B61A246: Succeed to remove RaftStorageDirectory Storage Directory /home/runner/work/ozone/ozone/hadoop-ozone/integration-test/target/test-dir/MiniOzoneClusterImpl-9e1941cb-56ba-429e-854d-1e52595ce6ec/ozone-meta/datanode-1/ratis/6caf9e5d-c9c4-4f3e-8e90-87ad1b61a246
2024-04-06 10:34:15,269 [59c3495a-7636-40f9-8dfa-c28be8e98abd-PipelineCommandHandlerThread-0] ERROR commandhandler.ClosePipelineCommandHandler (ClosePipelineCommandHandler.java:lambda$handle$2(137)) - Can't close pipeline PipelineID=6caf9e5d-c9c4-4f3e-8e90-87ad1b61a246
org.apache.ratis.protocol.exceptions.GroupMismatchException: 59c3495a-7636-40f9-8dfa-c28be8e98abd: group-87AD1B61A246 not found.
	at org.apache.ratis.server.impl.RaftServerProxy$ImplMap.get(RaftServerProxy.java:154)
	at org.apache.ratis.server.impl.RaftServerProxy.getImplFuture(RaftServerProxy.java:364)
	at org.apache.ratis.server.impl.RaftServerProxy.getImpl(RaftServerProxy.java:373)
	at org.apache.ratis.server.impl.RaftServerProxy.getDivision(RaftServerProxy.java:386)
	at org.apache.hadoop.ozone.container.common.transport.server.ratis.XceiverServerRatis.getRaftPeersInPipeline(XceiverServerRatis.java:951)
	at org.apache.hadoop.ozone.container.common.statemachine.commandhandler.ClosePipelineCommandHandler.lambda$handle$2(ClosePipelineCommandHandler.java:114)
	at java.util.concurrent.CompletableFuture$AsyncRun.run(CompletableFuture.java:1640)
	at java.util.concurrent.ThreadPoolExecutor.runWorker(ThreadPoolExecutor.java:1149)
	at java.util.concurrent.ThreadPoolExecutor$Worker.run(ThreadPoolExecutor.java:624)
	at java.lang.Thread.run(Thread.java:750)
2024-04-06 10:34:15,269 [59c3495a-7636-40f9-8dfa-c28be8e98abd-PipelineCommandHandlerThread-0] INFO  server.RaftServer (RaftServerProxy.java:addNew(100)) - 59c3495a-7636-40f9-8dfa-c28be8e98abd: addNew group-82A21D15CBF7:[59c3495a-7636-40f9-8dfa-c28be8e98abd|10.1.0.10:15016, a40aef6e-dfc7-4141-9a41-17d72bf4eeff|10.1.0.10:15043, cc1e4d3c-2283-4c28-b737-db868cb45369|10.1.0.10:15025] returns group-82A21D15CBF7:java.util.concurrent.CompletableFuture@4efd2c3d[Not completed]
2024-04-06 10:34:15,270 [59c3495a-7636-40f9-8dfa-c28be8e98abd-groupManagement] INFO  server.RaftServer$Division (RaftServerImpl.java:<init>(256)) - 59c3495a-7636-40f9-8dfa-c28be8e98abd: new RaftServerImpl for group-82A21D15CBF7:[59c3495a-7636-40f9-8dfa-c28be8e98abd|10.1.0.10:15016, a40aef6e-dfc7-4141-9a41-17d72bf4eeff|10.1.0.10:15043, cc1e4d3c-2283-4c28-b737-db868cb45369|10.1.0.10:15025] with ContainerStateMachine:uninitialized
2024-04-06 10:34:15,270 [59c3495a-7636-40f9-8dfa-c28be8e98abd-groupManagement] INFO  server.RaftServerConfigKeys (ConfUtils.java:logGet(46)) - raft.server.rpc.timeout.min = 5s (custom)
2024-04-06 10:34:15,270 [59c3495a-7636-40f9-8dfa-c28be8e98abd-groupManagement] INFO  server.RaftServerConfigKeys (ConfUtils.java:logGet(46)) - raft.server.rpc.timeout.max = 5200ms (custom)
2024-04-06 10:34:15,270 [59c3495a-7636-40f9-8dfa-c28be8e98abd-groupManagement] INFO  server.RaftServerConfigKeys (ConfUtils.java:logGet(46)) - raft.server.rpc.sleep.time = 25ms (default)
2024-04-06 10:34:15,270 [59c3495a-7636-40f9-8dfa-c28be8e98abd-groupManagement] INFO  server.RaftServerConfigKeys (ConfUtils.java:logGet(46)) - raft.server.rpc.slowness.timeout = 300s (custom)
2024-04-06 10:34:15,270 [59c3495a-7636-40f9-8dfa-c28be8e98abd-groupManagement] INFO  server.RaftServerConfigKeys (ConfUtils.java:logGet(46)) - raft.server.leaderelection.leader.step-down.wait-time = 10s (default)
2024-04-06 10:34:15,270 [59c3495a-7636-40f9-8dfa-c28be8e98abd-groupManagement] INFO  server.RaftServerConfigKeys (ConfUtils.java:logGet(46)) - raft.server.leaderelection.member.majority-add = false (default)
2024-04-06 10:34:15,270 [59c3495a-7636-40f9-8dfa-c28be8e98abd-groupManagement] INFO  server.RaftServerConfigKeys (ConfUtils.java:logGet(46)) - raft.server.sleep.deviation.threshold = 300ms (default)
2024-04-06 10:34:15,271 [59c3495a-7636-40f9-8dfa-c28be8e98abd-groupManagement] INFO  server.RaftServer$Division (ServerState.java:<init>(113)) - 59c3495a-7636-40f9-8dfa-c28be8e98abd@group-82A21D15CBF7: ConfigurationManager, init=-1: peers:[59c3495a-7636-40f9-8dfa-c28be8e98abd|10.1.0.10:15016, a40aef6e-dfc7-4141-9a41-17d72bf4eeff|10.1.0.10:15043, cc1e4d3c-2283-4c28-b737-db868cb45369|10.1.0.10:15025]|listeners:[], old=null, confs=<EMPTY_MAP>
2024-04-06 10:34:15,271 [59c3495a-7636-40f9-8dfa-c28be8e98abd-groupManagement] INFO  server.RaftServerConfigKeys (ConfUtils.java:logGet(46)) - raft.server.notification.no-leader.timeout = 300s (custom)
2024-04-06 10:34:15,271 [59c3495a-7636-40f9-8dfa-c28be8e98abd-groupManagement] INFO  server.RaftServerConfigKeys (ConfUtils.java:logGet(46)) - raft.server.read.timeout = 10s (default)
2024-04-06 10:34:15,271 [59c3495a-7636-40f9-8dfa-c28be8e98abd-groupManagement] INFO  server.RaftServerConfigKeys (ConfUtils.java:logGet(46)) - raft.server.retrycache.expirytime = 600000ms (custom)
2024-04-06 10:34:15,271 [59c3495a-7636-40f9-8dfa-c28be8e98abd-groupManagement] INFO  server.RaftServerConfigKeys (ConfUtils.java:logGet(46)) - raft.server.retrycache.statistics.expirytime = 100ms (default)
2024-04-06 10:34:15,271 [59c3495a-7636-40f9-8dfa-c28be8e98abd-groupManagement] INFO  server.RaftServerConfigKeys (ConfUtils.java:logGet(46)) - raft.server.read.option = DEFAULT (default)
2024-04-06 10:34:15,271 [59c3495a-7636-40f9-8dfa-c28be8e98abd-groupManagement] INFO  server.RaftServerConfigKeys (ConfUtils.java:logGet(46)) - raft.server.read.read-after-write-consistent.write-index-cache.expiry-time = 60s (default)
2024-04-06 10:34:15,275 [59c3495a-7636-40f9-8dfa-c28be8e98abd-groupManagement] INFO  server.RaftServerConfigKeys (ConfUtils.java:logGet(46)) - raft.server.rpc.request.timeout = 60s (custom)
2024-04-06 10:34:15,276 [59c3495a-7636-40f9-8dfa-c28be8e98abd-groupManagement] INFO  server.RaftServerConfigKeys (ConfUtils.java:logGet(46)) - raft.server.log.appender.install.snapshot.enabled = false (custom)
2024-04-06 10:34:15,276 [59c3495a-7636-40f9-8dfa-c28be8e98abd-groupManagement] INFO  server.RaftServerConfigKeys (ConfUtils.java:logGet(46)) - raft.server.threadpool.server.cached = true (default)
2024-04-06 10:34:15,276 [59c3495a-7636-40f9-8dfa-c28be8e98abd-groupManagement] INFO  server.RaftServerConfigKeys (ConfUtils.java:logGet(46)) - raft.server.threadpool.server.size = 0 (default)
2024-04-06 10:34:15,276 [59c3495a-7636-40f9-8dfa-c28be8e98abd-groupManagement] INFO  server.RaftServerConfigKeys (ConfUtils.java:logGet(46)) - raft.server.threadpool.client.cached = true (default)
2024-04-06 10:34:15,276 [59c3495a-7636-40f9-8dfa-c28be8e98abd-groupManagement] INFO  server.RaftServerConfigKeys (ConfUtils.java:logGet(46)) - raft.server.threadpool.client.size = 0 (default)
2024-04-06 10:34:15,276 [59c3495a-7636-40f9-8dfa-c28be8e98abd-groupManagement] INFO  server.RaftServerConfigKeys (ConfUtils.java:logGet(46)) - raft.server.storage.free-space.min = 0MB (=0) (default)
2024-04-06 10:34:15,276 [59c3495a-7636-40f9-8dfa-c28be8e98abd-groupManagement] INFO  server.RaftServerConfigKeys (ConfUtils.java:logGet(46)) - raft.server.log.corruption.policy = EXCEPTION (default)
2024-04-06 10:34:15,276 [59c3495a-7636-40f9-8dfa-c28be8e98abd-groupManagement] INFO  server.RaftServerConfigKeys (ConfUtils.java:logGet(46)) - raft.server.storage.dir = [/home/runner/work/ozone/ozone/hadoop-ozone/integration-test/target/test-dir/MiniOzoneClusterImpl-9e1941cb-56ba-429e-854d-1e52595ce6ec/ozone-meta/datanode-1/ratis] (custom)
2024-04-06 10:34:15,277 [59c3495a-7636-40f9-8dfa-c28be8e98abd-groupManagement] INFO  storage.RaftStorageDirectory (RaftStorageDirectoryImpl.java:analyzeStorage(138)) - The storage directory /home/runner/work/ozone/ozone/hadoop-ozone/integration-test/target/test-dir/MiniOzoneClusterImpl-9e1941cb-56ba-429e-854d-1e52595ce6ec/ozone-meta/datanode-1/ratis/25178013-1aaf-49ea-9109-82a21d15cbf7 does not exist. Creating ...
2024-04-06 10:34:15,278 [59c3495a-7636-40f9-8dfa-c28be8e98abd-groupManagement] INFO  storage.RaftStorageDirectory (RaftStorageDirectoryImpl.java:tryLock(228)) - Lock on /home/runner/work/ozone/ozone/hadoop-ozone/integration-test/target/test-dir/MiniOzoneClusterImpl-9e1941cb-56ba-429e-854d-1e52595ce6ec/ozone-meta/datanode-1/ratis/25178013-1aaf-49ea-9109-82a21d15cbf7/in_use.lock acquired by nodename 82778@fv-az526-218
2024-04-06 10:34:15,279 [59c3495a-7636-40f9-8dfa-c28be8e98abd-groupManagement] INFO  storage.RaftStorage (RaftStorageImpl.java:format(99)) - Storage directory /home/runner/work/ozone/ozone/hadoop-ozone/integration-test/target/test-dir/MiniOzoneClusterImpl-9e1941cb-56ba-429e-854d-1e52595ce6ec/ozone-meta/datanode-1/ratis/25178013-1aaf-49ea-9109-82a21d15cbf7 has been successfully formatted.
2024-04-06 10:34:15,279 [59c3495a-7636-40f9-8dfa-c28be8e98abd-groupManagement] WARN  util.FileUtils (LogUtils.java:supplyAndLog(63)) - Failed to Files.newInputStream /home/runner/work/ozone/ozone/hadoop-ozone/integration-test/target/test-dir/MiniOzoneClusterImpl-9e1941cb-56ba-429e-854d-1e52595ce6ec/ozone-meta/datanode-1/ratis/25178013-1aaf-49ea-9109-82a21d15cbf7/current/raft-meta.conf with options []: java.nio.file.NoSuchFileException: /home/runner/work/ozone/ozone/hadoop-ozone/integration-test/target/test-dir/MiniOzoneClusterImpl-9e1941cb-56ba-429e-854d-1e52595ce6ec/ozone-meta/datanode-1/ratis/25178013-1aaf-49ea-9109-82a21d15cbf7/current/raft-meta.conf
2024-04-06 10:34:15,279 [59c3495a-7636-40f9-8dfa-c28be8e98abd-groupManagement] INFO  ratis.ContainerStateMachine (ContainerStateMachine.java:loadSnapshot(287)) - group-82A21D15CBF7: The snapshot info is null. Setting the last applied index to:(t:0, i:~)
2024-04-06 10:34:15,279 [59c3495a-7636-40f9-8dfa-c28be8e98abd-groupManagement] INFO  server.RaftServerConfigKeys (ConfUtils.java:logGet(46)) - raft.server.log.use.memory = false (default)
2024-04-06 10:34:15,280 [59c3495a-7636-40f9-8dfa-c28be8e98abd-groupManagement] INFO  server.RaftServerConfigKeys (ConfUtils.java:logGet(46)) - raft.server.log.purge.gap = 1000000 (custom)
2024-04-06 10:34:15,280 [59c3495a-7636-40f9-8dfa-c28be8e98abd-groupManagement] INFO  server.RaftServerConfigKeys (ConfUtils.java:logGet(46)) - raft.server.log.appender.buffer.byte-limit = 8388608 (custom)
2024-04-06 10:34:15,280 [59c3495a-7636-40f9-8dfa-c28be8e98abd-groupManagement] INFO  server.RaftServerConfigKeys (ConfUtils.java:logGet(46)) - raft.server.log.statemachine.data.read.timeout = 1000ms (default)
2024-04-06 10:34:15,280 [59c3495a-7636-40f9-8dfa-c28be8e98abd-groupManagement] INFO  server.RaftServerConfigKeys (ConfUtils.java:logGet(46)) - raft.server.log.purge.preservation.log.num = 0 (default)
2024-04-06 10:34:15,281 [Recon-EventQueue-PipelineReportForReconPipelineReportHandler] INFO  scm.ReconPipelineReportHandler (ReconPipelineReportHandler.java:processPipelineReport(68)) - Unknown pipeline PipelineID=25178013-1aaf-49ea-9109-82a21d15cbf7. Trying to get from SCM.
2024-04-06 10:34:15,283 [59c3495a-7636-40f9-8dfa-c28be8e98abd-groupManagement] INFO  server.RaftServerConfigKeys (ConfUtils.java:logGet(46)) - raft.server.log.segment.size.max = 67108864 (custom)
2024-04-06 10:34:15,283 [59c3495a-7636-40f9-8dfa-c28be8e98abd-groupManagement] INFO  server.RaftServerConfigKeys (ConfUtils.java:logGet(46)) - raft.server.log.segment.cache.num.max = 2 (custom)
2024-04-06 10:34:15,283 [59c3495a-7636-40f9-8dfa-c28be8e98abd-groupManagement] INFO  server.RaftServerConfigKeys (ConfUtils.java:logGet(46)) - raft.server.log.segment.cache.size.max = 200MB (=209715200) (default)
2024-04-06 10:34:15,283 [59c3495a-7636-40f9-8dfa-c28be8e98abd-groupManagement] INFO  server.RaftServerConfigKeys (ConfUtils.java:logGet(46)) - raft.server.log.appender.buffer.byte-limit = 8388608 (custom)
2024-04-06 10:34:15,283 [59c3495a-7636-40f9-8dfa-c28be8e98abd-groupManagement] INFO  util.AwaitToRun (AwaitToRun.java:start(81)) - Thread[59c3495a-7636-40f9-8dfa-c28be8e98abd@group-82A21D15CBF7-cacheEviction-AwaitToRun,5,main] started
2024-04-06 10:34:15,283 [59c3495a-7636-40f9-8dfa-c28be8e98abd-groupManagement] INFO  segmented.SegmentedRaftLogWorker (SegmentedRaftLogWorker.java:<init>(182)) - new 59c3495a-7636-40f9-8dfa-c28be8e98abd@group-82A21D15CBF7-SegmentedRaftLogWorker for RaftStorageImpl:Storage Directory /home/runner/work/ozone/ozone/hadoop-ozone/integration-test/target/test-dir/MiniOzoneClusterImpl-9e1941cb-56ba-429e-854d-1e52595ce6ec/ozone-meta/datanode-1/ratis/25178013-1aaf-49ea-9109-82a21d15cbf7
2024-04-06 10:34:15,283 [59c3495a-7636-40f9-8dfa-c28be8e98abd-groupManagement] INFO  server.RaftServerConfigKeys (ConfUtils.java:logGet(46)) - raft.server.log.queue.byte-limit = 4294967296 (custom)
2024-04-06 10:34:15,284 [59c3495a-7636-40f9-8dfa-c28be8e98abd-groupManagement] INFO  server.RaftServerConfigKeys (ConfUtils.java:logGet(46)) - raft.server.log.queue.element-limit = 1024 (custom)
2024-04-06 10:34:15,284 [59c3495a-7636-40f9-8dfa-c28be8e98abd-groupManagement] INFO  server.RaftServerConfigKeys (ConfUtils.java:logGet(46)) - raft.server.log.segment.size.max = 67108864 (custom)
2024-04-06 10:34:15,284 [59c3495a-7636-40f9-8dfa-c28be8e98abd-groupManagement] INFO  server.RaftServerConfigKeys (ConfUtils.java:logGet(46)) - raft.server.log.preallocated.size = 4194304 (custom)
2024-04-06 10:34:15,284 [59c3495a-7636-40f9-8dfa-c28be8e98abd-groupManagement] INFO  server.RaftServerConfigKeys (ConfUtils.java:logGet(46)) - raft.server.log.force.sync.num = 128 (default)
2024-04-06 10:34:15,284 [59c3495a-7636-40f9-8dfa-c28be8e98abd-groupManagement] INFO  server.RaftServerConfigKeys (ConfUtils.java:logGet(46)) - raft.server.log.statemachine.data.sync = true (default)
2024-04-06 10:34:15,284 [59c3495a-7636-40f9-8dfa-c28be8e98abd-groupManagement] INFO  server.RaftServerConfigKeys (ConfUtils.java:logGet(46)) - raft.server.log.statemachine.data.sync.timeout = 10s (default)
2024-04-06 10:34:15,284 [59c3495a-7636-40f9-8dfa-c28be8e98abd-groupManagement] INFO  server.RaftServerConfigKeys (ConfUtils.java:logGet(46)) - raft.server.log.statemachine.data.sync.timeout.retry = 0 (custom)
2024-04-06 10:34:15,285 [59c3495a-7636-40f9-8dfa-c28be8e98abd-groupManagement] INFO  server.RaftServerConfigKeys (ConfUtils.java:logGet(46)) - raft.server.log.write.buffer.size = 8388616 (custom)
2024-04-06 10:34:15,286 [59c3495a-7636-40f9-8dfa-c28be8e98abd-groupManagement] INFO  server.RaftServerConfigKeys (ConfUtils.java:logGet(46)) - raft.server.log.appender.buffer.byte-limit = 8388608 (custom)
2024-04-06 10:34:15,286 [59c3495a-7636-40f9-8dfa-c28be8e98abd-groupManagement] INFO  server.RaftServerConfigKeys (ConfUtils.java:logGet(46)) - raft.server.log.unsafe-flush.enabled = false (default)
2024-04-06 10:34:15,286 [59c3495a-7636-40f9-8dfa-c28be8e98abd-groupManagement] INFO  server.RaftServerConfigKeys (ConfUtils.java:logGet(46)) - raft.server.log.async-flush.enabled = false (default)
2024-04-06 10:34:15,286 [59c3495a-7636-40f9-8dfa-c28be8e98abd-groupManagement] INFO  server.RaftServerConfigKeys (ConfUtils.java:logGet(46)) - raft.server.log.statemachine.data.caching.enabled = true (custom)
2024-04-06 10:34:15,287 [59c3495a-7636-40f9-8dfa-c28be8e98abd-groupManagement] INFO  segmented.SegmentedRaftLogWorker (SegmentedRaftLogWorker.java:lambda$new$0(134)) - 59c3495a-7636-40f9-8dfa-c28be8e98abd@group-82A21D15CBF7-SegmentedRaftLogWorker: flushIndex: setUnconditionally 0 -> -1
2024-04-06 10:34:15,287 [59c3495a-7636-40f9-8dfa-c28be8e98abd-groupManagement] INFO  segmented.SegmentedRaftLogWorker (SegmentedRaftLogWorker.java:lambda$new$0(134)) - 59c3495a-7636-40f9-8dfa-c28be8e98abd@group-82A21D15CBF7-SegmentedRaftLogWorker: safeCacheEvictIndex: setUnconditionally 0 -> -1
2024-04-06 10:34:15,288 [59c3495a-7636-40f9-8dfa-c28be8e98abd-groupManagement] INFO  server.RaftServer$Division (RaftServerImpl.java:start(396)) - 59c3495a-7636-40f9-8dfa-c28be8e98abd@group-82A21D15CBF7: start as a follower, conf=-1: peers:[59c3495a-7636-40f9-8dfa-c28be8e98abd|10.1.0.10:15016, a40aef6e-dfc7-4141-9a41-17d72bf4eeff|10.1.0.10:15043, cc1e4d3c-2283-4c28-b737-db868cb45369|10.1.0.10:15025]|listeners:[], old=null
2024-04-06 10:34:15,288 [59c3495a-7636-40f9-8dfa-c28be8e98abd-groupManagement] INFO  server.RaftServer$Division (RaftServerImpl.java:setRole(383)) - 59c3495a-7636-40f9-8dfa-c28be8e98abd@group-82A21D15CBF7: changes role from      null to FOLLOWER at term 0 for startAsFollower
2024-04-06 10:34:15,288 [59c3495a-7636-40f9-8dfa-c28be8e98abd-groupManagement] INFO  impl.RoleInfo (RoleInfo.java:updateAndGet(139)) - 59c3495a-7636-40f9-8dfa-c28be8e98abd: start 59c3495a-7636-40f9-8dfa-c28be8e98abd@group-82A21D15CBF7-FollowerState
2024-04-06 10:34:15,298 [59c3495a-7636-40f9-8dfa-c28be8e98abd@group-82A21D15CBF7-FollowerState] INFO  server.RaftServerConfigKeys (ConfUtils.java:logFallback(53)) - raft.server.rpc.first-election.timeout.min = 5s (fallback to raft.server.rpc.timeout.min)
2024-04-06 10:34:15,299 [59c3495a-7636-40f9-8dfa-c28be8e98abd@group-82A21D15CBF7-FollowerState] INFO  server.RaftServerConfigKeys (ConfUtils.java:logFallback(53)) - raft.server.rpc.first-election.timeout.max = 5200ms (fallback to raft.server.rpc.timeout.max)
2024-04-06 10:34:15,299 [Recon-EventQueue-PipelineReportForReconPipelineReportHandler] INFO  scm.ReconPipelineReportHandler (ReconPipelineReportHandler.java:processPipelineReport(86)) - Adding new pipeline Pipeline[ Id: 25178013-1aaf-49ea-9109-82a21d15cbf7, Nodes: 59c3495a-7636-40f9-8dfa-c28be8e98abd(fv-az526-218.pah0jnozfufetaq2ul10ticbdc.dx.internal.cloudapp.net/10.1.0.10)a40aef6e-dfc7-4141-9a41-17d72bf4eeff(fv-az526-218.pah0jnozfufetaq2ul10ticbdc.dx.internal.cloudapp.net/10.1.0.10)cc1e4d3c-2283-4c28-b737-db868cb45369(fv-az526-218.pah0jnozfufetaq2ul10ticbdc.dx.internal.cloudapp.net/10.1.0.10), ReplicationConfig: RATIS/THREE, State:ALLOCATED, leaderId:, CreationTimestamp2024-04-06T10:34:13.623Z[Etc/UTC]] to Recon pipeline metadata.
2024-04-06 10:34:15,300 [Recon-EventQueue-PipelineReportForReconPipelineReportHandler] INFO  scm.ReconPipelineReportHandler (ReconPipelineReportHandler.java:processPipelineReport(103)) - Pipeline RATIS/THREE PipelineID=25178013-1aaf-49ea-9109-82a21d15cbf7 reported by 59c3495a-7636-40f9-8dfa-c28be8e98abd(fv-az526-218.pah0jnozfufetaq2ul10ticbdc.dx.internal.cloudapp.net/10.1.0.10)
2024-04-06 10:34:15,300 [59c3495a-7636-40f9-8dfa-c28be8e98abd-groupManagement] INFO  util.JmxRegister (JmxRegister.java:tryRegister(44)) - Successfully registered JMX Bean with object name Ratis:service=RaftServer,group=group-82A21D15CBF7,id=59c3495a-7636-40f9-8dfa-c28be8e98abd
2024-04-06 10:34:15,300 [59c3495a-7636-40f9-8dfa-c28be8e98abd-groupManagement] INFO  server.RaftServerConfigKeys (ConfUtils.java:logGet(46)) - raft.server.snapshot.trigger-when-stop.enabled = true (default)
2024-04-06 10:34:15,301 [59c3495a-7636-40f9-8dfa-c28be8e98abd-groupManagement] INFO  server.RaftServerConfigKeys (ConfUtils.java:logGet(46)) - raft.server.snapshot.auto.trigger.enabled = true (custom)
2024-04-06 10:34:15,301 [59c3495a-7636-40f9-8dfa-c28be8e98abd-groupManagement] INFO  server.RaftServerConfigKeys (ConfUtils.java:logGet(46)) - raft.server.snapshot.auto.trigger.threshold = 10000 (custom)
2024-04-06 10:34:15,301 [59c3495a-7636-40f9-8dfa-c28be8e98abd-groupManagement] INFO  server.RaftServerConfigKeys (ConfUtils.java:logGet(46)) - raft.server.snapshot.retention.file.num = 5 (custom)
2024-04-06 10:34:15,301 [59c3495a-7636-40f9-8dfa-c28be8e98abd-groupManagement] INFO  server.RaftServerConfigKeys (ConfUtils.java:logGet(46)) - raft.server.log.purge.upto.snapshot.index = false (default)
2024-04-06 10:34:15,306 [59c3495a-7636-40f9-8dfa-c28be8e98abd-PipelineCommandHandlerThread-0] INFO  ratis.XceiverServerRatis (XceiverServerRatis.java:addGroup(864)) - Created group PipelineID=25178013-1aaf-49ea-9109-82a21d15cbf7
2024-04-06 10:34:15,314 [grpc-default-executor-6] INFO  server.RaftServer (RaftServerProxy.java:addNew(100)) - a40aef6e-dfc7-4141-9a41-17d72bf4eeff: addNew group-82A21D15CBF7:[59c3495a-7636-40f9-8dfa-c28be8e98abd|10.1.0.10:15016, a40aef6e-dfc7-4141-9a41-17d72bf4eeff|10.1.0.10:15043, cc1e4d3c-2283-4c28-b737-db868cb45369|10.1.0.10:15025] returns group-82A21D15CBF7:java.util.concurrent.CompletableFuture@e700a29[Not completed]
2024-04-06 10:34:15,315 [a40aef6e-dfc7-4141-9a41-17d72bf4eeff-groupManagement] INFO  server.RaftServer$Division (RaftServerImpl.java:<init>(256)) - a40aef6e-dfc7-4141-9a41-17d72bf4eeff: new RaftServerImpl for group-82A21D15CBF7:[59c3495a-7636-40f9-8dfa-c28be8e98abd|10.1.0.10:15016, a40aef6e-dfc7-4141-9a41-17d72bf4eeff|10.1.0.10:15043, cc1e4d3c-2283-4c28-b737-db868cb45369|10.1.0.10:15025] with ContainerStateMachine:uninitialized
2024-04-06 10:34:15,315 [a40aef6e-dfc7-4141-9a41-17d72bf4eeff-groupManagement] INFO  server.RaftServerConfigKeys (ConfUtils.java:logGet(46)) - raft.server.rpc.timeout.min = 5s (custom)
2024-04-06 10:34:15,315 [a40aef6e-dfc7-4141-9a41-17d72bf4eeff-groupManagement] INFO  server.RaftServerConfigKeys (ConfUtils.java:logGet(46)) - raft.server.rpc.timeout.max = 5200ms (custom)
2024-04-06 10:34:15,315 [a40aef6e-dfc7-4141-9a41-17d72bf4eeff-groupManagement] INFO  server.RaftServerConfigKeys (ConfUtils.java:logGet(46)) - raft.server.rpc.sleep.time = 25ms (default)
2024-04-06 10:34:15,315 [a40aef6e-dfc7-4141-9a41-17d72bf4eeff-groupManagement] INFO  server.RaftServerConfigKeys (ConfUtils.java:logGet(46)) - raft.server.rpc.slowness.timeout = 300s (custom)
2024-04-06 10:34:15,315 [a40aef6e-dfc7-4141-9a41-17d72bf4eeff-groupManagement] INFO  server.RaftServerConfigKeys (ConfUtils.java:logGet(46)) - raft.server.leaderelection.leader.step-down.wait-time = 10s (default)
2024-04-06 10:34:15,315 [a40aef6e-dfc7-4141-9a41-17d72bf4eeff-groupManagement] INFO  server.RaftServerConfigKeys (ConfUtils.java:logGet(46)) - raft.server.leaderelection.member.majority-add = false (default)
2024-04-06 10:34:15,315 [a40aef6e-dfc7-4141-9a41-17d72bf4eeff-groupManagement] INFO  server.RaftServerConfigKeys (ConfUtils.java:logGet(46)) - raft.server.sleep.deviation.threshold = 300ms (default)
2024-04-06 10:34:15,315 [a40aef6e-dfc7-4141-9a41-17d72bf4eeff-groupManagement] INFO  server.RaftServer$Division (ServerState.java:<init>(113)) - a40aef6e-dfc7-4141-9a41-17d72bf4eeff@group-82A21D15CBF7: ConfigurationManager, init=-1: peers:[59c3495a-7636-40f9-8dfa-c28be8e98abd|10.1.0.10:15016, a40aef6e-dfc7-4141-9a41-17d72bf4eeff|10.1.0.10:15043, cc1e4d3c-2283-4c28-b737-db868cb45369|10.1.0.10:15025]|listeners:[], old=null, confs=<EMPTY_MAP>
2024-04-06 10:34:15,315 [a40aef6e-dfc7-4141-9a41-17d72bf4eeff-groupManagement] INFO  server.RaftServerConfigKeys (ConfUtils.java:logGet(46)) - raft.server.notification.no-leader.timeout = 300s (custom)
2024-04-06 10:34:15,316 [a40aef6e-dfc7-4141-9a41-17d72bf4eeff-groupManagement] INFO  server.RaftServerConfigKeys (ConfUtils.java:logGet(46)) - raft.server.read.timeout = 10s (default)
2024-04-06 10:34:15,316 [a40aef6e-dfc7-4141-9a41-17d72bf4eeff-groupManagement] INFO  server.RaftServerConfigKeys (ConfUtils.java:logGet(46)) - raft.server.retrycache.expirytime = 600000ms (custom)
2024-04-06 10:34:15,316 [a40aef6e-dfc7-4141-9a41-17d72bf4eeff-groupManagement] INFO  server.RaftServerConfigKeys (ConfUtils.java:logGet(46)) - raft.server.retrycache.statistics.expirytime = 100ms (default)
2024-04-06 10:34:15,316 [a40aef6e-dfc7-4141-9a41-17d72bf4eeff-groupManagement] INFO  server.RaftServerConfigKeys (ConfUtils.java:logGet(46)) - raft.server.read.option = DEFAULT (default)
2024-04-06 10:34:15,316 [a40aef6e-dfc7-4141-9a41-17d72bf4eeff-groupManagement] INFO  server.RaftServerConfigKeys (ConfUtils.java:logGet(46)) - raft.server.read.read-after-write-consistent.write-index-cache.expiry-time = 60s (default)
2024-04-06 10:34:15,318 [a40aef6e-dfc7-4141-9a41-17d72bf4eeff-groupManagement] INFO  server.RaftServerConfigKeys (ConfUtils.java:logGet(46)) - raft.server.rpc.request.timeout = 60s (custom)
2024-04-06 10:34:15,318 [a40aef6e-dfc7-4141-9a41-17d72bf4eeff-groupManagement] INFO  server.RaftServerConfigKeys (ConfUtils.java:logGet(46)) - raft.server.log.appender.install.snapshot.enabled = false (custom)
2024-04-06 10:34:15,318 [a40aef6e-dfc7-4141-9a41-17d72bf4eeff-groupManagement] INFO  server.RaftServerConfigKeys (ConfUtils.java:logGet(46)) - raft.server.threadpool.server.cached = true (default)
2024-04-06 10:34:15,318 [a40aef6e-dfc7-4141-9a41-17d72bf4eeff-groupManagement] INFO  server.RaftServerConfigKeys (ConfUtils.java:logGet(46)) - raft.server.threadpool.server.size = 0 (default)
2024-04-06 10:34:15,318 [a40aef6e-dfc7-4141-9a41-17d72bf4eeff-groupManagement] INFO  server.RaftServerConfigKeys (ConfUtils.java:logGet(46)) - raft.server.threadpool.client.cached = true (default)
2024-04-06 10:34:15,321 [a40aef6e-dfc7-4141-9a41-17d72bf4eeff-groupManagement] INFO  server.RaftServerConfigKeys (ConfUtils.java:logGet(46)) - raft.server.threadpool.client.size = 0 (default)
2024-04-06 10:34:15,321 [a40aef6e-dfc7-4141-9a41-17d72bf4eeff-groupManagement] INFO  server.RaftServerConfigKeys (ConfUtils.java:logGet(46)) - raft.server.storage.free-space.min = 0MB (=0) (default)
2024-04-06 10:34:15,321 [a40aef6e-dfc7-4141-9a41-17d72bf4eeff-groupManagement] INFO  server.RaftServerConfigKeys (ConfUtils.java:logGet(46)) - raft.server.log.corruption.policy = EXCEPTION (default)
2024-04-06 10:34:15,321 [a40aef6e-dfc7-4141-9a41-17d72bf4eeff-groupManagement] INFO  server.RaftServerConfigKeys (ConfUtils.java:logGet(46)) - raft.server.storage.dir = [/home/runner/work/ozone/ozone/hadoop-ozone/integration-test/target/test-dir/MiniOzoneClusterImpl-9e1941cb-56ba-429e-854d-1e52595ce6ec/ozone-meta/datanode-4/ratis] (custom)
2024-04-06 10:34:15,321 [a40aef6e-dfc7-4141-9a41-17d72bf4eeff-groupManagement] INFO  storage.RaftStorageDirectory (RaftStorageDirectoryImpl.java:analyzeStorage(138)) - The storage directory /home/runner/work/ozone/ozone/hadoop-ozone/integration-test/target/test-dir/MiniOzoneClusterImpl-9e1941cb-56ba-429e-854d-1e52595ce6ec/ozone-meta/datanode-4/ratis/25178013-1aaf-49ea-9109-82a21d15cbf7 does not exist. Creating ...
2024-04-06 10:34:15,322 [a40aef6e-dfc7-4141-9a41-17d72bf4eeff-groupManagement] INFO  storage.RaftStorageDirectory (RaftStorageDirectoryImpl.java:tryLock(228)) - Lock on /home/runner/work/ozone/ozone/hadoop-ozone/integration-test/target/test-dir/MiniOzoneClusterImpl-9e1941cb-56ba-429e-854d-1e52595ce6ec/ozone-meta/datanode-4/ratis/25178013-1aaf-49ea-9109-82a21d15cbf7/in_use.lock acquired by nodename 82778@fv-az526-218
2024-04-06 10:34:15,323 [a40aef6e-dfc7-4141-9a41-17d72bf4eeff-groupManagement] INFO  storage.RaftStorage (RaftStorageImpl.java:format(99)) - Storage directory /home/runner/work/ozone/ozone/hadoop-ozone/integration-test/target/test-dir/MiniOzoneClusterImpl-9e1941cb-56ba-429e-854d-1e52595ce6ec/ozone-meta/datanode-4/ratis/25178013-1aaf-49ea-9109-82a21d15cbf7 has been successfully formatted.
2024-04-06 10:34:15,324 [a40aef6e-dfc7-4141-9a41-17d72bf4eeff-groupManagement] WARN  util.FileUtils (LogUtils.java:supplyAndLog(63)) - Failed to Files.newInputStream /home/runner/work/ozone/ozone/hadoop-ozone/integration-test/target/test-dir/MiniOzoneClusterImpl-9e1941cb-56ba-429e-854d-1e52595ce6ec/ozone-meta/datanode-4/ratis/25178013-1aaf-49ea-9109-82a21d15cbf7/current/raft-meta.conf with options []: java.nio.file.NoSuchFileException: /home/runner/work/ozone/ozone/hadoop-ozone/integration-test/target/test-dir/MiniOzoneClusterImpl-9e1941cb-56ba-429e-854d-1e52595ce6ec/ozone-meta/datanode-4/ratis/25178013-1aaf-49ea-9109-82a21d15cbf7/current/raft-meta.conf
2024-04-06 10:34:15,324 [a40aef6e-dfc7-4141-9a41-17d72bf4eeff-groupManagement] INFO  ratis.ContainerStateMachine (ContainerStateMachine.java:loadSnapshot(287)) - group-82A21D15CBF7: The snapshot info is null. Setting the last applied index to:(t:0, i:~)
2024-04-06 10:34:15,324 [a40aef6e-dfc7-4141-9a41-17d72bf4eeff-groupManagement] INFO  server.RaftServerConfigKeys (ConfUtils.java:logGet(46)) - raft.server.log.use.memory = false (default)
2024-04-06 10:34:15,324 [a40aef6e-dfc7-4141-9a41-17d72bf4eeff-groupManagement] INFO  server.RaftServerConfigKeys (ConfUtils.java:logGet(46)) - raft.server.log.purge.gap = 1000000 (custom)
2024-04-06 10:34:15,324 [a40aef6e-dfc7-4141-9a41-17d72bf4eeff-groupManagement] INFO  server.RaftServerConfigKeys (ConfUtils.java:logGet(46)) - raft.server.log.appender.buffer.byte-limit = 8388608 (custom)
2024-04-06 10:34:15,324 [a40aef6e-dfc7-4141-9a41-17d72bf4eeff-groupManagement] INFO  server.RaftServerConfigKeys (ConfUtils.java:logGet(46)) - raft.server.log.statemachine.data.read.timeout = 1000ms (default)
2024-04-06 10:34:15,324 [a40aef6e-dfc7-4141-9a41-17d72bf4eeff-groupManagement] INFO  server.RaftServerConfigKeys (ConfUtils.java:logGet(46)) - raft.server.log.purge.preservation.log.num = 0 (default)
2024-04-06 10:34:15,325 [Recon-EventQueue-PipelineReportForReconPipelineReportHandler] INFO  scm.ReconPipelineReportHandler (ReconPipelineReportHandler.java:processPipelineReport(103)) - Pipeline RATIS/THREE PipelineID=25178013-1aaf-49ea-9109-82a21d15cbf7 reported by a40aef6e-dfc7-4141-9a41-17d72bf4eeff(fv-az526-218.pah0jnozfufetaq2ul10ticbdc.dx.internal.cloudapp.net/10.1.0.10)
2024-04-06 10:34:15,325 [EventQueue-PipelineReportForPipelineReportHandler] INFO  pipeline.PipelineReportHandler (PipelineReportHandler.java:processPipelineReport(115)) - Reported pipeline PipelineID=6caf9e5d-c9c4-4f3e-8e90-87ad1b61a246 is not found
2024-04-06 10:34:15,328 [a40aef6e-dfc7-4141-9a41-17d72bf4eeff-groupManagement] INFO  server.RaftServerConfigKeys (ConfUtils.java:logGet(46)) - raft.server.log.segment.size.max = 67108864 (custom)
2024-04-06 10:34:15,328 [ceb25050-cf9f-4852-a13e-a5ff0cf3b4d2-PipelineCommandHandlerThread-0] INFO  segmented.SegmentedRaftLogWorker (SegmentedRaftLogWorker.java:close(245)) - ceb25050-cf9f-4852-a13e-a5ff0cf3b4d2@group-87AD1B61A246-SegmentedRaftLogWorker close()
2024-04-06 10:34:15,330 [a40aef6e-dfc7-4141-9a41-17d72bf4eeff-groupManagement] INFO  server.RaftServerConfigKeys (ConfUtils.java:logGet(46)) - raft.server.log.segment.cache.num.max = 2 (custom)
2024-04-06 10:34:15,330 [a40aef6e-dfc7-4141-9a41-17d72bf4eeff-groupManagement] INFO  server.RaftServerConfigKeys (ConfUtils.java:logGet(46)) - raft.server.log.segment.cache.size.max = 200MB (=209715200) (default)
2024-04-06 10:34:15,330 [a40aef6e-dfc7-4141-9a41-17d72bf4eeff-groupManagement] INFO  server.RaftServerConfigKeys (ConfUtils.java:logGet(46)) - raft.server.log.appender.buffer.byte-limit = 8388608 (custom)
2024-04-06 10:34:15,330 [ceb25050-cf9f-4852-a13e-a5ff0cf3b4d2-PipelineCommandHandlerThread-0] INFO  server.RaftServer$Division (RaftServerImpl.java:groupRemove(496)) - ceb25050-cf9f-4852-a13e-a5ff0cf3b4d2@group-87AD1B61A246: Succeed to remove RaftStorageDirectory Storage Directory /home/runner/work/ozone/ozone/hadoop-ozone/integration-test/target/test-dir/MiniOzoneClusterImpl-9e1941cb-56ba-429e-854d-1e52595ce6ec/ozone-meta/datanode-5/ratis/6caf9e5d-c9c4-4f3e-8e90-87ad1b61a246
2024-04-06 10:34:15,330 [ceb25050-cf9f-4852-a13e-a5ff0cf3b4d2-PipelineCommandHandlerThread-0] ERROR commandhandler.ClosePipelineCommandHandler (ClosePipelineCommandHandler.java:lambda$handle$2(137)) - Can't close pipeline PipelineID=6caf9e5d-c9c4-4f3e-8e90-87ad1b61a246
org.apache.ratis.protocol.exceptions.GroupMismatchException: ceb25050-cf9f-4852-a13e-a5ff0cf3b4d2: group-87AD1B61A246 not found.
	at org.apache.ratis.server.impl.RaftServerProxy$ImplMap.get(RaftServerProxy.java:154)
	at org.apache.ratis.server.impl.RaftServerProxy.getImplFuture(RaftServerProxy.java:364)
	at org.apache.ratis.server.impl.RaftServerProxy.getImpl(RaftServerProxy.java:373)
	at org.apache.ratis.server.impl.RaftServerProxy.getDivision(RaftServerProxy.java:386)
	at org.apache.hadoop.ozone.container.common.transport.server.ratis.XceiverServerRatis.getRaftPeersInPipeline(XceiverServerRatis.java:951)
	at org.apache.hadoop.ozone.container.common.statemachine.commandhandler.ClosePipelineCommandHandler.lambda$handle$2(ClosePipelineCommandHandler.java:114)
	at java.util.concurrent.CompletableFuture$AsyncRun.run(CompletableFuture.java:1640)
	at java.util.concurrent.ThreadPoolExecutor.runWorker(ThreadPoolExecutor.java:1149)
	at java.util.concurrent.ThreadPoolExecutor$Worker.run(ThreadPoolExecutor.java:624)
	at java.lang.Thread.run(Thread.java:750)
2024-04-06 10:34:15,330 [ceb25050-cf9f-4852-a13e-a5ff0cf3b4d2-PipelineCommandHandlerThread-0] INFO  server.RaftServer (RaftServerProxy.java:remove(111)) - ceb25050-cf9f-4852-a13e-a5ff0cf3b4d2: remove    LEADER ceb25050-cf9f-4852-a13e-a5ff0cf3b4d2@group-BECC45517E23:t1, leader=ceb25050-cf9f-4852-a13e-a5ff0cf3b4d2, voted=ceb25050-cf9f-4852-a13e-a5ff0cf3b4d2, raftlog=Memoized:ceb25050-cf9f-4852-a13e-a5ff0cf3b4d2@group-BECC45517E23-SegmentedRaftLog:OPENED:c0, conf=0: peers:[ceb25050-cf9f-4852-a13e-a5ff0cf3b4d2|10.1.0.10:15052]|listeners:[], old=null RUNNING
2024-04-06 10:34:15,331 [ceb25050-cf9f-4852-a13e-a5ff0cf3b4d2-PipelineCommandHandlerThread-0] INFO  server.RaftServer$Division (RaftServerImpl.java:lambda$close$3(526)) - ceb25050-cf9f-4852-a13e-a5ff0cf3b4d2@group-BECC45517E23: shutdown
2024-04-06 10:34:15,331 [ceb25050-cf9f-4852-a13e-a5ff0cf3b4d2-PipelineCommandHandlerThread-0] INFO  util.JmxRegister (JmxRegister.java:unregister(73)) - Successfully un-registered JMX Bean with object name Ratis:service=RaftServer,group=group-BECC45517E23,id=ceb25050-cf9f-4852-a13e-a5ff0cf3b4d2
2024-04-06 10:34:15,331 [ceb25050-cf9f-4852-a13e-a5ff0cf3b4d2-PipelineCommandHandlerThread-0] INFO  impl.RoleInfo (RoleInfo.java:shutdownLeaderState(94)) - ceb25050-cf9f-4852-a13e-a5ff0cf3b4d2: shutdown ceb25050-cf9f-4852-a13e-a5ff0cf3b4d2@group-BECC45517E23-LeaderStateImpl
2024-04-06 10:34:15,331 [ceb25050-cf9f-4852-a13e-a5ff0cf3b4d2-PipelineCommandHandlerThread-0] INFO  impl.PendingRequests (PendingRequests.java:sendNotLeaderResponses(289)) - ceb25050-cf9f-4852-a13e-a5ff0cf3b4d2@group-BECC45517E23-PendingRequests: sendNotLeaderResponses
2024-04-06 10:34:15,331 [ceb25050-cf9f-4852-a13e-a5ff0cf3b4d2-PipelineCommandHandlerThread-0] INFO  impl.StateMachineUpdater (StateMachineUpdater.java:stopAndJoin(157)) - ceb25050-cf9f-4852-a13e-a5ff0cf3b4d2@group-BECC45517E23-StateMachineUpdater: set stopIndex = 0
2024-04-06 10:34:15,331 [ceb25050-cf9f-4852-a13e-a5ff0cf3b4d2@group-BECC45517E23-StateMachineUpdater] INFO  ratis.ContainerStateMachine (ContainerStateMachine.java:takeSnapshot(355)) - group-BECC45517E23: Taking a snapshot at:(t:1, i:0) file /home/runner/work/ozone/ozone/hadoop-ozone/integration-test/target/test-dir/MiniOzoneClusterImpl-9e1941cb-56ba-429e-854d-1e52595ce6ec/ozone-meta/datanode-5/ratis/15039d4b-d7f6-4769-9a85-becc45517e23/sm/snapshot.1_0
2024-04-06 10:34:15,332 [ceb25050-cf9f-4852-a13e-a5ff0cf3b4d2@group-BECC45517E23-StateMachineUpdater] INFO  ratis.ContainerStateMachine (ContainerStateMachine.java:takeSnapshot(366)) - group-BECC45517E23: Finished taking a snapshot at:(t:1, i:0) file:/home/runner/work/ozone/ozone/hadoop-ozone/integration-test/target/test-dir/MiniOzoneClusterImpl-9e1941cb-56ba-429e-854d-1e52595ce6ec/ozone-meta/datanode-5/ratis/15039d4b-d7f6-4769-9a85-becc45517e23/sm/snapshot.1_0 took: 1 ms
2024-04-06 10:34:15,333 [ceb25050-cf9f-4852-a13e-a5ff0cf3b4d2@group-BECC45517E23-StateMachineUpdater] INFO  impl.StateMachineUpdater (StateMachineUpdater.java:takeSnapshot(295)) - ceb25050-cf9f-4852-a13e-a5ff0cf3b4d2@group-BECC45517E23-StateMachineUpdater: Took a snapshot at index 0
2024-04-06 10:34:15,333 [ceb25050-cf9f-4852-a13e-a5ff0cf3b4d2@group-BECC45517E23-StateMachineUpdater] INFO  impl.StateMachineUpdater (StateMachineUpdater.java:lambda$new$0(98)) - ceb25050-cf9f-4852-a13e-a5ff0cf3b4d2@group-BECC45517E23-StateMachineUpdater: snapshotIndex: updateIncreasingly -1 -> 0
2024-04-06 10:34:15,333 [ceb25050-cf9f-4852-a13e-a5ff0cf3b4d2-PipelineCommandHandlerThread-0] INFO  server.RaftServer$Division (ServerState.java:close(427)) - ceb25050-cf9f-4852-a13e-a5ff0cf3b4d2@group-BECC45517E23: applyIndex: 0
2024-04-06 10:34:15,337 [a40aef6e-dfc7-4141-9a41-17d72bf4eeff-groupManagement] INFO  util.AwaitToRun (AwaitToRun.java:start(81)) - Thread[a40aef6e-dfc7-4141-9a41-17d72bf4eeff@group-82A21D15CBF7-cacheEviction-AwaitToRun,5,main] started
2024-04-06 10:34:15,338 [ceb25050-cf9f-4852-a13e-a5ff0cf3b4d2@group-BECC45517E23-cacheEviction-AwaitToRun] INFO  util.AwaitToRun (AwaitToRun.java:run(49)) - ceb25050-cf9f-4852-a13e-a5ff0cf3b4d2@group-BECC45517E23-cacheEviction-AwaitToRun-AwaitForSignal is interrupted
2024-04-06 10:34:15,338 [a40aef6e-dfc7-4141-9a41-17d72bf4eeff-groupManagement] INFO  segmented.SegmentedRaftLogWorker (SegmentedRaftLogWorker.java:<init>(182)) - new a40aef6e-dfc7-4141-9a41-17d72bf4eeff@group-82A21D15CBF7-SegmentedRaftLogWorker for RaftStorageImpl:Storage Directory /home/runner/work/ozone/ozone/hadoop-ozone/integration-test/target/test-dir/MiniOzoneClusterImpl-9e1941cb-56ba-429e-854d-1e52595ce6ec/ozone-meta/datanode-4/ratis/25178013-1aaf-49ea-9109-82a21d15cbf7
2024-04-06 10:34:15,338 [a40aef6e-dfc7-4141-9a41-17d72bf4eeff-groupManagement] INFO  server.RaftServerConfigKeys (ConfUtils.java:logGet(46)) - raft.server.log.queue.byte-limit = 4294967296 (custom)
2024-04-06 10:34:15,338 [a40aef6e-dfc7-4141-9a41-17d72bf4eeff-groupManagement] INFO  server.RaftServerConfigKeys (ConfUtils.java:logGet(46)) - raft.server.log.queue.element-limit = 1024 (custom)
2024-04-06 10:34:15,338 [a40aef6e-dfc7-4141-9a41-17d72bf4eeff-groupManagement] INFO  server.RaftServerConfigKeys (ConfUtils.java:logGet(46)) - raft.server.log.segment.size.max = 67108864 (custom)
2024-04-06 10:34:15,338 [a40aef6e-dfc7-4141-9a41-17d72bf4eeff-groupManagement] INFO  server.RaftServerConfigKeys (ConfUtils.java:logGet(46)) - raft.server.log.preallocated.size = 4194304 (custom)
2024-04-06 10:34:15,338 [a40aef6e-dfc7-4141-9a41-17d72bf4eeff-groupManagement] INFO  server.RaftServerConfigKeys (ConfUtils.java:logGet(46)) - raft.server.log.force.sync.num = 128 (default)
2024-04-06 10:34:15,338 [a40aef6e-dfc7-4141-9a41-17d72bf4eeff-groupManagement] INFO  server.RaftServerConfigKeys (ConfUtils.java:logGet(46)) - raft.server.log.statemachine.data.sync = true (default)
2024-04-06 10:34:15,338 [a40aef6e-dfc7-4141-9a41-17d72bf4eeff-groupManagement] INFO  server.RaftServerConfigKeys (ConfUtils.java:logGet(46)) - raft.server.log.statemachine.data.sync.timeout = 10s (default)
2024-04-06 10:34:15,339 [a40aef6e-dfc7-4141-9a41-17d72bf4eeff-groupManagement] INFO  server.RaftServerConfigKeys (ConfUtils.java:logGet(46)) - raft.server.log.statemachine.data.sync.timeout.retry = 0 (custom)
2024-04-06 10:34:15,339 [a40aef6e-dfc7-4141-9a41-17d72bf4eeff-groupManagement] INFO  server.RaftServerConfigKeys (ConfUtils.java:logGet(46)) - raft.server.log.write.buffer.size = 8388616 (custom)
2024-04-06 10:34:15,340 [a40aef6e-dfc7-4141-9a41-17d72bf4eeff-groupManagement] INFO  server.RaftServerConfigKeys (ConfUtils.java:logGet(46)) - raft.server.log.appender.buffer.byte-limit = 8388608 (custom)
2024-04-06 10:34:15,340 [a40aef6e-dfc7-4141-9a41-17d72bf4eeff-groupManagement] INFO  server.RaftServerConfigKeys (ConfUtils.java:logGet(46)) - raft.server.log.unsafe-flush.enabled = false (default)
2024-04-06 10:34:15,340 [a40aef6e-dfc7-4141-9a41-17d72bf4eeff-groupManagement] INFO  server.RaftServerConfigKeys (ConfUtils.java:logGet(46)) - raft.server.log.async-flush.enabled = false (default)
2024-04-06 10:34:15,340 [a40aef6e-dfc7-4141-9a41-17d72bf4eeff-groupManagement] INFO  server.RaftServerConfigKeys (ConfUtils.java:logGet(46)) - raft.server.log.statemachine.data.caching.enabled = true (custom)
2024-04-06 10:34:15,340 [a40aef6e-dfc7-4141-9a41-17d72bf4eeff-groupManagement] INFO  segmented.SegmentedRaftLogWorker (SegmentedRaftLogWorker.java:lambda$new$0(134)) - a40aef6e-dfc7-4141-9a41-17d72bf4eeff@group-82A21D15CBF7-SegmentedRaftLogWorker: flushIndex: setUnconditionally 0 -> -1
2024-04-06 10:34:15,340 [a40aef6e-dfc7-4141-9a41-17d72bf4eeff-groupManagement] INFO  segmented.SegmentedRaftLogWorker (SegmentedRaftLogWorker.java:lambda$new$0(134)) - a40aef6e-dfc7-4141-9a41-17d72bf4eeff@group-82A21D15CBF7-SegmentedRaftLogWorker: safeCacheEvictIndex: setUnconditionally 0 -> -1
2024-04-06 10:34:15,341 [a40aef6e-dfc7-4141-9a41-17d72bf4eeff-groupManagement] INFO  server.RaftServer$Division (RaftServerImpl.java:start(396)) - a40aef6e-dfc7-4141-9a41-17d72bf4eeff@group-82A21D15CBF7: start as a follower, conf=-1: peers:[59c3495a-7636-40f9-8dfa-c28be8e98abd|10.1.0.10:15016, a40aef6e-dfc7-4141-9a41-17d72bf4eeff|10.1.0.10:15043, cc1e4d3c-2283-4c28-b737-db868cb45369|10.1.0.10:15025]|listeners:[], old=null
2024-04-06 10:34:15,341 [a40aef6e-dfc7-4141-9a41-17d72bf4eeff-groupManagement] INFO  server.RaftServer$Division (RaftServerImpl.java:setRole(383)) - a40aef6e-dfc7-4141-9a41-17d72bf4eeff@group-82A21D15CBF7: changes role from      null to FOLLOWER at term 0 for startAsFollower
2024-04-06 10:34:15,341 [a40aef6e-dfc7-4141-9a41-17d72bf4eeff-groupManagement] INFO  impl.RoleInfo (RoleInfo.java:updateAndGet(139)) - a40aef6e-dfc7-4141-9a41-17d72bf4eeff: start a40aef6e-dfc7-4141-9a41-17d72bf4eeff@group-82A21D15CBF7-FollowerState
2024-04-06 10:34:15,341 [a40aef6e-dfc7-4141-9a41-17d72bf4eeff-groupManagement] INFO  util.JmxRegister (JmxRegister.java:tryRegister(44)) - Successfully registered JMX Bean with object name Ratis:service=RaftServer,group=group-82A21D15CBF7,id=a40aef6e-dfc7-4141-9a41-17d72bf4eeff
2024-04-06 10:34:15,341 [a40aef6e-dfc7-4141-9a41-17d72bf4eeff-groupManagement] INFO  server.RaftServerConfigKeys (ConfUtils.java:logGet(46)) - raft.server.snapshot.trigger-when-stop.enabled = true (default)
2024-04-06 10:34:15,341 [a40aef6e-dfc7-4141-9a41-17d72bf4eeff-groupManagement] INFO  server.RaftServerConfigKeys (ConfUtils.java:logGet(46)) - raft.server.snapshot.auto.trigger.enabled = true (custom)
2024-04-06 10:34:15,341 [a40aef6e-dfc7-4141-9a41-17d72bf4eeff-groupManagement] INFO  server.RaftServerConfigKeys (ConfUtils.java:logGet(46)) - raft.server.snapshot.auto.trigger.threshold = 10000 (custom)
2024-04-06 10:34:15,341 [a40aef6e-dfc7-4141-9a41-17d72bf4eeff-groupManagement] INFO  server.RaftServerConfigKeys (ConfUtils.java:logGet(46)) - raft.server.snapshot.retention.file.num = 5 (custom)
2024-04-06 10:34:15,341 [a40aef6e-dfc7-4141-9a41-17d72bf4eeff-groupManagement] INFO  server.RaftServerConfigKeys (ConfUtils.java:logGet(46)) - raft.server.log.purge.upto.snapshot.index = false (default)
2024-04-06 10:34:15,342 [a40aef6e-dfc7-4141-9a41-17d72bf4eeff@group-82A21D15CBF7-FollowerState] INFO  server.RaftServerConfigKeys (ConfUtils.java:logFallback(53)) - raft.server.rpc.first-election.timeout.min = 5s (fallback to raft.server.rpc.timeout.min)
2024-04-06 10:34:15,342 [a40aef6e-dfc7-4141-9a41-17d72bf4eeff@group-82A21D15CBF7-FollowerState] INFO  server.RaftServerConfigKeys (ConfUtils.java:logFallback(53)) - raft.server.rpc.first-election.timeout.max = 5200ms (fallback to raft.server.rpc.timeout.max)
2024-04-06 10:34:15,354 [grpc-default-executor-6] INFO  server.RaftServer (RaftServerProxy.java:addNew(100)) - cc1e4d3c-2283-4c28-b737-db868cb45369: addNew group-82A21D15CBF7:[59c3495a-7636-40f9-8dfa-c28be8e98abd|10.1.0.10:15016, a40aef6e-dfc7-4141-9a41-17d72bf4eeff|10.1.0.10:15043, cc1e4d3c-2283-4c28-b737-db868cb45369|10.1.0.10:15025] returns group-82A21D15CBF7:java.util.concurrent.CompletableFuture@185ecdca[Not completed]
2024-04-06 10:34:15,355 [cc1e4d3c-2283-4c28-b737-db868cb45369-groupManagement] INFO  server.RaftServer$Division (RaftServerImpl.java:<init>(256)) - cc1e4d3c-2283-4c28-b737-db868cb45369: new RaftServerImpl for group-82A21D15CBF7:[59c3495a-7636-40f9-8dfa-c28be8e98abd|10.1.0.10:15016, a40aef6e-dfc7-4141-9a41-17d72bf4eeff|10.1.0.10:15043, cc1e4d3c-2283-4c28-b737-db868cb45369|10.1.0.10:15025] with ContainerStateMachine:uninitialized
2024-04-06 10:34:15,355 [cc1e4d3c-2283-4c28-b737-db868cb45369-groupManagement] INFO  server.RaftServerConfigKeys (ConfUtils.java:logGet(46)) - raft.server.rpc.timeout.min = 5s (custom)
2024-04-06 10:34:15,355 [cc1e4d3c-2283-4c28-b737-db868cb45369-groupManagement] INFO  server.RaftServerConfigKeys (ConfUtils.java:logGet(46)) - raft.server.rpc.timeout.max = 5200ms (custom)
2024-04-06 10:34:15,355 [cc1e4d3c-2283-4c28-b737-db868cb45369-groupManagement] INFO  server.RaftServerConfigKeys (ConfUtils.java:logGet(46)) - raft.server.rpc.sleep.time = 25ms (default)
2024-04-06 10:34:15,355 [cc1e4d3c-2283-4c28-b737-db868cb45369-groupManagement] INFO  server.RaftServerConfigKeys (ConfUtils.java:logGet(46)) - raft.server.rpc.slowness.timeout = 300s (custom)
2024-04-06 10:34:15,356 [cc1e4d3c-2283-4c28-b737-db868cb45369-groupManagement] INFO  server.RaftServerConfigKeys (ConfUtils.java:logGet(46)) - raft.server.leaderelection.leader.step-down.wait-time = 10s (default)
2024-04-06 10:34:15,356 [cc1e4d3c-2283-4c28-b737-db868cb45369-groupManagement] INFO  server.RaftServerConfigKeys (ConfUtils.java:logGet(46)) - raft.server.leaderelection.member.majority-add = false (default)
2024-04-06 10:34:15,356 [cc1e4d3c-2283-4c28-b737-db868cb45369-groupManagement] INFO  server.RaftServerConfigKeys (ConfUtils.java:logGet(46)) - raft.server.sleep.deviation.threshold = 300ms (default)
2024-04-06 10:34:15,356 [cc1e4d3c-2283-4c28-b737-db868cb45369-groupManagement] INFO  server.RaftServer$Division (ServerState.java:<init>(113)) - cc1e4d3c-2283-4c28-b737-db868cb45369@group-82A21D15CBF7: ConfigurationManager, init=-1: peers:[59c3495a-7636-40f9-8dfa-c28be8e98abd|10.1.0.10:15016, a40aef6e-dfc7-4141-9a41-17d72bf4eeff|10.1.0.10:15043, cc1e4d3c-2283-4c28-b737-db868cb45369|10.1.0.10:15025]|listeners:[], old=null, confs=<EMPTY_MAP>
2024-04-06 10:34:15,356 [cc1e4d3c-2283-4c28-b737-db868cb45369-groupManagement] INFO  server.RaftServerConfigKeys (ConfUtils.java:logGet(46)) - raft.server.notification.no-leader.timeout = 300s (custom)
2024-04-06 10:34:15,356 [cc1e4d3c-2283-4c28-b737-db868cb45369-groupManagement] INFO  server.RaftServerConfigKeys (ConfUtils.java:logGet(46)) - raft.server.read.timeout = 10s (default)
2024-04-06 10:34:15,356 [cc1e4d3c-2283-4c28-b737-db868cb45369-groupManagement] INFO  server.RaftServerConfigKeys (ConfUtils.java:logGet(46)) - raft.server.retrycache.expirytime = 600000ms (custom)
2024-04-06 10:34:15,356 [cc1e4d3c-2283-4c28-b737-db868cb45369-groupManagement] INFO  server.RaftServerConfigKeys (ConfUtils.java:logGet(46)) - raft.server.retrycache.statistics.expirytime = 100ms (default)
2024-04-06 10:34:15,356 [cc1e4d3c-2283-4c28-b737-db868cb45369-groupManagement] INFO  server.RaftServerConfigKeys (ConfUtils.java:logGet(46)) - raft.server.read.option = DEFAULT (default)
2024-04-06 10:34:15,356 [cc1e4d3c-2283-4c28-b737-db868cb45369-groupManagement] INFO  server.RaftServerConfigKeys (ConfUtils.java:logGet(46)) - raft.server.read.read-after-write-consistent.write-index-cache.expiry-time = 60s (default)
2024-04-06 10:34:15,359 [cc1e4d3c-2283-4c28-b737-db868cb45369-groupManagement] INFO  server.RaftServerConfigKeys (ConfUtils.java:logGet(46)) - raft.server.rpc.request.timeout = 60s (custom)
2024-04-06 10:34:15,359 [cc1e4d3c-2283-4c28-b737-db868cb45369-groupManagement] INFO  server.RaftServerConfigKeys (ConfUtils.java:logGet(46)) - raft.server.log.appender.install.snapshot.enabled = false (custom)
2024-04-06 10:34:15,359 [cc1e4d3c-2283-4c28-b737-db868cb45369-groupManagement] INFO  server.RaftServerConfigKeys (ConfUtils.java:logGet(46)) - raft.server.threadpool.server.cached = true (default)
2024-04-06 10:34:15,359 [cc1e4d3c-2283-4c28-b737-db868cb45369-groupManagement] INFO  server.RaftServerConfigKeys (ConfUtils.java:logGet(46)) - raft.server.threadpool.server.size = 0 (default)
2024-04-06 10:34:15,359 [cc1e4d3c-2283-4c28-b737-db868cb45369-groupManagement] INFO  server.RaftServerConfigKeys (ConfUtils.java:logGet(46)) - raft.server.threadpool.client.cached = true (default)
2024-04-06 10:34:15,359 [cc1e4d3c-2283-4c28-b737-db868cb45369-groupManagement] INFO  server.RaftServerConfigKeys (ConfUtils.java:logGet(46)) - raft.server.threadpool.client.size = 0 (default)
2024-04-06 10:34:15,359 [cc1e4d3c-2283-4c28-b737-db868cb45369-groupManagement] INFO  server.RaftServerConfigKeys (ConfUtils.java:logGet(46)) - raft.server.storage.free-space.min = 0MB (=0) (default)
2024-04-06 10:34:15,359 [cc1e4d3c-2283-4c28-b737-db868cb45369-groupManagement] INFO  server.RaftServerConfigKeys (ConfUtils.java:logGet(46)) - raft.server.log.corruption.policy = EXCEPTION (default)
2024-04-06 10:34:15,359 [cc1e4d3c-2283-4c28-b737-db868cb45369-groupManagement] INFO  server.RaftServerConfigKeys (ConfUtils.java:logGet(46)) - raft.server.storage.dir = [/home/runner/work/ozone/ozone/hadoop-ozone/integration-test/target/test-dir/MiniOzoneClusterImpl-9e1941cb-56ba-429e-854d-1e52595ce6ec/ozone-meta/datanode-2/ratis] (custom)
2024-04-06 10:34:15,360 [cc1e4d3c-2283-4c28-b737-db868cb45369-groupManagement] INFO  storage.RaftStorageDirectory (RaftStorageDirectoryImpl.java:analyzeStorage(138)) - The storage directory /home/runner/work/ozone/ozone/hadoop-ozone/integration-test/target/test-dir/MiniOzoneClusterImpl-9e1941cb-56ba-429e-854d-1e52595ce6ec/ozone-meta/datanode-2/ratis/25178013-1aaf-49ea-9109-82a21d15cbf7 does not exist. Creating ...
2024-04-06 10:34:15,361 [cc1e4d3c-2283-4c28-b737-db868cb45369-groupManagement] INFO  storage.RaftStorageDirectory (RaftStorageDirectoryImpl.java:tryLock(228)) - Lock on /home/runner/work/ozone/ozone/hadoop-ozone/integration-test/target/test-dir/MiniOzoneClusterImpl-9e1941cb-56ba-429e-854d-1e52595ce6ec/ozone-meta/datanode-2/ratis/25178013-1aaf-49ea-9109-82a21d15cbf7/in_use.lock acquired by nodename 82778@fv-az526-218
2024-04-06 10:34:15,362 [cc1e4d3c-2283-4c28-b737-db868cb45369-groupManagement] INFO  storage.RaftStorage (RaftStorageImpl.java:format(99)) - Storage directory /home/runner/work/ozone/ozone/hadoop-ozone/integration-test/target/test-dir/MiniOzoneClusterImpl-9e1941cb-56ba-429e-854d-1e52595ce6ec/ozone-meta/datanode-2/ratis/25178013-1aaf-49ea-9109-82a21d15cbf7 has been successfully formatted.
2024-04-06 10:34:15,362 [cc1e4d3c-2283-4c28-b737-db868cb45369-groupManagement] WARN  util.FileUtils (LogUtils.java:supplyAndLog(63)) - Failed to Files.newInputStream /home/runner/work/ozone/ozone/hadoop-ozone/integration-test/target/test-dir/MiniOzoneClusterImpl-9e1941cb-56ba-429e-854d-1e52595ce6ec/ozone-meta/datanode-2/ratis/25178013-1aaf-49ea-9109-82a21d15cbf7/current/raft-meta.conf with options []: java.nio.file.NoSuchFileException: /home/runner/work/ozone/ozone/hadoop-ozone/integration-test/target/test-dir/MiniOzoneClusterImpl-9e1941cb-56ba-429e-854d-1e52595ce6ec/ozone-meta/datanode-2/ratis/25178013-1aaf-49ea-9109-82a21d15cbf7/current/raft-meta.conf
2024-04-06 10:34:15,363 [cc1e4d3c-2283-4c28-b737-db868cb45369-groupManagement] INFO  ratis.ContainerStateMachine (ContainerStateMachine.java:loadSnapshot(287)) - group-82A21D15CBF7: The snapshot info is null. Setting the last applied index to:(t:0, i:~)
2024-04-06 10:34:15,363 [cc1e4d3c-2283-4c28-b737-db868cb45369-groupManagement] INFO  server.RaftServerConfigKeys (ConfUtils.java:logGet(46)) - raft.server.log.use.memory = false (default)
2024-04-06 10:34:15,363 [cc1e4d3c-2283-4c28-b737-db868cb45369-groupManagement] INFO  server.RaftServerConfigKeys (ConfUtils.java:logGet(46)) - raft.server.log.purge.gap = 1000000 (custom)
2024-04-06 10:34:15,363 [cc1e4d3c-2283-4c28-b737-db868cb45369-groupManagement] INFO  server.RaftServerConfigKeys (ConfUtils.java:logGet(46)) - raft.server.log.appender.buffer.byte-limit = 8388608 (custom)
2024-04-06 10:34:15,363 [cc1e4d3c-2283-4c28-b737-db868cb45369-groupManagement] INFO  server.RaftServerConfigKeys (ConfUtils.java:logGet(46)) - raft.server.log.statemachine.data.read.timeout = 1000ms (default)
2024-04-06 10:34:15,363 [cc1e4d3c-2283-4c28-b737-db868cb45369-groupManagement] INFO  server.RaftServerConfigKeys (ConfUtils.java:logGet(46)) - raft.server.log.purge.preservation.log.num = 0 (default)
2024-04-06 10:34:15,364 [Recon-EventQueue-PipelineReportForReconPipelineReportHandler] INFO  scm.ReconPipelineReportHandler (ReconPipelineReportHandler.java:processPipelineReport(103)) - Pipeline RATIS/THREE PipelineID=25178013-1aaf-49ea-9109-82a21d15cbf7 reported by cc1e4d3c-2283-4c28-b737-db868cb45369(fv-az526-218.pah0jnozfufetaq2ul10ticbdc.dx.internal.cloudapp.net/10.1.0.10)
2024-04-06 10:34:15,364 [cc1e4d3c-2283-4c28-b737-db868cb45369-groupManagement] INFO  server.RaftServerConfigKeys (ConfUtils.java:logGet(46)) - raft.server.log.segment.size.max = 67108864 (custom)
2024-04-06 10:34:15,364 [cc1e4d3c-2283-4c28-b737-db868cb45369-groupManagement] INFO  server.RaftServerConfigKeys (ConfUtils.java:logGet(46)) - raft.server.log.segment.cache.num.max = 2 (custom)
2024-04-06 10:34:15,364 [cc1e4d3c-2283-4c28-b737-db868cb45369-groupManagement] INFO  server.RaftServerConfigKeys (ConfUtils.java:logGet(46)) - raft.server.log.segment.cache.size.max = 200MB (=209715200) (default)
2024-04-06 10:34:15,364 [cc1e4d3c-2283-4c28-b737-db868cb45369-groupManagement] INFO  server.RaftServerConfigKeys (ConfUtils.java:logGet(46)) - raft.server.log.appender.buffer.byte-limit = 8388608 (custom)
2024-04-06 10:34:15,365 [cc1e4d3c-2283-4c28-b737-db868cb45369-groupManagement] INFO  util.AwaitToRun (AwaitToRun.java:start(81)) - Thread[cc1e4d3c-2283-4c28-b737-db868cb45369@group-82A21D15CBF7-cacheEviction-AwaitToRun,5,main] started
2024-04-06 10:34:15,365 [cc1e4d3c-2283-4c28-b737-db868cb45369-groupManagement] INFO  segmented.SegmentedRaftLogWorker (SegmentedRaftLogWorker.java:<init>(182)) - new cc1e4d3c-2283-4c28-b737-db868cb45369@group-82A21D15CBF7-SegmentedRaftLogWorker for RaftStorageImpl:Storage Directory /home/runner/work/ozone/ozone/hadoop-ozone/integration-test/target/test-dir/MiniOzoneClusterImpl-9e1941cb-56ba-429e-854d-1e52595ce6ec/ozone-meta/datanode-2/ratis/25178013-1aaf-49ea-9109-82a21d15cbf7
2024-04-06 10:34:15,365 [cc1e4d3c-2283-4c28-b737-db868cb45369-groupManagement] INFO  server.RaftServerConfigKeys (ConfUtils.java:logGet(46)) - raft.server.log.queue.byte-limit = 4294967296 (custom)
2024-04-06 10:34:15,365 [cc1e4d3c-2283-4c28-b737-db868cb45369-groupManagement] INFO  server.RaftServerConfigKeys (ConfUtils.java:logGet(46)) - raft.server.log.queue.element-limit = 1024 (custom)
2024-04-06 10:34:15,365 [cc1e4d3c-2283-4c28-b737-db868cb45369-groupManagement] INFO  server.RaftServerConfigKeys (ConfUtils.java:logGet(46)) - raft.server.log.segment.size.max = 67108864 (custom)
2024-04-06 10:34:15,365 [cc1e4d3c-2283-4c28-b737-db868cb45369-groupManagement] INFO  server.RaftServerConfigKeys (ConfUtils.java:logGet(46)) - raft.server.log.preallocated.size = 4194304 (custom)
2024-04-06 10:34:15,366 [cc1e4d3c-2283-4c28-b737-db868cb45369-groupManagement] INFO  server.RaftServerConfigKeys (ConfUtils.java:logGet(46)) - raft.server.log.force.sync.num = 128 (default)
2024-04-06 10:34:15,366 [cc1e4d3c-2283-4c28-b737-db868cb45369-groupManagement] INFO  server.RaftServerConfigKeys (ConfUtils.java:logGet(46)) - raft.server.log.statemachine.data.sync = true (default)
2024-04-06 10:34:15,366 [cc1e4d3c-2283-4c28-b737-db868cb45369-groupManagement] INFO  server.RaftServerConfigKeys (ConfUtils.java:logGet(46)) - raft.server.log.statemachine.data.sync.timeout = 10s (default)
2024-04-06 10:34:15,366 [cc1e4d3c-2283-4c28-b737-db868cb45369-groupManagement] INFO  server.RaftServerConfigKeys (ConfUtils.java:logGet(46)) - raft.server.log.statemachine.data.sync.timeout.retry = 0 (custom)
2024-04-06 10:34:15,366 [cc1e4d3c-2283-4c28-b737-db868cb45369-groupManagement] INFO  server.RaftServerConfigKeys (ConfUtils.java:logGet(46)) - raft.server.log.write.buffer.size = 8388616 (custom)
2024-04-06 10:34:15,367 [cc1e4d3c-2283-4c28-b737-db868cb45369-groupManagement] INFO  server.RaftServerConfigKeys (ConfUtils.java:logGet(46)) - raft.server.log.appender.buffer.byte-limit = 8388608 (custom)
2024-04-06 10:34:15,367 [cc1e4d3c-2283-4c28-b737-db868cb45369-groupManagement] INFO  server.RaftServerConfigKeys (ConfUtils.java:logGet(46)) - raft.server.log.unsafe-flush.enabled = false (default)
2024-04-06 10:34:15,367 [cc1e4d3c-2283-4c28-b737-db868cb45369-groupManagement] INFO  server.RaftServerConfigKeys (ConfUtils.java:logGet(46)) - raft.server.log.async-flush.enabled = false (default)
2024-04-06 10:34:15,367 [cc1e4d3c-2283-4c28-b737-db868cb45369-groupManagement] INFO  server.RaftServerConfigKeys (ConfUtils.java:logGet(46)) - raft.server.log.statemachine.data.caching.enabled = true (custom)
2024-04-06 10:34:15,367 [cc1e4d3c-2283-4c28-b737-db868cb45369-groupManagement] INFO  segmented.SegmentedRaftLogWorker (SegmentedRaftLogWorker.java:lambda$new$0(134)) - cc1e4d3c-2283-4c28-b737-db868cb45369@group-82A21D15CBF7-SegmentedRaftLogWorker: flushIndex: setUnconditionally 0 -> -1
2024-04-06 10:34:15,367 [cc1e4d3c-2283-4c28-b737-db868cb45369-groupManagement] INFO  segmented.SegmentedRaftLogWorker (SegmentedRaftLogWorker.java:lambda$new$0(134)) - cc1e4d3c-2283-4c28-b737-db868cb45369@group-82A21D15CBF7-SegmentedRaftLogWorker: safeCacheEvictIndex: setUnconditionally 0 -> -1
2024-04-06 10:34:15,367 [cc1e4d3c-2283-4c28-b737-db868cb45369-groupManagement] INFO  server.RaftServer$Division (RaftServerImpl.java:start(396)) - cc1e4d3c-2283-4c28-b737-db868cb45369@group-82A21D15CBF7: start as a follower, conf=-1: peers:[59c3495a-7636-40f9-8dfa-c28be8e98abd|10.1.0.10:15016, a40aef6e-dfc7-4141-9a41-17d72bf4eeff|10.1.0.10:15043, cc1e4d3c-2283-4c28-b737-db868cb45369|10.1.0.10:15025]|listeners:[], old=null
2024-04-06 10:34:15,368 [cc1e4d3c-2283-4c28-b737-db868cb45369-groupManagement] INFO  server.RaftServer$Division (RaftServerImpl.java:setRole(383)) - cc1e4d3c-2283-4c28-b737-db868cb45369@group-82A21D15CBF7: changes role from      null to FOLLOWER at term 0 for startAsFollower
2024-04-06 10:34:15,368 [cc1e4d3c-2283-4c28-b737-db868cb45369-groupManagement] INFO  impl.RoleInfo (RoleInfo.java:updateAndGet(139)) - cc1e4d3c-2283-4c28-b737-db868cb45369: start cc1e4d3c-2283-4c28-b737-db868cb45369@group-82A21D15CBF7-FollowerState
2024-04-06 10:34:15,368 [cc1e4d3c-2283-4c28-b737-db868cb45369-groupManagement] INFO  util.JmxRegister (JmxRegister.java:tryRegister(44)) - Successfully registered JMX Bean with object name Ratis:service=RaftServer,group=group-82A21D15CBF7,id=cc1e4d3c-2283-4c28-b737-db868cb45369
2024-04-06 10:34:15,368 [cc1e4d3c-2283-4c28-b737-db868cb45369-groupManagement] INFO  server.RaftServerConfigKeys (ConfUtils.java:logGet(46)) - raft.server.snapshot.trigger-when-stop.enabled = true (default)
2024-04-06 10:34:15,368 [cc1e4d3c-2283-4c28-b737-db868cb45369-groupManagement] INFO  server.RaftServerConfigKeys (ConfUtils.java:logGet(46)) - raft.server.snapshot.auto.trigger.enabled = true (custom)
2024-04-06 10:34:15,368 [cc1e4d3c-2283-4c28-b737-db868cb45369-groupManagement] INFO  server.RaftServerConfigKeys (ConfUtils.java:logGet(46)) - raft.server.snapshot.auto.trigger.threshold = 10000 (custom)
2024-04-06 10:34:15,368 [cc1e4d3c-2283-4c28-b737-db868cb45369-groupManagement] INFO  server.RaftServerConfigKeys (ConfUtils.java:logGet(46)) - raft.server.snapshot.retention.file.num = 5 (custom)
2024-04-06 10:34:15,368 [cc1e4d3c-2283-4c28-b737-db868cb45369-groupManagement] INFO  server.RaftServerConfigKeys (ConfUtils.java:logGet(46)) - raft.server.log.purge.upto.snapshot.index = false (default)
2024-04-06 10:34:15,369 [cc1e4d3c-2283-4c28-b737-db868cb45369@group-82A21D15CBF7-FollowerState] INFO  server.RaftServerConfigKeys (ConfUtils.java:logFallback(53)) - raft.server.rpc.first-election.timeout.min = 5s (fallback to raft.server.rpc.timeout.min)
2024-04-06 10:34:15,369 [cc1e4d3c-2283-4c28-b737-db868cb45369@group-82A21D15CBF7-FollowerState] INFO  server.RaftServerConfigKeys (ConfUtils.java:logFallback(53)) - raft.server.rpc.first-election.timeout.max = 5200ms (fallback to raft.server.rpc.timeout.max)
2024-04-06 10:34:15,373 [59c3495a-7636-40f9-8dfa-c28be8e98abd-PipelineCommandHandlerThread-0] INFO  commandhandler.CreatePipelineCommandHandler (CreatePipelineCommandHandler.java:lambda$handle$2(124)) - Created Pipeline RATIS THREE PipelineID=25178013-1aaf-49ea-9109-82a21d15cbf7.
2024-04-06 10:34:15,628 [ReplicationMonitor] INFO  replication.ReplicationManager (ReplicationManager.java:processAll(399)) - Replication Monitor Thread took 0 milliseconds for processing 1 containers.
2024-04-06 10:34:15,766 [main] INFO  container.TestHelper (TestHelper.java:countReplicas(427)) - Container 1 has 3 replicas on [59c3495a-7636-40f9-8dfa-c28be8e98abd, cc1e4d3c-2283-4c28-b737-db868cb45369, d1715241-1ffa-4146-b219-94c9c0fc171f]
2024-04-06 10:34:16,043 [Recon-SyncOM-1] INFO  impl.OzoneManagerServiceProviderImpl (OzoneManagerServiceProviderImpl.java:syncDataFromOM(501)) - Syncing data from Ozone Manager.
2024-04-06 10:34:16,043 [Recon-SyncOM-1] INFO  impl.OzoneManagerServiceProviderImpl (OzoneManagerServiceProviderImpl.java:syncDataFromOM(511)) - Obtaining delta updates from Ozone Manager
2024-04-06 10:34:16,043 [Recon-SyncOM-1] INFO  impl.OzoneManagerServiceProviderImpl (OzoneManagerServiceProviderImpl.java:getAndApplyDeltaUpdatesFromOM(418)) - OriginalFromSequenceNumber : 15 
2024-04-06 10:34:16,045 [Recon-SyncOM-1] INFO  impl.OzoneManagerServiceProviderImpl (OzoneManagerServiceProviderImpl.java:innerGetAndApplyDeltaUpdatesFromOM(485)) - Number of updates received from OM : 0, SequenceNumber diff: 0, SequenceNumber Lag from OM 0, isDBUpdateSuccess: true
2024-04-06 10:34:16,045 [Recon-SyncOM-1] INFO  impl.OzoneManagerServiceProviderImpl (OzoneManagerServiceProviderImpl.java:getAndApplyDeltaUpdatesFromOM(438)) - Delta updates received from OM : 1 loops, 0 records
2024-04-06 10:34:16,080 [ceb25050-cf9f-4852-a13e-a5ff0cf3b4d2-PipelineCommandHandlerThread-0] INFO  segmented.SegmentedRaftLogWorker (SegmentedRaftLogWorker.java:close(245)) - ceb25050-cf9f-4852-a13e-a5ff0cf3b4d2@group-BECC45517E23-SegmentedRaftLogWorker close()
2024-04-06 10:34:16,082 [ceb25050-cf9f-4852-a13e-a5ff0cf3b4d2-PipelineCommandHandlerThread-0] INFO  server.RaftServer$Division (RaftServerImpl.java:groupRemove(496)) - ceb25050-cf9f-4852-a13e-a5ff0cf3b4d2@group-BECC45517E23: Succeed to remove RaftStorageDirectory Storage Directory /home/runner/work/ozone/ozone/hadoop-ozone/integration-test/target/test-dir/MiniOzoneClusterImpl-9e1941cb-56ba-429e-854d-1e52595ce6ec/ozone-meta/datanode-5/ratis/15039d4b-d7f6-4769-9a85-becc45517e23
2024-04-06 10:34:16,082 [ceb25050-cf9f-4852-a13e-a5ff0cf3b4d2-PipelineCommandHandlerThread-0] ERROR commandhandler.ClosePipelineCommandHandler (ClosePipelineCommandHandler.java:lambda$handle$2(137)) - Can't close pipeline PipelineID=15039d4b-d7f6-4769-9a85-becc45517e23
org.apache.ratis.protocol.exceptions.GroupMismatchException: ceb25050-cf9f-4852-a13e-a5ff0cf3b4d2: group-BECC45517E23 not found.
	at org.apache.ratis.server.impl.RaftServerProxy$ImplMap.get(RaftServerProxy.java:154)
	at org.apache.ratis.server.impl.RaftServerProxy.getImplFuture(RaftServerProxy.java:364)
	at org.apache.ratis.server.impl.RaftServerProxy.getImpl(RaftServerProxy.java:373)
	at org.apache.ratis.server.impl.RaftServerProxy.getDivision(RaftServerProxy.java:386)
	at org.apache.hadoop.ozone.container.common.transport.server.ratis.XceiverServerRatis.getRaftPeersInPipeline(XceiverServerRatis.java:951)
	at org.apache.hadoop.ozone.container.common.statemachine.commandhandler.ClosePipelineCommandHandler.lambda$handle$2(ClosePipelineCommandHandler.java:114)
	at java.util.concurrent.CompletableFuture$AsyncRun.run(CompletableFuture.java:1640)
	at java.util.concurrent.ThreadPoolExecutor.runWorker(ThreadPoolExecutor.java:1149)
	at java.util.concurrent.ThreadPoolExecutor$Worker.run(ThreadPoolExecutor.java:624)
	at java.lang.Thread.run(Thread.java:750)
2024-04-06 10:34:16,114 [a40aef6e-dfc7-4141-9a41-17d72bf4eeff-PipelineCommandHandlerThread-0] INFO  server.RaftServer (RaftServerProxy.java:remove(111)) - a40aef6e-dfc7-4141-9a41-17d72bf4eeff: remove  FOLLOWER a40aef6e-dfc7-4141-9a41-17d72bf4eeff@group-87AD1B61A246:t1, leader=59c3495a-7636-40f9-8dfa-c28be8e98abd, voted=59c3495a-7636-40f9-8dfa-c28be8e98abd, raftlog=Memoized:a40aef6e-dfc7-4141-9a41-17d72bf4eeff@group-87AD1B61A246-SegmentedRaftLog:OPENED:c0, conf=0: peers:[59c3495a-7636-40f9-8dfa-c28be8e98abd|10.1.0.10:15016, a40aef6e-dfc7-4141-9a41-17d72bf4eeff|10.1.0.10:15043, ceb25050-cf9f-4852-a13e-a5ff0cf3b4d2|10.1.0.10:15052]|listeners:[], old=null RUNNING
2024-04-06 10:34:16,114 [a40aef6e-dfc7-4141-9a41-17d72bf4eeff-PipelineCommandHandlerThread-0] INFO  server.RaftServer$Division (RaftServerImpl.java:lambda$close$3(526)) - a40aef6e-dfc7-4141-9a41-17d72bf4eeff@group-87AD1B61A246: shutdown
2024-04-06 10:34:16,114 [a40aef6e-dfc7-4141-9a41-17d72bf4eeff-PipelineCommandHandlerThread-0] INFO  util.JmxRegister (JmxRegister.java:unregister(73)) - Successfully un-registered JMX Bean with object name Ratis:service=RaftServer,group=group-87AD1B61A246,id=a40aef6e-dfc7-4141-9a41-17d72bf4eeff
2024-04-06 10:34:16,115 [a40aef6e-dfc7-4141-9a41-17d72bf4eeff-PipelineCommandHandlerThread-0] INFO  impl.RoleInfo (RoleInfo.java:shutdownFollowerState(110)) - a40aef6e-dfc7-4141-9a41-17d72bf4eeff: shutdown a40aef6e-dfc7-4141-9a41-17d72bf4eeff@group-87AD1B61A246-FollowerState
2024-04-06 10:34:16,115 [a40aef6e-dfc7-4141-9a41-17d72bf4eeff-PipelineCommandHandlerThread-0] INFO  impl.StateMachineUpdater (StateMachineUpdater.java:stopAndJoin(157)) - a40aef6e-dfc7-4141-9a41-17d72bf4eeff@group-87AD1B61A246-StateMachineUpdater: set stopIndex = 0
2024-04-06 10:34:16,115 [a40aef6e-dfc7-4141-9a41-17d72bf4eeff@group-87AD1B61A246-StateMachineUpdater] INFO  ratis.ContainerStateMachine (ContainerStateMachine.java:takeSnapshot(355)) - group-87AD1B61A246: Taking a snapshot at:(t:1, i:0) file /home/runner/work/ozone/ozone/hadoop-ozone/integration-test/target/test-dir/MiniOzoneClusterImpl-9e1941cb-56ba-429e-854d-1e52595ce6ec/ozone-meta/datanode-4/ratis/6caf9e5d-c9c4-4f3e-8e90-87ad1b61a246/sm/snapshot.1_0
2024-04-06 10:34:16,115 [a40aef6e-dfc7-4141-9a41-17d72bf4eeff@group-87AD1B61A246-FollowerState] INFO  impl.FollowerState (FollowerState.java:run(152)) - a40aef6e-dfc7-4141-9a41-17d72bf4eeff@group-87AD1B61A246-FollowerState was interrupted
2024-04-06 10:34:16,116 [a40aef6e-dfc7-4141-9a41-17d72bf4eeff@group-87AD1B61A246-StateMachineUpdater] INFO  ratis.ContainerStateMachine (ContainerStateMachine.java:takeSnapshot(366)) - group-87AD1B61A246: Finished taking a snapshot at:(t:1, i:0) file:/home/runner/work/ozone/ozone/hadoop-ozone/integration-test/target/test-dir/MiniOzoneClusterImpl-9e1941cb-56ba-429e-854d-1e52595ce6ec/ozone-meta/datanode-4/ratis/6caf9e5d-c9c4-4f3e-8e90-87ad1b61a246/sm/snapshot.1_0 took: 1 ms
2024-04-06 10:34:16,116 [a40aef6e-dfc7-4141-9a41-17d72bf4eeff@group-87AD1B61A246-StateMachineUpdater] INFO  impl.StateMachineUpdater (StateMachineUpdater.java:takeSnapshot(295)) - a40aef6e-dfc7-4141-9a41-17d72bf4eeff@group-87AD1B61A246-StateMachineUpdater: Took a snapshot at index 0
2024-04-06 10:34:16,116 [a40aef6e-dfc7-4141-9a41-17d72bf4eeff@group-87AD1B61A246-StateMachineUpdater] INFO  impl.StateMachineUpdater (StateMachineUpdater.java:lambda$new$0(98)) - a40aef6e-dfc7-4141-9a41-17d72bf4eeff@group-87AD1B61A246-StateMachineUpdater: snapshotIndex: updateIncreasingly -1 -> 0
2024-04-06 10:34:16,117 [a40aef6e-dfc7-4141-9a41-17d72bf4eeff-PipelineCommandHandlerThread-0] INFO  server.RaftServer$Division (ServerState.java:close(427)) - a40aef6e-dfc7-4141-9a41-17d72bf4eeff@group-87AD1B61A246: applyIndex: 0
2024-04-06 10:34:16,117 [a40aef6e-dfc7-4141-9a41-17d72bf4eeff@group-87AD1B61A246-cacheEviction-AwaitToRun] INFO  util.AwaitToRun (AwaitToRun.java:run(49)) - a40aef6e-dfc7-4141-9a41-17d72bf4eeff@group-87AD1B61A246-cacheEviction-AwaitToRun-AwaitForSignal is interrupted
2024-04-06 10:34:16,176 [ContainerHealthTask] INFO  fsck.ContainerHealthTask (ContainerHealthTask.java:triggerContainerHealthCheck(140)) - Container Health task thread took 1 milliseconds to process 0 existing database records.
2024-04-06 10:34:16,178 [ContainerHealthTask] INFO  fsck.ContainerHealthTask (ContainerHealthTask.java:checkAndProcessContainers(166)) - Container Health task thread took 2 milliseconds for processing 1 containers.
2024-04-06 10:34:16,178 [ContainerHealthTask] INFO  fsck.ContainerHealthTask (ContainerHealthTask.java:lambda$logUnhealthyContainerStats$3(204)) - MISSING **Container State Stats:** 
	
2024-04-06 10:34:16,178 [ContainerHealthTask] INFO  fsck.ContainerHealthTask (ContainerHealthTask.java:lambda$logUnhealthyContainerStats$3(204)) - OVER_REPLICATED **Container State Stats:** 
	
2024-04-06 10:34:16,178 [ContainerHealthTask] INFO  fsck.ContainerHealthTask (ContainerHealthTask.java:lambda$logUnhealthyContainerStats$3(204)) - EMPTY_MISSING **Container State Stats:** 
	
2024-04-06 10:34:16,178 [ContainerHealthTask] INFO  fsck.ContainerHealthTask (ContainerHealthTask.java:lambda$logUnhealthyContainerStats$3(204)) - NEGATIVE_SIZE **Container State Stats:** 
	
2024-04-06 10:34:16,178 [ContainerHealthTask] INFO  fsck.ContainerHealthTask (ContainerHealthTask.java:lambda$logUnhealthyContainerStats$3(204)) - UNDER_REPLICATED **Container State Stats:** 
	
2024-04-06 10:34:16,178 [ContainerHealthTask] INFO  fsck.ContainerHealthTask (ContainerHealthTask.java:lambda$logUnhealthyContainerStats$3(204)) - MIS_REPLICATED **Container State Stats:** 
	
2024-04-06 10:34:16,179 [ContainerHealthTask] INFO  fsck.ContainerHealthTask (ContainerHealthTask.java:checkAndProcessContainers(179)) - Container Health task thread took 1 iterations to fetch all containers using batched approach with batch size of 1000
2024-04-06 10:34:16,329 [a40aef6e-dfc7-4141-9a41-17d72bf4eeff-PipelineCommandHandlerThread-0] INFO  segmented.SegmentedRaftLogWorker (SegmentedRaftLogWorker.java:close(245)) - a40aef6e-dfc7-4141-9a41-17d72bf4eeff@group-87AD1B61A246-SegmentedRaftLogWorker close()
2024-04-06 10:34:16,330 [a40aef6e-dfc7-4141-9a41-17d72bf4eeff-PipelineCommandHandlerThread-0] INFO  server.RaftServer$Division (RaftServerImpl.java:groupRemove(496)) - a40aef6e-dfc7-4141-9a41-17d72bf4eeff@group-87AD1B61A246: Succeed to remove RaftStorageDirectory Storage Directory /home/runner/work/ozone/ozone/hadoop-ozone/integration-test/target/test-dir/MiniOzoneClusterImpl-9e1941cb-56ba-429e-854d-1e52595ce6ec/ozone-meta/datanode-4/ratis/6caf9e5d-c9c4-4f3e-8e90-87ad1b61a246
2024-04-06 10:34:16,331 [a40aef6e-dfc7-4141-9a41-17d72bf4eeff-PipelineCommandHandlerThread-0] ERROR commandhandler.ClosePipelineCommandHandler (ClosePipelineCommandHandler.java:lambda$handle$2(137)) - Can't close pipeline PipelineID=6caf9e5d-c9c4-4f3e-8e90-87ad1b61a246
org.apache.ratis.protocol.exceptions.GroupMismatchException: a40aef6e-dfc7-4141-9a41-17d72bf4eeff: group-87AD1B61A246 not found.
	at org.apache.ratis.server.impl.RaftServerProxy$ImplMap.get(RaftServerProxy.java:154)
	at org.apache.ratis.server.impl.RaftServerProxy.getImplFuture(RaftServerProxy.java:364)
	at org.apache.ratis.server.impl.RaftServerProxy.getImpl(RaftServerProxy.java:373)
	at org.apache.ratis.server.impl.RaftServerProxy.getDivision(RaftServerProxy.java:386)
	at org.apache.hadoop.ozone.container.common.transport.server.ratis.XceiverServerRatis.getRaftPeersInPipeline(XceiverServerRatis.java:951)
	at org.apache.hadoop.ozone.container.common.statemachine.commandhandler.ClosePipelineCommandHandler.lambda$handle$2(ClosePipelineCommandHandler.java:114)
	at java.util.concurrent.CompletableFuture$AsyncRun.run(CompletableFuture.java:1640)
	at java.util.concurrent.ThreadPoolExecutor.runWorker(ThreadPoolExecutor.java:1149)
	at java.util.concurrent.ThreadPoolExecutor$Worker.run(ThreadPoolExecutor.java:624)
	at java.lang.Thread.run(Thread.java:750)
2024-04-06 10:34:16,365 [Recon-EventQueue-PipelineReportForReconPipelineReportHandler] INFO  scm.ReconPipelineReportHandler (ReconPipelineReportHandler.java:processPipelineReport(103)) - Pipeline RATIS/THREE PipelineID=25178013-1aaf-49ea-9109-82a21d15cbf7 reported by cc1e4d3c-2283-4c28-b737-db868cb45369(fv-az526-218.pah0jnozfufetaq2ul10ticbdc.dx.internal.cloudapp.net/10.1.0.10)
2024-04-06 10:34:16,628 [ReplicationMonitor] INFO  replication.ReplicationManager (ReplicationManager.java:processAll(399)) - Replication Monitor Thread took 0 milliseconds for processing 1 containers.
2024-04-06 10:34:16,766 [main] INFO  container.TestHelper (TestHelper.java:countReplicas(427)) - Container 1 has 3 replicas on [59c3495a-7636-40f9-8dfa-c28be8e98abd, cc1e4d3c-2283-4c28-b737-db868cb45369, d1715241-1ffa-4146-b219-94c9c0fc171f]
2024-04-06 10:34:17,047 [Recon-SyncOM-1] INFO  impl.OzoneManagerServiceProviderImpl (OzoneManagerServiceProviderImpl.java:syncDataFromOM(501)) - Syncing data from Ozone Manager.
2024-04-06 10:34:17,047 [Recon-SyncOM-1] INFO  impl.OzoneManagerServiceProviderImpl (OzoneManagerServiceProviderImpl.java:syncDataFromOM(511)) - Obtaining delta updates from Ozone Manager
2024-04-06 10:34:17,047 [Recon-SyncOM-1] INFO  impl.OzoneManagerServiceProviderImpl (OzoneManagerServiceProviderImpl.java:getAndApplyDeltaUpdatesFromOM(418)) - OriginalFromSequenceNumber : 15 
2024-04-06 10:34:17,048 [Recon-SyncOM-1] INFO  impl.OzoneManagerServiceProviderImpl (OzoneManagerServiceProviderImpl.java:innerGetAndApplyDeltaUpdatesFromOM(485)) - Number of updates received from OM : 0, SequenceNumber diff: 0, SequenceNumber Lag from OM 0, isDBUpdateSuccess: true
2024-04-06 10:34:17,048 [Recon-SyncOM-1] INFO  impl.OzoneManagerServiceProviderImpl (OzoneManagerServiceProviderImpl.java:getAndApplyDeltaUpdatesFromOM(438)) - Delta updates received from OM : 1 loops, 0 records
2024-04-06 10:34:17,179 [ContainerHealthTask] INFO  fsck.ContainerHealthTask (ContainerHealthTask.java:triggerContainerHealthCheck(140)) - Container Health task thread took 0 milliseconds to process 0 existing database records.
2024-04-06 10:34:17,182 [ContainerHealthTask] INFO  fsck.ContainerHealthTask (ContainerHealthTask.java:checkAndProcessContainers(166)) - Container Health task thread took 2 milliseconds for processing 1 containers.
2024-04-06 10:34:17,182 [ContainerHealthTask] INFO  fsck.ContainerHealthTask (ContainerHealthTask.java:lambda$logUnhealthyContainerStats$3(204)) - MISSING **Container State Stats:** 
	
2024-04-06 10:34:17,182 [ContainerHealthTask] INFO  fsck.ContainerHealthTask (ContainerHealthTask.java:lambda$logUnhealthyContainerStats$3(204)) - OVER_REPLICATED **Container State Stats:** 
	
2024-04-06 10:34:17,182 [ContainerHealthTask] INFO  fsck.ContainerHealthTask (ContainerHealthTask.java:lambda$logUnhealthyContainerStats$3(204)) - EMPTY_MISSING **Container State Stats:** 
	
2024-04-06 10:34:17,182 [ContainerHealthTask] INFO  fsck.ContainerHealthTask (ContainerHealthTask.java:lambda$logUnhealthyContainerStats$3(204)) - NEGATIVE_SIZE **Container State Stats:** 
	
2024-04-06 10:34:17,182 [ContainerHealthTask] INFO  fsck.ContainerHealthTask (ContainerHealthTask.java:lambda$logUnhealthyContainerStats$3(204)) - UNDER_REPLICATED **Container State Stats:** 
	
2024-04-06 10:34:17,182 [ContainerHealthTask] INFO  fsck.ContainerHealthTask (ContainerHealthTask.java:lambda$logUnhealthyContainerStats$3(204)) - MIS_REPLICATED **Container State Stats:** 
	
2024-04-06 10:34:17,182 [ContainerHealthTask] INFO  fsck.ContainerHealthTask (ContainerHealthTask.java:checkAndProcessContainers(179)) - Container Health task thread took 1 iterations to fetch all containers using batched approach with batch size of 1000
2024-04-06 10:34:17,280 [Recon-EventQueue-PipelineReportForReconPipelineReportHandler] INFO  scm.ReconPipelineReportHandler (ReconPipelineReportHandler.java:processPipelineReport(103)) - Pipeline RATIS/THREE PipelineID=25178013-1aaf-49ea-9109-82a21d15cbf7 reported by 59c3495a-7636-40f9-8dfa-c28be8e98abd(fv-az526-218.pah0jnozfufetaq2ul10ticbdc.dx.internal.cloudapp.net/10.1.0.10)
2024-04-06 10:34:17,326 [Recon-EventQueue-PipelineReportForReconPipelineReportHandler] INFO  scm.ReconPipelineReportHandler (ReconPipelineReportHandler.java:processPipelineReport(103)) - Pipeline RATIS/THREE PipelineID=25178013-1aaf-49ea-9109-82a21d15cbf7 reported by a40aef6e-dfc7-4141-9a41-17d72bf4eeff(fv-az526-218.pah0jnozfufetaq2ul10ticbdc.dx.internal.cloudapp.net/10.1.0.10)
2024-04-06 10:34:17,629 [ReplicationMonitor] INFO  replication.ReplicationManager (ReplicationManager.java:processAll(399)) - Replication Monitor Thread took 0 milliseconds for processing 1 containers.
2024-04-06 10:34:17,766 [main] INFO  container.TestHelper (TestHelper.java:countReplicas(427)) - Container 1 has 3 replicas on [59c3495a-7636-40f9-8dfa-c28be8e98abd, cc1e4d3c-2283-4c28-b737-db868cb45369, d1715241-1ffa-4146-b219-94c9c0fc171f]
2024-04-06 10:34:18,050 [Recon-SyncOM-1] INFO  impl.OzoneManagerServiceProviderImpl (OzoneManagerServiceProviderImpl.java:syncDataFromOM(501)) - Syncing data from Ozone Manager.
2024-04-06 10:34:18,050 [Recon-SyncOM-1] INFO  impl.OzoneManagerServiceProviderImpl (OzoneManagerServiceProviderImpl.java:syncDataFromOM(511)) - Obtaining delta updates from Ozone Manager
2024-04-06 10:34:18,050 [Recon-SyncOM-1] INFO  impl.OzoneManagerServiceProviderImpl (OzoneManagerServiceProviderImpl.java:getAndApplyDeltaUpdatesFromOM(418)) - OriginalFromSequenceNumber : 15 
2024-04-06 10:34:18,052 [Recon-SyncOM-1] INFO  impl.OzoneManagerServiceProviderImpl (OzoneManagerServiceProviderImpl.java:innerGetAndApplyDeltaUpdatesFromOM(485)) - Number of updates received from OM : 0, SequenceNumber diff: 0, SequenceNumber Lag from OM 0, isDBUpdateSuccess: true
2024-04-06 10:34:18,052 [Recon-SyncOM-1] INFO  impl.OzoneManagerServiceProviderImpl (OzoneManagerServiceProviderImpl.java:getAndApplyDeltaUpdatesFromOM(438)) - Delta updates received from OM : 1 loops, 0 records
2024-04-06 10:34:18,183 [ContainerHealthTask] INFO  fsck.ContainerHealthTask (ContainerHealthTask.java:triggerContainerHealthCheck(140)) - Container Health task thread took 1 milliseconds to process 0 existing database records.
2024-04-06 10:34:18,185 [ContainerHealthTask] INFO  fsck.ContainerHealthTask (ContainerHealthTask.java:checkAndProcessContainers(166)) - Container Health task thread took 2 milliseconds for processing 1 containers.
2024-04-06 10:34:18,185 [ContainerHealthTask] INFO  fsck.ContainerHealthTask (ContainerHealthTask.java:lambda$logUnhealthyContainerStats$3(204)) - MISSING **Container State Stats:** 
	
2024-04-06 10:34:18,185 [ContainerHealthTask] INFO  fsck.ContainerHealthTask (ContainerHealthTask.java:lambda$logUnhealthyContainerStats$3(204)) - OVER_REPLICATED **Container State Stats:** 
	
2024-04-06 10:34:18,185 [ContainerHealthTask] INFO  fsck.ContainerHealthTask (ContainerHealthTask.java:lambda$logUnhealthyContainerStats$3(204)) - EMPTY_MISSING **Container State Stats:** 
	
2024-04-06 10:34:18,185 [ContainerHealthTask] INFO  fsck.ContainerHealthTask (ContainerHealthTask.java:lambda$logUnhealthyContainerStats$3(204)) - NEGATIVE_SIZE **Container State Stats:** 
	
2024-04-06 10:34:18,185 [ContainerHealthTask] INFO  fsck.ContainerHealthTask (ContainerHealthTask.java:lambda$logUnhealthyContainerStats$3(204)) - UNDER_REPLICATED **Container State Stats:** 
	
2024-04-06 10:34:18,186 [ContainerHealthTask] INFO  fsck.ContainerHealthTask (ContainerHealthTask.java:lambda$logUnhealthyContainerStats$3(204)) - MIS_REPLICATED **Container State Stats:** 
	
2024-04-06 10:34:18,186 [ContainerHealthTask] INFO  fsck.ContainerHealthTask (ContainerHealthTask.java:checkAndProcessContainers(179)) - Container Health task thread took 1 iterations to fetch all containers using batched approach with batch size of 1000
2024-04-06 10:34:18,327 [Recon-EventQueue-PipelineReportForReconPipelineReportHandler] INFO  scm.ReconPipelineReportHandler (ReconPipelineReportHandler.java:processPipelineReport(103)) - Pipeline RATIS/THREE PipelineID=25178013-1aaf-49ea-9109-82a21d15cbf7 reported by a40aef6e-dfc7-4141-9a41-17d72bf4eeff(fv-az526-218.pah0jnozfufetaq2ul10ticbdc.dx.internal.cloudapp.net/10.1.0.10)
2024-04-06 10:34:18,363 [Recon-EventQueue-PipelineReportForReconPipelineReportHandler] INFO  scm.ReconPipelineReportHandler (ReconPipelineReportHandler.java:processPipelineReport(103)) - Pipeline RATIS/THREE PipelineID=25178013-1aaf-49ea-9109-82a21d15cbf7 reported by cc1e4d3c-2283-4c28-b737-db868cb45369(fv-az526-218.pah0jnozfufetaq2ul10ticbdc.dx.internal.cloudapp.net/10.1.0.10)
2024-04-06 10:34:18,629 [ReplicationMonitor] INFO  replication.ReplicationManager (ReplicationManager.java:processAll(399)) - Replication Monitor Thread took 0 milliseconds for processing 1 containers.
2024-04-06 10:34:18,767 [main] INFO  container.TestHelper (TestHelper.java:countReplicas(427)) - Container 1 has 3 replicas on [59c3495a-7636-40f9-8dfa-c28be8e98abd, cc1e4d3c-2283-4c28-b737-db868cb45369, d1715241-1ffa-4146-b219-94c9c0fc171f]
2024-04-06 10:34:19,056 [Recon-SyncOM-1] INFO  impl.OzoneManagerServiceProviderImpl (OzoneManagerServiceProviderImpl.java:syncDataFromOM(501)) - Syncing data from Ozone Manager.
2024-04-06 10:34:19,056 [Recon-SyncOM-1] INFO  impl.OzoneManagerServiceProviderImpl (OzoneManagerServiceProviderImpl.java:syncDataFromOM(511)) - Obtaining delta updates from Ozone Manager
2024-04-06 10:34:19,056 [Recon-SyncOM-1] INFO  impl.OzoneManagerServiceProviderImpl (OzoneManagerServiceProviderImpl.java:getAndApplyDeltaUpdatesFromOM(418)) - OriginalFromSequenceNumber : 15 
2024-04-06 10:34:19,057 [Recon-SyncOM-1] INFO  impl.OzoneManagerServiceProviderImpl (OzoneManagerServiceProviderImpl.java:innerGetAndApplyDeltaUpdatesFromOM(485)) - Number of updates received from OM : 0, SequenceNumber diff: 0, SequenceNumber Lag from OM 0, isDBUpdateSuccess: true
2024-04-06 10:34:19,058 [Recon-SyncOM-1] INFO  impl.OzoneManagerServiceProviderImpl (OzoneManagerServiceProviderImpl.java:getAndApplyDeltaUpdatesFromOM(438)) - Delta updates received from OM : 1 loops, 0 records
2024-04-06 10:34:19,186 [ContainerHealthTask] INFO  fsck.ContainerHealthTask (ContainerHealthTask.java:triggerContainerHealthCheck(140)) - Container Health task thread took 1 milliseconds to process 0 existing database records.
2024-04-06 10:34:19,188 [ContainerHealthTask] INFO  fsck.ContainerHealthTask (ContainerHealthTask.java:checkAndProcessContainers(166)) - Container Health task thread took 1 milliseconds for processing 1 containers.
2024-04-06 10:34:19,188 [ContainerHealthTask] INFO  fsck.ContainerHealthTask (ContainerHealthTask.java:lambda$logUnhealthyContainerStats$3(204)) - MISSING **Container State Stats:** 
	
2024-04-06 10:34:19,188 [ContainerHealthTask] INFO  fsck.ContainerHealthTask (ContainerHealthTask.java:lambda$logUnhealthyContainerStats$3(204)) - OVER_REPLICATED **Container State Stats:** 
	
2024-04-06 10:34:19,189 [ContainerHealthTask] INFO  fsck.ContainerHealthTask (ContainerHealthTask.java:lambda$logUnhealthyContainerStats$3(204)) - EMPTY_MISSING **Container State Stats:** 
	
2024-04-06 10:34:19,189 [ContainerHealthTask] INFO  fsck.ContainerHealthTask (ContainerHealthTask.java:lambda$logUnhealthyContainerStats$3(204)) - NEGATIVE_SIZE **Container State Stats:** 
	
2024-04-06 10:34:19,189 [ContainerHealthTask] INFO  fsck.ContainerHealthTask (ContainerHealthTask.java:lambda$logUnhealthyContainerStats$3(204)) - UNDER_REPLICATED **Container State Stats:** 
	
2024-04-06 10:34:19,189 [ContainerHealthTask] INFO  fsck.ContainerHealthTask (ContainerHealthTask.java:lambda$logUnhealthyContainerStats$3(204)) - MIS_REPLICATED **Container State Stats:** 
	
2024-04-06 10:34:19,189 [ContainerHealthTask] INFO  fsck.ContainerHealthTask (ContainerHealthTask.java:checkAndProcessContainers(179)) - Container Health task thread took 1 iterations to fetch all containers using batched approach with batch size of 1000
2024-04-06 10:34:19,280 [Recon-EventQueue-PipelineReportForReconPipelineReportHandler] INFO  scm.ReconPipelineReportHandler (ReconPipelineReportHandler.java:processPipelineReport(103)) - Pipeline RATIS/THREE PipelineID=25178013-1aaf-49ea-9109-82a21d15cbf7 reported by 59c3495a-7636-40f9-8dfa-c28be8e98abd(fv-az526-218.pah0jnozfufetaq2ul10ticbdc.dx.internal.cloudapp.net/10.1.0.10)
2024-04-06 10:34:19,326 [Recon-EventQueue-PipelineReportForReconPipelineReportHandler] INFO  scm.ReconPipelineReportHandler (ReconPipelineReportHandler.java:processPipelineReport(103)) - Pipeline RATIS/THREE PipelineID=25178013-1aaf-49ea-9109-82a21d15cbf7 reported by a40aef6e-dfc7-4141-9a41-17d72bf4eeff(fv-az526-218.pah0jnozfufetaq2ul10ticbdc.dx.internal.cloudapp.net/10.1.0.10)
2024-04-06 10:34:19,630 [ReplicationMonitor] INFO  replication.ReplicationManager (ReplicationManager.java:processAll(399)) - Replication Monitor Thread took 0 milliseconds for processing 1 containers.
2024-04-06 10:34:19,767 [main] INFO  container.TestHelper (TestHelper.java:countReplicas(427)) - Container 1 has 3 replicas on [59c3495a-7636-40f9-8dfa-c28be8e98abd, cc1e4d3c-2283-4c28-b737-db868cb45369, d1715241-1ffa-4146-b219-94c9c0fc171f]
2024-04-06 10:34:20,059 [Recon-SyncOM-1] INFO  impl.OzoneManagerServiceProviderImpl (OzoneManagerServiceProviderImpl.java:syncDataFromOM(501)) - Syncing data from Ozone Manager.
2024-04-06 10:34:20,059 [Recon-SyncOM-1] INFO  impl.OzoneManagerServiceProviderImpl (OzoneManagerServiceProviderImpl.java:syncDataFromOM(511)) - Obtaining delta updates from Ozone Manager
2024-04-06 10:34:20,059 [Recon-SyncOM-1] INFO  impl.OzoneManagerServiceProviderImpl (OzoneManagerServiceProviderImpl.java:getAndApplyDeltaUpdatesFromOM(418)) - OriginalFromSequenceNumber : 15 
2024-04-06 10:34:20,061 [Recon-SyncOM-1] INFO  impl.OzoneManagerServiceProviderImpl (OzoneManagerServiceProviderImpl.java:innerGetAndApplyDeltaUpdatesFromOM(485)) - Number of updates received from OM : 0, SequenceNumber diff: 0, SequenceNumber Lag from OM 0, isDBUpdateSuccess: true
2024-04-06 10:34:20,061 [Recon-SyncOM-1] INFO  impl.OzoneManagerServiceProviderImpl (OzoneManagerServiceProviderImpl.java:getAndApplyDeltaUpdatesFromOM(438)) - Delta updates received from OM : 1 loops, 0 records
2024-04-06 10:34:20,189 [ContainerHealthTask] INFO  fsck.ContainerHealthTask (ContainerHealthTask.java:triggerContainerHealthCheck(140)) - Container Health task thread took 1 milliseconds to process 0 existing database records.
2024-04-06 10:34:20,191 [ContainerHealthTask] INFO  fsck.ContainerHealthTask (ContainerHealthTask.java:checkAndProcessContainers(166)) - Container Health task thread took 1 milliseconds for processing 1 containers.
2024-04-06 10:34:20,191 [ContainerHealthTask] INFO  fsck.ContainerHealthTask (ContainerHealthTask.java:lambda$logUnhealthyContainerStats$3(204)) - MISSING **Container State Stats:** 
	
2024-04-06 10:34:20,191 [ContainerHealthTask] INFO  fsck.ContainerHealthTask (ContainerHealthTask.java:lambda$logUnhealthyContainerStats$3(204)) - OVER_REPLICATED **Container State Stats:** 
	
2024-04-06 10:34:20,191 [ContainerHealthTask] INFO  fsck.ContainerHealthTask (ContainerHealthTask.java:lambda$logUnhealthyContainerStats$3(204)) - EMPTY_MISSING **Container State Stats:** 
	
2024-04-06 10:34:20,191 [ContainerHealthTask] INFO  fsck.ContainerHealthTask (ContainerHealthTask.java:lambda$logUnhealthyContainerStats$3(204)) - NEGATIVE_SIZE **Container State Stats:** 
	
2024-04-06 10:34:20,192 [ContainerHealthTask] INFO  fsck.ContainerHealthTask (ContainerHealthTask.java:lambda$logUnhealthyContainerStats$3(204)) - UNDER_REPLICATED **Container State Stats:** 
	
2024-04-06 10:34:20,192 [ContainerHealthTask] INFO  fsck.ContainerHealthTask (ContainerHealthTask.java:lambda$logUnhealthyContainerStats$3(204)) - MIS_REPLICATED **Container State Stats:** 
	
2024-04-06 10:34:20,192 [ContainerHealthTask] INFO  fsck.ContainerHealthTask (ContainerHealthTask.java:checkAndProcessContainers(179)) - Container Health task thread took 1 iterations to fetch all containers using batched approach with batch size of 1000
2024-04-06 10:34:20,364 [Recon-EventQueue-PipelineReportForReconPipelineReportHandler] INFO  scm.ReconPipelineReportHandler (ReconPipelineReportHandler.java:processPipelineReport(103)) - Pipeline RATIS/THREE PipelineID=25178013-1aaf-49ea-9109-82a21d15cbf7 reported by cc1e4d3c-2283-4c28-b737-db868cb45369(fv-az526-218.pah0jnozfufetaq2ul10ticbdc.dx.internal.cloudapp.net/10.1.0.10)
2024-04-06 10:34:20,426 [59c3495a-7636-40f9-8dfa-c28be8e98abd@group-82A21D15CBF7-FollowerState] INFO  impl.FollowerState (FollowerState.java:run(143)) - 59c3495a-7636-40f9-8dfa-c28be8e98abd@group-82A21D15CBF7-FollowerState: change to CANDIDATE, lastRpcElapsedTime:5137988005ns, electionTimeout:5127ms
2024-04-06 10:34:20,426 [59c3495a-7636-40f9-8dfa-c28be8e98abd@group-82A21D15CBF7-FollowerState] INFO  impl.RoleInfo (RoleInfo.java:shutdownFollowerState(110)) - 59c3495a-7636-40f9-8dfa-c28be8e98abd: shutdown 59c3495a-7636-40f9-8dfa-c28be8e98abd@group-82A21D15CBF7-FollowerState
2024-04-06 10:34:20,426 [59c3495a-7636-40f9-8dfa-c28be8e98abd@group-82A21D15CBF7-FollowerState] INFO  server.RaftServer$Division (RaftServerImpl.java:setRole(383)) - 59c3495a-7636-40f9-8dfa-c28be8e98abd@group-82A21D15CBF7: changes role from  FOLLOWER to CANDIDATE at term 0 for changeToCandidate
2024-04-06 10:34:20,426 [59c3495a-7636-40f9-8dfa-c28be8e98abd@group-82A21D15CBF7-FollowerState] INFO  server.RaftServerConfigKeys (ConfUtils.java:logGet(46)) - raft.server.leaderelection.pre-vote = true (default)
2024-04-06 10:34:20,426 [59c3495a-7636-40f9-8dfa-c28be8e98abd@group-82A21D15CBF7-FollowerState] INFO  impl.RoleInfo (RoleInfo.java:updateAndGet(139)) - 59c3495a-7636-40f9-8dfa-c28be8e98abd: start 59c3495a-7636-40f9-8dfa-c28be8e98abd@group-82A21D15CBF7-LeaderElection12
2024-04-06 10:34:20,430 [59c3495a-7636-40f9-8dfa-c28be8e98abd@group-82A21D15CBF7-LeaderElection12] INFO  impl.LeaderElection (LeaderElection.java:askForVotes(321)) - 59c3495a-7636-40f9-8dfa-c28be8e98abd@group-82A21D15CBF7-LeaderElection12 PRE_VOTE round 0: submit vote requests at term 0 for -1: peers:[59c3495a-7636-40f9-8dfa-c28be8e98abd|10.1.0.10:15016, a40aef6e-dfc7-4141-9a41-17d72bf4eeff|10.1.0.10:15043, cc1e4d3c-2283-4c28-b737-db868cb45369|10.1.0.10:15025]|listeners:[], old=null
2024-04-06 10:34:20,430 [59c3495a-7636-40f9-8dfa-c28be8e98abd@group-82A21D15CBF7-LeaderElection12] INFO  server.RaftServerConfigKeys (ConfUtils.java:logFallback(53)) - raft.server.rpc.first-election.timeout.min = 5s (fallback to raft.server.rpc.timeout.min)
2024-04-06 10:34:20,430 [59c3495a-7636-40f9-8dfa-c28be8e98abd@group-82A21D15CBF7-LeaderElection12] INFO  server.RaftServerConfigKeys (ConfUtils.java:logFallback(53)) - raft.server.rpc.first-election.timeout.max = 5200ms (fallback to raft.server.rpc.timeout.max)
2024-04-06 10:34:20,432 [grpc-default-executor-6] INFO  server.RaftServer$Division (RaftServerImpl.java:requestVote(1389)) - a40aef6e-dfc7-4141-9a41-17d72bf4eeff@group-82A21D15CBF7: receive requestVote(PRE_VOTE, 59c3495a-7636-40f9-8dfa-c28be8e98abd, group-82A21D15CBF7, 0, (t:0, i:0))
2024-04-06 10:34:20,432 [grpc-default-executor-6] INFO  impl.VoteContext (VoteContext.java:log(49)) - a40aef6e-dfc7-4141-9a41-17d72bf4eeff@group-82A21D15CBF7-FOLLOWER: accept PRE_VOTE from 59c3495a-7636-40f9-8dfa-c28be8e98abd: our priority 0 <= candidate's priority 1
2024-04-06 10:34:20,433 [grpc-default-executor-6] INFO  server.RaftServer$Division (RaftServerImpl.java:requestVote(1422)) - a40aef6e-dfc7-4141-9a41-17d72bf4eeff@group-82A21D15CBF7 replies to PRE_VOTE vote request: 59c3495a-7636-40f9-8dfa-c28be8e98abd<-a40aef6e-dfc7-4141-9a41-17d72bf4eeff#0:OK-t0. Peer's state: a40aef6e-dfc7-4141-9a41-17d72bf4eeff@group-82A21D15CBF7:t0, leader=null, voted=, raftlog=Memoized:a40aef6e-dfc7-4141-9a41-17d72bf4eeff@group-82A21D15CBF7-SegmentedRaftLog:OPENED:c-1, conf=-1: peers:[59c3495a-7636-40f9-8dfa-c28be8e98abd|10.1.0.10:15016, a40aef6e-dfc7-4141-9a41-17d72bf4eeff|10.1.0.10:15043, cc1e4d3c-2283-4c28-b737-db868cb45369|10.1.0.10:15025]|listeners:[], old=null
2024-04-06 10:34:20,434 [grpc-default-executor-6] INFO  server.RaftServer$Division (RaftServerImpl.java:requestVote(1389)) - cc1e4d3c-2283-4c28-b737-db868cb45369@group-82A21D15CBF7: receive requestVote(PRE_VOTE, 59c3495a-7636-40f9-8dfa-c28be8e98abd, group-82A21D15CBF7, 0, (t:0, i:0))
2024-04-06 10:34:20,434 [59c3495a-7636-40f9-8dfa-c28be8e98abd@group-82A21D15CBF7-LeaderElection12] INFO  impl.LeaderElection (LeaderElection.java:logAndReturn(89)) - 59c3495a-7636-40f9-8dfa-c28be8e98abd@group-82A21D15CBF7-LeaderElection12: PRE_VOTE PASSED received 1 response(s) and 0 exception(s):
2024-04-06 10:34:20,434 [grpc-default-executor-6] INFO  impl.VoteContext (VoteContext.java:log(49)) - cc1e4d3c-2283-4c28-b737-db868cb45369@group-82A21D15CBF7-FOLLOWER: accept PRE_VOTE from 59c3495a-7636-40f9-8dfa-c28be8e98abd: our priority 0 <= candidate's priority 1
2024-04-06 10:34:20,435 [grpc-default-executor-6] INFO  server.RaftServer$Division (RaftServerImpl.java:requestVote(1422)) - cc1e4d3c-2283-4c28-b737-db868cb45369@group-82A21D15CBF7 replies to PRE_VOTE vote request: 59c3495a-7636-40f9-8dfa-c28be8e98abd<-cc1e4d3c-2283-4c28-b737-db868cb45369#0:OK-t0. Peer's state: cc1e4d3c-2283-4c28-b737-db868cb45369@group-82A21D15CBF7:t0, leader=null, voted=, raftlog=Memoized:cc1e4d3c-2283-4c28-b737-db868cb45369@group-82A21D15CBF7-SegmentedRaftLog:OPENED:c-1, conf=-1: peers:[59c3495a-7636-40f9-8dfa-c28be8e98abd|10.1.0.10:15016, a40aef6e-dfc7-4141-9a41-17d72bf4eeff|10.1.0.10:15043, cc1e4d3c-2283-4c28-b737-db868cb45369|10.1.0.10:15025]|listeners:[], old=null
2024-04-06 10:34:20,435 [59c3495a-7636-40f9-8dfa-c28be8e98abd@group-82A21D15CBF7-LeaderElection12] INFO  impl.LeaderElection (LeaderElection.java:logAndReturn(93)) -   Response 0: 59c3495a-7636-40f9-8dfa-c28be8e98abd<-a40aef6e-dfc7-4141-9a41-17d72bf4eeff#0:OK-t0
2024-04-06 10:34:20,435 [59c3495a-7636-40f9-8dfa-c28be8e98abd@group-82A21D15CBF7-LeaderElection12] INFO  impl.LeaderElection (LeaderElection.java:askForVotes(323)) - 59c3495a-7636-40f9-8dfa-c28be8e98abd@group-82A21D15CBF7-LeaderElection12 PRE_VOTE round 0: result PASSED
2024-04-06 10:34:20,436 [59c3495a-7636-40f9-8dfa-c28be8e98abd@group-82A21D15CBF7-LeaderElection12] INFO  impl.LeaderElection (LeaderElection.java:askForVotes(321)) - 59c3495a-7636-40f9-8dfa-c28be8e98abd@group-82A21D15CBF7-LeaderElection12 ELECTION round 0: submit vote requests at term 1 for -1: peers:[59c3495a-7636-40f9-8dfa-c28be8e98abd|10.1.0.10:15016, a40aef6e-dfc7-4141-9a41-17d72bf4eeff|10.1.0.10:15043, cc1e4d3c-2283-4c28-b737-db868cb45369|10.1.0.10:15025]|listeners:[], old=null
2024-04-06 10:34:20,437 [59c3495a-7636-40f9-8dfa-c28be8e98abd@group-82A21D15CBF7-LeaderElection12] INFO  server.RaftServerConfigKeys (ConfUtils.java:logFallback(53)) - raft.server.rpc.first-election.timeout.min = 5s (fallback to raft.server.rpc.timeout.min)
2024-04-06 10:34:20,437 [59c3495a-7636-40f9-8dfa-c28be8e98abd@group-82A21D15CBF7-LeaderElection12] INFO  server.RaftServerConfigKeys (ConfUtils.java:logFallback(53)) - raft.server.rpc.first-election.timeout.max = 5200ms (fallback to raft.server.rpc.timeout.max)
2024-04-06 10:34:20,439 [grpc-default-executor-6] INFO  server.RaftServer$Division (RaftServerImpl.java:requestVote(1389)) - a40aef6e-dfc7-4141-9a41-17d72bf4eeff@group-82A21D15CBF7: receive requestVote(ELECTION, 59c3495a-7636-40f9-8dfa-c28be8e98abd, group-82A21D15CBF7, 1, (t:0, i:0))
2024-04-06 10:34:20,439 [grpc-default-executor-6] INFO  impl.VoteContext (VoteContext.java:log(49)) - a40aef6e-dfc7-4141-9a41-17d72bf4eeff@group-82A21D15CBF7-FOLLOWER: accept ELECTION from 59c3495a-7636-40f9-8dfa-c28be8e98abd: our priority 0 <= candidate's priority 1
2024-04-06 10:34:20,439 [grpc-default-executor-6] INFO  server.RaftServer$Division (RaftServerImpl.java:setRole(383)) - a40aef6e-dfc7-4141-9a41-17d72bf4eeff@group-82A21D15CBF7: changes role from  FOLLOWER to FOLLOWER at term 1 for candidate:59c3495a-7636-40f9-8dfa-c28be8e98abd
2024-04-06 10:34:20,439 [grpc-default-executor-6] INFO  impl.RoleInfo (RoleInfo.java:shutdownFollowerState(110)) - a40aef6e-dfc7-4141-9a41-17d72bf4eeff: shutdown a40aef6e-dfc7-4141-9a41-17d72bf4eeff@group-82A21D15CBF7-FollowerState
2024-04-06 10:34:20,439 [grpc-default-executor-6] INFO  impl.RoleInfo (RoleInfo.java:updateAndGet(139)) - a40aef6e-dfc7-4141-9a41-17d72bf4eeff: start a40aef6e-dfc7-4141-9a41-17d72bf4eeff@group-82A21D15CBF7-FollowerState
2024-04-06 10:34:20,439 [a40aef6e-dfc7-4141-9a41-17d72bf4eeff@group-82A21D15CBF7-FollowerState] INFO  impl.FollowerState (FollowerState.java:run(152)) - a40aef6e-dfc7-4141-9a41-17d72bf4eeff@group-82A21D15CBF7-FollowerState was interrupted
2024-04-06 10:34:20,443 [grpc-default-executor-2] INFO  server.RaftServer$Division (RaftServerImpl.java:requestVote(1389)) - cc1e4d3c-2283-4c28-b737-db868cb45369@group-82A21D15CBF7: receive requestVote(ELECTION, 59c3495a-7636-40f9-8dfa-c28be8e98abd, group-82A21D15CBF7, 1, (t:0, i:0))
2024-04-06 10:34:20,443 [grpc-default-executor-6] INFO  server.RaftServer$Division (RaftServerImpl.java:setFirstElection(574)) - a40aef6e-dfc7-4141-9a41-17d72bf4eeff@group-82A21D15CBF7: set firstElectionSinceStartup to false for candidate:59c3495a-7636-40f9-8dfa-c28be8e98abd
2024-04-06 10:34:20,445 [grpc-default-executor-2] INFO  impl.VoteContext (VoteContext.java:log(49)) - cc1e4d3c-2283-4c28-b737-db868cb45369@group-82A21D15CBF7-FOLLOWER: accept ELECTION from 59c3495a-7636-40f9-8dfa-c28be8e98abd: our priority 0 <= candidate's priority 1
2024-04-06 10:34:20,445 [grpc-default-executor-2] INFO  server.RaftServer$Division (RaftServerImpl.java:setRole(383)) - cc1e4d3c-2283-4c28-b737-db868cb45369@group-82A21D15CBF7: changes role from  FOLLOWER to FOLLOWER at term 1 for candidate:59c3495a-7636-40f9-8dfa-c28be8e98abd
2024-04-06 10:34:20,445 [grpc-default-executor-2] INFO  impl.RoleInfo (RoleInfo.java:shutdownFollowerState(110)) - cc1e4d3c-2283-4c28-b737-db868cb45369: shutdown cc1e4d3c-2283-4c28-b737-db868cb45369@group-82A21D15CBF7-FollowerState
2024-04-06 10:34:20,445 [grpc-default-executor-2] INFO  impl.RoleInfo (RoleInfo.java:updateAndGet(139)) - cc1e4d3c-2283-4c28-b737-db868cb45369: start cc1e4d3c-2283-4c28-b737-db868cb45369@group-82A21D15CBF7-FollowerState
2024-04-06 10:34:20,445 [cc1e4d3c-2283-4c28-b737-db868cb45369@group-82A21D15CBF7-FollowerState] INFO  impl.FollowerState (FollowerState.java:run(152)) - cc1e4d3c-2283-4c28-b737-db868cb45369@group-82A21D15CBF7-FollowerState was interrupted
2024-04-06 10:34:20,445 [grpc-default-executor-2] INFO  server.RaftServer$Division (RaftServerImpl.java:setFirstElection(574)) - cc1e4d3c-2283-4c28-b737-db868cb45369@group-82A21D15CBF7: set firstElectionSinceStartup to false for candidate:59c3495a-7636-40f9-8dfa-c28be8e98abd
2024-04-06 10:34:20,446 [grpc-default-executor-6] INFO  server.RaftServer$Division (RaftServerImpl.java:requestVote(1422)) - a40aef6e-dfc7-4141-9a41-17d72bf4eeff@group-82A21D15CBF7 replies to ELECTION vote request: 59c3495a-7636-40f9-8dfa-c28be8e98abd<-a40aef6e-dfc7-4141-9a41-17d72bf4eeff#0:OK-t1. Peer's state: a40aef6e-dfc7-4141-9a41-17d72bf4eeff@group-82A21D15CBF7:t1, leader=null, voted=59c3495a-7636-40f9-8dfa-c28be8e98abd, raftlog=Memoized:a40aef6e-dfc7-4141-9a41-17d72bf4eeff@group-82A21D15CBF7-SegmentedRaftLog:OPENED:c-1, conf=-1: peers:[59c3495a-7636-40f9-8dfa-c28be8e98abd|10.1.0.10:15016, a40aef6e-dfc7-4141-9a41-17d72bf4eeff|10.1.0.10:15043, cc1e4d3c-2283-4c28-b737-db868cb45369|10.1.0.10:15025]|listeners:[], old=null
2024-04-06 10:34:20,446 [grpc-default-executor-2] INFO  server.RaftServer$Division (RaftServerImpl.java:requestVote(1422)) - cc1e4d3c-2283-4c28-b737-db868cb45369@group-82A21D15CBF7 replies to ELECTION vote request: 59c3495a-7636-40f9-8dfa-c28be8e98abd<-cc1e4d3c-2283-4c28-b737-db868cb45369#0:OK-t1. Peer's state: cc1e4d3c-2283-4c28-b737-db868cb45369@group-82A21D15CBF7:t1, leader=null, voted=59c3495a-7636-40f9-8dfa-c28be8e98abd, raftlog=Memoized:cc1e4d3c-2283-4c28-b737-db868cb45369@group-82A21D15CBF7-SegmentedRaftLog:OPENED:c-1, conf=-1: peers:[59c3495a-7636-40f9-8dfa-c28be8e98abd|10.1.0.10:15016, a40aef6e-dfc7-4141-9a41-17d72bf4eeff|10.1.0.10:15043, cc1e4d3c-2283-4c28-b737-db868cb45369|10.1.0.10:15025]|listeners:[], old=null
2024-04-06 10:34:20,447 [59c3495a-7636-40f9-8dfa-c28be8e98abd@group-82A21D15CBF7-LeaderElection12] INFO  impl.LeaderElection (LeaderElection.java:logAndReturn(89)) - 59c3495a-7636-40f9-8dfa-c28be8e98abd@group-82A21D15CBF7-LeaderElection12: ELECTION PASSED received 1 response(s) and 0 exception(s):
2024-04-06 10:34:20,447 [59c3495a-7636-40f9-8dfa-c28be8e98abd@group-82A21D15CBF7-LeaderElection12] INFO  impl.LeaderElection (LeaderElection.java:logAndReturn(93)) -   Response 0: 59c3495a-7636-40f9-8dfa-c28be8e98abd<-cc1e4d3c-2283-4c28-b737-db868cb45369#0:OK-t1
2024-04-06 10:34:20,447 [59c3495a-7636-40f9-8dfa-c28be8e98abd@group-82A21D15CBF7-LeaderElection12] INFO  impl.LeaderElection (LeaderElection.java:askForVotes(323)) - 59c3495a-7636-40f9-8dfa-c28be8e98abd@group-82A21D15CBF7-LeaderElection12 ELECTION round 0: result PASSED
2024-04-06 10:34:20,447 [59c3495a-7636-40f9-8dfa-c28be8e98abd@group-82A21D15CBF7-LeaderElection12] INFO  impl.RoleInfo (RoleInfo.java:shutdownLeaderElection(130)) - 59c3495a-7636-40f9-8dfa-c28be8e98abd: shutdown 59c3495a-7636-40f9-8dfa-c28be8e98abd@group-82A21D15CBF7-LeaderElection12
2024-04-06 10:34:20,448 [59c3495a-7636-40f9-8dfa-c28be8e98abd@group-82A21D15CBF7-LeaderElection12] INFO  server.RaftServer$Division (RaftServerImpl.java:setRole(383)) - 59c3495a-7636-40f9-8dfa-c28be8e98abd@group-82A21D15CBF7: changes role from CANDIDATE to LEADER at term 1 for changeToLeader
2024-04-06 10:34:20,448 [59c3495a-7636-40f9-8dfa-c28be8e98abd@group-82A21D15CBF7-LeaderElection12] INFO  server.RaftServerConfigKeys (ConfUtils.java:logGet(46)) - raft.server.staging.catchup.gap = 1000 (default)
2024-04-06 10:34:20,448 [59c3495a-7636-40f9-8dfa-c28be8e98abd@group-82A21D15CBF7-LeaderElection12] INFO  server.RaftServerConfigKeys (ConfUtils.java:logGet(46)) - raft.server.write.element-limit = 1024 (custom)
2024-04-06 10:34:20,448 [59c3495a-7636-40f9-8dfa-c28be8e98abd@group-82A21D15CBF7-LeaderElection12] INFO  server.RaftServerConfigKeys (ConfUtils.java:logGet(46)) - raft.server.write.byte-limit = 1024 M (=1073741824) (custom)
2024-04-06 10:34:20,448 [59c3495a-7636-40f9-8dfa-c28be8e98abd@group-82A21D15CBF7-LeaderElection12] INFO  server.RaftServerConfigKeys (ConfUtils.java:logGet(46)) - raft.server.watch.timeout = 180s (custom)
2024-04-06 10:34:20,448 [59c3495a-7636-40f9-8dfa-c28be8e98abd@group-82A21D15CBF7-LeaderElection12] INFO  server.RaftServerConfigKeys (ConfUtils.java:logGet(46)) - raft.server.watch.timeout.denomination = 1s (default)
2024-04-06 10:34:20,448 [59c3495a-7636-40f9-8dfa-c28be8e98abd@group-82A21D15CBF7-LeaderElection12] INFO  server.RaftServerConfigKeys (ConfUtils.java:logGet(46)) - raft.server.watch.element-limit = 65536 (default)
2024-04-06 10:34:20,449 [59c3495a-7636-40f9-8dfa-c28be8e98abd@group-82A21D15CBF7-LeaderElection12] INFO  server.RaftServerConfigKeys (ConfUtils.java:logGet(46)) - raft.server.read.leader.lease.enabled = false (default)
2024-04-06 10:34:20,449 [59c3495a-7636-40f9-8dfa-c28be8e98abd@group-82A21D15CBF7-LeaderElection12] INFO  server.RaftServerConfigKeys (ConfUtils.java:logGet(46)) - raft.server.read.leader.lease.timeout.ratio = 0.9 (default)
2024-04-06 10:34:20,449 [59c3495a-7636-40f9-8dfa-c28be8e98abd@group-82A21D15CBF7-LeaderElection12] INFO  server.RaftServerConfigKeys (ConfUtils.java:logGet(46)) - raft.server.rpc.timeout.min = 5s (custom)
2024-04-06 10:34:20,449 [59c3495a-7636-40f9-8dfa-c28be8e98abd@group-82A21D15CBF7-LeaderElection12] INFO  server.RaftServerConfigKeys (ConfUtils.java:logGet(46)) - raft.server.write.element-limit = 1024 (custom)
2024-04-06 10:34:20,449 [59c3495a-7636-40f9-8dfa-c28be8e98abd@group-82A21D15CBF7-LeaderElection12] INFO  server.RaftServerConfigKeys (ConfUtils.java:logGet(46)) - raft.server.write.follower.gap.ratio.max = -1.0 (default)
2024-04-06 10:34:20,449 [59c3495a-7636-40f9-8dfa-c28be8e98abd@group-82A21D15CBF7-LeaderElection12] INFO  server.RaftServerConfigKeys (ConfUtils.java:logGet(46)) - raft.server.log.appender.snapshot.chunk.size.max = 16MB (=16777216) (default)
2024-04-06 10:34:20,449 [59c3495a-7636-40f9-8dfa-c28be8e98abd@group-82A21D15CBF7-LeaderElection12] INFO  server.RaftServerConfigKeys (ConfUtils.java:logGet(46)) - raft.server.log.appender.buffer.byte-limit = 8388608 (custom)
2024-04-06 10:34:20,450 [59c3495a-7636-40f9-8dfa-c28be8e98abd@group-82A21D15CBF7-LeaderElection12] INFO  server.RaftServerConfigKeys (ConfUtils.java:logGet(46)) - raft.server.log.appender.buffer.element-limit = 1 (custom)
2024-04-06 10:34:20,450 [59c3495a-7636-40f9-8dfa-c28be8e98abd@group-82A21D15CBF7-LeaderElection12] INFO  server.RaftServerConfigKeys (ConfUtils.java:logGet(46)) - raft.server.log.appender.wait-time.min = 0μs (custom)
2024-04-06 10:34:20,450 [59c3495a-7636-40f9-8dfa-c28be8e98abd@group-82A21D15CBF7-LeaderElection12] INFO  grpc.GrpcConfigKeys (ConfUtils.java:logGet(46)) - raft.grpc.server.leader.outstanding.appends.max = 8 (default)
2024-04-06 10:34:20,450 [59c3495a-7636-40f9-8dfa-c28be8e98abd@group-82A21D15CBF7-LeaderElection12] INFO  server.RaftServerConfigKeys (ConfUtils.java:logGet(46)) - raft.server.rpc.request.timeout = 60s (custom)
2024-04-06 10:34:20,450 [59c3495a-7636-40f9-8dfa-c28be8e98abd@group-82A21D15CBF7-LeaderElection12] INFO  grpc.GrpcConfigKeys (ConfUtils.java:logGet(46)) - raft.grpc.server.install_snapshot.request.element-limit = 8 (default)
2024-04-06 10:34:20,450 [59c3495a-7636-40f9-8dfa-c28be8e98abd@group-82A21D15CBF7-LeaderElection12] INFO  grpc.GrpcConfigKeys (ConfUtils.java:logGet(46)) - raft.grpc.server.install_snapshot.request.timeout = 3000ms (default)
2024-04-06 10:34:20,450 [59c3495a-7636-40f9-8dfa-c28be8e98abd@group-82A21D15CBF7-LeaderElection12] INFO  grpc.GrpcConfigKeys (ConfUtils.java:logGet(46)) - raft.grpc.server.log-message.batch.duration = 5s (default)
2024-04-06 10:34:20,450 [59c3495a-7636-40f9-8dfa-c28be8e98abd@group-82A21D15CBF7-LeaderElection12] INFO  server.RaftServerConfigKeys (ConfUtils.java:logGet(46)) - raft.server.log.appender.install.snapshot.enabled = false (custom)
2024-04-06 10:34:20,450 [59c3495a-7636-40f9-8dfa-c28be8e98abd@group-82A21D15CBF7-LeaderElection12] INFO  grpc.GrpcConfigKeys (ConfUtils.java:logGet(46)) - raft.grpc.server.heartbeat.channel = true (default)
2024-04-06 10:34:20,451 [59c3495a-7636-40f9-8dfa-c28be8e98abd@group-82A21D15CBF7-LeaderElection12] INFO  server.RaftServerConfigKeys (ConfUtils.java:logGet(46)) - raft.server.log.appender.snapshot.chunk.size.max = 16MB (=16777216) (default)
2024-04-06 10:34:20,451 [59c3495a-7636-40f9-8dfa-c28be8e98abd@group-82A21D15CBF7-LeaderElection12] INFO  server.RaftServerConfigKeys (ConfUtils.java:logGet(46)) - raft.server.log.appender.buffer.byte-limit = 8388608 (custom)
2024-04-06 10:34:20,451 [59c3495a-7636-40f9-8dfa-c28be8e98abd@group-82A21D15CBF7-LeaderElection12] INFO  server.RaftServerConfigKeys (ConfUtils.java:logGet(46)) - raft.server.log.appender.buffer.element-limit = 1 (custom)
2024-04-06 10:34:20,452 [59c3495a-7636-40f9-8dfa-c28be8e98abd@group-82A21D15CBF7-LeaderElection12] INFO  server.RaftServerConfigKeys (ConfUtils.java:logGet(46)) - raft.server.log.appender.wait-time.min = 0μs (custom)
2024-04-06 10:34:20,452 [59c3495a-7636-40f9-8dfa-c28be8e98abd@group-82A21D15CBF7-LeaderElection12] INFO  grpc.GrpcConfigKeys (ConfUtils.java:logGet(46)) - raft.grpc.server.leader.outstanding.appends.max = 8 (default)
2024-04-06 10:34:20,452 [59c3495a-7636-40f9-8dfa-c28be8e98abd@group-82A21D15CBF7-LeaderElection12] INFO  server.RaftServerConfigKeys (ConfUtils.java:logGet(46)) - raft.server.rpc.request.timeout = 60s (custom)
2024-04-06 10:34:20,452 [59c3495a-7636-40f9-8dfa-c28be8e98abd@group-82A21D15CBF7-LeaderElection12] INFO  grpc.GrpcConfigKeys (ConfUtils.java:logGet(46)) - raft.grpc.server.install_snapshot.request.element-limit = 8 (default)
2024-04-06 10:34:20,452 [59c3495a-7636-40f9-8dfa-c28be8e98abd@group-82A21D15CBF7-LeaderElection12] INFO  grpc.GrpcConfigKeys (ConfUtils.java:logGet(46)) - raft.grpc.server.install_snapshot.request.timeout = 3000ms (default)
2024-04-06 10:34:20,452 [59c3495a-7636-40f9-8dfa-c28be8e98abd@group-82A21D15CBF7-LeaderElection12] INFO  grpc.GrpcConfigKeys (ConfUtils.java:logGet(46)) - raft.grpc.server.log-message.batch.duration = 5s (default)
2024-04-06 10:34:20,452 [59c3495a-7636-40f9-8dfa-c28be8e98abd@group-82A21D15CBF7-LeaderElection12] INFO  server.RaftServerConfigKeys (ConfUtils.java:logGet(46)) - raft.server.log.appender.install.snapshot.enabled = false (custom)
2024-04-06 10:34:20,452 [59c3495a-7636-40f9-8dfa-c28be8e98abd@group-82A21D15CBF7-LeaderElection12] INFO  grpc.GrpcConfigKeys (ConfUtils.java:logGet(46)) - raft.grpc.server.heartbeat.channel = true (default)
2024-04-06 10:34:20,452 [59c3495a-7636-40f9-8dfa-c28be8e98abd@group-82A21D15CBF7-LeaderElection12] INFO  impl.RoleInfo (RoleInfo.java:updateAndGet(139)) - 59c3495a-7636-40f9-8dfa-c28be8e98abd: start 59c3495a-7636-40f9-8dfa-c28be8e98abd@group-82A21D15CBF7-LeaderStateImpl
2024-04-06 10:34:20,452 [59c3495a-7636-40f9-8dfa-c28be8e98abd@group-82A21D15CBF7-LeaderElection12] INFO  server.RaftServer$Division (RaftServerImpl.java:setFirstElection(574)) - 59c3495a-7636-40f9-8dfa-c28be8e98abd@group-82A21D15CBF7: set firstElectionSinceStartup to false for becomeLeader
2024-04-06 10:34:20,452 [59c3495a-7636-40f9-8dfa-c28be8e98abd@group-82A21D15CBF7-LeaderElection12] INFO  ratis.XceiverServerRatis (XceiverServerRatis.java:handleLeaderChangedNotification(966)) - Leader change notification received for group: group-82A21D15CBF7 with new leaderId: 59c3495a-7636-40f9-8dfa-c28be8e98abd
2024-04-06 10:34:20,453 [59c3495a-7636-40f9-8dfa-c28be8e98abd@group-82A21D15CBF7-LeaderElection12] INFO  server.RaftServer$Division (ServerState.java:setLeader(269)) - 59c3495a-7636-40f9-8dfa-c28be8e98abd@group-82A21D15CBF7: change Leader from null to 59c3495a-7636-40f9-8dfa-c28be8e98abd at term 1 for becomeLeader, leader elected after 5181ms
2024-04-06 10:34:20,453 [59c3495a-7636-40f9-8dfa-c28be8e98abd@group-82A21D15CBF7-LeaderElection12] INFO  segmented.SegmentedRaftLogWorker (SegmentedRaftLogWorker.java:startLogSegment(430)) - 59c3495a-7636-40f9-8dfa-c28be8e98abd@group-82A21D15CBF7-SegmentedRaftLogWorker: Starting segment from index:0
2024-04-06 10:34:20,454 [59c3495a-7636-40f9-8dfa-c28be8e98abd@group-82A21D15CBF7-LeaderElection12] INFO  server.RaftServer$Division (ServerState.java:setRaftConf(386)) - 59c3495a-7636-40f9-8dfa-c28be8e98abd@group-82A21D15CBF7: set configuration 0: peers:[59c3495a-7636-40f9-8dfa-c28be8e98abd|10.1.0.10:15016, a40aef6e-dfc7-4141-9a41-17d72bf4eeff|10.1.0.10:15043, cc1e4d3c-2283-4c28-b737-db868cb45369|10.1.0.10:15025]|listeners:[], old=null
2024-04-06 10:34:20,455 [59c3495a-7636-40f9-8dfa-c28be8e98abd@group-82A21D15CBF7-SegmentedRaftLogWorker] INFO  segmented.BufferedWriteChannel (BufferedWriteChannel.java:open(62)) - open log_inprogress_0 at position 0
2024-04-06 10:34:20,455 [Recon-EventQueue-PipelineReportForReconPipelineReportHandler] INFO  scm.ReconPipelineReportHandler (ReconPipelineReportHandler.java:processPipelineReport(103)) - Pipeline RATIS/THREE PipelineID=25178013-1aaf-49ea-9109-82a21d15cbf7 reported by 59c3495a-7636-40f9-8dfa-c28be8e98abd(fv-az526-218.pah0jnozfufetaq2ul10ticbdc.dx.internal.cloudapp.net/10.1.0.10)
2024-04-06 10:34:20,456 [EventQueue-PipelineReportForPipelineReportHandler] INFO  pipeline.PipelineReportHandler (PipelineReportHandler.java:processPipelineReport(136)) - Opened pipeline PipelineID=25178013-1aaf-49ea-9109-82a21d15cbf7
2024-04-06 10:34:20,460 [cc1e4d3c-2283-4c28-b737-db868cb45369-server-thread1] INFO  ratis.XceiverServerRatis (XceiverServerRatis.java:handleLeaderChangedNotification(966)) - Leader change notification received for group: group-82A21D15CBF7 with new leaderId: 59c3495a-7636-40f9-8dfa-c28be8e98abd
2024-04-06 10:34:20,460 [cc1e4d3c-2283-4c28-b737-db868cb45369-server-thread1] INFO  server.RaftServer$Division (ServerState.java:setLeader(269)) - cc1e4d3c-2283-4c28-b737-db868cb45369@group-82A21D15CBF7: change Leader from null to 59c3495a-7636-40f9-8dfa-c28be8e98abd at term 1 for appendEntries, leader elected after 5103ms
2024-04-06 10:34:20,468 [59c3495a-7636-40f9-8dfa-c28be8e98abd@group-82A21D15CBF7-SegmentedRaftLogWorker] INFO  segmented.SegmentedRaftLogWorker (SegmentedRaftLogWorker.java:execute(634)) - 59c3495a-7636-40f9-8dfa-c28be8e98abd@group-82A21D15CBF7-SegmentedRaftLogWorker: created new log segment /home/runner/work/ozone/ozone/hadoop-ozone/integration-test/target/test-dir/MiniOzoneClusterImpl-9e1941cb-56ba-429e-854d-1e52595ce6ec/ozone-meta/datanode-1/ratis/25178013-1aaf-49ea-9109-82a21d15cbf7/current/log_inprogress_0
2024-04-06 10:34:20,487 [a40aef6e-dfc7-4141-9a41-17d72bf4eeff-server-thread2] INFO  ratis.XceiverServerRatis (XceiverServerRatis.java:handleLeaderChangedNotification(966)) - Leader change notification received for group: group-82A21D15CBF7 with new leaderId: 59c3495a-7636-40f9-8dfa-c28be8e98abd
2024-04-06 10:34:20,488 [a40aef6e-dfc7-4141-9a41-17d72bf4eeff-server-thread2] INFO  server.RaftServer$Division (ServerState.java:setLeader(269)) - a40aef6e-dfc7-4141-9a41-17d72bf4eeff@group-82A21D15CBF7: change Leader from null to 59c3495a-7636-40f9-8dfa-c28be8e98abd at term 1 for appendEntries, leader elected after 5171ms
2024-04-06 10:34:20,489 [cc1e4d3c-2283-4c28-b737-db868cb45369-server-thread3] INFO  server.RaftServer$Division (ServerState.java:setRaftConf(386)) - cc1e4d3c-2283-4c28-b737-db868cb45369@group-82A21D15CBF7: set configuration 0: peers:[59c3495a-7636-40f9-8dfa-c28be8e98abd|10.1.0.10:15016, a40aef6e-dfc7-4141-9a41-17d72bf4eeff|10.1.0.10:15043, cc1e4d3c-2283-4c28-b737-db868cb45369|10.1.0.10:15025]|listeners:[], old=null
2024-04-06 10:34:20,489 [a40aef6e-dfc7-4141-9a41-17d72bf4eeff-server-thread2] INFO  server.RaftServer$Division (ServerState.java:setRaftConf(386)) - a40aef6e-dfc7-4141-9a41-17d72bf4eeff@group-82A21D15CBF7: set configuration 0: peers:[59c3495a-7636-40f9-8dfa-c28be8e98abd|10.1.0.10:15016, a40aef6e-dfc7-4141-9a41-17d72bf4eeff|10.1.0.10:15043, cc1e4d3c-2283-4c28-b737-db868cb45369|10.1.0.10:15025]|listeners:[], old=null
2024-04-06 10:34:20,489 [a40aef6e-dfc7-4141-9a41-17d72bf4eeff-server-thread2] INFO  segmented.SegmentedRaftLogWorker (SegmentedRaftLogWorker.java:startLogSegment(430)) - a40aef6e-dfc7-4141-9a41-17d72bf4eeff@group-82A21D15CBF7-SegmentedRaftLogWorker: Starting segment from index:0
2024-04-06 10:34:20,489 [cc1e4d3c-2283-4c28-b737-db868cb45369-server-thread3] INFO  segmented.SegmentedRaftLogWorker (SegmentedRaftLogWorker.java:startLogSegment(430)) - cc1e4d3c-2283-4c28-b737-db868cb45369@group-82A21D15CBF7-SegmentedRaftLogWorker: Starting segment from index:0
2024-04-06 10:34:20,490 [a40aef6e-dfc7-4141-9a41-17d72bf4eeff@group-82A21D15CBF7-SegmentedRaftLogWorker] INFO  segmented.BufferedWriteChannel (BufferedWriteChannel.java:open(62)) - open log_inprogress_0 at position 0
2024-04-06 10:34:20,491 [cc1e4d3c-2283-4c28-b737-db868cb45369@group-82A21D15CBF7-SegmentedRaftLogWorker] INFO  segmented.BufferedWriteChannel (BufferedWriteChannel.java:open(62)) - open log_inprogress_0 at position 0
2024-04-06 10:34:20,501 [a40aef6e-dfc7-4141-9a41-17d72bf4eeff@group-82A21D15CBF7-SegmentedRaftLogWorker] INFO  segmented.SegmentedRaftLogWorker (SegmentedRaftLogWorker.java:execute(634)) - a40aef6e-dfc7-4141-9a41-17d72bf4eeff@group-82A21D15CBF7-SegmentedRaftLogWorker: created new log segment /home/runner/work/ozone/ozone/hadoop-ozone/integration-test/target/test-dir/MiniOzoneClusterImpl-9e1941cb-56ba-429e-854d-1e52595ce6ec/ozone-meta/datanode-4/ratis/25178013-1aaf-49ea-9109-82a21d15cbf7/current/log_inprogress_0
2024-04-06 10:34:20,501 [cc1e4d3c-2283-4c28-b737-db868cb45369@group-82A21D15CBF7-SegmentedRaftLogWorker] INFO  segmented.SegmentedRaftLogWorker (SegmentedRaftLogWorker.java:execute(634)) - cc1e4d3c-2283-4c28-b737-db868cb45369@group-82A21D15CBF7-SegmentedRaftLogWorker: created new log segment /home/runner/work/ozone/ozone/hadoop-ozone/integration-test/target/test-dir/MiniOzoneClusterImpl-9e1941cb-56ba-429e-854d-1e52595ce6ec/ozone-meta/datanode-2/ratis/25178013-1aaf-49ea-9109-82a21d15cbf7/current/log_inprogress_0
2024-04-06 10:34:20,504 [59c3495a-7636-40f9-8dfa-c28be8e98abd@group-82A21D15CBF7-StateMachineUpdater] INFO  server.RaftServer$Division (LeaderStateImpl.java:isApplied(320)) - leader is ready since appliedIndex == 0 >= startIndex == 0
2024-04-06 10:34:20,630 [ReplicationMonitor] INFO  replication.ReplicationManager (ReplicationManager.java:processAll(399)) - Replication Monitor Thread took 0 milliseconds for processing 1 containers.
2024-04-06 10:34:20,768 [main] INFO  container.TestHelper (TestHelper.java:countReplicas(427)) - Container 1 has 3 replicas on [59c3495a-7636-40f9-8dfa-c28be8e98abd, cc1e4d3c-2283-4c28-b737-db868cb45369, d1715241-1ffa-4146-b219-94c9c0fc171f]
2024-04-06 10:34:21,063 [Recon-SyncOM-1] INFO  impl.OzoneManagerServiceProviderImpl (OzoneManagerServiceProviderImpl.java:syncDataFromOM(501)) - Syncing data from Ozone Manager.
2024-04-06 10:34:21,063 [Recon-SyncOM-1] INFO  impl.OzoneManagerServiceProviderImpl (OzoneManagerServiceProviderImpl.java:syncDataFromOM(511)) - Obtaining delta updates from Ozone Manager
2024-04-06 10:34:21,063 [Recon-SyncOM-1] INFO  impl.OzoneManagerServiceProviderImpl (OzoneManagerServiceProviderImpl.java:getAndApplyDeltaUpdatesFromOM(418)) - OriginalFromSequenceNumber : 15 
2024-04-06 10:34:21,065 [Recon-SyncOM-1] INFO  impl.OzoneManagerServiceProviderImpl (OzoneManagerServiceProviderImpl.java:innerGetAndApplyDeltaUpdatesFromOM(485)) - Number of updates received from OM : 0, SequenceNumber diff: 0, SequenceNumber Lag from OM 0, isDBUpdateSuccess: true
2024-04-06 10:34:21,065 [Recon-SyncOM-1] INFO  impl.OzoneManagerServiceProviderImpl (OzoneManagerServiceProviderImpl.java:getAndApplyDeltaUpdatesFromOM(438)) - Delta updates received from OM : 1 loops, 0 records
2024-04-06 10:34:21,193 [ContainerHealthTask] INFO  fsck.ContainerHealthTask (ContainerHealthTask.java:triggerContainerHealthCheck(140)) - Container Health task thread took 1 milliseconds to process 0 existing database records.
2024-04-06 10:34:21,195 [ContainerHealthTask] INFO  fsck.ContainerHealthTask (ContainerHealthTask.java:checkAndProcessContainers(166)) - Container Health task thread took 2 milliseconds for processing 1 containers.
2024-04-06 10:34:21,195 [ContainerHealthTask] INFO  fsck.ContainerHealthTask (ContainerHealthTask.java:lambda$logUnhealthyContainerStats$3(204)) - MISSING **Container State Stats:** 
	
2024-04-06 10:34:21,195 [ContainerHealthTask] INFO  fsck.ContainerHealthTask (ContainerHealthTask.java:lambda$logUnhealthyContainerStats$3(204)) - OVER_REPLICATED **Container State Stats:** 
	
2024-04-06 10:34:21,195 [ContainerHealthTask] INFO  fsck.ContainerHealthTask (ContainerHealthTask.java:lambda$logUnhealthyContainerStats$3(204)) - EMPTY_MISSING **Container State Stats:** 
	
2024-04-06 10:34:21,195 [ContainerHealthTask] INFO  fsck.ContainerHealthTask (ContainerHealthTask.java:lambda$logUnhealthyContainerStats$3(204)) - NEGATIVE_SIZE **Container State Stats:** 
	
2024-04-06 10:34:21,195 [ContainerHealthTask] INFO  fsck.ContainerHealthTask (ContainerHealthTask.java:lambda$logUnhealthyContainerStats$3(204)) - UNDER_REPLICATED **Container State Stats:** 
	
2024-04-06 10:34:21,195 [ContainerHealthTask] INFO  fsck.ContainerHealthTask (ContainerHealthTask.java:lambda$logUnhealthyContainerStats$3(204)) - MIS_REPLICATED **Container State Stats:** 
	
2024-04-06 10:34:21,195 [ContainerHealthTask] INFO  fsck.ContainerHealthTask (ContainerHealthTask.java:checkAndProcessContainers(179)) - Container Health task thread took 1 iterations to fetch all containers using batched approach with batch size of 1000
2024-04-06 10:34:21,631 [ReplicationMonitor] INFO  replication.ReplicationManager (ReplicationManager.java:processAll(399)) - Replication Monitor Thread took 1 milliseconds for processing 1 containers.
2024-04-06 10:34:21,768 [main] INFO  container.TestHelper (TestHelper.java:countReplicas(427)) - Container 1 has 3 replicas on [59c3495a-7636-40f9-8dfa-c28be8e98abd, cc1e4d3c-2283-4c28-b737-db868cb45369, d1715241-1ffa-4146-b219-94c9c0fc171f]
2024-04-06 10:34:22,066 [Recon-SyncOM-1] INFO  impl.OzoneManagerServiceProviderImpl (OzoneManagerServiceProviderImpl.java:syncDataFromOM(501)) - Syncing data from Ozone Manager.
2024-04-06 10:34:22,067 [Recon-SyncOM-1] INFO  impl.OzoneManagerServiceProviderImpl (OzoneManagerServiceProviderImpl.java:syncDataFromOM(511)) - Obtaining delta updates from Ozone Manager
2024-04-06 10:34:22,067 [Recon-SyncOM-1] INFO  impl.OzoneManagerServiceProviderImpl (OzoneManagerServiceProviderImpl.java:getAndApplyDeltaUpdatesFromOM(418)) - OriginalFromSequenceNumber : 15 
2024-04-06 10:34:22,068 [Recon-SyncOM-1] INFO  impl.OzoneManagerServiceProviderImpl (OzoneManagerServiceProviderImpl.java:innerGetAndApplyDeltaUpdatesFromOM(485)) - Number of updates received from OM : 0, SequenceNumber diff: 0, SequenceNumber Lag from OM 0, isDBUpdateSuccess: true
2024-04-06 10:34:22,068 [Recon-SyncOM-1] INFO  impl.OzoneManagerServiceProviderImpl (OzoneManagerServiceProviderImpl.java:getAndApplyDeltaUpdatesFromOM(438)) - Delta updates received from OM : 1 loops, 0 records
2024-04-06 10:34:22,196 [ContainerHealthTask] INFO  fsck.ContainerHealthTask (ContainerHealthTask.java:triggerContainerHealthCheck(140)) - Container Health task thread took 0 milliseconds to process 0 existing database records.
2024-04-06 10:34:22,198 [ContainerHealthTask] INFO  fsck.ContainerHealthTask (ContainerHealthTask.java:checkAndProcessContainers(166)) - Container Health task thread took 2 milliseconds for processing 1 containers.
2024-04-06 10:34:22,198 [ContainerHealthTask] INFO  fsck.ContainerHealthTask (ContainerHealthTask.java:lambda$logUnhealthyContainerStats$3(204)) - MISSING **Container State Stats:** 
	
2024-04-06 10:34:22,198 [ContainerHealthTask] INFO  fsck.ContainerHealthTask (ContainerHealthTask.java:lambda$logUnhealthyContainerStats$3(204)) - OVER_REPLICATED **Container State Stats:** 
	
2024-04-06 10:34:22,199 [ContainerHealthTask] INFO  fsck.ContainerHealthTask (ContainerHealthTask.java:lambda$logUnhealthyContainerStats$3(204)) - EMPTY_MISSING **Container State Stats:** 
	
2024-04-06 10:34:22,199 [ContainerHealthTask] INFO  fsck.ContainerHealthTask (ContainerHealthTask.java:lambda$logUnhealthyContainerStats$3(204)) - NEGATIVE_SIZE **Container State Stats:** 
	
2024-04-06 10:34:22,199 [ContainerHealthTask] INFO  fsck.ContainerHealthTask (ContainerHealthTask.java:lambda$logUnhealthyContainerStats$3(204)) - UNDER_REPLICATED **Container State Stats:** 
	
2024-04-06 10:34:22,199 [ContainerHealthTask] INFO  fsck.ContainerHealthTask (ContainerHealthTask.java:lambda$logUnhealthyContainerStats$3(204)) - MIS_REPLICATED **Container State Stats:** 
	
2024-04-06 10:34:22,199 [ContainerHealthTask] INFO  fsck.ContainerHealthTask (ContainerHealthTask.java:checkAndProcessContainers(179)) - Container Health task thread took 1 iterations to fetch all containers using batched approach with batch size of 1000
2024-04-06 10:34:22,631 [ReplicationMonitor] INFO  replication.ReplicationManager (ReplicationManager.java:processAll(399)) - Replication Monitor Thread took 0 milliseconds for processing 1 containers.
2024-04-06 10:34:22,769 [main] INFO  container.TestHelper (TestHelper.java:countReplicas(427)) - Container 1 has 3 replicas on [59c3495a-7636-40f9-8dfa-c28be8e98abd, cc1e4d3c-2283-4c28-b737-db868cb45369, d1715241-1ffa-4146-b219-94c9c0fc171f]
2024-04-06 10:34:22,963 [Recon-SyncSCMContainerInfo-0] INFO  scm.ReconStorageContainerManagerFacade (ReconStorageContainerManagerFacade.java:syncWithSCMContainerInfo(557)) - Got list of containers from SCM : 1
2024-04-06 10:34:23,070 [Recon-SyncOM-1] INFO  impl.OzoneManagerServiceProviderImpl (OzoneManagerServiceProviderImpl.java:syncDataFromOM(501)) - Syncing data from Ozone Manager.
2024-04-06 10:34:23,070 [Recon-SyncOM-1] INFO  impl.OzoneManagerServiceProviderImpl (OzoneManagerServiceProviderImpl.java:syncDataFromOM(511)) - Obtaining delta updates from Ozone Manager
2024-04-06 10:34:23,071 [Recon-SyncOM-1] INFO  impl.OzoneManagerServiceProviderImpl (OzoneManagerServiceProviderImpl.java:getAndApplyDeltaUpdatesFromOM(418)) - OriginalFromSequenceNumber : 15 
2024-04-06 10:34:23,072 [Recon-SyncOM-1] INFO  impl.OzoneManagerServiceProviderImpl (OzoneManagerServiceProviderImpl.java:innerGetAndApplyDeltaUpdatesFromOM(485)) - Number of updates received from OM : 0, SequenceNumber diff: 0, SequenceNumber Lag from OM 0, isDBUpdateSuccess: true
2024-04-06 10:34:23,072 [Recon-SyncOM-1] INFO  impl.OzoneManagerServiceProviderImpl (OzoneManagerServiceProviderImpl.java:getAndApplyDeltaUpdatesFromOM(438)) - Delta updates received from OM : 1 loops, 0 records
2024-04-06 10:34:23,199 [ContainerHealthTask] INFO  fsck.ContainerHealthTask (ContainerHealthTask.java:triggerContainerHealthCheck(140)) - Container Health task thread took 1 milliseconds to process 0 existing database records.
2024-04-06 10:34:23,202 [ContainerHealthTask] INFO  fsck.ContainerHealthTask (ContainerHealthTask.java:checkAndProcessContainers(166)) - Container Health task thread took 2 milliseconds for processing 1 containers.
2024-04-06 10:34:23,202 [ContainerHealthTask] INFO  fsck.ContainerHealthTask (ContainerHealthTask.java:lambda$logUnhealthyContainerStats$3(204)) - MISSING **Container State Stats:** 
	
2024-04-06 10:34:23,202 [ContainerHealthTask] INFO  fsck.ContainerHealthTask (ContainerHealthTask.java:lambda$logUnhealthyContainerStats$3(204)) - OVER_REPLICATED **Container State Stats:** 
	
2024-04-06 10:34:23,202 [ContainerHealthTask] INFO  fsck.ContainerHealthTask (ContainerHealthTask.java:lambda$logUnhealthyContainerStats$3(204)) - EMPTY_MISSING **Container State Stats:** 
	
2024-04-06 10:34:23,202 [ContainerHealthTask] INFO  fsck.ContainerHealthTask (ContainerHealthTask.java:lambda$logUnhealthyContainerStats$3(204)) - NEGATIVE_SIZE **Container State Stats:** 
	
2024-04-06 10:34:23,202 [ContainerHealthTask] INFO  fsck.ContainerHealthTask (ContainerHealthTask.java:lambda$logUnhealthyContainerStats$3(204)) - UNDER_REPLICATED **Container State Stats:** 
	
2024-04-06 10:34:23,202 [ContainerHealthTask] INFO  fsck.ContainerHealthTask (ContainerHealthTask.java:lambda$logUnhealthyContainerStats$3(204)) - MIS_REPLICATED **Container State Stats:** 
	
2024-04-06 10:34:23,202 [ContainerHealthTask] INFO  fsck.ContainerHealthTask (ContainerHealthTask.java:checkAndProcessContainers(179)) - Container Health task thread took 1 iterations to fetch all containers using batched approach with batch size of 1000
2024-04-06 10:34:23,632 [ReplicationMonitor] INFO  replication.ReplicationManager (ReplicationManager.java:processAll(399)) - Replication Monitor Thread took 1 milliseconds for processing 1 containers.
2024-04-06 10:34:23,769 [main] INFO  container.TestHelper (TestHelper.java:countReplicas(427)) - Container 1 has 3 replicas on [59c3495a-7636-40f9-8dfa-c28be8e98abd, cc1e4d3c-2283-4c28-b737-db868cb45369, d1715241-1ffa-4146-b219-94c9c0fc171f]
2024-04-06 10:34:24,074 [Recon-SyncOM-1] INFO  impl.OzoneManagerServiceProviderImpl (OzoneManagerServiceProviderImpl.java:syncDataFromOM(501)) - Syncing data from Ozone Manager.
2024-04-06 10:34:24,074 [Recon-SyncOM-1] INFO  impl.OzoneManagerServiceProviderImpl (OzoneManagerServiceProviderImpl.java:syncDataFromOM(511)) - Obtaining delta updates from Ozone Manager
2024-04-06 10:34:24,074 [Recon-SyncOM-1] INFO  impl.OzoneManagerServiceProviderImpl (OzoneManagerServiceProviderImpl.java:getAndApplyDeltaUpdatesFromOM(418)) - OriginalFromSequenceNumber : 15 
2024-04-06 10:34:24,076 [Recon-SyncOM-1] INFO  impl.OzoneManagerServiceProviderImpl (OzoneManagerServiceProviderImpl.java:innerGetAndApplyDeltaUpdatesFromOM(485)) - Number of updates received from OM : 0, SequenceNumber diff: 0, SequenceNumber Lag from OM 0, isDBUpdateSuccess: true
2024-04-06 10:34:24,076 [Recon-SyncOM-1] INFO  impl.OzoneManagerServiceProviderImpl (OzoneManagerServiceProviderImpl.java:getAndApplyDeltaUpdatesFromOM(438)) - Delta updates received from OM : 1 loops, 0 records
2024-04-06 10:34:24,203 [ContainerHealthTask] INFO  fsck.ContainerHealthTask (ContainerHealthTask.java:triggerContainerHealthCheck(140)) - Container Health task thread took 1 milliseconds to process 0 existing database records.
2024-04-06 10:34:24,205 [ContainerHealthTask] INFO  fsck.ContainerHealthTask (ContainerHealthTask.java:checkAndProcessContainers(166)) - Container Health task thread took 2 milliseconds for processing 1 containers.
2024-04-06 10:34:24,205 [ContainerHealthTask] INFO  fsck.ContainerHealthTask (ContainerHealthTask.java:lambda$logUnhealthyContainerStats$3(204)) - MISSING **Container State Stats:** 
	
2024-04-06 10:34:24,205 [ContainerHealthTask] INFO  fsck.ContainerHealthTask (ContainerHealthTask.java:lambda$logUnhealthyContainerStats$3(204)) - OVER_REPLICATED **Container State Stats:** 
	
2024-04-06 10:34:24,205 [ContainerHealthTask] INFO  fsck.ContainerHealthTask (ContainerHealthTask.java:lambda$logUnhealthyContainerStats$3(204)) - EMPTY_MISSING **Container State Stats:** 
	
2024-04-06 10:34:24,205 [ContainerHealthTask] INFO  fsck.ContainerHealthTask (ContainerHealthTask.java:lambda$logUnhealthyContainerStats$3(204)) - NEGATIVE_SIZE **Container State Stats:** 
	
2024-04-06 10:34:24,205 [ContainerHealthTask] INFO  fsck.ContainerHealthTask (ContainerHealthTask.java:lambda$logUnhealthyContainerStats$3(204)) - UNDER_REPLICATED **Container State Stats:** 
	
2024-04-06 10:34:24,205 [ContainerHealthTask] INFO  fsck.ContainerHealthTask (ContainerHealthTask.java:lambda$logUnhealthyContainerStats$3(204)) - MIS_REPLICATED **Container State Stats:** 
	
2024-04-06 10:34:24,205 [ContainerHealthTask] INFO  fsck.ContainerHealthTask (ContainerHealthTask.java:checkAndProcessContainers(179)) - Container Health task thread took 1 iterations to fetch all containers using batched approach with batch size of 1000
2024-04-06 10:34:24,632 [ReplicationMonitor] INFO  replication.ReplicationManager (ReplicationManager.java:processAll(399)) - Replication Monitor Thread took 0 milliseconds for processing 1 containers.
2024-04-06 10:34:24,770 [main] INFO  container.TestHelper (TestHelper.java:countReplicas(427)) - Container 1 has 3 replicas on [59c3495a-7636-40f9-8dfa-c28be8e98abd, cc1e4d3c-2283-4c28-b737-db868cb45369, d1715241-1ffa-4146-b219-94c9c0fc171f]
2024-04-06 10:34:25,077 [Recon-SyncOM-1] INFO  impl.OzoneManagerServiceProviderImpl (OzoneManagerServiceProviderImpl.java:syncDataFromOM(501)) - Syncing data from Ozone Manager.
2024-04-06 10:34:25,078 [Recon-SyncOM-1] INFO  impl.OzoneManagerServiceProviderImpl (OzoneManagerServiceProviderImpl.java:syncDataFromOM(511)) - Obtaining delta updates from Ozone Manager
2024-04-06 10:34:25,078 [Recon-SyncOM-1] INFO  impl.OzoneManagerServiceProviderImpl (OzoneManagerServiceProviderImpl.java:getAndApplyDeltaUpdatesFromOM(418)) - OriginalFromSequenceNumber : 15 
2024-04-06 10:34:25,079 [Recon-SyncOM-1] INFO  impl.OzoneManagerServiceProviderImpl (OzoneManagerServiceProviderImpl.java:innerGetAndApplyDeltaUpdatesFromOM(485)) - Number of updates received from OM : 0, SequenceNumber diff: 0, SequenceNumber Lag from OM 0, isDBUpdateSuccess: true
2024-04-06 10:34:25,079 [Recon-SyncOM-1] INFO  impl.OzoneManagerServiceProviderImpl (OzoneManagerServiceProviderImpl.java:getAndApplyDeltaUpdatesFromOM(438)) - Delta updates received from OM : 1 loops, 0 records
2024-04-06 10:34:25,206 [ContainerHealthTask] INFO  fsck.ContainerHealthTask (ContainerHealthTask.java:triggerContainerHealthCheck(140)) - Container Health task thread took 0 milliseconds to process 0 existing database records.
2024-04-06 10:34:25,208 [ContainerHealthTask] INFO  fsck.ContainerHealthTask (ContainerHealthTask.java:checkAndProcessContainers(166)) - Container Health task thread took 1 milliseconds for processing 1 containers.
2024-04-06 10:34:25,208 [ContainerHealthTask] INFO  fsck.ContainerHealthTask (ContainerHealthTask.java:lambda$logUnhealthyContainerStats$3(204)) - MISSING **Container State Stats:** 
	
2024-04-06 10:34:25,208 [ContainerHealthTask] INFO  fsck.ContainerHealthTask (ContainerHealthTask.java:lambda$logUnhealthyContainerStats$3(204)) - OVER_REPLICATED **Container State Stats:** 
	
2024-04-06 10:34:25,208 [ContainerHealthTask] INFO  fsck.ContainerHealthTask (ContainerHealthTask.java:lambda$logUnhealthyContainerStats$3(204)) - EMPTY_MISSING **Container State Stats:** 
	
2024-04-06 10:34:25,208 [ContainerHealthTask] INFO  fsck.ContainerHealthTask (ContainerHealthTask.java:lambda$logUnhealthyContainerStats$3(204)) - NEGATIVE_SIZE **Container State Stats:** 
	
2024-04-06 10:34:25,209 [ContainerHealthTask] INFO  fsck.ContainerHealthTask (ContainerHealthTask.java:lambda$logUnhealthyContainerStats$3(204)) - UNDER_REPLICATED **Container State Stats:** 
	
2024-04-06 10:34:25,209 [ContainerHealthTask] INFO  fsck.ContainerHealthTask (ContainerHealthTask.java:lambda$logUnhealthyContainerStats$3(204)) - MIS_REPLICATED **Container State Stats:** 
	
2024-04-06 10:34:25,209 [ContainerHealthTask] INFO  fsck.ContainerHealthTask (ContainerHealthTask.java:checkAndProcessContainers(179)) - Container Health task thread took 1 iterations to fetch all containers using batched approach with batch size of 1000
2024-04-06 10:34:25,365 [FixedThreadPoolWithAffinityExecutor-9-0] WARN  events.FixedThreadPoolWithAffinityExecutor (FixedThreadPoolWithAffinityExecutor.java:run(276)) - Event remained in queue for long time 2 millisec, cc1e4d3c-2283-4c28-b737-db868cb45369(fv-az526-218.pah0jnozfufetaq2ul10ticbdc.dx.internal.cloudapp.net/10.1.0.10), {type: FCR, size: 1}
2024-04-06 10:34:25,366 [FixedThreadPoolWithAffinityExecutor-9-0] WARN  events.FixedThreadPoolWithAffinityExecutor (FixedThreadPoolWithAffinityExecutor.java:run(289)) - Event taken long execution time 2 millisec, cc1e4d3c-2283-4c28-b737-db868cb45369(fv-az526-218.pah0jnozfufetaq2ul10ticbdc.dx.internal.cloudapp.net/10.1.0.10), {type: FCR, size: 1}
2024-04-06 10:34:25,633 [ReplicationMonitor] INFO  replication.ReplicationManager (ReplicationManager.java:processAll(399)) - Replication Monitor Thread took 1 milliseconds for processing 1 containers.
2024-04-06 10:34:25,770 [main] INFO  container.TestHelper (TestHelper.java:countReplicas(427)) - Container 1 has 3 replicas on [59c3495a-7636-40f9-8dfa-c28be8e98abd, cc1e4d3c-2283-4c28-b737-db868cb45369, d1715241-1ffa-4146-b219-94c9c0fc171f]
2024-04-06 10:34:26,081 [Recon-SyncOM-1] INFO  impl.OzoneManagerServiceProviderImpl (OzoneManagerServiceProviderImpl.java:syncDataFromOM(501)) - Syncing data from Ozone Manager.
2024-04-06 10:34:26,081 [Recon-SyncOM-1] INFO  impl.OzoneManagerServiceProviderImpl (OzoneManagerServiceProviderImpl.java:syncDataFromOM(511)) - Obtaining delta updates from Ozone Manager
2024-04-06 10:34:26,082 [Recon-SyncOM-1] INFO  impl.OzoneManagerServiceProviderImpl (OzoneManagerServiceProviderImpl.java:getAndApplyDeltaUpdatesFromOM(418)) - OriginalFromSequenceNumber : 15 
2024-04-06 10:34:26,083 [Recon-SyncOM-1] INFO  impl.OzoneManagerServiceProviderImpl (OzoneManagerServiceProviderImpl.java:innerGetAndApplyDeltaUpdatesFromOM(485)) - Number of updates received from OM : 0, SequenceNumber diff: 0, SequenceNumber Lag from OM 0, isDBUpdateSuccess: true
2024-04-06 10:34:26,083 [Recon-SyncOM-1] INFO  impl.OzoneManagerServiceProviderImpl (OzoneManagerServiceProviderImpl.java:getAndApplyDeltaUpdatesFromOM(438)) - Delta updates received from OM : 1 loops, 0 records
2024-04-06 10:34:26,209 [ContainerHealthTask] INFO  fsck.ContainerHealthTask (ContainerHealthTask.java:triggerContainerHealthCheck(140)) - Container Health task thread took 1 milliseconds to process 0 existing database records.
2024-04-06 10:34:26,211 [ContainerHealthTask] INFO  fsck.ContainerHealthTask (ContainerHealthTask.java:checkAndProcessContainers(166)) - Container Health task thread took 2 milliseconds for processing 1 containers.
2024-04-06 10:34:26,211 [ContainerHealthTask] INFO  fsck.ContainerHealthTask (ContainerHealthTask.java:lambda$logUnhealthyContainerStats$3(204)) - MISSING **Container State Stats:** 
	
2024-04-06 10:34:26,212 [ContainerHealthTask] INFO  fsck.ContainerHealthTask (ContainerHealthTask.java:lambda$logUnhealthyContainerStats$3(204)) - OVER_REPLICATED **Container State Stats:** 
	
2024-04-06 10:34:26,212 [ContainerHealthTask] INFO  fsck.ContainerHealthTask (ContainerHealthTask.java:lambda$logUnhealthyContainerStats$3(204)) - EMPTY_MISSING **Container State Stats:** 
	
2024-04-06 10:34:26,212 [ContainerHealthTask] INFO  fsck.ContainerHealthTask (ContainerHealthTask.java:lambda$logUnhealthyContainerStats$3(204)) - NEGATIVE_SIZE **Container State Stats:** 
	
2024-04-06 10:34:26,212 [ContainerHealthTask] INFO  fsck.ContainerHealthTask (ContainerHealthTask.java:lambda$logUnhealthyContainerStats$3(204)) - UNDER_REPLICATED **Container State Stats:** 
	
2024-04-06 10:34:26,212 [ContainerHealthTask] INFO  fsck.ContainerHealthTask (ContainerHealthTask.java:lambda$logUnhealthyContainerStats$3(204)) - MIS_REPLICATED **Container State Stats:** 
	
2024-04-06 10:34:26,212 [ContainerHealthTask] INFO  fsck.ContainerHealthTask (ContainerHealthTask.java:checkAndProcessContainers(179)) - Container Health task thread took 1 iterations to fetch all containers using batched approach with batch size of 1000
2024-04-06 10:34:26,633 [ReplicationMonitor] INFO  replication.ReplicationManager (ReplicationManager.java:processAll(399)) - Replication Monitor Thread took 0 milliseconds for processing 1 containers.
2024-04-06 10:34:26,771 [main] INFO  container.TestHelper (TestHelper.java:countReplicas(427)) - Container 1 has 3 replicas on [59c3495a-7636-40f9-8dfa-c28be8e98abd, cc1e4d3c-2283-4c28-b737-db868cb45369, d1715241-1ffa-4146-b219-94c9c0fc171f]
2024-04-06 10:34:27,085 [Recon-SyncOM-1] INFO  impl.OzoneManagerServiceProviderImpl (OzoneManagerServiceProviderImpl.java:syncDataFromOM(501)) - Syncing data from Ozone Manager.
2024-04-06 10:34:27,085 [Recon-SyncOM-1] INFO  impl.OzoneManagerServiceProviderImpl (OzoneManagerServiceProviderImpl.java:syncDataFromOM(511)) - Obtaining delta updates from Ozone Manager
2024-04-06 10:34:27,085 [Recon-SyncOM-1] INFO  impl.OzoneManagerServiceProviderImpl (OzoneManagerServiceProviderImpl.java:getAndApplyDeltaUpdatesFromOM(418)) - OriginalFromSequenceNumber : 15 
2024-04-06 10:34:27,087 [Recon-SyncOM-1] INFO  impl.OzoneManagerServiceProviderImpl (OzoneManagerServiceProviderImpl.java:innerGetAndApplyDeltaUpdatesFromOM(485)) - Number of updates received from OM : 0, SequenceNumber diff: 0, SequenceNumber Lag from OM 0, isDBUpdateSuccess: true
2024-04-06 10:34:27,087 [Recon-SyncOM-1] INFO  impl.OzoneManagerServiceProviderImpl (OzoneManagerServiceProviderImpl.java:getAndApplyDeltaUpdatesFromOM(438)) - Delta updates received from OM : 1 loops, 0 records
2024-04-06 10:34:27,212 [ContainerHealthTask] INFO  fsck.ContainerHealthTask (ContainerHealthTask.java:triggerContainerHealthCheck(140)) - Container Health task thread took 1 milliseconds to process 0 existing database records.
2024-04-06 10:34:27,214 [ContainerHealthTask] INFO  fsck.ContainerHealthTask (ContainerHealthTask.java:checkAndProcessContainers(166)) - Container Health task thread took 2 milliseconds for processing 1 containers.
2024-04-06 10:34:27,214 [ContainerHealthTask] INFO  fsck.ContainerHealthTask (ContainerHealthTask.java:lambda$logUnhealthyContainerStats$3(204)) - MISSING **Container State Stats:** 
	
2024-04-06 10:34:27,215 [ContainerHealthTask] INFO  fsck.ContainerHealthTask (ContainerHealthTask.java:lambda$logUnhealthyContainerStats$3(204)) - OVER_REPLICATED **Container State Stats:** 
	
2024-04-06 10:34:27,215 [ContainerHealthTask] INFO  fsck.ContainerHealthTask (ContainerHealthTask.java:lambda$logUnhealthyContainerStats$3(204)) - EMPTY_MISSING **Container State Stats:** 
	
2024-04-06 10:34:27,215 [ContainerHealthTask] INFO  fsck.ContainerHealthTask (ContainerHealthTask.java:lambda$logUnhealthyContainerStats$3(204)) - NEGATIVE_SIZE **Container State Stats:** 
	
2024-04-06 10:34:27,215 [ContainerHealthTask] INFO  fsck.ContainerHealthTask (ContainerHealthTask.java:lambda$logUnhealthyContainerStats$3(204)) - UNDER_REPLICATED **Container State Stats:** 
	
2024-04-06 10:34:27,215 [ContainerHealthTask] INFO  fsck.ContainerHealthTask (ContainerHealthTask.java:lambda$logUnhealthyContainerStats$3(204)) - MIS_REPLICATED **Container State Stats:** 
	
2024-04-06 10:34:27,215 [ContainerHealthTask] INFO  fsck.ContainerHealthTask (ContainerHealthTask.java:checkAndProcessContainers(179)) - Container Health task thread took 1 iterations to fetch all containers using batched approach with batch size of 1000
2024-04-06 10:34:27,634 [ReplicationMonitor] INFO  replication.ReplicationManager (ReplicationManager.java:processAll(399)) - Replication Monitor Thread took 1 milliseconds for processing 1 containers.
2024-04-06 10:34:27,771 [main] INFO  container.TestHelper (TestHelper.java:countReplicas(427)) - Container 1 has 3 replicas on [59c3495a-7636-40f9-8dfa-c28be8e98abd, cc1e4d3c-2283-4c28-b737-db868cb45369, d1715241-1ffa-4146-b219-94c9c0fc171f]
2024-04-06 10:34:28,088 [Recon-SyncOM-1] INFO  impl.OzoneManagerServiceProviderImpl (OzoneManagerServiceProviderImpl.java:syncDataFromOM(501)) - Syncing data from Ozone Manager.
2024-04-06 10:34:28,088 [Recon-SyncOM-1] INFO  impl.OzoneManagerServiceProviderImpl (OzoneManagerServiceProviderImpl.java:syncDataFromOM(511)) - Obtaining delta updates from Ozone Manager
2024-04-06 10:34:28,088 [Recon-SyncOM-1] INFO  impl.OzoneManagerServiceProviderImpl (OzoneManagerServiceProviderImpl.java:getAndApplyDeltaUpdatesFromOM(418)) - OriginalFromSequenceNumber : 15 
2024-04-06 10:34:28,090 [Recon-SyncOM-1] INFO  impl.OzoneManagerServiceProviderImpl (OzoneManagerServiceProviderImpl.java:innerGetAndApplyDeltaUpdatesFromOM(485)) - Number of updates received from OM : 0, SequenceNumber diff: 0, SequenceNumber Lag from OM 0, isDBUpdateSuccess: true
2024-04-06 10:34:28,090 [Recon-SyncOM-1] INFO  impl.OzoneManagerServiceProviderImpl (OzoneManagerServiceProviderImpl.java:getAndApplyDeltaUpdatesFromOM(438)) - Delta updates received from OM : 1 loops, 0 records
2024-04-06 10:34:28,216 [ContainerHealthTask] INFO  fsck.ContainerHealthTask (ContainerHealthTask.java:triggerContainerHealthCheck(140)) - Container Health task thread took 1 milliseconds to process 0 existing database records.
2024-04-06 10:34:28,218 [ContainerHealthTask] INFO  fsck.ContainerHealthTask (ContainerHealthTask.java:checkAndProcessContainers(166)) - Container Health task thread took 2 milliseconds for processing 1 containers.
2024-04-06 10:34:28,218 [ContainerHealthTask] INFO  fsck.ContainerHealthTask (ContainerHealthTask.java:lambda$logUnhealthyContainerStats$3(204)) - MISSING **Container State Stats:** 
	
2024-04-06 10:34:28,218 [ContainerHealthTask] INFO  fsck.ContainerHealthTask (ContainerHealthTask.java:lambda$logUnhealthyContainerStats$3(204)) - OVER_REPLICATED **Container State Stats:** 
	
2024-04-06 10:34:28,218 [ContainerHealthTask] INFO  fsck.ContainerHealthTask (ContainerHealthTask.java:lambda$logUnhealthyContainerStats$3(204)) - EMPTY_MISSING **Container State Stats:** 
	
2024-04-06 10:34:28,218 [ContainerHealthTask] INFO  fsck.ContainerHealthTask (ContainerHealthTask.java:lambda$logUnhealthyContainerStats$3(204)) - NEGATIVE_SIZE **Container State Stats:** 
	
2024-04-06 10:34:28,218 [ContainerHealthTask] INFO  fsck.ContainerHealthTask (ContainerHealthTask.java:lambda$logUnhealthyContainerStats$3(204)) - UNDER_REPLICATED **Container State Stats:** 
	
2024-04-06 10:34:28,218 [ContainerHealthTask] INFO  fsck.ContainerHealthTask (ContainerHealthTask.java:lambda$logUnhealthyContainerStats$3(204)) - MIS_REPLICATED **Container State Stats:** 
	
2024-04-06 10:34:28,218 [ContainerHealthTask] INFO  fsck.ContainerHealthTask (ContainerHealthTask.java:checkAndProcessContainers(179)) - Container Health task thread took 1 iterations to fetch all containers using batched approach with batch size of 1000
2024-04-06 10:34:28,634 [ReplicationMonitor] INFO  replication.ReplicationManager (ReplicationManager.java:processAll(399)) - Replication Monitor Thread took 0 milliseconds for processing 1 containers.
2024-04-06 10:34:28,772 [main] INFO  container.TestHelper (TestHelper.java:countReplicas(427)) - Container 1 has 3 replicas on [59c3495a-7636-40f9-8dfa-c28be8e98abd, cc1e4d3c-2283-4c28-b737-db868cb45369, d1715241-1ffa-4146-b219-94c9c0fc171f]
2024-04-06 10:34:29,092 [Recon-SyncOM-1] INFO  impl.OzoneManagerServiceProviderImpl (OzoneManagerServiceProviderImpl.java:syncDataFromOM(501)) - Syncing data from Ozone Manager.
2024-04-06 10:34:29,092 [Recon-SyncOM-1] INFO  impl.OzoneManagerServiceProviderImpl (OzoneManagerServiceProviderImpl.java:syncDataFromOM(511)) - Obtaining delta updates from Ozone Manager
2024-04-06 10:34:29,092 [Recon-SyncOM-1] INFO  impl.OzoneManagerServiceProviderImpl (OzoneManagerServiceProviderImpl.java:getAndApplyDeltaUpdatesFromOM(418)) - OriginalFromSequenceNumber : 15 
2024-04-06 10:34:29,093 [Recon-SyncOM-1] INFO  impl.OzoneManagerServiceProviderImpl (OzoneManagerServiceProviderImpl.java:innerGetAndApplyDeltaUpdatesFromOM(485)) - Number of updates received from OM : 0, SequenceNumber diff: 0, SequenceNumber Lag from OM 0, isDBUpdateSuccess: true
2024-04-06 10:34:29,093 [Recon-SyncOM-1] INFO  impl.OzoneManagerServiceProviderImpl (OzoneManagerServiceProviderImpl.java:getAndApplyDeltaUpdatesFromOM(438)) - Delta updates received from OM : 1 loops, 0 records
2024-04-06 10:34:29,219 [ContainerHealthTask] INFO  fsck.ContainerHealthTask (ContainerHealthTask.java:triggerContainerHealthCheck(140)) - Container Health task thread took 1 milliseconds to process 0 existing database records.
2024-04-06 10:34:29,221 [ContainerHealthTask] INFO  fsck.ContainerHealthTask (ContainerHealthTask.java:checkAndProcessContainers(166)) - Container Health task thread took 2 milliseconds for processing 1 containers.
2024-04-06 10:34:29,221 [ContainerHealthTask] INFO  fsck.ContainerHealthTask (ContainerHealthTask.java:lambda$logUnhealthyContainerStats$3(204)) - MISSING **Container State Stats:** 
	
2024-04-06 10:34:29,221 [ContainerHealthTask] INFO  fsck.ContainerHealthTask (ContainerHealthTask.java:lambda$logUnhealthyContainerStats$3(204)) - OVER_REPLICATED **Container State Stats:** 
	
2024-04-06 10:34:29,221 [ContainerHealthTask] INFO  fsck.ContainerHealthTask (ContainerHealthTask.java:lambda$logUnhealthyContainerStats$3(204)) - EMPTY_MISSING **Container State Stats:** 
	
2024-04-06 10:34:29,221 [ContainerHealthTask] INFO  fsck.ContainerHealthTask (ContainerHealthTask.java:lambda$logUnhealthyContainerStats$3(204)) - NEGATIVE_SIZE **Container State Stats:** 
	
2024-04-06 10:34:29,221 [ContainerHealthTask] INFO  fsck.ContainerHealthTask (ContainerHealthTask.java:lambda$logUnhealthyContainerStats$3(204)) - UNDER_REPLICATED **Container State Stats:** 
	
2024-04-06 10:34:29,221 [ContainerHealthTask] INFO  fsck.ContainerHealthTask (ContainerHealthTask.java:lambda$logUnhealthyContainerStats$3(204)) - MIS_REPLICATED **Container State Stats:** 
	
2024-04-06 10:34:29,221 [ContainerHealthTask] INFO  fsck.ContainerHealthTask (ContainerHealthTask.java:checkAndProcessContainers(179)) - Container Health task thread took 1 iterations to fetch all containers using batched approach with batch size of 1000
2024-04-06 10:34:29,635 [ReplicationMonitor] INFO  replication.ReplicationManager (ReplicationManager.java:processAll(399)) - Replication Monitor Thread took 1 milliseconds for processing 1 containers.
2024-04-06 10:34:29,772 [main] INFO  container.TestHelper (TestHelper.java:countReplicas(427)) - Container 1 has 3 replicas on [59c3495a-7636-40f9-8dfa-c28be8e98abd, cc1e4d3c-2283-4c28-b737-db868cb45369, d1715241-1ffa-4146-b219-94c9c0fc171f]
2024-04-06 10:34:29,818 [Recon-FixedThreadPoolWithAffinityExecutor-1-0] WARN  events.FixedThreadPoolWithAffinityExecutor (FixedThreadPoolWithAffinityExecutor.java:run(276)) - Event remained in queue for long time 5 millisec, d1715241-1ffa-4146-b219-94c9c0fc171f(fv-az526-218.pah0jnozfufetaq2ul10ticbdc.dx.internal.cloudapp.net/10.1.0.10), {type: FCR, size: 1}
2024-04-06 10:34:29,819 [Recon-FixedThreadPoolWithAffinityExecutor-1-0] WARN  events.FixedThreadPoolWithAffinityExecutor (FixedThreadPoolWithAffinityExecutor.java:run(289)) - Event taken long execution time 5 millisec, d1715241-1ffa-4146-b219-94c9c0fc171f(fv-az526-218.pah0jnozfufetaq2ul10ticbdc.dx.internal.cloudapp.net/10.1.0.10), {type: FCR, size: 1}
2024-04-06 10:34:30,095 [Recon-SyncOM-1] INFO  impl.OzoneManagerServiceProviderImpl (OzoneManagerServiceProviderImpl.java:syncDataFromOM(501)) - Syncing data from Ozone Manager.
2024-04-06 10:34:30,095 [Recon-SyncOM-1] INFO  impl.OzoneManagerServiceProviderImpl (OzoneManagerServiceProviderImpl.java:syncDataFromOM(511)) - Obtaining delta updates from Ozone Manager
2024-04-06 10:34:30,095 [Recon-SyncOM-1] INFO  impl.OzoneManagerServiceProviderImpl (OzoneManagerServiceProviderImpl.java:getAndApplyDeltaUpdatesFromOM(418)) - OriginalFromSequenceNumber : 15 
2024-04-06 10:34:30,097 [Recon-SyncOM-1] INFO  impl.OzoneManagerServiceProviderImpl (OzoneManagerServiceProviderImpl.java:innerGetAndApplyDeltaUpdatesFromOM(485)) - Number of updates received from OM : 0, SequenceNumber diff: 0, SequenceNumber Lag from OM 0, isDBUpdateSuccess: true
2024-04-06 10:34:30,097 [Recon-SyncOM-1] INFO  impl.OzoneManagerServiceProviderImpl (OzoneManagerServiceProviderImpl.java:getAndApplyDeltaUpdatesFromOM(438)) - Delta updates received from OM : 1 loops, 0 records
2024-04-06 10:34:30,222 [ContainerHealthTask] INFO  fsck.ContainerHealthTask (ContainerHealthTask.java:triggerContainerHealthCheck(140)) - Container Health task thread took 0 milliseconds to process 0 existing database records.
2024-04-06 10:34:30,224 [ContainerHealthTask] INFO  fsck.ContainerHealthTask (ContainerHealthTask.java:checkAndProcessContainers(166)) - Container Health task thread took 2 milliseconds for processing 1 containers.
2024-04-06 10:34:30,224 [ContainerHealthTask] INFO  fsck.ContainerHealthTask (ContainerHealthTask.java:lambda$logUnhealthyContainerStats$3(204)) - MISSING **Container State Stats:** 
	
2024-04-06 10:34:30,224 [ContainerHealthTask] INFO  fsck.ContainerHealthTask (ContainerHealthTask.java:lambda$logUnhealthyContainerStats$3(204)) - OVER_REPLICATED **Container State Stats:** 
	
2024-04-06 10:34:30,224 [ContainerHealthTask] INFO  fsck.ContainerHealthTask (ContainerHealthTask.java:lambda$logUnhealthyContainerStats$3(204)) - EMPTY_MISSING **Container State Stats:** 
	
2024-04-06 10:34:30,224 [ContainerHealthTask] INFO  fsck.ContainerHealthTask (ContainerHealthTask.java:lambda$logUnhealthyContainerStats$3(204)) - NEGATIVE_SIZE **Container State Stats:** 
	
2024-04-06 10:34:30,224 [ContainerHealthTask] INFO  fsck.ContainerHealthTask (ContainerHealthTask.java:lambda$logUnhealthyContainerStats$3(204)) - UNDER_REPLICATED **Container State Stats:** 
	
2024-04-06 10:34:30,224 [ContainerHealthTask] INFO  fsck.ContainerHealthTask (ContainerHealthTask.java:lambda$logUnhealthyContainerStats$3(204)) - MIS_REPLICATED **Container State Stats:** 
	
2024-04-06 10:34:30,224 [ContainerHealthTask] INFO  fsck.ContainerHealthTask (ContainerHealthTask.java:checkAndProcessContainers(179)) - Container Health task thread took 1 iterations to fetch all containers using batched approach with batch size of 1000
2024-04-06 10:34:30,635 [ReplicationMonitor] INFO  replication.ReplicationManager (ReplicationManager.java:processAll(399)) - Replication Monitor Thread took 0 milliseconds for processing 1 containers.
2024-04-06 10:34:30,773 [main] INFO  container.TestHelper (TestHelper.java:countReplicas(427)) - Container 1 has 3 replicas on [59c3495a-7636-40f9-8dfa-c28be8e98abd, cc1e4d3c-2283-4c28-b737-db868cb45369, d1715241-1ffa-4146-b219-94c9c0fc171f]
2024-04-06 10:34:31,098 [Recon-SyncOM-1] INFO  impl.OzoneManagerServiceProviderImpl (OzoneManagerServiceProviderImpl.java:syncDataFromOM(501)) - Syncing data from Ozone Manager.
2024-04-06 10:34:31,099 [Recon-SyncOM-1] INFO  impl.OzoneManagerServiceProviderImpl (OzoneManagerServiceProviderImpl.java:syncDataFromOM(511)) - Obtaining delta updates from Ozone Manager
2024-04-06 10:34:31,099 [Recon-SyncOM-1] INFO  impl.OzoneManagerServiceProviderImpl (OzoneManagerServiceProviderImpl.java:getAndApplyDeltaUpdatesFromOM(418)) - OriginalFromSequenceNumber : 15 
2024-04-06 10:34:31,100 [Recon-SyncOM-1] INFO  impl.OzoneManagerServiceProviderImpl (OzoneManagerServiceProviderImpl.java:innerGetAndApplyDeltaUpdatesFromOM(485)) - Number of updates received from OM : 0, SequenceNumber diff: 0, SequenceNumber Lag from OM 0, isDBUpdateSuccess: true
2024-04-06 10:34:31,100 [Recon-SyncOM-1] INFO  impl.OzoneManagerServiceProviderImpl (OzoneManagerServiceProviderImpl.java:getAndApplyDeltaUpdatesFromOM(438)) - Delta updates received from OM : 1 loops, 0 records
2024-04-06 10:34:31,225 [ContainerHealthTask] INFO  fsck.ContainerHealthTask (ContainerHealthTask.java:triggerContainerHealthCheck(140)) - Container Health task thread took 0 milliseconds to process 0 existing database records.
2024-04-06 10:34:31,228 [ContainerHealthTask] INFO  fsck.ContainerHealthTask (ContainerHealthTask.java:checkAndProcessContainers(166)) - Container Health task thread took 2 milliseconds for processing 1 containers.
2024-04-06 10:34:31,228 [ContainerHealthTask] INFO  fsck.ContainerHealthTask (ContainerHealthTask.java:lambda$logUnhealthyContainerStats$3(204)) - MISSING **Container State Stats:** 
	
2024-04-06 10:34:31,228 [ContainerHealthTask] INFO  fsck.ContainerHealthTask (ContainerHealthTask.java:lambda$logUnhealthyContainerStats$3(204)) - OVER_REPLICATED **Container State Stats:** 
	
2024-04-06 10:34:31,228 [ContainerHealthTask] INFO  fsck.ContainerHealthTask (ContainerHealthTask.java:lambda$logUnhealthyContainerStats$3(204)) - EMPTY_MISSING **Container State Stats:** 
	
2024-04-06 10:34:31,228 [ContainerHealthTask] INFO  fsck.ContainerHealthTask (ContainerHealthTask.java:lambda$logUnhealthyContainerStats$3(204)) - NEGATIVE_SIZE **Container State Stats:** 
	
2024-04-06 10:34:31,228 [ContainerHealthTask] INFO  fsck.ContainerHealthTask (ContainerHealthTask.java:lambda$logUnhealthyContainerStats$3(204)) - UNDER_REPLICATED **Container State Stats:** 
	
2024-04-06 10:34:31,228 [ContainerHealthTask] INFO  fsck.ContainerHealthTask (ContainerHealthTask.java:lambda$logUnhealthyContainerStats$3(204)) - MIS_REPLICATED **Container State Stats:** 
	
2024-04-06 10:34:31,228 [ContainerHealthTask] INFO  fsck.ContainerHealthTask (ContainerHealthTask.java:checkAndProcessContainers(179)) - Container Health task thread took 1 iterations to fetch all containers using batched approach with batch size of 1000
2024-04-06 10:34:31,636 [ReplicationMonitor] INFO  replication.ReplicationManager (ReplicationManager.java:processAll(399)) - Replication Monitor Thread took 1 milliseconds for processing 1 containers.
2024-04-06 10:34:31,773 [main] INFO  container.TestHelper (TestHelper.java:countReplicas(427)) - Container 1 has 3 replicas on [59c3495a-7636-40f9-8dfa-c28be8e98abd, cc1e4d3c-2283-4c28-b737-db868cb45369, d1715241-1ffa-4146-b219-94c9c0fc171f]
2024-04-06 10:34:32,102 [Recon-SyncOM-1] INFO  impl.OzoneManagerServiceProviderImpl (OzoneManagerServiceProviderImpl.java:syncDataFromOM(501)) - Syncing data from Ozone Manager.
2024-04-06 10:34:32,102 [Recon-SyncOM-1] INFO  impl.OzoneManagerServiceProviderImpl (OzoneManagerServiceProviderImpl.java:syncDataFromOM(511)) - Obtaining delta updates from Ozone Manager
2024-04-06 10:34:32,102 [Recon-SyncOM-1] INFO  impl.OzoneManagerServiceProviderImpl (OzoneManagerServiceProviderImpl.java:getAndApplyDeltaUpdatesFromOM(418)) - OriginalFromSequenceNumber : 15 
2024-04-06 10:34:32,104 [Recon-SyncOM-1] INFO  impl.OzoneManagerServiceProviderImpl (OzoneManagerServiceProviderImpl.java:innerGetAndApplyDeltaUpdatesFromOM(485)) - Number of updates received from OM : 0, SequenceNumber diff: 0, SequenceNumber Lag from OM 0, isDBUpdateSuccess: true
2024-04-06 10:34:32,104 [Recon-SyncOM-1] INFO  impl.OzoneManagerServiceProviderImpl (OzoneManagerServiceProviderImpl.java:getAndApplyDeltaUpdatesFromOM(438)) - Delta updates received from OM : 1 loops, 0 records
2024-04-06 10:34:32,229 [ContainerHealthTask] INFO  fsck.ContainerHealthTask (ContainerHealthTask.java:triggerContainerHealthCheck(140)) - Container Health task thread took 1 milliseconds to process 0 existing database records.
2024-04-06 10:34:32,231 [ContainerHealthTask] INFO  fsck.ContainerHealthTask (ContainerHealthTask.java:checkAndProcessContainers(166)) - Container Health task thread took 2 milliseconds for processing 1 containers.
2024-04-06 10:34:32,231 [ContainerHealthTask] INFO  fsck.ContainerHealthTask (ContainerHealthTask.java:lambda$logUnhealthyContainerStats$3(204)) - MISSING **Container State Stats:** 
	
2024-04-06 10:34:32,231 [ContainerHealthTask] INFO  fsck.ContainerHealthTask (ContainerHealthTask.java:lambda$logUnhealthyContainerStats$3(204)) - OVER_REPLICATED **Container State Stats:** 
	
2024-04-06 10:34:32,231 [ContainerHealthTask] INFO  fsck.ContainerHealthTask (ContainerHealthTask.java:lambda$logUnhealthyContainerStats$3(204)) - EMPTY_MISSING **Container State Stats:** 
	
2024-04-06 10:34:32,231 [ContainerHealthTask] INFO  fsck.ContainerHealthTask (ContainerHealthTask.java:lambda$logUnhealthyContainerStats$3(204)) - NEGATIVE_SIZE **Container State Stats:** 
	
2024-04-06 10:34:32,231 [ContainerHealthTask] INFO  fsck.ContainerHealthTask (ContainerHealthTask.java:lambda$logUnhealthyContainerStats$3(204)) - UNDER_REPLICATED **Container State Stats:** 
	
2024-04-06 10:34:32,231 [ContainerHealthTask] INFO  fsck.ContainerHealthTask (ContainerHealthTask.java:lambda$logUnhealthyContainerStats$3(204)) - MIS_REPLICATED **Container State Stats:** 
	
2024-04-06 10:34:32,231 [ContainerHealthTask] INFO  fsck.ContainerHealthTask (ContainerHealthTask.java:checkAndProcessContainers(179)) - Container Health task thread took 1 iterations to fetch all containers using batched approach with batch size of 1000
2024-04-06 10:34:32,636 [ReplicationMonitor] INFO  replication.ReplicationManager (ReplicationManager.java:processAll(399)) - Replication Monitor Thread took 0 milliseconds for processing 1 containers.
2024-04-06 10:34:32,773 [main] INFO  container.TestHelper (TestHelper.java:countReplicas(427)) - Container 1 has 3 replicas on [59c3495a-7636-40f9-8dfa-c28be8e98abd, cc1e4d3c-2283-4c28-b737-db868cb45369, d1715241-1ffa-4146-b219-94c9c0fc171f]
2024-04-06 10:34:33,106 [Recon-SyncOM-1] INFO  impl.OzoneManagerServiceProviderImpl (OzoneManagerServiceProviderImpl.java:syncDataFromOM(501)) - Syncing data from Ozone Manager.
2024-04-06 10:34:33,106 [Recon-SyncOM-1] INFO  impl.OzoneManagerServiceProviderImpl (OzoneManagerServiceProviderImpl.java:syncDataFromOM(511)) - Obtaining delta updates from Ozone Manager
2024-04-06 10:34:33,106 [Recon-SyncOM-1] INFO  impl.OzoneManagerServiceProviderImpl (OzoneManagerServiceProviderImpl.java:getAndApplyDeltaUpdatesFromOM(418)) - OriginalFromSequenceNumber : 15 
2024-04-06 10:34:33,108 [Recon-SyncOM-1] INFO  impl.OzoneManagerServiceProviderImpl (OzoneManagerServiceProviderImpl.java:innerGetAndApplyDeltaUpdatesFromOM(485)) - Number of updates received from OM : 0, SequenceNumber diff: 0, SequenceNumber Lag from OM 0, isDBUpdateSuccess: true
2024-04-06 10:34:33,108 [Recon-SyncOM-1] INFO  impl.OzoneManagerServiceProviderImpl (OzoneManagerServiceProviderImpl.java:getAndApplyDeltaUpdatesFromOM(438)) - Delta updates received from OM : 1 loops, 0 records
2024-04-06 10:34:33,232 [ContainerHealthTask] INFO  fsck.ContainerHealthTask (ContainerHealthTask.java:triggerContainerHealthCheck(140)) - Container Health task thread took 0 milliseconds to process 0 existing database records.
2024-04-06 10:34:33,234 [ContainerHealthTask] INFO  fsck.ContainerHealthTask (ContainerHealthTask.java:checkAndProcessContainers(166)) - Container Health task thread took 2 milliseconds for processing 1 containers.
2024-04-06 10:34:33,234 [ContainerHealthTask] INFO  fsck.ContainerHealthTask (ContainerHealthTask.java:lambda$logUnhealthyContainerStats$3(204)) - MISSING **Container State Stats:** 
	
2024-04-06 10:34:33,234 [ContainerHealthTask] INFO  fsck.ContainerHealthTask (ContainerHealthTask.java:lambda$logUnhealthyContainerStats$3(204)) - OVER_REPLICATED **Container State Stats:** 
	
2024-04-06 10:34:33,234 [ContainerHealthTask] INFO  fsck.ContainerHealthTask (ContainerHealthTask.java:lambda$logUnhealthyContainerStats$3(204)) - EMPTY_MISSING **Container State Stats:** 
	
2024-04-06 10:34:33,234 [ContainerHealthTask] INFO  fsck.ContainerHealthTask (ContainerHealthTask.java:lambda$logUnhealthyContainerStats$3(204)) - NEGATIVE_SIZE **Container State Stats:** 
	
2024-04-06 10:34:33,234 [ContainerHealthTask] INFO  fsck.ContainerHealthTask (ContainerHealthTask.java:lambda$logUnhealthyContainerStats$3(204)) - UNDER_REPLICATED **Container State Stats:** 
	
2024-04-06 10:34:33,234 [ContainerHealthTask] INFO  fsck.ContainerHealthTask (ContainerHealthTask.java:lambda$logUnhealthyContainerStats$3(204)) - MIS_REPLICATED **Container State Stats:** 
	
2024-04-06 10:34:33,234 [ContainerHealthTask] INFO  fsck.ContainerHealthTask (ContainerHealthTask.java:checkAndProcessContainers(179)) - Container Health task thread took 1 iterations to fetch all containers using batched approach with batch size of 1000
2024-04-06 10:34:33,637 [ReplicationMonitor] INFO  replication.ReplicationManager (ReplicationManager.java:processAll(399)) - Replication Monitor Thread took 1 milliseconds for processing 1 containers.
2024-04-06 10:34:33,774 [main] INFO  container.TestHelper (TestHelper.java:countReplicas(427)) - Container 1 has 3 replicas on [59c3495a-7636-40f9-8dfa-c28be8e98abd, cc1e4d3c-2283-4c28-b737-db868cb45369, d1715241-1ffa-4146-b219-94c9c0fc171f]
2024-04-06 10:34:33,998 [ContainerSizeCountTask] INFO  tasks.ContainerSizeCountTask (ContainerSizeCountTask.java:run(101)) - Deleted 0 records from "CONTAINER_COUNT_BY_SIZE"
2024-04-06 10:34:34,012 [ContainerSizeCountTask] INFO  tasks.ContainerSizeCountTask (ContainerSizeCountTask.java:process(200)) - Completed a 'process' run of ContainerSizeCountTask.
2024-04-06 10:34:34,012 [ContainerSizeCountTask] INFO  tasks.ContainerSizeCountTask (ContainerSizeCountTask.java:run(114)) - Elapsed Time in milliseconds for Process() execution: 13
2024-04-06 10:34:34,109 [Recon-SyncOM-1] INFO  impl.OzoneManagerServiceProviderImpl (OzoneManagerServiceProviderImpl.java:syncDataFromOM(501)) - Syncing data from Ozone Manager.
2024-04-06 10:34:34,110 [Recon-SyncOM-1] INFO  impl.OzoneManagerServiceProviderImpl (OzoneManagerServiceProviderImpl.java:syncDataFromOM(511)) - Obtaining delta updates from Ozone Manager
2024-04-06 10:34:34,110 [Recon-SyncOM-1] INFO  impl.OzoneManagerServiceProviderImpl (OzoneManagerServiceProviderImpl.java:getAndApplyDeltaUpdatesFromOM(418)) - OriginalFromSequenceNumber : 15 
2024-04-06 10:34:34,111 [Recon-SyncOM-1] INFO  impl.OzoneManagerServiceProviderImpl (OzoneManagerServiceProviderImpl.java:innerGetAndApplyDeltaUpdatesFromOM(485)) - Number of updates received from OM : 0, SequenceNumber diff: 0, SequenceNumber Lag from OM 0, isDBUpdateSuccess: true
2024-04-06 10:34:34,111 [Recon-SyncOM-1] INFO  impl.OzoneManagerServiceProviderImpl (OzoneManagerServiceProviderImpl.java:getAndApplyDeltaUpdatesFromOM(438)) - Delta updates received from OM : 1 loops, 0 records
2024-04-06 10:34:34,235 [ContainerHealthTask] INFO  fsck.ContainerHealthTask (ContainerHealthTask.java:triggerContainerHealthCheck(140)) - Container Health task thread took 0 milliseconds to process 0 existing database records.
2024-04-06 10:34:34,237 [ContainerHealthTask] INFO  fsck.ContainerHealthTask (ContainerHealthTask.java:checkAndProcessContainers(166)) - Container Health task thread took 1 milliseconds for processing 1 containers.
2024-04-06 10:34:34,237 [ContainerHealthTask] INFO  fsck.ContainerHealthTask (ContainerHealthTask.java:lambda$logUnhealthyContainerStats$3(204)) - MISSING **Container State Stats:** 
	
2024-04-06 10:34:34,237 [ContainerHealthTask] INFO  fsck.ContainerHealthTask (ContainerHealthTask.java:lambda$logUnhealthyContainerStats$3(204)) - OVER_REPLICATED **Container State Stats:** 
	
2024-04-06 10:34:34,237 [ContainerHealthTask] INFO  fsck.ContainerHealthTask (ContainerHealthTask.java:lambda$logUnhealthyContainerStats$3(204)) - EMPTY_MISSING **Container State Stats:** 
	
2024-04-06 10:34:34,237 [ContainerHealthTask] INFO  fsck.ContainerHealthTask (ContainerHealthTask.java:lambda$logUnhealthyContainerStats$3(204)) - NEGATIVE_SIZE **Container State Stats:** 
	
2024-04-06 10:34:34,237 [ContainerHealthTask] INFO  fsck.ContainerHealthTask (ContainerHealthTask.java:lambda$logUnhealthyContainerStats$3(204)) - UNDER_REPLICATED **Container State Stats:** 
	
2024-04-06 10:34:34,237 [ContainerHealthTask] INFO  fsck.ContainerHealthTask (ContainerHealthTask.java:lambda$logUnhealthyContainerStats$3(204)) - MIS_REPLICATED **Container State Stats:** 
	
2024-04-06 10:34:34,237 [ContainerHealthTask] INFO  fsck.ContainerHealthTask (ContainerHealthTask.java:checkAndProcessContainers(179)) - Container Health task thread took 1 iterations to fetch all containers using batched approach with batch size of 1000
2024-04-06 10:34:34,637 [ReplicationMonitor] INFO  replication.ReplicationManager (ReplicationManager.java:processAll(399)) - Replication Monitor Thread took 0 milliseconds for processing 1 containers.
2024-04-06 10:34:34,774 [main] INFO  container.TestHelper (TestHelper.java:countReplicas(427)) - Container 1 has 3 replicas on [59c3495a-7636-40f9-8dfa-c28be8e98abd, cc1e4d3c-2283-4c28-b737-db868cb45369, d1715241-1ffa-4146-b219-94c9c0fc171f]
2024-04-06 10:34:35,114 [Recon-SyncOM-1] INFO  impl.OzoneManagerServiceProviderImpl (OzoneManagerServiceProviderImpl.java:syncDataFromOM(501)) - Syncing data from Ozone Manager.
2024-04-06 10:34:35,114 [Recon-SyncOM-1] INFO  impl.OzoneManagerServiceProviderImpl (OzoneManagerServiceProviderImpl.java:syncDataFromOM(511)) - Obtaining delta updates from Ozone Manager
2024-04-06 10:34:35,114 [Recon-SyncOM-1] INFO  impl.OzoneManagerServiceProviderImpl (OzoneManagerServiceProviderImpl.java:getAndApplyDeltaUpdatesFromOM(418)) - OriginalFromSequenceNumber : 15 
2024-04-06 10:34:35,116 [Recon-SyncOM-1] INFO  impl.OzoneManagerServiceProviderImpl (OzoneManagerServiceProviderImpl.java:innerGetAndApplyDeltaUpdatesFromOM(485)) - Number of updates received from OM : 0, SequenceNumber diff: 0, SequenceNumber Lag from OM 0, isDBUpdateSuccess: true
2024-04-06 10:34:35,116 [Recon-SyncOM-1] INFO  impl.OzoneManagerServiceProviderImpl (OzoneManagerServiceProviderImpl.java:getAndApplyDeltaUpdatesFromOM(438)) - Delta updates received from OM : 1 loops, 0 records
2024-04-06 10:34:35,238 [ContainerHealthTask] INFO  fsck.ContainerHealthTask (ContainerHealthTask.java:triggerContainerHealthCheck(140)) - Container Health task thread took 0 milliseconds to process 0 existing database records.
2024-04-06 10:34:35,240 [ContainerHealthTask] INFO  fsck.ContainerHealthTask (ContainerHealthTask.java:checkAndProcessContainers(166)) - Container Health task thread took 1 milliseconds for processing 1 containers.
2024-04-06 10:34:35,240 [ContainerHealthTask] INFO  fsck.ContainerHealthTask (ContainerHealthTask.java:lambda$logUnhealthyContainerStats$3(204)) - MISSING **Container State Stats:** 
	
2024-04-06 10:34:35,240 [ContainerHealthTask] INFO  fsck.ContainerHealthTask (ContainerHealthTask.java:lambda$logUnhealthyContainerStats$3(204)) - OVER_REPLICATED **Container State Stats:** 
	
2024-04-06 10:34:35,240 [ContainerHealthTask] INFO  fsck.ContainerHealthTask (ContainerHealthTask.java:lambda$logUnhealthyContainerStats$3(204)) - EMPTY_MISSING **Container State Stats:** 
	
2024-04-06 10:34:35,240 [ContainerHealthTask] INFO  fsck.ContainerHealthTask (ContainerHealthTask.java:lambda$logUnhealthyContainerStats$3(204)) - NEGATIVE_SIZE **Container State Stats:** 
	
2024-04-06 10:34:35,240 [ContainerHealthTask] INFO  fsck.ContainerHealthTask (ContainerHealthTask.java:lambda$logUnhealthyContainerStats$3(204)) - UNDER_REPLICATED **Container State Stats:** 
	
2024-04-06 10:34:35,240 [ContainerHealthTask] INFO  fsck.ContainerHealthTask (ContainerHealthTask.java:lambda$logUnhealthyContainerStats$3(204)) - MIS_REPLICATED **Container State Stats:** 
	
2024-04-06 10:34:35,241 [ContainerHealthTask] INFO  fsck.ContainerHealthTask (ContainerHealthTask.java:checkAndProcessContainers(179)) - Container Health task thread took 1 iterations to fetch all containers using batched approach with batch size of 1000
2024-04-06 10:34:35,366 [Recon-FixedThreadPoolWithAffinityExecutor-9-0] WARN  events.FixedThreadPoolWithAffinityExecutor (FixedThreadPoolWithAffinityExecutor.java:run(276)) - Event remained in queue for long time 3 millisec, cc1e4d3c-2283-4c28-b737-db868cb45369(fv-az526-218.pah0jnozfufetaq2ul10ticbdc.dx.internal.cloudapp.net/10.1.0.10), {type: FCR, size: 1}
2024-04-06 10:34:35,367 [Recon-FixedThreadPoolWithAffinityExecutor-9-0] WARN  events.FixedThreadPoolWithAffinityExecutor (FixedThreadPoolWithAffinityExecutor.java:run(289)) - Event taken long execution time 3 millisec, cc1e4d3c-2283-4c28-b737-db868cb45369(fv-az526-218.pah0jnozfufetaq2ul10ticbdc.dx.internal.cloudapp.net/10.1.0.10), {type: FCR, size: 1}
2024-04-06 10:34:35,637 [ReplicationMonitor] INFO  replication.ReplicationManager (ReplicationManager.java:processAll(399)) - Replication Monitor Thread took 0 milliseconds for processing 1 containers.
2024-04-06 10:34:35,775 [main] INFO  container.TestHelper (TestHelper.java:countReplicas(427)) - Container 1 has 3 replicas on [59c3495a-7636-40f9-8dfa-c28be8e98abd, cc1e4d3c-2283-4c28-b737-db868cb45369, d1715241-1ffa-4146-b219-94c9c0fc171f]
2024-04-06 10:34:36,118 [Recon-SyncOM-1] INFO  impl.OzoneManagerServiceProviderImpl (OzoneManagerServiceProviderImpl.java:syncDataFromOM(501)) - Syncing data from Ozone Manager.
2024-04-06 10:34:36,118 [Recon-SyncOM-1] INFO  impl.OzoneManagerServiceProviderImpl (OzoneManagerServiceProviderImpl.java:syncDataFromOM(511)) - Obtaining delta updates from Ozone Manager
2024-04-06 10:34:36,118 [Recon-SyncOM-1] INFO  impl.OzoneManagerServiceProviderImpl (OzoneManagerServiceProviderImpl.java:getAndApplyDeltaUpdatesFromOM(418)) - OriginalFromSequenceNumber : 15 
2024-04-06 10:34:36,119 [Recon-SyncOM-1] INFO  impl.OzoneManagerServiceProviderImpl (OzoneManagerServiceProviderImpl.java:innerGetAndApplyDeltaUpdatesFromOM(485)) - Number of updates received from OM : 0, SequenceNumber diff: 0, SequenceNumber Lag from OM 0, isDBUpdateSuccess: true
2024-04-06 10:34:36,119 [Recon-SyncOM-1] INFO  impl.OzoneManagerServiceProviderImpl (OzoneManagerServiceProviderImpl.java:getAndApplyDeltaUpdatesFromOM(438)) - Delta updates received from OM : 1 loops, 0 records
2024-04-06 10:34:36,241 [ContainerHealthTask] INFO  fsck.ContainerHealthTask (ContainerHealthTask.java:triggerContainerHealthCheck(140)) - Container Health task thread took 0 milliseconds to process 0 existing database records.
2024-04-06 10:34:36,243 [ContainerHealthTask] INFO  fsck.ContainerHealthTask (ContainerHealthTask.java:checkAndProcessContainers(166)) - Container Health task thread took 1 milliseconds for processing 1 containers.
2024-04-06 10:34:36,243 [ContainerHealthTask] INFO  fsck.ContainerHealthTask (ContainerHealthTask.java:lambda$logUnhealthyContainerStats$3(204)) - MISSING **Container State Stats:** 
	
2024-04-06 10:34:36,243 [ContainerHealthTask] INFO  fsck.ContainerHealthTask (ContainerHealthTask.java:lambda$logUnhealthyContainerStats$3(204)) - OVER_REPLICATED **Container State Stats:** 
	
2024-04-06 10:34:36,243 [ContainerHealthTask] INFO  fsck.ContainerHealthTask (ContainerHealthTask.java:lambda$logUnhealthyContainerStats$3(204)) - EMPTY_MISSING **Container State Stats:** 
	
2024-04-06 10:34:36,243 [ContainerHealthTask] INFO  fsck.ContainerHealthTask (ContainerHealthTask.java:lambda$logUnhealthyContainerStats$3(204)) - NEGATIVE_SIZE **Container State Stats:** 
	
2024-04-06 10:34:36,243 [ContainerHealthTask] INFO  fsck.ContainerHealthTask (ContainerHealthTask.java:lambda$logUnhealthyContainerStats$3(204)) - UNDER_REPLICATED **Container State Stats:** 
	
2024-04-06 10:34:36,243 [ContainerHealthTask] INFO  fsck.ContainerHealthTask (ContainerHealthTask.java:lambda$logUnhealthyContainerStats$3(204)) - MIS_REPLICATED **Container State Stats:** 
	
2024-04-06 10:34:36,243 [ContainerHealthTask] INFO  fsck.ContainerHealthTask (ContainerHealthTask.java:checkAndProcessContainers(179)) - Container Health task thread took 1 iterations to fetch all containers using batched approach with batch size of 1000
2024-04-06 10:34:36,537 [59c3495a-7636-40f9-8dfa-c28be8e98abd-BlockDeletingService#0] INFO  interfaces.ContainerDeletionChoosingPolicyTemplate (ContainerDeletionChoosingPolicyTemplate.java:chooseContainerForBlockDeletion(85)) - Chosen 0/5000 blocks from 0 candidate containers.
2024-04-06 10:34:36,591 [cc1e4d3c-2283-4c28-b737-db868cb45369-BlockDeletingService#0] INFO  interfaces.ContainerDeletionChoosingPolicyTemplate (ContainerDeletionChoosingPolicyTemplate.java:chooseContainerForBlockDeletion(85)) - Chosen 0/5000 blocks from 0 candidate containers.
2024-04-06 10:34:36,638 [ReplicationMonitor] INFO  replication.ReplicationManager (ReplicationManager.java:processAll(399)) - Replication Monitor Thread took 0 milliseconds for processing 1 containers.
2024-04-06 10:34:36,752 [d1715241-1ffa-4146-b219-94c9c0fc171f-BlockDeletingService#0] INFO  interfaces.ContainerDeletionChoosingPolicyTemplate (ContainerDeletionChoosingPolicyTemplate.java:chooseContainerForBlockDeletion(85)) - Chosen 0/5000 blocks from 0 candidate containers.
2024-04-06 10:34:36,775 [main] INFO  container.TestHelper (TestHelper.java:countReplicas(427)) - Container 1 has 3 replicas on [59c3495a-7636-40f9-8dfa-c28be8e98abd, cc1e4d3c-2283-4c28-b737-db868cb45369, d1715241-1ffa-4146-b219-94c9c0fc171f]
2024-04-06 10:34:36,816 [a40aef6e-dfc7-4141-9a41-17d72bf4eeff-BlockDeletingService#0] INFO  interfaces.ContainerDeletionChoosingPolicyTemplate (ContainerDeletionChoosingPolicyTemplate.java:chooseContainerForBlockDeletion(85)) - Chosen 0/5000 blocks from 0 candidate containers.
2024-04-06 10:34:36,902 [ceb25050-cf9f-4852-a13e-a5ff0cf3b4d2-BlockDeletingService#0] INFO  interfaces.ContainerDeletionChoosingPolicyTemplate (ContainerDeletionChoosingPolicyTemplate.java:chooseContainerForBlockDeletion(85)) - Chosen 0/5000 blocks from 0 candidate containers.
2024-04-06 10:34:37,121 [Recon-SyncOM-1] INFO  impl.OzoneManagerServiceProviderImpl (OzoneManagerServiceProviderImpl.java:syncDataFromOM(501)) - Syncing data from Ozone Manager.
2024-04-06 10:34:37,121 [Recon-SyncOM-1] INFO  impl.OzoneManagerServiceProviderImpl (OzoneManagerServiceProviderImpl.java:syncDataFromOM(511)) - Obtaining delta updates from Ozone Manager
2024-04-06 10:34:37,121 [Recon-SyncOM-1] INFO  impl.OzoneManagerServiceProviderImpl (OzoneManagerServiceProviderImpl.java:getAndApplyDeltaUpdatesFromOM(418)) - OriginalFromSequenceNumber : 15 
2024-04-06 10:34:37,123 [Recon-SyncOM-1] INFO  impl.OzoneManagerServiceProviderImpl (OzoneManagerServiceProviderImpl.java:innerGetAndApplyDeltaUpdatesFromOM(485)) - Number of updates received from OM : 0, SequenceNumber diff: 0, SequenceNumber Lag from OM 0, isDBUpdateSuccess: true
2024-04-06 10:34:37,123 [Recon-SyncOM-1] INFO  impl.OzoneManagerServiceProviderImpl (OzoneManagerServiceProviderImpl.java:getAndApplyDeltaUpdatesFromOM(438)) - Delta updates received from OM : 1 loops, 0 records
2024-04-06 10:34:37,244 [ContainerHealthTask] INFO  fsck.ContainerHealthTask (ContainerHealthTask.java:triggerContainerHealthCheck(140)) - Container Health task thread took 0 milliseconds to process 0 existing database records.
2024-04-06 10:34:37,246 [ContainerHealthTask] INFO  fsck.ContainerHealthTask (ContainerHealthTask.java:checkAndProcessContainers(166)) - Container Health task thread took 1 milliseconds for processing 1 containers.
2024-04-06 10:34:37,246 [ContainerHealthTask] INFO  fsck.ContainerHealthTask (ContainerHealthTask.java:lambda$logUnhealthyContainerStats$3(204)) - MISSING **Container State Stats:** 
	
2024-04-06 10:34:37,246 [ContainerHealthTask] INFO  fsck.ContainerHealthTask (ContainerHealthTask.java:lambda$logUnhealthyContainerStats$3(204)) - OVER_REPLICATED **Container State Stats:** 
	
2024-04-06 10:34:37,246 [ContainerHealthTask] INFO  fsck.ContainerHealthTask (ContainerHealthTask.java:lambda$logUnhealthyContainerStats$3(204)) - EMPTY_MISSING **Container State Stats:** 
	
2024-04-06 10:34:37,246 [ContainerHealthTask] INFO  fsck.ContainerHealthTask (ContainerHealthTask.java:lambda$logUnhealthyContainerStats$3(204)) - NEGATIVE_SIZE **Container State Stats:** 
	
2024-04-06 10:34:37,246 [ContainerHealthTask] INFO  fsck.ContainerHealthTask (ContainerHealthTask.java:lambda$logUnhealthyContainerStats$3(204)) - UNDER_REPLICATED **Container State Stats:** 
	
2024-04-06 10:34:37,246 [ContainerHealthTask] INFO  fsck.ContainerHealthTask (ContainerHealthTask.java:lambda$logUnhealthyContainerStats$3(204)) - MIS_REPLICATED **Container State Stats:** 
	
2024-04-06 10:34:37,246 [ContainerHealthTask] INFO  fsck.ContainerHealthTask (ContainerHealthTask.java:checkAndProcessContainers(179)) - Container Health task thread took 1 iterations to fetch all containers using batched approach with batch size of 1000
2024-04-06 10:34:37,638 [ReplicationMonitor] INFO  replication.ReplicationManager (ReplicationManager.java:processAll(399)) - Replication Monitor Thread took 0 milliseconds for processing 1 containers.
2024-04-06 10:34:37,775 [main] INFO  container.TestHelper (TestHelper.java:countReplicas(427)) - Container 1 has 3 replicas on [59c3495a-7636-40f9-8dfa-c28be8e98abd, cc1e4d3c-2283-4c28-b737-db868cb45369, d1715241-1ffa-4146-b219-94c9c0fc171f]
2024-04-06 10:34:38,124 [Recon-SyncOM-1] INFO  impl.OzoneManagerServiceProviderImpl (OzoneManagerServiceProviderImpl.java:syncDataFromOM(501)) - Syncing data from Ozone Manager.
2024-04-06 10:34:38,125 [Recon-SyncOM-1] INFO  impl.OzoneManagerServiceProviderImpl (OzoneManagerServiceProviderImpl.java:syncDataFromOM(511)) - Obtaining delta updates from Ozone Manager
2024-04-06 10:34:38,125 [Recon-SyncOM-1] INFO  impl.OzoneManagerServiceProviderImpl (OzoneManagerServiceProviderImpl.java:getAndApplyDeltaUpdatesFromOM(418)) - OriginalFromSequenceNumber : 15 
2024-04-06 10:34:38,126 [Recon-SyncOM-1] INFO  impl.OzoneManagerServiceProviderImpl (OzoneManagerServiceProviderImpl.java:innerGetAndApplyDeltaUpdatesFromOM(485)) - Number of updates received from OM : 0, SequenceNumber diff: 0, SequenceNumber Lag from OM 0, isDBUpdateSuccess: true
2024-04-06 10:34:38,126 [Recon-SyncOM-1] INFO  impl.OzoneManagerServiceProviderImpl (OzoneManagerServiceProviderImpl.java:getAndApplyDeltaUpdatesFromOM(438)) - Delta updates received from OM : 1 loops, 0 records
2024-04-06 10:34:38,247 [ContainerHealthTask] INFO  fsck.ContainerHealthTask (ContainerHealthTask.java:triggerContainerHealthCheck(140)) - Container Health task thread took 0 milliseconds to process 0 existing database records.
2024-04-06 10:34:38,249 [ContainerHealthTask] INFO  fsck.ContainerHealthTask (ContainerHealthTask.java:checkAndProcessContainers(166)) - Container Health task thread took 2 milliseconds for processing 1 containers.
2024-04-06 10:34:38,249 [ContainerHealthTask] INFO  fsck.ContainerHealthTask (ContainerHealthTask.java:lambda$logUnhealthyContainerStats$3(204)) - MISSING **Container State Stats:** 
	
2024-04-06 10:34:38,249 [ContainerHealthTask] INFO  fsck.ContainerHealthTask (ContainerHealthTask.java:lambda$logUnhealthyContainerStats$3(204)) - OVER_REPLICATED **Container State Stats:** 
	
2024-04-06 10:34:38,249 [ContainerHealthTask] INFO  fsck.ContainerHealthTask (ContainerHealthTask.java:lambda$logUnhealthyContainerStats$3(204)) - EMPTY_MISSING **Container State Stats:** 
	
2024-04-06 10:34:38,249 [ContainerHealthTask] INFO  fsck.ContainerHealthTask (ContainerHealthTask.java:lambda$logUnhealthyContainerStats$3(204)) - NEGATIVE_SIZE **Container State Stats:** 
	
2024-04-06 10:34:38,249 [ContainerHealthTask] INFO  fsck.ContainerHealthTask (ContainerHealthTask.java:lambda$logUnhealthyContainerStats$3(204)) - UNDER_REPLICATED **Container State Stats:** 
	
2024-04-06 10:34:38,249 [ContainerHealthTask] INFO  fsck.ContainerHealthTask (ContainerHealthTask.java:lambda$logUnhealthyContainerStats$3(204)) - MIS_REPLICATED **Container State Stats:** 
	
2024-04-06 10:34:38,249 [ContainerHealthTask] INFO  fsck.ContainerHealthTask (ContainerHealthTask.java:checkAndProcessContainers(179)) - Container Health task thread took 1 iterations to fetch all containers using batched approach with batch size of 1000
2024-04-06 10:34:38,639 [ReplicationMonitor] INFO  replication.ReplicationManager (ReplicationManager.java:processAll(399)) - Replication Monitor Thread took 0 milliseconds for processing 1 containers.
2024-04-06 10:34:38,776 [main] INFO  container.TestHelper (TestHelper.java:countReplicas(427)) - Container 1 has 3 replicas on [59c3495a-7636-40f9-8dfa-c28be8e98abd, cc1e4d3c-2283-4c28-b737-db868cb45369, d1715241-1ffa-4146-b219-94c9c0fc171f]
2024-04-06 10:34:39,128 [Recon-SyncOM-1] INFO  impl.OzoneManagerServiceProviderImpl (OzoneManagerServiceProviderImpl.java:syncDataFromOM(501)) - Syncing data from Ozone Manager.
2024-04-06 10:34:39,128 [Recon-SyncOM-1] INFO  impl.OzoneManagerServiceProviderImpl (OzoneManagerServiceProviderImpl.java:syncDataFromOM(511)) - Obtaining delta updates from Ozone Manager
2024-04-06 10:34:39,128 [Recon-SyncOM-1] INFO  impl.OzoneManagerServiceProviderImpl (OzoneManagerServiceProviderImpl.java:getAndApplyDeltaUpdatesFromOM(418)) - OriginalFromSequenceNumber : 15 
2024-04-06 10:34:39,130 [Recon-SyncOM-1] INFO  impl.OzoneManagerServiceProviderImpl (OzoneManagerServiceProviderImpl.java:innerGetAndApplyDeltaUpdatesFromOM(485)) - Number of updates received from OM : 0, SequenceNumber diff: 0, SequenceNumber Lag from OM 0, isDBUpdateSuccess: true
2024-04-06 10:34:39,130 [Recon-SyncOM-1] INFO  impl.OzoneManagerServiceProviderImpl (OzoneManagerServiceProviderImpl.java:getAndApplyDeltaUpdatesFromOM(438)) - Delta updates received from OM : 1 loops, 0 records
2024-04-06 10:34:39,250 [ContainerHealthTask] INFO  fsck.ContainerHealthTask (ContainerHealthTask.java:triggerContainerHealthCheck(140)) - Container Health task thread took 0 milliseconds to process 0 existing database records.
2024-04-06 10:34:39,252 [ContainerHealthTask] INFO  fsck.ContainerHealthTask (ContainerHealthTask.java:checkAndProcessContainers(166)) - Container Health task thread took 2 milliseconds for processing 1 containers.
2024-04-06 10:34:39,252 [ContainerHealthTask] INFO  fsck.ContainerHealthTask (ContainerHealthTask.java:lambda$logUnhealthyContainerStats$3(204)) - MISSING **Container State Stats:** 
	
2024-04-06 10:34:39,252 [ContainerHealthTask] INFO  fsck.ContainerHealthTask (ContainerHealthTask.java:lambda$logUnhealthyContainerStats$3(204)) - OVER_REPLICATED **Container State Stats:** 
	
2024-04-06 10:34:39,252 [ContainerHealthTask] INFO  fsck.ContainerHealthTask (ContainerHealthTask.java:lambda$logUnhealthyContainerStats$3(204)) - EMPTY_MISSING **Container State Stats:** 
	
2024-04-06 10:34:39,252 [ContainerHealthTask] INFO  fsck.ContainerHealthTask (ContainerHealthTask.java:lambda$logUnhealthyContainerStats$3(204)) - NEGATIVE_SIZE **Container State Stats:** 
	
2024-04-06 10:34:39,252 [ContainerHealthTask] INFO  fsck.ContainerHealthTask (ContainerHealthTask.java:lambda$logUnhealthyContainerStats$3(204)) - UNDER_REPLICATED **Container State Stats:** 
	
2024-04-06 10:34:39,252 [ContainerHealthTask] INFO  fsck.ContainerHealthTask (ContainerHealthTask.java:lambda$logUnhealthyContainerStats$3(204)) - MIS_REPLICATED **Container State Stats:** 
	
2024-04-06 10:34:39,252 [ContainerHealthTask] INFO  fsck.ContainerHealthTask (ContainerHealthTask.java:checkAndProcessContainers(179)) - Container Health task thread took 1 iterations to fetch all containers using batched approach with batch size of 1000
2024-04-06 10:34:39,639 [ReplicationMonitor] INFO  replication.ReplicationManager (ReplicationManager.java:processAll(399)) - Replication Monitor Thread took 0 milliseconds for processing 1 containers.
2024-04-06 10:34:39,776 [main] INFO  container.TestHelper (TestHelper.java:countReplicas(427)) - Container 1 has 3 replicas on [59c3495a-7636-40f9-8dfa-c28be8e98abd, cc1e4d3c-2283-4c28-b737-db868cb45369, d1715241-1ffa-4146-b219-94c9c0fc171f]
2024-04-06 10:34:40,131 [Recon-SyncOM-1] INFO  impl.OzoneManagerServiceProviderImpl (OzoneManagerServiceProviderImpl.java:syncDataFromOM(501)) - Syncing data from Ozone Manager.
2024-04-06 10:34:40,132 [Recon-SyncOM-1] INFO  impl.OzoneManagerServiceProviderImpl (OzoneManagerServiceProviderImpl.java:syncDataFromOM(511)) - Obtaining delta updates from Ozone Manager
2024-04-06 10:34:40,132 [Recon-SyncOM-1] INFO  impl.OzoneManagerServiceProviderImpl (OzoneManagerServiceProviderImpl.java:getAndApplyDeltaUpdatesFromOM(418)) - OriginalFromSequenceNumber : 15 
2024-04-06 10:34:40,133 [Recon-SyncOM-1] INFO  impl.OzoneManagerServiceProviderImpl (OzoneManagerServiceProviderImpl.java:innerGetAndApplyDeltaUpdatesFromOM(485)) - Number of updates received from OM : 0, SequenceNumber diff: 0, SequenceNumber Lag from OM 0, isDBUpdateSuccess: true
2024-04-06 10:34:40,133 [Recon-SyncOM-1] INFO  impl.OzoneManagerServiceProviderImpl (OzoneManagerServiceProviderImpl.java:getAndApplyDeltaUpdatesFromOM(438)) - Delta updates received from OM : 1 loops, 0 records
2024-04-06 10:34:40,253 [ContainerHealthTask] INFO  fsck.ContainerHealthTask (ContainerHealthTask.java:triggerContainerHealthCheck(140)) - Container Health task thread took 0 milliseconds to process 0 existing database records.
2024-04-06 10:34:40,255 [ContainerHealthTask] INFO  fsck.ContainerHealthTask (ContainerHealthTask.java:checkAndProcessContainers(166)) - Container Health task thread took 2 milliseconds for processing 1 containers.
2024-04-06 10:34:40,255 [ContainerHealthTask] INFO  fsck.ContainerHealthTask (ContainerHealthTask.java:lambda$logUnhealthyContainerStats$3(204)) - MISSING **Container State Stats:** 
	
2024-04-06 10:34:40,255 [ContainerHealthTask] INFO  fsck.ContainerHealthTask (ContainerHealthTask.java:lambda$logUnhealthyContainerStats$3(204)) - OVER_REPLICATED **Container State Stats:** 
	
2024-04-06 10:34:40,255 [ContainerHealthTask] INFO  fsck.ContainerHealthTask (ContainerHealthTask.java:lambda$logUnhealthyContainerStats$3(204)) - EMPTY_MISSING **Container State Stats:** 
	
2024-04-06 10:34:40,255 [ContainerHealthTask] INFO  fsck.ContainerHealthTask (ContainerHealthTask.java:lambda$logUnhealthyContainerStats$3(204)) - NEGATIVE_SIZE **Container State Stats:** 
	
2024-04-06 10:34:40,255 [ContainerHealthTask] INFO  fsck.ContainerHealthTask (ContainerHealthTask.java:lambda$logUnhealthyContainerStats$3(204)) - UNDER_REPLICATED **Container State Stats:** 
	
2024-04-06 10:34:40,255 [ContainerHealthTask] INFO  fsck.ContainerHealthTask (ContainerHealthTask.java:lambda$logUnhealthyContainerStats$3(204)) - MIS_REPLICATED **Container State Stats:** 
	
2024-04-06 10:34:40,255 [ContainerHealthTask] INFO  fsck.ContainerHealthTask (ContainerHealthTask.java:checkAndProcessContainers(179)) - Container Health task thread took 1 iterations to fetch all containers using batched approach with batch size of 1000
2024-04-06 10:34:40,640 [ReplicationMonitor] INFO  replication.ReplicationManager (ReplicationManager.java:processAll(399)) - Replication Monitor Thread took 0 milliseconds for processing 1 containers.
2024-04-06 10:34:40,777 [main] INFO  container.TestHelper (TestHelper.java:countReplicas(427)) - Container 1 has 3 replicas on [59c3495a-7636-40f9-8dfa-c28be8e98abd, cc1e4d3c-2283-4c28-b737-db868cb45369, d1715241-1ffa-4146-b219-94c9c0fc171f]
2024-04-06 10:34:41,135 [Recon-SyncOM-1] INFO  impl.OzoneManagerServiceProviderImpl (OzoneManagerServiceProviderImpl.java:syncDataFromOM(501)) - Syncing data from Ozone Manager.
2024-04-06 10:34:41,135 [Recon-SyncOM-1] INFO  impl.OzoneManagerServiceProviderImpl (OzoneManagerServiceProviderImpl.java:syncDataFromOM(511)) - Obtaining delta updates from Ozone Manager
2024-04-06 10:34:41,135 [Recon-SyncOM-1] INFO  impl.OzoneManagerServiceProviderImpl (OzoneManagerServiceProviderImpl.java:getAndApplyDeltaUpdatesFromOM(418)) - OriginalFromSequenceNumber : 15 
2024-04-06 10:34:41,137 [Recon-SyncOM-1] INFO  impl.OzoneManagerServiceProviderImpl (OzoneManagerServiceProviderImpl.java:innerGetAndApplyDeltaUpdatesFromOM(485)) - Number of updates received from OM : 0, SequenceNumber diff: 0, SequenceNumber Lag from OM 0, isDBUpdateSuccess: true
2024-04-06 10:34:41,137 [Recon-SyncOM-1] INFO  impl.OzoneManagerServiceProviderImpl (OzoneManagerServiceProviderImpl.java:getAndApplyDeltaUpdatesFromOM(438)) - Delta updates received from OM : 1 loops, 0 records
2024-04-06 10:34:41,256 [ContainerHealthTask] INFO  fsck.ContainerHealthTask (ContainerHealthTask.java:triggerContainerHealthCheck(140)) - Container Health task thread took 0 milliseconds to process 0 existing database records.
2024-04-06 10:34:41,258 [ContainerHealthTask] INFO  fsck.ContainerHealthTask (ContainerHealthTask.java:checkAndProcessContainers(166)) - Container Health task thread took 1 milliseconds for processing 1 containers.
2024-04-06 10:34:41,258 [ContainerHealthTask] INFO  fsck.ContainerHealthTask (ContainerHealthTask.java:lambda$logUnhealthyContainerStats$3(204)) - MISSING **Container State Stats:** 
	
2024-04-06 10:34:41,258 [ContainerHealthTask] INFO  fsck.ContainerHealthTask (ContainerHealthTask.java:lambda$logUnhealthyContainerStats$3(204)) - OVER_REPLICATED **Container State Stats:** 
	
2024-04-06 10:34:41,258 [ContainerHealthTask] INFO  fsck.ContainerHealthTask (ContainerHealthTask.java:lambda$logUnhealthyContainerStats$3(204)) - EMPTY_MISSING **Container State Stats:** 
	
2024-04-06 10:34:41,258 [ContainerHealthTask] INFO  fsck.ContainerHealthTask (ContainerHealthTask.java:lambda$logUnhealthyContainerStats$3(204)) - NEGATIVE_SIZE **Container State Stats:** 
	
2024-04-06 10:34:41,258 [ContainerHealthTask] INFO  fsck.ContainerHealthTask (ContainerHealthTask.java:lambda$logUnhealthyContainerStats$3(204)) - UNDER_REPLICATED **Container State Stats:** 
	
2024-04-06 10:34:41,258 [ContainerHealthTask] INFO  fsck.ContainerHealthTask (ContainerHealthTask.java:lambda$logUnhealthyContainerStats$3(204)) - MIS_REPLICATED **Container State Stats:** 
	
2024-04-06 10:34:41,258 [ContainerHealthTask] INFO  fsck.ContainerHealthTask (ContainerHealthTask.java:checkAndProcessContainers(179)) - Container Health task thread took 1 iterations to fetch all containers using batched approach with batch size of 1000
2024-04-06 10:34:41,640 [ReplicationMonitor] INFO  replication.ReplicationManager (ReplicationManager.java:processAll(399)) - Replication Monitor Thread took 0 milliseconds for processing 1 containers.
2024-04-06 10:34:41,777 [main] INFO  container.TestHelper (TestHelper.java:countReplicas(427)) - Container 1 has 3 replicas on [59c3495a-7636-40f9-8dfa-c28be8e98abd, cc1e4d3c-2283-4c28-b737-db868cb45369, d1715241-1ffa-4146-b219-94c9c0fc171f]
2024-04-06 10:34:42,139 [Recon-SyncOM-1] INFO  impl.OzoneManagerServiceProviderImpl (OzoneManagerServiceProviderImpl.java:syncDataFromOM(501)) - Syncing data from Ozone Manager.
2024-04-06 10:34:42,139 [Recon-SyncOM-1] INFO  impl.OzoneManagerServiceProviderImpl (OzoneManagerServiceProviderImpl.java:syncDataFromOM(511)) - Obtaining delta updates from Ozone Manager
2024-04-06 10:34:42,139 [Recon-SyncOM-1] INFO  impl.OzoneManagerServiceProviderImpl (OzoneManagerServiceProviderImpl.java:getAndApplyDeltaUpdatesFromOM(418)) - OriginalFromSequenceNumber : 15 
2024-04-06 10:34:42,140 [Recon-SyncOM-1] INFO  impl.OzoneManagerServiceProviderImpl (OzoneManagerServiceProviderImpl.java:innerGetAndApplyDeltaUpdatesFromOM(485)) - Number of updates received from OM : 0, SequenceNumber diff: 0, SequenceNumber Lag from OM 0, isDBUpdateSuccess: true
2024-04-06 10:34:42,140 [Recon-SyncOM-1] INFO  impl.OzoneManagerServiceProviderImpl (OzoneManagerServiceProviderImpl.java:getAndApplyDeltaUpdatesFromOM(438)) - Delta updates received from OM : 1 loops, 0 records
2024-04-06 10:34:42,259 [ContainerHealthTask] INFO  fsck.ContainerHealthTask (ContainerHealthTask.java:triggerContainerHealthCheck(140)) - Container Health task thread took 0 milliseconds to process 0 existing database records.
2024-04-06 10:34:42,261 [ContainerHealthTask] INFO  fsck.ContainerHealthTask (ContainerHealthTask.java:checkAndProcessContainers(166)) - Container Health task thread took 2 milliseconds for processing 1 containers.
2024-04-06 10:34:42,261 [ContainerHealthTask] INFO  fsck.ContainerHealthTask (ContainerHealthTask.java:lambda$logUnhealthyContainerStats$3(204)) - MISSING **Container State Stats:** 
	
2024-04-06 10:34:42,262 [ContainerHealthTask] INFO  fsck.ContainerHealthTask (ContainerHealthTask.java:lambda$logUnhealthyContainerStats$3(204)) - OVER_REPLICATED **Container State Stats:** 
	
2024-04-06 10:34:42,262 [ContainerHealthTask] INFO  fsck.ContainerHealthTask (ContainerHealthTask.java:lambda$logUnhealthyContainerStats$3(204)) - EMPTY_MISSING **Container State Stats:** 
	
2024-04-06 10:34:42,262 [ContainerHealthTask] INFO  fsck.ContainerHealthTask (ContainerHealthTask.java:lambda$logUnhealthyContainerStats$3(204)) - NEGATIVE_SIZE **Container State Stats:** 
	
2024-04-06 10:34:42,262 [ContainerHealthTask] INFO  fsck.ContainerHealthTask (ContainerHealthTask.java:lambda$logUnhealthyContainerStats$3(204)) - UNDER_REPLICATED **Container State Stats:** 
	
2024-04-06 10:34:42,262 [ContainerHealthTask] INFO  fsck.ContainerHealthTask (ContainerHealthTask.java:lambda$logUnhealthyContainerStats$3(204)) - MIS_REPLICATED **Container State Stats:** 
	
2024-04-06 10:34:42,262 [ContainerHealthTask] INFO  fsck.ContainerHealthTask (ContainerHealthTask.java:checkAndProcessContainers(179)) - Container Health task thread took 1 iterations to fetch all containers using batched approach with batch size of 1000
2024-04-06 10:34:42,641 [ReplicationMonitor] INFO  replication.ReplicationManager (ReplicationManager.java:processAll(399)) - Replication Monitor Thread took 1 milliseconds for processing 1 containers.
2024-04-06 10:34:42,778 [main] INFO  container.TestHelper (TestHelper.java:countReplicas(427)) - Container 1 has 3 replicas on [59c3495a-7636-40f9-8dfa-c28be8e98abd, cc1e4d3c-2283-4c28-b737-db868cb45369, d1715241-1ffa-4146-b219-94c9c0fc171f]
2024-04-06 10:34:43,142 [Recon-SyncOM-1] INFO  impl.OzoneManagerServiceProviderImpl (OzoneManagerServiceProviderImpl.java:syncDataFromOM(501)) - Syncing data from Ozone Manager.
2024-04-06 10:34:43,142 [Recon-SyncOM-1] INFO  impl.OzoneManagerServiceProviderImpl (OzoneManagerServiceProviderImpl.java:syncDataFromOM(511)) - Obtaining delta updates from Ozone Manager
2024-04-06 10:34:43,142 [Recon-SyncOM-1] INFO  impl.OzoneManagerServiceProviderImpl (OzoneManagerServiceProviderImpl.java:getAndApplyDeltaUpdatesFromOM(418)) - OriginalFromSequenceNumber : 15 
2024-04-06 10:34:43,144 [Recon-SyncOM-1] INFO  impl.OzoneManagerServiceProviderImpl (OzoneManagerServiceProviderImpl.java:innerGetAndApplyDeltaUpdatesFromOM(485)) - Number of updates received from OM : 0, SequenceNumber diff: 0, SequenceNumber Lag from OM 0, isDBUpdateSuccess: true
2024-04-06 10:34:43,144 [Recon-SyncOM-1] INFO  impl.OzoneManagerServiceProviderImpl (OzoneManagerServiceProviderImpl.java:getAndApplyDeltaUpdatesFromOM(438)) - Delta updates received from OM : 1 loops, 0 records
2024-04-06 10:34:43,263 [ContainerHealthTask] INFO  fsck.ContainerHealthTask (ContainerHealthTask.java:triggerContainerHealthCheck(140)) - Container Health task thread took 1 milliseconds to process 0 existing database records.
2024-04-06 10:34:43,265 [ContainerHealthTask] INFO  fsck.ContainerHealthTask (ContainerHealthTask.java:checkAndProcessContainers(166)) - Container Health task thread took 2 milliseconds for processing 1 containers.
2024-04-06 10:34:43,265 [ContainerHealthTask] INFO  fsck.ContainerHealthTask (ContainerHealthTask.java:lambda$logUnhealthyContainerStats$3(204)) - MISSING **Container State Stats:** 
	
2024-04-06 10:34:43,265 [ContainerHealthTask] INFO  fsck.ContainerHealthTask (ContainerHealthTask.java:lambda$logUnhealthyContainerStats$3(204)) - OVER_REPLICATED **Container State Stats:** 
	
2024-04-06 10:34:43,265 [ContainerHealthTask] INFO  fsck.ContainerHealthTask (ContainerHealthTask.java:lambda$logUnhealthyContainerStats$3(204)) - EMPTY_MISSING **Container State Stats:** 
	
2024-04-06 10:34:43,265 [ContainerHealthTask] INFO  fsck.ContainerHealthTask (ContainerHealthTask.java:lambda$logUnhealthyContainerStats$3(204)) - NEGATIVE_SIZE **Container State Stats:** 
	
2024-04-06 10:34:43,265 [ContainerHealthTask] INFO  fsck.ContainerHealthTask (ContainerHealthTask.java:lambda$logUnhealthyContainerStats$3(204)) - UNDER_REPLICATED **Container State Stats:** 
	
2024-04-06 10:34:43,265 [ContainerHealthTask] INFO  fsck.ContainerHealthTask (ContainerHealthTask.java:lambda$logUnhealthyContainerStats$3(204)) - MIS_REPLICATED **Container State Stats:** 
	
2024-04-06 10:34:43,265 [ContainerHealthTask] INFO  fsck.ContainerHealthTask (ContainerHealthTask.java:checkAndProcessContainers(179)) - Container Health task thread took 1 iterations to fetch all containers using batched approach with batch size of 1000
2024-04-06 10:34:43,641 [ReplicationMonitor] INFO  replication.ReplicationManager (ReplicationManager.java:processAll(399)) - Replication Monitor Thread took 0 milliseconds for processing 1 containers.
2024-04-06 10:34:43,778 [main] INFO  container.TestHelper (TestHelper.java:countReplicas(427)) - Container 1 has 3 replicas on [59c3495a-7636-40f9-8dfa-c28be8e98abd, cc1e4d3c-2283-4c28-b737-db868cb45369, d1715241-1ffa-4146-b219-94c9c0fc171f]
]]></system-out>
  </testcase>
  <testcase name="testMissingContainer" classname="org.apache.hadoop.ozone.recon.TestReconAndAdminContainerCLI" time="8.222"/>
</testsuite>