<?xml version="1.0" encoding="UTF-8"?>
<testsuite xmlns:xsi="http://www.w3.org/2001/XMLSchema-instance" xsi:noNamespaceSchemaLocation="https://maven.apache.org/surefire/maven-surefire-plugin/xsd/surefire-test-report-3.0.xsd" version="3.0" name="org.apache.hadoop.fs.ozone.TestSnapshotDeletingService" time="125.474" tests="3" errors="0" skipped="0" failures="1">
  <properties>
    <property name="awt.toolkit" value="sun.awt.X11.XToolkit"/>
    <property name="file.encoding.pkg" value="sun.io"/>
    <property name="java.specification.version" value="1.8"/>
    <property name="sun.cpu.isalist" value=""/>
    <property name="sun.jnu.encoding" value="UTF-8"/>
    <property name="java.class.path" value="/home/runner/work/ozone/ozone/hadoop-ozone/integration-test/target/test-classes:/home/runner/work/ozone/ozone/hadoop-ozone/integration-test/target/classes:/home/runner/.m2/repository/org/apache/ozone/ozone-common/1.4.0-SNAPSHOT/ozone-common-1.4.0-SNAPSHOT.jar:/home/runner/.m2/repository/io/grpc/grpc-netty/1.51.1/grpc-netty-1.51.1.jar:/home/runner/.m2/repository/io/grpc/grpc-core/1.51.1/grpc-core-1.51.1.jar:/home/runner/.m2/repository/com/google/android/annotations/4.1.1.4/annotations-4.1.1.4.jar:/home/runner/.m2/repository/org/codehaus/mojo/animal-sniffer-annotations/1.21/animal-sniffer-annotations-1.21.jar:/home/runner/.m2/repository/com/google/errorprone/error_prone_annotations/2.2.0/error_prone_annotations-2.2.0.jar:/home/runner/.m2/repository/io/perfmark/perfmark-api/0.25.0/perfmark-api-0.25.0.jar:/home/runner/.m2/repository/io/netty/netty-codec-http2/4.1.86.Final/netty-codec-http2-4.1.86.Final.jar:/home/runner/.m2/repository/io/netty/netty-common/4.1.86.Final/netty-common-4.1.86.Final.jar:/home/runner/.m2/repository/io/netty/netty-buffer/4.1.86.Final/netty-buffer-4.1.86.Final.jar:/home/runner/.m2/repository/io/netty/netty-codec-http/4.1.86.Final/netty-codec-http-4.1.86.Final.jar:/home/runner/.m2/repository/io/netty/netty-handler-proxy/4.1.86.Final/netty-handler-proxy-4.1.86.Final.jar:/home/runner/.m2/repository/io/netty/netty-codec-socks/4.1.86.Final/netty-codec-socks-4.1.86.Final.jar:/home/runner/.m2/repository/io/netty/netty-tcnative-boringssl-static/2.0.54.Final/netty-tcnative-boringssl-static-2.0.54.Final.jar:/home/runner/.m2/repository/io/netty/netty-tcnative-classes/2.0.54.Final/netty-tcnative-classes-2.0.54.Final.jar:/home/runner/.m2/repository/io/netty/netty-tcnative-boringssl-static/2.0.54.Final/netty-tcnative-boringssl-static-2.0.54.Final-linux-x86_64.jar:/home/runner/.m2/repository/io/netty/netty-tcnative-boringssl-static/2.0.54.Final/netty-tcnative-boringssl-static-2.0.54.Final-linux-aarch_64.jar:/home/runner/.m2/repository/io/netty/netty-tcnative-boringssl-static/2.0.54.Final/netty-tcnative-boringssl-static-2.0.54.Final-osx-x86_64.jar:/home/runner/.m2/repository/io/netty/netty-tcnative-boringssl-static/2.0.54.Final/netty-tcnative-boringssl-static-2.0.54.Final-osx-aarch_64.jar:/home/runner/.m2/repository/io/netty/netty-tcnative-boringssl-static/2.0.54.Final/netty-tcnative-boringssl-static-2.0.54.Final-windows-x86_64.jar:/home/runner/.m2/repository/org/apache/commons/commons-compress/1.21/commons-compress-1.21.jar:/home/runner/.m2/repository/org/apache/ozone/hdds-common/1.4.0-SNAPSHOT/hdds-common-1.4.0-SNAPSHOT.jar:/home/runner/.m2/repository/org/apache/ozone/hdds-client/1.4.0-SNAPSHOT/hdds-client-1.4.0-SNAPSHOT.jar:/home/runner/.m2/repository/org/apache/ozone/ozone-interface-client/1.4.0-SNAPSHOT/ozone-interface-client-1.4.0-SNAPSHOT.jar:/home/runner/.m2/repository/org/apache/hadoop/hadoop-hdfs-client/3.3.5/hadoop-hdfs-client-3.3.5.jar:/home/runner/.m2/repository/com/squareup/okhttp3/okhttp/4.9.3/okhttp-4.9.3.jar:/home/runner/.m2/repository/com/squareup/okio/okio/2.8.0/okio-2.8.0.jar:/home/runner/.m2/repository/org/jetbrains/kotlin/kotlin-stdlib-common/1.6.21/kotlin-stdlib-common-1.6.21.jar:/home/runner/.m2/repository/org/apache/ozone/hdds-test-utils/1.4.0-SNAPSHOT/hdds-test-utils-1.4.0-SNAPSHOT.jar:/home/runner/.m2/repository/com/google/guava/guava/32.0.0-jre/guava-32.0.0-jre.jar:/home/runner/.m2/repository/com/google/guava/failureaccess/1.0.1/failureaccess-1.0.1.jar:/home/runner/.m2/repository/com/google/guava/listenablefuture/9999.0-empty-to-avoid-conflict-with-guava/listenablefuture-9999.0-empty-to-avoid-conflict-with-guava.jar:/home/runner/.m2/repository/com/google/code/findbugs/jsr305/3.0.0/jsr305-3.0.0.jar:/home/runner/.m2/repository/org/checkerframework/checker-qual/3.33.0/checker-qual-3.33.0.jar:/home/runner/.m2/repository/com/google/j2objc/j2objc-annotations/2.8/j2objc-annotations-2.8.jar:/home/runner/.m2/repository/commons-io/commons-io/2.11.0/commons-io-2.11.0.jar:/home/runner/.m2/repository/commons-logging/commons-logging/1.2/commons-logging-1.2.jar:/home/runner/.m2/repository/ch/qos/reload4j/reload4j/1.2.22/reload4j-1.2.22.jar:/home/runner/.m2/repository/org/slf4j/slf4j-api/1.7.36/slf4j-api-1.7.36.jar:/home/runner/.m2/repository/org/apache/ozone/hdds-server-scm/1.4.0-SNAPSHOT/hdds-server-scm-1.4.0-SNAPSHOT.jar:/home/runner/.m2/repository/org/apache/ozone/hdds-container-service/1.4.0-SNAPSHOT/hdds-container-service-1.4.0-SNAPSHOT.jar:/home/runner/.m2/repository/org/apache/ozone/hdds-hadoop-dependency-server/1.4.0-SNAPSHOT/hdds-hadoop-dependency-server-1.4.0-SNAPSHOT.jar:/home/runner/.m2/repository/org/apache/hadoop/hadoop-hdfs/3.3.5/hadoop-hdfs-3.3.5.jar:/home/runner/.m2/repository/commons-daemon/commons-daemon/1.0.13/commons-daemon-1.0.13.jar:/home/runner/.m2/repository/org/apache/ozone/hdds-server-framework/1.4.0-SNAPSHOT/hdds-server-framework-1.4.0-SNAPSHOT.jar:/home/runner/.m2/repository/io/dropwizard/metrics/metrics-core/3.2.4/metrics-core-3.2.4.jar:/home/runner/.m2/repository/org/apache/commons/commons-text/1.10.0/commons-text-1.10.0.jar:/home/runner/.m2/repository/org/bouncycastle/bcprov-jdk15on/1.67/bcprov-jdk15on-1.67.jar:/home/runner/.m2/repository/com/google/protobuf/protobuf-java/2.5.0/protobuf-java-2.5.0.jar:/home/runner/.m2/repository/org/apache/ozone/hdds-server-framework/1.4.0-SNAPSHOT/hdds-server-framework-1.4.0-SNAPSHOT-tests.jar:/home/runner/.m2/repository/org/apache/ozone/hdds-interface-server/1.4.0-SNAPSHOT/hdds-interface-server-1.4.0-SNAPSHOT.jar:/home/runner/.m2/repository/org/apache/ozone/hdds-interface-admin/1.4.0-SNAPSHOT/hdds-interface-admin-1.4.0-SNAPSHOT.jar:/home/runner/.m2/repository/org/apache/ozone/hdds-managed-rocksdb/1.4.0-SNAPSHOT/hdds-managed-rocksdb-1.4.0-SNAPSHOT.jar:/home/runner/.m2/repository/org/rocksdb/rocksdbjni/7.7.3/rocksdbjni-7.7.3.jar:/home/runner/.m2/repository/org/slf4j/slf4j-reload4j/1.7.36/slf4j-reload4j-1.7.36.jar:/home/runner/.m2/repository/org/apache/commons/commons-configuration2/2.1.1/commons-configuration2-2.1.1.jar:/home/runner/.m2/repository/commons-fileupload/commons-fileupload/1.5/commons-fileupload-1.5.jar:/home/runner/.m2/repository/org/apache/logging/log4j/log4j-core/2.17.1/log4j-core-2.17.1.jar:/home/runner/.m2/repository/com/lmax/disruptor/3.4.2/disruptor-3.4.2.jar:/home/runner/.m2/repository/org/eclipse/jetty/jetty-util/9.4.51.v20230217/jetty-util-9.4.51.v20230217.jar:/home/runner/.m2/repository/org/eclipse/jetty/jetty-server/9.4.51.v20230217/jetty-server-9.4.51.v20230217.jar:/home/runner/.m2/repository/org/eclipse/jetty/jetty-http/9.4.51.v20230217/jetty-http-9.4.51.v20230217.jar:/home/runner/.m2/repository/org/eclipse/jetty/jetty-io/9.4.51.v20230217/jetty-io-9.4.51.v20230217.jar:/home/runner/.m2/repository/org/eclipse/jetty/jetty-servlet/9.4.51.v20230217/jetty-servlet-9.4.51.v20230217.jar:/home/runner/.m2/repository/org/eclipse/jetty/jetty-security/9.4.51.v20230217/jetty-security-9.4.51.v20230217.jar:/home/runner/.m2/repository/org/eclipse/jetty/jetty-util-ajax/9.4.51.v20230217/jetty-util-ajax-9.4.51.v20230217.jar:/home/runner/.m2/repository/org/eclipse/jetty/jetty-webapp/9.4.51.v20230217/jetty-webapp-9.4.51.v20230217.jar:/home/runner/.m2/repository/org/eclipse/jetty/jetty-xml/9.4.51.v20230217/jetty-xml-9.4.51.v20230217.jar:/home/runner/.m2/repository/org/apache/ratis/ratis-server/2.5.1/ratis-server-2.5.1.jar:/home/runner/.m2/repository/org/apache/ratis/ratis-thirdparty-misc/1.0.4/ratis-thirdparty-misc-1.0.4.jar:/home/runner/.m2/repository/org/apache/ratis/ratis-proto/2.5.1/ratis-proto-2.5.1.jar:/home/runner/.m2/repository/org/apache/ratis/ratis-common/2.5.1/ratis-common-2.5.1.jar:/home/runner/.m2/repository/org/apache/ratis/ratis-client/2.5.1/ratis-client-2.5.1.jar:/home/runner/.m2/repository/org/apache/ratis/ratis-server-api/2.5.1/ratis-server-api-2.5.1.jar:/home/runner/.m2/repository/org/apache/ratis/ratis-metrics/2.5.1/ratis-metrics-2.5.1.jar:/home/runner/.m2/repository/io/prometheus/simpleclient_dropwizard/0.7.0/simpleclient_dropwizard-0.7.0.jar:/home/runner/.m2/repository/io/prometheus/simpleclient/0.7.0/simpleclient-0.7.0.jar:/home/runner/.m2/repository/io/prometheus/simpleclient_common/0.7.0/simpleclient_common-0.7.0.jar:/home/runner/.m2/repository/com/fasterxml/jackson/datatype/jackson-datatype-jsr310/2.13.4/jackson-datatype-jsr310-2.13.4.jar:/home/runner/.m2/repository/com/fasterxml/jackson/core/jackson-core/2.13.4/jackson-core-2.13.4.jar:/home/runner/.m2/repository/com/github/spotbugs/spotbugs-annotations/3.1.12/spotbugs-annotations-3.1.12.jar:/home/runner/.m2/repository/org/apache/ozone/rocksdb-checkpoint-differ/1.4.0-SNAPSHOT/rocksdb-checkpoint-differ-1.4.0-SNAPSHOT.jar:/home/runner/.m2/repository/org/awaitility/awaitility/4.2.0/awaitility-4.2.0.jar:/home/runner/.m2/repository/org/hamcrest/hamcrest/2.1/hamcrest-2.1.jar:/home/runner/.m2/repository/org/apache/ozone/ozone-manager/1.4.0-SNAPSHOT/ozone-manager-1.4.0-SNAPSHOT.jar:/home/runner/.m2/repository/org/aspectj/aspectjrt/1.9.7/aspectjrt-1.9.7.jar:/home/runner/.m2/repository/org/aspectj/aspectjweaver/1.9.7/aspectjweaver-1.9.7.jar:/home/runner/.m2/repository/org/apache/ozone/hdds-interface-client/1.4.0-SNAPSHOT/hdds-interface-client-1.4.0-SNAPSHOT.jar:/home/runner/.m2/repository/org/apache/hadoop/thirdparty/hadoop-shaded-protobuf_3_7/1.1.1/hadoop-shaded-protobuf_3_7-1.1.1.jar:/home/runner/.m2/repository/org/apache/ozone/ozone-interface-storage/1.4.0-SNAPSHOT/ozone-interface-storage-1.4.0-SNAPSHOT.jar:/home/runner/.m2/repository/org/reflections/reflections/0.9.11/reflections-0.9.11.jar:/home/runner/.m2/repository/com/sun/jersey/jersey-client/1.19/jersey-client-1.19.jar:/home/runner/.m2/repository/org/codehaus/jackson/jackson-core-asl/1.9.13/jackson-core-asl-1.9.13.jar:/home/runner/.m2/repository/org/codehaus/jackson/jackson-mapper-asl/1.9.13/jackson-mapper-asl-1.9.13.jar:/home/runner/.m2/repository/org/codehaus/jackson/jackson-jaxrs/1.9.13/jackson-jaxrs-1.9.13.jar:/home/runner/.m2/repository/org/apache/ranger/ranger-intg/2.3.0/ranger-intg-2.3.0.jar:/home/runner/.m2/repository/org/apache/ranger/ranger-plugins-common/2.3.0/ranger-plugins-common-2.3.0.jar:/home/runner/.m2/repository/commons-lang/commons-lang/2.6/commons-lang-2.6.jar:/home/runner/.m2/repository/org/apache/ranger/ranger-plugins-cred/2.3.0/ranger-plugins-cred-2.3.0.jar:/home/runner/.m2/repository/org/apache/ranger/ranger-plugins-audit/2.3.0/ranger-plugins-audit-2.3.0.jar:/home/runner/.m2/repository/org/eclipse/jetty/jetty-client/9.4.51.v20230217/jetty-client-9.4.51.v20230217.jar:/home/runner/.m2/repository/org/apache/httpcomponents/httpmime/4.5.6/httpmime-4.5.6.jar:/home/runner/.m2/repository/org/apache/httpcomponents/httpcore-nio/4.4.13/httpcore-nio-4.4.13.jar:/home/runner/.m2/repository/org/apache/httpcomponents/httpasyncclient/4.1.3/httpasyncclient-4.1.3.jar:/home/runner/.m2/repository/com/carrotsearch/hppc/0.8.0/hppc-0.8.0.jar:/home/runner/.m2/repository/org/apache/orc/orc-core/1.5.8/orc-core-1.5.8.jar:/home/runner/.m2/repository/net/java/dev/jna/jna/5.2.0/jna-5.2.0.jar:/home/runner/.m2/repository/net/java/dev/jna/jna-platform/5.2.0/jna-platform-5.2.0.jar:/home/runner/.m2/repository/com/kstruct/gethostname4j/0.0.2/gethostname4j-0.0.2.jar:/home/runner/.m2/repository/org/apache/ranger/ranger-plugin-classloader/2.3.0/ranger-plugin-classloader-2.3.0.jar:/home/runner/.m2/repository/org/apache/ozone/hdds-rocks-native/1.4.0-SNAPSHOT/hdds-rocks-native-1.4.0-SNAPSHOT.jar:/home/runner/.m2/repository/org/apache/hadoop/hadoop-minikdc/3.3.5/hadoop-minikdc-3.3.5.jar:/home/runner/.m2/repository/org/apache/kerby/kerb-simplekdc/1.0.1/kerb-simplekdc-1.0.1.jar:/home/runner/.m2/repository/org/apache/kerby/kerb-client/1.0.1/kerb-client-1.0.1.jar:/home/runner/.m2/repository/org/apache/kerby/kerby-config/1.0.1/kerby-config-1.0.1.jar:/home/runner/.m2/repository/org/apache/kerby/kerb-common/1.0.1/kerb-common-1.0.1.jar:/home/runner/.m2/repository/org/apache/kerby/kerb-crypto/1.0.1/kerb-crypto-1.0.1.jar:/home/runner/.m2/repository/org/apache/kerby/kerb-util/1.0.1/kerb-util-1.0.1.jar:/home/runner/.m2/repository/org/apache/kerby/token-provider/1.0.1/token-provider-1.0.1.jar:/home/runner/.m2/repository/org/apache/kerby/kerb-admin/1.0.1/kerb-admin-1.0.1.jar:/home/runner/.m2/repository/org/apache/kerby/kerb-server/1.0.1/kerb-server-1.0.1.jar:/home/runner/.m2/repository/org/apache/kerby/kerb-identity/1.0.1/kerb-identity-1.0.1.jar:/home/runner/.m2/repository/org/apache/kerby/kerby-xdr/1.0.1/kerby-xdr-1.0.1.jar:/home/runner/.m2/repository/org/apache/ozone/ozone-s3gateway/1.4.0-SNAPSHOT/ozone-s3gateway-1.4.0-SNAPSHOT.jar:/home/runner/.m2/repository/org/javassist/javassist/3.21.0-GA/javassist-3.21.0-GA.jar:/home/runner/.m2/repository/org/jboss/weld/servlet/weld-servlet-shaded/3.1.9.Final/weld-servlet-shaded-3.1.9.Final.jar:/home/runner/.m2/repository/org/glassfish/jersey/containers/jersey-container-servlet-core/2.34/jersey-container-servlet-core-2.34.jar:/home/runner/.m2/repository/org/glassfish/hk2/external/jakarta.inject/2.6.1/jakarta.inject-2.6.1.jar:/home/runner/.m2/repository/org/glassfish/jersey/core/jersey-common/2.34/jersey-common-2.34.jar:/home/runner/.m2/repository/jakarta/ws/rs/jakarta.ws.rs-api/2.1.6/jakarta.ws.rs-api-2.1.6.jar:/home/runner/.m2/repository/org/glassfish/jersey/ext/cdi/jersey-cdi1x/2.34/jersey-cdi1x-2.34.jar:/home/runner/.m2/repository/org/glassfish/jersey/inject/jersey-hk2/2.34/jersey-hk2-2.34.jar:/home/runner/.m2/repository/org/glassfish/hk2/hk2-locator/2.6.1/hk2-locator-2.6.1.jar:/home/runner/.m2/repository/org/glassfish/jersey/media/jersey-media-jaxb/2.34/jersey-media-jaxb-2.34.jar:/home/runner/.m2/repository/org/glassfish/hk2/osgi-resource-locator/1.0.3/osgi-resource-locator-1.0.3.jar:/home/runner/.m2/repository/org/glassfish/hk2/hk2-api/2.5.0/hk2-api-2.5.0.jar:/home/runner/.m2/repository/org/glassfish/hk2/hk2-utils/2.5.0/hk2-utils-2.5.0.jar:/home/runner/.m2/repository/org/glassfish/hk2/external/aopalliance-repackaged/2.5.0/aopalliance-repackaged-2.5.0.jar:/home/runner/.m2/repository/com/fasterxml/jackson/dataformat/jackson-dataformat-xml/2.13.4/jackson-dataformat-xml-2.13.4.jar:/home/runner/.m2/repository/org/codehaus/woodstox/stax2-api/4.2.1/stax2-api-4.2.1.jar:/home/runner/.m2/repository/com/fasterxml/woodstox/woodstox-core/5.4.0/woodstox-core-5.4.0.jar:/home/runner/.m2/repository/com/fasterxml/jackson/module/jackson-module-jaxb-annotations/2.13.4/jackson-module-jaxb-annotations-2.13.4.jar:/home/runner/.m2/repository/jakarta/xml/bind/jakarta.xml.bind-api/2.3.3/jakarta.xml.bind-api-2.3.3.jar:/home/runner/.m2/repository/jakarta/activation/jakarta.activation-api/1.2.2/jakarta.activation-api-1.2.2.jar:/home/runner/.m2/repository/javax/enterprise/cdi-api/2.0/cdi-api-2.0.jar:/home/runner/.m2/repository/javax/el/javax.el-api/3.0.0/javax.el-api-3.0.0.jar:/home/runner/.m2/repository/javax/interceptor/javax.interceptor-api/1.2/javax.interceptor-api-1.2.jar:/home/runner/.m2/repository/javax/inject/javax.inject/1/javax.inject-1.jar:/home/runner/.m2/repository/javax/xml/bind/jaxb-api/2.3.0/jaxb-api-2.3.0.jar:/home/runner/.m2/repository/org/glassfish/jaxb/jaxb-runtime/2.3.0.1/jaxb-runtime-2.3.0.1.jar:/home/runner/.m2/repository/org/glassfish/jaxb/jaxb-core/2.3.0.1/jaxb-core-2.3.0.1.jar:/home/runner/.m2/repository/org/glassfish/jaxb/txw2/2.3.0.1/txw2-2.3.0.1.jar:/home/runner/.m2/repository/com/sun/istack/istack-commons-runtime/3.0.5/istack-commons-runtime-3.0.5.jar:/home/runner/.m2/repository/org/jvnet/staxex/stax-ex/1.7.8/stax-ex-1.7.8.jar:/home/runner/.m2/repository/com/sun/xml/fastinfoset/FastInfoset/1.2.13/FastInfoset-1.2.13.jar:/home/runner/.m2/repository/javax/activation/activation/1.1.1/activation-1.1.1.jar:/home/runner/.m2/repository/io/grpc/grpc-protobuf/1.51.1/grpc-protobuf-1.51.1.jar:/home/runner/.m2/repository/com/google/api/grpc/proto-google-common-protos/2.9.0/proto-google-common-protos-2.9.0.jar:/home/runner/.m2/repository/io/grpc/grpc-protobuf-lite/1.51.1/grpc-protobuf-lite-1.51.1.jar:/home/runner/.m2/repository/io/grpc/grpc-stub/1.51.1/grpc-stub-1.51.1.jar:/home/runner/.m2/repository/io/netty/netty-transport/4.1.86.Final/netty-transport-4.1.86.Final.jar:/home/runner/.m2/repository/io/netty/netty-resolver/4.1.86.Final/netty-resolver-4.1.86.Final.jar:/home/runner/.m2/repository/org/apache/ozone/ozone-csi/1.4.0-SNAPSHOT/ozone-csi-1.4.0-SNAPSHOT.jar:/home/runner/.m2/repository/com/google/protobuf/protobuf-java-util/3.19.6/protobuf-java-util-3.19.6.jar:/home/runner/.m2/repository/com/google/code/gson/gson/2.9.0/gson-2.9.0.jar:/home/runner/.m2/repository/org/apache/ozone/hdds-config/1.4.0-SNAPSHOT/hdds-config-1.4.0-SNAPSHOT.jar:/home/runner/.m2/repository/io/netty/netty-transport-native-epoll/4.1.86.Final/netty-transport-native-epoll-4.1.86.Final-linux-x86_64.jar:/home/runner/.m2/repository/io/netty/netty-transport-classes-epoll/4.1.86.Final/netty-transport-classes-epoll-4.1.86.Final.jar:/home/runner/.m2/repository/io/netty/netty-transport-native-unix-common/4.1.86.Final/netty-transport-native-unix-common-4.1.86.Final.jar:/home/runner/.m2/repository/org/apache/ozone/ozone-recon/1.4.0-SNAPSHOT/ozone-recon-1.4.0-SNAPSHOT.jar:/home/runner/.m2/repository/org/apache/ozone/ozone-reconcodegen/1.4.0-SNAPSHOT/ozone-reconcodegen-1.4.0-SNAPSHOT.jar:/home/runner/.m2/repository/com/google/inject/guice/5.1.0/guice-5.1.0.jar:/home/runner/.m2/repository/aopalliance/aopalliance/1.0/aopalliance-1.0.jar:/home/runner/.m2/repository/com/google/inject/extensions/guice-assistedinject/5.1.0/guice-assistedinject-5.1.0.jar:/home/runner/.m2/repository/com/google/inject/extensions/guice-servlet/5.1.0/guice-servlet-5.1.0.jar:/home/runner/.m2/repository/org/glassfish/jersey/containers/jersey-container-servlet/2.34/jersey-container-servlet-2.34.jar:/home/runner/.m2/repository/org/glassfish/hk2/guice-bridge/2.5.0/guice-bridge-2.5.0.jar:/home/runner/.m2/repository/org/glassfish/jersey/core/jersey-server/2.34/jersey-server-2.34.jar:/home/runner/.m2/repository/org/glassfish/jersey/core/jersey-client/2.34/jersey-client-2.34.jar:/home/runner/.m2/repository/jakarta/annotation/jakarta.annotation-api/1.3.5/jakarta.annotation-api-1.3.5.jar:/home/runner/.m2/repository/jakarta/validation/jakarta.validation-api/2.0.2/jakarta.validation-api-2.0.2.jar:/home/runner/.m2/repository/org/glassfish/jersey/media/jersey-media-json-jackson/2.34/jersey-media-json-jackson-2.34.jar:/home/runner/.m2/repository/org/glassfish/jersey/ext/jersey-entity-filtering/2.34/jersey-entity-filtering-2.34.jar:/home/runner/.m2/repository/org/jooq/jooq/3.11.10/jooq-3.11.10.jar:/home/runner/.m2/repository/org/jooq/jooq-meta/3.11.10/jooq-meta-3.11.10.jar:/home/runner/.m2/repository/org/jooq/jooq-codegen/3.11.10/jooq-codegen-3.11.10.jar:/home/runner/.m2/repository/com/jolbox/bonecp/0.8.0.RELEASE/bonecp-0.8.0.RELEASE.jar:/home/runner/.m2/repository/org/apache/derby/derby/10.14.2.0/derby-10.14.2.0.jar:/home/runner/.m2/repository/org/xerial/sqlite-jdbc/3.41.2.2/sqlite-jdbc-3.41.2.2.jar:/home/runner/.m2/repository/org/springframework/spring-jdbc/5.3.27/spring-jdbc-5.3.27.jar:/home/runner/.m2/repository/org/springframework/spring-beans/5.3.27/spring-beans-5.3.27.jar:/home/runner/.m2/repository/org/springframework/spring-core/5.3.27/spring-core-5.3.27.jar:/home/runner/.m2/repository/org/springframework/spring-tx/5.3.27/spring-tx-5.3.27.jar:/home/runner/.m2/repository/org/apache/ozone/ozone-client/1.4.0-SNAPSHOT/ozone-client-1.4.0-SNAPSHOT.jar:/home/runner/.m2/repository/org/apache/ozone/hdds-erasurecode/1.4.0-SNAPSHOT/hdds-erasurecode-1.4.0-SNAPSHOT.jar:/home/runner/.m2/repository/org/apache/ozone/ozone-filesystem/1.4.0-SNAPSHOT/ozone-filesystem-1.4.0-SNAPSHOT.jar:/home/runner/.m2/repository/org/apache/ozone/ozone-filesystem-common/1.4.0-SNAPSHOT/ozone-filesystem-common-1.4.0-SNAPSHOT.jar:/home/runner/.m2/repository/org/apache/ozone/ozone-tools/1.4.0-SNAPSHOT/ozone-tools-1.4.0-SNAPSHOT.jar:/home/runner/.m2/repository/com/amazonaws/aws-java-sdk-core/1.12.261/aws-java-sdk-core-1.12.261.jar:/home/runner/.m2/repository/org/apache/httpcomponents/httpclient/4.5.13/httpclient-4.5.13.jar:/home/runner/.m2/repository/org/apache/httpcomponents/httpcore/4.4.13/httpcore-4.4.13.jar:/home/runner/.m2/repository/software/amazon/ion/ion-java/1.0.2/ion-java-1.0.2.jar:/home/runner/.m2/repository/com/fasterxml/jackson/dataformat/jackson-dataformat-cbor/2.13.4/jackson-dataformat-cbor-2.13.4.jar:/home/runner/.m2/repository/joda-time/joda-time/2.10.6/joda-time-2.10.6.jar:/home/runner/.m2/repository/com/amazonaws/aws-java-sdk-s3/1.12.261/aws-java-sdk-s3-1.12.261.jar:/home/runner/.m2/repository/com/amazonaws/aws-java-sdk-kms/1.12.261/aws-java-sdk-kms-1.12.261.jar:/home/runner/.m2/repository/com/amazonaws/jmespath-java/1.12.261/jmespath-java-1.12.261.jar:/home/runner/.m2/repository/org/kohsuke/metainf-services/metainf-services/1.8/metainf-services-1.8.jar:/home/runner/.m2/repository/org/apache/ozone/hdds-tools/1.4.0-SNAPSHOT/hdds-tools-1.4.0-SNAPSHOT.jar:/home/runner/.m2/repository/org/apache/ratis/ratis-tools/2.5.1/ratis-tools-2.5.1.jar:/home/runner/.m2/repository/commons-cli/commons-cli/1.2/commons-cli-1.2.jar:/home/runner/.m2/repository/org/apache/commons/commons-lang3/3.7/commons-lang3-3.7.jar:/home/runner/.m2/repository/org/apache/ozone/ozone-manager/1.4.0-SNAPSHOT/ozone-manager-1.4.0-SNAPSHOT-tests.jar:/home/runner/.m2/repository/org/apache/ozone/hdds-common/1.4.0-SNAPSHOT/hdds-common-1.4.0-SNAPSHOT-tests.jar:/home/runner/.m2/repository/org/apache/ozone/hdds-hadoop-dependency-client/1.4.0-SNAPSHOT/hdds-hadoop-dependency-client-1.4.0-SNAPSHOT.jar:/home/runner/.m2/repository/info/picocli/picocli/4.6.1/picocli-4.6.1.jar:/home/runner/.m2/repository/com/fasterxml/jackson/core/jackson-annotations/2.13.4/jackson-annotations-2.13.4.jar:/home/runner/.m2/repository/org/apache/ozone/hdds-annotation-processing/1.4.0-SNAPSHOT/hdds-annotation-processing-1.4.0-SNAPSHOT.jar:/home/runner/.m2/repository/javax/annotation/javax.annotation-api/1.2/javax.annotation-api-1.2.jar:/home/runner/.m2/repository/org/apache/ratis/ratis-netty/2.5.1/ratis-netty-2.5.1.jar:/home/runner/.m2/repository/org/apache/ratis/ratis-grpc/2.5.1/ratis-grpc-2.5.1.jar:/home/runner/.m2/repository/org/apache/logging/log4j/log4j-api/2.17.1/log4j-api-2.17.1.jar:/home/runner/.m2/repository/org/apache/commons/commons-pool2/2.6.0/commons-pool2-2.6.0.jar:/home/runner/.m2/repository/org/bouncycastle/bcpkix-jdk15on/1.67/bcpkix-jdk15on-1.67.jar:/home/runner/.m2/repository/commons-validator/commons-validator/1.6/commons-validator-1.6.jar:/home/runner/.m2/repository/commons-beanutils/commons-beanutils/1.9.4/commons-beanutils-1.9.4.jar:/home/runner/.m2/repository/commons-digester/commons-digester/1.8.1/commons-digester-1.8.1.jar:/home/runner/.m2/repository/commons-collections/commons-collections/3.2.2/commons-collections-3.2.2.jar:/home/runner/.m2/repository/io/jaegertracing/jaeger-client/1.6.0/jaeger-client-1.6.0.jar:/home/runner/.m2/repository/io/jaegertracing/jaeger-thrift/1.6.0/jaeger-thrift-1.6.0.jar:/home/runner/.m2/repository/org/apache/thrift/libthrift/0.14.1/libthrift-0.14.1.jar:/home/runner/.m2/repository/io/jaegertracing/jaeger-core/1.6.0/jaeger-core-1.6.0.jar:/home/runner/.m2/repository/io/jaegertracing/jaeger-tracerresolver/1.6.0/jaeger-tracerresolver-1.6.0.jar:/home/runner/.m2/repository/io/opentracing/contrib/opentracing-tracerresolver/0.1.8/opentracing-tracerresolver-0.1.8.jar:/home/runner/.m2/repository/org/jetbrains/kotlin/kotlin-stdlib/1.6.21/kotlin-stdlib-1.6.21.jar:/home/runner/.m2/repository/org/jetbrains/annotations/13.0/annotations-13.0.jar:/home/runner/.m2/repository/io/opentracing/opentracing-util/0.33.0/opentracing-util-0.33.0.jar:/home/runner/.m2/repository/io/opentracing/opentracing-api/0.33.0/opentracing-api-0.33.0.jar:/home/runner/.m2/repository/io/opentracing/opentracing-noop/0.33.0/opentracing-noop-0.33.0.jar:/home/runner/.m2/repository/org/yaml/snakeyaml/2.0/snakeyaml-2.0.jar:/home/runner/.m2/repository/io/grpc/grpc-api/1.51.1/grpc-api-1.51.1.jar:/home/runner/.m2/repository/io/grpc/grpc-context/1.51.1/grpc-context-1.51.1.jar:/home/runner/.m2/repository/junit/junit/4.13.1/junit-4.13.1.jar:/home/runner/.m2/repository/org/hamcrest/hamcrest-core/1.3/hamcrest-core-1.3.jar:/home/runner/.m2/repository/org/junit/jupiter/junit-jupiter-api/5.8.2/junit-jupiter-api-5.8.2.jar:/home/runner/.m2/repository/org/opentest4j/opentest4j/1.2.0/opentest4j-1.2.0.jar:/home/runner/.m2/repository/org/junit/platform/junit-platform-commons/1.8.2/junit-platform-commons-1.8.2.jar:/home/runner/.m2/repository/org/apiguardian/apiguardian-api/1.1.2/apiguardian-api-1.1.2.jar:/home/runner/.m2/repository/org/junit/jupiter/junit-jupiter-params/5.8.2/junit-jupiter-params-5.8.2.jar:/home/runner/.m2/repository/org/junit/jupiter/junit-jupiter-migrationsupport/5.8.2/junit-jupiter-migrationsupport-5.8.2.jar:/home/runner/.m2/repository/org/junit/jupiter/junit-jupiter-engine/5.8.2/junit-jupiter-engine-5.8.2.jar:/home/runner/.m2/repository/org/junit/platform/junit-platform-engine/1.8.2/junit-platform-engine-1.8.2.jar:/home/runner/.m2/repository/org/junit/vintage/junit-vintage-engine/5.8.2/junit-vintage-engine-5.8.2.jar:/home/runner/.m2/repository/org/junit/platform/junit-platform-launcher/1.8.2/junit-platform-launcher-1.8.2.jar:/home/runner/.m2/repository/org/mockito/mockito-core/3.5.9/mockito-core-3.5.9.jar:/home/runner/.m2/repository/net/bytebuddy/byte-buddy/1.10.13/byte-buddy-1.10.13.jar:/home/runner/.m2/repository/net/bytebuddy/byte-buddy-agent/1.10.13/byte-buddy-agent-1.10.13.jar:/home/runner/.m2/repository/org/objenesis/objenesis/1.0/objenesis-1.0.jar:/home/runner/.m2/repository/org/apache/hadoop/hadoop-kms/3.3.5/hadoop-kms-3.3.5.jar:/home/runner/.m2/repository/org/apache/hadoop/hadoop-auth/3.3.5/hadoop-auth-3.3.5.jar:/home/runner/.m2/repository/com/nimbusds/nimbus-jose-jwt/9.8.1/nimbus-jose-jwt-9.8.1.jar:/home/runner/.m2/repository/com/github/stephenc/jcip/jcip-annotations/1.0-1/jcip-annotations-1.0-1.jar:/home/runner/.m2/repository/net/minidev/json-smart/2.4.7/json-smart-2.4.7.jar:/home/runner/.m2/repository/net/minidev/accessors-smart/2.4.7/accessors-smart-2.4.7.jar:/home/runner/.m2/repository/org/ow2/asm/asm/5.0.4/asm-5.0.4.jar:/home/runner/.m2/repository/org/apache/zookeeper/zookeeper/3.5.6/zookeeper-3.5.6.jar:/home/runner/.m2/repository/org/apache/zookeeper/zookeeper-jute/3.5.6/zookeeper-jute-3.5.6.jar:/home/runner/.m2/repository/org/apache/yetus/audience-annotations/0.5.0/audience-annotations-0.5.0.jar:/home/runner/.m2/repository/org/apache/curator/curator-framework/4.2.0/curator-framework-4.2.0.jar:/home/runner/.m2/repository/org/apache/hadoop/thirdparty/hadoop-shaded-guava/1.1.1/hadoop-shaded-guava-1.1.1.jar:/home/runner/.m2/repository/com/sun/jersey/jersey-core/1.19/jersey-core-1.19.jar:/home/runner/.m2/repository/javax/ws/rs/jsr311-api/1.1.1/jsr311-api-1.1.1.jar:/home/runner/.m2/repository/com/sun/jersey/jersey-server/1.19/jersey-server-1.19.jar:/home/runner/.m2/repository/javax/servlet/javax.servlet-api/3.1.0/javax.servlet-api-3.1.0.jar:/home/runner/.m2/repository/org/apache/hadoop/hadoop-common/3.3.5/hadoop-common-3.3.5.jar:/home/runner/.m2/repository/org/apache/commons/commons-math3/3.1.1/commons-math3-3.1.1.jar:/home/runner/.m2/repository/commons-net/commons-net/3.9.0/commons-net-3.9.0.jar:/home/runner/.m2/repository/com/sun/jersey/jersey-servlet/1.19/jersey-servlet-1.19.jar:/home/runner/.m2/repository/com/github/pjfanning/jersey-json/1.20/jersey-json-1.20.jar:/home/runner/.m2/repository/org/codehaus/jettison/jettison/1.1/jettison-1.1.jar:/home/runner/.m2/repository/com/sun/xml/bind/jaxb-impl/2.2.3-1/jaxb-impl-2.2.3-1.jar:/home/runner/.m2/repository/com/google/re2j/re2j/1.1/re2j-1.1.jar:/home/runner/.m2/repository/com/jcraft/jsch/0.1.54/jsch-0.1.54.jar:/home/runner/.m2/repository/org/apache/curator/curator-client/4.2.0/curator-client-4.2.0.jar:/home/runner/.m2/repository/org/apache/curator/curator-recipes/4.2.0/curator-recipes-4.2.0.jar:/home/runner/.m2/repository/org/apache/kerby/kerb-core/1.0.1/kerb-core-1.0.1.jar:/home/runner/.m2/repository/org/apache/kerby/kerby-pkix/1.0.1/kerby-pkix-1.0.1.jar:/home/runner/.m2/repository/org/apache/kerby/kerby-asn1/1.0.1/kerby-asn1-1.0.1.jar:/home/runner/.m2/repository/org/apache/kerby/kerby-util/1.0.1/kerby-util-1.0.1.jar:/home/runner/.m2/repository/dnsjava/dnsjava/2.1.7/dnsjava-2.1.7.jar:/home/runner/.m2/repository/org/xerial/snappy/snappy-java/1.1.8.2/snappy-java-1.1.8.2.jar:/home/runner/.m2/repository/com/fasterxml/jackson/core/jackson-databind/2.13.4.2/jackson-databind-2.13.4.2.jar:/home/runner/.m2/repository/org/apache/hadoop/hadoop-kms/3.3.5/hadoop-kms-3.3.5-tests.jar:/home/runner/.m2/repository/org/apache/ozone/hdds-server-scm/1.4.0-SNAPSHOT/hdds-server-scm-1.4.0-SNAPSHOT-tests.jar:/home/runner/.m2/repository/org/apache/ozone/hdds-container-service/1.4.0-SNAPSHOT/hdds-container-service-1.4.0-SNAPSHOT-tests.jar:/home/runner/.m2/repository/com/github/luben/zstd-jni/1.5.2-5/zstd-jni-1.5.2-5.jar:/home/runner/.m2/repository/commons-codec/commons-codec/1.15/commons-codec-1.15.jar:/home/runner/.m2/repository/io/netty/netty-codec/4.1.86.Final/netty-codec-4.1.86.Final.jar:/home/runner/.m2/repository/io/netty/netty-handler/4.1.86.Final/netty-handler-4.1.86.Final.jar:/home/runner/.m2/repository/org/apache/ozone/hdds-hadoop-dependency-test/1.4.0-SNAPSHOT/hdds-hadoop-dependency-test-1.4.0-SNAPSHOT.jar:/home/runner/.m2/repository/org/apache/hadoop/hadoop-common/3.3.5/hadoop-common-3.3.5-tests.jar:/home/runner/.m2/repository/org/apache/hadoop/hadoop-hdfs/3.3.5/hadoop-hdfs-3.3.5-tests.jar:/home/runner/.m2/repository/org/assertj/assertj-core/3.12.2/assertj-core-3.12.2.jar:/home/runner/.m2/repository/org/apache/hadoop/hadoop-distcp/3.3.5/hadoop-distcp-3.3.5.jar:/home/runner/.m2/repository/org/apache/hadoop/hadoop-mapreduce-client-jobclient/3.3.5/hadoop-mapreduce-client-jobclient-3.3.5.jar:/home/runner/.m2/repository/org/apache/hadoop/hadoop-mapreduce-client-common/3.3.5/hadoop-mapreduce-client-common-3.3.5.jar:/home/runner/.m2/repository/org/apache/hadoop/hadoop-yarn-common/3.3.5/hadoop-yarn-common-3.3.5.jar:/home/runner/.m2/repository/org/apache/hadoop/hadoop-yarn-api/3.3.5/hadoop-yarn-api-3.3.5.jar:/home/runner/.m2/repository/com/sun/jersey/contribs/jersey-guice/1.19/jersey-guice-1.19.jar:/home/runner/.m2/repository/com/fasterxml/jackson/jaxrs/jackson-jaxrs-json-provider/2.13.4/jackson-jaxrs-json-provider-2.13.4.jar:/home/runner/.m2/repository/com/fasterxml/jackson/jaxrs/jackson-jaxrs-base/2.13.4/jackson-jaxrs-base-2.13.4.jar:/home/runner/.m2/repository/org/apache/hadoop/hadoop-yarn-client/3.3.5/hadoop-yarn-client-3.3.5.jar:/home/runner/.m2/repository/org/eclipse/jetty/websocket/websocket-client/9.4.48.v20220622/websocket-client-9.4.48.v20220622.jar:/home/runner/.m2/repository/org/eclipse/jetty/websocket/websocket-common/9.4.48.v20220622/websocket-common-9.4.48.v20220622.jar:/home/runner/.m2/repository/org/eclipse/jetty/websocket/websocket-api/9.4.48.v20220622/websocket-api-9.4.48.v20220622.jar:/home/runner/.m2/repository/org/jline/jline/3.9.0/jline-3.9.0.jar:/home/runner/.m2/repository/org/apache/hadoop/hadoop-mapreduce-client-core/3.3.5/hadoop-mapreduce-client-core-3.3.5.jar:/home/runner/.m2/repository/org/apache/avro/avro/1.7.7/avro-1.7.7.jar:/home/runner/.m2/repository/com/thoughtworks/paranamer/paranamer/2.3/paranamer-2.3.jar:/home/runner/.m2/repository/org/apache/hadoop/hadoop-annotations/3.3.5/hadoop-annotations-3.3.5.jar:/usr/lib/jvm/temurin-8-jdk-amd64/jre/../lib/tools.jar:/home/runner/.m2/repository/io/netty/netty/3.10.6.Final/netty-3.10.6.Final.jar:/home/runner/.m2/repository/org/apache/hadoop/hadoop-distcp/3.3.5/hadoop-distcp-3.3.5-tests.jar:/home/runner/.m2/repository/org/slf4j/jul-to-slf4j/1.7.36/jul-to-slf4j-1.7.36.jar:"/>
    <property name="java.vm.vendor" value="Temurin"/>
    <property name="sun.arch.data.model" value="64"/>
    <property name="test.build.dir" value="/home/runner/work/ozone/ozone/hadoop-ozone/integration-test/target/test-dir"/>
    <property name="test.cache.data" value=""/>
    <property name="java.vendor.url" value="https://adoptium.net/"/>
    <property name="user.timezone" value="Etc/UTC"/>
    <property name="java.vm.specification.version" value="1.8"/>
    <property name="os.name" value="Linux"/>
    <property name="test.build.data" value="/home/runner/work/ozone/ozone/hadoop-ozone/integration-test/target/test-dir"/>
    <property name="sun.java.launcher" value="SUN_STANDARD"/>
    <property name="sun.boot.library.path" value="/usr/lib/jvm/temurin-8-jdk-amd64/jre/lib/amd64"/>
    <property name="sun.java.command" value="/home/runner/work/ozone/ozone/hadoop-ozone/integration-test/target/surefire/surefirebooter6060453647933000073.jar /home/runner/work/ozone/ozone/hadoop-ozone/integration-test/target/surefire 2023-06-25T20-30-29_531-jvmRun1 surefire6589110291154777179tmp surefire_27702873999083246538tmp"/>
    <property name="native.lib.tmp.dir" value="/tmp"/>
    <property name="surefire.test.class.path" value="/home/runner/work/ozone/ozone/hadoop-ozone/integration-test/target/test-classes:/home/runner/work/ozone/ozone/hadoop-ozone/integration-test/target/classes:/home/runner/.m2/repository/org/apache/ozone/ozone-common/1.4.0-SNAPSHOT/ozone-common-1.4.0-SNAPSHOT.jar:/home/runner/.m2/repository/io/grpc/grpc-netty/1.51.1/grpc-netty-1.51.1.jar:/home/runner/.m2/repository/io/grpc/grpc-core/1.51.1/grpc-core-1.51.1.jar:/home/runner/.m2/repository/com/google/android/annotations/4.1.1.4/annotations-4.1.1.4.jar:/home/runner/.m2/repository/org/codehaus/mojo/animal-sniffer-annotations/1.21/animal-sniffer-annotations-1.21.jar:/home/runner/.m2/repository/com/google/errorprone/error_prone_annotations/2.2.0/error_prone_annotations-2.2.0.jar:/home/runner/.m2/repository/io/perfmark/perfmark-api/0.25.0/perfmark-api-0.25.0.jar:/home/runner/.m2/repository/io/netty/netty-codec-http2/4.1.86.Final/netty-codec-http2-4.1.86.Final.jar:/home/runner/.m2/repository/io/netty/netty-common/4.1.86.Final/netty-common-4.1.86.Final.jar:/home/runner/.m2/repository/io/netty/netty-buffer/4.1.86.Final/netty-buffer-4.1.86.Final.jar:/home/runner/.m2/repository/io/netty/netty-codec-http/4.1.86.Final/netty-codec-http-4.1.86.Final.jar:/home/runner/.m2/repository/io/netty/netty-handler-proxy/4.1.86.Final/netty-handler-proxy-4.1.86.Final.jar:/home/runner/.m2/repository/io/netty/netty-codec-socks/4.1.86.Final/netty-codec-socks-4.1.86.Final.jar:/home/runner/.m2/repository/io/netty/netty-tcnative-boringssl-static/2.0.54.Final/netty-tcnative-boringssl-static-2.0.54.Final.jar:/home/runner/.m2/repository/io/netty/netty-tcnative-classes/2.0.54.Final/netty-tcnative-classes-2.0.54.Final.jar:/home/runner/.m2/repository/io/netty/netty-tcnative-boringssl-static/2.0.54.Final/netty-tcnative-boringssl-static-2.0.54.Final-linux-x86_64.jar:/home/runner/.m2/repository/io/netty/netty-tcnative-boringssl-static/2.0.54.Final/netty-tcnative-boringssl-static-2.0.54.Final-linux-aarch_64.jar:/home/runner/.m2/repository/io/netty/netty-tcnative-boringssl-static/2.0.54.Final/netty-tcnative-boringssl-static-2.0.54.Final-osx-x86_64.jar:/home/runner/.m2/repository/io/netty/netty-tcnative-boringssl-static/2.0.54.Final/netty-tcnative-boringssl-static-2.0.54.Final-osx-aarch_64.jar:/home/runner/.m2/repository/io/netty/netty-tcnative-boringssl-static/2.0.54.Final/netty-tcnative-boringssl-static-2.0.54.Final-windows-x86_64.jar:/home/runner/.m2/repository/org/apache/commons/commons-compress/1.21/commons-compress-1.21.jar:/home/runner/.m2/repository/org/apache/ozone/hdds-common/1.4.0-SNAPSHOT/hdds-common-1.4.0-SNAPSHOT.jar:/home/runner/.m2/repository/org/apache/ozone/hdds-client/1.4.0-SNAPSHOT/hdds-client-1.4.0-SNAPSHOT.jar:/home/runner/.m2/repository/org/apache/ozone/ozone-interface-client/1.4.0-SNAPSHOT/ozone-interface-client-1.4.0-SNAPSHOT.jar:/home/runner/.m2/repository/org/apache/hadoop/hadoop-hdfs-client/3.3.5/hadoop-hdfs-client-3.3.5.jar:/home/runner/.m2/repository/com/squareup/okhttp3/okhttp/4.9.3/okhttp-4.9.3.jar:/home/runner/.m2/repository/com/squareup/okio/okio/2.8.0/okio-2.8.0.jar:/home/runner/.m2/repository/org/jetbrains/kotlin/kotlin-stdlib-common/1.6.21/kotlin-stdlib-common-1.6.21.jar:/home/runner/.m2/repository/org/apache/ozone/hdds-test-utils/1.4.0-SNAPSHOT/hdds-test-utils-1.4.0-SNAPSHOT.jar:/home/runner/.m2/repository/com/google/guava/guava/32.0.0-jre/guava-32.0.0-jre.jar:/home/runner/.m2/repository/com/google/guava/failureaccess/1.0.1/failureaccess-1.0.1.jar:/home/runner/.m2/repository/com/google/guava/listenablefuture/9999.0-empty-to-avoid-conflict-with-guava/listenablefuture-9999.0-empty-to-avoid-conflict-with-guava.jar:/home/runner/.m2/repository/com/google/code/findbugs/jsr305/3.0.0/jsr305-3.0.0.jar:/home/runner/.m2/repository/org/checkerframework/checker-qual/3.33.0/checker-qual-3.33.0.jar:/home/runner/.m2/repository/com/google/j2objc/j2objc-annotations/2.8/j2objc-annotations-2.8.jar:/home/runner/.m2/repository/commons-io/commons-io/2.11.0/commons-io-2.11.0.jar:/home/runner/.m2/repository/commons-logging/commons-logging/1.2/commons-logging-1.2.jar:/home/runner/.m2/repository/ch/qos/reload4j/reload4j/1.2.22/reload4j-1.2.22.jar:/home/runner/.m2/repository/org/slf4j/slf4j-api/1.7.36/slf4j-api-1.7.36.jar:/home/runner/.m2/repository/org/apache/ozone/hdds-server-scm/1.4.0-SNAPSHOT/hdds-server-scm-1.4.0-SNAPSHOT.jar:/home/runner/.m2/repository/org/apache/ozone/hdds-container-service/1.4.0-SNAPSHOT/hdds-container-service-1.4.0-SNAPSHOT.jar:/home/runner/.m2/repository/org/apache/ozone/hdds-hadoop-dependency-server/1.4.0-SNAPSHOT/hdds-hadoop-dependency-server-1.4.0-SNAPSHOT.jar:/home/runner/.m2/repository/org/apache/hadoop/hadoop-hdfs/3.3.5/hadoop-hdfs-3.3.5.jar:/home/runner/.m2/repository/commons-daemon/commons-daemon/1.0.13/commons-daemon-1.0.13.jar:/home/runner/.m2/repository/org/apache/ozone/hdds-server-framework/1.4.0-SNAPSHOT/hdds-server-framework-1.4.0-SNAPSHOT.jar:/home/runner/.m2/repository/io/dropwizard/metrics/metrics-core/3.2.4/metrics-core-3.2.4.jar:/home/runner/.m2/repository/org/apache/commons/commons-text/1.10.0/commons-text-1.10.0.jar:/home/runner/.m2/repository/org/bouncycastle/bcprov-jdk15on/1.67/bcprov-jdk15on-1.67.jar:/home/runner/.m2/repository/com/google/protobuf/protobuf-java/2.5.0/protobuf-java-2.5.0.jar:/home/runner/.m2/repository/org/apache/ozone/hdds-server-framework/1.4.0-SNAPSHOT/hdds-server-framework-1.4.0-SNAPSHOT-tests.jar:/home/runner/.m2/repository/org/apache/ozone/hdds-interface-server/1.4.0-SNAPSHOT/hdds-interface-server-1.4.0-SNAPSHOT.jar:/home/runner/.m2/repository/org/apache/ozone/hdds-interface-admin/1.4.0-SNAPSHOT/hdds-interface-admin-1.4.0-SNAPSHOT.jar:/home/runner/.m2/repository/org/apache/ozone/hdds-managed-rocksdb/1.4.0-SNAPSHOT/hdds-managed-rocksdb-1.4.0-SNAPSHOT.jar:/home/runner/.m2/repository/org/rocksdb/rocksdbjni/7.7.3/rocksdbjni-7.7.3.jar:/home/runner/.m2/repository/org/slf4j/slf4j-reload4j/1.7.36/slf4j-reload4j-1.7.36.jar:/home/runner/.m2/repository/org/apache/commons/commons-configuration2/2.1.1/commons-configuration2-2.1.1.jar:/home/runner/.m2/repository/commons-fileupload/commons-fileupload/1.5/commons-fileupload-1.5.jar:/home/runner/.m2/repository/org/apache/logging/log4j/log4j-core/2.17.1/log4j-core-2.17.1.jar:/home/runner/.m2/repository/com/lmax/disruptor/3.4.2/disruptor-3.4.2.jar:/home/runner/.m2/repository/org/eclipse/jetty/jetty-util/9.4.51.v20230217/jetty-util-9.4.51.v20230217.jar:/home/runner/.m2/repository/org/eclipse/jetty/jetty-server/9.4.51.v20230217/jetty-server-9.4.51.v20230217.jar:/home/runner/.m2/repository/org/eclipse/jetty/jetty-http/9.4.51.v20230217/jetty-http-9.4.51.v20230217.jar:/home/runner/.m2/repository/org/eclipse/jetty/jetty-io/9.4.51.v20230217/jetty-io-9.4.51.v20230217.jar:/home/runner/.m2/repository/org/eclipse/jetty/jetty-servlet/9.4.51.v20230217/jetty-servlet-9.4.51.v20230217.jar:/home/runner/.m2/repository/org/eclipse/jetty/jetty-security/9.4.51.v20230217/jetty-security-9.4.51.v20230217.jar:/home/runner/.m2/repository/org/eclipse/jetty/jetty-util-ajax/9.4.51.v20230217/jetty-util-ajax-9.4.51.v20230217.jar:/home/runner/.m2/repository/org/eclipse/jetty/jetty-webapp/9.4.51.v20230217/jetty-webapp-9.4.51.v20230217.jar:/home/runner/.m2/repository/org/eclipse/jetty/jetty-xml/9.4.51.v20230217/jetty-xml-9.4.51.v20230217.jar:/home/runner/.m2/repository/org/apache/ratis/ratis-server/2.5.1/ratis-server-2.5.1.jar:/home/runner/.m2/repository/org/apache/ratis/ratis-thirdparty-misc/1.0.4/ratis-thirdparty-misc-1.0.4.jar:/home/runner/.m2/repository/org/apache/ratis/ratis-proto/2.5.1/ratis-proto-2.5.1.jar:/home/runner/.m2/repository/org/apache/ratis/ratis-common/2.5.1/ratis-common-2.5.1.jar:/home/runner/.m2/repository/org/apache/ratis/ratis-client/2.5.1/ratis-client-2.5.1.jar:/home/runner/.m2/repository/org/apache/ratis/ratis-server-api/2.5.1/ratis-server-api-2.5.1.jar:/home/runner/.m2/repository/org/apache/ratis/ratis-metrics/2.5.1/ratis-metrics-2.5.1.jar:/home/runner/.m2/repository/io/prometheus/simpleclient_dropwizard/0.7.0/simpleclient_dropwizard-0.7.0.jar:/home/runner/.m2/repository/io/prometheus/simpleclient/0.7.0/simpleclient-0.7.0.jar:/home/runner/.m2/repository/io/prometheus/simpleclient_common/0.7.0/simpleclient_common-0.7.0.jar:/home/runner/.m2/repository/com/fasterxml/jackson/datatype/jackson-datatype-jsr310/2.13.4/jackson-datatype-jsr310-2.13.4.jar:/home/runner/.m2/repository/com/fasterxml/jackson/core/jackson-core/2.13.4/jackson-core-2.13.4.jar:/home/runner/.m2/repository/com/github/spotbugs/spotbugs-annotations/3.1.12/spotbugs-annotations-3.1.12.jar:/home/runner/.m2/repository/org/apache/ozone/rocksdb-checkpoint-differ/1.4.0-SNAPSHOT/rocksdb-checkpoint-differ-1.4.0-SNAPSHOT.jar:/home/runner/.m2/repository/org/awaitility/awaitility/4.2.0/awaitility-4.2.0.jar:/home/runner/.m2/repository/org/hamcrest/hamcrest/2.1/hamcrest-2.1.jar:/home/runner/.m2/repository/org/apache/ozone/ozone-manager/1.4.0-SNAPSHOT/ozone-manager-1.4.0-SNAPSHOT.jar:/home/runner/.m2/repository/org/aspectj/aspectjrt/1.9.7/aspectjrt-1.9.7.jar:/home/runner/.m2/repository/org/aspectj/aspectjweaver/1.9.7/aspectjweaver-1.9.7.jar:/home/runner/.m2/repository/org/apache/ozone/hdds-interface-client/1.4.0-SNAPSHOT/hdds-interface-client-1.4.0-SNAPSHOT.jar:/home/runner/.m2/repository/org/apache/hadoop/thirdparty/hadoop-shaded-protobuf_3_7/1.1.1/hadoop-shaded-protobuf_3_7-1.1.1.jar:/home/runner/.m2/repository/org/apache/ozone/ozone-interface-storage/1.4.0-SNAPSHOT/ozone-interface-storage-1.4.0-SNAPSHOT.jar:/home/runner/.m2/repository/org/reflections/reflections/0.9.11/reflections-0.9.11.jar:/home/runner/.m2/repository/com/sun/jersey/jersey-client/1.19/jersey-client-1.19.jar:/home/runner/.m2/repository/org/codehaus/jackson/jackson-core-asl/1.9.13/jackson-core-asl-1.9.13.jar:/home/runner/.m2/repository/org/codehaus/jackson/jackson-mapper-asl/1.9.13/jackson-mapper-asl-1.9.13.jar:/home/runner/.m2/repository/org/codehaus/jackson/jackson-jaxrs/1.9.13/jackson-jaxrs-1.9.13.jar:/home/runner/.m2/repository/org/apache/ranger/ranger-intg/2.3.0/ranger-intg-2.3.0.jar:/home/runner/.m2/repository/org/apache/ranger/ranger-plugins-common/2.3.0/ranger-plugins-common-2.3.0.jar:/home/runner/.m2/repository/commons-lang/commons-lang/2.6/commons-lang-2.6.jar:/home/runner/.m2/repository/org/apache/ranger/ranger-plugins-cred/2.3.0/ranger-plugins-cred-2.3.0.jar:/home/runner/.m2/repository/org/apache/ranger/ranger-plugins-audit/2.3.0/ranger-plugins-audit-2.3.0.jar:/home/runner/.m2/repository/org/eclipse/jetty/jetty-client/9.4.51.v20230217/jetty-client-9.4.51.v20230217.jar:/home/runner/.m2/repository/org/apache/httpcomponents/httpmime/4.5.6/httpmime-4.5.6.jar:/home/runner/.m2/repository/org/apache/httpcomponents/httpcore-nio/4.4.13/httpcore-nio-4.4.13.jar:/home/runner/.m2/repository/org/apache/httpcomponents/httpasyncclient/4.1.3/httpasyncclient-4.1.3.jar:/home/runner/.m2/repository/com/carrotsearch/hppc/0.8.0/hppc-0.8.0.jar:/home/runner/.m2/repository/org/apache/orc/orc-core/1.5.8/orc-core-1.5.8.jar:/home/runner/.m2/repository/net/java/dev/jna/jna/5.2.0/jna-5.2.0.jar:/home/runner/.m2/repository/net/java/dev/jna/jna-platform/5.2.0/jna-platform-5.2.0.jar:/home/runner/.m2/repository/com/kstruct/gethostname4j/0.0.2/gethostname4j-0.0.2.jar:/home/runner/.m2/repository/org/apache/ranger/ranger-plugin-classloader/2.3.0/ranger-plugin-classloader-2.3.0.jar:/home/runner/.m2/repository/org/apache/ozone/hdds-rocks-native/1.4.0-SNAPSHOT/hdds-rocks-native-1.4.0-SNAPSHOT.jar:/home/runner/.m2/repository/org/apache/hadoop/hadoop-minikdc/3.3.5/hadoop-minikdc-3.3.5.jar:/home/runner/.m2/repository/org/apache/kerby/kerb-simplekdc/1.0.1/kerb-simplekdc-1.0.1.jar:/home/runner/.m2/repository/org/apache/kerby/kerb-client/1.0.1/kerb-client-1.0.1.jar:/home/runner/.m2/repository/org/apache/kerby/kerby-config/1.0.1/kerby-config-1.0.1.jar:/home/runner/.m2/repository/org/apache/kerby/kerb-common/1.0.1/kerb-common-1.0.1.jar:/home/runner/.m2/repository/org/apache/kerby/kerb-crypto/1.0.1/kerb-crypto-1.0.1.jar:/home/runner/.m2/repository/org/apache/kerby/kerb-util/1.0.1/kerb-util-1.0.1.jar:/home/runner/.m2/repository/org/apache/kerby/token-provider/1.0.1/token-provider-1.0.1.jar:/home/runner/.m2/repository/org/apache/kerby/kerb-admin/1.0.1/kerb-admin-1.0.1.jar:/home/runner/.m2/repository/org/apache/kerby/kerb-server/1.0.1/kerb-server-1.0.1.jar:/home/runner/.m2/repository/org/apache/kerby/kerb-identity/1.0.1/kerb-identity-1.0.1.jar:/home/runner/.m2/repository/org/apache/kerby/kerby-xdr/1.0.1/kerby-xdr-1.0.1.jar:/home/runner/.m2/repository/org/apache/ozone/ozone-s3gateway/1.4.0-SNAPSHOT/ozone-s3gateway-1.4.0-SNAPSHOT.jar:/home/runner/.m2/repository/org/javassist/javassist/3.21.0-GA/javassist-3.21.0-GA.jar:/home/runner/.m2/repository/org/jboss/weld/servlet/weld-servlet-shaded/3.1.9.Final/weld-servlet-shaded-3.1.9.Final.jar:/home/runner/.m2/repository/org/glassfish/jersey/containers/jersey-container-servlet-core/2.34/jersey-container-servlet-core-2.34.jar:/home/runner/.m2/repository/org/glassfish/hk2/external/jakarta.inject/2.6.1/jakarta.inject-2.6.1.jar:/home/runner/.m2/repository/org/glassfish/jersey/core/jersey-common/2.34/jersey-common-2.34.jar:/home/runner/.m2/repository/jakarta/ws/rs/jakarta.ws.rs-api/2.1.6/jakarta.ws.rs-api-2.1.6.jar:/home/runner/.m2/repository/org/glassfish/jersey/ext/cdi/jersey-cdi1x/2.34/jersey-cdi1x-2.34.jar:/home/runner/.m2/repository/org/glassfish/jersey/inject/jersey-hk2/2.34/jersey-hk2-2.34.jar:/home/runner/.m2/repository/org/glassfish/hk2/hk2-locator/2.6.1/hk2-locator-2.6.1.jar:/home/runner/.m2/repository/org/glassfish/jersey/media/jersey-media-jaxb/2.34/jersey-media-jaxb-2.34.jar:/home/runner/.m2/repository/org/glassfish/hk2/osgi-resource-locator/1.0.3/osgi-resource-locator-1.0.3.jar:/home/runner/.m2/repository/org/glassfish/hk2/hk2-api/2.5.0/hk2-api-2.5.0.jar:/home/runner/.m2/repository/org/glassfish/hk2/hk2-utils/2.5.0/hk2-utils-2.5.0.jar:/home/runner/.m2/repository/org/glassfish/hk2/external/aopalliance-repackaged/2.5.0/aopalliance-repackaged-2.5.0.jar:/home/runner/.m2/repository/com/fasterxml/jackson/dataformat/jackson-dataformat-xml/2.13.4/jackson-dataformat-xml-2.13.4.jar:/home/runner/.m2/repository/org/codehaus/woodstox/stax2-api/4.2.1/stax2-api-4.2.1.jar:/home/runner/.m2/repository/com/fasterxml/woodstox/woodstox-core/5.4.0/woodstox-core-5.4.0.jar:/home/runner/.m2/repository/com/fasterxml/jackson/module/jackson-module-jaxb-annotations/2.13.4/jackson-module-jaxb-annotations-2.13.4.jar:/home/runner/.m2/repository/jakarta/xml/bind/jakarta.xml.bind-api/2.3.3/jakarta.xml.bind-api-2.3.3.jar:/home/runner/.m2/repository/jakarta/activation/jakarta.activation-api/1.2.2/jakarta.activation-api-1.2.2.jar:/home/runner/.m2/repository/javax/enterprise/cdi-api/2.0/cdi-api-2.0.jar:/home/runner/.m2/repository/javax/el/javax.el-api/3.0.0/javax.el-api-3.0.0.jar:/home/runner/.m2/repository/javax/interceptor/javax.interceptor-api/1.2/javax.interceptor-api-1.2.jar:/home/runner/.m2/repository/javax/inject/javax.inject/1/javax.inject-1.jar:/home/runner/.m2/repository/javax/xml/bind/jaxb-api/2.3.0/jaxb-api-2.3.0.jar:/home/runner/.m2/repository/org/glassfish/jaxb/jaxb-runtime/2.3.0.1/jaxb-runtime-2.3.0.1.jar:/home/runner/.m2/repository/org/glassfish/jaxb/jaxb-core/2.3.0.1/jaxb-core-2.3.0.1.jar:/home/runner/.m2/repository/org/glassfish/jaxb/txw2/2.3.0.1/txw2-2.3.0.1.jar:/home/runner/.m2/repository/com/sun/istack/istack-commons-runtime/3.0.5/istack-commons-runtime-3.0.5.jar:/home/runner/.m2/repository/org/jvnet/staxex/stax-ex/1.7.8/stax-ex-1.7.8.jar:/home/runner/.m2/repository/com/sun/xml/fastinfoset/FastInfoset/1.2.13/FastInfoset-1.2.13.jar:/home/runner/.m2/repository/javax/activation/activation/1.1.1/activation-1.1.1.jar:/home/runner/.m2/repository/io/grpc/grpc-protobuf/1.51.1/grpc-protobuf-1.51.1.jar:/home/runner/.m2/repository/com/google/api/grpc/proto-google-common-protos/2.9.0/proto-google-common-protos-2.9.0.jar:/home/runner/.m2/repository/io/grpc/grpc-protobuf-lite/1.51.1/grpc-protobuf-lite-1.51.1.jar:/home/runner/.m2/repository/io/grpc/grpc-stub/1.51.1/grpc-stub-1.51.1.jar:/home/runner/.m2/repository/io/netty/netty-transport/4.1.86.Final/netty-transport-4.1.86.Final.jar:/home/runner/.m2/repository/io/netty/netty-resolver/4.1.86.Final/netty-resolver-4.1.86.Final.jar:/home/runner/.m2/repository/org/apache/ozone/ozone-csi/1.4.0-SNAPSHOT/ozone-csi-1.4.0-SNAPSHOT.jar:/home/runner/.m2/repository/com/google/protobuf/protobuf-java-util/3.19.6/protobuf-java-util-3.19.6.jar:/home/runner/.m2/repository/com/google/code/gson/gson/2.9.0/gson-2.9.0.jar:/home/runner/.m2/repository/org/apache/ozone/hdds-config/1.4.0-SNAPSHOT/hdds-config-1.4.0-SNAPSHOT.jar:/home/runner/.m2/repository/io/netty/netty-transport-native-epoll/4.1.86.Final/netty-transport-native-epoll-4.1.86.Final-linux-x86_64.jar:/home/runner/.m2/repository/io/netty/netty-transport-classes-epoll/4.1.86.Final/netty-transport-classes-epoll-4.1.86.Final.jar:/home/runner/.m2/repository/io/netty/netty-transport-native-unix-common/4.1.86.Final/netty-transport-native-unix-common-4.1.86.Final.jar:/home/runner/.m2/repository/org/apache/ozone/ozone-recon/1.4.0-SNAPSHOT/ozone-recon-1.4.0-SNAPSHOT.jar:/home/runner/.m2/repository/org/apache/ozone/ozone-reconcodegen/1.4.0-SNAPSHOT/ozone-reconcodegen-1.4.0-SNAPSHOT.jar:/home/runner/.m2/repository/com/google/inject/guice/5.1.0/guice-5.1.0.jar:/home/runner/.m2/repository/aopalliance/aopalliance/1.0/aopalliance-1.0.jar:/home/runner/.m2/repository/com/google/inject/extensions/guice-assistedinject/5.1.0/guice-assistedinject-5.1.0.jar:/home/runner/.m2/repository/com/google/inject/extensions/guice-servlet/5.1.0/guice-servlet-5.1.0.jar:/home/runner/.m2/repository/org/glassfish/jersey/containers/jersey-container-servlet/2.34/jersey-container-servlet-2.34.jar:/home/runner/.m2/repository/org/glassfish/hk2/guice-bridge/2.5.0/guice-bridge-2.5.0.jar:/home/runner/.m2/repository/org/glassfish/jersey/core/jersey-server/2.34/jersey-server-2.34.jar:/home/runner/.m2/repository/org/glassfish/jersey/core/jersey-client/2.34/jersey-client-2.34.jar:/home/runner/.m2/repository/jakarta/annotation/jakarta.annotation-api/1.3.5/jakarta.annotation-api-1.3.5.jar:/home/runner/.m2/repository/jakarta/validation/jakarta.validation-api/2.0.2/jakarta.validation-api-2.0.2.jar:/home/runner/.m2/repository/org/glassfish/jersey/media/jersey-media-json-jackson/2.34/jersey-media-json-jackson-2.34.jar:/home/runner/.m2/repository/org/glassfish/jersey/ext/jersey-entity-filtering/2.34/jersey-entity-filtering-2.34.jar:/home/runner/.m2/repository/org/jooq/jooq/3.11.10/jooq-3.11.10.jar:/home/runner/.m2/repository/org/jooq/jooq-meta/3.11.10/jooq-meta-3.11.10.jar:/home/runner/.m2/repository/org/jooq/jooq-codegen/3.11.10/jooq-codegen-3.11.10.jar:/home/runner/.m2/repository/com/jolbox/bonecp/0.8.0.RELEASE/bonecp-0.8.0.RELEASE.jar:/home/runner/.m2/repository/org/apache/derby/derby/10.14.2.0/derby-10.14.2.0.jar:/home/runner/.m2/repository/org/xerial/sqlite-jdbc/3.41.2.2/sqlite-jdbc-3.41.2.2.jar:/home/runner/.m2/repository/org/springframework/spring-jdbc/5.3.27/spring-jdbc-5.3.27.jar:/home/runner/.m2/repository/org/springframework/spring-beans/5.3.27/spring-beans-5.3.27.jar:/home/runner/.m2/repository/org/springframework/spring-core/5.3.27/spring-core-5.3.27.jar:/home/runner/.m2/repository/org/springframework/spring-tx/5.3.27/spring-tx-5.3.27.jar:/home/runner/.m2/repository/org/apache/ozone/ozone-client/1.4.0-SNAPSHOT/ozone-client-1.4.0-SNAPSHOT.jar:/home/runner/.m2/repository/org/apache/ozone/hdds-erasurecode/1.4.0-SNAPSHOT/hdds-erasurecode-1.4.0-SNAPSHOT.jar:/home/runner/.m2/repository/org/apache/ozone/ozone-filesystem/1.4.0-SNAPSHOT/ozone-filesystem-1.4.0-SNAPSHOT.jar:/home/runner/.m2/repository/org/apache/ozone/ozone-filesystem-common/1.4.0-SNAPSHOT/ozone-filesystem-common-1.4.0-SNAPSHOT.jar:/home/runner/.m2/repository/org/apache/ozone/ozone-tools/1.4.0-SNAPSHOT/ozone-tools-1.4.0-SNAPSHOT.jar:/home/runner/.m2/repository/com/amazonaws/aws-java-sdk-core/1.12.261/aws-java-sdk-core-1.12.261.jar:/home/runner/.m2/repository/org/apache/httpcomponents/httpclient/4.5.13/httpclient-4.5.13.jar:/home/runner/.m2/repository/org/apache/httpcomponents/httpcore/4.4.13/httpcore-4.4.13.jar:/home/runner/.m2/repository/software/amazon/ion/ion-java/1.0.2/ion-java-1.0.2.jar:/home/runner/.m2/repository/com/fasterxml/jackson/dataformat/jackson-dataformat-cbor/2.13.4/jackson-dataformat-cbor-2.13.4.jar:/home/runner/.m2/repository/joda-time/joda-time/2.10.6/joda-time-2.10.6.jar:/home/runner/.m2/repository/com/amazonaws/aws-java-sdk-s3/1.12.261/aws-java-sdk-s3-1.12.261.jar:/home/runner/.m2/repository/com/amazonaws/aws-java-sdk-kms/1.12.261/aws-java-sdk-kms-1.12.261.jar:/home/runner/.m2/repository/com/amazonaws/jmespath-java/1.12.261/jmespath-java-1.12.261.jar:/home/runner/.m2/repository/org/kohsuke/metainf-services/metainf-services/1.8/metainf-services-1.8.jar:/home/runner/.m2/repository/org/apache/ozone/hdds-tools/1.4.0-SNAPSHOT/hdds-tools-1.4.0-SNAPSHOT.jar:/home/runner/.m2/repository/org/apache/ratis/ratis-tools/2.5.1/ratis-tools-2.5.1.jar:/home/runner/.m2/repository/commons-cli/commons-cli/1.2/commons-cli-1.2.jar:/home/runner/.m2/repository/org/apache/commons/commons-lang3/3.7/commons-lang3-3.7.jar:/home/runner/.m2/repository/org/apache/ozone/ozone-manager/1.4.0-SNAPSHOT/ozone-manager-1.4.0-SNAPSHOT-tests.jar:/home/runner/.m2/repository/org/apache/ozone/hdds-common/1.4.0-SNAPSHOT/hdds-common-1.4.0-SNAPSHOT-tests.jar:/home/runner/.m2/repository/org/apache/ozone/hdds-hadoop-dependency-client/1.4.0-SNAPSHOT/hdds-hadoop-dependency-client-1.4.0-SNAPSHOT.jar:/home/runner/.m2/repository/info/picocli/picocli/4.6.1/picocli-4.6.1.jar:/home/runner/.m2/repository/com/fasterxml/jackson/core/jackson-annotations/2.13.4/jackson-annotations-2.13.4.jar:/home/runner/.m2/repository/org/apache/ozone/hdds-annotation-processing/1.4.0-SNAPSHOT/hdds-annotation-processing-1.4.0-SNAPSHOT.jar:/home/runner/.m2/repository/javax/annotation/javax.annotation-api/1.2/javax.annotation-api-1.2.jar:/home/runner/.m2/repository/org/apache/ratis/ratis-netty/2.5.1/ratis-netty-2.5.1.jar:/home/runner/.m2/repository/org/apache/ratis/ratis-grpc/2.5.1/ratis-grpc-2.5.1.jar:/home/runner/.m2/repository/org/apache/logging/log4j/log4j-api/2.17.1/log4j-api-2.17.1.jar:/home/runner/.m2/repository/org/apache/commons/commons-pool2/2.6.0/commons-pool2-2.6.0.jar:/home/runner/.m2/repository/org/bouncycastle/bcpkix-jdk15on/1.67/bcpkix-jdk15on-1.67.jar:/home/runner/.m2/repository/commons-validator/commons-validator/1.6/commons-validator-1.6.jar:/home/runner/.m2/repository/commons-beanutils/commons-beanutils/1.9.4/commons-beanutils-1.9.4.jar:/home/runner/.m2/repository/commons-digester/commons-digester/1.8.1/commons-digester-1.8.1.jar:/home/runner/.m2/repository/commons-collections/commons-collections/3.2.2/commons-collections-3.2.2.jar:/home/runner/.m2/repository/io/jaegertracing/jaeger-client/1.6.0/jaeger-client-1.6.0.jar:/home/runner/.m2/repository/io/jaegertracing/jaeger-thrift/1.6.0/jaeger-thrift-1.6.0.jar:/home/runner/.m2/repository/org/apache/thrift/libthrift/0.14.1/libthrift-0.14.1.jar:/home/runner/.m2/repository/io/jaegertracing/jaeger-core/1.6.0/jaeger-core-1.6.0.jar:/home/runner/.m2/repository/io/jaegertracing/jaeger-tracerresolver/1.6.0/jaeger-tracerresolver-1.6.0.jar:/home/runner/.m2/repository/io/opentracing/contrib/opentracing-tracerresolver/0.1.8/opentracing-tracerresolver-0.1.8.jar:/home/runner/.m2/repository/org/jetbrains/kotlin/kotlin-stdlib/1.6.21/kotlin-stdlib-1.6.21.jar:/home/runner/.m2/repository/org/jetbrains/annotations/13.0/annotations-13.0.jar:/home/runner/.m2/repository/io/opentracing/opentracing-util/0.33.0/opentracing-util-0.33.0.jar:/home/runner/.m2/repository/io/opentracing/opentracing-api/0.33.0/opentracing-api-0.33.0.jar:/home/runner/.m2/repository/io/opentracing/opentracing-noop/0.33.0/opentracing-noop-0.33.0.jar:/home/runner/.m2/repository/org/yaml/snakeyaml/2.0/snakeyaml-2.0.jar:/home/runner/.m2/repository/io/grpc/grpc-api/1.51.1/grpc-api-1.51.1.jar:/home/runner/.m2/repository/io/grpc/grpc-context/1.51.1/grpc-context-1.51.1.jar:/home/runner/.m2/repository/junit/junit/4.13.1/junit-4.13.1.jar:/home/runner/.m2/repository/org/hamcrest/hamcrest-core/1.3/hamcrest-core-1.3.jar:/home/runner/.m2/repository/org/junit/jupiter/junit-jupiter-api/5.8.2/junit-jupiter-api-5.8.2.jar:/home/runner/.m2/repository/org/opentest4j/opentest4j/1.2.0/opentest4j-1.2.0.jar:/home/runner/.m2/repository/org/junit/platform/junit-platform-commons/1.8.2/junit-platform-commons-1.8.2.jar:/home/runner/.m2/repository/org/apiguardian/apiguardian-api/1.1.2/apiguardian-api-1.1.2.jar:/home/runner/.m2/repository/org/junit/jupiter/junit-jupiter-params/5.8.2/junit-jupiter-params-5.8.2.jar:/home/runner/.m2/repository/org/junit/jupiter/junit-jupiter-migrationsupport/5.8.2/junit-jupiter-migrationsupport-5.8.2.jar:/home/runner/.m2/repository/org/junit/jupiter/junit-jupiter-engine/5.8.2/junit-jupiter-engine-5.8.2.jar:/home/runner/.m2/repository/org/junit/platform/junit-platform-engine/1.8.2/junit-platform-engine-1.8.2.jar:/home/runner/.m2/repository/org/junit/vintage/junit-vintage-engine/5.8.2/junit-vintage-engine-5.8.2.jar:/home/runner/.m2/repository/org/junit/platform/junit-platform-launcher/1.8.2/junit-platform-launcher-1.8.2.jar:/home/runner/.m2/repository/org/mockito/mockito-core/3.5.9/mockito-core-3.5.9.jar:/home/runner/.m2/repository/net/bytebuddy/byte-buddy/1.10.13/byte-buddy-1.10.13.jar:/home/runner/.m2/repository/net/bytebuddy/byte-buddy-agent/1.10.13/byte-buddy-agent-1.10.13.jar:/home/runner/.m2/repository/org/objenesis/objenesis/1.0/objenesis-1.0.jar:/home/runner/.m2/repository/org/apache/hadoop/hadoop-kms/3.3.5/hadoop-kms-3.3.5.jar:/home/runner/.m2/repository/org/apache/hadoop/hadoop-auth/3.3.5/hadoop-auth-3.3.5.jar:/home/runner/.m2/repository/com/nimbusds/nimbus-jose-jwt/9.8.1/nimbus-jose-jwt-9.8.1.jar:/home/runner/.m2/repository/com/github/stephenc/jcip/jcip-annotations/1.0-1/jcip-annotations-1.0-1.jar:/home/runner/.m2/repository/net/minidev/json-smart/2.4.7/json-smart-2.4.7.jar:/home/runner/.m2/repository/net/minidev/accessors-smart/2.4.7/accessors-smart-2.4.7.jar:/home/runner/.m2/repository/org/ow2/asm/asm/5.0.4/asm-5.0.4.jar:/home/runner/.m2/repository/org/apache/zookeeper/zookeeper/3.5.6/zookeeper-3.5.6.jar:/home/runner/.m2/repository/org/apache/zookeeper/zookeeper-jute/3.5.6/zookeeper-jute-3.5.6.jar:/home/runner/.m2/repository/org/apache/yetus/audience-annotations/0.5.0/audience-annotations-0.5.0.jar:/home/runner/.m2/repository/org/apache/curator/curator-framework/4.2.0/curator-framework-4.2.0.jar:/home/runner/.m2/repository/org/apache/hadoop/thirdparty/hadoop-shaded-guava/1.1.1/hadoop-shaded-guava-1.1.1.jar:/home/runner/.m2/repository/com/sun/jersey/jersey-core/1.19/jersey-core-1.19.jar:/home/runner/.m2/repository/javax/ws/rs/jsr311-api/1.1.1/jsr311-api-1.1.1.jar:/home/runner/.m2/repository/com/sun/jersey/jersey-server/1.19/jersey-server-1.19.jar:/home/runner/.m2/repository/javax/servlet/javax.servlet-api/3.1.0/javax.servlet-api-3.1.0.jar:/home/runner/.m2/repository/org/apache/hadoop/hadoop-common/3.3.5/hadoop-common-3.3.5.jar:/home/runner/.m2/repository/org/apache/commons/commons-math3/3.1.1/commons-math3-3.1.1.jar:/home/runner/.m2/repository/commons-net/commons-net/3.9.0/commons-net-3.9.0.jar:/home/runner/.m2/repository/com/sun/jersey/jersey-servlet/1.19/jersey-servlet-1.19.jar:/home/runner/.m2/repository/com/github/pjfanning/jersey-json/1.20/jersey-json-1.20.jar:/home/runner/.m2/repository/org/codehaus/jettison/jettison/1.1/jettison-1.1.jar:/home/runner/.m2/repository/com/sun/xml/bind/jaxb-impl/2.2.3-1/jaxb-impl-2.2.3-1.jar:/home/runner/.m2/repository/com/google/re2j/re2j/1.1/re2j-1.1.jar:/home/runner/.m2/repository/com/jcraft/jsch/0.1.54/jsch-0.1.54.jar:/home/runner/.m2/repository/org/apache/curator/curator-client/4.2.0/curator-client-4.2.0.jar:/home/runner/.m2/repository/org/apache/curator/curator-recipes/4.2.0/curator-recipes-4.2.0.jar:/home/runner/.m2/repository/org/apache/kerby/kerb-core/1.0.1/kerb-core-1.0.1.jar:/home/runner/.m2/repository/org/apache/kerby/kerby-pkix/1.0.1/kerby-pkix-1.0.1.jar:/home/runner/.m2/repository/org/apache/kerby/kerby-asn1/1.0.1/kerby-asn1-1.0.1.jar:/home/runner/.m2/repository/org/apache/kerby/kerby-util/1.0.1/kerby-util-1.0.1.jar:/home/runner/.m2/repository/dnsjava/dnsjava/2.1.7/dnsjava-2.1.7.jar:/home/runner/.m2/repository/org/xerial/snappy/snappy-java/1.1.8.2/snappy-java-1.1.8.2.jar:/home/runner/.m2/repository/com/fasterxml/jackson/core/jackson-databind/2.13.4.2/jackson-databind-2.13.4.2.jar:/home/runner/.m2/repository/org/apache/hadoop/hadoop-kms/3.3.5/hadoop-kms-3.3.5-tests.jar:/home/runner/.m2/repository/org/apache/ozone/hdds-server-scm/1.4.0-SNAPSHOT/hdds-server-scm-1.4.0-SNAPSHOT-tests.jar:/home/runner/.m2/repository/org/apache/ozone/hdds-container-service/1.4.0-SNAPSHOT/hdds-container-service-1.4.0-SNAPSHOT-tests.jar:/home/runner/.m2/repository/com/github/luben/zstd-jni/1.5.2-5/zstd-jni-1.5.2-5.jar:/home/runner/.m2/repository/commons-codec/commons-codec/1.15/commons-codec-1.15.jar:/home/runner/.m2/repository/io/netty/netty-codec/4.1.86.Final/netty-codec-4.1.86.Final.jar:/home/runner/.m2/repository/io/netty/netty-handler/4.1.86.Final/netty-handler-4.1.86.Final.jar:/home/runner/.m2/repository/org/apache/ozone/hdds-hadoop-dependency-test/1.4.0-SNAPSHOT/hdds-hadoop-dependency-test-1.4.0-SNAPSHOT.jar:/home/runner/.m2/repository/org/apache/hadoop/hadoop-common/3.3.5/hadoop-common-3.3.5-tests.jar:/home/runner/.m2/repository/org/apache/hadoop/hadoop-hdfs/3.3.5/hadoop-hdfs-3.3.5-tests.jar:/home/runner/.m2/repository/org/assertj/assertj-core/3.12.2/assertj-core-3.12.2.jar:/home/runner/.m2/repository/org/apache/hadoop/hadoop-distcp/3.3.5/hadoop-distcp-3.3.5.jar:/home/runner/.m2/repository/org/apache/hadoop/hadoop-mapreduce-client-jobclient/3.3.5/hadoop-mapreduce-client-jobclient-3.3.5.jar:/home/runner/.m2/repository/org/apache/hadoop/hadoop-mapreduce-client-common/3.3.5/hadoop-mapreduce-client-common-3.3.5.jar:/home/runner/.m2/repository/org/apache/hadoop/hadoop-yarn-common/3.3.5/hadoop-yarn-common-3.3.5.jar:/home/runner/.m2/repository/org/apache/hadoop/hadoop-yarn-api/3.3.5/hadoop-yarn-api-3.3.5.jar:/home/runner/.m2/repository/com/sun/jersey/contribs/jersey-guice/1.19/jersey-guice-1.19.jar:/home/runner/.m2/repository/com/fasterxml/jackson/jaxrs/jackson-jaxrs-json-provider/2.13.4/jackson-jaxrs-json-provider-2.13.4.jar:/home/runner/.m2/repository/com/fasterxml/jackson/jaxrs/jackson-jaxrs-base/2.13.4/jackson-jaxrs-base-2.13.4.jar:/home/runner/.m2/repository/org/apache/hadoop/hadoop-yarn-client/3.3.5/hadoop-yarn-client-3.3.5.jar:/home/runner/.m2/repository/org/eclipse/jetty/websocket/websocket-client/9.4.48.v20220622/websocket-client-9.4.48.v20220622.jar:/home/runner/.m2/repository/org/eclipse/jetty/websocket/websocket-common/9.4.48.v20220622/websocket-common-9.4.48.v20220622.jar:/home/runner/.m2/repository/org/eclipse/jetty/websocket/websocket-api/9.4.48.v20220622/websocket-api-9.4.48.v20220622.jar:/home/runner/.m2/repository/org/jline/jline/3.9.0/jline-3.9.0.jar:/home/runner/.m2/repository/org/apache/hadoop/hadoop-mapreduce-client-core/3.3.5/hadoop-mapreduce-client-core-3.3.5.jar:/home/runner/.m2/repository/org/apache/avro/avro/1.7.7/avro-1.7.7.jar:/home/runner/.m2/repository/com/thoughtworks/paranamer/paranamer/2.3/paranamer-2.3.jar:/home/runner/.m2/repository/org/apache/hadoop/hadoop-annotations/3.3.5/hadoop-annotations-3.3.5.jar:/usr/lib/jvm/temurin-8-jdk-amd64/jre/../lib/tools.jar:/home/runner/.m2/repository/io/netty/netty/3.10.6.Final/netty-3.10.6.Final.jar:/home/runner/.m2/repository/org/apache/hadoop/hadoop-distcp/3.3.5/hadoop-distcp-3.3.5-tests.jar:/home/runner/.m2/repository/org/slf4j/jul-to-slf4j/1.7.36/jul-to-slf4j-1.7.36.jar:"/>
    <property name="sun.cpu.endian" value="little"/>
    <property name="user.home" value="/home/runner"/>
    <property name="user.language" value="en"/>
    <property name="java.specification.vendor" value="Oracle Corporation"/>
    <property name="java.home" value="/usr/lib/jvm/temurin-8-jdk-amd64/jre"/>
    <property name="java.security.krb5.conf" value="/home/runner/work/ozone/ozone/hadoop-ozone/integration-test/target/test-classes/krb5.conf"/>
    <property name="basedir" value="/home/runner/work/ozone/ozone/hadoop-ozone/integration-test"/>
    <property name="file.separator" value="/"/>
    <property name="line.separator" value="&#10;"/>
    <property name="java.vm.specification.vendor" value="Oracle Corporation"/>
    <property name="java.specification.name" value="Java Platform API Specification"/>
    <property name="java.awt.graphicsenv" value="sun.awt.X11GraphicsEnvironment"/>
    <property name="skip.installnpx" value="true"/>
    <property name="surefire.real.class.path" value="/home/runner/work/ozone/ozone/hadoop-ozone/integration-test/target/surefire/surefirebooter6060453647933000073.jar:/home/runner/.m2/repository/org/jacoco/org.jacoco.agent/0.8.5/org.jacoco.agent-0.8.5-runtime.jar"/>
    <property name="hadoop.log.dir" value="/home/runner/work/ozone/ozone/hadoop-ozone/integration-test/target/log"/>
    <property name="sun.boot.class.path" value="/usr/lib/jvm/temurin-8-jdk-amd64/jre/lib/resources.jar:/usr/lib/jvm/temurin-8-jdk-amd64/jre/lib/rt.jar:/usr/lib/jvm/temurin-8-jdk-amd64/jre/lib/sunrsasign.jar:/usr/lib/jvm/temurin-8-jdk-amd64/jre/lib/jsse.jar:/usr/lib/jvm/temurin-8-jdk-amd64/jre/lib/jce.jar:/usr/lib/jvm/temurin-8-jdk-amd64/jre/lib/charsets.jar:/usr/lib/jvm/temurin-8-jdk-amd64/jre/lib/jfr.jar:/usr/lib/jvm/temurin-8-jdk-amd64/jre/classes"/>
    <property name="sun.management.compiler" value="HotSpot 64-Bit Tiered Compilers"/>
    <property name="skip.npx" value="true"/>
    <property name="java.runtime.version" value="1.8.0_372-b07"/>
    <property name="java.net.preferIPv4Stack" value="true"/>
    <property name="user.name" value="runner"/>
    <property name="path.separator" value=":"/>
    <property name="java.security.egd" value="file:///dev/urandom"/>
    <property name="os.version" value="5.15.0-1040-azure"/>
    <property name="java.endorsed.dirs" value="/usr/lib/jvm/temurin-8-jdk-amd64/jre/lib/endorsed"/>
    <property name="java.runtime.name" value="OpenJDK Runtime Environment"/>
    <property name="file.encoding" value="UTF-8"/>
    <property name="java.vm.name" value="OpenJDK 64-Bit Server VM"/>
    <property name="test.build.webapps" value=""/>
    <property name="localRepository" value="/home/runner/.m2/repository"/>
    <property name="jetty.git.hash" value="b45c405e4544384de066f814ed42ae3dceacdd49"/>
    <property name="java.vendor.url.bug" value="https://github.com/adoptium/adoptium-support/issues"/>
    <property name="java.io.tmpdir" value="/tmp"/>
    <property name="require.test.libhadoop" value=""/>
    <property name="java.version" value="1.8.0_372"/>
    <property name="user.dir" value="/home/runner/work/ozone/ozone/hadoop-ozone/integration-test"/>
    <property name="os.arch" value="amd64"/>
    <property name="java.vm.specification.name" value="Java Virtual Machine Specification"/>
    <property name="test.build.classes" value="/home/runner/work/ozone/ozone/hadoop-ozone/integration-test/target/test-classes"/>
    <property name="java.awt.printerjob" value="sun.print.PSPrinterJob"/>
    <property name="sun.os.patch.level" value="unknown"/>
    <property name="org.apache.ratis.thirdparty.io.netty.allocator.useCacheForAllThreads" value="false"/>
    <property name="hadoop.tmp.dir" value="/home/runner/work/ozone/ozone/hadoop-ozone/integration-test/target/tmp"/>
    <property name="java.library.path" value="/usr/java/packages/lib/amd64:/usr/lib64:/lib64:/lib:/usr/lib"/>
    <property name="java.vm.info" value="mixed mode"/>
    <property name="java.vendor" value="Temurin"/>
    <property name="java.vm.version" value="25.372-b07"/>
    <property name="java.specification.maintenance.version" value="4"/>
    <property name="java.ext.dirs" value="/usr/lib/jvm/temurin-8-jdk-amd64/jre/lib/ext:/usr/java/packages/lib/ext"/>
    <property name="sun.io.unicode.encoding" value="UnicodeLittle"/>
    <property name="java.class.version" value="52.0"/>
  </properties>
  <testcase name="testSnapshotWithFSO" classname="org.apache.hadoop.fs.ozone.TestSnapshotDeletingService" time="61.156">
    <failure type="org.opentest4j.AssertionFailedError"><![CDATA[org.opentest4j.AssertionFailedError: expected: <2> but was: <1>
	at org.junit.jupiter.api.AssertionUtils.fail(AssertionUtils.java:55)
	at org.junit.jupiter.api.AssertionUtils.failNotEqual(AssertionUtils.java:62)
	at org.junit.jupiter.api.AssertEquals.assertEquals(AssertEquals.java:150)
	at org.junit.jupiter.api.AssertEquals.assertEquals(AssertEquals.java:145)
	at org.junit.jupiter.api.Assertions.assertEquals(Assertions.java:527)
	at org.apache.hadoop.fs.ozone.TestSnapshotDeletingService.testSnapshotWithFSO(TestSnapshotDeletingService.java:403)
	at sun.reflect.NativeMethodAccessorImpl.invoke0(Native Method)
	at sun.reflect.NativeMethodAccessorImpl.invoke(NativeMethodAccessorImpl.java:62)
	at sun.reflect.DelegatingMethodAccessorImpl.invoke(DelegatingMethodAccessorImpl.java:43)
	at java.lang.reflect.Method.invoke(Method.java:498)
	at org.junit.platform.commons.util.ReflectionUtils.invokeMethod(ReflectionUtils.java:725)
	at org.junit.jupiter.engine.execution.MethodInvocation.proceed(MethodInvocation.java:60)
	at org.junit.jupiter.engine.execution.InvocationInterceptorChain$ValidatingInvocation.proceed(InvocationInterceptorChain.java:131)
	at org.junit.jupiter.engine.extension.TimeoutExtension.intercept(TimeoutExtension.java:149)
	at org.junit.jupiter.engine.extension.TimeoutExtension.interceptTestableMethod(TimeoutExtension.java:140)
	at org.junit.jupiter.engine.extension.TimeoutExtension.interceptTestMethod(TimeoutExtension.java:84)
	at org.junit.jupiter.engine.execution.ExecutableInvoker$ReflectiveInterceptorCall.lambda$ofVoidMethod$0(ExecutableInvoker.java:115)
	at org.junit.jupiter.engine.execution.ExecutableInvoker.lambda$invoke$0(ExecutableInvoker.java:105)
	at org.junit.jupiter.engine.execution.InvocationInterceptorChain$InterceptedInvocation.proceed(InvocationInterceptorChain.java:106)
	at org.junit.jupiter.engine.execution.InvocationInterceptorChain.proceed(InvocationInterceptorChain.java:64)
	at org.junit.jupiter.engine.execution.InvocationInterceptorChain.chainAndInvoke(InvocationInterceptorChain.java:45)
	at org.junit.jupiter.engine.execution.InvocationInterceptorChain.invoke(InvocationInterceptorChain.java:37)
	at org.junit.jupiter.engine.execution.ExecutableInvoker.invoke(ExecutableInvoker.java:104)
	at org.junit.jupiter.engine.execution.ExecutableInvoker.invoke(ExecutableInvoker.java:98)
	at org.junit.jupiter.engine.descriptor.TestMethodTestDescriptor.lambda$invokeTestMethod$7(TestMethodTestDescriptor.java:214)
	at org.junit.platform.engine.support.hierarchical.ThrowableCollector.execute(ThrowableCollector.java:73)
	at org.junit.jupiter.engine.descriptor.TestMethodTestDescriptor.invokeTestMethod(TestMethodTestDescriptor.java:210)
	at org.junit.jupiter.engine.descriptor.TestMethodTestDescriptor.execute(TestMethodTestDescriptor.java:135)
	at org.junit.jupiter.engine.descriptor.TestMethodTestDescriptor.execute(TestMethodTestDescriptor.java:66)
	at org.junit.platform.engine.support.hierarchical.NodeTestTask.lambda$executeRecursively$6(NodeTestTask.java:151)
	at org.junit.platform.engine.support.hierarchical.ThrowableCollector.execute(ThrowableCollector.java:73)
	at org.junit.platform.engine.support.hierarchical.NodeTestTask.lambda$executeRecursively$8(NodeTestTask.java:141)
	at org.junit.platform.engine.support.hierarchical.Node.around(Node.java:137)
	at org.junit.platform.engine.support.hierarchical.NodeTestTask.lambda$executeRecursively$9(NodeTestTask.java:139)
	at org.junit.platform.engine.support.hierarchical.ThrowableCollector.execute(ThrowableCollector.java:73)
	at org.junit.platform.engine.support.hierarchical.NodeTestTask.executeRecursively(NodeTestTask.java:138)
	at org.junit.platform.engine.support.hierarchical.NodeTestTask.execute(NodeTestTask.java:95)
	at java.util.ArrayList.forEach(ArrayList.java:1259)
	at org.junit.platform.engine.support.hierarchical.SameThreadHierarchicalTestExecutorService.invokeAll(SameThreadHierarchicalTestExecutorService.java:41)
	at org.junit.platform.engine.support.hierarchical.NodeTestTask.lambda$executeRecursively$6(NodeTestTask.java:155)
	at org.junit.platform.engine.support.hierarchical.ThrowableCollector.execute(ThrowableCollector.java:73)
	at org.junit.platform.engine.support.hierarchical.NodeTestTask.lambda$executeRecursively$8(NodeTestTask.java:141)
	at org.junit.platform.engine.support.hierarchical.Node.around(Node.java:137)
	at org.junit.platform.engine.support.hierarchical.NodeTestTask.lambda$executeRecursively$9(NodeTestTask.java:139)
	at org.junit.platform.engine.support.hierarchical.ThrowableCollector.execute(ThrowableCollector.java:73)
	at org.junit.platform.engine.support.hierarchical.NodeTestTask.executeRecursively(NodeTestTask.java:138)
	at org.junit.platform.engine.support.hierarchical.NodeTestTask.execute(NodeTestTask.java:95)
	at java.util.ArrayList.forEach(ArrayList.java:1259)
	at org.junit.platform.engine.support.hierarchical.SameThreadHierarchicalTestExecutorService.invokeAll(SameThreadHierarchicalTestExecutorService.java:41)
	at org.junit.platform.engine.support.hierarchical.NodeTestTask.lambda$executeRecursively$6(NodeTestTask.java:155)
	at org.junit.platform.engine.support.hierarchical.ThrowableCollector.execute(ThrowableCollector.java:73)
	at org.junit.platform.engine.support.hierarchical.NodeTestTask.lambda$executeRecursively$8(NodeTestTask.java:141)
	at org.junit.platform.engine.support.hierarchical.Node.around(Node.java:137)
	at org.junit.platform.engine.support.hierarchical.NodeTestTask.lambda$executeRecursively$9(NodeTestTask.java:139)
	at org.junit.platform.engine.support.hierarchical.ThrowableCollector.execute(ThrowableCollector.java:73)
	at org.junit.platform.engine.support.hierarchical.NodeTestTask.executeRecursively(NodeTestTask.java:138)
	at org.junit.platform.engine.support.hierarchical.NodeTestTask.execute(NodeTestTask.java:95)
	at org.junit.platform.engine.support.hierarchical.SameThreadHierarchicalTestExecutorService.submit(SameThreadHierarchicalTestExecutorService.java:35)
	at org.junit.platform.engine.support.hierarchical.HierarchicalTestExecutor.execute(HierarchicalTestExecutor.java:57)
	at org.junit.platform.engine.support.hierarchical.HierarchicalTestEngine.execute(HierarchicalTestEngine.java:54)
	at org.junit.platform.launcher.core.EngineExecutionOrchestrator.execute(EngineExecutionOrchestrator.java:107)
	at org.junit.platform.launcher.core.EngineExecutionOrchestrator.execute(EngineExecutionOrchestrator.java:88)
	at org.junit.platform.launcher.core.EngineExecutionOrchestrator.lambda$execute$0(EngineExecutionOrchestrator.java:54)
	at org.junit.platform.launcher.core.EngineExecutionOrchestrator.withInterceptedStreams(EngineExecutionOrchestrator.java:67)
	at org.junit.platform.launcher.core.EngineExecutionOrchestrator.execute(EngineExecutionOrchestrator.java:52)
	at org.junit.platform.launcher.core.DefaultLauncher.execute(DefaultLauncher.java:114)
	at org.junit.platform.launcher.core.DefaultLauncher.execute(DefaultLauncher.java:86)
	at org.junit.platform.launcher.core.DefaultLauncherSession$DelegatingLauncher.execute(DefaultLauncherSession.java:86)
	at org.junit.platform.launcher.core.SessionPerRequestLauncher.execute(SessionPerRequestLauncher.java:53)
	at org.apache.maven.surefire.junitplatform.JUnitPlatformProvider.execute(JUnitPlatformProvider.java:188)
	at org.apache.maven.surefire.junitplatform.JUnitPlatformProvider.invokeAllTests(JUnitPlatformProvider.java:154)
	at org.apache.maven.surefire.junitplatform.JUnitPlatformProvider.invoke(JUnitPlatformProvider.java:124)
	at org.apache.maven.surefire.booter.ForkedBooter.runSuitesInProcess(ForkedBooter.java:428)
	at org.apache.maven.surefire.booter.ForkedBooter.execute(ForkedBooter.java:162)
	at org.apache.maven.surefire.booter.ForkedBooter.run(ForkedBooter.java:562)
	at org.apache.maven.surefire.booter.ForkedBooter.main(ForkedBooter.java:548)
]]></failure>
    <system-out><![CDATA[2023-06-25 20:37:04,448 [main] WARN  server.ServerUtils (ServerUtils.java:getScmDbDir(155)) - ozone.scm.db.dirs is not configured. We recommend adding this setting. Falling back to ozone.metadata.dirs instead.
2023-06-25 20:37:04,728 [main] INFO  reflections.Reflections (Reflections.java:scan(232)) - Reflections took 213 ms to scan 7 urls, producing 159 keys and 372 values 
2023-06-25 20:37:04,898 [main] WARN  server.ServerUtils (ServerUtils.java:getScmDbDir(155)) - ozone.scm.db.dirs is not configured. We recommend adding this setting. Falling back to ozone.metadata.dirs instead.
2023-06-25 20:37:04,903 [main] INFO  ha.SCMHANodeDetails (SCMHANodeDetails.java:loadSCMHAConfig(210)) - ServiceID for StorageContainerManager is null
2023-06-25 20:37:04,911 [main] WARN  ha.SCMHANodeDetails (SCMHANodeDetails.java:validateSCMHAConfig(183)) - Invalid config ozone.scm.ratis.enable. The config was not specified, but the default value true conflicts with the expected config value false. Falling back to the expected value. Current State of SCM: SCM is running in Non-HA without Ratis Ratis SCM -> Non Ratis SCM or Non HA SCM -> HA SCM is not supported
2023-06-25 20:37:04,912 [main] INFO  ha.SCMHANodeDetails (SCMHANodeDetails.java:loadSCMHAConfig(215)) - ozone.scm.default.service.id is not defined, falling back to ozone.scm.service.ids to find serviceID for StorageContainerManager if it is HA enabled cluster
2023-06-25 20:37:05,785 [main] WARN  utils.HAUtils (HAUtils.java:getMetaDir(339)) - ozone.scm.db.dirs is not configured. We recommend adding this setting. Falling back to ozone.metadata.dirs instead.
2023-06-25 20:37:05,943 [main] WARN  db.DBStoreBuilder (DBStoreBuilder.java:applyDBDefinition(166)) - ozone.scm.db.dirs is not configured. We recommend adding this setting. Falling back to ozone.metadata.dirs instead.
2023-06-25 20:37:06,194 [main] INFO  net.NodeSchemaLoader (NodeSchemaLoader.java:loadSchemaFromFile(129)) - Loading schema from [jar:file:/home/runner/.m2/repository/org/apache/ozone/hdds-common/1.4.0-SNAPSHOT/hdds-common-1.4.0-SNAPSHOT.jar!/network-topology-default.xml]
2023-06-25 20:37:06,196 [main] INFO  net.NodeSchemaLoader (NodeSchemaLoader.java:loadSchema(176)) - Loading network topology layer schema file
2023-06-25 20:37:06,247 [main] INFO  metrics.MetricRegistries (MetricRegistriesLoader.java:load(64)) - Loaded MetricRegistries class org.apache.ratis.metrics.impl.MetricRegistriesImpl
2023-06-25 20:37:06,265 [main] INFO  upgrade.AbstractLayoutVersionManager (AbstractLayoutVersionManager.java:init(83)) - Initializing Layout version manager with metadata layout = HADOOP_PRC_PORTS_IN_DATANODEDETAILS (version = 7), software layout = HADOOP_PRC_PORTS_IN_DATANODEDETAILS (version = 7)
2023-06-25 20:37:06,461 [main] INFO  ha.SequenceIdGenerator (SequenceIdGenerator.java:upgradeToSequenceId(349)) - upgrade localId to 111677748019200000
2023-06-25 20:37:06,463 [main] INFO  ha.SequenceIdGenerator (SequenceIdGenerator.java:upgradeToSequenceId(359)) - upgrade delTxnId to 0
2023-06-25 20:37:06,470 [main] INFO  ha.SequenceIdGenerator (SequenceIdGenerator.java:upgradeToSequenceId(376)) - upgrade containerId to 0
2023-06-25 20:37:06,472 [main] INFO  ha.SequenceIdGenerator (SequenceIdGenerator.java:<init>(220)) - Init the HA SequenceIdGenerator.
2023-06-25 20:37:06,552 [main] WARN  server.ServerUtils (ServerUtils.java:sanitizeUserArgs(80)) - ozone.scm.stale.node.interval value = 300000 is larger than max = 100000 based on the key value of ozone.scm.heartbeat.thread.interval, reset to the max value 100000.
2023-06-25 20:37:06,553 [main] WARN  server.ServerUtils (ServerUtils.java:sanitizeUserArgs(80)) - ozone.scm.stale.node.interval value = 300000 is larger than max = 100000 based on the key value of ozone.scm.heartbeat.thread.interval, reset to the max value 100000.
2023-06-25 20:37:06,560 [main] INFO  node.SCMNodeManager (SCMNodeManager.java:<init>(157)) - Entering startup safe mode.
2023-06-25 20:37:06,587 [main] INFO  algorithms.ContainerPlacementPolicyFactory (ContainerPlacementPolicyFactory.java:getPolicyInternal(86)) - Create container placement policy of type org.apache.hadoop.hdds.scm.container.placement.algorithms.SCMContainerPlacementRackAware
2023-06-25 20:37:06,591 [main] INFO  algorithms.ContainerPlacementPolicyFactory (ContainerPlacementPolicyFactory.java:getPolicyInternal(86)) - Create container placement policy of type org.apache.hadoop.hdds.scm.container.placement.algorithms.SCMContainerPlacementRackScatter
2023-06-25 20:37:06,601 [main] INFO  pipeline.PipelineStateManagerImpl (PipelineStateManagerImpl.java:initialize(78)) - No pipeline exists in current db
2023-06-25 20:37:06,615 [main] INFO  algorithms.LeaderChoosePolicyFactory (LeaderChoosePolicyFactory.java:getPolicy(57)) - Create leader choose policy of type org.apache.hadoop.hdds.scm.pipeline.leader.choose.algorithms.MinLeaderCountChoosePolicy
2023-06-25 20:37:06,616 [main] INFO  algorithms.ContainerPlacementPolicyFactory (ContainerPlacementPolicyFactory.java:getPolicyInternal(86)) - Create container placement policy of type org.apache.hadoop.hdds.scm.container.placement.algorithms.SCMContainerPlacementRackScatter
2023-06-25 20:37:06,628 [main] INFO  ha.SCMServiceManager (SCMServiceManager.java:register(42)) - Registering service BackgroundPipelineCreator.
2023-06-25 20:37:06,628 [main] INFO  pipeline.BackgroundPipelineCreator (BackgroundPipelineCreator.java:start(124)) - Starting RatisPipelineUtilsThread.
2023-06-25 20:37:06,631 [main] INFO  BackgroundPipelineScrubber (BackgroundSCMService.java:start(68)) - Starting BackgroundPipelineScrubber Service.
2023-06-25 20:37:06,632 [main] INFO  ha.SCMServiceManager (SCMServiceManager.java:register(42)) - Registering service BackgroundPipelineScrubber.
2023-06-25 20:37:06,641 [main] INFO  ExpiredContainerReplicaOpScrubber (BackgroundSCMService.java:start(68)) - Starting ExpiredContainerReplicaOpScrubber Service.
2023-06-25 20:37:06,641 [main] INFO  ha.SCMServiceManager (SCMServiceManager.java:register(42)) - Registering service ExpiredContainerReplicaOpScrubber.
2023-06-25 20:37:06,675 [main] INFO  algorithms.PipelineChoosePolicyFactory (PipelineChoosePolicyFactory.java:createPipelineChoosePolicyFromClass(73)) - Create pipeline choose policy of type org.apache.hadoop.hdds.scm.pipeline.choose.algorithms.RandomPipelineChoosePolicy
2023-06-25 20:37:06,701 [main] INFO  ha.SCMServiceManager (SCMServiceManager.java:register(42)) - Registering service SCMBlockDeletingService.
2023-06-25 20:37:06,769 [main] INFO  replication.ReplicationManager (ReplicationManager.java:start(286)) - Starting Replication Monitor Thread.
2023-06-25 20:37:06,787 [main] INFO  ha.SCMServiceManager (SCMServiceManager.java:register(42)) - Registering service ReplicationManager.
2023-06-25 20:37:06,791 [ReplicationMonitor] INFO  replication.ReplicationManager (ReplicationManager.java:processAll(361)) - Replication Manager is not ready to run until 3000ms after safemode exit
2023-06-25 20:37:06,800 [main] INFO  safemode.ContainerSafeModeRule (ContainerSafeModeRule.java:<init>(89)) - containers with one replica threshold count 0
2023-06-25 20:37:06,804 [main] INFO  safemode.HealthyPipelineSafeModeRule (HealthyPipelineSafeModeRule.java:initializeRule(169)) - Total pipeline count is 0, healthy pipeline threshold count is 1
2023-06-25 20:37:06,807 [main] INFO  safemode.OneReplicaPipelineSafeModeRule (OneReplicaPipelineSafeModeRule.java:initializeRule(180)) - Total pipeline count is 0, pipeline's with at least one datanode reported threshold count is 0
2023-06-25 20:37:06,861 [main] INFO  server.StorageContainerManager (StorageContainerManager.java:<init>(420)) - SCM start with adminUsers: [runner]
2023-06-25 20:37:07,305 [main] INFO  audit.AuditLogger (AuditLogger.java:refreshDebugCmdSet(126)) - Refresh DebugCmdSet for SCMAudit to [].
2023-06-25 20:37:07,358 [main] INFO  ipc.CallQueueManager (CallQueueManager.java:<init>(90)) - Using callQueue: class java.util.concurrent.LinkedBlockingQueue, queueCapacity: 2000, scheduler: class org.apache.hadoop.ipc.DefaultRpcScheduler, ipcBackoff: false.
2023-06-25 20:37:07,403 [Socket Reader #1 for port 15002] INFO  ipc.Server (Server.java:run(1319)) - Starting Socket Reader #1 for port 15002
2023-06-25 20:37:07,441 [Listener at 0.0.0.0/15002] INFO  hdds.HddsUtils (HddsUtils.java:preserveThreadName(848)) - Restoring thread name: main
2023-06-25 20:37:07,469 [main] INFO  audit.AuditLogger (AuditLogger.java:refreshDebugCmdSet(126)) - Refresh DebugCmdSet for SCMAudit to [].
2023-06-25 20:37:07,474 [main] INFO  ipc.CallQueueManager (CallQueueManager.java:<init>(90)) - Using callQueue: class java.util.concurrent.LinkedBlockingQueue, queueCapacity: 2000, scheduler: class org.apache.hadoop.ipc.DefaultRpcScheduler, ipcBackoff: false.
2023-06-25 20:37:07,475 [Socket Reader #1 for port 15001] INFO  ipc.Server (Server.java:run(1319)) - Starting Socket Reader #1 for port 15001
2023-06-25 20:37:07,482 [Listener at 0.0.0.0/15001] INFO  hdds.HddsUtils (HddsUtils.java:preserveThreadName(848)) - Restoring thread name: main
2023-06-25 20:37:07,523 [main] INFO  audit.AuditLogger (AuditLogger.java:refreshDebugCmdSet(126)) - Refresh DebugCmdSet for SCMAudit to [].
2023-06-25 20:37:07,536 [main] INFO  ipc.CallQueueManager (CallQueueManager.java:<init>(90)) - Using callQueue: class java.util.concurrent.LinkedBlockingQueue, queueCapacity: 2000, scheduler: class org.apache.hadoop.ipc.DefaultRpcScheduler, ipcBackoff: false.
2023-06-25 20:37:07,537 [Socket Reader #1 for port 15000] INFO  ipc.Server (Server.java:run(1319)) - Starting Socket Reader #1 for port 15000
2023-06-25 20:37:07,539 [Listener at 0.0.0.0/15000] INFO  hdds.HddsUtils (HddsUtils.java:preserveThreadName(848)) - Restoring thread name: main
2023-06-25 20:37:07,602 [main] INFO  ha.SCMServiceManager (SCMServiceManager.java:register(42)) - Registering service ContainerBalancer.
2023-06-25 20:37:07,604 [main] INFO  server.StorageContainerManager (StorageContainerManager.java:<init>(433)) - 
Container Balancer status:
Key                            Value
Running                        false
Container Balancer Configuration values:
Key                                                Value
Threshold                                          10
Max Datanodes to Involve per Iteration(percent)    20
Max Size to Move per Iteration                     500GB
Max Size Entering Target per Iteration             26GB
Max Size Leaving Source per Iteration              26GB

2023-06-25 20:37:07,608 [main] INFO  ha.SCMContext (SCMContext.java:updateSafeModeStatus(228)) - Update SafeModeStatus from SafeModeStatus{safeModeStatus=true, preCheckPassed=false} to SafeModeStatus{safeModeStatus=true, preCheckPassed=false}.
2023-06-25 20:37:07,615 [main] INFO  server.StorageContainerManager (StorageContainerManager.java:start(1487)) - StorageContainerLocationProtocol RPC server is listening at /0.0.0.0:15000
2023-06-25 20:37:07,700 [main] WARN  impl.MetricsConfig (MetricsConfig.java:loadFirst(136)) - Cannot locate configuration: tried hadoop-metrics2-storagecontainermanager.properties,hadoop-metrics2.properties
2023-06-25 20:37:07,717 [main] INFO  impl.MetricsSystemImpl (MetricsSystemImpl.java:startTimer(378)) - Scheduled Metric snapshot period at 10 second(s).
2023-06-25 20:37:07,717 [main] INFO  impl.MetricsSystemImpl (MetricsSystemImpl.java:start(191)) - StorageContainerManager metrics system started
2023-06-25 20:37:08,015 [main] INFO  server.SCMClientProtocolServer (SCMClientProtocolServer.java:start(201)) - RPC server for Client  is listening at /0.0.0.0:15000
2023-06-25 20:37:08,017 [IPC Server Responder] INFO  ipc.Server (Server.java:run(1558)) - IPC Server Responder: starting
2023-06-25 20:37:08,036 [main] INFO  server.StorageContainerManager (StorageContainerManager.java:start(1500)) - ScmBlockLocationProtocol RPC server is listening at /0.0.0.0:15001
2023-06-25 20:37:08,038 [IPC Server listener on 15000] INFO  ipc.Server (Server.java:run(1398)) - IPC Server listener on 15000: starting
2023-06-25 20:37:08,040 [main] INFO  server.SCMBlockProtocolServer (SCMBlockProtocolServer.java:start(152)) - RPC server for Block Protocol is listening at /0.0.0.0:15001
2023-06-25 20:37:08,041 [IPC Server Responder] INFO  ipc.Server (Server.java:run(1558)) - IPC Server Responder: starting
2023-06-25 20:37:08,045 [IPC Server listener on 15001] INFO  ipc.Server (Server.java:run(1398)) - IPC Server listener on 15001: starting
2023-06-25 20:37:08,072 [main] INFO  server.SCMDatanodeProtocolServer (SCMDatanodeProtocolServer.java:start(193)) - ScmDatanodeProtocol RPC server for DataNodes is listening at /0.0.0.0:15002
2023-06-25 20:37:08,075 [IPC Server Responder] INFO  ipc.Server (Server.java:run(1558)) - IPC Server Responder: starting
2023-06-25 20:37:08,088 [IPC Server listener on 15002] INFO  ipc.Server (Server.java:run(1398)) - IPC Server listener on 15002: starting
2023-06-25 20:37:08,109 [JvmPauseMonitor0] INFO  util.JvmPauseMonitor (JvmPauseMonitor.java:run(103)) - JvmPauseMonitor-08afd20b-3e7c-4450-b55a-e746e2673ce0: Started
2023-06-25 20:37:08,114 [main] INFO  http.BaseHttpServer (BaseHttpServer.java:newHttpServer2BuilderForOzone(224)) - Starting Web-server for scm at: http://0.0.0.0:15003
2023-06-25 20:37:08,114 [main] INFO  http.BaseHttpServer (BaseHttpServer.java:<init>(111)) - Hadoop Security Enabled: false Ozone Security Enabled: false Ozone HTTP Security Enabled: false 
2023-06-25 20:37:08,139 [main] INFO  util.log (Log.java:initialized(170)) - Logging initialized @5623ms to org.eclipse.jetty.util.log.Slf4jLog
2023-06-25 20:37:08,243 [main] WARN  server.AuthenticationFilter (AuthenticationFilter.java:constructSecretProvider(240)) - Unable to initialize FileSignerSecretProvider, falling back to use random secrets. Reason: Could not read signature secret file: /home/runner/hadoop-http-auth-signature-secret
2023-06-25 20:37:08,251 [main] INFO  http.HttpRequestLog (HttpRequestLog.java:getRequestLog(86)) - Http request log for http.requests.scm is not defined
2023-06-25 20:37:08,261 [main] INFO  http.HttpServer2 (HttpServer2.java:addGlobalFilter(1031)) - Added global filter 'safety' (class=org.apache.hadoop.hdds.server.http.HttpServer2$QuotingInputFilter)
2023-06-25 20:37:08,266 [main] INFO  http.HttpServer2 (HttpServer2.java:addFilter(1007)) - Added filter static_user_filter (class=org.apache.hadoop.http.lib.StaticUserWebFilter$StaticUserFilter) to context scm
2023-06-25 20:37:08,267 [main] INFO  http.HttpServer2 (HttpServer2.java:addFilter(1015)) - Added filter static_user_filter (class=org.apache.hadoop.http.lib.StaticUserWebFilter$StaticUserFilter) to context logs
2023-06-25 20:37:08,267 [main] INFO  http.HttpServer2 (HttpServer2.java:addFilter(1015)) - Added filter static_user_filter (class=org.apache.hadoop.http.lib.StaticUserWebFilter$StaticUserFilter) to context static
2023-06-25 20:37:08,318 [main] INFO  http.BaseHttpServer (BaseHttpServer.java:<init>(190)) - HTTP server of scm uses base directory /home/runner/work/ozone/ozone/hadoop-ozone/integration-test/target/test-dir/MiniOzoneClusterImpl-3473cb2a-b740-44b6-9b0f-d3bba0659fcf/ozone-meta/webserver
2023-06-25 20:37:08,320 [main] INFO  http.HttpServer2 (HttpServer2.java:bindListener(1250)) - Jetty bound to port 15003
2023-06-25 20:37:08,321 [main] INFO  server.Server (Server.java:doStart(375)) - jetty-9.4.51.v20230217; built: 2023-02-17T08:19:37.309Z; git: b45c405e4544384de066f814ed42ae3dceacdd49; jvm 1.8.0_372-b07
2023-06-25 20:37:08,354 [main] INFO  server.session (DefaultSessionIdManager.java:doStart(334)) - DefaultSessionIdManager workerName=node0
2023-06-25 20:37:08,354 [main] INFO  server.session (DefaultSessionIdManager.java:doStart(339)) - No SessionScavenger set, using defaults
2023-06-25 20:37:08,356 [main] INFO  server.session (HouseKeeper.java:startScavenging(132)) - node0 Scavenging every 600000ms
2023-06-25 20:37:08,382 [main] INFO  handler.ContextHandler (ContextHandler.java:doStart(921)) - Started o.e.j.s.ServletContextHandler@373c367{logs,/logs,file:///home/runner/work/ozone/ozone/hadoop-ozone/integration-test/target/log,AVAILABLE}
2023-06-25 20:37:08,383 [main] INFO  handler.ContextHandler (ContextHandler.java:doStart(921)) - Started o.e.j.s.ServletContextHandler@57e9cd2{static,/static,file:///home/runner/work/ozone/ozone/hadoop-ozone/integration-test/target/test-classes/webapps/static,AVAILABLE}
2023-06-25 20:37:08,440 [main] INFO  handler.ContextHandler (ContextHandler.java:doStart(921)) - Started o.e.j.w.WebAppContext@58a06477{scm,/,file:///home/runner/work/ozone/ozone/hadoop-ozone/integration-test/target/test-classes/webapps/scm/,AVAILABLE}{file:/home/runner/work/ozone/ozone/hadoop-ozone/integration-test/target/test-classes/webapps/scm}
2023-06-25 20:37:08,450 [main] INFO  server.AbstractConnector (AbstractConnector.java:doStart(333)) - Started ServerConnector@51c7d472{HTTP/1.1, (http/1.1)}{0.0.0.0:15003}
2023-06-25 20:37:08,451 [main] INFO  server.Server (Server.java:doStart(415)) - Started @5934ms
2023-06-25 20:37:08,457 [main] INFO  impl.MetricsSinkAdapter (MetricsSinkAdapter.java:start(204)) - Sink prometheus started
2023-06-25 20:37:08,457 [main] INFO  impl.MetricsSystemImpl (MetricsSystemImpl.java:registerSink(305)) - Registered sink prometheus
2023-06-25 20:37:08,458 [main] INFO  http.BaseHttpServer (BaseHttpServer.java:updateConnectorAddress(344)) - HTTP server of scm listening at http://0.0.0.0:15003
2023-06-25 20:37:08,462 [main] WARN  server.ServerUtils (ServerUtils.java:getDBPath(311)) - ozone.om.db.dirs is not configured. We recommend adding this setting. Falling back to ozone.metadata.dirs instead.
2023-06-25 20:37:08,524 [main] INFO  audit.AuditLogger (AuditLogger.java:refreshDebugCmdSet(126)) - Refresh DebugCmdSet for OMAudit to [].
2023-06-25 20:37:08,624 [main] INFO  ha.OMHANodeDetails (OMHANodeDetails.java:loadOMHAConfig(115)) - ozone.om.internal.service.id is not defined, falling back to ozone.om.service.ids to find serviceID for OzoneManager if it is HA enabled cluster
2023-06-25 20:37:08,629 [main] INFO  ha.OMHANodeDetails (OMHANodeDetails.java:loadOMHAConfig(226)) - Configuration does not have ozone.om.address set. Falling back to the default OM address /127.0.0.1:15004
2023-06-25 20:37:08,629 [main] INFO  ha.OMHANodeDetails (OMHANodeDetails.java:getOMNodeDetailsForNonHA(254)) - OM Service ID is not set. Setting it to the default ID: omServiceIdDefault
2023-06-25 20:37:08,629 [main] INFO  ha.OMHANodeDetails (OMHANodeDetails.java:getOMNodeDetailsForNonHA(261)) - OM Node ID is not set. Setting it to the default ID: om1
2023-06-25 20:37:08,635 [main] WARN  server.ServerUtils (ServerUtils.java:getDBPath(311)) - ozone.om.db.dirs is not configured. We recommend adding this setting. Falling back to ozone.metadata.dirs instead.
2023-06-25 20:37:08,640 [main] INFO  upgrade.AbstractLayoutVersionManager (AbstractLayoutVersionManager.java:init(83)) - Initializing Layout version manager with metadata layout = QUOTA (version = 6), software layout = QUOTA (version = 6)
2023-06-25 20:37:08,756 [main] INFO  reflections.Reflections (Reflections.java:scan(232)) - Reflections took 111 ms to scan 2 urls, producing 184 keys and 505 values [using 2 cores]
2023-06-25 20:37:08,763 [main] INFO  upgrade.OMLayoutVersionManager (OMLayoutVersionManager.java:lambda$0(115)) - Skipping Upgrade Action MockOmUpgradeAction since it has been finalized.
2023-06-25 20:37:08,764 [main] INFO  upgrade.OMLayoutVersionManager (OMLayoutVersionManager.java:lambda$0(115)) - Skipping Upgrade Action QuotaRepairUpgradeAction since it has been finalized.
2023-06-25 20:37:08,767 [main] WARN  server.ServerUtils (ServerUtils.java:getDBPath(311)) - ozone.om.db.dirs is not configured. We recommend adding this setting. Falling back to ozone.metadata.dirs instead.
2023-06-25 20:37:08,959 [main] INFO  proxy.SCMBlockLocationFailoverProxyProvider (SCMBlockLocationFailoverProxyProvider.java:<init>(114)) - Created block location fail-over proxy with 1 nodes: [nodeId=scmNodeId,nodeAddress=/0.0.0.0:15001]
2023-06-25 20:37:09,002 [main] INFO  proxy.SCMBlockLocationFailoverProxyProvider (SCMBlockLocationFailoverProxyProvider.java:<init>(114)) - Created block location fail-over proxy with 1 nodes: [nodeId=scmNodeId,nodeAddress=/0.0.0.0:15001]
2023-06-25 20:37:09,277 [main] INFO  om.OzoneManager (OzoneManager.java:<init>(654)) - OM start with adminUsers: [runner]
2023-06-25 20:37:09,301 [main] WARN  server.ServerUtils (ServerUtils.java:getDBPath(311)) - ozone.om.db.dirs is not configured. We recommend adding this setting. Falling back to ozone.metadata.dirs instead.
2023-06-25 20:37:09,332 [main] INFO  helpers.OmKeyInfo (OmKeyInfo.java:getCodec(71)) - OmKeyInfo.getCodec ignorePipeline = true
2023-06-25 20:37:09,659 [main] INFO  om.OzoneManager (OzoneManager.java:instantiateServices(783)) - S3 Multi-Tenancy is disabled
2023-06-25 20:37:09,692 [main] INFO  om.OmSnapshotManager (OmSnapshotManager.java:<init>(179)) - Ozone filesystem snapshot feature is enabled.
2023-06-25 20:37:09,703 [main] WARN  server.ServerUtils (ServerUtils.java:getDBPath(311)) - ozone.om.snapshot.diff.db.dir is not configured. We recommend adding this setting. Falling back to ozone.metadata.dirs instead.
2023-06-25 20:37:09,753 [main] INFO  utils.NativeLibraryLoader (NativeLibraryLoader.java:loadLibrary(105)) - Loading Library: ozone_rocksdb_tools
2023-06-25 20:37:09,755 [main] INFO  snapshot.SnapshotDiffManager (SnapshotDiffManager.java:closeExecutorService(1630)) - Shutting down executorService: 'SstDumpToolExecutor'
2023-06-25 20:37:09,843 [main] INFO  om.OzoneManager (OzoneManager.java:addS3GVolumeToDB(4258)) - Created Volume s3v With Owner runner required for S3Gateway operations.
2023-06-25 20:37:09,918 [main] WARN  server.ServerUtils (ServerUtils.java:getDefaultRatisDirectory(323)) - Storage directory for Ratis is not configured. It is a good idea to map this to an SSD disk. Falling back to ozone.metadata.dirs
2023-06-25 20:37:09,919 [main] WARN  utils.OzoneManagerRatisUtils (OzoneManagerRatisUtils.java:getOMRatisSnapshotDirectory(461)) - ozone.om.ratis.snapshot.dir is not configured. Falling back to ozone.metadata.dirs config
2023-06-25 20:37:09,936 [main] WARN  server.ServerUtils (ServerUtils.java:getDefaultRatisDirectory(323)) - Storage directory for Ratis is not configured. It is a good idea to map this to an SSD disk. Falling back to ozone.metadata.dirs
2023-06-25 20:37:09,969 [main] INFO  ratis.OzoneManagerRatisServer (OzoneManagerRatisServer.java:<init>(163)) - Instantiating OM Ratis server with groupID: omServiceIdDefault and peers: localhost:15007
2023-06-25 20:37:09,982 [main] INFO  ratis.OzoneManagerStateMachine (OzoneManagerStateMachine.java:loadSnapshotInfoFromDB(670)) - LastAppliedIndex is set from TransactionInfo from OM DB as (t:0, i:~)
2023-06-25 20:37:10,069 [main] INFO  server.RaftServer (ConfUtils.java:logGet(46)) - raft.rpc.type = GRPC (default)
2023-06-25 20:37:10,081 [main] INFO  grpc.GrpcConfigKeys (ConfUtils.java:logFallback(53)) - raft.grpc.admin.host = null (fallback to raft.grpc.server.host)
2023-06-25 20:37:10,083 [main] INFO  grpc.GrpcConfigKeys (ConfUtils.java:logFallback(53)) - raft.grpc.admin.port = 15007 (fallback to raft.grpc.server.port)
2023-06-25 20:37:10,084 [main] INFO  grpc.GrpcConfigKeys (ConfUtils.java:logFallback(53)) - raft.grpc.client.host = null (fallback to raft.grpc.server.host)
2023-06-25 20:37:10,085 [main] INFO  grpc.GrpcConfigKeys (ConfUtils.java:logFallback(53)) - raft.grpc.client.port = 15007 (fallback to raft.grpc.server.port)
2023-06-25 20:37:10,086 [main] INFO  grpc.GrpcConfigKeys (ConfUtils.java:logGet(46)) - raft.grpc.server.host = null (default)
2023-06-25 20:37:10,087 [main] INFO  grpc.GrpcConfigKeys (ConfUtils.java:logGet(46)) - raft.grpc.server.port = 15007 (custom)
2023-06-25 20:37:10,089 [main] INFO  server.GrpcService (ConfUtils.java:logGet(46)) - raft.grpc.message.size.max = 33554432 (custom)
2023-06-25 20:37:10,091 [main] INFO  server.RaftServerConfigKeys (ConfUtils.java:logGet(46)) - raft.server.log.appender.buffer.byte-limit = 33554432 (custom)
2023-06-25 20:37:10,092 [main] INFO  server.GrpcService (ConfUtils.java:logGet(46)) - raft.grpc.flow.control.window = 1MB (=1048576) (default)
2023-06-25 20:37:10,096 [main] INFO  server.RaftServerConfigKeys (ConfUtils.java:logGet(46)) - raft.server.rpc.request.timeout = 3000ms (default)
2023-06-25 20:37:10,110 [main] INFO  grpc.GrpcConfigKeys (ConfUtils.java:logGet(46)) - raft.grpc.server.heartbeat.channel = true (default)
2023-06-25 20:37:10,116 [main] INFO  grpc.GrpcConfigKeys (ConfUtils.java:logGet(46)) - raft.grpc.server.async.request.thread.pool.cached = true (default)
2023-06-25 20:37:10,117 [main] INFO  grpc.GrpcConfigKeys (ConfUtils.java:logGet(46)) - raft.grpc.server.async.request.thread.pool.size = 32 (default)
2023-06-25 20:37:10,383 [main] INFO  impl.DataStreamServerImpl (ConfUtils.java:logGet(46)) - raft.datastream.type = DISABLED (default)
2023-06-25 20:37:10,387 [main] INFO  server.RaftServerConfigKeys (ConfUtils.java:logGet(46)) - raft.server.threadpool.proxy.cached = true (default)
2023-06-25 20:37:10,387 [main] INFO  server.RaftServerConfigKeys (ConfUtils.java:logGet(46)) - raft.server.threadpool.proxy.size = 0 (default)
2023-06-25 20:37:10,387 [main] INFO  server.RaftServerConfigKeys (ConfUtils.java:logGet(46)) - raft.server.rpc.slowness.timeout = 120s (custom)
2023-06-25 20:37:10,388 [main] INFO  server.RaftServerConfigKeys (ConfUtils.java:logGet(46)) - raft.server.leaderelection.leader.step-down.wait-time = 10s (default)
2023-06-25 20:37:10,389 [main] INFO  server.RaftServerConfigKeys (ConfUtils.java:logGet(46)) - raft.server.storage.dir = [/home/runner/work/ozone/ozone/hadoop-ozone/integration-test/target/test-dir/MiniOzoneClusterImpl-3473cb2a-b740-44b6-9b0f-d3bba0659fcf/ozone-meta/ratis] (custom)
2023-06-25 20:37:10,421 [main] INFO  server.RaftServer (RaftServerProxy.java:addNew(98)) - om1: addNew group-C5BA1605619E:[om1|rpc:localhost:15007|priority:0|startupRole:FOLLOWER] returns group-C5BA1605619E:java.util.concurrent.CompletableFuture@34d27e12[Not completed]
2023-06-25 20:37:10,422 [main] INFO  om.OzoneManager (OzoneManager.java:initializeRatisServer(2128)) - OzoneManager Ratis server initialized at port 15007
2023-06-25 20:37:10,425 [main] INFO  om.OzoneManager (OzoneManager.java:getRpcServer(1176)) - Creating RPC Server
2023-06-25 20:37:10,453 [om1-groupManagement] INFO  server.RaftServer$Division (RaftServerImpl.java:<init>(198)) - om1: new RaftServerImpl for group-C5BA1605619E:[om1|rpc:localhost:15007|priority:0|startupRole:FOLLOWER] with OzoneManagerStateMachine:uninitialized
2023-06-25 20:37:10,458 [om1-groupManagement] INFO  server.RaftServerConfigKeys (ConfUtils.java:logGet(46)) - raft.server.rpc.timeout.min = 1s (custom)
2023-06-25 20:37:10,458 [om1-groupManagement] INFO  server.RaftServerConfigKeys (ConfUtils.java:logGet(46)) - raft.server.rpc.timeout.max = 1200ms (custom)
2023-06-25 20:37:10,458 [om1-groupManagement] INFO  server.RaftServerConfigKeys (ConfUtils.java:logGet(46)) - raft.server.rpc.sleep.time = 25ms (default)
2023-06-25 20:37:10,459 [om1-groupManagement] INFO  server.RaftServerConfigKeys (ConfUtils.java:logGet(46)) - raft.server.rpc.slowness.timeout = 120s (custom)
2023-06-25 20:37:10,459 [om1-groupManagement] INFO  server.RaftServerConfigKeys (ConfUtils.java:logGet(46)) - raft.server.leaderelection.leader.step-down.wait-time = 10s (default)
2023-06-25 20:37:10,460 [om1-groupManagement] INFO  server.RaftServerConfigKeys (ConfUtils.java:logGet(46)) - raft.server.sleep.deviation.threshold = 300ms (default)
2023-06-25 20:37:10,617 [om1-groupManagement] INFO  server.RaftServer$Division (ServerState.java:<init>(120)) - om1@group-C5BA1605619E: ConfigurationManager, init=-1: peers:[om1|rpc:localhost:15007|priority:0|startupRole:FOLLOWER]|listeners:[], old=null, confs=<EMPTY_MAP>
2023-06-25 20:37:10,622 [om1-groupManagement] INFO  server.RaftServerConfigKeys (ConfUtils.java:logGet(46)) - raft.server.storage.dir = [/home/runner/work/ozone/ozone/hadoop-ozone/integration-test/target/test-dir/MiniOzoneClusterImpl-3473cb2a-b740-44b6-9b0f-d3bba0659fcf/ozone-meta/ratis] (custom)
2023-06-25 20:37:10,631 [om1-groupManagement] INFO  server.RaftServerConfigKeys (ConfUtils.java:logGet(46)) - raft.server.log.corruption.policy = EXCEPTION (default)
2023-06-25 20:37:10,631 [om1-groupManagement] INFO  server.RaftServerConfigKeys (ConfUtils.java:logGet(46)) - raft.server.storage.free-space.min = 0MB (=0) (default)
2023-06-25 20:37:10,650 [om1-groupManagement] INFO  server.RaftServerConfigKeys (ConfUtils.java:logGet(46)) - raft.server.notification.no-leader.timeout = 120s (custom)
2023-06-25 20:37:10,663 [om1-groupManagement] INFO  server.RaftServerConfigKeys (ConfUtils.java:logGet(46)) - raft.server.read.timeout = 10s (default)
2023-06-25 20:37:10,668 [om1-groupManagement] INFO  server.RaftServerConfigKeys (ConfUtils.java:logGet(46)) - raft.server.retrycache.expirytime = 300s (custom)
2023-06-25 20:37:10,668 [om1-groupManagement] INFO  server.RaftServerConfigKeys (ConfUtils.java:logGet(46)) - raft.server.retrycache.statistics.expirytime = 100μs (default)
2023-06-25 20:37:10,751 [om1-groupManagement] INFO  server.RaftServerConfigKeys (ConfUtils.java:logGet(46)) - raft.server.read.option = DEFAULT (default)
2023-06-25 20:37:10,827 [om1-groupManagement] INFO  server.RaftServerConfigKeys (ConfUtils.java:logGet(46)) - raft.server.rpc.request.timeout = 3000ms (default)
2023-06-25 20:37:10,834 [om1-groupManagement] INFO  server.RaftServerConfigKeys (ConfUtils.java:logGet(46)) - raft.server.log.appender.install.snapshot.enabled = false (custom)
2023-06-25 20:37:10,835 [om1-groupManagement] INFO  server.RaftServerConfigKeys (ConfUtils.java:logGet(46)) - raft.server.threadpool.server.cached = true (default)
2023-06-25 20:37:10,836 [om1-groupManagement] INFO  server.RaftServerConfigKeys (ConfUtils.java:logGet(46)) - raft.server.threadpool.server.size = 0 (default)
2023-06-25 20:37:10,836 [om1-groupManagement] INFO  server.RaftServerConfigKeys (ConfUtils.java:logGet(46)) - raft.server.threadpool.client.cached = true (default)
2023-06-25 20:37:10,837 [om1-groupManagement] INFO  server.RaftServerConfigKeys (ConfUtils.java:logGet(46)) - raft.server.threadpool.client.size = 0 (default)
2023-06-25 20:37:11,573 [main] INFO  reflections.Reflections (Reflections.java:scan(232)) - Reflections took 915 ms to scan 19 urls, producing 69 keys and 5436 values [using 2 cores]
2023-06-25 20:37:11,751 [main] INFO  ipc.CallQueueManager (CallQueueManager.java:<init>(90)) - Using callQueue: class java.util.concurrent.LinkedBlockingQueue, queueCapacity: 2000, scheduler: class org.apache.hadoop.ipc.DefaultRpcScheduler, ipcBackoff: false.
2023-06-25 20:37:11,752 [Socket Reader #1 for port 15004] INFO  ipc.Server (Server.java:run(1319)) - Starting Socket Reader #1 for port 15004
2023-06-25 20:37:11,759 [Listener at 127.0.0.1/15004] INFO  hdds.HddsUtils (HddsUtils.java:preserveThreadName(848)) - Restoring thread name: main
2023-06-25 20:37:11,792 [main] INFO  impl.MetricsSystemImpl (MetricsSystemImpl.java:init(158)) - OzoneManager metrics system started (again)
2023-06-25 20:37:11,805 [main] INFO  om.OzoneManager (OzoneManager.java:start(1606)) - OzoneManager RPC server is listening at localhost/127.0.0.1:15004
2023-06-25 20:37:11,805 [main] INFO  ratis.OzoneManagerRatisServer (OzoneManagerRatisServer.java:start(558)) - Starting OzoneManagerRatisServer om1 at port 15007
2023-06-25 20:37:11,808 [om1-impl-thread1] INFO  storage.RaftStorageDirectory (RaftStorageDirectoryImpl.java:analyzeStorage(137)) - The storage directory /home/runner/work/ozone/ozone/hadoop-ozone/integration-test/target/test-dir/MiniOzoneClusterImpl-3473cb2a-b740-44b6-9b0f-d3bba0659fcf/ozone-meta/ratis/bf265839-605b-3f16-9796-c5ba1605619e does not exist. Creating ...
2023-06-25 20:37:11,814 [om1-impl-thread1] INFO  storage.RaftStorageDirectory (RaftStorageDirectoryImpl.java:tryLock(231)) - Lock on /home/runner/work/ozone/ozone/hadoop-ozone/integration-test/target/test-dir/MiniOzoneClusterImpl-3473cb2a-b740-44b6-9b0f-d3bba0659fcf/ozone-meta/ratis/bf265839-605b-3f16-9796-c5ba1605619e/in_use.lock acquired by nodename 7655@fv-az808-130
2023-06-25 20:37:11,821 [om1-impl-thread1] INFO  storage.RaftStorage (RaftStorageImpl.java:format(96)) - Storage directory /home/runner/work/ozone/ozone/hadoop-ozone/integration-test/target/test-dir/MiniOzoneClusterImpl-3473cb2a-b740-44b6-9b0f-d3bba0659fcf/ozone-meta/ratis/bf265839-605b-3f16-9796-c5ba1605619e has been successfully formatted.
2023-06-25 20:37:11,826 [om1-impl-thread1] INFO  server.RaftServerConfigKeys (ConfUtils.java:logGet(46)) - raft.server.log.use.memory = false (default)
2023-06-25 20:37:11,834 [om1-impl-thread1] INFO  server.RaftServerConfigKeys (ConfUtils.java:logGet(46)) - raft.server.log.purge.gap = 1000000 (custom)
2023-06-25 20:37:11,837 [om1-impl-thread1] INFO  server.RaftServerConfigKeys (ConfUtils.java:logGet(46)) - raft.server.log.appender.buffer.byte-limit = 33554432 (custom)
2023-06-25 20:37:11,839 [om1-impl-thread1] INFO  server.RaftServerConfigKeys (ConfUtils.java:logGet(46)) - raft.server.log.statemachine.data.read.timeout = 1000ms (default)
2023-06-25 20:37:11,840 [om1-impl-thread1] INFO  server.RaftServerConfigKeys (ConfUtils.java:logGet(46)) - raft.server.log.purge.preservation.log.num = 0 (default)
2023-06-25 20:37:11,843 [om1-impl-thread1] INFO  server.RaftServerConfigKeys (ConfUtils.java:logGet(46)) - raft.server.log.segment.size.max = 4194304 (custom)
2023-06-25 20:37:11,849 [om1-impl-thread1] INFO  server.RaftServerConfigKeys (ConfUtils.java:logGet(46)) - raft.server.log.segment.cache.num.max = 2 (custom)
2023-06-25 20:37:11,850 [om1-impl-thread1] INFO  server.RaftServerConfigKeys (ConfUtils.java:logGet(46)) - raft.server.log.segment.cache.size.max = 200MB (=209715200) (default)
2023-06-25 20:37:11,850 [om1-impl-thread1] INFO  server.RaftServerConfigKeys (ConfUtils.java:logGet(46)) - raft.server.log.appender.buffer.byte-limit = 33554432 (custom)
2023-06-25 20:37:11,856 [om1-impl-thread1] INFO  segmented.SegmentedRaftLogWorker (SegmentedRaftLogWorker.java:<init>(188)) - new om1@group-C5BA1605619E-SegmentedRaftLogWorker for RaftStorageImpl:Storage Directory /home/runner/work/ozone/ozone/hadoop-ozone/integration-test/target/test-dir/MiniOzoneClusterImpl-3473cb2a-b740-44b6-9b0f-d3bba0659fcf/ozone-meta/ratis/bf265839-605b-3f16-9796-c5ba1605619e
2023-06-25 20:37:11,857 [om1-impl-thread1] INFO  server.RaftServerConfigKeys (ConfUtils.java:logGet(46)) - raft.server.log.queue.byte-limit = 64MB (=67108864) (default)
2023-06-25 20:37:11,857 [om1-impl-thread1] INFO  server.RaftServerConfigKeys (ConfUtils.java:logGet(46)) - raft.server.log.queue.element-limit = 4096 (default)
2023-06-25 20:37:11,859 [om1-impl-thread1] INFO  server.RaftServerConfigKeys (ConfUtils.java:logGet(46)) - raft.server.log.segment.size.max = 4194304 (custom)
2023-06-25 20:37:11,859 [om1-impl-thread1] INFO  server.RaftServerConfigKeys (ConfUtils.java:logGet(46)) - raft.server.log.preallocated.size = 4194304 (custom)
2023-06-25 20:37:11,860 [om1-impl-thread1] INFO  server.RaftServerConfigKeys (ConfUtils.java:logGet(46)) - raft.server.log.force.sync.num = 128 (default)
2023-06-25 20:37:11,860 [om1-impl-thread1] INFO  server.RaftServerConfigKeys (ConfUtils.java:logGet(46)) - raft.server.log.statemachine.data.sync = true (default)
2023-06-25 20:37:11,861 [om1-impl-thread1] INFO  server.RaftServerConfigKeys (ConfUtils.java:logGet(46)) - raft.server.log.statemachine.data.sync.timeout = 10s (default)
2023-06-25 20:37:11,861 [om1-impl-thread1] INFO  server.RaftServerConfigKeys (ConfUtils.java:logGet(46)) - raft.server.log.statemachine.data.sync.timeout.retry = -1 (default)
2023-06-25 20:37:11,874 [om1-impl-thread1] INFO  server.RaftServerConfigKeys (ConfUtils.java:logGet(46)) - raft.server.log.write.buffer.size = 64KB (=65536) (default)
2023-06-25 20:37:11,874 [om1-impl-thread1] INFO  server.RaftServerConfigKeys (ConfUtils.java:logGet(46)) - raft.server.log.appender.buffer.byte-limit = 33554432 (custom)
2023-06-25 20:37:11,881 [om1-impl-thread1] INFO  server.RaftServerConfigKeys (ConfUtils.java:logGet(46)) - raft.server.log.unsafe-flush.enabled = false (default)
2023-06-25 20:37:11,882 [om1-impl-thread1] INFO  server.RaftServerConfigKeys (ConfUtils.java:logGet(46)) - raft.server.log.async-flush.enabled = false (default)
2023-06-25 20:37:11,883 [om1-impl-thread1] INFO  server.RaftServerConfigKeys (ConfUtils.java:logGet(46)) - raft.server.log.statemachine.data.caching.enabled = false (default)
2023-06-25 20:37:11,889 [om1-impl-thread1] INFO  segmented.SegmentedRaftLogWorker (SegmentedRaftLogWorker.java:lambda$new$0(135)) - om1@group-C5BA1605619E-SegmentedRaftLogWorker: flushIndex: setUnconditionally 0 -> -1
2023-06-25 20:37:11,890 [om1-impl-thread1] INFO  segmented.SegmentedRaftLogWorker (SegmentedRaftLogWorker.java:lambda$new$0(135)) - om1@group-C5BA1605619E-SegmentedRaftLogWorker: safeCacheEvictIndex: setUnconditionally 0 -> -1
2023-06-25 20:37:11,902 [om1-impl-thread1] INFO  server.RaftServer$Division (RaftServerImpl.java:start(342)) - om1@group-C5BA1605619E: start as a follower, conf=-1: peers:[om1|rpc:localhost:15007|priority:0|startupRole:FOLLOWER]|listeners:[], old=null
2023-06-25 20:37:11,903 [om1-impl-thread1] INFO  server.RaftServer$Division (RaftServerImpl.java:setRole(329)) - om1@group-C5BA1605619E: changes role from      null to FOLLOWER at term 0 for startAsFollower
2023-06-25 20:37:11,906 [om1-impl-thread1] INFO  impl.RoleInfo (RoleInfo.java:updateAndGet(139)) - om1: start om1@group-C5BA1605619E-FollowerState
2023-06-25 20:37:11,915 [om1-impl-thread1] INFO  util.JmxRegister (JmxRegister.java:tryRegister(44)) - Successfully registered JMX Bean with object name Ratis:service=RaftServer,group=group-C5BA1605619E,id=om1
2023-06-25 20:37:11,918 [om1@group-C5BA1605619E-FollowerState] INFO  server.RaftServerConfigKeys (ConfUtils.java:logFallback(53)) - raft.server.rpc.first-election.timeout.min = 1s (fallback to raft.server.rpc.timeout.min)
2023-06-25 20:37:11,918 [om1@group-C5BA1605619E-FollowerState] INFO  server.RaftServerConfigKeys (ConfUtils.java:logFallback(53)) - raft.server.rpc.first-election.timeout.max = 1200ms (fallback to raft.server.rpc.timeout.max)
2023-06-25 20:37:11,919 [om1-impl-thread1] INFO  server.RaftServerConfigKeys (ConfUtils.java:logGet(46)) - raft.server.snapshot.auto.trigger.enabled = true (custom)
2023-06-25 20:37:11,920 [om1-impl-thread1] INFO  server.RaftServerConfigKeys (ConfUtils.java:logGet(46)) - raft.server.snapshot.auto.trigger.threshold = 400000 (default)
2023-06-25 20:37:11,920 [om1-impl-thread1] INFO  server.RaftServerConfigKeys (ConfUtils.java:logGet(46)) - raft.server.snapshot.retention.file.num = -1 (default)
2023-06-25 20:37:11,922 [om1-impl-thread1] INFO  server.RaftServerConfigKeys (ConfUtils.java:logGet(46)) - raft.server.log.purge.upto.snapshot.index = true (custom)
2023-06-25 20:37:11,925 [main] INFO  server.RaftServer (RaftServerProxy.java:startImpl(400)) - om1: start RPC server
2023-06-25 20:37:11,986 [main] INFO  server.GrpcService (GrpcService.java:startImpl(302)) - om1: GrpcService started, listening on 15007
2023-06-25 20:37:11,988 [main] INFO  om.OzoneManager (OzoneManager.java:start(1622)) - Version File has different layout version (6) than OM DB (null). That is expected if this OM has never been finalized to a newer layout version.
2023-06-25 20:37:11,994 [JvmPauseMonitor1] INFO  util.JvmPauseMonitor (JvmPauseMonitor.java:run(103)) - JvmPauseMonitor-om1: Started
2023-06-25 20:37:12,018 [main] INFO  http.BaseHttpServer (BaseHttpServer.java:newHttpServer2BuilderForOzone(224)) - Starting Web-server for ozoneManager at: http://0.0.0.0:15005
2023-06-25 20:37:12,018 [main] INFO  http.BaseHttpServer (BaseHttpServer.java:<init>(111)) - Hadoop Security Enabled: false Ozone Security Enabled: false Ozone HTTP Security Enabled: false 
2023-06-25 20:37:12,023 [main] WARN  server.AuthenticationFilter (AuthenticationFilter.java:constructSecretProvider(240)) - Unable to initialize FileSignerSecretProvider, falling back to use random secrets. Reason: Could not read signature secret file: /home/runner/hadoop-http-auth-signature-secret
2023-06-25 20:37:12,027 [main] INFO  http.HttpRequestLog (HttpRequestLog.java:getRequestLog(86)) - Http request log for http.requests.ozoneManager is not defined
2023-06-25 20:37:12,030 [main] INFO  http.HttpServer2 (HttpServer2.java:addGlobalFilter(1031)) - Added global filter 'safety' (class=org.apache.hadoop.hdds.server.http.HttpServer2$QuotingInputFilter)
2023-06-25 20:37:12,031 [main] INFO  http.HttpServer2 (HttpServer2.java:addFilter(1007)) - Added filter static_user_filter (class=org.apache.hadoop.http.lib.StaticUserWebFilter$StaticUserFilter) to context ozoneManager
2023-06-25 20:37:12,031 [main] INFO  http.HttpServer2 (HttpServer2.java:addFilter(1015)) - Added filter static_user_filter (class=org.apache.hadoop.http.lib.StaticUserWebFilter$StaticUserFilter) to context logs
2023-06-25 20:37:12,031 [main] INFO  http.HttpServer2 (HttpServer2.java:addFilter(1015)) - Added filter static_user_filter (class=org.apache.hadoop.http.lib.StaticUserWebFilter$StaticUserFilter) to context static
2023-06-25 20:37:12,032 [main] INFO  http.BaseHttpServer (BaseHttpServer.java:<init>(190)) - HTTP server of ozoneManager uses base directory /home/runner/work/ozone/ozone/hadoop-ozone/integration-test/target/test-dir/MiniOzoneClusterImpl-3473cb2a-b740-44b6-9b0f-d3bba0659fcf/ozone-meta/webserver
2023-06-25 20:37:12,035 [main] INFO  http.HttpServer2 (HttpServer2.java:bindListener(1250)) - Jetty bound to port 15005
2023-06-25 20:37:12,035 [main] INFO  server.Server (Server.java:doStart(375)) - jetty-9.4.51.v20230217; built: 2023-02-17T08:19:37.309Z; git: b45c405e4544384de066f814ed42ae3dceacdd49; jvm 1.8.0_372-b07
2023-06-25 20:37:12,043 [main] INFO  server.session (DefaultSessionIdManager.java:doStart(334)) - DefaultSessionIdManager workerName=node0
2023-06-25 20:37:12,044 [main] INFO  server.session (DefaultSessionIdManager.java:doStart(339)) - No SessionScavenger set, using defaults
2023-06-25 20:37:12,044 [main] INFO  server.session (HouseKeeper.java:startScavenging(132)) - node0 Scavenging every 660000ms
2023-06-25 20:37:12,045 [main] INFO  handler.ContextHandler (ContextHandler.java:doStart(921)) - Started o.e.j.s.ServletContextHandler@65377a33{logs,/logs,file:///home/runner/work/ozone/ozone/hadoop-ozone/integration-test/target/log,AVAILABLE}
2023-06-25 20:37:12,046 [main] INFO  handler.ContextHandler (ContextHandler.java:doStart(921)) - Started o.e.j.s.ServletContextHandler@5ed13b85{static,/static,file:///home/runner/work/ozone/ozone/hadoop-ozone/integration-test/target/test-classes/webapps/static,AVAILABLE}
2023-06-25 20:37:12,051 [main] INFO  handler.ContextHandler (ContextHandler.java:doStart(921)) - Started o.e.j.w.WebAppContext@16b6b9ee{ozoneManager,/,file:///home/runner/work/ozone/ozone/hadoop-ozone/integration-test/target/test-classes/webapps/ozoneManager/,AVAILABLE}{file:/home/runner/work/ozone/ozone/hadoop-ozone/integration-test/target/test-classes/webapps/ozoneManager}
2023-06-25 20:37:12,052 [main] INFO  server.AbstractConnector (AbstractConnector.java:doStart(333)) - Started ServerConnector@42f16e74{HTTP/1.1, (http/1.1)}{0.0.0.0:15005}
2023-06-25 20:37:12,053 [main] INFO  server.Server (Server.java:doStart(415)) - Started @9536ms
2023-06-25 20:37:12,053 [main] WARN  impl.MetricsSystemImpl (MetricsSystemImpl.java:register(279)) - Sink prometheus already exists!
2023-06-25 20:37:12,054 [main] INFO  http.BaseHttpServer (BaseHttpServer.java:updateConnectorAddress(344)) - HTTP server of ozoneManager listening at http://0.0.0.0:15005
2023-06-25 20:37:12,057 [IPC Server Responder] INFO  ipc.Server (Server.java:run(1558)) - IPC Server Responder: starting
2023-06-25 20:37:12,058 [IPC Server listener on 15004] INFO  ipc.Server (Server.java:run(1398)) - IPC Server listener on 15004: starting
2023-06-25 20:37:12,064 [main] INFO  om.OzoneManager (OzoneManager.java:startTrashEmptier(2081)) - Trash Interval set to 0. Files deleted won't move to trash
2023-06-25 20:37:12,221 [main] WARN  impl.MetricRegistriesImpl (MetricRegistriesImpl.java:addReporterRegistration(111)) - New reporters are added after registries were created. Some metrics will be missing from the reporter. Please add reporter before adding any new registry.
2023-06-25 20:37:12,222 [main] WARN  impl.MetricRegistriesImpl (MetricRegistriesImpl.java:addReporterRegistration(111)) - New reporters are added after registries were created. Some metrics will be missing from the reporter. Please add reporter before adding any new registry.
2023-06-25 20:37:12,222 [main] INFO  impl.MetricsSystemImpl (MetricsSystemImpl.java:init(158)) - HddsDatanode metrics system started (again)
2023-06-25 20:37:12,246 [main] INFO  ozone.HddsDatanodeService (HddsDatanodeService.java:start(257)) - HddsDatanodeService host:fv-az808-130.wa3tte2ragoufbcbawjciesdkc.bx.internal.cloudapp.net ip:10.1.0.20
2023-06-25 20:37:12,299 [main] INFO  upgrade.AbstractLayoutVersionManager (AbstractLayoutVersionManager.java:init(83)) - Initializing Layout version manager with metadata layout = HADOOP_PRC_PORTS_IN_DATANODEDETAILS (version = 7), software layout = HADOOP_PRC_PORTS_IN_DATANODEDETAILS (version = 7)
2023-06-25 20:37:12,303 [main] INFO  statemachine.DatanodeStateMachine (DatanodeStateMachine.java:getEndPointTaskThreadPoolSize(279)) - Datanode State Machine Task Thread Pool size 2
2023-06-25 20:37:12,389 [main] INFO  volume.HddsVolume (HddsVolume.java:<init>(130)) - Creating HddsVolume: /home/runner/work/ozone/ozone/hadoop-ozone/integration-test/target/test-dir/MiniOzoneClusterImpl-3473cb2a-b740-44b6-9b0f-d3bba0659fcf/datanode-0/data-0/containers/hdds of storage type : DISK capacity : 9223372036854775807
2023-06-25 20:37:12,391 [main] INFO  volume.MutableVolumeSet (MutableVolumeSet.java:initializeVolumeSet(175)) - Added Volume : /home/runner/work/ozone/ozone/hadoop-ozone/integration-test/target/test-dir/MiniOzoneClusterImpl-3473cb2a-b740-44b6-9b0f-d3bba0659fcf/datanode-0/data-0/containers/hdds to VolumeSet
2023-06-25 20:37:12,392 [main] INFO  volume.ThrottledAsyncChecker (ThrottledAsyncChecker.java:schedule(141)) - Scheduling a check for /home/runner/work/ozone/ozone/hadoop-ozone/integration-test/target/test-dir/MiniOzoneClusterImpl-3473cb2a-b740-44b6-9b0f-d3bba0659fcf/datanode-0/data-0/containers/hdds
2023-06-25 20:37:12,415 [main] INFO  volume.StorageVolumeChecker (StorageVolumeChecker.java:checkAllVolumes(202)) - Scheduled health check for volume /home/runner/work/ozone/ozone/hadoop-ozone/integration-test/target/test-dir/MiniOzoneClusterImpl-3473cb2a-b740-44b6-9b0f-d3bba0659fcf/datanode-0/data-0/containers/hdds
2023-06-25 20:37:12,440 [main] INFO  volume.MutableVolumeSet (MutableVolumeSet.java:initializeVolumeSet(175)) - Added Volume : /home/runner/work/ozone/ozone/hadoop-ozone/integration-test/target/test-dir/MiniOzoneClusterImpl-3473cb2a-b740-44b6-9b0f-d3bba0659fcf/datanode-0/data/ratis to VolumeSet
2023-06-25 20:37:12,441 [main] INFO  volume.ThrottledAsyncChecker (ThrottledAsyncChecker.java:schedule(141)) - Scheduling a check for /home/runner/work/ozone/ozone/hadoop-ozone/integration-test/target/test-dir/MiniOzoneClusterImpl-3473cb2a-b740-44b6-9b0f-d3bba0659fcf/datanode-0/data/ratis
2023-06-25 20:37:12,443 [main] INFO  volume.StorageVolumeChecker (StorageVolumeChecker.java:checkAllVolumes(202)) - Scheduled health check for volume /home/runner/work/ozone/ozone/hadoop-ozone/integration-test/target/test-dir/MiniOzoneClusterImpl-3473cb2a-b740-44b6-9b0f-d3bba0659fcf/datanode-0/data/ratis
2023-06-25 20:37:12,469 [Thread-140] INFO  ozoneimpl.ContainerReader (ContainerReader.java:readVolume(175)) - Finish verifying containers on volume /home/runner/work/ozone/ozone/hadoop-ozone/integration-test/target/test-dir/MiniOzoneClusterImpl-3473cb2a-b740-44b6-9b0f-d3bba0659fcf/datanode-0/data-0/containers/hdds
2023-06-25 20:37:12,469 [main] INFO  ozoneimpl.OzoneContainer (OzoneContainer.java:buildContainerSet(316)) - Build ContainerSet costs 0s
2023-06-25 20:37:12,540 [main] INFO  audit.AuditLogger (AuditLogger.java:refreshDebugCmdSet(126)) - Refresh DebugCmdSet for DNAudit to [].
2023-06-25 20:37:12,579 [main] INFO  server.RaftServer (ConfUtils.java:logGet(46)) - raft.rpc.type = GRPC (default)
2023-06-25 20:37:12,580 [main] INFO  grpc.GrpcConfigKeys (ConfUtils.java:logFallback(53)) - raft.grpc.admin.host = null (fallback to raft.grpc.server.host)
2023-06-25 20:37:12,588 [main] INFO  grpc.GrpcConfigKeys (ConfUtils.java:logGet(46)) - raft.grpc.admin.port = 15013 (custom)
2023-06-25 20:37:12,588 [main] INFO  grpc.GrpcConfigKeys (ConfUtils.java:logFallback(53)) - raft.grpc.client.host = null (fallback to raft.grpc.server.host)
2023-06-25 20:37:12,588 [main] INFO  grpc.GrpcConfigKeys (ConfUtils.java:logGet(46)) - raft.grpc.client.port = 15012 (custom)
2023-06-25 20:37:12,589 [main] INFO  grpc.GrpcConfigKeys (ConfUtils.java:logGet(46)) - raft.grpc.server.host = null (default)
2023-06-25 20:37:12,590 [main] INFO  grpc.GrpcConfigKeys (ConfUtils.java:logGet(46)) - raft.grpc.server.port = 15014 (custom)
2023-06-25 20:37:12,590 [main] INFO  server.GrpcService (ConfUtils.java:logGet(46)) - raft.grpc.message.size.max = 32MB (=33554432) (custom)
2023-06-25 20:37:12,590 [main] INFO  server.RaftServerConfigKeys (ConfUtils.java:logGet(46)) - raft.server.log.appender.buffer.byte-limit = 33554432 (custom)
2023-06-25 20:37:12,590 [main] INFO  server.GrpcService (ConfUtils.java:logGet(46)) - raft.grpc.flow.control.window = 5MB (=5242880) (custom)
2023-06-25 20:37:12,591 [main] INFO  server.RaftServerConfigKeys (ConfUtils.java:logGet(46)) - raft.server.rpc.request.timeout = 60s (custom)
2023-06-25 20:37:12,591 [main] INFO  grpc.GrpcConfigKeys (ConfUtils.java:logGet(46)) - raft.grpc.server.heartbeat.channel = true (default)
2023-06-25 20:37:12,591 [main] INFO  grpc.GrpcConfigKeys (ConfUtils.java:logGet(46)) - raft.grpc.server.async.request.thread.pool.cached = true (default)
2023-06-25 20:37:12,592 [main] INFO  grpc.GrpcConfigKeys (ConfUtils.java:logGet(46)) - raft.grpc.server.async.request.thread.pool.size = 32 (default)
2023-06-25 20:37:12,597 [main] INFO  impl.DataStreamServerImpl (ConfUtils.java:logGet(46)) - raft.datastream.type = NETTY (custom)
2023-06-25 20:37:12,609 [main] INFO  server.RaftServerConfigKeys (ConfUtils.java:logGet(46)) - raft.server.data-stream.async.request.thread.pool.cached = false (default)
2023-06-25 20:37:12,610 [main] INFO  server.RaftServerConfigKeys (ConfUtils.java:logGet(46)) - raft.server.data-stream.async.request.thread.pool.size = 20 (custom)
2023-06-25 20:37:12,610 [main] INFO  server.RaftServerConfigKeys (ConfUtils.java:logGet(46)) - raft.server.data-stream.async.write.thread.pool.size = 16 (default)
2023-06-25 20:37:12,611 [main] INFO  server.RaftServerConfigKeys (ConfUtils.java:logGet(46)) - raft.server.data-stream.client.pool.size = 10 (default)
2023-06-25 20:37:12,615 [main] INFO  netty.NettyConfigKeys$DataStream (ConfUtils.java:logGet(46)) - raft.netty.dataStream.server.use-epoll = false (default)
2023-06-25 20:37:12,616 [main] INFO  netty.NettyConfigKeys$DataStream (ConfUtils.java:logGet(46)) - raft.netty.dataStream.server.boss-group.size = 0 (default)
2023-06-25 20:37:12,623 [main] INFO  netty.NettyConfigKeys$DataStream (ConfUtils.java:logGet(46)) - raft.netty.dataStream.server.worker-group.size = 0 (default)
2023-06-25 20:37:12,624 [main] INFO  netty.NettyConfigKeys$DataStream (ConfUtils.java:logGet(46)) - raft.netty.dataStream.server.tls.conf = null (default)
2023-06-25 20:37:12,626 [main] INFO  netty.NettyConfigKeys$DataStream (ConfUtils.java:logGet(46)) - raft.netty.dataStream.host = null (default)
2023-06-25 20:37:12,627 [main] INFO  netty.NettyConfigKeys$DataStream (ConfUtils.java:logGet(46)) - raft.netty.dataStream.port = 15015 (custom)
2023-06-25 20:37:12,636 [main] INFO  server.RaftServerConfigKeys (ConfUtils.java:logGet(46)) - raft.server.threadpool.proxy.cached = true (default)
2023-06-25 20:37:12,636 [main] INFO  server.RaftServerConfigKeys (ConfUtils.java:logGet(46)) - raft.server.threadpool.proxy.size = 0 (default)
2023-06-25 20:37:12,636 [main] INFO  server.RaftServerConfigKeys (ConfUtils.java:logGet(46)) - raft.server.rpc.slowness.timeout = 300s (custom)
2023-06-25 20:37:12,636 [main] INFO  server.RaftServerConfigKeys (ConfUtils.java:logGet(46)) - raft.server.leaderelection.leader.step-down.wait-time = 10s (default)
2023-06-25 20:37:12,637 [main] INFO  server.RaftServerConfigKeys (ConfUtils.java:logGet(46)) - raft.server.storage.dir = [/home/runner/work/ozone/ozone/hadoop-ozone/integration-test/target/test-dir/MiniOzoneClusterImpl-3473cb2a-b740-44b6-9b0f-d3bba0659fcf/datanode-0/data/ratis] (custom)
2023-06-25 20:37:12,679 [dc38f854-6bce-4a40-ab3d-29959e10d617-NettyServerStreamRpc-bossGroup--thread1] INFO  logging.LoggingHandler (AbstractInternalLogger.java:log(148)) - [id: 0x8051048f] REGISTERED
2023-06-25 20:37:12,680 [dc38f854-6bce-4a40-ab3d-29959e10d617-NettyServerStreamRpc-bossGroup--thread1] INFO  logging.LoggingHandler (AbstractInternalLogger.java:log(148)) - [id: 0x8051048f] BIND: 0.0.0.0/0.0.0.0:15015
2023-06-25 20:37:12,681 [dc38f854-6bce-4a40-ab3d-29959e10d617-NettyServerStreamRpc-bossGroup--thread1] INFO  logging.LoggingHandler (AbstractInternalLogger.java:log(148)) - [id: 0x8051048f, L:/0:0:0:0:0:0:0:0:15015] ACTIVE
2023-06-25 20:37:12,696 [main] INFO  server.XceiverServerGrpc (XceiverServerGrpc.java:<init>(132)) - GrpcServer channel type EpollServerSocketChannel
2023-06-25 20:37:12,785 [main] INFO  replication.ReplicationSupervisor (ReplicationSupervisor.java:nodeStateUpdated(305)) - Node state updated to IN_SERVICE, scaling executor pool size to 10
2023-06-25 20:37:12,862 [main] INFO  http.BaseHttpServer (BaseHttpServer.java:newHttpServer2BuilderForOzone(224)) - Starting Web-server for hddsDatanode at: http://0.0.0.0:15009
2023-06-25 20:37:12,862 [main] INFO  http.BaseHttpServer (BaseHttpServer.java:<init>(111)) - Hadoop Security Enabled: false Ozone Security Enabled: false Ozone HTTP Security Enabled: false 
2023-06-25 20:37:12,864 [main] WARN  server.AuthenticationFilter (AuthenticationFilter.java:constructSecretProvider(240)) - Unable to initialize FileSignerSecretProvider, falling back to use random secrets. Reason: Could not read signature secret file: /home/runner/hadoop-http-auth-signature-secret
2023-06-25 20:37:12,865 [main] INFO  http.HttpRequestLog (HttpRequestLog.java:getRequestLog(86)) - Http request log for http.requests.hddsDatanode is not defined
2023-06-25 20:37:12,867 [main] INFO  http.HttpServer2 (HttpServer2.java:addGlobalFilter(1031)) - Added global filter 'safety' (class=org.apache.hadoop.hdds.server.http.HttpServer2$QuotingInputFilter)
2023-06-25 20:37:12,868 [main] INFO  http.HttpServer2 (HttpServer2.java:addFilter(1007)) - Added filter static_user_filter (class=org.apache.hadoop.http.lib.StaticUserWebFilter$StaticUserFilter) to context hddsDatanode
2023-06-25 20:37:12,869 [main] INFO  http.HttpServer2 (HttpServer2.java:addFilter(1015)) - Added filter static_user_filter (class=org.apache.hadoop.http.lib.StaticUserWebFilter$StaticUserFilter) to context static
2023-06-25 20:37:12,869 [main] INFO  http.HttpServer2 (HttpServer2.java:addFilter(1015)) - Added filter static_user_filter (class=org.apache.hadoop.http.lib.StaticUserWebFilter$StaticUserFilter) to context logs
2023-06-25 20:37:12,870 [main] INFO  http.BaseHttpServer (BaseHttpServer.java:<init>(190)) - HTTP server of hddsDatanode uses base directory /home/runner/work/ozone/ozone/hadoop-ozone/integration-test/target/test-dir/MiniOzoneClusterImpl-3473cb2a-b740-44b6-9b0f-d3bba0659fcf/datanode-0/meta/webserver
2023-06-25 20:37:12,871 [main] INFO  http.HttpServer2 (HttpServer2.java:bindListener(1250)) - Jetty bound to port 15009
2023-06-25 20:37:12,871 [main] INFO  server.Server (Server.java:doStart(375)) - jetty-9.4.51.v20230217; built: 2023-02-17T08:19:37.309Z; git: b45c405e4544384de066f814ed42ae3dceacdd49; jvm 1.8.0_372-b07
2023-06-25 20:37:12,875 [main] INFO  server.session (DefaultSessionIdManager.java:doStart(334)) - DefaultSessionIdManager workerName=node0
2023-06-25 20:37:12,875 [main] INFO  server.session (DefaultSessionIdManager.java:doStart(339)) - No SessionScavenger set, using defaults
2023-06-25 20:37:12,876 [main] INFO  server.session (HouseKeeper.java:startScavenging(132)) - node0 Scavenging every 660000ms
2023-06-25 20:37:12,878 [main] INFO  handler.ContextHandler (ContextHandler.java:doStart(921)) - Started o.e.j.s.ServletContextHandler@4f6dbf03{logs,/logs,file:///home/runner/work/ozone/ozone/hadoop-ozone/integration-test/target/log,AVAILABLE}
2023-06-25 20:37:12,878 [main] INFO  handler.ContextHandler (ContextHandler.java:doStart(921)) - Started o.e.j.s.ServletContextHandler@621b4166{static,/static,jar:file:/home/runner/.m2/repository/org/apache/ozone/hdds-container-service/1.4.0-SNAPSHOT/hdds-container-service-1.4.0-SNAPSHOT.jar!/webapps/static,AVAILABLE}
2023-06-25 20:37:12,930 [om1@group-C5BA1605619E-FollowerState] INFO  impl.FollowerState (FollowerState.java:run(143)) - om1@group-C5BA1605619E-FollowerState: change to CANDIDATE, lastRpcElapsedTime:1024755380ns, electionTimeout:1011ms
2023-06-25 20:37:12,932 [om1@group-C5BA1605619E-FollowerState] INFO  impl.RoleInfo (RoleInfo.java:shutdownFollowerState(110)) - om1: shutdown om1@group-C5BA1605619E-FollowerState
2023-06-25 20:37:12,934 [om1@group-C5BA1605619E-FollowerState] INFO  server.RaftServer$Division (RaftServerImpl.java:setRole(329)) - om1@group-C5BA1605619E: changes role from  FOLLOWER to CANDIDATE at term 0 for changeToCandidate
2023-06-25 20:37:12,937 [om1@group-C5BA1605619E-FollowerState] INFO  server.RaftServerConfigKeys (ConfUtils.java:logGet(46)) - raft.server.leaderelection.pre-vote = true (default)
2023-06-25 20:37:12,937 [om1@group-C5BA1605619E-FollowerState] INFO  impl.RoleInfo (RoleInfo.java:updateAndGet(139)) - om1: start om1@group-C5BA1605619E-LeaderElection1
2023-06-25 20:37:12,955 [om1@group-C5BA1605619E-LeaderElection1] INFO  impl.LeaderElection (LeaderElection.java:askForVotes(321)) - om1@group-C5BA1605619E-LeaderElection1 PRE_VOTE round 0: submit vote requests at term 0 for -1: peers:[om1|rpc:localhost:15007|priority:0|startupRole:FOLLOWER]|listeners:[], old=null
2023-06-25 20:37:12,956 [om1@group-C5BA1605619E-LeaderElection1] INFO  impl.LeaderElection (LeaderElection.java:askForVotes(323)) - om1@group-C5BA1605619E-LeaderElection1 PRE_VOTE round 0: result PASSED (term=0)
2023-06-25 20:37:12,959 [om1@group-C5BA1605619E-LeaderElection1] INFO  impl.LeaderElection (LeaderElection.java:askForVotes(321)) - om1@group-C5BA1605619E-LeaderElection1 ELECTION round 0: submit vote requests at term 1 for -1: peers:[om1|rpc:localhost:15007|priority:0|startupRole:FOLLOWER]|listeners:[], old=null
2023-06-25 20:37:12,959 [om1@group-C5BA1605619E-LeaderElection1] INFO  impl.LeaderElection (LeaderElection.java:askForVotes(323)) - om1@group-C5BA1605619E-LeaderElection1 ELECTION round 0: result PASSED (term=1)
2023-06-25 20:37:12,959 [om1@group-C5BA1605619E-LeaderElection1] INFO  impl.RoleInfo (RoleInfo.java:shutdownLeaderElection(130)) - om1: shutdown om1@group-C5BA1605619E-LeaderElection1
2023-06-25 20:37:12,960 [om1@group-C5BA1605619E-LeaderElection1] INFO  server.RaftServer$Division (RaftServerImpl.java:setRole(329)) - om1@group-C5BA1605619E: changes role from CANDIDATE to LEADER at term 1 for changeToLeader
2023-06-25 20:37:12,963 [om1@group-C5BA1605619E-LeaderElection1] INFO  server.RaftServer$Division (ServerState.java:setLeader(317)) - om1@group-C5BA1605619E: change Leader from null to om1 at term 1 for becomeLeader, leader elected after 2310ms
2023-06-25 20:37:12,974 [om1@group-C5BA1605619E-LeaderElection1] INFO  server.RaftServerConfigKeys (ConfUtils.java:logGet(46)) - raft.server.staging.catchup.gap = 1000 (default)
2023-06-25 20:37:12,979 [om1@group-C5BA1605619E-LeaderElection1] INFO  server.RaftServerConfigKeys (ConfUtils.java:logGet(46)) - raft.server.write.element-limit = 4096 (default)
2023-06-25 20:37:12,980 [om1@group-C5BA1605619E-LeaderElection1] INFO  server.RaftServerConfigKeys (ConfUtils.java:logGet(46)) - raft.server.write.byte-limit = 64MB (=67108864) (default)
2023-06-25 20:37:12,988 [om1@group-C5BA1605619E-LeaderElection1] INFO  server.RaftServerConfigKeys (ConfUtils.java:logGet(46)) - raft.server.watch.timeout = 10s (default)
2023-06-25 20:37:12,988 [om1@group-C5BA1605619E-LeaderElection1] INFO  server.RaftServerConfigKeys (ConfUtils.java:logGet(46)) - raft.server.watch.timeout.denomination = 1s (default)
2023-06-25 20:37:12,990 [om1@group-C5BA1605619E-LeaderElection1] INFO  server.RaftServerConfigKeys (ConfUtils.java:logGet(46)) - raft.server.watch.element-limit = 65536 (default)
2023-06-25 20:37:13,001 [om1@group-C5BA1605619E-LeaderElection1] INFO  server.RaftServerConfigKeys (ConfUtils.java:logGet(46)) - raft.server.write.element-limit = 4096 (default)
2023-06-25 20:37:13,009 [om1@group-C5BA1605619E-LeaderElection1] INFO  server.RaftServerConfigKeys (ConfUtils.java:logGet(46)) - raft.server.write.follower.gap.ratio.max = -1.0 (default)
2023-06-25 20:37:13,014 [om1@group-C5BA1605619E-LeaderElection1] INFO  impl.RoleInfo (RoleInfo.java:updateAndGet(139)) - om1: start om1@group-C5BA1605619E-LeaderStateImpl
2023-06-25 20:37:13,047 [om1@group-C5BA1605619E-LeaderElection1] INFO  segmented.SegmentedRaftLogWorker (SegmentedRaftLogWorker.java:startLogSegment(447)) - om1@group-C5BA1605619E-SegmentedRaftLogWorker: Starting segment from index:0
2023-06-25 20:37:13,097 [om1@group-C5BA1605619E-LeaderElection1] INFO  server.RaftServer$Division (ServerState.java:setRaftConf(434)) - om1@group-C5BA1605619E: set configuration 0: peers:[om1|rpc:localhost:15007|admin:|client:|dataStream:|priority:0|startupRole:FOLLOWER]|listeners:[], old=null
2023-06-25 20:37:13,189 [om1@group-C5BA1605619E-SegmentedRaftLogWorker] INFO  segmented.SegmentedRaftLogWorker (SegmentedRaftLogWorker.java:execute(651)) - om1@group-C5BA1605619E-SegmentedRaftLogWorker: created new log segment /home/runner/work/ozone/ozone/hadoop-ozone/integration-test/target/test-dir/MiniOzoneClusterImpl-3473cb2a-b740-44b6-9b0f-d3bba0659fcf/ozone-meta/ratis/bf265839-605b-3f16-9796-c5ba1605619e/current/log_inprogress_0
2023-06-25 20:37:13,305 [main] INFO  handler.ContextHandler (ContextHandler.java:doStart(921)) - Started o.e.j.w.WebAppContext@7e66c414{hddsDatanode,/,file:///home/runner/work/ozone/ozone/hadoop-ozone/integration-test/target/test-dir/MiniOzoneClusterImpl-3473cb2a-b740-44b6-9b0f-d3bba0659fcf/datanode-0/meta/webserver/jetty-0_0_0_0-15009-hdds-container-service-1_4_0-SNAPSHOT_jar-_-any-8393980806352262236/webapp/,AVAILABLE}{jar:file:/home/runner/.m2/repository/org/apache/ozone/hdds-container-service/1.4.0-SNAPSHOT/hdds-container-service-1.4.0-SNAPSHOT.jar!/webapps/hddsDatanode}
2023-06-25 20:37:13,310 [main] INFO  server.AbstractConnector (AbstractConnector.java:doStart(333)) - Started ServerConnector@4182e699{HTTP/1.1, (http/1.1)}{0.0.0.0:15009}
2023-06-25 20:37:13,311 [main] INFO  server.Server (Server.java:doStart(415)) - Started @10794ms
2023-06-25 20:37:13,311 [main] WARN  impl.MetricsSystemImpl (MetricsSystemImpl.java:register(279)) - Sink prometheus already exists!
2023-06-25 20:37:13,312 [main] INFO  http.BaseHttpServer (BaseHttpServer.java:updateConnectorAddress(344)) - HTTP server of hddsDatanode listening at http://0.0.0.0:15009
2023-06-25 20:37:13,317 [main] INFO  ipc.CallQueueManager (CallQueueManager.java:<init>(90)) - Using callQueue: class java.util.concurrent.LinkedBlockingQueue, queueCapacity: 100, scheduler: class org.apache.hadoop.ipc.DefaultRpcScheduler, ipcBackoff: false.
2023-06-25 20:37:13,318 [Socket Reader #1 for port 15010] INFO  ipc.Server (Server.java:run(1319)) - Starting Socket Reader #1 for port 15010
2023-06-25 20:37:13,337 [Listener at 0.0.0.0/15010] INFO  hdds.HddsUtils (HddsUtils.java:preserveThreadName(848)) - Restoring thread name: main
2023-06-25 20:37:13,338 [main] INFO  ozone.HddsDatanodeService (HddsDatanodeService.java:start(335)) - Datanode start with admins: [runner]
2023-06-25 20:37:13,338 [main] INFO  ozone.HddsDatanodeClientProtocolServer (HddsDatanodeClientProtocolServer.java:start(72)) - RPC server for Client /0.0.0.0:15010
2023-06-25 20:37:13,343 [IPC Server Responder] INFO  ipc.Server (Server.java:run(1558)) - IPC Server Responder: starting
2023-06-25 20:37:13,349 [IPC Server listener on 15010] INFO  ipc.Server (Server.java:run(1398)) - IPC Server listener on 15010: starting
2023-06-25 20:37:13,355 [om1@group-C5BA1605619E-StateMachineUpdater] INFO  ratis.OzoneManagerStateMachine (OzoneManagerStateMachine.java:notifyConfigurationChanged(201)) - Received Configuration change notification from Ratis. New Peer list:
[id: "om1"
address: "localhost:15007"
startupRole: FOLLOWER
]
2023-06-25 20:37:13,359 [main] WARN  impl.MetricRegistriesImpl (MetricRegistriesImpl.java:addReporterRegistration(111)) - New reporters are added after registries were created. Some metrics will be missing from the reporter. Please add reporter before adding any new registry.
2023-06-25 20:37:13,359 [main] WARN  impl.MetricRegistriesImpl (MetricRegistriesImpl.java:addReporterRegistration(111)) - New reporters are added after registries were created. Some metrics will be missing from the reporter. Please add reporter before adding any new registry.
2023-06-25 20:37:13,359 [main] INFO  impl.MetricsSystemImpl (MetricsSystemImpl.java:init(158)) - HddsDatanode metrics system started (again)
2023-06-25 20:37:13,364 [Datanode State Machine Daemon Thread] INFO  statemachine.DatanodeStateMachine (DatanodeStateMachine.java:lambda$startDaemon$0(531)) - Ozone container server started.
2023-06-25 20:37:13,394 [main] INFO  ozone.HddsDatanodeService (HddsDatanodeService.java:start(257)) - HddsDatanodeService host:fv-az808-130.wa3tte2ragoufbcbawjciesdkc.bx.internal.cloudapp.net ip:10.1.0.20
2023-06-25 20:37:13,425 [main] INFO  upgrade.AbstractLayoutVersionManager (AbstractLayoutVersionManager.java:init(83)) - Initializing Layout version manager with metadata layout = HADOOP_PRC_PORTS_IN_DATANODEDETAILS (version = 7), software layout = HADOOP_PRC_PORTS_IN_DATANODEDETAILS (version = 7)
2023-06-25 20:37:13,426 [main] INFO  statemachine.DatanodeStateMachine (DatanodeStateMachine.java:getEndPointTaskThreadPoolSize(279)) - Datanode State Machine Task Thread Pool size 2
2023-06-25 20:37:13,438 [main] INFO  volume.HddsVolume (HddsVolume.java:<init>(130)) - Creating HddsVolume: /home/runner/work/ozone/ozone/hadoop-ozone/integration-test/target/test-dir/MiniOzoneClusterImpl-3473cb2a-b740-44b6-9b0f-d3bba0659fcf/datanode-1/data-0/containers/hdds of storage type : DISK capacity : 9223372036854775807
2023-06-25 20:37:13,438 [main] INFO  volume.MutableVolumeSet (MutableVolumeSet.java:initializeVolumeSet(175)) - Added Volume : /home/runner/work/ozone/ozone/hadoop-ozone/integration-test/target/test-dir/MiniOzoneClusterImpl-3473cb2a-b740-44b6-9b0f-d3bba0659fcf/datanode-1/data-0/containers/hdds to VolumeSet
2023-06-25 20:37:13,438 [main] INFO  volume.ThrottledAsyncChecker (ThrottledAsyncChecker.java:schedule(141)) - Scheduling a check for /home/runner/work/ozone/ozone/hadoop-ozone/integration-test/target/test-dir/MiniOzoneClusterImpl-3473cb2a-b740-44b6-9b0f-d3bba0659fcf/datanode-1/data-0/containers/hdds
2023-06-25 20:37:13,446 [main] INFO  volume.StorageVolumeChecker (StorageVolumeChecker.java:checkAllVolumes(202)) - Scheduled health check for volume /home/runner/work/ozone/ozone/hadoop-ozone/integration-test/target/test-dir/MiniOzoneClusterImpl-3473cb2a-b740-44b6-9b0f-d3bba0659fcf/datanode-1/data-0/containers/hdds
2023-06-25 20:37:13,477 [main] INFO  volume.MutableVolumeSet (MutableVolumeSet.java:initializeVolumeSet(175)) - Added Volume : /home/runner/work/ozone/ozone/hadoop-ozone/integration-test/target/test-dir/MiniOzoneClusterImpl-3473cb2a-b740-44b6-9b0f-d3bba0659fcf/datanode-1/data/ratis to VolumeSet
2023-06-25 20:37:13,477 [main] INFO  volume.ThrottledAsyncChecker (ThrottledAsyncChecker.java:schedule(141)) - Scheduling a check for /home/runner/work/ozone/ozone/hadoop-ozone/integration-test/target/test-dir/MiniOzoneClusterImpl-3473cb2a-b740-44b6-9b0f-d3bba0659fcf/datanode-1/data/ratis
2023-06-25 20:37:13,477 [main] INFO  volume.StorageVolumeChecker (StorageVolumeChecker.java:checkAllVolumes(202)) - Scheduled health check for volume /home/runner/work/ozone/ozone/hadoop-ozone/integration-test/target/test-dir/MiniOzoneClusterImpl-3473cb2a-b740-44b6-9b0f-d3bba0659fcf/datanode-1/data/ratis
2023-06-25 20:37:13,512 [Thread-159] INFO  ozoneimpl.ContainerReader (ContainerReader.java:readVolume(175)) - Finish verifying containers on volume /home/runner/work/ozone/ozone/hadoop-ozone/integration-test/target/test-dir/MiniOzoneClusterImpl-3473cb2a-b740-44b6-9b0f-d3bba0659fcf/datanode-1/data-0/containers/hdds
2023-06-25 20:37:13,512 [main] INFO  ozoneimpl.OzoneContainer (OzoneContainer.java:buildContainerSet(316)) - Build ContainerSet costs 0s
2023-06-25 20:37:13,516 [main] INFO  server.RaftServer (ConfUtils.java:logGet(46)) - raft.rpc.type = GRPC (default)
2023-06-25 20:37:13,517 [main] INFO  grpc.GrpcConfigKeys (ConfUtils.java:logFallback(53)) - raft.grpc.admin.host = null (fallback to raft.grpc.server.host)
2023-06-25 20:37:13,517 [main] INFO  grpc.GrpcConfigKeys (ConfUtils.java:logGet(46)) - raft.grpc.admin.port = 15022 (custom)
2023-06-25 20:37:13,518 [main] INFO  grpc.GrpcConfigKeys (ConfUtils.java:logFallback(53)) - raft.grpc.client.host = null (fallback to raft.grpc.server.host)
2023-06-25 20:37:13,518 [main] INFO  grpc.GrpcConfigKeys (ConfUtils.java:logGet(46)) - raft.grpc.client.port = 15021 (custom)
2023-06-25 20:37:13,519 [main] INFO  grpc.GrpcConfigKeys (ConfUtils.java:logGet(46)) - raft.grpc.server.host = null (default)
2023-06-25 20:37:13,519 [main] INFO  grpc.GrpcConfigKeys (ConfUtils.java:logGet(46)) - raft.grpc.server.port = 15023 (custom)
2023-06-25 20:37:13,520 [main] INFO  server.GrpcService (ConfUtils.java:logGet(46)) - raft.grpc.message.size.max = 32MB (=33554432) (custom)
2023-06-25 20:37:13,520 [main] INFO  server.RaftServerConfigKeys (ConfUtils.java:logGet(46)) - raft.server.log.appender.buffer.byte-limit = 33554432 (custom)
2023-06-25 20:37:13,521 [main] INFO  server.GrpcService (ConfUtils.java:logGet(46)) - raft.grpc.flow.control.window = 5MB (=5242880) (custom)
2023-06-25 20:37:13,522 [main] INFO  server.RaftServerConfigKeys (ConfUtils.java:logGet(46)) - raft.server.rpc.request.timeout = 60s (custom)
2023-06-25 20:37:13,522 [main] INFO  grpc.GrpcConfigKeys (ConfUtils.java:logGet(46)) - raft.grpc.server.heartbeat.channel = true (default)
2023-06-25 20:37:13,522 [main] INFO  grpc.GrpcConfigKeys (ConfUtils.java:logGet(46)) - raft.grpc.server.async.request.thread.pool.cached = true (default)
2023-06-25 20:37:13,523 [main] INFO  grpc.GrpcConfigKeys (ConfUtils.java:logGet(46)) - raft.grpc.server.async.request.thread.pool.size = 32 (default)
2023-06-25 20:37:13,536 [main] INFO  impl.DataStreamServerImpl (ConfUtils.java:logGet(46)) - raft.datastream.type = NETTY (custom)
2023-06-25 20:37:13,536 [main] INFO  server.RaftServerConfigKeys (ConfUtils.java:logGet(46)) - raft.server.data-stream.async.request.thread.pool.cached = false (default)
2023-06-25 20:37:13,536 [main] INFO  server.RaftServerConfigKeys (ConfUtils.java:logGet(46)) - raft.server.data-stream.async.request.thread.pool.size = 20 (custom)
2023-06-25 20:37:13,537 [main] INFO  server.RaftServerConfigKeys (ConfUtils.java:logGet(46)) - raft.server.data-stream.async.write.thread.pool.size = 16 (default)
2023-06-25 20:37:13,537 [main] INFO  server.RaftServerConfigKeys (ConfUtils.java:logGet(46)) - raft.server.data-stream.client.pool.size = 10 (default)
2023-06-25 20:37:13,537 [main] INFO  netty.NettyConfigKeys$DataStream (ConfUtils.java:logGet(46)) - raft.netty.dataStream.server.use-epoll = false (default)
2023-06-25 20:37:13,543 [main] INFO  netty.NettyConfigKeys$DataStream (ConfUtils.java:logGet(46)) - raft.netty.dataStream.server.boss-group.size = 0 (default)
2023-06-25 20:37:13,543 [main] INFO  netty.NettyConfigKeys$DataStream (ConfUtils.java:logGet(46)) - raft.netty.dataStream.server.worker-group.size = 0 (default)
2023-06-25 20:37:13,545 [main] INFO  netty.NettyConfigKeys$DataStream (ConfUtils.java:logGet(46)) - raft.netty.dataStream.server.tls.conf = null (default)
2023-06-25 20:37:13,545 [main] INFO  netty.NettyConfigKeys$DataStream (ConfUtils.java:logGet(46)) - raft.netty.dataStream.host = null (default)
2023-06-25 20:37:13,546 [main] INFO  netty.NettyConfigKeys$DataStream (ConfUtils.java:logGet(46)) - raft.netty.dataStream.port = 15024 (custom)
2023-06-25 20:37:13,562 [main] INFO  server.RaftServerConfigKeys (ConfUtils.java:logGet(46)) - raft.server.threadpool.proxy.cached = true (default)
2023-06-25 20:37:13,562 [main] INFO  server.RaftServerConfigKeys (ConfUtils.java:logGet(46)) - raft.server.threadpool.proxy.size = 0 (default)
2023-06-25 20:37:13,562 [main] INFO  server.RaftServerConfigKeys (ConfUtils.java:logGet(46)) - raft.server.rpc.slowness.timeout = 300s (custom)
2023-06-25 20:37:13,562 [main] INFO  server.RaftServerConfigKeys (ConfUtils.java:logGet(46)) - raft.server.leaderelection.leader.step-down.wait-time = 10s (default)
2023-06-25 20:37:13,563 [main] INFO  server.RaftServerConfigKeys (ConfUtils.java:logGet(46)) - raft.server.storage.dir = [/home/runner/work/ozone/ozone/hadoop-ozone/integration-test/target/test-dir/MiniOzoneClusterImpl-3473cb2a-b740-44b6-9b0f-d3bba0659fcf/datanode-1/data/ratis] (custom)
2023-06-25 20:37:13,587 [main] INFO  server.XceiverServerGrpc (XceiverServerGrpc.java:<init>(132)) - GrpcServer channel type EpollServerSocketChannel
2023-06-25 20:37:13,590 [main] INFO  replication.ReplicationSupervisor (ReplicationSupervisor.java:nodeStateUpdated(305)) - Node state updated to IN_SERVICE, scaling executor pool size to 10
2023-06-25 20:37:13,596 [main] INFO  http.BaseHttpServer (BaseHttpServer.java:newHttpServer2BuilderForOzone(224)) - Starting Web-server for hddsDatanode at: http://0.0.0.0:15018
2023-06-25 20:37:13,596 [main] INFO  http.BaseHttpServer (BaseHttpServer.java:<init>(111)) - Hadoop Security Enabled: false Ozone Security Enabled: false Ozone HTTP Security Enabled: false 
2023-06-25 20:37:13,600 [63f38968-75c0-4f5a-b557-2283dcafd01e-NettyServerStreamRpc-bossGroup--thread1] INFO  logging.LoggingHandler (AbstractInternalLogger.java:log(148)) - [id: 0x6b3d66b0] REGISTERED
2023-06-25 20:37:13,600 [63f38968-75c0-4f5a-b557-2283dcafd01e-NettyServerStreamRpc-bossGroup--thread1] INFO  logging.LoggingHandler (AbstractInternalLogger.java:log(148)) - [id: 0x6b3d66b0] BIND: 0.0.0.0/0.0.0.0:15024
2023-06-25 20:37:13,601 [63f38968-75c0-4f5a-b557-2283dcafd01e-NettyServerStreamRpc-bossGroup--thread1] INFO  logging.LoggingHandler (AbstractInternalLogger.java:log(148)) - [id: 0x6b3d66b0, L:/0:0:0:0:0:0:0:0:15024] ACTIVE
2023-06-25 20:37:13,606 [main] WARN  server.AuthenticationFilter (AuthenticationFilter.java:constructSecretProvider(240)) - Unable to initialize FileSignerSecretProvider, falling back to use random secrets. Reason: Could not read signature secret file: /home/runner/hadoop-http-auth-signature-secret
2023-06-25 20:37:13,606 [main] INFO  http.HttpRequestLog (HttpRequestLog.java:getRequestLog(86)) - Http request log for http.requests.hddsDatanode is not defined
2023-06-25 20:37:13,608 [main] INFO  http.HttpServer2 (HttpServer2.java:addGlobalFilter(1031)) - Added global filter 'safety' (class=org.apache.hadoop.hdds.server.http.HttpServer2$QuotingInputFilter)
2023-06-25 20:37:13,610 [main] INFO  http.HttpServer2 (HttpServer2.java:addFilter(1007)) - Added filter static_user_filter (class=org.apache.hadoop.http.lib.StaticUserWebFilter$StaticUserFilter) to context hddsDatanode
2023-06-25 20:37:13,610 [main] INFO  http.HttpServer2 (HttpServer2.java:addFilter(1015)) - Added filter static_user_filter (class=org.apache.hadoop.http.lib.StaticUserWebFilter$StaticUserFilter) to context logs
2023-06-25 20:37:13,610 [main] INFO  http.HttpServer2 (HttpServer2.java:addFilter(1015)) - Added filter static_user_filter (class=org.apache.hadoop.http.lib.StaticUserWebFilter$StaticUserFilter) to context static
2023-06-25 20:37:13,611 [main] INFO  http.BaseHttpServer (BaseHttpServer.java:<init>(190)) - HTTP server of hddsDatanode uses base directory /home/runner/work/ozone/ozone/hadoop-ozone/integration-test/target/test-dir/MiniOzoneClusterImpl-3473cb2a-b740-44b6-9b0f-d3bba0659fcf/datanode-1/meta/webserver
2023-06-25 20:37:13,612 [main] INFO  http.HttpServer2 (HttpServer2.java:bindListener(1250)) - Jetty bound to port 15018
2023-06-25 20:37:13,612 [main] INFO  server.Server (Server.java:doStart(375)) - jetty-9.4.51.v20230217; built: 2023-02-17T08:19:37.309Z; git: b45c405e4544384de066f814ed42ae3dceacdd49; jvm 1.8.0_372-b07
2023-06-25 20:37:13,619 [main] INFO  server.session (DefaultSessionIdManager.java:doStart(334)) - DefaultSessionIdManager workerName=node0
2023-06-25 20:37:13,619 [main] INFO  server.session (DefaultSessionIdManager.java:doStart(339)) - No SessionScavenger set, using defaults
2023-06-25 20:37:13,620 [main] INFO  server.session (HouseKeeper.java:startScavenging(132)) - node0 Scavenging every 660000ms
2023-06-25 20:37:13,621 [main] INFO  handler.ContextHandler (ContextHandler.java:doStart(921)) - Started o.e.j.s.ServletContextHandler@66dc812b{logs,/logs,file:///home/runner/work/ozone/ozone/hadoop-ozone/integration-test/target/log,AVAILABLE}
2023-06-25 20:37:13,621 [main] INFO  handler.ContextHandler (ContextHandler.java:doStart(921)) - Started o.e.j.s.ServletContextHandler@2d17c0ab{static,/static,jar:file:/home/runner/.m2/repository/org/apache/ozone/hdds-container-service/1.4.0-SNAPSHOT/hdds-container-service-1.4.0-SNAPSHOT.jar!/webapps/static,AVAILABLE}
2023-06-25 20:37:13,641 [Datanode State Machine Task Thread - 0] INFO  datanode.InitDatanodeState (InitDatanodeState.java:persistContainerDatanodeDetails(138)) - DatanodeDetails is persisted to /home/runner/work/ozone/ozone/hadoop-ozone/integration-test/target/test-dir/MiniOzoneClusterImpl-3473cb2a-b740-44b6-9b0f-d3bba0659fcf/datanode-0/meta/datanode.id
2023-06-25 20:37:13,858 [main] INFO  handler.ContextHandler (ContextHandler.java:doStart(921)) - Started o.e.j.w.WebAppContext@4a5b9e6b{hddsDatanode,/,file:///home/runner/work/ozone/ozone/hadoop-ozone/integration-test/target/test-dir/MiniOzoneClusterImpl-3473cb2a-b740-44b6-9b0f-d3bba0659fcf/datanode-1/meta/webserver/jetty-0_0_0_0-15018-hdds-container-service-1_4_0-SNAPSHOT_jar-_-any-2346823015705647742/webapp/,AVAILABLE}{jar:file:/home/runner/.m2/repository/org/apache/ozone/hdds-container-service/1.4.0-SNAPSHOT/hdds-container-service-1.4.0-SNAPSHOT.jar!/webapps/hddsDatanode}
2023-06-25 20:37:13,859 [main] INFO  server.AbstractConnector (AbstractConnector.java:doStart(333)) - Started ServerConnector@1084b6f7{HTTP/1.1, (http/1.1)}{0.0.0.0:15018}
2023-06-25 20:37:13,860 [main] INFO  server.Server (Server.java:doStart(415)) - Started @11343ms
2023-06-25 20:37:13,860 [main] WARN  impl.MetricsSystemImpl (MetricsSystemImpl.java:register(279)) - Sink prometheus already exists!
2023-06-25 20:37:13,861 [main] INFO  http.BaseHttpServer (BaseHttpServer.java:updateConnectorAddress(344)) - HTTP server of hddsDatanode listening at http://0.0.0.0:15018
2023-06-25 20:37:13,861 [main] INFO  ipc.CallQueueManager (CallQueueManager.java:<init>(90)) - Using callQueue: class java.util.concurrent.LinkedBlockingQueue, queueCapacity: 100, scheduler: class org.apache.hadoop.ipc.DefaultRpcScheduler, ipcBackoff: false.
2023-06-25 20:37:13,862 [Socket Reader #1 for port 15019] INFO  ipc.Server (Server.java:run(1319)) - Starting Socket Reader #1 for port 15019
2023-06-25 20:37:13,868 [Listener at 0.0.0.0/15019] INFO  hdds.HddsUtils (HddsUtils.java:preserveThreadName(848)) - Restoring thread name: main
2023-06-25 20:37:13,869 [main] INFO  ozone.HddsDatanodeService (HddsDatanodeService.java:start(335)) - Datanode start with admins: [runner]
2023-06-25 20:37:13,869 [main] INFO  ozone.HddsDatanodeClientProtocolServer (HddsDatanodeClientProtocolServer.java:start(72)) - RPC server for Client /0.0.0.0:15019
2023-06-25 20:37:13,872 [IPC Server Responder] INFO  ipc.Server (Server.java:run(1558)) - IPC Server Responder: starting
2023-06-25 20:37:13,886 [main] WARN  impl.MetricRegistriesImpl (MetricRegistriesImpl.java:addReporterRegistration(111)) - New reporters are added after registries were created. Some metrics will be missing from the reporter. Please add reporter before adding any new registry.
2023-06-25 20:37:13,886 [main] WARN  impl.MetricRegistriesImpl (MetricRegistriesImpl.java:addReporterRegistration(111)) - New reporters are added after registries were created. Some metrics will be missing from the reporter. Please add reporter before adding any new registry.
2023-06-25 20:37:13,886 [main] INFO  impl.MetricsSystemImpl (MetricsSystemImpl.java:init(158)) - HddsDatanode metrics system started (again)
2023-06-25 20:37:13,889 [IPC Server listener on 15019] INFO  ipc.Server (Server.java:run(1398)) - IPC Server listener on 15019: starting
2023-06-25 20:37:13,899 [Datanode State Machine Daemon Thread] INFO  statemachine.DatanodeStateMachine (DatanodeStateMachine.java:lambda$startDaemon$0(531)) - Ozone container server started.
2023-06-25 20:37:13,926 [main] INFO  ozone.HddsDatanodeService (HddsDatanodeService.java:start(257)) - HddsDatanodeService host:fv-az808-130.wa3tte2ragoufbcbawjciesdkc.bx.internal.cloudapp.net ip:10.1.0.20
2023-06-25 20:37:13,932 [Datanode State Machine Task Thread - 0] INFO  datanode.InitDatanodeState (InitDatanodeState.java:persistContainerDatanodeDetails(138)) - DatanodeDetails is persisted to /home/runner/work/ozone/ozone/hadoop-ozone/integration-test/target/test-dir/MiniOzoneClusterImpl-3473cb2a-b740-44b6-9b0f-d3bba0659fcf/datanode-1/meta/datanode.id
2023-06-25 20:37:13,957 [main] INFO  upgrade.AbstractLayoutVersionManager (AbstractLayoutVersionManager.java:init(83)) - Initializing Layout version manager with metadata layout = HADOOP_PRC_PORTS_IN_DATANODEDETAILS (version = 7), software layout = HADOOP_PRC_PORTS_IN_DATANODEDETAILS (version = 7)
2023-06-25 20:37:13,958 [main] INFO  statemachine.DatanodeStateMachine (DatanodeStateMachine.java:getEndPointTaskThreadPoolSize(279)) - Datanode State Machine Task Thread Pool size 2
2023-06-25 20:37:13,961 [main] INFO  volume.HddsVolume (HddsVolume.java:<init>(130)) - Creating HddsVolume: /home/runner/work/ozone/ozone/hadoop-ozone/integration-test/target/test-dir/MiniOzoneClusterImpl-3473cb2a-b740-44b6-9b0f-d3bba0659fcf/datanode-2/data-0/containers/hdds of storage type : DISK capacity : 9223372036854775807
2023-06-25 20:37:13,961 [main] INFO  volume.MutableVolumeSet (MutableVolumeSet.java:initializeVolumeSet(175)) - Added Volume : /home/runner/work/ozone/ozone/hadoop-ozone/integration-test/target/test-dir/MiniOzoneClusterImpl-3473cb2a-b740-44b6-9b0f-d3bba0659fcf/datanode-2/data-0/containers/hdds to VolumeSet
2023-06-25 20:37:13,961 [main] INFO  volume.ThrottledAsyncChecker (ThrottledAsyncChecker.java:schedule(141)) - Scheduling a check for /home/runner/work/ozone/ozone/hadoop-ozone/integration-test/target/test-dir/MiniOzoneClusterImpl-3473cb2a-b740-44b6-9b0f-d3bba0659fcf/datanode-2/data-0/containers/hdds
2023-06-25 20:37:13,967 [main] INFO  volume.StorageVolumeChecker (StorageVolumeChecker.java:checkAllVolumes(202)) - Scheduled health check for volume /home/runner/work/ozone/ozone/hadoop-ozone/integration-test/target/test-dir/MiniOzoneClusterImpl-3473cb2a-b740-44b6-9b0f-d3bba0659fcf/datanode-2/data-0/containers/hdds
2023-06-25 20:37:13,980 [main] INFO  volume.MutableVolumeSet (MutableVolumeSet.java:initializeVolumeSet(175)) - Added Volume : /home/runner/work/ozone/ozone/hadoop-ozone/integration-test/target/test-dir/MiniOzoneClusterImpl-3473cb2a-b740-44b6-9b0f-d3bba0659fcf/datanode-2/data/ratis to VolumeSet
2023-06-25 20:37:13,980 [main] INFO  volume.ThrottledAsyncChecker (ThrottledAsyncChecker.java:schedule(141)) - Scheduling a check for /home/runner/work/ozone/ozone/hadoop-ozone/integration-test/target/test-dir/MiniOzoneClusterImpl-3473cb2a-b740-44b6-9b0f-d3bba0659fcf/datanode-2/data/ratis
2023-06-25 20:37:13,981 [main] INFO  volume.StorageVolumeChecker (StorageVolumeChecker.java:checkAllVolumes(202)) - Scheduled health check for volume /home/runner/work/ozone/ozone/hadoop-ozone/integration-test/target/test-dir/MiniOzoneClusterImpl-3473cb2a-b740-44b6-9b0f-d3bba0659fcf/datanode-2/data/ratis
2023-06-25 20:37:13,992 [Thread-176] INFO  ozoneimpl.ContainerReader (ContainerReader.java:readVolume(175)) - Finish verifying containers on volume /home/runner/work/ozone/ozone/hadoop-ozone/integration-test/target/test-dir/MiniOzoneClusterImpl-3473cb2a-b740-44b6-9b0f-d3bba0659fcf/datanode-2/data-0/containers/hdds
2023-06-25 20:37:13,993 [main] INFO  ozoneimpl.OzoneContainer (OzoneContainer.java:buildContainerSet(316)) - Build ContainerSet costs 0s
2023-06-25 20:37:13,996 [main] INFO  server.RaftServer (ConfUtils.java:logGet(46)) - raft.rpc.type = GRPC (default)
2023-06-25 20:37:13,996 [main] INFO  grpc.GrpcConfigKeys (ConfUtils.java:logFallback(53)) - raft.grpc.admin.host = null (fallback to raft.grpc.server.host)
2023-06-25 20:37:13,996 [main] INFO  grpc.GrpcConfigKeys (ConfUtils.java:logGet(46)) - raft.grpc.admin.port = 15031 (custom)
2023-06-25 20:37:13,997 [main] INFO  grpc.GrpcConfigKeys (ConfUtils.java:logFallback(53)) - raft.grpc.client.host = null (fallback to raft.grpc.server.host)
2023-06-25 20:37:13,997 [main] INFO  grpc.GrpcConfigKeys (ConfUtils.java:logGet(46)) - raft.grpc.client.port = 15030 (custom)
2023-06-25 20:37:13,997 [main] INFO  grpc.GrpcConfigKeys (ConfUtils.java:logGet(46)) - raft.grpc.server.host = null (default)
2023-06-25 20:37:13,997 [main] INFO  grpc.GrpcConfigKeys (ConfUtils.java:logGet(46)) - raft.grpc.server.port = 15032 (custom)
2023-06-25 20:37:13,998 [main] INFO  server.GrpcService (ConfUtils.java:logGet(46)) - raft.grpc.message.size.max = 32MB (=33554432) (custom)
2023-06-25 20:37:13,998 [main] INFO  server.RaftServerConfigKeys (ConfUtils.java:logGet(46)) - raft.server.log.appender.buffer.byte-limit = 33554432 (custom)
2023-06-25 20:37:13,998 [main] INFO  server.GrpcService (ConfUtils.java:logGet(46)) - raft.grpc.flow.control.window = 5MB (=5242880) (custom)
2023-06-25 20:37:13,998 [main] INFO  server.RaftServerConfigKeys (ConfUtils.java:logGet(46)) - raft.server.rpc.request.timeout = 60s (custom)
2023-06-25 20:37:13,999 [main] INFO  grpc.GrpcConfigKeys (ConfUtils.java:logGet(46)) - raft.grpc.server.heartbeat.channel = true (default)
2023-06-25 20:37:13,999 [main] INFO  grpc.GrpcConfigKeys (ConfUtils.java:logGet(46)) - raft.grpc.server.async.request.thread.pool.cached = true (default)
2023-06-25 20:37:13,999 [main] INFO  grpc.GrpcConfigKeys (ConfUtils.java:logGet(46)) - raft.grpc.server.async.request.thread.pool.size = 32 (default)
2023-06-25 20:37:14,002 [main] INFO  impl.DataStreamServerImpl (ConfUtils.java:logGet(46)) - raft.datastream.type = NETTY (custom)
2023-06-25 20:37:14,002 [main] INFO  server.RaftServerConfigKeys (ConfUtils.java:logGet(46)) - raft.server.data-stream.async.request.thread.pool.cached = false (default)
2023-06-25 20:37:14,003 [main] INFO  server.RaftServerConfigKeys (ConfUtils.java:logGet(46)) - raft.server.data-stream.async.request.thread.pool.size = 20 (custom)
2023-06-25 20:37:14,003 [main] INFO  server.RaftServerConfigKeys (ConfUtils.java:logGet(46)) - raft.server.data-stream.async.write.thread.pool.size = 16 (default)
2023-06-25 20:37:14,003 [main] INFO  server.RaftServerConfigKeys (ConfUtils.java:logGet(46)) - raft.server.data-stream.client.pool.size = 10 (default)
2023-06-25 20:37:14,003 [main] INFO  netty.NettyConfigKeys$DataStream (ConfUtils.java:logGet(46)) - raft.netty.dataStream.server.use-epoll = false (default)
2023-06-25 20:37:14,003 [main] INFO  netty.NettyConfigKeys$DataStream (ConfUtils.java:logGet(46)) - raft.netty.dataStream.server.boss-group.size = 0 (default)
2023-06-25 20:37:14,004 [main] INFO  netty.NettyConfigKeys$DataStream (ConfUtils.java:logGet(46)) - raft.netty.dataStream.server.worker-group.size = 0 (default)
2023-06-25 20:37:14,004 [main] INFO  netty.NettyConfigKeys$DataStream (ConfUtils.java:logGet(46)) - raft.netty.dataStream.server.tls.conf = null (default)
2023-06-25 20:37:14,004 [main] INFO  netty.NettyConfigKeys$DataStream (ConfUtils.java:logGet(46)) - raft.netty.dataStream.host = null (default)
2023-06-25 20:37:14,005 [main] INFO  netty.NettyConfigKeys$DataStream (ConfUtils.java:logGet(46)) - raft.netty.dataStream.port = 15033 (custom)
2023-06-25 20:37:14,005 [main] INFO  server.RaftServerConfigKeys (ConfUtils.java:logGet(46)) - raft.server.threadpool.proxy.cached = true (default)
2023-06-25 20:37:14,005 [main] INFO  server.RaftServerConfigKeys (ConfUtils.java:logGet(46)) - raft.server.threadpool.proxy.size = 0 (default)
2023-06-25 20:37:14,006 [main] INFO  server.RaftServerConfigKeys (ConfUtils.java:logGet(46)) - raft.server.rpc.slowness.timeout = 300s (custom)
2023-06-25 20:37:14,006 [main] INFO  server.RaftServerConfigKeys (ConfUtils.java:logGet(46)) - raft.server.leaderelection.leader.step-down.wait-time = 10s (default)
2023-06-25 20:37:14,006 [main] INFO  server.RaftServerConfigKeys (ConfUtils.java:logGet(46)) - raft.server.storage.dir = [/home/runner/work/ozone/ozone/hadoop-ozone/integration-test/target/test-dir/MiniOzoneClusterImpl-3473cb2a-b740-44b6-9b0f-d3bba0659fcf/datanode-2/data/ratis] (custom)
2023-06-25 20:37:14,008 [3181cc3d-c03d-45be-ac89-a7dc70899832-NettyServerStreamRpc-bossGroup--thread1] INFO  logging.LoggingHandler (AbstractInternalLogger.java:log(148)) - [id: 0xe66f466b] REGISTERED
2023-06-25 20:37:14,010 [main] INFO  server.XceiverServerGrpc (XceiverServerGrpc.java:<init>(132)) - GrpcServer channel type EpollServerSocketChannel
2023-06-25 20:37:14,013 [main] INFO  replication.ReplicationSupervisor (ReplicationSupervisor.java:nodeStateUpdated(305)) - Node state updated to IN_SERVICE, scaling executor pool size to 10
2023-06-25 20:37:14,013 [3181cc3d-c03d-45be-ac89-a7dc70899832-NettyServerStreamRpc-bossGroup--thread1] INFO  logging.LoggingHandler (AbstractInternalLogger.java:log(148)) - [id: 0xe66f466b] BIND: 0.0.0.0/0.0.0.0:15033
2023-06-25 20:37:14,014 [3181cc3d-c03d-45be-ac89-a7dc70899832-NettyServerStreamRpc-bossGroup--thread1] INFO  logging.LoggingHandler (AbstractInternalLogger.java:log(148)) - [id: 0xe66f466b, L:/0:0:0:0:0:0:0:0:15033] ACTIVE
2023-06-25 20:37:14,016 [main] INFO  http.BaseHttpServer (BaseHttpServer.java:newHttpServer2BuilderForOzone(224)) - Starting Web-server for hddsDatanode at: http://0.0.0.0:15027
2023-06-25 20:37:14,016 [main] INFO  http.BaseHttpServer (BaseHttpServer.java:<init>(111)) - Hadoop Security Enabled: false Ozone Security Enabled: false Ozone HTTP Security Enabled: false 
2023-06-25 20:37:14,018 [main] WARN  server.AuthenticationFilter (AuthenticationFilter.java:constructSecretProvider(240)) - Unable to initialize FileSignerSecretProvider, falling back to use random secrets. Reason: Could not read signature secret file: /home/runner/hadoop-http-auth-signature-secret
2023-06-25 20:37:14,018 [main] INFO  http.HttpRequestLog (HttpRequestLog.java:getRequestLog(86)) - Http request log for http.requests.hddsDatanode is not defined
2023-06-25 20:37:14,020 [main] INFO  http.HttpServer2 (HttpServer2.java:addGlobalFilter(1031)) - Added global filter 'safety' (class=org.apache.hadoop.hdds.server.http.HttpServer2$QuotingInputFilter)
2023-06-25 20:37:14,021 [main] INFO  http.HttpServer2 (HttpServer2.java:addFilter(1007)) - Added filter static_user_filter (class=org.apache.hadoop.http.lib.StaticUserWebFilter$StaticUserFilter) to context hddsDatanode
2023-06-25 20:37:14,021 [main] INFO  http.HttpServer2 (HttpServer2.java:addFilter(1015)) - Added filter static_user_filter (class=org.apache.hadoop.http.lib.StaticUserWebFilter$StaticUserFilter) to context logs
2023-06-25 20:37:14,021 [main] INFO  http.HttpServer2 (HttpServer2.java:addFilter(1015)) - Added filter static_user_filter (class=org.apache.hadoop.http.lib.StaticUserWebFilter$StaticUserFilter) to context static
2023-06-25 20:37:14,022 [main] INFO  http.BaseHttpServer (BaseHttpServer.java:<init>(190)) - HTTP server of hddsDatanode uses base directory /home/runner/work/ozone/ozone/hadoop-ozone/integration-test/target/test-dir/MiniOzoneClusterImpl-3473cb2a-b740-44b6-9b0f-d3bba0659fcf/datanode-2/meta/webserver
2023-06-25 20:37:14,022 [main] INFO  http.HttpServer2 (HttpServer2.java:bindListener(1250)) - Jetty bound to port 15027
2023-06-25 20:37:14,022 [main] INFO  server.Server (Server.java:doStart(375)) - jetty-9.4.51.v20230217; built: 2023-02-17T08:19:37.309Z; git: b45c405e4544384de066f814ed42ae3dceacdd49; jvm 1.8.0_372-b07
2023-06-25 20:37:14,026 [main] INFO  server.session (DefaultSessionIdManager.java:doStart(334)) - DefaultSessionIdManager workerName=node0
2023-06-25 20:37:14,026 [main] INFO  server.session (DefaultSessionIdManager.java:doStart(339)) - No SessionScavenger set, using defaults
2023-06-25 20:37:14,026 [main] INFO  server.session (HouseKeeper.java:startScavenging(132)) - node0 Scavenging every 660000ms
2023-06-25 20:37:14,027 [main] INFO  handler.ContextHandler (ContextHandler.java:doStart(921)) - Started o.e.j.s.ServletContextHandler@735c147f{logs,/logs,file:///home/runner/work/ozone/ozone/hadoop-ozone/integration-test/target/log,AVAILABLE}
2023-06-25 20:37:14,028 [main] INFO  handler.ContextHandler (ContextHandler.java:doStart(921)) - Started o.e.j.s.ServletContextHandler@1923037{static,/static,jar:file:/home/runner/.m2/repository/org/apache/ozone/hdds-container-service/1.4.0-SNAPSHOT/hdds-container-service-1.4.0-SNAPSHOT.jar!/webapps/static,AVAILABLE}
2023-06-25 20:37:14,256 [main] INFO  handler.ContextHandler (ContextHandler.java:doStart(921)) - Started o.e.j.w.WebAppContext@4d612a93{hddsDatanode,/,file:///home/runner/work/ozone/ozone/hadoop-ozone/integration-test/target/test-dir/MiniOzoneClusterImpl-3473cb2a-b740-44b6-9b0f-d3bba0659fcf/datanode-2/meta/webserver/jetty-0_0_0_0-15027-hdds-container-service-1_4_0-SNAPSHOT_jar-_-any-1384177614089573630/webapp/,AVAILABLE}{jar:file:/home/runner/.m2/repository/org/apache/ozone/hdds-container-service/1.4.0-SNAPSHOT/hdds-container-service-1.4.0-SNAPSHOT.jar!/webapps/hddsDatanode}
2023-06-25 20:37:14,258 [main] INFO  server.AbstractConnector (AbstractConnector.java:doStart(333)) - Started ServerConnector@5d63ce{HTTP/1.1, (http/1.1)}{0.0.0.0:15027}
2023-06-25 20:37:14,258 [main] INFO  server.Server (Server.java:doStart(415)) - Started @11742ms
2023-06-25 20:37:14,259 [main] WARN  impl.MetricsSystemImpl (MetricsSystemImpl.java:register(279)) - Sink prometheus already exists!
2023-06-25 20:37:14,260 [main] INFO  http.BaseHttpServer (BaseHttpServer.java:updateConnectorAddress(344)) - HTTP server of hddsDatanode listening at http://0.0.0.0:15027
2023-06-25 20:37:14,260 [main] INFO  ipc.CallQueueManager (CallQueueManager.java:<init>(90)) - Using callQueue: class java.util.concurrent.LinkedBlockingQueue, queueCapacity: 100, scheduler: class org.apache.hadoop.ipc.DefaultRpcScheduler, ipcBackoff: false.
2023-06-25 20:37:14,262 [Socket Reader #1 for port 15028] INFO  ipc.Server (Server.java:run(1319)) - Starting Socket Reader #1 for port 15028
2023-06-25 20:37:14,268 [Listener at 0.0.0.0/15028] INFO  hdds.HddsUtils (HddsUtils.java:preserveThreadName(848)) - Restoring thread name: main
2023-06-25 20:37:14,269 [main] INFO  ozone.HddsDatanodeService (HddsDatanodeService.java:start(335)) - Datanode start with admins: [runner]
2023-06-25 20:37:14,269 [main] INFO  ozone.HddsDatanodeClientProtocolServer (HddsDatanodeClientProtocolServer.java:start(72)) - RPC server for Client /0.0.0.0:15028
2023-06-25 20:37:14,269 [IPC Server Responder] INFO  ipc.Server (Server.java:run(1558)) - IPC Server Responder: starting
2023-06-25 20:37:14,270 [IPC Server listener on 15028] INFO  ipc.Server (Server.java:run(1398)) - IPC Server listener on 15028: starting
2023-06-25 20:37:14,272 [main] INFO  ozone.MiniOzoneClusterImpl (MiniOzoneClusterImpl.java:lambda$waitForClusterToBeReady$0(224)) - Waiting for nodes to be ready. Got 0 of 3 DN Heartbeats.
2023-06-25 20:37:14,270 [Datanode State Machine Daemon Thread] INFO  statemachine.DatanodeStateMachine (DatanodeStateMachine.java:lambda$startDaemon$0(531)) - Ozone container server started.
2023-06-25 20:37:14,275 [main] INFO  ozone.MiniOzoneClusterImpl (MiniOzoneClusterImpl.java:lambda$waitForClusterToBeReady$0(227)) - Waiting for cluster to exit safe mode
2023-06-25 20:37:14,276 [main] INFO  ozone.MiniOzoneClusterImpl (MiniOzoneClusterImpl.java:lambda$waitForClusterToBeReady$0(229)) - SCM became leader
2023-06-25 20:37:14,288 [Datanode State Machine Task Thread - 0] INFO  datanode.InitDatanodeState (InitDatanodeState.java:persistContainerDatanodeDetails(138)) - DatanodeDetails is persisted to /home/runner/work/ozone/ozone/hadoop-ozone/integration-test/target/test-dir/MiniOzoneClusterImpl-3473cb2a-b740-44b6-9b0f-d3bba0659fcf/datanode-2/meta/datanode.id
2023-06-25 20:37:15,277 [main] INFO  ozone.MiniOzoneClusterImpl (MiniOzoneClusterImpl.java:lambda$waitForClusterToBeReady$0(224)) - Waiting for nodes to be ready. Got 0 of 3 DN Heartbeats.
2023-06-25 20:37:15,277 [main] INFO  ozone.MiniOzoneClusterImpl (MiniOzoneClusterImpl.java:lambda$waitForClusterToBeReady$0(227)) - Waiting for cluster to exit safe mode
2023-06-25 20:37:15,278 [main] INFO  ozone.MiniOzoneClusterImpl (MiniOzoneClusterImpl.java:lambda$waitForClusterToBeReady$0(229)) - SCM became leader
2023-06-25 20:37:15,518 [EndpointStateMachine task thread for /0.0.0.0:15002 - 0 ] INFO  utils.DatanodeStoreCache (DatanodeStoreCache.java:addDB(66)) - Added db /home/runner/work/ozone/ozone/hadoop-ozone/integration-test/target/test-dir/MiniOzoneClusterImpl-3473cb2a-b740-44b6-9b0f-d3bba0659fcf/datanode-0/data-0/containers/hdds/3473cb2a-b740-44b6-9b0f-d3bba0659fcf/DS-9a1b3176-6a64-49cc-b5c7-ea646e149bf0/container.db to cache
2023-06-25 20:37:15,518 [EndpointStateMachine task thread for /0.0.0.0:15002 - 0 ] INFO  volume.HddsVolume (HddsVolume.java:createDbStore(350)) - SchemaV3 db is created and loaded at /home/runner/work/ozone/ozone/hadoop-ozone/integration-test/target/test-dir/MiniOzoneClusterImpl-3473cb2a-b740-44b6-9b0f-d3bba0659fcf/datanode-0/data-0/containers/hdds/3473cb2a-b740-44b6-9b0f-d3bba0659fcf/DS-9a1b3176-6a64-49cc-b5c7-ea646e149bf0/container.db for volume DS-9a1b3176-6a64-49cc-b5c7-ea646e149bf0
2023-06-25 20:37:15,520 [EndpointStateMachine task thread for /0.0.0.0:15002 - 0 ] INFO  ozoneimpl.OzoneContainer (OzoneContainer.java:start(419)) - Attempting to start container services.
2023-06-25 20:37:15,523 [EndpointStateMachine task thread for /0.0.0.0:15002 - 0 ] INFO  ozoneimpl.OzoneContainer (OzoneContainer.java:startContainerScrub(327)) - Scheduled background container scanners and the on-demand container scanner have been disabled.
2023-06-25 20:37:15,525 [EndpointStateMachine task thread for /0.0.0.0:15002 - 0 ] INFO  replication.ReplicationServer (ReplicationServer.java:start(128)) - ReplicationServer is started using port 15016
2023-06-25 20:37:15,525 [EndpointStateMachine task thread for /0.0.0.0:15002 - 0 ] INFO  ratis.XceiverServerRatis (XceiverServerRatis.java:start(517)) - Starting XceiverServerRatis dc38f854-6bce-4a40-ab3d-29959e10d617
2023-06-25 20:37:15,532 [EndpointStateMachine task thread for /0.0.0.0:15002 - 0 ] INFO  server.RaftServer (RaftServerProxy.java:startImpl(400)) - dc38f854-6bce-4a40-ab3d-29959e10d617: start RPC server
2023-06-25 20:37:15,534 [EndpointStateMachine task thread for /0.0.0.0:15002 - 0 ] INFO  server.GrpcService (GrpcService.java:startImpl(302)) - dc38f854-6bce-4a40-ab3d-29959e10d617: GrpcService started, listening on 15012
2023-06-25 20:37:15,536 [EndpointStateMachine task thread for /0.0.0.0:15002 - 0 ] INFO  server.GrpcService (GrpcService.java:startImpl(302)) - dc38f854-6bce-4a40-ab3d-29959e10d617: GrpcService started, listening on 15014
2023-06-25 20:37:15,537 [EndpointStateMachine task thread for /0.0.0.0:15002 - 0 ] INFO  server.GrpcService (GrpcService.java:startImpl(302)) - dc38f854-6bce-4a40-ab3d-29959e10d617: GrpcService started, listening on 15013
2023-06-25 20:37:15,540 [EndpointStateMachine task thread for /0.0.0.0:15002 - 0 ] INFO  ratis.XceiverServerRatis (XceiverServerRatis.java:getRealPort(543)) - XceiverServerRatis dc38f854-6bce-4a40-ab3d-29959e10d617 is started using port 15012 for RATIS
2023-06-25 20:37:15,540 [EndpointStateMachine task thread for /0.0.0.0:15002 - 0 ] INFO  ratis.XceiverServerRatis (XceiverServerRatis.java:getRealPort(543)) - XceiverServerRatis dc38f854-6bce-4a40-ab3d-29959e10d617 is started using port 15013 for RATIS_ADMIN
2023-06-25 20:37:15,540 [EndpointStateMachine task thread for /0.0.0.0:15002 - 0 ] INFO  ratis.XceiverServerRatis (XceiverServerRatis.java:getRealPort(543)) - XceiverServerRatis dc38f854-6bce-4a40-ab3d-29959e10d617 is started using port 15014 for RATIS_SERVER
2023-06-25 20:37:15,540 [EndpointStateMachine task thread for /0.0.0.0:15002 - 0 ] INFO  ratis.XceiverServerRatis (XceiverServerRatis.java:getRealPort(543)) - XceiverServerRatis dc38f854-6bce-4a40-ab3d-29959e10d617 is started using port 15015 for RATIS_DATASTREAM
2023-06-25 20:37:15,540 [JvmPauseMonitor2] INFO  util.JvmPauseMonitor (JvmPauseMonitor.java:run(103)) - JvmPauseMonitor-dc38f854-6bce-4a40-ab3d-29959e10d617: Started
2023-06-25 20:37:15,552 [BlockDeletingService#0] INFO  interfaces.ContainerDeletionChoosingPolicyTemplate (ContainerDeletionChoosingPolicyTemplate.java:chooseContainerForBlockDeletion(83)) - Chosen 0/5000 blocks from 0 candidate containers.
2023-06-25 20:37:15,956 [EndpointStateMachine task thread for /0.0.0.0:15002 - 0 ] INFO  utils.DatanodeStoreCache (DatanodeStoreCache.java:addDB(66)) - Added db /home/runner/work/ozone/ozone/hadoop-ozone/integration-test/target/test-dir/MiniOzoneClusterImpl-3473cb2a-b740-44b6-9b0f-d3bba0659fcf/datanode-1/data-0/containers/hdds/3473cb2a-b740-44b6-9b0f-d3bba0659fcf/DS-dbdbb201-8c8d-4f58-b267-20f212f3e0e0/container.db to cache
2023-06-25 20:37:15,956 [EndpointStateMachine task thread for /0.0.0.0:15002 - 0 ] INFO  volume.HddsVolume (HddsVolume.java:createDbStore(350)) - SchemaV3 db is created and loaded at /home/runner/work/ozone/ozone/hadoop-ozone/integration-test/target/test-dir/MiniOzoneClusterImpl-3473cb2a-b740-44b6-9b0f-d3bba0659fcf/datanode-1/data-0/containers/hdds/3473cb2a-b740-44b6-9b0f-d3bba0659fcf/DS-dbdbb201-8c8d-4f58-b267-20f212f3e0e0/container.db for volume DS-dbdbb201-8c8d-4f58-b267-20f212f3e0e0
2023-06-25 20:37:15,958 [EndpointStateMachine task thread for /0.0.0.0:15002 - 0 ] INFO  ozoneimpl.OzoneContainer (OzoneContainer.java:start(419)) - Attempting to start container services.
2023-06-25 20:37:15,958 [EndpointStateMachine task thread for /0.0.0.0:15002 - 0 ] INFO  ozoneimpl.OzoneContainer (OzoneContainer.java:startContainerScrub(327)) - Scheduled background container scanners and the on-demand container scanner have been disabled.
2023-06-25 20:37:15,961 [EndpointStateMachine task thread for /0.0.0.0:15002 - 0 ] INFO  replication.ReplicationServer (ReplicationServer.java:start(128)) - ReplicationServer is started using port 15025
2023-06-25 20:37:15,961 [EndpointStateMachine task thread for /0.0.0.0:15002 - 0 ] INFO  ratis.XceiverServerRatis (XceiverServerRatis.java:start(517)) - Starting XceiverServerRatis 63f38968-75c0-4f5a-b557-2283dcafd01e
2023-06-25 20:37:15,962 [EndpointStateMachine task thread for /0.0.0.0:15002 - 0 ] INFO  server.RaftServer (RaftServerProxy.java:startImpl(400)) - 63f38968-75c0-4f5a-b557-2283dcafd01e: start RPC server
2023-06-25 20:37:15,964 [EndpointStateMachine task thread for /0.0.0.0:15002 - 0 ] INFO  server.GrpcService (GrpcService.java:startImpl(302)) - 63f38968-75c0-4f5a-b557-2283dcafd01e: GrpcService started, listening on 15021
2023-06-25 20:37:15,965 [EndpointStateMachine task thread for /0.0.0.0:15002 - 0 ] INFO  server.GrpcService (GrpcService.java:startImpl(302)) - 63f38968-75c0-4f5a-b557-2283dcafd01e: GrpcService started, listening on 15023
2023-06-25 20:37:15,968 [EndpointStateMachine task thread for /0.0.0.0:15002 - 0 ] INFO  server.GrpcService (GrpcService.java:startImpl(302)) - 63f38968-75c0-4f5a-b557-2283dcafd01e: GrpcService started, listening on 15022
2023-06-25 20:37:15,969 [EndpointStateMachine task thread for /0.0.0.0:15002 - 0 ] INFO  ratis.XceiverServerRatis (XceiverServerRatis.java:getRealPort(543)) - XceiverServerRatis 63f38968-75c0-4f5a-b557-2283dcafd01e is started using port 15021 for RATIS
2023-06-25 20:37:15,969 [EndpointStateMachine task thread for /0.0.0.0:15002 - 0 ] INFO  ratis.XceiverServerRatis (XceiverServerRatis.java:getRealPort(543)) - XceiverServerRatis 63f38968-75c0-4f5a-b557-2283dcafd01e is started using port 15022 for RATIS_ADMIN
2023-06-25 20:37:15,969 [EndpointStateMachine task thread for /0.0.0.0:15002 - 0 ] INFO  ratis.XceiverServerRatis (XceiverServerRatis.java:getRealPort(543)) - XceiverServerRatis 63f38968-75c0-4f5a-b557-2283dcafd01e is started using port 15023 for RATIS_SERVER
2023-06-25 20:37:15,969 [EndpointStateMachine task thread for /0.0.0.0:15002 - 0 ] INFO  ratis.XceiverServerRatis (XceiverServerRatis.java:getRealPort(543)) - XceiverServerRatis 63f38968-75c0-4f5a-b557-2283dcafd01e is started using port 15024 for RATIS_DATASTREAM
2023-06-25 20:37:15,969 [JvmPauseMonitor3] INFO  util.JvmPauseMonitor (JvmPauseMonitor.java:run(103)) - JvmPauseMonitor-63f38968-75c0-4f5a-b557-2283dcafd01e: Started
2023-06-25 20:37:15,979 [BlockDeletingService#0] INFO  interfaces.ContainerDeletionChoosingPolicyTemplate (ContainerDeletionChoosingPolicyTemplate.java:chooseContainerForBlockDeletion(83)) - Chosen 0/5000 blocks from 0 candidate containers.
2023-06-25 20:37:16,278 [main] INFO  ozone.MiniOzoneClusterImpl (MiniOzoneClusterImpl.java:lambda$waitForClusterToBeReady$0(224)) - Waiting for nodes to be ready. Got 0 of 3 DN Heartbeats.
2023-06-25 20:37:16,278 [main] INFO  ozone.MiniOzoneClusterImpl (MiniOzoneClusterImpl.java:lambda$waitForClusterToBeReady$0(227)) - Waiting for cluster to exit safe mode
2023-06-25 20:37:16,278 [main] INFO  ozone.MiniOzoneClusterImpl (MiniOzoneClusterImpl.java:lambda$waitForClusterToBeReady$0(229)) - SCM became leader
2023-06-25 20:37:16,338 [EndpointStateMachine task thread for /0.0.0.0:15002 - 0 ] INFO  utils.DatanodeStoreCache (DatanodeStoreCache.java:addDB(66)) - Added db /home/runner/work/ozone/ozone/hadoop-ozone/integration-test/target/test-dir/MiniOzoneClusterImpl-3473cb2a-b740-44b6-9b0f-d3bba0659fcf/datanode-2/data-0/containers/hdds/3473cb2a-b740-44b6-9b0f-d3bba0659fcf/DS-a547b1e3-69ca-4dd1-bbba-098b81a88159/container.db to cache
2023-06-25 20:37:16,338 [EndpointStateMachine task thread for /0.0.0.0:15002 - 0 ] INFO  volume.HddsVolume (HddsVolume.java:createDbStore(350)) - SchemaV3 db is created and loaded at /home/runner/work/ozone/ozone/hadoop-ozone/integration-test/target/test-dir/MiniOzoneClusterImpl-3473cb2a-b740-44b6-9b0f-d3bba0659fcf/datanode-2/data-0/containers/hdds/3473cb2a-b740-44b6-9b0f-d3bba0659fcf/DS-a547b1e3-69ca-4dd1-bbba-098b81a88159/container.db for volume DS-a547b1e3-69ca-4dd1-bbba-098b81a88159
2023-06-25 20:37:16,338 [EndpointStateMachine task thread for /0.0.0.0:15002 - 0 ] INFO  ozoneimpl.OzoneContainer (OzoneContainer.java:start(419)) - Attempting to start container services.
2023-06-25 20:37:16,339 [EndpointStateMachine task thread for /0.0.0.0:15002 - 0 ] INFO  ozoneimpl.OzoneContainer (OzoneContainer.java:startContainerScrub(327)) - Scheduled background container scanners and the on-demand container scanner have been disabled.
2023-06-25 20:37:16,342 [EndpointStateMachine task thread for /0.0.0.0:15002 - 0 ] INFO  replication.ReplicationServer (ReplicationServer.java:start(128)) - ReplicationServer is started using port 15034
2023-06-25 20:37:16,342 [EndpointStateMachine task thread for /0.0.0.0:15002 - 0 ] INFO  ratis.XceiverServerRatis (XceiverServerRatis.java:start(517)) - Starting XceiverServerRatis 3181cc3d-c03d-45be-ac89-a7dc70899832
2023-06-25 20:37:16,343 [EndpointStateMachine task thread for /0.0.0.0:15002 - 0 ] INFO  server.RaftServer (RaftServerProxy.java:startImpl(400)) - 3181cc3d-c03d-45be-ac89-a7dc70899832: start RPC server
2023-06-25 20:37:16,347 [EndpointStateMachine task thread for /0.0.0.0:15002 - 0 ] INFO  server.GrpcService (GrpcService.java:startImpl(302)) - 3181cc3d-c03d-45be-ac89-a7dc70899832: GrpcService started, listening on 15030
2023-06-25 20:37:16,353 [EndpointStateMachine task thread for /0.0.0.0:15002 - 0 ] INFO  server.GrpcService (GrpcService.java:startImpl(302)) - 3181cc3d-c03d-45be-ac89-a7dc70899832: GrpcService started, listening on 15032
2023-06-25 20:37:16,354 [EndpointStateMachine task thread for /0.0.0.0:15002 - 0 ] INFO  server.GrpcService (GrpcService.java:startImpl(302)) - 3181cc3d-c03d-45be-ac89-a7dc70899832: GrpcService started, listening on 15031
2023-06-25 20:37:16,355 [EndpointStateMachine task thread for /0.0.0.0:15002 - 0 ] INFO  ratis.XceiverServerRatis (XceiverServerRatis.java:getRealPort(543)) - XceiverServerRatis 3181cc3d-c03d-45be-ac89-a7dc70899832 is started using port 15030 for RATIS
2023-06-25 20:37:16,355 [JvmPauseMonitor4] INFO  util.JvmPauseMonitor (JvmPauseMonitor.java:run(103)) - JvmPauseMonitor-3181cc3d-c03d-45be-ac89-a7dc70899832: Started
2023-06-25 20:37:16,355 [EndpointStateMachine task thread for /0.0.0.0:15002 - 0 ] INFO  ratis.XceiverServerRatis (XceiverServerRatis.java:getRealPort(543)) - XceiverServerRatis 3181cc3d-c03d-45be-ac89-a7dc70899832 is started using port 15031 for RATIS_ADMIN
2023-06-25 20:37:16,355 [EndpointStateMachine task thread for /0.0.0.0:15002 - 0 ] INFO  ratis.XceiverServerRatis (XceiverServerRatis.java:getRealPort(543)) - XceiverServerRatis 3181cc3d-c03d-45be-ac89-a7dc70899832 is started using port 15032 for RATIS_SERVER
2023-06-25 20:37:16,355 [EndpointStateMachine task thread for /0.0.0.0:15002 - 0 ] INFO  ratis.XceiverServerRatis (XceiverServerRatis.java:getRealPort(543)) - XceiverServerRatis 3181cc3d-c03d-45be-ac89-a7dc70899832 is started using port 15033 for RATIS_DATASTREAM
2023-06-25 20:37:16,363 [BlockDeletingService#0] INFO  interfaces.ContainerDeletionChoosingPolicyTemplate (ContainerDeletionChoosingPolicyTemplate.java:chooseContainerForBlockDeletion(83)) - Chosen 0/5000 blocks from 0 candidate containers.
2023-06-25 20:37:17,279 [main] INFO  ozone.MiniOzoneClusterImpl (MiniOzoneClusterImpl.java:lambda$waitForClusterToBeReady$0(224)) - Waiting for nodes to be ready. Got 0 of 3 DN Heartbeats.
2023-06-25 20:37:17,279 [main] INFO  ozone.MiniOzoneClusterImpl (MiniOzoneClusterImpl.java:lambda$waitForClusterToBeReady$0(227)) - Waiting for cluster to exit safe mode
2023-06-25 20:37:17,279 [main] INFO  ozone.MiniOzoneClusterImpl (MiniOzoneClusterImpl.java:lambda$waitForClusterToBeReady$0(229)) - SCM became leader
2023-06-25 20:37:17,428 [IPC Server handler 0 on default port 15002] INFO  net.NetworkTopologyImpl (NetworkTopologyImpl.java:add(112)) - Added a new node: /default-rack/dc38f854-6bce-4a40-ab3d-29959e10d617
2023-06-25 20:37:17,432 [IPC Server handler 0 on default port 15002] INFO  node.SCMNodeManager (SCMNodeManager.java:register(405)) - Registered Data node : dc38f854-6bce-4a40-ab3d-29959e10d617{ip: 10.1.0.20, host: fv-az808-130.wa3tte2ragoufbcbawjciesdkc.bx.internal.cloudapp.net, ports: [HTTP=15009, CLIENT_RPC=15010, REPLICATION=15016, RATIS=15012, RATIS_ADMIN=15013, RATIS_SERVER=15014, RATIS_DATASTREAM=15015, STANDALONE=15011], networkLocation: /default-rack, certSerialId: null, persistedOpState: null, persistedOpStateExpiryEpochSec: 0}
2023-06-25 20:37:17,439 [EventQueue-NodeRegistrationContainerReportForContainerSafeModeRule] INFO  safemode.SCMSafeModeManager (SCMSafeModeManager.java:validateSafeModeExitRules(200)) - ContainerSafeModeRule rule is successfully validated
2023-06-25 20:37:17,440 [EventQueue-NodeRegistrationContainerReportForDataNodeSafeModeRule] INFO  safemode.SCMSafeModeManager (DataNodeSafeModeRule.java:process(71)) - SCM in safe mode. 1 DataNodes registered, 3 required.
2023-06-25 20:37:17,444 [EventQueue-NewNodeForNewNodeHandler] INFO  pipeline.BackgroundPipelineCreator (BackgroundPipelineCreator.java:notifyEventTriggered(276)) - trigger a one-shot run on RatisPipelineUtilsThread.
2023-06-25 20:37:17,440 [EventQueue-PipelineReportForOneReplicaPipelineSafeModeRule] INFO  safemode.SCMSafeModeManager (SCMSafeModeManager.java:validateSafeModeExitRules(200)) - AtleastOneDatanodeReportedRule rule is successfully validated
2023-06-25 20:37:17,453 [RatisPipelineUtilsThread - 0] INFO  pipeline.RatisPipelineProvider (RatisPipelineProvider.java:lambda$create$0(206)) - Sending CreatePipelineCommand for pipeline:PipelineID=7b6544a9-59c4-45aa-a31d-0a4994879ae5 to datanode:dc38f854-6bce-4a40-ab3d-29959e10d617
2023-06-25 20:37:17,469 [RatisPipelineUtilsThread - 0] INFO  pipeline.PipelineManagerImpl (PipelineManagerImpl.java:createPipeline(238)) - Created pipeline Pipeline[ Id: 7b6544a9-59c4-45aa-a31d-0a4994879ae5, Nodes: dc38f854-6bce-4a40-ab3d-29959e10d617(fv-az808-130.wa3tte2ragoufbcbawjciesdkc.bx.internal.cloudapp.net/10.1.0.20), ReplicationConfig: RATIS/ONE, State:ALLOCATED, leaderId:, CreationTimestamp2023-06-25T20:37:17.452Z[Etc/UTC]].
2023-06-25 20:37:17,912 [IPC Server handler 2 on default port 15002] INFO  net.NetworkTopologyImpl (NetworkTopologyImpl.java:add(112)) - Added a new node: /default-rack/63f38968-75c0-4f5a-b557-2283dcafd01e
2023-06-25 20:37:17,912 [IPC Server handler 2 on default port 15002] INFO  node.SCMNodeManager (SCMNodeManager.java:register(405)) - Registered Data node : 63f38968-75c0-4f5a-b557-2283dcafd01e{ip: 10.1.0.20, host: fv-az808-130.wa3tte2ragoufbcbawjciesdkc.bx.internal.cloudapp.net, ports: [HTTP=15018, CLIENT_RPC=15019, REPLICATION=15025, RATIS=15021, RATIS_ADMIN=15022, RATIS_SERVER=15023, RATIS_DATASTREAM=15024, STANDALONE=15020], networkLocation: /default-rack, certSerialId: null, persistedOpState: null, persistedOpStateExpiryEpochSec: 0}
2023-06-25 20:37:17,913 [EventQueue-NewNodeForNewNodeHandler] INFO  pipeline.BackgroundPipelineCreator (BackgroundPipelineCreator.java:notifyEventTriggered(276)) - trigger a one-shot run on RatisPipelineUtilsThread.
2023-06-25 20:37:17,913 [RatisPipelineUtilsThread - 0] INFO  pipeline.RatisPipelineProvider (RatisPipelineProvider.java:lambda$create$0(206)) - Sending CreatePipelineCommand for pipeline:PipelineID=54938dc7-1baa-488d-841d-f1f2b89c8ad4 to datanode:63f38968-75c0-4f5a-b557-2283dcafd01e
2023-06-25 20:37:17,917 [RatisPipelineUtilsThread - 0] INFO  pipeline.PipelineManagerImpl (PipelineManagerImpl.java:createPipeline(238)) - Created pipeline Pipeline[ Id: 54938dc7-1baa-488d-841d-f1f2b89c8ad4, Nodes: 63f38968-75c0-4f5a-b557-2283dcafd01e(fv-az808-130.wa3tte2ragoufbcbawjciesdkc.bx.internal.cloudapp.net/10.1.0.20), ReplicationConfig: RATIS/ONE, State:ALLOCATED, leaderId:, CreationTimestamp2023-06-25T20:37:17.913Z[Etc/UTC]].
2023-06-25 20:37:17,915 [EventQueue-NodeRegistrationContainerReportForDataNodeSafeModeRule] INFO  safemode.SCMSafeModeManager (DataNodeSafeModeRule.java:process(71)) - SCM in safe mode. 2 DataNodes registered, 3 required.
2023-06-25 20:37:18,280 [main] INFO  ozone.MiniOzoneClusterImpl (MiniOzoneClusterImpl.java:lambda$waitForClusterToBeReady$0(224)) - Waiting for nodes to be ready. Got 2 of 3 DN Heartbeats.
2023-06-25 20:37:18,280 [main] INFO  ozone.MiniOzoneClusterImpl (MiniOzoneClusterImpl.java:lambda$waitForClusterToBeReady$0(227)) - Waiting for cluster to exit safe mode
2023-06-25 20:37:18,280 [main] INFO  ozone.MiniOzoneClusterImpl (MiniOzoneClusterImpl.java:lambda$waitForClusterToBeReady$0(229)) - SCM became leader
2023-06-25 20:37:18,283 [IPC Server handler 1 on default port 15002] INFO  net.NetworkTopologyImpl (NetworkTopologyImpl.java:add(112)) - Added a new node: /default-rack/3181cc3d-c03d-45be-ac89-a7dc70899832
2023-06-25 20:37:18,283 [IPC Server handler 1 on default port 15002] INFO  node.SCMNodeManager (SCMNodeManager.java:register(405)) - Registered Data node : 3181cc3d-c03d-45be-ac89-a7dc70899832{ip: 10.1.0.20, host: fv-az808-130.wa3tte2ragoufbcbawjciesdkc.bx.internal.cloudapp.net, ports: [HTTP=15027, CLIENT_RPC=15028, REPLICATION=15034, RATIS=15030, RATIS_ADMIN=15031, RATIS_SERVER=15032, RATIS_DATASTREAM=15033, STANDALONE=15029], networkLocation: /default-rack, certSerialId: null, persistedOpState: null, persistedOpStateExpiryEpochSec: 0}
2023-06-25 20:37:18,283 [EventQueue-NewNodeForNewNodeHandler] INFO  pipeline.BackgroundPipelineCreator (BackgroundPipelineCreator.java:notifyEventTriggered(276)) - trigger a one-shot run on RatisPipelineUtilsThread.
2023-06-25 20:37:18,284 [EventQueue-NodeRegistrationContainerReportForDataNodeSafeModeRule] INFO  safemode.SCMSafeModeManager (DataNodeSafeModeRule.java:process(71)) - SCM in safe mode. 3 DataNodes registered, 3 required.
2023-06-25 20:37:18,284 [EventQueue-NodeRegistrationContainerReportForDataNodeSafeModeRule] INFO  safemode.SCMSafeModeManager (SCMSafeModeManager.java:validateSafeModeExitRules(200)) - DataNodeSafeModeRule rule is successfully validated
2023-06-25 20:37:18,284 [EventQueue-NodeRegistrationContainerReportForDataNodeSafeModeRule] INFO  safemode.SCMSafeModeManager (SCMSafeModeManager.java:completePreCheck(229)) - All SCM safe mode pre check rules have passed
2023-06-25 20:37:18,285 [EventQueue-NodeRegistrationContainerReportForDataNodeSafeModeRule] INFO  ha.SCMContext (SCMContext.java:updateSafeModeStatus(228)) - Update SafeModeStatus from SafeModeStatus{safeModeStatus=true, preCheckPassed=false} to SafeModeStatus{safeModeStatus=true, preCheckPassed=true}.
2023-06-25 20:37:18,285 [EventQueue-NodeRegistrationContainerReportForDataNodeSafeModeRule] INFO  pipeline.BackgroundPipelineCreator (BackgroundPipelineCreator.java:notifyEventTriggered(276)) - trigger a one-shot run on RatisPipelineUtilsThread.
2023-06-25 20:37:18,286 [RatisPipelineUtilsThread - 0] INFO  pipeline.RatisPipelineProvider (RatisPipelineProvider.java:lambda$create$0(206)) - Sending CreatePipelineCommand for pipeline:PipelineID=f1773b77-a87f-4e5c-a21f-8b0547138ac8 to datanode:3181cc3d-c03d-45be-ac89-a7dc70899832
2023-06-25 20:37:18,287 [RatisPipelineUtilsThread - 0] INFO  pipeline.PipelineManagerImpl (PipelineManagerImpl.java:createPipeline(238)) - Created pipeline Pipeline[ Id: f1773b77-a87f-4e5c-a21f-8b0547138ac8, Nodes: 3181cc3d-c03d-45be-ac89-a7dc70899832(fv-az808-130.wa3tte2ragoufbcbawjciesdkc.bx.internal.cloudapp.net/10.1.0.20), ReplicationConfig: RATIS/ONE, State:ALLOCATED, leaderId:, CreationTimestamp2023-06-25T20:37:18.286Z[Etc/UTC]].
2023-06-25 20:37:18,292 [RatisPipelineUtilsThread - 0] INFO  pipeline.RatisPipelineProvider (RatisPipelineProvider.java:lambda$create$0(206)) - Sending CreatePipelineCommand for pipeline:PipelineID=e0dc6118-b64e-404b-993f-7c98cef1e43c to datanode:63f38968-75c0-4f5a-b557-2283dcafd01e
2023-06-25 20:37:18,292 [RatisPipelineUtilsThread - 0] INFO  pipeline.RatisPipelineProvider (RatisPipelineProvider.java:lambda$create$0(206)) - Sending CreatePipelineCommand for pipeline:PipelineID=e0dc6118-b64e-404b-993f-7c98cef1e43c to datanode:3181cc3d-c03d-45be-ac89-a7dc70899832
2023-06-25 20:37:18,292 [RatisPipelineUtilsThread - 0] INFO  pipeline.RatisPipelineProvider (RatisPipelineProvider.java:lambda$create$0(206)) - Sending CreatePipelineCommand for pipeline:PipelineID=e0dc6118-b64e-404b-993f-7c98cef1e43c to datanode:dc38f854-6bce-4a40-ab3d-29959e10d617
2023-06-25 20:37:18,294 [RatisPipelineUtilsThread - 0] INFO  pipeline.PipelineManagerImpl (PipelineManagerImpl.java:createPipeline(238)) - Created pipeline Pipeline[ Id: e0dc6118-b64e-404b-993f-7c98cef1e43c, Nodes: 63f38968-75c0-4f5a-b557-2283dcafd01e(fv-az808-130.wa3tte2ragoufbcbawjciesdkc.bx.internal.cloudapp.net/10.1.0.20)3181cc3d-c03d-45be-ac89-a7dc70899832(fv-az808-130.wa3tte2ragoufbcbawjciesdkc.bx.internal.cloudapp.net/10.1.0.20)dc38f854-6bce-4a40-ab3d-29959e10d617(fv-az808-130.wa3tte2ragoufbcbawjciesdkc.bx.internal.cloudapp.net/10.1.0.20), ReplicationConfig: RATIS/THREE, State:ALLOCATED, leaderId:, CreationTimestamp2023-06-25T20:37:18.292Z[Etc/UTC]].
2023-06-25 20:37:18,295 [RatisPipelineUtilsThread - 0] INFO  pipeline.RatisPipelineProvider (RatisPipelineProvider.java:lambda$create$0(206)) - Sending CreatePipelineCommand for pipeline:PipelineID=26ca4c30-8024-47f9-affb-a2514096448e to datanode:63f38968-75c0-4f5a-b557-2283dcafd01e
2023-06-25 20:37:18,295 [RatisPipelineUtilsThread - 0] INFO  pipeline.RatisPipelineProvider (RatisPipelineProvider.java:lambda$create$0(206)) - Sending CreatePipelineCommand for pipeline:PipelineID=26ca4c30-8024-47f9-affb-a2514096448e to datanode:3181cc3d-c03d-45be-ac89-a7dc70899832
2023-06-25 20:37:18,295 [RatisPipelineUtilsThread - 0] INFO  pipeline.RatisPipelineProvider (RatisPipelineProvider.java:lambda$create$0(206)) - Sending CreatePipelineCommand for pipeline:PipelineID=26ca4c30-8024-47f9-affb-a2514096448e to datanode:dc38f854-6bce-4a40-ab3d-29959e10d617
2023-06-25 20:37:18,296 [RatisPipelineUtilsThread - 0] INFO  pipeline.PipelineManagerImpl (PipelineManagerImpl.java:createPipeline(238)) - Created pipeline Pipeline[ Id: 26ca4c30-8024-47f9-affb-a2514096448e, Nodes: 63f38968-75c0-4f5a-b557-2283dcafd01e(fv-az808-130.wa3tte2ragoufbcbawjciesdkc.bx.internal.cloudapp.net/10.1.0.20)3181cc3d-c03d-45be-ac89-a7dc70899832(fv-az808-130.wa3tte2ragoufbcbawjciesdkc.bx.internal.cloudapp.net/10.1.0.20)dc38f854-6bce-4a40-ab3d-29959e10d617(fv-az808-130.wa3tte2ragoufbcbawjciesdkc.bx.internal.cloudapp.net/10.1.0.20), ReplicationConfig: RATIS/THREE, State:ALLOCATED, leaderId:, CreationTimestamp2023-06-25T20:37:18.295Z[Etc/UTC]].
2023-06-25 20:37:18,297 [RatisPipelineUtilsThread - 0] INFO  pipeline.PipelineManagerImpl (PipelineManagerImpl.java:recordMetricsForPipeline(842)) - Pipeline: PipelineID=26ca4c30-8024-47f9-affb-a2514096448e contains same datanodes as previous pipelines: PipelineID=e0dc6118-b64e-404b-993f-7c98cef1e43c nodeIds: 63f38968-75c0-4f5a-b557-2283dcafd01e, 3181cc3d-c03d-45be-ac89-a7dc70899832, dc38f854-6bce-4a40-ab3d-29959e10d617
2023-06-25 20:37:18,297 [RatisPipelineUtilsThread - 0] WARN  pipeline.PipelinePlacementPolicy (PipelinePlacementPolicy.java:filterViableNodes(166)) - Pipeline creation failed due to no sufficient healthy datanodes. Required 3. Found 0. Excluded 3.
2023-06-25 20:37:18,298 [RatisPipelineUtilsThread - 0] WARN  pipeline.PipelinePlacementPolicy (PipelinePlacementPolicy.java:filterViableNodes(166)) - Pipeline creation failed due to no sufficient healthy datanodes. Required 3. Found 0. Excluded 3.
2023-06-25 20:37:19,281 [main] INFO  ozone.MiniOzoneClusterImpl (MiniOzoneClusterImpl.java:lambda$waitForClusterToBeReady$0(224)) - Nodes are ready. Got 3 of 3 DN Heartbeats.
2023-06-25 20:37:19,282 [main] INFO  ozone.MiniOzoneClusterImpl (MiniOzoneClusterImpl.java:lambda$waitForClusterToBeReady$0(227)) - Waiting for cluster to exit safe mode
2023-06-25 20:37:19,282 [main] INFO  ozone.MiniOzoneClusterImpl (MiniOzoneClusterImpl.java:lambda$waitForClusterToBeReady$0(229)) - SCM became leader
2023-06-25 20:37:20,283 [main] INFO  ozone.MiniOzoneClusterImpl (MiniOzoneClusterImpl.java:lambda$waitForClusterToBeReady$0(224)) - Nodes are ready. Got 3 of 3 DN Heartbeats.
2023-06-25 20:37:20,283 [main] INFO  ozone.MiniOzoneClusterImpl (MiniOzoneClusterImpl.java:lambda$waitForClusterToBeReady$0(227)) - Waiting for cluster to exit safe mode
2023-06-25 20:37:20,283 [main] INFO  ozone.MiniOzoneClusterImpl (MiniOzoneClusterImpl.java:lambda$waitForClusterToBeReady$0(229)) - SCM became leader
2023-06-25 20:37:20,421 [PipelineCommandHandlerThread-0] INFO  server.RaftServer (RaftServerProxy.java:addNew(98)) - dc38f854-6bce-4a40-ab3d-29959e10d617: addNew group-0A4994879AE5:[dc38f854-6bce-4a40-ab3d-29959e10d617|rpc:10.1.0.20:15014|admin:10.1.0.20:15013|client:10.1.0.20:15012|dataStream:10.1.0.20:15015|priority:1|startupRole:FOLLOWER] returns group-0A4994879AE5:java.util.concurrent.CompletableFuture@f56a2a6[Not completed]
2023-06-25 20:37:20,437 [dc38f854-6bce-4a40-ab3d-29959e10d617-groupManagement] INFO  server.RaftServer$Division (RaftServerImpl.java:<init>(198)) - dc38f854-6bce-4a40-ab3d-29959e10d617: new RaftServerImpl for group-0A4994879AE5:[dc38f854-6bce-4a40-ab3d-29959e10d617|rpc:10.1.0.20:15014|admin:10.1.0.20:15013|client:10.1.0.20:15012|dataStream:10.1.0.20:15015|priority:1|startupRole:FOLLOWER] with ContainerStateMachine:uninitialized
2023-06-25 20:37:20,437 [dc38f854-6bce-4a40-ab3d-29959e10d617-groupManagement] INFO  server.RaftServerConfigKeys (ConfUtils.java:logGet(46)) - raft.server.rpc.timeout.min = 5s (custom)
2023-06-25 20:37:20,437 [dc38f854-6bce-4a40-ab3d-29959e10d617-groupManagement] INFO  server.RaftServerConfigKeys (ConfUtils.java:logGet(46)) - raft.server.rpc.timeout.max = 5200ms (custom)
2023-06-25 20:37:20,437 [dc38f854-6bce-4a40-ab3d-29959e10d617-groupManagement] INFO  server.RaftServerConfigKeys (ConfUtils.java:logGet(46)) - raft.server.rpc.sleep.time = 25ms (default)
2023-06-25 20:37:20,437 [dc38f854-6bce-4a40-ab3d-29959e10d617-groupManagement] INFO  server.RaftServerConfigKeys (ConfUtils.java:logGet(46)) - raft.server.rpc.slowness.timeout = 300s (custom)
2023-06-25 20:37:20,438 [dc38f854-6bce-4a40-ab3d-29959e10d617-groupManagement] INFO  server.RaftServerConfigKeys (ConfUtils.java:logGet(46)) - raft.server.leaderelection.leader.step-down.wait-time = 10s (default)
2023-06-25 20:37:20,438 [dc38f854-6bce-4a40-ab3d-29959e10d617-groupManagement] INFO  server.RaftServerConfigKeys (ConfUtils.java:logGet(46)) - raft.server.sleep.deviation.threshold = 300ms (default)
2023-06-25 20:37:20,438 [dc38f854-6bce-4a40-ab3d-29959e10d617-groupManagement] INFO  server.RaftServer$Division (ServerState.java:<init>(120)) - dc38f854-6bce-4a40-ab3d-29959e10d617@group-0A4994879AE5: ConfigurationManager, init=-1: peers:[dc38f854-6bce-4a40-ab3d-29959e10d617|rpc:10.1.0.20:15014|admin:10.1.0.20:15013|client:10.1.0.20:15012|dataStream:10.1.0.20:15015|priority:1|startupRole:FOLLOWER]|listeners:[], old=null, confs=<EMPTY_MAP>
2023-06-25 20:37:20,438 [dc38f854-6bce-4a40-ab3d-29959e10d617-groupManagement] INFO  server.RaftServerConfigKeys (ConfUtils.java:logGet(46)) - raft.server.storage.dir = [/home/runner/work/ozone/ozone/hadoop-ozone/integration-test/target/test-dir/MiniOzoneClusterImpl-3473cb2a-b740-44b6-9b0f-d3bba0659fcf/datanode-0/data/ratis] (custom)
2023-06-25 20:37:20,438 [dc38f854-6bce-4a40-ab3d-29959e10d617-groupManagement] INFO  server.RaftServerConfigKeys (ConfUtils.java:logGet(46)) - raft.server.log.corruption.policy = EXCEPTION (default)
2023-06-25 20:37:20,438 [dc38f854-6bce-4a40-ab3d-29959e10d617-groupManagement] INFO  server.RaftServerConfigKeys (ConfUtils.java:logGet(46)) - raft.server.storage.free-space.min = 0MB (=0) (default)
2023-06-25 20:37:20,438 [dc38f854-6bce-4a40-ab3d-29959e10d617-groupManagement] INFO  server.RaftServerConfigKeys (ConfUtils.java:logGet(46)) - raft.server.notification.no-leader.timeout = 300s (custom)
2023-06-25 20:37:20,439 [dc38f854-6bce-4a40-ab3d-29959e10d617-groupManagement] INFO  server.RaftServerConfigKeys (ConfUtils.java:logGet(46)) - raft.server.read.timeout = 10s (default)
2023-06-25 20:37:20,439 [dc38f854-6bce-4a40-ab3d-29959e10d617-groupManagement] INFO  server.RaftServerConfigKeys (ConfUtils.java:logGet(46)) - raft.server.retrycache.expirytime = 600000ms (custom)
2023-06-25 20:37:20,439 [dc38f854-6bce-4a40-ab3d-29959e10d617-groupManagement] INFO  server.RaftServerConfigKeys (ConfUtils.java:logGet(46)) - raft.server.retrycache.statistics.expirytime = 100μs (default)
2023-06-25 20:37:20,439 [dc38f854-6bce-4a40-ab3d-29959e10d617-groupManagement] INFO  server.RaftServerConfigKeys (ConfUtils.java:logGet(46)) - raft.server.read.option = DEFAULT (default)
2023-06-25 20:37:20,441 [dc38f854-6bce-4a40-ab3d-29959e10d617-groupManagement] INFO  server.RaftServerConfigKeys (ConfUtils.java:logGet(46)) - raft.server.rpc.request.timeout = 60s (custom)
2023-06-25 20:37:20,442 [dc38f854-6bce-4a40-ab3d-29959e10d617-groupManagement] INFO  server.RaftServerConfigKeys (ConfUtils.java:logGet(46)) - raft.server.log.appender.install.snapshot.enabled = false (custom)
2023-06-25 20:37:20,442 [dc38f854-6bce-4a40-ab3d-29959e10d617-groupManagement] INFO  server.RaftServerConfigKeys (ConfUtils.java:logGet(46)) - raft.server.threadpool.server.cached = true (default)
2023-06-25 20:37:20,442 [dc38f854-6bce-4a40-ab3d-29959e10d617-groupManagement] INFO  server.RaftServerConfigKeys (ConfUtils.java:logGet(46)) - raft.server.threadpool.server.size = 0 (default)
2023-06-25 20:37:20,442 [dc38f854-6bce-4a40-ab3d-29959e10d617-groupManagement] INFO  server.RaftServerConfigKeys (ConfUtils.java:logGet(46)) - raft.server.threadpool.client.cached = true (default)
2023-06-25 20:37:20,442 [dc38f854-6bce-4a40-ab3d-29959e10d617-groupManagement] INFO  server.RaftServerConfigKeys (ConfUtils.java:logGet(46)) - raft.server.threadpool.client.size = 0 (default)
2023-06-25 20:37:20,442 [dc38f854-6bce-4a40-ab3d-29959e10d617-groupManagement] INFO  storage.RaftStorageDirectory (RaftStorageDirectoryImpl.java:analyzeStorage(137)) - The storage directory /home/runner/work/ozone/ozone/hadoop-ozone/integration-test/target/test-dir/MiniOzoneClusterImpl-3473cb2a-b740-44b6-9b0f-d3bba0659fcf/datanode-0/data/ratis/7b6544a9-59c4-45aa-a31d-0a4994879ae5 does not exist. Creating ...
2023-06-25 20:37:20,446 [dc38f854-6bce-4a40-ab3d-29959e10d617-groupManagement] INFO  storage.RaftStorageDirectory (RaftStorageDirectoryImpl.java:tryLock(231)) - Lock on /home/runner/work/ozone/ozone/hadoop-ozone/integration-test/target/test-dir/MiniOzoneClusterImpl-3473cb2a-b740-44b6-9b0f-d3bba0659fcf/datanode-0/data/ratis/7b6544a9-59c4-45aa-a31d-0a4994879ae5/in_use.lock acquired by nodename 7655@fv-az808-130
2023-06-25 20:37:20,448 [dc38f854-6bce-4a40-ab3d-29959e10d617-groupManagement] INFO  storage.RaftStorage (RaftStorageImpl.java:format(96)) - Storage directory /home/runner/work/ozone/ozone/hadoop-ozone/integration-test/target/test-dir/MiniOzoneClusterImpl-3473cb2a-b740-44b6-9b0f-d3bba0659fcf/datanode-0/data/ratis/7b6544a9-59c4-45aa-a31d-0a4994879ae5 has been successfully formatted.
2023-06-25 20:37:20,454 [dc38f854-6bce-4a40-ab3d-29959e10d617-groupManagement] INFO  ratis.ContainerStateMachine (ContainerStateMachine.java:loadSnapshot(262)) - group-0A4994879AE5: The snapshot info is null. Setting the last applied indexto:(t:0, i:~)
2023-06-25 20:37:20,454 [dc38f854-6bce-4a40-ab3d-29959e10d617-groupManagement] INFO  server.RaftServerConfigKeys (ConfUtils.java:logGet(46)) - raft.server.log.use.memory = false (default)
2023-06-25 20:37:20,455 [dc38f854-6bce-4a40-ab3d-29959e10d617-groupManagement] INFO  server.RaftServerConfigKeys (ConfUtils.java:logGet(46)) - raft.server.log.purge.gap = 1000000 (custom)
2023-06-25 20:37:20,455 [dc38f854-6bce-4a40-ab3d-29959e10d617-groupManagement] INFO  server.RaftServerConfigKeys (ConfUtils.java:logGet(46)) - raft.server.log.appender.buffer.byte-limit = 33554432 (custom)
2023-06-25 20:37:20,455 [dc38f854-6bce-4a40-ab3d-29959e10d617-groupManagement] INFO  server.RaftServerConfigKeys (ConfUtils.java:logGet(46)) - raft.server.log.statemachine.data.read.timeout = 1000ms (default)
2023-06-25 20:37:20,455 [dc38f854-6bce-4a40-ab3d-29959e10d617-groupManagement] INFO  server.RaftServerConfigKeys (ConfUtils.java:logGet(46)) - raft.server.log.purge.preservation.log.num = 0 (default)
2023-06-25 20:37:20,455 [dc38f854-6bce-4a40-ab3d-29959e10d617-groupManagement] INFO  server.RaftServerConfigKeys (ConfUtils.java:logGet(46)) - raft.server.log.segment.size.max = 1048576 (custom)
2023-06-25 20:37:20,456 [dc38f854-6bce-4a40-ab3d-29959e10d617-groupManagement] INFO  server.RaftServerConfigKeys (ConfUtils.java:logGet(46)) - raft.server.log.segment.cache.num.max = 2 (custom)
2023-06-25 20:37:20,456 [dc38f854-6bce-4a40-ab3d-29959e10d617-groupManagement] INFO  server.RaftServerConfigKeys (ConfUtils.java:logGet(46)) - raft.server.log.segment.cache.size.max = 200MB (=209715200) (default)
2023-06-25 20:37:20,456 [dc38f854-6bce-4a40-ab3d-29959e10d617-groupManagement] INFO  server.RaftServerConfigKeys (ConfUtils.java:logGet(46)) - raft.server.log.appender.buffer.byte-limit = 33554432 (custom)
2023-06-25 20:37:20,456 [dc38f854-6bce-4a40-ab3d-29959e10d617-groupManagement] INFO  segmented.SegmentedRaftLogWorker (SegmentedRaftLogWorker.java:<init>(188)) - new dc38f854-6bce-4a40-ab3d-29959e10d617@group-0A4994879AE5-SegmentedRaftLogWorker for RaftStorageImpl:Storage Directory /home/runner/work/ozone/ozone/hadoop-ozone/integration-test/target/test-dir/MiniOzoneClusterImpl-3473cb2a-b740-44b6-9b0f-d3bba0659fcf/datanode-0/data/ratis/7b6544a9-59c4-45aa-a31d-0a4994879ae5
2023-06-25 20:37:20,456 [dc38f854-6bce-4a40-ab3d-29959e10d617-groupManagement] INFO  server.RaftServerConfigKeys (ConfUtils.java:logGet(46)) - raft.server.log.queue.byte-limit = 4294967296 (custom)
2023-06-25 20:37:20,457 [dc38f854-6bce-4a40-ab3d-29959e10d617-groupManagement] INFO  server.RaftServerConfigKeys (ConfUtils.java:logGet(46)) - raft.server.log.queue.element-limit = 1024 (custom)
2023-06-25 20:37:20,457 [dc38f854-6bce-4a40-ab3d-29959e10d617-groupManagement] INFO  server.RaftServerConfigKeys (ConfUtils.java:logGet(46)) - raft.server.log.segment.size.max = 1048576 (custom)
2023-06-25 20:37:20,457 [dc38f854-6bce-4a40-ab3d-29959e10d617-groupManagement] INFO  server.RaftServerConfigKeys (ConfUtils.java:logGet(46)) - raft.server.log.preallocated.size = 16384 (custom)
2023-06-25 20:37:20,457 [dc38f854-6bce-4a40-ab3d-29959e10d617-groupManagement] INFO  server.RaftServerConfigKeys (ConfUtils.java:logGet(46)) - raft.server.log.force.sync.num = 128 (default)
2023-06-25 20:37:20,457 [dc38f854-6bce-4a40-ab3d-29959e10d617-groupManagement] INFO  server.RaftServerConfigKeys (ConfUtils.java:logGet(46)) - raft.server.log.statemachine.data.sync = true (default)
2023-06-25 20:37:20,457 [dc38f854-6bce-4a40-ab3d-29959e10d617-groupManagement] INFO  server.RaftServerConfigKeys (ConfUtils.java:logGet(46)) - raft.server.log.statemachine.data.sync.timeout = 10s (default)
2023-06-25 20:37:20,457 [dc38f854-6bce-4a40-ab3d-29959e10d617-groupManagement] INFO  server.RaftServerConfigKeys (ConfUtils.java:logGet(46)) - raft.server.log.statemachine.data.sync.timeout.retry = -1 (default)
2023-06-25 20:37:20,459 [dc38f854-6bce-4a40-ab3d-29959e10d617-groupManagement] INFO  server.RaftServerConfigKeys (ConfUtils.java:logGet(46)) - raft.server.log.write.buffer.size = 1048576 (custom)
2023-06-25 20:37:20,459 [dc38f854-6bce-4a40-ab3d-29959e10d617-groupManagement] INFO  server.RaftServerConfigKeys (ConfUtils.java:logGet(46)) - raft.server.log.appender.buffer.byte-limit = 33554432 (custom)
2023-06-25 20:37:20,467 [dc38f854-6bce-4a40-ab3d-29959e10d617-groupManagement] INFO  server.RaftServerConfigKeys (ConfUtils.java:logGet(46)) - raft.server.log.unsafe-flush.enabled = false (default)
2023-06-25 20:37:20,468 [dc38f854-6bce-4a40-ab3d-29959e10d617-groupManagement] INFO  server.RaftServerConfigKeys (ConfUtils.java:logGet(46)) - raft.server.log.async-flush.enabled = false (default)
2023-06-25 20:37:20,468 [dc38f854-6bce-4a40-ab3d-29959e10d617-groupManagement] INFO  server.RaftServerConfigKeys (ConfUtils.java:logGet(46)) - raft.server.log.statemachine.data.caching.enabled = true (custom)
2023-06-25 20:37:20,468 [dc38f854-6bce-4a40-ab3d-29959e10d617-groupManagement] INFO  segmented.SegmentedRaftLogWorker (SegmentedRaftLogWorker.java:lambda$new$0(135)) - dc38f854-6bce-4a40-ab3d-29959e10d617@group-0A4994879AE5-SegmentedRaftLogWorker: flushIndex: setUnconditionally 0 -> -1
2023-06-25 20:37:20,468 [dc38f854-6bce-4a40-ab3d-29959e10d617-groupManagement] INFO  segmented.SegmentedRaftLogWorker (SegmentedRaftLogWorker.java:lambda$new$0(135)) - dc38f854-6bce-4a40-ab3d-29959e10d617@group-0A4994879AE5-SegmentedRaftLogWorker: safeCacheEvictIndex: setUnconditionally 0 -> -1
2023-06-25 20:37:20,468 [dc38f854-6bce-4a40-ab3d-29959e10d617-groupManagement] INFO  server.RaftServer$Division (RaftServerImpl.java:start(342)) - dc38f854-6bce-4a40-ab3d-29959e10d617@group-0A4994879AE5: start as a follower, conf=-1: peers:[dc38f854-6bce-4a40-ab3d-29959e10d617|rpc:10.1.0.20:15014|admin:10.1.0.20:15013|client:10.1.0.20:15012|dataStream:10.1.0.20:15015|priority:1|startupRole:FOLLOWER]|listeners:[], old=null
2023-06-25 20:37:20,468 [dc38f854-6bce-4a40-ab3d-29959e10d617-groupManagement] INFO  server.RaftServer$Division (RaftServerImpl.java:setRole(329)) - dc38f854-6bce-4a40-ab3d-29959e10d617@group-0A4994879AE5: changes role from      null to FOLLOWER at term 0 for startAsFollower
2023-06-25 20:37:20,469 [dc38f854-6bce-4a40-ab3d-29959e10d617-groupManagement] INFO  impl.RoleInfo (RoleInfo.java:updateAndGet(139)) - dc38f854-6bce-4a40-ab3d-29959e10d617: start dc38f854-6bce-4a40-ab3d-29959e10d617@group-0A4994879AE5-FollowerState
2023-06-25 20:37:20,469 [dc38f854-6bce-4a40-ab3d-29959e10d617-groupManagement] INFO  util.JmxRegister (JmxRegister.java:tryRegister(44)) - Successfully registered JMX Bean with object name Ratis:service=RaftServer,group=group-0A4994879AE5,id=dc38f854-6bce-4a40-ab3d-29959e10d617
2023-06-25 20:37:20,476 [dc38f854-6bce-4a40-ab3d-29959e10d617-groupManagement] INFO  server.RaftServerConfigKeys (ConfUtils.java:logGet(46)) - raft.server.snapshot.auto.trigger.enabled = true (custom)
2023-06-25 20:37:20,476 [dc38f854-6bce-4a40-ab3d-29959e10d617-groupManagement] INFO  server.RaftServerConfigKeys (ConfUtils.java:logGet(46)) - raft.server.snapshot.auto.trigger.threshold = 10000 (custom)
2023-06-25 20:37:20,476 [dc38f854-6bce-4a40-ab3d-29959e10d617-groupManagement] INFO  server.RaftServerConfigKeys (ConfUtils.java:logGet(46)) - raft.server.snapshot.retention.file.num = 5 (custom)
2023-06-25 20:37:20,476 [dc38f854-6bce-4a40-ab3d-29959e10d617-groupManagement] INFO  server.RaftServerConfigKeys (ConfUtils.java:logGet(46)) - raft.server.log.purge.upto.snapshot.index = false (default)
2023-06-25 20:37:20,477 [dc38f854-6bce-4a40-ab3d-29959e10d617@group-0A4994879AE5-FollowerState] INFO  server.RaftServerConfigKeys (ConfUtils.java:logFallback(53)) - raft.server.rpc.first-election.timeout.min = 5s (fallback to raft.server.rpc.timeout.min)
2023-06-25 20:37:20,482 [EventQueue-PipelineReportForPipelineReportHandler] INFO  pipeline.PipelineManagerImpl (PipelineManagerImpl.java:openPipeline(381)) - Pipeline Pipeline[ Id: 7b6544a9-59c4-45aa-a31d-0a4994879ae5, Nodes: dc38f854-6bce-4a40-ab3d-29959e10d617(fv-az808-130.wa3tte2ragoufbcbawjciesdkc.bx.internal.cloudapp.net/10.1.0.20), ReplicationConfig: RATIS/ONE, State:ALLOCATED, leaderId:dc38f854-6bce-4a40-ab3d-29959e10d617, CreationTimestamp2023-06-25T20:37:17.452Z[Etc/UTC]] moved to OPEN state
2023-06-25 20:37:20,483 [EventQueue-OpenPipelineForHealthyPipelineSafeModeRule] INFO  safemode.SCMSafeModeManager (HealthyPipelineSafeModeRule.java:process(137)) - SCM in safe mode. Healthy pipelines reported count is 0, required healthy pipeline reported count is 1
2023-06-25 20:37:20,483 [dc38f854-6bce-4a40-ab3d-29959e10d617@group-0A4994879AE5-FollowerState] INFO  server.RaftServerConfigKeys (ConfUtils.java:logFallback(53)) - raft.server.rpc.first-election.timeout.max = 5200ms (fallback to raft.server.rpc.timeout.max)
2023-06-25 20:37:20,491 [PipelineCommandHandlerThread-0] INFO  ratis.XceiverServerRatis (XceiverServerRatis.java:addGroup(804)) - Created group PipelineID=7b6544a9-59c4-45aa-a31d-0a4994879ae5
2023-06-25 20:37:20,491 [PipelineCommandHandlerThread-0] INFO  commandhandler.CreatePipelineCommandHandler (CreatePipelineCommandHandler.java:lambda$handle$2(124)) - Created Pipeline RATIS ONE PipelineID=7b6544a9-59c4-45aa-a31d-0a4994879ae5.
2023-06-25 20:37:20,492 [PipelineCommandHandlerThread-0] INFO  server.RaftServer (RaftServerProxy.java:addNew(98)) - dc38f854-6bce-4a40-ab3d-29959e10d617: addNew group-7C98CEF1E43C:[3181cc3d-c03d-45be-ac89-a7dc70899832|rpc:10.1.0.20:15032|admin:10.1.0.20:15031|client:10.1.0.20:15030|dataStream:10.1.0.20:15033|priority:1|startupRole:FOLLOWER, 63f38968-75c0-4f5a-b557-2283dcafd01e|rpc:10.1.0.20:15023|admin:10.1.0.20:15022|client:10.1.0.20:15021|dataStream:10.1.0.20:15024|priority:0|startupRole:FOLLOWER, dc38f854-6bce-4a40-ab3d-29959e10d617|rpc:10.1.0.20:15014|admin:10.1.0.20:15013|client:10.1.0.20:15012|dataStream:10.1.0.20:15015|priority:0|startupRole:FOLLOWER] returns group-7C98CEF1E43C:java.util.concurrent.CompletableFuture@ddb9dd8[Not completed]
2023-06-25 20:37:20,499 [dc38f854-6bce-4a40-ab3d-29959e10d617-groupManagement] INFO  server.RaftServer$Division (RaftServerImpl.java:<init>(198)) - dc38f854-6bce-4a40-ab3d-29959e10d617: new RaftServerImpl for group-7C98CEF1E43C:[3181cc3d-c03d-45be-ac89-a7dc70899832|rpc:10.1.0.20:15032|admin:10.1.0.20:15031|client:10.1.0.20:15030|dataStream:10.1.0.20:15033|priority:1|startupRole:FOLLOWER, 63f38968-75c0-4f5a-b557-2283dcafd01e|rpc:10.1.0.20:15023|admin:10.1.0.20:15022|client:10.1.0.20:15021|dataStream:10.1.0.20:15024|priority:0|startupRole:FOLLOWER, dc38f854-6bce-4a40-ab3d-29959e10d617|rpc:10.1.0.20:15014|admin:10.1.0.20:15013|client:10.1.0.20:15012|dataStream:10.1.0.20:15015|priority:0|startupRole:FOLLOWER] with ContainerStateMachine:uninitialized
2023-06-25 20:37:20,501 [dc38f854-6bce-4a40-ab3d-29959e10d617-groupManagement] INFO  server.RaftServerConfigKeys (ConfUtils.java:logGet(46)) - raft.server.rpc.timeout.min = 5s (custom)
2023-06-25 20:37:20,501 [dc38f854-6bce-4a40-ab3d-29959e10d617-groupManagement] INFO  server.RaftServerConfigKeys (ConfUtils.java:logGet(46)) - raft.server.rpc.timeout.max = 5200ms (custom)
2023-06-25 20:37:20,501 [dc38f854-6bce-4a40-ab3d-29959e10d617-groupManagement] INFO  server.RaftServerConfigKeys (ConfUtils.java:logGet(46)) - raft.server.rpc.sleep.time = 25ms (default)
2023-06-25 20:37:20,501 [dc38f854-6bce-4a40-ab3d-29959e10d617-groupManagement] INFO  server.RaftServerConfigKeys (ConfUtils.java:logGet(46)) - raft.server.rpc.slowness.timeout = 300s (custom)
2023-06-25 20:37:20,501 [dc38f854-6bce-4a40-ab3d-29959e10d617-groupManagement] INFO  server.RaftServerConfigKeys (ConfUtils.java:logGet(46)) - raft.server.leaderelection.leader.step-down.wait-time = 10s (default)
2023-06-25 20:37:20,501 [dc38f854-6bce-4a40-ab3d-29959e10d617-groupManagement] INFO  server.RaftServerConfigKeys (ConfUtils.java:logGet(46)) - raft.server.sleep.deviation.threshold = 300ms (default)
2023-06-25 20:37:20,501 [dc38f854-6bce-4a40-ab3d-29959e10d617-groupManagement] INFO  server.RaftServer$Division (ServerState.java:<init>(120)) - dc38f854-6bce-4a40-ab3d-29959e10d617@group-7C98CEF1E43C: ConfigurationManager, init=-1: peers:[3181cc3d-c03d-45be-ac89-a7dc70899832|rpc:10.1.0.20:15032|admin:10.1.0.20:15031|client:10.1.0.20:15030|dataStream:10.1.0.20:15033|priority:1|startupRole:FOLLOWER, 63f38968-75c0-4f5a-b557-2283dcafd01e|rpc:10.1.0.20:15023|admin:10.1.0.20:15022|client:10.1.0.20:15021|dataStream:10.1.0.20:15024|priority:0|startupRole:FOLLOWER, dc38f854-6bce-4a40-ab3d-29959e10d617|rpc:10.1.0.20:15014|admin:10.1.0.20:15013|client:10.1.0.20:15012|dataStream:10.1.0.20:15015|priority:0|startupRole:FOLLOWER]|listeners:[], old=null, confs=<EMPTY_MAP>
2023-06-25 20:37:20,502 [dc38f854-6bce-4a40-ab3d-29959e10d617-groupManagement] INFO  server.RaftServerConfigKeys (ConfUtils.java:logGet(46)) - raft.server.storage.dir = [/home/runner/work/ozone/ozone/hadoop-ozone/integration-test/target/test-dir/MiniOzoneClusterImpl-3473cb2a-b740-44b6-9b0f-d3bba0659fcf/datanode-0/data/ratis] (custom)
2023-06-25 20:37:20,503 [dc38f854-6bce-4a40-ab3d-29959e10d617-groupManagement] INFO  server.RaftServerConfigKeys (ConfUtils.java:logGet(46)) - raft.server.log.corruption.policy = EXCEPTION (default)
2023-06-25 20:37:20,503 [dc38f854-6bce-4a40-ab3d-29959e10d617-groupManagement] INFO  server.RaftServerConfigKeys (ConfUtils.java:logGet(46)) - raft.server.storage.free-space.min = 0MB (=0) (default)
2023-06-25 20:37:20,503 [dc38f854-6bce-4a40-ab3d-29959e10d617-groupManagement] INFO  server.RaftServerConfigKeys (ConfUtils.java:logGet(46)) - raft.server.notification.no-leader.timeout = 300s (custom)
2023-06-25 20:37:20,503 [dc38f854-6bce-4a40-ab3d-29959e10d617-groupManagement] INFO  server.RaftServerConfigKeys (ConfUtils.java:logGet(46)) - raft.server.read.timeout = 10s (default)
2023-06-25 20:37:20,503 [dc38f854-6bce-4a40-ab3d-29959e10d617-groupManagement] INFO  server.RaftServerConfigKeys (ConfUtils.java:logGet(46)) - raft.server.retrycache.expirytime = 600000ms (custom)
2023-06-25 20:37:20,503 [dc38f854-6bce-4a40-ab3d-29959e10d617-groupManagement] INFO  server.RaftServerConfigKeys (ConfUtils.java:logGet(46)) - raft.server.retrycache.statistics.expirytime = 100μs (default)
2023-06-25 20:37:20,504 [dc38f854-6bce-4a40-ab3d-29959e10d617-groupManagement] INFO  server.RaftServerConfigKeys (ConfUtils.java:logGet(46)) - raft.server.read.option = DEFAULT (default)
2023-06-25 20:37:20,508 [dc38f854-6bce-4a40-ab3d-29959e10d617-groupManagement] INFO  server.RaftServerConfigKeys (ConfUtils.java:logGet(46)) - raft.server.rpc.request.timeout = 60s (custom)
2023-06-25 20:37:20,508 [dc38f854-6bce-4a40-ab3d-29959e10d617-groupManagement] INFO  server.RaftServerConfigKeys (ConfUtils.java:logGet(46)) - raft.server.log.appender.install.snapshot.enabled = false (custom)
2023-06-25 20:37:20,511 [dc38f854-6bce-4a40-ab3d-29959e10d617-groupManagement] INFO  server.RaftServerConfigKeys (ConfUtils.java:logGet(46)) - raft.server.threadpool.server.cached = true (default)
2023-06-25 20:37:20,511 [dc38f854-6bce-4a40-ab3d-29959e10d617-groupManagement] INFO  server.RaftServerConfigKeys (ConfUtils.java:logGet(46)) - raft.server.threadpool.server.size = 0 (default)
2023-06-25 20:37:20,511 [dc38f854-6bce-4a40-ab3d-29959e10d617-groupManagement] INFO  server.RaftServerConfigKeys (ConfUtils.java:logGet(46)) - raft.server.threadpool.client.cached = true (default)
2023-06-25 20:37:20,511 [dc38f854-6bce-4a40-ab3d-29959e10d617-groupManagement] INFO  server.RaftServerConfigKeys (ConfUtils.java:logGet(46)) - raft.server.threadpool.client.size = 0 (default)
2023-06-25 20:37:20,511 [dc38f854-6bce-4a40-ab3d-29959e10d617-groupManagement] INFO  storage.RaftStorageDirectory (RaftStorageDirectoryImpl.java:analyzeStorage(137)) - The storage directory /home/runner/work/ozone/ozone/hadoop-ozone/integration-test/target/test-dir/MiniOzoneClusterImpl-3473cb2a-b740-44b6-9b0f-d3bba0659fcf/datanode-0/data/ratis/e0dc6118-b64e-404b-993f-7c98cef1e43c does not exist. Creating ...
2023-06-25 20:37:20,513 [dc38f854-6bce-4a40-ab3d-29959e10d617-groupManagement] INFO  storage.RaftStorageDirectory (RaftStorageDirectoryImpl.java:tryLock(231)) - Lock on /home/runner/work/ozone/ozone/hadoop-ozone/integration-test/target/test-dir/MiniOzoneClusterImpl-3473cb2a-b740-44b6-9b0f-d3bba0659fcf/datanode-0/data/ratis/e0dc6118-b64e-404b-993f-7c98cef1e43c/in_use.lock acquired by nodename 7655@fv-az808-130
2023-06-25 20:37:20,514 [dc38f854-6bce-4a40-ab3d-29959e10d617-groupManagement] INFO  storage.RaftStorage (RaftStorageImpl.java:format(96)) - Storage directory /home/runner/work/ozone/ozone/hadoop-ozone/integration-test/target/test-dir/MiniOzoneClusterImpl-3473cb2a-b740-44b6-9b0f-d3bba0659fcf/datanode-0/data/ratis/e0dc6118-b64e-404b-993f-7c98cef1e43c has been successfully formatted.
2023-06-25 20:37:20,519 [EventQueue-OpenPipelineForHealthyPipelineSafeModeRule] INFO  safemode.SCMSafeModeManager (HealthyPipelineSafeModeRule.java:process(137)) - SCM in safe mode. Healthy pipelines reported count is 0, required healthy pipeline reported count is 1
2023-06-25 20:37:20,522 [dc38f854-6bce-4a40-ab3d-29959e10d617-groupManagement] INFO  ratis.ContainerStateMachine (ContainerStateMachine.java:loadSnapshot(262)) - group-7C98CEF1E43C: The snapshot info is null. Setting the last applied indexto:(t:0, i:~)
2023-06-25 20:37:20,525 [dc38f854-6bce-4a40-ab3d-29959e10d617-groupManagement] INFO  server.RaftServerConfigKeys (ConfUtils.java:logGet(46)) - raft.server.log.use.memory = false (default)
2023-06-25 20:37:20,525 [dc38f854-6bce-4a40-ab3d-29959e10d617-groupManagement] INFO  server.RaftServerConfigKeys (ConfUtils.java:logGet(46)) - raft.server.log.purge.gap = 1000000 (custom)
2023-06-25 20:37:20,526 [dc38f854-6bce-4a40-ab3d-29959e10d617-groupManagement] INFO  server.RaftServerConfigKeys (ConfUtils.java:logGet(46)) - raft.server.log.appender.buffer.byte-limit = 33554432 (custom)
2023-06-25 20:37:20,526 [dc38f854-6bce-4a40-ab3d-29959e10d617-groupManagement] INFO  server.RaftServerConfigKeys (ConfUtils.java:logGet(46)) - raft.server.log.statemachine.data.read.timeout = 1000ms (default)
2023-06-25 20:37:20,526 [dc38f854-6bce-4a40-ab3d-29959e10d617-groupManagement] INFO  server.RaftServerConfigKeys (ConfUtils.java:logGet(46)) - raft.server.log.purge.preservation.log.num = 0 (default)
2023-06-25 20:37:20,526 [dc38f854-6bce-4a40-ab3d-29959e10d617-groupManagement] INFO  server.RaftServerConfigKeys (ConfUtils.java:logGet(46)) - raft.server.log.segment.size.max = 1048576 (custom)
2023-06-25 20:37:20,529 [dc38f854-6bce-4a40-ab3d-29959e10d617-groupManagement] INFO  server.RaftServerConfigKeys (ConfUtils.java:logGet(46)) - raft.server.log.segment.cache.num.max = 2 (custom)
2023-06-25 20:37:20,529 [dc38f854-6bce-4a40-ab3d-29959e10d617-groupManagement] INFO  server.RaftServerConfigKeys (ConfUtils.java:logGet(46)) - raft.server.log.segment.cache.size.max = 200MB (=209715200) (default)
2023-06-25 20:37:20,530 [dc38f854-6bce-4a40-ab3d-29959e10d617-groupManagement] INFO  server.RaftServerConfigKeys (ConfUtils.java:logGet(46)) - raft.server.log.appender.buffer.byte-limit = 33554432 (custom)
2023-06-25 20:37:20,530 [dc38f854-6bce-4a40-ab3d-29959e10d617-groupManagement] INFO  segmented.SegmentedRaftLogWorker (SegmentedRaftLogWorker.java:<init>(188)) - new dc38f854-6bce-4a40-ab3d-29959e10d617@group-7C98CEF1E43C-SegmentedRaftLogWorker for RaftStorageImpl:Storage Directory /home/runner/work/ozone/ozone/hadoop-ozone/integration-test/target/test-dir/MiniOzoneClusterImpl-3473cb2a-b740-44b6-9b0f-d3bba0659fcf/datanode-0/data/ratis/e0dc6118-b64e-404b-993f-7c98cef1e43c
2023-06-25 20:37:20,531 [dc38f854-6bce-4a40-ab3d-29959e10d617-groupManagement] INFO  server.RaftServerConfigKeys (ConfUtils.java:logGet(46)) - raft.server.log.queue.byte-limit = 4294967296 (custom)
2023-06-25 20:37:20,531 [dc38f854-6bce-4a40-ab3d-29959e10d617-groupManagement] INFO  server.RaftServerConfigKeys (ConfUtils.java:logGet(46)) - raft.server.log.queue.element-limit = 1024 (custom)
2023-06-25 20:37:20,531 [dc38f854-6bce-4a40-ab3d-29959e10d617-groupManagement] INFO  server.RaftServerConfigKeys (ConfUtils.java:logGet(46)) - raft.server.log.segment.size.max = 1048576 (custom)
2023-06-25 20:37:20,531 [dc38f854-6bce-4a40-ab3d-29959e10d617-groupManagement] INFO  server.RaftServerConfigKeys (ConfUtils.java:logGet(46)) - raft.server.log.preallocated.size = 16384 (custom)
2023-06-25 20:37:20,531 [dc38f854-6bce-4a40-ab3d-29959e10d617-groupManagement] INFO  server.RaftServerConfigKeys (ConfUtils.java:logGet(46)) - raft.server.log.force.sync.num = 128 (default)
2023-06-25 20:37:20,531 [dc38f854-6bce-4a40-ab3d-29959e10d617-groupManagement] INFO  server.RaftServerConfigKeys (ConfUtils.java:logGet(46)) - raft.server.log.statemachine.data.sync = true (default)
2023-06-25 20:37:20,531 [dc38f854-6bce-4a40-ab3d-29959e10d617-groupManagement] INFO  server.RaftServerConfigKeys (ConfUtils.java:logGet(46)) - raft.server.log.statemachine.data.sync.timeout = 10s (default)
2023-06-25 20:37:20,531 [dc38f854-6bce-4a40-ab3d-29959e10d617-groupManagement] INFO  server.RaftServerConfigKeys (ConfUtils.java:logGet(46)) - raft.server.log.statemachine.data.sync.timeout.retry = -1 (default)
2023-06-25 20:37:20,535 [dc38f854-6bce-4a40-ab3d-29959e10d617-groupManagement] INFO  server.RaftServerConfigKeys (ConfUtils.java:logGet(46)) - raft.server.log.write.buffer.size = 1048576 (custom)
2023-06-25 20:37:20,535 [dc38f854-6bce-4a40-ab3d-29959e10d617-groupManagement] INFO  server.RaftServerConfigKeys (ConfUtils.java:logGet(46)) - raft.server.log.appender.buffer.byte-limit = 33554432 (custom)
2023-06-25 20:37:20,544 [dc38f854-6bce-4a40-ab3d-29959e10d617-groupManagement] INFO  server.RaftServerConfigKeys (ConfUtils.java:logGet(46)) - raft.server.log.unsafe-flush.enabled = false (default)
2023-06-25 20:37:20,544 [dc38f854-6bce-4a40-ab3d-29959e10d617-groupManagement] INFO  server.RaftServerConfigKeys (ConfUtils.java:logGet(46)) - raft.server.log.async-flush.enabled = false (default)
2023-06-25 20:37:20,544 [dc38f854-6bce-4a40-ab3d-29959e10d617-groupManagement] INFO  server.RaftServerConfigKeys (ConfUtils.java:logGet(46)) - raft.server.log.statemachine.data.caching.enabled = true (custom)
2023-06-25 20:37:20,544 [dc38f854-6bce-4a40-ab3d-29959e10d617-groupManagement] INFO  segmented.SegmentedRaftLogWorker (SegmentedRaftLogWorker.java:lambda$new$0(135)) - dc38f854-6bce-4a40-ab3d-29959e10d617@group-7C98CEF1E43C-SegmentedRaftLogWorker: flushIndex: setUnconditionally 0 -> -1
2023-06-25 20:37:20,544 [dc38f854-6bce-4a40-ab3d-29959e10d617-groupManagement] INFO  segmented.SegmentedRaftLogWorker (SegmentedRaftLogWorker.java:lambda$new$0(135)) - dc38f854-6bce-4a40-ab3d-29959e10d617@group-7C98CEF1E43C-SegmentedRaftLogWorker: safeCacheEvictIndex: setUnconditionally 0 -> -1
2023-06-25 20:37:20,545 [dc38f854-6bce-4a40-ab3d-29959e10d617-groupManagement] INFO  server.RaftServer$Division (RaftServerImpl.java:start(342)) - dc38f854-6bce-4a40-ab3d-29959e10d617@group-7C98CEF1E43C: start as a follower, conf=-1: peers:[3181cc3d-c03d-45be-ac89-a7dc70899832|rpc:10.1.0.20:15032|admin:10.1.0.20:15031|client:10.1.0.20:15030|dataStream:10.1.0.20:15033|priority:1|startupRole:FOLLOWER, 63f38968-75c0-4f5a-b557-2283dcafd01e|rpc:10.1.0.20:15023|admin:10.1.0.20:15022|client:10.1.0.20:15021|dataStream:10.1.0.20:15024|priority:0|startupRole:FOLLOWER, dc38f854-6bce-4a40-ab3d-29959e10d617|rpc:10.1.0.20:15014|admin:10.1.0.20:15013|client:10.1.0.20:15012|dataStream:10.1.0.20:15015|priority:0|startupRole:FOLLOWER]|listeners:[], old=null
2023-06-25 20:37:20,545 [dc38f854-6bce-4a40-ab3d-29959e10d617-groupManagement] INFO  server.RaftServer$Division (RaftServerImpl.java:setRole(329)) - dc38f854-6bce-4a40-ab3d-29959e10d617@group-7C98CEF1E43C: changes role from      null to FOLLOWER at term 0 for startAsFollower
2023-06-25 20:37:20,545 [dc38f854-6bce-4a40-ab3d-29959e10d617-groupManagement] INFO  impl.RoleInfo (RoleInfo.java:updateAndGet(139)) - dc38f854-6bce-4a40-ab3d-29959e10d617: start dc38f854-6bce-4a40-ab3d-29959e10d617@group-7C98CEF1E43C-FollowerState
2023-06-25 20:37:20,545 [dc38f854-6bce-4a40-ab3d-29959e10d617-groupManagement] INFO  util.JmxRegister (JmxRegister.java:tryRegister(44)) - Successfully registered JMX Bean with object name Ratis:service=RaftServer,group=group-7C98CEF1E43C,id=dc38f854-6bce-4a40-ab3d-29959e10d617
2023-06-25 20:37:20,545 [dc38f854-6bce-4a40-ab3d-29959e10d617-groupManagement] INFO  server.RaftServerConfigKeys (ConfUtils.java:logGet(46)) - raft.server.snapshot.auto.trigger.enabled = true (custom)
2023-06-25 20:37:20,545 [dc38f854-6bce-4a40-ab3d-29959e10d617-groupManagement] INFO  server.RaftServerConfigKeys (ConfUtils.java:logGet(46)) - raft.server.snapshot.auto.trigger.threshold = 10000 (custom)
2023-06-25 20:37:20,545 [dc38f854-6bce-4a40-ab3d-29959e10d617-groupManagement] INFO  server.RaftServerConfigKeys (ConfUtils.java:logGet(46)) - raft.server.snapshot.retention.file.num = 5 (custom)
2023-06-25 20:37:20,546 [dc38f854-6bce-4a40-ab3d-29959e10d617-groupManagement] INFO  server.RaftServerConfigKeys (ConfUtils.java:logGet(46)) - raft.server.log.purge.upto.snapshot.index = false (default)
2023-06-25 20:37:20,739 [JvmPauseMonitor0] WARN  util.JvmPauseMonitor (JvmPauseMonitor.java:detectPause(124)) - JvmPauseMonitor-08afd20b-3e7c-4450-b55a-e746e2673ce0: Detected pause in JVM or host machine approximately 0.112s with 0.187s GC time.
GC pool 'PS MarkSweep' had collection(s): count=1 time=137ms
GC pool 'PS Scavenge' had collection(s): count=1 time=50ms
2023-06-25 20:37:20,750 [dc38f854-6bce-4a40-ab3d-29959e10d617@group-7C98CEF1E43C-FollowerState] INFO  server.RaftServerConfigKeys (ConfUtils.java:logFallback(53)) - raft.server.rpc.first-election.timeout.min = 5s (fallback to raft.server.rpc.timeout.min)
2023-06-25 20:37:20,750 [dc38f854-6bce-4a40-ab3d-29959e10d617@group-7C98CEF1E43C-FollowerState] INFO  server.RaftServerConfigKeys (ConfUtils.java:logFallback(53)) - raft.server.rpc.first-election.timeout.max = 5200ms (fallback to raft.server.rpc.timeout.max)
2023-06-25 20:37:20,739 [PipelineCommandHandlerThread-0] INFO  ratis.XceiverServerRatis (XceiverServerRatis.java:addGroup(804)) - Created group PipelineID=e0dc6118-b64e-404b-993f-7c98cef1e43c
2023-06-25 20:37:20,909 [PipelineCommandHandlerThread-0] INFO  server.RaftServer (RaftServerProxy.java:addNew(98)) - 63f38968-75c0-4f5a-b557-2283dcafd01e: addNew group-F1F2B89C8AD4:[63f38968-75c0-4f5a-b557-2283dcafd01e|rpc:10.1.0.20:15023|admin:10.1.0.20:15022|client:10.1.0.20:15021|dataStream:10.1.0.20:15024|priority:1|startupRole:FOLLOWER] returns group-F1F2B89C8AD4:java.util.concurrent.CompletableFuture@485296ad[Not completed]
2023-06-25 20:37:20,925 [63f38968-75c0-4f5a-b557-2283dcafd01e-groupManagement] INFO  server.RaftServer$Division (RaftServerImpl.java:<init>(198)) - 63f38968-75c0-4f5a-b557-2283dcafd01e: new RaftServerImpl for group-F1F2B89C8AD4:[63f38968-75c0-4f5a-b557-2283dcafd01e|rpc:10.1.0.20:15023|admin:10.1.0.20:15022|client:10.1.0.20:15021|dataStream:10.1.0.20:15024|priority:1|startupRole:FOLLOWER] with ContainerStateMachine:uninitialized
2023-06-25 20:37:20,925 [63f38968-75c0-4f5a-b557-2283dcafd01e-groupManagement] INFO  server.RaftServerConfigKeys (ConfUtils.java:logGet(46)) - raft.server.rpc.timeout.min = 5s (custom)
2023-06-25 20:37:20,925 [63f38968-75c0-4f5a-b557-2283dcafd01e-groupManagement] INFO  server.RaftServerConfigKeys (ConfUtils.java:logGet(46)) - raft.server.rpc.timeout.max = 5200ms (custom)
2023-06-25 20:37:20,925 [63f38968-75c0-4f5a-b557-2283dcafd01e-groupManagement] INFO  server.RaftServerConfigKeys (ConfUtils.java:logGet(46)) - raft.server.rpc.sleep.time = 25ms (default)
2023-06-25 20:37:20,925 [63f38968-75c0-4f5a-b557-2283dcafd01e-groupManagement] INFO  server.RaftServerConfigKeys (ConfUtils.java:logGet(46)) - raft.server.rpc.slowness.timeout = 300s (custom)
2023-06-25 20:37:20,925 [63f38968-75c0-4f5a-b557-2283dcafd01e-groupManagement] INFO  server.RaftServerConfigKeys (ConfUtils.java:logGet(46)) - raft.server.leaderelection.leader.step-down.wait-time = 10s (default)
2023-06-25 20:37:20,925 [63f38968-75c0-4f5a-b557-2283dcafd01e-groupManagement] INFO  server.RaftServerConfigKeys (ConfUtils.java:logGet(46)) - raft.server.sleep.deviation.threshold = 300ms (default)
2023-06-25 20:37:20,925 [63f38968-75c0-4f5a-b557-2283dcafd01e-groupManagement] INFO  server.RaftServer$Division (ServerState.java:<init>(120)) - 63f38968-75c0-4f5a-b557-2283dcafd01e@group-F1F2B89C8AD4: ConfigurationManager, init=-1: peers:[63f38968-75c0-4f5a-b557-2283dcafd01e|rpc:10.1.0.20:15023|admin:10.1.0.20:15022|client:10.1.0.20:15021|dataStream:10.1.0.20:15024|priority:1|startupRole:FOLLOWER]|listeners:[], old=null, confs=<EMPTY_MAP>
2023-06-25 20:37:20,925 [63f38968-75c0-4f5a-b557-2283dcafd01e-groupManagement] INFO  server.RaftServerConfigKeys (ConfUtils.java:logGet(46)) - raft.server.storage.dir = [/home/runner/work/ozone/ozone/hadoop-ozone/integration-test/target/test-dir/MiniOzoneClusterImpl-3473cb2a-b740-44b6-9b0f-d3bba0659fcf/datanode-1/data/ratis] (custom)
2023-06-25 20:37:20,926 [63f38968-75c0-4f5a-b557-2283dcafd01e-groupManagement] INFO  server.RaftServerConfigKeys (ConfUtils.java:logGet(46)) - raft.server.log.corruption.policy = EXCEPTION (default)
2023-06-25 20:37:20,926 [63f38968-75c0-4f5a-b557-2283dcafd01e-groupManagement] INFO  server.RaftServerConfigKeys (ConfUtils.java:logGet(46)) - raft.server.storage.free-space.min = 0MB (=0) (default)
2023-06-25 20:37:20,926 [63f38968-75c0-4f5a-b557-2283dcafd01e-groupManagement] INFO  server.RaftServerConfigKeys (ConfUtils.java:logGet(46)) - raft.server.notification.no-leader.timeout = 300s (custom)
2023-06-25 20:37:20,926 [63f38968-75c0-4f5a-b557-2283dcafd01e-groupManagement] INFO  server.RaftServerConfigKeys (ConfUtils.java:logGet(46)) - raft.server.read.timeout = 10s (default)
2023-06-25 20:37:20,926 [63f38968-75c0-4f5a-b557-2283dcafd01e-groupManagement] INFO  server.RaftServerConfigKeys (ConfUtils.java:logGet(46)) - raft.server.retrycache.expirytime = 600000ms (custom)
2023-06-25 20:37:20,926 [63f38968-75c0-4f5a-b557-2283dcafd01e-groupManagement] INFO  server.RaftServerConfigKeys (ConfUtils.java:logGet(46)) - raft.server.retrycache.statistics.expirytime = 100μs (default)
2023-06-25 20:37:20,926 [63f38968-75c0-4f5a-b557-2283dcafd01e-groupManagement] INFO  server.RaftServerConfigKeys (ConfUtils.java:logGet(46)) - raft.server.read.option = DEFAULT (default)
2023-06-25 20:37:20,933 [63f38968-75c0-4f5a-b557-2283dcafd01e-groupManagement] INFO  server.RaftServerConfigKeys (ConfUtils.java:logGet(46)) - raft.server.rpc.request.timeout = 60s (custom)
2023-06-25 20:37:20,934 [63f38968-75c0-4f5a-b557-2283dcafd01e-groupManagement] INFO  server.RaftServerConfigKeys (ConfUtils.java:logGet(46)) - raft.server.log.appender.install.snapshot.enabled = false (custom)
2023-06-25 20:37:20,934 [63f38968-75c0-4f5a-b557-2283dcafd01e-groupManagement] INFO  server.RaftServerConfigKeys (ConfUtils.java:logGet(46)) - raft.server.threadpool.server.cached = true (default)
2023-06-25 20:37:20,934 [63f38968-75c0-4f5a-b557-2283dcafd01e-groupManagement] INFO  server.RaftServerConfigKeys (ConfUtils.java:logGet(46)) - raft.server.threadpool.server.size = 0 (default)
2023-06-25 20:37:20,934 [63f38968-75c0-4f5a-b557-2283dcafd01e-groupManagement] INFO  server.RaftServerConfigKeys (ConfUtils.java:logGet(46)) - raft.server.threadpool.client.cached = true (default)
2023-06-25 20:37:20,934 [63f38968-75c0-4f5a-b557-2283dcafd01e-groupManagement] INFO  server.RaftServerConfigKeys (ConfUtils.java:logGet(46)) - raft.server.threadpool.client.size = 0 (default)
2023-06-25 20:37:20,934 [63f38968-75c0-4f5a-b557-2283dcafd01e-groupManagement] INFO  storage.RaftStorageDirectory (RaftStorageDirectoryImpl.java:analyzeStorage(137)) - The storage directory /home/runner/work/ozone/ozone/hadoop-ozone/integration-test/target/test-dir/MiniOzoneClusterImpl-3473cb2a-b740-44b6-9b0f-d3bba0659fcf/datanode-1/data/ratis/54938dc7-1baa-488d-841d-f1f2b89c8ad4 does not exist. Creating ...
2023-06-25 20:37:20,937 [63f38968-75c0-4f5a-b557-2283dcafd01e-groupManagement] INFO  storage.RaftStorageDirectory (RaftStorageDirectoryImpl.java:tryLock(231)) - Lock on /home/runner/work/ozone/ozone/hadoop-ozone/integration-test/target/test-dir/MiniOzoneClusterImpl-3473cb2a-b740-44b6-9b0f-d3bba0659fcf/datanode-1/data/ratis/54938dc7-1baa-488d-841d-f1f2b89c8ad4/in_use.lock acquired by nodename 7655@fv-az808-130
2023-06-25 20:37:20,939 [63f38968-75c0-4f5a-b557-2283dcafd01e-groupManagement] INFO  storage.RaftStorage (RaftStorageImpl.java:format(96)) - Storage directory /home/runner/work/ozone/ozone/hadoop-ozone/integration-test/target/test-dir/MiniOzoneClusterImpl-3473cb2a-b740-44b6-9b0f-d3bba0659fcf/datanode-1/data/ratis/54938dc7-1baa-488d-841d-f1f2b89c8ad4 has been successfully formatted.
2023-06-25 20:37:20,942 [63f38968-75c0-4f5a-b557-2283dcafd01e-groupManagement] INFO  ratis.ContainerStateMachine (ContainerStateMachine.java:loadSnapshot(262)) - group-F1F2B89C8AD4: The snapshot info is null. Setting the last applied indexto:(t:0, i:~)
2023-06-25 20:37:20,943 [63f38968-75c0-4f5a-b557-2283dcafd01e-groupManagement] INFO  server.RaftServerConfigKeys (ConfUtils.java:logGet(46)) - raft.server.log.use.memory = false (default)
2023-06-25 20:37:20,949 [EventQueue-PipelineReportForPipelineReportHandler] INFO  pipeline.PipelineManagerImpl (PipelineManagerImpl.java:openPipeline(381)) - Pipeline Pipeline[ Id: 54938dc7-1baa-488d-841d-f1f2b89c8ad4, Nodes: 63f38968-75c0-4f5a-b557-2283dcafd01e(fv-az808-130.wa3tte2ragoufbcbawjciesdkc.bx.internal.cloudapp.net/10.1.0.20), ReplicationConfig: RATIS/ONE, State:ALLOCATED, leaderId:63f38968-75c0-4f5a-b557-2283dcafd01e, CreationTimestamp2023-06-25T20:37:17.913Z[Etc/UTC]] moved to OPEN state
2023-06-25 20:37:20,949 [EventQueue-OpenPipelineForHealthyPipelineSafeModeRule] INFO  safemode.SCMSafeModeManager (HealthyPipelineSafeModeRule.java:process(137)) - SCM in safe mode. Healthy pipelines reported count is 0, required healthy pipeline reported count is 1
2023-06-25 20:37:20,965 [63f38968-75c0-4f5a-b557-2283dcafd01e-groupManagement] INFO  server.RaftServerConfigKeys (ConfUtils.java:logGet(46)) - raft.server.log.purge.gap = 1000000 (custom)
2023-06-25 20:37:20,965 [63f38968-75c0-4f5a-b557-2283dcafd01e-groupManagement] INFO  server.RaftServerConfigKeys (ConfUtils.java:logGet(46)) - raft.server.log.appender.buffer.byte-limit = 33554432 (custom)
2023-06-25 20:37:20,965 [63f38968-75c0-4f5a-b557-2283dcafd01e-groupManagement] INFO  server.RaftServerConfigKeys (ConfUtils.java:logGet(46)) - raft.server.log.statemachine.data.read.timeout = 1000ms (default)
2023-06-25 20:37:20,965 [63f38968-75c0-4f5a-b557-2283dcafd01e-groupManagement] INFO  server.RaftServerConfigKeys (ConfUtils.java:logGet(46)) - raft.server.log.purge.preservation.log.num = 0 (default)
2023-06-25 20:37:20,966 [63f38968-75c0-4f5a-b557-2283dcafd01e-groupManagement] INFO  server.RaftServerConfigKeys (ConfUtils.java:logGet(46)) - raft.server.log.segment.size.max = 1048576 (custom)
2023-06-25 20:37:20,966 [63f38968-75c0-4f5a-b557-2283dcafd01e-groupManagement] INFO  server.RaftServerConfigKeys (ConfUtils.java:logGet(46)) - raft.server.log.segment.cache.num.max = 2 (custom)
2023-06-25 20:37:20,966 [63f38968-75c0-4f5a-b557-2283dcafd01e-groupManagement] INFO  server.RaftServerConfigKeys (ConfUtils.java:logGet(46)) - raft.server.log.segment.cache.size.max = 200MB (=209715200) (default)
2023-06-25 20:37:20,966 [63f38968-75c0-4f5a-b557-2283dcafd01e-groupManagement] INFO  server.RaftServerConfigKeys (ConfUtils.java:logGet(46)) - raft.server.log.appender.buffer.byte-limit = 33554432 (custom)
2023-06-25 20:37:20,967 [63f38968-75c0-4f5a-b557-2283dcafd01e-groupManagement] INFO  segmented.SegmentedRaftLogWorker (SegmentedRaftLogWorker.java:<init>(188)) - new 63f38968-75c0-4f5a-b557-2283dcafd01e@group-F1F2B89C8AD4-SegmentedRaftLogWorker for RaftStorageImpl:Storage Directory /home/runner/work/ozone/ozone/hadoop-ozone/integration-test/target/test-dir/MiniOzoneClusterImpl-3473cb2a-b740-44b6-9b0f-d3bba0659fcf/datanode-1/data/ratis/54938dc7-1baa-488d-841d-f1f2b89c8ad4
2023-06-25 20:37:20,967 [63f38968-75c0-4f5a-b557-2283dcafd01e-groupManagement] INFO  server.RaftServerConfigKeys (ConfUtils.java:logGet(46)) - raft.server.log.queue.byte-limit = 4294967296 (custom)
2023-06-25 20:37:20,967 [63f38968-75c0-4f5a-b557-2283dcafd01e-groupManagement] INFO  server.RaftServerConfigKeys (ConfUtils.java:logGet(46)) - raft.server.log.queue.element-limit = 1024 (custom)
2023-06-25 20:37:20,967 [63f38968-75c0-4f5a-b557-2283dcafd01e-groupManagement] INFO  server.RaftServerConfigKeys (ConfUtils.java:logGet(46)) - raft.server.log.segment.size.max = 1048576 (custom)
2023-06-25 20:37:20,967 [63f38968-75c0-4f5a-b557-2283dcafd01e-groupManagement] INFO  server.RaftServerConfigKeys (ConfUtils.java:logGet(46)) - raft.server.log.preallocated.size = 16384 (custom)
2023-06-25 20:37:20,967 [63f38968-75c0-4f5a-b557-2283dcafd01e-groupManagement] INFO  server.RaftServerConfigKeys (ConfUtils.java:logGet(46)) - raft.server.log.force.sync.num = 128 (default)
2023-06-25 20:37:20,967 [63f38968-75c0-4f5a-b557-2283dcafd01e-groupManagement] INFO  server.RaftServerConfigKeys (ConfUtils.java:logGet(46)) - raft.server.log.statemachine.data.sync = true (default)
2023-06-25 20:37:20,967 [63f38968-75c0-4f5a-b557-2283dcafd01e-groupManagement] INFO  server.RaftServerConfigKeys (ConfUtils.java:logGet(46)) - raft.server.log.statemachine.data.sync.timeout = 10s (default)
2023-06-25 20:37:20,967 [63f38968-75c0-4f5a-b557-2283dcafd01e-groupManagement] INFO  server.RaftServerConfigKeys (ConfUtils.java:logGet(46)) - raft.server.log.statemachine.data.sync.timeout.retry = -1 (default)
2023-06-25 20:37:20,969 [63f38968-75c0-4f5a-b557-2283dcafd01e-groupManagement] INFO  server.RaftServerConfigKeys (ConfUtils.java:logGet(46)) - raft.server.log.write.buffer.size = 1048576 (custom)
2023-06-25 20:37:20,969 [63f38968-75c0-4f5a-b557-2283dcafd01e-groupManagement] INFO  server.RaftServerConfigKeys (ConfUtils.java:logGet(46)) - raft.server.log.appender.buffer.byte-limit = 33554432 (custom)
2023-06-25 20:37:20,983 [63f38968-75c0-4f5a-b557-2283dcafd01e-groupManagement] INFO  server.RaftServerConfigKeys (ConfUtils.java:logGet(46)) - raft.server.log.unsafe-flush.enabled = false (default)
2023-06-25 20:37:20,984 [63f38968-75c0-4f5a-b557-2283dcafd01e-groupManagement] INFO  server.RaftServerConfigKeys (ConfUtils.java:logGet(46)) - raft.server.log.async-flush.enabled = false (default)
2023-06-25 20:37:20,984 [63f38968-75c0-4f5a-b557-2283dcafd01e-groupManagement] INFO  server.RaftServerConfigKeys (ConfUtils.java:logGet(46)) - raft.server.log.statemachine.data.caching.enabled = true (custom)
2023-06-25 20:37:20,984 [63f38968-75c0-4f5a-b557-2283dcafd01e-groupManagement] INFO  segmented.SegmentedRaftLogWorker (SegmentedRaftLogWorker.java:lambda$new$0(135)) - 63f38968-75c0-4f5a-b557-2283dcafd01e@group-F1F2B89C8AD4-SegmentedRaftLogWorker: flushIndex: setUnconditionally 0 -> -1
2023-06-25 20:37:20,984 [63f38968-75c0-4f5a-b557-2283dcafd01e-groupManagement] INFO  segmented.SegmentedRaftLogWorker (SegmentedRaftLogWorker.java:lambda$new$0(135)) - 63f38968-75c0-4f5a-b557-2283dcafd01e@group-F1F2B89C8AD4-SegmentedRaftLogWorker: safeCacheEvictIndex: setUnconditionally 0 -> -1
2023-06-25 20:37:20,991 [63f38968-75c0-4f5a-b557-2283dcafd01e-groupManagement] INFO  server.RaftServer$Division (RaftServerImpl.java:start(342)) - 63f38968-75c0-4f5a-b557-2283dcafd01e@group-F1F2B89C8AD4: start as a follower, conf=-1: peers:[63f38968-75c0-4f5a-b557-2283dcafd01e|rpc:10.1.0.20:15023|admin:10.1.0.20:15022|client:10.1.0.20:15021|dataStream:10.1.0.20:15024|priority:1|startupRole:FOLLOWER]|listeners:[], old=null
2023-06-25 20:37:20,991 [63f38968-75c0-4f5a-b557-2283dcafd01e-groupManagement] INFO  server.RaftServer$Division (RaftServerImpl.java:setRole(329)) - 63f38968-75c0-4f5a-b557-2283dcafd01e@group-F1F2B89C8AD4: changes role from      null to FOLLOWER at term 0 for startAsFollower
2023-06-25 20:37:20,991 [63f38968-75c0-4f5a-b557-2283dcafd01e-groupManagement] INFO  impl.RoleInfo (RoleInfo.java:updateAndGet(139)) - 63f38968-75c0-4f5a-b557-2283dcafd01e: start 63f38968-75c0-4f5a-b557-2283dcafd01e@group-F1F2B89C8AD4-FollowerState
2023-06-25 20:37:20,996 [63f38968-75c0-4f5a-b557-2283dcafd01e-groupManagement] INFO  util.JmxRegister (JmxRegister.java:tryRegister(44)) - Successfully registered JMX Bean with object name Ratis:service=RaftServer,group=group-F1F2B89C8AD4,id=63f38968-75c0-4f5a-b557-2283dcafd01e
2023-06-25 20:37:20,999 [63f38968-75c0-4f5a-b557-2283dcafd01e-groupManagement] INFO  server.RaftServerConfigKeys (ConfUtils.java:logGet(46)) - raft.server.snapshot.auto.trigger.enabled = true (custom)
2023-06-25 20:37:20,999 [63f38968-75c0-4f5a-b557-2283dcafd01e-groupManagement] INFO  server.RaftServerConfigKeys (ConfUtils.java:logGet(46)) - raft.server.snapshot.auto.trigger.threshold = 10000 (custom)
2023-06-25 20:37:20,999 [63f38968-75c0-4f5a-b557-2283dcafd01e-groupManagement] INFO  server.RaftServerConfigKeys (ConfUtils.java:logGet(46)) - raft.server.snapshot.retention.file.num = 5 (custom)
2023-06-25 20:37:20,999 [63f38968-75c0-4f5a-b557-2283dcafd01e-groupManagement] INFO  server.RaftServerConfigKeys (ConfUtils.java:logGet(46)) - raft.server.log.purge.upto.snapshot.index = false (default)
2023-06-25 20:37:21,001 [63f38968-75c0-4f5a-b557-2283dcafd01e@group-F1F2B89C8AD4-FollowerState] INFO  server.RaftServerConfigKeys (ConfUtils.java:logFallback(53)) - raft.server.rpc.first-election.timeout.min = 5s (fallback to raft.server.rpc.timeout.min)
2023-06-25 20:37:21,001 [63f38968-75c0-4f5a-b557-2283dcafd01e@group-F1F2B89C8AD4-FollowerState] INFO  server.RaftServerConfigKeys (ConfUtils.java:logFallback(53)) - raft.server.rpc.first-election.timeout.max = 5200ms (fallback to raft.server.rpc.timeout.max)
2023-06-25 20:37:21,011 [PipelineCommandHandlerThread-0] INFO  ratis.XceiverServerRatis (XceiverServerRatis.java:addGroup(804)) - Created group PipelineID=54938dc7-1baa-488d-841d-f1f2b89c8ad4
2023-06-25 20:37:21,011 [PipelineCommandHandlerThread-0] INFO  commandhandler.CreatePipelineCommandHandler (CreatePipelineCommandHandler.java:lambda$handle$2(124)) - Created Pipeline RATIS ONE PipelineID=54938dc7-1baa-488d-841d-f1f2b89c8ad4.
2023-06-25 20:37:21,013 [PipelineCommandHandlerThread-0] INFO  server.RaftServer (RaftServerProxy.java:addNew(98)) - 63f38968-75c0-4f5a-b557-2283dcafd01e: addNew group-7C98CEF1E43C:[3181cc3d-c03d-45be-ac89-a7dc70899832|rpc:10.1.0.20:15032|admin:10.1.0.20:15031|client:10.1.0.20:15030|dataStream:10.1.0.20:15033|priority:1|startupRole:FOLLOWER, 63f38968-75c0-4f5a-b557-2283dcafd01e|rpc:10.1.0.20:15023|admin:10.1.0.20:15022|client:10.1.0.20:15021|dataStream:10.1.0.20:15024|priority:0|startupRole:FOLLOWER, dc38f854-6bce-4a40-ab3d-29959e10d617|rpc:10.1.0.20:15014|admin:10.1.0.20:15013|client:10.1.0.20:15012|dataStream:10.1.0.20:15015|priority:0|startupRole:FOLLOWER] returns group-7C98CEF1E43C:java.util.concurrent.CompletableFuture@4c6d1b7f[Not completed]
2023-06-25 20:37:21,016 [63f38968-75c0-4f5a-b557-2283dcafd01e-groupManagement] INFO  server.RaftServer$Division (RaftServerImpl.java:<init>(198)) - 63f38968-75c0-4f5a-b557-2283dcafd01e: new RaftServerImpl for group-7C98CEF1E43C:[3181cc3d-c03d-45be-ac89-a7dc70899832|rpc:10.1.0.20:15032|admin:10.1.0.20:15031|client:10.1.0.20:15030|dataStream:10.1.0.20:15033|priority:1|startupRole:FOLLOWER, 63f38968-75c0-4f5a-b557-2283dcafd01e|rpc:10.1.0.20:15023|admin:10.1.0.20:15022|client:10.1.0.20:15021|dataStream:10.1.0.20:15024|priority:0|startupRole:FOLLOWER, dc38f854-6bce-4a40-ab3d-29959e10d617|rpc:10.1.0.20:15014|admin:10.1.0.20:15013|client:10.1.0.20:15012|dataStream:10.1.0.20:15015|priority:0|startupRole:FOLLOWER] with ContainerStateMachine:uninitialized
2023-06-25 20:37:21,016 [63f38968-75c0-4f5a-b557-2283dcafd01e-groupManagement] INFO  server.RaftServerConfigKeys (ConfUtils.java:logGet(46)) - raft.server.rpc.timeout.min = 5s (custom)
2023-06-25 20:37:21,016 [63f38968-75c0-4f5a-b557-2283dcafd01e-groupManagement] INFO  server.RaftServerConfigKeys (ConfUtils.java:logGet(46)) - raft.server.rpc.timeout.max = 5200ms (custom)
2023-06-25 20:37:21,017 [63f38968-75c0-4f5a-b557-2283dcafd01e-groupManagement] INFO  server.RaftServerConfigKeys (ConfUtils.java:logGet(46)) - raft.server.rpc.sleep.time = 25ms (default)
2023-06-25 20:37:21,017 [63f38968-75c0-4f5a-b557-2283dcafd01e-groupManagement] INFO  server.RaftServerConfigKeys (ConfUtils.java:logGet(46)) - raft.server.rpc.slowness.timeout = 300s (custom)
2023-06-25 20:37:21,017 [63f38968-75c0-4f5a-b557-2283dcafd01e-groupManagement] INFO  server.RaftServerConfigKeys (ConfUtils.java:logGet(46)) - raft.server.leaderelection.leader.step-down.wait-time = 10s (default)
2023-06-25 20:37:21,017 [63f38968-75c0-4f5a-b557-2283dcafd01e-groupManagement] INFO  server.RaftServerConfigKeys (ConfUtils.java:logGet(46)) - raft.server.sleep.deviation.threshold = 300ms (default)
2023-06-25 20:37:21,017 [63f38968-75c0-4f5a-b557-2283dcafd01e-groupManagement] INFO  server.RaftServer$Division (ServerState.java:<init>(120)) - 63f38968-75c0-4f5a-b557-2283dcafd01e@group-7C98CEF1E43C: ConfigurationManager, init=-1: peers:[3181cc3d-c03d-45be-ac89-a7dc70899832|rpc:10.1.0.20:15032|admin:10.1.0.20:15031|client:10.1.0.20:15030|dataStream:10.1.0.20:15033|priority:1|startupRole:FOLLOWER, 63f38968-75c0-4f5a-b557-2283dcafd01e|rpc:10.1.0.20:15023|admin:10.1.0.20:15022|client:10.1.0.20:15021|dataStream:10.1.0.20:15024|priority:0|startupRole:FOLLOWER, dc38f854-6bce-4a40-ab3d-29959e10d617|rpc:10.1.0.20:15014|admin:10.1.0.20:15013|client:10.1.0.20:15012|dataStream:10.1.0.20:15015|priority:0|startupRole:FOLLOWER]|listeners:[], old=null, confs=<EMPTY_MAP>
2023-06-25 20:37:21,017 [63f38968-75c0-4f5a-b557-2283dcafd01e-groupManagement] INFO  server.RaftServerConfigKeys (ConfUtils.java:logGet(46)) - raft.server.storage.dir = [/home/runner/work/ozone/ozone/hadoop-ozone/integration-test/target/test-dir/MiniOzoneClusterImpl-3473cb2a-b740-44b6-9b0f-d3bba0659fcf/datanode-1/data/ratis] (custom)
2023-06-25 20:37:21,017 [63f38968-75c0-4f5a-b557-2283dcafd01e-groupManagement] INFO  server.RaftServerConfigKeys (ConfUtils.java:logGet(46)) - raft.server.log.corruption.policy = EXCEPTION (default)
2023-06-25 20:37:21,017 [63f38968-75c0-4f5a-b557-2283dcafd01e-groupManagement] INFO  server.RaftServerConfigKeys (ConfUtils.java:logGet(46)) - raft.server.storage.free-space.min = 0MB (=0) (default)
2023-06-25 20:37:21,017 [63f38968-75c0-4f5a-b557-2283dcafd01e-groupManagement] INFO  server.RaftServerConfigKeys (ConfUtils.java:logGet(46)) - raft.server.notification.no-leader.timeout = 300s (custom)
2023-06-25 20:37:21,017 [63f38968-75c0-4f5a-b557-2283dcafd01e-groupManagement] INFO  server.RaftServerConfigKeys (ConfUtils.java:logGet(46)) - raft.server.read.timeout = 10s (default)
2023-06-25 20:37:21,017 [63f38968-75c0-4f5a-b557-2283dcafd01e-groupManagement] INFO  server.RaftServerConfigKeys (ConfUtils.java:logGet(46)) - raft.server.retrycache.expirytime = 600000ms (custom)
2023-06-25 20:37:21,018 [63f38968-75c0-4f5a-b557-2283dcafd01e-groupManagement] INFO  server.RaftServerConfigKeys (ConfUtils.java:logGet(46)) - raft.server.retrycache.statistics.expirytime = 100μs (default)
2023-06-25 20:37:21,018 [63f38968-75c0-4f5a-b557-2283dcafd01e-groupManagement] INFO  server.RaftServerConfigKeys (ConfUtils.java:logGet(46)) - raft.server.read.option = DEFAULT (default)
2023-06-25 20:37:21,021 [63f38968-75c0-4f5a-b557-2283dcafd01e-groupManagement] INFO  server.RaftServerConfigKeys (ConfUtils.java:logGet(46)) - raft.server.rpc.request.timeout = 60s (custom)
2023-06-25 20:37:21,021 [63f38968-75c0-4f5a-b557-2283dcafd01e-groupManagement] INFO  server.RaftServerConfigKeys (ConfUtils.java:logGet(46)) - raft.server.log.appender.install.snapshot.enabled = false (custom)
2023-06-25 20:37:21,021 [63f38968-75c0-4f5a-b557-2283dcafd01e-groupManagement] INFO  server.RaftServerConfigKeys (ConfUtils.java:logGet(46)) - raft.server.threadpool.server.cached = true (default)
2023-06-25 20:37:21,021 [63f38968-75c0-4f5a-b557-2283dcafd01e-groupManagement] INFO  server.RaftServerConfigKeys (ConfUtils.java:logGet(46)) - raft.server.threadpool.server.size = 0 (default)
2023-06-25 20:37:21,021 [63f38968-75c0-4f5a-b557-2283dcafd01e-groupManagement] INFO  server.RaftServerConfigKeys (ConfUtils.java:logGet(46)) - raft.server.threadpool.client.cached = true (default)
2023-06-25 20:37:21,021 [63f38968-75c0-4f5a-b557-2283dcafd01e-groupManagement] INFO  server.RaftServerConfigKeys (ConfUtils.java:logGet(46)) - raft.server.threadpool.client.size = 0 (default)
2023-06-25 20:37:21,021 [63f38968-75c0-4f5a-b557-2283dcafd01e-groupManagement] INFO  storage.RaftStorageDirectory (RaftStorageDirectoryImpl.java:analyzeStorage(137)) - The storage directory /home/runner/work/ozone/ozone/hadoop-ozone/integration-test/target/test-dir/MiniOzoneClusterImpl-3473cb2a-b740-44b6-9b0f-d3bba0659fcf/datanode-1/data/ratis/e0dc6118-b64e-404b-993f-7c98cef1e43c does not exist. Creating ...
2023-06-25 20:37:21,023 [63f38968-75c0-4f5a-b557-2283dcafd01e-groupManagement] INFO  storage.RaftStorageDirectory (RaftStorageDirectoryImpl.java:tryLock(231)) - Lock on /home/runner/work/ozone/ozone/hadoop-ozone/integration-test/target/test-dir/MiniOzoneClusterImpl-3473cb2a-b740-44b6-9b0f-d3bba0659fcf/datanode-1/data/ratis/e0dc6118-b64e-404b-993f-7c98cef1e43c/in_use.lock acquired by nodename 7655@fv-az808-130
2023-06-25 20:37:21,024 [63f38968-75c0-4f5a-b557-2283dcafd01e-groupManagement] INFO  storage.RaftStorage (RaftStorageImpl.java:format(96)) - Storage directory /home/runner/work/ozone/ozone/hadoop-ozone/integration-test/target/test-dir/MiniOzoneClusterImpl-3473cb2a-b740-44b6-9b0f-d3bba0659fcf/datanode-1/data/ratis/e0dc6118-b64e-404b-993f-7c98cef1e43c has been successfully formatted.
2023-06-25 20:37:21,028 [63f38968-75c0-4f5a-b557-2283dcafd01e-groupManagement] INFO  ratis.ContainerStateMachine (ContainerStateMachine.java:loadSnapshot(262)) - group-7C98CEF1E43C: The snapshot info is null. Setting the last applied indexto:(t:0, i:~)
2023-06-25 20:37:21,028 [63f38968-75c0-4f5a-b557-2283dcafd01e-groupManagement] INFO  server.RaftServerConfigKeys (ConfUtils.java:logGet(46)) - raft.server.log.use.memory = false (default)
2023-06-25 20:37:21,028 [63f38968-75c0-4f5a-b557-2283dcafd01e-groupManagement] INFO  server.RaftServerConfigKeys (ConfUtils.java:logGet(46)) - raft.server.log.purge.gap = 1000000 (custom)
2023-06-25 20:37:21,029 [63f38968-75c0-4f5a-b557-2283dcafd01e-groupManagement] INFO  server.RaftServerConfigKeys (ConfUtils.java:logGet(46)) - raft.server.log.appender.buffer.byte-limit = 33554432 (custom)
2023-06-25 20:37:21,029 [63f38968-75c0-4f5a-b557-2283dcafd01e-groupManagement] INFO  server.RaftServerConfigKeys (ConfUtils.java:logGet(46)) - raft.server.log.statemachine.data.read.timeout = 1000ms (default)
2023-06-25 20:37:21,029 [63f38968-75c0-4f5a-b557-2283dcafd01e-groupManagement] INFO  server.RaftServerConfigKeys (ConfUtils.java:logGet(46)) - raft.server.log.purge.preservation.log.num = 0 (default)
2023-06-25 20:37:21,029 [63f38968-75c0-4f5a-b557-2283dcafd01e-groupManagement] INFO  server.RaftServerConfigKeys (ConfUtils.java:logGet(46)) - raft.server.log.segment.size.max = 1048576 (custom)
2023-06-25 20:37:21,032 [EventQueue-OpenPipelineForHealthyPipelineSafeModeRule] INFO  safemode.SCMSafeModeManager (HealthyPipelineSafeModeRule.java:process(137)) - SCM in safe mode. Healthy pipelines reported count is 0, required healthy pipeline reported count is 1
2023-06-25 20:37:21,036 [63f38968-75c0-4f5a-b557-2283dcafd01e-groupManagement] INFO  server.RaftServerConfigKeys (ConfUtils.java:logGet(46)) - raft.server.log.segment.cache.num.max = 2 (custom)
2023-06-25 20:37:21,036 [63f38968-75c0-4f5a-b557-2283dcafd01e-groupManagement] INFO  server.RaftServerConfigKeys (ConfUtils.java:logGet(46)) - raft.server.log.segment.cache.size.max = 200MB (=209715200) (default)
2023-06-25 20:37:21,037 [63f38968-75c0-4f5a-b557-2283dcafd01e-groupManagement] INFO  server.RaftServerConfigKeys (ConfUtils.java:logGet(46)) - raft.server.log.appender.buffer.byte-limit = 33554432 (custom)
2023-06-25 20:37:21,037 [63f38968-75c0-4f5a-b557-2283dcafd01e-groupManagement] INFO  segmented.SegmentedRaftLogWorker (SegmentedRaftLogWorker.java:<init>(188)) - new 63f38968-75c0-4f5a-b557-2283dcafd01e@group-7C98CEF1E43C-SegmentedRaftLogWorker for RaftStorageImpl:Storage Directory /home/runner/work/ozone/ozone/hadoop-ozone/integration-test/target/test-dir/MiniOzoneClusterImpl-3473cb2a-b740-44b6-9b0f-d3bba0659fcf/datanode-1/data/ratis/e0dc6118-b64e-404b-993f-7c98cef1e43c
2023-06-25 20:37:21,037 [63f38968-75c0-4f5a-b557-2283dcafd01e-groupManagement] INFO  server.RaftServerConfigKeys (ConfUtils.java:logGet(46)) - raft.server.log.queue.byte-limit = 4294967296 (custom)
2023-06-25 20:37:21,037 [63f38968-75c0-4f5a-b557-2283dcafd01e-groupManagement] INFO  server.RaftServerConfigKeys (ConfUtils.java:logGet(46)) - raft.server.log.queue.element-limit = 1024 (custom)
2023-06-25 20:37:21,037 [63f38968-75c0-4f5a-b557-2283dcafd01e-groupManagement] INFO  server.RaftServerConfigKeys (ConfUtils.java:logGet(46)) - raft.server.log.segment.size.max = 1048576 (custom)
2023-06-25 20:37:21,037 [63f38968-75c0-4f5a-b557-2283dcafd01e-groupManagement] INFO  server.RaftServerConfigKeys (ConfUtils.java:logGet(46)) - raft.server.log.preallocated.size = 16384 (custom)
2023-06-25 20:37:21,037 [63f38968-75c0-4f5a-b557-2283dcafd01e-groupManagement] INFO  server.RaftServerConfigKeys (ConfUtils.java:logGet(46)) - raft.server.log.force.sync.num = 128 (default)
2023-06-25 20:37:21,040 [63f38968-75c0-4f5a-b557-2283dcafd01e-groupManagement] INFO  server.RaftServerConfigKeys (ConfUtils.java:logGet(46)) - raft.server.log.statemachine.data.sync = true (default)
2023-06-25 20:37:21,040 [63f38968-75c0-4f5a-b557-2283dcafd01e-groupManagement] INFO  server.RaftServerConfigKeys (ConfUtils.java:logGet(46)) - raft.server.log.statemachine.data.sync.timeout = 10s (default)
2023-06-25 20:37:21,040 [63f38968-75c0-4f5a-b557-2283dcafd01e-groupManagement] INFO  server.RaftServerConfigKeys (ConfUtils.java:logGet(46)) - raft.server.log.statemachine.data.sync.timeout.retry = -1 (default)
2023-06-25 20:37:21,042 [63f38968-75c0-4f5a-b557-2283dcafd01e-groupManagement] INFO  server.RaftServerConfigKeys (ConfUtils.java:logGet(46)) - raft.server.log.write.buffer.size = 1048576 (custom)
2023-06-25 20:37:21,043 [63f38968-75c0-4f5a-b557-2283dcafd01e-groupManagement] INFO  server.RaftServerConfigKeys (ConfUtils.java:logGet(46)) - raft.server.log.appender.buffer.byte-limit = 33554432 (custom)
2023-06-25 20:37:21,052 [63f38968-75c0-4f5a-b557-2283dcafd01e-groupManagement] INFO  server.RaftServerConfigKeys (ConfUtils.java:logGet(46)) - raft.server.log.unsafe-flush.enabled = false (default)
2023-06-25 20:37:21,053 [63f38968-75c0-4f5a-b557-2283dcafd01e-groupManagement] INFO  server.RaftServerConfigKeys (ConfUtils.java:logGet(46)) - raft.server.log.async-flush.enabled = false (default)
2023-06-25 20:37:21,053 [63f38968-75c0-4f5a-b557-2283dcafd01e-groupManagement] INFO  server.RaftServerConfigKeys (ConfUtils.java:logGet(46)) - raft.server.log.statemachine.data.caching.enabled = true (custom)
2023-06-25 20:37:21,053 [63f38968-75c0-4f5a-b557-2283dcafd01e-groupManagement] INFO  segmented.SegmentedRaftLogWorker (SegmentedRaftLogWorker.java:lambda$new$0(135)) - 63f38968-75c0-4f5a-b557-2283dcafd01e@group-7C98CEF1E43C-SegmentedRaftLogWorker: flushIndex: setUnconditionally 0 -> -1
2023-06-25 20:37:21,053 [63f38968-75c0-4f5a-b557-2283dcafd01e-groupManagement] INFO  segmented.SegmentedRaftLogWorker (SegmentedRaftLogWorker.java:lambda$new$0(135)) - 63f38968-75c0-4f5a-b557-2283dcafd01e@group-7C98CEF1E43C-SegmentedRaftLogWorker: safeCacheEvictIndex: setUnconditionally 0 -> -1
2023-06-25 20:37:21,053 [63f38968-75c0-4f5a-b557-2283dcafd01e-groupManagement] INFO  server.RaftServer$Division (RaftServerImpl.java:start(342)) - 63f38968-75c0-4f5a-b557-2283dcafd01e@group-7C98CEF1E43C: start as a follower, conf=-1: peers:[3181cc3d-c03d-45be-ac89-a7dc70899832|rpc:10.1.0.20:15032|admin:10.1.0.20:15031|client:10.1.0.20:15030|dataStream:10.1.0.20:15033|priority:1|startupRole:FOLLOWER, 63f38968-75c0-4f5a-b557-2283dcafd01e|rpc:10.1.0.20:15023|admin:10.1.0.20:15022|client:10.1.0.20:15021|dataStream:10.1.0.20:15024|priority:0|startupRole:FOLLOWER, dc38f854-6bce-4a40-ab3d-29959e10d617|rpc:10.1.0.20:15014|admin:10.1.0.20:15013|client:10.1.0.20:15012|dataStream:10.1.0.20:15015|priority:0|startupRole:FOLLOWER]|listeners:[], old=null
2023-06-25 20:37:21,054 [63f38968-75c0-4f5a-b557-2283dcafd01e-groupManagement] INFO  server.RaftServer$Division (RaftServerImpl.java:setRole(329)) - 63f38968-75c0-4f5a-b557-2283dcafd01e@group-7C98CEF1E43C: changes role from      null to FOLLOWER at term 0 for startAsFollower
2023-06-25 20:37:21,054 [63f38968-75c0-4f5a-b557-2283dcafd01e-groupManagement] INFO  impl.RoleInfo (RoleInfo.java:updateAndGet(139)) - 63f38968-75c0-4f5a-b557-2283dcafd01e: start 63f38968-75c0-4f5a-b557-2283dcafd01e@group-7C98CEF1E43C-FollowerState
2023-06-25 20:37:21,057 [63f38968-75c0-4f5a-b557-2283dcafd01e-groupManagement] INFO  util.JmxRegister (JmxRegister.java:tryRegister(44)) - Successfully registered JMX Bean with object name Ratis:service=RaftServer,group=group-7C98CEF1E43C,id=63f38968-75c0-4f5a-b557-2283dcafd01e
2023-06-25 20:37:21,057 [63f38968-75c0-4f5a-b557-2283dcafd01e-groupManagement] INFO  server.RaftServerConfigKeys (ConfUtils.java:logGet(46)) - raft.server.snapshot.auto.trigger.enabled = true (custom)
2023-06-25 20:37:21,058 [63f38968-75c0-4f5a-b557-2283dcafd01e-groupManagement] INFO  server.RaftServerConfigKeys (ConfUtils.java:logGet(46)) - raft.server.snapshot.auto.trigger.threshold = 10000 (custom)
2023-06-25 20:37:21,058 [63f38968-75c0-4f5a-b557-2283dcafd01e-groupManagement] INFO  server.RaftServerConfigKeys (ConfUtils.java:logGet(46)) - raft.server.snapshot.retention.file.num = 5 (custom)
2023-06-25 20:37:21,058 [63f38968-75c0-4f5a-b557-2283dcafd01e-groupManagement] INFO  server.RaftServerConfigKeys (ConfUtils.java:logGet(46)) - raft.server.log.purge.upto.snapshot.index = false (default)
2023-06-25 20:37:21,059 [63f38968-75c0-4f5a-b557-2283dcafd01e@group-7C98CEF1E43C-FollowerState] INFO  server.RaftServerConfigKeys (ConfUtils.java:logFallback(53)) - raft.server.rpc.first-election.timeout.min = 5s (fallback to raft.server.rpc.timeout.min)
2023-06-25 20:37:21,069 [PipelineCommandHandlerThread-0] INFO  ratis.XceiverServerRatis (XceiverServerRatis.java:addGroup(804)) - Created group PipelineID=e0dc6118-b64e-404b-993f-7c98cef1e43c
2023-06-25 20:37:21,069 [63f38968-75c0-4f5a-b557-2283dcafd01e@group-7C98CEF1E43C-FollowerState] INFO  server.RaftServerConfigKeys (ConfUtils.java:logFallback(53)) - raft.server.rpc.first-election.timeout.max = 5200ms (fallback to raft.server.rpc.timeout.max)
2023-06-25 20:37:21,283 [main] INFO  ozone.MiniOzoneClusterImpl (MiniOzoneClusterImpl.java:lambda$waitForClusterToBeReady$0(224)) - Nodes are ready. Got 3 of 3 DN Heartbeats.
2023-06-25 20:37:21,284 [main] INFO  ozone.MiniOzoneClusterImpl (MiniOzoneClusterImpl.java:lambda$waitForClusterToBeReady$0(227)) - Waiting for cluster to exit safe mode
2023-06-25 20:37:21,284 [main] INFO  ozone.MiniOzoneClusterImpl (MiniOzoneClusterImpl.java:lambda$waitForClusterToBeReady$0(229)) - SCM became leader
2023-06-25 20:37:21,293 [PipelineCommandHandlerThread-0] INFO  server.RaftServer (RaftServerProxy.java:addNew(98)) - 3181cc3d-c03d-45be-ac89-a7dc70899832: addNew group-8B0547138AC8:[3181cc3d-c03d-45be-ac89-a7dc70899832|rpc:10.1.0.20:15032|admin:10.1.0.20:15031|client:10.1.0.20:15030|dataStream:10.1.0.20:15033|priority:1|startupRole:FOLLOWER] returns group-8B0547138AC8:java.util.concurrent.CompletableFuture@6bfcbc71[Not completed]
2023-06-25 20:37:21,311 [3181cc3d-c03d-45be-ac89-a7dc70899832-groupManagement] INFO  server.RaftServer$Division (RaftServerImpl.java:<init>(198)) - 3181cc3d-c03d-45be-ac89-a7dc70899832: new RaftServerImpl for group-8B0547138AC8:[3181cc3d-c03d-45be-ac89-a7dc70899832|rpc:10.1.0.20:15032|admin:10.1.0.20:15031|client:10.1.0.20:15030|dataStream:10.1.0.20:15033|priority:1|startupRole:FOLLOWER] with ContainerStateMachine:uninitialized
2023-06-25 20:37:21,311 [3181cc3d-c03d-45be-ac89-a7dc70899832-groupManagement] INFO  server.RaftServerConfigKeys (ConfUtils.java:logGet(46)) - raft.server.rpc.timeout.min = 5s (custom)
2023-06-25 20:37:21,311 [3181cc3d-c03d-45be-ac89-a7dc70899832-groupManagement] INFO  server.RaftServerConfigKeys (ConfUtils.java:logGet(46)) - raft.server.rpc.timeout.max = 5200ms (custom)
2023-06-25 20:37:21,317 [3181cc3d-c03d-45be-ac89-a7dc70899832-groupManagement] INFO  server.RaftServerConfigKeys (ConfUtils.java:logGet(46)) - raft.server.rpc.sleep.time = 25ms (default)
2023-06-25 20:37:21,317 [3181cc3d-c03d-45be-ac89-a7dc70899832-groupManagement] INFO  server.RaftServerConfigKeys (ConfUtils.java:logGet(46)) - raft.server.rpc.slowness.timeout = 300s (custom)
2023-06-25 20:37:21,317 [3181cc3d-c03d-45be-ac89-a7dc70899832-groupManagement] INFO  server.RaftServerConfigKeys (ConfUtils.java:logGet(46)) - raft.server.leaderelection.leader.step-down.wait-time = 10s (default)
2023-06-25 20:37:21,317 [3181cc3d-c03d-45be-ac89-a7dc70899832-groupManagement] INFO  server.RaftServerConfigKeys (ConfUtils.java:logGet(46)) - raft.server.sleep.deviation.threshold = 300ms (default)
2023-06-25 20:37:21,317 [3181cc3d-c03d-45be-ac89-a7dc70899832-groupManagement] INFO  server.RaftServer$Division (ServerState.java:<init>(120)) - 3181cc3d-c03d-45be-ac89-a7dc70899832@group-8B0547138AC8: ConfigurationManager, init=-1: peers:[3181cc3d-c03d-45be-ac89-a7dc70899832|rpc:10.1.0.20:15032|admin:10.1.0.20:15031|client:10.1.0.20:15030|dataStream:10.1.0.20:15033|priority:1|startupRole:FOLLOWER]|listeners:[], old=null, confs=<EMPTY_MAP>
2023-06-25 20:37:21,318 [3181cc3d-c03d-45be-ac89-a7dc70899832-groupManagement] INFO  server.RaftServerConfigKeys (ConfUtils.java:logGet(46)) - raft.server.storage.dir = [/home/runner/work/ozone/ozone/hadoop-ozone/integration-test/target/test-dir/MiniOzoneClusterImpl-3473cb2a-b740-44b6-9b0f-d3bba0659fcf/datanode-2/data/ratis] (custom)
2023-06-25 20:37:21,318 [3181cc3d-c03d-45be-ac89-a7dc70899832-groupManagement] INFO  server.RaftServerConfigKeys (ConfUtils.java:logGet(46)) - raft.server.log.corruption.policy = EXCEPTION (default)
2023-06-25 20:37:21,318 [3181cc3d-c03d-45be-ac89-a7dc70899832-groupManagement] INFO  server.RaftServerConfigKeys (ConfUtils.java:logGet(46)) - raft.server.storage.free-space.min = 0MB (=0) (default)
2023-06-25 20:37:21,319 [3181cc3d-c03d-45be-ac89-a7dc70899832-groupManagement] INFO  server.RaftServerConfigKeys (ConfUtils.java:logGet(46)) - raft.server.notification.no-leader.timeout = 300s (custom)
2023-06-25 20:37:21,319 [3181cc3d-c03d-45be-ac89-a7dc70899832-groupManagement] INFO  server.RaftServerConfigKeys (ConfUtils.java:logGet(46)) - raft.server.read.timeout = 10s (default)
2023-06-25 20:37:21,319 [3181cc3d-c03d-45be-ac89-a7dc70899832-groupManagement] INFO  server.RaftServerConfigKeys (ConfUtils.java:logGet(46)) - raft.server.retrycache.expirytime = 600000ms (custom)
2023-06-25 20:37:21,319 [3181cc3d-c03d-45be-ac89-a7dc70899832-groupManagement] INFO  server.RaftServerConfigKeys (ConfUtils.java:logGet(46)) - raft.server.retrycache.statistics.expirytime = 100μs (default)
2023-06-25 20:37:21,319 [3181cc3d-c03d-45be-ac89-a7dc70899832-groupManagement] INFO  server.RaftServerConfigKeys (ConfUtils.java:logGet(46)) - raft.server.read.option = DEFAULT (default)
2023-06-25 20:37:21,327 [grpc-default-executor-0] INFO  server.RaftServer (RaftServerProxy.java:addNew(98)) - 3181cc3d-c03d-45be-ac89-a7dc70899832: addNew group-7C98CEF1E43C:[3181cc3d-c03d-45be-ac89-a7dc70899832|rpc:10.1.0.20:15032|admin:10.1.0.20:15031|client:10.1.0.20:15030|dataStream:10.1.0.20:15033|priority:1|startupRole:FOLLOWER, 63f38968-75c0-4f5a-b557-2283dcafd01e|rpc:10.1.0.20:15023|admin:10.1.0.20:15022|client:10.1.0.20:15021|dataStream:10.1.0.20:15024|priority:0|startupRole:FOLLOWER, dc38f854-6bce-4a40-ab3d-29959e10d617|rpc:10.1.0.20:15014|admin:10.1.0.20:15013|client:10.1.0.20:15012|dataStream:10.1.0.20:15015|priority:0|startupRole:FOLLOWER] returns group-7C98CEF1E43C:java.util.concurrent.CompletableFuture@666d8884[Not completed]
2023-06-25 20:37:21,328 [3181cc3d-c03d-45be-ac89-a7dc70899832-groupManagement] INFO  server.RaftServerConfigKeys (ConfUtils.java:logGet(46)) - raft.server.rpc.request.timeout = 60s (custom)
2023-06-25 20:37:21,328 [3181cc3d-c03d-45be-ac89-a7dc70899832-groupManagement] INFO  server.RaftServerConfigKeys (ConfUtils.java:logGet(46)) - raft.server.log.appender.install.snapshot.enabled = false (custom)
2023-06-25 20:37:21,328 [3181cc3d-c03d-45be-ac89-a7dc70899832-groupManagement] INFO  server.RaftServerConfigKeys (ConfUtils.java:logGet(46)) - raft.server.threadpool.server.cached = true (default)
2023-06-25 20:37:21,328 [3181cc3d-c03d-45be-ac89-a7dc70899832-groupManagement] INFO  server.RaftServerConfigKeys (ConfUtils.java:logGet(46)) - raft.server.threadpool.server.size = 0 (default)
2023-06-25 20:37:21,328 [3181cc3d-c03d-45be-ac89-a7dc70899832-groupManagement] INFO  server.RaftServerConfigKeys (ConfUtils.java:logGet(46)) - raft.server.threadpool.client.cached = true (default)
2023-06-25 20:37:21,328 [3181cc3d-c03d-45be-ac89-a7dc70899832-groupManagement] INFO  server.RaftServerConfigKeys (ConfUtils.java:logGet(46)) - raft.server.threadpool.client.size = 0 (default)
2023-06-25 20:37:21,331 [3181cc3d-c03d-45be-ac89-a7dc70899832-groupManagement] INFO  server.RaftServer$Division (RaftServerImpl.java:<init>(198)) - 3181cc3d-c03d-45be-ac89-a7dc70899832: new RaftServerImpl for group-7C98CEF1E43C:[3181cc3d-c03d-45be-ac89-a7dc70899832|rpc:10.1.0.20:15032|admin:10.1.0.20:15031|client:10.1.0.20:15030|dataStream:10.1.0.20:15033|priority:1|startupRole:FOLLOWER, 63f38968-75c0-4f5a-b557-2283dcafd01e|rpc:10.1.0.20:15023|admin:10.1.0.20:15022|client:10.1.0.20:15021|dataStream:10.1.0.20:15024|priority:0|startupRole:FOLLOWER, dc38f854-6bce-4a40-ab3d-29959e10d617|rpc:10.1.0.20:15014|admin:10.1.0.20:15013|client:10.1.0.20:15012|dataStream:10.1.0.20:15015|priority:0|startupRole:FOLLOWER] with ContainerStateMachine:uninitialized
2023-06-25 20:37:21,331 [3181cc3d-c03d-45be-ac89-a7dc70899832-groupManagement] INFO  server.RaftServerConfigKeys (ConfUtils.java:logGet(46)) - raft.server.rpc.timeout.min = 5s (custom)
2023-06-25 20:37:21,332 [3181cc3d-c03d-45be-ac89-a7dc70899832-groupManagement] INFO  server.RaftServerConfigKeys (ConfUtils.java:logGet(46)) - raft.server.rpc.timeout.max = 5200ms (custom)
2023-06-25 20:37:21,332 [3181cc3d-c03d-45be-ac89-a7dc70899832-groupManagement] INFO  server.RaftServerConfigKeys (ConfUtils.java:logGet(46)) - raft.server.rpc.sleep.time = 25ms (default)
2023-06-25 20:37:21,332 [3181cc3d-c03d-45be-ac89-a7dc70899832-groupManagement] INFO  server.RaftServerConfigKeys (ConfUtils.java:logGet(46)) - raft.server.rpc.slowness.timeout = 300s (custom)
2023-06-25 20:37:21,332 [3181cc3d-c03d-45be-ac89-a7dc70899832-groupManagement] INFO  server.RaftServerConfigKeys (ConfUtils.java:logGet(46)) - raft.server.leaderelection.leader.step-down.wait-time = 10s (default)
2023-06-25 20:37:21,333 [3181cc3d-c03d-45be-ac89-a7dc70899832-groupManagement] INFO  server.RaftServerConfigKeys (ConfUtils.java:logGet(46)) - raft.server.sleep.deviation.threshold = 300ms (default)
2023-06-25 20:37:21,333 [3181cc3d-c03d-45be-ac89-a7dc70899832-groupManagement] INFO  server.RaftServer$Division (ServerState.java:<init>(120)) - 3181cc3d-c03d-45be-ac89-a7dc70899832@group-7C98CEF1E43C: ConfigurationManager, init=-1: peers:[3181cc3d-c03d-45be-ac89-a7dc70899832|rpc:10.1.0.20:15032|admin:10.1.0.20:15031|client:10.1.0.20:15030|dataStream:10.1.0.20:15033|priority:1|startupRole:FOLLOWER, 63f38968-75c0-4f5a-b557-2283dcafd01e|rpc:10.1.0.20:15023|admin:10.1.0.20:15022|client:10.1.0.20:15021|dataStream:10.1.0.20:15024|priority:0|startupRole:FOLLOWER, dc38f854-6bce-4a40-ab3d-29959e10d617|rpc:10.1.0.20:15014|admin:10.1.0.20:15013|client:10.1.0.20:15012|dataStream:10.1.0.20:15015|priority:0|startupRole:FOLLOWER]|listeners:[], old=null, confs=<EMPTY_MAP>
2023-06-25 20:37:21,333 [3181cc3d-c03d-45be-ac89-a7dc70899832-groupManagement] INFO  server.RaftServerConfigKeys (ConfUtils.java:logGet(46)) - raft.server.storage.dir = [/home/runner/work/ozone/ozone/hadoop-ozone/integration-test/target/test-dir/MiniOzoneClusterImpl-3473cb2a-b740-44b6-9b0f-d3bba0659fcf/datanode-2/data/ratis] (custom)
2023-06-25 20:37:21,333 [3181cc3d-c03d-45be-ac89-a7dc70899832-groupManagement] INFO  server.RaftServerConfigKeys (ConfUtils.java:logGet(46)) - raft.server.log.corruption.policy = EXCEPTION (default)
2023-06-25 20:37:21,333 [3181cc3d-c03d-45be-ac89-a7dc70899832-groupManagement] INFO  server.RaftServerConfigKeys (ConfUtils.java:logGet(46)) - raft.server.storage.free-space.min = 0MB (=0) (default)
2023-06-25 20:37:21,333 [3181cc3d-c03d-45be-ac89-a7dc70899832-groupManagement] INFO  server.RaftServerConfigKeys (ConfUtils.java:logGet(46)) - raft.server.notification.no-leader.timeout = 300s (custom)
2023-06-25 20:37:21,333 [3181cc3d-c03d-45be-ac89-a7dc70899832-groupManagement] INFO  server.RaftServerConfigKeys (ConfUtils.java:logGet(46)) - raft.server.read.timeout = 10s (default)
2023-06-25 20:37:21,333 [3181cc3d-c03d-45be-ac89-a7dc70899832-groupManagement] INFO  server.RaftServerConfigKeys (ConfUtils.java:logGet(46)) - raft.server.retrycache.expirytime = 600000ms (custom)
2023-06-25 20:37:21,334 [3181cc3d-c03d-45be-ac89-a7dc70899832-groupManagement] INFO  server.RaftServerConfigKeys (ConfUtils.java:logGet(46)) - raft.server.retrycache.statistics.expirytime = 100μs (default)
2023-06-25 20:37:21,334 [3181cc3d-c03d-45be-ac89-a7dc70899832-groupManagement] INFO  server.RaftServerConfigKeys (ConfUtils.java:logGet(46)) - raft.server.read.option = DEFAULT (default)
2023-06-25 20:37:21,335 [3181cc3d-c03d-45be-ac89-a7dc70899832-groupManagement] INFO  server.RaftServerConfigKeys (ConfUtils.java:logGet(46)) - raft.server.rpc.request.timeout = 60s (custom)
2023-06-25 20:37:21,335 [3181cc3d-c03d-45be-ac89-a7dc70899832-groupManagement] INFO  server.RaftServerConfigKeys (ConfUtils.java:logGet(46)) - raft.server.log.appender.install.snapshot.enabled = false (custom)
2023-06-25 20:37:21,335 [3181cc3d-c03d-45be-ac89-a7dc70899832-groupManagement] INFO  server.RaftServerConfigKeys (ConfUtils.java:logGet(46)) - raft.server.threadpool.server.cached = true (default)
2023-06-25 20:37:21,335 [3181cc3d-c03d-45be-ac89-a7dc70899832-groupManagement] INFO  server.RaftServerConfigKeys (ConfUtils.java:logGet(46)) - raft.server.threadpool.server.size = 0 (default)
2023-06-25 20:37:21,336 [3181cc3d-c03d-45be-ac89-a7dc70899832-groupManagement] INFO  server.RaftServerConfigKeys (ConfUtils.java:logGet(46)) - raft.server.threadpool.client.cached = true (default)
2023-06-25 20:37:21,336 [3181cc3d-c03d-45be-ac89-a7dc70899832-groupManagement] INFO  server.RaftServerConfigKeys (ConfUtils.java:logGet(46)) - raft.server.threadpool.client.size = 0 (default)
2023-06-25 20:37:21,336 [3181cc3d-c03d-45be-ac89-a7dc70899832-groupManagement] INFO  storage.RaftStorageDirectory (RaftStorageDirectoryImpl.java:analyzeStorage(137)) - The storage directory /home/runner/work/ozone/ozone/hadoop-ozone/integration-test/target/test-dir/MiniOzoneClusterImpl-3473cb2a-b740-44b6-9b0f-d3bba0659fcf/datanode-2/data/ratis/f1773b77-a87f-4e5c-a21f-8b0547138ac8 does not exist. Creating ...
2023-06-25 20:37:21,343 [3181cc3d-c03d-45be-ac89-a7dc70899832-groupManagement] INFO  storage.RaftStorageDirectory (RaftStorageDirectoryImpl.java:tryLock(231)) - Lock on /home/runner/work/ozone/ozone/hadoop-ozone/integration-test/target/test-dir/MiniOzoneClusterImpl-3473cb2a-b740-44b6-9b0f-d3bba0659fcf/datanode-2/data/ratis/f1773b77-a87f-4e5c-a21f-8b0547138ac8/in_use.lock acquired by nodename 7655@fv-az808-130
2023-06-25 20:37:21,344 [3181cc3d-c03d-45be-ac89-a7dc70899832-groupManagement] INFO  storage.RaftStorage (RaftStorageImpl.java:format(96)) - Storage directory /home/runner/work/ozone/ozone/hadoop-ozone/integration-test/target/test-dir/MiniOzoneClusterImpl-3473cb2a-b740-44b6-9b0f-d3bba0659fcf/datanode-2/data/ratis/f1773b77-a87f-4e5c-a21f-8b0547138ac8 has been successfully formatted.
2023-06-25 20:37:21,357 [3181cc3d-c03d-45be-ac89-a7dc70899832-groupManagement] INFO  ratis.ContainerStateMachine (ContainerStateMachine.java:loadSnapshot(262)) - group-8B0547138AC8: The snapshot info is null. Setting the last applied indexto:(t:0, i:~)
2023-06-25 20:37:21,357 [3181cc3d-c03d-45be-ac89-a7dc70899832-groupManagement] INFO  server.RaftServerConfigKeys (ConfUtils.java:logGet(46)) - raft.server.log.use.memory = false (default)
2023-06-25 20:37:21,357 [3181cc3d-c03d-45be-ac89-a7dc70899832-groupManagement] INFO  server.RaftServerConfigKeys (ConfUtils.java:logGet(46)) - raft.server.log.purge.gap = 1000000 (custom)
2023-06-25 20:37:21,357 [3181cc3d-c03d-45be-ac89-a7dc70899832-groupManagement] INFO  server.RaftServerConfigKeys (ConfUtils.java:logGet(46)) - raft.server.log.appender.buffer.byte-limit = 33554432 (custom)
2023-06-25 20:37:21,358 [3181cc3d-c03d-45be-ac89-a7dc70899832-groupManagement] INFO  server.RaftServerConfigKeys (ConfUtils.java:logGet(46)) - raft.server.log.statemachine.data.read.timeout = 1000ms (default)
2023-06-25 20:37:21,358 [3181cc3d-c03d-45be-ac89-a7dc70899832-groupManagement] INFO  server.RaftServerConfigKeys (ConfUtils.java:logGet(46)) - raft.server.log.purge.preservation.log.num = 0 (default)
2023-06-25 20:37:21,358 [3181cc3d-c03d-45be-ac89-a7dc70899832-groupManagement] INFO  server.RaftServerConfigKeys (ConfUtils.java:logGet(46)) - raft.server.log.segment.size.max = 1048576 (custom)
2023-06-25 20:37:21,358 [3181cc3d-c03d-45be-ac89-a7dc70899832-groupManagement] INFO  server.RaftServerConfigKeys (ConfUtils.java:logGet(46)) - raft.server.log.segment.cache.num.max = 2 (custom)
2023-06-25 20:37:21,358 [3181cc3d-c03d-45be-ac89-a7dc70899832-groupManagement] INFO  server.RaftServerConfigKeys (ConfUtils.java:logGet(46)) - raft.server.log.segment.cache.size.max = 200MB (=209715200) (default)
2023-06-25 20:37:21,359 [3181cc3d-c03d-45be-ac89-a7dc70899832-groupManagement] INFO  server.RaftServerConfigKeys (ConfUtils.java:logGet(46)) - raft.server.log.appender.buffer.byte-limit = 33554432 (custom)
2023-06-25 20:37:21,359 [3181cc3d-c03d-45be-ac89-a7dc70899832-groupManagement] INFO  segmented.SegmentedRaftLogWorker (SegmentedRaftLogWorker.java:<init>(188)) - new 3181cc3d-c03d-45be-ac89-a7dc70899832@group-8B0547138AC8-SegmentedRaftLogWorker for RaftStorageImpl:Storage Directory /home/runner/work/ozone/ozone/hadoop-ozone/integration-test/target/test-dir/MiniOzoneClusterImpl-3473cb2a-b740-44b6-9b0f-d3bba0659fcf/datanode-2/data/ratis/f1773b77-a87f-4e5c-a21f-8b0547138ac8
2023-06-25 20:37:21,359 [3181cc3d-c03d-45be-ac89-a7dc70899832-groupManagement] INFO  server.RaftServerConfigKeys (ConfUtils.java:logGet(46)) - raft.server.log.queue.byte-limit = 4294967296 (custom)
2023-06-25 20:37:21,359 [3181cc3d-c03d-45be-ac89-a7dc70899832-groupManagement] INFO  server.RaftServerConfigKeys (ConfUtils.java:logGet(46)) - raft.server.log.queue.element-limit = 1024 (custom)
2023-06-25 20:37:21,359 [3181cc3d-c03d-45be-ac89-a7dc70899832-groupManagement] INFO  server.RaftServerConfigKeys (ConfUtils.java:logGet(46)) - raft.server.log.segment.size.max = 1048576 (custom)
2023-06-25 20:37:21,359 [3181cc3d-c03d-45be-ac89-a7dc70899832-groupManagement] INFO  server.RaftServerConfigKeys (ConfUtils.java:logGet(46)) - raft.server.log.preallocated.size = 16384 (custom)
2023-06-25 20:37:21,359 [3181cc3d-c03d-45be-ac89-a7dc70899832-groupManagement] INFO  server.RaftServerConfigKeys (ConfUtils.java:logGet(46)) - raft.server.log.force.sync.num = 128 (default)
2023-06-25 20:37:21,359 [3181cc3d-c03d-45be-ac89-a7dc70899832-groupManagement] INFO  server.RaftServerConfigKeys (ConfUtils.java:logGet(46)) - raft.server.log.statemachine.data.sync = true (default)
2023-06-25 20:37:21,359 [3181cc3d-c03d-45be-ac89-a7dc70899832-groupManagement] INFO  server.RaftServerConfigKeys (ConfUtils.java:logGet(46)) - raft.server.log.statemachine.data.sync.timeout = 10s (default)
2023-06-25 20:37:21,359 [3181cc3d-c03d-45be-ac89-a7dc70899832-groupManagement] INFO  server.RaftServerConfigKeys (ConfUtils.java:logGet(46)) - raft.server.log.statemachine.data.sync.timeout.retry = -1 (default)
2023-06-25 20:37:21,362 [3181cc3d-c03d-45be-ac89-a7dc70899832-groupManagement] INFO  server.RaftServerConfigKeys (ConfUtils.java:logGet(46)) - raft.server.log.write.buffer.size = 1048576 (custom)
2023-06-25 20:37:21,363 [3181cc3d-c03d-45be-ac89-a7dc70899832-groupManagement] INFO  server.RaftServerConfigKeys (ConfUtils.java:logGet(46)) - raft.server.log.appender.buffer.byte-limit = 33554432 (custom)
2023-06-25 20:37:21,372 [EventQueue-PipelineReportForPipelineReportHandler] INFO  pipeline.PipelineManagerImpl (PipelineManagerImpl.java:openPipeline(381)) - Pipeline Pipeline[ Id: f1773b77-a87f-4e5c-a21f-8b0547138ac8, Nodes: 3181cc3d-c03d-45be-ac89-a7dc70899832(fv-az808-130.wa3tte2ragoufbcbawjciesdkc.bx.internal.cloudapp.net/10.1.0.20), ReplicationConfig: RATIS/ONE, State:ALLOCATED, leaderId:3181cc3d-c03d-45be-ac89-a7dc70899832, CreationTimestamp2023-06-25T20:37:18.286Z[Etc/UTC]] moved to OPEN state
2023-06-25 20:37:21,387 [EventQueue-OpenPipelineForHealthyPipelineSafeModeRule] INFO  safemode.SCMSafeModeManager (HealthyPipelineSafeModeRule.java:process(137)) - SCM in safe mode. Healthy pipelines reported count is 0, required healthy pipeline reported count is 1
2023-06-25 20:37:21,386 [3181cc3d-c03d-45be-ac89-a7dc70899832-groupManagement] INFO  server.RaftServerConfigKeys (ConfUtils.java:logGet(46)) - raft.server.log.unsafe-flush.enabled = false (default)
2023-06-25 20:37:21,387 [3181cc3d-c03d-45be-ac89-a7dc70899832-groupManagement] INFO  server.RaftServerConfigKeys (ConfUtils.java:logGet(46)) - raft.server.log.async-flush.enabled = false (default)
2023-06-25 20:37:21,387 [3181cc3d-c03d-45be-ac89-a7dc70899832-groupManagement] INFO  server.RaftServerConfigKeys (ConfUtils.java:logGet(46)) - raft.server.log.statemachine.data.caching.enabled = true (custom)
2023-06-25 20:37:21,388 [3181cc3d-c03d-45be-ac89-a7dc70899832-groupManagement] INFO  segmented.SegmentedRaftLogWorker (SegmentedRaftLogWorker.java:lambda$new$0(135)) - 3181cc3d-c03d-45be-ac89-a7dc70899832@group-8B0547138AC8-SegmentedRaftLogWorker: flushIndex: setUnconditionally 0 -> -1
2023-06-25 20:37:21,388 [3181cc3d-c03d-45be-ac89-a7dc70899832-groupManagement] INFO  segmented.SegmentedRaftLogWorker (SegmentedRaftLogWorker.java:lambda$new$0(135)) - 3181cc3d-c03d-45be-ac89-a7dc70899832@group-8B0547138AC8-SegmentedRaftLogWorker: safeCacheEvictIndex: setUnconditionally 0 -> -1
2023-06-25 20:37:21,388 [3181cc3d-c03d-45be-ac89-a7dc70899832-groupManagement] INFO  server.RaftServer$Division (RaftServerImpl.java:start(342)) - 3181cc3d-c03d-45be-ac89-a7dc70899832@group-8B0547138AC8: start as a follower, conf=-1: peers:[3181cc3d-c03d-45be-ac89-a7dc70899832|rpc:10.1.0.20:15032|admin:10.1.0.20:15031|client:10.1.0.20:15030|dataStream:10.1.0.20:15033|priority:1|startupRole:FOLLOWER]|listeners:[], old=null
2023-06-25 20:37:21,388 [3181cc3d-c03d-45be-ac89-a7dc70899832-groupManagement] INFO  server.RaftServer$Division (RaftServerImpl.java:setRole(329)) - 3181cc3d-c03d-45be-ac89-a7dc70899832@group-8B0547138AC8: changes role from      null to FOLLOWER at term 0 for startAsFollower
2023-06-25 20:37:21,388 [3181cc3d-c03d-45be-ac89-a7dc70899832-groupManagement] INFO  impl.RoleInfo (RoleInfo.java:updateAndGet(139)) - 3181cc3d-c03d-45be-ac89-a7dc70899832: start 3181cc3d-c03d-45be-ac89-a7dc70899832@group-8B0547138AC8-FollowerState
2023-06-25 20:37:21,399 [3181cc3d-c03d-45be-ac89-a7dc70899832-groupManagement] INFO  util.JmxRegister (JmxRegister.java:tryRegister(44)) - Successfully registered JMX Bean with object name Ratis:service=RaftServer,group=group-8B0547138AC8,id=3181cc3d-c03d-45be-ac89-a7dc70899832
2023-06-25 20:37:21,399 [3181cc3d-c03d-45be-ac89-a7dc70899832-groupManagement] INFO  server.RaftServerConfigKeys (ConfUtils.java:logGet(46)) - raft.server.snapshot.auto.trigger.enabled = true (custom)
2023-06-25 20:37:21,399 [3181cc3d-c03d-45be-ac89-a7dc70899832-groupManagement] INFO  server.RaftServerConfigKeys (ConfUtils.java:logGet(46)) - raft.server.snapshot.auto.trigger.threshold = 10000 (custom)
2023-06-25 20:37:21,399 [3181cc3d-c03d-45be-ac89-a7dc70899832-groupManagement] INFO  server.RaftServerConfigKeys (ConfUtils.java:logGet(46)) - raft.server.snapshot.retention.file.num = 5 (custom)
2023-06-25 20:37:21,399 [3181cc3d-c03d-45be-ac89-a7dc70899832-groupManagement] INFO  server.RaftServerConfigKeys (ConfUtils.java:logGet(46)) - raft.server.log.purge.upto.snapshot.index = false (default)
2023-06-25 20:37:21,407 [3181cc3d-c03d-45be-ac89-a7dc70899832-groupManagement] INFO  storage.RaftStorageDirectory (RaftStorageDirectoryImpl.java:analyzeStorage(137)) - The storage directory /home/runner/work/ozone/ozone/hadoop-ozone/integration-test/target/test-dir/MiniOzoneClusterImpl-3473cb2a-b740-44b6-9b0f-d3bba0659fcf/datanode-2/data/ratis/e0dc6118-b64e-404b-993f-7c98cef1e43c does not exist. Creating ...
2023-06-25 20:37:21,408 [PipelineCommandHandlerThread-0] INFO  ratis.XceiverServerRatis (XceiverServerRatis.java:addGroup(804)) - Created group PipelineID=f1773b77-a87f-4e5c-a21f-8b0547138ac8
2023-06-25 20:37:21,408 [PipelineCommandHandlerThread-0] INFO  commandhandler.CreatePipelineCommandHandler (CreatePipelineCommandHandler.java:lambda$handle$2(124)) - Created Pipeline RATIS ONE PipelineID=f1773b77-a87f-4e5c-a21f-8b0547138ac8.
2023-06-25 20:37:21,409 [PipelineCommandHandlerThread-0] INFO  server.RaftServer (RaftServerProxy.java:addNew(98)) - 3181cc3d-c03d-45be-ac89-a7dc70899832: addNew group-A2514096448E:[3181cc3d-c03d-45be-ac89-a7dc70899832|rpc:10.1.0.20:15032|admin:10.1.0.20:15031|client:10.1.0.20:15030|dataStream:10.1.0.20:15033|priority:0|startupRole:FOLLOWER, 63f38968-75c0-4f5a-b557-2283dcafd01e|rpc:10.1.0.20:15023|admin:10.1.0.20:15022|client:10.1.0.20:15021|dataStream:10.1.0.20:15024|priority:1|startupRole:FOLLOWER, dc38f854-6bce-4a40-ab3d-29959e10d617|rpc:10.1.0.20:15014|admin:10.1.0.20:15013|client:10.1.0.20:15012|dataStream:10.1.0.20:15015|priority:0|startupRole:FOLLOWER] returns group-A2514096448E:java.util.concurrent.CompletableFuture@6fc325d6[Not completed]
2023-06-25 20:37:21,409 [3181cc3d-c03d-45be-ac89-a7dc70899832@group-8B0547138AC8-FollowerState] INFO  server.RaftServerConfigKeys (ConfUtils.java:logFallback(53)) - raft.server.rpc.first-election.timeout.min = 5s (fallback to raft.server.rpc.timeout.min)
2023-06-25 20:37:21,409 [3181cc3d-c03d-45be-ac89-a7dc70899832@group-8B0547138AC8-FollowerState] INFO  server.RaftServerConfigKeys (ConfUtils.java:logFallback(53)) - raft.server.rpc.first-election.timeout.max = 5200ms (fallback to raft.server.rpc.timeout.max)
2023-06-25 20:37:21,410 [3181cc3d-c03d-45be-ac89-a7dc70899832-groupManagement] INFO  storage.RaftStorageDirectory (RaftStorageDirectoryImpl.java:tryLock(231)) - Lock on /home/runner/work/ozone/ozone/hadoop-ozone/integration-test/target/test-dir/MiniOzoneClusterImpl-3473cb2a-b740-44b6-9b0f-d3bba0659fcf/datanode-2/data/ratis/e0dc6118-b64e-404b-993f-7c98cef1e43c/in_use.lock acquired by nodename 7655@fv-az808-130
2023-06-25 20:37:21,412 [3181cc3d-c03d-45be-ac89-a7dc70899832-groupManagement] INFO  storage.RaftStorage (RaftStorageImpl.java:format(96)) - Storage directory /home/runner/work/ozone/ozone/hadoop-ozone/integration-test/target/test-dir/MiniOzoneClusterImpl-3473cb2a-b740-44b6-9b0f-d3bba0659fcf/datanode-2/data/ratis/e0dc6118-b64e-404b-993f-7c98cef1e43c has been successfully formatted.
2023-06-25 20:37:21,413 [3181cc3d-c03d-45be-ac89-a7dc70899832-groupManagement] INFO  ratis.ContainerStateMachine (ContainerStateMachine.java:loadSnapshot(262)) - group-7C98CEF1E43C: The snapshot info is null. Setting the last applied indexto:(t:0, i:~)
2023-06-25 20:37:21,413 [3181cc3d-c03d-45be-ac89-a7dc70899832-groupManagement] INFO  server.RaftServerConfigKeys (ConfUtils.java:logGet(46)) - raft.server.log.use.memory = false (default)
2023-06-25 20:37:21,413 [3181cc3d-c03d-45be-ac89-a7dc70899832-groupManagement] INFO  server.RaftServerConfigKeys (ConfUtils.java:logGet(46)) - raft.server.log.purge.gap = 1000000 (custom)
2023-06-25 20:37:21,413 [3181cc3d-c03d-45be-ac89-a7dc70899832-groupManagement] INFO  server.RaftServerConfigKeys (ConfUtils.java:logGet(46)) - raft.server.log.appender.buffer.byte-limit = 33554432 (custom)
2023-06-25 20:37:21,413 [3181cc3d-c03d-45be-ac89-a7dc70899832-groupManagement] INFO  server.RaftServerConfigKeys (ConfUtils.java:logGet(46)) - raft.server.log.statemachine.data.read.timeout = 1000ms (default)
2023-06-25 20:37:21,413 [3181cc3d-c03d-45be-ac89-a7dc70899832-groupManagement] INFO  server.RaftServerConfigKeys (ConfUtils.java:logGet(46)) - raft.server.log.purge.preservation.log.num = 0 (default)
2023-06-25 20:37:21,414 [3181cc3d-c03d-45be-ac89-a7dc70899832-groupManagement] INFO  server.RaftServerConfigKeys (ConfUtils.java:logGet(46)) - raft.server.log.segment.size.max = 1048576 (custom)
2023-06-25 20:37:21,414 [3181cc3d-c03d-45be-ac89-a7dc70899832-groupManagement] INFO  server.RaftServerConfigKeys (ConfUtils.java:logGet(46)) - raft.server.log.segment.cache.num.max = 2 (custom)
2023-06-25 20:37:21,414 [3181cc3d-c03d-45be-ac89-a7dc70899832-groupManagement] INFO  server.RaftServerConfigKeys (ConfUtils.java:logGet(46)) - raft.server.log.segment.cache.size.max = 200MB (=209715200) (default)
2023-06-25 20:37:21,414 [3181cc3d-c03d-45be-ac89-a7dc70899832-groupManagement] INFO  server.RaftServerConfigKeys (ConfUtils.java:logGet(46)) - raft.server.log.appender.buffer.byte-limit = 33554432 (custom)
2023-06-25 20:37:21,414 [3181cc3d-c03d-45be-ac89-a7dc70899832-groupManagement] INFO  segmented.SegmentedRaftLogWorker (SegmentedRaftLogWorker.java:<init>(188)) - new 3181cc3d-c03d-45be-ac89-a7dc70899832@group-7C98CEF1E43C-SegmentedRaftLogWorker for RaftStorageImpl:Storage Directory /home/runner/work/ozone/ozone/hadoop-ozone/integration-test/target/test-dir/MiniOzoneClusterImpl-3473cb2a-b740-44b6-9b0f-d3bba0659fcf/datanode-2/data/ratis/e0dc6118-b64e-404b-993f-7c98cef1e43c
2023-06-25 20:37:21,414 [3181cc3d-c03d-45be-ac89-a7dc70899832-groupManagement] INFO  server.RaftServerConfigKeys (ConfUtils.java:logGet(46)) - raft.server.log.queue.byte-limit = 4294967296 (custom)
2023-06-25 20:37:21,414 [3181cc3d-c03d-45be-ac89-a7dc70899832-groupManagement] INFO  server.RaftServerConfigKeys (ConfUtils.java:logGet(46)) - raft.server.log.queue.element-limit = 1024 (custom)
2023-06-25 20:37:21,414 [3181cc3d-c03d-45be-ac89-a7dc70899832-groupManagement] INFO  server.RaftServerConfigKeys (ConfUtils.java:logGet(46)) - raft.server.log.segment.size.max = 1048576 (custom)
2023-06-25 20:37:21,415 [3181cc3d-c03d-45be-ac89-a7dc70899832-groupManagement] INFO  server.RaftServerConfigKeys (ConfUtils.java:logGet(46)) - raft.server.log.preallocated.size = 16384 (custom)
2023-06-25 20:37:21,415 [3181cc3d-c03d-45be-ac89-a7dc70899832-groupManagement] INFO  server.RaftServerConfigKeys (ConfUtils.java:logGet(46)) - raft.server.log.force.sync.num = 128 (default)
2023-06-25 20:37:21,415 [3181cc3d-c03d-45be-ac89-a7dc70899832-groupManagement] INFO  server.RaftServerConfigKeys (ConfUtils.java:logGet(46)) - raft.server.log.statemachine.data.sync = true (default)
2023-06-25 20:37:21,415 [3181cc3d-c03d-45be-ac89-a7dc70899832-groupManagement] INFO  server.RaftServerConfigKeys (ConfUtils.java:logGet(46)) - raft.server.log.statemachine.data.sync.timeout = 10s (default)
2023-06-25 20:37:21,415 [3181cc3d-c03d-45be-ac89-a7dc70899832-groupManagement] INFO  server.RaftServerConfigKeys (ConfUtils.java:logGet(46)) - raft.server.log.statemachine.data.sync.timeout.retry = -1 (default)
2023-06-25 20:37:21,416 [3181cc3d-c03d-45be-ac89-a7dc70899832-groupManagement] INFO  server.RaftServerConfigKeys (ConfUtils.java:logGet(46)) - raft.server.log.write.buffer.size = 1048576 (custom)
2023-06-25 20:37:21,417 [3181cc3d-c03d-45be-ac89-a7dc70899832-groupManagement] INFO  server.RaftServerConfigKeys (ConfUtils.java:logGet(46)) - raft.server.log.appender.buffer.byte-limit = 33554432 (custom)
2023-06-25 20:37:21,434 [EventQueue-OpenPipelineForHealthyPipelineSafeModeRule] INFO  safemode.SCMSafeModeManager (HealthyPipelineSafeModeRule.java:process(137)) - SCM in safe mode. Healthy pipelines reported count is 0, required healthy pipeline reported count is 1
2023-06-25 20:37:21,435 [3181cc3d-c03d-45be-ac89-a7dc70899832-groupManagement] INFO  server.RaftServerConfigKeys (ConfUtils.java:logGet(46)) - raft.server.log.unsafe-flush.enabled = false (default)
2023-06-25 20:37:21,436 [3181cc3d-c03d-45be-ac89-a7dc70899832-groupManagement] INFO  server.RaftServerConfigKeys (ConfUtils.java:logGet(46)) - raft.server.log.async-flush.enabled = false (default)
2023-06-25 20:37:21,436 [3181cc3d-c03d-45be-ac89-a7dc70899832-groupManagement] INFO  server.RaftServerConfigKeys (ConfUtils.java:logGet(46)) - raft.server.log.statemachine.data.caching.enabled = true (custom)
2023-06-25 20:37:21,436 [3181cc3d-c03d-45be-ac89-a7dc70899832-groupManagement] INFO  segmented.SegmentedRaftLogWorker (SegmentedRaftLogWorker.java:lambda$new$0(135)) - 3181cc3d-c03d-45be-ac89-a7dc70899832@group-7C98CEF1E43C-SegmentedRaftLogWorker: flushIndex: setUnconditionally 0 -> -1
2023-06-25 20:37:21,436 [3181cc3d-c03d-45be-ac89-a7dc70899832-groupManagement] INFO  segmented.SegmentedRaftLogWorker (SegmentedRaftLogWorker.java:lambda$new$0(135)) - 3181cc3d-c03d-45be-ac89-a7dc70899832@group-7C98CEF1E43C-SegmentedRaftLogWorker: safeCacheEvictIndex: setUnconditionally 0 -> -1
2023-06-25 20:37:21,443 [3181cc3d-c03d-45be-ac89-a7dc70899832-groupManagement] INFO  server.RaftServer$Division (RaftServerImpl.java:start(342)) - 3181cc3d-c03d-45be-ac89-a7dc70899832@group-7C98CEF1E43C: start as a follower, conf=-1: peers:[3181cc3d-c03d-45be-ac89-a7dc70899832|rpc:10.1.0.20:15032|admin:10.1.0.20:15031|client:10.1.0.20:15030|dataStream:10.1.0.20:15033|priority:1|startupRole:FOLLOWER, 63f38968-75c0-4f5a-b557-2283dcafd01e|rpc:10.1.0.20:15023|admin:10.1.0.20:15022|client:10.1.0.20:15021|dataStream:10.1.0.20:15024|priority:0|startupRole:FOLLOWER, dc38f854-6bce-4a40-ab3d-29959e10d617|rpc:10.1.0.20:15014|admin:10.1.0.20:15013|client:10.1.0.20:15012|dataStream:10.1.0.20:15015|priority:0|startupRole:FOLLOWER]|listeners:[], old=null
2023-06-25 20:37:21,443 [3181cc3d-c03d-45be-ac89-a7dc70899832-groupManagement] INFO  server.RaftServer$Division (RaftServerImpl.java:setRole(329)) - 3181cc3d-c03d-45be-ac89-a7dc70899832@group-7C98CEF1E43C: changes role from      null to FOLLOWER at term 0 for startAsFollower
2023-06-25 20:37:21,443 [3181cc3d-c03d-45be-ac89-a7dc70899832-groupManagement] INFO  impl.RoleInfo (RoleInfo.java:updateAndGet(139)) - 3181cc3d-c03d-45be-ac89-a7dc70899832: start 3181cc3d-c03d-45be-ac89-a7dc70899832@group-7C98CEF1E43C-FollowerState
2023-06-25 20:37:21,443 [3181cc3d-c03d-45be-ac89-a7dc70899832-groupManagement] INFO  util.JmxRegister (JmxRegister.java:tryRegister(44)) - Successfully registered JMX Bean with object name Ratis:service=RaftServer,group=group-7C98CEF1E43C,id=3181cc3d-c03d-45be-ac89-a7dc70899832
2023-06-25 20:37:21,443 [3181cc3d-c03d-45be-ac89-a7dc70899832-groupManagement] INFO  server.RaftServerConfigKeys (ConfUtils.java:logGet(46)) - raft.server.snapshot.auto.trigger.enabled = true (custom)
2023-06-25 20:37:21,444 [3181cc3d-c03d-45be-ac89-a7dc70899832-groupManagement] INFO  server.RaftServerConfigKeys (ConfUtils.java:logGet(46)) - raft.server.snapshot.auto.trigger.threshold = 10000 (custom)
2023-06-25 20:37:21,444 [3181cc3d-c03d-45be-ac89-a7dc70899832-groupManagement] INFO  server.RaftServerConfigKeys (ConfUtils.java:logGet(46)) - raft.server.snapshot.retention.file.num = 5 (custom)
2023-06-25 20:37:21,444 [3181cc3d-c03d-45be-ac89-a7dc70899832-groupManagement] INFO  server.RaftServerConfigKeys (ConfUtils.java:logGet(46)) - raft.server.log.purge.upto.snapshot.index = false (default)
2023-06-25 20:37:21,443 [3181cc3d-c03d-45be-ac89-a7dc70899832@group-7C98CEF1E43C-FollowerState] INFO  server.RaftServerConfigKeys (ConfUtils.java:logFallback(53)) - raft.server.rpc.first-election.timeout.min = 5s (fallback to raft.server.rpc.timeout.min)
2023-06-25 20:37:21,452 [3181cc3d-c03d-45be-ac89-a7dc70899832@group-7C98CEF1E43C-FollowerState] INFO  server.RaftServerConfigKeys (ConfUtils.java:logFallback(53)) - raft.server.rpc.first-election.timeout.max = 5200ms (fallback to raft.server.rpc.timeout.max)
2023-06-25 20:37:21,454 [3181cc3d-c03d-45be-ac89-a7dc70899832-groupManagement] INFO  server.RaftServer$Division (RaftServerImpl.java:<init>(198)) - 3181cc3d-c03d-45be-ac89-a7dc70899832: new RaftServerImpl for group-A2514096448E:[3181cc3d-c03d-45be-ac89-a7dc70899832|rpc:10.1.0.20:15032|admin:10.1.0.20:15031|client:10.1.0.20:15030|dataStream:10.1.0.20:15033|priority:0|startupRole:FOLLOWER, 63f38968-75c0-4f5a-b557-2283dcafd01e|rpc:10.1.0.20:15023|admin:10.1.0.20:15022|client:10.1.0.20:15021|dataStream:10.1.0.20:15024|priority:1|startupRole:FOLLOWER, dc38f854-6bce-4a40-ab3d-29959e10d617|rpc:10.1.0.20:15014|admin:10.1.0.20:15013|client:10.1.0.20:15012|dataStream:10.1.0.20:15015|priority:0|startupRole:FOLLOWER] with ContainerStateMachine:uninitialized
2023-06-25 20:37:21,454 [3181cc3d-c03d-45be-ac89-a7dc70899832-groupManagement] INFO  server.RaftServerConfigKeys (ConfUtils.java:logGet(46)) - raft.server.rpc.timeout.min = 5s (custom)
2023-06-25 20:37:21,454 [3181cc3d-c03d-45be-ac89-a7dc70899832-groupManagement] INFO  server.RaftServerConfigKeys (ConfUtils.java:logGet(46)) - raft.server.rpc.timeout.max = 5200ms (custom)
2023-06-25 20:37:21,454 [3181cc3d-c03d-45be-ac89-a7dc70899832-groupManagement] INFO  server.RaftServerConfigKeys (ConfUtils.java:logGet(46)) - raft.server.rpc.sleep.time = 25ms (default)
2023-06-25 20:37:21,454 [3181cc3d-c03d-45be-ac89-a7dc70899832-groupManagement] INFO  server.RaftServerConfigKeys (ConfUtils.java:logGet(46)) - raft.server.rpc.slowness.timeout = 300s (custom)
2023-06-25 20:37:21,455 [3181cc3d-c03d-45be-ac89-a7dc70899832-groupManagement] INFO  server.RaftServerConfigKeys (ConfUtils.java:logGet(46)) - raft.server.leaderelection.leader.step-down.wait-time = 10s (default)
2023-06-25 20:37:21,455 [3181cc3d-c03d-45be-ac89-a7dc70899832-groupManagement] INFO  server.RaftServerConfigKeys (ConfUtils.java:logGet(46)) - raft.server.sleep.deviation.threshold = 300ms (default)
2023-06-25 20:37:21,455 [3181cc3d-c03d-45be-ac89-a7dc70899832-groupManagement] INFO  server.RaftServer$Division (ServerState.java:<init>(120)) - 3181cc3d-c03d-45be-ac89-a7dc70899832@group-A2514096448E: ConfigurationManager, init=-1: peers:[3181cc3d-c03d-45be-ac89-a7dc70899832|rpc:10.1.0.20:15032|admin:10.1.0.20:15031|client:10.1.0.20:15030|dataStream:10.1.0.20:15033|priority:0|startupRole:FOLLOWER, 63f38968-75c0-4f5a-b557-2283dcafd01e|rpc:10.1.0.20:15023|admin:10.1.0.20:15022|client:10.1.0.20:15021|dataStream:10.1.0.20:15024|priority:1|startupRole:FOLLOWER, dc38f854-6bce-4a40-ab3d-29959e10d617|rpc:10.1.0.20:15014|admin:10.1.0.20:15013|client:10.1.0.20:15012|dataStream:10.1.0.20:15015|priority:0|startupRole:FOLLOWER]|listeners:[], old=null, confs=<EMPTY_MAP>
2023-06-25 20:37:21,455 [3181cc3d-c03d-45be-ac89-a7dc70899832-groupManagement] INFO  server.RaftServerConfigKeys (ConfUtils.java:logGet(46)) - raft.server.storage.dir = [/home/runner/work/ozone/ozone/hadoop-ozone/integration-test/target/test-dir/MiniOzoneClusterImpl-3473cb2a-b740-44b6-9b0f-d3bba0659fcf/datanode-2/data/ratis] (custom)
2023-06-25 20:37:21,455 [3181cc3d-c03d-45be-ac89-a7dc70899832-groupManagement] INFO  server.RaftServerConfigKeys (ConfUtils.java:logGet(46)) - raft.server.log.corruption.policy = EXCEPTION (default)
2023-06-25 20:37:21,455 [3181cc3d-c03d-45be-ac89-a7dc70899832-groupManagement] INFO  server.RaftServerConfigKeys (ConfUtils.java:logGet(46)) - raft.server.storage.free-space.min = 0MB (=0) (default)
2023-06-25 20:37:21,455 [3181cc3d-c03d-45be-ac89-a7dc70899832-groupManagement] INFO  server.RaftServerConfigKeys (ConfUtils.java:logGet(46)) - raft.server.notification.no-leader.timeout = 300s (custom)
2023-06-25 20:37:21,455 [3181cc3d-c03d-45be-ac89-a7dc70899832-groupManagement] INFO  server.RaftServerConfigKeys (ConfUtils.java:logGet(46)) - raft.server.read.timeout = 10s (default)
2023-06-25 20:37:21,455 [3181cc3d-c03d-45be-ac89-a7dc70899832-groupManagement] INFO  server.RaftServerConfigKeys (ConfUtils.java:logGet(46)) - raft.server.retrycache.expirytime = 600000ms (custom)
2023-06-25 20:37:21,455 [3181cc3d-c03d-45be-ac89-a7dc70899832-groupManagement] INFO  server.RaftServerConfigKeys (ConfUtils.java:logGet(46)) - raft.server.retrycache.statistics.expirytime = 100μs (default)
2023-06-25 20:37:21,455 [3181cc3d-c03d-45be-ac89-a7dc70899832-groupManagement] INFO  server.RaftServerConfigKeys (ConfUtils.java:logGet(46)) - raft.server.read.option = DEFAULT (default)
2023-06-25 20:37:21,456 [3181cc3d-c03d-45be-ac89-a7dc70899832-groupManagement] INFO  server.RaftServerConfigKeys (ConfUtils.java:logGet(46)) - raft.server.rpc.request.timeout = 60s (custom)
2023-06-25 20:37:21,456 [3181cc3d-c03d-45be-ac89-a7dc70899832-groupManagement] INFO  server.RaftServerConfigKeys (ConfUtils.java:logGet(46)) - raft.server.log.appender.install.snapshot.enabled = false (custom)
2023-06-25 20:37:21,456 [3181cc3d-c03d-45be-ac89-a7dc70899832-groupManagement] INFO  server.RaftServerConfigKeys (ConfUtils.java:logGet(46)) - raft.server.threadpool.server.cached = true (default)
2023-06-25 20:37:21,457 [3181cc3d-c03d-45be-ac89-a7dc70899832-groupManagement] INFO  server.RaftServerConfigKeys (ConfUtils.java:logGet(46)) - raft.server.threadpool.server.size = 0 (default)
2023-06-25 20:37:21,457 [3181cc3d-c03d-45be-ac89-a7dc70899832-groupManagement] INFO  server.RaftServerConfigKeys (ConfUtils.java:logGet(46)) - raft.server.threadpool.client.cached = true (default)
2023-06-25 20:37:21,457 [3181cc3d-c03d-45be-ac89-a7dc70899832-groupManagement] INFO  server.RaftServerConfigKeys (ConfUtils.java:logGet(46)) - raft.server.threadpool.client.size = 0 (default)
2023-06-25 20:37:21,465 [3181cc3d-c03d-45be-ac89-a7dc70899832-groupManagement] INFO  storage.RaftStorageDirectory (RaftStorageDirectoryImpl.java:analyzeStorage(137)) - The storage directory /home/runner/work/ozone/ozone/hadoop-ozone/integration-test/target/test-dir/MiniOzoneClusterImpl-3473cb2a-b740-44b6-9b0f-d3bba0659fcf/datanode-2/data/ratis/26ca4c30-8024-47f9-affb-a2514096448e does not exist. Creating ...
2023-06-25 20:37:21,492 [3181cc3d-c03d-45be-ac89-a7dc70899832-groupManagement] INFO  storage.RaftStorageDirectory (RaftStorageDirectoryImpl.java:tryLock(231)) - Lock on /home/runner/work/ozone/ozone/hadoop-ozone/integration-test/target/test-dir/MiniOzoneClusterImpl-3473cb2a-b740-44b6-9b0f-d3bba0659fcf/datanode-2/data/ratis/26ca4c30-8024-47f9-affb-a2514096448e/in_use.lock acquired by nodename 7655@fv-az808-130
2023-06-25 20:37:21,494 [3181cc3d-c03d-45be-ac89-a7dc70899832-groupManagement] INFO  storage.RaftStorage (RaftStorageImpl.java:format(96)) - Storage directory /home/runner/work/ozone/ozone/hadoop-ozone/integration-test/target/test-dir/MiniOzoneClusterImpl-3473cb2a-b740-44b6-9b0f-d3bba0659fcf/datanode-2/data/ratis/26ca4c30-8024-47f9-affb-a2514096448e has been successfully formatted.
2023-06-25 20:37:21,494 [3181cc3d-c03d-45be-ac89-a7dc70899832-groupManagement] INFO  ratis.ContainerStateMachine (ContainerStateMachine.java:loadSnapshot(262)) - group-A2514096448E: The snapshot info is null. Setting the last applied indexto:(t:0, i:~)
2023-06-25 20:37:21,495 [3181cc3d-c03d-45be-ac89-a7dc70899832-groupManagement] INFO  server.RaftServerConfigKeys (ConfUtils.java:logGet(46)) - raft.server.log.use.memory = false (default)
2023-06-25 20:37:21,495 [3181cc3d-c03d-45be-ac89-a7dc70899832-groupManagement] INFO  server.RaftServerConfigKeys (ConfUtils.java:logGet(46)) - raft.server.log.purge.gap = 1000000 (custom)
2023-06-25 20:37:21,495 [3181cc3d-c03d-45be-ac89-a7dc70899832-groupManagement] INFO  server.RaftServerConfigKeys (ConfUtils.java:logGet(46)) - raft.server.log.appender.buffer.byte-limit = 33554432 (custom)
2023-06-25 20:37:21,495 [3181cc3d-c03d-45be-ac89-a7dc70899832-groupManagement] INFO  server.RaftServerConfigKeys (ConfUtils.java:logGet(46)) - raft.server.log.statemachine.data.read.timeout = 1000ms (default)
2023-06-25 20:37:21,495 [3181cc3d-c03d-45be-ac89-a7dc70899832-groupManagement] INFO  server.RaftServerConfigKeys (ConfUtils.java:logGet(46)) - raft.server.log.purge.preservation.log.num = 0 (default)
2023-06-25 20:37:21,495 [3181cc3d-c03d-45be-ac89-a7dc70899832-groupManagement] INFO  server.RaftServerConfigKeys (ConfUtils.java:logGet(46)) - raft.server.log.segment.size.max = 1048576 (custom)
2023-06-25 20:37:21,496 [3181cc3d-c03d-45be-ac89-a7dc70899832-groupManagement] INFO  server.RaftServerConfigKeys (ConfUtils.java:logGet(46)) - raft.server.log.segment.cache.num.max = 2 (custom)
2023-06-25 20:37:21,496 [3181cc3d-c03d-45be-ac89-a7dc70899832-groupManagement] INFO  server.RaftServerConfigKeys (ConfUtils.java:logGet(46)) - raft.server.log.segment.cache.size.max = 200MB (=209715200) (default)
2023-06-25 20:37:21,496 [3181cc3d-c03d-45be-ac89-a7dc70899832-groupManagement] INFO  server.RaftServerConfigKeys (ConfUtils.java:logGet(46)) - raft.server.log.appender.buffer.byte-limit = 33554432 (custom)
2023-06-25 20:37:21,496 [3181cc3d-c03d-45be-ac89-a7dc70899832-groupManagement] INFO  segmented.SegmentedRaftLogWorker (SegmentedRaftLogWorker.java:<init>(188)) - new 3181cc3d-c03d-45be-ac89-a7dc70899832@group-A2514096448E-SegmentedRaftLogWorker for RaftStorageImpl:Storage Directory /home/runner/work/ozone/ozone/hadoop-ozone/integration-test/target/test-dir/MiniOzoneClusterImpl-3473cb2a-b740-44b6-9b0f-d3bba0659fcf/datanode-2/data/ratis/26ca4c30-8024-47f9-affb-a2514096448e
2023-06-25 20:37:21,496 [3181cc3d-c03d-45be-ac89-a7dc70899832-groupManagement] INFO  server.RaftServerConfigKeys (ConfUtils.java:logGet(46)) - raft.server.log.queue.byte-limit = 4294967296 (custom)
2023-06-25 20:37:21,496 [3181cc3d-c03d-45be-ac89-a7dc70899832-groupManagement] INFO  server.RaftServerConfigKeys (ConfUtils.java:logGet(46)) - raft.server.log.queue.element-limit = 1024 (custom)
2023-06-25 20:37:21,496 [3181cc3d-c03d-45be-ac89-a7dc70899832-groupManagement] INFO  server.RaftServerConfigKeys (ConfUtils.java:logGet(46)) - raft.server.log.segment.size.max = 1048576 (custom)
2023-06-25 20:37:21,496 [3181cc3d-c03d-45be-ac89-a7dc70899832-groupManagement] INFO  server.RaftServerConfigKeys (ConfUtils.java:logGet(46)) - raft.server.log.preallocated.size = 16384 (custom)
2023-06-25 20:37:21,496 [3181cc3d-c03d-45be-ac89-a7dc70899832-groupManagement] INFO  server.RaftServerConfigKeys (ConfUtils.java:logGet(46)) - raft.server.log.force.sync.num = 128 (default)
2023-06-25 20:37:21,496 [3181cc3d-c03d-45be-ac89-a7dc70899832-groupManagement] INFO  server.RaftServerConfigKeys (ConfUtils.java:logGet(46)) - raft.server.log.statemachine.data.sync = true (default)
2023-06-25 20:37:21,496 [3181cc3d-c03d-45be-ac89-a7dc70899832-groupManagement] INFO  server.RaftServerConfigKeys (ConfUtils.java:logGet(46)) - raft.server.log.statemachine.data.sync.timeout = 10s (default)
2023-06-25 20:37:21,496 [3181cc3d-c03d-45be-ac89-a7dc70899832-groupManagement] INFO  server.RaftServerConfigKeys (ConfUtils.java:logGet(46)) - raft.server.log.statemachine.data.sync.timeout.retry = -1 (default)
2023-06-25 20:37:21,497 [3181cc3d-c03d-45be-ac89-a7dc70899832-groupManagement] INFO  server.RaftServerConfigKeys (ConfUtils.java:logGet(46)) - raft.server.log.write.buffer.size = 1048576 (custom)
2023-06-25 20:37:21,498 [3181cc3d-c03d-45be-ac89-a7dc70899832-groupManagement] INFO  server.RaftServerConfigKeys (ConfUtils.java:logGet(46)) - raft.server.log.appender.buffer.byte-limit = 33554432 (custom)
2023-06-25 20:37:21,510 [3181cc3d-c03d-45be-ac89-a7dc70899832-groupManagement] INFO  server.RaftServerConfigKeys (ConfUtils.java:logGet(46)) - raft.server.log.unsafe-flush.enabled = false (default)
2023-06-25 20:37:21,510 [3181cc3d-c03d-45be-ac89-a7dc70899832-groupManagement] INFO  server.RaftServerConfigKeys (ConfUtils.java:logGet(46)) - raft.server.log.async-flush.enabled = false (default)
2023-06-25 20:37:21,510 [3181cc3d-c03d-45be-ac89-a7dc70899832-groupManagement] INFO  server.RaftServerConfigKeys (ConfUtils.java:logGet(46)) - raft.server.log.statemachine.data.caching.enabled = true (custom)
2023-06-25 20:37:21,514 [3181cc3d-c03d-45be-ac89-a7dc70899832-groupManagement] INFO  segmented.SegmentedRaftLogWorker (SegmentedRaftLogWorker.java:lambda$new$0(135)) - 3181cc3d-c03d-45be-ac89-a7dc70899832@group-A2514096448E-SegmentedRaftLogWorker: flushIndex: setUnconditionally 0 -> -1
2023-06-25 20:37:21,514 [3181cc3d-c03d-45be-ac89-a7dc70899832-groupManagement] INFO  segmented.SegmentedRaftLogWorker (SegmentedRaftLogWorker.java:lambda$new$0(135)) - 3181cc3d-c03d-45be-ac89-a7dc70899832@group-A2514096448E-SegmentedRaftLogWorker: safeCacheEvictIndex: setUnconditionally 0 -> -1
2023-06-25 20:37:21,514 [3181cc3d-c03d-45be-ac89-a7dc70899832-groupManagement] INFO  server.RaftServer$Division (RaftServerImpl.java:start(342)) - 3181cc3d-c03d-45be-ac89-a7dc70899832@group-A2514096448E: start as a follower, conf=-1: peers:[3181cc3d-c03d-45be-ac89-a7dc70899832|rpc:10.1.0.20:15032|admin:10.1.0.20:15031|client:10.1.0.20:15030|dataStream:10.1.0.20:15033|priority:0|startupRole:FOLLOWER, 63f38968-75c0-4f5a-b557-2283dcafd01e|rpc:10.1.0.20:15023|admin:10.1.0.20:15022|client:10.1.0.20:15021|dataStream:10.1.0.20:15024|priority:1|startupRole:FOLLOWER, dc38f854-6bce-4a40-ab3d-29959e10d617|rpc:10.1.0.20:15014|admin:10.1.0.20:15013|client:10.1.0.20:15012|dataStream:10.1.0.20:15015|priority:0|startupRole:FOLLOWER]|listeners:[], old=null
2023-06-25 20:37:21,514 [3181cc3d-c03d-45be-ac89-a7dc70899832-groupManagement] INFO  server.RaftServer$Division (RaftServerImpl.java:setRole(329)) - 3181cc3d-c03d-45be-ac89-a7dc70899832@group-A2514096448E: changes role from      null to FOLLOWER at term 0 for startAsFollower
2023-06-25 20:37:21,514 [3181cc3d-c03d-45be-ac89-a7dc70899832-groupManagement] INFO  impl.RoleInfo (RoleInfo.java:updateAndGet(139)) - 3181cc3d-c03d-45be-ac89-a7dc70899832: start 3181cc3d-c03d-45be-ac89-a7dc70899832@group-A2514096448E-FollowerState
2023-06-25 20:37:21,514 [3181cc3d-c03d-45be-ac89-a7dc70899832-groupManagement] INFO  util.JmxRegister (JmxRegister.java:tryRegister(44)) - Successfully registered JMX Bean with object name Ratis:service=RaftServer,group=group-A2514096448E,id=3181cc3d-c03d-45be-ac89-a7dc70899832
2023-06-25 20:37:21,515 [3181cc3d-c03d-45be-ac89-a7dc70899832-groupManagement] INFO  server.RaftServerConfigKeys (ConfUtils.java:logGet(46)) - raft.server.snapshot.auto.trigger.enabled = true (custom)
2023-06-25 20:37:21,515 [3181cc3d-c03d-45be-ac89-a7dc70899832-groupManagement] INFO  server.RaftServerConfigKeys (ConfUtils.java:logGet(46)) - raft.server.snapshot.auto.trigger.threshold = 10000 (custom)
2023-06-25 20:37:21,515 [3181cc3d-c03d-45be-ac89-a7dc70899832-groupManagement] INFO  server.RaftServerConfigKeys (ConfUtils.java:logGet(46)) - raft.server.snapshot.retention.file.num = 5 (custom)
2023-06-25 20:37:21,515 [3181cc3d-c03d-45be-ac89-a7dc70899832-groupManagement] INFO  server.RaftServerConfigKeys (ConfUtils.java:logGet(46)) - raft.server.log.purge.upto.snapshot.index = false (default)
2023-06-25 20:37:21,517 [3181cc3d-c03d-45be-ac89-a7dc70899832@group-A2514096448E-FollowerState] INFO  server.RaftServerConfigKeys (ConfUtils.java:logFallback(53)) - raft.server.rpc.first-election.timeout.min = 5s (fallback to raft.server.rpc.timeout.min)
2023-06-25 20:37:21,533 [3181cc3d-c03d-45be-ac89-a7dc70899832@group-A2514096448E-FollowerState] INFO  server.RaftServerConfigKeys (ConfUtils.java:logFallback(53)) - raft.server.rpc.first-election.timeout.max = 5200ms (fallback to raft.server.rpc.timeout.max)
2023-06-25 20:37:21,540 [PipelineCommandHandlerThread-0] INFO  ratis.XceiverServerRatis (XceiverServerRatis.java:addGroup(804)) - Created group PipelineID=26ca4c30-8024-47f9-affb-a2514096448e
2023-06-25 20:37:21,542 [EventQueue-OpenPipelineForHealthyPipelineSafeModeRule] INFO  safemode.SCMSafeModeManager (HealthyPipelineSafeModeRule.java:process(137)) - SCM in safe mode. Healthy pipelines reported count is 0, required healthy pipeline reported count is 1
2023-06-25 20:37:21,571 [grpc-default-executor-0] INFO  server.RaftServer (RaftServerProxy.java:addNew(98)) - 63f38968-75c0-4f5a-b557-2283dcafd01e: addNew group-A2514096448E:[3181cc3d-c03d-45be-ac89-a7dc70899832|rpc:10.1.0.20:15032|admin:10.1.0.20:15031|client:10.1.0.20:15030|dataStream:10.1.0.20:15033|priority:0|startupRole:FOLLOWER, 63f38968-75c0-4f5a-b557-2283dcafd01e|rpc:10.1.0.20:15023|admin:10.1.0.20:15022|client:10.1.0.20:15021|dataStream:10.1.0.20:15024|priority:1|startupRole:FOLLOWER, dc38f854-6bce-4a40-ab3d-29959e10d617|rpc:10.1.0.20:15014|admin:10.1.0.20:15013|client:10.1.0.20:15012|dataStream:10.1.0.20:15015|priority:0|startupRole:FOLLOWER] returns group-A2514096448E:java.util.concurrent.CompletableFuture@270035fa[Not completed]
2023-06-25 20:37:21,572 [63f38968-75c0-4f5a-b557-2283dcafd01e-groupManagement] INFO  server.RaftServer$Division (RaftServerImpl.java:<init>(198)) - 63f38968-75c0-4f5a-b557-2283dcafd01e: new RaftServerImpl for group-A2514096448E:[3181cc3d-c03d-45be-ac89-a7dc70899832|rpc:10.1.0.20:15032|admin:10.1.0.20:15031|client:10.1.0.20:15030|dataStream:10.1.0.20:15033|priority:0|startupRole:FOLLOWER, 63f38968-75c0-4f5a-b557-2283dcafd01e|rpc:10.1.0.20:15023|admin:10.1.0.20:15022|client:10.1.0.20:15021|dataStream:10.1.0.20:15024|priority:1|startupRole:FOLLOWER, dc38f854-6bce-4a40-ab3d-29959e10d617|rpc:10.1.0.20:15014|admin:10.1.0.20:15013|client:10.1.0.20:15012|dataStream:10.1.0.20:15015|priority:0|startupRole:FOLLOWER] with ContainerStateMachine:uninitialized
2023-06-25 20:37:21,572 [63f38968-75c0-4f5a-b557-2283dcafd01e-groupManagement] INFO  server.RaftServerConfigKeys (ConfUtils.java:logGet(46)) - raft.server.rpc.timeout.min = 5s (custom)
2023-06-25 20:37:21,572 [63f38968-75c0-4f5a-b557-2283dcafd01e-groupManagement] INFO  server.RaftServerConfigKeys (ConfUtils.java:logGet(46)) - raft.server.rpc.timeout.max = 5200ms (custom)
2023-06-25 20:37:21,573 [63f38968-75c0-4f5a-b557-2283dcafd01e-groupManagement] INFO  server.RaftServerConfigKeys (ConfUtils.java:logGet(46)) - raft.server.rpc.sleep.time = 25ms (default)
2023-06-25 20:37:21,573 [63f38968-75c0-4f5a-b557-2283dcafd01e-groupManagement] INFO  server.RaftServerConfigKeys (ConfUtils.java:logGet(46)) - raft.server.rpc.slowness.timeout = 300s (custom)
2023-06-25 20:37:21,573 [63f38968-75c0-4f5a-b557-2283dcafd01e-groupManagement] INFO  server.RaftServerConfigKeys (ConfUtils.java:logGet(46)) - raft.server.leaderelection.leader.step-down.wait-time = 10s (default)
2023-06-25 20:37:21,573 [63f38968-75c0-4f5a-b557-2283dcafd01e-groupManagement] INFO  server.RaftServerConfigKeys (ConfUtils.java:logGet(46)) - raft.server.sleep.deviation.threshold = 300ms (default)
2023-06-25 20:37:21,573 [63f38968-75c0-4f5a-b557-2283dcafd01e-groupManagement] INFO  server.RaftServer$Division (ServerState.java:<init>(120)) - 63f38968-75c0-4f5a-b557-2283dcafd01e@group-A2514096448E: ConfigurationManager, init=-1: peers:[3181cc3d-c03d-45be-ac89-a7dc70899832|rpc:10.1.0.20:15032|admin:10.1.0.20:15031|client:10.1.0.20:15030|dataStream:10.1.0.20:15033|priority:0|startupRole:FOLLOWER, 63f38968-75c0-4f5a-b557-2283dcafd01e|rpc:10.1.0.20:15023|admin:10.1.0.20:15022|client:10.1.0.20:15021|dataStream:10.1.0.20:15024|priority:1|startupRole:FOLLOWER, dc38f854-6bce-4a40-ab3d-29959e10d617|rpc:10.1.0.20:15014|admin:10.1.0.20:15013|client:10.1.0.20:15012|dataStream:10.1.0.20:15015|priority:0|startupRole:FOLLOWER]|listeners:[], old=null, confs=<EMPTY_MAP>
2023-06-25 20:37:21,573 [63f38968-75c0-4f5a-b557-2283dcafd01e-groupManagement] INFO  server.RaftServerConfigKeys (ConfUtils.java:logGet(46)) - raft.server.storage.dir = [/home/runner/work/ozone/ozone/hadoop-ozone/integration-test/target/test-dir/MiniOzoneClusterImpl-3473cb2a-b740-44b6-9b0f-d3bba0659fcf/datanode-1/data/ratis] (custom)
2023-06-25 20:37:21,573 [63f38968-75c0-4f5a-b557-2283dcafd01e-groupManagement] INFO  server.RaftServerConfigKeys (ConfUtils.java:logGet(46)) - raft.server.log.corruption.policy = EXCEPTION (default)
2023-06-25 20:37:21,573 [63f38968-75c0-4f5a-b557-2283dcafd01e-groupManagement] INFO  server.RaftServerConfigKeys (ConfUtils.java:logGet(46)) - raft.server.storage.free-space.min = 0MB (=0) (default)
2023-06-25 20:37:21,573 [63f38968-75c0-4f5a-b557-2283dcafd01e-groupManagement] INFO  server.RaftServerConfigKeys (ConfUtils.java:logGet(46)) - raft.server.notification.no-leader.timeout = 300s (custom)
2023-06-25 20:37:21,573 [63f38968-75c0-4f5a-b557-2283dcafd01e-groupManagement] INFO  server.RaftServerConfigKeys (ConfUtils.java:logGet(46)) - raft.server.read.timeout = 10s (default)
2023-06-25 20:37:21,573 [63f38968-75c0-4f5a-b557-2283dcafd01e-groupManagement] INFO  server.RaftServerConfigKeys (ConfUtils.java:logGet(46)) - raft.server.retrycache.expirytime = 600000ms (custom)
2023-06-25 20:37:21,574 [63f38968-75c0-4f5a-b557-2283dcafd01e-groupManagement] INFO  server.RaftServerConfigKeys (ConfUtils.java:logGet(46)) - raft.server.retrycache.statistics.expirytime = 100μs (default)
2023-06-25 20:37:21,574 [63f38968-75c0-4f5a-b557-2283dcafd01e-groupManagement] INFO  server.RaftServerConfigKeys (ConfUtils.java:logGet(46)) - raft.server.read.option = DEFAULT (default)
2023-06-25 20:37:21,575 [63f38968-75c0-4f5a-b557-2283dcafd01e-groupManagement] INFO  server.RaftServerConfigKeys (ConfUtils.java:logGet(46)) - raft.server.rpc.request.timeout = 60s (custom)
2023-06-25 20:37:21,575 [63f38968-75c0-4f5a-b557-2283dcafd01e-groupManagement] INFO  server.RaftServerConfigKeys (ConfUtils.java:logGet(46)) - raft.server.log.appender.install.snapshot.enabled = false (custom)
2023-06-25 20:37:21,575 [63f38968-75c0-4f5a-b557-2283dcafd01e-groupManagement] INFO  server.RaftServerConfigKeys (ConfUtils.java:logGet(46)) - raft.server.threadpool.server.cached = true (default)
2023-06-25 20:37:21,575 [63f38968-75c0-4f5a-b557-2283dcafd01e-groupManagement] INFO  server.RaftServerConfigKeys (ConfUtils.java:logGet(46)) - raft.server.threadpool.server.size = 0 (default)
2023-06-25 20:37:21,575 [63f38968-75c0-4f5a-b557-2283dcafd01e-groupManagement] INFO  server.RaftServerConfigKeys (ConfUtils.java:logGet(46)) - raft.server.threadpool.client.cached = true (default)
2023-06-25 20:37:21,575 [63f38968-75c0-4f5a-b557-2283dcafd01e-groupManagement] INFO  server.RaftServerConfigKeys (ConfUtils.java:logGet(46)) - raft.server.threadpool.client.size = 0 (default)
2023-06-25 20:37:21,575 [63f38968-75c0-4f5a-b557-2283dcafd01e-groupManagement] INFO  storage.RaftStorageDirectory (RaftStorageDirectoryImpl.java:analyzeStorage(137)) - The storage directory /home/runner/work/ozone/ozone/hadoop-ozone/integration-test/target/test-dir/MiniOzoneClusterImpl-3473cb2a-b740-44b6-9b0f-d3bba0659fcf/datanode-1/data/ratis/26ca4c30-8024-47f9-affb-a2514096448e does not exist. Creating ...
2023-06-25 20:37:21,583 [63f38968-75c0-4f5a-b557-2283dcafd01e-groupManagement] INFO  storage.RaftStorageDirectory (RaftStorageDirectoryImpl.java:tryLock(231)) - Lock on /home/runner/work/ozone/ozone/hadoop-ozone/integration-test/target/test-dir/MiniOzoneClusterImpl-3473cb2a-b740-44b6-9b0f-d3bba0659fcf/datanode-1/data/ratis/26ca4c30-8024-47f9-affb-a2514096448e/in_use.lock acquired by nodename 7655@fv-az808-130
2023-06-25 20:37:21,585 [63f38968-75c0-4f5a-b557-2283dcafd01e-groupManagement] INFO  storage.RaftStorage (RaftStorageImpl.java:format(96)) - Storage directory /home/runner/work/ozone/ozone/hadoop-ozone/integration-test/target/test-dir/MiniOzoneClusterImpl-3473cb2a-b740-44b6-9b0f-d3bba0659fcf/datanode-1/data/ratis/26ca4c30-8024-47f9-affb-a2514096448e has been successfully formatted.
2023-06-25 20:37:21,587 [63f38968-75c0-4f5a-b557-2283dcafd01e-groupManagement] INFO  ratis.ContainerStateMachine (ContainerStateMachine.java:loadSnapshot(262)) - group-A2514096448E: The snapshot info is null. Setting the last applied indexto:(t:0, i:~)
2023-06-25 20:37:21,587 [63f38968-75c0-4f5a-b557-2283dcafd01e-groupManagement] INFO  server.RaftServerConfigKeys (ConfUtils.java:logGet(46)) - raft.server.log.use.memory = false (default)
2023-06-25 20:37:21,587 [63f38968-75c0-4f5a-b557-2283dcafd01e-groupManagement] INFO  server.RaftServerConfigKeys (ConfUtils.java:logGet(46)) - raft.server.log.purge.gap = 1000000 (custom)
2023-06-25 20:37:21,587 [63f38968-75c0-4f5a-b557-2283dcafd01e-groupManagement] INFO  server.RaftServerConfigKeys (ConfUtils.java:logGet(46)) - raft.server.log.appender.buffer.byte-limit = 33554432 (custom)
2023-06-25 20:37:21,587 [63f38968-75c0-4f5a-b557-2283dcafd01e-groupManagement] INFO  server.RaftServerConfigKeys (ConfUtils.java:logGet(46)) - raft.server.log.statemachine.data.read.timeout = 1000ms (default)
2023-06-25 20:37:21,587 [63f38968-75c0-4f5a-b557-2283dcafd01e-groupManagement] INFO  server.RaftServerConfigKeys (ConfUtils.java:logGet(46)) - raft.server.log.purge.preservation.log.num = 0 (default)
2023-06-25 20:37:21,588 [63f38968-75c0-4f5a-b557-2283dcafd01e-groupManagement] INFO  server.RaftServerConfigKeys (ConfUtils.java:logGet(46)) - raft.server.log.segment.size.max = 1048576 (custom)
2023-06-25 20:37:21,588 [63f38968-75c0-4f5a-b557-2283dcafd01e-groupManagement] INFO  server.RaftServerConfigKeys (ConfUtils.java:logGet(46)) - raft.server.log.segment.cache.num.max = 2 (custom)
2023-06-25 20:37:21,588 [63f38968-75c0-4f5a-b557-2283dcafd01e-groupManagement] INFO  server.RaftServerConfigKeys (ConfUtils.java:logGet(46)) - raft.server.log.segment.cache.size.max = 200MB (=209715200) (default)
2023-06-25 20:37:21,588 [63f38968-75c0-4f5a-b557-2283dcafd01e-groupManagement] INFO  server.RaftServerConfigKeys (ConfUtils.java:logGet(46)) - raft.server.log.appender.buffer.byte-limit = 33554432 (custom)
2023-06-25 20:37:21,588 [63f38968-75c0-4f5a-b557-2283dcafd01e-groupManagement] INFO  segmented.SegmentedRaftLogWorker (SegmentedRaftLogWorker.java:<init>(188)) - new 63f38968-75c0-4f5a-b557-2283dcafd01e@group-A2514096448E-SegmentedRaftLogWorker for RaftStorageImpl:Storage Directory /home/runner/work/ozone/ozone/hadoop-ozone/integration-test/target/test-dir/MiniOzoneClusterImpl-3473cb2a-b740-44b6-9b0f-d3bba0659fcf/datanode-1/data/ratis/26ca4c30-8024-47f9-affb-a2514096448e
2023-06-25 20:37:21,588 [63f38968-75c0-4f5a-b557-2283dcafd01e-groupManagement] INFO  server.RaftServerConfigKeys (ConfUtils.java:logGet(46)) - raft.server.log.queue.byte-limit = 4294967296 (custom)
2023-06-25 20:37:21,588 [63f38968-75c0-4f5a-b557-2283dcafd01e-groupManagement] INFO  server.RaftServerConfigKeys (ConfUtils.java:logGet(46)) - raft.server.log.queue.element-limit = 1024 (custom)
2023-06-25 20:37:21,588 [63f38968-75c0-4f5a-b557-2283dcafd01e-groupManagement] INFO  server.RaftServerConfigKeys (ConfUtils.java:logGet(46)) - raft.server.log.segment.size.max = 1048576 (custom)
2023-06-25 20:37:21,589 [63f38968-75c0-4f5a-b557-2283dcafd01e-groupManagement] INFO  server.RaftServerConfigKeys (ConfUtils.java:logGet(46)) - raft.server.log.preallocated.size = 16384 (custom)
2023-06-25 20:37:21,589 [63f38968-75c0-4f5a-b557-2283dcafd01e-groupManagement] INFO  server.RaftServerConfigKeys (ConfUtils.java:logGet(46)) - raft.server.log.force.sync.num = 128 (default)
2023-06-25 20:37:21,589 [63f38968-75c0-4f5a-b557-2283dcafd01e-groupManagement] INFO  server.RaftServerConfigKeys (ConfUtils.java:logGet(46)) - raft.server.log.statemachine.data.sync = true (default)
2023-06-25 20:37:21,589 [63f38968-75c0-4f5a-b557-2283dcafd01e-groupManagement] INFO  server.RaftServerConfigKeys (ConfUtils.java:logGet(46)) - raft.server.log.statemachine.data.sync.timeout = 10s (default)
2023-06-25 20:37:21,592 [PipelineCommandHandlerThread-0] INFO  commandhandler.CreatePipelineCommandHandler (CreatePipelineCommandHandler.java:lambda$handle$2(124)) - Created Pipeline RATIS THREE PipelineID=e0dc6118-b64e-404b-993f-7c98cef1e43c.
2023-06-25 20:37:21,606 [PipelineCommandHandlerThread-0] INFO  server.RaftServer (RaftServerProxy.java:addNew(98)) - dc38f854-6bce-4a40-ab3d-29959e10d617: addNew group-A2514096448E:[3181cc3d-c03d-45be-ac89-a7dc70899832|rpc:10.1.0.20:15032|admin:10.1.0.20:15031|client:10.1.0.20:15030|dataStream:10.1.0.20:15033|priority:0|startupRole:FOLLOWER, 63f38968-75c0-4f5a-b557-2283dcafd01e|rpc:10.1.0.20:15023|admin:10.1.0.20:15022|client:10.1.0.20:15021|dataStream:10.1.0.20:15024|priority:1|startupRole:FOLLOWER, dc38f854-6bce-4a40-ab3d-29959e10d617|rpc:10.1.0.20:15014|admin:10.1.0.20:15013|client:10.1.0.20:15012|dataStream:10.1.0.20:15015|priority:0|startupRole:FOLLOWER] returns group-A2514096448E:java.util.concurrent.CompletableFuture@71b3f531[Not completed]
2023-06-25 20:37:21,607 [dc38f854-6bce-4a40-ab3d-29959e10d617-groupManagement] INFO  server.RaftServer$Division (RaftServerImpl.java:<init>(198)) - dc38f854-6bce-4a40-ab3d-29959e10d617: new RaftServerImpl for group-A2514096448E:[3181cc3d-c03d-45be-ac89-a7dc70899832|rpc:10.1.0.20:15032|admin:10.1.0.20:15031|client:10.1.0.20:15030|dataStream:10.1.0.20:15033|priority:0|startupRole:FOLLOWER, 63f38968-75c0-4f5a-b557-2283dcafd01e|rpc:10.1.0.20:15023|admin:10.1.0.20:15022|client:10.1.0.20:15021|dataStream:10.1.0.20:15024|priority:1|startupRole:FOLLOWER, dc38f854-6bce-4a40-ab3d-29959e10d617|rpc:10.1.0.20:15014|admin:10.1.0.20:15013|client:10.1.0.20:15012|dataStream:10.1.0.20:15015|priority:0|startupRole:FOLLOWER] with ContainerStateMachine:uninitialized
2023-06-25 20:37:21,607 [dc38f854-6bce-4a40-ab3d-29959e10d617-groupManagement] INFO  server.RaftServerConfigKeys (ConfUtils.java:logGet(46)) - raft.server.rpc.timeout.min = 5s (custom)
2023-06-25 20:37:21,607 [dc38f854-6bce-4a40-ab3d-29959e10d617-groupManagement] INFO  server.RaftServerConfigKeys (ConfUtils.java:logGet(46)) - raft.server.rpc.timeout.max = 5200ms (custom)
2023-06-25 20:37:21,607 [dc38f854-6bce-4a40-ab3d-29959e10d617-groupManagement] INFO  server.RaftServerConfigKeys (ConfUtils.java:logGet(46)) - raft.server.rpc.sleep.time = 25ms (default)
2023-06-25 20:37:21,607 [dc38f854-6bce-4a40-ab3d-29959e10d617-groupManagement] INFO  server.RaftServerConfigKeys (ConfUtils.java:logGet(46)) - raft.server.rpc.slowness.timeout = 300s (custom)
2023-06-25 20:37:21,607 [dc38f854-6bce-4a40-ab3d-29959e10d617-groupManagement] INFO  server.RaftServerConfigKeys (ConfUtils.java:logGet(46)) - raft.server.leaderelection.leader.step-down.wait-time = 10s (default)
2023-06-25 20:37:21,608 [dc38f854-6bce-4a40-ab3d-29959e10d617-groupManagement] INFO  server.RaftServerConfigKeys (ConfUtils.java:logGet(46)) - raft.server.sleep.deviation.threshold = 300ms (default)
2023-06-25 20:37:21,608 [dc38f854-6bce-4a40-ab3d-29959e10d617-groupManagement] INFO  server.RaftServer$Division (ServerState.java:<init>(120)) - dc38f854-6bce-4a40-ab3d-29959e10d617@group-A2514096448E: ConfigurationManager, init=-1: peers:[3181cc3d-c03d-45be-ac89-a7dc70899832|rpc:10.1.0.20:15032|admin:10.1.0.20:15031|client:10.1.0.20:15030|dataStream:10.1.0.20:15033|priority:0|startupRole:FOLLOWER, 63f38968-75c0-4f5a-b557-2283dcafd01e|rpc:10.1.0.20:15023|admin:10.1.0.20:15022|client:10.1.0.20:15021|dataStream:10.1.0.20:15024|priority:1|startupRole:FOLLOWER, dc38f854-6bce-4a40-ab3d-29959e10d617|rpc:10.1.0.20:15014|admin:10.1.0.20:15013|client:10.1.0.20:15012|dataStream:10.1.0.20:15015|priority:0|startupRole:FOLLOWER]|listeners:[], old=null, confs=<EMPTY_MAP>
2023-06-25 20:37:21,608 [dc38f854-6bce-4a40-ab3d-29959e10d617-groupManagement] INFO  server.RaftServerConfigKeys (ConfUtils.java:logGet(46)) - raft.server.storage.dir = [/home/runner/work/ozone/ozone/hadoop-ozone/integration-test/target/test-dir/MiniOzoneClusterImpl-3473cb2a-b740-44b6-9b0f-d3bba0659fcf/datanode-0/data/ratis] (custom)
2023-06-25 20:37:21,608 [dc38f854-6bce-4a40-ab3d-29959e10d617-groupManagement] INFO  server.RaftServerConfigKeys (ConfUtils.java:logGet(46)) - raft.server.log.corruption.policy = EXCEPTION (default)
2023-06-25 20:37:21,608 [dc38f854-6bce-4a40-ab3d-29959e10d617-groupManagement] INFO  server.RaftServerConfigKeys (ConfUtils.java:logGet(46)) - raft.server.storage.free-space.min = 0MB (=0) (default)
2023-06-25 20:37:21,608 [dc38f854-6bce-4a40-ab3d-29959e10d617-groupManagement] INFO  server.RaftServerConfigKeys (ConfUtils.java:logGet(46)) - raft.server.notification.no-leader.timeout = 300s (custom)
2023-06-25 20:37:21,608 [dc38f854-6bce-4a40-ab3d-29959e10d617-groupManagement] INFO  server.RaftServerConfigKeys (ConfUtils.java:logGet(46)) - raft.server.read.timeout = 10s (default)
2023-06-25 20:37:21,608 [dc38f854-6bce-4a40-ab3d-29959e10d617-groupManagement] INFO  server.RaftServerConfigKeys (ConfUtils.java:logGet(46)) - raft.server.retrycache.expirytime = 600000ms (custom)
2023-06-25 20:37:21,608 [dc38f854-6bce-4a40-ab3d-29959e10d617-groupManagement] INFO  server.RaftServerConfigKeys (ConfUtils.java:logGet(46)) - raft.server.retrycache.statistics.expirytime = 100μs (default)
2023-06-25 20:37:21,608 [dc38f854-6bce-4a40-ab3d-29959e10d617-groupManagement] INFO  server.RaftServerConfigKeys (ConfUtils.java:logGet(46)) - raft.server.read.option = DEFAULT (default)
2023-06-25 20:37:21,591 [EventQueue-OpenPipelineForHealthyPipelineSafeModeRule] INFO  safemode.SCMSafeModeManager (HealthyPipelineSafeModeRule.java:process(137)) - SCM in safe mode. Healthy pipelines reported count is 0, required healthy pipeline reported count is 1
2023-06-25 20:37:21,610 [dc38f854-6bce-4a40-ab3d-29959e10d617-groupManagement] INFO  server.RaftServerConfigKeys (ConfUtils.java:logGet(46)) - raft.server.rpc.request.timeout = 60s (custom)
2023-06-25 20:37:21,610 [dc38f854-6bce-4a40-ab3d-29959e10d617-groupManagement] INFO  server.RaftServerConfigKeys (ConfUtils.java:logGet(46)) - raft.server.log.appender.install.snapshot.enabled = false (custom)
2023-06-25 20:37:21,611 [dc38f854-6bce-4a40-ab3d-29959e10d617-groupManagement] INFO  server.RaftServerConfigKeys (ConfUtils.java:logGet(46)) - raft.server.threadpool.server.cached = true (default)
2023-06-25 20:37:21,611 [dc38f854-6bce-4a40-ab3d-29959e10d617-groupManagement] INFO  server.RaftServerConfigKeys (ConfUtils.java:logGet(46)) - raft.server.threadpool.server.size = 0 (default)
2023-06-25 20:37:21,611 [dc38f854-6bce-4a40-ab3d-29959e10d617-groupManagement] INFO  server.RaftServerConfigKeys (ConfUtils.java:logGet(46)) - raft.server.threadpool.client.cached = true (default)
2023-06-25 20:37:21,611 [dc38f854-6bce-4a40-ab3d-29959e10d617-groupManagement] INFO  server.RaftServerConfigKeys (ConfUtils.java:logGet(46)) - raft.server.threadpool.client.size = 0 (default)
2023-06-25 20:37:21,611 [dc38f854-6bce-4a40-ab3d-29959e10d617-groupManagement] INFO  storage.RaftStorageDirectory (RaftStorageDirectoryImpl.java:analyzeStorage(137)) - The storage directory /home/runner/work/ozone/ozone/hadoop-ozone/integration-test/target/test-dir/MiniOzoneClusterImpl-3473cb2a-b740-44b6-9b0f-d3bba0659fcf/datanode-0/data/ratis/26ca4c30-8024-47f9-affb-a2514096448e does not exist. Creating ...
2023-06-25 20:37:21,605 [63f38968-75c0-4f5a-b557-2283dcafd01e-groupManagement] INFO  server.RaftServerConfigKeys (ConfUtils.java:logGet(46)) - raft.server.log.statemachine.data.sync.timeout.retry = -1 (default)
2023-06-25 20:37:21,612 [63f38968-75c0-4f5a-b557-2283dcafd01e-groupManagement] INFO  server.RaftServerConfigKeys (ConfUtils.java:logGet(46)) - raft.server.log.write.buffer.size = 1048576 (custom)
2023-06-25 20:37:21,613 [dc38f854-6bce-4a40-ab3d-29959e10d617-groupManagement] INFO  storage.RaftStorageDirectory (RaftStorageDirectoryImpl.java:tryLock(231)) - Lock on /home/runner/work/ozone/ozone/hadoop-ozone/integration-test/target/test-dir/MiniOzoneClusterImpl-3473cb2a-b740-44b6-9b0f-d3bba0659fcf/datanode-0/data/ratis/26ca4c30-8024-47f9-affb-a2514096448e/in_use.lock acquired by nodename 7655@fv-az808-130
2023-06-25 20:37:21,614 [dc38f854-6bce-4a40-ab3d-29959e10d617-groupManagement] INFO  storage.RaftStorage (RaftStorageImpl.java:format(96)) - Storage directory /home/runner/work/ozone/ozone/hadoop-ozone/integration-test/target/test-dir/MiniOzoneClusterImpl-3473cb2a-b740-44b6-9b0f-d3bba0659fcf/datanode-0/data/ratis/26ca4c30-8024-47f9-affb-a2514096448e has been successfully formatted.
2023-06-25 20:37:21,615 [dc38f854-6bce-4a40-ab3d-29959e10d617-groupManagement] INFO  ratis.ContainerStateMachine (ContainerStateMachine.java:loadSnapshot(262)) - group-A2514096448E: The snapshot info is null. Setting the last applied indexto:(t:0, i:~)
2023-06-25 20:37:21,615 [dc38f854-6bce-4a40-ab3d-29959e10d617-groupManagement] INFO  server.RaftServerConfigKeys (ConfUtils.java:logGet(46)) - raft.server.log.use.memory = false (default)
2023-06-25 20:37:21,615 [dc38f854-6bce-4a40-ab3d-29959e10d617-groupManagement] INFO  server.RaftServerConfigKeys (ConfUtils.java:logGet(46)) - raft.server.log.purge.gap = 1000000 (custom)
2023-06-25 20:37:21,615 [dc38f854-6bce-4a40-ab3d-29959e10d617-groupManagement] INFO  server.RaftServerConfigKeys (ConfUtils.java:logGet(46)) - raft.server.log.appender.buffer.byte-limit = 33554432 (custom)
2023-06-25 20:37:21,615 [dc38f854-6bce-4a40-ab3d-29959e10d617-groupManagement] INFO  server.RaftServerConfigKeys (ConfUtils.java:logGet(46)) - raft.server.log.statemachine.data.read.timeout = 1000ms (default)
2023-06-25 20:37:21,615 [dc38f854-6bce-4a40-ab3d-29959e10d617-groupManagement] INFO  server.RaftServerConfigKeys (ConfUtils.java:logGet(46)) - raft.server.log.purge.preservation.log.num = 0 (default)
2023-06-25 20:37:21,615 [dc38f854-6bce-4a40-ab3d-29959e10d617-groupManagement] INFO  server.RaftServerConfigKeys (ConfUtils.java:logGet(46)) - raft.server.log.segment.size.max = 1048576 (custom)
2023-06-25 20:37:21,616 [dc38f854-6bce-4a40-ab3d-29959e10d617-groupManagement] INFO  server.RaftServerConfigKeys (ConfUtils.java:logGet(46)) - raft.server.log.segment.cache.num.max = 2 (custom)
2023-06-25 20:37:21,616 [dc38f854-6bce-4a40-ab3d-29959e10d617-groupManagement] INFO  server.RaftServerConfigKeys (ConfUtils.java:logGet(46)) - raft.server.log.segment.cache.size.max = 200MB (=209715200) (default)
2023-06-25 20:37:21,616 [dc38f854-6bce-4a40-ab3d-29959e10d617-groupManagement] INFO  server.RaftServerConfigKeys (ConfUtils.java:logGet(46)) - raft.server.log.appender.buffer.byte-limit = 33554432 (custom)
2023-06-25 20:37:21,616 [dc38f854-6bce-4a40-ab3d-29959e10d617-groupManagement] INFO  segmented.SegmentedRaftLogWorker (SegmentedRaftLogWorker.java:<init>(188)) - new dc38f854-6bce-4a40-ab3d-29959e10d617@group-A2514096448E-SegmentedRaftLogWorker for RaftStorageImpl:Storage Directory /home/runner/work/ozone/ozone/hadoop-ozone/integration-test/target/test-dir/MiniOzoneClusterImpl-3473cb2a-b740-44b6-9b0f-d3bba0659fcf/datanode-0/data/ratis/26ca4c30-8024-47f9-affb-a2514096448e
2023-06-25 20:37:21,616 [dc38f854-6bce-4a40-ab3d-29959e10d617-groupManagement] INFO  server.RaftServerConfigKeys (ConfUtils.java:logGet(46)) - raft.server.log.queue.byte-limit = 4294967296 (custom)
2023-06-25 20:37:21,615 [63f38968-75c0-4f5a-b557-2283dcafd01e-groupManagement] INFO  server.RaftServerConfigKeys (ConfUtils.java:logGet(46)) - raft.server.log.appender.buffer.byte-limit = 33554432 (custom)
2023-06-25 20:37:21,625 [dc38f854-6bce-4a40-ab3d-29959e10d617-groupManagement] INFO  server.RaftServerConfigKeys (ConfUtils.java:logGet(46)) - raft.server.log.queue.element-limit = 1024 (custom)
2023-06-25 20:37:21,625 [dc38f854-6bce-4a40-ab3d-29959e10d617-groupManagement] INFO  server.RaftServerConfigKeys (ConfUtils.java:logGet(46)) - raft.server.log.segment.size.max = 1048576 (custom)
2023-06-25 20:37:21,625 [dc38f854-6bce-4a40-ab3d-29959e10d617-groupManagement] INFO  server.RaftServerConfigKeys (ConfUtils.java:logGet(46)) - raft.server.log.preallocated.size = 16384 (custom)
2023-06-25 20:37:21,625 [dc38f854-6bce-4a40-ab3d-29959e10d617-groupManagement] INFO  server.RaftServerConfigKeys (ConfUtils.java:logGet(46)) - raft.server.log.force.sync.num = 128 (default)
2023-06-25 20:37:21,625 [dc38f854-6bce-4a40-ab3d-29959e10d617-groupManagement] INFO  server.RaftServerConfigKeys (ConfUtils.java:logGet(46)) - raft.server.log.statemachine.data.sync = true (default)
2023-06-25 20:37:21,626 [dc38f854-6bce-4a40-ab3d-29959e10d617-groupManagement] INFO  server.RaftServerConfigKeys (ConfUtils.java:logGet(46)) - raft.server.log.statemachine.data.sync.timeout = 10s (default)
2023-06-25 20:37:21,626 [dc38f854-6bce-4a40-ab3d-29959e10d617-groupManagement] INFO  server.RaftServerConfigKeys (ConfUtils.java:logGet(46)) - raft.server.log.statemachine.data.sync.timeout.retry = -1 (default)
2023-06-25 20:37:21,627 [dc38f854-6bce-4a40-ab3d-29959e10d617-groupManagement] INFO  server.RaftServerConfigKeys (ConfUtils.java:logGet(46)) - raft.server.log.write.buffer.size = 1048576 (custom)
2023-06-25 20:37:21,628 [dc38f854-6bce-4a40-ab3d-29959e10d617-groupManagement] INFO  server.RaftServerConfigKeys (ConfUtils.java:logGet(46)) - raft.server.log.appender.buffer.byte-limit = 33554432 (custom)
2023-06-25 20:37:21,630 [EventQueue-OpenPipelineForHealthyPipelineSafeModeRule] INFO  safemode.SCMSafeModeManager (HealthyPipelineSafeModeRule.java:process(137)) - SCM in safe mode. Healthy pipelines reported count is 0, required healthy pipeline reported count is 1
2023-06-25 20:37:21,641 [dc38f854-6bce-4a40-ab3d-29959e10d617-groupManagement] INFO  server.RaftServerConfigKeys (ConfUtils.java:logGet(46)) - raft.server.log.unsafe-flush.enabled = false (default)
2023-06-25 20:37:21,641 [dc38f854-6bce-4a40-ab3d-29959e10d617-groupManagement] INFO  server.RaftServerConfigKeys (ConfUtils.java:logGet(46)) - raft.server.log.async-flush.enabled = false (default)
2023-06-25 20:37:21,641 [dc38f854-6bce-4a40-ab3d-29959e10d617-groupManagement] INFO  server.RaftServerConfigKeys (ConfUtils.java:logGet(46)) - raft.server.log.statemachine.data.caching.enabled = true (custom)
2023-06-25 20:37:21,642 [dc38f854-6bce-4a40-ab3d-29959e10d617-groupManagement] INFO  segmented.SegmentedRaftLogWorker (SegmentedRaftLogWorker.java:lambda$new$0(135)) - dc38f854-6bce-4a40-ab3d-29959e10d617@group-A2514096448E-SegmentedRaftLogWorker: flushIndex: setUnconditionally 0 -> -1
2023-06-25 20:37:21,642 [dc38f854-6bce-4a40-ab3d-29959e10d617-groupManagement] INFO  segmented.SegmentedRaftLogWorker (SegmentedRaftLogWorker.java:lambda$new$0(135)) - dc38f854-6bce-4a40-ab3d-29959e10d617@group-A2514096448E-SegmentedRaftLogWorker: safeCacheEvictIndex: setUnconditionally 0 -> -1
2023-06-25 20:37:21,642 [dc38f854-6bce-4a40-ab3d-29959e10d617-groupManagement] INFO  server.RaftServer$Division (RaftServerImpl.java:start(342)) - dc38f854-6bce-4a40-ab3d-29959e10d617@group-A2514096448E: start as a follower, conf=-1: peers:[3181cc3d-c03d-45be-ac89-a7dc70899832|rpc:10.1.0.20:15032|admin:10.1.0.20:15031|client:10.1.0.20:15030|dataStream:10.1.0.20:15033|priority:0|startupRole:FOLLOWER, 63f38968-75c0-4f5a-b557-2283dcafd01e|rpc:10.1.0.20:15023|admin:10.1.0.20:15022|client:10.1.0.20:15021|dataStream:10.1.0.20:15024|priority:1|startupRole:FOLLOWER, dc38f854-6bce-4a40-ab3d-29959e10d617|rpc:10.1.0.20:15014|admin:10.1.0.20:15013|client:10.1.0.20:15012|dataStream:10.1.0.20:15015|priority:0|startupRole:FOLLOWER]|listeners:[], old=null
2023-06-25 20:37:21,642 [dc38f854-6bce-4a40-ab3d-29959e10d617-groupManagement] INFO  server.RaftServer$Division (RaftServerImpl.java:setRole(329)) - dc38f854-6bce-4a40-ab3d-29959e10d617@group-A2514096448E: changes role from      null to FOLLOWER at term 0 for startAsFollower
2023-06-25 20:37:21,642 [dc38f854-6bce-4a40-ab3d-29959e10d617-groupManagement] INFO  impl.RoleInfo (RoleInfo.java:updateAndGet(139)) - dc38f854-6bce-4a40-ab3d-29959e10d617: start dc38f854-6bce-4a40-ab3d-29959e10d617@group-A2514096448E-FollowerState
2023-06-25 20:37:21,643 [dc38f854-6bce-4a40-ab3d-29959e10d617-groupManagement] INFO  util.JmxRegister (JmxRegister.java:tryRegister(44)) - Successfully registered JMX Bean with object name Ratis:service=RaftServer,group=group-A2514096448E,id=dc38f854-6bce-4a40-ab3d-29959e10d617
2023-06-25 20:37:21,643 [dc38f854-6bce-4a40-ab3d-29959e10d617-groupManagement] INFO  server.RaftServerConfigKeys (ConfUtils.java:logGet(46)) - raft.server.snapshot.auto.trigger.enabled = true (custom)
2023-06-25 20:37:21,643 [dc38f854-6bce-4a40-ab3d-29959e10d617-groupManagement] INFO  server.RaftServerConfigKeys (ConfUtils.java:logGet(46)) - raft.server.snapshot.auto.trigger.threshold = 10000 (custom)
2023-06-25 20:37:21,643 [dc38f854-6bce-4a40-ab3d-29959e10d617-groupManagement] INFO  server.RaftServerConfigKeys (ConfUtils.java:logGet(46)) - raft.server.snapshot.retention.file.num = 5 (custom)
2023-06-25 20:37:21,643 [dc38f854-6bce-4a40-ab3d-29959e10d617-groupManagement] INFO  server.RaftServerConfigKeys (ConfUtils.java:logGet(46)) - raft.server.log.purge.upto.snapshot.index = false (default)
2023-06-25 20:37:21,643 [dc38f854-6bce-4a40-ab3d-29959e10d617@group-A2514096448E-FollowerState] INFO  server.RaftServerConfigKeys (ConfUtils.java:logFallback(53)) - raft.server.rpc.first-election.timeout.min = 5s (fallback to raft.server.rpc.timeout.min)
2023-06-25 20:37:21,645 [dc38f854-6bce-4a40-ab3d-29959e10d617@group-A2514096448E-FollowerState] INFO  server.RaftServerConfigKeys (ConfUtils.java:logFallback(53)) - raft.server.rpc.first-election.timeout.max = 5200ms (fallback to raft.server.rpc.timeout.max)
2023-06-25 20:37:21,644 [63f38968-75c0-4f5a-b557-2283dcafd01e-groupManagement] INFO  server.RaftServerConfigKeys (ConfUtils.java:logGet(46)) - raft.server.log.unsafe-flush.enabled = false (default)
2023-06-25 20:37:21,645 [63f38968-75c0-4f5a-b557-2283dcafd01e-groupManagement] INFO  server.RaftServerConfigKeys (ConfUtils.java:logGet(46)) - raft.server.log.async-flush.enabled = false (default)
2023-06-25 20:37:21,645 [63f38968-75c0-4f5a-b557-2283dcafd01e-groupManagement] INFO  server.RaftServerConfigKeys (ConfUtils.java:logGet(46)) - raft.server.log.statemachine.data.caching.enabled = true (custom)
2023-06-25 20:37:21,645 [63f38968-75c0-4f5a-b557-2283dcafd01e-groupManagement] INFO  segmented.SegmentedRaftLogWorker (SegmentedRaftLogWorker.java:lambda$new$0(135)) - 63f38968-75c0-4f5a-b557-2283dcafd01e@group-A2514096448E-SegmentedRaftLogWorker: flushIndex: setUnconditionally 0 -> -1
2023-06-25 20:37:21,645 [63f38968-75c0-4f5a-b557-2283dcafd01e-groupManagement] INFO  segmented.SegmentedRaftLogWorker (SegmentedRaftLogWorker.java:lambda$new$0(135)) - 63f38968-75c0-4f5a-b557-2283dcafd01e@group-A2514096448E-SegmentedRaftLogWorker: safeCacheEvictIndex: setUnconditionally 0 -> -1
2023-06-25 20:37:21,657 [63f38968-75c0-4f5a-b557-2283dcafd01e-groupManagement] INFO  server.RaftServer$Division (RaftServerImpl.java:start(342)) - 63f38968-75c0-4f5a-b557-2283dcafd01e@group-A2514096448E: start as a follower, conf=-1: peers:[3181cc3d-c03d-45be-ac89-a7dc70899832|rpc:10.1.0.20:15032|admin:10.1.0.20:15031|client:10.1.0.20:15030|dataStream:10.1.0.20:15033|priority:0|startupRole:FOLLOWER, 63f38968-75c0-4f5a-b557-2283dcafd01e|rpc:10.1.0.20:15023|admin:10.1.0.20:15022|client:10.1.0.20:15021|dataStream:10.1.0.20:15024|priority:1|startupRole:FOLLOWER, dc38f854-6bce-4a40-ab3d-29959e10d617|rpc:10.1.0.20:15014|admin:10.1.0.20:15013|client:10.1.0.20:15012|dataStream:10.1.0.20:15015|priority:0|startupRole:FOLLOWER]|listeners:[], old=null
2023-06-25 20:37:21,657 [63f38968-75c0-4f5a-b557-2283dcafd01e-groupManagement] INFO  server.RaftServer$Division (RaftServerImpl.java:setRole(329)) - 63f38968-75c0-4f5a-b557-2283dcafd01e@group-A2514096448E: changes role from      null to FOLLOWER at term 0 for startAsFollower
2023-06-25 20:37:21,657 [63f38968-75c0-4f5a-b557-2283dcafd01e-groupManagement] INFO  impl.RoleInfo (RoleInfo.java:updateAndGet(139)) - 63f38968-75c0-4f5a-b557-2283dcafd01e: start 63f38968-75c0-4f5a-b557-2283dcafd01e@group-A2514096448E-FollowerState
2023-06-25 20:37:21,659 [63f38968-75c0-4f5a-b557-2283dcafd01e-groupManagement] INFO  util.JmxRegister (JmxRegister.java:tryRegister(44)) - Successfully registered JMX Bean with object name Ratis:service=RaftServer,group=group-A2514096448E,id=63f38968-75c0-4f5a-b557-2283dcafd01e
2023-06-25 20:37:21,660 [63f38968-75c0-4f5a-b557-2283dcafd01e-groupManagement] INFO  server.RaftServerConfigKeys (ConfUtils.java:logGet(46)) - raft.server.snapshot.auto.trigger.enabled = true (custom)
2023-06-25 20:37:21,660 [63f38968-75c0-4f5a-b557-2283dcafd01e-groupManagement] INFO  server.RaftServerConfigKeys (ConfUtils.java:logGet(46)) - raft.server.snapshot.auto.trigger.threshold = 10000 (custom)
2023-06-25 20:37:21,660 [63f38968-75c0-4f5a-b557-2283dcafd01e-groupManagement] INFO  server.RaftServerConfigKeys (ConfUtils.java:logGet(46)) - raft.server.snapshot.retention.file.num = 5 (custom)
2023-06-25 20:37:21,660 [63f38968-75c0-4f5a-b557-2283dcafd01e-groupManagement] INFO  server.RaftServerConfigKeys (ConfUtils.java:logGet(46)) - raft.server.log.purge.upto.snapshot.index = false (default)
2023-06-25 20:37:21,660 [63f38968-75c0-4f5a-b557-2283dcafd01e@group-A2514096448E-FollowerState] INFO  server.RaftServerConfigKeys (ConfUtils.java:logFallback(53)) - raft.server.rpc.first-election.timeout.min = 5s (fallback to raft.server.rpc.timeout.min)
2023-06-25 20:37:21,666 [63f38968-75c0-4f5a-b557-2283dcafd01e@group-A2514096448E-FollowerState] INFO  server.RaftServerConfigKeys (ConfUtils.java:logFallback(53)) - raft.server.rpc.first-election.timeout.max = 5200ms (fallback to raft.server.rpc.timeout.max)
2023-06-25 20:37:21,661 [PipelineCommandHandlerThread-0] INFO  ratis.XceiverServerRatis (XceiverServerRatis.java:addGroup(804)) - Created group PipelineID=26ca4c30-8024-47f9-affb-a2514096448e
2023-06-25 20:37:21,666 [PipelineCommandHandlerThread-0] INFO  commandhandler.CreatePipelineCommandHandler (CreatePipelineCommandHandler.java:lambda$handle$2(124)) - Created Pipeline RATIS THREE PipelineID=e0dc6118-b64e-404b-993f-7c98cef1e43c.
2023-06-25 20:37:21,778 [PipelineCommandHandlerThread-0] INFO  commandhandler.CreatePipelineCommandHandler (CreatePipelineCommandHandler.java:lambda$handle$2(124)) - Created Pipeline RATIS THREE PipelineID=26ca4c30-8024-47f9-affb-a2514096448e.
2023-06-25 20:37:21,821 [PipelineCommandHandlerThread-0] INFO  commandhandler.CreatePipelineCommandHandler (CreatePipelineCommandHandler.java:lambda$handle$2(124)) - Created Pipeline RATIS THREE PipelineID=26ca4c30-8024-47f9-affb-a2514096448e.
2023-06-25 20:37:22,284 [main] INFO  ozone.MiniOzoneClusterImpl (MiniOzoneClusterImpl.java:lambda$waitForClusterToBeReady$0(224)) - Nodes are ready. Got 3 of 3 DN Heartbeats.
2023-06-25 20:37:22,284 [main] INFO  ozone.MiniOzoneClusterImpl (MiniOzoneClusterImpl.java:lambda$waitForClusterToBeReady$0(227)) - Waiting for cluster to exit safe mode
2023-06-25 20:37:22,285 [main] INFO  ozone.MiniOzoneClusterImpl (MiniOzoneClusterImpl.java:lambda$waitForClusterToBeReady$0(229)) - SCM became leader
2023-06-25 20:37:23,285 [main] INFO  ozone.MiniOzoneClusterImpl (MiniOzoneClusterImpl.java:lambda$waitForClusterToBeReady$0(224)) - Nodes are ready. Got 3 of 3 DN Heartbeats.
2023-06-25 20:37:23,285 [main] INFO  ozone.MiniOzoneClusterImpl (MiniOzoneClusterImpl.java:lambda$waitForClusterToBeReady$0(227)) - Waiting for cluster to exit safe mode
2023-06-25 20:37:23,285 [main] INFO  ozone.MiniOzoneClusterImpl (MiniOzoneClusterImpl.java:lambda$waitForClusterToBeReady$0(229)) - SCM became leader
2023-06-25 20:37:24,286 [main] INFO  ozone.MiniOzoneClusterImpl (MiniOzoneClusterImpl.java:lambda$waitForClusterToBeReady$0(224)) - Nodes are ready. Got 3 of 3 DN Heartbeats.
2023-06-25 20:37:24,286 [main] INFO  ozone.MiniOzoneClusterImpl (MiniOzoneClusterImpl.java:lambda$waitForClusterToBeReady$0(227)) - Waiting for cluster to exit safe mode
2023-06-25 20:37:24,286 [main] INFO  ozone.MiniOzoneClusterImpl (MiniOzoneClusterImpl.java:lambda$waitForClusterToBeReady$0(229)) - SCM became leader
2023-06-25 20:37:25,287 [main] INFO  ozone.MiniOzoneClusterImpl (MiniOzoneClusterImpl.java:lambda$waitForClusterToBeReady$0(224)) - Nodes are ready. Got 3 of 3 DN Heartbeats.
2023-06-25 20:37:25,287 [main] INFO  ozone.MiniOzoneClusterImpl (MiniOzoneClusterImpl.java:lambda$waitForClusterToBeReady$0(227)) - Waiting for cluster to exit safe mode
2023-06-25 20:37:25,287 [main] INFO  ozone.MiniOzoneClusterImpl (MiniOzoneClusterImpl.java:lambda$waitForClusterToBeReady$0(229)) - SCM became leader
2023-06-25 20:37:25,551 [dc38f854-6bce-4a40-ab3d-29959e10d617@group-0A4994879AE5-FollowerState] INFO  impl.FollowerState (FollowerState.java:run(143)) - dc38f854-6bce-4a40-ab3d-29959e10d617@group-0A4994879AE5-FollowerState: change to CANDIDATE, lastRpcElapsedTime:5082704205ns, electionTimeout:5061ms
2023-06-25 20:37:25,552 [dc38f854-6bce-4a40-ab3d-29959e10d617@group-0A4994879AE5-FollowerState] INFO  impl.RoleInfo (RoleInfo.java:shutdownFollowerState(110)) - dc38f854-6bce-4a40-ab3d-29959e10d617: shutdown dc38f854-6bce-4a40-ab3d-29959e10d617@group-0A4994879AE5-FollowerState
2023-06-25 20:37:25,552 [dc38f854-6bce-4a40-ab3d-29959e10d617@group-0A4994879AE5-FollowerState] INFO  server.RaftServer$Division (RaftServerImpl.java:setRole(329)) - dc38f854-6bce-4a40-ab3d-29959e10d617@group-0A4994879AE5: changes role from  FOLLOWER to CANDIDATE at term 0 for changeToCandidate
2023-06-25 20:37:25,553 [dc38f854-6bce-4a40-ab3d-29959e10d617@group-0A4994879AE5-FollowerState] INFO  server.RaftServerConfigKeys (ConfUtils.java:logGet(46)) - raft.server.leaderelection.pre-vote = true (default)
2023-06-25 20:37:25,553 [dc38f854-6bce-4a40-ab3d-29959e10d617@group-0A4994879AE5-FollowerState] INFO  impl.RoleInfo (RoleInfo.java:updateAndGet(139)) - dc38f854-6bce-4a40-ab3d-29959e10d617: start dc38f854-6bce-4a40-ab3d-29959e10d617@group-0A4994879AE5-LeaderElection2
2023-06-25 20:37:25,555 [dc38f854-6bce-4a40-ab3d-29959e10d617@group-0A4994879AE5-LeaderElection2] INFO  impl.LeaderElection (LeaderElection.java:askForVotes(321)) - dc38f854-6bce-4a40-ab3d-29959e10d617@group-0A4994879AE5-LeaderElection2 PRE_VOTE round 0: submit vote requests at term 0 for -1: peers:[dc38f854-6bce-4a40-ab3d-29959e10d617|rpc:10.1.0.20:15014|admin:10.1.0.20:15013|client:10.1.0.20:15012|dataStream:10.1.0.20:15015|priority:1|startupRole:FOLLOWER]|listeners:[], old=null
2023-06-25 20:37:25,555 [dc38f854-6bce-4a40-ab3d-29959e10d617@group-0A4994879AE5-LeaderElection2] INFO  impl.LeaderElection (LeaderElection.java:askForVotes(323)) - dc38f854-6bce-4a40-ab3d-29959e10d617@group-0A4994879AE5-LeaderElection2 PRE_VOTE round 0: result PASSED (term=0)
2023-06-25 20:37:25,557 [dc38f854-6bce-4a40-ab3d-29959e10d617@group-0A4994879AE5-LeaderElection2] INFO  impl.LeaderElection (LeaderElection.java:askForVotes(321)) - dc38f854-6bce-4a40-ab3d-29959e10d617@group-0A4994879AE5-LeaderElection2 ELECTION round 0: submit vote requests at term 1 for -1: peers:[dc38f854-6bce-4a40-ab3d-29959e10d617|rpc:10.1.0.20:15014|admin:10.1.0.20:15013|client:10.1.0.20:15012|dataStream:10.1.0.20:15015|priority:1|startupRole:FOLLOWER]|listeners:[], old=null
2023-06-25 20:37:25,557 [dc38f854-6bce-4a40-ab3d-29959e10d617@group-0A4994879AE5-LeaderElection2] INFO  impl.LeaderElection (LeaderElection.java:askForVotes(323)) - dc38f854-6bce-4a40-ab3d-29959e10d617@group-0A4994879AE5-LeaderElection2 ELECTION round 0: result PASSED (term=1)
2023-06-25 20:37:25,558 [dc38f854-6bce-4a40-ab3d-29959e10d617@group-0A4994879AE5-LeaderElection2] INFO  impl.RoleInfo (RoleInfo.java:shutdownLeaderElection(130)) - dc38f854-6bce-4a40-ab3d-29959e10d617: shutdown dc38f854-6bce-4a40-ab3d-29959e10d617@group-0A4994879AE5-LeaderElection2
2023-06-25 20:37:25,558 [dc38f854-6bce-4a40-ab3d-29959e10d617@group-0A4994879AE5-LeaderElection2] INFO  server.RaftServer$Division (RaftServerImpl.java:setRole(329)) - dc38f854-6bce-4a40-ab3d-29959e10d617@group-0A4994879AE5: changes role from CANDIDATE to LEADER at term 1 for changeToLeader
2023-06-25 20:37:25,558 [dc38f854-6bce-4a40-ab3d-29959e10d617@group-0A4994879AE5-LeaderElection2] INFO  ratis.XceiverServerRatis (XceiverServerRatis.java:handleLeaderChangedNotification(902)) - Leader change notification received for group: group-0A4994879AE5 with new leaderId: dc38f854-6bce-4a40-ab3d-29959e10d617
2023-06-25 20:37:25,558 [dc38f854-6bce-4a40-ab3d-29959e10d617@group-0A4994879AE5-LeaderElection2] INFO  server.RaftServer$Division (ServerState.java:setLeader(317)) - dc38f854-6bce-4a40-ab3d-29959e10d617@group-0A4994879AE5: change Leader from null to dc38f854-6bce-4a40-ab3d-29959e10d617 at term 1 for becomeLeader, leader elected after 5119ms
2023-06-25 20:37:25,558 [dc38f854-6bce-4a40-ab3d-29959e10d617@group-0A4994879AE5-LeaderElection2] INFO  server.RaftServerConfigKeys (ConfUtils.java:logGet(46)) - raft.server.staging.catchup.gap = 1000 (default)
2023-06-25 20:37:25,559 [dc38f854-6bce-4a40-ab3d-29959e10d617@group-0A4994879AE5-LeaderElection2] INFO  server.RaftServerConfigKeys (ConfUtils.java:logGet(46)) - raft.server.write.element-limit = 1024 (custom)
2023-06-25 20:37:25,559 [dc38f854-6bce-4a40-ab3d-29959e10d617@group-0A4994879AE5-LeaderElection2] INFO  server.RaftServerConfigKeys (ConfUtils.java:logGet(46)) - raft.server.write.byte-limit = 1024 M (=1073741824) (custom)
2023-06-25 20:37:25,559 [dc38f854-6bce-4a40-ab3d-29959e10d617@group-0A4994879AE5-LeaderElection2] INFO  server.RaftServerConfigKeys (ConfUtils.java:logGet(46)) - raft.server.watch.timeout = 180s (custom)
2023-06-25 20:37:25,559 [dc38f854-6bce-4a40-ab3d-29959e10d617@group-0A4994879AE5-LeaderElection2] INFO  server.RaftServerConfigKeys (ConfUtils.java:logGet(46)) - raft.server.watch.timeout.denomination = 1s (default)
2023-06-25 20:37:25,559 [dc38f854-6bce-4a40-ab3d-29959e10d617@group-0A4994879AE5-LeaderElection2] INFO  server.RaftServerConfigKeys (ConfUtils.java:logGet(46)) - raft.server.watch.element-limit = 65536 (default)
2023-06-25 20:37:25,560 [dc38f854-6bce-4a40-ab3d-29959e10d617@group-0A4994879AE5-LeaderElection2] INFO  server.RaftServerConfigKeys (ConfUtils.java:logGet(46)) - raft.server.write.element-limit = 1024 (custom)
2023-06-25 20:37:25,560 [dc38f854-6bce-4a40-ab3d-29959e10d617@group-0A4994879AE5-LeaderElection2] INFO  server.RaftServerConfigKeys (ConfUtils.java:logGet(46)) - raft.server.write.follower.gap.ratio.max = -1.0 (default)
2023-06-25 20:37:25,560 [dc38f854-6bce-4a40-ab3d-29959e10d617@group-0A4994879AE5-LeaderElection2] INFO  impl.RoleInfo (RoleInfo.java:updateAndGet(139)) - dc38f854-6bce-4a40-ab3d-29959e10d617: start dc38f854-6bce-4a40-ab3d-29959e10d617@group-0A4994879AE5-LeaderStateImpl
2023-06-25 20:37:25,561 [EventQueue-OpenPipelineForHealthyPipelineSafeModeRule] INFO  safemode.SCMSafeModeManager (HealthyPipelineSafeModeRule.java:process(137)) - SCM in safe mode. Healthy pipelines reported count is 0, required healthy pipeline reported count is 1
2023-06-25 20:37:25,561 [dc38f854-6bce-4a40-ab3d-29959e10d617@group-0A4994879AE5-LeaderElection2] INFO  segmented.SegmentedRaftLogWorker (SegmentedRaftLogWorker.java:startLogSegment(447)) - dc38f854-6bce-4a40-ab3d-29959e10d617@group-0A4994879AE5-SegmentedRaftLogWorker: Starting segment from index:0
2023-06-25 20:37:25,566 [dc38f854-6bce-4a40-ab3d-29959e10d617@group-0A4994879AE5-SegmentedRaftLogWorker] INFO  segmented.SegmentedRaftLogWorker (SegmentedRaftLogWorker.java:execute(651)) - dc38f854-6bce-4a40-ab3d-29959e10d617@group-0A4994879AE5-SegmentedRaftLogWorker: created new log segment /home/runner/work/ozone/ozone/hadoop-ozone/integration-test/target/test-dir/MiniOzoneClusterImpl-3473cb2a-b740-44b6-9b0f-d3bba0659fcf/datanode-0/data/ratis/7b6544a9-59c4-45aa-a31d-0a4994879ae5/current/log_inprogress_0
2023-06-25 20:37:25,575 [dc38f854-6bce-4a40-ab3d-29959e10d617@group-0A4994879AE5-LeaderElection2] INFO  server.RaftServer$Division (ServerState.java:setRaftConf(434)) - dc38f854-6bce-4a40-ab3d-29959e10d617@group-0A4994879AE5: set configuration 0: peers:[dc38f854-6bce-4a40-ab3d-29959e10d617|rpc:10.1.0.20:15014|admin:10.1.0.20:15013|client:10.1.0.20:15012|dataStream:10.1.0.20:15015|priority:1|startupRole:FOLLOWER]|listeners:[], old=null
2023-06-25 20:37:25,927 [dc38f854-6bce-4a40-ab3d-29959e10d617@group-7C98CEF1E43C-FollowerState] INFO  impl.FollowerState (FollowerState.java:run(143)) - dc38f854-6bce-4a40-ab3d-29959e10d617@group-7C98CEF1E43C-FollowerState: change to CANDIDATE, lastRpcElapsedTime:5382327264ns, electionTimeout:5177ms
2023-06-25 20:37:25,928 [dc38f854-6bce-4a40-ab3d-29959e10d617@group-7C98CEF1E43C-FollowerState] INFO  impl.RoleInfo (RoleInfo.java:shutdownFollowerState(110)) - dc38f854-6bce-4a40-ab3d-29959e10d617: shutdown dc38f854-6bce-4a40-ab3d-29959e10d617@group-7C98CEF1E43C-FollowerState
2023-06-25 20:37:25,928 [dc38f854-6bce-4a40-ab3d-29959e10d617@group-7C98CEF1E43C-FollowerState] INFO  server.RaftServer$Division (RaftServerImpl.java:setRole(329)) - dc38f854-6bce-4a40-ab3d-29959e10d617@group-7C98CEF1E43C: changes role from  FOLLOWER to CANDIDATE at term 0 for changeToCandidate
2023-06-25 20:37:25,929 [dc38f854-6bce-4a40-ab3d-29959e10d617@group-7C98CEF1E43C-FollowerState] INFO  server.RaftServerConfigKeys (ConfUtils.java:logGet(46)) - raft.server.leaderelection.pre-vote = true (default)
2023-06-25 20:37:25,929 [dc38f854-6bce-4a40-ab3d-29959e10d617@group-7C98CEF1E43C-FollowerState] INFO  impl.RoleInfo (RoleInfo.java:updateAndGet(139)) - dc38f854-6bce-4a40-ab3d-29959e10d617: start dc38f854-6bce-4a40-ab3d-29959e10d617@group-7C98CEF1E43C-LeaderElection3
2023-06-25 20:37:25,931 [dc38f854-6bce-4a40-ab3d-29959e10d617@group-7C98CEF1E43C-LeaderElection3] INFO  impl.LeaderElection (LeaderElection.java:askForVotes(321)) - dc38f854-6bce-4a40-ab3d-29959e10d617@group-7C98CEF1E43C-LeaderElection3 PRE_VOTE round 0: submit vote requests at term 0 for -1: peers:[3181cc3d-c03d-45be-ac89-a7dc70899832|rpc:10.1.0.20:15032|admin:10.1.0.20:15031|client:10.1.0.20:15030|dataStream:10.1.0.20:15033|priority:1|startupRole:FOLLOWER, 63f38968-75c0-4f5a-b557-2283dcafd01e|rpc:10.1.0.20:15023|admin:10.1.0.20:15022|client:10.1.0.20:15021|dataStream:10.1.0.20:15024|priority:0|startupRole:FOLLOWER, dc38f854-6bce-4a40-ab3d-29959e10d617|rpc:10.1.0.20:15014|admin:10.1.0.20:15013|client:10.1.0.20:15012|dataStream:10.1.0.20:15015|priority:0|startupRole:FOLLOWER]|listeners:[], old=null
2023-06-25 20:37:25,937 [dc38f854-6bce-4a40-ab3d-29959e10d617@group-7C98CEF1E43C-LeaderElection3] INFO  server.RaftServerConfigKeys (ConfUtils.java:logFallback(53)) - raft.server.rpc.first-election.timeout.min = 5s (fallback to raft.server.rpc.timeout.min)
2023-06-25 20:37:25,937 [dc38f854-6bce-4a40-ab3d-29959e10d617@group-7C98CEF1E43C-LeaderElection3] INFO  server.RaftServerConfigKeys (ConfUtils.java:logFallback(53)) - raft.server.rpc.first-election.timeout.max = 5200ms (fallback to raft.server.rpc.timeout.max)
2023-06-25 20:37:25,938 [dc38f854-6bce-4a40-ab3d-29959e10d617@group-7C98CEF1E43C-LeaderElection3-1] INFO  server.GrpcServerProtocolClient (GrpcServerProtocolClient.java:<init>(65)) - Build channel for 3181cc3d-c03d-45be-ac89-a7dc70899832
2023-06-25 20:37:25,940 [dc38f854-6bce-4a40-ab3d-29959e10d617@group-7C98CEF1E43C-LeaderElection3-2] INFO  server.GrpcServerProtocolClient (GrpcServerProtocolClient.java:<init>(65)) - Build channel for 63f38968-75c0-4f5a-b557-2283dcafd01e
2023-06-25 20:37:25,963 [grpc-default-executor-0] INFO  server.RaftServer$Division (RaftServerImpl.java:requestVote(1302)) - 63f38968-75c0-4f5a-b557-2283dcafd01e@group-7C98CEF1E43C: receive requestVote(PRE_VOTE, dc38f854-6bce-4a40-ab3d-29959e10d617, group-7C98CEF1E43C, 0, (t:0, i:0))
2023-06-25 20:37:25,965 [grpc-default-executor-0] INFO  impl.VoteContext (VoteContext.java:log(49)) - 63f38968-75c0-4f5a-b557-2283dcafd01e@group-7C98CEF1E43C-FOLLOWER: accept PRE_VOTE from dc38f854-6bce-4a40-ab3d-29959e10d617: our priority 0 <= candidate's priority 0
2023-06-25 20:37:25,975 [grpc-default-executor-0] INFO  server.RaftServer$Division (RaftServerImpl.java:requestVote(1335)) - 63f38968-75c0-4f5a-b557-2283dcafd01e@group-7C98CEF1E43C replies to PRE_VOTE vote request: dc38f854-6bce-4a40-ab3d-29959e10d617<-63f38968-75c0-4f5a-b557-2283dcafd01e#0:OK-t0. Peer's state: 63f38968-75c0-4f5a-b557-2283dcafd01e@group-7C98CEF1E43C:t0, leader=null, voted=, raftlog=Memoized:63f38968-75c0-4f5a-b557-2283dcafd01e@group-7C98CEF1E43C-SegmentedRaftLog:OPENED:c-1, conf=-1: peers:[3181cc3d-c03d-45be-ac89-a7dc70899832|rpc:10.1.0.20:15032|admin:10.1.0.20:15031|client:10.1.0.20:15030|dataStream:10.1.0.20:15033|priority:1|startupRole:FOLLOWER, 63f38968-75c0-4f5a-b557-2283dcafd01e|rpc:10.1.0.20:15023|admin:10.1.0.20:15022|client:10.1.0.20:15021|dataStream:10.1.0.20:15024|priority:0|startupRole:FOLLOWER, dc38f854-6bce-4a40-ab3d-29959e10d617|rpc:10.1.0.20:15014|admin:10.1.0.20:15013|client:10.1.0.20:15012|dataStream:10.1.0.20:15015|priority:0|startupRole:FOLLOWER]|listeners:[], old=null
2023-06-25 20:37:25,982 [grpc-default-executor-0] INFO  server.RaftServer$Division (RaftServerImpl.java:requestVote(1302)) - 3181cc3d-c03d-45be-ac89-a7dc70899832@group-7C98CEF1E43C: receive requestVote(PRE_VOTE, dc38f854-6bce-4a40-ab3d-29959e10d617, group-7C98CEF1E43C, 0, (t:0, i:0))
2023-06-25 20:37:25,982 [grpc-default-executor-0] INFO  impl.VoteContext (VoteContext.java:log(49)) - 3181cc3d-c03d-45be-ac89-a7dc70899832@group-7C98CEF1E43C-FOLLOWER: reject PRE_VOTE from dc38f854-6bce-4a40-ab3d-29959e10d617: our priority 1 > candidate's priority 0
2023-06-25 20:37:25,982 [grpc-default-executor-0] INFO  server.RaftServer$Division (RaftServerImpl.java:requestVote(1335)) - 3181cc3d-c03d-45be-ac89-a7dc70899832@group-7C98CEF1E43C replies to PRE_VOTE vote request: dc38f854-6bce-4a40-ab3d-29959e10d617<-3181cc3d-c03d-45be-ac89-a7dc70899832#0:FAIL-t0. Peer's state: 3181cc3d-c03d-45be-ac89-a7dc70899832@group-7C98CEF1E43C:t0, leader=null, voted=, raftlog=Memoized:3181cc3d-c03d-45be-ac89-a7dc70899832@group-7C98CEF1E43C-SegmentedRaftLog:OPENED:c-1, conf=-1: peers:[3181cc3d-c03d-45be-ac89-a7dc70899832|rpc:10.1.0.20:15032|admin:10.1.0.20:15031|client:10.1.0.20:15030|dataStream:10.1.0.20:15033|priority:1|startupRole:FOLLOWER, 63f38968-75c0-4f5a-b557-2283dcafd01e|rpc:10.1.0.20:15023|admin:10.1.0.20:15022|client:10.1.0.20:15021|dataStream:10.1.0.20:15024|priority:0|startupRole:FOLLOWER, dc38f854-6bce-4a40-ab3d-29959e10d617|rpc:10.1.0.20:15014|admin:10.1.0.20:15013|client:10.1.0.20:15012|dataStream:10.1.0.20:15015|priority:0|startupRole:FOLLOWER]|listeners:[], old=null
2023-06-25 20:37:25,985 [dc38f854-6bce-4a40-ab3d-29959e10d617@group-7C98CEF1E43C-LeaderElection3] INFO  impl.LeaderElection (LeaderElection.java:logAndReturn(90)) - dc38f854-6bce-4a40-ab3d-29959e10d617@group-7C98CEF1E43C-LeaderElection3: PRE_VOTE REJECTED received 2 response(s) and 0 exception(s):
2023-06-25 20:37:25,986 [dc38f854-6bce-4a40-ab3d-29959e10d617@group-7C98CEF1E43C-LeaderElection3] INFO  impl.LeaderElection (LeaderElection.java:logAndReturn(94)) -   Response 0: dc38f854-6bce-4a40-ab3d-29959e10d617<-3181cc3d-c03d-45be-ac89-a7dc70899832#0:FAIL-t0
2023-06-25 20:37:25,986 [dc38f854-6bce-4a40-ab3d-29959e10d617@group-7C98CEF1E43C-LeaderElection3] INFO  impl.LeaderElection (LeaderElection.java:logAndReturn(94)) -   Response 1: dc38f854-6bce-4a40-ab3d-29959e10d617<-63f38968-75c0-4f5a-b557-2283dcafd01e#0:OK-t0
2023-06-25 20:37:25,986 [dc38f854-6bce-4a40-ab3d-29959e10d617@group-7C98CEF1E43C-LeaderElection3] INFO  impl.LeaderElection (LeaderElection.java:askForVotes(323)) - dc38f854-6bce-4a40-ab3d-29959e10d617@group-7C98CEF1E43C-LeaderElection3 PRE_VOTE round 0: result REJECTED
2023-06-25 20:37:25,987 [dc38f854-6bce-4a40-ab3d-29959e10d617@group-7C98CEF1E43C-LeaderElection3] INFO  server.RaftServer$Division (RaftServerImpl.java:setRole(329)) - dc38f854-6bce-4a40-ab3d-29959e10d617@group-7C98CEF1E43C: changes role from CANDIDATE to FOLLOWER at term 0 for REJECTED
2023-06-25 20:37:25,987 [dc38f854-6bce-4a40-ab3d-29959e10d617@group-7C98CEF1E43C-LeaderElection3] INFO  impl.RoleInfo (RoleInfo.java:shutdownLeaderElection(130)) - dc38f854-6bce-4a40-ab3d-29959e10d617: shutdown dc38f854-6bce-4a40-ab3d-29959e10d617@group-7C98CEF1E43C-LeaderElection3
2023-06-25 20:37:25,987 [dc38f854-6bce-4a40-ab3d-29959e10d617@group-7C98CEF1E43C-LeaderElection3] INFO  impl.RoleInfo (RoleInfo.java:updateAndGet(139)) - dc38f854-6bce-4a40-ab3d-29959e10d617: start dc38f854-6bce-4a40-ab3d-29959e10d617@group-7C98CEF1E43C-FollowerState
2023-06-25 20:37:26,063 [63f38968-75c0-4f5a-b557-2283dcafd01e@group-F1F2B89C8AD4-FollowerState] INFO  impl.FollowerState (FollowerState.java:run(143)) - 63f38968-75c0-4f5a-b557-2283dcafd01e@group-F1F2B89C8AD4-FollowerState: change to CANDIDATE, lastRpcElapsedTime:5072196680ns, electionTimeout:5056ms
2023-06-25 20:37:26,065 [63f38968-75c0-4f5a-b557-2283dcafd01e@group-F1F2B89C8AD4-FollowerState] INFO  impl.RoleInfo (RoleInfo.java:shutdownFollowerState(110)) - 63f38968-75c0-4f5a-b557-2283dcafd01e: shutdown 63f38968-75c0-4f5a-b557-2283dcafd01e@group-F1F2B89C8AD4-FollowerState
2023-06-25 20:37:26,065 [63f38968-75c0-4f5a-b557-2283dcafd01e@group-F1F2B89C8AD4-FollowerState] INFO  server.RaftServer$Division (RaftServerImpl.java:setRole(329)) - 63f38968-75c0-4f5a-b557-2283dcafd01e@group-F1F2B89C8AD4: changes role from  FOLLOWER to CANDIDATE at term 0 for changeToCandidate
2023-06-25 20:37:26,067 [63f38968-75c0-4f5a-b557-2283dcafd01e@group-F1F2B89C8AD4-FollowerState] INFO  server.RaftServerConfigKeys (ConfUtils.java:logGet(46)) - raft.server.leaderelection.pre-vote = true (default)
2023-06-25 20:37:26,067 [63f38968-75c0-4f5a-b557-2283dcafd01e@group-F1F2B89C8AD4-FollowerState] INFO  impl.RoleInfo (RoleInfo.java:updateAndGet(139)) - 63f38968-75c0-4f5a-b557-2283dcafd01e: start 63f38968-75c0-4f5a-b557-2283dcafd01e@group-F1F2B89C8AD4-LeaderElection4
2023-06-25 20:37:26,078 [63f38968-75c0-4f5a-b557-2283dcafd01e@group-F1F2B89C8AD4-LeaderElection4] INFO  impl.LeaderElection (LeaderElection.java:askForVotes(321)) - 63f38968-75c0-4f5a-b557-2283dcafd01e@group-F1F2B89C8AD4-LeaderElection4 PRE_VOTE round 0: submit vote requests at term 0 for -1: peers:[63f38968-75c0-4f5a-b557-2283dcafd01e|rpc:10.1.0.20:15023|admin:10.1.0.20:15022|client:10.1.0.20:15021|dataStream:10.1.0.20:15024|priority:1|startupRole:FOLLOWER]|listeners:[], old=null
2023-06-25 20:37:26,078 [63f38968-75c0-4f5a-b557-2283dcafd01e@group-F1F2B89C8AD4-LeaderElection4] INFO  impl.LeaderElection (LeaderElection.java:askForVotes(323)) - 63f38968-75c0-4f5a-b557-2283dcafd01e@group-F1F2B89C8AD4-LeaderElection4 PRE_VOTE round 0: result PASSED (term=0)
2023-06-25 20:37:26,080 [63f38968-75c0-4f5a-b557-2283dcafd01e@group-F1F2B89C8AD4-LeaderElection4] INFO  impl.LeaderElection (LeaderElection.java:askForVotes(321)) - 63f38968-75c0-4f5a-b557-2283dcafd01e@group-F1F2B89C8AD4-LeaderElection4 ELECTION round 0: submit vote requests at term 1 for -1: peers:[63f38968-75c0-4f5a-b557-2283dcafd01e|rpc:10.1.0.20:15023|admin:10.1.0.20:15022|client:10.1.0.20:15021|dataStream:10.1.0.20:15024|priority:1|startupRole:FOLLOWER]|listeners:[], old=null
2023-06-25 20:37:26,080 [63f38968-75c0-4f5a-b557-2283dcafd01e@group-F1F2B89C8AD4-LeaderElection4] INFO  impl.LeaderElection (LeaderElection.java:askForVotes(323)) - 63f38968-75c0-4f5a-b557-2283dcafd01e@group-F1F2B89C8AD4-LeaderElection4 ELECTION round 0: result PASSED (term=1)
2023-06-25 20:37:26,080 [63f38968-75c0-4f5a-b557-2283dcafd01e@group-F1F2B89C8AD4-LeaderElection4] INFO  impl.RoleInfo (RoleInfo.java:shutdownLeaderElection(130)) - 63f38968-75c0-4f5a-b557-2283dcafd01e: shutdown 63f38968-75c0-4f5a-b557-2283dcafd01e@group-F1F2B89C8AD4-LeaderElection4
2023-06-25 20:37:26,081 [63f38968-75c0-4f5a-b557-2283dcafd01e@group-F1F2B89C8AD4-LeaderElection4] INFO  server.RaftServer$Division (RaftServerImpl.java:setRole(329)) - 63f38968-75c0-4f5a-b557-2283dcafd01e@group-F1F2B89C8AD4: changes role from CANDIDATE to LEADER at term 1 for changeToLeader
2023-06-25 20:37:26,081 [63f38968-75c0-4f5a-b557-2283dcafd01e@group-F1F2B89C8AD4-LeaderElection4] INFO  ratis.XceiverServerRatis (XceiverServerRatis.java:handleLeaderChangedNotification(902)) - Leader change notification received for group: group-F1F2B89C8AD4 with new leaderId: 63f38968-75c0-4f5a-b557-2283dcafd01e
2023-06-25 20:37:26,082 [63f38968-75c0-4f5a-b557-2283dcafd01e@group-F1F2B89C8AD4-LeaderElection4] INFO  server.RaftServer$Division (ServerState.java:setLeader(317)) - 63f38968-75c0-4f5a-b557-2283dcafd01e@group-F1F2B89C8AD4: change Leader from null to 63f38968-75c0-4f5a-b557-2283dcafd01e at term 1 for becomeLeader, leader elected after 5154ms
2023-06-25 20:37:26,082 [63f38968-75c0-4f5a-b557-2283dcafd01e@group-F1F2B89C8AD4-LeaderElection4] INFO  server.RaftServerConfigKeys (ConfUtils.java:logGet(46)) - raft.server.staging.catchup.gap = 1000 (default)
2023-06-25 20:37:26,083 [63f38968-75c0-4f5a-b557-2283dcafd01e@group-F1F2B89C8AD4-LeaderElection4] INFO  server.RaftServerConfigKeys (ConfUtils.java:logGet(46)) - raft.server.write.element-limit = 1024 (custom)
2023-06-25 20:37:26,083 [63f38968-75c0-4f5a-b557-2283dcafd01e@group-F1F2B89C8AD4-LeaderElection4] INFO  server.RaftServerConfigKeys (ConfUtils.java:logGet(46)) - raft.server.write.byte-limit = 1024 M (=1073741824) (custom)
2023-06-25 20:37:26,089 [63f38968-75c0-4f5a-b557-2283dcafd01e@group-F1F2B89C8AD4-LeaderElection4] INFO  server.RaftServerConfigKeys (ConfUtils.java:logGet(46)) - raft.server.watch.timeout = 180s (custom)
2023-06-25 20:37:26,089 [63f38968-75c0-4f5a-b557-2283dcafd01e@group-F1F2B89C8AD4-LeaderElection4] INFO  server.RaftServerConfigKeys (ConfUtils.java:logGet(46)) - raft.server.watch.timeout.denomination = 1s (default)
2023-06-25 20:37:26,089 [63f38968-75c0-4f5a-b557-2283dcafd01e@group-F1F2B89C8AD4-LeaderElection4] INFO  server.RaftServerConfigKeys (ConfUtils.java:logGet(46)) - raft.server.watch.element-limit = 65536 (default)
2023-06-25 20:37:26,089 [63f38968-75c0-4f5a-b557-2283dcafd01e@group-F1F2B89C8AD4-LeaderElection4] INFO  server.RaftServerConfigKeys (ConfUtils.java:logGet(46)) - raft.server.write.element-limit = 1024 (custom)
2023-06-25 20:37:26,090 [63f38968-75c0-4f5a-b557-2283dcafd01e@group-F1F2B89C8AD4-LeaderElection4] INFO  server.RaftServerConfigKeys (ConfUtils.java:logGet(46)) - raft.server.write.follower.gap.ratio.max = -1.0 (default)
2023-06-25 20:37:26,090 [63f38968-75c0-4f5a-b557-2283dcafd01e@group-F1F2B89C8AD4-LeaderElection4] INFO  impl.RoleInfo (RoleInfo.java:updateAndGet(139)) - 63f38968-75c0-4f5a-b557-2283dcafd01e: start 63f38968-75c0-4f5a-b557-2283dcafd01e@group-F1F2B89C8AD4-LeaderStateImpl
2023-06-25 20:37:26,090 [63f38968-75c0-4f5a-b557-2283dcafd01e@group-F1F2B89C8AD4-LeaderElection4] INFO  segmented.SegmentedRaftLogWorker (SegmentedRaftLogWorker.java:startLogSegment(447)) - 63f38968-75c0-4f5a-b557-2283dcafd01e@group-F1F2B89C8AD4-SegmentedRaftLogWorker: Starting segment from index:0
2023-06-25 20:37:26,091 [63f38968-75c0-4f5a-b557-2283dcafd01e@group-F1F2B89C8AD4-SegmentedRaftLogWorker] INFO  segmented.SegmentedRaftLogWorker (SegmentedRaftLogWorker.java:execute(651)) - 63f38968-75c0-4f5a-b557-2283dcafd01e@group-F1F2B89C8AD4-SegmentedRaftLogWorker: created new log segment /home/runner/work/ozone/ozone/hadoop-ozone/integration-test/target/test-dir/MiniOzoneClusterImpl-3473cb2a-b740-44b6-9b0f-d3bba0659fcf/datanode-1/data/ratis/54938dc7-1baa-488d-841d-f1f2b89c8ad4/current/log_inprogress_0
2023-06-25 20:37:26,092 [EventQueue-OpenPipelineForHealthyPipelineSafeModeRule] INFO  safemode.SCMSafeModeManager (HealthyPipelineSafeModeRule.java:process(137)) - SCM in safe mode. Healthy pipelines reported count is 0, required healthy pipeline reported count is 1
2023-06-25 20:37:26,094 [63f38968-75c0-4f5a-b557-2283dcafd01e@group-F1F2B89C8AD4-LeaderElection4] INFO  server.RaftServer$Division (ServerState.java:setRaftConf(434)) - 63f38968-75c0-4f5a-b557-2283dcafd01e@group-F1F2B89C8AD4: set configuration 0: peers:[63f38968-75c0-4f5a-b557-2283dcafd01e|rpc:10.1.0.20:15023|admin:10.1.0.20:15022|client:10.1.0.20:15021|dataStream:10.1.0.20:15024|priority:1|startupRole:FOLLOWER]|listeners:[], old=null
2023-06-25 20:37:26,103 [63f38968-75c0-4f5a-b557-2283dcafd01e@group-7C98CEF1E43C-FollowerState] INFO  server.RaftServerConfigKeys (ConfUtils.java:logFallback(53)) - raft.server.rpc.first-election.timeout.min = 5s (fallback to raft.server.rpc.timeout.min)
2023-06-25 20:37:26,103 [63f38968-75c0-4f5a-b557-2283dcafd01e@group-7C98CEF1E43C-FollowerState] INFO  server.RaftServerConfigKeys (ConfUtils.java:logFallback(53)) - raft.server.rpc.first-election.timeout.max = 5200ms (fallback to raft.server.rpc.timeout.max)
2023-06-25 20:37:26,288 [main] INFO  ozone.MiniOzoneClusterImpl (MiniOzoneClusterImpl.java:lambda$waitForClusterToBeReady$0(224)) - Nodes are ready. Got 3 of 3 DN Heartbeats.
2023-06-25 20:37:26,288 [main] INFO  ozone.MiniOzoneClusterImpl (MiniOzoneClusterImpl.java:lambda$waitForClusterToBeReady$0(227)) - Waiting for cluster to exit safe mode
2023-06-25 20:37:26,288 [main] INFO  ozone.MiniOzoneClusterImpl (MiniOzoneClusterImpl.java:lambda$waitForClusterToBeReady$0(229)) - SCM became leader
2023-06-25 20:37:26,507 [3181cc3d-c03d-45be-ac89-a7dc70899832@group-8B0547138AC8-FollowerState] INFO  impl.FollowerState (FollowerState.java:run(143)) - 3181cc3d-c03d-45be-ac89-a7dc70899832@group-8B0547138AC8-FollowerState: change to CANDIDATE, lastRpcElapsedTime:5119135577ns, electionTimeout:5098ms
2023-06-25 20:37:26,508 [3181cc3d-c03d-45be-ac89-a7dc70899832@group-8B0547138AC8-FollowerState] INFO  impl.RoleInfo (RoleInfo.java:shutdownFollowerState(110)) - 3181cc3d-c03d-45be-ac89-a7dc70899832: shutdown 3181cc3d-c03d-45be-ac89-a7dc70899832@group-8B0547138AC8-FollowerState
2023-06-25 20:37:26,508 [3181cc3d-c03d-45be-ac89-a7dc70899832@group-8B0547138AC8-FollowerState] INFO  server.RaftServer$Division (RaftServerImpl.java:setRole(329)) - 3181cc3d-c03d-45be-ac89-a7dc70899832@group-8B0547138AC8: changes role from  FOLLOWER to CANDIDATE at term 0 for changeToCandidate
2023-06-25 20:37:26,508 [3181cc3d-c03d-45be-ac89-a7dc70899832@group-8B0547138AC8-FollowerState] INFO  server.RaftServerConfigKeys (ConfUtils.java:logGet(46)) - raft.server.leaderelection.pre-vote = true (default)
2023-06-25 20:37:26,508 [3181cc3d-c03d-45be-ac89-a7dc70899832@group-8B0547138AC8-FollowerState] INFO  impl.RoleInfo (RoleInfo.java:updateAndGet(139)) - 3181cc3d-c03d-45be-ac89-a7dc70899832: start 3181cc3d-c03d-45be-ac89-a7dc70899832@group-8B0547138AC8-LeaderElection5
2023-06-25 20:37:26,510 [3181cc3d-c03d-45be-ac89-a7dc70899832@group-8B0547138AC8-LeaderElection5] INFO  impl.LeaderElection (LeaderElection.java:askForVotes(321)) - 3181cc3d-c03d-45be-ac89-a7dc70899832@group-8B0547138AC8-LeaderElection5 PRE_VOTE round 0: submit vote requests at term 0 for -1: peers:[3181cc3d-c03d-45be-ac89-a7dc70899832|rpc:10.1.0.20:15032|admin:10.1.0.20:15031|client:10.1.0.20:15030|dataStream:10.1.0.20:15033|priority:1|startupRole:FOLLOWER]|listeners:[], old=null
2023-06-25 20:37:26,510 [3181cc3d-c03d-45be-ac89-a7dc70899832@group-8B0547138AC8-LeaderElection5] INFO  impl.LeaderElection (LeaderElection.java:askForVotes(323)) - 3181cc3d-c03d-45be-ac89-a7dc70899832@group-8B0547138AC8-LeaderElection5 PRE_VOTE round 0: result PASSED (term=0)
2023-06-25 20:37:26,511 [3181cc3d-c03d-45be-ac89-a7dc70899832@group-8B0547138AC8-LeaderElection5] INFO  impl.LeaderElection (LeaderElection.java:askForVotes(321)) - 3181cc3d-c03d-45be-ac89-a7dc70899832@group-8B0547138AC8-LeaderElection5 ELECTION round 0: submit vote requests at term 1 for -1: peers:[3181cc3d-c03d-45be-ac89-a7dc70899832|rpc:10.1.0.20:15032|admin:10.1.0.20:15031|client:10.1.0.20:15030|dataStream:10.1.0.20:15033|priority:1|startupRole:FOLLOWER]|listeners:[], old=null
2023-06-25 20:37:26,511 [3181cc3d-c03d-45be-ac89-a7dc70899832@group-8B0547138AC8-LeaderElection5] INFO  impl.LeaderElection (LeaderElection.java:askForVotes(323)) - 3181cc3d-c03d-45be-ac89-a7dc70899832@group-8B0547138AC8-LeaderElection5 ELECTION round 0: result PASSED (term=1)
2023-06-25 20:37:26,512 [3181cc3d-c03d-45be-ac89-a7dc70899832@group-8B0547138AC8-LeaderElection5] INFO  impl.RoleInfo (RoleInfo.java:shutdownLeaderElection(130)) - 3181cc3d-c03d-45be-ac89-a7dc70899832: shutdown 3181cc3d-c03d-45be-ac89-a7dc70899832@group-8B0547138AC8-LeaderElection5
2023-06-25 20:37:26,512 [3181cc3d-c03d-45be-ac89-a7dc70899832@group-8B0547138AC8-LeaderElection5] INFO  server.RaftServer$Division (RaftServerImpl.java:setRole(329)) - 3181cc3d-c03d-45be-ac89-a7dc70899832@group-8B0547138AC8: changes role from CANDIDATE to LEADER at term 1 for changeToLeader
2023-06-25 20:37:26,512 [3181cc3d-c03d-45be-ac89-a7dc70899832@group-8B0547138AC8-LeaderElection5] INFO  ratis.XceiverServerRatis (XceiverServerRatis.java:handleLeaderChangedNotification(902)) - Leader change notification received for group: group-8B0547138AC8 with new leaderId: 3181cc3d-c03d-45be-ac89-a7dc70899832
2023-06-25 20:37:26,512 [3181cc3d-c03d-45be-ac89-a7dc70899832@group-8B0547138AC8-LeaderElection5] INFO  server.RaftServer$Division (ServerState.java:setLeader(317)) - 3181cc3d-c03d-45be-ac89-a7dc70899832@group-8B0547138AC8: change Leader from null to 3181cc3d-c03d-45be-ac89-a7dc70899832 at term 1 for becomeLeader, leader elected after 5193ms
2023-06-25 20:37:26,512 [3181cc3d-c03d-45be-ac89-a7dc70899832@group-8B0547138AC8-LeaderElection5] INFO  server.RaftServerConfigKeys (ConfUtils.java:logGet(46)) - raft.server.staging.catchup.gap = 1000 (default)
2023-06-25 20:37:26,515 [3181cc3d-c03d-45be-ac89-a7dc70899832@group-8B0547138AC8-LeaderElection5] INFO  server.RaftServerConfigKeys (ConfUtils.java:logGet(46)) - raft.server.write.element-limit = 1024 (custom)
2023-06-25 20:37:26,515 [3181cc3d-c03d-45be-ac89-a7dc70899832@group-8B0547138AC8-LeaderElection5] INFO  server.RaftServerConfigKeys (ConfUtils.java:logGet(46)) - raft.server.write.byte-limit = 1024 M (=1073741824) (custom)
2023-06-25 20:37:26,515 [3181cc3d-c03d-45be-ac89-a7dc70899832@group-8B0547138AC8-LeaderElection5] INFO  server.RaftServerConfigKeys (ConfUtils.java:logGet(46)) - raft.server.watch.timeout = 180s (custom)
2023-06-25 20:37:26,515 [3181cc3d-c03d-45be-ac89-a7dc70899832@group-8B0547138AC8-LeaderElection5] INFO  server.RaftServerConfigKeys (ConfUtils.java:logGet(46)) - raft.server.watch.timeout.denomination = 1s (default)
2023-06-25 20:37:26,515 [3181cc3d-c03d-45be-ac89-a7dc70899832@group-8B0547138AC8-LeaderElection5] INFO  server.RaftServerConfigKeys (ConfUtils.java:logGet(46)) - raft.server.watch.element-limit = 65536 (default)
2023-06-25 20:37:26,516 [EventQueue-OpenPipelineForHealthyPipelineSafeModeRule] INFO  safemode.SCMSafeModeManager (HealthyPipelineSafeModeRule.java:process(137)) - SCM in safe mode. Healthy pipelines reported count is 0, required healthy pipeline reported count is 1
2023-06-25 20:37:26,516 [3181cc3d-c03d-45be-ac89-a7dc70899832@group-8B0547138AC8-LeaderElection5] INFO  server.RaftServerConfigKeys (ConfUtils.java:logGet(46)) - raft.server.write.element-limit = 1024 (custom)
2023-06-25 20:37:26,516 [3181cc3d-c03d-45be-ac89-a7dc70899832@group-8B0547138AC8-LeaderElection5] INFO  server.RaftServerConfigKeys (ConfUtils.java:logGet(46)) - raft.server.write.follower.gap.ratio.max = -1.0 (default)
2023-06-25 20:37:26,516 [3181cc3d-c03d-45be-ac89-a7dc70899832@group-8B0547138AC8-LeaderElection5] INFO  impl.RoleInfo (RoleInfo.java:updateAndGet(139)) - 3181cc3d-c03d-45be-ac89-a7dc70899832: start 3181cc3d-c03d-45be-ac89-a7dc70899832@group-8B0547138AC8-LeaderStateImpl
2023-06-25 20:37:26,516 [3181cc3d-c03d-45be-ac89-a7dc70899832@group-8B0547138AC8-LeaderElection5] INFO  segmented.SegmentedRaftLogWorker (SegmentedRaftLogWorker.java:startLogSegment(447)) - 3181cc3d-c03d-45be-ac89-a7dc70899832@group-8B0547138AC8-SegmentedRaftLogWorker: Starting segment from index:0
2023-06-25 20:37:26,518 [3181cc3d-c03d-45be-ac89-a7dc70899832@group-8B0547138AC8-SegmentedRaftLogWorker] INFO  segmented.SegmentedRaftLogWorker (SegmentedRaftLogWorker.java:execute(651)) - 3181cc3d-c03d-45be-ac89-a7dc70899832@group-8B0547138AC8-SegmentedRaftLogWorker: created new log segment /home/runner/work/ozone/ozone/hadoop-ozone/integration-test/target/test-dir/MiniOzoneClusterImpl-3473cb2a-b740-44b6-9b0f-d3bba0659fcf/datanode-2/data/ratis/f1773b77-a87f-4e5c-a21f-8b0547138ac8/current/log_inprogress_0
2023-06-25 20:37:26,521 [3181cc3d-c03d-45be-ac89-a7dc70899832@group-8B0547138AC8-LeaderElection5] INFO  server.RaftServer$Division (ServerState.java:setRaftConf(434)) - 3181cc3d-c03d-45be-ac89-a7dc70899832@group-8B0547138AC8: set configuration 0: peers:[3181cc3d-c03d-45be-ac89-a7dc70899832|rpc:10.1.0.20:15032|admin:10.1.0.20:15031|client:10.1.0.20:15030|dataStream:10.1.0.20:15033|priority:1|startupRole:FOLLOWER]|listeners:[], old=null
2023-06-25 20:37:26,591 [3181cc3d-c03d-45be-ac89-a7dc70899832@group-A2514096448E-FollowerState] INFO  impl.FollowerState (FollowerState.java:run(143)) - 3181cc3d-c03d-45be-ac89-a7dc70899832@group-A2514096448E-FollowerState: change to CANDIDATE, lastRpcElapsedTime:5076437272ns, electionTimeout:5057ms
2023-06-25 20:37:26,591 [3181cc3d-c03d-45be-ac89-a7dc70899832@group-A2514096448E-FollowerState] INFO  impl.RoleInfo (RoleInfo.java:shutdownFollowerState(110)) - 3181cc3d-c03d-45be-ac89-a7dc70899832: shutdown 3181cc3d-c03d-45be-ac89-a7dc70899832@group-A2514096448E-FollowerState
2023-06-25 20:37:26,591 [3181cc3d-c03d-45be-ac89-a7dc70899832@group-A2514096448E-FollowerState] INFO  server.RaftServer$Division (RaftServerImpl.java:setRole(329)) - 3181cc3d-c03d-45be-ac89-a7dc70899832@group-A2514096448E: changes role from  FOLLOWER to CANDIDATE at term 0 for changeToCandidate
2023-06-25 20:37:26,591 [3181cc3d-c03d-45be-ac89-a7dc70899832@group-A2514096448E-FollowerState] INFO  server.RaftServerConfigKeys (ConfUtils.java:logGet(46)) - raft.server.leaderelection.pre-vote = true (default)
2023-06-25 20:37:26,591 [3181cc3d-c03d-45be-ac89-a7dc70899832@group-A2514096448E-FollowerState] INFO  impl.RoleInfo (RoleInfo.java:updateAndGet(139)) - 3181cc3d-c03d-45be-ac89-a7dc70899832: start 3181cc3d-c03d-45be-ac89-a7dc70899832@group-A2514096448E-LeaderElection6
2023-06-25 20:37:26,595 [3181cc3d-c03d-45be-ac89-a7dc70899832@group-A2514096448E-LeaderElection6] INFO  impl.LeaderElection (LeaderElection.java:askForVotes(321)) - 3181cc3d-c03d-45be-ac89-a7dc70899832@group-A2514096448E-LeaderElection6 PRE_VOTE round 0: submit vote requests at term 0 for -1: peers:[3181cc3d-c03d-45be-ac89-a7dc70899832|rpc:10.1.0.20:15032|admin:10.1.0.20:15031|client:10.1.0.20:15030|dataStream:10.1.0.20:15033|priority:0|startupRole:FOLLOWER, 63f38968-75c0-4f5a-b557-2283dcafd01e|rpc:10.1.0.20:15023|admin:10.1.0.20:15022|client:10.1.0.20:15021|dataStream:10.1.0.20:15024|priority:1|startupRole:FOLLOWER, dc38f854-6bce-4a40-ab3d-29959e10d617|rpc:10.1.0.20:15014|admin:10.1.0.20:15013|client:10.1.0.20:15012|dataStream:10.1.0.20:15015|priority:0|startupRole:FOLLOWER]|listeners:[], old=null
2023-06-25 20:37:26,597 [3181cc3d-c03d-45be-ac89-a7dc70899832@group-A2514096448E-LeaderElection6-1] INFO  server.GrpcServerProtocolClient (GrpcServerProtocolClient.java:<init>(65)) - Build channel for 63f38968-75c0-4f5a-b557-2283dcafd01e
2023-06-25 20:37:26,599 [3181cc3d-c03d-45be-ac89-a7dc70899832@group-A2514096448E-LeaderElection6] INFO  server.RaftServerConfigKeys (ConfUtils.java:logFallback(53)) - raft.server.rpc.first-election.timeout.min = 5s (fallback to raft.server.rpc.timeout.min)
2023-06-25 20:37:26,601 [3181cc3d-c03d-45be-ac89-a7dc70899832@group-A2514096448E-LeaderElection6] INFO  server.RaftServerConfigKeys (ConfUtils.java:logFallback(53)) - raft.server.rpc.first-election.timeout.max = 5200ms (fallback to raft.server.rpc.timeout.max)
2023-06-25 20:37:26,599 [3181cc3d-c03d-45be-ac89-a7dc70899832@group-A2514096448E-LeaderElection6-2] INFO  server.GrpcServerProtocolClient (GrpcServerProtocolClient.java:<init>(65)) - Build channel for dc38f854-6bce-4a40-ab3d-29959e10d617
2023-06-25 20:37:26,621 [grpc-default-executor-0] INFO  server.RaftServer$Division (RaftServerImpl.java:requestVote(1302)) - 63f38968-75c0-4f5a-b557-2283dcafd01e@group-A2514096448E: receive requestVote(PRE_VOTE, 3181cc3d-c03d-45be-ac89-a7dc70899832, group-A2514096448E, 0, (t:0, i:0))
2023-06-25 20:37:26,621 [grpc-default-executor-0] INFO  impl.VoteContext (VoteContext.java:log(49)) - 63f38968-75c0-4f5a-b557-2283dcafd01e@group-A2514096448E-FOLLOWER: reject PRE_VOTE from 3181cc3d-c03d-45be-ac89-a7dc70899832: our priority 1 > candidate's priority 0
2023-06-25 20:37:26,621 [grpc-default-executor-0] INFO  server.RaftServer$Division (RaftServerImpl.java:requestVote(1335)) - 63f38968-75c0-4f5a-b557-2283dcafd01e@group-A2514096448E replies to PRE_VOTE vote request: 3181cc3d-c03d-45be-ac89-a7dc70899832<-63f38968-75c0-4f5a-b557-2283dcafd01e#0:FAIL-t0. Peer's state: 63f38968-75c0-4f5a-b557-2283dcafd01e@group-A2514096448E:t0, leader=null, voted=, raftlog=Memoized:63f38968-75c0-4f5a-b557-2283dcafd01e@group-A2514096448E-SegmentedRaftLog:OPENED:c-1, conf=-1: peers:[3181cc3d-c03d-45be-ac89-a7dc70899832|rpc:10.1.0.20:15032|admin:10.1.0.20:15031|client:10.1.0.20:15030|dataStream:10.1.0.20:15033|priority:0|startupRole:FOLLOWER, 63f38968-75c0-4f5a-b557-2283dcafd01e|rpc:10.1.0.20:15023|admin:10.1.0.20:15022|client:10.1.0.20:15021|dataStream:10.1.0.20:15024|priority:1|startupRole:FOLLOWER, dc38f854-6bce-4a40-ab3d-29959e10d617|rpc:10.1.0.20:15014|admin:10.1.0.20:15013|client:10.1.0.20:15012|dataStream:10.1.0.20:15015|priority:0|startupRole:FOLLOWER]|listeners:[], old=null
2023-06-25 20:37:26,627 [3181cc3d-c03d-45be-ac89-a7dc70899832@group-A2514096448E-LeaderElection6] INFO  impl.LeaderElection (LeaderElection.java:logAndReturn(90)) - 3181cc3d-c03d-45be-ac89-a7dc70899832@group-A2514096448E-LeaderElection6: PRE_VOTE REJECTED received 1 response(s) and 0 exception(s):
2023-06-25 20:37:26,627 [3181cc3d-c03d-45be-ac89-a7dc70899832@group-A2514096448E-LeaderElection6] INFO  impl.LeaderElection (LeaderElection.java:logAndReturn(94)) -   Response 0: 3181cc3d-c03d-45be-ac89-a7dc70899832<-63f38968-75c0-4f5a-b557-2283dcafd01e#0:FAIL-t0
2023-06-25 20:37:26,627 [3181cc3d-c03d-45be-ac89-a7dc70899832@group-A2514096448E-LeaderElection6] INFO  impl.LeaderElection (LeaderElection.java:askForVotes(323)) - 3181cc3d-c03d-45be-ac89-a7dc70899832@group-A2514096448E-LeaderElection6 PRE_VOTE round 0: result REJECTED
2023-06-25 20:37:26,627 [3181cc3d-c03d-45be-ac89-a7dc70899832@group-A2514096448E-LeaderElection6] INFO  server.RaftServer$Division (RaftServerImpl.java:setRole(329)) - 3181cc3d-c03d-45be-ac89-a7dc70899832@group-A2514096448E: changes role from CANDIDATE to FOLLOWER at term 0 for REJECTED
2023-06-25 20:37:26,627 [3181cc3d-c03d-45be-ac89-a7dc70899832@group-A2514096448E-LeaderElection6] INFO  impl.RoleInfo (RoleInfo.java:shutdownLeaderElection(130)) - 3181cc3d-c03d-45be-ac89-a7dc70899832: shutdown 3181cc3d-c03d-45be-ac89-a7dc70899832@group-A2514096448E-LeaderElection6
2023-06-25 20:37:26,627 [3181cc3d-c03d-45be-ac89-a7dc70899832@group-A2514096448E-LeaderElection6] INFO  impl.RoleInfo (RoleInfo.java:updateAndGet(139)) - 3181cc3d-c03d-45be-ac89-a7dc70899832: start 3181cc3d-c03d-45be-ac89-a7dc70899832@group-A2514096448E-FollowerState
2023-06-25 20:37:26,627 [grpc-default-executor-0] INFO  server.RaftServer$Division (RaftServerImpl.java:requestVote(1302)) - dc38f854-6bce-4a40-ab3d-29959e10d617@group-A2514096448E: receive requestVote(PRE_VOTE, 3181cc3d-c03d-45be-ac89-a7dc70899832, group-A2514096448E, 0, (t:0, i:0))
2023-06-25 20:37:26,634 [grpc-default-executor-0] INFO  impl.VoteContext (VoteContext.java:log(49)) - dc38f854-6bce-4a40-ab3d-29959e10d617@group-A2514096448E-FOLLOWER: accept PRE_VOTE from 3181cc3d-c03d-45be-ac89-a7dc70899832: our priority 0 <= candidate's priority 0
2023-06-25 20:37:26,634 [grpc-default-executor-0] INFO  server.RaftServer$Division (RaftServerImpl.java:requestVote(1335)) - dc38f854-6bce-4a40-ab3d-29959e10d617@group-A2514096448E replies to PRE_VOTE vote request: 3181cc3d-c03d-45be-ac89-a7dc70899832<-dc38f854-6bce-4a40-ab3d-29959e10d617#0:OK-t0. Peer's state: dc38f854-6bce-4a40-ab3d-29959e10d617@group-A2514096448E:t0, leader=null, voted=, raftlog=Memoized:dc38f854-6bce-4a40-ab3d-29959e10d617@group-A2514096448E-SegmentedRaftLog:OPENED:c-1, conf=-1: peers:[3181cc3d-c03d-45be-ac89-a7dc70899832|rpc:10.1.0.20:15032|admin:10.1.0.20:15031|client:10.1.0.20:15030|dataStream:10.1.0.20:15033|priority:0|startupRole:FOLLOWER, 63f38968-75c0-4f5a-b557-2283dcafd01e|rpc:10.1.0.20:15023|admin:10.1.0.20:15022|client:10.1.0.20:15021|dataStream:10.1.0.20:15024|priority:1|startupRole:FOLLOWER, dc38f854-6bce-4a40-ab3d-29959e10d617|rpc:10.1.0.20:15014|admin:10.1.0.20:15013|client:10.1.0.20:15012|dataStream:10.1.0.20:15015|priority:0|startupRole:FOLLOWER]|listeners:[], old=null
2023-06-25 20:37:26,649 [3181cc3d-c03d-45be-ac89-a7dc70899832@group-7C98CEF1E43C-FollowerState] INFO  impl.FollowerState (FollowerState.java:run(143)) - 3181cc3d-c03d-45be-ac89-a7dc70899832@group-7C98CEF1E43C-FollowerState: change to CANDIDATE, lastRpcElapsedTime:5205743541ns, electionTimeout:5196ms
2023-06-25 20:37:26,649 [3181cc3d-c03d-45be-ac89-a7dc70899832@group-7C98CEF1E43C-FollowerState] INFO  impl.RoleInfo (RoleInfo.java:shutdownFollowerState(110)) - 3181cc3d-c03d-45be-ac89-a7dc70899832: shutdown 3181cc3d-c03d-45be-ac89-a7dc70899832@group-7C98CEF1E43C-FollowerState
2023-06-25 20:37:26,649 [3181cc3d-c03d-45be-ac89-a7dc70899832@group-7C98CEF1E43C-FollowerState] INFO  server.RaftServer$Division (RaftServerImpl.java:setRole(329)) - 3181cc3d-c03d-45be-ac89-a7dc70899832@group-7C98CEF1E43C: changes role from  FOLLOWER to CANDIDATE at term 0 for changeToCandidate
2023-06-25 20:37:26,649 [3181cc3d-c03d-45be-ac89-a7dc70899832@group-7C98CEF1E43C-FollowerState] INFO  server.RaftServerConfigKeys (ConfUtils.java:logGet(46)) - raft.server.leaderelection.pre-vote = true (default)
2023-06-25 20:37:26,649 [3181cc3d-c03d-45be-ac89-a7dc70899832@group-7C98CEF1E43C-FollowerState] INFO  impl.RoleInfo (RoleInfo.java:updateAndGet(139)) - 3181cc3d-c03d-45be-ac89-a7dc70899832: start 3181cc3d-c03d-45be-ac89-a7dc70899832@group-7C98CEF1E43C-LeaderElection7
2023-06-25 20:37:26,654 [3181cc3d-c03d-45be-ac89-a7dc70899832@group-7C98CEF1E43C-LeaderElection7] INFO  impl.LeaderElection (LeaderElection.java:askForVotes(321)) - 3181cc3d-c03d-45be-ac89-a7dc70899832@group-7C98CEF1E43C-LeaderElection7 PRE_VOTE round 0: submit vote requests at term 0 for -1: peers:[3181cc3d-c03d-45be-ac89-a7dc70899832|rpc:10.1.0.20:15032|admin:10.1.0.20:15031|client:10.1.0.20:15030|dataStream:10.1.0.20:15033|priority:1|startupRole:FOLLOWER, 63f38968-75c0-4f5a-b557-2283dcafd01e|rpc:10.1.0.20:15023|admin:10.1.0.20:15022|client:10.1.0.20:15021|dataStream:10.1.0.20:15024|priority:0|startupRole:FOLLOWER, dc38f854-6bce-4a40-ab3d-29959e10d617|rpc:10.1.0.20:15014|admin:10.1.0.20:15013|client:10.1.0.20:15012|dataStream:10.1.0.20:15015|priority:0|startupRole:FOLLOWER]|listeners:[], old=null
2023-06-25 20:37:26,668 [3181cc3d-c03d-45be-ac89-a7dc70899832@group-7C98CEF1E43C-LeaderElection7] INFO  server.RaftServerConfigKeys (ConfUtils.java:logFallback(53)) - raft.server.rpc.first-election.timeout.min = 5s (fallback to raft.server.rpc.timeout.min)
2023-06-25 20:37:26,668 [3181cc3d-c03d-45be-ac89-a7dc70899832@group-7C98CEF1E43C-LeaderElection7] INFO  server.RaftServerConfigKeys (ConfUtils.java:logFallback(53)) - raft.server.rpc.first-election.timeout.max = 5200ms (fallback to raft.server.rpc.timeout.max)
2023-06-25 20:37:26,670 [grpc-default-executor-0] INFO  server.RaftServer$Division (RaftServerImpl.java:requestVote(1302)) - 63f38968-75c0-4f5a-b557-2283dcafd01e@group-7C98CEF1E43C: receive requestVote(PRE_VOTE, 3181cc3d-c03d-45be-ac89-a7dc70899832, group-7C98CEF1E43C, 0, (t:0, i:0))
2023-06-25 20:37:26,672 [grpc-default-executor-0] INFO  impl.VoteContext (VoteContext.java:log(49)) - 63f38968-75c0-4f5a-b557-2283dcafd01e@group-7C98CEF1E43C-FOLLOWER: accept PRE_VOTE from 3181cc3d-c03d-45be-ac89-a7dc70899832: our priority 0 <= candidate's priority 1
2023-06-25 20:37:26,672 [grpc-default-executor-0] INFO  server.RaftServer$Division (RaftServerImpl.java:requestVote(1335)) - 63f38968-75c0-4f5a-b557-2283dcafd01e@group-7C98CEF1E43C replies to PRE_VOTE vote request: 3181cc3d-c03d-45be-ac89-a7dc70899832<-63f38968-75c0-4f5a-b557-2283dcafd01e#0:OK-t0. Peer's state: 63f38968-75c0-4f5a-b557-2283dcafd01e@group-7C98CEF1E43C:t0, leader=null, voted=, raftlog=Memoized:63f38968-75c0-4f5a-b557-2283dcafd01e@group-7C98CEF1E43C-SegmentedRaftLog:OPENED:c-1, conf=-1: peers:[3181cc3d-c03d-45be-ac89-a7dc70899832|rpc:10.1.0.20:15032|admin:10.1.0.20:15031|client:10.1.0.20:15030|dataStream:10.1.0.20:15033|priority:1|startupRole:FOLLOWER, 63f38968-75c0-4f5a-b557-2283dcafd01e|rpc:10.1.0.20:15023|admin:10.1.0.20:15022|client:10.1.0.20:15021|dataStream:10.1.0.20:15024|priority:0|startupRole:FOLLOWER, dc38f854-6bce-4a40-ab3d-29959e10d617|rpc:10.1.0.20:15014|admin:10.1.0.20:15013|client:10.1.0.20:15012|dataStream:10.1.0.20:15015|priority:0|startupRole:FOLLOWER]|listeners:[], old=null
2023-06-25 20:37:26,676 [3181cc3d-c03d-45be-ac89-a7dc70899832@group-7C98CEF1E43C-LeaderElection7] INFO  impl.LeaderElection (LeaderElection.java:logAndReturn(90)) - 3181cc3d-c03d-45be-ac89-a7dc70899832@group-7C98CEF1E43C-LeaderElection7: PRE_VOTE PASSED received 1 response(s) and 0 exception(s):
2023-06-25 20:37:26,676 [3181cc3d-c03d-45be-ac89-a7dc70899832@group-7C98CEF1E43C-LeaderElection7] INFO  impl.LeaderElection (LeaderElection.java:logAndReturn(94)) -   Response 0: 3181cc3d-c03d-45be-ac89-a7dc70899832<-63f38968-75c0-4f5a-b557-2283dcafd01e#0:OK-t0
2023-06-25 20:37:26,676 [3181cc3d-c03d-45be-ac89-a7dc70899832@group-7C98CEF1E43C-LeaderElection7] INFO  impl.LeaderElection (LeaderElection.java:askForVotes(323)) - 3181cc3d-c03d-45be-ac89-a7dc70899832@group-7C98CEF1E43C-LeaderElection7 PRE_VOTE round 0: result PASSED
2023-06-25 20:37:26,680 [3181cc3d-c03d-45be-ac89-a7dc70899832@group-7C98CEF1E43C-LeaderElection7] INFO  impl.LeaderElection (LeaderElection.java:askForVotes(321)) - 3181cc3d-c03d-45be-ac89-a7dc70899832@group-7C98CEF1E43C-LeaderElection7 ELECTION round 0: submit vote requests at term 1 for -1: peers:[3181cc3d-c03d-45be-ac89-a7dc70899832|rpc:10.1.0.20:15032|admin:10.1.0.20:15031|client:10.1.0.20:15030|dataStream:10.1.0.20:15033|priority:1|startupRole:FOLLOWER, 63f38968-75c0-4f5a-b557-2283dcafd01e|rpc:10.1.0.20:15023|admin:10.1.0.20:15022|client:10.1.0.20:15021|dataStream:10.1.0.20:15024|priority:0|startupRole:FOLLOWER, dc38f854-6bce-4a40-ab3d-29959e10d617|rpc:10.1.0.20:15014|admin:10.1.0.20:15013|client:10.1.0.20:15012|dataStream:10.1.0.20:15015|priority:0|startupRole:FOLLOWER]|listeners:[], old=null
2023-06-25 20:37:26,685 [grpc-default-executor-0] INFO  server.RaftServer$Division (RaftServerImpl.java:requestVote(1302)) - dc38f854-6bce-4a40-ab3d-29959e10d617@group-7C98CEF1E43C: receive requestVote(PRE_VOTE, 3181cc3d-c03d-45be-ac89-a7dc70899832, group-7C98CEF1E43C, 0, (t:0, i:0))
2023-06-25 20:37:26,686 [grpc-default-executor-0] INFO  impl.VoteContext (VoteContext.java:log(49)) - dc38f854-6bce-4a40-ab3d-29959e10d617@group-7C98CEF1E43C-FOLLOWER: accept PRE_VOTE from 3181cc3d-c03d-45be-ac89-a7dc70899832: our priority 0 <= candidate's priority 1
2023-06-25 20:37:26,686 [grpc-default-executor-0] INFO  server.RaftServer$Division (RaftServerImpl.java:requestVote(1335)) - dc38f854-6bce-4a40-ab3d-29959e10d617@group-7C98CEF1E43C replies to PRE_VOTE vote request: 3181cc3d-c03d-45be-ac89-a7dc70899832<-dc38f854-6bce-4a40-ab3d-29959e10d617#0:OK-t0. Peer's state: dc38f854-6bce-4a40-ab3d-29959e10d617@group-7C98CEF1E43C:t0, leader=null, voted=, raftlog=Memoized:dc38f854-6bce-4a40-ab3d-29959e10d617@group-7C98CEF1E43C-SegmentedRaftLog:OPENED:c-1, conf=-1: peers:[3181cc3d-c03d-45be-ac89-a7dc70899832|rpc:10.1.0.20:15032|admin:10.1.0.20:15031|client:10.1.0.20:15030|dataStream:10.1.0.20:15033|priority:1|startupRole:FOLLOWER, 63f38968-75c0-4f5a-b557-2283dcafd01e|rpc:10.1.0.20:15023|admin:10.1.0.20:15022|client:10.1.0.20:15021|dataStream:10.1.0.20:15024|priority:0|startupRole:FOLLOWER, dc38f854-6bce-4a40-ab3d-29959e10d617|rpc:10.1.0.20:15014|admin:10.1.0.20:15013|client:10.1.0.20:15012|dataStream:10.1.0.20:15015|priority:0|startupRole:FOLLOWER]|listeners:[], old=null
2023-06-25 20:37:26,687 [3181cc3d-c03d-45be-ac89-a7dc70899832@group-7C98CEF1E43C-LeaderElection7] INFO  server.RaftServerConfigKeys (ConfUtils.java:logFallback(53)) - raft.server.rpc.first-election.timeout.min = 5s (fallback to raft.server.rpc.timeout.min)
2023-06-25 20:37:26,691 [3181cc3d-c03d-45be-ac89-a7dc70899832@group-7C98CEF1E43C-LeaderElection7] INFO  server.RaftServerConfigKeys (ConfUtils.java:logFallback(53)) - raft.server.rpc.first-election.timeout.max = 5200ms (fallback to raft.server.rpc.timeout.max)
2023-06-25 20:37:26,691 [grpc-default-executor-1] INFO  server.RaftServer$Division (RaftServerImpl.java:requestVote(1302)) - dc38f854-6bce-4a40-ab3d-29959e10d617@group-7C98CEF1E43C: receive requestVote(ELECTION, 3181cc3d-c03d-45be-ac89-a7dc70899832, group-7C98CEF1E43C, 1, (t:0, i:0))
2023-06-25 20:37:26,692 [grpc-default-executor-0] INFO  server.RaftServer$Division (RaftServerImpl.java:requestVote(1302)) - 63f38968-75c0-4f5a-b557-2283dcafd01e@group-7C98CEF1E43C: receive requestVote(ELECTION, 3181cc3d-c03d-45be-ac89-a7dc70899832, group-7C98CEF1E43C, 1, (t:0, i:0))
2023-06-25 20:37:26,693 [grpc-default-executor-0] INFO  impl.VoteContext (VoteContext.java:log(49)) - 63f38968-75c0-4f5a-b557-2283dcafd01e@group-7C98CEF1E43C-FOLLOWER: accept ELECTION from 3181cc3d-c03d-45be-ac89-a7dc70899832: our priority 0 <= candidate's priority 1
2023-06-25 20:37:26,693 [grpc-default-executor-0] INFO  server.RaftServer$Division (RaftServerImpl.java:setRole(329)) - 63f38968-75c0-4f5a-b557-2283dcafd01e@group-7C98CEF1E43C: changes role from  FOLLOWER to FOLLOWER at term 1 for candidate:3181cc3d-c03d-45be-ac89-a7dc70899832
2023-06-25 20:37:26,693 [grpc-default-executor-0] INFO  impl.RoleInfo (RoleInfo.java:shutdownFollowerState(110)) - 63f38968-75c0-4f5a-b557-2283dcafd01e: shutdown 63f38968-75c0-4f5a-b557-2283dcafd01e@group-7C98CEF1E43C-FollowerState
2023-06-25 20:37:26,693 [grpc-default-executor-0] INFO  impl.RoleInfo (RoleInfo.java:updateAndGet(139)) - 63f38968-75c0-4f5a-b557-2283dcafd01e: start 63f38968-75c0-4f5a-b557-2283dcafd01e@group-7C98CEF1E43C-FollowerState
2023-06-25 20:37:26,693 [63f38968-75c0-4f5a-b557-2283dcafd01e@group-7C98CEF1E43C-FollowerState] INFO  impl.FollowerState (FollowerState.java:run(152)) - 63f38968-75c0-4f5a-b557-2283dcafd01e@group-7C98CEF1E43C-FollowerState was interrupted
2023-06-25 20:37:26,693 [grpc-default-executor-1] INFO  impl.VoteContext (VoteContext.java:log(49)) - dc38f854-6bce-4a40-ab3d-29959e10d617@group-7C98CEF1E43C-FOLLOWER: accept ELECTION from 3181cc3d-c03d-45be-ac89-a7dc70899832: our priority 0 <= candidate's priority 1
2023-06-25 20:37:26,695 [grpc-default-executor-1] INFO  server.RaftServer$Division (RaftServerImpl.java:setRole(329)) - dc38f854-6bce-4a40-ab3d-29959e10d617@group-7C98CEF1E43C: changes role from  FOLLOWER to FOLLOWER at term 1 for candidate:3181cc3d-c03d-45be-ac89-a7dc70899832
2023-06-25 20:37:26,695 [grpc-default-executor-0] INFO  server.RaftServer$Division (RaftServerImpl.java:requestVote(1335)) - 63f38968-75c0-4f5a-b557-2283dcafd01e@group-7C98CEF1E43C replies to ELECTION vote request: 3181cc3d-c03d-45be-ac89-a7dc70899832<-63f38968-75c0-4f5a-b557-2283dcafd01e#0:OK-t1. Peer's state: 63f38968-75c0-4f5a-b557-2283dcafd01e@group-7C98CEF1E43C:t1, leader=null, voted=3181cc3d-c03d-45be-ac89-a7dc70899832, raftlog=Memoized:63f38968-75c0-4f5a-b557-2283dcafd01e@group-7C98CEF1E43C-SegmentedRaftLog:OPENED:c-1, conf=-1: peers:[3181cc3d-c03d-45be-ac89-a7dc70899832|rpc:10.1.0.20:15032|admin:10.1.0.20:15031|client:10.1.0.20:15030|dataStream:10.1.0.20:15033|priority:1|startupRole:FOLLOWER, 63f38968-75c0-4f5a-b557-2283dcafd01e|rpc:10.1.0.20:15023|admin:10.1.0.20:15022|client:10.1.0.20:15021|dataStream:10.1.0.20:15024|priority:0|startupRole:FOLLOWER, dc38f854-6bce-4a40-ab3d-29959e10d617|rpc:10.1.0.20:15014|admin:10.1.0.20:15013|client:10.1.0.20:15012|dataStream:10.1.0.20:15015|priority:0|startupRole:FOLLOWER]|listeners:[], old=null
2023-06-25 20:37:26,695 [grpc-default-executor-1] INFO  impl.RoleInfo (RoleInfo.java:shutdownFollowerState(110)) - dc38f854-6bce-4a40-ab3d-29959e10d617: shutdown dc38f854-6bce-4a40-ab3d-29959e10d617@group-7C98CEF1E43C-FollowerState
2023-06-25 20:37:26,695 [grpc-default-executor-1] INFO  impl.RoleInfo (RoleInfo.java:updateAndGet(139)) - dc38f854-6bce-4a40-ab3d-29959e10d617: start dc38f854-6bce-4a40-ab3d-29959e10d617@group-7C98CEF1E43C-FollowerState
2023-06-25 20:37:26,695 [dc38f854-6bce-4a40-ab3d-29959e10d617@group-7C98CEF1E43C-FollowerState] INFO  impl.FollowerState (FollowerState.java:run(152)) - dc38f854-6bce-4a40-ab3d-29959e10d617@group-7C98CEF1E43C-FollowerState was interrupted
2023-06-25 20:37:26,697 [grpc-default-executor-1] INFO  server.RaftServer$Division (RaftServerImpl.java:requestVote(1335)) - dc38f854-6bce-4a40-ab3d-29959e10d617@group-7C98CEF1E43C replies to ELECTION vote request: 3181cc3d-c03d-45be-ac89-a7dc70899832<-dc38f854-6bce-4a40-ab3d-29959e10d617#0:OK-t1. Peer's state: dc38f854-6bce-4a40-ab3d-29959e10d617@group-7C98CEF1E43C:t1, leader=null, voted=3181cc3d-c03d-45be-ac89-a7dc70899832, raftlog=Memoized:dc38f854-6bce-4a40-ab3d-29959e10d617@group-7C98CEF1E43C-SegmentedRaftLog:OPENED:c-1, conf=-1: peers:[3181cc3d-c03d-45be-ac89-a7dc70899832|rpc:10.1.0.20:15032|admin:10.1.0.20:15031|client:10.1.0.20:15030|dataStream:10.1.0.20:15033|priority:1|startupRole:FOLLOWER, 63f38968-75c0-4f5a-b557-2283dcafd01e|rpc:10.1.0.20:15023|admin:10.1.0.20:15022|client:10.1.0.20:15021|dataStream:10.1.0.20:15024|priority:0|startupRole:FOLLOWER, dc38f854-6bce-4a40-ab3d-29959e10d617|rpc:10.1.0.20:15014|admin:10.1.0.20:15013|client:10.1.0.20:15012|dataStream:10.1.0.20:15015|priority:0|startupRole:FOLLOWER]|listeners:[], old=null
2023-06-25 20:37:26,697 [3181cc3d-c03d-45be-ac89-a7dc70899832@group-7C98CEF1E43C-LeaderElection7] INFO  impl.LeaderElection (LeaderElection.java:logAndReturn(90)) - 3181cc3d-c03d-45be-ac89-a7dc70899832@group-7C98CEF1E43C-LeaderElection7: ELECTION PASSED received 1 response(s) and 0 exception(s):
2023-06-25 20:37:26,698 [3181cc3d-c03d-45be-ac89-a7dc70899832@group-7C98CEF1E43C-LeaderElection7] INFO  impl.LeaderElection (LeaderElection.java:logAndReturn(94)) -   Response 0: 3181cc3d-c03d-45be-ac89-a7dc70899832<-63f38968-75c0-4f5a-b557-2283dcafd01e#0:OK-t1
2023-06-25 20:37:26,698 [3181cc3d-c03d-45be-ac89-a7dc70899832@group-7C98CEF1E43C-LeaderElection7] INFO  impl.LeaderElection (LeaderElection.java:askForVotes(323)) - 3181cc3d-c03d-45be-ac89-a7dc70899832@group-7C98CEF1E43C-LeaderElection7 ELECTION round 0: result PASSED
2023-06-25 20:37:26,698 [3181cc3d-c03d-45be-ac89-a7dc70899832@group-7C98CEF1E43C-LeaderElection7] INFO  impl.RoleInfo (RoleInfo.java:shutdownLeaderElection(130)) - 3181cc3d-c03d-45be-ac89-a7dc70899832: shutdown 3181cc3d-c03d-45be-ac89-a7dc70899832@group-7C98CEF1E43C-LeaderElection7
2023-06-25 20:37:26,698 [3181cc3d-c03d-45be-ac89-a7dc70899832@group-7C98CEF1E43C-LeaderElection7] INFO  server.RaftServer$Division (RaftServerImpl.java:setRole(329)) - 3181cc3d-c03d-45be-ac89-a7dc70899832@group-7C98CEF1E43C: changes role from CANDIDATE to LEADER at term 1 for changeToLeader
2023-06-25 20:37:26,699 [3181cc3d-c03d-45be-ac89-a7dc70899832@group-7C98CEF1E43C-LeaderElection7] INFO  ratis.XceiverServerRatis (XceiverServerRatis.java:handleLeaderChangedNotification(902)) - Leader change notification received for group: group-7C98CEF1E43C with new leaderId: 3181cc3d-c03d-45be-ac89-a7dc70899832
2023-06-25 20:37:26,699 [3181cc3d-c03d-45be-ac89-a7dc70899832@group-7C98CEF1E43C-LeaderElection7] INFO  server.RaftServer$Division (ServerState.java:setLeader(317)) - 3181cc3d-c03d-45be-ac89-a7dc70899832@group-7C98CEF1E43C: change Leader from null to 3181cc3d-c03d-45be-ac89-a7dc70899832 at term 1 for becomeLeader, leader elected after 5365ms
2023-06-25 20:37:26,699 [3181cc3d-c03d-45be-ac89-a7dc70899832@group-7C98CEF1E43C-LeaderElection7] INFO  server.RaftServerConfigKeys (ConfUtils.java:logGet(46)) - raft.server.staging.catchup.gap = 1000 (default)
2023-06-25 20:37:26,699 [3181cc3d-c03d-45be-ac89-a7dc70899832@group-7C98CEF1E43C-LeaderElection7] INFO  server.RaftServerConfigKeys (ConfUtils.java:logGet(46)) - raft.server.write.element-limit = 1024 (custom)
2023-06-25 20:37:26,699 [3181cc3d-c03d-45be-ac89-a7dc70899832@group-7C98CEF1E43C-LeaderElection7] INFO  server.RaftServerConfigKeys (ConfUtils.java:logGet(46)) - raft.server.write.byte-limit = 1024 M (=1073741824) (custom)
2023-06-25 20:37:26,700 [3181cc3d-c03d-45be-ac89-a7dc70899832@group-7C98CEF1E43C-LeaderElection7] INFO  server.RaftServerConfigKeys (ConfUtils.java:logGet(46)) - raft.server.watch.timeout = 180s (custom)
2023-06-25 20:37:26,700 [3181cc3d-c03d-45be-ac89-a7dc70899832@group-7C98CEF1E43C-LeaderElection7] INFO  server.RaftServerConfigKeys (ConfUtils.java:logGet(46)) - raft.server.watch.timeout.denomination = 1s (default)
2023-06-25 20:37:26,700 [3181cc3d-c03d-45be-ac89-a7dc70899832@group-7C98CEF1E43C-LeaderElection7] INFO  server.RaftServerConfigKeys (ConfUtils.java:logGet(46)) - raft.server.watch.element-limit = 65536 (default)
2023-06-25 20:37:26,700 [3181cc3d-c03d-45be-ac89-a7dc70899832@group-7C98CEF1E43C-LeaderElection7] INFO  server.RaftServerConfigKeys (ConfUtils.java:logGet(46)) - raft.server.write.element-limit = 1024 (custom)
2023-06-25 20:37:26,700 [3181cc3d-c03d-45be-ac89-a7dc70899832@group-7C98CEF1E43C-LeaderElection7] INFO  server.RaftServerConfigKeys (ConfUtils.java:logGet(46)) - raft.server.write.follower.gap.ratio.max = -1.0 (default)
2023-06-25 20:37:26,707 [EventQueue-PipelineReportForPipelineReportHandler] INFO  pipeline.PipelineManagerImpl (PipelineManagerImpl.java:openPipeline(381)) - Pipeline Pipeline[ Id: e0dc6118-b64e-404b-993f-7c98cef1e43c, Nodes: 63f38968-75c0-4f5a-b557-2283dcafd01e(fv-az808-130.wa3tte2ragoufbcbawjciesdkc.bx.internal.cloudapp.net/10.1.0.20)3181cc3d-c03d-45be-ac89-a7dc70899832(fv-az808-130.wa3tte2ragoufbcbawjciesdkc.bx.internal.cloudapp.net/10.1.0.20)dc38f854-6bce-4a40-ab3d-29959e10d617(fv-az808-130.wa3tte2ragoufbcbawjciesdkc.bx.internal.cloudapp.net/10.1.0.20), ReplicationConfig: RATIS/THREE, State:ALLOCATED, leaderId:3181cc3d-c03d-45be-ac89-a7dc70899832, CreationTimestamp2023-06-25T20:37:18.292Z[Etc/UTC]] moved to OPEN state
2023-06-25 20:37:26,707 [EventQueue-OpenPipelineForHealthyPipelineSafeModeRule] INFO  safemode.SCMSafeModeManager (HealthyPipelineSafeModeRule.java:process(137)) - SCM in safe mode. Healthy pipelines reported count is 0, required healthy pipeline reported count is 1
2023-06-25 20:37:26,709 [EventQueue-OpenPipelineForHealthyPipelineSafeModeRule] INFO  safemode.SCMSafeModeManager (HealthyPipelineSafeModeRule.java:process(137)) - SCM in safe mode. Healthy pipelines reported count is 1, required healthy pipeline reported count is 1
2023-06-25 20:37:26,709 [EventQueue-OpenPipelineForHealthyPipelineSafeModeRule] INFO  safemode.SCMSafeModeManager (SCMSafeModeManager.java:validateSafeModeExitRules(200)) - HealthyPipelineSafeModeRule rule is successfully validated
2023-06-25 20:37:26,709 [EventQueue-OpenPipelineForHealthyPipelineSafeModeRule] INFO  safemode.SCMSafeModeManager (SCMSafeModeManager.java:validateSafeModeExitRules(215)) - ScmSafeModeManager, all rules are successfully validated
2023-06-25 20:37:26,709 [EventQueue-OpenPipelineForHealthyPipelineSafeModeRule] INFO  safemode.SCMSafeModeManager (SCMSafeModeManager.java:exitSafeMode(244)) - SCM exiting safe mode.
2023-06-25 20:37:26,710 [EventQueue-OpenPipelineForHealthyPipelineSafeModeRule] INFO  ha.SCMContext (SCMContext.java:updateSafeModeStatus(228)) - Update SafeModeStatus from SafeModeStatus{safeModeStatus=true, preCheckPassed=true} to SafeModeStatus{safeModeStatus=false, preCheckPassed=true}.
2023-06-25 20:37:26,710 [EventQueue-OpenPipelineForHealthyPipelineSafeModeRule] INFO  pipeline.BackgroundPipelineCreator (BackgroundPipelineCreator.java:notifyStatusChanged(254)) - Service BackgroundPipelineCreator transitions to RUNNING.
2023-06-25 20:37:26,710 [EventQueue-OpenPipelineForHealthyPipelineSafeModeRule] INFO  BackgroundPipelineScrubber (BackgroundSCMService.java:notifyStatusChanged(82)) - Service BackgroundPipelineScrubber transitions to RUNNING.
2023-06-25 20:37:26,710 [EventQueue-OpenPipelineForHealthyPipelineSafeModeRule] INFO  ExpiredContainerReplicaOpScrubber (BackgroundSCMService.java:notifyStatusChanged(82)) - Service ExpiredContainerReplicaOpScrubber transitions to RUNNING.
2023-06-25 20:37:26,710 [EventQueue-OpenPipelineForHealthyPipelineSafeModeRule] INFO  replication.ReplicationManager (ReplicationManager.java:notifyStatusChanged(1367)) - Service ReplicationManager transitions to RUNNING.
2023-06-25 20:37:26,714 [EventQueue-OpenPipelineForHealthyPipelineSafeModeRule] WARN  balancer.ContainerBalancer (ContainerBalancer.java:shouldRun(135)) - Could not find persisted configuration for ContainerBalancer when checking if ContainerBalancer should run. ContainerBalancer should not run now.
2023-06-25 20:37:26,720 [3181cc3d-c03d-45be-ac89-a7dc70899832@group-7C98CEF1E43C-LeaderElection7] INFO  server.RaftServerConfigKeys (ConfUtils.java:logGet(46)) - raft.server.log.appender.snapshot.chunk.size.max = 16MB (=16777216) (default)
2023-06-25 20:37:26,721 [3181cc3d-c03d-45be-ac89-a7dc70899832@group-7C98CEF1E43C-LeaderElection7] INFO  server.RaftServerConfigKeys (ConfUtils.java:logGet(46)) - raft.server.log.appender.buffer.byte-limit = 33554432 (custom)
2023-06-25 20:37:26,721 [3181cc3d-c03d-45be-ac89-a7dc70899832@group-7C98CEF1E43C-LeaderElection7] INFO  server.RaftServerConfigKeys (ConfUtils.java:logGet(46)) - raft.server.log.appender.buffer.element-limit = 1 (custom)
2023-06-25 20:37:26,723 [3181cc3d-c03d-45be-ac89-a7dc70899832@group-7C98CEF1E43C-LeaderElection7] INFO  server.RaftServerConfigKeys (ConfUtils.java:logGet(46)) - raft.server.log.appender.wait-time.min = 10ms (default)
2023-06-25 20:37:26,724 [3181cc3d-c03d-45be-ac89-a7dc70899832@group-7C98CEF1E43C-LeaderElection7] INFO  grpc.GrpcConfigKeys (ConfUtils.java:logGet(46)) - raft.grpc.server.leader.outstanding.appends.max = 128 (default)
2023-06-25 20:37:26,724 [3181cc3d-c03d-45be-ac89-a7dc70899832@group-7C98CEF1E43C-LeaderElection7] INFO  server.RaftServerConfigKeys (ConfUtils.java:logGet(46)) - raft.server.rpc.request.timeout = 60s (custom)
2023-06-25 20:37:26,725 [3181cc3d-c03d-45be-ac89-a7dc70899832@group-7C98CEF1E43C-LeaderElection7] INFO  grpc.GrpcConfigKeys (ConfUtils.java:logGet(46)) - raft.grpc.server.install_snapshot.request.element-limit = 8 (default)
2023-06-25 20:37:26,725 [3181cc3d-c03d-45be-ac89-a7dc70899832@group-7C98CEF1E43C-LeaderElection7] INFO  grpc.GrpcConfigKeys (ConfUtils.java:logGet(46)) - raft.grpc.server.install_snapshot.request.timeout = 3000ms (default)
2023-06-25 20:37:26,725 [3181cc3d-c03d-45be-ac89-a7dc70899832@group-7C98CEF1E43C-LeaderElection7] INFO  server.RaftServerConfigKeys (ConfUtils.java:logGet(46)) - raft.server.log.appender.install.snapshot.enabled = false (custom)
2023-06-25 20:37:26,725 [3181cc3d-c03d-45be-ac89-a7dc70899832@group-7C98CEF1E43C-LeaderElection7] INFO  grpc.GrpcConfigKeys (ConfUtils.java:logGet(46)) - raft.grpc.server.heartbeat.channel = true (default)
2023-06-25 20:37:26,728 [3181cc3d-c03d-45be-ac89-a7dc70899832@group-7C98CEF1E43C-LeaderElection7] INFO  server.RaftServerConfigKeys (ConfUtils.java:logGet(46)) - raft.server.log.appender.snapshot.chunk.size.max = 16MB (=16777216) (default)
2023-06-25 20:37:26,728 [3181cc3d-c03d-45be-ac89-a7dc70899832@group-7C98CEF1E43C-LeaderElection7] INFO  server.RaftServerConfigKeys (ConfUtils.java:logGet(46)) - raft.server.log.appender.buffer.byte-limit = 33554432 (custom)
2023-06-25 20:37:26,728 [3181cc3d-c03d-45be-ac89-a7dc70899832@group-7C98CEF1E43C-LeaderElection7] INFO  server.RaftServerConfigKeys (ConfUtils.java:logGet(46)) - raft.server.log.appender.buffer.element-limit = 1 (custom)
2023-06-25 20:37:26,728 [3181cc3d-c03d-45be-ac89-a7dc70899832@group-7C98CEF1E43C-LeaderElection7] INFO  server.RaftServerConfigKeys (ConfUtils.java:logGet(46)) - raft.server.log.appender.wait-time.min = 10ms (default)
2023-06-25 20:37:26,728 [3181cc3d-c03d-45be-ac89-a7dc70899832@group-7C98CEF1E43C-LeaderElection7] INFO  grpc.GrpcConfigKeys (ConfUtils.java:logGet(46)) - raft.grpc.server.leader.outstanding.appends.max = 128 (default)
2023-06-25 20:37:26,728 [3181cc3d-c03d-45be-ac89-a7dc70899832@group-7C98CEF1E43C-LeaderElection7] INFO  server.RaftServerConfigKeys (ConfUtils.java:logGet(46)) - raft.server.rpc.request.timeout = 60s (custom)
2023-06-25 20:37:26,728 [3181cc3d-c03d-45be-ac89-a7dc70899832@group-7C98CEF1E43C-LeaderElection7] INFO  grpc.GrpcConfigKeys (ConfUtils.java:logGet(46)) - raft.grpc.server.install_snapshot.request.element-limit = 8 (default)
2023-06-25 20:37:26,728 [3181cc3d-c03d-45be-ac89-a7dc70899832@group-7C98CEF1E43C-LeaderElection7] INFO  grpc.GrpcConfigKeys (ConfUtils.java:logGet(46)) - raft.grpc.server.install_snapshot.request.timeout = 3000ms (default)
2023-06-25 20:37:26,728 [3181cc3d-c03d-45be-ac89-a7dc70899832@group-7C98CEF1E43C-LeaderElection7] INFO  server.RaftServerConfigKeys (ConfUtils.java:logGet(46)) - raft.server.log.appender.install.snapshot.enabled = false (custom)
2023-06-25 20:37:26,728 [3181cc3d-c03d-45be-ac89-a7dc70899832@group-7C98CEF1E43C-LeaderElection7] INFO  grpc.GrpcConfigKeys (ConfUtils.java:logGet(46)) - raft.grpc.server.heartbeat.channel = true (default)
2023-06-25 20:37:26,729 [3181cc3d-c03d-45be-ac89-a7dc70899832@group-7C98CEF1E43C-LeaderElection7] INFO  impl.RoleInfo (RoleInfo.java:updateAndGet(139)) - 3181cc3d-c03d-45be-ac89-a7dc70899832: start 3181cc3d-c03d-45be-ac89-a7dc70899832@group-7C98CEF1E43C-LeaderStateImpl
2023-06-25 20:37:26,730 [3181cc3d-c03d-45be-ac89-a7dc70899832@group-7C98CEF1E43C-LeaderElection7] INFO  segmented.SegmentedRaftLogWorker (SegmentedRaftLogWorker.java:startLogSegment(447)) - 3181cc3d-c03d-45be-ac89-a7dc70899832@group-7C98CEF1E43C-SegmentedRaftLogWorker: Starting segment from index:0
2023-06-25 20:37:26,732 [3181cc3d-c03d-45be-ac89-a7dc70899832@group-7C98CEF1E43C-SegmentedRaftLogWorker] INFO  segmented.SegmentedRaftLogWorker (SegmentedRaftLogWorker.java:execute(651)) - 3181cc3d-c03d-45be-ac89-a7dc70899832@group-7C98CEF1E43C-SegmentedRaftLogWorker: created new log segment /home/runner/work/ozone/ozone/hadoop-ozone/integration-test/target/test-dir/MiniOzoneClusterImpl-3473cb2a-b740-44b6-9b0f-d3bba0659fcf/datanode-2/data/ratis/e0dc6118-b64e-404b-993f-7c98cef1e43c/current/log_inprogress_0
2023-06-25 20:37:26,734 [3181cc3d-c03d-45be-ac89-a7dc70899832@group-7C98CEF1E43C-LeaderElection7] INFO  server.RaftServer$Division (ServerState.java:setRaftConf(434)) - 3181cc3d-c03d-45be-ac89-a7dc70899832@group-7C98CEF1E43C: set configuration 0: peers:[3181cc3d-c03d-45be-ac89-a7dc70899832|rpc:10.1.0.20:15032|admin:10.1.0.20:15031|client:10.1.0.20:15030|dataStream:10.1.0.20:15033|priority:1|startupRole:FOLLOWER, 63f38968-75c0-4f5a-b557-2283dcafd01e|rpc:10.1.0.20:15023|admin:10.1.0.20:15022|client:10.1.0.20:15021|dataStream:10.1.0.20:15024|priority:0|startupRole:FOLLOWER, dc38f854-6bce-4a40-ab3d-29959e10d617|rpc:10.1.0.20:15014|admin:10.1.0.20:15013|client:10.1.0.20:15012|dataStream:10.1.0.20:15015|priority:0|startupRole:FOLLOWER]|listeners:[], old=null
2023-06-25 20:37:26,787 [dc38f854-6bce-4a40-ab3d-29959e10d617-server-thread2] INFO  ratis.XceiverServerRatis (XceiverServerRatis.java:handleLeaderChangedNotification(902)) - Leader change notification received for group: group-7C98CEF1E43C with new leaderId: 3181cc3d-c03d-45be-ac89-a7dc70899832
2023-06-25 20:37:26,787 [dc38f854-6bce-4a40-ab3d-29959e10d617-server-thread2] INFO  server.RaftServer$Division (ServerState.java:setLeader(317)) - dc38f854-6bce-4a40-ab3d-29959e10d617@group-7C98CEF1E43C: change Leader from null to 3181cc3d-c03d-45be-ac89-a7dc70899832 at term 1 for appendEntries, leader elected after 6283ms
2023-06-25 20:37:26,788 [63f38968-75c0-4f5a-b557-2283dcafd01e-server-thread2] INFO  ratis.XceiverServerRatis (XceiverServerRatis.java:handleLeaderChangedNotification(902)) - Leader change notification received for group: group-7C98CEF1E43C with new leaderId: 3181cc3d-c03d-45be-ac89-a7dc70899832
2023-06-25 20:37:26,794 [dc38f854-6bce-4a40-ab3d-29959e10d617@group-A2514096448E-FollowerState] INFO  server.RaftServerConfigKeys (ConfUtils.java:logFallback(53)) - raft.server.rpc.first-election.timeout.min = 5s (fallback to raft.server.rpc.timeout.min)
2023-06-25 20:37:26,794 [dc38f854-6bce-4a40-ab3d-29959e10d617@group-A2514096448E-FollowerState] INFO  server.RaftServerConfigKeys (ConfUtils.java:logFallback(53)) - raft.server.rpc.first-election.timeout.max = 5200ms (fallback to raft.server.rpc.timeout.max)
2023-06-25 20:37:26,794 [63f38968-75c0-4f5a-b557-2283dcafd01e-server-thread2] INFO  server.RaftServer$Division (ServerState.java:setLeader(317)) - 63f38968-75c0-4f5a-b557-2283dcafd01e@group-7C98CEF1E43C: change Leader from null to 3181cc3d-c03d-45be-ac89-a7dc70899832 at term 1 for appendEntries, leader elected after 5770ms
2023-06-25 20:37:26,789 [dc38f854-6bce-4a40-ab3d-29959e10d617-server-thread1] INFO  server.RaftServer$Division (ServerState.java:setRaftConf(434)) - dc38f854-6bce-4a40-ab3d-29959e10d617@group-7C98CEF1E43C: set configuration 0: peers:[3181cc3d-c03d-45be-ac89-a7dc70899832|rpc:10.1.0.20:15032|admin:10.1.0.20:15031|client:10.1.0.20:15030|dataStream:10.1.0.20:15033|priority:1|startupRole:FOLLOWER, 63f38968-75c0-4f5a-b557-2283dcafd01e|rpc:10.1.0.20:15023|admin:10.1.0.20:15022|client:10.1.0.20:15021|dataStream:10.1.0.20:15024|priority:0|startupRole:FOLLOWER, dc38f854-6bce-4a40-ab3d-29959e10d617|rpc:10.1.0.20:15014|admin:10.1.0.20:15013|client:10.1.0.20:15012|dataStream:10.1.0.20:15015|priority:0|startupRole:FOLLOWER]|listeners:[], old=null
2023-06-25 20:37:26,795 [dc38f854-6bce-4a40-ab3d-29959e10d617-server-thread1] INFO  segmented.SegmentedRaftLogWorker (SegmentedRaftLogWorker.java:startLogSegment(447)) - dc38f854-6bce-4a40-ab3d-29959e10d617@group-7C98CEF1E43C-SegmentedRaftLogWorker: Starting segment from index:0
2023-06-25 20:37:26,800 [63f38968-75c0-4f5a-b557-2283dcafd01e-server-thread1] INFO  server.RaftServer$Division (ServerState.java:setRaftConf(434)) - 63f38968-75c0-4f5a-b557-2283dcafd01e@group-7C98CEF1E43C: set configuration 0: peers:[3181cc3d-c03d-45be-ac89-a7dc70899832|rpc:10.1.0.20:15032|admin:10.1.0.20:15031|client:10.1.0.20:15030|dataStream:10.1.0.20:15033|priority:1|startupRole:FOLLOWER, 63f38968-75c0-4f5a-b557-2283dcafd01e|rpc:10.1.0.20:15023|admin:10.1.0.20:15022|client:10.1.0.20:15021|dataStream:10.1.0.20:15024|priority:0|startupRole:FOLLOWER, dc38f854-6bce-4a40-ab3d-29959e10d617|rpc:10.1.0.20:15014|admin:10.1.0.20:15013|client:10.1.0.20:15012|dataStream:10.1.0.20:15015|priority:0|startupRole:FOLLOWER]|listeners:[], old=null
2023-06-25 20:37:26,801 [dc38f854-6bce-4a40-ab3d-29959e10d617@group-7C98CEF1E43C-SegmentedRaftLogWorker] INFO  segmented.SegmentedRaftLogWorker (SegmentedRaftLogWorker.java:execute(651)) - dc38f854-6bce-4a40-ab3d-29959e10d617@group-7C98CEF1E43C-SegmentedRaftLogWorker: created new log segment /home/runner/work/ozone/ozone/hadoop-ozone/integration-test/target/test-dir/MiniOzoneClusterImpl-3473cb2a-b740-44b6-9b0f-d3bba0659fcf/datanode-0/data/ratis/e0dc6118-b64e-404b-993f-7c98cef1e43c/current/log_inprogress_0
2023-06-25 20:37:26,801 [63f38968-75c0-4f5a-b557-2283dcafd01e-server-thread1] INFO  segmented.SegmentedRaftLogWorker (SegmentedRaftLogWorker.java:startLogSegment(447)) - 63f38968-75c0-4f5a-b557-2283dcafd01e@group-7C98CEF1E43C-SegmentedRaftLogWorker: Starting segment from index:0
2023-06-25 20:37:26,804 [63f38968-75c0-4f5a-b557-2283dcafd01e@group-7C98CEF1E43C-SegmentedRaftLogWorker] INFO  segmented.SegmentedRaftLogWorker (SegmentedRaftLogWorker.java:execute(651)) - 63f38968-75c0-4f5a-b557-2283dcafd01e@group-7C98CEF1E43C-SegmentedRaftLogWorker: created new log segment /home/runner/work/ozone/ozone/hadoop-ozone/integration-test/target/test-dir/MiniOzoneClusterImpl-3473cb2a-b740-44b6-9b0f-d3bba0659fcf/datanode-1/data/ratis/e0dc6118-b64e-404b-993f-7c98cef1e43c/current/log_inprogress_0
2023-06-25 20:37:26,862 [63f38968-75c0-4f5a-b557-2283dcafd01e@group-A2514096448E-FollowerState] INFO  impl.FollowerState (FollowerState.java:run(143)) - 63f38968-75c0-4f5a-b557-2283dcafd01e@group-A2514096448E-FollowerState: change to CANDIDATE, lastRpcElapsedTime:5205046297ns, electionTimeout:5196ms
2023-06-25 20:37:26,863 [63f38968-75c0-4f5a-b557-2283dcafd01e@group-A2514096448E-FollowerState] INFO  impl.RoleInfo (RoleInfo.java:shutdownFollowerState(110)) - 63f38968-75c0-4f5a-b557-2283dcafd01e: shutdown 63f38968-75c0-4f5a-b557-2283dcafd01e@group-A2514096448E-FollowerState
2023-06-25 20:37:26,863 [63f38968-75c0-4f5a-b557-2283dcafd01e@group-A2514096448E-FollowerState] INFO  server.RaftServer$Division (RaftServerImpl.java:setRole(329)) - 63f38968-75c0-4f5a-b557-2283dcafd01e@group-A2514096448E: changes role from  FOLLOWER to CANDIDATE at term 0 for changeToCandidate
2023-06-25 20:37:26,863 [63f38968-75c0-4f5a-b557-2283dcafd01e@group-A2514096448E-FollowerState] INFO  server.RaftServerConfigKeys (ConfUtils.java:logGet(46)) - raft.server.leaderelection.pre-vote = true (default)
2023-06-25 20:37:26,863 [63f38968-75c0-4f5a-b557-2283dcafd01e@group-A2514096448E-FollowerState] INFO  impl.RoleInfo (RoleInfo.java:updateAndGet(139)) - 63f38968-75c0-4f5a-b557-2283dcafd01e: start 63f38968-75c0-4f5a-b557-2283dcafd01e@group-A2514096448E-LeaderElection8
2023-06-25 20:37:26,865 [63f38968-75c0-4f5a-b557-2283dcafd01e@group-A2514096448E-LeaderElection8] INFO  impl.LeaderElection (LeaderElection.java:askForVotes(321)) - 63f38968-75c0-4f5a-b557-2283dcafd01e@group-A2514096448E-LeaderElection8 PRE_VOTE round 0: submit vote requests at term 0 for -1: peers:[3181cc3d-c03d-45be-ac89-a7dc70899832|rpc:10.1.0.20:15032|admin:10.1.0.20:15031|client:10.1.0.20:15030|dataStream:10.1.0.20:15033|priority:0|startupRole:FOLLOWER, 63f38968-75c0-4f5a-b557-2283dcafd01e|rpc:10.1.0.20:15023|admin:10.1.0.20:15022|client:10.1.0.20:15021|dataStream:10.1.0.20:15024|priority:1|startupRole:FOLLOWER, dc38f854-6bce-4a40-ab3d-29959e10d617|rpc:10.1.0.20:15014|admin:10.1.0.20:15013|client:10.1.0.20:15012|dataStream:10.1.0.20:15015|priority:0|startupRole:FOLLOWER]|listeners:[], old=null
2023-06-25 20:37:26,866 [63f38968-75c0-4f5a-b557-2283dcafd01e@group-A2514096448E-LeaderElection8-1] INFO  server.GrpcServerProtocolClient (GrpcServerProtocolClient.java:<init>(65)) - Build channel for 3181cc3d-c03d-45be-ac89-a7dc70899832
2023-06-25 20:37:26,866 [63f38968-75c0-4f5a-b557-2283dcafd01e@group-A2514096448E-LeaderElection8-2] INFO  server.GrpcServerProtocolClient (GrpcServerProtocolClient.java:<init>(65)) - Build channel for dc38f854-6bce-4a40-ab3d-29959e10d617
2023-06-25 20:37:26,866 [63f38968-75c0-4f5a-b557-2283dcafd01e@group-A2514096448E-LeaderElection8] INFO  server.RaftServerConfigKeys (ConfUtils.java:logFallback(53)) - raft.server.rpc.first-election.timeout.min = 5s (fallback to raft.server.rpc.timeout.min)
2023-06-25 20:37:26,867 [63f38968-75c0-4f5a-b557-2283dcafd01e@group-A2514096448E-LeaderElection8] INFO  server.RaftServerConfigKeys (ConfUtils.java:logFallback(53)) - raft.server.rpc.first-election.timeout.max = 5200ms (fallback to raft.server.rpc.timeout.max)
2023-06-25 20:37:26,894 [grpc-default-executor-1] INFO  server.RaftServer$Division (RaftServerImpl.java:requestVote(1302)) - dc38f854-6bce-4a40-ab3d-29959e10d617@group-A2514096448E: receive requestVote(PRE_VOTE, 63f38968-75c0-4f5a-b557-2283dcafd01e, group-A2514096448E, 0, (t:0, i:0))
2023-06-25 20:37:26,894 [grpc-default-executor-1] INFO  impl.VoteContext (VoteContext.java:log(49)) - dc38f854-6bce-4a40-ab3d-29959e10d617@group-A2514096448E-FOLLOWER: accept PRE_VOTE from 63f38968-75c0-4f5a-b557-2283dcafd01e: our priority 0 <= candidate's priority 1
2023-06-25 20:37:26,894 [grpc-default-executor-1] INFO  server.RaftServer$Division (RaftServerImpl.java:requestVote(1335)) - dc38f854-6bce-4a40-ab3d-29959e10d617@group-A2514096448E replies to PRE_VOTE vote request: 63f38968-75c0-4f5a-b557-2283dcafd01e<-dc38f854-6bce-4a40-ab3d-29959e10d617#0:OK-t0. Peer's state: dc38f854-6bce-4a40-ab3d-29959e10d617@group-A2514096448E:t0, leader=null, voted=, raftlog=Memoized:dc38f854-6bce-4a40-ab3d-29959e10d617@group-A2514096448E-SegmentedRaftLog:OPENED:c-1, conf=-1: peers:[3181cc3d-c03d-45be-ac89-a7dc70899832|rpc:10.1.0.20:15032|admin:10.1.0.20:15031|client:10.1.0.20:15030|dataStream:10.1.0.20:15033|priority:0|startupRole:FOLLOWER, 63f38968-75c0-4f5a-b557-2283dcafd01e|rpc:10.1.0.20:15023|admin:10.1.0.20:15022|client:10.1.0.20:15021|dataStream:10.1.0.20:15024|priority:1|startupRole:FOLLOWER, dc38f854-6bce-4a40-ab3d-29959e10d617|rpc:10.1.0.20:15014|admin:10.1.0.20:15013|client:10.1.0.20:15012|dataStream:10.1.0.20:15015|priority:0|startupRole:FOLLOWER]|listeners:[], old=null
2023-06-25 20:37:26,897 [63f38968-75c0-4f5a-b557-2283dcafd01e@group-A2514096448E-LeaderElection8] INFO  impl.LeaderElection (LeaderElection.java:logAndReturn(90)) - 63f38968-75c0-4f5a-b557-2283dcafd01e@group-A2514096448E-LeaderElection8: PRE_VOTE PASSED received 1 response(s) and 0 exception(s):
2023-06-25 20:37:26,897 [63f38968-75c0-4f5a-b557-2283dcafd01e@group-A2514096448E-LeaderElection8] INFO  impl.LeaderElection (LeaderElection.java:logAndReturn(94)) -   Response 0: 63f38968-75c0-4f5a-b557-2283dcafd01e<-dc38f854-6bce-4a40-ab3d-29959e10d617#0:OK-t0
2023-06-25 20:37:26,897 [63f38968-75c0-4f5a-b557-2283dcafd01e@group-A2514096448E-LeaderElection8] INFO  impl.LeaderElection (LeaderElection.java:askForVotes(323)) - 63f38968-75c0-4f5a-b557-2283dcafd01e@group-A2514096448E-LeaderElection8 PRE_VOTE round 0: result PASSED
2023-06-25 20:37:26,899 [grpc-default-executor-0] INFO  server.RaftServer$Division (RaftServerImpl.java:requestVote(1302)) - 3181cc3d-c03d-45be-ac89-a7dc70899832@group-A2514096448E: receive requestVote(PRE_VOTE, 63f38968-75c0-4f5a-b557-2283dcafd01e, group-A2514096448E, 0, (t:0, i:0))
2023-06-25 20:37:26,900 [grpc-default-executor-0] INFO  impl.VoteContext (VoteContext.java:log(49)) - 3181cc3d-c03d-45be-ac89-a7dc70899832@group-A2514096448E-FOLLOWER: accept PRE_VOTE from 63f38968-75c0-4f5a-b557-2283dcafd01e: our priority 0 <= candidate's priority 1
2023-06-25 20:37:26,900 [grpc-default-executor-0] INFO  server.RaftServer$Division (RaftServerImpl.java:requestVote(1335)) - 3181cc3d-c03d-45be-ac89-a7dc70899832@group-A2514096448E replies to PRE_VOTE vote request: 63f38968-75c0-4f5a-b557-2283dcafd01e<-3181cc3d-c03d-45be-ac89-a7dc70899832#0:OK-t0. Peer's state: 3181cc3d-c03d-45be-ac89-a7dc70899832@group-A2514096448E:t0, leader=null, voted=, raftlog=Memoized:3181cc3d-c03d-45be-ac89-a7dc70899832@group-A2514096448E-SegmentedRaftLog:OPENED:c-1, conf=-1: peers:[3181cc3d-c03d-45be-ac89-a7dc70899832|rpc:10.1.0.20:15032|admin:10.1.0.20:15031|client:10.1.0.20:15030|dataStream:10.1.0.20:15033|priority:0|startupRole:FOLLOWER, 63f38968-75c0-4f5a-b557-2283dcafd01e|rpc:10.1.0.20:15023|admin:10.1.0.20:15022|client:10.1.0.20:15021|dataStream:10.1.0.20:15024|priority:1|startupRole:FOLLOWER, dc38f854-6bce-4a40-ab3d-29959e10d617|rpc:10.1.0.20:15014|admin:10.1.0.20:15013|client:10.1.0.20:15012|dataStream:10.1.0.20:15015|priority:0|startupRole:FOLLOWER]|listeners:[], old=null
2023-06-25 20:37:26,899 [63f38968-75c0-4f5a-b557-2283dcafd01e@group-A2514096448E-LeaderElection8] INFO  impl.LeaderElection (LeaderElection.java:askForVotes(321)) - 63f38968-75c0-4f5a-b557-2283dcafd01e@group-A2514096448E-LeaderElection8 ELECTION round 0: submit vote requests at term 1 for -1: peers:[3181cc3d-c03d-45be-ac89-a7dc70899832|rpc:10.1.0.20:15032|admin:10.1.0.20:15031|client:10.1.0.20:15030|dataStream:10.1.0.20:15033|priority:0|startupRole:FOLLOWER, 63f38968-75c0-4f5a-b557-2283dcafd01e|rpc:10.1.0.20:15023|admin:10.1.0.20:15022|client:10.1.0.20:15021|dataStream:10.1.0.20:15024|priority:1|startupRole:FOLLOWER, dc38f854-6bce-4a40-ab3d-29959e10d617|rpc:10.1.0.20:15014|admin:10.1.0.20:15013|client:10.1.0.20:15012|dataStream:10.1.0.20:15015|priority:0|startupRole:FOLLOWER]|listeners:[], old=null
2023-06-25 20:37:26,905 [63f38968-75c0-4f5a-b557-2283dcafd01e@group-A2514096448E-LeaderElection8] INFO  server.RaftServerConfigKeys (ConfUtils.java:logFallback(53)) - raft.server.rpc.first-election.timeout.min = 5s (fallback to raft.server.rpc.timeout.min)
2023-06-25 20:37:26,905 [63f38968-75c0-4f5a-b557-2283dcafd01e@group-A2514096448E-LeaderElection8] INFO  server.RaftServerConfigKeys (ConfUtils.java:logFallback(53)) - raft.server.rpc.first-election.timeout.max = 5200ms (fallback to raft.server.rpc.timeout.max)
2023-06-25 20:37:26,911 [grpc-default-executor-0] INFO  server.RaftServer$Division (RaftServerImpl.java:requestVote(1302)) - 3181cc3d-c03d-45be-ac89-a7dc70899832@group-A2514096448E: receive requestVote(ELECTION, 63f38968-75c0-4f5a-b557-2283dcafd01e, group-A2514096448E, 1, (t:0, i:0))
2023-06-25 20:37:26,915 [grpc-default-executor-0] INFO  impl.VoteContext (VoteContext.java:log(49)) - 3181cc3d-c03d-45be-ac89-a7dc70899832@group-A2514096448E-FOLLOWER: accept ELECTION from 63f38968-75c0-4f5a-b557-2283dcafd01e: our priority 0 <= candidate's priority 1
2023-06-25 20:37:26,915 [grpc-default-executor-0] INFO  server.RaftServer$Division (RaftServerImpl.java:setRole(329)) - 3181cc3d-c03d-45be-ac89-a7dc70899832@group-A2514096448E: changes role from  FOLLOWER to FOLLOWER at term 1 for candidate:63f38968-75c0-4f5a-b557-2283dcafd01e
2023-06-25 20:37:26,915 [grpc-default-executor-0] INFO  impl.RoleInfo (RoleInfo.java:shutdownFollowerState(110)) - 3181cc3d-c03d-45be-ac89-a7dc70899832: shutdown 3181cc3d-c03d-45be-ac89-a7dc70899832@group-A2514096448E-FollowerState
2023-06-25 20:37:26,915 [grpc-default-executor-0] INFO  impl.RoleInfo (RoleInfo.java:updateAndGet(139)) - 3181cc3d-c03d-45be-ac89-a7dc70899832: start 3181cc3d-c03d-45be-ac89-a7dc70899832@group-A2514096448E-FollowerState
2023-06-25 20:37:26,915 [3181cc3d-c03d-45be-ac89-a7dc70899832@group-A2514096448E-FollowerState] INFO  impl.FollowerState (FollowerState.java:run(152)) - 3181cc3d-c03d-45be-ac89-a7dc70899832@group-A2514096448E-FollowerState was interrupted
2023-06-25 20:37:26,918 [grpc-default-executor-0] INFO  server.RaftServer$Division (RaftServerImpl.java:requestVote(1335)) - 3181cc3d-c03d-45be-ac89-a7dc70899832@group-A2514096448E replies to ELECTION vote request: 63f38968-75c0-4f5a-b557-2283dcafd01e<-3181cc3d-c03d-45be-ac89-a7dc70899832#0:OK-t1. Peer's state: 3181cc3d-c03d-45be-ac89-a7dc70899832@group-A2514096448E:t1, leader=null, voted=63f38968-75c0-4f5a-b557-2283dcafd01e, raftlog=Memoized:3181cc3d-c03d-45be-ac89-a7dc70899832@group-A2514096448E-SegmentedRaftLog:OPENED:c-1, conf=-1: peers:[3181cc3d-c03d-45be-ac89-a7dc70899832|rpc:10.1.0.20:15032|admin:10.1.0.20:15031|client:10.1.0.20:15030|dataStream:10.1.0.20:15033|priority:0|startupRole:FOLLOWER, 63f38968-75c0-4f5a-b557-2283dcafd01e|rpc:10.1.0.20:15023|admin:10.1.0.20:15022|client:10.1.0.20:15021|dataStream:10.1.0.20:15024|priority:1|startupRole:FOLLOWER, dc38f854-6bce-4a40-ab3d-29959e10d617|rpc:10.1.0.20:15014|admin:10.1.0.20:15013|client:10.1.0.20:15012|dataStream:10.1.0.20:15015|priority:0|startupRole:FOLLOWER]|listeners:[], old=null
2023-06-25 20:37:26,920 [grpc-default-executor-1] INFO  server.RaftServer$Division (RaftServerImpl.java:requestVote(1302)) - dc38f854-6bce-4a40-ab3d-29959e10d617@group-A2514096448E: receive requestVote(ELECTION, 63f38968-75c0-4f5a-b557-2283dcafd01e, group-A2514096448E, 1, (t:0, i:0))
2023-06-25 20:37:26,921 [grpc-default-executor-1] INFO  impl.VoteContext (VoteContext.java:log(49)) - dc38f854-6bce-4a40-ab3d-29959e10d617@group-A2514096448E-FOLLOWER: accept ELECTION from 63f38968-75c0-4f5a-b557-2283dcafd01e: our priority 0 <= candidate's priority 1
2023-06-25 20:37:26,921 [grpc-default-executor-1] INFO  server.RaftServer$Division (RaftServerImpl.java:setRole(329)) - dc38f854-6bce-4a40-ab3d-29959e10d617@group-A2514096448E: changes role from  FOLLOWER to FOLLOWER at term 1 for candidate:63f38968-75c0-4f5a-b557-2283dcafd01e
2023-06-25 20:37:26,921 [63f38968-75c0-4f5a-b557-2283dcafd01e@group-A2514096448E-LeaderElection8] INFO  impl.LeaderElection (LeaderElection.java:logAndReturn(90)) - 63f38968-75c0-4f5a-b557-2283dcafd01e@group-A2514096448E-LeaderElection8: ELECTION PASSED received 1 response(s) and 0 exception(s):
2023-06-25 20:37:26,921 [63f38968-75c0-4f5a-b557-2283dcafd01e@group-A2514096448E-LeaderElection8] INFO  impl.LeaderElection (LeaderElection.java:logAndReturn(94)) -   Response 0: 63f38968-75c0-4f5a-b557-2283dcafd01e<-3181cc3d-c03d-45be-ac89-a7dc70899832#0:OK-t1
2023-06-25 20:37:26,922 [63f38968-75c0-4f5a-b557-2283dcafd01e@group-A2514096448E-LeaderElection8] INFO  impl.LeaderElection (LeaderElection.java:askForVotes(323)) - 63f38968-75c0-4f5a-b557-2283dcafd01e@group-A2514096448E-LeaderElection8 ELECTION round 0: result PASSED
2023-06-25 20:37:26,922 [63f38968-75c0-4f5a-b557-2283dcafd01e@group-A2514096448E-LeaderElection8] INFO  impl.RoleInfo (RoleInfo.java:shutdownLeaderElection(130)) - 63f38968-75c0-4f5a-b557-2283dcafd01e: shutdown 63f38968-75c0-4f5a-b557-2283dcafd01e@group-A2514096448E-LeaderElection8
2023-06-25 20:37:26,922 [63f38968-75c0-4f5a-b557-2283dcafd01e@group-A2514096448E-LeaderElection8] INFO  server.RaftServer$Division (RaftServerImpl.java:setRole(329)) - 63f38968-75c0-4f5a-b557-2283dcafd01e@group-A2514096448E: changes role from CANDIDATE to LEADER at term 1 for changeToLeader
2023-06-25 20:37:26,922 [63f38968-75c0-4f5a-b557-2283dcafd01e@group-A2514096448E-LeaderElection8] INFO  ratis.XceiverServerRatis (XceiverServerRatis.java:handleLeaderChangedNotification(902)) - Leader change notification received for group: group-A2514096448E with new leaderId: 63f38968-75c0-4f5a-b557-2283dcafd01e
2023-06-25 20:37:26,922 [63f38968-75c0-4f5a-b557-2283dcafd01e@group-A2514096448E-LeaderElection8] INFO  server.RaftServer$Division (ServerState.java:setLeader(317)) - 63f38968-75c0-4f5a-b557-2283dcafd01e@group-A2514096448E: change Leader from null to 63f38968-75c0-4f5a-b557-2283dcafd01e at term 1 for becomeLeader, leader elected after 5348ms
2023-06-25 20:37:26,922 [63f38968-75c0-4f5a-b557-2283dcafd01e@group-A2514096448E-LeaderElection8] INFO  server.RaftServerConfigKeys (ConfUtils.java:logGet(46)) - raft.server.staging.catchup.gap = 1000 (default)
2023-06-25 20:37:26,922 [63f38968-75c0-4f5a-b557-2283dcafd01e@group-A2514096448E-LeaderElection8] INFO  server.RaftServerConfigKeys (ConfUtils.java:logGet(46)) - raft.server.write.element-limit = 1024 (custom)
2023-06-25 20:37:26,922 [63f38968-75c0-4f5a-b557-2283dcafd01e@group-A2514096448E-LeaderElection8] INFO  server.RaftServerConfigKeys (ConfUtils.java:logGet(46)) - raft.server.write.byte-limit = 1024 M (=1073741824) (custom)
2023-06-25 20:37:26,923 [63f38968-75c0-4f5a-b557-2283dcafd01e@group-A2514096448E-LeaderElection8] INFO  server.RaftServerConfigKeys (ConfUtils.java:logGet(46)) - raft.server.watch.timeout = 180s (custom)
2023-06-25 20:37:26,923 [63f38968-75c0-4f5a-b557-2283dcafd01e@group-A2514096448E-LeaderElection8] INFO  server.RaftServerConfigKeys (ConfUtils.java:logGet(46)) - raft.server.watch.timeout.denomination = 1s (default)
2023-06-25 20:37:26,923 [63f38968-75c0-4f5a-b557-2283dcafd01e@group-A2514096448E-LeaderElection8] INFO  server.RaftServerConfigKeys (ConfUtils.java:logGet(46)) - raft.server.watch.element-limit = 65536 (default)
2023-06-25 20:37:26,923 [63f38968-75c0-4f5a-b557-2283dcafd01e@group-A2514096448E-LeaderElection8] INFO  server.RaftServerConfigKeys (ConfUtils.java:logGet(46)) - raft.server.write.element-limit = 1024 (custom)
2023-06-25 20:37:26,923 [63f38968-75c0-4f5a-b557-2283dcafd01e@group-A2514096448E-LeaderElection8] INFO  server.RaftServerConfigKeys (ConfUtils.java:logGet(46)) - raft.server.write.follower.gap.ratio.max = -1.0 (default)
2023-06-25 20:37:26,923 [63f38968-75c0-4f5a-b557-2283dcafd01e@group-A2514096448E-LeaderElection8] INFO  server.RaftServerConfigKeys (ConfUtils.java:logGet(46)) - raft.server.log.appender.snapshot.chunk.size.max = 16MB (=16777216) (default)
2023-06-25 20:37:26,924 [63f38968-75c0-4f5a-b557-2283dcafd01e@group-A2514096448E-LeaderElection8] INFO  server.RaftServerConfigKeys (ConfUtils.java:logGet(46)) - raft.server.log.appender.buffer.byte-limit = 33554432 (custom)
2023-06-25 20:37:26,924 [63f38968-75c0-4f5a-b557-2283dcafd01e@group-A2514096448E-LeaderElection8] INFO  server.RaftServerConfigKeys (ConfUtils.java:logGet(46)) - raft.server.log.appender.buffer.element-limit = 1 (custom)
2023-06-25 20:37:26,924 [63f38968-75c0-4f5a-b557-2283dcafd01e@group-A2514096448E-LeaderElection8] INFO  server.RaftServerConfigKeys (ConfUtils.java:logGet(46)) - raft.server.log.appender.wait-time.min = 10ms (default)
2023-06-25 20:37:26,921 [grpc-default-executor-1] INFO  impl.RoleInfo (RoleInfo.java:shutdownFollowerState(110)) - dc38f854-6bce-4a40-ab3d-29959e10d617: shutdown dc38f854-6bce-4a40-ab3d-29959e10d617@group-A2514096448E-FollowerState
2023-06-25 20:37:26,924 [63f38968-75c0-4f5a-b557-2283dcafd01e@group-A2514096448E-LeaderElection8] INFO  grpc.GrpcConfigKeys (ConfUtils.java:logGet(46)) - raft.grpc.server.leader.outstanding.appends.max = 128 (default)
2023-06-25 20:37:26,927 [grpc-default-executor-1] INFO  impl.RoleInfo (RoleInfo.java:updateAndGet(139)) - dc38f854-6bce-4a40-ab3d-29959e10d617: start dc38f854-6bce-4a40-ab3d-29959e10d617@group-A2514096448E-FollowerState
2023-06-25 20:37:26,927 [63f38968-75c0-4f5a-b557-2283dcafd01e@group-A2514096448E-LeaderElection8] INFO  server.RaftServerConfigKeys (ConfUtils.java:logGet(46)) - raft.server.rpc.request.timeout = 60s (custom)
2023-06-25 20:37:26,927 [63f38968-75c0-4f5a-b557-2283dcafd01e@group-A2514096448E-LeaderElection8] INFO  grpc.GrpcConfigKeys (ConfUtils.java:logGet(46)) - raft.grpc.server.install_snapshot.request.element-limit = 8 (default)
2023-06-25 20:37:26,927 [63f38968-75c0-4f5a-b557-2283dcafd01e@group-A2514096448E-LeaderElection8] INFO  grpc.GrpcConfigKeys (ConfUtils.java:logGet(46)) - raft.grpc.server.install_snapshot.request.timeout = 3000ms (default)
2023-06-25 20:37:26,927 [63f38968-75c0-4f5a-b557-2283dcafd01e@group-A2514096448E-LeaderElection8] INFO  server.RaftServerConfigKeys (ConfUtils.java:logGet(46)) - raft.server.log.appender.install.snapshot.enabled = false (custom)
2023-06-25 20:37:26,927 [63f38968-75c0-4f5a-b557-2283dcafd01e@group-A2514096448E-LeaderElection8] INFO  grpc.GrpcConfigKeys (ConfUtils.java:logGet(46)) - raft.grpc.server.heartbeat.channel = true (default)
2023-06-25 20:37:26,928 [63f38968-75c0-4f5a-b557-2283dcafd01e@group-A2514096448E-LeaderElection8] INFO  server.RaftServerConfigKeys (ConfUtils.java:logGet(46)) - raft.server.log.appender.snapshot.chunk.size.max = 16MB (=16777216) (default)
2023-06-25 20:37:26,928 [63f38968-75c0-4f5a-b557-2283dcafd01e@group-A2514096448E-LeaderElection8] INFO  server.RaftServerConfigKeys (ConfUtils.java:logGet(46)) - raft.server.log.appender.buffer.byte-limit = 33554432 (custom)
2023-06-25 20:37:26,928 [63f38968-75c0-4f5a-b557-2283dcafd01e@group-A2514096448E-LeaderElection8] INFO  server.RaftServerConfigKeys (ConfUtils.java:logGet(46)) - raft.server.log.appender.buffer.element-limit = 1 (custom)
2023-06-25 20:37:26,928 [dc38f854-6bce-4a40-ab3d-29959e10d617@group-A2514096448E-FollowerState] INFO  impl.FollowerState (FollowerState.java:run(152)) - dc38f854-6bce-4a40-ab3d-29959e10d617@group-A2514096448E-FollowerState was interrupted
2023-06-25 20:37:26,929 [EventQueue-PipelineReportForPipelineReportHandler] INFO  pipeline.PipelineManagerImpl (PipelineManagerImpl.java:openPipeline(381)) - Pipeline Pipeline[ Id: 26ca4c30-8024-47f9-affb-a2514096448e, Nodes: 63f38968-75c0-4f5a-b557-2283dcafd01e(fv-az808-130.wa3tte2ragoufbcbawjciesdkc.bx.internal.cloudapp.net/10.1.0.20)3181cc3d-c03d-45be-ac89-a7dc70899832(fv-az808-130.wa3tte2ragoufbcbawjciesdkc.bx.internal.cloudapp.net/10.1.0.20)dc38f854-6bce-4a40-ab3d-29959e10d617(fv-az808-130.wa3tte2ragoufbcbawjciesdkc.bx.internal.cloudapp.net/10.1.0.20), ReplicationConfig: RATIS/THREE, State:ALLOCATED, leaderId:63f38968-75c0-4f5a-b557-2283dcafd01e, CreationTimestamp2023-06-25T20:37:18.295Z[Etc/UTC]] moved to OPEN state
2023-06-25 20:37:26,933 [63f38968-75c0-4f5a-b557-2283dcafd01e@group-A2514096448E-LeaderElection8] INFO  server.RaftServerConfigKeys (ConfUtils.java:logGet(46)) - raft.server.log.appender.wait-time.min = 10ms (default)
2023-06-25 20:37:26,933 [63f38968-75c0-4f5a-b557-2283dcafd01e@group-A2514096448E-LeaderElection8] INFO  grpc.GrpcConfigKeys (ConfUtils.java:logGet(46)) - raft.grpc.server.leader.outstanding.appends.max = 128 (default)
2023-06-25 20:37:26,934 [63f38968-75c0-4f5a-b557-2283dcafd01e@group-A2514096448E-LeaderElection8] INFO  server.RaftServerConfigKeys (ConfUtils.java:logGet(46)) - raft.server.rpc.request.timeout = 60s (custom)
2023-06-25 20:37:26,934 [63f38968-75c0-4f5a-b557-2283dcafd01e@group-A2514096448E-LeaderElection8] INFO  grpc.GrpcConfigKeys (ConfUtils.java:logGet(46)) - raft.grpc.server.install_snapshot.request.element-limit = 8 (default)
2023-06-25 20:37:26,934 [63f38968-75c0-4f5a-b557-2283dcafd01e@group-A2514096448E-LeaderElection8] INFO  grpc.GrpcConfigKeys (ConfUtils.java:logGet(46)) - raft.grpc.server.install_snapshot.request.timeout = 3000ms (default)
2023-06-25 20:37:26,934 [63f38968-75c0-4f5a-b557-2283dcafd01e@group-A2514096448E-LeaderElection8] INFO  server.RaftServerConfigKeys (ConfUtils.java:logGet(46)) - raft.server.log.appender.install.snapshot.enabled = false (custom)
2023-06-25 20:37:26,934 [63f38968-75c0-4f5a-b557-2283dcafd01e@group-A2514096448E-LeaderElection8] INFO  grpc.GrpcConfigKeys (ConfUtils.java:logGet(46)) - raft.grpc.server.heartbeat.channel = true (default)
2023-06-25 20:37:26,934 [63f38968-75c0-4f5a-b557-2283dcafd01e@group-A2514096448E-LeaderElection8] INFO  impl.RoleInfo (RoleInfo.java:updateAndGet(139)) - 63f38968-75c0-4f5a-b557-2283dcafd01e: start 63f38968-75c0-4f5a-b557-2283dcafd01e@group-A2514096448E-LeaderStateImpl
2023-06-25 20:37:26,934 [63f38968-75c0-4f5a-b557-2283dcafd01e@group-A2514096448E-LeaderElection8] INFO  segmented.SegmentedRaftLogWorker (SegmentedRaftLogWorker.java:startLogSegment(447)) - 63f38968-75c0-4f5a-b557-2283dcafd01e@group-A2514096448E-SegmentedRaftLogWorker: Starting segment from index:0
2023-06-25 20:37:26,936 [63f38968-75c0-4f5a-b557-2283dcafd01e@group-A2514096448E-SegmentedRaftLogWorker] INFO  segmented.SegmentedRaftLogWorker (SegmentedRaftLogWorker.java:execute(651)) - 63f38968-75c0-4f5a-b557-2283dcafd01e@group-A2514096448E-SegmentedRaftLogWorker: created new log segment /home/runner/work/ozone/ozone/hadoop-ozone/integration-test/target/test-dir/MiniOzoneClusterImpl-3473cb2a-b740-44b6-9b0f-d3bba0659fcf/datanode-1/data/ratis/26ca4c30-8024-47f9-affb-a2514096448e/current/log_inprogress_0
2023-06-25 20:37:26,938 [63f38968-75c0-4f5a-b557-2283dcafd01e@group-A2514096448E-LeaderElection8] INFO  server.RaftServer$Division (ServerState.java:setRaftConf(434)) - 63f38968-75c0-4f5a-b557-2283dcafd01e@group-A2514096448E: set configuration 0: peers:[3181cc3d-c03d-45be-ac89-a7dc70899832|rpc:10.1.0.20:15032|admin:10.1.0.20:15031|client:10.1.0.20:15030|dataStream:10.1.0.20:15033|priority:0|startupRole:FOLLOWER, 63f38968-75c0-4f5a-b557-2283dcafd01e|rpc:10.1.0.20:15023|admin:10.1.0.20:15022|client:10.1.0.20:15021|dataStream:10.1.0.20:15024|priority:1|startupRole:FOLLOWER, dc38f854-6bce-4a40-ab3d-29959e10d617|rpc:10.1.0.20:15014|admin:10.1.0.20:15013|client:10.1.0.20:15012|dataStream:10.1.0.20:15015|priority:0|startupRole:FOLLOWER]|listeners:[], old=null
2023-06-25 20:37:26,941 [grpc-default-executor-1] INFO  server.RaftServer$Division (RaftServerImpl.java:requestVote(1335)) - dc38f854-6bce-4a40-ab3d-29959e10d617@group-A2514096448E replies to ELECTION vote request: 63f38968-75c0-4f5a-b557-2283dcafd01e<-dc38f854-6bce-4a40-ab3d-29959e10d617#0:OK-t1. Peer's state: dc38f854-6bce-4a40-ab3d-29959e10d617@group-A2514096448E:t1, leader=null, voted=63f38968-75c0-4f5a-b557-2283dcafd01e, raftlog=Memoized:dc38f854-6bce-4a40-ab3d-29959e10d617@group-A2514096448E-SegmentedRaftLog:OPENED:c-1, conf=-1: peers:[3181cc3d-c03d-45be-ac89-a7dc70899832|rpc:10.1.0.20:15032|admin:10.1.0.20:15031|client:10.1.0.20:15030|dataStream:10.1.0.20:15033|priority:0|startupRole:FOLLOWER, 63f38968-75c0-4f5a-b557-2283dcafd01e|rpc:10.1.0.20:15023|admin:10.1.0.20:15022|client:10.1.0.20:15021|dataStream:10.1.0.20:15024|priority:1|startupRole:FOLLOWER, dc38f854-6bce-4a40-ab3d-29959e10d617|rpc:10.1.0.20:15014|admin:10.1.0.20:15013|client:10.1.0.20:15012|dataStream:10.1.0.20:15015|priority:0|startupRole:FOLLOWER]|listeners:[], old=null
2023-06-25 20:37:26,960 [dc38f854-6bce-4a40-ab3d-29959e10d617-server-thread1] INFO  ratis.XceiverServerRatis (XceiverServerRatis.java:handleLeaderChangedNotification(902)) - Leader change notification received for group: group-A2514096448E with new leaderId: 63f38968-75c0-4f5a-b557-2283dcafd01e
2023-06-25 20:37:26,960 [dc38f854-6bce-4a40-ab3d-29959e10d617-server-thread1] INFO  server.RaftServer$Division (ServerState.java:setLeader(317)) - dc38f854-6bce-4a40-ab3d-29959e10d617@group-A2514096448E: change Leader from null to 63f38968-75c0-4f5a-b557-2283dcafd01e at term 1 for appendEntries, leader elected after 5351ms
2023-06-25 20:37:26,965 [3181cc3d-c03d-45be-ac89-a7dc70899832-server-thread2] INFO  ratis.XceiverServerRatis (XceiverServerRatis.java:handleLeaderChangedNotification(902)) - Leader change notification received for group: group-A2514096448E with new leaderId: 63f38968-75c0-4f5a-b557-2283dcafd01e
2023-06-25 20:37:26,965 [3181cc3d-c03d-45be-ac89-a7dc70899832-server-thread2] INFO  server.RaftServer$Division (ServerState.java:setLeader(317)) - 3181cc3d-c03d-45be-ac89-a7dc70899832@group-A2514096448E: change Leader from null to 63f38968-75c0-4f5a-b557-2283dcafd01e at term 1 for appendEntries, leader elected after 5509ms
2023-06-25 20:37:26,970 [dc38f854-6bce-4a40-ab3d-29959e10d617-server-thread3] INFO  server.RaftServer$Division (ServerState.java:setRaftConf(434)) - dc38f854-6bce-4a40-ab3d-29959e10d617@group-A2514096448E: set configuration 0: peers:[3181cc3d-c03d-45be-ac89-a7dc70899832|rpc:10.1.0.20:15032|admin:10.1.0.20:15031|client:10.1.0.20:15030|dataStream:10.1.0.20:15033|priority:0|startupRole:FOLLOWER, 63f38968-75c0-4f5a-b557-2283dcafd01e|rpc:10.1.0.20:15023|admin:10.1.0.20:15022|client:10.1.0.20:15021|dataStream:10.1.0.20:15024|priority:1|startupRole:FOLLOWER, dc38f854-6bce-4a40-ab3d-29959e10d617|rpc:10.1.0.20:15014|admin:10.1.0.20:15013|client:10.1.0.20:15012|dataStream:10.1.0.20:15015|priority:0|startupRole:FOLLOWER]|listeners:[], old=null
2023-06-25 20:37:26,970 [dc38f854-6bce-4a40-ab3d-29959e10d617-server-thread3] INFO  segmented.SegmentedRaftLogWorker (SegmentedRaftLogWorker.java:startLogSegment(447)) - dc38f854-6bce-4a40-ab3d-29959e10d617@group-A2514096448E-SegmentedRaftLogWorker: Starting segment from index:0
2023-06-25 20:37:26,972 [3181cc3d-c03d-45be-ac89-a7dc70899832-server-thread2] INFO  server.RaftServer$Division (ServerState.java:setRaftConf(434)) - 3181cc3d-c03d-45be-ac89-a7dc70899832@group-A2514096448E: set configuration 0: peers:[3181cc3d-c03d-45be-ac89-a7dc70899832|rpc:10.1.0.20:15032|admin:10.1.0.20:15031|client:10.1.0.20:15030|dataStream:10.1.0.20:15033|priority:0|startupRole:FOLLOWER, 63f38968-75c0-4f5a-b557-2283dcafd01e|rpc:10.1.0.20:15023|admin:10.1.0.20:15022|client:10.1.0.20:15021|dataStream:10.1.0.20:15024|priority:1|startupRole:FOLLOWER, dc38f854-6bce-4a40-ab3d-29959e10d617|rpc:10.1.0.20:15014|admin:10.1.0.20:15013|client:10.1.0.20:15012|dataStream:10.1.0.20:15015|priority:0|startupRole:FOLLOWER]|listeners:[], old=null
2023-06-25 20:37:26,972 [3181cc3d-c03d-45be-ac89-a7dc70899832-server-thread2] INFO  segmented.SegmentedRaftLogWorker (SegmentedRaftLogWorker.java:startLogSegment(447)) - 3181cc3d-c03d-45be-ac89-a7dc70899832@group-A2514096448E-SegmentedRaftLogWorker: Starting segment from index:0
2023-06-25 20:37:26,973 [dc38f854-6bce-4a40-ab3d-29959e10d617@group-A2514096448E-SegmentedRaftLogWorker] INFO  segmented.SegmentedRaftLogWorker (SegmentedRaftLogWorker.java:execute(651)) - dc38f854-6bce-4a40-ab3d-29959e10d617@group-A2514096448E-SegmentedRaftLogWorker: created new log segment /home/runner/work/ozone/ozone/hadoop-ozone/integration-test/target/test-dir/MiniOzoneClusterImpl-3473cb2a-b740-44b6-9b0f-d3bba0659fcf/datanode-0/data/ratis/26ca4c30-8024-47f9-affb-a2514096448e/current/log_inprogress_0
2023-06-25 20:37:26,975 [3181cc3d-c03d-45be-ac89-a7dc70899832@group-A2514096448E-SegmentedRaftLogWorker] INFO  segmented.SegmentedRaftLogWorker (SegmentedRaftLogWorker.java:execute(651)) - 3181cc3d-c03d-45be-ac89-a7dc70899832@group-A2514096448E-SegmentedRaftLogWorker: created new log segment /home/runner/work/ozone/ozone/hadoop-ozone/integration-test/target/test-dir/MiniOzoneClusterImpl-3473cb2a-b740-44b6-9b0f-d3bba0659fcf/datanode-2/data/ratis/26ca4c30-8024-47f9-affb-a2514096448e/current/log_inprogress_0
2023-06-25 20:37:27,288 [main] INFO  ozone.MiniOzoneClusterImpl (MiniOzoneClusterImpl.java:lambda$waitForClusterToBeReady$0(224)) - Nodes are ready. Got 3 of 3 DN Heartbeats.
2023-06-25 20:37:27,289 [main] INFO  ozone.MiniOzoneClusterImpl (MiniOzoneClusterImpl.java:lambda$waitForClusterToBeReady$0(227)) - Cluster exits safe mode
2023-06-25 20:37:27,289 [main] INFO  ozone.MiniOzoneClusterImpl (MiniOzoneClusterImpl.java:lambda$waitForClusterToBeReady$0(229)) - SCM became leader
2023-06-25 20:37:28,149 [JvmPauseMonitor2] WARN  util.JvmPauseMonitor (JvmPauseMonitor.java:detectPause(124)) - JvmPauseMonitor-dc38f854-6bce-4a40-ab3d-29959e10d617: Detected pause in JVM or host machine approximately 0.101s with 0.356s GC time.
GC pool 'PS MarkSweep' had collection(s): count=1 time=280ms
GC pool 'PS Scavenge' had collection(s): count=1 time=76ms
2023-06-25 20:37:28,151 [JvmPauseMonitor1] WARN  util.JvmPauseMonitor (JvmPauseMonitor.java:detectPause(124)) - JvmPauseMonitor-om1: Detected pause in JVM or host machine approximately 0.139s with 0.356s GC time.
GC pool 'PS MarkSweep' had collection(s): count=1 time=280ms
GC pool 'PS Scavenge' had collection(s): count=1 time=76ms
2023-06-25 20:37:28,151 [JvmPauseMonitor3] WARN  util.JvmPauseMonitor (JvmPauseMonitor.java:detectPause(124)) - JvmPauseMonitor-63f38968-75c0-4f5a-b557-2283dcafd01e: Detected pause in JVM or host machine approximately 0.173s with 0.356s GC time.
GC pool 'PS MarkSweep' had collection(s): count=1 time=280ms
GC pool 'PS Scavenge' had collection(s): count=1 time=76ms
2023-06-25 20:37:28,155 [JvmPauseMonitor4] WARN  util.JvmPauseMonitor (JvmPauseMonitor.java:detectPause(124)) - JvmPauseMonitor-3181cc3d-c03d-45be-ac89-a7dc70899832: Detected pause in JVM or host machine approximately 0.295s with 0.356s GC time.
GC pool 'PS MarkSweep' had collection(s): count=1 time=280ms
GC pool 'PS Scavenge' had collection(s): count=1 time=76ms
2023-06-25 20:37:28,272 [main] INFO  rpc.RpcClient (RpcClient.java:createVolume(459)) - Creating Volume: vol1, with user36441 as owner and space quota set to -1 bytes, counts quota set to -1
2023-06-25 20:37:28,352 [OM StateMachine ApplyTransaction Thread - 0] INFO  volume.OMVolumeCreateRequest (OMVolumeCreateRequest.java:validateAndUpdateCache(196)) - created volume:vol1 for user:user36441
2023-06-25 20:37:28,370 [main] INFO  rpc.RpcClient (RpcClient.java:createBucket(686)) - Creating Bucket: vol1/bucket1, with bucket layout LEGACY, runner as owner, Versioning false, Storage Type set to DISK and Encryption set to false, Replication Type set to server-side default replication type, Namespace Quota set to -1, Space Quota set to -1 
2023-06-25 20:37:28,401 [OM StateMachine ApplyTransaction Thread - 0] INFO  bucket.OMBucketCreateRequest (OMBucketCreateRequest.java:validateAndUpdateCache(270)) - created bucket: bucket1 of layout LEGACY in volume: vol1
2023-06-25 20:37:28,418 [main] INFO  rpc.RpcClient (RpcClient.java:createBucket(686)) - Creating Bucket: vol1/bucket2, with bucket layout FILE_SYSTEM_OPTIMIZED, runner as owner, Versioning false, Storage Type set to DISK and Encryption set to false, Replication Type set to server-side default replication type, Namespace Quota set to -1, Space Quota set to -1 
2023-06-25 20:37:28,422 [OM StateMachine ApplyTransaction Thread - 0] INFO  bucket.OMBucketCreateRequest (OMBucketCreateRequest.java:validateAndUpdateCache(270)) - created bucket: bucket2 of layout FILE_SYSTEM_OPTIMIZED in volume: vol1
2023-06-25 20:37:28,488 [IPC Server handler 11 on default port 15001] INFO  ha.SequenceIdGenerator (SequenceIdGenerator.java:getNextId(128)) - Allocate a batch for containerId, change lastId from 0 to 1000.
2023-06-25 20:37:28,500 [IPC Server handler 11 on default port 15001] WARN  ha.SequenceIdGenerator (SequenceIdGenerator.java:allocateBatch(237)) - Failed to allocate a batch for localId, expected lastId is 0, actual lastId is 111677748019200000.
2023-06-25 20:37:28,500 [IPC Server handler 11 on default port 15001] INFO  ha.SequenceIdGenerator (SequenceIdGenerator.java:getNextId(128)) - Allocate a batch for localId, change lastId from 111677748019200000 to 111677748019201000.
2023-06-25 20:37:28,611 [main] INFO  impl.MetricsSystemImpl (MetricsSystemImpl.java:init(158)) - XceiverClientMetrics metrics system started (again)
2023-06-25 20:37:28,612 [main] INFO  lib.Interns (Interns.java:removeEldestEntry(50)) - Metrics intern cache overflow at 2011 for MetricsSystem={MetricsSystem=MetricsInfoImpl{name=MetricsSystem, description=MetricsSystem}, MetricsSystem record=MetricsInfoImpl{name=MetricsSystem, description=MetricsSystem record}}
2023-06-25 20:37:50,915 [main] INFO  ozone.TestSnapshotDeletingService (TestSnapshotDeletingService.java:assertTableRowCount(558)) - directoryTable actual row count=12, expectedCount=12
2023-06-25 20:37:50,920 [main] INFO  ozone.TestSnapshotDeletingService (TestSnapshotDeletingService.java:assertTableRowCount(558)) - fileTable actual row count=24, expectedCount=24
2023-06-25 20:37:50,920 [main] INFO  ozone.TestSnapshotDeletingService (TestSnapshotDeletingService.java:assertTableRowCount(558)) - deletedDirectoryTable actual row count=0, expectedCount=0
2023-06-25 20:37:50,945 [OM StateMachine ApplyTransaction Thread - 0] INFO  snapshot.OMSnapshotCreateRequest (OMSnapshotCreateRequest.java:validateAndUpdateCache(193)) - Created snapshot: 'snap1' with snapshotId: '2559fca9-3a1d-41b4-a283-6cd8bf0374e6' under path 'vol1/bucket2'
2023-06-25 20:37:50,947 [main] INFO  ozone.TestSnapshotDeletingService (TestSnapshotDeletingService.java:assertTableRowCount(558)) - snapshotInfoTable actual row count=0, expectedCount=1
2023-06-25 20:37:50,983 [OMDoubleBufferFlushThread] INFO  db.RDBCheckpointManager (RDBCheckpointManager.java:createCheckpoint(89)) - Created checkpoint in rocksDB at /home/runner/work/ozone/ozone/hadoop-ozone/integration-test/target/test-dir/MiniOzoneClusterImpl-3473cb2a-b740-44b6-9b0f-d3bba0659fcf/ozone-meta/db.snapshots/checkpointState/om.db-2559fca9-3a1d-41b4-a283-6cd8bf0374e6 in 36 milliseconds
2023-06-25 20:37:51,007 [OMDoubleBufferFlushThread] INFO  db.RDBCheckpointUtils (RDBCheckpointUtils.java:waitForCheckpointDirectoryExist(59)) - Waited for 22 milliseconds for checkpoint directory /home/runner/work/ozone/ozone/hadoop-ozone/integration-test/target/test-dir/MiniOzoneClusterImpl-3473cb2a-b740-44b6-9b0f-d3bba0659fcf/ozone-meta/db.snapshots/checkpointState/om.db-2559fca9-3a1d-41b4-a283-6cd8bf0374e6 availability.
2023-06-25 20:37:51,009 [OMDoubleBufferFlushThread] INFO  om.OmSnapshotManager (OmSnapshotManager.java:createOmSnapshotCheckpoint(438)) - Created checkpoint : /home/runner/work/ozone/ozone/hadoop-ozone/integration-test/target/test-dir/MiniOzoneClusterImpl-3473cb2a-b740-44b6-9b0f-d3bba0659fcf/ozone-meta/db.snapshots/checkpointState/om.db-2559fca9-3a1d-41b4-a283-6cd8bf0374e6 for snapshot snap1
2023-06-25 20:37:51,170 [KeyDeletingService#0] WARN  server.ServerUtils (ServerUtils.java:getDBPath(311)) - ozone.om.db.dirs is not configured. We recommend adding this setting. Falling back to ozone.metadata.dirs instead.
2023-06-25 20:37:51,171 [KeyDeletingService#0] INFO  helpers.OmKeyInfo (OmKeyInfo.java:getCodec(71)) - OmKeyInfo.getCodec ignorePipeline = true
2023-06-25 20:37:51,238 [KeyDeletingService#0] INFO  audit.AuditLogger (AuditLogger.java:refreshDebugCmdSet(126)) - Refresh DebugCmdSet for OMAudit to [].
2023-06-25 20:37:51,948 [main] INFO  ozone.TestSnapshotDeletingService (TestSnapshotDeletingService.java:assertTableRowCount(558)) - snapshotInfoTable actual row count=1, expectedCount=1
2023-06-25 20:37:54,774 [main] INFO  ozone.TestSnapshotDeletingService (TestSnapshotDeletingService.java:assertTableRowCount(558)) - fileTable actual row count=24, expectedCount=24
2023-06-25 20:37:54,856 [main] INFO  ozone.TestSnapshotDeletingService (TestSnapshotDeletingService.java:assertTableRowCount(558)) - snapshotRenamedTable actual row count=4, expectedCount=4
2023-06-25 20:37:54,880 [main] INFO  ozone.TestSnapshotDeletingService (TestSnapshotDeletingService.java:assertTableRowCount(558)) - deletedTable actual row count=11, expectedCount=11
2023-06-25 20:37:54,881 [main] INFO  ozone.TestSnapshotDeletingService (TestSnapshotDeletingService.java:assertTableRowCount(558)) - deletedDirectoryTable actual row count=3, expectedCount=3
2023-06-25 20:37:54,887 [main] INFO  ozone.TestSnapshotDeletingService (TestSnapshotDeletingService.java:assertTableRowCount(558)) - directoryTable actual row count=9, expectedCount=9
2023-06-25 20:37:54,887 [main] INFO  ozone.TestSnapshotDeletingService (TestSnapshotDeletingService.java:assertTableRowCount(558)) - snapshotRenamedTable actual row count=4, expectedCount=4
2023-06-25 20:37:54,891 [OM StateMachine ApplyTransaction Thread - 0] INFO  snapshot.OMSnapshotCreateRequest (OMSnapshotCreateRequest.java:validateAndUpdateCache(193)) - Created snapshot: 'snap2' with snapshotId: 'c6ddec3d-f085-497d-9e4f-e8f28b0548cd' under path 'vol1/bucket2'
2023-06-25 20:37:54,892 [main] INFO  ozone.TestSnapshotDeletingService (TestSnapshotDeletingService.java:assertTableRowCount(558)) - snapshotInfoTable actual row count=1, expectedCount=2
2023-06-25 20:37:54,931 [OMDoubleBufferFlushThread] INFO  db.RDBCheckpointManager (RDBCheckpointManager.java:createCheckpoint(89)) - Created checkpoint in rocksDB at /home/runner/work/ozone/ozone/hadoop-ozone/integration-test/target/test-dir/MiniOzoneClusterImpl-3473cb2a-b740-44b6-9b0f-d3bba0659fcf/ozone-meta/db.snapshots/checkpointState/om.db-c6ddec3d-f085-497d-9e4f-e8f28b0548cd in 39 milliseconds
2023-06-25 20:37:54,932 [OMDoubleBufferFlushThread] INFO  db.RDBCheckpointUtils (RDBCheckpointUtils.java:waitForCheckpointDirectoryExist(59)) - Waited for 1 milliseconds for checkpoint directory /home/runner/work/ozone/ozone/hadoop-ozone/integration-test/target/test-dir/MiniOzoneClusterImpl-3473cb2a-b740-44b6-9b0f-d3bba0659fcf/ozone-meta/db.snapshots/checkpointState/om.db-c6ddec3d-f085-497d-9e4f-e8f28b0548cd availability.
2023-06-25 20:37:54,934 [OMDoubleBufferFlushThread] WARN  om.OmSnapshotManager (OmSnapshotManager.java:findEndKeyGivenPrefix(568)) - Took 1711289 ns to find endKey. Caller is deleteKeysFromDelKeyTableInSnapshotScope
2023-06-25 20:37:54,936 [OMDoubleBufferFlushThread] WARN  om.OmSnapshotManager (OmSnapshotManager.java:findEndKeyGivenPrefix(568)) - Took 181098 ns to find endKey. Caller is deleteKeysFromDelDirTableInSnapshotScope
2023-06-25 20:37:54,936 [OMDoubleBufferFlushThread] INFO  om.OmSnapshotManager (OmSnapshotManager.java:createOmSnapshotCheckpoint(438)) - Created checkpoint : /home/runner/work/ozone/ozone/hadoop-ozone/integration-test/target/test-dir/MiniOzoneClusterImpl-3473cb2a-b740-44b6-9b0f-d3bba0659fcf/ozone-meta/db.snapshots/checkpointState/om.db-c6ddec3d-f085-497d-9e4f-e8f28b0548cd for snapshot snap2
2023-06-25 20:37:55,168 [KeyDeletingService#0] WARN  server.ServerUtils (ServerUtils.java:getDBPath(311)) - ozone.om.db.dirs is not configured. We recommend adding this setting. Falling back to ozone.metadata.dirs instead.
2023-06-25 20:37:55,169 [KeyDeletingService#0] INFO  helpers.OmKeyInfo (OmKeyInfo.java:getCodec(71)) - OmKeyInfo.getCodec ignorePipeline = true
2023-06-25 20:37:55,893 [main] INFO  ozone.TestSnapshotDeletingService (TestSnapshotDeletingService.java:assertTableRowCount(558)) - snapshotInfoTable actual row count=2, expectedCount=2
2023-06-25 20:37:55,894 [main] INFO  ozone.TestSnapshotDeletingService (TestSnapshotDeletingService.java:assertTableRowCount(558)) - snapshotRenamedTable actual row count=0, expectedCount=0
2023-06-25 20:37:55,894 [main] INFO  ozone.TestSnapshotDeletingService (TestSnapshotDeletingService.java:assertTableRowCount(558)) - deletedTable actual row count=0, expectedCount=0
2023-06-25 20:37:55,894 [main] INFO  ozone.TestSnapshotDeletingService (TestSnapshotDeletingService.java:assertTableRowCount(558)) - deletedDirectoryTable actual row count=0, expectedCount=0
2023-06-25 20:37:57,631 [main] INFO  ozone.TestSnapshotDeletingService (TestSnapshotDeletingService.java:assertTableRowCount(558)) - deletedTable actual row count=7, expectedCount=7
2023-06-25 20:37:57,634 [OM StateMachine ApplyTransaction Thread - 0] INFO  snapshot.OMSnapshotCreateRequest (OMSnapshotCreateRequest.java:validateAndUpdateCache(193)) - Created snapshot: 'snap3' with snapshotId: '7b395cb4-c54f-416a-a991-a975c92f94de' under path 'vol1/bucket2'
2023-06-25 20:37:57,636 [main] INFO  ozone.TestSnapshotDeletingService (TestSnapshotDeletingService.java:assertTableRowCount(558)) - snapshotInfoTable actual row count=2, expectedCount=3
2023-06-25 20:37:57,669 [OMDoubleBufferFlushThread] INFO  db.RDBCheckpointManager (RDBCheckpointManager.java:createCheckpoint(89)) - Created checkpoint in rocksDB at /home/runner/work/ozone/ozone/hadoop-ozone/integration-test/target/test-dir/MiniOzoneClusterImpl-3473cb2a-b740-44b6-9b0f-d3bba0659fcf/ozone-meta/db.snapshots/checkpointState/om.db-7b395cb4-c54f-416a-a991-a975c92f94de in 33 milliseconds
2023-06-25 20:37:57,670 [OMDoubleBufferFlushThread] INFO  db.RDBCheckpointUtils (RDBCheckpointUtils.java:waitForCheckpointDirectoryExist(59)) - Waited for 1 milliseconds for checkpoint directory /home/runner/work/ozone/ozone/hadoop-ozone/integration-test/target/test-dir/MiniOzoneClusterImpl-3473cb2a-b740-44b6-9b0f-d3bba0659fcf/ozone-meta/db.snapshots/checkpointState/om.db-7b395cb4-c54f-416a-a991-a975c92f94de availability.
2023-06-25 20:37:57,671 [OMDoubleBufferFlushThread] WARN  om.OmSnapshotManager (OmSnapshotManager.java:findEndKeyGivenPrefix(568)) - Took 740395 ns to find endKey. Caller is deleteKeysFromDelKeyTableInSnapshotScope
2023-06-25 20:37:57,673 [OMDoubleBufferFlushThread] INFO  om.OmSnapshotManager (OmSnapshotManager.java:createOmSnapshotCheckpoint(438)) - Created checkpoint : /home/runner/work/ozone/ozone/hadoop-ozone/integration-test/target/test-dir/MiniOzoneClusterImpl-3473cb2a-b740-44b6-9b0f-d3bba0659fcf/ozone-meta/db.snapshots/checkpointState/om.db-7b395cb4-c54f-416a-a991-a975c92f94de for snapshot snap3
2023-06-25 20:37:58,169 [KeyDeletingService#0] WARN  server.ServerUtils (ServerUtils.java:getDBPath(311)) - ozone.om.db.dirs is not configured. We recommend adding this setting. Falling back to ozone.metadata.dirs instead.
2023-06-25 20:37:58,169 [KeyDeletingService#0] INFO  helpers.OmKeyInfo (OmKeyInfo.java:getCodec(71)) - OmKeyInfo.getCodec ignorePipeline = true
2023-06-25 20:37:58,637 [main] INFO  ozone.TestSnapshotDeletingService (TestSnapshotDeletingService.java:assertTableRowCount(558)) - snapshotInfoTable actual row count=3, expectedCount=3
2023-06-25 20:37:58,637 [main] INFO  ozone.TestSnapshotDeletingService (TestSnapshotDeletingService.java:assertTableRowCount(558)) - snapshotRenamedTable actual row count=0, expectedCount=0
2023-06-25 20:37:58,637 [main] INFO  ozone.TestSnapshotDeletingService (TestSnapshotDeletingService.java:assertTableRowCount(558)) - deletedDirectoryTable actual row count=0, expectedCount=0
2023-06-25 20:37:58,638 [main] INFO  ozone.TestSnapshotDeletingService (TestSnapshotDeletingService.java:assertTableRowCount(558)) - deletedTable actual row count=0, expectedCount=0
2023-06-25 20:37:58,639 [main] INFO  ozone.TestSnapshotDeletingService (TestSnapshotDeletingService.java:assertTableRowCount(558)) - fileTable actual row count=11, expectedCount=11
2023-06-25 20:37:58,651 [OM StateMachine ApplyTransaction Thread - 0] INFO  snapshot.OMSnapshotDeleteRequest (OMSnapshotDeleteRequest.java:validateAndUpdateCache(225)) - Deleted snapshot 'snap2' under path 'vol1/bucket2'
2023-06-25 20:37:58,655 [main] INFO  ozone.TestSnapshotDeletingService (TestSnapshotDeletingService.java:assertTableRowCount(558)) - snapshotInfoTable actual row count=3, expectedCount=2
2023-06-25 20:37:58,710 [OM StateMachine ApplyTransaction Thread - 0] INFO  upgrade.AbstractLayoutVersionManager (AbstractLayoutVersionManager.java:init(83)) - Initializing Layout version manager with metadata layout = QUOTA (version = 6), software layout = QUOTA (version = 6)
2023-06-25 20:37:59,656 [main] INFO  ozone.TestSnapshotDeletingService (TestSnapshotDeletingService.java:assertTableRowCount(558)) - snapshotInfoTable actual row count=2, expectedCount=2
2023-06-25 20:37:59,671 [main] INFO  ozone.TestSnapshotDeletingService (TestSnapshotDeletingService.java:assertTableRowCount(558)) - deletedTable actual row count=2, expectedCount=2
2023-06-25 20:37:59,672 [main] INFO  ozone.TestSnapshotDeletingService (TestSnapshotDeletingService.java:assertTableRowCount(558)) - snapshotInfoTable actual row count=2, expectedCount=2
2023-06-25 20:37:59,674 [main] INFO  ozone.TestSnapshotDeletingService (TestSnapshotDeletingService.java:assertTableRowCount(558)) - snapshotRenamedTable actual row count=4, expectedCount=4
2023-06-25 20:37:59,675 [main] INFO  ozone.TestSnapshotDeletingService (TestSnapshotDeletingService.java:assertTableRowCount(558)) - deletedDirectoryTable actual row count=3, expectedCount=3
2023-06-25 20:37:59,677 [main] INFO  ozone.TestSnapshotDeletingService (TestSnapshotDeletingService.java:assertTableRowCount(558)) - deletedTable actual row count=15, expectedCount=15
2023-06-25 20:37:59,679 [main] INFO  ozone.TestSnapshotDeletingService (TestSnapshotDeletingService.java:assertTableRowCount(558)) - snapshotRenamedTable actual row count=0, expectedCount=0
2023-06-25 20:37:59,679 [main] INFO  ozone.TestSnapshotDeletingService (TestSnapshotDeletingService.java:assertTableRowCount(558)) - deletedDirectoryTable actual row count=0, expectedCount=0
2023-06-25 20:37:59,681 [main] INFO  ozone.TestSnapshotDeletingService (TestSnapshotDeletingService.java:assertTableRowCount(558)) - deletedTable actual row count=2, expectedCount=2
2023-06-25 20:37:59,685 [OM StateMachine ApplyTransaction Thread - 0] INFO  snapshot.OMSnapshotDeleteRequest (OMSnapshotDeleteRequest.java:validateAndUpdateCache(225)) - Deleted snapshot 'snap3' under path 'vol1/bucket2'
2023-06-25 20:37:59,687 [main] INFO  ozone.TestSnapshotDeletingService (TestSnapshotDeletingService.java:assertTableRowCount(558)) - snapshotInfoTable actual row count=2, expectedCount=1
2023-06-25 20:37:59,695 [IPC Server handler 17 on default port 15001] INFO  ha.SequenceIdGenerator (SequenceIdGenerator.java:getNextId(128)) - Allocate a batch for delTxnId, change lastId from 0 to 1000.
2023-06-25 20:38:00,184 [OM StateMachine ApplyTransaction Thread - 0] INFO  upgrade.AbstractLayoutVersionManager (AbstractLayoutVersionManager.java:init(83)) - Initializing Layout version manager with metadata layout = QUOTA (version = 6), software layout = QUOTA (version = 6)
2023-06-25 20:38:00,688 [main] INFO  ozone.TestSnapshotDeletingService (TestSnapshotDeletingService.java:assertTableRowCount(558)) - snapshotInfoTable actual row count=1, expectedCount=1
2023-06-25 20:38:00,689 [main] INFO  ozone.TestSnapshotDeletingService (TestSnapshotDeletingService.java:assertTableRowCount(558)) - snapshotRenamedTable actual row count=4, expectedCount=4
2023-06-25 20:38:00,690 [main] INFO  ozone.TestSnapshotDeletingService (TestSnapshotDeletingService.java:assertTableRowCount(558)) - deletedDirectoryTable actual row count=3, expectedCount=3
2023-06-25 20:38:00,744 [main] INFO  ozone.MiniOzoneClusterImpl (MiniOzoneClusterImpl.java:shutdown(443)) - Shutting down the Mini Ozone Cluster
2023-06-25 20:38:00,744 [main] INFO  ozone.MiniOzoneClusterImpl (MiniOzoneClusterImpl.java:stop(460)) - Stopping the Mini Ozone Cluster
2023-06-25 20:38:00,745 [main] INFO  ozone.MiniOzoneClusterImpl (MiniOzoneClusterImpl.java:stopOM(551)) - Stopping the OzoneManager
2023-06-25 20:38:00,745 [main] INFO  om.OzoneManager (OzoneManager.java:stop(2187)) - om1[localhost:15004]: Stopping Ozone Manager
2023-06-25 20:38:00,745 [main] INFO  ipc.Server (Server.java:stop(3501)) - Stopping server on 15004
2023-06-25 20:38:00,751 [IPC Server Responder] INFO  ipc.Server (Server.java:run(1563)) - Stopping IPC Server Responder
2023-06-25 20:38:00,752 [IPC Server listener on 15004] INFO  ipc.Server (Server.java:run(1430)) - Stopping IPC Server listener on 15004
2023-06-25 20:38:00,755 [main] INFO  server.RaftServer (RaftServerProxy.java:lambda$close$6(416)) - om1: close
2023-06-25 20:38:00,755 [om1-impl-thread1] INFO  server.RaftServer$Division (RaftServerImpl.java:lambda$close$4(466)) - om1@group-C5BA1605619E: shutdown
2023-06-25 20:38:00,756 [om1-impl-thread1] INFO  util.JmxRegister (JmxRegister.java:unregister(73)) - Successfully un-registered JMX Bean with object name Ratis:service=RaftServer,group=group-C5BA1605619E,id=om1
2023-06-25 20:38:00,756 [om1-impl-thread1] INFO  impl.RoleInfo (RoleInfo.java:shutdownLeaderState(93)) - om1: shutdown om1@group-C5BA1605619E-LeaderStateImpl
2023-06-25 20:38:00,756 [om1-impl-thread1] INFO  impl.PendingRequests (PendingRequests.java:sendNotLeaderResponses(289)) - om1@group-C5BA1605619E-PendingRequests: sendNotLeaderResponses
2023-06-25 20:38:00,761 [om1@group-C5BA1605619E-StateMachineUpdater] INFO  ratis.OzoneManagerStateMachine (OzoneManagerStateMachine.java:takeSnapshot(479)) - Current Snapshot Index (t:1, i:224)
2023-06-25 20:38:00,762 [om1-impl-thread1] INFO  impl.StateMachineUpdater (StateMachineUpdater.java:stopAndJoin(155)) - om1@group-C5BA1605619E-StateMachineUpdater: set stopIndex = 224
2023-06-25 20:38:00,762 [main] INFO  server.GrpcService (GrpcService.java:closeImpl(311)) - om1: shutdown server GrpcServerProtocolService now
2023-06-25 20:38:00,789 [main] INFO  server.GrpcService (GrpcService.java:closeImpl(320)) - om1: shutdown server GrpcServerProtocolService successfully
2023-06-25 20:38:00,790 [om1@group-C5BA1605619E-StateMachineUpdater] INFO  impl.StateMachineUpdater (StateMachineUpdater.java:takeSnapshot(291)) - om1@group-C5BA1605619E-StateMachineUpdater: Took a snapshot at index 224
2023-06-25 20:38:00,791 [om1@group-C5BA1605619E-StateMachineUpdater] INFO  impl.StateMachineUpdater (StateMachineUpdater.java:lambda$new$0(97)) - om1@group-C5BA1605619E-StateMachineUpdater: snapshotIndex: updateIncreasingly -1 -> 224
2023-06-25 20:38:00,791 [om1@group-C5BA1605619E-StateMachineUpdater] INFO  ratis.OzoneManagerStateMachine (OzoneManagerStateMachine.java:close(533)) - StateMachine has shutdown. Shutdown OzoneManager if not already shutdown.
2023-06-25 20:38:00,791 [om1@group-C5BA1605619E-StateMachineUpdater] INFO  ratis.OzoneManagerDoubleBuffer (OzoneManagerDoubleBuffer.java:stopDaemon(551)) - Stopping OMDoubleBuffer flush thread
2023-06-25 20:38:00,792 [OMDoubleBufferFlushThread] INFO  ratis.OzoneManagerDoubleBuffer (OzoneManagerDoubleBuffer.java:canFlush(638)) - OMDoubleBuffer flush thread OMDoubleBufferFlushThread is interrupted and will exit.
2023-06-25 20:38:00,794 [om1-impl-thread1] INFO  server.RaftServer$Division (ServerState.java:close(472)) - om1@group-C5BA1605619E: closes. applyIndex: 224
2023-06-25 20:38:00,801 [Thread-775] INFO  rocksdiff.RocksDBCheckpointDiffer (RocksDBCheckpointDiffer.java:onCompactionCompleted(527)) - Skipped the compaction entry. Compaction input files: [/home/runner/work/ozone/ozone/hadoop-ozone/integration-test/target/test-dir/MiniOzoneClusterImpl-3473cb2a-b740-44b6-9b0f-d3bba0659fcf/ozone-meta/om.db/000082.sst, /home/runner/work/ozone/ozone/hadoop-ozone/integration-test/target/test-dir/MiniOzoneClusterImpl-3473cb2a-b740-44b6-9b0f-d3bba0659fcf/ozone-meta/om.db/000073.sst, /home/runner/work/ozone/ozone/hadoop-ozone/integration-test/target/test-dir/MiniOzoneClusterImpl-3473cb2a-b740-44b6-9b0f-d3bba0659fcf/ozone-meta/om.db/000063.sst, /home/runner/work/ozone/ozone/hadoop-ozone/integration-test/target/test-dir/MiniOzoneClusterImpl-3473cb2a-b740-44b6-9b0f-d3bba0659fcf/ozone-meta/om.db/000054.sst] and output files: [/home/runner/work/ozone/ozone/hadoop-ozone/integration-test/target/test-dir/MiniOzoneClusterImpl-3473cb2a-b740-44b6-9b0f-d3bba0659fcf/ozone-meta/om.db/000082.sst, /home/runner/work/ozone/ozone/hadoop-ozone/integration-test/target/test-dir/MiniOzoneClusterImpl-3473cb2a-b740-44b6-9b0f-d3bba0659fcf/ozone-meta/om.db/000073.sst, /home/runner/work/ozone/ozone/hadoop-ozone/integration-test/target/test-dir/MiniOzoneClusterImpl-3473cb2a-b740-44b6-9b0f-d3bba0659fcf/ozone-meta/om.db/000063.sst, /home/runner/work/ozone/ozone/hadoop-ozone/integration-test/target/test-dir/MiniOzoneClusterImpl-3473cb2a-b740-44b6-9b0f-d3bba0659fcf/ozone-meta/om.db/000054.sst] are same.
2023-06-25 20:38:01,701 [om1-impl-thread1] INFO  segmented.SegmentedRaftLogWorker (SegmentedRaftLogWorker.java:close(252)) - om1@group-C5BA1605619E-SegmentedRaftLogWorker close()
2023-06-25 20:38:01,703 [JvmPauseMonitor1] INFO  util.JvmPauseMonitor (JvmPauseMonitor.java:run(109)) - JvmPauseMonitor-om1: Stopped
2023-06-25 20:38:01,703 [main] INFO  ratis.OzoneManagerStateMachine (OzoneManagerStateMachine.java:close(533)) - StateMachine has shutdown. Shutdown OzoneManager if not already shutdown.
2023-06-25 20:38:01,703 [main] INFO  ratis.OzoneManagerDoubleBuffer (OzoneManagerDoubleBuffer.java:stopDaemon(560)) - OMDoubleBuffer flush thread is not running.
2023-06-25 20:38:01,705 [main] INFO  utils.BackgroundService (BackgroundService.java:shutdown(141)) - Shutting down service KeyDeletingService
2023-06-25 20:38:01,705 [main] INFO  utils.BackgroundService (BackgroundService.java:shutdown(141)) - Shutting down service KeyDeletingService
2023-06-25 20:38:01,705 [main] INFO  utils.BackgroundService (BackgroundService.java:shutdown(141)) - Shutting down service OpenKeyCleanupService
2023-06-25 20:38:01,706 [main] INFO  utils.BackgroundService (BackgroundService.java:shutdown(141)) - Shutting down service SstFilteringService
2023-06-25 20:38:01,706 [main] INFO  utils.BackgroundService (BackgroundService.java:shutdown(141)) - Shutting down service SnapshotDeletingService
2023-06-25 20:38:01,708 [main] INFO  handler.ContextHandler (ContextHandler.java:doStop(1159)) - Stopped o.e.j.w.WebAppContext@16b6b9ee{ozoneManager,/,null,STOPPED}{file:/home/runner/work/ozone/ozone/hadoop-ozone/integration-test/target/test-classes/webapps/ozoneManager}
2023-06-25 20:38:01,712 [main] INFO  server.AbstractConnector (AbstractConnector.java:doStop(383)) - Stopped ServerConnector@42f16e74{HTTP/1.1, (http/1.1)}{0.0.0.0:15005}
2023-06-25 20:38:01,712 [main] INFO  server.session (HouseKeeper.java:stopScavenging(149)) - node0 Stopped scavenging
2023-06-25 20:38:01,713 [main] INFO  handler.ContextHandler (ContextHandler.java:doStop(1159)) - Stopped o.e.j.s.ServletContextHandler@5ed13b85{static,/static,file:///home/runner/work/ozone/ozone/hadoop-ozone/integration-test/target/test-classes/webapps/static,STOPPED}
2023-06-25 20:38:01,713 [main] INFO  handler.ContextHandler (ContextHandler.java:doStop(1159)) - Stopped o.e.j.s.ServletContextHandler@65377a33{logs,/logs,file:///home/runner/work/ozone/ozone/hadoop-ozone/integration-test/target/log,STOPPED}
2023-06-25 20:38:01,721 [main] INFO  snapshot.SnapshotDiffManager (SnapshotDiffManager.java:closeExecutorService(1630)) - Shutting down executorService: 'SnapDiffExecutor'
2023-06-25 20:38:01,721 [main] INFO  snapshot.SnapshotDiffManager (SnapshotDiffManager.java:closeExecutorService(1630)) - Shutting down executorService: 'SstDumpToolExecutor'
2023-06-25 20:38:01,727 [main] INFO  utils.BackgroundService (BackgroundService.java:shutdown(141)) - Shutting down service SnapshotDiffCleanupService
2023-06-25 20:38:01,729 [main] INFO  ozone.MiniOzoneClusterImpl (MiniOzoneClusterImpl.java:stopDatanodes(528)) - Stopping the HddsDatanodes
2023-06-25 20:38:01,735 [main] INFO  ozoneimpl.OzoneContainer (OzoneContainer.java:stop(441)) - Attempting to stop container services.
2023-06-25 20:38:01,739 [main] INFO  server.RaftServer (RaftServerProxy.java:lambda$close$6(416)) - 63f38968-75c0-4f5a-b557-2283dcafd01e: close
2023-06-25 20:38:01,740 [63f38968-75c0-4f5a-b557-2283dcafd01e-impl-thread1] INFO  server.RaftServer$Division (RaftServerImpl.java:lambda$close$4(466)) - 63f38968-75c0-4f5a-b557-2283dcafd01e@group-F1F2B89C8AD4: shutdown
2023-06-25 20:38:01,740 [63f38968-75c0-4f5a-b557-2283dcafd01e-impl-thread1] INFO  util.JmxRegister (JmxRegister.java:unregister(73)) - Successfully un-registered JMX Bean with object name Ratis:service=RaftServer,group=group-F1F2B89C8AD4,id=63f38968-75c0-4f5a-b557-2283dcafd01e
2023-06-25 20:38:01,740 [63f38968-75c0-4f5a-b557-2283dcafd01e-impl-thread1] INFO  impl.RoleInfo (RoleInfo.java:shutdownLeaderState(93)) - 63f38968-75c0-4f5a-b557-2283dcafd01e: shutdown 63f38968-75c0-4f5a-b557-2283dcafd01e@group-F1F2B89C8AD4-LeaderStateImpl
2023-06-25 20:38:01,740 [63f38968-75c0-4f5a-b557-2283dcafd01e-impl-thread2] INFO  server.RaftServer$Division (RaftServerImpl.java:lambda$close$4(466)) - 63f38968-75c0-4f5a-b557-2283dcafd01e@group-A2514096448E: shutdown
2023-06-25 20:38:01,740 [63f38968-75c0-4f5a-b557-2283dcafd01e-impl-thread1] INFO  impl.PendingRequests (PendingRequests.java:sendNotLeaderResponses(289)) - 63f38968-75c0-4f5a-b557-2283dcafd01e@group-F1F2B89C8AD4-PendingRequests: sendNotLeaderResponses
2023-06-25 20:38:01,741 [63f38968-75c0-4f5a-b557-2283dcafd01e-impl-thread2] INFO  util.JmxRegister (JmxRegister.java:unregister(73)) - Successfully un-registered JMX Bean with object name Ratis:service=RaftServer,group=group-A2514096448E,id=63f38968-75c0-4f5a-b557-2283dcafd01e
2023-06-25 20:38:01,740 [main] INFO  server.GrpcService (GrpcService.java:closeImpl(311)) - 63f38968-75c0-4f5a-b557-2283dcafd01e: shutdown server org.apache.ratis.grpc.server.GrpcClientProtocolService now
2023-06-25 20:38:01,744 [63f38968-75c0-4f5a-b557-2283dcafd01e-impl-thread2] INFO  impl.RoleInfo (RoleInfo.java:shutdownLeaderState(93)) - 63f38968-75c0-4f5a-b557-2283dcafd01e: shutdown 63f38968-75c0-4f5a-b557-2283dcafd01e@group-A2514096448E-LeaderStateImpl
2023-06-25 20:38:01,744 [63f38968-75c0-4f5a-b557-2283dcafd01e-impl-thread3] INFO  server.RaftServer$Division (RaftServerImpl.java:lambda$close$4(466)) - 63f38968-75c0-4f5a-b557-2283dcafd01e@group-7C98CEF1E43C: shutdown
2023-06-25 20:38:01,743 [ForkJoinPool.commonPool-worker-1] INFO  ozoneimpl.OzoneContainer (OzoneContainer.java:stop(441)) - Attempting to stop container services.
2023-06-25 20:38:01,742 [63f38968-75c0-4f5a-b557-2283dcafd01e@group-F1F2B89C8AD4-StateMachineUpdater] INFO  ratis.ContainerStateMachine (ContainerStateMachine.java:takeSnapshot(330)) - group-F1F2B89C8AD4: Taking a snapshot at:(t:1, i:0) file /home/runner/work/ozone/ozone/hadoop-ozone/integration-test/target/test-dir/MiniOzoneClusterImpl-3473cb2a-b740-44b6-9b0f-d3bba0659fcf/datanode-1/data/ratis/54938dc7-1baa-488d-841d-f1f2b89c8ad4/sm/snapshot.1_0
2023-06-25 20:38:01,744 [63f38968-75c0-4f5a-b557-2283dcafd01e@group-A2514096448E->3181cc3d-c03d-45be-ac89-a7dc70899832-GrpcLogAppender-LogAppenderDaemon] WARN  server.GrpcLogAppender (GrpcLogAppender.java:mayWait(199)) - 63f38968-75c0-4f5a-b557-2283dcafd01e@group-A2514096448E->3181cc3d-c03d-45be-ac89-a7dc70899832-GrpcLogAppender: Wait interrupted by java.lang.InterruptedException
2023-06-25 20:38:01,747 [grpc-default-executor-2] INFO  server.GrpcServerProtocolService (GrpcServerProtocolService.java:onCompleted(155)) - 3181cc3d-c03d-45be-ac89-a7dc70899832: Completed APPEND_ENTRIES, lastRequest: 63f38968-75c0-4f5a-b557-2283dcafd01e->3181cc3d-c03d-45be-ac89-a7dc70899832#1229-t1,previous=(t:1, i:1076),leaderCommit=1076,initializing? true,entries: size=1, first=(t:1, i:1077), METADATAENTRY(c:1076)
2023-06-25 20:38:01,747 [grpc-default-executor-2] INFO  server.GrpcServerProtocolService (GrpcServerProtocolService.java:lambda$onCompleted$5(157)) - 3181cc3d-c03d-45be-ac89-a7dc70899832: Completed APPEND_ENTRIES, lastReply: null
2023-06-25 20:38:01,741 [63f38968-75c0-4f5a-b557-2283dcafd01e-impl-thread1] INFO  impl.StateMachineUpdater (StateMachineUpdater.java:stopAndJoin(155)) - 63f38968-75c0-4f5a-b557-2283dcafd01e@group-F1F2B89C8AD4-StateMachineUpdater: set stopIndex = 0
2023-06-25 20:38:01,747 [grpc-default-executor-5] INFO  server.GrpcServerProtocolService (GrpcServerProtocolService.java:onCompleted(155)) - 3181cc3d-c03d-45be-ac89-a7dc70899832: Completed APPEND_ENTRIES, lastRequest: null
2023-06-25 20:38:01,748 [grpc-default-executor-0] INFO  server.GrpcLogAppender (GrpcLogAppender.java:onCompleted(428)) - 63f38968-75c0-4f5a-b557-2283dcafd01e@group-A2514096448E->3181cc3d-c03d-45be-ac89-a7dc70899832-AppendLogResponseHandler: follower responses appendEntries COMPLETED
2023-06-25 20:38:01,756 [grpc-default-executor-5] INFO  server.GrpcServerProtocolService (GrpcServerProtocolService.java:lambda$onCompleted$5(157)) - 3181cc3d-c03d-45be-ac89-a7dc70899832: Completed APPEND_ENTRIES, lastReply: serverReply {
  requestorId: "63f38968-75c0-4f5a-b557-2283dcafd01e"
  replyId: "3181cc3d-c03d-45be-ac89-a7dc70899832"
  raftGroupId {
    id: "&\312L0\200$G\371\257\373\242Q@\226D\216"
  }
  callId: 1232
  success: true
}
term: 1
nextIndex: 1078
followerCommit: 1077
matchIndex: 18446744073709551615
isHearbeat: true

2023-06-25 20:38:01,757 [grpc-default-executor-0] INFO  leader.FollowerInfo (FollowerInfoImpl.java:lambda$new$0(52)) - 63f38968-75c0-4f5a-b557-2283dcafd01e@group-A2514096448E->3181cc3d-c03d-45be-ac89-a7dc70899832: decreaseNextIndex nextIndex: updateUnconditionally 1078 -> 1077
2023-06-25 20:38:01,758 [grpc-default-executor-5] INFO  server.GrpcLogAppender (GrpcLogAppender.java:onCompleted(428)) - 63f38968-75c0-4f5a-b557-2283dcafd01e@group-A2514096448E->3181cc3d-c03d-45be-ac89-a7dc70899832-AppendLogResponseHandler: follower responses appendEntries COMPLETED
2023-06-25 20:38:01,758 [grpc-default-executor-5] INFO  leader.FollowerInfo (FollowerInfoImpl.java:lambda$new$0(52)) - 63f38968-75c0-4f5a-b557-2283dcafd01e@group-A2514096448E->3181cc3d-c03d-45be-ac89-a7dc70899832: decreaseNextIndex nextIndex: updateUnconditionally 1077 -> 1076
2023-06-25 20:38:01,762 [ForkJoinPool.commonPool-worker-1] INFO  server.RaftServer (RaftServerProxy.java:lambda$close$6(416)) - dc38f854-6bce-4a40-ab3d-29959e10d617: close
2023-06-25 20:38:01,762 [dc38f854-6bce-4a40-ab3d-29959e10d617-impl-thread1] INFO  server.RaftServer$Division (RaftServerImpl.java:lambda$close$4(466)) - dc38f854-6bce-4a40-ab3d-29959e10d617@group-0A4994879AE5: shutdown
2023-06-25 20:38:01,762 [dc38f854-6bce-4a40-ab3d-29959e10d617-impl-thread2] INFO  server.RaftServer$Division (RaftServerImpl.java:lambda$close$4(466)) - dc38f854-6bce-4a40-ab3d-29959e10d617@group-A2514096448E: shutdown
2023-06-25 20:38:01,762 [ForkJoinPool.commonPool-worker-1] INFO  server.GrpcService (GrpcService.java:closeImpl(311)) - dc38f854-6bce-4a40-ab3d-29959e10d617: shutdown server org.apache.ratis.grpc.server.GrpcClientProtocolService now
2023-06-25 20:38:01,762 [63f38968-75c0-4f5a-b557-2283dcafd01e@group-A2514096448E->dc38f854-6bce-4a40-ab3d-29959e10d617-GrpcLogAppender-LogAppenderDaemon] WARN  server.GrpcLogAppender (GrpcLogAppender.java:mayWait(199)) - 63f38968-75c0-4f5a-b557-2283dcafd01e@group-A2514096448E->dc38f854-6bce-4a40-ab3d-29959e10d617-GrpcLogAppender: Wait interrupted by java.lang.InterruptedException
2023-06-25 20:38:01,763 [63f38968-75c0-4f5a-b557-2283dcafd01e-impl-thread2] INFO  impl.PendingRequests (PendingRequests.java:sendNotLeaderResponses(289)) - 63f38968-75c0-4f5a-b557-2283dcafd01e@group-A2514096448E-PendingRequests: sendNotLeaderResponses
2023-06-25 20:38:01,766 [63f38968-75c0-4f5a-b557-2283dcafd01e-impl-thread3] INFO  util.JmxRegister (JmxRegister.java:unregister(73)) - Successfully un-registered JMX Bean with object name Ratis:service=RaftServer,group=group-7C98CEF1E43C,id=63f38968-75c0-4f5a-b557-2283dcafd01e
2023-06-25 20:38:01,766 [63f38968-75c0-4f5a-b557-2283dcafd01e-impl-thread3] INFO  impl.RoleInfo (RoleInfo.java:shutdownFollowerState(110)) - 63f38968-75c0-4f5a-b557-2283dcafd01e: shutdown 63f38968-75c0-4f5a-b557-2283dcafd01e@group-7C98CEF1E43C-FollowerState
2023-06-25 20:38:01,767 [63f38968-75c0-4f5a-b557-2283dcafd01e-impl-thread2] INFO  impl.StateMachineUpdater (StateMachineUpdater.java:stopAndJoin(155)) - 63f38968-75c0-4f5a-b557-2283dcafd01e@group-A2514096448E-StateMachineUpdater: set stopIndex = 1077
2023-06-25 20:38:01,767 [63f38968-75c0-4f5a-b557-2283dcafd01e@group-7C98CEF1E43C-FollowerState] INFO  impl.FollowerState (FollowerState.java:run(152)) - 63f38968-75c0-4f5a-b557-2283dcafd01e@group-7C98CEF1E43C-FollowerState was interrupted
2023-06-25 20:38:01,767 [63f38968-75c0-4f5a-b557-2283dcafd01e-impl-thread3] INFO  impl.StateMachineUpdater (StateMachineUpdater.java:stopAndJoin(155)) - 63f38968-75c0-4f5a-b557-2283dcafd01e@group-7C98CEF1E43C-StateMachineUpdater: set stopIndex = 1007
2023-06-25 20:38:01,767 [63f38968-75c0-4f5a-b557-2283dcafd01e@group-A2514096448E-StateMachineUpdater] INFO  ratis.ContainerStateMachine (ContainerStateMachine.java:takeSnapshot(330)) - group-A2514096448E: Taking a snapshot at:(t:1, i:1077) file /home/runner/work/ozone/ozone/hadoop-ozone/integration-test/target/test-dir/MiniOzoneClusterImpl-3473cb2a-b740-44b6-9b0f-d3bba0659fcf/datanode-1/data/ratis/26ca4c30-8024-47f9-affb-a2514096448e/sm/snapshot.1_1077
2023-06-25 20:38:01,767 [63f38968-75c0-4f5a-b557-2283dcafd01e@group-7C98CEF1E43C-StateMachineUpdater] INFO  ratis.ContainerStateMachine (ContainerStateMachine.java:takeSnapshot(330)) - group-7C98CEF1E43C: Taking a snapshot at:(t:1, i:1007) file /home/runner/work/ozone/ozone/hadoop-ozone/integration-test/target/test-dir/MiniOzoneClusterImpl-3473cb2a-b740-44b6-9b0f-d3bba0659fcf/datanode-1/data/ratis/e0dc6118-b64e-404b-993f-7c98cef1e43c/sm/snapshot.1_1007
2023-06-25 20:38:01,768 [dc38f854-6bce-4a40-ab3d-29959e10d617-impl-thread3] INFO  server.RaftServer$Division (RaftServerImpl.java:lambda$close$4(466)) - dc38f854-6bce-4a40-ab3d-29959e10d617@group-7C98CEF1E43C: shutdown
2023-06-25 20:38:01,768 [grpc-default-executor-5] INFO  server.GrpcServerProtocolService (GrpcServerProtocolService.java:onCompleted(155)) - dc38f854-6bce-4a40-ab3d-29959e10d617: Completed APPEND_ENTRIES, lastRequest: null
2023-06-25 20:38:01,769 [grpc-default-executor-5] INFO  server.GrpcServerProtocolService (GrpcServerProtocolService.java:lambda$onCompleted$5(157)) - dc38f854-6bce-4a40-ab3d-29959e10d617: Completed APPEND_ENTRIES, lastReply: serverReply {
  requestorId: "63f38968-75c0-4f5a-b557-2283dcafd01e"
  replyId: "dc38f854-6bce-4a40-ab3d-29959e10d617"
  raftGroupId {
    id: "&\312L0\200$G\371\257\373\242Q@\226D\216"
  }
  callId: 1201
  success: true
}
term: 1
nextIndex: 1078
followerCommit: 1077
matchIndex: 18446744073709551615
isHearbeat: true

2023-06-25 20:38:01,769 [grpc-default-executor-2] INFO  server.GrpcLogAppender (GrpcLogAppender.java:onCompleted(428)) - 63f38968-75c0-4f5a-b557-2283dcafd01e@group-A2514096448E->dc38f854-6bce-4a40-ab3d-29959e10d617-AppendLogResponseHandler: follower responses appendEntries COMPLETED
2023-06-25 20:38:01,769 [grpc-default-executor-2] INFO  leader.FollowerInfo (FollowerInfoImpl.java:lambda$new$0(52)) - 63f38968-75c0-4f5a-b557-2283dcafd01e@group-A2514096448E->dc38f854-6bce-4a40-ab3d-29959e10d617: decreaseNextIndex nextIndex: updateUnconditionally 1078 -> 1077
2023-06-25 20:38:01,770 [dc38f854-6bce-4a40-ab3d-29959e10d617-impl-thread1] INFO  util.JmxRegister (JmxRegister.java:unregister(73)) - Successfully un-registered JMX Bean with object name Ratis:service=RaftServer,group=group-0A4994879AE5,id=dc38f854-6bce-4a40-ab3d-29959e10d617
2023-06-25 20:38:01,770 [dc38f854-6bce-4a40-ab3d-29959e10d617-impl-thread3] INFO  util.JmxRegister (JmxRegister.java:unregister(73)) - Successfully un-registered JMX Bean with object name Ratis:service=RaftServer,group=group-7C98CEF1E43C,id=dc38f854-6bce-4a40-ab3d-29959e10d617
2023-06-25 20:38:01,770 [dc38f854-6bce-4a40-ab3d-29959e10d617-impl-thread3] INFO  impl.RoleInfo (RoleInfo.java:shutdownFollowerState(110)) - dc38f854-6bce-4a40-ab3d-29959e10d617: shutdown dc38f854-6bce-4a40-ab3d-29959e10d617@group-7C98CEF1E43C-FollowerState
2023-06-25 20:38:01,770 [grpc-default-executor-0] INFO  server.GrpcServerProtocolService (GrpcServerProtocolService.java:onCompleted(155)) - dc38f854-6bce-4a40-ab3d-29959e10d617: Completed APPEND_ENTRIES, lastRequest: 63f38968-75c0-4f5a-b557-2283dcafd01e->dc38f854-6bce-4a40-ab3d-29959e10d617#1195-t1,previous=(t:1, i:1076),leaderCommit=1076,initializing? true,entries: size=1, first=(t:1, i:1077), METADATAENTRY(c:1076)
2023-06-25 20:38:01,770 [grpc-default-executor-0] INFO  server.GrpcServerProtocolService (GrpcServerProtocolService.java:lambda$onCompleted$5(157)) - dc38f854-6bce-4a40-ab3d-29959e10d617: Completed APPEND_ENTRIES, lastReply: null
2023-06-25 20:38:01,770 [dc38f854-6bce-4a40-ab3d-29959e10d617@group-7C98CEF1E43C-StateMachineUpdater] INFO  ratis.ContainerStateMachine (ContainerStateMachine.java:takeSnapshot(330)) - group-7C98CEF1E43C: Taking a snapshot at:(t:1, i:1007) file /home/runner/work/ozone/ozone/hadoop-ozone/integration-test/target/test-dir/MiniOzoneClusterImpl-3473cb2a-b740-44b6-9b0f-d3bba0659fcf/datanode-0/data/ratis/e0dc6118-b64e-404b-993f-7c98cef1e43c/sm/snapshot.1_1007
2023-06-25 20:38:01,770 [dc38f854-6bce-4a40-ab3d-29959e10d617-impl-thread1] INFO  impl.RoleInfo (RoleInfo.java:shutdownLeaderState(93)) - dc38f854-6bce-4a40-ab3d-29959e10d617: shutdown dc38f854-6bce-4a40-ab3d-29959e10d617@group-0A4994879AE5-LeaderStateImpl
2023-06-25 20:38:01,770 [dc38f854-6bce-4a40-ab3d-29959e10d617-impl-thread2] INFO  util.JmxRegister (JmxRegister.java:unregister(73)) - Successfully un-registered JMX Bean with object name Ratis:service=RaftServer,group=group-A2514096448E,id=dc38f854-6bce-4a40-ab3d-29959e10d617
2023-06-25 20:38:01,770 [dc38f854-6bce-4a40-ab3d-29959e10d617-impl-thread1] INFO  impl.PendingRequests (PendingRequests.java:sendNotLeaderResponses(289)) - dc38f854-6bce-4a40-ab3d-29959e10d617@group-0A4994879AE5-PendingRequests: sendNotLeaderResponses
2023-06-25 20:38:01,770 [dc38f854-6bce-4a40-ab3d-29959e10d617-impl-thread2] INFO  impl.RoleInfo (RoleInfo.java:shutdownFollowerState(110)) - dc38f854-6bce-4a40-ab3d-29959e10d617: shutdown dc38f854-6bce-4a40-ab3d-29959e10d617@group-A2514096448E-FollowerState
2023-06-25 20:38:01,770 [dc38f854-6bce-4a40-ab3d-29959e10d617-impl-thread2] INFO  impl.StateMachineUpdater (StateMachineUpdater.java:stopAndJoin(155)) - dc38f854-6bce-4a40-ab3d-29959e10d617@group-A2514096448E-StateMachineUpdater: set stopIndex = 1077
2023-06-25 20:38:01,770 [dc38f854-6bce-4a40-ab3d-29959e10d617-impl-thread1] INFO  impl.StateMachineUpdater (StateMachineUpdater.java:stopAndJoin(155)) - dc38f854-6bce-4a40-ab3d-29959e10d617@group-0A4994879AE5-StateMachineUpdater: set stopIndex = 0
2023-06-25 20:38:01,770 [dc38f854-6bce-4a40-ab3d-29959e10d617@group-7C98CEF1E43C-FollowerState] INFO  impl.FollowerState (FollowerState.java:run(152)) - dc38f854-6bce-4a40-ab3d-29959e10d617@group-7C98CEF1E43C-FollowerState was interrupted
2023-06-25 20:38:01,772 [dc38f854-6bce-4a40-ab3d-29959e10d617@group-A2514096448E-FollowerState] INFO  impl.FollowerState (FollowerState.java:run(152)) - dc38f854-6bce-4a40-ab3d-29959e10d617@group-A2514096448E-FollowerState was interrupted
2023-06-25 20:38:01,772 [dc38f854-6bce-4a40-ab3d-29959e10d617@group-A2514096448E-StateMachineUpdater] INFO  ratis.ContainerStateMachine (ContainerStateMachine.java:takeSnapshot(330)) - group-A2514096448E: Taking a snapshot at:(t:1, i:1077) file /home/runner/work/ozone/ozone/hadoop-ozone/integration-test/target/test-dir/MiniOzoneClusterImpl-3473cb2a-b740-44b6-9b0f-d3bba0659fcf/datanode-0/data/ratis/26ca4c30-8024-47f9-affb-a2514096448e/sm/snapshot.1_1077
2023-06-25 20:38:01,772 [dc38f854-6bce-4a40-ab3d-29959e10d617@group-0A4994879AE5-StateMachineUpdater] INFO  ratis.ContainerStateMachine (ContainerStateMachine.java:takeSnapshot(330)) - group-0A4994879AE5: Taking a snapshot at:(t:1, i:0) file /home/runner/work/ozone/ozone/hadoop-ozone/integration-test/target/test-dir/MiniOzoneClusterImpl-3473cb2a-b740-44b6-9b0f-d3bba0659fcf/datanode-0/data/ratis/7b6544a9-59c4-45aa-a31d-0a4994879ae5/sm/snapshot.1_0
2023-06-25 20:38:01,773 [grpc-default-executor-2] INFO  server.GrpcLogAppender (GrpcLogAppender.java:onCompleted(428)) - 63f38968-75c0-4f5a-b557-2283dcafd01e@group-A2514096448E->dc38f854-6bce-4a40-ab3d-29959e10d617-AppendLogResponseHandler: follower responses appendEntries COMPLETED
2023-06-25 20:38:01,774 [grpc-default-executor-2] INFO  leader.FollowerInfo (FollowerInfoImpl.java:lambda$new$0(52)) - 63f38968-75c0-4f5a-b557-2283dcafd01e@group-A2514096448E->dc38f854-6bce-4a40-ab3d-29959e10d617: decreaseNextIndex nextIndex: updateUnconditionally 1077 -> 1076
2023-06-25 20:38:01,770 [dc38f854-6bce-4a40-ab3d-29959e10d617-impl-thread3] INFO  impl.StateMachineUpdater (StateMachineUpdater.java:stopAndJoin(155)) - dc38f854-6bce-4a40-ab3d-29959e10d617@group-7C98CEF1E43C-StateMachineUpdater: set stopIndex = 1007
2023-06-25 20:38:01,775 [Thread-803] INFO  server.GrpcServerProtocolClient (GrpcServerProtocolClient.java:close(103)) - 3181cc3d-c03d-45be-ac89-a7dc70899832 Close channels
2023-06-25 20:38:01,775 [Thread-804] INFO  server.GrpcServerProtocolClient (GrpcServerProtocolClient.java:close(103)) - 63f38968-75c0-4f5a-b557-2283dcafd01e Close channels
2023-06-25 20:38:01,782 [Thread-798] INFO  server.GrpcServerProtocolClient (GrpcServerProtocolClient.java:close(103)) - 3181cc3d-c03d-45be-ac89-a7dc70899832 Close channels
2023-06-25 20:38:01,782 [Thread-800] INFO  server.GrpcServerProtocolClient (GrpcServerProtocolClient.java:close(103)) - dc38f854-6bce-4a40-ab3d-29959e10d617 Close channels
2023-06-25 20:38:01,790 [ForkJoinPool.commonPool-worker-0] INFO  ozoneimpl.OzoneContainer (OzoneContainer.java:stop(441)) - Attempting to stop container services.
2023-06-25 20:38:01,791 [ForkJoinPool.commonPool-worker-1] INFO  server.GrpcService (GrpcService.java:closeImpl(320)) - dc38f854-6bce-4a40-ab3d-29959e10d617: shutdown server org.apache.ratis.grpc.server.GrpcClientProtocolService successfully
2023-06-25 20:38:01,791 [ForkJoinPool.commonPool-worker-1] INFO  server.GrpcService (GrpcService.java:closeImpl(311)) - dc38f854-6bce-4a40-ab3d-29959e10d617: shutdown server GrpcServerProtocolService now
2023-06-25 20:38:01,794 [grpc-default-executor-5] WARN  server.GrpcServerProtocolService (LogUtils.java:warn(122)) - dc38f854-6bce-4a40-ab3d-29959e10d617: APPEND_ENTRIES onError, lastRequest: null: org.apache.ratis.thirdparty.io.grpc.StatusRuntimeException: CANCELLED: client cancelled
2023-06-25 20:38:01,809 [grpc-default-executor-2] WARN  server.GrpcServerProtocolService (LogUtils.java:warn(122)) - dc38f854-6bce-4a40-ab3d-29959e10d617: APPEND_ENTRIES onError, lastRequest: 3181cc3d-c03d-45be-ac89-a7dc70899832->dc38f854-6bce-4a40-ab3d-29959e10d617#1157-t1,previous=(t:1, i:1006),leaderCommit=1006,initializing? true,entries: size=1, first=(t:1, i:1007), METADATAENTRY(c:1006): org.apache.ratis.thirdparty.io.grpc.StatusRuntimeException: CANCELLED: client cancelled
2023-06-25 20:38:01,812 [ForkJoinPool.commonPool-worker-0] INFO  server.RaftServer (RaftServerProxy.java:lambda$close$6(416)) - 3181cc3d-c03d-45be-ac89-a7dc70899832: close
2023-06-25 20:38:01,812 [3181cc3d-c03d-45be-ac89-a7dc70899832-impl-thread1] INFO  server.RaftServer$Division (RaftServerImpl.java:lambda$close$4(466)) - 3181cc3d-c03d-45be-ac89-a7dc70899832@group-8B0547138AC8: shutdown
2023-06-25 20:38:01,812 [3181cc3d-c03d-45be-ac89-a7dc70899832-impl-thread1] INFO  util.JmxRegister (JmxRegister.java:unregister(73)) - Successfully un-registered JMX Bean with object name Ratis:service=RaftServer,group=group-8B0547138AC8,id=3181cc3d-c03d-45be-ac89-a7dc70899832
2023-06-25 20:38:01,812 [3181cc3d-c03d-45be-ac89-a7dc70899832-impl-thread1] INFO  impl.RoleInfo (RoleInfo.java:shutdownLeaderState(93)) - 3181cc3d-c03d-45be-ac89-a7dc70899832: shutdown 3181cc3d-c03d-45be-ac89-a7dc70899832@group-8B0547138AC8-LeaderStateImpl
2023-06-25 20:38:01,812 [3181cc3d-c03d-45be-ac89-a7dc70899832-impl-thread1] INFO  impl.PendingRequests (PendingRequests.java:sendNotLeaderResponses(289)) - 3181cc3d-c03d-45be-ac89-a7dc70899832@group-8B0547138AC8-PendingRequests: sendNotLeaderResponses
2023-06-25 20:38:01,813 [3181cc3d-c03d-45be-ac89-a7dc70899832-impl-thread1] INFO  impl.StateMachineUpdater (StateMachineUpdater.java:stopAndJoin(155)) - 3181cc3d-c03d-45be-ac89-a7dc70899832@group-8B0547138AC8-StateMachineUpdater: set stopIndex = 0
2023-06-25 20:38:01,813 [3181cc3d-c03d-45be-ac89-a7dc70899832@group-8B0547138AC8-StateMachineUpdater] INFO  ratis.ContainerStateMachine (ContainerStateMachine.java:takeSnapshot(330)) - group-8B0547138AC8: Taking a snapshot at:(t:1, i:0) file /home/runner/work/ozone/ozone/hadoop-ozone/integration-test/target/test-dir/MiniOzoneClusterImpl-3473cb2a-b740-44b6-9b0f-d3bba0659fcf/datanode-2/data/ratis/f1773b77-a87f-4e5c-a21f-8b0547138ac8/sm/snapshot.1_0
2023-06-25 20:38:01,815 [3181cc3d-c03d-45be-ac89-a7dc70899832-impl-thread2] INFO  server.RaftServer$Division (RaftServerImpl.java:lambda$close$4(466)) - 3181cc3d-c03d-45be-ac89-a7dc70899832@group-A2514096448E: shutdown
2023-06-25 20:38:01,815 [3181cc3d-c03d-45be-ac89-a7dc70899832-impl-thread2] INFO  util.JmxRegister (JmxRegister.java:unregister(73)) - Successfully un-registered JMX Bean with object name Ratis:service=RaftServer,group=group-A2514096448E,id=3181cc3d-c03d-45be-ac89-a7dc70899832
2023-06-25 20:38:01,815 [3181cc3d-c03d-45be-ac89-a7dc70899832-impl-thread2] INFO  impl.RoleInfo (RoleInfo.java:shutdownFollowerState(110)) - 3181cc3d-c03d-45be-ac89-a7dc70899832: shutdown 3181cc3d-c03d-45be-ac89-a7dc70899832@group-A2514096448E-FollowerState
2023-06-25 20:38:01,822 [3181cc3d-c03d-45be-ac89-a7dc70899832-impl-thread3] INFO  server.RaftServer$Division (RaftServerImpl.java:lambda$close$4(466)) - 3181cc3d-c03d-45be-ac89-a7dc70899832@group-7C98CEF1E43C: shutdown
2023-06-25 20:38:01,822 [3181cc3d-c03d-45be-ac89-a7dc70899832-impl-thread3] INFO  util.JmxRegister (JmxRegister.java:unregister(73)) - Successfully un-registered JMX Bean with object name Ratis:service=RaftServer,group=group-7C98CEF1E43C,id=3181cc3d-c03d-45be-ac89-a7dc70899832
2023-06-25 20:38:01,822 [3181cc3d-c03d-45be-ac89-a7dc70899832-impl-thread3] INFO  impl.RoleInfo (RoleInfo.java:shutdownLeaderState(93)) - 3181cc3d-c03d-45be-ac89-a7dc70899832: shutdown 3181cc3d-c03d-45be-ac89-a7dc70899832@group-7C98CEF1E43C-LeaderStateImpl
2023-06-25 20:38:01,822 [3181cc3d-c03d-45be-ac89-a7dc70899832@group-7C98CEF1E43C->63f38968-75c0-4f5a-b557-2283dcafd01e-GrpcLogAppender-LogAppenderDaemon] WARN  server.GrpcLogAppender (GrpcLogAppender.java:mayWait(199)) - 3181cc3d-c03d-45be-ac89-a7dc70899832@group-7C98CEF1E43C->63f38968-75c0-4f5a-b557-2283dcafd01e-GrpcLogAppender: Wait interrupted by java.lang.InterruptedException
2023-06-25 20:38:01,822 [main] INFO  server.GrpcService (GrpcService.java:closeImpl(320)) - 63f38968-75c0-4f5a-b557-2283dcafd01e: shutdown server org.apache.ratis.grpc.server.GrpcClientProtocolService successfully
2023-06-25 20:38:01,823 [main] INFO  server.GrpcService (GrpcService.java:closeImpl(311)) - 63f38968-75c0-4f5a-b557-2283dcafd01e: shutdown server GrpcServerProtocolService now
2023-06-25 20:38:01,823 [3181cc3d-c03d-45be-ac89-a7dc70899832-impl-thread3] INFO  impl.PendingRequests (PendingRequests.java:sendNotLeaderResponses(289)) - 3181cc3d-c03d-45be-ac89-a7dc70899832@group-7C98CEF1E43C-PendingRequests: sendNotLeaderResponses
2023-06-25 20:38:01,823 [grpc-default-executor-4] INFO  server.GrpcServerProtocolService (GrpcServerProtocolService.java:onCompleted(155)) - 63f38968-75c0-4f5a-b557-2283dcafd01e: Completed APPEND_ENTRIES, lastRequest: 3181cc3d-c03d-45be-ac89-a7dc70899832->63f38968-75c0-4f5a-b557-2283dcafd01e#1169-t1,previous=(t:1, i:1006),leaderCommit=1006,initializing? true,entries: size=1, first=(t:1, i:1007), METADATAENTRY(c:1006)
2023-06-25 20:38:01,823 [grpc-default-executor-4] INFO  server.GrpcServerProtocolService (GrpcServerProtocolService.java:lambda$onCompleted$5(157)) - 63f38968-75c0-4f5a-b557-2283dcafd01e: Completed APPEND_ENTRIES, lastReply: null
2023-06-25 20:38:01,823 [grpc-default-executor-1] INFO  server.GrpcServerProtocolService (GrpcServerProtocolService.java:onCompleted(155)) - 63f38968-75c0-4f5a-b557-2283dcafd01e: Completed APPEND_ENTRIES, lastRequest: null
2023-06-25 20:38:01,824 [3181cc3d-c03d-45be-ac89-a7dc70899832@group-7C98CEF1E43C->dc38f854-6bce-4a40-ab3d-29959e10d617-GrpcLogAppender-LogAppenderDaemon] WARN  server.GrpcLogAppender (GrpcLogAppender.java:mayWait(199)) - 3181cc3d-c03d-45be-ac89-a7dc70899832@group-7C98CEF1E43C->dc38f854-6bce-4a40-ab3d-29959e10d617-GrpcLogAppender: Wait interrupted by java.lang.InterruptedException
2023-06-25 20:38:01,824 [grpc-default-executor-1] INFO  server.GrpcServerProtocolService (GrpcServerProtocolService.java:lambda$onCompleted$5(157)) - 63f38968-75c0-4f5a-b557-2283dcafd01e: Completed APPEND_ENTRIES, lastReply: serverReply {
  requestorId: "3181cc3d-c03d-45be-ac89-a7dc70899832"
  replyId: "63f38968-75c0-4f5a-b557-2283dcafd01e"
  raftGroupId {
    id: "\340\334a\030\266N@K\231?|\230\316\361\344<"
  }
  callId: 1172
  success: true
}
term: 1
nextIndex: 1008
followerCommit: 1007
matchIndex: 18446744073709551615
isHearbeat: true

2023-06-25 20:38:01,825 [ForkJoinPool.commonPool-worker-0] INFO  server.GrpcService (GrpcService.java:closeImpl(311)) - 3181cc3d-c03d-45be-ac89-a7dc70899832: shutdown server org.apache.ratis.grpc.server.GrpcClientProtocolService now
2023-06-25 20:38:01,825 [grpc-default-executor-2] WARN  server.GrpcLogAppender (LogUtils.java:warn(122)) - 3181cc3d-c03d-45be-ac89-a7dc70899832@group-7C98CEF1E43C->dc38f854-6bce-4a40-ab3d-29959e10d617-AppendLogResponseHandler: Failed appendEntries: org.apache.ratis.thirdparty.io.grpc.StatusRuntimeException: CANCELLED: RST_STREAM closed stream. HTTP/2 error code: CANCEL
2023-06-25 20:38:01,826 [grpc-default-executor-2] INFO  leader.FollowerInfo (FollowerInfoImpl.java:lambda$new$0(52)) - 3181cc3d-c03d-45be-ac89-a7dc70899832@group-7C98CEF1E43C->dc38f854-6bce-4a40-ab3d-29959e10d617: decreaseNextIndex nextIndex: updateUnconditionally 1008 -> 1007
2023-06-25 20:38:01,826 [grpc-default-executor-6] WARN  server.GrpcLogAppender (LogUtils.java:warn(122)) - 3181cc3d-c03d-45be-ac89-a7dc70899832@group-7C98CEF1E43C->dc38f854-6bce-4a40-ab3d-29959e10d617-AppendLogResponseHandler: Failed appendEntries: org.apache.ratis.thirdparty.io.grpc.StatusRuntimeException: CANCELLED: RST_STREAM closed stream. HTTP/2 error code: CANCEL
2023-06-25 20:38:01,826 [grpc-default-executor-6] INFO  leader.FollowerInfo (FollowerInfoImpl.java:lambda$new$0(52)) - 3181cc3d-c03d-45be-ac89-a7dc70899832@group-7C98CEF1E43C->dc38f854-6bce-4a40-ab3d-29959e10d617: decreaseNextIndex nextIndex: updateUnconditionally 1007 -> 1006
2023-06-25 20:38:01,830 [ForkJoinPool.commonPool-worker-1] INFO  server.GrpcService (GrpcService.java:closeImpl(320)) - dc38f854-6bce-4a40-ab3d-29959e10d617: shutdown server GrpcServerProtocolService successfully
2023-06-25 20:38:01,830 [ForkJoinPool.commonPool-worker-1] INFO  server.GrpcService (GrpcService.java:closeImpl(311)) - dc38f854-6bce-4a40-ab3d-29959e10d617: shutdown server org.apache.ratis.grpc.server.GrpcAdminProtocolService now
2023-06-25 20:38:01,842 [3181cc3d-c03d-45be-ac89-a7dc70899832@group-8B0547138AC8-StateMachineUpdater] INFO  ratis.ContainerStateMachine (ContainerStateMachine.java:takeSnapshot(341)) - group-8B0547138AC8: Finished taking a snapshot at:(t:1, i:0) file:/home/runner/work/ozone/ozone/hadoop-ozone/integration-test/target/test-dir/MiniOzoneClusterImpl-3473cb2a-b740-44b6-9b0f-d3bba0659fcf/datanode-2/data/ratis/f1773b77-a87f-4e5c-a21f-8b0547138ac8/sm/snapshot.1_0 took: 29 ms
2023-06-25 20:38:01,842 [dc38f854-6bce-4a40-ab3d-29959e10d617@group-0A4994879AE5-StateMachineUpdater] INFO  ratis.ContainerStateMachine (ContainerStateMachine.java:takeSnapshot(341)) - group-0A4994879AE5: Finished taking a snapshot at:(t:1, i:0) file:/home/runner/work/ozone/ozone/hadoop-ozone/integration-test/target/test-dir/MiniOzoneClusterImpl-3473cb2a-b740-44b6-9b0f-d3bba0659fcf/datanode-0/data/ratis/7b6544a9-59c4-45aa-a31d-0a4994879ae5/sm/snapshot.1_0 took: 70 ms
2023-06-25 20:38:01,844 [3181cc3d-c03d-45be-ac89-a7dc70899832@group-8B0547138AC8-StateMachineUpdater] INFO  impl.StateMachineUpdater (StateMachineUpdater.java:takeSnapshot(291)) - 3181cc3d-c03d-45be-ac89-a7dc70899832@group-8B0547138AC8-StateMachineUpdater: Took a snapshot at index 0
2023-06-25 20:38:01,844 [3181cc3d-c03d-45be-ac89-a7dc70899832@group-8B0547138AC8-StateMachineUpdater] INFO  impl.StateMachineUpdater (StateMachineUpdater.java:lambda$new$0(97)) - 3181cc3d-c03d-45be-ac89-a7dc70899832@group-8B0547138AC8-StateMachineUpdater: snapshotIndex: updateIncreasingly -1 -> 0
2023-06-25 20:38:01,845 [dc38f854-6bce-4a40-ab3d-29959e10d617@group-0A4994879AE5-StateMachineUpdater] INFO  impl.StateMachineUpdater (StateMachineUpdater.java:takeSnapshot(291)) - dc38f854-6bce-4a40-ab3d-29959e10d617@group-0A4994879AE5-StateMachineUpdater: Took a snapshot at index 0
2023-06-25 20:38:01,845 [dc38f854-6bce-4a40-ab3d-29959e10d617@group-0A4994879AE5-StateMachineUpdater] INFO  impl.StateMachineUpdater (StateMachineUpdater.java:lambda$new$0(97)) - dc38f854-6bce-4a40-ab3d-29959e10d617@group-0A4994879AE5-StateMachineUpdater: snapshotIndex: updateIncreasingly -1 -> 0
2023-06-25 20:38:01,845 [63f38968-75c0-4f5a-b557-2283dcafd01e@group-F1F2B89C8AD4-StateMachineUpdater] INFO  ratis.ContainerStateMachine (ContainerStateMachine.java:takeSnapshot(341)) - group-F1F2B89C8AD4: Finished taking a snapshot at:(t:1, i:0) file:/home/runner/work/ozone/ozone/hadoop-ozone/integration-test/target/test-dir/MiniOzoneClusterImpl-3473cb2a-b740-44b6-9b0f-d3bba0659fcf/datanode-1/data/ratis/54938dc7-1baa-488d-841d-f1f2b89c8ad4/sm/snapshot.1_0 took: 104 ms
2023-06-25 20:38:01,845 [63f38968-75c0-4f5a-b557-2283dcafd01e@group-7C98CEF1E43C-StateMachineUpdater] INFO  ratis.ContainerStateMachine (ContainerStateMachine.java:takeSnapshot(341)) - group-7C98CEF1E43C: Finished taking a snapshot at:(t:1, i:1007) file:/home/runner/work/ozone/ozone/hadoop-ozone/integration-test/target/test-dir/MiniOzoneClusterImpl-3473cb2a-b740-44b6-9b0f-d3bba0659fcf/datanode-1/data/ratis/e0dc6118-b64e-404b-993f-7c98cef1e43c/sm/snapshot.1_1007 took: 78 ms
2023-06-25 20:38:01,845 [63f38968-75c0-4f5a-b557-2283dcafd01e@group-7C98CEF1E43C-StateMachineUpdater] INFO  impl.StateMachineUpdater (StateMachineUpdater.java:takeSnapshot(291)) - 63f38968-75c0-4f5a-b557-2283dcafd01e@group-7C98CEF1E43C-StateMachineUpdater: Took a snapshot at index 1007
2023-06-25 20:38:01,845 [63f38968-75c0-4f5a-b557-2283dcafd01e@group-7C98CEF1E43C-StateMachineUpdater] INFO  impl.StateMachineUpdater (StateMachineUpdater.java:lambda$new$0(97)) - 63f38968-75c0-4f5a-b557-2283dcafd01e@group-7C98CEF1E43C-StateMachineUpdater: snapshotIndex: updateIncreasingly -1 -> 1007
2023-06-25 20:38:01,846 [dc38f854-6bce-4a40-ab3d-29959e10d617@group-A2514096448E-StateMachineUpdater] INFO  ratis.ContainerStateMachine (ContainerStateMachine.java:takeSnapshot(341)) - group-A2514096448E: Finished taking a snapshot at:(t:1, i:1077) file:/home/runner/work/ozone/ozone/hadoop-ozone/integration-test/target/test-dir/MiniOzoneClusterImpl-3473cb2a-b740-44b6-9b0f-d3bba0659fcf/datanode-0/data/ratis/26ca4c30-8024-47f9-affb-a2514096448e/sm/snapshot.1_1077 took: 73 ms
2023-06-25 20:38:01,846 [dc38f854-6bce-4a40-ab3d-29959e10d617@group-A2514096448E-StateMachineUpdater] INFO  impl.StateMachineUpdater (StateMachineUpdater.java:takeSnapshot(291)) - dc38f854-6bce-4a40-ab3d-29959e10d617@group-A2514096448E-StateMachineUpdater: Took a snapshot at index 1077
2023-06-25 20:38:01,846 [dc38f854-6bce-4a40-ab3d-29959e10d617@group-A2514096448E-StateMachineUpdater] INFO  impl.StateMachineUpdater (StateMachineUpdater.java:lambda$new$0(97)) - dc38f854-6bce-4a40-ab3d-29959e10d617@group-A2514096448E-StateMachineUpdater: snapshotIndex: updateIncreasingly -1 -> 1077
2023-06-25 20:38:01,846 [dc38f854-6bce-4a40-ab3d-29959e10d617@group-7C98CEF1E43C-StateMachineUpdater] INFO  ratis.ContainerStateMachine (ContainerStateMachine.java:takeSnapshot(341)) - group-7C98CEF1E43C: Finished taking a snapshot at:(t:1, i:1007) file:/home/runner/work/ozone/ozone/hadoop-ozone/integration-test/target/test-dir/MiniOzoneClusterImpl-3473cb2a-b740-44b6-9b0f-d3bba0659fcf/datanode-0/data/ratis/e0dc6118-b64e-404b-993f-7c98cef1e43c/sm/snapshot.1_1007 took: 76 ms
2023-06-25 20:38:01,846 [dc38f854-6bce-4a40-ab3d-29959e10d617@group-7C98CEF1E43C-StateMachineUpdater] INFO  impl.StateMachineUpdater (StateMachineUpdater.java:takeSnapshot(291)) - dc38f854-6bce-4a40-ab3d-29959e10d617@group-7C98CEF1E43C-StateMachineUpdater: Took a snapshot at index 1007
2023-06-25 20:38:01,846 [dc38f854-6bce-4a40-ab3d-29959e10d617@group-7C98CEF1E43C-StateMachineUpdater] INFO  impl.StateMachineUpdater (StateMachineUpdater.java:lambda$new$0(97)) - dc38f854-6bce-4a40-ab3d-29959e10d617@group-7C98CEF1E43C-StateMachineUpdater: snapshotIndex: updateIncreasingly -1 -> 1007
2023-06-25 20:38:01,846 [63f38968-75c0-4f5a-b557-2283dcafd01e@group-A2514096448E-StateMachineUpdater] INFO  ratis.ContainerStateMachine (ContainerStateMachine.java:takeSnapshot(341)) - group-A2514096448E: Finished taking a snapshot at:(t:1, i:1077) file:/home/runner/work/ozone/ozone/hadoop-ozone/integration-test/target/test-dir/MiniOzoneClusterImpl-3473cb2a-b740-44b6-9b0f-d3bba0659fcf/datanode-1/data/ratis/26ca4c30-8024-47f9-affb-a2514096448e/sm/snapshot.1_1077 took: 80 ms
2023-06-25 20:38:01,846 [63f38968-75c0-4f5a-b557-2283dcafd01e@group-A2514096448E-StateMachineUpdater] INFO  impl.StateMachineUpdater (StateMachineUpdater.java:takeSnapshot(291)) - 63f38968-75c0-4f5a-b557-2283dcafd01e@group-A2514096448E-StateMachineUpdater: Took a snapshot at index 1077
2023-06-25 20:38:01,846 [63f38968-75c0-4f5a-b557-2283dcafd01e@group-A2514096448E-StateMachineUpdater] INFO  impl.StateMachineUpdater (StateMachineUpdater.java:lambda$new$0(97)) - 63f38968-75c0-4f5a-b557-2283dcafd01e@group-A2514096448E-StateMachineUpdater: snapshotIndex: updateIncreasingly -1 -> 1077
2023-06-25 20:38:01,847 [63f38968-75c0-4f5a-b557-2283dcafd01e@group-F1F2B89C8AD4-StateMachineUpdater] INFO  impl.StateMachineUpdater (StateMachineUpdater.java:takeSnapshot(291)) - 63f38968-75c0-4f5a-b557-2283dcafd01e@group-F1F2B89C8AD4-StateMachineUpdater: Took a snapshot at index 0
2023-06-25 20:38:01,847 [63f38968-75c0-4f5a-b557-2283dcafd01e@group-F1F2B89C8AD4-StateMachineUpdater] INFO  impl.StateMachineUpdater (StateMachineUpdater.java:lambda$new$0(97)) - 63f38968-75c0-4f5a-b557-2283dcafd01e@group-F1F2B89C8AD4-StateMachineUpdater: snapshotIndex: updateIncreasingly -1 -> 0
2023-06-25 20:38:01,847 [3181cc3d-c03d-45be-ac89-a7dc70899832-impl-thread2] INFO  impl.StateMachineUpdater (StateMachineUpdater.java:stopAndJoin(155)) - 3181cc3d-c03d-45be-ac89-a7dc70899832@group-A2514096448E-StateMachineUpdater: set stopIndex = 1077
2023-06-25 20:38:01,847 [3181cc3d-c03d-45be-ac89-a7dc70899832@group-A2514096448E-FollowerState] INFO  impl.FollowerState (FollowerState.java:run(152)) - 3181cc3d-c03d-45be-ac89-a7dc70899832@group-A2514096448E-FollowerState was interrupted
2023-06-25 20:38:01,866 [63f38968-75c0-4f5a-b557-2283dcafd01e-impl-thread1] INFO  server.RaftServer$Division (ServerState.java:close(472)) - 63f38968-75c0-4f5a-b557-2283dcafd01e@group-F1F2B89C8AD4: closes. applyIndex: 0
2023-06-25 20:38:01,866 [dc38f854-6bce-4a40-ab3d-29959e10d617-impl-thread1] INFO  server.RaftServer$Division (ServerState.java:close(472)) - dc38f854-6bce-4a40-ab3d-29959e10d617@group-0A4994879AE5: closes. applyIndex: 0
2023-06-25 20:38:01,866 [63f38968-75c0-4f5a-b557-2283dcafd01e-impl-thread2] INFO  server.RaftServer$Division (ServerState.java:close(472)) - 63f38968-75c0-4f5a-b557-2283dcafd01e@group-A2514096448E: closes. applyIndex: 1077
2023-06-25 20:38:01,865 [dc38f854-6bce-4a40-ab3d-29959e10d617-impl-thread2] INFO  server.RaftServer$Division (ServerState.java:close(472)) - dc38f854-6bce-4a40-ab3d-29959e10d617@group-A2514096448E: closes. applyIndex: 1077
2023-06-25 20:38:01,865 [dc38f854-6bce-4a40-ab3d-29959e10d617-impl-thread3] INFO  server.RaftServer$Division (ServerState.java:close(472)) - dc38f854-6bce-4a40-ab3d-29959e10d617@group-7C98CEF1E43C: closes. applyIndex: 1007
2023-06-25 20:38:01,865 [63f38968-75c0-4f5a-b557-2283dcafd01e-impl-thread3] INFO  server.RaftServer$Division (ServerState.java:close(472)) - 63f38968-75c0-4f5a-b557-2283dcafd01e@group-7C98CEF1E43C: closes. applyIndex: 1007
2023-06-25 20:38:01,863 [3181cc3d-c03d-45be-ac89-a7dc70899832-impl-thread1] INFO  server.RaftServer$Division (ServerState.java:close(472)) - 3181cc3d-c03d-45be-ac89-a7dc70899832@group-8B0547138AC8: closes. applyIndex: 0
2023-06-25 20:38:01,862 [3181cc3d-c03d-45be-ac89-a7dc70899832@group-7C98CEF1E43C-StateMachineUpdater] INFO  ratis.ContainerStateMachine (ContainerStateMachine.java:takeSnapshot(330)) - group-7C98CEF1E43C: Taking a snapshot at:(t:1, i:1007) file /home/runner/work/ozone/ozone/hadoop-ozone/integration-test/target/test-dir/MiniOzoneClusterImpl-3473cb2a-b740-44b6-9b0f-d3bba0659fcf/datanode-2/data/ratis/e0dc6118-b64e-404b-993f-7c98cef1e43c/sm/snapshot.1_1007
2023-06-25 20:38:01,861 [ForkJoinPool.commonPool-worker-1] INFO  server.GrpcService (GrpcService.java:closeImpl(320)) - dc38f854-6bce-4a40-ab3d-29959e10d617: shutdown server org.apache.ratis.grpc.server.GrpcAdminProtocolService successfully
2023-06-25 20:38:01,861 [3181cc3d-c03d-45be-ac89-a7dc70899832-impl-thread3] INFO  impl.StateMachineUpdater (StateMachineUpdater.java:stopAndJoin(155)) - 3181cc3d-c03d-45be-ac89-a7dc70899832@group-7C98CEF1E43C-StateMachineUpdater: set stopIndex = 1007
2023-06-25 20:38:01,869 [dc38f854-6bce-4a40-ab3d-29959e10d617-NettyServerStreamRpc-bossGroup--thread1] INFO  logging.LoggingHandler (AbstractInternalLogger.java:log(148)) - [id: 0x8051048f, L:/0:0:0:0:0:0:0:0:15015] CLOSE
2023-06-25 20:38:01,870 [dc38f854-6bce-4a40-ab3d-29959e10d617-NettyServerStreamRpc-bossGroup--thread1] INFO  logging.LoggingHandler (AbstractInternalLogger.java:log(148)) - [id: 0x8051048f, L:/0:0:0:0:0:0:0:0:15015] INACTIVE
2023-06-25 20:38:01,871 [dc38f854-6bce-4a40-ab3d-29959e10d617-NettyServerStreamRpc-bossGroup--thread1] INFO  logging.LoggingHandler (AbstractInternalLogger.java:log(148)) - [id: 0x8051048f, L:/0:0:0:0:0:0:0:0:15015] UNREGISTERED
2023-06-25 20:38:01,851 [Thread-815] INFO  server.GrpcServerProtocolClient (GrpcServerProtocolClient.java:close(103)) - 63f38968-75c0-4f5a-b557-2283dcafd01e Close channels
2023-06-25 20:38:01,851 [grpc-default-executor-0] INFO  server.GrpcLogAppender (GrpcLogAppender.java:onError(417)) - 3181cc3d-c03d-45be-ac89-a7dc70899832@group-7C98CEF1E43C->63f38968-75c0-4f5a-b557-2283dcafd01e-GrpcLogAppender is already stopped
2023-06-25 20:38:01,850 [3181cc3d-c03d-45be-ac89-a7dc70899832@group-A2514096448E-StateMachineUpdater] INFO  ratis.ContainerStateMachine (ContainerStateMachine.java:takeSnapshot(330)) - group-A2514096448E: Taking a snapshot at:(t:1, i:1077) file /home/runner/work/ozone/ozone/hadoop-ozone/integration-test/target/test-dir/MiniOzoneClusterImpl-3473cb2a-b740-44b6-9b0f-d3bba0659fcf/datanode-2/data/ratis/26ca4c30-8024-47f9-affb-a2514096448e/sm/snapshot.1_1077
2023-06-25 20:38:01,850 [main] INFO  server.GrpcService (GrpcService.java:closeImpl(320)) - 63f38968-75c0-4f5a-b557-2283dcafd01e: shutdown server GrpcServerProtocolService successfully
2023-06-25 20:38:01,870 [3181cc3d-c03d-45be-ac89-a7dc70899832@group-7C98CEF1E43C-StateMachineUpdater] INFO  ratis.ContainerStateMachine (ContainerStateMachine.java:takeSnapshot(341)) - group-7C98CEF1E43C: Finished taking a snapshot at:(t:1, i:1007) file:/home/runner/work/ozone/ozone/hadoop-ozone/integration-test/target/test-dir/MiniOzoneClusterImpl-3473cb2a-b740-44b6-9b0f-d3bba0659fcf/datanode-2/data/ratis/e0dc6118-b64e-404b-993f-7c98cef1e43c/sm/snapshot.1_1007 took: 9 ms
2023-06-25 20:38:01,872 [3181cc3d-c03d-45be-ac89-a7dc70899832@group-7C98CEF1E43C-StateMachineUpdater] INFO  impl.StateMachineUpdater (StateMachineUpdater.java:takeSnapshot(291)) - 3181cc3d-c03d-45be-ac89-a7dc70899832@group-7C98CEF1E43C-StateMachineUpdater: Took a snapshot at index 1007
2023-06-25 20:38:01,873 [3181cc3d-c03d-45be-ac89-a7dc70899832@group-7C98CEF1E43C-StateMachineUpdater] INFO  impl.StateMachineUpdater (StateMachineUpdater.java:lambda$new$0(97)) - 3181cc3d-c03d-45be-ac89-a7dc70899832@group-7C98CEF1E43C-StateMachineUpdater: snapshotIndex: updateIncreasingly -1 -> 1007
2023-06-25 20:38:01,872 [main] INFO  server.GrpcService (GrpcService.java:closeImpl(311)) - 63f38968-75c0-4f5a-b557-2283dcafd01e: shutdown server org.apache.ratis.grpc.server.GrpcAdminProtocolService now
2023-06-25 20:38:01,874 [3181cc3d-c03d-45be-ac89-a7dc70899832@group-A2514096448E-StateMachineUpdater] INFO  ratis.ContainerStateMachine (ContainerStateMachine.java:takeSnapshot(341)) - group-A2514096448E: Finished taking a snapshot at:(t:1, i:1077) file:/home/runner/work/ozone/ozone/hadoop-ozone/integration-test/target/test-dir/MiniOzoneClusterImpl-3473cb2a-b740-44b6-9b0f-d3bba0659fcf/datanode-2/data/ratis/26ca4c30-8024-47f9-affb-a2514096448e/sm/snapshot.1_1077 took: 23 ms
2023-06-25 20:38:01,874 [3181cc3d-c03d-45be-ac89-a7dc70899832@group-A2514096448E-StateMachineUpdater] INFO  impl.StateMachineUpdater (StateMachineUpdater.java:takeSnapshot(291)) - 3181cc3d-c03d-45be-ac89-a7dc70899832@group-A2514096448E-StateMachineUpdater: Took a snapshot at index 1077
2023-06-25 20:38:01,874 [3181cc3d-c03d-45be-ac89-a7dc70899832@group-A2514096448E-StateMachineUpdater] INFO  impl.StateMachineUpdater (StateMachineUpdater.java:lambda$new$0(97)) - 3181cc3d-c03d-45be-ac89-a7dc70899832@group-A2514096448E-StateMachineUpdater: snapshotIndex: updateIncreasingly -1 -> 1077
2023-06-25 20:38:01,879 [main] INFO  server.GrpcService (GrpcService.java:closeImpl(320)) - 63f38968-75c0-4f5a-b557-2283dcafd01e: shutdown server org.apache.ratis.grpc.server.GrpcAdminProtocolService successfully
2023-06-25 20:38:01,891 [3181cc3d-c03d-45be-ac89-a7dc70899832-impl-thread2] INFO  server.RaftServer$Division (ServerState.java:close(472)) - 3181cc3d-c03d-45be-ac89-a7dc70899832@group-A2514096448E: closes. applyIndex: 1077
2023-06-25 20:38:01,892 [63f38968-75c0-4f5a-b557-2283dcafd01e-NettyServerStreamRpc-bossGroup--thread1] INFO  logging.LoggingHandler (AbstractInternalLogger.java:log(148)) - [id: 0x6b3d66b0, L:/0:0:0:0:0:0:0:0:15024] CLOSE
2023-06-25 20:38:01,892 [Thread-816] INFO  server.GrpcServerProtocolClient (GrpcServerProtocolClient.java:close(103)) - dc38f854-6bce-4a40-ab3d-29959e10d617 Close channels
2023-06-25 20:38:01,892 [63f38968-75c0-4f5a-b557-2283dcafd01e-NettyServerStreamRpc-bossGroup--thread1] INFO  logging.LoggingHandler (AbstractInternalLogger.java:log(148)) - [id: 0x6b3d66b0, L:/0:0:0:0:0:0:0:0:15024] INACTIVE
2023-06-25 20:38:01,892 [63f38968-75c0-4f5a-b557-2283dcafd01e-NettyServerStreamRpc-bossGroup--thread1] INFO  logging.LoggingHandler (AbstractInternalLogger.java:log(148)) - [id: 0x6b3d66b0, L:/0:0:0:0:0:0:0:0:15024] UNREGISTERED
2023-06-25 20:38:01,892 [grpc-default-executor-6] INFO  server.GrpcLogAppender (GrpcLogAppender.java:onError(417)) - 3181cc3d-c03d-45be-ac89-a7dc70899832@group-7C98CEF1E43C->63f38968-75c0-4f5a-b557-2283dcafd01e-GrpcLogAppender is already stopped
2023-06-25 20:38:01,893 [ForkJoinPool.commonPool-worker-0] INFO  server.GrpcService (GrpcService.java:closeImpl(320)) - 3181cc3d-c03d-45be-ac89-a7dc70899832: shutdown server org.apache.ratis.grpc.server.GrpcClientProtocolService successfully
2023-06-25 20:38:01,893 [ForkJoinPool.commonPool-worker-0] INFO  server.GrpcService (GrpcService.java:closeImpl(311)) - 3181cc3d-c03d-45be-ac89-a7dc70899832: shutdown server GrpcServerProtocolService now
2023-06-25 20:38:01,901 [3181cc3d-c03d-45be-ac89-a7dc70899832-impl-thread3] INFO  server.RaftServer$Division (ServerState.java:close(472)) - 3181cc3d-c03d-45be-ac89-a7dc70899832@group-7C98CEF1E43C: closes. applyIndex: 1007
2023-06-25 20:38:01,909 [ForkJoinPool.commonPool-worker-0] INFO  server.GrpcService (GrpcService.java:closeImpl(320)) - 3181cc3d-c03d-45be-ac89-a7dc70899832: shutdown server GrpcServerProtocolService successfully
2023-06-25 20:38:01,909 [ForkJoinPool.commonPool-worker-0] INFO  server.GrpcService (GrpcService.java:closeImpl(311)) - 3181cc3d-c03d-45be-ac89-a7dc70899832: shutdown server org.apache.ratis.grpc.server.GrpcAdminProtocolService now
2023-06-25 20:38:01,916 [ForkJoinPool.commonPool-worker-0] INFO  server.GrpcService (GrpcService.java:closeImpl(320)) - 3181cc3d-c03d-45be-ac89-a7dc70899832: shutdown server org.apache.ratis.grpc.server.GrpcAdminProtocolService successfully
2023-06-25 20:38:01,916 [3181cc3d-c03d-45be-ac89-a7dc70899832-NettyServerStreamRpc-bossGroup--thread1] INFO  logging.LoggingHandler (AbstractInternalLogger.java:log(148)) - [id: 0xe66f466b, L:/0:0:0:0:0:0:0:0:15033] CLOSE
2023-06-25 20:38:01,916 [3181cc3d-c03d-45be-ac89-a7dc70899832-NettyServerStreamRpc-bossGroup--thread1] INFO  logging.LoggingHandler (AbstractInternalLogger.java:log(148)) - [id: 0xe66f466b, L:/0:0:0:0:0:0:0:0:15033] INACTIVE
2023-06-25 20:38:01,916 [3181cc3d-c03d-45be-ac89-a7dc70899832-NettyServerStreamRpc-bossGroup--thread1] INFO  logging.LoggingHandler (AbstractInternalLogger.java:log(148)) - [id: 0xe66f466b, L:/0:0:0:0:0:0:0:0:15033] UNREGISTERED
2023-06-25 20:38:02,153 [63f38968-75c0-4f5a-b557-2283dcafd01e-impl-thread1] INFO  segmented.SegmentedRaftLogWorker (SegmentedRaftLogWorker.java:close(252)) - 63f38968-75c0-4f5a-b557-2283dcafd01e@group-F1F2B89C8AD4-SegmentedRaftLogWorker close()
2023-06-25 20:38:02,429 [63f38968-75c0-4f5a-b557-2283dcafd01e-impl-thread2] INFO  segmented.SegmentedRaftLogWorker (SegmentedRaftLogWorker.java:close(252)) - 63f38968-75c0-4f5a-b557-2283dcafd01e@group-A2514096448E-SegmentedRaftLogWorker close()
2023-06-25 20:38:02,441 [3181cc3d-c03d-45be-ac89-a7dc70899832-impl-thread2] INFO  segmented.SegmentedRaftLogWorker (SegmentedRaftLogWorker.java:close(252)) - 3181cc3d-c03d-45be-ac89-a7dc70899832@group-A2514096448E-SegmentedRaftLogWorker close()
2023-06-25 20:38:02,450 [dc38f854-6bce-4a40-ab3d-29959e10d617-impl-thread2] INFO  segmented.SegmentedRaftLogWorker (SegmentedRaftLogWorker.java:close(252)) - dc38f854-6bce-4a40-ab3d-29959e10d617@group-A2514096448E-SegmentedRaftLogWorker close()
2023-06-25 20:38:02,529 [3181cc3d-c03d-45be-ac89-a7dc70899832-impl-thread1] INFO  segmented.SegmentedRaftLogWorker (SegmentedRaftLogWorker.java:close(252)) - 3181cc3d-c03d-45be-ac89-a7dc70899832@group-8B0547138AC8-SegmentedRaftLogWorker close()
2023-06-25 20:38:02,574 [dc38f854-6bce-4a40-ab3d-29959e10d617-impl-thread1] INFO  segmented.SegmentedRaftLogWorker (SegmentedRaftLogWorker.java:close(252)) - dc38f854-6bce-4a40-ab3d-29959e10d617@group-0A4994879AE5-SegmentedRaftLogWorker close()
2023-06-25 20:38:02,607 [3181cc3d-c03d-45be-ac89-a7dc70899832-impl-thread3] INFO  segmented.SegmentedRaftLogWorker (SegmentedRaftLogWorker.java:close(252)) - 3181cc3d-c03d-45be-ac89-a7dc70899832@group-7C98CEF1E43C-SegmentedRaftLogWorker close()
2023-06-25 20:38:02,609 [JvmPauseMonitor4] INFO  util.JvmPauseMonitor (JvmPauseMonitor.java:run(109)) - JvmPauseMonitor-3181cc3d-c03d-45be-ac89-a7dc70899832: Stopped
2023-06-25 20:38:02,620 [63f38968-75c0-4f5a-b557-2283dcafd01e-impl-thread3] INFO  segmented.SegmentedRaftLogWorker (SegmentedRaftLogWorker.java:close(252)) - 63f38968-75c0-4f5a-b557-2283dcafd01e@group-7C98CEF1E43C-SegmentedRaftLogWorker close()
2023-06-25 20:38:02,620 [dc38f854-6bce-4a40-ab3d-29959e10d617-impl-thread3] INFO  segmented.SegmentedRaftLogWorker (SegmentedRaftLogWorker.java:close(252)) - dc38f854-6bce-4a40-ab3d-29959e10d617@group-7C98CEF1E43C-SegmentedRaftLogWorker close()
2023-06-25 20:38:02,622 [JvmPauseMonitor2] INFO  util.JvmPauseMonitor (JvmPauseMonitor.java:run(109)) - JvmPauseMonitor-dc38f854-6bce-4a40-ab3d-29959e10d617: Stopped
2023-06-25 20:38:02,623 [JvmPauseMonitor3] INFO  util.JvmPauseMonitor (JvmPauseMonitor.java:run(109)) - JvmPauseMonitor-63f38968-75c0-4f5a-b557-2283dcafd01e: Stopped
2023-06-25 20:38:04,641 [main] INFO  utils.DatanodeStoreCache (DatanodeStoreCache.java:shutdownCache(110)) - Skip clearing cache in mini cluster mode. Entries left: [/home/runner/work/ozone/ozone/hadoop-ozone/integration-test/target/test-dir/MiniOzoneClusterImpl-3473cb2a-b740-44b6-9b0f-d3bba0659fcf/datanode-0/data-0/containers/hdds/3473cb2a-b740-44b6-9b0f-d3bba0659fcf/DS-9a1b3176-6a64-49cc-b5c7-ea646e149bf0/container.db, /home/runner/work/ozone/ozone/hadoop-ozone/integration-test/target/test-dir/MiniOzoneClusterImpl-3473cb2a-b740-44b6-9b0f-d3bba0659fcf/datanode-1/data-0/containers/hdds/3473cb2a-b740-44b6-9b0f-d3bba0659fcf/DS-dbdbb201-8c8d-4f58-b267-20f212f3e0e0/container.db, /home/runner/work/ozone/ozone/hadoop-ozone/integration-test/target/test-dir/MiniOzoneClusterImpl-3473cb2a-b740-44b6-9b0f-d3bba0659fcf/datanode-2/data-0/containers/hdds/3473cb2a-b740-44b6-9b0f-d3bba0659fcf/DS-a547b1e3-69ca-4dd1-bbba-098b81a88159/container.db]
2023-06-25 20:38:04,641 [ForkJoinPool.commonPool-worker-0] INFO  utils.DatanodeStoreCache (DatanodeStoreCache.java:shutdownCache(110)) - Skip clearing cache in mini cluster mode. Entries left: [/home/runner/work/ozone/ozone/hadoop-ozone/integration-test/target/test-dir/MiniOzoneClusterImpl-3473cb2a-b740-44b6-9b0f-d3bba0659fcf/datanode-0/data-0/containers/hdds/3473cb2a-b740-44b6-9b0f-d3bba0659fcf/DS-9a1b3176-6a64-49cc-b5c7-ea646e149bf0/container.db, /home/runner/work/ozone/ozone/hadoop-ozone/integration-test/target/test-dir/MiniOzoneClusterImpl-3473cb2a-b740-44b6-9b0f-d3bba0659fcf/datanode-1/data-0/containers/hdds/3473cb2a-b740-44b6-9b0f-d3bba0659fcf/DS-dbdbb201-8c8d-4f58-b267-20f212f3e0e0/container.db, /home/runner/work/ozone/ozone/hadoop-ozone/integration-test/target/test-dir/MiniOzoneClusterImpl-3473cb2a-b740-44b6-9b0f-d3bba0659fcf/datanode-2/data-0/containers/hdds/3473cb2a-b740-44b6-9b0f-d3bba0659fcf/DS-a547b1e3-69ca-4dd1-bbba-098b81a88159/container.db]
2023-06-25 20:38:04,642 [ForkJoinPool.commonPool-worker-1] INFO  utils.DatanodeStoreCache (DatanodeStoreCache.java:shutdownCache(110)) - Skip clearing cache in mini cluster mode. Entries left: [/home/runner/work/ozone/ozone/hadoop-ozone/integration-test/target/test-dir/MiniOzoneClusterImpl-3473cb2a-b740-44b6-9b0f-d3bba0659fcf/datanode-0/data-0/containers/hdds/3473cb2a-b740-44b6-9b0f-d3bba0659fcf/DS-9a1b3176-6a64-49cc-b5c7-ea646e149bf0/container.db, /home/runner/work/ozone/ozone/hadoop-ozone/integration-test/target/test-dir/MiniOzoneClusterImpl-3473cb2a-b740-44b6-9b0f-d3bba0659fcf/datanode-1/data-0/containers/hdds/3473cb2a-b740-44b6-9b0f-d3bba0659fcf/DS-dbdbb201-8c8d-4f58-b267-20f212f3e0e0/container.db, /home/runner/work/ozone/ozone/hadoop-ozone/integration-test/target/test-dir/MiniOzoneClusterImpl-3473cb2a-b740-44b6-9b0f-d3bba0659fcf/datanode-2/data-0/containers/hdds/3473cb2a-b740-44b6-9b0f-d3bba0659fcf/DS-a547b1e3-69ca-4dd1-bbba-098b81a88159/container.db]
2023-06-25 20:38:04,647 [ForkJoinPool.commonPool-worker-1] INFO  utils.DatanodeStoreCache (DatanodeStoreCache.java:removeDB(104)) - Removed db /home/runner/work/ozone/ozone/hadoop-ozone/integration-test/target/test-dir/MiniOzoneClusterImpl-3473cb2a-b740-44b6-9b0f-d3bba0659fcf/datanode-0/data-0/containers/hdds/3473cb2a-b740-44b6-9b0f-d3bba0659fcf/DS-9a1b3176-6a64-49cc-b5c7-ea646e149bf0/container.db from cache
2023-06-25 20:38:04,647 [ForkJoinPool.commonPool-worker-1] INFO  volume.HddsVolume (HddsVolume.java:closeDbStore(437)) - SchemaV3 db is stopped at /home/runner/work/ozone/ozone/hadoop-ozone/integration-test/target/test-dir/MiniOzoneClusterImpl-3473cb2a-b740-44b6-9b0f-d3bba0659fcf/datanode-0/data-0/containers/hdds/3473cb2a-b740-44b6-9b0f-d3bba0659fcf/DS-9a1b3176-6a64-49cc-b5c7-ea646e149bf0/container.db for volume DS-9a1b3176-6a64-49cc-b5c7-ea646e149bf0
2023-06-25 20:38:04,648 [ForkJoinPool.commonPool-worker-1] INFO  utils.BackgroundService (BackgroundService.java:shutdown(141)) - Shutting down service BlockDeletingService
2023-06-25 20:38:04,649 [main] INFO  utils.DatanodeStoreCache (DatanodeStoreCache.java:removeDB(104)) - Removed db /home/runner/work/ozone/ozone/hadoop-ozone/integration-test/target/test-dir/MiniOzoneClusterImpl-3473cb2a-b740-44b6-9b0f-d3bba0659fcf/datanode-1/data-0/containers/hdds/3473cb2a-b740-44b6-9b0f-d3bba0659fcf/DS-dbdbb201-8c8d-4f58-b267-20f212f3e0e0/container.db from cache
2023-06-25 20:38:04,649 [main] INFO  volume.HddsVolume (HddsVolume.java:closeDbStore(437)) - SchemaV3 db is stopped at /home/runner/work/ozone/ozone/hadoop-ozone/integration-test/target/test-dir/MiniOzoneClusterImpl-3473cb2a-b740-44b6-9b0f-d3bba0659fcf/datanode-1/data-0/containers/hdds/3473cb2a-b740-44b6-9b0f-d3bba0659fcf/DS-dbdbb201-8c8d-4f58-b267-20f212f3e0e0/container.db for volume DS-dbdbb201-8c8d-4f58-b267-20f212f3e0e0
2023-06-25 20:38:04,649 [main] INFO  utils.BackgroundService (BackgroundService.java:shutdown(141)) - Shutting down service BlockDeletingService
2023-06-25 20:38:04,650 [ForkJoinPool.commonPool-worker-1] INFO  utils.BackgroundService (BackgroundService.java:shutdown(141)) - Shutting down service StaleRecoveringContainerScrubbingService
2023-06-25 20:38:04,650 [main] INFO  utils.BackgroundService (BackgroundService.java:shutdown(141)) - Shutting down service StaleRecoveringContainerScrubbingService
2023-06-25 20:38:04,651 [main] INFO  statemachine.DatanodeStateMachine (DatanodeStateMachine.java:stopDaemon(613)) - Ozone container server stopped.
2023-06-25 20:38:04,657 [ForkJoinPool.commonPool-worker-1] INFO  statemachine.DatanodeStateMachine (DatanodeStateMachine.java:stopDaemon(613)) - Ozone container server stopped.
2023-06-25 20:38:04,659 [ForkJoinPool.commonPool-worker-0] INFO  utils.DatanodeStoreCache (DatanodeStoreCache.java:removeDB(104)) - Removed db /home/runner/work/ozone/ozone/hadoop-ozone/integration-test/target/test-dir/MiniOzoneClusterImpl-3473cb2a-b740-44b6-9b0f-d3bba0659fcf/datanode-2/data-0/containers/hdds/3473cb2a-b740-44b6-9b0f-d3bba0659fcf/DS-a547b1e3-69ca-4dd1-bbba-098b81a88159/container.db from cache
2023-06-25 20:38:04,660 [ForkJoinPool.commonPool-worker-0] INFO  volume.HddsVolume (HddsVolume.java:closeDbStore(437)) - SchemaV3 db is stopped at /home/runner/work/ozone/ozone/hadoop-ozone/integration-test/target/test-dir/MiniOzoneClusterImpl-3473cb2a-b740-44b6-9b0f-d3bba0659fcf/datanode-2/data-0/containers/hdds/3473cb2a-b740-44b6-9b0f-d3bba0659fcf/DS-a547b1e3-69ca-4dd1-bbba-098b81a88159/container.db for volume DS-a547b1e3-69ca-4dd1-bbba-098b81a88159
2023-06-25 20:38:04,661 [ForkJoinPool.commonPool-worker-0] INFO  utils.BackgroundService (BackgroundService.java:shutdown(141)) - Shutting down service BlockDeletingService
2023-06-25 20:38:04,667 [ForkJoinPool.commonPool-worker-0] INFO  utils.BackgroundService (BackgroundService.java:shutdown(141)) - Shutting down service StaleRecoveringContainerScrubbingService
2023-06-25 20:38:04,677 [ForkJoinPool.commonPool-worker-0] INFO  statemachine.DatanodeStateMachine (DatanodeStateMachine.java:stopDaemon(613)) - Ozone container server stopped.
2023-06-25 20:38:04,680 [main] INFO  handler.ContextHandler (ContextHandler.java:doStop(1159)) - Stopped o.e.j.w.WebAppContext@4a5b9e6b{hddsDatanode,/,null,STOPPED}{jar:file:/home/runner/.m2/repository/org/apache/ozone/hdds-container-service/1.4.0-SNAPSHOT/hdds-container-service-1.4.0-SNAPSHOT.jar!/webapps/hddsDatanode}
2023-06-25 20:38:04,687 [main] INFO  server.AbstractConnector (AbstractConnector.java:doStop(383)) - Stopped ServerConnector@1084b6f7{HTTP/1.1, (http/1.1)}{0.0.0.0:15018}
2023-06-25 20:38:04,687 [main] INFO  server.session (HouseKeeper.java:stopScavenging(149)) - node0 Stopped scavenging
2023-06-25 20:38:04,688 [main] INFO  handler.ContextHandler (ContextHandler.java:doStop(1159)) - Stopped o.e.j.s.ServletContextHandler@2d17c0ab{static,/static,jar:file:/home/runner/.m2/repository/org/apache/ozone/hdds-container-service/1.4.0-SNAPSHOT/hdds-container-service-1.4.0-SNAPSHOT.jar!/webapps/static,STOPPED}
2023-06-25 20:38:04,688 [main] INFO  handler.ContextHandler (ContextHandler.java:doStop(1159)) - Stopped o.e.j.s.ServletContextHandler@66dc812b{logs,/logs,file:///home/runner/work/ozone/ozone/hadoop-ozone/integration-test/target/log,STOPPED}
2023-06-25 20:38:04,690 [main] INFO  ozone.HddsDatanodeClientProtocolServer (HddsDatanodeClientProtocolServer.java:stop(78)) - Stopping the RPC server for Client Protocol
2023-06-25 20:38:04,690 [main] INFO  ipc.Server (Server.java:stop(3501)) - Stopping server on 15019
2023-06-25 20:38:04,685 [ForkJoinPool.commonPool-worker-1] INFO  handler.ContextHandler (ContextHandler.java:doStop(1159)) - Stopped o.e.j.w.WebAppContext@7e66c414{hddsDatanode,/,null,STOPPED}{jar:file:/home/runner/.m2/repository/org/apache/ozone/hdds-container-service/1.4.0-SNAPSHOT/hdds-container-service-1.4.0-SNAPSHOT.jar!/webapps/hddsDatanode}
2023-06-25 20:38:04,693 [IPC Server listener on 15019] INFO  ipc.Server (Server.java:run(1430)) - Stopping IPC Server listener on 15019
2023-06-25 20:38:04,697 [ForkJoinPool.commonPool-worker-1] INFO  server.AbstractConnector (AbstractConnector.java:doStop(383)) - Stopped ServerConnector@4182e699{HTTP/1.1, (http/1.1)}{0.0.0.0:15009}
2023-06-25 20:38:04,701 [ForkJoinPool.commonPool-worker-1] INFO  server.session (HouseKeeper.java:stopScavenging(149)) - node0 Stopped scavenging
2023-06-25 20:38:04,703 [ForkJoinPool.commonPool-worker-1] INFO  handler.ContextHandler (ContextHandler.java:doStop(1159)) - Stopped o.e.j.s.ServletContextHandler@621b4166{static,/static,jar:file:/home/runner/.m2/repository/org/apache/ozone/hdds-container-service/1.4.0-SNAPSHOT/hdds-container-service-1.4.0-SNAPSHOT.jar!/webapps/static,STOPPED}
2023-06-25 20:38:04,704 [ForkJoinPool.commonPool-worker-1] INFO  handler.ContextHandler (ContextHandler.java:doStop(1159)) - Stopped o.e.j.s.ServletContextHandler@4f6dbf03{logs,/logs,file:///home/runner/work/ozone/ozone/hadoop-ozone/integration-test/target/log,STOPPED}
2023-06-25 20:38:04,705 [IPC Server Responder] INFO  ipc.Server (Server.java:run(1563)) - Stopping IPC Server Responder
2023-06-25 20:38:04,706 [ForkJoinPool.commonPool-worker-1] INFO  ozone.HddsDatanodeClientProtocolServer (HddsDatanodeClientProtocolServer.java:stop(78)) - Stopping the RPC server for Client Protocol
2023-06-25 20:38:04,707 [ForkJoinPool.commonPool-worker-1] INFO  ipc.Server (Server.java:stop(3501)) - Stopping server on 15010
2023-06-25 20:38:04,708 [IPC Server listener on 15010] INFO  ipc.Server (Server.java:run(1430)) - Stopping IPC Server listener on 15010
2023-06-25 20:38:04,708 [IPC Server Responder] INFO  ipc.Server (Server.java:run(1563)) - Stopping IPC Server Responder
2023-06-25 20:38:04,712 [ForkJoinPool.commonPool-worker-0] INFO  handler.ContextHandler (ContextHandler.java:doStop(1159)) - Stopped o.e.j.w.WebAppContext@4d612a93{hddsDatanode,/,null,STOPPED}{jar:file:/home/runner/.m2/repository/org/apache/ozone/hdds-container-service/1.4.0-SNAPSHOT/hdds-container-service-1.4.0-SNAPSHOT.jar!/webapps/hddsDatanode}
2023-06-25 20:38:04,713 [ForkJoinPool.commonPool-worker-0] INFO  server.AbstractConnector (AbstractConnector.java:doStop(383)) - Stopped ServerConnector@5d63ce{HTTP/1.1, (http/1.1)}{0.0.0.0:15027}
2023-06-25 20:38:04,713 [ForkJoinPool.commonPool-worker-0] INFO  server.session (HouseKeeper.java:stopScavenging(149)) - node0 Stopped scavenging
2023-06-25 20:38:04,715 [ForkJoinPool.commonPool-worker-0] INFO  handler.ContextHandler (ContextHandler.java:doStop(1159)) - Stopped o.e.j.s.ServletContextHandler@1923037{static,/static,jar:file:/home/runner/.m2/repository/org/apache/ozone/hdds-container-service/1.4.0-SNAPSHOT/hdds-container-service-1.4.0-SNAPSHOT.jar!/webapps/static,STOPPED}
2023-06-25 20:38:04,715 [ForkJoinPool.commonPool-worker-0] INFO  handler.ContextHandler (ContextHandler.java:doStop(1159)) - Stopped o.e.j.s.ServletContextHandler@735c147f{logs,/logs,file:///home/runner/work/ozone/ozone/hadoop-ozone/integration-test/target/log,STOPPED}
2023-06-25 20:38:04,716 [ForkJoinPool.commonPool-worker-0] INFO  ozone.HddsDatanodeClientProtocolServer (HddsDatanodeClientProtocolServer.java:stop(78)) - Stopping the RPC server for Client Protocol
2023-06-25 20:38:04,717 [ForkJoinPool.commonPool-worker-0] INFO  ipc.Server (Server.java:stop(3501)) - Stopping server on 15028
2023-06-25 20:38:04,717 [IPC Server listener on 15028] INFO  ipc.Server (Server.java:run(1430)) - Stopping IPC Server listener on 15028
2023-06-25 20:38:04,718 [IPC Server Responder] INFO  ipc.Server (Server.java:run(1563)) - Stopping IPC Server Responder
2023-06-25 20:38:04,719 [main] INFO  ozone.MiniOzoneClusterImpl (MiniOzoneClusterImpl.java:stopSCM(543)) - Stopping the StorageContainerManager
2023-06-25 20:38:04,719 [main] INFO  server.StorageContainerManager (StorageContainerManager.java:stop(1588)) - Container Balancer is not running.
2023-06-25 20:38:04,720 [main] INFO  server.StorageContainerManager (StorageContainerManager.java:stopReplicationManager(1721)) - Stopping Replication Manager Service.
2023-06-25 20:38:04,720 [main] INFO  replication.ReplicationManager (ReplicationManager.java:stop(319)) - Stopping Replication Monitor Thread.
2023-06-25 20:38:04,720 [main] INFO  server.StorageContainerManager (StorageContainerManager.java:stop(1597)) - Stopping the Datanode Admin Monitor.
2023-06-25 20:38:04,720 [Over Replicated Processor] WARN  replication.UnhealthyReplicationProcessor (UnhealthyReplicationProcessor.java:run(180)) - Over Replicated Processor interrupted. Exiting...
2023-06-25 20:38:04,720 [ReplicationMonitor] INFO  replication.ReplicationManager (ReplicationManager.java:run(918)) - Replication Monitor Thread is stopped
2023-06-25 20:38:04,720 [Under Replicated Processor] WARN  replication.UnhealthyReplicationProcessor (UnhealthyReplicationProcessor.java:run(180)) - Under Replicated Processor interrupted. Exiting...
2023-06-25 20:38:04,720 [main] INFO  server.StorageContainerManager (StorageContainerManager.java:stop(1604)) - Stopping datanode service RPC server
2023-06-25 20:38:04,721 [main] INFO  server.SCMDatanodeProtocolServer (SCMDatanodeProtocolServer.java:stop(424)) - Stopping the RPC server for DataNodes
2023-06-25 20:38:04,721 [main] INFO  ipc.Server (Server.java:stop(3501)) - Stopping server on 15002
2023-06-25 20:38:04,727 [IPC Server Responder] INFO  ipc.Server (Server.java:run(1563)) - Stopping IPC Server Responder
2023-06-25 20:38:04,727 [IPC Server listener on 15002] INFO  ipc.Server (Server.java:run(1430)) - Stopping IPC Server listener on 15002
2023-06-25 20:38:04,814 [SCM Heartbeat Processing Thread - 0] WARN  node.NodeStateManager (NodeStateManager.java:scheduleNextHealthCheck(874)) - Current Thread is interrupted, shutting down HB processing thread for Node Manager.
2023-06-25 20:38:04,815 [main] INFO  server.StorageContainerManager (StorageContainerManager.java:stop(1612)) - Stopping block service RPC server
2023-06-25 20:38:04,816 [main] INFO  server.SCMBlockProtocolServer (SCMBlockProtocolServer.java:stop(161)) - Stopping the RPC server for Block Protocol
2023-06-25 20:38:04,816 [main] INFO  ipc.Server (Server.java:stop(3501)) - Stopping server on 15001
2023-06-25 20:38:04,819 [IPC Server listener on 15001] INFO  ipc.Server (Server.java:run(1430)) - Stopping IPC Server listener on 15001
2023-06-25 20:38:04,820 [IPC Server Responder] INFO  ipc.Server (Server.java:run(1563)) - Stopping IPC Server Responder
2023-06-25 20:38:04,820 [main] INFO  server.StorageContainerManager (StorageContainerManager.java:stop(1619)) - Stopping the StorageContainerLocationProtocol RPC server
2023-06-25 20:38:04,821 [main] INFO  server.SCMClientProtocolServer (SCMClientProtocolServer.java:stop(210)) - Stopping the RPC server for Client Protocol
2023-06-25 20:38:04,821 [main] INFO  ipc.Server (Server.java:stop(3501)) - Stopping server on 15000
2023-06-25 20:38:04,823 [IPC Server Responder] INFO  ipc.Server (Server.java:run(1563)) - Stopping IPC Server Responder
2023-06-25 20:38:04,824 [main] INFO  server.StorageContainerManager (StorageContainerManager.java:stop(1626)) - Stopping Storage Container Manager HTTP server.
2023-06-25 20:38:04,824 [IPC Server listener on 15000] INFO  ipc.Server (Server.java:run(1430)) - Stopping IPC Server listener on 15000
2023-06-25 20:38:04,825 [main] INFO  handler.ContextHandler (ContextHandler.java:doStop(1159)) - Stopped o.e.j.w.WebAppContext@58a06477{scm,/,null,STOPPED}{file:/home/runner/work/ozone/ozone/hadoop-ozone/integration-test/target/test-classes/webapps/scm}
2023-06-25 20:38:04,826 [main] INFO  server.AbstractConnector (AbstractConnector.java:doStop(383)) - Stopped ServerConnector@51c7d472{HTTP/1.1, (http/1.1)}{0.0.0.0:15003}
2023-06-25 20:38:04,826 [main] INFO  server.session (HouseKeeper.java:stopScavenging(149)) - node0 Stopped scavenging
2023-06-25 20:38:04,827 [main] INFO  handler.ContextHandler (ContextHandler.java:doStop(1159)) - Stopped o.e.j.s.ServletContextHandler@57e9cd2{static,/static,file:///home/runner/work/ozone/ozone/hadoop-ozone/integration-test/target/test-classes/webapps/static,STOPPED}
2023-06-25 20:38:04,827 [main] INFO  handler.ContextHandler (ContextHandler.java:doStop(1159)) - Stopped o.e.j.s.ServletContextHandler@373c367{logs,/logs,file:///home/runner/work/ozone/ozone/hadoop-ozone/integration-test/target/log,STOPPED}
2023-06-25 20:38:04,828 [main] INFO  server.StorageContainerManager (StorageContainerManager.java:stop(1634)) - Stopping SCM LayoutVersionManager Service.
2023-06-25 20:38:04,828 [main] INFO  server.StorageContainerManager (StorageContainerManager.java:stop(1646)) - Stopping Block Manager Service.
2023-06-25 20:38:04,828 [main] INFO  utils.BackgroundService (BackgroundService.java:shutdown(141)) - Shutting down service SCMBlockDeletingService
2023-06-25 20:38:04,828 [main] INFO  utils.BackgroundService (BackgroundService.java:shutdown(141)) - Shutting down service SCMBlockDeletingService
2023-06-25 20:38:04,829 [main] INFO  server.StorageContainerManager (StorageContainerManager.java:stop(1666)) - Stopping SCM Event Queue.
2023-06-25 20:38:04,832 [JvmPauseMonitor0] INFO  util.JvmPauseMonitor (JvmPauseMonitor.java:run(109)) - JvmPauseMonitor-08afd20b-3e7c-4450-b55a-e746e2673ce0: Stopped
2023-06-25 20:38:04,832 [main] INFO  server.StorageContainerManager (StorageContainerManager.java:stop(1677)) - Stopping SCM HA services.
2023-06-25 20:38:04,832 [main] INFO  pipeline.BackgroundPipelineCreator (BackgroundPipelineCreator.java:stop(149)) - Stopping RatisPipelineUtilsThread.
2023-06-25 20:38:04,832 [RatisPipelineUtilsThread - 0] WARN  pipeline.BackgroundPipelineCreator (BackgroundPipelineCreator.java:run(180)) - RatisPipelineUtilsThread is interrupted.
2023-06-25 20:38:04,833 [main] INFO  BackgroundPipelineScrubber (BackgroundSCMService.java:stop(131)) - Stopping BackgroundPipelineScrubber Service.
2023-06-25 20:38:04,833 [BackgroundPipelineScrubberThread] WARN  BackgroundPipelineScrubber (BackgroundSCMService.java:run(115)) - BackgroundPipelineScrubber is interrupted, exit
2023-06-25 20:38:04,834 [main] INFO  impl.MetricsSystemImpl (MetricsSystemImpl.java:stop(210)) - Stopping XceiverClientMetrics metrics system...
2023-06-25 20:38:04,836 [prometheus] INFO  impl.MetricsSinkAdapter (MetricsSinkAdapter.java:publishMetricsFromQueue(141)) - prometheus thread interrupted.
2023-06-25 20:38:04,836 [main] INFO  impl.MetricsSystemImpl (MetricsSystemImpl.java:stop(216)) - XceiverClientMetrics metrics system stopped.
2023-06-25 20:38:04,837 [main] WARN  pipeline.BackgroundPipelineCreator (BackgroundPipelineCreator.java:stop(145)) - RatisPipelineUtilsThread is not running, just ignore.
2023-06-25 20:38:04,837 [main] INFO  BackgroundPipelineScrubber (BackgroundSCMService.java:stop(126)) - BackgroundPipelineScrubber Service is not running, skip stop.
2023-06-25 20:38:04,837 [main] INFO  ExpiredContainerReplicaOpScrubber (BackgroundSCMService.java:stop(131)) - Stopping ExpiredContainerReplicaOpScrubber Service.
2023-06-25 20:38:04,837 [main] INFO  utils.BackgroundService (BackgroundService.java:shutdown(141)) - Shutting down service SCMBlockDeletingService
2023-06-25 20:38:04,837 [main] INFO  replication.ReplicationManager (ReplicationManager.java:stop(329)) - Replication Monitor Thread is not running.
2023-06-25 20:38:04,838 [ExpiredContainerReplicaOpScrubberThread] WARN  ExpiredContainerReplicaOpScrubber (BackgroundSCMService.java:run(115)) - ExpiredContainerReplicaOpScrubber is interrupted, exit
2023-06-25 20:38:04,838 [main] WARN  balancer.ContainerBalancer (ContainerBalancer.java:stop(328)) - Cannot stop Container Balancer because it's not running or stopping
2023-06-25 20:38:04,839 [main] INFO  server.StorageContainerManager (StorageContainerManager.java:stop(1712)) - Stopping SCM MetadataStore.
]]></system-out>
  </testcase>
  <testcase name="testMultipleSnapshotKeyReclaim" classname="org.apache.hadoop.fs.ozone.TestSnapshotDeletingService" time="34.202">
    <system-out><![CDATA[2023-06-25 20:38:05,202 [main] WARN  server.ServerUtils (ServerUtils.java:getScmDbDir(155)) - ozone.scm.db.dirs is not configured. We recommend adding this setting. Falling back to ozone.metadata.dirs instead.
2023-06-25 20:38:05,207 [main] WARN  server.ServerUtils (ServerUtils.java:getScmDbDir(155)) - ozone.scm.db.dirs is not configured. We recommend adding this setting. Falling back to ozone.metadata.dirs instead.
2023-06-25 20:38:05,207 [main] INFO  ha.SCMHANodeDetails (SCMHANodeDetails.java:loadSCMHAConfig(210)) - ServiceID for StorageContainerManager is null
2023-06-25 20:38:05,207 [main] INFO  ha.SCMHANodeDetails (SCMHANodeDetails.java:loadSCMHAConfig(215)) - ozone.scm.default.service.id is not defined, falling back to ozone.scm.service.ids to find serviceID for StorageContainerManager if it is HA enabled cluster
2023-06-25 20:38:05,208 [main] WARN  utils.HAUtils (HAUtils.java:getMetaDir(339)) - ozone.scm.db.dirs is not configured. We recommend adding this setting. Falling back to ozone.metadata.dirs instead.
2023-06-25 20:38:05,209 [main] WARN  db.DBStoreBuilder (DBStoreBuilder.java:applyDBDefinition(166)) - ozone.scm.db.dirs is not configured. We recommend adding this setting. Falling back to ozone.metadata.dirs instead.
2023-06-25 20:38:05,345 [main] INFO  net.NodeSchemaLoader (NodeSchemaLoader.java:loadSchemaFromFile(129)) - Loading schema from [jar:file:/home/runner/.m2/repository/org/apache/ozone/hdds-common/1.4.0-SNAPSHOT/hdds-common-1.4.0-SNAPSHOT.jar!/network-topology-default.xml]
2023-06-25 20:38:05,345 [main] INFO  net.NodeSchemaLoader (NodeSchemaLoader.java:loadSchema(176)) - Loading network topology layer schema file
2023-06-25 20:38:05,348 [main] INFO  upgrade.AbstractLayoutVersionManager (AbstractLayoutVersionManager.java:init(83)) - Initializing Layout version manager with metadata layout = HADOOP_PRC_PORTS_IN_DATANODEDETAILS (version = 7), software layout = HADOOP_PRC_PORTS_IN_DATANODEDETAILS (version = 7)
2023-06-25 20:38:05,351 [main] INFO  ha.SequenceIdGenerator (SequenceIdGenerator.java:upgradeToSequenceId(349)) - upgrade localId to 111677748019200000
2023-06-25 20:38:05,352 [main] INFO  ha.SequenceIdGenerator (SequenceIdGenerator.java:upgradeToSequenceId(359)) - upgrade delTxnId to 0
2023-06-25 20:38:05,353 [main] INFO  ha.SequenceIdGenerator (SequenceIdGenerator.java:upgradeToSequenceId(376)) - upgrade containerId to 0
2023-06-25 20:38:05,353 [main] INFO  ha.SequenceIdGenerator (SequenceIdGenerator.java:<init>(220)) - Init the HA SequenceIdGenerator.
2023-06-25 20:38:05,353 [main] WARN  server.ServerUtils (ServerUtils.java:sanitizeUserArgs(80)) - ozone.scm.stale.node.interval value = 300000 is larger than max = 100000 based on the key value of ozone.scm.heartbeat.thread.interval, reset to the max value 100000.
2023-06-25 20:38:05,353 [main] WARN  server.ServerUtils (ServerUtils.java:sanitizeUserArgs(80)) - ozone.scm.stale.node.interval value = 300000 is larger than max = 100000 based on the key value of ozone.scm.heartbeat.thread.interval, reset to the max value 100000.
2023-06-25 20:38:05,354 [main] INFO  node.SCMNodeManager (SCMNodeManager.java:<init>(157)) - Entering startup safe mode.
2023-06-25 20:38:05,355 [main] INFO  algorithms.ContainerPlacementPolicyFactory (ContainerPlacementPolicyFactory.java:getPolicyInternal(86)) - Create container placement policy of type org.apache.hadoop.hdds.scm.container.placement.algorithms.SCMContainerPlacementRackAware
2023-06-25 20:38:05,355 [main] INFO  algorithms.ContainerPlacementPolicyFactory (ContainerPlacementPolicyFactory.java:getPolicyInternal(86)) - Create container placement policy of type org.apache.hadoop.hdds.scm.container.placement.algorithms.SCMContainerPlacementRackScatter
2023-06-25 20:38:05,355 [main] INFO  pipeline.PipelineStateManagerImpl (PipelineStateManagerImpl.java:initialize(78)) - No pipeline exists in current db
2023-06-25 20:38:05,355 [main] INFO  algorithms.LeaderChoosePolicyFactory (LeaderChoosePolicyFactory.java:getPolicy(57)) - Create leader choose policy of type org.apache.hadoop.hdds.scm.pipeline.leader.choose.algorithms.MinLeaderCountChoosePolicy
2023-06-25 20:38:05,356 [main] INFO  algorithms.ContainerPlacementPolicyFactory (ContainerPlacementPolicyFactory.java:getPolicyInternal(86)) - Create container placement policy of type org.apache.hadoop.hdds.scm.container.placement.algorithms.SCMContainerPlacementRackScatter
2023-06-25 20:38:05,356 [main] INFO  ha.SCMServiceManager (SCMServiceManager.java:register(42)) - Registering service BackgroundPipelineCreator.
2023-06-25 20:38:05,356 [main] INFO  pipeline.BackgroundPipelineCreator (BackgroundPipelineCreator.java:start(124)) - Starting RatisPipelineUtilsThread.
2023-06-25 20:38:05,357 [main] INFO  BackgroundPipelineScrubber (BackgroundSCMService.java:start(68)) - Starting BackgroundPipelineScrubber Service.
2023-06-25 20:38:05,358 [main] INFO  ha.SCMServiceManager (SCMServiceManager.java:register(42)) - Registering service BackgroundPipelineScrubber.
2023-06-25 20:38:05,358 [main] INFO  ExpiredContainerReplicaOpScrubber (BackgroundSCMService.java:start(68)) - Starting ExpiredContainerReplicaOpScrubber Service.
2023-06-25 20:38:05,358 [main] INFO  ha.SCMServiceManager (SCMServiceManager.java:register(42)) - Registering service ExpiredContainerReplicaOpScrubber.
2023-06-25 20:38:05,359 [main] INFO  algorithms.PipelineChoosePolicyFactory (PipelineChoosePolicyFactory.java:createPipelineChoosePolicyFromClass(73)) - Create pipeline choose policy of type org.apache.hadoop.hdds.scm.pipeline.choose.algorithms.RandomPipelineChoosePolicy
2023-06-25 20:38:05,360 [main] INFO  ha.SCMServiceManager (SCMServiceManager.java:register(42)) - Registering service SCMBlockDeletingService.
2023-06-25 20:38:05,361 [main] INFO  replication.ReplicationManager (ReplicationManager.java:start(286)) - Starting Replication Monitor Thread.
2023-06-25 20:38:05,362 [main] INFO  ha.SCMServiceManager (SCMServiceManager.java:register(42)) - Registering service ReplicationManager.
2023-06-25 20:38:05,363 [main] INFO  safemode.ContainerSafeModeRule (ContainerSafeModeRule.java:<init>(89)) - containers with one replica threshold count 0
2023-06-25 20:38:05,363 [main] INFO  safemode.HealthyPipelineSafeModeRule (HealthyPipelineSafeModeRule.java:initializeRule(169)) - Total pipeline count is 0, healthy pipeline threshold count is 1
2023-06-25 20:38:05,364 [main] INFO  safemode.OneReplicaPipelineSafeModeRule (OneReplicaPipelineSafeModeRule.java:initializeRule(180)) - Total pipeline count is 0, pipeline's with at least one datanode reported threshold count is 0
2023-06-25 20:38:05,364 [main] INFO  server.StorageContainerManager (StorageContainerManager.java:<init>(420)) - SCM start with adminUsers: [runner]
2023-06-25 20:38:05,365 [main] INFO  ipc.CallQueueManager (CallQueueManager.java:<init>(90)) - Using callQueue: class java.util.concurrent.LinkedBlockingQueue, queueCapacity: 2000, scheduler: class org.apache.hadoop.ipc.DefaultRpcScheduler, ipcBackoff: false.
2023-06-25 20:38:05,366 [Socket Reader #1 for port 15037] INFO  ipc.Server (Server.java:run(1319)) - Starting Socket Reader #1 for port 15037
2023-06-25 20:38:05,371 [ReplicationMonitor] INFO  replication.ReplicationManager (ReplicationManager.java:processAll(361)) - Replication Manager is not ready to run until 3000ms after safemode exit
2023-06-25 20:38:05,371 [Listener at 0.0.0.0/15037] INFO  hdds.HddsUtils (HddsUtils.java:preserveThreadName(848)) - Restoring thread name: main
2023-06-25 20:38:05,371 [main] INFO  ipc.CallQueueManager (CallQueueManager.java:<init>(90)) - Using callQueue: class java.util.concurrent.LinkedBlockingQueue, queueCapacity: 2000, scheduler: class org.apache.hadoop.ipc.DefaultRpcScheduler, ipcBackoff: false.
2023-06-25 20:38:05,373 [Socket Reader #1 for port 15036] INFO  ipc.Server (Server.java:run(1319)) - Starting Socket Reader #1 for port 15036
2023-06-25 20:38:05,375 [Listener at 0.0.0.0/15036] INFO  hdds.HddsUtils (HddsUtils.java:preserveThreadName(848)) - Restoring thread name: main
2023-06-25 20:38:05,375 [main] INFO  ipc.CallQueueManager (CallQueueManager.java:<init>(90)) - Using callQueue: class java.util.concurrent.LinkedBlockingQueue, queueCapacity: 2000, scheduler: class org.apache.hadoop.ipc.DefaultRpcScheduler, ipcBackoff: false.
2023-06-25 20:38:05,376 [Socket Reader #1 for port 15035] INFO  ipc.Server (Server.java:run(1319)) - Starting Socket Reader #1 for port 15035
2023-06-25 20:38:05,377 [Listener at 0.0.0.0/15035] INFO  hdds.HddsUtils (HddsUtils.java:preserveThreadName(848)) - Restoring thread name: main
2023-06-25 20:38:05,384 [main] INFO  ha.SCMServiceManager (SCMServiceManager.java:register(42)) - Registering service ContainerBalancer.
2023-06-25 20:38:05,384 [main] INFO  server.StorageContainerManager (StorageContainerManager.java:<init>(433)) - 
Container Balancer status:
Key                            Value
Running                        false
Container Balancer Configuration values:
Key                                                Value
Threshold                                          10
Max Datanodes to Involve per Iteration(percent)    20
Max Size to Move per Iteration                     500GB
Max Size Entering Target per Iteration             26GB
Max Size Leaving Source per Iteration              26GB

2023-06-25 20:38:05,384 [main] INFO  ha.SCMContext (SCMContext.java:updateSafeModeStatus(228)) - Update SafeModeStatus from SafeModeStatus{safeModeStatus=true, preCheckPassed=false} to SafeModeStatus{safeModeStatus=true, preCheckPassed=false}.
2023-06-25 20:38:05,385 [main] INFO  server.StorageContainerManager (StorageContainerManager.java:start(1487)) - StorageContainerLocationProtocol RPC server is listening at /0.0.0.0:15035
2023-06-25 20:38:05,386 [main] WARN  impl.MetricsConfig (MetricsConfig.java:loadFirst(136)) - Cannot locate configuration: tried hadoop-metrics2-storagecontainermanager.properties,hadoop-metrics2.properties
2023-06-25 20:38:05,391 [main] INFO  impl.MetricsSystemImpl (MetricsSystemImpl.java:startTimer(378)) - Scheduled Metric snapshot period at 10 second(s).
2023-06-25 20:38:05,391 [main] INFO  impl.MetricsSystemImpl (MetricsSystemImpl.java:start(191)) - StorageContainerManager metrics system started
2023-06-25 20:38:05,428 [main] INFO  impl.MetricsSinkAdapter (MetricsSinkAdapter.java:start(204)) - Sink prometheus started
2023-06-25 20:38:05,433 [main] INFO  impl.MetricsSystemImpl (MetricsSystemImpl.java:registerSink(305)) - Registered sink prometheus
2023-06-25 20:38:05,454 [main] INFO  server.SCMClientProtocolServer (SCMClientProtocolServer.java:start(201)) - RPC server for Client  is listening at /0.0.0.0:15035
2023-06-25 20:38:05,455 [IPC Server Responder] INFO  ipc.Server (Server.java:run(1558)) - IPC Server Responder: starting
2023-06-25 20:38:05,456 [IPC Server listener on 15035] INFO  ipc.Server (Server.java:run(1398)) - IPC Server listener on 15035: starting
2023-06-25 20:38:05,461 [main] INFO  server.StorageContainerManager (StorageContainerManager.java:start(1500)) - ScmBlockLocationProtocol RPC server is listening at /0.0.0.0:15036
2023-06-25 20:38:05,462 [main] INFO  server.SCMBlockProtocolServer (SCMBlockProtocolServer.java:start(152)) - RPC server for Block Protocol is listening at /0.0.0.0:15036
2023-06-25 20:38:05,462 [IPC Server Responder] INFO  ipc.Server (Server.java:run(1558)) - IPC Server Responder: starting
2023-06-25 20:38:05,462 [IPC Server listener on 15036] INFO  ipc.Server (Server.java:run(1398)) - IPC Server listener on 15036: starting
2023-06-25 20:38:05,465 [main] INFO  server.SCMDatanodeProtocolServer (SCMDatanodeProtocolServer.java:start(193)) - ScmDatanodeProtocol RPC server for DataNodes is listening at /0.0.0.0:15037
2023-06-25 20:38:05,471 [IPC Server Responder] INFO  ipc.Server (Server.java:run(1558)) - IPC Server Responder: starting
2023-06-25 20:38:05,472 [IPC Server listener on 15037] INFO  ipc.Server (Server.java:run(1398)) - IPC Server listener on 15037: starting
2023-06-25 20:38:05,475 [JvmPauseMonitor5] INFO  util.JvmPauseMonitor (JvmPauseMonitor.java:run(103)) - JvmPauseMonitor-1c5e1a91-a27b-4ad0-8cde-437238ed6236: Started
2023-06-25 20:38:05,476 [main] INFO  http.BaseHttpServer (BaseHttpServer.java:newHttpServer2BuilderForOzone(224)) - Starting Web-server for scm at: http://0.0.0.0:15038
2023-06-25 20:38:05,476 [main] INFO  http.BaseHttpServer (BaseHttpServer.java:<init>(111)) - Hadoop Security Enabled: false Ozone Security Enabled: false Ozone HTTP Security Enabled: false 
2023-06-25 20:38:05,480 [main] WARN  server.AuthenticationFilter (AuthenticationFilter.java:constructSecretProvider(240)) - Unable to initialize FileSignerSecretProvider, falling back to use random secrets. Reason: Could not read signature secret file: /home/runner/hadoop-http-auth-signature-secret
2023-06-25 20:38:05,482 [main] INFO  http.HttpRequestLog (HttpRequestLog.java:getRequestLog(86)) - Http request log for http.requests.scm is not defined
2023-06-25 20:38:05,486 [main] INFO  http.HttpServer2 (HttpServer2.java:addGlobalFilter(1031)) - Added global filter 'safety' (class=org.apache.hadoop.hdds.server.http.HttpServer2$QuotingInputFilter)
2023-06-25 20:38:05,488 [main] INFO  http.HttpServer2 (HttpServer2.java:addFilter(1007)) - Added filter static_user_filter (class=org.apache.hadoop.http.lib.StaticUserWebFilter$StaticUserFilter) to context scm
2023-06-25 20:38:05,488 [main] INFO  http.HttpServer2 (HttpServer2.java:addFilter(1015)) - Added filter static_user_filter (class=org.apache.hadoop.http.lib.StaticUserWebFilter$StaticUserFilter) to context static
2023-06-25 20:38:05,489 [main] INFO  http.HttpServer2 (HttpServer2.java:addFilter(1015)) - Added filter static_user_filter (class=org.apache.hadoop.http.lib.StaticUserWebFilter$StaticUserFilter) to context logs
2023-06-25 20:38:05,490 [main] INFO  http.BaseHttpServer (BaseHttpServer.java:<init>(190)) - HTTP server of scm uses base directory /home/runner/work/ozone/ozone/hadoop-ozone/integration-test/target/test-dir/MiniOzoneClusterImpl-a52b7a0b-0bee-460e-a951-14c7f8ebc071/ozone-meta/webserver
2023-06-25 20:38:05,490 [main] INFO  http.HttpServer2 (HttpServer2.java:bindListener(1250)) - Jetty bound to port 15038
2023-06-25 20:38:05,490 [main] INFO  server.Server (Server.java:doStart(375)) - jetty-9.4.51.v20230217; built: 2023-02-17T08:19:37.309Z; git: b45c405e4544384de066f814ed42ae3dceacdd49; jvm 1.8.0_372-b07
2023-06-25 20:38:05,492 [main] INFO  server.session (DefaultSessionIdManager.java:doStart(334)) - DefaultSessionIdManager workerName=node0
2023-06-25 20:38:05,492 [main] INFO  server.session (DefaultSessionIdManager.java:doStart(339)) - No SessionScavenger set, using defaults
2023-06-25 20:38:05,493 [main] INFO  server.session (HouseKeeper.java:startScavenging(132)) - node0 Scavenging every 660000ms
2023-06-25 20:38:05,493 [main] INFO  handler.ContextHandler (ContextHandler.java:doStart(921)) - Started o.e.j.s.ServletContextHandler@6e3a479f{logs,/logs,file:///home/runner/work/ozone/ozone/hadoop-ozone/integration-test/target/log,AVAILABLE}
2023-06-25 20:38:05,494 [main] INFO  handler.ContextHandler (ContextHandler.java:doStart(921)) - Started o.e.j.s.ServletContextHandler@43d5fa67{static,/static,file:///home/runner/work/ozone/ozone/hadoop-ozone/integration-test/target/test-classes/webapps/static,AVAILABLE}
2023-06-25 20:38:05,498 [main] INFO  handler.ContextHandler (ContextHandler.java:doStart(921)) - Started o.e.j.w.WebAppContext@3763f0bf{scm,/,file:///home/runner/work/ozone/ozone/hadoop-ozone/integration-test/target/test-classes/webapps/scm/,AVAILABLE}{file:/home/runner/work/ozone/ozone/hadoop-ozone/integration-test/target/test-classes/webapps/scm}
2023-06-25 20:38:05,499 [main] INFO  server.AbstractConnector (AbstractConnector.java:doStart(333)) - Started ServerConnector@4bfb522d{HTTP/1.1, (http/1.1)}{0.0.0.0:15038}
2023-06-25 20:38:05,500 [main] INFO  server.Server (Server.java:doStart(415)) - Started @62983ms
2023-06-25 20:38:05,500 [main] WARN  impl.MetricsSystemImpl (MetricsSystemImpl.java:register(279)) - Sink prometheus already exists!
2023-06-25 20:38:05,500 [main] INFO  http.BaseHttpServer (BaseHttpServer.java:updateConnectorAddress(344)) - HTTP server of scm listening at http://0.0.0.0:15038
2023-06-25 20:38:05,501 [main] WARN  server.ServerUtils (ServerUtils.java:getDBPath(311)) - ozone.om.db.dirs is not configured. We recommend adding this setting. Falling back to ozone.metadata.dirs instead.
2023-06-25 20:38:05,504 [main] INFO  ha.OMHANodeDetails (OMHANodeDetails.java:loadOMHAConfig(115)) - ozone.om.internal.service.id is not defined, falling back to ozone.om.service.ids to find serviceID for OzoneManager if it is HA enabled cluster
2023-06-25 20:38:05,504 [main] INFO  ha.OMHANodeDetails (OMHANodeDetails.java:loadOMHAConfig(226)) - Configuration does not have ozone.om.address set. Falling back to the default OM address /127.0.0.1:15039
2023-06-25 20:38:05,505 [main] INFO  ha.OMHANodeDetails (OMHANodeDetails.java:getOMNodeDetailsForNonHA(254)) - OM Service ID is not set. Setting it to the default ID: omServiceIdDefault
2023-06-25 20:38:05,505 [main] INFO  ha.OMHANodeDetails (OMHANodeDetails.java:getOMNodeDetailsForNonHA(261)) - OM Node ID is not set. Setting it to the default ID: om1
2023-06-25 20:38:05,505 [main] WARN  server.ServerUtils (ServerUtils.java:getDBPath(311)) - ozone.om.db.dirs is not configured. We recommend adding this setting. Falling back to ozone.metadata.dirs instead.
2023-06-25 20:38:05,507 [main] INFO  upgrade.AbstractLayoutVersionManager (AbstractLayoutVersionManager.java:init(83)) - Initializing Layout version manager with metadata layout = QUOTA (version = 6), software layout = QUOTA (version = 6)
2023-06-25 20:38:05,668 [main] INFO  reflections.Reflections (Reflections.java:scan(232)) - Reflections took 160 ms to scan 2 urls, producing 184 keys and 505 values [using 2 cores]
2023-06-25 20:38:05,668 [main] INFO  upgrade.OMLayoutVersionManager (OMLayoutVersionManager.java:lambda$0(115)) - Skipping Upgrade Action MockOmUpgradeAction since it has been finalized.
2023-06-25 20:38:05,668 [main] INFO  upgrade.OMLayoutVersionManager (OMLayoutVersionManager.java:lambda$0(115)) - Skipping Upgrade Action QuotaRepairUpgradeAction since it has been finalized.
2023-06-25 20:38:05,669 [main] WARN  server.ServerUtils (ServerUtils.java:getDBPath(311)) - ozone.om.db.dirs is not configured. We recommend adding this setting. Falling back to ozone.metadata.dirs instead.
2023-06-25 20:38:05,670 [main] INFO  proxy.SCMBlockLocationFailoverProxyProvider (SCMBlockLocationFailoverProxyProvider.java:<init>(114)) - Created block location fail-over proxy with 1 nodes: [nodeId=scmNodeId,nodeAddress=/0.0.0.0:15036]
2023-06-25 20:38:05,672 [main] INFO  proxy.SCMBlockLocationFailoverProxyProvider (SCMBlockLocationFailoverProxyProvider.java:<init>(114)) - Created block location fail-over proxy with 1 nodes: [nodeId=scmNodeId,nodeAddress=/0.0.0.0:15036]
2023-06-25 20:38:05,683 [main] INFO  om.OzoneManager (OzoneManager.java:<init>(654)) - OM start with adminUsers: [runner]
2023-06-25 20:38:05,686 [main] WARN  server.ServerUtils (ServerUtils.java:getDBPath(311)) - ozone.om.db.dirs is not configured. We recommend adding this setting. Falling back to ozone.metadata.dirs instead.
2023-06-25 20:38:05,687 [main] INFO  helpers.OmKeyInfo (OmKeyInfo.java:getCodec(71)) - OmKeyInfo.getCodec ignorePipeline = true
2023-06-25 20:38:05,917 [main] INFO  om.OzoneManager (OzoneManager.java:instantiateServices(783)) - S3 Multi-Tenancy is disabled
2023-06-25 20:38:05,917 [main] INFO  om.OmSnapshotManager (OmSnapshotManager.java:<init>(179)) - Ozone filesystem snapshot feature is enabled.
2023-06-25 20:38:05,918 [main] WARN  server.ServerUtils (ServerUtils.java:getDBPath(311)) - ozone.om.snapshot.diff.db.dir is not configured. We recommend adding this setting. Falling back to ozone.metadata.dirs instead.
2023-06-25 20:38:05,944 [main] INFO  snapshot.SnapshotDiffManager (SnapshotDiffManager.java:closeExecutorService(1630)) - Shutting down executorService: 'SstDumpToolExecutor'
2023-06-25 20:38:05,947 [main] INFO  om.OzoneManager (OzoneManager.java:addS3GVolumeToDB(4258)) - Created Volume s3v With Owner runner required for S3Gateway operations.
2023-06-25 20:38:05,947 [main] WARN  server.ServerUtils (ServerUtils.java:getDefaultRatisDirectory(323)) - Storage directory for Ratis is not configured. It is a good idea to map this to an SSD disk. Falling back to ozone.metadata.dirs
2023-06-25 20:38:05,947 [main] WARN  utils.OzoneManagerRatisUtils (OzoneManagerRatisUtils.java:getOMRatisSnapshotDirectory(461)) - ozone.om.ratis.snapshot.dir is not configured. Falling back to ozone.metadata.dirs config
2023-06-25 20:38:05,948 [main] WARN  server.ServerUtils (ServerUtils.java:getDefaultRatisDirectory(323)) - Storage directory for Ratis is not configured. It is a good idea to map this to an SSD disk. Falling back to ozone.metadata.dirs
2023-06-25 20:38:05,951 [main] INFO  ratis.OzoneManagerRatisServer (OzoneManagerRatisServer.java:<init>(163)) - Instantiating OM Ratis server with groupID: omServiceIdDefault and peers: localhost:15042
2023-06-25 20:38:05,952 [main] INFO  ratis.OzoneManagerStateMachine (OzoneManagerStateMachine.java:loadSnapshotInfoFromDB(670)) - LastAppliedIndex is set from TransactionInfo from OM DB as (t:0, i:~)
2023-06-25 20:38:05,952 [main] INFO  server.RaftServer (ConfUtils.java:logGet(46)) - raft.rpc.type = GRPC (default)
2023-06-25 20:38:05,952 [main] INFO  grpc.GrpcConfigKeys (ConfUtils.java:logFallback(53)) - raft.grpc.admin.host = null (fallback to raft.grpc.server.host)
2023-06-25 20:38:05,953 [main] INFO  grpc.GrpcConfigKeys (ConfUtils.java:logFallback(53)) - raft.grpc.admin.port = 15042 (fallback to raft.grpc.server.port)
2023-06-25 20:38:05,953 [main] INFO  grpc.GrpcConfigKeys (ConfUtils.java:logFallback(53)) - raft.grpc.client.host = null (fallback to raft.grpc.server.host)
2023-06-25 20:38:05,953 [main] INFO  grpc.GrpcConfigKeys (ConfUtils.java:logFallback(53)) - raft.grpc.client.port = 15042 (fallback to raft.grpc.server.port)
2023-06-25 20:38:05,953 [main] INFO  grpc.GrpcConfigKeys (ConfUtils.java:logGet(46)) - raft.grpc.server.host = null (default)
2023-06-25 20:38:05,953 [main] INFO  grpc.GrpcConfigKeys (ConfUtils.java:logGet(46)) - raft.grpc.server.port = 15042 (custom)
2023-06-25 20:38:05,954 [main] INFO  server.GrpcService (ConfUtils.java:logGet(46)) - raft.grpc.message.size.max = 33554432 (custom)
2023-06-25 20:38:05,954 [main] INFO  server.RaftServerConfigKeys (ConfUtils.java:logGet(46)) - raft.server.log.appender.buffer.byte-limit = 33554432 (custom)
2023-06-25 20:38:05,954 [main] INFO  server.GrpcService (ConfUtils.java:logGet(46)) - raft.grpc.flow.control.window = 1MB (=1048576) (default)
2023-06-25 20:38:05,954 [main] INFO  server.RaftServerConfigKeys (ConfUtils.java:logGet(46)) - raft.server.rpc.request.timeout = 3000ms (default)
2023-06-25 20:38:05,954 [main] INFO  grpc.GrpcConfigKeys (ConfUtils.java:logGet(46)) - raft.grpc.server.heartbeat.channel = true (default)
2023-06-25 20:38:05,955 [main] INFO  grpc.GrpcConfigKeys (ConfUtils.java:logGet(46)) - raft.grpc.server.async.request.thread.pool.cached = true (default)
2023-06-25 20:38:05,955 [main] INFO  grpc.GrpcConfigKeys (ConfUtils.java:logGet(46)) - raft.grpc.server.async.request.thread.pool.size = 32 (default)
2023-06-25 20:38:05,957 [main] INFO  impl.DataStreamServerImpl (ConfUtils.java:logGet(46)) - raft.datastream.type = DISABLED (default)
2023-06-25 20:38:05,957 [main] INFO  server.RaftServerConfigKeys (ConfUtils.java:logGet(46)) - raft.server.threadpool.proxy.cached = true (default)
2023-06-25 20:38:05,957 [main] INFO  server.RaftServerConfigKeys (ConfUtils.java:logGet(46)) - raft.server.threadpool.proxy.size = 0 (default)
2023-06-25 20:38:05,957 [main] INFO  server.RaftServerConfigKeys (ConfUtils.java:logGet(46)) - raft.server.rpc.slowness.timeout = 120s (custom)
2023-06-25 20:38:05,958 [main] INFO  server.RaftServerConfigKeys (ConfUtils.java:logGet(46)) - raft.server.leaderelection.leader.step-down.wait-time = 10s (default)
2023-06-25 20:38:05,958 [main] INFO  server.RaftServerConfigKeys (ConfUtils.java:logGet(46)) - raft.server.storage.dir = [/home/runner/work/ozone/ozone/hadoop-ozone/integration-test/target/test-dir/MiniOzoneClusterImpl-a52b7a0b-0bee-460e-a951-14c7f8ebc071/ozone-meta/ratis] (custom)
2023-06-25 20:38:05,960 [main] INFO  server.RaftServer (RaftServerProxy.java:addNew(98)) - om1: addNew group-C5BA1605619E:[om1|rpc:localhost:15042|priority:0|startupRole:FOLLOWER] returns group-C5BA1605619E:java.util.concurrent.CompletableFuture@b2a04b5[Not completed]
2023-06-25 20:38:05,960 [main] INFO  om.OzoneManager (OzoneManager.java:initializeRatisServer(2128)) - OzoneManager Ratis server initialized at port 15042
2023-06-25 20:38:05,961 [main] INFO  om.OzoneManager (OzoneManager.java:getRpcServer(1176)) - Creating RPC Server
2023-06-25 20:38:05,961 [om1-groupManagement] INFO  server.RaftServer$Division (RaftServerImpl.java:<init>(198)) - om1: new RaftServerImpl for group-C5BA1605619E:[om1|rpc:localhost:15042|priority:0|startupRole:FOLLOWER] with OzoneManagerStateMachine:uninitialized
2023-06-25 20:38:05,961 [om1-groupManagement] INFO  server.RaftServerConfigKeys (ConfUtils.java:logGet(46)) - raft.server.rpc.timeout.min = 1s (custom)
2023-06-25 20:38:05,961 [om1-groupManagement] INFO  server.RaftServerConfigKeys (ConfUtils.java:logGet(46)) - raft.server.rpc.timeout.max = 1200ms (custom)
2023-06-25 20:38:05,961 [om1-groupManagement] INFO  server.RaftServerConfigKeys (ConfUtils.java:logGet(46)) - raft.server.rpc.sleep.time = 25ms (default)
2023-06-25 20:38:05,962 [om1-groupManagement] INFO  server.RaftServerConfigKeys (ConfUtils.java:logGet(46)) - raft.server.rpc.slowness.timeout = 120s (custom)
2023-06-25 20:38:05,962 [om1-groupManagement] INFO  server.RaftServerConfigKeys (ConfUtils.java:logGet(46)) - raft.server.leaderelection.leader.step-down.wait-time = 10s (default)
2023-06-25 20:38:05,962 [om1-groupManagement] INFO  server.RaftServerConfigKeys (ConfUtils.java:logGet(46)) - raft.server.sleep.deviation.threshold = 300ms (default)
2023-06-25 20:38:05,962 [om1-groupManagement] INFO  server.RaftServer$Division (ServerState.java:<init>(120)) - om1@group-C5BA1605619E: ConfigurationManager, init=-1: peers:[om1|rpc:localhost:15042|priority:0|startupRole:FOLLOWER]|listeners:[], old=null, confs=<EMPTY_MAP>
2023-06-25 20:38:05,962 [om1-groupManagement] INFO  server.RaftServerConfigKeys (ConfUtils.java:logGet(46)) - raft.server.storage.dir = [/home/runner/work/ozone/ozone/hadoop-ozone/integration-test/target/test-dir/MiniOzoneClusterImpl-a52b7a0b-0bee-460e-a951-14c7f8ebc071/ozone-meta/ratis] (custom)
2023-06-25 20:38:05,962 [om1-groupManagement] INFO  server.RaftServerConfigKeys (ConfUtils.java:logGet(46)) - raft.server.log.corruption.policy = EXCEPTION (default)
2023-06-25 20:38:05,968 [om1-groupManagement] INFO  server.RaftServerConfigKeys (ConfUtils.java:logGet(46)) - raft.server.storage.free-space.min = 0MB (=0) (default)
2023-06-25 20:38:05,968 [om1-groupManagement] INFO  server.RaftServerConfigKeys (ConfUtils.java:logGet(46)) - raft.server.notification.no-leader.timeout = 120s (custom)
2023-06-25 20:38:05,968 [om1-groupManagement] INFO  server.RaftServerConfigKeys (ConfUtils.java:logGet(46)) - raft.server.read.timeout = 10s (default)
2023-06-25 20:38:05,968 [om1-groupManagement] INFO  server.RaftServerConfigKeys (ConfUtils.java:logGet(46)) - raft.server.retrycache.expirytime = 300s (custom)
2023-06-25 20:38:05,968 [om1-groupManagement] INFO  server.RaftServerConfigKeys (ConfUtils.java:logGet(46)) - raft.server.retrycache.statistics.expirytime = 100μs (default)
2023-06-25 20:38:05,968 [om1-groupManagement] INFO  server.RaftServerConfigKeys (ConfUtils.java:logGet(46)) - raft.server.read.option = DEFAULT (default)
2023-06-25 20:38:05,970 [om1-groupManagement] INFO  server.RaftServerConfigKeys (ConfUtils.java:logGet(46)) - raft.server.rpc.request.timeout = 3000ms (default)
2023-06-25 20:38:05,970 [om1-groupManagement] INFO  server.RaftServerConfigKeys (ConfUtils.java:logGet(46)) - raft.server.log.appender.install.snapshot.enabled = false (custom)
2023-06-25 20:38:05,970 [om1-groupManagement] INFO  server.RaftServerConfigKeys (ConfUtils.java:logGet(46)) - raft.server.threadpool.server.cached = true (default)
2023-06-25 20:38:05,970 [om1-groupManagement] INFO  server.RaftServerConfigKeys (ConfUtils.java:logGet(46)) - raft.server.threadpool.server.size = 0 (default)
2023-06-25 20:38:05,970 [om1-groupManagement] INFO  server.RaftServerConfigKeys (ConfUtils.java:logGet(46)) - raft.server.threadpool.client.cached = true (default)
2023-06-25 20:38:05,970 [om1-groupManagement] INFO  server.RaftServerConfigKeys (ConfUtils.java:logGet(46)) - raft.server.threadpool.client.size = 0 (default)
2023-06-25 20:38:06,423 [main] INFO  reflections.Reflections (Reflections.java:scan(232)) - Reflections took 460 ms to scan 19 urls, producing 69 keys and 5436 values [using 2 cores]
2023-06-25 20:38:06,424 [main] INFO  ipc.CallQueueManager (CallQueueManager.java:<init>(90)) - Using callQueue: class java.util.concurrent.LinkedBlockingQueue, queueCapacity: 2000, scheduler: class org.apache.hadoop.ipc.DefaultRpcScheduler, ipcBackoff: false.
2023-06-25 20:38:06,430 [Socket Reader #1 for port 15039] INFO  ipc.Server (Server.java:run(1319)) - Starting Socket Reader #1 for port 15039
2023-06-25 20:38:06,431 [Listener at 127.0.0.1/15039] INFO  hdds.HddsUtils (HddsUtils.java:preserveThreadName(848)) - Restoring thread name: main
2023-06-25 20:38:06,456 [main] INFO  impl.MetricsSystemImpl (MetricsSystemImpl.java:init(158)) - OzoneManager metrics system started (again)
2023-06-25 20:38:06,468 [main] INFO  om.OzoneManager (OzoneManager.java:start(1606)) - OzoneManager RPC server is listening at localhost/127.0.0.1:15039
2023-06-25 20:38:06,468 [main] INFO  ratis.OzoneManagerRatisServer (OzoneManagerRatisServer.java:start(558)) - Starting OzoneManagerRatisServer om1 at port 15042
2023-06-25 20:38:06,468 [om1-impl-thread1] INFO  storage.RaftStorageDirectory (RaftStorageDirectoryImpl.java:analyzeStorage(137)) - The storage directory /home/runner/work/ozone/ozone/hadoop-ozone/integration-test/target/test-dir/MiniOzoneClusterImpl-a52b7a0b-0bee-460e-a951-14c7f8ebc071/ozone-meta/ratis/bf265839-605b-3f16-9796-c5ba1605619e does not exist. Creating ...
2023-06-25 20:38:06,470 [om1-impl-thread1] INFO  storage.RaftStorageDirectory (RaftStorageDirectoryImpl.java:tryLock(231)) - Lock on /home/runner/work/ozone/ozone/hadoop-ozone/integration-test/target/test-dir/MiniOzoneClusterImpl-a52b7a0b-0bee-460e-a951-14c7f8ebc071/ozone-meta/ratis/bf265839-605b-3f16-9796-c5ba1605619e/in_use.lock acquired by nodename 7655@fv-az808-130
2023-06-25 20:38:06,472 [om1-impl-thread1] INFO  storage.RaftStorage (RaftStorageImpl.java:format(96)) - Storage directory /home/runner/work/ozone/ozone/hadoop-ozone/integration-test/target/test-dir/MiniOzoneClusterImpl-a52b7a0b-0bee-460e-a951-14c7f8ebc071/ozone-meta/ratis/bf265839-605b-3f16-9796-c5ba1605619e has been successfully formatted.
2023-06-25 20:38:06,472 [om1-impl-thread1] INFO  server.RaftServerConfigKeys (ConfUtils.java:logGet(46)) - raft.server.log.use.memory = false (default)
2023-06-25 20:38:06,472 [om1-impl-thread1] INFO  server.RaftServerConfigKeys (ConfUtils.java:logGet(46)) - raft.server.log.purge.gap = 1000000 (custom)
2023-06-25 20:38:06,472 [om1-impl-thread1] INFO  server.RaftServerConfigKeys (ConfUtils.java:logGet(46)) - raft.server.log.appender.buffer.byte-limit = 33554432 (custom)
2023-06-25 20:38:06,473 [om1-impl-thread1] INFO  server.RaftServerConfigKeys (ConfUtils.java:logGet(46)) - raft.server.log.statemachine.data.read.timeout = 1000ms (default)
2023-06-25 20:38:06,473 [om1-impl-thread1] INFO  server.RaftServerConfigKeys (ConfUtils.java:logGet(46)) - raft.server.log.purge.preservation.log.num = 0 (default)
2023-06-25 20:38:06,473 [om1-impl-thread1] INFO  server.RaftServerConfigKeys (ConfUtils.java:logGet(46)) - raft.server.log.segment.size.max = 4194304 (custom)
2023-06-25 20:38:06,473 [om1-impl-thread1] INFO  server.RaftServerConfigKeys (ConfUtils.java:logGet(46)) - raft.server.log.segment.cache.num.max = 2 (custom)
2023-06-25 20:38:06,473 [om1-impl-thread1] INFO  server.RaftServerConfigKeys (ConfUtils.java:logGet(46)) - raft.server.log.segment.cache.size.max = 200MB (=209715200) (default)
2023-06-25 20:38:06,473 [om1-impl-thread1] INFO  server.RaftServerConfigKeys (ConfUtils.java:logGet(46)) - raft.server.log.appender.buffer.byte-limit = 33554432 (custom)
2023-06-25 20:38:06,474 [om1-impl-thread1] INFO  segmented.SegmentedRaftLogWorker (SegmentedRaftLogWorker.java:<init>(188)) - new om1@group-C5BA1605619E-SegmentedRaftLogWorker for RaftStorageImpl:Storage Directory /home/runner/work/ozone/ozone/hadoop-ozone/integration-test/target/test-dir/MiniOzoneClusterImpl-a52b7a0b-0bee-460e-a951-14c7f8ebc071/ozone-meta/ratis/bf265839-605b-3f16-9796-c5ba1605619e
2023-06-25 20:38:06,474 [om1-impl-thread1] INFO  server.RaftServerConfigKeys (ConfUtils.java:logGet(46)) - raft.server.log.queue.byte-limit = 64MB (=67108864) (default)
2023-06-25 20:38:06,474 [om1-impl-thread1] INFO  server.RaftServerConfigKeys (ConfUtils.java:logGet(46)) - raft.server.log.queue.element-limit = 4096 (default)
2023-06-25 20:38:06,474 [om1-impl-thread1] INFO  server.RaftServerConfigKeys (ConfUtils.java:logGet(46)) - raft.server.log.segment.size.max = 4194304 (custom)
2023-06-25 20:38:06,474 [om1-impl-thread1] INFO  server.RaftServerConfigKeys (ConfUtils.java:logGet(46)) - raft.server.log.preallocated.size = 4194304 (custom)
2023-06-25 20:38:06,474 [om1-impl-thread1] INFO  server.RaftServerConfigKeys (ConfUtils.java:logGet(46)) - raft.server.log.force.sync.num = 128 (default)
2023-06-25 20:38:06,474 [om1-impl-thread1] INFO  server.RaftServerConfigKeys (ConfUtils.java:logGet(46)) - raft.server.log.statemachine.data.sync = true (default)
2023-06-25 20:38:06,474 [om1-impl-thread1] INFO  server.RaftServerConfigKeys (ConfUtils.java:logGet(46)) - raft.server.log.statemachine.data.sync.timeout = 10s (default)
2023-06-25 20:38:06,474 [om1-impl-thread1] INFO  server.RaftServerConfigKeys (ConfUtils.java:logGet(46)) - raft.server.log.statemachine.data.sync.timeout.retry = -1 (default)
2023-06-25 20:38:06,475 [om1-impl-thread1] INFO  server.RaftServerConfigKeys (ConfUtils.java:logGet(46)) - raft.server.log.write.buffer.size = 64KB (=65536) (default)
2023-06-25 20:38:06,475 [om1-impl-thread1] INFO  server.RaftServerConfigKeys (ConfUtils.java:logGet(46)) - raft.server.log.appender.buffer.byte-limit = 33554432 (custom)
2023-06-25 20:38:06,482 [om1-impl-thread1] INFO  server.RaftServerConfigKeys (ConfUtils.java:logGet(46)) - raft.server.log.unsafe-flush.enabled = false (default)
2023-06-25 20:38:06,482 [om1-impl-thread1] INFO  server.RaftServerConfigKeys (ConfUtils.java:logGet(46)) - raft.server.log.async-flush.enabled = false (default)
2023-06-25 20:38:06,482 [om1-impl-thread1] INFO  server.RaftServerConfigKeys (ConfUtils.java:logGet(46)) - raft.server.log.statemachine.data.caching.enabled = false (default)
2023-06-25 20:38:06,482 [om1-impl-thread1] INFO  segmented.SegmentedRaftLogWorker (SegmentedRaftLogWorker.java:lambda$new$0(135)) - om1@group-C5BA1605619E-SegmentedRaftLogWorker: flushIndex: setUnconditionally 0 -> -1
2023-06-25 20:38:06,482 [om1-impl-thread1] INFO  segmented.SegmentedRaftLogWorker (SegmentedRaftLogWorker.java:lambda$new$0(135)) - om1@group-C5BA1605619E-SegmentedRaftLogWorker: safeCacheEvictIndex: setUnconditionally 0 -> -1
2023-06-25 20:38:06,483 [om1-impl-thread1] INFO  server.RaftServer$Division (RaftServerImpl.java:start(342)) - om1@group-C5BA1605619E: start as a follower, conf=-1: peers:[om1|rpc:localhost:15042|priority:0|startupRole:FOLLOWER]|listeners:[], old=null
2023-06-25 20:38:06,483 [om1-impl-thread1] INFO  server.RaftServer$Division (RaftServerImpl.java:setRole(329)) - om1@group-C5BA1605619E: changes role from      null to FOLLOWER at term 0 for startAsFollower
2023-06-25 20:38:06,483 [om1-impl-thread1] INFO  impl.RoleInfo (RoleInfo.java:updateAndGet(139)) - om1: start om1@group-C5BA1605619E-FollowerState
2023-06-25 20:38:06,484 [om1-impl-thread1] INFO  util.JmxRegister (JmxRegister.java:tryRegister(44)) - Successfully registered JMX Bean with object name Ratis:service=RaftServer,group=group-C5BA1605619E,id=om1
2023-06-25 20:38:06,484 [om1@group-C5BA1605619E-FollowerState] INFO  server.RaftServerConfigKeys (ConfUtils.java:logFallback(53)) - raft.server.rpc.first-election.timeout.min = 1s (fallback to raft.server.rpc.timeout.min)
2023-06-25 20:38:06,484 [om1-impl-thread1] INFO  server.RaftServerConfigKeys (ConfUtils.java:logGet(46)) - raft.server.snapshot.auto.trigger.enabled = true (custom)
2023-06-25 20:38:06,484 [om1@group-C5BA1605619E-FollowerState] INFO  server.RaftServerConfigKeys (ConfUtils.java:logFallback(53)) - raft.server.rpc.first-election.timeout.max = 1200ms (fallback to raft.server.rpc.timeout.max)
2023-06-25 20:38:06,484 [om1-impl-thread1] INFO  server.RaftServerConfigKeys (ConfUtils.java:logGet(46)) - raft.server.snapshot.auto.trigger.threshold = 400000 (default)
2023-06-25 20:38:06,484 [om1-impl-thread1] INFO  server.RaftServerConfigKeys (ConfUtils.java:logGet(46)) - raft.server.snapshot.retention.file.num = -1 (default)
2023-06-25 20:38:06,484 [om1-impl-thread1] INFO  server.RaftServerConfigKeys (ConfUtils.java:logGet(46)) - raft.server.log.purge.upto.snapshot.index = true (custom)
2023-06-25 20:38:06,485 [main] INFO  server.RaftServer (RaftServerProxy.java:startImpl(400)) - om1: start RPC server
2023-06-25 20:38:06,489 [main] INFO  server.GrpcService (GrpcService.java:startImpl(302)) - om1: GrpcService started, listening on 15042
2023-06-25 20:38:06,490 [main] INFO  om.OzoneManager (OzoneManager.java:start(1622)) - Version File has different layout version (6) than OM DB (null). That is expected if this OM has never been finalized to a newer layout version.
2023-06-25 20:38:06,498 [JvmPauseMonitor6] INFO  util.JvmPauseMonitor (JvmPauseMonitor.java:run(103)) - JvmPauseMonitor-om1: Started
2023-06-25 20:38:06,501 [main] INFO  http.BaseHttpServer (BaseHttpServer.java:newHttpServer2BuilderForOzone(224)) - Starting Web-server for ozoneManager at: http://0.0.0.0:15040
2023-06-25 20:38:06,501 [main] INFO  http.BaseHttpServer (BaseHttpServer.java:<init>(111)) - Hadoop Security Enabled: false Ozone Security Enabled: false Ozone HTTP Security Enabled: false 
2023-06-25 20:38:06,503 [main] WARN  server.AuthenticationFilter (AuthenticationFilter.java:constructSecretProvider(240)) - Unable to initialize FileSignerSecretProvider, falling back to use random secrets. Reason: Could not read signature secret file: /home/runner/hadoop-http-auth-signature-secret
2023-06-25 20:38:06,507 [main] INFO  http.HttpRequestLog (HttpRequestLog.java:getRequestLog(86)) - Http request log for http.requests.ozoneManager is not defined
2023-06-25 20:38:06,510 [main] INFO  http.HttpServer2 (HttpServer2.java:addGlobalFilter(1031)) - Added global filter 'safety' (class=org.apache.hadoop.hdds.server.http.HttpServer2$QuotingInputFilter)
2023-06-25 20:38:06,511 [main] INFO  http.HttpServer2 (HttpServer2.java:addFilter(1007)) - Added filter static_user_filter (class=org.apache.hadoop.http.lib.StaticUserWebFilter$StaticUserFilter) to context ozoneManager
2023-06-25 20:38:06,512 [main] INFO  http.HttpServer2 (HttpServer2.java:addFilter(1015)) - Added filter static_user_filter (class=org.apache.hadoop.http.lib.StaticUserWebFilter$StaticUserFilter) to context static
2023-06-25 20:38:06,512 [main] INFO  http.HttpServer2 (HttpServer2.java:addFilter(1015)) - Added filter static_user_filter (class=org.apache.hadoop.http.lib.StaticUserWebFilter$StaticUserFilter) to context logs
2023-06-25 20:38:06,513 [main] INFO  http.BaseHttpServer (BaseHttpServer.java:<init>(190)) - HTTP server of ozoneManager uses base directory /home/runner/work/ozone/ozone/hadoop-ozone/integration-test/target/test-dir/MiniOzoneClusterImpl-a52b7a0b-0bee-460e-a951-14c7f8ebc071/ozone-meta/webserver
2023-06-25 20:38:06,515 [main] INFO  http.HttpServer2 (HttpServer2.java:bindListener(1250)) - Jetty bound to port 15040
2023-06-25 20:38:06,515 [main] INFO  server.Server (Server.java:doStart(375)) - jetty-9.4.51.v20230217; built: 2023-02-17T08:19:37.309Z; git: b45c405e4544384de066f814ed42ae3dceacdd49; jvm 1.8.0_372-b07
2023-06-25 20:38:06,524 [main] INFO  server.session (DefaultSessionIdManager.java:doStart(334)) - DefaultSessionIdManager workerName=node0
2023-06-25 20:38:06,524 [main] INFO  server.session (DefaultSessionIdManager.java:doStart(339)) - No SessionScavenger set, using defaults
2023-06-25 20:38:06,524 [main] INFO  server.session (HouseKeeper.java:startScavenging(132)) - node0 Scavenging every 660000ms
2023-06-25 20:38:06,525 [main] INFO  handler.ContextHandler (ContextHandler.java:doStart(921)) - Started o.e.j.s.ServletContextHandler@3bea96e2{logs,/logs,file:///home/runner/work/ozone/ozone/hadoop-ozone/integration-test/target/log,AVAILABLE}
2023-06-25 20:38:06,526 [main] INFO  handler.ContextHandler (ContextHandler.java:doStart(921)) - Started o.e.j.s.ServletContextHandler@6032cb26{static,/static,file:///home/runner/work/ozone/ozone/hadoop-ozone/integration-test/target/test-classes/webapps/static,AVAILABLE}
2023-06-25 20:38:06,531 [main] INFO  handler.ContextHandler (ContextHandler.java:doStart(921)) - Started o.e.j.w.WebAppContext@2bc6ffe2{ozoneManager,/,file:///home/runner/work/ozone/ozone/hadoop-ozone/integration-test/target/test-classes/webapps/ozoneManager/,AVAILABLE}{file:/home/runner/work/ozone/ozone/hadoop-ozone/integration-test/target/test-classes/webapps/ozoneManager}
2023-06-25 20:38:06,532 [main] INFO  server.AbstractConnector (AbstractConnector.java:doStart(333)) - Started ServerConnector@21f67596{HTTP/1.1, (http/1.1)}{0.0.0.0:15040}
2023-06-25 20:38:06,532 [main] INFO  server.Server (Server.java:doStart(415)) - Started @64016ms
2023-06-25 20:38:06,532 [main] WARN  impl.MetricsSystemImpl (MetricsSystemImpl.java:register(279)) - Sink prometheus already exists!
2023-06-25 20:38:06,533 [main] INFO  http.BaseHttpServer (BaseHttpServer.java:updateConnectorAddress(344)) - HTTP server of ozoneManager listening at http://0.0.0.0:15040
2023-06-25 20:38:06,533 [IPC Server Responder] INFO  ipc.Server (Server.java:run(1558)) - IPC Server Responder: starting
2023-06-25 20:38:06,541 [IPC Server listener on 15039] INFO  ipc.Server (Server.java:run(1398)) - IPC Server listener on 15039: starting
2023-06-25 20:38:06,547 [main] INFO  om.OzoneManager (OzoneManager.java:startTrashEmptier(2081)) - Trash Interval set to 0. Files deleted won't move to trash
2023-06-25 20:38:06,564 [main] WARN  impl.MetricRegistriesImpl (MetricRegistriesImpl.java:addReporterRegistration(111)) - New reporters are added after registries were created. Some metrics will be missing from the reporter. Please add reporter before adding any new registry.
2023-06-25 20:38:06,564 [main] WARN  impl.MetricRegistriesImpl (MetricRegistriesImpl.java:addReporterRegistration(111)) - New reporters are added after registries were created. Some metrics will be missing from the reporter. Please add reporter before adding any new registry.
2023-06-25 20:38:06,564 [main] INFO  impl.MetricsSystemImpl (MetricsSystemImpl.java:init(158)) - HddsDatanode metrics system started (again)
2023-06-25 20:38:06,586 [main] INFO  ozone.HddsDatanodeService (HddsDatanodeService.java:start(257)) - HddsDatanodeService host:fv-az808-130.wa3tte2ragoufbcbawjciesdkc.bx.internal.cloudapp.net ip:10.1.0.20
2023-06-25 20:38:06,616 [main] INFO  upgrade.AbstractLayoutVersionManager (AbstractLayoutVersionManager.java:init(83)) - Initializing Layout version manager with metadata layout = HADOOP_PRC_PORTS_IN_DATANODEDETAILS (version = 7), software layout = HADOOP_PRC_PORTS_IN_DATANODEDETAILS (version = 7)
2023-06-25 20:38:06,617 [main] INFO  statemachine.DatanodeStateMachine (DatanodeStateMachine.java:getEndPointTaskThreadPoolSize(279)) - Datanode State Machine Task Thread Pool size 2
2023-06-25 20:38:06,627 [main] INFO  volume.HddsVolume (HddsVolume.java:<init>(130)) - Creating HddsVolume: /home/runner/work/ozone/ozone/hadoop-ozone/integration-test/target/test-dir/MiniOzoneClusterImpl-a52b7a0b-0bee-460e-a951-14c7f8ebc071/datanode-0/data-0/containers/hdds of storage type : DISK capacity : 9223372036854775807
2023-06-25 20:38:06,628 [main] INFO  volume.MutableVolumeSet (MutableVolumeSet.java:initializeVolumeSet(175)) - Added Volume : /home/runner/work/ozone/ozone/hadoop-ozone/integration-test/target/test-dir/MiniOzoneClusterImpl-a52b7a0b-0bee-460e-a951-14c7f8ebc071/datanode-0/data-0/containers/hdds to VolumeSet
2023-06-25 20:38:06,628 [main] INFO  volume.ThrottledAsyncChecker (ThrottledAsyncChecker.java:schedule(141)) - Scheduling a check for /home/runner/work/ozone/ozone/hadoop-ozone/integration-test/target/test-dir/MiniOzoneClusterImpl-a52b7a0b-0bee-460e-a951-14c7f8ebc071/datanode-0/data-0/containers/hdds
2023-06-25 20:38:06,630 [main] INFO  volume.StorageVolumeChecker (StorageVolumeChecker.java:checkAllVolumes(202)) - Scheduled health check for volume /home/runner/work/ozone/ozone/hadoop-ozone/integration-test/target/test-dir/MiniOzoneClusterImpl-a52b7a0b-0bee-460e-a951-14c7f8ebc071/datanode-0/data-0/containers/hdds
2023-06-25 20:38:06,646 [main] INFO  volume.MutableVolumeSet (MutableVolumeSet.java:initializeVolumeSet(175)) - Added Volume : /home/runner/work/ozone/ozone/hadoop-ozone/integration-test/target/test-dir/MiniOzoneClusterImpl-a52b7a0b-0bee-460e-a951-14c7f8ebc071/datanode-0/data/ratis to VolumeSet
2023-06-25 20:38:06,646 [main] INFO  volume.ThrottledAsyncChecker (ThrottledAsyncChecker.java:schedule(141)) - Scheduling a check for /home/runner/work/ozone/ozone/hadoop-ozone/integration-test/target/test-dir/MiniOzoneClusterImpl-a52b7a0b-0bee-460e-a951-14c7f8ebc071/datanode-0/data/ratis
2023-06-25 20:38:06,647 [main] INFO  volume.StorageVolumeChecker (StorageVolumeChecker.java:checkAllVolumes(202)) - Scheduled health check for volume /home/runner/work/ozone/ozone/hadoop-ozone/integration-test/target/test-dir/MiniOzoneClusterImpl-a52b7a0b-0bee-460e-a951-14c7f8ebc071/datanode-0/data/ratis
2023-06-25 20:38:06,673 [Thread-1043] INFO  ozoneimpl.ContainerReader (ContainerReader.java:readVolume(175)) - Finish verifying containers on volume /home/runner/work/ozone/ozone/hadoop-ozone/integration-test/target/test-dir/MiniOzoneClusterImpl-a52b7a0b-0bee-460e-a951-14c7f8ebc071/datanode-0/data-0/containers/hdds
2023-06-25 20:38:06,673 [main] INFO  ozoneimpl.OzoneContainer (OzoneContainer.java:buildContainerSet(316)) - Build ContainerSet costs 0s
2023-06-25 20:38:06,679 [main] INFO  server.RaftServer (ConfUtils.java:logGet(46)) - raft.rpc.type = GRPC (default)
2023-06-25 20:38:06,681 [main] INFO  grpc.GrpcConfigKeys (ConfUtils.java:logFallback(53)) - raft.grpc.admin.host = null (fallback to raft.grpc.server.host)
2023-06-25 20:38:06,682 [main] INFO  grpc.GrpcConfigKeys (ConfUtils.java:logGet(46)) - raft.grpc.admin.port = 15048 (custom)
2023-06-25 20:38:06,682 [main] INFO  grpc.GrpcConfigKeys (ConfUtils.java:logFallback(53)) - raft.grpc.client.host = null (fallback to raft.grpc.server.host)
2023-06-25 20:38:06,682 [main] INFO  grpc.GrpcConfigKeys (ConfUtils.java:logGet(46)) - raft.grpc.client.port = 15047 (custom)
2023-06-25 20:38:06,682 [main] INFO  grpc.GrpcConfigKeys (ConfUtils.java:logGet(46)) - raft.grpc.server.host = null (default)
2023-06-25 20:38:06,683 [main] INFO  grpc.GrpcConfigKeys (ConfUtils.java:logGet(46)) - raft.grpc.server.port = 15049 (custom)
2023-06-25 20:38:06,683 [main] INFO  server.GrpcService (ConfUtils.java:logGet(46)) - raft.grpc.message.size.max = 32MB (=33554432) (custom)
2023-06-25 20:38:06,683 [main] INFO  server.RaftServerConfigKeys (ConfUtils.java:logGet(46)) - raft.server.log.appender.buffer.byte-limit = 33554432 (custom)
2023-06-25 20:38:06,683 [main] INFO  server.GrpcService (ConfUtils.java:logGet(46)) - raft.grpc.flow.control.window = 5MB (=5242880) (custom)
2023-06-25 20:38:06,684 [main] INFO  server.RaftServerConfigKeys (ConfUtils.java:logGet(46)) - raft.server.rpc.request.timeout = 60s (custom)
2023-06-25 20:38:06,684 [main] INFO  grpc.GrpcConfigKeys (ConfUtils.java:logGet(46)) - raft.grpc.server.heartbeat.channel = true (default)
2023-06-25 20:38:06,684 [main] INFO  grpc.GrpcConfigKeys (ConfUtils.java:logGet(46)) - raft.grpc.server.async.request.thread.pool.cached = true (default)
2023-06-25 20:38:06,684 [main] INFO  grpc.GrpcConfigKeys (ConfUtils.java:logGet(46)) - raft.grpc.server.async.request.thread.pool.size = 32 (default)
2023-06-25 20:38:06,687 [main] INFO  impl.DataStreamServerImpl (ConfUtils.java:logGet(46)) - raft.datastream.type = NETTY (custom)
2023-06-25 20:38:06,687 [main] INFO  server.RaftServerConfigKeys (ConfUtils.java:logGet(46)) - raft.server.data-stream.async.request.thread.pool.cached = false (default)
2023-06-25 20:38:06,688 [main] INFO  server.RaftServerConfigKeys (ConfUtils.java:logGet(46)) - raft.server.data-stream.async.request.thread.pool.size = 20 (custom)
2023-06-25 20:38:06,688 [main] INFO  server.RaftServerConfigKeys (ConfUtils.java:logGet(46)) - raft.server.data-stream.async.write.thread.pool.size = 16 (default)
2023-06-25 20:38:06,689 [main] INFO  server.RaftServerConfigKeys (ConfUtils.java:logGet(46)) - raft.server.data-stream.client.pool.size = 10 (default)
2023-06-25 20:38:06,689 [main] INFO  netty.NettyConfigKeys$DataStream (ConfUtils.java:logGet(46)) - raft.netty.dataStream.server.use-epoll = false (default)
2023-06-25 20:38:06,690 [main] INFO  netty.NettyConfigKeys$DataStream (ConfUtils.java:logGet(46)) - raft.netty.dataStream.server.boss-group.size = 0 (default)
2023-06-25 20:38:06,690 [main] INFO  netty.NettyConfigKeys$DataStream (ConfUtils.java:logGet(46)) - raft.netty.dataStream.server.worker-group.size = 0 (default)
2023-06-25 20:38:06,691 [main] INFO  netty.NettyConfigKeys$DataStream (ConfUtils.java:logGet(46)) - raft.netty.dataStream.server.tls.conf = null (default)
2023-06-25 20:38:06,691 [main] INFO  netty.NettyConfigKeys$DataStream (ConfUtils.java:logGet(46)) - raft.netty.dataStream.host = null (default)
2023-06-25 20:38:06,691 [main] INFO  netty.NettyConfigKeys$DataStream (ConfUtils.java:logGet(46)) - raft.netty.dataStream.port = 15050 (custom)
2023-06-25 20:38:06,692 [main] INFO  server.RaftServerConfigKeys (ConfUtils.java:logGet(46)) - raft.server.threadpool.proxy.cached = true (default)
2023-06-25 20:38:06,692 [main] INFO  server.RaftServerConfigKeys (ConfUtils.java:logGet(46)) - raft.server.threadpool.proxy.size = 0 (default)
2023-06-25 20:38:06,693 [main] INFO  server.RaftServerConfigKeys (ConfUtils.java:logGet(46)) - raft.server.rpc.slowness.timeout = 300s (custom)
2023-06-25 20:38:06,693 [main] INFO  server.RaftServerConfigKeys (ConfUtils.java:logGet(46)) - raft.server.leaderelection.leader.step-down.wait-time = 10s (default)
2023-06-25 20:38:06,693 [main] INFO  server.RaftServerConfigKeys (ConfUtils.java:logGet(46)) - raft.server.storage.dir = [/home/runner/work/ozone/ozone/hadoop-ozone/integration-test/target/test-dir/MiniOzoneClusterImpl-a52b7a0b-0bee-460e-a951-14c7f8ebc071/datanode-0/data/ratis] (custom)
2023-06-25 20:38:06,694 [9412d3d0-2519-4c22-9a73-1b5e9d001713-NettyServerStreamRpc-bossGroup--thread1] INFO  logging.LoggingHandler (AbstractInternalLogger.java:log(148)) - [id: 0xd13973be] REGISTERED
2023-06-25 20:38:06,694 [9412d3d0-2519-4c22-9a73-1b5e9d001713-NettyServerStreamRpc-bossGroup--thread1] INFO  logging.LoggingHandler (AbstractInternalLogger.java:log(148)) - [id: 0xd13973be] BIND: 0.0.0.0/0.0.0.0:15050
2023-06-25 20:38:06,694 [9412d3d0-2519-4c22-9a73-1b5e9d001713-NettyServerStreamRpc-bossGroup--thread1] INFO  logging.LoggingHandler (AbstractInternalLogger.java:log(148)) - [id: 0xd13973be, L:/0:0:0:0:0:0:0:0:15050] ACTIVE
2023-06-25 20:38:06,696 [main] INFO  server.XceiverServerGrpc (XceiverServerGrpc.java:<init>(132)) - GrpcServer channel type EpollServerSocketChannel
2023-06-25 20:38:06,698 [main] INFO  replication.ReplicationSupervisor (ReplicationSupervisor.java:nodeStateUpdated(305)) - Node state updated to IN_SERVICE, scaling executor pool size to 10
2023-06-25 20:38:06,702 [main] INFO  http.BaseHttpServer (BaseHttpServer.java:newHttpServer2BuilderForOzone(224)) - Starting Web-server for hddsDatanode at: http://0.0.0.0:15044
2023-06-25 20:38:06,702 [main] INFO  http.BaseHttpServer (BaseHttpServer.java:<init>(111)) - Hadoop Security Enabled: false Ozone Security Enabled: false Ozone HTTP Security Enabled: false 
2023-06-25 20:38:06,704 [main] WARN  server.AuthenticationFilter (AuthenticationFilter.java:constructSecretProvider(240)) - Unable to initialize FileSignerSecretProvider, falling back to use random secrets. Reason: Could not read signature secret file: /home/runner/hadoop-http-auth-signature-secret
2023-06-25 20:38:06,704 [main] INFO  http.HttpRequestLog (HttpRequestLog.java:getRequestLog(86)) - Http request log for http.requests.hddsDatanode is not defined
2023-06-25 20:38:06,706 [main] INFO  http.HttpServer2 (HttpServer2.java:addGlobalFilter(1031)) - Added global filter 'safety' (class=org.apache.hadoop.hdds.server.http.HttpServer2$QuotingInputFilter)
2023-06-25 20:38:06,707 [main] INFO  http.HttpServer2 (HttpServer2.java:addFilter(1007)) - Added filter static_user_filter (class=org.apache.hadoop.http.lib.StaticUserWebFilter$StaticUserFilter) to context hddsDatanode
2023-06-25 20:38:06,707 [main] INFO  http.HttpServer2 (HttpServer2.java:addFilter(1015)) - Added filter static_user_filter (class=org.apache.hadoop.http.lib.StaticUserWebFilter$StaticUserFilter) to context logs
2023-06-25 20:38:06,707 [main] INFO  http.HttpServer2 (HttpServer2.java:addFilter(1015)) - Added filter static_user_filter (class=org.apache.hadoop.http.lib.StaticUserWebFilter$StaticUserFilter) to context static
2023-06-25 20:38:06,708 [main] INFO  http.BaseHttpServer (BaseHttpServer.java:<init>(190)) - HTTP server of hddsDatanode uses base directory /home/runner/work/ozone/ozone/hadoop-ozone/integration-test/target/test-dir/MiniOzoneClusterImpl-a52b7a0b-0bee-460e-a951-14c7f8ebc071/datanode-0/meta/webserver
2023-06-25 20:38:06,708 [main] INFO  http.HttpServer2 (HttpServer2.java:bindListener(1250)) - Jetty bound to port 15044
2023-06-25 20:38:06,708 [main] INFO  server.Server (Server.java:doStart(375)) - jetty-9.4.51.v20230217; built: 2023-02-17T08:19:37.309Z; git: b45c405e4544384de066f814ed42ae3dceacdd49; jvm 1.8.0_372-b07
2023-06-25 20:38:06,710 [main] INFO  server.session (DefaultSessionIdManager.java:doStart(334)) - DefaultSessionIdManager workerName=node0
2023-06-25 20:38:06,710 [main] INFO  server.session (DefaultSessionIdManager.java:doStart(339)) - No SessionScavenger set, using defaults
2023-06-25 20:38:06,710 [main] INFO  server.session (HouseKeeper.java:startScavenging(132)) - node0 Scavenging every 660000ms
2023-06-25 20:38:06,711 [main] INFO  handler.ContextHandler (ContextHandler.java:doStart(921)) - Started o.e.j.s.ServletContextHandler@489e1fb9{logs,/logs,file:///home/runner/work/ozone/ozone/hadoop-ozone/integration-test/target/log,AVAILABLE}
2023-06-25 20:38:06,711 [main] INFO  handler.ContextHandler (ContextHandler.java:doStart(921)) - Started o.e.j.s.ServletContextHandler@2c6fc104{static,/static,jar:file:/home/runner/.m2/repository/org/apache/ozone/hdds-container-service/1.4.0-SNAPSHOT/hdds-container-service-1.4.0-SNAPSHOT.jar!/webapps/static,AVAILABLE}
2023-06-25 20:38:06,944 [main] INFO  handler.ContextHandler (ContextHandler.java:doStart(921)) - Started o.e.j.w.WebAppContext@1f0155c{hddsDatanode,/,file:///home/runner/work/ozone/ozone/hadoop-ozone/integration-test/target/test-dir/MiniOzoneClusterImpl-a52b7a0b-0bee-460e-a951-14c7f8ebc071/datanode-0/meta/webserver/jetty-0_0_0_0-15044-hdds-container-service-1_4_0-SNAPSHOT_jar-_-any-2190110033355235393/webapp/,AVAILABLE}{jar:file:/home/runner/.m2/repository/org/apache/ozone/hdds-container-service/1.4.0-SNAPSHOT/hdds-container-service-1.4.0-SNAPSHOT.jar!/webapps/hddsDatanode}
2023-06-25 20:38:06,949 [main] INFO  server.AbstractConnector (AbstractConnector.java:doStart(333)) - Started ServerConnector@9516b87{HTTP/1.1, (http/1.1)}{0.0.0.0:15044}
2023-06-25 20:38:06,949 [main] INFO  server.Server (Server.java:doStart(415)) - Started @64433ms
2023-06-25 20:38:06,950 [main] WARN  impl.MetricsSystemImpl (MetricsSystemImpl.java:register(279)) - Sink prometheus already exists!
2023-06-25 20:38:06,951 [main] INFO  http.BaseHttpServer (BaseHttpServer.java:updateConnectorAddress(344)) - HTTP server of hddsDatanode listening at http://0.0.0.0:15044
2023-06-25 20:38:06,951 [main] INFO  ipc.CallQueueManager (CallQueueManager.java:<init>(90)) - Using callQueue: class java.util.concurrent.LinkedBlockingQueue, queueCapacity: 100, scheduler: class org.apache.hadoop.ipc.DefaultRpcScheduler, ipcBackoff: false.
2023-06-25 20:38:06,952 [Socket Reader #1 for port 15045] INFO  ipc.Server (Server.java:run(1319)) - Starting Socket Reader #1 for port 15045
2023-06-25 20:38:06,957 [Listener at 0.0.0.0/15045] INFO  hdds.HddsUtils (HddsUtils.java:preserveThreadName(848)) - Restoring thread name: main
2023-06-25 20:38:06,957 [main] INFO  ozone.HddsDatanodeService (HddsDatanodeService.java:start(335)) - Datanode start with admins: [runner]
2023-06-25 20:38:06,957 [main] INFO  ozone.HddsDatanodeClientProtocolServer (HddsDatanodeClientProtocolServer.java:start(72)) - RPC server for Client /0.0.0.0:15045
2023-06-25 20:38:06,957 [IPC Server Responder] INFO  ipc.Server (Server.java:run(1558)) - IPC Server Responder: starting
2023-06-25 20:38:06,958 [IPC Server listener on 15045] INFO  ipc.Server (Server.java:run(1398)) - IPC Server listener on 15045: starting
2023-06-25 20:38:06,962 [Datanode State Machine Daemon Thread] INFO  statemachine.DatanodeStateMachine (DatanodeStateMachine.java:lambda$startDaemon$0(531)) - Ozone container server started.
2023-06-25 20:38:06,963 [main] WARN  impl.MetricRegistriesImpl (MetricRegistriesImpl.java:addReporterRegistration(111)) - New reporters are added after registries were created. Some metrics will be missing from the reporter. Please add reporter before adding any new registry.
2023-06-25 20:38:06,963 [main] WARN  impl.MetricRegistriesImpl (MetricRegistriesImpl.java:addReporterRegistration(111)) - New reporters are added after registries were created. Some metrics will be missing from the reporter. Please add reporter before adding any new registry.
2023-06-25 20:38:06,963 [main] INFO  impl.MetricsSystemImpl (MetricsSystemImpl.java:init(158)) - HddsDatanode metrics system started (again)
2023-06-25 20:38:06,976 [main] INFO  ozone.HddsDatanodeService (HddsDatanodeService.java:start(257)) - HddsDatanodeService host:fv-az808-130.wa3tte2ragoufbcbawjciesdkc.bx.internal.cloudapp.net ip:10.1.0.20
2023-06-25 20:38:06,986 [Datanode State Machine Task Thread - 0] INFO  datanode.InitDatanodeState (InitDatanodeState.java:persistContainerDatanodeDetails(138)) - DatanodeDetails is persisted to /home/runner/work/ozone/ozone/hadoop-ozone/integration-test/target/test-dir/MiniOzoneClusterImpl-a52b7a0b-0bee-460e-a951-14c7f8ebc071/datanode-0/meta/datanode.id
2023-06-25 20:38:07,004 [main] INFO  upgrade.AbstractLayoutVersionManager (AbstractLayoutVersionManager.java:init(83)) - Initializing Layout version manager with metadata layout = HADOOP_PRC_PORTS_IN_DATANODEDETAILS (version = 7), software layout = HADOOP_PRC_PORTS_IN_DATANODEDETAILS (version = 7)
2023-06-25 20:38:07,004 [main] INFO  statemachine.DatanodeStateMachine (DatanodeStateMachine.java:getEndPointTaskThreadPoolSize(279)) - Datanode State Machine Task Thread Pool size 2
2023-06-25 20:38:07,007 [main] INFO  volume.HddsVolume (HddsVolume.java:<init>(130)) - Creating HddsVolume: /home/runner/work/ozone/ozone/hadoop-ozone/integration-test/target/test-dir/MiniOzoneClusterImpl-a52b7a0b-0bee-460e-a951-14c7f8ebc071/datanode-1/data-0/containers/hdds of storage type : DISK capacity : 9223372036854775807
2023-06-25 20:38:07,007 [main] INFO  volume.MutableVolumeSet (MutableVolumeSet.java:initializeVolumeSet(175)) - Added Volume : /home/runner/work/ozone/ozone/hadoop-ozone/integration-test/target/test-dir/MiniOzoneClusterImpl-a52b7a0b-0bee-460e-a951-14c7f8ebc071/datanode-1/data-0/containers/hdds to VolumeSet
2023-06-25 20:38:07,007 [main] INFO  volume.ThrottledAsyncChecker (ThrottledAsyncChecker.java:schedule(141)) - Scheduling a check for /home/runner/work/ozone/ozone/hadoop-ozone/integration-test/target/test-dir/MiniOzoneClusterImpl-a52b7a0b-0bee-460e-a951-14c7f8ebc071/datanode-1/data-0/containers/hdds
2023-06-25 20:38:07,008 [main] INFO  volume.StorageVolumeChecker (StorageVolumeChecker.java:checkAllVolumes(202)) - Scheduled health check for volume /home/runner/work/ozone/ozone/hadoop-ozone/integration-test/target/test-dir/MiniOzoneClusterImpl-a52b7a0b-0bee-460e-a951-14c7f8ebc071/datanode-1/data-0/containers/hdds
2023-06-25 20:38:07,021 [main] INFO  volume.MutableVolumeSet (MutableVolumeSet.java:initializeVolumeSet(175)) - Added Volume : /home/runner/work/ozone/ozone/hadoop-ozone/integration-test/target/test-dir/MiniOzoneClusterImpl-a52b7a0b-0bee-460e-a951-14c7f8ebc071/datanode-1/data/ratis to VolumeSet
2023-06-25 20:38:07,022 [main] INFO  volume.ThrottledAsyncChecker (ThrottledAsyncChecker.java:schedule(141)) - Scheduling a check for /home/runner/work/ozone/ozone/hadoop-ozone/integration-test/target/test-dir/MiniOzoneClusterImpl-a52b7a0b-0bee-460e-a951-14c7f8ebc071/datanode-1/data/ratis
2023-06-25 20:38:07,024 [main] INFO  volume.StorageVolumeChecker (StorageVolumeChecker.java:checkAllVolumes(202)) - Scheduled health check for volume /home/runner/work/ozone/ozone/hadoop-ozone/integration-test/target/test-dir/MiniOzoneClusterImpl-a52b7a0b-0bee-460e-a951-14c7f8ebc071/datanode-1/data/ratis
2023-06-25 20:38:07,041 [Thread-1060] INFO  ozoneimpl.ContainerReader (ContainerReader.java:readVolume(175)) - Finish verifying containers on volume /home/runner/work/ozone/ozone/hadoop-ozone/integration-test/target/test-dir/MiniOzoneClusterImpl-a52b7a0b-0bee-460e-a951-14c7f8ebc071/datanode-1/data-0/containers/hdds
2023-06-25 20:38:07,041 [main] INFO  ozoneimpl.OzoneContainer (OzoneContainer.java:buildContainerSet(316)) - Build ContainerSet costs 0s
2023-06-25 20:38:07,044 [main] INFO  server.RaftServer (ConfUtils.java:logGet(46)) - raft.rpc.type = GRPC (default)
2023-06-25 20:38:07,045 [main] INFO  grpc.GrpcConfigKeys (ConfUtils.java:logFallback(53)) - raft.grpc.admin.host = null (fallback to raft.grpc.server.host)
2023-06-25 20:38:07,045 [main] INFO  grpc.GrpcConfigKeys (ConfUtils.java:logGet(46)) - raft.grpc.admin.port = 15057 (custom)
2023-06-25 20:38:07,045 [main] INFO  grpc.GrpcConfigKeys (ConfUtils.java:logFallback(53)) - raft.grpc.client.host = null (fallback to raft.grpc.server.host)
2023-06-25 20:38:07,046 [main] INFO  grpc.GrpcConfigKeys (ConfUtils.java:logGet(46)) - raft.grpc.client.port = 15056 (custom)
2023-06-25 20:38:07,046 [main] INFO  grpc.GrpcConfigKeys (ConfUtils.java:logGet(46)) - raft.grpc.server.host = null (default)
2023-06-25 20:38:07,046 [main] INFO  grpc.GrpcConfigKeys (ConfUtils.java:logGet(46)) - raft.grpc.server.port = 15058 (custom)
2023-06-25 20:38:07,046 [main] INFO  server.GrpcService (ConfUtils.java:logGet(46)) - raft.grpc.message.size.max = 32MB (=33554432) (custom)
2023-06-25 20:38:07,047 [main] INFO  server.RaftServerConfigKeys (ConfUtils.java:logGet(46)) - raft.server.log.appender.buffer.byte-limit = 33554432 (custom)
2023-06-25 20:38:07,047 [main] INFO  server.GrpcService (ConfUtils.java:logGet(46)) - raft.grpc.flow.control.window = 5MB (=5242880) (custom)
2023-06-25 20:38:07,047 [main] INFO  server.RaftServerConfigKeys (ConfUtils.java:logGet(46)) - raft.server.rpc.request.timeout = 60s (custom)
2023-06-25 20:38:07,047 [main] INFO  grpc.GrpcConfigKeys (ConfUtils.java:logGet(46)) - raft.grpc.server.heartbeat.channel = true (default)
2023-06-25 20:38:07,047 [main] INFO  grpc.GrpcConfigKeys (ConfUtils.java:logGet(46)) - raft.grpc.server.async.request.thread.pool.cached = true (default)
2023-06-25 20:38:07,047 [main] INFO  grpc.GrpcConfigKeys (ConfUtils.java:logGet(46)) - raft.grpc.server.async.request.thread.pool.size = 32 (default)
2023-06-25 20:38:07,050 [main] INFO  impl.DataStreamServerImpl (ConfUtils.java:logGet(46)) - raft.datastream.type = NETTY (custom)
2023-06-25 20:38:07,051 [main] INFO  server.RaftServerConfigKeys (ConfUtils.java:logGet(46)) - raft.server.data-stream.async.request.thread.pool.cached = false (default)
2023-06-25 20:38:07,051 [main] INFO  server.RaftServerConfigKeys (ConfUtils.java:logGet(46)) - raft.server.data-stream.async.request.thread.pool.size = 20 (custom)
2023-06-25 20:38:07,051 [main] INFO  server.RaftServerConfigKeys (ConfUtils.java:logGet(46)) - raft.server.data-stream.async.write.thread.pool.size = 16 (default)
2023-06-25 20:38:07,052 [main] INFO  server.RaftServerConfigKeys (ConfUtils.java:logGet(46)) - raft.server.data-stream.client.pool.size = 10 (default)
2023-06-25 20:38:07,052 [main] INFO  netty.NettyConfigKeys$DataStream (ConfUtils.java:logGet(46)) - raft.netty.dataStream.server.use-epoll = false (default)
2023-06-25 20:38:07,052 [main] INFO  netty.NettyConfigKeys$DataStream (ConfUtils.java:logGet(46)) - raft.netty.dataStream.server.boss-group.size = 0 (default)
2023-06-25 20:38:07,053 [main] INFO  netty.NettyConfigKeys$DataStream (ConfUtils.java:logGet(46)) - raft.netty.dataStream.server.worker-group.size = 0 (default)
2023-06-25 20:38:07,053 [main] INFO  netty.NettyConfigKeys$DataStream (ConfUtils.java:logGet(46)) - raft.netty.dataStream.server.tls.conf = null (default)
2023-06-25 20:38:07,053 [main] INFO  netty.NettyConfigKeys$DataStream (ConfUtils.java:logGet(46)) - raft.netty.dataStream.host = null (default)
2023-06-25 20:38:07,053 [main] INFO  netty.NettyConfigKeys$DataStream (ConfUtils.java:logGet(46)) - raft.netty.dataStream.port = 15059 (custom)
2023-06-25 20:38:07,056 [main] INFO  server.RaftServerConfigKeys (ConfUtils.java:logGet(46)) - raft.server.threadpool.proxy.cached = true (default)
2023-06-25 20:38:07,056 [main] INFO  server.RaftServerConfigKeys (ConfUtils.java:logGet(46)) - raft.server.threadpool.proxy.size = 0 (default)
2023-06-25 20:38:07,056 [main] INFO  server.RaftServerConfigKeys (ConfUtils.java:logGet(46)) - raft.server.rpc.slowness.timeout = 300s (custom)
2023-06-25 20:38:07,056 [main] INFO  server.RaftServerConfigKeys (ConfUtils.java:logGet(46)) - raft.server.leaderelection.leader.step-down.wait-time = 10s (default)
2023-06-25 20:38:07,057 [main] INFO  server.RaftServerConfigKeys (ConfUtils.java:logGet(46)) - raft.server.storage.dir = [/home/runner/work/ozone/ozone/hadoop-ozone/integration-test/target/test-dir/MiniOzoneClusterImpl-a52b7a0b-0bee-460e-a951-14c7f8ebc071/datanode-1/data/ratis] (custom)
2023-06-25 20:38:07,057 [52f6f94e-d183-4208-9d90-b23f37a7c382-NettyServerStreamRpc-bossGroup--thread1] INFO  logging.LoggingHandler (AbstractInternalLogger.java:log(148)) - [id: 0xef9e5fb3] REGISTERED
2023-06-25 20:38:07,058 [52f6f94e-d183-4208-9d90-b23f37a7c382-NettyServerStreamRpc-bossGroup--thread1] INFO  logging.LoggingHandler (AbstractInternalLogger.java:log(148)) - [id: 0xef9e5fb3] BIND: 0.0.0.0/0.0.0.0:15059
2023-06-25 20:38:07,058 [52f6f94e-d183-4208-9d90-b23f37a7c382-NettyServerStreamRpc-bossGroup--thread1] INFO  logging.LoggingHandler (AbstractInternalLogger.java:log(148)) - [id: 0xef9e5fb3, L:/0:0:0:0:0:0:0:0:15059] ACTIVE
2023-06-25 20:38:07,059 [main] INFO  server.XceiverServerGrpc (XceiverServerGrpc.java:<init>(132)) - GrpcServer channel type EpollServerSocketChannel
2023-06-25 20:38:07,062 [main] INFO  replication.ReplicationSupervisor (ReplicationSupervisor.java:nodeStateUpdated(305)) - Node state updated to IN_SERVICE, scaling executor pool size to 10
2023-06-25 20:38:07,065 [main] INFO  http.BaseHttpServer (BaseHttpServer.java:newHttpServer2BuilderForOzone(224)) - Starting Web-server for hddsDatanode at: http://0.0.0.0:15053
2023-06-25 20:38:07,065 [main] INFO  http.BaseHttpServer (BaseHttpServer.java:<init>(111)) - Hadoop Security Enabled: false Ozone Security Enabled: false Ozone HTTP Security Enabled: false 
2023-06-25 20:38:07,066 [main] WARN  server.AuthenticationFilter (AuthenticationFilter.java:constructSecretProvider(240)) - Unable to initialize FileSignerSecretProvider, falling back to use random secrets. Reason: Could not read signature secret file: /home/runner/hadoop-http-auth-signature-secret
2023-06-25 20:38:07,067 [main] INFO  http.HttpRequestLog (HttpRequestLog.java:getRequestLog(86)) - Http request log for http.requests.hddsDatanode is not defined
2023-06-25 20:38:07,070 [main] INFO  http.HttpServer2 (HttpServer2.java:addGlobalFilter(1031)) - Added global filter 'safety' (class=org.apache.hadoop.hdds.server.http.HttpServer2$QuotingInputFilter)
2023-06-25 20:38:07,070 [main] INFO  http.HttpServer2 (HttpServer2.java:addFilter(1007)) - Added filter static_user_filter (class=org.apache.hadoop.http.lib.StaticUserWebFilter$StaticUserFilter) to context hddsDatanode
2023-06-25 20:38:07,071 [main] INFO  http.HttpServer2 (HttpServer2.java:addFilter(1015)) - Added filter static_user_filter (class=org.apache.hadoop.http.lib.StaticUserWebFilter$StaticUserFilter) to context logs
2023-06-25 20:38:07,071 [main] INFO  http.HttpServer2 (HttpServer2.java:addFilter(1015)) - Added filter static_user_filter (class=org.apache.hadoop.http.lib.StaticUserWebFilter$StaticUserFilter) to context static
2023-06-25 20:38:07,072 [main] INFO  http.BaseHttpServer (BaseHttpServer.java:<init>(190)) - HTTP server of hddsDatanode uses base directory /home/runner/work/ozone/ozone/hadoop-ozone/integration-test/target/test-dir/MiniOzoneClusterImpl-a52b7a0b-0bee-460e-a951-14c7f8ebc071/datanode-1/meta/webserver
2023-06-25 20:38:07,072 [main] INFO  http.HttpServer2 (HttpServer2.java:bindListener(1250)) - Jetty bound to port 15053
2023-06-25 20:38:07,072 [main] INFO  server.Server (Server.java:doStart(375)) - jetty-9.4.51.v20230217; built: 2023-02-17T08:19:37.309Z; git: b45c405e4544384de066f814ed42ae3dceacdd49; jvm 1.8.0_372-b07
2023-06-25 20:38:07,074 [main] INFO  server.session (DefaultSessionIdManager.java:doStart(334)) - DefaultSessionIdManager workerName=node0
2023-06-25 20:38:07,074 [main] INFO  server.session (DefaultSessionIdManager.java:doStart(339)) - No SessionScavenger set, using defaults
2023-06-25 20:38:07,075 [main] INFO  server.session (HouseKeeper.java:startScavenging(132)) - node0 Scavenging every 600000ms
2023-06-25 20:38:07,076 [main] INFO  handler.ContextHandler (ContextHandler.java:doStart(921)) - Started o.e.j.s.ServletContextHandler@7032e80e{logs,/logs,file:///home/runner/work/ozone/ozone/hadoop-ozone/integration-test/target/log,AVAILABLE}
2023-06-25 20:38:07,076 [main] INFO  handler.ContextHandler (ContextHandler.java:doStart(921)) - Started o.e.j.s.ServletContextHandler@29185b54{static,/static,jar:file:/home/runner/.m2/repository/org/apache/ozone/hdds-container-service/1.4.0-SNAPSHOT/hdds-container-service-1.4.0-SNAPSHOT.jar!/webapps/static,AVAILABLE}
2023-06-25 20:38:07,313 [main] INFO  handler.ContextHandler (ContextHandler.java:doStart(921)) - Started o.e.j.w.WebAppContext@b514ef9{hddsDatanode,/,file:///home/runner/work/ozone/ozone/hadoop-ozone/integration-test/target/test-dir/MiniOzoneClusterImpl-a52b7a0b-0bee-460e-a951-14c7f8ebc071/datanode-1/meta/webserver/jetty-0_0_0_0-15053-hdds-container-service-1_4_0-SNAPSHOT_jar-_-any-4131336730248348864/webapp/,AVAILABLE}{jar:file:/home/runner/.m2/repository/org/apache/ozone/hdds-container-service/1.4.0-SNAPSHOT/hdds-container-service-1.4.0-SNAPSHOT.jar!/webapps/hddsDatanode}
2023-06-25 20:38:07,314 [main] INFO  server.AbstractConnector (AbstractConnector.java:doStart(333)) - Started ServerConnector@38b786b6{HTTP/1.1, (http/1.1)}{0.0.0.0:15053}
2023-06-25 20:38:07,315 [main] INFO  server.Server (Server.java:doStart(415)) - Started @64798ms
2023-06-25 20:38:07,315 [main] WARN  impl.MetricsSystemImpl (MetricsSystemImpl.java:register(279)) - Sink prometheus already exists!
2023-06-25 20:38:07,316 [main] INFO  http.BaseHttpServer (BaseHttpServer.java:updateConnectorAddress(344)) - HTTP server of hddsDatanode listening at http://0.0.0.0:15053
2023-06-25 20:38:07,317 [main] INFO  ipc.CallQueueManager (CallQueueManager.java:<init>(90)) - Using callQueue: class java.util.concurrent.LinkedBlockingQueue, queueCapacity: 100, scheduler: class org.apache.hadoop.ipc.DefaultRpcScheduler, ipcBackoff: false.
2023-06-25 20:38:07,318 [Socket Reader #1 for port 15054] INFO  ipc.Server (Server.java:run(1319)) - Starting Socket Reader #1 for port 15054
2023-06-25 20:38:07,323 [Listener at 0.0.0.0/15054] INFO  hdds.HddsUtils (HddsUtils.java:preserveThreadName(848)) - Restoring thread name: main
2023-06-25 20:38:07,323 [main] INFO  ozone.HddsDatanodeService (HddsDatanodeService.java:start(335)) - Datanode start with admins: [runner]
2023-06-25 20:38:07,323 [main] INFO  ozone.HddsDatanodeClientProtocolServer (HddsDatanodeClientProtocolServer.java:start(72)) - RPC server for Client /0.0.0.0:15054
2023-06-25 20:38:07,324 [IPC Server Responder] INFO  ipc.Server (Server.java:run(1558)) - IPC Server Responder: starting
2023-06-25 20:38:07,324 [IPC Server listener on 15054] INFO  ipc.Server (Server.java:run(1398)) - IPC Server listener on 15054: starting
2023-06-25 20:38:07,325 [main] WARN  impl.MetricRegistriesImpl (MetricRegistriesImpl.java:addReporterRegistration(111)) - New reporters are added after registries were created. Some metrics will be missing from the reporter. Please add reporter before adding any new registry.
2023-06-25 20:38:07,325 [main] WARN  impl.MetricRegistriesImpl (MetricRegistriesImpl.java:addReporterRegistration(111)) - New reporters are added after registries were created. Some metrics will be missing from the reporter. Please add reporter before adding any new registry.
2023-06-25 20:38:07,325 [main] INFO  impl.MetricsSystemImpl (MetricsSystemImpl.java:init(158)) - HddsDatanode metrics system started (again)
2023-06-25 20:38:07,343 [Datanode State Machine Daemon Thread] INFO  statemachine.DatanodeStateMachine (DatanodeStateMachine.java:lambda$startDaemon$0(531)) - Ozone container server started.
2023-06-25 20:38:07,352 [Datanode State Machine Task Thread - 0] INFO  datanode.InitDatanodeState (InitDatanodeState.java:persistContainerDatanodeDetails(138)) - DatanodeDetails is persisted to /home/runner/work/ozone/ozone/hadoop-ozone/integration-test/target/test-dir/MiniOzoneClusterImpl-a52b7a0b-0bee-460e-a951-14c7f8ebc071/datanode-1/meta/datanode.id
2023-06-25 20:38:07,354 [main] INFO  ozone.HddsDatanodeService (HddsDatanodeService.java:start(257)) - HddsDatanodeService host:fv-az808-130.wa3tte2ragoufbcbawjciesdkc.bx.internal.cloudapp.net ip:10.1.0.20
2023-06-25 20:38:07,388 [main] INFO  upgrade.AbstractLayoutVersionManager (AbstractLayoutVersionManager.java:init(83)) - Initializing Layout version manager with metadata layout = HADOOP_PRC_PORTS_IN_DATANODEDETAILS (version = 7), software layout = HADOOP_PRC_PORTS_IN_DATANODEDETAILS (version = 7)
2023-06-25 20:38:07,388 [main] INFO  statemachine.DatanodeStateMachine (DatanodeStateMachine.java:getEndPointTaskThreadPoolSize(279)) - Datanode State Machine Task Thread Pool size 2
2023-06-25 20:38:07,390 [main] INFO  volume.HddsVolume (HddsVolume.java:<init>(130)) - Creating HddsVolume: /home/runner/work/ozone/ozone/hadoop-ozone/integration-test/target/test-dir/MiniOzoneClusterImpl-a52b7a0b-0bee-460e-a951-14c7f8ebc071/datanode-2/data-0/containers/hdds of storage type : DISK capacity : 9223372036854775807
2023-06-25 20:38:07,391 [main] INFO  volume.MutableVolumeSet (MutableVolumeSet.java:initializeVolumeSet(175)) - Added Volume : /home/runner/work/ozone/ozone/hadoop-ozone/integration-test/target/test-dir/MiniOzoneClusterImpl-a52b7a0b-0bee-460e-a951-14c7f8ebc071/datanode-2/data-0/containers/hdds to VolumeSet
2023-06-25 20:38:07,391 [main] INFO  volume.ThrottledAsyncChecker (ThrottledAsyncChecker.java:schedule(141)) - Scheduling a check for /home/runner/work/ozone/ozone/hadoop-ozone/integration-test/target/test-dir/MiniOzoneClusterImpl-a52b7a0b-0bee-460e-a951-14c7f8ebc071/datanode-2/data-0/containers/hdds
2023-06-25 20:38:07,395 [main] INFO  volume.StorageVolumeChecker (StorageVolumeChecker.java:checkAllVolumes(202)) - Scheduled health check for volume /home/runner/work/ozone/ozone/hadoop-ozone/integration-test/target/test-dir/MiniOzoneClusterImpl-a52b7a0b-0bee-460e-a951-14c7f8ebc071/datanode-2/data-0/containers/hdds
2023-06-25 20:38:07,409 [main] INFO  volume.MutableVolumeSet (MutableVolumeSet.java:initializeVolumeSet(175)) - Added Volume : /home/runner/work/ozone/ozone/hadoop-ozone/integration-test/target/test-dir/MiniOzoneClusterImpl-a52b7a0b-0bee-460e-a951-14c7f8ebc071/datanode-2/data/ratis to VolumeSet
2023-06-25 20:38:07,409 [main] INFO  volume.ThrottledAsyncChecker (ThrottledAsyncChecker.java:schedule(141)) - Scheduling a check for /home/runner/work/ozone/ozone/hadoop-ozone/integration-test/target/test-dir/MiniOzoneClusterImpl-a52b7a0b-0bee-460e-a951-14c7f8ebc071/datanode-2/data/ratis
2023-06-25 20:38:07,409 [main] INFO  volume.StorageVolumeChecker (StorageVolumeChecker.java:checkAllVolumes(202)) - Scheduled health check for volume /home/runner/work/ozone/ozone/hadoop-ozone/integration-test/target/test-dir/MiniOzoneClusterImpl-a52b7a0b-0bee-460e-a951-14c7f8ebc071/datanode-2/data/ratis
2023-06-25 20:38:07,422 [Thread-1077] INFO  ozoneimpl.ContainerReader (ContainerReader.java:readVolume(175)) - Finish verifying containers on volume /home/runner/work/ozone/ozone/hadoop-ozone/integration-test/target/test-dir/MiniOzoneClusterImpl-a52b7a0b-0bee-460e-a951-14c7f8ebc071/datanode-2/data-0/containers/hdds
2023-06-25 20:38:07,422 [main] INFO  ozoneimpl.OzoneContainer (OzoneContainer.java:buildContainerSet(316)) - Build ContainerSet costs 0s
2023-06-25 20:38:07,425 [main] INFO  server.RaftServer (ConfUtils.java:logGet(46)) - raft.rpc.type = GRPC (default)
2023-06-25 20:38:07,425 [main] INFO  grpc.GrpcConfigKeys (ConfUtils.java:logFallback(53)) - raft.grpc.admin.host = null (fallback to raft.grpc.server.host)
2023-06-25 20:38:07,425 [main] INFO  grpc.GrpcConfigKeys (ConfUtils.java:logGet(46)) - raft.grpc.admin.port = 15066 (custom)
2023-06-25 20:38:07,426 [main] INFO  grpc.GrpcConfigKeys (ConfUtils.java:logFallback(53)) - raft.grpc.client.host = null (fallback to raft.grpc.server.host)
2023-06-25 20:38:07,426 [main] INFO  grpc.GrpcConfigKeys (ConfUtils.java:logGet(46)) - raft.grpc.client.port = 15065 (custom)
2023-06-25 20:38:07,426 [main] INFO  grpc.GrpcConfigKeys (ConfUtils.java:logGet(46)) - raft.grpc.server.host = null (default)
2023-06-25 20:38:07,426 [main] INFO  grpc.GrpcConfigKeys (ConfUtils.java:logGet(46)) - raft.grpc.server.port = 15067 (custom)
2023-06-25 20:38:07,426 [main] INFO  server.GrpcService (ConfUtils.java:logGet(46)) - raft.grpc.message.size.max = 32MB (=33554432) (custom)
2023-06-25 20:38:07,427 [main] INFO  server.RaftServerConfigKeys (ConfUtils.java:logGet(46)) - raft.server.log.appender.buffer.byte-limit = 33554432 (custom)
2023-06-25 20:38:07,427 [main] INFO  server.GrpcService (ConfUtils.java:logGet(46)) - raft.grpc.flow.control.window = 5MB (=5242880) (custom)
2023-06-25 20:38:07,427 [main] INFO  server.RaftServerConfigKeys (ConfUtils.java:logGet(46)) - raft.server.rpc.request.timeout = 60s (custom)
2023-06-25 20:38:07,427 [main] INFO  grpc.GrpcConfigKeys (ConfUtils.java:logGet(46)) - raft.grpc.server.heartbeat.channel = true (default)
2023-06-25 20:38:07,428 [main] INFO  grpc.GrpcConfigKeys (ConfUtils.java:logGet(46)) - raft.grpc.server.async.request.thread.pool.cached = true (default)
2023-06-25 20:38:07,428 [main] INFO  grpc.GrpcConfigKeys (ConfUtils.java:logGet(46)) - raft.grpc.server.async.request.thread.pool.size = 32 (default)
2023-06-25 20:38:07,431 [main] INFO  impl.DataStreamServerImpl (ConfUtils.java:logGet(46)) - raft.datastream.type = NETTY (custom)
2023-06-25 20:38:07,432 [main] INFO  server.RaftServerConfigKeys (ConfUtils.java:logGet(46)) - raft.server.data-stream.async.request.thread.pool.cached = false (default)
2023-06-25 20:38:07,432 [main] INFO  server.RaftServerConfigKeys (ConfUtils.java:logGet(46)) - raft.server.data-stream.async.request.thread.pool.size = 20 (custom)
2023-06-25 20:38:07,432 [main] INFO  server.RaftServerConfigKeys (ConfUtils.java:logGet(46)) - raft.server.data-stream.async.write.thread.pool.size = 16 (default)
2023-06-25 20:38:07,432 [main] INFO  server.RaftServerConfigKeys (ConfUtils.java:logGet(46)) - raft.server.data-stream.client.pool.size = 10 (default)
2023-06-25 20:38:07,433 [main] INFO  netty.NettyConfigKeys$DataStream (ConfUtils.java:logGet(46)) - raft.netty.dataStream.server.use-epoll = false (default)
2023-06-25 20:38:07,433 [main] INFO  netty.NettyConfigKeys$DataStream (ConfUtils.java:logGet(46)) - raft.netty.dataStream.server.boss-group.size = 0 (default)
2023-06-25 20:38:07,433 [main] INFO  netty.NettyConfigKeys$DataStream (ConfUtils.java:logGet(46)) - raft.netty.dataStream.server.worker-group.size = 0 (default)
2023-06-25 20:38:07,434 [main] INFO  netty.NettyConfigKeys$DataStream (ConfUtils.java:logGet(46)) - raft.netty.dataStream.server.tls.conf = null (default)
2023-06-25 20:38:07,434 [main] INFO  netty.NettyConfigKeys$DataStream (ConfUtils.java:logGet(46)) - raft.netty.dataStream.host = null (default)
2023-06-25 20:38:07,434 [main] INFO  netty.NettyConfigKeys$DataStream (ConfUtils.java:logGet(46)) - raft.netty.dataStream.port = 15068 (custom)
2023-06-25 20:38:07,435 [main] INFO  server.RaftServerConfigKeys (ConfUtils.java:logGet(46)) - raft.server.threadpool.proxy.cached = true (default)
2023-06-25 20:38:07,435 [main] INFO  server.RaftServerConfigKeys (ConfUtils.java:logGet(46)) - raft.server.threadpool.proxy.size = 0 (default)
2023-06-25 20:38:07,435 [main] INFO  server.RaftServerConfigKeys (ConfUtils.java:logGet(46)) - raft.server.rpc.slowness.timeout = 300s (custom)
2023-06-25 20:38:07,436 [main] INFO  server.RaftServerConfigKeys (ConfUtils.java:logGet(46)) - raft.server.leaderelection.leader.step-down.wait-time = 10s (default)
2023-06-25 20:38:07,436 [main] INFO  server.RaftServerConfigKeys (ConfUtils.java:logGet(46)) - raft.server.storage.dir = [/home/runner/work/ozone/ozone/hadoop-ozone/integration-test/target/test-dir/MiniOzoneClusterImpl-a52b7a0b-0bee-460e-a951-14c7f8ebc071/datanode-2/data/ratis] (custom)
2023-06-25 20:38:07,436 [c86d5a2f-2db4-4f76-adc6-5061d66575f1-NettyServerStreamRpc-bossGroup--thread1] INFO  logging.LoggingHandler (AbstractInternalLogger.java:log(148)) - [id: 0x0b262675] REGISTERED
2023-06-25 20:38:07,436 [c86d5a2f-2db4-4f76-adc6-5061d66575f1-NettyServerStreamRpc-bossGroup--thread1] INFO  logging.LoggingHandler (AbstractInternalLogger.java:log(148)) - [id: 0x0b262675] BIND: 0.0.0.0/0.0.0.0:15068
2023-06-25 20:38:07,437 [c86d5a2f-2db4-4f76-adc6-5061d66575f1-NettyServerStreamRpc-bossGroup--thread1] INFO  logging.LoggingHandler (AbstractInternalLogger.java:log(148)) - [id: 0x0b262675, L:/0:0:0:0:0:0:0:0:15068] ACTIVE
2023-06-25 20:38:07,438 [main] INFO  server.XceiverServerGrpc (XceiverServerGrpc.java:<init>(132)) - GrpcServer channel type EpollServerSocketChannel
2023-06-25 20:38:07,440 [main] INFO  replication.ReplicationSupervisor (ReplicationSupervisor.java:nodeStateUpdated(305)) - Node state updated to IN_SERVICE, scaling executor pool size to 10
2023-06-25 20:38:07,442 [main] INFO  http.BaseHttpServer (BaseHttpServer.java:newHttpServer2BuilderForOzone(224)) - Starting Web-server for hddsDatanode at: http://0.0.0.0:15062
2023-06-25 20:38:07,442 [main] INFO  http.BaseHttpServer (BaseHttpServer.java:<init>(111)) - Hadoop Security Enabled: false Ozone Security Enabled: false Ozone HTTP Security Enabled: false 
2023-06-25 20:38:07,444 [main] WARN  server.AuthenticationFilter (AuthenticationFilter.java:constructSecretProvider(240)) - Unable to initialize FileSignerSecretProvider, falling back to use random secrets. Reason: Could not read signature secret file: /home/runner/hadoop-http-auth-signature-secret
2023-06-25 20:38:07,445 [main] INFO  http.HttpRequestLog (HttpRequestLog.java:getRequestLog(86)) - Http request log for http.requests.hddsDatanode is not defined
2023-06-25 20:38:07,447 [main] INFO  http.HttpServer2 (HttpServer2.java:addGlobalFilter(1031)) - Added global filter 'safety' (class=org.apache.hadoop.hdds.server.http.HttpServer2$QuotingInputFilter)
2023-06-25 20:38:07,447 [main] INFO  http.HttpServer2 (HttpServer2.java:addFilter(1007)) - Added filter static_user_filter (class=org.apache.hadoop.http.lib.StaticUserWebFilter$StaticUserFilter) to context hddsDatanode
2023-06-25 20:38:07,448 [main] INFO  http.HttpServer2 (HttpServer2.java:addFilter(1015)) - Added filter static_user_filter (class=org.apache.hadoop.http.lib.StaticUserWebFilter$StaticUserFilter) to context static
2023-06-25 20:38:07,448 [main] INFO  http.HttpServer2 (HttpServer2.java:addFilter(1015)) - Added filter static_user_filter (class=org.apache.hadoop.http.lib.StaticUserWebFilter$StaticUserFilter) to context logs
2023-06-25 20:38:07,448 [main] INFO  http.BaseHttpServer (BaseHttpServer.java:<init>(190)) - HTTP server of hddsDatanode uses base directory /home/runner/work/ozone/ozone/hadoop-ozone/integration-test/target/test-dir/MiniOzoneClusterImpl-a52b7a0b-0bee-460e-a951-14c7f8ebc071/datanode-2/meta/webserver
2023-06-25 20:38:07,449 [main] INFO  http.HttpServer2 (HttpServer2.java:bindListener(1250)) - Jetty bound to port 15062
2023-06-25 20:38:07,449 [main] INFO  server.Server (Server.java:doStart(375)) - jetty-9.4.51.v20230217; built: 2023-02-17T08:19:37.309Z; git: b45c405e4544384de066f814ed42ae3dceacdd49; jvm 1.8.0_372-b07
2023-06-25 20:38:07,451 [main] INFO  server.session (DefaultSessionIdManager.java:doStart(334)) - DefaultSessionIdManager workerName=node0
2023-06-25 20:38:07,451 [main] INFO  server.session (DefaultSessionIdManager.java:doStart(339)) - No SessionScavenger set, using defaults
2023-06-25 20:38:07,451 [main] INFO  server.session (HouseKeeper.java:startScavenging(132)) - node0 Scavenging every 600000ms
2023-06-25 20:38:07,452 [main] INFO  handler.ContextHandler (ContextHandler.java:doStart(921)) - Started o.e.j.s.ServletContextHandler@589c58fb{logs,/logs,file:///home/runner/work/ozone/ozone/hadoop-ozone/integration-test/target/log,AVAILABLE}
2023-06-25 20:38:07,452 [main] INFO  handler.ContextHandler (ContextHandler.java:doStart(921)) - Started o.e.j.s.ServletContextHandler@138efcc{static,/static,jar:file:/home/runner/.m2/repository/org/apache/ozone/hdds-container-service/1.4.0-SNAPSHOT/hdds-container-service-1.4.0-SNAPSHOT.jar!/webapps/static,AVAILABLE}
2023-06-25 20:38:07,602 [om1@group-C5BA1605619E-FollowerState] INFO  impl.FollowerState (FollowerState.java:run(143)) - om1@group-C5BA1605619E-FollowerState: change to CANDIDATE, lastRpcElapsedTime:1118789269ns, electionTimeout:1118ms
2023-06-25 20:38:07,602 [om1@group-C5BA1605619E-FollowerState] INFO  impl.RoleInfo (RoleInfo.java:shutdownFollowerState(110)) - om1: shutdown om1@group-C5BA1605619E-FollowerState
2023-06-25 20:38:07,603 [om1@group-C5BA1605619E-FollowerState] INFO  server.RaftServer$Division (RaftServerImpl.java:setRole(329)) - om1@group-C5BA1605619E: changes role from  FOLLOWER to CANDIDATE at term 0 for changeToCandidate
2023-06-25 20:38:07,603 [om1@group-C5BA1605619E-FollowerState] INFO  server.RaftServerConfigKeys (ConfUtils.java:logGet(46)) - raft.server.leaderelection.pre-vote = true (default)
2023-06-25 20:38:07,603 [om1@group-C5BA1605619E-FollowerState] INFO  impl.RoleInfo (RoleInfo.java:updateAndGet(139)) - om1: start om1@group-C5BA1605619E-LeaderElection9
2023-06-25 20:38:07,604 [om1@group-C5BA1605619E-LeaderElection9] INFO  impl.LeaderElection (LeaderElection.java:askForVotes(321)) - om1@group-C5BA1605619E-LeaderElection9 PRE_VOTE round 0: submit vote requests at term 0 for -1: peers:[om1|rpc:localhost:15042|priority:0|startupRole:FOLLOWER]|listeners:[], old=null
2023-06-25 20:38:07,605 [om1@group-C5BA1605619E-LeaderElection9] INFO  impl.LeaderElection (LeaderElection.java:askForVotes(323)) - om1@group-C5BA1605619E-LeaderElection9 PRE_VOTE round 0: result PASSED (term=0)
2023-06-25 20:38:07,607 [om1@group-C5BA1605619E-LeaderElection9] INFO  impl.LeaderElection (LeaderElection.java:askForVotes(321)) - om1@group-C5BA1605619E-LeaderElection9 ELECTION round 0: submit vote requests at term 1 for -1: peers:[om1|rpc:localhost:15042|priority:0|startupRole:FOLLOWER]|listeners:[], old=null
2023-06-25 20:38:07,607 [om1@group-C5BA1605619E-LeaderElection9] INFO  impl.LeaderElection (LeaderElection.java:askForVotes(323)) - om1@group-C5BA1605619E-LeaderElection9 ELECTION round 0: result PASSED (term=1)
2023-06-25 20:38:07,607 [om1@group-C5BA1605619E-LeaderElection9] INFO  impl.RoleInfo (RoleInfo.java:shutdownLeaderElection(130)) - om1: shutdown om1@group-C5BA1605619E-LeaderElection9
2023-06-25 20:38:07,607 [om1@group-C5BA1605619E-LeaderElection9] INFO  server.RaftServer$Division (RaftServerImpl.java:setRole(329)) - om1@group-C5BA1605619E: changes role from CANDIDATE to LEADER at term 1 for changeToLeader
2023-06-25 20:38:07,607 [om1@group-C5BA1605619E-LeaderElection9] INFO  server.RaftServer$Division (ServerState.java:setLeader(317)) - om1@group-C5BA1605619E: change Leader from null to om1 at term 1 for becomeLeader, leader elected after 1639ms
2023-06-25 20:38:07,607 [om1@group-C5BA1605619E-LeaderElection9] INFO  server.RaftServerConfigKeys (ConfUtils.java:logGet(46)) - raft.server.staging.catchup.gap = 1000 (default)
2023-06-25 20:38:07,609 [om1@group-C5BA1605619E-LeaderElection9] INFO  server.RaftServerConfigKeys (ConfUtils.java:logGet(46)) - raft.server.write.element-limit = 4096 (default)
2023-06-25 20:38:07,609 [om1@group-C5BA1605619E-LeaderElection9] INFO  server.RaftServerConfigKeys (ConfUtils.java:logGet(46)) - raft.server.write.byte-limit = 64MB (=67108864) (default)
2023-06-25 20:38:07,609 [om1@group-C5BA1605619E-LeaderElection9] INFO  server.RaftServerConfigKeys (ConfUtils.java:logGet(46)) - raft.server.watch.timeout = 10s (default)
2023-06-25 20:38:07,609 [om1@group-C5BA1605619E-LeaderElection9] INFO  server.RaftServerConfigKeys (ConfUtils.java:logGet(46)) - raft.server.watch.timeout.denomination = 1s (default)
2023-06-25 20:38:07,609 [om1@group-C5BA1605619E-LeaderElection9] INFO  server.RaftServerConfigKeys (ConfUtils.java:logGet(46)) - raft.server.watch.element-limit = 65536 (default)
2023-06-25 20:38:07,609 [om1@group-C5BA1605619E-LeaderElection9] INFO  server.RaftServerConfigKeys (ConfUtils.java:logGet(46)) - raft.server.write.element-limit = 4096 (default)
2023-06-25 20:38:07,609 [om1@group-C5BA1605619E-LeaderElection9] INFO  server.RaftServerConfigKeys (ConfUtils.java:logGet(46)) - raft.server.write.follower.gap.ratio.max = -1.0 (default)
2023-06-25 20:38:07,609 [om1@group-C5BA1605619E-LeaderElection9] INFO  impl.RoleInfo (RoleInfo.java:updateAndGet(139)) - om1: start om1@group-C5BA1605619E-LeaderStateImpl
2023-06-25 20:38:07,610 [om1@group-C5BA1605619E-LeaderElection9] INFO  segmented.SegmentedRaftLogWorker (SegmentedRaftLogWorker.java:startLogSegment(447)) - om1@group-C5BA1605619E-SegmentedRaftLogWorker: Starting segment from index:0
2023-06-25 20:38:07,619 [om1@group-C5BA1605619E-LeaderElection9] INFO  server.RaftServer$Division (ServerState.java:setRaftConf(434)) - om1@group-C5BA1605619E: set configuration 0: peers:[om1|rpc:localhost:15042|admin:|client:|dataStream:|priority:0|startupRole:FOLLOWER]|listeners:[], old=null
2023-06-25 20:38:07,623 [om1@group-C5BA1605619E-SegmentedRaftLogWorker] INFO  segmented.SegmentedRaftLogWorker (SegmentedRaftLogWorker.java:execute(651)) - om1@group-C5BA1605619E-SegmentedRaftLogWorker: created new log segment /home/runner/work/ozone/ozone/hadoop-ozone/integration-test/target/test-dir/MiniOzoneClusterImpl-a52b7a0b-0bee-460e-a951-14c7f8ebc071/ozone-meta/ratis/bf265839-605b-3f16-9796-c5ba1605619e/current/log_inprogress_0
2023-06-25 20:38:07,626 [om1@group-C5BA1605619E-StateMachineUpdater] INFO  ratis.OzoneManagerStateMachine (OzoneManagerStateMachine.java:notifyConfigurationChanged(201)) - Received Configuration change notification from Ratis. New Peer list:
[id: "om1"
address: "localhost:15042"
startupRole: FOLLOWER
]
2023-06-25 20:38:07,683 [main] INFO  handler.ContextHandler (ContextHandler.java:doStart(921)) - Started o.e.j.w.WebAppContext@c49343{hddsDatanode,/,file:///home/runner/work/ozone/ozone/hadoop-ozone/integration-test/target/test-dir/MiniOzoneClusterImpl-a52b7a0b-0bee-460e-a951-14c7f8ebc071/datanode-2/meta/webserver/jetty-0_0_0_0-15062-hdds-container-service-1_4_0-SNAPSHOT_jar-_-any-2675722501127728827/webapp/,AVAILABLE}{jar:file:/home/runner/.m2/repository/org/apache/ozone/hdds-container-service/1.4.0-SNAPSHOT/hdds-container-service-1.4.0-SNAPSHOT.jar!/webapps/hddsDatanode}
2023-06-25 20:38:07,685 [main] INFO  server.AbstractConnector (AbstractConnector.java:doStart(333)) - Started ServerConnector@7e46efa{HTTP/1.1, (http/1.1)}{0.0.0.0:15062}
2023-06-25 20:38:07,685 [main] INFO  server.Server (Server.java:doStart(415)) - Started @65169ms
2023-06-25 20:38:07,686 [main] WARN  impl.MetricsSystemImpl (MetricsSystemImpl.java:register(279)) - Sink prometheus already exists!
2023-06-25 20:38:07,687 [main] INFO  http.BaseHttpServer (BaseHttpServer.java:updateConnectorAddress(344)) - HTTP server of hddsDatanode listening at http://0.0.0.0:15062
2023-06-25 20:38:07,687 [main] INFO  ipc.CallQueueManager (CallQueueManager.java:<init>(90)) - Using callQueue: class java.util.concurrent.LinkedBlockingQueue, queueCapacity: 100, scheduler: class org.apache.hadoop.ipc.DefaultRpcScheduler, ipcBackoff: false.
2023-06-25 20:38:07,688 [Socket Reader #1 for port 15063] INFO  ipc.Server (Server.java:run(1319)) - Starting Socket Reader #1 for port 15063
2023-06-25 20:38:07,691 [Listener at 0.0.0.0/15063] INFO  hdds.HddsUtils (HddsUtils.java:preserveThreadName(848)) - Restoring thread name: main
2023-06-25 20:38:07,691 [main] INFO  ozone.HddsDatanodeService (HddsDatanodeService.java:start(335)) - Datanode start with admins: [runner]
2023-06-25 20:38:07,691 [main] INFO  ozone.HddsDatanodeClientProtocolServer (HddsDatanodeClientProtocolServer.java:start(72)) - RPC server for Client /0.0.0.0:15063
2023-06-25 20:38:07,693 [IPC Server Responder] INFO  ipc.Server (Server.java:run(1558)) - IPC Server Responder: starting
2023-06-25 20:38:07,698 [IPC Server listener on 15063] INFO  ipc.Server (Server.java:run(1398)) - IPC Server listener on 15063: starting
2023-06-25 20:38:07,699 [main] INFO  ozone.MiniOzoneClusterImpl (MiniOzoneClusterImpl.java:lambda$waitForClusterToBeReady$0(224)) - Waiting for nodes to be ready. Got 0 of 3 DN Heartbeats.
2023-06-25 20:38:07,699 [main] INFO  ozone.MiniOzoneClusterImpl (MiniOzoneClusterImpl.java:lambda$waitForClusterToBeReady$0(227)) - Waiting for cluster to exit safe mode
2023-06-25 20:38:07,699 [main] INFO  ozone.MiniOzoneClusterImpl (MiniOzoneClusterImpl.java:lambda$waitForClusterToBeReady$0(229)) - SCM became leader
2023-06-25 20:38:07,700 [Datanode State Machine Daemon Thread] INFO  statemachine.DatanodeStateMachine (DatanodeStateMachine.java:lambda$startDaemon$0(531)) - Ozone container server started.
2023-06-25 20:38:07,710 [Datanode State Machine Task Thread - 0] INFO  datanode.InitDatanodeState (InitDatanodeState.java:persistContainerDatanodeDetails(138)) - DatanodeDetails is persisted to /home/runner/work/ozone/ozone/hadoop-ozone/integration-test/target/test-dir/MiniOzoneClusterImpl-a52b7a0b-0bee-460e-a951-14c7f8ebc071/datanode-2/meta/datanode.id
2023-06-25 20:38:08,699 [main] INFO  ozone.MiniOzoneClusterImpl (MiniOzoneClusterImpl.java:lambda$waitForClusterToBeReady$0(224)) - Waiting for nodes to be ready. Got 0 of 3 DN Heartbeats.
2023-06-25 20:38:08,700 [main] INFO  ozone.MiniOzoneClusterImpl (MiniOzoneClusterImpl.java:lambda$waitForClusterToBeReady$0(227)) - Waiting for cluster to exit safe mode
2023-06-25 20:38:08,700 [main] INFO  ozone.MiniOzoneClusterImpl (MiniOzoneClusterImpl.java:lambda$waitForClusterToBeReady$0(229)) - SCM became leader
2023-06-25 20:38:09,027 [EndpointStateMachine task thread for /0.0.0.0:15037 - 0 ] INFO  utils.DatanodeStoreCache (DatanodeStoreCache.java:addDB(66)) - Added db /home/runner/work/ozone/ozone/hadoop-ozone/integration-test/target/test-dir/MiniOzoneClusterImpl-a52b7a0b-0bee-460e-a951-14c7f8ebc071/datanode-0/data-0/containers/hdds/a52b7a0b-0bee-460e-a951-14c7f8ebc071/DS-497bed6c-ca87-4de1-b6d9-5b1cae074b47/container.db to cache
2023-06-25 20:38:09,027 [EndpointStateMachine task thread for /0.0.0.0:15037 - 0 ] INFO  volume.HddsVolume (HddsVolume.java:createDbStore(350)) - SchemaV3 db is created and loaded at /home/runner/work/ozone/ozone/hadoop-ozone/integration-test/target/test-dir/MiniOzoneClusterImpl-a52b7a0b-0bee-460e-a951-14c7f8ebc071/datanode-0/data-0/containers/hdds/a52b7a0b-0bee-460e-a951-14c7f8ebc071/DS-497bed6c-ca87-4de1-b6d9-5b1cae074b47/container.db for volume DS-497bed6c-ca87-4de1-b6d9-5b1cae074b47
2023-06-25 20:38:09,027 [EndpointStateMachine task thread for /0.0.0.0:15037 - 0 ] INFO  ozoneimpl.OzoneContainer (OzoneContainer.java:start(419)) - Attempting to start container services.
2023-06-25 20:38:09,027 [EndpointStateMachine task thread for /0.0.0.0:15037 - 0 ] INFO  ozoneimpl.OzoneContainer (OzoneContainer.java:startContainerScrub(327)) - Scheduled background container scanners and the on-demand container scanner have been disabled.
2023-06-25 20:38:09,029 [EndpointStateMachine task thread for /0.0.0.0:15037 - 0 ] INFO  replication.ReplicationServer (ReplicationServer.java:start(128)) - ReplicationServer is started using port 15051
2023-06-25 20:38:09,030 [EndpointStateMachine task thread for /0.0.0.0:15037 - 0 ] INFO  ratis.XceiverServerRatis (XceiverServerRatis.java:start(517)) - Starting XceiverServerRatis 9412d3d0-2519-4c22-9a73-1b5e9d001713
2023-06-25 20:38:09,030 [EndpointStateMachine task thread for /0.0.0.0:15037 - 0 ] INFO  server.RaftServer (RaftServerProxy.java:startImpl(400)) - 9412d3d0-2519-4c22-9a73-1b5e9d001713: start RPC server
2023-06-25 20:38:09,036 [EndpointStateMachine task thread for /0.0.0.0:15037 - 0 ] INFO  server.GrpcService (GrpcService.java:startImpl(302)) - 9412d3d0-2519-4c22-9a73-1b5e9d001713: GrpcService started, listening on 15047
2023-06-25 20:38:09,039 [EndpointStateMachine task thread for /0.0.0.0:15037 - 0 ] INFO  server.GrpcService (GrpcService.java:startImpl(302)) - 9412d3d0-2519-4c22-9a73-1b5e9d001713: GrpcService started, listening on 15049
2023-06-25 20:38:09,041 [EndpointStateMachine task thread for /0.0.0.0:15037 - 0 ] INFO  server.GrpcService (GrpcService.java:startImpl(302)) - 9412d3d0-2519-4c22-9a73-1b5e9d001713: GrpcService started, listening on 15048
2023-06-25 20:38:09,044 [EndpointStateMachine task thread for /0.0.0.0:15037 - 0 ] INFO  ratis.XceiverServerRatis (XceiverServerRatis.java:getRealPort(543)) - XceiverServerRatis 9412d3d0-2519-4c22-9a73-1b5e9d001713 is started using port 15047 for RATIS
2023-06-25 20:38:09,044 [EndpointStateMachine task thread for /0.0.0.0:15037 - 0 ] INFO  ratis.XceiverServerRatis (XceiverServerRatis.java:getRealPort(543)) - XceiverServerRatis 9412d3d0-2519-4c22-9a73-1b5e9d001713 is started using port 15048 for RATIS_ADMIN
2023-06-25 20:38:09,044 [EndpointStateMachine task thread for /0.0.0.0:15037 - 0 ] INFO  ratis.XceiverServerRatis (XceiverServerRatis.java:getRealPort(543)) - XceiverServerRatis 9412d3d0-2519-4c22-9a73-1b5e9d001713 is started using port 15049 for RATIS_SERVER
2023-06-25 20:38:09,044 [EndpointStateMachine task thread for /0.0.0.0:15037 - 0 ] INFO  ratis.XceiverServerRatis (XceiverServerRatis.java:getRealPort(543)) - XceiverServerRatis 9412d3d0-2519-4c22-9a73-1b5e9d001713 is started using port 15050 for RATIS_DATASTREAM
2023-06-25 20:38:09,045 [JvmPauseMonitor7] INFO  util.JvmPauseMonitor (JvmPauseMonitor.java:run(103)) - JvmPauseMonitor-9412d3d0-2519-4c22-9a73-1b5e9d001713: Started
2023-06-25 20:38:09,056 [BlockDeletingService#0] INFO  interfaces.ContainerDeletionChoosingPolicyTemplate (ContainerDeletionChoosingPolicyTemplate.java:chooseContainerForBlockDeletion(83)) - Chosen 0/5000 blocks from 0 candidate containers.
2023-06-25 20:38:09,391 [EndpointStateMachine task thread for /0.0.0.0:15037 - 0 ] INFO  utils.DatanodeStoreCache (DatanodeStoreCache.java:addDB(66)) - Added db /home/runner/work/ozone/ozone/hadoop-ozone/integration-test/target/test-dir/MiniOzoneClusterImpl-a52b7a0b-0bee-460e-a951-14c7f8ebc071/datanode-1/data-0/containers/hdds/a52b7a0b-0bee-460e-a951-14c7f8ebc071/DS-ca476492-3098-4611-aee6-9a7f49cbcf53/container.db to cache
2023-06-25 20:38:09,391 [EndpointStateMachine task thread for /0.0.0.0:15037 - 0 ] INFO  volume.HddsVolume (HddsVolume.java:createDbStore(350)) - SchemaV3 db is created and loaded at /home/runner/work/ozone/ozone/hadoop-ozone/integration-test/target/test-dir/MiniOzoneClusterImpl-a52b7a0b-0bee-460e-a951-14c7f8ebc071/datanode-1/data-0/containers/hdds/a52b7a0b-0bee-460e-a951-14c7f8ebc071/DS-ca476492-3098-4611-aee6-9a7f49cbcf53/container.db for volume DS-ca476492-3098-4611-aee6-9a7f49cbcf53
2023-06-25 20:38:09,392 [EndpointStateMachine task thread for /0.0.0.0:15037 - 0 ] INFO  ozoneimpl.OzoneContainer (OzoneContainer.java:start(419)) - Attempting to start container services.
2023-06-25 20:38:09,392 [EndpointStateMachine task thread for /0.0.0.0:15037 - 0 ] INFO  ozoneimpl.OzoneContainer (OzoneContainer.java:startContainerScrub(327)) - Scheduled background container scanners and the on-demand container scanner have been disabled.
2023-06-25 20:38:09,395 [EndpointStateMachine task thread for /0.0.0.0:15037 - 0 ] INFO  replication.ReplicationServer (ReplicationServer.java:start(128)) - ReplicationServer is started using port 15060
2023-06-25 20:38:09,395 [EndpointStateMachine task thread for /0.0.0.0:15037 - 0 ] INFO  ratis.XceiverServerRatis (XceiverServerRatis.java:start(517)) - Starting XceiverServerRatis 52f6f94e-d183-4208-9d90-b23f37a7c382
2023-06-25 20:38:09,396 [EndpointStateMachine task thread for /0.0.0.0:15037 - 0 ] INFO  server.RaftServer (RaftServerProxy.java:startImpl(400)) - 52f6f94e-d183-4208-9d90-b23f37a7c382: start RPC server
2023-06-25 20:38:09,403 [EndpointStateMachine task thread for /0.0.0.0:15037 - 0 ] INFO  server.GrpcService (GrpcService.java:startImpl(302)) - 52f6f94e-d183-4208-9d90-b23f37a7c382: GrpcService started, listening on 15056
2023-06-25 20:38:09,408 [EndpointStateMachine task thread for /0.0.0.0:15037 - 0 ] INFO  server.GrpcService (GrpcService.java:startImpl(302)) - 52f6f94e-d183-4208-9d90-b23f37a7c382: GrpcService started, listening on 15058
2023-06-25 20:38:09,415 [EndpointStateMachine task thread for /0.0.0.0:15037 - 0 ] INFO  server.GrpcService (GrpcService.java:startImpl(302)) - 52f6f94e-d183-4208-9d90-b23f37a7c382: GrpcService started, listening on 15057
2023-06-25 20:38:09,415 [EndpointStateMachine task thread for /0.0.0.0:15037 - 0 ] INFO  ratis.XceiverServerRatis (XceiverServerRatis.java:getRealPort(543)) - XceiverServerRatis 52f6f94e-d183-4208-9d90-b23f37a7c382 is started using port 15056 for RATIS
2023-06-25 20:38:09,415 [EndpointStateMachine task thread for /0.0.0.0:15037 - 0 ] INFO  ratis.XceiverServerRatis (XceiverServerRatis.java:getRealPort(543)) - XceiverServerRatis 52f6f94e-d183-4208-9d90-b23f37a7c382 is started using port 15057 for RATIS_ADMIN
2023-06-25 20:38:09,415 [EndpointStateMachine task thread for /0.0.0.0:15037 - 0 ] INFO  ratis.XceiverServerRatis (XceiverServerRatis.java:getRealPort(543)) - XceiverServerRatis 52f6f94e-d183-4208-9d90-b23f37a7c382 is started using port 15058 for RATIS_SERVER
2023-06-25 20:38:09,415 [EndpointStateMachine task thread for /0.0.0.0:15037 - 0 ] INFO  ratis.XceiverServerRatis (XceiverServerRatis.java:getRealPort(543)) - XceiverServerRatis 52f6f94e-d183-4208-9d90-b23f37a7c382 is started using port 15059 for RATIS_DATASTREAM
2023-06-25 20:38:09,415 [JvmPauseMonitor8] INFO  util.JvmPauseMonitor (JvmPauseMonitor.java:run(103)) - JvmPauseMonitor-52f6f94e-d183-4208-9d90-b23f37a7c382: Started
2023-06-25 20:38:09,429 [BlockDeletingService#0] INFO  interfaces.ContainerDeletionChoosingPolicyTemplate (ContainerDeletionChoosingPolicyTemplate.java:chooseContainerForBlockDeletion(83)) - Chosen 0/5000 blocks from 0 candidate containers.
2023-06-25 20:38:09,700 [main] INFO  ozone.MiniOzoneClusterImpl (MiniOzoneClusterImpl.java:lambda$waitForClusterToBeReady$0(224)) - Waiting for nodes to be ready. Got 0 of 3 DN Heartbeats.
2023-06-25 20:38:09,701 [main] INFO  ozone.MiniOzoneClusterImpl (MiniOzoneClusterImpl.java:lambda$waitForClusterToBeReady$0(227)) - Waiting for cluster to exit safe mode
2023-06-25 20:38:09,701 [main] INFO  ozone.MiniOzoneClusterImpl (MiniOzoneClusterImpl.java:lambda$waitForClusterToBeReady$0(229)) - SCM became leader
2023-06-25 20:38:09,745 [EndpointStateMachine task thread for /0.0.0.0:15037 - 0 ] INFO  utils.DatanodeStoreCache (DatanodeStoreCache.java:addDB(66)) - Added db /home/runner/work/ozone/ozone/hadoop-ozone/integration-test/target/test-dir/MiniOzoneClusterImpl-a52b7a0b-0bee-460e-a951-14c7f8ebc071/datanode-2/data-0/containers/hdds/a52b7a0b-0bee-460e-a951-14c7f8ebc071/DS-fc8b7db1-82a2-4735-be0f-92fbe0146b3e/container.db to cache
2023-06-25 20:38:09,745 [EndpointStateMachine task thread for /0.0.0.0:15037 - 0 ] INFO  volume.HddsVolume (HddsVolume.java:createDbStore(350)) - SchemaV3 db is created and loaded at /home/runner/work/ozone/ozone/hadoop-ozone/integration-test/target/test-dir/MiniOzoneClusterImpl-a52b7a0b-0bee-460e-a951-14c7f8ebc071/datanode-2/data-0/containers/hdds/a52b7a0b-0bee-460e-a951-14c7f8ebc071/DS-fc8b7db1-82a2-4735-be0f-92fbe0146b3e/container.db for volume DS-fc8b7db1-82a2-4735-be0f-92fbe0146b3e
2023-06-25 20:38:09,746 [EndpointStateMachine task thread for /0.0.0.0:15037 - 0 ] INFO  ozoneimpl.OzoneContainer (OzoneContainer.java:start(419)) - Attempting to start container services.
2023-06-25 20:38:09,746 [EndpointStateMachine task thread for /0.0.0.0:15037 - 0 ] INFO  ozoneimpl.OzoneContainer (OzoneContainer.java:startContainerScrub(327)) - Scheduled background container scanners and the on-demand container scanner have been disabled.
2023-06-25 20:38:09,749 [EndpointStateMachine task thread for /0.0.0.0:15037 - 0 ] INFO  replication.ReplicationServer (ReplicationServer.java:start(128)) - ReplicationServer is started using port 15069
2023-06-25 20:38:09,749 [EndpointStateMachine task thread for /0.0.0.0:15037 - 0 ] INFO  ratis.XceiverServerRatis (XceiverServerRatis.java:start(517)) - Starting XceiverServerRatis c86d5a2f-2db4-4f76-adc6-5061d66575f1
2023-06-25 20:38:09,749 [EndpointStateMachine task thread for /0.0.0.0:15037 - 0 ] INFO  server.RaftServer (RaftServerProxy.java:startImpl(400)) - c86d5a2f-2db4-4f76-adc6-5061d66575f1: start RPC server
2023-06-25 20:38:09,756 [EndpointStateMachine task thread for /0.0.0.0:15037 - 0 ] INFO  server.GrpcService (GrpcService.java:startImpl(302)) - c86d5a2f-2db4-4f76-adc6-5061d66575f1: GrpcService started, listening on 15065
2023-06-25 20:38:09,758 [EndpointStateMachine task thread for /0.0.0.0:15037 - 0 ] INFO  server.GrpcService (GrpcService.java:startImpl(302)) - c86d5a2f-2db4-4f76-adc6-5061d66575f1: GrpcService started, listening on 15067
2023-06-25 20:38:09,760 [EndpointStateMachine task thread for /0.0.0.0:15037 - 0 ] INFO  server.GrpcService (GrpcService.java:startImpl(302)) - c86d5a2f-2db4-4f76-adc6-5061d66575f1: GrpcService started, listening on 15066
2023-06-25 20:38:09,760 [EndpointStateMachine task thread for /0.0.0.0:15037 - 0 ] INFO  ratis.XceiverServerRatis (XceiverServerRatis.java:getRealPort(543)) - XceiverServerRatis c86d5a2f-2db4-4f76-adc6-5061d66575f1 is started using port 15065 for RATIS
2023-06-25 20:38:09,760 [JvmPauseMonitor9] INFO  util.JvmPauseMonitor (JvmPauseMonitor.java:run(103)) - JvmPauseMonitor-c86d5a2f-2db4-4f76-adc6-5061d66575f1: Started
2023-06-25 20:38:09,760 [EndpointStateMachine task thread for /0.0.0.0:15037 - 0 ] INFO  ratis.XceiverServerRatis (XceiverServerRatis.java:getRealPort(543)) - XceiverServerRatis c86d5a2f-2db4-4f76-adc6-5061d66575f1 is started using port 15066 for RATIS_ADMIN
2023-06-25 20:38:09,760 [EndpointStateMachine task thread for /0.0.0.0:15037 - 0 ] INFO  ratis.XceiverServerRatis (XceiverServerRatis.java:getRealPort(543)) - XceiverServerRatis c86d5a2f-2db4-4f76-adc6-5061d66575f1 is started using port 15067 for RATIS_SERVER
2023-06-25 20:38:09,760 [EndpointStateMachine task thread for /0.0.0.0:15037 - 0 ] INFO  ratis.XceiverServerRatis (XceiverServerRatis.java:getRealPort(543)) - XceiverServerRatis c86d5a2f-2db4-4f76-adc6-5061d66575f1 is started using port 15068 for RATIS_DATASTREAM
2023-06-25 20:38:09,764 [BlockDeletingService#0] INFO  interfaces.ContainerDeletionChoosingPolicyTemplate (ContainerDeletionChoosingPolicyTemplate.java:chooseContainerForBlockDeletion(83)) - Chosen 0/5000 blocks from 0 candidate containers.
2023-06-25 20:38:10,701 [main] INFO  ozone.MiniOzoneClusterImpl (MiniOzoneClusterImpl.java:lambda$waitForClusterToBeReady$0(224)) - Waiting for nodes to be ready. Got 0 of 3 DN Heartbeats.
2023-06-25 20:38:10,702 [main] INFO  ozone.MiniOzoneClusterImpl (MiniOzoneClusterImpl.java:lambda$waitForClusterToBeReady$0(227)) - Waiting for cluster to exit safe mode
2023-06-25 20:38:10,702 [main] INFO  ozone.MiniOzoneClusterImpl (MiniOzoneClusterImpl.java:lambda$waitForClusterToBeReady$0(229)) - SCM became leader
2023-06-25 20:38:10,979 [IPC Server handler 1 on default port 15037] INFO  net.NetworkTopologyImpl (NetworkTopologyImpl.java:add(112)) - Added a new node: /default-rack/9412d3d0-2519-4c22-9a73-1b5e9d001713
2023-06-25 20:38:10,979 [IPC Server handler 1 on default port 15037] INFO  node.SCMNodeManager (SCMNodeManager.java:register(405)) - Registered Data node : 9412d3d0-2519-4c22-9a73-1b5e9d001713{ip: 10.1.0.20, host: fv-az808-130.wa3tte2ragoufbcbawjciesdkc.bx.internal.cloudapp.net, ports: [HTTP=15044, CLIENT_RPC=15045, REPLICATION=15051, RATIS=15047, RATIS_ADMIN=15048, RATIS_SERVER=15049, RATIS_DATASTREAM=15050, STANDALONE=15046], networkLocation: /default-rack, certSerialId: null, persistedOpState: null, persistedOpStateExpiryEpochSec: 0}
2023-06-25 20:38:10,981 [EventQueue-NodeRegistrationContainerReportForContainerSafeModeRule] INFO  safemode.SCMSafeModeManager (SCMSafeModeManager.java:validateSafeModeExitRules(200)) - ContainerSafeModeRule rule is successfully validated
2023-06-25 20:38:10,981 [EventQueue-NodeRegistrationContainerReportForDataNodeSafeModeRule] INFO  safemode.SCMSafeModeManager (DataNodeSafeModeRule.java:process(71)) - SCM in safe mode. 1 DataNodes registered, 3 required.
2023-06-25 20:38:10,985 [EventQueue-PipelineReportForOneReplicaPipelineSafeModeRule] INFO  safemode.SCMSafeModeManager (SCMSafeModeManager.java:validateSafeModeExitRules(200)) - AtleastOneDatanodeReportedRule rule is successfully validated
2023-06-25 20:38:10,986 [EventQueue-NewNodeForNewNodeHandler] INFO  pipeline.BackgroundPipelineCreator (BackgroundPipelineCreator.java:notifyEventTriggered(276)) - trigger a one-shot run on RatisPipelineUtilsThread.
2023-06-25 20:38:10,986 [RatisPipelineUtilsThread - 0] INFO  pipeline.RatisPipelineProvider (RatisPipelineProvider.java:lambda$create$0(206)) - Sending CreatePipelineCommand for pipeline:PipelineID=5f11a5bc-9193-4c2b-8a6f-4454f46c2927 to datanode:9412d3d0-2519-4c22-9a73-1b5e9d001713
2023-06-25 20:38:10,987 [RatisPipelineUtilsThread - 0] INFO  pipeline.PipelineManagerImpl (PipelineManagerImpl.java:createPipeline(238)) - Created pipeline Pipeline[ Id: 5f11a5bc-9193-4c2b-8a6f-4454f46c2927, Nodes: 9412d3d0-2519-4c22-9a73-1b5e9d001713(fv-az808-130.wa3tte2ragoufbcbawjciesdkc.bx.internal.cloudapp.net/10.1.0.20), ReplicationConfig: RATIS/ONE, State:ALLOCATED, leaderId:, CreationTimestamp2023-06-25T20:38:10.986Z[Etc/UTC]].
2023-06-25 20:38:11,351 [IPC Server handler 2 on default port 15037] INFO  net.NetworkTopologyImpl (NetworkTopologyImpl.java:add(112)) - Added a new node: /default-rack/52f6f94e-d183-4208-9d90-b23f37a7c382
2023-06-25 20:38:11,351 [IPC Server handler 2 on default port 15037] INFO  node.SCMNodeManager (SCMNodeManager.java:register(405)) - Registered Data node : 52f6f94e-d183-4208-9d90-b23f37a7c382{ip: 10.1.0.20, host: fv-az808-130.wa3tte2ragoufbcbawjciesdkc.bx.internal.cloudapp.net, ports: [HTTP=15053, CLIENT_RPC=15054, REPLICATION=15060, RATIS=15056, RATIS_ADMIN=15057, RATIS_SERVER=15058, RATIS_DATASTREAM=15059, STANDALONE=15055], networkLocation: /default-rack, certSerialId: null, persistedOpState: null, persistedOpStateExpiryEpochSec: 0}
2023-06-25 20:38:11,352 [EventQueue-NodeRegistrationContainerReportForDataNodeSafeModeRule] INFO  safemode.SCMSafeModeManager (DataNodeSafeModeRule.java:process(71)) - SCM in safe mode. 2 DataNodes registered, 3 required.
2023-06-25 20:38:11,352 [EventQueue-NewNodeForNewNodeHandler] INFO  pipeline.BackgroundPipelineCreator (BackgroundPipelineCreator.java:notifyEventTriggered(276)) - trigger a one-shot run on RatisPipelineUtilsThread.
2023-06-25 20:38:11,353 [RatisPipelineUtilsThread - 0] INFO  pipeline.RatisPipelineProvider (RatisPipelineProvider.java:lambda$create$0(206)) - Sending CreatePipelineCommand for pipeline:PipelineID=a7fbe15d-68f2-49ac-8438-6bbe77a876e9 to datanode:52f6f94e-d183-4208-9d90-b23f37a7c382
2023-06-25 20:38:11,355 [RatisPipelineUtilsThread - 0] INFO  pipeline.PipelineManagerImpl (PipelineManagerImpl.java:createPipeline(238)) - Created pipeline Pipeline[ Id: a7fbe15d-68f2-49ac-8438-6bbe77a876e9, Nodes: 52f6f94e-d183-4208-9d90-b23f37a7c382(fv-az808-130.wa3tte2ragoufbcbawjciesdkc.bx.internal.cloudapp.net/10.1.0.20), ReplicationConfig: RATIS/ONE, State:ALLOCATED, leaderId:, CreationTimestamp2023-06-25T20:38:11.353Z[Etc/UTC]].
2023-06-25 20:38:11,702 [main] INFO  ozone.MiniOzoneClusterImpl (MiniOzoneClusterImpl.java:lambda$waitForClusterToBeReady$0(224)) - Waiting for nodes to be ready. Got 2 of 3 DN Heartbeats.
2023-06-25 20:38:11,702 [main] INFO  ozone.MiniOzoneClusterImpl (MiniOzoneClusterImpl.java:lambda$waitForClusterToBeReady$0(227)) - Waiting for cluster to exit safe mode
2023-06-25 20:38:11,703 [main] INFO  ozone.MiniOzoneClusterImpl (MiniOzoneClusterImpl.java:lambda$waitForClusterToBeReady$0(229)) - SCM became leader
2023-06-25 20:38:11,708 [IPC Server handler 0 on default port 15037] INFO  net.NetworkTopologyImpl (NetworkTopologyImpl.java:add(112)) - Added a new node: /default-rack/c86d5a2f-2db4-4f76-adc6-5061d66575f1
2023-06-25 20:38:11,708 [IPC Server handler 0 on default port 15037] INFO  node.SCMNodeManager (SCMNodeManager.java:register(405)) - Registered Data node : c86d5a2f-2db4-4f76-adc6-5061d66575f1{ip: 10.1.0.20, host: fv-az808-130.wa3tte2ragoufbcbawjciesdkc.bx.internal.cloudapp.net, ports: [HTTP=15062, CLIENT_RPC=15063, REPLICATION=15069, RATIS=15065, RATIS_ADMIN=15066, RATIS_SERVER=15067, RATIS_DATASTREAM=15068, STANDALONE=15064], networkLocation: /default-rack, certSerialId: null, persistedOpState: null, persistedOpStateExpiryEpochSec: 0}
2023-06-25 20:38:11,709 [EventQueue-NodeRegistrationContainerReportForDataNodeSafeModeRule] INFO  safemode.SCMSafeModeManager (DataNodeSafeModeRule.java:process(71)) - SCM in safe mode. 3 DataNodes registered, 3 required.
2023-06-25 20:38:11,709 [EventQueue-NodeRegistrationContainerReportForDataNodeSafeModeRule] INFO  safemode.SCMSafeModeManager (SCMSafeModeManager.java:validateSafeModeExitRules(200)) - DataNodeSafeModeRule rule is successfully validated
2023-06-25 20:38:11,709 [EventQueue-NodeRegistrationContainerReportForDataNodeSafeModeRule] INFO  safemode.SCMSafeModeManager (SCMSafeModeManager.java:completePreCheck(229)) - All SCM safe mode pre check rules have passed
2023-06-25 20:38:11,709 [EventQueue-NodeRegistrationContainerReportForDataNodeSafeModeRule] INFO  ha.SCMContext (SCMContext.java:updateSafeModeStatus(228)) - Update SafeModeStatus from SafeModeStatus{safeModeStatus=true, preCheckPassed=false} to SafeModeStatus{safeModeStatus=true, preCheckPassed=true}.
2023-06-25 20:38:11,709 [EventQueue-NewNodeForNewNodeHandler] INFO  pipeline.BackgroundPipelineCreator (BackgroundPipelineCreator.java:notifyEventTriggered(276)) - trigger a one-shot run on RatisPipelineUtilsThread.
2023-06-25 20:38:11,709 [EventQueue-NodeRegistrationContainerReportForDataNodeSafeModeRule] INFO  pipeline.BackgroundPipelineCreator (BackgroundPipelineCreator.java:notifyEventTriggered(276)) - trigger a one-shot run on RatisPipelineUtilsThread.
2023-06-25 20:38:11,709 [RatisPipelineUtilsThread - 0] INFO  pipeline.RatisPipelineProvider (RatisPipelineProvider.java:lambda$create$0(206)) - Sending CreatePipelineCommand for pipeline:PipelineID=2a3e06ea-9ae5-4c2c-b6e7-cec4b281c8a8 to datanode:c86d5a2f-2db4-4f76-adc6-5061d66575f1
2023-06-25 20:38:11,710 [RatisPipelineUtilsThread - 0] INFO  pipeline.PipelineManagerImpl (PipelineManagerImpl.java:createPipeline(238)) - Created pipeline Pipeline[ Id: 2a3e06ea-9ae5-4c2c-b6e7-cec4b281c8a8, Nodes: c86d5a2f-2db4-4f76-adc6-5061d66575f1(fv-az808-130.wa3tte2ragoufbcbawjciesdkc.bx.internal.cloudapp.net/10.1.0.20), ReplicationConfig: RATIS/ONE, State:ALLOCATED, leaderId:, CreationTimestamp2023-06-25T20:38:11.709Z[Etc/UTC]].
2023-06-25 20:38:11,711 [RatisPipelineUtilsThread - 0] INFO  pipeline.RatisPipelineProvider (RatisPipelineProvider.java:lambda$create$0(206)) - Sending CreatePipelineCommand for pipeline:PipelineID=7342d943-a4f5-4b27-9be9-d53594ba4322 to datanode:52f6f94e-d183-4208-9d90-b23f37a7c382
2023-06-25 20:38:11,711 [RatisPipelineUtilsThread - 0] INFO  pipeline.RatisPipelineProvider (RatisPipelineProvider.java:lambda$create$0(206)) - Sending CreatePipelineCommand for pipeline:PipelineID=7342d943-a4f5-4b27-9be9-d53594ba4322 to datanode:c86d5a2f-2db4-4f76-adc6-5061d66575f1
2023-06-25 20:38:11,711 [RatisPipelineUtilsThread - 0] INFO  pipeline.RatisPipelineProvider (RatisPipelineProvider.java:lambda$create$0(206)) - Sending CreatePipelineCommand for pipeline:PipelineID=7342d943-a4f5-4b27-9be9-d53594ba4322 to datanode:9412d3d0-2519-4c22-9a73-1b5e9d001713
2023-06-25 20:38:11,711 [RatisPipelineUtilsThread - 0] INFO  pipeline.PipelineManagerImpl (PipelineManagerImpl.java:createPipeline(238)) - Created pipeline Pipeline[ Id: 7342d943-a4f5-4b27-9be9-d53594ba4322, Nodes: 52f6f94e-d183-4208-9d90-b23f37a7c382(fv-az808-130.wa3tte2ragoufbcbawjciesdkc.bx.internal.cloudapp.net/10.1.0.20)c86d5a2f-2db4-4f76-adc6-5061d66575f1(fv-az808-130.wa3tte2ragoufbcbawjciesdkc.bx.internal.cloudapp.net/10.1.0.20)9412d3d0-2519-4c22-9a73-1b5e9d001713(fv-az808-130.wa3tte2ragoufbcbawjciesdkc.bx.internal.cloudapp.net/10.1.0.20), ReplicationConfig: RATIS/THREE, State:ALLOCATED, leaderId:, CreationTimestamp2023-06-25T20:38:11.711Z[Etc/UTC]].
2023-06-25 20:38:11,712 [RatisPipelineUtilsThread - 0] INFO  pipeline.RatisPipelineProvider (RatisPipelineProvider.java:lambda$create$0(206)) - Sending CreatePipelineCommand for pipeline:PipelineID=7ca4f31a-ba94-438a-a556-aa8173427d7e to datanode:9412d3d0-2519-4c22-9a73-1b5e9d001713
2023-06-25 20:38:11,712 [RatisPipelineUtilsThread - 0] INFO  pipeline.RatisPipelineProvider (RatisPipelineProvider.java:lambda$create$0(206)) - Sending CreatePipelineCommand for pipeline:PipelineID=7ca4f31a-ba94-438a-a556-aa8173427d7e to datanode:52f6f94e-d183-4208-9d90-b23f37a7c382
2023-06-25 20:38:11,712 [RatisPipelineUtilsThread - 0] INFO  pipeline.RatisPipelineProvider (RatisPipelineProvider.java:lambda$create$0(206)) - Sending CreatePipelineCommand for pipeline:PipelineID=7ca4f31a-ba94-438a-a556-aa8173427d7e to datanode:c86d5a2f-2db4-4f76-adc6-5061d66575f1
2023-06-25 20:38:11,712 [RatisPipelineUtilsThread - 0] INFO  pipeline.PipelineManagerImpl (PipelineManagerImpl.java:createPipeline(238)) - Created pipeline Pipeline[ Id: 7ca4f31a-ba94-438a-a556-aa8173427d7e, Nodes: 9412d3d0-2519-4c22-9a73-1b5e9d001713(fv-az808-130.wa3tte2ragoufbcbawjciesdkc.bx.internal.cloudapp.net/10.1.0.20)52f6f94e-d183-4208-9d90-b23f37a7c382(fv-az808-130.wa3tte2ragoufbcbawjciesdkc.bx.internal.cloudapp.net/10.1.0.20)c86d5a2f-2db4-4f76-adc6-5061d66575f1(fv-az808-130.wa3tte2ragoufbcbawjciesdkc.bx.internal.cloudapp.net/10.1.0.20), ReplicationConfig: RATIS/THREE, State:ALLOCATED, leaderId:, CreationTimestamp2023-06-25T20:38:11.712Z[Etc/UTC]].
2023-06-25 20:38:11,712 [RatisPipelineUtilsThread - 0] INFO  pipeline.PipelineManagerImpl (PipelineManagerImpl.java:recordMetricsForPipeline(842)) - Pipeline: PipelineID=7ca4f31a-ba94-438a-a556-aa8173427d7e contains same datanodes as previous pipelines: PipelineID=7342d943-a4f5-4b27-9be9-d53594ba4322 nodeIds: 9412d3d0-2519-4c22-9a73-1b5e9d001713, 52f6f94e-d183-4208-9d90-b23f37a7c382, c86d5a2f-2db4-4f76-adc6-5061d66575f1
2023-06-25 20:38:11,713 [RatisPipelineUtilsThread - 0] WARN  pipeline.PipelinePlacementPolicy (PipelinePlacementPolicy.java:filterViableNodes(166)) - Pipeline creation failed due to no sufficient healthy datanodes. Required 3. Found 0. Excluded 3.
2023-06-25 20:38:11,713 [RatisPipelineUtilsThread - 0] WARN  pipeline.PipelinePlacementPolicy (PipelinePlacementPolicy.java:filterViableNodes(166)) - Pipeline creation failed due to no sufficient healthy datanodes. Required 3. Found 0. Excluded 3.
2023-06-25 20:38:12,703 [main] INFO  ozone.MiniOzoneClusterImpl (MiniOzoneClusterImpl.java:lambda$waitForClusterToBeReady$0(224)) - Nodes are ready. Got 3 of 3 DN Heartbeats.
2023-06-25 20:38:12,703 [main] INFO  ozone.MiniOzoneClusterImpl (MiniOzoneClusterImpl.java:lambda$waitForClusterToBeReady$0(227)) - Waiting for cluster to exit safe mode
2023-06-25 20:38:12,703 [main] INFO  ozone.MiniOzoneClusterImpl (MiniOzoneClusterImpl.java:lambda$waitForClusterToBeReady$0(229)) - SCM became leader
2023-06-25 20:38:13,704 [main] INFO  ozone.MiniOzoneClusterImpl (MiniOzoneClusterImpl.java:lambda$waitForClusterToBeReady$0(224)) - Nodes are ready. Got 3 of 3 DN Heartbeats.
2023-06-25 20:38:13,704 [main] INFO  ozone.MiniOzoneClusterImpl (MiniOzoneClusterImpl.java:lambda$waitForClusterToBeReady$0(227)) - Waiting for cluster to exit safe mode
2023-06-25 20:38:13,704 [main] INFO  ozone.MiniOzoneClusterImpl (MiniOzoneClusterImpl.java:lambda$waitForClusterToBeReady$0(229)) - SCM became leader
2023-06-25 20:38:13,980 [PipelineCommandHandlerThread-0] INFO  server.RaftServer (RaftServerProxy.java:addNew(98)) - 9412d3d0-2519-4c22-9a73-1b5e9d001713: addNew group-4454F46C2927:[9412d3d0-2519-4c22-9a73-1b5e9d001713|rpc:10.1.0.20:15049|admin:10.1.0.20:15048|client:10.1.0.20:15047|dataStream:10.1.0.20:15050|priority:1|startupRole:FOLLOWER] returns group-4454F46C2927:java.util.concurrent.CompletableFuture@753afc99[Not completed]
2023-06-25 20:38:13,981 [9412d3d0-2519-4c22-9a73-1b5e9d001713-groupManagement] INFO  server.RaftServer$Division (RaftServerImpl.java:<init>(198)) - 9412d3d0-2519-4c22-9a73-1b5e9d001713: new RaftServerImpl for group-4454F46C2927:[9412d3d0-2519-4c22-9a73-1b5e9d001713|rpc:10.1.0.20:15049|admin:10.1.0.20:15048|client:10.1.0.20:15047|dataStream:10.1.0.20:15050|priority:1|startupRole:FOLLOWER] with ContainerStateMachine:uninitialized
2023-06-25 20:38:13,981 [9412d3d0-2519-4c22-9a73-1b5e9d001713-groupManagement] INFO  server.RaftServerConfigKeys (ConfUtils.java:logGet(46)) - raft.server.rpc.timeout.min = 5s (custom)
2023-06-25 20:38:13,981 [9412d3d0-2519-4c22-9a73-1b5e9d001713-groupManagement] INFO  server.RaftServerConfigKeys (ConfUtils.java:logGet(46)) - raft.server.rpc.timeout.max = 5200ms (custom)
2023-06-25 20:38:13,981 [9412d3d0-2519-4c22-9a73-1b5e9d001713-groupManagement] INFO  server.RaftServerConfigKeys (ConfUtils.java:logGet(46)) - raft.server.rpc.sleep.time = 25ms (default)
2023-06-25 20:38:13,981 [9412d3d0-2519-4c22-9a73-1b5e9d001713-groupManagement] INFO  server.RaftServerConfigKeys (ConfUtils.java:logGet(46)) - raft.server.rpc.slowness.timeout = 300s (custom)
2023-06-25 20:38:13,982 [9412d3d0-2519-4c22-9a73-1b5e9d001713-groupManagement] INFO  server.RaftServerConfigKeys (ConfUtils.java:logGet(46)) - raft.server.leaderelection.leader.step-down.wait-time = 10s (default)
2023-06-25 20:38:13,982 [9412d3d0-2519-4c22-9a73-1b5e9d001713-groupManagement] INFO  server.RaftServerConfigKeys (ConfUtils.java:logGet(46)) - raft.server.sleep.deviation.threshold = 300ms (default)
2023-06-25 20:38:13,982 [9412d3d0-2519-4c22-9a73-1b5e9d001713-groupManagement] INFO  server.RaftServer$Division (ServerState.java:<init>(120)) - 9412d3d0-2519-4c22-9a73-1b5e9d001713@group-4454F46C2927: ConfigurationManager, init=-1: peers:[9412d3d0-2519-4c22-9a73-1b5e9d001713|rpc:10.1.0.20:15049|admin:10.1.0.20:15048|client:10.1.0.20:15047|dataStream:10.1.0.20:15050|priority:1|startupRole:FOLLOWER]|listeners:[], old=null, confs=<EMPTY_MAP>
2023-06-25 20:38:13,982 [9412d3d0-2519-4c22-9a73-1b5e9d001713-groupManagement] INFO  server.RaftServerConfigKeys (ConfUtils.java:logGet(46)) - raft.server.storage.dir = [/home/runner/work/ozone/ozone/hadoop-ozone/integration-test/target/test-dir/MiniOzoneClusterImpl-a52b7a0b-0bee-460e-a951-14c7f8ebc071/datanode-0/data/ratis] (custom)
2023-06-25 20:38:13,982 [9412d3d0-2519-4c22-9a73-1b5e9d001713-groupManagement] INFO  server.RaftServerConfigKeys (ConfUtils.java:logGet(46)) - raft.server.log.corruption.policy = EXCEPTION (default)
2023-06-25 20:38:13,982 [9412d3d0-2519-4c22-9a73-1b5e9d001713-groupManagement] INFO  server.RaftServerConfigKeys (ConfUtils.java:logGet(46)) - raft.server.storage.free-space.min = 0MB (=0) (default)
2023-06-25 20:38:13,982 [9412d3d0-2519-4c22-9a73-1b5e9d001713-groupManagement] INFO  server.RaftServerConfigKeys (ConfUtils.java:logGet(46)) - raft.server.notification.no-leader.timeout = 300s (custom)
2023-06-25 20:38:13,983 [9412d3d0-2519-4c22-9a73-1b5e9d001713-groupManagement] INFO  server.RaftServerConfigKeys (ConfUtils.java:logGet(46)) - raft.server.read.timeout = 10s (default)
2023-06-25 20:38:13,983 [9412d3d0-2519-4c22-9a73-1b5e9d001713-groupManagement] INFO  server.RaftServerConfigKeys (ConfUtils.java:logGet(46)) - raft.server.retrycache.expirytime = 600000ms (custom)
2023-06-25 20:38:13,983 [9412d3d0-2519-4c22-9a73-1b5e9d001713-groupManagement] INFO  server.RaftServerConfigKeys (ConfUtils.java:logGet(46)) - raft.server.retrycache.statistics.expirytime = 100μs (default)
2023-06-25 20:38:13,983 [9412d3d0-2519-4c22-9a73-1b5e9d001713-groupManagement] INFO  server.RaftServerConfigKeys (ConfUtils.java:logGet(46)) - raft.server.read.option = DEFAULT (default)
2023-06-25 20:38:13,986 [9412d3d0-2519-4c22-9a73-1b5e9d001713-groupManagement] INFO  server.RaftServerConfigKeys (ConfUtils.java:logGet(46)) - raft.server.rpc.request.timeout = 60s (custom)
2023-06-25 20:38:13,986 [9412d3d0-2519-4c22-9a73-1b5e9d001713-groupManagement] INFO  server.RaftServerConfigKeys (ConfUtils.java:logGet(46)) - raft.server.log.appender.install.snapshot.enabled = false (custom)
2023-06-25 20:38:13,986 [9412d3d0-2519-4c22-9a73-1b5e9d001713-groupManagement] INFO  server.RaftServerConfigKeys (ConfUtils.java:logGet(46)) - raft.server.threadpool.server.cached = true (default)
2023-06-25 20:38:13,986 [9412d3d0-2519-4c22-9a73-1b5e9d001713-groupManagement] INFO  server.RaftServerConfigKeys (ConfUtils.java:logGet(46)) - raft.server.threadpool.server.size = 0 (default)
2023-06-25 20:38:13,986 [9412d3d0-2519-4c22-9a73-1b5e9d001713-groupManagement] INFO  server.RaftServerConfigKeys (ConfUtils.java:logGet(46)) - raft.server.threadpool.client.cached = true (default)
2023-06-25 20:38:13,986 [9412d3d0-2519-4c22-9a73-1b5e9d001713-groupManagement] INFO  server.RaftServerConfigKeys (ConfUtils.java:logGet(46)) - raft.server.threadpool.client.size = 0 (default)
2023-06-25 20:38:13,986 [9412d3d0-2519-4c22-9a73-1b5e9d001713-groupManagement] INFO  storage.RaftStorageDirectory (RaftStorageDirectoryImpl.java:analyzeStorage(137)) - The storage directory /home/runner/work/ozone/ozone/hadoop-ozone/integration-test/target/test-dir/MiniOzoneClusterImpl-a52b7a0b-0bee-460e-a951-14c7f8ebc071/datanode-0/data/ratis/5f11a5bc-9193-4c2b-8a6f-4454f46c2927 does not exist. Creating ...
2023-06-25 20:38:13,988 [9412d3d0-2519-4c22-9a73-1b5e9d001713-groupManagement] INFO  storage.RaftStorageDirectory (RaftStorageDirectoryImpl.java:tryLock(231)) - Lock on /home/runner/work/ozone/ozone/hadoop-ozone/integration-test/target/test-dir/MiniOzoneClusterImpl-a52b7a0b-0bee-460e-a951-14c7f8ebc071/datanode-0/data/ratis/5f11a5bc-9193-4c2b-8a6f-4454f46c2927/in_use.lock acquired by nodename 7655@fv-az808-130
2023-06-25 20:38:13,989 [9412d3d0-2519-4c22-9a73-1b5e9d001713-groupManagement] INFO  storage.RaftStorage (RaftStorageImpl.java:format(96)) - Storage directory /home/runner/work/ozone/ozone/hadoop-ozone/integration-test/target/test-dir/MiniOzoneClusterImpl-a52b7a0b-0bee-460e-a951-14c7f8ebc071/datanode-0/data/ratis/5f11a5bc-9193-4c2b-8a6f-4454f46c2927 has been successfully formatted.
2023-06-25 20:38:13,990 [9412d3d0-2519-4c22-9a73-1b5e9d001713-groupManagement] INFO  ratis.ContainerStateMachine (ContainerStateMachine.java:loadSnapshot(262)) - group-4454F46C2927: The snapshot info is null. Setting the last applied indexto:(t:0, i:~)
2023-06-25 20:38:13,990 [9412d3d0-2519-4c22-9a73-1b5e9d001713-groupManagement] INFO  server.RaftServerConfigKeys (ConfUtils.java:logGet(46)) - raft.server.log.use.memory = false (default)
2023-06-25 20:38:13,990 [9412d3d0-2519-4c22-9a73-1b5e9d001713-groupManagement] INFO  server.RaftServerConfigKeys (ConfUtils.java:logGet(46)) - raft.server.log.purge.gap = 1000000 (custom)
2023-06-25 20:38:13,990 [9412d3d0-2519-4c22-9a73-1b5e9d001713-groupManagement] INFO  server.RaftServerConfigKeys (ConfUtils.java:logGet(46)) - raft.server.log.appender.buffer.byte-limit = 33554432 (custom)
2023-06-25 20:38:13,991 [9412d3d0-2519-4c22-9a73-1b5e9d001713-groupManagement] INFO  server.RaftServerConfigKeys (ConfUtils.java:logGet(46)) - raft.server.log.statemachine.data.read.timeout = 1000ms (default)
2023-06-25 20:38:13,991 [9412d3d0-2519-4c22-9a73-1b5e9d001713-groupManagement] INFO  server.RaftServerConfigKeys (ConfUtils.java:logGet(46)) - raft.server.log.purge.preservation.log.num = 0 (default)
2023-06-25 20:38:13,991 [9412d3d0-2519-4c22-9a73-1b5e9d001713-groupManagement] INFO  server.RaftServerConfigKeys (ConfUtils.java:logGet(46)) - raft.server.log.segment.size.max = 1048576 (custom)
2023-06-25 20:38:13,991 [9412d3d0-2519-4c22-9a73-1b5e9d001713-groupManagement] INFO  server.RaftServerConfigKeys (ConfUtils.java:logGet(46)) - raft.server.log.segment.cache.num.max = 2 (custom)
2023-06-25 20:38:13,991 [9412d3d0-2519-4c22-9a73-1b5e9d001713-groupManagement] INFO  server.RaftServerConfigKeys (ConfUtils.java:logGet(46)) - raft.server.log.segment.cache.size.max = 200MB (=209715200) (default)
2023-06-25 20:38:13,991 [9412d3d0-2519-4c22-9a73-1b5e9d001713-groupManagement] INFO  server.RaftServerConfigKeys (ConfUtils.java:logGet(46)) - raft.server.log.appender.buffer.byte-limit = 33554432 (custom)
2023-06-25 20:38:13,991 [9412d3d0-2519-4c22-9a73-1b5e9d001713-groupManagement] INFO  segmented.SegmentedRaftLogWorker (SegmentedRaftLogWorker.java:<init>(188)) - new 9412d3d0-2519-4c22-9a73-1b5e9d001713@group-4454F46C2927-SegmentedRaftLogWorker for RaftStorageImpl:Storage Directory /home/runner/work/ozone/ozone/hadoop-ozone/integration-test/target/test-dir/MiniOzoneClusterImpl-a52b7a0b-0bee-460e-a951-14c7f8ebc071/datanode-0/data/ratis/5f11a5bc-9193-4c2b-8a6f-4454f46c2927
2023-06-25 20:38:13,991 [9412d3d0-2519-4c22-9a73-1b5e9d001713-groupManagement] INFO  server.RaftServerConfigKeys (ConfUtils.java:logGet(46)) - raft.server.log.queue.byte-limit = 4294967296 (custom)
2023-06-25 20:38:13,991 [9412d3d0-2519-4c22-9a73-1b5e9d001713-groupManagement] INFO  server.RaftServerConfigKeys (ConfUtils.java:logGet(46)) - raft.server.log.queue.element-limit = 1024 (custom)
2023-06-25 20:38:13,991 [9412d3d0-2519-4c22-9a73-1b5e9d001713-groupManagement] INFO  server.RaftServerConfigKeys (ConfUtils.java:logGet(46)) - raft.server.log.segment.size.max = 1048576 (custom)
2023-06-25 20:38:13,991 [9412d3d0-2519-4c22-9a73-1b5e9d001713-groupManagement] INFO  server.RaftServerConfigKeys (ConfUtils.java:logGet(46)) - raft.server.log.preallocated.size = 16384 (custom)
2023-06-25 20:38:13,992 [9412d3d0-2519-4c22-9a73-1b5e9d001713-groupManagement] INFO  server.RaftServerConfigKeys (ConfUtils.java:logGet(46)) - raft.server.log.force.sync.num = 128 (default)
2023-06-25 20:38:13,992 [9412d3d0-2519-4c22-9a73-1b5e9d001713-groupManagement] INFO  server.RaftServerConfigKeys (ConfUtils.java:logGet(46)) - raft.server.log.statemachine.data.sync = true (default)
2023-06-25 20:38:13,992 [EventQueue-PipelineReportForPipelineReportHandler] INFO  pipeline.PipelineManagerImpl (PipelineManagerImpl.java:openPipeline(381)) - Pipeline Pipeline[ Id: 5f11a5bc-9193-4c2b-8a6f-4454f46c2927, Nodes: 9412d3d0-2519-4c22-9a73-1b5e9d001713(fv-az808-130.wa3tte2ragoufbcbawjciesdkc.bx.internal.cloudapp.net/10.1.0.20), ReplicationConfig: RATIS/ONE, State:ALLOCATED, leaderId:9412d3d0-2519-4c22-9a73-1b5e9d001713, CreationTimestamp2023-06-25T20:38:10.986Z[Etc/UTC]] moved to OPEN state
2023-06-25 20:38:13,992 [9412d3d0-2519-4c22-9a73-1b5e9d001713-groupManagement] INFO  server.RaftServerConfigKeys (ConfUtils.java:logGet(46)) - raft.server.log.statemachine.data.sync.timeout = 10s (default)
2023-06-25 20:38:13,992 [9412d3d0-2519-4c22-9a73-1b5e9d001713-groupManagement] INFO  server.RaftServerConfigKeys (ConfUtils.java:logGet(46)) - raft.server.log.statemachine.data.sync.timeout.retry = -1 (default)
2023-06-25 20:38:13,993 [9412d3d0-2519-4c22-9a73-1b5e9d001713-groupManagement] INFO  server.RaftServerConfigKeys (ConfUtils.java:logGet(46)) - raft.server.log.write.buffer.size = 1048576 (custom)
2023-06-25 20:38:13,994 [9412d3d0-2519-4c22-9a73-1b5e9d001713-groupManagement] INFO  server.RaftServerConfigKeys (ConfUtils.java:logGet(46)) - raft.server.log.appender.buffer.byte-limit = 33554432 (custom)
2023-06-25 20:38:14,001 [9412d3d0-2519-4c22-9a73-1b5e9d001713-groupManagement] INFO  server.RaftServerConfigKeys (ConfUtils.java:logGet(46)) - raft.server.log.unsafe-flush.enabled = false (default)
2023-06-25 20:38:14,001 [9412d3d0-2519-4c22-9a73-1b5e9d001713-groupManagement] INFO  server.RaftServerConfigKeys (ConfUtils.java:logGet(46)) - raft.server.log.async-flush.enabled = false (default)
2023-06-25 20:38:14,001 [9412d3d0-2519-4c22-9a73-1b5e9d001713-groupManagement] INFO  server.RaftServerConfigKeys (ConfUtils.java:logGet(46)) - raft.server.log.statemachine.data.caching.enabled = true (custom)
2023-06-25 20:38:14,001 [EventQueue-OpenPipelineForHealthyPipelineSafeModeRule] INFO  safemode.SCMSafeModeManager (HealthyPipelineSafeModeRule.java:process(137)) - SCM in safe mode. Healthy pipelines reported count is 0, required healthy pipeline reported count is 1
2023-06-25 20:38:14,002 [9412d3d0-2519-4c22-9a73-1b5e9d001713-groupManagement] INFO  segmented.SegmentedRaftLogWorker (SegmentedRaftLogWorker.java:lambda$new$0(135)) - 9412d3d0-2519-4c22-9a73-1b5e9d001713@group-4454F46C2927-SegmentedRaftLogWorker: flushIndex: setUnconditionally 0 -> -1
2023-06-25 20:38:14,002 [9412d3d0-2519-4c22-9a73-1b5e9d001713-groupManagement] INFO  segmented.SegmentedRaftLogWorker (SegmentedRaftLogWorker.java:lambda$new$0(135)) - 9412d3d0-2519-4c22-9a73-1b5e9d001713@group-4454F46C2927-SegmentedRaftLogWorker: safeCacheEvictIndex: setUnconditionally 0 -> -1
2023-06-25 20:38:14,002 [9412d3d0-2519-4c22-9a73-1b5e9d001713-groupManagement] INFO  server.RaftServer$Division (RaftServerImpl.java:start(342)) - 9412d3d0-2519-4c22-9a73-1b5e9d001713@group-4454F46C2927: start as a follower, conf=-1: peers:[9412d3d0-2519-4c22-9a73-1b5e9d001713|rpc:10.1.0.20:15049|admin:10.1.0.20:15048|client:10.1.0.20:15047|dataStream:10.1.0.20:15050|priority:1|startupRole:FOLLOWER]|listeners:[], old=null
2023-06-25 20:38:14,002 [9412d3d0-2519-4c22-9a73-1b5e9d001713-groupManagement] INFO  server.RaftServer$Division (RaftServerImpl.java:setRole(329)) - 9412d3d0-2519-4c22-9a73-1b5e9d001713@group-4454F46C2927: changes role from      null to FOLLOWER at term 0 for startAsFollower
2023-06-25 20:38:14,002 [9412d3d0-2519-4c22-9a73-1b5e9d001713-groupManagement] INFO  impl.RoleInfo (RoleInfo.java:updateAndGet(139)) - 9412d3d0-2519-4c22-9a73-1b5e9d001713: start 9412d3d0-2519-4c22-9a73-1b5e9d001713@group-4454F46C2927-FollowerState
2023-06-25 20:38:14,003 [9412d3d0-2519-4c22-9a73-1b5e9d001713-groupManagement] INFO  util.JmxRegister (JmxRegister.java:tryRegister(44)) - Successfully registered JMX Bean with object name Ratis:service=RaftServer,group=group-4454F46C2927,id=9412d3d0-2519-4c22-9a73-1b5e9d001713
2023-06-25 20:38:14,003 [9412d3d0-2519-4c22-9a73-1b5e9d001713-groupManagement] INFO  server.RaftServerConfigKeys (ConfUtils.java:logGet(46)) - raft.server.snapshot.auto.trigger.enabled = true (custom)
2023-06-25 20:38:14,003 [9412d3d0-2519-4c22-9a73-1b5e9d001713-groupManagement] INFO  server.RaftServerConfigKeys (ConfUtils.java:logGet(46)) - raft.server.snapshot.auto.trigger.threshold = 10000 (custom)
2023-06-25 20:38:14,003 [9412d3d0-2519-4c22-9a73-1b5e9d001713-groupManagement] INFO  server.RaftServerConfigKeys (ConfUtils.java:logGet(46)) - raft.server.snapshot.retention.file.num = 5 (custom)
2023-06-25 20:38:14,003 [9412d3d0-2519-4c22-9a73-1b5e9d001713-groupManagement] INFO  server.RaftServerConfigKeys (ConfUtils.java:logGet(46)) - raft.server.log.purge.upto.snapshot.index = false (default)
2023-06-25 20:38:14,004 [PipelineCommandHandlerThread-0] INFO  ratis.XceiverServerRatis (XceiverServerRatis.java:addGroup(804)) - Created group PipelineID=5f11a5bc-9193-4c2b-8a6f-4454f46c2927
2023-06-25 20:38:14,004 [PipelineCommandHandlerThread-0] INFO  commandhandler.CreatePipelineCommandHandler (CreatePipelineCommandHandler.java:lambda$handle$2(124)) - Created Pipeline RATIS ONE PipelineID=5f11a5bc-9193-4c2b-8a6f-4454f46c2927.
2023-06-25 20:38:14,004 [PipelineCommandHandlerThread-0] INFO  server.RaftServer (RaftServerProxy.java:addNew(98)) - 9412d3d0-2519-4c22-9a73-1b5e9d001713: addNew group-D53594BA4322:[52f6f94e-d183-4208-9d90-b23f37a7c382|rpc:10.1.0.20:15058|admin:10.1.0.20:15057|client:10.1.0.20:15056|dataStream:10.1.0.20:15059|priority:0|startupRole:FOLLOWER, c86d5a2f-2db4-4f76-adc6-5061d66575f1|rpc:10.1.0.20:15067|admin:10.1.0.20:15066|client:10.1.0.20:15065|dataStream:10.1.0.20:15068|priority:1|startupRole:FOLLOWER, 9412d3d0-2519-4c22-9a73-1b5e9d001713|rpc:10.1.0.20:15049|admin:10.1.0.20:15048|client:10.1.0.20:15047|dataStream:10.1.0.20:15050|priority:0|startupRole:FOLLOWER] returns group-D53594BA4322:java.util.concurrent.CompletableFuture@710566e6[Not completed]
2023-06-25 20:38:14,005 [9412d3d0-2519-4c22-9a73-1b5e9d001713-groupManagement] INFO  server.RaftServer$Division (RaftServerImpl.java:<init>(198)) - 9412d3d0-2519-4c22-9a73-1b5e9d001713: new RaftServerImpl for group-D53594BA4322:[52f6f94e-d183-4208-9d90-b23f37a7c382|rpc:10.1.0.20:15058|admin:10.1.0.20:15057|client:10.1.0.20:15056|dataStream:10.1.0.20:15059|priority:0|startupRole:FOLLOWER, c86d5a2f-2db4-4f76-adc6-5061d66575f1|rpc:10.1.0.20:15067|admin:10.1.0.20:15066|client:10.1.0.20:15065|dataStream:10.1.0.20:15068|priority:1|startupRole:FOLLOWER, 9412d3d0-2519-4c22-9a73-1b5e9d001713|rpc:10.1.0.20:15049|admin:10.1.0.20:15048|client:10.1.0.20:15047|dataStream:10.1.0.20:15050|priority:0|startupRole:FOLLOWER] with ContainerStateMachine:uninitialized
2023-06-25 20:38:14,005 [9412d3d0-2519-4c22-9a73-1b5e9d001713-groupManagement] INFO  server.RaftServerConfigKeys (ConfUtils.java:logGet(46)) - raft.server.rpc.timeout.min = 5s (custom)
2023-06-25 20:38:14,005 [9412d3d0-2519-4c22-9a73-1b5e9d001713-groupManagement] INFO  server.RaftServerConfigKeys (ConfUtils.java:logGet(46)) - raft.server.rpc.timeout.max = 5200ms (custom)
2023-06-25 20:38:14,005 [9412d3d0-2519-4c22-9a73-1b5e9d001713-groupManagement] INFO  server.RaftServerConfigKeys (ConfUtils.java:logGet(46)) - raft.server.rpc.sleep.time = 25ms (default)
2023-06-25 20:38:14,006 [9412d3d0-2519-4c22-9a73-1b5e9d001713-groupManagement] INFO  server.RaftServerConfigKeys (ConfUtils.java:logGet(46)) - raft.server.rpc.slowness.timeout = 300s (custom)
2023-06-25 20:38:14,006 [9412d3d0-2519-4c22-9a73-1b5e9d001713-groupManagement] INFO  server.RaftServerConfigKeys (ConfUtils.java:logGet(46)) - raft.server.leaderelection.leader.step-down.wait-time = 10s (default)
2023-06-25 20:38:14,006 [9412d3d0-2519-4c22-9a73-1b5e9d001713-groupManagement] INFO  server.RaftServerConfigKeys (ConfUtils.java:logGet(46)) - raft.server.sleep.deviation.threshold = 300ms (default)
2023-06-25 20:38:14,006 [9412d3d0-2519-4c22-9a73-1b5e9d001713-groupManagement] INFO  server.RaftServer$Division (ServerState.java:<init>(120)) - 9412d3d0-2519-4c22-9a73-1b5e9d001713@group-D53594BA4322: ConfigurationManager, init=-1: peers:[52f6f94e-d183-4208-9d90-b23f37a7c382|rpc:10.1.0.20:15058|admin:10.1.0.20:15057|client:10.1.0.20:15056|dataStream:10.1.0.20:15059|priority:0|startupRole:FOLLOWER, c86d5a2f-2db4-4f76-adc6-5061d66575f1|rpc:10.1.0.20:15067|admin:10.1.0.20:15066|client:10.1.0.20:15065|dataStream:10.1.0.20:15068|priority:1|startupRole:FOLLOWER, 9412d3d0-2519-4c22-9a73-1b5e9d001713|rpc:10.1.0.20:15049|admin:10.1.0.20:15048|client:10.1.0.20:15047|dataStream:10.1.0.20:15050|priority:0|startupRole:FOLLOWER]|listeners:[], old=null, confs=<EMPTY_MAP>
2023-06-25 20:38:14,006 [9412d3d0-2519-4c22-9a73-1b5e9d001713-groupManagement] INFO  server.RaftServerConfigKeys (ConfUtils.java:logGet(46)) - raft.server.storage.dir = [/home/runner/work/ozone/ozone/hadoop-ozone/integration-test/target/test-dir/MiniOzoneClusterImpl-a52b7a0b-0bee-460e-a951-14c7f8ebc071/datanode-0/data/ratis] (custom)
2023-06-25 20:38:14,006 [9412d3d0-2519-4c22-9a73-1b5e9d001713-groupManagement] INFO  server.RaftServerConfigKeys (ConfUtils.java:logGet(46)) - raft.server.log.corruption.policy = EXCEPTION (default)
2023-06-25 20:38:14,006 [9412d3d0-2519-4c22-9a73-1b5e9d001713-groupManagement] INFO  server.RaftServerConfigKeys (ConfUtils.java:logGet(46)) - raft.server.storage.free-space.min = 0MB (=0) (default)
2023-06-25 20:38:14,006 [9412d3d0-2519-4c22-9a73-1b5e9d001713-groupManagement] INFO  server.RaftServerConfigKeys (ConfUtils.java:logGet(46)) - raft.server.notification.no-leader.timeout = 300s (custom)
2023-06-25 20:38:14,006 [9412d3d0-2519-4c22-9a73-1b5e9d001713-groupManagement] INFO  server.RaftServerConfigKeys (ConfUtils.java:logGet(46)) - raft.server.read.timeout = 10s (default)
2023-06-25 20:38:14,006 [9412d3d0-2519-4c22-9a73-1b5e9d001713-groupManagement] INFO  server.RaftServerConfigKeys (ConfUtils.java:logGet(46)) - raft.server.retrycache.expirytime = 600000ms (custom)
2023-06-25 20:38:14,006 [9412d3d0-2519-4c22-9a73-1b5e9d001713-groupManagement] INFO  server.RaftServerConfigKeys (ConfUtils.java:logGet(46)) - raft.server.retrycache.statistics.expirytime = 100μs (default)
2023-06-25 20:38:14,006 [9412d3d0-2519-4c22-9a73-1b5e9d001713-groupManagement] INFO  server.RaftServerConfigKeys (ConfUtils.java:logGet(46)) - raft.server.read.option = DEFAULT (default)
2023-06-25 20:38:14,007 [9412d3d0-2519-4c22-9a73-1b5e9d001713-groupManagement] INFO  server.RaftServerConfigKeys (ConfUtils.java:logGet(46)) - raft.server.rpc.request.timeout = 60s (custom)
2023-06-25 20:38:14,007 [9412d3d0-2519-4c22-9a73-1b5e9d001713-groupManagement] INFO  server.RaftServerConfigKeys (ConfUtils.java:logGet(46)) - raft.server.log.appender.install.snapshot.enabled = false (custom)
2023-06-25 20:38:14,008 [9412d3d0-2519-4c22-9a73-1b5e9d001713-groupManagement] INFO  server.RaftServerConfigKeys (ConfUtils.java:logGet(46)) - raft.server.threadpool.server.cached = true (default)
2023-06-25 20:38:14,008 [9412d3d0-2519-4c22-9a73-1b5e9d001713-groupManagement] INFO  server.RaftServerConfigKeys (ConfUtils.java:logGet(46)) - raft.server.threadpool.server.size = 0 (default)
2023-06-25 20:38:14,008 [9412d3d0-2519-4c22-9a73-1b5e9d001713-groupManagement] INFO  server.RaftServerConfigKeys (ConfUtils.java:logGet(46)) - raft.server.threadpool.client.cached = true (default)
2023-06-25 20:38:14,008 [9412d3d0-2519-4c22-9a73-1b5e9d001713-groupManagement] INFO  server.RaftServerConfigKeys (ConfUtils.java:logGet(46)) - raft.server.threadpool.client.size = 0 (default)
2023-06-25 20:38:14,008 [9412d3d0-2519-4c22-9a73-1b5e9d001713-groupManagement] INFO  storage.RaftStorageDirectory (RaftStorageDirectoryImpl.java:analyzeStorage(137)) - The storage directory /home/runner/work/ozone/ozone/hadoop-ozone/integration-test/target/test-dir/MiniOzoneClusterImpl-a52b7a0b-0bee-460e-a951-14c7f8ebc071/datanode-0/data/ratis/7342d943-a4f5-4b27-9be9-d53594ba4322 does not exist. Creating ...
2023-06-25 20:38:14,009 [9412d3d0-2519-4c22-9a73-1b5e9d001713@group-4454F46C2927-FollowerState] INFO  server.RaftServerConfigKeys (ConfUtils.java:logFallback(53)) - raft.server.rpc.first-election.timeout.min = 5s (fallback to raft.server.rpc.timeout.min)
2023-06-25 20:38:14,009 [9412d3d0-2519-4c22-9a73-1b5e9d001713@group-4454F46C2927-FollowerState] INFO  server.RaftServerConfigKeys (ConfUtils.java:logFallback(53)) - raft.server.rpc.first-election.timeout.max = 5200ms (fallback to raft.server.rpc.timeout.max)
2023-06-25 20:38:14,009 [9412d3d0-2519-4c22-9a73-1b5e9d001713-groupManagement] INFO  storage.RaftStorageDirectory (RaftStorageDirectoryImpl.java:tryLock(231)) - Lock on /home/runner/work/ozone/ozone/hadoop-ozone/integration-test/target/test-dir/MiniOzoneClusterImpl-a52b7a0b-0bee-460e-a951-14c7f8ebc071/datanode-0/data/ratis/7342d943-a4f5-4b27-9be9-d53594ba4322/in_use.lock acquired by nodename 7655@fv-az808-130
2023-06-25 20:38:14,011 [9412d3d0-2519-4c22-9a73-1b5e9d001713-groupManagement] INFO  storage.RaftStorage (RaftStorageImpl.java:format(96)) - Storage directory /home/runner/work/ozone/ozone/hadoop-ozone/integration-test/target/test-dir/MiniOzoneClusterImpl-a52b7a0b-0bee-460e-a951-14c7f8ebc071/datanode-0/data/ratis/7342d943-a4f5-4b27-9be9-d53594ba4322 has been successfully formatted.
2023-06-25 20:38:14,011 [9412d3d0-2519-4c22-9a73-1b5e9d001713-groupManagement] INFO  ratis.ContainerStateMachine (ContainerStateMachine.java:loadSnapshot(262)) - group-D53594BA4322: The snapshot info is null. Setting the last applied indexto:(t:0, i:~)
2023-06-25 20:38:14,011 [9412d3d0-2519-4c22-9a73-1b5e9d001713-groupManagement] INFO  server.RaftServerConfigKeys (ConfUtils.java:logGet(46)) - raft.server.log.use.memory = false (default)
2023-06-25 20:38:14,011 [9412d3d0-2519-4c22-9a73-1b5e9d001713-groupManagement] INFO  server.RaftServerConfigKeys (ConfUtils.java:logGet(46)) - raft.server.log.purge.gap = 1000000 (custom)
2023-06-25 20:38:14,011 [9412d3d0-2519-4c22-9a73-1b5e9d001713-groupManagement] INFO  server.RaftServerConfigKeys (ConfUtils.java:logGet(46)) - raft.server.log.appender.buffer.byte-limit = 33554432 (custom)
2023-06-25 20:38:14,011 [9412d3d0-2519-4c22-9a73-1b5e9d001713-groupManagement] INFO  server.RaftServerConfigKeys (ConfUtils.java:logGet(46)) - raft.server.log.statemachine.data.read.timeout = 1000ms (default)
2023-06-25 20:38:14,011 [9412d3d0-2519-4c22-9a73-1b5e9d001713-groupManagement] INFO  server.RaftServerConfigKeys (ConfUtils.java:logGet(46)) - raft.server.log.purge.preservation.log.num = 0 (default)
2023-06-25 20:38:14,011 [9412d3d0-2519-4c22-9a73-1b5e9d001713-groupManagement] INFO  server.RaftServerConfigKeys (ConfUtils.java:logGet(46)) - raft.server.log.segment.size.max = 1048576 (custom)
2023-06-25 20:38:14,012 [9412d3d0-2519-4c22-9a73-1b5e9d001713-groupManagement] INFO  server.RaftServerConfigKeys (ConfUtils.java:logGet(46)) - raft.server.log.segment.cache.num.max = 2 (custom)
2023-06-25 20:38:14,012 [9412d3d0-2519-4c22-9a73-1b5e9d001713-groupManagement] INFO  server.RaftServerConfigKeys (ConfUtils.java:logGet(46)) - raft.server.log.segment.cache.size.max = 200MB (=209715200) (default)
2023-06-25 20:38:14,012 [9412d3d0-2519-4c22-9a73-1b5e9d001713-groupManagement] INFO  server.RaftServerConfigKeys (ConfUtils.java:logGet(46)) - raft.server.log.appender.buffer.byte-limit = 33554432 (custom)
2023-06-25 20:38:14,012 [9412d3d0-2519-4c22-9a73-1b5e9d001713-groupManagement] INFO  segmented.SegmentedRaftLogWorker (SegmentedRaftLogWorker.java:<init>(188)) - new 9412d3d0-2519-4c22-9a73-1b5e9d001713@group-D53594BA4322-SegmentedRaftLogWorker for RaftStorageImpl:Storage Directory /home/runner/work/ozone/ozone/hadoop-ozone/integration-test/target/test-dir/MiniOzoneClusterImpl-a52b7a0b-0bee-460e-a951-14c7f8ebc071/datanode-0/data/ratis/7342d943-a4f5-4b27-9be9-d53594ba4322
2023-06-25 20:38:14,012 [9412d3d0-2519-4c22-9a73-1b5e9d001713-groupManagement] INFO  server.RaftServerConfigKeys (ConfUtils.java:logGet(46)) - raft.server.log.queue.byte-limit = 4294967296 (custom)
2023-06-25 20:38:14,012 [9412d3d0-2519-4c22-9a73-1b5e9d001713-groupManagement] INFO  server.RaftServerConfigKeys (ConfUtils.java:logGet(46)) - raft.server.log.queue.element-limit = 1024 (custom)
2023-06-25 20:38:14,012 [9412d3d0-2519-4c22-9a73-1b5e9d001713-groupManagement] INFO  server.RaftServerConfigKeys (ConfUtils.java:logGet(46)) - raft.server.log.segment.size.max = 1048576 (custom)
2023-06-25 20:38:14,012 [9412d3d0-2519-4c22-9a73-1b5e9d001713-groupManagement] INFO  server.RaftServerConfigKeys (ConfUtils.java:logGet(46)) - raft.server.log.preallocated.size = 16384 (custom)
2023-06-25 20:38:14,012 [9412d3d0-2519-4c22-9a73-1b5e9d001713-groupManagement] INFO  server.RaftServerConfigKeys (ConfUtils.java:logGet(46)) - raft.server.log.force.sync.num = 128 (default)
2023-06-25 20:38:14,012 [9412d3d0-2519-4c22-9a73-1b5e9d001713-groupManagement] INFO  server.RaftServerConfigKeys (ConfUtils.java:logGet(46)) - raft.server.log.statemachine.data.sync = true (default)
2023-06-25 20:38:14,012 [9412d3d0-2519-4c22-9a73-1b5e9d001713-groupManagement] INFO  server.RaftServerConfigKeys (ConfUtils.java:logGet(46)) - raft.server.log.statemachine.data.sync.timeout = 10s (default)
2023-06-25 20:38:14,013 [9412d3d0-2519-4c22-9a73-1b5e9d001713-groupManagement] INFO  server.RaftServerConfigKeys (ConfUtils.java:logGet(46)) - raft.server.log.statemachine.data.sync.timeout.retry = -1 (default)
2023-06-25 20:38:14,013 [9412d3d0-2519-4c22-9a73-1b5e9d001713-groupManagement] INFO  server.RaftServerConfigKeys (ConfUtils.java:logGet(46)) - raft.server.log.write.buffer.size = 1048576 (custom)
2023-06-25 20:38:14,014 [9412d3d0-2519-4c22-9a73-1b5e9d001713-groupManagement] INFO  server.RaftServerConfigKeys (ConfUtils.java:logGet(46)) - raft.server.log.appender.buffer.byte-limit = 33554432 (custom)
2023-06-25 20:38:14,017 [EventQueue-OpenPipelineForHealthyPipelineSafeModeRule] INFO  safemode.SCMSafeModeManager (HealthyPipelineSafeModeRule.java:process(137)) - SCM in safe mode. Healthy pipelines reported count is 0, required healthy pipeline reported count is 1
2023-06-25 20:38:14,020 [9412d3d0-2519-4c22-9a73-1b5e9d001713-groupManagement] INFO  server.RaftServerConfigKeys (ConfUtils.java:logGet(46)) - raft.server.log.unsafe-flush.enabled = false (default)
2023-06-25 20:38:14,020 [9412d3d0-2519-4c22-9a73-1b5e9d001713-groupManagement] INFO  server.RaftServerConfigKeys (ConfUtils.java:logGet(46)) - raft.server.log.async-flush.enabled = false (default)
2023-06-25 20:38:14,020 [9412d3d0-2519-4c22-9a73-1b5e9d001713-groupManagement] INFO  server.RaftServerConfigKeys (ConfUtils.java:logGet(46)) - raft.server.log.statemachine.data.caching.enabled = true (custom)
2023-06-25 20:38:14,021 [9412d3d0-2519-4c22-9a73-1b5e9d001713-groupManagement] INFO  segmented.SegmentedRaftLogWorker (SegmentedRaftLogWorker.java:lambda$new$0(135)) - 9412d3d0-2519-4c22-9a73-1b5e9d001713@group-D53594BA4322-SegmentedRaftLogWorker: flushIndex: setUnconditionally 0 -> -1
2023-06-25 20:38:14,021 [9412d3d0-2519-4c22-9a73-1b5e9d001713-groupManagement] INFO  segmented.SegmentedRaftLogWorker (SegmentedRaftLogWorker.java:lambda$new$0(135)) - 9412d3d0-2519-4c22-9a73-1b5e9d001713@group-D53594BA4322-SegmentedRaftLogWorker: safeCacheEvictIndex: setUnconditionally 0 -> -1
2023-06-25 20:38:14,021 [9412d3d0-2519-4c22-9a73-1b5e9d001713-groupManagement] INFO  server.RaftServer$Division (RaftServerImpl.java:start(342)) - 9412d3d0-2519-4c22-9a73-1b5e9d001713@group-D53594BA4322: start as a follower, conf=-1: peers:[52f6f94e-d183-4208-9d90-b23f37a7c382|rpc:10.1.0.20:15058|admin:10.1.0.20:15057|client:10.1.0.20:15056|dataStream:10.1.0.20:15059|priority:0|startupRole:FOLLOWER, c86d5a2f-2db4-4f76-adc6-5061d66575f1|rpc:10.1.0.20:15067|admin:10.1.0.20:15066|client:10.1.0.20:15065|dataStream:10.1.0.20:15068|priority:1|startupRole:FOLLOWER, 9412d3d0-2519-4c22-9a73-1b5e9d001713|rpc:10.1.0.20:15049|admin:10.1.0.20:15048|client:10.1.0.20:15047|dataStream:10.1.0.20:15050|priority:0|startupRole:FOLLOWER]|listeners:[], old=null
2023-06-25 20:38:14,021 [9412d3d0-2519-4c22-9a73-1b5e9d001713-groupManagement] INFO  server.RaftServer$Division (RaftServerImpl.java:setRole(329)) - 9412d3d0-2519-4c22-9a73-1b5e9d001713@group-D53594BA4322: changes role from      null to FOLLOWER at term 0 for startAsFollower
2023-06-25 20:38:14,021 [9412d3d0-2519-4c22-9a73-1b5e9d001713-groupManagement] INFO  impl.RoleInfo (RoleInfo.java:updateAndGet(139)) - 9412d3d0-2519-4c22-9a73-1b5e9d001713: start 9412d3d0-2519-4c22-9a73-1b5e9d001713@group-D53594BA4322-FollowerState
2023-06-25 20:38:14,025 [9412d3d0-2519-4c22-9a73-1b5e9d001713-groupManagement] INFO  util.JmxRegister (JmxRegister.java:tryRegister(44)) - Successfully registered JMX Bean with object name Ratis:service=RaftServer,group=group-D53594BA4322,id=9412d3d0-2519-4c22-9a73-1b5e9d001713
2023-06-25 20:38:14,026 [9412d3d0-2519-4c22-9a73-1b5e9d001713-groupManagement] INFO  server.RaftServerConfigKeys (ConfUtils.java:logGet(46)) - raft.server.snapshot.auto.trigger.enabled = true (custom)
2023-06-25 20:38:14,026 [9412d3d0-2519-4c22-9a73-1b5e9d001713-groupManagement] INFO  server.RaftServerConfigKeys (ConfUtils.java:logGet(46)) - raft.server.snapshot.auto.trigger.threshold = 10000 (custom)
2023-06-25 20:38:14,026 [9412d3d0-2519-4c22-9a73-1b5e9d001713-groupManagement] INFO  server.RaftServerConfigKeys (ConfUtils.java:logGet(46)) - raft.server.snapshot.retention.file.num = 5 (custom)
2023-06-25 20:38:14,026 [9412d3d0-2519-4c22-9a73-1b5e9d001713-groupManagement] INFO  server.RaftServerConfigKeys (ConfUtils.java:logGet(46)) - raft.server.log.purge.upto.snapshot.index = false (default)
2023-06-25 20:38:14,027 [PipelineCommandHandlerThread-0] INFO  ratis.XceiverServerRatis (XceiverServerRatis.java:addGroup(804)) - Created group PipelineID=7342d943-a4f5-4b27-9be9-d53594ba4322
2023-06-25 20:38:14,031 [9412d3d0-2519-4c22-9a73-1b5e9d001713@group-D53594BA4322-FollowerState] INFO  server.RaftServerConfigKeys (ConfUtils.java:logFallback(53)) - raft.server.rpc.first-election.timeout.min = 5s (fallback to raft.server.rpc.timeout.min)
2023-06-25 20:38:14,031 [9412d3d0-2519-4c22-9a73-1b5e9d001713@group-D53594BA4322-FollowerState] INFO  server.RaftServerConfigKeys (ConfUtils.java:logFallback(53)) - raft.server.rpc.first-election.timeout.max = 5200ms (fallback to raft.server.rpc.timeout.max)
2023-06-25 20:38:14,043 [grpc-default-executor-0] INFO  server.RaftServer (RaftServerProxy.java:addNew(98)) - 52f6f94e-d183-4208-9d90-b23f37a7c382: addNew group-D53594BA4322:[52f6f94e-d183-4208-9d90-b23f37a7c382|rpc:10.1.0.20:15058|admin:10.1.0.20:15057|client:10.1.0.20:15056|dataStream:10.1.0.20:15059|priority:0|startupRole:FOLLOWER, c86d5a2f-2db4-4f76-adc6-5061d66575f1|rpc:10.1.0.20:15067|admin:10.1.0.20:15066|client:10.1.0.20:15065|dataStream:10.1.0.20:15068|priority:1|startupRole:FOLLOWER, 9412d3d0-2519-4c22-9a73-1b5e9d001713|rpc:10.1.0.20:15049|admin:10.1.0.20:15048|client:10.1.0.20:15047|dataStream:10.1.0.20:15050|priority:0|startupRole:FOLLOWER] returns group-D53594BA4322:java.util.concurrent.CompletableFuture@51a6169[Not completed]
2023-06-25 20:38:14,044 [52f6f94e-d183-4208-9d90-b23f37a7c382-groupManagement] INFO  server.RaftServer$Division (RaftServerImpl.java:<init>(198)) - 52f6f94e-d183-4208-9d90-b23f37a7c382: new RaftServerImpl for group-D53594BA4322:[52f6f94e-d183-4208-9d90-b23f37a7c382|rpc:10.1.0.20:15058|admin:10.1.0.20:15057|client:10.1.0.20:15056|dataStream:10.1.0.20:15059|priority:0|startupRole:FOLLOWER, c86d5a2f-2db4-4f76-adc6-5061d66575f1|rpc:10.1.0.20:15067|admin:10.1.0.20:15066|client:10.1.0.20:15065|dataStream:10.1.0.20:15068|priority:1|startupRole:FOLLOWER, 9412d3d0-2519-4c22-9a73-1b5e9d001713|rpc:10.1.0.20:15049|admin:10.1.0.20:15048|client:10.1.0.20:15047|dataStream:10.1.0.20:15050|priority:0|startupRole:FOLLOWER] with ContainerStateMachine:uninitialized
2023-06-25 20:38:14,044 [52f6f94e-d183-4208-9d90-b23f37a7c382-groupManagement] INFO  server.RaftServerConfigKeys (ConfUtils.java:logGet(46)) - raft.server.rpc.timeout.min = 5s (custom)
2023-06-25 20:38:14,044 [52f6f94e-d183-4208-9d90-b23f37a7c382-groupManagement] INFO  server.RaftServerConfigKeys (ConfUtils.java:logGet(46)) - raft.server.rpc.timeout.max = 5200ms (custom)
2023-06-25 20:38:14,044 [52f6f94e-d183-4208-9d90-b23f37a7c382-groupManagement] INFO  server.RaftServerConfigKeys (ConfUtils.java:logGet(46)) - raft.server.rpc.sleep.time = 25ms (default)
2023-06-25 20:38:14,044 [52f6f94e-d183-4208-9d90-b23f37a7c382-groupManagement] INFO  server.RaftServerConfigKeys (ConfUtils.java:logGet(46)) - raft.server.rpc.slowness.timeout = 300s (custom)
2023-06-25 20:38:14,044 [52f6f94e-d183-4208-9d90-b23f37a7c382-groupManagement] INFO  server.RaftServerConfigKeys (ConfUtils.java:logGet(46)) - raft.server.leaderelection.leader.step-down.wait-time = 10s (default)
2023-06-25 20:38:14,044 [52f6f94e-d183-4208-9d90-b23f37a7c382-groupManagement] INFO  server.RaftServerConfigKeys (ConfUtils.java:logGet(46)) - raft.server.sleep.deviation.threshold = 300ms (default)
2023-06-25 20:38:14,045 [52f6f94e-d183-4208-9d90-b23f37a7c382-groupManagement] INFO  server.RaftServer$Division (ServerState.java:<init>(120)) - 52f6f94e-d183-4208-9d90-b23f37a7c382@group-D53594BA4322: ConfigurationManager, init=-1: peers:[52f6f94e-d183-4208-9d90-b23f37a7c382|rpc:10.1.0.20:15058|admin:10.1.0.20:15057|client:10.1.0.20:15056|dataStream:10.1.0.20:15059|priority:0|startupRole:FOLLOWER, c86d5a2f-2db4-4f76-adc6-5061d66575f1|rpc:10.1.0.20:15067|admin:10.1.0.20:15066|client:10.1.0.20:15065|dataStream:10.1.0.20:15068|priority:1|startupRole:FOLLOWER, 9412d3d0-2519-4c22-9a73-1b5e9d001713|rpc:10.1.0.20:15049|admin:10.1.0.20:15048|client:10.1.0.20:15047|dataStream:10.1.0.20:15050|priority:0|startupRole:FOLLOWER]|listeners:[], old=null, confs=<EMPTY_MAP>
2023-06-25 20:38:14,045 [52f6f94e-d183-4208-9d90-b23f37a7c382-groupManagement] INFO  server.RaftServerConfigKeys (ConfUtils.java:logGet(46)) - raft.server.storage.dir = [/home/runner/work/ozone/ozone/hadoop-ozone/integration-test/target/test-dir/MiniOzoneClusterImpl-a52b7a0b-0bee-460e-a951-14c7f8ebc071/datanode-1/data/ratis] (custom)
2023-06-25 20:38:14,046 [52f6f94e-d183-4208-9d90-b23f37a7c382-groupManagement] INFO  server.RaftServerConfigKeys (ConfUtils.java:logGet(46)) - raft.server.log.corruption.policy = EXCEPTION (default)
2023-06-25 20:38:14,046 [52f6f94e-d183-4208-9d90-b23f37a7c382-groupManagement] INFO  server.RaftServerConfigKeys (ConfUtils.java:logGet(46)) - raft.server.storage.free-space.min = 0MB (=0) (default)
2023-06-25 20:38:14,047 [52f6f94e-d183-4208-9d90-b23f37a7c382-groupManagement] INFO  server.RaftServerConfigKeys (ConfUtils.java:logGet(46)) - raft.server.notification.no-leader.timeout = 300s (custom)
2023-06-25 20:38:14,047 [52f6f94e-d183-4208-9d90-b23f37a7c382-groupManagement] INFO  server.RaftServerConfigKeys (ConfUtils.java:logGet(46)) - raft.server.read.timeout = 10s (default)
2023-06-25 20:38:14,047 [52f6f94e-d183-4208-9d90-b23f37a7c382-groupManagement] INFO  server.RaftServerConfigKeys (ConfUtils.java:logGet(46)) - raft.server.retrycache.expirytime = 600000ms (custom)
2023-06-25 20:38:14,047 [52f6f94e-d183-4208-9d90-b23f37a7c382-groupManagement] INFO  server.RaftServerConfigKeys (ConfUtils.java:logGet(46)) - raft.server.retrycache.statistics.expirytime = 100μs (default)
2023-06-25 20:38:14,047 [52f6f94e-d183-4208-9d90-b23f37a7c382-groupManagement] INFO  server.RaftServerConfigKeys (ConfUtils.java:logGet(46)) - raft.server.read.option = DEFAULT (default)
2023-06-25 20:38:14,050 [52f6f94e-d183-4208-9d90-b23f37a7c382-groupManagement] INFO  server.RaftServerConfigKeys (ConfUtils.java:logGet(46)) - raft.server.rpc.request.timeout = 60s (custom)
2023-06-25 20:38:14,050 [52f6f94e-d183-4208-9d90-b23f37a7c382-groupManagement] INFO  server.RaftServerConfigKeys (ConfUtils.java:logGet(46)) - raft.server.log.appender.install.snapshot.enabled = false (custom)
2023-06-25 20:38:14,050 [52f6f94e-d183-4208-9d90-b23f37a7c382-groupManagement] INFO  server.RaftServerConfigKeys (ConfUtils.java:logGet(46)) - raft.server.threadpool.server.cached = true (default)
2023-06-25 20:38:14,050 [52f6f94e-d183-4208-9d90-b23f37a7c382-groupManagement] INFO  server.RaftServerConfigKeys (ConfUtils.java:logGet(46)) - raft.server.threadpool.server.size = 0 (default)
2023-06-25 20:38:14,050 [52f6f94e-d183-4208-9d90-b23f37a7c382-groupManagement] INFO  server.RaftServerConfigKeys (ConfUtils.java:logGet(46)) - raft.server.threadpool.client.cached = true (default)
2023-06-25 20:38:14,050 [52f6f94e-d183-4208-9d90-b23f37a7c382-groupManagement] INFO  server.RaftServerConfigKeys (ConfUtils.java:logGet(46)) - raft.server.threadpool.client.size = 0 (default)
2023-06-25 20:38:14,050 [52f6f94e-d183-4208-9d90-b23f37a7c382-groupManagement] INFO  storage.RaftStorageDirectory (RaftStorageDirectoryImpl.java:analyzeStorage(137)) - The storage directory /home/runner/work/ozone/ozone/hadoop-ozone/integration-test/target/test-dir/MiniOzoneClusterImpl-a52b7a0b-0bee-460e-a951-14c7f8ebc071/datanode-1/data/ratis/7342d943-a4f5-4b27-9be9-d53594ba4322 does not exist. Creating ...
2023-06-25 20:38:14,051 [52f6f94e-d183-4208-9d90-b23f37a7c382-groupManagement] INFO  storage.RaftStorageDirectory (RaftStorageDirectoryImpl.java:tryLock(231)) - Lock on /home/runner/work/ozone/ozone/hadoop-ozone/integration-test/target/test-dir/MiniOzoneClusterImpl-a52b7a0b-0bee-460e-a951-14c7f8ebc071/datanode-1/data/ratis/7342d943-a4f5-4b27-9be9-d53594ba4322/in_use.lock acquired by nodename 7655@fv-az808-130
2023-06-25 20:38:14,053 [52f6f94e-d183-4208-9d90-b23f37a7c382-groupManagement] INFO  storage.RaftStorage (RaftStorageImpl.java:format(96)) - Storage directory /home/runner/work/ozone/ozone/hadoop-ozone/integration-test/target/test-dir/MiniOzoneClusterImpl-a52b7a0b-0bee-460e-a951-14c7f8ebc071/datanode-1/data/ratis/7342d943-a4f5-4b27-9be9-d53594ba4322 has been successfully formatted.
2023-06-25 20:38:14,054 [52f6f94e-d183-4208-9d90-b23f37a7c382-groupManagement] INFO  ratis.ContainerStateMachine (ContainerStateMachine.java:loadSnapshot(262)) - group-D53594BA4322: The snapshot info is null. Setting the last applied indexto:(t:0, i:~)
2023-06-25 20:38:14,054 [52f6f94e-d183-4208-9d90-b23f37a7c382-groupManagement] INFO  server.RaftServerConfigKeys (ConfUtils.java:logGet(46)) - raft.server.log.use.memory = false (default)
2023-06-25 20:38:14,054 [52f6f94e-d183-4208-9d90-b23f37a7c382-groupManagement] INFO  server.RaftServerConfigKeys (ConfUtils.java:logGet(46)) - raft.server.log.purge.gap = 1000000 (custom)
2023-06-25 20:38:14,054 [52f6f94e-d183-4208-9d90-b23f37a7c382-groupManagement] INFO  server.RaftServerConfigKeys (ConfUtils.java:logGet(46)) - raft.server.log.appender.buffer.byte-limit = 33554432 (custom)
2023-06-25 20:38:14,054 [52f6f94e-d183-4208-9d90-b23f37a7c382-groupManagement] INFO  server.RaftServerConfigKeys (ConfUtils.java:logGet(46)) - raft.server.log.statemachine.data.read.timeout = 1000ms (default)
2023-06-25 20:38:14,054 [52f6f94e-d183-4208-9d90-b23f37a7c382-groupManagement] INFO  server.RaftServerConfigKeys (ConfUtils.java:logGet(46)) - raft.server.log.purge.preservation.log.num = 0 (default)
2023-06-25 20:38:14,055 [52f6f94e-d183-4208-9d90-b23f37a7c382-groupManagement] INFO  server.RaftServerConfigKeys (ConfUtils.java:logGet(46)) - raft.server.log.segment.size.max = 1048576 (custom)
2023-06-25 20:38:14,055 [52f6f94e-d183-4208-9d90-b23f37a7c382-groupManagement] INFO  server.RaftServerConfigKeys (ConfUtils.java:logGet(46)) - raft.server.log.segment.cache.num.max = 2 (custom)
2023-06-25 20:38:14,055 [52f6f94e-d183-4208-9d90-b23f37a7c382-groupManagement] INFO  server.RaftServerConfigKeys (ConfUtils.java:logGet(46)) - raft.server.log.segment.cache.size.max = 200MB (=209715200) (default)
2023-06-25 20:38:14,055 [52f6f94e-d183-4208-9d90-b23f37a7c382-groupManagement] INFO  server.RaftServerConfigKeys (ConfUtils.java:logGet(46)) - raft.server.log.appender.buffer.byte-limit = 33554432 (custom)
2023-06-25 20:38:14,055 [52f6f94e-d183-4208-9d90-b23f37a7c382-groupManagement] INFO  segmented.SegmentedRaftLogWorker (SegmentedRaftLogWorker.java:<init>(188)) - new 52f6f94e-d183-4208-9d90-b23f37a7c382@group-D53594BA4322-SegmentedRaftLogWorker for RaftStorageImpl:Storage Directory /home/runner/work/ozone/ozone/hadoop-ozone/integration-test/target/test-dir/MiniOzoneClusterImpl-a52b7a0b-0bee-460e-a951-14c7f8ebc071/datanode-1/data/ratis/7342d943-a4f5-4b27-9be9-d53594ba4322
2023-06-25 20:38:14,055 [52f6f94e-d183-4208-9d90-b23f37a7c382-groupManagement] INFO  server.RaftServerConfigKeys (ConfUtils.java:logGet(46)) - raft.server.log.queue.byte-limit = 4294967296 (custom)
2023-06-25 20:38:14,055 [52f6f94e-d183-4208-9d90-b23f37a7c382-groupManagement] INFO  server.RaftServerConfigKeys (ConfUtils.java:logGet(46)) - raft.server.log.queue.element-limit = 1024 (custom)
2023-06-25 20:38:14,055 [52f6f94e-d183-4208-9d90-b23f37a7c382-groupManagement] INFO  server.RaftServerConfigKeys (ConfUtils.java:logGet(46)) - raft.server.log.segment.size.max = 1048576 (custom)
2023-06-25 20:38:14,055 [52f6f94e-d183-4208-9d90-b23f37a7c382-groupManagement] INFO  server.RaftServerConfigKeys (ConfUtils.java:logGet(46)) - raft.server.log.preallocated.size = 16384 (custom)
2023-06-25 20:38:14,055 [52f6f94e-d183-4208-9d90-b23f37a7c382-groupManagement] INFO  server.RaftServerConfigKeys (ConfUtils.java:logGet(46)) - raft.server.log.force.sync.num = 128 (default)
2023-06-25 20:38:14,056 [52f6f94e-d183-4208-9d90-b23f37a7c382-groupManagement] INFO  server.RaftServerConfigKeys (ConfUtils.java:logGet(46)) - raft.server.log.statemachine.data.sync = true (default)
2023-06-25 20:38:14,056 [52f6f94e-d183-4208-9d90-b23f37a7c382-groupManagement] INFO  server.RaftServerConfigKeys (ConfUtils.java:logGet(46)) - raft.server.log.statemachine.data.sync.timeout = 10s (default)
2023-06-25 20:38:14,056 [52f6f94e-d183-4208-9d90-b23f37a7c382-groupManagement] INFO  server.RaftServerConfigKeys (ConfUtils.java:logGet(46)) - raft.server.log.statemachine.data.sync.timeout.retry = -1 (default)
2023-06-25 20:38:14,056 [52f6f94e-d183-4208-9d90-b23f37a7c382-groupManagement] INFO  server.RaftServerConfigKeys (ConfUtils.java:logGet(46)) - raft.server.log.write.buffer.size = 1048576 (custom)
2023-06-25 20:38:14,057 [52f6f94e-d183-4208-9d90-b23f37a7c382-groupManagement] INFO  server.RaftServerConfigKeys (ConfUtils.java:logGet(46)) - raft.server.log.appender.buffer.byte-limit = 33554432 (custom)
2023-06-25 20:38:14,066 [52f6f94e-d183-4208-9d90-b23f37a7c382-groupManagement] INFO  server.RaftServerConfigKeys (ConfUtils.java:logGet(46)) - raft.server.log.unsafe-flush.enabled = false (default)
2023-06-25 20:38:14,066 [52f6f94e-d183-4208-9d90-b23f37a7c382-groupManagement] INFO  server.RaftServerConfigKeys (ConfUtils.java:logGet(46)) - raft.server.log.async-flush.enabled = false (default)
2023-06-25 20:38:14,066 [52f6f94e-d183-4208-9d90-b23f37a7c382-groupManagement] INFO  server.RaftServerConfigKeys (ConfUtils.java:logGet(46)) - raft.server.log.statemachine.data.caching.enabled = true (custom)
2023-06-25 20:38:14,066 [52f6f94e-d183-4208-9d90-b23f37a7c382-groupManagement] INFO  segmented.SegmentedRaftLogWorker (SegmentedRaftLogWorker.java:lambda$new$0(135)) - 52f6f94e-d183-4208-9d90-b23f37a7c382@group-D53594BA4322-SegmentedRaftLogWorker: flushIndex: setUnconditionally 0 -> -1
2023-06-25 20:38:14,066 [52f6f94e-d183-4208-9d90-b23f37a7c382-groupManagement] INFO  segmented.SegmentedRaftLogWorker (SegmentedRaftLogWorker.java:lambda$new$0(135)) - 52f6f94e-d183-4208-9d90-b23f37a7c382@group-D53594BA4322-SegmentedRaftLogWorker: safeCacheEvictIndex: setUnconditionally 0 -> -1
2023-06-25 20:38:14,066 [52f6f94e-d183-4208-9d90-b23f37a7c382-groupManagement] INFO  server.RaftServer$Division (RaftServerImpl.java:start(342)) - 52f6f94e-d183-4208-9d90-b23f37a7c382@group-D53594BA4322: start as a follower, conf=-1: peers:[52f6f94e-d183-4208-9d90-b23f37a7c382|rpc:10.1.0.20:15058|admin:10.1.0.20:15057|client:10.1.0.20:15056|dataStream:10.1.0.20:15059|priority:0|startupRole:FOLLOWER, c86d5a2f-2db4-4f76-adc6-5061d66575f1|rpc:10.1.0.20:15067|admin:10.1.0.20:15066|client:10.1.0.20:15065|dataStream:10.1.0.20:15068|priority:1|startupRole:FOLLOWER, 9412d3d0-2519-4c22-9a73-1b5e9d001713|rpc:10.1.0.20:15049|admin:10.1.0.20:15048|client:10.1.0.20:15047|dataStream:10.1.0.20:15050|priority:0|startupRole:FOLLOWER]|listeners:[], old=null
2023-06-25 20:38:14,067 [52f6f94e-d183-4208-9d90-b23f37a7c382-groupManagement] INFO  server.RaftServer$Division (RaftServerImpl.java:setRole(329)) - 52f6f94e-d183-4208-9d90-b23f37a7c382@group-D53594BA4322: changes role from      null to FOLLOWER at term 0 for startAsFollower
2023-06-25 20:38:14,067 [52f6f94e-d183-4208-9d90-b23f37a7c382-groupManagement] INFO  impl.RoleInfo (RoleInfo.java:updateAndGet(139)) - 52f6f94e-d183-4208-9d90-b23f37a7c382: start 52f6f94e-d183-4208-9d90-b23f37a7c382@group-D53594BA4322-FollowerState
2023-06-25 20:38:14,067 [52f6f94e-d183-4208-9d90-b23f37a7c382-groupManagement] INFO  util.JmxRegister (JmxRegister.java:tryRegister(44)) - Successfully registered JMX Bean with object name Ratis:service=RaftServer,group=group-D53594BA4322,id=52f6f94e-d183-4208-9d90-b23f37a7c382
2023-06-25 20:38:14,067 [52f6f94e-d183-4208-9d90-b23f37a7c382@group-D53594BA4322-FollowerState] INFO  server.RaftServerConfigKeys (ConfUtils.java:logFallback(53)) - raft.server.rpc.first-election.timeout.min = 5s (fallback to raft.server.rpc.timeout.min)
2023-06-25 20:38:14,067 [52f6f94e-d183-4208-9d90-b23f37a7c382@group-D53594BA4322-FollowerState] INFO  server.RaftServerConfigKeys (ConfUtils.java:logFallback(53)) - raft.server.rpc.first-election.timeout.max = 5200ms (fallback to raft.server.rpc.timeout.max)
2023-06-25 20:38:14,067 [52f6f94e-d183-4208-9d90-b23f37a7c382-groupManagement] INFO  server.RaftServerConfigKeys (ConfUtils.java:logGet(46)) - raft.server.snapshot.auto.trigger.enabled = true (custom)
2023-06-25 20:38:14,067 [52f6f94e-d183-4208-9d90-b23f37a7c382-groupManagement] INFO  server.RaftServerConfigKeys (ConfUtils.java:logGet(46)) - raft.server.snapshot.auto.trigger.threshold = 10000 (custom)
2023-06-25 20:38:14,067 [52f6f94e-d183-4208-9d90-b23f37a7c382-groupManagement] INFO  server.RaftServerConfigKeys (ConfUtils.java:logGet(46)) - raft.server.snapshot.retention.file.num = 5 (custom)
2023-06-25 20:38:14,067 [52f6f94e-d183-4208-9d90-b23f37a7c382-groupManagement] INFO  server.RaftServerConfigKeys (ConfUtils.java:logGet(46)) - raft.server.log.purge.upto.snapshot.index = false (default)
2023-06-25 20:38:14,096 [grpc-default-executor-0] INFO  server.RaftServer (RaftServerProxy.java:addNew(98)) - c86d5a2f-2db4-4f76-adc6-5061d66575f1: addNew group-D53594BA4322:[52f6f94e-d183-4208-9d90-b23f37a7c382|rpc:10.1.0.20:15058|admin:10.1.0.20:15057|client:10.1.0.20:15056|dataStream:10.1.0.20:15059|priority:0|startupRole:FOLLOWER, c86d5a2f-2db4-4f76-adc6-5061d66575f1|rpc:10.1.0.20:15067|admin:10.1.0.20:15066|client:10.1.0.20:15065|dataStream:10.1.0.20:15068|priority:1|startupRole:FOLLOWER, 9412d3d0-2519-4c22-9a73-1b5e9d001713|rpc:10.1.0.20:15049|admin:10.1.0.20:15048|client:10.1.0.20:15047|dataStream:10.1.0.20:15050|priority:0|startupRole:FOLLOWER] returns group-D53594BA4322:java.util.concurrent.CompletableFuture@2a74e676[Not completed]
2023-06-25 20:38:14,097 [c86d5a2f-2db4-4f76-adc6-5061d66575f1-groupManagement] INFO  server.RaftServer$Division (RaftServerImpl.java:<init>(198)) - c86d5a2f-2db4-4f76-adc6-5061d66575f1: new RaftServerImpl for group-D53594BA4322:[52f6f94e-d183-4208-9d90-b23f37a7c382|rpc:10.1.0.20:15058|admin:10.1.0.20:15057|client:10.1.0.20:15056|dataStream:10.1.0.20:15059|priority:0|startupRole:FOLLOWER, c86d5a2f-2db4-4f76-adc6-5061d66575f1|rpc:10.1.0.20:15067|admin:10.1.0.20:15066|client:10.1.0.20:15065|dataStream:10.1.0.20:15068|priority:1|startupRole:FOLLOWER, 9412d3d0-2519-4c22-9a73-1b5e9d001713|rpc:10.1.0.20:15049|admin:10.1.0.20:15048|client:10.1.0.20:15047|dataStream:10.1.0.20:15050|priority:0|startupRole:FOLLOWER] with ContainerStateMachine:uninitialized
2023-06-25 20:38:14,097 [c86d5a2f-2db4-4f76-adc6-5061d66575f1-groupManagement] INFO  server.RaftServerConfigKeys (ConfUtils.java:logGet(46)) - raft.server.rpc.timeout.min = 5s (custom)
2023-06-25 20:38:14,097 [c86d5a2f-2db4-4f76-adc6-5061d66575f1-groupManagement] INFO  server.RaftServerConfigKeys (ConfUtils.java:logGet(46)) - raft.server.rpc.timeout.max = 5200ms (custom)
2023-06-25 20:38:14,097 [c86d5a2f-2db4-4f76-adc6-5061d66575f1-groupManagement] INFO  server.RaftServerConfigKeys (ConfUtils.java:logGet(46)) - raft.server.rpc.sleep.time = 25ms (default)
2023-06-25 20:38:14,097 [c86d5a2f-2db4-4f76-adc6-5061d66575f1-groupManagement] INFO  server.RaftServerConfigKeys (ConfUtils.java:logGet(46)) - raft.server.rpc.slowness.timeout = 300s (custom)
2023-06-25 20:38:14,097 [c86d5a2f-2db4-4f76-adc6-5061d66575f1-groupManagement] INFO  server.RaftServerConfigKeys (ConfUtils.java:logGet(46)) - raft.server.leaderelection.leader.step-down.wait-time = 10s (default)
2023-06-25 20:38:14,097 [c86d5a2f-2db4-4f76-adc6-5061d66575f1-groupManagement] INFO  server.RaftServerConfigKeys (ConfUtils.java:logGet(46)) - raft.server.sleep.deviation.threshold = 300ms (default)
2023-06-25 20:38:14,098 [c86d5a2f-2db4-4f76-adc6-5061d66575f1-groupManagement] INFO  server.RaftServer$Division (ServerState.java:<init>(120)) - c86d5a2f-2db4-4f76-adc6-5061d66575f1@group-D53594BA4322: ConfigurationManager, init=-1: peers:[52f6f94e-d183-4208-9d90-b23f37a7c382|rpc:10.1.0.20:15058|admin:10.1.0.20:15057|client:10.1.0.20:15056|dataStream:10.1.0.20:15059|priority:0|startupRole:FOLLOWER, c86d5a2f-2db4-4f76-adc6-5061d66575f1|rpc:10.1.0.20:15067|admin:10.1.0.20:15066|client:10.1.0.20:15065|dataStream:10.1.0.20:15068|priority:1|startupRole:FOLLOWER, 9412d3d0-2519-4c22-9a73-1b5e9d001713|rpc:10.1.0.20:15049|admin:10.1.0.20:15048|client:10.1.0.20:15047|dataStream:10.1.0.20:15050|priority:0|startupRole:FOLLOWER]|listeners:[], old=null, confs=<EMPTY_MAP>
2023-06-25 20:38:14,098 [c86d5a2f-2db4-4f76-adc6-5061d66575f1-groupManagement] INFO  server.RaftServerConfigKeys (ConfUtils.java:logGet(46)) - raft.server.storage.dir = [/home/runner/work/ozone/ozone/hadoop-ozone/integration-test/target/test-dir/MiniOzoneClusterImpl-a52b7a0b-0bee-460e-a951-14c7f8ebc071/datanode-2/data/ratis] (custom)
2023-06-25 20:38:14,098 [c86d5a2f-2db4-4f76-adc6-5061d66575f1-groupManagement] INFO  server.RaftServerConfigKeys (ConfUtils.java:logGet(46)) - raft.server.log.corruption.policy = EXCEPTION (default)
2023-06-25 20:38:14,098 [c86d5a2f-2db4-4f76-adc6-5061d66575f1-groupManagement] INFO  server.RaftServerConfigKeys (ConfUtils.java:logGet(46)) - raft.server.storage.free-space.min = 0MB (=0) (default)
2023-06-25 20:38:14,098 [c86d5a2f-2db4-4f76-adc6-5061d66575f1-groupManagement] INFO  server.RaftServerConfigKeys (ConfUtils.java:logGet(46)) - raft.server.notification.no-leader.timeout = 300s (custom)
2023-06-25 20:38:14,098 [c86d5a2f-2db4-4f76-adc6-5061d66575f1-groupManagement] INFO  server.RaftServerConfigKeys (ConfUtils.java:logGet(46)) - raft.server.read.timeout = 10s (default)
2023-06-25 20:38:14,098 [c86d5a2f-2db4-4f76-adc6-5061d66575f1-groupManagement] INFO  server.RaftServerConfigKeys (ConfUtils.java:logGet(46)) - raft.server.retrycache.expirytime = 600000ms (custom)
2023-06-25 20:38:14,098 [c86d5a2f-2db4-4f76-adc6-5061d66575f1-groupManagement] INFO  server.RaftServerConfigKeys (ConfUtils.java:logGet(46)) - raft.server.retrycache.statistics.expirytime = 100μs (default)
2023-06-25 20:38:14,098 [c86d5a2f-2db4-4f76-adc6-5061d66575f1-groupManagement] INFO  server.RaftServerConfigKeys (ConfUtils.java:logGet(46)) - raft.server.read.option = DEFAULT (default)
2023-06-25 20:38:14,099 [c86d5a2f-2db4-4f76-adc6-5061d66575f1-groupManagement] INFO  server.RaftServerConfigKeys (ConfUtils.java:logGet(46)) - raft.server.rpc.request.timeout = 60s (custom)
2023-06-25 20:38:14,099 [c86d5a2f-2db4-4f76-adc6-5061d66575f1-groupManagement] INFO  server.RaftServerConfigKeys (ConfUtils.java:logGet(46)) - raft.server.log.appender.install.snapshot.enabled = false (custom)
2023-06-25 20:38:14,100 [c86d5a2f-2db4-4f76-adc6-5061d66575f1-groupManagement] INFO  server.RaftServerConfigKeys (ConfUtils.java:logGet(46)) - raft.server.threadpool.server.cached = true (default)
2023-06-25 20:38:14,100 [c86d5a2f-2db4-4f76-adc6-5061d66575f1-groupManagement] INFO  server.RaftServerConfigKeys (ConfUtils.java:logGet(46)) - raft.server.threadpool.server.size = 0 (default)
2023-06-25 20:38:14,100 [c86d5a2f-2db4-4f76-adc6-5061d66575f1-groupManagement] INFO  server.RaftServerConfigKeys (ConfUtils.java:logGet(46)) - raft.server.threadpool.client.cached = true (default)
2023-06-25 20:38:14,100 [c86d5a2f-2db4-4f76-adc6-5061d66575f1-groupManagement] INFO  server.RaftServerConfigKeys (ConfUtils.java:logGet(46)) - raft.server.threadpool.client.size = 0 (default)
2023-06-25 20:38:14,100 [c86d5a2f-2db4-4f76-adc6-5061d66575f1-groupManagement] INFO  storage.RaftStorageDirectory (RaftStorageDirectoryImpl.java:analyzeStorage(137)) - The storage directory /home/runner/work/ozone/ozone/hadoop-ozone/integration-test/target/test-dir/MiniOzoneClusterImpl-a52b7a0b-0bee-460e-a951-14c7f8ebc071/datanode-2/data/ratis/7342d943-a4f5-4b27-9be9-d53594ba4322 does not exist. Creating ...
2023-06-25 20:38:14,101 [c86d5a2f-2db4-4f76-adc6-5061d66575f1-groupManagement] INFO  storage.RaftStorageDirectory (RaftStorageDirectoryImpl.java:tryLock(231)) - Lock on /home/runner/work/ozone/ozone/hadoop-ozone/integration-test/target/test-dir/MiniOzoneClusterImpl-a52b7a0b-0bee-460e-a951-14c7f8ebc071/datanode-2/data/ratis/7342d943-a4f5-4b27-9be9-d53594ba4322/in_use.lock acquired by nodename 7655@fv-az808-130
2023-06-25 20:38:14,103 [c86d5a2f-2db4-4f76-adc6-5061d66575f1-groupManagement] INFO  storage.RaftStorage (RaftStorageImpl.java:format(96)) - Storage directory /home/runner/work/ozone/ozone/hadoop-ozone/integration-test/target/test-dir/MiniOzoneClusterImpl-a52b7a0b-0bee-460e-a951-14c7f8ebc071/datanode-2/data/ratis/7342d943-a4f5-4b27-9be9-d53594ba4322 has been successfully formatted.
2023-06-25 20:38:14,104 [c86d5a2f-2db4-4f76-adc6-5061d66575f1-groupManagement] INFO  ratis.ContainerStateMachine (ContainerStateMachine.java:loadSnapshot(262)) - group-D53594BA4322: The snapshot info is null. Setting the last applied indexto:(t:0, i:~)
2023-06-25 20:38:14,104 [c86d5a2f-2db4-4f76-adc6-5061d66575f1-groupManagement] INFO  server.RaftServerConfigKeys (ConfUtils.java:logGet(46)) - raft.server.log.use.memory = false (default)
2023-06-25 20:38:14,104 [c86d5a2f-2db4-4f76-adc6-5061d66575f1-groupManagement] INFO  server.RaftServerConfigKeys (ConfUtils.java:logGet(46)) - raft.server.log.purge.gap = 1000000 (custom)
2023-06-25 20:38:14,104 [c86d5a2f-2db4-4f76-adc6-5061d66575f1-groupManagement] INFO  server.RaftServerConfigKeys (ConfUtils.java:logGet(46)) - raft.server.log.appender.buffer.byte-limit = 33554432 (custom)
2023-06-25 20:38:14,104 [c86d5a2f-2db4-4f76-adc6-5061d66575f1-groupManagement] INFO  server.RaftServerConfigKeys (ConfUtils.java:logGet(46)) - raft.server.log.statemachine.data.read.timeout = 1000ms (default)
2023-06-25 20:38:14,104 [c86d5a2f-2db4-4f76-adc6-5061d66575f1-groupManagement] INFO  server.RaftServerConfigKeys (ConfUtils.java:logGet(46)) - raft.server.log.purge.preservation.log.num = 0 (default)
2023-06-25 20:38:14,104 [c86d5a2f-2db4-4f76-adc6-5061d66575f1-groupManagement] INFO  server.RaftServerConfigKeys (ConfUtils.java:logGet(46)) - raft.server.log.segment.size.max = 1048576 (custom)
2023-06-25 20:38:14,105 [c86d5a2f-2db4-4f76-adc6-5061d66575f1-groupManagement] INFO  server.RaftServerConfigKeys (ConfUtils.java:logGet(46)) - raft.server.log.segment.cache.num.max = 2 (custom)
2023-06-25 20:38:14,105 [c86d5a2f-2db4-4f76-adc6-5061d66575f1-groupManagement] INFO  server.RaftServerConfigKeys (ConfUtils.java:logGet(46)) - raft.server.log.segment.cache.size.max = 200MB (=209715200) (default)
2023-06-25 20:38:14,105 [c86d5a2f-2db4-4f76-adc6-5061d66575f1-groupManagement] INFO  server.RaftServerConfigKeys (ConfUtils.java:logGet(46)) - raft.server.log.appender.buffer.byte-limit = 33554432 (custom)
2023-06-25 20:38:14,105 [c86d5a2f-2db4-4f76-adc6-5061d66575f1-groupManagement] INFO  segmented.SegmentedRaftLogWorker (SegmentedRaftLogWorker.java:<init>(188)) - new c86d5a2f-2db4-4f76-adc6-5061d66575f1@group-D53594BA4322-SegmentedRaftLogWorker for RaftStorageImpl:Storage Directory /home/runner/work/ozone/ozone/hadoop-ozone/integration-test/target/test-dir/MiniOzoneClusterImpl-a52b7a0b-0bee-460e-a951-14c7f8ebc071/datanode-2/data/ratis/7342d943-a4f5-4b27-9be9-d53594ba4322
2023-06-25 20:38:14,105 [c86d5a2f-2db4-4f76-adc6-5061d66575f1-groupManagement] INFO  server.RaftServerConfigKeys (ConfUtils.java:logGet(46)) - raft.server.log.queue.byte-limit = 4294967296 (custom)
2023-06-25 20:38:14,105 [c86d5a2f-2db4-4f76-adc6-5061d66575f1-groupManagement] INFO  server.RaftServerConfigKeys (ConfUtils.java:logGet(46)) - raft.server.log.queue.element-limit = 1024 (custom)
2023-06-25 20:38:14,105 [c86d5a2f-2db4-4f76-adc6-5061d66575f1-groupManagement] INFO  server.RaftServerConfigKeys (ConfUtils.java:logGet(46)) - raft.server.log.segment.size.max = 1048576 (custom)
2023-06-25 20:38:14,105 [c86d5a2f-2db4-4f76-adc6-5061d66575f1-groupManagement] INFO  server.RaftServerConfigKeys (ConfUtils.java:logGet(46)) - raft.server.log.preallocated.size = 16384 (custom)
2023-06-25 20:38:14,105 [c86d5a2f-2db4-4f76-adc6-5061d66575f1-groupManagement] INFO  server.RaftServerConfigKeys (ConfUtils.java:logGet(46)) - raft.server.log.force.sync.num = 128 (default)
2023-06-25 20:38:14,105 [c86d5a2f-2db4-4f76-adc6-5061d66575f1-groupManagement] INFO  server.RaftServerConfigKeys (ConfUtils.java:logGet(46)) - raft.server.log.statemachine.data.sync = true (default)
2023-06-25 20:38:14,105 [c86d5a2f-2db4-4f76-adc6-5061d66575f1-groupManagement] INFO  server.RaftServerConfigKeys (ConfUtils.java:logGet(46)) - raft.server.log.statemachine.data.sync.timeout = 10s (default)
2023-06-25 20:38:14,105 [c86d5a2f-2db4-4f76-adc6-5061d66575f1-groupManagement] INFO  server.RaftServerConfigKeys (ConfUtils.java:logGet(46)) - raft.server.log.statemachine.data.sync.timeout.retry = -1 (default)
2023-06-25 20:38:14,106 [c86d5a2f-2db4-4f76-adc6-5061d66575f1-groupManagement] INFO  server.RaftServerConfigKeys (ConfUtils.java:logGet(46)) - raft.server.log.write.buffer.size = 1048576 (custom)
2023-06-25 20:38:14,106 [c86d5a2f-2db4-4f76-adc6-5061d66575f1-groupManagement] INFO  server.RaftServerConfigKeys (ConfUtils.java:logGet(46)) - raft.server.log.appender.buffer.byte-limit = 33554432 (custom)
2023-06-25 20:38:14,530 [c86d5a2f-2db4-4f76-adc6-5061d66575f1-groupManagement] INFO  server.RaftServerConfigKeys (ConfUtils.java:logGet(46)) - raft.server.log.unsafe-flush.enabled = false (default)
2023-06-25 20:38:14,531 [c86d5a2f-2db4-4f76-adc6-5061d66575f1-groupManagement] INFO  server.RaftServerConfigKeys (ConfUtils.java:logGet(46)) - raft.server.log.async-flush.enabled = false (default)
2023-06-25 20:38:14,531 [c86d5a2f-2db4-4f76-adc6-5061d66575f1-groupManagement] INFO  server.RaftServerConfigKeys (ConfUtils.java:logGet(46)) - raft.server.log.statemachine.data.caching.enabled = true (custom)
2023-06-25 20:38:14,531 [c86d5a2f-2db4-4f76-adc6-5061d66575f1-groupManagement] INFO  segmented.SegmentedRaftLogWorker (SegmentedRaftLogWorker.java:lambda$new$0(135)) - c86d5a2f-2db4-4f76-adc6-5061d66575f1@group-D53594BA4322-SegmentedRaftLogWorker: flushIndex: setUnconditionally 0 -> -1
2023-06-25 20:38:14,531 [c86d5a2f-2db4-4f76-adc6-5061d66575f1-groupManagement] INFO  segmented.SegmentedRaftLogWorker (SegmentedRaftLogWorker.java:lambda$new$0(135)) - c86d5a2f-2db4-4f76-adc6-5061d66575f1@group-D53594BA4322-SegmentedRaftLogWorker: safeCacheEvictIndex: setUnconditionally 0 -> -1
2023-06-25 20:38:14,532 [c86d5a2f-2db4-4f76-adc6-5061d66575f1-groupManagement] INFO  server.RaftServer$Division (RaftServerImpl.java:start(342)) - c86d5a2f-2db4-4f76-adc6-5061d66575f1@group-D53594BA4322: start as a follower, conf=-1: peers:[52f6f94e-d183-4208-9d90-b23f37a7c382|rpc:10.1.0.20:15058|admin:10.1.0.20:15057|client:10.1.0.20:15056|dataStream:10.1.0.20:15059|priority:0|startupRole:FOLLOWER, c86d5a2f-2db4-4f76-adc6-5061d66575f1|rpc:10.1.0.20:15067|admin:10.1.0.20:15066|client:10.1.0.20:15065|dataStream:10.1.0.20:15068|priority:1|startupRole:FOLLOWER, 9412d3d0-2519-4c22-9a73-1b5e9d001713|rpc:10.1.0.20:15049|admin:10.1.0.20:15048|client:10.1.0.20:15047|dataStream:10.1.0.20:15050|priority:0|startupRole:FOLLOWER]|listeners:[], old=null
2023-06-25 20:38:14,532 [c86d5a2f-2db4-4f76-adc6-5061d66575f1-groupManagement] INFO  server.RaftServer$Division (RaftServerImpl.java:setRole(329)) - c86d5a2f-2db4-4f76-adc6-5061d66575f1@group-D53594BA4322: changes role from      null to FOLLOWER at term 0 for startAsFollower
2023-06-25 20:38:14,532 [c86d5a2f-2db4-4f76-adc6-5061d66575f1-groupManagement] INFO  impl.RoleInfo (RoleInfo.java:updateAndGet(139)) - c86d5a2f-2db4-4f76-adc6-5061d66575f1: start c86d5a2f-2db4-4f76-adc6-5061d66575f1@group-D53594BA4322-FollowerState
2023-06-25 20:38:14,535 [c86d5a2f-2db4-4f76-adc6-5061d66575f1-groupManagement] INFO  util.JmxRegister (JmxRegister.java:tryRegister(44)) - Successfully registered JMX Bean with object name Ratis:service=RaftServer,group=group-D53594BA4322,id=c86d5a2f-2db4-4f76-adc6-5061d66575f1
2023-06-25 20:38:14,535 [c86d5a2f-2db4-4f76-adc6-5061d66575f1-groupManagement] INFO  server.RaftServerConfigKeys (ConfUtils.java:logGet(46)) - raft.server.snapshot.auto.trigger.enabled = true (custom)
2023-06-25 20:38:14,535 [c86d5a2f-2db4-4f76-adc6-5061d66575f1-groupManagement] INFO  server.RaftServerConfigKeys (ConfUtils.java:logGet(46)) - raft.server.snapshot.auto.trigger.threshold = 10000 (custom)
2023-06-25 20:38:14,535 [c86d5a2f-2db4-4f76-adc6-5061d66575f1-groupManagement] INFO  server.RaftServerConfigKeys (ConfUtils.java:logGet(46)) - raft.server.snapshot.retention.file.num = 5 (custom)
2023-06-25 20:38:14,535 [c86d5a2f-2db4-4f76-adc6-5061d66575f1-groupManagement] INFO  server.RaftServerConfigKeys (ConfUtils.java:logGet(46)) - raft.server.log.purge.upto.snapshot.index = false (default)
2023-06-25 20:38:14,536 [c86d5a2f-2db4-4f76-adc6-5061d66575f1@group-D53594BA4322-FollowerState] INFO  server.RaftServerConfigKeys (ConfUtils.java:logFallback(53)) - raft.server.rpc.first-election.timeout.min = 5s (fallback to raft.server.rpc.timeout.min)
2023-06-25 20:38:14,536 [c86d5a2f-2db4-4f76-adc6-5061d66575f1@group-D53594BA4322-FollowerState] INFO  server.RaftServerConfigKeys (ConfUtils.java:logFallback(53)) - raft.server.rpc.first-election.timeout.max = 5200ms (fallback to raft.server.rpc.timeout.max)
2023-06-25 20:38:14,538 [JvmPauseMonitor9] WARN  util.JvmPauseMonitor (JvmPauseMonitor.java:detectPause(124)) - JvmPauseMonitor-c86d5a2f-2db4-4f76-adc6-5061d66575f1: Detected pause in JVM or host machine approximately 0.277s with 0.412s GC time.
GC pool 'PS MarkSweep' had collection(s): count=1 time=296ms
GC pool 'PS Scavenge' had collection(s): count=1 time=116ms
2023-06-25 20:38:14,539 [JvmPauseMonitor8] WARN  util.JvmPauseMonitor (JvmPauseMonitor.java:detectPause(124)) - JvmPauseMonitor-52f6f94e-d183-4208-9d90-b23f37a7c382: Detected pause in JVM or host machine approximately 0.121s with 0.412s GC time.
GC pool 'PS MarkSweep' had collection(s): count=1 time=296ms
GC pool 'PS Scavenge' had collection(s): count=1 time=116ms
2023-06-25 20:38:14,542 [52f6f94e-d183-4208-9d90-b23f37a7c382-groupManagement] INFO  server.RaftServer$Division (RaftServerImpl.java:<init>(198)) - 52f6f94e-d183-4208-9d90-b23f37a7c382: new RaftServerImpl for group-6BBE77A876E9:[52f6f94e-d183-4208-9d90-b23f37a7c382|rpc:10.1.0.20:15058|admin:10.1.0.20:15057|client:10.1.0.20:15056|dataStream:10.1.0.20:15059|priority:1|startupRole:FOLLOWER] with ContainerStateMachine:uninitialized
2023-06-25 20:38:14,542 [52f6f94e-d183-4208-9d90-b23f37a7c382-groupManagement] INFO  server.RaftServerConfigKeys (ConfUtils.java:logGet(46)) - raft.server.rpc.timeout.min = 5s (custom)
2023-06-25 20:38:14,543 [52f6f94e-d183-4208-9d90-b23f37a7c382-groupManagement] INFO  server.RaftServerConfigKeys (ConfUtils.java:logGet(46)) - raft.server.rpc.timeout.max = 5200ms (custom)
2023-06-25 20:38:14,543 [52f6f94e-d183-4208-9d90-b23f37a7c382-groupManagement] INFO  server.RaftServerConfigKeys (ConfUtils.java:logGet(46)) - raft.server.rpc.sleep.time = 25ms (default)
2023-06-25 20:38:14,543 [52f6f94e-d183-4208-9d90-b23f37a7c382-groupManagement] INFO  server.RaftServerConfigKeys (ConfUtils.java:logGet(46)) - raft.server.rpc.slowness.timeout = 300s (custom)
2023-06-25 20:38:14,543 [52f6f94e-d183-4208-9d90-b23f37a7c382-groupManagement] INFO  server.RaftServerConfigKeys (ConfUtils.java:logGet(46)) - raft.server.leaderelection.leader.step-down.wait-time = 10s (default)
2023-06-25 20:38:14,543 [52f6f94e-d183-4208-9d90-b23f37a7c382-groupManagement] INFO  server.RaftServerConfigKeys (ConfUtils.java:logGet(46)) - raft.server.sleep.deviation.threshold = 300ms (default)
2023-06-25 20:38:14,543 [52f6f94e-d183-4208-9d90-b23f37a7c382-groupManagement] INFO  server.RaftServer$Division (ServerState.java:<init>(120)) - 52f6f94e-d183-4208-9d90-b23f37a7c382@group-6BBE77A876E9: ConfigurationManager, init=-1: peers:[52f6f94e-d183-4208-9d90-b23f37a7c382|rpc:10.1.0.20:15058|admin:10.1.0.20:15057|client:10.1.0.20:15056|dataStream:10.1.0.20:15059|priority:1|startupRole:FOLLOWER]|listeners:[], old=null, confs=<EMPTY_MAP>
2023-06-25 20:38:14,543 [52f6f94e-d183-4208-9d90-b23f37a7c382-groupManagement] INFO  server.RaftServerConfigKeys (ConfUtils.java:logGet(46)) - raft.server.storage.dir = [/home/runner/work/ozone/ozone/hadoop-ozone/integration-test/target/test-dir/MiniOzoneClusterImpl-a52b7a0b-0bee-460e-a951-14c7f8ebc071/datanode-1/data/ratis] (custom)
2023-06-25 20:38:14,543 [52f6f94e-d183-4208-9d90-b23f37a7c382-groupManagement] INFO  server.RaftServerConfigKeys (ConfUtils.java:logGet(46)) - raft.server.log.corruption.policy = EXCEPTION (default)
2023-06-25 20:38:14,544 [52f6f94e-d183-4208-9d90-b23f37a7c382-groupManagement] INFO  server.RaftServerConfigKeys (ConfUtils.java:logGet(46)) - raft.server.storage.free-space.min = 0MB (=0) (default)
2023-06-25 20:38:14,544 [52f6f94e-d183-4208-9d90-b23f37a7c382-groupManagement] INFO  server.RaftServerConfigKeys (ConfUtils.java:logGet(46)) - raft.server.notification.no-leader.timeout = 300s (custom)
2023-06-25 20:38:14,544 [52f6f94e-d183-4208-9d90-b23f37a7c382-groupManagement] INFO  server.RaftServerConfigKeys (ConfUtils.java:logGet(46)) - raft.server.read.timeout = 10s (default)
2023-06-25 20:38:14,544 [52f6f94e-d183-4208-9d90-b23f37a7c382-groupManagement] INFO  server.RaftServerConfigKeys (ConfUtils.java:logGet(46)) - raft.server.retrycache.expirytime = 600000ms (custom)
2023-06-25 20:38:14,544 [52f6f94e-d183-4208-9d90-b23f37a7c382-groupManagement] INFO  server.RaftServerConfigKeys (ConfUtils.java:logGet(46)) - raft.server.retrycache.statistics.expirytime = 100μs (default)
2023-06-25 20:38:14,544 [52f6f94e-d183-4208-9d90-b23f37a7c382-groupManagement] INFO  server.RaftServerConfigKeys (ConfUtils.java:logGet(46)) - raft.server.read.option = DEFAULT (default)
2023-06-25 20:38:14,545 [52f6f94e-d183-4208-9d90-b23f37a7c382-groupManagement] INFO  server.RaftServerConfigKeys (ConfUtils.java:logGet(46)) - raft.server.rpc.request.timeout = 60s (custom)
2023-06-25 20:38:14,545 [52f6f94e-d183-4208-9d90-b23f37a7c382-groupManagement] INFO  server.RaftServerConfigKeys (ConfUtils.java:logGet(46)) - raft.server.log.appender.install.snapshot.enabled = false (custom)
2023-06-25 20:38:14,545 [52f6f94e-d183-4208-9d90-b23f37a7c382-groupManagement] INFO  server.RaftServerConfigKeys (ConfUtils.java:logGet(46)) - raft.server.threadpool.server.cached = true (default)
2023-06-25 20:38:14,545 [52f6f94e-d183-4208-9d90-b23f37a7c382-groupManagement] INFO  server.RaftServerConfigKeys (ConfUtils.java:logGet(46)) - raft.server.threadpool.server.size = 0 (default)
2023-06-25 20:38:14,545 [52f6f94e-d183-4208-9d90-b23f37a7c382-groupManagement] INFO  server.RaftServerConfigKeys (ConfUtils.java:logGet(46)) - raft.server.threadpool.client.cached = true (default)
2023-06-25 20:38:14,546 [52f6f94e-d183-4208-9d90-b23f37a7c382-groupManagement] INFO  server.RaftServerConfigKeys (ConfUtils.java:logGet(46)) - raft.server.threadpool.client.size = 0 (default)
2023-06-25 20:38:14,552 [PipelineCommandHandlerThread-0] INFO  server.RaftServer (RaftServerProxy.java:addNew(98)) - 52f6f94e-d183-4208-9d90-b23f37a7c382: addNew group-6BBE77A876E9:[52f6f94e-d183-4208-9d90-b23f37a7c382|rpc:10.1.0.20:15058|admin:10.1.0.20:15057|client:10.1.0.20:15056|dataStream:10.1.0.20:15059|priority:1|startupRole:FOLLOWER] returns group-6BBE77A876E9:java.util.concurrent.CompletableFuture@471671f3[Not completed]
2023-06-25 20:38:14,562 [52f6f94e-d183-4208-9d90-b23f37a7c382-groupManagement] INFO  storage.RaftStorageDirectory (RaftStorageDirectoryImpl.java:analyzeStorage(137)) - The storage directory /home/runner/work/ozone/ozone/hadoop-ozone/integration-test/target/test-dir/MiniOzoneClusterImpl-a52b7a0b-0bee-460e-a951-14c7f8ebc071/datanode-1/data/ratis/a7fbe15d-68f2-49ac-8438-6bbe77a876e9 does not exist. Creating ...
2023-06-25 20:38:14,563 [PipelineCommandHandlerThread-0] INFO  commandhandler.CreatePipelineCommandHandler (CreatePipelineCommandHandler.java:lambda$handle$2(124)) - Created Pipeline RATIS THREE PipelineID=7342d943-a4f5-4b27-9be9-d53594ba4322.
2023-06-25 20:38:14,563 [PipelineCommandHandlerThread-0] INFO  server.RaftServer (RaftServerProxy.java:addNew(98)) - 9412d3d0-2519-4c22-9a73-1b5e9d001713: addNew group-AA8173427D7E:[52f6f94e-d183-4208-9d90-b23f37a7c382|rpc:10.1.0.20:15058|admin:10.1.0.20:15057|client:10.1.0.20:15056|dataStream:10.1.0.20:15059|priority:0|startupRole:FOLLOWER, c86d5a2f-2db4-4f76-adc6-5061d66575f1|rpc:10.1.0.20:15067|admin:10.1.0.20:15066|client:10.1.0.20:15065|dataStream:10.1.0.20:15068|priority:0|startupRole:FOLLOWER, 9412d3d0-2519-4c22-9a73-1b5e9d001713|rpc:10.1.0.20:15049|admin:10.1.0.20:15048|client:10.1.0.20:15047|dataStream:10.1.0.20:15050|priority:1|startupRole:FOLLOWER] returns group-AA8173427D7E:java.util.concurrent.CompletableFuture@4cf2dbaa[Not completed]
2023-06-25 20:38:14,564 [9412d3d0-2519-4c22-9a73-1b5e9d001713-groupManagement] INFO  server.RaftServer$Division (RaftServerImpl.java:<init>(198)) - 9412d3d0-2519-4c22-9a73-1b5e9d001713: new RaftServerImpl for group-AA8173427D7E:[52f6f94e-d183-4208-9d90-b23f37a7c382|rpc:10.1.0.20:15058|admin:10.1.0.20:15057|client:10.1.0.20:15056|dataStream:10.1.0.20:15059|priority:0|startupRole:FOLLOWER, c86d5a2f-2db4-4f76-adc6-5061d66575f1|rpc:10.1.0.20:15067|admin:10.1.0.20:15066|client:10.1.0.20:15065|dataStream:10.1.0.20:15068|priority:0|startupRole:FOLLOWER, 9412d3d0-2519-4c22-9a73-1b5e9d001713|rpc:10.1.0.20:15049|admin:10.1.0.20:15048|client:10.1.0.20:15047|dataStream:10.1.0.20:15050|priority:1|startupRole:FOLLOWER] with ContainerStateMachine:uninitialized
2023-06-25 20:38:14,564 [9412d3d0-2519-4c22-9a73-1b5e9d001713-groupManagement] INFO  server.RaftServerConfigKeys (ConfUtils.java:logGet(46)) - raft.server.rpc.timeout.min = 5s (custom)
2023-06-25 20:38:14,564 [9412d3d0-2519-4c22-9a73-1b5e9d001713-groupManagement] INFO  server.RaftServerConfigKeys (ConfUtils.java:logGet(46)) - raft.server.rpc.timeout.max = 5200ms (custom)
2023-06-25 20:38:14,564 [9412d3d0-2519-4c22-9a73-1b5e9d001713-groupManagement] INFO  server.RaftServerConfigKeys (ConfUtils.java:logGet(46)) - raft.server.rpc.sleep.time = 25ms (default)
2023-06-25 20:38:14,564 [9412d3d0-2519-4c22-9a73-1b5e9d001713-groupManagement] INFO  server.RaftServerConfigKeys (ConfUtils.java:logGet(46)) - raft.server.rpc.slowness.timeout = 300s (custom)
2023-06-25 20:38:14,564 [9412d3d0-2519-4c22-9a73-1b5e9d001713-groupManagement] INFO  server.RaftServerConfigKeys (ConfUtils.java:logGet(46)) - raft.server.leaderelection.leader.step-down.wait-time = 10s (default)
2023-06-25 20:38:14,564 [9412d3d0-2519-4c22-9a73-1b5e9d001713-groupManagement] INFO  server.RaftServerConfigKeys (ConfUtils.java:logGet(46)) - raft.server.sleep.deviation.threshold = 300ms (default)
2023-06-25 20:38:14,564 [9412d3d0-2519-4c22-9a73-1b5e9d001713-groupManagement] INFO  server.RaftServer$Division (ServerState.java:<init>(120)) - 9412d3d0-2519-4c22-9a73-1b5e9d001713@group-AA8173427D7E: ConfigurationManager, init=-1: peers:[52f6f94e-d183-4208-9d90-b23f37a7c382|rpc:10.1.0.20:15058|admin:10.1.0.20:15057|client:10.1.0.20:15056|dataStream:10.1.0.20:15059|priority:0|startupRole:FOLLOWER, c86d5a2f-2db4-4f76-adc6-5061d66575f1|rpc:10.1.0.20:15067|admin:10.1.0.20:15066|client:10.1.0.20:15065|dataStream:10.1.0.20:15068|priority:0|startupRole:FOLLOWER, 9412d3d0-2519-4c22-9a73-1b5e9d001713|rpc:10.1.0.20:15049|admin:10.1.0.20:15048|client:10.1.0.20:15047|dataStream:10.1.0.20:15050|priority:1|startupRole:FOLLOWER]|listeners:[], old=null, confs=<EMPTY_MAP>
2023-06-25 20:38:14,565 [9412d3d0-2519-4c22-9a73-1b5e9d001713-groupManagement] INFO  server.RaftServerConfigKeys (ConfUtils.java:logGet(46)) - raft.server.storage.dir = [/home/runner/work/ozone/ozone/hadoop-ozone/integration-test/target/test-dir/MiniOzoneClusterImpl-a52b7a0b-0bee-460e-a951-14c7f8ebc071/datanode-0/data/ratis] (custom)
2023-06-25 20:38:14,565 [9412d3d0-2519-4c22-9a73-1b5e9d001713-groupManagement] INFO  server.RaftServerConfigKeys (ConfUtils.java:logGet(46)) - raft.server.log.corruption.policy = EXCEPTION (default)
2023-06-25 20:38:14,565 [9412d3d0-2519-4c22-9a73-1b5e9d001713-groupManagement] INFO  server.RaftServerConfigKeys (ConfUtils.java:logGet(46)) - raft.server.storage.free-space.min = 0MB (=0) (default)
2023-06-25 20:38:14,564 [52f6f94e-d183-4208-9d90-b23f37a7c382-groupManagement] INFO  storage.RaftStorageDirectory (RaftStorageDirectoryImpl.java:tryLock(231)) - Lock on /home/runner/work/ozone/ozone/hadoop-ozone/integration-test/target/test-dir/MiniOzoneClusterImpl-a52b7a0b-0bee-460e-a951-14c7f8ebc071/datanode-1/data/ratis/a7fbe15d-68f2-49ac-8438-6bbe77a876e9/in_use.lock acquired by nodename 7655@fv-az808-130
2023-06-25 20:38:14,565 [9412d3d0-2519-4c22-9a73-1b5e9d001713-groupManagement] INFO  server.RaftServerConfigKeys (ConfUtils.java:logGet(46)) - raft.server.notification.no-leader.timeout = 300s (custom)
2023-06-25 20:38:14,566 [9412d3d0-2519-4c22-9a73-1b5e9d001713-groupManagement] INFO  server.RaftServerConfigKeys (ConfUtils.java:logGet(46)) - raft.server.read.timeout = 10s (default)
2023-06-25 20:38:14,566 [9412d3d0-2519-4c22-9a73-1b5e9d001713-groupManagement] INFO  server.RaftServerConfigKeys (ConfUtils.java:logGet(46)) - raft.server.retrycache.expirytime = 600000ms (custom)
2023-06-25 20:38:14,566 [9412d3d0-2519-4c22-9a73-1b5e9d001713-groupManagement] INFO  server.RaftServerConfigKeys (ConfUtils.java:logGet(46)) - raft.server.retrycache.statistics.expirytime = 100μs (default)
2023-06-25 20:38:14,566 [9412d3d0-2519-4c22-9a73-1b5e9d001713-groupManagement] INFO  server.RaftServerConfigKeys (ConfUtils.java:logGet(46)) - raft.server.read.option = DEFAULT (default)
2023-06-25 20:38:14,567 [52f6f94e-d183-4208-9d90-b23f37a7c382-groupManagement] INFO  storage.RaftStorage (RaftStorageImpl.java:format(96)) - Storage directory /home/runner/work/ozone/ozone/hadoop-ozone/integration-test/target/test-dir/MiniOzoneClusterImpl-a52b7a0b-0bee-460e-a951-14c7f8ebc071/datanode-1/data/ratis/a7fbe15d-68f2-49ac-8438-6bbe77a876e9 has been successfully formatted.
2023-06-25 20:38:14,567 [52f6f94e-d183-4208-9d90-b23f37a7c382-groupManagement] INFO  ratis.ContainerStateMachine (ContainerStateMachine.java:loadSnapshot(262)) - group-6BBE77A876E9: The snapshot info is null. Setting the last applied indexto:(t:0, i:~)
2023-06-25 20:38:14,567 [52f6f94e-d183-4208-9d90-b23f37a7c382-groupManagement] INFO  server.RaftServerConfigKeys (ConfUtils.java:logGet(46)) - raft.server.log.use.memory = false (default)
2023-06-25 20:38:14,568 [52f6f94e-d183-4208-9d90-b23f37a7c382-groupManagement] INFO  server.RaftServerConfigKeys (ConfUtils.java:logGet(46)) - raft.server.log.purge.gap = 1000000 (custom)
2023-06-25 20:38:14,568 [52f6f94e-d183-4208-9d90-b23f37a7c382-groupManagement] INFO  server.RaftServerConfigKeys (ConfUtils.java:logGet(46)) - raft.server.log.appender.buffer.byte-limit = 33554432 (custom)
2023-06-25 20:38:14,568 [52f6f94e-d183-4208-9d90-b23f37a7c382-groupManagement] INFO  server.RaftServerConfigKeys (ConfUtils.java:logGet(46)) - raft.server.log.statemachine.data.read.timeout = 1000ms (default)
2023-06-25 20:38:14,568 [52f6f94e-d183-4208-9d90-b23f37a7c382-groupManagement] INFO  server.RaftServerConfigKeys (ConfUtils.java:logGet(46)) - raft.server.log.purge.preservation.log.num = 0 (default)
2023-06-25 20:38:14,568 [52f6f94e-d183-4208-9d90-b23f37a7c382-groupManagement] INFO  server.RaftServerConfigKeys (ConfUtils.java:logGet(46)) - raft.server.log.segment.size.max = 1048576 (custom)
2023-06-25 20:38:14,568 [52f6f94e-d183-4208-9d90-b23f37a7c382-groupManagement] INFO  server.RaftServerConfigKeys (ConfUtils.java:logGet(46)) - raft.server.log.segment.cache.num.max = 2 (custom)
2023-06-25 20:38:14,568 [52f6f94e-d183-4208-9d90-b23f37a7c382-groupManagement] INFO  server.RaftServerConfigKeys (ConfUtils.java:logGet(46)) - raft.server.log.segment.cache.size.max = 200MB (=209715200) (default)
2023-06-25 20:38:14,568 [52f6f94e-d183-4208-9d90-b23f37a7c382-groupManagement] INFO  server.RaftServerConfigKeys (ConfUtils.java:logGet(46)) - raft.server.log.appender.buffer.byte-limit = 33554432 (custom)
2023-06-25 20:38:14,568 [52f6f94e-d183-4208-9d90-b23f37a7c382-groupManagement] INFO  segmented.SegmentedRaftLogWorker (SegmentedRaftLogWorker.java:<init>(188)) - new 52f6f94e-d183-4208-9d90-b23f37a7c382@group-6BBE77A876E9-SegmentedRaftLogWorker for RaftStorageImpl:Storage Directory /home/runner/work/ozone/ozone/hadoop-ozone/integration-test/target/test-dir/MiniOzoneClusterImpl-a52b7a0b-0bee-460e-a951-14c7f8ebc071/datanode-1/data/ratis/a7fbe15d-68f2-49ac-8438-6bbe77a876e9
2023-06-25 20:38:14,569 [52f6f94e-d183-4208-9d90-b23f37a7c382-groupManagement] INFO  server.RaftServerConfigKeys (ConfUtils.java:logGet(46)) - raft.server.log.queue.byte-limit = 4294967296 (custom)
2023-06-25 20:38:14,569 [52f6f94e-d183-4208-9d90-b23f37a7c382-groupManagement] INFO  server.RaftServerConfigKeys (ConfUtils.java:logGet(46)) - raft.server.log.queue.element-limit = 1024 (custom)
2023-06-25 20:38:14,569 [52f6f94e-d183-4208-9d90-b23f37a7c382-groupManagement] INFO  server.RaftServerConfigKeys (ConfUtils.java:logGet(46)) - raft.server.log.segment.size.max = 1048576 (custom)
2023-06-25 20:38:14,569 [52f6f94e-d183-4208-9d90-b23f37a7c382-groupManagement] INFO  server.RaftServerConfigKeys (ConfUtils.java:logGet(46)) - raft.server.log.preallocated.size = 16384 (custom)
2023-06-25 20:38:14,569 [52f6f94e-d183-4208-9d90-b23f37a7c382-groupManagement] INFO  server.RaftServerConfigKeys (ConfUtils.java:logGet(46)) - raft.server.log.force.sync.num = 128 (default)
2023-06-25 20:38:14,569 [52f6f94e-d183-4208-9d90-b23f37a7c382-groupManagement] INFO  server.RaftServerConfigKeys (ConfUtils.java:logGet(46)) - raft.server.log.statemachine.data.sync = true (default)
2023-06-25 20:38:14,570 [52f6f94e-d183-4208-9d90-b23f37a7c382-groupManagement] INFO  server.RaftServerConfigKeys (ConfUtils.java:logGet(46)) - raft.server.log.statemachine.data.sync.timeout = 10s (default)
2023-06-25 20:38:14,570 [52f6f94e-d183-4208-9d90-b23f37a7c382-groupManagement] INFO  server.RaftServerConfigKeys (ConfUtils.java:logGet(46)) - raft.server.log.statemachine.data.sync.timeout.retry = -1 (default)
2023-06-25 20:38:14,571 [9412d3d0-2519-4c22-9a73-1b5e9d001713-groupManagement] INFO  server.RaftServerConfigKeys (ConfUtils.java:logGet(46)) - raft.server.rpc.request.timeout = 60s (custom)
2023-06-25 20:38:14,571 [9412d3d0-2519-4c22-9a73-1b5e9d001713-groupManagement] INFO  server.RaftServerConfigKeys (ConfUtils.java:logGet(46)) - raft.server.log.appender.install.snapshot.enabled = false (custom)
2023-06-25 20:38:14,571 [9412d3d0-2519-4c22-9a73-1b5e9d001713-groupManagement] INFO  server.RaftServerConfigKeys (ConfUtils.java:logGet(46)) - raft.server.threadpool.server.cached = true (default)
2023-06-25 20:38:14,572 [9412d3d0-2519-4c22-9a73-1b5e9d001713-groupManagement] INFO  server.RaftServerConfigKeys (ConfUtils.java:logGet(46)) - raft.server.threadpool.server.size = 0 (default)
2023-06-25 20:38:14,572 [9412d3d0-2519-4c22-9a73-1b5e9d001713-groupManagement] INFO  server.RaftServerConfigKeys (ConfUtils.java:logGet(46)) - raft.server.threadpool.client.cached = true (default)
2023-06-25 20:38:14,572 [9412d3d0-2519-4c22-9a73-1b5e9d001713-groupManagement] INFO  server.RaftServerConfigKeys (ConfUtils.java:logGet(46)) - raft.server.threadpool.client.size = 0 (default)
2023-06-25 20:38:14,572 [EventQueue-PipelineReportForPipelineReportHandler] INFO  pipeline.PipelineManagerImpl (PipelineManagerImpl.java:openPipeline(381)) - Pipeline Pipeline[ Id: a7fbe15d-68f2-49ac-8438-6bbe77a876e9, Nodes: 52f6f94e-d183-4208-9d90-b23f37a7c382(fv-az808-130.wa3tte2ragoufbcbawjciesdkc.bx.internal.cloudapp.net/10.1.0.20), ReplicationConfig: RATIS/ONE, State:ALLOCATED, leaderId:52f6f94e-d183-4208-9d90-b23f37a7c382, CreationTimestamp2023-06-25T20:38:11.353Z[Etc/UTC]] moved to OPEN state
2023-06-25 20:38:14,573 [EventQueue-OpenPipelineForHealthyPipelineSafeModeRule] INFO  safemode.SCMSafeModeManager (HealthyPipelineSafeModeRule.java:process(137)) - SCM in safe mode. Healthy pipelines reported count is 0, required healthy pipeline reported count is 1
2023-06-25 20:38:14,575 [52f6f94e-d183-4208-9d90-b23f37a7c382-groupManagement] INFO  server.RaftServerConfigKeys (ConfUtils.java:logGet(46)) - raft.server.log.write.buffer.size = 1048576 (custom)
2023-06-25 20:38:14,575 [52f6f94e-d183-4208-9d90-b23f37a7c382-groupManagement] INFO  server.RaftServerConfigKeys (ConfUtils.java:logGet(46)) - raft.server.log.appender.buffer.byte-limit = 33554432 (custom)
2023-06-25 20:38:14,572 [9412d3d0-2519-4c22-9a73-1b5e9d001713-groupManagement] INFO  storage.RaftStorageDirectory (RaftStorageDirectoryImpl.java:analyzeStorage(137)) - The storage directory /home/runner/work/ozone/ozone/hadoop-ozone/integration-test/target/test-dir/MiniOzoneClusterImpl-a52b7a0b-0bee-460e-a951-14c7f8ebc071/datanode-0/data/ratis/7ca4f31a-ba94-438a-a556-aa8173427d7e does not exist. Creating ...
2023-06-25 20:38:14,578 [9412d3d0-2519-4c22-9a73-1b5e9d001713-groupManagement] INFO  storage.RaftStorageDirectory (RaftStorageDirectoryImpl.java:tryLock(231)) - Lock on /home/runner/work/ozone/ozone/hadoop-ozone/integration-test/target/test-dir/MiniOzoneClusterImpl-a52b7a0b-0bee-460e-a951-14c7f8ebc071/datanode-0/data/ratis/7ca4f31a-ba94-438a-a556-aa8173427d7e/in_use.lock acquired by nodename 7655@fv-az808-130
2023-06-25 20:38:14,579 [9412d3d0-2519-4c22-9a73-1b5e9d001713-groupManagement] INFO  storage.RaftStorage (RaftStorageImpl.java:format(96)) - Storage directory /home/runner/work/ozone/ozone/hadoop-ozone/integration-test/target/test-dir/MiniOzoneClusterImpl-a52b7a0b-0bee-460e-a951-14c7f8ebc071/datanode-0/data/ratis/7ca4f31a-ba94-438a-a556-aa8173427d7e has been successfully formatted.
2023-06-25 20:38:14,580 [9412d3d0-2519-4c22-9a73-1b5e9d001713-groupManagement] INFO  ratis.ContainerStateMachine (ContainerStateMachine.java:loadSnapshot(262)) - group-AA8173427D7E: The snapshot info is null. Setting the last applied indexto:(t:0, i:~)
2023-06-25 20:38:14,580 [9412d3d0-2519-4c22-9a73-1b5e9d001713-groupManagement] INFO  server.RaftServerConfigKeys (ConfUtils.java:logGet(46)) - raft.server.log.use.memory = false (default)
2023-06-25 20:38:14,580 [9412d3d0-2519-4c22-9a73-1b5e9d001713-groupManagement] INFO  server.RaftServerConfigKeys (ConfUtils.java:logGet(46)) - raft.server.log.purge.gap = 1000000 (custom)
2023-06-25 20:38:14,580 [EventQueue-OpenPipelineForHealthyPipelineSafeModeRule] INFO  safemode.SCMSafeModeManager (HealthyPipelineSafeModeRule.java:process(137)) - SCM in safe mode. Healthy pipelines reported count is 0, required healthy pipeline reported count is 1
2023-06-25 20:38:14,580 [9412d3d0-2519-4c22-9a73-1b5e9d001713-groupManagement] INFO  server.RaftServerConfigKeys (ConfUtils.java:logGet(46)) - raft.server.log.appender.buffer.byte-limit = 33554432 (custom)
2023-06-25 20:38:14,580 [9412d3d0-2519-4c22-9a73-1b5e9d001713-groupManagement] INFO  server.RaftServerConfigKeys (ConfUtils.java:logGet(46)) - raft.server.log.statemachine.data.read.timeout = 1000ms (default)
2023-06-25 20:38:14,581 [9412d3d0-2519-4c22-9a73-1b5e9d001713-groupManagement] INFO  server.RaftServerConfigKeys (ConfUtils.java:logGet(46)) - raft.server.log.purge.preservation.log.num = 0 (default)
2023-06-25 20:38:14,581 [9412d3d0-2519-4c22-9a73-1b5e9d001713-groupManagement] INFO  server.RaftServerConfigKeys (ConfUtils.java:logGet(46)) - raft.server.log.segment.size.max = 1048576 (custom)
2023-06-25 20:38:14,581 [9412d3d0-2519-4c22-9a73-1b5e9d001713-groupManagement] INFO  server.RaftServerConfigKeys (ConfUtils.java:logGet(46)) - raft.server.log.segment.cache.num.max = 2 (custom)
2023-06-25 20:38:14,582 [9412d3d0-2519-4c22-9a73-1b5e9d001713-groupManagement] INFO  server.RaftServerConfigKeys (ConfUtils.java:logGet(46)) - raft.server.log.segment.cache.size.max = 200MB (=209715200) (default)
2023-06-25 20:38:14,582 [9412d3d0-2519-4c22-9a73-1b5e9d001713-groupManagement] INFO  server.RaftServerConfigKeys (ConfUtils.java:logGet(46)) - raft.server.log.appender.buffer.byte-limit = 33554432 (custom)
2023-06-25 20:38:14,582 [9412d3d0-2519-4c22-9a73-1b5e9d001713-groupManagement] INFO  segmented.SegmentedRaftLogWorker (SegmentedRaftLogWorker.java:<init>(188)) - new 9412d3d0-2519-4c22-9a73-1b5e9d001713@group-AA8173427D7E-SegmentedRaftLogWorker for RaftStorageImpl:Storage Directory /home/runner/work/ozone/ozone/hadoop-ozone/integration-test/target/test-dir/MiniOzoneClusterImpl-a52b7a0b-0bee-460e-a951-14c7f8ebc071/datanode-0/data/ratis/7ca4f31a-ba94-438a-a556-aa8173427d7e
2023-06-25 20:38:14,582 [9412d3d0-2519-4c22-9a73-1b5e9d001713-groupManagement] INFO  server.RaftServerConfigKeys (ConfUtils.java:logGet(46)) - raft.server.log.queue.byte-limit = 4294967296 (custom)
2023-06-25 20:38:14,582 [9412d3d0-2519-4c22-9a73-1b5e9d001713-groupManagement] INFO  server.RaftServerConfigKeys (ConfUtils.java:logGet(46)) - raft.server.log.queue.element-limit = 1024 (custom)
2023-06-25 20:38:14,582 [9412d3d0-2519-4c22-9a73-1b5e9d001713-groupManagement] INFO  server.RaftServerConfigKeys (ConfUtils.java:logGet(46)) - raft.server.log.segment.size.max = 1048576 (custom)
2023-06-25 20:38:14,582 [9412d3d0-2519-4c22-9a73-1b5e9d001713-groupManagement] INFO  server.RaftServerConfigKeys (ConfUtils.java:logGet(46)) - raft.server.log.preallocated.size = 16384 (custom)
2023-06-25 20:38:14,582 [9412d3d0-2519-4c22-9a73-1b5e9d001713-groupManagement] INFO  server.RaftServerConfigKeys (ConfUtils.java:logGet(46)) - raft.server.log.force.sync.num = 128 (default)
2023-06-25 20:38:14,583 [9412d3d0-2519-4c22-9a73-1b5e9d001713-groupManagement] INFO  server.RaftServerConfigKeys (ConfUtils.java:logGet(46)) - raft.server.log.statemachine.data.sync = true (default)
2023-06-25 20:38:14,584 [9412d3d0-2519-4c22-9a73-1b5e9d001713-groupManagement] INFO  server.RaftServerConfigKeys (ConfUtils.java:logGet(46)) - raft.server.log.statemachine.data.sync.timeout = 10s (default)
2023-06-25 20:38:14,584 [9412d3d0-2519-4c22-9a73-1b5e9d001713-groupManagement] INFO  server.RaftServerConfigKeys (ConfUtils.java:logGet(46)) - raft.server.log.statemachine.data.sync.timeout.retry = -1 (default)
2023-06-25 20:38:14,584 [9412d3d0-2519-4c22-9a73-1b5e9d001713-groupManagement] INFO  server.RaftServerConfigKeys (ConfUtils.java:logGet(46)) - raft.server.log.write.buffer.size = 1048576 (custom)
2023-06-25 20:38:14,585 [52f6f94e-d183-4208-9d90-b23f37a7c382-groupManagement] INFO  server.RaftServerConfigKeys (ConfUtils.java:logGet(46)) - raft.server.log.unsafe-flush.enabled = false (default)
2023-06-25 20:38:14,586 [52f6f94e-d183-4208-9d90-b23f37a7c382-groupManagement] INFO  server.RaftServerConfigKeys (ConfUtils.java:logGet(46)) - raft.server.log.async-flush.enabled = false (default)
2023-06-25 20:38:14,586 [52f6f94e-d183-4208-9d90-b23f37a7c382-groupManagement] INFO  server.RaftServerConfigKeys (ConfUtils.java:logGet(46)) - raft.server.log.statemachine.data.caching.enabled = true (custom)
2023-06-25 20:38:14,586 [52f6f94e-d183-4208-9d90-b23f37a7c382-groupManagement] INFO  segmented.SegmentedRaftLogWorker (SegmentedRaftLogWorker.java:lambda$new$0(135)) - 52f6f94e-d183-4208-9d90-b23f37a7c382@group-6BBE77A876E9-SegmentedRaftLogWorker: flushIndex: setUnconditionally 0 -> -1
2023-06-25 20:38:14,586 [52f6f94e-d183-4208-9d90-b23f37a7c382-groupManagement] INFO  segmented.SegmentedRaftLogWorker (SegmentedRaftLogWorker.java:lambda$new$0(135)) - 52f6f94e-d183-4208-9d90-b23f37a7c382@group-6BBE77A876E9-SegmentedRaftLogWorker: safeCacheEvictIndex: setUnconditionally 0 -> -1
2023-06-25 20:38:14,587 [9412d3d0-2519-4c22-9a73-1b5e9d001713-groupManagement] INFO  server.RaftServerConfigKeys (ConfUtils.java:logGet(46)) - raft.server.log.appender.buffer.byte-limit = 33554432 (custom)
2023-06-25 20:38:14,589 [52f6f94e-d183-4208-9d90-b23f37a7c382-groupManagement] INFO  server.RaftServer$Division (RaftServerImpl.java:start(342)) - 52f6f94e-d183-4208-9d90-b23f37a7c382@group-6BBE77A876E9: start as a follower, conf=-1: peers:[52f6f94e-d183-4208-9d90-b23f37a7c382|rpc:10.1.0.20:15058|admin:10.1.0.20:15057|client:10.1.0.20:15056|dataStream:10.1.0.20:15059|priority:1|startupRole:FOLLOWER]|listeners:[], old=null
2023-06-25 20:38:14,589 [52f6f94e-d183-4208-9d90-b23f37a7c382-groupManagement] INFO  server.RaftServer$Division (RaftServerImpl.java:setRole(329)) - 52f6f94e-d183-4208-9d90-b23f37a7c382@group-6BBE77A876E9: changes role from      null to FOLLOWER at term 0 for startAsFollower
2023-06-25 20:38:14,589 [52f6f94e-d183-4208-9d90-b23f37a7c382-groupManagement] INFO  impl.RoleInfo (RoleInfo.java:updateAndGet(139)) - 52f6f94e-d183-4208-9d90-b23f37a7c382: start 52f6f94e-d183-4208-9d90-b23f37a7c382@group-6BBE77A876E9-FollowerState
2023-06-25 20:38:14,595 [52f6f94e-d183-4208-9d90-b23f37a7c382-groupManagement] INFO  util.JmxRegister (JmxRegister.java:tryRegister(44)) - Successfully registered JMX Bean with object name Ratis:service=RaftServer,group=group-6BBE77A876E9,id=52f6f94e-d183-4208-9d90-b23f37a7c382
2023-06-25 20:38:14,595 [52f6f94e-d183-4208-9d90-b23f37a7c382-groupManagement] INFO  server.RaftServerConfigKeys (ConfUtils.java:logGet(46)) - raft.server.snapshot.auto.trigger.enabled = true (custom)
2023-06-25 20:38:14,595 [52f6f94e-d183-4208-9d90-b23f37a7c382-groupManagement] INFO  server.RaftServerConfigKeys (ConfUtils.java:logGet(46)) - raft.server.snapshot.auto.trigger.threshold = 10000 (custom)
2023-06-25 20:38:14,595 [52f6f94e-d183-4208-9d90-b23f37a7c382-groupManagement] INFO  server.RaftServerConfigKeys (ConfUtils.java:logGet(46)) - raft.server.snapshot.retention.file.num = 5 (custom)
2023-06-25 20:38:14,595 [52f6f94e-d183-4208-9d90-b23f37a7c382-groupManagement] INFO  server.RaftServerConfigKeys (ConfUtils.java:logGet(46)) - raft.server.log.purge.upto.snapshot.index = false (default)
2023-06-25 20:38:14,596 [52f6f94e-d183-4208-9d90-b23f37a7c382@group-6BBE77A876E9-FollowerState] INFO  server.RaftServerConfigKeys (ConfUtils.java:logFallback(53)) - raft.server.rpc.first-election.timeout.min = 5s (fallback to raft.server.rpc.timeout.min)
2023-06-25 20:38:14,596 [52f6f94e-d183-4208-9d90-b23f37a7c382@group-6BBE77A876E9-FollowerState] INFO  server.RaftServerConfigKeys (ConfUtils.java:logFallback(53)) - raft.server.rpc.first-election.timeout.max = 5200ms (fallback to raft.server.rpc.timeout.max)
2023-06-25 20:38:14,596 [9412d3d0-2519-4c22-9a73-1b5e9d001713-groupManagement] INFO  server.RaftServerConfigKeys (ConfUtils.java:logGet(46)) - raft.server.log.unsafe-flush.enabled = false (default)
2023-06-25 20:38:14,596 [9412d3d0-2519-4c22-9a73-1b5e9d001713-groupManagement] INFO  server.RaftServerConfigKeys (ConfUtils.java:logGet(46)) - raft.server.log.async-flush.enabled = false (default)
2023-06-25 20:38:14,597 [9412d3d0-2519-4c22-9a73-1b5e9d001713-groupManagement] INFO  server.RaftServerConfigKeys (ConfUtils.java:logGet(46)) - raft.server.log.statemachine.data.caching.enabled = true (custom)
2023-06-25 20:38:14,597 [9412d3d0-2519-4c22-9a73-1b5e9d001713-groupManagement] INFO  segmented.SegmentedRaftLogWorker (SegmentedRaftLogWorker.java:lambda$new$0(135)) - 9412d3d0-2519-4c22-9a73-1b5e9d001713@group-AA8173427D7E-SegmentedRaftLogWorker: flushIndex: setUnconditionally 0 -> -1
2023-06-25 20:38:14,597 [9412d3d0-2519-4c22-9a73-1b5e9d001713-groupManagement] INFO  segmented.SegmentedRaftLogWorker (SegmentedRaftLogWorker.java:lambda$new$0(135)) - 9412d3d0-2519-4c22-9a73-1b5e9d001713@group-AA8173427D7E-SegmentedRaftLogWorker: safeCacheEvictIndex: setUnconditionally 0 -> -1
2023-06-25 20:38:14,601 [PipelineCommandHandlerThread-0] INFO  ratis.XceiverServerRatis (XceiverServerRatis.java:addGroup(804)) - Created group PipelineID=a7fbe15d-68f2-49ac-8438-6bbe77a876e9
2023-06-25 20:38:14,602 [PipelineCommandHandlerThread-0] INFO  commandhandler.CreatePipelineCommandHandler (CreatePipelineCommandHandler.java:lambda$handle$2(124)) - Created Pipeline RATIS ONE PipelineID=a7fbe15d-68f2-49ac-8438-6bbe77a876e9.
2023-06-25 20:38:14,602 [PipelineCommandHandlerThread-0] INFO  server.RaftServer (RaftServerProxy.java:addNew(98)) - 52f6f94e-d183-4208-9d90-b23f37a7c382: addNew group-AA8173427D7E:[52f6f94e-d183-4208-9d90-b23f37a7c382|rpc:10.1.0.20:15058|admin:10.1.0.20:15057|client:10.1.0.20:15056|dataStream:10.1.0.20:15059|priority:0|startupRole:FOLLOWER, c86d5a2f-2db4-4f76-adc6-5061d66575f1|rpc:10.1.0.20:15067|admin:10.1.0.20:15066|client:10.1.0.20:15065|dataStream:10.1.0.20:15068|priority:0|startupRole:FOLLOWER, 9412d3d0-2519-4c22-9a73-1b5e9d001713|rpc:10.1.0.20:15049|admin:10.1.0.20:15048|client:10.1.0.20:15047|dataStream:10.1.0.20:15050|priority:1|startupRole:FOLLOWER] returns group-AA8173427D7E:java.util.concurrent.CompletableFuture@49d18761[Not completed]
2023-06-25 20:38:14,603 [52f6f94e-d183-4208-9d90-b23f37a7c382-groupManagement] INFO  server.RaftServer$Division (RaftServerImpl.java:<init>(198)) - 52f6f94e-d183-4208-9d90-b23f37a7c382: new RaftServerImpl for group-AA8173427D7E:[52f6f94e-d183-4208-9d90-b23f37a7c382|rpc:10.1.0.20:15058|admin:10.1.0.20:15057|client:10.1.0.20:15056|dataStream:10.1.0.20:15059|priority:0|startupRole:FOLLOWER, c86d5a2f-2db4-4f76-adc6-5061d66575f1|rpc:10.1.0.20:15067|admin:10.1.0.20:15066|client:10.1.0.20:15065|dataStream:10.1.0.20:15068|priority:0|startupRole:FOLLOWER, 9412d3d0-2519-4c22-9a73-1b5e9d001713|rpc:10.1.0.20:15049|admin:10.1.0.20:15048|client:10.1.0.20:15047|dataStream:10.1.0.20:15050|priority:1|startupRole:FOLLOWER] with ContainerStateMachine:uninitialized
2023-06-25 20:38:14,603 [52f6f94e-d183-4208-9d90-b23f37a7c382-groupManagement] INFO  server.RaftServerConfigKeys (ConfUtils.java:logGet(46)) - raft.server.rpc.timeout.min = 5s (custom)
2023-06-25 20:38:14,603 [52f6f94e-d183-4208-9d90-b23f37a7c382-groupManagement] INFO  server.RaftServerConfigKeys (ConfUtils.java:logGet(46)) - raft.server.rpc.timeout.max = 5200ms (custom)
2023-06-25 20:38:14,603 [52f6f94e-d183-4208-9d90-b23f37a7c382-groupManagement] INFO  server.RaftServerConfigKeys (ConfUtils.java:logGet(46)) - raft.server.rpc.sleep.time = 25ms (default)
2023-06-25 20:38:14,603 [52f6f94e-d183-4208-9d90-b23f37a7c382-groupManagement] INFO  server.RaftServerConfigKeys (ConfUtils.java:logGet(46)) - raft.server.rpc.slowness.timeout = 300s (custom)
2023-06-25 20:38:14,603 [52f6f94e-d183-4208-9d90-b23f37a7c382-groupManagement] INFO  server.RaftServerConfigKeys (ConfUtils.java:logGet(46)) - raft.server.leaderelection.leader.step-down.wait-time = 10s (default)
2023-06-25 20:38:14,604 [52f6f94e-d183-4208-9d90-b23f37a7c382-groupManagement] INFO  server.RaftServerConfigKeys (ConfUtils.java:logGet(46)) - raft.server.sleep.deviation.threshold = 300ms (default)
2023-06-25 20:38:14,604 [52f6f94e-d183-4208-9d90-b23f37a7c382-groupManagement] INFO  server.RaftServer$Division (ServerState.java:<init>(120)) - 52f6f94e-d183-4208-9d90-b23f37a7c382@group-AA8173427D7E: ConfigurationManager, init=-1: peers:[52f6f94e-d183-4208-9d90-b23f37a7c382|rpc:10.1.0.20:15058|admin:10.1.0.20:15057|client:10.1.0.20:15056|dataStream:10.1.0.20:15059|priority:0|startupRole:FOLLOWER, c86d5a2f-2db4-4f76-adc6-5061d66575f1|rpc:10.1.0.20:15067|admin:10.1.0.20:15066|client:10.1.0.20:15065|dataStream:10.1.0.20:15068|priority:0|startupRole:FOLLOWER, 9412d3d0-2519-4c22-9a73-1b5e9d001713|rpc:10.1.0.20:15049|admin:10.1.0.20:15048|client:10.1.0.20:15047|dataStream:10.1.0.20:15050|priority:1|startupRole:FOLLOWER]|listeners:[], old=null, confs=<EMPTY_MAP>
2023-06-25 20:38:14,604 [52f6f94e-d183-4208-9d90-b23f37a7c382-groupManagement] INFO  server.RaftServerConfigKeys (ConfUtils.java:logGet(46)) - raft.server.storage.dir = [/home/runner/work/ozone/ozone/hadoop-ozone/integration-test/target/test-dir/MiniOzoneClusterImpl-a52b7a0b-0bee-460e-a951-14c7f8ebc071/datanode-1/data/ratis] (custom)
2023-06-25 20:38:14,604 [52f6f94e-d183-4208-9d90-b23f37a7c382-groupManagement] INFO  server.RaftServerConfigKeys (ConfUtils.java:logGet(46)) - raft.server.log.corruption.policy = EXCEPTION (default)
2023-06-25 20:38:14,604 [52f6f94e-d183-4208-9d90-b23f37a7c382-groupManagement] INFO  server.RaftServerConfigKeys (ConfUtils.java:logGet(46)) - raft.server.storage.free-space.min = 0MB (=0) (default)
2023-06-25 20:38:14,604 [52f6f94e-d183-4208-9d90-b23f37a7c382-groupManagement] INFO  server.RaftServerConfigKeys (ConfUtils.java:logGet(46)) - raft.server.notification.no-leader.timeout = 300s (custom)
2023-06-25 20:38:14,604 [52f6f94e-d183-4208-9d90-b23f37a7c382-groupManagement] INFO  server.RaftServerConfigKeys (ConfUtils.java:logGet(46)) - raft.server.read.timeout = 10s (default)
2023-06-25 20:38:14,604 [52f6f94e-d183-4208-9d90-b23f37a7c382-groupManagement] INFO  server.RaftServerConfigKeys (ConfUtils.java:logGet(46)) - raft.server.retrycache.expirytime = 600000ms (custom)
2023-06-25 20:38:14,604 [52f6f94e-d183-4208-9d90-b23f37a7c382-groupManagement] INFO  server.RaftServerConfigKeys (ConfUtils.java:logGet(46)) - raft.server.retrycache.statistics.expirytime = 100μs (default)
2023-06-25 20:38:14,604 [52f6f94e-d183-4208-9d90-b23f37a7c382-groupManagement] INFO  server.RaftServerConfigKeys (ConfUtils.java:logGet(46)) - raft.server.read.option = DEFAULT (default)
2023-06-25 20:38:14,605 [52f6f94e-d183-4208-9d90-b23f37a7c382-groupManagement] INFO  server.RaftServerConfigKeys (ConfUtils.java:logGet(46)) - raft.server.rpc.request.timeout = 60s (custom)
2023-06-25 20:38:14,605 [52f6f94e-d183-4208-9d90-b23f37a7c382-groupManagement] INFO  server.RaftServerConfigKeys (ConfUtils.java:logGet(46)) - raft.server.log.appender.install.snapshot.enabled = false (custom)
2023-06-25 20:38:14,605 [52f6f94e-d183-4208-9d90-b23f37a7c382-groupManagement] INFO  server.RaftServerConfigKeys (ConfUtils.java:logGet(46)) - raft.server.threadpool.server.cached = true (default)
2023-06-25 20:38:14,605 [52f6f94e-d183-4208-9d90-b23f37a7c382-groupManagement] INFO  server.RaftServerConfigKeys (ConfUtils.java:logGet(46)) - raft.server.threadpool.server.size = 0 (default)
2023-06-25 20:38:14,605 [52f6f94e-d183-4208-9d90-b23f37a7c382-groupManagement] INFO  server.RaftServerConfigKeys (ConfUtils.java:logGet(46)) - raft.server.threadpool.client.cached = true (default)
2023-06-25 20:38:14,605 [52f6f94e-d183-4208-9d90-b23f37a7c382-groupManagement] INFO  server.RaftServerConfigKeys (ConfUtils.java:logGet(46)) - raft.server.threadpool.client.size = 0 (default)
2023-06-25 20:38:14,606 [52f6f94e-d183-4208-9d90-b23f37a7c382-groupManagement] INFO  storage.RaftStorageDirectory (RaftStorageDirectoryImpl.java:analyzeStorage(137)) - The storage directory /home/runner/work/ozone/ozone/hadoop-ozone/integration-test/target/test-dir/MiniOzoneClusterImpl-a52b7a0b-0bee-460e-a951-14c7f8ebc071/datanode-1/data/ratis/7ca4f31a-ba94-438a-a556-aa8173427d7e does not exist. Creating ...
2023-06-25 20:38:14,606 [9412d3d0-2519-4c22-9a73-1b5e9d001713-groupManagement] INFO  server.RaftServer$Division (RaftServerImpl.java:start(342)) - 9412d3d0-2519-4c22-9a73-1b5e9d001713@group-AA8173427D7E: start as a follower, conf=-1: peers:[52f6f94e-d183-4208-9d90-b23f37a7c382|rpc:10.1.0.20:15058|admin:10.1.0.20:15057|client:10.1.0.20:15056|dataStream:10.1.0.20:15059|priority:0|startupRole:FOLLOWER, c86d5a2f-2db4-4f76-adc6-5061d66575f1|rpc:10.1.0.20:15067|admin:10.1.0.20:15066|client:10.1.0.20:15065|dataStream:10.1.0.20:15068|priority:0|startupRole:FOLLOWER, 9412d3d0-2519-4c22-9a73-1b5e9d001713|rpc:10.1.0.20:15049|admin:10.1.0.20:15048|client:10.1.0.20:15047|dataStream:10.1.0.20:15050|priority:1|startupRole:FOLLOWER]|listeners:[], old=null
2023-06-25 20:38:14,606 [9412d3d0-2519-4c22-9a73-1b5e9d001713-groupManagement] INFO  server.RaftServer$Division (RaftServerImpl.java:setRole(329)) - 9412d3d0-2519-4c22-9a73-1b5e9d001713@group-AA8173427D7E: changes role from      null to FOLLOWER at term 0 for startAsFollower
2023-06-25 20:38:14,606 [9412d3d0-2519-4c22-9a73-1b5e9d001713-groupManagement] INFO  impl.RoleInfo (RoleInfo.java:updateAndGet(139)) - 9412d3d0-2519-4c22-9a73-1b5e9d001713: start 9412d3d0-2519-4c22-9a73-1b5e9d001713@group-AA8173427D7E-FollowerState
2023-06-25 20:38:14,607 [9412d3d0-2519-4c22-9a73-1b5e9d001713-groupManagement] INFO  util.JmxRegister (JmxRegister.java:tryRegister(44)) - Successfully registered JMX Bean with object name Ratis:service=RaftServer,group=group-AA8173427D7E,id=9412d3d0-2519-4c22-9a73-1b5e9d001713
2023-06-25 20:38:14,607 [9412d3d0-2519-4c22-9a73-1b5e9d001713-groupManagement] INFO  server.RaftServerConfigKeys (ConfUtils.java:logGet(46)) - raft.server.snapshot.auto.trigger.enabled = true (custom)
2023-06-25 20:38:14,607 [9412d3d0-2519-4c22-9a73-1b5e9d001713-groupManagement] INFO  server.RaftServerConfigKeys (ConfUtils.java:logGet(46)) - raft.server.snapshot.auto.trigger.threshold = 10000 (custom)
2023-06-25 20:38:14,607 [52f6f94e-d183-4208-9d90-b23f37a7c382-groupManagement] INFO  storage.RaftStorageDirectory (RaftStorageDirectoryImpl.java:tryLock(231)) - Lock on /home/runner/work/ozone/ozone/hadoop-ozone/integration-test/target/test-dir/MiniOzoneClusterImpl-a52b7a0b-0bee-460e-a951-14c7f8ebc071/datanode-1/data/ratis/7ca4f31a-ba94-438a-a556-aa8173427d7e/in_use.lock acquired by nodename 7655@fv-az808-130
2023-06-25 20:38:14,607 [9412d3d0-2519-4c22-9a73-1b5e9d001713-groupManagement] INFO  server.RaftServerConfigKeys (ConfUtils.java:logGet(46)) - raft.server.snapshot.retention.file.num = 5 (custom)
2023-06-25 20:38:14,607 [9412d3d0-2519-4c22-9a73-1b5e9d001713-groupManagement] INFO  server.RaftServerConfigKeys (ConfUtils.java:logGet(46)) - raft.server.log.purge.upto.snapshot.index = false (default)
2023-06-25 20:38:14,611 [9412d3d0-2519-4c22-9a73-1b5e9d001713@group-AA8173427D7E-FollowerState] INFO  server.RaftServerConfigKeys (ConfUtils.java:logFallback(53)) - raft.server.rpc.first-election.timeout.min = 5s (fallback to raft.server.rpc.timeout.min)
2023-06-25 20:38:14,611 [9412d3d0-2519-4c22-9a73-1b5e9d001713@group-AA8173427D7E-FollowerState] INFO  server.RaftServerConfigKeys (ConfUtils.java:logFallback(53)) - raft.server.rpc.first-election.timeout.max = 5200ms (fallback to raft.server.rpc.timeout.max)
2023-06-25 20:38:14,611 [PipelineCommandHandlerThread-0] INFO  ratis.XceiverServerRatis (XceiverServerRatis.java:addGroup(804)) - Created group PipelineID=7ca4f31a-ba94-438a-a556-aa8173427d7e
2023-06-25 20:38:14,622 [52f6f94e-d183-4208-9d90-b23f37a7c382-groupManagement] INFO  storage.RaftStorage (RaftStorageImpl.java:format(96)) - Storage directory /home/runner/work/ozone/ozone/hadoop-ozone/integration-test/target/test-dir/MiniOzoneClusterImpl-a52b7a0b-0bee-460e-a951-14c7f8ebc071/datanode-1/data/ratis/7ca4f31a-ba94-438a-a556-aa8173427d7e has been successfully formatted.
2023-06-25 20:38:14,623 [52f6f94e-d183-4208-9d90-b23f37a7c382-groupManagement] INFO  ratis.ContainerStateMachine (ContainerStateMachine.java:loadSnapshot(262)) - group-AA8173427D7E: The snapshot info is null. Setting the last applied indexto:(t:0, i:~)
2023-06-25 20:38:14,623 [52f6f94e-d183-4208-9d90-b23f37a7c382-groupManagement] INFO  server.RaftServerConfigKeys (ConfUtils.java:logGet(46)) - raft.server.log.use.memory = false (default)
2023-06-25 20:38:14,623 [52f6f94e-d183-4208-9d90-b23f37a7c382-groupManagement] INFO  server.RaftServerConfigKeys (ConfUtils.java:logGet(46)) - raft.server.log.purge.gap = 1000000 (custom)
2023-06-25 20:38:14,623 [52f6f94e-d183-4208-9d90-b23f37a7c382-groupManagement] INFO  server.RaftServerConfigKeys (ConfUtils.java:logGet(46)) - raft.server.log.appender.buffer.byte-limit = 33554432 (custom)
2023-06-25 20:38:14,623 [52f6f94e-d183-4208-9d90-b23f37a7c382-groupManagement] INFO  server.RaftServerConfigKeys (ConfUtils.java:logGet(46)) - raft.server.log.statemachine.data.read.timeout = 1000ms (default)
2023-06-25 20:38:14,623 [52f6f94e-d183-4208-9d90-b23f37a7c382-groupManagement] INFO  server.RaftServerConfigKeys (ConfUtils.java:logGet(46)) - raft.server.log.purge.preservation.log.num = 0 (default)
2023-06-25 20:38:14,623 [52f6f94e-d183-4208-9d90-b23f37a7c382-groupManagement] INFO  server.RaftServerConfigKeys (ConfUtils.java:logGet(46)) - raft.server.log.segment.size.max = 1048576 (custom)
2023-06-25 20:38:14,624 [52f6f94e-d183-4208-9d90-b23f37a7c382-groupManagement] INFO  server.RaftServerConfigKeys (ConfUtils.java:logGet(46)) - raft.server.log.segment.cache.num.max = 2 (custom)
2023-06-25 20:38:14,624 [52f6f94e-d183-4208-9d90-b23f37a7c382-groupManagement] INFO  server.RaftServerConfigKeys (ConfUtils.java:logGet(46)) - raft.server.log.segment.cache.size.max = 200MB (=209715200) (default)
2023-06-25 20:38:14,624 [52f6f94e-d183-4208-9d90-b23f37a7c382-groupManagement] INFO  server.RaftServerConfigKeys (ConfUtils.java:logGet(46)) - raft.server.log.appender.buffer.byte-limit = 33554432 (custom)
2023-06-25 20:38:14,624 [52f6f94e-d183-4208-9d90-b23f37a7c382-groupManagement] INFO  segmented.SegmentedRaftLogWorker (SegmentedRaftLogWorker.java:<init>(188)) - new 52f6f94e-d183-4208-9d90-b23f37a7c382@group-AA8173427D7E-SegmentedRaftLogWorker for RaftStorageImpl:Storage Directory /home/runner/work/ozone/ozone/hadoop-ozone/integration-test/target/test-dir/MiniOzoneClusterImpl-a52b7a0b-0bee-460e-a951-14c7f8ebc071/datanode-1/data/ratis/7ca4f31a-ba94-438a-a556-aa8173427d7e
2023-06-25 20:38:14,624 [52f6f94e-d183-4208-9d90-b23f37a7c382-groupManagement] INFO  server.RaftServerConfigKeys (ConfUtils.java:logGet(46)) - raft.server.log.queue.byte-limit = 4294967296 (custom)
2023-06-25 20:38:14,624 [52f6f94e-d183-4208-9d90-b23f37a7c382-groupManagement] INFO  server.RaftServerConfigKeys (ConfUtils.java:logGet(46)) - raft.server.log.queue.element-limit = 1024 (custom)
2023-06-25 20:38:14,624 [52f6f94e-d183-4208-9d90-b23f37a7c382-groupManagement] INFO  server.RaftServerConfigKeys (ConfUtils.java:logGet(46)) - raft.server.log.segment.size.max = 1048576 (custom)
2023-06-25 20:38:14,624 [52f6f94e-d183-4208-9d90-b23f37a7c382-groupManagement] INFO  server.RaftServerConfigKeys (ConfUtils.java:logGet(46)) - raft.server.log.preallocated.size = 16384 (custom)
2023-06-25 20:38:14,624 [52f6f94e-d183-4208-9d90-b23f37a7c382-groupManagement] INFO  server.RaftServerConfigKeys (ConfUtils.java:logGet(46)) - raft.server.log.force.sync.num = 128 (default)
2023-06-25 20:38:14,624 [EventQueue-OpenPipelineForHealthyPipelineSafeModeRule] INFO  safemode.SCMSafeModeManager (HealthyPipelineSafeModeRule.java:process(137)) - SCM in safe mode. Healthy pipelines reported count is 0, required healthy pipeline reported count is 1
2023-06-25 20:38:14,625 [52f6f94e-d183-4208-9d90-b23f37a7c382-groupManagement] INFO  server.RaftServerConfigKeys (ConfUtils.java:logGet(46)) - raft.server.log.statemachine.data.sync = true (default)
2023-06-25 20:38:14,629 [52f6f94e-d183-4208-9d90-b23f37a7c382-groupManagement] INFO  server.RaftServerConfigKeys (ConfUtils.java:logGet(46)) - raft.server.log.statemachine.data.sync.timeout = 10s (default)
2023-06-25 20:38:14,629 [52f6f94e-d183-4208-9d90-b23f37a7c382-groupManagement] INFO  server.RaftServerConfigKeys (ConfUtils.java:logGet(46)) - raft.server.log.statemachine.data.sync.timeout.retry = -1 (default)
2023-06-25 20:38:14,629 [52f6f94e-d183-4208-9d90-b23f37a7c382-groupManagement] INFO  server.RaftServerConfigKeys (ConfUtils.java:logGet(46)) - raft.server.log.write.buffer.size = 1048576 (custom)
2023-06-25 20:38:14,629 [52f6f94e-d183-4208-9d90-b23f37a7c382-groupManagement] INFO  server.RaftServerConfigKeys (ConfUtils.java:logGet(46)) - raft.server.log.appender.buffer.byte-limit = 33554432 (custom)
2023-06-25 20:38:14,643 [52f6f94e-d183-4208-9d90-b23f37a7c382-groupManagement] INFO  server.RaftServerConfigKeys (ConfUtils.java:logGet(46)) - raft.server.log.unsafe-flush.enabled = false (default)
2023-06-25 20:38:14,644 [52f6f94e-d183-4208-9d90-b23f37a7c382-groupManagement] INFO  server.RaftServerConfigKeys (ConfUtils.java:logGet(46)) - raft.server.log.async-flush.enabled = false (default)
2023-06-25 20:38:14,644 [52f6f94e-d183-4208-9d90-b23f37a7c382-groupManagement] INFO  server.RaftServerConfigKeys (ConfUtils.java:logGet(46)) - raft.server.log.statemachine.data.caching.enabled = true (custom)
2023-06-25 20:38:14,644 [52f6f94e-d183-4208-9d90-b23f37a7c382-groupManagement] INFO  segmented.SegmentedRaftLogWorker (SegmentedRaftLogWorker.java:lambda$new$0(135)) - 52f6f94e-d183-4208-9d90-b23f37a7c382@group-AA8173427D7E-SegmentedRaftLogWorker: flushIndex: setUnconditionally 0 -> -1
2023-06-25 20:38:14,644 [52f6f94e-d183-4208-9d90-b23f37a7c382-groupManagement] INFO  segmented.SegmentedRaftLogWorker (SegmentedRaftLogWorker.java:lambda$new$0(135)) - 52f6f94e-d183-4208-9d90-b23f37a7c382@group-AA8173427D7E-SegmentedRaftLogWorker: safeCacheEvictIndex: setUnconditionally 0 -> -1
2023-06-25 20:38:14,645 [52f6f94e-d183-4208-9d90-b23f37a7c382-groupManagement] INFO  server.RaftServer$Division (RaftServerImpl.java:start(342)) - 52f6f94e-d183-4208-9d90-b23f37a7c382@group-AA8173427D7E: start as a follower, conf=-1: peers:[52f6f94e-d183-4208-9d90-b23f37a7c382|rpc:10.1.0.20:15058|admin:10.1.0.20:15057|client:10.1.0.20:15056|dataStream:10.1.0.20:15059|priority:0|startupRole:FOLLOWER, c86d5a2f-2db4-4f76-adc6-5061d66575f1|rpc:10.1.0.20:15067|admin:10.1.0.20:15066|client:10.1.0.20:15065|dataStream:10.1.0.20:15068|priority:0|startupRole:FOLLOWER, 9412d3d0-2519-4c22-9a73-1b5e9d001713|rpc:10.1.0.20:15049|admin:10.1.0.20:15048|client:10.1.0.20:15047|dataStream:10.1.0.20:15050|priority:1|startupRole:FOLLOWER]|listeners:[], old=null
2023-06-25 20:38:14,645 [52f6f94e-d183-4208-9d90-b23f37a7c382-groupManagement] INFO  server.RaftServer$Division (RaftServerImpl.java:setRole(329)) - 52f6f94e-d183-4208-9d90-b23f37a7c382@group-AA8173427D7E: changes role from      null to FOLLOWER at term 0 for startAsFollower
2023-06-25 20:38:14,645 [52f6f94e-d183-4208-9d90-b23f37a7c382-groupManagement] INFO  impl.RoleInfo (RoleInfo.java:updateAndGet(139)) - 52f6f94e-d183-4208-9d90-b23f37a7c382: start 52f6f94e-d183-4208-9d90-b23f37a7c382@group-AA8173427D7E-FollowerState
2023-06-25 20:38:14,646 [52f6f94e-d183-4208-9d90-b23f37a7c382-groupManagement] INFO  util.JmxRegister (JmxRegister.java:tryRegister(44)) - Successfully registered JMX Bean with object name Ratis:service=RaftServer,group=group-AA8173427D7E,id=52f6f94e-d183-4208-9d90-b23f37a7c382
2023-06-25 20:38:14,646 [52f6f94e-d183-4208-9d90-b23f37a7c382-groupManagement] INFO  server.RaftServerConfigKeys (ConfUtils.java:logGet(46)) - raft.server.snapshot.auto.trigger.enabled = true (custom)
2023-06-25 20:38:14,646 [52f6f94e-d183-4208-9d90-b23f37a7c382-groupManagement] INFO  server.RaftServerConfigKeys (ConfUtils.java:logGet(46)) - raft.server.snapshot.auto.trigger.threshold = 10000 (custom)
2023-06-25 20:38:14,646 [52f6f94e-d183-4208-9d90-b23f37a7c382-groupManagement] INFO  server.RaftServerConfigKeys (ConfUtils.java:logGet(46)) - raft.server.snapshot.retention.file.num = 5 (custom)
2023-06-25 20:38:14,647 [52f6f94e-d183-4208-9d90-b23f37a7c382-groupManagement] INFO  server.RaftServerConfigKeys (ConfUtils.java:logGet(46)) - raft.server.log.purge.upto.snapshot.index = false (default)
2023-06-25 20:38:14,648 [52f6f94e-d183-4208-9d90-b23f37a7c382@group-AA8173427D7E-FollowerState] INFO  server.RaftServerConfigKeys (ConfUtils.java:logFallback(53)) - raft.server.rpc.first-election.timeout.min = 5s (fallback to raft.server.rpc.timeout.min)
2023-06-25 20:38:14,648 [52f6f94e-d183-4208-9d90-b23f37a7c382@group-AA8173427D7E-FollowerState] INFO  server.RaftServerConfigKeys (ConfUtils.java:logFallback(53)) - raft.server.rpc.first-election.timeout.max = 5200ms (fallback to raft.server.rpc.timeout.max)
2023-06-25 20:38:14,648 [PipelineCommandHandlerThread-0] INFO  ratis.XceiverServerRatis (XceiverServerRatis.java:addGroup(804)) - Created group PipelineID=7ca4f31a-ba94-438a-a556-aa8173427d7e
2023-06-25 20:38:14,705 [main] INFO  ozone.MiniOzoneClusterImpl (MiniOzoneClusterImpl.java:lambda$waitForClusterToBeReady$0(224)) - Nodes are ready. Got 3 of 3 DN Heartbeats.
2023-06-25 20:38:14,706 [main] INFO  ozone.MiniOzoneClusterImpl (MiniOzoneClusterImpl.java:lambda$waitForClusterToBeReady$0(227)) - Waiting for cluster to exit safe mode
2023-06-25 20:38:14,706 [main] INFO  ozone.MiniOzoneClusterImpl (MiniOzoneClusterImpl.java:lambda$waitForClusterToBeReady$0(229)) - SCM became leader
2023-06-25 20:38:14,730 [c86d5a2f-2db4-4f76-adc6-5061d66575f1-groupManagement] INFO  server.RaftServer$Division (RaftServerImpl.java:<init>(198)) - c86d5a2f-2db4-4f76-adc6-5061d66575f1: new RaftServerImpl for group-CEC4B281C8A8:[c86d5a2f-2db4-4f76-adc6-5061d66575f1|rpc:10.1.0.20:15067|admin:10.1.0.20:15066|client:10.1.0.20:15065|dataStream:10.1.0.20:15068|priority:1|startupRole:FOLLOWER] with ContainerStateMachine:uninitialized
2023-06-25 20:38:14,731 [c86d5a2f-2db4-4f76-adc6-5061d66575f1-groupManagement] INFO  server.RaftServerConfigKeys (ConfUtils.java:logGet(46)) - raft.server.rpc.timeout.min = 5s (custom)
2023-06-25 20:38:14,731 [c86d5a2f-2db4-4f76-adc6-5061d66575f1-groupManagement] INFO  server.RaftServerConfigKeys (ConfUtils.java:logGet(46)) - raft.server.rpc.timeout.max = 5200ms (custom)
2023-06-25 20:38:14,731 [c86d5a2f-2db4-4f76-adc6-5061d66575f1-groupManagement] INFO  server.RaftServerConfigKeys (ConfUtils.java:logGet(46)) - raft.server.rpc.sleep.time = 25ms (default)
2023-06-25 20:38:14,731 [c86d5a2f-2db4-4f76-adc6-5061d66575f1-groupManagement] INFO  server.RaftServerConfigKeys (ConfUtils.java:logGet(46)) - raft.server.rpc.slowness.timeout = 300s (custom)
2023-06-25 20:38:14,731 [c86d5a2f-2db4-4f76-adc6-5061d66575f1-groupManagement] INFO  server.RaftServerConfigKeys (ConfUtils.java:logGet(46)) - raft.server.leaderelection.leader.step-down.wait-time = 10s (default)
2023-06-25 20:38:14,731 [c86d5a2f-2db4-4f76-adc6-5061d66575f1-groupManagement] INFO  server.RaftServerConfigKeys (ConfUtils.java:logGet(46)) - raft.server.sleep.deviation.threshold = 300ms (default)
2023-06-25 20:38:14,731 [c86d5a2f-2db4-4f76-adc6-5061d66575f1-groupManagement] INFO  server.RaftServer$Division (ServerState.java:<init>(120)) - c86d5a2f-2db4-4f76-adc6-5061d66575f1@group-CEC4B281C8A8: ConfigurationManager, init=-1: peers:[c86d5a2f-2db4-4f76-adc6-5061d66575f1|rpc:10.1.0.20:15067|admin:10.1.0.20:15066|client:10.1.0.20:15065|dataStream:10.1.0.20:15068|priority:1|startupRole:FOLLOWER]|listeners:[], old=null, confs=<EMPTY_MAP>
2023-06-25 20:38:14,731 [c86d5a2f-2db4-4f76-adc6-5061d66575f1-groupManagement] INFO  server.RaftServerConfigKeys (ConfUtils.java:logGet(46)) - raft.server.storage.dir = [/home/runner/work/ozone/ozone/hadoop-ozone/integration-test/target/test-dir/MiniOzoneClusterImpl-a52b7a0b-0bee-460e-a951-14c7f8ebc071/datanode-2/data/ratis] (custom)
2023-06-25 20:38:14,732 [c86d5a2f-2db4-4f76-adc6-5061d66575f1-groupManagement] INFO  server.RaftServerConfigKeys (ConfUtils.java:logGet(46)) - raft.server.log.corruption.policy = EXCEPTION (default)
2023-06-25 20:38:14,732 [c86d5a2f-2db4-4f76-adc6-5061d66575f1-groupManagement] INFO  server.RaftServerConfigKeys (ConfUtils.java:logGet(46)) - raft.server.storage.free-space.min = 0MB (=0) (default)
2023-06-25 20:38:14,732 [c86d5a2f-2db4-4f76-adc6-5061d66575f1-groupManagement] INFO  server.RaftServerConfigKeys (ConfUtils.java:logGet(46)) - raft.server.notification.no-leader.timeout = 300s (custom)
2023-06-25 20:38:14,732 [c86d5a2f-2db4-4f76-adc6-5061d66575f1-groupManagement] INFO  server.RaftServerConfigKeys (ConfUtils.java:logGet(46)) - raft.server.read.timeout = 10s (default)
2023-06-25 20:38:14,732 [c86d5a2f-2db4-4f76-adc6-5061d66575f1-groupManagement] INFO  server.RaftServerConfigKeys (ConfUtils.java:logGet(46)) - raft.server.retrycache.expirytime = 600000ms (custom)
2023-06-25 20:38:14,732 [c86d5a2f-2db4-4f76-adc6-5061d66575f1-groupManagement] INFO  server.RaftServerConfigKeys (ConfUtils.java:logGet(46)) - raft.server.retrycache.statistics.expirytime = 100μs (default)
2023-06-25 20:38:14,732 [c86d5a2f-2db4-4f76-adc6-5061d66575f1-groupManagement] INFO  server.RaftServerConfigKeys (ConfUtils.java:logGet(46)) - raft.server.read.option = DEFAULT (default)
2023-06-25 20:38:14,734 [c86d5a2f-2db4-4f76-adc6-5061d66575f1-groupManagement] INFO  server.RaftServerConfigKeys (ConfUtils.java:logGet(46)) - raft.server.rpc.request.timeout = 60s (custom)
2023-06-25 20:38:14,734 [c86d5a2f-2db4-4f76-adc6-5061d66575f1-groupManagement] INFO  server.RaftServerConfigKeys (ConfUtils.java:logGet(46)) - raft.server.log.appender.install.snapshot.enabled = false (custom)
2023-06-25 20:38:14,734 [c86d5a2f-2db4-4f76-adc6-5061d66575f1-groupManagement] INFO  server.RaftServerConfigKeys (ConfUtils.java:logGet(46)) - raft.server.threadpool.server.cached = true (default)
2023-06-25 20:38:14,734 [c86d5a2f-2db4-4f76-adc6-5061d66575f1-groupManagement] INFO  server.RaftServerConfigKeys (ConfUtils.java:logGet(46)) - raft.server.threadpool.server.size = 0 (default)
2023-06-25 20:38:14,734 [c86d5a2f-2db4-4f76-adc6-5061d66575f1-groupManagement] INFO  server.RaftServerConfigKeys (ConfUtils.java:logGet(46)) - raft.server.threadpool.client.cached = true (default)
2023-06-25 20:38:14,734 [c86d5a2f-2db4-4f76-adc6-5061d66575f1-groupManagement] INFO  server.RaftServerConfigKeys (ConfUtils.java:logGet(46)) - raft.server.threadpool.client.size = 0 (default)
2023-06-25 20:38:14,735 [PipelineCommandHandlerThread-0] INFO  server.RaftServer (RaftServerProxy.java:addNew(98)) - c86d5a2f-2db4-4f76-adc6-5061d66575f1: addNew group-CEC4B281C8A8:[c86d5a2f-2db4-4f76-adc6-5061d66575f1|rpc:10.1.0.20:15067|admin:10.1.0.20:15066|client:10.1.0.20:15065|dataStream:10.1.0.20:15068|priority:1|startupRole:FOLLOWER] returns      null c86d5a2f-2db4-4f76-adc6-5061d66575f1@group-CEC4B281C8A8:t0, leader=null, voted=null, raftlog=UNINITIALIZED, conf=-1: peers:[c86d5a2f-2db4-4f76-adc6-5061d66575f1|rpc:10.1.0.20:15067|admin:10.1.0.20:15066|client:10.1.0.20:15065|dataStream:10.1.0.20:15068|priority:1|startupRole:FOLLOWER]|listeners:[], old=null NEW
2023-06-25 20:38:14,739 [c86d5a2f-2db4-4f76-adc6-5061d66575f1-groupManagement] INFO  storage.RaftStorageDirectory (RaftStorageDirectoryImpl.java:analyzeStorage(137)) - The storage directory /home/runner/work/ozone/ozone/hadoop-ozone/integration-test/target/test-dir/MiniOzoneClusterImpl-a52b7a0b-0bee-460e-a951-14c7f8ebc071/datanode-2/data/ratis/2a3e06ea-9ae5-4c2c-b6e7-cec4b281c8a8 does not exist. Creating ...
2023-06-25 20:38:14,740 [c86d5a2f-2db4-4f76-adc6-5061d66575f1-groupManagement] INFO  storage.RaftStorageDirectory (RaftStorageDirectoryImpl.java:tryLock(231)) - Lock on /home/runner/work/ozone/ozone/hadoop-ozone/integration-test/target/test-dir/MiniOzoneClusterImpl-a52b7a0b-0bee-460e-a951-14c7f8ebc071/datanode-2/data/ratis/2a3e06ea-9ae5-4c2c-b6e7-cec4b281c8a8/in_use.lock acquired by nodename 7655@fv-az808-130
2023-06-25 20:38:14,741 [c86d5a2f-2db4-4f76-adc6-5061d66575f1-groupManagement] INFO  storage.RaftStorage (RaftStorageImpl.java:format(96)) - Storage directory /home/runner/work/ozone/ozone/hadoop-ozone/integration-test/target/test-dir/MiniOzoneClusterImpl-a52b7a0b-0bee-460e-a951-14c7f8ebc071/datanode-2/data/ratis/2a3e06ea-9ae5-4c2c-b6e7-cec4b281c8a8 has been successfully formatted.
2023-06-25 20:38:14,744 [c86d5a2f-2db4-4f76-adc6-5061d66575f1-groupManagement] INFO  ratis.ContainerStateMachine (ContainerStateMachine.java:loadSnapshot(262)) - group-CEC4B281C8A8: The snapshot info is null. Setting the last applied indexto:(t:0, i:~)
2023-06-25 20:38:14,744 [c86d5a2f-2db4-4f76-adc6-5061d66575f1-groupManagement] INFO  server.RaftServerConfigKeys (ConfUtils.java:logGet(46)) - raft.server.log.use.memory = false (default)
2023-06-25 20:38:14,744 [c86d5a2f-2db4-4f76-adc6-5061d66575f1-groupManagement] INFO  server.RaftServerConfigKeys (ConfUtils.java:logGet(46)) - raft.server.log.purge.gap = 1000000 (custom)
2023-06-25 20:38:14,744 [c86d5a2f-2db4-4f76-adc6-5061d66575f1-groupManagement] INFO  server.RaftServerConfigKeys (ConfUtils.java:logGet(46)) - raft.server.log.appender.buffer.byte-limit = 33554432 (custom)
2023-06-25 20:38:14,744 [c86d5a2f-2db4-4f76-adc6-5061d66575f1-groupManagement] INFO  server.RaftServerConfigKeys (ConfUtils.java:logGet(46)) - raft.server.log.statemachine.data.read.timeout = 1000ms (default)
2023-06-25 20:38:14,744 [c86d5a2f-2db4-4f76-adc6-5061d66575f1-groupManagement] INFO  server.RaftServerConfigKeys (ConfUtils.java:logGet(46)) - raft.server.log.purge.preservation.log.num = 0 (default)
2023-06-25 20:38:14,744 [c86d5a2f-2db4-4f76-adc6-5061d66575f1-groupManagement] INFO  server.RaftServerConfigKeys (ConfUtils.java:logGet(46)) - raft.server.log.segment.size.max = 1048576 (custom)
2023-06-25 20:38:14,745 [c86d5a2f-2db4-4f76-adc6-5061d66575f1-groupManagement] INFO  server.RaftServerConfigKeys (ConfUtils.java:logGet(46)) - raft.server.log.segment.cache.num.max = 2 (custom)
2023-06-25 20:38:14,745 [c86d5a2f-2db4-4f76-adc6-5061d66575f1-groupManagement] INFO  server.RaftServerConfigKeys (ConfUtils.java:logGet(46)) - raft.server.log.segment.cache.size.max = 200MB (=209715200) (default)
2023-06-25 20:38:14,745 [c86d5a2f-2db4-4f76-adc6-5061d66575f1-groupManagement] INFO  server.RaftServerConfigKeys (ConfUtils.java:logGet(46)) - raft.server.log.appender.buffer.byte-limit = 33554432 (custom)
2023-06-25 20:38:14,745 [c86d5a2f-2db4-4f76-adc6-5061d66575f1-groupManagement] INFO  segmented.SegmentedRaftLogWorker (SegmentedRaftLogWorker.java:<init>(188)) - new c86d5a2f-2db4-4f76-adc6-5061d66575f1@group-CEC4B281C8A8-SegmentedRaftLogWorker for RaftStorageImpl:Storage Directory /home/runner/work/ozone/ozone/hadoop-ozone/integration-test/target/test-dir/MiniOzoneClusterImpl-a52b7a0b-0bee-460e-a951-14c7f8ebc071/datanode-2/data/ratis/2a3e06ea-9ae5-4c2c-b6e7-cec4b281c8a8
2023-06-25 20:38:14,745 [c86d5a2f-2db4-4f76-adc6-5061d66575f1-groupManagement] INFO  server.RaftServerConfigKeys (ConfUtils.java:logGet(46)) - raft.server.log.queue.byte-limit = 4294967296 (custom)
2023-06-25 20:38:14,745 [c86d5a2f-2db4-4f76-adc6-5061d66575f1-groupManagement] INFO  server.RaftServerConfigKeys (ConfUtils.java:logGet(46)) - raft.server.log.queue.element-limit = 1024 (custom)
2023-06-25 20:38:14,745 [c86d5a2f-2db4-4f76-adc6-5061d66575f1-groupManagement] INFO  server.RaftServerConfigKeys (ConfUtils.java:logGet(46)) - raft.server.log.segment.size.max = 1048576 (custom)
2023-06-25 20:38:14,745 [c86d5a2f-2db4-4f76-adc6-5061d66575f1-groupManagement] INFO  server.RaftServerConfigKeys (ConfUtils.java:logGet(46)) - raft.server.log.preallocated.size = 16384 (custom)
2023-06-25 20:38:14,746 [c86d5a2f-2db4-4f76-adc6-5061d66575f1-groupManagement] INFO  server.RaftServerConfigKeys (ConfUtils.java:logGet(46)) - raft.server.log.force.sync.num = 128 (default)
2023-06-25 20:38:14,746 [c86d5a2f-2db4-4f76-adc6-5061d66575f1-groupManagement] INFO  server.RaftServerConfigKeys (ConfUtils.java:logGet(46)) - raft.server.log.statemachine.data.sync = true (default)
2023-06-25 20:38:14,746 [c86d5a2f-2db4-4f76-adc6-5061d66575f1-groupManagement] INFO  server.RaftServerConfigKeys (ConfUtils.java:logGet(46)) - raft.server.log.statemachine.data.sync.timeout = 10s (default)
2023-06-25 20:38:14,746 [c86d5a2f-2db4-4f76-adc6-5061d66575f1-groupManagement] INFO  server.RaftServerConfigKeys (ConfUtils.java:logGet(46)) - raft.server.log.statemachine.data.sync.timeout.retry = -1 (default)
2023-06-25 20:38:14,748 [c86d5a2f-2db4-4f76-adc6-5061d66575f1-groupManagement] INFO  server.RaftServerConfigKeys (ConfUtils.java:logGet(46)) - raft.server.log.write.buffer.size = 1048576 (custom)
2023-06-25 20:38:14,748 [c86d5a2f-2db4-4f76-adc6-5061d66575f1-groupManagement] INFO  server.RaftServerConfigKeys (ConfUtils.java:logGet(46)) - raft.server.log.appender.buffer.byte-limit = 33554432 (custom)
2023-06-25 20:38:14,758 [EventQueue-PipelineReportForPipelineReportHandler] INFO  pipeline.PipelineManagerImpl (PipelineManagerImpl.java:openPipeline(381)) - Pipeline Pipeline[ Id: 2a3e06ea-9ae5-4c2c-b6e7-cec4b281c8a8, Nodes: c86d5a2f-2db4-4f76-adc6-5061d66575f1(fv-az808-130.wa3tte2ragoufbcbawjciesdkc.bx.internal.cloudapp.net/10.1.0.20), ReplicationConfig: RATIS/ONE, State:ALLOCATED, leaderId:c86d5a2f-2db4-4f76-adc6-5061d66575f1, CreationTimestamp2023-06-25T20:38:11.709Z[Etc/UTC]] moved to OPEN state
2023-06-25 20:38:14,773 [EventQueue-OpenPipelineForHealthyPipelineSafeModeRule] INFO  safemode.SCMSafeModeManager (HealthyPipelineSafeModeRule.java:process(137)) - SCM in safe mode. Healthy pipelines reported count is 0, required healthy pipeline reported count is 1
2023-06-25 20:38:14,781 [c86d5a2f-2db4-4f76-adc6-5061d66575f1-groupManagement] INFO  server.RaftServerConfigKeys (ConfUtils.java:logGet(46)) - raft.server.log.unsafe-flush.enabled = false (default)
2023-06-25 20:38:14,781 [c86d5a2f-2db4-4f76-adc6-5061d66575f1-groupManagement] INFO  server.RaftServerConfigKeys (ConfUtils.java:logGet(46)) - raft.server.log.async-flush.enabled = false (default)
2023-06-25 20:38:14,781 [c86d5a2f-2db4-4f76-adc6-5061d66575f1-groupManagement] INFO  server.RaftServerConfigKeys (ConfUtils.java:logGet(46)) - raft.server.log.statemachine.data.caching.enabled = true (custom)
2023-06-25 20:38:14,782 [c86d5a2f-2db4-4f76-adc6-5061d66575f1-groupManagement] INFO  segmented.SegmentedRaftLogWorker (SegmentedRaftLogWorker.java:lambda$new$0(135)) - c86d5a2f-2db4-4f76-adc6-5061d66575f1@group-CEC4B281C8A8-SegmentedRaftLogWorker: flushIndex: setUnconditionally 0 -> -1
2023-06-25 20:38:14,782 [c86d5a2f-2db4-4f76-adc6-5061d66575f1-groupManagement] INFO  segmented.SegmentedRaftLogWorker (SegmentedRaftLogWorker.java:lambda$new$0(135)) - c86d5a2f-2db4-4f76-adc6-5061d66575f1@group-CEC4B281C8A8-SegmentedRaftLogWorker: safeCacheEvictIndex: setUnconditionally 0 -> -1
2023-06-25 20:38:14,813 [grpc-default-executor-0] INFO  server.RaftServer (RaftServerProxy.java:addNew(98)) - c86d5a2f-2db4-4f76-adc6-5061d66575f1: addNew group-AA8173427D7E:[52f6f94e-d183-4208-9d90-b23f37a7c382|rpc:10.1.0.20:15058|admin:10.1.0.20:15057|client:10.1.0.20:15056|dataStream:10.1.0.20:15059|priority:0|startupRole:FOLLOWER, c86d5a2f-2db4-4f76-adc6-5061d66575f1|rpc:10.1.0.20:15067|admin:10.1.0.20:15066|client:10.1.0.20:15065|dataStream:10.1.0.20:15068|priority:0|startupRole:FOLLOWER, 9412d3d0-2519-4c22-9a73-1b5e9d001713|rpc:10.1.0.20:15049|admin:10.1.0.20:15048|client:10.1.0.20:15047|dataStream:10.1.0.20:15050|priority:1|startupRole:FOLLOWER] returns group-AA8173427D7E:java.util.concurrent.CompletableFuture@3d865490[Not completed]
2023-06-25 20:38:14,813 [c86d5a2f-2db4-4f76-adc6-5061d66575f1-groupManagement] INFO  server.RaftServer$Division (RaftServerImpl.java:start(342)) - c86d5a2f-2db4-4f76-adc6-5061d66575f1@group-CEC4B281C8A8: start as a follower, conf=-1: peers:[c86d5a2f-2db4-4f76-adc6-5061d66575f1|rpc:10.1.0.20:15067|admin:10.1.0.20:15066|client:10.1.0.20:15065|dataStream:10.1.0.20:15068|priority:1|startupRole:FOLLOWER]|listeners:[], old=null
2023-06-25 20:38:14,813 [c86d5a2f-2db4-4f76-adc6-5061d66575f1-groupManagement] INFO  server.RaftServer$Division (RaftServerImpl.java:setRole(329)) - c86d5a2f-2db4-4f76-adc6-5061d66575f1@group-CEC4B281C8A8: changes role from      null to FOLLOWER at term 0 for startAsFollower
2023-06-25 20:38:14,813 [c86d5a2f-2db4-4f76-adc6-5061d66575f1-groupManagement] INFO  impl.RoleInfo (RoleInfo.java:updateAndGet(139)) - c86d5a2f-2db4-4f76-adc6-5061d66575f1: start c86d5a2f-2db4-4f76-adc6-5061d66575f1@group-CEC4B281C8A8-FollowerState
2023-06-25 20:38:14,814 [c86d5a2f-2db4-4f76-adc6-5061d66575f1-groupManagement] INFO  util.JmxRegister (JmxRegister.java:tryRegister(44)) - Successfully registered JMX Bean with object name Ratis:service=RaftServer,group=group-CEC4B281C8A8,id=c86d5a2f-2db4-4f76-adc6-5061d66575f1
2023-06-25 20:38:14,818 [c86d5a2f-2db4-4f76-adc6-5061d66575f1-groupManagement] INFO  server.RaftServerConfigKeys (ConfUtils.java:logGet(46)) - raft.server.snapshot.auto.trigger.enabled = true (custom)
2023-06-25 20:38:14,818 [c86d5a2f-2db4-4f76-adc6-5061d66575f1-groupManagement] INFO  server.RaftServerConfigKeys (ConfUtils.java:logGet(46)) - raft.server.snapshot.auto.trigger.threshold = 10000 (custom)
2023-06-25 20:38:14,818 [c86d5a2f-2db4-4f76-adc6-5061d66575f1-groupManagement] INFO  server.RaftServerConfigKeys (ConfUtils.java:logGet(46)) - raft.server.snapshot.retention.file.num = 5 (custom)
2023-06-25 20:38:14,818 [c86d5a2f-2db4-4f76-adc6-5061d66575f1-groupManagement] INFO  server.RaftServerConfigKeys (ConfUtils.java:logGet(46)) - raft.server.log.purge.upto.snapshot.index = false (default)
2023-06-25 20:38:14,820 [c86d5a2f-2db4-4f76-adc6-5061d66575f1-groupManagement] INFO  server.RaftServer$Division (RaftServerImpl.java:<init>(198)) - c86d5a2f-2db4-4f76-adc6-5061d66575f1: new RaftServerImpl for group-AA8173427D7E:[52f6f94e-d183-4208-9d90-b23f37a7c382|rpc:10.1.0.20:15058|admin:10.1.0.20:15057|client:10.1.0.20:15056|dataStream:10.1.0.20:15059|priority:0|startupRole:FOLLOWER, c86d5a2f-2db4-4f76-adc6-5061d66575f1|rpc:10.1.0.20:15067|admin:10.1.0.20:15066|client:10.1.0.20:15065|dataStream:10.1.0.20:15068|priority:0|startupRole:FOLLOWER, 9412d3d0-2519-4c22-9a73-1b5e9d001713|rpc:10.1.0.20:15049|admin:10.1.0.20:15048|client:10.1.0.20:15047|dataStream:10.1.0.20:15050|priority:1|startupRole:FOLLOWER] with ContainerStateMachine:uninitialized
2023-06-25 20:38:14,820 [c86d5a2f-2db4-4f76-adc6-5061d66575f1-groupManagement] INFO  server.RaftServerConfigKeys (ConfUtils.java:logGet(46)) - raft.server.rpc.timeout.min = 5s (custom)
2023-06-25 20:38:14,820 [c86d5a2f-2db4-4f76-adc6-5061d66575f1-groupManagement] INFO  server.RaftServerConfigKeys (ConfUtils.java:logGet(46)) - raft.server.rpc.timeout.max = 5200ms (custom)
2023-06-25 20:38:14,820 [c86d5a2f-2db4-4f76-adc6-5061d66575f1-groupManagement] INFO  server.RaftServerConfigKeys (ConfUtils.java:logGet(46)) - raft.server.rpc.sleep.time = 25ms (default)
2023-06-25 20:38:14,820 [c86d5a2f-2db4-4f76-adc6-5061d66575f1-groupManagement] INFO  server.RaftServerConfigKeys (ConfUtils.java:logGet(46)) - raft.server.rpc.slowness.timeout = 300s (custom)
2023-06-25 20:38:14,820 [c86d5a2f-2db4-4f76-adc6-5061d66575f1-groupManagement] INFO  server.RaftServerConfigKeys (ConfUtils.java:logGet(46)) - raft.server.leaderelection.leader.step-down.wait-time = 10s (default)
2023-06-25 20:38:14,820 [c86d5a2f-2db4-4f76-adc6-5061d66575f1-groupManagement] INFO  server.RaftServerConfigKeys (ConfUtils.java:logGet(46)) - raft.server.sleep.deviation.threshold = 300ms (default)
2023-06-25 20:38:14,820 [c86d5a2f-2db4-4f76-adc6-5061d66575f1-groupManagement] INFO  server.RaftServer$Division (ServerState.java:<init>(120)) - c86d5a2f-2db4-4f76-adc6-5061d66575f1@group-AA8173427D7E: ConfigurationManager, init=-1: peers:[52f6f94e-d183-4208-9d90-b23f37a7c382|rpc:10.1.0.20:15058|admin:10.1.0.20:15057|client:10.1.0.20:15056|dataStream:10.1.0.20:15059|priority:0|startupRole:FOLLOWER, c86d5a2f-2db4-4f76-adc6-5061d66575f1|rpc:10.1.0.20:15067|admin:10.1.0.20:15066|client:10.1.0.20:15065|dataStream:10.1.0.20:15068|priority:0|startupRole:FOLLOWER, 9412d3d0-2519-4c22-9a73-1b5e9d001713|rpc:10.1.0.20:15049|admin:10.1.0.20:15048|client:10.1.0.20:15047|dataStream:10.1.0.20:15050|priority:1|startupRole:FOLLOWER]|listeners:[], old=null, confs=<EMPTY_MAP>
2023-06-25 20:38:14,820 [c86d5a2f-2db4-4f76-adc6-5061d66575f1-groupManagement] INFO  server.RaftServerConfigKeys (ConfUtils.java:logGet(46)) - raft.server.storage.dir = [/home/runner/work/ozone/ozone/hadoop-ozone/integration-test/target/test-dir/MiniOzoneClusterImpl-a52b7a0b-0bee-460e-a951-14c7f8ebc071/datanode-2/data/ratis] (custom)
2023-06-25 20:38:14,820 [c86d5a2f-2db4-4f76-adc6-5061d66575f1-groupManagement] INFO  server.RaftServerConfigKeys (ConfUtils.java:logGet(46)) - raft.server.log.corruption.policy = EXCEPTION (default)
2023-06-25 20:38:14,821 [c86d5a2f-2db4-4f76-adc6-5061d66575f1-groupManagement] INFO  server.RaftServerConfigKeys (ConfUtils.java:logGet(46)) - raft.server.storage.free-space.min = 0MB (=0) (default)
2023-06-25 20:38:14,821 [c86d5a2f-2db4-4f76-adc6-5061d66575f1-groupManagement] INFO  server.RaftServerConfigKeys (ConfUtils.java:logGet(46)) - raft.server.notification.no-leader.timeout = 300s (custom)
2023-06-25 20:38:14,821 [c86d5a2f-2db4-4f76-adc6-5061d66575f1-groupManagement] INFO  server.RaftServerConfigKeys (ConfUtils.java:logGet(46)) - raft.server.read.timeout = 10s (default)
2023-06-25 20:38:14,821 [c86d5a2f-2db4-4f76-adc6-5061d66575f1-groupManagement] INFO  server.RaftServerConfigKeys (ConfUtils.java:logGet(46)) - raft.server.retrycache.expirytime = 600000ms (custom)
2023-06-25 20:38:14,821 [PipelineCommandHandlerThread-0] INFO  ratis.XceiverServerRatis (XceiverServerRatis.java:addGroup(804)) - Created group PipelineID=2a3e06ea-9ae5-4c2c-b6e7-cec4b281c8a8
2023-06-25 20:38:14,821 [PipelineCommandHandlerThread-0] INFO  commandhandler.CreatePipelineCommandHandler (CreatePipelineCommandHandler.java:lambda$handle$2(124)) - Created Pipeline RATIS ONE PipelineID=2a3e06ea-9ae5-4c2c-b6e7-cec4b281c8a8.
2023-06-25 20:38:14,822 [c86d5a2f-2db4-4f76-adc6-5061d66575f1-groupManagement] INFO  server.RaftServerConfigKeys (ConfUtils.java:logGet(46)) - raft.server.retrycache.statistics.expirytime = 100μs (default)
2023-06-25 20:38:14,822 [c86d5a2f-2db4-4f76-adc6-5061d66575f1-groupManagement] INFO  server.RaftServerConfigKeys (ConfUtils.java:logGet(46)) - raft.server.read.option = DEFAULT (default)
2023-06-25 20:38:14,823 [c86d5a2f-2db4-4f76-adc6-5061d66575f1-groupManagement] INFO  server.RaftServerConfigKeys (ConfUtils.java:logGet(46)) - raft.server.rpc.request.timeout = 60s (custom)
2023-06-25 20:38:14,823 [c86d5a2f-2db4-4f76-adc6-5061d66575f1-groupManagement] INFO  server.RaftServerConfigKeys (ConfUtils.java:logGet(46)) - raft.server.log.appender.install.snapshot.enabled = false (custom)
2023-06-25 20:38:14,823 [c86d5a2f-2db4-4f76-adc6-5061d66575f1-groupManagement] INFO  server.RaftServerConfigKeys (ConfUtils.java:logGet(46)) - raft.server.threadpool.server.cached = true (default)
2023-06-25 20:38:14,823 [c86d5a2f-2db4-4f76-adc6-5061d66575f1-groupManagement] INFO  server.RaftServerConfigKeys (ConfUtils.java:logGet(46)) - raft.server.threadpool.server.size = 0 (default)
2023-06-25 20:38:14,823 [c86d5a2f-2db4-4f76-adc6-5061d66575f1-groupManagement] INFO  server.RaftServerConfigKeys (ConfUtils.java:logGet(46)) - raft.server.threadpool.client.cached = true (default)
2023-06-25 20:38:14,823 [c86d5a2f-2db4-4f76-adc6-5061d66575f1-groupManagement] INFO  server.RaftServerConfigKeys (ConfUtils.java:logGet(46)) - raft.server.threadpool.client.size = 0 (default)
2023-06-25 20:38:14,823 [c86d5a2f-2db4-4f76-adc6-5061d66575f1-groupManagement] INFO  storage.RaftStorageDirectory (RaftStorageDirectoryImpl.java:analyzeStorage(137)) - The storage directory /home/runner/work/ozone/ozone/hadoop-ozone/integration-test/target/test-dir/MiniOzoneClusterImpl-a52b7a0b-0bee-460e-a951-14c7f8ebc071/datanode-2/data/ratis/7ca4f31a-ba94-438a-a556-aa8173427d7e does not exist. Creating ...
2023-06-25 20:38:14,824 [c86d5a2f-2db4-4f76-adc6-5061d66575f1-groupManagement] INFO  storage.RaftStorageDirectory (RaftStorageDirectoryImpl.java:tryLock(231)) - Lock on /home/runner/work/ozone/ozone/hadoop-ozone/integration-test/target/test-dir/MiniOzoneClusterImpl-a52b7a0b-0bee-460e-a951-14c7f8ebc071/datanode-2/data/ratis/7ca4f31a-ba94-438a-a556-aa8173427d7e/in_use.lock acquired by nodename 7655@fv-az808-130
2023-06-25 20:38:14,825 [c86d5a2f-2db4-4f76-adc6-5061d66575f1@group-CEC4B281C8A8-FollowerState] INFO  server.RaftServerConfigKeys (ConfUtils.java:logFallback(53)) - raft.server.rpc.first-election.timeout.min = 5s (fallback to raft.server.rpc.timeout.min)
2023-06-25 20:38:14,826 [c86d5a2f-2db4-4f76-adc6-5061d66575f1@group-CEC4B281C8A8-FollowerState] INFO  server.RaftServerConfigKeys (ConfUtils.java:logFallback(53)) - raft.server.rpc.first-election.timeout.max = 5200ms (fallback to raft.server.rpc.timeout.max)
2023-06-25 20:38:14,831 [c86d5a2f-2db4-4f76-adc6-5061d66575f1-groupManagement] INFO  storage.RaftStorage (RaftStorageImpl.java:format(96)) - Storage directory /home/runner/work/ozone/ozone/hadoop-ozone/integration-test/target/test-dir/MiniOzoneClusterImpl-a52b7a0b-0bee-460e-a951-14c7f8ebc071/datanode-2/data/ratis/7ca4f31a-ba94-438a-a556-aa8173427d7e has been successfully formatted.
2023-06-25 20:38:14,832 [c86d5a2f-2db4-4f76-adc6-5061d66575f1-groupManagement] INFO  ratis.ContainerStateMachine (ContainerStateMachine.java:loadSnapshot(262)) - group-AA8173427D7E: The snapshot info is null. Setting the last applied indexto:(t:0, i:~)
2023-06-25 20:38:14,833 [c86d5a2f-2db4-4f76-adc6-5061d66575f1-groupManagement] INFO  server.RaftServerConfigKeys (ConfUtils.java:logGet(46)) - raft.server.log.use.memory = false (default)
2023-06-25 20:38:14,833 [c86d5a2f-2db4-4f76-adc6-5061d66575f1-groupManagement] INFO  server.RaftServerConfigKeys (ConfUtils.java:logGet(46)) - raft.server.log.purge.gap = 1000000 (custom)
2023-06-25 20:38:14,833 [c86d5a2f-2db4-4f76-adc6-5061d66575f1-groupManagement] INFO  server.RaftServerConfigKeys (ConfUtils.java:logGet(46)) - raft.server.log.appender.buffer.byte-limit = 33554432 (custom)
2023-06-25 20:38:14,833 [c86d5a2f-2db4-4f76-adc6-5061d66575f1-groupManagement] INFO  server.RaftServerConfigKeys (ConfUtils.java:logGet(46)) - raft.server.log.statemachine.data.read.timeout = 1000ms (default)
2023-06-25 20:38:14,835 [c86d5a2f-2db4-4f76-adc6-5061d66575f1-groupManagement] INFO  server.RaftServerConfigKeys (ConfUtils.java:logGet(46)) - raft.server.log.purge.preservation.log.num = 0 (default)
2023-06-25 20:38:14,835 [c86d5a2f-2db4-4f76-adc6-5061d66575f1-groupManagement] INFO  server.RaftServerConfigKeys (ConfUtils.java:logGet(46)) - raft.server.log.segment.size.max = 1048576 (custom)
2023-06-25 20:38:14,835 [c86d5a2f-2db4-4f76-adc6-5061d66575f1-groupManagement] INFO  server.RaftServerConfigKeys (ConfUtils.java:logGet(46)) - raft.server.log.segment.cache.num.max = 2 (custom)
2023-06-25 20:38:14,835 [c86d5a2f-2db4-4f76-adc6-5061d66575f1-groupManagement] INFO  server.RaftServerConfigKeys (ConfUtils.java:logGet(46)) - raft.server.log.segment.cache.size.max = 200MB (=209715200) (default)
2023-06-25 20:38:14,835 [c86d5a2f-2db4-4f76-adc6-5061d66575f1-groupManagement] INFO  server.RaftServerConfigKeys (ConfUtils.java:logGet(46)) - raft.server.log.appender.buffer.byte-limit = 33554432 (custom)
2023-06-25 20:38:14,836 [EventQueue-OpenPipelineForHealthyPipelineSafeModeRule] INFO  safemode.SCMSafeModeManager (HealthyPipelineSafeModeRule.java:process(137)) - SCM in safe mode. Healthy pipelines reported count is 0, required healthy pipeline reported count is 1
2023-06-25 20:38:14,839 [c86d5a2f-2db4-4f76-adc6-5061d66575f1-groupManagement] INFO  segmented.SegmentedRaftLogWorker (SegmentedRaftLogWorker.java:<init>(188)) - new c86d5a2f-2db4-4f76-adc6-5061d66575f1@group-AA8173427D7E-SegmentedRaftLogWorker for RaftStorageImpl:Storage Directory /home/runner/work/ozone/ozone/hadoop-ozone/integration-test/target/test-dir/MiniOzoneClusterImpl-a52b7a0b-0bee-460e-a951-14c7f8ebc071/datanode-2/data/ratis/7ca4f31a-ba94-438a-a556-aa8173427d7e
2023-06-25 20:38:14,839 [c86d5a2f-2db4-4f76-adc6-5061d66575f1-groupManagement] INFO  server.RaftServerConfigKeys (ConfUtils.java:logGet(46)) - raft.server.log.queue.byte-limit = 4294967296 (custom)
2023-06-25 20:38:14,839 [c86d5a2f-2db4-4f76-adc6-5061d66575f1-groupManagement] INFO  server.RaftServerConfigKeys (ConfUtils.java:logGet(46)) - raft.server.log.queue.element-limit = 1024 (custom)
2023-06-25 20:38:14,839 [c86d5a2f-2db4-4f76-adc6-5061d66575f1-groupManagement] INFO  server.RaftServerConfigKeys (ConfUtils.java:logGet(46)) - raft.server.log.segment.size.max = 1048576 (custom)
2023-06-25 20:38:14,839 [c86d5a2f-2db4-4f76-adc6-5061d66575f1-groupManagement] INFO  server.RaftServerConfigKeys (ConfUtils.java:logGet(46)) - raft.server.log.preallocated.size = 16384 (custom)
2023-06-25 20:38:14,839 [c86d5a2f-2db4-4f76-adc6-5061d66575f1-groupManagement] INFO  server.RaftServerConfigKeys (ConfUtils.java:logGet(46)) - raft.server.log.force.sync.num = 128 (default)
2023-06-25 20:38:14,840 [c86d5a2f-2db4-4f76-adc6-5061d66575f1-groupManagement] INFO  server.RaftServerConfigKeys (ConfUtils.java:logGet(46)) - raft.server.log.statemachine.data.sync = true (default)
2023-06-25 20:38:14,840 [c86d5a2f-2db4-4f76-adc6-5061d66575f1-groupManagement] INFO  server.RaftServerConfigKeys (ConfUtils.java:logGet(46)) - raft.server.log.statemachine.data.sync.timeout = 10s (default)
2023-06-25 20:38:14,840 [c86d5a2f-2db4-4f76-adc6-5061d66575f1-groupManagement] INFO  server.RaftServerConfigKeys (ConfUtils.java:logGet(46)) - raft.server.log.statemachine.data.sync.timeout.retry = -1 (default)
2023-06-25 20:38:14,840 [c86d5a2f-2db4-4f76-adc6-5061d66575f1-groupManagement] INFO  server.RaftServerConfigKeys (ConfUtils.java:logGet(46)) - raft.server.log.write.buffer.size = 1048576 (custom)
2023-06-25 20:38:14,841 [c86d5a2f-2db4-4f76-adc6-5061d66575f1-groupManagement] INFO  server.RaftServerConfigKeys (ConfUtils.java:logGet(46)) - raft.server.log.appender.buffer.byte-limit = 33554432 (custom)
2023-06-25 20:38:14,854 [c86d5a2f-2db4-4f76-adc6-5061d66575f1-groupManagement] INFO  server.RaftServerConfigKeys (ConfUtils.java:logGet(46)) - raft.server.log.unsafe-flush.enabled = false (default)
2023-06-25 20:38:14,854 [c86d5a2f-2db4-4f76-adc6-5061d66575f1-groupManagement] INFO  server.RaftServerConfigKeys (ConfUtils.java:logGet(46)) - raft.server.log.async-flush.enabled = false (default)
2023-06-25 20:38:14,854 [c86d5a2f-2db4-4f76-adc6-5061d66575f1-groupManagement] INFO  server.RaftServerConfigKeys (ConfUtils.java:logGet(46)) - raft.server.log.statemachine.data.caching.enabled = true (custom)
2023-06-25 20:38:14,855 [c86d5a2f-2db4-4f76-adc6-5061d66575f1-groupManagement] INFO  segmented.SegmentedRaftLogWorker (SegmentedRaftLogWorker.java:lambda$new$0(135)) - c86d5a2f-2db4-4f76-adc6-5061d66575f1@group-AA8173427D7E-SegmentedRaftLogWorker: flushIndex: setUnconditionally 0 -> -1
2023-06-25 20:38:14,855 [c86d5a2f-2db4-4f76-adc6-5061d66575f1-groupManagement] INFO  segmented.SegmentedRaftLogWorker (SegmentedRaftLogWorker.java:lambda$new$0(135)) - c86d5a2f-2db4-4f76-adc6-5061d66575f1@group-AA8173427D7E-SegmentedRaftLogWorker: safeCacheEvictIndex: setUnconditionally 0 -> -1
2023-06-25 20:38:14,855 [c86d5a2f-2db4-4f76-adc6-5061d66575f1-groupManagement] INFO  server.RaftServer$Division (RaftServerImpl.java:start(342)) - c86d5a2f-2db4-4f76-adc6-5061d66575f1@group-AA8173427D7E: start as a follower, conf=-1: peers:[52f6f94e-d183-4208-9d90-b23f37a7c382|rpc:10.1.0.20:15058|admin:10.1.0.20:15057|client:10.1.0.20:15056|dataStream:10.1.0.20:15059|priority:0|startupRole:FOLLOWER, c86d5a2f-2db4-4f76-adc6-5061d66575f1|rpc:10.1.0.20:15067|admin:10.1.0.20:15066|client:10.1.0.20:15065|dataStream:10.1.0.20:15068|priority:0|startupRole:FOLLOWER, 9412d3d0-2519-4c22-9a73-1b5e9d001713|rpc:10.1.0.20:15049|admin:10.1.0.20:15048|client:10.1.0.20:15047|dataStream:10.1.0.20:15050|priority:1|startupRole:FOLLOWER]|listeners:[], old=null
2023-06-25 20:38:14,856 [c86d5a2f-2db4-4f76-adc6-5061d66575f1-groupManagement] INFO  server.RaftServer$Division (RaftServerImpl.java:setRole(329)) - c86d5a2f-2db4-4f76-adc6-5061d66575f1@group-AA8173427D7E: changes role from      null to FOLLOWER at term 0 for startAsFollower
2023-06-25 20:38:14,856 [c86d5a2f-2db4-4f76-adc6-5061d66575f1-groupManagement] INFO  impl.RoleInfo (RoleInfo.java:updateAndGet(139)) - c86d5a2f-2db4-4f76-adc6-5061d66575f1: start c86d5a2f-2db4-4f76-adc6-5061d66575f1@group-AA8173427D7E-FollowerState
2023-06-25 20:38:14,860 [c86d5a2f-2db4-4f76-adc6-5061d66575f1-groupManagement] INFO  util.JmxRegister (JmxRegister.java:tryRegister(44)) - Successfully registered JMX Bean with object name Ratis:service=RaftServer,group=group-AA8173427D7E,id=c86d5a2f-2db4-4f76-adc6-5061d66575f1
2023-06-25 20:38:14,860 [c86d5a2f-2db4-4f76-adc6-5061d66575f1-groupManagement] INFO  server.RaftServerConfigKeys (ConfUtils.java:logGet(46)) - raft.server.snapshot.auto.trigger.enabled = true (custom)
2023-06-25 20:38:14,860 [c86d5a2f-2db4-4f76-adc6-5061d66575f1-groupManagement] INFO  server.RaftServerConfigKeys (ConfUtils.java:logGet(46)) - raft.server.snapshot.auto.trigger.threshold = 10000 (custom)
2023-06-25 20:38:14,860 [c86d5a2f-2db4-4f76-adc6-5061d66575f1-groupManagement] INFO  server.RaftServerConfigKeys (ConfUtils.java:logGet(46)) - raft.server.snapshot.retention.file.num = 5 (custom)
2023-06-25 20:38:14,860 [c86d5a2f-2db4-4f76-adc6-5061d66575f1-groupManagement] INFO  server.RaftServerConfigKeys (ConfUtils.java:logGet(46)) - raft.server.log.purge.upto.snapshot.index = false (default)
2023-06-25 20:38:14,870 [c86d5a2f-2db4-4f76-adc6-5061d66575f1@group-AA8173427D7E-FollowerState] INFO  server.RaftServerConfigKeys (ConfUtils.java:logFallback(53)) - raft.server.rpc.first-election.timeout.min = 5s (fallback to raft.server.rpc.timeout.min)
2023-06-25 20:38:14,870 [c86d5a2f-2db4-4f76-adc6-5061d66575f1@group-AA8173427D7E-FollowerState] INFO  server.RaftServerConfigKeys (ConfUtils.java:logFallback(53)) - raft.server.rpc.first-election.timeout.max = 5200ms (fallback to raft.server.rpc.timeout.max)
2023-06-25 20:38:14,884 [PipelineCommandHandlerThread-0] INFO  commandhandler.CreatePipelineCommandHandler (CreatePipelineCommandHandler.java:lambda$handle$2(124)) - Created Pipeline RATIS THREE PipelineID=7ca4f31a-ba94-438a-a556-aa8173427d7e.
2023-06-25 20:38:14,887 [PipelineCommandHandlerThread-0] INFO  commandhandler.CreatePipelineCommandHandler (CreatePipelineCommandHandler.java:lambda$handle$2(124)) - Created Pipeline RATIS THREE PipelineID=7ca4f31a-ba94-438a-a556-aa8173427d7e.
2023-06-25 20:38:15,706 [main] INFO  ozone.MiniOzoneClusterImpl (MiniOzoneClusterImpl.java:lambda$waitForClusterToBeReady$0(224)) - Nodes are ready. Got 3 of 3 DN Heartbeats.
2023-06-25 20:38:15,707 [main] INFO  ozone.MiniOzoneClusterImpl (MiniOzoneClusterImpl.java:lambda$waitForClusterToBeReady$0(227)) - Waiting for cluster to exit safe mode
2023-06-25 20:38:15,707 [main] INFO  ozone.MiniOzoneClusterImpl (MiniOzoneClusterImpl.java:lambda$waitForClusterToBeReady$0(229)) - SCM became leader
2023-06-25 20:38:16,707 [main] INFO  ozone.MiniOzoneClusterImpl (MiniOzoneClusterImpl.java:lambda$waitForClusterToBeReady$0(224)) - Nodes are ready. Got 3 of 3 DN Heartbeats.
2023-06-25 20:38:16,708 [main] INFO  ozone.MiniOzoneClusterImpl (MiniOzoneClusterImpl.java:lambda$waitForClusterToBeReady$0(227)) - Waiting for cluster to exit safe mode
2023-06-25 20:38:16,708 [main] INFO  ozone.MiniOzoneClusterImpl (MiniOzoneClusterImpl.java:lambda$waitForClusterToBeReady$0(229)) - SCM became leader
2023-06-25 20:38:17,708 [main] INFO  ozone.MiniOzoneClusterImpl (MiniOzoneClusterImpl.java:lambda$waitForClusterToBeReady$0(224)) - Nodes are ready. Got 3 of 3 DN Heartbeats.
2023-06-25 20:38:17,708 [main] INFO  ozone.MiniOzoneClusterImpl (MiniOzoneClusterImpl.java:lambda$waitForClusterToBeReady$0(227)) - Waiting for cluster to exit safe mode
2023-06-25 20:38:17,709 [main] INFO  ozone.MiniOzoneClusterImpl (MiniOzoneClusterImpl.java:lambda$waitForClusterToBeReady$0(229)) - SCM became leader
2023-06-25 20:38:18,709 [main] INFO  ozone.MiniOzoneClusterImpl (MiniOzoneClusterImpl.java:lambda$waitForClusterToBeReady$0(224)) - Nodes are ready. Got 3 of 3 DN Heartbeats.
2023-06-25 20:38:18,709 [main] INFO  ozone.MiniOzoneClusterImpl (MiniOzoneClusterImpl.java:lambda$waitForClusterToBeReady$0(227)) - Waiting for cluster to exit safe mode
2023-06-25 20:38:18,710 [main] INFO  ozone.MiniOzoneClusterImpl (MiniOzoneClusterImpl.java:lambda$waitForClusterToBeReady$0(229)) - SCM became leader
2023-06-25 20:38:19,049 [9412d3d0-2519-4c22-9a73-1b5e9d001713@group-4454F46C2927-FollowerState] INFO  impl.FollowerState (FollowerState.java:run(143)) - 9412d3d0-2519-4c22-9a73-1b5e9d001713@group-4454F46C2927-FollowerState: change to CANDIDATE, lastRpcElapsedTime:5046624041ns, electionTimeout:5040ms
2023-06-25 20:38:19,049 [9412d3d0-2519-4c22-9a73-1b5e9d001713@group-4454F46C2927-FollowerState] INFO  impl.RoleInfo (RoleInfo.java:shutdownFollowerState(110)) - 9412d3d0-2519-4c22-9a73-1b5e9d001713: shutdown 9412d3d0-2519-4c22-9a73-1b5e9d001713@group-4454F46C2927-FollowerState
2023-06-25 20:38:19,049 [9412d3d0-2519-4c22-9a73-1b5e9d001713@group-4454F46C2927-FollowerState] INFO  server.RaftServer$Division (RaftServerImpl.java:setRole(329)) - 9412d3d0-2519-4c22-9a73-1b5e9d001713@group-4454F46C2927: changes role from  FOLLOWER to CANDIDATE at term 0 for changeToCandidate
2023-06-25 20:38:19,049 [9412d3d0-2519-4c22-9a73-1b5e9d001713@group-4454F46C2927-FollowerState] INFO  server.RaftServerConfigKeys (ConfUtils.java:logGet(46)) - raft.server.leaderelection.pre-vote = true (default)
2023-06-25 20:38:19,050 [9412d3d0-2519-4c22-9a73-1b5e9d001713@group-4454F46C2927-FollowerState] INFO  impl.RoleInfo (RoleInfo.java:updateAndGet(139)) - 9412d3d0-2519-4c22-9a73-1b5e9d001713: start 9412d3d0-2519-4c22-9a73-1b5e9d001713@group-4454F46C2927-LeaderElection10
2023-06-25 20:38:19,054 [9412d3d0-2519-4c22-9a73-1b5e9d001713@group-4454F46C2927-LeaderElection10] INFO  impl.LeaderElection (LeaderElection.java:askForVotes(321)) - 9412d3d0-2519-4c22-9a73-1b5e9d001713@group-4454F46C2927-LeaderElection10 PRE_VOTE round 0: submit vote requests at term 0 for -1: peers:[9412d3d0-2519-4c22-9a73-1b5e9d001713|rpc:10.1.0.20:15049|admin:10.1.0.20:15048|client:10.1.0.20:15047|dataStream:10.1.0.20:15050|priority:1|startupRole:FOLLOWER]|listeners:[], old=null
2023-06-25 20:38:19,054 [9412d3d0-2519-4c22-9a73-1b5e9d001713@group-4454F46C2927-LeaderElection10] INFO  impl.LeaderElection (LeaderElection.java:askForVotes(323)) - 9412d3d0-2519-4c22-9a73-1b5e9d001713@group-4454F46C2927-LeaderElection10 PRE_VOTE round 0: result PASSED (term=0)
2023-06-25 20:38:19,055 [9412d3d0-2519-4c22-9a73-1b5e9d001713@group-4454F46C2927-LeaderElection10] INFO  impl.LeaderElection (LeaderElection.java:askForVotes(321)) - 9412d3d0-2519-4c22-9a73-1b5e9d001713@group-4454F46C2927-LeaderElection10 ELECTION round 0: submit vote requests at term 1 for -1: peers:[9412d3d0-2519-4c22-9a73-1b5e9d001713|rpc:10.1.0.20:15049|admin:10.1.0.20:15048|client:10.1.0.20:15047|dataStream:10.1.0.20:15050|priority:1|startupRole:FOLLOWER]|listeners:[], old=null
2023-06-25 20:38:19,055 [9412d3d0-2519-4c22-9a73-1b5e9d001713@group-4454F46C2927-LeaderElection10] INFO  impl.LeaderElection (LeaderElection.java:askForVotes(323)) - 9412d3d0-2519-4c22-9a73-1b5e9d001713@group-4454F46C2927-LeaderElection10 ELECTION round 0: result PASSED (term=1)
2023-06-25 20:38:19,056 [9412d3d0-2519-4c22-9a73-1b5e9d001713@group-4454F46C2927-LeaderElection10] INFO  impl.RoleInfo (RoleInfo.java:shutdownLeaderElection(130)) - 9412d3d0-2519-4c22-9a73-1b5e9d001713: shutdown 9412d3d0-2519-4c22-9a73-1b5e9d001713@group-4454F46C2927-LeaderElection10
2023-06-25 20:38:19,056 [9412d3d0-2519-4c22-9a73-1b5e9d001713@group-4454F46C2927-LeaderElection10] INFO  server.RaftServer$Division (RaftServerImpl.java:setRole(329)) - 9412d3d0-2519-4c22-9a73-1b5e9d001713@group-4454F46C2927: changes role from CANDIDATE to LEADER at term 1 for changeToLeader
2023-06-25 20:38:19,056 [9412d3d0-2519-4c22-9a73-1b5e9d001713@group-4454F46C2927-LeaderElection10] INFO  ratis.XceiverServerRatis (XceiverServerRatis.java:handleLeaderChangedNotification(902)) - Leader change notification received for group: group-4454F46C2927 with new leaderId: 9412d3d0-2519-4c22-9a73-1b5e9d001713
2023-06-25 20:38:19,056 [9412d3d0-2519-4c22-9a73-1b5e9d001713@group-4454F46C2927-LeaderElection10] INFO  server.RaftServer$Division (ServerState.java:setLeader(317)) - 9412d3d0-2519-4c22-9a73-1b5e9d001713@group-4454F46C2927: change Leader from null to 9412d3d0-2519-4c22-9a73-1b5e9d001713 at term 1 for becomeLeader, leader elected after 5073ms
2023-06-25 20:38:19,056 [9412d3d0-2519-4c22-9a73-1b5e9d001713@group-4454F46C2927-LeaderElection10] INFO  server.RaftServerConfigKeys (ConfUtils.java:logGet(46)) - raft.server.staging.catchup.gap = 1000 (default)
2023-06-25 20:38:19,056 [9412d3d0-2519-4c22-9a73-1b5e9d001713@group-4454F46C2927-LeaderElection10] INFO  server.RaftServerConfigKeys (ConfUtils.java:logGet(46)) - raft.server.write.element-limit = 1024 (custom)
2023-06-25 20:38:19,056 [9412d3d0-2519-4c22-9a73-1b5e9d001713@group-4454F46C2927-LeaderElection10] INFO  server.RaftServerConfigKeys (ConfUtils.java:logGet(46)) - raft.server.write.byte-limit = 1024 M (=1073741824) (custom)
2023-06-25 20:38:19,057 [9412d3d0-2519-4c22-9a73-1b5e9d001713@group-4454F46C2927-LeaderElection10] INFO  server.RaftServerConfigKeys (ConfUtils.java:logGet(46)) - raft.server.watch.timeout = 180s (custom)
2023-06-25 20:38:19,057 [9412d3d0-2519-4c22-9a73-1b5e9d001713@group-4454F46C2927-LeaderElection10] INFO  server.RaftServerConfigKeys (ConfUtils.java:logGet(46)) - raft.server.watch.timeout.denomination = 1s (default)
2023-06-25 20:38:19,057 [9412d3d0-2519-4c22-9a73-1b5e9d001713@group-4454F46C2927-LeaderElection10] INFO  server.RaftServerConfigKeys (ConfUtils.java:logGet(46)) - raft.server.watch.element-limit = 65536 (default)
2023-06-25 20:38:19,058 [9412d3d0-2519-4c22-9a73-1b5e9d001713@group-4454F46C2927-LeaderElection10] INFO  server.RaftServerConfigKeys (ConfUtils.java:logGet(46)) - raft.server.write.element-limit = 1024 (custom)
2023-06-25 20:38:19,058 [9412d3d0-2519-4c22-9a73-1b5e9d001713@group-4454F46C2927-LeaderElection10] INFO  server.RaftServerConfigKeys (ConfUtils.java:logGet(46)) - raft.server.write.follower.gap.ratio.max = -1.0 (default)
2023-06-25 20:38:19,058 [9412d3d0-2519-4c22-9a73-1b5e9d001713@group-4454F46C2927-LeaderElection10] INFO  impl.RoleInfo (RoleInfo.java:updateAndGet(139)) - 9412d3d0-2519-4c22-9a73-1b5e9d001713: start 9412d3d0-2519-4c22-9a73-1b5e9d001713@group-4454F46C2927-LeaderStateImpl
2023-06-25 20:38:19,058 [9412d3d0-2519-4c22-9a73-1b5e9d001713@group-4454F46C2927-LeaderElection10] INFO  segmented.SegmentedRaftLogWorker (SegmentedRaftLogWorker.java:startLogSegment(447)) - 9412d3d0-2519-4c22-9a73-1b5e9d001713@group-4454F46C2927-SegmentedRaftLogWorker: Starting segment from index:0
2023-06-25 20:38:19,058 [EventQueue-OpenPipelineForHealthyPipelineSafeModeRule] INFO  safemode.SCMSafeModeManager (HealthyPipelineSafeModeRule.java:process(137)) - SCM in safe mode. Healthy pipelines reported count is 0, required healthy pipeline reported count is 1
2023-06-25 20:38:19,066 [9412d3d0-2519-4c22-9a73-1b5e9d001713@group-4454F46C2927-LeaderElection10] INFO  server.RaftServer$Division (ServerState.java:setRaftConf(434)) - 9412d3d0-2519-4c22-9a73-1b5e9d001713@group-4454F46C2927: set configuration 0: peers:[9412d3d0-2519-4c22-9a73-1b5e9d001713|rpc:10.1.0.20:15049|admin:10.1.0.20:15048|client:10.1.0.20:15047|dataStream:10.1.0.20:15050|priority:1|startupRole:FOLLOWER]|listeners:[], old=null
2023-06-25 20:38:19,066 [9412d3d0-2519-4c22-9a73-1b5e9d001713@group-4454F46C2927-SegmentedRaftLogWorker] INFO  segmented.SegmentedRaftLogWorker (SegmentedRaftLogWorker.java:execute(651)) - 9412d3d0-2519-4c22-9a73-1b5e9d001713@group-4454F46C2927-SegmentedRaftLogWorker: created new log segment /home/runner/work/ozone/ozone/hadoop-ozone/integration-test/target/test-dir/MiniOzoneClusterImpl-a52b7a0b-0bee-460e-a951-14c7f8ebc071/datanode-0/data/ratis/5f11a5bc-9193-4c2b-8a6f-4454f46c2927/current/log_inprogress_0
2023-06-25 20:38:19,073 [52f6f94e-d183-4208-9d90-b23f37a7c382@group-D53594BA4322-FollowerState] INFO  impl.FollowerState (FollowerState.java:run(143)) - 52f6f94e-d183-4208-9d90-b23f37a7c382@group-D53594BA4322-FollowerState: change to CANDIDATE, lastRpcElapsedTime:5006651899ns, electionTimeout:5006ms
2023-06-25 20:38:19,073 [52f6f94e-d183-4208-9d90-b23f37a7c382@group-D53594BA4322-FollowerState] INFO  impl.RoleInfo (RoleInfo.java:shutdownFollowerState(110)) - 52f6f94e-d183-4208-9d90-b23f37a7c382: shutdown 52f6f94e-d183-4208-9d90-b23f37a7c382@group-D53594BA4322-FollowerState
2023-06-25 20:38:19,073 [52f6f94e-d183-4208-9d90-b23f37a7c382@group-D53594BA4322-FollowerState] INFO  server.RaftServer$Division (RaftServerImpl.java:setRole(329)) - 52f6f94e-d183-4208-9d90-b23f37a7c382@group-D53594BA4322: changes role from  FOLLOWER to CANDIDATE at term 0 for changeToCandidate
2023-06-25 20:38:19,074 [52f6f94e-d183-4208-9d90-b23f37a7c382@group-D53594BA4322-FollowerState] INFO  server.RaftServerConfigKeys (ConfUtils.java:logGet(46)) - raft.server.leaderelection.pre-vote = true (default)
2023-06-25 20:38:19,074 [52f6f94e-d183-4208-9d90-b23f37a7c382@group-D53594BA4322-FollowerState] INFO  impl.RoleInfo (RoleInfo.java:updateAndGet(139)) - 52f6f94e-d183-4208-9d90-b23f37a7c382: start 52f6f94e-d183-4208-9d90-b23f37a7c382@group-D53594BA4322-LeaderElection11
2023-06-25 20:38:19,081 [9412d3d0-2519-4c22-9a73-1b5e9d001713@group-D53594BA4322-FollowerState] INFO  impl.FollowerState (FollowerState.java:run(143)) - 9412d3d0-2519-4c22-9a73-1b5e9d001713@group-D53594BA4322-FollowerState: change to CANDIDATE, lastRpcElapsedTime:5059801357ns, electionTimeout:5046ms
2023-06-25 20:38:19,081 [9412d3d0-2519-4c22-9a73-1b5e9d001713@group-D53594BA4322-FollowerState] INFO  impl.RoleInfo (RoleInfo.java:shutdownFollowerState(110)) - 9412d3d0-2519-4c22-9a73-1b5e9d001713: shutdown 9412d3d0-2519-4c22-9a73-1b5e9d001713@group-D53594BA4322-FollowerState
2023-06-25 20:38:19,081 [9412d3d0-2519-4c22-9a73-1b5e9d001713@group-D53594BA4322-FollowerState] INFO  server.RaftServer$Division (RaftServerImpl.java:setRole(329)) - 9412d3d0-2519-4c22-9a73-1b5e9d001713@group-D53594BA4322: changes role from  FOLLOWER to CANDIDATE at term 0 for changeToCandidate
2023-06-25 20:38:19,081 [9412d3d0-2519-4c22-9a73-1b5e9d001713@group-D53594BA4322-FollowerState] INFO  server.RaftServerConfigKeys (ConfUtils.java:logGet(46)) - raft.server.leaderelection.pre-vote = true (default)
2023-06-25 20:38:19,081 [9412d3d0-2519-4c22-9a73-1b5e9d001713@group-D53594BA4322-FollowerState] INFO  impl.RoleInfo (RoleInfo.java:updateAndGet(139)) - 9412d3d0-2519-4c22-9a73-1b5e9d001713: start 9412d3d0-2519-4c22-9a73-1b5e9d001713@group-D53594BA4322-LeaderElection12
2023-06-25 20:38:19,084 [52f6f94e-d183-4208-9d90-b23f37a7c382@group-D53594BA4322-LeaderElection11] INFO  impl.LeaderElection (LeaderElection.java:askForVotes(321)) - 52f6f94e-d183-4208-9d90-b23f37a7c382@group-D53594BA4322-LeaderElection11 PRE_VOTE round 0: submit vote requests at term 0 for -1: peers:[52f6f94e-d183-4208-9d90-b23f37a7c382|rpc:10.1.0.20:15058|admin:10.1.0.20:15057|client:10.1.0.20:15056|dataStream:10.1.0.20:15059|priority:0|startupRole:FOLLOWER, c86d5a2f-2db4-4f76-adc6-5061d66575f1|rpc:10.1.0.20:15067|admin:10.1.0.20:15066|client:10.1.0.20:15065|dataStream:10.1.0.20:15068|priority:1|startupRole:FOLLOWER, 9412d3d0-2519-4c22-9a73-1b5e9d001713|rpc:10.1.0.20:15049|admin:10.1.0.20:15048|client:10.1.0.20:15047|dataStream:10.1.0.20:15050|priority:0|startupRole:FOLLOWER]|listeners:[], old=null
2023-06-25 20:38:19,085 [52f6f94e-d183-4208-9d90-b23f37a7c382@group-D53594BA4322-LeaderElection11-1] INFO  server.GrpcServerProtocolClient (GrpcServerProtocolClient.java:<init>(65)) - Build channel for c86d5a2f-2db4-4f76-adc6-5061d66575f1
2023-06-25 20:38:19,085 [52f6f94e-d183-4208-9d90-b23f37a7c382@group-D53594BA4322-LeaderElection11] INFO  server.RaftServerConfigKeys (ConfUtils.java:logFallback(53)) - raft.server.rpc.first-election.timeout.min = 5s (fallback to raft.server.rpc.timeout.min)
2023-06-25 20:38:19,085 [52f6f94e-d183-4208-9d90-b23f37a7c382@group-D53594BA4322-LeaderElection11] INFO  server.RaftServerConfigKeys (ConfUtils.java:logFallback(53)) - raft.server.rpc.first-election.timeout.max = 5200ms (fallback to raft.server.rpc.timeout.max)
2023-06-25 20:38:19,089 [9412d3d0-2519-4c22-9a73-1b5e9d001713@group-D53594BA4322-LeaderElection12] INFO  impl.LeaderElection (LeaderElection.java:askForVotes(321)) - 9412d3d0-2519-4c22-9a73-1b5e9d001713@group-D53594BA4322-LeaderElection12 PRE_VOTE round 0: submit vote requests at term 0 for -1: peers:[52f6f94e-d183-4208-9d90-b23f37a7c382|rpc:10.1.0.20:15058|admin:10.1.0.20:15057|client:10.1.0.20:15056|dataStream:10.1.0.20:15059|priority:0|startupRole:FOLLOWER, c86d5a2f-2db4-4f76-adc6-5061d66575f1|rpc:10.1.0.20:15067|admin:10.1.0.20:15066|client:10.1.0.20:15065|dataStream:10.1.0.20:15068|priority:1|startupRole:FOLLOWER, 9412d3d0-2519-4c22-9a73-1b5e9d001713|rpc:10.1.0.20:15049|admin:10.1.0.20:15048|client:10.1.0.20:15047|dataStream:10.1.0.20:15050|priority:0|startupRole:FOLLOWER]|listeners:[], old=null
2023-06-25 20:38:19,091 [52f6f94e-d183-4208-9d90-b23f37a7c382@group-D53594BA4322-LeaderElection11-2] INFO  server.GrpcServerProtocolClient (GrpcServerProtocolClient.java:<init>(65)) - Build channel for 9412d3d0-2519-4c22-9a73-1b5e9d001713
2023-06-25 20:38:19,097 [9412d3d0-2519-4c22-9a73-1b5e9d001713@group-D53594BA4322-LeaderElection12-1] INFO  server.GrpcServerProtocolClient (GrpcServerProtocolClient.java:<init>(65)) - Build channel for 52f6f94e-d183-4208-9d90-b23f37a7c382
2023-06-25 20:38:19,099 [9412d3d0-2519-4c22-9a73-1b5e9d001713@group-D53594BA4322-LeaderElection12] INFO  server.RaftServerConfigKeys (ConfUtils.java:logFallback(53)) - raft.server.rpc.first-election.timeout.min = 5s (fallback to raft.server.rpc.timeout.min)
2023-06-25 20:38:19,099 [9412d3d0-2519-4c22-9a73-1b5e9d001713@group-D53594BA4322-LeaderElection12] INFO  server.RaftServerConfigKeys (ConfUtils.java:logFallback(53)) - raft.server.rpc.first-election.timeout.max = 5200ms (fallback to raft.server.rpc.timeout.max)
2023-06-25 20:38:19,100 [9412d3d0-2519-4c22-9a73-1b5e9d001713@group-D53594BA4322-LeaderElection12-2] INFO  server.GrpcServerProtocolClient (GrpcServerProtocolClient.java:<init>(65)) - Build channel for c86d5a2f-2db4-4f76-adc6-5061d66575f1
2023-06-25 20:38:19,112 [grpc-default-executor-0] INFO  server.RaftServer$Division (RaftServerImpl.java:requestVote(1302)) - c86d5a2f-2db4-4f76-adc6-5061d66575f1@group-D53594BA4322: receive requestVote(PRE_VOTE, 52f6f94e-d183-4208-9d90-b23f37a7c382, group-D53594BA4322, 0, (t:0, i:0))
2023-06-25 20:38:19,112 [grpc-default-executor-0] INFO  impl.VoteContext (VoteContext.java:log(49)) - c86d5a2f-2db4-4f76-adc6-5061d66575f1@group-D53594BA4322-FOLLOWER: reject PRE_VOTE from 52f6f94e-d183-4208-9d90-b23f37a7c382: our priority 1 > candidate's priority 0
2023-06-25 20:38:19,113 [grpc-default-executor-0] INFO  server.RaftServer$Division (RaftServerImpl.java:requestVote(1335)) - c86d5a2f-2db4-4f76-adc6-5061d66575f1@group-D53594BA4322 replies to PRE_VOTE vote request: 52f6f94e-d183-4208-9d90-b23f37a7c382<-c86d5a2f-2db4-4f76-adc6-5061d66575f1#0:FAIL-t0. Peer's state: c86d5a2f-2db4-4f76-adc6-5061d66575f1@group-D53594BA4322:t0, leader=null, voted=, raftlog=Memoized:c86d5a2f-2db4-4f76-adc6-5061d66575f1@group-D53594BA4322-SegmentedRaftLog:OPENED:c-1, conf=-1: peers:[52f6f94e-d183-4208-9d90-b23f37a7c382|rpc:10.1.0.20:15058|admin:10.1.0.20:15057|client:10.1.0.20:15056|dataStream:10.1.0.20:15059|priority:0|startupRole:FOLLOWER, c86d5a2f-2db4-4f76-adc6-5061d66575f1|rpc:10.1.0.20:15067|admin:10.1.0.20:15066|client:10.1.0.20:15065|dataStream:10.1.0.20:15068|priority:1|startupRole:FOLLOWER, 9412d3d0-2519-4c22-9a73-1b5e9d001713|rpc:10.1.0.20:15049|admin:10.1.0.20:15048|client:10.1.0.20:15047|dataStream:10.1.0.20:15050|priority:0|startupRole:FOLLOWER]|listeners:[], old=null
2023-06-25 20:38:19,114 [52f6f94e-d183-4208-9d90-b23f37a7c382@group-D53594BA4322-LeaderElection11] INFO  impl.LeaderElection (LeaderElection.java:logAndReturn(90)) - 52f6f94e-d183-4208-9d90-b23f37a7c382@group-D53594BA4322-LeaderElection11: PRE_VOTE REJECTED received 1 response(s) and 0 exception(s):
2023-06-25 20:38:19,114 [52f6f94e-d183-4208-9d90-b23f37a7c382@group-D53594BA4322-LeaderElection11] INFO  impl.LeaderElection (LeaderElection.java:logAndReturn(94)) -   Response 0: 52f6f94e-d183-4208-9d90-b23f37a7c382<-c86d5a2f-2db4-4f76-adc6-5061d66575f1#0:FAIL-t0
2023-06-25 20:38:19,114 [52f6f94e-d183-4208-9d90-b23f37a7c382@group-D53594BA4322-LeaderElection11] INFO  impl.LeaderElection (LeaderElection.java:askForVotes(323)) - 52f6f94e-d183-4208-9d90-b23f37a7c382@group-D53594BA4322-LeaderElection11 PRE_VOTE round 0: result REJECTED
2023-06-25 20:38:19,114 [52f6f94e-d183-4208-9d90-b23f37a7c382@group-D53594BA4322-LeaderElection11] INFO  server.RaftServer$Division (RaftServerImpl.java:setRole(329)) - 52f6f94e-d183-4208-9d90-b23f37a7c382@group-D53594BA4322: changes role from CANDIDATE to FOLLOWER at term 0 for REJECTED
2023-06-25 20:38:19,114 [52f6f94e-d183-4208-9d90-b23f37a7c382@group-D53594BA4322-LeaderElection11] INFO  impl.RoleInfo (RoleInfo.java:shutdownLeaderElection(130)) - 52f6f94e-d183-4208-9d90-b23f37a7c382: shutdown 52f6f94e-d183-4208-9d90-b23f37a7c382@group-D53594BA4322-LeaderElection11
2023-06-25 20:38:19,114 [52f6f94e-d183-4208-9d90-b23f37a7c382@group-D53594BA4322-LeaderElection11] INFO  impl.RoleInfo (RoleInfo.java:updateAndGet(139)) - 52f6f94e-d183-4208-9d90-b23f37a7c382: start 52f6f94e-d183-4208-9d90-b23f37a7c382@group-D53594BA4322-FollowerState
2023-06-25 20:38:19,119 [grpc-default-executor-1] INFO  server.RaftServer$Division (RaftServerImpl.java:requestVote(1302)) - 9412d3d0-2519-4c22-9a73-1b5e9d001713@group-D53594BA4322: receive requestVote(PRE_VOTE, 52f6f94e-d183-4208-9d90-b23f37a7c382, group-D53594BA4322, 0, (t:0, i:0))
2023-06-25 20:38:19,120 [grpc-default-executor-1] INFO  impl.VoteContext (VoteContext.java:log(49)) - 9412d3d0-2519-4c22-9a73-1b5e9d001713@group-D53594BA4322-CANDIDATE: accept PRE_VOTE from 52f6f94e-d183-4208-9d90-b23f37a7c382: our priority 0 <= candidate's priority 0
2023-06-25 20:38:19,120 [grpc-default-executor-1] INFO  server.RaftServer$Division (RaftServerImpl.java:requestVote(1335)) - 9412d3d0-2519-4c22-9a73-1b5e9d001713@group-D53594BA4322 replies to PRE_VOTE vote request: 52f6f94e-d183-4208-9d90-b23f37a7c382<-9412d3d0-2519-4c22-9a73-1b5e9d001713#0:OK-t0. Peer's state: 9412d3d0-2519-4c22-9a73-1b5e9d001713@group-D53594BA4322:t0, leader=null, voted=, raftlog=Memoized:9412d3d0-2519-4c22-9a73-1b5e9d001713@group-D53594BA4322-SegmentedRaftLog:OPENED:c-1, conf=-1: peers:[52f6f94e-d183-4208-9d90-b23f37a7c382|rpc:10.1.0.20:15058|admin:10.1.0.20:15057|client:10.1.0.20:15056|dataStream:10.1.0.20:15059|priority:0|startupRole:FOLLOWER, c86d5a2f-2db4-4f76-adc6-5061d66575f1|rpc:10.1.0.20:15067|admin:10.1.0.20:15066|client:10.1.0.20:15065|dataStream:10.1.0.20:15068|priority:1|startupRole:FOLLOWER, 9412d3d0-2519-4c22-9a73-1b5e9d001713|rpc:10.1.0.20:15049|admin:10.1.0.20:15048|client:10.1.0.20:15047|dataStream:10.1.0.20:15050|priority:0|startupRole:FOLLOWER]|listeners:[], old=null
2023-06-25 20:38:19,125 [grpc-default-executor-2] INFO  server.RaftServer$Division (RaftServerImpl.java:requestVote(1302)) - c86d5a2f-2db4-4f76-adc6-5061d66575f1@group-D53594BA4322: receive requestVote(PRE_VOTE, 9412d3d0-2519-4c22-9a73-1b5e9d001713, group-D53594BA4322, 0, (t:0, i:0))
2023-06-25 20:38:19,125 [grpc-default-executor-1] INFO  server.RaftServer$Division (RaftServerImpl.java:requestVote(1302)) - 52f6f94e-d183-4208-9d90-b23f37a7c382@group-D53594BA4322: receive requestVote(PRE_VOTE, 9412d3d0-2519-4c22-9a73-1b5e9d001713, group-D53594BA4322, 0, (t:0, i:0))
2023-06-25 20:38:19,125 [grpc-default-executor-1] INFO  impl.VoteContext (VoteContext.java:log(49)) - 52f6f94e-d183-4208-9d90-b23f37a7c382@group-D53594BA4322-FOLLOWER: accept PRE_VOTE from 9412d3d0-2519-4c22-9a73-1b5e9d001713: our priority 0 <= candidate's priority 0
2023-06-25 20:38:19,125 [grpc-default-executor-1] INFO  server.RaftServer$Division (RaftServerImpl.java:requestVote(1335)) - 52f6f94e-d183-4208-9d90-b23f37a7c382@group-D53594BA4322 replies to PRE_VOTE vote request: 9412d3d0-2519-4c22-9a73-1b5e9d001713<-52f6f94e-d183-4208-9d90-b23f37a7c382#0:OK-t0. Peer's state: 52f6f94e-d183-4208-9d90-b23f37a7c382@group-D53594BA4322:t0, leader=null, voted=, raftlog=Memoized:52f6f94e-d183-4208-9d90-b23f37a7c382@group-D53594BA4322-SegmentedRaftLog:OPENED:c-1, conf=-1: peers:[52f6f94e-d183-4208-9d90-b23f37a7c382|rpc:10.1.0.20:15058|admin:10.1.0.20:15057|client:10.1.0.20:15056|dataStream:10.1.0.20:15059|priority:0|startupRole:FOLLOWER, c86d5a2f-2db4-4f76-adc6-5061d66575f1|rpc:10.1.0.20:15067|admin:10.1.0.20:15066|client:10.1.0.20:15065|dataStream:10.1.0.20:15068|priority:1|startupRole:FOLLOWER, 9412d3d0-2519-4c22-9a73-1b5e9d001713|rpc:10.1.0.20:15049|admin:10.1.0.20:15048|client:10.1.0.20:15047|dataStream:10.1.0.20:15050|priority:0|startupRole:FOLLOWER]|listeners:[], old=null
2023-06-25 20:38:19,128 [grpc-default-executor-2] INFO  impl.VoteContext (VoteContext.java:log(49)) - c86d5a2f-2db4-4f76-adc6-5061d66575f1@group-D53594BA4322-FOLLOWER: reject PRE_VOTE from 9412d3d0-2519-4c22-9a73-1b5e9d001713: our priority 1 > candidate's priority 0
2023-06-25 20:38:19,128 [grpc-default-executor-2] INFO  server.RaftServer$Division (RaftServerImpl.java:requestVote(1335)) - c86d5a2f-2db4-4f76-adc6-5061d66575f1@group-D53594BA4322 replies to PRE_VOTE vote request: 9412d3d0-2519-4c22-9a73-1b5e9d001713<-c86d5a2f-2db4-4f76-adc6-5061d66575f1#0:FAIL-t0. Peer's state: c86d5a2f-2db4-4f76-adc6-5061d66575f1@group-D53594BA4322:t0, leader=null, voted=, raftlog=Memoized:c86d5a2f-2db4-4f76-adc6-5061d66575f1@group-D53594BA4322-SegmentedRaftLog:OPENED:c-1, conf=-1: peers:[52f6f94e-d183-4208-9d90-b23f37a7c382|rpc:10.1.0.20:15058|admin:10.1.0.20:15057|client:10.1.0.20:15056|dataStream:10.1.0.20:15059|priority:0|startupRole:FOLLOWER, c86d5a2f-2db4-4f76-adc6-5061d66575f1|rpc:10.1.0.20:15067|admin:10.1.0.20:15066|client:10.1.0.20:15065|dataStream:10.1.0.20:15068|priority:1|startupRole:FOLLOWER, 9412d3d0-2519-4c22-9a73-1b5e9d001713|rpc:10.1.0.20:15049|admin:10.1.0.20:15048|client:10.1.0.20:15047|dataStream:10.1.0.20:15050|priority:0|startupRole:FOLLOWER]|listeners:[], old=null
2023-06-25 20:38:19,132 [9412d3d0-2519-4c22-9a73-1b5e9d001713@group-D53594BA4322-LeaderElection12] INFO  impl.LeaderElection (LeaderElection.java:logAndReturn(90)) - 9412d3d0-2519-4c22-9a73-1b5e9d001713@group-D53594BA4322-LeaderElection12: PRE_VOTE REJECTED received 2 response(s) and 0 exception(s):
2023-06-25 20:38:19,132 [9412d3d0-2519-4c22-9a73-1b5e9d001713@group-D53594BA4322-LeaderElection12] INFO  impl.LeaderElection (LeaderElection.java:logAndReturn(94)) -   Response 0: 9412d3d0-2519-4c22-9a73-1b5e9d001713<-52f6f94e-d183-4208-9d90-b23f37a7c382#0:OK-t0
2023-06-25 20:38:19,133 [9412d3d0-2519-4c22-9a73-1b5e9d001713@group-D53594BA4322-LeaderElection12] INFO  impl.LeaderElection (LeaderElection.java:logAndReturn(94)) -   Response 1: 9412d3d0-2519-4c22-9a73-1b5e9d001713<-c86d5a2f-2db4-4f76-adc6-5061d66575f1#0:FAIL-t0
2023-06-25 20:38:19,133 [9412d3d0-2519-4c22-9a73-1b5e9d001713@group-D53594BA4322-LeaderElection12] INFO  impl.LeaderElection (LeaderElection.java:askForVotes(323)) - 9412d3d0-2519-4c22-9a73-1b5e9d001713@group-D53594BA4322-LeaderElection12 PRE_VOTE round 0: result REJECTED
2023-06-25 20:38:19,133 [9412d3d0-2519-4c22-9a73-1b5e9d001713@group-D53594BA4322-LeaderElection12] INFO  server.RaftServer$Division (RaftServerImpl.java:setRole(329)) - 9412d3d0-2519-4c22-9a73-1b5e9d001713@group-D53594BA4322: changes role from CANDIDATE to FOLLOWER at term 0 for REJECTED
2023-06-25 20:38:19,133 [9412d3d0-2519-4c22-9a73-1b5e9d001713@group-D53594BA4322-LeaderElection12] INFO  impl.RoleInfo (RoleInfo.java:shutdownLeaderElection(130)) - 9412d3d0-2519-4c22-9a73-1b5e9d001713: shutdown 9412d3d0-2519-4c22-9a73-1b5e9d001713@group-D53594BA4322-LeaderElection12
2023-06-25 20:38:19,133 [9412d3d0-2519-4c22-9a73-1b5e9d001713@group-D53594BA4322-LeaderElection12] INFO  impl.RoleInfo (RoleInfo.java:updateAndGet(139)) - 9412d3d0-2519-4c22-9a73-1b5e9d001713: start 9412d3d0-2519-4c22-9a73-1b5e9d001713@group-D53594BA4322-FollowerState
2023-06-25 20:38:19,589 [c86d5a2f-2db4-4f76-adc6-5061d66575f1@group-D53594BA4322-FollowerState] INFO  impl.FollowerState (FollowerState.java:run(143)) - c86d5a2f-2db4-4f76-adc6-5061d66575f1@group-D53594BA4322-FollowerState: change to CANDIDATE, lastRpcElapsedTime:5057088274ns, electionTimeout:5053ms
2023-06-25 20:38:19,589 [c86d5a2f-2db4-4f76-adc6-5061d66575f1@group-D53594BA4322-FollowerState] INFO  impl.RoleInfo (RoleInfo.java:shutdownFollowerState(110)) - c86d5a2f-2db4-4f76-adc6-5061d66575f1: shutdown c86d5a2f-2db4-4f76-adc6-5061d66575f1@group-D53594BA4322-FollowerState
2023-06-25 20:38:19,589 [c86d5a2f-2db4-4f76-adc6-5061d66575f1@group-D53594BA4322-FollowerState] INFO  server.RaftServer$Division (RaftServerImpl.java:setRole(329)) - c86d5a2f-2db4-4f76-adc6-5061d66575f1@group-D53594BA4322: changes role from  FOLLOWER to CANDIDATE at term 0 for changeToCandidate
2023-06-25 20:38:19,591 [c86d5a2f-2db4-4f76-adc6-5061d66575f1@group-D53594BA4322-FollowerState] INFO  server.RaftServerConfigKeys (ConfUtils.java:logGet(46)) - raft.server.leaderelection.pre-vote = true (default)
2023-06-25 20:38:19,591 [c86d5a2f-2db4-4f76-adc6-5061d66575f1@group-D53594BA4322-FollowerState] INFO  impl.RoleInfo (RoleInfo.java:updateAndGet(139)) - c86d5a2f-2db4-4f76-adc6-5061d66575f1: start c86d5a2f-2db4-4f76-adc6-5061d66575f1@group-D53594BA4322-LeaderElection13
2023-06-25 20:38:19,591 [c86d5a2f-2db4-4f76-adc6-5061d66575f1@group-D53594BA4322-LeaderElection13] INFO  impl.LeaderElection (LeaderElection.java:askForVotes(321)) - c86d5a2f-2db4-4f76-adc6-5061d66575f1@group-D53594BA4322-LeaderElection13 PRE_VOTE round 0: submit vote requests at term 0 for -1: peers:[52f6f94e-d183-4208-9d90-b23f37a7c382|rpc:10.1.0.20:15058|admin:10.1.0.20:15057|client:10.1.0.20:15056|dataStream:10.1.0.20:15059|priority:0|startupRole:FOLLOWER, c86d5a2f-2db4-4f76-adc6-5061d66575f1|rpc:10.1.0.20:15067|admin:10.1.0.20:15066|client:10.1.0.20:15065|dataStream:10.1.0.20:15068|priority:1|startupRole:FOLLOWER, 9412d3d0-2519-4c22-9a73-1b5e9d001713|rpc:10.1.0.20:15049|admin:10.1.0.20:15048|client:10.1.0.20:15047|dataStream:10.1.0.20:15050|priority:0|startupRole:FOLLOWER]|listeners:[], old=null
2023-06-25 20:38:19,592 [c86d5a2f-2db4-4f76-adc6-5061d66575f1@group-D53594BA4322-LeaderElection13-1] INFO  server.GrpcServerProtocolClient (GrpcServerProtocolClient.java:<init>(65)) - Build channel for 52f6f94e-d183-4208-9d90-b23f37a7c382
2023-06-25 20:38:19,594 [c86d5a2f-2db4-4f76-adc6-5061d66575f1@group-D53594BA4322-LeaderElection13] INFO  server.RaftServerConfigKeys (ConfUtils.java:logFallback(53)) - raft.server.rpc.first-election.timeout.min = 5s (fallback to raft.server.rpc.timeout.min)
2023-06-25 20:38:19,594 [c86d5a2f-2db4-4f76-adc6-5061d66575f1@group-D53594BA4322-LeaderElection13] INFO  server.RaftServerConfigKeys (ConfUtils.java:logFallback(53)) - raft.server.rpc.first-election.timeout.max = 5200ms (fallback to raft.server.rpc.timeout.max)
2023-06-25 20:38:19,594 [c86d5a2f-2db4-4f76-adc6-5061d66575f1@group-D53594BA4322-LeaderElection13-2] INFO  server.GrpcServerProtocolClient (GrpcServerProtocolClient.java:<init>(65)) - Build channel for 9412d3d0-2519-4c22-9a73-1b5e9d001713
2023-06-25 20:38:19,603 [grpc-default-executor-2] INFO  server.RaftServer$Division (RaftServerImpl.java:requestVote(1302)) - 52f6f94e-d183-4208-9d90-b23f37a7c382@group-D53594BA4322: receive requestVote(PRE_VOTE, c86d5a2f-2db4-4f76-adc6-5061d66575f1, group-D53594BA4322, 0, (t:0, i:0))
2023-06-25 20:38:19,603 [grpc-default-executor-2] INFO  impl.VoteContext (VoteContext.java:log(49)) - 52f6f94e-d183-4208-9d90-b23f37a7c382@group-D53594BA4322-FOLLOWER: accept PRE_VOTE from c86d5a2f-2db4-4f76-adc6-5061d66575f1: our priority 0 <= candidate's priority 1
2023-06-25 20:38:19,603 [grpc-default-executor-2] INFO  server.RaftServer$Division (RaftServerImpl.java:requestVote(1335)) - 52f6f94e-d183-4208-9d90-b23f37a7c382@group-D53594BA4322 replies to PRE_VOTE vote request: c86d5a2f-2db4-4f76-adc6-5061d66575f1<-52f6f94e-d183-4208-9d90-b23f37a7c382#0:OK-t0. Peer's state: 52f6f94e-d183-4208-9d90-b23f37a7c382@group-D53594BA4322:t0, leader=null, voted=, raftlog=Memoized:52f6f94e-d183-4208-9d90-b23f37a7c382@group-D53594BA4322-SegmentedRaftLog:OPENED:c-1, conf=-1: peers:[52f6f94e-d183-4208-9d90-b23f37a7c382|rpc:10.1.0.20:15058|admin:10.1.0.20:15057|client:10.1.0.20:15056|dataStream:10.1.0.20:15059|priority:0|startupRole:FOLLOWER, c86d5a2f-2db4-4f76-adc6-5061d66575f1|rpc:10.1.0.20:15067|admin:10.1.0.20:15066|client:10.1.0.20:15065|dataStream:10.1.0.20:15068|priority:1|startupRole:FOLLOWER, 9412d3d0-2519-4c22-9a73-1b5e9d001713|rpc:10.1.0.20:15049|admin:10.1.0.20:15048|client:10.1.0.20:15047|dataStream:10.1.0.20:15050|priority:0|startupRole:FOLLOWER]|listeners:[], old=null
2023-06-25 20:38:19,607 [c86d5a2f-2db4-4f76-adc6-5061d66575f1@group-D53594BA4322-LeaderElection13] INFO  impl.LeaderElection (LeaderElection.java:logAndReturn(90)) - c86d5a2f-2db4-4f76-adc6-5061d66575f1@group-D53594BA4322-LeaderElection13: PRE_VOTE PASSED received 1 response(s) and 0 exception(s):
2023-06-25 20:38:19,608 [c86d5a2f-2db4-4f76-adc6-5061d66575f1@group-D53594BA4322-LeaderElection13] INFO  impl.LeaderElection (LeaderElection.java:logAndReturn(94)) -   Response 0: c86d5a2f-2db4-4f76-adc6-5061d66575f1<-52f6f94e-d183-4208-9d90-b23f37a7c382#0:OK-t0
2023-06-25 20:38:19,608 [c86d5a2f-2db4-4f76-adc6-5061d66575f1@group-D53594BA4322-LeaderElection13] INFO  impl.LeaderElection (LeaderElection.java:askForVotes(323)) - c86d5a2f-2db4-4f76-adc6-5061d66575f1@group-D53594BA4322-LeaderElection13 PRE_VOTE round 0: result PASSED
2023-06-25 20:38:19,611 [c86d5a2f-2db4-4f76-adc6-5061d66575f1@group-D53594BA4322-LeaderElection13] INFO  impl.LeaderElection (LeaderElection.java:askForVotes(321)) - c86d5a2f-2db4-4f76-adc6-5061d66575f1@group-D53594BA4322-LeaderElection13 ELECTION round 0: submit vote requests at term 1 for -1: peers:[52f6f94e-d183-4208-9d90-b23f37a7c382|rpc:10.1.0.20:15058|admin:10.1.0.20:15057|client:10.1.0.20:15056|dataStream:10.1.0.20:15059|priority:0|startupRole:FOLLOWER, c86d5a2f-2db4-4f76-adc6-5061d66575f1|rpc:10.1.0.20:15067|admin:10.1.0.20:15066|client:10.1.0.20:15065|dataStream:10.1.0.20:15068|priority:1|startupRole:FOLLOWER, 9412d3d0-2519-4c22-9a73-1b5e9d001713|rpc:10.1.0.20:15049|admin:10.1.0.20:15048|client:10.1.0.20:15047|dataStream:10.1.0.20:15050|priority:0|startupRole:FOLLOWER]|listeners:[], old=null
2023-06-25 20:38:19,611 [c86d5a2f-2db4-4f76-adc6-5061d66575f1@group-D53594BA4322-LeaderElection13] INFO  server.RaftServerConfigKeys (ConfUtils.java:logFallback(53)) - raft.server.rpc.first-election.timeout.min = 5s (fallback to raft.server.rpc.timeout.min)
2023-06-25 20:38:19,611 [c86d5a2f-2db4-4f76-adc6-5061d66575f1@group-D53594BA4322-LeaderElection13] INFO  server.RaftServerConfigKeys (ConfUtils.java:logFallback(53)) - raft.server.rpc.first-election.timeout.max = 5200ms (fallback to raft.server.rpc.timeout.max)
2023-06-25 20:38:19,613 [grpc-default-executor-2] INFO  server.RaftServer$Division (RaftServerImpl.java:requestVote(1302)) - 9412d3d0-2519-4c22-9a73-1b5e9d001713@group-D53594BA4322: receive requestVote(PRE_VOTE, c86d5a2f-2db4-4f76-adc6-5061d66575f1, group-D53594BA4322, 0, (t:0, i:0))
2023-06-25 20:38:19,614 [grpc-default-executor-2] INFO  impl.VoteContext (VoteContext.java:log(49)) - 9412d3d0-2519-4c22-9a73-1b5e9d001713@group-D53594BA4322-FOLLOWER: accept PRE_VOTE from c86d5a2f-2db4-4f76-adc6-5061d66575f1: our priority 0 <= candidate's priority 1
2023-06-25 20:38:19,614 [grpc-default-executor-2] INFO  server.RaftServer$Division (RaftServerImpl.java:requestVote(1335)) - 9412d3d0-2519-4c22-9a73-1b5e9d001713@group-D53594BA4322 replies to PRE_VOTE vote request: c86d5a2f-2db4-4f76-adc6-5061d66575f1<-9412d3d0-2519-4c22-9a73-1b5e9d001713#0:OK-t0. Peer's state: 9412d3d0-2519-4c22-9a73-1b5e9d001713@group-D53594BA4322:t0, leader=null, voted=, raftlog=Memoized:9412d3d0-2519-4c22-9a73-1b5e9d001713@group-D53594BA4322-SegmentedRaftLog:OPENED:c-1, conf=-1: peers:[52f6f94e-d183-4208-9d90-b23f37a7c382|rpc:10.1.0.20:15058|admin:10.1.0.20:15057|client:10.1.0.20:15056|dataStream:10.1.0.20:15059|priority:0|startupRole:FOLLOWER, c86d5a2f-2db4-4f76-adc6-5061d66575f1|rpc:10.1.0.20:15067|admin:10.1.0.20:15066|client:10.1.0.20:15065|dataStream:10.1.0.20:15068|priority:1|startupRole:FOLLOWER, 9412d3d0-2519-4c22-9a73-1b5e9d001713|rpc:10.1.0.20:15049|admin:10.1.0.20:15048|client:10.1.0.20:15047|dataStream:10.1.0.20:15050|priority:0|startupRole:FOLLOWER]|listeners:[], old=null
2023-06-25 20:38:19,615 [grpc-default-executor-0] INFO  server.RaftServer$Division (RaftServerImpl.java:requestVote(1302)) - 9412d3d0-2519-4c22-9a73-1b5e9d001713@group-D53594BA4322: receive requestVote(ELECTION, c86d5a2f-2db4-4f76-adc6-5061d66575f1, group-D53594BA4322, 1, (t:0, i:0))
2023-06-25 20:38:19,615 [grpc-default-executor-1] INFO  server.RaftServer$Division (RaftServerImpl.java:requestVote(1302)) - 52f6f94e-d183-4208-9d90-b23f37a7c382@group-D53594BA4322: receive requestVote(ELECTION, c86d5a2f-2db4-4f76-adc6-5061d66575f1, group-D53594BA4322, 1, (t:0, i:0))
2023-06-25 20:38:19,615 [grpc-default-executor-0] INFO  impl.VoteContext (VoteContext.java:log(49)) - 9412d3d0-2519-4c22-9a73-1b5e9d001713@group-D53594BA4322-FOLLOWER: accept ELECTION from c86d5a2f-2db4-4f76-adc6-5061d66575f1: our priority 0 <= candidate's priority 1
2023-06-25 20:38:19,615 [grpc-default-executor-1] INFO  impl.VoteContext (VoteContext.java:log(49)) - 52f6f94e-d183-4208-9d90-b23f37a7c382@group-D53594BA4322-FOLLOWER: accept ELECTION from c86d5a2f-2db4-4f76-adc6-5061d66575f1: our priority 0 <= candidate's priority 1
2023-06-25 20:38:19,615 [grpc-default-executor-0] INFO  server.RaftServer$Division (RaftServerImpl.java:setRole(329)) - 9412d3d0-2519-4c22-9a73-1b5e9d001713@group-D53594BA4322: changes role from  FOLLOWER to FOLLOWER at term 1 for candidate:c86d5a2f-2db4-4f76-adc6-5061d66575f1
2023-06-25 20:38:19,615 [grpc-default-executor-1] INFO  server.RaftServer$Division (RaftServerImpl.java:setRole(329)) - 52f6f94e-d183-4208-9d90-b23f37a7c382@group-D53594BA4322: changes role from  FOLLOWER to FOLLOWER at term 1 for candidate:c86d5a2f-2db4-4f76-adc6-5061d66575f1
2023-06-25 20:38:19,615 [grpc-default-executor-0] INFO  impl.RoleInfo (RoleInfo.java:shutdownFollowerState(110)) - 9412d3d0-2519-4c22-9a73-1b5e9d001713: shutdown 9412d3d0-2519-4c22-9a73-1b5e9d001713@group-D53594BA4322-FollowerState
2023-06-25 20:38:19,615 [grpc-default-executor-1] INFO  impl.RoleInfo (RoleInfo.java:shutdownFollowerState(110)) - 52f6f94e-d183-4208-9d90-b23f37a7c382: shutdown 52f6f94e-d183-4208-9d90-b23f37a7c382@group-D53594BA4322-FollowerState
2023-06-25 20:38:19,617 [grpc-default-executor-1] INFO  impl.RoleInfo (RoleInfo.java:updateAndGet(139)) - 52f6f94e-d183-4208-9d90-b23f37a7c382: start 52f6f94e-d183-4208-9d90-b23f37a7c382@group-D53594BA4322-FollowerState
2023-06-25 20:38:19,616 [grpc-default-executor-0] INFO  impl.RoleInfo (RoleInfo.java:updateAndGet(139)) - 9412d3d0-2519-4c22-9a73-1b5e9d001713: start 9412d3d0-2519-4c22-9a73-1b5e9d001713@group-D53594BA4322-FollowerState
2023-06-25 20:38:19,617 [52f6f94e-d183-4208-9d90-b23f37a7c382@group-D53594BA4322-FollowerState] INFO  impl.FollowerState (FollowerState.java:run(152)) - 52f6f94e-d183-4208-9d90-b23f37a7c382@group-D53594BA4322-FollowerState was interrupted
2023-06-25 20:38:19,621 [9412d3d0-2519-4c22-9a73-1b5e9d001713@group-D53594BA4322-FollowerState] INFO  impl.FollowerState (FollowerState.java:run(152)) - 9412d3d0-2519-4c22-9a73-1b5e9d001713@group-D53594BA4322-FollowerState was interrupted
2023-06-25 20:38:19,624 [grpc-default-executor-0] INFO  server.RaftServer$Division (RaftServerImpl.java:requestVote(1335)) - 9412d3d0-2519-4c22-9a73-1b5e9d001713@group-D53594BA4322 replies to ELECTION vote request: c86d5a2f-2db4-4f76-adc6-5061d66575f1<-9412d3d0-2519-4c22-9a73-1b5e9d001713#0:OK-t1. Peer's state: 9412d3d0-2519-4c22-9a73-1b5e9d001713@group-D53594BA4322:t1, leader=null, voted=c86d5a2f-2db4-4f76-adc6-5061d66575f1, raftlog=Memoized:9412d3d0-2519-4c22-9a73-1b5e9d001713@group-D53594BA4322-SegmentedRaftLog:OPENED:c-1, conf=-1: peers:[52f6f94e-d183-4208-9d90-b23f37a7c382|rpc:10.1.0.20:15058|admin:10.1.0.20:15057|client:10.1.0.20:15056|dataStream:10.1.0.20:15059|priority:0|startupRole:FOLLOWER, c86d5a2f-2db4-4f76-adc6-5061d66575f1|rpc:10.1.0.20:15067|admin:10.1.0.20:15066|client:10.1.0.20:15065|dataStream:10.1.0.20:15068|priority:1|startupRole:FOLLOWER, 9412d3d0-2519-4c22-9a73-1b5e9d001713|rpc:10.1.0.20:15049|admin:10.1.0.20:15048|client:10.1.0.20:15047|dataStream:10.1.0.20:15050|priority:0|startupRole:FOLLOWER]|listeners:[], old=null
2023-06-25 20:38:19,625 [grpc-default-executor-1] INFO  server.RaftServer$Division (RaftServerImpl.java:requestVote(1335)) - 52f6f94e-d183-4208-9d90-b23f37a7c382@group-D53594BA4322 replies to ELECTION vote request: c86d5a2f-2db4-4f76-adc6-5061d66575f1<-52f6f94e-d183-4208-9d90-b23f37a7c382#0:OK-t1. Peer's state: 52f6f94e-d183-4208-9d90-b23f37a7c382@group-D53594BA4322:t1, leader=null, voted=c86d5a2f-2db4-4f76-adc6-5061d66575f1, raftlog=Memoized:52f6f94e-d183-4208-9d90-b23f37a7c382@group-D53594BA4322-SegmentedRaftLog:OPENED:c-1, conf=-1: peers:[52f6f94e-d183-4208-9d90-b23f37a7c382|rpc:10.1.0.20:15058|admin:10.1.0.20:15057|client:10.1.0.20:15056|dataStream:10.1.0.20:15059|priority:0|startupRole:FOLLOWER, c86d5a2f-2db4-4f76-adc6-5061d66575f1|rpc:10.1.0.20:15067|admin:10.1.0.20:15066|client:10.1.0.20:15065|dataStream:10.1.0.20:15068|priority:1|startupRole:FOLLOWER, 9412d3d0-2519-4c22-9a73-1b5e9d001713|rpc:10.1.0.20:15049|admin:10.1.0.20:15048|client:10.1.0.20:15047|dataStream:10.1.0.20:15050|priority:0|startupRole:FOLLOWER]|listeners:[], old=null
2023-06-25 20:38:19,626 [c86d5a2f-2db4-4f76-adc6-5061d66575f1@group-D53594BA4322-LeaderElection13] INFO  impl.LeaderElection (LeaderElection.java:logAndReturn(90)) - c86d5a2f-2db4-4f76-adc6-5061d66575f1@group-D53594BA4322-LeaderElection13: ELECTION PASSED received 1 response(s) and 0 exception(s):
2023-06-25 20:38:19,626 [c86d5a2f-2db4-4f76-adc6-5061d66575f1@group-D53594BA4322-LeaderElection13] INFO  impl.LeaderElection (LeaderElection.java:logAndReturn(94)) -   Response 0: c86d5a2f-2db4-4f76-adc6-5061d66575f1<-9412d3d0-2519-4c22-9a73-1b5e9d001713#0:OK-t1
2023-06-25 20:38:19,626 [c86d5a2f-2db4-4f76-adc6-5061d66575f1@group-D53594BA4322-LeaderElection13] INFO  impl.LeaderElection (LeaderElection.java:askForVotes(323)) - c86d5a2f-2db4-4f76-adc6-5061d66575f1@group-D53594BA4322-LeaderElection13 ELECTION round 0: result PASSED
2023-06-25 20:38:19,626 [c86d5a2f-2db4-4f76-adc6-5061d66575f1@group-D53594BA4322-LeaderElection13] INFO  impl.RoleInfo (RoleInfo.java:shutdownLeaderElection(130)) - c86d5a2f-2db4-4f76-adc6-5061d66575f1: shutdown c86d5a2f-2db4-4f76-adc6-5061d66575f1@group-D53594BA4322-LeaderElection13
2023-06-25 20:38:19,626 [c86d5a2f-2db4-4f76-adc6-5061d66575f1@group-D53594BA4322-LeaderElection13] INFO  server.RaftServer$Division (RaftServerImpl.java:setRole(329)) - c86d5a2f-2db4-4f76-adc6-5061d66575f1@group-D53594BA4322: changes role from CANDIDATE to LEADER at term 1 for changeToLeader
2023-06-25 20:38:19,626 [c86d5a2f-2db4-4f76-adc6-5061d66575f1@group-D53594BA4322-LeaderElection13] INFO  ratis.XceiverServerRatis (XceiverServerRatis.java:handleLeaderChangedNotification(902)) - Leader change notification received for group: group-D53594BA4322 with new leaderId: c86d5a2f-2db4-4f76-adc6-5061d66575f1
2023-06-25 20:38:19,626 [c86d5a2f-2db4-4f76-adc6-5061d66575f1@group-D53594BA4322-LeaderElection13] INFO  server.RaftServer$Division (ServerState.java:setLeader(317)) - c86d5a2f-2db4-4f76-adc6-5061d66575f1@group-D53594BA4322: change Leader from null to c86d5a2f-2db4-4f76-adc6-5061d66575f1 at term 1 for becomeLeader, leader elected after 5528ms
2023-06-25 20:38:19,627 [c86d5a2f-2db4-4f76-adc6-5061d66575f1@group-D53594BA4322-LeaderElection13] INFO  server.RaftServerConfigKeys (ConfUtils.java:logGet(46)) - raft.server.staging.catchup.gap = 1000 (default)
2023-06-25 20:38:19,627 [c86d5a2f-2db4-4f76-adc6-5061d66575f1@group-D53594BA4322-LeaderElection13] INFO  server.RaftServerConfigKeys (ConfUtils.java:logGet(46)) - raft.server.write.element-limit = 1024 (custom)
2023-06-25 20:38:19,627 [c86d5a2f-2db4-4f76-adc6-5061d66575f1@group-D53594BA4322-LeaderElection13] INFO  server.RaftServerConfigKeys (ConfUtils.java:logGet(46)) - raft.server.write.byte-limit = 1024 M (=1073741824) (custom)
2023-06-25 20:38:19,627 [c86d5a2f-2db4-4f76-adc6-5061d66575f1@group-D53594BA4322-LeaderElection13] INFO  server.RaftServerConfigKeys (ConfUtils.java:logGet(46)) - raft.server.watch.timeout = 180s (custom)
2023-06-25 20:38:19,627 [c86d5a2f-2db4-4f76-adc6-5061d66575f1@group-D53594BA4322-LeaderElection13] INFO  server.RaftServerConfigKeys (ConfUtils.java:logGet(46)) - raft.server.watch.timeout.denomination = 1s (default)
2023-06-25 20:38:19,627 [c86d5a2f-2db4-4f76-adc6-5061d66575f1@group-D53594BA4322-LeaderElection13] INFO  server.RaftServerConfigKeys (ConfUtils.java:logGet(46)) - raft.server.watch.element-limit = 65536 (default)
2023-06-25 20:38:19,627 [c86d5a2f-2db4-4f76-adc6-5061d66575f1@group-D53594BA4322-LeaderElection13] INFO  server.RaftServerConfigKeys (ConfUtils.java:logGet(46)) - raft.server.write.element-limit = 1024 (custom)
2023-06-25 20:38:19,627 [c86d5a2f-2db4-4f76-adc6-5061d66575f1@group-D53594BA4322-LeaderElection13] INFO  server.RaftServerConfigKeys (ConfUtils.java:logGet(46)) - raft.server.write.follower.gap.ratio.max = -1.0 (default)
2023-06-25 20:38:19,628 [c86d5a2f-2db4-4f76-adc6-5061d66575f1@group-D53594BA4322-LeaderElection13] INFO  server.RaftServerConfigKeys (ConfUtils.java:logGet(46)) - raft.server.log.appender.snapshot.chunk.size.max = 16MB (=16777216) (default)
2023-06-25 20:38:19,628 [c86d5a2f-2db4-4f76-adc6-5061d66575f1@group-D53594BA4322-LeaderElection13] INFO  server.RaftServerConfigKeys (ConfUtils.java:logGet(46)) - raft.server.log.appender.buffer.byte-limit = 33554432 (custom)
2023-06-25 20:38:19,628 [c86d5a2f-2db4-4f76-adc6-5061d66575f1@group-D53594BA4322-LeaderElection13] INFO  server.RaftServerConfigKeys (ConfUtils.java:logGet(46)) - raft.server.log.appender.buffer.element-limit = 1 (custom)
2023-06-25 20:38:19,628 [EventQueue-PipelineReportForPipelineReportHandler] INFO  pipeline.PipelineManagerImpl (PipelineManagerImpl.java:openPipeline(381)) - Pipeline Pipeline[ Id: 7342d943-a4f5-4b27-9be9-d53594ba4322, Nodes: 52f6f94e-d183-4208-9d90-b23f37a7c382(fv-az808-130.wa3tte2ragoufbcbawjciesdkc.bx.internal.cloudapp.net/10.1.0.20)c86d5a2f-2db4-4f76-adc6-5061d66575f1(fv-az808-130.wa3tte2ragoufbcbawjciesdkc.bx.internal.cloudapp.net/10.1.0.20)9412d3d0-2519-4c22-9a73-1b5e9d001713(fv-az808-130.wa3tte2ragoufbcbawjciesdkc.bx.internal.cloudapp.net/10.1.0.20), ReplicationConfig: RATIS/THREE, State:ALLOCATED, leaderId:c86d5a2f-2db4-4f76-adc6-5061d66575f1, CreationTimestamp2023-06-25T20:38:11.711Z[Etc/UTC]] moved to OPEN state
2023-06-25 20:38:19,628 [EventQueue-OpenPipelineForHealthyPipelineSafeModeRule] INFO  safemode.SCMSafeModeManager (HealthyPipelineSafeModeRule.java:process(137)) - SCM in safe mode. Healthy pipelines reported count is 1, required healthy pipeline reported count is 1
2023-06-25 20:38:19,628 [EventQueue-OpenPipelineForHealthyPipelineSafeModeRule] INFO  safemode.SCMSafeModeManager (SCMSafeModeManager.java:validateSafeModeExitRules(200)) - HealthyPipelineSafeModeRule rule is successfully validated
2023-06-25 20:38:19,628 [EventQueue-OpenPipelineForHealthyPipelineSafeModeRule] INFO  safemode.SCMSafeModeManager (SCMSafeModeManager.java:validateSafeModeExitRules(215)) - ScmSafeModeManager, all rules are successfully validated
2023-06-25 20:38:19,628 [EventQueue-OpenPipelineForHealthyPipelineSafeModeRule] INFO  safemode.SCMSafeModeManager (SCMSafeModeManager.java:exitSafeMode(244)) - SCM exiting safe mode.
2023-06-25 20:38:19,629 [EventQueue-OpenPipelineForHealthyPipelineSafeModeRule] INFO  ha.SCMContext (SCMContext.java:updateSafeModeStatus(228)) - Update SafeModeStatus from SafeModeStatus{safeModeStatus=true, preCheckPassed=true} to SafeModeStatus{safeModeStatus=false, preCheckPassed=true}.
2023-06-25 20:38:19,629 [EventQueue-OpenPipelineForHealthyPipelineSafeModeRule] INFO  pipeline.BackgroundPipelineCreator (BackgroundPipelineCreator.java:notifyStatusChanged(254)) - Service BackgroundPipelineCreator transitions to RUNNING.
2023-06-25 20:38:19,629 [EventQueue-OpenPipelineForHealthyPipelineSafeModeRule] INFO  BackgroundPipelineScrubber (BackgroundSCMService.java:notifyStatusChanged(82)) - Service BackgroundPipelineScrubber transitions to RUNNING.
2023-06-25 20:38:19,629 [EventQueue-OpenPipelineForHealthyPipelineSafeModeRule] INFO  ExpiredContainerReplicaOpScrubber (BackgroundSCMService.java:notifyStatusChanged(82)) - Service ExpiredContainerReplicaOpScrubber transitions to RUNNING.
2023-06-25 20:38:19,629 [EventQueue-OpenPipelineForHealthyPipelineSafeModeRule] INFO  replication.ReplicationManager (ReplicationManager.java:notifyStatusChanged(1367)) - Service ReplicationManager transitions to RUNNING.
2023-06-25 20:38:19,629 [EventQueue-OpenPipelineForHealthyPipelineSafeModeRule] WARN  balancer.ContainerBalancer (ContainerBalancer.java:shouldRun(135)) - Could not find persisted configuration for ContainerBalancer when checking if ContainerBalancer should run. ContainerBalancer should not run now.
2023-06-25 20:38:19,628 [c86d5a2f-2db4-4f76-adc6-5061d66575f1@group-D53594BA4322-LeaderElection13] INFO  server.RaftServerConfigKeys (ConfUtils.java:logGet(46)) - raft.server.log.appender.wait-time.min = 10ms (default)
2023-06-25 20:38:19,642 [c86d5a2f-2db4-4f76-adc6-5061d66575f1@group-D53594BA4322-LeaderElection13] INFO  grpc.GrpcConfigKeys (ConfUtils.java:logGet(46)) - raft.grpc.server.leader.outstanding.appends.max = 128 (default)
2023-06-25 20:38:19,642 [c86d5a2f-2db4-4f76-adc6-5061d66575f1@group-D53594BA4322-LeaderElection13] INFO  server.RaftServerConfigKeys (ConfUtils.java:logGet(46)) - raft.server.rpc.request.timeout = 60s (custom)
2023-06-25 20:38:19,642 [c86d5a2f-2db4-4f76-adc6-5061d66575f1@group-D53594BA4322-LeaderElection13] INFO  grpc.GrpcConfigKeys (ConfUtils.java:logGet(46)) - raft.grpc.server.install_snapshot.request.element-limit = 8 (default)
2023-06-25 20:38:19,642 [c86d5a2f-2db4-4f76-adc6-5061d66575f1@group-D53594BA4322-LeaderElection13] INFO  grpc.GrpcConfigKeys (ConfUtils.java:logGet(46)) - raft.grpc.server.install_snapshot.request.timeout = 3000ms (default)
2023-06-25 20:38:19,642 [c86d5a2f-2db4-4f76-adc6-5061d66575f1@group-D53594BA4322-LeaderElection13] INFO  server.RaftServerConfigKeys (ConfUtils.java:logGet(46)) - raft.server.log.appender.install.snapshot.enabled = false (custom)
2023-06-25 20:38:19,642 [c86d5a2f-2db4-4f76-adc6-5061d66575f1@group-D53594BA4322-LeaderElection13] INFO  grpc.GrpcConfigKeys (ConfUtils.java:logGet(46)) - raft.grpc.server.heartbeat.channel = true (default)
2023-06-25 20:38:19,643 [c86d5a2f-2db4-4f76-adc6-5061d66575f1@group-D53594BA4322-LeaderElection13] INFO  server.RaftServerConfigKeys (ConfUtils.java:logGet(46)) - raft.server.log.appender.snapshot.chunk.size.max = 16MB (=16777216) (default)
2023-06-25 20:38:19,643 [c86d5a2f-2db4-4f76-adc6-5061d66575f1@group-D53594BA4322-LeaderElection13] INFO  server.RaftServerConfigKeys (ConfUtils.java:logGet(46)) - raft.server.log.appender.buffer.byte-limit = 33554432 (custom)
2023-06-25 20:38:19,643 [c86d5a2f-2db4-4f76-adc6-5061d66575f1@group-D53594BA4322-LeaderElection13] INFO  server.RaftServerConfigKeys (ConfUtils.java:logGet(46)) - raft.server.log.appender.buffer.element-limit = 1 (custom)
2023-06-25 20:38:19,643 [c86d5a2f-2db4-4f76-adc6-5061d66575f1@group-D53594BA4322-LeaderElection13] INFO  server.RaftServerConfigKeys (ConfUtils.java:logGet(46)) - raft.server.log.appender.wait-time.min = 10ms (default)
2023-06-25 20:38:19,643 [c86d5a2f-2db4-4f76-adc6-5061d66575f1@group-D53594BA4322-LeaderElection13] INFO  grpc.GrpcConfigKeys (ConfUtils.java:logGet(46)) - raft.grpc.server.leader.outstanding.appends.max = 128 (default)
2023-06-25 20:38:19,644 [c86d5a2f-2db4-4f76-adc6-5061d66575f1@group-D53594BA4322-LeaderElection13] INFO  server.RaftServerConfigKeys (ConfUtils.java:logGet(46)) - raft.server.rpc.request.timeout = 60s (custom)
2023-06-25 20:38:19,644 [c86d5a2f-2db4-4f76-adc6-5061d66575f1@group-D53594BA4322-LeaderElection13] INFO  grpc.GrpcConfigKeys (ConfUtils.java:logGet(46)) - raft.grpc.server.install_snapshot.request.element-limit = 8 (default)
2023-06-25 20:38:19,644 [c86d5a2f-2db4-4f76-adc6-5061d66575f1@group-D53594BA4322-LeaderElection13] INFO  grpc.GrpcConfigKeys (ConfUtils.java:logGet(46)) - raft.grpc.server.install_snapshot.request.timeout = 3000ms (default)
2023-06-25 20:38:19,644 [c86d5a2f-2db4-4f76-adc6-5061d66575f1@group-D53594BA4322-LeaderElection13] INFO  server.RaftServerConfigKeys (ConfUtils.java:logGet(46)) - raft.server.log.appender.install.snapshot.enabled = false (custom)
2023-06-25 20:38:19,644 [c86d5a2f-2db4-4f76-adc6-5061d66575f1@group-D53594BA4322-LeaderElection13] INFO  grpc.GrpcConfigKeys (ConfUtils.java:logGet(46)) - raft.grpc.server.heartbeat.channel = true (default)
2023-06-25 20:38:19,644 [c86d5a2f-2db4-4f76-adc6-5061d66575f1@group-D53594BA4322-LeaderElection13] INFO  impl.RoleInfo (RoleInfo.java:updateAndGet(139)) - c86d5a2f-2db4-4f76-adc6-5061d66575f1: start c86d5a2f-2db4-4f76-adc6-5061d66575f1@group-D53594BA4322-LeaderStateImpl
2023-06-25 20:38:19,644 [c86d5a2f-2db4-4f76-adc6-5061d66575f1@group-D53594BA4322-LeaderElection13] INFO  segmented.SegmentedRaftLogWorker (SegmentedRaftLogWorker.java:startLogSegment(447)) - c86d5a2f-2db4-4f76-adc6-5061d66575f1@group-D53594BA4322-SegmentedRaftLogWorker: Starting segment from index:0
2023-06-25 20:38:19,646 [c86d5a2f-2db4-4f76-adc6-5061d66575f1@group-D53594BA4322-LeaderElection13] INFO  server.RaftServer$Division (ServerState.java:setRaftConf(434)) - c86d5a2f-2db4-4f76-adc6-5061d66575f1@group-D53594BA4322: set configuration 0: peers:[52f6f94e-d183-4208-9d90-b23f37a7c382|rpc:10.1.0.20:15058|admin:10.1.0.20:15057|client:10.1.0.20:15056|dataStream:10.1.0.20:15059|priority:0|startupRole:FOLLOWER, c86d5a2f-2db4-4f76-adc6-5061d66575f1|rpc:10.1.0.20:15067|admin:10.1.0.20:15066|client:10.1.0.20:15065|dataStream:10.1.0.20:15068|priority:1|startupRole:FOLLOWER, 9412d3d0-2519-4c22-9a73-1b5e9d001713|rpc:10.1.0.20:15049|admin:10.1.0.20:15048|client:10.1.0.20:15047|dataStream:10.1.0.20:15050|priority:0|startupRole:FOLLOWER]|listeners:[], old=null
2023-06-25 20:38:19,649 [c86d5a2f-2db4-4f76-adc6-5061d66575f1@group-D53594BA4322-SegmentedRaftLogWorker] INFO  segmented.SegmentedRaftLogWorker (SegmentedRaftLogWorker.java:execute(651)) - c86d5a2f-2db4-4f76-adc6-5061d66575f1@group-D53594BA4322-SegmentedRaftLogWorker: created new log segment /home/runner/work/ozone/ozone/hadoop-ozone/integration-test/target/test-dir/MiniOzoneClusterImpl-a52b7a0b-0bee-460e-a951-14c7f8ebc071/datanode-2/data/ratis/7342d943-a4f5-4b27-9be9-d53594ba4322/current/log_inprogress_0
2023-06-25 20:38:19,656 [52f6f94e-d183-4208-9d90-b23f37a7c382@group-6BBE77A876E9-FollowerState] INFO  impl.FollowerState (FollowerState.java:run(143)) - 52f6f94e-d183-4208-9d90-b23f37a7c382@group-6BBE77A876E9-FollowerState: change to CANDIDATE, lastRpcElapsedTime:5066534313ns, electionTimeout:5059ms
2023-06-25 20:38:19,656 [52f6f94e-d183-4208-9d90-b23f37a7c382@group-6BBE77A876E9-FollowerState] INFO  impl.RoleInfo (RoleInfo.java:shutdownFollowerState(110)) - 52f6f94e-d183-4208-9d90-b23f37a7c382: shutdown 52f6f94e-d183-4208-9d90-b23f37a7c382@group-6BBE77A876E9-FollowerState
2023-06-25 20:38:19,656 [52f6f94e-d183-4208-9d90-b23f37a7c382@group-6BBE77A876E9-FollowerState] INFO  server.RaftServer$Division (RaftServerImpl.java:setRole(329)) - 52f6f94e-d183-4208-9d90-b23f37a7c382@group-6BBE77A876E9: changes role from  FOLLOWER to CANDIDATE at term 0 for changeToCandidate
2023-06-25 20:38:19,657 [52f6f94e-d183-4208-9d90-b23f37a7c382@group-6BBE77A876E9-FollowerState] INFO  server.RaftServerConfigKeys (ConfUtils.java:logGet(46)) - raft.server.leaderelection.pre-vote = true (default)
2023-06-25 20:38:19,657 [52f6f94e-d183-4208-9d90-b23f37a7c382@group-6BBE77A876E9-FollowerState] INFO  impl.RoleInfo (RoleInfo.java:updateAndGet(139)) - 52f6f94e-d183-4208-9d90-b23f37a7c382: start 52f6f94e-d183-4208-9d90-b23f37a7c382@group-6BBE77A876E9-LeaderElection14
2023-06-25 20:38:19,659 [52f6f94e-d183-4208-9d90-b23f37a7c382@group-6BBE77A876E9-LeaderElection14] INFO  impl.LeaderElection (LeaderElection.java:askForVotes(321)) - 52f6f94e-d183-4208-9d90-b23f37a7c382@group-6BBE77A876E9-LeaderElection14 PRE_VOTE round 0: submit vote requests at term 0 for -1: peers:[52f6f94e-d183-4208-9d90-b23f37a7c382|rpc:10.1.0.20:15058|admin:10.1.0.20:15057|client:10.1.0.20:15056|dataStream:10.1.0.20:15059|priority:1|startupRole:FOLLOWER]|listeners:[], old=null
2023-06-25 20:38:19,659 [52f6f94e-d183-4208-9d90-b23f37a7c382@group-6BBE77A876E9-LeaderElection14] INFO  impl.LeaderElection (LeaderElection.java:askForVotes(323)) - 52f6f94e-d183-4208-9d90-b23f37a7c382@group-6BBE77A876E9-LeaderElection14 PRE_VOTE round 0: result PASSED (term=0)
2023-06-25 20:38:19,660 [52f6f94e-d183-4208-9d90-b23f37a7c382@group-6BBE77A876E9-LeaderElection14] INFO  impl.LeaderElection (LeaderElection.java:askForVotes(321)) - 52f6f94e-d183-4208-9d90-b23f37a7c382@group-6BBE77A876E9-LeaderElection14 ELECTION round 0: submit vote requests at term 1 for -1: peers:[52f6f94e-d183-4208-9d90-b23f37a7c382|rpc:10.1.0.20:15058|admin:10.1.0.20:15057|client:10.1.0.20:15056|dataStream:10.1.0.20:15059|priority:1|startupRole:FOLLOWER]|listeners:[], old=null
2023-06-25 20:38:19,660 [52f6f94e-d183-4208-9d90-b23f37a7c382@group-6BBE77A876E9-LeaderElection14] INFO  impl.LeaderElection (LeaderElection.java:askForVotes(323)) - 52f6f94e-d183-4208-9d90-b23f37a7c382@group-6BBE77A876E9-LeaderElection14 ELECTION round 0: result PASSED (term=1)
2023-06-25 20:38:19,660 [52f6f94e-d183-4208-9d90-b23f37a7c382@group-6BBE77A876E9-LeaderElection14] INFO  impl.RoleInfo (RoleInfo.java:shutdownLeaderElection(130)) - 52f6f94e-d183-4208-9d90-b23f37a7c382: shutdown 52f6f94e-d183-4208-9d90-b23f37a7c382@group-6BBE77A876E9-LeaderElection14
2023-06-25 20:38:19,660 [52f6f94e-d183-4208-9d90-b23f37a7c382@group-6BBE77A876E9-LeaderElection14] INFO  server.RaftServer$Division (RaftServerImpl.java:setRole(329)) - 52f6f94e-d183-4208-9d90-b23f37a7c382@group-6BBE77A876E9: changes role from CANDIDATE to LEADER at term 1 for changeToLeader
2023-06-25 20:38:19,660 [52f6f94e-d183-4208-9d90-b23f37a7c382@group-6BBE77A876E9-LeaderElection14] INFO  ratis.XceiverServerRatis (XceiverServerRatis.java:handleLeaderChangedNotification(902)) - Leader change notification received for group: group-6BBE77A876E9 with new leaderId: 52f6f94e-d183-4208-9d90-b23f37a7c382
2023-06-25 20:38:19,661 [52f6f94e-d183-4208-9d90-b23f37a7c382@group-6BBE77A876E9-LeaderElection14] INFO  server.RaftServer$Division (ServerState.java:setLeader(317)) - 52f6f94e-d183-4208-9d90-b23f37a7c382@group-6BBE77A876E9: change Leader from null to 52f6f94e-d183-4208-9d90-b23f37a7c382 at term 1 for becomeLeader, leader elected after 5116ms
2023-06-25 20:38:19,661 [52f6f94e-d183-4208-9d90-b23f37a7c382@group-6BBE77A876E9-LeaderElection14] INFO  server.RaftServerConfigKeys (ConfUtils.java:logGet(46)) - raft.server.staging.catchup.gap = 1000 (default)
2023-06-25 20:38:19,661 [52f6f94e-d183-4208-9d90-b23f37a7c382@group-6BBE77A876E9-LeaderElection14] INFO  server.RaftServerConfigKeys (ConfUtils.java:logGet(46)) - raft.server.write.element-limit = 1024 (custom)
2023-06-25 20:38:19,661 [52f6f94e-d183-4208-9d90-b23f37a7c382@group-6BBE77A876E9-LeaderElection14] INFO  server.RaftServerConfigKeys (ConfUtils.java:logGet(46)) - raft.server.write.byte-limit = 1024 M (=1073741824) (custom)
2023-06-25 20:38:19,662 [52f6f94e-d183-4208-9d90-b23f37a7c382@group-6BBE77A876E9-LeaderElection14] INFO  server.RaftServerConfigKeys (ConfUtils.java:logGet(46)) - raft.server.watch.timeout = 180s (custom)
2023-06-25 20:38:19,662 [52f6f94e-d183-4208-9d90-b23f37a7c382@group-6BBE77A876E9-LeaderElection14] INFO  server.RaftServerConfigKeys (ConfUtils.java:logGet(46)) - raft.server.watch.timeout.denomination = 1s (default)
2023-06-25 20:38:19,662 [52f6f94e-d183-4208-9d90-b23f37a7c382@group-6BBE77A876E9-LeaderElection14] INFO  server.RaftServerConfigKeys (ConfUtils.java:logGet(46)) - raft.server.watch.element-limit = 65536 (default)
2023-06-25 20:38:19,662 [52f6f94e-d183-4208-9d90-b23f37a7c382@group-6BBE77A876E9-LeaderElection14] INFO  server.RaftServerConfigKeys (ConfUtils.java:logGet(46)) - raft.server.write.element-limit = 1024 (custom)
2023-06-25 20:38:19,662 [52f6f94e-d183-4208-9d90-b23f37a7c382@group-6BBE77A876E9-LeaderElection14] INFO  server.RaftServerConfigKeys (ConfUtils.java:logGet(46)) - raft.server.write.follower.gap.ratio.max = -1.0 (default)
2023-06-25 20:38:19,662 [52f6f94e-d183-4208-9d90-b23f37a7c382@group-6BBE77A876E9-LeaderElection14] INFO  impl.RoleInfo (RoleInfo.java:updateAndGet(139)) - 52f6f94e-d183-4208-9d90-b23f37a7c382: start 52f6f94e-d183-4208-9d90-b23f37a7c382@group-6BBE77A876E9-LeaderStateImpl
2023-06-25 20:38:19,663 [52f6f94e-d183-4208-9d90-b23f37a7c382@group-6BBE77A876E9-LeaderElection14] INFO  segmented.SegmentedRaftLogWorker (SegmentedRaftLogWorker.java:startLogSegment(447)) - 52f6f94e-d183-4208-9d90-b23f37a7c382@group-6BBE77A876E9-SegmentedRaftLogWorker: Starting segment from index:0
2023-06-25 20:38:19,665 [52f6f94e-d183-4208-9d90-b23f37a7c382@group-6BBE77A876E9-LeaderElection14] INFO  server.RaftServer$Division (ServerState.java:setRaftConf(434)) - 52f6f94e-d183-4208-9d90-b23f37a7c382@group-6BBE77A876E9: set configuration 0: peers:[52f6f94e-d183-4208-9d90-b23f37a7c382|rpc:10.1.0.20:15058|admin:10.1.0.20:15057|client:10.1.0.20:15056|dataStream:10.1.0.20:15059|priority:1|startupRole:FOLLOWER]|listeners:[], old=null
2023-06-25 20:38:19,673 [52f6f94e-d183-4208-9d90-b23f37a7c382-server-thread1] INFO  ratis.XceiverServerRatis (XceiverServerRatis.java:handleLeaderChangedNotification(902)) - Leader change notification received for group: group-D53594BA4322 with new leaderId: c86d5a2f-2db4-4f76-adc6-5061d66575f1
2023-06-25 20:38:19,673 [52f6f94e-d183-4208-9d90-b23f37a7c382@group-6BBE77A876E9-SegmentedRaftLogWorker] INFO  segmented.SegmentedRaftLogWorker (SegmentedRaftLogWorker.java:execute(651)) - 52f6f94e-d183-4208-9d90-b23f37a7c382@group-6BBE77A876E9-SegmentedRaftLogWorker: created new log segment /home/runner/work/ozone/ozone/hadoop-ozone/integration-test/target/test-dir/MiniOzoneClusterImpl-a52b7a0b-0bee-460e-a951-14c7f8ebc071/datanode-1/data/ratis/a7fbe15d-68f2-49ac-8438-6bbe77a876e9/current/log_inprogress_0
2023-06-25 20:38:19,674 [52f6f94e-d183-4208-9d90-b23f37a7c382-server-thread1] INFO  server.RaftServer$Division (ServerState.java:setLeader(317)) - 52f6f94e-d183-4208-9d90-b23f37a7c382@group-D53594BA4322: change Leader from null to c86d5a2f-2db4-4f76-adc6-5061d66575f1 at term 1 for appendEntries, leader elected after 5626ms
2023-06-25 20:38:19,681 [52f6f94e-d183-4208-9d90-b23f37a7c382-server-thread1] INFO  server.RaftServer$Division (ServerState.java:setRaftConf(434)) - 52f6f94e-d183-4208-9d90-b23f37a7c382@group-D53594BA4322: set configuration 0: peers:[52f6f94e-d183-4208-9d90-b23f37a7c382|rpc:10.1.0.20:15058|admin:10.1.0.20:15057|client:10.1.0.20:15056|dataStream:10.1.0.20:15059|priority:0|startupRole:FOLLOWER, c86d5a2f-2db4-4f76-adc6-5061d66575f1|rpc:10.1.0.20:15067|admin:10.1.0.20:15066|client:10.1.0.20:15065|dataStream:10.1.0.20:15068|priority:1|startupRole:FOLLOWER, 9412d3d0-2519-4c22-9a73-1b5e9d001713|rpc:10.1.0.20:15049|admin:10.1.0.20:15048|client:10.1.0.20:15047|dataStream:10.1.0.20:15050|priority:0|startupRole:FOLLOWER]|listeners:[], old=null
2023-06-25 20:38:19,682 [52f6f94e-d183-4208-9d90-b23f37a7c382-server-thread1] INFO  segmented.SegmentedRaftLogWorker (SegmentedRaftLogWorker.java:startLogSegment(447)) - 52f6f94e-d183-4208-9d90-b23f37a7c382@group-D53594BA4322-SegmentedRaftLogWorker: Starting segment from index:0
2023-06-25 20:38:19,687 [9412d3d0-2519-4c22-9a73-1b5e9d001713-server-thread2] INFO  ratis.XceiverServerRatis (XceiverServerRatis.java:handleLeaderChangedNotification(902)) - Leader change notification received for group: group-D53594BA4322 with new leaderId: c86d5a2f-2db4-4f76-adc6-5061d66575f1
2023-06-25 20:38:19,687 [9412d3d0-2519-4c22-9a73-1b5e9d001713-server-thread2] INFO  server.RaftServer$Division (ServerState.java:setLeader(317)) - 9412d3d0-2519-4c22-9a73-1b5e9d001713@group-D53594BA4322: change Leader from null to c86d5a2f-2db4-4f76-adc6-5061d66575f1 at term 1 for appendEntries, leader elected after 5680ms
2023-06-25 20:38:19,687 [52f6f94e-d183-4208-9d90-b23f37a7c382@group-D53594BA4322-SegmentedRaftLogWorker] INFO  segmented.SegmentedRaftLogWorker (SegmentedRaftLogWorker.java:execute(651)) - 52f6f94e-d183-4208-9d90-b23f37a7c382@group-D53594BA4322-SegmentedRaftLogWorker: created new log segment /home/runner/work/ozone/ozone/hadoop-ozone/integration-test/target/test-dir/MiniOzoneClusterImpl-a52b7a0b-0bee-460e-a951-14c7f8ebc071/datanode-1/data/ratis/7342d943-a4f5-4b27-9be9-d53594ba4322/current/log_inprogress_0
2023-06-25 20:38:19,693 [9412d3d0-2519-4c22-9a73-1b5e9d001713-server-thread2] INFO  server.RaftServer$Division (ServerState.java:setRaftConf(434)) - 9412d3d0-2519-4c22-9a73-1b5e9d001713@group-D53594BA4322: set configuration 0: peers:[52f6f94e-d183-4208-9d90-b23f37a7c382|rpc:10.1.0.20:15058|admin:10.1.0.20:15057|client:10.1.0.20:15056|dataStream:10.1.0.20:15059|priority:0|startupRole:FOLLOWER, c86d5a2f-2db4-4f76-adc6-5061d66575f1|rpc:10.1.0.20:15067|admin:10.1.0.20:15066|client:10.1.0.20:15065|dataStream:10.1.0.20:15068|priority:1|startupRole:FOLLOWER, 9412d3d0-2519-4c22-9a73-1b5e9d001713|rpc:10.1.0.20:15049|admin:10.1.0.20:15048|client:10.1.0.20:15047|dataStream:10.1.0.20:15050|priority:0|startupRole:FOLLOWER]|listeners:[], old=null
2023-06-25 20:38:19,694 [9412d3d0-2519-4c22-9a73-1b5e9d001713-server-thread2] INFO  segmented.SegmentedRaftLogWorker (SegmentedRaftLogWorker.java:startLogSegment(447)) - 9412d3d0-2519-4c22-9a73-1b5e9d001713@group-D53594BA4322-SegmentedRaftLogWorker: Starting segment from index:0
2023-06-25 20:38:19,700 [9412d3d0-2519-4c22-9a73-1b5e9d001713@group-D53594BA4322-SegmentedRaftLogWorker] INFO  segmented.SegmentedRaftLogWorker (SegmentedRaftLogWorker.java:execute(651)) - 9412d3d0-2519-4c22-9a73-1b5e9d001713@group-D53594BA4322-SegmentedRaftLogWorker: created new log segment /home/runner/work/ozone/ozone/hadoop-ozone/integration-test/target/test-dir/MiniOzoneClusterImpl-a52b7a0b-0bee-460e-a951-14c7f8ebc071/datanode-0/data/ratis/7342d943-a4f5-4b27-9be9-d53594ba4322/current/log_inprogress_0
2023-06-25 20:38:19,710 [main] INFO  ozone.MiniOzoneClusterImpl (MiniOzoneClusterImpl.java:lambda$waitForClusterToBeReady$0(224)) - Nodes are ready. Got 3 of 3 DN Heartbeats.
2023-06-25 20:38:19,710 [main] INFO  ozone.MiniOzoneClusterImpl (MiniOzoneClusterImpl.java:lambda$waitForClusterToBeReady$0(227)) - Cluster exits safe mode
2023-06-25 20:38:19,710 [main] INFO  ozone.MiniOzoneClusterImpl (MiniOzoneClusterImpl.java:lambda$waitForClusterToBeReady$0(229)) - SCM became leader
2023-06-25 20:38:19,745 [main] INFO  rpc.RpcClient (RpcClient.java:createVolume(459)) - Creating Volume: vol1, with user77623 as owner and space quota set to -1 bytes, counts quota set to -1
2023-06-25 20:38:19,752 [OM StateMachine ApplyTransaction Thread - 0] INFO  volume.OMVolumeCreateRequest (OMVolumeCreateRequest.java:validateAndUpdateCache(196)) - created volume:vol1 for user:user77623
2023-06-25 20:38:19,760 [main] INFO  rpc.RpcClient (RpcClient.java:createBucket(686)) - Creating Bucket: vol1/bucket1, with bucket layout LEGACY, runner as owner, Versioning false, Storage Type set to DISK and Encryption set to false, Replication Type set to server-side default replication type, Namespace Quota set to -1, Space Quota set to -1 
2023-06-25 20:38:19,765 [OM StateMachine ApplyTransaction Thread - 0] INFO  bucket.OMBucketCreateRequest (OMBucketCreateRequest.java:validateAndUpdateCache(270)) - created bucket: bucket1 of layout LEGACY in volume: vol1
2023-06-25 20:38:19,788 [IPC Server handler 18 on default port 15036] INFO  ha.SequenceIdGenerator (SequenceIdGenerator.java:getNextId(128)) - Allocate a batch for containerId, change lastId from 0 to 1000.
2023-06-25 20:38:19,789 [IPC Server handler 18 on default port 15036] WARN  ha.SequenceIdGenerator (SequenceIdGenerator.java:allocateBatch(237)) - Failed to allocate a batch for localId, expected lastId is 0, actual lastId is 111677748019200000.
2023-06-25 20:38:19,789 [IPC Server handler 18 on default port 15036] INFO  ha.SequenceIdGenerator (SequenceIdGenerator.java:getNextId(128)) - Allocate a batch for localId, change lastId from 111677748019200000 to 111677748019201000.
2023-06-25 20:38:19,803 [9412d3d0-2519-4c22-9a73-1b5e9d001713@group-AA8173427D7E-FollowerState] INFO  impl.FollowerState (FollowerState.java:run(143)) - 9412d3d0-2519-4c22-9a73-1b5e9d001713@group-AA8173427D7E-FollowerState: change to CANDIDATE, lastRpcElapsedTime:5197099470ns, electionTimeout:5192ms
2023-06-25 20:38:19,803 [9412d3d0-2519-4c22-9a73-1b5e9d001713@group-AA8173427D7E-FollowerState] INFO  impl.RoleInfo (RoleInfo.java:shutdownFollowerState(110)) - 9412d3d0-2519-4c22-9a73-1b5e9d001713: shutdown 9412d3d0-2519-4c22-9a73-1b5e9d001713@group-AA8173427D7E-FollowerState
2023-06-25 20:38:19,803 [9412d3d0-2519-4c22-9a73-1b5e9d001713@group-AA8173427D7E-FollowerState] INFO  server.RaftServer$Division (RaftServerImpl.java:setRole(329)) - 9412d3d0-2519-4c22-9a73-1b5e9d001713@group-AA8173427D7E: changes role from  FOLLOWER to CANDIDATE at term 0 for changeToCandidate
2023-06-25 20:38:19,811 [9412d3d0-2519-4c22-9a73-1b5e9d001713@group-AA8173427D7E-FollowerState] INFO  server.RaftServerConfigKeys (ConfUtils.java:logGet(46)) - raft.server.leaderelection.pre-vote = true (default)
2023-06-25 20:38:19,811 [9412d3d0-2519-4c22-9a73-1b5e9d001713@group-AA8173427D7E-FollowerState] INFO  impl.RoleInfo (RoleInfo.java:updateAndGet(139)) - 9412d3d0-2519-4c22-9a73-1b5e9d001713: start 9412d3d0-2519-4c22-9a73-1b5e9d001713@group-AA8173427D7E-LeaderElection15
2023-06-25 20:38:19,815 [9412d3d0-2519-4c22-9a73-1b5e9d001713@group-AA8173427D7E-LeaderElection15] INFO  impl.LeaderElection (LeaderElection.java:askForVotes(321)) - 9412d3d0-2519-4c22-9a73-1b5e9d001713@group-AA8173427D7E-LeaderElection15 PRE_VOTE round 0: submit vote requests at term 0 for -1: peers:[52f6f94e-d183-4208-9d90-b23f37a7c382|rpc:10.1.0.20:15058|admin:10.1.0.20:15057|client:10.1.0.20:15056|dataStream:10.1.0.20:15059|priority:0|startupRole:FOLLOWER, c86d5a2f-2db4-4f76-adc6-5061d66575f1|rpc:10.1.0.20:15067|admin:10.1.0.20:15066|client:10.1.0.20:15065|dataStream:10.1.0.20:15068|priority:0|startupRole:FOLLOWER, 9412d3d0-2519-4c22-9a73-1b5e9d001713|rpc:10.1.0.20:15049|admin:10.1.0.20:15048|client:10.1.0.20:15047|dataStream:10.1.0.20:15050|priority:1|startupRole:FOLLOWER]|listeners:[], old=null
2023-06-25 20:38:19,821 [grpc-default-executor-0] INFO  server.RaftServer$Division (RaftServerImpl.java:requestVote(1302)) - 52f6f94e-d183-4208-9d90-b23f37a7c382@group-AA8173427D7E: receive requestVote(PRE_VOTE, 9412d3d0-2519-4c22-9a73-1b5e9d001713, group-AA8173427D7E, 0, (t:0, i:0))
2023-06-25 20:38:19,822 [grpc-default-executor-0] INFO  impl.VoteContext (VoteContext.java:log(49)) - 52f6f94e-d183-4208-9d90-b23f37a7c382@group-AA8173427D7E-FOLLOWER: accept PRE_VOTE from 9412d3d0-2519-4c22-9a73-1b5e9d001713: our priority 0 <= candidate's priority 1
2023-06-25 20:38:19,822 [9412d3d0-2519-4c22-9a73-1b5e9d001713@group-AA8173427D7E-LeaderElection15] INFO  server.RaftServerConfigKeys (ConfUtils.java:logFallback(53)) - raft.server.rpc.first-election.timeout.min = 5s (fallback to raft.server.rpc.timeout.min)
2023-06-25 20:38:19,823 [9412d3d0-2519-4c22-9a73-1b5e9d001713@group-AA8173427D7E-LeaderElection15] INFO  server.RaftServerConfigKeys (ConfUtils.java:logFallback(53)) - raft.server.rpc.first-election.timeout.max = 5200ms (fallback to raft.server.rpc.timeout.max)
2023-06-25 20:38:19,822 [grpc-default-executor-0] INFO  server.RaftServer$Division (RaftServerImpl.java:requestVote(1335)) - 52f6f94e-d183-4208-9d90-b23f37a7c382@group-AA8173427D7E replies to PRE_VOTE vote request: 9412d3d0-2519-4c22-9a73-1b5e9d001713<-52f6f94e-d183-4208-9d90-b23f37a7c382#0:OK-t0. Peer's state: 52f6f94e-d183-4208-9d90-b23f37a7c382@group-AA8173427D7E:t0, leader=null, voted=, raftlog=Memoized:52f6f94e-d183-4208-9d90-b23f37a7c382@group-AA8173427D7E-SegmentedRaftLog:OPENED:c-1, conf=-1: peers:[52f6f94e-d183-4208-9d90-b23f37a7c382|rpc:10.1.0.20:15058|admin:10.1.0.20:15057|client:10.1.0.20:15056|dataStream:10.1.0.20:15059|priority:0|startupRole:FOLLOWER, c86d5a2f-2db4-4f76-adc6-5061d66575f1|rpc:10.1.0.20:15067|admin:10.1.0.20:15066|client:10.1.0.20:15065|dataStream:10.1.0.20:15068|priority:0|startupRole:FOLLOWER, 9412d3d0-2519-4c22-9a73-1b5e9d001713|rpc:10.1.0.20:15049|admin:10.1.0.20:15048|client:10.1.0.20:15047|dataStream:10.1.0.20:15050|priority:1|startupRole:FOLLOWER]|listeners:[], old=null
2023-06-25 20:38:19,829 [9412d3d0-2519-4c22-9a73-1b5e9d001713@group-AA8173427D7E-LeaderElection15] INFO  impl.LeaderElection (LeaderElection.java:logAndReturn(90)) - 9412d3d0-2519-4c22-9a73-1b5e9d001713@group-AA8173427D7E-LeaderElection15: PRE_VOTE PASSED received 1 response(s) and 0 exception(s):
2023-06-25 20:38:19,829 [9412d3d0-2519-4c22-9a73-1b5e9d001713@group-AA8173427D7E-LeaderElection15] INFO  impl.LeaderElection (LeaderElection.java:logAndReturn(94)) -   Response 0: 9412d3d0-2519-4c22-9a73-1b5e9d001713<-52f6f94e-d183-4208-9d90-b23f37a7c382#0:OK-t0
2023-06-25 20:38:19,829 [9412d3d0-2519-4c22-9a73-1b5e9d001713@group-AA8173427D7E-LeaderElection15] INFO  impl.LeaderElection (LeaderElection.java:askForVotes(323)) - 9412d3d0-2519-4c22-9a73-1b5e9d001713@group-AA8173427D7E-LeaderElection15 PRE_VOTE round 0: result PASSED
2023-06-25 20:38:19,830 [9412d3d0-2519-4c22-9a73-1b5e9d001713@group-AA8173427D7E-LeaderElection15] INFO  impl.LeaderElection (LeaderElection.java:askForVotes(321)) - 9412d3d0-2519-4c22-9a73-1b5e9d001713@group-AA8173427D7E-LeaderElection15 ELECTION round 0: submit vote requests at term 1 for -1: peers:[52f6f94e-d183-4208-9d90-b23f37a7c382|rpc:10.1.0.20:15058|admin:10.1.0.20:15057|client:10.1.0.20:15056|dataStream:10.1.0.20:15059|priority:0|startupRole:FOLLOWER, c86d5a2f-2db4-4f76-adc6-5061d66575f1|rpc:10.1.0.20:15067|admin:10.1.0.20:15066|client:10.1.0.20:15065|dataStream:10.1.0.20:15068|priority:0|startupRole:FOLLOWER, 9412d3d0-2519-4c22-9a73-1b5e9d001713|rpc:10.1.0.20:15049|admin:10.1.0.20:15048|client:10.1.0.20:15047|dataStream:10.1.0.20:15050|priority:1|startupRole:FOLLOWER]|listeners:[], old=null
2023-06-25 20:38:19,841 [c86d5a2f-2db4-4f76-adc6-5061d66575f1@group-CEC4B281C8A8-FollowerState] INFO  impl.FollowerState (FollowerState.java:run(143)) - c86d5a2f-2db4-4f76-adc6-5061d66575f1@group-CEC4B281C8A8-FollowerState: change to CANDIDATE, lastRpcElapsedTime:5027370466ns, electionTimeout:5015ms
2023-06-25 20:38:19,841 [c86d5a2f-2db4-4f76-adc6-5061d66575f1@group-CEC4B281C8A8-FollowerState] INFO  impl.RoleInfo (RoleInfo.java:shutdownFollowerState(110)) - c86d5a2f-2db4-4f76-adc6-5061d66575f1: shutdown c86d5a2f-2db4-4f76-adc6-5061d66575f1@group-CEC4B281C8A8-FollowerState
2023-06-25 20:38:19,841 [c86d5a2f-2db4-4f76-adc6-5061d66575f1@group-CEC4B281C8A8-FollowerState] INFO  server.RaftServer$Division (RaftServerImpl.java:setRole(329)) - c86d5a2f-2db4-4f76-adc6-5061d66575f1@group-CEC4B281C8A8: changes role from  FOLLOWER to CANDIDATE at term 0 for changeToCandidate
2023-06-25 20:38:19,841 [9412d3d0-2519-4c22-9a73-1b5e9d001713@group-AA8173427D7E-LeaderElection15] INFO  server.RaftServerConfigKeys (ConfUtils.java:logFallback(53)) - raft.server.rpc.first-election.timeout.min = 5s (fallback to raft.server.rpc.timeout.min)
2023-06-25 20:38:19,841 [9412d3d0-2519-4c22-9a73-1b5e9d001713@group-AA8173427D7E-LeaderElection15] INFO  server.RaftServerConfigKeys (ConfUtils.java:logFallback(53)) - raft.server.rpc.first-election.timeout.max = 5200ms (fallback to raft.server.rpc.timeout.max)
2023-06-25 20:38:19,846 [grpc-default-executor-0] INFO  server.RaftServer$Division (RaftServerImpl.java:requestVote(1302)) - c86d5a2f-2db4-4f76-adc6-5061d66575f1@group-AA8173427D7E: receive requestVote(PRE_VOTE, 9412d3d0-2519-4c22-9a73-1b5e9d001713, group-AA8173427D7E, 0, (t:0, i:0))
2023-06-25 20:38:19,846 [grpc-default-executor-0] INFO  impl.VoteContext (VoteContext.java:log(49)) - c86d5a2f-2db4-4f76-adc6-5061d66575f1@group-AA8173427D7E-FOLLOWER: accept PRE_VOTE from 9412d3d0-2519-4c22-9a73-1b5e9d001713: our priority 0 <= candidate's priority 1
2023-06-25 20:38:19,846 [grpc-default-executor-0] INFO  server.RaftServer$Division (RaftServerImpl.java:requestVote(1335)) - c86d5a2f-2db4-4f76-adc6-5061d66575f1@group-AA8173427D7E replies to PRE_VOTE vote request: 9412d3d0-2519-4c22-9a73-1b5e9d001713<-c86d5a2f-2db4-4f76-adc6-5061d66575f1#0:OK-t0. Peer's state: c86d5a2f-2db4-4f76-adc6-5061d66575f1@group-AA8173427D7E:t0, leader=null, voted=, raftlog=Memoized:c86d5a2f-2db4-4f76-adc6-5061d66575f1@group-AA8173427D7E-SegmentedRaftLog:OPENED:c-1, conf=-1: peers:[52f6f94e-d183-4208-9d90-b23f37a7c382|rpc:10.1.0.20:15058|admin:10.1.0.20:15057|client:10.1.0.20:15056|dataStream:10.1.0.20:15059|priority:0|startupRole:FOLLOWER, c86d5a2f-2db4-4f76-adc6-5061d66575f1|rpc:10.1.0.20:15067|admin:10.1.0.20:15066|client:10.1.0.20:15065|dataStream:10.1.0.20:15068|priority:0|startupRole:FOLLOWER, 9412d3d0-2519-4c22-9a73-1b5e9d001713|rpc:10.1.0.20:15049|admin:10.1.0.20:15048|client:10.1.0.20:15047|dataStream:10.1.0.20:15050|priority:1|startupRole:FOLLOWER]|listeners:[], old=null
2023-06-25 20:38:19,846 [c86d5a2f-2db4-4f76-adc6-5061d66575f1@group-CEC4B281C8A8-FollowerState] INFO  server.RaftServerConfigKeys (ConfUtils.java:logGet(46)) - raft.server.leaderelection.pre-vote = true (default)
2023-06-25 20:38:19,846 [c86d5a2f-2db4-4f76-adc6-5061d66575f1@group-CEC4B281C8A8-FollowerState] INFO  impl.RoleInfo (RoleInfo.java:updateAndGet(139)) - c86d5a2f-2db4-4f76-adc6-5061d66575f1: start c86d5a2f-2db4-4f76-adc6-5061d66575f1@group-CEC4B281C8A8-LeaderElection16
2023-06-25 20:38:19,865 [52f6f94e-d183-4208-9d90-b23f37a7c382@group-AA8173427D7E-FollowerState] INFO  server.RaftServerConfigKeys (ConfUtils.java:logFallback(53)) - raft.server.rpc.first-election.timeout.min = 5s (fallback to raft.server.rpc.timeout.min)
2023-06-25 20:38:19,865 [52f6f94e-d183-4208-9d90-b23f37a7c382@group-AA8173427D7E-FollowerState] INFO  server.RaftServerConfigKeys (ConfUtils.java:logFallback(53)) - raft.server.rpc.first-election.timeout.max = 5200ms (fallback to raft.server.rpc.timeout.max)
2023-06-25 20:38:19,865 [grpc-default-executor-1] INFO  server.RaftServer$Division (RaftServerImpl.java:requestVote(1302)) - 52f6f94e-d183-4208-9d90-b23f37a7c382@group-AA8173427D7E: receive requestVote(ELECTION, 9412d3d0-2519-4c22-9a73-1b5e9d001713, group-AA8173427D7E, 1, (t:0, i:0))
2023-06-25 20:38:19,866 [grpc-default-executor-1] INFO  impl.VoteContext (VoteContext.java:log(49)) - 52f6f94e-d183-4208-9d90-b23f37a7c382@group-AA8173427D7E-FOLLOWER: accept ELECTION from 9412d3d0-2519-4c22-9a73-1b5e9d001713: our priority 0 <= candidate's priority 1
2023-06-25 20:38:19,866 [grpc-default-executor-1] INFO  server.RaftServer$Division (RaftServerImpl.java:setRole(329)) - 52f6f94e-d183-4208-9d90-b23f37a7c382@group-AA8173427D7E: changes role from  FOLLOWER to FOLLOWER at term 1 for candidate:9412d3d0-2519-4c22-9a73-1b5e9d001713
2023-06-25 20:38:19,866 [grpc-default-executor-1] INFO  impl.RoleInfo (RoleInfo.java:shutdownFollowerState(110)) - 52f6f94e-d183-4208-9d90-b23f37a7c382: shutdown 52f6f94e-d183-4208-9d90-b23f37a7c382@group-AA8173427D7E-FollowerState
2023-06-25 20:38:19,866 [52f6f94e-d183-4208-9d90-b23f37a7c382@group-AA8173427D7E-FollowerState] INFO  impl.FollowerState (FollowerState.java:run(152)) - 52f6f94e-d183-4208-9d90-b23f37a7c382@group-AA8173427D7E-FollowerState was interrupted
2023-06-25 20:38:19,871 [grpc-default-executor-1] INFO  impl.RoleInfo (RoleInfo.java:updateAndGet(139)) - 52f6f94e-d183-4208-9d90-b23f37a7c382: start 52f6f94e-d183-4208-9d90-b23f37a7c382@group-AA8173427D7E-FollowerState
2023-06-25 20:38:19,871 [grpc-default-executor-4] INFO  server.RaftServer$Division (RaftServerImpl.java:requestVote(1302)) - c86d5a2f-2db4-4f76-adc6-5061d66575f1@group-AA8173427D7E: receive requestVote(ELECTION, 9412d3d0-2519-4c22-9a73-1b5e9d001713, group-AA8173427D7E, 1, (t:0, i:0))
2023-06-25 20:38:19,872 [c86d5a2f-2db4-4f76-adc6-5061d66575f1@group-CEC4B281C8A8-LeaderElection16] INFO  impl.LeaderElection (LeaderElection.java:askForVotes(321)) - c86d5a2f-2db4-4f76-adc6-5061d66575f1@group-CEC4B281C8A8-LeaderElection16 PRE_VOTE round 0: submit vote requests at term 0 for -1: peers:[c86d5a2f-2db4-4f76-adc6-5061d66575f1|rpc:10.1.0.20:15067|admin:10.1.0.20:15066|client:10.1.0.20:15065|dataStream:10.1.0.20:15068|priority:1|startupRole:FOLLOWER]|listeners:[], old=null
2023-06-25 20:38:19,875 [grpc-default-executor-4] INFO  impl.VoteContext (VoteContext.java:log(49)) - c86d5a2f-2db4-4f76-adc6-5061d66575f1@group-AA8173427D7E-FOLLOWER: accept ELECTION from 9412d3d0-2519-4c22-9a73-1b5e9d001713: our priority 0 <= candidate's priority 1
2023-06-25 20:38:19,875 [grpc-default-executor-4] INFO  server.RaftServer$Division (RaftServerImpl.java:setRole(329)) - c86d5a2f-2db4-4f76-adc6-5061d66575f1@group-AA8173427D7E: changes role from  FOLLOWER to FOLLOWER at term 1 for candidate:9412d3d0-2519-4c22-9a73-1b5e9d001713
2023-06-25 20:38:19,875 [grpc-default-executor-4] INFO  impl.RoleInfo (RoleInfo.java:shutdownFollowerState(110)) - c86d5a2f-2db4-4f76-adc6-5061d66575f1: shutdown c86d5a2f-2db4-4f76-adc6-5061d66575f1@group-AA8173427D7E-FollowerState
2023-06-25 20:38:19,875 [c86d5a2f-2db4-4f76-adc6-5061d66575f1@group-AA8173427D7E-FollowerState] INFO  impl.FollowerState (FollowerState.java:run(152)) - c86d5a2f-2db4-4f76-adc6-5061d66575f1@group-AA8173427D7E-FollowerState was interrupted
2023-06-25 20:38:19,876 [grpc-default-executor-1] INFO  server.RaftServer$Division (RaftServerImpl.java:requestVote(1335)) - 52f6f94e-d183-4208-9d90-b23f37a7c382@group-AA8173427D7E replies to ELECTION vote request: 9412d3d0-2519-4c22-9a73-1b5e9d001713<-52f6f94e-d183-4208-9d90-b23f37a7c382#0:OK-t1. Peer's state: 52f6f94e-d183-4208-9d90-b23f37a7c382@group-AA8173427D7E:t1, leader=null, voted=9412d3d0-2519-4c22-9a73-1b5e9d001713, raftlog=Memoized:52f6f94e-d183-4208-9d90-b23f37a7c382@group-AA8173427D7E-SegmentedRaftLog:OPENED:c-1, conf=-1: peers:[52f6f94e-d183-4208-9d90-b23f37a7c382|rpc:10.1.0.20:15058|admin:10.1.0.20:15057|client:10.1.0.20:15056|dataStream:10.1.0.20:15059|priority:0|startupRole:FOLLOWER, c86d5a2f-2db4-4f76-adc6-5061d66575f1|rpc:10.1.0.20:15067|admin:10.1.0.20:15066|client:10.1.0.20:15065|dataStream:10.1.0.20:15068|priority:0|startupRole:FOLLOWER, 9412d3d0-2519-4c22-9a73-1b5e9d001713|rpc:10.1.0.20:15049|admin:10.1.0.20:15048|client:10.1.0.20:15047|dataStream:10.1.0.20:15050|priority:1|startupRole:FOLLOWER]|listeners:[], old=null
2023-06-25 20:38:19,877 [c86d5a2f-2db4-4f76-adc6-5061d66575f1@group-CEC4B281C8A8-LeaderElection16] INFO  impl.LeaderElection (LeaderElection.java:askForVotes(323)) - c86d5a2f-2db4-4f76-adc6-5061d66575f1@group-CEC4B281C8A8-LeaderElection16 PRE_VOTE round 0: result PASSED (term=0)
2023-06-25 20:38:19,881 [9412d3d0-2519-4c22-9a73-1b5e9d001713@group-AA8173427D7E-LeaderElection15] INFO  impl.LeaderElection (LeaderElection.java:logAndReturn(90)) - 9412d3d0-2519-4c22-9a73-1b5e9d001713@group-AA8173427D7E-LeaderElection15: ELECTION PASSED received 1 response(s) and 0 exception(s):
2023-06-25 20:38:19,881 [9412d3d0-2519-4c22-9a73-1b5e9d001713@group-AA8173427D7E-LeaderElection15] INFO  impl.LeaderElection (LeaderElection.java:logAndReturn(94)) -   Response 0: 9412d3d0-2519-4c22-9a73-1b5e9d001713<-52f6f94e-d183-4208-9d90-b23f37a7c382#0:OK-t1
2023-06-25 20:38:19,881 [9412d3d0-2519-4c22-9a73-1b5e9d001713@group-AA8173427D7E-LeaderElection15] INFO  impl.LeaderElection (LeaderElection.java:askForVotes(323)) - 9412d3d0-2519-4c22-9a73-1b5e9d001713@group-AA8173427D7E-LeaderElection15 ELECTION round 0: result PASSED
2023-06-25 20:38:19,881 [9412d3d0-2519-4c22-9a73-1b5e9d001713@group-AA8173427D7E-LeaderElection15] INFO  impl.RoleInfo (RoleInfo.java:shutdownLeaderElection(130)) - 9412d3d0-2519-4c22-9a73-1b5e9d001713: shutdown 9412d3d0-2519-4c22-9a73-1b5e9d001713@group-AA8173427D7E-LeaderElection15
2023-06-25 20:38:19,881 [9412d3d0-2519-4c22-9a73-1b5e9d001713@group-AA8173427D7E-LeaderElection15] INFO  server.RaftServer$Division (RaftServerImpl.java:setRole(329)) - 9412d3d0-2519-4c22-9a73-1b5e9d001713@group-AA8173427D7E: changes role from CANDIDATE to LEADER at term 1 for changeToLeader
2023-06-25 20:38:19,881 [9412d3d0-2519-4c22-9a73-1b5e9d001713@group-AA8173427D7E-LeaderElection15] INFO  ratis.XceiverServerRatis (XceiverServerRatis.java:handleLeaderChangedNotification(902)) - Leader change notification received for group: group-AA8173427D7E with new leaderId: 9412d3d0-2519-4c22-9a73-1b5e9d001713
2023-06-25 20:38:19,881 [9412d3d0-2519-4c22-9a73-1b5e9d001713@group-AA8173427D7E-LeaderElection15] INFO  server.RaftServer$Division (ServerState.java:setLeader(317)) - 9412d3d0-2519-4c22-9a73-1b5e9d001713@group-AA8173427D7E: change Leader from null to 9412d3d0-2519-4c22-9a73-1b5e9d001713 at term 1 for becomeLeader, leader elected after 5315ms
2023-06-25 20:38:19,881 [9412d3d0-2519-4c22-9a73-1b5e9d001713@group-AA8173427D7E-LeaderElection15] INFO  server.RaftServerConfigKeys (ConfUtils.java:logGet(46)) - raft.server.staging.catchup.gap = 1000 (default)
2023-06-25 20:38:19,881 [9412d3d0-2519-4c22-9a73-1b5e9d001713@group-AA8173427D7E-LeaderElection15] INFO  server.RaftServerConfigKeys (ConfUtils.java:logGet(46)) - raft.server.write.element-limit = 1024 (custom)
2023-06-25 20:38:19,882 [9412d3d0-2519-4c22-9a73-1b5e9d001713@group-AA8173427D7E-LeaderElection15] INFO  server.RaftServerConfigKeys (ConfUtils.java:logGet(46)) - raft.server.write.byte-limit = 1024 M (=1073741824) (custom)
2023-06-25 20:38:19,882 [9412d3d0-2519-4c22-9a73-1b5e9d001713@group-AA8173427D7E-LeaderElection15] INFO  server.RaftServerConfigKeys (ConfUtils.java:logGet(46)) - raft.server.watch.timeout = 180s (custom)
2023-06-25 20:38:19,882 [9412d3d0-2519-4c22-9a73-1b5e9d001713@group-AA8173427D7E-LeaderElection15] INFO  server.RaftServerConfigKeys (ConfUtils.java:logGet(46)) - raft.server.watch.timeout.denomination = 1s (default)
2023-06-25 20:38:19,882 [9412d3d0-2519-4c22-9a73-1b5e9d001713@group-AA8173427D7E-LeaderElection15] INFO  server.RaftServerConfigKeys (ConfUtils.java:logGet(46)) - raft.server.watch.element-limit = 65536 (default)
2023-06-25 20:38:19,882 [9412d3d0-2519-4c22-9a73-1b5e9d001713@group-AA8173427D7E-LeaderElection15] INFO  server.RaftServerConfigKeys (ConfUtils.java:logGet(46)) - raft.server.write.element-limit = 1024 (custom)
2023-06-25 20:38:19,882 [9412d3d0-2519-4c22-9a73-1b5e9d001713@group-AA8173427D7E-LeaderElection15] INFO  server.RaftServerConfigKeys (ConfUtils.java:logGet(46)) - raft.server.write.follower.gap.ratio.max = -1.0 (default)
2023-06-25 20:38:19,882 [9412d3d0-2519-4c22-9a73-1b5e9d001713@group-AA8173427D7E-LeaderElection15] INFO  server.RaftServerConfigKeys (ConfUtils.java:logGet(46)) - raft.server.log.appender.snapshot.chunk.size.max = 16MB (=16777216) (default)
2023-06-25 20:38:19,883 [9412d3d0-2519-4c22-9a73-1b5e9d001713@group-AA8173427D7E-LeaderElection15] INFO  server.RaftServerConfigKeys (ConfUtils.java:logGet(46)) - raft.server.log.appender.buffer.byte-limit = 33554432 (custom)
2023-06-25 20:38:19,883 [9412d3d0-2519-4c22-9a73-1b5e9d001713@group-AA8173427D7E-LeaderElection15] INFO  server.RaftServerConfigKeys (ConfUtils.java:logGet(46)) - raft.server.log.appender.buffer.element-limit = 1 (custom)
2023-06-25 20:38:19,883 [9412d3d0-2519-4c22-9a73-1b5e9d001713@group-AA8173427D7E-LeaderElection15] INFO  server.RaftServerConfigKeys (ConfUtils.java:logGet(46)) - raft.server.log.appender.wait-time.min = 10ms (default)
2023-06-25 20:38:19,883 [9412d3d0-2519-4c22-9a73-1b5e9d001713@group-AA8173427D7E-LeaderElection15] INFO  grpc.GrpcConfigKeys (ConfUtils.java:logGet(46)) - raft.grpc.server.leader.outstanding.appends.max = 128 (default)
2023-06-25 20:38:19,883 [9412d3d0-2519-4c22-9a73-1b5e9d001713@group-AA8173427D7E-LeaderElection15] INFO  server.RaftServerConfigKeys (ConfUtils.java:logGet(46)) - raft.server.rpc.request.timeout = 60s (custom)
2023-06-25 20:38:19,883 [9412d3d0-2519-4c22-9a73-1b5e9d001713@group-AA8173427D7E-LeaderElection15] INFO  grpc.GrpcConfigKeys (ConfUtils.java:logGet(46)) - raft.grpc.server.install_snapshot.request.element-limit = 8 (default)
2023-06-25 20:38:19,883 [9412d3d0-2519-4c22-9a73-1b5e9d001713@group-AA8173427D7E-LeaderElection15] INFO  grpc.GrpcConfigKeys (ConfUtils.java:logGet(46)) - raft.grpc.server.install_snapshot.request.timeout = 3000ms (default)
2023-06-25 20:38:19,883 [9412d3d0-2519-4c22-9a73-1b5e9d001713@group-AA8173427D7E-LeaderElection15] INFO  server.RaftServerConfigKeys (ConfUtils.java:logGet(46)) - raft.server.log.appender.install.snapshot.enabled = false (custom)
2023-06-25 20:38:19,883 [9412d3d0-2519-4c22-9a73-1b5e9d001713@group-AA8173427D7E-LeaderElection15] INFO  grpc.GrpcConfigKeys (ConfUtils.java:logGet(46)) - raft.grpc.server.heartbeat.channel = true (default)
2023-06-25 20:38:19,884 [9412d3d0-2519-4c22-9a73-1b5e9d001713@group-AA8173427D7E-LeaderElection15] INFO  server.RaftServerConfigKeys (ConfUtils.java:logGet(46)) - raft.server.log.appender.snapshot.chunk.size.max = 16MB (=16777216) (default)
2023-06-25 20:38:19,884 [9412d3d0-2519-4c22-9a73-1b5e9d001713@group-AA8173427D7E-LeaderElection15] INFO  server.RaftServerConfigKeys (ConfUtils.java:logGet(46)) - raft.server.log.appender.buffer.byte-limit = 33554432 (custom)
2023-06-25 20:38:19,884 [9412d3d0-2519-4c22-9a73-1b5e9d001713@group-AA8173427D7E-LeaderElection15] INFO  server.RaftServerConfigKeys (ConfUtils.java:logGet(46)) - raft.server.log.appender.buffer.element-limit = 1 (custom)
2023-06-25 20:38:19,884 [9412d3d0-2519-4c22-9a73-1b5e9d001713@group-AA8173427D7E-LeaderElection15] INFO  server.RaftServerConfigKeys (ConfUtils.java:logGet(46)) - raft.server.log.appender.wait-time.min = 10ms (default)
2023-06-25 20:38:19,884 [9412d3d0-2519-4c22-9a73-1b5e9d001713@group-AA8173427D7E-LeaderElection15] INFO  grpc.GrpcConfigKeys (ConfUtils.java:logGet(46)) - raft.grpc.server.leader.outstanding.appends.max = 128 (default)
2023-06-25 20:38:19,884 [9412d3d0-2519-4c22-9a73-1b5e9d001713@group-AA8173427D7E-LeaderElection15] INFO  server.RaftServerConfigKeys (ConfUtils.java:logGet(46)) - raft.server.rpc.request.timeout = 60s (custom)
2023-06-25 20:38:19,884 [9412d3d0-2519-4c22-9a73-1b5e9d001713@group-AA8173427D7E-LeaderElection15] INFO  grpc.GrpcConfigKeys (ConfUtils.java:logGet(46)) - raft.grpc.server.install_snapshot.request.element-limit = 8 (default)
2023-06-25 20:38:19,884 [9412d3d0-2519-4c22-9a73-1b5e9d001713@group-AA8173427D7E-LeaderElection15] INFO  grpc.GrpcConfigKeys (ConfUtils.java:logGet(46)) - raft.grpc.server.install_snapshot.request.timeout = 3000ms (default)
2023-06-25 20:38:19,884 [9412d3d0-2519-4c22-9a73-1b5e9d001713@group-AA8173427D7E-LeaderElection15] INFO  server.RaftServerConfigKeys (ConfUtils.java:logGet(46)) - raft.server.log.appender.install.snapshot.enabled = false (custom)
2023-06-25 20:38:19,884 [9412d3d0-2519-4c22-9a73-1b5e9d001713@group-AA8173427D7E-LeaderElection15] INFO  grpc.GrpcConfigKeys (ConfUtils.java:logGet(46)) - raft.grpc.server.heartbeat.channel = true (default)
2023-06-25 20:38:19,884 [9412d3d0-2519-4c22-9a73-1b5e9d001713@group-AA8173427D7E-LeaderElection15] INFO  impl.RoleInfo (RoleInfo.java:updateAndGet(139)) - 9412d3d0-2519-4c22-9a73-1b5e9d001713: start 9412d3d0-2519-4c22-9a73-1b5e9d001713@group-AA8173427D7E-LeaderStateImpl
2023-06-25 20:38:19,885 [9412d3d0-2519-4c22-9a73-1b5e9d001713@group-AA8173427D7E-LeaderElection15] INFO  segmented.SegmentedRaftLogWorker (SegmentedRaftLogWorker.java:startLogSegment(447)) - 9412d3d0-2519-4c22-9a73-1b5e9d001713@group-AA8173427D7E-SegmentedRaftLogWorker: Starting segment from index:0
2023-06-25 20:38:19,887 [EventQueue-PipelineReportForPipelineReportHandler] INFO  pipeline.PipelineManagerImpl (PipelineManagerImpl.java:openPipeline(381)) - Pipeline Pipeline[ Id: 7ca4f31a-ba94-438a-a556-aa8173427d7e, Nodes: 9412d3d0-2519-4c22-9a73-1b5e9d001713(fv-az808-130.wa3tte2ragoufbcbawjciesdkc.bx.internal.cloudapp.net/10.1.0.20)52f6f94e-d183-4208-9d90-b23f37a7c382(fv-az808-130.wa3tte2ragoufbcbawjciesdkc.bx.internal.cloudapp.net/10.1.0.20)c86d5a2f-2db4-4f76-adc6-5061d66575f1(fv-az808-130.wa3tte2ragoufbcbawjciesdkc.bx.internal.cloudapp.net/10.1.0.20), ReplicationConfig: RATIS/THREE, State:ALLOCATED, leaderId:9412d3d0-2519-4c22-9a73-1b5e9d001713, CreationTimestamp2023-06-25T20:38:11.712Z[Etc/UTC]] moved to OPEN state
2023-06-25 20:38:19,902 [52f6f94e-d183-4208-9d90-b23f37a7c382-server-thread1] INFO  ratis.XceiverServerRatis (XceiverServerRatis.java:handleLeaderChangedNotification(902)) - Leader change notification received for group: group-AA8173427D7E with new leaderId: 9412d3d0-2519-4c22-9a73-1b5e9d001713
2023-06-25 20:38:19,902 [52f6f94e-d183-4208-9d90-b23f37a7c382-server-thread1] INFO  server.RaftServer$Division (ServerState.java:setLeader(317)) - 52f6f94e-d183-4208-9d90-b23f37a7c382@group-AA8173427D7E: change Leader from null to 9412d3d0-2519-4c22-9a73-1b5e9d001713 at term 1 for appendEntries, leader elected after 5297ms
2023-06-25 20:38:19,903 [c86d5a2f-2db4-4f76-adc6-5061d66575f1@group-CEC4B281C8A8-LeaderElection16] INFO  impl.LeaderElection (LeaderElection.java:askForVotes(321)) - c86d5a2f-2db4-4f76-adc6-5061d66575f1@group-CEC4B281C8A8-LeaderElection16 ELECTION round 0: submit vote requests at term 1 for -1: peers:[c86d5a2f-2db4-4f76-adc6-5061d66575f1|rpc:10.1.0.20:15067|admin:10.1.0.20:15066|client:10.1.0.20:15065|dataStream:10.1.0.20:15068|priority:1|startupRole:FOLLOWER]|listeners:[], old=null
2023-06-25 20:38:19,903 [c86d5a2f-2db4-4f76-adc6-5061d66575f1@group-CEC4B281C8A8-LeaderElection16] INFO  impl.LeaderElection (LeaderElection.java:askForVotes(323)) - c86d5a2f-2db4-4f76-adc6-5061d66575f1@group-CEC4B281C8A8-LeaderElection16 ELECTION round 0: result PASSED (term=1)
2023-06-25 20:38:19,903 [c86d5a2f-2db4-4f76-adc6-5061d66575f1@group-CEC4B281C8A8-LeaderElection16] INFO  impl.RoleInfo (RoleInfo.java:shutdownLeaderElection(130)) - c86d5a2f-2db4-4f76-adc6-5061d66575f1: shutdown c86d5a2f-2db4-4f76-adc6-5061d66575f1@group-CEC4B281C8A8-LeaderElection16
2023-06-25 20:38:19,903 [c86d5a2f-2db4-4f76-adc6-5061d66575f1@group-CEC4B281C8A8-LeaderElection16] INFO  server.RaftServer$Division (RaftServerImpl.java:setRole(329)) - c86d5a2f-2db4-4f76-adc6-5061d66575f1@group-CEC4B281C8A8: changes role from CANDIDATE to LEADER at term 1 for changeToLeader
2023-06-25 20:38:19,903 [c86d5a2f-2db4-4f76-adc6-5061d66575f1@group-CEC4B281C8A8-LeaderElection16] INFO  ratis.XceiverServerRatis (XceiverServerRatis.java:handleLeaderChangedNotification(902)) - Leader change notification received for group: group-CEC4B281C8A8 with new leaderId: c86d5a2f-2db4-4f76-adc6-5061d66575f1
2023-06-25 20:38:19,904 [c86d5a2f-2db4-4f76-adc6-5061d66575f1@group-CEC4B281C8A8-LeaderElection16] INFO  server.RaftServer$Division (ServerState.java:setLeader(317)) - c86d5a2f-2db4-4f76-adc6-5061d66575f1@group-CEC4B281C8A8: change Leader from null to c86d5a2f-2db4-4f76-adc6-5061d66575f1 at term 1 for becomeLeader, leader elected after 5171ms
2023-06-25 20:38:19,904 [c86d5a2f-2db4-4f76-adc6-5061d66575f1@group-CEC4B281C8A8-LeaderElection16] INFO  server.RaftServerConfigKeys (ConfUtils.java:logGet(46)) - raft.server.staging.catchup.gap = 1000 (default)
2023-06-25 20:38:19,904 [c86d5a2f-2db4-4f76-adc6-5061d66575f1@group-CEC4B281C8A8-LeaderElection16] INFO  server.RaftServerConfigKeys (ConfUtils.java:logGet(46)) - raft.server.write.element-limit = 1024 (custom)
2023-06-25 20:38:19,904 [c86d5a2f-2db4-4f76-adc6-5061d66575f1@group-CEC4B281C8A8-LeaderElection16] INFO  server.RaftServerConfigKeys (ConfUtils.java:logGet(46)) - raft.server.write.byte-limit = 1024 M (=1073741824) (custom)
2023-06-25 20:38:19,904 [c86d5a2f-2db4-4f76-adc6-5061d66575f1@group-CEC4B281C8A8-LeaderElection16] INFO  server.RaftServerConfigKeys (ConfUtils.java:logGet(46)) - raft.server.watch.timeout = 180s (custom)
2023-06-25 20:38:19,904 [c86d5a2f-2db4-4f76-adc6-5061d66575f1@group-CEC4B281C8A8-LeaderElection16] INFO  server.RaftServerConfigKeys (ConfUtils.java:logGet(46)) - raft.server.watch.timeout.denomination = 1s (default)
2023-06-25 20:38:19,904 [c86d5a2f-2db4-4f76-adc6-5061d66575f1@group-CEC4B281C8A8-LeaderElection16] INFO  server.RaftServerConfigKeys (ConfUtils.java:logGet(46)) - raft.server.watch.element-limit = 65536 (default)
2023-06-25 20:38:19,904 [c86d5a2f-2db4-4f76-adc6-5061d66575f1@group-CEC4B281C8A8-LeaderElection16] INFO  server.RaftServerConfigKeys (ConfUtils.java:logGet(46)) - raft.server.write.element-limit = 1024 (custom)
2023-06-25 20:38:19,904 [c86d5a2f-2db4-4f76-adc6-5061d66575f1@group-CEC4B281C8A8-LeaderElection16] INFO  server.RaftServerConfigKeys (ConfUtils.java:logGet(46)) - raft.server.write.follower.gap.ratio.max = -1.0 (default)
2023-06-25 20:38:19,905 [c86d5a2f-2db4-4f76-adc6-5061d66575f1@group-CEC4B281C8A8-LeaderElection16] INFO  impl.RoleInfo (RoleInfo.java:updateAndGet(139)) - c86d5a2f-2db4-4f76-adc6-5061d66575f1: start c86d5a2f-2db4-4f76-adc6-5061d66575f1@group-CEC4B281C8A8-LeaderStateImpl
2023-06-25 20:38:19,905 [c86d5a2f-2db4-4f76-adc6-5061d66575f1@group-CEC4B281C8A8-LeaderElection16] INFO  segmented.SegmentedRaftLogWorker (SegmentedRaftLogWorker.java:startLogSegment(447)) - c86d5a2f-2db4-4f76-adc6-5061d66575f1@group-CEC4B281C8A8-SegmentedRaftLogWorker: Starting segment from index:0
2023-06-25 20:38:19,908 [c86d5a2f-2db4-4f76-adc6-5061d66575f1@group-CEC4B281C8A8-SegmentedRaftLogWorker] INFO  segmented.SegmentedRaftLogWorker (SegmentedRaftLogWorker.java:execute(651)) - c86d5a2f-2db4-4f76-adc6-5061d66575f1@group-CEC4B281C8A8-SegmentedRaftLogWorker: created new log segment /home/runner/work/ozone/ozone/hadoop-ozone/integration-test/target/test-dir/MiniOzoneClusterImpl-a52b7a0b-0bee-460e-a951-14c7f8ebc071/datanode-2/data/ratis/2a3e06ea-9ae5-4c2c-b6e7-cec4b281c8a8/current/log_inprogress_0
2023-06-25 20:38:19,908 [9412d3d0-2519-4c22-9a73-1b5e9d001713@group-AA8173427D7E-SegmentedRaftLogWorker] INFO  segmented.SegmentedRaftLogWorker (SegmentedRaftLogWorker.java:execute(651)) - 9412d3d0-2519-4c22-9a73-1b5e9d001713@group-AA8173427D7E-SegmentedRaftLogWorker: created new log segment /home/runner/work/ozone/ozone/hadoop-ozone/integration-test/target/test-dir/MiniOzoneClusterImpl-a52b7a0b-0bee-460e-a951-14c7f8ebc071/datanode-0/data/ratis/7ca4f31a-ba94-438a-a556-aa8173427d7e/current/log_inprogress_0
2023-06-25 20:38:19,915 [9412d3d0-2519-4c22-9a73-1b5e9d001713@group-AA8173427D7E-LeaderElection15] INFO  server.RaftServer$Division (ServerState.java:setRaftConf(434)) - 9412d3d0-2519-4c22-9a73-1b5e9d001713@group-AA8173427D7E: set configuration 0: peers:[52f6f94e-d183-4208-9d90-b23f37a7c382|rpc:10.1.0.20:15058|admin:10.1.0.20:15057|client:10.1.0.20:15056|dataStream:10.1.0.20:15059|priority:0|startupRole:FOLLOWER, c86d5a2f-2db4-4f76-adc6-5061d66575f1|rpc:10.1.0.20:15067|admin:10.1.0.20:15066|client:10.1.0.20:15065|dataStream:10.1.0.20:15068|priority:0|startupRole:FOLLOWER, 9412d3d0-2519-4c22-9a73-1b5e9d001713|rpc:10.1.0.20:15049|admin:10.1.0.20:15048|client:10.1.0.20:15047|dataStream:10.1.0.20:15050|priority:1|startupRole:FOLLOWER]|listeners:[], old=null
2023-06-25 20:38:19,915 [grpc-default-executor-4] INFO  impl.RoleInfo (RoleInfo.java:updateAndGet(139)) - c86d5a2f-2db4-4f76-adc6-5061d66575f1: start c86d5a2f-2db4-4f76-adc6-5061d66575f1@group-AA8173427D7E-FollowerState
2023-06-25 20:38:19,929 [grpc-default-executor-4] INFO  server.RaftServer$Division (RaftServerImpl.java:requestVote(1335)) - c86d5a2f-2db4-4f76-adc6-5061d66575f1@group-AA8173427D7E replies to ELECTION vote request: 9412d3d0-2519-4c22-9a73-1b5e9d001713<-c86d5a2f-2db4-4f76-adc6-5061d66575f1#0:OK-t1. Peer's state: c86d5a2f-2db4-4f76-adc6-5061d66575f1@group-AA8173427D7E:t1, leader=null, voted=9412d3d0-2519-4c22-9a73-1b5e9d001713, raftlog=Memoized:c86d5a2f-2db4-4f76-adc6-5061d66575f1@group-AA8173427D7E-SegmentedRaftLog:OPENED:c-1, conf=-1: peers:[52f6f94e-d183-4208-9d90-b23f37a7c382|rpc:10.1.0.20:15058|admin:10.1.0.20:15057|client:10.1.0.20:15056|dataStream:10.1.0.20:15059|priority:0|startupRole:FOLLOWER, c86d5a2f-2db4-4f76-adc6-5061d66575f1|rpc:10.1.0.20:15067|admin:10.1.0.20:15066|client:10.1.0.20:15065|dataStream:10.1.0.20:15068|priority:0|startupRole:FOLLOWER, 9412d3d0-2519-4c22-9a73-1b5e9d001713|rpc:10.1.0.20:15049|admin:10.1.0.20:15048|client:10.1.0.20:15047|dataStream:10.1.0.20:15050|priority:1|startupRole:FOLLOWER]|listeners:[], old=null
2023-06-25 20:38:19,929 [c86d5a2f-2db4-4f76-adc6-5061d66575f1-server-thread1] INFO  ratis.XceiverServerRatis (XceiverServerRatis.java:handleLeaderChangedNotification(902)) - Leader change notification received for group: group-AA8173427D7E with new leaderId: 9412d3d0-2519-4c22-9a73-1b5e9d001713
2023-06-25 20:38:19,929 [c86d5a2f-2db4-4f76-adc6-5061d66575f1-server-thread1] INFO  server.RaftServer$Division (ServerState.java:setLeader(317)) - c86d5a2f-2db4-4f76-adc6-5061d66575f1@group-AA8173427D7E: change Leader from null to 9412d3d0-2519-4c22-9a73-1b5e9d001713 at term 1 for appendEntries, leader elected after 5108ms
2023-06-25 20:38:19,947 [c86d5a2f-2db4-4f76-adc6-5061d66575f1@group-CEC4B281C8A8-LeaderElection16] INFO  server.RaftServer$Division (ServerState.java:setRaftConf(434)) - c86d5a2f-2db4-4f76-adc6-5061d66575f1@group-CEC4B281C8A8: set configuration 0: peers:[c86d5a2f-2db4-4f76-adc6-5061d66575f1|rpc:10.1.0.20:15067|admin:10.1.0.20:15066|client:10.1.0.20:15065|dataStream:10.1.0.20:15068|priority:1|startupRole:FOLLOWER]|listeners:[], old=null
2023-06-25 20:38:19,948 [52f6f94e-d183-4208-9d90-b23f37a7c382-server-thread2] INFO  server.RaftServer$Division (ServerState.java:setRaftConf(434)) - 52f6f94e-d183-4208-9d90-b23f37a7c382@group-AA8173427D7E: set configuration 0: peers:[52f6f94e-d183-4208-9d90-b23f37a7c382|rpc:10.1.0.20:15058|admin:10.1.0.20:15057|client:10.1.0.20:15056|dataStream:10.1.0.20:15059|priority:0|startupRole:FOLLOWER, c86d5a2f-2db4-4f76-adc6-5061d66575f1|rpc:10.1.0.20:15067|admin:10.1.0.20:15066|client:10.1.0.20:15065|dataStream:10.1.0.20:15068|priority:0|startupRole:FOLLOWER, 9412d3d0-2519-4c22-9a73-1b5e9d001713|rpc:10.1.0.20:15049|admin:10.1.0.20:15048|client:10.1.0.20:15047|dataStream:10.1.0.20:15050|priority:1|startupRole:FOLLOWER]|listeners:[], old=null
2023-06-25 20:38:19,948 [52f6f94e-d183-4208-9d90-b23f37a7c382-server-thread2] INFO  segmented.SegmentedRaftLogWorker (SegmentedRaftLogWorker.java:startLogSegment(447)) - 52f6f94e-d183-4208-9d90-b23f37a7c382@group-AA8173427D7E-SegmentedRaftLogWorker: Starting segment from index:0
2023-06-25 20:38:19,949 [c86d5a2f-2db4-4f76-adc6-5061d66575f1-server-thread2] INFO  server.RaftServer$Division (ServerState.java:setRaftConf(434)) - c86d5a2f-2db4-4f76-adc6-5061d66575f1@group-AA8173427D7E: set configuration 0: peers:[52f6f94e-d183-4208-9d90-b23f37a7c382|rpc:10.1.0.20:15058|admin:10.1.0.20:15057|client:10.1.0.20:15056|dataStream:10.1.0.20:15059|priority:0|startupRole:FOLLOWER, c86d5a2f-2db4-4f76-adc6-5061d66575f1|rpc:10.1.0.20:15067|admin:10.1.0.20:15066|client:10.1.0.20:15065|dataStream:10.1.0.20:15068|priority:0|startupRole:FOLLOWER, 9412d3d0-2519-4c22-9a73-1b5e9d001713|rpc:10.1.0.20:15049|admin:10.1.0.20:15048|client:10.1.0.20:15047|dataStream:10.1.0.20:15050|priority:1|startupRole:FOLLOWER]|listeners:[], old=null
2023-06-25 20:38:19,949 [c86d5a2f-2db4-4f76-adc6-5061d66575f1-server-thread2] INFO  segmented.SegmentedRaftLogWorker (SegmentedRaftLogWorker.java:startLogSegment(447)) - c86d5a2f-2db4-4f76-adc6-5061d66575f1@group-AA8173427D7E-SegmentedRaftLogWorker: Starting segment from index:0
2023-06-25 20:38:19,950 [52f6f94e-d183-4208-9d90-b23f37a7c382@group-AA8173427D7E-SegmentedRaftLogWorker] INFO  segmented.SegmentedRaftLogWorker (SegmentedRaftLogWorker.java:execute(651)) - 52f6f94e-d183-4208-9d90-b23f37a7c382@group-AA8173427D7E-SegmentedRaftLogWorker: created new log segment /home/runner/work/ozone/ozone/hadoop-ozone/integration-test/target/test-dir/MiniOzoneClusterImpl-a52b7a0b-0bee-460e-a951-14c7f8ebc071/datanode-1/data/ratis/7ca4f31a-ba94-438a-a556-aa8173427d7e/current/log_inprogress_0
2023-06-25 20:38:19,955 [c86d5a2f-2db4-4f76-adc6-5061d66575f1@group-AA8173427D7E-SegmentedRaftLogWorker] INFO  segmented.SegmentedRaftLogWorker (SegmentedRaftLogWorker.java:execute(651)) - c86d5a2f-2db4-4f76-adc6-5061d66575f1@group-AA8173427D7E-SegmentedRaftLogWorker: created new log segment /home/runner/work/ozone/ozone/hadoop-ozone/integration-test/target/test-dir/MiniOzoneClusterImpl-a52b7a0b-0bee-460e-a951-14c7f8ebc071/datanode-2/data/ratis/7ca4f31a-ba94-438a-a556-aa8173427d7e/current/log_inprogress_0
2023-06-25 20:38:21,426 [main] INFO  ozone.TestSnapshotDeletingService (TestSnapshotDeletingService.java:assertTableRowCount(558)) - keyTable actual row count=2, expectedCount=2
2023-06-25 20:38:21,431 [OM StateMachine ApplyTransaction Thread - 0] INFO  snapshot.OMSnapshotCreateRequest (OMSnapshotCreateRequest.java:validateAndUpdateCache(193)) - Created snapshot: 'bucket1snap1' with snapshotId: '81516f17-c492-4617-9373-3da44e8d2dac' under path 'vol1/bucket1'
2023-06-25 20:38:21,441 [main] INFO  ozone.TestSnapshotDeletingService (TestSnapshotDeletingService.java:assertTableRowCount(558)) - snapshotInfoTable actual row count=0, expectedCount=1
2023-06-25 20:38:21,466 [OMDoubleBufferFlushThread] INFO  db.RDBCheckpointManager (RDBCheckpointManager.java:createCheckpoint(89)) - Created checkpoint in rocksDB at /home/runner/work/ozone/ozone/hadoop-ozone/integration-test/target/test-dir/MiniOzoneClusterImpl-a52b7a0b-0bee-460e-a951-14c7f8ebc071/ozone-meta/db.snapshots/checkpointState/om.db-81516f17-c492-4617-9373-3da44e8d2dac in 25 milliseconds
2023-06-25 20:38:21,468 [OMDoubleBufferFlushThread] INFO  db.RDBCheckpointUtils (RDBCheckpointUtils.java:waitForCheckpointDirectoryExist(59)) - Waited for 2 milliseconds for checkpoint directory /home/runner/work/ozone/ozone/hadoop-ozone/integration-test/target/test-dir/MiniOzoneClusterImpl-a52b7a0b-0bee-460e-a951-14c7f8ebc071/ozone-meta/db.snapshots/checkpointState/om.db-81516f17-c492-4617-9373-3da44e8d2dac availability.
2023-06-25 20:38:21,471 [OMDoubleBufferFlushThread] INFO  om.OmSnapshotManager (OmSnapshotManager.java:createOmSnapshotCheckpoint(438)) - Created checkpoint : /home/runner/work/ozone/ozone/hadoop-ozone/integration-test/target/test-dir/MiniOzoneClusterImpl-a52b7a0b-0bee-460e-a951-14c7f8ebc071/ozone-meta/db.snapshots/checkpointState/om.db-81516f17-c492-4617-9373-3da44e8d2dac for snapshot bucket1snap1
2023-06-25 20:38:21,522 [KeyDeletingService#0] WARN  server.ServerUtils (ServerUtils.java:getDBPath(311)) - ozone.om.db.dirs is not configured. We recommend adding this setting. Falling back to ozone.metadata.dirs instead.
2023-06-25 20:38:21,523 [KeyDeletingService#0] INFO  helpers.OmKeyInfo (OmKeyInfo.java:getCodec(71)) - OmKeyInfo.getCodec ignorePipeline = true
2023-06-25 20:38:22,442 [main] INFO  ozone.TestSnapshotDeletingService (TestSnapshotDeletingService.java:assertTableRowCount(558)) - snapshotInfoTable actual row count=1, expectedCount=1
2023-06-25 20:38:23,991 [main] INFO  ozone.TestSnapshotDeletingService (TestSnapshotDeletingService.java:assertTableRowCount(558)) - keyTable actual row count=0, expectedCount=0
2023-06-25 20:38:23,992 [main] INFO  ozone.TestSnapshotDeletingService (TestSnapshotDeletingService.java:assertTableRowCount(558)) - deletedTable actual row count=3, expectedCount=1
2023-06-25 20:38:24,026 [IPC Server handler 19 on default port 15036] INFO  ha.SequenceIdGenerator (SequenceIdGenerator.java:getNextId(128)) - Allocate a batch for delTxnId, change lastId from 0 to 1000.
2023-06-25 20:38:24,993 [main] INFO  ozone.TestSnapshotDeletingService (TestSnapshotDeletingService.java:assertTableRowCount(558)) - deletedTable actual row count=1, expectedCount=1
2023-06-25 20:38:24,997 [OM StateMachine ApplyTransaction Thread - 0] INFO  snapshot.OMSnapshotCreateRequest (OMSnapshotCreateRequest.java:validateAndUpdateCache(193)) - Created snapshot: 'bucket1snap2' with snapshotId: '6e28d8e6-2ce9-4869-9f95-33ac83e758fa' under path 'vol1/bucket1'
2023-06-25 20:38:24,999 [main] INFO  ozone.TestSnapshotDeletingService (TestSnapshotDeletingService.java:assertTableRowCount(558)) - snapshotInfoTable actual row count=1, expectedCount=2
2023-06-25 20:38:25,026 [OMDoubleBufferFlushThread] INFO  db.RDBCheckpointManager (RDBCheckpointManager.java:createCheckpoint(89)) - Created checkpoint in rocksDB at /home/runner/work/ozone/ozone/hadoop-ozone/integration-test/target/test-dir/MiniOzoneClusterImpl-a52b7a0b-0bee-460e-a951-14c7f8ebc071/ozone-meta/db.snapshots/checkpointState/om.db-6e28d8e6-2ce9-4869-9f95-33ac83e758fa in 26 milliseconds
2023-06-25 20:38:25,026 [OMDoubleBufferFlushThread] INFO  db.RDBCheckpointUtils (RDBCheckpointUtils.java:waitForCheckpointDirectoryExist(59)) - Waited for 0 milliseconds for checkpoint directory /home/runner/work/ozone/ozone/hadoop-ozone/integration-test/target/test-dir/MiniOzoneClusterImpl-a52b7a0b-0bee-460e-a951-14c7f8ebc071/ozone-meta/db.snapshots/checkpointState/om.db-6e28d8e6-2ce9-4869-9f95-33ac83e758fa availability.
2023-06-25 20:38:25,028 [OMDoubleBufferFlushThread] INFO  om.OmSnapshotManager (OmSnapshotManager.java:createOmSnapshotCheckpoint(438)) - Created checkpoint : /home/runner/work/ozone/ozone/hadoop-ozone/integration-test/target/test-dir/MiniOzoneClusterImpl-a52b7a0b-0bee-460e-a951-14c7f8ebc071/ozone-meta/db.snapshots/checkpointState/om.db-6e28d8e6-2ce9-4869-9f95-33ac83e758fa for snapshot bucket1snap2
2023-06-25 20:38:25,030 [KeyDeletingService#0] WARN  server.ServerUtils (ServerUtils.java:getDBPath(311)) - ozone.om.db.dirs is not configured. We recommend adding this setting. Falling back to ozone.metadata.dirs instead.
2023-06-25 20:38:25,030 [KeyDeletingService#0] INFO  helpers.OmKeyInfo (OmKeyInfo.java:getCodec(71)) - OmKeyInfo.getCodec ignorePipeline = true
2023-06-25 20:38:26,000 [main] INFO  ozone.TestSnapshotDeletingService (TestSnapshotDeletingService.java:assertTableRowCount(558)) - snapshotInfoTable actual row count=2, expectedCount=2
2023-06-25 20:38:26,001 [main] INFO  ozone.TestSnapshotDeletingService (TestSnapshotDeletingService.java:assertTableRowCount(558)) - deletedTable actual row count=0, expectedCount=0
2023-06-25 20:38:28,036 [main] INFO  ozone.TestSnapshotDeletingService (TestSnapshotDeletingService.java:assertTableRowCount(558)) - keyTable actual row count=1, expectedCount=1
2023-06-25 20:38:28,037 [main] INFO  ozone.TestSnapshotDeletingService (TestSnapshotDeletingService.java:assertTableRowCount(558)) - deletedTable actual row count=1, expectedCount=0
2023-06-25 20:38:29,037 [main] INFO  ozone.TestSnapshotDeletingService (TestSnapshotDeletingService.java:assertTableRowCount(558)) - deletedTable actual row count=0, expectedCount=0
2023-06-25 20:38:29,042 [OM StateMachine ApplyTransaction Thread - 0] INFO  snapshot.OMSnapshotCreateRequest (OMSnapshotCreateRequest.java:validateAndUpdateCache(193)) - Created snapshot: 'bucket1snap3' with snapshotId: '5e235556-d114-4090-b828-73b097c667af' under path 'vol1/bucket1'
2023-06-25 20:38:29,043 [main] INFO  ozone.TestSnapshotDeletingService (TestSnapshotDeletingService.java:assertTableRowCount(558)) - snapshotInfoTable actual row count=2, expectedCount=3
2023-06-25 20:38:29,077 [OMDoubleBufferFlushThread] INFO  db.RDBCheckpointManager (RDBCheckpointManager.java:createCheckpoint(89)) - Created checkpoint in rocksDB at /home/runner/work/ozone/ozone/hadoop-ozone/integration-test/target/test-dir/MiniOzoneClusterImpl-a52b7a0b-0bee-460e-a951-14c7f8ebc071/ozone-meta/db.snapshots/checkpointState/om.db-5e235556-d114-4090-b828-73b097c667af in 31 milliseconds
2023-06-25 20:38:29,078 [OMDoubleBufferFlushThread] INFO  db.RDBCheckpointUtils (RDBCheckpointUtils.java:waitForCheckpointDirectoryExist(59)) - Waited for 1 milliseconds for checkpoint directory /home/runner/work/ozone/ozone/hadoop-ozone/integration-test/target/test-dir/MiniOzoneClusterImpl-a52b7a0b-0bee-460e-a951-14c7f8ebc071/ozone-meta/db.snapshots/checkpointState/om.db-5e235556-d114-4090-b828-73b097c667af availability.
2023-06-25 20:38:29,078 [OMDoubleBufferFlushThread] INFO  om.OmSnapshotManager (OmSnapshotManager.java:createOmSnapshotCheckpoint(438)) - Created checkpoint : /home/runner/work/ozone/ozone/hadoop-ozone/integration-test/target/test-dir/MiniOzoneClusterImpl-a52b7a0b-0bee-460e-a951-14c7f8ebc071/ozone-meta/db.snapshots/checkpointState/om.db-5e235556-d114-4090-b828-73b097c667af for snapshot bucket1snap3
2023-06-25 20:38:29,525 [KeyDeletingService#0] WARN  server.ServerUtils (ServerUtils.java:getDBPath(311)) - ozone.om.db.dirs is not configured. We recommend adding this setting. Falling back to ozone.metadata.dirs instead.
2023-06-25 20:38:29,526 [KeyDeletingService#0] INFO  helpers.OmKeyInfo (OmKeyInfo.java:getCodec(71)) - OmKeyInfo.getCodec ignorePipeline = true
2023-06-25 20:38:30,045 [main] INFO  ozone.TestSnapshotDeletingService (TestSnapshotDeletingService.java:assertTableRowCount(558)) - snapshotInfoTable actual row count=3, expectedCount=3
2023-06-25 20:38:30,049 [OM StateMachine ApplyTransaction Thread - 0] INFO  snapshot.OMSnapshotDeleteRequest (OMSnapshotDeleteRequest.java:validateAndUpdateCache(225)) - Deleted snapshot 'bucket1snap2' under path 'vol1/bucket1'
2023-06-25 20:38:30,051 [main] INFO  ozone.TestSnapshotDeletingService (TestSnapshotDeletingService.java:assertTableRowCount(558)) - snapshotInfoTable actual row count=3, expectedCount=2
2023-06-25 20:38:30,531 [OM StateMachine ApplyTransaction Thread - 0] INFO  upgrade.AbstractLayoutVersionManager (AbstractLayoutVersionManager.java:init(83)) - Initializing Layout version manager with metadata layout = QUOTA (version = 6), software layout = QUOTA (version = 6)
2023-06-25 20:38:31,052 [main] INFO  ozone.TestSnapshotDeletingService (TestSnapshotDeletingService.java:assertTableRowCount(558)) - snapshotInfoTable actual row count=2, expectedCount=2
2023-06-25 20:38:31,055 [main] INFO  rpc.RpcClient (RpcClient.java:createBucket(686)) - Creating Bucket: vol1/bucket2, with bucket layout LEGACY, runner as owner, Versioning false, Storage Type set to DISK and Encryption set to false, Replication Type set to server-side default replication type, Namespace Quota set to -1, Space Quota set to -1 
2023-06-25 20:38:31,059 [OM StateMachine ApplyTransaction Thread - 0] INFO  bucket.OMBucketCreateRequest (OMBucketCreateRequest.java:validateAndUpdateCache(270)) - created bucket: bucket2 of layout LEGACY in volume: vol1
2023-06-25 20:38:33,045 [OM StateMachine ApplyTransaction Thread - 0] INFO  snapshot.OMSnapshotCreateRequest (OMSnapshotCreateRequest.java:validateAndUpdateCache(193)) - Created snapshot: 'bucket2snap1' with snapshotId: 'fbf2dc78-32a3-4ec2-a3c0-5f370957a20b' under path 'vol1/bucket2'
2023-06-25 20:38:33,047 [main] INFO  ozone.TestSnapshotDeletingService (TestSnapshotDeletingService.java:assertTableRowCount(558)) - snapshotInfoTable actual row count=2, expectedCount=3
2023-06-25 20:38:33,053 [Thread-1471] INFO  rocksdiff.RocksDBCheckpointDiffer (RocksDBCheckpointDiffer.java:onCompactionCompleted(527)) - Skipped the compaction entry. Compaction input files: [/home/runner/work/ozone/ozone/hadoop-ozone/integration-test/target/test-dir/MiniOzoneClusterImpl-a52b7a0b-0bee-460e-a951-14c7f8ebc071/ozone-meta/om.db/000065.sst, /home/runner/work/ozone/ozone/hadoop-ozone/integration-test/target/test-dir/MiniOzoneClusterImpl-a52b7a0b-0bee-460e-a951-14c7f8ebc071/ozone-meta/om.db/000058.sst, /home/runner/work/ozone/ozone/hadoop-ozone/integration-test/target/test-dir/MiniOzoneClusterImpl-a52b7a0b-0bee-460e-a951-14c7f8ebc071/ozone-meta/om.db/000051.sst] and output files: [/home/runner/work/ozone/ozone/hadoop-ozone/integration-test/target/test-dir/MiniOzoneClusterImpl-a52b7a0b-0bee-460e-a951-14c7f8ebc071/ozone-meta/om.db/000065.sst, /home/runner/work/ozone/ozone/hadoop-ozone/integration-test/target/test-dir/MiniOzoneClusterImpl-a52b7a0b-0bee-460e-a951-14c7f8ebc071/ozone-meta/om.db/000058.sst, /home/runner/work/ozone/ozone/hadoop-ozone/integration-test/target/test-dir/MiniOzoneClusterImpl-a52b7a0b-0bee-460e-a951-14c7f8ebc071/ozone-meta/om.db/000051.sst] are same.
2023-06-25 20:38:33,067 [Thread-1511] INFO  rocksdiff.RocksDBCheckpointDiffer (RocksDBCheckpointDiffer.java:onCompactionCompleted(527)) - Skipped the compaction entry. Compaction input files: [/home/runner/work/ozone/ozone/hadoop-ozone/integration-test/target/test-dir/MiniOzoneClusterImpl-a52b7a0b-0bee-460e-a951-14c7f8ebc071/ozone-meta/om.db/000075.sst, /home/runner/work/ozone/ozone/hadoop-ozone/integration-test/target/test-dir/MiniOzoneClusterImpl-a52b7a0b-0bee-460e-a951-14c7f8ebc071/ozone-meta/om.db/000067.sst, /home/runner/work/ozone/ozone/hadoop-ozone/integration-test/target/test-dir/MiniOzoneClusterImpl-a52b7a0b-0bee-460e-a951-14c7f8ebc071/ozone-meta/om.db/000060.sst, /home/runner/work/ozone/ozone/hadoop-ozone/integration-test/target/test-dir/MiniOzoneClusterImpl-a52b7a0b-0bee-460e-a951-14c7f8ebc071/ozone-meta/om.db/000053.sst] and output files: [/home/runner/work/ozone/ozone/hadoop-ozone/integration-test/target/test-dir/MiniOzoneClusterImpl-a52b7a0b-0bee-460e-a951-14c7f8ebc071/ozone-meta/om.db/000075.sst, /home/runner/work/ozone/ozone/hadoop-ozone/integration-test/target/test-dir/MiniOzoneClusterImpl-a52b7a0b-0bee-460e-a951-14c7f8ebc071/ozone-meta/om.db/000067.sst, /home/runner/work/ozone/ozone/hadoop-ozone/integration-test/target/test-dir/MiniOzoneClusterImpl-a52b7a0b-0bee-460e-a951-14c7f8ebc071/ozone-meta/om.db/000060.sst, /home/runner/work/ozone/ozone/hadoop-ozone/integration-test/target/test-dir/MiniOzoneClusterImpl-a52b7a0b-0bee-460e-a951-14c7f8ebc071/ozone-meta/om.db/000053.sst] are same.
2023-06-25 20:38:33,081 [OMDoubleBufferFlushThread] INFO  db.RDBCheckpointManager (RDBCheckpointManager.java:createCheckpoint(89)) - Created checkpoint in rocksDB at /home/runner/work/ozone/ozone/hadoop-ozone/integration-test/target/test-dir/MiniOzoneClusterImpl-a52b7a0b-0bee-460e-a951-14c7f8ebc071/ozone-meta/db.snapshots/checkpointState/om.db-fbf2dc78-32a3-4ec2-a3c0-5f370957a20b in 35 milliseconds
2023-06-25 20:38:33,081 [OMDoubleBufferFlushThread] INFO  db.RDBCheckpointUtils (RDBCheckpointUtils.java:waitForCheckpointDirectoryExist(59)) - Waited for 0 milliseconds for checkpoint directory /home/runner/work/ozone/ozone/hadoop-ozone/integration-test/target/test-dir/MiniOzoneClusterImpl-a52b7a0b-0bee-460e-a951-14c7f8ebc071/ozone-meta/db.snapshots/checkpointState/om.db-fbf2dc78-32a3-4ec2-a3c0-5f370957a20b availability.
2023-06-25 20:38:33,082 [OMDoubleBufferFlushThread] INFO  om.OmSnapshotManager (OmSnapshotManager.java:createOmSnapshotCheckpoint(438)) - Created checkpoint : /home/runner/work/ozone/ozone/hadoop-ozone/integration-test/target/test-dir/MiniOzoneClusterImpl-a52b7a0b-0bee-460e-a951-14c7f8ebc071/ozone-meta/db.snapshots/checkpointState/om.db-fbf2dc78-32a3-4ec2-a3c0-5f370957a20b for snapshot bucket2snap1
2023-06-25 20:38:33,527 [KeyDeletingService#0] WARN  server.ServerUtils (ServerUtils.java:getDBPath(311)) - ozone.om.db.dirs is not configured. We recommend adding this setting. Falling back to ozone.metadata.dirs instead.
2023-06-25 20:38:33,528 [KeyDeletingService#0] INFO  helpers.OmKeyInfo (OmKeyInfo.java:getCodec(71)) - OmKeyInfo.getCodec ignorePipeline = true
2023-06-25 20:38:34,048 [main] INFO  ozone.TestSnapshotDeletingService (TestSnapshotDeletingService.java:assertTableRowCount(558)) - snapshotInfoTable actual row count=3, expectedCount=3
2023-06-25 20:38:34,060 [main] INFO  ozone.TestSnapshotDeletingService (TestSnapshotDeletingService.java:assertTableRowCount(558)) - deletedTable actual row count=2, expectedCount=2
2023-06-25 20:38:34,064 [OM StateMachine ApplyTransaction Thread - 0] INFO  snapshot.OMSnapshotDeleteRequest (OMSnapshotDeleteRequest.java:validateAndUpdateCache(225)) - Deleted snapshot 'bucket2snap1' under path 'vol1/bucket2'
2023-06-25 20:38:34,066 [main] INFO  ozone.TestSnapshotDeletingService (TestSnapshotDeletingService.java:assertTableRowCount(558)) - snapshotInfoTable actual row count=3, expectedCount=2
2023-06-25 20:38:35,067 [main] INFO  ozone.TestSnapshotDeletingService (TestSnapshotDeletingService.java:assertTableRowCount(558)) - snapshotInfoTable actual row count=2, expectedCount=2
2023-06-25 20:38:35,068 [main] INFO  ozone.TestSnapshotDeletingService (TestSnapshotDeletingService.java:assertTableRowCount(558)) - deletedTable actual row count=0, expectedCount=0
2023-06-25 20:38:35,092 [main] INFO  ozone.MiniOzoneClusterImpl (MiniOzoneClusterImpl.java:shutdown(443)) - Shutting down the Mini Ozone Cluster
2023-06-25 20:38:35,093 [main] INFO  ozone.MiniOzoneClusterImpl (MiniOzoneClusterImpl.java:stop(460)) - Stopping the Mini Ozone Cluster
2023-06-25 20:38:35,093 [main] INFO  ozone.MiniOzoneClusterImpl (MiniOzoneClusterImpl.java:stopOM(551)) - Stopping the OzoneManager
2023-06-25 20:38:35,093 [main] INFO  om.OzoneManager (OzoneManager.java:stop(2187)) - om1[localhost:15039]: Stopping Ozone Manager
2023-06-25 20:38:35,093 [main] INFO  ipc.Server (Server.java:stop(3501)) - Stopping server on 15039
2023-06-25 20:38:35,100 [IPC Server Responder] INFO  ipc.Server (Server.java:run(1563)) - Stopping IPC Server Responder
2023-06-25 20:38:35,100 [IPC Server listener on 15039] INFO  ipc.Server (Server.java:run(1430)) - Stopping IPC Server listener on 15039
2023-06-25 20:38:35,101 [main] INFO  server.RaftServer (RaftServerProxy.java:lambda$close$6(416)) - om1: close
2023-06-25 20:38:35,102 [main] INFO  server.GrpcService (GrpcService.java:closeImpl(311)) - om1: shutdown server GrpcServerProtocolService now
2023-06-25 20:38:35,102 [om1-impl-thread1] INFO  server.RaftServer$Division (RaftServerImpl.java:lambda$close$4(466)) - om1@group-C5BA1605619E: shutdown
2023-06-25 20:38:35,102 [om1-impl-thread1] INFO  util.JmxRegister (JmxRegister.java:unregister(73)) - Successfully un-registered JMX Bean with object name Ratis:service=RaftServer,group=group-C5BA1605619E,id=om1
2023-06-25 20:38:35,102 [om1-impl-thread1] INFO  impl.RoleInfo (RoleInfo.java:shutdownLeaderState(93)) - om1: shutdown om1@group-C5BA1605619E-LeaderStateImpl
2023-06-25 20:38:35,102 [om1-impl-thread1] INFO  impl.PendingRequests (PendingRequests.java:sendNotLeaderResponses(289)) - om1@group-C5BA1605619E-PendingRequests: sendNotLeaderResponses
2023-06-25 20:38:35,104 [om1-impl-thread1] INFO  impl.StateMachineUpdater (StateMachineUpdater.java:stopAndJoin(155)) - om1@group-C5BA1605619E-StateMachineUpdater: set stopIndex = 88
2023-06-25 20:38:35,105 [om1@group-C5BA1605619E-StateMachineUpdater] INFO  ratis.OzoneManagerStateMachine (OzoneManagerStateMachine.java:takeSnapshot(479)) - Current Snapshot Index (t:1, i:88)
2023-06-25 20:38:35,107 [main] INFO  server.GrpcService (GrpcService.java:closeImpl(320)) - om1: shutdown server GrpcServerProtocolService successfully
2023-06-25 20:38:35,128 [om1@group-C5BA1605619E-StateMachineUpdater] INFO  impl.StateMachineUpdater (StateMachineUpdater.java:takeSnapshot(291)) - om1@group-C5BA1605619E-StateMachineUpdater: Took a snapshot at index 88
2023-06-25 20:38:35,128 [om1@group-C5BA1605619E-StateMachineUpdater] INFO  impl.StateMachineUpdater (StateMachineUpdater.java:lambda$new$0(97)) - om1@group-C5BA1605619E-StateMachineUpdater: snapshotIndex: updateIncreasingly -1 -> 88
2023-06-25 20:38:35,128 [om1@group-C5BA1605619E-StateMachineUpdater] INFO  ratis.OzoneManagerStateMachine (OzoneManagerStateMachine.java:close(533)) - StateMachine has shutdown. Shutdown OzoneManager if not already shutdown.
2023-06-25 20:38:35,128 [om1@group-C5BA1605619E-StateMachineUpdater] INFO  ratis.OzoneManagerDoubleBuffer (OzoneManagerDoubleBuffer.java:stopDaemon(551)) - Stopping OMDoubleBuffer flush thread
2023-06-25 20:38:35,128 [OMDoubleBufferFlushThread] INFO  ratis.OzoneManagerDoubleBuffer (OzoneManagerDoubleBuffer.java:canFlush(638)) - OMDoubleBuffer flush thread OMDoubleBufferFlushThread is interrupted and will exit.
2023-06-25 20:38:35,130 [om1-impl-thread1] INFO  server.RaftServer$Division (ServerState.java:close(472)) - om1@group-C5BA1605619E: closes. applyIndex: 88
2023-06-25 20:38:36,033 [om1-impl-thread1] INFO  segmented.SegmentedRaftLogWorker (SegmentedRaftLogWorker.java:close(252)) - om1@group-C5BA1605619E-SegmentedRaftLogWorker close()
2023-06-25 20:38:36,034 [JvmPauseMonitor6] INFO  util.JvmPauseMonitor (JvmPauseMonitor.java:run(109)) - JvmPauseMonitor-om1: Stopped
2023-06-25 20:38:36,034 [main] INFO  ratis.OzoneManagerStateMachine (OzoneManagerStateMachine.java:close(533)) - StateMachine has shutdown. Shutdown OzoneManager if not already shutdown.
2023-06-25 20:38:36,034 [main] INFO  ratis.OzoneManagerDoubleBuffer (OzoneManagerDoubleBuffer.java:stopDaemon(560)) - OMDoubleBuffer flush thread is not running.
2023-06-25 20:38:36,036 [main] INFO  utils.BackgroundService (BackgroundService.java:shutdown(141)) - Shutting down service KeyDeletingService
2023-06-25 20:38:36,036 [main] INFO  utils.BackgroundService (BackgroundService.java:shutdown(141)) - Shutting down service KeyDeletingService
2023-06-25 20:38:36,037 [main] INFO  utils.BackgroundService (BackgroundService.java:shutdown(141)) - Shutting down service OpenKeyCleanupService
2023-06-25 20:38:36,037 [main] INFO  utils.BackgroundService (BackgroundService.java:shutdown(141)) - Shutting down service SstFilteringService
2023-06-25 20:38:36,037 [main] INFO  utils.BackgroundService (BackgroundService.java:shutdown(141)) - Shutting down service SnapshotDeletingService
2023-06-25 20:38:36,038 [main] INFO  handler.ContextHandler (ContextHandler.java:doStop(1159)) - Stopped o.e.j.w.WebAppContext@2bc6ffe2{ozoneManager,/,null,STOPPED}{file:/home/runner/work/ozone/ozone/hadoop-ozone/integration-test/target/test-classes/webapps/ozoneManager}
2023-06-25 20:38:36,038 [main] INFO  server.AbstractConnector (AbstractConnector.java:doStop(383)) - Stopped ServerConnector@21f67596{HTTP/1.1, (http/1.1)}{0.0.0.0:15040}
2023-06-25 20:38:36,039 [main] INFO  server.session (HouseKeeper.java:stopScavenging(149)) - node0 Stopped scavenging
2023-06-25 20:38:36,039 [main] INFO  handler.ContextHandler (ContextHandler.java:doStop(1159)) - Stopped o.e.j.s.ServletContextHandler@6032cb26{static,/static,file:///home/runner/work/ozone/ozone/hadoop-ozone/integration-test/target/test-classes/webapps/static,STOPPED}
2023-06-25 20:38:36,039 [main] INFO  handler.ContextHandler (ContextHandler.java:doStop(1159)) - Stopped o.e.j.s.ServletContextHandler@3bea96e2{logs,/logs,file:///home/runner/work/ozone/ozone/hadoop-ozone/integration-test/target/log,STOPPED}
2023-06-25 20:38:36,043 [main] INFO  snapshot.SnapshotDiffManager (SnapshotDiffManager.java:closeExecutorService(1630)) - Shutting down executorService: 'SnapDiffExecutor'
2023-06-25 20:38:36,043 [main] INFO  snapshot.SnapshotDiffManager (SnapshotDiffManager.java:closeExecutorService(1630)) - Shutting down executorService: 'SstDumpToolExecutor'
2023-06-25 20:38:36,051 [main] INFO  utils.BackgroundService (BackgroundService.java:shutdown(141)) - Shutting down service SnapshotDiffCleanupService
2023-06-25 20:38:36,052 [main] INFO  ozone.MiniOzoneClusterImpl (MiniOzoneClusterImpl.java:stopDatanodes(528)) - Stopping the HddsDatanodes
2023-06-25 20:38:36,055 [main] INFO  ozoneimpl.OzoneContainer (OzoneContainer.java:stop(441)) - Attempting to stop container services.
2023-06-25 20:38:36,056 [main] INFO  server.RaftServer (RaftServerProxy.java:lambda$close$6(416)) - 52f6f94e-d183-4208-9d90-b23f37a7c382: close
2023-06-25 20:38:36,057 [52f6f94e-d183-4208-9d90-b23f37a7c382-impl-thread1] INFO  server.RaftServer$Division (RaftServerImpl.java:lambda$close$4(466)) - 52f6f94e-d183-4208-9d90-b23f37a7c382@group-D53594BA4322: shutdown
2023-06-25 20:38:36,057 [52f6f94e-d183-4208-9d90-b23f37a7c382-impl-thread1] INFO  util.JmxRegister (JmxRegister.java:unregister(73)) - Successfully un-registered JMX Bean with object name Ratis:service=RaftServer,group=group-D53594BA4322,id=52f6f94e-d183-4208-9d90-b23f37a7c382
2023-06-25 20:38:36,057 [52f6f94e-d183-4208-9d90-b23f37a7c382-impl-thread1] INFO  impl.RoleInfo (RoleInfo.java:shutdownFollowerState(110)) - 52f6f94e-d183-4208-9d90-b23f37a7c382: shutdown 52f6f94e-d183-4208-9d90-b23f37a7c382@group-D53594BA4322-FollowerState
2023-06-25 20:38:36,057 [52f6f94e-d183-4208-9d90-b23f37a7c382-impl-thread2] INFO  server.RaftServer$Division (RaftServerImpl.java:lambda$close$4(466)) - 52f6f94e-d183-4208-9d90-b23f37a7c382@group-AA8173427D7E: shutdown
2023-06-25 20:38:36,057 [52f6f94e-d183-4208-9d90-b23f37a7c382-impl-thread2] INFO  util.JmxRegister (JmxRegister.java:unregister(73)) - Successfully un-registered JMX Bean with object name Ratis:service=RaftServer,group=group-AA8173427D7E,id=52f6f94e-d183-4208-9d90-b23f37a7c382
2023-06-25 20:38:36,057 [52f6f94e-d183-4208-9d90-b23f37a7c382-impl-thread2] INFO  impl.RoleInfo (RoleInfo.java:shutdownFollowerState(110)) - 52f6f94e-d183-4208-9d90-b23f37a7c382: shutdown 52f6f94e-d183-4208-9d90-b23f37a7c382@group-AA8173427D7E-FollowerState
2023-06-25 20:38:36,058 [main] INFO  server.GrpcService (GrpcService.java:closeImpl(311)) - 52f6f94e-d183-4208-9d90-b23f37a7c382: shutdown server org.apache.ratis.grpc.server.GrpcClientProtocolService now
2023-06-25 20:38:36,058 [52f6f94e-d183-4208-9d90-b23f37a7c382@group-D53594BA4322-StateMachineUpdater] INFO  ratis.ContainerStateMachine (ContainerStateMachine.java:takeSnapshot(330)) - group-D53594BA4322: Taking a snapshot at:(t:1, i:450) file /home/runner/work/ozone/ozone/hadoop-ozone/integration-test/target/test-dir/MiniOzoneClusterImpl-a52b7a0b-0bee-460e-a951-14c7f8ebc071/datanode-1/data/ratis/7342d943-a4f5-4b27-9be9-d53594ba4322/sm/snapshot.1_450
2023-06-25 20:38:36,058 [52f6f94e-d183-4208-9d90-b23f37a7c382@group-D53594BA4322-FollowerState] INFO  impl.FollowerState (FollowerState.java:run(152)) - 52f6f94e-d183-4208-9d90-b23f37a7c382@group-D53594BA4322-FollowerState was interrupted
2023-06-25 20:38:36,058 [52f6f94e-d183-4208-9d90-b23f37a7c382-impl-thread1] INFO  impl.StateMachineUpdater (StateMachineUpdater.java:stopAndJoin(155)) - 52f6f94e-d183-4208-9d90-b23f37a7c382@group-D53594BA4322-StateMachineUpdater: set stopIndex = 450
2023-06-25 20:38:36,060 [52f6f94e-d183-4208-9d90-b23f37a7c382@group-D53594BA4322-StateMachineUpdater] INFO  ratis.ContainerStateMachine (ContainerStateMachine.java:takeSnapshot(341)) - group-D53594BA4322: Finished taking a snapshot at:(t:1, i:450) file:/home/runner/work/ozone/ozone/hadoop-ozone/integration-test/target/test-dir/MiniOzoneClusterImpl-a52b7a0b-0bee-460e-a951-14c7f8ebc071/datanode-1/data/ratis/7342d943-a4f5-4b27-9be9-d53594ba4322/sm/snapshot.1_450 took: 2 ms
2023-06-25 20:38:36,060 [52f6f94e-d183-4208-9d90-b23f37a7c382-impl-thread3] INFO  server.RaftServer$Division (RaftServerImpl.java:lambda$close$4(466)) - 52f6f94e-d183-4208-9d90-b23f37a7c382@group-6BBE77A876E9: shutdown
2023-06-25 20:38:36,061 [52f6f94e-d183-4208-9d90-b23f37a7c382-impl-thread3] INFO  util.JmxRegister (JmxRegister.java:unregister(73)) - Successfully un-registered JMX Bean with object name Ratis:service=RaftServer,group=group-6BBE77A876E9,id=52f6f94e-d183-4208-9d90-b23f37a7c382
2023-06-25 20:38:36,061 [52f6f94e-d183-4208-9d90-b23f37a7c382@group-D53594BA4322-StateMachineUpdater] INFO  impl.StateMachineUpdater (StateMachineUpdater.java:takeSnapshot(291)) - 52f6f94e-d183-4208-9d90-b23f37a7c382@group-D53594BA4322-StateMachineUpdater: Took a snapshot at index 450
2023-06-25 20:38:36,061 [52f6f94e-d183-4208-9d90-b23f37a7c382@group-D53594BA4322-StateMachineUpdater] INFO  impl.StateMachineUpdater (StateMachineUpdater.java:lambda$new$0(97)) - 52f6f94e-d183-4208-9d90-b23f37a7c382@group-D53594BA4322-StateMachineUpdater: snapshotIndex: updateIncreasingly -1 -> 450
2023-06-25 20:38:36,061 [52f6f94e-d183-4208-9d90-b23f37a7c382-impl-thread3] INFO  impl.RoleInfo (RoleInfo.java:shutdownLeaderState(93)) - 52f6f94e-d183-4208-9d90-b23f37a7c382: shutdown 52f6f94e-d183-4208-9d90-b23f37a7c382@group-6BBE77A876E9-LeaderStateImpl
2023-06-25 20:38:36,061 [52f6f94e-d183-4208-9d90-b23f37a7c382-impl-thread3] INFO  impl.PendingRequests (PendingRequests.java:sendNotLeaderResponses(289)) - 52f6f94e-d183-4208-9d90-b23f37a7c382@group-6BBE77A876E9-PendingRequests: sendNotLeaderResponses
2023-06-25 20:38:36,061 [52f6f94e-d183-4208-9d90-b23f37a7c382-impl-thread3] INFO  impl.StateMachineUpdater (StateMachineUpdater.java:stopAndJoin(155)) - 52f6f94e-d183-4208-9d90-b23f37a7c382@group-6BBE77A876E9-StateMachineUpdater: set stopIndex = 0
2023-06-25 20:38:36,062 [52f6f94e-d183-4208-9d90-b23f37a7c382@group-6BBE77A876E9-StateMachineUpdater] INFO  ratis.ContainerStateMachine (ContainerStateMachine.java:takeSnapshot(330)) - group-6BBE77A876E9: Taking a snapshot at:(t:1, i:0) file /home/runner/work/ozone/ozone/hadoop-ozone/integration-test/target/test-dir/MiniOzoneClusterImpl-a52b7a0b-0bee-460e-a951-14c7f8ebc071/datanode-1/data/ratis/a7fbe15d-68f2-49ac-8438-6bbe77a876e9/sm/snapshot.1_0
2023-06-25 20:38:36,062 [52f6f94e-d183-4208-9d90-b23f37a7c382@group-AA8173427D7E-FollowerState] INFO  impl.FollowerState (FollowerState.java:run(152)) - 52f6f94e-d183-4208-9d90-b23f37a7c382@group-AA8173427D7E-FollowerState was interrupted
2023-06-25 20:38:36,062 [52f6f94e-d183-4208-9d90-b23f37a7c382-impl-thread2] INFO  impl.StateMachineUpdater (StateMachineUpdater.java:stopAndJoin(155)) - 52f6f94e-d183-4208-9d90-b23f37a7c382@group-AA8173427D7E-StateMachineUpdater: set stopIndex = 125
2023-06-25 20:38:36,064 [ForkJoinPool.commonPool-worker-2] INFO  ozoneimpl.OzoneContainer (OzoneContainer.java:stop(441)) - Attempting to stop container services.
2023-06-25 20:38:36,062 [52f6f94e-d183-4208-9d90-b23f37a7c382@group-6BBE77A876E9-StateMachineUpdater] INFO  ratis.ContainerStateMachine (ContainerStateMachine.java:takeSnapshot(341)) - group-6BBE77A876E9: Finished taking a snapshot at:(t:1, i:0) file:/home/runner/work/ozone/ozone/hadoop-ozone/integration-test/target/test-dir/MiniOzoneClusterImpl-a52b7a0b-0bee-460e-a951-14c7f8ebc071/datanode-1/data/ratis/a7fbe15d-68f2-49ac-8438-6bbe77a876e9/sm/snapshot.1_0 took: 1 ms
2023-06-25 20:38:36,064 [52f6f94e-d183-4208-9d90-b23f37a7c382@group-6BBE77A876E9-StateMachineUpdater] INFO  impl.StateMachineUpdater (StateMachineUpdater.java:takeSnapshot(291)) - 52f6f94e-d183-4208-9d90-b23f37a7c382@group-6BBE77A876E9-StateMachineUpdater: Took a snapshot at index 0
2023-06-25 20:38:36,064 [52f6f94e-d183-4208-9d90-b23f37a7c382@group-6BBE77A876E9-StateMachineUpdater] INFO  impl.StateMachineUpdater (StateMachineUpdater.java:lambda$new$0(97)) - 52f6f94e-d183-4208-9d90-b23f37a7c382@group-6BBE77A876E9-StateMachineUpdater: snapshotIndex: updateIncreasingly -1 -> 0
2023-06-25 20:38:36,062 [52f6f94e-d183-4208-9d90-b23f37a7c382@group-AA8173427D7E-StateMachineUpdater] INFO  ratis.ContainerStateMachine (ContainerStateMachine.java:takeSnapshot(330)) - group-AA8173427D7E: Taking a snapshot at:(t:1, i:125) file /home/runner/work/ozone/ozone/hadoop-ozone/integration-test/target/test-dir/MiniOzoneClusterImpl-a52b7a0b-0bee-460e-a951-14c7f8ebc071/datanode-1/data/ratis/7ca4f31a-ba94-438a-a556-aa8173427d7e/sm/snapshot.1_125
2023-06-25 20:38:36,065 [52f6f94e-d183-4208-9d90-b23f37a7c382-impl-thread3] INFO  server.RaftServer$Division (ServerState.java:close(472)) - 52f6f94e-d183-4208-9d90-b23f37a7c382@group-6BBE77A876E9: closes. applyIndex: 0
2023-06-25 20:38:36,069 [Thread-1624] INFO  server.GrpcServerProtocolClient (GrpcServerProtocolClient.java:close(103)) - c86d5a2f-2db4-4f76-adc6-5061d66575f1 Close channels
2023-06-25 20:38:36,068 [52f6f94e-d183-4208-9d90-b23f37a7c382-impl-thread1] INFO  server.RaftServer$Division (ServerState.java:close(472)) - 52f6f94e-d183-4208-9d90-b23f37a7c382@group-D53594BA4322: closes. applyIndex: 450
2023-06-25 20:38:36,068 [ForkJoinPool.commonPool-worker-2] INFO  server.RaftServer (RaftServerProxy.java:lambda$close$6(416)) - 9412d3d0-2519-4c22-9a73-1b5e9d001713: close
2023-06-25 20:38:36,072 [9412d3d0-2519-4c22-9a73-1b5e9d001713-impl-thread1] INFO  server.RaftServer$Division (RaftServerImpl.java:lambda$close$4(466)) - 9412d3d0-2519-4c22-9a73-1b5e9d001713@group-4454F46C2927: shutdown
2023-06-25 20:38:36,072 [9412d3d0-2519-4c22-9a73-1b5e9d001713-impl-thread1] INFO  util.JmxRegister (JmxRegister.java:unregister(73)) - Successfully un-registered JMX Bean with object name Ratis:service=RaftServer,group=group-4454F46C2927,id=9412d3d0-2519-4c22-9a73-1b5e9d001713
2023-06-25 20:38:36,072 [9412d3d0-2519-4c22-9a73-1b5e9d001713-impl-thread1] INFO  impl.RoleInfo (RoleInfo.java:shutdownLeaderState(93)) - 9412d3d0-2519-4c22-9a73-1b5e9d001713: shutdown 9412d3d0-2519-4c22-9a73-1b5e9d001713@group-4454F46C2927-LeaderStateImpl
2023-06-25 20:38:36,072 [9412d3d0-2519-4c22-9a73-1b5e9d001713-impl-thread2] INFO  server.RaftServer$Division (RaftServerImpl.java:lambda$close$4(466)) - 9412d3d0-2519-4c22-9a73-1b5e9d001713@group-D53594BA4322: shutdown
2023-06-25 20:38:36,072 [9412d3d0-2519-4c22-9a73-1b5e9d001713-impl-thread1] INFO  impl.PendingRequests (PendingRequests.java:sendNotLeaderResponses(289)) - 9412d3d0-2519-4c22-9a73-1b5e9d001713@group-4454F46C2927-PendingRequests: sendNotLeaderResponses
2023-06-25 20:38:36,072 [9412d3d0-2519-4c22-9a73-1b5e9d001713-impl-thread2] INFO  util.JmxRegister (JmxRegister.java:unregister(73)) - Successfully un-registered JMX Bean with object name Ratis:service=RaftServer,group=group-D53594BA4322,id=9412d3d0-2519-4c22-9a73-1b5e9d001713
2023-06-25 20:38:36,072 [9412d3d0-2519-4c22-9a73-1b5e9d001713-impl-thread2] INFO  impl.RoleInfo (RoleInfo.java:shutdownFollowerState(110)) - 9412d3d0-2519-4c22-9a73-1b5e9d001713: shutdown 9412d3d0-2519-4c22-9a73-1b5e9d001713@group-D53594BA4322-FollowerState
2023-06-25 20:38:36,072 [ForkJoinPool.commonPool-worker-2] INFO  server.GrpcService (GrpcService.java:closeImpl(311)) - 9412d3d0-2519-4c22-9a73-1b5e9d001713: shutdown server org.apache.ratis.grpc.server.GrpcClientProtocolService now
2023-06-25 20:38:36,073 [9412d3d0-2519-4c22-9a73-1b5e9d001713-impl-thread1] INFO  impl.StateMachineUpdater (StateMachineUpdater.java:stopAndJoin(155)) - 9412d3d0-2519-4c22-9a73-1b5e9d001713@group-4454F46C2927-StateMachineUpdater: set stopIndex = 0
2023-06-25 20:38:36,073 [52f6f94e-d183-4208-9d90-b23f37a7c382@group-AA8173427D7E-StateMachineUpdater] INFO  ratis.ContainerStateMachine (ContainerStateMachine.java:takeSnapshot(341)) - group-AA8173427D7E: Finished taking a snapshot at:(t:1, i:125) file:/home/runner/work/ozone/ozone/hadoop-ozone/integration-test/target/test-dir/MiniOzoneClusterImpl-a52b7a0b-0bee-460e-a951-14c7f8ebc071/datanode-1/data/ratis/7ca4f31a-ba94-438a-a556-aa8173427d7e/sm/snapshot.1_125 took: 7 ms
2023-06-25 20:38:36,073 [Thread-1625] INFO  server.GrpcServerProtocolClient (GrpcServerProtocolClient.java:close(103)) - 9412d3d0-2519-4c22-9a73-1b5e9d001713 Close channels
2023-06-25 20:38:36,073 [52f6f94e-d183-4208-9d90-b23f37a7c382@group-AA8173427D7E-StateMachineUpdater] INFO  impl.StateMachineUpdater (StateMachineUpdater.java:takeSnapshot(291)) - 52f6f94e-d183-4208-9d90-b23f37a7c382@group-AA8173427D7E-StateMachineUpdater: Took a snapshot at index 125
2023-06-25 20:38:36,073 [52f6f94e-d183-4208-9d90-b23f37a7c382@group-AA8173427D7E-StateMachineUpdater] INFO  impl.StateMachineUpdater (StateMachineUpdater.java:lambda$new$0(97)) - 52f6f94e-d183-4208-9d90-b23f37a7c382@group-AA8173427D7E-StateMachineUpdater: snapshotIndex: updateIncreasingly -1 -> 125
2023-06-25 20:38:36,073 [9412d3d0-2519-4c22-9a73-1b5e9d001713@group-4454F46C2927-StateMachineUpdater] INFO  ratis.ContainerStateMachine (ContainerStateMachine.java:takeSnapshot(330)) - group-4454F46C2927: Taking a snapshot at:(t:1, i:0) file /home/runner/work/ozone/ozone/hadoop-ozone/integration-test/target/test-dir/MiniOzoneClusterImpl-a52b7a0b-0bee-460e-a951-14c7f8ebc071/datanode-0/data/ratis/5f11a5bc-9193-4c2b-8a6f-4454f46c2927/sm/snapshot.1_0
2023-06-25 20:38:36,074 [52f6f94e-d183-4208-9d90-b23f37a7c382-impl-thread2] INFO  server.RaftServer$Division (ServerState.java:close(472)) - 52f6f94e-d183-4208-9d90-b23f37a7c382@group-AA8173427D7E: closes. applyIndex: 125
2023-06-25 20:38:36,079 [9412d3d0-2519-4c22-9a73-1b5e9d001713@group-D53594BA4322-FollowerState] INFO  impl.FollowerState (FollowerState.java:run(152)) - 9412d3d0-2519-4c22-9a73-1b5e9d001713@group-D53594BA4322-FollowerState was interrupted
2023-06-25 20:38:36,079 [9412d3d0-2519-4c22-9a73-1b5e9d001713-impl-thread3] INFO  server.RaftServer$Division (RaftServerImpl.java:lambda$close$4(466)) - 9412d3d0-2519-4c22-9a73-1b5e9d001713@group-AA8173427D7E: shutdown
2023-06-25 20:38:36,080 [9412d3d0-2519-4c22-9a73-1b5e9d001713-impl-thread3] INFO  util.JmxRegister (JmxRegister.java:unregister(73)) - Successfully un-registered JMX Bean with object name Ratis:service=RaftServer,group=group-AA8173427D7E,id=9412d3d0-2519-4c22-9a73-1b5e9d001713
2023-06-25 20:38:36,080 [9412d3d0-2519-4c22-9a73-1b5e9d001713-impl-thread3] INFO  impl.RoleInfo (RoleInfo.java:shutdownLeaderState(93)) - 9412d3d0-2519-4c22-9a73-1b5e9d001713: shutdown 9412d3d0-2519-4c22-9a73-1b5e9d001713@group-AA8173427D7E-LeaderStateImpl
2023-06-25 20:38:36,080 [9412d3d0-2519-4c22-9a73-1b5e9d001713@group-4454F46C2927-StateMachineUpdater] INFO  ratis.ContainerStateMachine (ContainerStateMachine.java:takeSnapshot(341)) - group-4454F46C2927: Finished taking a snapshot at:(t:1, i:0) file:/home/runner/work/ozone/ozone/hadoop-ozone/integration-test/target/test-dir/MiniOzoneClusterImpl-a52b7a0b-0bee-460e-a951-14c7f8ebc071/datanode-0/data/ratis/5f11a5bc-9193-4c2b-8a6f-4454f46c2927/sm/snapshot.1_0 took: 6 ms
2023-06-25 20:38:36,080 [9412d3d0-2519-4c22-9a73-1b5e9d001713@group-AA8173427D7E->c86d5a2f-2db4-4f76-adc6-5061d66575f1-GrpcLogAppender-LogAppenderDaemon] WARN  server.GrpcLogAppender (GrpcLogAppender.java:mayWait(199)) - 9412d3d0-2519-4c22-9a73-1b5e9d001713@group-AA8173427D7E->c86d5a2f-2db4-4f76-adc6-5061d66575f1-GrpcLogAppender: Wait interrupted by java.lang.InterruptedException
2023-06-25 20:38:36,080 [9412d3d0-2519-4c22-9a73-1b5e9d001713@group-4454F46C2927-StateMachineUpdater] INFO  impl.StateMachineUpdater (StateMachineUpdater.java:takeSnapshot(291)) - 9412d3d0-2519-4c22-9a73-1b5e9d001713@group-4454F46C2927-StateMachineUpdater: Took a snapshot at index 0
2023-06-25 20:38:36,080 [9412d3d0-2519-4c22-9a73-1b5e9d001713@group-4454F46C2927-StateMachineUpdater] INFO  impl.StateMachineUpdater (StateMachineUpdater.java:lambda$new$0(97)) - 9412d3d0-2519-4c22-9a73-1b5e9d001713@group-4454F46C2927-StateMachineUpdater: snapshotIndex: updateIncreasingly -1 -> 0
2023-06-25 20:38:36,080 [9412d3d0-2519-4c22-9a73-1b5e9d001713-impl-thread3] INFO  impl.PendingRequests (PendingRequests.java:sendNotLeaderResponses(289)) - 9412d3d0-2519-4c22-9a73-1b5e9d001713@group-AA8173427D7E-PendingRequests: sendNotLeaderResponses
2023-06-25 20:38:36,080 [9412d3d0-2519-4c22-9a73-1b5e9d001713@group-AA8173427D7E->52f6f94e-d183-4208-9d90-b23f37a7c382-GrpcLogAppender-LogAppenderDaemon] WARN  server.GrpcLogAppender (GrpcLogAppender.java:mayWait(199)) - 9412d3d0-2519-4c22-9a73-1b5e9d001713@group-AA8173427D7E->52f6f94e-d183-4208-9d90-b23f37a7c382-GrpcLogAppender: Wait interrupted by java.lang.InterruptedException
2023-06-25 20:38:36,080 [9412d3d0-2519-4c22-9a73-1b5e9d001713-impl-thread1] INFO  server.RaftServer$Division (ServerState.java:close(472)) - 9412d3d0-2519-4c22-9a73-1b5e9d001713@group-4454F46C2927: closes. applyIndex: 0
2023-06-25 20:38:36,082 [9412d3d0-2519-4c22-9a73-1b5e9d001713@group-D53594BA4322-StateMachineUpdater] INFO  ratis.ContainerStateMachine (ContainerStateMachine.java:takeSnapshot(330)) - group-D53594BA4322: Taking a snapshot at:(t:1, i:450) file /home/runner/work/ozone/ozone/hadoop-ozone/integration-test/target/test-dir/MiniOzoneClusterImpl-a52b7a0b-0bee-460e-a951-14c7f8ebc071/datanode-0/data/ratis/7342d943-a4f5-4b27-9be9-d53594ba4322/sm/snapshot.1_450
2023-06-25 20:38:36,082 [9412d3d0-2519-4c22-9a73-1b5e9d001713-impl-thread2] INFO  impl.StateMachineUpdater (StateMachineUpdater.java:stopAndJoin(155)) - 9412d3d0-2519-4c22-9a73-1b5e9d001713@group-D53594BA4322-StateMachineUpdater: set stopIndex = 450
2023-06-25 20:38:36,084 [9412d3d0-2519-4c22-9a73-1b5e9d001713@group-D53594BA4322-StateMachineUpdater] INFO  ratis.ContainerStateMachine (ContainerStateMachine.java:takeSnapshot(341)) - group-D53594BA4322: Finished taking a snapshot at:(t:1, i:450) file:/home/runner/work/ozone/ozone/hadoop-ozone/integration-test/target/test-dir/MiniOzoneClusterImpl-a52b7a0b-0bee-460e-a951-14c7f8ebc071/datanode-0/data/ratis/7342d943-a4f5-4b27-9be9-d53594ba4322/sm/snapshot.1_450 took: 2 ms
2023-06-25 20:38:36,084 [9412d3d0-2519-4c22-9a73-1b5e9d001713@group-D53594BA4322-StateMachineUpdater] INFO  impl.StateMachineUpdater (StateMachineUpdater.java:takeSnapshot(291)) - 9412d3d0-2519-4c22-9a73-1b5e9d001713@group-D53594BA4322-StateMachineUpdater: Took a snapshot at index 450
2023-06-25 20:38:36,084 [9412d3d0-2519-4c22-9a73-1b5e9d001713@group-D53594BA4322-StateMachineUpdater] INFO  impl.StateMachineUpdater (StateMachineUpdater.java:lambda$new$0(97)) - 9412d3d0-2519-4c22-9a73-1b5e9d001713@group-D53594BA4322-StateMachineUpdater: snapshotIndex: updateIncreasingly -1 -> 450
2023-06-25 20:38:36,085 [ForkJoinPool.commonPool-worker-3] INFO  ozoneimpl.OzoneContainer (OzoneContainer.java:stop(441)) - Attempting to stop container services.
2023-06-25 20:38:36,087 [9412d3d0-2519-4c22-9a73-1b5e9d001713-impl-thread2] INFO  server.RaftServer$Division (ServerState.java:close(472)) - 9412d3d0-2519-4c22-9a73-1b5e9d001713@group-D53594BA4322: closes. applyIndex: 450
2023-06-25 20:38:36,088 [Thread-1628] INFO  server.GrpcServerProtocolClient (GrpcServerProtocolClient.java:close(103)) - 52f6f94e-d183-4208-9d90-b23f37a7c382 Close channels
2023-06-25 20:38:36,088 [Thread-1629] INFO  server.GrpcServerProtocolClient (GrpcServerProtocolClient.java:close(103)) - c86d5a2f-2db4-4f76-adc6-5061d66575f1 Close channels
2023-06-25 20:38:36,088 [9412d3d0-2519-4c22-9a73-1b5e9d001713-impl-thread3] INFO  impl.StateMachineUpdater (StateMachineUpdater.java:stopAndJoin(155)) - 9412d3d0-2519-4c22-9a73-1b5e9d001713@group-AA8173427D7E-StateMachineUpdater: set stopIndex = 125
2023-06-25 20:38:36,088 [9412d3d0-2519-4c22-9a73-1b5e9d001713@group-AA8173427D7E-StateMachineUpdater] INFO  ratis.ContainerStateMachine (ContainerStateMachine.java:takeSnapshot(330)) - group-AA8173427D7E: Taking a snapshot at:(t:1, i:125) file /home/runner/work/ozone/ozone/hadoop-ozone/integration-test/target/test-dir/MiniOzoneClusterImpl-a52b7a0b-0bee-460e-a951-14c7f8ebc071/datanode-0/data/ratis/7ca4f31a-ba94-438a-a556-aa8173427d7e/sm/snapshot.1_125
2023-06-25 20:38:36,089 [main] INFO  server.GrpcService (GrpcService.java:closeImpl(320)) - 52f6f94e-d183-4208-9d90-b23f37a7c382: shutdown server org.apache.ratis.grpc.server.GrpcClientProtocolService successfully
2023-06-25 20:38:36,089 [main] INFO  server.GrpcService (GrpcService.java:closeImpl(311)) - 52f6f94e-d183-4208-9d90-b23f37a7c382: shutdown server GrpcServerProtocolService now
2023-06-25 20:38:36,089 [grpc-default-executor-6] INFO  server.GrpcServerProtocolService (GrpcServerProtocolService.java:onCompleted(155)) - 52f6f94e-d183-4208-9d90-b23f37a7c382: Completed APPEND_ENTRIES, lastRequest: null
2023-06-25 20:38:36,090 [grpc-default-executor-6] INFO  server.GrpcServerProtocolService (GrpcServerProtocolService.java:lambda$onCompleted$5(157)) - 52f6f94e-d183-4208-9d90-b23f37a7c382: Completed APPEND_ENTRIES, lastReply: serverReply {
  requestorId: "9412d3d0-2519-4c22-9a73-1b5e9d001713"
  replyId: "52f6f94e-d183-4208-9d90-b23f37a7c382"
  raftGroupId {
    id: "|\244\363\032\272\224C\212\245V\252\201sB}~"
  }
  callId: 154
  success: true
}
term: 1
nextIndex: 126
followerCommit: 125
matchIndex: 18446744073709551615
isHearbeat: true

2023-06-25 20:38:36,090 [grpc-default-executor-0] INFO  server.GrpcServerProtocolService (GrpcServerProtocolService.java:onCompleted(155)) - c86d5a2f-2db4-4f76-adc6-5061d66575f1: Completed APPEND_ENTRIES, lastRequest: 9412d3d0-2519-4c22-9a73-1b5e9d001713->c86d5a2f-2db4-4f76-adc6-5061d66575f1#154-t1,previous=(t:1, i:124),leaderCommit=124,initializing? true,entries: size=1, first=(t:1, i:125), METADATAENTRY(c:124)
2023-06-25 20:38:36,090 [grpc-default-executor-0] INFO  server.GrpcServerProtocolService (GrpcServerProtocolService.java:lambda$onCompleted$5(157)) - c86d5a2f-2db4-4f76-adc6-5061d66575f1: Completed APPEND_ENTRIES, lastReply: null
2023-06-25 20:38:36,090 [9412d3d0-2519-4c22-9a73-1b5e9d001713@group-AA8173427D7E-StateMachineUpdater] INFO  ratis.ContainerStateMachine (ContainerStateMachine.java:takeSnapshot(341)) - group-AA8173427D7E: Finished taking a snapshot at:(t:1, i:125) file:/home/runner/work/ozone/ozone/hadoop-ozone/integration-test/target/test-dir/MiniOzoneClusterImpl-a52b7a0b-0bee-460e-a951-14c7f8ebc071/datanode-0/data/ratis/7ca4f31a-ba94-438a-a556-aa8173427d7e/sm/snapshot.1_125 took: 2 ms
2023-06-25 20:38:36,091 [9412d3d0-2519-4c22-9a73-1b5e9d001713@group-AA8173427D7E-StateMachineUpdater] INFO  impl.StateMachineUpdater (StateMachineUpdater.java:takeSnapshot(291)) - 9412d3d0-2519-4c22-9a73-1b5e9d001713@group-AA8173427D7E-StateMachineUpdater: Took a snapshot at index 125
2023-06-25 20:38:36,091 [9412d3d0-2519-4c22-9a73-1b5e9d001713@group-AA8173427D7E-StateMachineUpdater] INFO  impl.StateMachineUpdater (StateMachineUpdater.java:lambda$new$0(97)) - 9412d3d0-2519-4c22-9a73-1b5e9d001713@group-AA8173427D7E-StateMachineUpdater: snapshotIndex: updateIncreasingly -1 -> 125
2023-06-25 20:38:36,089 [grpc-default-executor-1] INFO  server.GrpcServerProtocolService (GrpcServerProtocolService.java:onCompleted(155)) - 52f6f94e-d183-4208-9d90-b23f37a7c382: Completed APPEND_ENTRIES, lastRequest: 9412d3d0-2519-4c22-9a73-1b5e9d001713->52f6f94e-d183-4208-9d90-b23f37a7c382#150-t1,previous=(t:1, i:124),leaderCommit=124,initializing? true,entries: size=1, first=(t:1, i:125), METADATAENTRY(c:124)
2023-06-25 20:38:36,091 [grpc-default-executor-1] INFO  server.GrpcServerProtocolService (GrpcServerProtocolService.java:lambda$onCompleted$5(157)) - 52f6f94e-d183-4208-9d90-b23f37a7c382: Completed APPEND_ENTRIES, lastReply: null
2023-06-25 20:38:36,091 [9412d3d0-2519-4c22-9a73-1b5e9d001713-impl-thread3] INFO  server.RaftServer$Division (ServerState.java:close(472)) - 9412d3d0-2519-4c22-9a73-1b5e9d001713@group-AA8173427D7E: closes. applyIndex: 125
2023-06-25 20:38:36,090 [grpc-default-executor-2] INFO  server.GrpcServerProtocolService (GrpcServerProtocolService.java:onCompleted(155)) - c86d5a2f-2db4-4f76-adc6-5061d66575f1: Completed APPEND_ENTRIES, lastRequest: null
2023-06-25 20:38:36,094 [grpc-default-executor-5] WARN  server.GrpcServerProtocolService (LogUtils.java:warn(122)) - 52f6f94e-d183-4208-9d90-b23f37a7c382: APPEND_ENTRIES onError, lastRequest: null: org.apache.ratis.thirdparty.io.grpc.StatusRuntimeException: CANCELLED: client cancelled
2023-06-25 20:38:36,094 [grpc-default-executor-4] INFO  server.GrpcLogAppender (GrpcLogAppender.java:onCompleted(428)) - 9412d3d0-2519-4c22-9a73-1b5e9d001713@group-AA8173427D7E->52f6f94e-d183-4208-9d90-b23f37a7c382-AppendLogResponseHandler: follower responses appendEntries COMPLETED
2023-06-25 20:38:36,095 [grpc-default-executor-2] INFO  server.GrpcServerProtocolService (GrpcServerProtocolService.java:lambda$onCompleted$5(157)) - c86d5a2f-2db4-4f76-adc6-5061d66575f1: Completed APPEND_ENTRIES, lastReply: serverReply {
  requestorId: "9412d3d0-2519-4c22-9a73-1b5e9d001713"
  replyId: "c86d5a2f-2db4-4f76-adc6-5061d66575f1"
  raftGroupId {
    id: "|\244\363\032\272\224C\212\245V\252\201sB}~"
  }
  callId: 157
  success: true
}
term: 1
nextIndex: 126
followerCommit: 125
matchIndex: 18446744073709551615
isHearbeat: true

2023-06-25 20:38:36,097 [grpc-default-executor-4] WARN  server.GrpcLogAppender (GrpcLogAppender.java:resetClient(137)) - 9412d3d0-2519-4c22-9a73-1b5e9d001713@group-AA8173427D7E->52f6f94e-d183-4208-9d90-b23f37a7c382-GrpcLogAppender: Failed to getClient for 52f6f94e-d183-4208-9d90-b23f37a7c382
org.apache.ratis.protocol.exceptions.AlreadyClosedException: 9412d3d0-2519-4c22-9a73-1b5e9d001713 is already CLOSED
	at org.apache.ratis.util.PeerProxyMap$PeerAndProxy.getProxy(PeerProxyMap.java:61)
	at org.apache.ratis.util.PeerProxyMap.getProxy(PeerProxyMap.java:115)
	at org.apache.ratis.grpc.server.GrpcLogAppender.getClient(GrpcLogAppender.java:112)
	at org.apache.ratis.grpc.server.GrpcLogAppender.resetClient(GrpcLogAppender.java:117)
	at org.apache.ratis.grpc.server.GrpcLogAppender.access$500(GrpcLogAppender.java:56)
	at org.apache.ratis.grpc.server.GrpcLogAppender$AppendLogResponseHandler.onCompleted(GrpcLogAppender.java:429)
	at org.apache.ratis.thirdparty.io.grpc.stub.ClientCalls$StreamObserverToCallListenerAdapter.onClose(ClientCalls.java:485)
	at org.apache.ratis.thirdparty.io.grpc.internal.ClientCallImpl.closeObserver(ClientCallImpl.java:563)
	at org.apache.ratis.thirdparty.io.grpc.internal.ClientCallImpl.access$300(ClientCallImpl.java:70)
	at org.apache.ratis.thirdparty.io.grpc.internal.ClientCallImpl$ClientStreamListenerImpl$1StreamClosed.runInternal(ClientCallImpl.java:744)
	at org.apache.ratis.thirdparty.io.grpc.internal.ClientCallImpl$ClientStreamListenerImpl$1StreamClosed.runInContext(ClientCallImpl.java:723)
	at org.apache.ratis.thirdparty.io.grpc.internal.ContextRunnable.run(ContextRunnable.java:37)
	at org.apache.ratis.thirdparty.io.grpc.internal.SerializingExecutor.run(SerializingExecutor.java:133)
	at java.util.concurrent.ThreadPoolExecutor.runWorker(ThreadPoolExecutor.java:1149)
	at java.util.concurrent.ThreadPoolExecutor$Worker.run(ThreadPoolExecutor.java:624)
	at java.lang.Thread.run(Thread.java:750)
2023-06-25 20:38:36,099 [ForkJoinPool.commonPool-worker-3] INFO  server.RaftServer (RaftServerProxy.java:lambda$close$6(416)) - c86d5a2f-2db4-4f76-adc6-5061d66575f1: close
2023-06-25 20:38:36,102 [grpc-default-executor-7] INFO  server.GrpcLogAppender (GrpcLogAppender.java:onCompleted(428)) - 9412d3d0-2519-4c22-9a73-1b5e9d001713@group-AA8173427D7E->52f6f94e-d183-4208-9d90-b23f37a7c382-AppendLogResponseHandler: follower responses appendEntries COMPLETED
2023-06-25 20:38:36,102 [grpc-default-executor-7] WARN  server.GrpcLogAppender (GrpcLogAppender.java:resetClient(137)) - 9412d3d0-2519-4c22-9a73-1b5e9d001713@group-AA8173427D7E->52f6f94e-d183-4208-9d90-b23f37a7c382-GrpcLogAppender: Failed to getClient for 52f6f94e-d183-4208-9d90-b23f37a7c382
org.apache.ratis.protocol.exceptions.AlreadyClosedException: 9412d3d0-2519-4c22-9a73-1b5e9d001713 is already CLOSED
	at org.apache.ratis.util.PeerProxyMap$PeerAndProxy.getProxy(PeerProxyMap.java:61)
	at org.apache.ratis.util.PeerProxyMap.getProxy(PeerProxyMap.java:115)
	at org.apache.ratis.grpc.server.GrpcLogAppender.getClient(GrpcLogAppender.java:112)
	at org.apache.ratis.grpc.server.GrpcLogAppender.resetClient(GrpcLogAppender.java:117)
	at org.apache.ratis.grpc.server.GrpcLogAppender.access$500(GrpcLogAppender.java:56)
	at org.apache.ratis.grpc.server.GrpcLogAppender$AppendLogResponseHandler.onCompleted(GrpcLogAppender.java:429)
	at org.apache.ratis.thirdparty.io.grpc.stub.ClientCalls$StreamObserverToCallListenerAdapter.onClose(ClientCalls.java:485)
	at org.apache.ratis.thirdparty.io.grpc.internal.ClientCallImpl.closeObserver(ClientCallImpl.java:563)
	at org.apache.ratis.thirdparty.io.grpc.internal.ClientCallImpl.access$300(ClientCallImpl.java:70)
	at org.apache.ratis.thirdparty.io.grpc.internal.ClientCallImpl$ClientStreamListenerImpl$1StreamClosed.runInternal(ClientCallImpl.java:744)
	at org.apache.ratis.thirdparty.io.grpc.internal.ClientCallImpl$ClientStreamListenerImpl$1StreamClosed.runInContext(ClientCallImpl.java:723)
	at org.apache.ratis.thirdparty.io.grpc.internal.ContextRunnable.run(ContextRunnable.java:37)
	at org.apache.ratis.thirdparty.io.grpc.internal.SerializingExecutor.run(SerializingExecutor.java:133)
	at java.util.concurrent.ThreadPoolExecutor.runWorker(ThreadPoolExecutor.java:1149)
	at java.util.concurrent.ThreadPoolExecutor$Worker.run(ThreadPoolExecutor.java:624)
	at java.lang.Thread.run(Thread.java:750)
2023-06-25 20:38:36,103 [main] INFO  server.GrpcService (GrpcService.java:closeImpl(320)) - 52f6f94e-d183-4208-9d90-b23f37a7c382: shutdown server GrpcServerProtocolService successfully
2023-06-25 20:38:36,103 [main] INFO  server.GrpcService (GrpcService.java:closeImpl(311)) - 52f6f94e-d183-4208-9d90-b23f37a7c382: shutdown server org.apache.ratis.grpc.server.GrpcAdminProtocolService now
2023-06-25 20:38:36,103 [grpc-default-executor-2] WARN  server.GrpcLogAppender (LogUtils.java:warn(122)) - c86d5a2f-2db4-4f76-adc6-5061d66575f1@group-D53594BA4322->52f6f94e-d183-4208-9d90-b23f37a7c382-AppendLogResponseHandler: Failed appendEntries: org.apache.ratis.thirdparty.io.grpc.StatusRuntimeException: CANCELLED: RST_STREAM closed stream. HTTP/2 error code: CANCEL
2023-06-25 20:38:36,103 [grpc-default-executor-2] INFO  leader.FollowerInfo (FollowerInfoImpl.java:lambda$new$0(52)) - c86d5a2f-2db4-4f76-adc6-5061d66575f1@group-D53594BA4322->52f6f94e-d183-4208-9d90-b23f37a7c382: decreaseNextIndex nextIndex: updateUnconditionally 451 -> 450
2023-06-25 20:38:36,103 [grpc-default-executor-6] WARN  server.GrpcServerProtocolService (LogUtils.java:warn(122)) - 52f6f94e-d183-4208-9d90-b23f37a7c382: APPEND_ENTRIES onError, lastRequest: c86d5a2f-2db4-4f76-adc6-5061d66575f1->52f6f94e-d183-4208-9d90-b23f37a7c382#492-t1,previous=(t:1, i:449),leaderCommit=449,initializing? true,entries: size=1, first=(t:1, i:450), METADATAENTRY(c:449): org.apache.ratis.thirdparty.io.grpc.StatusRuntimeException: CANCELLED: client cancelled
2023-06-25 20:38:36,103 [grpc-default-executor-3] WARN  server.GrpcLogAppender (LogUtils.java:warn(122)) - c86d5a2f-2db4-4f76-adc6-5061d66575f1@group-D53594BA4322->52f6f94e-d183-4208-9d90-b23f37a7c382-AppendLogResponseHandler: Failed appendEntries: org.apache.ratis.thirdparty.io.grpc.StatusRuntimeException: CANCELLED: RST_STREAM closed stream. HTTP/2 error code: CANCEL
2023-06-25 20:38:36,104 [grpc-default-executor-3] INFO  leader.FollowerInfo (FollowerInfoImpl.java:lambda$new$0(52)) - c86d5a2f-2db4-4f76-adc6-5061d66575f1@group-D53594BA4322->52f6f94e-d183-4208-9d90-b23f37a7c382: decreaseNextIndex nextIndex: updateUnconditionally 450 -> 449
2023-06-25 20:38:36,104 [grpc-default-executor-8] INFO  server.GrpcLogAppender (GrpcLogAppender.java:onCompleted(428)) - 9412d3d0-2519-4c22-9a73-1b5e9d001713@group-AA8173427D7E->c86d5a2f-2db4-4f76-adc6-5061d66575f1-AppendLogResponseHandler: follower responses appendEntries COMPLETED
2023-06-25 20:38:36,104 [grpc-default-executor-8] WARN  server.GrpcLogAppender (GrpcLogAppender.java:resetClient(137)) - 9412d3d0-2519-4c22-9a73-1b5e9d001713@group-AA8173427D7E->c86d5a2f-2db4-4f76-adc6-5061d66575f1-GrpcLogAppender: Failed to getClient for c86d5a2f-2db4-4f76-adc6-5061d66575f1
org.apache.ratis.protocol.exceptions.AlreadyClosedException: 9412d3d0-2519-4c22-9a73-1b5e9d001713 is already CLOSED
	at org.apache.ratis.util.PeerProxyMap$PeerAndProxy.getProxy(PeerProxyMap.java:61)
	at org.apache.ratis.util.PeerProxyMap.getProxy(PeerProxyMap.java:115)
	at org.apache.ratis.grpc.server.GrpcLogAppender.getClient(GrpcLogAppender.java:112)
	at org.apache.ratis.grpc.server.GrpcLogAppender.resetClient(GrpcLogAppender.java:117)
	at org.apache.ratis.grpc.server.GrpcLogAppender.access$500(GrpcLogAppender.java:56)
	at org.apache.ratis.grpc.server.GrpcLogAppender$AppendLogResponseHandler.onCompleted(GrpcLogAppender.java:429)
	at org.apache.ratis.thirdparty.io.grpc.stub.ClientCalls$StreamObserverToCallListenerAdapter.onClose(ClientCalls.java:485)
	at org.apache.ratis.thirdparty.io.grpc.internal.ClientCallImpl.closeObserver(ClientCallImpl.java:563)
	at org.apache.ratis.thirdparty.io.grpc.internal.ClientCallImpl.access$300(ClientCallImpl.java:70)
	at org.apache.ratis.thirdparty.io.grpc.internal.ClientCallImpl$ClientStreamListenerImpl$1StreamClosed.runInternal(ClientCallImpl.java:744)
	at org.apache.ratis.thirdparty.io.grpc.internal.ClientCallImpl$ClientStreamListenerImpl$1StreamClosed.runInContext(ClientCallImpl.java:723)
	at org.apache.ratis.thirdparty.io.grpc.internal.ContextRunnable.run(ContextRunnable.java:37)
	at org.apache.ratis.thirdparty.io.grpc.internal.SerializingExecutor.run(SerializingExecutor.java:133)
	at java.util.concurrent.ThreadPoolExecutor.runWorker(ThreadPoolExecutor.java:1149)
	at java.util.concurrent.ThreadPoolExecutor$Worker.run(ThreadPoolExecutor.java:624)
	at java.lang.Thread.run(Thread.java:750)
2023-06-25 20:38:36,104 [c86d5a2f-2db4-4f76-adc6-5061d66575f1-impl-thread1] INFO  server.RaftServer$Division (RaftServerImpl.java:lambda$close$4(466)) - c86d5a2f-2db4-4f76-adc6-5061d66575f1@group-D53594BA4322: shutdown
2023-06-25 20:38:36,104 [c86d5a2f-2db4-4f76-adc6-5061d66575f1-impl-thread2] INFO  server.RaftServer$Division (RaftServerImpl.java:lambda$close$4(466)) - c86d5a2f-2db4-4f76-adc6-5061d66575f1@group-CEC4B281C8A8: shutdown
2023-06-25 20:38:36,104 [c86d5a2f-2db4-4f76-adc6-5061d66575f1-impl-thread1] INFO  util.JmxRegister (JmxRegister.java:unregister(73)) - Successfully un-registered JMX Bean with object name Ratis:service=RaftServer,group=group-D53594BA4322,id=c86d5a2f-2db4-4f76-adc6-5061d66575f1
2023-06-25 20:38:36,105 [c86d5a2f-2db4-4f76-adc6-5061d66575f1-impl-thread2] INFO  util.JmxRegister (JmxRegister.java:unregister(73)) - Successfully un-registered JMX Bean with object name Ratis:service=RaftServer,group=group-CEC4B281C8A8,id=c86d5a2f-2db4-4f76-adc6-5061d66575f1
2023-06-25 20:38:36,105 [c86d5a2f-2db4-4f76-adc6-5061d66575f1-impl-thread1] INFO  impl.RoleInfo (RoleInfo.java:shutdownLeaderState(93)) - c86d5a2f-2db4-4f76-adc6-5061d66575f1: shutdown c86d5a2f-2db4-4f76-adc6-5061d66575f1@group-D53594BA4322-LeaderStateImpl
2023-06-25 20:38:36,105 [c86d5a2f-2db4-4f76-adc6-5061d66575f1-impl-thread2] INFO  impl.RoleInfo (RoleInfo.java:shutdownLeaderState(93)) - c86d5a2f-2db4-4f76-adc6-5061d66575f1: shutdown c86d5a2f-2db4-4f76-adc6-5061d66575f1@group-CEC4B281C8A8-LeaderStateImpl
2023-06-25 20:38:36,105 [c86d5a2f-2db4-4f76-adc6-5061d66575f1-impl-thread2] INFO  impl.PendingRequests (PendingRequests.java:sendNotLeaderResponses(289)) - c86d5a2f-2db4-4f76-adc6-5061d66575f1@group-CEC4B281C8A8-PendingRequests: sendNotLeaderResponses
2023-06-25 20:38:36,105 [c86d5a2f-2db4-4f76-adc6-5061d66575f1-impl-thread2] INFO  impl.StateMachineUpdater (StateMachineUpdater.java:stopAndJoin(155)) - c86d5a2f-2db4-4f76-adc6-5061d66575f1@group-CEC4B281C8A8-StateMachineUpdater: set stopIndex = 0
2023-06-25 20:38:36,106 [c86d5a2f-2db4-4f76-adc6-5061d66575f1@group-CEC4B281C8A8-StateMachineUpdater] INFO  ratis.ContainerStateMachine (ContainerStateMachine.java:takeSnapshot(330)) - group-CEC4B281C8A8: Taking a snapshot at:(t:1, i:0) file /home/runner/work/ozone/ozone/hadoop-ozone/integration-test/target/test-dir/MiniOzoneClusterImpl-a52b7a0b-0bee-460e-a951-14c7f8ebc071/datanode-2/data/ratis/2a3e06ea-9ae5-4c2c-b6e7-cec4b281c8a8/sm/snapshot.1_0
2023-06-25 20:38:36,106 [ForkJoinPool.commonPool-worker-3] INFO  server.GrpcService (GrpcService.java:closeImpl(311)) - c86d5a2f-2db4-4f76-adc6-5061d66575f1: shutdown server org.apache.ratis.grpc.server.GrpcClientProtocolService now
2023-06-25 20:38:36,106 [c86d5a2f-2db4-4f76-adc6-5061d66575f1@group-D53594BA4322->52f6f94e-d183-4208-9d90-b23f37a7c382-GrpcLogAppender-LogAppenderDaemon] WARN  server.GrpcLogAppender (GrpcLogAppender.java:mayWait(199)) - c86d5a2f-2db4-4f76-adc6-5061d66575f1@group-D53594BA4322->52f6f94e-d183-4208-9d90-b23f37a7c382-GrpcLogAppender: Wait interrupted by java.lang.InterruptedException
2023-06-25 20:38:36,106 [c86d5a2f-2db4-4f76-adc6-5061d66575f1@group-D53594BA4322->9412d3d0-2519-4c22-9a73-1b5e9d001713-GrpcLogAppender-LogAppenderDaemon] WARN  server.GrpcLogAppender (GrpcLogAppender.java:mayWait(199)) - c86d5a2f-2db4-4f76-adc6-5061d66575f1@group-D53594BA4322->9412d3d0-2519-4c22-9a73-1b5e9d001713-GrpcLogAppender: Wait interrupted by java.lang.InterruptedException
2023-06-25 20:38:36,106 [c86d5a2f-2db4-4f76-adc6-5061d66575f1-impl-thread1] INFO  impl.PendingRequests (PendingRequests.java:sendNotLeaderResponses(289)) - c86d5a2f-2db4-4f76-adc6-5061d66575f1@group-D53594BA4322-PendingRequests: sendNotLeaderResponses
2023-06-25 20:38:36,107 [c86d5a2f-2db4-4f76-adc6-5061d66575f1-impl-thread3] INFO  server.RaftServer$Division (RaftServerImpl.java:lambda$close$4(466)) - c86d5a2f-2db4-4f76-adc6-5061d66575f1@group-AA8173427D7E: shutdown
2023-06-25 20:38:36,106 [c86d5a2f-2db4-4f76-adc6-5061d66575f1@group-CEC4B281C8A8-StateMachineUpdater] INFO  ratis.ContainerStateMachine (ContainerStateMachine.java:takeSnapshot(341)) - group-CEC4B281C8A8: Finished taking a snapshot at:(t:1, i:0) file:/home/runner/work/ozone/ozone/hadoop-ozone/integration-test/target/test-dir/MiniOzoneClusterImpl-a52b7a0b-0bee-460e-a951-14c7f8ebc071/datanode-2/data/ratis/2a3e06ea-9ae5-4c2c-b6e7-cec4b281c8a8/sm/snapshot.1_0 took: 1 ms
2023-06-25 20:38:36,108 [c86d5a2f-2db4-4f76-adc6-5061d66575f1@group-CEC4B281C8A8-StateMachineUpdater] INFO  impl.StateMachineUpdater (StateMachineUpdater.java:takeSnapshot(291)) - c86d5a2f-2db4-4f76-adc6-5061d66575f1@group-CEC4B281C8A8-StateMachineUpdater: Took a snapshot at index 0
2023-06-25 20:38:36,108 [c86d5a2f-2db4-4f76-adc6-5061d66575f1@group-CEC4B281C8A8-StateMachineUpdater] INFO  impl.StateMachineUpdater (StateMachineUpdater.java:lambda$new$0(97)) - c86d5a2f-2db4-4f76-adc6-5061d66575f1@group-CEC4B281C8A8-StateMachineUpdater: snapshotIndex: updateIncreasingly -1 -> 0
2023-06-25 20:38:36,108 [c86d5a2f-2db4-4f76-adc6-5061d66575f1-impl-thread2] INFO  server.RaftServer$Division (ServerState.java:close(472)) - c86d5a2f-2db4-4f76-adc6-5061d66575f1@group-CEC4B281C8A8: closes. applyIndex: 0
2023-06-25 20:38:36,109 [c86d5a2f-2db4-4f76-adc6-5061d66575f1-impl-thread3] INFO  util.JmxRegister (JmxRegister.java:unregister(73)) - Successfully un-registered JMX Bean with object name Ratis:service=RaftServer,group=group-AA8173427D7E,id=c86d5a2f-2db4-4f76-adc6-5061d66575f1
2023-06-25 20:38:36,109 [c86d5a2f-2db4-4f76-adc6-5061d66575f1-impl-thread3] INFO  impl.RoleInfo (RoleInfo.java:shutdownFollowerState(110)) - c86d5a2f-2db4-4f76-adc6-5061d66575f1: shutdown c86d5a2f-2db4-4f76-adc6-5061d66575f1@group-AA8173427D7E-FollowerState
2023-06-25 20:38:36,109 [c86d5a2f-2db4-4f76-adc6-5061d66575f1@group-AA8173427D7E-StateMachineUpdater] INFO  ratis.ContainerStateMachine (ContainerStateMachine.java:takeSnapshot(330)) - group-AA8173427D7E: Taking a snapshot at:(t:1, i:125) file /home/runner/work/ozone/ozone/hadoop-ozone/integration-test/target/test-dir/MiniOzoneClusterImpl-a52b7a0b-0bee-460e-a951-14c7f8ebc071/datanode-2/data/ratis/7ca4f31a-ba94-438a-a556-aa8173427d7e/sm/snapshot.1_125
2023-06-25 20:38:36,109 [c86d5a2f-2db4-4f76-adc6-5061d66575f1-impl-thread3] INFO  impl.StateMachineUpdater (StateMachineUpdater.java:stopAndJoin(155)) - c86d5a2f-2db4-4f76-adc6-5061d66575f1@group-AA8173427D7E-StateMachineUpdater: set stopIndex = 125
2023-06-25 20:38:36,109 [c86d5a2f-2db4-4f76-adc6-5061d66575f1@group-AA8173427D7E-FollowerState] INFO  impl.FollowerState (FollowerState.java:run(152)) - c86d5a2f-2db4-4f76-adc6-5061d66575f1@group-AA8173427D7E-FollowerState was interrupted
2023-06-25 20:38:36,112 [main] INFO  server.GrpcService (GrpcService.java:closeImpl(320)) - 52f6f94e-d183-4208-9d90-b23f37a7c382: shutdown server org.apache.ratis.grpc.server.GrpcAdminProtocolService successfully
2023-06-25 20:38:36,113 [52f6f94e-d183-4208-9d90-b23f37a7c382-NettyServerStreamRpc-bossGroup--thread1] INFO  logging.LoggingHandler (AbstractInternalLogger.java:log(148)) - [id: 0xef9e5fb3, L:/0:0:0:0:0:0:0:0:15059] CLOSE
2023-06-25 20:38:36,113 [52f6f94e-d183-4208-9d90-b23f37a7c382-NettyServerStreamRpc-bossGroup--thread1] INFO  logging.LoggingHandler (AbstractInternalLogger.java:log(148)) - [id: 0xef9e5fb3, L:/0:0:0:0:0:0:0:0:15059] INACTIVE
2023-06-25 20:38:36,113 [grpc-default-executor-3] INFO  server.GrpcLogAppender (GrpcLogAppender.java:onCompleted(428)) - 9412d3d0-2519-4c22-9a73-1b5e9d001713@group-AA8173427D7E->c86d5a2f-2db4-4f76-adc6-5061d66575f1-AppendLogResponseHandler: follower responses appendEntries COMPLETED
2023-06-25 20:38:36,113 [52f6f94e-d183-4208-9d90-b23f37a7c382-NettyServerStreamRpc-bossGroup--thread1] INFO  logging.LoggingHandler (AbstractInternalLogger.java:log(148)) - [id: 0xef9e5fb3, L:/0:0:0:0:0:0:0:0:15059] UNREGISTERED
2023-06-25 20:38:36,113 [grpc-default-executor-3] WARN  server.GrpcLogAppender (GrpcLogAppender.java:resetClient(137)) - 9412d3d0-2519-4c22-9a73-1b5e9d001713@group-AA8173427D7E->c86d5a2f-2db4-4f76-adc6-5061d66575f1-GrpcLogAppender: Failed to getClient for c86d5a2f-2db4-4f76-adc6-5061d66575f1
org.apache.ratis.protocol.exceptions.AlreadyClosedException: 9412d3d0-2519-4c22-9a73-1b5e9d001713 is already CLOSED
	at org.apache.ratis.util.PeerProxyMap$PeerAndProxy.getProxy(PeerProxyMap.java:61)
	at org.apache.ratis.util.PeerProxyMap.getProxy(PeerProxyMap.java:115)
	at org.apache.ratis.grpc.server.GrpcLogAppender.getClient(GrpcLogAppender.java:112)
	at org.apache.ratis.grpc.server.GrpcLogAppender.resetClient(GrpcLogAppender.java:117)
	at org.apache.ratis.grpc.server.GrpcLogAppender.access$500(GrpcLogAppender.java:56)
	at org.apache.ratis.grpc.server.GrpcLogAppender$AppendLogResponseHandler.onCompleted(GrpcLogAppender.java:429)
	at org.apache.ratis.thirdparty.io.grpc.stub.ClientCalls$StreamObserverToCallListenerAdapter.onClose(ClientCalls.java:485)
	at org.apache.ratis.thirdparty.io.grpc.internal.DelayedClientCall$DelayedListener$3.run(DelayedClientCall.java:471)
	at org.apache.ratis.thirdparty.io.grpc.internal.DelayedClientCall$DelayedListener.delayOrExecute(DelayedClientCall.java:435)
	at org.apache.ratis.thirdparty.io.grpc.internal.DelayedClientCall$DelayedListener.onClose(DelayedClientCall.java:468)
	at org.apache.ratis.thirdparty.io.grpc.internal.ClientCallImpl.closeObserver(ClientCallImpl.java:563)
	at org.apache.ratis.thirdparty.io.grpc.internal.ClientCallImpl.access$300(ClientCallImpl.java:70)
	at org.apache.ratis.thirdparty.io.grpc.internal.ClientCallImpl$ClientStreamListenerImpl$1StreamClosed.runInternal(ClientCallImpl.java:744)
	at org.apache.ratis.thirdparty.io.grpc.internal.ClientCallImpl$ClientStreamListenerImpl$1StreamClosed.runInContext(ClientCallImpl.java:723)
	at org.apache.ratis.thirdparty.io.grpc.internal.ContextRunnable.run(ContextRunnable.java:37)
	at org.apache.ratis.thirdparty.io.grpc.internal.SerializingExecutor.run(SerializingExecutor.java:133)
	at java.util.concurrent.ThreadPoolExecutor.runWorker(ThreadPoolExecutor.java:1149)
	at java.util.concurrent.ThreadPoolExecutor$Worker.run(ThreadPoolExecutor.java:624)
	at java.lang.Thread.run(Thread.java:750)
2023-06-25 20:38:36,114 [c86d5a2f-2db4-4f76-adc6-5061d66575f1-impl-thread1] INFO  impl.StateMachineUpdater (StateMachineUpdater.java:stopAndJoin(155)) - c86d5a2f-2db4-4f76-adc6-5061d66575f1@group-D53594BA4322-StateMachineUpdater: set stopIndex = 450
2023-06-25 20:38:36,114 [c86d5a2f-2db4-4f76-adc6-5061d66575f1@group-D53594BA4322-StateMachineUpdater] INFO  ratis.ContainerStateMachine (ContainerStateMachine.java:takeSnapshot(330)) - group-D53594BA4322: Taking a snapshot at:(t:1, i:450) file /home/runner/work/ozone/ozone/hadoop-ozone/integration-test/target/test-dir/MiniOzoneClusterImpl-a52b7a0b-0bee-460e-a951-14c7f8ebc071/datanode-2/data/ratis/7342d943-a4f5-4b27-9be9-d53594ba4322/sm/snapshot.1_450
2023-06-25 20:38:36,115 [c86d5a2f-2db4-4f76-adc6-5061d66575f1@group-D53594BA4322-StateMachineUpdater] INFO  ratis.ContainerStateMachine (ContainerStateMachine.java:takeSnapshot(341)) - group-D53594BA4322: Finished taking a snapshot at:(t:1, i:450) file:/home/runner/work/ozone/ozone/hadoop-ozone/integration-test/target/test-dir/MiniOzoneClusterImpl-a52b7a0b-0bee-460e-a951-14c7f8ebc071/datanode-2/data/ratis/7342d943-a4f5-4b27-9be9-d53594ba4322/sm/snapshot.1_450 took: 1 ms
2023-06-25 20:38:36,115 [c86d5a2f-2db4-4f76-adc6-5061d66575f1@group-D53594BA4322-StateMachineUpdater] INFO  impl.StateMachineUpdater (StateMachineUpdater.java:takeSnapshot(291)) - c86d5a2f-2db4-4f76-adc6-5061d66575f1@group-D53594BA4322-StateMachineUpdater: Took a snapshot at index 450
2023-06-25 20:38:36,115 [c86d5a2f-2db4-4f76-adc6-5061d66575f1@group-D53594BA4322-StateMachineUpdater] INFO  impl.StateMachineUpdater (StateMachineUpdater.java:lambda$new$0(97)) - c86d5a2f-2db4-4f76-adc6-5061d66575f1@group-D53594BA4322-StateMachineUpdater: snapshotIndex: updateIncreasingly -1 -> 450
2023-06-25 20:38:36,116 [c86d5a2f-2db4-4f76-adc6-5061d66575f1-impl-thread1] INFO  server.RaftServer$Division (ServerState.java:close(472)) - c86d5a2f-2db4-4f76-adc6-5061d66575f1@group-D53594BA4322: closes. applyIndex: 450
2023-06-25 20:38:36,116 [c86d5a2f-2db4-4f76-adc6-5061d66575f1@group-AA8173427D7E-StateMachineUpdater] INFO  ratis.ContainerStateMachine (ContainerStateMachine.java:takeSnapshot(341)) - group-AA8173427D7E: Finished taking a snapshot at:(t:1, i:125) file:/home/runner/work/ozone/ozone/hadoop-ozone/integration-test/target/test-dir/MiniOzoneClusterImpl-a52b7a0b-0bee-460e-a951-14c7f8ebc071/datanode-2/data/ratis/7ca4f31a-ba94-438a-a556-aa8173427d7e/sm/snapshot.1_125 took: 8 ms
2023-06-25 20:38:36,117 [c86d5a2f-2db4-4f76-adc6-5061d66575f1@group-AA8173427D7E-StateMachineUpdater] INFO  impl.StateMachineUpdater (StateMachineUpdater.java:takeSnapshot(291)) - c86d5a2f-2db4-4f76-adc6-5061d66575f1@group-AA8173427D7E-StateMachineUpdater: Took a snapshot at index 125
2023-06-25 20:38:36,117 [c86d5a2f-2db4-4f76-adc6-5061d66575f1@group-AA8173427D7E-StateMachineUpdater] INFO  impl.StateMachineUpdater (StateMachineUpdater.java:lambda$new$0(97)) - c86d5a2f-2db4-4f76-adc6-5061d66575f1@group-AA8173427D7E-StateMachineUpdater: snapshotIndex: updateIncreasingly -1 -> 125
2023-06-25 20:38:36,117 [c86d5a2f-2db4-4f76-adc6-5061d66575f1-impl-thread3] INFO  server.RaftServer$Division (ServerState.java:close(472)) - c86d5a2f-2db4-4f76-adc6-5061d66575f1@group-AA8173427D7E: closes. applyIndex: 125
2023-06-25 20:38:36,121 [Thread-1639] INFO  server.GrpcServerProtocolClient (GrpcServerProtocolClient.java:close(103)) - 52f6f94e-d183-4208-9d90-b23f37a7c382 Close channels
2023-06-25 20:38:36,121 [Thread-1641] INFO  server.GrpcServerProtocolClient (GrpcServerProtocolClient.java:close(103)) - 9412d3d0-2519-4c22-9a73-1b5e9d001713 Close channels
2023-06-25 20:38:36,124 [ForkJoinPool.commonPool-worker-2] INFO  server.GrpcService (GrpcService.java:closeImpl(320)) - 9412d3d0-2519-4c22-9a73-1b5e9d001713: shutdown server org.apache.ratis.grpc.server.GrpcClientProtocolService successfully
2023-06-25 20:38:36,125 [ForkJoinPool.commonPool-worker-2] INFO  server.GrpcService (GrpcService.java:closeImpl(311)) - 9412d3d0-2519-4c22-9a73-1b5e9d001713: shutdown server GrpcServerProtocolService now
2023-06-25 20:38:36,125 [grpc-default-executor-6] INFO  server.GrpcServerProtocolService (GrpcServerProtocolService.java:onCompleted(155)) - 9412d3d0-2519-4c22-9a73-1b5e9d001713: Completed APPEND_ENTRIES, lastRequest: null
2023-06-25 20:38:36,125 [grpc-default-executor-3] INFO  server.GrpcServerProtocolService (GrpcServerProtocolService.java:onCompleted(155)) - 9412d3d0-2519-4c22-9a73-1b5e9d001713: Completed APPEND_ENTRIES, lastRequest: c86d5a2f-2db4-4f76-adc6-5061d66575f1->9412d3d0-2519-4c22-9a73-1b5e9d001713#488-t1,previous=(t:1, i:449),leaderCommit=449,initializing? true,entries: size=1, first=(t:1, i:450), METADATAENTRY(c:449)
2023-06-25 20:38:36,125 [grpc-default-executor-3] INFO  server.GrpcServerProtocolService (GrpcServerProtocolService.java:lambda$onCompleted$5(157)) - 9412d3d0-2519-4c22-9a73-1b5e9d001713: Completed APPEND_ENTRIES, lastReply: null
2023-06-25 20:38:36,126 [grpc-default-executor-7] INFO  server.GrpcLogAppender (GrpcLogAppender.java:onCompleted(428)) - c86d5a2f-2db4-4f76-adc6-5061d66575f1@group-D53594BA4322->9412d3d0-2519-4c22-9a73-1b5e9d001713-AppendLogResponseHandler: follower responses appendEntries COMPLETED
2023-06-25 20:38:36,126 [grpc-default-executor-7] WARN  server.GrpcLogAppender (GrpcLogAppender.java:resetClient(137)) - c86d5a2f-2db4-4f76-adc6-5061d66575f1@group-D53594BA4322->9412d3d0-2519-4c22-9a73-1b5e9d001713-GrpcLogAppender: Failed to getClient for 9412d3d0-2519-4c22-9a73-1b5e9d001713
org.apache.ratis.protocol.exceptions.AlreadyClosedException: c86d5a2f-2db4-4f76-adc6-5061d66575f1 is already CLOSED
	at org.apache.ratis.util.PeerProxyMap$PeerAndProxy.getProxy(PeerProxyMap.java:61)
	at org.apache.ratis.util.PeerProxyMap.getProxy(PeerProxyMap.java:115)
	at org.apache.ratis.grpc.server.GrpcLogAppender.getClient(GrpcLogAppender.java:112)
	at org.apache.ratis.grpc.server.GrpcLogAppender.resetClient(GrpcLogAppender.java:117)
	at org.apache.ratis.grpc.server.GrpcLogAppender.access$500(GrpcLogAppender.java:56)
	at org.apache.ratis.grpc.server.GrpcLogAppender$AppendLogResponseHandler.onCompleted(GrpcLogAppender.java:429)
	at org.apache.ratis.thirdparty.io.grpc.stub.ClientCalls$StreamObserverToCallListenerAdapter.onClose(ClientCalls.java:485)
	at org.apache.ratis.thirdparty.io.grpc.internal.ClientCallImpl.closeObserver(ClientCallImpl.java:563)
	at org.apache.ratis.thirdparty.io.grpc.internal.ClientCallImpl.access$300(ClientCallImpl.java:70)
	at org.apache.ratis.thirdparty.io.grpc.internal.ClientCallImpl$ClientStreamListenerImpl$1StreamClosed.runInternal(ClientCallImpl.java:744)
	at org.apache.ratis.thirdparty.io.grpc.internal.ClientCallImpl$ClientStreamListenerImpl$1StreamClosed.runInContext(ClientCallImpl.java:723)
	at org.apache.ratis.thirdparty.io.grpc.internal.ContextRunnable.run(ContextRunnable.java:37)
	at org.apache.ratis.thirdparty.io.grpc.internal.SerializingExecutor.run(SerializingExecutor.java:133)
	at java.util.concurrent.ThreadPoolExecutor.runWorker(ThreadPoolExecutor.java:1149)
	at java.util.concurrent.ThreadPoolExecutor$Worker.run(ThreadPoolExecutor.java:624)
	at java.lang.Thread.run(Thread.java:750)
2023-06-25 20:38:36,126 [grpc-default-executor-6] INFO  server.GrpcServerProtocolService (GrpcServerProtocolService.java:lambda$onCompleted$5(157)) - 9412d3d0-2519-4c22-9a73-1b5e9d001713: Completed APPEND_ENTRIES, lastReply: serverReply {
  requestorId: "c86d5a2f-2db4-4f76-adc6-5061d66575f1"
  replyId: "9412d3d0-2519-4c22-9a73-1b5e9d001713"
  raftGroupId {
    id: "sB\331C\244\365K\'\233\351\3255\224\272C\""
  }
  callId: 490
  success: true
}
term: 1
nextIndex: 451
followerCommit: 450
matchIndex: 18446744073709551615
isHearbeat: true

2023-06-25 20:38:36,154 [ForkJoinPool.commonPool-worker-3] INFO  server.GrpcService (GrpcService.java:closeImpl(320)) - c86d5a2f-2db4-4f76-adc6-5061d66575f1: shutdown server org.apache.ratis.grpc.server.GrpcClientProtocolService successfully
2023-06-25 20:38:36,155 [ForkJoinPool.commonPool-worker-3] INFO  server.GrpcService (GrpcService.java:closeImpl(311)) - c86d5a2f-2db4-4f76-adc6-5061d66575f1: shutdown server GrpcServerProtocolService now
2023-06-25 20:38:36,155 [grpc-default-executor-6] INFO  server.GrpcLogAppender (GrpcLogAppender.java:onCompleted(428)) - c86d5a2f-2db4-4f76-adc6-5061d66575f1@group-D53594BA4322->9412d3d0-2519-4c22-9a73-1b5e9d001713-AppendLogResponseHandler: follower responses appendEntries COMPLETED
2023-06-25 20:38:36,155 [grpc-default-executor-6] WARN  server.GrpcLogAppender (GrpcLogAppender.java:resetClient(137)) - c86d5a2f-2db4-4f76-adc6-5061d66575f1@group-D53594BA4322->9412d3d0-2519-4c22-9a73-1b5e9d001713-GrpcLogAppender: Failed to getClient for 9412d3d0-2519-4c22-9a73-1b5e9d001713
org.apache.ratis.protocol.exceptions.AlreadyClosedException: c86d5a2f-2db4-4f76-adc6-5061d66575f1 is already CLOSED
	at org.apache.ratis.util.PeerProxyMap$PeerAndProxy.getProxy(PeerProxyMap.java:61)
	at org.apache.ratis.util.PeerProxyMap.getProxy(PeerProxyMap.java:115)
	at org.apache.ratis.grpc.server.GrpcLogAppender.getClient(GrpcLogAppender.java:112)
	at org.apache.ratis.grpc.server.GrpcLogAppender.resetClient(GrpcLogAppender.java:117)
	at org.apache.ratis.grpc.server.GrpcLogAppender.access$500(GrpcLogAppender.java:56)
	at org.apache.ratis.grpc.server.GrpcLogAppender$AppendLogResponseHandler.onCompleted(GrpcLogAppender.java:429)
	at org.apache.ratis.thirdparty.io.grpc.stub.ClientCalls$StreamObserverToCallListenerAdapter.onClose(ClientCalls.java:485)
	at org.apache.ratis.thirdparty.io.grpc.internal.ClientCallImpl.closeObserver(ClientCallImpl.java:563)
	at org.apache.ratis.thirdparty.io.grpc.internal.ClientCallImpl.access$300(ClientCallImpl.java:70)
	at org.apache.ratis.thirdparty.io.grpc.internal.ClientCallImpl$ClientStreamListenerImpl$1StreamClosed.runInternal(ClientCallImpl.java:744)
	at org.apache.ratis.thirdparty.io.grpc.internal.ClientCallImpl$ClientStreamListenerImpl$1StreamClosed.runInContext(ClientCallImpl.java:723)
	at org.apache.ratis.thirdparty.io.grpc.internal.ContextRunnable.run(ContextRunnable.java:37)
	at org.apache.ratis.thirdparty.io.grpc.internal.SerializingExecutor.run(SerializingExecutor.java:133)
	at java.util.concurrent.ThreadPoolExecutor.runWorker(ThreadPoolExecutor.java:1149)
	at java.util.concurrent.ThreadPoolExecutor$Worker.run(ThreadPoolExecutor.java:624)
	at java.lang.Thread.run(Thread.java:750)
2023-06-25 20:38:36,157 [ForkJoinPool.commonPool-worker-2] INFO  server.GrpcService (GrpcService.java:closeImpl(320)) - 9412d3d0-2519-4c22-9a73-1b5e9d001713: shutdown server GrpcServerProtocolService successfully
2023-06-25 20:38:36,157 [ForkJoinPool.commonPool-worker-2] INFO  server.GrpcService (GrpcService.java:closeImpl(311)) - 9412d3d0-2519-4c22-9a73-1b5e9d001713: shutdown server org.apache.ratis.grpc.server.GrpcAdminProtocolService now
2023-06-25 20:38:36,158 [ForkJoinPool.commonPool-worker-3] INFO  server.GrpcService (GrpcService.java:closeImpl(320)) - c86d5a2f-2db4-4f76-adc6-5061d66575f1: shutdown server GrpcServerProtocolService successfully
2023-06-25 20:38:36,158 [ForkJoinPool.commonPool-worker-3] INFO  server.GrpcService (GrpcService.java:closeImpl(311)) - c86d5a2f-2db4-4f76-adc6-5061d66575f1: shutdown server org.apache.ratis.grpc.server.GrpcAdminProtocolService now
2023-06-25 20:38:36,164 [ForkJoinPool.commonPool-worker-2] INFO  server.GrpcService (GrpcService.java:closeImpl(320)) - 9412d3d0-2519-4c22-9a73-1b5e9d001713: shutdown server org.apache.ratis.grpc.server.GrpcAdminProtocolService successfully
2023-06-25 20:38:36,165 [9412d3d0-2519-4c22-9a73-1b5e9d001713-NettyServerStreamRpc-bossGroup--thread1] INFO  logging.LoggingHandler (AbstractInternalLogger.java:log(148)) - [id: 0xd13973be, L:/0:0:0:0:0:0:0:0:15050] CLOSE
2023-06-25 20:38:36,165 [9412d3d0-2519-4c22-9a73-1b5e9d001713-NettyServerStreamRpc-bossGroup--thread1] INFO  logging.LoggingHandler (AbstractInternalLogger.java:log(148)) - [id: 0xd13973be, L:/0:0:0:0:0:0:0:0:15050] INACTIVE
2023-06-25 20:38:36,165 [9412d3d0-2519-4c22-9a73-1b5e9d001713-NettyServerStreamRpc-bossGroup--thread1] INFO  logging.LoggingHandler (AbstractInternalLogger.java:log(148)) - [id: 0xd13973be, L:/0:0:0:0:0:0:0:0:15050] UNREGISTERED
2023-06-25 20:38:36,168 [ForkJoinPool.commonPool-worker-3] INFO  server.GrpcService (GrpcService.java:closeImpl(320)) - c86d5a2f-2db4-4f76-adc6-5061d66575f1: shutdown server org.apache.ratis.grpc.server.GrpcAdminProtocolService successfully
2023-06-25 20:38:36,178 [c86d5a2f-2db4-4f76-adc6-5061d66575f1-NettyServerStreamRpc-bossGroup--thread1] INFO  logging.LoggingHandler (AbstractInternalLogger.java:log(148)) - [id: 0x0b262675, L:/0:0:0:0:0:0:0:0:15068] CLOSE
2023-06-25 20:38:36,178 [c86d5a2f-2db4-4f76-adc6-5061d66575f1-NettyServerStreamRpc-bossGroup--thread1] INFO  logging.LoggingHandler (AbstractInternalLogger.java:log(148)) - [id: 0x0b262675, L:/0:0:0:0:0:0:0:0:15068] INACTIVE
2023-06-25 20:38:36,178 [c86d5a2f-2db4-4f76-adc6-5061d66575f1-NettyServerStreamRpc-bossGroup--thread1] INFO  logging.LoggingHandler (AbstractInternalLogger.java:log(148)) - [id: 0x0b262675, L:/0:0:0:0:0:0:0:0:15068] UNREGISTERED
2023-06-25 20:38:36,357 [9412d3d0-2519-4c22-9a73-1b5e9d001713-impl-thread3] INFO  segmented.SegmentedRaftLogWorker (SegmentedRaftLogWorker.java:close(252)) - 9412d3d0-2519-4c22-9a73-1b5e9d001713@group-AA8173427D7E-SegmentedRaftLogWorker close()
2023-06-25 20:38:36,369 [52f6f94e-d183-4208-9d90-b23f37a7c382-impl-thread2] INFO  segmented.SegmentedRaftLogWorker (SegmentedRaftLogWorker.java:close(252)) - 52f6f94e-d183-4208-9d90-b23f37a7c382@group-AA8173427D7E-SegmentedRaftLogWorker close()
2023-06-25 20:38:36,370 [c86d5a2f-2db4-4f76-adc6-5061d66575f1-impl-thread3] INFO  segmented.SegmentedRaftLogWorker (SegmentedRaftLogWorker.java:close(252)) - c86d5a2f-2db4-4f76-adc6-5061d66575f1@group-AA8173427D7E-SegmentedRaftLogWorker close()
2023-06-25 20:38:36,683 [52f6f94e-d183-4208-9d90-b23f37a7c382-impl-thread3] INFO  segmented.SegmentedRaftLogWorker (SegmentedRaftLogWorker.java:close(252)) - 52f6f94e-d183-4208-9d90-b23f37a7c382@group-6BBE77A876E9-SegmentedRaftLogWorker close()
2023-06-25 20:38:36,912 [c86d5a2f-2db4-4f76-adc6-5061d66575f1-impl-thread2] INFO  segmented.SegmentedRaftLogWorker (SegmentedRaftLogWorker.java:close(252)) - c86d5a2f-2db4-4f76-adc6-5061d66575f1@group-CEC4B281C8A8-SegmentedRaftLogWorker close()
2023-06-25 20:38:37,036 [c86d5a2f-2db4-4f76-adc6-5061d66575f1-impl-thread1] INFO  segmented.SegmentedRaftLogWorker (SegmentedRaftLogWorker.java:close(252)) - c86d5a2f-2db4-4f76-adc6-5061d66575f1@group-D53594BA4322-SegmentedRaftLogWorker close()
2023-06-25 20:38:37,038 [52f6f94e-d183-4208-9d90-b23f37a7c382-impl-thread1] INFO  segmented.SegmentedRaftLogWorker (SegmentedRaftLogWorker.java:close(252)) - 52f6f94e-d183-4208-9d90-b23f37a7c382@group-D53594BA4322-SegmentedRaftLogWorker close()
2023-06-25 20:38:37,038 [JvmPauseMonitor9] INFO  util.JvmPauseMonitor (JvmPauseMonitor.java:run(109)) - JvmPauseMonitor-c86d5a2f-2db4-4f76-adc6-5061d66575f1: Stopped
2023-06-25 20:38:37,040 [9412d3d0-2519-4c22-9a73-1b5e9d001713-impl-thread2] INFO  segmented.SegmentedRaftLogWorker (SegmentedRaftLogWorker.java:close(252)) - 9412d3d0-2519-4c22-9a73-1b5e9d001713@group-D53594BA4322-SegmentedRaftLogWorker close()
2023-06-25 20:38:37,042 [JvmPauseMonitor8] INFO  util.JvmPauseMonitor (JvmPauseMonitor.java:run(109)) - JvmPauseMonitor-52f6f94e-d183-4208-9d90-b23f37a7c382: Stopped
2023-06-25 20:38:37,069 [9412d3d0-2519-4c22-9a73-1b5e9d001713-impl-thread1] INFO  segmented.SegmentedRaftLogWorker (SegmentedRaftLogWorker.java:close(252)) - 9412d3d0-2519-4c22-9a73-1b5e9d001713@group-4454F46C2927-SegmentedRaftLogWorker close()
2023-06-25 20:38:37,070 [JvmPauseMonitor7] INFO  util.JvmPauseMonitor (JvmPauseMonitor.java:run(109)) - JvmPauseMonitor-9412d3d0-2519-4c22-9a73-1b5e9d001713: Stopped
2023-06-25 20:38:39,047 [main] INFO  utils.DatanodeStoreCache (DatanodeStoreCache.java:shutdownCache(110)) - Skip clearing cache in mini cluster mode. Entries left: [/home/runner/work/ozone/ozone/hadoop-ozone/integration-test/target/test-dir/MiniOzoneClusterImpl-a52b7a0b-0bee-460e-a951-14c7f8ebc071/datanode-0/data-0/containers/hdds/a52b7a0b-0bee-460e-a951-14c7f8ebc071/DS-497bed6c-ca87-4de1-b6d9-5b1cae074b47/container.db, /home/runner/work/ozone/ozone/hadoop-ozone/integration-test/target/test-dir/MiniOzoneClusterImpl-a52b7a0b-0bee-460e-a951-14c7f8ebc071/datanode-1/data-0/containers/hdds/a52b7a0b-0bee-460e-a951-14c7f8ebc071/DS-ca476492-3098-4611-aee6-9a7f49cbcf53/container.db, /home/runner/work/ozone/ozone/hadoop-ozone/integration-test/target/test-dir/MiniOzoneClusterImpl-a52b7a0b-0bee-460e-a951-14c7f8ebc071/datanode-2/data-0/containers/hdds/a52b7a0b-0bee-460e-a951-14c7f8ebc071/DS-fc8b7db1-82a2-4735-be0f-92fbe0146b3e/container.db]
2023-06-25 20:38:39,048 [ForkJoinPool.commonPool-worker-3] INFO  utils.DatanodeStoreCache (DatanodeStoreCache.java:shutdownCache(110)) - Skip clearing cache in mini cluster mode. Entries left: [/home/runner/work/ozone/ozone/hadoop-ozone/integration-test/target/test-dir/MiniOzoneClusterImpl-a52b7a0b-0bee-460e-a951-14c7f8ebc071/datanode-0/data-0/containers/hdds/a52b7a0b-0bee-460e-a951-14c7f8ebc071/DS-497bed6c-ca87-4de1-b6d9-5b1cae074b47/container.db, /home/runner/work/ozone/ozone/hadoop-ozone/integration-test/target/test-dir/MiniOzoneClusterImpl-a52b7a0b-0bee-460e-a951-14c7f8ebc071/datanode-2/data-0/containers/hdds/a52b7a0b-0bee-460e-a951-14c7f8ebc071/DS-fc8b7db1-82a2-4735-be0f-92fbe0146b3e/container.db]
2023-06-25 20:38:39,050 [main] INFO  utils.DatanodeStoreCache (DatanodeStoreCache.java:removeDB(104)) - Removed db /home/runner/work/ozone/ozone/hadoop-ozone/integration-test/target/test-dir/MiniOzoneClusterImpl-a52b7a0b-0bee-460e-a951-14c7f8ebc071/datanode-1/data-0/containers/hdds/a52b7a0b-0bee-460e-a951-14c7f8ebc071/DS-ca476492-3098-4611-aee6-9a7f49cbcf53/container.db from cache
2023-06-25 20:38:39,050 [main] INFO  volume.HddsVolume (HddsVolume.java:closeDbStore(437)) - SchemaV3 db is stopped at /home/runner/work/ozone/ozone/hadoop-ozone/integration-test/target/test-dir/MiniOzoneClusterImpl-a52b7a0b-0bee-460e-a951-14c7f8ebc071/datanode-1/data-0/containers/hdds/a52b7a0b-0bee-460e-a951-14c7f8ebc071/DS-ca476492-3098-4611-aee6-9a7f49cbcf53/container.db for volume DS-ca476492-3098-4611-aee6-9a7f49cbcf53
2023-06-25 20:38:39,050 [main] INFO  utils.BackgroundService (BackgroundService.java:shutdown(141)) - Shutting down service BlockDeletingService
2023-06-25 20:38:39,053 [main] INFO  utils.BackgroundService (BackgroundService.java:shutdown(141)) - Shutting down service StaleRecoveringContainerScrubbingService
2023-06-25 20:38:39,054 [ForkJoinPool.commonPool-worker-3] INFO  utils.DatanodeStoreCache (DatanodeStoreCache.java:removeDB(104)) - Removed db /home/runner/work/ozone/ozone/hadoop-ozone/integration-test/target/test-dir/MiniOzoneClusterImpl-a52b7a0b-0bee-460e-a951-14c7f8ebc071/datanode-2/data-0/containers/hdds/a52b7a0b-0bee-460e-a951-14c7f8ebc071/DS-fc8b7db1-82a2-4735-be0f-92fbe0146b3e/container.db from cache
2023-06-25 20:38:39,054 [ForkJoinPool.commonPool-worker-3] INFO  volume.HddsVolume (HddsVolume.java:closeDbStore(437)) - SchemaV3 db is stopped at /home/runner/work/ozone/ozone/hadoop-ozone/integration-test/target/test-dir/MiniOzoneClusterImpl-a52b7a0b-0bee-460e-a951-14c7f8ebc071/datanode-2/data-0/containers/hdds/a52b7a0b-0bee-460e-a951-14c7f8ebc071/DS-fc8b7db1-82a2-4735-be0f-92fbe0146b3e/container.db for volume DS-fc8b7db1-82a2-4735-be0f-92fbe0146b3e
2023-06-25 20:38:39,057 [ForkJoinPool.commonPool-worker-3] INFO  utils.BackgroundService (BackgroundService.java:shutdown(141)) - Shutting down service BlockDeletingService
2023-06-25 20:38:39,058 [ForkJoinPool.commonPool-worker-3] INFO  utils.BackgroundService (BackgroundService.java:shutdown(141)) - Shutting down service StaleRecoveringContainerScrubbingService
2023-06-25 20:38:39,061 [ForkJoinPool.commonPool-worker-3] INFO  statemachine.DatanodeStateMachine (DatanodeStateMachine.java:stopDaemon(613)) - Ozone container server stopped.
2023-06-25 20:38:39,061 [main] INFO  statemachine.DatanodeStateMachine (DatanodeStateMachine.java:stopDaemon(613)) - Ozone container server stopped.
2023-06-25 20:38:39,076 [ForkJoinPool.commonPool-worker-2] INFO  utils.DatanodeStoreCache (DatanodeStoreCache.java:shutdownCache(110)) - Skip clearing cache in mini cluster mode. Entries left: [/home/runner/work/ozone/ozone/hadoop-ozone/integration-test/target/test-dir/MiniOzoneClusterImpl-a52b7a0b-0bee-460e-a951-14c7f8ebc071/datanode-0/data-0/containers/hdds/a52b7a0b-0bee-460e-a951-14c7f8ebc071/DS-497bed6c-ca87-4de1-b6d9-5b1cae074b47/container.db]
2023-06-25 20:38:39,094 [ForkJoinPool.commonPool-worker-2] INFO  utils.DatanodeStoreCache (DatanodeStoreCache.java:removeDB(104)) - Removed db /home/runner/work/ozone/ozone/hadoop-ozone/integration-test/target/test-dir/MiniOzoneClusterImpl-a52b7a0b-0bee-460e-a951-14c7f8ebc071/datanode-0/data-0/containers/hdds/a52b7a0b-0bee-460e-a951-14c7f8ebc071/DS-497bed6c-ca87-4de1-b6d9-5b1cae074b47/container.db from cache
2023-06-25 20:38:39,094 [ForkJoinPool.commonPool-worker-2] INFO  volume.HddsVolume (HddsVolume.java:closeDbStore(437)) - SchemaV3 db is stopped at /home/runner/work/ozone/ozone/hadoop-ozone/integration-test/target/test-dir/MiniOzoneClusterImpl-a52b7a0b-0bee-460e-a951-14c7f8ebc071/datanode-0/data-0/containers/hdds/a52b7a0b-0bee-460e-a951-14c7f8ebc071/DS-497bed6c-ca87-4de1-b6d9-5b1cae074b47/container.db for volume DS-497bed6c-ca87-4de1-b6d9-5b1cae074b47
2023-06-25 20:38:39,097 [ForkJoinPool.commonPool-worker-2] INFO  utils.BackgroundService (BackgroundService.java:shutdown(141)) - Shutting down service BlockDeletingService
2023-06-25 20:38:39,098 [ForkJoinPool.commonPool-worker-2] INFO  utils.BackgroundService (BackgroundService.java:shutdown(141)) - Shutting down service StaleRecoveringContainerScrubbingService
2023-06-25 20:38:39,099 [ForkJoinPool.commonPool-worker-2] INFO  statemachine.DatanodeStateMachine (DatanodeStateMachine.java:stopDaemon(613)) - Ozone container server stopped.
2023-06-25 20:38:39,110 [main] INFO  handler.ContextHandler (ContextHandler.java:doStop(1159)) - Stopped o.e.j.w.WebAppContext@b514ef9{hddsDatanode,/,null,STOPPED}{jar:file:/home/runner/.m2/repository/org/apache/ozone/hdds-container-service/1.4.0-SNAPSHOT/hdds-container-service-1.4.0-SNAPSHOT.jar!/webapps/hddsDatanode}
2023-06-25 20:38:39,113 [main] INFO  server.AbstractConnector (AbstractConnector.java:doStop(383)) - Stopped ServerConnector@38b786b6{HTTP/1.1, (http/1.1)}{0.0.0.0:15053}
2023-06-25 20:38:39,114 [main] INFO  server.session (HouseKeeper.java:stopScavenging(149)) - node0 Stopped scavenging
2023-06-25 20:38:39,114 [main] INFO  handler.ContextHandler (ContextHandler.java:doStop(1159)) - Stopped o.e.j.s.ServletContextHandler@29185b54{static,/static,jar:file:/home/runner/.m2/repository/org/apache/ozone/hdds-container-service/1.4.0-SNAPSHOT/hdds-container-service-1.4.0-SNAPSHOT.jar!/webapps/static,STOPPED}
2023-06-25 20:38:39,115 [main] INFO  handler.ContextHandler (ContextHandler.java:doStop(1159)) - Stopped o.e.j.s.ServletContextHandler@7032e80e{logs,/logs,file:///home/runner/work/ozone/ozone/hadoop-ozone/integration-test/target/log,STOPPED}
2023-06-25 20:38:39,117 [main] INFO  ozone.HddsDatanodeClientProtocolServer (HddsDatanodeClientProtocolServer.java:stop(78)) - Stopping the RPC server for Client Protocol
2023-06-25 20:38:39,117 [main] INFO  ipc.Server (Server.java:stop(3501)) - Stopping server on 15054
2023-06-25 20:38:39,117 [ForkJoinPool.commonPool-worker-2] INFO  handler.ContextHandler (ContextHandler.java:doStop(1159)) - Stopped o.e.j.w.WebAppContext@1f0155c{hddsDatanode,/,null,STOPPED}{jar:file:/home/runner/.m2/repository/org/apache/ozone/hdds-container-service/1.4.0-SNAPSHOT/hdds-container-service-1.4.0-SNAPSHOT.jar!/webapps/hddsDatanode}
2023-06-25 20:38:39,118 [IPC Server listener on 15054] INFO  ipc.Server (Server.java:run(1430)) - Stopping IPC Server listener on 15054
2023-06-25 20:38:39,119 [IPC Server Responder] INFO  ipc.Server (Server.java:run(1563)) - Stopping IPC Server Responder
2023-06-25 20:38:39,120 [ForkJoinPool.commonPool-worker-2] INFO  server.AbstractConnector (AbstractConnector.java:doStop(383)) - Stopped ServerConnector@9516b87{HTTP/1.1, (http/1.1)}{0.0.0.0:15044}
2023-06-25 20:38:39,120 [ForkJoinPool.commonPool-worker-2] INFO  server.session (HouseKeeper.java:stopScavenging(149)) - node0 Stopped scavenging
2023-06-25 20:38:39,125 [ForkJoinPool.commonPool-worker-2] INFO  handler.ContextHandler (ContextHandler.java:doStop(1159)) - Stopped o.e.j.s.ServletContextHandler@2c6fc104{static,/static,jar:file:/home/runner/.m2/repository/org/apache/ozone/hdds-container-service/1.4.0-SNAPSHOT/hdds-container-service-1.4.0-SNAPSHOT.jar!/webapps/static,STOPPED}
2023-06-25 20:38:39,125 [ForkJoinPool.commonPool-worker-2] INFO  handler.ContextHandler (ContextHandler.java:doStop(1159)) - Stopped o.e.j.s.ServletContextHandler@489e1fb9{logs,/logs,file:///home/runner/work/ozone/ozone/hadoop-ozone/integration-test/target/log,STOPPED}
2023-06-25 20:38:39,126 [ForkJoinPool.commonPool-worker-2] INFO  ozone.HddsDatanodeClientProtocolServer (HddsDatanodeClientProtocolServer.java:stop(78)) - Stopping the RPC server for Client Protocol
2023-06-25 20:38:39,127 [ForkJoinPool.commonPool-worker-2] INFO  ipc.Server (Server.java:stop(3501)) - Stopping server on 15045
2023-06-25 20:38:39,127 [ForkJoinPool.commonPool-worker-3] INFO  handler.ContextHandler (ContextHandler.java:doStop(1159)) - Stopped o.e.j.w.WebAppContext@c49343{hddsDatanode,/,null,STOPPED}{jar:file:/home/runner/.m2/repository/org/apache/ozone/hdds-container-service/1.4.0-SNAPSHOT/hdds-container-service-1.4.0-SNAPSHOT.jar!/webapps/hddsDatanode}
2023-06-25 20:38:39,128 [IPC Server Responder] INFO  ipc.Server (Server.java:run(1563)) - Stopping IPC Server Responder
2023-06-25 20:38:39,129 [IPC Server listener on 15045] INFO  ipc.Server (Server.java:run(1430)) - Stopping IPC Server listener on 15045
2023-06-25 20:38:39,133 [ForkJoinPool.commonPool-worker-3] INFO  server.AbstractConnector (AbstractConnector.java:doStop(383)) - Stopped ServerConnector@7e46efa{HTTP/1.1, (http/1.1)}{0.0.0.0:15062}
2023-06-25 20:38:39,134 [ForkJoinPool.commonPool-worker-3] INFO  server.session (HouseKeeper.java:stopScavenging(149)) - node0 Stopped scavenging
2023-06-25 20:38:39,134 [ForkJoinPool.commonPool-worker-3] INFO  handler.ContextHandler (ContextHandler.java:doStop(1159)) - Stopped o.e.j.s.ServletContextHandler@138efcc{static,/static,jar:file:/home/runner/.m2/repository/org/apache/ozone/hdds-container-service/1.4.0-SNAPSHOT/hdds-container-service-1.4.0-SNAPSHOT.jar!/webapps/static,STOPPED}
2023-06-25 20:38:39,135 [ForkJoinPool.commonPool-worker-3] INFO  handler.ContextHandler (ContextHandler.java:doStop(1159)) - Stopped o.e.j.s.ServletContextHandler@589c58fb{logs,/logs,file:///home/runner/work/ozone/ozone/hadoop-ozone/integration-test/target/log,STOPPED}
2023-06-25 20:38:39,136 [ForkJoinPool.commonPool-worker-3] INFO  ozone.HddsDatanodeClientProtocolServer (HddsDatanodeClientProtocolServer.java:stop(78)) - Stopping the RPC server for Client Protocol
2023-06-25 20:38:39,136 [ForkJoinPool.commonPool-worker-3] INFO  ipc.Server (Server.java:stop(3501)) - Stopping server on 15063
2023-06-25 20:38:39,140 [IPC Server Responder] INFO  ipc.Server (Server.java:run(1563)) - Stopping IPC Server Responder
2023-06-25 20:38:39,141 [IPC Server listener on 15063] INFO  ipc.Server (Server.java:run(1430)) - Stopping IPC Server listener on 15063
2023-06-25 20:38:39,142 [main] INFO  ozone.MiniOzoneClusterImpl (MiniOzoneClusterImpl.java:stopSCM(543)) - Stopping the StorageContainerManager
2023-06-25 20:38:39,143 [main] INFO  server.StorageContainerManager (StorageContainerManager.java:stop(1588)) - Container Balancer is not running.
2023-06-25 20:38:39,143 [main] INFO  server.StorageContainerManager (StorageContainerManager.java:stopReplicationManager(1721)) - Stopping Replication Manager Service.
2023-06-25 20:38:39,143 [main] INFO  replication.ReplicationManager (ReplicationManager.java:stop(319)) - Stopping Replication Monitor Thread.
2023-06-25 20:38:39,143 [main] INFO  server.StorageContainerManager (StorageContainerManager.java:stop(1597)) - Stopping the Datanode Admin Monitor.
2023-06-25 20:38:39,143 [ReplicationMonitor] INFO  replication.ReplicationManager (ReplicationManager.java:run(918)) - Replication Monitor Thread is stopped
2023-06-25 20:38:39,143 [main] INFO  server.StorageContainerManager (StorageContainerManager.java:stop(1604)) - Stopping datanode service RPC server
2023-06-25 20:38:39,144 [main] INFO  server.SCMDatanodeProtocolServer (SCMDatanodeProtocolServer.java:stop(424)) - Stopping the RPC server for DataNodes
2023-06-25 20:38:39,144 [main] INFO  ipc.Server (Server.java:stop(3501)) - Stopping server on 15037
2023-06-25 20:38:39,143 [Over Replicated Processor] WARN  replication.UnhealthyReplicationProcessor (UnhealthyReplicationProcessor.java:run(180)) - Over Replicated Processor interrupted. Exiting...
2023-06-25 20:38:39,143 [Under Replicated Processor] WARN  replication.UnhealthyReplicationProcessor (UnhealthyReplicationProcessor.java:run(180)) - Under Replicated Processor interrupted. Exiting...
2023-06-25 20:38:39,146 [IPC Server listener on 15037] INFO  ipc.Server (Server.java:run(1430)) - Stopping IPC Server listener on 15037
2023-06-25 20:38:39,148 [IPC Server Responder] INFO  ipc.Server (Server.java:run(1563)) - Stopping IPC Server Responder
2023-06-25 20:38:39,230 [SCM Heartbeat Processing Thread - 0] WARN  node.NodeStateManager (NodeStateManager.java:scheduleNextHealthCheck(874)) - Current Thread is interrupted, shutting down HB processing thread for Node Manager.
2023-06-25 20:38:39,230 [main] INFO  server.StorageContainerManager (StorageContainerManager.java:stop(1612)) - Stopping block service RPC server
2023-06-25 20:38:39,231 [main] INFO  server.SCMBlockProtocolServer (SCMBlockProtocolServer.java:stop(161)) - Stopping the RPC server for Block Protocol
2023-06-25 20:38:39,231 [main] INFO  ipc.Server (Server.java:stop(3501)) - Stopping server on 15036
2023-06-25 20:38:39,234 [IPC Server listener on 15036] INFO  ipc.Server (Server.java:run(1430)) - Stopping IPC Server listener on 15036
2023-06-25 20:38:39,235 [IPC Server Responder] INFO  ipc.Server (Server.java:run(1563)) - Stopping IPC Server Responder
2023-06-25 20:38:39,236 [main] INFO  server.StorageContainerManager (StorageContainerManager.java:stop(1619)) - Stopping the StorageContainerLocationProtocol RPC server
2023-06-25 20:38:39,236 [main] INFO  server.SCMClientProtocolServer (SCMClientProtocolServer.java:stop(210)) - Stopping the RPC server for Client Protocol
2023-06-25 20:38:39,236 [main] INFO  ipc.Server (Server.java:stop(3501)) - Stopping server on 15035
2023-06-25 20:38:39,238 [IPC Server listener on 15035] INFO  ipc.Server (Server.java:run(1430)) - Stopping IPC Server listener on 15035
2023-06-25 20:38:39,240 [IPC Server Responder] INFO  ipc.Server (Server.java:run(1563)) - Stopping IPC Server Responder
2023-06-25 20:38:39,240 [main] INFO  server.StorageContainerManager (StorageContainerManager.java:stop(1626)) - Stopping Storage Container Manager HTTP server.
2023-06-25 20:38:39,241 [main] INFO  handler.ContextHandler (ContextHandler.java:doStop(1159)) - Stopped o.e.j.w.WebAppContext@3763f0bf{scm,/,null,STOPPED}{file:/home/runner/work/ozone/ozone/hadoop-ozone/integration-test/target/test-classes/webapps/scm}
2023-06-25 20:38:39,242 [main] INFO  server.AbstractConnector (AbstractConnector.java:doStop(383)) - Stopped ServerConnector@4bfb522d{HTTP/1.1, (http/1.1)}{0.0.0.0:15038}
2023-06-25 20:38:39,242 [main] INFO  server.session (HouseKeeper.java:stopScavenging(149)) - node0 Stopped scavenging
2023-06-25 20:38:39,243 [main] INFO  handler.ContextHandler (ContextHandler.java:doStop(1159)) - Stopped o.e.j.s.ServletContextHandler@43d5fa67{static,/static,file:///home/runner/work/ozone/ozone/hadoop-ozone/integration-test/target/test-classes/webapps/static,STOPPED}
2023-06-25 20:38:39,243 [main] INFO  handler.ContextHandler (ContextHandler.java:doStop(1159)) - Stopped o.e.j.s.ServletContextHandler@6e3a479f{logs,/logs,file:///home/runner/work/ozone/ozone/hadoop-ozone/integration-test/target/log,STOPPED}
2023-06-25 20:38:39,244 [main] INFO  server.StorageContainerManager (StorageContainerManager.java:stop(1634)) - Stopping SCM LayoutVersionManager Service.
2023-06-25 20:38:39,244 [main] INFO  server.StorageContainerManager (StorageContainerManager.java:stop(1646)) - Stopping Block Manager Service.
2023-06-25 20:38:39,244 [main] INFO  utils.BackgroundService (BackgroundService.java:shutdown(141)) - Shutting down service SCMBlockDeletingService
2023-06-25 20:38:39,245 [main] INFO  utils.BackgroundService (BackgroundService.java:shutdown(141)) - Shutting down service SCMBlockDeletingService
2023-06-25 20:38:39,245 [main] INFO  server.StorageContainerManager (StorageContainerManager.java:stop(1666)) - Stopping SCM Event Queue.
2023-06-25 20:38:39,247 [JvmPauseMonitor5] INFO  util.JvmPauseMonitor (JvmPauseMonitor.java:run(109)) - JvmPauseMonitor-1c5e1a91-a27b-4ad0-8cde-437238ed6236: Stopped
2023-06-25 20:38:39,247 [main] INFO  server.StorageContainerManager (StorageContainerManager.java:stop(1677)) - Stopping SCM HA services.
2023-06-25 20:38:39,247 [main] INFO  pipeline.BackgroundPipelineCreator (BackgroundPipelineCreator.java:stop(149)) - Stopping RatisPipelineUtilsThread.
2023-06-25 20:38:39,248 [RatisPipelineUtilsThread - 0] WARN  pipeline.BackgroundPipelineCreator (BackgroundPipelineCreator.java:run(180)) - RatisPipelineUtilsThread is interrupted.
2023-06-25 20:38:39,248 [BackgroundPipelineScrubberThread] WARN  BackgroundPipelineScrubber (BackgroundSCMService.java:run(115)) - BackgroundPipelineScrubber is interrupted, exit
2023-06-25 20:38:39,248 [main] INFO  BackgroundPipelineScrubber (BackgroundSCMService.java:stop(131)) - Stopping BackgroundPipelineScrubber Service.
2023-06-25 20:38:39,248 [main] INFO  impl.MetricsSystemImpl (MetricsSystemImpl.java:stop(210)) - Stopping HddsDatanode metrics system...
2023-06-25 20:38:39,257 [prometheus] INFO  impl.MetricsSinkAdapter (MetricsSinkAdapter.java:publishMetricsFromQueue(141)) - prometheus thread interrupted.
2023-06-25 20:38:39,259 [main] INFO  impl.MetricsSystemImpl (MetricsSystemImpl.java:stop(216)) - HddsDatanode metrics system stopped.
2023-06-25 20:38:39,260 [main] WARN  pipeline.BackgroundPipelineCreator (BackgroundPipelineCreator.java:stop(145)) - RatisPipelineUtilsThread is not running, just ignore.
2023-06-25 20:38:39,260 [main] INFO  BackgroundPipelineScrubber (BackgroundSCMService.java:stop(126)) - BackgroundPipelineScrubber Service is not running, skip stop.
2023-06-25 20:38:39,260 [ExpiredContainerReplicaOpScrubberThread] WARN  ExpiredContainerReplicaOpScrubber (BackgroundSCMService.java:run(115)) - ExpiredContainerReplicaOpScrubber is interrupted, exit
2023-06-25 20:38:39,260 [main] INFO  ExpiredContainerReplicaOpScrubber (BackgroundSCMService.java:stop(131)) - Stopping ExpiredContainerReplicaOpScrubber Service.
2023-06-25 20:38:39,260 [main] INFO  utils.BackgroundService (BackgroundService.java:shutdown(141)) - Shutting down service SCMBlockDeletingService
2023-06-25 20:38:39,260 [main] INFO  replication.ReplicationManager (ReplicationManager.java:stop(329)) - Replication Monitor Thread is not running.
2023-06-25 20:38:39,260 [main] WARN  balancer.ContainerBalancer (ContainerBalancer.java:stop(328)) - Cannot stop Container Balancer because it's not running or stopping
2023-06-25 20:38:39,261 [main] INFO  server.StorageContainerManager (StorageContainerManager.java:stop(1712)) - Stopping SCM MetadataStore.
2023-06-25 20:38:39,261 [Lease Manager-LeaseManager#LeaseMonitor] WARN  lease.LeaseManager (LeaseManager.java:run(272)) - Lease manager is interrupted. Shutting down...
java.lang.InterruptedException
	at java.util.concurrent.locks.AbstractQueuedSynchronizer.doAcquireSharedNanos(AbstractQueuedSynchronizer.java:1039)
	at java.util.concurrent.locks.AbstractQueuedSynchronizer.tryAcquireSharedNanos(AbstractQueuedSynchronizer.java:1328)
	at java.util.concurrent.Semaphore.tryAcquire(Semaphore.java:409)
	at org.apache.hadoop.ozone.lease.LeaseManager$LeaseMonitor.run(LeaseManager.java:270)
	at java.lang.Thread.run(Thread.java:750)
]]></system-out>
  </testcase>
  <testcase name="testSnapshotSplitAndMove" classname="org.apache.hadoop.fs.ozone.TestSnapshotDeletingService" time="30.009">
    <system-out><![CDATA[2023-06-25 20:38:39,403 [main] WARN  server.ServerUtils (ServerUtils.java:getScmDbDir(155)) - ozone.scm.db.dirs is not configured. We recommend adding this setting. Falling back to ozone.metadata.dirs instead.
2023-06-25 20:38:39,406 [main] WARN  server.ServerUtils (ServerUtils.java:getScmDbDir(155)) - ozone.scm.db.dirs is not configured. We recommend adding this setting. Falling back to ozone.metadata.dirs instead.
2023-06-25 20:38:39,407 [main] INFO  ha.SCMHANodeDetails (SCMHANodeDetails.java:loadSCMHAConfig(210)) - ServiceID for StorageContainerManager is null
2023-06-25 20:38:39,407 [main] INFO  ha.SCMHANodeDetails (SCMHANodeDetails.java:loadSCMHAConfig(215)) - ozone.scm.default.service.id is not defined, falling back to ozone.scm.service.ids to find serviceID for StorageContainerManager if it is HA enabled cluster
2023-06-25 20:38:39,408 [main] WARN  utils.HAUtils (HAUtils.java:getMetaDir(339)) - ozone.scm.db.dirs is not configured. We recommend adding this setting. Falling back to ozone.metadata.dirs instead.
2023-06-25 20:38:39,408 [main] WARN  db.DBStoreBuilder (DBStoreBuilder.java:applyDBDefinition(166)) - ozone.scm.db.dirs is not configured. We recommend adding this setting. Falling back to ozone.metadata.dirs instead.
2023-06-25 20:38:39,535 [main] INFO  net.NodeSchemaLoader (NodeSchemaLoader.java:loadSchemaFromFile(129)) - Loading schema from [jar:file:/home/runner/.m2/repository/org/apache/ozone/hdds-common/1.4.0-SNAPSHOT/hdds-common-1.4.0-SNAPSHOT.jar!/network-topology-default.xml]
2023-06-25 20:38:39,535 [main] INFO  net.NodeSchemaLoader (NodeSchemaLoader.java:loadSchema(176)) - Loading network topology layer schema file
2023-06-25 20:38:39,543 [main] INFO  upgrade.AbstractLayoutVersionManager (AbstractLayoutVersionManager.java:init(83)) - Initializing Layout version manager with metadata layout = HADOOP_PRC_PORTS_IN_DATANODEDETAILS (version = 7), software layout = HADOOP_PRC_PORTS_IN_DATANODEDETAILS (version = 7)
2023-06-25 20:38:39,545 [main] INFO  ha.SequenceIdGenerator (SequenceIdGenerator.java:upgradeToSequenceId(349)) - upgrade localId to 111677748019200000
2023-06-25 20:38:39,546 [main] INFO  ha.SequenceIdGenerator (SequenceIdGenerator.java:upgradeToSequenceId(359)) - upgrade delTxnId to 0
2023-06-25 20:38:39,547 [main] INFO  ha.SequenceIdGenerator (SequenceIdGenerator.java:upgradeToSequenceId(376)) - upgrade containerId to 0
2023-06-25 20:38:39,547 [main] INFO  ha.SequenceIdGenerator (SequenceIdGenerator.java:<init>(220)) - Init the HA SequenceIdGenerator.
2023-06-25 20:38:39,547 [main] WARN  server.ServerUtils (ServerUtils.java:sanitizeUserArgs(80)) - ozone.scm.stale.node.interval value = 300000 is larger than max = 100000 based on the key value of ozone.scm.heartbeat.thread.interval, reset to the max value 100000.
2023-06-25 20:38:39,548 [main] WARN  server.ServerUtils (ServerUtils.java:sanitizeUserArgs(80)) - ozone.scm.stale.node.interval value = 300000 is larger than max = 100000 based on the key value of ozone.scm.heartbeat.thread.interval, reset to the max value 100000.
2023-06-25 20:38:39,548 [main] INFO  node.SCMNodeManager (SCMNodeManager.java:<init>(157)) - Entering startup safe mode.
2023-06-25 20:38:39,548 [main] INFO  algorithms.ContainerPlacementPolicyFactory (ContainerPlacementPolicyFactory.java:getPolicyInternal(86)) - Create container placement policy of type org.apache.hadoop.hdds.scm.container.placement.algorithms.SCMContainerPlacementRackAware
2023-06-25 20:38:39,549 [main] INFO  algorithms.ContainerPlacementPolicyFactory (ContainerPlacementPolicyFactory.java:getPolicyInternal(86)) - Create container placement policy of type org.apache.hadoop.hdds.scm.container.placement.algorithms.SCMContainerPlacementRackScatter
2023-06-25 20:38:39,549 [main] INFO  pipeline.PipelineStateManagerImpl (PipelineStateManagerImpl.java:initialize(78)) - No pipeline exists in current db
2023-06-25 20:38:39,549 [main] INFO  algorithms.LeaderChoosePolicyFactory (LeaderChoosePolicyFactory.java:getPolicy(57)) - Create leader choose policy of type org.apache.hadoop.hdds.scm.pipeline.leader.choose.algorithms.MinLeaderCountChoosePolicy
2023-06-25 20:38:39,549 [main] INFO  algorithms.ContainerPlacementPolicyFactory (ContainerPlacementPolicyFactory.java:getPolicyInternal(86)) - Create container placement policy of type org.apache.hadoop.hdds.scm.container.placement.algorithms.SCMContainerPlacementRackScatter
2023-06-25 20:38:39,550 [main] INFO  ha.SCMServiceManager (SCMServiceManager.java:register(42)) - Registering service BackgroundPipelineCreator.
2023-06-25 20:38:39,550 [main] INFO  pipeline.BackgroundPipelineCreator (BackgroundPipelineCreator.java:start(124)) - Starting RatisPipelineUtilsThread.
2023-06-25 20:38:39,550 [main] INFO  BackgroundPipelineScrubber (BackgroundSCMService.java:start(68)) - Starting BackgroundPipelineScrubber Service.
2023-06-25 20:38:39,551 [main] INFO  ha.SCMServiceManager (SCMServiceManager.java:register(42)) - Registering service BackgroundPipelineScrubber.
2023-06-25 20:38:39,551 [main] INFO  ExpiredContainerReplicaOpScrubber (BackgroundSCMService.java:start(68)) - Starting ExpiredContainerReplicaOpScrubber Service.
2023-06-25 20:38:39,551 [main] INFO  ha.SCMServiceManager (SCMServiceManager.java:register(42)) - Registering service ExpiredContainerReplicaOpScrubber.
2023-06-25 20:38:39,552 [main] INFO  algorithms.PipelineChoosePolicyFactory (PipelineChoosePolicyFactory.java:createPipelineChoosePolicyFromClass(73)) - Create pipeline choose policy of type org.apache.hadoop.hdds.scm.pipeline.choose.algorithms.RandomPipelineChoosePolicy
2023-06-25 20:38:39,553 [main] INFO  ha.SCMServiceManager (SCMServiceManager.java:register(42)) - Registering service SCMBlockDeletingService.
2023-06-25 20:38:39,553 [main] INFO  replication.ReplicationManager (ReplicationManager.java:start(286)) - Starting Replication Monitor Thread.
2023-06-25 20:38:39,555 [main] INFO  ha.SCMServiceManager (SCMServiceManager.java:register(42)) - Registering service ReplicationManager.
2023-06-25 20:38:39,555 [main] INFO  safemode.ContainerSafeModeRule (ContainerSafeModeRule.java:<init>(89)) - containers with one replica threshold count 0
2023-06-25 20:38:39,556 [main] INFO  safemode.HealthyPipelineSafeModeRule (HealthyPipelineSafeModeRule.java:initializeRule(169)) - Total pipeline count is 0, healthy pipeline threshold count is 1
2023-06-25 20:38:39,556 [main] INFO  safemode.OneReplicaPipelineSafeModeRule (OneReplicaPipelineSafeModeRule.java:initializeRule(180)) - Total pipeline count is 0, pipeline's with at least one datanode reported threshold count is 0
2023-06-25 20:38:39,561 [ReplicationMonitor] INFO  replication.ReplicationManager (ReplicationManager.java:processAll(361)) - Replication Manager is not ready to run until 3000ms after safemode exit
2023-06-25 20:38:39,562 [main] INFO  server.StorageContainerManager (StorageContainerManager.java:<init>(420)) - SCM start with adminUsers: [runner]
2023-06-25 20:38:39,562 [main] INFO  ipc.CallQueueManager (CallQueueManager.java:<init>(90)) - Using callQueue: class java.util.concurrent.LinkedBlockingQueue, queueCapacity: 2000, scheduler: class org.apache.hadoop.ipc.DefaultRpcScheduler, ipcBackoff: false.
2023-06-25 20:38:39,563 [Socket Reader #1 for port 15072] INFO  ipc.Server (Server.java:run(1319)) - Starting Socket Reader #1 for port 15072
2023-06-25 20:38:39,564 [Listener at 0.0.0.0/15072] INFO  hdds.HddsUtils (HddsUtils.java:preserveThreadName(848)) - Restoring thread name: main
2023-06-25 20:38:39,565 [main] INFO  ipc.CallQueueManager (CallQueueManager.java:<init>(90)) - Using callQueue: class java.util.concurrent.LinkedBlockingQueue, queueCapacity: 2000, scheduler: class org.apache.hadoop.ipc.DefaultRpcScheduler, ipcBackoff: false.
2023-06-25 20:38:39,567 [Socket Reader #1 for port 15071] INFO  ipc.Server (Server.java:run(1319)) - Starting Socket Reader #1 for port 15071
2023-06-25 20:38:39,569 [Listener at 0.0.0.0/15071] INFO  hdds.HddsUtils (HddsUtils.java:preserveThreadName(848)) - Restoring thread name: main
2023-06-25 20:38:39,569 [main] INFO  ipc.CallQueueManager (CallQueueManager.java:<init>(90)) - Using callQueue: class java.util.concurrent.LinkedBlockingQueue, queueCapacity: 2000, scheduler: class org.apache.hadoop.ipc.DefaultRpcScheduler, ipcBackoff: false.
2023-06-25 20:38:39,570 [Socket Reader #1 for port 15070] INFO  ipc.Server (Server.java:run(1319)) - Starting Socket Reader #1 for port 15070
2023-06-25 20:38:39,572 [Listener at 0.0.0.0/15070] INFO  hdds.HddsUtils (HddsUtils.java:preserveThreadName(848)) - Restoring thread name: main
2023-06-25 20:38:39,575 [main] INFO  ha.SCMServiceManager (SCMServiceManager.java:register(42)) - Registering service ContainerBalancer.
2023-06-25 20:38:39,575 [main] INFO  server.StorageContainerManager (StorageContainerManager.java:<init>(433)) - 
Container Balancer status:
Key                            Value
Running                        false
Container Balancer Configuration values:
Key                                                Value
Threshold                                          10
Max Datanodes to Involve per Iteration(percent)    20
Max Size to Move per Iteration                     500GB
Max Size Entering Target per Iteration             26GB
Max Size Leaving Source per Iteration              26GB

2023-06-25 20:38:39,575 [main] INFO  ha.SCMContext (SCMContext.java:updateSafeModeStatus(228)) - Update SafeModeStatus from SafeModeStatus{safeModeStatus=true, preCheckPassed=false} to SafeModeStatus{safeModeStatus=true, preCheckPassed=false}.
2023-06-25 20:38:39,576 [main] INFO  server.StorageContainerManager (StorageContainerManager.java:start(1487)) - StorageContainerLocationProtocol RPC server is listening at /0.0.0.0:15070
2023-06-25 20:38:39,581 [main] WARN  impl.MetricsConfig (MetricsConfig.java:loadFirst(136)) - Cannot locate configuration: tried hadoop-metrics2-storagecontainermanager.properties,hadoop-metrics2.properties
2023-06-25 20:38:39,582 [main] INFO  impl.MetricsSystemImpl (MetricsSystemImpl.java:startTimer(378)) - Scheduled Metric snapshot period at 10 second(s).
2023-06-25 20:38:39,582 [main] INFO  impl.MetricsSystemImpl (MetricsSystemImpl.java:start(191)) - StorageContainerManager metrics system started
2023-06-25 20:38:39,611 [main] INFO  impl.MetricsSinkAdapter (MetricsSinkAdapter.java:start(204)) - Sink prometheus started
2023-06-25 20:38:39,611 [main] INFO  impl.MetricsSystemImpl (MetricsSystemImpl.java:registerSink(305)) - Registered sink prometheus
2023-06-25 20:38:39,630 [main] INFO  server.SCMClientProtocolServer (SCMClientProtocolServer.java:start(201)) - RPC server for Client  is listening at /0.0.0.0:15070
2023-06-25 20:38:39,633 [IPC Server Responder] INFO  ipc.Server (Server.java:run(1558)) - IPC Server Responder: starting
2023-06-25 20:38:39,646 [main] INFO  server.StorageContainerManager (StorageContainerManager.java:start(1500)) - ScmBlockLocationProtocol RPC server is listening at /0.0.0.0:15071
2023-06-25 20:38:39,647 [main] INFO  server.SCMBlockProtocolServer (SCMBlockProtocolServer.java:start(152)) - RPC server for Block Protocol is listening at /0.0.0.0:15071
2023-06-25 20:38:39,647 [IPC Server Responder] INFO  ipc.Server (Server.java:run(1558)) - IPC Server Responder: starting
2023-06-25 20:38:39,647 [IPC Server listener on 15071] INFO  ipc.Server (Server.java:run(1398)) - IPC Server listener on 15071: starting
2023-06-25 20:38:39,650 [main] INFO  server.SCMDatanodeProtocolServer (SCMDatanodeProtocolServer.java:start(193)) - ScmDatanodeProtocol RPC server for DataNodes is listening at /0.0.0.0:15072
2023-06-25 20:38:39,651 [IPC Server Responder] INFO  ipc.Server (Server.java:run(1558)) - IPC Server Responder: starting
2023-06-25 20:38:39,651 [IPC Server listener on 15072] INFO  ipc.Server (Server.java:run(1398)) - IPC Server listener on 15072: starting
2023-06-25 20:38:39,653 [IPC Server listener on 15070] INFO  ipc.Server (Server.java:run(1398)) - IPC Server listener on 15070: starting
2023-06-25 20:38:39,656 [JvmPauseMonitor10] INFO  util.JvmPauseMonitor (JvmPauseMonitor.java:run(103)) - JvmPauseMonitor-e0c2317c-bdde-49e0-82d2-2fb5949da99d: Started
2023-06-25 20:38:39,658 [main] INFO  http.BaseHttpServer (BaseHttpServer.java:newHttpServer2BuilderForOzone(224)) - Starting Web-server for scm at: http://0.0.0.0:15073
2023-06-25 20:38:39,658 [main] INFO  http.BaseHttpServer (BaseHttpServer.java:<init>(111)) - Hadoop Security Enabled: false Ozone Security Enabled: false Ozone HTTP Security Enabled: false 
2023-06-25 20:38:39,660 [main] WARN  server.AuthenticationFilter (AuthenticationFilter.java:constructSecretProvider(240)) - Unable to initialize FileSignerSecretProvider, falling back to use random secrets. Reason: Could not read signature secret file: /home/runner/hadoop-http-auth-signature-secret
2023-06-25 20:38:39,661 [main] INFO  http.HttpRequestLog (HttpRequestLog.java:getRequestLog(86)) - Http request log for http.requests.scm is not defined
2023-06-25 20:38:39,664 [main] INFO  http.HttpServer2 (HttpServer2.java:addGlobalFilter(1031)) - Added global filter 'safety' (class=org.apache.hadoop.hdds.server.http.HttpServer2$QuotingInputFilter)
2023-06-25 20:38:39,665 [main] INFO  http.HttpServer2 (HttpServer2.java:addFilter(1007)) - Added filter static_user_filter (class=org.apache.hadoop.http.lib.StaticUserWebFilter$StaticUserFilter) to context scm
2023-06-25 20:38:39,665 [main] INFO  http.HttpServer2 (HttpServer2.java:addFilter(1015)) - Added filter static_user_filter (class=org.apache.hadoop.http.lib.StaticUserWebFilter$StaticUserFilter) to context logs
2023-06-25 20:38:39,665 [main] INFO  http.HttpServer2 (HttpServer2.java:addFilter(1015)) - Added filter static_user_filter (class=org.apache.hadoop.http.lib.StaticUserWebFilter$StaticUserFilter) to context static
2023-06-25 20:38:39,666 [main] INFO  http.BaseHttpServer (BaseHttpServer.java:<init>(190)) - HTTP server of scm uses base directory /home/runner/work/ozone/ozone/hadoop-ozone/integration-test/target/test-dir/MiniOzoneClusterImpl-3e5e392c-9910-47c9-9966-58048db8f0c6/ozone-meta/webserver
2023-06-25 20:38:39,666 [main] INFO  http.HttpServer2 (HttpServer2.java:bindListener(1250)) - Jetty bound to port 15073
2023-06-25 20:38:39,666 [main] INFO  server.Server (Server.java:doStart(375)) - jetty-9.4.51.v20230217; built: 2023-02-17T08:19:37.309Z; git: b45c405e4544384de066f814ed42ae3dceacdd49; jvm 1.8.0_372-b07
2023-06-25 20:38:39,669 [main] INFO  server.session (DefaultSessionIdManager.java:doStart(334)) - DefaultSessionIdManager workerName=node0
2023-06-25 20:38:39,669 [main] INFO  server.session (DefaultSessionIdManager.java:doStart(339)) - No SessionScavenger set, using defaults
2023-06-25 20:38:39,669 [main] INFO  server.session (HouseKeeper.java:startScavenging(132)) - node0 Scavenging every 600000ms
2023-06-25 20:38:39,670 [main] INFO  handler.ContextHandler (ContextHandler.java:doStart(921)) - Started o.e.j.s.ServletContextHandler@45bf564f{logs,/logs,file:///home/runner/work/ozone/ozone/hadoop-ozone/integration-test/target/log,AVAILABLE}
2023-06-25 20:38:39,670 [main] INFO  handler.ContextHandler (ContextHandler.java:doStart(921)) - Started o.e.j.s.ServletContextHandler@e26269a{static,/static,file:///home/runner/work/ozone/ozone/hadoop-ozone/integration-test/target/test-classes/webapps/static,AVAILABLE}
2023-06-25 20:38:39,676 [main] INFO  handler.ContextHandler (ContextHandler.java:doStart(921)) - Started o.e.j.w.WebAppContext@6846c0db{scm,/,file:///home/runner/work/ozone/ozone/hadoop-ozone/integration-test/target/test-classes/webapps/scm/,AVAILABLE}{file:/home/runner/work/ozone/ozone/hadoop-ozone/integration-test/target/test-classes/webapps/scm}
2023-06-25 20:38:39,677 [main] INFO  server.AbstractConnector (AbstractConnector.java:doStart(333)) - Started ServerConnector@4121cb14{HTTP/1.1, (http/1.1)}{0.0.0.0:15073}
2023-06-25 20:38:39,677 [main] INFO  server.Server (Server.java:doStart(415)) - Started @97161ms
2023-06-25 20:38:39,678 [main] WARN  impl.MetricsSystemImpl (MetricsSystemImpl.java:register(279)) - Sink prometheus already exists!
2023-06-25 20:38:39,679 [main] INFO  http.BaseHttpServer (BaseHttpServer.java:updateConnectorAddress(344)) - HTTP server of scm listening at http://0.0.0.0:15073
2023-06-25 20:38:39,679 [main] WARN  server.ServerUtils (ServerUtils.java:getDBPath(311)) - ozone.om.db.dirs is not configured. We recommend adding this setting. Falling back to ozone.metadata.dirs instead.
2023-06-25 20:38:39,681 [main] INFO  ha.OMHANodeDetails (OMHANodeDetails.java:loadOMHAConfig(115)) - ozone.om.internal.service.id is not defined, falling back to ozone.om.service.ids to find serviceID for OzoneManager if it is HA enabled cluster
2023-06-25 20:38:39,681 [main] INFO  ha.OMHANodeDetails (OMHANodeDetails.java:loadOMHAConfig(226)) - Configuration does not have ozone.om.address set. Falling back to the default OM address /127.0.0.1:15074
2023-06-25 20:38:39,682 [main] INFO  ha.OMHANodeDetails (OMHANodeDetails.java:getOMNodeDetailsForNonHA(254)) - OM Service ID is not set. Setting it to the default ID: omServiceIdDefault
2023-06-25 20:38:39,682 [main] INFO  ha.OMHANodeDetails (OMHANodeDetails.java:getOMNodeDetailsForNonHA(261)) - OM Node ID is not set. Setting it to the default ID: om1
2023-06-25 20:38:39,683 [main] WARN  server.ServerUtils (ServerUtils.java:getDBPath(311)) - ozone.om.db.dirs is not configured. We recommend adding this setting. Falling back to ozone.metadata.dirs instead.
2023-06-25 20:38:39,684 [main] INFO  upgrade.AbstractLayoutVersionManager (AbstractLayoutVersionManager.java:init(83)) - Initializing Layout version manager with metadata layout = QUOTA (version = 6), software layout = QUOTA (version = 6)
2023-06-25 20:38:39,774 [main] INFO  reflections.Reflections (Reflections.java:scan(232)) - Reflections took 89 ms to scan 2 urls, producing 184 keys and 505 values [using 2 cores]
2023-06-25 20:38:39,775 [main] INFO  upgrade.OMLayoutVersionManager (OMLayoutVersionManager.java:lambda$0(115)) - Skipping Upgrade Action MockOmUpgradeAction since it has been finalized.
2023-06-25 20:38:39,775 [main] INFO  upgrade.OMLayoutVersionManager (OMLayoutVersionManager.java:lambda$0(115)) - Skipping Upgrade Action QuotaRepairUpgradeAction since it has been finalized.
2023-06-25 20:38:39,775 [main] WARN  server.ServerUtils (ServerUtils.java:getDBPath(311)) - ozone.om.db.dirs is not configured. We recommend adding this setting. Falling back to ozone.metadata.dirs instead.
2023-06-25 20:38:39,776 [main] INFO  proxy.SCMBlockLocationFailoverProxyProvider (SCMBlockLocationFailoverProxyProvider.java:<init>(114)) - Created block location fail-over proxy with 1 nodes: [nodeId=scmNodeId,nodeAddress=/0.0.0.0:15071]
2023-06-25 20:38:39,778 [main] INFO  proxy.SCMBlockLocationFailoverProxyProvider (SCMBlockLocationFailoverProxyProvider.java:<init>(114)) - Created block location fail-over proxy with 1 nodes: [nodeId=scmNodeId,nodeAddress=/0.0.0.0:15071]
2023-06-25 20:38:39,793 [main] INFO  om.OzoneManager (OzoneManager.java:<init>(654)) - OM start with adminUsers: [runner]
2023-06-25 20:38:39,794 [main] WARN  server.ServerUtils (ServerUtils.java:getDBPath(311)) - ozone.om.db.dirs is not configured. We recommend adding this setting. Falling back to ozone.metadata.dirs instead.
2023-06-25 20:38:39,795 [main] INFO  helpers.OmKeyInfo (OmKeyInfo.java:getCodec(71)) - OmKeyInfo.getCodec ignorePipeline = true
2023-06-25 20:38:40,012 [main] INFO  om.OzoneManager (OzoneManager.java:instantiateServices(783)) - S3 Multi-Tenancy is disabled
2023-06-25 20:38:40,013 [main] INFO  om.OmSnapshotManager (OmSnapshotManager.java:<init>(179)) - Ozone filesystem snapshot feature is enabled.
2023-06-25 20:38:40,014 [main] WARN  server.ServerUtils (ServerUtils.java:getDBPath(311)) - ozone.om.snapshot.diff.db.dir is not configured. We recommend adding this setting. Falling back to ozone.metadata.dirs instead.
2023-06-25 20:38:40,039 [main] INFO  snapshot.SnapshotDiffManager (SnapshotDiffManager.java:closeExecutorService(1630)) - Shutting down executorService: 'SstDumpToolExecutor'
2023-06-25 20:38:40,041 [main] INFO  om.OzoneManager (OzoneManager.java:addS3GVolumeToDB(4258)) - Created Volume s3v With Owner runner required for S3Gateway operations.
2023-06-25 20:38:40,041 [main] WARN  server.ServerUtils (ServerUtils.java:getDefaultRatisDirectory(323)) - Storage directory for Ratis is not configured. It is a good idea to map this to an SSD disk. Falling back to ozone.metadata.dirs
2023-06-25 20:38:40,042 [main] WARN  utils.OzoneManagerRatisUtils (OzoneManagerRatisUtils.java:getOMRatisSnapshotDirectory(461)) - ozone.om.ratis.snapshot.dir is not configured. Falling back to ozone.metadata.dirs config
2023-06-25 20:38:40,042 [main] WARN  server.ServerUtils (ServerUtils.java:getDefaultRatisDirectory(323)) - Storage directory for Ratis is not configured. It is a good idea to map this to an SSD disk. Falling back to ozone.metadata.dirs
2023-06-25 20:38:40,043 [main] INFO  ratis.OzoneManagerRatisServer (OzoneManagerRatisServer.java:<init>(163)) - Instantiating OM Ratis server with groupID: omServiceIdDefault and peers: localhost:15077
2023-06-25 20:38:40,044 [main] INFO  ratis.OzoneManagerStateMachine (OzoneManagerStateMachine.java:loadSnapshotInfoFromDB(670)) - LastAppliedIndex is set from TransactionInfo from OM DB as (t:0, i:~)
2023-06-25 20:38:40,044 [main] INFO  server.RaftServer (ConfUtils.java:logGet(46)) - raft.rpc.type = GRPC (default)
2023-06-25 20:38:40,045 [main] INFO  grpc.GrpcConfigKeys (ConfUtils.java:logFallback(53)) - raft.grpc.admin.host = null (fallback to raft.grpc.server.host)
2023-06-25 20:38:40,045 [main] INFO  grpc.GrpcConfigKeys (ConfUtils.java:logFallback(53)) - raft.grpc.admin.port = 15077 (fallback to raft.grpc.server.port)
2023-06-25 20:38:40,045 [main] INFO  grpc.GrpcConfigKeys (ConfUtils.java:logFallback(53)) - raft.grpc.client.host = null (fallback to raft.grpc.server.host)
2023-06-25 20:38:40,045 [main] INFO  grpc.GrpcConfigKeys (ConfUtils.java:logFallback(53)) - raft.grpc.client.port = 15077 (fallback to raft.grpc.server.port)
2023-06-25 20:38:40,046 [main] INFO  grpc.GrpcConfigKeys (ConfUtils.java:logGet(46)) - raft.grpc.server.host = null (default)
2023-06-25 20:38:40,046 [main] INFO  grpc.GrpcConfigKeys (ConfUtils.java:logGet(46)) - raft.grpc.server.port = 15077 (custom)
2023-06-25 20:38:40,046 [main] INFO  server.GrpcService (ConfUtils.java:logGet(46)) - raft.grpc.message.size.max = 33554432 (custom)
2023-06-25 20:38:40,046 [main] INFO  server.RaftServerConfigKeys (ConfUtils.java:logGet(46)) - raft.server.log.appender.buffer.byte-limit = 33554432 (custom)
2023-06-25 20:38:40,046 [main] INFO  server.GrpcService (ConfUtils.java:logGet(46)) - raft.grpc.flow.control.window = 1MB (=1048576) (default)
2023-06-25 20:38:40,046 [main] INFO  server.RaftServerConfigKeys (ConfUtils.java:logGet(46)) - raft.server.rpc.request.timeout = 3000ms (default)
2023-06-25 20:38:40,047 [main] INFO  grpc.GrpcConfigKeys (ConfUtils.java:logGet(46)) - raft.grpc.server.heartbeat.channel = true (default)
2023-06-25 20:38:40,047 [main] INFO  grpc.GrpcConfigKeys (ConfUtils.java:logGet(46)) - raft.grpc.server.async.request.thread.pool.cached = true (default)
2023-06-25 20:38:40,047 [main] INFO  grpc.GrpcConfigKeys (ConfUtils.java:logGet(46)) - raft.grpc.server.async.request.thread.pool.size = 32 (default)
2023-06-25 20:38:40,049 [main] INFO  impl.DataStreamServerImpl (ConfUtils.java:logGet(46)) - raft.datastream.type = DISABLED (default)
2023-06-25 20:38:40,049 [main] INFO  server.RaftServerConfigKeys (ConfUtils.java:logGet(46)) - raft.server.threadpool.proxy.cached = true (default)
2023-06-25 20:38:40,049 [main] INFO  server.RaftServerConfigKeys (ConfUtils.java:logGet(46)) - raft.server.threadpool.proxy.size = 0 (default)
2023-06-25 20:38:40,049 [main] INFO  server.RaftServerConfigKeys (ConfUtils.java:logGet(46)) - raft.server.rpc.slowness.timeout = 120s (custom)
2023-06-25 20:38:40,050 [main] INFO  server.RaftServerConfigKeys (ConfUtils.java:logGet(46)) - raft.server.leaderelection.leader.step-down.wait-time = 10s (default)
2023-06-25 20:38:40,050 [main] INFO  server.RaftServerConfigKeys (ConfUtils.java:logGet(46)) - raft.server.storage.dir = [/home/runner/work/ozone/ozone/hadoop-ozone/integration-test/target/test-dir/MiniOzoneClusterImpl-3e5e392c-9910-47c9-9966-58048db8f0c6/ozone-meta/ratis] (custom)
2023-06-25 20:38:40,051 [main] INFO  server.RaftServer (RaftServerProxy.java:addNew(98)) - om1: addNew group-C5BA1605619E:[om1|rpc:localhost:15077|priority:0|startupRole:FOLLOWER] returns group-C5BA1605619E:java.util.concurrent.CompletableFuture@32735c69[Not completed]
2023-06-25 20:38:40,051 [om1-groupManagement] INFO  server.RaftServer$Division (RaftServerImpl.java:<init>(198)) - om1: new RaftServerImpl for group-C5BA1605619E:[om1|rpc:localhost:15077|priority:0|startupRole:FOLLOWER] with OzoneManagerStateMachine:uninitialized
2023-06-25 20:38:40,051 [main] INFO  om.OzoneManager (OzoneManager.java:initializeRatisServer(2128)) - OzoneManager Ratis server initialized at port 15077
2023-06-25 20:38:40,051 [om1-groupManagement] INFO  server.RaftServerConfigKeys (ConfUtils.java:logGet(46)) - raft.server.rpc.timeout.min = 1s (custom)
2023-06-25 20:38:40,053 [main] INFO  om.OzoneManager (OzoneManager.java:getRpcServer(1176)) - Creating RPC Server
2023-06-25 20:38:40,053 [om1-groupManagement] INFO  server.RaftServerConfigKeys (ConfUtils.java:logGet(46)) - raft.server.rpc.timeout.max = 1200ms (custom)
2023-06-25 20:38:40,053 [om1-groupManagement] INFO  server.RaftServerConfigKeys (ConfUtils.java:logGet(46)) - raft.server.rpc.sleep.time = 25ms (default)
2023-06-25 20:38:40,053 [om1-groupManagement] INFO  server.RaftServerConfigKeys (ConfUtils.java:logGet(46)) - raft.server.rpc.slowness.timeout = 120s (custom)
2023-06-25 20:38:40,053 [om1-groupManagement] INFO  server.RaftServerConfigKeys (ConfUtils.java:logGet(46)) - raft.server.leaderelection.leader.step-down.wait-time = 10s (default)
2023-06-25 20:38:40,053 [om1-groupManagement] INFO  server.RaftServerConfigKeys (ConfUtils.java:logGet(46)) - raft.server.sleep.deviation.threshold = 300ms (default)
2023-06-25 20:38:40,053 [om1-groupManagement] INFO  server.RaftServer$Division (ServerState.java:<init>(120)) - om1@group-C5BA1605619E: ConfigurationManager, init=-1: peers:[om1|rpc:localhost:15077|priority:0|startupRole:FOLLOWER]|listeners:[], old=null, confs=<EMPTY_MAP>
2023-06-25 20:38:40,054 [om1-groupManagement] INFO  server.RaftServerConfigKeys (ConfUtils.java:logGet(46)) - raft.server.storage.dir = [/home/runner/work/ozone/ozone/hadoop-ozone/integration-test/target/test-dir/MiniOzoneClusterImpl-3e5e392c-9910-47c9-9966-58048db8f0c6/ozone-meta/ratis] (custom)
2023-06-25 20:38:40,054 [om1-groupManagement] INFO  server.RaftServerConfigKeys (ConfUtils.java:logGet(46)) - raft.server.log.corruption.policy = EXCEPTION (default)
2023-06-25 20:38:40,054 [om1-groupManagement] INFO  server.RaftServerConfigKeys (ConfUtils.java:logGet(46)) - raft.server.storage.free-space.min = 0MB (=0) (default)
2023-06-25 20:38:40,054 [om1-groupManagement] INFO  server.RaftServerConfigKeys (ConfUtils.java:logGet(46)) - raft.server.notification.no-leader.timeout = 120s (custom)
2023-06-25 20:38:40,054 [om1-groupManagement] INFO  server.RaftServerConfigKeys (ConfUtils.java:logGet(46)) - raft.server.read.timeout = 10s (default)
2023-06-25 20:38:40,054 [om1-groupManagement] INFO  server.RaftServerConfigKeys (ConfUtils.java:logGet(46)) - raft.server.retrycache.expirytime = 300s (custom)
2023-06-25 20:38:40,054 [om1-groupManagement] INFO  server.RaftServerConfigKeys (ConfUtils.java:logGet(46)) - raft.server.retrycache.statistics.expirytime = 100μs (default)
2023-06-25 20:38:40,054 [om1-groupManagement] INFO  server.RaftServerConfigKeys (ConfUtils.java:logGet(46)) - raft.server.read.option = DEFAULT (default)
2023-06-25 20:38:40,055 [om1-groupManagement] INFO  server.RaftServerConfigKeys (ConfUtils.java:logGet(46)) - raft.server.rpc.request.timeout = 3000ms (default)
2023-06-25 20:38:40,055 [om1-groupManagement] INFO  server.RaftServerConfigKeys (ConfUtils.java:logGet(46)) - raft.server.log.appender.install.snapshot.enabled = false (custom)
2023-06-25 20:38:40,055 [om1-groupManagement] INFO  server.RaftServerConfigKeys (ConfUtils.java:logGet(46)) - raft.server.threadpool.server.cached = true (default)
2023-06-25 20:38:40,055 [om1-groupManagement] INFO  server.RaftServerConfigKeys (ConfUtils.java:logGet(46)) - raft.server.threadpool.server.size = 0 (default)
2023-06-25 20:38:40,055 [om1-groupManagement] INFO  server.RaftServerConfigKeys (ConfUtils.java:logGet(46)) - raft.server.threadpool.client.cached = true (default)
2023-06-25 20:38:40,055 [om1-groupManagement] INFO  server.RaftServerConfigKeys (ConfUtils.java:logGet(46)) - raft.server.threadpool.client.size = 0 (default)
2023-06-25 20:38:40,434 [main] INFO  reflections.Reflections (Reflections.java:scan(232)) - Reflections took 380 ms to scan 19 urls, producing 69 keys and 5436 values [using 2 cores]
2023-06-25 20:38:40,435 [main] INFO  ipc.CallQueueManager (CallQueueManager.java:<init>(90)) - Using callQueue: class java.util.concurrent.LinkedBlockingQueue, queueCapacity: 2000, scheduler: class org.apache.hadoop.ipc.DefaultRpcScheduler, ipcBackoff: false.
2023-06-25 20:38:40,437 [Socket Reader #1 for port 15074] INFO  ipc.Server (Server.java:run(1319)) - Starting Socket Reader #1 for port 15074
2023-06-25 20:38:40,439 [Listener at 127.0.0.1/15074] INFO  hdds.HddsUtils (HddsUtils.java:preserveThreadName(848)) - Restoring thread name: main
2023-06-25 20:38:40,466 [main] INFO  impl.MetricsSystemImpl (MetricsSystemImpl.java:init(158)) - OzoneManager metrics system started (again)
2023-06-25 20:38:40,566 [main] INFO  om.OzoneManager (OzoneManager.java:start(1606)) - OzoneManager RPC server is listening at localhost/127.0.0.1:15074
2023-06-25 20:38:40,567 [main] INFO  ratis.OzoneManagerRatisServer (OzoneManagerRatisServer.java:start(558)) - Starting OzoneManagerRatisServer om1 at port 15077
2023-06-25 20:38:40,567 [om1-impl-thread1] INFO  storage.RaftStorageDirectory (RaftStorageDirectoryImpl.java:analyzeStorage(137)) - The storage directory /home/runner/work/ozone/ozone/hadoop-ozone/integration-test/target/test-dir/MiniOzoneClusterImpl-3e5e392c-9910-47c9-9966-58048db8f0c6/ozone-meta/ratis/bf265839-605b-3f16-9796-c5ba1605619e does not exist. Creating ...
2023-06-25 20:38:40,568 [om1-impl-thread1] INFO  storage.RaftStorageDirectory (RaftStorageDirectoryImpl.java:tryLock(231)) - Lock on /home/runner/work/ozone/ozone/hadoop-ozone/integration-test/target/test-dir/MiniOzoneClusterImpl-3e5e392c-9910-47c9-9966-58048db8f0c6/ozone-meta/ratis/bf265839-605b-3f16-9796-c5ba1605619e/in_use.lock acquired by nodename 7655@fv-az808-130
2023-06-25 20:38:40,570 [om1-impl-thread1] INFO  storage.RaftStorage (RaftStorageImpl.java:format(96)) - Storage directory /home/runner/work/ozone/ozone/hadoop-ozone/integration-test/target/test-dir/MiniOzoneClusterImpl-3e5e392c-9910-47c9-9966-58048db8f0c6/ozone-meta/ratis/bf265839-605b-3f16-9796-c5ba1605619e has been successfully formatted.
2023-06-25 20:38:40,570 [om1-impl-thread1] INFO  server.RaftServerConfigKeys (ConfUtils.java:logGet(46)) - raft.server.log.use.memory = false (default)
2023-06-25 20:38:40,570 [om1-impl-thread1] INFO  server.RaftServerConfigKeys (ConfUtils.java:logGet(46)) - raft.server.log.purge.gap = 1000000 (custom)
2023-06-25 20:38:40,570 [om1-impl-thread1] INFO  server.RaftServerConfigKeys (ConfUtils.java:logGet(46)) - raft.server.log.appender.buffer.byte-limit = 33554432 (custom)
2023-06-25 20:38:40,570 [om1-impl-thread1] INFO  server.RaftServerConfigKeys (ConfUtils.java:logGet(46)) - raft.server.log.statemachine.data.read.timeout = 1000ms (default)
2023-06-25 20:38:40,570 [om1-impl-thread1] INFO  server.RaftServerConfigKeys (ConfUtils.java:logGet(46)) - raft.server.log.purge.preservation.log.num = 0 (default)
2023-06-25 20:38:40,571 [om1-impl-thread1] INFO  server.RaftServerConfigKeys (ConfUtils.java:logGet(46)) - raft.server.log.segment.size.max = 4194304 (custom)
2023-06-25 20:38:40,571 [om1-impl-thread1] INFO  server.RaftServerConfigKeys (ConfUtils.java:logGet(46)) - raft.server.log.segment.cache.num.max = 2 (custom)
2023-06-25 20:38:40,571 [om1-impl-thread1] INFO  server.RaftServerConfigKeys (ConfUtils.java:logGet(46)) - raft.server.log.segment.cache.size.max = 200MB (=209715200) (default)
2023-06-25 20:38:40,571 [om1-impl-thread1] INFO  server.RaftServerConfigKeys (ConfUtils.java:logGet(46)) - raft.server.log.appender.buffer.byte-limit = 33554432 (custom)
2023-06-25 20:38:40,571 [om1-impl-thread1] INFO  segmented.SegmentedRaftLogWorker (SegmentedRaftLogWorker.java:<init>(188)) - new om1@group-C5BA1605619E-SegmentedRaftLogWorker for RaftStorageImpl:Storage Directory /home/runner/work/ozone/ozone/hadoop-ozone/integration-test/target/test-dir/MiniOzoneClusterImpl-3e5e392c-9910-47c9-9966-58048db8f0c6/ozone-meta/ratis/bf265839-605b-3f16-9796-c5ba1605619e
2023-06-25 20:38:40,571 [om1-impl-thread1] INFO  server.RaftServerConfigKeys (ConfUtils.java:logGet(46)) - raft.server.log.queue.byte-limit = 64MB (=67108864) (default)
2023-06-25 20:38:40,571 [om1-impl-thread1] INFO  server.RaftServerConfigKeys (ConfUtils.java:logGet(46)) - raft.server.log.queue.element-limit = 4096 (default)
2023-06-25 20:38:40,571 [om1-impl-thread1] INFO  server.RaftServerConfigKeys (ConfUtils.java:logGet(46)) - raft.server.log.segment.size.max = 4194304 (custom)
2023-06-25 20:38:40,571 [om1-impl-thread1] INFO  server.RaftServerConfigKeys (ConfUtils.java:logGet(46)) - raft.server.log.preallocated.size = 4194304 (custom)
2023-06-25 20:38:40,571 [om1-impl-thread1] INFO  server.RaftServerConfigKeys (ConfUtils.java:logGet(46)) - raft.server.log.force.sync.num = 128 (default)
2023-06-25 20:38:40,571 [om1-impl-thread1] INFO  server.RaftServerConfigKeys (ConfUtils.java:logGet(46)) - raft.server.log.statemachine.data.sync = true (default)
2023-06-25 20:38:40,572 [om1-impl-thread1] INFO  server.RaftServerConfigKeys (ConfUtils.java:logGet(46)) - raft.server.log.statemachine.data.sync.timeout = 10s (default)
2023-06-25 20:38:40,572 [om1-impl-thread1] INFO  server.RaftServerConfigKeys (ConfUtils.java:logGet(46)) - raft.server.log.statemachine.data.sync.timeout.retry = -1 (default)
2023-06-25 20:38:40,572 [om1-impl-thread1] INFO  server.RaftServerConfigKeys (ConfUtils.java:logGet(46)) - raft.server.log.write.buffer.size = 64KB (=65536) (default)
2023-06-25 20:38:40,572 [om1-impl-thread1] INFO  server.RaftServerConfigKeys (ConfUtils.java:logGet(46)) - raft.server.log.appender.buffer.byte-limit = 33554432 (custom)
2023-06-25 20:38:40,578 [om1-impl-thread1] INFO  server.RaftServerConfigKeys (ConfUtils.java:logGet(46)) - raft.server.log.unsafe-flush.enabled = false (default)
2023-06-25 20:38:40,578 [om1-impl-thread1] INFO  server.RaftServerConfigKeys (ConfUtils.java:logGet(46)) - raft.server.log.async-flush.enabled = false (default)
2023-06-25 20:38:40,578 [om1-impl-thread1] INFO  server.RaftServerConfigKeys (ConfUtils.java:logGet(46)) - raft.server.log.statemachine.data.caching.enabled = false (default)
2023-06-25 20:38:40,579 [om1-impl-thread1] INFO  segmented.SegmentedRaftLogWorker (SegmentedRaftLogWorker.java:lambda$new$0(135)) - om1@group-C5BA1605619E-SegmentedRaftLogWorker: flushIndex: setUnconditionally 0 -> -1
2023-06-25 20:38:40,579 [om1-impl-thread1] INFO  segmented.SegmentedRaftLogWorker (SegmentedRaftLogWorker.java:lambda$new$0(135)) - om1@group-C5BA1605619E-SegmentedRaftLogWorker: safeCacheEvictIndex: setUnconditionally 0 -> -1
2023-06-25 20:38:40,579 [om1-impl-thread1] INFO  server.RaftServer$Division (RaftServerImpl.java:start(342)) - om1@group-C5BA1605619E: start as a follower, conf=-1: peers:[om1|rpc:localhost:15077|priority:0|startupRole:FOLLOWER]|listeners:[], old=null
2023-06-25 20:38:40,579 [om1-impl-thread1] INFO  server.RaftServer$Division (RaftServerImpl.java:setRole(329)) - om1@group-C5BA1605619E: changes role from      null to FOLLOWER at term 0 for startAsFollower
2023-06-25 20:38:40,580 [om1-impl-thread1] INFO  impl.RoleInfo (RoleInfo.java:updateAndGet(139)) - om1: start om1@group-C5BA1605619E-FollowerState
2023-06-25 20:38:40,580 [om1-impl-thread1] INFO  util.JmxRegister (JmxRegister.java:tryRegister(44)) - Successfully registered JMX Bean with object name Ratis:service=RaftServer,group=group-C5BA1605619E,id=om1
2023-06-25 20:38:40,580 [om1@group-C5BA1605619E-FollowerState] INFO  server.RaftServerConfigKeys (ConfUtils.java:logFallback(53)) - raft.server.rpc.first-election.timeout.min = 1s (fallback to raft.server.rpc.timeout.min)
2023-06-25 20:38:40,580 [om1-impl-thread1] INFO  server.RaftServerConfigKeys (ConfUtils.java:logGet(46)) - raft.server.snapshot.auto.trigger.enabled = true (custom)
2023-06-25 20:38:40,580 [om1@group-C5BA1605619E-FollowerState] INFO  server.RaftServerConfigKeys (ConfUtils.java:logFallback(53)) - raft.server.rpc.first-election.timeout.max = 1200ms (fallback to raft.server.rpc.timeout.max)
2023-06-25 20:38:40,580 [om1-impl-thread1] INFO  server.RaftServerConfigKeys (ConfUtils.java:logGet(46)) - raft.server.snapshot.auto.trigger.threshold = 400000 (default)
2023-06-25 20:38:40,581 [om1-impl-thread1] INFO  server.RaftServerConfigKeys (ConfUtils.java:logGet(46)) - raft.server.snapshot.retention.file.num = -1 (default)
2023-06-25 20:38:40,581 [om1-impl-thread1] INFO  server.RaftServerConfigKeys (ConfUtils.java:logGet(46)) - raft.server.log.purge.upto.snapshot.index = true (custom)
2023-06-25 20:38:40,581 [main] INFO  server.RaftServer (RaftServerProxy.java:startImpl(400)) - om1: start RPC server
2023-06-25 20:38:40,583 [main] INFO  server.GrpcService (GrpcService.java:startImpl(302)) - om1: GrpcService started, listening on 15077
2023-06-25 20:38:40,584 [JvmPauseMonitor11] INFO  util.JvmPauseMonitor (JvmPauseMonitor.java:run(103)) - JvmPauseMonitor-om1: Started
2023-06-25 20:38:40,584 [main] INFO  om.OzoneManager (OzoneManager.java:start(1622)) - Version File has different layout version (6) than OM DB (null). That is expected if this OM has never been finalized to a newer layout version.
2023-06-25 20:38:40,590 [main] INFO  http.BaseHttpServer (BaseHttpServer.java:newHttpServer2BuilderForOzone(224)) - Starting Web-server for ozoneManager at: http://0.0.0.0:15075
2023-06-25 20:38:40,590 [main] INFO  http.BaseHttpServer (BaseHttpServer.java:<init>(111)) - Hadoop Security Enabled: false Ozone Security Enabled: false Ozone HTTP Security Enabled: false 
2023-06-25 20:38:40,593 [main] WARN  server.AuthenticationFilter (AuthenticationFilter.java:constructSecretProvider(240)) - Unable to initialize FileSignerSecretProvider, falling back to use random secrets. Reason: Could not read signature secret file: /home/runner/hadoop-http-auth-signature-secret
2023-06-25 20:38:40,593 [main] INFO  http.HttpRequestLog (HttpRequestLog.java:getRequestLog(86)) - Http request log for http.requests.ozoneManager is not defined
2023-06-25 20:38:40,598 [main] INFO  http.HttpServer2 (HttpServer2.java:addGlobalFilter(1031)) - Added global filter 'safety' (class=org.apache.hadoop.hdds.server.http.HttpServer2$QuotingInputFilter)
2023-06-25 20:38:40,599 [main] INFO  http.HttpServer2 (HttpServer2.java:addFilter(1007)) - Added filter static_user_filter (class=org.apache.hadoop.http.lib.StaticUserWebFilter$StaticUserFilter) to context ozoneManager
2023-06-25 20:38:40,599 [main] INFO  http.HttpServer2 (HttpServer2.java:addFilter(1015)) - Added filter static_user_filter (class=org.apache.hadoop.http.lib.StaticUserWebFilter$StaticUserFilter) to context static
2023-06-25 20:38:40,599 [main] INFO  http.HttpServer2 (HttpServer2.java:addFilter(1015)) - Added filter static_user_filter (class=org.apache.hadoop.http.lib.StaticUserWebFilter$StaticUserFilter) to context logs
2023-06-25 20:38:40,599 [main] INFO  http.BaseHttpServer (BaseHttpServer.java:<init>(190)) - HTTP server of ozoneManager uses base directory /home/runner/work/ozone/ozone/hadoop-ozone/integration-test/target/test-dir/MiniOzoneClusterImpl-3e5e392c-9910-47c9-9966-58048db8f0c6/ozone-meta/webserver
2023-06-25 20:38:40,602 [main] INFO  http.HttpServer2 (HttpServer2.java:bindListener(1250)) - Jetty bound to port 15075
2023-06-25 20:38:40,602 [main] INFO  server.Server (Server.java:doStart(375)) - jetty-9.4.51.v20230217; built: 2023-02-17T08:19:37.309Z; git: b45c405e4544384de066f814ed42ae3dceacdd49; jvm 1.8.0_372-b07
2023-06-25 20:38:40,609 [main] INFO  server.session (DefaultSessionIdManager.java:doStart(334)) - DefaultSessionIdManager workerName=node0
2023-06-25 20:38:40,610 [main] INFO  server.session (DefaultSessionIdManager.java:doStart(339)) - No SessionScavenger set, using defaults
2023-06-25 20:38:40,610 [main] INFO  server.session (HouseKeeper.java:startScavenging(132)) - node0 Scavenging every 660000ms
2023-06-25 20:38:40,611 [main] INFO  handler.ContextHandler (ContextHandler.java:doStart(921)) - Started o.e.j.s.ServletContextHandler@1b327a8f{logs,/logs,file:///home/runner/work/ozone/ozone/hadoop-ozone/integration-test/target/log,AVAILABLE}
2023-06-25 20:38:40,611 [main] INFO  handler.ContextHandler (ContextHandler.java:doStart(921)) - Started o.e.j.s.ServletContextHandler@4ad4366{static,/static,file:///home/runner/work/ozone/ozone/hadoop-ozone/integration-test/target/test-classes/webapps/static,AVAILABLE}
2023-06-25 20:38:40,615 [main] INFO  handler.ContextHandler (ContextHandler.java:doStart(921)) - Started o.e.j.w.WebAppContext@6b5f2753{ozoneManager,/,file:///home/runner/work/ozone/ozone/hadoop-ozone/integration-test/target/test-classes/webapps/ozoneManager/,AVAILABLE}{file:/home/runner/work/ozone/ozone/hadoop-ozone/integration-test/target/test-classes/webapps/ozoneManager}
2023-06-25 20:38:40,622 [main] INFO  server.AbstractConnector (AbstractConnector.java:doStart(333)) - Started ServerConnector@55d4729f{HTTP/1.1, (http/1.1)}{0.0.0.0:15075}
2023-06-25 20:38:40,622 [main] INFO  server.Server (Server.java:doStart(415)) - Started @98106ms
2023-06-25 20:38:40,622 [main] WARN  impl.MetricsSystemImpl (MetricsSystemImpl.java:register(279)) - Sink prometheus already exists!
2023-06-25 20:38:40,624 [main] INFO  http.BaseHttpServer (BaseHttpServer.java:updateConnectorAddress(344)) - HTTP server of ozoneManager listening at http://0.0.0.0:15075
2023-06-25 20:38:40,624 [IPC Server Responder] INFO  ipc.Server (Server.java:run(1558)) - IPC Server Responder: starting
2023-06-25 20:38:40,626 [IPC Server listener on 15074] INFO  ipc.Server (Server.java:run(1398)) - IPC Server listener on 15074: starting
2023-06-25 20:38:40,629 [main] INFO  om.OzoneManager (OzoneManager.java:startTrashEmptier(2081)) - Trash Interval set to 0. Files deleted won't move to trash
2023-06-25 20:38:40,651 [main] WARN  impl.MetricRegistriesImpl (MetricRegistriesImpl.java:addReporterRegistration(111)) - New reporters are added after registries were created. Some metrics will be missing from the reporter. Please add reporter before adding any new registry.
2023-06-25 20:38:40,651 [main] WARN  impl.MetricRegistriesImpl (MetricRegistriesImpl.java:addReporterRegistration(111)) - New reporters are added after registries were created. Some metrics will be missing from the reporter. Please add reporter before adding any new registry.
2023-06-25 20:38:40,651 [main] INFO  impl.MetricsSystemImpl (MetricsSystemImpl.java:init(158)) - HddsDatanode metrics system started (again)
2023-06-25 20:38:40,666 [main] INFO  ozone.HddsDatanodeService (HddsDatanodeService.java:start(257)) - HddsDatanodeService host:fv-az808-130.wa3tte2ragoufbcbawjciesdkc.bx.internal.cloudapp.net ip:10.1.0.20
2023-06-25 20:38:40,692 [main] INFO  upgrade.AbstractLayoutVersionManager (AbstractLayoutVersionManager.java:init(83)) - Initializing Layout version manager with metadata layout = HADOOP_PRC_PORTS_IN_DATANODEDETAILS (version = 7), software layout = HADOOP_PRC_PORTS_IN_DATANODEDETAILS (version = 7)
2023-06-25 20:38:40,693 [main] INFO  statemachine.DatanodeStateMachine (DatanodeStateMachine.java:getEndPointTaskThreadPoolSize(279)) - Datanode State Machine Task Thread Pool size 2
2023-06-25 20:38:40,696 [main] INFO  volume.HddsVolume (HddsVolume.java:<init>(130)) - Creating HddsVolume: /home/runner/work/ozone/ozone/hadoop-ozone/integration-test/target/test-dir/MiniOzoneClusterImpl-3e5e392c-9910-47c9-9966-58048db8f0c6/datanode-0/data-0/containers/hdds of storage type : DISK capacity : 9223372036854775807
2023-06-25 20:38:40,696 [main] INFO  volume.MutableVolumeSet (MutableVolumeSet.java:initializeVolumeSet(175)) - Added Volume : /home/runner/work/ozone/ozone/hadoop-ozone/integration-test/target/test-dir/MiniOzoneClusterImpl-3e5e392c-9910-47c9-9966-58048db8f0c6/datanode-0/data-0/containers/hdds to VolumeSet
2023-06-25 20:38:40,696 [main] INFO  volume.ThrottledAsyncChecker (ThrottledAsyncChecker.java:schedule(141)) - Scheduling a check for /home/runner/work/ozone/ozone/hadoop-ozone/integration-test/target/test-dir/MiniOzoneClusterImpl-3e5e392c-9910-47c9-9966-58048db8f0c6/datanode-0/data-0/containers/hdds
2023-06-25 20:38:40,697 [main] INFO  volume.StorageVolumeChecker (StorageVolumeChecker.java:checkAllVolumes(202)) - Scheduled health check for volume /home/runner/work/ozone/ozone/hadoop-ozone/integration-test/target/test-dir/MiniOzoneClusterImpl-3e5e392c-9910-47c9-9966-58048db8f0c6/datanode-0/data-0/containers/hdds
2023-06-25 20:38:40,710 [main] INFO  volume.MutableVolumeSet (MutableVolumeSet.java:initializeVolumeSet(175)) - Added Volume : /home/runner/work/ozone/ozone/hadoop-ozone/integration-test/target/test-dir/MiniOzoneClusterImpl-3e5e392c-9910-47c9-9966-58048db8f0c6/datanode-0/data/ratis to VolumeSet
2023-06-25 20:38:40,710 [main] INFO  volume.ThrottledAsyncChecker (ThrottledAsyncChecker.java:schedule(141)) - Scheduling a check for /home/runner/work/ozone/ozone/hadoop-ozone/integration-test/target/test-dir/MiniOzoneClusterImpl-3e5e392c-9910-47c9-9966-58048db8f0c6/datanode-0/data/ratis
2023-06-25 20:38:40,710 [main] INFO  volume.StorageVolumeChecker (StorageVolumeChecker.java:checkAllVolumes(202)) - Scheduled health check for volume /home/runner/work/ozone/ozone/hadoop-ozone/integration-test/target/test-dir/MiniOzoneClusterImpl-3e5e392c-9910-47c9-9966-58048db8f0c6/datanode-0/data/ratis
2023-06-25 20:38:40,721 [Thread-1868] INFO  ozoneimpl.ContainerReader (ContainerReader.java:readVolume(175)) - Finish verifying containers on volume /home/runner/work/ozone/ozone/hadoop-ozone/integration-test/target/test-dir/MiniOzoneClusterImpl-3e5e392c-9910-47c9-9966-58048db8f0c6/datanode-0/data-0/containers/hdds
2023-06-25 20:38:40,722 [main] INFO  ozoneimpl.OzoneContainer (OzoneContainer.java:buildContainerSet(316)) - Build ContainerSet costs 0s
2023-06-25 20:38:40,724 [main] INFO  server.RaftServer (ConfUtils.java:logGet(46)) - raft.rpc.type = GRPC (default)
2023-06-25 20:38:40,724 [main] INFO  grpc.GrpcConfigKeys (ConfUtils.java:logFallback(53)) - raft.grpc.admin.host = null (fallback to raft.grpc.server.host)
2023-06-25 20:38:40,724 [main] INFO  grpc.GrpcConfigKeys (ConfUtils.java:logGet(46)) - raft.grpc.admin.port = 15083 (custom)
2023-06-25 20:38:40,725 [main] INFO  grpc.GrpcConfigKeys (ConfUtils.java:logFallback(53)) - raft.grpc.client.host = null (fallback to raft.grpc.server.host)
2023-06-25 20:38:40,725 [main] INFO  grpc.GrpcConfigKeys (ConfUtils.java:logGet(46)) - raft.grpc.client.port = 15082 (custom)
2023-06-25 20:38:40,725 [main] INFO  grpc.GrpcConfigKeys (ConfUtils.java:logGet(46)) - raft.grpc.server.host = null (default)
2023-06-25 20:38:40,725 [main] INFO  grpc.GrpcConfigKeys (ConfUtils.java:logGet(46)) - raft.grpc.server.port = 15084 (custom)
2023-06-25 20:38:40,725 [main] INFO  server.GrpcService (ConfUtils.java:logGet(46)) - raft.grpc.message.size.max = 32MB (=33554432) (custom)
2023-06-25 20:38:40,725 [main] INFO  server.RaftServerConfigKeys (ConfUtils.java:logGet(46)) - raft.server.log.appender.buffer.byte-limit = 33554432 (custom)
2023-06-25 20:38:40,725 [main] INFO  server.GrpcService (ConfUtils.java:logGet(46)) - raft.grpc.flow.control.window = 5MB (=5242880) (custom)
2023-06-25 20:38:40,726 [main] INFO  server.RaftServerConfigKeys (ConfUtils.java:logGet(46)) - raft.server.rpc.request.timeout = 60s (custom)
2023-06-25 20:38:40,726 [main] INFO  grpc.GrpcConfigKeys (ConfUtils.java:logGet(46)) - raft.grpc.server.heartbeat.channel = true (default)
2023-06-25 20:38:40,726 [main] INFO  grpc.GrpcConfigKeys (ConfUtils.java:logGet(46)) - raft.grpc.server.async.request.thread.pool.cached = true (default)
2023-06-25 20:38:40,726 [main] INFO  grpc.GrpcConfigKeys (ConfUtils.java:logGet(46)) - raft.grpc.server.async.request.thread.pool.size = 32 (default)
2023-06-25 20:38:40,729 [main] INFO  impl.DataStreamServerImpl (ConfUtils.java:logGet(46)) - raft.datastream.type = NETTY (custom)
2023-06-25 20:38:40,729 [main] INFO  server.RaftServerConfigKeys (ConfUtils.java:logGet(46)) - raft.server.data-stream.async.request.thread.pool.cached = false (default)
2023-06-25 20:38:40,729 [main] INFO  server.RaftServerConfigKeys (ConfUtils.java:logGet(46)) - raft.server.data-stream.async.request.thread.pool.size = 20 (custom)
2023-06-25 20:38:40,729 [main] INFO  server.RaftServerConfigKeys (ConfUtils.java:logGet(46)) - raft.server.data-stream.async.write.thread.pool.size = 16 (default)
2023-06-25 20:38:40,730 [main] INFO  server.RaftServerConfigKeys (ConfUtils.java:logGet(46)) - raft.server.data-stream.client.pool.size = 10 (default)
2023-06-25 20:38:40,730 [main] INFO  netty.NettyConfigKeys$DataStream (ConfUtils.java:logGet(46)) - raft.netty.dataStream.server.use-epoll = false (default)
2023-06-25 20:38:40,730 [main] INFO  netty.NettyConfigKeys$DataStream (ConfUtils.java:logGet(46)) - raft.netty.dataStream.server.boss-group.size = 0 (default)
2023-06-25 20:38:40,730 [main] INFO  netty.NettyConfigKeys$DataStream (ConfUtils.java:logGet(46)) - raft.netty.dataStream.server.worker-group.size = 0 (default)
2023-06-25 20:38:40,731 [main] INFO  netty.NettyConfigKeys$DataStream (ConfUtils.java:logGet(46)) - raft.netty.dataStream.server.tls.conf = null (default)
2023-06-25 20:38:40,731 [main] INFO  netty.NettyConfigKeys$DataStream (ConfUtils.java:logGet(46)) - raft.netty.dataStream.host = null (default)
2023-06-25 20:38:40,731 [main] INFO  netty.NettyConfigKeys$DataStream (ConfUtils.java:logGet(46)) - raft.netty.dataStream.port = 15085 (custom)
2023-06-25 20:38:40,732 [main] INFO  server.RaftServerConfigKeys (ConfUtils.java:logGet(46)) - raft.server.threadpool.proxy.cached = true (default)
2023-06-25 20:38:40,732 [main] INFO  server.RaftServerConfigKeys (ConfUtils.java:logGet(46)) - raft.server.threadpool.proxy.size = 0 (default)
2023-06-25 20:38:40,732 [main] INFO  server.RaftServerConfigKeys (ConfUtils.java:logGet(46)) - raft.server.rpc.slowness.timeout = 300s (custom)
2023-06-25 20:38:40,732 [main] INFO  server.RaftServerConfigKeys (ConfUtils.java:logGet(46)) - raft.server.leaderelection.leader.step-down.wait-time = 10s (default)
2023-06-25 20:38:40,732 [93527257-01c8-41eb-ac3e-49482c20fdee-NettyServerStreamRpc-bossGroup--thread1] INFO  logging.LoggingHandler (AbstractInternalLogger.java:log(148)) - [id: 0x311742bd] REGISTERED
2023-06-25 20:38:40,732 [main] INFO  server.RaftServerConfigKeys (ConfUtils.java:logGet(46)) - raft.server.storage.dir = [/home/runner/work/ozone/ozone/hadoop-ozone/integration-test/target/test-dir/MiniOzoneClusterImpl-3e5e392c-9910-47c9-9966-58048db8f0c6/datanode-0/data/ratis] (custom)
2023-06-25 20:38:40,733 [93527257-01c8-41eb-ac3e-49482c20fdee-NettyServerStreamRpc-bossGroup--thread1] INFO  logging.LoggingHandler (AbstractInternalLogger.java:log(148)) - [id: 0x311742bd] BIND: 0.0.0.0/0.0.0.0:15085
2023-06-25 20:38:40,733 [93527257-01c8-41eb-ac3e-49482c20fdee-NettyServerStreamRpc-bossGroup--thread1] INFO  logging.LoggingHandler (AbstractInternalLogger.java:log(148)) - [id: 0x311742bd, L:/0:0:0:0:0:0:0:0:15085] ACTIVE
2023-06-25 20:38:40,735 [main] INFO  server.XceiverServerGrpc (XceiverServerGrpc.java:<init>(132)) - GrpcServer channel type EpollServerSocketChannel
2023-06-25 20:38:40,736 [main] INFO  replication.ReplicationSupervisor (ReplicationSupervisor.java:nodeStateUpdated(305)) - Node state updated to IN_SERVICE, scaling executor pool size to 10
2023-06-25 20:38:40,738 [main] INFO  http.BaseHttpServer (BaseHttpServer.java:newHttpServer2BuilderForOzone(224)) - Starting Web-server for hddsDatanode at: http://0.0.0.0:15079
2023-06-25 20:38:40,739 [main] INFO  http.BaseHttpServer (BaseHttpServer.java:<init>(111)) - Hadoop Security Enabled: false Ozone Security Enabled: false Ozone HTTP Security Enabled: false 
2023-06-25 20:38:40,740 [main] WARN  server.AuthenticationFilter (AuthenticationFilter.java:constructSecretProvider(240)) - Unable to initialize FileSignerSecretProvider, falling back to use random secrets. Reason: Could not read signature secret file: /home/runner/hadoop-http-auth-signature-secret
2023-06-25 20:38:40,740 [main] INFO  http.HttpRequestLog (HttpRequestLog.java:getRequestLog(86)) - Http request log for http.requests.hddsDatanode is not defined
2023-06-25 20:38:40,742 [main] INFO  http.HttpServer2 (HttpServer2.java:addGlobalFilter(1031)) - Added global filter 'safety' (class=org.apache.hadoop.hdds.server.http.HttpServer2$QuotingInputFilter)
2023-06-25 20:38:40,742 [main] INFO  http.HttpServer2 (HttpServer2.java:addFilter(1007)) - Added filter static_user_filter (class=org.apache.hadoop.http.lib.StaticUserWebFilter$StaticUserFilter) to context hddsDatanode
2023-06-25 20:38:40,743 [main] INFO  http.HttpServer2 (HttpServer2.java:addFilter(1015)) - Added filter static_user_filter (class=org.apache.hadoop.http.lib.StaticUserWebFilter$StaticUserFilter) to context logs
2023-06-25 20:38:40,743 [main] INFO  http.HttpServer2 (HttpServer2.java:addFilter(1015)) - Added filter static_user_filter (class=org.apache.hadoop.http.lib.StaticUserWebFilter$StaticUserFilter) to context static
2023-06-25 20:38:40,744 [main] INFO  http.BaseHttpServer (BaseHttpServer.java:<init>(190)) - HTTP server of hddsDatanode uses base directory /home/runner/work/ozone/ozone/hadoop-ozone/integration-test/target/test-dir/MiniOzoneClusterImpl-3e5e392c-9910-47c9-9966-58048db8f0c6/datanode-0/meta/webserver
2023-06-25 20:38:40,744 [main] INFO  http.HttpServer2 (HttpServer2.java:bindListener(1250)) - Jetty bound to port 15079
2023-06-25 20:38:40,745 [main] INFO  server.Server (Server.java:doStart(375)) - jetty-9.4.51.v20230217; built: 2023-02-17T08:19:37.309Z; git: b45c405e4544384de066f814ed42ae3dceacdd49; jvm 1.8.0_372-b07
2023-06-25 20:38:40,748 [main] INFO  server.session (DefaultSessionIdManager.java:doStart(334)) - DefaultSessionIdManager workerName=node0
2023-06-25 20:38:40,748 [main] INFO  server.session (DefaultSessionIdManager.java:doStart(339)) - No SessionScavenger set, using defaults
2023-06-25 20:38:40,749 [main] INFO  server.session (HouseKeeper.java:startScavenging(132)) - node0 Scavenging every 660000ms
2023-06-25 20:38:40,749 [main] INFO  handler.ContextHandler (ContextHandler.java:doStart(921)) - Started o.e.j.s.ServletContextHandler@39287e36{logs,/logs,file:///home/runner/work/ozone/ozone/hadoop-ozone/integration-test/target/log,AVAILABLE}
2023-06-25 20:38:40,750 [main] INFO  handler.ContextHandler (ContextHandler.java:doStart(921)) - Started o.e.j.s.ServletContextHandler@6a4dfee2{static,/static,jar:file:/home/runner/.m2/repository/org/apache/ozone/hdds-container-service/1.4.0-SNAPSHOT/hdds-container-service-1.4.0-SNAPSHOT.jar!/webapps/static,AVAILABLE}
2023-06-25 20:38:40,989 [main] INFO  handler.ContextHandler (ContextHandler.java:doStart(921)) - Started o.e.j.w.WebAppContext@62a41f68{hddsDatanode,/,file:///home/runner/work/ozone/ozone/hadoop-ozone/integration-test/target/test-dir/MiniOzoneClusterImpl-3e5e392c-9910-47c9-9966-58048db8f0c6/datanode-0/meta/webserver/jetty-0_0_0_0-15079-hdds-container-service-1_4_0-SNAPSHOT_jar-_-any-6910058970236085566/webapp/,AVAILABLE}{jar:file:/home/runner/.m2/repository/org/apache/ozone/hdds-container-service/1.4.0-SNAPSHOT/hdds-container-service-1.4.0-SNAPSHOT.jar!/webapps/hddsDatanode}
2023-06-25 20:38:40,991 [main] INFO  server.AbstractConnector (AbstractConnector.java:doStart(333)) - Started ServerConnector@1d411279{HTTP/1.1, (http/1.1)}{0.0.0.0:15079}
2023-06-25 20:38:40,991 [main] INFO  server.Server (Server.java:doStart(415)) - Started @98475ms
2023-06-25 20:38:40,991 [main] WARN  impl.MetricsSystemImpl (MetricsSystemImpl.java:register(279)) - Sink prometheus already exists!
2023-06-25 20:38:40,992 [main] INFO  http.BaseHttpServer (BaseHttpServer.java:updateConnectorAddress(344)) - HTTP server of hddsDatanode listening at http://0.0.0.0:15079
2023-06-25 20:38:40,993 [main] INFO  ipc.CallQueueManager (CallQueueManager.java:<init>(90)) - Using callQueue: class java.util.concurrent.LinkedBlockingQueue, queueCapacity: 100, scheduler: class org.apache.hadoop.ipc.DefaultRpcScheduler, ipcBackoff: false.
2023-06-25 20:38:40,994 [Socket Reader #1 for port 15080] INFO  ipc.Server (Server.java:run(1319)) - Starting Socket Reader #1 for port 15080
2023-06-25 20:38:41,006 [Listener at 0.0.0.0/15080] INFO  hdds.HddsUtils (HddsUtils.java:preserveThreadName(848)) - Restoring thread name: main
2023-06-25 20:38:41,006 [main] INFO  ozone.HddsDatanodeService (HddsDatanodeService.java:start(335)) - Datanode start with admins: [runner]
2023-06-25 20:38:41,007 [main] INFO  ozone.HddsDatanodeClientProtocolServer (HddsDatanodeClientProtocolServer.java:start(72)) - RPC server for Client /0.0.0.0:15080
2023-06-25 20:38:41,009 [IPC Server Responder] INFO  ipc.Server (Server.java:run(1558)) - IPC Server Responder: starting
2023-06-25 20:38:41,014 [IPC Server listener on 15080] INFO  ipc.Server (Server.java:run(1398)) - IPC Server listener on 15080: starting
2023-06-25 20:38:41,017 [main] WARN  impl.MetricRegistriesImpl (MetricRegistriesImpl.java:addReporterRegistration(111)) - New reporters are added after registries were created. Some metrics will be missing from the reporter. Please add reporter before adding any new registry.
2023-06-25 20:38:41,017 [main] WARN  impl.MetricRegistriesImpl (MetricRegistriesImpl.java:addReporterRegistration(111)) - New reporters are added after registries were created. Some metrics will be missing from the reporter. Please add reporter before adding any new registry.
2023-06-25 20:38:41,018 [main] INFO  impl.MetricsSystemImpl (MetricsSystemImpl.java:init(158)) - HddsDatanode metrics system started (again)
2023-06-25 20:38:41,021 [Datanode State Machine Daemon Thread] INFO  statemachine.DatanodeStateMachine (DatanodeStateMachine.java:lambda$startDaemon$0(531)) - Ozone container server started.
2023-06-25 20:38:41,054 [main] INFO  ozone.HddsDatanodeService (HddsDatanodeService.java:start(257)) - HddsDatanodeService host:fv-az808-130.wa3tte2ragoufbcbawjciesdkc.bx.internal.cloudapp.net ip:10.1.0.20
2023-06-25 20:38:41,065 [Datanode State Machine Task Thread - 0] INFO  datanode.InitDatanodeState (InitDatanodeState.java:persistContainerDatanodeDetails(138)) - DatanodeDetails is persisted to /home/runner/work/ozone/ozone/hadoop-ozone/integration-test/target/test-dir/MiniOzoneClusterImpl-3e5e392c-9910-47c9-9966-58048db8f0c6/datanode-0/meta/datanode.id
2023-06-25 20:38:41,093 [main] INFO  upgrade.AbstractLayoutVersionManager (AbstractLayoutVersionManager.java:init(83)) - Initializing Layout version manager with metadata layout = HADOOP_PRC_PORTS_IN_DATANODEDETAILS (version = 7), software layout = HADOOP_PRC_PORTS_IN_DATANODEDETAILS (version = 7)
2023-06-25 20:38:41,094 [main] INFO  statemachine.DatanodeStateMachine (DatanodeStateMachine.java:getEndPointTaskThreadPoolSize(279)) - Datanode State Machine Task Thread Pool size 2
2023-06-25 20:38:41,096 [main] INFO  volume.HddsVolume (HddsVolume.java:<init>(130)) - Creating HddsVolume: /home/runner/work/ozone/ozone/hadoop-ozone/integration-test/target/test-dir/MiniOzoneClusterImpl-3e5e392c-9910-47c9-9966-58048db8f0c6/datanode-1/data-0/containers/hdds of storage type : DISK capacity : 9223372036854775807
2023-06-25 20:38:41,096 [main] INFO  volume.MutableVolumeSet (MutableVolumeSet.java:initializeVolumeSet(175)) - Added Volume : /home/runner/work/ozone/ozone/hadoop-ozone/integration-test/target/test-dir/MiniOzoneClusterImpl-3e5e392c-9910-47c9-9966-58048db8f0c6/datanode-1/data-0/containers/hdds to VolumeSet
2023-06-25 20:38:41,097 [main] INFO  volume.ThrottledAsyncChecker (ThrottledAsyncChecker.java:schedule(141)) - Scheduling a check for /home/runner/work/ozone/ozone/hadoop-ozone/integration-test/target/test-dir/MiniOzoneClusterImpl-3e5e392c-9910-47c9-9966-58048db8f0c6/datanode-1/data-0/containers/hdds
2023-06-25 20:38:41,097 [main] INFO  volume.StorageVolumeChecker (StorageVolumeChecker.java:checkAllVolumes(202)) - Scheduled health check for volume /home/runner/work/ozone/ozone/hadoop-ozone/integration-test/target/test-dir/MiniOzoneClusterImpl-3e5e392c-9910-47c9-9966-58048db8f0c6/datanode-1/data-0/containers/hdds
2023-06-25 20:38:41,111 [main] INFO  volume.MutableVolumeSet (MutableVolumeSet.java:initializeVolumeSet(175)) - Added Volume : /home/runner/work/ozone/ozone/hadoop-ozone/integration-test/target/test-dir/MiniOzoneClusterImpl-3e5e392c-9910-47c9-9966-58048db8f0c6/datanode-1/data/ratis to VolumeSet
2023-06-25 20:38:41,111 [main] INFO  volume.ThrottledAsyncChecker (ThrottledAsyncChecker.java:schedule(141)) - Scheduling a check for /home/runner/work/ozone/ozone/hadoop-ozone/integration-test/target/test-dir/MiniOzoneClusterImpl-3e5e392c-9910-47c9-9966-58048db8f0c6/datanode-1/data/ratis
2023-06-25 20:38:41,111 [main] INFO  volume.StorageVolumeChecker (StorageVolumeChecker.java:checkAllVolumes(202)) - Scheduled health check for volume /home/runner/work/ozone/ozone/hadoop-ozone/integration-test/target/test-dir/MiniOzoneClusterImpl-3e5e392c-9910-47c9-9966-58048db8f0c6/datanode-1/data/ratis
2023-06-25 20:38:41,122 [Thread-1885] INFO  ozoneimpl.ContainerReader (ContainerReader.java:readVolume(175)) - Finish verifying containers on volume /home/runner/work/ozone/ozone/hadoop-ozone/integration-test/target/test-dir/MiniOzoneClusterImpl-3e5e392c-9910-47c9-9966-58048db8f0c6/datanode-1/data-0/containers/hdds
2023-06-25 20:38:41,122 [main] INFO  ozoneimpl.OzoneContainer (OzoneContainer.java:buildContainerSet(316)) - Build ContainerSet costs 0s
2023-06-25 20:38:41,128 [main] INFO  server.RaftServer (ConfUtils.java:logGet(46)) - raft.rpc.type = GRPC (default)
2023-06-25 20:38:41,129 [main] INFO  grpc.GrpcConfigKeys (ConfUtils.java:logFallback(53)) - raft.grpc.admin.host = null (fallback to raft.grpc.server.host)
2023-06-25 20:38:41,129 [main] INFO  grpc.GrpcConfigKeys (ConfUtils.java:logGet(46)) - raft.grpc.admin.port = 15092 (custom)
2023-06-25 20:38:41,129 [main] INFO  grpc.GrpcConfigKeys (ConfUtils.java:logFallback(53)) - raft.grpc.client.host = null (fallback to raft.grpc.server.host)
2023-06-25 20:38:41,129 [main] INFO  grpc.GrpcConfigKeys (ConfUtils.java:logGet(46)) - raft.grpc.client.port = 15091 (custom)
2023-06-25 20:38:41,129 [main] INFO  grpc.GrpcConfigKeys (ConfUtils.java:logGet(46)) - raft.grpc.server.host = null (default)
2023-06-25 20:38:41,130 [main] INFO  grpc.GrpcConfigKeys (ConfUtils.java:logGet(46)) - raft.grpc.server.port = 15093 (custom)
2023-06-25 20:38:41,130 [main] INFO  server.GrpcService (ConfUtils.java:logGet(46)) - raft.grpc.message.size.max = 32MB (=33554432) (custom)
2023-06-25 20:38:41,130 [main] INFO  server.RaftServerConfigKeys (ConfUtils.java:logGet(46)) - raft.server.log.appender.buffer.byte-limit = 33554432 (custom)
2023-06-25 20:38:41,130 [main] INFO  server.GrpcService (ConfUtils.java:logGet(46)) - raft.grpc.flow.control.window = 5MB (=5242880) (custom)
2023-06-25 20:38:41,130 [main] INFO  server.RaftServerConfigKeys (ConfUtils.java:logGet(46)) - raft.server.rpc.request.timeout = 60s (custom)
2023-06-25 20:38:41,130 [main] INFO  grpc.GrpcConfigKeys (ConfUtils.java:logGet(46)) - raft.grpc.server.heartbeat.channel = true (default)
2023-06-25 20:38:41,131 [main] INFO  grpc.GrpcConfigKeys (ConfUtils.java:logGet(46)) - raft.grpc.server.async.request.thread.pool.cached = true (default)
2023-06-25 20:38:41,131 [main] INFO  grpc.GrpcConfigKeys (ConfUtils.java:logGet(46)) - raft.grpc.server.async.request.thread.pool.size = 32 (default)
2023-06-25 20:38:41,133 [main] INFO  impl.DataStreamServerImpl (ConfUtils.java:logGet(46)) - raft.datastream.type = NETTY (custom)
2023-06-25 20:38:41,134 [main] INFO  server.RaftServerConfigKeys (ConfUtils.java:logGet(46)) - raft.server.data-stream.async.request.thread.pool.cached = false (default)
2023-06-25 20:38:41,134 [main] INFO  server.RaftServerConfigKeys (ConfUtils.java:logGet(46)) - raft.server.data-stream.async.request.thread.pool.size = 20 (custom)
2023-06-25 20:38:41,134 [main] INFO  server.RaftServerConfigKeys (ConfUtils.java:logGet(46)) - raft.server.data-stream.async.write.thread.pool.size = 16 (default)
2023-06-25 20:38:41,135 [main] INFO  server.RaftServerConfigKeys (ConfUtils.java:logGet(46)) - raft.server.data-stream.client.pool.size = 10 (default)
2023-06-25 20:38:41,135 [main] INFO  netty.NettyConfigKeys$DataStream (ConfUtils.java:logGet(46)) - raft.netty.dataStream.server.use-epoll = false (default)
2023-06-25 20:38:41,135 [main] INFO  netty.NettyConfigKeys$DataStream (ConfUtils.java:logGet(46)) - raft.netty.dataStream.server.boss-group.size = 0 (default)
2023-06-25 20:38:41,135 [main] INFO  netty.NettyConfigKeys$DataStream (ConfUtils.java:logGet(46)) - raft.netty.dataStream.server.worker-group.size = 0 (default)
2023-06-25 20:38:41,136 [main] INFO  netty.NettyConfigKeys$DataStream (ConfUtils.java:logGet(46)) - raft.netty.dataStream.server.tls.conf = null (default)
2023-06-25 20:38:41,136 [main] INFO  netty.NettyConfigKeys$DataStream (ConfUtils.java:logGet(46)) - raft.netty.dataStream.host = null (default)
2023-06-25 20:38:41,137 [main] INFO  netty.NettyConfigKeys$DataStream (ConfUtils.java:logGet(46)) - raft.netty.dataStream.port = 15094 (custom)
2023-06-25 20:38:41,137 [main] INFO  server.RaftServerConfigKeys (ConfUtils.java:logGet(46)) - raft.server.threadpool.proxy.cached = true (default)
2023-06-25 20:38:41,138 [main] INFO  server.RaftServerConfigKeys (ConfUtils.java:logGet(46)) - raft.server.threadpool.proxy.size = 0 (default)
2023-06-25 20:38:41,138 [main] INFO  server.RaftServerConfigKeys (ConfUtils.java:logGet(46)) - raft.server.rpc.slowness.timeout = 300s (custom)
2023-06-25 20:38:41,138 [main] INFO  server.RaftServerConfigKeys (ConfUtils.java:logGet(46)) - raft.server.leaderelection.leader.step-down.wait-time = 10s (default)
2023-06-25 20:38:41,138 [main] INFO  server.RaftServerConfigKeys (ConfUtils.java:logGet(46)) - raft.server.storage.dir = [/home/runner/work/ozone/ozone/hadoop-ozone/integration-test/target/test-dir/MiniOzoneClusterImpl-3e5e392c-9910-47c9-9966-58048db8f0c6/datanode-1/data/ratis] (custom)
2023-06-25 20:38:41,139 [a7b978ac-5579-421c-88f8-8216da815ec4-NettyServerStreamRpc-bossGroup--thread1] INFO  logging.LoggingHandler (AbstractInternalLogger.java:log(148)) - [id: 0xe95cb23b] REGISTERED
2023-06-25 20:38:41,139 [a7b978ac-5579-421c-88f8-8216da815ec4-NettyServerStreamRpc-bossGroup--thread1] INFO  logging.LoggingHandler (AbstractInternalLogger.java:log(148)) - [id: 0xe95cb23b] BIND: 0.0.0.0/0.0.0.0:15094
2023-06-25 20:38:41,139 [a7b978ac-5579-421c-88f8-8216da815ec4-NettyServerStreamRpc-bossGroup--thread1] INFO  logging.LoggingHandler (AbstractInternalLogger.java:log(148)) - [id: 0xe95cb23b, L:/0:0:0:0:0:0:0:0:15094] ACTIVE
2023-06-25 20:38:41,140 [main] INFO  server.XceiverServerGrpc (XceiverServerGrpc.java:<init>(132)) - GrpcServer channel type EpollServerSocketChannel
2023-06-25 20:38:41,145 [main] INFO  replication.ReplicationSupervisor (ReplicationSupervisor.java:nodeStateUpdated(305)) - Node state updated to IN_SERVICE, scaling executor pool size to 10
2023-06-25 20:38:41,147 [main] INFO  http.BaseHttpServer (BaseHttpServer.java:newHttpServer2BuilderForOzone(224)) - Starting Web-server for hddsDatanode at: http://0.0.0.0:15088
2023-06-25 20:38:41,147 [main] INFO  http.BaseHttpServer (BaseHttpServer.java:<init>(111)) - Hadoop Security Enabled: false Ozone Security Enabled: false Ozone HTTP Security Enabled: false 
2023-06-25 20:38:41,149 [main] WARN  server.AuthenticationFilter (AuthenticationFilter.java:constructSecretProvider(240)) - Unable to initialize FileSignerSecretProvider, falling back to use random secrets. Reason: Could not read signature secret file: /home/runner/hadoop-http-auth-signature-secret
2023-06-25 20:38:41,149 [main] INFO  http.HttpRequestLog (HttpRequestLog.java:getRequestLog(86)) - Http request log for http.requests.hddsDatanode is not defined
2023-06-25 20:38:41,151 [main] INFO  http.HttpServer2 (HttpServer2.java:addGlobalFilter(1031)) - Added global filter 'safety' (class=org.apache.hadoop.hdds.server.http.HttpServer2$QuotingInputFilter)
2023-06-25 20:38:41,151 [main] INFO  http.HttpServer2 (HttpServer2.java:addFilter(1007)) - Added filter static_user_filter (class=org.apache.hadoop.http.lib.StaticUserWebFilter$StaticUserFilter) to context hddsDatanode
2023-06-25 20:38:41,151 [main] INFO  http.HttpServer2 (HttpServer2.java:addFilter(1015)) - Added filter static_user_filter (class=org.apache.hadoop.http.lib.StaticUserWebFilter$StaticUserFilter) to context logs
2023-06-25 20:38:41,152 [main] INFO  http.HttpServer2 (HttpServer2.java:addFilter(1015)) - Added filter static_user_filter (class=org.apache.hadoop.http.lib.StaticUserWebFilter$StaticUserFilter) to context static
2023-06-25 20:38:41,152 [main] INFO  http.BaseHttpServer (BaseHttpServer.java:<init>(190)) - HTTP server of hddsDatanode uses base directory /home/runner/work/ozone/ozone/hadoop-ozone/integration-test/target/test-dir/MiniOzoneClusterImpl-3e5e392c-9910-47c9-9966-58048db8f0c6/datanode-1/meta/webserver
2023-06-25 20:38:41,153 [main] INFO  http.HttpServer2 (HttpServer2.java:bindListener(1250)) - Jetty bound to port 15088
2023-06-25 20:38:41,153 [main] INFO  server.Server (Server.java:doStart(375)) - jetty-9.4.51.v20230217; built: 2023-02-17T08:19:37.309Z; git: b45c405e4544384de066f814ed42ae3dceacdd49; jvm 1.8.0_372-b07
2023-06-25 20:38:41,159 [main] INFO  server.session (DefaultSessionIdManager.java:doStart(334)) - DefaultSessionIdManager workerName=node0
2023-06-25 20:38:41,159 [main] INFO  server.session (DefaultSessionIdManager.java:doStart(339)) - No SessionScavenger set, using defaults
2023-06-25 20:38:41,159 [main] INFO  server.session (HouseKeeper.java:startScavenging(132)) - node0 Scavenging every 600000ms
2023-06-25 20:38:41,160 [main] INFO  handler.ContextHandler (ContextHandler.java:doStart(921)) - Started o.e.j.s.ServletContextHandler@2e934025{logs,/logs,file:///home/runner/work/ozone/ozone/hadoop-ozone/integration-test/target/log,AVAILABLE}
2023-06-25 20:38:41,160 [main] INFO  handler.ContextHandler (ContextHandler.java:doStart(921)) - Started o.e.j.s.ServletContextHandler@54c784fd{static,/static,jar:file:/home/runner/.m2/repository/org/apache/ozone/hdds-container-service/1.4.0-SNAPSHOT/hdds-container-service-1.4.0-SNAPSHOT.jar!/webapps/static,AVAILABLE}
2023-06-25 20:38:41,389 [main] INFO  handler.ContextHandler (ContextHandler.java:doStart(921)) - Started o.e.j.w.WebAppContext@1ff45f6f{hddsDatanode,/,file:///home/runner/work/ozone/ozone/hadoop-ozone/integration-test/target/test-dir/MiniOzoneClusterImpl-3e5e392c-9910-47c9-9966-58048db8f0c6/datanode-1/meta/webserver/jetty-0_0_0_0-15088-hdds-container-service-1_4_0-SNAPSHOT_jar-_-any-4116067537170244684/webapp/,AVAILABLE}{jar:file:/home/runner/.m2/repository/org/apache/ozone/hdds-container-service/1.4.0-SNAPSHOT/hdds-container-service-1.4.0-SNAPSHOT.jar!/webapps/hddsDatanode}
2023-06-25 20:38:41,391 [main] INFO  server.AbstractConnector (AbstractConnector.java:doStart(333)) - Started ServerConnector@ce0666a{HTTP/1.1, (http/1.1)}{0.0.0.0:15088}
2023-06-25 20:38:41,391 [main] INFO  server.Server (Server.java:doStart(415)) - Started @98875ms
2023-06-25 20:38:41,391 [main] WARN  impl.MetricsSystemImpl (MetricsSystemImpl.java:register(279)) - Sink prometheus already exists!
2023-06-25 20:38:41,392 [main] INFO  http.BaseHttpServer (BaseHttpServer.java:updateConnectorAddress(344)) - HTTP server of hddsDatanode listening at http://0.0.0.0:15088
2023-06-25 20:38:41,392 [main] INFO  ipc.CallQueueManager (CallQueueManager.java:<init>(90)) - Using callQueue: class java.util.concurrent.LinkedBlockingQueue, queueCapacity: 100, scheduler: class org.apache.hadoop.ipc.DefaultRpcScheduler, ipcBackoff: false.
2023-06-25 20:38:41,393 [Socket Reader #1 for port 15089] INFO  ipc.Server (Server.java:run(1319)) - Starting Socket Reader #1 for port 15089
2023-06-25 20:38:41,394 [Listener at 0.0.0.0/15089] INFO  hdds.HddsUtils (HddsUtils.java:preserveThreadName(848)) - Restoring thread name: main
2023-06-25 20:38:41,395 [main] INFO  ozone.HddsDatanodeService (HddsDatanodeService.java:start(335)) - Datanode start with admins: [runner]
2023-06-25 20:38:41,395 [main] INFO  ozone.HddsDatanodeClientProtocolServer (HddsDatanodeClientProtocolServer.java:start(72)) - RPC server for Client /0.0.0.0:15089
2023-06-25 20:38:41,395 [IPC Server Responder] INFO  ipc.Server (Server.java:run(1558)) - IPC Server Responder: starting
2023-06-25 20:38:41,395 [IPC Server listener on 15089] INFO  ipc.Server (Server.java:run(1398)) - IPC Server listener on 15089: starting
2023-06-25 20:38:41,396 [main] WARN  impl.MetricRegistriesImpl (MetricRegistriesImpl.java:addReporterRegistration(111)) - New reporters are added after registries were created. Some metrics will be missing from the reporter. Please add reporter before adding any new registry.
2023-06-25 20:38:41,397 [main] WARN  impl.MetricRegistriesImpl (MetricRegistriesImpl.java:addReporterRegistration(111)) - New reporters are added after registries were created. Some metrics will be missing from the reporter. Please add reporter before adding any new registry.
2023-06-25 20:38:41,397 [main] INFO  impl.MetricsSystemImpl (MetricsSystemImpl.java:init(158)) - HddsDatanode metrics system started (again)
2023-06-25 20:38:41,409 [Datanode State Machine Daemon Thread] INFO  statemachine.DatanodeStateMachine (DatanodeStateMachine.java:lambda$startDaemon$0(531)) - Ozone container server started.
2023-06-25 20:38:41,417 [main] INFO  ozone.HddsDatanodeService (HddsDatanodeService.java:start(257)) - HddsDatanodeService host:fv-az808-130.wa3tte2ragoufbcbawjciesdkc.bx.internal.cloudapp.net ip:10.1.0.20
2023-06-25 20:38:41,428 [Datanode State Machine Task Thread - 0] INFO  datanode.InitDatanodeState (InitDatanodeState.java:persistContainerDatanodeDetails(138)) - DatanodeDetails is persisted to /home/runner/work/ozone/ozone/hadoop-ozone/integration-test/target/test-dir/MiniOzoneClusterImpl-3e5e392c-9910-47c9-9966-58048db8f0c6/datanode-1/meta/datanode.id
2023-06-25 20:38:41,442 [main] INFO  upgrade.AbstractLayoutVersionManager (AbstractLayoutVersionManager.java:init(83)) - Initializing Layout version manager with metadata layout = HADOOP_PRC_PORTS_IN_DATANODEDETAILS (version = 7), software layout = HADOOP_PRC_PORTS_IN_DATANODEDETAILS (version = 7)
2023-06-25 20:38:41,442 [main] INFO  statemachine.DatanodeStateMachine (DatanodeStateMachine.java:getEndPointTaskThreadPoolSize(279)) - Datanode State Machine Task Thread Pool size 2
2023-06-25 20:38:41,454 [main] INFO  volume.HddsVolume (HddsVolume.java:<init>(130)) - Creating HddsVolume: /home/runner/work/ozone/ozone/hadoop-ozone/integration-test/target/test-dir/MiniOzoneClusterImpl-3e5e392c-9910-47c9-9966-58048db8f0c6/datanode-2/data-0/containers/hdds of storage type : DISK capacity : 9223372036854775807
2023-06-25 20:38:41,454 [main] INFO  volume.MutableVolumeSet (MutableVolumeSet.java:initializeVolumeSet(175)) - Added Volume : /home/runner/work/ozone/ozone/hadoop-ozone/integration-test/target/test-dir/MiniOzoneClusterImpl-3e5e392c-9910-47c9-9966-58048db8f0c6/datanode-2/data-0/containers/hdds to VolumeSet
2023-06-25 20:38:41,455 [main] INFO  volume.ThrottledAsyncChecker (ThrottledAsyncChecker.java:schedule(141)) - Scheduling a check for /home/runner/work/ozone/ozone/hadoop-ozone/integration-test/target/test-dir/MiniOzoneClusterImpl-3e5e392c-9910-47c9-9966-58048db8f0c6/datanode-2/data-0/containers/hdds
2023-06-25 20:38:41,455 [main] INFO  volume.StorageVolumeChecker (StorageVolumeChecker.java:checkAllVolumes(202)) - Scheduled health check for volume /home/runner/work/ozone/ozone/hadoop-ozone/integration-test/target/test-dir/MiniOzoneClusterImpl-3e5e392c-9910-47c9-9966-58048db8f0c6/datanode-2/data-0/containers/hdds
2023-06-25 20:38:41,467 [main] INFO  volume.MutableVolumeSet (MutableVolumeSet.java:initializeVolumeSet(175)) - Added Volume : /home/runner/work/ozone/ozone/hadoop-ozone/integration-test/target/test-dir/MiniOzoneClusterImpl-3e5e392c-9910-47c9-9966-58048db8f0c6/datanode-2/data/ratis to VolumeSet
2023-06-25 20:38:41,467 [main] INFO  volume.ThrottledAsyncChecker (ThrottledAsyncChecker.java:schedule(141)) - Scheduling a check for /home/runner/work/ozone/ozone/hadoop-ozone/integration-test/target/test-dir/MiniOzoneClusterImpl-3e5e392c-9910-47c9-9966-58048db8f0c6/datanode-2/data/ratis
2023-06-25 20:38:41,468 [main] INFO  volume.StorageVolumeChecker (StorageVolumeChecker.java:checkAllVolumes(202)) - Scheduled health check for volume /home/runner/work/ozone/ozone/hadoop-ozone/integration-test/target/test-dir/MiniOzoneClusterImpl-3e5e392c-9910-47c9-9966-58048db8f0c6/datanode-2/data/ratis
2023-06-25 20:38:41,478 [Thread-1902] INFO  ozoneimpl.ContainerReader (ContainerReader.java:readVolume(175)) - Finish verifying containers on volume /home/runner/work/ozone/ozone/hadoop-ozone/integration-test/target/test-dir/MiniOzoneClusterImpl-3e5e392c-9910-47c9-9966-58048db8f0c6/datanode-2/data-0/containers/hdds
2023-06-25 20:38:41,478 [main] INFO  ozoneimpl.OzoneContainer (OzoneContainer.java:buildContainerSet(316)) - Build ContainerSet costs 0s
2023-06-25 20:38:41,481 [main] INFO  server.RaftServer (ConfUtils.java:logGet(46)) - raft.rpc.type = GRPC (default)
2023-06-25 20:38:41,481 [main] INFO  grpc.GrpcConfigKeys (ConfUtils.java:logFallback(53)) - raft.grpc.admin.host = null (fallback to raft.grpc.server.host)
2023-06-25 20:38:41,481 [main] INFO  grpc.GrpcConfigKeys (ConfUtils.java:logGet(46)) - raft.grpc.admin.port = 15101 (custom)
2023-06-25 20:38:41,481 [main] INFO  grpc.GrpcConfigKeys (ConfUtils.java:logFallback(53)) - raft.grpc.client.host = null (fallback to raft.grpc.server.host)
2023-06-25 20:38:41,482 [main] INFO  grpc.GrpcConfigKeys (ConfUtils.java:logGet(46)) - raft.grpc.client.port = 15100 (custom)
2023-06-25 20:38:41,482 [main] INFO  grpc.GrpcConfigKeys (ConfUtils.java:logGet(46)) - raft.grpc.server.host = null (default)
2023-06-25 20:38:41,482 [main] INFO  grpc.GrpcConfigKeys (ConfUtils.java:logGet(46)) - raft.grpc.server.port = 15102 (custom)
2023-06-25 20:38:41,482 [main] INFO  server.GrpcService (ConfUtils.java:logGet(46)) - raft.grpc.message.size.max = 32MB (=33554432) (custom)
2023-06-25 20:38:41,482 [main] INFO  server.RaftServerConfigKeys (ConfUtils.java:logGet(46)) - raft.server.log.appender.buffer.byte-limit = 33554432 (custom)
2023-06-25 20:38:41,483 [main] INFO  server.GrpcService (ConfUtils.java:logGet(46)) - raft.grpc.flow.control.window = 5MB (=5242880) (custom)
2023-06-25 20:38:41,483 [main] INFO  server.RaftServerConfigKeys (ConfUtils.java:logGet(46)) - raft.server.rpc.request.timeout = 60s (custom)
2023-06-25 20:38:41,483 [main] INFO  grpc.GrpcConfigKeys (ConfUtils.java:logGet(46)) - raft.grpc.server.heartbeat.channel = true (default)
2023-06-25 20:38:41,483 [main] INFO  grpc.GrpcConfigKeys (ConfUtils.java:logGet(46)) - raft.grpc.server.async.request.thread.pool.cached = true (default)
2023-06-25 20:38:41,483 [main] INFO  grpc.GrpcConfigKeys (ConfUtils.java:logGet(46)) - raft.grpc.server.async.request.thread.pool.size = 32 (default)
2023-06-25 20:38:41,486 [main] INFO  impl.DataStreamServerImpl (ConfUtils.java:logGet(46)) - raft.datastream.type = NETTY (custom)
2023-06-25 20:38:41,486 [main] INFO  server.RaftServerConfigKeys (ConfUtils.java:logGet(46)) - raft.server.data-stream.async.request.thread.pool.cached = false (default)
2023-06-25 20:38:41,488 [main] INFO  server.RaftServerConfigKeys (ConfUtils.java:logGet(46)) - raft.server.data-stream.async.request.thread.pool.size = 20 (custom)
2023-06-25 20:38:41,488 [main] INFO  server.RaftServerConfigKeys (ConfUtils.java:logGet(46)) - raft.server.data-stream.async.write.thread.pool.size = 16 (default)
2023-06-25 20:38:41,488 [main] INFO  server.RaftServerConfigKeys (ConfUtils.java:logGet(46)) - raft.server.data-stream.client.pool.size = 10 (default)
2023-06-25 20:38:41,489 [main] INFO  netty.NettyConfigKeys$DataStream (ConfUtils.java:logGet(46)) - raft.netty.dataStream.server.use-epoll = false (default)
2023-06-25 20:38:41,489 [main] INFO  netty.NettyConfigKeys$DataStream (ConfUtils.java:logGet(46)) - raft.netty.dataStream.server.boss-group.size = 0 (default)
2023-06-25 20:38:41,489 [main] INFO  netty.NettyConfigKeys$DataStream (ConfUtils.java:logGet(46)) - raft.netty.dataStream.server.worker-group.size = 0 (default)
2023-06-25 20:38:41,490 [main] INFO  netty.NettyConfigKeys$DataStream (ConfUtils.java:logGet(46)) - raft.netty.dataStream.server.tls.conf = null (default)
2023-06-25 20:38:41,490 [main] INFO  netty.NettyConfigKeys$DataStream (ConfUtils.java:logGet(46)) - raft.netty.dataStream.host = null (default)
2023-06-25 20:38:41,490 [main] INFO  netty.NettyConfigKeys$DataStream (ConfUtils.java:logGet(46)) - raft.netty.dataStream.port = 15103 (custom)
2023-06-25 20:38:41,491 [main] INFO  server.RaftServerConfigKeys (ConfUtils.java:logGet(46)) - raft.server.threadpool.proxy.cached = true (default)
2023-06-25 20:38:41,491 [main] INFO  server.RaftServerConfigKeys (ConfUtils.java:logGet(46)) - raft.server.threadpool.proxy.size = 0 (default)
2023-06-25 20:38:41,491 [main] INFO  server.RaftServerConfigKeys (ConfUtils.java:logGet(46)) - raft.server.rpc.slowness.timeout = 300s (custom)
2023-06-25 20:38:41,491 [main] INFO  server.RaftServerConfigKeys (ConfUtils.java:logGet(46)) - raft.server.leaderelection.leader.step-down.wait-time = 10s (default)
2023-06-25 20:38:41,492 [main] INFO  server.RaftServerConfigKeys (ConfUtils.java:logGet(46)) - raft.server.storage.dir = [/home/runner/work/ozone/ozone/hadoop-ozone/integration-test/target/test-dir/MiniOzoneClusterImpl-3e5e392c-9910-47c9-9966-58048db8f0c6/datanode-2/data/ratis] (custom)
2023-06-25 20:38:41,493 [97b3bde5-dca1-47ee-b202-78dc9f7ada5a-NettyServerStreamRpc-bossGroup--thread1] INFO  logging.LoggingHandler (AbstractInternalLogger.java:log(148)) - [id: 0x5d3a2369] REGISTERED
2023-06-25 20:38:41,493 [97b3bde5-dca1-47ee-b202-78dc9f7ada5a-NettyServerStreamRpc-bossGroup--thread1] INFO  logging.LoggingHandler (AbstractInternalLogger.java:log(148)) - [id: 0x5d3a2369] BIND: 0.0.0.0/0.0.0.0:15103
2023-06-25 20:38:41,493 [97b3bde5-dca1-47ee-b202-78dc9f7ada5a-NettyServerStreamRpc-bossGroup--thread1] INFO  logging.LoggingHandler (AbstractInternalLogger.java:log(148)) - [id: 0x5d3a2369, L:/0:0:0:0:0:0:0:0:15103] ACTIVE
2023-06-25 20:38:41,494 [main] INFO  server.XceiverServerGrpc (XceiverServerGrpc.java:<init>(132)) - GrpcServer channel type EpollServerSocketChannel
2023-06-25 20:38:41,495 [main] INFO  replication.ReplicationSupervisor (ReplicationSupervisor.java:nodeStateUpdated(305)) - Node state updated to IN_SERVICE, scaling executor pool size to 10
2023-06-25 20:38:41,501 [main] INFO  http.BaseHttpServer (BaseHttpServer.java:newHttpServer2BuilderForOzone(224)) - Starting Web-server for hddsDatanode at: http://0.0.0.0:15097
2023-06-25 20:38:41,501 [main] INFO  http.BaseHttpServer (BaseHttpServer.java:<init>(111)) - Hadoop Security Enabled: false Ozone Security Enabled: false Ozone HTTP Security Enabled: false 
2023-06-25 20:38:41,503 [main] WARN  server.AuthenticationFilter (AuthenticationFilter.java:constructSecretProvider(240)) - Unable to initialize FileSignerSecretProvider, falling back to use random secrets. Reason: Could not read signature secret file: /home/runner/hadoop-http-auth-signature-secret
2023-06-25 20:38:41,504 [main] INFO  http.HttpRequestLog (HttpRequestLog.java:getRequestLog(86)) - Http request log for http.requests.hddsDatanode is not defined
2023-06-25 20:38:41,505 [main] INFO  http.HttpServer2 (HttpServer2.java:addGlobalFilter(1031)) - Added global filter 'safety' (class=org.apache.hadoop.hdds.server.http.HttpServer2$QuotingInputFilter)
2023-06-25 20:38:41,506 [main] INFO  http.HttpServer2 (HttpServer2.java:addFilter(1007)) - Added filter static_user_filter (class=org.apache.hadoop.http.lib.StaticUserWebFilter$StaticUserFilter) to context hddsDatanode
2023-06-25 20:38:41,506 [main] INFO  http.HttpServer2 (HttpServer2.java:addFilter(1015)) - Added filter static_user_filter (class=org.apache.hadoop.http.lib.StaticUserWebFilter$StaticUserFilter) to context static
2023-06-25 20:38:41,506 [main] INFO  http.HttpServer2 (HttpServer2.java:addFilter(1015)) - Added filter static_user_filter (class=org.apache.hadoop.http.lib.StaticUserWebFilter$StaticUserFilter) to context logs
2023-06-25 20:38:41,507 [main] INFO  http.BaseHttpServer (BaseHttpServer.java:<init>(190)) - HTTP server of hddsDatanode uses base directory /home/runner/work/ozone/ozone/hadoop-ozone/integration-test/target/test-dir/MiniOzoneClusterImpl-3e5e392c-9910-47c9-9966-58048db8f0c6/datanode-2/meta/webserver
2023-06-25 20:38:41,507 [main] INFO  http.HttpServer2 (HttpServer2.java:bindListener(1250)) - Jetty bound to port 15097
2023-06-25 20:38:41,507 [main] INFO  server.Server (Server.java:doStart(375)) - jetty-9.4.51.v20230217; built: 2023-02-17T08:19:37.309Z; git: b45c405e4544384de066f814ed42ae3dceacdd49; jvm 1.8.0_372-b07
2023-06-25 20:38:41,509 [main] INFO  server.session (DefaultSessionIdManager.java:doStart(334)) - DefaultSessionIdManager workerName=node0
2023-06-25 20:38:41,509 [main] INFO  server.session (DefaultSessionIdManager.java:doStart(339)) - No SessionScavenger set, using defaults
2023-06-25 20:38:41,509 [main] INFO  server.session (HouseKeeper.java:startScavenging(132)) - node0 Scavenging every 600000ms
2023-06-25 20:38:41,511 [main] INFO  handler.ContextHandler (ContextHandler.java:doStart(921)) - Started o.e.j.s.ServletContextHandler@10ec01c0{logs,/logs,file:///home/runner/work/ozone/ozone/hadoop-ozone/integration-test/target/log,AVAILABLE}
2023-06-25 20:38:41,511 [main] INFO  handler.ContextHandler (ContextHandler.java:doStart(921)) - Started o.e.j.s.ServletContextHandler@5e4c6dd5{static,/static,jar:file:/home/runner/.m2/repository/org/apache/ozone/hdds-container-service/1.4.0-SNAPSHOT/hdds-container-service-1.4.0-SNAPSHOT.jar!/webapps/static,AVAILABLE}
2023-06-25 20:38:41,633 [om1@group-C5BA1605619E-FollowerState] INFO  impl.FollowerState (FollowerState.java:run(143)) - om1@group-C5BA1605619E-FollowerState: change to CANDIDATE, lastRpcElapsedTime:1053628134ns, electionTimeout:1052ms
2023-06-25 20:38:41,634 [om1@group-C5BA1605619E-FollowerState] INFO  impl.RoleInfo (RoleInfo.java:shutdownFollowerState(110)) - om1: shutdown om1@group-C5BA1605619E-FollowerState
2023-06-25 20:38:41,634 [om1@group-C5BA1605619E-FollowerState] INFO  server.RaftServer$Division (RaftServerImpl.java:setRole(329)) - om1@group-C5BA1605619E: changes role from  FOLLOWER to CANDIDATE at term 0 for changeToCandidate
2023-06-25 20:38:41,634 [om1@group-C5BA1605619E-FollowerState] INFO  server.RaftServerConfigKeys (ConfUtils.java:logGet(46)) - raft.server.leaderelection.pre-vote = true (default)
2023-06-25 20:38:41,634 [om1@group-C5BA1605619E-FollowerState] INFO  impl.RoleInfo (RoleInfo.java:updateAndGet(139)) - om1: start om1@group-C5BA1605619E-LeaderElection17
2023-06-25 20:38:41,637 [om1@group-C5BA1605619E-LeaderElection17] INFO  impl.LeaderElection (LeaderElection.java:askForVotes(321)) - om1@group-C5BA1605619E-LeaderElection17 PRE_VOTE round 0: submit vote requests at term 0 for -1: peers:[om1|rpc:localhost:15077|priority:0|startupRole:FOLLOWER]|listeners:[], old=null
2023-06-25 20:38:41,637 [om1@group-C5BA1605619E-LeaderElection17] INFO  impl.LeaderElection (LeaderElection.java:askForVotes(323)) - om1@group-C5BA1605619E-LeaderElection17 PRE_VOTE round 0: result PASSED (term=0)
2023-06-25 20:38:41,640 [om1@group-C5BA1605619E-LeaderElection17] INFO  impl.LeaderElection (LeaderElection.java:askForVotes(321)) - om1@group-C5BA1605619E-LeaderElection17 ELECTION round 0: submit vote requests at term 1 for -1: peers:[om1|rpc:localhost:15077|priority:0|startupRole:FOLLOWER]|listeners:[], old=null
2023-06-25 20:38:41,640 [om1@group-C5BA1605619E-LeaderElection17] INFO  impl.LeaderElection (LeaderElection.java:askForVotes(323)) - om1@group-C5BA1605619E-LeaderElection17 ELECTION round 0: result PASSED (term=1)
2023-06-25 20:38:41,640 [om1@group-C5BA1605619E-LeaderElection17] INFO  impl.RoleInfo (RoleInfo.java:shutdownLeaderElection(130)) - om1: shutdown om1@group-C5BA1605619E-LeaderElection17
2023-06-25 20:38:41,641 [om1@group-C5BA1605619E-LeaderElection17] INFO  server.RaftServer$Division (RaftServerImpl.java:setRole(329)) - om1@group-C5BA1605619E: changes role from CANDIDATE to LEADER at term 1 for changeToLeader
2023-06-25 20:38:41,641 [om1@group-C5BA1605619E-LeaderElection17] INFO  server.RaftServer$Division (ServerState.java:setLeader(317)) - om1@group-C5BA1605619E: change Leader from null to om1 at term 1 for becomeLeader, leader elected after 1586ms
2023-06-25 20:38:41,641 [om1@group-C5BA1605619E-LeaderElection17] INFO  server.RaftServerConfigKeys (ConfUtils.java:logGet(46)) - raft.server.staging.catchup.gap = 1000 (default)
2023-06-25 20:38:41,645 [om1@group-C5BA1605619E-LeaderElection17] INFO  server.RaftServerConfigKeys (ConfUtils.java:logGet(46)) - raft.server.write.element-limit = 4096 (default)
2023-06-25 20:38:41,645 [om1@group-C5BA1605619E-LeaderElection17] INFO  server.RaftServerConfigKeys (ConfUtils.java:logGet(46)) - raft.server.write.byte-limit = 64MB (=67108864) (default)
2023-06-25 20:38:41,645 [om1@group-C5BA1605619E-LeaderElection17] INFO  server.RaftServerConfigKeys (ConfUtils.java:logGet(46)) - raft.server.watch.timeout = 10s (default)
2023-06-25 20:38:41,646 [om1@group-C5BA1605619E-LeaderElection17] INFO  server.RaftServerConfigKeys (ConfUtils.java:logGet(46)) - raft.server.watch.timeout.denomination = 1s (default)
2023-06-25 20:38:41,646 [om1@group-C5BA1605619E-LeaderElection17] INFO  server.RaftServerConfigKeys (ConfUtils.java:logGet(46)) - raft.server.watch.element-limit = 65536 (default)
2023-06-25 20:38:41,646 [om1@group-C5BA1605619E-LeaderElection17] INFO  server.RaftServerConfigKeys (ConfUtils.java:logGet(46)) - raft.server.write.element-limit = 4096 (default)
2023-06-25 20:38:41,646 [om1@group-C5BA1605619E-LeaderElection17] INFO  server.RaftServerConfigKeys (ConfUtils.java:logGet(46)) - raft.server.write.follower.gap.ratio.max = -1.0 (default)
2023-06-25 20:38:41,647 [om1@group-C5BA1605619E-LeaderElection17] INFO  impl.RoleInfo (RoleInfo.java:updateAndGet(139)) - om1: start om1@group-C5BA1605619E-LeaderStateImpl
2023-06-25 20:38:41,647 [om1@group-C5BA1605619E-LeaderElection17] INFO  segmented.SegmentedRaftLogWorker (SegmentedRaftLogWorker.java:startLogSegment(447)) - om1@group-C5BA1605619E-SegmentedRaftLogWorker: Starting segment from index:0
2023-06-25 20:38:41,665 [om1@group-C5BA1605619E-LeaderElection17] INFO  server.RaftServer$Division (ServerState.java:setRaftConf(434)) - om1@group-C5BA1605619E: set configuration 0: peers:[om1|rpc:localhost:15077|admin:|client:|dataStream:|priority:0|startupRole:FOLLOWER]|listeners:[], old=null
2023-06-25 20:38:41,666 [om1@group-C5BA1605619E-SegmentedRaftLogWorker] INFO  segmented.SegmentedRaftLogWorker (SegmentedRaftLogWorker.java:execute(651)) - om1@group-C5BA1605619E-SegmentedRaftLogWorker: created new log segment /home/runner/work/ozone/ozone/hadoop-ozone/integration-test/target/test-dir/MiniOzoneClusterImpl-3e5e392c-9910-47c9-9966-58048db8f0c6/ozone-meta/ratis/bf265839-605b-3f16-9796-c5ba1605619e/current/log_inprogress_0
2023-06-25 20:38:41,668 [om1@group-C5BA1605619E-StateMachineUpdater] INFO  ratis.OzoneManagerStateMachine (OzoneManagerStateMachine.java:notifyConfigurationChanged(201)) - Received Configuration change notification from Ratis. New Peer list:
[id: "om1"
address: "localhost:15077"
startupRole: FOLLOWER
]
2023-06-25 20:38:41,761 [main] INFO  handler.ContextHandler (ContextHandler.java:doStart(921)) - Started o.e.j.w.WebAppContext@50c8b73{hddsDatanode,/,file:///home/runner/work/ozone/ozone/hadoop-ozone/integration-test/target/test-dir/MiniOzoneClusterImpl-3e5e392c-9910-47c9-9966-58048db8f0c6/datanode-2/meta/webserver/jetty-0_0_0_0-15097-hdds-container-service-1_4_0-SNAPSHOT_jar-_-any-694547630652802571/webapp/,AVAILABLE}{jar:file:/home/runner/.m2/repository/org/apache/ozone/hdds-container-service/1.4.0-SNAPSHOT/hdds-container-service-1.4.0-SNAPSHOT.jar!/webapps/hddsDatanode}
2023-06-25 20:38:41,763 [main] INFO  server.AbstractConnector (AbstractConnector.java:doStart(333)) - Started ServerConnector@2b84a85b{HTTP/1.1, (http/1.1)}{0.0.0.0:15097}
2023-06-25 20:38:41,764 [main] INFO  server.Server (Server.java:doStart(415)) - Started @99248ms
2023-06-25 20:38:41,764 [main] WARN  impl.MetricsSystemImpl (MetricsSystemImpl.java:register(279)) - Sink prometheus already exists!
2023-06-25 20:38:41,765 [main] INFO  http.BaseHttpServer (BaseHttpServer.java:updateConnectorAddress(344)) - HTTP server of hddsDatanode listening at http://0.0.0.0:15097
2023-06-25 20:38:41,766 [main] INFO  ipc.CallQueueManager (CallQueueManager.java:<init>(90)) - Using callQueue: class java.util.concurrent.LinkedBlockingQueue, queueCapacity: 100, scheduler: class org.apache.hadoop.ipc.DefaultRpcScheduler, ipcBackoff: false.
2023-06-25 20:38:41,766 [Socket Reader #1 for port 15098] INFO  ipc.Server (Server.java:run(1319)) - Starting Socket Reader #1 for port 15098
2023-06-25 20:38:41,770 [Listener at 0.0.0.0/15098] INFO  hdds.HddsUtils (HddsUtils.java:preserveThreadName(848)) - Restoring thread name: main
2023-06-25 20:38:41,770 [main] INFO  ozone.HddsDatanodeService (HddsDatanodeService.java:start(335)) - Datanode start with admins: [runner]
2023-06-25 20:38:41,770 [main] INFO  ozone.HddsDatanodeClientProtocolServer (HddsDatanodeClientProtocolServer.java:start(72)) - RPC server for Client /0.0.0.0:15098
2023-06-25 20:38:41,771 [IPC Server Responder] INFO  ipc.Server (Server.java:run(1558)) - IPC Server Responder: starting
2023-06-25 20:38:41,771 [IPC Server listener on 15098] INFO  ipc.Server (Server.java:run(1398)) - IPC Server listener on 15098: starting
2023-06-25 20:38:41,771 [Datanode State Machine Daemon Thread] INFO  statemachine.DatanodeStateMachine (DatanodeStateMachine.java:lambda$startDaemon$0(531)) - Ozone container server started.
2023-06-25 20:38:41,771 [main] INFO  ozone.MiniOzoneClusterImpl (MiniOzoneClusterImpl.java:lambda$waitForClusterToBeReady$0(224)) - Waiting for nodes to be ready. Got 0 of 3 DN Heartbeats.
2023-06-25 20:38:41,771 [main] INFO  ozone.MiniOzoneClusterImpl (MiniOzoneClusterImpl.java:lambda$waitForClusterToBeReady$0(227)) - Waiting for cluster to exit safe mode
2023-06-25 20:38:41,772 [main] INFO  ozone.MiniOzoneClusterImpl (MiniOzoneClusterImpl.java:lambda$waitForClusterToBeReady$0(229)) - SCM became leader
2023-06-25 20:38:41,779 [Datanode State Machine Task Thread - 0] INFO  datanode.InitDatanodeState (InitDatanodeState.java:persistContainerDatanodeDetails(138)) - DatanodeDetails is persisted to /home/runner/work/ozone/ozone/hadoop-ozone/integration-test/target/test-dir/MiniOzoneClusterImpl-3e5e392c-9910-47c9-9966-58048db8f0c6/datanode-2/meta/datanode.id
2023-06-25 20:38:42,772 [main] INFO  ozone.MiniOzoneClusterImpl (MiniOzoneClusterImpl.java:lambda$waitForClusterToBeReady$0(224)) - Waiting for nodes to be ready. Got 0 of 3 DN Heartbeats.
2023-06-25 20:38:42,772 [main] INFO  ozone.MiniOzoneClusterImpl (MiniOzoneClusterImpl.java:lambda$waitForClusterToBeReady$0(227)) - Waiting for cluster to exit safe mode
2023-06-25 20:38:42,772 [main] INFO  ozone.MiniOzoneClusterImpl (MiniOzoneClusterImpl.java:lambda$waitForClusterToBeReady$0(229)) - SCM became leader
2023-06-25 20:38:43,095 [EndpointStateMachine task thread for /0.0.0.0:15072 - 0 ] INFO  utils.DatanodeStoreCache (DatanodeStoreCache.java:addDB(66)) - Added db /home/runner/work/ozone/ozone/hadoop-ozone/integration-test/target/test-dir/MiniOzoneClusterImpl-3e5e392c-9910-47c9-9966-58048db8f0c6/datanode-0/data-0/containers/hdds/3e5e392c-9910-47c9-9966-58048db8f0c6/DS-196d7fb4-75e3-47e9-b736-3b5961cf1153/container.db to cache
2023-06-25 20:38:43,095 [EndpointStateMachine task thread for /0.0.0.0:15072 - 0 ] INFO  volume.HddsVolume (HddsVolume.java:createDbStore(350)) - SchemaV3 db is created and loaded at /home/runner/work/ozone/ozone/hadoop-ozone/integration-test/target/test-dir/MiniOzoneClusterImpl-3e5e392c-9910-47c9-9966-58048db8f0c6/datanode-0/data-0/containers/hdds/3e5e392c-9910-47c9-9966-58048db8f0c6/DS-196d7fb4-75e3-47e9-b736-3b5961cf1153/container.db for volume DS-196d7fb4-75e3-47e9-b736-3b5961cf1153
2023-06-25 20:38:43,095 [EndpointStateMachine task thread for /0.0.0.0:15072 - 0 ] INFO  ozoneimpl.OzoneContainer (OzoneContainer.java:start(419)) - Attempting to start container services.
2023-06-25 20:38:43,095 [EndpointStateMachine task thread for /0.0.0.0:15072 - 0 ] INFO  ozoneimpl.OzoneContainer (OzoneContainer.java:startContainerScrub(327)) - Scheduled background container scanners and the on-demand container scanner have been disabled.
2023-06-25 20:38:43,098 [EndpointStateMachine task thread for /0.0.0.0:15072 - 0 ] INFO  replication.ReplicationServer (ReplicationServer.java:start(128)) - ReplicationServer is started using port 15086
2023-06-25 20:38:43,098 [EndpointStateMachine task thread for /0.0.0.0:15072 - 0 ] INFO  ratis.XceiverServerRatis (XceiverServerRatis.java:start(517)) - Starting XceiverServerRatis 93527257-01c8-41eb-ac3e-49482c20fdee
2023-06-25 20:38:43,100 [EndpointStateMachine task thread for /0.0.0.0:15072 - 0 ] INFO  server.RaftServer (RaftServerProxy.java:startImpl(400)) - 93527257-01c8-41eb-ac3e-49482c20fdee: start RPC server
2023-06-25 20:38:43,102 [EndpointStateMachine task thread for /0.0.0.0:15072 - 0 ] INFO  server.GrpcService (GrpcService.java:startImpl(302)) - 93527257-01c8-41eb-ac3e-49482c20fdee: GrpcService started, listening on 15082
2023-06-25 20:38:43,104 [EndpointStateMachine task thread for /0.0.0.0:15072 - 0 ] INFO  server.GrpcService (GrpcService.java:startImpl(302)) - 93527257-01c8-41eb-ac3e-49482c20fdee: GrpcService started, listening on 15084
2023-06-25 20:38:43,106 [EndpointStateMachine task thread for /0.0.0.0:15072 - 0 ] INFO  server.GrpcService (GrpcService.java:startImpl(302)) - 93527257-01c8-41eb-ac3e-49482c20fdee: GrpcService started, listening on 15083
2023-06-25 20:38:43,106 [EndpointStateMachine task thread for /0.0.0.0:15072 - 0 ] INFO  ratis.XceiverServerRatis (XceiverServerRatis.java:getRealPort(543)) - XceiverServerRatis 93527257-01c8-41eb-ac3e-49482c20fdee is started using port 15082 for RATIS
2023-06-25 20:38:43,106 [JvmPauseMonitor12] INFO  util.JvmPauseMonitor (JvmPauseMonitor.java:run(103)) - JvmPauseMonitor-93527257-01c8-41eb-ac3e-49482c20fdee: Started
2023-06-25 20:38:43,106 [EndpointStateMachine task thread for /0.0.0.0:15072 - 0 ] INFO  ratis.XceiverServerRatis (XceiverServerRatis.java:getRealPort(543)) - XceiverServerRatis 93527257-01c8-41eb-ac3e-49482c20fdee is started using port 15083 for RATIS_ADMIN
2023-06-25 20:38:43,107 [EndpointStateMachine task thread for /0.0.0.0:15072 - 0 ] INFO  ratis.XceiverServerRatis (XceiverServerRatis.java:getRealPort(543)) - XceiverServerRatis 93527257-01c8-41eb-ac3e-49482c20fdee is started using port 15084 for RATIS_SERVER
2023-06-25 20:38:43,107 [EndpointStateMachine task thread for /0.0.0.0:15072 - 0 ] INFO  ratis.XceiverServerRatis (XceiverServerRatis.java:getRealPort(543)) - XceiverServerRatis 93527257-01c8-41eb-ac3e-49482c20fdee is started using port 15085 for RATIS_DATASTREAM
2023-06-25 20:38:43,118 [BlockDeletingService#0] INFO  interfaces.ContainerDeletionChoosingPolicyTemplate (ContainerDeletionChoosingPolicyTemplate.java:chooseContainerForBlockDeletion(83)) - Chosen 0/5000 blocks from 0 candidate containers.
2023-06-25 20:38:43,462 [EndpointStateMachine task thread for /0.0.0.0:15072 - 0 ] INFO  utils.DatanodeStoreCache (DatanodeStoreCache.java:addDB(66)) - Added db /home/runner/work/ozone/ozone/hadoop-ozone/integration-test/target/test-dir/MiniOzoneClusterImpl-3e5e392c-9910-47c9-9966-58048db8f0c6/datanode-1/data-0/containers/hdds/3e5e392c-9910-47c9-9966-58048db8f0c6/DS-64a93e8f-8805-4378-b728-815cb5c286a6/container.db to cache
2023-06-25 20:38:43,462 [EndpointStateMachine task thread for /0.0.0.0:15072 - 0 ] INFO  volume.HddsVolume (HddsVolume.java:createDbStore(350)) - SchemaV3 db is created and loaded at /home/runner/work/ozone/ozone/hadoop-ozone/integration-test/target/test-dir/MiniOzoneClusterImpl-3e5e392c-9910-47c9-9966-58048db8f0c6/datanode-1/data-0/containers/hdds/3e5e392c-9910-47c9-9966-58048db8f0c6/DS-64a93e8f-8805-4378-b728-815cb5c286a6/container.db for volume DS-64a93e8f-8805-4378-b728-815cb5c286a6
2023-06-25 20:38:43,462 [EndpointStateMachine task thread for /0.0.0.0:15072 - 0 ] INFO  ozoneimpl.OzoneContainer (OzoneContainer.java:start(419)) - Attempting to start container services.
2023-06-25 20:38:43,462 [EndpointStateMachine task thread for /0.0.0.0:15072 - 0 ] INFO  ozoneimpl.OzoneContainer (OzoneContainer.java:startContainerScrub(327)) - Scheduled background container scanners and the on-demand container scanner have been disabled.
2023-06-25 20:38:43,464 [EndpointStateMachine task thread for /0.0.0.0:15072 - 0 ] INFO  replication.ReplicationServer (ReplicationServer.java:start(128)) - ReplicationServer is started using port 15095
2023-06-25 20:38:43,465 [EndpointStateMachine task thread for /0.0.0.0:15072 - 0 ] INFO  ratis.XceiverServerRatis (XceiverServerRatis.java:start(517)) - Starting XceiverServerRatis a7b978ac-5579-421c-88f8-8216da815ec4
2023-06-25 20:38:43,465 [EndpointStateMachine task thread for /0.0.0.0:15072 - 0 ] INFO  server.RaftServer (RaftServerProxy.java:startImpl(400)) - a7b978ac-5579-421c-88f8-8216da815ec4: start RPC server
2023-06-25 20:38:43,479 [EndpointStateMachine task thread for /0.0.0.0:15072 - 0 ] INFO  server.GrpcService (GrpcService.java:startImpl(302)) - a7b978ac-5579-421c-88f8-8216da815ec4: GrpcService started, listening on 15091
2023-06-25 20:38:43,482 [EndpointStateMachine task thread for /0.0.0.0:15072 - 0 ] INFO  server.GrpcService (GrpcService.java:startImpl(302)) - a7b978ac-5579-421c-88f8-8216da815ec4: GrpcService started, listening on 15093
2023-06-25 20:38:43,487 [EndpointStateMachine task thread for /0.0.0.0:15072 - 0 ] INFO  server.GrpcService (GrpcService.java:startImpl(302)) - a7b978ac-5579-421c-88f8-8216da815ec4: GrpcService started, listening on 15092
2023-06-25 20:38:43,489 [EndpointStateMachine task thread for /0.0.0.0:15072 - 0 ] INFO  ratis.XceiverServerRatis (XceiverServerRatis.java:getRealPort(543)) - XceiverServerRatis a7b978ac-5579-421c-88f8-8216da815ec4 is started using port 15091 for RATIS
2023-06-25 20:38:43,489 [JvmPauseMonitor13] INFO  util.JvmPauseMonitor (JvmPauseMonitor.java:run(103)) - JvmPauseMonitor-a7b978ac-5579-421c-88f8-8216da815ec4: Started
2023-06-25 20:38:43,489 [EndpointStateMachine task thread for /0.0.0.0:15072 - 0 ] INFO  ratis.XceiverServerRatis (XceiverServerRatis.java:getRealPort(543)) - XceiverServerRatis a7b978ac-5579-421c-88f8-8216da815ec4 is started using port 15092 for RATIS_ADMIN
2023-06-25 20:38:43,489 [EndpointStateMachine task thread for /0.0.0.0:15072 - 0 ] INFO  ratis.XceiverServerRatis (XceiverServerRatis.java:getRealPort(543)) - XceiverServerRatis a7b978ac-5579-421c-88f8-8216da815ec4 is started using port 15093 for RATIS_SERVER
2023-06-25 20:38:43,489 [EndpointStateMachine task thread for /0.0.0.0:15072 - 0 ] INFO  ratis.XceiverServerRatis (XceiverServerRatis.java:getRealPort(543)) - XceiverServerRatis a7b978ac-5579-421c-88f8-8216da815ec4 is started using port 15094 for RATIS_DATASTREAM
2023-06-25 20:38:43,510 [BlockDeletingService#0] INFO  interfaces.ContainerDeletionChoosingPolicyTemplate (ContainerDeletionChoosingPolicyTemplate.java:chooseContainerForBlockDeletion(83)) - Chosen 0/5000 blocks from 0 candidate containers.
2023-06-25 20:38:43,773 [main] INFO  ozone.MiniOzoneClusterImpl (MiniOzoneClusterImpl.java:lambda$waitForClusterToBeReady$0(224)) - Waiting for nodes to be ready. Got 0 of 3 DN Heartbeats.
2023-06-25 20:38:43,773 [main] INFO  ozone.MiniOzoneClusterImpl (MiniOzoneClusterImpl.java:lambda$waitForClusterToBeReady$0(227)) - Waiting for cluster to exit safe mode
2023-06-25 20:38:43,773 [main] INFO  ozone.MiniOzoneClusterImpl (MiniOzoneClusterImpl.java:lambda$waitForClusterToBeReady$0(229)) - SCM became leader
2023-06-25 20:38:43,814 [EndpointStateMachine task thread for /0.0.0.0:15072 - 0 ] INFO  utils.DatanodeStoreCache (DatanodeStoreCache.java:addDB(66)) - Added db /home/runner/work/ozone/ozone/hadoop-ozone/integration-test/target/test-dir/MiniOzoneClusterImpl-3e5e392c-9910-47c9-9966-58048db8f0c6/datanode-2/data-0/containers/hdds/3e5e392c-9910-47c9-9966-58048db8f0c6/DS-1ef4656e-a722-456f-a79f-e4bb4bc4aec8/container.db to cache
2023-06-25 20:38:43,814 [EndpointStateMachine task thread for /0.0.0.0:15072 - 0 ] INFO  volume.HddsVolume (HddsVolume.java:createDbStore(350)) - SchemaV3 db is created and loaded at /home/runner/work/ozone/ozone/hadoop-ozone/integration-test/target/test-dir/MiniOzoneClusterImpl-3e5e392c-9910-47c9-9966-58048db8f0c6/datanode-2/data-0/containers/hdds/3e5e392c-9910-47c9-9966-58048db8f0c6/DS-1ef4656e-a722-456f-a79f-e4bb4bc4aec8/container.db for volume DS-1ef4656e-a722-456f-a79f-e4bb4bc4aec8
2023-06-25 20:38:43,815 [EndpointStateMachine task thread for /0.0.0.0:15072 - 0 ] INFO  ozoneimpl.OzoneContainer (OzoneContainer.java:start(419)) - Attempting to start container services.
2023-06-25 20:38:43,815 [EndpointStateMachine task thread for /0.0.0.0:15072 - 0 ] INFO  ozoneimpl.OzoneContainer (OzoneContainer.java:startContainerScrub(327)) - Scheduled background container scanners and the on-demand container scanner have been disabled.
2023-06-25 20:38:43,817 [EndpointStateMachine task thread for /0.0.0.0:15072 - 0 ] INFO  replication.ReplicationServer (ReplicationServer.java:start(128)) - ReplicationServer is started using port 15104
2023-06-25 20:38:43,817 [EndpointStateMachine task thread for /0.0.0.0:15072 - 0 ] INFO  ratis.XceiverServerRatis (XceiverServerRatis.java:start(517)) - Starting XceiverServerRatis 97b3bde5-dca1-47ee-b202-78dc9f7ada5a
2023-06-25 20:38:43,818 [EndpointStateMachine task thread for /0.0.0.0:15072 - 0 ] INFO  server.RaftServer (RaftServerProxy.java:startImpl(400)) - 97b3bde5-dca1-47ee-b202-78dc9f7ada5a: start RPC server
2023-06-25 20:38:43,820 [EndpointStateMachine task thread for /0.0.0.0:15072 - 0 ] INFO  server.GrpcService (GrpcService.java:startImpl(302)) - 97b3bde5-dca1-47ee-b202-78dc9f7ada5a: GrpcService started, listening on 15100
2023-06-25 20:38:43,821 [EndpointStateMachine task thread for /0.0.0.0:15072 - 0 ] INFO  server.GrpcService (GrpcService.java:startImpl(302)) - 97b3bde5-dca1-47ee-b202-78dc9f7ada5a: GrpcService started, listening on 15102
2023-06-25 20:38:43,823 [EndpointStateMachine task thread for /0.0.0.0:15072 - 0 ] INFO  server.GrpcService (GrpcService.java:startImpl(302)) - 97b3bde5-dca1-47ee-b202-78dc9f7ada5a: GrpcService started, listening on 15101
2023-06-25 20:38:43,823 [EndpointStateMachine task thread for /0.0.0.0:15072 - 0 ] INFO  ratis.XceiverServerRatis (XceiverServerRatis.java:getRealPort(543)) - XceiverServerRatis 97b3bde5-dca1-47ee-b202-78dc9f7ada5a is started using port 15100 for RATIS
2023-06-25 20:38:43,823 [JvmPauseMonitor14] INFO  util.JvmPauseMonitor (JvmPauseMonitor.java:run(103)) - JvmPauseMonitor-97b3bde5-dca1-47ee-b202-78dc9f7ada5a: Started
2023-06-25 20:38:43,823 [EndpointStateMachine task thread for /0.0.0.0:15072 - 0 ] INFO  ratis.XceiverServerRatis (XceiverServerRatis.java:getRealPort(543)) - XceiverServerRatis 97b3bde5-dca1-47ee-b202-78dc9f7ada5a is started using port 15101 for RATIS_ADMIN
2023-06-25 20:38:43,823 [EndpointStateMachine task thread for /0.0.0.0:15072 - 0 ] INFO  ratis.XceiverServerRatis (XceiverServerRatis.java:getRealPort(543)) - XceiverServerRatis 97b3bde5-dca1-47ee-b202-78dc9f7ada5a is started using port 15102 for RATIS_SERVER
2023-06-25 20:38:43,824 [EndpointStateMachine task thread for /0.0.0.0:15072 - 0 ] INFO  ratis.XceiverServerRatis (XceiverServerRatis.java:getRealPort(543)) - XceiverServerRatis 97b3bde5-dca1-47ee-b202-78dc9f7ada5a is started using port 15103 for RATIS_DATASTREAM
2023-06-25 20:38:43,826 [BlockDeletingService#0] INFO  interfaces.ContainerDeletionChoosingPolicyTemplate (ContainerDeletionChoosingPolicyTemplate.java:chooseContainerForBlockDeletion(83)) - Chosen 0/5000 blocks from 0 candidate containers.
2023-06-25 20:38:44,774 [main] INFO  ozone.MiniOzoneClusterImpl (MiniOzoneClusterImpl.java:lambda$waitForClusterToBeReady$0(224)) - Waiting for nodes to be ready. Got 0 of 3 DN Heartbeats.
2023-06-25 20:38:44,774 [main] INFO  ozone.MiniOzoneClusterImpl (MiniOzoneClusterImpl.java:lambda$waitForClusterToBeReady$0(227)) - Waiting for cluster to exit safe mode
2023-06-25 20:38:44,774 [main] INFO  ozone.MiniOzoneClusterImpl (MiniOzoneClusterImpl.java:lambda$waitForClusterToBeReady$0(229)) - SCM became leader
2023-06-25 20:38:45,051 [IPC Server handler 1 on default port 15072] INFO  net.NetworkTopologyImpl (NetworkTopologyImpl.java:add(112)) - Added a new node: /default-rack/93527257-01c8-41eb-ac3e-49482c20fdee
2023-06-25 20:38:45,051 [IPC Server handler 1 on default port 15072] INFO  node.SCMNodeManager (SCMNodeManager.java:register(405)) - Registered Data node : 93527257-01c8-41eb-ac3e-49482c20fdee{ip: 10.1.0.20, host: fv-az808-130.wa3tte2ragoufbcbawjciesdkc.bx.internal.cloudapp.net, ports: [HTTP=15079, CLIENT_RPC=15080, REPLICATION=15086, RATIS=15082, RATIS_ADMIN=15083, RATIS_SERVER=15084, RATIS_DATASTREAM=15085, STANDALONE=15081], networkLocation: /default-rack, certSerialId: null, persistedOpState: null, persistedOpStateExpiryEpochSec: 0}
2023-06-25 20:38:45,053 [EventQueue-NodeRegistrationContainerReportForContainerSafeModeRule] INFO  safemode.SCMSafeModeManager (SCMSafeModeManager.java:validateSafeModeExitRules(200)) - ContainerSafeModeRule rule is successfully validated
2023-06-25 20:38:45,054 [EventQueue-NodeRegistrationContainerReportForDataNodeSafeModeRule] INFO  safemode.SCMSafeModeManager (DataNodeSafeModeRule.java:process(71)) - SCM in safe mode. 1 DataNodes registered, 3 required.
2023-06-25 20:38:45,056 [EventQueue-PipelineReportForOneReplicaPipelineSafeModeRule] INFO  safemode.SCMSafeModeManager (SCMSafeModeManager.java:validateSafeModeExitRules(200)) - AtleastOneDatanodeReportedRule rule is successfully validated
2023-06-25 20:38:45,057 [EventQueue-NewNodeForNewNodeHandler] INFO  pipeline.BackgroundPipelineCreator (BackgroundPipelineCreator.java:notifyEventTriggered(276)) - trigger a one-shot run on RatisPipelineUtilsThread.
2023-06-25 20:38:45,058 [RatisPipelineUtilsThread - 0] INFO  pipeline.RatisPipelineProvider (RatisPipelineProvider.java:lambda$create$0(206)) - Sending CreatePipelineCommand for pipeline:PipelineID=7dd95f63-b88b-4bdf-aae0-d7d20a72da63 to datanode:93527257-01c8-41eb-ac3e-49482c20fdee
2023-06-25 20:38:45,059 [RatisPipelineUtilsThread - 0] INFO  pipeline.PipelineManagerImpl (PipelineManagerImpl.java:createPipeline(238)) - Created pipeline Pipeline[ Id: 7dd95f63-b88b-4bdf-aae0-d7d20a72da63, Nodes: 93527257-01c8-41eb-ac3e-49482c20fdee(fv-az808-130.wa3tte2ragoufbcbawjciesdkc.bx.internal.cloudapp.net/10.1.0.20), ReplicationConfig: RATIS/ONE, State:ALLOCATED, leaderId:, CreationTimestamp2023-06-25T20:38:45.058Z[Etc/UTC]].
2023-06-25 20:38:45,417 [IPC Server handler 10 on default port 15072] INFO  net.NetworkTopologyImpl (NetworkTopologyImpl.java:add(112)) - Added a new node: /default-rack/a7b978ac-5579-421c-88f8-8216da815ec4
2023-06-25 20:38:45,417 [IPC Server handler 10 on default port 15072] INFO  node.SCMNodeManager (SCMNodeManager.java:register(405)) - Registered Data node : a7b978ac-5579-421c-88f8-8216da815ec4{ip: 10.1.0.20, host: fv-az808-130.wa3tte2ragoufbcbawjciesdkc.bx.internal.cloudapp.net, ports: [HTTP=15088, CLIENT_RPC=15089, REPLICATION=15095, RATIS=15091, RATIS_ADMIN=15092, RATIS_SERVER=15093, RATIS_DATASTREAM=15094, STANDALONE=15090], networkLocation: /default-rack, certSerialId: null, persistedOpState: null, persistedOpStateExpiryEpochSec: 0}
2023-06-25 20:38:45,419 [EventQueue-NewNodeForNewNodeHandler] INFO  pipeline.BackgroundPipelineCreator (BackgroundPipelineCreator.java:notifyEventTriggered(276)) - trigger a one-shot run on RatisPipelineUtilsThread.
2023-06-25 20:38:45,419 [EventQueue-NodeRegistrationContainerReportForDataNodeSafeModeRule] INFO  safemode.SCMSafeModeManager (DataNodeSafeModeRule.java:process(71)) - SCM in safe mode. 2 DataNodes registered, 3 required.
2023-06-25 20:38:45,420 [RatisPipelineUtilsThread - 0] INFO  pipeline.RatisPipelineProvider (RatisPipelineProvider.java:lambda$create$0(206)) - Sending CreatePipelineCommand for pipeline:PipelineID=b73c4e86-d700-4075-b2cc-c3659e131fc0 to datanode:a7b978ac-5579-421c-88f8-8216da815ec4
2023-06-25 20:38:45,420 [RatisPipelineUtilsThread - 0] INFO  pipeline.PipelineManagerImpl (PipelineManagerImpl.java:createPipeline(238)) - Created pipeline Pipeline[ Id: b73c4e86-d700-4075-b2cc-c3659e131fc0, Nodes: a7b978ac-5579-421c-88f8-8216da815ec4(fv-az808-130.wa3tte2ragoufbcbawjciesdkc.bx.internal.cloudapp.net/10.1.0.20), ReplicationConfig: RATIS/ONE, State:ALLOCATED, leaderId:, CreationTimestamp2023-06-25T20:38:45.420Z[Etc/UTC]].
2023-06-25 20:38:45,774 [main] INFO  ozone.MiniOzoneClusterImpl (MiniOzoneClusterImpl.java:lambda$waitForClusterToBeReady$0(224)) - Waiting for nodes to be ready. Got 2 of 3 DN Heartbeats.
2023-06-25 20:38:45,775 [main] INFO  ozone.MiniOzoneClusterImpl (MiniOzoneClusterImpl.java:lambda$waitForClusterToBeReady$0(227)) - Waiting for cluster to exit safe mode
2023-06-25 20:38:45,775 [main] INFO  ozone.MiniOzoneClusterImpl (MiniOzoneClusterImpl.java:lambda$waitForClusterToBeReady$0(229)) - SCM became leader
2023-06-25 20:38:45,777 [IPC Server handler 0 on default port 15072] INFO  net.NetworkTopologyImpl (NetworkTopologyImpl.java:add(112)) - Added a new node: /default-rack/97b3bde5-dca1-47ee-b202-78dc9f7ada5a
2023-06-25 20:38:45,777 [IPC Server handler 0 on default port 15072] INFO  node.SCMNodeManager (SCMNodeManager.java:register(405)) - Registered Data node : 97b3bde5-dca1-47ee-b202-78dc9f7ada5a{ip: 10.1.0.20, host: fv-az808-130.wa3tte2ragoufbcbawjciesdkc.bx.internal.cloudapp.net, ports: [HTTP=15097, CLIENT_RPC=15098, REPLICATION=15104, RATIS=15100, RATIS_ADMIN=15101, RATIS_SERVER=15102, RATIS_DATASTREAM=15103, STANDALONE=15099], networkLocation: /default-rack, certSerialId: null, persistedOpState: null, persistedOpStateExpiryEpochSec: 0}
2023-06-25 20:38:45,778 [EventQueue-NodeRegistrationContainerReportForDataNodeSafeModeRule] INFO  safemode.SCMSafeModeManager (DataNodeSafeModeRule.java:process(71)) - SCM in safe mode. 3 DataNodes registered, 3 required.
2023-06-25 20:38:45,778 [EventQueue-NodeRegistrationContainerReportForDataNodeSafeModeRule] INFO  safemode.SCMSafeModeManager (SCMSafeModeManager.java:validateSafeModeExitRules(200)) - DataNodeSafeModeRule rule is successfully validated
2023-06-25 20:38:45,778 [EventQueue-NodeRegistrationContainerReportForDataNodeSafeModeRule] INFO  safemode.SCMSafeModeManager (SCMSafeModeManager.java:completePreCheck(229)) - All SCM safe mode pre check rules have passed
2023-06-25 20:38:45,778 [EventQueue-NodeRegistrationContainerReportForDataNodeSafeModeRule] INFO  ha.SCMContext (SCMContext.java:updateSafeModeStatus(228)) - Update SafeModeStatus from SafeModeStatus{safeModeStatus=true, preCheckPassed=false} to SafeModeStatus{safeModeStatus=true, preCheckPassed=true}.
2023-06-25 20:38:45,778 [EventQueue-NodeRegistrationContainerReportForDataNodeSafeModeRule] INFO  pipeline.BackgroundPipelineCreator (BackgroundPipelineCreator.java:notifyEventTriggered(276)) - trigger a one-shot run on RatisPipelineUtilsThread.
2023-06-25 20:38:45,778 [EventQueue-NewNodeForNewNodeHandler] INFO  pipeline.BackgroundPipelineCreator (BackgroundPipelineCreator.java:notifyEventTriggered(276)) - trigger a one-shot run on RatisPipelineUtilsThread.
2023-06-25 20:38:45,779 [RatisPipelineUtilsThread - 0] INFO  pipeline.RatisPipelineProvider (RatisPipelineProvider.java:lambda$create$0(206)) - Sending CreatePipelineCommand for pipeline:PipelineID=c28446ab-fa3f-4323-ba6a-6af3b09d4338 to datanode:97b3bde5-dca1-47ee-b202-78dc9f7ada5a
2023-06-25 20:38:45,779 [RatisPipelineUtilsThread - 0] INFO  pipeline.PipelineManagerImpl (PipelineManagerImpl.java:createPipeline(238)) - Created pipeline Pipeline[ Id: c28446ab-fa3f-4323-ba6a-6af3b09d4338, Nodes: 97b3bde5-dca1-47ee-b202-78dc9f7ada5a(fv-az808-130.wa3tte2ragoufbcbawjciesdkc.bx.internal.cloudapp.net/10.1.0.20), ReplicationConfig: RATIS/ONE, State:ALLOCATED, leaderId:, CreationTimestamp2023-06-25T20:38:45.779Z[Etc/UTC]].
2023-06-25 20:38:45,780 [RatisPipelineUtilsThread - 0] INFO  pipeline.RatisPipelineProvider (RatisPipelineProvider.java:lambda$create$0(206)) - Sending CreatePipelineCommand for pipeline:PipelineID=0d2a5396-a8b9-44fd-89d0-445108c82ba3 to datanode:a7b978ac-5579-421c-88f8-8216da815ec4
2023-06-25 20:38:45,780 [RatisPipelineUtilsThread - 0] INFO  pipeline.RatisPipelineProvider (RatisPipelineProvider.java:lambda$create$0(206)) - Sending CreatePipelineCommand for pipeline:PipelineID=0d2a5396-a8b9-44fd-89d0-445108c82ba3 to datanode:93527257-01c8-41eb-ac3e-49482c20fdee
2023-06-25 20:38:45,780 [RatisPipelineUtilsThread - 0] INFO  pipeline.RatisPipelineProvider (RatisPipelineProvider.java:lambda$create$0(206)) - Sending CreatePipelineCommand for pipeline:PipelineID=0d2a5396-a8b9-44fd-89d0-445108c82ba3 to datanode:97b3bde5-dca1-47ee-b202-78dc9f7ada5a
2023-06-25 20:38:45,780 [RatisPipelineUtilsThread - 0] INFO  pipeline.PipelineManagerImpl (PipelineManagerImpl.java:createPipeline(238)) - Created pipeline Pipeline[ Id: 0d2a5396-a8b9-44fd-89d0-445108c82ba3, Nodes: a7b978ac-5579-421c-88f8-8216da815ec4(fv-az808-130.wa3tte2ragoufbcbawjciesdkc.bx.internal.cloudapp.net/10.1.0.20)93527257-01c8-41eb-ac3e-49482c20fdee(fv-az808-130.wa3tte2ragoufbcbawjciesdkc.bx.internal.cloudapp.net/10.1.0.20)97b3bde5-dca1-47ee-b202-78dc9f7ada5a(fv-az808-130.wa3tte2ragoufbcbawjciesdkc.bx.internal.cloudapp.net/10.1.0.20), ReplicationConfig: RATIS/THREE, State:ALLOCATED, leaderId:, CreationTimestamp2023-06-25T20:38:45.780Z[Etc/UTC]].
2023-06-25 20:38:45,781 [RatisPipelineUtilsThread - 0] INFO  pipeline.RatisPipelineProvider (RatisPipelineProvider.java:lambda$create$0(206)) - Sending CreatePipelineCommand for pipeline:PipelineID=9fdf0474-fa02-4f63-9935-f95e09b247df to datanode:a7b978ac-5579-421c-88f8-8216da815ec4
2023-06-25 20:38:45,781 [RatisPipelineUtilsThread - 0] INFO  pipeline.RatisPipelineProvider (RatisPipelineProvider.java:lambda$create$0(206)) - Sending CreatePipelineCommand for pipeline:PipelineID=9fdf0474-fa02-4f63-9935-f95e09b247df to datanode:93527257-01c8-41eb-ac3e-49482c20fdee
2023-06-25 20:38:45,782 [RatisPipelineUtilsThread - 0] INFO  pipeline.RatisPipelineProvider (RatisPipelineProvider.java:lambda$create$0(206)) - Sending CreatePipelineCommand for pipeline:PipelineID=9fdf0474-fa02-4f63-9935-f95e09b247df to datanode:97b3bde5-dca1-47ee-b202-78dc9f7ada5a
2023-06-25 20:38:45,782 [RatisPipelineUtilsThread - 0] INFO  pipeline.PipelineManagerImpl (PipelineManagerImpl.java:createPipeline(238)) - Created pipeline Pipeline[ Id: 9fdf0474-fa02-4f63-9935-f95e09b247df, Nodes: a7b978ac-5579-421c-88f8-8216da815ec4(fv-az808-130.wa3tte2ragoufbcbawjciesdkc.bx.internal.cloudapp.net/10.1.0.20)93527257-01c8-41eb-ac3e-49482c20fdee(fv-az808-130.wa3tte2ragoufbcbawjciesdkc.bx.internal.cloudapp.net/10.1.0.20)97b3bde5-dca1-47ee-b202-78dc9f7ada5a(fv-az808-130.wa3tte2ragoufbcbawjciesdkc.bx.internal.cloudapp.net/10.1.0.20), ReplicationConfig: RATIS/THREE, State:ALLOCATED, leaderId:, CreationTimestamp2023-06-25T20:38:45.781Z[Etc/UTC]].
2023-06-25 20:38:45,782 [RatisPipelineUtilsThread - 0] INFO  pipeline.PipelineManagerImpl (PipelineManagerImpl.java:recordMetricsForPipeline(842)) - Pipeline: PipelineID=9fdf0474-fa02-4f63-9935-f95e09b247df contains same datanodes as previous pipelines: PipelineID=0d2a5396-a8b9-44fd-89d0-445108c82ba3 nodeIds: a7b978ac-5579-421c-88f8-8216da815ec4, 93527257-01c8-41eb-ac3e-49482c20fdee, 97b3bde5-dca1-47ee-b202-78dc9f7ada5a
2023-06-25 20:38:45,782 [RatisPipelineUtilsThread - 0] WARN  pipeline.PipelinePlacementPolicy (PipelinePlacementPolicy.java:filterViableNodes(166)) - Pipeline creation failed due to no sufficient healthy datanodes. Required 3. Found 0. Excluded 3.
2023-06-25 20:38:46,775 [main] INFO  ozone.MiniOzoneClusterImpl (MiniOzoneClusterImpl.java:lambda$waitForClusterToBeReady$0(224)) - Nodes are ready. Got 3 of 3 DN Heartbeats.
2023-06-25 20:38:46,776 [main] INFO  ozone.MiniOzoneClusterImpl (MiniOzoneClusterImpl.java:lambda$waitForClusterToBeReady$0(227)) - Waiting for cluster to exit safe mode
2023-06-25 20:38:46,776 [main] INFO  ozone.MiniOzoneClusterImpl (MiniOzoneClusterImpl.java:lambda$waitForClusterToBeReady$0(229)) - SCM became leader
2023-06-25 20:38:47,776 [main] INFO  ozone.MiniOzoneClusterImpl (MiniOzoneClusterImpl.java:lambda$waitForClusterToBeReady$0(224)) - Nodes are ready. Got 3 of 3 DN Heartbeats.
2023-06-25 20:38:47,776 [main] INFO  ozone.MiniOzoneClusterImpl (MiniOzoneClusterImpl.java:lambda$waitForClusterToBeReady$0(227)) - Waiting for cluster to exit safe mode
2023-06-25 20:38:47,777 [main] INFO  ozone.MiniOzoneClusterImpl (MiniOzoneClusterImpl.java:lambda$waitForClusterToBeReady$0(229)) - SCM became leader
2023-06-25 20:38:48,053 [PipelineCommandHandlerThread-0] INFO  server.RaftServer (RaftServerProxy.java:addNew(98)) - 93527257-01c8-41eb-ac3e-49482c20fdee: addNew group-D7D20A72DA63:[93527257-01c8-41eb-ac3e-49482c20fdee|rpc:10.1.0.20:15084|admin:10.1.0.20:15083|client:10.1.0.20:15082|dataStream:10.1.0.20:15085|priority:1|startupRole:FOLLOWER] returns group-D7D20A72DA63:java.util.concurrent.CompletableFuture@3147699a[Not completed]
2023-06-25 20:38:48,054 [93527257-01c8-41eb-ac3e-49482c20fdee-groupManagement] INFO  server.RaftServer$Division (RaftServerImpl.java:<init>(198)) - 93527257-01c8-41eb-ac3e-49482c20fdee: new RaftServerImpl for group-D7D20A72DA63:[93527257-01c8-41eb-ac3e-49482c20fdee|rpc:10.1.0.20:15084|admin:10.1.0.20:15083|client:10.1.0.20:15082|dataStream:10.1.0.20:15085|priority:1|startupRole:FOLLOWER] with ContainerStateMachine:uninitialized
2023-06-25 20:38:48,054 [93527257-01c8-41eb-ac3e-49482c20fdee-groupManagement] INFO  server.RaftServerConfigKeys (ConfUtils.java:logGet(46)) - raft.server.rpc.timeout.min = 5s (custom)
2023-06-25 20:38:48,054 [93527257-01c8-41eb-ac3e-49482c20fdee-groupManagement] INFO  server.RaftServerConfigKeys (ConfUtils.java:logGet(46)) - raft.server.rpc.timeout.max = 5200ms (custom)
2023-06-25 20:38:48,054 [93527257-01c8-41eb-ac3e-49482c20fdee-groupManagement] INFO  server.RaftServerConfigKeys (ConfUtils.java:logGet(46)) - raft.server.rpc.sleep.time = 25ms (default)
2023-06-25 20:38:48,054 [93527257-01c8-41eb-ac3e-49482c20fdee-groupManagement] INFO  server.RaftServerConfigKeys (ConfUtils.java:logGet(46)) - raft.server.rpc.slowness.timeout = 300s (custom)
2023-06-25 20:38:48,054 [93527257-01c8-41eb-ac3e-49482c20fdee-groupManagement] INFO  server.RaftServerConfigKeys (ConfUtils.java:logGet(46)) - raft.server.leaderelection.leader.step-down.wait-time = 10s (default)
2023-06-25 20:38:48,054 [93527257-01c8-41eb-ac3e-49482c20fdee-groupManagement] INFO  server.RaftServerConfigKeys (ConfUtils.java:logGet(46)) - raft.server.sleep.deviation.threshold = 300ms (default)
2023-06-25 20:38:48,055 [93527257-01c8-41eb-ac3e-49482c20fdee-groupManagement] INFO  server.RaftServer$Division (ServerState.java:<init>(120)) - 93527257-01c8-41eb-ac3e-49482c20fdee@group-D7D20A72DA63: ConfigurationManager, init=-1: peers:[93527257-01c8-41eb-ac3e-49482c20fdee|rpc:10.1.0.20:15084|admin:10.1.0.20:15083|client:10.1.0.20:15082|dataStream:10.1.0.20:15085|priority:1|startupRole:FOLLOWER]|listeners:[], old=null, confs=<EMPTY_MAP>
2023-06-25 20:38:48,055 [93527257-01c8-41eb-ac3e-49482c20fdee-groupManagement] INFO  server.RaftServerConfigKeys (ConfUtils.java:logGet(46)) - raft.server.storage.dir = [/home/runner/work/ozone/ozone/hadoop-ozone/integration-test/target/test-dir/MiniOzoneClusterImpl-3e5e392c-9910-47c9-9966-58048db8f0c6/datanode-0/data/ratis] (custom)
2023-06-25 20:38:48,055 [93527257-01c8-41eb-ac3e-49482c20fdee-groupManagement] INFO  server.RaftServerConfigKeys (ConfUtils.java:logGet(46)) - raft.server.log.corruption.policy = EXCEPTION (default)
2023-06-25 20:38:48,055 [93527257-01c8-41eb-ac3e-49482c20fdee-groupManagement] INFO  server.RaftServerConfigKeys (ConfUtils.java:logGet(46)) - raft.server.storage.free-space.min = 0MB (=0) (default)
2023-06-25 20:38:48,055 [93527257-01c8-41eb-ac3e-49482c20fdee-groupManagement] INFO  server.RaftServerConfigKeys (ConfUtils.java:logGet(46)) - raft.server.notification.no-leader.timeout = 300s (custom)
2023-06-25 20:38:48,055 [93527257-01c8-41eb-ac3e-49482c20fdee-groupManagement] INFO  server.RaftServerConfigKeys (ConfUtils.java:logGet(46)) - raft.server.read.timeout = 10s (default)
2023-06-25 20:38:48,055 [93527257-01c8-41eb-ac3e-49482c20fdee-groupManagement] INFO  server.RaftServerConfigKeys (ConfUtils.java:logGet(46)) - raft.server.retrycache.expirytime = 600000ms (custom)
2023-06-25 20:38:48,055 [93527257-01c8-41eb-ac3e-49482c20fdee-groupManagement] INFO  server.RaftServerConfigKeys (ConfUtils.java:logGet(46)) - raft.server.retrycache.statistics.expirytime = 100μs (default)
2023-06-25 20:38:48,056 [93527257-01c8-41eb-ac3e-49482c20fdee-groupManagement] INFO  server.RaftServerConfigKeys (ConfUtils.java:logGet(46)) - raft.server.read.option = DEFAULT (default)
2023-06-25 20:38:48,057 [93527257-01c8-41eb-ac3e-49482c20fdee-groupManagement] INFO  server.RaftServerConfigKeys (ConfUtils.java:logGet(46)) - raft.server.rpc.request.timeout = 60s (custom)
2023-06-25 20:38:48,057 [93527257-01c8-41eb-ac3e-49482c20fdee-groupManagement] INFO  server.RaftServerConfigKeys (ConfUtils.java:logGet(46)) - raft.server.log.appender.install.snapshot.enabled = false (custom)
2023-06-25 20:38:48,057 [93527257-01c8-41eb-ac3e-49482c20fdee-groupManagement] INFO  server.RaftServerConfigKeys (ConfUtils.java:logGet(46)) - raft.server.threadpool.server.cached = true (default)
2023-06-25 20:38:48,057 [93527257-01c8-41eb-ac3e-49482c20fdee-groupManagement] INFO  server.RaftServerConfigKeys (ConfUtils.java:logGet(46)) - raft.server.threadpool.server.size = 0 (default)
2023-06-25 20:38:48,057 [93527257-01c8-41eb-ac3e-49482c20fdee-groupManagement] INFO  server.RaftServerConfigKeys (ConfUtils.java:logGet(46)) - raft.server.threadpool.client.cached = true (default)
2023-06-25 20:38:48,058 [93527257-01c8-41eb-ac3e-49482c20fdee-groupManagement] INFO  server.RaftServerConfigKeys (ConfUtils.java:logGet(46)) - raft.server.threadpool.client.size = 0 (default)
2023-06-25 20:38:48,058 [93527257-01c8-41eb-ac3e-49482c20fdee-groupManagement] INFO  storage.RaftStorageDirectory (RaftStorageDirectoryImpl.java:analyzeStorage(137)) - The storage directory /home/runner/work/ozone/ozone/hadoop-ozone/integration-test/target/test-dir/MiniOzoneClusterImpl-3e5e392c-9910-47c9-9966-58048db8f0c6/datanode-0/data/ratis/7dd95f63-b88b-4bdf-aae0-d7d20a72da63 does not exist. Creating ...
2023-06-25 20:38:48,059 [93527257-01c8-41eb-ac3e-49482c20fdee-groupManagement] INFO  storage.RaftStorageDirectory (RaftStorageDirectoryImpl.java:tryLock(231)) - Lock on /home/runner/work/ozone/ozone/hadoop-ozone/integration-test/target/test-dir/MiniOzoneClusterImpl-3e5e392c-9910-47c9-9966-58048db8f0c6/datanode-0/data/ratis/7dd95f63-b88b-4bdf-aae0-d7d20a72da63/in_use.lock acquired by nodename 7655@fv-az808-130
2023-06-25 20:38:48,061 [93527257-01c8-41eb-ac3e-49482c20fdee-groupManagement] INFO  storage.RaftStorage (RaftStorageImpl.java:format(96)) - Storage directory /home/runner/work/ozone/ozone/hadoop-ozone/integration-test/target/test-dir/MiniOzoneClusterImpl-3e5e392c-9910-47c9-9966-58048db8f0c6/datanode-0/data/ratis/7dd95f63-b88b-4bdf-aae0-d7d20a72da63 has been successfully formatted.
2023-06-25 20:38:48,062 [93527257-01c8-41eb-ac3e-49482c20fdee-groupManagement] INFO  ratis.ContainerStateMachine (ContainerStateMachine.java:loadSnapshot(262)) - group-D7D20A72DA63: The snapshot info is null. Setting the last applied indexto:(t:0, i:~)
2023-06-25 20:38:48,063 [93527257-01c8-41eb-ac3e-49482c20fdee-groupManagement] INFO  server.RaftServerConfigKeys (ConfUtils.java:logGet(46)) - raft.server.log.use.memory = false (default)
2023-06-25 20:38:48,063 [93527257-01c8-41eb-ac3e-49482c20fdee-groupManagement] INFO  server.RaftServerConfigKeys (ConfUtils.java:logGet(46)) - raft.server.log.purge.gap = 1000000 (custom)
2023-06-25 20:38:48,063 [93527257-01c8-41eb-ac3e-49482c20fdee-groupManagement] INFO  server.RaftServerConfigKeys (ConfUtils.java:logGet(46)) - raft.server.log.appender.buffer.byte-limit = 33554432 (custom)
2023-06-25 20:38:48,063 [93527257-01c8-41eb-ac3e-49482c20fdee-groupManagement] INFO  server.RaftServerConfigKeys (ConfUtils.java:logGet(46)) - raft.server.log.statemachine.data.read.timeout = 1000ms (default)
2023-06-25 20:38:48,065 [EventQueue-PipelineReportForPipelineReportHandler] INFO  pipeline.PipelineManagerImpl (PipelineManagerImpl.java:openPipeline(381)) - Pipeline Pipeline[ Id: 7dd95f63-b88b-4bdf-aae0-d7d20a72da63, Nodes: 93527257-01c8-41eb-ac3e-49482c20fdee(fv-az808-130.wa3tte2ragoufbcbawjciesdkc.bx.internal.cloudapp.net/10.1.0.20), ReplicationConfig: RATIS/ONE, State:ALLOCATED, leaderId:93527257-01c8-41eb-ac3e-49482c20fdee, CreationTimestamp2023-06-25T20:38:45.058Z[Etc/UTC]] moved to OPEN state
2023-06-25 20:38:48,066 [93527257-01c8-41eb-ac3e-49482c20fdee-groupManagement] INFO  server.RaftServerConfigKeys (ConfUtils.java:logGet(46)) - raft.server.log.purge.preservation.log.num = 0 (default)
2023-06-25 20:38:48,067 [93527257-01c8-41eb-ac3e-49482c20fdee-groupManagement] INFO  server.RaftServerConfigKeys (ConfUtils.java:logGet(46)) - raft.server.log.segment.size.max = 1048576 (custom)
2023-06-25 20:38:48,067 [93527257-01c8-41eb-ac3e-49482c20fdee-groupManagement] INFO  server.RaftServerConfigKeys (ConfUtils.java:logGet(46)) - raft.server.log.segment.cache.num.max = 2 (custom)
2023-06-25 20:38:48,067 [93527257-01c8-41eb-ac3e-49482c20fdee-groupManagement] INFO  server.RaftServerConfigKeys (ConfUtils.java:logGet(46)) - raft.server.log.segment.cache.size.max = 200MB (=209715200) (default)
2023-06-25 20:38:48,067 [93527257-01c8-41eb-ac3e-49482c20fdee-groupManagement] INFO  server.RaftServerConfigKeys (ConfUtils.java:logGet(46)) - raft.server.log.appender.buffer.byte-limit = 33554432 (custom)
2023-06-25 20:38:48,068 [93527257-01c8-41eb-ac3e-49482c20fdee-groupManagement] INFO  segmented.SegmentedRaftLogWorker (SegmentedRaftLogWorker.java:<init>(188)) - new 93527257-01c8-41eb-ac3e-49482c20fdee@group-D7D20A72DA63-SegmentedRaftLogWorker for RaftStorageImpl:Storage Directory /home/runner/work/ozone/ozone/hadoop-ozone/integration-test/target/test-dir/MiniOzoneClusterImpl-3e5e392c-9910-47c9-9966-58048db8f0c6/datanode-0/data/ratis/7dd95f63-b88b-4bdf-aae0-d7d20a72da63
2023-06-25 20:38:48,068 [93527257-01c8-41eb-ac3e-49482c20fdee-groupManagement] INFO  server.RaftServerConfigKeys (ConfUtils.java:logGet(46)) - raft.server.log.queue.byte-limit = 4294967296 (custom)
2023-06-25 20:38:48,068 [93527257-01c8-41eb-ac3e-49482c20fdee-groupManagement] INFO  server.RaftServerConfigKeys (ConfUtils.java:logGet(46)) - raft.server.log.queue.element-limit = 1024 (custom)
2023-06-25 20:38:48,068 [93527257-01c8-41eb-ac3e-49482c20fdee-groupManagement] INFO  server.RaftServerConfigKeys (ConfUtils.java:logGet(46)) - raft.server.log.segment.size.max = 1048576 (custom)
2023-06-25 20:38:48,068 [93527257-01c8-41eb-ac3e-49482c20fdee-groupManagement] INFO  server.RaftServerConfigKeys (ConfUtils.java:logGet(46)) - raft.server.log.preallocated.size = 16384 (custom)
2023-06-25 20:38:48,068 [93527257-01c8-41eb-ac3e-49482c20fdee-groupManagement] INFO  server.RaftServerConfigKeys (ConfUtils.java:logGet(46)) - raft.server.log.force.sync.num = 128 (default)
2023-06-25 20:38:48,068 [93527257-01c8-41eb-ac3e-49482c20fdee-groupManagement] INFO  server.RaftServerConfigKeys (ConfUtils.java:logGet(46)) - raft.server.log.statemachine.data.sync = true (default)
2023-06-25 20:38:48,068 [93527257-01c8-41eb-ac3e-49482c20fdee-groupManagement] INFO  server.RaftServerConfigKeys (ConfUtils.java:logGet(46)) - raft.server.log.statemachine.data.sync.timeout = 10s (default)
2023-06-25 20:38:48,068 [93527257-01c8-41eb-ac3e-49482c20fdee-groupManagement] INFO  server.RaftServerConfigKeys (ConfUtils.java:logGet(46)) - raft.server.log.statemachine.data.sync.timeout.retry = -1 (default)
2023-06-25 20:38:48,069 [EventQueue-OpenPipelineForHealthyPipelineSafeModeRule] INFO  safemode.SCMSafeModeManager (HealthyPipelineSafeModeRule.java:process(137)) - SCM in safe mode. Healthy pipelines reported count is 0, required healthy pipeline reported count is 1
2023-06-25 20:38:48,069 [93527257-01c8-41eb-ac3e-49482c20fdee-groupManagement] INFO  server.RaftServerConfigKeys (ConfUtils.java:logGet(46)) - raft.server.log.write.buffer.size = 1048576 (custom)
2023-06-25 20:38:48,069 [93527257-01c8-41eb-ac3e-49482c20fdee-groupManagement] INFO  server.RaftServerConfigKeys (ConfUtils.java:logGet(46)) - raft.server.log.appender.buffer.byte-limit = 33554432 (custom)
2023-06-25 20:38:48,076 [93527257-01c8-41eb-ac3e-49482c20fdee-groupManagement] INFO  server.RaftServerConfigKeys (ConfUtils.java:logGet(46)) - raft.server.log.unsafe-flush.enabled = false (default)
2023-06-25 20:38:48,076 [93527257-01c8-41eb-ac3e-49482c20fdee-groupManagement] INFO  server.RaftServerConfigKeys (ConfUtils.java:logGet(46)) - raft.server.log.async-flush.enabled = false (default)
2023-06-25 20:38:48,076 [93527257-01c8-41eb-ac3e-49482c20fdee-groupManagement] INFO  server.RaftServerConfigKeys (ConfUtils.java:logGet(46)) - raft.server.log.statemachine.data.caching.enabled = true (custom)
2023-06-25 20:38:48,076 [93527257-01c8-41eb-ac3e-49482c20fdee-groupManagement] INFO  segmented.SegmentedRaftLogWorker (SegmentedRaftLogWorker.java:lambda$new$0(135)) - 93527257-01c8-41eb-ac3e-49482c20fdee@group-D7D20A72DA63-SegmentedRaftLogWorker: flushIndex: setUnconditionally 0 -> -1
2023-06-25 20:38:48,076 [93527257-01c8-41eb-ac3e-49482c20fdee-groupManagement] INFO  segmented.SegmentedRaftLogWorker (SegmentedRaftLogWorker.java:lambda$new$0(135)) - 93527257-01c8-41eb-ac3e-49482c20fdee@group-D7D20A72DA63-SegmentedRaftLogWorker: safeCacheEvictIndex: setUnconditionally 0 -> -1
2023-06-25 20:38:48,077 [93527257-01c8-41eb-ac3e-49482c20fdee-groupManagement] INFO  server.RaftServer$Division (RaftServerImpl.java:start(342)) - 93527257-01c8-41eb-ac3e-49482c20fdee@group-D7D20A72DA63: start as a follower, conf=-1: peers:[93527257-01c8-41eb-ac3e-49482c20fdee|rpc:10.1.0.20:15084|admin:10.1.0.20:15083|client:10.1.0.20:15082|dataStream:10.1.0.20:15085|priority:1|startupRole:FOLLOWER]|listeners:[], old=null
2023-06-25 20:38:48,077 [93527257-01c8-41eb-ac3e-49482c20fdee-groupManagement] INFO  server.RaftServer$Division (RaftServerImpl.java:setRole(329)) - 93527257-01c8-41eb-ac3e-49482c20fdee@group-D7D20A72DA63: changes role from      null to FOLLOWER at term 0 for startAsFollower
2023-06-25 20:38:48,077 [93527257-01c8-41eb-ac3e-49482c20fdee-groupManagement] INFO  impl.RoleInfo (RoleInfo.java:updateAndGet(139)) - 93527257-01c8-41eb-ac3e-49482c20fdee: start 93527257-01c8-41eb-ac3e-49482c20fdee@group-D7D20A72DA63-FollowerState
2023-06-25 20:38:48,077 [93527257-01c8-41eb-ac3e-49482c20fdee-groupManagement] INFO  util.JmxRegister (JmxRegister.java:tryRegister(44)) - Successfully registered JMX Bean with object name Ratis:service=RaftServer,group=group-D7D20A72DA63,id=93527257-01c8-41eb-ac3e-49482c20fdee
2023-06-25 20:38:48,077 [93527257-01c8-41eb-ac3e-49482c20fdee@group-D7D20A72DA63-FollowerState] INFO  server.RaftServerConfigKeys (ConfUtils.java:logFallback(53)) - raft.server.rpc.first-election.timeout.min = 5s (fallback to raft.server.rpc.timeout.min)
2023-06-25 20:38:48,077 [93527257-01c8-41eb-ac3e-49482c20fdee-groupManagement] INFO  server.RaftServerConfigKeys (ConfUtils.java:logGet(46)) - raft.server.snapshot.auto.trigger.enabled = true (custom)
2023-06-25 20:38:48,077 [93527257-01c8-41eb-ac3e-49482c20fdee@group-D7D20A72DA63-FollowerState] INFO  server.RaftServerConfigKeys (ConfUtils.java:logFallback(53)) - raft.server.rpc.first-election.timeout.max = 5200ms (fallback to raft.server.rpc.timeout.max)
2023-06-25 20:38:48,077 [93527257-01c8-41eb-ac3e-49482c20fdee-groupManagement] INFO  server.RaftServerConfigKeys (ConfUtils.java:logGet(46)) - raft.server.snapshot.auto.trigger.threshold = 10000 (custom)
2023-06-25 20:38:48,077 [93527257-01c8-41eb-ac3e-49482c20fdee-groupManagement] INFO  server.RaftServerConfigKeys (ConfUtils.java:logGet(46)) - raft.server.snapshot.retention.file.num = 5 (custom)
2023-06-25 20:38:48,078 [93527257-01c8-41eb-ac3e-49482c20fdee-groupManagement] INFO  server.RaftServerConfigKeys (ConfUtils.java:logGet(46)) - raft.server.log.purge.upto.snapshot.index = false (default)
2023-06-25 20:38:48,085 [PipelineCommandHandlerThread-0] INFO  ratis.XceiverServerRatis (XceiverServerRatis.java:addGroup(804)) - Created group PipelineID=7dd95f63-b88b-4bdf-aae0-d7d20a72da63
2023-06-25 20:38:48,086 [PipelineCommandHandlerThread-0] INFO  commandhandler.CreatePipelineCommandHandler (CreatePipelineCommandHandler.java:lambda$handle$2(124)) - Created Pipeline RATIS ONE PipelineID=7dd95f63-b88b-4bdf-aae0-d7d20a72da63.
2023-06-25 20:38:48,086 [PipelineCommandHandlerThread-0] INFO  server.RaftServer (RaftServerProxy.java:addNew(98)) - 93527257-01c8-41eb-ac3e-49482c20fdee: addNew group-445108C82BA3:[a7b978ac-5579-421c-88f8-8216da815ec4|rpc:10.1.0.20:15093|admin:10.1.0.20:15092|client:10.1.0.20:15091|dataStream:10.1.0.20:15094|priority:0|startupRole:FOLLOWER, 93527257-01c8-41eb-ac3e-49482c20fdee|rpc:10.1.0.20:15084|admin:10.1.0.20:15083|client:10.1.0.20:15082|dataStream:10.1.0.20:15085|priority:0|startupRole:FOLLOWER, 97b3bde5-dca1-47ee-b202-78dc9f7ada5a|rpc:10.1.0.20:15102|admin:10.1.0.20:15101|client:10.1.0.20:15100|dataStream:10.1.0.20:15103|priority:1|startupRole:FOLLOWER] returns group-445108C82BA3:java.util.concurrent.CompletableFuture@3578eb6a[Not completed]
2023-06-25 20:38:48,087 [93527257-01c8-41eb-ac3e-49482c20fdee-groupManagement] INFO  server.RaftServer$Division (RaftServerImpl.java:<init>(198)) - 93527257-01c8-41eb-ac3e-49482c20fdee: new RaftServerImpl for group-445108C82BA3:[a7b978ac-5579-421c-88f8-8216da815ec4|rpc:10.1.0.20:15093|admin:10.1.0.20:15092|client:10.1.0.20:15091|dataStream:10.1.0.20:15094|priority:0|startupRole:FOLLOWER, 93527257-01c8-41eb-ac3e-49482c20fdee|rpc:10.1.0.20:15084|admin:10.1.0.20:15083|client:10.1.0.20:15082|dataStream:10.1.0.20:15085|priority:0|startupRole:FOLLOWER, 97b3bde5-dca1-47ee-b202-78dc9f7ada5a|rpc:10.1.0.20:15102|admin:10.1.0.20:15101|client:10.1.0.20:15100|dataStream:10.1.0.20:15103|priority:1|startupRole:FOLLOWER] with ContainerStateMachine:uninitialized
2023-06-25 20:38:48,087 [93527257-01c8-41eb-ac3e-49482c20fdee-groupManagement] INFO  server.RaftServerConfigKeys (ConfUtils.java:logGet(46)) - raft.server.rpc.timeout.min = 5s (custom)
2023-06-25 20:38:48,087 [93527257-01c8-41eb-ac3e-49482c20fdee-groupManagement] INFO  server.RaftServerConfigKeys (ConfUtils.java:logGet(46)) - raft.server.rpc.timeout.max = 5200ms (custom)
2023-06-25 20:38:48,087 [93527257-01c8-41eb-ac3e-49482c20fdee-groupManagement] INFO  server.RaftServerConfigKeys (ConfUtils.java:logGet(46)) - raft.server.rpc.sleep.time = 25ms (default)
2023-06-25 20:38:48,087 [93527257-01c8-41eb-ac3e-49482c20fdee-groupManagement] INFO  server.RaftServerConfigKeys (ConfUtils.java:logGet(46)) - raft.server.rpc.slowness.timeout = 300s (custom)
2023-06-25 20:38:48,087 [93527257-01c8-41eb-ac3e-49482c20fdee-groupManagement] INFO  server.RaftServerConfigKeys (ConfUtils.java:logGet(46)) - raft.server.leaderelection.leader.step-down.wait-time = 10s (default)
2023-06-25 20:38:48,087 [93527257-01c8-41eb-ac3e-49482c20fdee-groupManagement] INFO  server.RaftServerConfigKeys (ConfUtils.java:logGet(46)) - raft.server.sleep.deviation.threshold = 300ms (default)
2023-06-25 20:38:48,087 [93527257-01c8-41eb-ac3e-49482c20fdee-groupManagement] INFO  server.RaftServer$Division (ServerState.java:<init>(120)) - 93527257-01c8-41eb-ac3e-49482c20fdee@group-445108C82BA3: ConfigurationManager, init=-1: peers:[a7b978ac-5579-421c-88f8-8216da815ec4|rpc:10.1.0.20:15093|admin:10.1.0.20:15092|client:10.1.0.20:15091|dataStream:10.1.0.20:15094|priority:0|startupRole:FOLLOWER, 93527257-01c8-41eb-ac3e-49482c20fdee|rpc:10.1.0.20:15084|admin:10.1.0.20:15083|client:10.1.0.20:15082|dataStream:10.1.0.20:15085|priority:0|startupRole:FOLLOWER, 97b3bde5-dca1-47ee-b202-78dc9f7ada5a|rpc:10.1.0.20:15102|admin:10.1.0.20:15101|client:10.1.0.20:15100|dataStream:10.1.0.20:15103|priority:1|startupRole:FOLLOWER]|listeners:[], old=null, confs=<EMPTY_MAP>
2023-06-25 20:38:48,088 [93527257-01c8-41eb-ac3e-49482c20fdee-groupManagement] INFO  server.RaftServerConfigKeys (ConfUtils.java:logGet(46)) - raft.server.storage.dir = [/home/runner/work/ozone/ozone/hadoop-ozone/integration-test/target/test-dir/MiniOzoneClusterImpl-3e5e392c-9910-47c9-9966-58048db8f0c6/datanode-0/data/ratis] (custom)
2023-06-25 20:38:48,088 [93527257-01c8-41eb-ac3e-49482c20fdee-groupManagement] INFO  server.RaftServerConfigKeys (ConfUtils.java:logGet(46)) - raft.server.log.corruption.policy = EXCEPTION (default)
2023-06-25 20:38:48,088 [93527257-01c8-41eb-ac3e-49482c20fdee-groupManagement] INFO  server.RaftServerConfigKeys (ConfUtils.java:logGet(46)) - raft.server.storage.free-space.min = 0MB (=0) (default)
2023-06-25 20:38:48,088 [93527257-01c8-41eb-ac3e-49482c20fdee-groupManagement] INFO  server.RaftServerConfigKeys (ConfUtils.java:logGet(46)) - raft.server.notification.no-leader.timeout = 300s (custom)
2023-06-25 20:38:48,088 [93527257-01c8-41eb-ac3e-49482c20fdee-groupManagement] INFO  server.RaftServerConfigKeys (ConfUtils.java:logGet(46)) - raft.server.read.timeout = 10s (default)
2023-06-25 20:38:48,088 [93527257-01c8-41eb-ac3e-49482c20fdee-groupManagement] INFO  server.RaftServerConfigKeys (ConfUtils.java:logGet(46)) - raft.server.retrycache.expirytime = 600000ms (custom)
2023-06-25 20:38:48,088 [93527257-01c8-41eb-ac3e-49482c20fdee-groupManagement] INFO  server.RaftServerConfigKeys (ConfUtils.java:logGet(46)) - raft.server.retrycache.statistics.expirytime = 100μs (default)
2023-06-25 20:38:48,088 [93527257-01c8-41eb-ac3e-49482c20fdee-groupManagement] INFO  server.RaftServerConfigKeys (ConfUtils.java:logGet(46)) - raft.server.read.option = DEFAULT (default)
2023-06-25 20:38:48,091 [93527257-01c8-41eb-ac3e-49482c20fdee-groupManagement] INFO  server.RaftServerConfigKeys (ConfUtils.java:logGet(46)) - raft.server.rpc.request.timeout = 60s (custom)
2023-06-25 20:38:48,091 [93527257-01c8-41eb-ac3e-49482c20fdee-groupManagement] INFO  server.RaftServerConfigKeys (ConfUtils.java:logGet(46)) - raft.server.log.appender.install.snapshot.enabled = false (custom)
2023-06-25 20:38:48,091 [93527257-01c8-41eb-ac3e-49482c20fdee-groupManagement] INFO  server.RaftServerConfigKeys (ConfUtils.java:logGet(46)) - raft.server.threadpool.server.cached = true (default)
2023-06-25 20:38:48,091 [93527257-01c8-41eb-ac3e-49482c20fdee-groupManagement] INFO  server.RaftServerConfigKeys (ConfUtils.java:logGet(46)) - raft.server.threadpool.server.size = 0 (default)
2023-06-25 20:38:48,091 [93527257-01c8-41eb-ac3e-49482c20fdee-groupManagement] INFO  server.RaftServerConfigKeys (ConfUtils.java:logGet(46)) - raft.server.threadpool.client.cached = true (default)
2023-06-25 20:38:48,091 [93527257-01c8-41eb-ac3e-49482c20fdee-groupManagement] INFO  server.RaftServerConfigKeys (ConfUtils.java:logGet(46)) - raft.server.threadpool.client.size = 0 (default)
2023-06-25 20:38:48,091 [93527257-01c8-41eb-ac3e-49482c20fdee-groupManagement] INFO  storage.RaftStorageDirectory (RaftStorageDirectoryImpl.java:analyzeStorage(137)) - The storage directory /home/runner/work/ozone/ozone/hadoop-ozone/integration-test/target/test-dir/MiniOzoneClusterImpl-3e5e392c-9910-47c9-9966-58048db8f0c6/datanode-0/data/ratis/0d2a5396-a8b9-44fd-89d0-445108c82ba3 does not exist. Creating ...
2023-06-25 20:38:48,093 [93527257-01c8-41eb-ac3e-49482c20fdee-groupManagement] INFO  storage.RaftStorageDirectory (RaftStorageDirectoryImpl.java:tryLock(231)) - Lock on /home/runner/work/ozone/ozone/hadoop-ozone/integration-test/target/test-dir/MiniOzoneClusterImpl-3e5e392c-9910-47c9-9966-58048db8f0c6/datanode-0/data/ratis/0d2a5396-a8b9-44fd-89d0-445108c82ba3/in_use.lock acquired by nodename 7655@fv-az808-130
2023-06-25 20:38:48,094 [93527257-01c8-41eb-ac3e-49482c20fdee-groupManagement] INFO  storage.RaftStorage (RaftStorageImpl.java:format(96)) - Storage directory /home/runner/work/ozone/ozone/hadoop-ozone/integration-test/target/test-dir/MiniOzoneClusterImpl-3e5e392c-9910-47c9-9966-58048db8f0c6/datanode-0/data/ratis/0d2a5396-a8b9-44fd-89d0-445108c82ba3 has been successfully formatted.
2023-06-25 20:38:48,094 [93527257-01c8-41eb-ac3e-49482c20fdee-groupManagement] INFO  ratis.ContainerStateMachine (ContainerStateMachine.java:loadSnapshot(262)) - group-445108C82BA3: The snapshot info is null. Setting the last applied indexto:(t:0, i:~)
2023-06-25 20:38:48,094 [93527257-01c8-41eb-ac3e-49482c20fdee-groupManagement] INFO  server.RaftServerConfigKeys (ConfUtils.java:logGet(46)) - raft.server.log.use.memory = false (default)
2023-06-25 20:38:48,095 [93527257-01c8-41eb-ac3e-49482c20fdee-groupManagement] INFO  server.RaftServerConfigKeys (ConfUtils.java:logGet(46)) - raft.server.log.purge.gap = 1000000 (custom)
2023-06-25 20:38:48,096 [93527257-01c8-41eb-ac3e-49482c20fdee-groupManagement] INFO  server.RaftServerConfigKeys (ConfUtils.java:logGet(46)) - raft.server.log.appender.buffer.byte-limit = 33554432 (custom)
2023-06-25 20:38:48,096 [EventQueue-OpenPipelineForHealthyPipelineSafeModeRule] INFO  safemode.SCMSafeModeManager (HealthyPipelineSafeModeRule.java:process(137)) - SCM in safe mode. Healthy pipelines reported count is 0, required healthy pipeline reported count is 1
2023-06-25 20:38:48,096 [93527257-01c8-41eb-ac3e-49482c20fdee-groupManagement] INFO  server.RaftServerConfigKeys (ConfUtils.java:logGet(46)) - raft.server.log.statemachine.data.read.timeout = 1000ms (default)
2023-06-25 20:38:48,096 [93527257-01c8-41eb-ac3e-49482c20fdee-groupManagement] INFO  server.RaftServerConfigKeys (ConfUtils.java:logGet(46)) - raft.server.log.purge.preservation.log.num = 0 (default)
2023-06-25 20:38:48,096 [93527257-01c8-41eb-ac3e-49482c20fdee-groupManagement] INFO  server.RaftServerConfigKeys (ConfUtils.java:logGet(46)) - raft.server.log.segment.size.max = 1048576 (custom)
2023-06-25 20:38:48,097 [93527257-01c8-41eb-ac3e-49482c20fdee-groupManagement] INFO  server.RaftServerConfigKeys (ConfUtils.java:logGet(46)) - raft.server.log.segment.cache.num.max = 2 (custom)
2023-06-25 20:38:48,097 [93527257-01c8-41eb-ac3e-49482c20fdee-groupManagement] INFO  server.RaftServerConfigKeys (ConfUtils.java:logGet(46)) - raft.server.log.segment.cache.size.max = 200MB (=209715200) (default)
2023-06-25 20:38:48,097 [93527257-01c8-41eb-ac3e-49482c20fdee-groupManagement] INFO  server.RaftServerConfigKeys (ConfUtils.java:logGet(46)) - raft.server.log.appender.buffer.byte-limit = 33554432 (custom)
2023-06-25 20:38:48,099 [93527257-01c8-41eb-ac3e-49482c20fdee-groupManagement] INFO  segmented.SegmentedRaftLogWorker (SegmentedRaftLogWorker.java:<init>(188)) - new 93527257-01c8-41eb-ac3e-49482c20fdee@group-445108C82BA3-SegmentedRaftLogWorker for RaftStorageImpl:Storage Directory /home/runner/work/ozone/ozone/hadoop-ozone/integration-test/target/test-dir/MiniOzoneClusterImpl-3e5e392c-9910-47c9-9966-58048db8f0c6/datanode-0/data/ratis/0d2a5396-a8b9-44fd-89d0-445108c82ba3
2023-06-25 20:38:48,099 [93527257-01c8-41eb-ac3e-49482c20fdee-groupManagement] INFO  server.RaftServerConfigKeys (ConfUtils.java:logGet(46)) - raft.server.log.queue.byte-limit = 4294967296 (custom)
2023-06-25 20:38:48,099 [93527257-01c8-41eb-ac3e-49482c20fdee-groupManagement] INFO  server.RaftServerConfigKeys (ConfUtils.java:logGet(46)) - raft.server.log.queue.element-limit = 1024 (custom)
2023-06-25 20:38:48,099 [93527257-01c8-41eb-ac3e-49482c20fdee-groupManagement] INFO  server.RaftServerConfigKeys (ConfUtils.java:logGet(46)) - raft.server.log.segment.size.max = 1048576 (custom)
2023-06-25 20:38:48,099 [93527257-01c8-41eb-ac3e-49482c20fdee-groupManagement] INFO  server.RaftServerConfigKeys (ConfUtils.java:logGet(46)) - raft.server.log.preallocated.size = 16384 (custom)
2023-06-25 20:38:48,099 [93527257-01c8-41eb-ac3e-49482c20fdee-groupManagement] INFO  server.RaftServerConfigKeys (ConfUtils.java:logGet(46)) - raft.server.log.force.sync.num = 128 (default)
2023-06-25 20:38:48,099 [93527257-01c8-41eb-ac3e-49482c20fdee-groupManagement] INFO  server.RaftServerConfigKeys (ConfUtils.java:logGet(46)) - raft.server.log.statemachine.data.sync = true (default)
2023-06-25 20:38:48,099 [93527257-01c8-41eb-ac3e-49482c20fdee-groupManagement] INFO  server.RaftServerConfigKeys (ConfUtils.java:logGet(46)) - raft.server.log.statemachine.data.sync.timeout = 10s (default)
2023-06-25 20:38:48,099 [93527257-01c8-41eb-ac3e-49482c20fdee-groupManagement] INFO  server.RaftServerConfigKeys (ConfUtils.java:logGet(46)) - raft.server.log.statemachine.data.sync.timeout.retry = -1 (default)
2023-06-25 20:38:48,100 [93527257-01c8-41eb-ac3e-49482c20fdee-groupManagement] INFO  server.RaftServerConfigKeys (ConfUtils.java:logGet(46)) - raft.server.log.write.buffer.size = 1048576 (custom)
2023-06-25 20:38:48,100 [93527257-01c8-41eb-ac3e-49482c20fdee-groupManagement] INFO  server.RaftServerConfigKeys (ConfUtils.java:logGet(46)) - raft.server.log.appender.buffer.byte-limit = 33554432 (custom)
2023-06-25 20:38:48,106 [93527257-01c8-41eb-ac3e-49482c20fdee-groupManagement] INFO  server.RaftServerConfigKeys (ConfUtils.java:logGet(46)) - raft.server.log.unsafe-flush.enabled = false (default)
2023-06-25 20:38:48,106 [93527257-01c8-41eb-ac3e-49482c20fdee-groupManagement] INFO  server.RaftServerConfigKeys (ConfUtils.java:logGet(46)) - raft.server.log.async-flush.enabled = false (default)
2023-06-25 20:38:48,106 [93527257-01c8-41eb-ac3e-49482c20fdee-groupManagement] INFO  server.RaftServerConfigKeys (ConfUtils.java:logGet(46)) - raft.server.log.statemachine.data.caching.enabled = true (custom)
2023-06-25 20:38:48,107 [93527257-01c8-41eb-ac3e-49482c20fdee-groupManagement] INFO  segmented.SegmentedRaftLogWorker (SegmentedRaftLogWorker.java:lambda$new$0(135)) - 93527257-01c8-41eb-ac3e-49482c20fdee@group-445108C82BA3-SegmentedRaftLogWorker: flushIndex: setUnconditionally 0 -> -1
2023-06-25 20:38:48,107 [93527257-01c8-41eb-ac3e-49482c20fdee-groupManagement] INFO  segmented.SegmentedRaftLogWorker (SegmentedRaftLogWorker.java:lambda$new$0(135)) - 93527257-01c8-41eb-ac3e-49482c20fdee@group-445108C82BA3-SegmentedRaftLogWorker: safeCacheEvictIndex: setUnconditionally 0 -> -1
2023-06-25 20:38:48,107 [93527257-01c8-41eb-ac3e-49482c20fdee-groupManagement] INFO  server.RaftServer$Division (RaftServerImpl.java:start(342)) - 93527257-01c8-41eb-ac3e-49482c20fdee@group-445108C82BA3: start as a follower, conf=-1: peers:[a7b978ac-5579-421c-88f8-8216da815ec4|rpc:10.1.0.20:15093|admin:10.1.0.20:15092|client:10.1.0.20:15091|dataStream:10.1.0.20:15094|priority:0|startupRole:FOLLOWER, 93527257-01c8-41eb-ac3e-49482c20fdee|rpc:10.1.0.20:15084|admin:10.1.0.20:15083|client:10.1.0.20:15082|dataStream:10.1.0.20:15085|priority:0|startupRole:FOLLOWER, 97b3bde5-dca1-47ee-b202-78dc9f7ada5a|rpc:10.1.0.20:15102|admin:10.1.0.20:15101|client:10.1.0.20:15100|dataStream:10.1.0.20:15103|priority:1|startupRole:FOLLOWER]|listeners:[], old=null
2023-06-25 20:38:48,107 [93527257-01c8-41eb-ac3e-49482c20fdee-groupManagement] INFO  server.RaftServer$Division (RaftServerImpl.java:setRole(329)) - 93527257-01c8-41eb-ac3e-49482c20fdee@group-445108C82BA3: changes role from      null to FOLLOWER at term 0 for startAsFollower
2023-06-25 20:38:48,107 [93527257-01c8-41eb-ac3e-49482c20fdee-groupManagement] INFO  impl.RoleInfo (RoleInfo.java:updateAndGet(139)) - 93527257-01c8-41eb-ac3e-49482c20fdee: start 93527257-01c8-41eb-ac3e-49482c20fdee@group-445108C82BA3-FollowerState
2023-06-25 20:38:48,109 [93527257-01c8-41eb-ac3e-49482c20fdee-groupManagement] INFO  util.JmxRegister (JmxRegister.java:tryRegister(44)) - Successfully registered JMX Bean with object name Ratis:service=RaftServer,group=group-445108C82BA3,id=93527257-01c8-41eb-ac3e-49482c20fdee
2023-06-25 20:38:48,109 [93527257-01c8-41eb-ac3e-49482c20fdee-groupManagement] INFO  server.RaftServerConfigKeys (ConfUtils.java:logGet(46)) - raft.server.snapshot.auto.trigger.enabled = true (custom)
2023-06-25 20:38:48,109 [93527257-01c8-41eb-ac3e-49482c20fdee-groupManagement] INFO  server.RaftServerConfigKeys (ConfUtils.java:logGet(46)) - raft.server.snapshot.auto.trigger.threshold = 10000 (custom)
2023-06-25 20:38:48,109 [93527257-01c8-41eb-ac3e-49482c20fdee-groupManagement] INFO  server.RaftServerConfigKeys (ConfUtils.java:logGet(46)) - raft.server.snapshot.retention.file.num = 5 (custom)
2023-06-25 20:38:48,109 [93527257-01c8-41eb-ac3e-49482c20fdee-groupManagement] INFO  server.RaftServerConfigKeys (ConfUtils.java:logGet(46)) - raft.server.log.purge.upto.snapshot.index = false (default)
2023-06-25 20:38:48,111 [93527257-01c8-41eb-ac3e-49482c20fdee@group-445108C82BA3-FollowerState] INFO  server.RaftServerConfigKeys (ConfUtils.java:logFallback(53)) - raft.server.rpc.first-election.timeout.min = 5s (fallback to raft.server.rpc.timeout.min)
2023-06-25 20:38:48,111 [93527257-01c8-41eb-ac3e-49482c20fdee@group-445108C82BA3-FollowerState] INFO  server.RaftServerConfigKeys (ConfUtils.java:logFallback(53)) - raft.server.rpc.first-election.timeout.max = 5200ms (fallback to raft.server.rpc.timeout.max)
2023-06-25 20:38:48,111 [PipelineCommandHandlerThread-0] INFO  ratis.XceiverServerRatis (XceiverServerRatis.java:addGroup(804)) - Created group PipelineID=0d2a5396-a8b9-44fd-89d0-445108c82ba3
2023-06-25 20:38:48,128 [grpc-default-executor-0] INFO  server.RaftServer (RaftServerProxy.java:addNew(98)) - a7b978ac-5579-421c-88f8-8216da815ec4: addNew group-445108C82BA3:[a7b978ac-5579-421c-88f8-8216da815ec4|rpc:10.1.0.20:15093|admin:10.1.0.20:15092|client:10.1.0.20:15091|dataStream:10.1.0.20:15094|priority:0|startupRole:FOLLOWER, 93527257-01c8-41eb-ac3e-49482c20fdee|rpc:10.1.0.20:15084|admin:10.1.0.20:15083|client:10.1.0.20:15082|dataStream:10.1.0.20:15085|priority:0|startupRole:FOLLOWER, 97b3bde5-dca1-47ee-b202-78dc9f7ada5a|rpc:10.1.0.20:15102|admin:10.1.0.20:15101|client:10.1.0.20:15100|dataStream:10.1.0.20:15103|priority:1|startupRole:FOLLOWER] returns group-445108C82BA3:java.util.concurrent.CompletableFuture@b9f9ac8[Not completed]
2023-06-25 20:38:48,129 [a7b978ac-5579-421c-88f8-8216da815ec4-groupManagement] INFO  server.RaftServer$Division (RaftServerImpl.java:<init>(198)) - a7b978ac-5579-421c-88f8-8216da815ec4: new RaftServerImpl for group-445108C82BA3:[a7b978ac-5579-421c-88f8-8216da815ec4|rpc:10.1.0.20:15093|admin:10.1.0.20:15092|client:10.1.0.20:15091|dataStream:10.1.0.20:15094|priority:0|startupRole:FOLLOWER, 93527257-01c8-41eb-ac3e-49482c20fdee|rpc:10.1.0.20:15084|admin:10.1.0.20:15083|client:10.1.0.20:15082|dataStream:10.1.0.20:15085|priority:0|startupRole:FOLLOWER, 97b3bde5-dca1-47ee-b202-78dc9f7ada5a|rpc:10.1.0.20:15102|admin:10.1.0.20:15101|client:10.1.0.20:15100|dataStream:10.1.0.20:15103|priority:1|startupRole:FOLLOWER] with ContainerStateMachine:uninitialized
2023-06-25 20:38:48,130 [a7b978ac-5579-421c-88f8-8216da815ec4-groupManagement] INFO  server.RaftServerConfigKeys (ConfUtils.java:logGet(46)) - raft.server.rpc.timeout.min = 5s (custom)
2023-06-25 20:38:48,130 [a7b978ac-5579-421c-88f8-8216da815ec4-groupManagement] INFO  server.RaftServerConfigKeys (ConfUtils.java:logGet(46)) - raft.server.rpc.timeout.max = 5200ms (custom)
2023-06-25 20:38:48,130 [a7b978ac-5579-421c-88f8-8216da815ec4-groupManagement] INFO  server.RaftServerConfigKeys (ConfUtils.java:logGet(46)) - raft.server.rpc.sleep.time = 25ms (default)
2023-06-25 20:38:48,130 [a7b978ac-5579-421c-88f8-8216da815ec4-groupManagement] INFO  server.RaftServerConfigKeys (ConfUtils.java:logGet(46)) - raft.server.rpc.slowness.timeout = 300s (custom)
2023-06-25 20:38:48,130 [a7b978ac-5579-421c-88f8-8216da815ec4-groupManagement] INFO  server.RaftServerConfigKeys (ConfUtils.java:logGet(46)) - raft.server.leaderelection.leader.step-down.wait-time = 10s (default)
2023-06-25 20:38:48,130 [a7b978ac-5579-421c-88f8-8216da815ec4-groupManagement] INFO  server.RaftServerConfigKeys (ConfUtils.java:logGet(46)) - raft.server.sleep.deviation.threshold = 300ms (default)
2023-06-25 20:38:48,130 [a7b978ac-5579-421c-88f8-8216da815ec4-groupManagement] INFO  server.RaftServer$Division (ServerState.java:<init>(120)) - a7b978ac-5579-421c-88f8-8216da815ec4@group-445108C82BA3: ConfigurationManager, init=-1: peers:[a7b978ac-5579-421c-88f8-8216da815ec4|rpc:10.1.0.20:15093|admin:10.1.0.20:15092|client:10.1.0.20:15091|dataStream:10.1.0.20:15094|priority:0|startupRole:FOLLOWER, 93527257-01c8-41eb-ac3e-49482c20fdee|rpc:10.1.0.20:15084|admin:10.1.0.20:15083|client:10.1.0.20:15082|dataStream:10.1.0.20:15085|priority:0|startupRole:FOLLOWER, 97b3bde5-dca1-47ee-b202-78dc9f7ada5a|rpc:10.1.0.20:15102|admin:10.1.0.20:15101|client:10.1.0.20:15100|dataStream:10.1.0.20:15103|priority:1|startupRole:FOLLOWER]|listeners:[], old=null, confs=<EMPTY_MAP>
2023-06-25 20:38:48,130 [a7b978ac-5579-421c-88f8-8216da815ec4-groupManagement] INFO  server.RaftServerConfigKeys (ConfUtils.java:logGet(46)) - raft.server.storage.dir = [/home/runner/work/ozone/ozone/hadoop-ozone/integration-test/target/test-dir/MiniOzoneClusterImpl-3e5e392c-9910-47c9-9966-58048db8f0c6/datanode-1/data/ratis] (custom)
2023-06-25 20:38:48,130 [a7b978ac-5579-421c-88f8-8216da815ec4-groupManagement] INFO  server.RaftServerConfigKeys (ConfUtils.java:logGet(46)) - raft.server.log.corruption.policy = EXCEPTION (default)
2023-06-25 20:38:48,130 [a7b978ac-5579-421c-88f8-8216da815ec4-groupManagement] INFO  server.RaftServerConfigKeys (ConfUtils.java:logGet(46)) - raft.server.storage.free-space.min = 0MB (=0) (default)
2023-06-25 20:38:48,130 [a7b978ac-5579-421c-88f8-8216da815ec4-groupManagement] INFO  server.RaftServerConfigKeys (ConfUtils.java:logGet(46)) - raft.server.notification.no-leader.timeout = 300s (custom)
2023-06-25 20:38:48,131 [a7b978ac-5579-421c-88f8-8216da815ec4-groupManagement] INFO  server.RaftServerConfigKeys (ConfUtils.java:logGet(46)) - raft.server.read.timeout = 10s (default)
2023-06-25 20:38:48,131 [a7b978ac-5579-421c-88f8-8216da815ec4-groupManagement] INFO  server.RaftServerConfigKeys (ConfUtils.java:logGet(46)) - raft.server.retrycache.expirytime = 600000ms (custom)
2023-06-25 20:38:48,131 [a7b978ac-5579-421c-88f8-8216da815ec4-groupManagement] INFO  server.RaftServerConfigKeys (ConfUtils.java:logGet(46)) - raft.server.retrycache.statistics.expirytime = 100μs (default)
2023-06-25 20:38:48,131 [a7b978ac-5579-421c-88f8-8216da815ec4-groupManagement] INFO  server.RaftServerConfigKeys (ConfUtils.java:logGet(46)) - raft.server.read.option = DEFAULT (default)
2023-06-25 20:38:48,132 [a7b978ac-5579-421c-88f8-8216da815ec4-groupManagement] INFO  server.RaftServerConfigKeys (ConfUtils.java:logGet(46)) - raft.server.rpc.request.timeout = 60s (custom)
2023-06-25 20:38:48,132 [a7b978ac-5579-421c-88f8-8216da815ec4-groupManagement] INFO  server.RaftServerConfigKeys (ConfUtils.java:logGet(46)) - raft.server.log.appender.install.snapshot.enabled = false (custom)
2023-06-25 20:38:48,132 [a7b978ac-5579-421c-88f8-8216da815ec4-groupManagement] INFO  server.RaftServerConfigKeys (ConfUtils.java:logGet(46)) - raft.server.threadpool.server.cached = true (default)
2023-06-25 20:38:48,132 [a7b978ac-5579-421c-88f8-8216da815ec4-groupManagement] INFO  server.RaftServerConfigKeys (ConfUtils.java:logGet(46)) - raft.server.threadpool.server.size = 0 (default)
2023-06-25 20:38:48,132 [a7b978ac-5579-421c-88f8-8216da815ec4-groupManagement] INFO  server.RaftServerConfigKeys (ConfUtils.java:logGet(46)) - raft.server.threadpool.client.cached = true (default)
2023-06-25 20:38:48,132 [a7b978ac-5579-421c-88f8-8216da815ec4-groupManagement] INFO  server.RaftServerConfigKeys (ConfUtils.java:logGet(46)) - raft.server.threadpool.client.size = 0 (default)
2023-06-25 20:38:48,133 [a7b978ac-5579-421c-88f8-8216da815ec4-groupManagement] INFO  storage.RaftStorageDirectory (RaftStorageDirectoryImpl.java:analyzeStorage(137)) - The storage directory /home/runner/work/ozone/ozone/hadoop-ozone/integration-test/target/test-dir/MiniOzoneClusterImpl-3e5e392c-9910-47c9-9966-58048db8f0c6/datanode-1/data/ratis/0d2a5396-a8b9-44fd-89d0-445108c82ba3 does not exist. Creating ...
2023-06-25 20:38:48,134 [a7b978ac-5579-421c-88f8-8216da815ec4-groupManagement] INFO  storage.RaftStorageDirectory (RaftStorageDirectoryImpl.java:tryLock(231)) - Lock on /home/runner/work/ozone/ozone/hadoop-ozone/integration-test/target/test-dir/MiniOzoneClusterImpl-3e5e392c-9910-47c9-9966-58048db8f0c6/datanode-1/data/ratis/0d2a5396-a8b9-44fd-89d0-445108c82ba3/in_use.lock acquired by nodename 7655@fv-az808-130
2023-06-25 20:38:48,135 [a7b978ac-5579-421c-88f8-8216da815ec4-groupManagement] INFO  storage.RaftStorage (RaftStorageImpl.java:format(96)) - Storage directory /home/runner/work/ozone/ozone/hadoop-ozone/integration-test/target/test-dir/MiniOzoneClusterImpl-3e5e392c-9910-47c9-9966-58048db8f0c6/datanode-1/data/ratis/0d2a5396-a8b9-44fd-89d0-445108c82ba3 has been successfully formatted.
2023-06-25 20:38:48,136 [a7b978ac-5579-421c-88f8-8216da815ec4-groupManagement] INFO  ratis.ContainerStateMachine (ContainerStateMachine.java:loadSnapshot(262)) - group-445108C82BA3: The snapshot info is null. Setting the last applied indexto:(t:0, i:~)
2023-06-25 20:38:48,137 [a7b978ac-5579-421c-88f8-8216da815ec4-groupManagement] INFO  server.RaftServerConfigKeys (ConfUtils.java:logGet(46)) - raft.server.log.use.memory = false (default)
2023-06-25 20:38:48,139 [a7b978ac-5579-421c-88f8-8216da815ec4-groupManagement] INFO  server.RaftServerConfigKeys (ConfUtils.java:logGet(46)) - raft.server.log.purge.gap = 1000000 (custom)
2023-06-25 20:38:48,139 [a7b978ac-5579-421c-88f8-8216da815ec4-groupManagement] INFO  server.RaftServerConfigKeys (ConfUtils.java:logGet(46)) - raft.server.log.appender.buffer.byte-limit = 33554432 (custom)
2023-06-25 20:38:48,139 [a7b978ac-5579-421c-88f8-8216da815ec4-groupManagement] INFO  server.RaftServerConfigKeys (ConfUtils.java:logGet(46)) - raft.server.log.statemachine.data.read.timeout = 1000ms (default)
2023-06-25 20:38:48,139 [a7b978ac-5579-421c-88f8-8216da815ec4-groupManagement] INFO  server.RaftServerConfigKeys (ConfUtils.java:logGet(46)) - raft.server.log.purge.preservation.log.num = 0 (default)
2023-06-25 20:38:48,139 [a7b978ac-5579-421c-88f8-8216da815ec4-groupManagement] INFO  server.RaftServerConfigKeys (ConfUtils.java:logGet(46)) - raft.server.log.segment.size.max = 1048576 (custom)
2023-06-25 20:38:48,139 [a7b978ac-5579-421c-88f8-8216da815ec4-groupManagement] INFO  server.RaftServerConfigKeys (ConfUtils.java:logGet(46)) - raft.server.log.segment.cache.num.max = 2 (custom)
2023-06-25 20:38:48,142 [a7b978ac-5579-421c-88f8-8216da815ec4-groupManagement] INFO  server.RaftServerConfigKeys (ConfUtils.java:logGet(46)) - raft.server.log.segment.cache.size.max = 200MB (=209715200) (default)
2023-06-25 20:38:48,142 [a7b978ac-5579-421c-88f8-8216da815ec4-groupManagement] INFO  server.RaftServerConfigKeys (ConfUtils.java:logGet(46)) - raft.server.log.appender.buffer.byte-limit = 33554432 (custom)
2023-06-25 20:38:48,142 [a7b978ac-5579-421c-88f8-8216da815ec4-groupManagement] INFO  segmented.SegmentedRaftLogWorker (SegmentedRaftLogWorker.java:<init>(188)) - new a7b978ac-5579-421c-88f8-8216da815ec4@group-445108C82BA3-SegmentedRaftLogWorker for RaftStorageImpl:Storage Directory /home/runner/work/ozone/ozone/hadoop-ozone/integration-test/target/test-dir/MiniOzoneClusterImpl-3e5e392c-9910-47c9-9966-58048db8f0c6/datanode-1/data/ratis/0d2a5396-a8b9-44fd-89d0-445108c82ba3
2023-06-25 20:38:48,142 [a7b978ac-5579-421c-88f8-8216da815ec4-groupManagement] INFO  server.RaftServerConfigKeys (ConfUtils.java:logGet(46)) - raft.server.log.queue.byte-limit = 4294967296 (custom)
2023-06-25 20:38:48,142 [a7b978ac-5579-421c-88f8-8216da815ec4-groupManagement] INFO  server.RaftServerConfigKeys (ConfUtils.java:logGet(46)) - raft.server.log.queue.element-limit = 1024 (custom)
2023-06-25 20:38:48,142 [a7b978ac-5579-421c-88f8-8216da815ec4-groupManagement] INFO  server.RaftServerConfigKeys (ConfUtils.java:logGet(46)) - raft.server.log.segment.size.max = 1048576 (custom)
2023-06-25 20:38:48,142 [a7b978ac-5579-421c-88f8-8216da815ec4-groupManagement] INFO  server.RaftServerConfigKeys (ConfUtils.java:logGet(46)) - raft.server.log.preallocated.size = 16384 (custom)
2023-06-25 20:38:48,142 [a7b978ac-5579-421c-88f8-8216da815ec4-groupManagement] INFO  server.RaftServerConfigKeys (ConfUtils.java:logGet(46)) - raft.server.log.force.sync.num = 128 (default)
2023-06-25 20:38:48,142 [a7b978ac-5579-421c-88f8-8216da815ec4-groupManagement] INFO  server.RaftServerConfigKeys (ConfUtils.java:logGet(46)) - raft.server.log.statemachine.data.sync = true (default)
2023-06-25 20:38:48,142 [a7b978ac-5579-421c-88f8-8216da815ec4-groupManagement] INFO  server.RaftServerConfigKeys (ConfUtils.java:logGet(46)) - raft.server.log.statemachine.data.sync.timeout = 10s (default)
2023-06-25 20:38:48,142 [a7b978ac-5579-421c-88f8-8216da815ec4-groupManagement] INFO  server.RaftServerConfigKeys (ConfUtils.java:logGet(46)) - raft.server.log.statemachine.data.sync.timeout.retry = -1 (default)
2023-06-25 20:38:48,143 [a7b978ac-5579-421c-88f8-8216da815ec4-groupManagement] INFO  server.RaftServerConfigKeys (ConfUtils.java:logGet(46)) - raft.server.log.write.buffer.size = 1048576 (custom)
2023-06-25 20:38:48,144 [a7b978ac-5579-421c-88f8-8216da815ec4-groupManagement] INFO  server.RaftServerConfigKeys (ConfUtils.java:logGet(46)) - raft.server.log.appender.buffer.byte-limit = 33554432 (custom)
2023-06-25 20:38:48,151 [a7b978ac-5579-421c-88f8-8216da815ec4-groupManagement] INFO  server.RaftServerConfigKeys (ConfUtils.java:logGet(46)) - raft.server.log.unsafe-flush.enabled = false (default)
2023-06-25 20:38:48,151 [a7b978ac-5579-421c-88f8-8216da815ec4-groupManagement] INFO  server.RaftServerConfigKeys (ConfUtils.java:logGet(46)) - raft.server.log.async-flush.enabled = false (default)
2023-06-25 20:38:48,151 [a7b978ac-5579-421c-88f8-8216da815ec4-groupManagement] INFO  server.RaftServerConfigKeys (ConfUtils.java:logGet(46)) - raft.server.log.statemachine.data.caching.enabled = true (custom)
2023-06-25 20:38:48,152 [a7b978ac-5579-421c-88f8-8216da815ec4-groupManagement] INFO  segmented.SegmentedRaftLogWorker (SegmentedRaftLogWorker.java:lambda$new$0(135)) - a7b978ac-5579-421c-88f8-8216da815ec4@group-445108C82BA3-SegmentedRaftLogWorker: flushIndex: setUnconditionally 0 -> -1
2023-06-25 20:38:48,152 [a7b978ac-5579-421c-88f8-8216da815ec4-groupManagement] INFO  segmented.SegmentedRaftLogWorker (SegmentedRaftLogWorker.java:lambda$new$0(135)) - a7b978ac-5579-421c-88f8-8216da815ec4@group-445108C82BA3-SegmentedRaftLogWorker: safeCacheEvictIndex: setUnconditionally 0 -> -1
2023-06-25 20:38:48,153 [a7b978ac-5579-421c-88f8-8216da815ec4-groupManagement] INFO  server.RaftServer$Division (RaftServerImpl.java:start(342)) - a7b978ac-5579-421c-88f8-8216da815ec4@group-445108C82BA3: start as a follower, conf=-1: peers:[a7b978ac-5579-421c-88f8-8216da815ec4|rpc:10.1.0.20:15093|admin:10.1.0.20:15092|client:10.1.0.20:15091|dataStream:10.1.0.20:15094|priority:0|startupRole:FOLLOWER, 93527257-01c8-41eb-ac3e-49482c20fdee|rpc:10.1.0.20:15084|admin:10.1.0.20:15083|client:10.1.0.20:15082|dataStream:10.1.0.20:15085|priority:0|startupRole:FOLLOWER, 97b3bde5-dca1-47ee-b202-78dc9f7ada5a|rpc:10.1.0.20:15102|admin:10.1.0.20:15101|client:10.1.0.20:15100|dataStream:10.1.0.20:15103|priority:1|startupRole:FOLLOWER]|listeners:[], old=null
2023-06-25 20:38:48,153 [a7b978ac-5579-421c-88f8-8216da815ec4-groupManagement] INFO  server.RaftServer$Division (RaftServerImpl.java:setRole(329)) - a7b978ac-5579-421c-88f8-8216da815ec4@group-445108C82BA3: changes role from      null to FOLLOWER at term 0 for startAsFollower
2023-06-25 20:38:48,153 [a7b978ac-5579-421c-88f8-8216da815ec4-groupManagement] INFO  impl.RoleInfo (RoleInfo.java:updateAndGet(139)) - a7b978ac-5579-421c-88f8-8216da815ec4: start a7b978ac-5579-421c-88f8-8216da815ec4@group-445108C82BA3-FollowerState
2023-06-25 20:38:48,157 [a7b978ac-5579-421c-88f8-8216da815ec4-groupManagement] INFO  util.JmxRegister (JmxRegister.java:tryRegister(44)) - Successfully registered JMX Bean with object name Ratis:service=RaftServer,group=group-445108C82BA3,id=a7b978ac-5579-421c-88f8-8216da815ec4
2023-06-25 20:38:48,157 [a7b978ac-5579-421c-88f8-8216da815ec4-groupManagement] INFO  server.RaftServerConfigKeys (ConfUtils.java:logGet(46)) - raft.server.snapshot.auto.trigger.enabled = true (custom)
2023-06-25 20:38:48,157 [a7b978ac-5579-421c-88f8-8216da815ec4-groupManagement] INFO  server.RaftServerConfigKeys (ConfUtils.java:logGet(46)) - raft.server.snapshot.auto.trigger.threshold = 10000 (custom)
2023-06-25 20:38:48,157 [a7b978ac-5579-421c-88f8-8216da815ec4-groupManagement] INFO  server.RaftServerConfigKeys (ConfUtils.java:logGet(46)) - raft.server.snapshot.retention.file.num = 5 (custom)
2023-06-25 20:38:48,157 [a7b978ac-5579-421c-88f8-8216da815ec4-groupManagement] INFO  server.RaftServerConfigKeys (ConfUtils.java:logGet(46)) - raft.server.log.purge.upto.snapshot.index = false (default)
2023-06-25 20:38:48,158 [a7b978ac-5579-421c-88f8-8216da815ec4@group-445108C82BA3-FollowerState] INFO  server.RaftServerConfigKeys (ConfUtils.java:logFallback(53)) - raft.server.rpc.first-election.timeout.min = 5s (fallback to raft.server.rpc.timeout.min)
2023-06-25 20:38:48,158 [a7b978ac-5579-421c-88f8-8216da815ec4@group-445108C82BA3-FollowerState] INFO  server.RaftServerConfigKeys (ConfUtils.java:logFallback(53)) - raft.server.rpc.first-election.timeout.max = 5200ms (fallback to raft.server.rpc.timeout.max)
2023-06-25 20:38:48,187 [grpc-default-executor-0] INFO  server.RaftServer (RaftServerProxy.java:addNew(98)) - 97b3bde5-dca1-47ee-b202-78dc9f7ada5a: addNew group-445108C82BA3:[a7b978ac-5579-421c-88f8-8216da815ec4|rpc:10.1.0.20:15093|admin:10.1.0.20:15092|client:10.1.0.20:15091|dataStream:10.1.0.20:15094|priority:0|startupRole:FOLLOWER, 93527257-01c8-41eb-ac3e-49482c20fdee|rpc:10.1.0.20:15084|admin:10.1.0.20:15083|client:10.1.0.20:15082|dataStream:10.1.0.20:15085|priority:0|startupRole:FOLLOWER, 97b3bde5-dca1-47ee-b202-78dc9f7ada5a|rpc:10.1.0.20:15102|admin:10.1.0.20:15101|client:10.1.0.20:15100|dataStream:10.1.0.20:15103|priority:1|startupRole:FOLLOWER] returns group-445108C82BA3:java.util.concurrent.CompletableFuture@68a6f910[Not completed]
2023-06-25 20:38:48,189 [97b3bde5-dca1-47ee-b202-78dc9f7ada5a-groupManagement] INFO  server.RaftServer$Division (RaftServerImpl.java:<init>(198)) - 97b3bde5-dca1-47ee-b202-78dc9f7ada5a: new RaftServerImpl for group-445108C82BA3:[a7b978ac-5579-421c-88f8-8216da815ec4|rpc:10.1.0.20:15093|admin:10.1.0.20:15092|client:10.1.0.20:15091|dataStream:10.1.0.20:15094|priority:0|startupRole:FOLLOWER, 93527257-01c8-41eb-ac3e-49482c20fdee|rpc:10.1.0.20:15084|admin:10.1.0.20:15083|client:10.1.0.20:15082|dataStream:10.1.0.20:15085|priority:0|startupRole:FOLLOWER, 97b3bde5-dca1-47ee-b202-78dc9f7ada5a|rpc:10.1.0.20:15102|admin:10.1.0.20:15101|client:10.1.0.20:15100|dataStream:10.1.0.20:15103|priority:1|startupRole:FOLLOWER] with ContainerStateMachine:uninitialized
2023-06-25 20:38:48,189 [97b3bde5-dca1-47ee-b202-78dc9f7ada5a-groupManagement] INFO  server.RaftServerConfigKeys (ConfUtils.java:logGet(46)) - raft.server.rpc.timeout.min = 5s (custom)
2023-06-25 20:38:48,189 [97b3bde5-dca1-47ee-b202-78dc9f7ada5a-groupManagement] INFO  server.RaftServerConfigKeys (ConfUtils.java:logGet(46)) - raft.server.rpc.timeout.max = 5200ms (custom)
2023-06-25 20:38:48,189 [97b3bde5-dca1-47ee-b202-78dc9f7ada5a-groupManagement] INFO  server.RaftServerConfigKeys (ConfUtils.java:logGet(46)) - raft.server.rpc.sleep.time = 25ms (default)
2023-06-25 20:38:48,189 [97b3bde5-dca1-47ee-b202-78dc9f7ada5a-groupManagement] INFO  server.RaftServerConfigKeys (ConfUtils.java:logGet(46)) - raft.server.rpc.slowness.timeout = 300s (custom)
2023-06-25 20:38:48,189 [97b3bde5-dca1-47ee-b202-78dc9f7ada5a-groupManagement] INFO  server.RaftServerConfigKeys (ConfUtils.java:logGet(46)) - raft.server.leaderelection.leader.step-down.wait-time = 10s (default)
2023-06-25 20:38:48,189 [97b3bde5-dca1-47ee-b202-78dc9f7ada5a-groupManagement] INFO  server.RaftServerConfigKeys (ConfUtils.java:logGet(46)) - raft.server.sleep.deviation.threshold = 300ms (default)
2023-06-25 20:38:48,189 [97b3bde5-dca1-47ee-b202-78dc9f7ada5a-groupManagement] INFO  server.RaftServer$Division (ServerState.java:<init>(120)) - 97b3bde5-dca1-47ee-b202-78dc9f7ada5a@group-445108C82BA3: ConfigurationManager, init=-1: peers:[a7b978ac-5579-421c-88f8-8216da815ec4|rpc:10.1.0.20:15093|admin:10.1.0.20:15092|client:10.1.0.20:15091|dataStream:10.1.0.20:15094|priority:0|startupRole:FOLLOWER, 93527257-01c8-41eb-ac3e-49482c20fdee|rpc:10.1.0.20:15084|admin:10.1.0.20:15083|client:10.1.0.20:15082|dataStream:10.1.0.20:15085|priority:0|startupRole:FOLLOWER, 97b3bde5-dca1-47ee-b202-78dc9f7ada5a|rpc:10.1.0.20:15102|admin:10.1.0.20:15101|client:10.1.0.20:15100|dataStream:10.1.0.20:15103|priority:1|startupRole:FOLLOWER]|listeners:[], old=null, confs=<EMPTY_MAP>
2023-06-25 20:38:48,190 [97b3bde5-dca1-47ee-b202-78dc9f7ada5a-groupManagement] INFO  server.RaftServerConfigKeys (ConfUtils.java:logGet(46)) - raft.server.storage.dir = [/home/runner/work/ozone/ozone/hadoop-ozone/integration-test/target/test-dir/MiniOzoneClusterImpl-3e5e392c-9910-47c9-9966-58048db8f0c6/datanode-2/data/ratis] (custom)
2023-06-25 20:38:48,190 [97b3bde5-dca1-47ee-b202-78dc9f7ada5a-groupManagement] INFO  server.RaftServerConfigKeys (ConfUtils.java:logGet(46)) - raft.server.log.corruption.policy = EXCEPTION (default)
2023-06-25 20:38:48,190 [97b3bde5-dca1-47ee-b202-78dc9f7ada5a-groupManagement] INFO  server.RaftServerConfigKeys (ConfUtils.java:logGet(46)) - raft.server.storage.free-space.min = 0MB (=0) (default)
2023-06-25 20:38:48,190 [97b3bde5-dca1-47ee-b202-78dc9f7ada5a-groupManagement] INFO  server.RaftServerConfigKeys (ConfUtils.java:logGet(46)) - raft.server.notification.no-leader.timeout = 300s (custom)
2023-06-25 20:38:48,190 [97b3bde5-dca1-47ee-b202-78dc9f7ada5a-groupManagement] INFO  server.RaftServerConfigKeys (ConfUtils.java:logGet(46)) - raft.server.read.timeout = 10s (default)
2023-06-25 20:38:48,190 [97b3bde5-dca1-47ee-b202-78dc9f7ada5a-groupManagement] INFO  server.RaftServerConfigKeys (ConfUtils.java:logGet(46)) - raft.server.retrycache.expirytime = 600000ms (custom)
2023-06-25 20:38:48,190 [97b3bde5-dca1-47ee-b202-78dc9f7ada5a-groupManagement] INFO  server.RaftServerConfigKeys (ConfUtils.java:logGet(46)) - raft.server.retrycache.statistics.expirytime = 100μs (default)
2023-06-25 20:38:48,190 [97b3bde5-dca1-47ee-b202-78dc9f7ada5a-groupManagement] INFO  server.RaftServerConfigKeys (ConfUtils.java:logGet(46)) - raft.server.read.option = DEFAULT (default)
2023-06-25 20:38:48,191 [97b3bde5-dca1-47ee-b202-78dc9f7ada5a-groupManagement] INFO  server.RaftServerConfigKeys (ConfUtils.java:logGet(46)) - raft.server.rpc.request.timeout = 60s (custom)
2023-06-25 20:38:48,191 [97b3bde5-dca1-47ee-b202-78dc9f7ada5a-groupManagement] INFO  server.RaftServerConfigKeys (ConfUtils.java:logGet(46)) - raft.server.log.appender.install.snapshot.enabled = false (custom)
2023-06-25 20:38:48,191 [97b3bde5-dca1-47ee-b202-78dc9f7ada5a-groupManagement] INFO  server.RaftServerConfigKeys (ConfUtils.java:logGet(46)) - raft.server.threadpool.server.cached = true (default)
2023-06-25 20:38:48,191 [97b3bde5-dca1-47ee-b202-78dc9f7ada5a-groupManagement] INFO  server.RaftServerConfigKeys (ConfUtils.java:logGet(46)) - raft.server.threadpool.server.size = 0 (default)
2023-06-25 20:38:48,191 [97b3bde5-dca1-47ee-b202-78dc9f7ada5a-groupManagement] INFO  server.RaftServerConfigKeys (ConfUtils.java:logGet(46)) - raft.server.threadpool.client.cached = true (default)
2023-06-25 20:38:48,192 [97b3bde5-dca1-47ee-b202-78dc9f7ada5a-groupManagement] INFO  server.RaftServerConfigKeys (ConfUtils.java:logGet(46)) - raft.server.threadpool.client.size = 0 (default)
2023-06-25 20:38:48,192 [97b3bde5-dca1-47ee-b202-78dc9f7ada5a-groupManagement] INFO  storage.RaftStorageDirectory (RaftStorageDirectoryImpl.java:analyzeStorage(137)) - The storage directory /home/runner/work/ozone/ozone/hadoop-ozone/integration-test/target/test-dir/MiniOzoneClusterImpl-3e5e392c-9910-47c9-9966-58048db8f0c6/datanode-2/data/ratis/0d2a5396-a8b9-44fd-89d0-445108c82ba3 does not exist. Creating ...
2023-06-25 20:38:48,194 [97b3bde5-dca1-47ee-b202-78dc9f7ada5a-groupManagement] INFO  storage.RaftStorageDirectory (RaftStorageDirectoryImpl.java:tryLock(231)) - Lock on /home/runner/work/ozone/ozone/hadoop-ozone/integration-test/target/test-dir/MiniOzoneClusterImpl-3e5e392c-9910-47c9-9966-58048db8f0c6/datanode-2/data/ratis/0d2a5396-a8b9-44fd-89d0-445108c82ba3/in_use.lock acquired by nodename 7655@fv-az808-130
2023-06-25 20:38:48,195 [97b3bde5-dca1-47ee-b202-78dc9f7ada5a-groupManagement] INFO  storage.RaftStorage (RaftStorageImpl.java:format(96)) - Storage directory /home/runner/work/ozone/ozone/hadoop-ozone/integration-test/target/test-dir/MiniOzoneClusterImpl-3e5e392c-9910-47c9-9966-58048db8f0c6/datanode-2/data/ratis/0d2a5396-a8b9-44fd-89d0-445108c82ba3 has been successfully formatted.
2023-06-25 20:38:48,196 [97b3bde5-dca1-47ee-b202-78dc9f7ada5a-groupManagement] INFO  ratis.ContainerStateMachine (ContainerStateMachine.java:loadSnapshot(262)) - group-445108C82BA3: The snapshot info is null. Setting the last applied indexto:(t:0, i:~)
2023-06-25 20:38:48,196 [97b3bde5-dca1-47ee-b202-78dc9f7ada5a-groupManagement] INFO  server.RaftServerConfigKeys (ConfUtils.java:logGet(46)) - raft.server.log.use.memory = false (default)
2023-06-25 20:38:48,196 [97b3bde5-dca1-47ee-b202-78dc9f7ada5a-groupManagement] INFO  server.RaftServerConfigKeys (ConfUtils.java:logGet(46)) - raft.server.log.purge.gap = 1000000 (custom)
2023-06-25 20:38:48,196 [97b3bde5-dca1-47ee-b202-78dc9f7ada5a-groupManagement] INFO  server.RaftServerConfigKeys (ConfUtils.java:logGet(46)) - raft.server.log.appender.buffer.byte-limit = 33554432 (custom)
2023-06-25 20:38:48,197 [97b3bde5-dca1-47ee-b202-78dc9f7ada5a-groupManagement] INFO  server.RaftServerConfigKeys (ConfUtils.java:logGet(46)) - raft.server.log.statemachine.data.read.timeout = 1000ms (default)
2023-06-25 20:38:48,197 [97b3bde5-dca1-47ee-b202-78dc9f7ada5a-groupManagement] INFO  server.RaftServerConfigKeys (ConfUtils.java:logGet(46)) - raft.server.log.purge.preservation.log.num = 0 (default)
2023-06-25 20:38:48,198 [97b3bde5-dca1-47ee-b202-78dc9f7ada5a-groupManagement] INFO  server.RaftServerConfigKeys (ConfUtils.java:logGet(46)) - raft.server.log.segment.size.max = 1048576 (custom)
2023-06-25 20:38:48,198 [97b3bde5-dca1-47ee-b202-78dc9f7ada5a-groupManagement] INFO  server.RaftServerConfigKeys (ConfUtils.java:logGet(46)) - raft.server.log.segment.cache.num.max = 2 (custom)
2023-06-25 20:38:48,198 [97b3bde5-dca1-47ee-b202-78dc9f7ada5a-groupManagement] INFO  server.RaftServerConfigKeys (ConfUtils.java:logGet(46)) - raft.server.log.segment.cache.size.max = 200MB (=209715200) (default)
2023-06-25 20:38:48,198 [97b3bde5-dca1-47ee-b202-78dc9f7ada5a-groupManagement] INFO  server.RaftServerConfigKeys (ConfUtils.java:logGet(46)) - raft.server.log.appender.buffer.byte-limit = 33554432 (custom)
2023-06-25 20:38:48,198 [97b3bde5-dca1-47ee-b202-78dc9f7ada5a-groupManagement] INFO  segmented.SegmentedRaftLogWorker (SegmentedRaftLogWorker.java:<init>(188)) - new 97b3bde5-dca1-47ee-b202-78dc9f7ada5a@group-445108C82BA3-SegmentedRaftLogWorker for RaftStorageImpl:Storage Directory /home/runner/work/ozone/ozone/hadoop-ozone/integration-test/target/test-dir/MiniOzoneClusterImpl-3e5e392c-9910-47c9-9966-58048db8f0c6/datanode-2/data/ratis/0d2a5396-a8b9-44fd-89d0-445108c82ba3
2023-06-25 20:38:48,198 [97b3bde5-dca1-47ee-b202-78dc9f7ada5a-groupManagement] INFO  server.RaftServerConfigKeys (ConfUtils.java:logGet(46)) - raft.server.log.queue.byte-limit = 4294967296 (custom)
2023-06-25 20:38:48,198 [97b3bde5-dca1-47ee-b202-78dc9f7ada5a-groupManagement] INFO  server.RaftServerConfigKeys (ConfUtils.java:logGet(46)) - raft.server.log.queue.element-limit = 1024 (custom)
2023-06-25 20:38:48,198 [97b3bde5-dca1-47ee-b202-78dc9f7ada5a-groupManagement] INFO  server.RaftServerConfigKeys (ConfUtils.java:logGet(46)) - raft.server.log.segment.size.max = 1048576 (custom)
2023-06-25 20:38:48,198 [97b3bde5-dca1-47ee-b202-78dc9f7ada5a-groupManagement] INFO  server.RaftServerConfigKeys (ConfUtils.java:logGet(46)) - raft.server.log.preallocated.size = 16384 (custom)
2023-06-25 20:38:48,199 [97b3bde5-dca1-47ee-b202-78dc9f7ada5a-groupManagement] INFO  server.RaftServerConfigKeys (ConfUtils.java:logGet(46)) - raft.server.log.force.sync.num = 128 (default)
2023-06-25 20:38:48,199 [97b3bde5-dca1-47ee-b202-78dc9f7ada5a-groupManagement] INFO  server.RaftServerConfigKeys (ConfUtils.java:logGet(46)) - raft.server.log.statemachine.data.sync = true (default)
2023-06-25 20:38:48,199 [97b3bde5-dca1-47ee-b202-78dc9f7ada5a-groupManagement] INFO  server.RaftServerConfigKeys (ConfUtils.java:logGet(46)) - raft.server.log.statemachine.data.sync.timeout = 10s (default)
2023-06-25 20:38:48,199 [97b3bde5-dca1-47ee-b202-78dc9f7ada5a-groupManagement] INFO  server.RaftServerConfigKeys (ConfUtils.java:logGet(46)) - raft.server.log.statemachine.data.sync.timeout.retry = -1 (default)
2023-06-25 20:38:48,199 [97b3bde5-dca1-47ee-b202-78dc9f7ada5a-groupManagement] INFO  server.RaftServerConfigKeys (ConfUtils.java:logGet(46)) - raft.server.log.write.buffer.size = 1048576 (custom)
2023-06-25 20:38:48,200 [97b3bde5-dca1-47ee-b202-78dc9f7ada5a-groupManagement] INFO  server.RaftServerConfigKeys (ConfUtils.java:logGet(46)) - raft.server.log.appender.buffer.byte-limit = 33554432 (custom)
2023-06-25 20:38:48,206 [97b3bde5-dca1-47ee-b202-78dc9f7ada5a-groupManagement] INFO  server.RaftServerConfigKeys (ConfUtils.java:logGet(46)) - raft.server.log.unsafe-flush.enabled = false (default)
2023-06-25 20:38:48,206 [97b3bde5-dca1-47ee-b202-78dc9f7ada5a-groupManagement] INFO  server.RaftServerConfigKeys (ConfUtils.java:logGet(46)) - raft.server.log.async-flush.enabled = false (default)
2023-06-25 20:38:48,206 [97b3bde5-dca1-47ee-b202-78dc9f7ada5a-groupManagement] INFO  server.RaftServerConfigKeys (ConfUtils.java:logGet(46)) - raft.server.log.statemachine.data.caching.enabled = true (custom)
2023-06-25 20:38:48,207 [97b3bde5-dca1-47ee-b202-78dc9f7ada5a-groupManagement] INFO  segmented.SegmentedRaftLogWorker (SegmentedRaftLogWorker.java:lambda$new$0(135)) - 97b3bde5-dca1-47ee-b202-78dc9f7ada5a@group-445108C82BA3-SegmentedRaftLogWorker: flushIndex: setUnconditionally 0 -> -1
2023-06-25 20:38:48,207 [97b3bde5-dca1-47ee-b202-78dc9f7ada5a-groupManagement] INFO  segmented.SegmentedRaftLogWorker (SegmentedRaftLogWorker.java:lambda$new$0(135)) - 97b3bde5-dca1-47ee-b202-78dc9f7ada5a@group-445108C82BA3-SegmentedRaftLogWorker: safeCacheEvictIndex: setUnconditionally 0 -> -1
2023-06-25 20:38:48,209 [97b3bde5-dca1-47ee-b202-78dc9f7ada5a-groupManagement] INFO  server.RaftServer$Division (RaftServerImpl.java:start(342)) - 97b3bde5-dca1-47ee-b202-78dc9f7ada5a@group-445108C82BA3: start as a follower, conf=-1: peers:[a7b978ac-5579-421c-88f8-8216da815ec4|rpc:10.1.0.20:15093|admin:10.1.0.20:15092|client:10.1.0.20:15091|dataStream:10.1.0.20:15094|priority:0|startupRole:FOLLOWER, 93527257-01c8-41eb-ac3e-49482c20fdee|rpc:10.1.0.20:15084|admin:10.1.0.20:15083|client:10.1.0.20:15082|dataStream:10.1.0.20:15085|priority:0|startupRole:FOLLOWER, 97b3bde5-dca1-47ee-b202-78dc9f7ada5a|rpc:10.1.0.20:15102|admin:10.1.0.20:15101|client:10.1.0.20:15100|dataStream:10.1.0.20:15103|priority:1|startupRole:FOLLOWER]|listeners:[], old=null
2023-06-25 20:38:48,209 [97b3bde5-dca1-47ee-b202-78dc9f7ada5a-groupManagement] INFO  server.RaftServer$Division (RaftServerImpl.java:setRole(329)) - 97b3bde5-dca1-47ee-b202-78dc9f7ada5a@group-445108C82BA3: changes role from      null to FOLLOWER at term 0 for startAsFollower
2023-06-25 20:38:48,209 [97b3bde5-dca1-47ee-b202-78dc9f7ada5a-groupManagement] INFO  impl.RoleInfo (RoleInfo.java:updateAndGet(139)) - 97b3bde5-dca1-47ee-b202-78dc9f7ada5a: start 97b3bde5-dca1-47ee-b202-78dc9f7ada5a@group-445108C82BA3-FollowerState
2023-06-25 20:38:48,213 [97b3bde5-dca1-47ee-b202-78dc9f7ada5a-groupManagement] INFO  util.JmxRegister (JmxRegister.java:tryRegister(44)) - Successfully registered JMX Bean with object name Ratis:service=RaftServer,group=group-445108C82BA3,id=97b3bde5-dca1-47ee-b202-78dc9f7ada5a
2023-06-25 20:38:48,213 [97b3bde5-dca1-47ee-b202-78dc9f7ada5a-groupManagement] INFO  server.RaftServerConfigKeys (ConfUtils.java:logGet(46)) - raft.server.snapshot.auto.trigger.enabled = true (custom)
2023-06-25 20:38:48,213 [97b3bde5-dca1-47ee-b202-78dc9f7ada5a-groupManagement] INFO  server.RaftServerConfigKeys (ConfUtils.java:logGet(46)) - raft.server.snapshot.auto.trigger.threshold = 10000 (custom)
2023-06-25 20:38:48,213 [97b3bde5-dca1-47ee-b202-78dc9f7ada5a-groupManagement] INFO  server.RaftServerConfigKeys (ConfUtils.java:logGet(46)) - raft.server.snapshot.retention.file.num = 5 (custom)
2023-06-25 20:38:48,213 [97b3bde5-dca1-47ee-b202-78dc9f7ada5a-groupManagement] INFO  server.RaftServerConfigKeys (ConfUtils.java:logGet(46)) - raft.server.log.purge.upto.snapshot.index = false (default)
2023-06-25 20:38:48,214 [97b3bde5-dca1-47ee-b202-78dc9f7ada5a@group-445108C82BA3-FollowerState] INFO  server.RaftServerConfigKeys (ConfUtils.java:logFallback(53)) - raft.server.rpc.first-election.timeout.min = 5s (fallback to raft.server.rpc.timeout.min)
2023-06-25 20:38:48,214 [97b3bde5-dca1-47ee-b202-78dc9f7ada5a@group-445108C82BA3-FollowerState] INFO  server.RaftServerConfigKeys (ConfUtils.java:logFallback(53)) - raft.server.rpc.first-election.timeout.max = 5200ms (fallback to raft.server.rpc.timeout.max)
2023-06-25 20:38:48,231 [PipelineCommandHandlerThread-0] INFO  commandhandler.CreatePipelineCommandHandler (CreatePipelineCommandHandler.java:lambda$handle$2(124)) - Created Pipeline RATIS THREE PipelineID=0d2a5396-a8b9-44fd-89d0-445108c82ba3.
2023-06-25 20:38:48,231 [PipelineCommandHandlerThread-0] INFO  server.RaftServer (RaftServerProxy.java:addNew(98)) - 93527257-01c8-41eb-ac3e-49482c20fdee: addNew group-F95E09B247DF:[a7b978ac-5579-421c-88f8-8216da815ec4|rpc:10.1.0.20:15093|admin:10.1.0.20:15092|client:10.1.0.20:15091|dataStream:10.1.0.20:15094|priority:1|startupRole:FOLLOWER, 93527257-01c8-41eb-ac3e-49482c20fdee|rpc:10.1.0.20:15084|admin:10.1.0.20:15083|client:10.1.0.20:15082|dataStream:10.1.0.20:15085|priority:0|startupRole:FOLLOWER, 97b3bde5-dca1-47ee-b202-78dc9f7ada5a|rpc:10.1.0.20:15102|admin:10.1.0.20:15101|client:10.1.0.20:15100|dataStream:10.1.0.20:15103|priority:0|startupRole:FOLLOWER] returns group-F95E09B247DF:java.util.concurrent.CompletableFuture@738d964[Not completed]
2023-06-25 20:38:48,232 [93527257-01c8-41eb-ac3e-49482c20fdee-groupManagement] INFO  server.RaftServer$Division (RaftServerImpl.java:<init>(198)) - 93527257-01c8-41eb-ac3e-49482c20fdee: new RaftServerImpl for group-F95E09B247DF:[a7b978ac-5579-421c-88f8-8216da815ec4|rpc:10.1.0.20:15093|admin:10.1.0.20:15092|client:10.1.0.20:15091|dataStream:10.1.0.20:15094|priority:1|startupRole:FOLLOWER, 93527257-01c8-41eb-ac3e-49482c20fdee|rpc:10.1.0.20:15084|admin:10.1.0.20:15083|client:10.1.0.20:15082|dataStream:10.1.0.20:15085|priority:0|startupRole:FOLLOWER, 97b3bde5-dca1-47ee-b202-78dc9f7ada5a|rpc:10.1.0.20:15102|admin:10.1.0.20:15101|client:10.1.0.20:15100|dataStream:10.1.0.20:15103|priority:0|startupRole:FOLLOWER] with ContainerStateMachine:uninitialized
2023-06-25 20:38:48,232 [93527257-01c8-41eb-ac3e-49482c20fdee-groupManagement] INFO  server.RaftServerConfigKeys (ConfUtils.java:logGet(46)) - raft.server.rpc.timeout.min = 5s (custom)
2023-06-25 20:38:48,232 [93527257-01c8-41eb-ac3e-49482c20fdee-groupManagement] INFO  server.RaftServerConfigKeys (ConfUtils.java:logGet(46)) - raft.server.rpc.timeout.max = 5200ms (custom)
2023-06-25 20:38:48,232 [93527257-01c8-41eb-ac3e-49482c20fdee-groupManagement] INFO  server.RaftServerConfigKeys (ConfUtils.java:logGet(46)) - raft.server.rpc.sleep.time = 25ms (default)
2023-06-25 20:38:48,232 [93527257-01c8-41eb-ac3e-49482c20fdee-groupManagement] INFO  server.RaftServerConfigKeys (ConfUtils.java:logGet(46)) - raft.server.rpc.slowness.timeout = 300s (custom)
2023-06-25 20:38:48,232 [93527257-01c8-41eb-ac3e-49482c20fdee-groupManagement] INFO  server.RaftServerConfigKeys (ConfUtils.java:logGet(46)) - raft.server.leaderelection.leader.step-down.wait-time = 10s (default)
2023-06-25 20:38:48,232 [93527257-01c8-41eb-ac3e-49482c20fdee-groupManagement] INFO  server.RaftServerConfigKeys (ConfUtils.java:logGet(46)) - raft.server.sleep.deviation.threshold = 300ms (default)
2023-06-25 20:38:48,232 [93527257-01c8-41eb-ac3e-49482c20fdee-groupManagement] INFO  server.RaftServer$Division (ServerState.java:<init>(120)) - 93527257-01c8-41eb-ac3e-49482c20fdee@group-F95E09B247DF: ConfigurationManager, init=-1: peers:[a7b978ac-5579-421c-88f8-8216da815ec4|rpc:10.1.0.20:15093|admin:10.1.0.20:15092|client:10.1.0.20:15091|dataStream:10.1.0.20:15094|priority:1|startupRole:FOLLOWER, 93527257-01c8-41eb-ac3e-49482c20fdee|rpc:10.1.0.20:15084|admin:10.1.0.20:15083|client:10.1.0.20:15082|dataStream:10.1.0.20:15085|priority:0|startupRole:FOLLOWER, 97b3bde5-dca1-47ee-b202-78dc9f7ada5a|rpc:10.1.0.20:15102|admin:10.1.0.20:15101|client:10.1.0.20:15100|dataStream:10.1.0.20:15103|priority:0|startupRole:FOLLOWER]|listeners:[], old=null, confs=<EMPTY_MAP>
2023-06-25 20:38:48,233 [93527257-01c8-41eb-ac3e-49482c20fdee-groupManagement] INFO  server.RaftServerConfigKeys (ConfUtils.java:logGet(46)) - raft.server.storage.dir = [/home/runner/work/ozone/ozone/hadoop-ozone/integration-test/target/test-dir/MiniOzoneClusterImpl-3e5e392c-9910-47c9-9966-58048db8f0c6/datanode-0/data/ratis] (custom)
2023-06-25 20:38:48,233 [93527257-01c8-41eb-ac3e-49482c20fdee-groupManagement] INFO  server.RaftServerConfigKeys (ConfUtils.java:logGet(46)) - raft.server.log.corruption.policy = EXCEPTION (default)
2023-06-25 20:38:48,233 [93527257-01c8-41eb-ac3e-49482c20fdee-groupManagement] INFO  server.RaftServerConfigKeys (ConfUtils.java:logGet(46)) - raft.server.storage.free-space.min = 0MB (=0) (default)
2023-06-25 20:38:48,233 [93527257-01c8-41eb-ac3e-49482c20fdee-groupManagement] INFO  server.RaftServerConfigKeys (ConfUtils.java:logGet(46)) - raft.server.notification.no-leader.timeout = 300s (custom)
2023-06-25 20:38:48,233 [93527257-01c8-41eb-ac3e-49482c20fdee-groupManagement] INFO  server.RaftServerConfigKeys (ConfUtils.java:logGet(46)) - raft.server.read.timeout = 10s (default)
2023-06-25 20:38:48,233 [93527257-01c8-41eb-ac3e-49482c20fdee-groupManagement] INFO  server.RaftServerConfigKeys (ConfUtils.java:logGet(46)) - raft.server.retrycache.expirytime = 600000ms (custom)
2023-06-25 20:38:48,233 [93527257-01c8-41eb-ac3e-49482c20fdee-groupManagement] INFO  server.RaftServerConfigKeys (ConfUtils.java:logGet(46)) - raft.server.retrycache.statistics.expirytime = 100μs (default)
2023-06-25 20:38:48,233 [93527257-01c8-41eb-ac3e-49482c20fdee-groupManagement] INFO  server.RaftServerConfigKeys (ConfUtils.java:logGet(46)) - raft.server.read.option = DEFAULT (default)
2023-06-25 20:38:48,234 [93527257-01c8-41eb-ac3e-49482c20fdee-groupManagement] INFO  server.RaftServerConfigKeys (ConfUtils.java:logGet(46)) - raft.server.rpc.request.timeout = 60s (custom)
2023-06-25 20:38:48,234 [93527257-01c8-41eb-ac3e-49482c20fdee-groupManagement] INFO  server.RaftServerConfigKeys (ConfUtils.java:logGet(46)) - raft.server.log.appender.install.snapshot.enabled = false (custom)
2023-06-25 20:38:48,234 [93527257-01c8-41eb-ac3e-49482c20fdee-groupManagement] INFO  server.RaftServerConfigKeys (ConfUtils.java:logGet(46)) - raft.server.threadpool.server.cached = true (default)
2023-06-25 20:38:48,234 [93527257-01c8-41eb-ac3e-49482c20fdee-groupManagement] INFO  server.RaftServerConfigKeys (ConfUtils.java:logGet(46)) - raft.server.threadpool.server.size = 0 (default)
2023-06-25 20:38:48,234 [93527257-01c8-41eb-ac3e-49482c20fdee-groupManagement] INFO  server.RaftServerConfigKeys (ConfUtils.java:logGet(46)) - raft.server.threadpool.client.cached = true (default)
2023-06-25 20:38:48,234 [93527257-01c8-41eb-ac3e-49482c20fdee-groupManagement] INFO  server.RaftServerConfigKeys (ConfUtils.java:logGet(46)) - raft.server.threadpool.client.size = 0 (default)
2023-06-25 20:38:48,235 [93527257-01c8-41eb-ac3e-49482c20fdee-groupManagement] INFO  storage.RaftStorageDirectory (RaftStorageDirectoryImpl.java:analyzeStorage(137)) - The storage directory /home/runner/work/ozone/ozone/hadoop-ozone/integration-test/target/test-dir/MiniOzoneClusterImpl-3e5e392c-9910-47c9-9966-58048db8f0c6/datanode-0/data/ratis/9fdf0474-fa02-4f63-9935-f95e09b247df does not exist. Creating ...
2023-06-25 20:38:48,239 [93527257-01c8-41eb-ac3e-49482c20fdee-groupManagement] INFO  storage.RaftStorageDirectory (RaftStorageDirectoryImpl.java:tryLock(231)) - Lock on /home/runner/work/ozone/ozone/hadoop-ozone/integration-test/target/test-dir/MiniOzoneClusterImpl-3e5e392c-9910-47c9-9966-58048db8f0c6/datanode-0/data/ratis/9fdf0474-fa02-4f63-9935-f95e09b247df/in_use.lock acquired by nodename 7655@fv-az808-130
2023-06-25 20:38:48,240 [93527257-01c8-41eb-ac3e-49482c20fdee-groupManagement] INFO  storage.RaftStorage (RaftStorageImpl.java:format(96)) - Storage directory /home/runner/work/ozone/ozone/hadoop-ozone/integration-test/target/test-dir/MiniOzoneClusterImpl-3e5e392c-9910-47c9-9966-58048db8f0c6/datanode-0/data/ratis/9fdf0474-fa02-4f63-9935-f95e09b247df has been successfully formatted.
2023-06-25 20:38:48,241 [93527257-01c8-41eb-ac3e-49482c20fdee-groupManagement] INFO  ratis.ContainerStateMachine (ContainerStateMachine.java:loadSnapshot(262)) - group-F95E09B247DF: The snapshot info is null. Setting the last applied indexto:(t:0, i:~)
2023-06-25 20:38:48,241 [93527257-01c8-41eb-ac3e-49482c20fdee-groupManagement] INFO  server.RaftServerConfigKeys (ConfUtils.java:logGet(46)) - raft.server.log.use.memory = false (default)
2023-06-25 20:38:48,242 [93527257-01c8-41eb-ac3e-49482c20fdee-groupManagement] INFO  server.RaftServerConfigKeys (ConfUtils.java:logGet(46)) - raft.server.log.purge.gap = 1000000 (custom)
2023-06-25 20:38:48,242 [93527257-01c8-41eb-ac3e-49482c20fdee-groupManagement] INFO  server.RaftServerConfigKeys (ConfUtils.java:logGet(46)) - raft.server.log.appender.buffer.byte-limit = 33554432 (custom)
2023-06-25 20:38:48,242 [EventQueue-OpenPipelineForHealthyPipelineSafeModeRule] INFO  safemode.SCMSafeModeManager (HealthyPipelineSafeModeRule.java:process(137)) - SCM in safe mode. Healthy pipelines reported count is 0, required healthy pipeline reported count is 1
2023-06-25 20:38:48,242 [93527257-01c8-41eb-ac3e-49482c20fdee-groupManagement] INFO  server.RaftServerConfigKeys (ConfUtils.java:logGet(46)) - raft.server.log.statemachine.data.read.timeout = 1000ms (default)
2023-06-25 20:38:48,242 [93527257-01c8-41eb-ac3e-49482c20fdee-groupManagement] INFO  server.RaftServerConfigKeys (ConfUtils.java:logGet(46)) - raft.server.log.purge.preservation.log.num = 0 (default)
2023-06-25 20:38:48,243 [93527257-01c8-41eb-ac3e-49482c20fdee-groupManagement] INFO  server.RaftServerConfigKeys (ConfUtils.java:logGet(46)) - raft.server.log.segment.size.max = 1048576 (custom)
2023-06-25 20:38:48,243 [93527257-01c8-41eb-ac3e-49482c20fdee-groupManagement] INFO  server.RaftServerConfigKeys (ConfUtils.java:logGet(46)) - raft.server.log.segment.cache.num.max = 2 (custom)
2023-06-25 20:38:48,243 [93527257-01c8-41eb-ac3e-49482c20fdee-groupManagement] INFO  server.RaftServerConfigKeys (ConfUtils.java:logGet(46)) - raft.server.log.segment.cache.size.max = 200MB (=209715200) (default)
2023-06-25 20:38:48,243 [93527257-01c8-41eb-ac3e-49482c20fdee-groupManagement] INFO  server.RaftServerConfigKeys (ConfUtils.java:logGet(46)) - raft.server.log.appender.buffer.byte-limit = 33554432 (custom)
2023-06-25 20:38:48,243 [93527257-01c8-41eb-ac3e-49482c20fdee-groupManagement] INFO  segmented.SegmentedRaftLogWorker (SegmentedRaftLogWorker.java:<init>(188)) - new 93527257-01c8-41eb-ac3e-49482c20fdee@group-F95E09B247DF-SegmentedRaftLogWorker for RaftStorageImpl:Storage Directory /home/runner/work/ozone/ozone/hadoop-ozone/integration-test/target/test-dir/MiniOzoneClusterImpl-3e5e392c-9910-47c9-9966-58048db8f0c6/datanode-0/data/ratis/9fdf0474-fa02-4f63-9935-f95e09b247df
2023-06-25 20:38:48,243 [93527257-01c8-41eb-ac3e-49482c20fdee-groupManagement] INFO  server.RaftServerConfigKeys (ConfUtils.java:logGet(46)) - raft.server.log.queue.byte-limit = 4294967296 (custom)
2023-06-25 20:38:48,243 [93527257-01c8-41eb-ac3e-49482c20fdee-groupManagement] INFO  server.RaftServerConfigKeys (ConfUtils.java:logGet(46)) - raft.server.log.queue.element-limit = 1024 (custom)
2023-06-25 20:38:48,243 [93527257-01c8-41eb-ac3e-49482c20fdee-groupManagement] INFO  server.RaftServerConfigKeys (ConfUtils.java:logGet(46)) - raft.server.log.segment.size.max = 1048576 (custom)
2023-06-25 20:38:48,243 [93527257-01c8-41eb-ac3e-49482c20fdee-groupManagement] INFO  server.RaftServerConfigKeys (ConfUtils.java:logGet(46)) - raft.server.log.preallocated.size = 16384 (custom)
2023-06-25 20:38:48,243 [93527257-01c8-41eb-ac3e-49482c20fdee-groupManagement] INFO  server.RaftServerConfigKeys (ConfUtils.java:logGet(46)) - raft.server.log.force.sync.num = 128 (default)
2023-06-25 20:38:48,243 [93527257-01c8-41eb-ac3e-49482c20fdee-groupManagement] INFO  server.RaftServerConfigKeys (ConfUtils.java:logGet(46)) - raft.server.log.statemachine.data.sync = true (default)
2023-06-25 20:38:48,244 [93527257-01c8-41eb-ac3e-49482c20fdee-groupManagement] INFO  server.RaftServerConfigKeys (ConfUtils.java:logGet(46)) - raft.server.log.statemachine.data.sync.timeout = 10s (default)
2023-06-25 20:38:48,244 [93527257-01c8-41eb-ac3e-49482c20fdee-groupManagement] INFO  server.RaftServerConfigKeys (ConfUtils.java:logGet(46)) - raft.server.log.statemachine.data.sync.timeout.retry = -1 (default)
2023-06-25 20:38:48,244 [93527257-01c8-41eb-ac3e-49482c20fdee-groupManagement] INFO  server.RaftServerConfigKeys (ConfUtils.java:logGet(46)) - raft.server.log.write.buffer.size = 1048576 (custom)
2023-06-25 20:38:48,244 [93527257-01c8-41eb-ac3e-49482c20fdee-groupManagement] INFO  server.RaftServerConfigKeys (ConfUtils.java:logGet(46)) - raft.server.log.appender.buffer.byte-limit = 33554432 (custom)
2023-06-25 20:38:48,255 [93527257-01c8-41eb-ac3e-49482c20fdee-groupManagement] INFO  server.RaftServerConfigKeys (ConfUtils.java:logGet(46)) - raft.server.log.unsafe-flush.enabled = false (default)
2023-06-25 20:38:48,255 [93527257-01c8-41eb-ac3e-49482c20fdee-groupManagement] INFO  server.RaftServerConfigKeys (ConfUtils.java:logGet(46)) - raft.server.log.async-flush.enabled = false (default)
2023-06-25 20:38:48,255 [93527257-01c8-41eb-ac3e-49482c20fdee-groupManagement] INFO  server.RaftServerConfigKeys (ConfUtils.java:logGet(46)) - raft.server.log.statemachine.data.caching.enabled = true (custom)
2023-06-25 20:38:48,255 [93527257-01c8-41eb-ac3e-49482c20fdee-groupManagement] INFO  segmented.SegmentedRaftLogWorker (SegmentedRaftLogWorker.java:lambda$new$0(135)) - 93527257-01c8-41eb-ac3e-49482c20fdee@group-F95E09B247DF-SegmentedRaftLogWorker: flushIndex: setUnconditionally 0 -> -1
2023-06-25 20:38:48,255 [93527257-01c8-41eb-ac3e-49482c20fdee-groupManagement] INFO  segmented.SegmentedRaftLogWorker (SegmentedRaftLogWorker.java:lambda$new$0(135)) - 93527257-01c8-41eb-ac3e-49482c20fdee@group-F95E09B247DF-SegmentedRaftLogWorker: safeCacheEvictIndex: setUnconditionally 0 -> -1
2023-06-25 20:38:48,256 [93527257-01c8-41eb-ac3e-49482c20fdee-groupManagement] INFO  server.RaftServer$Division (RaftServerImpl.java:start(342)) - 93527257-01c8-41eb-ac3e-49482c20fdee@group-F95E09B247DF: start as a follower, conf=-1: peers:[a7b978ac-5579-421c-88f8-8216da815ec4|rpc:10.1.0.20:15093|admin:10.1.0.20:15092|client:10.1.0.20:15091|dataStream:10.1.0.20:15094|priority:1|startupRole:FOLLOWER, 93527257-01c8-41eb-ac3e-49482c20fdee|rpc:10.1.0.20:15084|admin:10.1.0.20:15083|client:10.1.0.20:15082|dataStream:10.1.0.20:15085|priority:0|startupRole:FOLLOWER, 97b3bde5-dca1-47ee-b202-78dc9f7ada5a|rpc:10.1.0.20:15102|admin:10.1.0.20:15101|client:10.1.0.20:15100|dataStream:10.1.0.20:15103|priority:0|startupRole:FOLLOWER]|listeners:[], old=null
2023-06-25 20:38:48,256 [93527257-01c8-41eb-ac3e-49482c20fdee-groupManagement] INFO  server.RaftServer$Division (RaftServerImpl.java:setRole(329)) - 93527257-01c8-41eb-ac3e-49482c20fdee@group-F95E09B247DF: changes role from      null to FOLLOWER at term 0 for startAsFollower
2023-06-25 20:38:48,256 [93527257-01c8-41eb-ac3e-49482c20fdee-groupManagement] INFO  impl.RoleInfo (RoleInfo.java:updateAndGet(139)) - 93527257-01c8-41eb-ac3e-49482c20fdee: start 93527257-01c8-41eb-ac3e-49482c20fdee@group-F95E09B247DF-FollowerState
2023-06-25 20:38:48,261 [93527257-01c8-41eb-ac3e-49482c20fdee-groupManagement] INFO  util.JmxRegister (JmxRegister.java:tryRegister(44)) - Successfully registered JMX Bean with object name Ratis:service=RaftServer,group=group-F95E09B247DF,id=93527257-01c8-41eb-ac3e-49482c20fdee
2023-06-25 20:38:48,261 [93527257-01c8-41eb-ac3e-49482c20fdee-groupManagement] INFO  server.RaftServerConfigKeys (ConfUtils.java:logGet(46)) - raft.server.snapshot.auto.trigger.enabled = true (custom)
2023-06-25 20:38:48,261 [93527257-01c8-41eb-ac3e-49482c20fdee-groupManagement] INFO  server.RaftServerConfigKeys (ConfUtils.java:logGet(46)) - raft.server.snapshot.auto.trigger.threshold = 10000 (custom)
2023-06-25 20:38:48,261 [93527257-01c8-41eb-ac3e-49482c20fdee-groupManagement] INFO  server.RaftServerConfigKeys (ConfUtils.java:logGet(46)) - raft.server.snapshot.retention.file.num = 5 (custom)
2023-06-25 20:38:48,261 [93527257-01c8-41eb-ac3e-49482c20fdee-groupManagement] INFO  server.RaftServerConfigKeys (ConfUtils.java:logGet(46)) - raft.server.log.purge.upto.snapshot.index = false (default)
2023-06-25 20:38:48,262 [93527257-01c8-41eb-ac3e-49482c20fdee@group-F95E09B247DF-FollowerState] INFO  server.RaftServerConfigKeys (ConfUtils.java:logFallback(53)) - raft.server.rpc.first-election.timeout.min = 5s (fallback to raft.server.rpc.timeout.min)
2023-06-25 20:38:48,262 [93527257-01c8-41eb-ac3e-49482c20fdee@group-F95E09B247DF-FollowerState] INFO  server.RaftServerConfigKeys (ConfUtils.java:logFallback(53)) - raft.server.rpc.first-election.timeout.max = 5200ms (fallback to raft.server.rpc.timeout.max)
2023-06-25 20:38:48,262 [PipelineCommandHandlerThread-0] INFO  ratis.XceiverServerRatis (XceiverServerRatis.java:addGroup(804)) - Created group PipelineID=9fdf0474-fa02-4f63-9935-f95e09b247df
2023-06-25 20:38:48,274 [grpc-default-executor-0] INFO  server.RaftServer (RaftServerProxy.java:addNew(98)) - a7b978ac-5579-421c-88f8-8216da815ec4: addNew group-F95E09B247DF:[a7b978ac-5579-421c-88f8-8216da815ec4|rpc:10.1.0.20:15093|admin:10.1.0.20:15092|client:10.1.0.20:15091|dataStream:10.1.0.20:15094|priority:1|startupRole:FOLLOWER, 93527257-01c8-41eb-ac3e-49482c20fdee|rpc:10.1.0.20:15084|admin:10.1.0.20:15083|client:10.1.0.20:15082|dataStream:10.1.0.20:15085|priority:0|startupRole:FOLLOWER, 97b3bde5-dca1-47ee-b202-78dc9f7ada5a|rpc:10.1.0.20:15102|admin:10.1.0.20:15101|client:10.1.0.20:15100|dataStream:10.1.0.20:15103|priority:0|startupRole:FOLLOWER] returns group-F95E09B247DF:java.util.concurrent.CompletableFuture@1f4e66d2[Not completed]
2023-06-25 20:38:48,275 [a7b978ac-5579-421c-88f8-8216da815ec4-groupManagement] INFO  server.RaftServer$Division (RaftServerImpl.java:<init>(198)) - a7b978ac-5579-421c-88f8-8216da815ec4: new RaftServerImpl for group-F95E09B247DF:[a7b978ac-5579-421c-88f8-8216da815ec4|rpc:10.1.0.20:15093|admin:10.1.0.20:15092|client:10.1.0.20:15091|dataStream:10.1.0.20:15094|priority:1|startupRole:FOLLOWER, 93527257-01c8-41eb-ac3e-49482c20fdee|rpc:10.1.0.20:15084|admin:10.1.0.20:15083|client:10.1.0.20:15082|dataStream:10.1.0.20:15085|priority:0|startupRole:FOLLOWER, 97b3bde5-dca1-47ee-b202-78dc9f7ada5a|rpc:10.1.0.20:15102|admin:10.1.0.20:15101|client:10.1.0.20:15100|dataStream:10.1.0.20:15103|priority:0|startupRole:FOLLOWER] with ContainerStateMachine:uninitialized
2023-06-25 20:38:48,275 [a7b978ac-5579-421c-88f8-8216da815ec4-groupManagement] INFO  server.RaftServerConfigKeys (ConfUtils.java:logGet(46)) - raft.server.rpc.timeout.min = 5s (custom)
2023-06-25 20:38:48,275 [a7b978ac-5579-421c-88f8-8216da815ec4-groupManagement] INFO  server.RaftServerConfigKeys (ConfUtils.java:logGet(46)) - raft.server.rpc.timeout.max = 5200ms (custom)
2023-06-25 20:38:48,275 [a7b978ac-5579-421c-88f8-8216da815ec4-groupManagement] INFO  server.RaftServerConfigKeys (ConfUtils.java:logGet(46)) - raft.server.rpc.sleep.time = 25ms (default)
2023-06-25 20:38:48,275 [a7b978ac-5579-421c-88f8-8216da815ec4-groupManagement] INFO  server.RaftServerConfigKeys (ConfUtils.java:logGet(46)) - raft.server.rpc.slowness.timeout = 300s (custom)
2023-06-25 20:38:48,275 [a7b978ac-5579-421c-88f8-8216da815ec4-groupManagement] INFO  server.RaftServerConfigKeys (ConfUtils.java:logGet(46)) - raft.server.leaderelection.leader.step-down.wait-time = 10s (default)
2023-06-25 20:38:48,275 [a7b978ac-5579-421c-88f8-8216da815ec4-groupManagement] INFO  server.RaftServerConfigKeys (ConfUtils.java:logGet(46)) - raft.server.sleep.deviation.threshold = 300ms (default)
2023-06-25 20:38:48,275 [a7b978ac-5579-421c-88f8-8216da815ec4-groupManagement] INFO  server.RaftServer$Division (ServerState.java:<init>(120)) - a7b978ac-5579-421c-88f8-8216da815ec4@group-F95E09B247DF: ConfigurationManager, init=-1: peers:[a7b978ac-5579-421c-88f8-8216da815ec4|rpc:10.1.0.20:15093|admin:10.1.0.20:15092|client:10.1.0.20:15091|dataStream:10.1.0.20:15094|priority:1|startupRole:FOLLOWER, 93527257-01c8-41eb-ac3e-49482c20fdee|rpc:10.1.0.20:15084|admin:10.1.0.20:15083|client:10.1.0.20:15082|dataStream:10.1.0.20:15085|priority:0|startupRole:FOLLOWER, 97b3bde5-dca1-47ee-b202-78dc9f7ada5a|rpc:10.1.0.20:15102|admin:10.1.0.20:15101|client:10.1.0.20:15100|dataStream:10.1.0.20:15103|priority:0|startupRole:FOLLOWER]|listeners:[], old=null, confs=<EMPTY_MAP>
2023-06-25 20:38:48,275 [a7b978ac-5579-421c-88f8-8216da815ec4-groupManagement] INFO  server.RaftServerConfigKeys (ConfUtils.java:logGet(46)) - raft.server.storage.dir = [/home/runner/work/ozone/ozone/hadoop-ozone/integration-test/target/test-dir/MiniOzoneClusterImpl-3e5e392c-9910-47c9-9966-58048db8f0c6/datanode-1/data/ratis] (custom)
2023-06-25 20:38:48,276 [a7b978ac-5579-421c-88f8-8216da815ec4-groupManagement] INFO  server.RaftServerConfigKeys (ConfUtils.java:logGet(46)) - raft.server.log.corruption.policy = EXCEPTION (default)
2023-06-25 20:38:48,276 [a7b978ac-5579-421c-88f8-8216da815ec4-groupManagement] INFO  server.RaftServerConfigKeys (ConfUtils.java:logGet(46)) - raft.server.storage.free-space.min = 0MB (=0) (default)
2023-06-25 20:38:48,276 [a7b978ac-5579-421c-88f8-8216da815ec4-groupManagement] INFO  server.RaftServerConfigKeys (ConfUtils.java:logGet(46)) - raft.server.notification.no-leader.timeout = 300s (custom)
2023-06-25 20:38:48,276 [a7b978ac-5579-421c-88f8-8216da815ec4-groupManagement] INFO  server.RaftServerConfigKeys (ConfUtils.java:logGet(46)) - raft.server.read.timeout = 10s (default)
2023-06-25 20:38:48,276 [a7b978ac-5579-421c-88f8-8216da815ec4-groupManagement] INFO  server.RaftServerConfigKeys (ConfUtils.java:logGet(46)) - raft.server.retrycache.expirytime = 600000ms (custom)
2023-06-25 20:38:48,276 [a7b978ac-5579-421c-88f8-8216da815ec4-groupManagement] INFO  server.RaftServerConfigKeys (ConfUtils.java:logGet(46)) - raft.server.retrycache.statistics.expirytime = 100μs (default)
2023-06-25 20:38:48,276 [a7b978ac-5579-421c-88f8-8216da815ec4-groupManagement] INFO  server.RaftServerConfigKeys (ConfUtils.java:logGet(46)) - raft.server.read.option = DEFAULT (default)
2023-06-25 20:38:48,277 [a7b978ac-5579-421c-88f8-8216da815ec4-groupManagement] INFO  server.RaftServerConfigKeys (ConfUtils.java:logGet(46)) - raft.server.rpc.request.timeout = 60s (custom)
2023-06-25 20:38:48,278 [a7b978ac-5579-421c-88f8-8216da815ec4-groupManagement] INFO  server.RaftServerConfigKeys (ConfUtils.java:logGet(46)) - raft.server.log.appender.install.snapshot.enabled = false (custom)
2023-06-25 20:38:48,278 [a7b978ac-5579-421c-88f8-8216da815ec4-groupManagement] INFO  server.RaftServerConfigKeys (ConfUtils.java:logGet(46)) - raft.server.threadpool.server.cached = true (default)
2023-06-25 20:38:48,278 [a7b978ac-5579-421c-88f8-8216da815ec4-groupManagement] INFO  server.RaftServerConfigKeys (ConfUtils.java:logGet(46)) - raft.server.threadpool.server.size = 0 (default)
2023-06-25 20:38:48,278 [a7b978ac-5579-421c-88f8-8216da815ec4-groupManagement] INFO  server.RaftServerConfigKeys (ConfUtils.java:logGet(46)) - raft.server.threadpool.client.cached = true (default)
2023-06-25 20:38:48,278 [a7b978ac-5579-421c-88f8-8216da815ec4-groupManagement] INFO  server.RaftServerConfigKeys (ConfUtils.java:logGet(46)) - raft.server.threadpool.client.size = 0 (default)
2023-06-25 20:38:48,278 [a7b978ac-5579-421c-88f8-8216da815ec4-groupManagement] INFO  storage.RaftStorageDirectory (RaftStorageDirectoryImpl.java:analyzeStorage(137)) - The storage directory /home/runner/work/ozone/ozone/hadoop-ozone/integration-test/target/test-dir/MiniOzoneClusterImpl-3e5e392c-9910-47c9-9966-58048db8f0c6/datanode-1/data/ratis/9fdf0474-fa02-4f63-9935-f95e09b247df does not exist. Creating ...
2023-06-25 20:38:48,279 [a7b978ac-5579-421c-88f8-8216da815ec4-groupManagement] INFO  storage.RaftStorageDirectory (RaftStorageDirectoryImpl.java:tryLock(231)) - Lock on /home/runner/work/ozone/ozone/hadoop-ozone/integration-test/target/test-dir/MiniOzoneClusterImpl-3e5e392c-9910-47c9-9966-58048db8f0c6/datanode-1/data/ratis/9fdf0474-fa02-4f63-9935-f95e09b247df/in_use.lock acquired by nodename 7655@fv-az808-130
2023-06-25 20:38:48,280 [a7b978ac-5579-421c-88f8-8216da815ec4-groupManagement] INFO  storage.RaftStorage (RaftStorageImpl.java:format(96)) - Storage directory /home/runner/work/ozone/ozone/hadoop-ozone/integration-test/target/test-dir/MiniOzoneClusterImpl-3e5e392c-9910-47c9-9966-58048db8f0c6/datanode-1/data/ratis/9fdf0474-fa02-4f63-9935-f95e09b247df has been successfully formatted.
2023-06-25 20:38:48,281 [a7b978ac-5579-421c-88f8-8216da815ec4-groupManagement] INFO  ratis.ContainerStateMachine (ContainerStateMachine.java:loadSnapshot(262)) - group-F95E09B247DF: The snapshot info is null. Setting the last applied indexto:(t:0, i:~)
2023-06-25 20:38:48,281 [a7b978ac-5579-421c-88f8-8216da815ec4-groupManagement] INFO  server.RaftServerConfigKeys (ConfUtils.java:logGet(46)) - raft.server.log.use.memory = false (default)
2023-06-25 20:38:48,281 [a7b978ac-5579-421c-88f8-8216da815ec4-groupManagement] INFO  server.RaftServerConfigKeys (ConfUtils.java:logGet(46)) - raft.server.log.purge.gap = 1000000 (custom)
2023-06-25 20:38:48,285 [a7b978ac-5579-421c-88f8-8216da815ec4-groupManagement] INFO  server.RaftServerConfigKeys (ConfUtils.java:logGet(46)) - raft.server.log.appender.buffer.byte-limit = 33554432 (custom)
2023-06-25 20:38:48,285 [a7b978ac-5579-421c-88f8-8216da815ec4-groupManagement] INFO  server.RaftServerConfigKeys (ConfUtils.java:logGet(46)) - raft.server.log.statemachine.data.read.timeout = 1000ms (default)
2023-06-25 20:38:48,285 [a7b978ac-5579-421c-88f8-8216da815ec4-groupManagement] INFO  server.RaftServerConfigKeys (ConfUtils.java:logGet(46)) - raft.server.log.purge.preservation.log.num = 0 (default)
2023-06-25 20:38:48,285 [a7b978ac-5579-421c-88f8-8216da815ec4-groupManagement] INFO  server.RaftServerConfigKeys (ConfUtils.java:logGet(46)) - raft.server.log.segment.size.max = 1048576 (custom)
2023-06-25 20:38:48,286 [a7b978ac-5579-421c-88f8-8216da815ec4-groupManagement] INFO  server.RaftServerConfigKeys (ConfUtils.java:logGet(46)) - raft.server.log.segment.cache.num.max = 2 (custom)
2023-06-25 20:38:48,286 [a7b978ac-5579-421c-88f8-8216da815ec4-groupManagement] INFO  server.RaftServerConfigKeys (ConfUtils.java:logGet(46)) - raft.server.log.segment.cache.size.max = 200MB (=209715200) (default)
2023-06-25 20:38:48,286 [a7b978ac-5579-421c-88f8-8216da815ec4-groupManagement] INFO  server.RaftServerConfigKeys (ConfUtils.java:logGet(46)) - raft.server.log.appender.buffer.byte-limit = 33554432 (custom)
2023-06-25 20:38:48,286 [a7b978ac-5579-421c-88f8-8216da815ec4-groupManagement] INFO  segmented.SegmentedRaftLogWorker (SegmentedRaftLogWorker.java:<init>(188)) - new a7b978ac-5579-421c-88f8-8216da815ec4@group-F95E09B247DF-SegmentedRaftLogWorker for RaftStorageImpl:Storage Directory /home/runner/work/ozone/ozone/hadoop-ozone/integration-test/target/test-dir/MiniOzoneClusterImpl-3e5e392c-9910-47c9-9966-58048db8f0c6/datanode-1/data/ratis/9fdf0474-fa02-4f63-9935-f95e09b247df
2023-06-25 20:38:48,286 [a7b978ac-5579-421c-88f8-8216da815ec4-groupManagement] INFO  server.RaftServerConfigKeys (ConfUtils.java:logGet(46)) - raft.server.log.queue.byte-limit = 4294967296 (custom)
2023-06-25 20:38:48,286 [a7b978ac-5579-421c-88f8-8216da815ec4-groupManagement] INFO  server.RaftServerConfigKeys (ConfUtils.java:logGet(46)) - raft.server.log.queue.element-limit = 1024 (custom)
2023-06-25 20:38:48,286 [a7b978ac-5579-421c-88f8-8216da815ec4-groupManagement] INFO  server.RaftServerConfigKeys (ConfUtils.java:logGet(46)) - raft.server.log.segment.size.max = 1048576 (custom)
2023-06-25 20:38:48,286 [a7b978ac-5579-421c-88f8-8216da815ec4-groupManagement] INFO  server.RaftServerConfigKeys (ConfUtils.java:logGet(46)) - raft.server.log.preallocated.size = 16384 (custom)
2023-06-25 20:38:48,287 [a7b978ac-5579-421c-88f8-8216da815ec4-groupManagement] INFO  server.RaftServerConfigKeys (ConfUtils.java:logGet(46)) - raft.server.log.force.sync.num = 128 (default)
2023-06-25 20:38:48,287 [a7b978ac-5579-421c-88f8-8216da815ec4-groupManagement] INFO  server.RaftServerConfigKeys (ConfUtils.java:logGet(46)) - raft.server.log.statemachine.data.sync = true (default)
2023-06-25 20:38:48,287 [a7b978ac-5579-421c-88f8-8216da815ec4-groupManagement] INFO  server.RaftServerConfigKeys (ConfUtils.java:logGet(46)) - raft.server.log.statemachine.data.sync.timeout = 10s (default)
2023-06-25 20:38:48,287 [a7b978ac-5579-421c-88f8-8216da815ec4-groupManagement] INFO  server.RaftServerConfigKeys (ConfUtils.java:logGet(46)) - raft.server.log.statemachine.data.sync.timeout.retry = -1 (default)
2023-06-25 20:38:48,287 [a7b978ac-5579-421c-88f8-8216da815ec4-groupManagement] INFO  server.RaftServerConfigKeys (ConfUtils.java:logGet(46)) - raft.server.log.write.buffer.size = 1048576 (custom)
2023-06-25 20:38:48,288 [a7b978ac-5579-421c-88f8-8216da815ec4-groupManagement] INFO  server.RaftServerConfigKeys (ConfUtils.java:logGet(46)) - raft.server.log.appender.buffer.byte-limit = 33554432 (custom)
2023-06-25 20:38:48,295 [a7b978ac-5579-421c-88f8-8216da815ec4-groupManagement] INFO  server.RaftServerConfigKeys (ConfUtils.java:logGet(46)) - raft.server.log.unsafe-flush.enabled = false (default)
2023-06-25 20:38:48,295 [a7b978ac-5579-421c-88f8-8216da815ec4-groupManagement] INFO  server.RaftServerConfigKeys (ConfUtils.java:logGet(46)) - raft.server.log.async-flush.enabled = false (default)
2023-06-25 20:38:48,295 [a7b978ac-5579-421c-88f8-8216da815ec4-groupManagement] INFO  server.RaftServerConfigKeys (ConfUtils.java:logGet(46)) - raft.server.log.statemachine.data.caching.enabled = true (custom)
2023-06-25 20:38:48,295 [a7b978ac-5579-421c-88f8-8216da815ec4-groupManagement] INFO  segmented.SegmentedRaftLogWorker (SegmentedRaftLogWorker.java:lambda$new$0(135)) - a7b978ac-5579-421c-88f8-8216da815ec4@group-F95E09B247DF-SegmentedRaftLogWorker: flushIndex: setUnconditionally 0 -> -1
2023-06-25 20:38:48,296 [a7b978ac-5579-421c-88f8-8216da815ec4-groupManagement] INFO  segmented.SegmentedRaftLogWorker (SegmentedRaftLogWorker.java:lambda$new$0(135)) - a7b978ac-5579-421c-88f8-8216da815ec4@group-F95E09B247DF-SegmentedRaftLogWorker: safeCacheEvictIndex: setUnconditionally 0 -> -1
2023-06-25 20:38:48,296 [a7b978ac-5579-421c-88f8-8216da815ec4-groupManagement] INFO  server.RaftServer$Division (RaftServerImpl.java:start(342)) - a7b978ac-5579-421c-88f8-8216da815ec4@group-F95E09B247DF: start as a follower, conf=-1: peers:[a7b978ac-5579-421c-88f8-8216da815ec4|rpc:10.1.0.20:15093|admin:10.1.0.20:15092|client:10.1.0.20:15091|dataStream:10.1.0.20:15094|priority:1|startupRole:FOLLOWER, 93527257-01c8-41eb-ac3e-49482c20fdee|rpc:10.1.0.20:15084|admin:10.1.0.20:15083|client:10.1.0.20:15082|dataStream:10.1.0.20:15085|priority:0|startupRole:FOLLOWER, 97b3bde5-dca1-47ee-b202-78dc9f7ada5a|rpc:10.1.0.20:15102|admin:10.1.0.20:15101|client:10.1.0.20:15100|dataStream:10.1.0.20:15103|priority:0|startupRole:FOLLOWER]|listeners:[], old=null
2023-06-25 20:38:48,296 [a7b978ac-5579-421c-88f8-8216da815ec4-groupManagement] INFO  server.RaftServer$Division (RaftServerImpl.java:setRole(329)) - a7b978ac-5579-421c-88f8-8216da815ec4@group-F95E09B247DF: changes role from      null to FOLLOWER at term 0 for startAsFollower
2023-06-25 20:38:48,296 [a7b978ac-5579-421c-88f8-8216da815ec4-groupManagement] INFO  impl.RoleInfo (RoleInfo.java:updateAndGet(139)) - a7b978ac-5579-421c-88f8-8216da815ec4: start a7b978ac-5579-421c-88f8-8216da815ec4@group-F95E09B247DF-FollowerState
2023-06-25 20:38:48,296 [a7b978ac-5579-421c-88f8-8216da815ec4@group-F95E09B247DF-FollowerState] INFO  server.RaftServerConfigKeys (ConfUtils.java:logFallback(53)) - raft.server.rpc.first-election.timeout.min = 5s (fallback to raft.server.rpc.timeout.min)
2023-06-25 20:38:48,296 [a7b978ac-5579-421c-88f8-8216da815ec4-groupManagement] INFO  util.JmxRegister (JmxRegister.java:tryRegister(44)) - Successfully registered JMX Bean with object name Ratis:service=RaftServer,group=group-F95E09B247DF,id=a7b978ac-5579-421c-88f8-8216da815ec4
2023-06-25 20:38:48,297 [a7b978ac-5579-421c-88f8-8216da815ec4@group-F95E09B247DF-FollowerState] INFO  server.RaftServerConfigKeys (ConfUtils.java:logFallback(53)) - raft.server.rpc.first-election.timeout.max = 5200ms (fallback to raft.server.rpc.timeout.max)
2023-06-25 20:38:48,297 [a7b978ac-5579-421c-88f8-8216da815ec4-groupManagement] INFO  server.RaftServerConfigKeys (ConfUtils.java:logGet(46)) - raft.server.snapshot.auto.trigger.enabled = true (custom)
2023-06-25 20:38:48,297 [a7b978ac-5579-421c-88f8-8216da815ec4-groupManagement] INFO  server.RaftServerConfigKeys (ConfUtils.java:logGet(46)) - raft.server.snapshot.auto.trigger.threshold = 10000 (custom)
2023-06-25 20:38:48,297 [a7b978ac-5579-421c-88f8-8216da815ec4-groupManagement] INFO  server.RaftServerConfigKeys (ConfUtils.java:logGet(46)) - raft.server.snapshot.retention.file.num = 5 (custom)
2023-06-25 20:38:48,297 [a7b978ac-5579-421c-88f8-8216da815ec4-groupManagement] INFO  server.RaftServerConfigKeys (ConfUtils.java:logGet(46)) - raft.server.log.purge.upto.snapshot.index = false (default)
2023-06-25 20:38:48,321 [grpc-default-executor-0] INFO  server.RaftServer (RaftServerProxy.java:addNew(98)) - 97b3bde5-dca1-47ee-b202-78dc9f7ada5a: addNew group-F95E09B247DF:[a7b978ac-5579-421c-88f8-8216da815ec4|rpc:10.1.0.20:15093|admin:10.1.0.20:15092|client:10.1.0.20:15091|dataStream:10.1.0.20:15094|priority:1|startupRole:FOLLOWER, 93527257-01c8-41eb-ac3e-49482c20fdee|rpc:10.1.0.20:15084|admin:10.1.0.20:15083|client:10.1.0.20:15082|dataStream:10.1.0.20:15085|priority:0|startupRole:FOLLOWER, 97b3bde5-dca1-47ee-b202-78dc9f7ada5a|rpc:10.1.0.20:15102|admin:10.1.0.20:15101|client:10.1.0.20:15100|dataStream:10.1.0.20:15103|priority:0|startupRole:FOLLOWER] returns group-F95E09B247DF:java.util.concurrent.CompletableFuture@45605f07[Not completed]
2023-06-25 20:38:48,322 [97b3bde5-dca1-47ee-b202-78dc9f7ada5a-groupManagement] INFO  server.RaftServer$Division (RaftServerImpl.java:<init>(198)) - 97b3bde5-dca1-47ee-b202-78dc9f7ada5a: new RaftServerImpl for group-F95E09B247DF:[a7b978ac-5579-421c-88f8-8216da815ec4|rpc:10.1.0.20:15093|admin:10.1.0.20:15092|client:10.1.0.20:15091|dataStream:10.1.0.20:15094|priority:1|startupRole:FOLLOWER, 93527257-01c8-41eb-ac3e-49482c20fdee|rpc:10.1.0.20:15084|admin:10.1.0.20:15083|client:10.1.0.20:15082|dataStream:10.1.0.20:15085|priority:0|startupRole:FOLLOWER, 97b3bde5-dca1-47ee-b202-78dc9f7ada5a|rpc:10.1.0.20:15102|admin:10.1.0.20:15101|client:10.1.0.20:15100|dataStream:10.1.0.20:15103|priority:0|startupRole:FOLLOWER] with ContainerStateMachine:uninitialized
2023-06-25 20:38:48,322 [97b3bde5-dca1-47ee-b202-78dc9f7ada5a-groupManagement] INFO  server.RaftServerConfigKeys (ConfUtils.java:logGet(46)) - raft.server.rpc.timeout.min = 5s (custom)
2023-06-25 20:38:48,322 [97b3bde5-dca1-47ee-b202-78dc9f7ada5a-groupManagement] INFO  server.RaftServerConfigKeys (ConfUtils.java:logGet(46)) - raft.server.rpc.timeout.max = 5200ms (custom)
2023-06-25 20:38:48,323 [97b3bde5-dca1-47ee-b202-78dc9f7ada5a-groupManagement] INFO  server.RaftServerConfigKeys (ConfUtils.java:logGet(46)) - raft.server.rpc.sleep.time = 25ms (default)
2023-06-25 20:38:48,323 [97b3bde5-dca1-47ee-b202-78dc9f7ada5a-groupManagement] INFO  server.RaftServerConfigKeys (ConfUtils.java:logGet(46)) - raft.server.rpc.slowness.timeout = 300s (custom)
2023-06-25 20:38:48,323 [97b3bde5-dca1-47ee-b202-78dc9f7ada5a-groupManagement] INFO  server.RaftServerConfigKeys (ConfUtils.java:logGet(46)) - raft.server.leaderelection.leader.step-down.wait-time = 10s (default)
2023-06-25 20:38:48,323 [97b3bde5-dca1-47ee-b202-78dc9f7ada5a-groupManagement] INFO  server.RaftServerConfigKeys (ConfUtils.java:logGet(46)) - raft.server.sleep.deviation.threshold = 300ms (default)
2023-06-25 20:38:48,323 [97b3bde5-dca1-47ee-b202-78dc9f7ada5a-groupManagement] INFO  server.RaftServer$Division (ServerState.java:<init>(120)) - 97b3bde5-dca1-47ee-b202-78dc9f7ada5a@group-F95E09B247DF: ConfigurationManager, init=-1: peers:[a7b978ac-5579-421c-88f8-8216da815ec4|rpc:10.1.0.20:15093|admin:10.1.0.20:15092|client:10.1.0.20:15091|dataStream:10.1.0.20:15094|priority:1|startupRole:FOLLOWER, 93527257-01c8-41eb-ac3e-49482c20fdee|rpc:10.1.0.20:15084|admin:10.1.0.20:15083|client:10.1.0.20:15082|dataStream:10.1.0.20:15085|priority:0|startupRole:FOLLOWER, 97b3bde5-dca1-47ee-b202-78dc9f7ada5a|rpc:10.1.0.20:15102|admin:10.1.0.20:15101|client:10.1.0.20:15100|dataStream:10.1.0.20:15103|priority:0|startupRole:FOLLOWER]|listeners:[], old=null, confs=<EMPTY_MAP>
2023-06-25 20:38:48,323 [97b3bde5-dca1-47ee-b202-78dc9f7ada5a-groupManagement] INFO  server.RaftServerConfigKeys (ConfUtils.java:logGet(46)) - raft.server.storage.dir = [/home/runner/work/ozone/ozone/hadoop-ozone/integration-test/target/test-dir/MiniOzoneClusterImpl-3e5e392c-9910-47c9-9966-58048db8f0c6/datanode-2/data/ratis] (custom)
2023-06-25 20:38:48,323 [97b3bde5-dca1-47ee-b202-78dc9f7ada5a-groupManagement] INFO  server.RaftServerConfigKeys (ConfUtils.java:logGet(46)) - raft.server.log.corruption.policy = EXCEPTION (default)
2023-06-25 20:38:48,323 [97b3bde5-dca1-47ee-b202-78dc9f7ada5a-groupManagement] INFO  server.RaftServerConfigKeys (ConfUtils.java:logGet(46)) - raft.server.storage.free-space.min = 0MB (=0) (default)
2023-06-25 20:38:48,323 [97b3bde5-dca1-47ee-b202-78dc9f7ada5a-groupManagement] INFO  server.RaftServerConfigKeys (ConfUtils.java:logGet(46)) - raft.server.notification.no-leader.timeout = 300s (custom)
2023-06-25 20:38:48,323 [97b3bde5-dca1-47ee-b202-78dc9f7ada5a-groupManagement] INFO  server.RaftServerConfigKeys (ConfUtils.java:logGet(46)) - raft.server.read.timeout = 10s (default)
2023-06-25 20:38:48,323 [97b3bde5-dca1-47ee-b202-78dc9f7ada5a-groupManagement] INFO  server.RaftServerConfigKeys (ConfUtils.java:logGet(46)) - raft.server.retrycache.expirytime = 600000ms (custom)
2023-06-25 20:38:48,323 [97b3bde5-dca1-47ee-b202-78dc9f7ada5a-groupManagement] INFO  server.RaftServerConfigKeys (ConfUtils.java:logGet(46)) - raft.server.retrycache.statistics.expirytime = 100μs (default)
2023-06-25 20:38:48,323 [97b3bde5-dca1-47ee-b202-78dc9f7ada5a-groupManagement] INFO  server.RaftServerConfigKeys (ConfUtils.java:logGet(46)) - raft.server.read.option = DEFAULT (default)
2023-06-25 20:38:48,324 [97b3bde5-dca1-47ee-b202-78dc9f7ada5a-groupManagement] INFO  server.RaftServerConfigKeys (ConfUtils.java:logGet(46)) - raft.server.rpc.request.timeout = 60s (custom)
2023-06-25 20:38:48,324 [97b3bde5-dca1-47ee-b202-78dc9f7ada5a-groupManagement] INFO  server.RaftServerConfigKeys (ConfUtils.java:logGet(46)) - raft.server.log.appender.install.snapshot.enabled = false (custom)
2023-06-25 20:38:48,324 [97b3bde5-dca1-47ee-b202-78dc9f7ada5a-groupManagement] INFO  server.RaftServerConfigKeys (ConfUtils.java:logGet(46)) - raft.server.threadpool.server.cached = true (default)
2023-06-25 20:38:48,324 [97b3bde5-dca1-47ee-b202-78dc9f7ada5a-groupManagement] INFO  server.RaftServerConfigKeys (ConfUtils.java:logGet(46)) - raft.server.threadpool.server.size = 0 (default)
2023-06-25 20:38:48,324 [97b3bde5-dca1-47ee-b202-78dc9f7ada5a-groupManagement] INFO  server.RaftServerConfigKeys (ConfUtils.java:logGet(46)) - raft.server.threadpool.client.cached = true (default)
2023-06-25 20:38:48,324 [97b3bde5-dca1-47ee-b202-78dc9f7ada5a-groupManagement] INFO  server.RaftServerConfigKeys (ConfUtils.java:logGet(46)) - raft.server.threadpool.client.size = 0 (default)
2023-06-25 20:38:48,325 [97b3bde5-dca1-47ee-b202-78dc9f7ada5a-groupManagement] INFO  storage.RaftStorageDirectory (RaftStorageDirectoryImpl.java:analyzeStorage(137)) - The storage directory /home/runner/work/ozone/ozone/hadoop-ozone/integration-test/target/test-dir/MiniOzoneClusterImpl-3e5e392c-9910-47c9-9966-58048db8f0c6/datanode-2/data/ratis/9fdf0474-fa02-4f63-9935-f95e09b247df does not exist. Creating ...
2023-06-25 20:38:48,328 [97b3bde5-dca1-47ee-b202-78dc9f7ada5a-groupManagement] INFO  storage.RaftStorageDirectory (RaftStorageDirectoryImpl.java:tryLock(231)) - Lock on /home/runner/work/ozone/ozone/hadoop-ozone/integration-test/target/test-dir/MiniOzoneClusterImpl-3e5e392c-9910-47c9-9966-58048db8f0c6/datanode-2/data/ratis/9fdf0474-fa02-4f63-9935-f95e09b247df/in_use.lock acquired by nodename 7655@fv-az808-130
2023-06-25 20:38:48,330 [97b3bde5-dca1-47ee-b202-78dc9f7ada5a-groupManagement] INFO  storage.RaftStorage (RaftStorageImpl.java:format(96)) - Storage directory /home/runner/work/ozone/ozone/hadoop-ozone/integration-test/target/test-dir/MiniOzoneClusterImpl-3e5e392c-9910-47c9-9966-58048db8f0c6/datanode-2/data/ratis/9fdf0474-fa02-4f63-9935-f95e09b247df has been successfully formatted.
2023-06-25 20:38:48,331 [97b3bde5-dca1-47ee-b202-78dc9f7ada5a-groupManagement] INFO  ratis.ContainerStateMachine (ContainerStateMachine.java:loadSnapshot(262)) - group-F95E09B247DF: The snapshot info is null. Setting the last applied indexto:(t:0, i:~)
2023-06-25 20:38:48,331 [97b3bde5-dca1-47ee-b202-78dc9f7ada5a-groupManagement] INFO  server.RaftServerConfigKeys (ConfUtils.java:logGet(46)) - raft.server.log.use.memory = false (default)
2023-06-25 20:38:48,331 [97b3bde5-dca1-47ee-b202-78dc9f7ada5a-groupManagement] INFO  server.RaftServerConfigKeys (ConfUtils.java:logGet(46)) - raft.server.log.purge.gap = 1000000 (custom)
2023-06-25 20:38:48,332 [97b3bde5-dca1-47ee-b202-78dc9f7ada5a-groupManagement] INFO  server.RaftServerConfigKeys (ConfUtils.java:logGet(46)) - raft.server.log.appender.buffer.byte-limit = 33554432 (custom)
2023-06-25 20:38:48,332 [97b3bde5-dca1-47ee-b202-78dc9f7ada5a-groupManagement] INFO  server.RaftServerConfigKeys (ConfUtils.java:logGet(46)) - raft.server.log.statemachine.data.read.timeout = 1000ms (default)
2023-06-25 20:38:48,332 [97b3bde5-dca1-47ee-b202-78dc9f7ada5a-groupManagement] INFO  server.RaftServerConfigKeys (ConfUtils.java:logGet(46)) - raft.server.log.purge.preservation.log.num = 0 (default)
2023-06-25 20:38:48,333 [97b3bde5-dca1-47ee-b202-78dc9f7ada5a-groupManagement] INFO  server.RaftServerConfigKeys (ConfUtils.java:logGet(46)) - raft.server.log.segment.size.max = 1048576 (custom)
2023-06-25 20:38:48,333 [97b3bde5-dca1-47ee-b202-78dc9f7ada5a-groupManagement] INFO  server.RaftServerConfigKeys (ConfUtils.java:logGet(46)) - raft.server.log.segment.cache.num.max = 2 (custom)
2023-06-25 20:38:48,333 [97b3bde5-dca1-47ee-b202-78dc9f7ada5a-groupManagement] INFO  server.RaftServerConfigKeys (ConfUtils.java:logGet(46)) - raft.server.log.segment.cache.size.max = 200MB (=209715200) (default)
2023-06-25 20:38:48,333 [97b3bde5-dca1-47ee-b202-78dc9f7ada5a-groupManagement] INFO  server.RaftServerConfigKeys (ConfUtils.java:logGet(46)) - raft.server.log.appender.buffer.byte-limit = 33554432 (custom)
2023-06-25 20:38:48,333 [97b3bde5-dca1-47ee-b202-78dc9f7ada5a-groupManagement] INFO  segmented.SegmentedRaftLogWorker (SegmentedRaftLogWorker.java:<init>(188)) - new 97b3bde5-dca1-47ee-b202-78dc9f7ada5a@group-F95E09B247DF-SegmentedRaftLogWorker for RaftStorageImpl:Storage Directory /home/runner/work/ozone/ozone/hadoop-ozone/integration-test/target/test-dir/MiniOzoneClusterImpl-3e5e392c-9910-47c9-9966-58048db8f0c6/datanode-2/data/ratis/9fdf0474-fa02-4f63-9935-f95e09b247df
2023-06-25 20:38:48,333 [97b3bde5-dca1-47ee-b202-78dc9f7ada5a-groupManagement] INFO  server.RaftServerConfigKeys (ConfUtils.java:logGet(46)) - raft.server.log.queue.byte-limit = 4294967296 (custom)
2023-06-25 20:38:48,333 [97b3bde5-dca1-47ee-b202-78dc9f7ada5a-groupManagement] INFO  server.RaftServerConfigKeys (ConfUtils.java:logGet(46)) - raft.server.log.queue.element-limit = 1024 (custom)
2023-06-25 20:38:48,333 [97b3bde5-dca1-47ee-b202-78dc9f7ada5a-groupManagement] INFO  server.RaftServerConfigKeys (ConfUtils.java:logGet(46)) - raft.server.log.segment.size.max = 1048576 (custom)
2023-06-25 20:38:48,333 [97b3bde5-dca1-47ee-b202-78dc9f7ada5a-groupManagement] INFO  server.RaftServerConfigKeys (ConfUtils.java:logGet(46)) - raft.server.log.preallocated.size = 16384 (custom)
2023-06-25 20:38:48,333 [97b3bde5-dca1-47ee-b202-78dc9f7ada5a-groupManagement] INFO  server.RaftServerConfigKeys (ConfUtils.java:logGet(46)) - raft.server.log.force.sync.num = 128 (default)
2023-06-25 20:38:48,333 [97b3bde5-dca1-47ee-b202-78dc9f7ada5a-groupManagement] INFO  server.RaftServerConfigKeys (ConfUtils.java:logGet(46)) - raft.server.log.statemachine.data.sync = true (default)
2023-06-25 20:38:48,333 [97b3bde5-dca1-47ee-b202-78dc9f7ada5a-groupManagement] INFO  server.RaftServerConfigKeys (ConfUtils.java:logGet(46)) - raft.server.log.statemachine.data.sync.timeout = 10s (default)
2023-06-25 20:38:48,334 [97b3bde5-dca1-47ee-b202-78dc9f7ada5a-groupManagement] INFO  server.RaftServerConfigKeys (ConfUtils.java:logGet(46)) - raft.server.log.statemachine.data.sync.timeout.retry = -1 (default)
2023-06-25 20:38:48,337 [97b3bde5-dca1-47ee-b202-78dc9f7ada5a-groupManagement] INFO  server.RaftServerConfigKeys (ConfUtils.java:logGet(46)) - raft.server.log.write.buffer.size = 1048576 (custom)
2023-06-25 20:38:48,337 [97b3bde5-dca1-47ee-b202-78dc9f7ada5a-groupManagement] INFO  server.RaftServerConfigKeys (ConfUtils.java:logGet(46)) - raft.server.log.appender.buffer.byte-limit = 33554432 (custom)
2023-06-25 20:38:48,344 [97b3bde5-dca1-47ee-b202-78dc9f7ada5a-groupManagement] INFO  server.RaftServerConfigKeys (ConfUtils.java:logGet(46)) - raft.server.log.unsafe-flush.enabled = false (default)
2023-06-25 20:38:48,345 [97b3bde5-dca1-47ee-b202-78dc9f7ada5a-groupManagement] INFO  server.RaftServerConfigKeys (ConfUtils.java:logGet(46)) - raft.server.log.async-flush.enabled = false (default)
2023-06-25 20:38:48,345 [97b3bde5-dca1-47ee-b202-78dc9f7ada5a-groupManagement] INFO  server.RaftServerConfigKeys (ConfUtils.java:logGet(46)) - raft.server.log.statemachine.data.caching.enabled = true (custom)
2023-06-25 20:38:48,345 [97b3bde5-dca1-47ee-b202-78dc9f7ada5a-groupManagement] INFO  segmented.SegmentedRaftLogWorker (SegmentedRaftLogWorker.java:lambda$new$0(135)) - 97b3bde5-dca1-47ee-b202-78dc9f7ada5a@group-F95E09B247DF-SegmentedRaftLogWorker: flushIndex: setUnconditionally 0 -> -1
2023-06-25 20:38:48,345 [97b3bde5-dca1-47ee-b202-78dc9f7ada5a-groupManagement] INFO  segmented.SegmentedRaftLogWorker (SegmentedRaftLogWorker.java:lambda$new$0(135)) - 97b3bde5-dca1-47ee-b202-78dc9f7ada5a@group-F95E09B247DF-SegmentedRaftLogWorker: safeCacheEvictIndex: setUnconditionally 0 -> -1
2023-06-25 20:38:48,345 [97b3bde5-dca1-47ee-b202-78dc9f7ada5a-groupManagement] INFO  server.RaftServer$Division (RaftServerImpl.java:start(342)) - 97b3bde5-dca1-47ee-b202-78dc9f7ada5a@group-F95E09B247DF: start as a follower, conf=-1: peers:[a7b978ac-5579-421c-88f8-8216da815ec4|rpc:10.1.0.20:15093|admin:10.1.0.20:15092|client:10.1.0.20:15091|dataStream:10.1.0.20:15094|priority:1|startupRole:FOLLOWER, 93527257-01c8-41eb-ac3e-49482c20fdee|rpc:10.1.0.20:15084|admin:10.1.0.20:15083|client:10.1.0.20:15082|dataStream:10.1.0.20:15085|priority:0|startupRole:FOLLOWER, 97b3bde5-dca1-47ee-b202-78dc9f7ada5a|rpc:10.1.0.20:15102|admin:10.1.0.20:15101|client:10.1.0.20:15100|dataStream:10.1.0.20:15103|priority:0|startupRole:FOLLOWER]|listeners:[], old=null
2023-06-25 20:38:48,345 [97b3bde5-dca1-47ee-b202-78dc9f7ada5a-groupManagement] INFO  server.RaftServer$Division (RaftServerImpl.java:setRole(329)) - 97b3bde5-dca1-47ee-b202-78dc9f7ada5a@group-F95E09B247DF: changes role from      null to FOLLOWER at term 0 for startAsFollower
2023-06-25 20:38:48,345 [97b3bde5-dca1-47ee-b202-78dc9f7ada5a-groupManagement] INFO  impl.RoleInfo (RoleInfo.java:updateAndGet(139)) - 97b3bde5-dca1-47ee-b202-78dc9f7ada5a: start 97b3bde5-dca1-47ee-b202-78dc9f7ada5a@group-F95E09B247DF-FollowerState
2023-06-25 20:38:48,346 [97b3bde5-dca1-47ee-b202-78dc9f7ada5a-groupManagement] INFO  util.JmxRegister (JmxRegister.java:tryRegister(44)) - Successfully registered JMX Bean with object name Ratis:service=RaftServer,group=group-F95E09B247DF,id=97b3bde5-dca1-47ee-b202-78dc9f7ada5a
2023-06-25 20:38:48,346 [97b3bde5-dca1-47ee-b202-78dc9f7ada5a-groupManagement] INFO  server.RaftServerConfigKeys (ConfUtils.java:logGet(46)) - raft.server.snapshot.auto.trigger.enabled = true (custom)
2023-06-25 20:38:48,346 [97b3bde5-dca1-47ee-b202-78dc9f7ada5a-groupManagement] INFO  server.RaftServerConfigKeys (ConfUtils.java:logGet(46)) - raft.server.snapshot.auto.trigger.threshold = 10000 (custom)
2023-06-25 20:38:48,346 [97b3bde5-dca1-47ee-b202-78dc9f7ada5a-groupManagement] INFO  server.RaftServerConfigKeys (ConfUtils.java:logGet(46)) - raft.server.snapshot.retention.file.num = 5 (custom)
2023-06-25 20:38:48,346 [97b3bde5-dca1-47ee-b202-78dc9f7ada5a-groupManagement] INFO  server.RaftServerConfigKeys (ConfUtils.java:logGet(46)) - raft.server.log.purge.upto.snapshot.index = false (default)
2023-06-25 20:38:48,347 [97b3bde5-dca1-47ee-b202-78dc9f7ada5a@group-F95E09B247DF-FollowerState] INFO  server.RaftServerConfigKeys (ConfUtils.java:logFallback(53)) - raft.server.rpc.first-election.timeout.min = 5s (fallback to raft.server.rpc.timeout.min)
2023-06-25 20:38:48,347 [97b3bde5-dca1-47ee-b202-78dc9f7ada5a@group-F95E09B247DF-FollowerState] INFO  server.RaftServerConfigKeys (ConfUtils.java:logFallback(53)) - raft.server.rpc.first-election.timeout.max = 5200ms (fallback to raft.server.rpc.timeout.max)
2023-06-25 20:38:48,353 [PipelineCommandHandlerThread-0] INFO  commandhandler.CreatePipelineCommandHandler (CreatePipelineCommandHandler.java:lambda$handle$2(124)) - Created Pipeline RATIS THREE PipelineID=9fdf0474-fa02-4f63-9935-f95e09b247df.
2023-06-25 20:38:48,416 [PipelineCommandHandlerThread-0] INFO  server.RaftServer (RaftServerProxy.java:addNew(98)) - a7b978ac-5579-421c-88f8-8216da815ec4: addNew group-C3659E131FC0:[a7b978ac-5579-421c-88f8-8216da815ec4|rpc:10.1.0.20:15093|admin:10.1.0.20:15092|client:10.1.0.20:15091|dataStream:10.1.0.20:15094|priority:1|startupRole:FOLLOWER] returns group-C3659E131FC0:java.util.concurrent.CompletableFuture@417cfcfd[Not completed]
2023-06-25 20:38:48,417 [a7b978ac-5579-421c-88f8-8216da815ec4-groupManagement] INFO  server.RaftServer$Division (RaftServerImpl.java:<init>(198)) - a7b978ac-5579-421c-88f8-8216da815ec4: new RaftServerImpl for group-C3659E131FC0:[a7b978ac-5579-421c-88f8-8216da815ec4|rpc:10.1.0.20:15093|admin:10.1.0.20:15092|client:10.1.0.20:15091|dataStream:10.1.0.20:15094|priority:1|startupRole:FOLLOWER] with ContainerStateMachine:uninitialized
2023-06-25 20:38:48,417 [a7b978ac-5579-421c-88f8-8216da815ec4-groupManagement] INFO  server.RaftServerConfigKeys (ConfUtils.java:logGet(46)) - raft.server.rpc.timeout.min = 5s (custom)
2023-06-25 20:38:48,417 [a7b978ac-5579-421c-88f8-8216da815ec4-groupManagement] INFO  server.RaftServerConfigKeys (ConfUtils.java:logGet(46)) - raft.server.rpc.timeout.max = 5200ms (custom)
2023-06-25 20:38:48,417 [a7b978ac-5579-421c-88f8-8216da815ec4-groupManagement] INFO  server.RaftServerConfigKeys (ConfUtils.java:logGet(46)) - raft.server.rpc.sleep.time = 25ms (default)
2023-06-25 20:38:48,417 [a7b978ac-5579-421c-88f8-8216da815ec4-groupManagement] INFO  server.RaftServerConfigKeys (ConfUtils.java:logGet(46)) - raft.server.rpc.slowness.timeout = 300s (custom)
2023-06-25 20:38:48,417 [a7b978ac-5579-421c-88f8-8216da815ec4-groupManagement] INFO  server.RaftServerConfigKeys (ConfUtils.java:logGet(46)) - raft.server.leaderelection.leader.step-down.wait-time = 10s (default)
2023-06-25 20:38:48,418 [a7b978ac-5579-421c-88f8-8216da815ec4-groupManagement] INFO  server.RaftServerConfigKeys (ConfUtils.java:logGet(46)) - raft.server.sleep.deviation.threshold = 300ms (default)
2023-06-25 20:38:48,418 [a7b978ac-5579-421c-88f8-8216da815ec4-groupManagement] INFO  server.RaftServer$Division (ServerState.java:<init>(120)) - a7b978ac-5579-421c-88f8-8216da815ec4@group-C3659E131FC0: ConfigurationManager, init=-1: peers:[a7b978ac-5579-421c-88f8-8216da815ec4|rpc:10.1.0.20:15093|admin:10.1.0.20:15092|client:10.1.0.20:15091|dataStream:10.1.0.20:15094|priority:1|startupRole:FOLLOWER]|listeners:[], old=null, confs=<EMPTY_MAP>
2023-06-25 20:38:48,418 [a7b978ac-5579-421c-88f8-8216da815ec4-groupManagement] INFO  server.RaftServerConfigKeys (ConfUtils.java:logGet(46)) - raft.server.storage.dir = [/home/runner/work/ozone/ozone/hadoop-ozone/integration-test/target/test-dir/MiniOzoneClusterImpl-3e5e392c-9910-47c9-9966-58048db8f0c6/datanode-1/data/ratis] (custom)
2023-06-25 20:38:48,418 [a7b978ac-5579-421c-88f8-8216da815ec4-groupManagement] INFO  server.RaftServerConfigKeys (ConfUtils.java:logGet(46)) - raft.server.log.corruption.policy = EXCEPTION (default)
2023-06-25 20:38:48,418 [a7b978ac-5579-421c-88f8-8216da815ec4-groupManagement] INFO  server.RaftServerConfigKeys (ConfUtils.java:logGet(46)) - raft.server.storage.free-space.min = 0MB (=0) (default)
2023-06-25 20:38:48,418 [a7b978ac-5579-421c-88f8-8216da815ec4-groupManagement] INFO  server.RaftServerConfigKeys (ConfUtils.java:logGet(46)) - raft.server.notification.no-leader.timeout = 300s (custom)
2023-06-25 20:38:48,418 [a7b978ac-5579-421c-88f8-8216da815ec4-groupManagement] INFO  server.RaftServerConfigKeys (ConfUtils.java:logGet(46)) - raft.server.read.timeout = 10s (default)
2023-06-25 20:38:48,418 [a7b978ac-5579-421c-88f8-8216da815ec4-groupManagement] INFO  server.RaftServerConfigKeys (ConfUtils.java:logGet(46)) - raft.server.retrycache.expirytime = 600000ms (custom)
2023-06-25 20:38:48,418 [a7b978ac-5579-421c-88f8-8216da815ec4-groupManagement] INFO  server.RaftServerConfigKeys (ConfUtils.java:logGet(46)) - raft.server.retrycache.statistics.expirytime = 100μs (default)
2023-06-25 20:38:48,419 [a7b978ac-5579-421c-88f8-8216da815ec4-groupManagement] INFO  server.RaftServerConfigKeys (ConfUtils.java:logGet(46)) - raft.server.read.option = DEFAULT (default)
2023-06-25 20:38:48,419 [a7b978ac-5579-421c-88f8-8216da815ec4-groupManagement] INFO  server.RaftServerConfigKeys (ConfUtils.java:logGet(46)) - raft.server.rpc.request.timeout = 60s (custom)
2023-06-25 20:38:48,419 [a7b978ac-5579-421c-88f8-8216da815ec4-groupManagement] INFO  server.RaftServerConfigKeys (ConfUtils.java:logGet(46)) - raft.server.log.appender.install.snapshot.enabled = false (custom)
2023-06-25 20:38:48,419 [a7b978ac-5579-421c-88f8-8216da815ec4-groupManagement] INFO  server.RaftServerConfigKeys (ConfUtils.java:logGet(46)) - raft.server.threadpool.server.cached = true (default)
2023-06-25 20:38:48,420 [a7b978ac-5579-421c-88f8-8216da815ec4-groupManagement] INFO  server.RaftServerConfigKeys (ConfUtils.java:logGet(46)) - raft.server.threadpool.server.size = 0 (default)
2023-06-25 20:38:48,420 [a7b978ac-5579-421c-88f8-8216da815ec4-groupManagement] INFO  server.RaftServerConfigKeys (ConfUtils.java:logGet(46)) - raft.server.threadpool.client.cached = true (default)
2023-06-25 20:38:48,420 [a7b978ac-5579-421c-88f8-8216da815ec4-groupManagement] INFO  server.RaftServerConfigKeys (ConfUtils.java:logGet(46)) - raft.server.threadpool.client.size = 0 (default)
2023-06-25 20:38:48,420 [a7b978ac-5579-421c-88f8-8216da815ec4-groupManagement] INFO  storage.RaftStorageDirectory (RaftStorageDirectoryImpl.java:analyzeStorage(137)) - The storage directory /home/runner/work/ozone/ozone/hadoop-ozone/integration-test/target/test-dir/MiniOzoneClusterImpl-3e5e392c-9910-47c9-9966-58048db8f0c6/datanode-1/data/ratis/b73c4e86-d700-4075-b2cc-c3659e131fc0 does not exist. Creating ...
2023-06-25 20:38:48,421 [a7b978ac-5579-421c-88f8-8216da815ec4-groupManagement] INFO  storage.RaftStorageDirectory (RaftStorageDirectoryImpl.java:tryLock(231)) - Lock on /home/runner/work/ozone/ozone/hadoop-ozone/integration-test/target/test-dir/MiniOzoneClusterImpl-3e5e392c-9910-47c9-9966-58048db8f0c6/datanode-1/data/ratis/b73c4e86-d700-4075-b2cc-c3659e131fc0/in_use.lock acquired by nodename 7655@fv-az808-130
2023-06-25 20:38:48,423 [a7b978ac-5579-421c-88f8-8216da815ec4-groupManagement] INFO  storage.RaftStorage (RaftStorageImpl.java:format(96)) - Storage directory /home/runner/work/ozone/ozone/hadoop-ozone/integration-test/target/test-dir/MiniOzoneClusterImpl-3e5e392c-9910-47c9-9966-58048db8f0c6/datanode-1/data/ratis/b73c4e86-d700-4075-b2cc-c3659e131fc0 has been successfully formatted.
2023-06-25 20:38:48,423 [a7b978ac-5579-421c-88f8-8216da815ec4-groupManagement] INFO  ratis.ContainerStateMachine (ContainerStateMachine.java:loadSnapshot(262)) - group-C3659E131FC0: The snapshot info is null. Setting the last applied indexto:(t:0, i:~)
2023-06-25 20:38:48,426 [a7b978ac-5579-421c-88f8-8216da815ec4-groupManagement] INFO  server.RaftServerConfigKeys (ConfUtils.java:logGet(46)) - raft.server.log.use.memory = false (default)
2023-06-25 20:38:48,426 [EventQueue-PipelineReportForPipelineReportHandler] INFO  pipeline.PipelineManagerImpl (PipelineManagerImpl.java:openPipeline(381)) - Pipeline Pipeline[ Id: b73c4e86-d700-4075-b2cc-c3659e131fc0, Nodes: a7b978ac-5579-421c-88f8-8216da815ec4(fv-az808-130.wa3tte2ragoufbcbawjciesdkc.bx.internal.cloudapp.net/10.1.0.20), ReplicationConfig: RATIS/ONE, State:ALLOCATED, leaderId:a7b978ac-5579-421c-88f8-8216da815ec4, CreationTimestamp2023-06-25T20:38:45.420Z[Etc/UTC]] moved to OPEN state
2023-06-25 20:38:48,426 [a7b978ac-5579-421c-88f8-8216da815ec4-groupManagement] INFO  server.RaftServerConfigKeys (ConfUtils.java:logGet(46)) - raft.server.log.purge.gap = 1000000 (custom)
2023-06-25 20:38:48,426 [EventQueue-OpenPipelineForHealthyPipelineSafeModeRule] INFO  safemode.SCMSafeModeManager (HealthyPipelineSafeModeRule.java:process(137)) - SCM in safe mode. Healthy pipelines reported count is 0, required healthy pipeline reported count is 1
2023-06-25 20:38:48,426 [a7b978ac-5579-421c-88f8-8216da815ec4-groupManagement] INFO  server.RaftServerConfigKeys (ConfUtils.java:logGet(46)) - raft.server.log.appender.buffer.byte-limit = 33554432 (custom)
2023-06-25 20:38:48,427 [a7b978ac-5579-421c-88f8-8216da815ec4-groupManagement] INFO  server.RaftServerConfigKeys (ConfUtils.java:logGet(46)) - raft.server.log.statemachine.data.read.timeout = 1000ms (default)
2023-06-25 20:38:48,427 [a7b978ac-5579-421c-88f8-8216da815ec4-groupManagement] INFO  server.RaftServerConfigKeys (ConfUtils.java:logGet(46)) - raft.server.log.purge.preservation.log.num = 0 (default)
2023-06-25 20:38:48,427 [a7b978ac-5579-421c-88f8-8216da815ec4-groupManagement] INFO  server.RaftServerConfigKeys (ConfUtils.java:logGet(46)) - raft.server.log.segment.size.max = 1048576 (custom)
2023-06-25 20:38:48,427 [a7b978ac-5579-421c-88f8-8216da815ec4-groupManagement] INFO  server.RaftServerConfigKeys (ConfUtils.java:logGet(46)) - raft.server.log.segment.cache.num.max = 2 (custom)
2023-06-25 20:38:48,427 [a7b978ac-5579-421c-88f8-8216da815ec4-groupManagement] INFO  server.RaftServerConfigKeys (ConfUtils.java:logGet(46)) - raft.server.log.segment.cache.size.max = 200MB (=209715200) (default)
2023-06-25 20:38:48,427 [a7b978ac-5579-421c-88f8-8216da815ec4-groupManagement] INFO  server.RaftServerConfigKeys (ConfUtils.java:logGet(46)) - raft.server.log.appender.buffer.byte-limit = 33554432 (custom)
2023-06-25 20:38:48,428 [a7b978ac-5579-421c-88f8-8216da815ec4-groupManagement] INFO  segmented.SegmentedRaftLogWorker (SegmentedRaftLogWorker.java:<init>(188)) - new a7b978ac-5579-421c-88f8-8216da815ec4@group-C3659E131FC0-SegmentedRaftLogWorker for RaftStorageImpl:Storage Directory /home/runner/work/ozone/ozone/hadoop-ozone/integration-test/target/test-dir/MiniOzoneClusterImpl-3e5e392c-9910-47c9-9966-58048db8f0c6/datanode-1/data/ratis/b73c4e86-d700-4075-b2cc-c3659e131fc0
2023-06-25 20:38:48,428 [a7b978ac-5579-421c-88f8-8216da815ec4-groupManagement] INFO  server.RaftServerConfigKeys (ConfUtils.java:logGet(46)) - raft.server.log.queue.byte-limit = 4294967296 (custom)
2023-06-25 20:38:48,428 [a7b978ac-5579-421c-88f8-8216da815ec4-groupManagement] INFO  server.RaftServerConfigKeys (ConfUtils.java:logGet(46)) - raft.server.log.queue.element-limit = 1024 (custom)
2023-06-25 20:38:48,428 [a7b978ac-5579-421c-88f8-8216da815ec4-groupManagement] INFO  server.RaftServerConfigKeys (ConfUtils.java:logGet(46)) - raft.server.log.segment.size.max = 1048576 (custom)
2023-06-25 20:38:48,428 [a7b978ac-5579-421c-88f8-8216da815ec4-groupManagement] INFO  server.RaftServerConfigKeys (ConfUtils.java:logGet(46)) - raft.server.log.preallocated.size = 16384 (custom)
2023-06-25 20:38:48,428 [a7b978ac-5579-421c-88f8-8216da815ec4-groupManagement] INFO  server.RaftServerConfigKeys (ConfUtils.java:logGet(46)) - raft.server.log.force.sync.num = 128 (default)
2023-06-25 20:38:48,428 [a7b978ac-5579-421c-88f8-8216da815ec4-groupManagement] INFO  server.RaftServerConfigKeys (ConfUtils.java:logGet(46)) - raft.server.log.statemachine.data.sync = true (default)
2023-06-25 20:38:48,428 [a7b978ac-5579-421c-88f8-8216da815ec4-groupManagement] INFO  server.RaftServerConfigKeys (ConfUtils.java:logGet(46)) - raft.server.log.statemachine.data.sync.timeout = 10s (default)
2023-06-25 20:38:48,428 [a7b978ac-5579-421c-88f8-8216da815ec4-groupManagement] INFO  server.RaftServerConfigKeys (ConfUtils.java:logGet(46)) - raft.server.log.statemachine.data.sync.timeout.retry = -1 (default)
2023-06-25 20:38:48,429 [a7b978ac-5579-421c-88f8-8216da815ec4-groupManagement] INFO  server.RaftServerConfigKeys (ConfUtils.java:logGet(46)) - raft.server.log.write.buffer.size = 1048576 (custom)
2023-06-25 20:38:48,432 [a7b978ac-5579-421c-88f8-8216da815ec4-groupManagement] INFO  server.RaftServerConfigKeys (ConfUtils.java:logGet(46)) - raft.server.log.appender.buffer.byte-limit = 33554432 (custom)
2023-06-25 20:38:48,438 [a7b978ac-5579-421c-88f8-8216da815ec4-groupManagement] INFO  server.RaftServerConfigKeys (ConfUtils.java:logGet(46)) - raft.server.log.unsafe-flush.enabled = false (default)
2023-06-25 20:38:48,439 [a7b978ac-5579-421c-88f8-8216da815ec4-groupManagement] INFO  server.RaftServerConfigKeys (ConfUtils.java:logGet(46)) - raft.server.log.async-flush.enabled = false (default)
2023-06-25 20:38:48,439 [a7b978ac-5579-421c-88f8-8216da815ec4-groupManagement] INFO  server.RaftServerConfigKeys (ConfUtils.java:logGet(46)) - raft.server.log.statemachine.data.caching.enabled = true (custom)
2023-06-25 20:38:48,439 [a7b978ac-5579-421c-88f8-8216da815ec4-groupManagement] INFO  segmented.SegmentedRaftLogWorker (SegmentedRaftLogWorker.java:lambda$new$0(135)) - a7b978ac-5579-421c-88f8-8216da815ec4@group-C3659E131FC0-SegmentedRaftLogWorker: flushIndex: setUnconditionally 0 -> -1
2023-06-25 20:38:48,439 [a7b978ac-5579-421c-88f8-8216da815ec4-groupManagement] INFO  segmented.SegmentedRaftLogWorker (SegmentedRaftLogWorker.java:lambda$new$0(135)) - a7b978ac-5579-421c-88f8-8216da815ec4@group-C3659E131FC0-SegmentedRaftLogWorker: safeCacheEvictIndex: setUnconditionally 0 -> -1
2023-06-25 20:38:48,440 [a7b978ac-5579-421c-88f8-8216da815ec4-groupManagement] INFO  server.RaftServer$Division (RaftServerImpl.java:start(342)) - a7b978ac-5579-421c-88f8-8216da815ec4@group-C3659E131FC0: start as a follower, conf=-1: peers:[a7b978ac-5579-421c-88f8-8216da815ec4|rpc:10.1.0.20:15093|admin:10.1.0.20:15092|client:10.1.0.20:15091|dataStream:10.1.0.20:15094|priority:1|startupRole:FOLLOWER]|listeners:[], old=null
2023-06-25 20:38:48,440 [a7b978ac-5579-421c-88f8-8216da815ec4-groupManagement] INFO  server.RaftServer$Division (RaftServerImpl.java:setRole(329)) - a7b978ac-5579-421c-88f8-8216da815ec4@group-C3659E131FC0: changes role from      null to FOLLOWER at term 0 for startAsFollower
2023-06-25 20:38:48,440 [a7b978ac-5579-421c-88f8-8216da815ec4-groupManagement] INFO  impl.RoleInfo (RoleInfo.java:updateAndGet(139)) - a7b978ac-5579-421c-88f8-8216da815ec4: start a7b978ac-5579-421c-88f8-8216da815ec4@group-C3659E131FC0-FollowerState
2023-06-25 20:38:48,440 [a7b978ac-5579-421c-88f8-8216da815ec4-groupManagement] INFO  util.JmxRegister (JmxRegister.java:tryRegister(44)) - Successfully registered JMX Bean with object name Ratis:service=RaftServer,group=group-C3659E131FC0,id=a7b978ac-5579-421c-88f8-8216da815ec4
2023-06-25 20:38:48,440 [a7b978ac-5579-421c-88f8-8216da815ec4-groupManagement] INFO  server.RaftServerConfigKeys (ConfUtils.java:logGet(46)) - raft.server.snapshot.auto.trigger.enabled = true (custom)
2023-06-25 20:38:48,440 [a7b978ac-5579-421c-88f8-8216da815ec4-groupManagement] INFO  server.RaftServerConfigKeys (ConfUtils.java:logGet(46)) - raft.server.snapshot.auto.trigger.threshold = 10000 (custom)
2023-06-25 20:38:48,440 [a7b978ac-5579-421c-88f8-8216da815ec4-groupManagement] INFO  server.RaftServerConfigKeys (ConfUtils.java:logGet(46)) - raft.server.snapshot.retention.file.num = 5 (custom)
2023-06-25 20:38:48,440 [a7b978ac-5579-421c-88f8-8216da815ec4-groupManagement] INFO  server.RaftServerConfigKeys (ConfUtils.java:logGet(46)) - raft.server.log.purge.upto.snapshot.index = false (default)
2023-06-25 20:38:48,441 [a7b978ac-5579-421c-88f8-8216da815ec4@group-C3659E131FC0-FollowerState] INFO  server.RaftServerConfigKeys (ConfUtils.java:logFallback(53)) - raft.server.rpc.first-election.timeout.min = 5s (fallback to raft.server.rpc.timeout.min)
2023-06-25 20:38:48,443 [PipelineCommandHandlerThread-0] INFO  ratis.XceiverServerRatis (XceiverServerRatis.java:addGroup(804)) - Created group PipelineID=b73c4e86-d700-4075-b2cc-c3659e131fc0
2023-06-25 20:38:48,443 [PipelineCommandHandlerThread-0] INFO  commandhandler.CreatePipelineCommandHandler (CreatePipelineCommandHandler.java:lambda$handle$2(124)) - Created Pipeline RATIS ONE PipelineID=b73c4e86-d700-4075-b2cc-c3659e131fc0.
2023-06-25 20:38:48,444 [a7b978ac-5579-421c-88f8-8216da815ec4@group-C3659E131FC0-FollowerState] INFO  server.RaftServerConfigKeys (ConfUtils.java:logFallback(53)) - raft.server.rpc.first-election.timeout.max = 5200ms (fallback to raft.server.rpc.timeout.max)
2023-06-25 20:38:48,775 [PipelineCommandHandlerThread-0] INFO  server.RaftServer (RaftServerProxy.java:addNew(98)) - 97b3bde5-dca1-47ee-b202-78dc9f7ada5a: addNew group-6AF3B09D4338:[97b3bde5-dca1-47ee-b202-78dc9f7ada5a|rpc:10.1.0.20:15102|admin:10.1.0.20:15101|client:10.1.0.20:15100|dataStream:10.1.0.20:15103|priority:1|startupRole:FOLLOWER] returns group-6AF3B09D4338:java.util.concurrent.CompletableFuture@ebdadfe[Not completed]
2023-06-25 20:38:48,776 [97b3bde5-dca1-47ee-b202-78dc9f7ada5a-groupManagement] INFO  server.RaftServer$Division (RaftServerImpl.java:<init>(198)) - 97b3bde5-dca1-47ee-b202-78dc9f7ada5a: new RaftServerImpl for group-6AF3B09D4338:[97b3bde5-dca1-47ee-b202-78dc9f7ada5a|rpc:10.1.0.20:15102|admin:10.1.0.20:15101|client:10.1.0.20:15100|dataStream:10.1.0.20:15103|priority:1|startupRole:FOLLOWER] with ContainerStateMachine:uninitialized
2023-06-25 20:38:48,776 [97b3bde5-dca1-47ee-b202-78dc9f7ada5a-groupManagement] INFO  server.RaftServerConfigKeys (ConfUtils.java:logGet(46)) - raft.server.rpc.timeout.min = 5s (custom)
2023-06-25 20:38:48,776 [97b3bde5-dca1-47ee-b202-78dc9f7ada5a-groupManagement] INFO  server.RaftServerConfigKeys (ConfUtils.java:logGet(46)) - raft.server.rpc.timeout.max = 5200ms (custom)
2023-06-25 20:38:48,776 [97b3bde5-dca1-47ee-b202-78dc9f7ada5a-groupManagement] INFO  server.RaftServerConfigKeys (ConfUtils.java:logGet(46)) - raft.server.rpc.sleep.time = 25ms (default)
2023-06-25 20:38:48,776 [97b3bde5-dca1-47ee-b202-78dc9f7ada5a-groupManagement] INFO  server.RaftServerConfigKeys (ConfUtils.java:logGet(46)) - raft.server.rpc.slowness.timeout = 300s (custom)
2023-06-25 20:38:48,776 [97b3bde5-dca1-47ee-b202-78dc9f7ada5a-groupManagement] INFO  server.RaftServerConfigKeys (ConfUtils.java:logGet(46)) - raft.server.leaderelection.leader.step-down.wait-time = 10s (default)
2023-06-25 20:38:48,776 [97b3bde5-dca1-47ee-b202-78dc9f7ada5a-groupManagement] INFO  server.RaftServerConfigKeys (ConfUtils.java:logGet(46)) - raft.server.sleep.deviation.threshold = 300ms (default)
2023-06-25 20:38:48,776 [97b3bde5-dca1-47ee-b202-78dc9f7ada5a-groupManagement] INFO  server.RaftServer$Division (ServerState.java:<init>(120)) - 97b3bde5-dca1-47ee-b202-78dc9f7ada5a@group-6AF3B09D4338: ConfigurationManager, init=-1: peers:[97b3bde5-dca1-47ee-b202-78dc9f7ada5a|rpc:10.1.0.20:15102|admin:10.1.0.20:15101|client:10.1.0.20:15100|dataStream:10.1.0.20:15103|priority:1|startupRole:FOLLOWER]|listeners:[], old=null, confs=<EMPTY_MAP>
2023-06-25 20:38:48,776 [97b3bde5-dca1-47ee-b202-78dc9f7ada5a-groupManagement] INFO  server.RaftServerConfigKeys (ConfUtils.java:logGet(46)) - raft.server.storage.dir = [/home/runner/work/ozone/ozone/hadoop-ozone/integration-test/target/test-dir/MiniOzoneClusterImpl-3e5e392c-9910-47c9-9966-58048db8f0c6/datanode-2/data/ratis] (custom)
2023-06-25 20:38:48,777 [97b3bde5-dca1-47ee-b202-78dc9f7ada5a-groupManagement] INFO  server.RaftServerConfigKeys (ConfUtils.java:logGet(46)) - raft.server.log.corruption.policy = EXCEPTION (default)
2023-06-25 20:38:48,777 [97b3bde5-dca1-47ee-b202-78dc9f7ada5a-groupManagement] INFO  server.RaftServerConfigKeys (ConfUtils.java:logGet(46)) - raft.server.storage.free-space.min = 0MB (=0) (default)
2023-06-25 20:38:48,777 [main] INFO  ozone.MiniOzoneClusterImpl (MiniOzoneClusterImpl.java:lambda$waitForClusterToBeReady$0(224)) - Nodes are ready. Got 3 of 3 DN Heartbeats.
2023-06-25 20:38:48,777 [main] INFO  ozone.MiniOzoneClusterImpl (MiniOzoneClusterImpl.java:lambda$waitForClusterToBeReady$0(227)) - Waiting for cluster to exit safe mode
2023-06-25 20:38:48,777 [main] INFO  ozone.MiniOzoneClusterImpl (MiniOzoneClusterImpl.java:lambda$waitForClusterToBeReady$0(229)) - SCM became leader
2023-06-25 20:38:48,777 [97b3bde5-dca1-47ee-b202-78dc9f7ada5a-groupManagement] INFO  server.RaftServerConfigKeys (ConfUtils.java:logGet(46)) - raft.server.notification.no-leader.timeout = 300s (custom)
2023-06-25 20:38:48,777 [97b3bde5-dca1-47ee-b202-78dc9f7ada5a-groupManagement] INFO  server.RaftServerConfigKeys (ConfUtils.java:logGet(46)) - raft.server.read.timeout = 10s (default)
2023-06-25 20:38:48,778 [97b3bde5-dca1-47ee-b202-78dc9f7ada5a-groupManagement] INFO  server.RaftServerConfigKeys (ConfUtils.java:logGet(46)) - raft.server.retrycache.expirytime = 600000ms (custom)
2023-06-25 20:38:48,778 [97b3bde5-dca1-47ee-b202-78dc9f7ada5a-groupManagement] INFO  server.RaftServerConfigKeys (ConfUtils.java:logGet(46)) - raft.server.retrycache.statistics.expirytime = 100μs (default)
2023-06-25 20:38:48,778 [97b3bde5-dca1-47ee-b202-78dc9f7ada5a-groupManagement] INFO  server.RaftServerConfigKeys (ConfUtils.java:logGet(46)) - raft.server.read.option = DEFAULT (default)
2023-06-25 20:38:48,778 [97b3bde5-dca1-47ee-b202-78dc9f7ada5a-groupManagement] INFO  server.RaftServerConfigKeys (ConfUtils.java:logGet(46)) - raft.server.rpc.request.timeout = 60s (custom)
2023-06-25 20:38:48,778 [97b3bde5-dca1-47ee-b202-78dc9f7ada5a-groupManagement] INFO  server.RaftServerConfigKeys (ConfUtils.java:logGet(46)) - raft.server.log.appender.install.snapshot.enabled = false (custom)
2023-06-25 20:38:48,779 [97b3bde5-dca1-47ee-b202-78dc9f7ada5a-groupManagement] INFO  server.RaftServerConfigKeys (ConfUtils.java:logGet(46)) - raft.server.threadpool.server.cached = true (default)
2023-06-25 20:38:48,779 [97b3bde5-dca1-47ee-b202-78dc9f7ada5a-groupManagement] INFO  server.RaftServerConfigKeys (ConfUtils.java:logGet(46)) - raft.server.threadpool.server.size = 0 (default)
2023-06-25 20:38:48,779 [97b3bde5-dca1-47ee-b202-78dc9f7ada5a-groupManagement] INFO  server.RaftServerConfigKeys (ConfUtils.java:logGet(46)) - raft.server.threadpool.client.cached = true (default)
2023-06-25 20:38:48,779 [97b3bde5-dca1-47ee-b202-78dc9f7ada5a-groupManagement] INFO  server.RaftServerConfigKeys (ConfUtils.java:logGet(46)) - raft.server.threadpool.client.size = 0 (default)
2023-06-25 20:38:48,779 [97b3bde5-dca1-47ee-b202-78dc9f7ada5a-groupManagement] INFO  storage.RaftStorageDirectory (RaftStorageDirectoryImpl.java:analyzeStorage(137)) - The storage directory /home/runner/work/ozone/ozone/hadoop-ozone/integration-test/target/test-dir/MiniOzoneClusterImpl-3e5e392c-9910-47c9-9966-58048db8f0c6/datanode-2/data/ratis/c28446ab-fa3f-4323-ba6a-6af3b09d4338 does not exist. Creating ...
2023-06-25 20:38:48,780 [97b3bde5-dca1-47ee-b202-78dc9f7ada5a-groupManagement] INFO  storage.RaftStorageDirectory (RaftStorageDirectoryImpl.java:tryLock(231)) - Lock on /home/runner/work/ozone/ozone/hadoop-ozone/integration-test/target/test-dir/MiniOzoneClusterImpl-3e5e392c-9910-47c9-9966-58048db8f0c6/datanode-2/data/ratis/c28446ab-fa3f-4323-ba6a-6af3b09d4338/in_use.lock acquired by nodename 7655@fv-az808-130
2023-06-25 20:38:48,782 [97b3bde5-dca1-47ee-b202-78dc9f7ada5a-groupManagement] INFO  storage.RaftStorage (RaftStorageImpl.java:format(96)) - Storage directory /home/runner/work/ozone/ozone/hadoop-ozone/integration-test/target/test-dir/MiniOzoneClusterImpl-3e5e392c-9910-47c9-9966-58048db8f0c6/datanode-2/data/ratis/c28446ab-fa3f-4323-ba6a-6af3b09d4338 has been successfully formatted.
2023-06-25 20:38:48,782 [97b3bde5-dca1-47ee-b202-78dc9f7ada5a-groupManagement] INFO  ratis.ContainerStateMachine (ContainerStateMachine.java:loadSnapshot(262)) - group-6AF3B09D4338: The snapshot info is null. Setting the last applied indexto:(t:0, i:~)
2023-06-25 20:38:48,782 [97b3bde5-dca1-47ee-b202-78dc9f7ada5a-groupManagement] INFO  server.RaftServerConfigKeys (ConfUtils.java:logGet(46)) - raft.server.log.use.memory = false (default)
2023-06-25 20:38:48,783 [97b3bde5-dca1-47ee-b202-78dc9f7ada5a-groupManagement] INFO  server.RaftServerConfigKeys (ConfUtils.java:logGet(46)) - raft.server.log.purge.gap = 1000000 (custom)
2023-06-25 20:38:48,783 [97b3bde5-dca1-47ee-b202-78dc9f7ada5a-groupManagement] INFO  server.RaftServerConfigKeys (ConfUtils.java:logGet(46)) - raft.server.log.appender.buffer.byte-limit = 33554432 (custom)
2023-06-25 20:38:48,783 [97b3bde5-dca1-47ee-b202-78dc9f7ada5a-groupManagement] INFO  server.RaftServerConfigKeys (ConfUtils.java:logGet(46)) - raft.server.log.statemachine.data.read.timeout = 1000ms (default)
2023-06-25 20:38:48,783 [97b3bde5-dca1-47ee-b202-78dc9f7ada5a-groupManagement] INFO  server.RaftServerConfigKeys (ConfUtils.java:logGet(46)) - raft.server.log.purge.preservation.log.num = 0 (default)
2023-06-25 20:38:48,783 [97b3bde5-dca1-47ee-b202-78dc9f7ada5a-groupManagement] INFO  server.RaftServerConfigKeys (ConfUtils.java:logGet(46)) - raft.server.log.segment.size.max = 1048576 (custom)
2023-06-25 20:38:48,784 [EventQueue-PipelineReportForPipelineReportHandler] INFO  pipeline.PipelineManagerImpl (PipelineManagerImpl.java:openPipeline(381)) - Pipeline Pipeline[ Id: c28446ab-fa3f-4323-ba6a-6af3b09d4338, Nodes: 97b3bde5-dca1-47ee-b202-78dc9f7ada5a(fv-az808-130.wa3tte2ragoufbcbawjciesdkc.bx.internal.cloudapp.net/10.1.0.20), ReplicationConfig: RATIS/ONE, State:ALLOCATED, leaderId:97b3bde5-dca1-47ee-b202-78dc9f7ada5a, CreationTimestamp2023-06-25T20:38:45.779Z[Etc/UTC]] moved to OPEN state
2023-06-25 20:38:48,784 [EventQueue-OpenPipelineForHealthyPipelineSafeModeRule] INFO  safemode.SCMSafeModeManager (HealthyPipelineSafeModeRule.java:process(137)) - SCM in safe mode. Healthy pipelines reported count is 0, required healthy pipeline reported count is 1
2023-06-25 20:38:48,785 [97b3bde5-dca1-47ee-b202-78dc9f7ada5a-groupManagement] INFO  server.RaftServerConfigKeys (ConfUtils.java:logGet(46)) - raft.server.log.segment.cache.num.max = 2 (custom)
2023-06-25 20:38:48,785 [97b3bde5-dca1-47ee-b202-78dc9f7ada5a-groupManagement] INFO  server.RaftServerConfigKeys (ConfUtils.java:logGet(46)) - raft.server.log.segment.cache.size.max = 200MB (=209715200) (default)
2023-06-25 20:38:48,785 [97b3bde5-dca1-47ee-b202-78dc9f7ada5a-groupManagement] INFO  server.RaftServerConfigKeys (ConfUtils.java:logGet(46)) - raft.server.log.appender.buffer.byte-limit = 33554432 (custom)
2023-06-25 20:38:48,785 [97b3bde5-dca1-47ee-b202-78dc9f7ada5a-groupManagement] INFO  segmented.SegmentedRaftLogWorker (SegmentedRaftLogWorker.java:<init>(188)) - new 97b3bde5-dca1-47ee-b202-78dc9f7ada5a@group-6AF3B09D4338-SegmentedRaftLogWorker for RaftStorageImpl:Storage Directory /home/runner/work/ozone/ozone/hadoop-ozone/integration-test/target/test-dir/MiniOzoneClusterImpl-3e5e392c-9910-47c9-9966-58048db8f0c6/datanode-2/data/ratis/c28446ab-fa3f-4323-ba6a-6af3b09d4338
2023-06-25 20:38:48,785 [97b3bde5-dca1-47ee-b202-78dc9f7ada5a-groupManagement] INFO  server.RaftServerConfigKeys (ConfUtils.java:logGet(46)) - raft.server.log.queue.byte-limit = 4294967296 (custom)
2023-06-25 20:38:48,785 [97b3bde5-dca1-47ee-b202-78dc9f7ada5a-groupManagement] INFO  server.RaftServerConfigKeys (ConfUtils.java:logGet(46)) - raft.server.log.queue.element-limit = 1024 (custom)
2023-06-25 20:38:48,785 [97b3bde5-dca1-47ee-b202-78dc9f7ada5a-groupManagement] INFO  server.RaftServerConfigKeys (ConfUtils.java:logGet(46)) - raft.server.log.segment.size.max = 1048576 (custom)
2023-06-25 20:38:48,785 [97b3bde5-dca1-47ee-b202-78dc9f7ada5a-groupManagement] INFO  server.RaftServerConfigKeys (ConfUtils.java:logGet(46)) - raft.server.log.preallocated.size = 16384 (custom)
2023-06-25 20:38:48,785 [97b3bde5-dca1-47ee-b202-78dc9f7ada5a-groupManagement] INFO  server.RaftServerConfigKeys (ConfUtils.java:logGet(46)) - raft.server.log.force.sync.num = 128 (default)
2023-06-25 20:38:48,785 [97b3bde5-dca1-47ee-b202-78dc9f7ada5a-groupManagement] INFO  server.RaftServerConfigKeys (ConfUtils.java:logGet(46)) - raft.server.log.statemachine.data.sync = true (default)
2023-06-25 20:38:48,786 [97b3bde5-dca1-47ee-b202-78dc9f7ada5a-groupManagement] INFO  server.RaftServerConfigKeys (ConfUtils.java:logGet(46)) - raft.server.log.statemachine.data.sync.timeout = 10s (default)
2023-06-25 20:38:48,786 [97b3bde5-dca1-47ee-b202-78dc9f7ada5a-groupManagement] INFO  server.RaftServerConfigKeys (ConfUtils.java:logGet(46)) - raft.server.log.statemachine.data.sync.timeout.retry = -1 (default)
2023-06-25 20:38:48,786 [97b3bde5-dca1-47ee-b202-78dc9f7ada5a-groupManagement] INFO  server.RaftServerConfigKeys (ConfUtils.java:logGet(46)) - raft.server.log.write.buffer.size = 1048576 (custom)
2023-06-25 20:38:48,787 [97b3bde5-dca1-47ee-b202-78dc9f7ada5a-groupManagement] INFO  server.RaftServerConfigKeys (ConfUtils.java:logGet(46)) - raft.server.log.appender.buffer.byte-limit = 33554432 (custom)
2023-06-25 20:38:48,793 [97b3bde5-dca1-47ee-b202-78dc9f7ada5a-groupManagement] INFO  server.RaftServerConfigKeys (ConfUtils.java:logGet(46)) - raft.server.log.unsafe-flush.enabled = false (default)
2023-06-25 20:38:48,794 [97b3bde5-dca1-47ee-b202-78dc9f7ada5a-groupManagement] INFO  server.RaftServerConfigKeys (ConfUtils.java:logGet(46)) - raft.server.log.async-flush.enabled = false (default)
2023-06-25 20:38:48,794 [97b3bde5-dca1-47ee-b202-78dc9f7ada5a-groupManagement] INFO  server.RaftServerConfigKeys (ConfUtils.java:logGet(46)) - raft.server.log.statemachine.data.caching.enabled = true (custom)
2023-06-25 20:38:48,794 [97b3bde5-dca1-47ee-b202-78dc9f7ada5a-groupManagement] INFO  segmented.SegmentedRaftLogWorker (SegmentedRaftLogWorker.java:lambda$new$0(135)) - 97b3bde5-dca1-47ee-b202-78dc9f7ada5a@group-6AF3B09D4338-SegmentedRaftLogWorker: flushIndex: setUnconditionally 0 -> -1
2023-06-25 20:38:48,794 [97b3bde5-dca1-47ee-b202-78dc9f7ada5a-groupManagement] INFO  segmented.SegmentedRaftLogWorker (SegmentedRaftLogWorker.java:lambda$new$0(135)) - 97b3bde5-dca1-47ee-b202-78dc9f7ada5a@group-6AF3B09D4338-SegmentedRaftLogWorker: safeCacheEvictIndex: setUnconditionally 0 -> -1
2023-06-25 20:38:48,794 [97b3bde5-dca1-47ee-b202-78dc9f7ada5a-groupManagement] INFO  server.RaftServer$Division (RaftServerImpl.java:start(342)) - 97b3bde5-dca1-47ee-b202-78dc9f7ada5a@group-6AF3B09D4338: start as a follower, conf=-1: peers:[97b3bde5-dca1-47ee-b202-78dc9f7ada5a|rpc:10.1.0.20:15102|admin:10.1.0.20:15101|client:10.1.0.20:15100|dataStream:10.1.0.20:15103|priority:1|startupRole:FOLLOWER]|listeners:[], old=null
2023-06-25 20:38:48,794 [97b3bde5-dca1-47ee-b202-78dc9f7ada5a-groupManagement] INFO  server.RaftServer$Division (RaftServerImpl.java:setRole(329)) - 97b3bde5-dca1-47ee-b202-78dc9f7ada5a@group-6AF3B09D4338: changes role from      null to FOLLOWER at term 0 for startAsFollower
2023-06-25 20:38:48,794 [97b3bde5-dca1-47ee-b202-78dc9f7ada5a-groupManagement] INFO  impl.RoleInfo (RoleInfo.java:updateAndGet(139)) - 97b3bde5-dca1-47ee-b202-78dc9f7ada5a: start 97b3bde5-dca1-47ee-b202-78dc9f7ada5a@group-6AF3B09D4338-FollowerState
2023-06-25 20:38:48,795 [97b3bde5-dca1-47ee-b202-78dc9f7ada5a@group-6AF3B09D4338-FollowerState] INFO  server.RaftServerConfigKeys (ConfUtils.java:logFallback(53)) - raft.server.rpc.first-election.timeout.min = 5s (fallback to raft.server.rpc.timeout.min)
2023-06-25 20:38:48,795 [97b3bde5-dca1-47ee-b202-78dc9f7ada5a-groupManagement] INFO  util.JmxRegister (JmxRegister.java:tryRegister(44)) - Successfully registered JMX Bean with object name Ratis:service=RaftServer,group=group-6AF3B09D4338,id=97b3bde5-dca1-47ee-b202-78dc9f7ada5a
2023-06-25 20:38:48,795 [97b3bde5-dca1-47ee-b202-78dc9f7ada5a@group-6AF3B09D4338-FollowerState] INFO  server.RaftServerConfigKeys (ConfUtils.java:logFallback(53)) - raft.server.rpc.first-election.timeout.max = 5200ms (fallback to raft.server.rpc.timeout.max)
2023-06-25 20:38:48,795 [97b3bde5-dca1-47ee-b202-78dc9f7ada5a-groupManagement] INFO  server.RaftServerConfigKeys (ConfUtils.java:logGet(46)) - raft.server.snapshot.auto.trigger.enabled = true (custom)
2023-06-25 20:38:48,795 [97b3bde5-dca1-47ee-b202-78dc9f7ada5a-groupManagement] INFO  server.RaftServerConfigKeys (ConfUtils.java:logGet(46)) - raft.server.snapshot.auto.trigger.threshold = 10000 (custom)
2023-06-25 20:38:48,795 [97b3bde5-dca1-47ee-b202-78dc9f7ada5a-groupManagement] INFO  server.RaftServerConfigKeys (ConfUtils.java:logGet(46)) - raft.server.snapshot.retention.file.num = 5 (custom)
2023-06-25 20:38:48,795 [97b3bde5-dca1-47ee-b202-78dc9f7ada5a-groupManagement] INFO  server.RaftServerConfigKeys (ConfUtils.java:logGet(46)) - raft.server.log.purge.upto.snapshot.index = false (default)
2023-06-25 20:38:48,796 [PipelineCommandHandlerThread-0] INFO  ratis.XceiverServerRatis (XceiverServerRatis.java:addGroup(804)) - Created group PipelineID=c28446ab-fa3f-4323-ba6a-6af3b09d4338
2023-06-25 20:38:48,796 [PipelineCommandHandlerThread-0] INFO  commandhandler.CreatePipelineCommandHandler (CreatePipelineCommandHandler.java:lambda$handle$2(124)) - Created Pipeline RATIS ONE PipelineID=c28446ab-fa3f-4323-ba6a-6af3b09d4338.
2023-06-25 20:38:49,778 [main] INFO  ozone.MiniOzoneClusterImpl (MiniOzoneClusterImpl.java:lambda$waitForClusterToBeReady$0(224)) - Nodes are ready. Got 3 of 3 DN Heartbeats.
2023-06-25 20:38:49,778 [main] INFO  ozone.MiniOzoneClusterImpl (MiniOzoneClusterImpl.java:lambda$waitForClusterToBeReady$0(227)) - Waiting for cluster to exit safe mode
2023-06-25 20:38:49,778 [main] INFO  ozone.MiniOzoneClusterImpl (MiniOzoneClusterImpl.java:lambda$waitForClusterToBeReady$0(229)) - SCM became leader
2023-06-25 20:38:50,778 [main] INFO  ozone.MiniOzoneClusterImpl (MiniOzoneClusterImpl.java:lambda$waitForClusterToBeReady$0(224)) - Nodes are ready. Got 3 of 3 DN Heartbeats.
2023-06-25 20:38:50,779 [main] INFO  ozone.MiniOzoneClusterImpl (MiniOzoneClusterImpl.java:lambda$waitForClusterToBeReady$0(227)) - Waiting for cluster to exit safe mode
2023-06-25 20:38:50,779 [main] INFO  ozone.MiniOzoneClusterImpl (MiniOzoneClusterImpl.java:lambda$waitForClusterToBeReady$0(229)) - SCM became leader
2023-06-25 20:38:51,779 [main] INFO  ozone.MiniOzoneClusterImpl (MiniOzoneClusterImpl.java:lambda$waitForClusterToBeReady$0(224)) - Nodes are ready. Got 3 of 3 DN Heartbeats.
2023-06-25 20:38:51,779 [main] INFO  ozone.MiniOzoneClusterImpl (MiniOzoneClusterImpl.java:lambda$waitForClusterToBeReady$0(227)) - Waiting for cluster to exit safe mode
2023-06-25 20:38:51,780 [main] INFO  ozone.MiniOzoneClusterImpl (MiniOzoneClusterImpl.java:lambda$waitForClusterToBeReady$0(229)) - SCM became leader
2023-06-25 20:38:52,780 [main] INFO  ozone.MiniOzoneClusterImpl (MiniOzoneClusterImpl.java:lambda$waitForClusterToBeReady$0(224)) - Nodes are ready. Got 3 of 3 DN Heartbeats.
2023-06-25 20:38:52,780 [main] INFO  ozone.MiniOzoneClusterImpl (MiniOzoneClusterImpl.java:lambda$waitForClusterToBeReady$0(227)) - Waiting for cluster to exit safe mode
2023-06-25 20:38:52,781 [main] INFO  ozone.MiniOzoneClusterImpl (MiniOzoneClusterImpl.java:lambda$waitForClusterToBeReady$0(229)) - SCM became leader
2023-06-25 20:38:53,115 [93527257-01c8-41eb-ac3e-49482c20fdee@group-D7D20A72DA63-FollowerState] INFO  impl.FollowerState (FollowerState.java:run(143)) - 93527257-01c8-41eb-ac3e-49482c20fdee@group-D7D20A72DA63-FollowerState: change to CANDIDATE, lastRpcElapsedTime:5037827912ns, electionTimeout:5037ms
2023-06-25 20:38:53,115 [93527257-01c8-41eb-ac3e-49482c20fdee@group-D7D20A72DA63-FollowerState] INFO  impl.RoleInfo (RoleInfo.java:shutdownFollowerState(110)) - 93527257-01c8-41eb-ac3e-49482c20fdee: shutdown 93527257-01c8-41eb-ac3e-49482c20fdee@group-D7D20A72DA63-FollowerState
2023-06-25 20:38:53,115 [93527257-01c8-41eb-ac3e-49482c20fdee@group-D7D20A72DA63-FollowerState] INFO  server.RaftServer$Division (RaftServerImpl.java:setRole(329)) - 93527257-01c8-41eb-ac3e-49482c20fdee@group-D7D20A72DA63: changes role from  FOLLOWER to CANDIDATE at term 0 for changeToCandidate
2023-06-25 20:38:53,115 [93527257-01c8-41eb-ac3e-49482c20fdee@group-D7D20A72DA63-FollowerState] INFO  server.RaftServerConfigKeys (ConfUtils.java:logGet(46)) - raft.server.leaderelection.pre-vote = true (default)
2023-06-25 20:38:53,115 [93527257-01c8-41eb-ac3e-49482c20fdee@group-D7D20A72DA63-FollowerState] INFO  impl.RoleInfo (RoleInfo.java:updateAndGet(139)) - 93527257-01c8-41eb-ac3e-49482c20fdee: start 93527257-01c8-41eb-ac3e-49482c20fdee@group-D7D20A72DA63-LeaderElection18
2023-06-25 20:38:53,118 [93527257-01c8-41eb-ac3e-49482c20fdee@group-D7D20A72DA63-LeaderElection18] INFO  impl.LeaderElection (LeaderElection.java:askForVotes(321)) - 93527257-01c8-41eb-ac3e-49482c20fdee@group-D7D20A72DA63-LeaderElection18 PRE_VOTE round 0: submit vote requests at term 0 for -1: peers:[93527257-01c8-41eb-ac3e-49482c20fdee|rpc:10.1.0.20:15084|admin:10.1.0.20:15083|client:10.1.0.20:15082|dataStream:10.1.0.20:15085|priority:1|startupRole:FOLLOWER]|listeners:[], old=null
2023-06-25 20:38:53,118 [93527257-01c8-41eb-ac3e-49482c20fdee@group-D7D20A72DA63-LeaderElection18] INFO  impl.LeaderElection (LeaderElection.java:askForVotes(323)) - 93527257-01c8-41eb-ac3e-49482c20fdee@group-D7D20A72DA63-LeaderElection18 PRE_VOTE round 0: result PASSED (term=0)
2023-06-25 20:38:53,120 [93527257-01c8-41eb-ac3e-49482c20fdee@group-D7D20A72DA63-LeaderElection18] INFO  impl.LeaderElection (LeaderElection.java:askForVotes(321)) - 93527257-01c8-41eb-ac3e-49482c20fdee@group-D7D20A72DA63-LeaderElection18 ELECTION round 0: submit vote requests at term 1 for -1: peers:[93527257-01c8-41eb-ac3e-49482c20fdee|rpc:10.1.0.20:15084|admin:10.1.0.20:15083|client:10.1.0.20:15082|dataStream:10.1.0.20:15085|priority:1|startupRole:FOLLOWER]|listeners:[], old=null
2023-06-25 20:38:53,120 [93527257-01c8-41eb-ac3e-49482c20fdee@group-D7D20A72DA63-LeaderElection18] INFO  impl.LeaderElection (LeaderElection.java:askForVotes(323)) - 93527257-01c8-41eb-ac3e-49482c20fdee@group-D7D20A72DA63-LeaderElection18 ELECTION round 0: result PASSED (term=1)
2023-06-25 20:38:53,120 [93527257-01c8-41eb-ac3e-49482c20fdee@group-D7D20A72DA63-LeaderElection18] INFO  impl.RoleInfo (RoleInfo.java:shutdownLeaderElection(130)) - 93527257-01c8-41eb-ac3e-49482c20fdee: shutdown 93527257-01c8-41eb-ac3e-49482c20fdee@group-D7D20A72DA63-LeaderElection18
2023-06-25 20:38:53,120 [93527257-01c8-41eb-ac3e-49482c20fdee@group-D7D20A72DA63-LeaderElection18] INFO  server.RaftServer$Division (RaftServerImpl.java:setRole(329)) - 93527257-01c8-41eb-ac3e-49482c20fdee@group-D7D20A72DA63: changes role from CANDIDATE to LEADER at term 1 for changeToLeader
2023-06-25 20:38:53,120 [93527257-01c8-41eb-ac3e-49482c20fdee@group-D7D20A72DA63-LeaderElection18] INFO  ratis.XceiverServerRatis (XceiverServerRatis.java:handleLeaderChangedNotification(902)) - Leader change notification received for group: group-D7D20A72DA63 with new leaderId: 93527257-01c8-41eb-ac3e-49482c20fdee
2023-06-25 20:38:53,121 [93527257-01c8-41eb-ac3e-49482c20fdee@group-D7D20A72DA63-LeaderElection18] INFO  server.RaftServer$Division (ServerState.java:setLeader(317)) - 93527257-01c8-41eb-ac3e-49482c20fdee@group-D7D20A72DA63: change Leader from null to 93527257-01c8-41eb-ac3e-49482c20fdee at term 1 for becomeLeader, leader elected after 5065ms
2023-06-25 20:38:53,121 [93527257-01c8-41eb-ac3e-49482c20fdee@group-D7D20A72DA63-LeaderElection18] INFO  server.RaftServerConfigKeys (ConfUtils.java:logGet(46)) - raft.server.staging.catchup.gap = 1000 (default)
2023-06-25 20:38:53,121 [93527257-01c8-41eb-ac3e-49482c20fdee@group-D7D20A72DA63-LeaderElection18] INFO  server.RaftServerConfigKeys (ConfUtils.java:logGet(46)) - raft.server.write.element-limit = 1024 (custom)
2023-06-25 20:38:53,121 [93527257-01c8-41eb-ac3e-49482c20fdee@group-D7D20A72DA63-LeaderElection18] INFO  server.RaftServerConfigKeys (ConfUtils.java:logGet(46)) - raft.server.write.byte-limit = 1024 M (=1073741824) (custom)
2023-06-25 20:38:53,121 [93527257-01c8-41eb-ac3e-49482c20fdee@group-D7D20A72DA63-LeaderElection18] INFO  server.RaftServerConfigKeys (ConfUtils.java:logGet(46)) - raft.server.watch.timeout = 180s (custom)
2023-06-25 20:38:53,121 [93527257-01c8-41eb-ac3e-49482c20fdee@group-D7D20A72DA63-LeaderElection18] INFO  server.RaftServerConfigKeys (ConfUtils.java:logGet(46)) - raft.server.watch.timeout.denomination = 1s (default)
2023-06-25 20:38:53,121 [93527257-01c8-41eb-ac3e-49482c20fdee@group-D7D20A72DA63-LeaderElection18] INFO  server.RaftServerConfigKeys (ConfUtils.java:logGet(46)) - raft.server.watch.element-limit = 65536 (default)
2023-06-25 20:38:53,121 [93527257-01c8-41eb-ac3e-49482c20fdee@group-D7D20A72DA63-LeaderElection18] INFO  server.RaftServerConfigKeys (ConfUtils.java:logGet(46)) - raft.server.write.element-limit = 1024 (custom)
2023-06-25 20:38:53,122 [93527257-01c8-41eb-ac3e-49482c20fdee@group-D7D20A72DA63-LeaderElection18] INFO  server.RaftServerConfigKeys (ConfUtils.java:logGet(46)) - raft.server.write.follower.gap.ratio.max = -1.0 (default)
2023-06-25 20:38:53,122 [93527257-01c8-41eb-ac3e-49482c20fdee@group-D7D20A72DA63-LeaderElection18] INFO  impl.RoleInfo (RoleInfo.java:updateAndGet(139)) - 93527257-01c8-41eb-ac3e-49482c20fdee: start 93527257-01c8-41eb-ac3e-49482c20fdee@group-D7D20A72DA63-LeaderStateImpl
2023-06-25 20:38:53,122 [EventQueue-OpenPipelineForHealthyPipelineSafeModeRule] INFO  safemode.SCMSafeModeManager (HealthyPipelineSafeModeRule.java:process(137)) - SCM in safe mode. Healthy pipelines reported count is 0, required healthy pipeline reported count is 1
2023-06-25 20:38:53,123 [93527257-01c8-41eb-ac3e-49482c20fdee@group-D7D20A72DA63-LeaderElection18] INFO  segmented.SegmentedRaftLogWorker (SegmentedRaftLogWorker.java:startLogSegment(447)) - 93527257-01c8-41eb-ac3e-49482c20fdee@group-D7D20A72DA63-SegmentedRaftLogWorker: Starting segment from index:0
2023-06-25 20:38:53,125 [93527257-01c8-41eb-ac3e-49482c20fdee@group-D7D20A72DA63-LeaderElection18] INFO  server.RaftServer$Division (ServerState.java:setRaftConf(434)) - 93527257-01c8-41eb-ac3e-49482c20fdee@group-D7D20A72DA63: set configuration 0: peers:[93527257-01c8-41eb-ac3e-49482c20fdee|rpc:10.1.0.20:15084|admin:10.1.0.20:15083|client:10.1.0.20:15082|dataStream:10.1.0.20:15085|priority:1|startupRole:FOLLOWER]|listeners:[], old=null
2023-06-25 20:38:53,126 [93527257-01c8-41eb-ac3e-49482c20fdee@group-D7D20A72DA63-SegmentedRaftLogWorker] INFO  segmented.SegmentedRaftLogWorker (SegmentedRaftLogWorker.java:execute(651)) - 93527257-01c8-41eb-ac3e-49482c20fdee@group-D7D20A72DA63-SegmentedRaftLogWorker: created new log segment /home/runner/work/ozone/ozone/hadoop-ozone/integration-test/target/test-dir/MiniOzoneClusterImpl-3e5e392c-9910-47c9-9966-58048db8f0c6/datanode-0/data/ratis/7dd95f63-b88b-4bdf-aae0-d7d20a72da63/current/log_inprogress_0
2023-06-25 20:38:53,159 [a7b978ac-5579-421c-88f8-8216da815ec4@group-445108C82BA3-FollowerState] INFO  impl.FollowerState (FollowerState.java:run(143)) - a7b978ac-5579-421c-88f8-8216da815ec4@group-445108C82BA3-FollowerState: change to CANDIDATE, lastRpcElapsedTime:5005931843ns, electionTimeout:5001ms
2023-06-25 20:38:53,159 [a7b978ac-5579-421c-88f8-8216da815ec4@group-445108C82BA3-FollowerState] INFO  impl.RoleInfo (RoleInfo.java:shutdownFollowerState(110)) - a7b978ac-5579-421c-88f8-8216da815ec4: shutdown a7b978ac-5579-421c-88f8-8216da815ec4@group-445108C82BA3-FollowerState
2023-06-25 20:38:53,159 [a7b978ac-5579-421c-88f8-8216da815ec4@group-445108C82BA3-FollowerState] INFO  server.RaftServer$Division (RaftServerImpl.java:setRole(329)) - a7b978ac-5579-421c-88f8-8216da815ec4@group-445108C82BA3: changes role from  FOLLOWER to CANDIDATE at term 0 for changeToCandidate
2023-06-25 20:38:53,160 [a7b978ac-5579-421c-88f8-8216da815ec4@group-445108C82BA3-FollowerState] INFO  server.RaftServerConfigKeys (ConfUtils.java:logGet(46)) - raft.server.leaderelection.pre-vote = true (default)
2023-06-25 20:38:53,160 [a7b978ac-5579-421c-88f8-8216da815ec4@group-445108C82BA3-FollowerState] INFO  impl.RoleInfo (RoleInfo.java:updateAndGet(139)) - a7b978ac-5579-421c-88f8-8216da815ec4: start a7b978ac-5579-421c-88f8-8216da815ec4@group-445108C82BA3-LeaderElection19
2023-06-25 20:38:53,162 [a7b978ac-5579-421c-88f8-8216da815ec4@group-445108C82BA3-LeaderElection19] INFO  impl.LeaderElection (LeaderElection.java:askForVotes(321)) - a7b978ac-5579-421c-88f8-8216da815ec4@group-445108C82BA3-LeaderElection19 PRE_VOTE round 0: submit vote requests at term 0 for -1: peers:[a7b978ac-5579-421c-88f8-8216da815ec4|rpc:10.1.0.20:15093|admin:10.1.0.20:15092|client:10.1.0.20:15091|dataStream:10.1.0.20:15094|priority:0|startupRole:FOLLOWER, 93527257-01c8-41eb-ac3e-49482c20fdee|rpc:10.1.0.20:15084|admin:10.1.0.20:15083|client:10.1.0.20:15082|dataStream:10.1.0.20:15085|priority:0|startupRole:FOLLOWER, 97b3bde5-dca1-47ee-b202-78dc9f7ada5a|rpc:10.1.0.20:15102|admin:10.1.0.20:15101|client:10.1.0.20:15100|dataStream:10.1.0.20:15103|priority:1|startupRole:FOLLOWER]|listeners:[], old=null
2023-06-25 20:38:53,163 [a7b978ac-5579-421c-88f8-8216da815ec4@group-445108C82BA3-LeaderElection19] INFO  server.RaftServerConfigKeys (ConfUtils.java:logFallback(53)) - raft.server.rpc.first-election.timeout.min = 5s (fallback to raft.server.rpc.timeout.min)
2023-06-25 20:38:53,163 [a7b978ac-5579-421c-88f8-8216da815ec4@group-445108C82BA3-LeaderElection19-1] INFO  server.GrpcServerProtocolClient (GrpcServerProtocolClient.java:<init>(65)) - Build channel for 93527257-01c8-41eb-ac3e-49482c20fdee
2023-06-25 20:38:53,163 [a7b978ac-5579-421c-88f8-8216da815ec4@group-445108C82BA3-LeaderElection19] INFO  server.RaftServerConfigKeys (ConfUtils.java:logFallback(53)) - raft.server.rpc.first-election.timeout.max = 5200ms (fallback to raft.server.rpc.timeout.max)
2023-06-25 20:38:53,163 [a7b978ac-5579-421c-88f8-8216da815ec4@group-445108C82BA3-LeaderElection19-2] INFO  server.GrpcServerProtocolClient (GrpcServerProtocolClient.java:<init>(65)) - Build channel for 97b3bde5-dca1-47ee-b202-78dc9f7ada5a
2023-06-25 20:38:53,173 [grpc-default-executor-0] INFO  server.RaftServer$Division (RaftServerImpl.java:requestVote(1302)) - 93527257-01c8-41eb-ac3e-49482c20fdee@group-445108C82BA3: receive requestVote(PRE_VOTE, a7b978ac-5579-421c-88f8-8216da815ec4, group-445108C82BA3, 0, (t:0, i:0))
2023-06-25 20:38:53,173 [grpc-default-executor-0] INFO  impl.VoteContext (VoteContext.java:log(49)) - 93527257-01c8-41eb-ac3e-49482c20fdee@group-445108C82BA3-FOLLOWER: accept PRE_VOTE from a7b978ac-5579-421c-88f8-8216da815ec4: our priority 0 <= candidate's priority 0
2023-06-25 20:38:53,173 [grpc-default-executor-0] INFO  server.RaftServer$Division (RaftServerImpl.java:requestVote(1335)) - 93527257-01c8-41eb-ac3e-49482c20fdee@group-445108C82BA3 replies to PRE_VOTE vote request: a7b978ac-5579-421c-88f8-8216da815ec4<-93527257-01c8-41eb-ac3e-49482c20fdee#0:OK-t0. Peer's state: 93527257-01c8-41eb-ac3e-49482c20fdee@group-445108C82BA3:t0, leader=null, voted=, raftlog=Memoized:93527257-01c8-41eb-ac3e-49482c20fdee@group-445108C82BA3-SegmentedRaftLog:OPENED:c-1, conf=-1: peers:[a7b978ac-5579-421c-88f8-8216da815ec4|rpc:10.1.0.20:15093|admin:10.1.0.20:15092|client:10.1.0.20:15091|dataStream:10.1.0.20:15094|priority:0|startupRole:FOLLOWER, 93527257-01c8-41eb-ac3e-49482c20fdee|rpc:10.1.0.20:15084|admin:10.1.0.20:15083|client:10.1.0.20:15082|dataStream:10.1.0.20:15085|priority:0|startupRole:FOLLOWER, 97b3bde5-dca1-47ee-b202-78dc9f7ada5a|rpc:10.1.0.20:15102|admin:10.1.0.20:15101|client:10.1.0.20:15100|dataStream:10.1.0.20:15103|priority:1|startupRole:FOLLOWER]|listeners:[], old=null
2023-06-25 20:38:53,176 [grpc-default-executor-0] INFO  server.RaftServer$Division (RaftServerImpl.java:requestVote(1302)) - 97b3bde5-dca1-47ee-b202-78dc9f7ada5a@group-445108C82BA3: receive requestVote(PRE_VOTE, a7b978ac-5579-421c-88f8-8216da815ec4, group-445108C82BA3, 0, (t:0, i:0))
2023-06-25 20:38:53,177 [grpc-default-executor-0] INFO  impl.VoteContext (VoteContext.java:log(49)) - 97b3bde5-dca1-47ee-b202-78dc9f7ada5a@group-445108C82BA3-FOLLOWER: reject PRE_VOTE from a7b978ac-5579-421c-88f8-8216da815ec4: our priority 1 > candidate's priority 0
2023-06-25 20:38:53,177 [grpc-default-executor-0] INFO  server.RaftServer$Division (RaftServerImpl.java:requestVote(1335)) - 97b3bde5-dca1-47ee-b202-78dc9f7ada5a@group-445108C82BA3 replies to PRE_VOTE vote request: a7b978ac-5579-421c-88f8-8216da815ec4<-97b3bde5-dca1-47ee-b202-78dc9f7ada5a#0:FAIL-t0. Peer's state: 97b3bde5-dca1-47ee-b202-78dc9f7ada5a@group-445108C82BA3:t0, leader=null, voted=, raftlog=Memoized:97b3bde5-dca1-47ee-b202-78dc9f7ada5a@group-445108C82BA3-SegmentedRaftLog:OPENED:c-1, conf=-1: peers:[a7b978ac-5579-421c-88f8-8216da815ec4|rpc:10.1.0.20:15093|admin:10.1.0.20:15092|client:10.1.0.20:15091|dataStream:10.1.0.20:15094|priority:0|startupRole:FOLLOWER, 93527257-01c8-41eb-ac3e-49482c20fdee|rpc:10.1.0.20:15084|admin:10.1.0.20:15083|client:10.1.0.20:15082|dataStream:10.1.0.20:15085|priority:0|startupRole:FOLLOWER, 97b3bde5-dca1-47ee-b202-78dc9f7ada5a|rpc:10.1.0.20:15102|admin:10.1.0.20:15101|client:10.1.0.20:15100|dataStream:10.1.0.20:15103|priority:1|startupRole:FOLLOWER]|listeners:[], old=null
2023-06-25 20:38:53,179 [a7b978ac-5579-421c-88f8-8216da815ec4@group-445108C82BA3-LeaderElection19] INFO  impl.LeaderElection (LeaderElection.java:logAndReturn(90)) - a7b978ac-5579-421c-88f8-8216da815ec4@group-445108C82BA3-LeaderElection19: PRE_VOTE REJECTED received 2 response(s) and 0 exception(s):
2023-06-25 20:38:53,179 [a7b978ac-5579-421c-88f8-8216da815ec4@group-445108C82BA3-LeaderElection19] INFO  impl.LeaderElection (LeaderElection.java:logAndReturn(94)) -   Response 0: a7b978ac-5579-421c-88f8-8216da815ec4<-93527257-01c8-41eb-ac3e-49482c20fdee#0:OK-t0
2023-06-25 20:38:53,179 [a7b978ac-5579-421c-88f8-8216da815ec4@group-445108C82BA3-LeaderElection19] INFO  impl.LeaderElection (LeaderElection.java:logAndReturn(94)) -   Response 1: a7b978ac-5579-421c-88f8-8216da815ec4<-97b3bde5-dca1-47ee-b202-78dc9f7ada5a#0:FAIL-t0
2023-06-25 20:38:53,179 [a7b978ac-5579-421c-88f8-8216da815ec4@group-445108C82BA3-LeaderElection19] INFO  impl.LeaderElection (LeaderElection.java:askForVotes(323)) - a7b978ac-5579-421c-88f8-8216da815ec4@group-445108C82BA3-LeaderElection19 PRE_VOTE round 0: result REJECTED
2023-06-25 20:38:53,179 [a7b978ac-5579-421c-88f8-8216da815ec4@group-445108C82BA3-LeaderElection19] INFO  server.RaftServer$Division (RaftServerImpl.java:setRole(329)) - a7b978ac-5579-421c-88f8-8216da815ec4@group-445108C82BA3: changes role from CANDIDATE to FOLLOWER at term 0 for REJECTED
2023-06-25 20:38:53,179 [a7b978ac-5579-421c-88f8-8216da815ec4@group-445108C82BA3-LeaderElection19] INFO  impl.RoleInfo (RoleInfo.java:shutdownLeaderElection(130)) - a7b978ac-5579-421c-88f8-8216da815ec4: shutdown a7b978ac-5579-421c-88f8-8216da815ec4@group-445108C82BA3-LeaderElection19
2023-06-25 20:38:53,180 [a7b978ac-5579-421c-88f8-8216da815ec4@group-445108C82BA3-LeaderElection19] INFO  impl.RoleInfo (RoleInfo.java:updateAndGet(139)) - a7b978ac-5579-421c-88f8-8216da815ec4: start a7b978ac-5579-421c-88f8-8216da815ec4@group-445108C82BA3-FollowerState
2023-06-25 20:38:53,238 [93527257-01c8-41eb-ac3e-49482c20fdee@group-445108C82BA3-FollowerState] INFO  server.RaftServerConfigKeys (ConfUtils.java:logFallback(53)) - raft.server.rpc.first-election.timeout.min = 5s (fallback to raft.server.rpc.timeout.min)
2023-06-25 20:38:53,238 [93527257-01c8-41eb-ac3e-49482c20fdee@group-445108C82BA3-FollowerState] INFO  server.RaftServerConfigKeys (ConfUtils.java:logFallback(53)) - raft.server.rpc.first-election.timeout.max = 5200ms (fallback to raft.server.rpc.timeout.max)
2023-06-25 20:38:53,283 [97b3bde5-dca1-47ee-b202-78dc9f7ada5a@group-445108C82BA3-FollowerState] INFO  impl.FollowerState (FollowerState.java:run(143)) - 97b3bde5-dca1-47ee-b202-78dc9f7ada5a@group-445108C82BA3-FollowerState: change to CANDIDATE, lastRpcElapsedTime:5073813239ns, electionTimeout:5068ms
2023-06-25 20:38:53,283 [97b3bde5-dca1-47ee-b202-78dc9f7ada5a@group-445108C82BA3-FollowerState] INFO  impl.RoleInfo (RoleInfo.java:shutdownFollowerState(110)) - 97b3bde5-dca1-47ee-b202-78dc9f7ada5a: shutdown 97b3bde5-dca1-47ee-b202-78dc9f7ada5a@group-445108C82BA3-FollowerState
2023-06-25 20:38:53,283 [97b3bde5-dca1-47ee-b202-78dc9f7ada5a@group-445108C82BA3-FollowerState] INFO  server.RaftServer$Division (RaftServerImpl.java:setRole(329)) - 97b3bde5-dca1-47ee-b202-78dc9f7ada5a@group-445108C82BA3: changes role from  FOLLOWER to CANDIDATE at term 0 for changeToCandidate
2023-06-25 20:38:53,284 [97b3bde5-dca1-47ee-b202-78dc9f7ada5a@group-445108C82BA3-FollowerState] INFO  server.RaftServerConfigKeys (ConfUtils.java:logGet(46)) - raft.server.leaderelection.pre-vote = true (default)
2023-06-25 20:38:53,284 [97b3bde5-dca1-47ee-b202-78dc9f7ada5a@group-445108C82BA3-FollowerState] INFO  impl.RoleInfo (RoleInfo.java:updateAndGet(139)) - 97b3bde5-dca1-47ee-b202-78dc9f7ada5a: start 97b3bde5-dca1-47ee-b202-78dc9f7ada5a@group-445108C82BA3-LeaderElection20
2023-06-25 20:38:53,286 [97b3bde5-dca1-47ee-b202-78dc9f7ada5a@group-445108C82BA3-LeaderElection20] INFO  impl.LeaderElection (LeaderElection.java:askForVotes(321)) - 97b3bde5-dca1-47ee-b202-78dc9f7ada5a@group-445108C82BA3-LeaderElection20 PRE_VOTE round 0: submit vote requests at term 0 for -1: peers:[a7b978ac-5579-421c-88f8-8216da815ec4|rpc:10.1.0.20:15093|admin:10.1.0.20:15092|client:10.1.0.20:15091|dataStream:10.1.0.20:15094|priority:0|startupRole:FOLLOWER, 93527257-01c8-41eb-ac3e-49482c20fdee|rpc:10.1.0.20:15084|admin:10.1.0.20:15083|client:10.1.0.20:15082|dataStream:10.1.0.20:15085|priority:0|startupRole:FOLLOWER, 97b3bde5-dca1-47ee-b202-78dc9f7ada5a|rpc:10.1.0.20:15102|admin:10.1.0.20:15101|client:10.1.0.20:15100|dataStream:10.1.0.20:15103|priority:1|startupRole:FOLLOWER]|listeners:[], old=null
2023-06-25 20:38:53,286 [97b3bde5-dca1-47ee-b202-78dc9f7ada5a@group-445108C82BA3-LeaderElection20] INFO  server.RaftServerConfigKeys (ConfUtils.java:logFallback(53)) - raft.server.rpc.first-election.timeout.min = 5s (fallback to raft.server.rpc.timeout.min)
2023-06-25 20:38:53,287 [97b3bde5-dca1-47ee-b202-78dc9f7ada5a@group-445108C82BA3-LeaderElection20] INFO  server.RaftServerConfigKeys (ConfUtils.java:logFallback(53)) - raft.server.rpc.first-election.timeout.max = 5200ms (fallback to raft.server.rpc.timeout.max)
2023-06-25 20:38:53,286 [97b3bde5-dca1-47ee-b202-78dc9f7ada5a@group-445108C82BA3-LeaderElection20-1] INFO  server.GrpcServerProtocolClient (GrpcServerProtocolClient.java:<init>(65)) - Build channel for a7b978ac-5579-421c-88f8-8216da815ec4
2023-06-25 20:38:53,287 [97b3bde5-dca1-47ee-b202-78dc9f7ada5a@group-445108C82BA3-LeaderElection20-2] INFO  server.GrpcServerProtocolClient (GrpcServerProtocolClient.java:<init>(65)) - Build channel for 93527257-01c8-41eb-ac3e-49482c20fdee
2023-06-25 20:38:53,300 [grpc-default-executor-0] INFO  server.RaftServer$Division (RaftServerImpl.java:requestVote(1302)) - a7b978ac-5579-421c-88f8-8216da815ec4@group-445108C82BA3: receive requestVote(PRE_VOTE, 97b3bde5-dca1-47ee-b202-78dc9f7ada5a, group-445108C82BA3, 0, (t:0, i:0))
2023-06-25 20:38:53,300 [grpc-default-executor-0] INFO  impl.VoteContext (VoteContext.java:log(49)) - a7b978ac-5579-421c-88f8-8216da815ec4@group-445108C82BA3-FOLLOWER: accept PRE_VOTE from 97b3bde5-dca1-47ee-b202-78dc9f7ada5a: our priority 0 <= candidate's priority 1
2023-06-25 20:38:53,300 [grpc-default-executor-0] INFO  server.RaftServer$Division (RaftServerImpl.java:requestVote(1335)) - a7b978ac-5579-421c-88f8-8216da815ec4@group-445108C82BA3 replies to PRE_VOTE vote request: 97b3bde5-dca1-47ee-b202-78dc9f7ada5a<-a7b978ac-5579-421c-88f8-8216da815ec4#0:OK-t0. Peer's state: a7b978ac-5579-421c-88f8-8216da815ec4@group-445108C82BA3:t0, leader=null, voted=, raftlog=Memoized:a7b978ac-5579-421c-88f8-8216da815ec4@group-445108C82BA3-SegmentedRaftLog:OPENED:c-1, conf=-1: peers:[a7b978ac-5579-421c-88f8-8216da815ec4|rpc:10.1.0.20:15093|admin:10.1.0.20:15092|client:10.1.0.20:15091|dataStream:10.1.0.20:15094|priority:0|startupRole:FOLLOWER, 93527257-01c8-41eb-ac3e-49482c20fdee|rpc:10.1.0.20:15084|admin:10.1.0.20:15083|client:10.1.0.20:15082|dataStream:10.1.0.20:15085|priority:0|startupRole:FOLLOWER, 97b3bde5-dca1-47ee-b202-78dc9f7ada5a|rpc:10.1.0.20:15102|admin:10.1.0.20:15101|client:10.1.0.20:15100|dataStream:10.1.0.20:15103|priority:1|startupRole:FOLLOWER]|listeners:[], old=null
2023-06-25 20:38:53,304 [grpc-default-executor-0] INFO  server.RaftServer$Division (RaftServerImpl.java:requestVote(1302)) - 93527257-01c8-41eb-ac3e-49482c20fdee@group-445108C82BA3: receive requestVote(PRE_VOTE, 97b3bde5-dca1-47ee-b202-78dc9f7ada5a, group-445108C82BA3, 0, (t:0, i:0))
2023-06-25 20:38:53,305 [grpc-default-executor-0] INFO  impl.VoteContext (VoteContext.java:log(49)) - 93527257-01c8-41eb-ac3e-49482c20fdee@group-445108C82BA3-FOLLOWER: accept PRE_VOTE from 97b3bde5-dca1-47ee-b202-78dc9f7ada5a: our priority 0 <= candidate's priority 1
2023-06-25 20:38:53,305 [grpc-default-executor-0] INFO  server.RaftServer$Division (RaftServerImpl.java:requestVote(1335)) - 93527257-01c8-41eb-ac3e-49482c20fdee@group-445108C82BA3 replies to PRE_VOTE vote request: 97b3bde5-dca1-47ee-b202-78dc9f7ada5a<-93527257-01c8-41eb-ac3e-49482c20fdee#0:OK-t0. Peer's state: 93527257-01c8-41eb-ac3e-49482c20fdee@group-445108C82BA3:t0, leader=null, voted=, raftlog=Memoized:93527257-01c8-41eb-ac3e-49482c20fdee@group-445108C82BA3-SegmentedRaftLog:OPENED:c-1, conf=-1: peers:[a7b978ac-5579-421c-88f8-8216da815ec4|rpc:10.1.0.20:15093|admin:10.1.0.20:15092|client:10.1.0.20:15091|dataStream:10.1.0.20:15094|priority:0|startupRole:FOLLOWER, 93527257-01c8-41eb-ac3e-49482c20fdee|rpc:10.1.0.20:15084|admin:10.1.0.20:15083|client:10.1.0.20:15082|dataStream:10.1.0.20:15085|priority:0|startupRole:FOLLOWER, 97b3bde5-dca1-47ee-b202-78dc9f7ada5a|rpc:10.1.0.20:15102|admin:10.1.0.20:15101|client:10.1.0.20:15100|dataStream:10.1.0.20:15103|priority:1|startupRole:FOLLOWER]|listeners:[], old=null
2023-06-25 20:38:53,313 [97b3bde5-dca1-47ee-b202-78dc9f7ada5a@group-445108C82BA3-LeaderElection20] INFO  impl.LeaderElection (LeaderElection.java:logAndReturn(90)) - 97b3bde5-dca1-47ee-b202-78dc9f7ada5a@group-445108C82BA3-LeaderElection20: PRE_VOTE PASSED received 1 response(s) and 0 exception(s):
2023-06-25 20:38:53,313 [97b3bde5-dca1-47ee-b202-78dc9f7ada5a@group-445108C82BA3-LeaderElection20] INFO  impl.LeaderElection (LeaderElection.java:logAndReturn(94)) -   Response 0: 97b3bde5-dca1-47ee-b202-78dc9f7ada5a<-a7b978ac-5579-421c-88f8-8216da815ec4#0:OK-t0
2023-06-25 20:38:53,313 [97b3bde5-dca1-47ee-b202-78dc9f7ada5a@group-445108C82BA3-LeaderElection20] INFO  impl.LeaderElection (LeaderElection.java:askForVotes(323)) - 97b3bde5-dca1-47ee-b202-78dc9f7ada5a@group-445108C82BA3-LeaderElection20 PRE_VOTE round 0: result PASSED
2023-06-25 20:38:53,315 [97b3bde5-dca1-47ee-b202-78dc9f7ada5a@group-445108C82BA3-LeaderElection20] INFO  impl.LeaderElection (LeaderElection.java:askForVotes(321)) - 97b3bde5-dca1-47ee-b202-78dc9f7ada5a@group-445108C82BA3-LeaderElection20 ELECTION round 0: submit vote requests at term 1 for -1: peers:[a7b978ac-5579-421c-88f8-8216da815ec4|rpc:10.1.0.20:15093|admin:10.1.0.20:15092|client:10.1.0.20:15091|dataStream:10.1.0.20:15094|priority:0|startupRole:FOLLOWER, 93527257-01c8-41eb-ac3e-49482c20fdee|rpc:10.1.0.20:15084|admin:10.1.0.20:15083|client:10.1.0.20:15082|dataStream:10.1.0.20:15085|priority:0|startupRole:FOLLOWER, 97b3bde5-dca1-47ee-b202-78dc9f7ada5a|rpc:10.1.0.20:15102|admin:10.1.0.20:15101|client:10.1.0.20:15100|dataStream:10.1.0.20:15103|priority:1|startupRole:FOLLOWER]|listeners:[], old=null
2023-06-25 20:38:53,326 [97b3bde5-dca1-47ee-b202-78dc9f7ada5a@group-445108C82BA3-LeaderElection20] INFO  server.RaftServerConfigKeys (ConfUtils.java:logFallback(53)) - raft.server.rpc.first-election.timeout.min = 5s (fallback to raft.server.rpc.timeout.min)
2023-06-25 20:38:53,326 [97b3bde5-dca1-47ee-b202-78dc9f7ada5a@group-445108C82BA3-LeaderElection20] INFO  server.RaftServerConfigKeys (ConfUtils.java:logFallback(53)) - raft.server.rpc.first-election.timeout.max = 5200ms (fallback to raft.server.rpc.timeout.max)
2023-06-25 20:38:53,328 [grpc-default-executor-1] INFO  server.RaftServer$Division (RaftServerImpl.java:requestVote(1302)) - a7b978ac-5579-421c-88f8-8216da815ec4@group-445108C82BA3: receive requestVote(ELECTION, 97b3bde5-dca1-47ee-b202-78dc9f7ada5a, group-445108C82BA3, 1, (t:0, i:0))
2023-06-25 20:38:53,328 [grpc-default-executor-0] INFO  server.RaftServer$Division (RaftServerImpl.java:requestVote(1302)) - 93527257-01c8-41eb-ac3e-49482c20fdee@group-445108C82BA3: receive requestVote(ELECTION, 97b3bde5-dca1-47ee-b202-78dc9f7ada5a, group-445108C82BA3, 1, (t:0, i:0))
2023-06-25 20:38:53,328 [grpc-default-executor-1] INFO  impl.VoteContext (VoteContext.java:log(49)) - a7b978ac-5579-421c-88f8-8216da815ec4@group-445108C82BA3-FOLLOWER: accept ELECTION from 97b3bde5-dca1-47ee-b202-78dc9f7ada5a: our priority 0 <= candidate's priority 1
2023-06-25 20:38:53,328 [grpc-default-executor-0] INFO  impl.VoteContext (VoteContext.java:log(49)) - 93527257-01c8-41eb-ac3e-49482c20fdee@group-445108C82BA3-FOLLOWER: accept ELECTION from 97b3bde5-dca1-47ee-b202-78dc9f7ada5a: our priority 0 <= candidate's priority 1
2023-06-25 20:38:53,328 [grpc-default-executor-1] INFO  server.RaftServer$Division (RaftServerImpl.java:setRole(329)) - a7b978ac-5579-421c-88f8-8216da815ec4@group-445108C82BA3: changes role from  FOLLOWER to FOLLOWER at term 1 for candidate:97b3bde5-dca1-47ee-b202-78dc9f7ada5a
2023-06-25 20:38:53,329 [grpc-default-executor-0] INFO  server.RaftServer$Division (RaftServerImpl.java:setRole(329)) - 93527257-01c8-41eb-ac3e-49482c20fdee@group-445108C82BA3: changes role from  FOLLOWER to FOLLOWER at term 1 for candidate:97b3bde5-dca1-47ee-b202-78dc9f7ada5a
2023-06-25 20:38:53,329 [grpc-default-executor-1] INFO  impl.RoleInfo (RoleInfo.java:shutdownFollowerState(110)) - a7b978ac-5579-421c-88f8-8216da815ec4: shutdown a7b978ac-5579-421c-88f8-8216da815ec4@group-445108C82BA3-FollowerState
2023-06-25 20:38:53,329 [grpc-default-executor-0] INFO  impl.RoleInfo (RoleInfo.java:shutdownFollowerState(110)) - 93527257-01c8-41eb-ac3e-49482c20fdee: shutdown 93527257-01c8-41eb-ac3e-49482c20fdee@group-445108C82BA3-FollowerState
2023-06-25 20:38:53,329 [grpc-default-executor-1] INFO  impl.RoleInfo (RoleInfo.java:updateAndGet(139)) - a7b978ac-5579-421c-88f8-8216da815ec4: start a7b978ac-5579-421c-88f8-8216da815ec4@group-445108C82BA3-FollowerState
2023-06-25 20:38:53,329 [93527257-01c8-41eb-ac3e-49482c20fdee@group-445108C82BA3-FollowerState] INFO  impl.FollowerState (FollowerState.java:run(152)) - 93527257-01c8-41eb-ac3e-49482c20fdee@group-445108C82BA3-FollowerState was interrupted
2023-06-25 20:38:53,329 [a7b978ac-5579-421c-88f8-8216da815ec4@group-445108C82BA3-FollowerState] INFO  impl.FollowerState (FollowerState.java:run(152)) - a7b978ac-5579-421c-88f8-8216da815ec4@group-445108C82BA3-FollowerState was interrupted
2023-06-25 20:38:53,329 [grpc-default-executor-0] INFO  impl.RoleInfo (RoleInfo.java:updateAndGet(139)) - 93527257-01c8-41eb-ac3e-49482c20fdee: start 93527257-01c8-41eb-ac3e-49482c20fdee@group-445108C82BA3-FollowerState
2023-06-25 20:38:53,332 [grpc-default-executor-1] INFO  server.RaftServer$Division (RaftServerImpl.java:requestVote(1335)) - a7b978ac-5579-421c-88f8-8216da815ec4@group-445108C82BA3 replies to ELECTION vote request: 97b3bde5-dca1-47ee-b202-78dc9f7ada5a<-a7b978ac-5579-421c-88f8-8216da815ec4#0:OK-t1. Peer's state: a7b978ac-5579-421c-88f8-8216da815ec4@group-445108C82BA3:t1, leader=null, voted=97b3bde5-dca1-47ee-b202-78dc9f7ada5a, raftlog=Memoized:a7b978ac-5579-421c-88f8-8216da815ec4@group-445108C82BA3-SegmentedRaftLog:OPENED:c-1, conf=-1: peers:[a7b978ac-5579-421c-88f8-8216da815ec4|rpc:10.1.0.20:15093|admin:10.1.0.20:15092|client:10.1.0.20:15091|dataStream:10.1.0.20:15094|priority:0|startupRole:FOLLOWER, 93527257-01c8-41eb-ac3e-49482c20fdee|rpc:10.1.0.20:15084|admin:10.1.0.20:15083|client:10.1.0.20:15082|dataStream:10.1.0.20:15085|priority:0|startupRole:FOLLOWER, 97b3bde5-dca1-47ee-b202-78dc9f7ada5a|rpc:10.1.0.20:15102|admin:10.1.0.20:15101|client:10.1.0.20:15100|dataStream:10.1.0.20:15103|priority:1|startupRole:FOLLOWER]|listeners:[], old=null
2023-06-25 20:38:53,333 [97b3bde5-dca1-47ee-b202-78dc9f7ada5a@group-445108C82BA3-LeaderElection20] INFO  impl.LeaderElection (LeaderElection.java:logAndReturn(90)) - 97b3bde5-dca1-47ee-b202-78dc9f7ada5a@group-445108C82BA3-LeaderElection20: ELECTION PASSED received 1 response(s) and 0 exception(s):
2023-06-25 20:38:53,333 [97b3bde5-dca1-47ee-b202-78dc9f7ada5a@group-445108C82BA3-LeaderElection20] INFO  impl.LeaderElection (LeaderElection.java:logAndReturn(94)) -   Response 0: 97b3bde5-dca1-47ee-b202-78dc9f7ada5a<-a7b978ac-5579-421c-88f8-8216da815ec4#0:OK-t1
2023-06-25 20:38:53,333 [97b3bde5-dca1-47ee-b202-78dc9f7ada5a@group-445108C82BA3-LeaderElection20] INFO  impl.LeaderElection (LeaderElection.java:askForVotes(323)) - 97b3bde5-dca1-47ee-b202-78dc9f7ada5a@group-445108C82BA3-LeaderElection20 ELECTION round 0: result PASSED
2023-06-25 20:38:53,333 [97b3bde5-dca1-47ee-b202-78dc9f7ada5a@group-445108C82BA3-LeaderElection20] INFO  impl.RoleInfo (RoleInfo.java:shutdownLeaderElection(130)) - 97b3bde5-dca1-47ee-b202-78dc9f7ada5a: shutdown 97b3bde5-dca1-47ee-b202-78dc9f7ada5a@group-445108C82BA3-LeaderElection20
2023-06-25 20:38:53,334 [97b3bde5-dca1-47ee-b202-78dc9f7ada5a@group-445108C82BA3-LeaderElection20] INFO  server.RaftServer$Division (RaftServerImpl.java:setRole(329)) - 97b3bde5-dca1-47ee-b202-78dc9f7ada5a@group-445108C82BA3: changes role from CANDIDATE to LEADER at term 1 for changeToLeader
2023-06-25 20:38:53,334 [97b3bde5-dca1-47ee-b202-78dc9f7ada5a@group-445108C82BA3-LeaderElection20] INFO  ratis.XceiverServerRatis (XceiverServerRatis.java:handleLeaderChangedNotification(902)) - Leader change notification received for group: group-445108C82BA3 with new leaderId: 97b3bde5-dca1-47ee-b202-78dc9f7ada5a
2023-06-25 20:38:53,334 [97b3bde5-dca1-47ee-b202-78dc9f7ada5a@group-445108C82BA3-LeaderElection20] INFO  server.RaftServer$Division (ServerState.java:setLeader(317)) - 97b3bde5-dca1-47ee-b202-78dc9f7ada5a@group-445108C82BA3: change Leader from null to 97b3bde5-dca1-47ee-b202-78dc9f7ada5a at term 1 for becomeLeader, leader elected after 5143ms
2023-06-25 20:38:53,334 [97b3bde5-dca1-47ee-b202-78dc9f7ada5a@group-445108C82BA3-LeaderElection20] INFO  server.RaftServerConfigKeys (ConfUtils.java:logGet(46)) - raft.server.staging.catchup.gap = 1000 (default)
2023-06-25 20:38:53,335 [grpc-default-executor-0] INFO  server.RaftServer$Division (RaftServerImpl.java:requestVote(1335)) - 93527257-01c8-41eb-ac3e-49482c20fdee@group-445108C82BA3 replies to ELECTION vote request: 97b3bde5-dca1-47ee-b202-78dc9f7ada5a<-93527257-01c8-41eb-ac3e-49482c20fdee#0:OK-t1. Peer's state: 93527257-01c8-41eb-ac3e-49482c20fdee@group-445108C82BA3:t1, leader=null, voted=97b3bde5-dca1-47ee-b202-78dc9f7ada5a, raftlog=Memoized:93527257-01c8-41eb-ac3e-49482c20fdee@group-445108C82BA3-SegmentedRaftLog:OPENED:c-1, conf=-1: peers:[a7b978ac-5579-421c-88f8-8216da815ec4|rpc:10.1.0.20:15093|admin:10.1.0.20:15092|client:10.1.0.20:15091|dataStream:10.1.0.20:15094|priority:0|startupRole:FOLLOWER, 93527257-01c8-41eb-ac3e-49482c20fdee|rpc:10.1.0.20:15084|admin:10.1.0.20:15083|client:10.1.0.20:15082|dataStream:10.1.0.20:15085|priority:0|startupRole:FOLLOWER, 97b3bde5-dca1-47ee-b202-78dc9f7ada5a|rpc:10.1.0.20:15102|admin:10.1.0.20:15101|client:10.1.0.20:15100|dataStream:10.1.0.20:15103|priority:1|startupRole:FOLLOWER]|listeners:[], old=null
2023-06-25 20:38:53,336 [EventQueue-PipelineReportForPipelineReportHandler] INFO  pipeline.PipelineManagerImpl (PipelineManagerImpl.java:openPipeline(381)) - Pipeline Pipeline[ Id: 0d2a5396-a8b9-44fd-89d0-445108c82ba3, Nodes: a7b978ac-5579-421c-88f8-8216da815ec4(fv-az808-130.wa3tte2ragoufbcbawjciesdkc.bx.internal.cloudapp.net/10.1.0.20)93527257-01c8-41eb-ac3e-49482c20fdee(fv-az808-130.wa3tte2ragoufbcbawjciesdkc.bx.internal.cloudapp.net/10.1.0.20)97b3bde5-dca1-47ee-b202-78dc9f7ada5a(fv-az808-130.wa3tte2ragoufbcbawjciesdkc.bx.internal.cloudapp.net/10.1.0.20), ReplicationConfig: RATIS/THREE, State:ALLOCATED, leaderId:97b3bde5-dca1-47ee-b202-78dc9f7ada5a, CreationTimestamp2023-06-25T20:38:45.780Z[Etc/UTC]] moved to OPEN state
2023-06-25 20:38:53,336 [EventQueue-OpenPipelineForHealthyPipelineSafeModeRule] INFO  safemode.SCMSafeModeManager (HealthyPipelineSafeModeRule.java:process(137)) - SCM in safe mode. Healthy pipelines reported count is 1, required healthy pipeline reported count is 1
2023-06-25 20:38:53,336 [EventQueue-OpenPipelineForHealthyPipelineSafeModeRule] INFO  safemode.SCMSafeModeManager (SCMSafeModeManager.java:validateSafeModeExitRules(200)) - HealthyPipelineSafeModeRule rule is successfully validated
2023-06-25 20:38:53,336 [EventQueue-OpenPipelineForHealthyPipelineSafeModeRule] INFO  safemode.SCMSafeModeManager (SCMSafeModeManager.java:validateSafeModeExitRules(215)) - ScmSafeModeManager, all rules are successfully validated
2023-06-25 20:38:53,336 [EventQueue-OpenPipelineForHealthyPipelineSafeModeRule] INFO  safemode.SCMSafeModeManager (SCMSafeModeManager.java:exitSafeMode(244)) - SCM exiting safe mode.
2023-06-25 20:38:53,336 [EventQueue-OpenPipelineForHealthyPipelineSafeModeRule] INFO  ha.SCMContext (SCMContext.java:updateSafeModeStatus(228)) - Update SafeModeStatus from SafeModeStatus{safeModeStatus=true, preCheckPassed=true} to SafeModeStatus{safeModeStatus=false, preCheckPassed=true}.
2023-06-25 20:38:53,336 [EventQueue-OpenPipelineForHealthyPipelineSafeModeRule] INFO  pipeline.BackgroundPipelineCreator (BackgroundPipelineCreator.java:notifyStatusChanged(254)) - Service BackgroundPipelineCreator transitions to RUNNING.
2023-06-25 20:38:53,337 [EventQueue-OpenPipelineForHealthyPipelineSafeModeRule] INFO  BackgroundPipelineScrubber (BackgroundSCMService.java:notifyStatusChanged(82)) - Service BackgroundPipelineScrubber transitions to RUNNING.
2023-06-25 20:38:53,337 [EventQueue-OpenPipelineForHealthyPipelineSafeModeRule] INFO  ExpiredContainerReplicaOpScrubber (BackgroundSCMService.java:notifyStatusChanged(82)) - Service ExpiredContainerReplicaOpScrubber transitions to RUNNING.
2023-06-25 20:38:53,337 [EventQueue-OpenPipelineForHealthyPipelineSafeModeRule] INFO  replication.ReplicationManager (ReplicationManager.java:notifyStatusChanged(1367)) - Service ReplicationManager transitions to RUNNING.
2023-06-25 20:38:53,337 [EventQueue-OpenPipelineForHealthyPipelineSafeModeRule] WARN  balancer.ContainerBalancer (ContainerBalancer.java:shouldRun(135)) - Could not find persisted configuration for ContainerBalancer when checking if ContainerBalancer should run. ContainerBalancer should not run now.
2023-06-25 20:38:53,338 [97b3bde5-dca1-47ee-b202-78dc9f7ada5a@group-445108C82BA3-LeaderElection20] INFO  server.RaftServerConfigKeys (ConfUtils.java:logGet(46)) - raft.server.write.element-limit = 1024 (custom)
2023-06-25 20:38:53,338 [97b3bde5-dca1-47ee-b202-78dc9f7ada5a@group-445108C82BA3-LeaderElection20] INFO  server.RaftServerConfigKeys (ConfUtils.java:logGet(46)) - raft.server.write.byte-limit = 1024 M (=1073741824) (custom)
2023-06-25 20:38:53,338 [97b3bde5-dca1-47ee-b202-78dc9f7ada5a@group-445108C82BA3-LeaderElection20] INFO  server.RaftServerConfigKeys (ConfUtils.java:logGet(46)) - raft.server.watch.timeout = 180s (custom)
2023-06-25 20:38:53,338 [97b3bde5-dca1-47ee-b202-78dc9f7ada5a@group-445108C82BA3-LeaderElection20] INFO  server.RaftServerConfigKeys (ConfUtils.java:logGet(46)) - raft.server.watch.timeout.denomination = 1s (default)
2023-06-25 20:38:53,339 [97b3bde5-dca1-47ee-b202-78dc9f7ada5a@group-445108C82BA3-LeaderElection20] INFO  server.RaftServerConfigKeys (ConfUtils.java:logGet(46)) - raft.server.watch.element-limit = 65536 (default)
2023-06-25 20:38:53,339 [97b3bde5-dca1-47ee-b202-78dc9f7ada5a@group-445108C82BA3-LeaderElection20] INFO  server.RaftServerConfigKeys (ConfUtils.java:logGet(46)) - raft.server.write.element-limit = 1024 (custom)
2023-06-25 20:38:53,339 [97b3bde5-dca1-47ee-b202-78dc9f7ada5a@group-445108C82BA3-LeaderElection20] INFO  server.RaftServerConfigKeys (ConfUtils.java:logGet(46)) - raft.server.write.follower.gap.ratio.max = -1.0 (default)
2023-06-25 20:38:53,339 [97b3bde5-dca1-47ee-b202-78dc9f7ada5a@group-445108C82BA3-LeaderElection20] INFO  server.RaftServerConfigKeys (ConfUtils.java:logGet(46)) - raft.server.log.appender.snapshot.chunk.size.max = 16MB (=16777216) (default)
2023-06-25 20:38:53,339 [97b3bde5-dca1-47ee-b202-78dc9f7ada5a@group-445108C82BA3-LeaderElection20] INFO  server.RaftServerConfigKeys (ConfUtils.java:logGet(46)) - raft.server.log.appender.buffer.byte-limit = 33554432 (custom)
2023-06-25 20:38:53,339 [97b3bde5-dca1-47ee-b202-78dc9f7ada5a@group-445108C82BA3-LeaderElection20] INFO  server.RaftServerConfigKeys (ConfUtils.java:logGet(46)) - raft.server.log.appender.buffer.element-limit = 1 (custom)
2023-06-25 20:38:53,340 [97b3bde5-dca1-47ee-b202-78dc9f7ada5a@group-445108C82BA3-LeaderElection20] INFO  server.RaftServerConfigKeys (ConfUtils.java:logGet(46)) - raft.server.log.appender.wait-time.min = 10ms (default)
2023-06-25 20:38:53,340 [97b3bde5-dca1-47ee-b202-78dc9f7ada5a@group-445108C82BA3-LeaderElection20] INFO  grpc.GrpcConfigKeys (ConfUtils.java:logGet(46)) - raft.grpc.server.leader.outstanding.appends.max = 128 (default)
2023-06-25 20:38:53,340 [97b3bde5-dca1-47ee-b202-78dc9f7ada5a@group-445108C82BA3-LeaderElection20] INFO  server.RaftServerConfigKeys (ConfUtils.java:logGet(46)) - raft.server.rpc.request.timeout = 60s (custom)
2023-06-25 20:38:53,340 [97b3bde5-dca1-47ee-b202-78dc9f7ada5a@group-445108C82BA3-LeaderElection20] INFO  grpc.GrpcConfigKeys (ConfUtils.java:logGet(46)) - raft.grpc.server.install_snapshot.request.element-limit = 8 (default)
2023-06-25 20:38:53,340 [97b3bde5-dca1-47ee-b202-78dc9f7ada5a@group-445108C82BA3-LeaderElection20] INFO  grpc.GrpcConfigKeys (ConfUtils.java:logGet(46)) - raft.grpc.server.install_snapshot.request.timeout = 3000ms (default)
2023-06-25 20:38:53,340 [97b3bde5-dca1-47ee-b202-78dc9f7ada5a@group-445108C82BA3-LeaderElection20] INFO  server.RaftServerConfigKeys (ConfUtils.java:logGet(46)) - raft.server.log.appender.install.snapshot.enabled = false (custom)
2023-06-25 20:38:53,340 [97b3bde5-dca1-47ee-b202-78dc9f7ada5a@group-445108C82BA3-LeaderElection20] INFO  grpc.GrpcConfigKeys (ConfUtils.java:logGet(46)) - raft.grpc.server.heartbeat.channel = true (default)
2023-06-25 20:38:53,341 [97b3bde5-dca1-47ee-b202-78dc9f7ada5a@group-445108C82BA3-LeaderElection20] INFO  server.RaftServerConfigKeys (ConfUtils.java:logGet(46)) - raft.server.log.appender.snapshot.chunk.size.max = 16MB (=16777216) (default)
2023-06-25 20:38:53,341 [97b3bde5-dca1-47ee-b202-78dc9f7ada5a@group-445108C82BA3-LeaderElection20] INFO  server.RaftServerConfigKeys (ConfUtils.java:logGet(46)) - raft.server.log.appender.buffer.byte-limit = 33554432 (custom)
2023-06-25 20:38:53,341 [97b3bde5-dca1-47ee-b202-78dc9f7ada5a@group-445108C82BA3-LeaderElection20] INFO  server.RaftServerConfigKeys (ConfUtils.java:logGet(46)) - raft.server.log.appender.buffer.element-limit = 1 (custom)
2023-06-25 20:38:53,341 [97b3bde5-dca1-47ee-b202-78dc9f7ada5a@group-445108C82BA3-LeaderElection20] INFO  server.RaftServerConfigKeys (ConfUtils.java:logGet(46)) - raft.server.log.appender.wait-time.min = 10ms (default)
2023-06-25 20:38:53,341 [97b3bde5-dca1-47ee-b202-78dc9f7ada5a@group-445108C82BA3-LeaderElection20] INFO  grpc.GrpcConfigKeys (ConfUtils.java:logGet(46)) - raft.grpc.server.leader.outstanding.appends.max = 128 (default)
2023-06-25 20:38:53,343 [97b3bde5-dca1-47ee-b202-78dc9f7ada5a@group-445108C82BA3-LeaderElection20] INFO  server.RaftServerConfigKeys (ConfUtils.java:logGet(46)) - raft.server.rpc.request.timeout = 60s (custom)
2023-06-25 20:38:53,343 [97b3bde5-dca1-47ee-b202-78dc9f7ada5a@group-445108C82BA3-LeaderElection20] INFO  grpc.GrpcConfigKeys (ConfUtils.java:logGet(46)) - raft.grpc.server.install_snapshot.request.element-limit = 8 (default)
2023-06-25 20:38:53,343 [97b3bde5-dca1-47ee-b202-78dc9f7ada5a@group-445108C82BA3-LeaderElection20] INFO  grpc.GrpcConfigKeys (ConfUtils.java:logGet(46)) - raft.grpc.server.install_snapshot.request.timeout = 3000ms (default)
2023-06-25 20:38:53,343 [97b3bde5-dca1-47ee-b202-78dc9f7ada5a@group-445108C82BA3-LeaderElection20] INFO  server.RaftServerConfigKeys (ConfUtils.java:logGet(46)) - raft.server.log.appender.install.snapshot.enabled = false (custom)
2023-06-25 20:38:53,343 [97b3bde5-dca1-47ee-b202-78dc9f7ada5a@group-445108C82BA3-LeaderElection20] INFO  grpc.GrpcConfigKeys (ConfUtils.java:logGet(46)) - raft.grpc.server.heartbeat.channel = true (default)
2023-06-25 20:38:53,343 [97b3bde5-dca1-47ee-b202-78dc9f7ada5a@group-445108C82BA3-LeaderElection20] INFO  impl.RoleInfo (RoleInfo.java:updateAndGet(139)) - 97b3bde5-dca1-47ee-b202-78dc9f7ada5a: start 97b3bde5-dca1-47ee-b202-78dc9f7ada5a@group-445108C82BA3-LeaderStateImpl
2023-06-25 20:38:53,344 [97b3bde5-dca1-47ee-b202-78dc9f7ada5a@group-445108C82BA3-LeaderElection20] INFO  segmented.SegmentedRaftLogWorker (SegmentedRaftLogWorker.java:startLogSegment(447)) - 97b3bde5-dca1-47ee-b202-78dc9f7ada5a@group-445108C82BA3-SegmentedRaftLogWorker: Starting segment from index:0
2023-06-25 20:38:53,348 [97b3bde5-dca1-47ee-b202-78dc9f7ada5a@group-445108C82BA3-SegmentedRaftLogWorker] INFO  segmented.SegmentedRaftLogWorker (SegmentedRaftLogWorker.java:execute(651)) - 97b3bde5-dca1-47ee-b202-78dc9f7ada5a@group-445108C82BA3-SegmentedRaftLogWorker: created new log segment /home/runner/work/ozone/ozone/hadoop-ozone/integration-test/target/test-dir/MiniOzoneClusterImpl-3e5e392c-9910-47c9-9966-58048db8f0c6/datanode-2/data/ratis/0d2a5396-a8b9-44fd-89d0-445108c82ba3/current/log_inprogress_0
2023-06-25 20:38:53,362 [97b3bde5-dca1-47ee-b202-78dc9f7ada5a@group-445108C82BA3-LeaderElection20] INFO  server.RaftServer$Division (ServerState.java:setRaftConf(434)) - 97b3bde5-dca1-47ee-b202-78dc9f7ada5a@group-445108C82BA3: set configuration 0: peers:[a7b978ac-5579-421c-88f8-8216da815ec4|rpc:10.1.0.20:15093|admin:10.1.0.20:15092|client:10.1.0.20:15091|dataStream:10.1.0.20:15094|priority:0|startupRole:FOLLOWER, 93527257-01c8-41eb-ac3e-49482c20fdee|rpc:10.1.0.20:15084|admin:10.1.0.20:15083|client:10.1.0.20:15082|dataStream:10.1.0.20:15085|priority:0|startupRole:FOLLOWER, 97b3bde5-dca1-47ee-b202-78dc9f7ada5a|rpc:10.1.0.20:15102|admin:10.1.0.20:15101|client:10.1.0.20:15100|dataStream:10.1.0.20:15103|priority:1|startupRole:FOLLOWER]|listeners:[], old=null
2023-06-25 20:38:53,370 [a7b978ac-5579-421c-88f8-8216da815ec4-server-thread1] INFO  ratis.XceiverServerRatis (XceiverServerRatis.java:handleLeaderChangedNotification(902)) - Leader change notification received for group: group-445108C82BA3 with new leaderId: 97b3bde5-dca1-47ee-b202-78dc9f7ada5a
2023-06-25 20:38:53,370 [a7b978ac-5579-421c-88f8-8216da815ec4-server-thread1] INFO  server.RaftServer$Division (ServerState.java:setLeader(317)) - a7b978ac-5579-421c-88f8-8216da815ec4@group-445108C82BA3: change Leader from null to 97b3bde5-dca1-47ee-b202-78dc9f7ada5a at term 1 for appendEntries, leader elected after 5239ms
2023-06-25 20:38:53,373 [93527257-01c8-41eb-ac3e-49482c20fdee-server-thread1] INFO  ratis.XceiverServerRatis (XceiverServerRatis.java:handleLeaderChangedNotification(902)) - Leader change notification received for group: group-445108C82BA3 with new leaderId: 97b3bde5-dca1-47ee-b202-78dc9f7ada5a
2023-06-25 20:38:53,373 [93527257-01c8-41eb-ac3e-49482c20fdee-server-thread1] INFO  server.RaftServer$Division (ServerState.java:setLeader(317)) - 93527257-01c8-41eb-ac3e-49482c20fdee@group-445108C82BA3: change Leader from null to 97b3bde5-dca1-47ee-b202-78dc9f7ada5a at term 1 for appendEntries, leader elected after 5285ms
2023-06-25 20:38:53,374 [93527257-01c8-41eb-ac3e-49482c20fdee-server-thread1] INFO  server.RaftServer$Division (ServerState.java:setRaftConf(434)) - 93527257-01c8-41eb-ac3e-49482c20fdee@group-445108C82BA3: set configuration 0: peers:[a7b978ac-5579-421c-88f8-8216da815ec4|rpc:10.1.0.20:15093|admin:10.1.0.20:15092|client:10.1.0.20:15091|dataStream:10.1.0.20:15094|priority:0|startupRole:FOLLOWER, 93527257-01c8-41eb-ac3e-49482c20fdee|rpc:10.1.0.20:15084|admin:10.1.0.20:15083|client:10.1.0.20:15082|dataStream:10.1.0.20:15085|priority:0|startupRole:FOLLOWER, 97b3bde5-dca1-47ee-b202-78dc9f7ada5a|rpc:10.1.0.20:15102|admin:10.1.0.20:15101|client:10.1.0.20:15100|dataStream:10.1.0.20:15103|priority:1|startupRole:FOLLOWER]|listeners:[], old=null
2023-06-25 20:38:53,374 [93527257-01c8-41eb-ac3e-49482c20fdee-server-thread1] INFO  segmented.SegmentedRaftLogWorker (SegmentedRaftLogWorker.java:startLogSegment(447)) - 93527257-01c8-41eb-ac3e-49482c20fdee@group-445108C82BA3-SegmentedRaftLogWorker: Starting segment from index:0
2023-06-25 20:38:53,375 [a7b978ac-5579-421c-88f8-8216da815ec4-server-thread1] INFO  server.RaftServer$Division (ServerState.java:setRaftConf(434)) - a7b978ac-5579-421c-88f8-8216da815ec4@group-445108C82BA3: set configuration 0: peers:[a7b978ac-5579-421c-88f8-8216da815ec4|rpc:10.1.0.20:15093|admin:10.1.0.20:15092|client:10.1.0.20:15091|dataStream:10.1.0.20:15094|priority:0|startupRole:FOLLOWER, 93527257-01c8-41eb-ac3e-49482c20fdee|rpc:10.1.0.20:15084|admin:10.1.0.20:15083|client:10.1.0.20:15082|dataStream:10.1.0.20:15085|priority:0|startupRole:FOLLOWER, 97b3bde5-dca1-47ee-b202-78dc9f7ada5a|rpc:10.1.0.20:15102|admin:10.1.0.20:15101|client:10.1.0.20:15100|dataStream:10.1.0.20:15103|priority:1|startupRole:FOLLOWER]|listeners:[], old=null
2023-06-25 20:38:53,375 [a7b978ac-5579-421c-88f8-8216da815ec4-server-thread1] INFO  segmented.SegmentedRaftLogWorker (SegmentedRaftLogWorker.java:startLogSegment(447)) - a7b978ac-5579-421c-88f8-8216da815ec4@group-445108C82BA3-SegmentedRaftLogWorker: Starting segment from index:0
2023-06-25 20:38:53,376 [93527257-01c8-41eb-ac3e-49482c20fdee@group-445108C82BA3-SegmentedRaftLogWorker] INFO  segmented.SegmentedRaftLogWorker (SegmentedRaftLogWorker.java:execute(651)) - 93527257-01c8-41eb-ac3e-49482c20fdee@group-445108C82BA3-SegmentedRaftLogWorker: created new log segment /home/runner/work/ozone/ozone/hadoop-ozone/integration-test/target/test-dir/MiniOzoneClusterImpl-3e5e392c-9910-47c9-9966-58048db8f0c6/datanode-0/data/ratis/0d2a5396-a8b9-44fd-89d0-445108c82ba3/current/log_inprogress_0
2023-06-25 20:38:53,377 [a7b978ac-5579-421c-88f8-8216da815ec4@group-445108C82BA3-SegmentedRaftLogWorker] INFO  segmented.SegmentedRaftLogWorker (SegmentedRaftLogWorker.java:execute(651)) - a7b978ac-5579-421c-88f8-8216da815ec4@group-445108C82BA3-SegmentedRaftLogWorker: created new log segment /home/runner/work/ozone/ozone/hadoop-ozone/integration-test/target/test-dir/MiniOzoneClusterImpl-3e5e392c-9910-47c9-9966-58048db8f0c6/datanode-1/data/ratis/0d2a5396-a8b9-44fd-89d0-445108c82ba3/current/log_inprogress_0
2023-06-25 20:38:53,386 [93527257-01c8-41eb-ac3e-49482c20fdee@group-F95E09B247DF-FollowerState] INFO  impl.FollowerState (FollowerState.java:run(143)) - 93527257-01c8-41eb-ac3e-49482c20fdee@group-F95E09B247DF-FollowerState: change to CANDIDATE, lastRpcElapsedTime:5130588319ns, electionTimeout:5124ms
2023-06-25 20:38:53,387 [93527257-01c8-41eb-ac3e-49482c20fdee@group-F95E09B247DF-FollowerState] INFO  impl.RoleInfo (RoleInfo.java:shutdownFollowerState(110)) - 93527257-01c8-41eb-ac3e-49482c20fdee: shutdown 93527257-01c8-41eb-ac3e-49482c20fdee@group-F95E09B247DF-FollowerState
2023-06-25 20:38:53,387 [93527257-01c8-41eb-ac3e-49482c20fdee@group-F95E09B247DF-FollowerState] INFO  server.RaftServer$Division (RaftServerImpl.java:setRole(329)) - 93527257-01c8-41eb-ac3e-49482c20fdee@group-F95E09B247DF: changes role from  FOLLOWER to CANDIDATE at term 0 for changeToCandidate
2023-06-25 20:38:53,388 [93527257-01c8-41eb-ac3e-49482c20fdee@group-F95E09B247DF-FollowerState] INFO  server.RaftServerConfigKeys (ConfUtils.java:logGet(46)) - raft.server.leaderelection.pre-vote = true (default)
2023-06-25 20:38:53,388 [93527257-01c8-41eb-ac3e-49482c20fdee@group-F95E09B247DF-FollowerState] INFO  impl.RoleInfo (RoleInfo.java:updateAndGet(139)) - 93527257-01c8-41eb-ac3e-49482c20fdee: start 93527257-01c8-41eb-ac3e-49482c20fdee@group-F95E09B247DF-LeaderElection21
2023-06-25 20:38:53,397 [93527257-01c8-41eb-ac3e-49482c20fdee@group-F95E09B247DF-LeaderElection21] INFO  impl.LeaderElection (LeaderElection.java:askForVotes(321)) - 93527257-01c8-41eb-ac3e-49482c20fdee@group-F95E09B247DF-LeaderElection21 PRE_VOTE round 0: submit vote requests at term 0 for -1: peers:[a7b978ac-5579-421c-88f8-8216da815ec4|rpc:10.1.0.20:15093|admin:10.1.0.20:15092|client:10.1.0.20:15091|dataStream:10.1.0.20:15094|priority:1|startupRole:FOLLOWER, 93527257-01c8-41eb-ac3e-49482c20fdee|rpc:10.1.0.20:15084|admin:10.1.0.20:15083|client:10.1.0.20:15082|dataStream:10.1.0.20:15085|priority:0|startupRole:FOLLOWER, 97b3bde5-dca1-47ee-b202-78dc9f7ada5a|rpc:10.1.0.20:15102|admin:10.1.0.20:15101|client:10.1.0.20:15100|dataStream:10.1.0.20:15103|priority:0|startupRole:FOLLOWER]|listeners:[], old=null
2023-06-25 20:38:53,397 [93527257-01c8-41eb-ac3e-49482c20fdee@group-F95E09B247DF-LeaderElection21-1] INFO  server.GrpcServerProtocolClient (GrpcServerProtocolClient.java:<init>(65)) - Build channel for a7b978ac-5579-421c-88f8-8216da815ec4
2023-06-25 20:38:53,403 [93527257-01c8-41eb-ac3e-49482c20fdee@group-F95E09B247DF-LeaderElection21] INFO  server.RaftServerConfigKeys (ConfUtils.java:logFallback(53)) - raft.server.rpc.first-election.timeout.min = 5s (fallback to raft.server.rpc.timeout.min)
2023-06-25 20:38:53,403 [93527257-01c8-41eb-ac3e-49482c20fdee@group-F95E09B247DF-LeaderElection21-2] INFO  server.GrpcServerProtocolClient (GrpcServerProtocolClient.java:<init>(65)) - Build channel for 97b3bde5-dca1-47ee-b202-78dc9f7ada5a
2023-06-25 20:38:53,407 [grpc-default-executor-0] INFO  server.RaftServer$Division (RaftServerImpl.java:requestVote(1302)) - a7b978ac-5579-421c-88f8-8216da815ec4@group-F95E09B247DF: receive requestVote(PRE_VOTE, 93527257-01c8-41eb-ac3e-49482c20fdee, group-F95E09B247DF, 0, (t:0, i:0))
2023-06-25 20:38:53,403 [93527257-01c8-41eb-ac3e-49482c20fdee@group-F95E09B247DF-LeaderElection21] INFO  server.RaftServerConfigKeys (ConfUtils.java:logFallback(53)) - raft.server.rpc.first-election.timeout.max = 5200ms (fallback to raft.server.rpc.timeout.max)
2023-06-25 20:38:53,407 [grpc-default-executor-0] INFO  impl.VoteContext (VoteContext.java:log(49)) - a7b978ac-5579-421c-88f8-8216da815ec4@group-F95E09B247DF-FOLLOWER: reject PRE_VOTE from 93527257-01c8-41eb-ac3e-49482c20fdee: our priority 1 > candidate's priority 0
2023-06-25 20:38:53,407 [grpc-default-executor-0] INFO  server.RaftServer$Division (RaftServerImpl.java:requestVote(1335)) - a7b978ac-5579-421c-88f8-8216da815ec4@group-F95E09B247DF replies to PRE_VOTE vote request: 93527257-01c8-41eb-ac3e-49482c20fdee<-a7b978ac-5579-421c-88f8-8216da815ec4#0:FAIL-t0. Peer's state: a7b978ac-5579-421c-88f8-8216da815ec4@group-F95E09B247DF:t0, leader=null, voted=, raftlog=Memoized:a7b978ac-5579-421c-88f8-8216da815ec4@group-F95E09B247DF-SegmentedRaftLog:OPENED:c-1, conf=-1: peers:[a7b978ac-5579-421c-88f8-8216da815ec4|rpc:10.1.0.20:15093|admin:10.1.0.20:15092|client:10.1.0.20:15091|dataStream:10.1.0.20:15094|priority:1|startupRole:FOLLOWER, 93527257-01c8-41eb-ac3e-49482c20fdee|rpc:10.1.0.20:15084|admin:10.1.0.20:15083|client:10.1.0.20:15082|dataStream:10.1.0.20:15085|priority:0|startupRole:FOLLOWER, 97b3bde5-dca1-47ee-b202-78dc9f7ada5a|rpc:10.1.0.20:15102|admin:10.1.0.20:15101|client:10.1.0.20:15100|dataStream:10.1.0.20:15103|priority:0|startupRole:FOLLOWER]|listeners:[], old=null
2023-06-25 20:38:53,417 [a7b978ac-5579-421c-88f8-8216da815ec4@group-F95E09B247DF-FollowerState] INFO  impl.FollowerState (FollowerState.java:run(143)) - a7b978ac-5579-421c-88f8-8216da815ec4@group-F95E09B247DF-FollowerState: change to CANDIDATE, lastRpcElapsedTime:5121243440ns, electionTimeout:5112ms
2023-06-25 20:38:53,418 [a7b978ac-5579-421c-88f8-8216da815ec4@group-F95E09B247DF-FollowerState] INFO  impl.RoleInfo (RoleInfo.java:shutdownFollowerState(110)) - a7b978ac-5579-421c-88f8-8216da815ec4: shutdown a7b978ac-5579-421c-88f8-8216da815ec4@group-F95E09B247DF-FollowerState
2023-06-25 20:38:53,418 [a7b978ac-5579-421c-88f8-8216da815ec4@group-F95E09B247DF-FollowerState] INFO  server.RaftServer$Division (RaftServerImpl.java:setRole(329)) - a7b978ac-5579-421c-88f8-8216da815ec4@group-F95E09B247DF: changes role from  FOLLOWER to CANDIDATE at term 0 for changeToCandidate
2023-06-25 20:38:53,421 [a7b978ac-5579-421c-88f8-8216da815ec4@group-F95E09B247DF-FollowerState] INFO  server.RaftServerConfigKeys (ConfUtils.java:logGet(46)) - raft.server.leaderelection.pre-vote = true (default)
2023-06-25 20:38:53,421 [a7b978ac-5579-421c-88f8-8216da815ec4@group-F95E09B247DF-FollowerState] INFO  impl.RoleInfo (RoleInfo.java:updateAndGet(139)) - a7b978ac-5579-421c-88f8-8216da815ec4: start a7b978ac-5579-421c-88f8-8216da815ec4@group-F95E09B247DF-LeaderElection22
2023-06-25 20:38:53,426 [93527257-01c8-41eb-ac3e-49482c20fdee@group-F95E09B247DF-LeaderElection21] INFO  impl.LeaderElection (LeaderElection.java:logAndReturn(90)) - 93527257-01c8-41eb-ac3e-49482c20fdee@group-F95E09B247DF-LeaderElection21: PRE_VOTE REJECTED received 1 response(s) and 0 exception(s):
2023-06-25 20:38:53,426 [93527257-01c8-41eb-ac3e-49482c20fdee@group-F95E09B247DF-LeaderElection21] INFO  impl.LeaderElection (LeaderElection.java:logAndReturn(94)) -   Response 0: 93527257-01c8-41eb-ac3e-49482c20fdee<-a7b978ac-5579-421c-88f8-8216da815ec4#0:FAIL-t0
2023-06-25 20:38:53,426 [93527257-01c8-41eb-ac3e-49482c20fdee@group-F95E09B247DF-LeaderElection21] INFO  impl.LeaderElection (LeaderElection.java:askForVotes(323)) - 93527257-01c8-41eb-ac3e-49482c20fdee@group-F95E09B247DF-LeaderElection21 PRE_VOTE round 0: result REJECTED
2023-06-25 20:38:53,426 [93527257-01c8-41eb-ac3e-49482c20fdee@group-F95E09B247DF-LeaderElection21] INFO  server.RaftServer$Division (RaftServerImpl.java:setRole(329)) - 93527257-01c8-41eb-ac3e-49482c20fdee@group-F95E09B247DF: changes role from CANDIDATE to FOLLOWER at term 0 for REJECTED
2023-06-25 20:38:53,426 [93527257-01c8-41eb-ac3e-49482c20fdee@group-F95E09B247DF-LeaderElection21] INFO  impl.RoleInfo (RoleInfo.java:shutdownLeaderElection(130)) - 93527257-01c8-41eb-ac3e-49482c20fdee: shutdown 93527257-01c8-41eb-ac3e-49482c20fdee@group-F95E09B247DF-LeaderElection21
2023-06-25 20:38:53,426 [93527257-01c8-41eb-ac3e-49482c20fdee@group-F95E09B247DF-LeaderElection21] INFO  impl.RoleInfo (RoleInfo.java:updateAndGet(139)) - 93527257-01c8-41eb-ac3e-49482c20fdee: start 93527257-01c8-41eb-ac3e-49482c20fdee@group-F95E09B247DF-FollowerState
2023-06-25 20:38:53,432 [grpc-default-executor-0] INFO  server.RaftServer$Division (RaftServerImpl.java:requestVote(1302)) - 97b3bde5-dca1-47ee-b202-78dc9f7ada5a@group-F95E09B247DF: receive requestVote(PRE_VOTE, 93527257-01c8-41eb-ac3e-49482c20fdee, group-F95E09B247DF, 0, (t:0, i:0))
2023-06-25 20:38:53,433 [grpc-default-executor-0] INFO  impl.VoteContext (VoteContext.java:log(49)) - 97b3bde5-dca1-47ee-b202-78dc9f7ada5a@group-F95E09B247DF-FOLLOWER: accept PRE_VOTE from 93527257-01c8-41eb-ac3e-49482c20fdee: our priority 0 <= candidate's priority 0
2023-06-25 20:38:53,433 [grpc-default-executor-0] INFO  server.RaftServer$Division (RaftServerImpl.java:requestVote(1335)) - 97b3bde5-dca1-47ee-b202-78dc9f7ada5a@group-F95E09B247DF replies to PRE_VOTE vote request: 93527257-01c8-41eb-ac3e-49482c20fdee<-97b3bde5-dca1-47ee-b202-78dc9f7ada5a#0:OK-t0. Peer's state: 97b3bde5-dca1-47ee-b202-78dc9f7ada5a@group-F95E09B247DF:t0, leader=null, voted=, raftlog=Memoized:97b3bde5-dca1-47ee-b202-78dc9f7ada5a@group-F95E09B247DF-SegmentedRaftLog:OPENED:c-1, conf=-1: peers:[a7b978ac-5579-421c-88f8-8216da815ec4|rpc:10.1.0.20:15093|admin:10.1.0.20:15092|client:10.1.0.20:15091|dataStream:10.1.0.20:15094|priority:1|startupRole:FOLLOWER, 93527257-01c8-41eb-ac3e-49482c20fdee|rpc:10.1.0.20:15084|admin:10.1.0.20:15083|client:10.1.0.20:15082|dataStream:10.1.0.20:15085|priority:0|startupRole:FOLLOWER, 97b3bde5-dca1-47ee-b202-78dc9f7ada5a|rpc:10.1.0.20:15102|admin:10.1.0.20:15101|client:10.1.0.20:15100|dataStream:10.1.0.20:15103|priority:0|startupRole:FOLLOWER]|listeners:[], old=null
2023-06-25 20:38:53,433 [a7b978ac-5579-421c-88f8-8216da815ec4@group-F95E09B247DF-LeaderElection22] INFO  impl.LeaderElection (LeaderElection.java:askForVotes(321)) - a7b978ac-5579-421c-88f8-8216da815ec4@group-F95E09B247DF-LeaderElection22 PRE_VOTE round 0: submit vote requests at term 0 for -1: peers:[a7b978ac-5579-421c-88f8-8216da815ec4|rpc:10.1.0.20:15093|admin:10.1.0.20:15092|client:10.1.0.20:15091|dataStream:10.1.0.20:15094|priority:1|startupRole:FOLLOWER, 93527257-01c8-41eb-ac3e-49482c20fdee|rpc:10.1.0.20:15084|admin:10.1.0.20:15083|client:10.1.0.20:15082|dataStream:10.1.0.20:15085|priority:0|startupRole:FOLLOWER, 97b3bde5-dca1-47ee-b202-78dc9f7ada5a|rpc:10.1.0.20:15102|admin:10.1.0.20:15101|client:10.1.0.20:15100|dataStream:10.1.0.20:15103|priority:0|startupRole:FOLLOWER]|listeners:[], old=null
2023-06-25 20:38:53,435 [grpc-default-executor-0] INFO  server.RaftServer$Division (RaftServerImpl.java:requestVote(1302)) - 93527257-01c8-41eb-ac3e-49482c20fdee@group-F95E09B247DF: receive requestVote(PRE_VOTE, a7b978ac-5579-421c-88f8-8216da815ec4, group-F95E09B247DF, 0, (t:0, i:0))
2023-06-25 20:38:53,435 [grpc-default-executor-0] INFO  impl.VoteContext (VoteContext.java:log(49)) - 93527257-01c8-41eb-ac3e-49482c20fdee@group-F95E09B247DF-FOLLOWER: accept PRE_VOTE from a7b978ac-5579-421c-88f8-8216da815ec4: our priority 0 <= candidate's priority 1
2023-06-25 20:38:53,435 [grpc-default-executor-0] INFO  server.RaftServer$Division (RaftServerImpl.java:requestVote(1335)) - 93527257-01c8-41eb-ac3e-49482c20fdee@group-F95E09B247DF replies to PRE_VOTE vote request: a7b978ac-5579-421c-88f8-8216da815ec4<-93527257-01c8-41eb-ac3e-49482c20fdee#0:OK-t0. Peer's state: 93527257-01c8-41eb-ac3e-49482c20fdee@group-F95E09B247DF:t0, leader=null, voted=, raftlog=Memoized:93527257-01c8-41eb-ac3e-49482c20fdee@group-F95E09B247DF-SegmentedRaftLog:OPENED:c-1, conf=-1: peers:[a7b978ac-5579-421c-88f8-8216da815ec4|rpc:10.1.0.20:15093|admin:10.1.0.20:15092|client:10.1.0.20:15091|dataStream:10.1.0.20:15094|priority:1|startupRole:FOLLOWER, 93527257-01c8-41eb-ac3e-49482c20fdee|rpc:10.1.0.20:15084|admin:10.1.0.20:15083|client:10.1.0.20:15082|dataStream:10.1.0.20:15085|priority:0|startupRole:FOLLOWER, 97b3bde5-dca1-47ee-b202-78dc9f7ada5a|rpc:10.1.0.20:15102|admin:10.1.0.20:15101|client:10.1.0.20:15100|dataStream:10.1.0.20:15103|priority:0|startupRole:FOLLOWER]|listeners:[], old=null
2023-06-25 20:38:53,435 [a7b978ac-5579-421c-88f8-8216da815ec4@group-F95E09B247DF-LeaderElection22] INFO  server.RaftServerConfigKeys (ConfUtils.java:logFallback(53)) - raft.server.rpc.first-election.timeout.min = 5s (fallback to raft.server.rpc.timeout.min)
2023-06-25 20:38:53,435 [a7b978ac-5579-421c-88f8-8216da815ec4@group-F95E09B247DF-LeaderElection22] INFO  server.RaftServerConfigKeys (ConfUtils.java:logFallback(53)) - raft.server.rpc.first-election.timeout.max = 5200ms (fallback to raft.server.rpc.timeout.max)
2023-06-25 20:38:53,436 [a7b978ac-5579-421c-88f8-8216da815ec4@group-F95E09B247DF-LeaderElection22] INFO  impl.LeaderElection (LeaderElection.java:logAndReturn(90)) - a7b978ac-5579-421c-88f8-8216da815ec4@group-F95E09B247DF-LeaderElection22: PRE_VOTE PASSED received 1 response(s) and 0 exception(s):
2023-06-25 20:38:53,436 [a7b978ac-5579-421c-88f8-8216da815ec4@group-F95E09B247DF-LeaderElection22] INFO  impl.LeaderElection (LeaderElection.java:logAndReturn(94)) -   Response 0: a7b978ac-5579-421c-88f8-8216da815ec4<-93527257-01c8-41eb-ac3e-49482c20fdee#0:OK-t0
2023-06-25 20:38:53,436 [a7b978ac-5579-421c-88f8-8216da815ec4@group-F95E09B247DF-LeaderElection22] INFO  impl.LeaderElection (LeaderElection.java:askForVotes(323)) - a7b978ac-5579-421c-88f8-8216da815ec4@group-F95E09B247DF-LeaderElection22 PRE_VOTE round 0: result PASSED
2023-06-25 20:38:53,443 [a7b978ac-5579-421c-88f8-8216da815ec4@group-F95E09B247DF-LeaderElection22] INFO  impl.LeaderElection (LeaderElection.java:askForVotes(321)) - a7b978ac-5579-421c-88f8-8216da815ec4@group-F95E09B247DF-LeaderElection22 ELECTION round 0: submit vote requests at term 1 for -1: peers:[a7b978ac-5579-421c-88f8-8216da815ec4|rpc:10.1.0.20:15093|admin:10.1.0.20:15092|client:10.1.0.20:15091|dataStream:10.1.0.20:15094|priority:1|startupRole:FOLLOWER, 93527257-01c8-41eb-ac3e-49482c20fdee|rpc:10.1.0.20:15084|admin:10.1.0.20:15083|client:10.1.0.20:15082|dataStream:10.1.0.20:15085|priority:0|startupRole:FOLLOWER, 97b3bde5-dca1-47ee-b202-78dc9f7ada5a|rpc:10.1.0.20:15102|admin:10.1.0.20:15101|client:10.1.0.20:15100|dataStream:10.1.0.20:15103|priority:0|startupRole:FOLLOWER]|listeners:[], old=null
2023-06-25 20:38:53,450 [a7b978ac-5579-421c-88f8-8216da815ec4@group-F95E09B247DF-LeaderElection22] INFO  server.RaftServerConfigKeys (ConfUtils.java:logFallback(53)) - raft.server.rpc.first-election.timeout.min = 5s (fallback to raft.server.rpc.timeout.min)
2023-06-25 20:38:53,450 [a7b978ac-5579-421c-88f8-8216da815ec4@group-F95E09B247DF-LeaderElection22] INFO  server.RaftServerConfigKeys (ConfUtils.java:logFallback(53)) - raft.server.rpc.first-election.timeout.max = 5200ms (fallback to raft.server.rpc.timeout.max)
2023-06-25 20:38:53,450 [grpc-default-executor-0] INFO  server.RaftServer$Division (RaftServerImpl.java:requestVote(1302)) - 97b3bde5-dca1-47ee-b202-78dc9f7ada5a@group-F95E09B247DF: receive requestVote(PRE_VOTE, a7b978ac-5579-421c-88f8-8216da815ec4, group-F95E09B247DF, 0, (t:0, i:0))
2023-06-25 20:38:53,451 [grpc-default-executor-0] INFO  impl.VoteContext (VoteContext.java:log(49)) - 97b3bde5-dca1-47ee-b202-78dc9f7ada5a@group-F95E09B247DF-FOLLOWER: accept PRE_VOTE from a7b978ac-5579-421c-88f8-8216da815ec4: our priority 0 <= candidate's priority 1
2023-06-25 20:38:53,451 [grpc-default-executor-0] INFO  server.RaftServer$Division (RaftServerImpl.java:requestVote(1335)) - 97b3bde5-dca1-47ee-b202-78dc9f7ada5a@group-F95E09B247DF replies to PRE_VOTE vote request: a7b978ac-5579-421c-88f8-8216da815ec4<-97b3bde5-dca1-47ee-b202-78dc9f7ada5a#0:OK-t0. Peer's state: 97b3bde5-dca1-47ee-b202-78dc9f7ada5a@group-F95E09B247DF:t0, leader=null, voted=, raftlog=Memoized:97b3bde5-dca1-47ee-b202-78dc9f7ada5a@group-F95E09B247DF-SegmentedRaftLog:OPENED:c-1, conf=-1: peers:[a7b978ac-5579-421c-88f8-8216da815ec4|rpc:10.1.0.20:15093|admin:10.1.0.20:15092|client:10.1.0.20:15091|dataStream:10.1.0.20:15094|priority:1|startupRole:FOLLOWER, 93527257-01c8-41eb-ac3e-49482c20fdee|rpc:10.1.0.20:15084|admin:10.1.0.20:15083|client:10.1.0.20:15082|dataStream:10.1.0.20:15085|priority:0|startupRole:FOLLOWER, 97b3bde5-dca1-47ee-b202-78dc9f7ada5a|rpc:10.1.0.20:15102|admin:10.1.0.20:15101|client:10.1.0.20:15100|dataStream:10.1.0.20:15103|priority:0|startupRole:FOLLOWER]|listeners:[], old=null
2023-06-25 20:38:53,458 [grpc-default-executor-0] INFO  server.RaftServer$Division (RaftServerImpl.java:requestVote(1302)) - 97b3bde5-dca1-47ee-b202-78dc9f7ada5a@group-F95E09B247DF: receive requestVote(ELECTION, a7b978ac-5579-421c-88f8-8216da815ec4, group-F95E09B247DF, 1, (t:0, i:0))
2023-06-25 20:38:53,458 [grpc-default-executor-0] INFO  impl.VoteContext (VoteContext.java:log(49)) - 97b3bde5-dca1-47ee-b202-78dc9f7ada5a@group-F95E09B247DF-FOLLOWER: accept ELECTION from a7b978ac-5579-421c-88f8-8216da815ec4: our priority 0 <= candidate's priority 1
2023-06-25 20:38:53,458 [grpc-default-executor-0] INFO  server.RaftServer$Division (RaftServerImpl.java:setRole(329)) - 97b3bde5-dca1-47ee-b202-78dc9f7ada5a@group-F95E09B247DF: changes role from  FOLLOWER to FOLLOWER at term 1 for candidate:a7b978ac-5579-421c-88f8-8216da815ec4
2023-06-25 20:38:53,458 [grpc-default-executor-0] INFO  impl.RoleInfo (RoleInfo.java:shutdownFollowerState(110)) - 97b3bde5-dca1-47ee-b202-78dc9f7ada5a: shutdown 97b3bde5-dca1-47ee-b202-78dc9f7ada5a@group-F95E09B247DF-FollowerState
2023-06-25 20:38:53,458 [97b3bde5-dca1-47ee-b202-78dc9f7ada5a@group-F95E09B247DF-FollowerState] INFO  impl.FollowerState (FollowerState.java:run(152)) - 97b3bde5-dca1-47ee-b202-78dc9f7ada5a@group-F95E09B247DF-FollowerState was interrupted
2023-06-25 20:38:53,459 [grpc-default-executor-0] INFO  impl.RoleInfo (RoleInfo.java:updateAndGet(139)) - 97b3bde5-dca1-47ee-b202-78dc9f7ada5a: start 97b3bde5-dca1-47ee-b202-78dc9f7ada5a@group-F95E09B247DF-FollowerState
2023-06-25 20:38:53,460 [grpc-default-executor-1] INFO  server.RaftServer$Division (RaftServerImpl.java:requestVote(1302)) - 93527257-01c8-41eb-ac3e-49482c20fdee@group-F95E09B247DF: receive requestVote(ELECTION, a7b978ac-5579-421c-88f8-8216da815ec4, group-F95E09B247DF, 1, (t:0, i:0))
2023-06-25 20:38:53,461 [grpc-default-executor-1] INFO  impl.VoteContext (VoteContext.java:log(49)) - 93527257-01c8-41eb-ac3e-49482c20fdee@group-F95E09B247DF-FOLLOWER: accept ELECTION from a7b978ac-5579-421c-88f8-8216da815ec4: our priority 0 <= candidate's priority 1
2023-06-25 20:38:53,462 [grpc-default-executor-1] INFO  server.RaftServer$Division (RaftServerImpl.java:setRole(329)) - 93527257-01c8-41eb-ac3e-49482c20fdee@group-F95E09B247DF: changes role from  FOLLOWER to FOLLOWER at term 1 for candidate:a7b978ac-5579-421c-88f8-8216da815ec4
2023-06-25 20:38:53,462 [grpc-default-executor-1] INFO  impl.RoleInfo (RoleInfo.java:shutdownFollowerState(110)) - 93527257-01c8-41eb-ac3e-49482c20fdee: shutdown 93527257-01c8-41eb-ac3e-49482c20fdee@group-F95E09B247DF-FollowerState
2023-06-25 20:38:53,462 [grpc-default-executor-1] INFO  impl.RoleInfo (RoleInfo.java:updateAndGet(139)) - 93527257-01c8-41eb-ac3e-49482c20fdee: start 93527257-01c8-41eb-ac3e-49482c20fdee@group-F95E09B247DF-FollowerState
2023-06-25 20:38:53,463 [93527257-01c8-41eb-ac3e-49482c20fdee@group-F95E09B247DF-FollowerState] INFO  impl.FollowerState (FollowerState.java:run(152)) - 93527257-01c8-41eb-ac3e-49482c20fdee@group-F95E09B247DF-FollowerState was interrupted
2023-06-25 20:38:53,463 [grpc-default-executor-0] INFO  server.RaftServer$Division (RaftServerImpl.java:requestVote(1335)) - 97b3bde5-dca1-47ee-b202-78dc9f7ada5a@group-F95E09B247DF replies to ELECTION vote request: a7b978ac-5579-421c-88f8-8216da815ec4<-97b3bde5-dca1-47ee-b202-78dc9f7ada5a#0:OK-t1. Peer's state: 97b3bde5-dca1-47ee-b202-78dc9f7ada5a@group-F95E09B247DF:t1, leader=null, voted=a7b978ac-5579-421c-88f8-8216da815ec4, raftlog=Memoized:97b3bde5-dca1-47ee-b202-78dc9f7ada5a@group-F95E09B247DF-SegmentedRaftLog:OPENED:c-1, conf=-1: peers:[a7b978ac-5579-421c-88f8-8216da815ec4|rpc:10.1.0.20:15093|admin:10.1.0.20:15092|client:10.1.0.20:15091|dataStream:10.1.0.20:15094|priority:1|startupRole:FOLLOWER, 93527257-01c8-41eb-ac3e-49482c20fdee|rpc:10.1.0.20:15084|admin:10.1.0.20:15083|client:10.1.0.20:15082|dataStream:10.1.0.20:15085|priority:0|startupRole:FOLLOWER, 97b3bde5-dca1-47ee-b202-78dc9f7ada5a|rpc:10.1.0.20:15102|admin:10.1.0.20:15101|client:10.1.0.20:15100|dataStream:10.1.0.20:15103|priority:0|startupRole:FOLLOWER]|listeners:[], old=null
2023-06-25 20:38:53,465 [a7b978ac-5579-421c-88f8-8216da815ec4@group-F95E09B247DF-LeaderElection22] INFO  impl.LeaderElection (LeaderElection.java:logAndReturn(90)) - a7b978ac-5579-421c-88f8-8216da815ec4@group-F95E09B247DF-LeaderElection22: ELECTION PASSED received 1 response(s) and 0 exception(s):
2023-06-25 20:38:53,465 [a7b978ac-5579-421c-88f8-8216da815ec4@group-F95E09B247DF-LeaderElection22] INFO  impl.LeaderElection (LeaderElection.java:logAndReturn(94)) -   Response 0: a7b978ac-5579-421c-88f8-8216da815ec4<-97b3bde5-dca1-47ee-b202-78dc9f7ada5a#0:OK-t1
2023-06-25 20:38:53,465 [a7b978ac-5579-421c-88f8-8216da815ec4@group-F95E09B247DF-LeaderElection22] INFO  impl.LeaderElection (LeaderElection.java:askForVotes(323)) - a7b978ac-5579-421c-88f8-8216da815ec4@group-F95E09B247DF-LeaderElection22 ELECTION round 0: result PASSED
2023-06-25 20:38:53,466 [a7b978ac-5579-421c-88f8-8216da815ec4@group-F95E09B247DF-LeaderElection22] INFO  impl.RoleInfo (RoleInfo.java:shutdownLeaderElection(130)) - a7b978ac-5579-421c-88f8-8216da815ec4: shutdown a7b978ac-5579-421c-88f8-8216da815ec4@group-F95E09B247DF-LeaderElection22
2023-06-25 20:38:53,466 [a7b978ac-5579-421c-88f8-8216da815ec4@group-F95E09B247DF-LeaderElection22] INFO  server.RaftServer$Division (RaftServerImpl.java:setRole(329)) - a7b978ac-5579-421c-88f8-8216da815ec4@group-F95E09B247DF: changes role from CANDIDATE to LEADER at term 1 for changeToLeader
2023-06-25 20:38:53,466 [a7b978ac-5579-421c-88f8-8216da815ec4@group-F95E09B247DF-LeaderElection22] INFO  ratis.XceiverServerRatis (XceiverServerRatis.java:handleLeaderChangedNotification(902)) - Leader change notification received for group: group-F95E09B247DF with new leaderId: a7b978ac-5579-421c-88f8-8216da815ec4
2023-06-25 20:38:53,466 [a7b978ac-5579-421c-88f8-8216da815ec4@group-F95E09B247DF-LeaderElection22] INFO  server.RaftServer$Division (ServerState.java:setLeader(317)) - a7b978ac-5579-421c-88f8-8216da815ec4@group-F95E09B247DF: change Leader from null to a7b978ac-5579-421c-88f8-8216da815ec4 at term 1 for becomeLeader, leader elected after 5189ms
2023-06-25 20:38:53,466 [a7b978ac-5579-421c-88f8-8216da815ec4@group-F95E09B247DF-LeaderElection22] INFO  server.RaftServerConfigKeys (ConfUtils.java:logGet(46)) - raft.server.staging.catchup.gap = 1000 (default)
2023-06-25 20:38:53,466 [a7b978ac-5579-421c-88f8-8216da815ec4@group-F95E09B247DF-LeaderElection22] INFO  server.RaftServerConfigKeys (ConfUtils.java:logGet(46)) - raft.server.write.element-limit = 1024 (custom)
2023-06-25 20:38:53,466 [a7b978ac-5579-421c-88f8-8216da815ec4@group-F95E09B247DF-LeaderElection22] INFO  server.RaftServerConfigKeys (ConfUtils.java:logGet(46)) - raft.server.write.byte-limit = 1024 M (=1073741824) (custom)
2023-06-25 20:38:53,466 [a7b978ac-5579-421c-88f8-8216da815ec4@group-F95E09B247DF-LeaderElection22] INFO  server.RaftServerConfigKeys (ConfUtils.java:logGet(46)) - raft.server.watch.timeout = 180s (custom)
2023-06-25 20:38:53,466 [a7b978ac-5579-421c-88f8-8216da815ec4@group-F95E09B247DF-LeaderElection22] INFO  server.RaftServerConfigKeys (ConfUtils.java:logGet(46)) - raft.server.watch.timeout.denomination = 1s (default)
2023-06-25 20:38:53,467 [a7b978ac-5579-421c-88f8-8216da815ec4@group-F95E09B247DF-LeaderElection22] INFO  server.RaftServerConfigKeys (ConfUtils.java:logGet(46)) - raft.server.watch.element-limit = 65536 (default)
2023-06-25 20:38:53,467 [a7b978ac-5579-421c-88f8-8216da815ec4@group-F95E09B247DF-LeaderElection22] INFO  server.RaftServerConfigKeys (ConfUtils.java:logGet(46)) - raft.server.write.element-limit = 1024 (custom)
2023-06-25 20:38:53,467 [a7b978ac-5579-421c-88f8-8216da815ec4@group-F95E09B247DF-LeaderElection22] INFO  server.RaftServerConfigKeys (ConfUtils.java:logGet(46)) - raft.server.write.follower.gap.ratio.max = -1.0 (default)
2023-06-25 20:38:53,467 [a7b978ac-5579-421c-88f8-8216da815ec4@group-F95E09B247DF-LeaderElection22] INFO  server.RaftServerConfigKeys (ConfUtils.java:logGet(46)) - raft.server.log.appender.snapshot.chunk.size.max = 16MB (=16777216) (default)
2023-06-25 20:38:53,467 [a7b978ac-5579-421c-88f8-8216da815ec4@group-F95E09B247DF-LeaderElection22] INFO  server.RaftServerConfigKeys (ConfUtils.java:logGet(46)) - raft.server.log.appender.buffer.byte-limit = 33554432 (custom)
2023-06-25 20:38:53,467 [a7b978ac-5579-421c-88f8-8216da815ec4@group-F95E09B247DF-LeaderElection22] INFO  server.RaftServerConfigKeys (ConfUtils.java:logGet(46)) - raft.server.log.appender.buffer.element-limit = 1 (custom)
2023-06-25 20:38:53,467 [a7b978ac-5579-421c-88f8-8216da815ec4@group-F95E09B247DF-LeaderElection22] INFO  server.RaftServerConfigKeys (ConfUtils.java:logGet(46)) - raft.server.log.appender.wait-time.min = 10ms (default)
2023-06-25 20:38:53,467 [a7b978ac-5579-421c-88f8-8216da815ec4@group-F95E09B247DF-LeaderElection22] INFO  grpc.GrpcConfigKeys (ConfUtils.java:logGet(46)) - raft.grpc.server.leader.outstanding.appends.max = 128 (default)
2023-06-25 20:38:53,468 [a7b978ac-5579-421c-88f8-8216da815ec4@group-F95E09B247DF-LeaderElection22] INFO  server.RaftServerConfigKeys (ConfUtils.java:logGet(46)) - raft.server.rpc.request.timeout = 60s (custom)
2023-06-25 20:38:53,468 [a7b978ac-5579-421c-88f8-8216da815ec4@group-F95E09B247DF-LeaderElection22] INFO  grpc.GrpcConfigKeys (ConfUtils.java:logGet(46)) - raft.grpc.server.install_snapshot.request.element-limit = 8 (default)
2023-06-25 20:38:53,468 [a7b978ac-5579-421c-88f8-8216da815ec4@group-F95E09B247DF-LeaderElection22] INFO  grpc.GrpcConfigKeys (ConfUtils.java:logGet(46)) - raft.grpc.server.install_snapshot.request.timeout = 3000ms (default)
2023-06-25 20:38:53,468 [a7b978ac-5579-421c-88f8-8216da815ec4@group-F95E09B247DF-LeaderElection22] INFO  server.RaftServerConfigKeys (ConfUtils.java:logGet(46)) - raft.server.log.appender.install.snapshot.enabled = false (custom)
2023-06-25 20:38:53,468 [a7b978ac-5579-421c-88f8-8216da815ec4@group-F95E09B247DF-LeaderElection22] INFO  grpc.GrpcConfigKeys (ConfUtils.java:logGet(46)) - raft.grpc.server.heartbeat.channel = true (default)
2023-06-25 20:38:53,468 [a7b978ac-5579-421c-88f8-8216da815ec4@group-F95E09B247DF-LeaderElection22] INFO  server.RaftServerConfigKeys (ConfUtils.java:logGet(46)) - raft.server.log.appender.snapshot.chunk.size.max = 16MB (=16777216) (default)
2023-06-25 20:38:53,470 [a7b978ac-5579-421c-88f8-8216da815ec4@group-F95E09B247DF-LeaderElection22] INFO  server.RaftServerConfigKeys (ConfUtils.java:logGet(46)) - raft.server.log.appender.buffer.byte-limit = 33554432 (custom)
2023-06-25 20:38:53,470 [a7b978ac-5579-421c-88f8-8216da815ec4@group-F95E09B247DF-LeaderElection22] INFO  server.RaftServerConfigKeys (ConfUtils.java:logGet(46)) - raft.server.log.appender.buffer.element-limit = 1 (custom)
2023-06-25 20:38:53,470 [a7b978ac-5579-421c-88f8-8216da815ec4@group-F95E09B247DF-LeaderElection22] INFO  server.RaftServerConfigKeys (ConfUtils.java:logGet(46)) - raft.server.log.appender.wait-time.min = 10ms (default)
2023-06-25 20:38:53,470 [a7b978ac-5579-421c-88f8-8216da815ec4@group-F95E09B247DF-LeaderElection22] INFO  grpc.GrpcConfigKeys (ConfUtils.java:logGet(46)) - raft.grpc.server.leader.outstanding.appends.max = 128 (default)
2023-06-25 20:38:53,470 [a7b978ac-5579-421c-88f8-8216da815ec4@group-F95E09B247DF-LeaderElection22] INFO  server.RaftServerConfigKeys (ConfUtils.java:logGet(46)) - raft.server.rpc.request.timeout = 60s (custom)
2023-06-25 20:38:53,470 [a7b978ac-5579-421c-88f8-8216da815ec4@group-F95E09B247DF-LeaderElection22] INFO  grpc.GrpcConfigKeys (ConfUtils.java:logGet(46)) - raft.grpc.server.install_snapshot.request.element-limit = 8 (default)
2023-06-25 20:38:53,470 [a7b978ac-5579-421c-88f8-8216da815ec4@group-F95E09B247DF-LeaderElection22] INFO  grpc.GrpcConfigKeys (ConfUtils.java:logGet(46)) - raft.grpc.server.install_snapshot.request.timeout = 3000ms (default)
2023-06-25 20:38:53,470 [a7b978ac-5579-421c-88f8-8216da815ec4@group-F95E09B247DF-LeaderElection22] INFO  server.RaftServerConfigKeys (ConfUtils.java:logGet(46)) - raft.server.log.appender.install.snapshot.enabled = false (custom)
2023-06-25 20:38:53,470 [a7b978ac-5579-421c-88f8-8216da815ec4@group-F95E09B247DF-LeaderElection22] INFO  grpc.GrpcConfigKeys (ConfUtils.java:logGet(46)) - raft.grpc.server.heartbeat.channel = true (default)
2023-06-25 20:38:53,470 [a7b978ac-5579-421c-88f8-8216da815ec4@group-F95E09B247DF-LeaderElection22] INFO  impl.RoleInfo (RoleInfo.java:updateAndGet(139)) - a7b978ac-5579-421c-88f8-8216da815ec4: start a7b978ac-5579-421c-88f8-8216da815ec4@group-F95E09B247DF-LeaderStateImpl
2023-06-25 20:38:53,471 [a7b978ac-5579-421c-88f8-8216da815ec4@group-F95E09B247DF-LeaderElection22] INFO  segmented.SegmentedRaftLogWorker (SegmentedRaftLogWorker.java:startLogSegment(447)) - a7b978ac-5579-421c-88f8-8216da815ec4@group-F95E09B247DF-SegmentedRaftLogWorker: Starting segment from index:0
2023-06-25 20:38:53,465 [grpc-default-executor-1] INFO  server.RaftServer$Division (RaftServerImpl.java:requestVote(1335)) - 93527257-01c8-41eb-ac3e-49482c20fdee@group-F95E09B247DF replies to ELECTION vote request: a7b978ac-5579-421c-88f8-8216da815ec4<-93527257-01c8-41eb-ac3e-49482c20fdee#0:OK-t1. Peer's state: 93527257-01c8-41eb-ac3e-49482c20fdee@group-F95E09B247DF:t1, leader=null, voted=a7b978ac-5579-421c-88f8-8216da815ec4, raftlog=Memoized:93527257-01c8-41eb-ac3e-49482c20fdee@group-F95E09B247DF-SegmentedRaftLog:OPENED:c-1, conf=-1: peers:[a7b978ac-5579-421c-88f8-8216da815ec4|rpc:10.1.0.20:15093|admin:10.1.0.20:15092|client:10.1.0.20:15091|dataStream:10.1.0.20:15094|priority:1|startupRole:FOLLOWER, 93527257-01c8-41eb-ac3e-49482c20fdee|rpc:10.1.0.20:15084|admin:10.1.0.20:15083|client:10.1.0.20:15082|dataStream:10.1.0.20:15085|priority:0|startupRole:FOLLOWER, 97b3bde5-dca1-47ee-b202-78dc9f7ada5a|rpc:10.1.0.20:15102|admin:10.1.0.20:15101|client:10.1.0.20:15100|dataStream:10.1.0.20:15103|priority:0|startupRole:FOLLOWER]|listeners:[], old=null
2023-06-25 20:38:53,470 [EventQueue-PipelineReportForPipelineReportHandler] INFO  pipeline.PipelineManagerImpl (PipelineManagerImpl.java:openPipeline(381)) - Pipeline Pipeline[ Id: 9fdf0474-fa02-4f63-9935-f95e09b247df, Nodes: a7b978ac-5579-421c-88f8-8216da815ec4(fv-az808-130.wa3tte2ragoufbcbawjciesdkc.bx.internal.cloudapp.net/10.1.0.20)93527257-01c8-41eb-ac3e-49482c20fdee(fv-az808-130.wa3tte2ragoufbcbawjciesdkc.bx.internal.cloudapp.net/10.1.0.20)97b3bde5-dca1-47ee-b202-78dc9f7ada5a(fv-az808-130.wa3tte2ragoufbcbawjciesdkc.bx.internal.cloudapp.net/10.1.0.20), ReplicationConfig: RATIS/THREE, State:ALLOCATED, leaderId:a7b978ac-5579-421c-88f8-8216da815ec4, CreationTimestamp2023-06-25T20:38:45.781Z[Etc/UTC]] moved to OPEN state
2023-06-25 20:38:53,475 [a7b978ac-5579-421c-88f8-8216da815ec4@group-F95E09B247DF-LeaderElection22] INFO  server.RaftServer$Division (ServerState.java:setRaftConf(434)) - a7b978ac-5579-421c-88f8-8216da815ec4@group-F95E09B247DF: set configuration 0: peers:[a7b978ac-5579-421c-88f8-8216da815ec4|rpc:10.1.0.20:15093|admin:10.1.0.20:15092|client:10.1.0.20:15091|dataStream:10.1.0.20:15094|priority:1|startupRole:FOLLOWER, 93527257-01c8-41eb-ac3e-49482c20fdee|rpc:10.1.0.20:15084|admin:10.1.0.20:15083|client:10.1.0.20:15082|dataStream:10.1.0.20:15085|priority:0|startupRole:FOLLOWER, 97b3bde5-dca1-47ee-b202-78dc9f7ada5a|rpc:10.1.0.20:15102|admin:10.1.0.20:15101|client:10.1.0.20:15100|dataStream:10.1.0.20:15103|priority:0|startupRole:FOLLOWER]|listeners:[], old=null
2023-06-25 20:38:53,477 [a7b978ac-5579-421c-88f8-8216da815ec4@group-F95E09B247DF-SegmentedRaftLogWorker] INFO  segmented.SegmentedRaftLogWorker (SegmentedRaftLogWorker.java:execute(651)) - a7b978ac-5579-421c-88f8-8216da815ec4@group-F95E09B247DF-SegmentedRaftLogWorker: created new log segment /home/runner/work/ozone/ozone/hadoop-ozone/integration-test/target/test-dir/MiniOzoneClusterImpl-3e5e392c-9910-47c9-9966-58048db8f0c6/datanode-1/data/ratis/9fdf0474-fa02-4f63-9935-f95e09b247df/current/log_inprogress_0
2023-06-25 20:38:53,487 [93527257-01c8-41eb-ac3e-49482c20fdee-server-thread1] INFO  ratis.XceiverServerRatis (XceiverServerRatis.java:handleLeaderChangedNotification(902)) - Leader change notification received for group: group-F95E09B247DF with new leaderId: a7b978ac-5579-421c-88f8-8216da815ec4
2023-06-25 20:38:53,487 [93527257-01c8-41eb-ac3e-49482c20fdee-server-thread1] INFO  server.RaftServer$Division (ServerState.java:setLeader(317)) - 93527257-01c8-41eb-ac3e-49482c20fdee@group-F95E09B247DF: change Leader from null to a7b978ac-5579-421c-88f8-8216da815ec4 at term 1 for appendEntries, leader elected after 5254ms
2023-06-25 20:38:53,496 [97b3bde5-dca1-47ee-b202-78dc9f7ada5a-server-thread1] INFO  ratis.XceiverServerRatis (XceiverServerRatis.java:handleLeaderChangedNotification(902)) - Leader change notification received for group: group-F95E09B247DF with new leaderId: a7b978ac-5579-421c-88f8-8216da815ec4
2023-06-25 20:38:53,496 [93527257-01c8-41eb-ac3e-49482c20fdee-server-thread2] INFO  server.RaftServer$Division (ServerState.java:setRaftConf(434)) - 93527257-01c8-41eb-ac3e-49482c20fdee@group-F95E09B247DF: set configuration 0: peers:[a7b978ac-5579-421c-88f8-8216da815ec4|rpc:10.1.0.20:15093|admin:10.1.0.20:15092|client:10.1.0.20:15091|dataStream:10.1.0.20:15094|priority:1|startupRole:FOLLOWER, 93527257-01c8-41eb-ac3e-49482c20fdee|rpc:10.1.0.20:15084|admin:10.1.0.20:15083|client:10.1.0.20:15082|dataStream:10.1.0.20:15085|priority:0|startupRole:FOLLOWER, 97b3bde5-dca1-47ee-b202-78dc9f7ada5a|rpc:10.1.0.20:15102|admin:10.1.0.20:15101|client:10.1.0.20:15100|dataStream:10.1.0.20:15103|priority:0|startupRole:FOLLOWER]|listeners:[], old=null
2023-06-25 20:38:53,496 [97b3bde5-dca1-47ee-b202-78dc9f7ada5a-server-thread1] INFO  server.RaftServer$Division (ServerState.java:setLeader(317)) - 97b3bde5-dca1-47ee-b202-78dc9f7ada5a@group-F95E09B247DF: change Leader from null to a7b978ac-5579-421c-88f8-8216da815ec4 at term 1 for appendEntries, leader elected after 5172ms
2023-06-25 20:38:53,496 [93527257-01c8-41eb-ac3e-49482c20fdee-server-thread2] INFO  segmented.SegmentedRaftLogWorker (SegmentedRaftLogWorker.java:startLogSegment(447)) - 93527257-01c8-41eb-ac3e-49482c20fdee@group-F95E09B247DF-SegmentedRaftLogWorker: Starting segment from index:0
2023-06-25 20:38:53,500 [97b3bde5-dca1-47ee-b202-78dc9f7ada5a-server-thread2] INFO  server.RaftServer$Division (ServerState.java:setRaftConf(434)) - 97b3bde5-dca1-47ee-b202-78dc9f7ada5a@group-F95E09B247DF: set configuration 0: peers:[a7b978ac-5579-421c-88f8-8216da815ec4|rpc:10.1.0.20:15093|admin:10.1.0.20:15092|client:10.1.0.20:15091|dataStream:10.1.0.20:15094|priority:1|startupRole:FOLLOWER, 93527257-01c8-41eb-ac3e-49482c20fdee|rpc:10.1.0.20:15084|admin:10.1.0.20:15083|client:10.1.0.20:15082|dataStream:10.1.0.20:15085|priority:0|startupRole:FOLLOWER, 97b3bde5-dca1-47ee-b202-78dc9f7ada5a|rpc:10.1.0.20:15102|admin:10.1.0.20:15101|client:10.1.0.20:15100|dataStream:10.1.0.20:15103|priority:0|startupRole:FOLLOWER]|listeners:[], old=null
2023-06-25 20:38:53,500 [97b3bde5-dca1-47ee-b202-78dc9f7ada5a-server-thread2] INFO  segmented.SegmentedRaftLogWorker (SegmentedRaftLogWorker.java:startLogSegment(447)) - 97b3bde5-dca1-47ee-b202-78dc9f7ada5a@group-F95E09B247DF-SegmentedRaftLogWorker: Starting segment from index:0
2023-06-25 20:38:53,501 [93527257-01c8-41eb-ac3e-49482c20fdee@group-F95E09B247DF-SegmentedRaftLogWorker] INFO  segmented.SegmentedRaftLogWorker (SegmentedRaftLogWorker.java:execute(651)) - 93527257-01c8-41eb-ac3e-49482c20fdee@group-F95E09B247DF-SegmentedRaftLogWorker: created new log segment /home/runner/work/ozone/ozone/hadoop-ozone/integration-test/target/test-dir/MiniOzoneClusterImpl-3e5e392c-9910-47c9-9966-58048db8f0c6/datanode-0/data/ratis/9fdf0474-fa02-4f63-9935-f95e09b247df/current/log_inprogress_0
2023-06-25 20:38:53,501 [97b3bde5-dca1-47ee-b202-78dc9f7ada5a@group-F95E09B247DF-SegmentedRaftLogWorker] INFO  segmented.SegmentedRaftLogWorker (SegmentedRaftLogWorker.java:execute(651)) - 97b3bde5-dca1-47ee-b202-78dc9f7ada5a@group-F95E09B247DF-SegmentedRaftLogWorker: created new log segment /home/runner/work/ozone/ozone/hadoop-ozone/integration-test/target/test-dir/MiniOzoneClusterImpl-3e5e392c-9910-47c9-9966-58048db8f0c6/datanode-2/data/ratis/9fdf0474-fa02-4f63-9935-f95e09b247df/current/log_inprogress_0
2023-06-25 20:38:53,532 [a7b978ac-5579-421c-88f8-8216da815ec4@group-C3659E131FC0-FollowerState] INFO  impl.FollowerState (FollowerState.java:run(143)) - a7b978ac-5579-421c-88f8-8216da815ec4@group-C3659E131FC0-FollowerState: change to CANDIDATE, lastRpcElapsedTime:5092207184ns, electionTimeout:5088ms
2023-06-25 20:38:53,532 [a7b978ac-5579-421c-88f8-8216da815ec4@group-C3659E131FC0-FollowerState] INFO  impl.RoleInfo (RoleInfo.java:shutdownFollowerState(110)) - a7b978ac-5579-421c-88f8-8216da815ec4: shutdown a7b978ac-5579-421c-88f8-8216da815ec4@group-C3659E131FC0-FollowerState
2023-06-25 20:38:53,532 [a7b978ac-5579-421c-88f8-8216da815ec4@group-C3659E131FC0-FollowerState] INFO  server.RaftServer$Division (RaftServerImpl.java:setRole(329)) - a7b978ac-5579-421c-88f8-8216da815ec4@group-C3659E131FC0: changes role from  FOLLOWER to CANDIDATE at term 0 for changeToCandidate
2023-06-25 20:38:53,534 [a7b978ac-5579-421c-88f8-8216da815ec4@group-C3659E131FC0-FollowerState] INFO  server.RaftServerConfigKeys (ConfUtils.java:logGet(46)) - raft.server.leaderelection.pre-vote = true (default)
2023-06-25 20:38:53,534 [a7b978ac-5579-421c-88f8-8216da815ec4@group-C3659E131FC0-FollowerState] INFO  impl.RoleInfo (RoleInfo.java:updateAndGet(139)) - a7b978ac-5579-421c-88f8-8216da815ec4: start a7b978ac-5579-421c-88f8-8216da815ec4@group-C3659E131FC0-LeaderElection23
2023-06-25 20:38:53,536 [a7b978ac-5579-421c-88f8-8216da815ec4@group-C3659E131FC0-LeaderElection23] INFO  impl.LeaderElection (LeaderElection.java:askForVotes(321)) - a7b978ac-5579-421c-88f8-8216da815ec4@group-C3659E131FC0-LeaderElection23 PRE_VOTE round 0: submit vote requests at term 0 for -1: peers:[a7b978ac-5579-421c-88f8-8216da815ec4|rpc:10.1.0.20:15093|admin:10.1.0.20:15092|client:10.1.0.20:15091|dataStream:10.1.0.20:15094|priority:1|startupRole:FOLLOWER]|listeners:[], old=null
2023-06-25 20:38:53,536 [a7b978ac-5579-421c-88f8-8216da815ec4@group-C3659E131FC0-LeaderElection23] INFO  impl.LeaderElection (LeaderElection.java:askForVotes(323)) - a7b978ac-5579-421c-88f8-8216da815ec4@group-C3659E131FC0-LeaderElection23 PRE_VOTE round 0: result PASSED (term=0)
2023-06-25 20:38:53,540 [a7b978ac-5579-421c-88f8-8216da815ec4@group-C3659E131FC0-LeaderElection23] INFO  impl.LeaderElection (LeaderElection.java:askForVotes(321)) - a7b978ac-5579-421c-88f8-8216da815ec4@group-C3659E131FC0-LeaderElection23 ELECTION round 0: submit vote requests at term 1 for -1: peers:[a7b978ac-5579-421c-88f8-8216da815ec4|rpc:10.1.0.20:15093|admin:10.1.0.20:15092|client:10.1.0.20:15091|dataStream:10.1.0.20:15094|priority:1|startupRole:FOLLOWER]|listeners:[], old=null
2023-06-25 20:38:53,540 [a7b978ac-5579-421c-88f8-8216da815ec4@group-C3659E131FC0-LeaderElection23] INFO  impl.LeaderElection (LeaderElection.java:askForVotes(323)) - a7b978ac-5579-421c-88f8-8216da815ec4@group-C3659E131FC0-LeaderElection23 ELECTION round 0: result PASSED (term=1)
2023-06-25 20:38:53,540 [a7b978ac-5579-421c-88f8-8216da815ec4@group-C3659E131FC0-LeaderElection23] INFO  impl.RoleInfo (RoleInfo.java:shutdownLeaderElection(130)) - a7b978ac-5579-421c-88f8-8216da815ec4: shutdown a7b978ac-5579-421c-88f8-8216da815ec4@group-C3659E131FC0-LeaderElection23
2023-06-25 20:38:53,540 [a7b978ac-5579-421c-88f8-8216da815ec4@group-C3659E131FC0-LeaderElection23] INFO  server.RaftServer$Division (RaftServerImpl.java:setRole(329)) - a7b978ac-5579-421c-88f8-8216da815ec4@group-C3659E131FC0: changes role from CANDIDATE to LEADER at term 1 for changeToLeader
2023-06-25 20:38:53,540 [a7b978ac-5579-421c-88f8-8216da815ec4@group-C3659E131FC0-LeaderElection23] INFO  ratis.XceiverServerRatis (XceiverServerRatis.java:handleLeaderChangedNotification(902)) - Leader change notification received for group: group-C3659E131FC0 with new leaderId: a7b978ac-5579-421c-88f8-8216da815ec4
2023-06-25 20:38:53,541 [a7b978ac-5579-421c-88f8-8216da815ec4@group-C3659E131FC0-LeaderElection23] INFO  server.RaftServer$Division (ServerState.java:setLeader(317)) - a7b978ac-5579-421c-88f8-8216da815ec4@group-C3659E131FC0: change Leader from null to a7b978ac-5579-421c-88f8-8216da815ec4 at term 1 for becomeLeader, leader elected after 5122ms
2023-06-25 20:38:53,541 [a7b978ac-5579-421c-88f8-8216da815ec4@group-C3659E131FC0-LeaderElection23] INFO  server.RaftServerConfigKeys (ConfUtils.java:logGet(46)) - raft.server.staging.catchup.gap = 1000 (default)
2023-06-25 20:38:53,542 [a7b978ac-5579-421c-88f8-8216da815ec4@group-C3659E131FC0-LeaderElection23] INFO  server.RaftServerConfigKeys (ConfUtils.java:logGet(46)) - raft.server.write.element-limit = 1024 (custom)
2023-06-25 20:38:53,542 [a7b978ac-5579-421c-88f8-8216da815ec4@group-C3659E131FC0-LeaderElection23] INFO  server.RaftServerConfigKeys (ConfUtils.java:logGet(46)) - raft.server.write.byte-limit = 1024 M (=1073741824) (custom)
2023-06-25 20:38:53,542 [a7b978ac-5579-421c-88f8-8216da815ec4@group-C3659E131FC0-LeaderElection23] INFO  server.RaftServerConfigKeys (ConfUtils.java:logGet(46)) - raft.server.watch.timeout = 180s (custom)
2023-06-25 20:38:53,542 [a7b978ac-5579-421c-88f8-8216da815ec4@group-C3659E131FC0-LeaderElection23] INFO  server.RaftServerConfigKeys (ConfUtils.java:logGet(46)) - raft.server.watch.timeout.denomination = 1s (default)
2023-06-25 20:38:53,542 [a7b978ac-5579-421c-88f8-8216da815ec4@group-C3659E131FC0-LeaderElection23] INFO  server.RaftServerConfigKeys (ConfUtils.java:logGet(46)) - raft.server.watch.element-limit = 65536 (default)
2023-06-25 20:38:53,543 [a7b978ac-5579-421c-88f8-8216da815ec4@group-C3659E131FC0-LeaderElection23] INFO  server.RaftServerConfigKeys (ConfUtils.java:logGet(46)) - raft.server.write.element-limit = 1024 (custom)
2023-06-25 20:38:53,544 [a7b978ac-5579-421c-88f8-8216da815ec4@group-C3659E131FC0-LeaderElection23] INFO  server.RaftServerConfigKeys (ConfUtils.java:logGet(46)) - raft.server.write.follower.gap.ratio.max = -1.0 (default)
2023-06-25 20:38:53,544 [a7b978ac-5579-421c-88f8-8216da815ec4@group-C3659E131FC0-LeaderElection23] INFO  impl.RoleInfo (RoleInfo.java:updateAndGet(139)) - a7b978ac-5579-421c-88f8-8216da815ec4: start a7b978ac-5579-421c-88f8-8216da815ec4@group-C3659E131FC0-LeaderStateImpl
2023-06-25 20:38:53,544 [a7b978ac-5579-421c-88f8-8216da815ec4@group-C3659E131FC0-LeaderElection23] INFO  segmented.SegmentedRaftLogWorker (SegmentedRaftLogWorker.java:startLogSegment(447)) - a7b978ac-5579-421c-88f8-8216da815ec4@group-C3659E131FC0-SegmentedRaftLogWorker: Starting segment from index:0
2023-06-25 20:38:53,550 [a7b978ac-5579-421c-88f8-8216da815ec4@group-C3659E131FC0-SegmentedRaftLogWorker] INFO  segmented.SegmentedRaftLogWorker (SegmentedRaftLogWorker.java:execute(651)) - a7b978ac-5579-421c-88f8-8216da815ec4@group-C3659E131FC0-SegmentedRaftLogWorker: created new log segment /home/runner/work/ozone/ozone/hadoop-ozone/integration-test/target/test-dir/MiniOzoneClusterImpl-3e5e392c-9910-47c9-9966-58048db8f0c6/datanode-1/data/ratis/b73c4e86-d700-4075-b2cc-c3659e131fc0/current/log_inprogress_0
2023-06-25 20:38:53,550 [a7b978ac-5579-421c-88f8-8216da815ec4@group-C3659E131FC0-LeaderElection23] INFO  server.RaftServer$Division (ServerState.java:setRaftConf(434)) - a7b978ac-5579-421c-88f8-8216da815ec4@group-C3659E131FC0: set configuration 0: peers:[a7b978ac-5579-421c-88f8-8216da815ec4|rpc:10.1.0.20:15093|admin:10.1.0.20:15092|client:10.1.0.20:15091|dataStream:10.1.0.20:15094|priority:1|startupRole:FOLLOWER]|listeners:[], old=null
2023-06-25 20:38:53,781 [main] INFO  ozone.MiniOzoneClusterImpl (MiniOzoneClusterImpl.java:lambda$waitForClusterToBeReady$0(224)) - Nodes are ready. Got 3 of 3 DN Heartbeats.
2023-06-25 20:38:53,781 [main] INFO  ozone.MiniOzoneClusterImpl (MiniOzoneClusterImpl.java:lambda$waitForClusterToBeReady$0(227)) - Cluster exits safe mode
2023-06-25 20:38:53,781 [main] INFO  ozone.MiniOzoneClusterImpl (MiniOzoneClusterImpl.java:lambda$waitForClusterToBeReady$0(229)) - SCM became leader
2023-06-25 20:38:53,801 [main] INFO  rpc.RpcClient (RpcClient.java:createVolume(459)) - Creating Volume: vol1, with user05456 as owner and space quota set to -1 bytes, counts quota set to -1
2023-06-25 20:38:53,814 [OM StateMachine ApplyTransaction Thread - 0] INFO  volume.OMVolumeCreateRequest (OMVolumeCreateRequest.java:validateAndUpdateCache(196)) - created volume:vol1 for user:user05456
2023-06-25 20:38:53,821 [main] INFO  rpc.RpcClient (RpcClient.java:createBucket(686)) - Creating Bucket: vol1/bucket1, with bucket layout LEGACY, runner as owner, Versioning false, Storage Type set to DISK and Encryption set to false, Replication Type set to server-side default replication type, Namespace Quota set to -1, Space Quota set to -1 
2023-06-25 20:38:53,827 [OM StateMachine ApplyTransaction Thread - 0] INFO  bucket.OMBucketCreateRequest (OMBucketCreateRequest.java:validateAndUpdateCache(270)) - created bucket: bucket1 of layout LEGACY in volume: vol1
2023-06-25 20:38:53,841 [97b3bde5-dca1-47ee-b202-78dc9f7ada5a@group-6AF3B09D4338-FollowerState] INFO  impl.FollowerState (FollowerState.java:run(143)) - 97b3bde5-dca1-47ee-b202-78dc9f7ada5a@group-6AF3B09D4338-FollowerState: change to CANDIDATE, lastRpcElapsedTime:5046186226ns, electionTimeout:5044ms
2023-06-25 20:38:53,841 [97b3bde5-dca1-47ee-b202-78dc9f7ada5a@group-6AF3B09D4338-FollowerState] INFO  impl.RoleInfo (RoleInfo.java:shutdownFollowerState(110)) - 97b3bde5-dca1-47ee-b202-78dc9f7ada5a: shutdown 97b3bde5-dca1-47ee-b202-78dc9f7ada5a@group-6AF3B09D4338-FollowerState
2023-06-25 20:38:53,841 [97b3bde5-dca1-47ee-b202-78dc9f7ada5a@group-6AF3B09D4338-FollowerState] INFO  server.RaftServer$Division (RaftServerImpl.java:setRole(329)) - 97b3bde5-dca1-47ee-b202-78dc9f7ada5a@group-6AF3B09D4338: changes role from  FOLLOWER to CANDIDATE at term 0 for changeToCandidate
2023-06-25 20:38:53,842 [97b3bde5-dca1-47ee-b202-78dc9f7ada5a@group-6AF3B09D4338-FollowerState] INFO  server.RaftServerConfigKeys (ConfUtils.java:logGet(46)) - raft.server.leaderelection.pre-vote = true (default)
2023-06-25 20:38:53,842 [97b3bde5-dca1-47ee-b202-78dc9f7ada5a@group-6AF3B09D4338-FollowerState] INFO  impl.RoleInfo (RoleInfo.java:updateAndGet(139)) - 97b3bde5-dca1-47ee-b202-78dc9f7ada5a: start 97b3bde5-dca1-47ee-b202-78dc9f7ada5a@group-6AF3B09D4338-LeaderElection24
2023-06-25 20:38:53,844 [IPC Server handler 1 on default port 15071] INFO  ha.SequenceIdGenerator (SequenceIdGenerator.java:getNextId(128)) - Allocate a batch for containerId, change lastId from 0 to 1000.
2023-06-25 20:38:53,845 [IPC Server handler 1 on default port 15071] WARN  ha.SequenceIdGenerator (SequenceIdGenerator.java:allocateBatch(237)) - Failed to allocate a batch for localId, expected lastId is 0, actual lastId is 111677748019200000.
2023-06-25 20:38:53,845 [IPC Server handler 1 on default port 15071] INFO  ha.SequenceIdGenerator (SequenceIdGenerator.java:getNextId(128)) - Allocate a batch for localId, change lastId from 111677748019200000 to 111677748019201000.
2023-06-25 20:38:53,847 [97b3bde5-dca1-47ee-b202-78dc9f7ada5a@group-6AF3B09D4338-LeaderElection24] INFO  impl.LeaderElection (LeaderElection.java:askForVotes(321)) - 97b3bde5-dca1-47ee-b202-78dc9f7ada5a@group-6AF3B09D4338-LeaderElection24 PRE_VOTE round 0: submit vote requests at term 0 for -1: peers:[97b3bde5-dca1-47ee-b202-78dc9f7ada5a|rpc:10.1.0.20:15102|admin:10.1.0.20:15101|client:10.1.0.20:15100|dataStream:10.1.0.20:15103|priority:1|startupRole:FOLLOWER]|listeners:[], old=null
2023-06-25 20:38:53,848 [97b3bde5-dca1-47ee-b202-78dc9f7ada5a@group-6AF3B09D4338-LeaderElection24] INFO  impl.LeaderElection (LeaderElection.java:askForVotes(323)) - 97b3bde5-dca1-47ee-b202-78dc9f7ada5a@group-6AF3B09D4338-LeaderElection24 PRE_VOTE round 0: result PASSED (term=0)
2023-06-25 20:38:53,849 [97b3bde5-dca1-47ee-b202-78dc9f7ada5a@group-6AF3B09D4338-LeaderElection24] INFO  impl.LeaderElection (LeaderElection.java:askForVotes(321)) - 97b3bde5-dca1-47ee-b202-78dc9f7ada5a@group-6AF3B09D4338-LeaderElection24 ELECTION round 0: submit vote requests at term 1 for -1: peers:[97b3bde5-dca1-47ee-b202-78dc9f7ada5a|rpc:10.1.0.20:15102|admin:10.1.0.20:15101|client:10.1.0.20:15100|dataStream:10.1.0.20:15103|priority:1|startupRole:FOLLOWER]|listeners:[], old=null
2023-06-25 20:38:53,849 [97b3bde5-dca1-47ee-b202-78dc9f7ada5a@group-6AF3B09D4338-LeaderElection24] INFO  impl.LeaderElection (LeaderElection.java:askForVotes(323)) - 97b3bde5-dca1-47ee-b202-78dc9f7ada5a@group-6AF3B09D4338-LeaderElection24 ELECTION round 0: result PASSED (term=1)
2023-06-25 20:38:53,849 [97b3bde5-dca1-47ee-b202-78dc9f7ada5a@group-6AF3B09D4338-LeaderElection24] INFO  impl.RoleInfo (RoleInfo.java:shutdownLeaderElection(130)) - 97b3bde5-dca1-47ee-b202-78dc9f7ada5a: shutdown 97b3bde5-dca1-47ee-b202-78dc9f7ada5a@group-6AF3B09D4338-LeaderElection24
2023-06-25 20:38:53,849 [97b3bde5-dca1-47ee-b202-78dc9f7ada5a@group-6AF3B09D4338-LeaderElection24] INFO  server.RaftServer$Division (RaftServerImpl.java:setRole(329)) - 97b3bde5-dca1-47ee-b202-78dc9f7ada5a@group-6AF3B09D4338: changes role from CANDIDATE to LEADER at term 1 for changeToLeader
2023-06-25 20:38:53,849 [97b3bde5-dca1-47ee-b202-78dc9f7ada5a@group-6AF3B09D4338-LeaderElection24] INFO  ratis.XceiverServerRatis (XceiverServerRatis.java:handleLeaderChangedNotification(902)) - Leader change notification received for group: group-6AF3B09D4338 with new leaderId: 97b3bde5-dca1-47ee-b202-78dc9f7ada5a
2023-06-25 20:38:53,850 [97b3bde5-dca1-47ee-b202-78dc9f7ada5a@group-6AF3B09D4338-LeaderElection24] INFO  server.RaftServer$Division (ServerState.java:setLeader(317)) - 97b3bde5-dca1-47ee-b202-78dc9f7ada5a@group-6AF3B09D4338: change Leader from null to 97b3bde5-dca1-47ee-b202-78dc9f7ada5a at term 1 for becomeLeader, leader elected after 5072ms
2023-06-25 20:38:53,850 [97b3bde5-dca1-47ee-b202-78dc9f7ada5a@group-6AF3B09D4338-LeaderElection24] INFO  server.RaftServerConfigKeys (ConfUtils.java:logGet(46)) - raft.server.staging.catchup.gap = 1000 (default)
2023-06-25 20:38:53,850 [97b3bde5-dca1-47ee-b202-78dc9f7ada5a@group-6AF3B09D4338-LeaderElection24] INFO  server.RaftServerConfigKeys (ConfUtils.java:logGet(46)) - raft.server.write.element-limit = 1024 (custom)
2023-06-25 20:38:53,850 [97b3bde5-dca1-47ee-b202-78dc9f7ada5a@group-6AF3B09D4338-LeaderElection24] INFO  server.RaftServerConfigKeys (ConfUtils.java:logGet(46)) - raft.server.write.byte-limit = 1024 M (=1073741824) (custom)
2023-06-25 20:38:53,850 [97b3bde5-dca1-47ee-b202-78dc9f7ada5a@group-6AF3B09D4338-LeaderElection24] INFO  server.RaftServerConfigKeys (ConfUtils.java:logGet(46)) - raft.server.watch.timeout = 180s (custom)
2023-06-25 20:38:53,850 [97b3bde5-dca1-47ee-b202-78dc9f7ada5a@group-6AF3B09D4338-LeaderElection24] INFO  server.RaftServerConfigKeys (ConfUtils.java:logGet(46)) - raft.server.watch.timeout.denomination = 1s (default)
2023-06-25 20:38:53,850 [97b3bde5-dca1-47ee-b202-78dc9f7ada5a@group-6AF3B09D4338-LeaderElection24] INFO  server.RaftServerConfigKeys (ConfUtils.java:logGet(46)) - raft.server.watch.element-limit = 65536 (default)
2023-06-25 20:38:53,850 [97b3bde5-dca1-47ee-b202-78dc9f7ada5a@group-6AF3B09D4338-LeaderElection24] INFO  server.RaftServerConfigKeys (ConfUtils.java:logGet(46)) - raft.server.write.element-limit = 1024 (custom)
2023-06-25 20:38:53,850 [97b3bde5-dca1-47ee-b202-78dc9f7ada5a@group-6AF3B09D4338-LeaderElection24] INFO  server.RaftServerConfigKeys (ConfUtils.java:logGet(46)) - raft.server.write.follower.gap.ratio.max = -1.0 (default)
2023-06-25 20:38:53,850 [97b3bde5-dca1-47ee-b202-78dc9f7ada5a@group-6AF3B09D4338-LeaderElection24] INFO  impl.RoleInfo (RoleInfo.java:updateAndGet(139)) - 97b3bde5-dca1-47ee-b202-78dc9f7ada5a: start 97b3bde5-dca1-47ee-b202-78dc9f7ada5a@group-6AF3B09D4338-LeaderStateImpl
2023-06-25 20:38:53,853 [97b3bde5-dca1-47ee-b202-78dc9f7ada5a@group-6AF3B09D4338-LeaderElection24] INFO  segmented.SegmentedRaftLogWorker (SegmentedRaftLogWorker.java:startLogSegment(447)) - 97b3bde5-dca1-47ee-b202-78dc9f7ada5a@group-6AF3B09D4338-SegmentedRaftLogWorker: Starting segment from index:0
2023-06-25 20:38:53,855 [97b3bde5-dca1-47ee-b202-78dc9f7ada5a@group-6AF3B09D4338-SegmentedRaftLogWorker] INFO  segmented.SegmentedRaftLogWorker (SegmentedRaftLogWorker.java:execute(651)) - 97b3bde5-dca1-47ee-b202-78dc9f7ada5a@group-6AF3B09D4338-SegmentedRaftLogWorker: created new log segment /home/runner/work/ozone/ozone/hadoop-ozone/integration-test/target/test-dir/MiniOzoneClusterImpl-3e5e392c-9910-47c9-9966-58048db8f0c6/datanode-2/data/ratis/c28446ab-fa3f-4323-ba6a-6af3b09d4338/current/log_inprogress_0
2023-06-25 20:38:53,859 [97b3bde5-dca1-47ee-b202-78dc9f7ada5a@group-6AF3B09D4338-LeaderElection24] INFO  server.RaftServer$Division (ServerState.java:setRaftConf(434)) - 97b3bde5-dca1-47ee-b202-78dc9f7ada5a@group-6AF3B09D4338: set configuration 0: peers:[97b3bde5-dca1-47ee-b202-78dc9f7ada5a|rpc:10.1.0.20:15102|admin:10.1.0.20:15101|client:10.1.0.20:15100|dataStream:10.1.0.20:15103|priority:1|startupRole:FOLLOWER]|listeners:[], old=null
2023-06-25 20:38:55,402 [main] INFO  ozone.TestSnapshotDeletingService (TestSnapshotDeletingService.java:assertTableRowCount(558)) - keyTable actual row count=2, expectedCount=2
2023-06-25 20:38:55,409 [OM StateMachine ApplyTransaction Thread - 0] INFO  snapshot.OMSnapshotCreateRequest (OMSnapshotCreateRequest.java:validateAndUpdateCache(193)) - Created snapshot: 'bucket1snap1' with snapshotId: '42237a24-6893-4c19-81e1-cefd30fa6143' under path 'vol1/bucket1'
2023-06-25 20:38:55,410 [main] INFO  ozone.TestSnapshotDeletingService (TestSnapshotDeletingService.java:assertTableRowCount(558)) - snapshotInfoTable actual row count=0, expectedCount=1
2023-06-25 20:38:55,438 [OMDoubleBufferFlushThread] INFO  db.RDBCheckpointManager (RDBCheckpointManager.java:createCheckpoint(89)) - Created checkpoint in rocksDB at /home/runner/work/ozone/ozone/hadoop-ozone/integration-test/target/test-dir/MiniOzoneClusterImpl-3e5e392c-9910-47c9-9966-58048db8f0c6/ozone-meta/db.snapshots/checkpointState/om.db-42237a24-6893-4c19-81e1-cefd30fa6143 in 26 milliseconds
2023-06-25 20:38:55,439 [OMDoubleBufferFlushThread] INFO  db.RDBCheckpointUtils (RDBCheckpointUtils.java:waitForCheckpointDirectoryExist(59)) - Waited for 0 milliseconds for checkpoint directory /home/runner/work/ozone/ozone/hadoop-ozone/integration-test/target/test-dir/MiniOzoneClusterImpl-3e5e392c-9910-47c9-9966-58048db8f0c6/ozone-meta/db.snapshots/checkpointState/om.db-42237a24-6893-4c19-81e1-cefd30fa6143 availability.
2023-06-25 20:38:55,439 [OMDoubleBufferFlushThread] INFO  om.OmSnapshotManager (OmSnapshotManager.java:createOmSnapshotCheckpoint(438)) - Created checkpoint : /home/runner/work/ozone/ozone/hadoop-ozone/integration-test/target/test-dir/MiniOzoneClusterImpl-3e5e392c-9910-47c9-9966-58048db8f0c6/ozone-meta/db.snapshots/checkpointState/om.db-42237a24-6893-4c19-81e1-cefd30fa6143 for snapshot bucket1snap1
2023-06-25 20:38:55,596 [KeyDeletingService#0] WARN  server.ServerUtils (ServerUtils.java:getDBPath(311)) - ozone.om.db.dirs is not configured. We recommend adding this setting. Falling back to ozone.metadata.dirs instead.
2023-06-25 20:38:55,596 [KeyDeletingService#0] INFO  helpers.OmKeyInfo (OmKeyInfo.java:getCodec(71)) - OmKeyInfo.getCodec ignorePipeline = true
2023-06-25 20:38:56,411 [main] INFO  ozone.TestSnapshotDeletingService (TestSnapshotDeletingService.java:assertTableRowCount(558)) - snapshotInfoTable actual row count=1, expectedCount=1
2023-06-25 20:38:57,617 [JvmPauseMonitor13] WARN  util.JvmPauseMonitor (JvmPauseMonitor.java:detectPause(124)) - JvmPauseMonitor-a7b978ac-5579-421c-88f8-8216da815ec4: Detected pause in JVM or host machine approximately 0.124s with 0.378s GC time.
GC pool 'PS MarkSweep' had collection(s): count=1 time=302ms
GC pool 'PS Scavenge' had collection(s): count=1 time=76ms
2023-06-25 20:38:57,619 [JvmPauseMonitor14] WARN  util.JvmPauseMonitor (JvmPauseMonitor.java:detectPause(124)) - JvmPauseMonitor-97b3bde5-dca1-47ee-b202-78dc9f7ada5a: Detected pause in JVM or host machine approximately 0.289s with 0.378s GC time.
GC pool 'PS MarkSweep' had collection(s): count=1 time=302ms
GC pool 'PS Scavenge' had collection(s): count=1 time=76ms
2023-06-25 20:38:58,252 [main] INFO  ozone.TestSnapshotDeletingService (TestSnapshotDeletingService.java:assertTableRowCount(558)) - keyTable actual row count=1, expectedCount=0
2023-06-25 20:38:58,619 [IPC Server handler 3 on default port 15071] INFO  ha.SequenceIdGenerator (SequenceIdGenerator.java:getNextId(128)) - Allocate a batch for delTxnId, change lastId from 0 to 1000.
2023-06-25 20:38:59,253 [main] INFO  ozone.TestSnapshotDeletingService (TestSnapshotDeletingService.java:assertTableRowCount(558)) - keyTable actual row count=0, expectedCount=0
2023-06-25 20:38:59,253 [main] INFO  ozone.TestSnapshotDeletingService (TestSnapshotDeletingService.java:assertTableRowCount(558)) - deletedTable actual row count=1, expectedCount=1
2023-06-25 20:38:59,257 [OM StateMachine ApplyTransaction Thread - 0] INFO  snapshot.OMSnapshotCreateRequest (OMSnapshotCreateRequest.java:validateAndUpdateCache(193)) - Created snapshot: 'bucket1snap2' with snapshotId: 'afd87aad-2c69-459f-bf60-eaaa43c0efa5' under path 'vol1/bucket1'
2023-06-25 20:38:59,259 [main] INFO  ozone.TestSnapshotDeletingService (TestSnapshotDeletingService.java:assertTableRowCount(558)) - snapshotInfoTable actual row count=1, expectedCount=2
2023-06-25 20:38:59,285 [OMDoubleBufferFlushThread] INFO  db.RDBCheckpointManager (RDBCheckpointManager.java:createCheckpoint(89)) - Created checkpoint in rocksDB at /home/runner/work/ozone/ozone/hadoop-ozone/integration-test/target/test-dir/MiniOzoneClusterImpl-3e5e392c-9910-47c9-9966-58048db8f0c6/ozone-meta/db.snapshots/checkpointState/om.db-afd87aad-2c69-459f-bf60-eaaa43c0efa5 in 26 milliseconds
2023-06-25 20:38:59,286 [OMDoubleBufferFlushThread] INFO  db.RDBCheckpointUtils (RDBCheckpointUtils.java:waitForCheckpointDirectoryExist(59)) - Waited for 0 milliseconds for checkpoint directory /home/runner/work/ozone/ozone/hadoop-ozone/integration-test/target/test-dir/MiniOzoneClusterImpl-3e5e392c-9910-47c9-9966-58048db8f0c6/ozone-meta/db.snapshots/checkpointState/om.db-afd87aad-2c69-459f-bf60-eaaa43c0efa5 availability.
2023-06-25 20:38:59,288 [OMDoubleBufferFlushThread] INFO  om.OmSnapshotManager (OmSnapshotManager.java:createOmSnapshotCheckpoint(438)) - Created checkpoint : /home/runner/work/ozone/ozone/hadoop-ozone/integration-test/target/test-dir/MiniOzoneClusterImpl-3e5e392c-9910-47c9-9966-58048db8f0c6/ozone-meta/db.snapshots/checkpointState/om.db-afd87aad-2c69-459f-bf60-eaaa43c0efa5 for snapshot bucket1snap2
2023-06-25 20:38:59,617 [KeyDeletingService#0] WARN  server.ServerUtils (ServerUtils.java:getDBPath(311)) - ozone.om.db.dirs is not configured. We recommend adding this setting. Falling back to ozone.metadata.dirs instead.
2023-06-25 20:38:59,617 [KeyDeletingService#0] INFO  helpers.OmKeyInfo (OmKeyInfo.java:getCodec(71)) - OmKeyInfo.getCodec ignorePipeline = true
2023-06-25 20:39:00,260 [main] INFO  ozone.TestSnapshotDeletingService (TestSnapshotDeletingService.java:assertTableRowCount(558)) - snapshotInfoTable actual row count=2, expectedCount=2
2023-06-25 20:39:00,261 [main] INFO  ozone.TestSnapshotDeletingService (TestSnapshotDeletingService.java:assertTableRowCount(558)) - deletedTable actual row count=0, expectedCount=0
2023-06-25 20:39:02,224 [main] INFO  ozone.TestSnapshotDeletingService (TestSnapshotDeletingService.java:assertTableRowCount(558)) - keyTable actual row count=1, expectedCount=1
2023-06-25 20:39:02,225 [main] INFO  ozone.TestSnapshotDeletingService (TestSnapshotDeletingService.java:assertTableRowCount(558)) - deletedTable actual row count=1, expectedCount=0
2023-06-25 20:39:03,227 [main] INFO  ozone.TestSnapshotDeletingService (TestSnapshotDeletingService.java:assertTableRowCount(558)) - deletedTable actual row count=0, expectedCount=0
2023-06-25 20:39:03,230 [OM StateMachine ApplyTransaction Thread - 0] INFO  snapshot.OMSnapshotCreateRequest (OMSnapshotCreateRequest.java:validateAndUpdateCache(193)) - Created snapshot: 'bucket1snap3' with snapshotId: 'bcf5e12b-97b5-42f6-bde8-d5981a0693b2' under path 'vol1/bucket1'
2023-06-25 20:39:03,232 [main] INFO  ozone.TestSnapshotDeletingService (TestSnapshotDeletingService.java:assertTableRowCount(558)) - snapshotInfoTable actual row count=2, expectedCount=3
2023-06-25 20:39:03,259 [OMDoubleBufferFlushThread] INFO  db.RDBCheckpointManager (RDBCheckpointManager.java:createCheckpoint(89)) - Created checkpoint in rocksDB at /home/runner/work/ozone/ozone/hadoop-ozone/integration-test/target/test-dir/MiniOzoneClusterImpl-3e5e392c-9910-47c9-9966-58048db8f0c6/ozone-meta/db.snapshots/checkpointState/om.db-bcf5e12b-97b5-42f6-bde8-d5981a0693b2 in 25 milliseconds
2023-06-25 20:39:03,260 [OMDoubleBufferFlushThread] INFO  db.RDBCheckpointUtils (RDBCheckpointUtils.java:waitForCheckpointDirectoryExist(59)) - Waited for 1 milliseconds for checkpoint directory /home/runner/work/ozone/ozone/hadoop-ozone/integration-test/target/test-dir/MiniOzoneClusterImpl-3e5e392c-9910-47c9-9966-58048db8f0c6/ozone-meta/db.snapshots/checkpointState/om.db-bcf5e12b-97b5-42f6-bde8-d5981a0693b2 availability.
2023-06-25 20:39:03,260 [OMDoubleBufferFlushThread] INFO  om.OmSnapshotManager (OmSnapshotManager.java:createOmSnapshotCheckpoint(438)) - Created checkpoint : /home/runner/work/ozone/ozone/hadoop-ozone/integration-test/target/test-dir/MiniOzoneClusterImpl-3e5e392c-9910-47c9-9966-58048db8f0c6/ozone-meta/db.snapshots/checkpointState/om.db-bcf5e12b-97b5-42f6-bde8-d5981a0693b2 for snapshot bucket1snap3
2023-06-25 20:39:03,618 [KeyDeletingService#0] WARN  server.ServerUtils (ServerUtils.java:getDBPath(311)) - ozone.om.db.dirs is not configured. We recommend adding this setting. Falling back to ozone.metadata.dirs instead.
2023-06-25 20:39:03,619 [KeyDeletingService#0] INFO  helpers.OmKeyInfo (OmKeyInfo.java:getCodec(71)) - OmKeyInfo.getCodec ignorePipeline = true
2023-06-25 20:39:04,234 [main] INFO  ozone.TestSnapshotDeletingService (TestSnapshotDeletingService.java:assertTableRowCount(558)) - snapshotInfoTable actual row count=3, expectedCount=3
2023-06-25 20:39:04,238 [OM StateMachine ApplyTransaction Thread - 0] INFO  snapshot.OMSnapshotDeleteRequest (OMSnapshotDeleteRequest.java:validateAndUpdateCache(225)) - Deleted snapshot 'bucket1snap2' under path 'vol1/bucket1'
2023-06-25 20:39:04,242 [main] INFO  ozone.TestSnapshotDeletingService (TestSnapshotDeletingService.java:assertTableRowCount(558)) - snapshotInfoTable actual row count=3, expectedCount=2
2023-06-25 20:39:04,628 [OM StateMachine ApplyTransaction Thread - 0] INFO  upgrade.AbstractLayoutVersionManager (AbstractLayoutVersionManager.java:init(83)) - Initializing Layout version manager with metadata layout = QUOTA (version = 6), software layout = QUOTA (version = 6)
2023-06-25 20:39:05,243 [main] INFO  ozone.TestSnapshotDeletingService (TestSnapshotDeletingService.java:assertTableRowCount(558)) - snapshotInfoTable actual row count=2, expectedCount=2
2023-06-25 20:39:05,245 [main] INFO  ozone.TestSnapshotDeletingService (TestSnapshotDeletingService.java:assertTableRowCount(558)) - snapshotInfoTable actual row count=2, expectedCount=2
2023-06-25 20:39:05,271 [main] INFO  ozone.MiniOzoneClusterImpl (MiniOzoneClusterImpl.java:shutdown(443)) - Shutting down the Mini Ozone Cluster
2023-06-25 20:39:05,271 [main] INFO  ozone.MiniOzoneClusterImpl (MiniOzoneClusterImpl.java:stop(460)) - Stopping the Mini Ozone Cluster
2023-06-25 20:39:05,271 [main] INFO  ozone.MiniOzoneClusterImpl (MiniOzoneClusterImpl.java:stopOM(551)) - Stopping the OzoneManager
2023-06-25 20:39:05,271 [main] INFO  om.OzoneManager (OzoneManager.java:stop(2187)) - om1[localhost:15074]: Stopping Ozone Manager
2023-06-25 20:39:05,271 [main] INFO  ipc.Server (Server.java:stop(3501)) - Stopping server on 15074
2023-06-25 20:39:05,273 [IPC Server Responder] INFO  ipc.Server (Server.java:run(1563)) - Stopping IPC Server Responder
2023-06-25 20:39:05,273 [IPC Server listener on 15074] INFO  ipc.Server (Server.java:run(1430)) - Stopping IPC Server listener on 15074
2023-06-25 20:39:05,280 [main] INFO  server.RaftServer (RaftServerProxy.java:lambda$close$6(416)) - om1: close
2023-06-25 20:39:05,280 [main] INFO  server.GrpcService (GrpcService.java:closeImpl(311)) - om1: shutdown server GrpcServerProtocolService now
2023-06-25 20:39:05,280 [om1-impl-thread1] INFO  server.RaftServer$Division (RaftServerImpl.java:lambda$close$4(466)) - om1@group-C5BA1605619E: shutdown
2023-06-25 20:39:05,280 [om1-impl-thread1] INFO  util.JmxRegister (JmxRegister.java:unregister(73)) - Successfully un-registered JMX Bean with object name Ratis:service=RaftServer,group=group-C5BA1605619E,id=om1
2023-06-25 20:39:05,280 [om1-impl-thread1] INFO  impl.RoleInfo (RoleInfo.java:shutdownLeaderState(93)) - om1: shutdown om1@group-C5BA1605619E-LeaderStateImpl
2023-06-25 20:39:05,280 [om1-impl-thread1] INFO  impl.PendingRequests (PendingRequests.java:sendNotLeaderResponses(289)) - om1@group-C5BA1605619E-PendingRequests: sendNotLeaderResponses
2023-06-25 20:39:05,281 [main] INFO  server.GrpcService (GrpcService.java:closeImpl(320)) - om1: shutdown server GrpcServerProtocolService successfully
2023-06-25 20:39:05,287 [om1-impl-thread1] INFO  impl.StateMachineUpdater (StateMachineUpdater.java:stopAndJoin(155)) - om1@group-C5BA1605619E-StateMachineUpdater: set stopIndex = 60
2023-06-25 20:39:05,287 [om1@group-C5BA1605619E-StateMachineUpdater] INFO  ratis.OzoneManagerStateMachine (OzoneManagerStateMachine.java:takeSnapshot(479)) - Current Snapshot Index (t:1, i:60)
2023-06-25 20:39:05,296 [om1@group-C5BA1605619E-StateMachineUpdater] INFO  impl.StateMachineUpdater (StateMachineUpdater.java:takeSnapshot(291)) - om1@group-C5BA1605619E-StateMachineUpdater: Took a snapshot at index 60
2023-06-25 20:39:05,296 [om1@group-C5BA1605619E-StateMachineUpdater] INFO  impl.StateMachineUpdater (StateMachineUpdater.java:lambda$new$0(97)) - om1@group-C5BA1605619E-StateMachineUpdater: snapshotIndex: updateIncreasingly -1 -> 60
2023-06-25 20:39:05,296 [om1@group-C5BA1605619E-StateMachineUpdater] INFO  ratis.OzoneManagerStateMachine (OzoneManagerStateMachine.java:close(533)) - StateMachine has shutdown. Shutdown OzoneManager if not already shutdown.
2023-06-25 20:39:05,297 [om1@group-C5BA1605619E-StateMachineUpdater] INFO  ratis.OzoneManagerDoubleBuffer (OzoneManagerDoubleBuffer.java:stopDaemon(551)) - Stopping OMDoubleBuffer flush thread
2023-06-25 20:39:05,297 [OMDoubleBufferFlushThread] INFO  ratis.OzoneManagerDoubleBuffer (OzoneManagerDoubleBuffer.java:canFlush(638)) - OMDoubleBuffer flush thread OMDoubleBufferFlushThread is interrupted and will exit.
2023-06-25 20:39:05,298 [Thread-2300] INFO  rocksdiff.RocksDBCheckpointDiffer (RocksDBCheckpointDiffer.java:onCompactionCompleted(527)) - Skipped the compaction entry. Compaction input files: [/home/runner/work/ozone/ozone/hadoop-ozone/integration-test/target/test-dir/MiniOzoneClusterImpl-3e5e392c-9910-47c9-9966-58048db8f0c6/ozone-meta/om.db/000073.sst, /home/runner/work/ozone/ozone/hadoop-ozone/integration-test/target/test-dir/MiniOzoneClusterImpl-3e5e392c-9910-47c9-9966-58048db8f0c6/ozone-meta/om.db/000067.sst, /home/runner/work/ozone/ozone/hadoop-ozone/integration-test/target/test-dir/MiniOzoneClusterImpl-3e5e392c-9910-47c9-9966-58048db8f0c6/ozone-meta/om.db/000060.sst, /home/runner/work/ozone/ozone/hadoop-ozone/integration-test/target/test-dir/MiniOzoneClusterImpl-3e5e392c-9910-47c9-9966-58048db8f0c6/ozone-meta/om.db/000053.sst] and output files: [/home/runner/work/ozone/ozone/hadoop-ozone/integration-test/target/test-dir/MiniOzoneClusterImpl-3e5e392c-9910-47c9-9966-58048db8f0c6/ozone-meta/om.db/000073.sst, /home/runner/work/ozone/ozone/hadoop-ozone/integration-test/target/test-dir/MiniOzoneClusterImpl-3e5e392c-9910-47c9-9966-58048db8f0c6/ozone-meta/om.db/000067.sst, /home/runner/work/ozone/ozone/hadoop-ozone/integration-test/target/test-dir/MiniOzoneClusterImpl-3e5e392c-9910-47c9-9966-58048db8f0c6/ozone-meta/om.db/000060.sst, /home/runner/work/ozone/ozone/hadoop-ozone/integration-test/target/test-dir/MiniOzoneClusterImpl-3e5e392c-9910-47c9-9966-58048db8f0c6/ozone-meta/om.db/000053.sst] are same.
2023-06-25 20:39:05,299 [om1-impl-thread1] INFO  server.RaftServer$Division (ServerState.java:close(472)) - om1@group-C5BA1605619E: closes. applyIndex: 60
2023-06-25 20:39:06,124 [om1-impl-thread1] INFO  segmented.SegmentedRaftLogWorker (SegmentedRaftLogWorker.java:close(252)) - om1@group-C5BA1605619E-SegmentedRaftLogWorker close()
2023-06-25 20:39:06,124 [JvmPauseMonitor11] INFO  util.JvmPauseMonitor (JvmPauseMonitor.java:run(109)) - JvmPauseMonitor-om1: Stopped
2023-06-25 20:39:06,124 [main] INFO  ratis.OzoneManagerStateMachine (OzoneManagerStateMachine.java:close(533)) - StateMachine has shutdown. Shutdown OzoneManager if not already shutdown.
2023-06-25 20:39:06,125 [main] INFO  ratis.OzoneManagerDoubleBuffer (OzoneManagerDoubleBuffer.java:stopDaemon(560)) - OMDoubleBuffer flush thread is not running.
2023-06-25 20:39:06,126 [main] INFO  utils.BackgroundService (BackgroundService.java:shutdown(141)) - Shutting down service KeyDeletingService
2023-06-25 20:39:06,127 [main] INFO  utils.BackgroundService (BackgroundService.java:shutdown(141)) - Shutting down service KeyDeletingService
2023-06-25 20:39:06,127 [main] INFO  utils.BackgroundService (BackgroundService.java:shutdown(141)) - Shutting down service OpenKeyCleanupService
2023-06-25 20:39:06,127 [main] INFO  utils.BackgroundService (BackgroundService.java:shutdown(141)) - Shutting down service SstFilteringService
2023-06-25 20:39:06,128 [main] INFO  utils.BackgroundService (BackgroundService.java:shutdown(141)) - Shutting down service SnapshotDeletingService
2023-06-25 20:39:06,128 [main] INFO  handler.ContextHandler (ContextHandler.java:doStop(1159)) - Stopped o.e.j.w.WebAppContext@6b5f2753{ozoneManager,/,null,STOPPED}{file:/home/runner/work/ozone/ozone/hadoop-ozone/integration-test/target/test-classes/webapps/ozoneManager}
2023-06-25 20:39:06,129 [main] INFO  server.AbstractConnector (AbstractConnector.java:doStop(383)) - Stopped ServerConnector@55d4729f{HTTP/1.1, (http/1.1)}{0.0.0.0:15075}
2023-06-25 20:39:06,129 [main] INFO  server.session (HouseKeeper.java:stopScavenging(149)) - node0 Stopped scavenging
2023-06-25 20:39:06,129 [main] INFO  handler.ContextHandler (ContextHandler.java:doStop(1159)) - Stopped o.e.j.s.ServletContextHandler@4ad4366{static,/static,file:///home/runner/work/ozone/ozone/hadoop-ozone/integration-test/target/test-classes/webapps/static,STOPPED}
2023-06-25 20:39:06,130 [main] INFO  handler.ContextHandler (ContextHandler.java:doStop(1159)) - Stopped o.e.j.s.ServletContextHandler@1b327a8f{logs,/logs,file:///home/runner/work/ozone/ozone/hadoop-ozone/integration-test/target/log,STOPPED}
2023-06-25 20:39:06,133 [main] INFO  snapshot.SnapshotDiffManager (SnapshotDiffManager.java:closeExecutorService(1630)) - Shutting down executorService: 'SnapDiffExecutor'
2023-06-25 20:39:06,133 [main] INFO  snapshot.SnapshotDiffManager (SnapshotDiffManager.java:closeExecutorService(1630)) - Shutting down executorService: 'SstDumpToolExecutor'
2023-06-25 20:39:06,139 [main] INFO  utils.BackgroundService (BackgroundService.java:shutdown(141)) - Shutting down service SnapshotDiffCleanupService
2023-06-25 20:39:06,140 [main] INFO  ozone.MiniOzoneClusterImpl (MiniOzoneClusterImpl.java:stopDatanodes(528)) - Stopping the HddsDatanodes
2023-06-25 20:39:06,143 [main] INFO  ozoneimpl.OzoneContainer (OzoneContainer.java:stop(441)) - Attempting to stop container services.
2023-06-25 20:39:06,144 [main] INFO  server.RaftServer (RaftServerProxy.java:lambda$close$6(416)) - a7b978ac-5579-421c-88f8-8216da815ec4: close
2023-06-25 20:39:06,144 [ForkJoinPool.commonPool-worker-0] INFO  ozoneimpl.OzoneContainer (OzoneContainer.java:stop(441)) - Attempting to stop container services.
2023-06-25 20:39:06,144 [a7b978ac-5579-421c-88f8-8216da815ec4-impl-thread1] INFO  server.RaftServer$Division (RaftServerImpl.java:lambda$close$4(466)) - a7b978ac-5579-421c-88f8-8216da815ec4@group-445108C82BA3: shutdown
2023-06-25 20:39:06,145 [a7b978ac-5579-421c-88f8-8216da815ec4-impl-thread1] INFO  util.JmxRegister (JmxRegister.java:unregister(73)) - Successfully un-registered JMX Bean with object name Ratis:service=RaftServer,group=group-445108C82BA3,id=a7b978ac-5579-421c-88f8-8216da815ec4
2023-06-25 20:39:06,145 [a7b978ac-5579-421c-88f8-8216da815ec4-impl-thread1] INFO  impl.RoleInfo (RoleInfo.java:shutdownFollowerState(110)) - a7b978ac-5579-421c-88f8-8216da815ec4: shutdown a7b978ac-5579-421c-88f8-8216da815ec4@group-445108C82BA3-FollowerState
2023-06-25 20:39:06,149 [a7b978ac-5579-421c-88f8-8216da815ec4-impl-thread1] INFO  impl.StateMachineUpdater (StateMachineUpdater.java:stopAndJoin(155)) - a7b978ac-5579-421c-88f8-8216da815ec4@group-445108C82BA3-StateMachineUpdater: set stopIndex = 197
2023-06-25 20:39:06,149 [a7b978ac-5579-421c-88f8-8216da815ec4@group-445108C82BA3-FollowerState] INFO  impl.FollowerState (FollowerState.java:run(152)) - a7b978ac-5579-421c-88f8-8216da815ec4@group-445108C82BA3-FollowerState was interrupted
2023-06-25 20:39:06,149 [a7b978ac-5579-421c-88f8-8216da815ec4@group-445108C82BA3-StateMachineUpdater] INFO  ratis.ContainerStateMachine (ContainerStateMachine.java:takeSnapshot(330)) - group-445108C82BA3: Taking a snapshot at:(t:1, i:197) file /home/runner/work/ozone/ozone/hadoop-ozone/integration-test/target/test-dir/MiniOzoneClusterImpl-3e5e392c-9910-47c9-9966-58048db8f0c6/datanode-1/data/ratis/0d2a5396-a8b9-44fd-89d0-445108c82ba3/sm/snapshot.1_197
2023-06-25 20:39:06,149 [a7b978ac-5579-421c-88f8-8216da815ec4-impl-thread2] INFO  server.RaftServer$Division (RaftServerImpl.java:lambda$close$4(466)) - a7b978ac-5579-421c-88f8-8216da815ec4@group-C3659E131FC0: shutdown
2023-06-25 20:39:06,149 [a7b978ac-5579-421c-88f8-8216da815ec4-impl-thread2] INFO  util.JmxRegister (JmxRegister.java:unregister(73)) - Successfully un-registered JMX Bean with object name Ratis:service=RaftServer,group=group-C3659E131FC0,id=a7b978ac-5579-421c-88f8-8216da815ec4
2023-06-25 20:39:06,149 [a7b978ac-5579-421c-88f8-8216da815ec4-impl-thread2] INFO  impl.RoleInfo (RoleInfo.java:shutdownLeaderState(93)) - a7b978ac-5579-421c-88f8-8216da815ec4: shutdown a7b978ac-5579-421c-88f8-8216da815ec4@group-C3659E131FC0-LeaderStateImpl
2023-06-25 20:39:06,149 [a7b978ac-5579-421c-88f8-8216da815ec4-impl-thread2] INFO  impl.PendingRequests (PendingRequests.java:sendNotLeaderResponses(289)) - a7b978ac-5579-421c-88f8-8216da815ec4@group-C3659E131FC0-PendingRequests: sendNotLeaderResponses
2023-06-25 20:39:06,150 [main] INFO  server.GrpcService (GrpcService.java:closeImpl(311)) - a7b978ac-5579-421c-88f8-8216da815ec4: shutdown server org.apache.ratis.grpc.server.GrpcClientProtocolService now
2023-06-25 20:39:06,150 [a7b978ac-5579-421c-88f8-8216da815ec4@group-C3659E131FC0-StateMachineUpdater] INFO  ratis.ContainerStateMachine (ContainerStateMachine.java:takeSnapshot(330)) - group-C3659E131FC0: Taking a snapshot at:(t:1, i:0) file /home/runner/work/ozone/ozone/hadoop-ozone/integration-test/target/test-dir/MiniOzoneClusterImpl-3e5e392c-9910-47c9-9966-58048db8f0c6/datanode-1/data/ratis/b73c4e86-d700-4075-b2cc-c3659e131fc0/sm/snapshot.1_0
2023-06-25 20:39:06,154 [a7b978ac-5579-421c-88f8-8216da815ec4-impl-thread2] INFO  impl.StateMachineUpdater (StateMachineUpdater.java:stopAndJoin(155)) - a7b978ac-5579-421c-88f8-8216da815ec4@group-C3659E131FC0-StateMachineUpdater: set stopIndex = 0
2023-06-25 20:39:06,154 [a7b978ac-5579-421c-88f8-8216da815ec4@group-445108C82BA3-StateMachineUpdater] INFO  ratis.ContainerStateMachine (ContainerStateMachine.java:takeSnapshot(341)) - group-445108C82BA3: Finished taking a snapshot at:(t:1, i:197) file:/home/runner/work/ozone/ozone/hadoop-ozone/integration-test/target/test-dir/MiniOzoneClusterImpl-3e5e392c-9910-47c9-9966-58048db8f0c6/datanode-1/data/ratis/0d2a5396-a8b9-44fd-89d0-445108c82ba3/sm/snapshot.1_197 took: 5 ms
2023-06-25 20:39:06,155 [a7b978ac-5579-421c-88f8-8216da815ec4@group-445108C82BA3-StateMachineUpdater] INFO  impl.StateMachineUpdater (StateMachineUpdater.java:takeSnapshot(291)) - a7b978ac-5579-421c-88f8-8216da815ec4@group-445108C82BA3-StateMachineUpdater: Took a snapshot at index 197
2023-06-25 20:39:06,155 [a7b978ac-5579-421c-88f8-8216da815ec4@group-445108C82BA3-StateMachineUpdater] INFO  impl.StateMachineUpdater (StateMachineUpdater.java:lambda$new$0(97)) - a7b978ac-5579-421c-88f8-8216da815ec4@group-445108C82BA3-StateMachineUpdater: snapshotIndex: updateIncreasingly -1 -> 197
2023-06-25 20:39:06,155 [a7b978ac-5579-421c-88f8-8216da815ec4@group-C3659E131FC0-StateMachineUpdater] INFO  ratis.ContainerStateMachine (ContainerStateMachine.java:takeSnapshot(341)) - group-C3659E131FC0: Finished taking a snapshot at:(t:1, i:0) file:/home/runner/work/ozone/ozone/hadoop-ozone/integration-test/target/test-dir/MiniOzoneClusterImpl-3e5e392c-9910-47c9-9966-58048db8f0c6/datanode-1/data/ratis/b73c4e86-d700-4075-b2cc-c3659e131fc0/sm/snapshot.1_0 took: 5 ms
2023-06-25 20:39:06,155 [a7b978ac-5579-421c-88f8-8216da815ec4-impl-thread3] INFO  server.RaftServer$Division (RaftServerImpl.java:lambda$close$4(466)) - a7b978ac-5579-421c-88f8-8216da815ec4@group-F95E09B247DF: shutdown
2023-06-25 20:39:06,155 [a7b978ac-5579-421c-88f8-8216da815ec4@group-C3659E131FC0-StateMachineUpdater] INFO  impl.StateMachineUpdater (StateMachineUpdater.java:takeSnapshot(291)) - a7b978ac-5579-421c-88f8-8216da815ec4@group-C3659E131FC0-StateMachineUpdater: Took a snapshot at index 0
2023-06-25 20:39:06,155 [a7b978ac-5579-421c-88f8-8216da815ec4-impl-thread3] INFO  util.JmxRegister (JmxRegister.java:unregister(73)) - Successfully un-registered JMX Bean with object name Ratis:service=RaftServer,group=group-F95E09B247DF,id=a7b978ac-5579-421c-88f8-8216da815ec4
2023-06-25 20:39:06,156 [a7b978ac-5579-421c-88f8-8216da815ec4-impl-thread3] INFO  impl.RoleInfo (RoleInfo.java:shutdownLeaderState(93)) - a7b978ac-5579-421c-88f8-8216da815ec4: shutdown a7b978ac-5579-421c-88f8-8216da815ec4@group-F95E09B247DF-LeaderStateImpl
2023-06-25 20:39:06,162 [Thread-2305] INFO  server.GrpcServerProtocolClient (GrpcServerProtocolClient.java:close(103)) - 97b3bde5-dca1-47ee-b202-78dc9f7ada5a Close channels
2023-06-25 20:39:06,155 [a7b978ac-5579-421c-88f8-8216da815ec4@group-C3659E131FC0-StateMachineUpdater] INFO  impl.StateMachineUpdater (StateMachineUpdater.java:lambda$new$0(97)) - a7b978ac-5579-421c-88f8-8216da815ec4@group-C3659E131FC0-StateMachineUpdater: snapshotIndex: updateIncreasingly -1 -> 0
2023-06-25 20:39:06,162 [a7b978ac-5579-421c-88f8-8216da815ec4-impl-thread3] INFO  impl.PendingRequests (PendingRequests.java:sendNotLeaderResponses(289)) - a7b978ac-5579-421c-88f8-8216da815ec4@group-F95E09B247DF-PendingRequests: sendNotLeaderResponses
2023-06-25 20:39:06,162 [a7b978ac-5579-421c-88f8-8216da815ec4@group-F95E09B247DF->97b3bde5-dca1-47ee-b202-78dc9f7ada5a-GrpcLogAppender-LogAppenderDaemon] WARN  server.GrpcLogAppender (GrpcLogAppender.java:mayWait(199)) - a7b978ac-5579-421c-88f8-8216da815ec4@group-F95E09B247DF->97b3bde5-dca1-47ee-b202-78dc9f7ada5a-GrpcLogAppender: Wait interrupted by java.lang.InterruptedException
2023-06-25 20:39:06,162 [a7b978ac-5579-421c-88f8-8216da815ec4-impl-thread2] INFO  server.RaftServer$Division (ServerState.java:close(472)) - a7b978ac-5579-421c-88f8-8216da815ec4@group-C3659E131FC0: closes. applyIndex: 0
2023-06-25 20:39:06,162 [a7b978ac-5579-421c-88f8-8216da815ec4-impl-thread1] INFO  server.RaftServer$Division (ServerState.java:close(472)) - a7b978ac-5579-421c-88f8-8216da815ec4@group-445108C82BA3: closes. applyIndex: 197
2023-06-25 20:39:06,166 [a7b978ac-5579-421c-88f8-8216da815ec4-impl-thread3] INFO  impl.StateMachineUpdater (StateMachineUpdater.java:stopAndJoin(155)) - a7b978ac-5579-421c-88f8-8216da815ec4@group-F95E09B247DF-StateMachineUpdater: set stopIndex = 233
2023-06-25 20:39:06,166 [a7b978ac-5579-421c-88f8-8216da815ec4@group-F95E09B247DF-StateMachineUpdater] INFO  ratis.ContainerStateMachine (ContainerStateMachine.java:takeSnapshot(330)) - group-F95E09B247DF: Taking a snapshot at:(t:1, i:233) file /home/runner/work/ozone/ozone/hadoop-ozone/integration-test/target/test-dir/MiniOzoneClusterImpl-3e5e392c-9910-47c9-9966-58048db8f0c6/datanode-1/data/ratis/9fdf0474-fa02-4f63-9935-f95e09b247df/sm/snapshot.1_233
2023-06-25 20:39:06,167 [ForkJoinPool.commonPool-worker-0] INFO  server.RaftServer (RaftServerProxy.java:lambda$close$6(416)) - 93527257-01c8-41eb-ac3e-49482c20fdee: close
2023-06-25 20:39:06,167 [93527257-01c8-41eb-ac3e-49482c20fdee-impl-thread1] INFO  server.RaftServer$Division (RaftServerImpl.java:lambda$close$4(466)) - 93527257-01c8-41eb-ac3e-49482c20fdee@group-445108C82BA3: shutdown
2023-06-25 20:39:06,167 [93527257-01c8-41eb-ac3e-49482c20fdee-impl-thread1] INFO  util.JmxRegister (JmxRegister.java:unregister(73)) - Successfully un-registered JMX Bean with object name Ratis:service=RaftServer,group=group-445108C82BA3,id=93527257-01c8-41eb-ac3e-49482c20fdee
2023-06-25 20:39:06,167 [93527257-01c8-41eb-ac3e-49482c20fdee-impl-thread1] INFO  impl.RoleInfo (RoleInfo.java:shutdownFollowerState(110)) - 93527257-01c8-41eb-ac3e-49482c20fdee: shutdown 93527257-01c8-41eb-ac3e-49482c20fdee@group-445108C82BA3-FollowerState
2023-06-25 20:39:06,168 [a7b978ac-5579-421c-88f8-8216da815ec4@group-F95E09B247DF-StateMachineUpdater] INFO  ratis.ContainerStateMachine (ContainerStateMachine.java:takeSnapshot(341)) - group-F95E09B247DF: Finished taking a snapshot at:(t:1, i:233) file:/home/runner/work/ozone/ozone/hadoop-ozone/integration-test/target/test-dir/MiniOzoneClusterImpl-3e5e392c-9910-47c9-9966-58048db8f0c6/datanode-1/data/ratis/9fdf0474-fa02-4f63-9935-f95e09b247df/sm/snapshot.1_233 took: 1 ms
2023-06-25 20:39:06,168 [a7b978ac-5579-421c-88f8-8216da815ec4@group-F95E09B247DF-StateMachineUpdater] INFO  impl.StateMachineUpdater (StateMachineUpdater.java:takeSnapshot(291)) - a7b978ac-5579-421c-88f8-8216da815ec4@group-F95E09B247DF-StateMachineUpdater: Took a snapshot at index 233
2023-06-25 20:39:06,168 [a7b978ac-5579-421c-88f8-8216da815ec4@group-F95E09B247DF-StateMachineUpdater] INFO  impl.StateMachineUpdater (StateMachineUpdater.java:lambda$new$0(97)) - a7b978ac-5579-421c-88f8-8216da815ec4@group-F95E09B247DF-StateMachineUpdater: snapshotIndex: updateIncreasingly -1 -> 233
2023-06-25 20:39:06,171 [93527257-01c8-41eb-ac3e-49482c20fdee-impl-thread2] INFO  server.RaftServer$Division (RaftServerImpl.java:lambda$close$4(466)) - 93527257-01c8-41eb-ac3e-49482c20fdee@group-F95E09B247DF: shutdown
2023-06-25 20:39:06,171 [ForkJoinPool.commonPool-worker-0] INFO  server.GrpcService (GrpcService.java:closeImpl(311)) - 93527257-01c8-41eb-ac3e-49482c20fdee: shutdown server org.apache.ratis.grpc.server.GrpcClientProtocolService now
2023-06-25 20:39:06,171 [grpc-default-executor-3] INFO  server.GrpcServerProtocolService (GrpcServerProtocolService.java:onCompleted(155)) - 97b3bde5-dca1-47ee-b202-78dc9f7ada5a: Completed APPEND_ENTRIES, lastRequest: a7b978ac-5579-421c-88f8-8216da815ec4->97b3bde5-dca1-47ee-b202-78dc9f7ada5a#272-t1,previous=(t:1, i:232),leaderCommit=232,initializing? true,entries: size=1, first=(t:1, i:233), METADATAENTRY(c:232)
2023-06-25 20:39:06,171 [grpc-default-executor-3] INFO  server.GrpcServerProtocolService (GrpcServerProtocolService.java:lambda$onCompleted$5(157)) - 97b3bde5-dca1-47ee-b202-78dc9f7ada5a: Completed APPEND_ENTRIES, lastReply: null
2023-06-25 20:39:06,171 [93527257-01c8-41eb-ac3e-49482c20fdee-impl-thread2] INFO  util.JmxRegister (JmxRegister.java:unregister(73)) - Successfully un-registered JMX Bean with object name Ratis:service=RaftServer,group=group-F95E09B247DF,id=93527257-01c8-41eb-ac3e-49482c20fdee
2023-06-25 20:39:06,172 [93527257-01c8-41eb-ac3e-49482c20fdee-impl-thread2] INFO  impl.RoleInfo (RoleInfo.java:shutdownFollowerState(110)) - 93527257-01c8-41eb-ac3e-49482c20fdee: shutdown 93527257-01c8-41eb-ac3e-49482c20fdee@group-F95E09B247DF-FollowerState
2023-06-25 20:39:06,175 [93527257-01c8-41eb-ac3e-49482c20fdee-impl-thread3] INFO  server.RaftServer$Division (RaftServerImpl.java:lambda$close$4(466)) - 93527257-01c8-41eb-ac3e-49482c20fdee@group-D7D20A72DA63: shutdown
2023-06-25 20:39:06,175 [93527257-01c8-41eb-ac3e-49482c20fdee-impl-thread3] INFO  util.JmxRegister (JmxRegister.java:unregister(73)) - Successfully un-registered JMX Bean with object name Ratis:service=RaftServer,group=group-D7D20A72DA63,id=93527257-01c8-41eb-ac3e-49482c20fdee
2023-06-25 20:39:06,176 [93527257-01c8-41eb-ac3e-49482c20fdee-impl-thread3] INFO  impl.RoleInfo (RoleInfo.java:shutdownLeaderState(93)) - 93527257-01c8-41eb-ac3e-49482c20fdee: shutdown 93527257-01c8-41eb-ac3e-49482c20fdee@group-D7D20A72DA63-LeaderStateImpl
2023-06-25 20:39:06,176 [93527257-01c8-41eb-ac3e-49482c20fdee-impl-thread3] INFO  impl.PendingRequests (PendingRequests.java:sendNotLeaderResponses(289)) - 93527257-01c8-41eb-ac3e-49482c20fdee@group-D7D20A72DA63-PendingRequests: sendNotLeaderResponses
2023-06-25 20:39:06,176 [93527257-01c8-41eb-ac3e-49482c20fdee-impl-thread3] INFO  impl.StateMachineUpdater (StateMachineUpdater.java:stopAndJoin(155)) - 93527257-01c8-41eb-ac3e-49482c20fdee@group-D7D20A72DA63-StateMachineUpdater: set stopIndex = 0
2023-06-25 20:39:06,176 [93527257-01c8-41eb-ac3e-49482c20fdee@group-D7D20A72DA63-StateMachineUpdater] INFO  ratis.ContainerStateMachine (ContainerStateMachine.java:takeSnapshot(330)) - group-D7D20A72DA63: Taking a snapshot at:(t:1, i:0) file /home/runner/work/ozone/ozone/hadoop-ozone/integration-test/target/test-dir/MiniOzoneClusterImpl-3e5e392c-9910-47c9-9966-58048db8f0c6/datanode-0/data/ratis/7dd95f63-b88b-4bdf-aae0-d7d20a72da63/sm/snapshot.1_0
2023-06-25 20:39:06,177 [a7b978ac-5579-421c-88f8-8216da815ec4@group-F95E09B247DF->93527257-01c8-41eb-ac3e-49482c20fdee-GrpcLogAppender-LogAppenderDaemon] WARN  server.GrpcLogAppender (GrpcLogAppender.java:mayWait(199)) - a7b978ac-5579-421c-88f8-8216da815ec4@group-F95E09B247DF->93527257-01c8-41eb-ac3e-49482c20fdee-GrpcLogAppender: Wait interrupted by java.lang.InterruptedException
2023-06-25 20:39:06,177 [93527257-01c8-41eb-ac3e-49482c20fdee@group-D7D20A72DA63-StateMachineUpdater] INFO  ratis.ContainerStateMachine (ContainerStateMachine.java:takeSnapshot(341)) - group-D7D20A72DA63: Finished taking a snapshot at:(t:1, i:0) file:/home/runner/work/ozone/ozone/hadoop-ozone/integration-test/target/test-dir/MiniOzoneClusterImpl-3e5e392c-9910-47c9-9966-58048db8f0c6/datanode-0/data/ratis/7dd95f63-b88b-4bdf-aae0-d7d20a72da63/sm/snapshot.1_0 took: 1 ms
2023-06-25 20:39:06,177 [93527257-01c8-41eb-ac3e-49482c20fdee@group-D7D20A72DA63-StateMachineUpdater] INFO  impl.StateMachineUpdater (StateMachineUpdater.java:takeSnapshot(291)) - 93527257-01c8-41eb-ac3e-49482c20fdee@group-D7D20A72DA63-StateMachineUpdater: Took a snapshot at index 0
2023-06-25 20:39:06,177 [93527257-01c8-41eb-ac3e-49482c20fdee@group-D7D20A72DA63-StateMachineUpdater] INFO  impl.StateMachineUpdater (StateMachineUpdater.java:lambda$new$0(97)) - 93527257-01c8-41eb-ac3e-49482c20fdee@group-D7D20A72DA63-StateMachineUpdater: snapshotIndex: updateIncreasingly -1 -> 0
2023-06-25 20:39:06,178 [grpc-default-executor-2] INFO  server.GrpcLogAppender (GrpcLogAppender.java:onCompleted(428)) - a7b978ac-5579-421c-88f8-8216da815ec4@group-F95E09B247DF->97b3bde5-dca1-47ee-b202-78dc9f7ada5a-AppendLogResponseHandler: follower responses appendEntries COMPLETED
2023-06-25 20:39:06,178 [grpc-default-executor-2] WARN  server.GrpcLogAppender (GrpcLogAppender.java:resetClient(137)) - a7b978ac-5579-421c-88f8-8216da815ec4@group-F95E09B247DF->97b3bde5-dca1-47ee-b202-78dc9f7ada5a-GrpcLogAppender: Failed to getClient for 97b3bde5-dca1-47ee-b202-78dc9f7ada5a
org.apache.ratis.protocol.exceptions.AlreadyClosedException: a7b978ac-5579-421c-88f8-8216da815ec4 is already CLOSED
	at org.apache.ratis.util.PeerProxyMap$PeerAndProxy.getProxy(PeerProxyMap.java:61)
	at org.apache.ratis.util.PeerProxyMap.getProxy(PeerProxyMap.java:115)
	at org.apache.ratis.grpc.server.GrpcLogAppender.getClient(GrpcLogAppender.java:112)
	at org.apache.ratis.grpc.server.GrpcLogAppender.resetClient(GrpcLogAppender.java:117)
	at org.apache.ratis.grpc.server.GrpcLogAppender.access$500(GrpcLogAppender.java:56)
	at org.apache.ratis.grpc.server.GrpcLogAppender$AppendLogResponseHandler.onCompleted(GrpcLogAppender.java:429)
	at org.apache.ratis.thirdparty.io.grpc.stub.ClientCalls$StreamObserverToCallListenerAdapter.onClose(ClientCalls.java:485)
	at org.apache.ratis.thirdparty.io.grpc.internal.ClientCallImpl.closeObserver(ClientCallImpl.java:563)
	at org.apache.ratis.thirdparty.io.grpc.internal.ClientCallImpl.access$300(ClientCallImpl.java:70)
	at org.apache.ratis.thirdparty.io.grpc.internal.ClientCallImpl$ClientStreamListenerImpl$1StreamClosed.runInternal(ClientCallImpl.java:744)
	at org.apache.ratis.thirdparty.io.grpc.internal.ClientCallImpl$ClientStreamListenerImpl$1StreamClosed.runInContext(ClientCallImpl.java:723)
	at org.apache.ratis.thirdparty.io.grpc.internal.ContextRunnable.run(ContextRunnable.java:37)
	at org.apache.ratis.thirdparty.io.grpc.internal.SerializingExecutor.run(SerializingExecutor.java:133)
	at java.util.concurrent.ThreadPoolExecutor.runWorker(ThreadPoolExecutor.java:1149)
	at java.util.concurrent.ThreadPoolExecutor$Worker.run(ThreadPoolExecutor.java:624)
	at java.lang.Thread.run(Thread.java:750)
2023-06-25 20:39:06,178 [grpc-default-executor-4] INFO  server.GrpcServerProtocolService (GrpcServerProtocolService.java:onCompleted(155)) - 93527257-01c8-41eb-ac3e-49482c20fdee: Completed APPEND_ENTRIES, lastRequest: a7b978ac-5579-421c-88f8-8216da815ec4->93527257-01c8-41eb-ac3e-49482c20fdee#274-t1,previous=(t:1, i:232),leaderCommit=232,initializing? true,entries: size=1, first=(t:1, i:233), METADATAENTRY(c:232)
2023-06-25 20:39:06,178 [grpc-default-executor-5] INFO  server.GrpcServerProtocolService (GrpcServerProtocolService.java:onCompleted(155)) - 93527257-01c8-41eb-ac3e-49482c20fdee: Completed APPEND_ENTRIES, lastRequest: null
2023-06-25 20:39:06,178 [93527257-01c8-41eb-ac3e-49482c20fdee-impl-thread2] INFO  impl.StateMachineUpdater (StateMachineUpdater.java:stopAndJoin(155)) - 93527257-01c8-41eb-ac3e-49482c20fdee@group-F95E09B247DF-StateMachineUpdater: set stopIndex = 233
2023-06-25 20:39:06,178 [grpc-default-executor-5] INFO  server.GrpcServerProtocolService (GrpcServerProtocolService.java:lambda$onCompleted$5(157)) - 93527257-01c8-41eb-ac3e-49482c20fdee: Completed APPEND_ENTRIES, lastReply: serverReply {
  requestorId: "a7b978ac-5579-421c-88f8-8216da815ec4"
  replyId: "93527257-01c8-41eb-ac3e-49482c20fdee"
  raftGroupId {
    id: "\237\337\004t\372\002Oc\2315\371^\t\262G\337"
  }
  callId: 278
  success: true
}
term: 1
nextIndex: 234
followerCommit: 233
matchIndex: 18446744073709551615
isHearbeat: true

2023-06-25 20:39:06,178 [93527257-01c8-41eb-ac3e-49482c20fdee@group-F95E09B247DF-StateMachineUpdater] INFO  ratis.ContainerStateMachine (ContainerStateMachine.java:takeSnapshot(330)) - group-F95E09B247DF: Taking a snapshot at:(t:1, i:233) file /home/runner/work/ozone/ozone/hadoop-ozone/integration-test/target/test-dir/MiniOzoneClusterImpl-3e5e392c-9910-47c9-9966-58048db8f0c6/datanode-0/data/ratis/9fdf0474-fa02-4f63-9935-f95e09b247df/sm/snapshot.1_233
2023-06-25 20:39:06,179 [93527257-01c8-41eb-ac3e-49482c20fdee@group-F95E09B247DF-FollowerState] INFO  impl.FollowerState (FollowerState.java:run(152)) - 93527257-01c8-41eb-ac3e-49482c20fdee@group-F95E09B247DF-FollowerState was interrupted
2023-06-25 20:39:06,179 [93527257-01c8-41eb-ac3e-49482c20fdee-impl-thread1] INFO  impl.StateMachineUpdater (StateMachineUpdater.java:stopAndJoin(155)) - 93527257-01c8-41eb-ac3e-49482c20fdee@group-445108C82BA3-StateMachineUpdater: set stopIndex = 197
2023-06-25 20:39:06,179 [a7b978ac-5579-421c-88f8-8216da815ec4-impl-thread3] INFO  server.RaftServer$Division (ServerState.java:close(472)) - a7b978ac-5579-421c-88f8-8216da815ec4@group-F95E09B247DF: closes. applyIndex: 233
2023-06-25 20:39:06,178 [grpc-default-executor-3] INFO  server.GrpcServerProtocolService (GrpcServerProtocolService.java:onCompleted(155)) - 97b3bde5-dca1-47ee-b202-78dc9f7ada5a: Completed APPEND_ENTRIES, lastRequest: null
2023-06-25 20:39:06,179 [93527257-01c8-41eb-ac3e-49482c20fdee@group-445108C82BA3-FollowerState] INFO  impl.FollowerState (FollowerState.java:run(152)) - 93527257-01c8-41eb-ac3e-49482c20fdee@group-445108C82BA3-FollowerState was interrupted
2023-06-25 20:39:06,178 [grpc-default-executor-4] INFO  server.GrpcServerProtocolService (GrpcServerProtocolService.java:lambda$onCompleted$5(157)) - 93527257-01c8-41eb-ac3e-49482c20fdee: Completed APPEND_ENTRIES, lastReply: null
2023-06-25 20:39:06,178 [93527257-01c8-41eb-ac3e-49482c20fdee-impl-thread3] INFO  server.RaftServer$Division (ServerState.java:close(472)) - 93527257-01c8-41eb-ac3e-49482c20fdee@group-D7D20A72DA63: closes. applyIndex: 0
2023-06-25 20:39:06,183 [grpc-default-executor-3] INFO  server.GrpcServerProtocolService (GrpcServerProtocolService.java:lambda$onCompleted$5(157)) - 97b3bde5-dca1-47ee-b202-78dc9f7ada5a: Completed APPEND_ENTRIES, lastReply: serverReply {
  requestorId: "a7b978ac-5579-421c-88f8-8216da815ec4"
  replyId: "97b3bde5-dca1-47ee-b202-78dc9f7ada5a"
  raftGroupId {
    id: "\237\337\004t\372\002Oc\2315\371^\t\262G\337"
  }
  callId: 276
  success: true
}
term: 1
nextIndex: 234
followerCommit: 233
matchIndex: 18446744073709551615
isHearbeat: true

2023-06-25 20:39:06,186 [grpc-default-executor-5] INFO  server.GrpcLogAppender (GrpcLogAppender.java:onCompleted(428)) - a7b978ac-5579-421c-88f8-8216da815ec4@group-F95E09B247DF->97b3bde5-dca1-47ee-b202-78dc9f7ada5a-AppendLogResponseHandler: follower responses appendEntries COMPLETED
2023-06-25 20:39:06,186 [grpc-default-executor-5] WARN  server.GrpcLogAppender (GrpcLogAppender.java:resetClient(137)) - a7b978ac-5579-421c-88f8-8216da815ec4@group-F95E09B247DF->97b3bde5-dca1-47ee-b202-78dc9f7ada5a-GrpcLogAppender: Failed to getClient for 97b3bde5-dca1-47ee-b202-78dc9f7ada5a
org.apache.ratis.protocol.exceptions.AlreadyClosedException: a7b978ac-5579-421c-88f8-8216da815ec4 is already CLOSED
	at org.apache.ratis.util.PeerProxyMap$PeerAndProxy.getProxy(PeerProxyMap.java:61)
	at org.apache.ratis.util.PeerProxyMap.getProxy(PeerProxyMap.java:115)
	at org.apache.ratis.grpc.server.GrpcLogAppender.getClient(GrpcLogAppender.java:112)
	at org.apache.ratis.grpc.server.GrpcLogAppender.resetClient(GrpcLogAppender.java:117)
	at org.apache.ratis.grpc.server.GrpcLogAppender.access$500(GrpcLogAppender.java:56)
	at org.apache.ratis.grpc.server.GrpcLogAppender$AppendLogResponseHandler.onCompleted(GrpcLogAppender.java:429)
	at org.apache.ratis.thirdparty.io.grpc.stub.ClientCalls$StreamObserverToCallListenerAdapter.onClose(ClientCalls.java:485)
	at org.apache.ratis.thirdparty.io.grpc.internal.ClientCallImpl.closeObserver(ClientCallImpl.java:563)
	at org.apache.ratis.thirdparty.io.grpc.internal.ClientCallImpl.access$300(ClientCallImpl.java:70)
	at org.apache.ratis.thirdparty.io.grpc.internal.ClientCallImpl$ClientStreamListenerImpl$1StreamClosed.runInternal(ClientCallImpl.java:744)
	at org.apache.ratis.thirdparty.io.grpc.internal.ClientCallImpl$ClientStreamListenerImpl$1StreamClosed.runInContext(ClientCallImpl.java:723)
	at org.apache.ratis.thirdparty.io.grpc.internal.ContextRunnable.run(ContextRunnable.java:37)
	at org.apache.ratis.thirdparty.io.grpc.internal.SerializingExecutor.run(SerializingExecutor.java:133)
	at java.util.concurrent.ThreadPoolExecutor.runWorker(ThreadPoolExecutor.java:1149)
	at java.util.concurrent.ThreadPoolExecutor$Worker.run(ThreadPoolExecutor.java:624)
	at java.lang.Thread.run(Thread.java:750)
2023-06-25 20:39:06,187 [grpc-default-executor-2] INFO  server.GrpcLogAppender (GrpcLogAppender.java:onCompleted(428)) - a7b978ac-5579-421c-88f8-8216da815ec4@group-F95E09B247DF->93527257-01c8-41eb-ac3e-49482c20fdee-AppendLogResponseHandler: follower responses appendEntries COMPLETED
2023-06-25 20:39:06,187 [grpc-default-executor-2] WARN  server.GrpcLogAppender (GrpcLogAppender.java:resetClient(137)) - a7b978ac-5579-421c-88f8-8216da815ec4@group-F95E09B247DF->93527257-01c8-41eb-ac3e-49482c20fdee-GrpcLogAppender: Failed to getClient for 93527257-01c8-41eb-ac3e-49482c20fdee
org.apache.ratis.protocol.exceptions.AlreadyClosedException: a7b978ac-5579-421c-88f8-8216da815ec4 is already CLOSED
	at org.apache.ratis.util.PeerProxyMap$PeerAndProxy.getProxy(PeerProxyMap.java:61)
	at org.apache.ratis.util.PeerProxyMap.getProxy(PeerProxyMap.java:115)
	at org.apache.ratis.grpc.server.GrpcLogAppender.getClient(GrpcLogAppender.java:112)
	at org.apache.ratis.grpc.server.GrpcLogAppender.resetClient(GrpcLogAppender.java:117)
	at org.apache.ratis.grpc.server.GrpcLogAppender.access$500(GrpcLogAppender.java:56)
	at org.apache.ratis.grpc.server.GrpcLogAppender$AppendLogResponseHandler.onCompleted(GrpcLogAppender.java:429)
	at org.apache.ratis.thirdparty.io.grpc.stub.ClientCalls$StreamObserverToCallListenerAdapter.onClose(ClientCalls.java:485)
	at org.apache.ratis.thirdparty.io.grpc.internal.ClientCallImpl.closeObserver(ClientCallImpl.java:563)
	at org.apache.ratis.thirdparty.io.grpc.internal.ClientCallImpl.access$300(ClientCallImpl.java:70)
	at org.apache.ratis.thirdparty.io.grpc.internal.ClientCallImpl$ClientStreamListenerImpl$1StreamClosed.runInternal(ClientCallImpl.java:744)
	at org.apache.ratis.thirdparty.io.grpc.internal.ClientCallImpl$ClientStreamListenerImpl$1StreamClosed.runInContext(ClientCallImpl.java:723)
	at org.apache.ratis.thirdparty.io.grpc.internal.ContextRunnable.run(ContextRunnable.java:37)
	at org.apache.ratis.thirdparty.io.grpc.internal.SerializingExecutor.run(SerializingExecutor.java:133)
	at java.util.concurrent.ThreadPoolExecutor.runWorker(ThreadPoolExecutor.java:1149)
	at java.util.concurrent.ThreadPoolExecutor$Worker.run(ThreadPoolExecutor.java:624)
	at java.lang.Thread.run(Thread.java:750)
2023-06-25 20:39:06,181 [Thread-2310] INFO  server.GrpcServerProtocolClient (GrpcServerProtocolClient.java:close(103)) - 97b3bde5-dca1-47ee-b202-78dc9f7ada5a Close channels
2023-06-25 20:39:06,181 [93527257-01c8-41eb-ac3e-49482c20fdee@group-F95E09B247DF-StateMachineUpdater] INFO  ratis.ContainerStateMachine (ContainerStateMachine.java:takeSnapshot(341)) - group-F95E09B247DF: Finished taking a snapshot at:(t:1, i:233) file:/home/runner/work/ozone/ozone/hadoop-ozone/integration-test/target/test-dir/MiniOzoneClusterImpl-3e5e392c-9910-47c9-9966-58048db8f0c6/datanode-0/data/ratis/9fdf0474-fa02-4f63-9935-f95e09b247df/sm/snapshot.1_233 took: 3 ms
2023-06-25 20:39:06,181 [Thread-2308] INFO  server.GrpcServerProtocolClient (GrpcServerProtocolClient.java:close(103)) - a7b978ac-5579-421c-88f8-8216da815ec4 Close channels
2023-06-25 20:39:06,189 [93527257-01c8-41eb-ac3e-49482c20fdee@group-F95E09B247DF-StateMachineUpdater] INFO  impl.StateMachineUpdater (StateMachineUpdater.java:takeSnapshot(291)) - 93527257-01c8-41eb-ac3e-49482c20fdee@group-F95E09B247DF-StateMachineUpdater: Took a snapshot at index 233
2023-06-25 20:39:06,189 [93527257-01c8-41eb-ac3e-49482c20fdee@group-F95E09B247DF-StateMachineUpdater] INFO  impl.StateMachineUpdater (StateMachineUpdater.java:lambda$new$0(97)) - 93527257-01c8-41eb-ac3e-49482c20fdee@group-F95E09B247DF-StateMachineUpdater: snapshotIndex: updateIncreasingly -1 -> 233
2023-06-25 20:39:06,181 [Thread-2303] INFO  server.GrpcServerProtocolClient (GrpcServerProtocolClient.java:close(103)) - 93527257-01c8-41eb-ac3e-49482c20fdee Close channels
2023-06-25 20:39:06,179 [93527257-01c8-41eb-ac3e-49482c20fdee@group-445108C82BA3-StateMachineUpdater] INFO  ratis.ContainerStateMachine (ContainerStateMachine.java:takeSnapshot(330)) - group-445108C82BA3: Taking a snapshot at:(t:1, i:197) file /home/runner/work/ozone/ozone/hadoop-ozone/integration-test/target/test-dir/MiniOzoneClusterImpl-3e5e392c-9910-47c9-9966-58048db8f0c6/datanode-0/data/ratis/0d2a5396-a8b9-44fd-89d0-445108c82ba3/sm/snapshot.1_197
2023-06-25 20:39:06,190 [93527257-01c8-41eb-ac3e-49482c20fdee-impl-thread2] INFO  server.RaftServer$Division (ServerState.java:close(472)) - 93527257-01c8-41eb-ac3e-49482c20fdee@group-F95E09B247DF: closes. applyIndex: 233
2023-06-25 20:39:06,200 [grpc-default-executor-5] INFO  server.GrpcLogAppender (GrpcLogAppender.java:onCompleted(428)) - a7b978ac-5579-421c-88f8-8216da815ec4@group-F95E09B247DF->93527257-01c8-41eb-ac3e-49482c20fdee-AppendLogResponseHandler: follower responses appendEntries COMPLETED
2023-06-25 20:39:06,200 [grpc-default-executor-5] WARN  server.GrpcLogAppender (GrpcLogAppender.java:resetClient(137)) - a7b978ac-5579-421c-88f8-8216da815ec4@group-F95E09B247DF->93527257-01c8-41eb-ac3e-49482c20fdee-GrpcLogAppender: Failed to getClient for 93527257-01c8-41eb-ac3e-49482c20fdee
org.apache.ratis.protocol.exceptions.AlreadyClosedException: a7b978ac-5579-421c-88f8-8216da815ec4 is already CLOSED
	at org.apache.ratis.util.PeerProxyMap$PeerAndProxy.getProxy(PeerProxyMap.java:61)
	at org.apache.ratis.util.PeerProxyMap.getProxy(PeerProxyMap.java:115)
	at org.apache.ratis.grpc.server.GrpcLogAppender.getClient(GrpcLogAppender.java:112)
	at org.apache.ratis.grpc.server.GrpcLogAppender.resetClient(GrpcLogAppender.java:117)
	at org.apache.ratis.grpc.server.GrpcLogAppender.access$500(GrpcLogAppender.java:56)
	at org.apache.ratis.grpc.server.GrpcLogAppender$AppendLogResponseHandler.onCompleted(GrpcLogAppender.java:429)
	at org.apache.ratis.thirdparty.io.grpc.stub.ClientCalls$StreamObserverToCallListenerAdapter.onClose(ClientCalls.java:485)
	at org.apache.ratis.thirdparty.io.grpc.internal.DelayedClientCall$DelayedListener$3.run(DelayedClientCall.java:471)
	at org.apache.ratis.thirdparty.io.grpc.internal.DelayedClientCall$DelayedListener.delayOrExecute(DelayedClientCall.java:435)
	at org.apache.ratis.thirdparty.io.grpc.internal.DelayedClientCall$DelayedListener.onClose(DelayedClientCall.java:468)
	at org.apache.ratis.thirdparty.io.grpc.internal.ClientCallImpl.closeObserver(ClientCallImpl.java:563)
	at org.apache.ratis.thirdparty.io.grpc.internal.ClientCallImpl.access$300(ClientCallImpl.java:70)
	at org.apache.ratis.thirdparty.io.grpc.internal.ClientCallImpl$ClientStreamListenerImpl$1StreamClosed.runInternal(ClientCallImpl.java:744)
	at org.apache.ratis.thirdparty.io.grpc.internal.ClientCallImpl$ClientStreamListenerImpl$1StreamClosed.runInContext(ClientCallImpl.java:723)
	at org.apache.ratis.thirdparty.io.grpc.internal.ContextRunnable.run(ContextRunnable.java:37)
	at org.apache.ratis.thirdparty.io.grpc.internal.SerializingExecutor.run(SerializingExecutor.java:133)
	at java.util.concurrent.ThreadPoolExecutor.runWorker(ThreadPoolExecutor.java:1149)
	at java.util.concurrent.ThreadPoolExecutor$Worker.run(ThreadPoolExecutor.java:624)
	at java.lang.Thread.run(Thread.java:750)
2023-06-25 20:39:06,203 [ForkJoinPool.commonPool-worker-0] INFO  server.GrpcService (GrpcService.java:closeImpl(320)) - 93527257-01c8-41eb-ac3e-49482c20fdee: shutdown server org.apache.ratis.grpc.server.GrpcClientProtocolService successfully
2023-06-25 20:39:06,203 [ForkJoinPool.commonPool-worker-0] INFO  server.GrpcService (GrpcService.java:closeImpl(311)) - 93527257-01c8-41eb-ac3e-49482c20fdee: shutdown server GrpcServerProtocolService now
2023-06-25 20:39:06,203 [main] INFO  server.GrpcService (GrpcService.java:closeImpl(320)) - a7b978ac-5579-421c-88f8-8216da815ec4: shutdown server org.apache.ratis.grpc.server.GrpcClientProtocolService successfully
2023-06-25 20:39:06,203 [main] INFO  server.GrpcService (GrpcService.java:closeImpl(311)) - a7b978ac-5579-421c-88f8-8216da815ec4: shutdown server GrpcServerProtocolService now
2023-06-25 20:39:06,204 [93527257-01c8-41eb-ac3e-49482c20fdee@group-445108C82BA3-StateMachineUpdater] INFO  ratis.ContainerStateMachine (ContainerStateMachine.java:takeSnapshot(341)) - group-445108C82BA3: Finished taking a snapshot at:(t:1, i:197) file:/home/runner/work/ozone/ozone/hadoop-ozone/integration-test/target/test-dir/MiniOzoneClusterImpl-3e5e392c-9910-47c9-9966-58048db8f0c6/datanode-0/data/ratis/0d2a5396-a8b9-44fd-89d0-445108c82ba3/sm/snapshot.1_197 took: 24 ms
2023-06-25 20:39:06,204 [93527257-01c8-41eb-ac3e-49482c20fdee@group-445108C82BA3-StateMachineUpdater] INFO  impl.StateMachineUpdater (StateMachineUpdater.java:takeSnapshot(291)) - 93527257-01c8-41eb-ac3e-49482c20fdee@group-445108C82BA3-StateMachineUpdater: Took a snapshot at index 197
2023-06-25 20:39:06,204 [93527257-01c8-41eb-ac3e-49482c20fdee@group-445108C82BA3-StateMachineUpdater] INFO  impl.StateMachineUpdater (StateMachineUpdater.java:lambda$new$0(97)) - 93527257-01c8-41eb-ac3e-49482c20fdee@group-445108C82BA3-StateMachineUpdater: snapshotIndex: updateIncreasingly -1 -> 197
2023-06-25 20:39:06,206 [grpc-default-executor-3] WARN  server.GrpcServerProtocolService (LogUtils.java:warn(122)) - a7b978ac-5579-421c-88f8-8216da815ec4: APPEND_ENTRIES onError, lastRequest: null: org.apache.ratis.thirdparty.io.grpc.StatusRuntimeException: CANCELLED: client cancelled
2023-06-25 20:39:06,206 [grpc-default-executor-4] WARN  server.GrpcServerProtocolService (LogUtils.java:warn(122)) - a7b978ac-5579-421c-88f8-8216da815ec4: APPEND_ENTRIES onError, lastRequest: 97b3bde5-dca1-47ee-b202-78dc9f7ada5a->a7b978ac-5579-421c-88f8-8216da815ec4#220-t1,previous=(t:1, i:196),leaderCommit=196,initializing? true,entries: size=1, first=(t:1, i:197), METADATAENTRY(c:196): org.apache.ratis.thirdparty.io.grpc.StatusRuntimeException: CANCELLED: client cancelled
2023-06-25 20:39:06,207 [grpc-default-executor-4] WARN  server.GrpcLogAppender (LogUtils.java:warn(122)) - 97b3bde5-dca1-47ee-b202-78dc9f7ada5a@group-445108C82BA3->a7b978ac-5579-421c-88f8-8216da815ec4-AppendLogResponseHandler: Failed appendEntries: org.apache.ratis.thirdparty.io.grpc.StatusRuntimeException: CANCELLED: RST_STREAM closed stream. HTTP/2 error code: CANCEL
2023-06-25 20:39:06,207 [grpc-default-executor-4] INFO  leader.FollowerInfo (FollowerInfoImpl.java:lambda$new$0(52)) - 97b3bde5-dca1-47ee-b202-78dc9f7ada5a@group-445108C82BA3->a7b978ac-5579-421c-88f8-8216da815ec4: decreaseNextIndex nextIndex: updateUnconditionally 198 -> 197
2023-06-25 20:39:06,208 [ForkJoinPool.commonPool-worker-1] INFO  ozoneimpl.OzoneContainer (OzoneContainer.java:stop(441)) - Attempting to stop container services.
2023-06-25 20:39:06,208 [ForkJoinPool.commonPool-worker-1] INFO  server.RaftServer (RaftServerProxy.java:lambda$close$6(416)) - 97b3bde5-dca1-47ee-b202-78dc9f7ada5a: close
2023-06-25 20:39:06,209 [grpc-default-executor-1] WARN  server.GrpcServerProtocolService (LogUtils.java:warn(122)) - 93527257-01c8-41eb-ac3e-49482c20fdee: APPEND_ENTRIES onError, lastRequest: 97b3bde5-dca1-47ee-b202-78dc9f7ada5a->93527257-01c8-41eb-ac3e-49482c20fdee#215-t1,previous=(t:1, i:196),leaderCommit=196,initializing? true,entries: size=1, first=(t:1, i:197), METADATAENTRY(c:196): org.apache.ratis.thirdparty.io.grpc.StatusRuntimeException: CANCELLED: client cancelled
2023-06-25 20:39:06,209 [grpc-default-executor-2] WARN  server.GrpcServerProtocolService (LogUtils.java:warn(122)) - 93527257-01c8-41eb-ac3e-49482c20fdee: APPEND_ENTRIES onError, lastRequest: null: org.apache.ratis.thirdparty.io.grpc.StatusRuntimeException: CANCELLED: client cancelled
2023-06-25 20:39:06,210 [grpc-default-executor-2] WARN  server.GrpcLogAppender (LogUtils.java:warn(122)) - 97b3bde5-dca1-47ee-b202-78dc9f7ada5a@group-445108C82BA3->93527257-01c8-41eb-ac3e-49482c20fdee-AppendLogResponseHandler: Failed appendEntries: org.apache.ratis.thirdparty.io.grpc.StatusRuntimeException: CANCELLED: RST_STREAM closed stream. HTTP/2 error code: CANCEL
2023-06-25 20:39:06,210 [grpc-default-executor-2] INFO  leader.FollowerInfo (FollowerInfoImpl.java:lambda$new$0(52)) - 97b3bde5-dca1-47ee-b202-78dc9f7ada5a@group-445108C82BA3->93527257-01c8-41eb-ac3e-49482c20fdee: decreaseNextIndex nextIndex: updateUnconditionally 198 -> 197
2023-06-25 20:39:06,210 [93527257-01c8-41eb-ac3e-49482c20fdee-impl-thread1] INFO  server.RaftServer$Division (ServerState.java:close(472)) - 93527257-01c8-41eb-ac3e-49482c20fdee@group-445108C82BA3: closes. applyIndex: 197
2023-06-25 20:39:06,212 [a7b978ac-5579-421c-88f8-8216da815ec4-impl-thread3] INFO  segmented.SegmentedRaftLogWorker (SegmentedRaftLogWorker.java:close(252)) - a7b978ac-5579-421c-88f8-8216da815ec4@group-F95E09B247DF-SegmentedRaftLogWorker close()
2023-06-25 20:39:06,212 [97b3bde5-dca1-47ee-b202-78dc9f7ada5a-impl-thread1] INFO  server.RaftServer$Division (RaftServerImpl.java:lambda$close$4(466)) - 97b3bde5-dca1-47ee-b202-78dc9f7ada5a@group-445108C82BA3: shutdown
2023-06-25 20:39:06,212 [97b3bde5-dca1-47ee-b202-78dc9f7ada5a-impl-thread1] INFO  util.JmxRegister (JmxRegister.java:unregister(73)) - Successfully un-registered JMX Bean with object name Ratis:service=RaftServer,group=group-445108C82BA3,id=97b3bde5-dca1-47ee-b202-78dc9f7ada5a
2023-06-25 20:39:06,212 [97b3bde5-dca1-47ee-b202-78dc9f7ada5a-impl-thread1] INFO  impl.RoleInfo (RoleInfo.java:shutdownLeaderState(93)) - 97b3bde5-dca1-47ee-b202-78dc9f7ada5a: shutdown 97b3bde5-dca1-47ee-b202-78dc9f7ada5a@group-445108C82BA3-LeaderStateImpl
2023-06-25 20:39:06,214 [97b3bde5-dca1-47ee-b202-78dc9f7ada5a-impl-thread2] INFO  server.RaftServer$Division (RaftServerImpl.java:lambda$close$4(466)) - 97b3bde5-dca1-47ee-b202-78dc9f7ada5a@group-F95E09B247DF: shutdown
2023-06-25 20:39:06,215 [97b3bde5-dca1-47ee-b202-78dc9f7ada5a-impl-thread2] INFO  util.JmxRegister (JmxRegister.java:unregister(73)) - Successfully un-registered JMX Bean with object name Ratis:service=RaftServer,group=group-F95E09B247DF,id=97b3bde5-dca1-47ee-b202-78dc9f7ada5a
2023-06-25 20:39:06,215 [97b3bde5-dca1-47ee-b202-78dc9f7ada5a-impl-thread2] INFO  impl.RoleInfo (RoleInfo.java:shutdownFollowerState(110)) - 97b3bde5-dca1-47ee-b202-78dc9f7ada5a: shutdown 97b3bde5-dca1-47ee-b202-78dc9f7ada5a@group-F95E09B247DF-FollowerState
2023-06-25 20:39:06,215 [ForkJoinPool.commonPool-worker-1] INFO  server.GrpcService (GrpcService.java:closeImpl(311)) - 97b3bde5-dca1-47ee-b202-78dc9f7ada5a: shutdown server org.apache.ratis.grpc.server.GrpcClientProtocolService now
2023-06-25 20:39:06,218 [grpc-default-executor-3] INFO  server.GrpcLogAppender (GrpcLogAppender.java:onError(417)) - 97b3bde5-dca1-47ee-b202-78dc9f7ada5a@group-445108C82BA3->a7b978ac-5579-421c-88f8-8216da815ec4-GrpcLogAppender is already stopped
2023-06-25 20:39:06,218 [97b3bde5-dca1-47ee-b202-78dc9f7ada5a-impl-thread3] INFO  server.RaftServer$Division (RaftServerImpl.java:lambda$close$4(466)) - 97b3bde5-dca1-47ee-b202-78dc9f7ada5a@group-6AF3B09D4338: shutdown
2023-06-25 20:39:06,218 [97b3bde5-dca1-47ee-b202-78dc9f7ada5a-impl-thread3] INFO  util.JmxRegister (JmxRegister.java:unregister(73)) - Successfully un-registered JMX Bean with object name Ratis:service=RaftServer,group=group-6AF3B09D4338,id=97b3bde5-dca1-47ee-b202-78dc9f7ada5a
2023-06-25 20:39:06,218 [grpc-default-executor-5] WARN  server.GrpcLogAppender (LogUtils.java:warn(122)) - 97b3bde5-dca1-47ee-b202-78dc9f7ada5a@group-445108C82BA3->93527257-01c8-41eb-ac3e-49482c20fdee-AppendLogResponseHandler: Failed appendEntries: org.apache.ratis.thirdparty.io.grpc.StatusRuntimeException: CANCELLED: RST_STREAM closed stream. HTTP/2 error code: CANCEL
2023-06-25 20:39:06,219 [grpc-default-executor-5] INFO  leader.FollowerInfo (FollowerInfoImpl.java:lambda$new$0(52)) - 97b3bde5-dca1-47ee-b202-78dc9f7ada5a@group-445108C82BA3->93527257-01c8-41eb-ac3e-49482c20fdee: decreaseNextIndex nextIndex: updateUnconditionally 197 -> 196
2023-06-25 20:39:06,220 [97b3bde5-dca1-47ee-b202-78dc9f7ada5a@group-445108C82BA3->a7b978ac-5579-421c-88f8-8216da815ec4-GrpcLogAppender-LogAppenderDaemon] WARN  server.GrpcLogAppender (GrpcLogAppender.java:mayWait(199)) - 97b3bde5-dca1-47ee-b202-78dc9f7ada5a@group-445108C82BA3->a7b978ac-5579-421c-88f8-8216da815ec4-GrpcLogAppender: Wait interrupted by java.lang.InterruptedException
2023-06-25 20:39:06,220 [97b3bde5-dca1-47ee-b202-78dc9f7ada5a@group-445108C82BA3->93527257-01c8-41eb-ac3e-49482c20fdee-GrpcLogAppender-LogAppenderDaemon] WARN  server.GrpcLogAppender (GrpcLogAppender.java:mayWait(199)) - 97b3bde5-dca1-47ee-b202-78dc9f7ada5a@group-445108C82BA3->93527257-01c8-41eb-ac3e-49482c20fdee-GrpcLogAppender: Wait interrupted by java.lang.InterruptedException
2023-06-25 20:39:06,219 [97b3bde5-dca1-47ee-b202-78dc9f7ada5a@group-F95E09B247DF-StateMachineUpdater] INFO  ratis.ContainerStateMachine (ContainerStateMachine.java:takeSnapshot(330)) - group-F95E09B247DF: Taking a snapshot at:(t:1, i:233) file /home/runner/work/ozone/ozone/hadoop-ozone/integration-test/target/test-dir/MiniOzoneClusterImpl-3e5e392c-9910-47c9-9966-58048db8f0c6/datanode-2/data/ratis/9fdf0474-fa02-4f63-9935-f95e09b247df/sm/snapshot.1_233
2023-06-25 20:39:06,219 [97b3bde5-dca1-47ee-b202-78dc9f7ada5a@group-F95E09B247DF-FollowerState] INFO  impl.FollowerState (FollowerState.java:run(152)) - 97b3bde5-dca1-47ee-b202-78dc9f7ada5a@group-F95E09B247DF-FollowerState was interrupted
2023-06-25 20:39:06,219 [97b3bde5-dca1-47ee-b202-78dc9f7ada5a-impl-thread2] INFO  impl.StateMachineUpdater (StateMachineUpdater.java:stopAndJoin(155)) - 97b3bde5-dca1-47ee-b202-78dc9f7ada5a@group-F95E09B247DF-StateMachineUpdater: set stopIndex = 233
2023-06-25 20:39:06,218 [ForkJoinPool.commonPool-worker-0] INFO  server.GrpcService (GrpcService.java:closeImpl(320)) - 93527257-01c8-41eb-ac3e-49482c20fdee: shutdown server GrpcServerProtocolService successfully
2023-06-25 20:39:06,218 [main] INFO  server.GrpcService (GrpcService.java:closeImpl(320)) - a7b978ac-5579-421c-88f8-8216da815ec4: shutdown server GrpcServerProtocolService successfully
2023-06-25 20:39:06,226 [main] INFO  server.GrpcService (GrpcService.java:closeImpl(311)) - a7b978ac-5579-421c-88f8-8216da815ec4: shutdown server org.apache.ratis.grpc.server.GrpcAdminProtocolService now
2023-06-25 20:39:06,226 [ForkJoinPool.commonPool-worker-0] INFO  server.GrpcService (GrpcService.java:closeImpl(311)) - 93527257-01c8-41eb-ac3e-49482c20fdee: shutdown server org.apache.ratis.grpc.server.GrpcAdminProtocolService now
2023-06-25 20:39:06,226 [97b3bde5-dca1-47ee-b202-78dc9f7ada5a@group-F95E09B247DF-StateMachineUpdater] INFO  ratis.ContainerStateMachine (ContainerStateMachine.java:takeSnapshot(341)) - group-F95E09B247DF: Finished taking a snapshot at:(t:1, i:233) file:/home/runner/work/ozone/ozone/hadoop-ozone/integration-test/target/test-dir/MiniOzoneClusterImpl-3e5e392c-9910-47c9-9966-58048db8f0c6/datanode-2/data/ratis/9fdf0474-fa02-4f63-9935-f95e09b247df/sm/snapshot.1_233 took: 7 ms
2023-06-25 20:39:06,226 [97b3bde5-dca1-47ee-b202-78dc9f7ada5a@group-F95E09B247DF-StateMachineUpdater] INFO  impl.StateMachineUpdater (StateMachineUpdater.java:takeSnapshot(291)) - 97b3bde5-dca1-47ee-b202-78dc9f7ada5a@group-F95E09B247DF-StateMachineUpdater: Took a snapshot at index 233
2023-06-25 20:39:06,227 [97b3bde5-dca1-47ee-b202-78dc9f7ada5a@group-F95E09B247DF-StateMachineUpdater] INFO  impl.StateMachineUpdater (StateMachineUpdater.java:lambda$new$0(97)) - 97b3bde5-dca1-47ee-b202-78dc9f7ada5a@group-F95E09B247DF-StateMachineUpdater: snapshotIndex: updateIncreasingly -1 -> 233
2023-06-25 20:39:06,227 [97b3bde5-dca1-47ee-b202-78dc9f7ada5a-impl-thread2] INFO  server.RaftServer$Division (ServerState.java:close(472)) - 97b3bde5-dca1-47ee-b202-78dc9f7ada5a@group-F95E09B247DF: closes. applyIndex: 233
2023-06-25 20:39:06,221 [Thread-2320] INFO  server.GrpcServerProtocolClient (GrpcServerProtocolClient.java:close(103)) - 93527257-01c8-41eb-ac3e-49482c20fdee Close channels
2023-06-25 20:39:06,227 [93527257-01c8-41eb-ac3e-49482c20fdee-impl-thread2] INFO  segmented.SegmentedRaftLogWorker (SegmentedRaftLogWorker.java:close(252)) - 93527257-01c8-41eb-ac3e-49482c20fdee@group-F95E09B247DF-SegmentedRaftLogWorker close()
2023-06-25 20:39:06,221 [97b3bde5-dca1-47ee-b202-78dc9f7ada5a-impl-thread3] INFO  impl.RoleInfo (RoleInfo.java:shutdownLeaderState(93)) - 97b3bde5-dca1-47ee-b202-78dc9f7ada5a: shutdown 97b3bde5-dca1-47ee-b202-78dc9f7ada5a@group-6AF3B09D4338-LeaderStateImpl
2023-06-25 20:39:06,221 [Thread-2319] INFO  server.GrpcServerProtocolClient (GrpcServerProtocolClient.java:close(103)) - a7b978ac-5579-421c-88f8-8216da815ec4 Close channels
2023-06-25 20:39:06,231 [97b3bde5-dca1-47ee-b202-78dc9f7ada5a-impl-thread3] INFO  impl.PendingRequests (PendingRequests.java:sendNotLeaderResponses(289)) - 97b3bde5-dca1-47ee-b202-78dc9f7ada5a@group-6AF3B09D4338-PendingRequests: sendNotLeaderResponses
2023-06-25 20:39:06,220 [97b3bde5-dca1-47ee-b202-78dc9f7ada5a-impl-thread1] INFO  impl.PendingRequests (PendingRequests.java:sendNotLeaderResponses(289)) - 97b3bde5-dca1-47ee-b202-78dc9f7ada5a@group-445108C82BA3-PendingRequests: sendNotLeaderResponses
2023-06-25 20:39:06,231 [ForkJoinPool.commonPool-worker-1] INFO  server.GrpcService (GrpcService.java:closeImpl(320)) - 97b3bde5-dca1-47ee-b202-78dc9f7ada5a: shutdown server org.apache.ratis.grpc.server.GrpcClientProtocolService successfully
2023-06-25 20:39:06,232 [ForkJoinPool.commonPool-worker-1] INFO  server.GrpcService (GrpcService.java:closeImpl(311)) - 97b3bde5-dca1-47ee-b202-78dc9f7ada5a: shutdown server GrpcServerProtocolService now
2023-06-25 20:39:06,232 [97b3bde5-dca1-47ee-b202-78dc9f7ada5a-impl-thread3] INFO  impl.StateMachineUpdater (StateMachineUpdater.java:stopAndJoin(155)) - 97b3bde5-dca1-47ee-b202-78dc9f7ada5a@group-6AF3B09D4338-StateMachineUpdater: set stopIndex = 0
2023-06-25 20:39:06,232 [97b3bde5-dca1-47ee-b202-78dc9f7ada5a@group-6AF3B09D4338-StateMachineUpdater] INFO  ratis.ContainerStateMachine (ContainerStateMachine.java:takeSnapshot(330)) - group-6AF3B09D4338: Taking a snapshot at:(t:1, i:0) file /home/runner/work/ozone/ozone/hadoop-ozone/integration-test/target/test-dir/MiniOzoneClusterImpl-3e5e392c-9910-47c9-9966-58048db8f0c6/datanode-2/data/ratis/c28446ab-fa3f-4323-ba6a-6af3b09d4338/sm/snapshot.1_0
2023-06-25 20:39:06,233 [97b3bde5-dca1-47ee-b202-78dc9f7ada5a@group-6AF3B09D4338-StateMachineUpdater] INFO  ratis.ContainerStateMachine (ContainerStateMachine.java:takeSnapshot(341)) - group-6AF3B09D4338: Finished taking a snapshot at:(t:1, i:0) file:/home/runner/work/ozone/ozone/hadoop-ozone/integration-test/target/test-dir/MiniOzoneClusterImpl-3e5e392c-9910-47c9-9966-58048db8f0c6/datanode-2/data/ratis/c28446ab-fa3f-4323-ba6a-6af3b09d4338/sm/snapshot.1_0 took: 0 ms
2023-06-25 20:39:06,233 [97b3bde5-dca1-47ee-b202-78dc9f7ada5a@group-6AF3B09D4338-StateMachineUpdater] INFO  impl.StateMachineUpdater (StateMachineUpdater.java:takeSnapshot(291)) - 97b3bde5-dca1-47ee-b202-78dc9f7ada5a@group-6AF3B09D4338-StateMachineUpdater: Took a snapshot at index 0
2023-06-25 20:39:06,233 [97b3bde5-dca1-47ee-b202-78dc9f7ada5a@group-6AF3B09D4338-StateMachineUpdater] INFO  impl.StateMachineUpdater (StateMachineUpdater.java:lambda$new$0(97)) - 97b3bde5-dca1-47ee-b202-78dc9f7ada5a@group-6AF3B09D4338-StateMachineUpdater: snapshotIndex: updateIncreasingly -1 -> 0
2023-06-25 20:39:06,233 [97b3bde5-dca1-47ee-b202-78dc9f7ada5a-impl-thread3] INFO  server.RaftServer$Division (ServerState.java:close(472)) - 97b3bde5-dca1-47ee-b202-78dc9f7ada5a@group-6AF3B09D4338: closes. applyIndex: 0
2023-06-25 20:39:06,234 [ForkJoinPool.commonPool-worker-0] INFO  server.GrpcService (GrpcService.java:closeImpl(320)) - 93527257-01c8-41eb-ac3e-49482c20fdee: shutdown server org.apache.ratis.grpc.server.GrpcAdminProtocolService successfully
2023-06-25 20:39:06,234 [93527257-01c8-41eb-ac3e-49482c20fdee-NettyServerStreamRpc-bossGroup--thread1] INFO  logging.LoggingHandler (AbstractInternalLogger.java:log(148)) - [id: 0x311742bd, L:/0:0:0:0:0:0:0:0:15085] CLOSE
2023-06-25 20:39:06,234 [93527257-01c8-41eb-ac3e-49482c20fdee-NettyServerStreamRpc-bossGroup--thread1] INFO  logging.LoggingHandler (AbstractInternalLogger.java:log(148)) - [id: 0x311742bd, L:/0:0:0:0:0:0:0:0:15085] INACTIVE
2023-06-25 20:39:06,234 [93527257-01c8-41eb-ac3e-49482c20fdee-NettyServerStreamRpc-bossGroup--thread1] INFO  logging.LoggingHandler (AbstractInternalLogger.java:log(148)) - [id: 0x311742bd, L:/0:0:0:0:0:0:0:0:15085] UNREGISTERED
2023-06-25 20:39:06,238 [97b3bde5-dca1-47ee-b202-78dc9f7ada5a-impl-thread1] INFO  impl.StateMachineUpdater (StateMachineUpdater.java:stopAndJoin(155)) - 97b3bde5-dca1-47ee-b202-78dc9f7ada5a@group-445108C82BA3-StateMachineUpdater: set stopIndex = 197
2023-06-25 20:39:06,238 [97b3bde5-dca1-47ee-b202-78dc9f7ada5a@group-445108C82BA3-StateMachineUpdater] INFO  ratis.ContainerStateMachine (ContainerStateMachine.java:takeSnapshot(330)) - group-445108C82BA3: Taking a snapshot at:(t:1, i:197) file /home/runner/work/ozone/ozone/hadoop-ozone/integration-test/target/test-dir/MiniOzoneClusterImpl-3e5e392c-9910-47c9-9966-58048db8f0c6/datanode-2/data/ratis/0d2a5396-a8b9-44fd-89d0-445108c82ba3/sm/snapshot.1_197
2023-06-25 20:39:06,239 [97b3bde5-dca1-47ee-b202-78dc9f7ada5a-impl-thread2] INFO  segmented.SegmentedRaftLogWorker (SegmentedRaftLogWorker.java:close(252)) - 97b3bde5-dca1-47ee-b202-78dc9f7ada5a@group-F95E09B247DF-SegmentedRaftLogWorker close()
2023-06-25 20:39:06,239 [main] INFO  server.GrpcService (GrpcService.java:closeImpl(320)) - a7b978ac-5579-421c-88f8-8216da815ec4: shutdown server org.apache.ratis.grpc.server.GrpcAdminProtocolService successfully
2023-06-25 20:39:06,240 [97b3bde5-dca1-47ee-b202-78dc9f7ada5a@group-445108C82BA3-StateMachineUpdater] INFO  ratis.ContainerStateMachine (ContainerStateMachine.java:takeSnapshot(341)) - group-445108C82BA3: Finished taking a snapshot at:(t:1, i:197) file:/home/runner/work/ozone/ozone/hadoop-ozone/integration-test/target/test-dir/MiniOzoneClusterImpl-3e5e392c-9910-47c9-9966-58048db8f0c6/datanode-2/data/ratis/0d2a5396-a8b9-44fd-89d0-445108c82ba3/sm/snapshot.1_197 took: 2 ms
2023-06-25 20:39:06,240 [97b3bde5-dca1-47ee-b202-78dc9f7ada5a@group-445108C82BA3-StateMachineUpdater] INFO  impl.StateMachineUpdater (StateMachineUpdater.java:takeSnapshot(291)) - 97b3bde5-dca1-47ee-b202-78dc9f7ada5a@group-445108C82BA3-StateMachineUpdater: Took a snapshot at index 197
2023-06-25 20:39:06,241 [97b3bde5-dca1-47ee-b202-78dc9f7ada5a@group-445108C82BA3-StateMachineUpdater] INFO  impl.StateMachineUpdater (StateMachineUpdater.java:lambda$new$0(97)) - 97b3bde5-dca1-47ee-b202-78dc9f7ada5a@group-445108C82BA3-StateMachineUpdater: snapshotIndex: updateIncreasingly -1 -> 197
2023-06-25 20:39:06,243 [97b3bde5-dca1-47ee-b202-78dc9f7ada5a-impl-thread1] INFO  server.RaftServer$Division (ServerState.java:close(472)) - 97b3bde5-dca1-47ee-b202-78dc9f7ada5a@group-445108C82BA3: closes. applyIndex: 197
2023-06-25 20:39:06,253 [ForkJoinPool.commonPool-worker-1] INFO  server.GrpcService (GrpcService.java:closeImpl(320)) - 97b3bde5-dca1-47ee-b202-78dc9f7ada5a: shutdown server GrpcServerProtocolService successfully
2023-06-25 20:39:06,253 [ForkJoinPool.commonPool-worker-1] INFO  server.GrpcService (GrpcService.java:closeImpl(311)) - 97b3bde5-dca1-47ee-b202-78dc9f7ada5a: shutdown server org.apache.ratis.grpc.server.GrpcAdminProtocolService now
2023-06-25 20:39:06,257 [a7b978ac-5579-421c-88f8-8216da815ec4-NettyServerStreamRpc-bossGroup--thread1] INFO  logging.LoggingHandler (AbstractInternalLogger.java:log(148)) - [id: 0xe95cb23b, L:/0:0:0:0:0:0:0:0:15094] CLOSE
2023-06-25 20:39:06,257 [a7b978ac-5579-421c-88f8-8216da815ec4-NettyServerStreamRpc-bossGroup--thread1] INFO  logging.LoggingHandler (AbstractInternalLogger.java:log(148)) - [id: 0xe95cb23b, L:/0:0:0:0:0:0:0:0:15094] INACTIVE
2023-06-25 20:39:06,257 [a7b978ac-5579-421c-88f8-8216da815ec4-NettyServerStreamRpc-bossGroup--thread1] INFO  logging.LoggingHandler (AbstractInternalLogger.java:log(148)) - [id: 0xe95cb23b, L:/0:0:0:0:0:0:0:0:15094] UNREGISTERED
2023-06-25 20:39:06,310 [ForkJoinPool.commonPool-worker-1] INFO  server.GrpcService (GrpcService.java:closeImpl(320)) - 97b3bde5-dca1-47ee-b202-78dc9f7ada5a: shutdown server org.apache.ratis.grpc.server.GrpcAdminProtocolService successfully
2023-06-25 20:39:06,310 [97b3bde5-dca1-47ee-b202-78dc9f7ada5a-NettyServerStreamRpc-bossGroup--thread1] INFO  logging.LoggingHandler (AbstractInternalLogger.java:log(148)) - [id: 0x5d3a2369, L:/0:0:0:0:0:0:0:0:15103] CLOSE
2023-06-25 20:39:06,311 [97b3bde5-dca1-47ee-b202-78dc9f7ada5a-NettyServerStreamRpc-bossGroup--thread1] INFO  logging.LoggingHandler (AbstractInternalLogger.java:log(148)) - [id: 0x5d3a2369, L:/0:0:0:0:0:0:0:0:15103] INACTIVE
2023-06-25 20:39:06,311 [97b3bde5-dca1-47ee-b202-78dc9f7ada5a-NettyServerStreamRpc-bossGroup--thread1] INFO  logging.LoggingHandler (AbstractInternalLogger.java:log(148)) - [id: 0x5d3a2369, L:/0:0:0:0:0:0:0:0:15103] UNREGISTERED
2023-06-25 20:39:06,620 [a7b978ac-5579-421c-88f8-8216da815ec4-impl-thread2] INFO  segmented.SegmentedRaftLogWorker (SegmentedRaftLogWorker.java:close(252)) - a7b978ac-5579-421c-88f8-8216da815ec4@group-C3659E131FC0-SegmentedRaftLogWorker close()
2023-06-25 20:39:06,857 [97b3bde5-dca1-47ee-b202-78dc9f7ada5a-impl-thread3] INFO  segmented.SegmentedRaftLogWorker (SegmentedRaftLogWorker.java:close(252)) - 97b3bde5-dca1-47ee-b202-78dc9f7ada5a@group-6AF3B09D4338-SegmentedRaftLogWorker close()
2023-06-25 20:39:07,029 [97b3bde5-dca1-47ee-b202-78dc9f7ada5a-impl-thread1] INFO  segmented.SegmentedRaftLogWorker (SegmentedRaftLogWorker.java:close(252)) - 97b3bde5-dca1-47ee-b202-78dc9f7ada5a@group-445108C82BA3-SegmentedRaftLogWorker close()
2023-06-25 20:39:07,030 [JvmPauseMonitor14] INFO  util.JvmPauseMonitor (JvmPauseMonitor.java:run(109)) - JvmPauseMonitor-97b3bde5-dca1-47ee-b202-78dc9f7ada5a: Stopped
2023-06-25 20:39:07,046 [a7b978ac-5579-421c-88f8-8216da815ec4-impl-thread1] INFO  segmented.SegmentedRaftLogWorker (SegmentedRaftLogWorker.java:close(252)) - a7b978ac-5579-421c-88f8-8216da815ec4@group-445108C82BA3-SegmentedRaftLogWorker close()
2023-06-25 20:39:07,046 [93527257-01c8-41eb-ac3e-49482c20fdee-impl-thread1] INFO  segmented.SegmentedRaftLogWorker (SegmentedRaftLogWorker.java:close(252)) - 93527257-01c8-41eb-ac3e-49482c20fdee@group-445108C82BA3-SegmentedRaftLogWorker close()
2023-06-25 20:39:07,046 [JvmPauseMonitor13] INFO  util.JvmPauseMonitor (JvmPauseMonitor.java:run(109)) - JvmPauseMonitor-a7b978ac-5579-421c-88f8-8216da815ec4: Stopped
2023-06-25 20:39:07,154 [93527257-01c8-41eb-ac3e-49482c20fdee-impl-thread3] INFO  segmented.SegmentedRaftLogWorker (SegmentedRaftLogWorker.java:close(252)) - 93527257-01c8-41eb-ac3e-49482c20fdee@group-D7D20A72DA63-SegmentedRaftLogWorker close()
2023-06-25 20:39:07,155 [JvmPauseMonitor12] INFO  util.JvmPauseMonitor (JvmPauseMonitor.java:run(109)) - JvmPauseMonitor-93527257-01c8-41eb-ac3e-49482c20fdee: Stopped
2023-06-25 20:39:09,035 [ForkJoinPool.commonPool-worker-1] INFO  utils.DatanodeStoreCache (DatanodeStoreCache.java:shutdownCache(110)) - Skip clearing cache in mini cluster mode. Entries left: [/home/runner/work/ozone/ozone/hadoop-ozone/integration-test/target/test-dir/MiniOzoneClusterImpl-3e5e392c-9910-47c9-9966-58048db8f0c6/datanode-0/data-0/containers/hdds/3e5e392c-9910-47c9-9966-58048db8f0c6/DS-196d7fb4-75e3-47e9-b736-3b5961cf1153/container.db, /home/runner/work/ozone/ozone/hadoop-ozone/integration-test/target/test-dir/MiniOzoneClusterImpl-3e5e392c-9910-47c9-9966-58048db8f0c6/datanode-1/data-0/containers/hdds/3e5e392c-9910-47c9-9966-58048db8f0c6/DS-64a93e8f-8805-4378-b728-815cb5c286a6/container.db, /home/runner/work/ozone/ozone/hadoop-ozone/integration-test/target/test-dir/MiniOzoneClusterImpl-3e5e392c-9910-47c9-9966-58048db8f0c6/datanode-2/data-0/containers/hdds/3e5e392c-9910-47c9-9966-58048db8f0c6/DS-1ef4656e-a722-456f-a79f-e4bb4bc4aec8/container.db]
2023-06-25 20:39:09,040 [ForkJoinPool.commonPool-worker-1] INFO  utils.DatanodeStoreCache (DatanodeStoreCache.java:removeDB(104)) - Removed db /home/runner/work/ozone/ozone/hadoop-ozone/integration-test/target/test-dir/MiniOzoneClusterImpl-3e5e392c-9910-47c9-9966-58048db8f0c6/datanode-2/data-0/containers/hdds/3e5e392c-9910-47c9-9966-58048db8f0c6/DS-1ef4656e-a722-456f-a79f-e4bb4bc4aec8/container.db from cache
2023-06-25 20:39:09,040 [ForkJoinPool.commonPool-worker-1] INFO  volume.HddsVolume (HddsVolume.java:closeDbStore(437)) - SchemaV3 db is stopped at /home/runner/work/ozone/ozone/hadoop-ozone/integration-test/target/test-dir/MiniOzoneClusterImpl-3e5e392c-9910-47c9-9966-58048db8f0c6/datanode-2/data-0/containers/hdds/3e5e392c-9910-47c9-9966-58048db8f0c6/DS-1ef4656e-a722-456f-a79f-e4bb4bc4aec8/container.db for volume DS-1ef4656e-a722-456f-a79f-e4bb4bc4aec8
2023-06-25 20:39:09,041 [ForkJoinPool.commonPool-worker-1] INFO  utils.BackgroundService (BackgroundService.java:shutdown(141)) - Shutting down service BlockDeletingService
2023-06-25 20:39:09,041 [ForkJoinPool.commonPool-worker-1] INFO  utils.BackgroundService (BackgroundService.java:shutdown(141)) - Shutting down service StaleRecoveringContainerScrubbingService
2023-06-25 20:39:09,044 [ForkJoinPool.commonPool-worker-1] INFO  statemachine.DatanodeStateMachine (DatanodeStateMachine.java:stopDaemon(613)) - Ozone container server stopped.
2023-06-25 20:39:09,051 [main] INFO  utils.DatanodeStoreCache (DatanodeStoreCache.java:shutdownCache(110)) - Skip clearing cache in mini cluster mode. Entries left: [/home/runner/work/ozone/ozone/hadoop-ozone/integration-test/target/test-dir/MiniOzoneClusterImpl-3e5e392c-9910-47c9-9966-58048db8f0c6/datanode-0/data-0/containers/hdds/3e5e392c-9910-47c9-9966-58048db8f0c6/DS-196d7fb4-75e3-47e9-b736-3b5961cf1153/container.db, /home/runner/work/ozone/ozone/hadoop-ozone/integration-test/target/test-dir/MiniOzoneClusterImpl-3e5e392c-9910-47c9-9966-58048db8f0c6/datanode-1/data-0/containers/hdds/3e5e392c-9910-47c9-9966-58048db8f0c6/DS-64a93e8f-8805-4378-b728-815cb5c286a6/container.db]
2023-06-25 20:39:09,053 [main] INFO  utils.DatanodeStoreCache (DatanodeStoreCache.java:removeDB(104)) - Removed db /home/runner/work/ozone/ozone/hadoop-ozone/integration-test/target/test-dir/MiniOzoneClusterImpl-3e5e392c-9910-47c9-9966-58048db8f0c6/datanode-1/data-0/containers/hdds/3e5e392c-9910-47c9-9966-58048db8f0c6/DS-64a93e8f-8805-4378-b728-815cb5c286a6/container.db from cache
2023-06-25 20:39:09,053 [main] INFO  volume.HddsVolume (HddsVolume.java:closeDbStore(437)) - SchemaV3 db is stopped at /home/runner/work/ozone/ozone/hadoop-ozone/integration-test/target/test-dir/MiniOzoneClusterImpl-3e5e392c-9910-47c9-9966-58048db8f0c6/datanode-1/data-0/containers/hdds/3e5e392c-9910-47c9-9966-58048db8f0c6/DS-64a93e8f-8805-4378-b728-815cb5c286a6/container.db for volume DS-64a93e8f-8805-4378-b728-815cb5c286a6
2023-06-25 20:39:09,053 [main] INFO  utils.BackgroundService (BackgroundService.java:shutdown(141)) - Shutting down service BlockDeletingService
2023-06-25 20:39:09,053 [main] INFO  utils.BackgroundService (BackgroundService.java:shutdown(141)) - Shutting down service StaleRecoveringContainerScrubbingService
2023-06-25 20:39:09,054 [main] INFO  statemachine.DatanodeStateMachine (DatanodeStateMachine.java:stopDaemon(613)) - Ozone container server stopped.
2023-06-25 20:39:09,062 [ForkJoinPool.commonPool-worker-1] INFO  handler.ContextHandler (ContextHandler.java:doStop(1159)) - Stopped o.e.j.w.WebAppContext@50c8b73{hddsDatanode,/,null,STOPPED}{jar:file:/home/runner/.m2/repository/org/apache/ozone/hdds-container-service/1.4.0-SNAPSHOT/hdds-container-service-1.4.0-SNAPSHOT.jar!/webapps/hddsDatanode}
2023-06-25 20:39:09,063 [ForkJoinPool.commonPool-worker-1] INFO  server.AbstractConnector (AbstractConnector.java:doStop(383)) - Stopped ServerConnector@2b84a85b{HTTP/1.1, (http/1.1)}{0.0.0.0:15097}
2023-06-25 20:39:09,063 [ForkJoinPool.commonPool-worker-1] INFO  server.session (HouseKeeper.java:stopScavenging(149)) - node0 Stopped scavenging
2023-06-25 20:39:09,068 [ForkJoinPool.commonPool-worker-1] INFO  handler.ContextHandler (ContextHandler.java:doStop(1159)) - Stopped o.e.j.s.ServletContextHandler@5e4c6dd5{static,/static,jar:file:/home/runner/.m2/repository/org/apache/ozone/hdds-container-service/1.4.0-SNAPSHOT/hdds-container-service-1.4.0-SNAPSHOT.jar!/webapps/static,STOPPED}
2023-06-25 20:39:09,068 [ForkJoinPool.commonPool-worker-1] INFO  handler.ContextHandler (ContextHandler.java:doStop(1159)) - Stopped o.e.j.s.ServletContextHandler@10ec01c0{logs,/logs,file:///home/runner/work/ozone/ozone/hadoop-ozone/integration-test/target/log,STOPPED}
2023-06-25 20:39:09,071 [ForkJoinPool.commonPool-worker-1] INFO  ozone.HddsDatanodeClientProtocolServer (HddsDatanodeClientProtocolServer.java:stop(78)) - Stopping the RPC server for Client Protocol
2023-06-25 20:39:09,071 [ForkJoinPool.commonPool-worker-1] INFO  ipc.Server (Server.java:stop(3501)) - Stopping server on 15098
2023-06-25 20:39:09,073 [IPC Server listener on 15098] INFO  ipc.Server (Server.java:run(1430)) - Stopping IPC Server listener on 15098
2023-06-25 20:39:09,073 [IPC Server Responder] INFO  ipc.Server (Server.java:run(1563)) - Stopping IPC Server Responder
2023-06-25 20:39:09,079 [main] INFO  handler.ContextHandler (ContextHandler.java:doStop(1159)) - Stopped o.e.j.w.WebAppContext@1ff45f6f{hddsDatanode,/,null,STOPPED}{jar:file:/home/runner/.m2/repository/org/apache/ozone/hdds-container-service/1.4.0-SNAPSHOT/hdds-container-service-1.4.0-SNAPSHOT.jar!/webapps/hddsDatanode}
2023-06-25 20:39:09,080 [main] INFO  server.AbstractConnector (AbstractConnector.java:doStop(383)) - Stopped ServerConnector@ce0666a{HTTP/1.1, (http/1.1)}{0.0.0.0:15088}
2023-06-25 20:39:09,080 [main] INFO  server.session (HouseKeeper.java:stopScavenging(149)) - node0 Stopped scavenging
2023-06-25 20:39:09,081 [main] INFO  handler.ContextHandler (ContextHandler.java:doStop(1159)) - Stopped o.e.j.s.ServletContextHandler@54c784fd{static,/static,jar:file:/home/runner/.m2/repository/org/apache/ozone/hdds-container-service/1.4.0-SNAPSHOT/hdds-container-service-1.4.0-SNAPSHOT.jar!/webapps/static,STOPPED}
2023-06-25 20:39:09,081 [main] INFO  handler.ContextHandler (ContextHandler.java:doStop(1159)) - Stopped o.e.j.s.ServletContextHandler@2e934025{logs,/logs,file:///home/runner/work/ozone/ozone/hadoop-ozone/integration-test/target/log,STOPPED}
2023-06-25 20:39:09,082 [main] INFO  ozone.HddsDatanodeClientProtocolServer (HddsDatanodeClientProtocolServer.java:stop(78)) - Stopping the RPC server for Client Protocol
2023-06-25 20:39:09,082 [main] INFO  ipc.Server (Server.java:stop(3501)) - Stopping server on 15089
2023-06-25 20:39:09,082 [IPC Server listener on 15089] INFO  ipc.Server (Server.java:run(1430)) - Stopping IPC Server listener on 15089
2023-06-25 20:39:09,083 [IPC Server Responder] INFO  ipc.Server (Server.java:run(1563)) - Stopping IPC Server Responder
2023-06-25 20:39:09,161 [ForkJoinPool.commonPool-worker-0] INFO  utils.DatanodeStoreCache (DatanodeStoreCache.java:shutdownCache(110)) - Skip clearing cache in mini cluster mode. Entries left: [/home/runner/work/ozone/ozone/hadoop-ozone/integration-test/target/test-dir/MiniOzoneClusterImpl-3e5e392c-9910-47c9-9966-58048db8f0c6/datanode-0/data-0/containers/hdds/3e5e392c-9910-47c9-9966-58048db8f0c6/DS-196d7fb4-75e3-47e9-b736-3b5961cf1153/container.db]
2023-06-25 20:39:09,164 [ForkJoinPool.commonPool-worker-0] INFO  utils.DatanodeStoreCache (DatanodeStoreCache.java:removeDB(104)) - Removed db /home/runner/work/ozone/ozone/hadoop-ozone/integration-test/target/test-dir/MiniOzoneClusterImpl-3e5e392c-9910-47c9-9966-58048db8f0c6/datanode-0/data-0/containers/hdds/3e5e392c-9910-47c9-9966-58048db8f0c6/DS-196d7fb4-75e3-47e9-b736-3b5961cf1153/container.db from cache
2023-06-25 20:39:09,164 [ForkJoinPool.commonPool-worker-0] INFO  volume.HddsVolume (HddsVolume.java:closeDbStore(437)) - SchemaV3 db is stopped at /home/runner/work/ozone/ozone/hadoop-ozone/integration-test/target/test-dir/MiniOzoneClusterImpl-3e5e392c-9910-47c9-9966-58048db8f0c6/datanode-0/data-0/containers/hdds/3e5e392c-9910-47c9-9966-58048db8f0c6/DS-196d7fb4-75e3-47e9-b736-3b5961cf1153/container.db for volume DS-196d7fb4-75e3-47e9-b736-3b5961cf1153
2023-06-25 20:39:09,165 [ForkJoinPool.commonPool-worker-0] INFO  utils.BackgroundService (BackgroundService.java:shutdown(141)) - Shutting down service BlockDeletingService
2023-06-25 20:39:09,165 [ForkJoinPool.commonPool-worker-0] INFO  utils.BackgroundService (BackgroundService.java:shutdown(141)) - Shutting down service StaleRecoveringContainerScrubbingService
2023-06-25 20:39:09,167 [ForkJoinPool.commonPool-worker-0] INFO  statemachine.DatanodeStateMachine (DatanodeStateMachine.java:stopDaemon(613)) - Ozone container server stopped.
2023-06-25 20:39:09,180 [ForkJoinPool.commonPool-worker-0] INFO  handler.ContextHandler (ContextHandler.java:doStop(1159)) - Stopped o.e.j.w.WebAppContext@62a41f68{hddsDatanode,/,null,STOPPED}{jar:file:/home/runner/.m2/repository/org/apache/ozone/hdds-container-service/1.4.0-SNAPSHOT/hdds-container-service-1.4.0-SNAPSHOT.jar!/webapps/hddsDatanode}
2023-06-25 20:39:09,181 [ForkJoinPool.commonPool-worker-0] INFO  server.AbstractConnector (AbstractConnector.java:doStop(383)) - Stopped ServerConnector@1d411279{HTTP/1.1, (http/1.1)}{0.0.0.0:15079}
2023-06-25 20:39:09,182 [ForkJoinPool.commonPool-worker-0] INFO  server.session (HouseKeeper.java:stopScavenging(149)) - node0 Stopped scavenging
2023-06-25 20:39:09,182 [ForkJoinPool.commonPool-worker-0] INFO  handler.ContextHandler (ContextHandler.java:doStop(1159)) - Stopped o.e.j.s.ServletContextHandler@6a4dfee2{static,/static,jar:file:/home/runner/.m2/repository/org/apache/ozone/hdds-container-service/1.4.0-SNAPSHOT/hdds-container-service-1.4.0-SNAPSHOT.jar!/webapps/static,STOPPED}
2023-06-25 20:39:09,183 [ForkJoinPool.commonPool-worker-0] INFO  handler.ContextHandler (ContextHandler.java:doStop(1159)) - Stopped o.e.j.s.ServletContextHandler@39287e36{logs,/logs,file:///home/runner/work/ozone/ozone/hadoop-ozone/integration-test/target/log,STOPPED}
2023-06-25 20:39:09,184 [ForkJoinPool.commonPool-worker-0] INFO  ozone.HddsDatanodeClientProtocolServer (HddsDatanodeClientProtocolServer.java:stop(78)) - Stopping the RPC server for Client Protocol
2023-06-25 20:39:09,184 [ForkJoinPool.commonPool-worker-0] INFO  ipc.Server (Server.java:stop(3501)) - Stopping server on 15080
2023-06-25 20:39:09,184 [IPC Server listener on 15080] INFO  ipc.Server (Server.java:run(1430)) - Stopping IPC Server listener on 15080
2023-06-25 20:39:09,185 [IPC Server Responder] INFO  ipc.Server (Server.java:run(1563)) - Stopping IPC Server Responder
2023-06-25 20:39:09,187 [main] INFO  ozone.MiniOzoneClusterImpl (MiniOzoneClusterImpl.java:stopSCM(543)) - Stopping the StorageContainerManager
2023-06-25 20:39:09,187 [main] INFO  server.StorageContainerManager (StorageContainerManager.java:stop(1588)) - Container Balancer is not running.
2023-06-25 20:39:09,187 [main] INFO  server.StorageContainerManager (StorageContainerManager.java:stopReplicationManager(1721)) - Stopping Replication Manager Service.
2023-06-25 20:39:09,188 [main] INFO  replication.ReplicationManager (ReplicationManager.java:stop(319)) - Stopping Replication Monitor Thread.
2023-06-25 20:39:09,188 [main] INFO  server.StorageContainerManager (StorageContainerManager.java:stop(1597)) - Stopping the Datanode Admin Monitor.
2023-06-25 20:39:09,188 [Over Replicated Processor] WARN  replication.UnhealthyReplicationProcessor (UnhealthyReplicationProcessor.java:run(180)) - Over Replicated Processor interrupted. Exiting...
2023-06-25 20:39:09,188 [main] INFO  server.StorageContainerManager (StorageContainerManager.java:stop(1604)) - Stopping datanode service RPC server
2023-06-25 20:39:09,188 [main] INFO  server.SCMDatanodeProtocolServer (SCMDatanodeProtocolServer.java:stop(424)) - Stopping the RPC server for DataNodes
2023-06-25 20:39:09,188 [main] INFO  ipc.Server (Server.java:stop(3501)) - Stopping server on 15072
2023-06-25 20:39:09,188 [Under Replicated Processor] WARN  replication.UnhealthyReplicationProcessor (UnhealthyReplicationProcessor.java:run(180)) - Under Replicated Processor interrupted. Exiting...
2023-06-25 20:39:09,188 [ReplicationMonitor] INFO  replication.ReplicationManager (ReplicationManager.java:run(918)) - Replication Monitor Thread is stopped
2023-06-25 20:39:09,190 [IPC Server Responder] INFO  ipc.Server (Server.java:run(1563)) - Stopping IPC Server Responder
2023-06-25 20:39:09,191 [IPC Server listener on 15072] INFO  ipc.Server (Server.java:run(1430)) - Stopping IPC Server listener on 15072
2023-06-25 20:39:09,263 [SCM Heartbeat Processing Thread - 0] WARN  node.NodeStateManager (NodeStateManager.java:scheduleNextHealthCheck(874)) - Current Thread is interrupted, shutting down HB processing thread for Node Manager.
2023-06-25 20:39:09,264 [main] INFO  server.StorageContainerManager (StorageContainerManager.java:stop(1612)) - Stopping block service RPC server
2023-06-25 20:39:09,264 [main] INFO  server.SCMBlockProtocolServer (SCMBlockProtocolServer.java:stop(161)) - Stopping the RPC server for Block Protocol
2023-06-25 20:39:09,264 [main] INFO  ipc.Server (Server.java:stop(3501)) - Stopping server on 15071
2023-06-25 20:39:09,266 [IPC Server listener on 15071] INFO  ipc.Server (Server.java:run(1430)) - Stopping IPC Server listener on 15071
2023-06-25 20:39:09,269 [main] INFO  server.StorageContainerManager (StorageContainerManager.java:stop(1619)) - Stopping the StorageContainerLocationProtocol RPC server
2023-06-25 20:39:09,269 [IPC Server Responder] INFO  ipc.Server (Server.java:run(1563)) - Stopping IPC Server Responder
2023-06-25 20:39:09,269 [main] INFO  server.SCMClientProtocolServer (SCMClientProtocolServer.java:stop(210)) - Stopping the RPC server for Client Protocol
2023-06-25 20:39:09,269 [main] INFO  ipc.Server (Server.java:stop(3501)) - Stopping server on 15070
2023-06-25 20:39:09,271 [IPC Server Responder] INFO  ipc.Server (Server.java:run(1563)) - Stopping IPC Server Responder
2023-06-25 20:39:09,271 [main] INFO  server.StorageContainerManager (StorageContainerManager.java:stop(1626)) - Stopping Storage Container Manager HTTP server.
2023-06-25 20:39:09,272 [IPC Server listener on 15070] INFO  ipc.Server (Server.java:run(1430)) - Stopping IPC Server listener on 15070
2023-06-25 20:39:09,273 [main] INFO  handler.ContextHandler (ContextHandler.java:doStop(1159)) - Stopped o.e.j.w.WebAppContext@6846c0db{scm,/,null,STOPPED}{file:/home/runner/work/ozone/ozone/hadoop-ozone/integration-test/target/test-classes/webapps/scm}
2023-06-25 20:39:09,274 [main] INFO  server.AbstractConnector (AbstractConnector.java:doStop(383)) - Stopped ServerConnector@4121cb14{HTTP/1.1, (http/1.1)}{0.0.0.0:15073}
2023-06-25 20:39:09,274 [main] INFO  server.session (HouseKeeper.java:stopScavenging(149)) - node0 Stopped scavenging
2023-06-25 20:39:09,274 [main] INFO  handler.ContextHandler (ContextHandler.java:doStop(1159)) - Stopped o.e.j.s.ServletContextHandler@e26269a{static,/static,file:///home/runner/work/ozone/ozone/hadoop-ozone/integration-test/target/test-classes/webapps/static,STOPPED}
2023-06-25 20:39:09,274 [main] INFO  handler.ContextHandler (ContextHandler.java:doStop(1159)) - Stopped o.e.j.s.ServletContextHandler@45bf564f{logs,/logs,file:///home/runner/work/ozone/ozone/hadoop-ozone/integration-test/target/log,STOPPED}
2023-06-25 20:39:09,277 [main] INFO  server.StorageContainerManager (StorageContainerManager.java:stop(1634)) - Stopping SCM LayoutVersionManager Service.
2023-06-25 20:39:09,277 [main] INFO  server.StorageContainerManager (StorageContainerManager.java:stop(1646)) - Stopping Block Manager Service.
2023-06-25 20:39:09,277 [main] INFO  utils.BackgroundService (BackgroundService.java:shutdown(141)) - Shutting down service SCMBlockDeletingService
2023-06-25 20:39:09,278 [main] INFO  utils.BackgroundService (BackgroundService.java:shutdown(141)) - Shutting down service SCMBlockDeletingService
2023-06-25 20:39:09,278 [main] INFO  server.StorageContainerManager (StorageContainerManager.java:stop(1666)) - Stopping SCM Event Queue.
2023-06-25 20:39:09,282 [JvmPauseMonitor10] INFO  util.JvmPauseMonitor (JvmPauseMonitor.java:run(109)) - JvmPauseMonitor-e0c2317c-bdde-49e0-82d2-2fb5949da99d: Stopped
2023-06-25 20:39:09,282 [main] INFO  server.StorageContainerManager (StorageContainerManager.java:stop(1677)) - Stopping SCM HA services.
2023-06-25 20:39:09,283 [main] INFO  pipeline.BackgroundPipelineCreator (BackgroundPipelineCreator.java:stop(149)) - Stopping RatisPipelineUtilsThread.
2023-06-25 20:39:09,283 [RatisPipelineUtilsThread - 0] WARN  pipeline.BackgroundPipelineCreator (BackgroundPipelineCreator.java:run(180)) - RatisPipelineUtilsThread is interrupted.
2023-06-25 20:39:09,283 [main] INFO  BackgroundPipelineScrubber (BackgroundSCMService.java:stop(131)) - Stopping BackgroundPipelineScrubber Service.
2023-06-25 20:39:09,283 [BackgroundPipelineScrubberThread] WARN  BackgroundPipelineScrubber (BackgroundSCMService.java:run(115)) - BackgroundPipelineScrubber is interrupted, exit
2023-06-25 20:39:09,284 [main] INFO  impl.MetricsSystemImpl (MetricsSystemImpl.java:stop(210)) - Stopping HddsDatanode metrics system...
2023-06-25 20:39:09,285 [prometheus] INFO  impl.MetricsSinkAdapter (MetricsSinkAdapter.java:publishMetricsFromQueue(141)) - prometheus thread interrupted.
2023-06-25 20:39:09,291 [main] INFO  impl.MetricsSystemImpl (MetricsSystemImpl.java:stop(216)) - HddsDatanode metrics system stopped.
2023-06-25 20:39:09,291 [main] WARN  pipeline.BackgroundPipelineCreator (BackgroundPipelineCreator.java:stop(145)) - RatisPipelineUtilsThread is not running, just ignore.
2023-06-25 20:39:09,291 [main] INFO  BackgroundPipelineScrubber (BackgroundSCMService.java:stop(126)) - BackgroundPipelineScrubber Service is not running, skip stop.
2023-06-25 20:39:09,291 [main] INFO  ExpiredContainerReplicaOpScrubber (BackgroundSCMService.java:stop(131)) - Stopping ExpiredContainerReplicaOpScrubber Service.
2023-06-25 20:39:09,291 [ExpiredContainerReplicaOpScrubberThread] WARN  ExpiredContainerReplicaOpScrubber (BackgroundSCMService.java:run(115)) - ExpiredContainerReplicaOpScrubber is interrupted, exit
2023-06-25 20:39:09,293 [main] INFO  utils.BackgroundService (BackgroundService.java:shutdown(141)) - Shutting down service SCMBlockDeletingService
2023-06-25 20:39:09,293 [main] INFO  replication.ReplicationManager (ReplicationManager.java:stop(329)) - Replication Monitor Thread is not running.
2023-06-25 20:39:09,293 [main] WARN  balancer.ContainerBalancer (ContainerBalancer.java:stop(328)) - Cannot stop Container Balancer because it's not running or stopping
2023-06-25 20:39:09,294 [main] INFO  server.StorageContainerManager (StorageContainerManager.java:stop(1712)) - Stopping SCM MetadataStore.
]]></system-out>
  </testcase>
</testsuite>