<?xml version="1.0" encoding="UTF-8"?>
<testsuite xmlns:xsi="http://www.w3.org/2001/XMLSchema-instance" xsi:noNamespaceSchemaLocation="https://maven.apache.org/surefire/maven-surefire-plugin/xsd/surefire-test-report.xsd" name="org.apache.hadoop.ozone.scm.node.TestDecommissionAndMaintenance" time="299.691" tests="8" errors="1" skipped="0" failures="0">
  <properties>
    <property name="awt.toolkit" value="sun.awt.X11.XToolkit"/>
    <property name="file.encoding.pkg" value="sun.io"/>
    <property name="java.specification.version" value="1.8"/>
    <property name="sun.cpu.isalist" value=""/>
    <property name="sun.jnu.encoding" value="UTF-8"/>
    <property name="java.class.path" value="/home/runner/work/ozone/ozone/hadoop-ozone/integration-test/target/test-classes:/home/runner/work/ozone/ozone/hadoop-ozone/integration-test/target/classes:/home/runner/.m2/repository/org/apache/ozone/ozone-common/1.2.0-SNAPSHOT/ozone-common-1.2.0-SNAPSHOT.jar:/home/runner/.m2/repository/org/apache/commons/commons-compress/1.21/commons-compress-1.21.jar:/home/runner/.m2/repository/org/apache/ozone/hdds-common/1.2.0-SNAPSHOT/hdds-common-1.2.0-SNAPSHOT.jar:/home/runner/.m2/repository/org/apache/ozone/hdds-client/1.2.0-SNAPSHOT/hdds-client-1.2.0-SNAPSHOT.jar:/home/runner/.m2/repository/org/apache/ozone/ozone-interface-client/1.2.0-SNAPSHOT/ozone-interface-client-1.2.0-SNAPSHOT.jar:/home/runner/.m2/repository/org/apache/ozone/hdds-server-framework/1.2.0-SNAPSHOT/hdds-server-framework-1.2.0-SNAPSHOT.jar:/home/runner/.m2/repository/org/apache/ozone/hdds-interface-server/1.2.0-SNAPSHOT/hdds-interface-server-1.2.0-SNAPSHOT.jar:/home/runner/.m2/repository/org/eclipse/jetty/jetty-servlet/9.4.43.v20210629/jetty-servlet-9.4.43.v20210629.jar:/home/runner/.m2/repository/org/eclipse/jetty/jetty-security/9.4.43.v20210629/jetty-security-9.4.43.v20210629.jar:/home/runner/.m2/repository/org/rocksdb/rocksdbjni/6.20.3/rocksdbjni-6.20.3.jar:/home/runner/.m2/repository/io/prometheus/simpleclient_dropwizard/0.7.0/simpleclient_dropwizard-0.7.0.jar:/home/runner/.m2/repository/io/prometheus/simpleclient/0.7.0/simpleclient-0.7.0.jar:/home/runner/.m2/repository/io/prometheus/simpleclient_common/0.7.0/simpleclient_common-0.7.0.jar:/home/runner/.m2/repository/com/fasterxml/jackson/datatype/jackson-datatype-jsr310/2.12.1/jackson-datatype-jsr310-2.12.1.jar:/home/runner/.m2/repository/org/apache/ozone/hdds-test-utils/1.2.0-SNAPSHOT/hdds-test-utils-1.2.0-SNAPSHOT.jar:/home/runner/.m2/repository/com/google/guava/guava/30.1.1-jre/guava-30.1.1-jre.jar:/home/runner/.m2/repository/com/google/guava/failureaccess/1.0.1/failureaccess-1.0.1.jar:/home/runner/.m2/repository/com/google/guava/listenablefuture/9999.0-empty-to-avoid-conflict-with-guava/listenablefuture-9999.0-empty-to-avoid-conflict-with-guava.jar:/home/runner/.m2/repository/com/google/code/findbugs/jsr305/3.0.0/jsr305-3.0.0.jar:/home/runner/.m2/repository/org/checkerframework/checker-qual/3.8.0/checker-qual-3.8.0.jar:/home/runner/.m2/repository/com/google/errorprone/error_prone_annotations/2.2.0/error_prone_annotations-2.2.0.jar:/home/runner/.m2/repository/com/google/j2objc/j2objc-annotations/1.3/j2objc-annotations-1.3.jar:/home/runner/.m2/repository/commons-io/commons-io/2.11.0/commons-io-2.11.0.jar:/home/runner/.m2/repository/commons-logging/commons-logging/1.2/commons-logging-1.2.jar:/home/runner/.m2/repository/log4j/log4j/1.2.17/log4j-1.2.17.jar:/home/runner/.m2/repository/org/slf4j/slf4j-api/1.7.30/slf4j-api-1.7.30.jar:/home/runner/.m2/repository/org/apache/ozone/hdds-server-scm/1.2.0-SNAPSHOT/hdds-server-scm-1.2.0-SNAPSHOT.jar:/home/runner/.m2/repository/org/apache/ozone/hdds-container-service/1.2.0-SNAPSHOT/hdds-container-service-1.2.0-SNAPSHOT.jar:/home/runner/.m2/repository/org/apache/ozone/hdds-hadoop-dependency-server/1.2.0-SNAPSHOT/hdds-hadoop-dependency-server-1.2.0-SNAPSHOT.jar:/home/runner/.m2/repository/org/apache/hadoop/hadoop-hdfs/3.3.1/hadoop-hdfs-3.3.1.jar:/home/runner/.m2/repository/io/dropwizard/metrics/metrics-core/3.2.4/metrics-core-3.2.4.jar:/home/runner/.m2/repository/org/apache/hadoop/hadoop-hdfs-client/3.3.1/hadoop-hdfs-client-3.3.1.jar:/home/runner/.m2/repository/org/bouncycastle/bcprov-jdk15on/1.67/bcprov-jdk15on-1.67.jar:/home/runner/.m2/repository/com/google/protobuf/protobuf-java/2.5.0/protobuf-java-2.5.0.jar:/home/runner/.m2/repository/org/apache/ozone/ozone-manager/1.2.0-SNAPSHOT/ozone-manager-1.2.0-SNAPSHOT.jar:/home/runner/.m2/repository/org/aspectj/aspectjrt/1.9.7/aspectjrt-1.9.7.jar:/home/runner/.m2/repository/org/aspectj/aspectjweaver/1.9.7/aspectjweaver-1.9.7.jar:/home/runner/.m2/repository/org/apache/ozone/hdds-interface-client/1.2.0-SNAPSHOT/hdds-interface-client-1.2.0-SNAPSHOT.jar:/home/runner/.m2/repository/org/apache/hadoop/thirdparty/hadoop-shaded-protobuf_3_7/1.1.1/hadoop-shaded-protobuf_3_7-1.1.1.jar:/home/runner/.m2/repository/org/apache/ozone/ozone-interface-storage/1.2.0-SNAPSHOT/ozone-interface-storage-1.2.0-SNAPSHOT.jar:/home/runner/.m2/repository/org/reflections/reflections/0.9.11/reflections-0.9.11.jar:/home/runner/.m2/repository/org/apache/hadoop/hadoop-minikdc/3.3.1/hadoop-minikdc-3.3.1.jar:/home/runner/.m2/repository/org/apache/kerby/kerb-simplekdc/1.0.1/kerb-simplekdc-1.0.1.jar:/home/runner/.m2/repository/org/apache/kerby/kerb-client/1.0.1/kerb-client-1.0.1.jar:/home/runner/.m2/repository/org/apache/kerby/kerby-config/1.0.1/kerby-config-1.0.1.jar:/home/runner/.m2/repository/org/apache/kerby/kerb-common/1.0.1/kerb-common-1.0.1.jar:/home/runner/.m2/repository/org/apache/kerby/kerb-crypto/1.0.1/kerb-crypto-1.0.1.jar:/home/runner/.m2/repository/org/apache/kerby/kerb-util/1.0.1/kerb-util-1.0.1.jar:/home/runner/.m2/repository/org/apache/kerby/token-provider/1.0.1/token-provider-1.0.1.jar:/home/runner/.m2/repository/org/apache/kerby/kerb-admin/1.0.1/kerb-admin-1.0.1.jar:/home/runner/.m2/repository/org/apache/kerby/kerb-server/1.0.1/kerb-server-1.0.1.jar:/home/runner/.m2/repository/org/apache/kerby/kerb-identity/1.0.1/kerb-identity-1.0.1.jar:/home/runner/.m2/repository/org/apache/kerby/kerby-xdr/1.0.1/kerby-xdr-1.0.1.jar:/home/runner/.m2/repository/org/slf4j/slf4j-log4j12/1.7.30/slf4j-log4j12-1.7.30.jar:/home/runner/.m2/repository/org/apache/ozone/ozone-s3gateway/1.2.0-SNAPSHOT/ozone-s3gateway-1.2.0-SNAPSHOT.jar:/home/runner/.m2/repository/org/javassist/javassist/3.21.0-GA/javassist-3.21.0-GA.jar:/home/runner/.m2/repository/org/jboss/weld/servlet/weld-servlet/2.4.7.Final/weld-servlet-2.4.7.Final.jar:/home/runner/.m2/repository/org/glassfish/jersey/containers/jersey-container-servlet-core/2.33/jersey-container-servlet-core-2.33.jar:/home/runner/.m2/repository/org/glassfish/hk2/external/jakarta.inject/2.6.1/jakarta.inject-2.6.1.jar:/home/runner/.m2/repository/org/glassfish/jersey/core/jersey-common/2.33/jersey-common-2.33.jar:/home/runner/.m2/repository/jakarta/ws/rs/jakarta.ws.rs-api/2.1.6/jakarta.ws.rs-api-2.1.6.jar:/home/runner/.m2/repository/org/glassfish/jersey/ext/cdi/jersey-cdi1x/2.33/jersey-cdi1x-2.33.jar:/home/runner/.m2/repository/org/glassfish/jersey/inject/jersey-hk2/2.33/jersey-hk2-2.33.jar:/home/runner/.m2/repository/org/glassfish/hk2/hk2-locator/2.6.1/hk2-locator-2.6.1.jar:/home/runner/.m2/repository/org/glassfish/jersey/media/jersey-media-jaxb/2.33/jersey-media-jaxb-2.33.jar:/home/runner/.m2/repository/org/glassfish/hk2/osgi-resource-locator/1.0.3/osgi-resource-locator-1.0.3.jar:/home/runner/.m2/repository/org/glassfish/hk2/hk2-api/2.5.0/hk2-api-2.5.0.jar:/home/runner/.m2/repository/org/glassfish/hk2/hk2-utils/2.5.0/hk2-utils-2.5.0.jar:/home/runner/.m2/repository/org/glassfish/hk2/external/aopalliance-repackaged/2.5.0/aopalliance-repackaged-2.5.0.jar:/home/runner/.m2/repository/com/fasterxml/jackson/dataformat/jackson-dataformat-xml/2.12.1/jackson-dataformat-xml-2.12.1.jar:/home/runner/.m2/repository/com/fasterxml/jackson/core/jackson-core/2.12.1/jackson-core-2.12.1.jar:/home/runner/.m2/repository/com/fasterxml/jackson/module/jackson-module-jaxb-annotations/2.12.1/jackson-module-jaxb-annotations-2.12.1.jar:/home/runner/.m2/repository/jakarta/xml/bind/jakarta.xml.bind-api/2.3.2/jakarta.xml.bind-api-2.3.2.jar:/home/runner/.m2/repository/org/codehaus/woodstox/stax2-api/3.1.4/stax2-api-3.1.4.jar:/home/runner/.m2/repository/com/fasterxml/woodstox/woodstox-core/5.0.3/woodstox-core-5.0.3.jar:/home/runner/.m2/repository/javax/enterprise/cdi-api/1.2/cdi-api-1.2.jar:/home/runner/.m2/repository/javax/el/javax.el-api/3.0.0/javax.el-api-3.0.0.jar:/home/runner/.m2/repository/javax/interceptor/javax.interceptor-api/1.2/javax.interceptor-api-1.2.jar:/home/runner/.m2/repository/javax/inject/javax.inject/1/javax.inject-1.jar:/home/runner/.m2/repository/javax/xml/bind/jaxb-api/2.3.0/jaxb-api-2.3.0.jar:/home/runner/.m2/repository/org/glassfish/jaxb/jaxb-runtime/2.3.0.1/jaxb-runtime-2.3.0.1.jar:/home/runner/.m2/repository/org/glassfish/jaxb/jaxb-core/2.3.0.1/jaxb-core-2.3.0.1.jar:/home/runner/.m2/repository/org/glassfish/jaxb/txw2/2.3.0.1/txw2-2.3.0.1.jar:/home/runner/.m2/repository/com/sun/istack/istack-commons-runtime/3.0.5/istack-commons-runtime-3.0.5.jar:/home/runner/.m2/repository/org/jvnet/staxex/stax-ex/1.7.8/stax-ex-1.7.8.jar:/home/runner/.m2/repository/com/sun/xml/fastinfoset/FastInfoset/1.2.13/FastInfoset-1.2.13.jar:/home/runner/.m2/repository/javax/activation/activation/1.1.1/activation-1.1.1.jar:/home/runner/.m2/repository/org/apache/ozone/ozone-csi/1.2.0-SNAPSHOT/ozone-csi-1.2.0-SNAPSHOT.jar:/home/runner/.m2/repository/com/google/protobuf/protobuf-java-util/3.12.0/protobuf-java-util-3.12.0.jar:/home/runner/.m2/repository/com/google/code/gson/gson/2.2.4/gson-2.2.4.jar:/home/runner/.m2/repository/org/apache/ozone/hdds-config/1.2.0-SNAPSHOT/hdds-config-1.2.0-SNAPSHOT.jar:/home/runner/.m2/repository/io/grpc/grpc-netty/1.33.0/grpc-netty-1.33.0.jar:/home/runner/.m2/repository/io/grpc/grpc-core/1.33.0/grpc-core-1.33.0.jar:/home/runner/.m2/repository/com/google/android/annotations/4.1.1.4/annotations-4.1.1.4.jar:/home/runner/.m2/repository/io/netty/netty-codec-http2/4.1.63.Final/netty-codec-http2-4.1.63.Final.jar:/home/runner/.m2/repository/io/netty/netty-codec-http/4.1.63.Final/netty-codec-http-4.1.63.Final.jar:/home/runner/.m2/repository/io/netty/netty-handler-proxy/4.1.63.Final/netty-handler-proxy-4.1.63.Final.jar:/home/runner/.m2/repository/io/netty/netty-codec-socks/4.1.63.Final/netty-codec-socks-4.1.63.Final.jar:/home/runner/.m2/repository/io/perfmark/perfmark-api/0.19.0/perfmark-api-0.19.0.jar:/home/runner/.m2/repository/org/codehaus/mojo/animal-sniffer-annotations/1.18/animal-sniffer-annotations-1.18.jar:/home/runner/.m2/repository/io/netty/netty-transport-native-epoll/4.1.63.Final/netty-transport-native-epoll-4.1.63.Final.jar:/home/runner/.m2/repository/io/netty/netty-common/4.1.63.Final/netty-common-4.1.63.Final.jar:/home/runner/.m2/repository/io/netty/netty-buffer/4.1.63.Final/netty-buffer-4.1.63.Final.jar:/home/runner/.m2/repository/io/netty/netty-transport-native-unix-common/4.1.63.Final/netty-transport-native-unix-common-4.1.63.Final.jar:/home/runner/.m2/repository/io/grpc/grpc-protobuf/1.33.0/grpc-protobuf-1.33.0.jar:/home/runner/.m2/repository/io/grpc/grpc-api/1.33.0/grpc-api-1.33.0.jar:/home/runner/.m2/repository/io/grpc/grpc-context/1.33.0/grpc-context-1.33.0.jar:/home/runner/.m2/repository/com/google/api/grpc/proto-google-common-protos/1.17.0/proto-google-common-protos-1.17.0.jar:/home/runner/.m2/repository/io/grpc/grpc-protobuf-lite/1.33.0/grpc-protobuf-lite-1.33.0.jar:/home/runner/.m2/repository/io/grpc/grpc-stub/1.33.0/grpc-stub-1.33.0.jar:/home/runner/.m2/repository/org/apache/ozone/ozone-recon/1.2.0-SNAPSHOT/ozone-recon-1.2.0-SNAPSHOT.jar:/home/runner/.m2/repository/org/apache/ozone/ozone-reconcodegen/1.2.0-SNAPSHOT/ozone-reconcodegen-1.2.0-SNAPSHOT.jar:/home/runner/.m2/repository/com/google/inject/extensions/guice-multibindings/4.0/guice-multibindings-4.0.jar:/home/runner/.m2/repository/com/google/inject/guice/4.0/guice-4.0.jar:/home/runner/.m2/repository/aopalliance/aopalliance/1.0/aopalliance-1.0.jar:/home/runner/.m2/repository/com/google/inject/extensions/guice-assistedinject/4.0/guice-assistedinject-4.0.jar:/home/runner/.m2/repository/com/google/inject/extensions/guice-servlet/4.0/guice-servlet-4.0.jar:/home/runner/.m2/repository/org/glassfish/jersey/containers/jersey-container-servlet/2.33/jersey-container-servlet-2.33.jar:/home/runner/.m2/repository/org/glassfish/hk2/guice-bridge/2.5.0/guice-bridge-2.5.0.jar:/home/runner/.m2/repository/org/glassfish/jersey/core/jersey-server/2.33/jersey-server-2.33.jar:/home/runner/.m2/repository/org/glassfish/jersey/core/jersey-client/2.33/jersey-client-2.33.jar:/home/runner/.m2/repository/jakarta/annotation/jakarta.annotation-api/1.3.5/jakarta.annotation-api-1.3.5.jar:/home/runner/.m2/repository/jakarta/validation/jakarta.validation-api/2.0.2/jakarta.validation-api-2.0.2.jar:/home/runner/.m2/repository/org/glassfish/jersey/media/jersey-media-json-jackson/2.33/jersey-media-json-jackson-2.33.jar:/home/runner/.m2/repository/org/glassfish/jersey/ext/jersey-entity-filtering/2.33/jersey-entity-filtering-2.33.jar:/home/runner/.m2/repository/org/jooq/jooq/3.11.10/jooq-3.11.10.jar:/home/runner/.m2/repository/org/jooq/jooq-meta/3.11.10/jooq-meta-3.11.10.jar:/home/runner/.m2/repository/org/jooq/jooq-codegen/3.11.10/jooq-codegen-3.11.10.jar:/home/runner/.m2/repository/com/jolbox/bonecp/0.8.0.RELEASE/bonecp-0.8.0.RELEASE.jar:/home/runner/.m2/repository/org/apache/derby/derby/10.14.2.0/derby-10.14.2.0.jar:/home/runner/.m2/repository/org/xerial/sqlite-jdbc/3.25.2/sqlite-jdbc-3.25.2.jar:/home/runner/.m2/repository/org/springframework/spring-jdbc/5.2.17.RELEASE/spring-jdbc-5.2.17.RELEASE.jar:/home/runner/.m2/repository/org/springframework/spring-beans/5.2.17.RELEASE/spring-beans-5.2.17.RELEASE.jar:/home/runner/.m2/repository/org/springframework/spring-core/5.2.17.RELEASE/spring-core-5.2.17.RELEASE.jar:/home/runner/.m2/repository/org/springframework/spring-jcl/5.2.17.RELEASE/spring-jcl-5.2.17.RELEASE.jar:/home/runner/.m2/repository/org/springframework/spring-tx/5.2.17.RELEASE/spring-tx-5.2.17.RELEASE.jar:/home/runner/.m2/repository/org/apache/ozone/ozone-client/1.2.0-SNAPSHOT/ozone-client-1.2.0-SNAPSHOT.jar:/home/runner/.m2/repository/org/apache/ozone/ozone-filesystem/1.2.0-SNAPSHOT/ozone-filesystem-1.2.0-SNAPSHOT.jar:/home/runner/.m2/repository/org/apache/ozone/ozone-filesystem-common/1.2.0-SNAPSHOT/ozone-filesystem-common-1.2.0-SNAPSHOT.jar:/home/runner/.m2/repository/org/apache/ozone/ozone-tools/1.2.0-SNAPSHOT/ozone-tools-1.2.0-SNAPSHOT.jar:/home/runner/.m2/repository/org/apache/ratis/ratis-tools/2.2.0/ratis-tools-2.2.0.jar:/home/runner/.m2/repository/com/amazonaws/aws-java-sdk-core/1.11.1034/aws-java-sdk-core-1.11.1034.jar:/home/runner/.m2/repository/org/apache/httpcomponents/httpclient/4.5.13/httpclient-4.5.13.jar:/home/runner/.m2/repository/org/apache/httpcomponents/httpcore/4.4.13/httpcore-4.4.13.jar:/home/runner/.m2/repository/software/amazon/ion/ion-java/1.0.2/ion-java-1.0.2.jar:/home/runner/.m2/repository/com/fasterxml/jackson/dataformat/jackson-dataformat-cbor/2.12.1/jackson-dataformat-cbor-2.12.1.jar:/home/runner/.m2/repository/joda-time/joda-time/2.8.1/joda-time-2.8.1.jar:/home/runner/.m2/repository/com/amazonaws/aws-java-sdk-s3/1.11.1034/aws-java-sdk-s3-1.11.1034.jar:/home/runner/.m2/repository/com/amazonaws/aws-java-sdk-kms/1.11.1034/aws-java-sdk-kms-1.11.1034.jar:/home/runner/.m2/repository/com/amazonaws/jmespath-java/1.11.1034/jmespath-java-1.11.1034.jar:/home/runner/.m2/repository/org/kohsuke/metainf-services/metainf-services/1.8/metainf-services-1.8.jar:/home/runner/.m2/repository/org/apache/ozone/hdds-tools/1.2.0-SNAPSHOT/hdds-tools-1.2.0-SNAPSHOT.jar:/home/runner/.m2/repository/commons-cli/commons-cli/1.2/commons-cli-1.2.jar:/home/runner/.m2/repository/org/apache/commons/commons-lang3/3.7/commons-lang3-3.7.jar:/home/runner/.m2/repository/org/apache/ozone/ozone-manager/1.2.0-SNAPSHOT/ozone-manager-1.2.0-SNAPSHOT-tests.jar:/home/runner/.m2/repository/org/apache/ozone/hdds-common/1.2.0-SNAPSHOT/hdds-common-1.2.0-SNAPSHOT-tests.jar:/home/runner/.m2/repository/org/apache/ozone/hdds-hadoop-dependency-client/1.2.0-SNAPSHOT/hdds-hadoop-dependency-client-1.2.0-SNAPSHOT.jar:/home/runner/.m2/repository/info/picocli/picocli/4.6.1/picocli-4.6.1.jar:/home/runner/.m2/repository/com/fasterxml/jackson/core/jackson-annotations/2.12.1/jackson-annotations-2.12.1.jar:/home/runner/.m2/repository/javax/annotation/javax.annotation-api/1.2/javax.annotation-api-1.2.jar:/home/runner/.m2/repository/org/apache/ratis/ratis-server/2.2.0/ratis-server-2.2.0.jar:/home/runner/.m2/repository/org/apache/ratis/ratis-client/2.2.0/ratis-client-2.2.0.jar:/home/runner/.m2/repository/org/apache/ratis/ratis-server-api/2.2.0/ratis-server-api-2.2.0.jar:/home/runner/.m2/repository/org/apache/ratis/ratis-metrics/2.2.0/ratis-metrics-2.2.0.jar:/home/runner/.m2/repository/org/apache/ratis/ratis-netty/2.2.0/ratis-netty-2.2.0.jar:/home/runner/.m2/repository/org/apache/ratis/ratis-grpc/2.2.0/ratis-grpc-2.2.0.jar:/home/runner/.m2/repository/org/apache/logging/log4j/log4j-api/2.13.3/log4j-api-2.13.3.jar:/home/runner/.m2/repository/org/apache/logging/log4j/log4j-core/2.13.3/log4j-core-2.13.3.jar:/home/runner/.m2/repository/com/lmax/disruptor/3.4.2/disruptor-3.4.2.jar:/home/runner/.m2/repository/org/apache/commons/commons-pool2/2.6.0/commons-pool2-2.6.0.jar:/home/runner/.m2/repository/org/bouncycastle/bcpkix-jdk15on/1.67/bcpkix-jdk15on-1.67.jar:/home/runner/.m2/repository/commons-validator/commons-validator/1.6/commons-validator-1.6.jar:/home/runner/.m2/repository/commons-beanutils/commons-beanutils/1.9.4/commons-beanutils-1.9.4.jar:/home/runner/.m2/repository/commons-digester/commons-digester/1.8.1/commons-digester-1.8.1.jar:/home/runner/.m2/repository/commons-collections/commons-collections/3.2.2/commons-collections-3.2.2.jar:/home/runner/.m2/repository/io/jaegertracing/jaeger-client/1.6.0/jaeger-client-1.6.0.jar:/home/runner/.m2/repository/io/jaegertracing/jaeger-thrift/1.6.0/jaeger-thrift-1.6.0.jar:/home/runner/.m2/repository/org/apache/thrift/libthrift/0.14.1/libthrift-0.14.1.jar:/home/runner/.m2/repository/com/squareup/okhttp3/okhttp/4.9.0/okhttp-4.9.0.jar:/home/runner/.m2/repository/com/squareup/okio/okio/2.8.0/okio-2.8.0.jar:/home/runner/.m2/repository/io/jaegertracing/jaeger-core/1.6.0/jaeger-core-1.6.0.jar:/home/runner/.m2/repository/io/jaegertracing/jaeger-tracerresolver/1.6.0/jaeger-tracerresolver-1.6.0.jar:/home/runner/.m2/repository/io/opentracing/contrib/opentracing-tracerresolver/0.1.8/opentracing-tracerresolver-0.1.8.jar:/home/runner/.m2/repository/org/jetbrains/kotlin/kotlin-stdlib/1.4.31/kotlin-stdlib-1.4.31.jar:/home/runner/.m2/repository/org/jetbrains/kotlin/kotlin-stdlib-common/1.4.31/kotlin-stdlib-common-1.4.31.jar:/home/runner/.m2/repository/org/jetbrains/annotations/13.0/annotations-13.0.jar:/home/runner/.m2/repository/io/opentracing/opentracing-util/0.33.0/opentracing-util-0.33.0.jar:/home/runner/.m2/repository/io/opentracing/opentracing-api/0.33.0/opentracing-api-0.33.0.jar:/home/runner/.m2/repository/io/opentracing/opentracing-noop/0.33.0/opentracing-noop-0.33.0.jar:/home/runner/.m2/repository/org/yaml/snakeyaml/1.26/snakeyaml-1.26.jar:/home/runner/.m2/repository/org/apache/ozone/hdds-interface-admin/1.2.0-SNAPSHOT/hdds-interface-admin-1.2.0-SNAPSHOT.jar:/home/runner/.m2/repository/junit/junit/4.13.1/junit-4.13.1.jar:/home/runner/.m2/repository/org/hamcrest/hamcrest-core/1.3/hamcrest-core-1.3.jar:/home/runner/.m2/repository/org/junit/jupiter/junit-jupiter-api/5.7.0/junit-jupiter-api-5.7.0.jar:/home/runner/.m2/repository/org/apiguardian/apiguardian-api/1.1.0/apiguardian-api-1.1.0.jar:/home/runner/.m2/repository/org/opentest4j/opentest4j/1.2.0/opentest4j-1.2.0.jar:/home/runner/.m2/repository/org/junit/platform/junit-platform-commons/1.7.0/junit-platform-commons-1.7.0.jar:/home/runner/.m2/repository/org/junit/jupiter/junit-jupiter-engine/5.7.0/junit-jupiter-engine-5.7.0.jar:/home/runner/.m2/repository/org/junit/platform/junit-platform-engine/1.7.0/junit-platform-engine-1.7.0.jar:/home/runner/.m2/repository/org/junit/vintage/junit-vintage-engine/5.7.0/junit-vintage-engine-5.7.0.jar:/home/runner/.m2/repository/org/junit/platform/junit-platform-launcher/1.7.0/junit-platform-launcher-1.7.0.jar:/home/runner/.m2/repository/org/openjdk/jmh/jmh-core/1.19/jmh-core-1.19.jar:/home/runner/.m2/repository/net/sf/jopt-simple/jopt-simple/4.6/jopt-simple-4.6.jar:/home/runner/.m2/repository/org/apache/commons/commons-math3/3.1.1/commons-math3-3.1.1.jar:/home/runner/.m2/repository/org/openjdk/jmh/jmh-generator-annprocess/1.19/jmh-generator-annprocess-1.19.jar:/home/runner/.m2/repository/org/mockito/mockito-core/2.28.2/mockito-core-2.28.2.jar:/home/runner/.m2/repository/net/bytebuddy/byte-buddy/1.9.10/byte-buddy-1.9.10.jar:/home/runner/.m2/repository/net/bytebuddy/byte-buddy-agent/1.9.10/byte-buddy-agent-1.9.10.jar:/home/runner/.m2/repository/org/objenesis/objenesis/1.0/objenesis-1.0.jar:/home/runner/.m2/repository/org/apache/hadoop/hadoop-kms/3.3.1/hadoop-kms-3.3.1.jar:/home/runner/.m2/repository/org/apache/hadoop/hadoop-auth/3.3.1/hadoop-auth-3.3.1.jar:/home/runner/.m2/repository/com/nimbusds/nimbus-jose-jwt/7.9/nimbus-jose-jwt-7.9.jar:/home/runner/.m2/repository/com/github/stephenc/jcip/jcip-annotations/1.0-1/jcip-annotations-1.0-1.jar:/home/runner/.m2/repository/net/minidev/json-smart/2.3.1/json-smart-2.3.1.jar:/home/runner/.m2/repository/net/minidev/accessors-smart/2.3.1/accessors-smart-2.3.1.jar:/home/runner/.m2/repository/org/ow2/asm/asm/5.0.4/asm-5.0.4.jar:/home/runner/.m2/repository/org/apache/zookeeper/zookeeper/3.5.6/zookeeper-3.5.6.jar:/home/runner/.m2/repository/org/apache/zookeeper/zookeeper-jute/3.5.6/zookeeper-jute-3.5.6.jar:/home/runner/.m2/repository/org/apache/yetus/audience-annotations/0.5.0/audience-annotations-0.5.0.jar:/home/runner/.m2/repository/org/apache/curator/curator-framework/4.2.0/curator-framework-4.2.0.jar:/home/runner/.m2/repository/org/apache/hadoop/thirdparty/hadoop-shaded-guava/1.1.1/hadoop-shaded-guava-1.1.1.jar:/home/runner/.m2/repository/com/sun/jersey/jersey-core/1.19/jersey-core-1.19.jar:/home/runner/.m2/repository/javax/ws/rs/jsr311-api/1.1.1/jsr311-api-1.1.1.jar:/home/runner/.m2/repository/com/sun/jersey/jersey-server/1.19/jersey-server-1.19.jar:/home/runner/.m2/repository/javax/servlet/javax.servlet-api/3.1.0/javax.servlet-api-3.1.0.jar:/home/runner/.m2/repository/org/eclipse/jetty/jetty-server/9.4.43.v20210629/jetty-server-9.4.43.v20210629.jar:/home/runner/.m2/repository/org/eclipse/jetty/jetty-http/9.4.43.v20210629/jetty-http-9.4.43.v20210629.jar:/home/runner/.m2/repository/org/eclipse/jetty/jetty-io/9.4.43.v20210629/jetty-io-9.4.43.v20210629.jar:/home/runner/.m2/repository/org/eclipse/jetty/jetty-webapp/9.4.43.v20210629/jetty-webapp-9.4.43.v20210629.jar:/home/runner/.m2/repository/org/eclipse/jetty/jetty-xml/9.4.43.v20210629/jetty-xml-9.4.43.v20210629.jar:/home/runner/.m2/repository/org/apache/hadoop/hadoop-common/3.3.1/hadoop-common-3.3.1.jar:/home/runner/.m2/repository/commons-net/commons-net/3.6/commons-net-3.6.jar:/home/runner/.m2/repository/jakarta/activation/jakarta.activation-api/1.2.1/jakarta.activation-api-1.2.1.jar:/home/runner/.m2/repository/com/sun/jersey/jersey-servlet/1.19/jersey-servlet-1.19.jar:/home/runner/.m2/repository/com/sun/jersey/jersey-json/1.19/jersey-json-1.19.jar:/home/runner/.m2/repository/org/codehaus/jettison/jettison/1.1/jettison-1.1.jar:/home/runner/.m2/repository/com/sun/xml/bind/jaxb-impl/2.2.3-1/jaxb-impl-2.2.3-1.jar:/home/runner/.m2/repository/org/codehaus/jackson/jackson-jaxrs/1.9.2/jackson-jaxrs-1.9.2.jar:/home/runner/.m2/repository/org/codehaus/jackson/jackson-xc/1.9.2/jackson-xc-1.9.2.jar:/home/runner/.m2/repository/org/apache/commons/commons-configuration2/2.1.1/commons-configuration2-2.1.1.jar:/home/runner/.m2/repository/org/apache/commons/commons-text/1.4/commons-text-1.4.jar:/home/runner/.m2/repository/com/google/re2j/re2j/1.1/re2j-1.1.jar:/home/runner/.m2/repository/com/jcraft/jsch/0.1.54/jsch-0.1.54.jar:/home/runner/.m2/repository/org/apache/curator/curator-client/4.2.0/curator-client-4.2.0.jar:/home/runner/.m2/repository/org/apache/curator/curator-recipes/4.2.0/curator-recipes-4.2.0.jar:/home/runner/.m2/repository/org/apache/kerby/kerb-core/1.0.1/kerb-core-1.0.1.jar:/home/runner/.m2/repository/org/apache/kerby/kerby-pkix/1.0.1/kerby-pkix-1.0.1.jar:/home/runner/.m2/repository/org/apache/kerby/kerby-asn1/1.0.1/kerby-asn1-1.0.1.jar:/home/runner/.m2/repository/org/apache/kerby/kerby-util/1.0.1/kerby-util-1.0.1.jar:/home/runner/.m2/repository/dnsjava/dnsjava/2.1.7/dnsjava-2.1.7.jar:/home/runner/.m2/repository/org/xerial/snappy/snappy-java/1.1.8.2/snappy-java-1.1.8.2.jar:/home/runner/.m2/repository/org/slf4j/jul-to-slf4j/1.7.30/jul-to-slf4j-1.7.30.jar:/home/runner/.m2/repository/org/eclipse/jetty/jetty-util/9.4.43.v20210629/jetty-util-9.4.43.v20210629.jar:/home/runner/.m2/repository/com/fasterxml/jackson/core/jackson-databind/2.12.1/jackson-databind-2.12.1.jar:/home/runner/.m2/repository/org/apache/hadoop/hadoop-kms/3.3.1/hadoop-kms-3.3.1-tests.jar:/home/runner/.m2/repository/org/apache/ozone/hdds-server-scm/1.2.0-SNAPSHOT/hdds-server-scm-1.2.0-SNAPSHOT-tests.jar:/home/runner/.m2/repository/org/apache/ozone/hdds-container-service/1.2.0-SNAPSHOT/hdds-container-service-1.2.0-SNAPSHOT-tests.jar:/home/runner/.m2/repository/commons-codec/commons-codec/1.11/commons-codec-1.11.jar:/home/runner/.m2/repository/io/netty/netty-transport/4.1.63.Final/netty-transport-4.1.63.Final.jar:/home/runner/.m2/repository/io/netty/netty-resolver/4.1.63.Final/netty-resolver-4.1.63.Final.jar:/home/runner/.m2/repository/io/netty/netty-codec/4.1.63.Final/netty-codec-4.1.63.Final.jar:/home/runner/.m2/repository/io/netty/netty-handler/4.1.63.Final/netty-handler-4.1.63.Final.jar:/home/runner/.m2/repository/org/apache/ozone/hdds-hadoop-dependency-test/1.2.0-SNAPSHOT/hdds-hadoop-dependency-test-1.2.0-SNAPSHOT.jar:/home/runner/.m2/repository/org/apache/hadoop/hadoop-common/3.3.1/hadoop-common-3.3.1-tests.jar:/home/runner/.m2/repository/org/assertj/assertj-core/3.12.2/assertj-core-3.12.2.jar:/home/runner/.m2/repository/org/apache/hadoop/hadoop-hdfs/3.3.1/hadoop-hdfs-3.3.1-tests.jar:/home/runner/.m2/repository/org/eclipse/jetty/jetty-util-ajax/9.4.43.v20210629/jetty-util-ajax-9.4.43.v20210629.jar:/home/runner/.m2/repository/commons-daemon/commons-daemon/1.0.13/commons-daemon-1.0.13.jar:/home/runner/.m2/repository/io/netty/netty/3.10.6.Final/netty-3.10.6.Final.jar:/home/runner/.m2/repository/io/netty/netty-all/4.1.63.Final/netty-all-4.1.63.Final.jar:/home/runner/.m2/repository/org/apache/htrace/htrace-core4/4.1.0-incubating/htrace-core4-4.1.0-incubating.jar:/home/runner/.m2/repository/org/fusesource/leveldbjni/leveldbjni-all/1.8/leveldbjni-all-1.8.jar:/home/runner/.m2/repository/org/apache/hadoop/hadoop-distcp/3.3.1/hadoop-distcp-3.3.1.jar:/home/runner/.m2/repository/org/apache/hadoop/hadoop-mapreduce-client-jobclient/3.3.1/hadoop-mapreduce-client-jobclient-3.3.1.jar:/home/runner/.m2/repository/org/apache/hadoop/hadoop-mapreduce-client-common/3.3.1/hadoop-mapreduce-client-common-3.3.1.jar:/home/runner/.m2/repository/org/apache/hadoop/hadoop-yarn-common/3.3.1/hadoop-yarn-common-3.3.1.jar:/home/runner/.m2/repository/org/apache/hadoop/hadoop-yarn-api/3.3.1/hadoop-yarn-api-3.3.1.jar:/home/runner/.m2/repository/com/sun/jersey/jersey-client/1.19/jersey-client-1.19.jar:/home/runner/.m2/repository/com/sun/jersey/contribs/jersey-guice/1.19/jersey-guice-1.19.jar:/home/runner/.m2/repository/com/fasterxml/jackson/jaxrs/jackson-jaxrs-json-provider/2.12.1/jackson-jaxrs-json-provider-2.12.1.jar:/home/runner/.m2/repository/com/fasterxml/jackson/jaxrs/jackson-jaxrs-base/2.12.1/jackson-jaxrs-base-2.12.1.jar:/home/runner/.m2/repository/org/apache/hadoop/hadoop-yarn-client/3.3.1/hadoop-yarn-client-3.3.1.jar:/home/runner/.m2/repository/org/eclipse/jetty/websocket/websocket-client/9.4.40.v20210413/websocket-client-9.4.40.v20210413.jar:/home/runner/.m2/repository/org/eclipse/jetty/jetty-client/9.4.40.v20210413/jetty-client-9.4.40.v20210413.jar:/home/runner/.m2/repository/org/eclipse/jetty/websocket/websocket-common/9.4.40.v20210413/websocket-common-9.4.40.v20210413.jar:/home/runner/.m2/repository/org/eclipse/jetty/websocket/websocket-api/9.4.40.v20210413/websocket-api-9.4.40.v20210413.jar:/home/runner/.m2/repository/org/jline/jline/3.9.0/jline-3.9.0.jar:/home/runner/.m2/repository/org/apache/hadoop/hadoop-mapreduce-client-core/3.3.1/hadoop-mapreduce-client-core-3.3.1.jar:/home/runner/.m2/repository/org/apache/avro/avro/1.7.7/avro-1.7.7.jar:/home/runner/.m2/repository/org/codehaus/jackson/jackson-core-asl/1.9.13/jackson-core-asl-1.9.13.jar:/home/runner/.m2/repository/org/codehaus/jackson/jackson-mapper-asl/1.9.13/jackson-mapper-asl-1.9.13.jar:/home/runner/.m2/repository/com/thoughtworks/paranamer/paranamer/2.3/paranamer-2.3.jar:/home/runner/.m2/repository/org/apache/hadoop/hadoop-annotations/3.3.1/hadoop-annotations-3.3.1.jar:/usr/lib/jvm/adoptopenjdk-8-hotspot-amd64/jre/../lib/tools.jar:/home/runner/.m2/repository/org/apache/hadoop/hadoop-distcp/3.3.1/hadoop-distcp-3.3.1-tests.jar:/home/runner/.m2/repository/org/apache/ratis/ratis-common/2.2.0/ratis-common-2.2.0.jar:/home/runner/.m2/repository/org/apache/ratis/ratis-thirdparty-misc/0.7.0/ratis-thirdparty-misc-0.7.0.jar:/home/runner/.m2/repository/org/apache/ratis/ratis-proto/2.2.0/ratis-proto-2.2.0.jar:"/>
    <property name="java.vm.vendor" value="AdoptOpenJDK"/>
    <property name="sun.arch.data.model" value="64"/>
    <property name="test.build.dir" value="/home/runner/work/ozone/ozone/hadoop-ozone/integration-test/target/test-dir"/>
    <property name="test.cache.data" value=""/>
    <property name="java.vendor.url" value="https://adoptopenjdk.net/"/>
    <property name="user.timezone" value=""/>
    <property name="java.vm.specification.version" value="1.8"/>
    <property name="os.name" value="Linux"/>
    <property name="test.build.data" value="/home/runner/work/ozone/ozone/hadoop-ozone/integration-test/target/test-dir"/>
    <property name="sun.java.launcher" value="SUN_STANDARD"/>
    <property name="sun.boot.library.path" value="/usr/lib/jvm/adoptopenjdk-8-hotspot-amd64/jre/lib/amd64"/>
    <property name="sun.java.command" value="/home/runner/work/ozone/ozone/hadoop-ozone/integration-test/target/surefire/surefirebooter2798084289773248845.jar /home/runner/work/ozone/ozone/hadoop-ozone/integration-test/target/surefire 2021-10-27T06-31-53_453-jvmRun1 surefire4216255729847845892tmp surefire_713955512994690810295tmp"/>
    <property name="surefire.test.class.path" value="/home/runner/work/ozone/ozone/hadoop-ozone/integration-test/target/test-classes:/home/runner/work/ozone/ozone/hadoop-ozone/integration-test/target/classes:/home/runner/.m2/repository/org/apache/ozone/ozone-common/1.2.0-SNAPSHOT/ozone-common-1.2.0-SNAPSHOT.jar:/home/runner/.m2/repository/org/apache/commons/commons-compress/1.21/commons-compress-1.21.jar:/home/runner/.m2/repository/org/apache/ozone/hdds-common/1.2.0-SNAPSHOT/hdds-common-1.2.0-SNAPSHOT.jar:/home/runner/.m2/repository/org/apache/ozone/hdds-client/1.2.0-SNAPSHOT/hdds-client-1.2.0-SNAPSHOT.jar:/home/runner/.m2/repository/org/apache/ozone/ozone-interface-client/1.2.0-SNAPSHOT/ozone-interface-client-1.2.0-SNAPSHOT.jar:/home/runner/.m2/repository/org/apache/ozone/hdds-server-framework/1.2.0-SNAPSHOT/hdds-server-framework-1.2.0-SNAPSHOT.jar:/home/runner/.m2/repository/org/apache/ozone/hdds-interface-server/1.2.0-SNAPSHOT/hdds-interface-server-1.2.0-SNAPSHOT.jar:/home/runner/.m2/repository/org/eclipse/jetty/jetty-servlet/9.4.43.v20210629/jetty-servlet-9.4.43.v20210629.jar:/home/runner/.m2/repository/org/eclipse/jetty/jetty-security/9.4.43.v20210629/jetty-security-9.4.43.v20210629.jar:/home/runner/.m2/repository/org/rocksdb/rocksdbjni/6.20.3/rocksdbjni-6.20.3.jar:/home/runner/.m2/repository/io/prometheus/simpleclient_dropwizard/0.7.0/simpleclient_dropwizard-0.7.0.jar:/home/runner/.m2/repository/io/prometheus/simpleclient/0.7.0/simpleclient-0.7.0.jar:/home/runner/.m2/repository/io/prometheus/simpleclient_common/0.7.0/simpleclient_common-0.7.0.jar:/home/runner/.m2/repository/com/fasterxml/jackson/datatype/jackson-datatype-jsr310/2.12.1/jackson-datatype-jsr310-2.12.1.jar:/home/runner/.m2/repository/org/apache/ozone/hdds-test-utils/1.2.0-SNAPSHOT/hdds-test-utils-1.2.0-SNAPSHOT.jar:/home/runner/.m2/repository/com/google/guava/guava/30.1.1-jre/guava-30.1.1-jre.jar:/home/runner/.m2/repository/com/google/guava/failureaccess/1.0.1/failureaccess-1.0.1.jar:/home/runner/.m2/repository/com/google/guava/listenablefuture/9999.0-empty-to-avoid-conflict-with-guava/listenablefuture-9999.0-empty-to-avoid-conflict-with-guava.jar:/home/runner/.m2/repository/com/google/code/findbugs/jsr305/3.0.0/jsr305-3.0.0.jar:/home/runner/.m2/repository/org/checkerframework/checker-qual/3.8.0/checker-qual-3.8.0.jar:/home/runner/.m2/repository/com/google/errorprone/error_prone_annotations/2.2.0/error_prone_annotations-2.2.0.jar:/home/runner/.m2/repository/com/google/j2objc/j2objc-annotations/1.3/j2objc-annotations-1.3.jar:/home/runner/.m2/repository/commons-io/commons-io/2.11.0/commons-io-2.11.0.jar:/home/runner/.m2/repository/commons-logging/commons-logging/1.2/commons-logging-1.2.jar:/home/runner/.m2/repository/log4j/log4j/1.2.17/log4j-1.2.17.jar:/home/runner/.m2/repository/org/slf4j/slf4j-api/1.7.30/slf4j-api-1.7.30.jar:/home/runner/.m2/repository/org/apache/ozone/hdds-server-scm/1.2.0-SNAPSHOT/hdds-server-scm-1.2.0-SNAPSHOT.jar:/home/runner/.m2/repository/org/apache/ozone/hdds-container-service/1.2.0-SNAPSHOT/hdds-container-service-1.2.0-SNAPSHOT.jar:/home/runner/.m2/repository/org/apache/ozone/hdds-hadoop-dependency-server/1.2.0-SNAPSHOT/hdds-hadoop-dependency-server-1.2.0-SNAPSHOT.jar:/home/runner/.m2/repository/org/apache/hadoop/hadoop-hdfs/3.3.1/hadoop-hdfs-3.3.1.jar:/home/runner/.m2/repository/io/dropwizard/metrics/metrics-core/3.2.4/metrics-core-3.2.4.jar:/home/runner/.m2/repository/org/apache/hadoop/hadoop-hdfs-client/3.3.1/hadoop-hdfs-client-3.3.1.jar:/home/runner/.m2/repository/org/bouncycastle/bcprov-jdk15on/1.67/bcprov-jdk15on-1.67.jar:/home/runner/.m2/repository/com/google/protobuf/protobuf-java/2.5.0/protobuf-java-2.5.0.jar:/home/runner/.m2/repository/org/apache/ozone/ozone-manager/1.2.0-SNAPSHOT/ozone-manager-1.2.0-SNAPSHOT.jar:/home/runner/.m2/repository/org/aspectj/aspectjrt/1.9.7/aspectjrt-1.9.7.jar:/home/runner/.m2/repository/org/aspectj/aspectjweaver/1.9.7/aspectjweaver-1.9.7.jar:/home/runner/.m2/repository/org/apache/ozone/hdds-interface-client/1.2.0-SNAPSHOT/hdds-interface-client-1.2.0-SNAPSHOT.jar:/home/runner/.m2/repository/org/apache/hadoop/thirdparty/hadoop-shaded-protobuf_3_7/1.1.1/hadoop-shaded-protobuf_3_7-1.1.1.jar:/home/runner/.m2/repository/org/apache/ozone/ozone-interface-storage/1.2.0-SNAPSHOT/ozone-interface-storage-1.2.0-SNAPSHOT.jar:/home/runner/.m2/repository/org/reflections/reflections/0.9.11/reflections-0.9.11.jar:/home/runner/.m2/repository/org/apache/hadoop/hadoop-minikdc/3.3.1/hadoop-minikdc-3.3.1.jar:/home/runner/.m2/repository/org/apache/kerby/kerb-simplekdc/1.0.1/kerb-simplekdc-1.0.1.jar:/home/runner/.m2/repository/org/apache/kerby/kerb-client/1.0.1/kerb-client-1.0.1.jar:/home/runner/.m2/repository/org/apache/kerby/kerby-config/1.0.1/kerby-config-1.0.1.jar:/home/runner/.m2/repository/org/apache/kerby/kerb-common/1.0.1/kerb-common-1.0.1.jar:/home/runner/.m2/repository/org/apache/kerby/kerb-crypto/1.0.1/kerb-crypto-1.0.1.jar:/home/runner/.m2/repository/org/apache/kerby/kerb-util/1.0.1/kerb-util-1.0.1.jar:/home/runner/.m2/repository/org/apache/kerby/token-provider/1.0.1/token-provider-1.0.1.jar:/home/runner/.m2/repository/org/apache/kerby/kerb-admin/1.0.1/kerb-admin-1.0.1.jar:/home/runner/.m2/repository/org/apache/kerby/kerb-server/1.0.1/kerb-server-1.0.1.jar:/home/runner/.m2/repository/org/apache/kerby/kerb-identity/1.0.1/kerb-identity-1.0.1.jar:/home/runner/.m2/repository/org/apache/kerby/kerby-xdr/1.0.1/kerby-xdr-1.0.1.jar:/home/runner/.m2/repository/org/slf4j/slf4j-log4j12/1.7.30/slf4j-log4j12-1.7.30.jar:/home/runner/.m2/repository/org/apache/ozone/ozone-s3gateway/1.2.0-SNAPSHOT/ozone-s3gateway-1.2.0-SNAPSHOT.jar:/home/runner/.m2/repository/org/javassist/javassist/3.21.0-GA/javassist-3.21.0-GA.jar:/home/runner/.m2/repository/org/jboss/weld/servlet/weld-servlet/2.4.7.Final/weld-servlet-2.4.7.Final.jar:/home/runner/.m2/repository/org/glassfish/jersey/containers/jersey-container-servlet-core/2.33/jersey-container-servlet-core-2.33.jar:/home/runner/.m2/repository/org/glassfish/hk2/external/jakarta.inject/2.6.1/jakarta.inject-2.6.1.jar:/home/runner/.m2/repository/org/glassfish/jersey/core/jersey-common/2.33/jersey-common-2.33.jar:/home/runner/.m2/repository/jakarta/ws/rs/jakarta.ws.rs-api/2.1.6/jakarta.ws.rs-api-2.1.6.jar:/home/runner/.m2/repository/org/glassfish/jersey/ext/cdi/jersey-cdi1x/2.33/jersey-cdi1x-2.33.jar:/home/runner/.m2/repository/org/glassfish/jersey/inject/jersey-hk2/2.33/jersey-hk2-2.33.jar:/home/runner/.m2/repository/org/glassfish/hk2/hk2-locator/2.6.1/hk2-locator-2.6.1.jar:/home/runner/.m2/repository/org/glassfish/jersey/media/jersey-media-jaxb/2.33/jersey-media-jaxb-2.33.jar:/home/runner/.m2/repository/org/glassfish/hk2/osgi-resource-locator/1.0.3/osgi-resource-locator-1.0.3.jar:/home/runner/.m2/repository/org/glassfish/hk2/hk2-api/2.5.0/hk2-api-2.5.0.jar:/home/runner/.m2/repository/org/glassfish/hk2/hk2-utils/2.5.0/hk2-utils-2.5.0.jar:/home/runner/.m2/repository/org/glassfish/hk2/external/aopalliance-repackaged/2.5.0/aopalliance-repackaged-2.5.0.jar:/home/runner/.m2/repository/com/fasterxml/jackson/dataformat/jackson-dataformat-xml/2.12.1/jackson-dataformat-xml-2.12.1.jar:/home/runner/.m2/repository/com/fasterxml/jackson/core/jackson-core/2.12.1/jackson-core-2.12.1.jar:/home/runner/.m2/repository/com/fasterxml/jackson/module/jackson-module-jaxb-annotations/2.12.1/jackson-module-jaxb-annotations-2.12.1.jar:/home/runner/.m2/repository/jakarta/xml/bind/jakarta.xml.bind-api/2.3.2/jakarta.xml.bind-api-2.3.2.jar:/home/runner/.m2/repository/org/codehaus/woodstox/stax2-api/3.1.4/stax2-api-3.1.4.jar:/home/runner/.m2/repository/com/fasterxml/woodstox/woodstox-core/5.0.3/woodstox-core-5.0.3.jar:/home/runner/.m2/repository/javax/enterprise/cdi-api/1.2/cdi-api-1.2.jar:/home/runner/.m2/repository/javax/el/javax.el-api/3.0.0/javax.el-api-3.0.0.jar:/home/runner/.m2/repository/javax/interceptor/javax.interceptor-api/1.2/javax.interceptor-api-1.2.jar:/home/runner/.m2/repository/javax/inject/javax.inject/1/javax.inject-1.jar:/home/runner/.m2/repository/javax/xml/bind/jaxb-api/2.3.0/jaxb-api-2.3.0.jar:/home/runner/.m2/repository/org/glassfish/jaxb/jaxb-runtime/2.3.0.1/jaxb-runtime-2.3.0.1.jar:/home/runner/.m2/repository/org/glassfish/jaxb/jaxb-core/2.3.0.1/jaxb-core-2.3.0.1.jar:/home/runner/.m2/repository/org/glassfish/jaxb/txw2/2.3.0.1/txw2-2.3.0.1.jar:/home/runner/.m2/repository/com/sun/istack/istack-commons-runtime/3.0.5/istack-commons-runtime-3.0.5.jar:/home/runner/.m2/repository/org/jvnet/staxex/stax-ex/1.7.8/stax-ex-1.7.8.jar:/home/runner/.m2/repository/com/sun/xml/fastinfoset/FastInfoset/1.2.13/FastInfoset-1.2.13.jar:/home/runner/.m2/repository/javax/activation/activation/1.1.1/activation-1.1.1.jar:/home/runner/.m2/repository/org/apache/ozone/ozone-csi/1.2.0-SNAPSHOT/ozone-csi-1.2.0-SNAPSHOT.jar:/home/runner/.m2/repository/com/google/protobuf/protobuf-java-util/3.12.0/protobuf-java-util-3.12.0.jar:/home/runner/.m2/repository/com/google/code/gson/gson/2.2.4/gson-2.2.4.jar:/home/runner/.m2/repository/org/apache/ozone/hdds-config/1.2.0-SNAPSHOT/hdds-config-1.2.0-SNAPSHOT.jar:/home/runner/.m2/repository/io/grpc/grpc-netty/1.33.0/grpc-netty-1.33.0.jar:/home/runner/.m2/repository/io/grpc/grpc-core/1.33.0/grpc-core-1.33.0.jar:/home/runner/.m2/repository/com/google/android/annotations/4.1.1.4/annotations-4.1.1.4.jar:/home/runner/.m2/repository/io/netty/netty-codec-http2/4.1.63.Final/netty-codec-http2-4.1.63.Final.jar:/home/runner/.m2/repository/io/netty/netty-codec-http/4.1.63.Final/netty-codec-http-4.1.63.Final.jar:/home/runner/.m2/repository/io/netty/netty-handler-proxy/4.1.63.Final/netty-handler-proxy-4.1.63.Final.jar:/home/runner/.m2/repository/io/netty/netty-codec-socks/4.1.63.Final/netty-codec-socks-4.1.63.Final.jar:/home/runner/.m2/repository/io/perfmark/perfmark-api/0.19.0/perfmark-api-0.19.0.jar:/home/runner/.m2/repository/org/codehaus/mojo/animal-sniffer-annotations/1.18/animal-sniffer-annotations-1.18.jar:/home/runner/.m2/repository/io/netty/netty-transport-native-epoll/4.1.63.Final/netty-transport-native-epoll-4.1.63.Final.jar:/home/runner/.m2/repository/io/netty/netty-common/4.1.63.Final/netty-common-4.1.63.Final.jar:/home/runner/.m2/repository/io/netty/netty-buffer/4.1.63.Final/netty-buffer-4.1.63.Final.jar:/home/runner/.m2/repository/io/netty/netty-transport-native-unix-common/4.1.63.Final/netty-transport-native-unix-common-4.1.63.Final.jar:/home/runner/.m2/repository/io/grpc/grpc-protobuf/1.33.0/grpc-protobuf-1.33.0.jar:/home/runner/.m2/repository/io/grpc/grpc-api/1.33.0/grpc-api-1.33.0.jar:/home/runner/.m2/repository/io/grpc/grpc-context/1.33.0/grpc-context-1.33.0.jar:/home/runner/.m2/repository/com/google/api/grpc/proto-google-common-protos/1.17.0/proto-google-common-protos-1.17.0.jar:/home/runner/.m2/repository/io/grpc/grpc-protobuf-lite/1.33.0/grpc-protobuf-lite-1.33.0.jar:/home/runner/.m2/repository/io/grpc/grpc-stub/1.33.0/grpc-stub-1.33.0.jar:/home/runner/.m2/repository/org/apache/ozone/ozone-recon/1.2.0-SNAPSHOT/ozone-recon-1.2.0-SNAPSHOT.jar:/home/runner/.m2/repository/org/apache/ozone/ozone-reconcodegen/1.2.0-SNAPSHOT/ozone-reconcodegen-1.2.0-SNAPSHOT.jar:/home/runner/.m2/repository/com/google/inject/extensions/guice-multibindings/4.0/guice-multibindings-4.0.jar:/home/runner/.m2/repository/com/google/inject/guice/4.0/guice-4.0.jar:/home/runner/.m2/repository/aopalliance/aopalliance/1.0/aopalliance-1.0.jar:/home/runner/.m2/repository/com/google/inject/extensions/guice-assistedinject/4.0/guice-assistedinject-4.0.jar:/home/runner/.m2/repository/com/google/inject/extensions/guice-servlet/4.0/guice-servlet-4.0.jar:/home/runner/.m2/repository/org/glassfish/jersey/containers/jersey-container-servlet/2.33/jersey-container-servlet-2.33.jar:/home/runner/.m2/repository/org/glassfish/hk2/guice-bridge/2.5.0/guice-bridge-2.5.0.jar:/home/runner/.m2/repository/org/glassfish/jersey/core/jersey-server/2.33/jersey-server-2.33.jar:/home/runner/.m2/repository/org/glassfish/jersey/core/jersey-client/2.33/jersey-client-2.33.jar:/home/runner/.m2/repository/jakarta/annotation/jakarta.annotation-api/1.3.5/jakarta.annotation-api-1.3.5.jar:/home/runner/.m2/repository/jakarta/validation/jakarta.validation-api/2.0.2/jakarta.validation-api-2.0.2.jar:/home/runner/.m2/repository/org/glassfish/jersey/media/jersey-media-json-jackson/2.33/jersey-media-json-jackson-2.33.jar:/home/runner/.m2/repository/org/glassfish/jersey/ext/jersey-entity-filtering/2.33/jersey-entity-filtering-2.33.jar:/home/runner/.m2/repository/org/jooq/jooq/3.11.10/jooq-3.11.10.jar:/home/runner/.m2/repository/org/jooq/jooq-meta/3.11.10/jooq-meta-3.11.10.jar:/home/runner/.m2/repository/org/jooq/jooq-codegen/3.11.10/jooq-codegen-3.11.10.jar:/home/runner/.m2/repository/com/jolbox/bonecp/0.8.0.RELEASE/bonecp-0.8.0.RELEASE.jar:/home/runner/.m2/repository/org/apache/derby/derby/10.14.2.0/derby-10.14.2.0.jar:/home/runner/.m2/repository/org/xerial/sqlite-jdbc/3.25.2/sqlite-jdbc-3.25.2.jar:/home/runner/.m2/repository/org/springframework/spring-jdbc/5.2.17.RELEASE/spring-jdbc-5.2.17.RELEASE.jar:/home/runner/.m2/repository/org/springframework/spring-beans/5.2.17.RELEASE/spring-beans-5.2.17.RELEASE.jar:/home/runner/.m2/repository/org/springframework/spring-core/5.2.17.RELEASE/spring-core-5.2.17.RELEASE.jar:/home/runner/.m2/repository/org/springframework/spring-jcl/5.2.17.RELEASE/spring-jcl-5.2.17.RELEASE.jar:/home/runner/.m2/repository/org/springframework/spring-tx/5.2.17.RELEASE/spring-tx-5.2.17.RELEASE.jar:/home/runner/.m2/repository/org/apache/ozone/ozone-client/1.2.0-SNAPSHOT/ozone-client-1.2.0-SNAPSHOT.jar:/home/runner/.m2/repository/org/apache/ozone/ozone-filesystem/1.2.0-SNAPSHOT/ozone-filesystem-1.2.0-SNAPSHOT.jar:/home/runner/.m2/repository/org/apache/ozone/ozone-filesystem-common/1.2.0-SNAPSHOT/ozone-filesystem-common-1.2.0-SNAPSHOT.jar:/home/runner/.m2/repository/org/apache/ozone/ozone-tools/1.2.0-SNAPSHOT/ozone-tools-1.2.0-SNAPSHOT.jar:/home/runner/.m2/repository/org/apache/ratis/ratis-tools/2.2.0/ratis-tools-2.2.0.jar:/home/runner/.m2/repository/com/amazonaws/aws-java-sdk-core/1.11.1034/aws-java-sdk-core-1.11.1034.jar:/home/runner/.m2/repository/org/apache/httpcomponents/httpclient/4.5.13/httpclient-4.5.13.jar:/home/runner/.m2/repository/org/apache/httpcomponents/httpcore/4.4.13/httpcore-4.4.13.jar:/home/runner/.m2/repository/software/amazon/ion/ion-java/1.0.2/ion-java-1.0.2.jar:/home/runner/.m2/repository/com/fasterxml/jackson/dataformat/jackson-dataformat-cbor/2.12.1/jackson-dataformat-cbor-2.12.1.jar:/home/runner/.m2/repository/joda-time/joda-time/2.8.1/joda-time-2.8.1.jar:/home/runner/.m2/repository/com/amazonaws/aws-java-sdk-s3/1.11.1034/aws-java-sdk-s3-1.11.1034.jar:/home/runner/.m2/repository/com/amazonaws/aws-java-sdk-kms/1.11.1034/aws-java-sdk-kms-1.11.1034.jar:/home/runner/.m2/repository/com/amazonaws/jmespath-java/1.11.1034/jmespath-java-1.11.1034.jar:/home/runner/.m2/repository/org/kohsuke/metainf-services/metainf-services/1.8/metainf-services-1.8.jar:/home/runner/.m2/repository/org/apache/ozone/hdds-tools/1.2.0-SNAPSHOT/hdds-tools-1.2.0-SNAPSHOT.jar:/home/runner/.m2/repository/commons-cli/commons-cli/1.2/commons-cli-1.2.jar:/home/runner/.m2/repository/org/apache/commons/commons-lang3/3.7/commons-lang3-3.7.jar:/home/runner/.m2/repository/org/apache/ozone/ozone-manager/1.2.0-SNAPSHOT/ozone-manager-1.2.0-SNAPSHOT-tests.jar:/home/runner/.m2/repository/org/apache/ozone/hdds-common/1.2.0-SNAPSHOT/hdds-common-1.2.0-SNAPSHOT-tests.jar:/home/runner/.m2/repository/org/apache/ozone/hdds-hadoop-dependency-client/1.2.0-SNAPSHOT/hdds-hadoop-dependency-client-1.2.0-SNAPSHOT.jar:/home/runner/.m2/repository/info/picocli/picocli/4.6.1/picocli-4.6.1.jar:/home/runner/.m2/repository/com/fasterxml/jackson/core/jackson-annotations/2.12.1/jackson-annotations-2.12.1.jar:/home/runner/.m2/repository/javax/annotation/javax.annotation-api/1.2/javax.annotation-api-1.2.jar:/home/runner/.m2/repository/org/apache/ratis/ratis-server/2.2.0/ratis-server-2.2.0.jar:/home/runner/.m2/repository/org/apache/ratis/ratis-client/2.2.0/ratis-client-2.2.0.jar:/home/runner/.m2/repository/org/apache/ratis/ratis-server-api/2.2.0/ratis-server-api-2.2.0.jar:/home/runner/.m2/repository/org/apache/ratis/ratis-metrics/2.2.0/ratis-metrics-2.2.0.jar:/home/runner/.m2/repository/org/apache/ratis/ratis-netty/2.2.0/ratis-netty-2.2.0.jar:/home/runner/.m2/repository/org/apache/ratis/ratis-grpc/2.2.0/ratis-grpc-2.2.0.jar:/home/runner/.m2/repository/org/apache/logging/log4j/log4j-api/2.13.3/log4j-api-2.13.3.jar:/home/runner/.m2/repository/org/apache/logging/log4j/log4j-core/2.13.3/log4j-core-2.13.3.jar:/home/runner/.m2/repository/com/lmax/disruptor/3.4.2/disruptor-3.4.2.jar:/home/runner/.m2/repository/org/apache/commons/commons-pool2/2.6.0/commons-pool2-2.6.0.jar:/home/runner/.m2/repository/org/bouncycastle/bcpkix-jdk15on/1.67/bcpkix-jdk15on-1.67.jar:/home/runner/.m2/repository/commons-validator/commons-validator/1.6/commons-validator-1.6.jar:/home/runner/.m2/repository/commons-beanutils/commons-beanutils/1.9.4/commons-beanutils-1.9.4.jar:/home/runner/.m2/repository/commons-digester/commons-digester/1.8.1/commons-digester-1.8.1.jar:/home/runner/.m2/repository/commons-collections/commons-collections/3.2.2/commons-collections-3.2.2.jar:/home/runner/.m2/repository/io/jaegertracing/jaeger-client/1.6.0/jaeger-client-1.6.0.jar:/home/runner/.m2/repository/io/jaegertracing/jaeger-thrift/1.6.0/jaeger-thrift-1.6.0.jar:/home/runner/.m2/repository/org/apache/thrift/libthrift/0.14.1/libthrift-0.14.1.jar:/home/runner/.m2/repository/com/squareup/okhttp3/okhttp/4.9.0/okhttp-4.9.0.jar:/home/runner/.m2/repository/com/squareup/okio/okio/2.8.0/okio-2.8.0.jar:/home/runner/.m2/repository/io/jaegertracing/jaeger-core/1.6.0/jaeger-core-1.6.0.jar:/home/runner/.m2/repository/io/jaegertracing/jaeger-tracerresolver/1.6.0/jaeger-tracerresolver-1.6.0.jar:/home/runner/.m2/repository/io/opentracing/contrib/opentracing-tracerresolver/0.1.8/opentracing-tracerresolver-0.1.8.jar:/home/runner/.m2/repository/org/jetbrains/kotlin/kotlin-stdlib/1.4.31/kotlin-stdlib-1.4.31.jar:/home/runner/.m2/repository/org/jetbrains/kotlin/kotlin-stdlib-common/1.4.31/kotlin-stdlib-common-1.4.31.jar:/home/runner/.m2/repository/org/jetbrains/annotations/13.0/annotations-13.0.jar:/home/runner/.m2/repository/io/opentracing/opentracing-util/0.33.0/opentracing-util-0.33.0.jar:/home/runner/.m2/repository/io/opentracing/opentracing-api/0.33.0/opentracing-api-0.33.0.jar:/home/runner/.m2/repository/io/opentracing/opentracing-noop/0.33.0/opentracing-noop-0.33.0.jar:/home/runner/.m2/repository/org/yaml/snakeyaml/1.26/snakeyaml-1.26.jar:/home/runner/.m2/repository/org/apache/ozone/hdds-interface-admin/1.2.0-SNAPSHOT/hdds-interface-admin-1.2.0-SNAPSHOT.jar:/home/runner/.m2/repository/junit/junit/4.13.1/junit-4.13.1.jar:/home/runner/.m2/repository/org/hamcrest/hamcrest-core/1.3/hamcrest-core-1.3.jar:/home/runner/.m2/repository/org/junit/jupiter/junit-jupiter-api/5.7.0/junit-jupiter-api-5.7.0.jar:/home/runner/.m2/repository/org/apiguardian/apiguardian-api/1.1.0/apiguardian-api-1.1.0.jar:/home/runner/.m2/repository/org/opentest4j/opentest4j/1.2.0/opentest4j-1.2.0.jar:/home/runner/.m2/repository/org/junit/platform/junit-platform-commons/1.7.0/junit-platform-commons-1.7.0.jar:/home/runner/.m2/repository/org/junit/jupiter/junit-jupiter-engine/5.7.0/junit-jupiter-engine-5.7.0.jar:/home/runner/.m2/repository/org/junit/platform/junit-platform-engine/1.7.0/junit-platform-engine-1.7.0.jar:/home/runner/.m2/repository/org/junit/vintage/junit-vintage-engine/5.7.0/junit-vintage-engine-5.7.0.jar:/home/runner/.m2/repository/org/junit/platform/junit-platform-launcher/1.7.0/junit-platform-launcher-1.7.0.jar:/home/runner/.m2/repository/org/openjdk/jmh/jmh-core/1.19/jmh-core-1.19.jar:/home/runner/.m2/repository/net/sf/jopt-simple/jopt-simple/4.6/jopt-simple-4.6.jar:/home/runner/.m2/repository/org/apache/commons/commons-math3/3.1.1/commons-math3-3.1.1.jar:/home/runner/.m2/repository/org/openjdk/jmh/jmh-generator-annprocess/1.19/jmh-generator-annprocess-1.19.jar:/home/runner/.m2/repository/org/mockito/mockito-core/2.28.2/mockito-core-2.28.2.jar:/home/runner/.m2/repository/net/bytebuddy/byte-buddy/1.9.10/byte-buddy-1.9.10.jar:/home/runner/.m2/repository/net/bytebuddy/byte-buddy-agent/1.9.10/byte-buddy-agent-1.9.10.jar:/home/runner/.m2/repository/org/objenesis/objenesis/1.0/objenesis-1.0.jar:/home/runner/.m2/repository/org/apache/hadoop/hadoop-kms/3.3.1/hadoop-kms-3.3.1.jar:/home/runner/.m2/repository/org/apache/hadoop/hadoop-auth/3.3.1/hadoop-auth-3.3.1.jar:/home/runner/.m2/repository/com/nimbusds/nimbus-jose-jwt/7.9/nimbus-jose-jwt-7.9.jar:/home/runner/.m2/repository/com/github/stephenc/jcip/jcip-annotations/1.0-1/jcip-annotations-1.0-1.jar:/home/runner/.m2/repository/net/minidev/json-smart/2.3.1/json-smart-2.3.1.jar:/home/runner/.m2/repository/net/minidev/accessors-smart/2.3.1/accessors-smart-2.3.1.jar:/home/runner/.m2/repository/org/ow2/asm/asm/5.0.4/asm-5.0.4.jar:/home/runner/.m2/repository/org/apache/zookeeper/zookeeper/3.5.6/zookeeper-3.5.6.jar:/home/runner/.m2/repository/org/apache/zookeeper/zookeeper-jute/3.5.6/zookeeper-jute-3.5.6.jar:/home/runner/.m2/repository/org/apache/yetus/audience-annotations/0.5.0/audience-annotations-0.5.0.jar:/home/runner/.m2/repository/org/apache/curator/curator-framework/4.2.0/curator-framework-4.2.0.jar:/home/runner/.m2/repository/org/apache/hadoop/thirdparty/hadoop-shaded-guava/1.1.1/hadoop-shaded-guava-1.1.1.jar:/home/runner/.m2/repository/com/sun/jersey/jersey-core/1.19/jersey-core-1.19.jar:/home/runner/.m2/repository/javax/ws/rs/jsr311-api/1.1.1/jsr311-api-1.1.1.jar:/home/runner/.m2/repository/com/sun/jersey/jersey-server/1.19/jersey-server-1.19.jar:/home/runner/.m2/repository/javax/servlet/javax.servlet-api/3.1.0/javax.servlet-api-3.1.0.jar:/home/runner/.m2/repository/org/eclipse/jetty/jetty-server/9.4.43.v20210629/jetty-server-9.4.43.v20210629.jar:/home/runner/.m2/repository/org/eclipse/jetty/jetty-http/9.4.43.v20210629/jetty-http-9.4.43.v20210629.jar:/home/runner/.m2/repository/org/eclipse/jetty/jetty-io/9.4.43.v20210629/jetty-io-9.4.43.v20210629.jar:/home/runner/.m2/repository/org/eclipse/jetty/jetty-webapp/9.4.43.v20210629/jetty-webapp-9.4.43.v20210629.jar:/home/runner/.m2/repository/org/eclipse/jetty/jetty-xml/9.4.43.v20210629/jetty-xml-9.4.43.v20210629.jar:/home/runner/.m2/repository/org/apache/hadoop/hadoop-common/3.3.1/hadoop-common-3.3.1.jar:/home/runner/.m2/repository/commons-net/commons-net/3.6/commons-net-3.6.jar:/home/runner/.m2/repository/jakarta/activation/jakarta.activation-api/1.2.1/jakarta.activation-api-1.2.1.jar:/home/runner/.m2/repository/com/sun/jersey/jersey-servlet/1.19/jersey-servlet-1.19.jar:/home/runner/.m2/repository/com/sun/jersey/jersey-json/1.19/jersey-json-1.19.jar:/home/runner/.m2/repository/org/codehaus/jettison/jettison/1.1/jettison-1.1.jar:/home/runner/.m2/repository/com/sun/xml/bind/jaxb-impl/2.2.3-1/jaxb-impl-2.2.3-1.jar:/home/runner/.m2/repository/org/codehaus/jackson/jackson-jaxrs/1.9.2/jackson-jaxrs-1.9.2.jar:/home/runner/.m2/repository/org/codehaus/jackson/jackson-xc/1.9.2/jackson-xc-1.9.2.jar:/home/runner/.m2/repository/org/apache/commons/commons-configuration2/2.1.1/commons-configuration2-2.1.1.jar:/home/runner/.m2/repository/org/apache/commons/commons-text/1.4/commons-text-1.4.jar:/home/runner/.m2/repository/com/google/re2j/re2j/1.1/re2j-1.1.jar:/home/runner/.m2/repository/com/jcraft/jsch/0.1.54/jsch-0.1.54.jar:/home/runner/.m2/repository/org/apache/curator/curator-client/4.2.0/curator-client-4.2.0.jar:/home/runner/.m2/repository/org/apache/curator/curator-recipes/4.2.0/curator-recipes-4.2.0.jar:/home/runner/.m2/repository/org/apache/kerby/kerb-core/1.0.1/kerb-core-1.0.1.jar:/home/runner/.m2/repository/org/apache/kerby/kerby-pkix/1.0.1/kerby-pkix-1.0.1.jar:/home/runner/.m2/repository/org/apache/kerby/kerby-asn1/1.0.1/kerby-asn1-1.0.1.jar:/home/runner/.m2/repository/org/apache/kerby/kerby-util/1.0.1/kerby-util-1.0.1.jar:/home/runner/.m2/repository/dnsjava/dnsjava/2.1.7/dnsjava-2.1.7.jar:/home/runner/.m2/repository/org/xerial/snappy/snappy-java/1.1.8.2/snappy-java-1.1.8.2.jar:/home/runner/.m2/repository/org/slf4j/jul-to-slf4j/1.7.30/jul-to-slf4j-1.7.30.jar:/home/runner/.m2/repository/org/eclipse/jetty/jetty-util/9.4.43.v20210629/jetty-util-9.4.43.v20210629.jar:/home/runner/.m2/repository/com/fasterxml/jackson/core/jackson-databind/2.12.1/jackson-databind-2.12.1.jar:/home/runner/.m2/repository/org/apache/hadoop/hadoop-kms/3.3.1/hadoop-kms-3.3.1-tests.jar:/home/runner/.m2/repository/org/apache/ozone/hdds-server-scm/1.2.0-SNAPSHOT/hdds-server-scm-1.2.0-SNAPSHOT-tests.jar:/home/runner/.m2/repository/org/apache/ozone/hdds-container-service/1.2.0-SNAPSHOT/hdds-container-service-1.2.0-SNAPSHOT-tests.jar:/home/runner/.m2/repository/commons-codec/commons-codec/1.11/commons-codec-1.11.jar:/home/runner/.m2/repository/io/netty/netty-transport/4.1.63.Final/netty-transport-4.1.63.Final.jar:/home/runner/.m2/repository/io/netty/netty-resolver/4.1.63.Final/netty-resolver-4.1.63.Final.jar:/home/runner/.m2/repository/io/netty/netty-codec/4.1.63.Final/netty-codec-4.1.63.Final.jar:/home/runner/.m2/repository/io/netty/netty-handler/4.1.63.Final/netty-handler-4.1.63.Final.jar:/home/runner/.m2/repository/org/apache/ozone/hdds-hadoop-dependency-test/1.2.0-SNAPSHOT/hdds-hadoop-dependency-test-1.2.0-SNAPSHOT.jar:/home/runner/.m2/repository/org/apache/hadoop/hadoop-common/3.3.1/hadoop-common-3.3.1-tests.jar:/home/runner/.m2/repository/org/assertj/assertj-core/3.12.2/assertj-core-3.12.2.jar:/home/runner/.m2/repository/org/apache/hadoop/hadoop-hdfs/3.3.1/hadoop-hdfs-3.3.1-tests.jar:/home/runner/.m2/repository/org/eclipse/jetty/jetty-util-ajax/9.4.43.v20210629/jetty-util-ajax-9.4.43.v20210629.jar:/home/runner/.m2/repository/commons-daemon/commons-daemon/1.0.13/commons-daemon-1.0.13.jar:/home/runner/.m2/repository/io/netty/netty/3.10.6.Final/netty-3.10.6.Final.jar:/home/runner/.m2/repository/io/netty/netty-all/4.1.63.Final/netty-all-4.1.63.Final.jar:/home/runner/.m2/repository/org/apache/htrace/htrace-core4/4.1.0-incubating/htrace-core4-4.1.0-incubating.jar:/home/runner/.m2/repository/org/fusesource/leveldbjni/leveldbjni-all/1.8/leveldbjni-all-1.8.jar:/home/runner/.m2/repository/org/apache/hadoop/hadoop-distcp/3.3.1/hadoop-distcp-3.3.1.jar:/home/runner/.m2/repository/org/apache/hadoop/hadoop-mapreduce-client-jobclient/3.3.1/hadoop-mapreduce-client-jobclient-3.3.1.jar:/home/runner/.m2/repository/org/apache/hadoop/hadoop-mapreduce-client-common/3.3.1/hadoop-mapreduce-client-common-3.3.1.jar:/home/runner/.m2/repository/org/apache/hadoop/hadoop-yarn-common/3.3.1/hadoop-yarn-common-3.3.1.jar:/home/runner/.m2/repository/org/apache/hadoop/hadoop-yarn-api/3.3.1/hadoop-yarn-api-3.3.1.jar:/home/runner/.m2/repository/com/sun/jersey/jersey-client/1.19/jersey-client-1.19.jar:/home/runner/.m2/repository/com/sun/jersey/contribs/jersey-guice/1.19/jersey-guice-1.19.jar:/home/runner/.m2/repository/com/fasterxml/jackson/jaxrs/jackson-jaxrs-json-provider/2.12.1/jackson-jaxrs-json-provider-2.12.1.jar:/home/runner/.m2/repository/com/fasterxml/jackson/jaxrs/jackson-jaxrs-base/2.12.1/jackson-jaxrs-base-2.12.1.jar:/home/runner/.m2/repository/org/apache/hadoop/hadoop-yarn-client/3.3.1/hadoop-yarn-client-3.3.1.jar:/home/runner/.m2/repository/org/eclipse/jetty/websocket/websocket-client/9.4.40.v20210413/websocket-client-9.4.40.v20210413.jar:/home/runner/.m2/repository/org/eclipse/jetty/jetty-client/9.4.40.v20210413/jetty-client-9.4.40.v20210413.jar:/home/runner/.m2/repository/org/eclipse/jetty/websocket/websocket-common/9.4.40.v20210413/websocket-common-9.4.40.v20210413.jar:/home/runner/.m2/repository/org/eclipse/jetty/websocket/websocket-api/9.4.40.v20210413/websocket-api-9.4.40.v20210413.jar:/home/runner/.m2/repository/org/jline/jline/3.9.0/jline-3.9.0.jar:/home/runner/.m2/repository/org/apache/hadoop/hadoop-mapreduce-client-core/3.3.1/hadoop-mapreduce-client-core-3.3.1.jar:/home/runner/.m2/repository/org/apache/avro/avro/1.7.7/avro-1.7.7.jar:/home/runner/.m2/repository/org/codehaus/jackson/jackson-core-asl/1.9.13/jackson-core-asl-1.9.13.jar:/home/runner/.m2/repository/org/codehaus/jackson/jackson-mapper-asl/1.9.13/jackson-mapper-asl-1.9.13.jar:/home/runner/.m2/repository/com/thoughtworks/paranamer/paranamer/2.3/paranamer-2.3.jar:/home/runner/.m2/repository/org/apache/hadoop/hadoop-annotations/3.3.1/hadoop-annotations-3.3.1.jar:/usr/lib/jvm/adoptopenjdk-8-hotspot-amd64/jre/../lib/tools.jar:/home/runner/.m2/repository/org/apache/hadoop/hadoop-distcp/3.3.1/hadoop-distcp-3.3.1-tests.jar:/home/runner/.m2/repository/org/apache/ratis/ratis-common/2.2.0/ratis-common-2.2.0.jar:/home/runner/.m2/repository/org/apache/ratis/ratis-thirdparty-misc/0.7.0/ratis-thirdparty-misc-0.7.0.jar:/home/runner/.m2/repository/org/apache/ratis/ratis-proto/2.2.0/ratis-proto-2.2.0.jar:"/>
    <property name="sun.cpu.endian" value="little"/>
    <property name="user.home" value="/home/runner"/>
    <property name="user.language" value="en"/>
    <property name="java.specification.vendor" value="Oracle Corporation"/>
    <property name="java.home" value="/usr/lib/jvm/adoptopenjdk-8-hotspot-amd64/jre"/>
    <property name="java.security.krb5.conf" value="/home/runner/work/ozone/ozone/hadoop-ozone/integration-test/target/test-classes/krb5.conf"/>
    <property name="basedir" value="/home/runner/work/ozone/ozone/hadoop-ozone/integration-test"/>
    <property name="file.separator" value="/"/>
    <property name="line.separator" value="&#10;"/>
    <property name="java.vm.specification.vendor" value="Oracle Corporation"/>
    <property name="java.specification.name" value="Java Platform API Specification"/>
    <property name="java.awt.graphicsenv" value="sun.awt.X11GraphicsEnvironment"/>
    <property name="skip.installnpx" value="true"/>
    <property name="surefire.real.class.path" value="/home/runner/work/ozone/ozone/hadoop-ozone/integration-test/target/surefire/surefirebooter2798084289773248845.jar:/home/runner/.m2/repository/org/jacoco/org.jacoco.agent/0.8.5/org.jacoco.agent-0.8.5-runtime.jar"/>
    <property name="hadoop.log.dir" value="/home/runner/work/ozone/ozone/hadoop-ozone/integration-test/target/log"/>
    <property name="sun.boot.class.path" value="/usr/lib/jvm/adoptopenjdk-8-hotspot-amd64/jre/lib/resources.jar:/usr/lib/jvm/adoptopenjdk-8-hotspot-amd64/jre/lib/rt.jar:/usr/lib/jvm/adoptopenjdk-8-hotspot-amd64/jre/lib/sunrsasign.jar:/usr/lib/jvm/adoptopenjdk-8-hotspot-amd64/jre/lib/jsse.jar:/usr/lib/jvm/adoptopenjdk-8-hotspot-amd64/jre/lib/jce.jar:/usr/lib/jvm/adoptopenjdk-8-hotspot-amd64/jre/lib/charsets.jar:/usr/lib/jvm/adoptopenjdk-8-hotspot-amd64/jre/lib/jfr.jar:/usr/lib/jvm/adoptopenjdk-8-hotspot-amd64/jre/classes"/>
    <property name="sun.management.compiler" value="HotSpot 64-Bit Tiered Compilers"/>
    <property name="skip.npx" value="true"/>
    <property name="java.runtime.version" value="1.8.0_292-b10"/>
    <property name="java.net.preferIPv4Stack" value="true"/>
    <property name="user.name" value="runner"/>
    <property name="path.separator" value=":"/>
    <property name="java.security.egd" value="file:///dev/urandom"/>
    <property name="os.version" value="5.4.0-1061-azure"/>
    <property name="java.endorsed.dirs" value="/usr/lib/jvm/adoptopenjdk-8-hotspot-amd64/jre/lib/endorsed"/>
    <property name="java.runtime.name" value="OpenJDK Runtime Environment"/>
    <property name="file.encoding" value="UTF-8"/>
    <property name="java.vm.name" value="OpenJDK 64-Bit Server VM"/>
    <property name="test.build.webapps" value=""/>
    <property name="localRepository" value="/home/runner/.m2/repository"/>
    <property name="java.vendor.url.bug" value="https://github.com/AdoptOpenJDK/openjdk-support/issues"/>
    <property name="java.io.tmpdir" value="/tmp"/>
    <property name="require.test.libhadoop" value=""/>
    <property name="java.version" value="1.8.0_292"/>
    <property name="user.dir" value="/home/runner/work/ozone/ozone/hadoop-ozone/integration-test"/>
    <property name="os.arch" value="amd64"/>
    <property name="java.vm.specification.name" value="Java Virtual Machine Specification"/>
    <property name="test.build.classes" value="/home/runner/work/ozone/ozone/hadoop-ozone/integration-test/target/test-classes"/>
    <property name="java.awt.printerjob" value="sun.print.PSPrinterJob"/>
    <property name="sun.os.patch.level" value="unknown"/>
    <property name="hadoop.tmp.dir" value="/home/runner/work/ozone/ozone/hadoop-ozone/integration-test/target/tmp"/>
    <property name="java.library.path" value="/usr/java/packages/lib/amd64:/usr/lib64:/lib64:/lib:/usr/lib"/>
    <property name="java.vm.info" value="mixed mode"/>
    <property name="java.vendor" value="AdoptOpenJDK"/>
    <property name="java.vm.version" value="25.292-b10"/>
    <property name="java.ext.dirs" value="/usr/lib/jvm/adoptopenjdk-8-hotspot-amd64/jre/lib/ext:/usr/java/packages/lib/ext"/>
    <property name="sun.io.unicode.encoding" value="UnicodeLittle"/>
    <property name="java.class.version" value="52.0"/>
  </properties>
  <testcase name="testNodeWithOpenPipelineCanBeDecommissionedAndRecommissioned" classname="org.apache.hadoop.ozone.scm.node.TestDecommissionAndMaintenance" time="45.452">
    <error message="zip file closed" type="java.lang.IllegalStateException"><![CDATA[java.lang.IllegalStateException: zip file closed
	at java.util.zip.ZipFile.ensureOpen(ZipFile.java:686)
	at java.util.zip.ZipFile.access$200(ZipFile.java:60)
	at java.util.zip.ZipFile$ZipEntryIterator.hasNext(ZipFile.java:508)
	at java.util.zip.ZipFile$ZipEntryIterator.hasMoreElements(ZipFile.java:503)
	at java.util.jar.JarFile$JarEntryIterator.hasNext(JarFile.java:253)
	at java.util.jar.JarFile$JarEntryIterator.hasMoreElements(JarFile.java:262)
	at org.reflections.vfs.ZipDir$1$1.computeNext(ZipDir.java:30)
	at org.reflections.vfs.ZipDir$1$1.computeNext(ZipDir.java:26)
	at com.google.common.collect.AbstractIterator.tryToComputeNext(AbstractIterator.java:141)
	at com.google.common.collect.AbstractIterator.hasNext(AbstractIterator.java:136)
	at org.reflections.Reflections.scan(Reflections.java:243)
	at org.reflections.Reflections.scan(Reflections.java:202)
	at org.reflections.Reflections.<init>(Reflections.java:123)
	at org.reflections.Reflections.<init>(Reflections.java:168)
	at org.apache.hadoop.hdds.upgrade.HDDSLayoutVersionManager.registerUpgradeActions(HDDSLayoutVersionManager.java:64)
	at org.apache.hadoop.hdds.upgrade.HDDSLayoutVersionManager.<init>(HDDSLayoutVersionManager.java:51)
	at org.apache.hadoop.ozone.container.common.statemachine.DatanodeStateMachine.<init>(DatanodeStateMachine.java:137)
	at org.apache.hadoop.ozone.HddsDatanodeService.start(HddsDatanodeService.java:275)
	at org.apache.hadoop.ozone.HddsDatanodeService.start(HddsDatanodeService.java:207)
	at org.apache.hadoop.ozone.MiniOzoneClusterImpl.restartHddsDatanode(MiniOzoneClusterImpl.java:423)
	at org.apache.hadoop.ozone.scm.node.TestDecommissionAndMaintenance.testNodeWithOpenPipelineCanBeDecommissionedAndRecommissioned(TestDecommissionAndMaintenance.java:197)
	at sun.reflect.NativeMethodAccessorImpl.invoke0(Native Method)
	at sun.reflect.NativeMethodAccessorImpl.invoke(NativeMethodAccessorImpl.java:62)
	at sun.reflect.DelegatingMethodAccessorImpl.invoke(DelegatingMethodAccessorImpl.java:43)
	at java.lang.reflect.Method.invoke(Method.java:498)
	at org.junit.runners.model.FrameworkMethod$1.runReflectiveCall(FrameworkMethod.java:59)
	at org.junit.internal.runners.model.ReflectiveCallable.run(ReflectiveCallable.java:12)
	at org.junit.runners.model.FrameworkMethod.invokeExplosively(FrameworkMethod.java:56)
	at org.junit.internal.runners.statements.InvokeMethod.evaluate(InvokeMethod.java:17)
	at org.junit.internal.runners.statements.RunBefores.evaluate(RunBefores.java:26)
	at org.junit.internal.runners.statements.RunAfters.evaluate(RunAfters.java:27)
	at org.junit.runners.ParentRunner$3.evaluate(ParentRunner.java:306)
	at org.junit.runners.BlockJUnit4ClassRunner$1.evaluate(BlockJUnit4ClassRunner.java:100)
	at org.junit.runners.ParentRunner.runLeaf(ParentRunner.java:366)
	at org.junit.runners.BlockJUnit4ClassRunner.runChild(BlockJUnit4ClassRunner.java:103)
	at org.junit.runners.BlockJUnit4ClassRunner.runChild(BlockJUnit4ClassRunner.java:63)
	at org.junit.runners.ParentRunner$4.run(ParentRunner.java:331)
	at org.junit.runners.ParentRunner$1.schedule(ParentRunner.java:79)
	at org.junit.runners.ParentRunner.runChildren(ParentRunner.java:329)
	at org.junit.runners.ParentRunner.access$100(ParentRunner.java:66)
	at org.junit.runners.ParentRunner$2.evaluate(ParentRunner.java:293)
	at org.junit.internal.runners.statements.RunBefores.evaluate(RunBefores.java:26)
	at org.junit.internal.runners.statements.RunAfters.evaluate(RunAfters.java:27)
	at org.junit.runners.ParentRunner$3.evaluate(ParentRunner.java:306)
	at org.junit.runners.ParentRunner.run(ParentRunner.java:413)
	at org.junit.runner.JUnitCore.run(JUnitCore.java:137)
	at org.junit.runner.JUnitCore.run(JUnitCore.java:115)
	at org.junit.vintage.engine.execution.RunnerExecutor.execute(RunnerExecutor.java:43)
	at java.util.stream.ForEachOps$ForEachOp$OfRef.accept(ForEachOps.java:183)
	at java.util.stream.ReferencePipeline$3$1.accept(ReferencePipeline.java:193)
	at java.util.Iterator.forEachRemaining(Iterator.java:116)
	at java.util.Spliterators$IteratorSpliterator.forEachRemaining(Spliterators.java:1801)
	at java.util.stream.AbstractPipeline.copyInto(AbstractPipeline.java:482)
	at java.util.stream.AbstractPipeline.wrapAndCopyInto(AbstractPipeline.java:472)
	at java.util.stream.ForEachOps$ForEachOp.evaluateSequential(ForEachOps.java:150)
	at java.util.stream.ForEachOps$ForEachOp$OfRef.evaluateSequential(ForEachOps.java:173)
	at java.util.stream.AbstractPipeline.evaluate(AbstractPipeline.java:234)
	at java.util.stream.ReferencePipeline.forEach(ReferencePipeline.java:485)
	at org.junit.vintage.engine.VintageTestEngine.executeAllChildren(VintageTestEngine.java:82)
	at org.junit.vintage.engine.VintageTestEngine.execute(VintageTestEngine.java:73)
	at org.junit.platform.launcher.core.EngineExecutionOrchestrator.execute(EngineExecutionOrchestrator.java:108)
	at org.junit.platform.launcher.core.EngineExecutionOrchestrator.execute(EngineExecutionOrchestrator.java:88)
	at org.junit.platform.launcher.core.EngineExecutionOrchestrator.lambda$execute$0(EngineExecutionOrchestrator.java:54)
	at org.junit.platform.launcher.core.EngineExecutionOrchestrator.withInterceptedStreams(EngineExecutionOrchestrator.java:67)
	at org.junit.platform.launcher.core.EngineExecutionOrchestrator.execute(EngineExecutionOrchestrator.java:52)
	at org.junit.platform.launcher.core.DefaultLauncher.execute(DefaultLauncher.java:96)
	at org.junit.platform.launcher.core.DefaultLauncher.execute(DefaultLauncher.java:75)
	at org.apache.maven.surefire.junitplatform.JUnitPlatformProvider.invokeAllTests(JUnitPlatformProvider.java:142)
	at org.apache.maven.surefire.junitplatform.JUnitPlatformProvider.invoke(JUnitPlatformProvider.java:113)
	at org.apache.maven.surefire.booter.ForkedBooter.invokeProviderInSameClassLoader(ForkedBooter.java:384)
	at org.apache.maven.surefire.booter.ForkedBooter.runSuitesInProcess(ForkedBooter.java:345)
	at org.apache.maven.surefire.booter.ForkedBooter.execute(ForkedBooter.java:126)
	at org.apache.maven.surefire.booter.ForkedBooter.main(ForkedBooter.java:418)
]]></error>
    <system-out><![CDATA[2021-10-27 07:37:10,155 [Mini-Cluster-Provider-Create] WARN  server.ServerUtils (ServerUtils.java:getScmDbDir(148)) - ozone.scm.db.dirs is not configured. We recommend adding this setting. Falling back to ozone.metadata.dirs instead.
2021-10-27 07:37:10,271 [Mini-Cluster-Provider-Create] INFO  ha.SCMHANodeDetails (SCMHANodeDetails.java:loadSCMHAConfig(157)) - ServiceID for StorageContainerManager is null
2021-10-27 07:37:10,272 [Mini-Cluster-Provider-Create] INFO  ha.SCMHANodeDetails (SCMHANodeDetails.java:loadSCMHAConfig(162)) - ozone.scm.default.service.id is not defined, falling back to ozone.scm.service.ids to find serviceID for StorageContainerManager if it is HA enabled cluster
2021-10-27 07:37:10,400 [Mini-Cluster-Provider-Create] WARN  server.ServerUtils (ServerUtils.java:getScmDbDir(148)) - ozone.scm.db.dirs is not configured. We recommend adding this setting. Falling back to ozone.metadata.dirs instead.
2021-10-27 07:37:10,404 [Mini-Cluster-Provider-Create] INFO  upgrade.AbstractLayoutVersionManager (AbstractLayoutVersionManager.java:init(79)) - Initializing Layout version manager with metadata layout = SCM_HA (version = 2), software layout = SCM_HA (version = 2)
2021-10-27 07:37:10,698 [Mini-Cluster-Provider-Create] INFO  reflections.Reflections (Reflections.java:scan(232)) - Reflections took 179 ms to scan 7 urls, producing 119 keys and 279 values 
2021-10-27 07:37:11,419 [Mini-Cluster-Provider-Create] WARN  utils.HAUtils (HAUtils.java:getMetaDir(342)) - ozone.scm.db.dirs is not configured. We recommend adding this setting. Falling back to ozone.metadata.dirs instead.
2021-10-27 07:37:11,565 [Mini-Cluster-Provider-Create] WARN  db.DBStoreBuilder (DBStoreBuilder.java:applyDBDefinition(145)) - ozone.scm.db.dirs is not configured. We recommend adding this setting. Falling back to ozone.metadata.dirs instead.
2021-10-27 07:37:11,738 [Mini-Cluster-Provider-Create] INFO  net.NodeSchemaLoader (NodeSchemaLoader.java:loadSchemaFromFile(129)) - Loading schema from [jar:file:/home/runner/.m2/repository/org/apache/ozone/hdds-common/1.2.0-SNAPSHOT/hdds-common-1.2.0-SNAPSHOT.jar!/network-topology-default.xml]
2021-10-27 07:37:11,740 [Mini-Cluster-Provider-Create] INFO  net.NodeSchemaLoader (NodeSchemaLoader.java:loadSchema(176)) - Loading network topology layer schema file
2021-10-27 07:37:11,788 [Mini-Cluster-Provider-Create] INFO  metrics.MetricRegistries (MetricRegistriesLoader.java:load(64)) - Loaded MetricRegistries class org.apache.ratis.metrics.impl.MetricRegistriesImpl
2021-10-27 07:37:11,806 [Mini-Cluster-Provider-Create] INFO  ha.SequenceIdGenerator (SequenceIdGenerator.java:upgradeToSequenceId(347)) - upgrade localId to 107544261427200000
2021-10-27 07:37:11,806 [Mini-Cluster-Provider-Create] INFO  ha.SequenceIdGenerator (SequenceIdGenerator.java:upgradeToSequenceId(357)) - upgrade delTxnId to 0
2021-10-27 07:37:11,810 [Mini-Cluster-Provider-Create] INFO  ha.SequenceIdGenerator (SequenceIdGenerator.java:upgradeToSequenceId(371)) - upgrade containerId to 0
2021-10-27 07:37:11,812 [Mini-Cluster-Provider-Create] INFO  ha.SequenceIdGenerator (SequenceIdGenerator.java:<init>(218)) - Init the HA SequenceIdGenerator.
2021-10-27 07:37:11,857 [Mini-Cluster-Provider-Create] INFO  node.SCMNodeManager (SCMNodeManager.java:<init>(144)) - Entering startup safe mode.
2021-10-27 07:37:11,916 [Mini-Cluster-Provider-Create] INFO  algorithms.ContainerPlacementPolicyFactory (ContainerPlacementPolicyFactory.java:getPolicy(60)) - Create container placement policy of type org.apache.hadoop.hdds.scm.container.placement.algorithms.SCMContainerPlacementRandom
2021-10-27 07:37:11,926 [Mini-Cluster-Provider-Create] INFO  pipeline.PipelineStateManagerImpl (PipelineStateManagerImpl.java:initialize(78)) - No pipeline exists in current db
2021-10-27 07:37:11,961 [Mini-Cluster-Provider-Create] INFO  algorithms.LeaderChoosePolicyFactory (LeaderChoosePolicyFactory.java:getPolicy(57)) - Create leader choose policy of type org.apache.hadoop.hdds.scm.pipeline.leader.choose.algorithms.MinLeaderCountChoosePolicy
2021-10-27 07:37:11,967 [Mini-Cluster-Provider-Create] INFO  ha.SCMServiceManager (SCMServiceManager.java:register(43)) - Registering service BackgroundPipelineCreator.
2021-10-27 07:37:11,967 [Mini-Cluster-Provider-Create] INFO  pipeline.BackgroundPipelineCreator (BackgroundPipelineCreator.java:start(130)) - Starting RatisPipelineUtilsThread.
2021-10-27 07:37:12,001 [Mini-Cluster-Provider-Create] INFO  algorithms.PipelineChoosePolicyFactory (PipelineChoosePolicyFactory.java:createPipelineChoosePolicyFromClass(73)) - Create pipeline choose policy of type org.apache.hadoop.hdds.scm.pipeline.choose.algorithms.RandomPipelineChoosePolicy
2021-10-27 07:37:12,021 [Mini-Cluster-Provider-Create] INFO  ha.SCMServiceManager (SCMServiceManager.java:register(43)) - Registering service SCMBlockDeletingService.
2021-10-27 07:37:12,045 [Mini-Cluster-Provider-Create] INFO  ha.SCMServiceManager (SCMServiceManager.java:register(43)) - Registering service ReplicationManager.
2021-10-27 07:37:12,049 [Mini-Cluster-Provider-Create] INFO  container.ReplicationManager (ReplicationManager.java:start(319)) - Starting Replication Monitor Thread.
2021-10-27 07:37:12,058 [ReplicationMonitor] INFO  container.ReplicationManager (ReplicationManager.java:processAll(371)) - Replication Monitor Thread took 1 milliseconds for processing 0 containers.
2021-10-27 07:37:12,062 [Mini-Cluster-Provider-Create] INFO  safemode.ContainerSafeModeRule (ContainerSafeModeRule.java:<init>(89)) - containers with one replica threshold count 0
2021-10-27 07:37:12,066 [Mini-Cluster-Provider-Create] INFO  safemode.HealthyPipelineSafeModeRule (HealthyPipelineSafeModeRule.java:initializeRule(156)) - Total pipeline count is 0, healthy pipeline threshold count is 1
2021-10-27 07:37:12,069 [Mini-Cluster-Provider-Create] INFO  safemode.OneReplicaPipelineSafeModeRule (OneReplicaPipelineSafeModeRule.java:initializeRule(180)) - Total pipeline count is 0, pipeline's with at least one datanode reported threshold count is 0
2021-10-27 07:37:12,498 [Mini-Cluster-Provider-Create] INFO  ipc.CallQueueManager (CallQueueManager.java:<init>(90)) - Using callQueue: class java.util.concurrent.LinkedBlockingQueue, queueCapacity: 2000, scheduler: class org.apache.hadoop.ipc.DefaultRpcScheduler, ipcBackoff: false.
2021-10-27 07:37:12,537 [Socket Reader #1 for port 0] INFO  ipc.Server (Server.java:run(1265)) - Starting Socket Reader #1 for port 0
2021-10-27 07:37:12,581 [Listener at 0.0.0.0/41429] INFO  ipc.CallQueueManager (CallQueueManager.java:<init>(90)) - Using callQueue: class java.util.concurrent.LinkedBlockingQueue, queueCapacity: 2000, scheduler: class org.apache.hadoop.ipc.DefaultRpcScheduler, ipcBackoff: false.
2021-10-27 07:37:12,582 [Socket Reader #1 for port 0] INFO  ipc.Server (Server.java:run(1265)) - Starting Socket Reader #1 for port 0
2021-10-27 07:37:12,600 [Listener at 0.0.0.0/36675] INFO  ipc.CallQueueManager (CallQueueManager.java:<init>(90)) - Using callQueue: class java.util.concurrent.LinkedBlockingQueue, queueCapacity: 2000, scheduler: class org.apache.hadoop.ipc.DefaultRpcScheduler, ipcBackoff: false.
2021-10-27 07:37:12,605 [Socket Reader #1 for port 0] INFO  ipc.Server (Server.java:run(1265)) - Starting Socket Reader #1 for port 0
2021-10-27 07:37:12,658 [Listener at 0.0.0.0/46053] INFO  algorithms.ContainerPlacementPolicyFactory (ContainerPlacementPolicyFactory.java:getPolicy(60)) - Create container placement policy of type org.apache.hadoop.hdds.scm.container.placement.algorithms.SCMContainerPlacementRandom
2021-10-27 07:37:12,666 [Listener at 0.0.0.0/46053] INFO  server.StorageContainerManager (StorageContainerManager.java:<init>(388)) - 
Container Balancer status:
Key                            Value
Running                        false
Container Balancer Configuration values:
Key                                                Value
Threshold                                          0.1
Max Datanodes to Involve per Iteration(ratio)      0.2
Max Size to Move per Iteration                     32212254720B

2021-10-27 07:37:12,667 [Listener at 0.0.0.0/46053] WARN  events.EventQueue (EventQueue.java:fireEvent(194)) - No event handler registered for event TypedEvent{payloadType=SafeModeStatus, name='Safe mode status'}
2021-10-27 07:37:12,667 [Listener at 0.0.0.0/46053] INFO  ha.SCMContext (SCMContext.java:updateSafeModeStatus(205)) - Update SafeModeStatus from SafeModeStatus{safeModeStatus=true, preCheckPassed=false} to SafeModeStatus{safeModeStatus=true, preCheckPassed=false}.
2021-10-27 07:37:12,671 [Listener at 0.0.0.0/46053] INFO  server.StorageContainerManager (StorageContainerManager.java:start(1303)) - StorageContainerLocationProtocol RPC server is listening at /0.0.0.0:46053
2021-10-27 07:37:12,755 [Listener at 0.0.0.0/46053] WARN  impl.MetricsConfig (MetricsConfig.java:loadFirst(136)) - Cannot locate configuration: tried hadoop-metrics2-storagecontainermanager.properties,hadoop-metrics2.properties
2021-10-27 07:37:12,778 [Listener at 0.0.0.0/46053] INFO  impl.MetricsSystemImpl (MetricsSystemImpl.java:startTimer(378)) - Scheduled Metric snapshot period at 10 second(s).
2021-10-27 07:37:12,778 [Listener at 0.0.0.0/46053] INFO  impl.MetricsSystemImpl (MetricsSystemImpl.java:start(191)) - StorageContainerManager metrics system started
2021-10-27 07:37:13,117 [ReplicationMonitor] INFO  container.ReplicationManager (ReplicationManager.java:processAll(371)) - Replication Monitor Thread took 0 milliseconds for processing 0 containers.
2021-10-27 07:37:13,192 [Listener at 0.0.0.0/46053] INFO  server.SCMClientProtocolServer (SCMClientProtocolServer.java:start(164)) - RPC server for Client  is listening at /0.0.0.0:46053
2021-10-27 07:37:13,193 [IPC Server Responder] INFO  ipc.Server (Server.java:run(1507)) - IPC Server Responder: starting
2021-10-27 07:37:13,198 [IPC Server listener on 0] INFO  ipc.Server (Server.java:run(1344)) - IPC Server listener on 0: starting
2021-10-27 07:37:13,205 [Listener at 0.0.0.0/46053] INFO  server.StorageContainerManager (StorageContainerManager.java:start(1318)) - ScmBlockLocationProtocol RPC server is listening at /0.0.0.0:36675
2021-10-27 07:37:13,205 [Listener at 0.0.0.0/46053] INFO  server.SCMBlockProtocolServer (SCMBlockProtocolServer.java:start(151)) - RPC server for Block Protocol is listening at /0.0.0.0:36675
2021-10-27 07:37:13,206 [IPC Server Responder] INFO  ipc.Server (Server.java:run(1507)) - IPC Server Responder: starting
2021-10-27 07:37:13,206 [IPC Server listener on 0] INFO  ipc.Server (Server.java:run(1344)) - IPC Server listener on 0: starting
2021-10-27 07:37:13,210 [Listener at 0.0.0.0/46053] INFO  server.StorageContainerManager (StorageContainerManager.java:start(1324)) - ScmDatanodeProtocl RPC server is listening at /0.0.0.0:41429
2021-10-27 07:37:13,210 [Listener at 0.0.0.0/46053] INFO  server.SCMDatanodeProtocolServer (SCMDatanodeProtocolServer.java:start(181)) - RPC server for DataNodes is listening at /0.0.0.0:41429
2021-10-27 07:37:13,211 [IPC Server Responder] INFO  ipc.Server (Server.java:run(1507)) - IPC Server Responder: starting
2021-10-27 07:37:13,213 [IPC Server listener on 0] INFO  ipc.Server (Server.java:run(1344)) - IPC Server listener on 0: starting
2021-10-27 07:37:13,237 [org.apache.hadoop.util.JvmPauseMonitor$Monitor@59add009] INFO  util.JvmPauseMonitor (JvmPauseMonitor.java:run(188)) - Starting JVM pause monitor
2021-10-27 07:37:13,259 [Listener at 0.0.0.0/46053] INFO  http.BaseHttpServer (BaseHttpServer.java:newHttpServer2BuilderForOzone(209)) - Starting Web-server for scm at: http://0.0.0.0:0
2021-10-27 07:37:13,260 [Listener at 0.0.0.0/46053] INFO  http.BaseHttpServer (BaseHttpServer.java:<init>(107)) - Hadoop Security Enabled: false Ozone Security Enabled: false Ozone HTTP Security Enabled: false 
2021-10-27 07:37:13,296 [Listener at 0.0.0.0/46053] INFO  util.log (Log.java:initialized(170)) - Logging initialized @4863ms to org.eclipse.jetty.util.log.Slf4jLog
2021-10-27 07:37:13,423 [Listener at 0.0.0.0/46053] INFO  server.AuthenticationFilter (AuthenticationFilter.java:constructSecretProvider(240)) - Unable to initialize FileSignerSecretProvider, falling back to use random secrets.
2021-10-27 07:37:13,429 [Listener at 0.0.0.0/46053] WARN  http.HttpRequestLog (HttpRequestLog.java:getRequestLog(103)) - Jetty request log can only be enabled using Log4j
2021-10-27 07:37:13,436 [Listener at 0.0.0.0/46053] INFO  http.HttpServer2 (HttpServer2.java:addGlobalFilter(1030)) - Added global filter 'safety' (class=org.apache.hadoop.hdds.server.http.HttpServer2$QuotingInputFilter)
2021-10-27 07:37:13,438 [Listener at 0.0.0.0/46053] INFO  http.HttpServer2 (HttpServer2.java:addFilter(1006)) - Added filter static_user_filter (class=org.apache.hadoop.http.lib.StaticUserWebFilter$StaticUserFilter) to context scm
2021-10-27 07:37:13,438 [Listener at 0.0.0.0/46053] INFO  http.HttpServer2 (HttpServer2.java:addFilter(1014)) - Added filter static_user_filter (class=org.apache.hadoop.http.lib.StaticUserWebFilter$StaticUserFilter) to context logs
2021-10-27 07:37:13,438 [Listener at 0.0.0.0/46053] INFO  http.HttpServer2 (HttpServer2.java:addFilter(1014)) - Added filter static_user_filter (class=org.apache.hadoop.http.lib.StaticUserWebFilter$StaticUserFilter) to context static
2021-10-27 07:37:13,484 [Listener at 0.0.0.0/46053] INFO  http.HttpServer2 (HttpServer2.java:bindListener(1249)) - Jetty bound to port 36331
2021-10-27 07:37:13,486 [Listener at 0.0.0.0/46053] INFO  server.Server (Server.java:doStart(375)) - jetty-9.4.43.v20210629; built: 2021-06-30T11:07:22.254Z; git: 526006ecfa3af7f1a27ef3a288e2bef7ea9dd7e8; jvm 1.8.0_292-b10
2021-10-27 07:37:13,523 [Listener at 0.0.0.0/46053] INFO  server.session (DefaultSessionIdManager.java:doStart(334)) - DefaultSessionIdManager workerName=node0
2021-10-27 07:37:13,523 [Listener at 0.0.0.0/46053] INFO  server.session (DefaultSessionIdManager.java:doStart(339)) - No SessionScavenger set, using defaults
2021-10-27 07:37:13,525 [Listener at 0.0.0.0/46053] INFO  server.session (HouseKeeper.java:startScavenging(132)) - node0 Scavenging every 660000ms
2021-10-27 07:37:13,540 [Listener at 0.0.0.0/46053] INFO  handler.ContextHandler (ContextHandler.java:doStart(915)) - Started o.e.j.s.ServletContextHandler@78a9a748{logs,/logs,file:///home/runner/work/ozone/ozone/hadoop-ozone/integration-test/target/log,AVAILABLE}
2021-10-27 07:37:13,541 [Listener at 0.0.0.0/46053] INFO  handler.ContextHandler (ContextHandler.java:doStart(915)) - Started o.e.j.s.ServletContextHandler@e453e20{static,/static,file:///home/runner/work/ozone/ozone/hadoop-ozone/integration-test/target/test-classes/webapps/static,AVAILABLE}
2021-10-27 07:37:13,591 [Listener at 0.0.0.0/46053] INFO  handler.ContextHandler (ContextHandler.java:doStart(915)) - Started o.e.j.w.WebAppContext@16ddc717{scm,/,file:///home/runner/work/ozone/ozone/hadoop-ozone/integration-test/target/test-classes/webapps/scm/,AVAILABLE}{file:/home/runner/work/ozone/ozone/hadoop-ozone/integration-test/target/test-classes/webapps/scm}
2021-10-27 07:37:13,603 [Listener at 0.0.0.0/46053] INFO  server.AbstractConnector (AbstractConnector.java:doStart(331)) - Started ServerConnector@2fb0a1d{HTTP/1.1, (http/1.1)}{0.0.0.0:36331}
2021-10-27 07:37:13,604 [Listener at 0.0.0.0/46053] INFO  server.Server (Server.java:doStart(415)) - Started @5171ms
2021-10-27 07:37:13,608 [Listener at 0.0.0.0/46053] INFO  impl.MetricsSinkAdapter (MetricsSinkAdapter.java:start(204)) - Sink prometheus started
2021-10-27 07:37:13,609 [Listener at 0.0.0.0/46053] INFO  impl.MetricsSystemImpl (MetricsSystemImpl.java:registerSink(305)) - Registered sink prometheus
2021-10-27 07:37:13,610 [Listener at 0.0.0.0/46053] INFO  http.BaseHttpServer (BaseHttpServer.java:updateConnectorAddress(329)) - HTTP server of scm listening at http://0.0.0.0:36331
2021-10-27 07:37:13,612 [Listener at 0.0.0.0/46053] WARN  server.ServerUtils (ServerUtils.java:getDBPath(225)) - ozone.om.db.dirs is not configured. We recommend adding this setting. Falling back to ozone.metadata.dirs instead.
2021-10-27 07:37:13,740 [Listener at 0.0.0.0/46053] INFO  ha.OMHANodeDetails (OMHANodeDetails.java:loadOMHAConfig(112)) - ozone.om.internal.service.id is not defined, falling back to ozone.om.service.ids to find serviceID for OzoneManager if it is HA enabled cluster
2021-10-27 07:37:13,743 [Listener at 0.0.0.0/46053] INFO  ha.OMHANodeDetails (OMHANodeDetails.java:loadOMHAConfig(219)) - Configuration does not have ozone.om.address set. Falling back to the default OM address /127.0.0.1:0
2021-10-27 07:37:13,744 [Listener at 0.0.0.0/46053] INFO  ha.OMHANodeDetails (OMHANodeDetails.java:getOMNodeDetails(247)) - OM Service ID is not set. Setting it to the default ID: omServiceIdDefault
2021-10-27 07:37:13,744 [Listener at 0.0.0.0/46053] INFO  ha.OMHANodeDetails (OMHANodeDetails.java:getOMNodeDetails(254)) - OM Node ID is not set. Setting it to the default ID: om1
2021-10-27 07:37:13,748 [Listener at 0.0.0.0/46053] WARN  server.ServerUtils (ServerUtils.java:getDBPath(225)) - ozone.om.db.dirs is not configured. We recommend adding this setting. Falling back to ozone.metadata.dirs instead.
2021-10-27 07:37:13,750 [Listener at 0.0.0.0/46053] INFO  upgrade.AbstractLayoutVersionManager (AbstractLayoutVersionManager.java:init(79)) - Initializing Layout version manager with metadata layout = INITIAL_VERSION (version = 0), software layout = INITIAL_VERSION (version = 0)
2021-10-27 07:37:13,821 [Listener at 0.0.0.0/46053] INFO  reflections.Reflections (Reflections.java:scan(232)) - Reflections took 63 ms to scan 2 urls, producing 131 keys and 342 values [using 2 cores]
2021-10-27 07:37:13,828 [Listener at 0.0.0.0/46053] INFO  upgrade.OMLayoutVersionManager (OMLayoutVersionManager.java:lambda$0(115)) - Skipping Upgrade Action MockOmUpgradeAction since it has been finalized.
2021-10-27 07:37:13,830 [Listener at 0.0.0.0/46053] WARN  server.ServerUtils (ServerUtils.java:getDBPath(225)) - ozone.om.db.dirs is not configured. We recommend adding this setting. Falling back to ozone.metadata.dirs instead.
2021-10-27 07:37:14,117 [ReplicationMonitor] INFO  container.ReplicationManager (ReplicationManager.java:processAll(371)) - Replication Monitor Thread took 1 milliseconds for processing 0 containers.
2021-10-27 07:37:14,344 [Listener at 0.0.0.0/46053] WARN  server.ServerUtils (ServerUtils.java:getDBPath(225)) - ozone.om.db.dirs is not configured. We recommend adding this setting. Falling back to ozone.metadata.dirs instead.
2021-10-27 07:37:14,354 [Listener at 0.0.0.0/46053] INFO  codec.OmKeyInfoCodec (OmKeyInfoCodec.java:<init>(51)) - OmKeyInfoCodec ignorePipeline = true
2021-10-27 07:37:14,356 [Listener at 0.0.0.0/46053] INFO  codec.RepeatedOmKeyInfoCodec (RepeatedOmKeyInfoCodec.java:<init>(42)) - RepeatedOmKeyInfoCodec ignorePipeline = true
2021-10-27 07:37:14,608 [Listener at 0.0.0.0/46053] INFO  om.OzoneManager (OzoneManager.java:addS3GVolumeToDB(3393)) - Created Volume s3v With Owner runner required for S3Gateway operations.
2021-10-27 07:37:14,689 [Listener at 0.0.0.0/46053] WARN  server.ServerUtils (ServerUtils.java:getDefaultRatisDirectory(237)) - Storage directory for Ratis is not configured. It is a good idea to map this to an SSD disk. Falling back to ozone.metadata.dirs
2021-10-27 07:37:14,689 [Listener at 0.0.0.0/46053] WARN  utils.OzoneManagerRatisUtils (OzoneManagerRatisUtils.java:getOMRatisSnapshotDirectory(435)) - ozone.om.ratis.snapshot.dir is not configured. Falling back to ozone.metadata.dirs config
2021-10-27 07:37:14,729 [Listener at 0.0.0.0/46053] WARN  server.ServerUtils (ServerUtils.java:getDefaultRatisDirectory(237)) - Storage directory for Ratis is not configured. It is a good idea to map this to an SSD disk. Falling back to ozone.metadata.dirs
2021-10-27 07:37:14,769 [Listener at 0.0.0.0/46053] INFO  ratis.OzoneManagerRatisServer (OzoneManagerRatisServer.java:<init>(159)) - Instantiating OM Ratis server with groupID: omServiceIdDefault and peers: localhost:46607
2021-10-27 07:37:14,785 [Listener at 0.0.0.0/46053] INFO  ratis.OzoneManagerStateMachine (OzoneManagerStateMachine.java:loadSnapshotInfoFromDB(605)) - LastAppliedIndex is set from TransactionInfo from OM DB as (t:0, i:~)
2021-10-27 07:37:14,834 [Listener at 0.0.0.0/46053] INFO  server.RaftServer (ConfUtils.java:logGet(44)) - raft.rpc.type = GRPC (default)
2021-10-27 07:37:14,944 [Listener at 0.0.0.0/46053] INFO  grpc.GrpcFactory (GrpcFactory.java:checkPooledByteBufAllocatorUseCacheForAllThreads(48)) - PERFORMANCE WARNING: useCacheForAllThreads is true that may cause Netty to create a lot garbage objects and, as a result, trigger GC.
	It is recommended to disable useCacheForAllThreads by setting -Dorg.apache.ratis.thirdparty.io.netty.allocator.useCacheForAllThreads=false in command line.
2021-10-27 07:37:14,949 [Listener at 0.0.0.0/46053] INFO  grpc.GrpcConfigKeys (ConfUtils.java:logGet(44)) - raft.grpc.admin.port = -1 (default)
2021-10-27 07:37:14,956 [Listener at 0.0.0.0/46053] INFO  grpc.GrpcConfigKeys (ConfUtils.java:logGet(44)) - raft.grpc.server.port = 46607 (custom)
2021-10-27 07:37:14,962 [Listener at 0.0.0.0/46053] INFO  grpc.GrpcConfigKeys (ConfUtils.java:logGet(44)) - raft.grpc.client.port = -1 (default)
2021-10-27 07:37:14,963 [Listener at 0.0.0.0/46053] INFO  grpc.GrpcConfigKeys (ConfUtils.java:logGet(44)) - raft.grpc.server.port = 46607 (custom)
2021-10-27 07:37:14,963 [Listener at 0.0.0.0/46053] INFO  grpc.GrpcConfigKeys (ConfUtils.java:logGet(44)) - raft.grpc.server.port = 46607 (custom)
2021-10-27 07:37:14,964 [Listener at 0.0.0.0/46053] INFO  server.GrpcService (ConfUtils.java:logGet(44)) - raft.grpc.message.size.max = 33554432 (custom)
2021-10-27 07:37:14,965 [Listener at 0.0.0.0/46053] INFO  server.RaftServerConfigKeys (ConfUtils.java:logGet(44)) - raft.server.log.appender.buffer.byte-limit = 33554432 (custom)
2021-10-27 07:37:14,966 [Listener at 0.0.0.0/46053] INFO  server.GrpcService (ConfUtils.java:logGet(44)) - raft.grpc.flow.control.window = 1MB (=1048576) (default)
2021-10-27 07:37:14,967 [Listener at 0.0.0.0/46053] INFO  server.RaftServerConfigKeys (ConfUtils.java:logGet(44)) - raft.server.rpc.request.timeout = 3000ms (default)
2021-10-27 07:37:15,118 [ReplicationMonitor] INFO  container.ReplicationManager (ReplicationManager.java:processAll(371)) - Replication Monitor Thread took 0 milliseconds for processing 0 containers.
2021-10-27 07:37:15,384 [Listener at 0.0.0.0/46053] INFO  impl.DataStreamServerImpl (ConfUtils.java:logGet(44)) - raft.datastream.type = DISABLED (default)
2021-10-27 07:37:15,388 [Listener at 0.0.0.0/46053] INFO  server.RaftServerConfigKeys (ConfUtils.java:logGet(44)) - raft.server.rpc.slowness.timeout = 120s (custom)
2021-10-27 07:37:15,388 [Listener at 0.0.0.0/46053] INFO  server.RaftServerConfigKeys (ConfUtils.java:logGet(44)) - raft.server.leaderelection.leader.step-down.wait-time = 10s (default)
2021-10-27 07:37:15,411 [Listener at 0.0.0.0/46053] INFO  server.RaftServerConfigKeys (ConfUtils.java:logGet(44)) - raft.server.storage.dir = [/home/runner/work/ozone/ozone/hadoop-ozone/integration-test/target/test-dir/MiniOzoneClusterImpl-0a1afbdb-b897-4eb1-874c-1902c7f745ab/ozone-meta/ratis] (custom)
2021-10-27 07:37:15,419 [Listener at 0.0.0.0/46053] INFO  server.RaftServer (RaftServerProxy.java:addNew(95)) - om1: addNew group-C5BA1605619E:[om1|rpc:localhost:46607|priority:0] returns group-C5BA1605619E:java.util.concurrent.CompletableFuture@7b029002[Not completed]
2021-10-27 07:37:15,419 [Listener at 0.0.0.0/46053] INFO  om.OzoneManager (OzoneManager.java:initializeRatisServer(1592)) - OzoneManager Ratis server initialized at port 46607
2021-10-27 07:37:15,461 [Listener at 0.0.0.0/46053] INFO  ipc.CallQueueManager (CallQueueManager.java:<init>(90)) - Using callQueue: class java.util.concurrent.LinkedBlockingQueue, queueCapacity: 2000, scheduler: class org.apache.hadoop.ipc.DefaultRpcScheduler, ipcBackoff: false.
2021-10-27 07:37:15,462 [pool-39-thread-1] INFO  server.RaftServer$Division (RaftServerImpl.java:<init>(184)) - om1: new RaftServerImpl for group-C5BA1605619E:[om1|rpc:localhost:46607|priority:0] with OzoneManagerStateMachine:uninitialized
2021-10-27 07:37:15,464 [Socket Reader #1 for port 0] INFO  ipc.Server (Server.java:run(1265)) - Starting Socket Reader #1 for port 0
2021-10-27 07:37:15,478 [pool-39-thread-1] INFO  server.RaftServerConfigKeys (ConfUtils.java:logGet(44)) - raft.server.rpc.timeout.min = 1s (custom)
2021-10-27 07:37:15,479 [pool-39-thread-1] INFO  server.RaftServerConfigKeys (ConfUtils.java:logGet(44)) - raft.server.rpc.timeout.max = 1200ms (custom)
2021-10-27 07:37:15,479 [pool-39-thread-1] INFO  server.RaftServerConfigKeys (ConfUtils.java:logGet(44)) - raft.server.rpc.sleep.time = 25ms (default)
2021-10-27 07:37:15,479 [pool-39-thread-1] INFO  server.RaftServerConfigKeys (ConfUtils.java:logGet(44)) - raft.server.rpc.slowness.timeout = 120s (custom)
2021-10-27 07:37:15,479 [pool-39-thread-1] INFO  server.RaftServerConfigKeys (ConfUtils.java:logGet(44)) - raft.server.leaderelection.leader.step-down.wait-time = 10s (default)
2021-10-27 07:37:15,479 [pool-39-thread-1] INFO  server.RaftServerConfigKeys (ConfUtils.java:logGet(44)) - raft.server.sleep.deviation.threshold = 300ms (default)
2021-10-27 07:37:15,483 [pool-39-thread-1] INFO  server.RaftServerConfigKeys (ConfUtils.java:logGet(44)) - raft.server.log.appender.install.snapshot.enabled = false (custom)
2021-10-27 07:37:15,491 [pool-39-thread-1] INFO  server.RaftServer$Division (ServerState.java:<init>(105)) - om1@group-C5BA1605619E: ConfigurationManager, init=-1: [om1|rpc:localhost:46607|priority:0], old=null, confs=<EMPTY_MAP>
2021-10-27 07:37:15,496 [pool-39-thread-1] INFO  server.RaftServerConfigKeys (ConfUtils.java:logGet(44)) - raft.server.storage.dir = [/home/runner/work/ozone/ozone/hadoop-ozone/integration-test/target/test-dir/MiniOzoneClusterImpl-0a1afbdb-b897-4eb1-874c-1902c7f745ab/ozone-meta/ratis] (custom)
2021-10-27 07:37:15,501 [pool-39-thread-1] INFO  server.RaftServerConfigKeys (ConfUtils.java:logGet(44)) - raft.server.log.corruption.policy = EXCEPTION (default)
2021-10-27 07:37:15,513 [pool-39-thread-1] INFO  server.RaftServerConfigKeys (ConfUtils.java:logGet(44)) - raft.server.storage.free-space.min = 0MB (=0) (default)
2021-10-27 07:37:15,515 [pool-39-thread-1] INFO  storage.RaftStorageDirectory (RaftStorageDirectoryImpl.java:analyzeStorage(135)) - The storage directory /home/runner/work/ozone/ozone/hadoop-ozone/integration-test/target/test-dir/MiniOzoneClusterImpl-0a1afbdb-b897-4eb1-874c-1902c7f745ab/ozone-meta/ratis/bf265839-605b-3f16-9796-c5ba1605619e does not exist. Creating ...
2021-10-27 07:37:15,528 [pool-39-thread-1] INFO  storage.RaftStorageDirectory (RaftStorageDirectoryImpl.java:tryLock(230)) - Lock on /home/runner/work/ozone/ozone/hadoop-ozone/integration-test/target/test-dir/MiniOzoneClusterImpl-0a1afbdb-b897-4eb1-874c-1902c7f745ab/ozone-meta/ratis/bf265839-605b-3f16-9796-c5ba1605619e/in_use.lock acquired by nodename 22077@fv-az270-913
2021-10-27 07:37:15,544 [Listener at 127.0.0.1/37745] INFO  om.OzoneManager (OzoneManager.java:initFSOLayout(3599)) - Configured ozone.om.metadata.layout=SIMPLE and disabled optimized OM FS operations
2021-10-27 07:37:15,546 [pool-39-thread-1] INFO  storage.RaftStorage (RaftStorageImpl.java:format(89)) - Storage directory /home/runner/work/ozone/ozone/hadoop-ozone/integration-test/target/test-dir/MiniOzoneClusterImpl-0a1afbdb-b897-4eb1-874c-1902c7f745ab/ozone-meta/ratis/bf265839-605b-3f16-9796-c5ba1605619e has been successfully formatted.
2021-10-27 07:37:15,549 [pool-39-thread-1] INFO  server.RaftServerConfigKeys (ConfUtils.java:logGet(44)) - raft.server.notification.no-leader.timeout = 120s (custom)
2021-10-27 07:37:15,553 [Listener at 127.0.0.1/37745] INFO  impl.MetricsSystemImpl (MetricsSystemImpl.java:init(158)) - OzoneManager metrics system started (again)
2021-10-27 07:37:15,566 [pool-39-thread-1] INFO  server.RaftServerConfigKeys (ConfUtils.java:logGet(44)) - raft.server.log.use.memory = false (default)
2021-10-27 07:37:15,582 [Listener at 127.0.0.1/37745] INFO  om.OzoneManager (OzoneManager.java:start(1288)) - OzoneManager RPC server is listening at localhost/127.0.0.1:37745
2021-10-27 07:37:15,582 [Listener at 127.0.0.1/37745] INFO  ratis.OzoneManagerRatisServer (OzoneManagerRatisServer.java:start(520)) - Starting OzoneManagerRatisServer om1 at port 46607
2021-10-27 07:37:15,585 [pool-39-thread-1] INFO  server.RaftServerConfigKeys (ConfUtils.java:logGet(44)) - raft.server.log.purge.gap = 1000000 (custom)
2021-10-27 07:37:15,585 [pool-39-thread-1] INFO  server.RaftServerConfigKeys (ConfUtils.java:logGet(44)) - raft.server.log.appender.buffer.byte-limit = 33554432 (custom)
2021-10-27 07:37:15,601 [pool-39-thread-1] INFO  server.RaftServerConfigKeys (ConfUtils.java:logGet(44)) - raft.server.log.segment.size.max = 4194304 (custom)
2021-10-27 07:37:15,609 [pool-39-thread-1] INFO  server.RaftServerConfigKeys (ConfUtils.java:logGet(44)) - raft.server.log.segment.cache.num.max = 2 (custom)
2021-10-27 07:37:15,609 [pool-39-thread-1] INFO  server.RaftServerConfigKeys (ConfUtils.java:logGet(44)) - raft.server.log.segment.cache.size.max = 200MB (=209715200) (default)
2021-10-27 07:37:15,617 [pool-39-thread-1] INFO  segmented.SegmentedRaftLogWorker (SegmentedRaftLogWorker.java:<init>(182)) - new om1@group-C5BA1605619E-SegmentedRaftLogWorker for RaftStorageImpl:Storage Directory /home/runner/work/ozone/ozone/hadoop-ozone/integration-test/target/test-dir/MiniOzoneClusterImpl-0a1afbdb-b897-4eb1-874c-1902c7f745ab/ozone-meta/ratis/bf265839-605b-3f16-9796-c5ba1605619e
2021-10-27 07:37:15,617 [pool-39-thread-1] INFO  server.RaftServerConfigKeys (ConfUtils.java:logGet(44)) - raft.server.log.queue.byte-limit = 64MB (=67108864) (default)
2021-10-27 07:37:15,618 [pool-39-thread-1] INFO  server.RaftServerConfigKeys (ConfUtils.java:logGet(44)) - raft.server.log.queue.element-limit = 4096 (default)
2021-10-27 07:37:15,619 [pool-39-thread-1] INFO  server.RaftServerConfigKeys (ConfUtils.java:logGet(44)) - raft.server.log.segment.size.max = 4194304 (custom)
2021-10-27 07:37:15,619 [pool-39-thread-1] INFO  server.RaftServerConfigKeys (ConfUtils.java:logGet(44)) - raft.server.log.preallocated.size = 4194304 (custom)
2021-10-27 07:37:15,620 [pool-39-thread-1] INFO  server.RaftServerConfigKeys (ConfUtils.java:logGet(44)) - raft.server.log.force.sync.num = 128 (default)
2021-10-27 07:37:15,621 [pool-39-thread-1] INFO  server.RaftServerConfigKeys (ConfUtils.java:logGet(44)) - raft.server.log.statemachine.data.sync = true (default)
2021-10-27 07:37:15,622 [pool-39-thread-1] INFO  server.RaftServerConfigKeys (ConfUtils.java:logGet(44)) - raft.server.log.statemachine.data.sync.timeout = 10s (default)
2021-10-27 07:37:15,622 [pool-39-thread-1] INFO  server.RaftServerConfigKeys (ConfUtils.java:logGet(44)) - raft.server.log.statemachine.data.sync.timeout.retry = -1 (default)
2021-10-27 07:37:15,634 [pool-39-thread-1] INFO  server.RaftServerConfigKeys (ConfUtils.java:logGet(44)) - raft.server.log.write.buffer.size = 64KB (=65536) (default)
2021-10-27 07:37:15,634 [pool-39-thread-1] INFO  server.RaftServerConfigKeys (ConfUtils.java:logGet(44)) - raft.server.log.statemachine.data.caching.enabled = false (default)
2021-10-27 07:37:15,641 [pool-39-thread-1] INFO  segmented.SegmentedRaftLogWorker (SegmentedRaftLogWorker.java:lambda$new$0(133)) - om1@group-C5BA1605619E-SegmentedRaftLogWorker: flushIndex: setUnconditionally 0 -> -1
2021-10-27 07:37:15,641 [pool-39-thread-1] INFO  segmented.SegmentedRaftLogWorker (SegmentedRaftLogWorker.java:lambda$new$0(133)) - om1@group-C5BA1605619E-SegmentedRaftLogWorker: safeCacheEvictIndex: setUnconditionally 0 -> -1
2021-10-27 07:37:15,646 [pool-39-thread-1] INFO  server.RaftServerConfigKeys (ConfUtils.java:logGet(44)) - raft.server.snapshot.auto.trigger.enabled = true (custom)
2021-10-27 07:37:15,647 [pool-39-thread-1] INFO  server.RaftServerConfigKeys (ConfUtils.java:logGet(44)) - raft.server.snapshot.auto.trigger.threshold = 400000 (default)
2021-10-27 07:37:15,648 [pool-39-thread-1] INFO  server.RaftServerConfigKeys (ConfUtils.java:logGet(44)) - raft.server.snapshot.retention.file.num = -1 (default)
2021-10-27 07:37:15,649 [pool-39-thread-1] INFO  server.RaftServerConfigKeys (ConfUtils.java:logGet(44)) - raft.server.log.purge.upto.snapshot.index = true (custom)
2021-10-27 07:37:15,650 [pool-39-thread-1] INFO  server.RaftServerConfigKeys (ConfUtils.java:logGet(44)) - raft.server.retrycache.expirytime = 300s (custom)
2021-10-27 07:37:15,650 [pool-39-thread-1] INFO  server.RaftServerConfigKeys (ConfUtils.java:logGet(44)) - raft.server.retrycache.statistics.expirytime = 100μs (default)
2021-10-27 07:37:15,697 [Listener at 127.0.0.1/37745] INFO  server.RaftServer$Division (RaftServerImpl.java:start(301)) - om1@group-C5BA1605619E: start as a follower, conf=-1: [om1|rpc:localhost:46607|priority:0], old=null
2021-10-27 07:37:15,699 [Listener at 127.0.0.1/37745] INFO  server.RaftServer$Division (RaftServerImpl.java:setRole(290)) - om1@group-C5BA1605619E: changes role from      null to FOLLOWER at term 0 for startAsFollower
2021-10-27 07:37:15,700 [Listener at 127.0.0.1/37745] INFO  impl.RoleInfo (RoleInfo.java:updateAndGet(130)) - om1: start om1@group-C5BA1605619E-FollowerState
2021-10-27 07:37:15,702 [Listener at 127.0.0.1/37745] INFO  util.JmxRegister (JmxRegister.java:tryRegister(44)) - Successfully registered JMX Bean with object name Ratis:service=RaftServer,group=group-C5BA1605619E,id=om1
2021-10-27 07:37:15,706 [Listener at 127.0.0.1/37745] INFO  server.RaftServer (RaftServerProxy.java:lambda$start$5(374)) - om1: start RPC server
2021-10-27 07:37:15,774 [Listener at 127.0.0.1/37745] INFO  server.GrpcService (GrpcService.java:startImpl(253)) - om1: GrpcService started, listening on 46607
2021-10-27 07:37:15,781 [Listener at 127.0.0.1/37745] INFO  om.OzoneManager (OzoneManager.java:start(1306)) - Version File has different layout version (0) than OM DB (null). That is expected if this OM has never been finalized to a newer layout version.
2021-10-27 07:37:15,781 [org.apache.ratis.util.JvmPauseMonitor$$Lambda$534/681568834@1be8a40e] INFO  util.JvmPauseMonitor (JvmPauseMonitor.java:run(103)) - JvmPauseMonitor-om1: Started
2021-10-27 07:37:15,796 [Listener at 127.0.0.1/37745] INFO  http.BaseHttpServer (BaseHttpServer.java:newHttpServer2BuilderForOzone(209)) - Starting Web-server for ozoneManager at: http://0.0.0.0:0
2021-10-27 07:37:15,797 [Listener at 127.0.0.1/37745] INFO  http.BaseHttpServer (BaseHttpServer.java:<init>(107)) - Hadoop Security Enabled: false Ozone Security Enabled: false Ozone HTTP Security Enabled: false 
2021-10-27 07:37:15,798 [Listener at 127.0.0.1/37745] INFO  server.AuthenticationFilter (AuthenticationFilter.java:constructSecretProvider(240)) - Unable to initialize FileSignerSecretProvider, falling back to use random secrets.
2021-10-27 07:37:15,801 [Listener at 127.0.0.1/37745] WARN  http.HttpRequestLog (HttpRequestLog.java:getRequestLog(103)) - Jetty request log can only be enabled using Log4j
2021-10-27 07:37:15,802 [Listener at 127.0.0.1/37745] INFO  http.HttpServer2 (HttpServer2.java:addGlobalFilter(1030)) - Added global filter 'safety' (class=org.apache.hadoop.hdds.server.http.HttpServer2$QuotingInputFilter)
2021-10-27 07:37:15,803 [Listener at 127.0.0.1/37745] INFO  http.HttpServer2 (HttpServer2.java:addFilter(1006)) - Added filter static_user_filter (class=org.apache.hadoop.http.lib.StaticUserWebFilter$StaticUserFilter) to context ozoneManager
2021-10-27 07:37:15,803 [Listener at 127.0.0.1/37745] INFO  http.HttpServer2 (HttpServer2.java:addFilter(1014)) - Added filter static_user_filter (class=org.apache.hadoop.http.lib.StaticUserWebFilter$StaticUserFilter) to context logs
2021-10-27 07:37:15,803 [Listener at 127.0.0.1/37745] INFO  http.HttpServer2 (HttpServer2.java:addFilter(1014)) - Added filter static_user_filter (class=org.apache.hadoop.http.lib.StaticUserWebFilter$StaticUserFilter) to context static
2021-10-27 07:37:15,805 [Listener at 127.0.0.1/37745] INFO  http.HttpServer2 (HttpServer2.java:bindListener(1249)) - Jetty bound to port 41489
2021-10-27 07:37:15,805 [Listener at 127.0.0.1/37745] INFO  server.Server (Server.java:doStart(375)) - jetty-9.4.43.v20210629; built: 2021-06-30T11:07:22.254Z; git: 526006ecfa3af7f1a27ef3a288e2bef7ea9dd7e8; jvm 1.8.0_292-b10
2021-10-27 07:37:15,812 [Listener at 127.0.0.1/37745] INFO  server.session (DefaultSessionIdManager.java:doStart(334)) - DefaultSessionIdManager workerName=node0
2021-10-27 07:37:15,812 [Listener at 127.0.0.1/37745] INFO  server.session (DefaultSessionIdManager.java:doStart(339)) - No SessionScavenger set, using defaults
2021-10-27 07:37:15,813 [Listener at 127.0.0.1/37745] INFO  server.session (HouseKeeper.java:startScavenging(132)) - node0 Scavenging every 600000ms
2021-10-27 07:37:15,814 [Listener at 127.0.0.1/37745] INFO  handler.ContextHandler (ContextHandler.java:doStart(915)) - Started o.e.j.s.ServletContextHandler@4cf28787{logs,/logs,file:///home/runner/work/ozone/ozone/hadoop-ozone/integration-test/target/log,AVAILABLE}
2021-10-27 07:37:15,815 [Listener at 127.0.0.1/37745] INFO  handler.ContextHandler (ContextHandler.java:doStart(915)) - Started o.e.j.s.ServletContextHandler@49045fcb{static,/static,file:///home/runner/work/ozone/ozone/hadoop-ozone/integration-test/target/test-classes/webapps/static,AVAILABLE}
2021-10-27 07:37:15,821 [Listener at 127.0.0.1/37745] INFO  handler.ContextHandler (ContextHandler.java:doStart(915)) - Started o.e.j.w.WebAppContext@6f54810a{ozoneManager,/,file:///home/runner/work/ozone/ozone/hadoop-ozone/integration-test/target/test-classes/webapps/ozoneManager/,AVAILABLE}{file:/home/runner/work/ozone/ozone/hadoop-ozone/integration-test/target/test-classes/webapps/ozoneManager}
2021-10-27 07:37:15,824 [Listener at 127.0.0.1/37745] INFO  server.AbstractConnector (AbstractConnector.java:doStart(331)) - Started ServerConnector@2c756040{HTTP/1.1, (http/1.1)}{0.0.0.0:41489}
2021-10-27 07:37:15,824 [Listener at 127.0.0.1/37745] INFO  server.Server (Server.java:doStart(415)) - Started @7391ms
2021-10-27 07:37:15,824 [Listener at 127.0.0.1/37745] WARN  impl.MetricsSystemImpl (MetricsSystemImpl.java:register(279)) - Sink prometheus already exists!
2021-10-27 07:37:15,825 [Listener at 127.0.0.1/37745] INFO  http.BaseHttpServer (BaseHttpServer.java:updateConnectorAddress(329)) - HTTP server of ozoneManager listening at http://0.0.0.0:41489
2021-10-27 07:37:15,825 [IPC Server Responder] INFO  ipc.Server (Server.java:run(1507)) - IPC Server Responder: starting
2021-10-27 07:37:15,825 [IPC Server listener on 0] INFO  ipc.Server (Server.java:run(1344)) - IPC Server listener on 0: starting
2021-10-27 07:37:15,838 [Listener at 127.0.0.1/37745] INFO  om.OzoneManager (OzoneManager.java:startTrashEmptier(1550)) - Trash Interval set to 0. Files deleted will not move to trash
2021-10-27 07:37:15,851 [org.apache.hadoop.util.JvmPauseMonitor$Monitor@1b59d7fa] INFO  util.JvmPauseMonitor (JvmPauseMonitor.java:run(188)) - Starting JVM pause monitor
2021-10-27 07:37:16,017 [Listener at 127.0.0.1/37745] WARN  impl.MetricRegistriesImpl (MetricRegistriesImpl.java:addReporterRegistration(111)) - New reporters are added after registries were created. Some metrics will be missing from the reporter. Please add reporter before adding any new registry.
2021-10-27 07:37:16,018 [Listener at 127.0.0.1/37745] WARN  impl.MetricRegistriesImpl (MetricRegistriesImpl.java:addReporterRegistration(111)) - New reporters are added after registries were created. Some metrics will be missing from the reporter. Please add reporter before adding any new registry.
2021-10-27 07:37:16,018 [Listener at 127.0.0.1/37745] INFO  impl.MetricsSystemImpl (MetricsSystemImpl.java:init(158)) - HddsDatanode metrics system started (again)
2021-10-27 07:37:16,037 [Listener at 127.0.0.1/37745] INFO  ozone.HddsDatanodeService (HddsDatanodeService.java:start(234)) - HddsDatanodeService host:fv-az270-913.tacnzluakwdehk1hpragurqkma.bx.internal.cloudapp.net ip:10.1.0.27
2021-10-27 07:37:16,072 [Listener at 127.0.0.1/37745] INFO  upgrade.AbstractLayoutVersionManager (AbstractLayoutVersionManager.java:init(79)) - Initializing Layout version manager with metadata layout = SCM_HA (version = 2), software layout = SCM_HA (version = 2)
2021-10-27 07:37:16,119 [ReplicationMonitor] INFO  container.ReplicationManager (ReplicationManager.java:processAll(371)) - Replication Monitor Thread took 1 milliseconds for processing 0 containers.
2021-10-27 07:37:16,124 [Listener at 127.0.0.1/37745] INFO  reflections.Reflections (Reflections.java:scan(232)) - Reflections took 49 ms to scan 7 urls, producing 119 keys and 279 values 
2021-10-27 07:37:16,129 [Listener at 127.0.0.1/37745] INFO  statemachine.DatanodeStateMachine (DatanodeStateMachine.java:getEndPointTaskThreadPoolSize(219)) - Datanode State Machine Task Thread Pool size 2
2021-10-27 07:37:16,191 [Listener at 127.0.0.1/37745] INFO  volume.HddsVolume (HddsVolume.java:<init>(120)) - Creating HddsVolume: /home/runner/work/ozone/ozone/hadoop-ozone/integration-test/target/test-dir/MiniOzoneClusterImpl-0a1afbdb-b897-4eb1-874c-1902c7f745ab/datanode-0/data-0/containers/hdds of storage type : DISK capacity : 9223372036854775807
2021-10-27 07:37:16,193 [Listener at 127.0.0.1/37745] INFO  volume.MutableVolumeSet (MutableVolumeSet.java:initializeVolumeSet(168)) - Added Volume : /home/runner/work/ozone/ozone/hadoop-ozone/integration-test/target/test-dir/MiniOzoneClusterImpl-0a1afbdb-b897-4eb1-874c-1902c7f745ab/datanode-0/data-0/containers/hdds to VolumeSet
2021-10-27 07:37:16,194 [Listener at 127.0.0.1/37745] INFO  volume.ThrottledAsyncChecker (ThrottledAsyncChecker.java:schedule(141)) - Scheduling a check for /home/runner/work/ozone/ozone/hadoop-ozone/integration-test/target/test-dir/MiniOzoneClusterImpl-0a1afbdb-b897-4eb1-874c-1902c7f745ab/datanode-0/data-0/containers/hdds
2021-10-27 07:37:16,221 [Listener at 127.0.0.1/37745] INFO  volume.StorageVolumeChecker (StorageVolumeChecker.java:checkAllVolumes(202)) - Scheduled health check for volume /home/runner/work/ozone/ozone/hadoop-ozone/integration-test/target/test-dir/MiniOzoneClusterImpl-0a1afbdb-b897-4eb1-874c-1902c7f745ab/datanode-0/data-0/containers/hdds
2021-10-27 07:37:16,247 [Listener at 127.0.0.1/37745] INFO  volume.MutableVolumeSet (MutableVolumeSet.java:initializeVolumeSet(168)) - Added Volume : /home/runner/work/ozone/ozone/hadoop-ozone/integration-test/target/test-dir/MiniOzoneClusterImpl-0a1afbdb-b897-4eb1-874c-1902c7f745ab/datanode-0/data/ratis to VolumeSet
2021-10-27 07:37:16,247 [Listener at 127.0.0.1/37745] INFO  volume.ThrottledAsyncChecker (ThrottledAsyncChecker.java:schedule(141)) - Scheduling a check for /home/runner/work/ozone/ozone/hadoop-ozone/integration-test/target/test-dir/MiniOzoneClusterImpl-0a1afbdb-b897-4eb1-874c-1902c7f745ab/datanode-0/data/ratis
2021-10-27 07:37:16,247 [Listener at 127.0.0.1/37745] INFO  volume.StorageVolumeChecker (StorageVolumeChecker.java:checkAllVolumes(202)) - Scheduled health check for volume /home/runner/work/ozone/ozone/hadoop-ozone/integration-test/target/test-dir/MiniOzoneClusterImpl-0a1afbdb-b897-4eb1-874c-1902c7f745ab/datanode-0/data/ratis
2021-10-27 07:37:16,270 [Thread-131] INFO  ozoneimpl.ContainerReader (ContainerReader.java:readVolume(172)) - Finish verifying containers on volume /home/runner/work/ozone/ozone/hadoop-ozone/integration-test/target/test-dir/MiniOzoneClusterImpl-0a1afbdb-b897-4eb1-874c-1902c7f745ab/datanode-0/data-0/containers/hdds
2021-10-27 07:37:16,271 [Listener at 127.0.0.1/37745] INFO  ozoneimpl.OzoneContainer (OzoneContainer.java:buildContainerSet(236)) - Build ContainerSet costs 0s
2021-10-27 07:37:16,359 [Listener at 127.0.0.1/37745] INFO  server.RaftServer (ConfUtils.java:logGet(44)) - raft.rpc.type = GRPC (default)
2021-10-27 07:37:16,359 [Listener at 127.0.0.1/37745] INFO  grpc.GrpcFactory (GrpcFactory.java:checkPooledByteBufAllocatorUseCacheForAllThreads(48)) - PERFORMANCE WARNING: useCacheForAllThreads is true that may cause Netty to create a lot garbage objects and, as a result, trigger GC.
	It is recommended to disable useCacheForAllThreads by setting -Dorg.apache.ratis.thirdparty.io.netty.allocator.useCacheForAllThreads=false in command line.
2021-10-27 07:37:16,360 [Listener at 127.0.0.1/37745] INFO  grpc.GrpcConfigKeys (ConfUtils.java:logGet(44)) - raft.grpc.admin.port = 0 (custom)
2021-10-27 07:37:16,360 [Listener at 127.0.0.1/37745] INFO  grpc.GrpcConfigKeys (ConfUtils.java:logGet(44)) - raft.grpc.client.port = 0 (custom)
2021-10-27 07:37:16,360 [Listener at 127.0.0.1/37745] INFO  grpc.GrpcConfigKeys (ConfUtils.java:logGet(44)) - raft.grpc.server.port = 0 (default)
2021-10-27 07:37:16,360 [Listener at 127.0.0.1/37745] INFO  server.GrpcService (ConfUtils.java:logGet(44)) - raft.grpc.message.size.max = 32MB (=33554432) (custom)
2021-10-27 07:37:16,360 [Listener at 127.0.0.1/37745] INFO  server.RaftServerConfigKeys (ConfUtils.java:logGet(44)) - raft.server.log.appender.buffer.byte-limit = 33554432 (custom)
2021-10-27 07:37:16,361 [Listener at 127.0.0.1/37745] INFO  server.GrpcService (ConfUtils.java:logGet(44)) - raft.grpc.flow.control.window = 5MB (=5242880) (custom)
2021-10-27 07:37:16,361 [Listener at 127.0.0.1/37745] INFO  server.RaftServerConfigKeys (ConfUtils.java:logGet(44)) - raft.server.rpc.request.timeout = 60s (custom)
2021-10-27 07:37:16,363 [Listener at 127.0.0.1/37745] INFO  impl.DataStreamServerImpl (ConfUtils.java:logGet(44)) - raft.datastream.type = DISABLED (default)
2021-10-27 07:37:16,363 [Listener at 127.0.0.1/37745] INFO  server.RaftServerConfigKeys (ConfUtils.java:logGet(44)) - raft.server.rpc.slowness.timeout = 300s (custom)
2021-10-27 07:37:16,363 [Listener at 127.0.0.1/37745] INFO  server.RaftServerConfigKeys (ConfUtils.java:logGet(44)) - raft.server.leaderelection.leader.step-down.wait-time = 10s (default)
2021-10-27 07:37:16,363 [Listener at 127.0.0.1/37745] INFO  server.RaftServerConfigKeys (ConfUtils.java:logGet(44)) - raft.server.storage.dir = [/home/runner/work/ozone/ozone/hadoop-ozone/integration-test/target/test-dir/MiniOzoneClusterImpl-0a1afbdb-b897-4eb1-874c-1902c7f745ab/datanode-0/data/ratis] (custom)
2021-10-27 07:37:16,449 [Listener at 127.0.0.1/37745] INFO  http.BaseHttpServer (BaseHttpServer.java:newHttpServer2BuilderForOzone(209)) - Starting Web-server for hddsDatanode at: http://0.0.0.0:0
2021-10-27 07:37:16,449 [Listener at 127.0.0.1/37745] INFO  http.BaseHttpServer (BaseHttpServer.java:<init>(107)) - Hadoop Security Enabled: false Ozone Security Enabled: false Ozone HTTP Security Enabled: false 
2021-10-27 07:37:16,451 [Listener at 127.0.0.1/37745] INFO  server.AuthenticationFilter (AuthenticationFilter.java:constructSecretProvider(240)) - Unable to initialize FileSignerSecretProvider, falling back to use random secrets.
2021-10-27 07:37:16,452 [Listener at 127.0.0.1/37745] WARN  http.HttpRequestLog (HttpRequestLog.java:getRequestLog(103)) - Jetty request log can only be enabled using Log4j
2021-10-27 07:37:16,453 [Listener at 127.0.0.1/37745] INFO  http.HttpServer2 (HttpServer2.java:addGlobalFilter(1030)) - Added global filter 'safety' (class=org.apache.hadoop.hdds.server.http.HttpServer2$QuotingInputFilter)
2021-10-27 07:37:16,454 [Listener at 127.0.0.1/37745] INFO  http.HttpServer2 (HttpServer2.java:addFilter(1006)) - Added filter static_user_filter (class=org.apache.hadoop.http.lib.StaticUserWebFilter$StaticUserFilter) to context hddsDatanode
2021-10-27 07:37:16,454 [Listener at 127.0.0.1/37745] INFO  http.HttpServer2 (HttpServer2.java:addFilter(1014)) - Added filter static_user_filter (class=org.apache.hadoop.http.lib.StaticUserWebFilter$StaticUserFilter) to context static
2021-10-27 07:37:16,454 [Listener at 127.0.0.1/37745] INFO  http.HttpServer2 (HttpServer2.java:addFilter(1014)) - Added filter static_user_filter (class=org.apache.hadoop.http.lib.StaticUserWebFilter$StaticUserFilter) to context logs
2021-10-27 07:37:16,455 [Listener at 127.0.0.1/37745] INFO  http.HttpServer2 (HttpServer2.java:bindListener(1249)) - Jetty bound to port 37003
2021-10-27 07:37:16,455 [Listener at 127.0.0.1/37745] INFO  server.Server (Server.java:doStart(375)) - jetty-9.4.43.v20210629; built: 2021-06-30T11:07:22.254Z; git: 526006ecfa3af7f1a27ef3a288e2bef7ea9dd7e8; jvm 1.8.0_292-b10
2021-10-27 07:37:16,461 [Listener at 127.0.0.1/37745] INFO  server.session (DefaultSessionIdManager.java:doStart(334)) - DefaultSessionIdManager workerName=node0
2021-10-27 07:37:16,462 [Listener at 127.0.0.1/37745] INFO  server.session (DefaultSessionIdManager.java:doStart(339)) - No SessionScavenger set, using defaults
2021-10-27 07:37:16,462 [Listener at 127.0.0.1/37745] INFO  server.session (HouseKeeper.java:startScavenging(132)) - node0 Scavenging every 660000ms
2021-10-27 07:37:16,463 [Listener at 127.0.0.1/37745] INFO  handler.ContextHandler (ContextHandler.java:doStart(915)) - Started o.e.j.s.ServletContextHandler@47c4deb3{logs,/logs,file:///home/runner/work/ozone/ozone/hadoop-ozone/integration-test/target/log,AVAILABLE}
2021-10-27 07:37:16,464 [Listener at 127.0.0.1/37745] INFO  handler.ContextHandler (ContextHandler.java:doStart(915)) - Started o.e.j.s.ServletContextHandler@44f3bed6{static,/static,jar:file:/home/runner/.m2/repository/org/apache/ozone/hdds-container-service/1.2.0-SNAPSHOT/hdds-container-service-1.2.0-SNAPSHOT.jar!/webapps/static,AVAILABLE}
2021-10-27 07:37:16,586 [Listener at 127.0.0.1/37745] INFO  handler.ContextHandler (ContextHandler.java:doStart(915)) - Started o.e.j.w.WebAppContext@3eec76f5{hddsDatanode,/,file:///tmp/jetty-0_0_0_0-37003-hdds-container-service-1_2_0-SNAPSHOT_jar-_-any-2092547728192679256/webapp/,AVAILABLE}{jar:file:/home/runner/.m2/repository/org/apache/ozone/hdds-container-service/1.2.0-SNAPSHOT/hdds-container-service-1.2.0-SNAPSHOT.jar!/webapps/hddsDatanode}
2021-10-27 07:37:16,588 [Listener at 127.0.0.1/37745] INFO  server.AbstractConnector (AbstractConnector.java:doStart(331)) - Started ServerConnector@7f07dd8c{HTTP/1.1, (http/1.1)}{0.0.0.0:37003}
2021-10-27 07:37:16,589 [Listener at 127.0.0.1/37745] INFO  server.Server (Server.java:doStart(415)) - Started @8156ms
2021-10-27 07:37:16,589 [Listener at 127.0.0.1/37745] WARN  impl.MetricsSystemImpl (MetricsSystemImpl.java:register(279)) - Sink prometheus already exists!
2021-10-27 07:37:16,590 [Listener at 127.0.0.1/37745] INFO  http.BaseHttpServer (BaseHttpServer.java:updateConnectorAddress(329)) - HTTP server of hddsDatanode listening at http://0.0.0.0:37003
2021-10-27 07:37:16,593 [Listener at 127.0.0.1/37745] WARN  impl.MetricRegistriesImpl (MetricRegistriesImpl.java:addReporterRegistration(111)) - New reporters are added after registries were created. Some metrics will be missing from the reporter. Please add reporter before adding any new registry.
2021-10-27 07:37:16,593 [Listener at 127.0.0.1/37745] WARN  impl.MetricRegistriesImpl (MetricRegistriesImpl.java:addReporterRegistration(111)) - New reporters are added after registries were created. Some metrics will be missing from the reporter. Please add reporter before adding any new registry.
2021-10-27 07:37:16,594 [Listener at 127.0.0.1/37745] INFO  impl.MetricsSystemImpl (MetricsSystemImpl.java:init(158)) - HddsDatanode metrics system started (again)
2021-10-27 07:37:16,598 [Datanode State Machine Daemon Thread] INFO  statemachine.DatanodeStateMachine (DatanodeStateMachine.java:lambda$startDaemon$0(467)) - Ozone container server started.
2021-10-27 07:37:16,616 [Listener at 127.0.0.1/37745] INFO  ozone.HddsDatanodeService (HddsDatanodeService.java:start(234)) - HddsDatanodeService host:fv-az270-913.tacnzluakwdehk1hpragurqkma.bx.internal.cloudapp.net ip:10.1.0.27
2021-10-27 07:37:16,641 [org.apache.hadoop.util.JvmPauseMonitor$Monitor@c6095d5] INFO  util.JvmPauseMonitor (JvmPauseMonitor.java:run(188)) - Starting JVM pause monitor
2021-10-27 07:37:16,656 [Listener at 127.0.0.1/37745] INFO  upgrade.AbstractLayoutVersionManager (AbstractLayoutVersionManager.java:init(79)) - Initializing Layout version manager with metadata layout = SCM_HA (version = 2), software layout = SCM_HA (version = 2)
2021-10-27 07:37:16,733 [om1@group-C5BA1605619E-FollowerState] INFO  impl.FollowerState (FollowerState.java:run(134)) - om1@group-C5BA1605619E-FollowerState: change to CANDIDATE, lastRpcElapsedTime:1032785292ns, electionTimeout:1028ms
2021-10-27 07:37:16,734 [om1@group-C5BA1605619E-FollowerState] INFO  impl.RoleInfo (RoleInfo.java:shutdownFollowerState(108)) - om1: shutdown om1@group-C5BA1605619E-FollowerState
2021-10-27 07:37:16,737 [om1@group-C5BA1605619E-FollowerState] INFO  server.RaftServer$Division (RaftServerImpl.java:setRole(290)) - om1@group-C5BA1605619E: changes role from  FOLLOWER to CANDIDATE at term 0 for changeToCandidate
2021-10-27 07:37:16,740 [om1@group-C5BA1605619E-FollowerState] INFO  server.RaftServerConfigKeys (ConfUtils.java:logGet(44)) - raft.server.leaderelection.pre-vote = false (custom)
2021-10-27 07:37:16,741 [om1@group-C5BA1605619E-FollowerState] INFO  impl.RoleInfo (RoleInfo.java:updateAndGet(130)) - om1: start om1@group-C5BA1605619E-LeaderElection1
2021-10-27 07:37:16,762 [om1@group-C5BA1605619E-LeaderElection1] INFO  impl.LeaderElection (LeaderElection.java:askForVotes(306)) - om1@group-C5BA1605619E-LeaderElection1 ELECTION round 0: submit vote requests at term 1 for -1: [om1|rpc:localhost:46607|priority:0], old=null
2021-10-27 07:37:16,763 [om1@group-C5BA1605619E-LeaderElection1] INFO  impl.LeaderElection (LeaderElection.java:askForVotes(308)) - om1@group-C5BA1605619E-LeaderElection1 ELECTION round 0: result PASSED (term=1)
2021-10-27 07:37:16,763 [om1@group-C5BA1605619E-LeaderElection1] INFO  impl.RoleInfo (RoleInfo.java:shutdownLeaderElection(121)) - om1: shutdown om1@group-C5BA1605619E-LeaderElection1
2021-10-27 07:37:16,764 [om1@group-C5BA1605619E-LeaderElection1] INFO  server.RaftServer$Division (RaftServerImpl.java:setRole(290)) - om1@group-C5BA1605619E: changes role from CANDIDATE to LEADER at term 1 for changeToLeader
2021-10-27 07:37:16,764 [om1@group-C5BA1605619E-LeaderElection1] INFO  server.RaftServer$Division (ServerState.java:setLeader(285)) - om1@group-C5BA1605619E: change Leader from null to om1 at term 1 for becomeLeader, leader elected after 1215ms
2021-10-27 07:37:16,771 [Listener at 127.0.0.1/37745] INFO  reflections.Reflections (Reflections.java:scan(232)) - Reflections took 112 ms to scan 7 urls, producing 119 keys and 279 values 
2021-10-27 07:37:16,774 [om1@group-C5BA1605619E-LeaderElection1] INFO  server.RaftServerConfigKeys (ConfUtils.java:logGet(44)) - raft.server.staging.catchup.gap = 1000 (default)
2021-10-27 07:37:16,782 [Listener at 127.0.0.1/37745] INFO  statemachine.DatanodeStateMachine (DatanodeStateMachine.java:getEndPointTaskThreadPoolSize(219)) - Datanode State Machine Task Thread Pool size 2
2021-10-27 07:37:16,790 [Listener at 127.0.0.1/37745] INFO  volume.HddsVolume (HddsVolume.java:<init>(120)) - Creating HddsVolume: /home/runner/work/ozone/ozone/hadoop-ozone/integration-test/target/test-dir/MiniOzoneClusterImpl-0a1afbdb-b897-4eb1-874c-1902c7f745ab/datanode-1/data-0/containers/hdds of storage type : DISK capacity : 9223372036854775807
2021-10-27 07:37:16,790 [Listener at 127.0.0.1/37745] INFO  volume.MutableVolumeSet (MutableVolumeSet.java:initializeVolumeSet(168)) - Added Volume : /home/runner/work/ozone/ozone/hadoop-ozone/integration-test/target/test-dir/MiniOzoneClusterImpl-0a1afbdb-b897-4eb1-874c-1902c7f745ab/datanode-1/data-0/containers/hdds to VolumeSet
2021-10-27 07:37:16,790 [Listener at 127.0.0.1/37745] INFO  volume.ThrottledAsyncChecker (ThrottledAsyncChecker.java:schedule(141)) - Scheduling a check for /home/runner/work/ozone/ozone/hadoop-ozone/integration-test/target/test-dir/MiniOzoneClusterImpl-0a1afbdb-b897-4eb1-874c-1902c7f745ab/datanode-1/data-0/containers/hdds
2021-10-27 07:37:16,792 [om1@group-C5BA1605619E-LeaderElection1] INFO  server.RaftServerConfigKeys (ConfUtils.java:logGet(44)) - raft.server.write.element-limit = 4096 (default)
2021-10-27 07:37:16,799 [om1@group-C5BA1605619E-LeaderElection1] INFO  server.RaftServerConfigKeys (ConfUtils.java:logGet(44)) - raft.server.write.byte-limit = 64MB (=67108864) (default)
2021-10-27 07:37:16,802 [Listener at 127.0.0.1/37745] INFO  volume.StorageVolumeChecker (StorageVolumeChecker.java:checkAllVolumes(202)) - Scheduled health check for volume /home/runner/work/ozone/ozone/hadoop-ozone/integration-test/target/test-dir/MiniOzoneClusterImpl-0a1afbdb-b897-4eb1-874c-1902c7f745ab/datanode-1/data-0/containers/hdds
2021-10-27 07:37:16,836 [om1@group-C5BA1605619E-LeaderElection1] INFO  server.RaftServerConfigKeys (ConfUtils.java:logGet(44)) - raft.server.watch.timeout = 10s (default)
2021-10-27 07:37:16,839 [om1@group-C5BA1605619E-LeaderElection1] INFO  server.RaftServerConfigKeys (ConfUtils.java:logGet(44)) - raft.server.watch.timeout.denomination = 1s (default)
2021-10-27 07:37:16,840 [om1@group-C5BA1605619E-LeaderElection1] INFO  server.RaftServerConfigKeys (ConfUtils.java:logGet(44)) - raft.server.watch.element-limit = 65536 (default)
2021-10-27 07:37:16,855 [om1@group-C5BA1605619E-LeaderElection1] INFO  server.RaftServerConfigKeys (ConfUtils.java:logGet(44)) - raft.server.write.element-limit = 4096 (default)
2021-10-27 07:37:16,856 [Listener at 127.0.0.1/37745] INFO  volume.MutableVolumeSet (MutableVolumeSet.java:initializeVolumeSet(168)) - Added Volume : /home/runner/work/ozone/ozone/hadoop-ozone/integration-test/target/test-dir/MiniOzoneClusterImpl-0a1afbdb-b897-4eb1-874c-1902c7f745ab/datanode-1/data/ratis to VolumeSet
2021-10-27 07:37:16,863 [Listener at 127.0.0.1/37745] INFO  volume.ThrottledAsyncChecker (ThrottledAsyncChecker.java:schedule(141)) - Scheduling a check for /home/runner/work/ozone/ozone/hadoop-ozone/integration-test/target/test-dir/MiniOzoneClusterImpl-0a1afbdb-b897-4eb1-874c-1902c7f745ab/datanode-1/data/ratis
2021-10-27 07:37:16,864 [Listener at 127.0.0.1/37745] INFO  volume.StorageVolumeChecker (StorageVolumeChecker.java:checkAllVolumes(202)) - Scheduled health check for volume /home/runner/work/ozone/ozone/hadoop-ozone/integration-test/target/test-dir/MiniOzoneClusterImpl-0a1afbdb-b897-4eb1-874c-1902c7f745ab/datanode-1/data/ratis
2021-10-27 07:37:16,866 [om1@group-C5BA1605619E-LeaderElection1] INFO  server.RaftServerConfigKeys (ConfUtils.java:logGet(44)) - raft.server.write.follower.gap.ratio.max = -1.0 (default)
2021-10-27 07:37:16,869 [om1@group-C5BA1605619E-LeaderElection1] INFO  impl.RoleInfo (RoleInfo.java:updateAndGet(130)) - om1: start om1@group-C5BA1605619E-LeaderStateImpl
2021-10-27 07:37:17,066 [Thread-145] INFO  ozoneimpl.ContainerReader (ContainerReader.java:readVolume(172)) - Finish verifying containers on volume /home/runner/work/ozone/ozone/hadoop-ozone/integration-test/target/test-dir/MiniOzoneClusterImpl-0a1afbdb-b897-4eb1-874c-1902c7f745ab/datanode-1/data-0/containers/hdds
2021-10-27 07:37:17,069 [Listener at 127.0.0.1/37745] INFO  ozoneimpl.OzoneContainer (OzoneContainer.java:buildContainerSet(236)) - Build ContainerSet costs 0s
2021-10-27 07:37:17,075 [Listener at 127.0.0.1/37745] INFO  server.RaftServer (ConfUtils.java:logGet(44)) - raft.rpc.type = GRPC (default)
2021-10-27 07:37:17,076 [Listener at 127.0.0.1/37745] INFO  grpc.GrpcFactory (GrpcFactory.java:checkPooledByteBufAllocatorUseCacheForAllThreads(48)) - PERFORMANCE WARNING: useCacheForAllThreads is true that may cause Netty to create a lot garbage objects and, as a result, trigger GC.
	It is recommended to disable useCacheForAllThreads by setting -Dorg.apache.ratis.thirdparty.io.netty.allocator.useCacheForAllThreads=false in command line.
2021-10-27 07:37:17,076 [Listener at 127.0.0.1/37745] INFO  grpc.GrpcConfigKeys (ConfUtils.java:logGet(44)) - raft.grpc.admin.port = 0 (custom)
2021-10-27 07:37:17,076 [Listener at 127.0.0.1/37745] INFO  grpc.GrpcConfigKeys (ConfUtils.java:logGet(44)) - raft.grpc.client.port = 0 (custom)
2021-10-27 07:37:17,076 [Listener at 127.0.0.1/37745] INFO  grpc.GrpcConfigKeys (ConfUtils.java:logGet(44)) - raft.grpc.server.port = 0 (default)
2021-10-27 07:37:17,076 [Listener at 127.0.0.1/37745] INFO  server.GrpcService (ConfUtils.java:logGet(44)) - raft.grpc.message.size.max = 32MB (=33554432) (custom)
2021-10-27 07:37:17,080 [Listener at 127.0.0.1/37745] INFO  server.RaftServerConfigKeys (ConfUtils.java:logGet(44)) - raft.server.log.appender.buffer.byte-limit = 33554432 (custom)
2021-10-27 07:37:17,085 [Listener at 127.0.0.1/37745] INFO  server.GrpcService (ConfUtils.java:logGet(44)) - raft.grpc.flow.control.window = 5MB (=5242880) (custom)
2021-10-27 07:37:17,085 [Listener at 127.0.0.1/37745] INFO  server.RaftServerConfigKeys (ConfUtils.java:logGet(44)) - raft.server.rpc.request.timeout = 60s (custom)
2021-10-27 07:37:17,087 [Listener at 127.0.0.1/37745] INFO  impl.DataStreamServerImpl (ConfUtils.java:logGet(44)) - raft.datastream.type = DISABLED (default)
2021-10-27 07:37:17,087 [Listener at 127.0.0.1/37745] INFO  server.RaftServerConfigKeys (ConfUtils.java:logGet(44)) - raft.server.rpc.slowness.timeout = 300s (custom)
2021-10-27 07:37:17,087 [Listener at 127.0.0.1/37745] INFO  server.RaftServerConfigKeys (ConfUtils.java:logGet(44)) - raft.server.leaderelection.leader.step-down.wait-time = 10s (default)
2021-10-27 07:37:17,087 [Listener at 127.0.0.1/37745] INFO  server.RaftServerConfigKeys (ConfUtils.java:logGet(44)) - raft.server.storage.dir = [/home/runner/work/ozone/ozone/hadoop-ozone/integration-test/target/test-dir/MiniOzoneClusterImpl-0a1afbdb-b897-4eb1-874c-1902c7f745ab/datanode-1/data/ratis] (custom)
2021-10-27 07:37:17,104 [Datanode State Machine Task Thread - 0] INFO  datanode.InitDatanodeState (InitDatanodeState.java:persistContainerDatanodeDetails(145)) - DatanodeDetails is persisted to /home/runner/work/ozone/ozone/hadoop-ozone/integration-test/target/test-dir/MiniOzoneClusterImpl-0a1afbdb-b897-4eb1-874c-1902c7f745ab/datanode-0/meta/datanode.id
2021-10-27 07:37:17,106 [Listener at 127.0.0.1/37745] INFO  http.BaseHttpServer (BaseHttpServer.java:newHttpServer2BuilderForOzone(209)) - Starting Web-server for hddsDatanode at: http://0.0.0.0:0
2021-10-27 07:37:17,106 [Listener at 127.0.0.1/37745] INFO  http.BaseHttpServer (BaseHttpServer.java:<init>(107)) - Hadoop Security Enabled: false Ozone Security Enabled: false Ozone HTTP Security Enabled: false 
2021-10-27 07:37:17,108 [Listener at 127.0.0.1/37745] INFO  server.AuthenticationFilter (AuthenticationFilter.java:constructSecretProvider(240)) - Unable to initialize FileSignerSecretProvider, falling back to use random secrets.
2021-10-27 07:37:17,108 [Listener at 127.0.0.1/37745] WARN  http.HttpRequestLog (HttpRequestLog.java:getRequestLog(103)) - Jetty request log can only be enabled using Log4j
2021-10-27 07:37:17,109 [Listener at 127.0.0.1/37745] INFO  http.HttpServer2 (HttpServer2.java:addGlobalFilter(1030)) - Added global filter 'safety' (class=org.apache.hadoop.hdds.server.http.HttpServer2$QuotingInputFilter)
2021-10-27 07:37:17,110 [Listener at 127.0.0.1/37745] INFO  http.HttpServer2 (HttpServer2.java:addFilter(1006)) - Added filter static_user_filter (class=org.apache.hadoop.http.lib.StaticUserWebFilter$StaticUserFilter) to context hddsDatanode
2021-10-27 07:37:17,110 [Listener at 127.0.0.1/37745] INFO  http.HttpServer2 (HttpServer2.java:addFilter(1014)) - Added filter static_user_filter (class=org.apache.hadoop.http.lib.StaticUserWebFilter$StaticUserFilter) to context static
2021-10-27 07:37:17,111 [Listener at 127.0.0.1/37745] INFO  http.HttpServer2 (HttpServer2.java:addFilter(1014)) - Added filter static_user_filter (class=org.apache.hadoop.http.lib.StaticUserWebFilter$StaticUserFilter) to context logs
2021-10-27 07:37:17,111 [Listener at 127.0.0.1/37745] INFO  http.HttpServer2 (HttpServer2.java:bindListener(1249)) - Jetty bound to port 40413
2021-10-27 07:37:17,111 [Listener at 127.0.0.1/37745] INFO  server.Server (Server.java:doStart(375)) - jetty-9.4.43.v20210629; built: 2021-06-30T11:07:22.254Z; git: 526006ecfa3af7f1a27ef3a288e2bef7ea9dd7e8; jvm 1.8.0_292-b10
2021-10-27 07:37:17,113 [Listener at 127.0.0.1/37745] INFO  server.session (DefaultSessionIdManager.java:doStart(334)) - DefaultSessionIdManager workerName=node0
2021-10-27 07:37:17,114 [Listener at 127.0.0.1/37745] INFO  server.session (DefaultSessionIdManager.java:doStart(339)) - No SessionScavenger set, using defaults
2021-10-27 07:37:17,114 [Listener at 127.0.0.1/37745] INFO  server.session (HouseKeeper.java:startScavenging(132)) - node0 Scavenging every 660000ms
2021-10-27 07:37:17,115 [Listener at 127.0.0.1/37745] INFO  handler.ContextHandler (ContextHandler.java:doStart(915)) - Started o.e.j.s.ServletContextHandler@2da0c34f{logs,/logs,file:///home/runner/work/ozone/ozone/hadoop-ozone/integration-test/target/log,AVAILABLE}
2021-10-27 07:37:17,115 [Listener at 127.0.0.1/37745] INFO  handler.ContextHandler (ContextHandler.java:doStart(915)) - Started o.e.j.s.ServletContextHandler@62c54966{static,/static,jar:file:/home/runner/.m2/repository/org/apache/ozone/hdds-container-service/1.2.0-SNAPSHOT/hdds-container-service-1.2.0-SNAPSHOT.jar!/webapps/static,AVAILABLE}
2021-10-27 07:37:17,119 [ReplicationMonitor] INFO  container.ReplicationManager (ReplicationManager.java:processAll(371)) - Replication Monitor Thread took 0 milliseconds for processing 0 containers.
2021-10-27 07:37:17,120 [om1@group-C5BA1605619E-LeaderElection1] INFO  segmented.SegmentedRaftLogWorker (SegmentedRaftLogWorker.java:startLogSegment(394)) - om1@group-C5BA1605619E-SegmentedRaftLogWorker: Starting segment from index:0
2021-10-27 07:37:17,196 [om1@group-C5BA1605619E-LeaderElection1] INFO  server.RaftServer$Division (ServerState.java:setRaftConf(387)) - om1@group-C5BA1605619E: set configuration 0: [om1|rpc:localhost:46607|admin:|client:|dataStream:|priority:0], old=null
2021-10-27 07:37:17,206 [Listener at 127.0.0.1/37745] INFO  handler.ContextHandler (ContextHandler.java:doStart(915)) - Started o.e.j.w.WebAppContext@39f71ff4{hddsDatanode,/,file:///tmp/jetty-0_0_0_0-40413-hdds-container-service-1_2_0-SNAPSHOT_jar-_-any-1770680406590964037/webapp/,AVAILABLE}{jar:file:/home/runner/.m2/repository/org/apache/ozone/hdds-container-service/1.2.0-SNAPSHOT/hdds-container-service-1.2.0-SNAPSHOT.jar!/webapps/hddsDatanode}
2021-10-27 07:37:17,212 [Listener at 127.0.0.1/37745] INFO  server.AbstractConnector (AbstractConnector.java:doStart(331)) - Started ServerConnector@530f6426{HTTP/1.1, (http/1.1)}{0.0.0.0:40413}
2021-10-27 07:37:17,213 [Listener at 127.0.0.1/37745] INFO  server.Server (Server.java:doStart(415)) - Started @8780ms
2021-10-27 07:37:17,213 [Listener at 127.0.0.1/37745] WARN  impl.MetricsSystemImpl (MetricsSystemImpl.java:register(279)) - Sink prometheus already exists!
2021-10-27 07:37:17,221 [Listener at 127.0.0.1/37745] INFO  http.BaseHttpServer (BaseHttpServer.java:updateConnectorAddress(329)) - HTTP server of hddsDatanode listening at http://0.0.0.0:40413
2021-10-27 07:37:17,221 [Datanode State Machine Daemon Thread] INFO  statemachine.DatanodeStateMachine (DatanodeStateMachine.java:lambda$startDaemon$0(467)) - Ozone container server started.
2021-10-27 07:37:17,222 [Listener at 127.0.0.1/37745] WARN  impl.MetricRegistriesImpl (MetricRegistriesImpl.java:addReporterRegistration(111)) - New reporters are added after registries were created. Some metrics will be missing from the reporter. Please add reporter before adding any new registry.
2021-10-27 07:37:17,222 [Listener at 127.0.0.1/37745] WARN  impl.MetricRegistriesImpl (MetricRegistriesImpl.java:addReporterRegistration(111)) - New reporters are added after registries were created. Some metrics will be missing from the reporter. Please add reporter before adding any new registry.
2021-10-27 07:37:17,222 [Listener at 127.0.0.1/37745] INFO  impl.MetricsSystemImpl (MetricsSystemImpl.java:init(158)) - HddsDatanode metrics system started (again)
2021-10-27 07:37:17,257 [Listener at 127.0.0.1/37745] INFO  ozone.HddsDatanodeService (HddsDatanodeService.java:start(234)) - HddsDatanodeService host:fv-az270-913.tacnzluakwdehk1hpragurqkma.bx.internal.cloudapp.net ip:10.1.0.27
2021-10-27 07:37:17,277 [org.apache.hadoop.util.JvmPauseMonitor$Monitor@4fd222e9] INFO  util.JvmPauseMonitor (JvmPauseMonitor.java:run(188)) - Starting JVM pause monitor
2021-10-27 07:37:17,281 [om1@group-C5BA1605619E-SegmentedRaftLogWorker] INFO  segmented.SegmentedRaftLogWorker (SegmentedRaftLogWorker.java:execute(601)) - om1@group-C5BA1605619E-SegmentedRaftLogWorker: created new log segment /home/runner/work/ozone/ozone/hadoop-ozone/integration-test/target/test-dir/MiniOzoneClusterImpl-0a1afbdb-b897-4eb1-874c-1902c7f745ab/ozone-meta/ratis/bf265839-605b-3f16-9796-c5ba1605619e/current/log_inprogress_0
2021-10-27 07:37:17,289 [Listener at 127.0.0.1/37745] INFO  upgrade.AbstractLayoutVersionManager (AbstractLayoutVersionManager.java:init(79)) - Initializing Layout version manager with metadata layout = SCM_HA (version = 2), software layout = SCM_HA (version = 2)
2021-10-27 07:37:17,307 [Datanode State Machine Task Thread - 0] INFO  datanode.InitDatanodeState (InitDatanodeState.java:persistContainerDatanodeDetails(145)) - DatanodeDetails is persisted to /home/runner/work/ozone/ozone/hadoop-ozone/integration-test/target/test-dir/MiniOzoneClusterImpl-0a1afbdb-b897-4eb1-874c-1902c7f745ab/datanode-1/meta/datanode.id
2021-10-27 07:37:17,385 [Listener at 127.0.0.1/37745] INFO  reflections.Reflections (Reflections.java:scan(232)) - Reflections took 95 ms to scan 7 urls, producing 119 keys and 279 values 
2021-10-27 07:37:17,387 [Listener at 127.0.0.1/37745] INFO  statemachine.DatanodeStateMachine (DatanodeStateMachine.java:getEndPointTaskThreadPoolSize(219)) - Datanode State Machine Task Thread Pool size 2
2021-10-27 07:37:17,408 [Listener at 127.0.0.1/37745] INFO  volume.HddsVolume (HddsVolume.java:<init>(120)) - Creating HddsVolume: /home/runner/work/ozone/ozone/hadoop-ozone/integration-test/target/test-dir/MiniOzoneClusterImpl-0a1afbdb-b897-4eb1-874c-1902c7f745ab/datanode-2/data-0/containers/hdds of storage type : DISK capacity : 9223372036854775807
2021-10-27 07:37:17,408 [Listener at 127.0.0.1/37745] INFO  volume.MutableVolumeSet (MutableVolumeSet.java:initializeVolumeSet(168)) - Added Volume : /home/runner/work/ozone/ozone/hadoop-ozone/integration-test/target/test-dir/MiniOzoneClusterImpl-0a1afbdb-b897-4eb1-874c-1902c7f745ab/datanode-2/data-0/containers/hdds to VolumeSet
2021-10-27 07:37:17,408 [Listener at 127.0.0.1/37745] INFO  volume.ThrottledAsyncChecker (ThrottledAsyncChecker.java:schedule(141)) - Scheduling a check for /home/runner/work/ozone/ozone/hadoop-ozone/integration-test/target/test-dir/MiniOzoneClusterImpl-0a1afbdb-b897-4eb1-874c-1902c7f745ab/datanode-2/data-0/containers/hdds
2021-10-27 07:37:17,418 [Listener at 127.0.0.1/37745] INFO  volume.StorageVolumeChecker (StorageVolumeChecker.java:checkAllVolumes(202)) - Scheduled health check for volume /home/runner/work/ozone/ozone/hadoop-ozone/integration-test/target/test-dir/MiniOzoneClusterImpl-0a1afbdb-b897-4eb1-874c-1902c7f745ab/datanode-2/data-0/containers/hdds
2021-10-27 07:37:17,433 [om1@group-C5BA1605619E-StateMachineUpdater] INFO  ratis.OzoneManagerStateMachine (OzoneManagerStateMachine.java:notifyConfigurationChanged(188)) - Received Configuration change notification from Ratis. New Peer list:
[id: "om1"
address: "localhost:46607"
]
2021-10-27 07:37:17,445 [Listener at 127.0.0.1/37745] INFO  volume.MutableVolumeSet (MutableVolumeSet.java:initializeVolumeSet(168)) - Added Volume : /home/runner/work/ozone/ozone/hadoop-ozone/integration-test/target/test-dir/MiniOzoneClusterImpl-0a1afbdb-b897-4eb1-874c-1902c7f745ab/datanode-2/data/ratis to VolumeSet
2021-10-27 07:37:17,445 [Listener at 127.0.0.1/37745] INFO  volume.ThrottledAsyncChecker (ThrottledAsyncChecker.java:schedule(141)) - Scheduling a check for /home/runner/work/ozone/ozone/hadoop-ozone/integration-test/target/test-dir/MiniOzoneClusterImpl-0a1afbdb-b897-4eb1-874c-1902c7f745ab/datanode-2/data/ratis
2021-10-27 07:37:17,445 [Listener at 127.0.0.1/37745] INFO  volume.StorageVolumeChecker (StorageVolumeChecker.java:checkAllVolumes(202)) - Scheduled health check for volume /home/runner/work/ozone/ozone/hadoop-ozone/integration-test/target/test-dir/MiniOzoneClusterImpl-0a1afbdb-b897-4eb1-874c-1902c7f745ab/datanode-2/data/ratis
2021-10-27 07:37:17,460 [Thread-157] INFO  ozoneimpl.ContainerReader (ContainerReader.java:readVolume(172)) - Finish verifying containers on volume /home/runner/work/ozone/ozone/hadoop-ozone/integration-test/target/test-dir/MiniOzoneClusterImpl-0a1afbdb-b897-4eb1-874c-1902c7f745ab/datanode-2/data-0/containers/hdds
2021-10-27 07:37:17,461 [Listener at 127.0.0.1/37745] INFO  ozoneimpl.OzoneContainer (OzoneContainer.java:buildContainerSet(236)) - Build ContainerSet costs 0s
2021-10-27 07:37:17,466 [Listener at 127.0.0.1/37745] INFO  server.RaftServer (ConfUtils.java:logGet(44)) - raft.rpc.type = GRPC (default)
2021-10-27 07:37:17,466 [Listener at 127.0.0.1/37745] INFO  grpc.GrpcFactory (GrpcFactory.java:checkPooledByteBufAllocatorUseCacheForAllThreads(48)) - PERFORMANCE WARNING: useCacheForAllThreads is true that may cause Netty to create a lot garbage objects and, as a result, trigger GC.
	It is recommended to disable useCacheForAllThreads by setting -Dorg.apache.ratis.thirdparty.io.netty.allocator.useCacheForAllThreads=false in command line.
2021-10-27 07:37:17,466 [Listener at 127.0.0.1/37745] INFO  grpc.GrpcConfigKeys (ConfUtils.java:logGet(44)) - raft.grpc.admin.port = 0 (custom)
2021-10-27 07:37:17,466 [Listener at 127.0.0.1/37745] INFO  grpc.GrpcConfigKeys (ConfUtils.java:logGet(44)) - raft.grpc.client.port = 0 (custom)
2021-10-27 07:37:17,466 [Listener at 127.0.0.1/37745] INFO  grpc.GrpcConfigKeys (ConfUtils.java:logGet(44)) - raft.grpc.server.port = 0 (default)
2021-10-27 07:37:17,466 [Listener at 127.0.0.1/37745] INFO  server.GrpcService (ConfUtils.java:logGet(44)) - raft.grpc.message.size.max = 32MB (=33554432) (custom)
2021-10-27 07:37:17,467 [Listener at 127.0.0.1/37745] INFO  server.RaftServerConfigKeys (ConfUtils.java:logGet(44)) - raft.server.log.appender.buffer.byte-limit = 33554432 (custom)
2021-10-27 07:37:17,467 [Listener at 127.0.0.1/37745] INFO  server.GrpcService (ConfUtils.java:logGet(44)) - raft.grpc.flow.control.window = 5MB (=5242880) (custom)
2021-10-27 07:37:17,467 [Listener at 127.0.0.1/37745] INFO  server.RaftServerConfigKeys (ConfUtils.java:logGet(44)) - raft.server.rpc.request.timeout = 60s (custom)
2021-10-27 07:37:17,468 [Listener at 127.0.0.1/37745] INFO  impl.DataStreamServerImpl (ConfUtils.java:logGet(44)) - raft.datastream.type = DISABLED (default)
2021-10-27 07:37:17,469 [Listener at 127.0.0.1/37745] INFO  server.RaftServerConfigKeys (ConfUtils.java:logGet(44)) - raft.server.rpc.slowness.timeout = 300s (custom)
2021-10-27 07:37:17,469 [Listener at 127.0.0.1/37745] INFO  server.RaftServerConfigKeys (ConfUtils.java:logGet(44)) - raft.server.leaderelection.leader.step-down.wait-time = 10s (default)
2021-10-27 07:37:17,469 [Listener at 127.0.0.1/37745] INFO  server.RaftServerConfigKeys (ConfUtils.java:logGet(44)) - raft.server.storage.dir = [/home/runner/work/ozone/ozone/hadoop-ozone/integration-test/target/test-dir/MiniOzoneClusterImpl-0a1afbdb-b897-4eb1-874c-1902c7f745ab/datanode-2/data/ratis] (custom)
2021-10-27 07:37:17,473 [Listener at 127.0.0.1/37745] INFO  http.BaseHttpServer (BaseHttpServer.java:newHttpServer2BuilderForOzone(209)) - Starting Web-server for hddsDatanode at: http://0.0.0.0:0
2021-10-27 07:37:17,473 [Listener at 127.0.0.1/37745] INFO  http.BaseHttpServer (BaseHttpServer.java:<init>(107)) - Hadoop Security Enabled: false Ozone Security Enabled: false Ozone HTTP Security Enabled: false 
2021-10-27 07:37:17,475 [Listener at 127.0.0.1/37745] INFO  server.AuthenticationFilter (AuthenticationFilter.java:constructSecretProvider(240)) - Unable to initialize FileSignerSecretProvider, falling back to use random secrets.
2021-10-27 07:37:17,475 [Listener at 127.0.0.1/37745] WARN  http.HttpRequestLog (HttpRequestLog.java:getRequestLog(103)) - Jetty request log can only be enabled using Log4j
2021-10-27 07:37:17,477 [Listener at 127.0.0.1/37745] INFO  http.HttpServer2 (HttpServer2.java:addGlobalFilter(1030)) - Added global filter 'safety' (class=org.apache.hadoop.hdds.server.http.HttpServer2$QuotingInputFilter)
2021-10-27 07:37:17,478 [Listener at 127.0.0.1/37745] INFO  http.HttpServer2 (HttpServer2.java:addFilter(1006)) - Added filter static_user_filter (class=org.apache.hadoop.http.lib.StaticUserWebFilter$StaticUserFilter) to context hddsDatanode
2021-10-27 07:37:17,478 [Listener at 127.0.0.1/37745] INFO  http.HttpServer2 (HttpServer2.java:addFilter(1014)) - Added filter static_user_filter (class=org.apache.hadoop.http.lib.StaticUserWebFilter$StaticUserFilter) to context logs
2021-10-27 07:37:17,478 [Listener at 127.0.0.1/37745] INFO  http.HttpServer2 (HttpServer2.java:addFilter(1014)) - Added filter static_user_filter (class=org.apache.hadoop.http.lib.StaticUserWebFilter$StaticUserFilter) to context static
2021-10-27 07:37:17,479 [Listener at 127.0.0.1/37745] INFO  http.HttpServer2 (HttpServer2.java:bindListener(1249)) - Jetty bound to port 40991
2021-10-27 07:37:17,479 [Listener at 127.0.0.1/37745] INFO  server.Server (Server.java:doStart(375)) - jetty-9.4.43.v20210629; built: 2021-06-30T11:07:22.254Z; git: 526006ecfa3af7f1a27ef3a288e2bef7ea9dd7e8; jvm 1.8.0_292-b10
2021-10-27 07:37:17,486 [Listener at 127.0.0.1/37745] INFO  server.session (DefaultSessionIdManager.java:doStart(334)) - DefaultSessionIdManager workerName=node0
2021-10-27 07:37:17,486 [Listener at 127.0.0.1/37745] INFO  server.session (DefaultSessionIdManager.java:doStart(339)) - No SessionScavenger set, using defaults
2021-10-27 07:37:17,486 [Listener at 127.0.0.1/37745] INFO  server.session (HouseKeeper.java:startScavenging(132)) - node0 Scavenging every 660000ms
2021-10-27 07:37:17,489 [Listener at 127.0.0.1/37745] INFO  handler.ContextHandler (ContextHandler.java:doStart(915)) - Started o.e.j.s.ServletContextHandler@5db9e27a{logs,/logs,file:///home/runner/work/ozone/ozone/hadoop-ozone/integration-test/target/log,AVAILABLE}
2021-10-27 07:37:17,489 [Listener at 127.0.0.1/37745] INFO  handler.ContextHandler (ContextHandler.java:doStart(915)) - Started o.e.j.s.ServletContextHandler@76f45f77{static,/static,jar:file:/home/runner/.m2/repository/org/apache/ozone/hdds-container-service/1.2.0-SNAPSHOT/hdds-container-service-1.2.0-SNAPSHOT.jar!/webapps/static,AVAILABLE}
2021-10-27 07:37:17,535 [Listener at 127.0.0.1/37745] INFO  handler.ContextHandler (ContextHandler.java:doStart(915)) - Started o.e.j.w.WebAppContext@7defc89f{hddsDatanode,/,file:///tmp/jetty-0_0_0_0-40991-hdds-container-service-1_2_0-SNAPSHOT_jar-_-any-2451187942003554871/webapp/,AVAILABLE}{jar:file:/home/runner/.m2/repository/org/apache/ozone/hdds-container-service/1.2.0-SNAPSHOT/hdds-container-service-1.2.0-SNAPSHOT.jar!/webapps/hddsDatanode}
2021-10-27 07:37:17,537 [Listener at 127.0.0.1/37745] INFO  server.AbstractConnector (AbstractConnector.java:doStart(331)) - Started ServerConnector@315d3026{HTTP/1.1, (http/1.1)}{0.0.0.0:40991}
2021-10-27 07:37:17,537 [Listener at 127.0.0.1/37745] INFO  server.Server (Server.java:doStart(415)) - Started @9104ms
2021-10-27 07:37:17,537 [Listener at 127.0.0.1/37745] WARN  impl.MetricsSystemImpl (MetricsSystemImpl.java:register(279)) - Sink prometheus already exists!
2021-10-27 07:37:17,538 [Listener at 127.0.0.1/37745] INFO  http.BaseHttpServer (BaseHttpServer.java:updateConnectorAddress(329)) - HTTP server of hddsDatanode listening at http://0.0.0.0:40991
2021-10-27 07:37:17,538 [Datanode State Machine Daemon Thread] INFO  statemachine.DatanodeStateMachine (DatanodeStateMachine.java:lambda$startDaemon$0(467)) - Ozone container server started.
2021-10-27 07:37:17,539 [Listener at 127.0.0.1/37745] WARN  impl.MetricRegistriesImpl (MetricRegistriesImpl.java:addReporterRegistration(111)) - New reporters are added after registries were created. Some metrics will be missing from the reporter. Please add reporter before adding any new registry.
2021-10-27 07:37:17,539 [Listener at 127.0.0.1/37745] WARN  impl.MetricRegistriesImpl (MetricRegistriesImpl.java:addReporterRegistration(111)) - New reporters are added after registries were created. Some metrics will be missing from the reporter. Please add reporter before adding any new registry.
2021-10-27 07:37:17,540 [Listener at 127.0.0.1/37745] INFO  impl.MetricsSystemImpl (MetricsSystemImpl.java:init(158)) - HddsDatanode metrics system started (again)
2021-10-27 07:37:17,553 [org.apache.hadoop.util.JvmPauseMonitor$Monitor@25683cf5] INFO  util.JvmPauseMonitor (JvmPauseMonitor.java:run(188)) - Starting JVM pause monitor
2021-10-27 07:37:17,556 [Listener at 127.0.0.1/37745] INFO  ozone.HddsDatanodeService (HddsDatanodeService.java:start(234)) - HddsDatanodeService host:fv-az270-913.tacnzluakwdehk1hpragurqkma.bx.internal.cloudapp.net ip:10.1.0.27
2021-10-27 07:37:17,558 [Datanode State Machine Task Thread - 0] INFO  datanode.InitDatanodeState (InitDatanodeState.java:persistContainerDatanodeDetails(145)) - DatanodeDetails is persisted to /home/runner/work/ozone/ozone/hadoop-ozone/integration-test/target/test-dir/MiniOzoneClusterImpl-0a1afbdb-b897-4eb1-874c-1902c7f745ab/datanode-2/meta/datanode.id
2021-10-27 07:37:17,578 [Listener at 127.0.0.1/37745] INFO  upgrade.AbstractLayoutVersionManager (AbstractLayoutVersionManager.java:init(79)) - Initializing Layout version manager with metadata layout = SCM_HA (version = 2), software layout = SCM_HA (version = 2)
2021-10-27 07:37:17,630 [Listener at 127.0.0.1/37745] INFO  reflections.Reflections (Reflections.java:scan(232)) - Reflections took 51 ms to scan 7 urls, producing 119 keys and 279 values 
2021-10-27 07:37:17,632 [Listener at 127.0.0.1/37745] INFO  statemachine.DatanodeStateMachine (DatanodeStateMachine.java:getEndPointTaskThreadPoolSize(219)) - Datanode State Machine Task Thread Pool size 2
2021-10-27 07:37:17,643 [Listener at 127.0.0.1/37745] INFO  volume.HddsVolume (HddsVolume.java:<init>(120)) - Creating HddsVolume: /home/runner/work/ozone/ozone/hadoop-ozone/integration-test/target/test-dir/MiniOzoneClusterImpl-0a1afbdb-b897-4eb1-874c-1902c7f745ab/datanode-3/data-0/containers/hdds of storage type : DISK capacity : 9223372036854775807
2021-10-27 07:37:17,644 [Listener at 127.0.0.1/37745] INFO  volume.MutableVolumeSet (MutableVolumeSet.java:initializeVolumeSet(168)) - Added Volume : /home/runner/work/ozone/ozone/hadoop-ozone/integration-test/target/test-dir/MiniOzoneClusterImpl-0a1afbdb-b897-4eb1-874c-1902c7f745ab/datanode-3/data-0/containers/hdds to VolumeSet
2021-10-27 07:37:17,644 [Listener at 127.0.0.1/37745] INFO  volume.ThrottledAsyncChecker (ThrottledAsyncChecker.java:schedule(141)) - Scheduling a check for /home/runner/work/ozone/ozone/hadoop-ozone/integration-test/target/test-dir/MiniOzoneClusterImpl-0a1afbdb-b897-4eb1-874c-1902c7f745ab/datanode-3/data-0/containers/hdds
2021-10-27 07:37:17,649 [Listener at 127.0.0.1/37745] INFO  volume.StorageVolumeChecker (StorageVolumeChecker.java:checkAllVolumes(202)) - Scheduled health check for volume /home/runner/work/ozone/ozone/hadoop-ozone/integration-test/target/test-dir/MiniOzoneClusterImpl-0a1afbdb-b897-4eb1-874c-1902c7f745ab/datanode-3/data-0/containers/hdds
2021-10-27 07:37:17,665 [Listener at 127.0.0.1/37745] INFO  volume.MutableVolumeSet (MutableVolumeSet.java:initializeVolumeSet(168)) - Added Volume : /home/runner/work/ozone/ozone/hadoop-ozone/integration-test/target/test-dir/MiniOzoneClusterImpl-0a1afbdb-b897-4eb1-874c-1902c7f745ab/datanode-3/data/ratis to VolumeSet
2021-10-27 07:37:17,665 [Listener at 127.0.0.1/37745] INFO  volume.ThrottledAsyncChecker (ThrottledAsyncChecker.java:schedule(141)) - Scheduling a check for /home/runner/work/ozone/ozone/hadoop-ozone/integration-test/target/test-dir/MiniOzoneClusterImpl-0a1afbdb-b897-4eb1-874c-1902c7f745ab/datanode-3/data/ratis
2021-10-27 07:37:17,665 [Listener at 127.0.0.1/37745] INFO  volume.StorageVolumeChecker (StorageVolumeChecker.java:checkAllVolumes(202)) - Scheduled health check for volume /home/runner/work/ozone/ozone/hadoop-ozone/integration-test/target/test-dir/MiniOzoneClusterImpl-0a1afbdb-b897-4eb1-874c-1902c7f745ab/datanode-3/data/ratis
2021-10-27 07:37:17,679 [Thread-169] INFO  ozoneimpl.ContainerReader (ContainerReader.java:readVolume(172)) - Finish verifying containers on volume /home/runner/work/ozone/ozone/hadoop-ozone/integration-test/target/test-dir/MiniOzoneClusterImpl-0a1afbdb-b897-4eb1-874c-1902c7f745ab/datanode-3/data-0/containers/hdds
2021-10-27 07:37:17,679 [Listener at 127.0.0.1/37745] INFO  ozoneimpl.OzoneContainer (OzoneContainer.java:buildContainerSet(236)) - Build ContainerSet costs 0s
2021-10-27 07:37:17,683 [Listener at 127.0.0.1/37745] INFO  server.RaftServer (ConfUtils.java:logGet(44)) - raft.rpc.type = GRPC (default)
2021-10-27 07:37:17,683 [Listener at 127.0.0.1/37745] INFO  grpc.GrpcFactory (GrpcFactory.java:checkPooledByteBufAllocatorUseCacheForAllThreads(48)) - PERFORMANCE WARNING: useCacheForAllThreads is true that may cause Netty to create a lot garbage objects and, as a result, trigger GC.
	It is recommended to disable useCacheForAllThreads by setting -Dorg.apache.ratis.thirdparty.io.netty.allocator.useCacheForAllThreads=false in command line.
2021-10-27 07:37:17,683 [Listener at 127.0.0.1/37745] INFO  grpc.GrpcConfigKeys (ConfUtils.java:logGet(44)) - raft.grpc.admin.port = 0 (custom)
2021-10-27 07:37:17,684 [Listener at 127.0.0.1/37745] INFO  grpc.GrpcConfigKeys (ConfUtils.java:logGet(44)) - raft.grpc.client.port = 0 (custom)
2021-10-27 07:37:17,684 [Listener at 127.0.0.1/37745] INFO  grpc.GrpcConfigKeys (ConfUtils.java:logGet(44)) - raft.grpc.server.port = 0 (default)
2021-10-27 07:37:17,684 [Listener at 127.0.0.1/37745] INFO  server.GrpcService (ConfUtils.java:logGet(44)) - raft.grpc.message.size.max = 32MB (=33554432) (custom)
2021-10-27 07:37:17,684 [Listener at 127.0.0.1/37745] INFO  server.RaftServerConfigKeys (ConfUtils.java:logGet(44)) - raft.server.log.appender.buffer.byte-limit = 33554432 (custom)
2021-10-27 07:37:17,684 [Listener at 127.0.0.1/37745] INFO  server.GrpcService (ConfUtils.java:logGet(44)) - raft.grpc.flow.control.window = 5MB (=5242880) (custom)
2021-10-27 07:37:17,685 [Listener at 127.0.0.1/37745] INFO  server.RaftServerConfigKeys (ConfUtils.java:logGet(44)) - raft.server.rpc.request.timeout = 60s (custom)
2021-10-27 07:37:17,686 [Listener at 127.0.0.1/37745] INFO  impl.DataStreamServerImpl (ConfUtils.java:logGet(44)) - raft.datastream.type = DISABLED (default)
2021-10-27 07:37:17,686 [Listener at 127.0.0.1/37745] INFO  server.RaftServerConfigKeys (ConfUtils.java:logGet(44)) - raft.server.rpc.slowness.timeout = 300s (custom)
2021-10-27 07:37:17,686 [Listener at 127.0.0.1/37745] INFO  server.RaftServerConfigKeys (ConfUtils.java:logGet(44)) - raft.server.leaderelection.leader.step-down.wait-time = 10s (default)
2021-10-27 07:37:17,686 [Listener at 127.0.0.1/37745] INFO  server.RaftServerConfigKeys (ConfUtils.java:logGet(44)) - raft.server.storage.dir = [/home/runner/work/ozone/ozone/hadoop-ozone/integration-test/target/test-dir/MiniOzoneClusterImpl-0a1afbdb-b897-4eb1-874c-1902c7f745ab/datanode-3/data/ratis] (custom)
2021-10-27 07:37:17,694 [Listener at 127.0.0.1/37745] INFO  http.BaseHttpServer (BaseHttpServer.java:newHttpServer2BuilderForOzone(209)) - Starting Web-server for hddsDatanode at: http://0.0.0.0:0
2021-10-27 07:37:17,694 [Listener at 127.0.0.1/37745] INFO  http.BaseHttpServer (BaseHttpServer.java:<init>(107)) - Hadoop Security Enabled: false Ozone Security Enabled: false Ozone HTTP Security Enabled: false 
2021-10-27 07:37:17,696 [Listener at 127.0.0.1/37745] INFO  server.AuthenticationFilter (AuthenticationFilter.java:constructSecretProvider(240)) - Unable to initialize FileSignerSecretProvider, falling back to use random secrets.
2021-10-27 07:37:17,697 [Listener at 127.0.0.1/37745] WARN  http.HttpRequestLog (HttpRequestLog.java:getRequestLog(103)) - Jetty request log can only be enabled using Log4j
2021-10-27 07:37:17,699 [Listener at 127.0.0.1/37745] INFO  http.HttpServer2 (HttpServer2.java:addGlobalFilter(1030)) - Added global filter 'safety' (class=org.apache.hadoop.hdds.server.http.HttpServer2$QuotingInputFilter)
2021-10-27 07:37:17,700 [Listener at 127.0.0.1/37745] INFO  http.HttpServer2 (HttpServer2.java:addFilter(1006)) - Added filter static_user_filter (class=org.apache.hadoop.http.lib.StaticUserWebFilter$StaticUserFilter) to context hddsDatanode
2021-10-27 07:37:17,700 [Listener at 127.0.0.1/37745] INFO  http.HttpServer2 (HttpServer2.java:addFilter(1014)) - Added filter static_user_filter (class=org.apache.hadoop.http.lib.StaticUserWebFilter$StaticUserFilter) to context logs
2021-10-27 07:37:17,700 [Listener at 127.0.0.1/37745] INFO  http.HttpServer2 (HttpServer2.java:addFilter(1014)) - Added filter static_user_filter (class=org.apache.hadoop.http.lib.StaticUserWebFilter$StaticUserFilter) to context static
2021-10-27 07:37:17,700 [Listener at 127.0.0.1/37745] INFO  http.HttpServer2 (HttpServer2.java:bindListener(1249)) - Jetty bound to port 40771
2021-10-27 07:37:17,700 [Listener at 127.0.0.1/37745] INFO  server.Server (Server.java:doStart(375)) - jetty-9.4.43.v20210629; built: 2021-06-30T11:07:22.254Z; git: 526006ecfa3af7f1a27ef3a288e2bef7ea9dd7e8; jvm 1.8.0_292-b10
2021-10-27 07:37:17,702 [Listener at 127.0.0.1/37745] INFO  server.session (DefaultSessionIdManager.java:doStart(334)) - DefaultSessionIdManager workerName=node0
2021-10-27 07:37:17,703 [Listener at 127.0.0.1/37745] INFO  server.session (DefaultSessionIdManager.java:doStart(339)) - No SessionScavenger set, using defaults
2021-10-27 07:37:17,703 [Listener at 127.0.0.1/37745] INFO  server.session (HouseKeeper.java:startScavenging(132)) - node0 Scavenging every 600000ms
2021-10-27 07:37:17,704 [Listener at 127.0.0.1/37745] INFO  handler.ContextHandler (ContextHandler.java:doStart(915)) - Started o.e.j.s.ServletContextHandler@50211696{logs,/logs,file:///home/runner/work/ozone/ozone/hadoop-ozone/integration-test/target/log,AVAILABLE}
2021-10-27 07:37:17,705 [Listener at 127.0.0.1/37745] INFO  handler.ContextHandler (ContextHandler.java:doStart(915)) - Started o.e.j.s.ServletContextHandler@7e5f3eb1{static,/static,jar:file:/home/runner/.m2/repository/org/apache/ozone/hdds-container-service/1.2.0-SNAPSHOT/hdds-container-service-1.2.0-SNAPSHOT.jar!/webapps/static,AVAILABLE}
2021-10-27 07:37:17,747 [Listener at 127.0.0.1/37745] INFO  handler.ContextHandler (ContextHandler.java:doStart(915)) - Started o.e.j.w.WebAppContext@5fbdbc53{hddsDatanode,/,file:///tmp/jetty-0_0_0_0-40771-hdds-container-service-1_2_0-SNAPSHOT_jar-_-any-1935235909503254348/webapp/,AVAILABLE}{jar:file:/home/runner/.m2/repository/org/apache/ozone/hdds-container-service/1.2.0-SNAPSHOT/hdds-container-service-1.2.0-SNAPSHOT.jar!/webapps/hddsDatanode}
2021-10-27 07:37:17,751 [Listener at 127.0.0.1/37745] INFO  server.AbstractConnector (AbstractConnector.java:doStart(331)) - Started ServerConnector@647c4eac{HTTP/1.1, (http/1.1)}{0.0.0.0:40771}
2021-10-27 07:37:17,751 [Listener at 127.0.0.1/37745] INFO  server.Server (Server.java:doStart(415)) - Started @9318ms
2021-10-27 07:37:17,751 [Listener at 127.0.0.1/37745] WARN  impl.MetricsSystemImpl (MetricsSystemImpl.java:register(279)) - Sink prometheus already exists!
2021-10-27 07:37:17,752 [Listener at 127.0.0.1/37745] INFO  http.BaseHttpServer (BaseHttpServer.java:updateConnectorAddress(329)) - HTTP server of hddsDatanode listening at http://0.0.0.0:40771
2021-10-27 07:37:17,752 [Datanode State Machine Daemon Thread] INFO  statemachine.DatanodeStateMachine (DatanodeStateMachine.java:lambda$startDaemon$0(467)) - Ozone container server started.
2021-10-27 07:37:17,753 [Listener at 127.0.0.1/37745] WARN  impl.MetricRegistriesImpl (MetricRegistriesImpl.java:addReporterRegistration(111)) - New reporters are added after registries were created. Some metrics will be missing from the reporter. Please add reporter before adding any new registry.
2021-10-27 07:37:17,753 [Listener at 127.0.0.1/37745] WARN  impl.MetricRegistriesImpl (MetricRegistriesImpl.java:addReporterRegistration(111)) - New reporters are added after registries were created. Some metrics will be missing from the reporter. Please add reporter before adding any new registry.
2021-10-27 07:37:17,753 [Listener at 127.0.0.1/37745] INFO  impl.MetricsSystemImpl (MetricsSystemImpl.java:init(158)) - HddsDatanode metrics system started (again)
2021-10-27 07:37:17,768 [Listener at 127.0.0.1/37745] INFO  ozone.HddsDatanodeService (HddsDatanodeService.java:start(234)) - HddsDatanodeService host:fv-az270-913.tacnzluakwdehk1hpragurqkma.bx.internal.cloudapp.net ip:10.1.0.27
2021-10-27 07:37:17,781 [org.apache.hadoop.util.JvmPauseMonitor$Monitor@60b9f3c9] INFO  util.JvmPauseMonitor (JvmPauseMonitor.java:run(188)) - Starting JVM pause monitor
2021-10-27 07:37:17,784 [Datanode State Machine Task Thread - 0] INFO  datanode.InitDatanodeState (InitDatanodeState.java:persistContainerDatanodeDetails(145)) - DatanodeDetails is persisted to /home/runner/work/ozone/ozone/hadoop-ozone/integration-test/target/test-dir/MiniOzoneClusterImpl-0a1afbdb-b897-4eb1-874c-1902c7f745ab/datanode-3/meta/datanode.id
2021-10-27 07:37:17,795 [Listener at 127.0.0.1/37745] INFO  upgrade.AbstractLayoutVersionManager (AbstractLayoutVersionManager.java:init(79)) - Initializing Layout version manager with metadata layout = SCM_HA (version = 2), software layout = SCM_HA (version = 2)
2021-10-27 07:37:17,844 [Listener at 127.0.0.1/37745] INFO  reflections.Reflections (Reflections.java:scan(232)) - Reflections took 47 ms to scan 7 urls, producing 119 keys and 279 values 
2021-10-27 07:37:17,846 [Listener at 127.0.0.1/37745] INFO  statemachine.DatanodeStateMachine (DatanodeStateMachine.java:getEndPointTaskThreadPoolSize(219)) - Datanode State Machine Task Thread Pool size 2
2021-10-27 07:37:17,853 [Listener at 127.0.0.1/37745] INFO  volume.HddsVolume (HddsVolume.java:<init>(120)) - Creating HddsVolume: /home/runner/work/ozone/ozone/hadoop-ozone/integration-test/target/test-dir/MiniOzoneClusterImpl-0a1afbdb-b897-4eb1-874c-1902c7f745ab/datanode-4/data-0/containers/hdds of storage type : DISK capacity : 9223372036854775807
2021-10-27 07:37:17,853 [Listener at 127.0.0.1/37745] INFO  volume.MutableVolumeSet (MutableVolumeSet.java:initializeVolumeSet(168)) - Added Volume : /home/runner/work/ozone/ozone/hadoop-ozone/integration-test/target/test-dir/MiniOzoneClusterImpl-0a1afbdb-b897-4eb1-874c-1902c7f745ab/datanode-4/data-0/containers/hdds to VolumeSet
2021-10-27 07:37:17,853 [Listener at 127.0.0.1/37745] INFO  volume.ThrottledAsyncChecker (ThrottledAsyncChecker.java:schedule(141)) - Scheduling a check for /home/runner/work/ozone/ozone/hadoop-ozone/integration-test/target/test-dir/MiniOzoneClusterImpl-0a1afbdb-b897-4eb1-874c-1902c7f745ab/datanode-4/data-0/containers/hdds
2021-10-27 07:37:17,854 [Listener at 127.0.0.1/37745] INFO  volume.StorageVolumeChecker (StorageVolumeChecker.java:checkAllVolumes(202)) - Scheduled health check for volume /home/runner/work/ozone/ozone/hadoop-ozone/integration-test/target/test-dir/MiniOzoneClusterImpl-0a1afbdb-b897-4eb1-874c-1902c7f745ab/datanode-4/data-0/containers/hdds
2021-10-27 07:37:17,870 [Listener at 127.0.0.1/37745] INFO  volume.MutableVolumeSet (MutableVolumeSet.java:initializeVolumeSet(168)) - Added Volume : /home/runner/work/ozone/ozone/hadoop-ozone/integration-test/target/test-dir/MiniOzoneClusterImpl-0a1afbdb-b897-4eb1-874c-1902c7f745ab/datanode-4/data/ratis to VolumeSet
2021-10-27 07:37:17,871 [Listener at 127.0.0.1/37745] INFO  volume.ThrottledAsyncChecker (ThrottledAsyncChecker.java:schedule(141)) - Scheduling a check for /home/runner/work/ozone/ozone/hadoop-ozone/integration-test/target/test-dir/MiniOzoneClusterImpl-0a1afbdb-b897-4eb1-874c-1902c7f745ab/datanode-4/data/ratis
2021-10-27 07:37:17,871 [Listener at 127.0.0.1/37745] INFO  volume.StorageVolumeChecker (StorageVolumeChecker.java:checkAllVolumes(202)) - Scheduled health check for volume /home/runner/work/ozone/ozone/hadoop-ozone/integration-test/target/test-dir/MiniOzoneClusterImpl-0a1afbdb-b897-4eb1-874c-1902c7f745ab/datanode-4/data/ratis
2021-10-27 07:37:17,885 [Thread-181] INFO  ozoneimpl.ContainerReader (ContainerReader.java:readVolume(172)) - Finish verifying containers on volume /home/runner/work/ozone/ozone/hadoop-ozone/integration-test/target/test-dir/MiniOzoneClusterImpl-0a1afbdb-b897-4eb1-874c-1902c7f745ab/datanode-4/data-0/containers/hdds
2021-10-27 07:37:17,885 [Listener at 127.0.0.1/37745] INFO  ozoneimpl.OzoneContainer (OzoneContainer.java:buildContainerSet(236)) - Build ContainerSet costs 0s
2021-10-27 07:37:17,888 [Listener at 127.0.0.1/37745] INFO  server.RaftServer (ConfUtils.java:logGet(44)) - raft.rpc.type = GRPC (default)
2021-10-27 07:37:17,888 [Listener at 127.0.0.1/37745] INFO  grpc.GrpcFactory (GrpcFactory.java:checkPooledByteBufAllocatorUseCacheForAllThreads(48)) - PERFORMANCE WARNING: useCacheForAllThreads is true that may cause Netty to create a lot garbage objects and, as a result, trigger GC.
	It is recommended to disable useCacheForAllThreads by setting -Dorg.apache.ratis.thirdparty.io.netty.allocator.useCacheForAllThreads=false in command line.
2021-10-27 07:37:17,889 [Listener at 127.0.0.1/37745] INFO  grpc.GrpcConfigKeys (ConfUtils.java:logGet(44)) - raft.grpc.admin.port = 0 (custom)
2021-10-27 07:37:17,889 [Listener at 127.0.0.1/37745] INFO  grpc.GrpcConfigKeys (ConfUtils.java:logGet(44)) - raft.grpc.client.port = 0 (custom)
2021-10-27 07:37:17,889 [Listener at 127.0.0.1/37745] INFO  grpc.GrpcConfigKeys (ConfUtils.java:logGet(44)) - raft.grpc.server.port = 0 (default)
2021-10-27 07:37:17,889 [Listener at 127.0.0.1/37745] INFO  server.GrpcService (ConfUtils.java:logGet(44)) - raft.grpc.message.size.max = 32MB (=33554432) (custom)
2021-10-27 07:37:17,889 [Listener at 127.0.0.1/37745] INFO  server.RaftServerConfigKeys (ConfUtils.java:logGet(44)) - raft.server.log.appender.buffer.byte-limit = 33554432 (custom)
2021-10-27 07:37:17,889 [Listener at 127.0.0.1/37745] INFO  server.GrpcService (ConfUtils.java:logGet(44)) - raft.grpc.flow.control.window = 5MB (=5242880) (custom)
2021-10-27 07:37:17,890 [Listener at 127.0.0.1/37745] INFO  server.RaftServerConfigKeys (ConfUtils.java:logGet(44)) - raft.server.rpc.request.timeout = 60s (custom)
2021-10-27 07:37:17,891 [Listener at 127.0.0.1/37745] INFO  impl.DataStreamServerImpl (ConfUtils.java:logGet(44)) - raft.datastream.type = DISABLED (default)
2021-10-27 07:37:17,891 [Listener at 127.0.0.1/37745] INFO  server.RaftServerConfigKeys (ConfUtils.java:logGet(44)) - raft.server.rpc.slowness.timeout = 300s (custom)
2021-10-27 07:37:17,891 [Listener at 127.0.0.1/37745] INFO  server.RaftServerConfigKeys (ConfUtils.java:logGet(44)) - raft.server.leaderelection.leader.step-down.wait-time = 10s (default)
2021-10-27 07:37:17,891 [Listener at 127.0.0.1/37745] INFO  server.RaftServerConfigKeys (ConfUtils.java:logGet(44)) - raft.server.storage.dir = [/home/runner/work/ozone/ozone/hadoop-ozone/integration-test/target/test-dir/MiniOzoneClusterImpl-0a1afbdb-b897-4eb1-874c-1902c7f745ab/datanode-4/data/ratis] (custom)
2021-10-27 07:37:17,895 [Listener at 127.0.0.1/37745] INFO  http.BaseHttpServer (BaseHttpServer.java:newHttpServer2BuilderForOzone(209)) - Starting Web-server for hddsDatanode at: http://0.0.0.0:0
2021-10-27 07:37:17,895 [Listener at 127.0.0.1/37745] INFO  http.BaseHttpServer (BaseHttpServer.java:<init>(107)) - Hadoop Security Enabled: false Ozone Security Enabled: false Ozone HTTP Security Enabled: false 
2021-10-27 07:37:17,896 [Listener at 127.0.0.1/37745] INFO  server.AuthenticationFilter (AuthenticationFilter.java:constructSecretProvider(240)) - Unable to initialize FileSignerSecretProvider, falling back to use random secrets.
2021-10-27 07:37:17,896 [Listener at 127.0.0.1/37745] WARN  http.HttpRequestLog (HttpRequestLog.java:getRequestLog(103)) - Jetty request log can only be enabled using Log4j
2021-10-27 07:37:17,897 [Listener at 127.0.0.1/37745] INFO  http.HttpServer2 (HttpServer2.java:addGlobalFilter(1030)) - Added global filter 'safety' (class=org.apache.hadoop.hdds.server.http.HttpServer2$QuotingInputFilter)
2021-10-27 07:37:17,898 [Listener at 127.0.0.1/37745] INFO  http.HttpServer2 (HttpServer2.java:addFilter(1006)) - Added filter static_user_filter (class=org.apache.hadoop.http.lib.StaticUserWebFilter$StaticUserFilter) to context hddsDatanode
2021-10-27 07:37:17,898 [Listener at 127.0.0.1/37745] INFO  http.HttpServer2 (HttpServer2.java:addFilter(1014)) - Added filter static_user_filter (class=org.apache.hadoop.http.lib.StaticUserWebFilter$StaticUserFilter) to context static
2021-10-27 07:37:17,898 [Listener at 127.0.0.1/37745] INFO  http.HttpServer2 (HttpServer2.java:addFilter(1014)) - Added filter static_user_filter (class=org.apache.hadoop.http.lib.StaticUserWebFilter$StaticUserFilter) to context logs
2021-10-27 07:37:17,899 [Listener at 127.0.0.1/37745] INFO  http.HttpServer2 (HttpServer2.java:bindListener(1249)) - Jetty bound to port 39095
2021-10-27 07:37:17,900 [Listener at 127.0.0.1/37745] INFO  server.Server (Server.java:doStart(375)) - jetty-9.4.43.v20210629; built: 2021-06-30T11:07:22.254Z; git: 526006ecfa3af7f1a27ef3a288e2bef7ea9dd7e8; jvm 1.8.0_292-b10
2021-10-27 07:37:17,903 [Listener at 127.0.0.1/37745] INFO  server.session (DefaultSessionIdManager.java:doStart(334)) - DefaultSessionIdManager workerName=node0
2021-10-27 07:37:17,904 [Listener at 127.0.0.1/37745] INFO  server.session (DefaultSessionIdManager.java:doStart(339)) - No SessionScavenger set, using defaults
2021-10-27 07:37:17,904 [Listener at 127.0.0.1/37745] INFO  server.session (HouseKeeper.java:startScavenging(132)) - node0 Scavenging every 660000ms
2021-10-27 07:37:17,905 [Listener at 127.0.0.1/37745] INFO  handler.ContextHandler (ContextHandler.java:doStart(915)) - Started o.e.j.s.ServletContextHandler@4174d363{logs,/logs,file:///home/runner/work/ozone/ozone/hadoop-ozone/integration-test/target/log,AVAILABLE}
2021-10-27 07:37:17,905 [Listener at 127.0.0.1/37745] INFO  handler.ContextHandler (ContextHandler.java:doStart(915)) - Started o.e.j.s.ServletContextHandler@1b0c0cb9{static,/static,jar:file:/home/runner/.m2/repository/org/apache/ozone/hdds-container-service/1.2.0-SNAPSHOT/hdds-container-service-1.2.0-SNAPSHOT.jar!/webapps/static,AVAILABLE}
2021-10-27 07:37:17,950 [Listener at 127.0.0.1/37745] INFO  handler.ContextHandler (ContextHandler.java:doStart(915)) - Started o.e.j.w.WebAppContext@5bb356d4{hddsDatanode,/,file:///tmp/jetty-0_0_0_0-39095-hdds-container-service-1_2_0-SNAPSHOT_jar-_-any-3610332506478131536/webapp/,AVAILABLE}{jar:file:/home/runner/.m2/repository/org/apache/ozone/hdds-container-service/1.2.0-SNAPSHOT/hdds-container-service-1.2.0-SNAPSHOT.jar!/webapps/hddsDatanode}
2021-10-27 07:37:17,952 [Listener at 127.0.0.1/37745] INFO  server.AbstractConnector (AbstractConnector.java:doStart(331)) - Started ServerConnector@3231b201{HTTP/1.1, (http/1.1)}{0.0.0.0:39095}
2021-10-27 07:37:17,952 [Listener at 127.0.0.1/37745] INFO  server.Server (Server.java:doStart(415)) - Started @9520ms
2021-10-27 07:37:17,952 [Listener at 127.0.0.1/37745] WARN  impl.MetricsSystemImpl (MetricsSystemImpl.java:register(279)) - Sink prometheus already exists!
2021-10-27 07:37:17,953 [Listener at 127.0.0.1/37745] INFO  http.BaseHttpServer (BaseHttpServer.java:updateConnectorAddress(329)) - HTTP server of hddsDatanode listening at http://0.0.0.0:39095
2021-10-27 07:37:17,957 [Listener at 127.0.0.1/37745] WARN  impl.MetricRegistriesImpl (MetricRegistriesImpl.java:addReporterRegistration(111)) - New reporters are added after registries were created. Some metrics will be missing from the reporter. Please add reporter before adding any new registry.
2021-10-27 07:37:17,957 [Listener at 127.0.0.1/37745] WARN  impl.MetricRegistriesImpl (MetricRegistriesImpl.java:addReporterRegistration(111)) - New reporters are added after registries were created. Some metrics will be missing from the reporter. Please add reporter before adding any new registry.
2021-10-27 07:37:17,957 [Listener at 127.0.0.1/37745] INFO  impl.MetricsSystemImpl (MetricsSystemImpl.java:init(158)) - HddsDatanode metrics system started (again)
2021-10-27 07:37:17,959 [Datanode State Machine Daemon Thread] INFO  statemachine.DatanodeStateMachine (DatanodeStateMachine.java:lambda$startDaemon$0(467)) - Ozone container server started.
2021-10-27 07:37:17,965 [org.apache.hadoop.util.JvmPauseMonitor$Monitor@3c781eda] INFO  util.JvmPauseMonitor (JvmPauseMonitor.java:run(188)) - Starting JVM pause monitor
2021-10-27 07:37:17,978 [Datanode State Machine Task Thread - 0] INFO  datanode.InitDatanodeState (InitDatanodeState.java:persistContainerDatanodeDetails(145)) - DatanodeDetails is persisted to /home/runner/work/ozone/ozone/hadoop-ozone/integration-test/target/test-dir/MiniOzoneClusterImpl-0a1afbdb-b897-4eb1-874c-1902c7f745ab/datanode-4/meta/datanode.id
2021-10-27 07:37:17,985 [Listener at 127.0.0.1/37745] INFO  ozone.HddsDatanodeService (HddsDatanodeService.java:start(234)) - HddsDatanodeService host:fv-az270-913.tacnzluakwdehk1hpragurqkma.bx.internal.cloudapp.net ip:10.1.0.27
2021-10-27 07:37:18,009 [Listener at 127.0.0.1/37745] INFO  upgrade.AbstractLayoutVersionManager (AbstractLayoutVersionManager.java:init(79)) - Initializing Layout version manager with metadata layout = SCM_HA (version = 2), software layout = SCM_HA (version = 2)
2021-10-27 07:37:18,053 [Listener at 127.0.0.1/37745] INFO  reflections.Reflections (Reflections.java:scan(232)) - Reflections took 43 ms to scan 7 urls, producing 119 keys and 279 values 
2021-10-27 07:37:18,055 [Listener at 127.0.0.1/37745] INFO  statemachine.DatanodeStateMachine (DatanodeStateMachine.java:getEndPointTaskThreadPoolSize(219)) - Datanode State Machine Task Thread Pool size 2
2021-10-27 07:37:18,058 [Listener at 127.0.0.1/37745] INFO  volume.HddsVolume (HddsVolume.java:<init>(120)) - Creating HddsVolume: /home/runner/work/ozone/ozone/hadoop-ozone/integration-test/target/test-dir/MiniOzoneClusterImpl-0a1afbdb-b897-4eb1-874c-1902c7f745ab/datanode-5/data-0/containers/hdds of storage type : DISK capacity : 9223372036854775807
2021-10-27 07:37:18,058 [Listener at 127.0.0.1/37745] INFO  volume.MutableVolumeSet (MutableVolumeSet.java:initializeVolumeSet(168)) - Added Volume : /home/runner/work/ozone/ozone/hadoop-ozone/integration-test/target/test-dir/MiniOzoneClusterImpl-0a1afbdb-b897-4eb1-874c-1902c7f745ab/datanode-5/data-0/containers/hdds to VolumeSet
2021-10-27 07:37:18,058 [Listener at 127.0.0.1/37745] INFO  volume.ThrottledAsyncChecker (ThrottledAsyncChecker.java:schedule(141)) - Scheduling a check for /home/runner/work/ozone/ozone/hadoop-ozone/integration-test/target/test-dir/MiniOzoneClusterImpl-0a1afbdb-b897-4eb1-874c-1902c7f745ab/datanode-5/data-0/containers/hdds
2021-10-27 07:37:18,061 [Listener at 127.0.0.1/37745] INFO  volume.StorageVolumeChecker (StorageVolumeChecker.java:checkAllVolumes(202)) - Scheduled health check for volume /home/runner/work/ozone/ozone/hadoop-ozone/integration-test/target/test-dir/MiniOzoneClusterImpl-0a1afbdb-b897-4eb1-874c-1902c7f745ab/datanode-5/data-0/containers/hdds
2021-10-27 07:37:18,076 [Listener at 127.0.0.1/37745] INFO  volume.MutableVolumeSet (MutableVolumeSet.java:initializeVolumeSet(168)) - Added Volume : /home/runner/work/ozone/ozone/hadoop-ozone/integration-test/target/test-dir/MiniOzoneClusterImpl-0a1afbdb-b897-4eb1-874c-1902c7f745ab/datanode-5/data/ratis to VolumeSet
2021-10-27 07:37:18,077 [Listener at 127.0.0.1/37745] INFO  volume.ThrottledAsyncChecker (ThrottledAsyncChecker.java:schedule(141)) - Scheduling a check for /home/runner/work/ozone/ozone/hadoop-ozone/integration-test/target/test-dir/MiniOzoneClusterImpl-0a1afbdb-b897-4eb1-874c-1902c7f745ab/datanode-5/data/ratis
2021-10-27 07:37:18,077 [Listener at 127.0.0.1/37745] INFO  volume.StorageVolumeChecker (StorageVolumeChecker.java:checkAllVolumes(202)) - Scheduled health check for volume /home/runner/work/ozone/ozone/hadoop-ozone/integration-test/target/test-dir/MiniOzoneClusterImpl-0a1afbdb-b897-4eb1-874c-1902c7f745ab/datanode-5/data/ratis
2021-10-27 07:37:18,091 [Thread-193] INFO  ozoneimpl.ContainerReader (ContainerReader.java:readVolume(172)) - Finish verifying containers on volume /home/runner/work/ozone/ozone/hadoop-ozone/integration-test/target/test-dir/MiniOzoneClusterImpl-0a1afbdb-b897-4eb1-874c-1902c7f745ab/datanode-5/data-0/containers/hdds
2021-10-27 07:37:18,091 [Listener at 127.0.0.1/37745] INFO  ozoneimpl.OzoneContainer (OzoneContainer.java:buildContainerSet(236)) - Build ContainerSet costs 0s
2021-10-27 07:37:18,095 [Listener at 127.0.0.1/37745] INFO  server.RaftServer (ConfUtils.java:logGet(44)) - raft.rpc.type = GRPC (default)
2021-10-27 07:37:18,095 [Listener at 127.0.0.1/37745] INFO  grpc.GrpcFactory (GrpcFactory.java:checkPooledByteBufAllocatorUseCacheForAllThreads(48)) - PERFORMANCE WARNING: useCacheForAllThreads is true that may cause Netty to create a lot garbage objects and, as a result, trigger GC.
	It is recommended to disable useCacheForAllThreads by setting -Dorg.apache.ratis.thirdparty.io.netty.allocator.useCacheForAllThreads=false in command line.
2021-10-27 07:37:18,095 [Listener at 127.0.0.1/37745] INFO  grpc.GrpcConfigKeys (ConfUtils.java:logGet(44)) - raft.grpc.admin.port = 0 (custom)
2021-10-27 07:37:18,095 [Listener at 127.0.0.1/37745] INFO  grpc.GrpcConfigKeys (ConfUtils.java:logGet(44)) - raft.grpc.client.port = 0 (custom)
2021-10-27 07:37:18,095 [Listener at 127.0.0.1/37745] INFO  grpc.GrpcConfigKeys (ConfUtils.java:logGet(44)) - raft.grpc.server.port = 0 (default)
2021-10-27 07:37:18,096 [Listener at 127.0.0.1/37745] INFO  server.GrpcService (ConfUtils.java:logGet(44)) - raft.grpc.message.size.max = 32MB (=33554432) (custom)
2021-10-27 07:37:18,096 [Listener at 127.0.0.1/37745] INFO  server.RaftServerConfigKeys (ConfUtils.java:logGet(44)) - raft.server.log.appender.buffer.byte-limit = 33554432 (custom)
2021-10-27 07:37:18,096 [Listener at 127.0.0.1/37745] INFO  server.GrpcService (ConfUtils.java:logGet(44)) - raft.grpc.flow.control.window = 5MB (=5242880) (custom)
2021-10-27 07:37:18,096 [Listener at 127.0.0.1/37745] INFO  server.RaftServerConfigKeys (ConfUtils.java:logGet(44)) - raft.server.rpc.request.timeout = 60s (custom)
2021-10-27 07:37:18,097 [Listener at 127.0.0.1/37745] INFO  impl.DataStreamServerImpl (ConfUtils.java:logGet(44)) - raft.datastream.type = DISABLED (default)
2021-10-27 07:37:18,097 [Listener at 127.0.0.1/37745] INFO  server.RaftServerConfigKeys (ConfUtils.java:logGet(44)) - raft.server.rpc.slowness.timeout = 300s (custom)
2021-10-27 07:37:18,098 [Listener at 127.0.0.1/37745] INFO  server.RaftServerConfigKeys (ConfUtils.java:logGet(44)) - raft.server.leaderelection.leader.step-down.wait-time = 10s (default)
2021-10-27 07:37:18,098 [Listener at 127.0.0.1/37745] INFO  server.RaftServerConfigKeys (ConfUtils.java:logGet(44)) - raft.server.storage.dir = [/home/runner/work/ozone/ozone/hadoop-ozone/integration-test/target/test-dir/MiniOzoneClusterImpl-0a1afbdb-b897-4eb1-874c-1902c7f745ab/datanode-5/data/ratis] (custom)
2021-10-27 07:37:18,105 [Listener at 127.0.0.1/37745] INFO  http.BaseHttpServer (BaseHttpServer.java:newHttpServer2BuilderForOzone(209)) - Starting Web-server for hddsDatanode at: http://0.0.0.0:0
2021-10-27 07:37:18,105 [Listener at 127.0.0.1/37745] INFO  http.BaseHttpServer (BaseHttpServer.java:<init>(107)) - Hadoop Security Enabled: false Ozone Security Enabled: false Ozone HTTP Security Enabled: false 
2021-10-27 07:37:18,107 [Listener at 127.0.0.1/37745] INFO  server.AuthenticationFilter (AuthenticationFilter.java:constructSecretProvider(240)) - Unable to initialize FileSignerSecretProvider, falling back to use random secrets.
2021-10-27 07:37:18,115 [Listener at 127.0.0.1/37745] WARN  http.HttpRequestLog (HttpRequestLog.java:getRequestLog(103)) - Jetty request log can only be enabled using Log4j
2021-10-27 07:37:18,116 [Listener at 127.0.0.1/37745] INFO  http.HttpServer2 (HttpServer2.java:addGlobalFilter(1030)) - Added global filter 'safety' (class=org.apache.hadoop.hdds.server.http.HttpServer2$QuotingInputFilter)
2021-10-27 07:37:18,118 [Listener at 127.0.0.1/37745] INFO  http.HttpServer2 (HttpServer2.java:addFilter(1006)) - Added filter static_user_filter (class=org.apache.hadoop.http.lib.StaticUserWebFilter$StaticUserFilter) to context hddsDatanode
2021-10-27 07:37:18,118 [Listener at 127.0.0.1/37745] INFO  http.HttpServer2 (HttpServer2.java:addFilter(1014)) - Added filter static_user_filter (class=org.apache.hadoop.http.lib.StaticUserWebFilter$StaticUserFilter) to context static
2021-10-27 07:37:18,118 [Listener at 127.0.0.1/37745] INFO  http.HttpServer2 (HttpServer2.java:addFilter(1014)) - Added filter static_user_filter (class=org.apache.hadoop.http.lib.StaticUserWebFilter$StaticUserFilter) to context logs
2021-10-27 07:37:18,119 [Listener at 127.0.0.1/37745] INFO  http.HttpServer2 (HttpServer2.java:bindListener(1249)) - Jetty bound to port 46187
2021-10-27 07:37:18,119 [ReplicationMonitor] INFO  container.ReplicationManager (ReplicationManager.java:processAll(371)) - Replication Monitor Thread took 1 milliseconds for processing 0 containers.
2021-10-27 07:37:18,119 [Listener at 127.0.0.1/37745] INFO  server.Server (Server.java:doStart(375)) - jetty-9.4.43.v20210629; built: 2021-06-30T11:07:22.254Z; git: 526006ecfa3af7f1a27ef3a288e2bef7ea9dd7e8; jvm 1.8.0_292-b10
2021-10-27 07:37:18,123 [Listener at 127.0.0.1/37745] INFO  server.session (DefaultSessionIdManager.java:doStart(334)) - DefaultSessionIdManager workerName=node0
2021-10-27 07:37:18,123 [Listener at 127.0.0.1/37745] INFO  server.session (DefaultSessionIdManager.java:doStart(339)) - No SessionScavenger set, using defaults
2021-10-27 07:37:18,123 [Listener at 127.0.0.1/37745] INFO  server.session (HouseKeeper.java:startScavenging(132)) - node0 Scavenging every 600000ms
2021-10-27 07:37:18,124 [Listener at 127.0.0.1/37745] INFO  handler.ContextHandler (ContextHandler.java:doStart(915)) - Started o.e.j.s.ServletContextHandler@38a4ae48{logs,/logs,file:///home/runner/work/ozone/ozone/hadoop-ozone/integration-test/target/log,AVAILABLE}
2021-10-27 07:37:18,125 [Listener at 127.0.0.1/37745] INFO  handler.ContextHandler (ContextHandler.java:doStart(915)) - Started o.e.j.s.ServletContextHandler@5e2f4675{static,/static,jar:file:/home/runner/.m2/repository/org/apache/ozone/hdds-container-service/1.2.0-SNAPSHOT/hdds-container-service-1.2.0-SNAPSHOT.jar!/webapps/static,AVAILABLE}
2021-10-27 07:37:18,168 [Listener at 127.0.0.1/37745] INFO  handler.ContextHandler (ContextHandler.java:doStart(915)) - Started o.e.j.w.WebAppContext@1188c56e{hddsDatanode,/,file:///tmp/jetty-0_0_0_0-46187-hdds-container-service-1_2_0-SNAPSHOT_jar-_-any-5654980275582671827/webapp/,AVAILABLE}{jar:file:/home/runner/.m2/repository/org/apache/ozone/hdds-container-service/1.2.0-SNAPSHOT/hdds-container-service-1.2.0-SNAPSHOT.jar!/webapps/hddsDatanode}
2021-10-27 07:37:18,174 [Listener at 127.0.0.1/37745] INFO  server.AbstractConnector (AbstractConnector.java:doStart(331)) - Started ServerConnector@5bdc085c{HTTP/1.1, (http/1.1)}{0.0.0.0:46187}
2021-10-27 07:37:18,174 [Listener at 127.0.0.1/37745] INFO  server.Server (Server.java:doStart(415)) - Started @9742ms
2021-10-27 07:37:18,174 [Listener at 127.0.0.1/37745] WARN  impl.MetricsSystemImpl (MetricsSystemImpl.java:register(279)) - Sink prometheus already exists!
2021-10-27 07:37:18,175 [Listener at 127.0.0.1/37745] INFO  http.BaseHttpServer (BaseHttpServer.java:updateConnectorAddress(329)) - HTTP server of hddsDatanode listening at http://0.0.0.0:46187
2021-10-27 07:37:18,177 [Listener at 127.0.0.1/37745] INFO  ozone.MiniOzoneClusterImpl (MiniOzoneClusterImpl.java:lambda$waitForClusterToBeReady$0(235)) - Waiting for nodes to be ready. Got 0 of 6 DN Heartbeats.
2021-10-27 07:37:18,177 [Listener at 127.0.0.1/37745] INFO  ozone.MiniOzoneClusterImpl (MiniOzoneClusterImpl.java:lambda$waitForClusterToBeReady$0(238)) - Waiting for cluster to exit safe mode
2021-10-27 07:37:18,177 [Listener at 127.0.0.1/37745] INFO  ozone.MiniOzoneClusterImpl (MiniOzoneClusterImpl.java:lambda$waitForClusterToBeReady$0(240)) - SCM became leader
2021-10-27 07:37:18,177 [Datanode State Machine Daemon Thread] INFO  statemachine.DatanodeStateMachine (DatanodeStateMachine.java:lambda$startDaemon$0(467)) - Ozone container server started.
2021-10-27 07:37:18,187 [org.apache.hadoop.util.JvmPauseMonitor$Monitor@2ac5233e] INFO  util.JvmPauseMonitor (JvmPauseMonitor.java:run(188)) - Starting JVM pause monitor
2021-10-27 07:37:18,191 [Datanode State Machine Task Thread - 0] INFO  datanode.InitDatanodeState (InitDatanodeState.java:persistContainerDatanodeDetails(145)) - DatanodeDetails is persisted to /home/runner/work/ozone/ozone/hadoop-ozone/integration-test/target/test-dir/MiniOzoneClusterImpl-0a1afbdb-b897-4eb1-874c-1902c7f745ab/datanode-5/meta/datanode.id
2021-10-27 07:37:18,695 [EndpointStateMachine task thread for /0.0.0.0:41429 - 0 ] INFO  ozoneimpl.OzoneContainer (OzoneContainer.java:start(304)) - Attempting to start container services.
2021-10-27 07:37:18,697 [EndpointStateMachine task thread for /0.0.0.0:41429 - 0 ] INFO  ozoneimpl.OzoneContainer (OzoneContainer.java:startContainerScrub(249)) - Background container scanner has been disabled.
2021-10-27 07:37:18,700 [EndpointStateMachine task thread for /0.0.0.0:41429 - 0 ] INFO  replication.ReplicationServer (ReplicationServer.java:start(107)) - ReplicationServer is started using port 42597
2021-10-27 07:37:18,703 [EndpointStateMachine task thread for /0.0.0.0:41429 - 0 ] INFO  ratis.XceiverServerRatis (XceiverServerRatis.java:start(484)) - Starting XceiverServerRatis 08697b45-8c04-4a3a-859b-c816be28ca7a
2021-10-27 07:37:18,713 [EndpointStateMachine task thread for /0.0.0.0:41429 - 0 ] INFO  server.RaftServer (RaftServerProxy.java:lambda$start$5(374)) - 08697b45-8c04-4a3a-859b-c816be28ca7a: start RPC server
2021-10-27 07:37:18,715 [EndpointStateMachine task thread for /0.0.0.0:41429 - 0 ] INFO  server.GrpcService (GrpcService.java:startImpl(253)) - 08697b45-8c04-4a3a-859b-c816be28ca7a: GrpcService started, listening on 32979
2021-10-27 07:37:18,716 [EndpointStateMachine task thread for /0.0.0.0:41429 - 0 ] INFO  ratis.XceiverServerRatis (XceiverServerRatis.java:getRealPort(505)) - XceiverServerRatis 08697b45-8c04-4a3a-859b-c816be28ca7a is started using port 32979 for RATIS
2021-10-27 07:37:18,716 [EndpointStateMachine task thread for /0.0.0.0:41429 - 0 ] INFO  ratis.XceiverServerRatis (XceiverServerRatis.java:getRealPort(505)) - XceiverServerRatis 08697b45-8c04-4a3a-859b-c816be28ca7a is started using port 32979 for RATIS_ADMIN
2021-10-27 07:37:18,716 [EndpointStateMachine task thread for /0.0.0.0:41429 - 0 ] INFO  ratis.XceiverServerRatis (XceiverServerRatis.java:getRealPort(505)) - XceiverServerRatis 08697b45-8c04-4a3a-859b-c816be28ca7a is started using port 32979 for RATIS_SERVER
2021-10-27 07:37:18,719 [EndpointStateMachine task thread for /0.0.0.0:41429 - 0 ] INFO  server.XceiverServerGrpc (XceiverServerGrpc.java:start(135)) - XceiverServerGrpc 08697b45-8c04-4a3a-859b-c816be28ca7a is started using port 34863
2021-10-27 07:37:18,722 [org.apache.ratis.util.JvmPauseMonitor$$Lambda$534/681568834@3f02a85f] INFO  util.JvmPauseMonitor (JvmPauseMonitor.java:run(103)) - JvmPauseMonitor-08697b45-8c04-4a3a-859b-c816be28ca7a: Started
2021-10-27 07:37:19,120 [ReplicationMonitor] INFO  container.ReplicationManager (ReplicationManager.java:processAll(371)) - Replication Monitor Thread took 0 milliseconds for processing 0 containers.
2021-10-27 07:37:19,177 [Listener at 127.0.0.1/37745] INFO  ozone.MiniOzoneClusterImpl (MiniOzoneClusterImpl.java:lambda$waitForClusterToBeReady$0(235)) - Waiting for nodes to be ready. Got 0 of 6 DN Heartbeats.
2021-10-27 07:37:19,178 [Listener at 127.0.0.1/37745] INFO  ozone.MiniOzoneClusterImpl (MiniOzoneClusterImpl.java:lambda$waitForClusterToBeReady$0(238)) - Waiting for cluster to exit safe mode
2021-10-27 07:37:19,178 [Listener at 127.0.0.1/37745] INFO  ozone.MiniOzoneClusterImpl (MiniOzoneClusterImpl.java:lambda$waitForClusterToBeReady$0(240)) - SCM became leader
2021-10-27 07:37:19,274 [EndpointStateMachine task thread for /0.0.0.0:41429 - 0 ] INFO  ozoneimpl.OzoneContainer (OzoneContainer.java:start(304)) - Attempting to start container services.
2021-10-27 07:37:19,275 [EndpointStateMachine task thread for /0.0.0.0:41429 - 0 ] INFO  ozoneimpl.OzoneContainer (OzoneContainer.java:startContainerScrub(249)) - Background container scanner has been disabled.
2021-10-27 07:37:19,278 [EndpointStateMachine task thread for /0.0.0.0:41429 - 0 ] INFO  replication.ReplicationServer (ReplicationServer.java:start(107)) - ReplicationServer is started using port 42741
2021-10-27 07:37:19,279 [EndpointStateMachine task thread for /0.0.0.0:41429 - 0 ] INFO  ratis.XceiverServerRatis (XceiverServerRatis.java:start(484)) - Starting XceiverServerRatis 51d19100-6e30-4d37-982f-c542a20199a8
2021-10-27 07:37:19,284 [EndpointStateMachine task thread for /0.0.0.0:41429 - 0 ] INFO  server.RaftServer (RaftServerProxy.java:lambda$start$5(374)) - 51d19100-6e30-4d37-982f-c542a20199a8: start RPC server
2021-10-27 07:37:19,288 [EndpointStateMachine task thread for /0.0.0.0:41429 - 0 ] INFO  server.GrpcService (GrpcService.java:startImpl(253)) - 51d19100-6e30-4d37-982f-c542a20199a8: GrpcService started, listening on 34427
2021-10-27 07:37:19,289 [EndpointStateMachine task thread for /0.0.0.0:41429 - 0 ] INFO  ratis.XceiverServerRatis (XceiverServerRatis.java:getRealPort(505)) - XceiverServerRatis 51d19100-6e30-4d37-982f-c542a20199a8 is started using port 34427 for RATIS
2021-10-27 07:37:19,289 [EndpointStateMachine task thread for /0.0.0.0:41429 - 0 ] INFO  ratis.XceiverServerRatis (XceiverServerRatis.java:getRealPort(505)) - XceiverServerRatis 51d19100-6e30-4d37-982f-c542a20199a8 is started using port 34427 for RATIS_ADMIN
2021-10-27 07:37:19,289 [EndpointStateMachine task thread for /0.0.0.0:41429 - 0 ] INFO  ratis.XceiverServerRatis (XceiverServerRatis.java:getRealPort(505)) - XceiverServerRatis 51d19100-6e30-4d37-982f-c542a20199a8 is started using port 34427 for RATIS_SERVER
2021-10-27 07:37:19,289 [org.apache.ratis.util.JvmPauseMonitor$$Lambda$534/681568834@770135c6] INFO  util.JvmPauseMonitor (JvmPauseMonitor.java:run(103)) - JvmPauseMonitor-51d19100-6e30-4d37-982f-c542a20199a8: Started
2021-10-27 07:37:19,290 [EndpointStateMachine task thread for /0.0.0.0:41429 - 0 ] INFO  server.XceiverServerGrpc (XceiverServerGrpc.java:start(135)) - XceiverServerGrpc 51d19100-6e30-4d37-982f-c542a20199a8 is started using port 37129
2021-10-27 07:37:19,552 [EndpointStateMachine task thread for /0.0.0.0:41429 - 0 ] INFO  ozoneimpl.OzoneContainer (OzoneContainer.java:start(304)) - Attempting to start container services.
2021-10-27 07:37:19,553 [EndpointStateMachine task thread for /0.0.0.0:41429 - 0 ] INFO  ozoneimpl.OzoneContainer (OzoneContainer.java:startContainerScrub(249)) - Background container scanner has been disabled.
2021-10-27 07:37:19,555 [EndpointStateMachine task thread for /0.0.0.0:41429 - 0 ] INFO  replication.ReplicationServer (ReplicationServer.java:start(107)) - ReplicationServer is started using port 39701
2021-10-27 07:37:19,556 [EndpointStateMachine task thread for /0.0.0.0:41429 - 0 ] INFO  ratis.XceiverServerRatis (XceiverServerRatis.java:start(484)) - Starting XceiverServerRatis 9ec659bb-6946-4d87-b3c7-8f8c8e1e9f0e
2021-10-27 07:37:19,565 [EndpointStateMachine task thread for /0.0.0.0:41429 - 0 ] INFO  server.RaftServer (RaftServerProxy.java:lambda$start$5(374)) - 9ec659bb-6946-4d87-b3c7-8f8c8e1e9f0e: start RPC server
2021-10-27 07:37:19,567 [EndpointStateMachine task thread for /0.0.0.0:41429 - 0 ] INFO  server.GrpcService (GrpcService.java:startImpl(253)) - 9ec659bb-6946-4d87-b3c7-8f8c8e1e9f0e: GrpcService started, listening on 46551
2021-10-27 07:37:19,567 [EndpointStateMachine task thread for /0.0.0.0:41429 - 0 ] INFO  ratis.XceiverServerRatis (XceiverServerRatis.java:getRealPort(505)) - XceiverServerRatis 9ec659bb-6946-4d87-b3c7-8f8c8e1e9f0e is started using port 46551 for RATIS
2021-10-27 07:37:19,567 [EndpointStateMachine task thread for /0.0.0.0:41429 - 0 ] INFO  ratis.XceiverServerRatis (XceiverServerRatis.java:getRealPort(505)) - XceiverServerRatis 9ec659bb-6946-4d87-b3c7-8f8c8e1e9f0e is started using port 46551 for RATIS_ADMIN
2021-10-27 07:37:19,567 [EndpointStateMachine task thread for /0.0.0.0:41429 - 0 ] INFO  ratis.XceiverServerRatis (XceiverServerRatis.java:getRealPort(505)) - XceiverServerRatis 9ec659bb-6946-4d87-b3c7-8f8c8e1e9f0e is started using port 46551 for RATIS_SERVER
2021-10-27 07:37:19,567 [org.apache.ratis.util.JvmPauseMonitor$$Lambda$534/681568834@26c95a30] INFO  util.JvmPauseMonitor (JvmPauseMonitor.java:run(103)) - JvmPauseMonitor-9ec659bb-6946-4d87-b3c7-8f8c8e1e9f0e: Started
2021-10-27 07:37:19,568 [EndpointStateMachine task thread for /0.0.0.0:41429 - 0 ] INFO  server.XceiverServerGrpc (XceiverServerGrpc.java:start(135)) - XceiverServerGrpc 9ec659bb-6946-4d87-b3c7-8f8c8e1e9f0e is started using port 36997
2021-10-27 07:37:19,788 [EndpointStateMachine task thread for /0.0.0.0:41429 - 0 ] INFO  ozoneimpl.OzoneContainer (OzoneContainer.java:start(304)) - Attempting to start container services.
2021-10-27 07:37:19,788 [EndpointStateMachine task thread for /0.0.0.0:41429 - 0 ] INFO  ozoneimpl.OzoneContainer (OzoneContainer.java:startContainerScrub(249)) - Background container scanner has been disabled.
2021-10-27 07:37:19,790 [EndpointStateMachine task thread for /0.0.0.0:41429 - 0 ] INFO  replication.ReplicationServer (ReplicationServer.java:start(107)) - ReplicationServer is started using port 39633
2021-10-27 07:37:19,791 [EndpointStateMachine task thread for /0.0.0.0:41429 - 0 ] INFO  ratis.XceiverServerRatis (XceiverServerRatis.java:start(484)) - Starting XceiverServerRatis 8a5d7503-46af-43fb-b7e0-e0dcb22c5f77
2021-10-27 07:37:19,797 [EndpointStateMachine task thread for /0.0.0.0:41429 - 0 ] INFO  server.RaftServer (RaftServerProxy.java:lambda$start$5(374)) - 8a5d7503-46af-43fb-b7e0-e0dcb22c5f77: start RPC server
2021-10-27 07:37:19,798 [EndpointStateMachine task thread for /0.0.0.0:41429 - 0 ] INFO  server.GrpcService (GrpcService.java:startImpl(253)) - 8a5d7503-46af-43fb-b7e0-e0dcb22c5f77: GrpcService started, listening on 45441
2021-10-27 07:37:19,799 [EndpointStateMachine task thread for /0.0.0.0:41429 - 0 ] INFO  ratis.XceiverServerRatis (XceiverServerRatis.java:getRealPort(505)) - XceiverServerRatis 8a5d7503-46af-43fb-b7e0-e0dcb22c5f77 is started using port 45441 for RATIS
2021-10-27 07:37:19,799 [org.apache.ratis.util.JvmPauseMonitor$$Lambda$534/681568834@27f5a88c] INFO  util.JvmPauseMonitor (JvmPauseMonitor.java:run(103)) - JvmPauseMonitor-8a5d7503-46af-43fb-b7e0-e0dcb22c5f77: Started
2021-10-27 07:37:19,799 [EndpointStateMachine task thread for /0.0.0.0:41429 - 0 ] INFO  ratis.XceiverServerRatis (XceiverServerRatis.java:getRealPort(505)) - XceiverServerRatis 8a5d7503-46af-43fb-b7e0-e0dcb22c5f77 is started using port 45441 for RATIS_ADMIN
2021-10-27 07:37:19,799 [EndpointStateMachine task thread for /0.0.0.0:41429 - 0 ] INFO  ratis.XceiverServerRatis (XceiverServerRatis.java:getRealPort(505)) - XceiverServerRatis 8a5d7503-46af-43fb-b7e0-e0dcb22c5f77 is started using port 45441 for RATIS_SERVER
2021-10-27 07:37:19,801 [EndpointStateMachine task thread for /0.0.0.0:41429 - 0 ] INFO  server.XceiverServerGrpc (XceiverServerGrpc.java:start(135)) - XceiverServerGrpc 8a5d7503-46af-43fb-b7e0-e0dcb22c5f77 is started using port 45417
2021-10-27 07:37:19,971 [EndpointStateMachine task thread for /0.0.0.0:41429 - 0 ] INFO  ozoneimpl.OzoneContainer (OzoneContainer.java:start(304)) - Attempting to start container services.
2021-10-27 07:37:19,971 [EndpointStateMachine task thread for /0.0.0.0:41429 - 0 ] INFO  ozoneimpl.OzoneContainer (OzoneContainer.java:startContainerScrub(249)) - Background container scanner has been disabled.
2021-10-27 07:37:19,974 [EndpointStateMachine task thread for /0.0.0.0:41429 - 0 ] INFO  replication.ReplicationServer (ReplicationServer.java:start(107)) - ReplicationServer is started using port 40637
2021-10-27 07:37:19,974 [EndpointStateMachine task thread for /0.0.0.0:41429 - 0 ] INFO  ratis.XceiverServerRatis (XceiverServerRatis.java:start(484)) - Starting XceiverServerRatis 29e37468-b3e4-401f-97cc-6f4d8466f30b
2021-10-27 07:37:19,976 [EndpointStateMachine task thread for /0.0.0.0:41429 - 0 ] INFO  server.RaftServer (RaftServerProxy.java:lambda$start$5(374)) - 29e37468-b3e4-401f-97cc-6f4d8466f30b: start RPC server
2021-10-27 07:37:19,977 [EndpointStateMachine task thread for /0.0.0.0:41429 - 0 ] INFO  server.GrpcService (GrpcService.java:startImpl(253)) - 29e37468-b3e4-401f-97cc-6f4d8466f30b: GrpcService started, listening on 44085
2021-10-27 07:37:19,979 [EndpointStateMachine task thread for /0.0.0.0:41429 - 0 ] INFO  ratis.XceiverServerRatis (XceiverServerRatis.java:getRealPort(505)) - XceiverServerRatis 29e37468-b3e4-401f-97cc-6f4d8466f30b is started using port 44085 for RATIS
2021-10-27 07:37:19,979 [EndpointStateMachine task thread for /0.0.0.0:41429 - 0 ] INFO  ratis.XceiverServerRatis (XceiverServerRatis.java:getRealPort(505)) - XceiverServerRatis 29e37468-b3e4-401f-97cc-6f4d8466f30b is started using port 44085 for RATIS_ADMIN
2021-10-27 07:37:19,980 [EndpointStateMachine task thread for /0.0.0.0:41429 - 0 ] INFO  ratis.XceiverServerRatis (XceiverServerRatis.java:getRealPort(505)) - XceiverServerRatis 29e37468-b3e4-401f-97cc-6f4d8466f30b is started using port 44085 for RATIS_SERVER
2021-10-27 07:37:19,979 [org.apache.ratis.util.JvmPauseMonitor$$Lambda$534/681568834@1e1815ca] INFO  util.JvmPauseMonitor (JvmPauseMonitor.java:run(103)) - JvmPauseMonitor-29e37468-b3e4-401f-97cc-6f4d8466f30b: Started
2021-10-27 07:37:19,981 [EndpointStateMachine task thread for /0.0.0.0:41429 - 0 ] INFO  server.XceiverServerGrpc (XceiverServerGrpc.java:start(135)) - XceiverServerGrpc 29e37468-b3e4-401f-97cc-6f4d8466f30b is started using port 32881
2021-10-27 07:37:20,121 [ReplicationMonitor] INFO  container.ReplicationManager (ReplicationManager.java:processAll(371)) - Replication Monitor Thread took 0 milliseconds for processing 0 containers.
2021-10-27 07:37:20,178 [Listener at 127.0.0.1/37745] INFO  ozone.MiniOzoneClusterImpl (MiniOzoneClusterImpl.java:lambda$waitForClusterToBeReady$0(235)) - Waiting for nodes to be ready. Got 0 of 6 DN Heartbeats.
2021-10-27 07:37:20,178 [Listener at 127.0.0.1/37745] INFO  ozone.MiniOzoneClusterImpl (MiniOzoneClusterImpl.java:lambda$waitForClusterToBeReady$0(238)) - Waiting for cluster to exit safe mode
2021-10-27 07:37:20,178 [Listener at 127.0.0.1/37745] INFO  ozone.MiniOzoneClusterImpl (MiniOzoneClusterImpl.java:lambda$waitForClusterToBeReady$0(240)) - SCM became leader
2021-10-27 07:37:20,194 [EndpointStateMachine task thread for /0.0.0.0:41429 - 0 ] INFO  ozoneimpl.OzoneContainer (OzoneContainer.java:start(304)) - Attempting to start container services.
2021-10-27 07:37:20,194 [EndpointStateMachine task thread for /0.0.0.0:41429 - 0 ] INFO  ozoneimpl.OzoneContainer (OzoneContainer.java:startContainerScrub(249)) - Background container scanner has been disabled.
2021-10-27 07:37:20,196 [EndpointStateMachine task thread for /0.0.0.0:41429 - 0 ] INFO  replication.ReplicationServer (ReplicationServer.java:start(107)) - ReplicationServer is started using port 42433
2021-10-27 07:37:20,197 [EndpointStateMachine task thread for /0.0.0.0:41429 - 0 ] INFO  ratis.XceiverServerRatis (XceiverServerRatis.java:start(484)) - Starting XceiverServerRatis 782939c9-076d-4829-92e4-0049f0e10c2b
2021-10-27 07:37:20,198 [EndpointStateMachine task thread for /0.0.0.0:41429 - 0 ] INFO  server.RaftServer (RaftServerProxy.java:lambda$start$5(374)) - 782939c9-076d-4829-92e4-0049f0e10c2b: start RPC server
2021-10-27 07:37:20,200 [EndpointStateMachine task thread for /0.0.0.0:41429 - 0 ] INFO  server.GrpcService (GrpcService.java:startImpl(253)) - 782939c9-076d-4829-92e4-0049f0e10c2b: GrpcService started, listening on 40741
2021-10-27 07:37:20,201 [EndpointStateMachine task thread for /0.0.0.0:41429 - 0 ] INFO  ratis.XceiverServerRatis (XceiverServerRatis.java:getRealPort(505)) - XceiverServerRatis 782939c9-076d-4829-92e4-0049f0e10c2b is started using port 40741 for RATIS
2021-10-27 07:37:20,201 [org.apache.ratis.util.JvmPauseMonitor$$Lambda$534/681568834@86bee25] INFO  util.JvmPauseMonitor (JvmPauseMonitor.java:run(103)) - JvmPauseMonitor-782939c9-076d-4829-92e4-0049f0e10c2b: Started
2021-10-27 07:37:20,201 [EndpointStateMachine task thread for /0.0.0.0:41429 - 0 ] INFO  ratis.XceiverServerRatis (XceiverServerRatis.java:getRealPort(505)) - XceiverServerRatis 782939c9-076d-4829-92e4-0049f0e10c2b is started using port 40741 for RATIS_ADMIN
2021-10-27 07:37:20,201 [EndpointStateMachine task thread for /0.0.0.0:41429 - 0 ] INFO  ratis.XceiverServerRatis (XceiverServerRatis.java:getRealPort(505)) - XceiverServerRatis 782939c9-076d-4829-92e4-0049f0e10c2b is started using port 40741 for RATIS_SERVER
2021-10-27 07:37:20,204 [EndpointStateMachine task thread for /0.0.0.0:41429 - 0 ] INFO  server.XceiverServerGrpc (XceiverServerGrpc.java:start(135)) - XceiverServerGrpc 782939c9-076d-4829-92e4-0049f0e10c2b is started using port 39529
2021-10-27 07:37:20,649 [IPC Server handler 2 on default port 41429] INFO  net.NetworkTopologyImpl (NetworkTopologyImpl.java:add(112)) - Added a new node: /default-rack/08697b45-8c04-4a3a-859b-c816be28ca7a
2021-10-27 07:37:20,651 [IPC Server handler 2 on default port 41429] INFO  node.SCMNodeManager (SCMNodeManager.java:register(389)) - Registered Data node : 08697b45-8c04-4a3a-859b-c816be28ca7a{ip: 10.1.0.27, host: fv-az270-913.tacnzluakwdehk1hpragurqkma.bx.internal.cloudapp.net, ports: [REPLICATION=42597, RATIS=32979, RATIS_ADMIN=32979, RATIS_SERVER=32979, STANDALONE=34863], networkLocation: /default-rack, certSerialId: null, persistedOpState: null, persistedOpStateExpiryEpochSec: 0}
2021-10-27 07:37:20,657 [EventQueue-NewNodeForNewNodeHandler] INFO  pipeline.BackgroundPipelineCreator (BackgroundPipelineCreator.java:notifyEventTriggered(285)) - trigger a one-shot run on RatisPipelineUtilsThread.
2021-10-27 07:37:20,671 [RatisPipelineUtilsThread - 0] INFO  pipeline.RatisPipelineProvider (RatisPipelineProvider.java:lambda$create$0(183)) - Sending CreatePipelineCommand for pipeline:PipelineID=2313d1cc-167f-4c0c-99eb-58160334c962 to datanode:08697b45-8c04-4a3a-859b-c816be28ca7a
2021-10-27 07:37:20,672 [EventQueue-NodeRegistrationContainerReportForDataNodeSafeModeRule] INFO  safemode.SCMSafeModeManager (DataNodeSafeModeRule.java:process(71)) - SCM in safe mode. 1 DataNodes registered, 3 required.
2021-10-27 07:37:20,672 [EventQueue-NodeRegistrationContainerReportForContainerSafeModeRule] INFO  safemode.SCMSafeModeManager (SCMSafeModeManager.java:validateSafeModeExitRules(204)) - ContainerSafeModeRule rule is successfully validated
2021-10-27 07:37:20,677 [EventQueue-PipelineReportForOneReplicaPipelineSafeModeRule] INFO  safemode.SCMSafeModeManager (SCMSafeModeManager.java:validateSafeModeExitRules(204)) - AtleastOneDatanodeReportedRule rule is successfully validated
2021-10-27 07:37:20,688 [RatisPipelineUtilsThread - 0] INFO  pipeline.PipelineStateManagerImpl (PipelineStateManagerImpl.java:addPipeline(101)) - Created pipeline Pipeline[ Id: 2313d1cc-167f-4c0c-99eb-58160334c962, Nodes: 08697b45-8c04-4a3a-859b-c816be28ca7a{ip: 10.1.0.27, host: fv-az270-913.tacnzluakwdehk1hpragurqkma.bx.internal.cloudapp.net, ports: [REPLICATION=42597, RATIS=32979, RATIS_ADMIN=32979, RATIS_SERVER=32979, STANDALONE=34863], networkLocation: /default-rack, certSerialId: null, persistedOpState: IN_SERVICE, persistedOpStateExpiryEpochSec: 0}, ReplicationConfig: RATIS/ONE, State:ALLOCATED, leaderId:, CreationTimestamp2021-10-27T07:37:20.667Z[Etc/UTC]].
2021-10-27 07:37:21,121 [ReplicationMonitor] INFO  container.ReplicationManager (ReplicationManager.java:processAll(371)) - Replication Monitor Thread took 1 milliseconds for processing 0 containers.
2021-10-27 07:37:21,178 [Listener at 127.0.0.1/37745] INFO  ozone.MiniOzoneClusterImpl (MiniOzoneClusterImpl.java:lambda$waitForClusterToBeReady$0(235)) - Waiting for nodes to be ready. Got 1 of 6 DN Heartbeats.
2021-10-27 07:37:21,180 [Listener at 127.0.0.1/37745] INFO  ozone.MiniOzoneClusterImpl (MiniOzoneClusterImpl.java:lambda$waitForClusterToBeReady$0(238)) - Waiting for cluster to exit safe mode
2021-10-27 07:37:21,180 [Listener at 127.0.0.1/37745] INFO  ozone.MiniOzoneClusterImpl (MiniOzoneClusterImpl.java:lambda$waitForClusterToBeReady$0(240)) - SCM became leader
2021-10-27 07:37:21,270 [IPC Server handler 1 on default port 41429] INFO  net.NetworkTopologyImpl (NetworkTopologyImpl.java:add(112)) - Added a new node: /default-rack/51d19100-6e30-4d37-982f-c542a20199a8
2021-10-27 07:37:21,271 [IPC Server handler 1 on default port 41429] INFO  node.SCMNodeManager (SCMNodeManager.java:register(389)) - Registered Data node : 51d19100-6e30-4d37-982f-c542a20199a8{ip: 10.1.0.27, host: fv-az270-913.tacnzluakwdehk1hpragurqkma.bx.internal.cloudapp.net, ports: [REPLICATION=42741, RATIS=34427, RATIS_ADMIN=34427, RATIS_SERVER=34427, STANDALONE=37129], networkLocation: /default-rack, certSerialId: null, persistedOpState: null, persistedOpStateExpiryEpochSec: 0}
2021-10-27 07:37:21,271 [EventQueue-NewNodeForNewNodeHandler] INFO  pipeline.BackgroundPipelineCreator (BackgroundPipelineCreator.java:notifyEventTriggered(285)) - trigger a one-shot run on RatisPipelineUtilsThread.
2021-10-27 07:37:21,272 [EventQueue-NodeRegistrationContainerReportForDataNodeSafeModeRule] INFO  safemode.SCMSafeModeManager (DataNodeSafeModeRule.java:process(71)) - SCM in safe mode. 2 DataNodes registered, 3 required.
2021-10-27 07:37:21,275 [RatisPipelineUtilsThread - 0] INFO  pipeline.RatisPipelineProvider (RatisPipelineProvider.java:lambda$create$0(183)) - Sending CreatePipelineCommand for pipeline:PipelineID=ece53a15-d5ad-4e19-88fa-1c963fb4ba19 to datanode:51d19100-6e30-4d37-982f-c542a20199a8
2021-10-27 07:37:21,276 [RatisPipelineUtilsThread - 0] INFO  pipeline.PipelineStateManagerImpl (PipelineStateManagerImpl.java:addPipeline(101)) - Created pipeline Pipeline[ Id: ece53a15-d5ad-4e19-88fa-1c963fb4ba19, Nodes: 51d19100-6e30-4d37-982f-c542a20199a8{ip: 10.1.0.27, host: fv-az270-913.tacnzluakwdehk1hpragurqkma.bx.internal.cloudapp.net, ports: [REPLICATION=42741, RATIS=34427, RATIS_ADMIN=34427, RATIS_SERVER=34427, STANDALONE=37129], networkLocation: /default-rack, certSerialId: null, persistedOpState: IN_SERVICE, persistedOpStateExpiryEpochSec: 0}, ReplicationConfig: RATIS/ONE, State:ALLOCATED, leaderId:, CreationTimestamp2021-10-27T07:37:21.275Z[Etc/UTC]].
2021-10-27 07:37:21,550 [IPC Server handler 0 on default port 41429] INFO  net.NetworkTopologyImpl (NetworkTopologyImpl.java:add(112)) - Added a new node: /default-rack/9ec659bb-6946-4d87-b3c7-8f8c8e1e9f0e
2021-10-27 07:37:21,551 [IPC Server handler 0 on default port 41429] INFO  node.SCMNodeManager (SCMNodeManager.java:register(389)) - Registered Data node : 9ec659bb-6946-4d87-b3c7-8f8c8e1e9f0e{ip: 10.1.0.27, host: fv-az270-913.tacnzluakwdehk1hpragurqkma.bx.internal.cloudapp.net, ports: [REPLICATION=39701, RATIS=46551, RATIS_ADMIN=46551, RATIS_SERVER=46551, STANDALONE=36997], networkLocation: /default-rack, certSerialId: null, persistedOpState: null, persistedOpStateExpiryEpochSec: 0}
2021-10-27 07:37:21,551 [EventQueue-NewNodeForNewNodeHandler] INFO  pipeline.BackgroundPipelineCreator (BackgroundPipelineCreator.java:notifyEventTriggered(285)) - trigger a one-shot run on RatisPipelineUtilsThread.
2021-10-27 07:37:21,553 [RatisPipelineUtilsThread - 0] INFO  pipeline.RatisPipelineProvider (RatisPipelineProvider.java:lambda$create$0(183)) - Sending CreatePipelineCommand for pipeline:PipelineID=87db8f4c-dd0b-46a7-af61-b48fafcfe98e to datanode:9ec659bb-6946-4d87-b3c7-8f8c8e1e9f0e
2021-10-27 07:37:21,554 [RatisPipelineUtilsThread - 0] INFO  pipeline.PipelineStateManagerImpl (PipelineStateManagerImpl.java:addPipeline(101)) - Created pipeline Pipeline[ Id: 87db8f4c-dd0b-46a7-af61-b48fafcfe98e, Nodes: 9ec659bb-6946-4d87-b3c7-8f8c8e1e9f0e{ip: 10.1.0.27, host: fv-az270-913.tacnzluakwdehk1hpragurqkma.bx.internal.cloudapp.net, ports: [REPLICATION=39701, RATIS=46551, RATIS_ADMIN=46551, RATIS_SERVER=46551, STANDALONE=36997], networkLocation: /default-rack, certSerialId: null, persistedOpState: IN_SERVICE, persistedOpStateExpiryEpochSec: 0}, ReplicationConfig: RATIS/ONE, State:ALLOCATED, leaderId:, CreationTimestamp2021-10-27T07:37:21.553Z[Etc/UTC]].
2021-10-27 07:37:21,551 [EventQueue-NodeRegistrationContainerReportForDataNodeSafeModeRule] INFO  safemode.SCMSafeModeManager (DataNodeSafeModeRule.java:process(71)) - SCM in safe mode. 3 DataNodes registered, 3 required.
2021-10-27 07:37:21,555 [EventQueue-NodeRegistrationContainerReportForDataNodeSafeModeRule] INFO  safemode.SCMSafeModeManager (SCMSafeModeManager.java:validateSafeModeExitRules(204)) - DataNodeSafeModeRule rule is successfully validated
2021-10-27 07:37:21,555 [EventQueue-NodeRegistrationContainerReportForDataNodeSafeModeRule] INFO  safemode.SCMSafeModeManager (SCMSafeModeManager.java:completePreCheck(233)) - All SCM safe mode pre check rules have passed
2021-10-27 07:37:21,555 [EventQueue-NodeRegistrationContainerReportForDataNodeSafeModeRule] WARN  events.EventQueue (EventQueue.java:fireEvent(194)) - No event handler registered for event TypedEvent{payloadType=SafeModeStatus, name='Safe mode status'}
2021-10-27 07:37:21,555 [EventQueue-NodeRegistrationContainerReportForDataNodeSafeModeRule] INFO  ha.SCMContext (SCMContext.java:updateSafeModeStatus(205)) - Update SafeModeStatus from SafeModeStatus{safeModeStatus=true, preCheckPassed=false} to SafeModeStatus{safeModeStatus=true, preCheckPassed=true}.
2021-10-27 07:37:21,555 [EventQueue-NodeRegistrationContainerReportForDataNodeSafeModeRule] INFO  pipeline.BackgroundPipelineCreator (BackgroundPipelineCreator.java:notifyEventTriggered(285)) - trigger a one-shot run on RatisPipelineUtilsThread.
2021-10-27 07:37:21,559 [RatisPipelineUtilsThread - 0] INFO  pipeline.RatisPipelineProvider (RatisPipelineProvider.java:lambda$create$0(183)) - Sending CreatePipelineCommand for pipeline:PipelineID=7cef3a2e-64e9-4ff5-8841-678c39c129e8 to datanode:51d19100-6e30-4d37-982f-c542a20199a8
2021-10-27 07:37:21,560 [RatisPipelineUtilsThread - 0] INFO  pipeline.RatisPipelineProvider (RatisPipelineProvider.java:lambda$create$0(183)) - Sending CreatePipelineCommand for pipeline:PipelineID=7cef3a2e-64e9-4ff5-8841-678c39c129e8 to datanode:9ec659bb-6946-4d87-b3c7-8f8c8e1e9f0e
2021-10-27 07:37:21,560 [RatisPipelineUtilsThread - 0] INFO  pipeline.RatisPipelineProvider (RatisPipelineProvider.java:lambda$create$0(183)) - Sending CreatePipelineCommand for pipeline:PipelineID=7cef3a2e-64e9-4ff5-8841-678c39c129e8 to datanode:08697b45-8c04-4a3a-859b-c816be28ca7a
2021-10-27 07:37:21,563 [RatisPipelineUtilsThread - 0] INFO  pipeline.PipelineStateManagerImpl (PipelineStateManagerImpl.java:addPipeline(101)) - Created pipeline Pipeline[ Id: 7cef3a2e-64e9-4ff5-8841-678c39c129e8, Nodes: 51d19100-6e30-4d37-982f-c542a20199a8{ip: 10.1.0.27, host: fv-az270-913.tacnzluakwdehk1hpragurqkma.bx.internal.cloudapp.net, ports: [REPLICATION=42741, RATIS=34427, RATIS_ADMIN=34427, RATIS_SERVER=34427, STANDALONE=37129], networkLocation: /default-rack, certSerialId: null, persistedOpState: IN_SERVICE, persistedOpStateExpiryEpochSec: 0}9ec659bb-6946-4d87-b3c7-8f8c8e1e9f0e{ip: 10.1.0.27, host: fv-az270-913.tacnzluakwdehk1hpragurqkma.bx.internal.cloudapp.net, ports: [REPLICATION=39701, RATIS=46551, RATIS_ADMIN=46551, RATIS_SERVER=46551, STANDALONE=36997], networkLocation: /default-rack, certSerialId: null, persistedOpState: IN_SERVICE, persistedOpStateExpiryEpochSec: 0}08697b45-8c04-4a3a-859b-c816be28ca7a{ip: 10.1.0.27, host: fv-az270-913.tacnzluakwdehk1hpragurqkma.bx.internal.cloudapp.net, ports: [REPLICATION=42597, RATIS=32979, RATIS_ADMIN=32979, RATIS_SERVER=32979, STANDALONE=34863], networkLocation: /default-rack, certSerialId: null, persistedOpState: IN_SERVICE, persistedOpStateExpiryEpochSec: 0}, ReplicationConfig: RATIS/THREE, State:ALLOCATED, leaderId:, CreationTimestamp2021-10-27T07:37:21.559Z[Etc/UTC]].
2021-10-27 07:37:21,785 [IPC Server handler 3 on default port 41429] INFO  net.NetworkTopologyImpl (NetworkTopologyImpl.java:add(112)) - Added a new node: /default-rack/8a5d7503-46af-43fb-b7e0-e0dcb22c5f77
2021-10-27 07:37:21,785 [IPC Server handler 3 on default port 41429] INFO  node.SCMNodeManager (SCMNodeManager.java:register(389)) - Registered Data node : 8a5d7503-46af-43fb-b7e0-e0dcb22c5f77{ip: 10.1.0.27, host: fv-az270-913.tacnzluakwdehk1hpragurqkma.bx.internal.cloudapp.net, ports: [REPLICATION=39633, RATIS=45441, RATIS_ADMIN=45441, RATIS_SERVER=45441, STANDALONE=45417], networkLocation: /default-rack, certSerialId: null, persistedOpState: null, persistedOpStateExpiryEpochSec: 0}
2021-10-27 07:37:21,786 [EventQueue-NewNodeForNewNodeHandler] INFO  pipeline.BackgroundPipelineCreator (BackgroundPipelineCreator.java:notifyEventTriggered(285)) - trigger a one-shot run on RatisPipelineUtilsThread.
2021-10-27 07:37:21,787 [RatisPipelineUtilsThread - 0] INFO  pipeline.RatisPipelineProvider (RatisPipelineProvider.java:lambda$create$0(183)) - Sending CreatePipelineCommand for pipeline:PipelineID=153bc4eb-4418-4ece-b12f-7fa60ff8b7e1 to datanode:8a5d7503-46af-43fb-b7e0-e0dcb22c5f77
2021-10-27 07:37:21,788 [RatisPipelineUtilsThread - 0] INFO  pipeline.PipelineStateManagerImpl (PipelineStateManagerImpl.java:addPipeline(101)) - Created pipeline Pipeline[ Id: 153bc4eb-4418-4ece-b12f-7fa60ff8b7e1, Nodes: 8a5d7503-46af-43fb-b7e0-e0dcb22c5f77{ip: 10.1.0.27, host: fv-az270-913.tacnzluakwdehk1hpragurqkma.bx.internal.cloudapp.net, ports: [REPLICATION=39633, RATIS=45441, RATIS_ADMIN=45441, RATIS_SERVER=45441, STANDALONE=45417], networkLocation: /default-rack, certSerialId: null, persistedOpState: IN_SERVICE, persistedOpStateExpiryEpochSec: 0}, ReplicationConfig: RATIS/ONE, State:ALLOCATED, leaderId:, CreationTimestamp2021-10-27T07:37:21.787Z[Etc/UTC]].
2021-10-27 07:37:21,968 [IPC Server handler 4 on default port 41429] INFO  net.NetworkTopologyImpl (NetworkTopologyImpl.java:add(112)) - Added a new node: /default-rack/29e37468-b3e4-401f-97cc-6f4d8466f30b
2021-10-27 07:37:21,969 [IPC Server handler 4 on default port 41429] INFO  node.SCMNodeManager (SCMNodeManager.java:register(389)) - Registered Data node : 29e37468-b3e4-401f-97cc-6f4d8466f30b{ip: 10.1.0.27, host: fv-az270-913.tacnzluakwdehk1hpragurqkma.bx.internal.cloudapp.net, ports: [REPLICATION=40637, RATIS=44085, RATIS_ADMIN=44085, RATIS_SERVER=44085, STANDALONE=32881], networkLocation: /default-rack, certSerialId: null, persistedOpState: null, persistedOpStateExpiryEpochSec: 0}
2021-10-27 07:37:21,969 [EventQueue-NewNodeForNewNodeHandler] INFO  pipeline.BackgroundPipelineCreator (BackgroundPipelineCreator.java:notifyEventTriggered(285)) - trigger a one-shot run on RatisPipelineUtilsThread.
2021-10-27 07:37:21,971 [RatisPipelineUtilsThread - 0] INFO  pipeline.RatisPipelineProvider (RatisPipelineProvider.java:lambda$create$0(183)) - Sending CreatePipelineCommand for pipeline:PipelineID=0f9ae821-2296-4a9f-b724-39960584d7c1 to datanode:29e37468-b3e4-401f-97cc-6f4d8466f30b
2021-10-27 07:37:21,972 [RatisPipelineUtilsThread - 0] INFO  pipeline.PipelineStateManagerImpl (PipelineStateManagerImpl.java:addPipeline(101)) - Created pipeline Pipeline[ Id: 0f9ae821-2296-4a9f-b724-39960584d7c1, Nodes: 29e37468-b3e4-401f-97cc-6f4d8466f30b{ip: 10.1.0.27, host: fv-az270-913.tacnzluakwdehk1hpragurqkma.bx.internal.cloudapp.net, ports: [REPLICATION=40637, RATIS=44085, RATIS_ADMIN=44085, RATIS_SERVER=44085, STANDALONE=32881], networkLocation: /default-rack, certSerialId: null, persistedOpState: IN_SERVICE, persistedOpStateExpiryEpochSec: 0}, ReplicationConfig: RATIS/ONE, State:ALLOCATED, leaderId:, CreationTimestamp2021-10-27T07:37:21.971Z[Etc/UTC]].
2021-10-27 07:37:22,122 [ReplicationMonitor] INFO  container.ReplicationManager (ReplicationManager.java:processAll(371)) - Replication Monitor Thread took 0 milliseconds for processing 0 containers.
2021-10-27 07:37:22,180 [Listener at 127.0.0.1/37745] INFO  ozone.MiniOzoneClusterImpl (MiniOzoneClusterImpl.java:lambda$waitForClusterToBeReady$0(235)) - Waiting for nodes to be ready. Got 5 of 6 DN Heartbeats.
2021-10-27 07:37:22,182 [Listener at 127.0.0.1/37745] INFO  ozone.MiniOzoneClusterImpl (MiniOzoneClusterImpl.java:lambda$waitForClusterToBeReady$0(238)) - Waiting for cluster to exit safe mode
2021-10-27 07:37:22,182 [Listener at 127.0.0.1/37745] INFO  ozone.MiniOzoneClusterImpl (MiniOzoneClusterImpl.java:lambda$waitForClusterToBeReady$0(240)) - SCM became leader
2021-10-27 07:37:22,190 [IPC Server handler 5 on default port 41429] INFO  net.NetworkTopologyImpl (NetworkTopologyImpl.java:add(112)) - Added a new node: /default-rack/782939c9-076d-4829-92e4-0049f0e10c2b
2021-10-27 07:37:22,191 [IPC Server handler 5 on default port 41429] INFO  node.SCMNodeManager (SCMNodeManager.java:register(389)) - Registered Data node : 782939c9-076d-4829-92e4-0049f0e10c2b{ip: 10.1.0.27, host: fv-az270-913.tacnzluakwdehk1hpragurqkma.bx.internal.cloudapp.net, ports: [REPLICATION=42433, RATIS=40741, RATIS_ADMIN=40741, RATIS_SERVER=40741, STANDALONE=39529], networkLocation: /default-rack, certSerialId: null, persistedOpState: null, persistedOpStateExpiryEpochSec: 0}
2021-10-27 07:37:22,191 [EventQueue-NewNodeForNewNodeHandler] INFO  pipeline.BackgroundPipelineCreator (BackgroundPipelineCreator.java:notifyEventTriggered(285)) - trigger a one-shot run on RatisPipelineUtilsThread.
2021-10-27 07:37:22,192 [RatisPipelineUtilsThread - 0] INFO  pipeline.RatisPipelineProvider (RatisPipelineProvider.java:lambda$create$0(183)) - Sending CreatePipelineCommand for pipeline:PipelineID=27d7918b-3d62-4154-8ce4-cef07ba104cf to datanode:782939c9-076d-4829-92e4-0049f0e10c2b
2021-10-27 07:37:22,197 [RatisPipelineUtilsThread - 0] INFO  pipeline.PipelineStateManagerImpl (PipelineStateManagerImpl.java:addPipeline(101)) - Created pipeline Pipeline[ Id: 27d7918b-3d62-4154-8ce4-cef07ba104cf, Nodes: 782939c9-076d-4829-92e4-0049f0e10c2b{ip: 10.1.0.27, host: fv-az270-913.tacnzluakwdehk1hpragurqkma.bx.internal.cloudapp.net, ports: [REPLICATION=42433, RATIS=40741, RATIS_ADMIN=40741, RATIS_SERVER=40741, STANDALONE=39529], networkLocation: /default-rack, certSerialId: null, persistedOpState: IN_SERVICE, persistedOpStateExpiryEpochSec: 0}, ReplicationConfig: RATIS/ONE, State:ALLOCATED, leaderId:, CreationTimestamp2021-10-27T07:37:22.192Z[Etc/UTC]].
2021-10-27 07:37:22,197 [RatisPipelineUtilsThread - 0] INFO  pipeline.RatisPipelineProvider (RatisPipelineProvider.java:lambda$create$0(183)) - Sending CreatePipelineCommand for pipeline:PipelineID=76627f35-37b0-4e78-8a2a-b3ca12ef4b7c to datanode:29e37468-b3e4-401f-97cc-6f4d8466f30b
2021-10-27 07:37:22,197 [RatisPipelineUtilsThread - 0] INFO  pipeline.RatisPipelineProvider (RatisPipelineProvider.java:lambda$create$0(183)) - Sending CreatePipelineCommand for pipeline:PipelineID=76627f35-37b0-4e78-8a2a-b3ca12ef4b7c to datanode:8a5d7503-46af-43fb-b7e0-e0dcb22c5f77
2021-10-27 07:37:22,198 [RatisPipelineUtilsThread - 0] INFO  pipeline.RatisPipelineProvider (RatisPipelineProvider.java:lambda$create$0(183)) - Sending CreatePipelineCommand for pipeline:PipelineID=76627f35-37b0-4e78-8a2a-b3ca12ef4b7c to datanode:782939c9-076d-4829-92e4-0049f0e10c2b
2021-10-27 07:37:22,198 [RatisPipelineUtilsThread - 0] INFO  pipeline.PipelineStateManagerImpl (PipelineStateManagerImpl.java:addPipeline(101)) - Created pipeline Pipeline[ Id: 76627f35-37b0-4e78-8a2a-b3ca12ef4b7c, Nodes: 29e37468-b3e4-401f-97cc-6f4d8466f30b{ip: 10.1.0.27, host: fv-az270-913.tacnzluakwdehk1hpragurqkma.bx.internal.cloudapp.net, ports: [REPLICATION=40637, RATIS=44085, RATIS_ADMIN=44085, RATIS_SERVER=44085, STANDALONE=32881], networkLocation: /default-rack, certSerialId: null, persistedOpState: IN_SERVICE, persistedOpStateExpiryEpochSec: 0}8a5d7503-46af-43fb-b7e0-e0dcb22c5f77{ip: 10.1.0.27, host: fv-az270-913.tacnzluakwdehk1hpragurqkma.bx.internal.cloudapp.net, ports: [REPLICATION=39633, RATIS=45441, RATIS_ADMIN=45441, RATIS_SERVER=45441, STANDALONE=45417], networkLocation: /default-rack, certSerialId: null, persistedOpState: IN_SERVICE, persistedOpStateExpiryEpochSec: 0}782939c9-076d-4829-92e4-0049f0e10c2b{ip: 10.1.0.27, host: fv-az270-913.tacnzluakwdehk1hpragurqkma.bx.internal.cloudapp.net, ports: [REPLICATION=42433, RATIS=40741, RATIS_ADMIN=40741, RATIS_SERVER=40741, STANDALONE=39529], networkLocation: /default-rack, certSerialId: null, persistedOpState: IN_SERVICE, persistedOpStateExpiryEpochSec: 0}, ReplicationConfig: RATIS/THREE, State:ALLOCATED, leaderId:, CreationTimestamp2021-10-27T07:37:22.197Z[Etc/UTC]].
2021-10-27 07:37:23,123 [ReplicationMonitor] INFO  container.ReplicationManager (ReplicationManager.java:processAll(371)) - Replication Monitor Thread took 0 milliseconds for processing 0 containers.
2021-10-27 07:37:23,182 [Listener at 127.0.0.1/37745] INFO  ozone.MiniOzoneClusterImpl (MiniOzoneClusterImpl.java:lambda$waitForClusterToBeReady$0(235)) - Nodes are ready. Got 6 of 6 DN Heartbeats.
2021-10-27 07:37:23,183 [Listener at 127.0.0.1/37745] INFO  ozone.MiniOzoneClusterImpl (MiniOzoneClusterImpl.java:lambda$waitForClusterToBeReady$0(238)) - Waiting for cluster to exit safe mode
2021-10-27 07:37:23,183 [Listener at 127.0.0.1/37745] INFO  ozone.MiniOzoneClusterImpl (MiniOzoneClusterImpl.java:lambda$waitForClusterToBeReady$0(240)) - SCM became leader
2021-10-27 07:37:23,652 [Command processor thread] INFO  server.RaftServer (RaftServerProxy.java:addNew(95)) - 08697b45-8c04-4a3a-859b-c816be28ca7a: addNew group-58160334C962:[08697b45-8c04-4a3a-859b-c816be28ca7a|rpc:10.1.0.27:32979|priority:1] returns group-58160334C962:java.util.concurrent.CompletableFuture@329b425[Not completed]
2021-10-27 07:37:23,678 [pool-55-thread-1] INFO  server.RaftServer$Division (RaftServerImpl.java:<init>(184)) - 08697b45-8c04-4a3a-859b-c816be28ca7a: new RaftServerImpl for group-58160334C962:[08697b45-8c04-4a3a-859b-c816be28ca7a|rpc:10.1.0.27:32979|priority:1] with ContainerStateMachine:uninitialized
2021-10-27 07:37:23,678 [pool-55-thread-1] INFO  server.RaftServerConfigKeys (ConfUtils.java:logGet(44)) - raft.server.rpc.timeout.min = 5s (custom)
2021-10-27 07:37:23,679 [pool-55-thread-1] INFO  server.RaftServerConfigKeys (ConfUtils.java:logGet(44)) - raft.server.rpc.timeout.max = 5200ms (custom)
2021-10-27 07:37:23,679 [pool-55-thread-1] INFO  server.RaftServerConfigKeys (ConfUtils.java:logGet(44)) - raft.server.rpc.sleep.time = 25ms (default)
2021-10-27 07:37:23,679 [pool-55-thread-1] INFO  server.RaftServerConfigKeys (ConfUtils.java:logGet(44)) - raft.server.rpc.slowness.timeout = 300s (custom)
2021-10-27 07:37:23,679 [pool-55-thread-1] INFO  server.RaftServerConfigKeys (ConfUtils.java:logGet(44)) - raft.server.leaderelection.leader.step-down.wait-time = 10s (default)
2021-10-27 07:37:23,679 [pool-55-thread-1] INFO  server.RaftServerConfigKeys (ConfUtils.java:logGet(44)) - raft.server.sleep.deviation.threshold = 300ms (default)
2021-10-27 07:37:23,679 [pool-55-thread-1] INFO  server.RaftServerConfigKeys (ConfUtils.java:logGet(44)) - raft.server.log.appender.install.snapshot.enabled = false (custom)
2021-10-27 07:37:23,679 [pool-55-thread-1] INFO  server.RaftServer$Division (ServerState.java:<init>(105)) - 08697b45-8c04-4a3a-859b-c816be28ca7a@group-58160334C962: ConfigurationManager, init=-1: [08697b45-8c04-4a3a-859b-c816be28ca7a|rpc:10.1.0.27:32979|priority:1], old=null, confs=<EMPTY_MAP>
2021-10-27 07:37:23,680 [pool-55-thread-1] INFO  server.RaftServerConfigKeys (ConfUtils.java:logGet(44)) - raft.server.storage.dir = [/home/runner/work/ozone/ozone/hadoop-ozone/integration-test/target/test-dir/MiniOzoneClusterImpl-0a1afbdb-b897-4eb1-874c-1902c7f745ab/datanode-0/data/ratis] (custom)
2021-10-27 07:37:23,680 [pool-55-thread-1] INFO  server.RaftServerConfigKeys (ConfUtils.java:logGet(44)) - raft.server.log.corruption.policy = EXCEPTION (default)
2021-10-27 07:37:23,680 [pool-55-thread-1] INFO  server.RaftServerConfigKeys (ConfUtils.java:logGet(44)) - raft.server.storage.free-space.min = 0MB (=0) (default)
2021-10-27 07:37:23,680 [pool-55-thread-1] INFO  storage.RaftStorageDirectory (RaftStorageDirectoryImpl.java:analyzeStorage(135)) - The storage directory /home/runner/work/ozone/ozone/hadoop-ozone/integration-test/target/test-dir/MiniOzoneClusterImpl-0a1afbdb-b897-4eb1-874c-1902c7f745ab/datanode-0/data/ratis/2313d1cc-167f-4c0c-99eb-58160334c962 does not exist. Creating ...
2021-10-27 07:37:23,684 [pool-55-thread-1] INFO  storage.RaftStorageDirectory (RaftStorageDirectoryImpl.java:tryLock(230)) - Lock on /home/runner/work/ozone/ozone/hadoop-ozone/integration-test/target/test-dir/MiniOzoneClusterImpl-0a1afbdb-b897-4eb1-874c-1902c7f745ab/datanode-0/data/ratis/2313d1cc-167f-4c0c-99eb-58160334c962/in_use.lock acquired by nodename 22077@fv-az270-913
2021-10-27 07:37:23,685 [pool-55-thread-1] INFO  storage.RaftStorage (RaftStorageImpl.java:format(89)) - Storage directory /home/runner/work/ozone/ozone/hadoop-ozone/integration-test/target/test-dir/MiniOzoneClusterImpl-0a1afbdb-b897-4eb1-874c-1902c7f745ab/datanode-0/data/ratis/2313d1cc-167f-4c0c-99eb-58160334c962 has been successfully formatted.
2021-10-27 07:37:23,688 [pool-55-thread-1] INFO  ratis.ContainerStateMachine (ContainerStateMachine.java:loadSnapshot(224)) - group-58160334C962: The snapshot info is null. Setting the last applied indexto:(t:0, i:~)
2021-10-27 07:37:23,688 [pool-55-thread-1] INFO  server.RaftServerConfigKeys (ConfUtils.java:logGet(44)) - raft.server.notification.no-leader.timeout = 300s (custom)
2021-10-27 07:37:23,688 [pool-55-thread-1] INFO  server.RaftServerConfigKeys (ConfUtils.java:logGet(44)) - raft.server.log.use.memory = false (default)
2021-10-27 07:37:23,688 [pool-55-thread-1] INFO  server.RaftServerConfigKeys (ConfUtils.java:logGet(44)) - raft.server.log.purge.gap = 1000000 (custom)
2021-10-27 07:37:23,688 [pool-55-thread-1] INFO  server.RaftServerConfigKeys (ConfUtils.java:logGet(44)) - raft.server.log.appender.buffer.byte-limit = 33554432 (custom)
2021-10-27 07:37:23,689 [pool-55-thread-1] INFO  server.RaftServerConfigKeys (ConfUtils.java:logGet(44)) - raft.server.log.segment.size.max = 1048576 (custom)
2021-10-27 07:37:23,694 [EventQueue-PipelineReportForPipelineReportHandler] INFO  pipeline.PipelineManagerImpl (PipelineManagerImpl.java:openPipeline(289)) - Pipeline Pipeline[ Id: 2313d1cc-167f-4c0c-99eb-58160334c962, Nodes: 08697b45-8c04-4a3a-859b-c816be28ca7a{ip: 10.1.0.27, host: fv-az270-913.tacnzluakwdehk1hpragurqkma.bx.internal.cloudapp.net, ports: [REPLICATION=42597, RATIS=32979, RATIS_ADMIN=32979, RATIS_SERVER=32979, STANDALONE=34863], networkLocation: /default-rack, certSerialId: null, persistedOpState: IN_SERVICE, persistedOpStateExpiryEpochSec: 0}, ReplicationConfig: RATIS/ONE, State:ALLOCATED, leaderId:08697b45-8c04-4a3a-859b-c816be28ca7a, CreationTimestamp2021-10-27T07:37:20.667Z[Etc/UTC]] moved to OPEN state
2021-10-27 07:37:23,697 [pool-55-thread-1] INFO  server.RaftServerConfigKeys (ConfUtils.java:logGet(44)) - raft.server.log.segment.cache.num.max = 2 (custom)
2021-10-27 07:37:23,697 [pool-55-thread-1] INFO  server.RaftServerConfigKeys (ConfUtils.java:logGet(44)) - raft.server.log.segment.cache.size.max = 200MB (=209715200) (default)
2021-10-27 07:37:23,697 [pool-55-thread-1] INFO  segmented.SegmentedRaftLogWorker (SegmentedRaftLogWorker.java:<init>(182)) - new 08697b45-8c04-4a3a-859b-c816be28ca7a@group-58160334C962-SegmentedRaftLogWorker for RaftStorageImpl:Storage Directory /home/runner/work/ozone/ozone/hadoop-ozone/integration-test/target/test-dir/MiniOzoneClusterImpl-0a1afbdb-b897-4eb1-874c-1902c7f745ab/datanode-0/data/ratis/2313d1cc-167f-4c0c-99eb-58160334c962
2021-10-27 07:37:23,697 [pool-55-thread-1] INFO  server.RaftServerConfigKeys (ConfUtils.java:logGet(44)) - raft.server.log.queue.byte-limit = 2147483647 (custom)
2021-10-27 07:37:23,698 [pool-55-thread-1] INFO  server.RaftServerConfigKeys (ConfUtils.java:logGet(44)) - raft.server.log.queue.element-limit = 1024 (custom)
2021-10-27 07:37:23,698 [pool-55-thread-1] INFO  server.RaftServerConfigKeys (ConfUtils.java:logGet(44)) - raft.server.log.segment.size.max = 1048576 (custom)
2021-10-27 07:37:23,698 [pool-55-thread-1] INFO  server.RaftServerConfigKeys (ConfUtils.java:logGet(44)) - raft.server.log.preallocated.size = 16384 (custom)
2021-10-27 07:37:23,698 [pool-55-thread-1] INFO  server.RaftServerConfigKeys (ConfUtils.java:logGet(44)) - raft.server.log.force.sync.num = 128 (default)
2021-10-27 07:37:23,698 [pool-55-thread-1] INFO  server.RaftServerConfigKeys (ConfUtils.java:logGet(44)) - raft.server.log.statemachine.data.sync = true (default)
2021-10-27 07:37:23,698 [pool-55-thread-1] INFO  server.RaftServerConfigKeys (ConfUtils.java:logGet(44)) - raft.server.log.statemachine.data.sync.timeout = 10s (default)
2021-10-27 07:37:23,698 [pool-55-thread-1] INFO  server.RaftServerConfigKeys (ConfUtils.java:logGet(44)) - raft.server.log.statemachine.data.sync.timeout.retry = -1 (default)
2021-10-27 07:37:23,700 [EventQueue-OpenPipelineForHealthyPipelineSafeModeRule] INFO  safemode.SCMSafeModeManager (HealthyPipelineSafeModeRule.java:process(124)) - SCM in safe mode. Healthy pipelines reported count is 0, required healthy pipeline reported count is 1
2021-10-27 07:37:23,704 [pool-55-thread-1] INFO  server.RaftServerConfigKeys (ConfUtils.java:logGet(44)) - raft.server.log.write.buffer.size = 1048576 (custom)
2021-10-27 07:37:23,704 [pool-55-thread-1] INFO  server.RaftServerConfigKeys (ConfUtils.java:logGet(44)) - raft.server.log.statemachine.data.caching.enabled = true (custom)
2021-10-27 07:37:23,704 [pool-55-thread-1] INFO  segmented.SegmentedRaftLogWorker (SegmentedRaftLogWorker.java:lambda$new$0(133)) - 08697b45-8c04-4a3a-859b-c816be28ca7a@group-58160334C962-SegmentedRaftLogWorker: flushIndex: setUnconditionally 0 -> -1
2021-10-27 07:37:23,705 [pool-55-thread-1] INFO  segmented.SegmentedRaftLogWorker (SegmentedRaftLogWorker.java:lambda$new$0(133)) - 08697b45-8c04-4a3a-859b-c816be28ca7a@group-58160334C962-SegmentedRaftLogWorker: safeCacheEvictIndex: setUnconditionally 0 -> -1
2021-10-27 07:37:23,706 [pool-55-thread-1] INFO  server.RaftServerConfigKeys (ConfUtils.java:logGet(44)) - raft.server.snapshot.auto.trigger.enabled = true (custom)
2021-10-27 07:37:23,707 [pool-55-thread-1] INFO  server.RaftServerConfigKeys (ConfUtils.java:logGet(44)) - raft.server.snapshot.auto.trigger.threshold = 10000 (custom)
2021-10-27 07:37:23,707 [pool-55-thread-1] INFO  server.RaftServerConfigKeys (ConfUtils.java:logGet(44)) - raft.server.snapshot.retention.file.num = 5 (custom)
2021-10-27 07:37:23,707 [pool-55-thread-1] INFO  server.RaftServerConfigKeys (ConfUtils.java:logGet(44)) - raft.server.log.purge.upto.snapshot.index = false (default)
2021-10-27 07:37:23,707 [pool-55-thread-1] INFO  server.RaftServerConfigKeys (ConfUtils.java:logGet(44)) - raft.server.retrycache.expirytime = 600000ms (custom)
2021-10-27 07:37:23,707 [pool-55-thread-1] INFO  server.RaftServerConfigKeys (ConfUtils.java:logGet(44)) - raft.server.retrycache.statistics.expirytime = 100μs (default)
2021-10-27 07:37:23,711 [pool-55-thread-1] INFO  server.RaftServer$Division (RaftServerImpl.java:start(301)) - 08697b45-8c04-4a3a-859b-c816be28ca7a@group-58160334C962: start as a follower, conf=-1: [08697b45-8c04-4a3a-859b-c816be28ca7a|rpc:10.1.0.27:32979|priority:1], old=null
2021-10-27 07:37:23,711 [pool-55-thread-1] INFO  server.RaftServer$Division (RaftServerImpl.java:setRole(290)) - 08697b45-8c04-4a3a-859b-c816be28ca7a@group-58160334C962: changes role from      null to FOLLOWER at term 0 for startAsFollower
2021-10-27 07:37:23,711 [pool-55-thread-1] INFO  impl.RoleInfo (RoleInfo.java:updateAndGet(130)) - 08697b45-8c04-4a3a-859b-c816be28ca7a: start 08697b45-8c04-4a3a-859b-c816be28ca7a@group-58160334C962-FollowerState
2021-10-27 07:37:23,712 [pool-55-thread-1] INFO  util.JmxRegister (JmxRegister.java:tryRegister(44)) - Successfully registered JMX Bean with object name Ratis:service=RaftServer,group=group-58160334C962,id=08697b45-8c04-4a3a-859b-c816be28ca7a
2021-10-27 07:37:23,728 [Command processor thread] INFO  ratis.XceiverServerRatis (XceiverServerRatis.java:addGroup(768)) - Created group PipelineID=2313d1cc-167f-4c0c-99eb-58160334c962
2021-10-27 07:37:23,728 [Command processor thread] INFO  commandhandler.CreatePipelineCommandHandler (CreatePipelineCommandHandler.java:handle(106)) - Created Pipeline RATIS ONE PipelineID=2313d1cc-167f-4c0c-99eb-58160334c962.
2021-10-27 07:37:23,729 [Command processor thread] INFO  server.RaftServer (RaftServerProxy.java:addNew(95)) - 08697b45-8c04-4a3a-859b-c816be28ca7a: addNew group-678C39C129E8:[51d19100-6e30-4d37-982f-c542a20199a8|rpc:10.1.0.27:34427|priority:1, 08697b45-8c04-4a3a-859b-c816be28ca7a|rpc:10.1.0.27:32979|priority:0, 9ec659bb-6946-4d87-b3c7-8f8c8e1e9f0e|rpc:10.1.0.27:46551|priority:0] returns group-678C39C129E8:java.util.concurrent.CompletableFuture@4ebdab8a[Not completed]
2021-10-27 07:37:23,731 [pool-55-thread-1] INFO  server.RaftServer$Division (RaftServerImpl.java:<init>(184)) - 08697b45-8c04-4a3a-859b-c816be28ca7a: new RaftServerImpl for group-678C39C129E8:[51d19100-6e30-4d37-982f-c542a20199a8|rpc:10.1.0.27:34427|priority:1, 08697b45-8c04-4a3a-859b-c816be28ca7a|rpc:10.1.0.27:32979|priority:0, 9ec659bb-6946-4d87-b3c7-8f8c8e1e9f0e|rpc:10.1.0.27:46551|priority:0] with ContainerStateMachine:uninitialized
2021-10-27 07:37:23,731 [pool-55-thread-1] INFO  server.RaftServerConfigKeys (ConfUtils.java:logGet(44)) - raft.server.rpc.timeout.min = 5s (custom)
2021-10-27 07:37:23,731 [pool-55-thread-1] INFO  server.RaftServerConfigKeys (ConfUtils.java:logGet(44)) - raft.server.rpc.timeout.max = 5200ms (custom)
2021-10-27 07:37:23,731 [pool-55-thread-1] INFO  server.RaftServerConfigKeys (ConfUtils.java:logGet(44)) - raft.server.rpc.sleep.time = 25ms (default)
2021-10-27 07:37:23,731 [pool-55-thread-1] INFO  server.RaftServerConfigKeys (ConfUtils.java:logGet(44)) - raft.server.rpc.slowness.timeout = 300s (custom)
2021-10-27 07:37:23,731 [pool-55-thread-1] INFO  server.RaftServerConfigKeys (ConfUtils.java:logGet(44)) - raft.server.leaderelection.leader.step-down.wait-time = 10s (default)
2021-10-27 07:37:23,732 [pool-55-thread-1] INFO  server.RaftServerConfigKeys (ConfUtils.java:logGet(44)) - raft.server.sleep.deviation.threshold = 300ms (default)
2021-10-27 07:37:23,732 [pool-55-thread-1] INFO  server.RaftServerConfigKeys (ConfUtils.java:logGet(44)) - raft.server.log.appender.install.snapshot.enabled = false (custom)
2021-10-27 07:37:23,732 [pool-55-thread-1] INFO  server.RaftServer$Division (ServerState.java:<init>(105)) - 08697b45-8c04-4a3a-859b-c816be28ca7a@group-678C39C129E8: ConfigurationManager, init=-1: [51d19100-6e30-4d37-982f-c542a20199a8|rpc:10.1.0.27:34427|priority:1, 08697b45-8c04-4a3a-859b-c816be28ca7a|rpc:10.1.0.27:32979|priority:0, 9ec659bb-6946-4d87-b3c7-8f8c8e1e9f0e|rpc:10.1.0.27:46551|priority:0], old=null, confs=<EMPTY_MAP>
2021-10-27 07:37:23,732 [pool-55-thread-1] INFO  server.RaftServerConfigKeys (ConfUtils.java:logGet(44)) - raft.server.storage.dir = [/home/runner/work/ozone/ozone/hadoop-ozone/integration-test/target/test-dir/MiniOzoneClusterImpl-0a1afbdb-b897-4eb1-874c-1902c7f745ab/datanode-0/data/ratis] (custom)
2021-10-27 07:37:23,732 [pool-55-thread-1] INFO  server.RaftServerConfigKeys (ConfUtils.java:logGet(44)) - raft.server.log.corruption.policy = EXCEPTION (default)
2021-10-27 07:37:23,732 [pool-55-thread-1] INFO  server.RaftServerConfigKeys (ConfUtils.java:logGet(44)) - raft.server.storage.free-space.min = 0MB (=0) (default)
2021-10-27 07:37:23,733 [pool-55-thread-1] INFO  storage.RaftStorageDirectory (RaftStorageDirectoryImpl.java:analyzeStorage(135)) - The storage directory /home/runner/work/ozone/ozone/hadoop-ozone/integration-test/target/test-dir/MiniOzoneClusterImpl-0a1afbdb-b897-4eb1-874c-1902c7f745ab/datanode-0/data/ratis/7cef3a2e-64e9-4ff5-8841-678c39c129e8 does not exist. Creating ...
2021-10-27 07:37:23,735 [pool-55-thread-1] INFO  storage.RaftStorageDirectory (RaftStorageDirectoryImpl.java:tryLock(230)) - Lock on /home/runner/work/ozone/ozone/hadoop-ozone/integration-test/target/test-dir/MiniOzoneClusterImpl-0a1afbdb-b897-4eb1-874c-1902c7f745ab/datanode-0/data/ratis/7cef3a2e-64e9-4ff5-8841-678c39c129e8/in_use.lock acquired by nodename 22077@fv-az270-913
2021-10-27 07:37:23,736 [pool-55-thread-1] INFO  storage.RaftStorage (RaftStorageImpl.java:format(89)) - Storage directory /home/runner/work/ozone/ozone/hadoop-ozone/integration-test/target/test-dir/MiniOzoneClusterImpl-0a1afbdb-b897-4eb1-874c-1902c7f745ab/datanode-0/data/ratis/7cef3a2e-64e9-4ff5-8841-678c39c129e8 has been successfully formatted.
2021-10-27 07:37:23,736 [pool-55-thread-1] INFO  ratis.ContainerStateMachine (ContainerStateMachine.java:loadSnapshot(224)) - group-678C39C129E8: The snapshot info is null. Setting the last applied indexto:(t:0, i:~)
2021-10-27 07:37:23,737 [pool-55-thread-1] INFO  server.RaftServerConfigKeys (ConfUtils.java:logGet(44)) - raft.server.notification.no-leader.timeout = 300s (custom)
2021-10-27 07:37:23,737 [pool-55-thread-1] INFO  server.RaftServerConfigKeys (ConfUtils.java:logGet(44)) - raft.server.log.use.memory = false (default)
2021-10-27 07:37:23,737 [pool-55-thread-1] INFO  server.RaftServerConfigKeys (ConfUtils.java:logGet(44)) - raft.server.log.purge.gap = 1000000 (custom)
2021-10-27 07:37:23,744 [pool-55-thread-1] INFO  server.RaftServerConfigKeys (ConfUtils.java:logGet(44)) - raft.server.log.appender.buffer.byte-limit = 33554432 (custom)
2021-10-27 07:37:23,745 [pool-55-thread-1] INFO  server.RaftServerConfigKeys (ConfUtils.java:logGet(44)) - raft.server.log.segment.size.max = 1048576 (custom)
2021-10-27 07:37:23,745 [EventQueue-OpenPipelineForHealthyPipelineSafeModeRule] INFO  safemode.SCMSafeModeManager (HealthyPipelineSafeModeRule.java:process(124)) - SCM in safe mode. Healthy pipelines reported count is 0, required healthy pipeline reported count is 1
2021-10-27 07:37:23,751 [pool-55-thread-1] INFO  server.RaftServerConfigKeys (ConfUtils.java:logGet(44)) - raft.server.log.segment.cache.num.max = 2 (custom)
2021-10-27 07:37:23,756 [pool-55-thread-1] INFO  server.RaftServerConfigKeys (ConfUtils.java:logGet(44)) - raft.server.log.segment.cache.size.max = 200MB (=209715200) (default)
2021-10-27 07:37:23,756 [pool-55-thread-1] INFO  segmented.SegmentedRaftLogWorker (SegmentedRaftLogWorker.java:<init>(182)) - new 08697b45-8c04-4a3a-859b-c816be28ca7a@group-678C39C129E8-SegmentedRaftLogWorker for RaftStorageImpl:Storage Directory /home/runner/work/ozone/ozone/hadoop-ozone/integration-test/target/test-dir/MiniOzoneClusterImpl-0a1afbdb-b897-4eb1-874c-1902c7f745ab/datanode-0/data/ratis/7cef3a2e-64e9-4ff5-8841-678c39c129e8
2021-10-27 07:37:23,756 [pool-55-thread-1] INFO  server.RaftServerConfigKeys (ConfUtils.java:logGet(44)) - raft.server.log.queue.byte-limit = 2147483647 (custom)
2021-10-27 07:37:23,756 [pool-55-thread-1] INFO  server.RaftServerConfigKeys (ConfUtils.java:logGet(44)) - raft.server.log.queue.element-limit = 1024 (custom)
2021-10-27 07:37:23,757 [pool-55-thread-1] INFO  server.RaftServerConfigKeys (ConfUtils.java:logGet(44)) - raft.server.log.segment.size.max = 1048576 (custom)
2021-10-27 07:37:23,757 [pool-55-thread-1] INFO  server.RaftServerConfigKeys (ConfUtils.java:logGet(44)) - raft.server.log.preallocated.size = 16384 (custom)
2021-10-27 07:37:23,757 [pool-55-thread-1] INFO  server.RaftServerConfigKeys (ConfUtils.java:logGet(44)) - raft.server.log.force.sync.num = 128 (default)
2021-10-27 07:37:23,757 [pool-55-thread-1] INFO  server.RaftServerConfigKeys (ConfUtils.java:logGet(44)) - raft.server.log.statemachine.data.sync = true (default)
2021-10-27 07:37:23,757 [pool-55-thread-1] INFO  server.RaftServerConfigKeys (ConfUtils.java:logGet(44)) - raft.server.log.statemachine.data.sync.timeout = 10s (default)
2021-10-27 07:37:23,757 [pool-55-thread-1] INFO  server.RaftServerConfigKeys (ConfUtils.java:logGet(44)) - raft.server.log.statemachine.data.sync.timeout.retry = -1 (default)
2021-10-27 07:37:23,759 [pool-55-thread-1] INFO  server.RaftServerConfigKeys (ConfUtils.java:logGet(44)) - raft.server.log.write.buffer.size = 1048576 (custom)
2021-10-27 07:37:23,760 [pool-55-thread-1] INFO  server.RaftServerConfigKeys (ConfUtils.java:logGet(44)) - raft.server.log.statemachine.data.caching.enabled = true (custom)
2021-10-27 07:37:23,761 [pool-55-thread-1] INFO  segmented.SegmentedRaftLogWorker (SegmentedRaftLogWorker.java:lambda$new$0(133)) - 08697b45-8c04-4a3a-859b-c816be28ca7a@group-678C39C129E8-SegmentedRaftLogWorker: flushIndex: setUnconditionally 0 -> -1
2021-10-27 07:37:23,761 [pool-55-thread-1] INFO  segmented.SegmentedRaftLogWorker (SegmentedRaftLogWorker.java:lambda$new$0(133)) - 08697b45-8c04-4a3a-859b-c816be28ca7a@group-678C39C129E8-SegmentedRaftLogWorker: safeCacheEvictIndex: setUnconditionally 0 -> -1
2021-10-27 07:37:23,761 [pool-55-thread-1] INFO  server.RaftServerConfigKeys (ConfUtils.java:logGet(44)) - raft.server.snapshot.auto.trigger.enabled = true (custom)
2021-10-27 07:37:23,761 [pool-55-thread-1] INFO  server.RaftServerConfigKeys (ConfUtils.java:logGet(44)) - raft.server.snapshot.auto.trigger.threshold = 10000 (custom)
2021-10-27 07:37:23,761 [pool-55-thread-1] INFO  server.RaftServerConfigKeys (ConfUtils.java:logGet(44)) - raft.server.snapshot.retention.file.num = 5 (custom)
2021-10-27 07:37:23,761 [pool-55-thread-1] INFO  server.RaftServerConfigKeys (ConfUtils.java:logGet(44)) - raft.server.log.purge.upto.snapshot.index = false (default)
2021-10-27 07:37:23,761 [pool-55-thread-1] INFO  server.RaftServerConfigKeys (ConfUtils.java:logGet(44)) - raft.server.retrycache.expirytime = 600000ms (custom)
2021-10-27 07:37:23,761 [pool-55-thread-1] INFO  server.RaftServerConfigKeys (ConfUtils.java:logGet(44)) - raft.server.retrycache.statistics.expirytime = 100μs (default)
2021-10-27 07:37:23,764 [pool-55-thread-1] INFO  server.RaftServer$Division (RaftServerImpl.java:start(301)) - 08697b45-8c04-4a3a-859b-c816be28ca7a@group-678C39C129E8: start as a follower, conf=-1: [51d19100-6e30-4d37-982f-c542a20199a8|rpc:10.1.0.27:34427|priority:1, 08697b45-8c04-4a3a-859b-c816be28ca7a|rpc:10.1.0.27:32979|priority:0, 9ec659bb-6946-4d87-b3c7-8f8c8e1e9f0e|rpc:10.1.0.27:46551|priority:0], old=null
2021-10-27 07:37:23,765 [pool-55-thread-1] INFO  server.RaftServer$Division (RaftServerImpl.java:setRole(290)) - 08697b45-8c04-4a3a-859b-c816be28ca7a@group-678C39C129E8: changes role from      null to FOLLOWER at term 0 for startAsFollower
2021-10-27 07:37:23,765 [pool-55-thread-1] INFO  impl.RoleInfo (RoleInfo.java:updateAndGet(130)) - 08697b45-8c04-4a3a-859b-c816be28ca7a: start 08697b45-8c04-4a3a-859b-c816be28ca7a@group-678C39C129E8-FollowerState
2021-10-27 07:37:23,766 [pool-55-thread-1] INFO  util.JmxRegister (JmxRegister.java:tryRegister(44)) - Successfully registered JMX Bean with object name Ratis:service=RaftServer,group=group-678C39C129E8,id=08697b45-8c04-4a3a-859b-c816be28ca7a
2021-10-27 07:37:23,769 [Command processor thread] INFO  ratis.XceiverServerRatis (XceiverServerRatis.java:addGroup(768)) - Created group PipelineID=7cef3a2e-64e9-4ff5-8841-678c39c129e8
2021-10-27 07:37:24,125 [ReplicationMonitor] INFO  container.ReplicationManager (ReplicationManager.java:processAll(371)) - Replication Monitor Thread took 0 milliseconds for processing 0 containers.
2021-10-27 07:37:24,184 [Listener at 127.0.0.1/37745] INFO  ozone.MiniOzoneClusterImpl (MiniOzoneClusterImpl.java:lambda$waitForClusterToBeReady$0(235)) - Nodes are ready. Got 6 of 6 DN Heartbeats.
2021-10-27 07:37:24,184 [Listener at 127.0.0.1/37745] INFO  ozone.MiniOzoneClusterImpl (MiniOzoneClusterImpl.java:lambda$waitForClusterToBeReady$0(238)) - Waiting for cluster to exit safe mode
2021-10-27 07:37:24,184 [Listener at 127.0.0.1/37745] INFO  ozone.MiniOzoneClusterImpl (MiniOzoneClusterImpl.java:lambda$waitForClusterToBeReady$0(240)) - SCM became leader
2021-10-27 07:37:24,276 [Command processor thread] INFO  server.RaftServer (RaftServerProxy.java:addNew(95)) - 51d19100-6e30-4d37-982f-c542a20199a8: addNew group-1C963FB4BA19:[51d19100-6e30-4d37-982f-c542a20199a8|rpc:10.1.0.27:34427|priority:1] returns group-1C963FB4BA19:java.util.concurrent.CompletableFuture@5443a69e[Not completed]
2021-10-27 07:37:24,279 [pool-74-thread-1] INFO  server.RaftServer$Division (RaftServerImpl.java:<init>(184)) - 51d19100-6e30-4d37-982f-c542a20199a8: new RaftServerImpl for group-1C963FB4BA19:[51d19100-6e30-4d37-982f-c542a20199a8|rpc:10.1.0.27:34427|priority:1] with ContainerStateMachine:uninitialized
2021-10-27 07:37:24,285 [pool-74-thread-1] INFO  server.RaftServerConfigKeys (ConfUtils.java:logGet(44)) - raft.server.rpc.timeout.min = 5s (custom)
2021-10-27 07:37:24,285 [pool-74-thread-1] INFO  server.RaftServerConfigKeys (ConfUtils.java:logGet(44)) - raft.server.rpc.timeout.max = 5200ms (custom)
2021-10-27 07:37:24,285 [pool-74-thread-1] INFO  server.RaftServerConfigKeys (ConfUtils.java:logGet(44)) - raft.server.rpc.sleep.time = 25ms (default)
2021-10-27 07:37:24,285 [pool-74-thread-1] INFO  server.RaftServerConfigKeys (ConfUtils.java:logGet(44)) - raft.server.rpc.slowness.timeout = 300s (custom)
2021-10-27 07:37:24,285 [pool-74-thread-1] INFO  server.RaftServerConfigKeys (ConfUtils.java:logGet(44)) - raft.server.leaderelection.leader.step-down.wait-time = 10s (default)
2021-10-27 07:37:24,285 [pool-74-thread-1] INFO  server.RaftServerConfigKeys (ConfUtils.java:logGet(44)) - raft.server.sleep.deviation.threshold = 300ms (default)
2021-10-27 07:37:24,285 [pool-74-thread-1] INFO  server.RaftServerConfigKeys (ConfUtils.java:logGet(44)) - raft.server.log.appender.install.snapshot.enabled = false (custom)
2021-10-27 07:37:24,285 [pool-74-thread-1] INFO  server.RaftServer$Division (ServerState.java:<init>(105)) - 51d19100-6e30-4d37-982f-c542a20199a8@group-1C963FB4BA19: ConfigurationManager, init=-1: [51d19100-6e30-4d37-982f-c542a20199a8|rpc:10.1.0.27:34427|priority:1], old=null, confs=<EMPTY_MAP>
2021-10-27 07:37:24,285 [pool-74-thread-1] INFO  server.RaftServerConfigKeys (ConfUtils.java:logGet(44)) - raft.server.storage.dir = [/home/runner/work/ozone/ozone/hadoop-ozone/integration-test/target/test-dir/MiniOzoneClusterImpl-0a1afbdb-b897-4eb1-874c-1902c7f745ab/datanode-1/data/ratis] (custom)
2021-10-27 07:37:24,286 [pool-74-thread-1] INFO  server.RaftServerConfigKeys (ConfUtils.java:logGet(44)) - raft.server.log.corruption.policy = EXCEPTION (default)
2021-10-27 07:37:24,286 [pool-74-thread-1] INFO  server.RaftServerConfigKeys (ConfUtils.java:logGet(44)) - raft.server.storage.free-space.min = 0MB (=0) (default)
2021-10-27 07:37:24,286 [pool-74-thread-1] INFO  storage.RaftStorageDirectory (RaftStorageDirectoryImpl.java:analyzeStorage(135)) - The storage directory /home/runner/work/ozone/ozone/hadoop-ozone/integration-test/target/test-dir/MiniOzoneClusterImpl-0a1afbdb-b897-4eb1-874c-1902c7f745ab/datanode-1/data/ratis/ece53a15-d5ad-4e19-88fa-1c963fb4ba19 does not exist. Creating ...
2021-10-27 07:37:24,289 [pool-74-thread-1] INFO  storage.RaftStorageDirectory (RaftStorageDirectoryImpl.java:tryLock(230)) - Lock on /home/runner/work/ozone/ozone/hadoop-ozone/integration-test/target/test-dir/MiniOzoneClusterImpl-0a1afbdb-b897-4eb1-874c-1902c7f745ab/datanode-1/data/ratis/ece53a15-d5ad-4e19-88fa-1c963fb4ba19/in_use.lock acquired by nodename 22077@fv-az270-913
2021-10-27 07:37:24,304 [pool-74-thread-1] INFO  storage.RaftStorage (RaftStorageImpl.java:format(89)) - Storage directory /home/runner/work/ozone/ozone/hadoop-ozone/integration-test/target/test-dir/MiniOzoneClusterImpl-0a1afbdb-b897-4eb1-874c-1902c7f745ab/datanode-1/data/ratis/ece53a15-d5ad-4e19-88fa-1c963fb4ba19 has been successfully formatted.
2021-10-27 07:37:24,305 [pool-74-thread-1] INFO  ratis.ContainerStateMachine (ContainerStateMachine.java:loadSnapshot(224)) - group-1C963FB4BA19: The snapshot info is null. Setting the last applied indexto:(t:0, i:~)
2021-10-27 07:37:24,307 [pool-74-thread-1] INFO  server.RaftServerConfigKeys (ConfUtils.java:logGet(44)) - raft.server.notification.no-leader.timeout = 300s (custom)
2021-10-27 07:37:24,307 [pool-74-thread-1] INFO  server.RaftServerConfigKeys (ConfUtils.java:logGet(44)) - raft.server.log.use.memory = false (default)
2021-10-27 07:37:24,308 [pool-74-thread-1] INFO  server.RaftServerConfigKeys (ConfUtils.java:logGet(44)) - raft.server.log.purge.gap = 1000000 (custom)
2021-10-27 07:37:24,308 [pool-74-thread-1] INFO  server.RaftServerConfigKeys (ConfUtils.java:logGet(44)) - raft.server.log.appender.buffer.byte-limit = 33554432 (custom)
2021-10-27 07:37:24,308 [pool-74-thread-1] INFO  server.RaftServerConfigKeys (ConfUtils.java:logGet(44)) - raft.server.log.segment.size.max = 1048576 (custom)
2021-10-27 07:37:24,309 [pool-74-thread-1] INFO  server.RaftServerConfigKeys (ConfUtils.java:logGet(44)) - raft.server.log.segment.cache.num.max = 2 (custom)
2021-10-27 07:37:24,309 [pool-74-thread-1] INFO  server.RaftServerConfigKeys (ConfUtils.java:logGet(44)) - raft.server.log.segment.cache.size.max = 200MB (=209715200) (default)
2021-10-27 07:37:24,309 [pool-74-thread-1] INFO  segmented.SegmentedRaftLogWorker (SegmentedRaftLogWorker.java:<init>(182)) - new 51d19100-6e30-4d37-982f-c542a20199a8@group-1C963FB4BA19-SegmentedRaftLogWorker for RaftStorageImpl:Storage Directory /home/runner/work/ozone/ozone/hadoop-ozone/integration-test/target/test-dir/MiniOzoneClusterImpl-0a1afbdb-b897-4eb1-874c-1902c7f745ab/datanode-1/data/ratis/ece53a15-d5ad-4e19-88fa-1c963fb4ba19
2021-10-27 07:37:24,309 [pool-74-thread-1] INFO  server.RaftServerConfigKeys (ConfUtils.java:logGet(44)) - raft.server.log.queue.byte-limit = 2147483647 (custom)
2021-10-27 07:37:24,309 [pool-74-thread-1] INFO  server.RaftServerConfigKeys (ConfUtils.java:logGet(44)) - raft.server.log.queue.element-limit = 1024 (custom)
2021-10-27 07:37:24,310 [pool-74-thread-1] INFO  server.RaftServerConfigKeys (ConfUtils.java:logGet(44)) - raft.server.log.segment.size.max = 1048576 (custom)
2021-10-27 07:37:24,310 [pool-74-thread-1] INFO  server.RaftServerConfigKeys (ConfUtils.java:logGet(44)) - raft.server.log.preallocated.size = 16384 (custom)
2021-10-27 07:37:24,310 [pool-74-thread-1] INFO  server.RaftServerConfigKeys (ConfUtils.java:logGet(44)) - raft.server.log.force.sync.num = 128 (default)
2021-10-27 07:37:24,310 [pool-74-thread-1] INFO  server.RaftServerConfigKeys (ConfUtils.java:logGet(44)) - raft.server.log.statemachine.data.sync = true (default)
2021-10-27 07:37:24,310 [pool-74-thread-1] INFO  server.RaftServerConfigKeys (ConfUtils.java:logGet(44)) - raft.server.log.statemachine.data.sync.timeout = 10s (default)
2021-10-27 07:37:24,310 [pool-74-thread-1] INFO  server.RaftServerConfigKeys (ConfUtils.java:logGet(44)) - raft.server.log.statemachine.data.sync.timeout.retry = -1 (default)
2021-10-27 07:37:24,312 [pool-74-thread-1] INFO  server.RaftServerConfigKeys (ConfUtils.java:logGet(44)) - raft.server.log.write.buffer.size = 1048576 (custom)
2021-10-27 07:37:24,313 [pool-74-thread-1] INFO  server.RaftServerConfigKeys (ConfUtils.java:logGet(44)) - raft.server.log.statemachine.data.caching.enabled = true (custom)
2021-10-27 07:37:24,313 [pool-74-thread-1] INFO  segmented.SegmentedRaftLogWorker (SegmentedRaftLogWorker.java:lambda$new$0(133)) - 51d19100-6e30-4d37-982f-c542a20199a8@group-1C963FB4BA19-SegmentedRaftLogWorker: flushIndex: setUnconditionally 0 -> -1
2021-10-27 07:37:24,313 [pool-74-thread-1] INFO  segmented.SegmentedRaftLogWorker (SegmentedRaftLogWorker.java:lambda$new$0(133)) - 51d19100-6e30-4d37-982f-c542a20199a8@group-1C963FB4BA19-SegmentedRaftLogWorker: safeCacheEvictIndex: setUnconditionally 0 -> -1
2021-10-27 07:37:24,313 [pool-74-thread-1] INFO  server.RaftServerConfigKeys (ConfUtils.java:logGet(44)) - raft.server.snapshot.auto.trigger.enabled = true (custom)
2021-10-27 07:37:24,314 [pool-74-thread-1] INFO  server.RaftServerConfigKeys (ConfUtils.java:logGet(44)) - raft.server.snapshot.auto.trigger.threshold = 10000 (custom)
2021-10-27 07:37:24,314 [pool-74-thread-1] INFO  server.RaftServerConfigKeys (ConfUtils.java:logGet(44)) - raft.server.snapshot.retention.file.num = 5 (custom)
2021-10-27 07:37:24,314 [pool-74-thread-1] INFO  server.RaftServerConfigKeys (ConfUtils.java:logGet(44)) - raft.server.log.purge.upto.snapshot.index = false (default)
2021-10-27 07:37:24,314 [pool-74-thread-1] INFO  server.RaftServerConfigKeys (ConfUtils.java:logGet(44)) - raft.server.retrycache.expirytime = 600000ms (custom)
2021-10-27 07:37:24,314 [pool-74-thread-1] INFO  server.RaftServerConfigKeys (ConfUtils.java:logGet(44)) - raft.server.retrycache.statistics.expirytime = 100μs (default)
2021-10-27 07:37:24,316 [pool-74-thread-1] INFO  server.RaftServer$Division (RaftServerImpl.java:start(301)) - 51d19100-6e30-4d37-982f-c542a20199a8@group-1C963FB4BA19: start as a follower, conf=-1: [51d19100-6e30-4d37-982f-c542a20199a8|rpc:10.1.0.27:34427|priority:1], old=null
2021-10-27 07:37:24,317 [pool-74-thread-1] INFO  server.RaftServer$Division (RaftServerImpl.java:setRole(290)) - 51d19100-6e30-4d37-982f-c542a20199a8@group-1C963FB4BA19: changes role from      null to FOLLOWER at term 0 for startAsFollower
2021-10-27 07:37:24,317 [pool-74-thread-1] INFO  impl.RoleInfo (RoleInfo.java:updateAndGet(130)) - 51d19100-6e30-4d37-982f-c542a20199a8: start 51d19100-6e30-4d37-982f-c542a20199a8@group-1C963FB4BA19-FollowerState
2021-10-27 07:37:24,318 [pool-74-thread-1] INFO  util.JmxRegister (JmxRegister.java:tryRegister(44)) - Successfully registered JMX Bean with object name Ratis:service=RaftServer,group=group-1C963FB4BA19,id=51d19100-6e30-4d37-982f-c542a20199a8
2021-10-27 07:37:24,329 [Command processor thread] INFO  ratis.XceiverServerRatis (XceiverServerRatis.java:addGroup(768)) - Created group PipelineID=ece53a15-d5ad-4e19-88fa-1c963fb4ba19
2021-10-27 07:37:24,329 [Command processor thread] INFO  commandhandler.CreatePipelineCommandHandler (CreatePipelineCommandHandler.java:handle(106)) - Created Pipeline RATIS ONE PipelineID=ece53a15-d5ad-4e19-88fa-1c963fb4ba19.
2021-10-27 07:37:24,329 [Command processor thread] INFO  server.RaftServer (RaftServerProxy.java:addNew(95)) - 51d19100-6e30-4d37-982f-c542a20199a8: addNew group-678C39C129E8:[51d19100-6e30-4d37-982f-c542a20199a8|rpc:10.1.0.27:34427|priority:1, 08697b45-8c04-4a3a-859b-c816be28ca7a|rpc:10.1.0.27:32979|priority:0, 9ec659bb-6946-4d87-b3c7-8f8c8e1e9f0e|rpc:10.1.0.27:46551|priority:0] returns group-678C39C129E8:java.util.concurrent.CompletableFuture@507c38ce[Not completed]
2021-10-27 07:37:24,330 [EventQueue-PipelineReportForPipelineReportHandler] INFO  pipeline.PipelineManagerImpl (PipelineManagerImpl.java:openPipeline(289)) - Pipeline Pipeline[ Id: ece53a15-d5ad-4e19-88fa-1c963fb4ba19, Nodes: 51d19100-6e30-4d37-982f-c542a20199a8{ip: 10.1.0.27, host: fv-az270-913.tacnzluakwdehk1hpragurqkma.bx.internal.cloudapp.net, ports: [REPLICATION=42741, RATIS=34427, RATIS_ADMIN=34427, RATIS_SERVER=34427, STANDALONE=37129], networkLocation: /default-rack, certSerialId: null, persistedOpState: IN_SERVICE, persistedOpStateExpiryEpochSec: 0}, ReplicationConfig: RATIS/ONE, State:ALLOCATED, leaderId:51d19100-6e30-4d37-982f-c542a20199a8, CreationTimestamp2021-10-27T07:37:21.275Z[Etc/UTC]] moved to OPEN state
2021-10-27 07:37:24,331 [EventQueue-OpenPipelineForHealthyPipelineSafeModeRule] INFO  safemode.SCMSafeModeManager (HealthyPipelineSafeModeRule.java:process(124)) - SCM in safe mode. Healthy pipelines reported count is 0, required healthy pipeline reported count is 1
2021-10-27 07:37:24,333 [pool-74-thread-1] INFO  server.RaftServer$Division (RaftServerImpl.java:<init>(184)) - 51d19100-6e30-4d37-982f-c542a20199a8: new RaftServerImpl for group-678C39C129E8:[51d19100-6e30-4d37-982f-c542a20199a8|rpc:10.1.0.27:34427|priority:1, 08697b45-8c04-4a3a-859b-c816be28ca7a|rpc:10.1.0.27:32979|priority:0, 9ec659bb-6946-4d87-b3c7-8f8c8e1e9f0e|rpc:10.1.0.27:46551|priority:0] with ContainerStateMachine:uninitialized
2021-10-27 07:37:24,334 [pool-74-thread-1] INFO  server.RaftServerConfigKeys (ConfUtils.java:logGet(44)) - raft.server.rpc.timeout.min = 5s (custom)
2021-10-27 07:37:24,334 [pool-74-thread-1] INFO  server.RaftServerConfigKeys (ConfUtils.java:logGet(44)) - raft.server.rpc.timeout.max = 5200ms (custom)
2021-10-27 07:37:24,335 [pool-74-thread-1] INFO  server.RaftServerConfigKeys (ConfUtils.java:logGet(44)) - raft.server.rpc.sleep.time = 25ms (default)
2021-10-27 07:37:24,335 [pool-74-thread-1] INFO  server.RaftServerConfigKeys (ConfUtils.java:logGet(44)) - raft.server.rpc.slowness.timeout = 300s (custom)
2021-10-27 07:37:24,335 [pool-74-thread-1] INFO  server.RaftServerConfigKeys (ConfUtils.java:logGet(44)) - raft.server.leaderelection.leader.step-down.wait-time = 10s (default)
2021-10-27 07:37:24,335 [pool-74-thread-1] INFO  server.RaftServerConfigKeys (ConfUtils.java:logGet(44)) - raft.server.sleep.deviation.threshold = 300ms (default)
2021-10-27 07:37:24,335 [pool-74-thread-1] INFO  server.RaftServerConfigKeys (ConfUtils.java:logGet(44)) - raft.server.log.appender.install.snapshot.enabled = false (custom)
2021-10-27 07:37:24,335 [pool-74-thread-1] INFO  server.RaftServer$Division (ServerState.java:<init>(105)) - 51d19100-6e30-4d37-982f-c542a20199a8@group-678C39C129E8: ConfigurationManager, init=-1: [51d19100-6e30-4d37-982f-c542a20199a8|rpc:10.1.0.27:34427|priority:1, 08697b45-8c04-4a3a-859b-c816be28ca7a|rpc:10.1.0.27:32979|priority:0, 9ec659bb-6946-4d87-b3c7-8f8c8e1e9f0e|rpc:10.1.0.27:46551|priority:0], old=null, confs=<EMPTY_MAP>
2021-10-27 07:37:24,335 [pool-74-thread-1] INFO  server.RaftServerConfigKeys (ConfUtils.java:logGet(44)) - raft.server.storage.dir = [/home/runner/work/ozone/ozone/hadoop-ozone/integration-test/target/test-dir/MiniOzoneClusterImpl-0a1afbdb-b897-4eb1-874c-1902c7f745ab/datanode-1/data/ratis] (custom)
2021-10-27 07:37:24,335 [pool-74-thread-1] INFO  server.RaftServerConfigKeys (ConfUtils.java:logGet(44)) - raft.server.log.corruption.policy = EXCEPTION (default)
2021-10-27 07:37:24,335 [pool-74-thread-1] INFO  server.RaftServerConfigKeys (ConfUtils.java:logGet(44)) - raft.server.storage.free-space.min = 0MB (=0) (default)
2021-10-27 07:37:24,335 [pool-74-thread-1] INFO  storage.RaftStorageDirectory (RaftStorageDirectoryImpl.java:analyzeStorage(135)) - The storage directory /home/runner/work/ozone/ozone/hadoop-ozone/integration-test/target/test-dir/MiniOzoneClusterImpl-0a1afbdb-b897-4eb1-874c-1902c7f745ab/datanode-1/data/ratis/7cef3a2e-64e9-4ff5-8841-678c39c129e8 does not exist. Creating ...
2021-10-27 07:37:24,340 [pool-74-thread-1] INFO  storage.RaftStorageDirectory (RaftStorageDirectoryImpl.java:tryLock(230)) - Lock on /home/runner/work/ozone/ozone/hadoop-ozone/integration-test/target/test-dir/MiniOzoneClusterImpl-0a1afbdb-b897-4eb1-874c-1902c7f745ab/datanode-1/data/ratis/7cef3a2e-64e9-4ff5-8841-678c39c129e8/in_use.lock acquired by nodename 22077@fv-az270-913
2021-10-27 07:37:24,346 [pool-74-thread-1] INFO  storage.RaftStorage (RaftStorageImpl.java:format(89)) - Storage directory /home/runner/work/ozone/ozone/hadoop-ozone/integration-test/target/test-dir/MiniOzoneClusterImpl-0a1afbdb-b897-4eb1-874c-1902c7f745ab/datanode-1/data/ratis/7cef3a2e-64e9-4ff5-8841-678c39c129e8 has been successfully formatted.
2021-10-27 07:37:24,346 [pool-74-thread-1] INFO  ratis.ContainerStateMachine (ContainerStateMachine.java:loadSnapshot(224)) - group-678C39C129E8: The snapshot info is null. Setting the last applied indexto:(t:0, i:~)
2021-10-27 07:37:24,346 [pool-74-thread-1] INFO  server.RaftServerConfigKeys (ConfUtils.java:logGet(44)) - raft.server.notification.no-leader.timeout = 300s (custom)
2021-10-27 07:37:24,346 [pool-74-thread-1] INFO  server.RaftServerConfigKeys (ConfUtils.java:logGet(44)) - raft.server.log.use.memory = false (default)
2021-10-27 07:37:24,347 [pool-74-thread-1] INFO  server.RaftServerConfigKeys (ConfUtils.java:logGet(44)) - raft.server.log.purge.gap = 1000000 (custom)
2021-10-27 07:37:24,347 [pool-74-thread-1] INFO  server.RaftServerConfigKeys (ConfUtils.java:logGet(44)) - raft.server.log.appender.buffer.byte-limit = 33554432 (custom)
2021-10-27 07:37:24,347 [pool-74-thread-1] INFO  server.RaftServerConfigKeys (ConfUtils.java:logGet(44)) - raft.server.log.segment.size.max = 1048576 (custom)
2021-10-27 07:37:24,348 [pool-74-thread-1] INFO  server.RaftServerConfigKeys (ConfUtils.java:logGet(44)) - raft.server.log.segment.cache.num.max = 2 (custom)
2021-10-27 07:37:24,352 [EventQueue-OpenPipelineForHealthyPipelineSafeModeRule] INFO  safemode.SCMSafeModeManager (HealthyPipelineSafeModeRule.java:process(124)) - SCM in safe mode. Healthy pipelines reported count is 0, required healthy pipeline reported count is 1
2021-10-27 07:37:24,354 [pool-74-thread-1] INFO  server.RaftServerConfigKeys (ConfUtils.java:logGet(44)) - raft.server.log.segment.cache.size.max = 200MB (=209715200) (default)
2021-10-27 07:37:24,354 [pool-74-thread-1] INFO  segmented.SegmentedRaftLogWorker (SegmentedRaftLogWorker.java:<init>(182)) - new 51d19100-6e30-4d37-982f-c542a20199a8@group-678C39C129E8-SegmentedRaftLogWorker for RaftStorageImpl:Storage Directory /home/runner/work/ozone/ozone/hadoop-ozone/integration-test/target/test-dir/MiniOzoneClusterImpl-0a1afbdb-b897-4eb1-874c-1902c7f745ab/datanode-1/data/ratis/7cef3a2e-64e9-4ff5-8841-678c39c129e8
2021-10-27 07:37:24,354 [pool-74-thread-1] INFO  server.RaftServerConfigKeys (ConfUtils.java:logGet(44)) - raft.server.log.queue.byte-limit = 2147483647 (custom)
2021-10-27 07:37:24,355 [pool-74-thread-1] INFO  server.RaftServerConfigKeys (ConfUtils.java:logGet(44)) - raft.server.log.queue.element-limit = 1024 (custom)
2021-10-27 07:37:24,355 [pool-74-thread-1] INFO  server.RaftServerConfigKeys (ConfUtils.java:logGet(44)) - raft.server.log.segment.size.max = 1048576 (custom)
2021-10-27 07:37:24,355 [pool-74-thread-1] INFO  server.RaftServerConfigKeys (ConfUtils.java:logGet(44)) - raft.server.log.preallocated.size = 16384 (custom)
2021-10-27 07:37:24,356 [pool-74-thread-1] INFO  server.RaftServerConfigKeys (ConfUtils.java:logGet(44)) - raft.server.log.force.sync.num = 128 (default)
2021-10-27 07:37:24,356 [pool-74-thread-1] INFO  server.RaftServerConfigKeys (ConfUtils.java:logGet(44)) - raft.server.log.statemachine.data.sync = true (default)
2021-10-27 07:37:24,361 [pool-74-thread-1] INFO  server.RaftServerConfigKeys (ConfUtils.java:logGet(44)) - raft.server.log.statemachine.data.sync.timeout = 10s (default)
2021-10-27 07:37:24,361 [pool-74-thread-1] INFO  server.RaftServerConfigKeys (ConfUtils.java:logGet(44)) - raft.server.log.statemachine.data.sync.timeout.retry = -1 (default)
2021-10-27 07:37:24,365 [pool-74-thread-1] INFO  server.RaftServerConfigKeys (ConfUtils.java:logGet(44)) - raft.server.log.write.buffer.size = 1048576 (custom)
2021-10-27 07:37:24,366 [pool-74-thread-1] INFO  server.RaftServerConfigKeys (ConfUtils.java:logGet(44)) - raft.server.log.statemachine.data.caching.enabled = true (custom)
2021-10-27 07:37:24,366 [pool-74-thread-1] INFO  segmented.SegmentedRaftLogWorker (SegmentedRaftLogWorker.java:lambda$new$0(133)) - 51d19100-6e30-4d37-982f-c542a20199a8@group-678C39C129E8-SegmentedRaftLogWorker: flushIndex: setUnconditionally 0 -> -1
2021-10-27 07:37:24,366 [pool-74-thread-1] INFO  segmented.SegmentedRaftLogWorker (SegmentedRaftLogWorker.java:lambda$new$0(133)) - 51d19100-6e30-4d37-982f-c542a20199a8@group-678C39C129E8-SegmentedRaftLogWorker: safeCacheEvictIndex: setUnconditionally 0 -> -1
2021-10-27 07:37:24,368 [pool-74-thread-1] INFO  server.RaftServerConfigKeys (ConfUtils.java:logGet(44)) - raft.server.snapshot.auto.trigger.enabled = true (custom)
2021-10-27 07:37:24,368 [pool-74-thread-1] INFO  server.RaftServerConfigKeys (ConfUtils.java:logGet(44)) - raft.server.snapshot.auto.trigger.threshold = 10000 (custom)
2021-10-27 07:37:24,368 [pool-74-thread-1] INFO  server.RaftServerConfigKeys (ConfUtils.java:logGet(44)) - raft.server.snapshot.retention.file.num = 5 (custom)
2021-10-27 07:37:24,369 [pool-74-thread-1] INFO  server.RaftServerConfigKeys (ConfUtils.java:logGet(44)) - raft.server.log.purge.upto.snapshot.index = false (default)
2021-10-27 07:37:24,369 [pool-74-thread-1] INFO  server.RaftServerConfigKeys (ConfUtils.java:logGet(44)) - raft.server.retrycache.expirytime = 600000ms (custom)
2021-10-27 07:37:24,369 [pool-74-thread-1] INFO  server.RaftServerConfigKeys (ConfUtils.java:logGet(44)) - raft.server.retrycache.statistics.expirytime = 100μs (default)
2021-10-27 07:37:24,371 [pool-74-thread-1] INFO  server.RaftServer$Division (RaftServerImpl.java:start(301)) - 51d19100-6e30-4d37-982f-c542a20199a8@group-678C39C129E8: start as a follower, conf=-1: [51d19100-6e30-4d37-982f-c542a20199a8|rpc:10.1.0.27:34427|priority:1, 08697b45-8c04-4a3a-859b-c816be28ca7a|rpc:10.1.0.27:32979|priority:0, 9ec659bb-6946-4d87-b3c7-8f8c8e1e9f0e|rpc:10.1.0.27:46551|priority:0], old=null
2021-10-27 07:37:24,371 [pool-74-thread-1] INFO  server.RaftServer$Division (RaftServerImpl.java:setRole(290)) - 51d19100-6e30-4d37-982f-c542a20199a8@group-678C39C129E8: changes role from      null to FOLLOWER at term 0 for startAsFollower
2021-10-27 07:37:24,371 [pool-74-thread-1] INFO  impl.RoleInfo (RoleInfo.java:updateAndGet(130)) - 51d19100-6e30-4d37-982f-c542a20199a8: start 51d19100-6e30-4d37-982f-c542a20199a8@group-678C39C129E8-FollowerState
2021-10-27 07:37:24,388 [pool-74-thread-1] INFO  util.JmxRegister (JmxRegister.java:tryRegister(44)) - Successfully registered JMX Bean with object name Ratis:service=RaftServer,group=group-678C39C129E8,id=51d19100-6e30-4d37-982f-c542a20199a8
2021-10-27 07:37:24,391 [Command processor thread] INFO  ratis.XceiverServerRatis (XceiverServerRatis.java:addGroup(768)) - Created group PipelineID=7cef3a2e-64e9-4ff5-8841-678c39c129e8
2021-10-27 07:37:24,492 [grpc-default-executor-1] INFO  server.RaftServer (RaftServerProxy.java:addNew(95)) - 9ec659bb-6946-4d87-b3c7-8f8c8e1e9f0e: addNew group-678C39C129E8:[51d19100-6e30-4d37-982f-c542a20199a8|rpc:10.1.0.27:34427|dataStream:|priority:1, 08697b45-8c04-4a3a-859b-c816be28ca7a|rpc:10.1.0.27:32979|dataStream:|priority:0, 9ec659bb-6946-4d87-b3c7-8f8c8e1e9f0e|rpc:10.1.0.27:46551|dataStream:|priority:0] returns group-678C39C129E8:java.util.concurrent.CompletableFuture@11b97e58[Not completed]
2021-10-27 07:37:24,499 [pool-93-thread-1] INFO  server.RaftServer$Division (RaftServerImpl.java:<init>(184)) - 9ec659bb-6946-4d87-b3c7-8f8c8e1e9f0e: new RaftServerImpl for group-678C39C129E8:[51d19100-6e30-4d37-982f-c542a20199a8|rpc:10.1.0.27:34427|dataStream:|priority:1, 08697b45-8c04-4a3a-859b-c816be28ca7a|rpc:10.1.0.27:32979|dataStream:|priority:0, 9ec659bb-6946-4d87-b3c7-8f8c8e1e9f0e|rpc:10.1.0.27:46551|dataStream:|priority:0] with ContainerStateMachine:uninitialized
2021-10-27 07:37:24,503 [pool-93-thread-1] INFO  server.RaftServerConfigKeys (ConfUtils.java:logGet(44)) - raft.server.rpc.timeout.min = 5s (custom)
2021-10-27 07:37:24,503 [pool-93-thread-1] INFO  server.RaftServerConfigKeys (ConfUtils.java:logGet(44)) - raft.server.rpc.timeout.max = 5200ms (custom)
2021-10-27 07:37:24,503 [pool-93-thread-1] INFO  server.RaftServerConfigKeys (ConfUtils.java:logGet(44)) - raft.server.rpc.sleep.time = 25ms (default)
2021-10-27 07:37:24,503 [pool-93-thread-1] INFO  server.RaftServerConfigKeys (ConfUtils.java:logGet(44)) - raft.server.rpc.slowness.timeout = 300s (custom)
2021-10-27 07:37:24,504 [pool-93-thread-1] INFO  server.RaftServerConfigKeys (ConfUtils.java:logGet(44)) - raft.server.leaderelection.leader.step-down.wait-time = 10s (default)
2021-10-27 07:37:24,504 [pool-93-thread-1] INFO  server.RaftServerConfigKeys (ConfUtils.java:logGet(44)) - raft.server.sleep.deviation.threshold = 300ms (default)
2021-10-27 07:37:24,504 [pool-93-thread-1] INFO  server.RaftServerConfigKeys (ConfUtils.java:logGet(44)) - raft.server.log.appender.install.snapshot.enabled = false (custom)
2021-10-27 07:37:24,504 [pool-93-thread-1] INFO  server.RaftServer$Division (ServerState.java:<init>(105)) - 9ec659bb-6946-4d87-b3c7-8f8c8e1e9f0e@group-678C39C129E8: ConfigurationManager, init=-1: [51d19100-6e30-4d37-982f-c542a20199a8|rpc:10.1.0.27:34427|dataStream:|priority:1, 08697b45-8c04-4a3a-859b-c816be28ca7a|rpc:10.1.0.27:32979|dataStream:|priority:0, 9ec659bb-6946-4d87-b3c7-8f8c8e1e9f0e|rpc:10.1.0.27:46551|dataStream:|priority:0], old=null, confs=<EMPTY_MAP>
2021-10-27 07:37:24,504 [pool-93-thread-1] INFO  server.RaftServerConfigKeys (ConfUtils.java:logGet(44)) - raft.server.storage.dir = [/home/runner/work/ozone/ozone/hadoop-ozone/integration-test/target/test-dir/MiniOzoneClusterImpl-0a1afbdb-b897-4eb1-874c-1902c7f745ab/datanode-2/data/ratis] (custom)
2021-10-27 07:37:24,504 [pool-93-thread-1] INFO  server.RaftServerConfigKeys (ConfUtils.java:logGet(44)) - raft.server.log.corruption.policy = EXCEPTION (default)
2021-10-27 07:37:24,504 [pool-93-thread-1] INFO  server.RaftServerConfigKeys (ConfUtils.java:logGet(44)) - raft.server.storage.free-space.min = 0MB (=0) (default)
2021-10-27 07:37:24,505 [pool-93-thread-1] INFO  storage.RaftStorageDirectory (RaftStorageDirectoryImpl.java:analyzeStorage(135)) - The storage directory /home/runner/work/ozone/ozone/hadoop-ozone/integration-test/target/test-dir/MiniOzoneClusterImpl-0a1afbdb-b897-4eb1-874c-1902c7f745ab/datanode-2/data/ratis/7cef3a2e-64e9-4ff5-8841-678c39c129e8 does not exist. Creating ...
2021-10-27 07:37:24,506 [pool-93-thread-1] INFO  storage.RaftStorageDirectory (RaftStorageDirectoryImpl.java:tryLock(230)) - Lock on /home/runner/work/ozone/ozone/hadoop-ozone/integration-test/target/test-dir/MiniOzoneClusterImpl-0a1afbdb-b897-4eb1-874c-1902c7f745ab/datanode-2/data/ratis/7cef3a2e-64e9-4ff5-8841-678c39c129e8/in_use.lock acquired by nodename 22077@fv-az270-913
2021-10-27 07:37:24,513 [pool-93-thread-1] INFO  storage.RaftStorage (RaftStorageImpl.java:format(89)) - Storage directory /home/runner/work/ozone/ozone/hadoop-ozone/integration-test/target/test-dir/MiniOzoneClusterImpl-0a1afbdb-b897-4eb1-874c-1902c7f745ab/datanode-2/data/ratis/7cef3a2e-64e9-4ff5-8841-678c39c129e8 has been successfully formatted.
2021-10-27 07:37:24,515 [pool-93-thread-1] INFO  ratis.ContainerStateMachine (ContainerStateMachine.java:loadSnapshot(224)) - group-678C39C129E8: The snapshot info is null. Setting the last applied indexto:(t:0, i:~)
2021-10-27 07:37:24,516 [pool-93-thread-1] INFO  server.RaftServerConfigKeys (ConfUtils.java:logGet(44)) - raft.server.notification.no-leader.timeout = 300s (custom)
2021-10-27 07:37:24,516 [pool-93-thread-1] INFO  server.RaftServerConfigKeys (ConfUtils.java:logGet(44)) - raft.server.log.use.memory = false (default)
2021-10-27 07:37:24,516 [pool-93-thread-1] INFO  server.RaftServerConfigKeys (ConfUtils.java:logGet(44)) - raft.server.log.purge.gap = 1000000 (custom)
2021-10-27 07:37:24,516 [pool-93-thread-1] INFO  server.RaftServerConfigKeys (ConfUtils.java:logGet(44)) - raft.server.log.appender.buffer.byte-limit = 33554432 (custom)
2021-10-27 07:37:24,517 [pool-93-thread-1] INFO  server.RaftServerConfigKeys (ConfUtils.java:logGet(44)) - raft.server.log.segment.size.max = 1048576 (custom)
2021-10-27 07:37:24,517 [pool-93-thread-1] INFO  server.RaftServerConfigKeys (ConfUtils.java:logGet(44)) - raft.server.log.segment.cache.num.max = 2 (custom)
2021-10-27 07:37:24,518 [pool-93-thread-1] INFO  server.RaftServerConfigKeys (ConfUtils.java:logGet(44)) - raft.server.log.segment.cache.size.max = 200MB (=209715200) (default)
2021-10-27 07:37:24,518 [pool-93-thread-1] INFO  segmented.SegmentedRaftLogWorker (SegmentedRaftLogWorker.java:<init>(182)) - new 9ec659bb-6946-4d87-b3c7-8f8c8e1e9f0e@group-678C39C129E8-SegmentedRaftLogWorker for RaftStorageImpl:Storage Directory /home/runner/work/ozone/ozone/hadoop-ozone/integration-test/target/test-dir/MiniOzoneClusterImpl-0a1afbdb-b897-4eb1-874c-1902c7f745ab/datanode-2/data/ratis/7cef3a2e-64e9-4ff5-8841-678c39c129e8
2021-10-27 07:37:24,518 [pool-93-thread-1] INFO  server.RaftServerConfigKeys (ConfUtils.java:logGet(44)) - raft.server.log.queue.byte-limit = 2147483647 (custom)
2021-10-27 07:37:24,518 [pool-93-thread-1] INFO  server.RaftServerConfigKeys (ConfUtils.java:logGet(44)) - raft.server.log.queue.element-limit = 1024 (custom)
2021-10-27 07:37:24,518 [pool-93-thread-1] INFO  server.RaftServerConfigKeys (ConfUtils.java:logGet(44)) - raft.server.log.segment.size.max = 1048576 (custom)
2021-10-27 07:37:24,518 [pool-93-thread-1] INFO  server.RaftServerConfigKeys (ConfUtils.java:logGet(44)) - raft.server.log.preallocated.size = 16384 (custom)
2021-10-27 07:37:24,518 [pool-93-thread-1] INFO  server.RaftServerConfigKeys (ConfUtils.java:logGet(44)) - raft.server.log.force.sync.num = 128 (default)
2021-10-27 07:37:24,518 [pool-93-thread-1] INFO  server.RaftServerConfigKeys (ConfUtils.java:logGet(44)) - raft.server.log.statemachine.data.sync = true (default)
2021-10-27 07:37:24,518 [pool-93-thread-1] INFO  server.RaftServerConfigKeys (ConfUtils.java:logGet(44)) - raft.server.log.statemachine.data.sync.timeout = 10s (default)
2021-10-27 07:37:24,518 [pool-93-thread-1] INFO  server.RaftServerConfigKeys (ConfUtils.java:logGet(44)) - raft.server.log.statemachine.data.sync.timeout.retry = -1 (default)
2021-10-27 07:37:24,522 [pool-93-thread-1] INFO  server.RaftServerConfigKeys (ConfUtils.java:logGet(44)) - raft.server.log.write.buffer.size = 1048576 (custom)
2021-10-27 07:37:24,522 [pool-93-thread-1] INFO  server.RaftServerConfigKeys (ConfUtils.java:logGet(44)) - raft.server.log.statemachine.data.caching.enabled = true (custom)
2021-10-27 07:37:24,523 [pool-93-thread-1] INFO  segmented.SegmentedRaftLogWorker (SegmentedRaftLogWorker.java:lambda$new$0(133)) - 9ec659bb-6946-4d87-b3c7-8f8c8e1e9f0e@group-678C39C129E8-SegmentedRaftLogWorker: flushIndex: setUnconditionally 0 -> -1
2021-10-27 07:37:24,523 [pool-93-thread-1] INFO  segmented.SegmentedRaftLogWorker (SegmentedRaftLogWorker.java:lambda$new$0(133)) - 9ec659bb-6946-4d87-b3c7-8f8c8e1e9f0e@group-678C39C129E8-SegmentedRaftLogWorker: safeCacheEvictIndex: setUnconditionally 0 -> -1
2021-10-27 07:37:24,527 [pool-93-thread-1] INFO  server.RaftServerConfigKeys (ConfUtils.java:logGet(44)) - raft.server.snapshot.auto.trigger.enabled = true (custom)
2021-10-27 07:37:24,527 [pool-93-thread-1] INFO  server.RaftServerConfigKeys (ConfUtils.java:logGet(44)) - raft.server.snapshot.auto.trigger.threshold = 10000 (custom)
2021-10-27 07:37:24,527 [pool-93-thread-1] INFO  server.RaftServerConfigKeys (ConfUtils.java:logGet(44)) - raft.server.snapshot.retention.file.num = 5 (custom)
2021-10-27 07:37:24,527 [pool-93-thread-1] INFO  server.RaftServerConfigKeys (ConfUtils.java:logGet(44)) - raft.server.log.purge.upto.snapshot.index = false (default)
2021-10-27 07:37:24,527 [pool-93-thread-1] INFO  server.RaftServerConfigKeys (ConfUtils.java:logGet(44)) - raft.server.retrycache.expirytime = 600000ms (custom)
2021-10-27 07:37:24,527 [pool-93-thread-1] INFO  server.RaftServerConfigKeys (ConfUtils.java:logGet(44)) - raft.server.retrycache.statistics.expirytime = 100μs (default)
2021-10-27 07:37:24,530 [pool-93-thread-1] INFO  server.RaftServer$Division (RaftServerImpl.java:start(301)) - 9ec659bb-6946-4d87-b3c7-8f8c8e1e9f0e@group-678C39C129E8: start as a follower, conf=-1: [51d19100-6e30-4d37-982f-c542a20199a8|rpc:10.1.0.27:34427|dataStream:|priority:1, 08697b45-8c04-4a3a-859b-c816be28ca7a|rpc:10.1.0.27:32979|dataStream:|priority:0, 9ec659bb-6946-4d87-b3c7-8f8c8e1e9f0e|rpc:10.1.0.27:46551|dataStream:|priority:0], old=null
2021-10-27 07:37:24,530 [pool-93-thread-1] INFO  server.RaftServer$Division (RaftServerImpl.java:setRole(290)) - 9ec659bb-6946-4d87-b3c7-8f8c8e1e9f0e@group-678C39C129E8: changes role from      null to FOLLOWER at term 0 for startAsFollower
2021-10-27 07:37:24,531 [pool-93-thread-1] INFO  impl.RoleInfo (RoleInfo.java:updateAndGet(130)) - 9ec659bb-6946-4d87-b3c7-8f8c8e1e9f0e: start 9ec659bb-6946-4d87-b3c7-8f8c8e1e9f0e@group-678C39C129E8-FollowerState
2021-10-27 07:37:24,538 [pool-93-thread-1] INFO  util.JmxRegister (JmxRegister.java:tryRegister(44)) - Successfully registered JMX Bean with object name Ratis:service=RaftServer,group=group-678C39C129E8,id=9ec659bb-6946-4d87-b3c7-8f8c8e1e9f0e
2021-10-27 07:37:24,548 [Command processor thread] INFO  server.RaftServer (RaftServerProxy.java:addNew(95)) - 9ec659bb-6946-4d87-b3c7-8f8c8e1e9f0e: addNew group-B48FAFCFE98E:[9ec659bb-6946-4d87-b3c7-8f8c8e1e9f0e|rpc:10.1.0.27:46551|priority:1] returns group-B48FAFCFE98E:java.util.concurrent.CompletableFuture@440e4eca[Not completed]
2021-10-27 07:37:24,549 [pool-93-thread-1] INFO  server.RaftServer$Division (RaftServerImpl.java:<init>(184)) - 9ec659bb-6946-4d87-b3c7-8f8c8e1e9f0e: new RaftServerImpl for group-B48FAFCFE98E:[9ec659bb-6946-4d87-b3c7-8f8c8e1e9f0e|rpc:10.1.0.27:46551|priority:1] with ContainerStateMachine:uninitialized
2021-10-27 07:37:24,549 [pool-93-thread-1] INFO  server.RaftServerConfigKeys (ConfUtils.java:logGet(44)) - raft.server.rpc.timeout.min = 5s (custom)
2021-10-27 07:37:24,549 [pool-93-thread-1] INFO  server.RaftServerConfigKeys (ConfUtils.java:logGet(44)) - raft.server.rpc.timeout.max = 5200ms (custom)
2021-10-27 07:37:24,549 [pool-93-thread-1] INFO  server.RaftServerConfigKeys (ConfUtils.java:logGet(44)) - raft.server.rpc.sleep.time = 25ms (default)
2021-10-27 07:37:24,549 [pool-93-thread-1] INFO  server.RaftServerConfigKeys (ConfUtils.java:logGet(44)) - raft.server.rpc.slowness.timeout = 300s (custom)
2021-10-27 07:37:24,549 [pool-93-thread-1] INFO  server.RaftServerConfigKeys (ConfUtils.java:logGet(44)) - raft.server.leaderelection.leader.step-down.wait-time = 10s (default)
2021-10-27 07:37:24,549 [pool-93-thread-1] INFO  server.RaftServerConfigKeys (ConfUtils.java:logGet(44)) - raft.server.sleep.deviation.threshold = 300ms (default)
2021-10-27 07:37:24,550 [pool-93-thread-1] INFO  server.RaftServerConfigKeys (ConfUtils.java:logGet(44)) - raft.server.log.appender.install.snapshot.enabled = false (custom)
2021-10-27 07:37:24,550 [pool-93-thread-1] INFO  server.RaftServer$Division (ServerState.java:<init>(105)) - 9ec659bb-6946-4d87-b3c7-8f8c8e1e9f0e@group-B48FAFCFE98E: ConfigurationManager, init=-1: [9ec659bb-6946-4d87-b3c7-8f8c8e1e9f0e|rpc:10.1.0.27:46551|priority:1], old=null, confs=<EMPTY_MAP>
2021-10-27 07:37:24,550 [pool-93-thread-1] INFO  server.RaftServerConfigKeys (ConfUtils.java:logGet(44)) - raft.server.storage.dir = [/home/runner/work/ozone/ozone/hadoop-ozone/integration-test/target/test-dir/MiniOzoneClusterImpl-0a1afbdb-b897-4eb1-874c-1902c7f745ab/datanode-2/data/ratis] (custom)
2021-10-27 07:37:24,550 [pool-93-thread-1] INFO  server.RaftServerConfigKeys (ConfUtils.java:logGet(44)) - raft.server.log.corruption.policy = EXCEPTION (default)
2021-10-27 07:37:24,550 [pool-93-thread-1] INFO  server.RaftServerConfigKeys (ConfUtils.java:logGet(44)) - raft.server.storage.free-space.min = 0MB (=0) (default)
2021-10-27 07:37:24,550 [pool-93-thread-1] INFO  storage.RaftStorageDirectory (RaftStorageDirectoryImpl.java:analyzeStorage(135)) - The storage directory /home/runner/work/ozone/ozone/hadoop-ozone/integration-test/target/test-dir/MiniOzoneClusterImpl-0a1afbdb-b897-4eb1-874c-1902c7f745ab/datanode-2/data/ratis/87db8f4c-dd0b-46a7-af61-b48fafcfe98e does not exist. Creating ...
2021-10-27 07:37:24,552 [pool-93-thread-1] INFO  storage.RaftStorageDirectory (RaftStorageDirectoryImpl.java:tryLock(230)) - Lock on /home/runner/work/ozone/ozone/hadoop-ozone/integration-test/target/test-dir/MiniOzoneClusterImpl-0a1afbdb-b897-4eb1-874c-1902c7f745ab/datanode-2/data/ratis/87db8f4c-dd0b-46a7-af61-b48fafcfe98e/in_use.lock acquired by nodename 22077@fv-az270-913
2021-10-27 07:37:24,554 [pool-93-thread-1] INFO  storage.RaftStorage (RaftStorageImpl.java:format(89)) - Storage directory /home/runner/work/ozone/ozone/hadoop-ozone/integration-test/target/test-dir/MiniOzoneClusterImpl-0a1afbdb-b897-4eb1-874c-1902c7f745ab/datanode-2/data/ratis/87db8f4c-dd0b-46a7-af61-b48fafcfe98e has been successfully formatted.
2021-10-27 07:37:24,554 [pool-93-thread-1] INFO  ratis.ContainerStateMachine (ContainerStateMachine.java:loadSnapshot(224)) - group-B48FAFCFE98E: The snapshot info is null. Setting the last applied indexto:(t:0, i:~)
2021-10-27 07:37:24,554 [pool-93-thread-1] INFO  server.RaftServerConfigKeys (ConfUtils.java:logGet(44)) - raft.server.notification.no-leader.timeout = 300s (custom)
2021-10-27 07:37:24,555 [pool-93-thread-1] INFO  server.RaftServerConfigKeys (ConfUtils.java:logGet(44)) - raft.server.log.use.memory = false (default)
2021-10-27 07:37:24,555 [pool-93-thread-1] INFO  server.RaftServerConfigKeys (ConfUtils.java:logGet(44)) - raft.server.log.purge.gap = 1000000 (custom)
2021-10-27 07:37:24,561 [pool-93-thread-1] INFO  server.RaftServerConfigKeys (ConfUtils.java:logGet(44)) - raft.server.log.appender.buffer.byte-limit = 33554432 (custom)
2021-10-27 07:37:24,561 [pool-93-thread-1] INFO  server.RaftServerConfigKeys (ConfUtils.java:logGet(44)) - raft.server.log.segment.size.max = 1048576 (custom)
2021-10-27 07:37:24,561 [EventQueue-PipelineReportForPipelineReportHandler] INFO  pipeline.PipelineManagerImpl (PipelineManagerImpl.java:openPipeline(289)) - Pipeline Pipeline[ Id: 87db8f4c-dd0b-46a7-af61-b48fafcfe98e, Nodes: 9ec659bb-6946-4d87-b3c7-8f8c8e1e9f0e{ip: 10.1.0.27, host: fv-az270-913.tacnzluakwdehk1hpragurqkma.bx.internal.cloudapp.net, ports: [REPLICATION=39701, RATIS=46551, RATIS_ADMIN=46551, RATIS_SERVER=46551, STANDALONE=36997], networkLocation: /default-rack, certSerialId: null, persistedOpState: IN_SERVICE, persistedOpStateExpiryEpochSec: 0}, ReplicationConfig: RATIS/ONE, State:ALLOCATED, leaderId:9ec659bb-6946-4d87-b3c7-8f8c8e1e9f0e, CreationTimestamp2021-10-27T07:37:21.553Z[Etc/UTC]] moved to OPEN state
2021-10-27 07:37:24,562 [pool-93-thread-1] INFO  server.RaftServerConfigKeys (ConfUtils.java:logGet(44)) - raft.server.log.segment.cache.num.max = 2 (custom)
2021-10-27 07:37:24,562 [pool-93-thread-1] INFO  server.RaftServerConfigKeys (ConfUtils.java:logGet(44)) - raft.server.log.segment.cache.size.max = 200MB (=209715200) (default)
2021-10-27 07:37:24,562 [pool-93-thread-1] INFO  segmented.SegmentedRaftLogWorker (SegmentedRaftLogWorker.java:<init>(182)) - new 9ec659bb-6946-4d87-b3c7-8f8c8e1e9f0e@group-B48FAFCFE98E-SegmentedRaftLogWorker for RaftStorageImpl:Storage Directory /home/runner/work/ozone/ozone/hadoop-ozone/integration-test/target/test-dir/MiniOzoneClusterImpl-0a1afbdb-b897-4eb1-874c-1902c7f745ab/datanode-2/data/ratis/87db8f4c-dd0b-46a7-af61-b48fafcfe98e
2021-10-27 07:37:24,562 [pool-93-thread-1] INFO  server.RaftServerConfigKeys (ConfUtils.java:logGet(44)) - raft.server.log.queue.byte-limit = 2147483647 (custom)
2021-10-27 07:37:24,562 [pool-93-thread-1] INFO  server.RaftServerConfigKeys (ConfUtils.java:logGet(44)) - raft.server.log.queue.element-limit = 1024 (custom)
2021-10-27 07:37:24,562 [EventQueue-OpenPipelineForHealthyPipelineSafeModeRule] INFO  safemode.SCMSafeModeManager (HealthyPipelineSafeModeRule.java:process(124)) - SCM in safe mode. Healthy pipelines reported count is 0, required healthy pipeline reported count is 1
2021-10-27 07:37:24,562 [pool-93-thread-1] INFO  server.RaftServerConfigKeys (ConfUtils.java:logGet(44)) - raft.server.log.segment.size.max = 1048576 (custom)
2021-10-27 07:37:24,565 [pool-93-thread-1] INFO  server.RaftServerConfigKeys (ConfUtils.java:logGet(44)) - raft.server.log.preallocated.size = 16384 (custom)
2021-10-27 07:37:24,565 [pool-93-thread-1] INFO  server.RaftServerConfigKeys (ConfUtils.java:logGet(44)) - raft.server.log.force.sync.num = 128 (default)
2021-10-27 07:37:24,565 [pool-93-thread-1] INFO  server.RaftServerConfigKeys (ConfUtils.java:logGet(44)) - raft.server.log.statemachine.data.sync = true (default)
2021-10-27 07:37:24,565 [pool-93-thread-1] INFO  server.RaftServerConfigKeys (ConfUtils.java:logGet(44)) - raft.server.log.statemachine.data.sync.timeout = 10s (default)
2021-10-27 07:37:24,565 [pool-93-thread-1] INFO  server.RaftServerConfigKeys (ConfUtils.java:logGet(44)) - raft.server.log.statemachine.data.sync.timeout.retry = -1 (default)
2021-10-27 07:37:24,566 [pool-93-thread-1] INFO  server.RaftServerConfigKeys (ConfUtils.java:logGet(44)) - raft.server.log.write.buffer.size = 1048576 (custom)
2021-10-27 07:37:24,567 [pool-93-thread-1] INFO  server.RaftServerConfigKeys (ConfUtils.java:logGet(44)) - raft.server.log.statemachine.data.caching.enabled = true (custom)
2021-10-27 07:37:24,568 [pool-93-thread-1] INFO  segmented.SegmentedRaftLogWorker (SegmentedRaftLogWorker.java:lambda$new$0(133)) - 9ec659bb-6946-4d87-b3c7-8f8c8e1e9f0e@group-B48FAFCFE98E-SegmentedRaftLogWorker: flushIndex: setUnconditionally 0 -> -1
2021-10-27 07:37:24,568 [pool-93-thread-1] INFO  segmented.SegmentedRaftLogWorker (SegmentedRaftLogWorker.java:lambda$new$0(133)) - 9ec659bb-6946-4d87-b3c7-8f8c8e1e9f0e@group-B48FAFCFE98E-SegmentedRaftLogWorker: safeCacheEvictIndex: setUnconditionally 0 -> -1
2021-10-27 07:37:24,568 [pool-93-thread-1] INFO  server.RaftServerConfigKeys (ConfUtils.java:logGet(44)) - raft.server.snapshot.auto.trigger.enabled = true (custom)
2021-10-27 07:37:24,568 [pool-93-thread-1] INFO  server.RaftServerConfigKeys (ConfUtils.java:logGet(44)) - raft.server.snapshot.auto.trigger.threshold = 10000 (custom)
2021-10-27 07:37:24,568 [pool-93-thread-1] INFO  server.RaftServerConfigKeys (ConfUtils.java:logGet(44)) - raft.server.snapshot.retention.file.num = 5 (custom)
2021-10-27 07:37:24,568 [pool-93-thread-1] INFO  server.RaftServerConfigKeys (ConfUtils.java:logGet(44)) - raft.server.log.purge.upto.snapshot.index = false (default)
2021-10-27 07:37:24,568 [pool-93-thread-1] INFO  server.RaftServerConfigKeys (ConfUtils.java:logGet(44)) - raft.server.retrycache.expirytime = 600000ms (custom)
2021-10-27 07:37:24,569 [pool-93-thread-1] INFO  server.RaftServerConfigKeys (ConfUtils.java:logGet(44)) - raft.server.retrycache.statistics.expirytime = 100μs (default)
2021-10-27 07:37:24,570 [pool-93-thread-1] INFO  server.RaftServer$Division (RaftServerImpl.java:start(301)) - 9ec659bb-6946-4d87-b3c7-8f8c8e1e9f0e@group-B48FAFCFE98E: start as a follower, conf=-1: [9ec659bb-6946-4d87-b3c7-8f8c8e1e9f0e|rpc:10.1.0.27:46551|priority:1], old=null
2021-10-27 07:37:24,570 [pool-93-thread-1] INFO  server.RaftServer$Division (RaftServerImpl.java:setRole(290)) - 9ec659bb-6946-4d87-b3c7-8f8c8e1e9f0e@group-B48FAFCFE98E: changes role from      null to FOLLOWER at term 0 for startAsFollower
2021-10-27 07:37:24,570 [pool-93-thread-1] INFO  impl.RoleInfo (RoleInfo.java:updateAndGet(130)) - 9ec659bb-6946-4d87-b3c7-8f8c8e1e9f0e: start 9ec659bb-6946-4d87-b3c7-8f8c8e1e9f0e@group-B48FAFCFE98E-FollowerState
2021-10-27 07:37:24,571 [pool-93-thread-1] INFO  util.JmxRegister (JmxRegister.java:tryRegister(44)) - Successfully registered JMX Bean with object name Ratis:service=RaftServer,group=group-B48FAFCFE98E,id=9ec659bb-6946-4d87-b3c7-8f8c8e1e9f0e
2021-10-27 07:37:24,572 [Command processor thread] INFO  ratis.XceiverServerRatis (XceiverServerRatis.java:addGroup(768)) - Created group PipelineID=87db8f4c-dd0b-46a7-af61-b48fafcfe98e
2021-10-27 07:37:24,572 [Command processor thread] INFO  commandhandler.CreatePipelineCommandHandler (CreatePipelineCommandHandler.java:handle(106)) - Created Pipeline RATIS ONE PipelineID=87db8f4c-dd0b-46a7-af61-b48fafcfe98e.
2021-10-27 07:37:24,686 [Command processor thread] INFO  commandhandler.CreatePipelineCommandHandler (CreatePipelineCommandHandler.java:handle(106)) - Created Pipeline RATIS THREE PipelineID=7cef3a2e-64e9-4ff5-8841-678c39c129e8.
2021-10-27 07:37:24,704 [Command processor thread] INFO  commandhandler.CreatePipelineCommandHandler (CreatePipelineCommandHandler.java:handle(106)) - Created Pipeline RATIS THREE PipelineID=7cef3a2e-64e9-4ff5-8841-678c39c129e8.
2021-10-27 07:37:24,739 [EventQueue-OpenPipelineForHealthyPipelineSafeModeRule] INFO  safemode.SCMSafeModeManager (HealthyPipelineSafeModeRule.java:process(124)) - SCM in safe mode. Healthy pipelines reported count is 0, required healthy pipeline reported count is 1
2021-10-27 07:37:24,782 [Command processor thread] INFO  server.RaftServer (RaftServerProxy.java:addNew(95)) - 8a5d7503-46af-43fb-b7e0-e0dcb22c5f77: addNew group-7FA60FF8B7E1:[8a5d7503-46af-43fb-b7e0-e0dcb22c5f77|rpc:10.1.0.27:45441|priority:1] returns group-7FA60FF8B7E1:java.util.concurrent.CompletableFuture@51b14b22[Not completed]
2021-10-27 07:37:24,785 [pool-112-thread-1] INFO  server.RaftServer$Division (RaftServerImpl.java:<init>(184)) - 8a5d7503-46af-43fb-b7e0-e0dcb22c5f77: new RaftServerImpl for group-7FA60FF8B7E1:[8a5d7503-46af-43fb-b7e0-e0dcb22c5f77|rpc:10.1.0.27:45441|priority:1] with ContainerStateMachine:uninitialized
2021-10-27 07:37:24,787 [pool-112-thread-1] INFO  server.RaftServerConfigKeys (ConfUtils.java:logGet(44)) - raft.server.rpc.timeout.min = 5s (custom)
2021-10-27 07:37:24,787 [pool-112-thread-1] INFO  server.RaftServerConfigKeys (ConfUtils.java:logGet(44)) - raft.server.rpc.timeout.max = 5200ms (custom)
2021-10-27 07:37:24,787 [pool-112-thread-1] INFO  server.RaftServerConfigKeys (ConfUtils.java:logGet(44)) - raft.server.rpc.sleep.time = 25ms (default)
2021-10-27 07:37:24,787 [pool-112-thread-1] INFO  server.RaftServerConfigKeys (ConfUtils.java:logGet(44)) - raft.server.rpc.slowness.timeout = 300s (custom)
2021-10-27 07:37:24,787 [pool-112-thread-1] INFO  server.RaftServerConfigKeys (ConfUtils.java:logGet(44)) - raft.server.leaderelection.leader.step-down.wait-time = 10s (default)
2021-10-27 07:37:24,787 [pool-112-thread-1] INFO  server.RaftServerConfigKeys (ConfUtils.java:logGet(44)) - raft.server.sleep.deviation.threshold = 300ms (default)
2021-10-27 07:37:24,788 [pool-112-thread-1] INFO  server.RaftServerConfigKeys (ConfUtils.java:logGet(44)) - raft.server.log.appender.install.snapshot.enabled = false (custom)
2021-10-27 07:37:24,788 [pool-112-thread-1] INFO  server.RaftServer$Division (ServerState.java:<init>(105)) - 8a5d7503-46af-43fb-b7e0-e0dcb22c5f77@group-7FA60FF8B7E1: ConfigurationManager, init=-1: [8a5d7503-46af-43fb-b7e0-e0dcb22c5f77|rpc:10.1.0.27:45441|priority:1], old=null, confs=<EMPTY_MAP>
2021-10-27 07:37:24,788 [pool-112-thread-1] INFO  server.RaftServerConfigKeys (ConfUtils.java:logGet(44)) - raft.server.storage.dir = [/home/runner/work/ozone/ozone/hadoop-ozone/integration-test/target/test-dir/MiniOzoneClusterImpl-0a1afbdb-b897-4eb1-874c-1902c7f745ab/datanode-3/data/ratis] (custom)
2021-10-27 07:37:24,788 [pool-112-thread-1] INFO  server.RaftServerConfigKeys (ConfUtils.java:logGet(44)) - raft.server.log.corruption.policy = EXCEPTION (default)
2021-10-27 07:37:24,789 [pool-112-thread-1] INFO  server.RaftServerConfigKeys (ConfUtils.java:logGet(44)) - raft.server.storage.free-space.min = 0MB (=0) (default)
2021-10-27 07:37:24,789 [pool-112-thread-1] INFO  storage.RaftStorageDirectory (RaftStorageDirectoryImpl.java:analyzeStorage(135)) - The storage directory /home/runner/work/ozone/ozone/hadoop-ozone/integration-test/target/test-dir/MiniOzoneClusterImpl-0a1afbdb-b897-4eb1-874c-1902c7f745ab/datanode-3/data/ratis/153bc4eb-4418-4ece-b12f-7fa60ff8b7e1 does not exist. Creating ...
2021-10-27 07:37:24,790 [pool-112-thread-1] INFO  storage.RaftStorageDirectory (RaftStorageDirectoryImpl.java:tryLock(230)) - Lock on /home/runner/work/ozone/ozone/hadoop-ozone/integration-test/target/test-dir/MiniOzoneClusterImpl-0a1afbdb-b897-4eb1-874c-1902c7f745ab/datanode-3/data/ratis/153bc4eb-4418-4ece-b12f-7fa60ff8b7e1/in_use.lock acquired by nodename 22077@fv-az270-913
2021-10-27 07:37:24,792 [pool-112-thread-1] INFO  storage.RaftStorage (RaftStorageImpl.java:format(89)) - Storage directory /home/runner/work/ozone/ozone/hadoop-ozone/integration-test/target/test-dir/MiniOzoneClusterImpl-0a1afbdb-b897-4eb1-874c-1902c7f745ab/datanode-3/data/ratis/153bc4eb-4418-4ece-b12f-7fa60ff8b7e1 has been successfully formatted.
2021-10-27 07:37:24,793 [pool-112-thread-1] INFO  ratis.ContainerStateMachine (ContainerStateMachine.java:loadSnapshot(224)) - group-7FA60FF8B7E1: The snapshot info is null. Setting the last applied indexto:(t:0, i:~)
2021-10-27 07:37:24,794 [pool-112-thread-1] INFO  server.RaftServerConfigKeys (ConfUtils.java:logGet(44)) - raft.server.notification.no-leader.timeout = 300s (custom)
2021-10-27 07:37:24,794 [pool-112-thread-1] INFO  server.RaftServerConfigKeys (ConfUtils.java:logGet(44)) - raft.server.log.use.memory = false (default)
2021-10-27 07:37:24,794 [pool-112-thread-1] INFO  server.RaftServerConfigKeys (ConfUtils.java:logGet(44)) - raft.server.log.purge.gap = 1000000 (custom)
2021-10-27 07:37:24,794 [pool-112-thread-1] INFO  server.RaftServerConfigKeys (ConfUtils.java:logGet(44)) - raft.server.log.appender.buffer.byte-limit = 33554432 (custom)
2021-10-27 07:37:24,795 [pool-112-thread-1] INFO  server.RaftServerConfigKeys (ConfUtils.java:logGet(44)) - raft.server.log.segment.size.max = 1048576 (custom)
2021-10-27 07:37:24,796 [pool-112-thread-1] INFO  server.RaftServerConfigKeys (ConfUtils.java:logGet(44)) - raft.server.log.segment.cache.num.max = 2 (custom)
2021-10-27 07:37:24,796 [pool-112-thread-1] INFO  server.RaftServerConfigKeys (ConfUtils.java:logGet(44)) - raft.server.log.segment.cache.size.max = 200MB (=209715200) (default)
2021-10-27 07:37:24,796 [pool-112-thread-1] INFO  segmented.SegmentedRaftLogWorker (SegmentedRaftLogWorker.java:<init>(182)) - new 8a5d7503-46af-43fb-b7e0-e0dcb22c5f77@group-7FA60FF8B7E1-SegmentedRaftLogWorker for RaftStorageImpl:Storage Directory /home/runner/work/ozone/ozone/hadoop-ozone/integration-test/target/test-dir/MiniOzoneClusterImpl-0a1afbdb-b897-4eb1-874c-1902c7f745ab/datanode-3/data/ratis/153bc4eb-4418-4ece-b12f-7fa60ff8b7e1
2021-10-27 07:37:24,796 [pool-112-thread-1] INFO  server.RaftServerConfigKeys (ConfUtils.java:logGet(44)) - raft.server.log.queue.byte-limit = 2147483647 (custom)
2021-10-27 07:37:24,796 [pool-112-thread-1] INFO  server.RaftServerConfigKeys (ConfUtils.java:logGet(44)) - raft.server.log.queue.element-limit = 1024 (custom)
2021-10-27 07:37:24,796 [pool-112-thread-1] INFO  server.RaftServerConfigKeys (ConfUtils.java:logGet(44)) - raft.server.log.segment.size.max = 1048576 (custom)
2021-10-27 07:37:24,797 [pool-112-thread-1] INFO  server.RaftServerConfigKeys (ConfUtils.java:logGet(44)) - raft.server.log.preallocated.size = 16384 (custom)
2021-10-27 07:37:24,797 [pool-112-thread-1] INFO  server.RaftServerConfigKeys (ConfUtils.java:logGet(44)) - raft.server.log.force.sync.num = 128 (default)
2021-10-27 07:37:24,797 [pool-112-thread-1] INFO  server.RaftServerConfigKeys (ConfUtils.java:logGet(44)) - raft.server.log.statemachine.data.sync = true (default)
2021-10-27 07:37:24,797 [pool-112-thread-1] INFO  server.RaftServerConfigKeys (ConfUtils.java:logGet(44)) - raft.server.log.statemachine.data.sync.timeout = 10s (default)
2021-10-27 07:37:24,797 [pool-112-thread-1] INFO  server.RaftServerConfigKeys (ConfUtils.java:logGet(44)) - raft.server.log.statemachine.data.sync.timeout.retry = -1 (default)
2021-10-27 07:37:24,803 [EventQueue-PipelineReportForPipelineReportHandler] INFO  pipeline.PipelineManagerImpl (PipelineManagerImpl.java:openPipeline(289)) - Pipeline Pipeline[ Id: 153bc4eb-4418-4ece-b12f-7fa60ff8b7e1, Nodes: 8a5d7503-46af-43fb-b7e0-e0dcb22c5f77{ip: 10.1.0.27, host: fv-az270-913.tacnzluakwdehk1hpragurqkma.bx.internal.cloudapp.net, ports: [REPLICATION=39633, RATIS=45441, RATIS_ADMIN=45441, RATIS_SERVER=45441, STANDALONE=45417], networkLocation: /default-rack, certSerialId: null, persistedOpState: IN_SERVICE, persistedOpStateExpiryEpochSec: 0}, ReplicationConfig: RATIS/ONE, State:ALLOCATED, leaderId:8a5d7503-46af-43fb-b7e0-e0dcb22c5f77, CreationTimestamp2021-10-27T07:37:21.787Z[Etc/UTC]] moved to OPEN state
2021-10-27 07:37:24,804 [EventQueue-OpenPipelineForHealthyPipelineSafeModeRule] INFO  safemode.SCMSafeModeManager (HealthyPipelineSafeModeRule.java:process(124)) - SCM in safe mode. Healthy pipelines reported count is 0, required healthy pipeline reported count is 1
2021-10-27 07:37:24,807 [pool-112-thread-1] INFO  server.RaftServerConfigKeys (ConfUtils.java:logGet(44)) - raft.server.log.write.buffer.size = 1048576 (custom)
2021-10-27 07:37:24,809 [pool-112-thread-1] INFO  server.RaftServerConfigKeys (ConfUtils.java:logGet(44)) - raft.server.log.statemachine.data.caching.enabled = true (custom)
2021-10-27 07:37:24,809 [pool-112-thread-1] INFO  segmented.SegmentedRaftLogWorker (SegmentedRaftLogWorker.java:lambda$new$0(133)) - 8a5d7503-46af-43fb-b7e0-e0dcb22c5f77@group-7FA60FF8B7E1-SegmentedRaftLogWorker: flushIndex: setUnconditionally 0 -> -1
2021-10-27 07:37:24,809 [pool-112-thread-1] INFO  segmented.SegmentedRaftLogWorker (SegmentedRaftLogWorker.java:lambda$new$0(133)) - 8a5d7503-46af-43fb-b7e0-e0dcb22c5f77@group-7FA60FF8B7E1-SegmentedRaftLogWorker: safeCacheEvictIndex: setUnconditionally 0 -> -1
2021-10-27 07:37:24,810 [pool-112-thread-1] INFO  server.RaftServerConfigKeys (ConfUtils.java:logGet(44)) - raft.server.snapshot.auto.trigger.enabled = true (custom)
2021-10-27 07:37:24,810 [pool-112-thread-1] INFO  server.RaftServerConfigKeys (ConfUtils.java:logGet(44)) - raft.server.snapshot.auto.trigger.threshold = 10000 (custom)
2021-10-27 07:37:24,810 [pool-112-thread-1] INFO  server.RaftServerConfigKeys (ConfUtils.java:logGet(44)) - raft.server.snapshot.retention.file.num = 5 (custom)
2021-10-27 07:37:24,810 [pool-112-thread-1] INFO  server.RaftServerConfigKeys (ConfUtils.java:logGet(44)) - raft.server.log.purge.upto.snapshot.index = false (default)
2021-10-27 07:37:24,810 [pool-112-thread-1] INFO  server.RaftServerConfigKeys (ConfUtils.java:logGet(44)) - raft.server.retrycache.expirytime = 600000ms (custom)
2021-10-27 07:37:24,810 [pool-112-thread-1] INFO  server.RaftServerConfigKeys (ConfUtils.java:logGet(44)) - raft.server.retrycache.statistics.expirytime = 100μs (default)
2021-10-27 07:37:24,812 [pool-112-thread-1] INFO  server.RaftServer$Division (RaftServerImpl.java:start(301)) - 8a5d7503-46af-43fb-b7e0-e0dcb22c5f77@group-7FA60FF8B7E1: start as a follower, conf=-1: [8a5d7503-46af-43fb-b7e0-e0dcb22c5f77|rpc:10.1.0.27:45441|priority:1], old=null
2021-10-27 07:37:24,812 [pool-112-thread-1] INFO  server.RaftServer$Division (RaftServerImpl.java:setRole(290)) - 8a5d7503-46af-43fb-b7e0-e0dcb22c5f77@group-7FA60FF8B7E1: changes role from      null to FOLLOWER at term 0 for startAsFollower
2021-10-27 07:37:24,812 [pool-112-thread-1] INFO  impl.RoleInfo (RoleInfo.java:updateAndGet(130)) - 8a5d7503-46af-43fb-b7e0-e0dcb22c5f77: start 8a5d7503-46af-43fb-b7e0-e0dcb22c5f77@group-7FA60FF8B7E1-FollowerState
2021-10-27 07:37:24,813 [pool-112-thread-1] INFO  util.JmxRegister (JmxRegister.java:tryRegister(44)) - Successfully registered JMX Bean with object name Ratis:service=RaftServer,group=group-7FA60FF8B7E1,id=8a5d7503-46af-43fb-b7e0-e0dcb22c5f77
2021-10-27 07:37:24,814 [Command processor thread] INFO  ratis.XceiverServerRatis (XceiverServerRatis.java:addGroup(768)) - Created group PipelineID=153bc4eb-4418-4ece-b12f-7fa60ff8b7e1
2021-10-27 07:37:24,814 [Command processor thread] INFO  commandhandler.CreatePipelineCommandHandler (CreatePipelineCommandHandler.java:handle(106)) - Created Pipeline RATIS ONE PipelineID=153bc4eb-4418-4ece-b12f-7fa60ff8b7e1.
2021-10-27 07:37:24,815 [Command processor thread] INFO  server.RaftServer (RaftServerProxy.java:addNew(95)) - 8a5d7503-46af-43fb-b7e0-e0dcb22c5f77: addNew group-B3CA12EF4B7C:[29e37468-b3e4-401f-97cc-6f4d8466f30b|rpc:10.1.0.27:44085|priority:0, 8a5d7503-46af-43fb-b7e0-e0dcb22c5f77|rpc:10.1.0.27:45441|priority:0, 782939c9-076d-4829-92e4-0049f0e10c2b|rpc:10.1.0.27:40741|priority:1] returns group-B3CA12EF4B7C:java.util.concurrent.CompletableFuture@558ed5cc[Not completed]
2021-10-27 07:37:24,818 [pool-112-thread-1] INFO  server.RaftServer$Division (RaftServerImpl.java:<init>(184)) - 8a5d7503-46af-43fb-b7e0-e0dcb22c5f77: new RaftServerImpl for group-B3CA12EF4B7C:[29e37468-b3e4-401f-97cc-6f4d8466f30b|rpc:10.1.0.27:44085|priority:0, 8a5d7503-46af-43fb-b7e0-e0dcb22c5f77|rpc:10.1.0.27:45441|priority:0, 782939c9-076d-4829-92e4-0049f0e10c2b|rpc:10.1.0.27:40741|priority:1] with ContainerStateMachine:uninitialized
2021-10-27 07:37:24,818 [pool-112-thread-1] INFO  server.RaftServerConfigKeys (ConfUtils.java:logGet(44)) - raft.server.rpc.timeout.min = 5s (custom)
2021-10-27 07:37:24,818 [pool-112-thread-1] INFO  server.RaftServerConfigKeys (ConfUtils.java:logGet(44)) - raft.server.rpc.timeout.max = 5200ms (custom)
2021-10-27 07:37:24,818 [pool-112-thread-1] INFO  server.RaftServerConfigKeys (ConfUtils.java:logGet(44)) - raft.server.rpc.sleep.time = 25ms (default)
2021-10-27 07:37:24,818 [pool-112-thread-1] INFO  server.RaftServerConfigKeys (ConfUtils.java:logGet(44)) - raft.server.rpc.slowness.timeout = 300s (custom)
2021-10-27 07:37:24,818 [pool-112-thread-1] INFO  server.RaftServerConfigKeys (ConfUtils.java:logGet(44)) - raft.server.leaderelection.leader.step-down.wait-time = 10s (default)
2021-10-27 07:37:24,819 [pool-112-thread-1] INFO  server.RaftServerConfigKeys (ConfUtils.java:logGet(44)) - raft.server.sleep.deviation.threshold = 300ms (default)
2021-10-27 07:37:24,819 [pool-112-thread-1] INFO  server.RaftServerConfigKeys (ConfUtils.java:logGet(44)) - raft.server.log.appender.install.snapshot.enabled = false (custom)
2021-10-27 07:37:24,819 [pool-112-thread-1] INFO  server.RaftServer$Division (ServerState.java:<init>(105)) - 8a5d7503-46af-43fb-b7e0-e0dcb22c5f77@group-B3CA12EF4B7C: ConfigurationManager, init=-1: [29e37468-b3e4-401f-97cc-6f4d8466f30b|rpc:10.1.0.27:44085|priority:0, 8a5d7503-46af-43fb-b7e0-e0dcb22c5f77|rpc:10.1.0.27:45441|priority:0, 782939c9-076d-4829-92e4-0049f0e10c2b|rpc:10.1.0.27:40741|priority:1], old=null, confs=<EMPTY_MAP>
2021-10-27 07:37:24,819 [pool-112-thread-1] INFO  server.RaftServerConfigKeys (ConfUtils.java:logGet(44)) - raft.server.storage.dir = [/home/runner/work/ozone/ozone/hadoop-ozone/integration-test/target/test-dir/MiniOzoneClusterImpl-0a1afbdb-b897-4eb1-874c-1902c7f745ab/datanode-3/data/ratis] (custom)
2021-10-27 07:37:24,819 [pool-112-thread-1] INFO  server.RaftServerConfigKeys (ConfUtils.java:logGet(44)) - raft.server.log.corruption.policy = EXCEPTION (default)
2021-10-27 07:37:24,819 [pool-112-thread-1] INFO  server.RaftServerConfigKeys (ConfUtils.java:logGet(44)) - raft.server.storage.free-space.min = 0MB (=0) (default)
2021-10-27 07:37:24,819 [pool-112-thread-1] INFO  storage.RaftStorageDirectory (RaftStorageDirectoryImpl.java:analyzeStorage(135)) - The storage directory /home/runner/work/ozone/ozone/hadoop-ozone/integration-test/target/test-dir/MiniOzoneClusterImpl-0a1afbdb-b897-4eb1-874c-1902c7f745ab/datanode-3/data/ratis/76627f35-37b0-4e78-8a2a-b3ca12ef4b7c does not exist. Creating ...
2021-10-27 07:37:24,823 [pool-112-thread-1] INFO  storage.RaftStorageDirectory (RaftStorageDirectoryImpl.java:tryLock(230)) - Lock on /home/runner/work/ozone/ozone/hadoop-ozone/integration-test/target/test-dir/MiniOzoneClusterImpl-0a1afbdb-b897-4eb1-874c-1902c7f745ab/datanode-3/data/ratis/76627f35-37b0-4e78-8a2a-b3ca12ef4b7c/in_use.lock acquired by nodename 22077@fv-az270-913
2021-10-27 07:37:24,825 [pool-112-thread-1] INFO  storage.RaftStorage (RaftStorageImpl.java:format(89)) - Storage directory /home/runner/work/ozone/ozone/hadoop-ozone/integration-test/target/test-dir/MiniOzoneClusterImpl-0a1afbdb-b897-4eb1-874c-1902c7f745ab/datanode-3/data/ratis/76627f35-37b0-4e78-8a2a-b3ca12ef4b7c has been successfully formatted.
2021-10-27 07:37:24,825 [pool-112-thread-1] INFO  ratis.ContainerStateMachine (ContainerStateMachine.java:loadSnapshot(224)) - group-B3CA12EF4B7C: The snapshot info is null. Setting the last applied indexto:(t:0, i:~)
2021-10-27 07:37:24,828 [EventQueue-OpenPipelineForHealthyPipelineSafeModeRule] INFO  safemode.SCMSafeModeManager (HealthyPipelineSafeModeRule.java:process(124)) - SCM in safe mode. Healthy pipelines reported count is 0, required healthy pipeline reported count is 1
2021-10-27 07:37:24,829 [pool-112-thread-1] INFO  server.RaftServerConfigKeys (ConfUtils.java:logGet(44)) - raft.server.notification.no-leader.timeout = 300s (custom)
2021-10-27 07:37:24,829 [pool-112-thread-1] INFO  server.RaftServerConfigKeys (ConfUtils.java:logGet(44)) - raft.server.log.use.memory = false (default)
2021-10-27 07:37:24,829 [pool-112-thread-1] INFO  server.RaftServerConfigKeys (ConfUtils.java:logGet(44)) - raft.server.log.purge.gap = 1000000 (custom)
2021-10-27 07:37:24,829 [pool-112-thread-1] INFO  server.RaftServerConfigKeys (ConfUtils.java:logGet(44)) - raft.server.log.appender.buffer.byte-limit = 33554432 (custom)
2021-10-27 07:37:24,829 [pool-112-thread-1] INFO  server.RaftServerConfigKeys (ConfUtils.java:logGet(44)) - raft.server.log.segment.size.max = 1048576 (custom)
2021-10-27 07:37:24,830 [pool-112-thread-1] INFO  server.RaftServerConfigKeys (ConfUtils.java:logGet(44)) - raft.server.log.segment.cache.num.max = 2 (custom)
2021-10-27 07:37:24,830 [pool-112-thread-1] INFO  server.RaftServerConfigKeys (ConfUtils.java:logGet(44)) - raft.server.log.segment.cache.size.max = 200MB (=209715200) (default)
2021-10-27 07:37:24,830 [pool-112-thread-1] INFO  segmented.SegmentedRaftLogWorker (SegmentedRaftLogWorker.java:<init>(182)) - new 8a5d7503-46af-43fb-b7e0-e0dcb22c5f77@group-B3CA12EF4B7C-SegmentedRaftLogWorker for RaftStorageImpl:Storage Directory /home/runner/work/ozone/ozone/hadoop-ozone/integration-test/target/test-dir/MiniOzoneClusterImpl-0a1afbdb-b897-4eb1-874c-1902c7f745ab/datanode-3/data/ratis/76627f35-37b0-4e78-8a2a-b3ca12ef4b7c
2021-10-27 07:37:24,830 [pool-112-thread-1] INFO  server.RaftServerConfigKeys (ConfUtils.java:logGet(44)) - raft.server.log.queue.byte-limit = 2147483647 (custom)
2021-10-27 07:37:24,830 [pool-112-thread-1] INFO  server.RaftServerConfigKeys (ConfUtils.java:logGet(44)) - raft.server.log.queue.element-limit = 1024 (custom)
2021-10-27 07:37:24,830 [pool-112-thread-1] INFO  server.RaftServerConfigKeys (ConfUtils.java:logGet(44)) - raft.server.log.segment.size.max = 1048576 (custom)
2021-10-27 07:37:24,833 [pool-112-thread-1] INFO  server.RaftServerConfigKeys (ConfUtils.java:logGet(44)) - raft.server.log.preallocated.size = 16384 (custom)
2021-10-27 07:37:24,833 [pool-112-thread-1] INFO  server.RaftServerConfigKeys (ConfUtils.java:logGet(44)) - raft.server.log.force.sync.num = 128 (default)
2021-10-27 07:37:24,833 [pool-112-thread-1] INFO  server.RaftServerConfigKeys (ConfUtils.java:logGet(44)) - raft.server.log.statemachine.data.sync = true (default)
2021-10-27 07:37:24,833 [pool-112-thread-1] INFO  server.RaftServerConfigKeys (ConfUtils.java:logGet(44)) - raft.server.log.statemachine.data.sync.timeout = 10s (default)
2021-10-27 07:37:24,833 [pool-112-thread-1] INFO  server.RaftServerConfigKeys (ConfUtils.java:logGet(44)) - raft.server.log.statemachine.data.sync.timeout.retry = -1 (default)
2021-10-27 07:37:24,836 [pool-112-thread-1] INFO  server.RaftServerConfigKeys (ConfUtils.java:logGet(44)) - raft.server.log.write.buffer.size = 1048576 (custom)
2021-10-27 07:37:24,837 [pool-112-thread-1] INFO  server.RaftServerConfigKeys (ConfUtils.java:logGet(44)) - raft.server.log.statemachine.data.caching.enabled = true (custom)
2021-10-27 07:37:24,838 [pool-112-thread-1] INFO  segmented.SegmentedRaftLogWorker (SegmentedRaftLogWorker.java:lambda$new$0(133)) - 8a5d7503-46af-43fb-b7e0-e0dcb22c5f77@group-B3CA12EF4B7C-SegmentedRaftLogWorker: flushIndex: setUnconditionally 0 -> -1
2021-10-27 07:37:24,838 [pool-112-thread-1] INFO  segmented.SegmentedRaftLogWorker (SegmentedRaftLogWorker.java:lambda$new$0(133)) - 8a5d7503-46af-43fb-b7e0-e0dcb22c5f77@group-B3CA12EF4B7C-SegmentedRaftLogWorker: safeCacheEvictIndex: setUnconditionally 0 -> -1
2021-10-27 07:37:24,841 [pool-112-thread-1] INFO  server.RaftServerConfigKeys (ConfUtils.java:logGet(44)) - raft.server.snapshot.auto.trigger.enabled = true (custom)
2021-10-27 07:37:24,841 [pool-112-thread-1] INFO  server.RaftServerConfigKeys (ConfUtils.java:logGet(44)) - raft.server.snapshot.auto.trigger.threshold = 10000 (custom)
2021-10-27 07:37:24,841 [pool-112-thread-1] INFO  server.RaftServerConfigKeys (ConfUtils.java:logGet(44)) - raft.server.snapshot.retention.file.num = 5 (custom)
2021-10-27 07:37:24,841 [pool-112-thread-1] INFO  server.RaftServerConfigKeys (ConfUtils.java:logGet(44)) - raft.server.log.purge.upto.snapshot.index = false (default)
2021-10-27 07:37:24,841 [pool-112-thread-1] INFO  server.RaftServerConfigKeys (ConfUtils.java:logGet(44)) - raft.server.retrycache.expirytime = 600000ms (custom)
2021-10-27 07:37:24,841 [pool-112-thread-1] INFO  server.RaftServerConfigKeys (ConfUtils.java:logGet(44)) - raft.server.retrycache.statistics.expirytime = 100μs (default)
2021-10-27 07:37:24,843 [pool-112-thread-1] INFO  server.RaftServer$Division (RaftServerImpl.java:start(301)) - 8a5d7503-46af-43fb-b7e0-e0dcb22c5f77@group-B3CA12EF4B7C: start as a follower, conf=-1: [29e37468-b3e4-401f-97cc-6f4d8466f30b|rpc:10.1.0.27:44085|priority:0, 8a5d7503-46af-43fb-b7e0-e0dcb22c5f77|rpc:10.1.0.27:45441|priority:0, 782939c9-076d-4829-92e4-0049f0e10c2b|rpc:10.1.0.27:40741|priority:1], old=null
2021-10-27 07:37:24,843 [pool-112-thread-1] INFO  server.RaftServer$Division (RaftServerImpl.java:setRole(290)) - 8a5d7503-46af-43fb-b7e0-e0dcb22c5f77@group-B3CA12EF4B7C: changes role from      null to FOLLOWER at term 0 for startAsFollower
2021-10-27 07:37:24,844 [pool-112-thread-1] INFO  impl.RoleInfo (RoleInfo.java:updateAndGet(130)) - 8a5d7503-46af-43fb-b7e0-e0dcb22c5f77: start 8a5d7503-46af-43fb-b7e0-e0dcb22c5f77@group-B3CA12EF4B7C-FollowerState
2021-10-27 07:37:24,845 [pool-112-thread-1] INFO  util.JmxRegister (JmxRegister.java:tryRegister(44)) - Successfully registered JMX Bean with object name Ratis:service=RaftServer,group=group-B3CA12EF4B7C,id=8a5d7503-46af-43fb-b7e0-e0dcb22c5f77
2021-10-27 07:37:24,849 [Command processor thread] INFO  ratis.XceiverServerRatis (XceiverServerRatis.java:addGroup(768)) - Created group PipelineID=76627f35-37b0-4e78-8a2a-b3ca12ef4b7c
2021-10-27 07:37:24,869 [grpc-default-executor-1] INFO  server.RaftServer (RaftServerProxy.java:addNew(95)) - 29e37468-b3e4-401f-97cc-6f4d8466f30b: addNew group-B3CA12EF4B7C:[29e37468-b3e4-401f-97cc-6f4d8466f30b|rpc:10.1.0.27:44085|dataStream:|priority:0, 8a5d7503-46af-43fb-b7e0-e0dcb22c5f77|rpc:10.1.0.27:45441|dataStream:|priority:0, 782939c9-076d-4829-92e4-0049f0e10c2b|rpc:10.1.0.27:40741|dataStream:|priority:1] returns group-B3CA12EF4B7C:java.util.concurrent.CompletableFuture@79e30917[Not completed]
2021-10-27 07:37:24,870 [pool-131-thread-1] INFO  server.RaftServer$Division (RaftServerImpl.java:<init>(184)) - 29e37468-b3e4-401f-97cc-6f4d8466f30b: new RaftServerImpl for group-B3CA12EF4B7C:[29e37468-b3e4-401f-97cc-6f4d8466f30b|rpc:10.1.0.27:44085|dataStream:|priority:0, 8a5d7503-46af-43fb-b7e0-e0dcb22c5f77|rpc:10.1.0.27:45441|dataStream:|priority:0, 782939c9-076d-4829-92e4-0049f0e10c2b|rpc:10.1.0.27:40741|dataStream:|priority:1] with ContainerStateMachine:uninitialized
2021-10-27 07:37:24,871 [pool-131-thread-1] INFO  server.RaftServerConfigKeys (ConfUtils.java:logGet(44)) - raft.server.rpc.timeout.min = 5s (custom)
2021-10-27 07:37:24,872 [pool-131-thread-1] INFO  server.RaftServerConfigKeys (ConfUtils.java:logGet(44)) - raft.server.rpc.timeout.max = 5200ms (custom)
2021-10-27 07:37:24,872 [pool-131-thread-1] INFO  server.RaftServerConfigKeys (ConfUtils.java:logGet(44)) - raft.server.rpc.sleep.time = 25ms (default)
2021-10-27 07:37:24,872 [pool-131-thread-1] INFO  server.RaftServerConfigKeys (ConfUtils.java:logGet(44)) - raft.server.rpc.slowness.timeout = 300s (custom)
2021-10-27 07:37:24,872 [pool-131-thread-1] INFO  server.RaftServerConfigKeys (ConfUtils.java:logGet(44)) - raft.server.leaderelection.leader.step-down.wait-time = 10s (default)
2021-10-27 07:37:24,872 [pool-131-thread-1] INFO  server.RaftServerConfigKeys (ConfUtils.java:logGet(44)) - raft.server.sleep.deviation.threshold = 300ms (default)
2021-10-27 07:37:24,873 [pool-131-thread-1] INFO  server.RaftServerConfigKeys (ConfUtils.java:logGet(44)) - raft.server.log.appender.install.snapshot.enabled = false (custom)
2021-10-27 07:37:24,873 [pool-131-thread-1] INFO  server.RaftServer$Division (ServerState.java:<init>(105)) - 29e37468-b3e4-401f-97cc-6f4d8466f30b@group-B3CA12EF4B7C: ConfigurationManager, init=-1: [29e37468-b3e4-401f-97cc-6f4d8466f30b|rpc:10.1.0.27:44085|dataStream:|priority:0, 8a5d7503-46af-43fb-b7e0-e0dcb22c5f77|rpc:10.1.0.27:45441|dataStream:|priority:0, 782939c9-076d-4829-92e4-0049f0e10c2b|rpc:10.1.0.27:40741|dataStream:|priority:1], old=null, confs=<EMPTY_MAP>
2021-10-27 07:37:24,873 [pool-131-thread-1] INFO  server.RaftServerConfigKeys (ConfUtils.java:logGet(44)) - raft.server.storage.dir = [/home/runner/work/ozone/ozone/hadoop-ozone/integration-test/target/test-dir/MiniOzoneClusterImpl-0a1afbdb-b897-4eb1-874c-1902c7f745ab/datanode-4/data/ratis] (custom)
2021-10-27 07:37:24,873 [pool-131-thread-1] INFO  server.RaftServerConfigKeys (ConfUtils.java:logGet(44)) - raft.server.log.corruption.policy = EXCEPTION (default)
2021-10-27 07:37:24,873 [pool-131-thread-1] INFO  server.RaftServerConfigKeys (ConfUtils.java:logGet(44)) - raft.server.storage.free-space.min = 0MB (=0) (default)
2021-10-27 07:37:24,873 [pool-131-thread-1] INFO  storage.RaftStorageDirectory (RaftStorageDirectoryImpl.java:analyzeStorage(135)) - The storage directory /home/runner/work/ozone/ozone/hadoop-ozone/integration-test/target/test-dir/MiniOzoneClusterImpl-0a1afbdb-b897-4eb1-874c-1902c7f745ab/datanode-4/data/ratis/76627f35-37b0-4e78-8a2a-b3ca12ef4b7c does not exist. Creating ...
2021-10-27 07:37:24,874 [pool-131-thread-1] INFO  storage.RaftStorageDirectory (RaftStorageDirectoryImpl.java:tryLock(230)) - Lock on /home/runner/work/ozone/ozone/hadoop-ozone/integration-test/target/test-dir/MiniOzoneClusterImpl-0a1afbdb-b897-4eb1-874c-1902c7f745ab/datanode-4/data/ratis/76627f35-37b0-4e78-8a2a-b3ca12ef4b7c/in_use.lock acquired by nodename 22077@fv-az270-913
2021-10-27 07:37:24,876 [pool-131-thread-1] INFO  storage.RaftStorage (RaftStorageImpl.java:format(89)) - Storage directory /home/runner/work/ozone/ozone/hadoop-ozone/integration-test/target/test-dir/MiniOzoneClusterImpl-0a1afbdb-b897-4eb1-874c-1902c7f745ab/datanode-4/data/ratis/76627f35-37b0-4e78-8a2a-b3ca12ef4b7c has been successfully formatted.
2021-10-27 07:37:24,879 [pool-131-thread-1] INFO  ratis.ContainerStateMachine (ContainerStateMachine.java:loadSnapshot(224)) - group-B3CA12EF4B7C: The snapshot info is null. Setting the last applied indexto:(t:0, i:~)
2021-10-27 07:37:24,879 [pool-131-thread-1] INFO  server.RaftServerConfigKeys (ConfUtils.java:logGet(44)) - raft.server.notification.no-leader.timeout = 300s (custom)
2021-10-27 07:37:24,879 [pool-131-thread-1] INFO  server.RaftServerConfigKeys (ConfUtils.java:logGet(44)) - raft.server.log.use.memory = false (default)
2021-10-27 07:37:24,884 [pool-131-thread-1] INFO  server.RaftServerConfigKeys (ConfUtils.java:logGet(44)) - raft.server.log.purge.gap = 1000000 (custom)
2021-10-27 07:37:24,884 [pool-131-thread-1] INFO  server.RaftServerConfigKeys (ConfUtils.java:logGet(44)) - raft.server.log.appender.buffer.byte-limit = 33554432 (custom)
2021-10-27 07:37:24,884 [pool-131-thread-1] INFO  server.RaftServerConfigKeys (ConfUtils.java:logGet(44)) - raft.server.log.segment.size.max = 1048576 (custom)
2021-10-27 07:37:24,885 [pool-131-thread-1] INFO  server.RaftServerConfigKeys (ConfUtils.java:logGet(44)) - raft.server.log.segment.cache.num.max = 2 (custom)
2021-10-27 07:37:24,885 [pool-131-thread-1] INFO  server.RaftServerConfigKeys (ConfUtils.java:logGet(44)) - raft.server.log.segment.cache.size.max = 200MB (=209715200) (default)
2021-10-27 07:37:24,885 [pool-131-thread-1] INFO  segmented.SegmentedRaftLogWorker (SegmentedRaftLogWorker.java:<init>(182)) - new 29e37468-b3e4-401f-97cc-6f4d8466f30b@group-B3CA12EF4B7C-SegmentedRaftLogWorker for RaftStorageImpl:Storage Directory /home/runner/work/ozone/ozone/hadoop-ozone/integration-test/target/test-dir/MiniOzoneClusterImpl-0a1afbdb-b897-4eb1-874c-1902c7f745ab/datanode-4/data/ratis/76627f35-37b0-4e78-8a2a-b3ca12ef4b7c
2021-10-27 07:37:24,885 [pool-131-thread-1] INFO  server.RaftServerConfigKeys (ConfUtils.java:logGet(44)) - raft.server.log.queue.byte-limit = 2147483647 (custom)
2021-10-27 07:37:24,885 [pool-131-thread-1] INFO  server.RaftServerConfigKeys (ConfUtils.java:logGet(44)) - raft.server.log.queue.element-limit = 1024 (custom)
2021-10-27 07:37:24,886 [pool-131-thread-1] INFO  server.RaftServerConfigKeys (ConfUtils.java:logGet(44)) - raft.server.log.segment.size.max = 1048576 (custom)
2021-10-27 07:37:24,886 [pool-131-thread-1] INFO  server.RaftServerConfigKeys (ConfUtils.java:logGet(44)) - raft.server.log.preallocated.size = 16384 (custom)
2021-10-27 07:37:24,886 [pool-131-thread-1] INFO  server.RaftServerConfigKeys (ConfUtils.java:logGet(44)) - raft.server.log.force.sync.num = 128 (default)
2021-10-27 07:37:24,886 [pool-131-thread-1] INFO  server.RaftServerConfigKeys (ConfUtils.java:logGet(44)) - raft.server.log.statemachine.data.sync = true (default)
2021-10-27 07:37:24,886 [pool-131-thread-1] INFO  server.RaftServerConfigKeys (ConfUtils.java:logGet(44)) - raft.server.log.statemachine.data.sync.timeout = 10s (default)
2021-10-27 07:37:24,886 [pool-131-thread-1] INFO  server.RaftServerConfigKeys (ConfUtils.java:logGet(44)) - raft.server.log.statemachine.data.sync.timeout.retry = -1 (default)
2021-10-27 07:37:24,887 [pool-131-thread-1] INFO  server.RaftServerConfigKeys (ConfUtils.java:logGet(44)) - raft.server.log.write.buffer.size = 1048576 (custom)
2021-10-27 07:37:24,889 [pool-131-thread-1] INFO  server.RaftServerConfigKeys (ConfUtils.java:logGet(44)) - raft.server.log.statemachine.data.caching.enabled = true (custom)
2021-10-27 07:37:24,889 [pool-131-thread-1] INFO  segmented.SegmentedRaftLogWorker (SegmentedRaftLogWorker.java:lambda$new$0(133)) - 29e37468-b3e4-401f-97cc-6f4d8466f30b@group-B3CA12EF4B7C-SegmentedRaftLogWorker: flushIndex: setUnconditionally 0 -> -1
2021-10-27 07:37:24,889 [pool-131-thread-1] INFO  segmented.SegmentedRaftLogWorker (SegmentedRaftLogWorker.java:lambda$new$0(133)) - 29e37468-b3e4-401f-97cc-6f4d8466f30b@group-B3CA12EF4B7C-SegmentedRaftLogWorker: safeCacheEvictIndex: setUnconditionally 0 -> -1
2021-10-27 07:37:24,889 [pool-131-thread-1] INFO  server.RaftServerConfigKeys (ConfUtils.java:logGet(44)) - raft.server.snapshot.auto.trigger.enabled = true (custom)
2021-10-27 07:37:24,889 [pool-131-thread-1] INFO  server.RaftServerConfigKeys (ConfUtils.java:logGet(44)) - raft.server.snapshot.auto.trigger.threshold = 10000 (custom)
2021-10-27 07:37:24,889 [pool-131-thread-1] INFO  server.RaftServerConfigKeys (ConfUtils.java:logGet(44)) - raft.server.snapshot.retention.file.num = 5 (custom)
2021-10-27 07:37:24,890 [pool-131-thread-1] INFO  server.RaftServerConfigKeys (ConfUtils.java:logGet(44)) - raft.server.log.purge.upto.snapshot.index = false (default)
2021-10-27 07:37:24,890 [pool-131-thread-1] INFO  server.RaftServerConfigKeys (ConfUtils.java:logGet(44)) - raft.server.retrycache.expirytime = 600000ms (custom)
2021-10-27 07:37:24,890 [pool-131-thread-1] INFO  server.RaftServerConfigKeys (ConfUtils.java:logGet(44)) - raft.server.retrycache.statistics.expirytime = 100μs (default)
2021-10-27 07:37:24,891 [pool-131-thread-1] INFO  server.RaftServer$Division (RaftServerImpl.java:start(301)) - 29e37468-b3e4-401f-97cc-6f4d8466f30b@group-B3CA12EF4B7C: start as a follower, conf=-1: [29e37468-b3e4-401f-97cc-6f4d8466f30b|rpc:10.1.0.27:44085|dataStream:|priority:0, 8a5d7503-46af-43fb-b7e0-e0dcb22c5f77|rpc:10.1.0.27:45441|dataStream:|priority:0, 782939c9-076d-4829-92e4-0049f0e10c2b|rpc:10.1.0.27:40741|dataStream:|priority:1], old=null
2021-10-27 07:37:24,891 [pool-131-thread-1] INFO  server.RaftServer$Division (RaftServerImpl.java:setRole(290)) - 29e37468-b3e4-401f-97cc-6f4d8466f30b@group-B3CA12EF4B7C: changes role from      null to FOLLOWER at term 0 for startAsFollower
2021-10-27 07:37:24,891 [pool-131-thread-1] INFO  impl.RoleInfo (RoleInfo.java:updateAndGet(130)) - 29e37468-b3e4-401f-97cc-6f4d8466f30b: start 29e37468-b3e4-401f-97cc-6f4d8466f30b@group-B3CA12EF4B7C-FollowerState
2021-10-27 07:37:24,892 [pool-131-thread-1] INFO  util.JmxRegister (JmxRegister.java:tryRegister(44)) - Successfully registered JMX Bean with object name Ratis:service=RaftServer,group=group-B3CA12EF4B7C,id=29e37468-b3e4-401f-97cc-6f4d8466f30b
2021-10-27 07:37:24,924 [grpc-default-executor-1] INFO  server.RaftServer (RaftServerProxy.java:addNew(95)) - 782939c9-076d-4829-92e4-0049f0e10c2b: addNew group-B3CA12EF4B7C:[29e37468-b3e4-401f-97cc-6f4d8466f30b|rpc:10.1.0.27:44085|dataStream:|priority:0, 8a5d7503-46af-43fb-b7e0-e0dcb22c5f77|rpc:10.1.0.27:45441|dataStream:|priority:0, 782939c9-076d-4829-92e4-0049f0e10c2b|rpc:10.1.0.27:40741|dataStream:|priority:1] returns group-B3CA12EF4B7C:java.util.concurrent.CompletableFuture@1e489dd7[Not completed]
2021-10-27 07:37:24,925 [pool-150-thread-1] INFO  server.RaftServer$Division (RaftServerImpl.java:<init>(184)) - 782939c9-076d-4829-92e4-0049f0e10c2b: new RaftServerImpl for group-B3CA12EF4B7C:[29e37468-b3e4-401f-97cc-6f4d8466f30b|rpc:10.1.0.27:44085|dataStream:|priority:0, 8a5d7503-46af-43fb-b7e0-e0dcb22c5f77|rpc:10.1.0.27:45441|dataStream:|priority:0, 782939c9-076d-4829-92e4-0049f0e10c2b|rpc:10.1.0.27:40741|dataStream:|priority:1] with ContainerStateMachine:uninitialized
2021-10-27 07:37:24,928 [pool-150-thread-1] INFO  server.RaftServerConfigKeys (ConfUtils.java:logGet(44)) - raft.server.rpc.timeout.min = 5s (custom)
2021-10-27 07:37:24,928 [pool-150-thread-1] INFO  server.RaftServerConfigKeys (ConfUtils.java:logGet(44)) - raft.server.rpc.timeout.max = 5200ms (custom)
2021-10-27 07:37:24,928 [pool-150-thread-1] INFO  server.RaftServerConfigKeys (ConfUtils.java:logGet(44)) - raft.server.rpc.sleep.time = 25ms (default)
2021-10-27 07:37:24,928 [pool-150-thread-1] INFO  server.RaftServerConfigKeys (ConfUtils.java:logGet(44)) - raft.server.rpc.slowness.timeout = 300s (custom)
2021-10-27 07:37:24,928 [pool-150-thread-1] INFO  server.RaftServerConfigKeys (ConfUtils.java:logGet(44)) - raft.server.leaderelection.leader.step-down.wait-time = 10s (default)
2021-10-27 07:37:24,929 [pool-150-thread-1] INFO  server.RaftServerConfigKeys (ConfUtils.java:logGet(44)) - raft.server.sleep.deviation.threshold = 300ms (default)
2021-10-27 07:37:24,929 [pool-150-thread-1] INFO  server.RaftServerConfigKeys (ConfUtils.java:logGet(44)) - raft.server.log.appender.install.snapshot.enabled = false (custom)
2021-10-27 07:37:24,929 [pool-150-thread-1] INFO  server.RaftServer$Division (ServerState.java:<init>(105)) - 782939c9-076d-4829-92e4-0049f0e10c2b@group-B3CA12EF4B7C: ConfigurationManager, init=-1: [29e37468-b3e4-401f-97cc-6f4d8466f30b|rpc:10.1.0.27:44085|dataStream:|priority:0, 8a5d7503-46af-43fb-b7e0-e0dcb22c5f77|rpc:10.1.0.27:45441|dataStream:|priority:0, 782939c9-076d-4829-92e4-0049f0e10c2b|rpc:10.1.0.27:40741|dataStream:|priority:1], old=null, confs=<EMPTY_MAP>
2021-10-27 07:37:24,929 [pool-150-thread-1] INFO  server.RaftServerConfigKeys (ConfUtils.java:logGet(44)) - raft.server.storage.dir = [/home/runner/work/ozone/ozone/hadoop-ozone/integration-test/target/test-dir/MiniOzoneClusterImpl-0a1afbdb-b897-4eb1-874c-1902c7f745ab/datanode-5/data/ratis] (custom)
2021-10-27 07:37:24,929 [pool-150-thread-1] INFO  server.RaftServerConfigKeys (ConfUtils.java:logGet(44)) - raft.server.log.corruption.policy = EXCEPTION (default)
2021-10-27 07:37:24,929 [pool-150-thread-1] INFO  server.RaftServerConfigKeys (ConfUtils.java:logGet(44)) - raft.server.storage.free-space.min = 0MB (=0) (default)
2021-10-27 07:37:24,930 [pool-150-thread-1] INFO  storage.RaftStorageDirectory (RaftStorageDirectoryImpl.java:analyzeStorage(135)) - The storage directory /home/runner/work/ozone/ozone/hadoop-ozone/integration-test/target/test-dir/MiniOzoneClusterImpl-0a1afbdb-b897-4eb1-874c-1902c7f745ab/datanode-5/data/ratis/76627f35-37b0-4e78-8a2a-b3ca12ef4b7c does not exist. Creating ...
2021-10-27 07:37:24,931 [pool-150-thread-1] INFO  storage.RaftStorageDirectory (RaftStorageDirectoryImpl.java:tryLock(230)) - Lock on /home/runner/work/ozone/ozone/hadoop-ozone/integration-test/target/test-dir/MiniOzoneClusterImpl-0a1afbdb-b897-4eb1-874c-1902c7f745ab/datanode-5/data/ratis/76627f35-37b0-4e78-8a2a-b3ca12ef4b7c/in_use.lock acquired by nodename 22077@fv-az270-913
2021-10-27 07:37:24,932 [pool-150-thread-1] INFO  storage.RaftStorage (RaftStorageImpl.java:format(89)) - Storage directory /home/runner/work/ozone/ozone/hadoop-ozone/integration-test/target/test-dir/MiniOzoneClusterImpl-0a1afbdb-b897-4eb1-874c-1902c7f745ab/datanode-5/data/ratis/76627f35-37b0-4e78-8a2a-b3ca12ef4b7c has been successfully formatted.
2021-10-27 07:37:24,934 [pool-150-thread-1] INFO  ratis.ContainerStateMachine (ContainerStateMachine.java:loadSnapshot(224)) - group-B3CA12EF4B7C: The snapshot info is null. Setting the last applied indexto:(t:0, i:~)
2021-10-27 07:37:24,934 [pool-150-thread-1] INFO  server.RaftServerConfigKeys (ConfUtils.java:logGet(44)) - raft.server.notification.no-leader.timeout = 300s (custom)
2021-10-27 07:37:24,934 [pool-150-thread-1] INFO  server.RaftServerConfigKeys (ConfUtils.java:logGet(44)) - raft.server.log.use.memory = false (default)
2021-10-27 07:37:24,934 [pool-150-thread-1] INFO  server.RaftServerConfigKeys (ConfUtils.java:logGet(44)) - raft.server.log.purge.gap = 1000000 (custom)
2021-10-27 07:37:24,941 [pool-150-thread-1] INFO  server.RaftServerConfigKeys (ConfUtils.java:logGet(44)) - raft.server.log.appender.buffer.byte-limit = 33554432 (custom)
2021-10-27 07:37:24,941 [pool-150-thread-1] INFO  server.RaftServerConfigKeys (ConfUtils.java:logGet(44)) - raft.server.log.segment.size.max = 1048576 (custom)
2021-10-27 07:37:24,947 [pool-150-thread-1] INFO  server.RaftServerConfigKeys (ConfUtils.java:logGet(44)) - raft.server.log.segment.cache.num.max = 2 (custom)
2021-10-27 07:37:24,947 [pool-150-thread-1] INFO  server.RaftServerConfigKeys (ConfUtils.java:logGet(44)) - raft.server.log.segment.cache.size.max = 200MB (=209715200) (default)
2021-10-27 07:37:24,947 [pool-150-thread-1] INFO  segmented.SegmentedRaftLogWorker (SegmentedRaftLogWorker.java:<init>(182)) - new 782939c9-076d-4829-92e4-0049f0e10c2b@group-B3CA12EF4B7C-SegmentedRaftLogWorker for RaftStorageImpl:Storage Directory /home/runner/work/ozone/ozone/hadoop-ozone/integration-test/target/test-dir/MiniOzoneClusterImpl-0a1afbdb-b897-4eb1-874c-1902c7f745ab/datanode-5/data/ratis/76627f35-37b0-4e78-8a2a-b3ca12ef4b7c
2021-10-27 07:37:24,947 [pool-150-thread-1] INFO  server.RaftServerConfigKeys (ConfUtils.java:logGet(44)) - raft.server.log.queue.byte-limit = 2147483647 (custom)
2021-10-27 07:37:24,947 [pool-150-thread-1] INFO  server.RaftServerConfigKeys (ConfUtils.java:logGet(44)) - raft.server.log.queue.element-limit = 1024 (custom)
2021-10-27 07:37:24,947 [pool-150-thread-1] INFO  server.RaftServerConfigKeys (ConfUtils.java:logGet(44)) - raft.server.log.segment.size.max = 1048576 (custom)
2021-10-27 07:37:24,947 [pool-150-thread-1] INFO  server.RaftServerConfigKeys (ConfUtils.java:logGet(44)) - raft.server.log.preallocated.size = 16384 (custom)
2021-10-27 07:37:24,947 [pool-150-thread-1] INFO  server.RaftServerConfigKeys (ConfUtils.java:logGet(44)) - raft.server.log.force.sync.num = 128 (default)
2021-10-27 07:37:24,947 [pool-150-thread-1] INFO  server.RaftServerConfigKeys (ConfUtils.java:logGet(44)) - raft.server.log.statemachine.data.sync = true (default)
2021-10-27 07:37:24,948 [pool-150-thread-1] INFO  server.RaftServerConfigKeys (ConfUtils.java:logGet(44)) - raft.server.log.statemachine.data.sync.timeout = 10s (default)
2021-10-27 07:37:24,948 [pool-150-thread-1] INFO  server.RaftServerConfigKeys (ConfUtils.java:logGet(44)) - raft.server.log.statemachine.data.sync.timeout.retry = -1 (default)
2021-10-27 07:37:24,950 [pool-150-thread-1] INFO  server.RaftServerConfigKeys (ConfUtils.java:logGet(44)) - raft.server.log.write.buffer.size = 1048576 (custom)
2021-10-27 07:37:24,951 [pool-150-thread-1] INFO  server.RaftServerConfigKeys (ConfUtils.java:logGet(44)) - raft.server.log.statemachine.data.caching.enabled = true (custom)
2021-10-27 07:37:24,951 [pool-150-thread-1] INFO  segmented.SegmentedRaftLogWorker (SegmentedRaftLogWorker.java:lambda$new$0(133)) - 782939c9-076d-4829-92e4-0049f0e10c2b@group-B3CA12EF4B7C-SegmentedRaftLogWorker: flushIndex: setUnconditionally 0 -> -1
2021-10-27 07:37:24,951 [pool-150-thread-1] INFO  segmented.SegmentedRaftLogWorker (SegmentedRaftLogWorker.java:lambda$new$0(133)) - 782939c9-076d-4829-92e4-0049f0e10c2b@group-B3CA12EF4B7C-SegmentedRaftLogWorker: safeCacheEvictIndex: setUnconditionally 0 -> -1
2021-10-27 07:37:24,952 [pool-150-thread-1] INFO  server.RaftServerConfigKeys (ConfUtils.java:logGet(44)) - raft.server.snapshot.auto.trigger.enabled = true (custom)
2021-10-27 07:37:24,952 [pool-150-thread-1] INFO  server.RaftServerConfigKeys (ConfUtils.java:logGet(44)) - raft.server.snapshot.auto.trigger.threshold = 10000 (custom)
2021-10-27 07:37:24,952 [pool-150-thread-1] INFO  server.RaftServerConfigKeys (ConfUtils.java:logGet(44)) - raft.server.snapshot.retention.file.num = 5 (custom)
2021-10-27 07:37:24,952 [pool-150-thread-1] INFO  server.RaftServerConfigKeys (ConfUtils.java:logGet(44)) - raft.server.log.purge.upto.snapshot.index = false (default)
2021-10-27 07:37:24,952 [pool-150-thread-1] INFO  server.RaftServerConfigKeys (ConfUtils.java:logGet(44)) - raft.server.retrycache.expirytime = 600000ms (custom)
2021-10-27 07:37:24,952 [pool-150-thread-1] INFO  server.RaftServerConfigKeys (ConfUtils.java:logGet(44)) - raft.server.retrycache.statistics.expirytime = 100μs (default)
2021-10-27 07:37:24,953 [pool-150-thread-1] INFO  server.RaftServer$Division (RaftServerImpl.java:start(301)) - 782939c9-076d-4829-92e4-0049f0e10c2b@group-B3CA12EF4B7C: start as a follower, conf=-1: [29e37468-b3e4-401f-97cc-6f4d8466f30b|rpc:10.1.0.27:44085|dataStream:|priority:0, 8a5d7503-46af-43fb-b7e0-e0dcb22c5f77|rpc:10.1.0.27:45441|dataStream:|priority:0, 782939c9-076d-4829-92e4-0049f0e10c2b|rpc:10.1.0.27:40741|dataStream:|priority:1], old=null
2021-10-27 07:37:24,953 [pool-150-thread-1] INFO  server.RaftServer$Division (RaftServerImpl.java:setRole(290)) - 782939c9-076d-4829-92e4-0049f0e10c2b@group-B3CA12EF4B7C: changes role from      null to FOLLOWER at term 0 for startAsFollower
2021-10-27 07:37:24,954 [pool-150-thread-1] INFO  impl.RoleInfo (RoleInfo.java:updateAndGet(130)) - 782939c9-076d-4829-92e4-0049f0e10c2b: start 782939c9-076d-4829-92e4-0049f0e10c2b@group-B3CA12EF4B7C-FollowerState
2021-10-27 07:37:24,954 [pool-150-thread-1] INFO  util.JmxRegister (JmxRegister.java:tryRegister(44)) - Successfully registered JMX Bean with object name Ratis:service=RaftServer,group=group-B3CA12EF4B7C,id=782939c9-076d-4829-92e4-0049f0e10c2b
2021-10-27 07:37:24,962 [Command processor thread] INFO  commandhandler.CreatePipelineCommandHandler (CreatePipelineCommandHandler.java:handle(106)) - Created Pipeline RATIS THREE PipelineID=76627f35-37b0-4e78-8a2a-b3ca12ef4b7c.
2021-10-27 07:37:24,964 [Command processor thread] INFO  server.RaftServer (RaftServerProxy.java:addNew(95)) - 29e37468-b3e4-401f-97cc-6f4d8466f30b: addNew group-39960584D7C1:[29e37468-b3e4-401f-97cc-6f4d8466f30b|rpc:10.1.0.27:44085|priority:1] returns group-39960584D7C1:java.util.concurrent.CompletableFuture@7916af7f[Not completed]
2021-10-27 07:37:24,965 [pool-131-thread-1] INFO  server.RaftServer$Division (RaftServerImpl.java:<init>(184)) - 29e37468-b3e4-401f-97cc-6f4d8466f30b: new RaftServerImpl for group-39960584D7C1:[29e37468-b3e4-401f-97cc-6f4d8466f30b|rpc:10.1.0.27:44085|priority:1] with ContainerStateMachine:uninitialized
2021-10-27 07:37:24,965 [pool-131-thread-1] INFO  server.RaftServerConfigKeys (ConfUtils.java:logGet(44)) - raft.server.rpc.timeout.min = 5s (custom)
2021-10-27 07:37:24,966 [pool-131-thread-1] INFO  server.RaftServerConfigKeys (ConfUtils.java:logGet(44)) - raft.server.rpc.timeout.max = 5200ms (custom)
2021-10-27 07:37:24,966 [pool-131-thread-1] INFO  server.RaftServerConfigKeys (ConfUtils.java:logGet(44)) - raft.server.rpc.sleep.time = 25ms (default)
2021-10-27 07:37:24,966 [pool-131-thread-1] INFO  server.RaftServerConfigKeys (ConfUtils.java:logGet(44)) - raft.server.rpc.slowness.timeout = 300s (custom)
2021-10-27 07:37:24,966 [pool-131-thread-1] INFO  server.RaftServerConfigKeys (ConfUtils.java:logGet(44)) - raft.server.leaderelection.leader.step-down.wait-time = 10s (default)
2021-10-27 07:37:24,966 [pool-131-thread-1] INFO  server.RaftServerConfigKeys (ConfUtils.java:logGet(44)) - raft.server.sleep.deviation.threshold = 300ms (default)
2021-10-27 07:37:24,966 [pool-131-thread-1] INFO  server.RaftServerConfigKeys (ConfUtils.java:logGet(44)) - raft.server.log.appender.install.snapshot.enabled = false (custom)
2021-10-27 07:37:24,966 [pool-131-thread-1] INFO  server.RaftServer$Division (ServerState.java:<init>(105)) - 29e37468-b3e4-401f-97cc-6f4d8466f30b@group-39960584D7C1: ConfigurationManager, init=-1: [29e37468-b3e4-401f-97cc-6f4d8466f30b|rpc:10.1.0.27:44085|priority:1], old=null, confs=<EMPTY_MAP>
2021-10-27 07:37:24,966 [pool-131-thread-1] INFO  server.RaftServerConfigKeys (ConfUtils.java:logGet(44)) - raft.server.storage.dir = [/home/runner/work/ozone/ozone/hadoop-ozone/integration-test/target/test-dir/MiniOzoneClusterImpl-0a1afbdb-b897-4eb1-874c-1902c7f745ab/datanode-4/data/ratis] (custom)
2021-10-27 07:37:24,967 [pool-131-thread-1] INFO  server.RaftServerConfigKeys (ConfUtils.java:logGet(44)) - raft.server.log.corruption.policy = EXCEPTION (default)
2021-10-27 07:37:24,967 [pool-131-thread-1] INFO  server.RaftServerConfigKeys (ConfUtils.java:logGet(44)) - raft.server.storage.free-space.min = 0MB (=0) (default)
2021-10-27 07:37:24,967 [pool-131-thread-1] INFO  storage.RaftStorageDirectory (RaftStorageDirectoryImpl.java:analyzeStorage(135)) - The storage directory /home/runner/work/ozone/ozone/hadoop-ozone/integration-test/target/test-dir/MiniOzoneClusterImpl-0a1afbdb-b897-4eb1-874c-1902c7f745ab/datanode-4/data/ratis/0f9ae821-2296-4a9f-b724-39960584d7c1 does not exist. Creating ...
2021-10-27 07:37:24,968 [pool-131-thread-1] INFO  storage.RaftStorageDirectory (RaftStorageDirectoryImpl.java:tryLock(230)) - Lock on /home/runner/work/ozone/ozone/hadoop-ozone/integration-test/target/test-dir/MiniOzoneClusterImpl-0a1afbdb-b897-4eb1-874c-1902c7f745ab/datanode-4/data/ratis/0f9ae821-2296-4a9f-b724-39960584d7c1/in_use.lock acquired by nodename 22077@fv-az270-913
2021-10-27 07:37:24,969 [pool-131-thread-1] INFO  storage.RaftStorage (RaftStorageImpl.java:format(89)) - Storage directory /home/runner/work/ozone/ozone/hadoop-ozone/integration-test/target/test-dir/MiniOzoneClusterImpl-0a1afbdb-b897-4eb1-874c-1902c7f745ab/datanode-4/data/ratis/0f9ae821-2296-4a9f-b724-39960584d7c1 has been successfully formatted.
2021-10-27 07:37:24,973 [pool-131-thread-1] INFO  ratis.ContainerStateMachine (ContainerStateMachine.java:loadSnapshot(224)) - group-39960584D7C1: The snapshot info is null. Setting the last applied indexto:(t:0, i:~)
2021-10-27 07:37:24,973 [pool-131-thread-1] INFO  server.RaftServerConfigKeys (ConfUtils.java:logGet(44)) - raft.server.notification.no-leader.timeout = 300s (custom)
2021-10-27 07:37:24,974 [pool-131-thread-1] INFO  server.RaftServerConfigKeys (ConfUtils.java:logGet(44)) - raft.server.log.use.memory = false (default)
2021-10-27 07:37:24,974 [pool-131-thread-1] INFO  server.RaftServerConfigKeys (ConfUtils.java:logGet(44)) - raft.server.log.purge.gap = 1000000 (custom)
2021-10-27 07:37:24,974 [pool-131-thread-1] INFO  server.RaftServerConfigKeys (ConfUtils.java:logGet(44)) - raft.server.log.appender.buffer.byte-limit = 33554432 (custom)
2021-10-27 07:37:24,974 [pool-131-thread-1] INFO  server.RaftServerConfigKeys (ConfUtils.java:logGet(44)) - raft.server.log.segment.size.max = 1048576 (custom)
2021-10-27 07:37:24,975 [pool-131-thread-1] INFO  server.RaftServerConfigKeys (ConfUtils.java:logGet(44)) - raft.server.log.segment.cache.num.max = 2 (custom)
2021-10-27 07:37:24,975 [pool-131-thread-1] INFO  server.RaftServerConfigKeys (ConfUtils.java:logGet(44)) - raft.server.log.segment.cache.size.max = 200MB (=209715200) (default)
2021-10-27 07:37:24,975 [pool-131-thread-1] INFO  segmented.SegmentedRaftLogWorker (SegmentedRaftLogWorker.java:<init>(182)) - new 29e37468-b3e4-401f-97cc-6f4d8466f30b@group-39960584D7C1-SegmentedRaftLogWorker for RaftStorageImpl:Storage Directory /home/runner/work/ozone/ozone/hadoop-ozone/integration-test/target/test-dir/MiniOzoneClusterImpl-0a1afbdb-b897-4eb1-874c-1902c7f745ab/datanode-4/data/ratis/0f9ae821-2296-4a9f-b724-39960584d7c1
2021-10-27 07:37:24,975 [pool-131-thread-1] INFO  server.RaftServerConfigKeys (ConfUtils.java:logGet(44)) - raft.server.log.queue.byte-limit = 2147483647 (custom)
2021-10-27 07:37:24,975 [pool-131-thread-1] INFO  server.RaftServerConfigKeys (ConfUtils.java:logGet(44)) - raft.server.log.queue.element-limit = 1024 (custom)
2021-10-27 07:37:24,975 [pool-131-thread-1] INFO  server.RaftServerConfigKeys (ConfUtils.java:logGet(44)) - raft.server.log.segment.size.max = 1048576 (custom)
2021-10-27 07:37:24,975 [pool-131-thread-1] INFO  server.RaftServerConfigKeys (ConfUtils.java:logGet(44)) - raft.server.log.preallocated.size = 16384 (custom)
2021-10-27 07:37:24,975 [pool-131-thread-1] INFO  server.RaftServerConfigKeys (ConfUtils.java:logGet(44)) - raft.server.log.force.sync.num = 128 (default)
2021-10-27 07:37:24,977 [EventQueue-PipelineReportForPipelineReportHandler] INFO  pipeline.PipelineManagerImpl (PipelineManagerImpl.java:openPipeline(289)) - Pipeline Pipeline[ Id: 0f9ae821-2296-4a9f-b724-39960584d7c1, Nodes: 29e37468-b3e4-401f-97cc-6f4d8466f30b{ip: 10.1.0.27, host: fv-az270-913.tacnzluakwdehk1hpragurqkma.bx.internal.cloudapp.net, ports: [REPLICATION=40637, RATIS=44085, RATIS_ADMIN=44085, RATIS_SERVER=44085, STANDALONE=32881], networkLocation: /default-rack, certSerialId: null, persistedOpState: IN_SERVICE, persistedOpStateExpiryEpochSec: 0}, ReplicationConfig: RATIS/ONE, State:ALLOCATED, leaderId:29e37468-b3e4-401f-97cc-6f4d8466f30b, CreationTimestamp2021-10-27T07:37:21.971Z[Etc/UTC]] moved to OPEN state
2021-10-27 07:37:24,977 [pool-131-thread-1] INFO  server.RaftServerConfigKeys (ConfUtils.java:logGet(44)) - raft.server.log.statemachine.data.sync = true (default)
2021-10-27 07:37:24,977 [pool-131-thread-1] INFO  server.RaftServerConfigKeys (ConfUtils.java:logGet(44)) - raft.server.log.statemachine.data.sync.timeout = 10s (default)
2021-10-27 07:37:24,977 [pool-131-thread-1] INFO  server.RaftServerConfigKeys (ConfUtils.java:logGet(44)) - raft.server.log.statemachine.data.sync.timeout.retry = -1 (default)
2021-10-27 07:37:24,977 [EventQueue-OpenPipelineForHealthyPipelineSafeModeRule] INFO  safemode.SCMSafeModeManager (HealthyPipelineSafeModeRule.java:process(124)) - SCM in safe mode. Healthy pipelines reported count is 0, required healthy pipeline reported count is 1
2021-10-27 07:37:24,981 [pool-131-thread-1] INFO  server.RaftServerConfigKeys (ConfUtils.java:logGet(44)) - raft.server.log.write.buffer.size = 1048576 (custom)
2021-10-27 07:37:24,982 [pool-131-thread-1] INFO  server.RaftServerConfigKeys (ConfUtils.java:logGet(44)) - raft.server.log.statemachine.data.caching.enabled = true (custom)
2021-10-27 07:37:24,982 [pool-131-thread-1] INFO  segmented.SegmentedRaftLogWorker (SegmentedRaftLogWorker.java:lambda$new$0(133)) - 29e37468-b3e4-401f-97cc-6f4d8466f30b@group-39960584D7C1-SegmentedRaftLogWorker: flushIndex: setUnconditionally 0 -> -1
2021-10-27 07:37:24,982 [pool-131-thread-1] INFO  segmented.SegmentedRaftLogWorker (SegmentedRaftLogWorker.java:lambda$new$0(133)) - 29e37468-b3e4-401f-97cc-6f4d8466f30b@group-39960584D7C1-SegmentedRaftLogWorker: safeCacheEvictIndex: setUnconditionally 0 -> -1
2021-10-27 07:37:24,983 [pool-131-thread-1] INFO  server.RaftServerConfigKeys (ConfUtils.java:logGet(44)) - raft.server.snapshot.auto.trigger.enabled = true (custom)
2021-10-27 07:37:24,983 [pool-131-thread-1] INFO  server.RaftServerConfigKeys (ConfUtils.java:logGet(44)) - raft.server.snapshot.auto.trigger.threshold = 10000 (custom)
2021-10-27 07:37:24,983 [pool-131-thread-1] INFO  server.RaftServerConfigKeys (ConfUtils.java:logGet(44)) - raft.server.snapshot.retention.file.num = 5 (custom)
2021-10-27 07:37:24,983 [pool-131-thread-1] INFO  server.RaftServerConfigKeys (ConfUtils.java:logGet(44)) - raft.server.log.purge.upto.snapshot.index = false (default)
2021-10-27 07:37:24,983 [pool-131-thread-1] INFO  server.RaftServerConfigKeys (ConfUtils.java:logGet(44)) - raft.server.retrycache.expirytime = 600000ms (custom)
2021-10-27 07:37:24,983 [pool-131-thread-1] INFO  server.RaftServerConfigKeys (ConfUtils.java:logGet(44)) - raft.server.retrycache.statistics.expirytime = 100μs (default)
2021-10-27 07:37:24,985 [pool-131-thread-1] INFO  server.RaftServer$Division (RaftServerImpl.java:start(301)) - 29e37468-b3e4-401f-97cc-6f4d8466f30b@group-39960584D7C1: start as a follower, conf=-1: [29e37468-b3e4-401f-97cc-6f4d8466f30b|rpc:10.1.0.27:44085|priority:1], old=null
2021-10-27 07:37:24,985 [pool-131-thread-1] INFO  server.RaftServer$Division (RaftServerImpl.java:setRole(290)) - 29e37468-b3e4-401f-97cc-6f4d8466f30b@group-39960584D7C1: changes role from      null to FOLLOWER at term 0 for startAsFollower
2021-10-27 07:37:24,985 [pool-131-thread-1] INFO  impl.RoleInfo (RoleInfo.java:updateAndGet(130)) - 29e37468-b3e4-401f-97cc-6f4d8466f30b: start 29e37468-b3e4-401f-97cc-6f4d8466f30b@group-39960584D7C1-FollowerState
2021-10-27 07:37:24,985 [pool-131-thread-1] INFO  util.JmxRegister (JmxRegister.java:tryRegister(44)) - Successfully registered JMX Bean with object name Ratis:service=RaftServer,group=group-39960584D7C1,id=29e37468-b3e4-401f-97cc-6f4d8466f30b
2021-10-27 07:37:24,989 [Command processor thread] INFO  ratis.XceiverServerRatis (XceiverServerRatis.java:addGroup(768)) - Created group PipelineID=0f9ae821-2296-4a9f-b724-39960584d7c1
2021-10-27 07:37:24,989 [Command processor thread] INFO  commandhandler.CreatePipelineCommandHandler (CreatePipelineCommandHandler.java:handle(106)) - Created Pipeline RATIS ONE PipelineID=0f9ae821-2296-4a9f-b724-39960584d7c1.
2021-10-27 07:37:25,125 [ReplicationMonitor] INFO  container.ReplicationManager (ReplicationManager.java:processAll(371)) - Replication Monitor Thread took 1 milliseconds for processing 0 containers.
2021-10-27 07:37:25,184 [Listener at 127.0.0.1/37745] INFO  ozone.MiniOzoneClusterImpl (MiniOzoneClusterImpl.java:lambda$waitForClusterToBeReady$0(235)) - Nodes are ready. Got 6 of 6 DN Heartbeats.
2021-10-27 07:37:25,185 [Listener at 127.0.0.1/37745] INFO  ozone.MiniOzoneClusterImpl (MiniOzoneClusterImpl.java:lambda$waitForClusterToBeReady$0(238)) - Waiting for cluster to exit safe mode
2021-10-27 07:37:25,185 [Listener at 127.0.0.1/37745] INFO  ozone.MiniOzoneClusterImpl (MiniOzoneClusterImpl.java:lambda$waitForClusterToBeReady$0(240)) - SCM became leader
2021-10-27 07:37:25,187 [Command processor thread] INFO  server.RaftServer (RaftServerProxy.java:addNew(95)) - 782939c9-076d-4829-92e4-0049f0e10c2b: addNew group-CEF07BA104CF:[782939c9-076d-4829-92e4-0049f0e10c2b|rpc:10.1.0.27:40741|priority:1] returns group-CEF07BA104CF:java.util.concurrent.CompletableFuture@3ac94b3f[Not completed]
2021-10-27 07:37:25,189 [pool-150-thread-1] INFO  server.RaftServer$Division (RaftServerImpl.java:<init>(184)) - 782939c9-076d-4829-92e4-0049f0e10c2b: new RaftServerImpl for group-CEF07BA104CF:[782939c9-076d-4829-92e4-0049f0e10c2b|rpc:10.1.0.27:40741|priority:1] with ContainerStateMachine:uninitialized
2021-10-27 07:37:25,189 [pool-150-thread-1] INFO  server.RaftServerConfigKeys (ConfUtils.java:logGet(44)) - raft.server.rpc.timeout.min = 5s (custom)
2021-10-27 07:37:25,189 [pool-150-thread-1] INFO  server.RaftServerConfigKeys (ConfUtils.java:logGet(44)) - raft.server.rpc.timeout.max = 5200ms (custom)
2021-10-27 07:37:25,190 [pool-150-thread-1] INFO  server.RaftServerConfigKeys (ConfUtils.java:logGet(44)) - raft.server.rpc.sleep.time = 25ms (default)
2021-10-27 07:37:25,190 [pool-150-thread-1] INFO  server.RaftServerConfigKeys (ConfUtils.java:logGet(44)) - raft.server.rpc.slowness.timeout = 300s (custom)
2021-10-27 07:37:25,190 [pool-150-thread-1] INFO  server.RaftServerConfigKeys (ConfUtils.java:logGet(44)) - raft.server.leaderelection.leader.step-down.wait-time = 10s (default)
2021-10-27 07:37:25,190 [pool-150-thread-1] INFO  server.RaftServerConfigKeys (ConfUtils.java:logGet(44)) - raft.server.sleep.deviation.threshold = 300ms (default)
2021-10-27 07:37:25,190 [pool-150-thread-1] INFO  server.RaftServerConfigKeys (ConfUtils.java:logGet(44)) - raft.server.log.appender.install.snapshot.enabled = false (custom)
2021-10-27 07:37:25,190 [pool-150-thread-1] INFO  server.RaftServer$Division (ServerState.java:<init>(105)) - 782939c9-076d-4829-92e4-0049f0e10c2b@group-CEF07BA104CF: ConfigurationManager, init=-1: [782939c9-076d-4829-92e4-0049f0e10c2b|rpc:10.1.0.27:40741|priority:1], old=null, confs=<EMPTY_MAP>
2021-10-27 07:37:25,190 [pool-150-thread-1] INFO  server.RaftServerConfigKeys (ConfUtils.java:logGet(44)) - raft.server.storage.dir = [/home/runner/work/ozone/ozone/hadoop-ozone/integration-test/target/test-dir/MiniOzoneClusterImpl-0a1afbdb-b897-4eb1-874c-1902c7f745ab/datanode-5/data/ratis] (custom)
2021-10-27 07:37:25,190 [pool-150-thread-1] INFO  server.RaftServerConfigKeys (ConfUtils.java:logGet(44)) - raft.server.log.corruption.policy = EXCEPTION (default)
2021-10-27 07:37:25,191 [pool-150-thread-1] INFO  server.RaftServerConfigKeys (ConfUtils.java:logGet(44)) - raft.server.storage.free-space.min = 0MB (=0) (default)
2021-10-27 07:37:25,191 [pool-150-thread-1] INFO  storage.RaftStorageDirectory (RaftStorageDirectoryImpl.java:analyzeStorage(135)) - The storage directory /home/runner/work/ozone/ozone/hadoop-ozone/integration-test/target/test-dir/MiniOzoneClusterImpl-0a1afbdb-b897-4eb1-874c-1902c7f745ab/datanode-5/data/ratis/27d7918b-3d62-4154-8ce4-cef07ba104cf does not exist. Creating ...
2021-10-27 07:37:25,192 [pool-150-thread-1] INFO  storage.RaftStorageDirectory (RaftStorageDirectoryImpl.java:tryLock(230)) - Lock on /home/runner/work/ozone/ozone/hadoop-ozone/integration-test/target/test-dir/MiniOzoneClusterImpl-0a1afbdb-b897-4eb1-874c-1902c7f745ab/datanode-5/data/ratis/27d7918b-3d62-4154-8ce4-cef07ba104cf/in_use.lock acquired by nodename 22077@fv-az270-913
2021-10-27 07:37:25,197 [pool-150-thread-1] INFO  storage.RaftStorage (RaftStorageImpl.java:format(89)) - Storage directory /home/runner/work/ozone/ozone/hadoop-ozone/integration-test/target/test-dir/MiniOzoneClusterImpl-0a1afbdb-b897-4eb1-874c-1902c7f745ab/datanode-5/data/ratis/27d7918b-3d62-4154-8ce4-cef07ba104cf has been successfully formatted.
2021-10-27 07:37:25,197 [pool-150-thread-1] INFO  ratis.ContainerStateMachine (ContainerStateMachine.java:loadSnapshot(224)) - group-CEF07BA104CF: The snapshot info is null. Setting the last applied indexto:(t:0, i:~)
2021-10-27 07:37:25,197 [pool-150-thread-1] INFO  server.RaftServerConfigKeys (ConfUtils.java:logGet(44)) - raft.server.notification.no-leader.timeout = 300s (custom)
2021-10-27 07:37:25,198 [pool-150-thread-1] INFO  server.RaftServerConfigKeys (ConfUtils.java:logGet(44)) - raft.server.log.use.memory = false (default)
2021-10-27 07:37:25,198 [pool-150-thread-1] INFO  server.RaftServerConfigKeys (ConfUtils.java:logGet(44)) - raft.server.log.purge.gap = 1000000 (custom)
2021-10-27 07:37:25,198 [pool-150-thread-1] INFO  server.RaftServerConfigKeys (ConfUtils.java:logGet(44)) - raft.server.log.appender.buffer.byte-limit = 33554432 (custom)
2021-10-27 07:37:25,200 [pool-150-thread-1] INFO  server.RaftServerConfigKeys (ConfUtils.java:logGet(44)) - raft.server.log.segment.size.max = 1048576 (custom)
2021-10-27 07:37:25,200 [EventQueue-PipelineReportForPipelineReportHandler] INFO  pipeline.PipelineManagerImpl (PipelineManagerImpl.java:openPipeline(289)) - Pipeline Pipeline[ Id: 27d7918b-3d62-4154-8ce4-cef07ba104cf, Nodes: 782939c9-076d-4829-92e4-0049f0e10c2b{ip: 10.1.0.27, host: fv-az270-913.tacnzluakwdehk1hpragurqkma.bx.internal.cloudapp.net, ports: [REPLICATION=42433, RATIS=40741, RATIS_ADMIN=40741, RATIS_SERVER=40741, STANDALONE=39529], networkLocation: /default-rack, certSerialId: null, persistedOpState: IN_SERVICE, persistedOpStateExpiryEpochSec: 0}, ReplicationConfig: RATIS/ONE, State:ALLOCATED, leaderId:782939c9-076d-4829-92e4-0049f0e10c2b, CreationTimestamp2021-10-27T07:37:22.192Z[Etc/UTC]] moved to OPEN state
2021-10-27 07:37:25,201 [EventQueue-OpenPipelineForHealthyPipelineSafeModeRule] INFO  safemode.SCMSafeModeManager (HealthyPipelineSafeModeRule.java:process(124)) - SCM in safe mode. Healthy pipelines reported count is 0, required healthy pipeline reported count is 1
2021-10-27 07:37:25,205 [pool-150-thread-1] INFO  server.RaftServerConfigKeys (ConfUtils.java:logGet(44)) - raft.server.log.segment.cache.num.max = 2 (custom)
2021-10-27 07:37:25,206 [pool-150-thread-1] INFO  server.RaftServerConfigKeys (ConfUtils.java:logGet(44)) - raft.server.log.segment.cache.size.max = 200MB (=209715200) (default)
2021-10-27 07:37:25,206 [pool-150-thread-1] INFO  segmented.SegmentedRaftLogWorker (SegmentedRaftLogWorker.java:<init>(182)) - new 782939c9-076d-4829-92e4-0049f0e10c2b@group-CEF07BA104CF-SegmentedRaftLogWorker for RaftStorageImpl:Storage Directory /home/runner/work/ozone/ozone/hadoop-ozone/integration-test/target/test-dir/MiniOzoneClusterImpl-0a1afbdb-b897-4eb1-874c-1902c7f745ab/datanode-5/data/ratis/27d7918b-3d62-4154-8ce4-cef07ba104cf
2021-10-27 07:37:25,206 [pool-150-thread-1] INFO  server.RaftServerConfigKeys (ConfUtils.java:logGet(44)) - raft.server.log.queue.byte-limit = 2147483647 (custom)
2021-10-27 07:37:25,206 [pool-150-thread-1] INFO  server.RaftServerConfigKeys (ConfUtils.java:logGet(44)) - raft.server.log.queue.element-limit = 1024 (custom)
2021-10-27 07:37:25,207 [pool-150-thread-1] INFO  server.RaftServerConfigKeys (ConfUtils.java:logGet(44)) - raft.server.log.segment.size.max = 1048576 (custom)
2021-10-27 07:37:25,207 [pool-150-thread-1] INFO  server.RaftServerConfigKeys (ConfUtils.java:logGet(44)) - raft.server.log.preallocated.size = 16384 (custom)
2021-10-27 07:37:25,207 [pool-150-thread-1] INFO  server.RaftServerConfigKeys (ConfUtils.java:logGet(44)) - raft.server.log.force.sync.num = 128 (default)
2021-10-27 07:37:25,207 [pool-150-thread-1] INFO  server.RaftServerConfigKeys (ConfUtils.java:logGet(44)) - raft.server.log.statemachine.data.sync = true (default)
2021-10-27 07:37:25,207 [pool-150-thread-1] INFO  server.RaftServerConfigKeys (ConfUtils.java:logGet(44)) - raft.server.log.statemachine.data.sync.timeout = 10s (default)
2021-10-27 07:37:25,207 [pool-150-thread-1] INFO  server.RaftServerConfigKeys (ConfUtils.java:logGet(44)) - raft.server.log.statemachine.data.sync.timeout.retry = -1 (default)
2021-10-27 07:37:25,209 [pool-150-thread-1] INFO  server.RaftServerConfigKeys (ConfUtils.java:logGet(44)) - raft.server.log.write.buffer.size = 1048576 (custom)
2021-10-27 07:37:25,210 [pool-150-thread-1] INFO  server.RaftServerConfigKeys (ConfUtils.java:logGet(44)) - raft.server.log.statemachine.data.caching.enabled = true (custom)
2021-10-27 07:37:25,210 [pool-150-thread-1] INFO  segmented.SegmentedRaftLogWorker (SegmentedRaftLogWorker.java:lambda$new$0(133)) - 782939c9-076d-4829-92e4-0049f0e10c2b@group-CEF07BA104CF-SegmentedRaftLogWorker: flushIndex: setUnconditionally 0 -> -1
2021-10-27 07:37:25,211 [pool-150-thread-1] INFO  segmented.SegmentedRaftLogWorker (SegmentedRaftLogWorker.java:lambda$new$0(133)) - 782939c9-076d-4829-92e4-0049f0e10c2b@group-CEF07BA104CF-SegmentedRaftLogWorker: safeCacheEvictIndex: setUnconditionally 0 -> -1
2021-10-27 07:37:25,211 [pool-150-thread-1] INFO  server.RaftServerConfigKeys (ConfUtils.java:logGet(44)) - raft.server.snapshot.auto.trigger.enabled = true (custom)
2021-10-27 07:37:25,211 [pool-150-thread-1] INFO  server.RaftServerConfigKeys (ConfUtils.java:logGet(44)) - raft.server.snapshot.auto.trigger.threshold = 10000 (custom)
2021-10-27 07:37:25,211 [pool-150-thread-1] INFO  server.RaftServerConfigKeys (ConfUtils.java:logGet(44)) - raft.server.snapshot.retention.file.num = 5 (custom)
2021-10-27 07:37:25,211 [pool-150-thread-1] INFO  server.RaftServerConfigKeys (ConfUtils.java:logGet(44)) - raft.server.log.purge.upto.snapshot.index = false (default)
2021-10-27 07:37:25,211 [pool-150-thread-1] INFO  server.RaftServerConfigKeys (ConfUtils.java:logGet(44)) - raft.server.retrycache.expirytime = 600000ms (custom)
2021-10-27 07:37:25,212 [pool-150-thread-1] INFO  server.RaftServerConfigKeys (ConfUtils.java:logGet(44)) - raft.server.retrycache.statistics.expirytime = 100μs (default)
2021-10-27 07:37:25,214 [pool-150-thread-1] INFO  server.RaftServer$Division (RaftServerImpl.java:start(301)) - 782939c9-076d-4829-92e4-0049f0e10c2b@group-CEF07BA104CF: start as a follower, conf=-1: [782939c9-076d-4829-92e4-0049f0e10c2b|rpc:10.1.0.27:40741|priority:1], old=null
2021-10-27 07:37:25,214 [pool-150-thread-1] INFO  server.RaftServer$Division (RaftServerImpl.java:setRole(290)) - 782939c9-076d-4829-92e4-0049f0e10c2b@group-CEF07BA104CF: changes role from      null to FOLLOWER at term 0 for startAsFollower
2021-10-27 07:37:25,214 [pool-150-thread-1] INFO  impl.RoleInfo (RoleInfo.java:updateAndGet(130)) - 782939c9-076d-4829-92e4-0049f0e10c2b: start 782939c9-076d-4829-92e4-0049f0e10c2b@group-CEF07BA104CF-FollowerState
2021-10-27 07:37:25,214 [pool-150-thread-1] INFO  util.JmxRegister (JmxRegister.java:tryRegister(44)) - Successfully registered JMX Bean with object name Ratis:service=RaftServer,group=group-CEF07BA104CF,id=782939c9-076d-4829-92e4-0049f0e10c2b
2021-10-27 07:37:25,215 [Command processor thread] INFO  ratis.XceiverServerRatis (XceiverServerRatis.java:addGroup(768)) - Created group PipelineID=27d7918b-3d62-4154-8ce4-cef07ba104cf
2021-10-27 07:37:25,215 [Command processor thread] INFO  commandhandler.CreatePipelineCommandHandler (CreatePipelineCommandHandler.java:handle(106)) - Created Pipeline RATIS ONE PipelineID=27d7918b-3d62-4154-8ce4-cef07ba104cf.
2021-10-27 07:37:25,350 [EventQueue-OpenPipelineForHealthyPipelineSafeModeRule] INFO  safemode.SCMSafeModeManager (HealthyPipelineSafeModeRule.java:process(124)) - SCM in safe mode. Healthy pipelines reported count is 0, required healthy pipeline reported count is 1
2021-10-27 07:37:25,828 [EventQueue-OpenPipelineForHealthyPipelineSafeModeRule] INFO  safemode.SCMSafeModeManager (HealthyPipelineSafeModeRule.java:process(124)) - SCM in safe mode. Healthy pipelines reported count is 0, required healthy pipeline reported count is 1
2021-10-27 07:37:25,972 [EventQueue-OpenPipelineForHealthyPipelineSafeModeRule] INFO  safemode.SCMSafeModeManager (HealthyPipelineSafeModeRule.java:process(124)) - SCM in safe mode. Healthy pipelines reported count is 0, required healthy pipeline reported count is 1
2021-10-27 07:37:26,127 [ReplicationMonitor] INFO  container.ReplicationManager (ReplicationManager.java:processAll(371)) - Replication Monitor Thread took 1 milliseconds for processing 0 containers.
2021-10-27 07:37:26,185 [Listener at 127.0.0.1/37745] INFO  ozone.MiniOzoneClusterImpl (MiniOzoneClusterImpl.java:lambda$waitForClusterToBeReady$0(235)) - Nodes are ready. Got 6 of 6 DN Heartbeats.
2021-10-27 07:37:26,185 [Listener at 127.0.0.1/37745] INFO  ozone.MiniOzoneClusterImpl (MiniOzoneClusterImpl.java:lambda$waitForClusterToBeReady$0(238)) - Waiting for cluster to exit safe mode
2021-10-27 07:37:26,185 [Listener at 127.0.0.1/37745] INFO  ozone.MiniOzoneClusterImpl (MiniOzoneClusterImpl.java:lambda$waitForClusterToBeReady$0(240)) - SCM became leader
2021-10-27 07:37:26,201 [EventQueue-OpenPipelineForHealthyPipelineSafeModeRule] INFO  safemode.SCMSafeModeManager (HealthyPipelineSafeModeRule.java:process(124)) - SCM in safe mode. Healthy pipelines reported count is 0, required healthy pipeline reported count is 1
2021-10-27 07:37:26,350 [EventQueue-OpenPipelineForHealthyPipelineSafeModeRule] INFO  safemode.SCMSafeModeManager (HealthyPipelineSafeModeRule.java:process(124)) - SCM in safe mode. Healthy pipelines reported count is 0, required healthy pipeline reported count is 1
2021-10-27 07:37:26,558 [EventQueue-OpenPipelineForHealthyPipelineSafeModeRule] INFO  safemode.SCMSafeModeManager (HealthyPipelineSafeModeRule.java:process(124)) - SCM in safe mode. Healthy pipelines reported count is 0, required healthy pipeline reported count is 1
2021-10-27 07:37:26,739 [EventQueue-OpenPipelineForHealthyPipelineSafeModeRule] INFO  safemode.SCMSafeModeManager (HealthyPipelineSafeModeRule.java:process(124)) - SCM in safe mode. Healthy pipelines reported count is 0, required healthy pipeline reported count is 1
2021-10-27 07:37:26,828 [EventQueue-OpenPipelineForHealthyPipelineSafeModeRule] INFO  safemode.SCMSafeModeManager (HealthyPipelineSafeModeRule.java:process(124)) - SCM in safe mode. Healthy pipelines reported count is 0, required healthy pipeline reported count is 1
2021-10-27 07:37:26,973 [EventQueue-OpenPipelineForHealthyPipelineSafeModeRule] INFO  safemode.SCMSafeModeManager (HealthyPipelineSafeModeRule.java:process(124)) - SCM in safe mode. Healthy pipelines reported count is 0, required healthy pipeline reported count is 1
2021-10-27 07:37:27,127 [ReplicationMonitor] INFO  container.ReplicationManager (ReplicationManager.java:processAll(371)) - Replication Monitor Thread took 0 milliseconds for processing 0 containers.
2021-10-27 07:37:27,185 [Listener at 127.0.0.1/37745] INFO  ozone.MiniOzoneClusterImpl (MiniOzoneClusterImpl.java:lambda$waitForClusterToBeReady$0(235)) - Nodes are ready. Got 6 of 6 DN Heartbeats.
2021-10-27 07:37:27,186 [Listener at 127.0.0.1/37745] INFO  ozone.MiniOzoneClusterImpl (MiniOzoneClusterImpl.java:lambda$waitForClusterToBeReady$0(238)) - Waiting for cluster to exit safe mode
2021-10-27 07:37:27,186 [Listener at 127.0.0.1/37745] INFO  ozone.MiniOzoneClusterImpl (MiniOzoneClusterImpl.java:lambda$waitForClusterToBeReady$0(240)) - SCM became leader
2021-10-27 07:37:27,202 [EventQueue-OpenPipelineForHealthyPipelineSafeModeRule] INFO  safemode.SCMSafeModeManager (HealthyPipelineSafeModeRule.java:process(124)) - SCM in safe mode. Healthy pipelines reported count is 0, required healthy pipeline reported count is 1
2021-10-27 07:37:27,349 [EventQueue-OpenPipelineForHealthyPipelineSafeModeRule] INFO  safemode.SCMSafeModeManager (HealthyPipelineSafeModeRule.java:process(124)) - SCM in safe mode. Healthy pipelines reported count is 0, required healthy pipeline reported count is 1
2021-10-27 07:37:27,559 [EventQueue-OpenPipelineForHealthyPipelineSafeModeRule] INFO  safemode.SCMSafeModeManager (HealthyPipelineSafeModeRule.java:process(124)) - SCM in safe mode. Healthy pipelines reported count is 0, required healthy pipeline reported count is 1
2021-10-27 07:37:27,739 [EventQueue-OpenPipelineForHealthyPipelineSafeModeRule] INFO  safemode.SCMSafeModeManager (HealthyPipelineSafeModeRule.java:process(124)) - SCM in safe mode. Healthy pipelines reported count is 0, required healthy pipeline reported count is 1
2021-10-27 07:37:27,973 [EventQueue-OpenPipelineForHealthyPipelineSafeModeRule] INFO  safemode.SCMSafeModeManager (HealthyPipelineSafeModeRule.java:process(124)) - SCM in safe mode. Healthy pipelines reported count is 0, required healthy pipeline reported count is 1
2021-10-27 07:37:28,128 [ReplicationMonitor] INFO  container.ReplicationManager (ReplicationManager.java:processAll(371)) - Replication Monitor Thread took 0 milliseconds for processing 0 containers.
2021-10-27 07:37:28,186 [Listener at 127.0.0.1/37745] INFO  ozone.MiniOzoneClusterImpl (MiniOzoneClusterImpl.java:lambda$waitForClusterToBeReady$0(235)) - Nodes are ready. Got 6 of 6 DN Heartbeats.
2021-10-27 07:37:28,186 [Listener at 127.0.0.1/37745] INFO  ozone.MiniOzoneClusterImpl (MiniOzoneClusterImpl.java:lambda$waitForClusterToBeReady$0(238)) - Waiting for cluster to exit safe mode
2021-10-27 07:37:28,186 [Listener at 127.0.0.1/37745] INFO  ozone.MiniOzoneClusterImpl (MiniOzoneClusterImpl.java:lambda$waitForClusterToBeReady$0(240)) - SCM became leader
2021-10-27 07:37:28,559 [EventQueue-OpenPipelineForHealthyPipelineSafeModeRule] INFO  safemode.SCMSafeModeManager (HealthyPipelineSafeModeRule.java:process(124)) - SCM in safe mode. Healthy pipelines reported count is 0, required healthy pipeline reported count is 1
2021-10-27 07:37:28,779 [08697b45-8c04-4a3a-859b-c816be28ca7a@group-678C39C129E8-FollowerState] INFO  impl.FollowerState (FollowerState.java:run(134)) - 08697b45-8c04-4a3a-859b-c816be28ca7a@group-678C39C129E8-FollowerState: change to CANDIDATE, lastRpcElapsedTime:5013299633ns, electionTimeout:5011ms
2021-10-27 07:37:28,779 [08697b45-8c04-4a3a-859b-c816be28ca7a@group-678C39C129E8-FollowerState] INFO  impl.RoleInfo (RoleInfo.java:shutdownFollowerState(108)) - 08697b45-8c04-4a3a-859b-c816be28ca7a: shutdown 08697b45-8c04-4a3a-859b-c816be28ca7a@group-678C39C129E8-FollowerState
2021-10-27 07:37:28,779 [08697b45-8c04-4a3a-859b-c816be28ca7a@group-678C39C129E8-FollowerState] INFO  server.RaftServer$Division (RaftServerImpl.java:setRole(290)) - 08697b45-8c04-4a3a-859b-c816be28ca7a@group-678C39C129E8: changes role from  FOLLOWER to CANDIDATE at term 0 for changeToCandidate
2021-10-27 07:37:28,779 [08697b45-8c04-4a3a-859b-c816be28ca7a@group-678C39C129E8-FollowerState] INFO  server.RaftServerConfigKeys (ConfUtils.java:logGet(44)) - raft.server.leaderelection.pre-vote = false (custom)
2021-10-27 07:37:28,779 [08697b45-8c04-4a3a-859b-c816be28ca7a@group-678C39C129E8-FollowerState] INFO  impl.RoleInfo (RoleInfo.java:updateAndGet(130)) - 08697b45-8c04-4a3a-859b-c816be28ca7a: start 08697b45-8c04-4a3a-859b-c816be28ca7a@group-678C39C129E8-LeaderElection2
2021-10-27 07:37:28,791 [08697b45-8c04-4a3a-859b-c816be28ca7a@group-678C39C129E8-LeaderElection2] INFO  impl.LeaderElection (LeaderElection.java:askForVotes(306)) - 08697b45-8c04-4a3a-859b-c816be28ca7a@group-678C39C129E8-LeaderElection2 ELECTION round 0: submit vote requests at term 1 for -1: [51d19100-6e30-4d37-982f-c542a20199a8|rpc:10.1.0.27:34427|priority:1, 08697b45-8c04-4a3a-859b-c816be28ca7a|rpc:10.1.0.27:32979|priority:0, 9ec659bb-6946-4d87-b3c7-8f8c8e1e9f0e|rpc:10.1.0.27:46551|priority:0], old=null
2021-10-27 07:37:28,810 [08697b45-8c04-4a3a-859b-c816be28ca7a@group-58160334C962-FollowerState] INFO  impl.FollowerState (FollowerState.java:run(134)) - 08697b45-8c04-4a3a-859b-c816be28ca7a@group-58160334C962-FollowerState: change to CANDIDATE, lastRpcElapsedTime:5098875862ns, electionTimeout:5095ms
2021-10-27 07:37:28,811 [08697b45-8c04-4a3a-859b-c816be28ca7a@group-58160334C962-FollowerState] INFO  impl.RoleInfo (RoleInfo.java:shutdownFollowerState(108)) - 08697b45-8c04-4a3a-859b-c816be28ca7a: shutdown 08697b45-8c04-4a3a-859b-c816be28ca7a@group-58160334C962-FollowerState
2021-10-27 07:37:28,811 [08697b45-8c04-4a3a-859b-c816be28ca7a@group-58160334C962-FollowerState] INFO  server.RaftServer$Division (RaftServerImpl.java:setRole(290)) - 08697b45-8c04-4a3a-859b-c816be28ca7a@group-58160334C962: changes role from  FOLLOWER to CANDIDATE at term 0 for changeToCandidate
2021-10-27 07:37:28,812 [08697b45-8c04-4a3a-859b-c816be28ca7a@group-58160334C962-FollowerState] INFO  server.RaftServerConfigKeys (ConfUtils.java:logGet(44)) - raft.server.leaderelection.pre-vote = false (custom)
2021-10-27 07:37:28,812 [08697b45-8c04-4a3a-859b-c816be28ca7a@group-58160334C962-FollowerState] INFO  impl.RoleInfo (RoleInfo.java:updateAndGet(130)) - 08697b45-8c04-4a3a-859b-c816be28ca7a: start 08697b45-8c04-4a3a-859b-c816be28ca7a@group-58160334C962-LeaderElection3
2021-10-27 07:37:28,822 [grpc-default-executor-1] INFO  server.RaftServer$Division (RaftServerImpl.java:requestVote(1046)) - 51d19100-6e30-4d37-982f-c542a20199a8@group-678C39C129E8: receive requestVote(ELECTION, 08697b45-8c04-4a3a-859b-c816be28ca7a, group-678C39C129E8, 1, (t:0, i:0))
2021-10-27 07:37:28,824 [grpc-default-executor-1] INFO  impl.VoteContext (VoteContext.java:log(48)) - 51d19100-6e30-4d37-982f-c542a20199a8@group-678C39C129E8-FOLLOWER: reject ELECTION from 08697b45-8c04-4a3a-859b-c816be28ca7a: our priority 1 > candidate's priority 0
2021-10-27 07:37:28,828 [grpc-default-executor-1] INFO  server.RaftServer$Division (RaftServerImpl.java:setRole(290)) - 51d19100-6e30-4d37-982f-c542a20199a8@group-678C39C129E8: changes role from  FOLLOWER to FOLLOWER at term 1 for candidate:08697b45-8c04-4a3a-859b-c816be28ca7a
2021-10-27 07:37:28,829 [grpc-default-executor-1] INFO  impl.RoleInfo (RoleInfo.java:shutdownFollowerState(108)) - 51d19100-6e30-4d37-982f-c542a20199a8: shutdown 51d19100-6e30-4d37-982f-c542a20199a8@group-678C39C129E8-FollowerState
2021-10-27 07:37:28,829 [grpc-default-executor-1] INFO  impl.RoleInfo (RoleInfo.java:updateAndGet(130)) - 51d19100-6e30-4d37-982f-c542a20199a8: start 51d19100-6e30-4d37-982f-c542a20199a8@group-678C39C129E8-FollowerState
2021-10-27 07:37:28,830 [51d19100-6e30-4d37-982f-c542a20199a8@group-678C39C129E8-FollowerState] INFO  impl.FollowerState (FollowerState.java:run(143)) - 51d19100-6e30-4d37-982f-c542a20199a8@group-678C39C129E8-FollowerState was interrupted: {}
java.lang.InterruptedException: sleep interrupted
	at java.lang.Thread.sleep(Native Method)
	at java.lang.Thread.sleep(Thread.java:340)
	at java.util.concurrent.TimeUnit.sleep(TimeUnit.java:386)
	at org.apache.ratis.util.TimeDuration.sleep(TimeDuration.java:324)
	at org.apache.ratis.util.TimeDuration.sleep(TimeDuration.java:309)
	at org.apache.ratis.server.impl.FollowerState.run(FollowerState.java:118)
2021-10-27 07:37:28,833 [grpc-default-executor-2] INFO  server.RaftServer$Division (RaftServerImpl.java:requestVote(1046)) - 9ec659bb-6946-4d87-b3c7-8f8c8e1e9f0e@group-678C39C129E8: receive requestVote(ELECTION, 08697b45-8c04-4a3a-859b-c816be28ca7a, group-678C39C129E8, 1, (t:0, i:0))
2021-10-27 07:37:28,833 [grpc-default-executor-2] INFO  impl.VoteContext (VoteContext.java:log(48)) - 9ec659bb-6946-4d87-b3c7-8f8c8e1e9f0e@group-678C39C129E8-FOLLOWER: accept ELECTION from 08697b45-8c04-4a3a-859b-c816be28ca7a: our priority 0 <= candidate's priority 0
2021-10-27 07:37:28,834 [grpc-default-executor-2] INFO  server.RaftServer$Division (RaftServerImpl.java:setRole(290)) - 9ec659bb-6946-4d87-b3c7-8f8c8e1e9f0e@group-678C39C129E8: changes role from  FOLLOWER to FOLLOWER at term 1 for candidate:08697b45-8c04-4a3a-859b-c816be28ca7a
2021-10-27 07:37:28,835 [grpc-default-executor-2] INFO  impl.RoleInfo (RoleInfo.java:shutdownFollowerState(108)) - 9ec659bb-6946-4d87-b3c7-8f8c8e1e9f0e: shutdown 9ec659bb-6946-4d87-b3c7-8f8c8e1e9f0e@group-678C39C129E8-FollowerState
2021-10-27 07:37:28,835 [9ec659bb-6946-4d87-b3c7-8f8c8e1e9f0e@group-678C39C129E8-FollowerState] INFO  impl.FollowerState (FollowerState.java:run(143)) - 9ec659bb-6946-4d87-b3c7-8f8c8e1e9f0e@group-678C39C129E8-FollowerState was interrupted: {}
java.lang.InterruptedException: sleep interrupted
	at java.lang.Thread.sleep(Native Method)
	at java.lang.Thread.sleep(Thread.java:340)
	at java.util.concurrent.TimeUnit.sleep(TimeUnit.java:386)
	at org.apache.ratis.util.TimeDuration.sleep(TimeDuration.java:324)
	at org.apache.ratis.util.TimeDuration.sleep(TimeDuration.java:309)
	at org.apache.ratis.server.impl.FollowerState.run(FollowerState.java:118)
2021-10-27 07:37:28,835 [grpc-default-executor-2] INFO  impl.RoleInfo (RoleInfo.java:updateAndGet(130)) - 9ec659bb-6946-4d87-b3c7-8f8c8e1e9f0e: start 9ec659bb-6946-4d87-b3c7-8f8c8e1e9f0e@group-678C39C129E8-FollowerState
2021-10-27 07:37:28,835 [EventQueue-OpenPipelineForHealthyPipelineSafeModeRule] INFO  safemode.SCMSafeModeManager (HealthyPipelineSafeModeRule.java:process(124)) - SCM in safe mode. Healthy pipelines reported count is 0, required healthy pipeline reported count is 1
2021-10-27 07:37:28,832 [08697b45-8c04-4a3a-859b-c816be28ca7a@group-58160334C962-LeaderElection3] INFO  impl.LeaderElection (LeaderElection.java:askForVotes(306)) - 08697b45-8c04-4a3a-859b-c816be28ca7a@group-58160334C962-LeaderElection3 ELECTION round 0: submit vote requests at term 1 for -1: [08697b45-8c04-4a3a-859b-c816be28ca7a|rpc:10.1.0.27:32979|priority:1], old=null
2021-10-27 07:37:28,842 [08697b45-8c04-4a3a-859b-c816be28ca7a@group-58160334C962-LeaderElection3] INFO  impl.LeaderElection (LeaderElection.java:askForVotes(308)) - 08697b45-8c04-4a3a-859b-c816be28ca7a@group-58160334C962-LeaderElection3 ELECTION round 0: result PASSED (term=1)
2021-10-27 07:37:28,843 [08697b45-8c04-4a3a-859b-c816be28ca7a@group-58160334C962-LeaderElection3] INFO  impl.RoleInfo (RoleInfo.java:shutdownLeaderElection(121)) - 08697b45-8c04-4a3a-859b-c816be28ca7a: shutdown 08697b45-8c04-4a3a-859b-c816be28ca7a@group-58160334C962-LeaderElection3
2021-10-27 07:37:28,843 [08697b45-8c04-4a3a-859b-c816be28ca7a@group-58160334C962-LeaderElection3] INFO  server.RaftServer$Division (RaftServerImpl.java:setRole(290)) - 08697b45-8c04-4a3a-859b-c816be28ca7a@group-58160334C962: changes role from CANDIDATE to LEADER at term 1 for changeToLeader
2021-10-27 07:37:28,843 [08697b45-8c04-4a3a-859b-c816be28ca7a@group-58160334C962-LeaderElection3] INFO  ratis.XceiverServerRatis (XceiverServerRatis.java:handleLeaderChangedNotification(866)) - Leader change notification received for group: group-58160334C962 with new leaderId: 08697b45-8c04-4a3a-859b-c816be28ca7a
2021-10-27 07:37:28,843 [08697b45-8c04-4a3a-859b-c816be28ca7a@group-58160334C962-LeaderElection3] INFO  server.RaftServer$Division (ServerState.java:setLeader(285)) - 08697b45-8c04-4a3a-859b-c816be28ca7a@group-58160334C962: change Leader from null to 08697b45-8c04-4a3a-859b-c816be28ca7a at term 1 for becomeLeader, leader elected after 5154ms
2021-10-27 07:37:28,843 [08697b45-8c04-4a3a-859b-c816be28ca7a@group-58160334C962-LeaderElection3] INFO  server.RaftServerConfigKeys (ConfUtils.java:logGet(44)) - raft.server.staging.catchup.gap = 1000 (default)
2021-10-27 07:37:28,844 [08697b45-8c04-4a3a-859b-c816be28ca7a@group-58160334C962-LeaderElection3] INFO  server.RaftServerConfigKeys (ConfUtils.java:logGet(44)) - raft.server.write.element-limit = 1024 (custom)
2021-10-27 07:37:28,844 [08697b45-8c04-4a3a-859b-c816be28ca7a@group-58160334C962-LeaderElection3] INFO  server.RaftServerConfigKeys (ConfUtils.java:logGet(44)) - raft.server.write.byte-limit = 1024 M (=1073741824) (custom)
2021-10-27 07:37:28,844 [08697b45-8c04-4a3a-859b-c816be28ca7a@group-58160334C962-LeaderElection3] INFO  server.RaftServerConfigKeys (ConfUtils.java:logGet(44)) - raft.server.watch.timeout = 180s (custom)
2021-10-27 07:37:28,844 [08697b45-8c04-4a3a-859b-c816be28ca7a@group-58160334C962-LeaderElection3] INFO  server.RaftServerConfigKeys (ConfUtils.java:logGet(44)) - raft.server.watch.timeout.denomination = 1s (default)
2021-10-27 07:37:28,844 [08697b45-8c04-4a3a-859b-c816be28ca7a@group-58160334C962-LeaderElection3] INFO  server.RaftServerConfigKeys (ConfUtils.java:logGet(44)) - raft.server.watch.element-limit = 65536 (default)
2021-10-27 07:37:28,844 [08697b45-8c04-4a3a-859b-c816be28ca7a@group-58160334C962-LeaderElection3] INFO  server.RaftServerConfigKeys (ConfUtils.java:logGet(44)) - raft.server.write.element-limit = 1024 (custom)
2021-10-27 07:37:28,844 [08697b45-8c04-4a3a-859b-c816be28ca7a@group-58160334C962-LeaderElection3] INFO  server.RaftServerConfigKeys (ConfUtils.java:logGet(44)) - raft.server.write.follower.gap.ratio.max = -1.0 (default)
2021-10-27 07:37:28,845 [08697b45-8c04-4a3a-859b-c816be28ca7a@group-58160334C962-LeaderElection3] INFO  impl.RoleInfo (RoleInfo.java:updateAndGet(130)) - 08697b45-8c04-4a3a-859b-c816be28ca7a: start 08697b45-8c04-4a3a-859b-c816be28ca7a@group-58160334C962-LeaderStateImpl
2021-10-27 07:37:28,845 [EventQueue-OpenPipelineForHealthyPipelineSafeModeRule] INFO  safemode.SCMSafeModeManager (HealthyPipelineSafeModeRule.java:process(124)) - SCM in safe mode. Healthy pipelines reported count is 0, required healthy pipeline reported count is 1
2021-10-27 07:37:28,845 [08697b45-8c04-4a3a-859b-c816be28ca7a@group-58160334C962-LeaderElection3] INFO  segmented.SegmentedRaftLogWorker (SegmentedRaftLogWorker.java:startLogSegment(394)) - 08697b45-8c04-4a3a-859b-c816be28ca7a@group-58160334C962-SegmentedRaftLogWorker: Starting segment from index:0
2021-10-27 07:37:28,842 [grpc-default-executor-2] INFO  server.RaftServer$Division (RaftServerImpl.java:requestVote(1078)) - 9ec659bb-6946-4d87-b3c7-8f8c8e1e9f0e@group-678C39C129E8 replies to ELECTION vote request: 08697b45-8c04-4a3a-859b-c816be28ca7a<-9ec659bb-6946-4d87-b3c7-8f8c8e1e9f0e#0:OK-t1. Peer's state: 9ec659bb-6946-4d87-b3c7-8f8c8e1e9f0e@group-678C39C129E8:t1, leader=null, voted=08697b45-8c04-4a3a-859b-c816be28ca7a, raftlog=9ec659bb-6946-4d87-b3c7-8f8c8e1e9f0e@group-678C39C129E8-SegmentedRaftLog:OPENED:c-1, conf=-1: [51d19100-6e30-4d37-982f-c542a20199a8|rpc:10.1.0.27:34427|dataStream:|priority:1, 08697b45-8c04-4a3a-859b-c816be28ca7a|rpc:10.1.0.27:32979|dataStream:|priority:0, 9ec659bb-6946-4d87-b3c7-8f8c8e1e9f0e|rpc:10.1.0.27:46551|dataStream:|priority:0], old=null
2021-10-27 07:37:28,840 [grpc-default-executor-1] INFO  server.RaftServer$Division (RaftServerImpl.java:requestVote(1078)) - 51d19100-6e30-4d37-982f-c542a20199a8@group-678C39C129E8 replies to ELECTION vote request: 08697b45-8c04-4a3a-859b-c816be28ca7a<-51d19100-6e30-4d37-982f-c542a20199a8#0:FAIL-t1. Peer's state: 51d19100-6e30-4d37-982f-c542a20199a8@group-678C39C129E8:t1, leader=null, voted=null, raftlog=51d19100-6e30-4d37-982f-c542a20199a8@group-678C39C129E8-SegmentedRaftLog:OPENED:c-1, conf=-1: [51d19100-6e30-4d37-982f-c542a20199a8|rpc:10.1.0.27:34427|priority:1, 08697b45-8c04-4a3a-859b-c816be28ca7a|rpc:10.1.0.27:32979|priority:0, 9ec659bb-6946-4d87-b3c7-8f8c8e1e9f0e|rpc:10.1.0.27:46551|priority:0], old=null
2021-10-27 07:37:28,847 [08697b45-8c04-4a3a-859b-c816be28ca7a@group-58160334C962-SegmentedRaftLogWorker] INFO  segmented.SegmentedRaftLogWorker (SegmentedRaftLogWorker.java:execute(601)) - 08697b45-8c04-4a3a-859b-c816be28ca7a@group-58160334C962-SegmentedRaftLogWorker: created new log segment /home/runner/work/ozone/ozone/hadoop-ozone/integration-test/target/test-dir/MiniOzoneClusterImpl-0a1afbdb-b897-4eb1-874c-1902c7f745ab/datanode-0/data/ratis/2313d1cc-167f-4c0c-99eb-58160334c962/current/log_inprogress_0
2021-10-27 07:37:28,860 [08697b45-8c04-4a3a-859b-c816be28ca7a@group-58160334C962-LeaderElection3] INFO  server.RaftServer$Division (ServerState.java:setRaftConf(387)) - 08697b45-8c04-4a3a-859b-c816be28ca7a@group-58160334C962: set configuration 0: [08697b45-8c04-4a3a-859b-c816be28ca7a|rpc:10.1.0.27:32979|dataStream:|priority:1], old=null
2021-10-27 07:37:28,861 [08697b45-8c04-4a3a-859b-c816be28ca7a@group-678C39C129E8-LeaderElection2] INFO  impl.LeaderElection (LeaderElection.java:logAndReturn(89)) - 08697b45-8c04-4a3a-859b-c816be28ca7a@group-678C39C129E8-LeaderElection2: ELECTION REJECTED received 2 response(s) and 0 exception(s):
2021-10-27 07:37:28,862 [08697b45-8c04-4a3a-859b-c816be28ca7a@group-678C39C129E8-LeaderElection2] INFO  impl.LeaderElection (LeaderElection.java:logAndReturn(93)) -   Response 0: 08697b45-8c04-4a3a-859b-c816be28ca7a<-51d19100-6e30-4d37-982f-c542a20199a8#0:FAIL-t1
2021-10-27 07:37:28,862 [08697b45-8c04-4a3a-859b-c816be28ca7a@group-678C39C129E8-LeaderElection2] INFO  impl.LeaderElection (LeaderElection.java:logAndReturn(93)) -   Response 1: 08697b45-8c04-4a3a-859b-c816be28ca7a<-9ec659bb-6946-4d87-b3c7-8f8c8e1e9f0e#0:OK-t1
2021-10-27 07:37:28,862 [08697b45-8c04-4a3a-859b-c816be28ca7a@group-678C39C129E8-LeaderElection2] INFO  impl.LeaderElection (LeaderElection.java:askForVotes(308)) - 08697b45-8c04-4a3a-859b-c816be28ca7a@group-678C39C129E8-LeaderElection2 ELECTION round 0: result REJECTED
2021-10-27 07:37:28,862 [08697b45-8c04-4a3a-859b-c816be28ca7a@group-678C39C129E8-LeaderElection2] INFO  server.RaftServer$Division (RaftServerImpl.java:setRole(290)) - 08697b45-8c04-4a3a-859b-c816be28ca7a@group-678C39C129E8: changes role from CANDIDATE to FOLLOWER at term 1 for REJECTED
2021-10-27 07:37:28,863 [08697b45-8c04-4a3a-859b-c816be28ca7a@group-678C39C129E8-LeaderElection2] INFO  impl.RoleInfo (RoleInfo.java:shutdownLeaderElection(121)) - 08697b45-8c04-4a3a-859b-c816be28ca7a: shutdown 08697b45-8c04-4a3a-859b-c816be28ca7a@group-678C39C129E8-LeaderElection2
2021-10-27 07:37:28,863 [08697b45-8c04-4a3a-859b-c816be28ca7a@group-678C39C129E8-LeaderElection2] INFO  impl.RoleInfo (RoleInfo.java:updateAndGet(130)) - 08697b45-8c04-4a3a-859b-c816be28ca7a: start 08697b45-8c04-4a3a-859b-c816be28ca7a@group-678C39C129E8-FollowerState
2021-10-27 07:37:29,128 [ReplicationMonitor] INFO  container.ReplicationManager (ReplicationManager.java:processAll(371)) - Replication Monitor Thread took 0 milliseconds for processing 0 containers.
2021-10-27 07:37:29,187 [Listener at 127.0.0.1/37745] INFO  ozone.MiniOzoneClusterImpl (MiniOzoneClusterImpl.java:lambda$waitForClusterToBeReady$0(235)) - Nodes are ready. Got 6 of 6 DN Heartbeats.
2021-10-27 07:37:29,187 [Listener at 127.0.0.1/37745] INFO  ozone.MiniOzoneClusterImpl (MiniOzoneClusterImpl.java:lambda$waitForClusterToBeReady$0(238)) - Waiting for cluster to exit safe mode
2021-10-27 07:37:29,187 [Listener at 127.0.0.1/37745] INFO  ozone.MiniOzoneClusterImpl (MiniOzoneClusterImpl.java:lambda$waitForClusterToBeReady$0(240)) - SCM became leader
2021-10-27 07:37:29,202 [EventQueue-OpenPipelineForHealthyPipelineSafeModeRule] INFO  safemode.SCMSafeModeManager (HealthyPipelineSafeModeRule.java:process(124)) - SCM in safe mode. Healthy pipelines reported count is 0, required healthy pipeline reported count is 1
2021-10-27 07:37:29,350 [EventQueue-OpenPipelineForHealthyPipelineSafeModeRule] INFO  safemode.SCMSafeModeManager (HealthyPipelineSafeModeRule.java:process(124)) - SCM in safe mode. Healthy pipelines reported count is 0, required healthy pipeline reported count is 1
2021-10-27 07:37:29,444 [51d19100-6e30-4d37-982f-c542a20199a8@group-1C963FB4BA19-FollowerState] INFO  impl.FollowerState (FollowerState.java:run(134)) - 51d19100-6e30-4d37-982f-c542a20199a8@group-1C963FB4BA19-FollowerState: change to CANDIDATE, lastRpcElapsedTime:5127127885ns, electionTimeout:5125ms
2021-10-27 07:37:29,444 [51d19100-6e30-4d37-982f-c542a20199a8@group-1C963FB4BA19-FollowerState] INFO  impl.RoleInfo (RoleInfo.java:shutdownFollowerState(108)) - 51d19100-6e30-4d37-982f-c542a20199a8: shutdown 51d19100-6e30-4d37-982f-c542a20199a8@group-1C963FB4BA19-FollowerState
2021-10-27 07:37:29,445 [51d19100-6e30-4d37-982f-c542a20199a8@group-1C963FB4BA19-FollowerState] INFO  server.RaftServer$Division (RaftServerImpl.java:setRole(290)) - 51d19100-6e30-4d37-982f-c542a20199a8@group-1C963FB4BA19: changes role from  FOLLOWER to CANDIDATE at term 0 for changeToCandidate
2021-10-27 07:37:29,445 [51d19100-6e30-4d37-982f-c542a20199a8@group-1C963FB4BA19-FollowerState] INFO  server.RaftServerConfigKeys (ConfUtils.java:logGet(44)) - raft.server.leaderelection.pre-vote = false (custom)
2021-10-27 07:37:29,445 [51d19100-6e30-4d37-982f-c542a20199a8@group-1C963FB4BA19-FollowerState] INFO  impl.RoleInfo (RoleInfo.java:updateAndGet(130)) - 51d19100-6e30-4d37-982f-c542a20199a8: start 51d19100-6e30-4d37-982f-c542a20199a8@group-1C963FB4BA19-LeaderElection4
2021-10-27 07:37:29,451 [51d19100-6e30-4d37-982f-c542a20199a8@group-1C963FB4BA19-LeaderElection4] INFO  impl.LeaderElection (LeaderElection.java:askForVotes(306)) - 51d19100-6e30-4d37-982f-c542a20199a8@group-1C963FB4BA19-LeaderElection4 ELECTION round 0: submit vote requests at term 1 for -1: [51d19100-6e30-4d37-982f-c542a20199a8|rpc:10.1.0.27:34427|priority:1], old=null
2021-10-27 07:37:29,451 [51d19100-6e30-4d37-982f-c542a20199a8@group-1C963FB4BA19-LeaderElection4] INFO  impl.LeaderElection (LeaderElection.java:askForVotes(308)) - 51d19100-6e30-4d37-982f-c542a20199a8@group-1C963FB4BA19-LeaderElection4 ELECTION round 0: result PASSED (term=1)
2021-10-27 07:37:29,451 [51d19100-6e30-4d37-982f-c542a20199a8@group-1C963FB4BA19-LeaderElection4] INFO  impl.RoleInfo (RoleInfo.java:shutdownLeaderElection(121)) - 51d19100-6e30-4d37-982f-c542a20199a8: shutdown 51d19100-6e30-4d37-982f-c542a20199a8@group-1C963FB4BA19-LeaderElection4
2021-10-27 07:37:29,451 [51d19100-6e30-4d37-982f-c542a20199a8@group-1C963FB4BA19-LeaderElection4] INFO  server.RaftServer$Division (RaftServerImpl.java:setRole(290)) - 51d19100-6e30-4d37-982f-c542a20199a8@group-1C963FB4BA19: changes role from CANDIDATE to LEADER at term 1 for changeToLeader
2021-10-27 07:37:29,451 [51d19100-6e30-4d37-982f-c542a20199a8@group-1C963FB4BA19-LeaderElection4] INFO  ratis.XceiverServerRatis (XceiverServerRatis.java:handleLeaderChangedNotification(866)) - Leader change notification received for group: group-1C963FB4BA19 with new leaderId: 51d19100-6e30-4d37-982f-c542a20199a8
2021-10-27 07:37:29,452 [51d19100-6e30-4d37-982f-c542a20199a8@group-1C963FB4BA19-LeaderElection4] INFO  server.RaftServer$Division (ServerState.java:setLeader(285)) - 51d19100-6e30-4d37-982f-c542a20199a8@group-1C963FB4BA19: change Leader from null to 51d19100-6e30-4d37-982f-c542a20199a8 at term 1 for becomeLeader, leader elected after 5143ms
2021-10-27 07:37:29,452 [51d19100-6e30-4d37-982f-c542a20199a8@group-1C963FB4BA19-LeaderElection4] INFO  server.RaftServerConfigKeys (ConfUtils.java:logGet(44)) - raft.server.staging.catchup.gap = 1000 (default)
2021-10-27 07:37:29,452 [51d19100-6e30-4d37-982f-c542a20199a8@group-1C963FB4BA19-LeaderElection4] INFO  server.RaftServerConfigKeys (ConfUtils.java:logGet(44)) - raft.server.write.element-limit = 1024 (custom)
2021-10-27 07:37:29,452 [51d19100-6e30-4d37-982f-c542a20199a8@group-1C963FB4BA19-LeaderElection4] INFO  server.RaftServerConfigKeys (ConfUtils.java:logGet(44)) - raft.server.write.byte-limit = 1024 M (=1073741824) (custom)
2021-10-27 07:37:29,453 [51d19100-6e30-4d37-982f-c542a20199a8@group-1C963FB4BA19-LeaderElection4] INFO  server.RaftServerConfigKeys (ConfUtils.java:logGet(44)) - raft.server.watch.timeout = 180s (custom)
2021-10-27 07:37:29,455 [51d19100-6e30-4d37-982f-c542a20199a8@group-1C963FB4BA19-LeaderElection4] INFO  server.RaftServerConfigKeys (ConfUtils.java:logGet(44)) - raft.server.watch.timeout.denomination = 1s (default)
2021-10-27 07:37:29,455 [51d19100-6e30-4d37-982f-c542a20199a8@group-1C963FB4BA19-LeaderElection4] INFO  server.RaftServerConfigKeys (ConfUtils.java:logGet(44)) - raft.server.watch.element-limit = 65536 (default)
2021-10-27 07:37:29,454 [EventQueue-OpenPipelineForHealthyPipelineSafeModeRule] INFO  safemode.SCMSafeModeManager (HealthyPipelineSafeModeRule.java:process(124)) - SCM in safe mode. Healthy pipelines reported count is 0, required healthy pipeline reported count is 1
2021-10-27 07:37:29,455 [51d19100-6e30-4d37-982f-c542a20199a8@group-1C963FB4BA19-LeaderElection4] INFO  server.RaftServerConfigKeys (ConfUtils.java:logGet(44)) - raft.server.write.element-limit = 1024 (custom)
2021-10-27 07:37:29,455 [51d19100-6e30-4d37-982f-c542a20199a8@group-1C963FB4BA19-LeaderElection4] INFO  server.RaftServerConfigKeys (ConfUtils.java:logGet(44)) - raft.server.write.follower.gap.ratio.max = -1.0 (default)
2021-10-27 07:37:29,456 [51d19100-6e30-4d37-982f-c542a20199a8@group-1C963FB4BA19-LeaderElection4] INFO  impl.RoleInfo (RoleInfo.java:updateAndGet(130)) - 51d19100-6e30-4d37-982f-c542a20199a8: start 51d19100-6e30-4d37-982f-c542a20199a8@group-1C963FB4BA19-LeaderStateImpl
2021-10-27 07:37:29,456 [51d19100-6e30-4d37-982f-c542a20199a8@group-1C963FB4BA19-LeaderElection4] INFO  segmented.SegmentedRaftLogWorker (SegmentedRaftLogWorker.java:startLogSegment(394)) - 51d19100-6e30-4d37-982f-c542a20199a8@group-1C963FB4BA19-SegmentedRaftLogWorker: Starting segment from index:0
2021-10-27 07:37:29,458 [51d19100-6e30-4d37-982f-c542a20199a8@group-1C963FB4BA19-SegmentedRaftLogWorker] INFO  segmented.SegmentedRaftLogWorker (SegmentedRaftLogWorker.java:execute(601)) - 51d19100-6e30-4d37-982f-c542a20199a8@group-1C963FB4BA19-SegmentedRaftLogWorker: created new log segment /home/runner/work/ozone/ozone/hadoop-ozone/integration-test/target/test-dir/MiniOzoneClusterImpl-0a1afbdb-b897-4eb1-874c-1902c7f745ab/datanode-1/data/ratis/ece53a15-d5ad-4e19-88fa-1c963fb4ba19/current/log_inprogress_0
2021-10-27 07:37:29,458 [51d19100-6e30-4d37-982f-c542a20199a8@group-1C963FB4BA19-LeaderElection4] INFO  server.RaftServer$Division (ServerState.java:setRaftConf(387)) - 51d19100-6e30-4d37-982f-c542a20199a8@group-1C963FB4BA19: set configuration 0: [51d19100-6e30-4d37-982f-c542a20199a8|rpc:10.1.0.27:34427|dataStream:|priority:1], old=null
2021-10-27 07:37:29,697 [9ec659bb-6946-4d87-b3c7-8f8c8e1e9f0e@group-B48FAFCFE98E-FollowerState] INFO  impl.FollowerState (FollowerState.java:run(134)) - 9ec659bb-6946-4d87-b3c7-8f8c8e1e9f0e@group-B48FAFCFE98E-FollowerState: change to CANDIDATE, lastRpcElapsedTime:5126244393ns, electionTimeout:5125ms
2021-10-27 07:37:29,697 [9ec659bb-6946-4d87-b3c7-8f8c8e1e9f0e@group-B48FAFCFE98E-FollowerState] INFO  impl.RoleInfo (RoleInfo.java:shutdownFollowerState(108)) - 9ec659bb-6946-4d87-b3c7-8f8c8e1e9f0e: shutdown 9ec659bb-6946-4d87-b3c7-8f8c8e1e9f0e@group-B48FAFCFE98E-FollowerState
2021-10-27 07:37:29,697 [9ec659bb-6946-4d87-b3c7-8f8c8e1e9f0e@group-B48FAFCFE98E-FollowerState] INFO  server.RaftServer$Division (RaftServerImpl.java:setRole(290)) - 9ec659bb-6946-4d87-b3c7-8f8c8e1e9f0e@group-B48FAFCFE98E: changes role from  FOLLOWER to CANDIDATE at term 0 for changeToCandidate
2021-10-27 07:37:29,697 [9ec659bb-6946-4d87-b3c7-8f8c8e1e9f0e@group-B48FAFCFE98E-FollowerState] INFO  server.RaftServerConfigKeys (ConfUtils.java:logGet(44)) - raft.server.leaderelection.pre-vote = false (custom)
2021-10-27 07:37:29,697 [9ec659bb-6946-4d87-b3c7-8f8c8e1e9f0e@group-B48FAFCFE98E-FollowerState] INFO  impl.RoleInfo (RoleInfo.java:updateAndGet(130)) - 9ec659bb-6946-4d87-b3c7-8f8c8e1e9f0e: start 9ec659bb-6946-4d87-b3c7-8f8c8e1e9f0e@group-B48FAFCFE98E-LeaderElection5
2021-10-27 07:37:29,701 [9ec659bb-6946-4d87-b3c7-8f8c8e1e9f0e@group-B48FAFCFE98E-LeaderElection5] INFO  impl.LeaderElection (LeaderElection.java:askForVotes(306)) - 9ec659bb-6946-4d87-b3c7-8f8c8e1e9f0e@group-B48FAFCFE98E-LeaderElection5 ELECTION round 0: submit vote requests at term 1 for -1: [9ec659bb-6946-4d87-b3c7-8f8c8e1e9f0e|rpc:10.1.0.27:46551|priority:1], old=null
2021-10-27 07:37:29,701 [9ec659bb-6946-4d87-b3c7-8f8c8e1e9f0e@group-B48FAFCFE98E-LeaderElection5] INFO  impl.LeaderElection (LeaderElection.java:askForVotes(308)) - 9ec659bb-6946-4d87-b3c7-8f8c8e1e9f0e@group-B48FAFCFE98E-LeaderElection5 ELECTION round 0: result PASSED (term=1)
2021-10-27 07:37:29,701 [9ec659bb-6946-4d87-b3c7-8f8c8e1e9f0e@group-B48FAFCFE98E-LeaderElection5] INFO  impl.RoleInfo (RoleInfo.java:shutdownLeaderElection(121)) - 9ec659bb-6946-4d87-b3c7-8f8c8e1e9f0e: shutdown 9ec659bb-6946-4d87-b3c7-8f8c8e1e9f0e@group-B48FAFCFE98E-LeaderElection5
2021-10-27 07:37:29,702 [9ec659bb-6946-4d87-b3c7-8f8c8e1e9f0e@group-B48FAFCFE98E-LeaderElection5] INFO  server.RaftServer$Division (RaftServerImpl.java:setRole(290)) - 9ec659bb-6946-4d87-b3c7-8f8c8e1e9f0e@group-B48FAFCFE98E: changes role from CANDIDATE to LEADER at term 1 for changeToLeader
2021-10-27 07:37:29,702 [9ec659bb-6946-4d87-b3c7-8f8c8e1e9f0e@group-B48FAFCFE98E-LeaderElection5] INFO  ratis.XceiverServerRatis (XceiverServerRatis.java:handleLeaderChangedNotification(866)) - Leader change notification received for group: group-B48FAFCFE98E with new leaderId: 9ec659bb-6946-4d87-b3c7-8f8c8e1e9f0e
2021-10-27 07:37:29,703 [9ec659bb-6946-4d87-b3c7-8f8c8e1e9f0e@group-B48FAFCFE98E-LeaderElection5] INFO  server.RaftServer$Division (ServerState.java:setLeader(285)) - 9ec659bb-6946-4d87-b3c7-8f8c8e1e9f0e@group-B48FAFCFE98E: change Leader from null to 9ec659bb-6946-4d87-b3c7-8f8c8e1e9f0e at term 1 for becomeLeader, leader elected after 5147ms
2021-10-27 07:37:29,703 [9ec659bb-6946-4d87-b3c7-8f8c8e1e9f0e@group-B48FAFCFE98E-LeaderElection5] INFO  server.RaftServerConfigKeys (ConfUtils.java:logGet(44)) - raft.server.staging.catchup.gap = 1000 (default)
2021-10-27 07:37:29,708 [EventQueue-OpenPipelineForHealthyPipelineSafeModeRule] INFO  safemode.SCMSafeModeManager (HealthyPipelineSafeModeRule.java:process(124)) - SCM in safe mode. Healthy pipelines reported count is 0, required healthy pipeline reported count is 1
2021-10-27 07:37:29,708 [9ec659bb-6946-4d87-b3c7-8f8c8e1e9f0e@group-B48FAFCFE98E-LeaderElection5] INFO  server.RaftServerConfigKeys (ConfUtils.java:logGet(44)) - raft.server.write.element-limit = 1024 (custom)
2021-10-27 07:37:29,708 [9ec659bb-6946-4d87-b3c7-8f8c8e1e9f0e@group-B48FAFCFE98E-LeaderElection5] INFO  server.RaftServerConfigKeys (ConfUtils.java:logGet(44)) - raft.server.write.byte-limit = 1024 M (=1073741824) (custom)
2021-10-27 07:37:29,710 [9ec659bb-6946-4d87-b3c7-8f8c8e1e9f0e@group-B48FAFCFE98E-LeaderElection5] INFO  server.RaftServerConfigKeys (ConfUtils.java:logGet(44)) - raft.server.watch.timeout = 180s (custom)
2021-10-27 07:37:29,710 [9ec659bb-6946-4d87-b3c7-8f8c8e1e9f0e@group-B48FAFCFE98E-LeaderElection5] INFO  server.RaftServerConfigKeys (ConfUtils.java:logGet(44)) - raft.server.watch.timeout.denomination = 1s (default)
2021-10-27 07:37:29,710 [9ec659bb-6946-4d87-b3c7-8f8c8e1e9f0e@group-B48FAFCFE98E-LeaderElection5] INFO  server.RaftServerConfigKeys (ConfUtils.java:logGet(44)) - raft.server.watch.element-limit = 65536 (default)
2021-10-27 07:37:29,710 [9ec659bb-6946-4d87-b3c7-8f8c8e1e9f0e@group-B48FAFCFE98E-LeaderElection5] INFO  server.RaftServerConfigKeys (ConfUtils.java:logGet(44)) - raft.server.write.element-limit = 1024 (custom)
2021-10-27 07:37:29,710 [9ec659bb-6946-4d87-b3c7-8f8c8e1e9f0e@group-B48FAFCFE98E-LeaderElection5] INFO  server.RaftServerConfigKeys (ConfUtils.java:logGet(44)) - raft.server.write.follower.gap.ratio.max = -1.0 (default)
2021-10-27 07:37:29,711 [9ec659bb-6946-4d87-b3c7-8f8c8e1e9f0e@group-B48FAFCFE98E-LeaderElection5] INFO  impl.RoleInfo (RoleInfo.java:updateAndGet(130)) - 9ec659bb-6946-4d87-b3c7-8f8c8e1e9f0e: start 9ec659bb-6946-4d87-b3c7-8f8c8e1e9f0e@group-B48FAFCFE98E-LeaderStateImpl
2021-10-27 07:37:29,711 [9ec659bb-6946-4d87-b3c7-8f8c8e1e9f0e@group-B48FAFCFE98E-LeaderElection5] INFO  segmented.SegmentedRaftLogWorker (SegmentedRaftLogWorker.java:startLogSegment(394)) - 9ec659bb-6946-4d87-b3c7-8f8c8e1e9f0e@group-B48FAFCFE98E-SegmentedRaftLogWorker: Starting segment from index:0
2021-10-27 07:37:29,712 [9ec659bb-6946-4d87-b3c7-8f8c8e1e9f0e@group-B48FAFCFE98E-LeaderElection5] INFO  server.RaftServer$Division (ServerState.java:setRaftConf(387)) - 9ec659bb-6946-4d87-b3c7-8f8c8e1e9f0e@group-B48FAFCFE98E: set configuration 0: [9ec659bb-6946-4d87-b3c7-8f8c8e1e9f0e|rpc:10.1.0.27:46551|dataStream:|priority:1], old=null
2021-10-27 07:37:29,713 [9ec659bb-6946-4d87-b3c7-8f8c8e1e9f0e@group-B48FAFCFE98E-SegmentedRaftLogWorker] INFO  segmented.SegmentedRaftLogWorker (SegmentedRaftLogWorker.java:execute(601)) - 9ec659bb-6946-4d87-b3c7-8f8c8e1e9f0e@group-B48FAFCFE98E-SegmentedRaftLogWorker: created new log segment /home/runner/work/ozone/ozone/hadoop-ozone/integration-test/target/test-dir/MiniOzoneClusterImpl-0a1afbdb-b897-4eb1-874c-1902c7f745ab/datanode-2/data/ratis/87db8f4c-dd0b-46a7-af61-b48fafcfe98e/current/log_inprogress_0
2021-10-27 07:37:29,832 [EventQueue-OpenPipelineForHealthyPipelineSafeModeRule] INFO  safemode.SCMSafeModeManager (HealthyPipelineSafeModeRule.java:process(124)) - SCM in safe mode. Healthy pipelines reported count is 0, required healthy pipeline reported count is 1
2021-10-27 07:37:29,844 [EventQueue-OpenPipelineForHealthyPipelineSafeModeRule] INFO  safemode.SCMSafeModeManager (HealthyPipelineSafeModeRule.java:process(124)) - SCM in safe mode. Healthy pipelines reported count is 0, required healthy pipeline reported count is 1
2021-10-27 07:37:29,888 [8a5d7503-46af-43fb-b7e0-e0dcb22c5f77@group-B3CA12EF4B7C-FollowerState] INFO  impl.FollowerState (FollowerState.java:run(134)) - 8a5d7503-46af-43fb-b7e0-e0dcb22c5f77@group-B3CA12EF4B7C-FollowerState: change to CANDIDATE, lastRpcElapsedTime:5044062857ns, electionTimeout:5042ms
2021-10-27 07:37:29,888 [8a5d7503-46af-43fb-b7e0-e0dcb22c5f77@group-B3CA12EF4B7C-FollowerState] INFO  impl.RoleInfo (RoleInfo.java:shutdownFollowerState(108)) - 8a5d7503-46af-43fb-b7e0-e0dcb22c5f77: shutdown 8a5d7503-46af-43fb-b7e0-e0dcb22c5f77@group-B3CA12EF4B7C-FollowerState
2021-10-27 07:37:29,888 [8a5d7503-46af-43fb-b7e0-e0dcb22c5f77@group-B3CA12EF4B7C-FollowerState] INFO  server.RaftServer$Division (RaftServerImpl.java:setRole(290)) - 8a5d7503-46af-43fb-b7e0-e0dcb22c5f77@group-B3CA12EF4B7C: changes role from  FOLLOWER to CANDIDATE at term 0 for changeToCandidate
2021-10-27 07:37:29,888 [8a5d7503-46af-43fb-b7e0-e0dcb22c5f77@group-B3CA12EF4B7C-FollowerState] INFO  server.RaftServerConfigKeys (ConfUtils.java:logGet(44)) - raft.server.leaderelection.pre-vote = false (custom)
2021-10-27 07:37:29,889 [8a5d7503-46af-43fb-b7e0-e0dcb22c5f77@group-B3CA12EF4B7C-FollowerState] INFO  impl.RoleInfo (RoleInfo.java:updateAndGet(130)) - 8a5d7503-46af-43fb-b7e0-e0dcb22c5f77: start 8a5d7503-46af-43fb-b7e0-e0dcb22c5f77@group-B3CA12EF4B7C-LeaderElection6
2021-10-27 07:37:29,896 [8a5d7503-46af-43fb-b7e0-e0dcb22c5f77@group-B3CA12EF4B7C-LeaderElection6] INFO  impl.LeaderElection (LeaderElection.java:askForVotes(306)) - 8a5d7503-46af-43fb-b7e0-e0dcb22c5f77@group-B3CA12EF4B7C-LeaderElection6 ELECTION round 0: submit vote requests at term 1 for -1: [29e37468-b3e4-401f-97cc-6f4d8466f30b|rpc:10.1.0.27:44085|priority:0, 8a5d7503-46af-43fb-b7e0-e0dcb22c5f77|rpc:10.1.0.27:45441|priority:0, 782939c9-076d-4829-92e4-0049f0e10c2b|rpc:10.1.0.27:40741|priority:1], old=null
2021-10-27 07:37:29,922 [grpc-default-executor-1] INFO  server.RaftServer$Division (RaftServerImpl.java:requestVote(1046)) - 782939c9-076d-4829-92e4-0049f0e10c2b@group-B3CA12EF4B7C: receive requestVote(ELECTION, 8a5d7503-46af-43fb-b7e0-e0dcb22c5f77, group-B3CA12EF4B7C, 1, (t:0, i:0))
2021-10-27 07:37:29,922 [grpc-default-executor-1] INFO  impl.VoteContext (VoteContext.java:log(48)) - 782939c9-076d-4829-92e4-0049f0e10c2b@group-B3CA12EF4B7C-FOLLOWER: reject ELECTION from 8a5d7503-46af-43fb-b7e0-e0dcb22c5f77: our priority 1 > candidate's priority 0
2021-10-27 07:37:29,922 [grpc-default-executor-1] INFO  server.RaftServer$Division (RaftServerImpl.java:setRole(290)) - 782939c9-076d-4829-92e4-0049f0e10c2b@group-B3CA12EF4B7C: changes role from  FOLLOWER to FOLLOWER at term 1 for candidate:8a5d7503-46af-43fb-b7e0-e0dcb22c5f77
2021-10-27 07:37:29,922 [grpc-default-executor-1] INFO  impl.RoleInfo (RoleInfo.java:shutdownFollowerState(108)) - 782939c9-076d-4829-92e4-0049f0e10c2b: shutdown 782939c9-076d-4829-92e4-0049f0e10c2b@group-B3CA12EF4B7C-FollowerState
2021-10-27 07:37:29,923 [grpc-default-executor-1] INFO  impl.RoleInfo (RoleInfo.java:updateAndGet(130)) - 782939c9-076d-4829-92e4-0049f0e10c2b: start 782939c9-076d-4829-92e4-0049f0e10c2b@group-B3CA12EF4B7C-FollowerState
2021-10-27 07:37:29,922 [grpc-default-executor-2] INFO  server.RaftServer$Division (RaftServerImpl.java:requestVote(1046)) - 29e37468-b3e4-401f-97cc-6f4d8466f30b@group-B3CA12EF4B7C: receive requestVote(ELECTION, 8a5d7503-46af-43fb-b7e0-e0dcb22c5f77, group-B3CA12EF4B7C, 1, (t:0, i:0))
2021-10-27 07:37:29,923 [782939c9-076d-4829-92e4-0049f0e10c2b@group-B3CA12EF4B7C-FollowerState] INFO  impl.FollowerState (FollowerState.java:run(143)) - 782939c9-076d-4829-92e4-0049f0e10c2b@group-B3CA12EF4B7C-FollowerState was interrupted: {}
java.lang.InterruptedException: sleep interrupted
	at java.lang.Thread.sleep(Native Method)
	at java.lang.Thread.sleep(Thread.java:340)
	at java.util.concurrent.TimeUnit.sleep(TimeUnit.java:386)
	at org.apache.ratis.util.TimeDuration.sleep(TimeDuration.java:324)
	at org.apache.ratis.util.TimeDuration.sleep(TimeDuration.java:309)
	at org.apache.ratis.server.impl.FollowerState.run(FollowerState.java:118)
2021-10-27 07:37:29,923 [grpc-default-executor-2] INFO  impl.VoteContext (VoteContext.java:log(48)) - 29e37468-b3e4-401f-97cc-6f4d8466f30b@group-B3CA12EF4B7C-FOLLOWER: accept ELECTION from 8a5d7503-46af-43fb-b7e0-e0dcb22c5f77: our priority 0 <= candidate's priority 0
2021-10-27 07:37:29,923 [grpc-default-executor-2] INFO  server.RaftServer$Division (RaftServerImpl.java:setRole(290)) - 29e37468-b3e4-401f-97cc-6f4d8466f30b@group-B3CA12EF4B7C: changes role from  FOLLOWER to FOLLOWER at term 1 for candidate:8a5d7503-46af-43fb-b7e0-e0dcb22c5f77
2021-10-27 07:37:29,923 [grpc-default-executor-2] INFO  impl.RoleInfo (RoleInfo.java:shutdownFollowerState(108)) - 29e37468-b3e4-401f-97cc-6f4d8466f30b: shutdown 29e37468-b3e4-401f-97cc-6f4d8466f30b@group-B3CA12EF4B7C-FollowerState
2021-10-27 07:37:29,924 [grpc-default-executor-2] INFO  impl.RoleInfo (RoleInfo.java:updateAndGet(130)) - 29e37468-b3e4-401f-97cc-6f4d8466f30b: start 29e37468-b3e4-401f-97cc-6f4d8466f30b@group-B3CA12EF4B7C-FollowerState
2021-10-27 07:37:29,924 [29e37468-b3e4-401f-97cc-6f4d8466f30b@group-B3CA12EF4B7C-FollowerState] INFO  impl.FollowerState (FollowerState.java:run(143)) - 29e37468-b3e4-401f-97cc-6f4d8466f30b@group-B3CA12EF4B7C-FollowerState was interrupted: {}
java.lang.InterruptedException: sleep interrupted
	at java.lang.Thread.sleep(Native Method)
	at java.lang.Thread.sleep(Thread.java:340)
	at java.util.concurrent.TimeUnit.sleep(TimeUnit.java:386)
	at org.apache.ratis.util.TimeDuration.sleep(TimeDuration.java:324)
	at org.apache.ratis.util.TimeDuration.sleep(TimeDuration.java:309)
	at org.apache.ratis.server.impl.FollowerState.run(FollowerState.java:118)
2021-10-27 07:37:29,925 [grpc-default-executor-1] INFO  server.RaftServer$Division (RaftServerImpl.java:requestVote(1078)) - 782939c9-076d-4829-92e4-0049f0e10c2b@group-B3CA12EF4B7C replies to ELECTION vote request: 8a5d7503-46af-43fb-b7e0-e0dcb22c5f77<-782939c9-076d-4829-92e4-0049f0e10c2b#0:FAIL-t1. Peer's state: 782939c9-076d-4829-92e4-0049f0e10c2b@group-B3CA12EF4B7C:t1, leader=null, voted=null, raftlog=782939c9-076d-4829-92e4-0049f0e10c2b@group-B3CA12EF4B7C-SegmentedRaftLog:OPENED:c-1, conf=-1: [29e37468-b3e4-401f-97cc-6f4d8466f30b|rpc:10.1.0.27:44085|dataStream:|priority:0, 8a5d7503-46af-43fb-b7e0-e0dcb22c5f77|rpc:10.1.0.27:45441|dataStream:|priority:0, 782939c9-076d-4829-92e4-0049f0e10c2b|rpc:10.1.0.27:40741|dataStream:|priority:1], old=null
2021-10-27 07:37:29,927 [grpc-default-executor-2] INFO  server.RaftServer$Division (RaftServerImpl.java:requestVote(1078)) - 29e37468-b3e4-401f-97cc-6f4d8466f30b@group-B3CA12EF4B7C replies to ELECTION vote request: 8a5d7503-46af-43fb-b7e0-e0dcb22c5f77<-29e37468-b3e4-401f-97cc-6f4d8466f30b#0:OK-t1. Peer's state: 29e37468-b3e4-401f-97cc-6f4d8466f30b@group-B3CA12EF4B7C:t1, leader=null, voted=8a5d7503-46af-43fb-b7e0-e0dcb22c5f77, raftlog=29e37468-b3e4-401f-97cc-6f4d8466f30b@group-B3CA12EF4B7C-SegmentedRaftLog:OPENED:c-1, conf=-1: [29e37468-b3e4-401f-97cc-6f4d8466f30b|rpc:10.1.0.27:44085|dataStream:|priority:0, 8a5d7503-46af-43fb-b7e0-e0dcb22c5f77|rpc:10.1.0.27:45441|dataStream:|priority:0, 782939c9-076d-4829-92e4-0049f0e10c2b|rpc:10.1.0.27:40741|dataStream:|priority:1], old=null
2021-10-27 07:37:29,927 [8a5d7503-46af-43fb-b7e0-e0dcb22c5f77@group-B3CA12EF4B7C-LeaderElection6] INFO  impl.LeaderElection (LeaderElection.java:logAndReturn(89)) - 8a5d7503-46af-43fb-b7e0-e0dcb22c5f77@group-B3CA12EF4B7C-LeaderElection6: ELECTION REJECTED received 1 response(s) and 0 exception(s):
2021-10-27 07:37:29,928 [8a5d7503-46af-43fb-b7e0-e0dcb22c5f77@group-B3CA12EF4B7C-LeaderElection6] INFO  impl.LeaderElection (LeaderElection.java:logAndReturn(93)) -   Response 0: 8a5d7503-46af-43fb-b7e0-e0dcb22c5f77<-782939c9-076d-4829-92e4-0049f0e10c2b#0:FAIL-t1
2021-10-27 07:37:29,928 [8a5d7503-46af-43fb-b7e0-e0dcb22c5f77@group-B3CA12EF4B7C-LeaderElection6] INFO  impl.LeaderElection (LeaderElection.java:askForVotes(308)) - 8a5d7503-46af-43fb-b7e0-e0dcb22c5f77@group-B3CA12EF4B7C-LeaderElection6 ELECTION round 0: result REJECTED
2021-10-27 07:37:29,928 [8a5d7503-46af-43fb-b7e0-e0dcb22c5f77@group-B3CA12EF4B7C-LeaderElection6] INFO  server.RaftServer$Division (RaftServerImpl.java:setRole(290)) - 8a5d7503-46af-43fb-b7e0-e0dcb22c5f77@group-B3CA12EF4B7C: changes role from CANDIDATE to FOLLOWER at term 1 for REJECTED
2021-10-27 07:37:29,928 [8a5d7503-46af-43fb-b7e0-e0dcb22c5f77@group-B3CA12EF4B7C-LeaderElection6] INFO  impl.RoleInfo (RoleInfo.java:shutdownLeaderElection(121)) - 8a5d7503-46af-43fb-b7e0-e0dcb22c5f77: shutdown 8a5d7503-46af-43fb-b7e0-e0dcb22c5f77@group-B3CA12EF4B7C-LeaderElection6
2021-10-27 07:37:29,928 [8a5d7503-46af-43fb-b7e0-e0dcb22c5f77@group-B3CA12EF4B7C-LeaderElection6] INFO  impl.RoleInfo (RoleInfo.java:updateAndGet(130)) - 8a5d7503-46af-43fb-b7e0-e0dcb22c5f77: start 8a5d7503-46af-43fb-b7e0-e0dcb22c5f77@group-B3CA12EF4B7C-FollowerState
2021-10-27 07:37:29,965 [8a5d7503-46af-43fb-b7e0-e0dcb22c5f77@group-7FA60FF8B7E1-FollowerState] INFO  impl.FollowerState (FollowerState.java:run(134)) - 8a5d7503-46af-43fb-b7e0-e0dcb22c5f77@group-7FA60FF8B7E1-FollowerState: change to CANDIDATE, lastRpcElapsedTime:5153083713ns, electionTimeout:5152ms
2021-10-27 07:37:29,966 [8a5d7503-46af-43fb-b7e0-e0dcb22c5f77@group-7FA60FF8B7E1-FollowerState] INFO  impl.RoleInfo (RoleInfo.java:shutdownFollowerState(108)) - 8a5d7503-46af-43fb-b7e0-e0dcb22c5f77: shutdown 8a5d7503-46af-43fb-b7e0-e0dcb22c5f77@group-7FA60FF8B7E1-FollowerState
2021-10-27 07:37:29,966 [8a5d7503-46af-43fb-b7e0-e0dcb22c5f77@group-7FA60FF8B7E1-FollowerState] INFO  server.RaftServer$Division (RaftServerImpl.java:setRole(290)) - 8a5d7503-46af-43fb-b7e0-e0dcb22c5f77@group-7FA60FF8B7E1: changes role from  FOLLOWER to CANDIDATE at term 0 for changeToCandidate
2021-10-27 07:37:29,966 [8a5d7503-46af-43fb-b7e0-e0dcb22c5f77@group-7FA60FF8B7E1-FollowerState] INFO  server.RaftServerConfigKeys (ConfUtils.java:logGet(44)) - raft.server.leaderelection.pre-vote = false (custom)
2021-10-27 07:37:29,967 [8a5d7503-46af-43fb-b7e0-e0dcb22c5f77@group-7FA60FF8B7E1-FollowerState] INFO  impl.RoleInfo (RoleInfo.java:updateAndGet(130)) - 8a5d7503-46af-43fb-b7e0-e0dcb22c5f77: start 8a5d7503-46af-43fb-b7e0-e0dcb22c5f77@group-7FA60FF8B7E1-LeaderElection7
2021-10-27 07:37:29,970 [8a5d7503-46af-43fb-b7e0-e0dcb22c5f77@group-7FA60FF8B7E1-LeaderElection7] INFO  impl.LeaderElection (LeaderElection.java:askForVotes(306)) - 8a5d7503-46af-43fb-b7e0-e0dcb22c5f77@group-7FA60FF8B7E1-LeaderElection7 ELECTION round 0: submit vote requests at term 1 for -1: [8a5d7503-46af-43fb-b7e0-e0dcb22c5f77|rpc:10.1.0.27:45441|priority:1], old=null
2021-10-27 07:37:29,971 [8a5d7503-46af-43fb-b7e0-e0dcb22c5f77@group-7FA60FF8B7E1-LeaderElection7] INFO  impl.LeaderElection (LeaderElection.java:askForVotes(308)) - 8a5d7503-46af-43fb-b7e0-e0dcb22c5f77@group-7FA60FF8B7E1-LeaderElection7 ELECTION round 0: result PASSED (term=1)
2021-10-27 07:37:29,971 [8a5d7503-46af-43fb-b7e0-e0dcb22c5f77@group-7FA60FF8B7E1-LeaderElection7] INFO  impl.RoleInfo (RoleInfo.java:shutdownLeaderElection(121)) - 8a5d7503-46af-43fb-b7e0-e0dcb22c5f77: shutdown 8a5d7503-46af-43fb-b7e0-e0dcb22c5f77@group-7FA60FF8B7E1-LeaderElection7
2021-10-27 07:37:29,971 [8a5d7503-46af-43fb-b7e0-e0dcb22c5f77@group-7FA60FF8B7E1-LeaderElection7] INFO  server.RaftServer$Division (RaftServerImpl.java:setRole(290)) - 8a5d7503-46af-43fb-b7e0-e0dcb22c5f77@group-7FA60FF8B7E1: changes role from CANDIDATE to LEADER at term 1 for changeToLeader
2021-10-27 07:37:29,971 [8a5d7503-46af-43fb-b7e0-e0dcb22c5f77@group-7FA60FF8B7E1-LeaderElection7] INFO  ratis.XceiverServerRatis (XceiverServerRatis.java:handleLeaderChangedNotification(866)) - Leader change notification received for group: group-7FA60FF8B7E1 with new leaderId: 8a5d7503-46af-43fb-b7e0-e0dcb22c5f77
2021-10-27 07:37:29,972 [8a5d7503-46af-43fb-b7e0-e0dcb22c5f77@group-7FA60FF8B7E1-LeaderElection7] INFO  server.RaftServer$Division (ServerState.java:setLeader(285)) - 8a5d7503-46af-43fb-b7e0-e0dcb22c5f77@group-7FA60FF8B7E1: change Leader from null to 8a5d7503-46af-43fb-b7e0-e0dcb22c5f77 at term 1 for becomeLeader, leader elected after 5177ms
2021-10-27 07:37:29,972 [8a5d7503-46af-43fb-b7e0-e0dcb22c5f77@group-7FA60FF8B7E1-LeaderElection7] INFO  server.RaftServerConfigKeys (ConfUtils.java:logGet(44)) - raft.server.staging.catchup.gap = 1000 (default)
2021-10-27 07:37:29,975 [EventQueue-OpenPipelineForHealthyPipelineSafeModeRule] INFO  safemode.SCMSafeModeManager (HealthyPipelineSafeModeRule.java:process(124)) - SCM in safe mode. Healthy pipelines reported count is 0, required healthy pipeline reported count is 1
2021-10-27 07:37:29,975 [EventQueue-OpenPipelineForHealthyPipelineSafeModeRule] INFO  safemode.SCMSafeModeManager (HealthyPipelineSafeModeRule.java:process(124)) - SCM in safe mode. Healthy pipelines reported count is 0, required healthy pipeline reported count is 1
2021-10-27 07:37:29,975 [8a5d7503-46af-43fb-b7e0-e0dcb22c5f77@group-7FA60FF8B7E1-LeaderElection7] INFO  server.RaftServerConfigKeys (ConfUtils.java:logGet(44)) - raft.server.write.element-limit = 1024 (custom)
2021-10-27 07:37:29,976 [8a5d7503-46af-43fb-b7e0-e0dcb22c5f77@group-7FA60FF8B7E1-LeaderElection7] INFO  server.RaftServerConfigKeys (ConfUtils.java:logGet(44)) - raft.server.write.byte-limit = 1024 M (=1073741824) (custom)
2021-10-27 07:37:29,976 [8a5d7503-46af-43fb-b7e0-e0dcb22c5f77@group-7FA60FF8B7E1-LeaderElection7] INFO  server.RaftServerConfigKeys (ConfUtils.java:logGet(44)) - raft.server.watch.timeout = 180s (custom)
2021-10-27 07:37:29,977 [8a5d7503-46af-43fb-b7e0-e0dcb22c5f77@group-7FA60FF8B7E1-LeaderElection7] INFO  server.RaftServerConfigKeys (ConfUtils.java:logGet(44)) - raft.server.watch.timeout.denomination = 1s (default)
2021-10-27 07:37:29,977 [8a5d7503-46af-43fb-b7e0-e0dcb22c5f77@group-7FA60FF8B7E1-LeaderElection7] INFO  server.RaftServerConfigKeys (ConfUtils.java:logGet(44)) - raft.server.watch.element-limit = 65536 (default)
2021-10-27 07:37:29,977 [8a5d7503-46af-43fb-b7e0-e0dcb22c5f77@group-7FA60FF8B7E1-LeaderElection7] INFO  server.RaftServerConfigKeys (ConfUtils.java:logGet(44)) - raft.server.write.element-limit = 1024 (custom)
2021-10-27 07:37:29,977 [8a5d7503-46af-43fb-b7e0-e0dcb22c5f77@group-7FA60FF8B7E1-LeaderElection7] INFO  server.RaftServerConfigKeys (ConfUtils.java:logGet(44)) - raft.server.write.follower.gap.ratio.max = -1.0 (default)
2021-10-27 07:37:29,977 [8a5d7503-46af-43fb-b7e0-e0dcb22c5f77@group-7FA60FF8B7E1-LeaderElection7] INFO  impl.RoleInfo (RoleInfo.java:updateAndGet(130)) - 8a5d7503-46af-43fb-b7e0-e0dcb22c5f77: start 8a5d7503-46af-43fb-b7e0-e0dcb22c5f77@group-7FA60FF8B7E1-LeaderStateImpl
2021-10-27 07:37:29,978 [8a5d7503-46af-43fb-b7e0-e0dcb22c5f77@group-7FA60FF8B7E1-LeaderElection7] INFO  segmented.SegmentedRaftLogWorker (SegmentedRaftLogWorker.java:startLogSegment(394)) - 8a5d7503-46af-43fb-b7e0-e0dcb22c5f77@group-7FA60FF8B7E1-SegmentedRaftLogWorker: Starting segment from index:0
2021-10-27 07:37:29,979 [8a5d7503-46af-43fb-b7e0-e0dcb22c5f77@group-7FA60FF8B7E1-SegmentedRaftLogWorker] INFO  segmented.SegmentedRaftLogWorker (SegmentedRaftLogWorker.java:execute(601)) - 8a5d7503-46af-43fb-b7e0-e0dcb22c5f77@group-7FA60FF8B7E1-SegmentedRaftLogWorker: created new log segment /home/runner/work/ozone/ozone/hadoop-ozone/integration-test/target/test-dir/MiniOzoneClusterImpl-0a1afbdb-b897-4eb1-874c-1902c7f745ab/datanode-3/data/ratis/153bc4eb-4418-4ece-b12f-7fa60ff8b7e1/current/log_inprogress_0
2021-10-27 07:37:29,989 [8a5d7503-46af-43fb-b7e0-e0dcb22c5f77@group-7FA60FF8B7E1-LeaderElection7] INFO  server.RaftServer$Division (ServerState.java:setRaftConf(387)) - 8a5d7503-46af-43fb-b7e0-e0dcb22c5f77@group-7FA60FF8B7E1: set configuration 0: [8a5d7503-46af-43fb-b7e0-e0dcb22c5f77|rpc:10.1.0.27:45441|dataStream:|priority:1], old=null
2021-10-27 07:37:29,991 [29e37468-b3e4-401f-97cc-6f4d8466f30b@group-39960584D7C1-FollowerState] INFO  impl.FollowerState (FollowerState.java:run(134)) - 29e37468-b3e4-401f-97cc-6f4d8466f30b@group-39960584D7C1-FollowerState: change to CANDIDATE, lastRpcElapsedTime:5005914080ns, electionTimeout:5005ms
2021-10-27 07:37:29,991 [29e37468-b3e4-401f-97cc-6f4d8466f30b@group-39960584D7C1-FollowerState] INFO  impl.RoleInfo (RoleInfo.java:shutdownFollowerState(108)) - 29e37468-b3e4-401f-97cc-6f4d8466f30b: shutdown 29e37468-b3e4-401f-97cc-6f4d8466f30b@group-39960584D7C1-FollowerState
2021-10-27 07:37:29,991 [29e37468-b3e4-401f-97cc-6f4d8466f30b@group-39960584D7C1-FollowerState] INFO  server.RaftServer$Division (RaftServerImpl.java:setRole(290)) - 29e37468-b3e4-401f-97cc-6f4d8466f30b@group-39960584D7C1: changes role from  FOLLOWER to CANDIDATE at term 0 for changeToCandidate
2021-10-27 07:37:29,991 [29e37468-b3e4-401f-97cc-6f4d8466f30b@group-39960584D7C1-FollowerState] INFO  server.RaftServerConfigKeys (ConfUtils.java:logGet(44)) - raft.server.leaderelection.pre-vote = false (custom)
2021-10-27 07:37:29,991 [29e37468-b3e4-401f-97cc-6f4d8466f30b@group-39960584D7C1-FollowerState] INFO  impl.RoleInfo (RoleInfo.java:updateAndGet(130)) - 29e37468-b3e4-401f-97cc-6f4d8466f30b: start 29e37468-b3e4-401f-97cc-6f4d8466f30b@group-39960584D7C1-LeaderElection8
2021-10-27 07:37:29,999 [29e37468-b3e4-401f-97cc-6f4d8466f30b@group-39960584D7C1-LeaderElection8] INFO  impl.LeaderElection (LeaderElection.java:askForVotes(306)) - 29e37468-b3e4-401f-97cc-6f4d8466f30b@group-39960584D7C1-LeaderElection8 ELECTION round 0: submit vote requests at term 1 for -1: [29e37468-b3e4-401f-97cc-6f4d8466f30b|rpc:10.1.0.27:44085|priority:1], old=null
2021-10-27 07:37:29,999 [29e37468-b3e4-401f-97cc-6f4d8466f30b@group-39960584D7C1-LeaderElection8] INFO  impl.LeaderElection (LeaderElection.java:askForVotes(308)) - 29e37468-b3e4-401f-97cc-6f4d8466f30b@group-39960584D7C1-LeaderElection8 ELECTION round 0: result PASSED (term=1)
2021-10-27 07:37:30,000 [29e37468-b3e4-401f-97cc-6f4d8466f30b@group-39960584D7C1-LeaderElection8] INFO  impl.RoleInfo (RoleInfo.java:shutdownLeaderElection(121)) - 29e37468-b3e4-401f-97cc-6f4d8466f30b: shutdown 29e37468-b3e4-401f-97cc-6f4d8466f30b@group-39960584D7C1-LeaderElection8
2021-10-27 07:37:30,001 [29e37468-b3e4-401f-97cc-6f4d8466f30b@group-39960584D7C1-LeaderElection8] INFO  server.RaftServer$Division (RaftServerImpl.java:setRole(290)) - 29e37468-b3e4-401f-97cc-6f4d8466f30b@group-39960584D7C1: changes role from CANDIDATE to LEADER at term 1 for changeToLeader
2021-10-27 07:37:30,001 [29e37468-b3e4-401f-97cc-6f4d8466f30b@group-39960584D7C1-LeaderElection8] INFO  ratis.XceiverServerRatis (XceiverServerRatis.java:handleLeaderChangedNotification(866)) - Leader change notification received for group: group-39960584D7C1 with new leaderId: 29e37468-b3e4-401f-97cc-6f4d8466f30b
2021-10-27 07:37:30,002 [29e37468-b3e4-401f-97cc-6f4d8466f30b@group-39960584D7C1-LeaderElection8] INFO  server.RaftServer$Division (ServerState.java:setLeader(285)) - 29e37468-b3e4-401f-97cc-6f4d8466f30b@group-39960584D7C1: change Leader from null to 29e37468-b3e4-401f-97cc-6f4d8466f30b at term 1 for becomeLeader, leader elected after 5028ms
2021-10-27 07:37:30,002 [29e37468-b3e4-401f-97cc-6f4d8466f30b@group-39960584D7C1-LeaderElection8] INFO  server.RaftServerConfigKeys (ConfUtils.java:logGet(44)) - raft.server.staging.catchup.gap = 1000 (default)
2021-10-27 07:37:30,002 [29e37468-b3e4-401f-97cc-6f4d8466f30b@group-39960584D7C1-LeaderElection8] INFO  server.RaftServerConfigKeys (ConfUtils.java:logGet(44)) - raft.server.write.element-limit = 1024 (custom)
2021-10-27 07:37:30,002 [29e37468-b3e4-401f-97cc-6f4d8466f30b@group-39960584D7C1-LeaderElection8] INFO  server.RaftServerConfigKeys (ConfUtils.java:logGet(44)) - raft.server.write.byte-limit = 1024 M (=1073741824) (custom)
2021-10-27 07:37:30,004 [29e37468-b3e4-401f-97cc-6f4d8466f30b@group-39960584D7C1-LeaderElection8] INFO  server.RaftServerConfigKeys (ConfUtils.java:logGet(44)) - raft.server.watch.timeout = 180s (custom)
2021-10-27 07:37:30,004 [29e37468-b3e4-401f-97cc-6f4d8466f30b@group-39960584D7C1-LeaderElection8] INFO  server.RaftServerConfigKeys (ConfUtils.java:logGet(44)) - raft.server.watch.timeout.denomination = 1s (default)
2021-10-27 07:37:30,004 [29e37468-b3e4-401f-97cc-6f4d8466f30b@group-39960584D7C1-LeaderElection8] INFO  server.RaftServerConfigKeys (ConfUtils.java:logGet(44)) - raft.server.watch.element-limit = 65536 (default)
2021-10-27 07:37:30,004 [EventQueue-OpenPipelineForHealthyPipelineSafeModeRule] INFO  safemode.SCMSafeModeManager (HealthyPipelineSafeModeRule.java:process(124)) - SCM in safe mode. Healthy pipelines reported count is 0, required healthy pipeline reported count is 1
2021-10-27 07:37:30,007 [29e37468-b3e4-401f-97cc-6f4d8466f30b@group-39960584D7C1-LeaderElection8] INFO  server.RaftServerConfigKeys (ConfUtils.java:logGet(44)) - raft.server.write.element-limit = 1024 (custom)
2021-10-27 07:37:30,007 [29e37468-b3e4-401f-97cc-6f4d8466f30b@group-39960584D7C1-LeaderElection8] INFO  server.RaftServerConfigKeys (ConfUtils.java:logGet(44)) - raft.server.write.follower.gap.ratio.max = -1.0 (default)
2021-10-27 07:37:30,007 [29e37468-b3e4-401f-97cc-6f4d8466f30b@group-39960584D7C1-LeaderElection8] INFO  impl.RoleInfo (RoleInfo.java:updateAndGet(130)) - 29e37468-b3e4-401f-97cc-6f4d8466f30b: start 29e37468-b3e4-401f-97cc-6f4d8466f30b@group-39960584D7C1-LeaderStateImpl
2021-10-27 07:37:30,008 [29e37468-b3e4-401f-97cc-6f4d8466f30b@group-39960584D7C1-LeaderElection8] INFO  segmented.SegmentedRaftLogWorker (SegmentedRaftLogWorker.java:startLogSegment(394)) - 29e37468-b3e4-401f-97cc-6f4d8466f30b@group-39960584D7C1-SegmentedRaftLogWorker: Starting segment from index:0
2021-10-27 07:37:30,013 [29e37468-b3e4-401f-97cc-6f4d8466f30b@group-39960584D7C1-LeaderElection8] INFO  server.RaftServer$Division (ServerState.java:setRaftConf(387)) - 29e37468-b3e4-401f-97cc-6f4d8466f30b@group-39960584D7C1: set configuration 0: [29e37468-b3e4-401f-97cc-6f4d8466f30b|rpc:10.1.0.27:44085|dataStream:|priority:1], old=null
2021-10-27 07:37:30,013 [29e37468-b3e4-401f-97cc-6f4d8466f30b@group-39960584D7C1-SegmentedRaftLogWorker] INFO  segmented.SegmentedRaftLogWorker (SegmentedRaftLogWorker.java:execute(601)) - 29e37468-b3e4-401f-97cc-6f4d8466f30b@group-39960584D7C1-SegmentedRaftLogWorker: created new log segment /home/runner/work/ozone/ozone/hadoop-ozone/integration-test/target/test-dir/MiniOzoneClusterImpl-0a1afbdb-b897-4eb1-874c-1902c7f745ab/datanode-4/data/ratis/0f9ae821-2296-4a9f-b724-39960584d7c1/current/log_inprogress_0
2021-10-27 07:37:30,129 [ReplicationMonitor] INFO  container.ReplicationManager (ReplicationManager.java:processAll(371)) - Replication Monitor Thread took 0 milliseconds for processing 0 containers.
2021-10-27 07:37:30,187 [Listener at 127.0.0.1/37745] INFO  ozone.MiniOzoneClusterImpl (MiniOzoneClusterImpl.java:lambda$waitForClusterToBeReady$0(235)) - Nodes are ready. Got 6 of 6 DN Heartbeats.
2021-10-27 07:37:30,187 [Listener at 127.0.0.1/37745] INFO  ozone.MiniOzoneClusterImpl (MiniOzoneClusterImpl.java:lambda$waitForClusterToBeReady$0(238)) - Waiting for cluster to exit safe mode
2021-10-27 07:37:30,188 [Listener at 127.0.0.1/37745] INFO  ozone.MiniOzoneClusterImpl (MiniOzoneClusterImpl.java:lambda$waitForClusterToBeReady$0(240)) - SCM became leader
2021-10-27 07:37:30,201 [EventQueue-OpenPipelineForHealthyPipelineSafeModeRule] INFO  safemode.SCMSafeModeManager (HealthyPipelineSafeModeRule.java:process(124)) - SCM in safe mode. Healthy pipelines reported count is 0, required healthy pipeline reported count is 1
2021-10-27 07:37:30,310 [782939c9-076d-4829-92e4-0049f0e10c2b@group-CEF07BA104CF-FollowerState] INFO  impl.FollowerState (FollowerState.java:run(134)) - 782939c9-076d-4829-92e4-0049f0e10c2b@group-CEF07BA104CF-FollowerState: change to CANDIDATE, lastRpcElapsedTime:5096633498ns, electionTimeout:5096ms
2021-10-27 07:37:30,311 [782939c9-076d-4829-92e4-0049f0e10c2b@group-CEF07BA104CF-FollowerState] INFO  impl.RoleInfo (RoleInfo.java:shutdownFollowerState(108)) - 782939c9-076d-4829-92e4-0049f0e10c2b: shutdown 782939c9-076d-4829-92e4-0049f0e10c2b@group-CEF07BA104CF-FollowerState
2021-10-27 07:37:30,311 [782939c9-076d-4829-92e4-0049f0e10c2b@group-CEF07BA104CF-FollowerState] INFO  server.RaftServer$Division (RaftServerImpl.java:setRole(290)) - 782939c9-076d-4829-92e4-0049f0e10c2b@group-CEF07BA104CF: changes role from  FOLLOWER to CANDIDATE at term 0 for changeToCandidate
2021-10-27 07:37:30,313 [782939c9-076d-4829-92e4-0049f0e10c2b@group-CEF07BA104CF-FollowerState] INFO  server.RaftServerConfigKeys (ConfUtils.java:logGet(44)) - raft.server.leaderelection.pre-vote = false (custom)
2021-10-27 07:37:30,313 [782939c9-076d-4829-92e4-0049f0e10c2b@group-CEF07BA104CF-FollowerState] INFO  impl.RoleInfo (RoleInfo.java:updateAndGet(130)) - 782939c9-076d-4829-92e4-0049f0e10c2b: start 782939c9-076d-4829-92e4-0049f0e10c2b@group-CEF07BA104CF-LeaderElection9
2021-10-27 07:37:30,316 [782939c9-076d-4829-92e4-0049f0e10c2b@group-CEF07BA104CF-LeaderElection9] INFO  impl.LeaderElection (LeaderElection.java:askForVotes(306)) - 782939c9-076d-4829-92e4-0049f0e10c2b@group-CEF07BA104CF-LeaderElection9 ELECTION round 0: submit vote requests at term 1 for -1: [782939c9-076d-4829-92e4-0049f0e10c2b|rpc:10.1.0.27:40741|priority:1], old=null
2021-10-27 07:37:30,316 [782939c9-076d-4829-92e4-0049f0e10c2b@group-CEF07BA104CF-LeaderElection9] INFO  impl.LeaderElection (LeaderElection.java:askForVotes(308)) - 782939c9-076d-4829-92e4-0049f0e10c2b@group-CEF07BA104CF-LeaderElection9 ELECTION round 0: result PASSED (term=1)
2021-10-27 07:37:30,316 [782939c9-076d-4829-92e4-0049f0e10c2b@group-CEF07BA104CF-LeaderElection9] INFO  impl.RoleInfo (RoleInfo.java:shutdownLeaderElection(121)) - 782939c9-076d-4829-92e4-0049f0e10c2b: shutdown 782939c9-076d-4829-92e4-0049f0e10c2b@group-CEF07BA104CF-LeaderElection9
2021-10-27 07:37:30,316 [782939c9-076d-4829-92e4-0049f0e10c2b@group-CEF07BA104CF-LeaderElection9] INFO  server.RaftServer$Division (RaftServerImpl.java:setRole(290)) - 782939c9-076d-4829-92e4-0049f0e10c2b@group-CEF07BA104CF: changes role from CANDIDATE to LEADER at term 1 for changeToLeader
2021-10-27 07:37:30,316 [782939c9-076d-4829-92e4-0049f0e10c2b@group-CEF07BA104CF-LeaderElection9] INFO  ratis.XceiverServerRatis (XceiverServerRatis.java:handleLeaderChangedNotification(866)) - Leader change notification received for group: group-CEF07BA104CF with new leaderId: 782939c9-076d-4829-92e4-0049f0e10c2b
2021-10-27 07:37:30,317 [782939c9-076d-4829-92e4-0049f0e10c2b@group-CEF07BA104CF-LeaderElection9] INFO  server.RaftServer$Division (ServerState.java:setLeader(285)) - 782939c9-076d-4829-92e4-0049f0e10c2b@group-CEF07BA104CF: change Leader from null to 782939c9-076d-4829-92e4-0049f0e10c2b at term 1 for becomeLeader, leader elected after 5118ms
2021-10-27 07:37:30,317 [782939c9-076d-4829-92e4-0049f0e10c2b@group-CEF07BA104CF-LeaderElection9] INFO  server.RaftServerConfigKeys (ConfUtils.java:logGet(44)) - raft.server.staging.catchup.gap = 1000 (default)
2021-10-27 07:37:30,319 [EventQueue-OpenPipelineForHealthyPipelineSafeModeRule] INFO  safemode.SCMSafeModeManager (HealthyPipelineSafeModeRule.java:process(124)) - SCM in safe mode. Healthy pipelines reported count is 0, required healthy pipeline reported count is 1
2021-10-27 07:37:30,321 [782939c9-076d-4829-92e4-0049f0e10c2b@group-CEF07BA104CF-LeaderElection9] INFO  server.RaftServerConfigKeys (ConfUtils.java:logGet(44)) - raft.server.write.element-limit = 1024 (custom)
2021-10-27 07:37:30,321 [782939c9-076d-4829-92e4-0049f0e10c2b@group-CEF07BA104CF-LeaderElection9] INFO  server.RaftServerConfigKeys (ConfUtils.java:logGet(44)) - raft.server.write.byte-limit = 1024 M (=1073741824) (custom)
2021-10-27 07:37:30,322 [782939c9-076d-4829-92e4-0049f0e10c2b@group-CEF07BA104CF-LeaderElection9] INFO  server.RaftServerConfigKeys (ConfUtils.java:logGet(44)) - raft.server.watch.timeout = 180s (custom)
2021-10-27 07:37:30,322 [782939c9-076d-4829-92e4-0049f0e10c2b@group-CEF07BA104CF-LeaderElection9] INFO  server.RaftServerConfigKeys (ConfUtils.java:logGet(44)) - raft.server.watch.timeout.denomination = 1s (default)
2021-10-27 07:37:30,322 [782939c9-076d-4829-92e4-0049f0e10c2b@group-CEF07BA104CF-LeaderElection9] INFO  server.RaftServerConfigKeys (ConfUtils.java:logGet(44)) - raft.server.watch.element-limit = 65536 (default)
2021-10-27 07:37:30,322 [782939c9-076d-4829-92e4-0049f0e10c2b@group-CEF07BA104CF-LeaderElection9] INFO  server.RaftServerConfigKeys (ConfUtils.java:logGet(44)) - raft.server.write.element-limit = 1024 (custom)
2021-10-27 07:37:30,322 [782939c9-076d-4829-92e4-0049f0e10c2b@group-CEF07BA104CF-LeaderElection9] INFO  server.RaftServerConfigKeys (ConfUtils.java:logGet(44)) - raft.server.write.follower.gap.ratio.max = -1.0 (default)
2021-10-27 07:37:30,322 [782939c9-076d-4829-92e4-0049f0e10c2b@group-CEF07BA104CF-LeaderElection9] INFO  impl.RoleInfo (RoleInfo.java:updateAndGet(130)) - 782939c9-076d-4829-92e4-0049f0e10c2b: start 782939c9-076d-4829-92e4-0049f0e10c2b@group-CEF07BA104CF-LeaderStateImpl
2021-10-27 07:37:30,323 [782939c9-076d-4829-92e4-0049f0e10c2b@group-CEF07BA104CF-LeaderElection9] INFO  segmented.SegmentedRaftLogWorker (SegmentedRaftLogWorker.java:startLogSegment(394)) - 782939c9-076d-4829-92e4-0049f0e10c2b@group-CEF07BA104CF-SegmentedRaftLogWorker: Starting segment from index:0
2021-10-27 07:37:30,325 [782939c9-076d-4829-92e4-0049f0e10c2b@group-CEF07BA104CF-SegmentedRaftLogWorker] INFO  segmented.SegmentedRaftLogWorker (SegmentedRaftLogWorker.java:execute(601)) - 782939c9-076d-4829-92e4-0049f0e10c2b@group-CEF07BA104CF-SegmentedRaftLogWorker: created new log segment /home/runner/work/ozone/ozone/hadoop-ozone/integration-test/target/test-dir/MiniOzoneClusterImpl-0a1afbdb-b897-4eb1-874c-1902c7f745ab/datanode-5/data/ratis/27d7918b-3d62-4154-8ce4-cef07ba104cf/current/log_inprogress_0
2021-10-27 07:37:30,325 [782939c9-076d-4829-92e4-0049f0e10c2b@group-CEF07BA104CF-LeaderElection9] INFO  server.RaftServer$Division (ServerState.java:setRaftConf(387)) - 782939c9-076d-4829-92e4-0049f0e10c2b@group-CEF07BA104CF: set configuration 0: [782939c9-076d-4829-92e4-0049f0e10c2b|rpc:10.1.0.27:40741|dataStream:|priority:1], old=null
2021-10-27 07:37:30,705 [EventQueue-OpenPipelineForHealthyPipelineSafeModeRule] INFO  safemode.SCMSafeModeManager (HealthyPipelineSafeModeRule.java:process(124)) - SCM in safe mode. Healthy pipelines reported count is 0, required healthy pipeline reported count is 1
2021-10-27 07:37:30,845 [EventQueue-OpenPipelineForHealthyPipelineSafeModeRule] INFO  safemode.SCMSafeModeManager (HealthyPipelineSafeModeRule.java:process(124)) - SCM in safe mode. Healthy pipelines reported count is 0, required healthy pipeline reported count is 1
2021-10-27 07:37:31,005 [EventQueue-OpenPipelineForHealthyPipelineSafeModeRule] INFO  safemode.SCMSafeModeManager (HealthyPipelineSafeModeRule.java:process(124)) - SCM in safe mode. Healthy pipelines reported count is 0, required healthy pipeline reported count is 1
2021-10-27 07:37:31,130 [ReplicationMonitor] INFO  container.ReplicationManager (ReplicationManager.java:processAll(371)) - Replication Monitor Thread took 0 milliseconds for processing 0 containers.
2021-10-27 07:37:31,188 [Listener at 127.0.0.1/37745] INFO  ozone.MiniOzoneClusterImpl (MiniOzoneClusterImpl.java:lambda$waitForClusterToBeReady$0(235)) - Nodes are ready. Got 6 of 6 DN Heartbeats.
2021-10-27 07:37:31,188 [Listener at 127.0.0.1/37745] INFO  ozone.MiniOzoneClusterImpl (MiniOzoneClusterImpl.java:lambda$waitForClusterToBeReady$0(238)) - Waiting for cluster to exit safe mode
2021-10-27 07:37:31,188 [Listener at 127.0.0.1/37745] INFO  ozone.MiniOzoneClusterImpl (MiniOzoneClusterImpl.java:lambda$waitForClusterToBeReady$0(240)) - SCM became leader
2021-10-27 07:37:31,320 [EventQueue-OpenPipelineForHealthyPipelineSafeModeRule] INFO  safemode.SCMSafeModeManager (HealthyPipelineSafeModeRule.java:process(124)) - SCM in safe mode. Healthy pipelines reported count is 0, required healthy pipeline reported count is 1
2021-10-27 07:37:31,455 [EventQueue-OpenPipelineForHealthyPipelineSafeModeRule] INFO  safemode.SCMSafeModeManager (HealthyPipelineSafeModeRule.java:process(124)) - SCM in safe mode. Healthy pipelines reported count is 0, required healthy pipeline reported count is 1
2021-10-27 07:37:31,705 [EventQueue-OpenPipelineForHealthyPipelineSafeModeRule] INFO  safemode.SCMSafeModeManager (HealthyPipelineSafeModeRule.java:process(124)) - SCM in safe mode. Healthy pipelines reported count is 0, required healthy pipeline reported count is 1
2021-10-27 07:37:31,976 [EventQueue-OpenPipelineForHealthyPipelineSafeModeRule] INFO  safemode.SCMSafeModeManager (HealthyPipelineSafeModeRule.java:process(124)) - SCM in safe mode. Healthy pipelines reported count is 0, required healthy pipeline reported count is 1
2021-10-27 07:37:32,130 [ReplicationMonitor] INFO  container.ReplicationManager (ReplicationManager.java:processAll(371)) - Replication Monitor Thread took 0 milliseconds for processing 0 containers.
2021-10-27 07:37:32,188 [Listener at 127.0.0.1/37745] INFO  ozone.MiniOzoneClusterImpl (MiniOzoneClusterImpl.java:lambda$waitForClusterToBeReady$0(235)) - Nodes are ready. Got 6 of 6 DN Heartbeats.
2021-10-27 07:37:32,189 [Listener at 127.0.0.1/37745] INFO  ozone.MiniOzoneClusterImpl (MiniOzoneClusterImpl.java:lambda$waitForClusterToBeReady$0(238)) - Waiting for cluster to exit safe mode
2021-10-27 07:37:32,189 [Listener at 127.0.0.1/37745] INFO  ozone.MiniOzoneClusterImpl (MiniOzoneClusterImpl.java:lambda$waitForClusterToBeReady$0(240)) - SCM became leader
2021-10-27 07:37:32,320 [EventQueue-OpenPipelineForHealthyPipelineSafeModeRule] INFO  safemode.SCMSafeModeManager (HealthyPipelineSafeModeRule.java:process(124)) - SCM in safe mode. Healthy pipelines reported count is 0, required healthy pipeline reported count is 1
2021-10-27 07:37:32,455 [EventQueue-OpenPipelineForHealthyPipelineSafeModeRule] INFO  safemode.SCMSafeModeManager (HealthyPipelineSafeModeRule.java:process(124)) - SCM in safe mode. Healthy pipelines reported count is 0, required healthy pipeline reported count is 1
2021-10-27 07:37:32,706 [EventQueue-OpenPipelineForHealthyPipelineSafeModeRule] INFO  safemode.SCMSafeModeManager (HealthyPipelineSafeModeRule.java:process(124)) - SCM in safe mode. Healthy pipelines reported count is 0, required healthy pipeline reported count is 1
2021-10-27 07:37:32,846 [EventQueue-OpenPipelineForHealthyPipelineSafeModeRule] INFO  safemode.SCMSafeModeManager (HealthyPipelineSafeModeRule.java:process(124)) - SCM in safe mode. Healthy pipelines reported count is 0, required healthy pipeline reported count is 1
2021-10-27 07:37:32,975 [EventQueue-OpenPipelineForHealthyPipelineSafeModeRule] INFO  safemode.SCMSafeModeManager (HealthyPipelineSafeModeRule.java:process(124)) - SCM in safe mode. Healthy pipelines reported count is 0, required healthy pipeline reported count is 1
2021-10-27 07:37:33,006 [EventQueue-OpenPipelineForHealthyPipelineSafeModeRule] INFO  safemode.SCMSafeModeManager (HealthyPipelineSafeModeRule.java:process(124)) - SCM in safe mode. Healthy pipelines reported count is 0, required healthy pipeline reported count is 1
2021-10-27 07:37:33,131 [ReplicationMonitor] INFO  container.ReplicationManager (ReplicationManager.java:processAll(371)) - Replication Monitor Thread took 0 milliseconds for processing 0 containers.
2021-10-27 07:37:33,189 [Listener at 127.0.0.1/37745] INFO  ozone.MiniOzoneClusterImpl (MiniOzoneClusterImpl.java:lambda$waitForClusterToBeReady$0(235)) - Nodes are ready. Got 6 of 6 DN Heartbeats.
2021-10-27 07:37:33,189 [Listener at 127.0.0.1/37745] INFO  ozone.MiniOzoneClusterImpl (MiniOzoneClusterImpl.java:lambda$waitForClusterToBeReady$0(238)) - Waiting for cluster to exit safe mode
2021-10-27 07:37:33,189 [Listener at 127.0.0.1/37745] INFO  ozone.MiniOzoneClusterImpl (MiniOzoneClusterImpl.java:lambda$waitForClusterToBeReady$0(240)) - SCM became leader
2021-10-27 07:37:33,706 [EventQueue-OpenPipelineForHealthyPipelineSafeModeRule] INFO  safemode.SCMSafeModeManager (HealthyPipelineSafeModeRule.java:process(124)) - SCM in safe mode. Healthy pipelines reported count is 0, required healthy pipeline reported count is 1
2021-10-27 07:37:33,845 [EventQueue-OpenPipelineForHealthyPipelineSafeModeRule] INFO  safemode.SCMSafeModeManager (HealthyPipelineSafeModeRule.java:process(124)) - SCM in safe mode. Healthy pipelines reported count is 0, required healthy pipeline reported count is 1
2021-10-27 07:37:33,852 [51d19100-6e30-4d37-982f-c542a20199a8@group-678C39C129E8-FollowerState] INFO  impl.FollowerState (FollowerState.java:run(134)) - 51d19100-6e30-4d37-982f-c542a20199a8@group-678C39C129E8-FollowerState: change to CANDIDATE, lastRpcElapsedTime:5023313998ns, electionTimeout:5018ms
2021-10-27 07:37:33,853 [51d19100-6e30-4d37-982f-c542a20199a8@group-678C39C129E8-FollowerState] INFO  impl.RoleInfo (RoleInfo.java:shutdownFollowerState(108)) - 51d19100-6e30-4d37-982f-c542a20199a8: shutdown 51d19100-6e30-4d37-982f-c542a20199a8@group-678C39C129E8-FollowerState
2021-10-27 07:37:33,853 [51d19100-6e30-4d37-982f-c542a20199a8@group-678C39C129E8-FollowerState] INFO  server.RaftServer$Division (RaftServerImpl.java:setRole(290)) - 51d19100-6e30-4d37-982f-c542a20199a8@group-678C39C129E8: changes role from  FOLLOWER to CANDIDATE at term 1 for changeToCandidate
2021-10-27 07:37:33,853 [51d19100-6e30-4d37-982f-c542a20199a8@group-678C39C129E8-FollowerState] INFO  server.RaftServerConfigKeys (ConfUtils.java:logGet(44)) - raft.server.leaderelection.pre-vote = false (custom)
2021-10-27 07:37:33,853 [51d19100-6e30-4d37-982f-c542a20199a8@group-678C39C129E8-FollowerState] INFO  impl.RoleInfo (RoleInfo.java:updateAndGet(130)) - 51d19100-6e30-4d37-982f-c542a20199a8: start 51d19100-6e30-4d37-982f-c542a20199a8@group-678C39C129E8-LeaderElection10
2021-10-27 07:37:33,857 [51d19100-6e30-4d37-982f-c542a20199a8@group-678C39C129E8-LeaderElection10] INFO  impl.LeaderElection (LeaderElection.java:askForVotes(306)) - 51d19100-6e30-4d37-982f-c542a20199a8@group-678C39C129E8-LeaderElection10 ELECTION round 0: submit vote requests at term 2 for -1: [51d19100-6e30-4d37-982f-c542a20199a8|rpc:10.1.0.27:34427|priority:1, 08697b45-8c04-4a3a-859b-c816be28ca7a|rpc:10.1.0.27:32979|priority:0, 9ec659bb-6946-4d87-b3c7-8f8c8e1e9f0e|rpc:10.1.0.27:46551|priority:0], old=null
2021-10-27 07:37:33,871 [grpc-default-executor-1] INFO  server.RaftServer$Division (RaftServerImpl.java:requestVote(1046)) - 9ec659bb-6946-4d87-b3c7-8f8c8e1e9f0e@group-678C39C129E8: receive requestVote(ELECTION, 51d19100-6e30-4d37-982f-c542a20199a8, group-678C39C129E8, 2, (t:0, i:0))
2021-10-27 07:37:33,875 [grpc-default-executor-1] INFO  impl.VoteContext (VoteContext.java:log(48)) - 9ec659bb-6946-4d87-b3c7-8f8c8e1e9f0e@group-678C39C129E8-FOLLOWER: accept ELECTION from 51d19100-6e30-4d37-982f-c542a20199a8: our priority 0 <= candidate's priority 1
2021-10-27 07:37:33,876 [grpc-default-executor-1] INFO  server.RaftServer$Division (RaftServerImpl.java:setRole(290)) - 9ec659bb-6946-4d87-b3c7-8f8c8e1e9f0e@group-678C39C129E8: changes role from  FOLLOWER to FOLLOWER at term 2 for candidate:51d19100-6e30-4d37-982f-c542a20199a8
2021-10-27 07:37:33,876 [grpc-default-executor-1] INFO  impl.RoleInfo (RoleInfo.java:shutdownFollowerState(108)) - 9ec659bb-6946-4d87-b3c7-8f8c8e1e9f0e: shutdown 9ec659bb-6946-4d87-b3c7-8f8c8e1e9f0e@group-678C39C129E8-FollowerState
2021-10-27 07:37:33,876 [grpc-default-executor-1] INFO  impl.RoleInfo (RoleInfo.java:updateAndGet(130)) - 9ec659bb-6946-4d87-b3c7-8f8c8e1e9f0e: start 9ec659bb-6946-4d87-b3c7-8f8c8e1e9f0e@group-678C39C129E8-FollowerState
2021-10-27 07:37:33,876 [9ec659bb-6946-4d87-b3c7-8f8c8e1e9f0e@group-678C39C129E8-FollowerState] INFO  impl.FollowerState (FollowerState.java:run(143)) - 9ec659bb-6946-4d87-b3c7-8f8c8e1e9f0e@group-678C39C129E8-FollowerState was interrupted: {}
java.lang.InterruptedException: sleep interrupted
	at java.lang.Thread.sleep(Native Method)
	at java.lang.Thread.sleep(Thread.java:340)
	at java.util.concurrent.TimeUnit.sleep(TimeUnit.java:386)
	at org.apache.ratis.util.TimeDuration.sleep(TimeDuration.java:324)
	at org.apache.ratis.util.TimeDuration.sleep(TimeDuration.java:309)
	at org.apache.ratis.server.impl.FollowerState.run(FollowerState.java:118)
2021-10-27 07:37:33,881 [grpc-default-executor-1] INFO  server.RaftServer$Division (RaftServerImpl.java:requestVote(1078)) - 9ec659bb-6946-4d87-b3c7-8f8c8e1e9f0e@group-678C39C129E8 replies to ELECTION vote request: 51d19100-6e30-4d37-982f-c542a20199a8<-9ec659bb-6946-4d87-b3c7-8f8c8e1e9f0e#0:OK-t2. Peer's state: 9ec659bb-6946-4d87-b3c7-8f8c8e1e9f0e@group-678C39C129E8:t2, leader=null, voted=51d19100-6e30-4d37-982f-c542a20199a8, raftlog=9ec659bb-6946-4d87-b3c7-8f8c8e1e9f0e@group-678C39C129E8-SegmentedRaftLog:OPENED:c-1, conf=-1: [51d19100-6e30-4d37-982f-c542a20199a8|rpc:10.1.0.27:34427|dataStream:|priority:1, 08697b45-8c04-4a3a-859b-c816be28ca7a|rpc:10.1.0.27:32979|dataStream:|priority:0, 9ec659bb-6946-4d87-b3c7-8f8c8e1e9f0e|rpc:10.1.0.27:46551|dataStream:|priority:0], old=null
2021-10-27 07:37:33,883 [51d19100-6e30-4d37-982f-c542a20199a8@group-678C39C129E8-LeaderElection10] INFO  impl.LeaderElection (LeaderElection.java:logAndReturn(89)) - 51d19100-6e30-4d37-982f-c542a20199a8@group-678C39C129E8-LeaderElection10: ELECTION PASSED received 1 response(s) and 0 exception(s):
2021-10-27 07:37:33,883 [51d19100-6e30-4d37-982f-c542a20199a8@group-678C39C129E8-LeaderElection10] INFO  impl.LeaderElection (LeaderElection.java:logAndReturn(93)) -   Response 0: 51d19100-6e30-4d37-982f-c542a20199a8<-9ec659bb-6946-4d87-b3c7-8f8c8e1e9f0e#0:OK-t2
2021-10-27 07:37:33,884 [51d19100-6e30-4d37-982f-c542a20199a8@group-678C39C129E8-LeaderElection10] INFO  impl.LeaderElection (LeaderElection.java:askForVotes(308)) - 51d19100-6e30-4d37-982f-c542a20199a8@group-678C39C129E8-LeaderElection10 ELECTION round 0: result PASSED
2021-10-27 07:37:33,884 [51d19100-6e30-4d37-982f-c542a20199a8@group-678C39C129E8-LeaderElection10] INFO  impl.RoleInfo (RoleInfo.java:shutdownLeaderElection(121)) - 51d19100-6e30-4d37-982f-c542a20199a8: shutdown 51d19100-6e30-4d37-982f-c542a20199a8@group-678C39C129E8-LeaderElection10
2021-10-27 07:37:33,884 [51d19100-6e30-4d37-982f-c542a20199a8@group-678C39C129E8-LeaderElection10] INFO  server.RaftServer$Division (RaftServerImpl.java:setRole(290)) - 51d19100-6e30-4d37-982f-c542a20199a8@group-678C39C129E8: changes role from CANDIDATE to LEADER at term 2 for changeToLeader
2021-10-27 07:37:33,884 [51d19100-6e30-4d37-982f-c542a20199a8@group-678C39C129E8-LeaderElection10] INFO  ratis.XceiverServerRatis (XceiverServerRatis.java:handleLeaderChangedNotification(866)) - Leader change notification received for group: group-678C39C129E8 with new leaderId: 51d19100-6e30-4d37-982f-c542a20199a8
2021-10-27 07:37:33,884 [51d19100-6e30-4d37-982f-c542a20199a8@group-678C39C129E8-LeaderElection10] INFO  server.RaftServer$Division (ServerState.java:setLeader(285)) - 51d19100-6e30-4d37-982f-c542a20199a8@group-678C39C129E8: change Leader from null to 51d19100-6e30-4d37-982f-c542a20199a8 at term 2 for becomeLeader, leader elected after 9537ms
2021-10-27 07:37:33,884 [51d19100-6e30-4d37-982f-c542a20199a8@group-678C39C129E8-LeaderElection10] INFO  server.RaftServerConfigKeys (ConfUtils.java:logGet(44)) - raft.server.staging.catchup.gap = 1000 (default)
2021-10-27 07:37:33,885 [51d19100-6e30-4d37-982f-c542a20199a8@group-678C39C129E8-LeaderElection10] INFO  server.RaftServerConfigKeys (ConfUtils.java:logGet(44)) - raft.server.write.element-limit = 1024 (custom)
2021-10-27 07:37:33,885 [51d19100-6e30-4d37-982f-c542a20199a8@group-678C39C129E8-LeaderElection10] INFO  server.RaftServerConfigKeys (ConfUtils.java:logGet(44)) - raft.server.write.byte-limit = 1024 M (=1073741824) (custom)
2021-10-27 07:37:33,885 [51d19100-6e30-4d37-982f-c542a20199a8@group-678C39C129E8-LeaderElection10] INFO  server.RaftServerConfigKeys (ConfUtils.java:logGet(44)) - raft.server.watch.timeout = 180s (custom)
2021-10-27 07:37:33,885 [51d19100-6e30-4d37-982f-c542a20199a8@group-678C39C129E8-LeaderElection10] INFO  server.RaftServerConfigKeys (ConfUtils.java:logGet(44)) - raft.server.watch.timeout.denomination = 1s (default)
2021-10-27 07:37:33,885 [51d19100-6e30-4d37-982f-c542a20199a8@group-678C39C129E8-LeaderElection10] INFO  server.RaftServerConfigKeys (ConfUtils.java:logGet(44)) - raft.server.watch.element-limit = 65536 (default)
2021-10-27 07:37:33,885 [51d19100-6e30-4d37-982f-c542a20199a8@group-678C39C129E8-LeaderElection10] INFO  server.RaftServerConfigKeys (ConfUtils.java:logGet(44)) - raft.server.write.element-limit = 1024 (custom)
2021-10-27 07:37:33,886 [51d19100-6e30-4d37-982f-c542a20199a8@group-678C39C129E8-LeaderElection10] INFO  server.RaftServerConfigKeys (ConfUtils.java:logGet(44)) - raft.server.write.follower.gap.ratio.max = -1.0 (default)
2021-10-27 07:37:33,887 [grpc-default-executor-1] INFO  server.RaftServer$Division (RaftServerImpl.java:requestVote(1046)) - 08697b45-8c04-4a3a-859b-c816be28ca7a@group-678C39C129E8: receive requestVote(ELECTION, 51d19100-6e30-4d37-982f-c542a20199a8, group-678C39C129E8, 2, (t:0, i:0))
2021-10-27 07:37:33,890 [EventQueue-OpenPipelineForHealthyPipelineSafeModeRule] INFO  safemode.SCMSafeModeManager (HealthyPipelineSafeModeRule.java:process(124)) - SCM in safe mode. Healthy pipelines reported count is 0, required healthy pipeline reported count is 1
2021-10-27 07:37:33,890 [EventQueue-PipelineReportForPipelineReportHandler] INFO  pipeline.PipelineManagerImpl (PipelineManagerImpl.java:openPipeline(289)) - Pipeline Pipeline[ Id: 7cef3a2e-64e9-4ff5-8841-678c39c129e8, Nodes: 51d19100-6e30-4d37-982f-c542a20199a8{ip: 10.1.0.27, host: fv-az270-913.tacnzluakwdehk1hpragurqkma.bx.internal.cloudapp.net, ports: [REPLICATION=42741, RATIS=34427, RATIS_ADMIN=34427, RATIS_SERVER=34427, STANDALONE=37129], networkLocation: /default-rack, certSerialId: null, persistedOpState: IN_SERVICE, persistedOpStateExpiryEpochSec: 0}9ec659bb-6946-4d87-b3c7-8f8c8e1e9f0e{ip: 10.1.0.27, host: fv-az270-913.tacnzluakwdehk1hpragurqkma.bx.internal.cloudapp.net, ports: [REPLICATION=39701, RATIS=46551, RATIS_ADMIN=46551, RATIS_SERVER=46551, STANDALONE=36997], networkLocation: /default-rack, certSerialId: null, persistedOpState: IN_SERVICE, persistedOpStateExpiryEpochSec: 0}08697b45-8c04-4a3a-859b-c816be28ca7a{ip: 10.1.0.27, host: fv-az270-913.tacnzluakwdehk1hpragurqkma.bx.internal.cloudapp.net, ports: [REPLICATION=42597, RATIS=32979, RATIS_ADMIN=32979, RATIS_SERVER=32979, STANDALONE=34863], networkLocation: /default-rack, certSerialId: null, persistedOpState: IN_SERVICE, persistedOpStateExpiryEpochSec: 0}, ReplicationConfig: RATIS/THREE, State:ALLOCATED, leaderId:51d19100-6e30-4d37-982f-c542a20199a8, CreationTimestamp2021-10-27T07:37:21.559Z[Etc/UTC]] moved to OPEN state
2021-10-27 07:37:33,897 [grpc-default-executor-1] INFO  impl.VoteContext (VoteContext.java:log(48)) - 08697b45-8c04-4a3a-859b-c816be28ca7a@group-678C39C129E8-FOLLOWER: accept ELECTION from 51d19100-6e30-4d37-982f-c542a20199a8: our priority 0 <= candidate's priority 1
2021-10-27 07:37:33,897 [grpc-default-executor-1] INFO  server.RaftServer$Division (RaftServerImpl.java:setRole(290)) - 08697b45-8c04-4a3a-859b-c816be28ca7a@group-678C39C129E8: changes role from  FOLLOWER to FOLLOWER at term 2 for candidate:51d19100-6e30-4d37-982f-c542a20199a8
2021-10-27 07:37:33,897 [grpc-default-executor-1] INFO  impl.RoleInfo (RoleInfo.java:shutdownFollowerState(108)) - 08697b45-8c04-4a3a-859b-c816be28ca7a: shutdown 08697b45-8c04-4a3a-859b-c816be28ca7a@group-678C39C129E8-FollowerState
2021-10-27 07:37:33,897 [grpc-default-executor-1] INFO  impl.RoleInfo (RoleInfo.java:updateAndGet(130)) - 08697b45-8c04-4a3a-859b-c816be28ca7a: start 08697b45-8c04-4a3a-859b-c816be28ca7a@group-678C39C129E8-FollowerState
2021-10-27 07:37:33,897 [08697b45-8c04-4a3a-859b-c816be28ca7a@group-678C39C129E8-FollowerState] INFO  impl.FollowerState (FollowerState.java:run(143)) - 08697b45-8c04-4a3a-859b-c816be28ca7a@group-678C39C129E8-FollowerState was interrupted: {}
java.lang.InterruptedException: sleep interrupted
	at java.lang.Thread.sleep(Native Method)
	at java.lang.Thread.sleep(Thread.java:340)
	at java.util.concurrent.TimeUnit.sleep(TimeUnit.java:386)
	at org.apache.ratis.util.TimeDuration.sleep(TimeDuration.java:324)
	at org.apache.ratis.util.TimeDuration.sleep(TimeDuration.java:309)
	at org.apache.ratis.server.impl.FollowerState.run(FollowerState.java:118)
2021-10-27 07:37:33,898 [51d19100-6e30-4d37-982f-c542a20199a8@group-678C39C129E8-LeaderElection10] INFO  server.RaftServerConfigKeys (ConfUtils.java:logGet(44)) - raft.server.log.appender.snapshot.chunk.size.max = 16MB (=16777216) (default)
2021-10-27 07:37:33,904 [51d19100-6e30-4d37-982f-c542a20199a8@group-678C39C129E8-LeaderElection10] INFO  server.RaftServerConfigKeys (ConfUtils.java:logGet(44)) - raft.server.log.appender.buffer.byte-limit = 33554432 (custom)
2021-10-27 07:37:33,897 [EventQueue-OpenPipelineForHealthyPipelineSafeModeRule] INFO  safemode.SCMSafeModeManager (HealthyPipelineSafeModeRule.java:process(124)) - SCM in safe mode. Healthy pipelines reported count is 1, required healthy pipeline reported count is 1
2021-10-27 07:37:33,904 [EventQueue-OpenPipelineForHealthyPipelineSafeModeRule] INFO  safemode.SCMSafeModeManager (SCMSafeModeManager.java:validateSafeModeExitRules(204)) - HealthyPipelineSafeModeRule rule is successfully validated
2021-10-27 07:37:33,904 [EventQueue-OpenPipelineForHealthyPipelineSafeModeRule] INFO  safemode.SCMSafeModeManager (SCMSafeModeManager.java:validateSafeModeExitRules(219)) - ScmSafeModeManager, all rules are successfully validated
2021-10-27 07:37:33,905 [EventQueue-OpenPipelineForHealthyPipelineSafeModeRule] INFO  safemode.SCMSafeModeManager (SCMSafeModeManager.java:exitSafeMode(248)) - SCM exiting safe mode.
2021-10-27 07:37:33,905 [EventQueue-OpenPipelineForHealthyPipelineSafeModeRule] WARN  events.EventQueue (EventQueue.java:fireEvent(194)) - No event handler registered for event TypedEvent{payloadType=SafeModeStatus, name='Safe mode status'}
2021-10-27 07:37:33,905 [EventQueue-OpenPipelineForHealthyPipelineSafeModeRule] INFO  ha.SCMContext (SCMContext.java:updateSafeModeStatus(205)) - Update SafeModeStatus from SafeModeStatus{safeModeStatus=true, preCheckPassed=true} to SafeModeStatus{safeModeStatus=false, preCheckPassed=true}.
2021-10-27 07:37:33,905 [51d19100-6e30-4d37-982f-c542a20199a8@group-678C39C129E8-LeaderElection10] INFO  server.RaftServerConfigKeys (ConfUtils.java:logGet(44)) - raft.server.log.appender.buffer.element-limit = 1 (custom)
2021-10-27 07:37:33,905 [EventQueue-OpenPipelineForHealthyPipelineSafeModeRule] INFO  pipeline.BackgroundPipelineCreator (BackgroundPipelineCreator.java:notifyStatusChanged(264)) - Service BackgroundPipelineCreator transitions to RUNNING.
2021-10-27 07:37:33,905 [EventQueue-OpenPipelineForHealthyPipelineSafeModeRule] INFO  container.ReplicationManager (ReplicationManager.java:notifyStatusChanged(1746)) - Service ReplicationManager transitions to RUNNING.
2021-10-27 07:37:33,906 [grpc-default-executor-1] INFO  server.RaftServer$Division (RaftServerImpl.java:requestVote(1078)) - 08697b45-8c04-4a3a-859b-c816be28ca7a@group-678C39C129E8 replies to ELECTION vote request: 51d19100-6e30-4d37-982f-c542a20199a8<-08697b45-8c04-4a3a-859b-c816be28ca7a#0:OK-t2. Peer's state: 08697b45-8c04-4a3a-859b-c816be28ca7a@group-678C39C129E8:t2, leader=null, voted=51d19100-6e30-4d37-982f-c542a20199a8, raftlog=08697b45-8c04-4a3a-859b-c816be28ca7a@group-678C39C129E8-SegmentedRaftLog:OPENED:c-1, conf=-1: [51d19100-6e30-4d37-982f-c542a20199a8|rpc:10.1.0.27:34427|priority:1, 08697b45-8c04-4a3a-859b-c816be28ca7a|rpc:10.1.0.27:32979|priority:0, 9ec659bb-6946-4d87-b3c7-8f8c8e1e9f0e|rpc:10.1.0.27:46551|priority:0], old=null
2021-10-27 07:37:33,911 [51d19100-6e30-4d37-982f-c542a20199a8@group-678C39C129E8-LeaderElection10] INFO  grpc.GrpcConfigKeys (ConfUtils.java:logGet(44)) - raft.grpc.server.leader.outstanding.appends.max = 128 (default)
2021-10-27 07:37:33,911 [51d19100-6e30-4d37-982f-c542a20199a8@group-678C39C129E8-LeaderElection10] INFO  server.RaftServerConfigKeys (ConfUtils.java:logGet(44)) - raft.server.rpc.request.timeout = 60s (custom)
2021-10-27 07:37:33,911 [51d19100-6e30-4d37-982f-c542a20199a8@group-678C39C129E8-LeaderElection10] INFO  server.RaftServerConfigKeys (ConfUtils.java:logGet(44)) - raft.server.log.appender.install.snapshot.enabled = false (custom)
2021-10-27 07:37:33,925 [51d19100-6e30-4d37-982f-c542a20199a8@group-678C39C129E8-LeaderElection10] INFO  server.RaftServerConfigKeys (ConfUtils.java:logGet(44)) - raft.server.log.appender.snapshot.chunk.size.max = 16MB (=16777216) (default)
2021-10-27 07:37:33,925 [51d19100-6e30-4d37-982f-c542a20199a8@group-678C39C129E8-LeaderElection10] INFO  server.RaftServerConfigKeys (ConfUtils.java:logGet(44)) - raft.server.log.appender.buffer.byte-limit = 33554432 (custom)
2021-10-27 07:37:33,925 [51d19100-6e30-4d37-982f-c542a20199a8@group-678C39C129E8-LeaderElection10] INFO  server.RaftServerConfigKeys (ConfUtils.java:logGet(44)) - raft.server.log.appender.buffer.element-limit = 1 (custom)
2021-10-27 07:37:33,925 [51d19100-6e30-4d37-982f-c542a20199a8@group-678C39C129E8-LeaderElection10] INFO  grpc.GrpcConfigKeys (ConfUtils.java:logGet(44)) - raft.grpc.server.leader.outstanding.appends.max = 128 (default)
2021-10-27 07:37:33,926 [51d19100-6e30-4d37-982f-c542a20199a8@group-678C39C129E8-LeaderElection10] INFO  server.RaftServerConfigKeys (ConfUtils.java:logGet(44)) - raft.server.rpc.request.timeout = 60s (custom)
2021-10-27 07:37:33,926 [51d19100-6e30-4d37-982f-c542a20199a8@group-678C39C129E8-LeaderElection10] INFO  server.RaftServerConfigKeys (ConfUtils.java:logGet(44)) - raft.server.log.appender.install.snapshot.enabled = false (custom)
2021-10-27 07:37:33,927 [51d19100-6e30-4d37-982f-c542a20199a8@group-678C39C129E8-LeaderElection10] INFO  impl.RoleInfo (RoleInfo.java:updateAndGet(130)) - 51d19100-6e30-4d37-982f-c542a20199a8: start 51d19100-6e30-4d37-982f-c542a20199a8@group-678C39C129E8-LeaderStateImpl
2021-10-27 07:37:33,928 [51d19100-6e30-4d37-982f-c542a20199a8@group-678C39C129E8-LeaderElection10] INFO  segmented.SegmentedRaftLogWorker (SegmentedRaftLogWorker.java:startLogSegment(394)) - 51d19100-6e30-4d37-982f-c542a20199a8@group-678C39C129E8-SegmentedRaftLogWorker: Starting segment from index:0
2021-10-27 07:37:33,931 [51d19100-6e30-4d37-982f-c542a20199a8@group-678C39C129E8-SegmentedRaftLogWorker] INFO  segmented.SegmentedRaftLogWorker (SegmentedRaftLogWorker.java:execute(601)) - 51d19100-6e30-4d37-982f-c542a20199a8@group-678C39C129E8-SegmentedRaftLogWorker: created new log segment /home/runner/work/ozone/ozone/hadoop-ozone/integration-test/target/test-dir/MiniOzoneClusterImpl-0a1afbdb-b897-4eb1-874c-1902c7f745ab/datanode-1/data/ratis/7cef3a2e-64e9-4ff5-8841-678c39c129e8/current/log_inprogress_0
2021-10-27 07:37:33,937 [51d19100-6e30-4d37-982f-c542a20199a8@group-678C39C129E8-LeaderElection10] INFO  server.RaftServer$Division (ServerState.java:setRaftConf(387)) - 51d19100-6e30-4d37-982f-c542a20199a8@group-678C39C129E8: set configuration 0: [51d19100-6e30-4d37-982f-c542a20199a8|rpc:10.1.0.27:34427|dataStream:|priority:1, 08697b45-8c04-4a3a-859b-c816be28ca7a|rpc:10.1.0.27:32979|dataStream:|priority:0, 9ec659bb-6946-4d87-b3c7-8f8c8e1e9f0e|rpc:10.1.0.27:46551|dataStream:|priority:0], old=null
2021-10-27 07:37:33,965 [grpc-default-executor-2] INFO  ratis.XceiverServerRatis (XceiverServerRatis.java:handleLeaderChangedNotification(866)) - Leader change notification received for group: group-678C39C129E8 with new leaderId: 51d19100-6e30-4d37-982f-c542a20199a8
2021-10-27 07:37:33,966 [grpc-default-executor-2] INFO  server.RaftServer$Division (ServerState.java:setLeader(285)) - 9ec659bb-6946-4d87-b3c7-8f8c8e1e9f0e@group-678C39C129E8: change Leader from null to 51d19100-6e30-4d37-982f-c542a20199a8 at term 2 for appendEntries, leader elected after 9449ms
2021-10-27 07:37:33,969 [grpc-default-executor-0] INFO  ratis.XceiverServerRatis (XceiverServerRatis.java:handleLeaderChangedNotification(866)) - Leader change notification received for group: group-678C39C129E8 with new leaderId: 51d19100-6e30-4d37-982f-c542a20199a8
2021-10-27 07:37:33,969 [grpc-default-executor-0] INFO  server.RaftServer$Division (ServerState.java:setLeader(285)) - 08697b45-8c04-4a3a-859b-c816be28ca7a@group-678C39C129E8: change Leader from null to 51d19100-6e30-4d37-982f-c542a20199a8 at term 2 for appendEntries, leader elected after 10232ms
2021-10-27 07:37:33,990 [grpc-default-executor-0] INFO  server.RaftServer$Division (ServerState.java:setRaftConf(387)) - 9ec659bb-6946-4d87-b3c7-8f8c8e1e9f0e@group-678C39C129E8: set configuration 0: [51d19100-6e30-4d37-982f-c542a20199a8|rpc:10.1.0.27:34427|dataStream:|priority:1, 08697b45-8c04-4a3a-859b-c816be28ca7a|rpc:10.1.0.27:32979|dataStream:|priority:0, 9ec659bb-6946-4d87-b3c7-8f8c8e1e9f0e|rpc:10.1.0.27:46551|dataStream:|priority:0], old=null
2021-10-27 07:37:33,991 [grpc-default-executor-2] INFO  server.RaftServer$Division (ServerState.java:setRaftConf(387)) - 08697b45-8c04-4a3a-859b-c816be28ca7a@group-678C39C129E8: set configuration 0: [51d19100-6e30-4d37-982f-c542a20199a8|rpc:10.1.0.27:34427|dataStream:|priority:1, 08697b45-8c04-4a3a-859b-c816be28ca7a|rpc:10.1.0.27:32979|dataStream:|priority:0, 9ec659bb-6946-4d87-b3c7-8f8c8e1e9f0e|rpc:10.1.0.27:46551|dataStream:|priority:0], old=null
2021-10-27 07:37:33,991 [grpc-default-executor-2] INFO  segmented.SegmentedRaftLogWorker (SegmentedRaftLogWorker.java:startLogSegment(394)) - 08697b45-8c04-4a3a-859b-c816be28ca7a@group-678C39C129E8-SegmentedRaftLogWorker: Starting segment from index:0
2021-10-27 07:37:33,993 [08697b45-8c04-4a3a-859b-c816be28ca7a@group-678C39C129E8-SegmentedRaftLogWorker] INFO  segmented.SegmentedRaftLogWorker (SegmentedRaftLogWorker.java:execute(601)) - 08697b45-8c04-4a3a-859b-c816be28ca7a@group-678C39C129E8-SegmentedRaftLogWorker: created new log segment /home/runner/work/ozone/ozone/hadoop-ozone/integration-test/target/test-dir/MiniOzoneClusterImpl-0a1afbdb-b897-4eb1-874c-1902c7f745ab/datanode-0/data/ratis/7cef3a2e-64e9-4ff5-8841-678c39c129e8/current/log_inprogress_0
2021-10-27 07:37:33,994 [grpc-default-executor-0] INFO  segmented.SegmentedRaftLogWorker (SegmentedRaftLogWorker.java:startLogSegment(394)) - 9ec659bb-6946-4d87-b3c7-8f8c8e1e9f0e@group-678C39C129E8-SegmentedRaftLogWorker: Starting segment from index:0
2021-10-27 07:37:33,997 [9ec659bb-6946-4d87-b3c7-8f8c8e1e9f0e@group-678C39C129E8-SegmentedRaftLogWorker] INFO  segmented.SegmentedRaftLogWorker (SegmentedRaftLogWorker.java:execute(601)) - 9ec659bb-6946-4d87-b3c7-8f8c8e1e9f0e@group-678C39C129E8-SegmentedRaftLogWorker: created new log segment /home/runner/work/ozone/ozone/hadoop-ozone/integration-test/target/test-dir/MiniOzoneClusterImpl-0a1afbdb-b897-4eb1-874c-1902c7f745ab/datanode-2/data/ratis/7cef3a2e-64e9-4ff5-8841-678c39c129e8/current/log_inprogress_0
2021-10-27 07:37:34,131 [ReplicationMonitor] INFO  container.ReplicationManager (ReplicationManager.java:processAll(371)) - Replication Monitor Thread took 0 milliseconds for processing 0 containers.
2021-10-27 07:37:34,190 [Listener at 127.0.0.1/37745] INFO  ozone.MiniOzoneClusterImpl (MiniOzoneClusterImpl.java:lambda$waitForClusterToBeReady$0(235)) - Nodes are ready. Got 6 of 6 DN Heartbeats.
2021-10-27 07:37:34,190 [Listener at 127.0.0.1/37745] INFO  ozone.MiniOzoneClusterImpl (MiniOzoneClusterImpl.java:lambda$waitForClusterToBeReady$0(238)) - Cluster exits safe mode
2021-10-27 07:37:34,190 [Listener at 127.0.0.1/37745] INFO  ozone.MiniOzoneClusterImpl (MiniOzoneClusterImpl.java:lambda$waitForClusterToBeReady$0(240)) - SCM became leader
2021-10-27 07:37:34,215 [Listener at 127.0.0.1/37745] WARN  server.ServerUtils (ServerUtils.java:getScmDbDir(148)) - ozone.scm.db.dirs is not configured. We recommend adding this setting. Falling back to ozone.metadata.dirs instead.
2021-10-27 07:37:34,224 [Listener at 127.0.0.1/37745] INFO  ha.SCMHANodeDetails (SCMHANodeDetails.java:loadSCMHAConfig(157)) - ServiceID for StorageContainerManager is null
2021-10-27 07:37:34,225 [Listener at 127.0.0.1/37745] INFO  ha.SCMHANodeDetails (SCMHANodeDetails.java:loadSCMHAConfig(162)) - ozone.scm.default.service.id is not defined, falling back to ozone.scm.service.ids to find serviceID for StorageContainerManager if it is HA enabled cluster
2021-10-27 07:37:34,226 [Listener at 127.0.0.1/37745] WARN  server.ServerUtils (ServerUtils.java:getScmDbDir(148)) - ozone.scm.db.dirs is not configured. We recommend adding this setting. Falling back to ozone.metadata.dirs instead.
2021-10-27 07:37:34,226 [Listener at 127.0.0.1/37745] INFO  upgrade.AbstractLayoutVersionManager (AbstractLayoutVersionManager.java:init(79)) - Initializing Layout version manager with metadata layout = SCM_HA (version = 2), software layout = SCM_HA (version = 2)
2021-10-27 07:37:34,280 [Listener at 127.0.0.1/37745] INFO  reflections.Reflections (Reflections.java:scan(232)) - Reflections took 52 ms to scan 7 urls, producing 119 keys and 279 values 
2021-10-27 07:37:34,283 [Listener at 127.0.0.1/37745] WARN  utils.HAUtils (HAUtils.java:getMetaDir(342)) - ozone.scm.db.dirs is not configured. We recommend adding this setting. Falling back to ozone.metadata.dirs instead.
2021-10-27 07:37:34,284 [Listener at 127.0.0.1/37745] WARN  db.DBStoreBuilder (DBStoreBuilder.java:applyDBDefinition(145)) - ozone.scm.db.dirs is not configured. We recommend adding this setting. Falling back to ozone.metadata.dirs instead.
2021-10-27 07:37:34,430 [Listener at 127.0.0.1/37745] INFO  net.NodeSchemaLoader (NodeSchemaLoader.java:loadSchemaFromFile(129)) - Loading schema from [jar:file:/home/runner/.m2/repository/org/apache/ozone/hdds-common/1.2.0-SNAPSHOT/hdds-common-1.2.0-SNAPSHOT.jar!/network-topology-default.xml]
2021-10-27 07:37:34,433 [Listener at 127.0.0.1/37745] INFO  net.NodeSchemaLoader (NodeSchemaLoader.java:loadSchema(176)) - Loading network topology layer schema file
2021-10-27 07:37:34,442 [Listener at 127.0.0.1/37745] WARN  impl.MetricRegistriesImpl (MetricRegistriesImpl.java:addReporterRegistration(111)) - New reporters are added after registries were created. Some metrics will be missing from the reporter. Please add reporter before adding any new registry.
2021-10-27 07:37:34,442 [Listener at 127.0.0.1/37745] WARN  impl.MetricRegistriesImpl (MetricRegistriesImpl.java:addReporterRegistration(111)) - New reporters are added after registries were created. Some metrics will be missing from the reporter. Please add reporter before adding any new registry.
2021-10-27 07:37:34,443 [Listener at 127.0.0.1/37745] INFO  ha.SequenceIdGenerator (SequenceIdGenerator.java:upgradeToSequenceId(347)) - upgrade localId to 107544261427200000
2021-10-27 07:37:34,443 [Listener at 127.0.0.1/37745] INFO  ha.SequenceIdGenerator (SequenceIdGenerator.java:upgradeToSequenceId(357)) - upgrade delTxnId to 0
2021-10-27 07:37:34,443 [Listener at 127.0.0.1/37745] INFO  ha.SequenceIdGenerator (SequenceIdGenerator.java:upgradeToSequenceId(371)) - upgrade containerId to 0
2021-10-27 07:37:34,444 [Listener at 127.0.0.1/37745] INFO  ha.SequenceIdGenerator (SequenceIdGenerator.java:<init>(218)) - Init the HA SequenceIdGenerator.
2021-10-27 07:37:34,448 [Listener at 127.0.0.1/37745] INFO  node.SCMNodeManager (SCMNodeManager.java:<init>(144)) - Entering startup safe mode.
2021-10-27 07:37:34,451 [Listener at 127.0.0.1/37745] INFO  algorithms.ContainerPlacementPolicyFactory (ContainerPlacementPolicyFactory.java:getPolicy(60)) - Create container placement policy of type org.apache.hadoop.hdds.scm.container.placement.algorithms.SCMContainerPlacementRandom
2021-10-27 07:37:34,451 [Listener at 127.0.0.1/37745] INFO  pipeline.PipelineStateManagerImpl (PipelineStateManagerImpl.java:initialize(78)) - No pipeline exists in current db
2021-10-27 07:37:34,451 [Listener at 127.0.0.1/37745] INFO  algorithms.LeaderChoosePolicyFactory (LeaderChoosePolicyFactory.java:getPolicy(57)) - Create leader choose policy of type org.apache.hadoop.hdds.scm.pipeline.leader.choose.algorithms.MinLeaderCountChoosePolicy
2021-10-27 07:37:34,452 [Listener at 127.0.0.1/37745] INFO  ha.SCMServiceManager (SCMServiceManager.java:register(43)) - Registering service BackgroundPipelineCreator.
2021-10-27 07:37:34,452 [Listener at 127.0.0.1/37745] INFO  pipeline.BackgroundPipelineCreator (BackgroundPipelineCreator.java:start(130)) - Starting RatisPipelineUtilsThread.
2021-10-27 07:37:34,461 [Listener at 127.0.0.1/37745] INFO  algorithms.PipelineChoosePolicyFactory (PipelineChoosePolicyFactory.java:createPipelineChoosePolicyFromClass(73)) - Create pipeline choose policy of type org.apache.hadoop.hdds.scm.pipeline.choose.algorithms.RandomPipelineChoosePolicy
2021-10-27 07:37:34,462 [Listener at 127.0.0.1/37745] INFO  ha.SCMServiceManager (SCMServiceManager.java:register(43)) - Registering service SCMBlockDeletingService.
2021-10-27 07:37:34,462 [Listener at 127.0.0.1/37745] INFO  ha.SCMServiceManager (SCMServiceManager.java:register(43)) - Registering service ReplicationManager.
2021-10-27 07:37:34,463 [Listener at 127.0.0.1/37745] INFO  container.ReplicationManager (ReplicationManager.java:start(319)) - Starting Replication Monitor Thread.
2021-10-27 07:37:34,482 [Listener at 127.0.0.1/37745] INFO  safemode.ContainerSafeModeRule (ContainerSafeModeRule.java:<init>(89)) - containers with one replica threshold count 0
2021-10-27 07:37:34,483 [Listener at 127.0.0.1/37745] INFO  safemode.HealthyPipelineSafeModeRule (HealthyPipelineSafeModeRule.java:initializeRule(156)) - Total pipeline count is 0, healthy pipeline threshold count is 1
2021-10-27 07:37:34,483 [Listener at 127.0.0.1/37745] INFO  safemode.OneReplicaPipelineSafeModeRule (OneReplicaPipelineSafeModeRule.java:initializeRule(180)) - Total pipeline count is 0, pipeline's with at least one datanode reported threshold count is 0
2021-10-27 07:37:34,484 [ReplicationMonitor] INFO  container.ReplicationManager (ReplicationManager.java:processAll(371)) - Replication Monitor Thread took 0 milliseconds for processing 0 containers.
2021-10-27 07:37:34,484 [Listener at 127.0.0.1/37745] INFO  ipc.CallQueueManager (CallQueueManager.java:<init>(90)) - Using callQueue: class java.util.concurrent.LinkedBlockingQueue, queueCapacity: 2000, scheduler: class org.apache.hadoop.ipc.DefaultRpcScheduler, ipcBackoff: false.
2021-10-27 07:37:34,485 [Socket Reader #1 for port 0] INFO  ipc.Server (Server.java:run(1265)) - Starting Socket Reader #1 for port 0
2021-10-27 07:37:34,487 [Listener at 0.0.0.0/38229] INFO  ipc.CallQueueManager (CallQueueManager.java:<init>(90)) - Using callQueue: class java.util.concurrent.LinkedBlockingQueue, queueCapacity: 2000, scheduler: class org.apache.hadoop.ipc.DefaultRpcScheduler, ipcBackoff: false.
2021-10-27 07:37:34,488 [Socket Reader #1 for port 0] INFO  ipc.Server (Server.java:run(1265)) - Starting Socket Reader #1 for port 0
2021-10-27 07:37:34,489 [Listener at 0.0.0.0/38445] INFO  ipc.CallQueueManager (CallQueueManager.java:<init>(90)) - Using callQueue: class java.util.concurrent.LinkedBlockingQueue, queueCapacity: 2000, scheduler: class org.apache.hadoop.ipc.DefaultRpcScheduler, ipcBackoff: false.
2021-10-27 07:37:34,490 [Socket Reader #1 for port 0] INFO  ipc.Server (Server.java:run(1265)) - Starting Socket Reader #1 for port 0
2021-10-27 07:37:34,529 [Listener at 0.0.0.0/40841] INFO  algorithms.ContainerPlacementPolicyFactory (ContainerPlacementPolicyFactory.java:getPolicy(60)) - Create container placement policy of type org.apache.hadoop.hdds.scm.container.placement.algorithms.SCMContainerPlacementRandom
2021-10-27 07:37:34,530 [Listener at 0.0.0.0/40841] INFO  server.StorageContainerManager (StorageContainerManager.java:<init>(388)) - 
Container Balancer status:
Key                            Value
Running                        false
Container Balancer Configuration values:
Key                                                Value
Threshold                                          0.1
Max Datanodes to Involve per Iteration(ratio)      0.2
Max Size to Move per Iteration                     32212254720B

2021-10-27 07:37:34,530 [Listener at 0.0.0.0/40841] WARN  events.EventQueue (EventQueue.java:fireEvent(194)) - No event handler registered for event TypedEvent{payloadType=SafeModeStatus, name='Safe mode status'}
2021-10-27 07:37:34,530 [Listener at 0.0.0.0/40841] INFO  ha.SCMContext (SCMContext.java:updateSafeModeStatus(205)) - Update SafeModeStatus from SafeModeStatus{safeModeStatus=true, preCheckPassed=false} to SafeModeStatus{safeModeStatus=true, preCheckPassed=false}.
2021-10-27 07:37:34,531 [Listener at 0.0.0.0/40841] INFO  server.StorageContainerManager (StorageContainerManager.java:start(1303)) - StorageContainerLocationProtocol RPC server is listening at /0.0.0.0:40841
2021-10-27 07:37:34,531 [Listener at 0.0.0.0/40841] INFO  impl.MetricsSystemImpl (MetricsSystemImpl.java:init(158)) - StorageContainerManager metrics system started (again)
2021-10-27 07:37:34,561 [Listener at 0.0.0.0/40841] INFO  server.SCMClientProtocolServer (SCMClientProtocolServer.java:start(164)) - RPC server for Client  is listening at /0.0.0.0:40841
2021-10-27 07:37:34,573 [IPC Server Responder] INFO  ipc.Server (Server.java:run(1507)) - IPC Server Responder: starting
2021-10-27 07:37:34,590 [IPC Server listener on 0] INFO  ipc.Server (Server.java:run(1344)) - IPC Server listener on 0: starting
2021-10-27 07:37:34,669 [Listener at 0.0.0.0/40841] INFO  server.StorageContainerManager (StorageContainerManager.java:start(1318)) - ScmBlockLocationProtocol RPC server is listening at /0.0.0.0:38445
2021-10-27 07:37:34,670 [Listener at 0.0.0.0/40841] INFO  server.SCMBlockProtocolServer (SCMBlockProtocolServer.java:start(151)) - RPC server for Block Protocol is listening at /0.0.0.0:38445
2021-10-27 07:37:34,675 [IPC Server Responder] INFO  ipc.Server (Server.java:run(1507)) - IPC Server Responder: starting
2021-10-27 07:37:34,677 [IPC Server listener on 0] INFO  ipc.Server (Server.java:run(1344)) - IPC Server listener on 0: starting
2021-10-27 07:37:34,683 [Listener at 0.0.0.0/40841] INFO  server.StorageContainerManager (StorageContainerManager.java:start(1324)) - ScmDatanodeProtocl RPC server is listening at /0.0.0.0:38229
2021-10-27 07:37:34,683 [Listener at 0.0.0.0/40841] INFO  server.SCMDatanodeProtocolServer (SCMDatanodeProtocolServer.java:start(181)) - RPC server for DataNodes is listening at /0.0.0.0:38229
2021-10-27 07:37:34,685 [IPC Server Responder] INFO  ipc.Server (Server.java:run(1507)) - IPC Server Responder: starting
2021-10-27 07:37:34,688 [IPC Server listener on 0] INFO  ipc.Server (Server.java:run(1344)) - IPC Server listener on 0: starting
2021-10-27 07:37:34,701 [org.apache.hadoop.util.JvmPauseMonitor$Monitor@976a72c] INFO  util.JvmPauseMonitor (JvmPauseMonitor.java:run(188)) - Starting JVM pause monitor
2021-10-27 07:37:34,710 [Listener at 0.0.0.0/40841] INFO  http.BaseHttpServer (BaseHttpServer.java:newHttpServer2BuilderForOzone(209)) - Starting Web-server for scm at: http://0.0.0.0:0
2021-10-27 07:37:34,710 [Listener at 0.0.0.0/40841] INFO  http.BaseHttpServer (BaseHttpServer.java:<init>(107)) - Hadoop Security Enabled: false Ozone Security Enabled: false Ozone HTTP Security Enabled: false 
2021-10-27 07:37:34,712 [Listener at 0.0.0.0/40841] INFO  server.AuthenticationFilter (AuthenticationFilter.java:constructSecretProvider(240)) - Unable to initialize FileSignerSecretProvider, falling back to use random secrets.
2021-10-27 07:37:34,713 [Listener at 0.0.0.0/40841] WARN  http.HttpRequestLog (HttpRequestLog.java:getRequestLog(103)) - Jetty request log can only be enabled using Log4j
2021-10-27 07:37:34,714 [Listener at 0.0.0.0/40841] INFO  http.HttpServer2 (HttpServer2.java:addGlobalFilter(1030)) - Added global filter 'safety' (class=org.apache.hadoop.hdds.server.http.HttpServer2$QuotingInputFilter)
2021-10-27 07:37:34,715 [Listener at 0.0.0.0/40841] INFO  http.HttpServer2 (HttpServer2.java:addFilter(1006)) - Added filter static_user_filter (class=org.apache.hadoop.http.lib.StaticUserWebFilter$StaticUserFilter) to context scm
2021-10-27 07:37:34,716 [Listener at 0.0.0.0/40841] INFO  http.HttpServer2 (HttpServer2.java:addFilter(1014)) - Added filter static_user_filter (class=org.apache.hadoop.http.lib.StaticUserWebFilter$StaticUserFilter) to context static
2021-10-27 07:37:34,716 [Listener at 0.0.0.0/40841] INFO  http.HttpServer2 (HttpServer2.java:addFilter(1014)) - Added filter static_user_filter (class=org.apache.hadoop.http.lib.StaticUserWebFilter$StaticUserFilter) to context logs
2021-10-27 07:37:34,721 [Listener at 0.0.0.0/40841] INFO  http.HttpServer2 (HttpServer2.java:bindListener(1249)) - Jetty bound to port 40613
2021-10-27 07:37:34,721 [Listener at 0.0.0.0/40841] INFO  server.Server (Server.java:doStart(375)) - jetty-9.4.43.v20210629; built: 2021-06-30T11:07:22.254Z; git: 526006ecfa3af7f1a27ef3a288e2bef7ea9dd7e8; jvm 1.8.0_292-b10
2021-10-27 07:37:34,726 [Listener at 0.0.0.0/40841] INFO  server.session (DefaultSessionIdManager.java:doStart(334)) - DefaultSessionIdManager workerName=node0
2021-10-27 07:37:34,727 [Listener at 0.0.0.0/40841] INFO  server.session (DefaultSessionIdManager.java:doStart(339)) - No SessionScavenger set, using defaults
2021-10-27 07:37:34,727 [Listener at 0.0.0.0/40841] INFO  server.session (HouseKeeper.java:startScavenging(132)) - node0 Scavenging every 600000ms
2021-10-27 07:37:34,729 [Listener at 0.0.0.0/40841] INFO  handler.ContextHandler (ContextHandler.java:doStart(915)) - Started o.e.j.s.ServletContextHandler@398ee228{logs,/logs,file:///home/runner/work/ozone/ozone/hadoop-ozone/integration-test/target/log,AVAILABLE}
2021-10-27 07:37:34,729 [Listener at 0.0.0.0/40841] INFO  handler.ContextHandler (ContextHandler.java:doStart(915)) - Started o.e.j.s.ServletContextHandler@35fa8aaf{static,/static,file:///home/runner/work/ozone/ozone/hadoop-ozone/integration-test/target/test-classes/webapps/static,AVAILABLE}
2021-10-27 07:37:34,747 [Listener at 0.0.0.0/40841] INFO  handler.ContextHandler (ContextHandler.java:doStart(915)) - Started o.e.j.w.WebAppContext@25488680{scm,/,file:///home/runner/work/ozone/ozone/hadoop-ozone/integration-test/target/test-classes/webapps/scm/,AVAILABLE}{file:/home/runner/work/ozone/ozone/hadoop-ozone/integration-test/target/test-classes/webapps/scm}
2021-10-27 07:37:34,754 [Listener at 0.0.0.0/40841] INFO  server.AbstractConnector (AbstractConnector.java:doStart(331)) - Started ServerConnector@2fc743ea{HTTP/1.1, (http/1.1)}{0.0.0.0:40613}
2021-10-27 07:37:34,754 [Listener at 0.0.0.0/40841] INFO  server.Server (Server.java:doStart(415)) - Started @26321ms
2021-10-27 07:37:34,754 [Listener at 0.0.0.0/40841] WARN  impl.MetricsSystemImpl (MetricsSystemImpl.java:register(279)) - Sink prometheus already exists!
2021-10-27 07:37:34,755 [Listener at 0.0.0.0/40841] INFO  http.BaseHttpServer (BaseHttpServer.java:updateConnectorAddress(329)) - HTTP server of scm listening at http://0.0.0.0:40613
2021-10-27 07:37:34,755 [Listener at 0.0.0.0/40841] WARN  server.ServerUtils (ServerUtils.java:getDBPath(225)) - ozone.om.db.dirs is not configured. We recommend adding this setting. Falling back to ozone.metadata.dirs instead.
2021-10-27 07:37:34,757 [Listener at 0.0.0.0/40841] INFO  ha.OMHANodeDetails (OMHANodeDetails.java:loadOMHAConfig(112)) - ozone.om.internal.service.id is not defined, falling back to ozone.om.service.ids to find serviceID for OzoneManager if it is HA enabled cluster
2021-10-27 07:37:34,757 [Listener at 0.0.0.0/40841] INFO  ha.OMHANodeDetails (OMHANodeDetails.java:loadOMHAConfig(219)) - Configuration does not have ozone.om.address set. Falling back to the default OM address /127.0.0.1:0
2021-10-27 07:37:34,757 [Listener at 0.0.0.0/40841] INFO  ha.OMHANodeDetails (OMHANodeDetails.java:getOMNodeDetails(247)) - OM Service ID is not set. Setting it to the default ID: omServiceIdDefault
2021-10-27 07:37:34,757 [Listener at 0.0.0.0/40841] INFO  ha.OMHANodeDetails (OMHANodeDetails.java:getOMNodeDetails(254)) - OM Node ID is not set. Setting it to the default ID: om1
2021-10-27 07:37:34,758 [Listener at 0.0.0.0/40841] WARN  server.ServerUtils (ServerUtils.java:getDBPath(225)) - ozone.om.db.dirs is not configured. We recommend adding this setting. Falling back to ozone.metadata.dirs instead.
2021-10-27 07:37:34,758 [Listener at 0.0.0.0/40841] INFO  upgrade.AbstractLayoutVersionManager (AbstractLayoutVersionManager.java:init(79)) - Initializing Layout version manager with metadata layout = INITIAL_VERSION (version = 0), software layout = INITIAL_VERSION (version = 0)
2021-10-27 07:37:34,856 [Listener at 0.0.0.0/40841] INFO  reflections.Reflections (Reflections.java:scan(232)) - Reflections took 96 ms to scan 2 urls, producing 131 keys and 342 values [using 2 cores]
2021-10-27 07:37:34,856 [Listener at 0.0.0.0/40841] INFO  upgrade.OMLayoutVersionManager (OMLayoutVersionManager.java:lambda$0(115)) - Skipping Upgrade Action MockOmUpgradeAction since it has been finalized.
2021-10-27 07:37:34,856 [Listener at 0.0.0.0/40841] WARN  server.ServerUtils (ServerUtils.java:getDBPath(225)) - ozone.om.db.dirs is not configured. We recommend adding this setting. Falling back to ozone.metadata.dirs instead.
2021-10-27 07:37:34,882 [Listener at 0.0.0.0/40841] WARN  server.ServerUtils (ServerUtils.java:getDBPath(225)) - ozone.om.db.dirs is not configured. We recommend adding this setting. Falling back to ozone.metadata.dirs instead.
2021-10-27 07:37:34,883 [Listener at 0.0.0.0/40841] INFO  codec.OmKeyInfoCodec (OmKeyInfoCodec.java:<init>(51)) - OmKeyInfoCodec ignorePipeline = true
2021-10-27 07:37:34,883 [Listener at 0.0.0.0/40841] INFO  codec.RepeatedOmKeyInfoCodec (RepeatedOmKeyInfoCodec.java:<init>(42)) - RepeatedOmKeyInfoCodec ignorePipeline = true
2021-10-27 07:37:34,973 [29e37468-b3e4-401f-97cc-6f4d8466f30b@group-B3CA12EF4B7C-FollowerState] INFO  impl.FollowerState (FollowerState.java:run(134)) - 29e37468-b3e4-401f-97cc-6f4d8466f30b@group-B3CA12EF4B7C-FollowerState: change to CANDIDATE, lastRpcElapsedTime:5046397845ns, electionTimeout:5042ms
2021-10-27 07:37:34,973 [29e37468-b3e4-401f-97cc-6f4d8466f30b@group-B3CA12EF4B7C-FollowerState] INFO  impl.RoleInfo (RoleInfo.java:shutdownFollowerState(108)) - 29e37468-b3e4-401f-97cc-6f4d8466f30b: shutdown 29e37468-b3e4-401f-97cc-6f4d8466f30b@group-B3CA12EF4B7C-FollowerState
2021-10-27 07:37:34,974 [29e37468-b3e4-401f-97cc-6f4d8466f30b@group-B3CA12EF4B7C-FollowerState] INFO  server.RaftServer$Division (RaftServerImpl.java:setRole(290)) - 29e37468-b3e4-401f-97cc-6f4d8466f30b@group-B3CA12EF4B7C: changes role from  FOLLOWER to CANDIDATE at term 1 for changeToCandidate
2021-10-27 07:37:34,974 [29e37468-b3e4-401f-97cc-6f4d8466f30b@group-B3CA12EF4B7C-FollowerState] INFO  server.RaftServerConfigKeys (ConfUtils.java:logGet(44)) - raft.server.leaderelection.pre-vote = false (custom)
2021-10-27 07:37:34,974 [29e37468-b3e4-401f-97cc-6f4d8466f30b@group-B3CA12EF4B7C-FollowerState] INFO  impl.RoleInfo (RoleInfo.java:updateAndGet(130)) - 29e37468-b3e4-401f-97cc-6f4d8466f30b: start 29e37468-b3e4-401f-97cc-6f4d8466f30b@group-B3CA12EF4B7C-LeaderElection11
2021-10-27 07:37:34,989 [29e37468-b3e4-401f-97cc-6f4d8466f30b@group-B3CA12EF4B7C-LeaderElection11] INFO  impl.LeaderElection (LeaderElection.java:askForVotes(306)) - 29e37468-b3e4-401f-97cc-6f4d8466f30b@group-B3CA12EF4B7C-LeaderElection11 ELECTION round 0: submit vote requests at term 2 for -1: [29e37468-b3e4-401f-97cc-6f4d8466f30b|rpc:10.1.0.27:44085|dataStream:|priority:0, 8a5d7503-46af-43fb-b7e0-e0dcb22c5f77|rpc:10.1.0.27:45441|dataStream:|priority:0, 782939c9-076d-4829-92e4-0049f0e10c2b|rpc:10.1.0.27:40741|dataStream:|priority:1], old=null
2021-10-27 07:37:35,010 [8a5d7503-46af-43fb-b7e0-e0dcb22c5f77@group-B3CA12EF4B7C-FollowerState] INFO  impl.FollowerState (FollowerState.java:run(134)) - 8a5d7503-46af-43fb-b7e0-e0dcb22c5f77@group-B3CA12EF4B7C-FollowerState: change to CANDIDATE, lastRpcElapsedTime:5082193633ns, electionTimeout:5076ms
2021-10-27 07:37:35,010 [8a5d7503-46af-43fb-b7e0-e0dcb22c5f77@group-B3CA12EF4B7C-FollowerState] INFO  impl.RoleInfo (RoleInfo.java:shutdownFollowerState(108)) - 8a5d7503-46af-43fb-b7e0-e0dcb22c5f77: shutdown 8a5d7503-46af-43fb-b7e0-e0dcb22c5f77@group-B3CA12EF4B7C-FollowerState
2021-10-27 07:37:35,011 [8a5d7503-46af-43fb-b7e0-e0dcb22c5f77@group-B3CA12EF4B7C-FollowerState] INFO  server.RaftServer$Division (RaftServerImpl.java:setRole(290)) - 8a5d7503-46af-43fb-b7e0-e0dcb22c5f77@group-B3CA12EF4B7C: changes role from  FOLLOWER to CANDIDATE at term 1 for changeToCandidate
2021-10-27 07:37:35,011 [8a5d7503-46af-43fb-b7e0-e0dcb22c5f77@group-B3CA12EF4B7C-FollowerState] INFO  server.RaftServerConfigKeys (ConfUtils.java:logGet(44)) - raft.server.leaderelection.pre-vote = false (custom)
2021-10-27 07:37:35,011 [8a5d7503-46af-43fb-b7e0-e0dcb22c5f77@group-B3CA12EF4B7C-FollowerState] INFO  impl.RoleInfo (RoleInfo.java:updateAndGet(130)) - 8a5d7503-46af-43fb-b7e0-e0dcb22c5f77: start 8a5d7503-46af-43fb-b7e0-e0dcb22c5f77@group-B3CA12EF4B7C-LeaderElection12
2021-10-27 07:37:35,035 [8a5d7503-46af-43fb-b7e0-e0dcb22c5f77@group-B3CA12EF4B7C-LeaderElection12] INFO  impl.LeaderElection (LeaderElection.java:askForVotes(306)) - 8a5d7503-46af-43fb-b7e0-e0dcb22c5f77@group-B3CA12EF4B7C-LeaderElection12 ELECTION round 0: submit vote requests at term 2 for -1: [29e37468-b3e4-401f-97cc-6f4d8466f30b|rpc:10.1.0.27:44085|priority:0, 8a5d7503-46af-43fb-b7e0-e0dcb22c5f77|rpc:10.1.0.27:45441|priority:0, 782939c9-076d-4829-92e4-0049f0e10c2b|rpc:10.1.0.27:40741|priority:1], old=null
2021-10-27 07:37:35,049 [grpc-default-executor-0] INFO  server.RaftServer$Division (RaftServerImpl.java:requestVote(1046)) - 782939c9-076d-4829-92e4-0049f0e10c2b@group-B3CA12EF4B7C: receive requestVote(ELECTION, 29e37468-b3e4-401f-97cc-6f4d8466f30b, group-B3CA12EF4B7C, 2, (t:0, i:0))
2021-10-27 07:37:35,049 [grpc-default-executor-0] INFO  impl.VoteContext (VoteContext.java:log(48)) - 782939c9-076d-4829-92e4-0049f0e10c2b@group-B3CA12EF4B7C-FOLLOWER: reject ELECTION from 29e37468-b3e4-401f-97cc-6f4d8466f30b: our priority 1 > candidate's priority 0
2021-10-27 07:37:35,049 [grpc-default-executor-3] INFO  server.RaftServer$Division (RaftServerImpl.java:requestVote(1046)) - 8a5d7503-46af-43fb-b7e0-e0dcb22c5f77@group-B3CA12EF4B7C: receive requestVote(ELECTION, 29e37468-b3e4-401f-97cc-6f4d8466f30b, group-B3CA12EF4B7C, 2, (t:0, i:0))
2021-10-27 07:37:35,049 [grpc-default-executor-0] INFO  server.RaftServer$Division (RaftServerImpl.java:setRole(290)) - 782939c9-076d-4829-92e4-0049f0e10c2b@group-B3CA12EF4B7C: changes role from  FOLLOWER to FOLLOWER at term 2 for candidate:29e37468-b3e4-401f-97cc-6f4d8466f30b
2021-10-27 07:37:35,050 [grpc-default-executor-3] INFO  impl.VoteContext (VoteContext.java:log(48)) - 8a5d7503-46af-43fb-b7e0-e0dcb22c5f77@group-B3CA12EF4B7C-CANDIDATE: reject ELECTION from 29e37468-b3e4-401f-97cc-6f4d8466f30b: already has voted for 8a5d7503-46af-43fb-b7e0-e0dcb22c5f77 at current term 2
2021-10-27 07:37:35,050 [grpc-default-executor-0] INFO  impl.RoleInfo (RoleInfo.java:shutdownFollowerState(108)) - 782939c9-076d-4829-92e4-0049f0e10c2b: shutdown 782939c9-076d-4829-92e4-0049f0e10c2b@group-B3CA12EF4B7C-FollowerState
2021-10-27 07:37:35,050 [grpc-default-executor-3] INFO  server.RaftServer$Division (RaftServerImpl.java:requestVote(1078)) - 8a5d7503-46af-43fb-b7e0-e0dcb22c5f77@group-B3CA12EF4B7C replies to ELECTION vote request: 29e37468-b3e4-401f-97cc-6f4d8466f30b<-8a5d7503-46af-43fb-b7e0-e0dcb22c5f77#0:FAIL-t2. Peer's state: 8a5d7503-46af-43fb-b7e0-e0dcb22c5f77@group-B3CA12EF4B7C:t2, leader=null, voted=8a5d7503-46af-43fb-b7e0-e0dcb22c5f77, raftlog=8a5d7503-46af-43fb-b7e0-e0dcb22c5f77@group-B3CA12EF4B7C-SegmentedRaftLog:OPENED:c-1, conf=-1: [29e37468-b3e4-401f-97cc-6f4d8466f30b|rpc:10.1.0.27:44085|priority:0, 8a5d7503-46af-43fb-b7e0-e0dcb22c5f77|rpc:10.1.0.27:45441|priority:0, 782939c9-076d-4829-92e4-0049f0e10c2b|rpc:10.1.0.27:40741|priority:1], old=null
2021-10-27 07:37:35,064 [grpc-default-executor-0] INFO  impl.RoleInfo (RoleInfo.java:updateAndGet(130)) - 782939c9-076d-4829-92e4-0049f0e10c2b: start 782939c9-076d-4829-92e4-0049f0e10c2b@group-B3CA12EF4B7C-FollowerState
2021-10-27 07:37:35,080 [grpc-default-executor-3] INFO  server.RaftServer$Division (RaftServerImpl.java:requestVote(1046)) - 29e37468-b3e4-401f-97cc-6f4d8466f30b@group-B3CA12EF4B7C: receive requestVote(ELECTION, 8a5d7503-46af-43fb-b7e0-e0dcb22c5f77, group-B3CA12EF4B7C, 2, (t:0, i:0))
2021-10-27 07:37:35,081 [grpc-default-executor-3] INFO  impl.VoteContext (VoteContext.java:log(48)) - 29e37468-b3e4-401f-97cc-6f4d8466f30b@group-B3CA12EF4B7C-CANDIDATE: reject ELECTION from 8a5d7503-46af-43fb-b7e0-e0dcb22c5f77: already has voted for 29e37468-b3e4-401f-97cc-6f4d8466f30b at current term 2
2021-10-27 07:37:35,080 [grpc-default-executor-1] INFO  server.RaftServer$Division (RaftServerImpl.java:requestVote(1046)) - 782939c9-076d-4829-92e4-0049f0e10c2b@group-B3CA12EF4B7C: receive requestVote(ELECTION, 8a5d7503-46af-43fb-b7e0-e0dcb22c5f77, group-B3CA12EF4B7C, 2, (t:0, i:0))
2021-10-27 07:37:35,081 [grpc-default-executor-3] INFO  server.RaftServer$Division (RaftServerImpl.java:requestVote(1078)) - 29e37468-b3e4-401f-97cc-6f4d8466f30b@group-B3CA12EF4B7C replies to ELECTION vote request: 8a5d7503-46af-43fb-b7e0-e0dcb22c5f77<-29e37468-b3e4-401f-97cc-6f4d8466f30b#0:FAIL-t2. Peer's state: 29e37468-b3e4-401f-97cc-6f4d8466f30b@group-B3CA12EF4B7C:t2, leader=null, voted=29e37468-b3e4-401f-97cc-6f4d8466f30b, raftlog=29e37468-b3e4-401f-97cc-6f4d8466f30b@group-B3CA12EF4B7C-SegmentedRaftLog:OPENED:c-1, conf=-1: [29e37468-b3e4-401f-97cc-6f4d8466f30b|rpc:10.1.0.27:44085|dataStream:|priority:0, 8a5d7503-46af-43fb-b7e0-e0dcb22c5f77|rpc:10.1.0.27:45441|dataStream:|priority:0, 782939c9-076d-4829-92e4-0049f0e10c2b|rpc:10.1.0.27:40741|dataStream:|priority:1], old=null
2021-10-27 07:37:35,082 [grpc-default-executor-0] INFO  server.RaftServer$Division (RaftServerImpl.java:requestVote(1078)) - 782939c9-076d-4829-92e4-0049f0e10c2b@group-B3CA12EF4B7C replies to ELECTION vote request: 29e37468-b3e4-401f-97cc-6f4d8466f30b<-782939c9-076d-4829-92e4-0049f0e10c2b#0:FAIL-t2. Peer's state: 782939c9-076d-4829-92e4-0049f0e10c2b@group-B3CA12EF4B7C:t2, leader=null, voted=null, raftlog=782939c9-076d-4829-92e4-0049f0e10c2b@group-B3CA12EF4B7C-SegmentedRaftLog:OPENED:c-1, conf=-1: [29e37468-b3e4-401f-97cc-6f4d8466f30b|rpc:10.1.0.27:44085|dataStream:|priority:0, 8a5d7503-46af-43fb-b7e0-e0dcb22c5f77|rpc:10.1.0.27:45441|dataStream:|priority:0, 782939c9-076d-4829-92e4-0049f0e10c2b|rpc:10.1.0.27:40741|dataStream:|priority:1], old=null
2021-10-27 07:37:35,084 [29e37468-b3e4-401f-97cc-6f4d8466f30b@group-B3CA12EF4B7C-LeaderElection11] INFO  impl.LeaderElection (LeaderElection.java:logAndReturn(89)) - 29e37468-b3e4-401f-97cc-6f4d8466f30b@group-B3CA12EF4B7C-LeaderElection11: ELECTION REJECTED received 2 response(s) and 0 exception(s):
2021-10-27 07:37:35,086 [29e37468-b3e4-401f-97cc-6f4d8466f30b@group-B3CA12EF4B7C-LeaderElection11] INFO  impl.LeaderElection (LeaderElection.java:logAndReturn(93)) -   Response 0: 29e37468-b3e4-401f-97cc-6f4d8466f30b<-8a5d7503-46af-43fb-b7e0-e0dcb22c5f77#0:FAIL-t2
2021-10-27 07:37:35,086 [29e37468-b3e4-401f-97cc-6f4d8466f30b@group-B3CA12EF4B7C-LeaderElection11] INFO  impl.LeaderElection (LeaderElection.java:logAndReturn(93)) -   Response 1: 29e37468-b3e4-401f-97cc-6f4d8466f30b<-782939c9-076d-4829-92e4-0049f0e10c2b#0:FAIL-t2
2021-10-27 07:37:35,086 [29e37468-b3e4-401f-97cc-6f4d8466f30b@group-B3CA12EF4B7C-LeaderElection11] INFO  impl.LeaderElection (LeaderElection.java:askForVotes(308)) - 29e37468-b3e4-401f-97cc-6f4d8466f30b@group-B3CA12EF4B7C-LeaderElection11 ELECTION round 0: result REJECTED
2021-10-27 07:37:35,086 [29e37468-b3e4-401f-97cc-6f4d8466f30b@group-B3CA12EF4B7C-LeaderElection11] INFO  server.RaftServer$Division (RaftServerImpl.java:setRole(290)) - 29e37468-b3e4-401f-97cc-6f4d8466f30b@group-B3CA12EF4B7C: changes role from CANDIDATE to FOLLOWER at term 2 for REJECTED
2021-10-27 07:37:35,086 [29e37468-b3e4-401f-97cc-6f4d8466f30b@group-B3CA12EF4B7C-LeaderElection11] INFO  impl.RoleInfo (RoleInfo.java:shutdownLeaderElection(121)) - 29e37468-b3e4-401f-97cc-6f4d8466f30b: shutdown 29e37468-b3e4-401f-97cc-6f4d8466f30b@group-B3CA12EF4B7C-LeaderElection11
2021-10-27 07:37:35,086 [29e37468-b3e4-401f-97cc-6f4d8466f30b@group-B3CA12EF4B7C-LeaderElection11] INFO  impl.RoleInfo (RoleInfo.java:updateAndGet(130)) - 29e37468-b3e4-401f-97cc-6f4d8466f30b: start 29e37468-b3e4-401f-97cc-6f4d8466f30b@group-B3CA12EF4B7C-FollowerState
2021-10-27 07:37:35,084 [grpc-default-executor-1] INFO  impl.VoteContext (VoteContext.java:log(48)) - 782939c9-076d-4829-92e4-0049f0e10c2b@group-B3CA12EF4B7C-FOLLOWER: reject ELECTION from 8a5d7503-46af-43fb-b7e0-e0dcb22c5f77: our priority 1 > candidate's priority 0
2021-10-27 07:37:35,118 [grpc-default-executor-1] INFO  server.RaftServer$Division (RaftServerImpl.java:setRole(290)) - 782939c9-076d-4829-92e4-0049f0e10c2b@group-B3CA12EF4B7C: changes role from  FOLLOWER to FOLLOWER at term 2 for candidate:8a5d7503-46af-43fb-b7e0-e0dcb22c5f77
2021-10-27 07:37:35,118 [grpc-default-executor-1] INFO  impl.RoleInfo (RoleInfo.java:shutdownFollowerState(108)) - 782939c9-076d-4829-92e4-0049f0e10c2b: shutdown 782939c9-076d-4829-92e4-0049f0e10c2b@group-B3CA12EF4B7C-FollowerState
2021-10-27 07:37:35,119 [grpc-default-executor-1] INFO  impl.RoleInfo (RoleInfo.java:updateAndGet(130)) - 782939c9-076d-4829-92e4-0049f0e10c2b: start 782939c9-076d-4829-92e4-0049f0e10c2b@group-B3CA12EF4B7C-FollowerState
2021-10-27 07:37:35,119 [782939c9-076d-4829-92e4-0049f0e10c2b@group-B3CA12EF4B7C-FollowerState] INFO  impl.FollowerState (FollowerState.java:run(143)) - 782939c9-076d-4829-92e4-0049f0e10c2b@group-B3CA12EF4B7C-FollowerState was interrupted: {}
java.lang.InterruptedException: sleep interrupted
	at java.lang.Thread.sleep(Native Method)
	at java.lang.Thread.sleep(Thread.java:340)
	at java.util.concurrent.TimeUnit.sleep(TimeUnit.java:386)
	at org.apache.ratis.util.TimeDuration.sleep(TimeDuration.java:324)
	at org.apache.ratis.util.TimeDuration.sleep(TimeDuration.java:309)
	at org.apache.ratis.server.impl.FollowerState.run(FollowerState.java:118)
2021-10-27 07:37:35,122 [Listener at 0.0.0.0/40841] INFO  om.OzoneManager (OzoneManager.java:addS3GVolumeToDB(3393)) - Created Volume s3v With Owner runner required for S3Gateway operations.
2021-10-27 07:37:35,122 [Listener at 0.0.0.0/40841] WARN  server.ServerUtils (ServerUtils.java:getDefaultRatisDirectory(237)) - Storage directory for Ratis is not configured. It is a good idea to map this to an SSD disk. Falling back to ozone.metadata.dirs
2021-10-27 07:37:35,122 [Listener at 0.0.0.0/40841] WARN  utils.OzoneManagerRatisUtils (OzoneManagerRatisUtils.java:getOMRatisSnapshotDirectory(435)) - ozone.om.ratis.snapshot.dir is not configured. Falling back to ozone.metadata.dirs config
2021-10-27 07:37:35,122 [Listener at 0.0.0.0/40841] WARN  impl.MetricRegistriesImpl (MetricRegistriesImpl.java:addReporterRegistration(111)) - New reporters are added after registries were created. Some metrics will be missing from the reporter. Please add reporter before adding any new registry.
2021-10-27 07:37:35,123 [Listener at 0.0.0.0/40841] WARN  impl.MetricRegistriesImpl (MetricRegistriesImpl.java:addReporterRegistration(111)) - New reporters are added after registries were created. Some metrics will be missing from the reporter. Please add reporter before adding any new registry.
2021-10-27 07:37:35,123 [Listener at 0.0.0.0/40841] WARN  server.ServerUtils (ServerUtils.java:getDefaultRatisDirectory(237)) - Storage directory for Ratis is not configured. It is a good idea to map this to an SSD disk. Falling back to ozone.metadata.dirs
2021-10-27 07:37:35,126 [Listener at 0.0.0.0/40841] INFO  ratis.OzoneManagerRatisServer (OzoneManagerRatisServer.java:<init>(159)) - Instantiating OM Ratis server with groupID: omServiceIdDefault and peers: localhost:45623
2021-10-27 07:37:35,127 [Listener at 0.0.0.0/40841] INFO  ratis.OzoneManagerStateMachine (OzoneManagerStateMachine.java:loadSnapshotInfoFromDB(605)) - LastAppliedIndex is set from TransactionInfo from OM DB as (t:0, i:~)
2021-10-27 07:37:35,128 [grpc-default-executor-1] INFO  server.RaftServer$Division (RaftServerImpl.java:requestVote(1078)) - 782939c9-076d-4829-92e4-0049f0e10c2b@group-B3CA12EF4B7C replies to ELECTION vote request: 8a5d7503-46af-43fb-b7e0-e0dcb22c5f77<-782939c9-076d-4829-92e4-0049f0e10c2b#0:FAIL-t2. Peer's state: 782939c9-076d-4829-92e4-0049f0e10c2b@group-B3CA12EF4B7C:t2, leader=null, voted=null, raftlog=782939c9-076d-4829-92e4-0049f0e10c2b@group-B3CA12EF4B7C-SegmentedRaftLog:OPENED:c-1, conf=-1: [29e37468-b3e4-401f-97cc-6f4d8466f30b|rpc:10.1.0.27:44085|dataStream:|priority:0, 8a5d7503-46af-43fb-b7e0-e0dcb22c5f77|rpc:10.1.0.27:45441|dataStream:|priority:0, 782939c9-076d-4829-92e4-0049f0e10c2b|rpc:10.1.0.27:40741|dataStream:|priority:1], old=null
2021-10-27 07:37:35,129 [782939c9-076d-4829-92e4-0049f0e10c2b@group-B3CA12EF4B7C-FollowerState] INFO  impl.FollowerState (FollowerState.java:run(134)) - 782939c9-076d-4829-92e4-0049f0e10c2b@group-B3CA12EF4B7C-FollowerState: change to CANDIDATE, lastRpcElapsedTime:5206475644ns, electionTimeout:5118ms
2021-10-27 07:37:35,129 [782939c9-076d-4829-92e4-0049f0e10c2b@group-B3CA12EF4B7C-FollowerState] INFO  impl.RoleInfo (RoleInfo.java:shutdownFollowerState(108)) - 782939c9-076d-4829-92e4-0049f0e10c2b: shutdown 782939c9-076d-4829-92e4-0049f0e10c2b@group-B3CA12EF4B7C-FollowerState
2021-10-27 07:37:35,129 [782939c9-076d-4829-92e4-0049f0e10c2b@group-B3CA12EF4B7C-FollowerState] INFO  server.RaftServer$Division (RaftServerImpl.java:setRole(290)) - 782939c9-076d-4829-92e4-0049f0e10c2b@group-B3CA12EF4B7C: changes role from  FOLLOWER to CANDIDATE at term 2 for changeToCandidate
2021-10-27 07:37:35,129 [782939c9-076d-4829-92e4-0049f0e10c2b@group-B3CA12EF4B7C-FollowerState] INFO  server.RaftServerConfigKeys (ConfUtils.java:logGet(44)) - raft.server.leaderelection.pre-vote = false (custom)
2021-10-27 07:37:35,130 [782939c9-076d-4829-92e4-0049f0e10c2b@group-B3CA12EF4B7C-FollowerState] INFO  impl.RoleInfo (RoleInfo.java:updateAndGet(130)) - 782939c9-076d-4829-92e4-0049f0e10c2b: start 782939c9-076d-4829-92e4-0049f0e10c2b@group-B3CA12EF4B7C-LeaderElection13
2021-10-27 07:37:35,132 [ReplicationMonitor] INFO  container.ReplicationManager (ReplicationManager.java:processAll(371)) - Replication Monitor Thread took 0 milliseconds for processing 0 containers.
2021-10-27 07:37:35,135 [Listener at 0.0.0.0/40841] INFO  server.RaftServer (ConfUtils.java:logGet(44)) - raft.rpc.type = GRPC (default)
2021-10-27 07:37:35,139 [Listener at 0.0.0.0/40841] INFO  grpc.GrpcFactory (GrpcFactory.java:checkPooledByteBufAllocatorUseCacheForAllThreads(48)) - PERFORMANCE WARNING: useCacheForAllThreads is true that may cause Netty to create a lot garbage objects and, as a result, trigger GC.
	It is recommended to disable useCacheForAllThreads by setting -Dorg.apache.ratis.thirdparty.io.netty.allocator.useCacheForAllThreads=false in command line.
2021-10-27 07:37:35,140 [Listener at 0.0.0.0/40841] INFO  grpc.GrpcConfigKeys (ConfUtils.java:logGet(44)) - raft.grpc.admin.port = -1 (default)
2021-10-27 07:37:35,140 [Listener at 0.0.0.0/40841] INFO  grpc.GrpcConfigKeys (ConfUtils.java:logGet(44)) - raft.grpc.server.port = 45623 (custom)
2021-10-27 07:37:35,140 [Listener at 0.0.0.0/40841] INFO  grpc.GrpcConfigKeys (ConfUtils.java:logGet(44)) - raft.grpc.client.port = -1 (default)
2021-10-27 07:37:35,141 [Listener at 0.0.0.0/40841] INFO  grpc.GrpcConfigKeys (ConfUtils.java:logGet(44)) - raft.grpc.server.port = 45623 (custom)
2021-10-27 07:37:35,141 [Listener at 0.0.0.0/40841] INFO  grpc.GrpcConfigKeys (ConfUtils.java:logGet(44)) - raft.grpc.server.port = 45623 (custom)
2021-10-27 07:37:35,141 [Listener at 0.0.0.0/40841] INFO  server.GrpcService (ConfUtils.java:logGet(44)) - raft.grpc.message.size.max = 33554432 (custom)
2021-10-27 07:37:35,141 [Listener at 0.0.0.0/40841] INFO  server.RaftServerConfigKeys (ConfUtils.java:logGet(44)) - raft.server.log.appender.buffer.byte-limit = 33554432 (custom)
2021-10-27 07:37:35,141 [Listener at 0.0.0.0/40841] INFO  server.GrpcService (ConfUtils.java:logGet(44)) - raft.grpc.flow.control.window = 1MB (=1048576) (default)
2021-10-27 07:37:35,141 [Listener at 0.0.0.0/40841] INFO  server.RaftServerConfigKeys (ConfUtils.java:logGet(44)) - raft.server.rpc.request.timeout = 3000ms (default)
2021-10-27 07:37:35,143 [Listener at 0.0.0.0/40841] INFO  impl.DataStreamServerImpl (ConfUtils.java:logGet(44)) - raft.datastream.type = DISABLED (default)
2021-10-27 07:37:35,143 [Listener at 0.0.0.0/40841] INFO  server.RaftServerConfigKeys (ConfUtils.java:logGet(44)) - raft.server.rpc.slowness.timeout = 120s (custom)
2021-10-27 07:37:35,143 [Listener at 0.0.0.0/40841] INFO  server.RaftServerConfigKeys (ConfUtils.java:logGet(44)) - raft.server.leaderelection.leader.step-down.wait-time = 10s (default)
2021-10-27 07:37:35,143 [Listener at 0.0.0.0/40841] INFO  server.RaftServerConfigKeys (ConfUtils.java:logGet(44)) - raft.server.storage.dir = [/home/runner/work/ozone/ozone/hadoop-ozone/integration-test/target/test-dir/MiniOzoneClusterImpl-166db4ac-5aa3-4efc-b377-a8ff7cd8c20d/ozone-meta/ratis] (custom)
2021-10-27 07:37:35,144 [Listener at 0.0.0.0/40841] INFO  server.RaftServer (RaftServerProxy.java:addNew(95)) - om1: addNew group-C5BA1605619E:[om1|rpc:localhost:45623|priority:0] returns group-C5BA1605619E:java.util.concurrent.CompletableFuture@106be12f[Not completed]
2021-10-27 07:37:35,144 [Listener at 0.0.0.0/40841] INFO  om.OzoneManager (OzoneManager.java:initializeRatisServer(1592)) - OzoneManager Ratis server initialized at port 45623
2021-10-27 07:37:35,144 [782939c9-076d-4829-92e4-0049f0e10c2b@group-B3CA12EF4B7C-LeaderElection13] INFO  impl.LeaderElection (LeaderElection.java:askForVotes(306)) - 782939c9-076d-4829-92e4-0049f0e10c2b@group-B3CA12EF4B7C-LeaderElection13 ELECTION round 0: submit vote requests at term 3 for -1: [29e37468-b3e4-401f-97cc-6f4d8466f30b|rpc:10.1.0.27:44085|dataStream:|priority:0, 8a5d7503-46af-43fb-b7e0-e0dcb22c5f77|rpc:10.1.0.27:45441|dataStream:|priority:0, 782939c9-076d-4829-92e4-0049f0e10c2b|rpc:10.1.0.27:40741|dataStream:|priority:1], old=null
2021-10-27 07:37:35,145 [Listener at 0.0.0.0/40841] INFO  ipc.CallQueueManager (CallQueueManager.java:<init>(90)) - Using callQueue: class java.util.concurrent.LinkedBlockingQueue, queueCapacity: 2000, scheduler: class org.apache.hadoop.ipc.DefaultRpcScheduler, ipcBackoff: false.
2021-10-27 07:37:35,147 [pool-206-thread-1] INFO  server.RaftServer$Division (RaftServerImpl.java:<init>(184)) - om1: new RaftServerImpl for group-C5BA1605619E:[om1|rpc:localhost:45623|priority:0] with OzoneManagerStateMachine:uninitialized
2021-10-27 07:37:35,158 [pool-206-thread-1] INFO  server.RaftServerConfigKeys (ConfUtils.java:logGet(44)) - raft.server.rpc.timeout.min = 1s (custom)
2021-10-27 07:37:35,158 [pool-206-thread-1] INFO  server.RaftServerConfigKeys (ConfUtils.java:logGet(44)) - raft.server.rpc.timeout.max = 1200ms (custom)
2021-10-27 07:37:35,158 [pool-206-thread-1] INFO  server.RaftServerConfigKeys (ConfUtils.java:logGet(44)) - raft.server.rpc.sleep.time = 25ms (default)
2021-10-27 07:37:35,158 [pool-206-thread-1] INFO  server.RaftServerConfigKeys (ConfUtils.java:logGet(44)) - raft.server.rpc.slowness.timeout = 120s (custom)
2021-10-27 07:37:35,158 [pool-206-thread-1] INFO  server.RaftServerConfigKeys (ConfUtils.java:logGet(44)) - raft.server.leaderelection.leader.step-down.wait-time = 10s (default)
2021-10-27 07:37:35,158 [pool-206-thread-1] INFO  server.RaftServerConfigKeys (ConfUtils.java:logGet(44)) - raft.server.sleep.deviation.threshold = 300ms (default)
2021-10-27 07:37:35,158 [pool-206-thread-1] INFO  server.RaftServerConfigKeys (ConfUtils.java:logGet(44)) - raft.server.log.appender.install.snapshot.enabled = false (custom)
2021-10-27 07:37:35,158 [pool-206-thread-1] INFO  server.RaftServer$Division (ServerState.java:<init>(105)) - om1@group-C5BA1605619E: ConfigurationManager, init=-1: [om1|rpc:localhost:45623|priority:0], old=null, confs=<EMPTY_MAP>
2021-10-27 07:37:35,158 [pool-206-thread-1] INFO  server.RaftServerConfigKeys (ConfUtils.java:logGet(44)) - raft.server.storage.dir = [/home/runner/work/ozone/ozone/hadoop-ozone/integration-test/target/test-dir/MiniOzoneClusterImpl-166db4ac-5aa3-4efc-b377-a8ff7cd8c20d/ozone-meta/ratis] (custom)
2021-10-27 07:37:35,159 [pool-206-thread-1] INFO  server.RaftServerConfigKeys (ConfUtils.java:logGet(44)) - raft.server.log.corruption.policy = EXCEPTION (default)
2021-10-27 07:37:35,159 [pool-206-thread-1] INFO  server.RaftServerConfigKeys (ConfUtils.java:logGet(44)) - raft.server.storage.free-space.min = 0MB (=0) (default)
2021-10-27 07:37:35,159 [pool-206-thread-1] INFO  storage.RaftStorageDirectory (RaftStorageDirectoryImpl.java:analyzeStorage(135)) - The storage directory /home/runner/work/ozone/ozone/hadoop-ozone/integration-test/target/test-dir/MiniOzoneClusterImpl-166db4ac-5aa3-4efc-b377-a8ff7cd8c20d/ozone-meta/ratis/bf265839-605b-3f16-9796-c5ba1605619e does not exist. Creating ...
2021-10-27 07:37:35,161 [pool-206-thread-1] INFO  storage.RaftStorageDirectory (RaftStorageDirectoryImpl.java:tryLock(230)) - Lock on /home/runner/work/ozone/ozone/hadoop-ozone/integration-test/target/test-dir/MiniOzoneClusterImpl-166db4ac-5aa3-4efc-b377-a8ff7cd8c20d/ozone-meta/ratis/bf265839-605b-3f16-9796-c5ba1605619e/in_use.lock acquired by nodename 22077@fv-az270-913
2021-10-27 07:37:35,162 [8a5d7503-46af-43fb-b7e0-e0dcb22c5f77@group-B3CA12EF4B7C-LeaderElection12] INFO  impl.LeaderElection (LeaderElection.java:logAndReturn(89)) - 8a5d7503-46af-43fb-b7e0-e0dcb22c5f77@group-B3CA12EF4B7C-LeaderElection12: ELECTION REJECTED received 2 response(s) and 0 exception(s):
2021-10-27 07:37:35,162 [8a5d7503-46af-43fb-b7e0-e0dcb22c5f77@group-B3CA12EF4B7C-LeaderElection12] INFO  impl.LeaderElection (LeaderElection.java:logAndReturn(93)) -   Response 0: 8a5d7503-46af-43fb-b7e0-e0dcb22c5f77<-29e37468-b3e4-401f-97cc-6f4d8466f30b#0:FAIL-t2
2021-10-27 07:37:35,162 [8a5d7503-46af-43fb-b7e0-e0dcb22c5f77@group-B3CA12EF4B7C-LeaderElection12] INFO  impl.LeaderElection (LeaderElection.java:logAndReturn(93)) -   Response 1: 8a5d7503-46af-43fb-b7e0-e0dcb22c5f77<-782939c9-076d-4829-92e4-0049f0e10c2b#0:FAIL-t2
2021-10-27 07:37:35,163 [pool-206-thread-1] INFO  storage.RaftStorage (RaftStorageImpl.java:format(89)) - Storage directory /home/runner/work/ozone/ozone/hadoop-ozone/integration-test/target/test-dir/MiniOzoneClusterImpl-166db4ac-5aa3-4efc-b377-a8ff7cd8c20d/ozone-meta/ratis/bf265839-605b-3f16-9796-c5ba1605619e has been successfully formatted.
2021-10-27 07:37:35,163 [pool-206-thread-1] INFO  server.RaftServerConfigKeys (ConfUtils.java:logGet(44)) - raft.server.notification.no-leader.timeout = 120s (custom)
2021-10-27 07:37:35,163 [pool-206-thread-1] INFO  server.RaftServerConfigKeys (ConfUtils.java:logGet(44)) - raft.server.log.use.memory = false (default)
2021-10-27 07:37:35,164 [pool-206-thread-1] INFO  server.RaftServerConfigKeys (ConfUtils.java:logGet(44)) - raft.server.log.purge.gap = 1000000 (custom)
2021-10-27 07:37:35,164 [pool-206-thread-1] INFO  server.RaftServerConfigKeys (ConfUtils.java:logGet(44)) - raft.server.log.appender.buffer.byte-limit = 33554432 (custom)
2021-10-27 07:37:35,164 [pool-206-thread-1] INFO  server.RaftServerConfigKeys (ConfUtils.java:logGet(44)) - raft.server.log.segment.size.max = 4194304 (custom)
2021-10-27 07:37:35,164 [pool-206-thread-1] INFO  server.RaftServerConfigKeys (ConfUtils.java:logGet(44)) - raft.server.log.segment.cache.num.max = 2 (custom)
2021-10-27 07:37:35,164 [pool-206-thread-1] INFO  server.RaftServerConfigKeys (ConfUtils.java:logGet(44)) - raft.server.log.segment.cache.size.max = 200MB (=209715200) (default)
2021-10-27 07:37:35,164 [pool-206-thread-1] INFO  segmented.SegmentedRaftLogWorker (SegmentedRaftLogWorker.java:<init>(182)) - new om1@group-C5BA1605619E-SegmentedRaftLogWorker for RaftStorageImpl:Storage Directory /home/runner/work/ozone/ozone/hadoop-ozone/integration-test/target/test-dir/MiniOzoneClusterImpl-166db4ac-5aa3-4efc-b377-a8ff7cd8c20d/ozone-meta/ratis/bf265839-605b-3f16-9796-c5ba1605619e
2021-10-27 07:37:35,164 [pool-206-thread-1] INFO  server.RaftServerConfigKeys (ConfUtils.java:logGet(44)) - raft.server.log.queue.byte-limit = 64MB (=67108864) (default)
2021-10-27 07:37:35,164 [pool-206-thread-1] INFO  server.RaftServerConfigKeys (ConfUtils.java:logGet(44)) - raft.server.log.queue.element-limit = 4096 (default)
2021-10-27 07:37:35,164 [pool-206-thread-1] INFO  server.RaftServerConfigKeys (ConfUtils.java:logGet(44)) - raft.server.log.segment.size.max = 4194304 (custom)
2021-10-27 07:37:35,165 [pool-206-thread-1] INFO  server.RaftServerConfigKeys (ConfUtils.java:logGet(44)) - raft.server.log.preallocated.size = 4194304 (custom)
2021-10-27 07:37:35,165 [pool-206-thread-1] INFO  server.RaftServerConfigKeys (ConfUtils.java:logGet(44)) - raft.server.log.force.sync.num = 128 (default)
2021-10-27 07:37:35,165 [pool-206-thread-1] INFO  server.RaftServerConfigKeys (ConfUtils.java:logGet(44)) - raft.server.log.statemachine.data.sync = true (default)
2021-10-27 07:37:35,165 [pool-206-thread-1] INFO  server.RaftServerConfigKeys (ConfUtils.java:logGet(44)) - raft.server.log.statemachine.data.sync.timeout = 10s (default)
2021-10-27 07:37:35,165 [pool-206-thread-1] INFO  server.RaftServerConfigKeys (ConfUtils.java:logGet(44)) - raft.server.log.statemachine.data.sync.timeout.retry = -1 (default)
2021-10-27 07:37:35,166 [pool-206-thread-1] INFO  server.RaftServerConfigKeys (ConfUtils.java:logGet(44)) - raft.server.log.write.buffer.size = 64KB (=65536) (default)
2021-10-27 07:37:35,166 [pool-206-thread-1] INFO  server.RaftServerConfigKeys (ConfUtils.java:logGet(44)) - raft.server.log.statemachine.data.caching.enabled = false (default)
2021-10-27 07:37:35,166 [pool-206-thread-1] INFO  segmented.SegmentedRaftLogWorker (SegmentedRaftLogWorker.java:lambda$new$0(133)) - om1@group-C5BA1605619E-SegmentedRaftLogWorker: flushIndex: setUnconditionally 0 -> -1
2021-10-27 07:37:35,166 [pool-206-thread-1] INFO  segmented.SegmentedRaftLogWorker (SegmentedRaftLogWorker.java:lambda$new$0(133)) - om1@group-C5BA1605619E-SegmentedRaftLogWorker: safeCacheEvictIndex: setUnconditionally 0 -> -1
2021-10-27 07:37:35,167 [8a5d7503-46af-43fb-b7e0-e0dcb22c5f77@group-B3CA12EF4B7C-LeaderElection12] INFO  impl.LeaderElection (LeaderElection.java:askForVotes(308)) - 8a5d7503-46af-43fb-b7e0-e0dcb22c5f77@group-B3CA12EF4B7C-LeaderElection12 ELECTION round 0: result REJECTED
2021-10-27 07:37:35,167 [8a5d7503-46af-43fb-b7e0-e0dcb22c5f77@group-B3CA12EF4B7C-LeaderElection12] INFO  server.RaftServer$Division (RaftServerImpl.java:setRole(290)) - 8a5d7503-46af-43fb-b7e0-e0dcb22c5f77@group-B3CA12EF4B7C: changes role from CANDIDATE to FOLLOWER at term 2 for REJECTED
2021-10-27 07:37:35,167 [8a5d7503-46af-43fb-b7e0-e0dcb22c5f77@group-B3CA12EF4B7C-LeaderElection12] INFO  impl.RoleInfo (RoleInfo.java:shutdownLeaderElection(121)) - 8a5d7503-46af-43fb-b7e0-e0dcb22c5f77: shutdown 8a5d7503-46af-43fb-b7e0-e0dcb22c5f77@group-B3CA12EF4B7C-LeaderElection12
2021-10-27 07:37:35,182 [8a5d7503-46af-43fb-b7e0-e0dcb22c5f77@group-B3CA12EF4B7C-LeaderElection12] INFO  impl.RoleInfo (RoleInfo.java:updateAndGet(130)) - 8a5d7503-46af-43fb-b7e0-e0dcb22c5f77: start 8a5d7503-46af-43fb-b7e0-e0dcb22c5f77@group-B3CA12EF4B7C-FollowerState
2021-10-27 07:37:35,183 [grpc-default-executor-1] INFO  server.RaftServer$Division (RaftServerImpl.java:requestVote(1046)) - 29e37468-b3e4-401f-97cc-6f4d8466f30b@group-B3CA12EF4B7C: receive requestVote(ELECTION, 782939c9-076d-4829-92e4-0049f0e10c2b, group-B3CA12EF4B7C, 3, (t:0, i:0))
2021-10-27 07:37:35,184 [grpc-default-executor-1] INFO  impl.VoteContext (VoteContext.java:log(48)) - 29e37468-b3e4-401f-97cc-6f4d8466f30b@group-B3CA12EF4B7C-FOLLOWER: accept ELECTION from 782939c9-076d-4829-92e4-0049f0e10c2b: our priority 0 <= candidate's priority 1
2021-10-27 07:37:35,184 [grpc-default-executor-1] INFO  server.RaftServer$Division (RaftServerImpl.java:setRole(290)) - 29e37468-b3e4-401f-97cc-6f4d8466f30b@group-B3CA12EF4B7C: changes role from  FOLLOWER to FOLLOWER at term 3 for candidate:782939c9-076d-4829-92e4-0049f0e10c2b
2021-10-27 07:37:35,184 [grpc-default-executor-1] INFO  impl.RoleInfo (RoleInfo.java:shutdownFollowerState(108)) - 29e37468-b3e4-401f-97cc-6f4d8466f30b: shutdown 29e37468-b3e4-401f-97cc-6f4d8466f30b@group-B3CA12EF4B7C-FollowerState
2021-10-27 07:37:35,184 [grpc-default-executor-1] INFO  impl.RoleInfo (RoleInfo.java:updateAndGet(130)) - 29e37468-b3e4-401f-97cc-6f4d8466f30b: start 29e37468-b3e4-401f-97cc-6f4d8466f30b@group-B3CA12EF4B7C-FollowerState
2021-10-27 07:37:35,184 [29e37468-b3e4-401f-97cc-6f4d8466f30b@group-B3CA12EF4B7C-FollowerState] INFO  impl.FollowerState (FollowerState.java:run(143)) - 29e37468-b3e4-401f-97cc-6f4d8466f30b@group-B3CA12EF4B7C-FollowerState was interrupted: {}
java.lang.InterruptedException: sleep interrupted
	at java.lang.Thread.sleep(Native Method)
	at java.lang.Thread.sleep(Thread.java:340)
	at java.util.concurrent.TimeUnit.sleep(TimeUnit.java:386)
	at org.apache.ratis.util.TimeDuration.sleep(TimeDuration.java:324)
	at org.apache.ratis.util.TimeDuration.sleep(TimeDuration.java:309)
	at org.apache.ratis.server.impl.FollowerState.run(FollowerState.java:118)
2021-10-27 07:37:35,187 [pool-206-thread-1] INFO  server.RaftServerConfigKeys (ConfUtils.java:logGet(44)) - raft.server.snapshot.auto.trigger.enabled = true (custom)
2021-10-27 07:37:35,188 [pool-206-thread-1] INFO  server.RaftServerConfigKeys (ConfUtils.java:logGet(44)) - raft.server.snapshot.auto.trigger.threshold = 400000 (default)
2021-10-27 07:37:35,188 [pool-206-thread-1] INFO  server.RaftServerConfigKeys (ConfUtils.java:logGet(44)) - raft.server.snapshot.retention.file.num = -1 (default)
2021-10-27 07:37:35,188 [pool-206-thread-1] INFO  server.RaftServerConfigKeys (ConfUtils.java:logGet(44)) - raft.server.log.purge.upto.snapshot.index = true (custom)
2021-10-27 07:37:35,188 [grpc-default-executor-1] INFO  server.RaftServer$Division (RaftServerImpl.java:requestVote(1078)) - 29e37468-b3e4-401f-97cc-6f4d8466f30b@group-B3CA12EF4B7C replies to ELECTION vote request: 782939c9-076d-4829-92e4-0049f0e10c2b<-29e37468-b3e4-401f-97cc-6f4d8466f30b#0:OK-t3. Peer's state: 29e37468-b3e4-401f-97cc-6f4d8466f30b@group-B3CA12EF4B7C:t3, leader=null, voted=782939c9-076d-4829-92e4-0049f0e10c2b, raftlog=29e37468-b3e4-401f-97cc-6f4d8466f30b@group-B3CA12EF4B7C-SegmentedRaftLog:OPENED:c-1, conf=-1: [29e37468-b3e4-401f-97cc-6f4d8466f30b|rpc:10.1.0.27:44085|dataStream:|priority:0, 8a5d7503-46af-43fb-b7e0-e0dcb22c5f77|rpc:10.1.0.27:45441|dataStream:|priority:0, 782939c9-076d-4829-92e4-0049f0e10c2b|rpc:10.1.0.27:40741|dataStream:|priority:1], old=null
2021-10-27 07:37:35,192 [pool-206-thread-1] INFO  server.RaftServerConfigKeys (ConfUtils.java:logGet(44)) - raft.server.retrycache.expirytime = 300s (custom)
2021-10-27 07:37:35,192 [pool-206-thread-1] INFO  server.RaftServerConfigKeys (ConfUtils.java:logGet(44)) - raft.server.retrycache.statistics.expirytime = 100μs (default)
2021-10-27 07:37:35,192 [782939c9-076d-4829-92e4-0049f0e10c2b@group-B3CA12EF4B7C-LeaderElection13] INFO  impl.LeaderElection (LeaderElection.java:logAndReturn(89)) - 782939c9-076d-4829-92e4-0049f0e10c2b@group-B3CA12EF4B7C-LeaderElection13: ELECTION PASSED received 1 response(s) and 0 exception(s):
2021-10-27 07:37:35,198 [782939c9-076d-4829-92e4-0049f0e10c2b@group-B3CA12EF4B7C-LeaderElection13] INFO  impl.LeaderElection (LeaderElection.java:logAndReturn(93)) -   Response 0: 782939c9-076d-4829-92e4-0049f0e10c2b<-29e37468-b3e4-401f-97cc-6f4d8466f30b#0:OK-t3
2021-10-27 07:37:35,198 [782939c9-076d-4829-92e4-0049f0e10c2b@group-B3CA12EF4B7C-LeaderElection13] INFO  impl.LeaderElection (LeaderElection.java:askForVotes(308)) - 782939c9-076d-4829-92e4-0049f0e10c2b@group-B3CA12EF4B7C-LeaderElection13 ELECTION round 0: result PASSED
2021-10-27 07:37:35,198 [782939c9-076d-4829-92e4-0049f0e10c2b@group-B3CA12EF4B7C-LeaderElection13] INFO  impl.RoleInfo (RoleInfo.java:shutdownLeaderElection(121)) - 782939c9-076d-4829-92e4-0049f0e10c2b: shutdown 782939c9-076d-4829-92e4-0049f0e10c2b@group-B3CA12EF4B7C-LeaderElection13
2021-10-27 07:37:35,198 [782939c9-076d-4829-92e4-0049f0e10c2b@group-B3CA12EF4B7C-LeaderElection13] INFO  server.RaftServer$Division (RaftServerImpl.java:setRole(290)) - 782939c9-076d-4829-92e4-0049f0e10c2b@group-B3CA12EF4B7C: changes role from CANDIDATE to LEADER at term 3 for changeToLeader
2021-10-27 07:37:35,198 [782939c9-076d-4829-92e4-0049f0e10c2b@group-B3CA12EF4B7C-LeaderElection13] INFO  ratis.XceiverServerRatis (XceiverServerRatis.java:handleLeaderChangedNotification(866)) - Leader change notification received for group: group-B3CA12EF4B7C with new leaderId: 782939c9-076d-4829-92e4-0049f0e10c2b
2021-10-27 07:37:35,198 [782939c9-076d-4829-92e4-0049f0e10c2b@group-B3CA12EF4B7C-LeaderElection13] INFO  server.RaftServer$Division (ServerState.java:setLeader(285)) - 782939c9-076d-4829-92e4-0049f0e10c2b@group-B3CA12EF4B7C: change Leader from null to 782939c9-076d-4829-92e4-0049f0e10c2b at term 3 for becomeLeader, leader elected after 10264ms
2021-10-27 07:37:35,198 [782939c9-076d-4829-92e4-0049f0e10c2b@group-B3CA12EF4B7C-LeaderElection13] INFO  server.RaftServerConfigKeys (ConfUtils.java:logGet(44)) - raft.server.staging.catchup.gap = 1000 (default)
2021-10-27 07:37:35,199 [Socket Reader #1 for port 0] INFO  ipc.Server (Server.java:run(1265)) - Starting Socket Reader #1 for port 0
2021-10-27 07:37:35,200 [782939c9-076d-4829-92e4-0049f0e10c2b@group-B3CA12EF4B7C-LeaderElection13] INFO  server.RaftServerConfigKeys (ConfUtils.java:logGet(44)) - raft.server.write.element-limit = 1024 (custom)
2021-10-27 07:37:35,203 [EventQueue-PipelineReportForPipelineReportHandler] INFO  pipeline.PipelineManagerImpl (PipelineManagerImpl.java:openPipeline(289)) - Pipeline Pipeline[ Id: 76627f35-37b0-4e78-8a2a-b3ca12ef4b7c, Nodes: 29e37468-b3e4-401f-97cc-6f4d8466f30b{ip: 10.1.0.27, host: fv-az270-913.tacnzluakwdehk1hpragurqkma.bx.internal.cloudapp.net, ports: [REPLICATION=40637, RATIS=44085, RATIS_ADMIN=44085, RATIS_SERVER=44085, STANDALONE=32881], networkLocation: /default-rack, certSerialId: null, persistedOpState: IN_SERVICE, persistedOpStateExpiryEpochSec: 0}8a5d7503-46af-43fb-b7e0-e0dcb22c5f77{ip: 10.1.0.27, host: fv-az270-913.tacnzluakwdehk1hpragurqkma.bx.internal.cloudapp.net, ports: [REPLICATION=39633, RATIS=45441, RATIS_ADMIN=45441, RATIS_SERVER=45441, STANDALONE=45417], networkLocation: /default-rack, certSerialId: null, persistedOpState: IN_SERVICE, persistedOpStateExpiryEpochSec: 0}782939c9-076d-4829-92e4-0049f0e10c2b{ip: 10.1.0.27, host: fv-az270-913.tacnzluakwdehk1hpragurqkma.bx.internal.cloudapp.net, ports: [REPLICATION=42433, RATIS=40741, RATIS_ADMIN=40741, RATIS_SERVER=40741, STANDALONE=39529], networkLocation: /default-rack, certSerialId: null, persistedOpState: IN_SERVICE, persistedOpStateExpiryEpochSec: 0}, ReplicationConfig: RATIS/THREE, State:ALLOCATED, leaderId:782939c9-076d-4829-92e4-0049f0e10c2b, CreationTimestamp2021-10-27T07:37:22.197Z[Etc/UTC]] moved to OPEN state
2021-10-27 07:37:35,203 [782939c9-076d-4829-92e4-0049f0e10c2b@group-B3CA12EF4B7C-LeaderElection13] INFO  server.RaftServerConfigKeys (ConfUtils.java:logGet(44)) - raft.server.write.byte-limit = 1024 M (=1073741824) (custom)
2021-10-27 07:37:35,203 [782939c9-076d-4829-92e4-0049f0e10c2b@group-B3CA12EF4B7C-LeaderElection13] INFO  server.RaftServerConfigKeys (ConfUtils.java:logGet(44)) - raft.server.watch.timeout = 180s (custom)
2021-10-27 07:37:35,203 [782939c9-076d-4829-92e4-0049f0e10c2b@group-B3CA12EF4B7C-LeaderElection13] INFO  server.RaftServerConfigKeys (ConfUtils.java:logGet(44)) - raft.server.watch.timeout.denomination = 1s (default)
2021-10-27 07:37:35,203 [782939c9-076d-4829-92e4-0049f0e10c2b@group-B3CA12EF4B7C-LeaderElection13] INFO  server.RaftServerConfigKeys (ConfUtils.java:logGet(44)) - raft.server.watch.element-limit = 65536 (default)
2021-10-27 07:37:35,204 [782939c9-076d-4829-92e4-0049f0e10c2b@group-B3CA12EF4B7C-LeaderElection13] INFO  server.RaftServerConfigKeys (ConfUtils.java:logGet(44)) - raft.server.write.element-limit = 1024 (custom)
2021-10-27 07:37:35,204 [782939c9-076d-4829-92e4-0049f0e10c2b@group-B3CA12EF4B7C-LeaderElection13] INFO  server.RaftServerConfigKeys (ConfUtils.java:logGet(44)) - raft.server.write.follower.gap.ratio.max = -1.0 (default)
2021-10-27 07:37:35,204 [782939c9-076d-4829-92e4-0049f0e10c2b@group-B3CA12EF4B7C-LeaderElection13] INFO  server.RaftServerConfigKeys (ConfUtils.java:logGet(44)) - raft.server.log.appender.snapshot.chunk.size.max = 16MB (=16777216) (default)
2021-10-27 07:37:35,204 [782939c9-076d-4829-92e4-0049f0e10c2b@group-B3CA12EF4B7C-LeaderElection13] INFO  server.RaftServerConfigKeys (ConfUtils.java:logGet(44)) - raft.server.log.appender.buffer.byte-limit = 33554432 (custom)
2021-10-27 07:37:35,204 [782939c9-076d-4829-92e4-0049f0e10c2b@group-B3CA12EF4B7C-LeaderElection13] INFO  server.RaftServerConfigKeys (ConfUtils.java:logGet(44)) - raft.server.log.appender.buffer.element-limit = 1 (custom)
2021-10-27 07:37:35,204 [782939c9-076d-4829-92e4-0049f0e10c2b@group-B3CA12EF4B7C-LeaderElection13] INFO  grpc.GrpcConfigKeys (ConfUtils.java:logGet(44)) - raft.grpc.server.leader.outstanding.appends.max = 128 (default)
2021-10-27 07:37:35,204 [782939c9-076d-4829-92e4-0049f0e10c2b@group-B3CA12EF4B7C-LeaderElection13] INFO  server.RaftServerConfigKeys (ConfUtils.java:logGet(44)) - raft.server.rpc.request.timeout = 60s (custom)
2021-10-27 07:37:35,204 [782939c9-076d-4829-92e4-0049f0e10c2b@group-B3CA12EF4B7C-LeaderElection13] INFO  server.RaftServerConfigKeys (ConfUtils.java:logGet(44)) - raft.server.log.appender.install.snapshot.enabled = false (custom)
2021-10-27 07:37:35,206 [782939c9-076d-4829-92e4-0049f0e10c2b@group-B3CA12EF4B7C-LeaderElection13] INFO  server.RaftServerConfigKeys (ConfUtils.java:logGet(44)) - raft.server.log.appender.snapshot.chunk.size.max = 16MB (=16777216) (default)
2021-10-27 07:37:35,206 [782939c9-076d-4829-92e4-0049f0e10c2b@group-B3CA12EF4B7C-LeaderElection13] INFO  server.RaftServerConfigKeys (ConfUtils.java:logGet(44)) - raft.server.log.appender.buffer.byte-limit = 33554432 (custom)
2021-10-27 07:37:35,206 [782939c9-076d-4829-92e4-0049f0e10c2b@group-B3CA12EF4B7C-LeaderElection13] INFO  server.RaftServerConfigKeys (ConfUtils.java:logGet(44)) - raft.server.log.appender.buffer.element-limit = 1 (custom)
2021-10-27 07:37:35,206 [782939c9-076d-4829-92e4-0049f0e10c2b@group-B3CA12EF4B7C-LeaderElection13] INFO  grpc.GrpcConfigKeys (ConfUtils.java:logGet(44)) - raft.grpc.server.leader.outstanding.appends.max = 128 (default)
2021-10-27 07:37:35,206 [782939c9-076d-4829-92e4-0049f0e10c2b@group-B3CA12EF4B7C-LeaderElection13] INFO  server.RaftServerConfigKeys (ConfUtils.java:logGet(44)) - raft.server.rpc.request.timeout = 60s (custom)
2021-10-27 07:37:35,207 [782939c9-076d-4829-92e4-0049f0e10c2b@group-B3CA12EF4B7C-LeaderElection13] INFO  server.RaftServerConfigKeys (ConfUtils.java:logGet(44)) - raft.server.log.appender.install.snapshot.enabled = false (custom)
2021-10-27 07:37:35,211 [grpc-default-executor-1] INFO  server.RaftServer$Division (RaftServerImpl.java:requestVote(1046)) - 8a5d7503-46af-43fb-b7e0-e0dcb22c5f77@group-B3CA12EF4B7C: receive requestVote(ELECTION, 782939c9-076d-4829-92e4-0049f0e10c2b, group-B3CA12EF4B7C, 3, (t:0, i:0))
2021-10-27 07:37:35,213 [grpc-default-executor-1] INFO  impl.VoteContext (VoteContext.java:log(48)) - 8a5d7503-46af-43fb-b7e0-e0dcb22c5f77@group-B3CA12EF4B7C-FOLLOWER: accept ELECTION from 782939c9-076d-4829-92e4-0049f0e10c2b: our priority 0 <= candidate's priority 1
2021-10-27 07:37:35,213 [grpc-default-executor-1] INFO  server.RaftServer$Division (RaftServerImpl.java:setRole(290)) - 8a5d7503-46af-43fb-b7e0-e0dcb22c5f77@group-B3CA12EF4B7C: changes role from  FOLLOWER to FOLLOWER at term 3 for candidate:782939c9-076d-4829-92e4-0049f0e10c2b
2021-10-27 07:37:35,213 [grpc-default-executor-1] INFO  impl.RoleInfo (RoleInfo.java:shutdownFollowerState(108)) - 8a5d7503-46af-43fb-b7e0-e0dcb22c5f77: shutdown 8a5d7503-46af-43fb-b7e0-e0dcb22c5f77@group-B3CA12EF4B7C-FollowerState
2021-10-27 07:37:35,213 [grpc-default-executor-1] INFO  impl.RoleInfo (RoleInfo.java:updateAndGet(130)) - 8a5d7503-46af-43fb-b7e0-e0dcb22c5f77: start 8a5d7503-46af-43fb-b7e0-e0dcb22c5f77@group-B3CA12EF4B7C-FollowerState
2021-10-27 07:37:35,213 [8a5d7503-46af-43fb-b7e0-e0dcb22c5f77@group-B3CA12EF4B7C-FollowerState] INFO  impl.FollowerState (FollowerState.java:run(143)) - 8a5d7503-46af-43fb-b7e0-e0dcb22c5f77@group-B3CA12EF4B7C-FollowerState was interrupted: {}
java.lang.InterruptedException: sleep interrupted
	at java.lang.Thread.sleep(Native Method)
	at java.lang.Thread.sleep(Thread.java:340)
	at java.util.concurrent.TimeUnit.sleep(TimeUnit.java:386)
	at org.apache.ratis.util.TimeDuration.sleep(TimeDuration.java:324)
	at org.apache.ratis.util.TimeDuration.sleep(TimeDuration.java:309)
	at org.apache.ratis.server.impl.FollowerState.run(FollowerState.java:118)
2021-10-27 07:37:35,215 [782939c9-076d-4829-92e4-0049f0e10c2b@group-B3CA12EF4B7C-LeaderElection13] INFO  impl.RoleInfo (RoleInfo.java:updateAndGet(130)) - 782939c9-076d-4829-92e4-0049f0e10c2b: start 782939c9-076d-4829-92e4-0049f0e10c2b@group-B3CA12EF4B7C-LeaderStateImpl
2021-10-27 07:37:35,217 [grpc-default-executor-1] INFO  server.RaftServer$Division (RaftServerImpl.java:requestVote(1078)) - 8a5d7503-46af-43fb-b7e0-e0dcb22c5f77@group-B3CA12EF4B7C replies to ELECTION vote request: 782939c9-076d-4829-92e4-0049f0e10c2b<-8a5d7503-46af-43fb-b7e0-e0dcb22c5f77#0:OK-t3. Peer's state: 8a5d7503-46af-43fb-b7e0-e0dcb22c5f77@group-B3CA12EF4B7C:t3, leader=null, voted=782939c9-076d-4829-92e4-0049f0e10c2b, raftlog=8a5d7503-46af-43fb-b7e0-e0dcb22c5f77@group-B3CA12EF4B7C-SegmentedRaftLog:OPENED:c-1, conf=-1: [29e37468-b3e4-401f-97cc-6f4d8466f30b|rpc:10.1.0.27:44085|priority:0, 8a5d7503-46af-43fb-b7e0-e0dcb22c5f77|rpc:10.1.0.27:45441|priority:0, 782939c9-076d-4829-92e4-0049f0e10c2b|rpc:10.1.0.27:40741|priority:1], old=null
2021-10-27 07:37:35,222 [782939c9-076d-4829-92e4-0049f0e10c2b@group-B3CA12EF4B7C-LeaderElection13] INFO  segmented.SegmentedRaftLogWorker (SegmentedRaftLogWorker.java:startLogSegment(394)) - 782939c9-076d-4829-92e4-0049f0e10c2b@group-B3CA12EF4B7C-SegmentedRaftLogWorker: Starting segment from index:0
2021-10-27 07:37:35,234 [782939c9-076d-4829-92e4-0049f0e10c2b@group-B3CA12EF4B7C-SegmentedRaftLogWorker] INFO  segmented.SegmentedRaftLogWorker (SegmentedRaftLogWorker.java:execute(601)) - 782939c9-076d-4829-92e4-0049f0e10c2b@group-B3CA12EF4B7C-SegmentedRaftLogWorker: created new log segment /home/runner/work/ozone/ozone/hadoop-ozone/integration-test/target/test-dir/MiniOzoneClusterImpl-0a1afbdb-b897-4eb1-874c-1902c7f745ab/datanode-5/data/ratis/76627f35-37b0-4e78-8a2a-b3ca12ef4b7c/current/log_inprogress_0
2021-10-27 07:37:35,242 [782939c9-076d-4829-92e4-0049f0e10c2b@group-B3CA12EF4B7C-LeaderElection13] INFO  server.RaftServer$Division (ServerState.java:setRaftConf(387)) - 782939c9-076d-4829-92e4-0049f0e10c2b@group-B3CA12EF4B7C: set configuration 0: [29e37468-b3e4-401f-97cc-6f4d8466f30b|rpc:10.1.0.27:44085|dataStream:|priority:0, 8a5d7503-46af-43fb-b7e0-e0dcb22c5f77|rpc:10.1.0.27:45441|dataStream:|priority:0, 782939c9-076d-4829-92e4-0049f0e10c2b|rpc:10.1.0.27:40741|dataStream:|priority:1], old=null
2021-10-27 07:37:35,247 [grpc-default-executor-1] INFO  ratis.XceiverServerRatis (XceiverServerRatis.java:handleLeaderChangedNotification(866)) - Leader change notification received for group: group-B3CA12EF4B7C with new leaderId: 782939c9-076d-4829-92e4-0049f0e10c2b
2021-10-27 07:37:35,247 [grpc-default-executor-1] INFO  server.RaftServer$Division (ServerState.java:setLeader(285)) - 8a5d7503-46af-43fb-b7e0-e0dcb22c5f77@group-B3CA12EF4B7C: change Leader from null to 782939c9-076d-4829-92e4-0049f0e10c2b at term 3 for appendEntries, leader elected after 10418ms
2021-10-27 07:37:35,250 [grpc-default-executor-3] INFO  ratis.XceiverServerRatis (XceiverServerRatis.java:handleLeaderChangedNotification(866)) - Leader change notification received for group: group-B3CA12EF4B7C with new leaderId: 782939c9-076d-4829-92e4-0049f0e10c2b
2021-10-27 07:37:35,250 [grpc-default-executor-3] INFO  server.RaftServer$Division (ServerState.java:setLeader(285)) - 29e37468-b3e4-401f-97cc-6f4d8466f30b@group-B3CA12EF4B7C: change Leader from null to 782939c9-076d-4829-92e4-0049f0e10c2b at term 3 for appendEntries, leader elected after 10371ms
2021-10-27 07:37:35,262 [grpc-default-executor-1] INFO  server.RaftServer$Division (ServerState.java:setRaftConf(387)) - 8a5d7503-46af-43fb-b7e0-e0dcb22c5f77@group-B3CA12EF4B7C: set configuration 0: [29e37468-b3e4-401f-97cc-6f4d8466f30b|rpc:10.1.0.27:44085|dataStream:|priority:0, 8a5d7503-46af-43fb-b7e0-e0dcb22c5f77|rpc:10.1.0.27:45441|dataStream:|priority:0, 782939c9-076d-4829-92e4-0049f0e10c2b|rpc:10.1.0.27:40741|dataStream:|priority:1], old=null
2021-10-27 07:37:35,262 [grpc-default-executor-1] INFO  segmented.SegmentedRaftLogWorker (SegmentedRaftLogWorker.java:startLogSegment(394)) - 8a5d7503-46af-43fb-b7e0-e0dcb22c5f77@group-B3CA12EF4B7C-SegmentedRaftLogWorker: Starting segment from index:0
2021-10-27 07:37:35,265 [grpc-default-executor-3] INFO  server.RaftServer$Division (ServerState.java:setRaftConf(387)) - 29e37468-b3e4-401f-97cc-6f4d8466f30b@group-B3CA12EF4B7C: set configuration 0: [29e37468-b3e4-401f-97cc-6f4d8466f30b|rpc:10.1.0.27:44085|dataStream:|priority:0, 8a5d7503-46af-43fb-b7e0-e0dcb22c5f77|rpc:10.1.0.27:45441|dataStream:|priority:0, 782939c9-076d-4829-92e4-0049f0e10c2b|rpc:10.1.0.27:40741|dataStream:|priority:1], old=null
2021-10-27 07:37:35,269 [grpc-default-executor-3] INFO  segmented.SegmentedRaftLogWorker (SegmentedRaftLogWorker.java:startLogSegment(394)) - 29e37468-b3e4-401f-97cc-6f4d8466f30b@group-B3CA12EF4B7C-SegmentedRaftLogWorker: Starting segment from index:0
2021-10-27 07:37:35,269 [main] INFO  rpc.RpcClient (RpcClient.java:createVolume(342)) - Creating Volume: vol1, with user52565 as owner and space quota set to -1 bytes, counts quota set to -1
2021-10-27 07:37:35,270 [29e37468-b3e4-401f-97cc-6f4d8466f30b@group-B3CA12EF4B7C-SegmentedRaftLogWorker] INFO  segmented.SegmentedRaftLogWorker (SegmentedRaftLogWorker.java:execute(601)) - 29e37468-b3e4-401f-97cc-6f4d8466f30b@group-B3CA12EF4B7C-SegmentedRaftLogWorker: created new log segment /home/runner/work/ozone/ozone/hadoop-ozone/integration-test/target/test-dir/MiniOzoneClusterImpl-0a1afbdb-b897-4eb1-874c-1902c7f745ab/datanode-4/data/ratis/76627f35-37b0-4e78-8a2a-b3ca12ef4b7c/current/log_inprogress_0
2021-10-27 07:37:35,277 [Listener at 127.0.0.1/33029] INFO  om.OzoneManager (OzoneManager.java:initFSOLayout(3599)) - Configured ozone.om.metadata.layout=SIMPLE and disabled optimized OM FS operations
2021-10-27 07:37:35,278 [Listener at 127.0.0.1/33029] INFO  impl.MetricsSystemImpl (MetricsSystemImpl.java:init(158)) - OzoneManager metrics system started (again)
2021-10-27 07:37:35,281 [8a5d7503-46af-43fb-b7e0-e0dcb22c5f77@group-B3CA12EF4B7C-SegmentedRaftLogWorker] INFO  segmented.SegmentedRaftLogWorker (SegmentedRaftLogWorker.java:execute(601)) - 8a5d7503-46af-43fb-b7e0-e0dcb22c5f77@group-B3CA12EF4B7C-SegmentedRaftLogWorker: created new log segment /home/runner/work/ozone/ozone/hadoop-ozone/integration-test/target/test-dir/MiniOzoneClusterImpl-0a1afbdb-b897-4eb1-874c-1902c7f745ab/datanode-3/data/ratis/76627f35-37b0-4e78-8a2a-b3ca12ef4b7c/current/log_inprogress_0
2021-10-27 07:37:35,300 [Listener at 127.0.0.1/33029] INFO  om.OzoneManager (OzoneManager.java:start(1288)) - OzoneManager RPC server is listening at localhost/127.0.0.1:33029
2021-10-27 07:37:35,301 [Listener at 127.0.0.1/33029] INFO  ratis.OzoneManagerRatisServer (OzoneManagerRatisServer.java:start(520)) - Starting OzoneManagerRatisServer om1 at port 45623
2021-10-27 07:37:35,301 [Listener at 127.0.0.1/33029] INFO  server.RaftServer$Division (RaftServerImpl.java:start(301)) - om1@group-C5BA1605619E: start as a follower, conf=-1: [om1|rpc:localhost:45623|priority:0], old=null
2021-10-27 07:37:35,301 [Listener at 127.0.0.1/33029] INFO  server.RaftServer$Division (RaftServerImpl.java:setRole(290)) - om1@group-C5BA1605619E: changes role from      null to FOLLOWER at term 0 for startAsFollower
2021-10-27 07:37:35,303 [Listener at 127.0.0.1/33029] INFO  impl.RoleInfo (RoleInfo.java:updateAndGet(130)) - om1: start om1@group-C5BA1605619E-FollowerState
2021-10-27 07:37:35,304 [Listener at 127.0.0.1/33029] ERROR util.JmxRegister (JmxRegister.java:tryRegister(40)) - Failed to register JMX Bean with name Ratis:service=RaftServer,group=group-C5BA1605619E,id=om1
javax.management.InstanceAlreadyExistsException: Ratis:service=RaftServer,group=group-C5BA1605619E,id=om1
	at com.sun.jmx.mbeanserver.Repository.addMBean(Repository.java:437)
	at com.sun.jmx.interceptor.DefaultMBeanServerInterceptor.registerWithRepository(DefaultMBeanServerInterceptor.java:1898)
	at com.sun.jmx.interceptor.DefaultMBeanServerInterceptor.registerDynamicMBean(DefaultMBeanServerInterceptor.java:966)
	at com.sun.jmx.interceptor.DefaultMBeanServerInterceptor.registerObject(DefaultMBeanServerInterceptor.java:900)
	at com.sun.jmx.interceptor.DefaultMBeanServerInterceptor.registerMBean(DefaultMBeanServerInterceptor.java:324)
	at com.sun.jmx.mbeanserver.JmxMBeanServer.registerMBean(JmxMBeanServer.java:522)
	at org.apache.ratis.util.JmxRegister.tryRegister(JmxRegister.java:38)
	at org.apache.ratis.util.JmxRegister.register(JmxRegister.java:56)
	at org.apache.ratis.server.impl.RaftServerImpl.registerMBean(RaftServerImpl.java:317)
	at org.apache.ratis.server.impl.RaftServerImpl.start(RaftServerImpl.java:308)
	at java.util.stream.ForEachOps$ForEachOp$OfRef.accept(ForEachOps.java:183)
	at java.util.ArrayList$ArrayListSpliterator.forEachRemaining(ArrayList.java:1384)
	at java.util.stream.AbstractPipeline.copyInto(AbstractPipeline.java:482)
	at java.util.stream.ForEachOps$ForEachTask.compute(ForEachOps.java:290)
	at java.util.concurrent.CountedCompleter.exec(CountedCompleter.java:731)
	at java.util.concurrent.ForkJoinTask.doExec(ForkJoinTask.java:289)
	at java.util.concurrent.ForkJoinTask.doInvoke(ForkJoinTask.java:401)
	at java.util.concurrent.ForkJoinTask.invoke(ForkJoinTask.java:734)
	at java.util.stream.ForEachOps$ForEachOp.evaluateParallel(ForEachOps.java:159)
	at java.util.stream.ForEachOps$ForEachOp$OfRef.evaluateParallel(ForEachOps.java:173)
	at java.util.stream.AbstractPipeline.evaluate(AbstractPipeline.java:233)
	at java.util.stream.ReferencePipeline.forEach(ReferencePipeline.java:485)
	at java.util.stream.ReferencePipeline$Head.forEach(ReferencePipeline.java:650)
	at org.apache.ratis.server.impl.RaftServerProxy.start(RaftServerProxy.java:371)
	at org.apache.hadoop.ozone.om.ratis.OzoneManagerRatisServer.start(OzoneManagerRatisServer.java:522)
	at org.apache.hadoop.ozone.om.OzoneManager.start(OzoneManager.java:1297)
	at org.apache.hadoop.ozone.MiniOzoneClusterImpl$Builder.build(MiniOzoneClusterImpl.java:597)
	at org.apache.hadoop.ozone.MiniOzoneClusterProvider.lambda$createClusters$1(MiniOzoneClusterProvider.java:234)
	at java.lang.Thread.run(Thread.java:748)
2021-10-27 07:37:35,305 [Listener at 127.0.0.1/33029] INFO  util.JmxRegister (JmxRegister.java:tryRegister(44)) - Successfully registered JMX Bean with object name Ratis:service=RaftServer,group=group-C5BA1605619E,id="om1"
2021-10-27 07:37:35,317 [Listener at 127.0.0.1/33029] INFO  server.RaftServer (RaftServerProxy.java:lambda$start$5(374)) - om1: start RPC server
2021-10-27 07:37:35,321 [Listener at 127.0.0.1/33029] INFO  server.GrpcService (GrpcService.java:startImpl(253)) - om1: GrpcService started, listening on 45623
2021-10-27 07:37:35,321 [Listener at 127.0.0.1/33029] INFO  om.OzoneManager (OzoneManager.java:start(1306)) - Version File has different layout version (0) than OM DB (null). That is expected if this OM has never been finalized to a newer layout version.
2021-10-27 07:37:35,321 [org.apache.ratis.util.JvmPauseMonitor$$Lambda$534/681568834@7570e3bc] INFO  util.JvmPauseMonitor (JvmPauseMonitor.java:run(103)) - JvmPauseMonitor-om1: Started
2021-10-27 07:37:35,324 [Listener at 127.0.0.1/33029] INFO  http.BaseHttpServer (BaseHttpServer.java:newHttpServer2BuilderForOzone(209)) - Starting Web-server for ozoneManager at: http://0.0.0.0:0
2021-10-27 07:37:35,325 [Listener at 127.0.0.1/33029] INFO  http.BaseHttpServer (BaseHttpServer.java:<init>(107)) - Hadoop Security Enabled: false Ozone Security Enabled: false Ozone HTTP Security Enabled: false 
2021-10-27 07:37:35,327 [Listener at 127.0.0.1/33029] INFO  server.AuthenticationFilter (AuthenticationFilter.java:constructSecretProvider(240)) - Unable to initialize FileSignerSecretProvider, falling back to use random secrets.
2021-10-27 07:37:35,327 [Listener at 127.0.0.1/33029] WARN  http.HttpRequestLog (HttpRequestLog.java:getRequestLog(103)) - Jetty request log can only be enabled using Log4j
2021-10-27 07:37:35,328 [Listener at 127.0.0.1/33029] INFO  http.HttpServer2 (HttpServer2.java:addGlobalFilter(1030)) - Added global filter 'safety' (class=org.apache.hadoop.hdds.server.http.HttpServer2$QuotingInputFilter)
2021-10-27 07:37:35,329 [Listener at 127.0.0.1/33029] INFO  http.HttpServer2 (HttpServer2.java:addFilter(1006)) - Added filter static_user_filter (class=org.apache.hadoop.http.lib.StaticUserWebFilter$StaticUserFilter) to context ozoneManager
2021-10-27 07:37:35,329 [Listener at 127.0.0.1/33029] INFO  http.HttpServer2 (HttpServer2.java:addFilter(1014)) - Added filter static_user_filter (class=org.apache.hadoop.http.lib.StaticUserWebFilter$StaticUserFilter) to context static
2021-10-27 07:37:35,329 [Listener at 127.0.0.1/33029] INFO  http.HttpServer2 (HttpServer2.java:addFilter(1014)) - Added filter static_user_filter (class=org.apache.hadoop.http.lib.StaticUserWebFilter$StaticUserFilter) to context logs
2021-10-27 07:37:35,330 [Listener at 127.0.0.1/33029] INFO  http.HttpServer2 (HttpServer2.java:bindListener(1249)) - Jetty bound to port 36239
2021-10-27 07:37:35,330 [Listener at 127.0.0.1/33029] INFO  server.Server (Server.java:doStart(375)) - jetty-9.4.43.v20210629; built: 2021-06-30T11:07:22.254Z; git: 526006ecfa3af7f1a27ef3a288e2bef7ea9dd7e8; jvm 1.8.0_292-b10
2021-10-27 07:37:35,333 [Listener at 127.0.0.1/33029] INFO  server.session (DefaultSessionIdManager.java:doStart(334)) - DefaultSessionIdManager workerName=node0
2021-10-27 07:37:35,333 [Listener at 127.0.0.1/33029] INFO  server.session (DefaultSessionIdManager.java:doStart(339)) - No SessionScavenger set, using defaults
2021-10-27 07:37:35,333 [Listener at 127.0.0.1/33029] INFO  server.session (HouseKeeper.java:startScavenging(132)) - node0 Scavenging every 600000ms
2021-10-27 07:37:35,334 [Listener at 127.0.0.1/33029] INFO  handler.ContextHandler (ContextHandler.java:doStart(915)) - Started o.e.j.s.ServletContextHandler@6e4d4cc2{logs,/logs,file:///home/runner/work/ozone/ozone/hadoop-ozone/integration-test/target/log,AVAILABLE}
2021-10-27 07:37:35,334 [Listener at 127.0.0.1/33029] INFO  handler.ContextHandler (ContextHandler.java:doStart(915)) - Started o.e.j.s.ServletContextHandler@64d6723b{static,/static,file:///home/runner/work/ozone/ozone/hadoop-ozone/integration-test/target/test-classes/webapps/static,AVAILABLE}
2021-10-27 07:37:35,347 [Listener at 127.0.0.1/33029] INFO  handler.ContextHandler (ContextHandler.java:doStart(915)) - Started o.e.j.w.WebAppContext@460fce9d{ozoneManager,/,file:///home/runner/work/ozone/ozone/hadoop-ozone/integration-test/target/test-classes/webapps/ozoneManager/,AVAILABLE}{file:/home/runner/work/ozone/ozone/hadoop-ozone/integration-test/target/test-classes/webapps/ozoneManager}
2021-10-27 07:37:35,349 [Listener at 127.0.0.1/33029] INFO  server.AbstractConnector (AbstractConnector.java:doStart(331)) - Started ServerConnector@3bc6436f{HTTP/1.1, (http/1.1)}{0.0.0.0:36239}
2021-10-27 07:37:35,349 [Listener at 127.0.0.1/33029] INFO  server.Server (Server.java:doStart(415)) - Started @26917ms
2021-10-27 07:37:35,349 [Listener at 127.0.0.1/33029] WARN  impl.MetricsSystemImpl (MetricsSystemImpl.java:register(279)) - Sink prometheus already exists!
2021-10-27 07:37:35,357 [Listener at 127.0.0.1/33029] INFO  http.BaseHttpServer (BaseHttpServer.java:updateConnectorAddress(329)) - HTTP server of ozoneManager listening at http://0.0.0.0:36239
2021-10-27 07:37:35,363 [IPC Server Responder] INFO  ipc.Server (Server.java:run(1507)) - IPC Server Responder: starting
2021-10-27 07:37:35,363 [IPC Server listener on 0] INFO  ipc.Server (Server.java:run(1344)) - IPC Server listener on 0: starting
2021-10-27 07:37:35,368 [Listener at 127.0.0.1/33029] INFO  om.OzoneManager (OzoneManager.java:startTrashEmptier(1550)) - Trash Interval set to 0. Files deleted will not move to trash
2021-10-27 07:37:35,385 [org.apache.hadoop.util.JvmPauseMonitor$Monitor@dcf0cb6] INFO  util.JvmPauseMonitor (JvmPauseMonitor.java:run(188)) - Starting JVM pause monitor
2021-10-27 07:37:35,406 [OM StateMachine ApplyTransaction Thread - 0] INFO  volume.OMVolumeCreateRequest (OMVolumeCreateRequest.java:validateAndUpdateCache(195)) - created volume:vol1 for user:user52565
2021-10-27 07:37:35,406 [Listener at 127.0.0.1/33029] WARN  impl.MetricRegistriesImpl (MetricRegistriesImpl.java:addReporterRegistration(111)) - New reporters are added after registries were created. Some metrics will be missing from the reporter. Please add reporter before adding any new registry.
2021-10-27 07:37:35,406 [Listener at 127.0.0.1/33029] WARN  impl.MetricRegistriesImpl (MetricRegistriesImpl.java:addReporterRegistration(111)) - New reporters are added after registries were created. Some metrics will be missing from the reporter. Please add reporter before adding any new registry.
2021-10-27 07:37:35,406 [Listener at 127.0.0.1/33029] INFO  impl.MetricsSystemImpl (MetricsSystemImpl.java:init(158)) - HddsDatanode metrics system started (again)
2021-10-27 07:37:35,447 [Listener at 127.0.0.1/33029] INFO  ozone.HddsDatanodeService (HddsDatanodeService.java:start(234)) - HddsDatanodeService host:fv-az270-913.tacnzluakwdehk1hpragurqkma.bx.internal.cloudapp.net ip:10.1.0.27
2021-10-27 07:37:35,464 [main] INFO  rpc.RpcClient (RpcClient.java:createBucket(502)) - Creating Bucket: vol1/bucket1, with Versioning false and Storage Type set to DISK and Encryption set to false 
2021-10-27 07:37:35,486 [ReplicationMonitor] INFO  container.ReplicationManager (ReplicationManager.java:processAll(371)) - Replication Monitor Thread took 0 milliseconds for processing 0 containers.
2021-10-27 07:37:35,490 [Listener at 127.0.0.1/33029] INFO  upgrade.AbstractLayoutVersionManager (AbstractLayoutVersionManager.java:init(79)) - Initializing Layout version manager with metadata layout = SCM_HA (version = 2), software layout = SCM_HA (version = 2)
2021-10-27 07:37:35,577 [IPC Server handler 1 on default port 36675] INFO  ha.SequenceIdGenerator (SequenceIdGenerator.java:getNextId(127)) - Allocate a batch for containerId, change lastId from 0 to 1000.
2021-10-27 07:37:35,582 [Listener at 127.0.0.1/33029] INFO  reflections.Reflections (Reflections.java:scan(232)) - Reflections took 90 ms to scan 7 urls, producing 119 keys and 279 values 
2021-10-27 07:37:35,584 [Listener at 127.0.0.1/33029] INFO  statemachine.DatanodeStateMachine (DatanodeStateMachine.java:getEndPointTaskThreadPoolSize(219)) - Datanode State Machine Task Thread Pool size 2
2021-10-27 07:37:35,593 [Listener at 127.0.0.1/33029] INFO  volume.HddsVolume (HddsVolume.java:<init>(120)) - Creating HddsVolume: /home/runner/work/ozone/ozone/hadoop-ozone/integration-test/target/test-dir/MiniOzoneClusterImpl-166db4ac-5aa3-4efc-b377-a8ff7cd8c20d/datanode-0/data-0/containers/hdds of storage type : DISK capacity : 9223372036854775807
2021-10-27 07:37:35,593 [Listener at 127.0.0.1/33029] INFO  volume.MutableVolumeSet (MutableVolumeSet.java:initializeVolumeSet(168)) - Added Volume : /home/runner/work/ozone/ozone/hadoop-ozone/integration-test/target/test-dir/MiniOzoneClusterImpl-166db4ac-5aa3-4efc-b377-a8ff7cd8c20d/datanode-0/data-0/containers/hdds to VolumeSet
2021-10-27 07:37:35,593 [Listener at 127.0.0.1/33029] INFO  volume.ThrottledAsyncChecker (ThrottledAsyncChecker.java:schedule(141)) - Scheduling a check for /home/runner/work/ozone/ozone/hadoop-ozone/integration-test/target/test-dir/MiniOzoneClusterImpl-166db4ac-5aa3-4efc-b377-a8ff7cd8c20d/datanode-0/data-0/containers/hdds
2021-10-27 07:37:35,600 [IPC Server handler 1 on default port 36675] WARN  ha.SequenceIdGenerator (SequenceIdGenerator.java:allocateBatch(235)) - Failed to allocate a batch for localId, expected lastId is 0, actual lastId is 107544261427200000.
2021-10-27 07:37:35,600 [IPC Server handler 1 on default port 36675] INFO  ha.SequenceIdGenerator (SequenceIdGenerator.java:getNextId(127)) - Allocate a batch for localId, change lastId from 107544261427200000 to 107544261427201000.
2021-10-27 07:37:35,612 [Listener at 127.0.0.1/33029] INFO  volume.StorageVolumeChecker (StorageVolumeChecker.java:checkAllVolumes(202)) - Scheduled health check for volume /home/runner/work/ozone/ozone/hadoop-ozone/integration-test/target/test-dir/MiniOzoneClusterImpl-166db4ac-5aa3-4efc-b377-a8ff7cd8c20d/datanode-0/data-0/containers/hdds
2021-10-27 07:37:35,640 [Listener at 127.0.0.1/33029] INFO  volume.MutableVolumeSet (MutableVolumeSet.java:initializeVolumeSet(168)) - Added Volume : /home/runner/work/ozone/ozone/hadoop-ozone/integration-test/target/test-dir/MiniOzoneClusterImpl-166db4ac-5aa3-4efc-b377-a8ff7cd8c20d/datanode-0/data/ratis to VolumeSet
2021-10-27 07:37:35,640 [Listener at 127.0.0.1/33029] INFO  volume.ThrottledAsyncChecker (ThrottledAsyncChecker.java:schedule(141)) - Scheduling a check for /home/runner/work/ozone/ozone/hadoop-ozone/integration-test/target/test-dir/MiniOzoneClusterImpl-166db4ac-5aa3-4efc-b377-a8ff7cd8c20d/datanode-0/data/ratis
2021-10-27 07:37:35,641 [Listener at 127.0.0.1/33029] INFO  volume.StorageVolumeChecker (StorageVolumeChecker.java:checkAllVolumes(202)) - Scheduled health check for volume /home/runner/work/ozone/ozone/hadoop-ozone/integration-test/target/test-dir/MiniOzoneClusterImpl-166db4ac-5aa3-4efc-b377-a8ff7cd8c20d/datanode-0/data/ratis
2021-10-27 07:37:35,669 [Thread-456] INFO  ozoneimpl.ContainerReader (ContainerReader.java:readVolume(172)) - Finish verifying containers on volume /home/runner/work/ozone/ozone/hadoop-ozone/integration-test/target/test-dir/MiniOzoneClusterImpl-166db4ac-5aa3-4efc-b377-a8ff7cd8c20d/datanode-0/data-0/containers/hdds
2021-10-27 07:37:35,669 [Listener at 127.0.0.1/33029] INFO  ozoneimpl.OzoneContainer (OzoneContainer.java:buildContainerSet(236)) - Build ContainerSet costs 0s
2021-10-27 07:37:35,673 [Listener at 127.0.0.1/33029] INFO  server.RaftServer (ConfUtils.java:logGet(44)) - raft.rpc.type = GRPC (default)
2021-10-27 07:37:35,673 [Listener at 127.0.0.1/33029] INFO  grpc.GrpcFactory (GrpcFactory.java:checkPooledByteBufAllocatorUseCacheForAllThreads(48)) - PERFORMANCE WARNING: useCacheForAllThreads is true that may cause Netty to create a lot garbage objects and, as a result, trigger GC.
	It is recommended to disable useCacheForAllThreads by setting -Dorg.apache.ratis.thirdparty.io.netty.allocator.useCacheForAllThreads=false in command line.
2021-10-27 07:37:35,673 [Listener at 127.0.0.1/33029] INFO  grpc.GrpcConfigKeys (ConfUtils.java:logGet(44)) - raft.grpc.admin.port = 0 (custom)
2021-10-27 07:37:35,673 [Listener at 127.0.0.1/33029] INFO  grpc.GrpcConfigKeys (ConfUtils.java:logGet(44)) - raft.grpc.client.port = 0 (custom)
2021-10-27 07:37:35,673 [Listener at 127.0.0.1/33029] INFO  grpc.GrpcConfigKeys (ConfUtils.java:logGet(44)) - raft.grpc.server.port = 0 (default)
2021-10-27 07:37:35,674 [Listener at 127.0.0.1/33029] INFO  server.GrpcService (ConfUtils.java:logGet(44)) - raft.grpc.message.size.max = 32MB (=33554432) (custom)
2021-10-27 07:37:35,674 [Listener at 127.0.0.1/33029] INFO  server.RaftServerConfigKeys (ConfUtils.java:logGet(44)) - raft.server.log.appender.buffer.byte-limit = 33554432 (custom)
2021-10-27 07:37:35,674 [Listener at 127.0.0.1/33029] INFO  server.GrpcService (ConfUtils.java:logGet(44)) - raft.grpc.flow.control.window = 5MB (=5242880) (custom)
2021-10-27 07:37:35,674 [Listener at 127.0.0.1/33029] INFO  server.RaftServerConfigKeys (ConfUtils.java:logGet(44)) - raft.server.rpc.request.timeout = 60s (custom)
2021-10-27 07:37:35,677 [Listener at 127.0.0.1/33029] INFO  impl.DataStreamServerImpl (ConfUtils.java:logGet(44)) - raft.datastream.type = DISABLED (default)
2021-10-27 07:37:35,677 [Listener at 127.0.0.1/33029] INFO  server.RaftServerConfigKeys (ConfUtils.java:logGet(44)) - raft.server.rpc.slowness.timeout = 300s (custom)
2021-10-27 07:37:35,677 [Listener at 127.0.0.1/33029] INFO  server.RaftServerConfigKeys (ConfUtils.java:logGet(44)) - raft.server.leaderelection.leader.step-down.wait-time = 10s (default)
2021-10-27 07:37:35,677 [Listener at 127.0.0.1/33029] INFO  server.RaftServerConfigKeys (ConfUtils.java:logGet(44)) - raft.server.storage.dir = [/home/runner/work/ozone/ozone/hadoop-ozone/integration-test/target/test-dir/MiniOzoneClusterImpl-166db4ac-5aa3-4efc-b377-a8ff7cd8c20d/datanode-0/data/ratis] (custom)
2021-10-27 07:37:35,681 [Listener at 127.0.0.1/33029] INFO  http.BaseHttpServer (BaseHttpServer.java:newHttpServer2BuilderForOzone(209)) - Starting Web-server for hddsDatanode at: http://0.0.0.0:0
2021-10-27 07:37:35,681 [Listener at 127.0.0.1/33029] INFO  http.BaseHttpServer (BaseHttpServer.java:<init>(107)) - Hadoop Security Enabled: false Ozone Security Enabled: false Ozone HTTP Security Enabled: false 
2021-10-27 07:37:35,683 [Listener at 127.0.0.1/33029] INFO  server.AuthenticationFilter (AuthenticationFilter.java:constructSecretProvider(240)) - Unable to initialize FileSignerSecretProvider, falling back to use random secrets.
2021-10-27 07:37:35,692 [Listener at 127.0.0.1/33029] WARN  http.HttpRequestLog (HttpRequestLog.java:getRequestLog(103)) - Jetty request log can only be enabled using Log4j
2021-10-27 07:37:35,693 [Listener at 127.0.0.1/33029] INFO  http.HttpServer2 (HttpServer2.java:addGlobalFilter(1030)) - Added global filter 'safety' (class=org.apache.hadoop.hdds.server.http.HttpServer2$QuotingInputFilter)
2021-10-27 07:37:35,693 [Listener at 127.0.0.1/33029] INFO  http.HttpServer2 (HttpServer2.java:addFilter(1006)) - Added filter static_user_filter (class=org.apache.hadoop.http.lib.StaticUserWebFilter$StaticUserFilter) to context hddsDatanode
2021-10-27 07:37:35,694 [Listener at 127.0.0.1/33029] INFO  http.HttpServer2 (HttpServer2.java:addFilter(1014)) - Added filter static_user_filter (class=org.apache.hadoop.http.lib.StaticUserWebFilter$StaticUserFilter) to context static
2021-10-27 07:37:35,694 [Listener at 127.0.0.1/33029] INFO  http.HttpServer2 (HttpServer2.java:addFilter(1014)) - Added filter static_user_filter (class=org.apache.hadoop.http.lib.StaticUserWebFilter$StaticUserFilter) to context logs
2021-10-27 07:37:35,694 [Listener at 127.0.0.1/33029] INFO  http.HttpServer2 (HttpServer2.java:bindListener(1249)) - Jetty bound to port 44525
2021-10-27 07:37:35,694 [Listener at 127.0.0.1/33029] INFO  server.Server (Server.java:doStart(375)) - jetty-9.4.43.v20210629; built: 2021-06-30T11:07:22.254Z; git: 526006ecfa3af7f1a27ef3a288e2bef7ea9dd7e8; jvm 1.8.0_292-b10
2021-10-27 07:37:35,732 [Listener at 127.0.0.1/33029] INFO  server.session (DefaultSessionIdManager.java:doStart(334)) - DefaultSessionIdManager workerName=node0
2021-10-27 07:37:35,733 [Listener at 127.0.0.1/33029] INFO  server.session (DefaultSessionIdManager.java:doStart(339)) - No SessionScavenger set, using defaults
2021-10-27 07:37:35,733 [Listener at 127.0.0.1/33029] INFO  server.session (HouseKeeper.java:startScavenging(132)) - node0 Scavenging every 600000ms
2021-10-27 07:37:35,734 [Listener at 127.0.0.1/33029] INFO  handler.ContextHandler (ContextHandler.java:doStart(915)) - Started o.e.j.s.ServletContextHandler@3dea9dd4{logs,/logs,file:///home/runner/work/ozone/ozone/hadoop-ozone/integration-test/target/log,AVAILABLE}
2021-10-27 07:37:35,734 [Listener at 127.0.0.1/33029] INFO  handler.ContextHandler (ContextHandler.java:doStart(915)) - Started o.e.j.s.ServletContextHandler@1a88ede4{static,/static,jar:file:/home/runner/.m2/repository/org/apache/ozone/hdds-container-service/1.2.0-SNAPSHOT/hdds-container-service-1.2.0-SNAPSHOT.jar!/webapps/static,AVAILABLE}
2021-10-27 07:37:35,782 [main] INFO  impl.MetricsSystemImpl (MetricsSystemImpl.java:init(158)) - XceiverClientMetrics metrics system started (again)
2021-10-27 07:37:35,800 [Listener at 127.0.0.1/33029] INFO  handler.ContextHandler (ContextHandler.java:doStart(915)) - Started o.e.j.w.WebAppContext@22d94f5e{hddsDatanode,/,file:///tmp/jetty-0_0_0_0-44525-hdds-container-service-1_2_0-SNAPSHOT_jar-_-any-2416492429784953265/webapp/,AVAILABLE}{jar:file:/home/runner/.m2/repository/org/apache/ozone/hdds-container-service/1.2.0-SNAPSHOT/hdds-container-service-1.2.0-SNAPSHOT.jar!/webapps/hddsDatanode}
2021-10-27 07:37:35,803 [Listener at 127.0.0.1/33029] INFO  server.AbstractConnector (AbstractConnector.java:doStart(331)) - Started ServerConnector@3db2bc99{HTTP/1.1, (http/1.1)}{0.0.0.0:44525}
2021-10-27 07:37:35,804 [Listener at 127.0.0.1/33029] INFO  server.Server (Server.java:doStart(415)) - Started @27371ms
2021-10-27 07:37:35,804 [Listener at 127.0.0.1/33029] WARN  impl.MetricsSystemImpl (MetricsSystemImpl.java:register(279)) - Sink prometheus already exists!
2021-10-27 07:37:35,805 [Listener at 127.0.0.1/33029] INFO  http.BaseHttpServer (BaseHttpServer.java:updateConnectorAddress(329)) - HTTP server of hddsDatanode listening at http://0.0.0.0:44525
2021-10-27 07:37:35,805 [Listener at 127.0.0.1/33029] WARN  impl.MetricRegistriesImpl (MetricRegistriesImpl.java:addReporterRegistration(111)) - New reporters are added after registries were created. Some metrics will be missing from the reporter. Please add reporter before adding any new registry.
2021-10-27 07:37:35,805 [Listener at 127.0.0.1/33029] WARN  impl.MetricRegistriesImpl (MetricRegistriesImpl.java:addReporterRegistration(111)) - New reporters are added after registries were created. Some metrics will be missing from the reporter. Please add reporter before adding any new registry.
2021-10-27 07:37:35,805 [Listener at 127.0.0.1/33029] INFO  impl.MetricsSystemImpl (MetricsSystemImpl.java:init(158)) - HddsDatanode metrics system started (again)
2021-10-27 07:37:35,821 [Datanode State Machine Daemon Thread] INFO  statemachine.DatanodeStateMachine (DatanodeStateMachine.java:lambda$startDaemon$0(467)) - Ozone container server started.
2021-10-27 07:37:35,823 [Listener at 127.0.0.1/33029] INFO  ozone.HddsDatanodeService (HddsDatanodeService.java:start(234)) - HddsDatanodeService host:fv-az270-913.tacnzluakwdehk1hpragurqkma.bx.internal.cloudapp.net ip:10.1.0.27
2021-10-27 07:37:35,881 [org.apache.hadoop.util.JvmPauseMonitor$Monitor@2ea873c1] INFO  util.JvmPauseMonitor (JvmPauseMonitor.java:run(188)) - Starting JVM pause monitor
2021-10-27 07:37:35,883 [Datanode State Machine Task Thread - 0] INFO  datanode.InitDatanodeState (InitDatanodeState.java:persistContainerDatanodeDetails(145)) - DatanodeDetails is persisted to /home/runner/work/ozone/ozone/hadoop-ozone/integration-test/target/test-dir/MiniOzoneClusterImpl-166db4ac-5aa3-4efc-b377-a8ff7cd8c20d/datanode-0/meta/datanode.id
2021-10-27 07:37:35,884 [Listener at 127.0.0.1/33029] INFO  upgrade.AbstractLayoutVersionManager (AbstractLayoutVersionManager.java:init(79)) - Initializing Layout version manager with metadata layout = SCM_HA (version = 2), software layout = SCM_HA (version = 2)
2021-10-27 07:37:35,970 [Listener at 127.0.0.1/33029] INFO  reflections.Reflections (Reflections.java:scan(232)) - Reflections took 85 ms to scan 7 urls, producing 119 keys and 279 values 
2021-10-27 07:37:35,981 [Listener at 127.0.0.1/33029] INFO  statemachine.DatanodeStateMachine (DatanodeStateMachine.java:getEndPointTaskThreadPoolSize(219)) - Datanode State Machine Task Thread Pool size 2
2021-10-27 07:37:35,990 [Listener at 127.0.0.1/33029] INFO  volume.HddsVolume (HddsVolume.java:<init>(120)) - Creating HddsVolume: /home/runner/work/ozone/ozone/hadoop-ozone/integration-test/target/test-dir/MiniOzoneClusterImpl-166db4ac-5aa3-4efc-b377-a8ff7cd8c20d/datanode-1/data-0/containers/hdds of storage type : DISK capacity : 9223372036854775807
2021-10-27 07:37:35,990 [Listener at 127.0.0.1/33029] INFO  volume.MutableVolumeSet (MutableVolumeSet.java:initializeVolumeSet(168)) - Added Volume : /home/runner/work/ozone/ozone/hadoop-ozone/integration-test/target/test-dir/MiniOzoneClusterImpl-166db4ac-5aa3-4efc-b377-a8ff7cd8c20d/datanode-1/data-0/containers/hdds to VolumeSet
2021-10-27 07:37:35,990 [Listener at 127.0.0.1/33029] INFO  volume.ThrottledAsyncChecker (ThrottledAsyncChecker.java:schedule(141)) - Scheduling a check for /home/runner/work/ozone/ozone/hadoop-ozone/integration-test/target/test-dir/MiniOzoneClusterImpl-166db4ac-5aa3-4efc-b377-a8ff7cd8c20d/datanode-1/data-0/containers/hdds
2021-10-27 07:37:36,003 [Listener at 127.0.0.1/33029] INFO  volume.StorageVolumeChecker (StorageVolumeChecker.java:checkAllVolumes(202)) - Scheduled health check for volume /home/runner/work/ozone/ozone/hadoop-ozone/integration-test/target/test-dir/MiniOzoneClusterImpl-166db4ac-5aa3-4efc-b377-a8ff7cd8c20d/datanode-1/data-0/containers/hdds
2021-10-27 07:37:36,086 [Listener at 127.0.0.1/33029] INFO  volume.MutableVolumeSet (MutableVolumeSet.java:initializeVolumeSet(168)) - Added Volume : /home/runner/work/ozone/ozone/hadoop-ozone/integration-test/target/test-dir/MiniOzoneClusterImpl-166db4ac-5aa3-4efc-b377-a8ff7cd8c20d/datanode-1/data/ratis to VolumeSet
2021-10-27 07:37:36,087 [Listener at 127.0.0.1/33029] INFO  volume.ThrottledAsyncChecker (ThrottledAsyncChecker.java:schedule(141)) - Scheduling a check for /home/runner/work/ozone/ozone/hadoop-ozone/integration-test/target/test-dir/MiniOzoneClusterImpl-166db4ac-5aa3-4efc-b377-a8ff7cd8c20d/datanode-1/data/ratis
2021-10-27 07:37:36,087 [Listener at 127.0.0.1/33029] INFO  volume.StorageVolumeChecker (StorageVolumeChecker.java:checkAllVolumes(202)) - Scheduled health check for volume /home/runner/work/ozone/ozone/hadoop-ozone/integration-test/target/test-dir/MiniOzoneClusterImpl-166db4ac-5aa3-4efc-b377-a8ff7cd8c20d/datanode-1/data/ratis
2021-10-27 07:37:36,137 [Thread-469] INFO  ozoneimpl.ContainerReader (ContainerReader.java:readVolume(172)) - Finish verifying containers on volume /home/runner/work/ozone/ozone/hadoop-ozone/integration-test/target/test-dir/MiniOzoneClusterImpl-166db4ac-5aa3-4efc-b377-a8ff7cd8c20d/datanode-1/data-0/containers/hdds
2021-10-27 07:37:36,137 [Listener at 127.0.0.1/33029] INFO  ozoneimpl.OzoneContainer (OzoneContainer.java:buildContainerSet(236)) - Build ContainerSet costs 0s
2021-10-27 07:37:36,139 [ReplicationMonitor] INFO  container.ReplicationManager (ReplicationManager.java:processAll(371)) - Replication Monitor Thread took 1 milliseconds for processing 1 containers.
2021-10-27 07:37:36,144 [Listener at 127.0.0.1/33029] INFO  server.RaftServer (ConfUtils.java:logGet(44)) - raft.rpc.type = GRPC (default)
2021-10-27 07:37:36,144 [Listener at 127.0.0.1/33029] INFO  grpc.GrpcFactory (GrpcFactory.java:checkPooledByteBufAllocatorUseCacheForAllThreads(48)) - PERFORMANCE WARNING: useCacheForAllThreads is true that may cause Netty to create a lot garbage objects and, as a result, trigger GC.
	It is recommended to disable useCacheForAllThreads by setting -Dorg.apache.ratis.thirdparty.io.netty.allocator.useCacheForAllThreads=false in command line.
2021-10-27 07:37:36,144 [Listener at 127.0.0.1/33029] INFO  grpc.GrpcConfigKeys (ConfUtils.java:logGet(44)) - raft.grpc.admin.port = 0 (custom)
2021-10-27 07:37:36,144 [Listener at 127.0.0.1/33029] INFO  grpc.GrpcConfigKeys (ConfUtils.java:logGet(44)) - raft.grpc.client.port = 0 (custom)
2021-10-27 07:37:36,144 [Listener at 127.0.0.1/33029] INFO  grpc.GrpcConfigKeys (ConfUtils.java:logGet(44)) - raft.grpc.server.port = 0 (default)
2021-10-27 07:37:36,144 [Listener at 127.0.0.1/33029] INFO  server.GrpcService (ConfUtils.java:logGet(44)) - raft.grpc.message.size.max = 32MB (=33554432) (custom)
2021-10-27 07:37:36,145 [Listener at 127.0.0.1/33029] INFO  server.RaftServerConfigKeys (ConfUtils.java:logGet(44)) - raft.server.log.appender.buffer.byte-limit = 33554432 (custom)
2021-10-27 07:37:36,145 [Listener at 127.0.0.1/33029] INFO  server.GrpcService (ConfUtils.java:logGet(44)) - raft.grpc.flow.control.window = 5MB (=5242880) (custom)
2021-10-27 07:37:36,145 [Listener at 127.0.0.1/33029] INFO  server.RaftServerConfigKeys (ConfUtils.java:logGet(44)) - raft.server.rpc.request.timeout = 60s (custom)
2021-10-27 07:37:36,146 [Listener at 127.0.0.1/33029] INFO  impl.DataStreamServerImpl (ConfUtils.java:logGet(44)) - raft.datastream.type = DISABLED (default)
2021-10-27 07:37:36,146 [Listener at 127.0.0.1/33029] INFO  server.RaftServerConfigKeys (ConfUtils.java:logGet(44)) - raft.server.rpc.slowness.timeout = 300s (custom)
2021-10-27 07:37:36,146 [Listener at 127.0.0.1/33029] INFO  server.RaftServerConfigKeys (ConfUtils.java:logGet(44)) - raft.server.leaderelection.leader.step-down.wait-time = 10s (default)
2021-10-27 07:37:36,146 [Listener at 127.0.0.1/33029] INFO  server.RaftServerConfigKeys (ConfUtils.java:logGet(44)) - raft.server.storage.dir = [/home/runner/work/ozone/ozone/hadoop-ozone/integration-test/target/test-dir/MiniOzoneClusterImpl-166db4ac-5aa3-4efc-b377-a8ff7cd8c20d/datanode-1/data/ratis] (custom)
2021-10-27 07:37:36,170 [Listener at 127.0.0.1/33029] INFO  http.BaseHttpServer (BaseHttpServer.java:newHttpServer2BuilderForOzone(209)) - Starting Web-server for hddsDatanode at: http://0.0.0.0:0
2021-10-27 07:37:36,170 [Listener at 127.0.0.1/33029] INFO  http.BaseHttpServer (BaseHttpServer.java:<init>(107)) - Hadoop Security Enabled: false Ozone Security Enabled: false Ozone HTTP Security Enabled: false 
2021-10-27 07:37:36,171 [Listener at 127.0.0.1/33029] INFO  server.AuthenticationFilter (AuthenticationFilter.java:constructSecretProvider(240)) - Unable to initialize FileSignerSecretProvider, falling back to use random secrets.
2021-10-27 07:37:36,181 [Listener at 127.0.0.1/33029] WARN  http.HttpRequestLog (HttpRequestLog.java:getRequestLog(103)) - Jetty request log can only be enabled using Log4j
2021-10-27 07:37:36,182 [Listener at 127.0.0.1/33029] INFO  http.HttpServer2 (HttpServer2.java:addGlobalFilter(1030)) - Added global filter 'safety' (class=org.apache.hadoop.hdds.server.http.HttpServer2$QuotingInputFilter)
2021-10-27 07:37:36,183 [Listener at 127.0.0.1/33029] INFO  http.HttpServer2 (HttpServer2.java:addFilter(1006)) - Added filter static_user_filter (class=org.apache.hadoop.http.lib.StaticUserWebFilter$StaticUserFilter) to context hddsDatanode
2021-10-27 07:37:36,183 [Listener at 127.0.0.1/33029] INFO  http.HttpServer2 (HttpServer2.java:addFilter(1014)) - Added filter static_user_filter (class=org.apache.hadoop.http.lib.StaticUserWebFilter$StaticUserFilter) to context logs
2021-10-27 07:37:36,183 [Listener at 127.0.0.1/33029] INFO  http.HttpServer2 (HttpServer2.java:addFilter(1014)) - Added filter static_user_filter (class=org.apache.hadoop.http.lib.StaticUserWebFilter$StaticUserFilter) to context static
2021-10-27 07:37:36,183 [Listener at 127.0.0.1/33029] INFO  http.HttpServer2 (HttpServer2.java:bindListener(1249)) - Jetty bound to port 37459
2021-10-27 07:37:36,183 [Listener at 127.0.0.1/33029] INFO  server.Server (Server.java:doStart(375)) - jetty-9.4.43.v20210629; built: 2021-06-30T11:07:22.254Z; git: 526006ecfa3af7f1a27ef3a288e2bef7ea9dd7e8; jvm 1.8.0_292-b10
2021-10-27 07:37:36,223 [Listener at 127.0.0.1/33029] INFO  server.session (DefaultSessionIdManager.java:doStart(334)) - DefaultSessionIdManager workerName=node0
2021-10-27 07:37:36,223 [Listener at 127.0.0.1/33029] INFO  server.session (DefaultSessionIdManager.java:doStart(339)) - No SessionScavenger set, using defaults
2021-10-27 07:37:36,223 [Listener at 127.0.0.1/33029] INFO  server.session (HouseKeeper.java:startScavenging(132)) - node0 Scavenging every 600000ms
2021-10-27 07:37:36,230 [Listener at 127.0.0.1/33029] INFO  handler.ContextHandler (ContextHandler.java:doStart(915)) - Started o.e.j.s.ServletContextHandler@515dd0bb{logs,/logs,file:///home/runner/work/ozone/ozone/hadoop-ozone/integration-test/target/log,AVAILABLE}
2021-10-27 07:37:36,230 [Listener at 127.0.0.1/33029] INFO  handler.ContextHandler (ContextHandler.java:doStart(915)) - Started o.e.j.s.ServletContextHandler@d166e0c{static,/static,jar:file:/home/runner/.m2/repository/org/apache/ozone/hdds-container-service/1.2.0-SNAPSHOT/hdds-container-service-1.2.0-SNAPSHOT.jar!/webapps/static,AVAILABLE}
2021-10-27 07:37:36,327 [Listener at 127.0.0.1/33029] INFO  handler.ContextHandler (ContextHandler.java:doStart(915)) - Started o.e.j.w.WebAppContext@72391c07{hddsDatanode,/,file:///tmp/jetty-0_0_0_0-37459-hdds-container-service-1_2_0-SNAPSHOT_jar-_-any-6151931624604799471/webapp/,AVAILABLE}{jar:file:/home/runner/.m2/repository/org/apache/ozone/hdds-container-service/1.2.0-SNAPSHOT/hdds-container-service-1.2.0-SNAPSHOT.jar!/webapps/hddsDatanode}
2021-10-27 07:37:36,330 [Listener at 127.0.0.1/33029] INFO  server.AbstractConnector (AbstractConnector.java:doStart(331)) - Started ServerConnector@3906c7cf{HTTP/1.1, (http/1.1)}{0.0.0.0:37459}
2021-10-27 07:37:36,331 [Listener at 127.0.0.1/33029] INFO  server.Server (Server.java:doStart(415)) - Started @27898ms
2021-10-27 07:37:36,331 [Listener at 127.0.0.1/33029] WARN  impl.MetricsSystemImpl (MetricsSystemImpl.java:register(279)) - Sink prometheus already exists!
2021-10-27 07:37:36,333 [Listener at 127.0.0.1/33029] INFO  http.BaseHttpServer (BaseHttpServer.java:updateConnectorAddress(329)) - HTTP server of hddsDatanode listening at http://0.0.0.0:37459
2021-10-27 07:37:36,335 [Listener at 127.0.0.1/33029] WARN  impl.MetricRegistriesImpl (MetricRegistriesImpl.java:addReporterRegistration(111)) - New reporters are added after registries were created. Some metrics will be missing from the reporter. Please add reporter before adding any new registry.
2021-10-27 07:37:36,335 [Listener at 127.0.0.1/33029] WARN  impl.MetricRegistriesImpl (MetricRegistriesImpl.java:addReporterRegistration(111)) - New reporters are added after registries were created. Some metrics will be missing from the reporter. Please add reporter before adding any new registry.
2021-10-27 07:37:36,335 [Listener at 127.0.0.1/33029] INFO  impl.MetricsSystemImpl (MetricsSystemImpl.java:init(158)) - HddsDatanode metrics system started (again)
2021-10-27 07:37:36,348 [Datanode State Machine Daemon Thread] INFO  statemachine.DatanodeStateMachine (DatanodeStateMachine.java:lambda$startDaemon$0(467)) - Ozone container server started.
2021-10-27 07:37:36,365 [Listener at 127.0.0.1/33029] INFO  ozone.HddsDatanodeService (HddsDatanodeService.java:start(234)) - HddsDatanodeService host:fv-az270-913.tacnzluakwdehk1hpragurqkma.bx.internal.cloudapp.net ip:10.1.0.27
2021-10-27 07:37:36,382 [org.apache.hadoop.util.JvmPauseMonitor$Monitor@41d188cf] INFO  util.JvmPauseMonitor (JvmPauseMonitor.java:run(188)) - Starting JVM pause monitor
2021-10-27 07:37:36,391 [Datanode State Machine Task Thread - 0] INFO  datanode.InitDatanodeState (InitDatanodeState.java:persistContainerDatanodeDetails(145)) - DatanodeDetails is persisted to /home/runner/work/ozone/ozone/hadoop-ozone/integration-test/target/test-dir/MiniOzoneClusterImpl-166db4ac-5aa3-4efc-b377-a8ff7cd8c20d/datanode-1/meta/datanode.id
2021-10-27 07:37:36,398 [Listener at 127.0.0.1/33029] INFO  upgrade.AbstractLayoutVersionManager (AbstractLayoutVersionManager.java:init(79)) - Initializing Layout version manager with metadata layout = SCM_HA (version = 2), software layout = SCM_HA (version = 2)
2021-10-27 07:37:36,466 [om1@group-C5BA1605619E-FollowerState] INFO  impl.FollowerState (FollowerState.java:run(134)) - om1@group-C5BA1605619E-FollowerState: change to CANDIDATE, lastRpcElapsedTime:1162158363ns, electionTimeout:1156ms
2021-10-27 07:37:36,466 [om1@group-C5BA1605619E-FollowerState] INFO  impl.RoleInfo (RoleInfo.java:shutdownFollowerState(108)) - om1: shutdown om1@group-C5BA1605619E-FollowerState
2021-10-27 07:37:36,466 [om1@group-C5BA1605619E-FollowerState] INFO  server.RaftServer$Division (RaftServerImpl.java:setRole(290)) - om1@group-C5BA1605619E: changes role from  FOLLOWER to CANDIDATE at term 0 for changeToCandidate
2021-10-27 07:37:36,466 [om1@group-C5BA1605619E-FollowerState] INFO  server.RaftServerConfigKeys (ConfUtils.java:logGet(44)) - raft.server.leaderelection.pre-vote = false (custom)
2021-10-27 07:37:36,466 [om1@group-C5BA1605619E-FollowerState] INFO  impl.RoleInfo (RoleInfo.java:updateAndGet(130)) - om1: start om1@group-C5BA1605619E-LeaderElection14
2021-10-27 07:37:36,473 [Listener at 127.0.0.1/33029] INFO  reflections.Reflections (Reflections.java:scan(232)) - Reflections took 72 ms to scan 7 urls, producing 119 keys and 279 values 
2021-10-27 07:37:36,474 [Listener at 127.0.0.1/33029] INFO  statemachine.DatanodeStateMachine (DatanodeStateMachine.java:getEndPointTaskThreadPoolSize(219)) - Datanode State Machine Task Thread Pool size 2
2021-10-27 07:37:36,487 [ReplicationMonitor] INFO  container.ReplicationManager (ReplicationManager.java:processAll(371)) - Replication Monitor Thread took 0 milliseconds for processing 0 containers.
2021-10-27 07:37:36,492 [om1@group-C5BA1605619E-LeaderElection14] INFO  impl.LeaderElection (LeaderElection.java:askForVotes(306)) - om1@group-C5BA1605619E-LeaderElection14 ELECTION round 0: submit vote requests at term 1 for -1: [om1|rpc:localhost:45623|priority:0], old=null
2021-10-27 07:37:36,492 [om1@group-C5BA1605619E-LeaderElection14] INFO  impl.LeaderElection (LeaderElection.java:askForVotes(308)) - om1@group-C5BA1605619E-LeaderElection14 ELECTION round 0: result PASSED (term=1)
2021-10-27 07:37:36,493 [om1@group-C5BA1605619E-LeaderElection14] INFO  impl.RoleInfo (RoleInfo.java:shutdownLeaderElection(121)) - om1: shutdown om1@group-C5BA1605619E-LeaderElection14
2021-10-27 07:37:36,493 [om1@group-C5BA1605619E-LeaderElection14] INFO  server.RaftServer$Division (RaftServerImpl.java:setRole(290)) - om1@group-C5BA1605619E: changes role from CANDIDATE to LEADER at term 1 for changeToLeader
2021-10-27 07:37:36,493 [om1@group-C5BA1605619E-LeaderElection14] INFO  server.RaftServer$Division (ServerState.java:setLeader(285)) - om1@group-C5BA1605619E: change Leader from null to om1 at term 1 for becomeLeader, leader elected after 1329ms
2021-10-27 07:37:36,493 [om1@group-C5BA1605619E-LeaderElection14] INFO  server.RaftServerConfigKeys (ConfUtils.java:logGet(44)) - raft.server.staging.catchup.gap = 1000 (default)
2021-10-27 07:37:36,493 [om1@group-C5BA1605619E-LeaderElection14] INFO  server.RaftServerConfigKeys (ConfUtils.java:logGet(44)) - raft.server.write.element-limit = 4096 (default)
2021-10-27 07:37:36,493 [om1@group-C5BA1605619E-LeaderElection14] INFO  server.RaftServerConfigKeys (ConfUtils.java:logGet(44)) - raft.server.write.byte-limit = 64MB (=67108864) (default)
2021-10-27 07:37:36,493 [om1@group-C5BA1605619E-LeaderElection14] INFO  server.RaftServerConfigKeys (ConfUtils.java:logGet(44)) - raft.server.watch.timeout = 10s (default)
2021-10-27 07:37:36,493 [om1@group-C5BA1605619E-LeaderElection14] INFO  server.RaftServerConfigKeys (ConfUtils.java:logGet(44)) - raft.server.watch.timeout.denomination = 1s (default)
2021-10-27 07:37:36,493 [Listener at 127.0.0.1/33029] INFO  volume.HddsVolume (HddsVolume.java:<init>(120)) - Creating HddsVolume: /home/runner/work/ozone/ozone/hadoop-ozone/integration-test/target/test-dir/MiniOzoneClusterImpl-166db4ac-5aa3-4efc-b377-a8ff7cd8c20d/datanode-2/data-0/containers/hdds of storage type : DISK capacity : 9223372036854775807
2021-10-27 07:37:36,494 [Listener at 127.0.0.1/33029] INFO  volume.MutableVolumeSet (MutableVolumeSet.java:initializeVolumeSet(168)) - Added Volume : /home/runner/work/ozone/ozone/hadoop-ozone/integration-test/target/test-dir/MiniOzoneClusterImpl-166db4ac-5aa3-4efc-b377-a8ff7cd8c20d/datanode-2/data-0/containers/hdds to VolumeSet
2021-10-27 07:37:36,494 [om1@group-C5BA1605619E-LeaderElection14] INFO  server.RaftServerConfigKeys (ConfUtils.java:logGet(44)) - raft.server.watch.element-limit = 65536 (default)
2021-10-27 07:37:36,494 [Listener at 127.0.0.1/33029] INFO  volume.ThrottledAsyncChecker (ThrottledAsyncChecker.java:schedule(141)) - Scheduling a check for /home/runner/work/ozone/ozone/hadoop-ozone/integration-test/target/test-dir/MiniOzoneClusterImpl-166db4ac-5aa3-4efc-b377-a8ff7cd8c20d/datanode-2/data-0/containers/hdds
2021-10-27 07:37:36,494 [om1@group-C5BA1605619E-LeaderElection14] INFO  server.RaftServerConfigKeys (ConfUtils.java:logGet(44)) - raft.server.write.element-limit = 4096 (default)
2021-10-27 07:37:36,494 [om1@group-C5BA1605619E-LeaderElection14] INFO  server.RaftServerConfigKeys (ConfUtils.java:logGet(44)) - raft.server.write.follower.gap.ratio.max = -1.0 (default)
2021-10-27 07:37:36,495 [om1@group-C5BA1605619E-LeaderElection14] INFO  impl.RoleInfo (RoleInfo.java:updateAndGet(130)) - om1: start om1@group-C5BA1605619E-LeaderStateImpl
2021-10-27 07:37:36,495 [om1@group-C5BA1605619E-LeaderElection14] INFO  segmented.SegmentedRaftLogWorker (SegmentedRaftLogWorker.java:startLogSegment(394)) - om1@group-C5BA1605619E-SegmentedRaftLogWorker: Starting segment from index:0
2021-10-27 07:37:36,516 [Listener at 127.0.0.1/33029] INFO  volume.StorageVolumeChecker (StorageVolumeChecker.java:checkAllVolumes(202)) - Scheduled health check for volume /home/runner/work/ozone/ozone/hadoop-ozone/integration-test/target/test-dir/MiniOzoneClusterImpl-166db4ac-5aa3-4efc-b377-a8ff7cd8c20d/datanode-2/data-0/containers/hdds
2021-10-27 07:37:36,523 [om1@group-C5BA1605619E-SegmentedRaftLogWorker] INFO  segmented.SegmentedRaftLogWorker (SegmentedRaftLogWorker.java:execute(601)) - om1@group-C5BA1605619E-SegmentedRaftLogWorker: created new log segment /home/runner/work/ozone/ozone/hadoop-ozone/integration-test/target/test-dir/MiniOzoneClusterImpl-166db4ac-5aa3-4efc-b377-a8ff7cd8c20d/ozone-meta/ratis/bf265839-605b-3f16-9796-c5ba1605619e/current/log_inprogress_0
2021-10-27 07:37:36,538 [Listener at 127.0.0.1/33029] INFO  volume.MutableVolumeSet (MutableVolumeSet.java:initializeVolumeSet(168)) - Added Volume : /home/runner/work/ozone/ozone/hadoop-ozone/integration-test/target/test-dir/MiniOzoneClusterImpl-166db4ac-5aa3-4efc-b377-a8ff7cd8c20d/datanode-2/data/ratis to VolumeSet
2021-10-27 07:37:36,538 [Listener at 127.0.0.1/33029] INFO  volume.ThrottledAsyncChecker (ThrottledAsyncChecker.java:schedule(141)) - Scheduling a check for /home/runner/work/ozone/ozone/hadoop-ozone/integration-test/target/test-dir/MiniOzoneClusterImpl-166db4ac-5aa3-4efc-b377-a8ff7cd8c20d/datanode-2/data/ratis
2021-10-27 07:37:36,539 [Listener at 127.0.0.1/33029] INFO  volume.StorageVolumeChecker (StorageVolumeChecker.java:checkAllVolumes(202)) - Scheduled health check for volume /home/runner/work/ozone/ozone/hadoop-ozone/integration-test/target/test-dir/MiniOzoneClusterImpl-166db4ac-5aa3-4efc-b377-a8ff7cd8c20d/datanode-2/data/ratis
2021-10-27 07:37:36,553 [om1@group-C5BA1605619E-LeaderElection14] INFO  server.RaftServer$Division (ServerState.java:setRaftConf(387)) - om1@group-C5BA1605619E: set configuration 0: [om1|rpc:localhost:45623|admin:|client:|dataStream:|priority:0], old=null
2021-10-27 07:37:36,562 [om1@group-C5BA1605619E-StateMachineUpdater] INFO  ratis.OzoneManagerStateMachine (OzoneManagerStateMachine.java:notifyConfigurationChanged(188)) - Received Configuration change notification from Ratis. New Peer list:
[id: "om1"
address: "localhost:45623"
]
2021-10-27 07:37:36,579 [Thread-496] INFO  ozoneimpl.ContainerReader (ContainerReader.java:readVolume(172)) - Finish verifying containers on volume /home/runner/work/ozone/ozone/hadoop-ozone/integration-test/target/test-dir/MiniOzoneClusterImpl-166db4ac-5aa3-4efc-b377-a8ff7cd8c20d/datanode-2/data-0/containers/hdds
2021-10-27 07:37:36,580 [Listener at 127.0.0.1/33029] INFO  ozoneimpl.OzoneContainer (OzoneContainer.java:buildContainerSet(236)) - Build ContainerSet costs 0s
2021-10-27 07:37:36,597 [Listener at 127.0.0.1/33029] INFO  server.RaftServer (ConfUtils.java:logGet(44)) - raft.rpc.type = GRPC (default)
2021-10-27 07:37:36,598 [Listener at 127.0.0.1/33029] INFO  grpc.GrpcFactory (GrpcFactory.java:checkPooledByteBufAllocatorUseCacheForAllThreads(48)) - PERFORMANCE WARNING: useCacheForAllThreads is true that may cause Netty to create a lot garbage objects and, as a result, trigger GC.
	It is recommended to disable useCacheForAllThreads by setting -Dorg.apache.ratis.thirdparty.io.netty.allocator.useCacheForAllThreads=false in command line.
2021-10-27 07:37:36,598 [Listener at 127.0.0.1/33029] INFO  grpc.GrpcConfigKeys (ConfUtils.java:logGet(44)) - raft.grpc.admin.port = 0 (custom)
2021-10-27 07:37:36,598 [Listener at 127.0.0.1/33029] INFO  grpc.GrpcConfigKeys (ConfUtils.java:logGet(44)) - raft.grpc.client.port = 0 (custom)
2021-10-27 07:37:36,598 [Listener at 127.0.0.1/33029] INFO  grpc.GrpcConfigKeys (ConfUtils.java:logGet(44)) - raft.grpc.server.port = 0 (default)
2021-10-27 07:37:36,598 [Listener at 127.0.0.1/33029] INFO  server.GrpcService (ConfUtils.java:logGet(44)) - raft.grpc.message.size.max = 32MB (=33554432) (custom)
2021-10-27 07:37:36,598 [Listener at 127.0.0.1/33029] INFO  server.RaftServerConfigKeys (ConfUtils.java:logGet(44)) - raft.server.log.appender.buffer.byte-limit = 33554432 (custom)
2021-10-27 07:37:36,599 [Listener at 127.0.0.1/33029] INFO  server.GrpcService (ConfUtils.java:logGet(44)) - raft.grpc.flow.control.window = 5MB (=5242880) (custom)
2021-10-27 07:37:36,599 [Listener at 127.0.0.1/33029] INFO  server.RaftServerConfigKeys (ConfUtils.java:logGet(44)) - raft.server.rpc.request.timeout = 60s (custom)
2021-10-27 07:37:36,606 [Listener at 127.0.0.1/33029] INFO  impl.DataStreamServerImpl (ConfUtils.java:logGet(44)) - raft.datastream.type = DISABLED (default)
2021-10-27 07:37:36,615 [Listener at 127.0.0.1/33029] INFO  server.RaftServerConfigKeys (ConfUtils.java:logGet(44)) - raft.server.rpc.slowness.timeout = 300s (custom)
2021-10-27 07:37:36,616 [Listener at 127.0.0.1/33029] INFO  server.RaftServerConfigKeys (ConfUtils.java:logGet(44)) - raft.server.leaderelection.leader.step-down.wait-time = 10s (default)
2021-10-27 07:37:36,616 [Listener at 127.0.0.1/33029] INFO  server.RaftServerConfigKeys (ConfUtils.java:logGet(44)) - raft.server.storage.dir = [/home/runner/work/ozone/ozone/hadoop-ozone/integration-test/target/test-dir/MiniOzoneClusterImpl-166db4ac-5aa3-4efc-b377-a8ff7cd8c20d/datanode-2/data/ratis] (custom)
2021-10-27 07:37:36,652 [Listener at 127.0.0.1/33029] INFO  http.BaseHttpServer (BaseHttpServer.java:newHttpServer2BuilderForOzone(209)) - Starting Web-server for hddsDatanode at: http://0.0.0.0:0
2021-10-27 07:37:36,652 [Listener at 127.0.0.1/33029] INFO  http.BaseHttpServer (BaseHttpServer.java:<init>(107)) - Hadoop Security Enabled: false Ozone Security Enabled: false Ozone HTTP Security Enabled: false 
2021-10-27 07:37:36,657 [Listener at 127.0.0.1/33029] INFO  server.AuthenticationFilter (AuthenticationFilter.java:constructSecretProvider(240)) - Unable to initialize FileSignerSecretProvider, falling back to use random secrets.
2021-10-27 07:37:36,663 [Listener at 127.0.0.1/33029] WARN  http.HttpRequestLog (HttpRequestLog.java:getRequestLog(103)) - Jetty request log can only be enabled using Log4j
2021-10-27 07:37:36,664 [Listener at 127.0.0.1/33029] INFO  http.HttpServer2 (HttpServer2.java:addGlobalFilter(1030)) - Added global filter 'safety' (class=org.apache.hadoop.hdds.server.http.HttpServer2$QuotingInputFilter)
2021-10-27 07:37:36,665 [Listener at 127.0.0.1/33029] INFO  http.HttpServer2 (HttpServer2.java:addFilter(1006)) - Added filter static_user_filter (class=org.apache.hadoop.http.lib.StaticUserWebFilter$StaticUserFilter) to context hddsDatanode
2021-10-27 07:37:36,665 [Listener at 127.0.0.1/33029] INFO  http.HttpServer2 (HttpServer2.java:addFilter(1014)) - Added filter static_user_filter (class=org.apache.hadoop.http.lib.StaticUserWebFilter$StaticUserFilter) to context static
2021-10-27 07:37:36,665 [Listener at 127.0.0.1/33029] INFO  http.HttpServer2 (HttpServer2.java:addFilter(1014)) - Added filter static_user_filter (class=org.apache.hadoop.http.lib.StaticUserWebFilter$StaticUserFilter) to context logs
2021-10-27 07:37:36,666 [Listener at 127.0.0.1/33029] INFO  http.HttpServer2 (HttpServer2.java:bindListener(1249)) - Jetty bound to port 34735
2021-10-27 07:37:36,666 [Listener at 127.0.0.1/33029] INFO  server.Server (Server.java:doStart(375)) - jetty-9.4.43.v20210629; built: 2021-06-30T11:07:22.254Z; git: 526006ecfa3af7f1a27ef3a288e2bef7ea9dd7e8; jvm 1.8.0_292-b10
2021-10-27 07:37:36,680 [Listener at 127.0.0.1/33029] INFO  server.session (DefaultSessionIdManager.java:doStart(334)) - DefaultSessionIdManager workerName=node0
2021-10-27 07:37:36,680 [Listener at 127.0.0.1/33029] INFO  server.session (DefaultSessionIdManager.java:doStart(339)) - No SessionScavenger set, using defaults
2021-10-27 07:37:36,680 [Listener at 127.0.0.1/33029] INFO  server.session (HouseKeeper.java:startScavenging(132)) - node0 Scavenging every 660000ms
2021-10-27 07:37:36,682 [Listener at 127.0.0.1/33029] INFO  handler.ContextHandler (ContextHandler.java:doStart(915)) - Started o.e.j.s.ServletContextHandler@11ae6ce8{logs,/logs,file:///home/runner/work/ozone/ozone/hadoop-ozone/integration-test/target/log,AVAILABLE}
2021-10-27 07:37:36,684 [Listener at 127.0.0.1/33029] INFO  handler.ContextHandler (ContextHandler.java:doStart(915)) - Started o.e.j.s.ServletContextHandler@b9e905c{static,/static,jar:file:/home/runner/.m2/repository/org/apache/ozone/hdds-container-service/1.2.0-SNAPSHOT/hdds-container-service-1.2.0-SNAPSHOT.jar!/webapps/static,AVAILABLE}
2021-10-27 07:37:36,776 [Listener at 127.0.0.1/33029] INFO  handler.ContextHandler (ContextHandler.java:doStart(915)) - Started o.e.j.w.WebAppContext@77bf6b0a{hddsDatanode,/,file:///tmp/jetty-0_0_0_0-34735-hdds-container-service-1_2_0-SNAPSHOT_jar-_-any-6570478815624857031/webapp/,AVAILABLE}{jar:file:/home/runner/.m2/repository/org/apache/ozone/hdds-container-service/1.2.0-SNAPSHOT/hdds-container-service-1.2.0-SNAPSHOT.jar!/webapps/hddsDatanode}
2021-10-27 07:37:36,785 [Listener at 127.0.0.1/33029] INFO  server.AbstractConnector (AbstractConnector.java:doStart(331)) - Started ServerConnector@5a428159{HTTP/1.1, (http/1.1)}{0.0.0.0:34735}
2021-10-27 07:37:36,785 [Listener at 127.0.0.1/33029] INFO  server.Server (Server.java:doStart(415)) - Started @28353ms
2021-10-27 07:37:36,786 [Listener at 127.0.0.1/33029] WARN  impl.MetricsSystemImpl (MetricsSystemImpl.java:register(279)) - Sink prometheus already exists!
2021-10-27 07:37:36,787 [Listener at 127.0.0.1/33029] INFO  http.BaseHttpServer (BaseHttpServer.java:updateConnectorAddress(329)) - HTTP server of hddsDatanode listening at http://0.0.0.0:34735
2021-10-27 07:37:36,799 [Listener at 127.0.0.1/33029] WARN  impl.MetricRegistriesImpl (MetricRegistriesImpl.java:addReporterRegistration(111)) - New reporters are added after registries were created. Some metrics will be missing from the reporter. Please add reporter before adding any new registry.
2021-10-27 07:37:36,799 [Listener at 127.0.0.1/33029] WARN  impl.MetricRegistriesImpl (MetricRegistriesImpl.java:addReporterRegistration(111)) - New reporters are added after registries were created. Some metrics will be missing from the reporter. Please add reporter before adding any new registry.
2021-10-27 07:37:36,799 [Listener at 127.0.0.1/33029] INFO  impl.MetricsSystemImpl (MetricsSystemImpl.java:init(158)) - HddsDatanode metrics system started (again)
2021-10-27 07:37:36,807 [Datanode State Machine Daemon Thread] INFO  statemachine.DatanodeStateMachine (DatanodeStateMachine.java:lambda$startDaemon$0(467)) - Ozone container server started.
2021-10-27 07:37:36,822 [Listener at 127.0.0.1/33029] INFO  ozone.HddsDatanodeService (HddsDatanodeService.java:start(234)) - HddsDatanodeService host:fv-az270-913.tacnzluakwdehk1hpragurqkma.bx.internal.cloudapp.net ip:10.1.0.27
2021-10-27 07:37:36,846 [org.apache.hadoop.util.JvmPauseMonitor$Monitor@62eaaf99] INFO  util.JvmPauseMonitor (JvmPauseMonitor.java:run(188)) - Starting JVM pause monitor
2021-10-27 07:37:36,858 [Datanode State Machine Task Thread - 0] INFO  datanode.InitDatanodeState (InitDatanodeState.java:persistContainerDatanodeDetails(145)) - DatanodeDetails is persisted to /home/runner/work/ozone/ozone/hadoop-ozone/integration-test/target/test-dir/MiniOzoneClusterImpl-166db4ac-5aa3-4efc-b377-a8ff7cd8c20d/datanode-2/meta/datanode.id
2021-10-27 07:37:36,893 [Listener at 127.0.0.1/33029] INFO  upgrade.AbstractLayoutVersionManager (AbstractLayoutVersionManager.java:init(79)) - Initializing Layout version manager with metadata layout = SCM_HA (version = 2), software layout = SCM_HA (version = 2)
2021-10-27 07:37:37,031 [Listener at 127.0.0.1/33029] INFO  reflections.Reflections (Reflections.java:scan(232)) - Reflections took 134 ms to scan 7 urls, producing 119 keys and 279 values 
2021-10-27 07:37:37,034 [Listener at 127.0.0.1/33029] INFO  statemachine.DatanodeStateMachine (DatanodeStateMachine.java:getEndPointTaskThreadPoolSize(219)) - Datanode State Machine Task Thread Pool size 2
2021-10-27 07:37:37,050 [Listener at 127.0.0.1/33029] INFO  volume.HddsVolume (HddsVolume.java:<init>(120)) - Creating HddsVolume: /home/runner/work/ozone/ozone/hadoop-ozone/integration-test/target/test-dir/MiniOzoneClusterImpl-166db4ac-5aa3-4efc-b377-a8ff7cd8c20d/datanode-3/data-0/containers/hdds of storage type : DISK capacity : 9223372036854775807
2021-10-27 07:37:37,050 [Listener at 127.0.0.1/33029] INFO  volume.MutableVolumeSet (MutableVolumeSet.java:initializeVolumeSet(168)) - Added Volume : /home/runner/work/ozone/ozone/hadoop-ozone/integration-test/target/test-dir/MiniOzoneClusterImpl-166db4ac-5aa3-4efc-b377-a8ff7cd8c20d/datanode-3/data-0/containers/hdds to VolumeSet
2021-10-27 07:37:37,050 [Listener at 127.0.0.1/33029] INFO  volume.ThrottledAsyncChecker (ThrottledAsyncChecker.java:schedule(141)) - Scheduling a check for /home/runner/work/ozone/ozone/hadoop-ozone/integration-test/target/test-dir/MiniOzoneClusterImpl-166db4ac-5aa3-4efc-b377-a8ff7cd8c20d/datanode-3/data-0/containers/hdds
2021-10-27 07:37:37,053 [Listener at 127.0.0.1/33029] INFO  volume.StorageVolumeChecker (StorageVolumeChecker.java:checkAllVolumes(202)) - Scheduled health check for volume /home/runner/work/ozone/ozone/hadoop-ozone/integration-test/target/test-dir/MiniOzoneClusterImpl-166db4ac-5aa3-4efc-b377-a8ff7cd8c20d/datanode-3/data-0/containers/hdds
2021-10-27 07:37:37,113 [Listener at 127.0.0.1/33029] INFO  volume.MutableVolumeSet (MutableVolumeSet.java:initializeVolumeSet(168)) - Added Volume : /home/runner/work/ozone/ozone/hadoop-ozone/integration-test/target/test-dir/MiniOzoneClusterImpl-166db4ac-5aa3-4efc-b377-a8ff7cd8c20d/datanode-3/data/ratis to VolumeSet
2021-10-27 07:37:37,113 [Listener at 127.0.0.1/33029] INFO  volume.ThrottledAsyncChecker (ThrottledAsyncChecker.java:schedule(141)) - Scheduling a check for /home/runner/work/ozone/ozone/hadoop-ozone/integration-test/target/test-dir/MiniOzoneClusterImpl-166db4ac-5aa3-4efc-b377-a8ff7cd8c20d/datanode-3/data/ratis
2021-10-27 07:37:37,113 [Listener at 127.0.0.1/33029] INFO  volume.StorageVolumeChecker (StorageVolumeChecker.java:checkAllVolumes(202)) - Scheduled health check for volume /home/runner/work/ozone/ozone/hadoop-ozone/integration-test/target/test-dir/MiniOzoneClusterImpl-166db4ac-5aa3-4efc-b377-a8ff7cd8c20d/datanode-3/data/ratis
2021-10-27 07:37:37,128 [Thread-531] INFO  ozoneimpl.ContainerReader (ContainerReader.java:readVolume(172)) - Finish verifying containers on volume /home/runner/work/ozone/ozone/hadoop-ozone/integration-test/target/test-dir/MiniOzoneClusterImpl-166db4ac-5aa3-4efc-b377-a8ff7cd8c20d/datanode-3/data-0/containers/hdds
2021-10-27 07:37:37,128 [Listener at 127.0.0.1/33029] INFO  ozoneimpl.OzoneContainer (OzoneContainer.java:buildContainerSet(236)) - Build ContainerSet costs 0s
2021-10-27 07:37:37,131 [Listener at 127.0.0.1/33029] INFO  server.RaftServer (ConfUtils.java:logGet(44)) - raft.rpc.type = GRPC (default)
2021-10-27 07:37:37,131 [Listener at 127.0.0.1/33029] INFO  grpc.GrpcFactory (GrpcFactory.java:checkPooledByteBufAllocatorUseCacheForAllThreads(48)) - PERFORMANCE WARNING: useCacheForAllThreads is true that may cause Netty to create a lot garbage objects and, as a result, trigger GC.
	It is recommended to disable useCacheForAllThreads by setting -Dorg.apache.ratis.thirdparty.io.netty.allocator.useCacheForAllThreads=false in command line.
2021-10-27 07:37:37,131 [Listener at 127.0.0.1/33029] INFO  grpc.GrpcConfigKeys (ConfUtils.java:logGet(44)) - raft.grpc.admin.port = 0 (custom)
2021-10-27 07:37:37,131 [Listener at 127.0.0.1/33029] INFO  grpc.GrpcConfigKeys (ConfUtils.java:logGet(44)) - raft.grpc.client.port = 0 (custom)
2021-10-27 07:37:37,131 [Listener at 127.0.0.1/33029] INFO  grpc.GrpcConfigKeys (ConfUtils.java:logGet(44)) - raft.grpc.server.port = 0 (default)
2021-10-27 07:37:37,131 [Listener at 127.0.0.1/33029] INFO  server.GrpcService (ConfUtils.java:logGet(44)) - raft.grpc.message.size.max = 32MB (=33554432) (custom)
2021-10-27 07:37:37,131 [Listener at 127.0.0.1/33029] INFO  server.RaftServerConfigKeys (ConfUtils.java:logGet(44)) - raft.server.log.appender.buffer.byte-limit = 33554432 (custom)
2021-10-27 07:37:37,132 [Listener at 127.0.0.1/33029] INFO  server.GrpcService (ConfUtils.java:logGet(44)) - raft.grpc.flow.control.window = 5MB (=5242880) (custom)
2021-10-27 07:37:37,132 [Listener at 127.0.0.1/33029] INFO  server.RaftServerConfigKeys (ConfUtils.java:logGet(44)) - raft.server.rpc.request.timeout = 60s (custom)
2021-10-27 07:37:37,134 [Listener at 127.0.0.1/33029] INFO  impl.DataStreamServerImpl (ConfUtils.java:logGet(44)) - raft.datastream.type = DISABLED (default)
2021-10-27 07:37:37,134 [Listener at 127.0.0.1/33029] INFO  server.RaftServerConfigKeys (ConfUtils.java:logGet(44)) - raft.server.rpc.slowness.timeout = 300s (custom)
2021-10-27 07:37:37,134 [Listener at 127.0.0.1/33029] INFO  server.RaftServerConfigKeys (ConfUtils.java:logGet(44)) - raft.server.leaderelection.leader.step-down.wait-time = 10s (default)
2021-10-27 07:37:37,134 [Listener at 127.0.0.1/33029] INFO  server.RaftServerConfigKeys (ConfUtils.java:logGet(44)) - raft.server.storage.dir = [/home/runner/work/ozone/ozone/hadoop-ozone/integration-test/target/test-dir/MiniOzoneClusterImpl-166db4ac-5aa3-4efc-b377-a8ff7cd8c20d/datanode-3/data/ratis] (custom)
2021-10-27 07:37:37,145 [ReplicationMonitor] INFO  container.ReplicationManager (ReplicationManager.java:processAll(371)) - Replication Monitor Thread took 6 milliseconds for processing 4 containers.
2021-10-27 07:37:37,150 [Listener at 127.0.0.1/33029] INFO  http.BaseHttpServer (BaseHttpServer.java:newHttpServer2BuilderForOzone(209)) - Starting Web-server for hddsDatanode at: http://0.0.0.0:0
2021-10-27 07:37:37,151 [Listener at 127.0.0.1/33029] INFO  http.BaseHttpServer (BaseHttpServer.java:<init>(107)) - Hadoop Security Enabled: false Ozone Security Enabled: false Ozone HTTP Security Enabled: false 
2021-10-27 07:37:37,152 [Listener at 127.0.0.1/33029] INFO  server.AuthenticationFilter (AuthenticationFilter.java:constructSecretProvider(240)) - Unable to initialize FileSignerSecretProvider, falling back to use random secrets.
2021-10-27 07:37:37,153 [Listener at 127.0.0.1/33029] WARN  http.HttpRequestLog (HttpRequestLog.java:getRequestLog(103)) - Jetty request log can only be enabled using Log4j
2021-10-27 07:37:37,153 [Listener at 127.0.0.1/33029] INFO  http.HttpServer2 (HttpServer2.java:addGlobalFilter(1030)) - Added global filter 'safety' (class=org.apache.hadoop.hdds.server.http.HttpServer2$QuotingInputFilter)
2021-10-27 07:37:37,154 [Listener at 127.0.0.1/33029] INFO  http.HttpServer2 (HttpServer2.java:addFilter(1006)) - Added filter static_user_filter (class=org.apache.hadoop.http.lib.StaticUserWebFilter$StaticUserFilter) to context hddsDatanode
2021-10-27 07:37:37,154 [Listener at 127.0.0.1/33029] INFO  http.HttpServer2 (HttpServer2.java:addFilter(1014)) - Added filter static_user_filter (class=org.apache.hadoop.http.lib.StaticUserWebFilter$StaticUserFilter) to context logs
2021-10-27 07:37:37,154 [Listener at 127.0.0.1/33029] INFO  http.HttpServer2 (HttpServer2.java:addFilter(1014)) - Added filter static_user_filter (class=org.apache.hadoop.http.lib.StaticUserWebFilter$StaticUserFilter) to context static
2021-10-27 07:37:37,154 [Listener at 127.0.0.1/33029] INFO  http.HttpServer2 (HttpServer2.java:bindListener(1249)) - Jetty bound to port 41985
2021-10-27 07:37:37,155 [Listener at 127.0.0.1/33029] INFO  server.Server (Server.java:doStart(375)) - jetty-9.4.43.v20210629; built: 2021-06-30T11:07:22.254Z; git: 526006ecfa3af7f1a27ef3a288e2bef7ea9dd7e8; jvm 1.8.0_292-b10
2021-10-27 07:37:37,159 [Listener at 127.0.0.1/33029] INFO  server.session (DefaultSessionIdManager.java:doStart(334)) - DefaultSessionIdManager workerName=node0
2021-10-27 07:37:37,159 [Listener at 127.0.0.1/33029] INFO  server.session (DefaultSessionIdManager.java:doStart(339)) - No SessionScavenger set, using defaults
2021-10-27 07:37:37,159 [Listener at 127.0.0.1/33029] INFO  server.session (HouseKeeper.java:startScavenging(132)) - node0 Scavenging every 600000ms
2021-10-27 07:37:37,160 [Listener at 127.0.0.1/33029] INFO  handler.ContextHandler (ContextHandler.java:doStart(915)) - Started o.e.j.s.ServletContextHandler@4eadef95{logs,/logs,file:///home/runner/work/ozone/ozone/hadoop-ozone/integration-test/target/log,AVAILABLE}
2021-10-27 07:37:37,160 [Listener at 127.0.0.1/33029] INFO  handler.ContextHandler (ContextHandler.java:doStart(915)) - Started o.e.j.s.ServletContextHandler@d374a9d{static,/static,jar:file:/home/runner/.m2/repository/org/apache/ozone/hdds-container-service/1.2.0-SNAPSHOT/hdds-container-service-1.2.0-SNAPSHOT.jar!/webapps/static,AVAILABLE}
2021-10-27 07:37:37,273 [Listener at 127.0.0.1/33029] INFO  handler.ContextHandler (ContextHandler.java:doStart(915)) - Started o.e.j.w.WebAppContext@a0f0827{hddsDatanode,/,file:///tmp/jetty-0_0_0_0-41985-hdds-container-service-1_2_0-SNAPSHOT_jar-_-any-3036898198761984354/webapp/,AVAILABLE}{jar:file:/home/runner/.m2/repository/org/apache/ozone/hdds-container-service/1.2.0-SNAPSHOT/hdds-container-service-1.2.0-SNAPSHOT.jar!/webapps/hddsDatanode}
2021-10-27 07:37:37,288 [Listener at 127.0.0.1/33029] INFO  server.AbstractConnector (AbstractConnector.java:doStart(331)) - Started ServerConnector@26088fc2{HTTP/1.1, (http/1.1)}{0.0.0.0:41985}
2021-10-27 07:37:37,289 [Listener at 127.0.0.1/33029] INFO  server.Server (Server.java:doStart(415)) - Started @28856ms
2021-10-27 07:37:37,289 [Listener at 127.0.0.1/33029] WARN  impl.MetricsSystemImpl (MetricsSystemImpl.java:register(279)) - Sink prometheus already exists!
2021-10-27 07:37:37,292 [Listener at 127.0.0.1/33029] INFO  http.BaseHttpServer (BaseHttpServer.java:updateConnectorAddress(329)) - HTTP server of hddsDatanode listening at http://0.0.0.0:41985
2021-10-27 07:37:37,292 [Listener at 127.0.0.1/33029] WARN  impl.MetricRegistriesImpl (MetricRegistriesImpl.java:addReporterRegistration(111)) - New reporters are added after registries were created. Some metrics will be missing from the reporter. Please add reporter before adding any new registry.
2021-10-27 07:37:37,293 [Listener at 127.0.0.1/33029] WARN  impl.MetricRegistriesImpl (MetricRegistriesImpl.java:addReporterRegistration(111)) - New reporters are added after registries were created. Some metrics will be missing from the reporter. Please add reporter before adding any new registry.
2021-10-27 07:37:37,293 [Listener at 127.0.0.1/33029] INFO  impl.MetricsSystemImpl (MetricsSystemImpl.java:init(158)) - HddsDatanode metrics system started (again)
2021-10-27 07:37:37,303 [Datanode State Machine Daemon Thread] INFO  statemachine.DatanodeStateMachine (DatanodeStateMachine.java:lambda$startDaemon$0(467)) - Ozone container server started.
2021-10-27 07:37:37,337 [org.apache.hadoop.util.JvmPauseMonitor$Monitor@19d0582c] INFO  util.JvmPauseMonitor (JvmPauseMonitor.java:run(188)) - Starting JVM pause monitor
2021-10-27 07:37:37,350 [Datanode State Machine Task Thread - 0] INFO  datanode.InitDatanodeState (InitDatanodeState.java:persistContainerDatanodeDetails(145)) - DatanodeDetails is persisted to /home/runner/work/ozone/ozone/hadoop-ozone/integration-test/target/test-dir/MiniOzoneClusterImpl-166db4ac-5aa3-4efc-b377-a8ff7cd8c20d/datanode-3/meta/datanode.id
2021-10-27 07:37:37,368 [Listener at 127.0.0.1/33029] INFO  ozone.HddsDatanodeService (HddsDatanodeService.java:start(234)) - HddsDatanodeService host:fv-az270-913.tacnzluakwdehk1hpragurqkma.bx.internal.cloudapp.net ip:10.1.0.27
2021-10-27 07:37:37,422 [Listener at 127.0.0.1/33029] INFO  upgrade.AbstractLayoutVersionManager (AbstractLayoutVersionManager.java:init(79)) - Initializing Layout version manager with metadata layout = SCM_HA (version = 2), software layout = SCM_HA (version = 2)
2021-10-27 07:37:37,487 [ReplicationMonitor] INFO  container.ReplicationManager (ReplicationManager.java:processAll(371)) - Replication Monitor Thread took 1 milliseconds for processing 0 containers.
2021-10-27 07:37:37,535 [Listener at 127.0.0.1/33029] INFO  reflections.Reflections (Reflections.java:scan(232)) - Reflections took 110 ms to scan 7 urls, producing 119 keys and 279 values 
2021-10-27 07:37:37,537 [Listener at 127.0.0.1/33029] INFO  statemachine.DatanodeStateMachine (DatanodeStateMachine.java:getEndPointTaskThreadPoolSize(219)) - Datanode State Machine Task Thread Pool size 2
2021-10-27 07:37:37,539 [Listener at 127.0.0.1/33029] INFO  volume.HddsVolume (HddsVolume.java:<init>(120)) - Creating HddsVolume: /home/runner/work/ozone/ozone/hadoop-ozone/integration-test/target/test-dir/MiniOzoneClusterImpl-166db4ac-5aa3-4efc-b377-a8ff7cd8c20d/datanode-4/data-0/containers/hdds of storage type : DISK capacity : 9223372036854775807
2021-10-27 07:37:37,539 [Listener at 127.0.0.1/33029] INFO  volume.MutableVolumeSet (MutableVolumeSet.java:initializeVolumeSet(168)) - Added Volume : /home/runner/work/ozone/ozone/hadoop-ozone/integration-test/target/test-dir/MiniOzoneClusterImpl-166db4ac-5aa3-4efc-b377-a8ff7cd8c20d/datanode-4/data-0/containers/hdds to VolumeSet
2021-10-27 07:37:37,540 [Listener at 127.0.0.1/33029] INFO  volume.ThrottledAsyncChecker (ThrottledAsyncChecker.java:schedule(141)) - Scheduling a check for /home/runner/work/ozone/ozone/hadoop-ozone/integration-test/target/test-dir/MiniOzoneClusterImpl-166db4ac-5aa3-4efc-b377-a8ff7cd8c20d/datanode-4/data-0/containers/hdds
2021-10-27 07:37:37,542 [Listener at 127.0.0.1/33029] INFO  volume.StorageVolumeChecker (StorageVolumeChecker.java:checkAllVolumes(202)) - Scheduled health check for volume /home/runner/work/ozone/ozone/hadoop-ozone/integration-test/target/test-dir/MiniOzoneClusterImpl-166db4ac-5aa3-4efc-b377-a8ff7cd8c20d/datanode-4/data-0/containers/hdds
2021-10-27 07:37:37,585 [Listener at 127.0.0.1/33029] INFO  volume.MutableVolumeSet (MutableVolumeSet.java:initializeVolumeSet(168)) - Added Volume : /home/runner/work/ozone/ozone/hadoop-ozone/integration-test/target/test-dir/MiniOzoneClusterImpl-166db4ac-5aa3-4efc-b377-a8ff7cd8c20d/datanode-4/data/ratis to VolumeSet
2021-10-27 07:37:37,585 [Listener at 127.0.0.1/33029] INFO  volume.ThrottledAsyncChecker (ThrottledAsyncChecker.java:schedule(141)) - Scheduling a check for /home/runner/work/ozone/ozone/hadoop-ozone/integration-test/target/test-dir/MiniOzoneClusterImpl-166db4ac-5aa3-4efc-b377-a8ff7cd8c20d/datanode-4/data/ratis
2021-10-27 07:37:37,586 [Listener at 127.0.0.1/33029] INFO  volume.StorageVolumeChecker (StorageVolumeChecker.java:checkAllVolumes(202)) - Scheduled health check for volume /home/runner/work/ozone/ozone/hadoop-ozone/integration-test/target/test-dir/MiniOzoneClusterImpl-166db4ac-5aa3-4efc-b377-a8ff7cd8c20d/datanode-4/data/ratis
2021-10-27 07:37:37,661 [Thread-590] INFO  ozoneimpl.ContainerReader (ContainerReader.java:readVolume(172)) - Finish verifying containers on volume /home/runner/work/ozone/ozone/hadoop-ozone/integration-test/target/test-dir/MiniOzoneClusterImpl-166db4ac-5aa3-4efc-b377-a8ff7cd8c20d/datanode-4/data-0/containers/hdds
2021-10-27 07:37:37,662 [Listener at 127.0.0.1/33029] INFO  ozoneimpl.OzoneContainer (OzoneContainer.java:buildContainerSet(236)) - Build ContainerSet costs 0s
2021-10-27 07:37:37,670 [Listener at 127.0.0.1/33029] INFO  server.RaftServer (ConfUtils.java:logGet(44)) - raft.rpc.type = GRPC (default)
2021-10-27 07:37:37,670 [Listener at 127.0.0.1/33029] INFO  grpc.GrpcFactory (GrpcFactory.java:checkPooledByteBufAllocatorUseCacheForAllThreads(48)) - PERFORMANCE WARNING: useCacheForAllThreads is true that may cause Netty to create a lot garbage objects and, as a result, trigger GC.
	It is recommended to disable useCacheForAllThreads by setting -Dorg.apache.ratis.thirdparty.io.netty.allocator.useCacheForAllThreads=false in command line.
2021-10-27 07:37:37,670 [Listener at 127.0.0.1/33029] INFO  grpc.GrpcConfigKeys (ConfUtils.java:logGet(44)) - raft.grpc.admin.port = 0 (custom)
2021-10-27 07:37:37,671 [Listener at 127.0.0.1/33029] INFO  grpc.GrpcConfigKeys (ConfUtils.java:logGet(44)) - raft.grpc.client.port = 0 (custom)
2021-10-27 07:37:37,673 [Listener at 127.0.0.1/33029] INFO  grpc.GrpcConfigKeys (ConfUtils.java:logGet(44)) - raft.grpc.server.port = 0 (default)
2021-10-27 07:37:37,673 [Listener at 127.0.0.1/33029] INFO  server.GrpcService (ConfUtils.java:logGet(44)) - raft.grpc.message.size.max = 32MB (=33554432) (custom)
2021-10-27 07:37:37,673 [Listener at 127.0.0.1/33029] INFO  server.RaftServerConfigKeys (ConfUtils.java:logGet(44)) - raft.server.log.appender.buffer.byte-limit = 33554432 (custom)
2021-10-27 07:37:37,673 [Listener at 127.0.0.1/33029] INFO  server.GrpcService (ConfUtils.java:logGet(44)) - raft.grpc.flow.control.window = 5MB (=5242880) (custom)
2021-10-27 07:37:37,674 [Listener at 127.0.0.1/33029] INFO  server.RaftServerConfigKeys (ConfUtils.java:logGet(44)) - raft.server.rpc.request.timeout = 60s (custom)
2021-10-27 07:37:37,675 [Listener at 127.0.0.1/33029] INFO  impl.DataStreamServerImpl (ConfUtils.java:logGet(44)) - raft.datastream.type = DISABLED (default)
2021-10-27 07:37:37,683 [Listener at 127.0.0.1/33029] INFO  server.RaftServerConfigKeys (ConfUtils.java:logGet(44)) - raft.server.rpc.slowness.timeout = 300s (custom)
2021-10-27 07:37:37,683 [Listener at 127.0.0.1/33029] INFO  server.RaftServerConfigKeys (ConfUtils.java:logGet(44)) - raft.server.leaderelection.leader.step-down.wait-time = 10s (default)
2021-10-27 07:37:37,683 [Listener at 127.0.0.1/33029] INFO  server.RaftServerConfigKeys (ConfUtils.java:logGet(44)) - raft.server.storage.dir = [/home/runner/work/ozone/ozone/hadoop-ozone/integration-test/target/test-dir/MiniOzoneClusterImpl-166db4ac-5aa3-4efc-b377-a8ff7cd8c20d/datanode-4/data/ratis] (custom)
2021-10-27 07:37:37,701 [Listener at 127.0.0.1/33029] INFO  http.BaseHttpServer (BaseHttpServer.java:newHttpServer2BuilderForOzone(209)) - Starting Web-server for hddsDatanode at: http://0.0.0.0:0
2021-10-27 07:37:37,701 [Listener at 127.0.0.1/33029] INFO  http.BaseHttpServer (BaseHttpServer.java:<init>(107)) - Hadoop Security Enabled: false Ozone Security Enabled: false Ozone HTTP Security Enabled: false 
2021-10-27 07:37:37,702 [Listener at 127.0.0.1/33029] INFO  server.AuthenticationFilter (AuthenticationFilter.java:constructSecretProvider(240)) - Unable to initialize FileSignerSecretProvider, falling back to use random secrets.
2021-10-27 07:37:37,706 [Listener at 127.0.0.1/33029] WARN  http.HttpRequestLog (HttpRequestLog.java:getRequestLog(103)) - Jetty request log can only be enabled using Log4j
2021-10-27 07:37:37,707 [Listener at 127.0.0.1/33029] INFO  http.HttpServer2 (HttpServer2.java:addGlobalFilter(1030)) - Added global filter 'safety' (class=org.apache.hadoop.hdds.server.http.HttpServer2$QuotingInputFilter)
2021-10-27 07:37:37,709 [Listener at 127.0.0.1/33029] INFO  http.HttpServer2 (HttpServer2.java:addFilter(1006)) - Added filter static_user_filter (class=org.apache.hadoop.http.lib.StaticUserWebFilter$StaticUserFilter) to context hddsDatanode
2021-10-27 07:37:37,709 [Listener at 127.0.0.1/33029] INFO  http.HttpServer2 (HttpServer2.java:addFilter(1014)) - Added filter static_user_filter (class=org.apache.hadoop.http.lib.StaticUserWebFilter$StaticUserFilter) to context static
2021-10-27 07:37:37,709 [Listener at 127.0.0.1/33029] INFO  http.HttpServer2 (HttpServer2.java:addFilter(1014)) - Added filter static_user_filter (class=org.apache.hadoop.http.lib.StaticUserWebFilter$StaticUserFilter) to context logs
2021-10-27 07:37:37,710 [Listener at 127.0.0.1/33029] INFO  http.HttpServer2 (HttpServer2.java:bindListener(1249)) - Jetty bound to port 44419
2021-10-27 07:37:37,713 [Listener at 127.0.0.1/33029] INFO  server.Server (Server.java:doStart(375)) - jetty-9.4.43.v20210629; built: 2021-06-30T11:07:22.254Z; git: 526006ecfa3af7f1a27ef3a288e2bef7ea9dd7e8; jvm 1.8.0_292-b10
2021-10-27 07:37:37,739 [Listener at 127.0.0.1/33029] INFO  server.session (DefaultSessionIdManager.java:doStart(334)) - DefaultSessionIdManager workerName=node0
2021-10-27 07:37:37,739 [Listener at 127.0.0.1/33029] INFO  server.session (DefaultSessionIdManager.java:doStart(339)) - No SessionScavenger set, using defaults
2021-10-27 07:37:37,739 [Listener at 127.0.0.1/33029] INFO  server.session (HouseKeeper.java:startScavenging(132)) - node0 Scavenging every 600000ms
2021-10-27 07:37:37,740 [Listener at 127.0.0.1/33029] INFO  handler.ContextHandler (ContextHandler.java:doStart(915)) - Started o.e.j.s.ServletContextHandler@4ab34bc8{logs,/logs,file:///home/runner/work/ozone/ozone/hadoop-ozone/integration-test/target/log,AVAILABLE}
2021-10-27 07:37:37,740 [Listener at 127.0.0.1/33029] INFO  handler.ContextHandler (ContextHandler.java:doStart(915)) - Started o.e.j.s.ServletContextHandler@615ccef6{static,/static,jar:file:/home/runner/.m2/repository/org/apache/ozone/hdds-container-service/1.2.0-SNAPSHOT/hdds-container-service-1.2.0-SNAPSHOT.jar!/webapps/static,AVAILABLE}
2021-10-27 07:37:37,864 [Listener at 127.0.0.1/33029] INFO  handler.ContextHandler (ContextHandler.java:doStart(915)) - Started o.e.j.w.WebAppContext@6b281b35{hddsDatanode,/,file:///tmp/jetty-0_0_0_0-44419-hdds-container-service-1_2_0-SNAPSHOT_jar-_-any-7238952839217144611/webapp/,AVAILABLE}{jar:file:/home/runner/.m2/repository/org/apache/ozone/hdds-container-service/1.2.0-SNAPSHOT/hdds-container-service-1.2.0-SNAPSHOT.jar!/webapps/hddsDatanode}
2021-10-27 07:37:37,868 [Listener at 127.0.0.1/33029] INFO  server.AbstractConnector (AbstractConnector.java:doStart(331)) - Started ServerConnector@1d553b51{HTTP/1.1, (http/1.1)}{0.0.0.0:44419}
2021-10-27 07:37:37,868 [Listener at 127.0.0.1/33029] INFO  server.Server (Server.java:doStart(415)) - Started @29436ms
2021-10-27 07:37:37,868 [Listener at 127.0.0.1/33029] WARN  impl.MetricsSystemImpl (MetricsSystemImpl.java:register(279)) - Sink prometheus already exists!
2021-10-27 07:37:37,870 [Listener at 127.0.0.1/33029] INFO  http.BaseHttpServer (BaseHttpServer.java:updateConnectorAddress(329)) - HTTP server of hddsDatanode listening at http://0.0.0.0:44419
2021-10-27 07:37:37,874 [Datanode State Machine Daemon Thread] INFO  statemachine.DatanodeStateMachine (DatanodeStateMachine.java:lambda$startDaemon$0(467)) - Ozone container server started.
2021-10-27 07:37:37,874 [Listener at 127.0.0.1/33029] WARN  impl.MetricRegistriesImpl (MetricRegistriesImpl.java:addReporterRegistration(111)) - New reporters are added after registries were created. Some metrics will be missing from the reporter. Please add reporter before adding any new registry.
2021-10-27 07:37:37,874 [Listener at 127.0.0.1/33029] WARN  impl.MetricRegistriesImpl (MetricRegistriesImpl.java:addReporterRegistration(111)) - New reporters are added after registries were created. Some metrics will be missing from the reporter. Please add reporter before adding any new registry.
2021-10-27 07:37:37,874 [Listener at 127.0.0.1/33029] INFO  impl.MetricsSystemImpl (MetricsSystemImpl.java:init(158)) - HddsDatanode metrics system started (again)
2021-10-27 07:37:37,920 [Listener at 127.0.0.1/33029] INFO  ozone.HddsDatanodeService (HddsDatanodeService.java:start(234)) - HddsDatanodeService host:fv-az270-913.tacnzluakwdehk1hpragurqkma.bx.internal.cloudapp.net ip:10.1.0.27
2021-10-27 07:37:37,952 [org.apache.hadoop.util.JvmPauseMonitor$Monitor@3ad0a44c] INFO  util.JvmPauseMonitor (JvmPauseMonitor.java:run(188)) - Starting JVM pause monitor
2021-10-27 07:37:37,964 [Listener at 127.0.0.1/33029] INFO  upgrade.AbstractLayoutVersionManager (AbstractLayoutVersionManager.java:init(79)) - Initializing Layout version manager with metadata layout = SCM_HA (version = 2), software layout = SCM_HA (version = 2)
2021-10-27 07:37:37,964 [Datanode State Machine Task Thread - 0] INFO  datanode.InitDatanodeState (InitDatanodeState.java:persistContainerDatanodeDetails(145)) - DatanodeDetails is persisted to /home/runner/work/ozone/ozone/hadoop-ozone/integration-test/target/test-dir/MiniOzoneClusterImpl-166db4ac-5aa3-4efc-b377-a8ff7cd8c20d/datanode-4/meta/datanode.id
2021-10-27 07:37:37,983 [EndpointStateMachine task thread for /0.0.0.0:38229 - 0 ] INFO  ozoneimpl.OzoneContainer (OzoneContainer.java:start(304)) - Attempting to start container services.
2021-10-27 07:37:37,984 [EndpointStateMachine task thread for /0.0.0.0:38229 - 0 ] INFO  ozoneimpl.OzoneContainer (OzoneContainer.java:startContainerScrub(249)) - Background container scanner has been disabled.
2021-10-27 07:37:37,985 [EndpointStateMachine task thread for /0.0.0.0:38229 - 0 ] INFO  replication.ReplicationServer (ReplicationServer.java:start(107)) - ReplicationServer is started using port 34585
2021-10-27 07:37:37,996 [EndpointStateMachine task thread for /0.0.0.0:38229 - 0 ] INFO  ratis.XceiverServerRatis (XceiverServerRatis.java:start(484)) - Starting XceiverServerRatis 592255e9-c910-4f69-a1df-e23dedd9b9e0
2021-10-27 07:37:38,034 [EndpointStateMachine task thread for /0.0.0.0:38229 - 0 ] INFO  server.RaftServer (RaftServerProxy.java:lambda$start$5(374)) - 592255e9-c910-4f69-a1df-e23dedd9b9e0: start RPC server
2021-10-27 07:37:38,035 [EndpointStateMachine task thread for /0.0.0.0:38229 - 0 ] INFO  server.GrpcService (GrpcService.java:startImpl(253)) - 592255e9-c910-4f69-a1df-e23dedd9b9e0: GrpcService started, listening on 40627
2021-10-27 07:37:38,037 [EndpointStateMachine task thread for /0.0.0.0:38229 - 0 ] INFO  ratis.XceiverServerRatis (XceiverServerRatis.java:getRealPort(505)) - XceiverServerRatis 592255e9-c910-4f69-a1df-e23dedd9b9e0 is started using port 40627 for RATIS
2021-10-27 07:37:38,037 [EndpointStateMachine task thread for /0.0.0.0:38229 - 0 ] INFO  ratis.XceiverServerRatis (XceiverServerRatis.java:getRealPort(505)) - XceiverServerRatis 592255e9-c910-4f69-a1df-e23dedd9b9e0 is started using port 40627 for RATIS_ADMIN
2021-10-27 07:37:38,037 [EndpointStateMachine task thread for /0.0.0.0:38229 - 0 ] INFO  ratis.XceiverServerRatis (XceiverServerRatis.java:getRealPort(505)) - XceiverServerRatis 592255e9-c910-4f69-a1df-e23dedd9b9e0 is started using port 40627 for RATIS_SERVER
2021-10-27 07:37:38,039 [EndpointStateMachine task thread for /0.0.0.0:38229 - 0 ] INFO  server.XceiverServerGrpc (XceiverServerGrpc.java:start(135)) - XceiverServerGrpc 592255e9-c910-4f69-a1df-e23dedd9b9e0 is started using port 39619
2021-10-27 07:37:38,066 [Listener at 127.0.0.1/33029] INFO  reflections.Reflections (Reflections.java:scan(232)) - Reflections took 74 ms to scan 7 urls, producing 119 keys and 279 values 
2021-10-27 07:37:38,074 [Listener at 127.0.0.1/33029] INFO  statemachine.DatanodeStateMachine (DatanodeStateMachine.java:getEndPointTaskThreadPoolSize(219)) - Datanode State Machine Task Thread Pool size 2
2021-10-27 07:37:38,074 [org.apache.ratis.util.JvmPauseMonitor$$Lambda$534/681568834@4c1faabd] INFO  util.JvmPauseMonitor (JvmPauseMonitor.java:run(103)) - JvmPauseMonitor-592255e9-c910-4f69-a1df-e23dedd9b9e0: Started
2021-10-27 07:37:38,107 [Listener at 127.0.0.1/33029] INFO  volume.HddsVolume (HddsVolume.java:<init>(120)) - Creating HddsVolume: /home/runner/work/ozone/ozone/hadoop-ozone/integration-test/target/test-dir/MiniOzoneClusterImpl-166db4ac-5aa3-4efc-b377-a8ff7cd8c20d/datanode-5/data-0/containers/hdds of storage type : DISK capacity : 9223372036854775807
2021-10-27 07:37:38,108 [Listener at 127.0.0.1/33029] INFO  volume.MutableVolumeSet (MutableVolumeSet.java:initializeVolumeSet(168)) - Added Volume : /home/runner/work/ozone/ozone/hadoop-ozone/integration-test/target/test-dir/MiniOzoneClusterImpl-166db4ac-5aa3-4efc-b377-a8ff7cd8c20d/datanode-5/data-0/containers/hdds to VolumeSet
2021-10-27 07:37:38,108 [Listener at 127.0.0.1/33029] INFO  volume.ThrottledAsyncChecker (ThrottledAsyncChecker.java:schedule(141)) - Scheduling a check for /home/runner/work/ozone/ozone/hadoop-ozone/integration-test/target/test-dir/MiniOzoneClusterImpl-166db4ac-5aa3-4efc-b377-a8ff7cd8c20d/datanode-5/data-0/containers/hdds
2021-10-27 07:37:38,108 [Listener at 127.0.0.1/33029] INFO  volume.StorageVolumeChecker (StorageVolumeChecker.java:checkAllVolumes(202)) - Scheduled health check for volume /home/runner/work/ozone/ozone/hadoop-ozone/integration-test/target/test-dir/MiniOzoneClusterImpl-166db4ac-5aa3-4efc-b377-a8ff7cd8c20d/datanode-5/data-0/containers/hdds
2021-10-27 07:37:38,144 [Listener at 127.0.0.1/33029] INFO  volume.MutableVolumeSet (MutableVolumeSet.java:initializeVolumeSet(168)) - Added Volume : /home/runner/work/ozone/ozone/hadoop-ozone/integration-test/target/test-dir/MiniOzoneClusterImpl-166db4ac-5aa3-4efc-b377-a8ff7cd8c20d/datanode-5/data/ratis to VolumeSet
2021-10-27 07:37:38,146 [Listener at 127.0.0.1/33029] INFO  volume.ThrottledAsyncChecker (ThrottledAsyncChecker.java:schedule(141)) - Scheduling a check for /home/runner/work/ozone/ozone/hadoop-ozone/integration-test/target/test-dir/MiniOzoneClusterImpl-166db4ac-5aa3-4efc-b377-a8ff7cd8c20d/datanode-5/data/ratis
2021-10-27 07:37:38,155 [Listener at 127.0.0.1/33029] INFO  volume.StorageVolumeChecker (StorageVolumeChecker.java:checkAllVolumes(202)) - Scheduled health check for volume /home/runner/work/ozone/ozone/hadoop-ozone/integration-test/target/test-dir/MiniOzoneClusterImpl-166db4ac-5aa3-4efc-b377-a8ff7cd8c20d/datanode-5/data/ratis
2021-10-27 07:37:38,156 [ReplicationMonitor] INFO  container.ReplicationManager (ReplicationManager.java:processAll(371)) - Replication Monitor Thread took 7 milliseconds for processing 6 containers.
2021-10-27 07:37:38,197 [Thread-647] INFO  ozoneimpl.ContainerReader (ContainerReader.java:readVolume(172)) - Finish verifying containers on volume /home/runner/work/ozone/ozone/hadoop-ozone/integration-test/target/test-dir/MiniOzoneClusterImpl-166db4ac-5aa3-4efc-b377-a8ff7cd8c20d/datanode-5/data-0/containers/hdds
2021-10-27 07:37:38,197 [Listener at 127.0.0.1/33029] INFO  ozoneimpl.OzoneContainer (OzoneContainer.java:buildContainerSet(236)) - Build ContainerSet costs 0s
2021-10-27 07:37:38,206 [Listener at 127.0.0.1/33029] INFO  server.RaftServer (ConfUtils.java:logGet(44)) - raft.rpc.type = GRPC (default)
2021-10-27 07:37:38,207 [Listener at 127.0.0.1/33029] INFO  grpc.GrpcFactory (GrpcFactory.java:checkPooledByteBufAllocatorUseCacheForAllThreads(48)) - PERFORMANCE WARNING: useCacheForAllThreads is true that may cause Netty to create a lot garbage objects and, as a result, trigger GC.
	It is recommended to disable useCacheForAllThreads by setting -Dorg.apache.ratis.thirdparty.io.netty.allocator.useCacheForAllThreads=false in command line.
2021-10-27 07:37:38,207 [Listener at 127.0.0.1/33029] INFO  grpc.GrpcConfigKeys (ConfUtils.java:logGet(44)) - raft.grpc.admin.port = 0 (custom)
2021-10-27 07:37:38,207 [Listener at 127.0.0.1/33029] INFO  grpc.GrpcConfigKeys (ConfUtils.java:logGet(44)) - raft.grpc.client.port = 0 (custom)
2021-10-27 07:37:38,207 [Listener at 127.0.0.1/33029] INFO  grpc.GrpcConfigKeys (ConfUtils.java:logGet(44)) - raft.grpc.server.port = 0 (default)
2021-10-27 07:37:38,207 [Listener at 127.0.0.1/33029] INFO  server.GrpcService (ConfUtils.java:logGet(44)) - raft.grpc.message.size.max = 32MB (=33554432) (custom)
2021-10-27 07:37:38,207 [Listener at 127.0.0.1/33029] INFO  server.RaftServerConfigKeys (ConfUtils.java:logGet(44)) - raft.server.log.appender.buffer.byte-limit = 33554432 (custom)
2021-10-27 07:37:38,207 [Listener at 127.0.0.1/33029] INFO  server.GrpcService (ConfUtils.java:logGet(44)) - raft.grpc.flow.control.window = 5MB (=5242880) (custom)
2021-10-27 07:37:38,207 [Listener at 127.0.0.1/33029] INFO  server.RaftServerConfigKeys (ConfUtils.java:logGet(44)) - raft.server.rpc.request.timeout = 60s (custom)
2021-10-27 07:37:38,212 [Listener at 127.0.0.1/33029] INFO  impl.DataStreamServerImpl (ConfUtils.java:logGet(44)) - raft.datastream.type = DISABLED (default)
2021-10-27 07:37:38,213 [Listener at 127.0.0.1/33029] INFO  server.RaftServerConfigKeys (ConfUtils.java:logGet(44)) - raft.server.rpc.slowness.timeout = 300s (custom)
2021-10-27 07:37:38,213 [Listener at 127.0.0.1/33029] INFO  server.RaftServerConfigKeys (ConfUtils.java:logGet(44)) - raft.server.leaderelection.leader.step-down.wait-time = 10s (default)
2021-10-27 07:37:38,213 [Listener at 127.0.0.1/33029] INFO  server.RaftServerConfigKeys (ConfUtils.java:logGet(44)) - raft.server.storage.dir = [/home/runner/work/ozone/ozone/hadoop-ozone/integration-test/target/test-dir/MiniOzoneClusterImpl-166db4ac-5aa3-4efc-b377-a8ff7cd8c20d/datanode-5/data/ratis] (custom)
2021-10-27 07:37:38,229 [Listener at 127.0.0.1/33029] INFO  http.BaseHttpServer (BaseHttpServer.java:newHttpServer2BuilderForOzone(209)) - Starting Web-server for hddsDatanode at: http://0.0.0.0:0
2021-10-27 07:37:38,229 [Listener at 127.0.0.1/33029] INFO  http.BaseHttpServer (BaseHttpServer.java:<init>(107)) - Hadoop Security Enabled: false Ozone Security Enabled: false Ozone HTTP Security Enabled: false 
2021-10-27 07:37:38,232 [Listener at 127.0.0.1/33029] INFO  server.AuthenticationFilter (AuthenticationFilter.java:constructSecretProvider(240)) - Unable to initialize FileSignerSecretProvider, falling back to use random secrets.
2021-10-27 07:37:38,247 [Listener at 127.0.0.1/33029] WARN  http.HttpRequestLog (HttpRequestLog.java:getRequestLog(103)) - Jetty request log can only be enabled using Log4j
2021-10-27 07:37:38,248 [Listener at 127.0.0.1/33029] INFO  http.HttpServer2 (HttpServer2.java:addGlobalFilter(1030)) - Added global filter 'safety' (class=org.apache.hadoop.hdds.server.http.HttpServer2$QuotingInputFilter)
2021-10-27 07:37:38,249 [Listener at 127.0.0.1/33029] INFO  http.HttpServer2 (HttpServer2.java:addFilter(1006)) - Added filter static_user_filter (class=org.apache.hadoop.http.lib.StaticUserWebFilter$StaticUserFilter) to context hddsDatanode
2021-10-27 07:37:38,249 [Listener at 127.0.0.1/33029] INFO  http.HttpServer2 (HttpServer2.java:addFilter(1014)) - Added filter static_user_filter (class=org.apache.hadoop.http.lib.StaticUserWebFilter$StaticUserFilter) to context logs
2021-10-27 07:37:38,249 [Listener at 127.0.0.1/33029] INFO  http.HttpServer2 (HttpServer2.java:addFilter(1014)) - Added filter static_user_filter (class=org.apache.hadoop.http.lib.StaticUserWebFilter$StaticUserFilter) to context static
2021-10-27 07:37:38,257 [Listener at 127.0.0.1/33029] INFO  http.HttpServer2 (HttpServer2.java:bindListener(1249)) - Jetty bound to port 40573
2021-10-27 07:37:38,257 [Listener at 127.0.0.1/33029] INFO  server.Server (Server.java:doStart(375)) - jetty-9.4.43.v20210629; built: 2021-06-30T11:07:22.254Z; git: 526006ecfa3af7f1a27ef3a288e2bef7ea9dd7e8; jvm 1.8.0_292-b10
2021-10-27 07:37:38,271 [Listener at 127.0.0.1/33029] INFO  server.session (DefaultSessionIdManager.java:doStart(334)) - DefaultSessionIdManager workerName=node0
2021-10-27 07:37:38,271 [Listener at 127.0.0.1/33029] INFO  server.session (DefaultSessionIdManager.java:doStart(339)) - No SessionScavenger set, using defaults
2021-10-27 07:37:38,271 [Listener at 127.0.0.1/33029] INFO  server.session (HouseKeeper.java:startScavenging(132)) - node0 Scavenging every 600000ms
2021-10-27 07:37:38,275 [Listener at 127.0.0.1/33029] INFO  handler.ContextHandler (ContextHandler.java:doStart(915)) - Started o.e.j.s.ServletContextHandler@3b31d0e0{logs,/logs,file:///home/runner/work/ozone/ozone/hadoop-ozone/integration-test/target/log,AVAILABLE}
2021-10-27 07:37:38,275 [Listener at 127.0.0.1/33029] INFO  handler.ContextHandler (ContextHandler.java:doStart(915)) - Started o.e.j.s.ServletContextHandler@1026dc2c{static,/static,jar:file:/home/runner/.m2/repository/org/apache/ozone/hdds-container-service/1.2.0-SNAPSHOT/hdds-container-service-1.2.0-SNAPSHOT.jar!/webapps/static,AVAILABLE}
2021-10-27 07:37:38,349 [Listener at 127.0.0.1/33029] INFO  handler.ContextHandler (ContextHandler.java:doStart(915)) - Started o.e.j.w.WebAppContext@6cd7cb3a{hddsDatanode,/,file:///tmp/jetty-0_0_0_0-40573-hdds-container-service-1_2_0-SNAPSHOT_jar-_-any-2168618361537373782/webapp/,AVAILABLE}{jar:file:/home/runner/.m2/repository/org/apache/ozone/hdds-container-service/1.2.0-SNAPSHOT/hdds-container-service-1.2.0-SNAPSHOT.jar!/webapps/hddsDatanode}
2021-10-27 07:37:38,358 [Listener at 127.0.0.1/33029] INFO  server.AbstractConnector (AbstractConnector.java:doStart(331)) - Started ServerConnector@cac5d6c{HTTP/1.1, (http/1.1)}{0.0.0.0:40573}
2021-10-27 07:37:38,358 [Listener at 127.0.0.1/33029] INFO  server.Server (Server.java:doStart(415)) - Started @29925ms
2021-10-27 07:37:38,358 [Listener at 127.0.0.1/33029] WARN  impl.MetricsSystemImpl (MetricsSystemImpl.java:register(279)) - Sink prometheus already exists!
2021-10-27 07:37:38,359 [Listener at 127.0.0.1/33029] INFO  http.BaseHttpServer (BaseHttpServer.java:updateConnectorAddress(329)) - HTTP server of hddsDatanode listening at http://0.0.0.0:40573
2021-10-27 07:37:38,360 [Listener at 127.0.0.1/33029] INFO  ozone.MiniOzoneClusterImpl (MiniOzoneClusterImpl.java:lambda$waitForClusterToBeReady$0(235)) - Waiting for nodes to be ready. Got 0 of 6 DN Heartbeats.
2021-10-27 07:37:38,360 [Listener at 127.0.0.1/33029] INFO  ozone.MiniOzoneClusterImpl (MiniOzoneClusterImpl.java:lambda$waitForClusterToBeReady$0(238)) - Waiting for cluster to exit safe mode
2021-10-27 07:37:38,360 [Listener at 127.0.0.1/33029] INFO  ozone.MiniOzoneClusterImpl (MiniOzoneClusterImpl.java:lambda$waitForClusterToBeReady$0(240)) - SCM became leader
2021-10-27 07:37:38,361 [Datanode State Machine Daemon Thread] INFO  statemachine.DatanodeStateMachine (DatanodeStateMachine.java:lambda$startDaemon$0(467)) - Ozone container server started.
2021-10-27 07:37:38,390 [org.apache.hadoop.util.JvmPauseMonitor$Monitor@1b7c88d5] INFO  util.JvmPauseMonitor (JvmPauseMonitor.java:run(188)) - Starting JVM pause monitor
2021-10-27 07:37:38,392 [Datanode State Machine Task Thread - 0] INFO  datanode.InitDatanodeState (InitDatanodeState.java:persistContainerDatanodeDetails(145)) - DatanodeDetails is persisted to /home/runner/work/ozone/ozone/hadoop-ozone/integration-test/target/test-dir/MiniOzoneClusterImpl-166db4ac-5aa3-4efc-b377-a8ff7cd8c20d/datanode-5/meta/datanode.id
2021-10-27 07:37:38,415 [EndpointStateMachine task thread for /0.0.0.0:38229 - 0 ] INFO  ozoneimpl.OzoneContainer (OzoneContainer.java:start(304)) - Attempting to start container services.
2021-10-27 07:37:38,416 [EndpointStateMachine task thread for /0.0.0.0:38229 - 0 ] INFO  ozoneimpl.OzoneContainer (OzoneContainer.java:startContainerScrub(249)) - Background container scanner has been disabled.
2021-10-27 07:37:38,417 [EndpointStateMachine task thread for /0.0.0.0:38229 - 0 ] INFO  replication.ReplicationServer (ReplicationServer.java:start(107)) - ReplicationServer is started using port 36953
2021-10-27 07:37:38,418 [EndpointStateMachine task thread for /0.0.0.0:38229 - 0 ] INFO  ratis.XceiverServerRatis (XceiverServerRatis.java:start(484)) - Starting XceiverServerRatis a36e9b50-74dc-46e0-a7bf-054b64f601c6
2021-10-27 07:37:38,426 [EndpointStateMachine task thread for /0.0.0.0:38229 - 0 ] INFO  server.RaftServer (RaftServerProxy.java:lambda$start$5(374)) - a36e9b50-74dc-46e0-a7bf-054b64f601c6: start RPC server
2021-10-27 07:37:38,428 [EndpointStateMachine task thread for /0.0.0.0:38229 - 0 ] INFO  server.GrpcService (GrpcService.java:startImpl(253)) - a36e9b50-74dc-46e0-a7bf-054b64f601c6: GrpcService started, listening on 46805
2021-10-27 07:37:38,434 [EndpointStateMachine task thread for /0.0.0.0:38229 - 0 ] INFO  ratis.XceiverServerRatis (XceiverServerRatis.java:getRealPort(505)) - XceiverServerRatis a36e9b50-74dc-46e0-a7bf-054b64f601c6 is started using port 46805 for RATIS
2021-10-27 07:37:38,434 [EndpointStateMachine task thread for /0.0.0.0:38229 - 0 ] INFO  ratis.XceiverServerRatis (XceiverServerRatis.java:getRealPort(505)) - XceiverServerRatis a36e9b50-74dc-46e0-a7bf-054b64f601c6 is started using port 46805 for RATIS_ADMIN
2021-10-27 07:37:38,434 [EndpointStateMachine task thread for /0.0.0.0:38229 - 0 ] INFO  ratis.XceiverServerRatis (XceiverServerRatis.java:getRealPort(505)) - XceiverServerRatis a36e9b50-74dc-46e0-a7bf-054b64f601c6 is started using port 46805 for RATIS_SERVER
2021-10-27 07:37:38,434 [org.apache.ratis.util.JvmPauseMonitor$$Lambda$534/681568834@57c4a95b] INFO  util.JvmPauseMonitor (JvmPauseMonitor.java:run(103)) - JvmPauseMonitor-a36e9b50-74dc-46e0-a7bf-054b64f601c6: Started
2021-10-27 07:37:38,435 [EndpointStateMachine task thread for /0.0.0.0:38229 - 0 ] INFO  server.XceiverServerGrpc (XceiverServerGrpc.java:start(135)) - XceiverServerGrpc a36e9b50-74dc-46e0-a7bf-054b64f601c6 is started using port 35051
2021-10-27 07:37:38,489 [ReplicationMonitor] INFO  container.ReplicationManager (ReplicationManager.java:processAll(371)) - Replication Monitor Thread took 0 milliseconds for processing 0 containers.
2021-10-27 07:37:38,857 [EndpointStateMachine task thread for /0.0.0.0:38229 - 0 ] INFO  ozoneimpl.OzoneContainer (OzoneContainer.java:start(304)) - Attempting to start container services.
2021-10-27 07:37:38,857 [EndpointStateMachine task thread for /0.0.0.0:38229 - 0 ] INFO  ozoneimpl.OzoneContainer (OzoneContainer.java:startContainerScrub(249)) - Background container scanner has been disabled.
2021-10-27 07:37:38,859 [EndpointStateMachine task thread for /0.0.0.0:38229 - 0 ] INFO  replication.ReplicationServer (ReplicationServer.java:start(107)) - ReplicationServer is started using port 39821
2021-10-27 07:37:38,863 [EndpointStateMachine task thread for /0.0.0.0:38229 - 0 ] INFO  ratis.XceiverServerRatis (XceiverServerRatis.java:start(484)) - Starting XceiverServerRatis bc7ccc77-9673-4f45-9632-8b6af895e31c
2021-10-27 07:37:38,869 [EndpointStateMachine task thread for /0.0.0.0:38229 - 0 ] INFO  server.RaftServer (RaftServerProxy.java:lambda$start$5(374)) - bc7ccc77-9673-4f45-9632-8b6af895e31c: start RPC server
2021-10-27 07:37:38,870 [EndpointStateMachine task thread for /0.0.0.0:38229 - 0 ] INFO  server.GrpcService (GrpcService.java:startImpl(253)) - bc7ccc77-9673-4f45-9632-8b6af895e31c: GrpcService started, listening on 44307
2021-10-27 07:37:38,873 [EndpointStateMachine task thread for /0.0.0.0:38229 - 0 ] INFO  ratis.XceiverServerRatis (XceiverServerRatis.java:getRealPort(505)) - XceiverServerRatis bc7ccc77-9673-4f45-9632-8b6af895e31c is started using port 44307 for RATIS
2021-10-27 07:37:38,873 [EndpointStateMachine task thread for /0.0.0.0:38229 - 0 ] INFO  ratis.XceiverServerRatis (XceiverServerRatis.java:getRealPort(505)) - XceiverServerRatis bc7ccc77-9673-4f45-9632-8b6af895e31c is started using port 44307 for RATIS_ADMIN
2021-10-27 07:37:38,873 [EndpointStateMachine task thread for /0.0.0.0:38229 - 0 ] INFO  ratis.XceiverServerRatis (XceiverServerRatis.java:getRealPort(505)) - XceiverServerRatis bc7ccc77-9673-4f45-9632-8b6af895e31c is started using port 44307 for RATIS_SERVER
2021-10-27 07:37:38,875 [EndpointStateMachine task thread for /0.0.0.0:38229 - 0 ] INFO  server.XceiverServerGrpc (XceiverServerGrpc.java:start(135)) - XceiverServerGrpc bc7ccc77-9673-4f45-9632-8b6af895e31c is started using port 41691
2021-10-27 07:37:38,882 [org.apache.ratis.util.JvmPauseMonitor$$Lambda$534/681568834@6461c01] INFO  util.JvmPauseMonitor (JvmPauseMonitor.java:run(103)) - JvmPauseMonitor-bc7ccc77-9673-4f45-9632-8b6af895e31c: Started
2021-10-27 07:37:38,995 [IPC Server handler 0 on default port 46053] INFO  node.NodeDecommissionManager (NodeDecommissionManager.java:startDecommission(272)) - Starting Decommission for node 8a5d7503-46af-43fb-b7e0-e0dcb22c5f77{ip: 10.1.0.27, host: fv-az270-913.tacnzluakwdehk1hpragurqkma.bx.internal.cloudapp.net, ports: [REPLICATION=39633, RATIS=45441, RATIS_ADMIN=45441, RATIS_SERVER=45441, STANDALONE=45417], networkLocation: /default-rack, certSerialId: null, persistedOpState: IN_SERVICE, persistedOpStateExpiryEpochSec: 0}
2021-10-27 07:37:38,998 [EventQueue-HealthyReadonlyToHealthyNodeForReadOnlyHealthyToHealthyNodeHandler] INFO  node.ReadOnlyHealthyToHealthyNodeHandler (ReadOnlyHealthyToHealthyNodeHandler.java:onMessage(51)) - Datanode 8a5d7503-46af-43fb-b7e0-e0dcb22c5f77{ip: 10.1.0.27, host: fv-az270-913.tacnzluakwdehk1hpragurqkma.bx.internal.cloudapp.net, ports: [REPLICATION=39633, RATIS=45441, RATIS_ADMIN=45441, RATIS_SERVER=45441, STANDALONE=45417], networkLocation: /default-rack, certSerialId: null, persistedOpState: IN_SERVICE, persistedOpStateExpiryEpochSec: 0} moved to HEALTHY state.
2021-10-27 07:37:38,998 [EventQueue-HealthyReadonlyToHealthyNodeForReadOnlyHealthyToHealthyNodeHandler] INFO  pipeline.BackgroundPipelineCreator (BackgroundPipelineCreator.java:notifyEventTriggered(285)) - trigger a one-shot run on RatisPipelineUtilsThread.
2021-10-27 07:37:39,075 [DatanodeAdminManager-0] INFO  node.DatanodeAdminMonitorImpl (DatanodeAdminMonitorImpl.java:checkPipelinesClosedOnNode(268)) - Waiting for pipelines to close for 8a5d7503-46af-43fb-b7e0-e0dcb22c5f77{ip: 10.1.0.27, host: fv-az270-913.tacnzluakwdehk1hpragurqkma.bx.internal.cloudapp.net, ports: [REPLICATION=39633, RATIS=45441, RATIS_ADMIN=45441, RATIS_SERVER=45441, STANDALONE=45417], networkLocation: /default-rack, certSerialId: null, persistedOpState: IN_SERVICE, persistedOpStateExpiryEpochSec: 0}. There are 2 pipelines
2021-10-27 07:37:39,080 [DatanodeAdminManager-0] INFO  node.DatanodeAdminMonitorImpl (DatanodeAdminMonitorImpl.java:run(137)) - There are 1 nodes tracked for decommission and maintenance. 0 pending nodes.
2021-10-27 07:37:39,079 [EventQueue-StartAdminOnNodeForStartDatanodeAdminHandler] INFO  node.StartDatanodeAdminHandler (StartDatanodeAdminHandler.java:onMessage(56)) - Admin start on datanode 8a5d7503-46af-43fb-b7e0-e0dcb22c5f77{ip: 10.1.0.27, host: fv-az270-913.tacnzluakwdehk1hpragurqkma.bx.internal.cloudapp.net, ports: [REPLICATION=39633, RATIS=45441, RATIS_ADMIN=45441, RATIS_SERVER=45441, STANDALONE=45417], networkLocation: /default-rack, certSerialId: null, persistedOpState: IN_SERVICE, persistedOpStateExpiryEpochSec: 0}. Finalizing its pipelines [PipelineID=153bc4eb-4418-4ece-b12f-7fa60ff8b7e1, PipelineID=76627f35-37b0-4e78-8a2a-b3ca12ef4b7c]
2021-10-27 07:37:39,082 [EventQueue-StartAdminOnNodeForStartDatanodeAdminHandler] INFO  pipeline.PipelineManagerImpl (PipelineManagerImpl.java:closePipeline(349)) - Pipeline Pipeline[ Id: 153bc4eb-4418-4ece-b12f-7fa60ff8b7e1, Nodes: 8a5d7503-46af-43fb-b7e0-e0dcb22c5f77{ip: 10.1.0.27, host: fv-az270-913.tacnzluakwdehk1hpragurqkma.bx.internal.cloudapp.net, ports: [REPLICATION=39633, RATIS=45441, RATIS_ADMIN=45441, RATIS_SERVER=45441, STANDALONE=45417], networkLocation: /default-rack, certSerialId: null, persistedOpState: IN_SERVICE, persistedOpStateExpiryEpochSec: 0}, ReplicationConfig: RATIS/ONE, State:OPEN, leaderId:8a5d7503-46af-43fb-b7e0-e0dcb22c5f77, CreationTimestamp2021-10-27T07:37:21.787Z[Etc/UTC]] moved to CLOSED state
2021-10-27 07:37:39,083 [EventQueue-StartAdminOnNodeForStartDatanodeAdminHandler] INFO  pipeline.RatisPipelineProvider (RatisPipelineProvider.java:lambda$close$1(222)) - Send pipeline:PipelineID=153bc4eb-4418-4ece-b12f-7fa60ff8b7e1 close command to datanode 8a5d7503-46af-43fb-b7e0-e0dcb22c5f77
2021-10-27 07:37:39,084 [EventQueue-StartAdminOnNodeForStartDatanodeAdminHandler] INFO  pipeline.PipelineStateManagerImpl (PipelineStateManagerImpl.java:removePipeline(223)) - Pipeline Pipeline[ Id: 153bc4eb-4418-4ece-b12f-7fa60ff8b7e1, Nodes: 8a5d7503-46af-43fb-b7e0-e0dcb22c5f77{ip: 10.1.0.27, host: fv-az270-913.tacnzluakwdehk1hpragurqkma.bx.internal.cloudapp.net, ports: [REPLICATION=39633, RATIS=45441, RATIS_ADMIN=45441, RATIS_SERVER=45441, STANDALONE=45417], networkLocation: /default-rack, certSerialId: null, persistedOpState: IN_SERVICE, persistedOpStateExpiryEpochSec: 0}, ReplicationConfig: RATIS/ONE, State:CLOSED, leaderId:8a5d7503-46af-43fb-b7e0-e0dcb22c5f77, CreationTimestamp2021-10-27T07:37:21.787Z[Etc/UTC]] removed.
2021-10-27 07:37:39,084 [EventQueue-StartAdminOnNodeForStartDatanodeAdminHandler] INFO  pipeline.PipelineManagerImpl (PipelineManagerImpl.java:closePipeline(349)) - Pipeline Pipeline[ Id: 76627f35-37b0-4e78-8a2a-b3ca12ef4b7c, Nodes: 29e37468-b3e4-401f-97cc-6f4d8466f30b{ip: 10.1.0.27, host: fv-az270-913.tacnzluakwdehk1hpragurqkma.bx.internal.cloudapp.net, ports: [REPLICATION=40637, RATIS=44085, RATIS_ADMIN=44085, RATIS_SERVER=44085, STANDALONE=32881], networkLocation: /default-rack, certSerialId: null, persistedOpState: IN_SERVICE, persistedOpStateExpiryEpochSec: 0}8a5d7503-46af-43fb-b7e0-e0dcb22c5f77{ip: 10.1.0.27, host: fv-az270-913.tacnzluakwdehk1hpragurqkma.bx.internal.cloudapp.net, ports: [REPLICATION=39633, RATIS=45441, RATIS_ADMIN=45441, RATIS_SERVER=45441, STANDALONE=45417], networkLocation: /default-rack, certSerialId: null, persistedOpState: IN_SERVICE, persistedOpStateExpiryEpochSec: 0}782939c9-076d-4829-92e4-0049f0e10c2b{ip: 10.1.0.27, host: fv-az270-913.tacnzluakwdehk1hpragurqkma.bx.internal.cloudapp.net, ports: [REPLICATION=42433, RATIS=40741, RATIS_ADMIN=40741, RATIS_SERVER=40741, STANDALONE=39529], networkLocation: /default-rack, certSerialId: null, persistedOpState: IN_SERVICE, persistedOpStateExpiryEpochSec: 0}, ReplicationConfig: RATIS/THREE, State:OPEN, leaderId:782939c9-076d-4829-92e4-0049f0e10c2b, CreationTimestamp2021-10-27T07:37:22.197Z[Etc/UTC]] moved to CLOSED state
2021-10-27 07:37:39,084 [EventQueue-StartAdminOnNodeForStartDatanodeAdminHandler] INFO  pipeline.RatisPipelineProvider (RatisPipelineProvider.java:lambda$close$1(222)) - Send pipeline:PipelineID=76627f35-37b0-4e78-8a2a-b3ca12ef4b7c close command to datanode 29e37468-b3e4-401f-97cc-6f4d8466f30b
2021-10-27 07:37:39,084 [EventQueue-StartAdminOnNodeForStartDatanodeAdminHandler] INFO  pipeline.RatisPipelineProvider (RatisPipelineProvider.java:lambda$close$1(222)) - Send pipeline:PipelineID=76627f35-37b0-4e78-8a2a-b3ca12ef4b7c close command to datanode 8a5d7503-46af-43fb-b7e0-e0dcb22c5f77
2021-10-27 07:37:39,084 [EventQueue-StartAdminOnNodeForStartDatanodeAdminHandler] INFO  pipeline.RatisPipelineProvider (RatisPipelineProvider.java:lambda$close$1(222)) - Send pipeline:PipelineID=76627f35-37b0-4e78-8a2a-b3ca12ef4b7c close command to datanode 782939c9-076d-4829-92e4-0049f0e10c2b
2021-10-27 07:37:39,085 [EventQueue-StartAdminOnNodeForStartDatanodeAdminHandler] INFO  pipeline.PipelineStateManagerImpl (PipelineStateManagerImpl.java:removePipeline(223)) - Pipeline Pipeline[ Id: 76627f35-37b0-4e78-8a2a-b3ca12ef4b7c, Nodes: 29e37468-b3e4-401f-97cc-6f4d8466f30b{ip: 10.1.0.27, host: fv-az270-913.tacnzluakwdehk1hpragurqkma.bx.internal.cloudapp.net, ports: [REPLICATION=40637, RATIS=44085, RATIS_ADMIN=44085, RATIS_SERVER=44085, STANDALONE=32881], networkLocation: /default-rack, certSerialId: null, persistedOpState: IN_SERVICE, persistedOpStateExpiryEpochSec: 0}8a5d7503-46af-43fb-b7e0-e0dcb22c5f77{ip: 10.1.0.27, host: fv-az270-913.tacnzluakwdehk1hpragurqkma.bx.internal.cloudapp.net, ports: [REPLICATION=39633, RATIS=45441, RATIS_ADMIN=45441, RATIS_SERVER=45441, STANDALONE=45417], networkLocation: /default-rack, certSerialId: null, persistedOpState: IN_SERVICE, persistedOpStateExpiryEpochSec: 0}782939c9-076d-4829-92e4-0049f0e10c2b{ip: 10.1.0.27, host: fv-az270-913.tacnzluakwdehk1hpragurqkma.bx.internal.cloudapp.net, ports: [REPLICATION=42433, RATIS=40741, RATIS_ADMIN=40741, RATIS_SERVER=40741, STANDALONE=39529], networkLocation: /default-rack, certSerialId: null, persistedOpState: IN_SERVICE, persistedOpStateExpiryEpochSec: 0}, ReplicationConfig: RATIS/THREE, State:CLOSED, leaderId:782939c9-076d-4829-92e4-0049f0e10c2b, CreationTimestamp2021-10-27T07:37:22.197Z[Etc/UTC]] removed.
2021-10-27 07:37:39,085 [EventQueue-CloseContainerForCloseContainerEventHandler] INFO  container.CloseContainerEventHandler (CloseContainerEventHandler.java:onMessage(69)) - Close container Event triggered for container : #1
2021-10-27 07:37:39,088 [EventQueue-CloseContainerForCloseContainerEventHandler] INFO  pipeline.PipelineStateManagerImpl (PipelineStateManagerImpl.java:removeContainerFromPipeline(249)) - Pipeline PipelineID=76627f35-37b0-4e78-8a2a-b3ca12ef4b7c is not found in the pipeline2ContainerMap. Pipeline may have been closed already.
2021-10-27 07:37:39,090 [EventQueue-CloseContainerForCloseContainerEventHandler] INFO  container.CloseContainerEventHandler (CloseContainerEventHandler.java:onMessage(69)) - Close container Event triggered for container : #5
2021-10-27 07:37:39,090 [EventQueue-CloseContainerForCloseContainerEventHandler] INFO  pipeline.PipelineStateManagerImpl (PipelineStateManagerImpl.java:removeContainerFromPipeline(249)) - Pipeline PipelineID=76627f35-37b0-4e78-8a2a-b3ca12ef4b7c is not found in the pipeline2ContainerMap. Pipeline may have been closed already.
2021-10-27 07:37:39,090 [EventQueue-CloseContainerForCloseContainerEventHandler] INFO  container.CloseContainerEventHandler (CloseContainerEventHandler.java:onMessage(69)) - Close container Event triggered for container : #6
2021-10-27 07:37:39,091 [EventQueue-CloseContainerForCloseContainerEventHandler] INFO  pipeline.PipelineStateManagerImpl (PipelineStateManagerImpl.java:removeContainerFromPipeline(249)) - Pipeline PipelineID=76627f35-37b0-4e78-8a2a-b3ca12ef4b7c is not found in the pipeline2ContainerMap. Pipeline may have been closed already.
2021-10-27 07:37:39,157 [ReplicationMonitor] INFO  container.ReplicationManager (ReplicationManager.java:sendCloseCommand(1482)) - Sending close container command for container #1 to datanode 8a5d7503-46af-43fb-b7e0-e0dcb22c5f77{ip: 10.1.0.27, host: fv-az270-913.tacnzluakwdehk1hpragurqkma.bx.internal.cloudapp.net, ports: [REPLICATION=39633, RATIS=45441, RATIS_ADMIN=45441, RATIS_SERVER=45441, STANDALONE=45417], networkLocation: /default-rack, certSerialId: null, persistedOpState: IN_SERVICE, persistedOpStateExpiryEpochSec: 0}.
2021-10-27 07:37:39,160 [ReplicationMonitor] INFO  container.ReplicationManager (ReplicationManager.java:sendCloseCommand(1482)) - Sending close container command for container #1 to datanode 29e37468-b3e4-401f-97cc-6f4d8466f30b{ip: 10.1.0.27, host: fv-az270-913.tacnzluakwdehk1hpragurqkma.bx.internal.cloudapp.net, ports: [REPLICATION=40637, RATIS=44085, RATIS_ADMIN=44085, RATIS_SERVER=44085, STANDALONE=32881], networkLocation: /default-rack, certSerialId: null, persistedOpState: IN_SERVICE, persistedOpStateExpiryEpochSec: 0}.
2021-10-27 07:37:39,160 [ReplicationMonitor] INFO  container.ReplicationManager (ReplicationManager.java:sendCloseCommand(1482)) - Sending close container command for container #1 to datanode 782939c9-076d-4829-92e4-0049f0e10c2b{ip: 10.1.0.27, host: fv-az270-913.tacnzluakwdehk1hpragurqkma.bx.internal.cloudapp.net, ports: [REPLICATION=42433, RATIS=40741, RATIS_ADMIN=40741, RATIS_SERVER=40741, STANDALONE=39529], networkLocation: /default-rack, certSerialId: null, persistedOpState: IN_SERVICE, persistedOpStateExpiryEpochSec: 0}.
2021-10-27 07:37:39,160 [ReplicationMonitor] INFO  container.ReplicationManager (ReplicationManager.java:sendCloseCommand(1482)) - Sending close container command for container #5 to datanode 782939c9-076d-4829-92e4-0049f0e10c2b{ip: 10.1.0.27, host: fv-az270-913.tacnzluakwdehk1hpragurqkma.bx.internal.cloudapp.net, ports: [REPLICATION=42433, RATIS=40741, RATIS_ADMIN=40741, RATIS_SERVER=40741, STANDALONE=39529], networkLocation: /default-rack, certSerialId: null, persistedOpState: IN_SERVICE, persistedOpStateExpiryEpochSec: 0}.
2021-10-27 07:37:39,160 [ReplicationMonitor] INFO  container.ReplicationManager (ReplicationManager.java:sendCloseCommand(1482)) - Sending close container command for container #5 to datanode 8a5d7503-46af-43fb-b7e0-e0dcb22c5f77{ip: 10.1.0.27, host: fv-az270-913.tacnzluakwdehk1hpragurqkma.bx.internal.cloudapp.net, ports: [REPLICATION=39633, RATIS=45441, RATIS_ADMIN=45441, RATIS_SERVER=45441, STANDALONE=45417], networkLocation: /default-rack, certSerialId: null, persistedOpState: IN_SERVICE, persistedOpStateExpiryEpochSec: 0}.
2021-10-27 07:37:39,160 [ReplicationMonitor] INFO  container.ReplicationManager (ReplicationManager.java:sendCloseCommand(1482)) - Sending close container command for container #5 to datanode 29e37468-b3e4-401f-97cc-6f4d8466f30b{ip: 10.1.0.27, host: fv-az270-913.tacnzluakwdehk1hpragurqkma.bx.internal.cloudapp.net, ports: [REPLICATION=40637, RATIS=44085, RATIS_ADMIN=44085, RATIS_SERVER=44085, STANDALONE=32881], networkLocation: /default-rack, certSerialId: null, persistedOpState: IN_SERVICE, persistedOpStateExpiryEpochSec: 0}.
2021-10-27 07:37:39,160 [ReplicationMonitor] INFO  container.ReplicationManager (ReplicationManager.java:sendCloseCommand(1482)) - Sending close container command for container #6 to datanode 8a5d7503-46af-43fb-b7e0-e0dcb22c5f77{ip: 10.1.0.27, host: fv-az270-913.tacnzluakwdehk1hpragurqkma.bx.internal.cloudapp.net, ports: [REPLICATION=39633, RATIS=45441, RATIS_ADMIN=45441, RATIS_SERVER=45441, STANDALONE=45417], networkLocation: /default-rack, certSerialId: null, persistedOpState: IN_SERVICE, persistedOpStateExpiryEpochSec: 0}.
2021-10-27 07:37:39,161 [ReplicationMonitor] INFO  container.ReplicationManager (ReplicationManager.java:sendCloseCommand(1482)) - Sending close container command for container #6 to datanode 29e37468-b3e4-401f-97cc-6f4d8466f30b{ip: 10.1.0.27, host: fv-az270-913.tacnzluakwdehk1hpragurqkma.bx.internal.cloudapp.net, ports: [REPLICATION=40637, RATIS=44085, RATIS_ADMIN=44085, RATIS_SERVER=44085, STANDALONE=32881], networkLocation: /default-rack, certSerialId: null, persistedOpState: IN_SERVICE, persistedOpStateExpiryEpochSec: 0}.
2021-10-27 07:37:39,161 [ReplicationMonitor] INFO  container.ReplicationManager (ReplicationManager.java:sendCloseCommand(1482)) - Sending close container command for container #6 to datanode 782939c9-076d-4829-92e4-0049f0e10c2b{ip: 10.1.0.27, host: fv-az270-913.tacnzluakwdehk1hpragurqkma.bx.internal.cloudapp.net, ports: [REPLICATION=42433, RATIS=40741, RATIS_ADMIN=40741, RATIS_SERVER=40741, STANDALONE=39529], networkLocation: /default-rack, certSerialId: null, persistedOpState: IN_SERVICE, persistedOpStateExpiryEpochSec: 0}.
2021-10-27 07:37:39,161 [ReplicationMonitor] INFO  container.ReplicationManager (ReplicationManager.java:processAll(371)) - Replication Monitor Thread took 4 milliseconds for processing 6 containers.
2021-10-27 07:37:39,343 [EndpointStateMachine task thread for /0.0.0.0:38229 - 0 ] INFO  ozoneimpl.OzoneContainer (OzoneContainer.java:start(304)) - Attempting to start container services.
2021-10-27 07:37:39,346 [EndpointStateMachine task thread for /0.0.0.0:38229 - 0 ] INFO  ozoneimpl.OzoneContainer (OzoneContainer.java:startContainerScrub(249)) - Background container scanner has been disabled.
2021-10-27 07:37:39,347 [EndpointStateMachine task thread for /0.0.0.0:38229 - 0 ] INFO  replication.ReplicationServer (ReplicationServer.java:start(107)) - ReplicationServer is started using port 38055
2021-10-27 07:37:39,348 [EndpointStateMachine task thread for /0.0.0.0:38229 - 0 ] INFO  ratis.XceiverServerRatis (XceiverServerRatis.java:start(484)) - Starting XceiverServerRatis 06710a81-f387-4505-8c81-c7e250b9aeec
2021-10-27 07:37:39,350 [EndpointStateMachine task thread for /0.0.0.0:38229 - 0 ] INFO  server.RaftServer (RaftServerProxy.java:lambda$start$5(374)) - 06710a81-f387-4505-8c81-c7e250b9aeec: start RPC server
2021-10-27 07:37:39,350 [EndpointStateMachine task thread for /0.0.0.0:38229 - 0 ] INFO  server.GrpcService (GrpcService.java:startImpl(253)) - 06710a81-f387-4505-8c81-c7e250b9aeec: GrpcService started, listening on 36323
2021-10-27 07:37:39,351 [EndpointStateMachine task thread for /0.0.0.0:38229 - 0 ] INFO  ratis.XceiverServerRatis (XceiverServerRatis.java:getRealPort(505)) - XceiverServerRatis 06710a81-f387-4505-8c81-c7e250b9aeec is started using port 36323 for RATIS
2021-10-27 07:37:39,351 [EndpointStateMachine task thread for /0.0.0.0:38229 - 0 ] INFO  ratis.XceiverServerRatis (XceiverServerRatis.java:getRealPort(505)) - XceiverServerRatis 06710a81-f387-4505-8c81-c7e250b9aeec is started using port 36323 for RATIS_ADMIN
2021-10-27 07:37:39,351 [EndpointStateMachine task thread for /0.0.0.0:38229 - 0 ] INFO  ratis.XceiverServerRatis (XceiverServerRatis.java:getRealPort(505)) - XceiverServerRatis 06710a81-f387-4505-8c81-c7e250b9aeec is started using port 36323 for RATIS_SERVER
2021-10-27 07:37:39,351 [org.apache.ratis.util.JvmPauseMonitor$$Lambda$534/681568834@2eaf2799] INFO  util.JvmPauseMonitor (JvmPauseMonitor.java:run(103)) - JvmPauseMonitor-06710a81-f387-4505-8c81-c7e250b9aeec: Started
2021-10-27 07:37:39,351 [EndpointStateMachine task thread for /0.0.0.0:38229 - 0 ] INFO  server.XceiverServerGrpc (XceiverServerGrpc.java:start(135)) - XceiverServerGrpc 06710a81-f387-4505-8c81-c7e250b9aeec is started using port 32837
2021-10-27 07:37:39,360 [Listener at 127.0.0.1/33029] INFO  ozone.MiniOzoneClusterImpl (MiniOzoneClusterImpl.java:lambda$waitForClusterToBeReady$0(235)) - Waiting for nodes to be ready. Got 0 of 6 DN Heartbeats.
2021-10-27 07:37:39,360 [Listener at 127.0.0.1/33029] INFO  ozone.MiniOzoneClusterImpl (MiniOzoneClusterImpl.java:lambda$waitForClusterToBeReady$0(238)) - Waiting for cluster to exit safe mode
2021-10-27 07:37:39,360 [Listener at 127.0.0.1/33029] INFO  ozone.MiniOzoneClusterImpl (MiniOzoneClusterImpl.java:lambda$waitForClusterToBeReady$0(240)) - SCM became leader
2021-10-27 07:37:39,489 [ReplicationMonitor] INFO  container.ReplicationManager (ReplicationManager.java:processAll(371)) - Replication Monitor Thread took 0 milliseconds for processing 0 containers.
2021-10-27 07:37:39,871 [IPC Server handler 3 on default port 38229] INFO  net.NetworkTopologyImpl (NetworkTopologyImpl.java:add(112)) - Added a new node: /default-rack/592255e9-c910-4f69-a1df-e23dedd9b9e0
2021-10-27 07:37:39,872 [IPC Server handler 3 on default port 38229] INFO  node.SCMNodeManager (SCMNodeManager.java:register(389)) - Registered Data node : 592255e9-c910-4f69-a1df-e23dedd9b9e0{ip: 10.1.0.27, host: fv-az270-913.tacnzluakwdehk1hpragurqkma.bx.internal.cloudapp.net, ports: [REPLICATION=34585, RATIS=40627, RATIS_ADMIN=40627, RATIS_SERVER=40627, STANDALONE=39619], networkLocation: /default-rack, certSerialId: null, persistedOpState: null, persistedOpStateExpiryEpochSec: 0}
2021-10-27 07:37:39,877 [EventQueue-NewNodeForNewNodeHandler] INFO  pipeline.BackgroundPipelineCreator (BackgroundPipelineCreator.java:notifyEventTriggered(285)) - trigger a one-shot run on RatisPipelineUtilsThread.
2021-10-27 07:37:39,877 [RatisPipelineUtilsThread - 0] INFO  pipeline.RatisPipelineProvider (RatisPipelineProvider.java:lambda$create$0(183)) - Sending CreatePipelineCommand for pipeline:PipelineID=78b41ecb-e853-46bc-9f8b-58c8cc80e3de to datanode:592255e9-c910-4f69-a1df-e23dedd9b9e0
2021-10-27 07:37:39,878 [EventQueue-NodeRegistrationContainerReportForContainerSafeModeRule] INFO  safemode.SCMSafeModeManager (SCMSafeModeManager.java:validateSafeModeExitRules(204)) - ContainerSafeModeRule rule is successfully validated
2021-10-27 07:37:39,879 [EventQueue-NodeRegistrationContainerReportForDataNodeSafeModeRule] INFO  safemode.SCMSafeModeManager (DataNodeSafeModeRule.java:process(71)) - SCM in safe mode. 1 DataNodes registered, 3 required.
2021-10-27 07:37:39,882 [RatisPipelineUtilsThread - 0] INFO  pipeline.PipelineStateManagerImpl (PipelineStateManagerImpl.java:addPipeline(101)) - Created pipeline Pipeline[ Id: 78b41ecb-e853-46bc-9f8b-58c8cc80e3de, Nodes: 592255e9-c910-4f69-a1df-e23dedd9b9e0{ip: 10.1.0.27, host: fv-az270-913.tacnzluakwdehk1hpragurqkma.bx.internal.cloudapp.net, ports: [REPLICATION=34585, RATIS=40627, RATIS_ADMIN=40627, RATIS_SERVER=40627, STANDALONE=39619], networkLocation: /default-rack, certSerialId: null, persistedOpState: IN_SERVICE, persistedOpStateExpiryEpochSec: 0}, ReplicationConfig: RATIS/ONE, State:ALLOCATED, leaderId:, CreationTimestamp2021-10-27T07:37:39.877Z[Etc/UTC]].
2021-10-27 07:37:39,885 [EventQueue-PipelineReportForOneReplicaPipelineSafeModeRule] INFO  safemode.SCMSafeModeManager (SCMSafeModeManager.java:validateSafeModeExitRules(204)) - AtleastOneDatanodeReportedRule rule is successfully validated
2021-10-27 07:37:39,901 [EventQueue-PipelineReportForPipelineReportHandler] INFO  pipeline.PipelineReportHandler (PipelineReportHandler.java:processPipelineReport(113)) - Reported pipeline PipelineID=76627f35-37b0-4e78-8a2a-b3ca12ef4b7c is not found
2021-10-27 07:37:39,912 [IPC Server handler 18 on default port 41429] INFO  node.SCMNodeManager (SCMNodeManager.java:updateDatanodeOpState(483)) - Scheduling a command to update the operationalState persisted on 8a5d7503-46af-43fb-b7e0-e0dcb22c5f77{ip: 10.1.0.27, host: fv-az270-913.tacnzluakwdehk1hpragurqkma.bx.internal.cloudapp.net, ports: [REPLICATION=39633, RATIS=45441, RATIS_ADMIN=45441, RATIS_SERVER=45441, STANDALONE=45417], networkLocation: /default-rack, certSerialId: null, persistedOpState: null, persistedOpStateExpiryEpochSec: 0} as the reported value does not match the value stored in SCM (DECOMMISSIONING, 0)
2021-10-27 07:37:39,914 [EventQueue-PipelineReportForPipelineReportHandler] INFO  pipeline.PipelineReportHandler (PipelineReportHandler.java:processPipelineReport(113)) - Reported pipeline PipelineID=153bc4eb-4418-4ece-b12f-7fa60ff8b7e1 is not found
2021-10-27 07:37:39,914 [EventQueue-PipelineReportForPipelineReportHandler] INFO  pipeline.PipelineReportHandler (PipelineReportHandler.java:processPipelineReport(113)) - Reported pipeline PipelineID=76627f35-37b0-4e78-8a2a-b3ca12ef4b7c is not found
2021-10-27 07:37:39,957 [EndpointStateMachine task thread for /0.0.0.0:38229 - 0 ] INFO  ozoneimpl.OzoneContainer (OzoneContainer.java:start(304)) - Attempting to start container services.
2021-10-27 07:37:39,960 [EndpointStateMachine task thread for /0.0.0.0:38229 - 0 ] INFO  ozoneimpl.OzoneContainer (OzoneContainer.java:startContainerScrub(249)) - Background container scanner has been disabled.
2021-10-27 07:37:39,961 [EndpointStateMachine task thread for /0.0.0.0:38229 - 0 ] INFO  replication.ReplicationServer (ReplicationServer.java:start(107)) - ReplicationServer is started using port 36889
2021-10-27 07:37:39,962 [EndpointStateMachine task thread for /0.0.0.0:38229 - 0 ] INFO  ratis.XceiverServerRatis (XceiverServerRatis.java:start(484)) - Starting XceiverServerRatis 8a94fc5b-68bf-440e-a2d4-79bd2954cd34
2021-10-27 07:37:39,969 [EndpointStateMachine task thread for /0.0.0.0:38229 - 0 ] INFO  server.RaftServer (RaftServerProxy.java:lambda$start$5(374)) - 8a94fc5b-68bf-440e-a2d4-79bd2954cd34: start RPC server
2021-10-27 07:37:39,970 [EndpointStateMachine task thread for /0.0.0.0:38229 - 0 ] INFO  server.GrpcService (GrpcService.java:startImpl(253)) - 8a94fc5b-68bf-440e-a2d4-79bd2954cd34: GrpcService started, listening on 38139
2021-10-27 07:37:39,970 [EndpointStateMachine task thread for /0.0.0.0:38229 - 0 ] INFO  ratis.XceiverServerRatis (XceiverServerRatis.java:getRealPort(505)) - XceiverServerRatis 8a94fc5b-68bf-440e-a2d4-79bd2954cd34 is started using port 38139 for RATIS
2021-10-27 07:37:39,970 [EndpointStateMachine task thread for /0.0.0.0:38229 - 0 ] INFO  ratis.XceiverServerRatis (XceiverServerRatis.java:getRealPort(505)) - XceiverServerRatis 8a94fc5b-68bf-440e-a2d4-79bd2954cd34 is started using port 38139 for RATIS_ADMIN
2021-10-27 07:37:39,970 [EndpointStateMachine task thread for /0.0.0.0:38229 - 0 ] INFO  ratis.XceiverServerRatis (XceiverServerRatis.java:getRealPort(505)) - XceiverServerRatis 8a94fc5b-68bf-440e-a2d4-79bd2954cd34 is started using port 38139 for RATIS_SERVER
2021-10-27 07:37:39,970 [org.apache.ratis.util.JvmPauseMonitor$$Lambda$534/681568834@280e2e21] INFO  util.JvmPauseMonitor (JvmPauseMonitor.java:run(103)) - JvmPauseMonitor-8a94fc5b-68bf-440e-a2d4-79bd2954cd34: Started
2021-10-27 07:37:39,973 [EndpointStateMachine task thread for /0.0.0.0:38229 - 0 ] INFO  server.XceiverServerGrpc (XceiverServerGrpc.java:start(135)) - XceiverServerGrpc 8a94fc5b-68bf-440e-a2d4-79bd2954cd34 is started using port 43199
2021-10-27 07:37:40,075 [DatanodeAdminManager-0] INFO  node.DatanodeAdminMonitorImpl (DatanodeAdminMonitorImpl.java:run(137)) - There are 1 nodes tracked for decommission and maintenance. 0 pending nodes.
2021-10-27 07:37:40,161 [ReplicationMonitor] INFO  container.ReplicationManager (ReplicationManager.java:sendCloseCommand(1482)) - Sending close container command for container #1 to datanode 8a5d7503-46af-43fb-b7e0-e0dcb22c5f77{ip: 10.1.0.27, host: fv-az270-913.tacnzluakwdehk1hpragurqkma.bx.internal.cloudapp.net, ports: [REPLICATION=39633, RATIS=45441, RATIS_ADMIN=45441, RATIS_SERVER=45441, STANDALONE=45417], networkLocation: /default-rack, certSerialId: null, persistedOpState: IN_SERVICE, persistedOpStateExpiryEpochSec: 0}.
2021-10-27 07:37:40,162 [ReplicationMonitor] INFO  container.ReplicationManager (ReplicationManager.java:sendCloseCommand(1482)) - Sending close container command for container #1 to datanode 29e37468-b3e4-401f-97cc-6f4d8466f30b{ip: 10.1.0.27, host: fv-az270-913.tacnzluakwdehk1hpragurqkma.bx.internal.cloudapp.net, ports: [REPLICATION=40637, RATIS=44085, RATIS_ADMIN=44085, RATIS_SERVER=44085, STANDALONE=32881], networkLocation: /default-rack, certSerialId: null, persistedOpState: IN_SERVICE, persistedOpStateExpiryEpochSec: 0}.
2021-10-27 07:37:40,162 [ReplicationMonitor] INFO  container.ReplicationManager (ReplicationManager.java:sendCloseCommand(1482)) - Sending close container command for container #1 to datanode 782939c9-076d-4829-92e4-0049f0e10c2b{ip: 10.1.0.27, host: fv-az270-913.tacnzluakwdehk1hpragurqkma.bx.internal.cloudapp.net, ports: [REPLICATION=42433, RATIS=40741, RATIS_ADMIN=40741, RATIS_SERVER=40741, STANDALONE=39529], networkLocation: /default-rack, certSerialId: null, persistedOpState: IN_SERVICE, persistedOpStateExpiryEpochSec: 0}.
2021-10-27 07:37:40,162 [ReplicationMonitor] INFO  container.ReplicationManager (ReplicationManager.java:sendCloseCommand(1482)) - Sending close container command for container #5 to datanode 782939c9-076d-4829-92e4-0049f0e10c2b{ip: 10.1.0.27, host: fv-az270-913.tacnzluakwdehk1hpragurqkma.bx.internal.cloudapp.net, ports: [REPLICATION=42433, RATIS=40741, RATIS_ADMIN=40741, RATIS_SERVER=40741, STANDALONE=39529], networkLocation: /default-rack, certSerialId: null, persistedOpState: IN_SERVICE, persistedOpStateExpiryEpochSec: 0}.
2021-10-27 07:37:40,162 [ReplicationMonitor] INFO  container.ReplicationManager (ReplicationManager.java:sendCloseCommand(1482)) - Sending close container command for container #5 to datanode 8a5d7503-46af-43fb-b7e0-e0dcb22c5f77{ip: 10.1.0.27, host: fv-az270-913.tacnzluakwdehk1hpragurqkma.bx.internal.cloudapp.net, ports: [REPLICATION=39633, RATIS=45441, RATIS_ADMIN=45441, RATIS_SERVER=45441, STANDALONE=45417], networkLocation: /default-rack, certSerialId: null, persistedOpState: IN_SERVICE, persistedOpStateExpiryEpochSec: 0}.
2021-10-27 07:37:40,162 [ReplicationMonitor] INFO  container.ReplicationManager (ReplicationManager.java:sendCloseCommand(1482)) - Sending close container command for container #5 to datanode 29e37468-b3e4-401f-97cc-6f4d8466f30b{ip: 10.1.0.27, host: fv-az270-913.tacnzluakwdehk1hpragurqkma.bx.internal.cloudapp.net, ports: [REPLICATION=40637, RATIS=44085, RATIS_ADMIN=44085, RATIS_SERVER=44085, STANDALONE=32881], networkLocation: /default-rack, certSerialId: null, persistedOpState: IN_SERVICE, persistedOpStateExpiryEpochSec: 0}.
2021-10-27 07:37:40,162 [ReplicationMonitor] INFO  container.ReplicationManager (ReplicationManager.java:sendCloseCommand(1482)) - Sending close container command for container #6 to datanode 8a5d7503-46af-43fb-b7e0-e0dcb22c5f77{ip: 10.1.0.27, host: fv-az270-913.tacnzluakwdehk1hpragurqkma.bx.internal.cloudapp.net, ports: [REPLICATION=39633, RATIS=45441, RATIS_ADMIN=45441, RATIS_SERVER=45441, STANDALONE=45417], networkLocation: /default-rack, certSerialId: null, persistedOpState: IN_SERVICE, persistedOpStateExpiryEpochSec: 0}.
2021-10-27 07:37:40,162 [ReplicationMonitor] INFO  container.ReplicationManager (ReplicationManager.java:sendCloseCommand(1482)) - Sending close container command for container #6 to datanode 29e37468-b3e4-401f-97cc-6f4d8466f30b{ip: 10.1.0.27, host: fv-az270-913.tacnzluakwdehk1hpragurqkma.bx.internal.cloudapp.net, ports: [REPLICATION=40637, RATIS=44085, RATIS_ADMIN=44085, RATIS_SERVER=44085, STANDALONE=32881], networkLocation: /default-rack, certSerialId: null, persistedOpState: IN_SERVICE, persistedOpStateExpiryEpochSec: 0}.
2021-10-27 07:37:40,162 [ReplicationMonitor] INFO  container.ReplicationManager (ReplicationManager.java:sendCloseCommand(1482)) - Sending close container command for container #6 to datanode 782939c9-076d-4829-92e4-0049f0e10c2b{ip: 10.1.0.27, host: fv-az270-913.tacnzluakwdehk1hpragurqkma.bx.internal.cloudapp.net, ports: [REPLICATION=42433, RATIS=40741, RATIS_ADMIN=40741, RATIS_SERVER=40741, STANDALONE=39529], networkLocation: /default-rack, certSerialId: null, persistedOpState: IN_SERVICE, persistedOpStateExpiryEpochSec: 0}.
2021-10-27 07:37:40,162 [ReplicationMonitor] INFO  container.ReplicationManager (ReplicationManager.java:processAll(371)) - Replication Monitor Thread took 2 milliseconds for processing 6 containers.
2021-10-27 07:37:40,361 [Listener at 127.0.0.1/33029] INFO  ozone.MiniOzoneClusterImpl (MiniOzoneClusterImpl.java:lambda$waitForClusterToBeReady$0(235)) - Waiting for nodes to be ready. Got 1 of 6 DN Heartbeats.
2021-10-27 07:37:40,368 [Listener at 127.0.0.1/33029] INFO  ozone.MiniOzoneClusterImpl (MiniOzoneClusterImpl.java:lambda$waitForClusterToBeReady$0(238)) - Waiting for cluster to exit safe mode
2021-10-27 07:37:40,368 [Listener at 127.0.0.1/33029] INFO  ozone.MiniOzoneClusterImpl (MiniOzoneClusterImpl.java:lambda$waitForClusterToBeReady$0(240)) - SCM became leader
2021-10-27 07:37:40,382 [IPC Server handler 4 on default port 38229] INFO  net.NetworkTopologyImpl (NetworkTopologyImpl.java:add(112)) - Added a new node: /default-rack/a36e9b50-74dc-46e0-a7bf-054b64f601c6
2021-10-27 07:37:40,383 [IPC Server handler 4 on default port 38229] INFO  node.SCMNodeManager (SCMNodeManager.java:register(389)) - Registered Data node : a36e9b50-74dc-46e0-a7bf-054b64f601c6{ip: 10.1.0.27, host: fv-az270-913.tacnzluakwdehk1hpragurqkma.bx.internal.cloudapp.net, ports: [REPLICATION=36953, RATIS=46805, RATIS_ADMIN=46805, RATIS_SERVER=46805, STANDALONE=35051], networkLocation: /default-rack, certSerialId: null, persistedOpState: null, persistedOpStateExpiryEpochSec: 0}
2021-10-27 07:37:40,383 [EventQueue-NewNodeForNewNodeHandler] INFO  pipeline.BackgroundPipelineCreator (BackgroundPipelineCreator.java:notifyEventTriggered(285)) - trigger a one-shot run on RatisPipelineUtilsThread.
2021-10-27 07:37:40,383 [EventQueue-NodeRegistrationContainerReportForDataNodeSafeModeRule] INFO  safemode.SCMSafeModeManager (DataNodeSafeModeRule.java:process(71)) - SCM in safe mode. 2 DataNodes registered, 3 required.
2021-10-27 07:37:40,383 [RatisPipelineUtilsThread - 0] INFO  pipeline.RatisPipelineProvider (RatisPipelineProvider.java:lambda$create$0(183)) - Sending CreatePipelineCommand for pipeline:PipelineID=b4195666-ed7a-40b6-88d7-bfe7495ce4e8 to datanode:a36e9b50-74dc-46e0-a7bf-054b64f601c6
2021-10-27 07:37:40,384 [RatisPipelineUtilsThread - 0] INFO  pipeline.PipelineStateManagerImpl (PipelineStateManagerImpl.java:addPipeline(101)) - Created pipeline Pipeline[ Id: b4195666-ed7a-40b6-88d7-bfe7495ce4e8, Nodes: a36e9b50-74dc-46e0-a7bf-054b64f601c6{ip: 10.1.0.27, host: fv-az270-913.tacnzluakwdehk1hpragurqkma.bx.internal.cloudapp.net, ports: [REPLICATION=36953, RATIS=46805, RATIS_ADMIN=46805, RATIS_SERVER=46805, STANDALONE=35051], networkLocation: /default-rack, certSerialId: null, persistedOpState: IN_SERVICE, persistedOpStateExpiryEpochSec: 0}, ReplicationConfig: RATIS/ONE, State:ALLOCATED, leaderId:, CreationTimestamp2021-10-27T07:37:40.383Z[Etc/UTC]].
2021-10-27 07:37:40,393 [EndpointStateMachine task thread for /0.0.0.0:38229 - 0 ] INFO  ozoneimpl.OzoneContainer (OzoneContainer.java:start(304)) - Attempting to start container services.
2021-10-27 07:37:40,394 [EndpointStateMachine task thread for /0.0.0.0:38229 - 0 ] INFO  ozoneimpl.OzoneContainer (OzoneContainer.java:startContainerScrub(249)) - Background container scanner has been disabled.
2021-10-27 07:37:40,395 [EndpointStateMachine task thread for /0.0.0.0:38229 - 0 ] INFO  replication.ReplicationServer (ReplicationServer.java:start(107)) - ReplicationServer is started using port 32909
2021-10-27 07:37:40,397 [EndpointStateMachine task thread for /0.0.0.0:38229 - 0 ] INFO  ratis.XceiverServerRatis (XceiverServerRatis.java:start(484)) - Starting XceiverServerRatis 90abb50b-a825-4713-87e3-513268b12874
2021-10-27 07:37:40,401 [EndpointStateMachine task thread for /0.0.0.0:38229 - 0 ] INFO  server.RaftServer (RaftServerProxy.java:lambda$start$5(374)) - 90abb50b-a825-4713-87e3-513268b12874: start RPC server
2021-10-27 07:37:40,403 [EndpointStateMachine task thread for /0.0.0.0:38229 - 0 ] INFO  server.GrpcService (GrpcService.java:startImpl(253)) - 90abb50b-a825-4713-87e3-513268b12874: GrpcService started, listening on 41119
2021-10-27 07:37:40,404 [EndpointStateMachine task thread for /0.0.0.0:38229 - 0 ] INFO  ratis.XceiverServerRatis (XceiverServerRatis.java:getRealPort(505)) - XceiverServerRatis 90abb50b-a825-4713-87e3-513268b12874 is started using port 41119 for RATIS
2021-10-27 07:37:40,404 [EndpointStateMachine task thread for /0.0.0.0:38229 - 0 ] INFO  ratis.XceiverServerRatis (XceiverServerRatis.java:getRealPort(505)) - XceiverServerRatis 90abb50b-a825-4713-87e3-513268b12874 is started using port 41119 for RATIS_ADMIN
2021-10-27 07:37:40,404 [EndpointStateMachine task thread for /0.0.0.0:38229 - 0 ] INFO  ratis.XceiverServerRatis (XceiverServerRatis.java:getRealPort(505)) - XceiverServerRatis 90abb50b-a825-4713-87e3-513268b12874 is started using port 41119 for RATIS_SERVER
2021-10-27 07:37:40,405 [org.apache.ratis.util.JvmPauseMonitor$$Lambda$534/681568834@127c3366] INFO  util.JvmPauseMonitor (JvmPauseMonitor.java:run(103)) - JvmPauseMonitor-90abb50b-a825-4713-87e3-513268b12874: Started
2021-10-27 07:37:40,407 [EndpointStateMachine task thread for /0.0.0.0:38229 - 0 ] INFO  server.XceiverServerGrpc (XceiverServerGrpc.java:start(135)) - XceiverServerGrpc 90abb50b-a825-4713-87e3-513268b12874 is started using port 33273
2021-10-27 07:37:40,490 [ReplicationMonitor] INFO  container.ReplicationManager (ReplicationManager.java:processAll(371)) - Replication Monitor Thread took 0 milliseconds for processing 0 containers.
2021-10-27 07:37:40,849 [IPC Server handler 0 on default port 38229] INFO  net.NetworkTopologyImpl (NetworkTopologyImpl.java:add(112)) - Added a new node: /default-rack/bc7ccc77-9673-4f45-9632-8b6af895e31c
2021-10-27 07:37:40,849 [IPC Server handler 0 on default port 38229] INFO  node.SCMNodeManager (SCMNodeManager.java:register(389)) - Registered Data node : bc7ccc77-9673-4f45-9632-8b6af895e31c{ip: 10.1.0.27, host: fv-az270-913.tacnzluakwdehk1hpragurqkma.bx.internal.cloudapp.net, ports: [REPLICATION=39821, RATIS=44307, RATIS_ADMIN=44307, RATIS_SERVER=44307, STANDALONE=41691], networkLocation: /default-rack, certSerialId: null, persistedOpState: null, persistedOpStateExpiryEpochSec: 0}
2021-10-27 07:37:40,850 [EventQueue-NewNodeForNewNodeHandler] INFO  pipeline.BackgroundPipelineCreator (BackgroundPipelineCreator.java:notifyEventTriggered(285)) - trigger a one-shot run on RatisPipelineUtilsThread.
2021-10-27 07:37:40,850 [RatisPipelineUtilsThread - 0] INFO  pipeline.RatisPipelineProvider (RatisPipelineProvider.java:lambda$create$0(183)) - Sending CreatePipelineCommand for pipeline:PipelineID=c923c835-4830-43a8-8069-6238d03390a6 to datanode:bc7ccc77-9673-4f45-9632-8b6af895e31c
2021-10-27 07:37:40,851 [RatisPipelineUtilsThread - 0] INFO  pipeline.PipelineStateManagerImpl (PipelineStateManagerImpl.java:addPipeline(101)) - Created pipeline Pipeline[ Id: c923c835-4830-43a8-8069-6238d03390a6, Nodes: bc7ccc77-9673-4f45-9632-8b6af895e31c{ip: 10.1.0.27, host: fv-az270-913.tacnzluakwdehk1hpragurqkma.bx.internal.cloudapp.net, ports: [REPLICATION=39821, RATIS=44307, RATIS_ADMIN=44307, RATIS_SERVER=44307, STANDALONE=41691], networkLocation: /default-rack, certSerialId: null, persistedOpState: IN_SERVICE, persistedOpStateExpiryEpochSec: 0}, ReplicationConfig: RATIS/ONE, State:ALLOCATED, leaderId:, CreationTimestamp2021-10-27T07:37:40.850Z[Etc/UTC]].
2021-10-27 07:37:40,851 [EventQueue-NodeRegistrationContainerReportForDataNodeSafeModeRule] INFO  safemode.SCMSafeModeManager (DataNodeSafeModeRule.java:process(71)) - SCM in safe mode. 3 DataNodes registered, 3 required.
2021-10-27 07:37:40,852 [EventQueue-NodeRegistrationContainerReportForDataNodeSafeModeRule] INFO  safemode.SCMSafeModeManager (SCMSafeModeManager.java:validateSafeModeExitRules(204)) - DataNodeSafeModeRule rule is successfully validated
2021-10-27 07:37:40,852 [EventQueue-NodeRegistrationContainerReportForDataNodeSafeModeRule] INFO  safemode.SCMSafeModeManager (SCMSafeModeManager.java:completePreCheck(233)) - All SCM safe mode pre check rules have passed
2021-10-27 07:37:40,852 [EventQueue-NodeRegistrationContainerReportForDataNodeSafeModeRule] WARN  events.EventQueue (EventQueue.java:fireEvent(194)) - No event handler registered for event TypedEvent{payloadType=SafeModeStatus, name='Safe mode status'}
2021-10-27 07:37:40,852 [EventQueue-NodeRegistrationContainerReportForDataNodeSafeModeRule] INFO  ha.SCMContext (SCMContext.java:updateSafeModeStatus(205)) - Update SafeModeStatus from SafeModeStatus{safeModeStatus=true, preCheckPassed=false} to SafeModeStatus{safeModeStatus=true, preCheckPassed=true}.
2021-10-27 07:37:40,852 [EventQueue-NodeRegistrationContainerReportForDataNodeSafeModeRule] INFO  pipeline.BackgroundPipelineCreator (BackgroundPipelineCreator.java:notifyEventTriggered(285)) - trigger a one-shot run on RatisPipelineUtilsThread.
2021-10-27 07:37:40,852 [RatisPipelineUtilsThread - 0] INFO  pipeline.RatisPipelineProvider (RatisPipelineProvider.java:lambda$create$0(183)) - Sending CreatePipelineCommand for pipeline:PipelineID=a680cdcc-543a-4c8d-a2ed-3405d20eb931 to datanode:a36e9b50-74dc-46e0-a7bf-054b64f601c6
2021-10-27 07:37:40,853 [RatisPipelineUtilsThread - 0] INFO  pipeline.RatisPipelineProvider (RatisPipelineProvider.java:lambda$create$0(183)) - Sending CreatePipelineCommand for pipeline:PipelineID=a680cdcc-543a-4c8d-a2ed-3405d20eb931 to datanode:592255e9-c910-4f69-a1df-e23dedd9b9e0
2021-10-27 07:37:40,853 [RatisPipelineUtilsThread - 0] INFO  pipeline.RatisPipelineProvider (RatisPipelineProvider.java:lambda$create$0(183)) - Sending CreatePipelineCommand for pipeline:PipelineID=a680cdcc-543a-4c8d-a2ed-3405d20eb931 to datanode:bc7ccc77-9673-4f45-9632-8b6af895e31c
2021-10-27 07:37:40,853 [RatisPipelineUtilsThread - 0] INFO  pipeline.PipelineStateManagerImpl (PipelineStateManagerImpl.java:addPipeline(101)) - Created pipeline Pipeline[ Id: a680cdcc-543a-4c8d-a2ed-3405d20eb931, Nodes: a36e9b50-74dc-46e0-a7bf-054b64f601c6{ip: 10.1.0.27, host: fv-az270-913.tacnzluakwdehk1hpragurqkma.bx.internal.cloudapp.net, ports: [REPLICATION=36953, RATIS=46805, RATIS_ADMIN=46805, RATIS_SERVER=46805, STANDALONE=35051], networkLocation: /default-rack, certSerialId: null, persistedOpState: IN_SERVICE, persistedOpStateExpiryEpochSec: 0}592255e9-c910-4f69-a1df-e23dedd9b9e0{ip: 10.1.0.27, host: fv-az270-913.tacnzluakwdehk1hpragurqkma.bx.internal.cloudapp.net, ports: [REPLICATION=34585, RATIS=40627, RATIS_ADMIN=40627, RATIS_SERVER=40627, STANDALONE=39619], networkLocation: /default-rack, certSerialId: null, persistedOpState: IN_SERVICE, persistedOpStateExpiryEpochSec: 0}bc7ccc77-9673-4f45-9632-8b6af895e31c{ip: 10.1.0.27, host: fv-az270-913.tacnzluakwdehk1hpragurqkma.bx.internal.cloudapp.net, ports: [REPLICATION=39821, RATIS=44307, RATIS_ADMIN=44307, RATIS_SERVER=44307, STANDALONE=41691], networkLocation: /default-rack, certSerialId: null, persistedOpState: IN_SERVICE, persistedOpStateExpiryEpochSec: 0}, ReplicationConfig: RATIS/THREE, State:ALLOCATED, leaderId:, CreationTimestamp2021-10-27T07:37:40.852Z[Etc/UTC]].
2021-10-27 07:37:40,899 [Command processor thread] INFO  server.RaftServer (RaftServerProxy.java:remove(106)) - 782939c9-076d-4829-92e4-0049f0e10c2b: remove    LEADER 782939c9-076d-4829-92e4-0049f0e10c2b@group-B3CA12EF4B7C:t3, leader=782939c9-076d-4829-92e4-0049f0e10c2b, voted=782939c9-076d-4829-92e4-0049f0e10c2b, raftlog=782939c9-076d-4829-92e4-0049f0e10c2b@group-B3CA12EF4B7C-SegmentedRaftLog:OPENED:c36, conf=0: [29e37468-b3e4-401f-97cc-6f4d8466f30b|rpc:10.1.0.27:44085|dataStream:|priority:0, 8a5d7503-46af-43fb-b7e0-e0dcb22c5f77|rpc:10.1.0.27:45441|dataStream:|priority:0, 782939c9-076d-4829-92e4-0049f0e10c2b|rpc:10.1.0.27:40741|dataStream:|priority:1], old=null RUNNING
2021-10-27 07:37:40,901 [EventQueue-PipelineReportForPipelineReportHandler] INFO  pipeline.PipelineReportHandler (PipelineReportHandler.java:processPipelineReport(113)) - Reported pipeline PipelineID=76627f35-37b0-4e78-8a2a-b3ca12ef4b7c is not found
2021-10-27 07:37:40,902 [Command processor thread] INFO  server.RaftServer$Division (RaftServerImpl.java:lambda$close$4(412)) - 782939c9-076d-4829-92e4-0049f0e10c2b@group-B3CA12EF4B7C: shutdown
2021-10-27 07:37:40,902 [Command processor thread] INFO  util.JmxRegister (JmxRegister.java:unregister(73)) - Successfully un-registered JMX Bean with object name Ratis:service=RaftServer,group=group-B3CA12EF4B7C,id=782939c9-076d-4829-92e4-0049f0e10c2b
2021-10-27 07:37:40,902 [Command processor thread] INFO  impl.RoleInfo (RoleInfo.java:shutdownLeaderState(91)) - 782939c9-076d-4829-92e4-0049f0e10c2b: shutdown 782939c9-076d-4829-92e4-0049f0e10c2b@group-B3CA12EF4B7C-LeaderStateImpl
2021-10-27 07:37:40,906 [782939c9-076d-4829-92e4-0049f0e10c2b@group-B3CA12EF4B7C->29e37468-b3e4-401f-97cc-6f4d8466f30b-GrpcLogAppender-LogAppenderDaemon] WARN  server.GrpcLogAppender (GrpcLogAppender.java:mayWait(177)) - 782939c9-076d-4829-92e4-0049f0e10c2b@group-B3CA12EF4B7C->29e37468-b3e4-401f-97cc-6f4d8466f30b-GrpcLogAppender: Wait interrupted by java.lang.InterruptedException
2021-10-27 07:37:40,908 [Command processor thread] INFO  impl.PendingRequests (PendingRequests.java:sendNotLeaderResponses(282)) - 782939c9-076d-4829-92e4-0049f0e10c2b@group-B3CA12EF4B7C-PendingRequests: sendNotLeaderResponses
2021-10-27 07:37:40,907 [782939c9-076d-4829-92e4-0049f0e10c2b@group-B3CA12EF4B7C->8a5d7503-46af-43fb-b7e0-e0dcb22c5f77-GrpcLogAppender-LogAppenderDaemon] WARN  server.GrpcLogAppender (GrpcLogAppender.java:mayWait(177)) - 782939c9-076d-4829-92e4-0049f0e10c2b@group-B3CA12EF4B7C->8a5d7503-46af-43fb-b7e0-e0dcb22c5f77-GrpcLogAppender: Wait interrupted by java.lang.InterruptedException
2021-10-27 07:37:40,910 [grpc-default-executor-1] INFO  server.GrpcServerProtocolService (GrpcServerProtocolService.java:onCompleted(140)) - 29e37468-b3e4-401f-97cc-6f4d8466f30b: Completed APPEND_ENTRIES, lastRequest: 782939c9-076d-4829-92e4-0049f0e10c2b->29e37468-b3e4-401f-97cc-6f4d8466f30b#274-t3,previous=(t:3, i:35),leaderCommit=34,initializing? true,entries: size=1, first=(t:3, i:36), METADATAENTRY(c:34)
2021-10-27 07:37:40,912 [IPC Server handler 18 on default port 41429] INFO  node.SCMNodeManager (SCMNodeManager.java:updateDatanodeOpState(483)) - Scheduling a command to update the operationalState persisted on 8a5d7503-46af-43fb-b7e0-e0dcb22c5f77{ip: 10.1.0.27, host: fv-az270-913.tacnzluakwdehk1hpragurqkma.bx.internal.cloudapp.net, ports: [REPLICATION=39633, RATIS=45441, RATIS_ADMIN=45441, RATIS_SERVER=45441, STANDALONE=45417], networkLocation: /default-rack, certSerialId: null, persistedOpState: null, persistedOpStateExpiryEpochSec: 0} as the reported value does not match the value stored in SCM (DECOMMISSIONING, 0)
2021-10-27 07:37:40,913 [EventQueue-PipelineReportForPipelineReportHandler] INFO  pipeline.PipelineReportHandler (PipelineReportHandler.java:processPipelineReport(113)) - Reported pipeline PipelineID=76627f35-37b0-4e78-8a2a-b3ca12ef4b7c is not found
2021-10-27 07:37:40,913 [EventQueue-PipelineReportForPipelineReportHandler] INFO  pipeline.PipelineReportHandler (PipelineReportHandler.java:processPipelineReport(113)) - Reported pipeline PipelineID=153bc4eb-4418-4ece-b12f-7fa60ff8b7e1 is not found
2021-10-27 07:37:40,913 [EventQueue-PipelineReportForPipelineReportHandler] INFO  pipeline.PipelineReportHandler (PipelineReportHandler.java:processPipelineReport(113)) - Reported pipeline PipelineID=76627f35-37b0-4e78-8a2a-b3ca12ef4b7c is not found
2021-10-27 07:37:40,913 [grpc-default-executor-2] INFO  server.GrpcServerProtocolService (GrpcServerProtocolService.java:onCompleted(140)) - 8a5d7503-46af-43fb-b7e0-e0dcb22c5f77: Completed APPEND_ENTRIES, lastRequest: 782939c9-076d-4829-92e4-0049f0e10c2b->8a5d7503-46af-43fb-b7e0-e0dcb22c5f77#374-t3,previous=(t:3, i:35),leaderCommit=34,initializing? true,entries: size=1, first=(t:3, i:36), METADATAENTRY(c:34)
2021-10-27 07:37:40,917 [grpc-default-executor-0] INFO  server.GrpcLogAppender (GrpcLogAppender.java:onCompleted(346)) - 782939c9-076d-4829-92e4-0049f0e10c2b@group-B3CA12EF4B7C->8a5d7503-46af-43fb-b7e0-e0dcb22c5f77-AppendLogResponseHandler: follower responses appendEntries COMPLETED
2021-10-27 07:37:40,918 [grpc-default-executor-3] INFO  server.GrpcLogAppender (GrpcLogAppender.java:onCompleted(346)) - 782939c9-076d-4829-92e4-0049f0e10c2b@group-B3CA12EF4B7C->29e37468-b3e4-401f-97cc-6f4d8466f30b-AppendLogResponseHandler: follower responses appendEntries COMPLETED
2021-10-27 07:37:40,923 [grpc-default-executor-3] INFO  leader.FollowerInfo (FollowerInfoImpl.java:lambda$new$0(47)) - 782939c9-076d-4829-92e4-0049f0e10c2b@group-B3CA12EF4B7C->29e37468-b3e4-401f-97cc-6f4d8466f30b: nextIndex: updateUnconditionally 37 -> 36
2021-10-27 07:37:40,923 [grpc-default-executor-0] INFO  leader.FollowerInfo (FollowerInfoImpl.java:lambda$new$0(47)) - 782939c9-076d-4829-92e4-0049f0e10c2b@group-B3CA12EF4B7C->8a5d7503-46af-43fb-b7e0-e0dcb22c5f77: nextIndex: updateUnconditionally 37 -> 36
2021-10-27 07:37:40,934 [782939c9-076d-4829-92e4-0049f0e10c2b@group-B3CA12EF4B7C-StateMachineUpdater] INFO  ratis.ContainerStateMachine (ContainerStateMachine.java:takeSnapshot(292)) - group-B3CA12EF4B7C: Taking a snapshot at:(t:3, i:36) file /home/runner/work/ozone/ozone/hadoop-ozone/integration-test/target/test-dir/MiniOzoneClusterImpl-0a1afbdb-b897-4eb1-874c-1902c7f745ab/datanode-5/data/ratis/76627f35-37b0-4e78-8a2a-b3ca12ef4b7c/sm/snapshot.3_36
2021-10-27 07:37:40,940 [Command processor thread] INFO  impl.StateMachineUpdater (StateMachineUpdater.java:stopAndJoin(149)) - 782939c9-076d-4829-92e4-0049f0e10c2b@group-B3CA12EF4B7C-StateMachineUpdater: set stopIndex = 36
2021-10-27 07:37:40,968 [782939c9-076d-4829-92e4-0049f0e10c2b@group-B3CA12EF4B7C-StateMachineUpdater] INFO  ratis.ContainerStateMachine (ContainerStateMachine.java:takeSnapshot(303)) - group-B3CA12EF4B7C: Finished taking a snapshot at:(t:3, i:36) file:/home/runner/work/ozone/ozone/hadoop-ozone/integration-test/target/test-dir/MiniOzoneClusterImpl-0a1afbdb-b897-4eb1-874c-1902c7f745ab/datanode-5/data/ratis/76627f35-37b0-4e78-8a2a-b3ca12ef4b7c/sm/snapshot.3_36 took: 33 ms
2021-10-27 07:37:40,970 [782939c9-076d-4829-92e4-0049f0e10c2b@group-B3CA12EF4B7C-StateMachineUpdater] INFO  impl.StateMachineUpdater (StateMachineUpdater.java:takeSnapshot(281)) - 782939c9-076d-4829-92e4-0049f0e10c2b@group-B3CA12EF4B7C-StateMachineUpdater: Took a snapshot at index 36
2021-10-27 07:37:40,972 [782939c9-076d-4829-92e4-0049f0e10c2b@group-B3CA12EF4B7C-StateMachineUpdater] INFO  impl.StateMachineUpdater (StateMachineUpdater.java:lambda$new$0(89)) - 782939c9-076d-4829-92e4-0049f0e10c2b@group-B3CA12EF4B7C-StateMachineUpdater: snapshotIndex: updateIncreasingly -1 -> 36
2021-10-27 07:37:40,980 [Command processor thread] INFO  server.RaftServer$Division (ServerState.java:close(419)) - 782939c9-076d-4829-92e4-0049f0e10c2b@group-B3CA12EF4B7C: closes. applyIndex: 36
2021-10-27 07:37:40,982 [782939c9-076d-4829-92e4-0049f0e10c2b@group-B3CA12EF4B7C-SegmentedRaftLogWorker] INFO  segmented.SegmentedRaftLogWorker (SegmentedRaftLogWorker.java:run(327)) - 782939c9-076d-4829-92e4-0049f0e10c2b@group-B3CA12EF4B7C-SegmentedRaftLogWorker was interrupted, exiting. There are 0 tasks remaining in the queue.
2021-10-27 07:37:40,982 [Command processor thread] INFO  segmented.SegmentedRaftLogWorker (SegmentedRaftLogWorker.java:close(237)) - 782939c9-076d-4829-92e4-0049f0e10c2b@group-B3CA12EF4B7C-SegmentedRaftLogWorker close()
2021-10-27 07:37:41,001 [Command processor thread] INFO  keyvalue.KeyValueContainer (KeyValueContainer.java:flushAndSyncDB(397)) - Container 1 is synced with bcsId 26.
2021-10-27 07:37:41,002 [Command processor thread] INFO  keyvalue.KeyValueContainer (KeyValueContainer.java:flushAndSyncDB(397)) - Container 1 is synced with bcsId 26.
2021-10-27 07:37:41,006 [EventQueue-IncrementalContainerReportForIncrementalContainerReportHandler] INFO  container.IncrementalContainerReportHandler (AbstractContainerReportHandler.java:updateContainerState(216)) - Moving container #1 to QUASI_CLOSED state, datanode 782939c9-076d-4829-92e4-0049f0e10c2b{ip: 10.1.0.27, host: fv-az270-913.tacnzluakwdehk1hpragurqkma.bx.internal.cloudapp.net, ports: [REPLICATION=42433, RATIS=40741, RATIS_ADMIN=40741, RATIS_SERVER=40741, STANDALONE=39529], networkLocation: /default-rack, certSerialId: null, persistedOpState: IN_SERVICE, persistedOpStateExpiryEpochSec: 0} reported QUASI_CLOSED replica.
2021-10-27 07:37:41,017 [Command processor thread] INFO  keyvalue.KeyValueContainer (KeyValueContainer.java:flushAndSyncDB(397)) - Container 5 is synced with bcsId 30.
2021-10-27 07:37:41,017 [Command processor thread] INFO  keyvalue.KeyValueContainer (KeyValueContainer.java:flushAndSyncDB(397)) - Container 5 is synced with bcsId 30.
2021-10-27 07:37:41,020 [EventQueue-IncrementalContainerReportForIncrementalContainerReportHandler] INFO  container.IncrementalContainerReportHandler (AbstractContainerReportHandler.java:updateContainerState(216)) - Moving container #5 to QUASI_CLOSED state, datanode 782939c9-076d-4829-92e4-0049f0e10c2b{ip: 10.1.0.27, host: fv-az270-913.tacnzluakwdehk1hpragurqkma.bx.internal.cloudapp.net, ports: [REPLICATION=42433, RATIS=40741, RATIS_ADMIN=40741, RATIS_SERVER=40741, STANDALONE=39529], networkLocation: /default-rack, certSerialId: null, persistedOpState: IN_SERVICE, persistedOpStateExpiryEpochSec: 0} reported QUASI_CLOSED replica.
2021-10-27 07:37:41,024 [Command processor thread] INFO  keyvalue.KeyValueContainer (KeyValueContainer.java:flushAndSyncDB(397)) - Container 6 is synced with bcsId 34.
2021-10-27 07:37:41,024 [Command processor thread] INFO  keyvalue.KeyValueContainer (KeyValueContainer.java:flushAndSyncDB(397)) - Container 6 is synced with bcsId 34.
2021-10-27 07:37:41,028 [EventQueue-IncrementalContainerReportForIncrementalContainerReportHandler] INFO  container.IncrementalContainerReportHandler (AbstractContainerReportHandler.java:updateContainerState(216)) - Moving container #6 to QUASI_CLOSED state, datanode 782939c9-076d-4829-92e4-0049f0e10c2b{ip: 10.1.0.27, host: fv-az270-913.tacnzluakwdehk1hpragurqkma.bx.internal.cloudapp.net, ports: [REPLICATION=42433, RATIS=40741, RATIS_ADMIN=40741, RATIS_SERVER=40741, STANDALONE=39529], networkLocation: /default-rack, certSerialId: null, persistedOpState: IN_SERVICE, persistedOpStateExpiryEpochSec: 0} reported QUASI_CLOSED replica.
2021-10-27 07:37:41,032 [Command processor thread] INFO  server.RaftServer$Division (RaftServerImpl.java:groupRemove(382)) - 782939c9-076d-4829-92e4-0049f0e10c2b@group-B3CA12EF4B7C: Succeed to remove RaftStorageDirectory Storage Directory /home/runner/work/ozone/ozone/hadoop-ozone/integration-test/target/test-dir/MiniOzoneClusterImpl-0a1afbdb-b897-4eb1-874c-1902c7f745ab/datanode-5/data/ratis/76627f35-37b0-4e78-8a2a-b3ca12ef4b7c
2021-10-27 07:37:41,035 [Command processor thread] INFO  commandhandler.ClosePipelineCommandHandler (ClosePipelineCommandHandler.java:handle(78)) - Close Pipeline PipelineID=76627f35-37b0-4e78-8a2a-b3ca12ef4b7c command on datanode 782939c9-076d-4829-92e4-0049f0e10c2b.
2021-10-27 07:37:41,075 [DatanodeAdminManager-0] INFO  node.DatanodeAdminMonitorImpl (DatanodeAdminMonitorImpl.java:run(137)) - There are 1 nodes tracked for decommission and maintenance. 0 pending nodes.
2021-10-27 07:37:41,173 [ReplicationMonitor] INFO  container.ReplicationManager (ReplicationManager.java:sendCloseCommand(1482)) - Sending close container command for container #1 to datanode 8a5d7503-46af-43fb-b7e0-e0dcb22c5f77{ip: 10.1.0.27, host: fv-az270-913.tacnzluakwdehk1hpragurqkma.bx.internal.cloudapp.net, ports: [REPLICATION=39633, RATIS=45441, RATIS_ADMIN=45441, RATIS_SERVER=45441, STANDALONE=45417], networkLocation: /default-rack, certSerialId: null, persistedOpState: IN_SERVICE, persistedOpStateExpiryEpochSec: 0}.
2021-10-27 07:37:41,173 [ReplicationMonitor] INFO  container.ReplicationManager (ReplicationManager.java:sendCloseCommand(1482)) - Sending close container command for container #1 to datanode 29e37468-b3e4-401f-97cc-6f4d8466f30b{ip: 10.1.0.27, host: fv-az270-913.tacnzluakwdehk1hpragurqkma.bx.internal.cloudapp.net, ports: [REPLICATION=40637, RATIS=44085, RATIS_ADMIN=44085, RATIS_SERVER=44085, STANDALONE=32881], networkLocation: /default-rack, certSerialId: null, persistedOpState: IN_SERVICE, persistedOpStateExpiryEpochSec: 0}.
2021-10-27 07:37:41,174 [ReplicationMonitor] INFO  container.ReplicationManager (ReplicationManager.java:sendCloseCommand(1482)) - Sending close container command for container #5 to datanode 8a5d7503-46af-43fb-b7e0-e0dcb22c5f77{ip: 10.1.0.27, host: fv-az270-913.tacnzluakwdehk1hpragurqkma.bx.internal.cloudapp.net, ports: [REPLICATION=39633, RATIS=45441, RATIS_ADMIN=45441, RATIS_SERVER=45441, STANDALONE=45417], networkLocation: /default-rack, certSerialId: null, persistedOpState: IN_SERVICE, persistedOpStateExpiryEpochSec: 0}.
2021-10-27 07:37:41,174 [ReplicationMonitor] INFO  container.ReplicationManager (ReplicationManager.java:sendCloseCommand(1482)) - Sending close container command for container #5 to datanode 29e37468-b3e4-401f-97cc-6f4d8466f30b{ip: 10.1.0.27, host: fv-az270-913.tacnzluakwdehk1hpragurqkma.bx.internal.cloudapp.net, ports: [REPLICATION=40637, RATIS=44085, RATIS_ADMIN=44085, RATIS_SERVER=44085, STANDALONE=32881], networkLocation: /default-rack, certSerialId: null, persistedOpState: IN_SERVICE, persistedOpStateExpiryEpochSec: 0}.
2021-10-27 07:37:41,174 [ReplicationMonitor] INFO  container.ReplicationManager (ReplicationManager.java:sendCloseCommand(1482)) - Sending close container command for container #6 to datanode 8a5d7503-46af-43fb-b7e0-e0dcb22c5f77{ip: 10.1.0.27, host: fv-az270-913.tacnzluakwdehk1hpragurqkma.bx.internal.cloudapp.net, ports: [REPLICATION=39633, RATIS=45441, RATIS_ADMIN=45441, RATIS_SERVER=45441, STANDALONE=45417], networkLocation: /default-rack, certSerialId: null, persistedOpState: IN_SERVICE, persistedOpStateExpiryEpochSec: 0}.
2021-10-27 07:37:41,174 [ReplicationMonitor] INFO  container.ReplicationManager (ReplicationManager.java:sendCloseCommand(1482)) - Sending close container command for container #6 to datanode 29e37468-b3e4-401f-97cc-6f4d8466f30b{ip: 10.1.0.27, host: fv-az270-913.tacnzluakwdehk1hpragurqkma.bx.internal.cloudapp.net, ports: [REPLICATION=40637, RATIS=44085, RATIS_ADMIN=44085, RATIS_SERVER=44085, STANDALONE=32881], networkLocation: /default-rack, certSerialId: null, persistedOpState: IN_SERVICE, persistedOpStateExpiryEpochSec: 0}.
2021-10-27 07:37:41,175 [ReplicationMonitor] INFO  container.ReplicationManager (ReplicationManager.java:processAll(371)) - Replication Monitor Thread took 12 milliseconds for processing 6 containers.
2021-10-27 07:37:41,338 [IPC Server handler 4 on default port 38229] INFO  net.NetworkTopologyImpl (NetworkTopologyImpl.java:add(112)) - Added a new node: /default-rack/06710a81-f387-4505-8c81-c7e250b9aeec
2021-10-27 07:37:41,339 [IPC Server handler 4 on default port 38229] INFO  node.SCMNodeManager (SCMNodeManager.java:register(389)) - Registered Data node : 06710a81-f387-4505-8c81-c7e250b9aeec{ip: 10.1.0.27, host: fv-az270-913.tacnzluakwdehk1hpragurqkma.bx.internal.cloudapp.net, ports: [REPLICATION=38055, RATIS=36323, RATIS_ADMIN=36323, RATIS_SERVER=36323, STANDALONE=32837], networkLocation: /default-rack, certSerialId: null, persistedOpState: null, persistedOpStateExpiryEpochSec: 0}
2021-10-27 07:37:41,339 [EventQueue-NewNodeForNewNodeHandler] INFO  pipeline.BackgroundPipelineCreator (BackgroundPipelineCreator.java:notifyEventTriggered(285)) - trigger a one-shot run on RatisPipelineUtilsThread.
2021-10-27 07:37:41,340 [RatisPipelineUtilsThread - 0] INFO  pipeline.RatisPipelineProvider (RatisPipelineProvider.java:lambda$create$0(183)) - Sending CreatePipelineCommand for pipeline:PipelineID=c9e7fcda-a19f-4aec-b2e5-3f089d2ecc91 to datanode:06710a81-f387-4505-8c81-c7e250b9aeec
2021-10-27 07:37:41,341 [RatisPipelineUtilsThread - 0] INFO  pipeline.PipelineStateManagerImpl (PipelineStateManagerImpl.java:addPipeline(101)) - Created pipeline Pipeline[ Id: c9e7fcda-a19f-4aec-b2e5-3f089d2ecc91, Nodes: 06710a81-f387-4505-8c81-c7e250b9aeec{ip: 10.1.0.27, host: fv-az270-913.tacnzluakwdehk1hpragurqkma.bx.internal.cloudapp.net, ports: [REPLICATION=38055, RATIS=36323, RATIS_ADMIN=36323, RATIS_SERVER=36323, STANDALONE=32837], networkLocation: /default-rack, certSerialId: null, persistedOpState: IN_SERVICE, persistedOpStateExpiryEpochSec: 0}, ReplicationConfig: RATIS/ONE, State:ALLOCATED, leaderId:, CreationTimestamp2021-10-27T07:37:41.340Z[Etc/UTC]].
2021-10-27 07:37:41,368 [Listener at 127.0.0.1/33029] INFO  ozone.MiniOzoneClusterImpl (MiniOzoneClusterImpl.java:lambda$waitForClusterToBeReady$0(235)) - Waiting for nodes to be ready. Got 4 of 6 DN Heartbeats.
2021-10-27 07:37:41,368 [Listener at 127.0.0.1/33029] INFO  ozone.MiniOzoneClusterImpl (MiniOzoneClusterImpl.java:lambda$waitForClusterToBeReady$0(238)) - Waiting for cluster to exit safe mode
2021-10-27 07:37:41,368 [Listener at 127.0.0.1/33029] INFO  ozone.MiniOzoneClusterImpl (MiniOzoneClusterImpl.java:lambda$waitForClusterToBeReady$0(240)) - SCM became leader
2021-10-27 07:37:41,490 [ReplicationMonitor] INFO  container.ReplicationManager (ReplicationManager.java:processAll(371)) - Replication Monitor Thread took 0 milliseconds for processing 0 containers.
2021-10-27 07:37:41,905 [Command processor thread] INFO  server.RaftServer (RaftServerProxy.java:remove(106)) - 29e37468-b3e4-401f-97cc-6f4d8466f30b: remove  FOLLOWER 29e37468-b3e4-401f-97cc-6f4d8466f30b@group-B3CA12EF4B7C:t3, leader=782939c9-076d-4829-92e4-0049f0e10c2b, voted=782939c9-076d-4829-92e4-0049f0e10c2b, raftlog=29e37468-b3e4-401f-97cc-6f4d8466f30b@group-B3CA12EF4B7C-SegmentedRaftLog:OPENED:c34, conf=0: [29e37468-b3e4-401f-97cc-6f4d8466f30b|rpc:10.1.0.27:44085|dataStream:|priority:0, 8a5d7503-46af-43fb-b7e0-e0dcb22c5f77|rpc:10.1.0.27:45441|dataStream:|priority:0, 782939c9-076d-4829-92e4-0049f0e10c2b|rpc:10.1.0.27:40741|dataStream:|priority:1], old=null RUNNING
2021-10-27 07:37:41,906 [Command processor thread] INFO  server.RaftServer$Division (RaftServerImpl.java:lambda$close$4(412)) - 29e37468-b3e4-401f-97cc-6f4d8466f30b@group-B3CA12EF4B7C: shutdown
2021-10-27 07:37:41,906 [Command processor thread] INFO  util.JmxRegister (JmxRegister.java:unregister(73)) - Successfully un-registered JMX Bean with object name Ratis:service=RaftServer,group=group-B3CA12EF4B7C,id=29e37468-b3e4-401f-97cc-6f4d8466f30b
2021-10-27 07:37:41,906 [Command processor thread] INFO  impl.RoleInfo (RoleInfo.java:shutdownFollowerState(108)) - 29e37468-b3e4-401f-97cc-6f4d8466f30b: shutdown 29e37468-b3e4-401f-97cc-6f4d8466f30b@group-B3CA12EF4B7C-FollowerState
2021-10-27 07:37:41,906 [Command processor thread] INFO  impl.StateMachineUpdater (StateMachineUpdater.java:stopAndJoin(149)) - 29e37468-b3e4-401f-97cc-6f4d8466f30b@group-B3CA12EF4B7C-StateMachineUpdater: set stopIndex = 34
2021-10-27 07:37:41,907 [29e37468-b3e4-401f-97cc-6f4d8466f30b@group-B3CA12EF4B7C-StateMachineUpdater] INFO  ratis.ContainerStateMachine (ContainerStateMachine.java:takeSnapshot(292)) - group-B3CA12EF4B7C: Taking a snapshot at:(t:3, i:34) file /home/runner/work/ozone/ozone/hadoop-ozone/integration-test/target/test-dir/MiniOzoneClusterImpl-0a1afbdb-b897-4eb1-874c-1902c7f745ab/datanode-4/data/ratis/76627f35-37b0-4e78-8a2a-b3ca12ef4b7c/sm/snapshot.3_34
2021-10-27 07:37:41,907 [29e37468-b3e4-401f-97cc-6f4d8466f30b@group-B3CA12EF4B7C-FollowerState] INFO  impl.FollowerState (FollowerState.java:run(143)) - 29e37468-b3e4-401f-97cc-6f4d8466f30b@group-B3CA12EF4B7C-FollowerState was interrupted: {}
java.lang.InterruptedException: sleep interrupted
	at java.lang.Thread.sleep(Native Method)
	at java.lang.Thread.sleep(Thread.java:340)
	at java.util.concurrent.TimeUnit.sleep(TimeUnit.java:386)
	at org.apache.ratis.util.TimeDuration.sleep(TimeDuration.java:324)
	at org.apache.ratis.util.TimeDuration.sleep(TimeDuration.java:309)
	at org.apache.ratis.server.impl.FollowerState.run(FollowerState.java:118)
2021-10-27 07:37:41,910 [29e37468-b3e4-401f-97cc-6f4d8466f30b@group-B3CA12EF4B7C-StateMachineUpdater] INFO  ratis.ContainerStateMachine (ContainerStateMachine.java:takeSnapshot(303)) - group-B3CA12EF4B7C: Finished taking a snapshot at:(t:3, i:34) file:/home/runner/work/ozone/ozone/hadoop-ozone/integration-test/target/test-dir/MiniOzoneClusterImpl-0a1afbdb-b897-4eb1-874c-1902c7f745ab/datanode-4/data/ratis/76627f35-37b0-4e78-8a2a-b3ca12ef4b7c/sm/snapshot.3_34 took: 3 ms
2021-10-27 07:37:41,910 [29e37468-b3e4-401f-97cc-6f4d8466f30b@group-B3CA12EF4B7C-StateMachineUpdater] INFO  impl.StateMachineUpdater (StateMachineUpdater.java:takeSnapshot(281)) - 29e37468-b3e4-401f-97cc-6f4d8466f30b@group-B3CA12EF4B7C-StateMachineUpdater: Took a snapshot at index 34
2021-10-27 07:37:41,910 [29e37468-b3e4-401f-97cc-6f4d8466f30b@group-B3CA12EF4B7C-StateMachineUpdater] INFO  impl.StateMachineUpdater (StateMachineUpdater.java:lambda$new$0(89)) - 29e37468-b3e4-401f-97cc-6f4d8466f30b@group-B3CA12EF4B7C-StateMachineUpdater: snapshotIndex: updateIncreasingly -1 -> 34
2021-10-27 07:37:41,912 [Command processor thread] INFO  server.RaftServer (RaftServerProxy.java:remove(106)) - 8a5d7503-46af-43fb-b7e0-e0dcb22c5f77: remove    LEADER 8a5d7503-46af-43fb-b7e0-e0dcb22c5f77@group-7FA60FF8B7E1:t1, leader=8a5d7503-46af-43fb-b7e0-e0dcb22c5f77, voted=8a5d7503-46af-43fb-b7e0-e0dcb22c5f77, raftlog=8a5d7503-46af-43fb-b7e0-e0dcb22c5f77@group-7FA60FF8B7E1-SegmentedRaftLog:OPENED:c0, conf=0: [8a5d7503-46af-43fb-b7e0-e0dcb22c5f77|rpc:10.1.0.27:45441|dataStream:|priority:1], old=null RUNNING
2021-10-27 07:37:41,912 [Command processor thread] INFO  server.RaftServer$Division (RaftServerImpl.java:lambda$close$4(412)) - 8a5d7503-46af-43fb-b7e0-e0dcb22c5f77@group-7FA60FF8B7E1: shutdown
2021-10-27 07:37:41,912 [Command processor thread] INFO  util.JmxRegister (JmxRegister.java:unregister(73)) - Successfully un-registered JMX Bean with object name Ratis:service=RaftServer,group=group-7FA60FF8B7E1,id=8a5d7503-46af-43fb-b7e0-e0dcb22c5f77
2021-10-27 07:37:41,912 [Command processor thread] INFO  impl.RoleInfo (RoleInfo.java:shutdownLeaderState(91)) - 8a5d7503-46af-43fb-b7e0-e0dcb22c5f77: shutdown 8a5d7503-46af-43fb-b7e0-e0dcb22c5f77@group-7FA60FF8B7E1-LeaderStateImpl
2021-10-27 07:37:41,913 [Command processor thread] INFO  server.RaftServer$Division (ServerState.java:close(419)) - 29e37468-b3e4-401f-97cc-6f4d8466f30b@group-B3CA12EF4B7C: closes. applyIndex: 34
2021-10-27 07:37:41,913 [29e37468-b3e4-401f-97cc-6f4d8466f30b@group-B3CA12EF4B7C-SegmentedRaftLogWorker] INFO  segmented.SegmentedRaftLogWorker (SegmentedRaftLogWorker.java:run(327)) - 29e37468-b3e4-401f-97cc-6f4d8466f30b@group-B3CA12EF4B7C-SegmentedRaftLogWorker was interrupted, exiting. There are 0 tasks remaining in the queue.
2021-10-27 07:37:41,913 [EventQueue-PipelineReportForPipelineReportHandler] INFO  pipeline.PipelineReportHandler (PipelineReportHandler.java:processPipelineReport(113)) - Reported pipeline PipelineID=76627f35-37b0-4e78-8a2a-b3ca12ef4b7c is not found
2021-10-27 07:37:41,914 [Command processor thread] INFO  segmented.SegmentedRaftLogWorker (SegmentedRaftLogWorker.java:close(237)) - 29e37468-b3e4-401f-97cc-6f4d8466f30b@group-B3CA12EF4B7C-SegmentedRaftLogWorker close()
2021-10-27 07:37:41,912 [Command processor thread] INFO  impl.PendingRequests (PendingRequests.java:sendNotLeaderResponses(282)) - 8a5d7503-46af-43fb-b7e0-e0dcb22c5f77@group-7FA60FF8B7E1-PendingRequests: sendNotLeaderResponses
2021-10-27 07:37:41,917 [IPC Server handler 16 on default port 41429] INFO  node.SCMNodeManager (SCMNodeManager.java:updateDatanodeOpState(483)) - Scheduling a command to update the operationalState persisted on 8a5d7503-46af-43fb-b7e0-e0dcb22c5f77{ip: 10.1.0.27, host: fv-az270-913.tacnzluakwdehk1hpragurqkma.bx.internal.cloudapp.net, ports: [REPLICATION=39633, RATIS=45441, RATIS_ADMIN=45441, RATIS_SERVER=45441, STANDALONE=45417], networkLocation: /default-rack, certSerialId: null, persistedOpState: null, persistedOpStateExpiryEpochSec: 0} as the reported value does not match the value stored in SCM (DECOMMISSIONING, 0)
2021-10-27 07:37:41,919 [Command processor thread] INFO  impl.StateMachineUpdater (StateMachineUpdater.java:stopAndJoin(149)) - 8a5d7503-46af-43fb-b7e0-e0dcb22c5f77@group-7FA60FF8B7E1-StateMachineUpdater: set stopIndex = 0
2021-10-27 07:37:41,919 [8a5d7503-46af-43fb-b7e0-e0dcb22c5f77@group-7FA60FF8B7E1-StateMachineUpdater] INFO  ratis.ContainerStateMachine (ContainerStateMachine.java:takeSnapshot(292)) - group-7FA60FF8B7E1: Taking a snapshot at:(t:1, i:0) file /home/runner/work/ozone/ozone/hadoop-ozone/integration-test/target/test-dir/MiniOzoneClusterImpl-0a1afbdb-b897-4eb1-874c-1902c7f745ab/datanode-3/data/ratis/153bc4eb-4418-4ece-b12f-7fa60ff8b7e1/sm/snapshot.1_0
2021-10-27 07:37:41,920 [8a5d7503-46af-43fb-b7e0-e0dcb22c5f77@group-7FA60FF8B7E1-StateMachineUpdater] INFO  ratis.ContainerStateMachine (ContainerStateMachine.java:takeSnapshot(303)) - group-7FA60FF8B7E1: Finished taking a snapshot at:(t:1, i:0) file:/home/runner/work/ozone/ozone/hadoop-ozone/integration-test/target/test-dir/MiniOzoneClusterImpl-0a1afbdb-b897-4eb1-874c-1902c7f745ab/datanode-3/data/ratis/153bc4eb-4418-4ece-b12f-7fa60ff8b7e1/sm/snapshot.1_0 took: 2 ms
2021-10-27 07:37:41,921 [8a5d7503-46af-43fb-b7e0-e0dcb22c5f77@group-7FA60FF8B7E1-StateMachineUpdater] INFO  impl.StateMachineUpdater (StateMachineUpdater.java:takeSnapshot(281)) - 8a5d7503-46af-43fb-b7e0-e0dcb22c5f77@group-7FA60FF8B7E1-StateMachineUpdater: Took a snapshot at index 0
2021-10-27 07:37:41,921 [8a5d7503-46af-43fb-b7e0-e0dcb22c5f77@group-7FA60FF8B7E1-StateMachineUpdater] INFO  impl.StateMachineUpdater (StateMachineUpdater.java:lambda$new$0(89)) - 8a5d7503-46af-43fb-b7e0-e0dcb22c5f77@group-7FA60FF8B7E1-StateMachineUpdater: snapshotIndex: updateIncreasingly -1 -> 0
2021-10-27 07:37:41,921 [Command processor thread] INFO  server.RaftServer$Division (ServerState.java:close(419)) - 8a5d7503-46af-43fb-b7e0-e0dcb22c5f77@group-7FA60FF8B7E1: closes. applyIndex: 0
2021-10-27 07:37:41,921 [8a5d7503-46af-43fb-b7e0-e0dcb22c5f77@group-7FA60FF8B7E1-SegmentedRaftLogWorker] INFO  segmented.SegmentedRaftLogWorker (SegmentedRaftLogWorker.java:run(327)) - 8a5d7503-46af-43fb-b7e0-e0dcb22c5f77@group-7FA60FF8B7E1-SegmentedRaftLogWorker was interrupted, exiting. There are 0 tasks remaining in the queue.
2021-10-27 07:37:41,922 [Command processor thread] INFO  segmented.SegmentedRaftLogWorker (SegmentedRaftLogWorker.java:close(237)) - 8a5d7503-46af-43fb-b7e0-e0dcb22c5f77@group-7FA60FF8B7E1-SegmentedRaftLogWorker close()
2021-10-27 07:37:41,924 [Command processor thread] INFO  server.RaftServer$Division (RaftServerImpl.java:groupRemove(382)) - 8a5d7503-46af-43fb-b7e0-e0dcb22c5f77@group-7FA60FF8B7E1: Succeed to remove RaftStorageDirectory Storage Directory /home/runner/work/ozone/ozone/hadoop-ozone/integration-test/target/test-dir/MiniOzoneClusterImpl-0a1afbdb-b897-4eb1-874c-1902c7f745ab/datanode-3/data/ratis/153bc4eb-4418-4ece-b12f-7fa60ff8b7e1
2021-10-27 07:37:41,924 [Command processor thread] INFO  commandhandler.ClosePipelineCommandHandler (ClosePipelineCommandHandler.java:handle(78)) - Close Pipeline PipelineID=153bc4eb-4418-4ece-b12f-7fa60ff8b7e1 command on datanode 8a5d7503-46af-43fb-b7e0-e0dcb22c5f77.
2021-10-27 07:37:41,927 [Command processor thread] INFO  server.RaftServer (RaftServerProxy.java:remove(106)) - 8a5d7503-46af-43fb-b7e0-e0dcb22c5f77: remove  FOLLOWER 8a5d7503-46af-43fb-b7e0-e0dcb22c5f77@group-B3CA12EF4B7C:t3, leader=782939c9-076d-4829-92e4-0049f0e10c2b, voted=782939c9-076d-4829-92e4-0049f0e10c2b, raftlog=8a5d7503-46af-43fb-b7e0-e0dcb22c5f77@group-B3CA12EF4B7C-SegmentedRaftLog:OPENED:c34, conf=0: [29e37468-b3e4-401f-97cc-6f4d8466f30b|rpc:10.1.0.27:44085|dataStream:|priority:0, 8a5d7503-46af-43fb-b7e0-e0dcb22c5f77|rpc:10.1.0.27:45441|dataStream:|priority:0, 782939c9-076d-4829-92e4-0049f0e10c2b|rpc:10.1.0.27:40741|dataStream:|priority:1], old=null RUNNING
2021-10-27 07:37:41,927 [Command processor thread] INFO  server.RaftServer$Division (RaftServerImpl.java:lambda$close$4(412)) - 8a5d7503-46af-43fb-b7e0-e0dcb22c5f77@group-B3CA12EF4B7C: shutdown
2021-10-27 07:37:41,927 [Command processor thread] INFO  util.JmxRegister (JmxRegister.java:unregister(73)) - Successfully un-registered JMX Bean with object name Ratis:service=RaftServer,group=group-B3CA12EF4B7C,id=8a5d7503-46af-43fb-b7e0-e0dcb22c5f77
2021-10-27 07:37:41,927 [Command processor thread] INFO  impl.RoleInfo (RoleInfo.java:shutdownFollowerState(108)) - 8a5d7503-46af-43fb-b7e0-e0dcb22c5f77: shutdown 8a5d7503-46af-43fb-b7e0-e0dcb22c5f77@group-B3CA12EF4B7C-FollowerState
2021-10-27 07:37:41,927 [Command processor thread] INFO  impl.StateMachineUpdater (StateMachineUpdater.java:stopAndJoin(149)) - 8a5d7503-46af-43fb-b7e0-e0dcb22c5f77@group-B3CA12EF4B7C-StateMachineUpdater: set stopIndex = 34
2021-10-27 07:37:41,927 [8a5d7503-46af-43fb-b7e0-e0dcb22c5f77@group-B3CA12EF4B7C-FollowerState] INFO  impl.FollowerState (FollowerState.java:run(143)) - 8a5d7503-46af-43fb-b7e0-e0dcb22c5f77@group-B3CA12EF4B7C-FollowerState was interrupted: {}
java.lang.InterruptedException: sleep interrupted
	at java.lang.Thread.sleep(Native Method)
	at java.lang.Thread.sleep(Thread.java:340)
	at java.util.concurrent.TimeUnit.sleep(TimeUnit.java:386)
	at org.apache.ratis.util.TimeDuration.sleep(TimeDuration.java:324)
	at org.apache.ratis.util.TimeDuration.sleep(TimeDuration.java:309)
	at org.apache.ratis.server.impl.FollowerState.run(FollowerState.java:118)
2021-10-27 07:37:41,928 [8a5d7503-46af-43fb-b7e0-e0dcb22c5f77@group-B3CA12EF4B7C-StateMachineUpdater] INFO  ratis.ContainerStateMachine (ContainerStateMachine.java:takeSnapshot(292)) - group-B3CA12EF4B7C: Taking a snapshot at:(t:3, i:34) file /home/runner/work/ozone/ozone/hadoop-ozone/integration-test/target/test-dir/MiniOzoneClusterImpl-0a1afbdb-b897-4eb1-874c-1902c7f745ab/datanode-3/data/ratis/76627f35-37b0-4e78-8a2a-b3ca12ef4b7c/sm/snapshot.3_34
2021-10-27 07:37:41,926 [Command processor thread] INFO  keyvalue.KeyValueContainer (KeyValueContainer.java:flushAndSyncDB(397)) - Container 1 is synced with bcsId 26.
2021-10-27 07:37:41,929 [Command processor thread] INFO  keyvalue.KeyValueContainer (KeyValueContainer.java:flushAndSyncDB(397)) - Container 1 is synced with bcsId 26.
2021-10-27 07:37:41,932 [8a5d7503-46af-43fb-b7e0-e0dcb22c5f77@group-B3CA12EF4B7C-StateMachineUpdater] INFO  ratis.ContainerStateMachine (ContainerStateMachine.java:takeSnapshot(303)) - group-B3CA12EF4B7C: Finished taking a snapshot at:(t:3, i:34) file:/home/runner/work/ozone/ozone/hadoop-ozone/integration-test/target/test-dir/MiniOzoneClusterImpl-0a1afbdb-b897-4eb1-874c-1902c7f745ab/datanode-3/data/ratis/76627f35-37b0-4e78-8a2a-b3ca12ef4b7c/sm/snapshot.3_34 took: 4 ms
2021-10-27 07:37:41,932 [8a5d7503-46af-43fb-b7e0-e0dcb22c5f77@group-B3CA12EF4B7C-StateMachineUpdater] INFO  impl.StateMachineUpdater (StateMachineUpdater.java:takeSnapshot(281)) - 8a5d7503-46af-43fb-b7e0-e0dcb22c5f77@group-B3CA12EF4B7C-StateMachineUpdater: Took a snapshot at index 34
2021-10-27 07:37:41,932 [8a5d7503-46af-43fb-b7e0-e0dcb22c5f77@group-B3CA12EF4B7C-StateMachineUpdater] INFO  impl.StateMachineUpdater (StateMachineUpdater.java:lambda$new$0(89)) - 8a5d7503-46af-43fb-b7e0-e0dcb22c5f77@group-B3CA12EF4B7C-StateMachineUpdater: snapshotIndex: updateIncreasingly -1 -> 34
2021-10-27 07:37:41,940 [Command processor thread] INFO  server.RaftServer$Division (ServerState.java:close(419)) - 8a5d7503-46af-43fb-b7e0-e0dcb22c5f77@group-B3CA12EF4B7C: closes. applyIndex: 34
2021-10-27 07:37:41,940 [8a5d7503-46af-43fb-b7e0-e0dcb22c5f77@group-B3CA12EF4B7C-SegmentedRaftLogWorker] INFO  segmented.SegmentedRaftLogWorker (SegmentedRaftLogWorker.java:run(327)) - 8a5d7503-46af-43fb-b7e0-e0dcb22c5f77@group-B3CA12EF4B7C-SegmentedRaftLogWorker was interrupted, exiting. There are 0 tasks remaining in the queue.
2021-10-27 07:37:41,941 [Command processor thread] INFO  segmented.SegmentedRaftLogWorker (SegmentedRaftLogWorker.java:close(237)) - 8a5d7503-46af-43fb-b7e0-e0dcb22c5f77@group-B3CA12EF4B7C-SegmentedRaftLogWorker close()
2021-10-27 07:37:41,949 [IPC Server handler 0 on default port 41429] INFO  node.SCMNodeManager (SCMNodeManager.java:updateDatanodeOpState(483)) - Scheduling a command to update the operationalState persisted on 8a5d7503-46af-43fb-b7e0-e0dcb22c5f77{ip: 10.1.0.27, host: fv-az270-913.tacnzluakwdehk1hpragurqkma.bx.internal.cloudapp.net, ports: [REPLICATION=39633, RATIS=45441, RATIS_ADMIN=45441, RATIS_SERVER=45441, STANDALONE=45417], networkLocation: /default-rack, certSerialId: null, persistedOpState: null, persistedOpStateExpiryEpochSec: 0} as the reported value does not match the value stored in SCM (DECOMMISSIONING, 0)
2021-10-27 07:37:41,952 [Command processor thread] INFO  keyvalue.KeyValueContainer (KeyValueContainer.java:flushAndSyncDB(397)) - Container 1 is synced with bcsId 26.
2021-10-27 07:37:41,952 [Command processor thread] INFO  keyvalue.KeyValueContainer (KeyValueContainer.java:flushAndSyncDB(397)) - Container 1 is synced with bcsId 26.
2021-10-27 07:37:41,953 [IPC Server handler 2 on default port 38229] INFO  net.NetworkTopologyImpl (NetworkTopologyImpl.java:add(112)) - Added a new node: /default-rack/8a94fc5b-68bf-440e-a2d4-79bd2954cd34
2021-10-27 07:37:41,953 [IPC Server handler 2 on default port 38229] INFO  node.SCMNodeManager (SCMNodeManager.java:register(389)) - Registered Data node : 8a94fc5b-68bf-440e-a2d4-79bd2954cd34{ip: 10.1.0.27, host: fv-az270-913.tacnzluakwdehk1hpragurqkma.bx.internal.cloudapp.net, ports: [REPLICATION=36889, RATIS=38139, RATIS_ADMIN=38139, RATIS_SERVER=38139, STANDALONE=43199], networkLocation: /default-rack, certSerialId: null, persistedOpState: null, persistedOpStateExpiryEpochSec: 0}
2021-10-27 07:37:41,954 [EventQueue-NewNodeForNewNodeHandler] INFO  pipeline.BackgroundPipelineCreator (BackgroundPipelineCreator.java:notifyEventTriggered(285)) - trigger a one-shot run on RatisPipelineUtilsThread.
2021-10-27 07:37:41,954 [RatisPipelineUtilsThread - 0] INFO  pipeline.RatisPipelineProvider (RatisPipelineProvider.java:lambda$create$0(183)) - Sending CreatePipelineCommand for pipeline:PipelineID=e29b9d14-5830-47ad-8e75-ccca4e64eb18 to datanode:8a94fc5b-68bf-440e-a2d4-79bd2954cd34
2021-10-27 07:37:41,955 [RatisPipelineUtilsThread - 0] INFO  pipeline.PipelineStateManagerImpl (PipelineStateManagerImpl.java:addPipeline(101)) - Created pipeline Pipeline[ Id: e29b9d14-5830-47ad-8e75-ccca4e64eb18, Nodes: 8a94fc5b-68bf-440e-a2d4-79bd2954cd34{ip: 10.1.0.27, host: fv-az270-913.tacnzluakwdehk1hpragurqkma.bx.internal.cloudapp.net, ports: [REPLICATION=36889, RATIS=38139, RATIS_ADMIN=38139, RATIS_SERVER=38139, STANDALONE=43199], networkLocation: /default-rack, certSerialId: null, persistedOpState: IN_SERVICE, persistedOpStateExpiryEpochSec: 0}, ReplicationConfig: RATIS/ONE, State:ALLOCATED, leaderId:, CreationTimestamp2021-10-27T07:37:41.954Z[Etc/UTC]].
2021-10-27 07:37:41,955 [Command processor thread] INFO  keyvalue.KeyValueContainer (KeyValueContainer.java:flushAndSyncDB(397)) - Container 5 is synced with bcsId 30.
2021-10-27 07:37:41,955 [Command processor thread] INFO  keyvalue.KeyValueContainer (KeyValueContainer.java:flushAndSyncDB(397)) - Container 5 is synced with bcsId 30.
2021-10-27 07:37:41,957 [IPC Server handler 3 on default port 41429] INFO  node.SCMNodeManager (SCMNodeManager.java:updateDatanodeOpState(483)) - Scheduling a command to update the operationalState persisted on 8a5d7503-46af-43fb-b7e0-e0dcb22c5f77{ip: 10.1.0.27, host: fv-az270-913.tacnzluakwdehk1hpragurqkma.bx.internal.cloudapp.net, ports: [REPLICATION=39633, RATIS=45441, RATIS_ADMIN=45441, RATIS_SERVER=45441, STANDALONE=45417], networkLocation: /default-rack, certSerialId: null, persistedOpState: null, persistedOpStateExpiryEpochSec: 0} as the reported value does not match the value stored in SCM (DECOMMISSIONING, 0)
2021-10-27 07:37:41,961 [IPC Server handler 4 on default port 41429] INFO  node.SCMNodeManager (SCMNodeManager.java:updateDatanodeOpState(483)) - Scheduling a command to update the operationalState persisted on 8a5d7503-46af-43fb-b7e0-e0dcb22c5f77{ip: 10.1.0.27, host: fv-az270-913.tacnzluakwdehk1hpragurqkma.bx.internal.cloudapp.net, ports: [REPLICATION=39633, RATIS=45441, RATIS_ADMIN=45441, RATIS_SERVER=45441, STANDALONE=45417], networkLocation: /default-rack, certSerialId: null, persistedOpState: null, persistedOpStateExpiryEpochSec: 0} as the reported value does not match the value stored in SCM (DECOMMISSIONING, 0)
2021-10-27 07:37:41,963 [Command processor thread] INFO  keyvalue.KeyValueContainer (KeyValueContainer.java:flushAndSyncDB(397)) - Container 5 is synced with bcsId 30.
2021-10-27 07:37:41,963 [Command processor thread] INFO  keyvalue.KeyValueContainer (KeyValueContainer.java:flushAndSyncDB(397)) - Container 5 is synced with bcsId 30.
2021-10-27 07:37:41,965 [Command processor thread] INFO  keyvalue.KeyValueContainer (KeyValueContainer.java:flushAndSyncDB(397)) - Container 6 is synced with bcsId 34.
2021-10-27 07:37:41,965 [Command processor thread] INFO  keyvalue.KeyValueContainer (KeyValueContainer.java:flushAndSyncDB(397)) - Container 6 is synced with bcsId 34.
2021-10-27 07:37:41,967 [IPC Server handler 8 on default port 41429] INFO  node.SCMNodeManager (SCMNodeManager.java:updateDatanodeOpState(483)) - Scheduling a command to update the operationalState persisted on 8a5d7503-46af-43fb-b7e0-e0dcb22c5f77{ip: 10.1.0.27, host: fv-az270-913.tacnzluakwdehk1hpragurqkma.bx.internal.cloudapp.net, ports: [REPLICATION=39633, RATIS=45441, RATIS_ADMIN=45441, RATIS_SERVER=45441, STANDALONE=45417], networkLocation: /default-rack, certSerialId: null, persistedOpState: null, persistedOpStateExpiryEpochSec: 0} as the reported value does not match the value stored in SCM (DECOMMISSIONING, 0)
2021-10-27 07:37:41,970 [Command processor thread] INFO  server.RaftServer$Division (RaftServerImpl.java:groupRemove(382)) - 29e37468-b3e4-401f-97cc-6f4d8466f30b@group-B3CA12EF4B7C: Succeed to remove RaftStorageDirectory Storage Directory /home/runner/work/ozone/ozone/hadoop-ozone/integration-test/target/test-dir/MiniOzoneClusterImpl-0a1afbdb-b897-4eb1-874c-1902c7f745ab/datanode-4/data/ratis/76627f35-37b0-4e78-8a2a-b3ca12ef4b7c
2021-10-27 07:37:41,971 [Command processor thread] INFO  commandhandler.ClosePipelineCommandHandler (ClosePipelineCommandHandler.java:handle(78)) - Close Pipeline PipelineID=76627f35-37b0-4e78-8a2a-b3ca12ef4b7c command on datanode 29e37468-b3e4-401f-97cc-6f4d8466f30b.
2021-10-27 07:37:41,973 [IPC Server handler 10 on default port 41429] INFO  node.SCMNodeManager (SCMNodeManager.java:updateDatanodeOpState(483)) - Scheduling a command to update the operationalState persisted on 8a5d7503-46af-43fb-b7e0-e0dcb22c5f77{ip: 10.1.0.27, host: fv-az270-913.tacnzluakwdehk1hpragurqkma.bx.internal.cloudapp.net, ports: [REPLICATION=39633, RATIS=45441, RATIS_ADMIN=45441, RATIS_SERVER=45441, STANDALONE=45417], networkLocation: /default-rack, certSerialId: null, persistedOpState: null, persistedOpStateExpiryEpochSec: 0} as the reported value does not match the value stored in SCM (DECOMMISSIONING, 0)
2021-10-27 07:37:41,974 [Command processor thread] INFO  keyvalue.KeyValueContainer (KeyValueContainer.java:flushAndSyncDB(397)) - Container 6 is synced with bcsId 34.
2021-10-27 07:37:41,974 [Command processor thread] INFO  keyvalue.KeyValueContainer (KeyValueContainer.java:flushAndSyncDB(397)) - Container 6 is synced with bcsId 34.
2021-10-27 07:37:41,977 [IPC Server handler 9 on default port 41429] INFO  node.SCMNodeManager (SCMNodeManager.java:updateDatanodeOpState(483)) - Scheduling a command to update the operationalState persisted on 8a5d7503-46af-43fb-b7e0-e0dcb22c5f77{ip: 10.1.0.27, host: fv-az270-913.tacnzluakwdehk1hpragurqkma.bx.internal.cloudapp.net, ports: [REPLICATION=39633, RATIS=45441, RATIS_ADMIN=45441, RATIS_SERVER=45441, STANDALONE=45417], networkLocation: /default-rack, certSerialId: null, persistedOpState: null, persistedOpStateExpiryEpochSec: 0} as the reported value does not match the value stored in SCM (DECOMMISSIONING, 0)
2021-10-27 07:37:41,977 [Command processor thread] INFO  server.RaftServer$Division (RaftServerImpl.java:groupRemove(382)) - 8a5d7503-46af-43fb-b7e0-e0dcb22c5f77@group-B3CA12EF4B7C: Succeed to remove RaftStorageDirectory Storage Directory /home/runner/work/ozone/ozone/hadoop-ozone/integration-test/target/test-dir/MiniOzoneClusterImpl-0a1afbdb-b897-4eb1-874c-1902c7f745ab/datanode-3/data/ratis/76627f35-37b0-4e78-8a2a-b3ca12ef4b7c
2021-10-27 07:37:41,978 [Command processor thread] INFO  commandhandler.ClosePipelineCommandHandler (ClosePipelineCommandHandler.java:handle(78)) - Close Pipeline PipelineID=76627f35-37b0-4e78-8a2a-b3ca12ef4b7c command on datanode 8a5d7503-46af-43fb-b7e0-e0dcb22c5f77.
2021-10-27 07:37:42,075 [DatanodeAdminManager-0] INFO  node.DatanodeAdminMonitorImpl (DatanodeAdminMonitorImpl.java:run(137)) - There are 1 nodes tracked for decommission and maintenance. 0 pending nodes.
2021-10-27 07:37:42,177 [ReplicationMonitor] INFO  container.ReplicationManager (ReplicationManager.java:forceCloseContainer(1073)) - Force closing container #1 with BCSID 26, which is in QUASI_CLOSED state.
2021-10-27 07:37:42,179 [ReplicationMonitor] INFO  container.ReplicationManager (ReplicationManager.java:sendCloseCommand(1482)) - Sending close container command for container #1 to datanode 8a5d7503-46af-43fb-b7e0-e0dcb22c5f77{ip: 10.1.0.27, host: fv-az270-913.tacnzluakwdehk1hpragurqkma.bx.internal.cloudapp.net, ports: [REPLICATION=39633, RATIS=45441, RATIS_ADMIN=45441, RATIS_SERVER=45441, STANDALONE=45417], networkLocation: /default-rack, certSerialId: null, persistedOpState: IN_SERVICE, persistedOpStateExpiryEpochSec: 0}.
2021-10-27 07:37:42,179 [ReplicationMonitor] INFO  container.ReplicationManager (ReplicationManager.java:sendCloseCommand(1482)) - Sending close container command for container #1 to datanode 29e37468-b3e4-401f-97cc-6f4d8466f30b{ip: 10.1.0.27, host: fv-az270-913.tacnzluakwdehk1hpragurqkma.bx.internal.cloudapp.net, ports: [REPLICATION=40637, RATIS=44085, RATIS_ADMIN=44085, RATIS_SERVER=44085, STANDALONE=32881], networkLocation: /default-rack, certSerialId: null, persistedOpState: IN_SERVICE, persistedOpStateExpiryEpochSec: 0}.
2021-10-27 07:37:42,179 [ReplicationMonitor] INFO  container.ReplicationManager (ReplicationManager.java:sendCloseCommand(1482)) - Sending close container command for container #1 to datanode 782939c9-076d-4829-92e4-0049f0e10c2b{ip: 10.1.0.27, host: fv-az270-913.tacnzluakwdehk1hpragurqkma.bx.internal.cloudapp.net, ports: [REPLICATION=42433, RATIS=40741, RATIS_ADMIN=40741, RATIS_SERVER=40741, STANDALONE=39529], networkLocation: /default-rack, certSerialId: null, persistedOpState: IN_SERVICE, persistedOpStateExpiryEpochSec: 0}.
2021-10-27 07:37:42,179 [ReplicationMonitor] INFO  container.ReplicationManager (ReplicationManager.java:forceCloseContainer(1073)) - Force closing container #5 with BCSID 30, which is in QUASI_CLOSED state.
2021-10-27 07:37:42,179 [ReplicationMonitor] INFO  container.ReplicationManager (ReplicationManager.java:sendCloseCommand(1482)) - Sending close container command for container #5 to datanode 782939c9-076d-4829-92e4-0049f0e10c2b{ip: 10.1.0.27, host: fv-az270-913.tacnzluakwdehk1hpragurqkma.bx.internal.cloudapp.net, ports: [REPLICATION=42433, RATIS=40741, RATIS_ADMIN=40741, RATIS_SERVER=40741, STANDALONE=39529], networkLocation: /default-rack, certSerialId: null, persistedOpState: IN_SERVICE, persistedOpStateExpiryEpochSec: 0}.
2021-10-27 07:37:42,180 [ReplicationMonitor] INFO  container.ReplicationManager (ReplicationManager.java:sendCloseCommand(1482)) - Sending close container command for container #5 to datanode 8a5d7503-46af-43fb-b7e0-e0dcb22c5f77{ip: 10.1.0.27, host: fv-az270-913.tacnzluakwdehk1hpragurqkma.bx.internal.cloudapp.net, ports: [REPLICATION=39633, RATIS=45441, RATIS_ADMIN=45441, RATIS_SERVER=45441, STANDALONE=45417], networkLocation: /default-rack, certSerialId: null, persistedOpState: IN_SERVICE, persistedOpStateExpiryEpochSec: 0}.
2021-10-27 07:37:42,180 [ReplicationMonitor] INFO  container.ReplicationManager (ReplicationManager.java:sendCloseCommand(1482)) - Sending close container command for container #5 to datanode 29e37468-b3e4-401f-97cc-6f4d8466f30b{ip: 10.1.0.27, host: fv-az270-913.tacnzluakwdehk1hpragurqkma.bx.internal.cloudapp.net, ports: [REPLICATION=40637, RATIS=44085, RATIS_ADMIN=44085, RATIS_SERVER=44085, STANDALONE=32881], networkLocation: /default-rack, certSerialId: null, persistedOpState: IN_SERVICE, persistedOpStateExpiryEpochSec: 0}.
2021-10-27 07:37:42,180 [ReplicationMonitor] INFO  container.ReplicationManager (ReplicationManager.java:forceCloseContainer(1073)) - Force closing container #6 with BCSID 34, which is in QUASI_CLOSED state.
2021-10-27 07:37:42,180 [ReplicationMonitor] INFO  container.ReplicationManager (ReplicationManager.java:sendCloseCommand(1482)) - Sending close container command for container #6 to datanode 8a5d7503-46af-43fb-b7e0-e0dcb22c5f77{ip: 10.1.0.27, host: fv-az270-913.tacnzluakwdehk1hpragurqkma.bx.internal.cloudapp.net, ports: [REPLICATION=39633, RATIS=45441, RATIS_ADMIN=45441, RATIS_SERVER=45441, STANDALONE=45417], networkLocation: /default-rack, certSerialId: null, persistedOpState: IN_SERVICE, persistedOpStateExpiryEpochSec: 0}.
2021-10-27 07:37:42,180 [ReplicationMonitor] INFO  container.ReplicationManager (ReplicationManager.java:sendCloseCommand(1482)) - Sending close container command for container #6 to datanode 29e37468-b3e4-401f-97cc-6f4d8466f30b{ip: 10.1.0.27, host: fv-az270-913.tacnzluakwdehk1hpragurqkma.bx.internal.cloudapp.net, ports: [REPLICATION=40637, RATIS=44085, RATIS_ADMIN=44085, RATIS_SERVER=44085, STANDALONE=32881], networkLocation: /default-rack, certSerialId: null, persistedOpState: IN_SERVICE, persistedOpStateExpiryEpochSec: 0}.
2021-10-27 07:37:42,181 [ReplicationMonitor] INFO  container.ReplicationManager (ReplicationManager.java:sendCloseCommand(1482)) - Sending close container command for container #6 to datanode 782939c9-076d-4829-92e4-0049f0e10c2b{ip: 10.1.0.27, host: fv-az270-913.tacnzluakwdehk1hpragurqkma.bx.internal.cloudapp.net, ports: [REPLICATION=42433, RATIS=40741, RATIS_ADMIN=40741, RATIS_SERVER=40741, STANDALONE=39529], networkLocation: /default-rack, certSerialId: null, persistedOpState: IN_SERVICE, persistedOpStateExpiryEpochSec: 0}.
2021-10-27 07:37:42,181 [ReplicationMonitor] INFO  container.ReplicationManager (ReplicationManager.java:processAll(371)) - Replication Monitor Thread took 6 milliseconds for processing 6 containers.
2021-10-27 07:37:42,369 [Listener at 127.0.0.1/33029] INFO  ozone.MiniOzoneClusterImpl (MiniOzoneClusterImpl.java:lambda$waitForClusterToBeReady$0(235)) - Waiting for nodes to be ready. Got 5 of 6 DN Heartbeats.
2021-10-27 07:37:42,369 [Listener at 127.0.0.1/33029] INFO  ozone.MiniOzoneClusterImpl (MiniOzoneClusterImpl.java:lambda$waitForClusterToBeReady$0(238)) - Waiting for cluster to exit safe mode
2021-10-27 07:37:42,369 [Listener at 127.0.0.1/33029] INFO  ozone.MiniOzoneClusterImpl (MiniOzoneClusterImpl.java:lambda$waitForClusterToBeReady$0(240)) - SCM became leader
2021-10-27 07:37:42,391 [IPC Server handler 7 on default port 38229] INFO  net.NetworkTopologyImpl (NetworkTopologyImpl.java:add(112)) - Added a new node: /default-rack/90abb50b-a825-4713-87e3-513268b12874
2021-10-27 07:37:42,391 [IPC Server handler 7 on default port 38229] INFO  node.SCMNodeManager (SCMNodeManager.java:register(389)) - Registered Data node : 90abb50b-a825-4713-87e3-513268b12874{ip: 10.1.0.27, host: fv-az270-913.tacnzluakwdehk1hpragurqkma.bx.internal.cloudapp.net, ports: [REPLICATION=32909, RATIS=41119, RATIS_ADMIN=41119, RATIS_SERVER=41119, STANDALONE=33273], networkLocation: /default-rack, certSerialId: null, persistedOpState: null, persistedOpStateExpiryEpochSec: 0}
2021-10-27 07:37:42,392 [EventQueue-NewNodeForNewNodeHandler] INFO  pipeline.BackgroundPipelineCreator (BackgroundPipelineCreator.java:notifyEventTriggered(285)) - trigger a one-shot run on RatisPipelineUtilsThread.
2021-10-27 07:37:42,393 [RatisPipelineUtilsThread - 0] INFO  pipeline.RatisPipelineProvider (RatisPipelineProvider.java:lambda$create$0(183)) - Sending CreatePipelineCommand for pipeline:PipelineID=e7818280-76ef-4e78-b81e-086dc071314c to datanode:90abb50b-a825-4713-87e3-513268b12874
2021-10-27 07:37:42,393 [RatisPipelineUtilsThread - 0] INFO  pipeline.PipelineStateManagerImpl (PipelineStateManagerImpl.java:addPipeline(101)) - Created pipeline Pipeline[ Id: e7818280-76ef-4e78-b81e-086dc071314c, Nodes: 90abb50b-a825-4713-87e3-513268b12874{ip: 10.1.0.27, host: fv-az270-913.tacnzluakwdehk1hpragurqkma.bx.internal.cloudapp.net, ports: [REPLICATION=32909, RATIS=41119, RATIS_ADMIN=41119, RATIS_SERVER=41119, STANDALONE=33273], networkLocation: /default-rack, certSerialId: null, persistedOpState: IN_SERVICE, persistedOpStateExpiryEpochSec: 0}, ReplicationConfig: RATIS/ONE, State:ALLOCATED, leaderId:, CreationTimestamp2021-10-27T07:37:42.393Z[Etc/UTC]].
2021-10-27 07:37:42,394 [RatisPipelineUtilsThread - 0] INFO  pipeline.RatisPipelineProvider (RatisPipelineProvider.java:lambda$create$0(183)) - Sending CreatePipelineCommand for pipeline:PipelineID=6044c0cf-587b-4c20-8483-70db9a92beb8 to datanode:90abb50b-a825-4713-87e3-513268b12874
2021-10-27 07:37:42,395 [RatisPipelineUtilsThread - 0] INFO  pipeline.RatisPipelineProvider (RatisPipelineProvider.java:lambda$create$0(183)) - Sending CreatePipelineCommand for pipeline:PipelineID=6044c0cf-587b-4c20-8483-70db9a92beb8 to datanode:8a94fc5b-68bf-440e-a2d4-79bd2954cd34
2021-10-27 07:37:42,395 [RatisPipelineUtilsThread - 0] INFO  pipeline.RatisPipelineProvider (RatisPipelineProvider.java:lambda$create$0(183)) - Sending CreatePipelineCommand for pipeline:PipelineID=6044c0cf-587b-4c20-8483-70db9a92beb8 to datanode:06710a81-f387-4505-8c81-c7e250b9aeec
2021-10-27 07:37:42,395 [RatisPipelineUtilsThread - 0] INFO  pipeline.PipelineStateManagerImpl (PipelineStateManagerImpl.java:addPipeline(101)) - Created pipeline Pipeline[ Id: 6044c0cf-587b-4c20-8483-70db9a92beb8, Nodes: 90abb50b-a825-4713-87e3-513268b12874{ip: 10.1.0.27, host: fv-az270-913.tacnzluakwdehk1hpragurqkma.bx.internal.cloudapp.net, ports: [REPLICATION=32909, RATIS=41119, RATIS_ADMIN=41119, RATIS_SERVER=41119, STANDALONE=33273], networkLocation: /default-rack, certSerialId: null, persistedOpState: IN_SERVICE, persistedOpStateExpiryEpochSec: 0}8a94fc5b-68bf-440e-a2d4-79bd2954cd34{ip: 10.1.0.27, host: fv-az270-913.tacnzluakwdehk1hpragurqkma.bx.internal.cloudapp.net, ports: [REPLICATION=36889, RATIS=38139, RATIS_ADMIN=38139, RATIS_SERVER=38139, STANDALONE=43199], networkLocation: /default-rack, certSerialId: null, persistedOpState: IN_SERVICE, persistedOpStateExpiryEpochSec: 0}06710a81-f387-4505-8c81-c7e250b9aeec{ip: 10.1.0.27, host: fv-az270-913.tacnzluakwdehk1hpragurqkma.bx.internal.cloudapp.net, ports: [REPLICATION=38055, RATIS=36323, RATIS_ADMIN=36323, RATIS_SERVER=36323, STANDALONE=32837], networkLocation: /default-rack, certSerialId: null, persistedOpState: IN_SERVICE, persistedOpStateExpiryEpochSec: 0}, ReplicationConfig: RATIS/THREE, State:ALLOCATED, leaderId:, CreationTimestamp2021-10-27T07:37:42.394Z[Etc/UTC]].
2021-10-27 07:37:42,491 [ReplicationMonitor] INFO  container.ReplicationManager (ReplicationManager.java:processAll(371)) - Replication Monitor Thread took 0 milliseconds for processing 0 containers.
2021-10-27 07:37:42,879 [Command processor thread] INFO  server.RaftServer (RaftServerProxy.java:addNew(95)) - 592255e9-c910-4f69-a1df-e23dedd9b9e0: addNew group-58C8CC80E3DE:[592255e9-c910-4f69-a1df-e23dedd9b9e0|rpc:10.1.0.27:40627|priority:1] returns group-58C8CC80E3DE:java.util.concurrent.CompletableFuture@f41eacb[Not completed]
2021-10-27 07:37:42,886 [pool-219-thread-1] INFO  server.RaftServer$Division (RaftServerImpl.java:<init>(184)) - 592255e9-c910-4f69-a1df-e23dedd9b9e0: new RaftServerImpl for group-58C8CC80E3DE:[592255e9-c910-4f69-a1df-e23dedd9b9e0|rpc:10.1.0.27:40627|priority:1] with ContainerStateMachine:uninitialized
2021-10-27 07:37:42,892 [pool-219-thread-1] INFO  server.RaftServerConfigKeys (ConfUtils.java:logGet(44)) - raft.server.rpc.timeout.min = 5s (custom)
2021-10-27 07:37:42,892 [pool-219-thread-1] INFO  server.RaftServerConfigKeys (ConfUtils.java:logGet(44)) - raft.server.rpc.timeout.max = 5200ms (custom)
2021-10-27 07:37:42,892 [pool-219-thread-1] INFO  server.RaftServerConfigKeys (ConfUtils.java:logGet(44)) - raft.server.rpc.sleep.time = 25ms (default)
2021-10-27 07:37:42,892 [pool-219-thread-1] INFO  server.RaftServerConfigKeys (ConfUtils.java:logGet(44)) - raft.server.rpc.slowness.timeout = 300s (custom)
2021-10-27 07:37:42,895 [pool-219-thread-1] INFO  server.RaftServerConfigKeys (ConfUtils.java:logGet(44)) - raft.server.leaderelection.leader.step-down.wait-time = 10s (default)
2021-10-27 07:37:42,895 [pool-219-thread-1] INFO  server.RaftServerConfigKeys (ConfUtils.java:logGet(44)) - raft.server.sleep.deviation.threshold = 300ms (default)
2021-10-27 07:37:42,895 [pool-219-thread-1] INFO  server.RaftServerConfigKeys (ConfUtils.java:logGet(44)) - raft.server.log.appender.install.snapshot.enabled = false (custom)
2021-10-27 07:37:42,896 [pool-219-thread-1] INFO  server.RaftServer$Division (ServerState.java:<init>(105)) - 592255e9-c910-4f69-a1df-e23dedd9b9e0@group-58C8CC80E3DE: ConfigurationManager, init=-1: [592255e9-c910-4f69-a1df-e23dedd9b9e0|rpc:10.1.0.27:40627|priority:1], old=null, confs=<EMPTY_MAP>
2021-10-27 07:37:42,896 [pool-219-thread-1] INFO  server.RaftServerConfigKeys (ConfUtils.java:logGet(44)) - raft.server.storage.dir = [/home/runner/work/ozone/ozone/hadoop-ozone/integration-test/target/test-dir/MiniOzoneClusterImpl-166db4ac-5aa3-4efc-b377-a8ff7cd8c20d/datanode-0/data/ratis] (custom)
2021-10-27 07:37:42,896 [pool-219-thread-1] INFO  server.RaftServerConfigKeys (ConfUtils.java:logGet(44)) - raft.server.log.corruption.policy = EXCEPTION (default)
2021-10-27 07:37:42,896 [pool-219-thread-1] INFO  server.RaftServerConfigKeys (ConfUtils.java:logGet(44)) - raft.server.storage.free-space.min = 0MB (=0) (default)
2021-10-27 07:37:42,896 [pool-219-thread-1] INFO  storage.RaftStorageDirectory (RaftStorageDirectoryImpl.java:analyzeStorage(135)) - The storage directory /home/runner/work/ozone/ozone/hadoop-ozone/integration-test/target/test-dir/MiniOzoneClusterImpl-166db4ac-5aa3-4efc-b377-a8ff7cd8c20d/datanode-0/data/ratis/78b41ecb-e853-46bc-9f8b-58c8cc80e3de does not exist. Creating ...
2021-10-27 07:37:42,902 [pool-219-thread-1] INFO  storage.RaftStorageDirectory (RaftStorageDirectoryImpl.java:tryLock(230)) - Lock on /home/runner/work/ozone/ozone/hadoop-ozone/integration-test/target/test-dir/MiniOzoneClusterImpl-166db4ac-5aa3-4efc-b377-a8ff7cd8c20d/datanode-0/data/ratis/78b41ecb-e853-46bc-9f8b-58c8cc80e3de/in_use.lock acquired by nodename 22077@fv-az270-913
2021-10-27 07:37:42,903 [pool-219-thread-1] INFO  storage.RaftStorage (RaftStorageImpl.java:format(89)) - Storage directory /home/runner/work/ozone/ozone/hadoop-ozone/integration-test/target/test-dir/MiniOzoneClusterImpl-166db4ac-5aa3-4efc-b377-a8ff7cd8c20d/datanode-0/data/ratis/78b41ecb-e853-46bc-9f8b-58c8cc80e3de has been successfully formatted.
2021-10-27 07:37:42,905 [pool-219-thread-1] INFO  ratis.ContainerStateMachine (ContainerStateMachine.java:loadSnapshot(224)) - group-58C8CC80E3DE: The snapshot info is null. Setting the last applied indexto:(t:0, i:~)
2021-10-27 07:37:42,905 [pool-219-thread-1] INFO  server.RaftServerConfigKeys (ConfUtils.java:logGet(44)) - raft.server.notification.no-leader.timeout = 300s (custom)
2021-10-27 07:37:42,906 [pool-219-thread-1] INFO  server.RaftServerConfigKeys (ConfUtils.java:logGet(44)) - raft.server.log.use.memory = false (default)
2021-10-27 07:37:42,906 [pool-219-thread-1] INFO  server.RaftServerConfigKeys (ConfUtils.java:logGet(44)) - raft.server.log.purge.gap = 1000000 (custom)
2021-10-27 07:37:42,906 [pool-219-thread-1] INFO  server.RaftServerConfigKeys (ConfUtils.java:logGet(44)) - raft.server.log.appender.buffer.byte-limit = 33554432 (custom)
2021-10-27 07:37:42,907 [pool-219-thread-1] INFO  server.RaftServerConfigKeys (ConfUtils.java:logGet(44)) - raft.server.log.segment.size.max = 1048576 (custom)
2021-10-27 07:37:42,907 [pool-219-thread-1] INFO  server.RaftServerConfigKeys (ConfUtils.java:logGet(44)) - raft.server.log.segment.cache.num.max = 2 (custom)
2021-10-27 07:37:42,907 [pool-219-thread-1] INFO  server.RaftServerConfigKeys (ConfUtils.java:logGet(44)) - raft.server.log.segment.cache.size.max = 200MB (=209715200) (default)
2021-10-27 07:37:42,907 [pool-219-thread-1] INFO  segmented.SegmentedRaftLogWorker (SegmentedRaftLogWorker.java:<init>(182)) - new 592255e9-c910-4f69-a1df-e23dedd9b9e0@group-58C8CC80E3DE-SegmentedRaftLogWorker for RaftStorageImpl:Storage Directory /home/runner/work/ozone/ozone/hadoop-ozone/integration-test/target/test-dir/MiniOzoneClusterImpl-166db4ac-5aa3-4efc-b377-a8ff7cd8c20d/datanode-0/data/ratis/78b41ecb-e853-46bc-9f8b-58c8cc80e3de
2021-10-27 07:37:42,907 [pool-219-thread-1] INFO  server.RaftServerConfigKeys (ConfUtils.java:logGet(44)) - raft.server.log.queue.byte-limit = 2147483647 (custom)
2021-10-27 07:37:42,908 [pool-219-thread-1] INFO  server.RaftServerConfigKeys (ConfUtils.java:logGet(44)) - raft.server.log.queue.element-limit = 1024 (custom)
2021-10-27 07:37:42,908 [pool-219-thread-1] INFO  server.RaftServerConfigKeys (ConfUtils.java:logGet(44)) - raft.server.log.segment.size.max = 1048576 (custom)
2021-10-27 07:37:42,908 [EventQueue-PipelineReportForPipelineReportHandler] INFO  pipeline.PipelineManagerImpl (PipelineManagerImpl.java:openPipeline(289)) - Pipeline Pipeline[ Id: 78b41ecb-e853-46bc-9f8b-58c8cc80e3de, Nodes: 592255e9-c910-4f69-a1df-e23dedd9b9e0{ip: 10.1.0.27, host: fv-az270-913.tacnzluakwdehk1hpragurqkma.bx.internal.cloudapp.net, ports: [REPLICATION=34585, RATIS=40627, RATIS_ADMIN=40627, RATIS_SERVER=40627, STANDALONE=39619], networkLocation: /default-rack, certSerialId: null, persistedOpState: IN_SERVICE, persistedOpStateExpiryEpochSec: 0}, ReplicationConfig: RATIS/ONE, State:ALLOCATED, leaderId:592255e9-c910-4f69-a1df-e23dedd9b9e0, CreationTimestamp2021-10-27T07:37:39.877Z[Etc/UTC]] moved to OPEN state
2021-10-27 07:37:42,908 [pool-219-thread-1] INFO  server.RaftServerConfigKeys (ConfUtils.java:logGet(44)) - raft.server.log.preallocated.size = 16384 (custom)
2021-10-27 07:37:42,908 [pool-219-thread-1] INFO  server.RaftServerConfigKeys (ConfUtils.java:logGet(44)) - raft.server.log.force.sync.num = 128 (default)
2021-10-27 07:37:42,908 [pool-219-thread-1] INFO  server.RaftServerConfigKeys (ConfUtils.java:logGet(44)) - raft.server.log.statemachine.data.sync = true (default)
2021-10-27 07:37:42,908 [pool-219-thread-1] INFO  server.RaftServerConfigKeys (ConfUtils.java:logGet(44)) - raft.server.log.statemachine.data.sync.timeout = 10s (default)
2021-10-27 07:37:42,908 [pool-219-thread-1] INFO  server.RaftServerConfigKeys (ConfUtils.java:logGet(44)) - raft.server.log.statemachine.data.sync.timeout.retry = -1 (default)
2021-10-27 07:37:42,911 [pool-219-thread-1] INFO  server.RaftServerConfigKeys (ConfUtils.java:logGet(44)) - raft.server.log.write.buffer.size = 1048576 (custom)
2021-10-27 07:37:42,911 [pool-219-thread-1] INFO  server.RaftServerConfigKeys (ConfUtils.java:logGet(44)) - raft.server.log.statemachine.data.caching.enabled = true (custom)
2021-10-27 07:37:42,912 [pool-219-thread-1] INFO  segmented.SegmentedRaftLogWorker (SegmentedRaftLogWorker.java:lambda$new$0(133)) - 592255e9-c910-4f69-a1df-e23dedd9b9e0@group-58C8CC80E3DE-SegmentedRaftLogWorker: flushIndex: setUnconditionally 0 -> -1
2021-10-27 07:37:42,912 [pool-219-thread-1] INFO  segmented.SegmentedRaftLogWorker (SegmentedRaftLogWorker.java:lambda$new$0(133)) - 592255e9-c910-4f69-a1df-e23dedd9b9e0@group-58C8CC80E3DE-SegmentedRaftLogWorker: safeCacheEvictIndex: setUnconditionally 0 -> -1
2021-10-27 07:37:42,925 [pool-219-thread-1] INFO  server.RaftServerConfigKeys (ConfUtils.java:logGet(44)) - raft.server.snapshot.auto.trigger.enabled = true (custom)
2021-10-27 07:37:42,925 [pool-219-thread-1] INFO  server.RaftServerConfigKeys (ConfUtils.java:logGet(44)) - raft.server.snapshot.auto.trigger.threshold = 10000 (custom)
2021-10-27 07:37:42,925 [pool-219-thread-1] INFO  server.RaftServerConfigKeys (ConfUtils.java:logGet(44)) - raft.server.snapshot.retention.file.num = 5 (custom)
2021-10-27 07:37:42,925 [pool-219-thread-1] INFO  server.RaftServerConfigKeys (ConfUtils.java:logGet(44)) - raft.server.log.purge.upto.snapshot.index = false (default)
2021-10-27 07:37:42,925 [pool-219-thread-1] INFO  server.RaftServerConfigKeys (ConfUtils.java:logGet(44)) - raft.server.retrycache.expirytime = 600000ms (custom)
2021-10-27 07:37:42,925 [pool-219-thread-1] INFO  server.RaftServerConfigKeys (ConfUtils.java:logGet(44)) - raft.server.retrycache.statistics.expirytime = 100μs (default)
2021-10-27 07:37:42,935 [pool-219-thread-1] INFO  server.RaftServer$Division (RaftServerImpl.java:start(301)) - 592255e9-c910-4f69-a1df-e23dedd9b9e0@group-58C8CC80E3DE: start as a follower, conf=-1: [592255e9-c910-4f69-a1df-e23dedd9b9e0|rpc:10.1.0.27:40627|priority:1], old=null
2021-10-27 07:37:42,935 [pool-219-thread-1] INFO  server.RaftServer$Division (RaftServerImpl.java:setRole(290)) - 592255e9-c910-4f69-a1df-e23dedd9b9e0@group-58C8CC80E3DE: changes role from      null to FOLLOWER at term 0 for startAsFollower
2021-10-27 07:37:42,935 [pool-219-thread-1] INFO  impl.RoleInfo (RoleInfo.java:updateAndGet(130)) - 592255e9-c910-4f69-a1df-e23dedd9b9e0: start 592255e9-c910-4f69-a1df-e23dedd9b9e0@group-58C8CC80E3DE-FollowerState
2021-10-27 07:37:42,932 [EventQueue-OpenPipelineForHealthyPipelineSafeModeRule] INFO  safemode.SCMSafeModeManager (HealthyPipelineSafeModeRule.java:process(124)) - SCM in safe mode. Healthy pipelines reported count is 0, required healthy pipeline reported count is 1
2021-10-27 07:37:42,945 [pool-219-thread-1] INFO  util.JmxRegister (JmxRegister.java:tryRegister(44)) - Successfully registered JMX Bean with object name Ratis:service=RaftServer,group=group-58C8CC80E3DE,id=592255e9-c910-4f69-a1df-e23dedd9b9e0
2021-10-27 07:37:42,949 [Command processor thread] INFO  ratis.XceiverServerRatis (XceiverServerRatis.java:addGroup(768)) - Created group PipelineID=78b41ecb-e853-46bc-9f8b-58c8cc80e3de
2021-10-27 07:37:42,949 [Command processor thread] INFO  commandhandler.CreatePipelineCommandHandler (CreatePipelineCommandHandler.java:handle(106)) - Created Pipeline RATIS ONE PipelineID=78b41ecb-e853-46bc-9f8b-58c8cc80e3de.
2021-10-27 07:37:42,949 [Command processor thread] INFO  server.RaftServer (RaftServerProxy.java:addNew(95)) - 592255e9-c910-4f69-a1df-e23dedd9b9e0: addNew group-3405D20EB931:[a36e9b50-74dc-46e0-a7bf-054b64f601c6|rpc:10.1.0.27:46805|priority:1, bc7ccc77-9673-4f45-9632-8b6af895e31c|rpc:10.1.0.27:44307|priority:0, 592255e9-c910-4f69-a1df-e23dedd9b9e0|rpc:10.1.0.27:40627|priority:0] returns group-3405D20EB931:java.util.concurrent.CompletableFuture@b7e7ffb[Not completed]
2021-10-27 07:37:42,950 [pool-219-thread-1] INFO  server.RaftServer$Division (RaftServerImpl.java:<init>(184)) - 592255e9-c910-4f69-a1df-e23dedd9b9e0: new RaftServerImpl for group-3405D20EB931:[a36e9b50-74dc-46e0-a7bf-054b64f601c6|rpc:10.1.0.27:46805|priority:1, bc7ccc77-9673-4f45-9632-8b6af895e31c|rpc:10.1.0.27:44307|priority:0, 592255e9-c910-4f69-a1df-e23dedd9b9e0|rpc:10.1.0.27:40627|priority:0] with ContainerStateMachine:uninitialized
2021-10-27 07:37:42,950 [pool-219-thread-1] INFO  server.RaftServerConfigKeys (ConfUtils.java:logGet(44)) - raft.server.rpc.timeout.min = 5s (custom)
2021-10-27 07:37:42,950 [pool-219-thread-1] INFO  server.RaftServerConfigKeys (ConfUtils.java:logGet(44)) - raft.server.rpc.timeout.max = 5200ms (custom)
2021-10-27 07:37:42,950 [pool-219-thread-1] INFO  server.RaftServerConfigKeys (ConfUtils.java:logGet(44)) - raft.server.rpc.sleep.time = 25ms (default)
2021-10-27 07:37:42,950 [pool-219-thread-1] INFO  server.RaftServerConfigKeys (ConfUtils.java:logGet(44)) - raft.server.rpc.slowness.timeout = 300s (custom)
2021-10-27 07:37:42,951 [pool-219-thread-1] INFO  server.RaftServerConfigKeys (ConfUtils.java:logGet(44)) - raft.server.leaderelection.leader.step-down.wait-time = 10s (default)
2021-10-27 07:37:42,951 [pool-219-thread-1] INFO  server.RaftServerConfigKeys (ConfUtils.java:logGet(44)) - raft.server.sleep.deviation.threshold = 300ms (default)
2021-10-27 07:37:42,951 [pool-219-thread-1] INFO  server.RaftServerConfigKeys (ConfUtils.java:logGet(44)) - raft.server.log.appender.install.snapshot.enabled = false (custom)
2021-10-27 07:37:42,951 [pool-219-thread-1] INFO  server.RaftServer$Division (ServerState.java:<init>(105)) - 592255e9-c910-4f69-a1df-e23dedd9b9e0@group-3405D20EB931: ConfigurationManager, init=-1: [a36e9b50-74dc-46e0-a7bf-054b64f601c6|rpc:10.1.0.27:46805|priority:1, bc7ccc77-9673-4f45-9632-8b6af895e31c|rpc:10.1.0.27:44307|priority:0, 592255e9-c910-4f69-a1df-e23dedd9b9e0|rpc:10.1.0.27:40627|priority:0], old=null, confs=<EMPTY_MAP>
2021-10-27 07:37:42,952 [pool-219-thread-1] INFO  server.RaftServerConfigKeys (ConfUtils.java:logGet(44)) - raft.server.storage.dir = [/home/runner/work/ozone/ozone/hadoop-ozone/integration-test/target/test-dir/MiniOzoneClusterImpl-166db4ac-5aa3-4efc-b377-a8ff7cd8c20d/datanode-0/data/ratis] (custom)
2021-10-27 07:37:42,952 [pool-219-thread-1] INFO  server.RaftServerConfigKeys (ConfUtils.java:logGet(44)) - raft.server.log.corruption.policy = EXCEPTION (default)
2021-10-27 07:37:42,952 [pool-219-thread-1] INFO  server.RaftServerConfigKeys (ConfUtils.java:logGet(44)) - raft.server.storage.free-space.min = 0MB (=0) (default)
2021-10-27 07:37:42,952 [pool-219-thread-1] INFO  storage.RaftStorageDirectory (RaftStorageDirectoryImpl.java:analyzeStorage(135)) - The storage directory /home/runner/work/ozone/ozone/hadoop-ozone/integration-test/target/test-dir/MiniOzoneClusterImpl-166db4ac-5aa3-4efc-b377-a8ff7cd8c20d/datanode-0/data/ratis/a680cdcc-543a-4c8d-a2ed-3405d20eb931 does not exist. Creating ...
2021-10-27 07:37:42,954 [pool-219-thread-1] INFO  storage.RaftStorageDirectory (RaftStorageDirectoryImpl.java:tryLock(230)) - Lock on /home/runner/work/ozone/ozone/hadoop-ozone/integration-test/target/test-dir/MiniOzoneClusterImpl-166db4ac-5aa3-4efc-b377-a8ff7cd8c20d/datanode-0/data/ratis/a680cdcc-543a-4c8d-a2ed-3405d20eb931/in_use.lock acquired by nodename 22077@fv-az270-913
2021-10-27 07:37:42,956 [pool-219-thread-1] INFO  storage.RaftStorage (RaftStorageImpl.java:format(89)) - Storage directory /home/runner/work/ozone/ozone/hadoop-ozone/integration-test/target/test-dir/MiniOzoneClusterImpl-166db4ac-5aa3-4efc-b377-a8ff7cd8c20d/datanode-0/data/ratis/a680cdcc-543a-4c8d-a2ed-3405d20eb931 has been successfully formatted.
2021-10-27 07:37:42,956 [pool-219-thread-1] INFO  ratis.ContainerStateMachine (ContainerStateMachine.java:loadSnapshot(224)) - group-3405D20EB931: The snapshot info is null. Setting the last applied indexto:(t:0, i:~)
2021-10-27 07:37:42,956 [pool-219-thread-1] INFO  server.RaftServerConfigKeys (ConfUtils.java:logGet(44)) - raft.server.notification.no-leader.timeout = 300s (custom)
2021-10-27 07:37:42,956 [pool-219-thread-1] INFO  server.RaftServerConfigKeys (ConfUtils.java:logGet(44)) - raft.server.log.use.memory = false (default)
2021-10-27 07:37:42,957 [pool-219-thread-1] INFO  server.RaftServerConfigKeys (ConfUtils.java:logGet(44)) - raft.server.log.purge.gap = 1000000 (custom)
2021-10-27 07:37:42,957 [pool-219-thread-1] INFO  server.RaftServerConfigKeys (ConfUtils.java:logGet(44)) - raft.server.log.appender.buffer.byte-limit = 33554432 (custom)
2021-10-27 07:37:42,958 [EventQueue-OpenPipelineForHealthyPipelineSafeModeRule] INFO  safemode.SCMSafeModeManager (HealthyPipelineSafeModeRule.java:process(124)) - SCM in safe mode. Healthy pipelines reported count is 0, required healthy pipeline reported count is 1
2021-10-27 07:37:42,958 [pool-219-thread-1] INFO  server.RaftServerConfigKeys (ConfUtils.java:logGet(44)) - raft.server.log.segment.size.max = 1048576 (custom)
2021-10-27 07:37:42,959 [pool-219-thread-1] INFO  server.RaftServerConfigKeys (ConfUtils.java:logGet(44)) - raft.server.log.segment.cache.num.max = 2 (custom)
2021-10-27 07:37:42,959 [pool-219-thread-1] INFO  server.RaftServerConfigKeys (ConfUtils.java:logGet(44)) - raft.server.log.segment.cache.size.max = 200MB (=209715200) (default)
2021-10-27 07:37:42,959 [pool-219-thread-1] INFO  segmented.SegmentedRaftLogWorker (SegmentedRaftLogWorker.java:<init>(182)) - new 592255e9-c910-4f69-a1df-e23dedd9b9e0@group-3405D20EB931-SegmentedRaftLogWorker for RaftStorageImpl:Storage Directory /home/runner/work/ozone/ozone/hadoop-ozone/integration-test/target/test-dir/MiniOzoneClusterImpl-166db4ac-5aa3-4efc-b377-a8ff7cd8c20d/datanode-0/data/ratis/a680cdcc-543a-4c8d-a2ed-3405d20eb931
2021-10-27 07:37:42,960 [pool-219-thread-1] INFO  server.RaftServerConfigKeys (ConfUtils.java:logGet(44)) - raft.server.log.queue.byte-limit = 2147483647 (custom)
2021-10-27 07:37:42,960 [pool-219-thread-1] INFO  server.RaftServerConfigKeys (ConfUtils.java:logGet(44)) - raft.server.log.queue.element-limit = 1024 (custom)
2021-10-27 07:37:42,960 [pool-219-thread-1] INFO  server.RaftServerConfigKeys (ConfUtils.java:logGet(44)) - raft.server.log.segment.size.max = 1048576 (custom)
2021-10-27 07:37:42,960 [pool-219-thread-1] INFO  server.RaftServerConfigKeys (ConfUtils.java:logGet(44)) - raft.server.log.preallocated.size = 16384 (custom)
2021-10-27 07:37:42,960 [pool-219-thread-1] INFO  server.RaftServerConfigKeys (ConfUtils.java:logGet(44)) - raft.server.log.force.sync.num = 128 (default)
2021-10-27 07:37:42,960 [pool-219-thread-1] INFO  server.RaftServerConfigKeys (ConfUtils.java:logGet(44)) - raft.server.log.statemachine.data.sync = true (default)
2021-10-27 07:37:42,960 [pool-219-thread-1] INFO  server.RaftServerConfigKeys (ConfUtils.java:logGet(44)) - raft.server.log.statemachine.data.sync.timeout = 10s (default)
2021-10-27 07:37:42,960 [pool-219-thread-1] INFO  server.RaftServerConfigKeys (ConfUtils.java:logGet(44)) - raft.server.log.statemachine.data.sync.timeout.retry = -1 (default)
2021-10-27 07:37:42,964 [pool-219-thread-1] INFO  server.RaftServerConfigKeys (ConfUtils.java:logGet(44)) - raft.server.log.write.buffer.size = 1048576 (custom)
2021-10-27 07:37:42,965 [pool-219-thread-1] INFO  server.RaftServerConfigKeys (ConfUtils.java:logGet(44)) - raft.server.log.statemachine.data.caching.enabled = true (custom)
2021-10-27 07:37:42,965 [pool-219-thread-1] INFO  segmented.SegmentedRaftLogWorker (SegmentedRaftLogWorker.java:lambda$new$0(133)) - 592255e9-c910-4f69-a1df-e23dedd9b9e0@group-3405D20EB931-SegmentedRaftLogWorker: flushIndex: setUnconditionally 0 -> -1
2021-10-27 07:37:42,966 [pool-219-thread-1] INFO  segmented.SegmentedRaftLogWorker (SegmentedRaftLogWorker.java:lambda$new$0(133)) - 592255e9-c910-4f69-a1df-e23dedd9b9e0@group-3405D20EB931-SegmentedRaftLogWorker: safeCacheEvictIndex: setUnconditionally 0 -> -1
2021-10-27 07:37:42,966 [pool-219-thread-1] INFO  server.RaftServerConfigKeys (ConfUtils.java:logGet(44)) - raft.server.snapshot.auto.trigger.enabled = true (custom)
2021-10-27 07:37:42,966 [pool-219-thread-1] INFO  server.RaftServerConfigKeys (ConfUtils.java:logGet(44)) - raft.server.snapshot.auto.trigger.threshold = 10000 (custom)
2021-10-27 07:37:42,966 [pool-219-thread-1] INFO  server.RaftServerConfigKeys (ConfUtils.java:logGet(44)) - raft.server.snapshot.retention.file.num = 5 (custom)
2021-10-27 07:37:42,966 [pool-219-thread-1] INFO  server.RaftServerConfigKeys (ConfUtils.java:logGet(44)) - raft.server.log.purge.upto.snapshot.index = false (default)
2021-10-27 07:37:42,966 [pool-219-thread-1] INFO  server.RaftServerConfigKeys (ConfUtils.java:logGet(44)) - raft.server.retrycache.expirytime = 600000ms (custom)
2021-10-27 07:37:42,966 [pool-219-thread-1] INFO  server.RaftServerConfigKeys (ConfUtils.java:logGet(44)) - raft.server.retrycache.statistics.expirytime = 100μs (default)
2021-10-27 07:37:42,969 [pool-219-thread-1] INFO  server.RaftServer$Division (RaftServerImpl.java:start(301)) - 592255e9-c910-4f69-a1df-e23dedd9b9e0@group-3405D20EB931: start as a follower, conf=-1: [a36e9b50-74dc-46e0-a7bf-054b64f601c6|rpc:10.1.0.27:46805|priority:1, bc7ccc77-9673-4f45-9632-8b6af895e31c|rpc:10.1.0.27:44307|priority:0, 592255e9-c910-4f69-a1df-e23dedd9b9e0|rpc:10.1.0.27:40627|priority:0], old=null
2021-10-27 07:37:42,971 [pool-219-thread-1] INFO  server.RaftServer$Division (RaftServerImpl.java:setRole(290)) - 592255e9-c910-4f69-a1df-e23dedd9b9e0@group-3405D20EB931: changes role from      null to FOLLOWER at term 0 for startAsFollower
2021-10-27 07:37:42,971 [pool-219-thread-1] INFO  impl.RoleInfo (RoleInfo.java:updateAndGet(130)) - 592255e9-c910-4f69-a1df-e23dedd9b9e0: start 592255e9-c910-4f69-a1df-e23dedd9b9e0@group-3405D20EB931-FollowerState
2021-10-27 07:37:42,972 [pool-219-thread-1] INFO  util.JmxRegister (JmxRegister.java:tryRegister(44)) - Successfully registered JMX Bean with object name Ratis:service=RaftServer,group=group-3405D20EB931,id=592255e9-c910-4f69-a1df-e23dedd9b9e0
2021-10-27 07:37:42,973 [Command processor thread] INFO  ratis.XceiverServerRatis (XceiverServerRatis.java:addGroup(768)) - Created group PipelineID=a680cdcc-543a-4c8d-a2ed-3405d20eb931
2021-10-27 07:37:42,990 [grpc-default-executor-0] INFO  server.RaftServer (RaftServerProxy.java:addNew(95)) - a36e9b50-74dc-46e0-a7bf-054b64f601c6: addNew group-3405D20EB931:[a36e9b50-74dc-46e0-a7bf-054b64f601c6|rpc:10.1.0.27:46805|dataStream:|priority:1, bc7ccc77-9673-4f45-9632-8b6af895e31c|rpc:10.1.0.27:44307|dataStream:|priority:0, 592255e9-c910-4f69-a1df-e23dedd9b9e0|rpc:10.1.0.27:40627|dataStream:|priority:0] returns group-3405D20EB931:java.util.concurrent.CompletableFuture@48ad3753[Not completed]
2021-10-27 07:37:42,994 [pool-239-thread-1] INFO  server.RaftServer$Division (RaftServerImpl.java:<init>(184)) - a36e9b50-74dc-46e0-a7bf-054b64f601c6: new RaftServerImpl for group-3405D20EB931:[a36e9b50-74dc-46e0-a7bf-054b64f601c6|rpc:10.1.0.27:46805|dataStream:|priority:1, bc7ccc77-9673-4f45-9632-8b6af895e31c|rpc:10.1.0.27:44307|dataStream:|priority:0, 592255e9-c910-4f69-a1df-e23dedd9b9e0|rpc:10.1.0.27:40627|dataStream:|priority:0] with ContainerStateMachine:uninitialized
2021-10-27 07:37:42,996 [pool-239-thread-1] INFO  server.RaftServerConfigKeys (ConfUtils.java:logGet(44)) - raft.server.rpc.timeout.min = 5s (custom)
2021-10-27 07:37:42,996 [pool-239-thread-1] INFO  server.RaftServerConfigKeys (ConfUtils.java:logGet(44)) - raft.server.rpc.timeout.max = 5200ms (custom)
2021-10-27 07:37:42,996 [pool-239-thread-1] INFO  server.RaftServerConfigKeys (ConfUtils.java:logGet(44)) - raft.server.rpc.sleep.time = 25ms (default)
2021-10-27 07:37:42,996 [pool-239-thread-1] INFO  server.RaftServerConfigKeys (ConfUtils.java:logGet(44)) - raft.server.rpc.slowness.timeout = 300s (custom)
2021-10-27 07:37:42,996 [pool-239-thread-1] INFO  server.RaftServerConfigKeys (ConfUtils.java:logGet(44)) - raft.server.leaderelection.leader.step-down.wait-time = 10s (default)
2021-10-27 07:37:42,997 [pool-239-thread-1] INFO  server.RaftServerConfigKeys (ConfUtils.java:logGet(44)) - raft.server.sleep.deviation.threshold = 300ms (default)
2021-10-27 07:37:42,997 [pool-239-thread-1] INFO  server.RaftServerConfigKeys (ConfUtils.java:logGet(44)) - raft.server.log.appender.install.snapshot.enabled = false (custom)
2021-10-27 07:37:42,997 [pool-239-thread-1] INFO  server.RaftServer$Division (ServerState.java:<init>(105)) - a36e9b50-74dc-46e0-a7bf-054b64f601c6@group-3405D20EB931: ConfigurationManager, init=-1: [a36e9b50-74dc-46e0-a7bf-054b64f601c6|rpc:10.1.0.27:46805|dataStream:|priority:1, bc7ccc77-9673-4f45-9632-8b6af895e31c|rpc:10.1.0.27:44307|dataStream:|priority:0, 592255e9-c910-4f69-a1df-e23dedd9b9e0|rpc:10.1.0.27:40627|dataStream:|priority:0], old=null, confs=<EMPTY_MAP>
2021-10-27 07:37:42,997 [pool-239-thread-1] INFO  server.RaftServerConfigKeys (ConfUtils.java:logGet(44)) - raft.server.storage.dir = [/home/runner/work/ozone/ozone/hadoop-ozone/integration-test/target/test-dir/MiniOzoneClusterImpl-166db4ac-5aa3-4efc-b377-a8ff7cd8c20d/datanode-1/data/ratis] (custom)
2021-10-27 07:37:42,997 [pool-239-thread-1] INFO  server.RaftServerConfigKeys (ConfUtils.java:logGet(44)) - raft.server.log.corruption.policy = EXCEPTION (default)
2021-10-27 07:37:42,997 [pool-239-thread-1] INFO  server.RaftServerConfigKeys (ConfUtils.java:logGet(44)) - raft.server.storage.free-space.min = 0MB (=0) (default)
2021-10-27 07:37:42,998 [pool-239-thread-1] INFO  storage.RaftStorageDirectory (RaftStorageDirectoryImpl.java:analyzeStorage(135)) - The storage directory /home/runner/work/ozone/ozone/hadoop-ozone/integration-test/target/test-dir/MiniOzoneClusterImpl-166db4ac-5aa3-4efc-b377-a8ff7cd8c20d/datanode-1/data/ratis/a680cdcc-543a-4c8d-a2ed-3405d20eb931 does not exist. Creating ...
2021-10-27 07:37:42,999 [pool-239-thread-1] INFO  storage.RaftStorageDirectory (RaftStorageDirectoryImpl.java:tryLock(230)) - Lock on /home/runner/work/ozone/ozone/hadoop-ozone/integration-test/target/test-dir/MiniOzoneClusterImpl-166db4ac-5aa3-4efc-b377-a8ff7cd8c20d/datanode-1/data/ratis/a680cdcc-543a-4c8d-a2ed-3405d20eb931/in_use.lock acquired by nodename 22077@fv-az270-913
2021-10-27 07:37:43,000 [pool-239-thread-1] INFO  storage.RaftStorage (RaftStorageImpl.java:format(89)) - Storage directory /home/runner/work/ozone/ozone/hadoop-ozone/integration-test/target/test-dir/MiniOzoneClusterImpl-166db4ac-5aa3-4efc-b377-a8ff7cd8c20d/datanode-1/data/ratis/a680cdcc-543a-4c8d-a2ed-3405d20eb931 has been successfully formatted.
2021-10-27 07:37:43,006 [pool-239-thread-1] INFO  ratis.ContainerStateMachine (ContainerStateMachine.java:loadSnapshot(224)) - group-3405D20EB931: The snapshot info is null. Setting the last applied indexto:(t:0, i:~)
2021-10-27 07:37:43,006 [pool-239-thread-1] INFO  server.RaftServerConfigKeys (ConfUtils.java:logGet(44)) - raft.server.notification.no-leader.timeout = 300s (custom)
2021-10-27 07:37:43,006 [pool-239-thread-1] INFO  server.RaftServerConfigKeys (ConfUtils.java:logGet(44)) - raft.server.log.use.memory = false (default)
2021-10-27 07:37:43,007 [pool-239-thread-1] INFO  server.RaftServerConfigKeys (ConfUtils.java:logGet(44)) - raft.server.log.purge.gap = 1000000 (custom)
2021-10-27 07:37:43,007 [pool-239-thread-1] INFO  server.RaftServerConfigKeys (ConfUtils.java:logGet(44)) - raft.server.log.appender.buffer.byte-limit = 33554432 (custom)
2021-10-27 07:37:43,012 [pool-239-thread-1] INFO  server.RaftServerConfigKeys (ConfUtils.java:logGet(44)) - raft.server.log.segment.size.max = 1048576 (custom)
2021-10-27 07:37:43,013 [pool-239-thread-1] INFO  server.RaftServerConfigKeys (ConfUtils.java:logGet(44)) - raft.server.log.segment.cache.num.max = 2 (custom)
2021-10-27 07:37:43,014 [pool-239-thread-1] INFO  server.RaftServerConfigKeys (ConfUtils.java:logGet(44)) - raft.server.log.segment.cache.size.max = 200MB (=209715200) (default)
2021-10-27 07:37:43,014 [pool-239-thread-1] INFO  segmented.SegmentedRaftLogWorker (SegmentedRaftLogWorker.java:<init>(182)) - new a36e9b50-74dc-46e0-a7bf-054b64f601c6@group-3405D20EB931-SegmentedRaftLogWorker for RaftStorageImpl:Storage Directory /home/runner/work/ozone/ozone/hadoop-ozone/integration-test/target/test-dir/MiniOzoneClusterImpl-166db4ac-5aa3-4efc-b377-a8ff7cd8c20d/datanode-1/data/ratis/a680cdcc-543a-4c8d-a2ed-3405d20eb931
2021-10-27 07:37:43,014 [pool-239-thread-1] INFO  server.RaftServerConfigKeys (ConfUtils.java:logGet(44)) - raft.server.log.queue.byte-limit = 2147483647 (custom)
2021-10-27 07:37:43,014 [pool-239-thread-1] INFO  server.RaftServerConfigKeys (ConfUtils.java:logGet(44)) - raft.server.log.queue.element-limit = 1024 (custom)
2021-10-27 07:37:43,014 [pool-239-thread-1] INFO  server.RaftServerConfigKeys (ConfUtils.java:logGet(44)) - raft.server.log.segment.size.max = 1048576 (custom)
2021-10-27 07:37:43,014 [pool-239-thread-1] INFO  server.RaftServerConfigKeys (ConfUtils.java:logGet(44)) - raft.server.log.preallocated.size = 16384 (custom)
2021-10-27 07:37:43,014 [pool-239-thread-1] INFO  server.RaftServerConfigKeys (ConfUtils.java:logGet(44)) - raft.server.log.force.sync.num = 128 (default)
2021-10-27 07:37:43,014 [pool-239-thread-1] INFO  server.RaftServerConfigKeys (ConfUtils.java:logGet(44)) - raft.server.log.statemachine.data.sync = true (default)
2021-10-27 07:37:43,014 [pool-239-thread-1] INFO  server.RaftServerConfigKeys (ConfUtils.java:logGet(44)) - raft.server.log.statemachine.data.sync.timeout = 10s (default)
2021-10-27 07:37:43,015 [pool-239-thread-1] INFO  server.RaftServerConfigKeys (ConfUtils.java:logGet(44)) - raft.server.log.statemachine.data.sync.timeout.retry = -1 (default)
2021-10-27 07:37:43,016 [pool-239-thread-1] INFO  server.RaftServerConfigKeys (ConfUtils.java:logGet(44)) - raft.server.log.write.buffer.size = 1048576 (custom)
2021-10-27 07:37:43,017 [pool-239-thread-1] INFO  server.RaftServerConfigKeys (ConfUtils.java:logGet(44)) - raft.server.log.statemachine.data.caching.enabled = true (custom)
2021-10-27 07:37:43,017 [pool-239-thread-1] INFO  segmented.SegmentedRaftLogWorker (SegmentedRaftLogWorker.java:lambda$new$0(133)) - a36e9b50-74dc-46e0-a7bf-054b64f601c6@group-3405D20EB931-SegmentedRaftLogWorker: flushIndex: setUnconditionally 0 -> -1
2021-10-27 07:37:43,017 [pool-239-thread-1] INFO  segmented.SegmentedRaftLogWorker (SegmentedRaftLogWorker.java:lambda$new$0(133)) - a36e9b50-74dc-46e0-a7bf-054b64f601c6@group-3405D20EB931-SegmentedRaftLogWorker: safeCacheEvictIndex: setUnconditionally 0 -> -1
2021-10-27 07:37:43,019 [pool-239-thread-1] INFO  server.RaftServerConfigKeys (ConfUtils.java:logGet(44)) - raft.server.snapshot.auto.trigger.enabled = true (custom)
2021-10-27 07:37:43,019 [pool-239-thread-1] INFO  server.RaftServerConfigKeys (ConfUtils.java:logGet(44)) - raft.server.snapshot.auto.trigger.threshold = 10000 (custom)
2021-10-27 07:37:43,019 [pool-239-thread-1] INFO  server.RaftServerConfigKeys (ConfUtils.java:logGet(44)) - raft.server.snapshot.retention.file.num = 5 (custom)
2021-10-27 07:37:43,019 [pool-239-thread-1] INFO  server.RaftServerConfigKeys (ConfUtils.java:logGet(44)) - raft.server.log.purge.upto.snapshot.index = false (default)
2021-10-27 07:37:43,019 [pool-239-thread-1] INFO  server.RaftServerConfigKeys (ConfUtils.java:logGet(44)) - raft.server.retrycache.expirytime = 600000ms (custom)
2021-10-27 07:37:43,020 [pool-239-thread-1] INFO  server.RaftServerConfigKeys (ConfUtils.java:logGet(44)) - raft.server.retrycache.statistics.expirytime = 100μs (default)
2021-10-27 07:37:43,022 [pool-239-thread-1] INFO  server.RaftServer$Division (RaftServerImpl.java:start(301)) - a36e9b50-74dc-46e0-a7bf-054b64f601c6@group-3405D20EB931: start as a follower, conf=-1: [a36e9b50-74dc-46e0-a7bf-054b64f601c6|rpc:10.1.0.27:46805|dataStream:|priority:1, bc7ccc77-9673-4f45-9632-8b6af895e31c|rpc:10.1.0.27:44307|dataStream:|priority:0, 592255e9-c910-4f69-a1df-e23dedd9b9e0|rpc:10.1.0.27:40627|dataStream:|priority:0], old=null
2021-10-27 07:37:43,022 [pool-239-thread-1] INFO  server.RaftServer$Division (RaftServerImpl.java:setRole(290)) - a36e9b50-74dc-46e0-a7bf-054b64f601c6@group-3405D20EB931: changes role from      null to FOLLOWER at term 0 for startAsFollower
2021-10-27 07:37:43,022 [pool-239-thread-1] INFO  impl.RoleInfo (RoleInfo.java:updateAndGet(130)) - a36e9b50-74dc-46e0-a7bf-054b64f601c6: start a36e9b50-74dc-46e0-a7bf-054b64f601c6@group-3405D20EB931-FollowerState
2021-10-27 07:37:43,023 [pool-239-thread-1] INFO  util.JmxRegister (JmxRegister.java:tryRegister(44)) - Successfully registered JMX Bean with object name Ratis:service=RaftServer,group=group-3405D20EB931,id=a36e9b50-74dc-46e0-a7bf-054b64f601c6
2021-10-27 07:37:43,051 [grpc-default-executor-0] INFO  server.RaftServer (RaftServerProxy.java:addNew(95)) - bc7ccc77-9673-4f45-9632-8b6af895e31c: addNew group-3405D20EB931:[a36e9b50-74dc-46e0-a7bf-054b64f601c6|rpc:10.1.0.27:46805|dataStream:|priority:1, bc7ccc77-9673-4f45-9632-8b6af895e31c|rpc:10.1.0.27:44307|dataStream:|priority:0, 592255e9-c910-4f69-a1df-e23dedd9b9e0|rpc:10.1.0.27:40627|dataStream:|priority:0] returns group-3405D20EB931:java.util.concurrent.CompletableFuture@480c5819[Not completed]
2021-10-27 07:37:43,055 [pool-270-thread-1] INFO  server.RaftServer$Division (RaftServerImpl.java:<init>(184)) - bc7ccc77-9673-4f45-9632-8b6af895e31c: new RaftServerImpl for group-3405D20EB931:[a36e9b50-74dc-46e0-a7bf-054b64f601c6|rpc:10.1.0.27:46805|dataStream:|priority:1, bc7ccc77-9673-4f45-9632-8b6af895e31c|rpc:10.1.0.27:44307|dataStream:|priority:0, 592255e9-c910-4f69-a1df-e23dedd9b9e0|rpc:10.1.0.27:40627|dataStream:|priority:0] with ContainerStateMachine:uninitialized
2021-10-27 07:37:43,065 [pool-270-thread-1] INFO  server.RaftServerConfigKeys (ConfUtils.java:logGet(44)) - raft.server.rpc.timeout.min = 5s (custom)
2021-10-27 07:37:43,065 [pool-270-thread-1] INFO  server.RaftServerConfigKeys (ConfUtils.java:logGet(44)) - raft.server.rpc.timeout.max = 5200ms (custom)
2021-10-27 07:37:43,065 [pool-270-thread-1] INFO  server.RaftServerConfigKeys (ConfUtils.java:logGet(44)) - raft.server.rpc.sleep.time = 25ms (default)
2021-10-27 07:37:43,065 [pool-270-thread-1] INFO  server.RaftServerConfigKeys (ConfUtils.java:logGet(44)) - raft.server.rpc.slowness.timeout = 300s (custom)
2021-10-27 07:37:43,065 [pool-270-thread-1] INFO  server.RaftServerConfigKeys (ConfUtils.java:logGet(44)) - raft.server.leaderelection.leader.step-down.wait-time = 10s (default)
2021-10-27 07:37:43,065 [pool-270-thread-1] INFO  server.RaftServerConfigKeys (ConfUtils.java:logGet(44)) - raft.server.sleep.deviation.threshold = 300ms (default)
2021-10-27 07:37:43,066 [pool-270-thread-1] INFO  server.RaftServerConfigKeys (ConfUtils.java:logGet(44)) - raft.server.log.appender.install.snapshot.enabled = false (custom)
2021-10-27 07:37:43,066 [pool-270-thread-1] INFO  server.RaftServer$Division (ServerState.java:<init>(105)) - bc7ccc77-9673-4f45-9632-8b6af895e31c@group-3405D20EB931: ConfigurationManager, init=-1: [a36e9b50-74dc-46e0-a7bf-054b64f601c6|rpc:10.1.0.27:46805|dataStream:|priority:1, bc7ccc77-9673-4f45-9632-8b6af895e31c|rpc:10.1.0.27:44307|dataStream:|priority:0, 592255e9-c910-4f69-a1df-e23dedd9b9e0|rpc:10.1.0.27:40627|dataStream:|priority:0], old=null, confs=<EMPTY_MAP>
2021-10-27 07:37:43,066 [pool-270-thread-1] INFO  server.RaftServerConfigKeys (ConfUtils.java:logGet(44)) - raft.server.storage.dir = [/home/runner/work/ozone/ozone/hadoop-ozone/integration-test/target/test-dir/MiniOzoneClusterImpl-166db4ac-5aa3-4efc-b377-a8ff7cd8c20d/datanode-2/data/ratis] (custom)
2021-10-27 07:37:43,066 [pool-270-thread-1] INFO  server.RaftServerConfigKeys (ConfUtils.java:logGet(44)) - raft.server.log.corruption.policy = EXCEPTION (default)
2021-10-27 07:37:43,066 [pool-270-thread-1] INFO  server.RaftServerConfigKeys (ConfUtils.java:logGet(44)) - raft.server.storage.free-space.min = 0MB (=0) (default)
2021-10-27 07:37:43,066 [pool-270-thread-1] INFO  storage.RaftStorageDirectory (RaftStorageDirectoryImpl.java:analyzeStorage(135)) - The storage directory /home/runner/work/ozone/ozone/hadoop-ozone/integration-test/target/test-dir/MiniOzoneClusterImpl-166db4ac-5aa3-4efc-b377-a8ff7cd8c20d/datanode-2/data/ratis/a680cdcc-543a-4c8d-a2ed-3405d20eb931 does not exist. Creating ...
2021-10-27 07:37:43,069 [pool-270-thread-1] INFO  storage.RaftStorageDirectory (RaftStorageDirectoryImpl.java:tryLock(230)) - Lock on /home/runner/work/ozone/ozone/hadoop-ozone/integration-test/target/test-dir/MiniOzoneClusterImpl-166db4ac-5aa3-4efc-b377-a8ff7cd8c20d/datanode-2/data/ratis/a680cdcc-543a-4c8d-a2ed-3405d20eb931/in_use.lock acquired by nodename 22077@fv-az270-913
2021-10-27 07:37:43,070 [pool-270-thread-1] INFO  storage.RaftStorage (RaftStorageImpl.java:format(89)) - Storage directory /home/runner/work/ozone/ozone/hadoop-ozone/integration-test/target/test-dir/MiniOzoneClusterImpl-166db4ac-5aa3-4efc-b377-a8ff7cd8c20d/datanode-2/data/ratis/a680cdcc-543a-4c8d-a2ed-3405d20eb931 has been successfully formatted.
2021-10-27 07:37:43,074 [pool-270-thread-1] INFO  ratis.ContainerStateMachine (ContainerStateMachine.java:loadSnapshot(224)) - group-3405D20EB931: The snapshot info is null. Setting the last applied indexto:(t:0, i:~)
2021-10-27 07:37:43,074 [pool-270-thread-1] INFO  server.RaftServerConfigKeys (ConfUtils.java:logGet(44)) - raft.server.notification.no-leader.timeout = 300s (custom)
2021-10-27 07:37:43,075 [pool-270-thread-1] INFO  server.RaftServerConfigKeys (ConfUtils.java:logGet(44)) - raft.server.log.use.memory = false (default)
2021-10-27 07:37:43,075 [pool-270-thread-1] INFO  server.RaftServerConfigKeys (ConfUtils.java:logGet(44)) - raft.server.log.purge.gap = 1000000 (custom)
2021-10-27 07:37:43,075 [pool-270-thread-1] INFO  server.RaftServerConfigKeys (ConfUtils.java:logGet(44)) - raft.server.log.appender.buffer.byte-limit = 33554432 (custom)
2021-10-27 07:37:43,075 [DatanodeAdminManager-0] INFO  node.DatanodeAdminMonitorImpl (DatanodeAdminMonitorImpl.java:checkContainersReplicatedOnNode(306)) - 8a5d7503-46af-43fb-b7e0-e0dcb22c5f77{ip: 10.1.0.27, host: fv-az270-913.tacnzluakwdehk1hpragurqkma.bx.internal.cloudapp.net, ports: [REPLICATION=39633, RATIS=45441, RATIS_ADMIN=45441, RATIS_SERVER=45441, STANDALONE=45417], networkLocation: /default-rack, certSerialId: null, persistedOpState: DECOMMISSIONING, persistedOpStateExpiryEpochSec: 0} has 0 sufficientlyReplicated, 3 underReplicated and 0 unhealthy containers
2021-10-27 07:37:43,078 [DatanodeAdminManager-0] INFO  node.DatanodeAdminMonitorImpl (DatanodeAdminMonitorImpl.java:run(137)) - There are 1 nodes tracked for decommission and maintenance. 0 pending nodes.
2021-10-27 07:37:43,078 [pool-270-thread-1] INFO  server.RaftServerConfigKeys (ConfUtils.java:logGet(44)) - raft.server.log.segment.size.max = 1048576 (custom)
2021-10-27 07:37:43,079 [pool-270-thread-1] INFO  server.RaftServerConfigKeys (ConfUtils.java:logGet(44)) - raft.server.log.segment.cache.num.max = 2 (custom)
2021-10-27 07:37:43,079 [pool-270-thread-1] INFO  server.RaftServerConfigKeys (ConfUtils.java:logGet(44)) - raft.server.log.segment.cache.size.max = 200MB (=209715200) (default)
2021-10-27 07:37:43,079 [pool-270-thread-1] INFO  segmented.SegmentedRaftLogWorker (SegmentedRaftLogWorker.java:<init>(182)) - new bc7ccc77-9673-4f45-9632-8b6af895e31c@group-3405D20EB931-SegmentedRaftLogWorker for RaftStorageImpl:Storage Directory /home/runner/work/ozone/ozone/hadoop-ozone/integration-test/target/test-dir/MiniOzoneClusterImpl-166db4ac-5aa3-4efc-b377-a8ff7cd8c20d/datanode-2/data/ratis/a680cdcc-543a-4c8d-a2ed-3405d20eb931
2021-10-27 07:37:43,079 [pool-270-thread-1] INFO  server.RaftServerConfigKeys (ConfUtils.java:logGet(44)) - raft.server.log.queue.byte-limit = 2147483647 (custom)
2021-10-27 07:37:43,079 [pool-270-thread-1] INFO  server.RaftServerConfigKeys (ConfUtils.java:logGet(44)) - raft.server.log.queue.element-limit = 1024 (custom)
2021-10-27 07:37:43,079 [pool-270-thread-1] INFO  server.RaftServerConfigKeys (ConfUtils.java:logGet(44)) - raft.server.log.segment.size.max = 1048576 (custom)
2021-10-27 07:37:43,079 [pool-270-thread-1] INFO  server.RaftServerConfigKeys (ConfUtils.java:logGet(44)) - raft.server.log.preallocated.size = 16384 (custom)
2021-10-27 07:37:43,080 [pool-270-thread-1] INFO  server.RaftServerConfigKeys (ConfUtils.java:logGet(44)) - raft.server.log.force.sync.num = 128 (default)
2021-10-27 07:37:43,080 [pool-270-thread-1] INFO  server.RaftServerConfigKeys (ConfUtils.java:logGet(44)) - raft.server.log.statemachine.data.sync = true (default)
2021-10-27 07:37:43,080 [pool-270-thread-1] INFO  server.RaftServerConfigKeys (ConfUtils.java:logGet(44)) - raft.server.log.statemachine.data.sync.timeout = 10s (default)
2021-10-27 07:37:43,080 [pool-270-thread-1] INFO  server.RaftServerConfigKeys (ConfUtils.java:logGet(44)) - raft.server.log.statemachine.data.sync.timeout.retry = -1 (default)
2021-10-27 07:37:43,082 [pool-270-thread-1] INFO  server.RaftServerConfigKeys (ConfUtils.java:logGet(44)) - raft.server.log.write.buffer.size = 1048576 (custom)
2021-10-27 07:37:43,083 [pool-270-thread-1] INFO  server.RaftServerConfigKeys (ConfUtils.java:logGet(44)) - raft.server.log.statemachine.data.caching.enabled = true (custom)
2021-10-27 07:37:43,083 [pool-270-thread-1] INFO  segmented.SegmentedRaftLogWorker (SegmentedRaftLogWorker.java:lambda$new$0(133)) - bc7ccc77-9673-4f45-9632-8b6af895e31c@group-3405D20EB931-SegmentedRaftLogWorker: flushIndex: setUnconditionally 0 -> -1
2021-10-27 07:37:43,083 [pool-270-thread-1] INFO  segmented.SegmentedRaftLogWorker (SegmentedRaftLogWorker.java:lambda$new$0(133)) - bc7ccc77-9673-4f45-9632-8b6af895e31c@group-3405D20EB931-SegmentedRaftLogWorker: safeCacheEvictIndex: setUnconditionally 0 -> -1
2021-10-27 07:37:43,085 [pool-270-thread-1] INFO  server.RaftServerConfigKeys (ConfUtils.java:logGet(44)) - raft.server.snapshot.auto.trigger.enabled = true (custom)
2021-10-27 07:37:43,085 [pool-270-thread-1] INFO  server.RaftServerConfigKeys (ConfUtils.java:logGet(44)) - raft.server.snapshot.auto.trigger.threshold = 10000 (custom)
2021-10-27 07:37:43,085 [pool-270-thread-1] INFO  server.RaftServerConfigKeys (ConfUtils.java:logGet(44)) - raft.server.snapshot.retention.file.num = 5 (custom)
2021-10-27 07:37:43,085 [pool-270-thread-1] INFO  server.RaftServerConfigKeys (ConfUtils.java:logGet(44)) - raft.server.log.purge.upto.snapshot.index = false (default)
2021-10-27 07:37:43,085 [pool-270-thread-1] INFO  server.RaftServerConfigKeys (ConfUtils.java:logGet(44)) - raft.server.retrycache.expirytime = 600000ms (custom)
2021-10-27 07:37:43,085 [pool-270-thread-1] INFO  server.RaftServerConfigKeys (ConfUtils.java:logGet(44)) - raft.server.retrycache.statistics.expirytime = 100μs (default)
2021-10-27 07:37:43,087 [pool-270-thread-1] INFO  server.RaftServer$Division (RaftServerImpl.java:start(301)) - bc7ccc77-9673-4f45-9632-8b6af895e31c@group-3405D20EB931: start as a follower, conf=-1: [a36e9b50-74dc-46e0-a7bf-054b64f601c6|rpc:10.1.0.27:46805|dataStream:|priority:1, bc7ccc77-9673-4f45-9632-8b6af895e31c|rpc:10.1.0.27:44307|dataStream:|priority:0, 592255e9-c910-4f69-a1df-e23dedd9b9e0|rpc:10.1.0.27:40627|dataStream:|priority:0], old=null
2021-10-27 07:37:43,087 [pool-270-thread-1] INFO  server.RaftServer$Division (RaftServerImpl.java:setRole(290)) - bc7ccc77-9673-4f45-9632-8b6af895e31c@group-3405D20EB931: changes role from      null to FOLLOWER at term 0 for startAsFollower
2021-10-27 07:37:43,087 [pool-270-thread-1] INFO  impl.RoleInfo (RoleInfo.java:updateAndGet(130)) - bc7ccc77-9673-4f45-9632-8b6af895e31c: start bc7ccc77-9673-4f45-9632-8b6af895e31c@group-3405D20EB931-FollowerState
2021-10-27 07:37:43,089 [pool-270-thread-1] INFO  util.JmxRegister (JmxRegister.java:tryRegister(44)) - Successfully registered JMX Bean with object name Ratis:service=RaftServer,group=group-3405D20EB931,id=bc7ccc77-9673-4f45-9632-8b6af895e31c
2021-10-27 07:37:43,120 [Command processor thread] INFO  commandhandler.CreatePipelineCommandHandler (CreatePipelineCommandHandler.java:handle(106)) - Created Pipeline RATIS THREE PipelineID=a680cdcc-543a-4c8d-a2ed-3405d20eb931.
2021-10-27 07:37:43,181 [ReplicationMonitor] INFO  container.ReplicationManager (ReplicationManager.java:forceCloseContainer(1073)) - Force closing container #1 with BCSID 26, which is in QUASI_CLOSED state.
2021-10-27 07:37:43,181 [ReplicationMonitor] INFO  container.ReplicationManager (ReplicationManager.java:sendCloseCommand(1482)) - Sending close container command for container #1 to datanode 8a5d7503-46af-43fb-b7e0-e0dcb22c5f77{ip: 10.1.0.27, host: fv-az270-913.tacnzluakwdehk1hpragurqkma.bx.internal.cloudapp.net, ports: [REPLICATION=39633, RATIS=45441, RATIS_ADMIN=45441, RATIS_SERVER=45441, STANDALONE=45417], networkLocation: /default-rack, certSerialId: null, persistedOpState: DECOMMISSIONING, persistedOpStateExpiryEpochSec: 0}.
2021-10-27 07:37:43,181 [ReplicationMonitor] INFO  container.ReplicationManager (ReplicationManager.java:sendCloseCommand(1482)) - Sending close container command for container #1 to datanode 29e37468-b3e4-401f-97cc-6f4d8466f30b{ip: 10.1.0.27, host: fv-az270-913.tacnzluakwdehk1hpragurqkma.bx.internal.cloudapp.net, ports: [REPLICATION=40637, RATIS=44085, RATIS_ADMIN=44085, RATIS_SERVER=44085, STANDALONE=32881], networkLocation: /default-rack, certSerialId: null, persistedOpState: IN_SERVICE, persistedOpStateExpiryEpochSec: 0}.
2021-10-27 07:37:43,182 [ReplicationMonitor] INFO  container.ReplicationManager (ReplicationManager.java:sendCloseCommand(1482)) - Sending close container command for container #1 to datanode 782939c9-076d-4829-92e4-0049f0e10c2b{ip: 10.1.0.27, host: fv-az270-913.tacnzluakwdehk1hpragurqkma.bx.internal.cloudapp.net, ports: [REPLICATION=42433, RATIS=40741, RATIS_ADMIN=40741, RATIS_SERVER=40741, STANDALONE=39529], networkLocation: /default-rack, certSerialId: null, persistedOpState: IN_SERVICE, persistedOpStateExpiryEpochSec: 0}.
2021-10-27 07:37:43,182 [ReplicationMonitor] INFO  container.ReplicationManager (ReplicationManager.java:forceCloseContainer(1073)) - Force closing container #5 with BCSID 30, which is in QUASI_CLOSED state.
2021-10-27 07:37:43,182 [ReplicationMonitor] INFO  container.ReplicationManager (ReplicationManager.java:sendCloseCommand(1482)) - Sending close container command for container #5 to datanode 782939c9-076d-4829-92e4-0049f0e10c2b{ip: 10.1.0.27, host: fv-az270-913.tacnzluakwdehk1hpragurqkma.bx.internal.cloudapp.net, ports: [REPLICATION=42433, RATIS=40741, RATIS_ADMIN=40741, RATIS_SERVER=40741, STANDALONE=39529], networkLocation: /default-rack, certSerialId: null, persistedOpState: IN_SERVICE, persistedOpStateExpiryEpochSec: 0}.
2021-10-27 07:37:43,182 [ReplicationMonitor] INFO  container.ReplicationManager (ReplicationManager.java:sendCloseCommand(1482)) - Sending close container command for container #5 to datanode 8a5d7503-46af-43fb-b7e0-e0dcb22c5f77{ip: 10.1.0.27, host: fv-az270-913.tacnzluakwdehk1hpragurqkma.bx.internal.cloudapp.net, ports: [REPLICATION=39633, RATIS=45441, RATIS_ADMIN=45441, RATIS_SERVER=45441, STANDALONE=45417], networkLocation: /default-rack, certSerialId: null, persistedOpState: DECOMMISSIONING, persistedOpStateExpiryEpochSec: 0}.
2021-10-27 07:37:43,182 [ReplicationMonitor] INFO  container.ReplicationManager (ReplicationManager.java:sendCloseCommand(1482)) - Sending close container command for container #5 to datanode 29e37468-b3e4-401f-97cc-6f4d8466f30b{ip: 10.1.0.27, host: fv-az270-913.tacnzluakwdehk1hpragurqkma.bx.internal.cloudapp.net, ports: [REPLICATION=40637, RATIS=44085, RATIS_ADMIN=44085, RATIS_SERVER=44085, STANDALONE=32881], networkLocation: /default-rack, certSerialId: null, persistedOpState: IN_SERVICE, persistedOpStateExpiryEpochSec: 0}.
2021-10-27 07:37:43,182 [ReplicationMonitor] INFO  container.ReplicationManager (ReplicationManager.java:forceCloseContainer(1073)) - Force closing container #6 with BCSID 34, which is in QUASI_CLOSED state.
2021-10-27 07:37:43,182 [ReplicationMonitor] INFO  container.ReplicationManager (ReplicationManager.java:sendCloseCommand(1482)) - Sending close container command for container #6 to datanode 8a5d7503-46af-43fb-b7e0-e0dcb22c5f77{ip: 10.1.0.27, host: fv-az270-913.tacnzluakwdehk1hpragurqkma.bx.internal.cloudapp.net, ports: [REPLICATION=39633, RATIS=45441, RATIS_ADMIN=45441, RATIS_SERVER=45441, STANDALONE=45417], networkLocation: /default-rack, certSerialId: null, persistedOpState: DECOMMISSIONING, persistedOpStateExpiryEpochSec: 0}.
2021-10-27 07:37:43,182 [ReplicationMonitor] INFO  container.ReplicationManager (ReplicationManager.java:sendCloseCommand(1482)) - Sending close container command for container #6 to datanode 29e37468-b3e4-401f-97cc-6f4d8466f30b{ip: 10.1.0.27, host: fv-az270-913.tacnzluakwdehk1hpragurqkma.bx.internal.cloudapp.net, ports: [REPLICATION=40637, RATIS=44085, RATIS_ADMIN=44085, RATIS_SERVER=44085, STANDALONE=32881], networkLocation: /default-rack, certSerialId: null, persistedOpState: IN_SERVICE, persistedOpStateExpiryEpochSec: 0}.
2021-10-27 07:37:43,182 [ReplicationMonitor] INFO  container.ReplicationManager (ReplicationManager.java:sendCloseCommand(1482)) - Sending close container command for container #6 to datanode 782939c9-076d-4829-92e4-0049f0e10c2b{ip: 10.1.0.27, host: fv-az270-913.tacnzluakwdehk1hpragurqkma.bx.internal.cloudapp.net, ports: [REPLICATION=42433, RATIS=40741, RATIS_ADMIN=40741, RATIS_SERVER=40741, STANDALONE=39529], networkLocation: /default-rack, certSerialId: null, persistedOpState: IN_SERVICE, persistedOpStateExpiryEpochSec: 0}.
2021-10-27 07:37:43,182 [ReplicationMonitor] INFO  container.ReplicationManager (ReplicationManager.java:processAll(371)) - Replication Monitor Thread took 2 milliseconds for processing 6 containers.
2021-10-27 07:37:43,369 [Listener at 127.0.0.1/33029] INFO  ozone.MiniOzoneClusterImpl (MiniOzoneClusterImpl.java:lambda$waitForClusterToBeReady$0(235)) - Nodes are ready. Got 6 of 6 DN Heartbeats.
2021-10-27 07:37:43,369 [Listener at 127.0.0.1/33029] INFO  ozone.MiniOzoneClusterImpl (MiniOzoneClusterImpl.java:lambda$waitForClusterToBeReady$0(238)) - Waiting for cluster to exit safe mode
2021-10-27 07:37:43,369 [Listener at 127.0.0.1/33029] INFO  ozone.MiniOzoneClusterImpl (MiniOzoneClusterImpl.java:lambda$waitForClusterToBeReady$0(240)) - SCM became leader
2021-10-27 07:37:43,381 [Command processor thread] INFO  server.RaftServer (RaftServerProxy.java:addNew(95)) - a36e9b50-74dc-46e0-a7bf-054b64f601c6: addNew group-BFE7495CE4E8:[a36e9b50-74dc-46e0-a7bf-054b64f601c6|rpc:10.1.0.27:46805|priority:1] returns group-BFE7495CE4E8:java.util.concurrent.CompletableFuture@3b5f3eae[Not completed]
2021-10-27 07:37:43,382 [pool-239-thread-1] INFO  server.RaftServer$Division (RaftServerImpl.java:<init>(184)) - a36e9b50-74dc-46e0-a7bf-054b64f601c6: new RaftServerImpl for group-BFE7495CE4E8:[a36e9b50-74dc-46e0-a7bf-054b64f601c6|rpc:10.1.0.27:46805|priority:1] with ContainerStateMachine:uninitialized
2021-10-27 07:37:43,383 [pool-239-thread-1] INFO  server.RaftServerConfigKeys (ConfUtils.java:logGet(44)) - raft.server.rpc.timeout.min = 5s (custom)
2021-10-27 07:37:43,383 [pool-239-thread-1] INFO  server.RaftServerConfigKeys (ConfUtils.java:logGet(44)) - raft.server.rpc.timeout.max = 5200ms (custom)
2021-10-27 07:37:43,383 [pool-239-thread-1] INFO  server.RaftServerConfigKeys (ConfUtils.java:logGet(44)) - raft.server.rpc.sleep.time = 25ms (default)
2021-10-27 07:37:43,383 [pool-239-thread-1] INFO  server.RaftServerConfigKeys (ConfUtils.java:logGet(44)) - raft.server.rpc.slowness.timeout = 300s (custom)
2021-10-27 07:37:43,383 [pool-239-thread-1] INFO  server.RaftServerConfigKeys (ConfUtils.java:logGet(44)) - raft.server.leaderelection.leader.step-down.wait-time = 10s (default)
2021-10-27 07:37:43,383 [pool-239-thread-1] INFO  server.RaftServerConfigKeys (ConfUtils.java:logGet(44)) - raft.server.sleep.deviation.threshold = 300ms (default)
2021-10-27 07:37:43,383 [pool-239-thread-1] INFO  server.RaftServerConfigKeys (ConfUtils.java:logGet(44)) - raft.server.log.appender.install.snapshot.enabled = false (custom)
2021-10-27 07:37:43,383 [pool-239-thread-1] INFO  server.RaftServer$Division (ServerState.java:<init>(105)) - a36e9b50-74dc-46e0-a7bf-054b64f601c6@group-BFE7495CE4E8: ConfigurationManager, init=-1: [a36e9b50-74dc-46e0-a7bf-054b64f601c6|rpc:10.1.0.27:46805|priority:1], old=null, confs=<EMPTY_MAP>
2021-10-27 07:37:43,383 [pool-239-thread-1] INFO  server.RaftServerConfigKeys (ConfUtils.java:logGet(44)) - raft.server.storage.dir = [/home/runner/work/ozone/ozone/hadoop-ozone/integration-test/target/test-dir/MiniOzoneClusterImpl-166db4ac-5aa3-4efc-b377-a8ff7cd8c20d/datanode-1/data/ratis] (custom)
2021-10-27 07:37:43,383 [pool-239-thread-1] INFO  server.RaftServerConfigKeys (ConfUtils.java:logGet(44)) - raft.server.log.corruption.policy = EXCEPTION (default)
2021-10-27 07:37:43,384 [pool-239-thread-1] INFO  server.RaftServerConfigKeys (ConfUtils.java:logGet(44)) - raft.server.storage.free-space.min = 0MB (=0) (default)
2021-10-27 07:37:43,384 [pool-239-thread-1] INFO  storage.RaftStorageDirectory (RaftStorageDirectoryImpl.java:analyzeStorage(135)) - The storage directory /home/runner/work/ozone/ozone/hadoop-ozone/integration-test/target/test-dir/MiniOzoneClusterImpl-166db4ac-5aa3-4efc-b377-a8ff7cd8c20d/datanode-1/data/ratis/b4195666-ed7a-40b6-88d7-bfe7495ce4e8 does not exist. Creating ...
2021-10-27 07:37:43,385 [pool-239-thread-1] INFO  storage.RaftStorageDirectory (RaftStorageDirectoryImpl.java:tryLock(230)) - Lock on /home/runner/work/ozone/ozone/hadoop-ozone/integration-test/target/test-dir/MiniOzoneClusterImpl-166db4ac-5aa3-4efc-b377-a8ff7cd8c20d/datanode-1/data/ratis/b4195666-ed7a-40b6-88d7-bfe7495ce4e8/in_use.lock acquired by nodename 22077@fv-az270-913
2021-10-27 07:37:43,387 [pool-239-thread-1] INFO  storage.RaftStorage (RaftStorageImpl.java:format(89)) - Storage directory /home/runner/work/ozone/ozone/hadoop-ozone/integration-test/target/test-dir/MiniOzoneClusterImpl-166db4ac-5aa3-4efc-b377-a8ff7cd8c20d/datanode-1/data/ratis/b4195666-ed7a-40b6-88d7-bfe7495ce4e8 has been successfully formatted.
2021-10-27 07:37:43,388 [pool-239-thread-1] INFO  ratis.ContainerStateMachine (ContainerStateMachine.java:loadSnapshot(224)) - group-BFE7495CE4E8: The snapshot info is null. Setting the last applied indexto:(t:0, i:~)
2021-10-27 07:37:43,388 [pool-239-thread-1] INFO  server.RaftServerConfigKeys (ConfUtils.java:logGet(44)) - raft.server.notification.no-leader.timeout = 300s (custom)
2021-10-27 07:37:43,388 [pool-239-thread-1] INFO  server.RaftServerConfigKeys (ConfUtils.java:logGet(44)) - raft.server.log.use.memory = false (default)
2021-10-27 07:37:43,388 [pool-239-thread-1] INFO  server.RaftServerConfigKeys (ConfUtils.java:logGet(44)) - raft.server.log.purge.gap = 1000000 (custom)
2021-10-27 07:37:43,388 [pool-239-thread-1] INFO  server.RaftServerConfigKeys (ConfUtils.java:logGet(44)) - raft.server.log.appender.buffer.byte-limit = 33554432 (custom)
2021-10-27 07:37:43,389 [pool-239-thread-1] INFO  server.RaftServerConfigKeys (ConfUtils.java:logGet(44)) - raft.server.log.segment.size.max = 1048576 (custom)
2021-10-27 07:37:43,390 [EventQueue-PipelineReportForPipelineReportHandler] INFO  pipeline.PipelineManagerImpl (PipelineManagerImpl.java:openPipeline(289)) - Pipeline Pipeline[ Id: b4195666-ed7a-40b6-88d7-bfe7495ce4e8, Nodes: a36e9b50-74dc-46e0-a7bf-054b64f601c6{ip: 10.1.0.27, host: fv-az270-913.tacnzluakwdehk1hpragurqkma.bx.internal.cloudapp.net, ports: [REPLICATION=36953, RATIS=46805, RATIS_ADMIN=46805, RATIS_SERVER=46805, STANDALONE=35051], networkLocation: /default-rack, certSerialId: null, persistedOpState: IN_SERVICE, persistedOpStateExpiryEpochSec: 0}, ReplicationConfig: RATIS/ONE, State:ALLOCATED, leaderId:a36e9b50-74dc-46e0-a7bf-054b64f601c6, CreationTimestamp2021-10-27T07:37:40.383Z[Etc/UTC]] moved to OPEN state
2021-10-27 07:37:43,390 [EventQueue-OpenPipelineForHealthyPipelineSafeModeRule] INFO  safemode.SCMSafeModeManager (HealthyPipelineSafeModeRule.java:process(124)) - SCM in safe mode. Healthy pipelines reported count is 0, required healthy pipeline reported count is 1
2021-10-27 07:37:43,393 [pool-239-thread-1] INFO  server.RaftServerConfigKeys (ConfUtils.java:logGet(44)) - raft.server.log.segment.cache.num.max = 2 (custom)
2021-10-27 07:37:43,393 [pool-239-thread-1] INFO  server.RaftServerConfigKeys (ConfUtils.java:logGet(44)) - raft.server.log.segment.cache.size.max = 200MB (=209715200) (default)
2021-10-27 07:37:43,393 [pool-239-thread-1] INFO  segmented.SegmentedRaftLogWorker (SegmentedRaftLogWorker.java:<init>(182)) - new a36e9b50-74dc-46e0-a7bf-054b64f601c6@group-BFE7495CE4E8-SegmentedRaftLogWorker for RaftStorageImpl:Storage Directory /home/runner/work/ozone/ozone/hadoop-ozone/integration-test/target/test-dir/MiniOzoneClusterImpl-166db4ac-5aa3-4efc-b377-a8ff7cd8c20d/datanode-1/data/ratis/b4195666-ed7a-40b6-88d7-bfe7495ce4e8
2021-10-27 07:37:43,393 [pool-239-thread-1] INFO  server.RaftServerConfigKeys (ConfUtils.java:logGet(44)) - raft.server.log.queue.byte-limit = 2147483647 (custom)
2021-10-27 07:37:43,393 [pool-239-thread-1] INFO  server.RaftServerConfigKeys (ConfUtils.java:logGet(44)) - raft.server.log.queue.element-limit = 1024 (custom)
2021-10-27 07:37:43,393 [pool-239-thread-1] INFO  server.RaftServerConfigKeys (ConfUtils.java:logGet(44)) - raft.server.log.segment.size.max = 1048576 (custom)
2021-10-27 07:37:43,393 [pool-239-thread-1] INFO  server.RaftServerConfigKeys (ConfUtils.java:logGet(44)) - raft.server.log.preallocated.size = 16384 (custom)
2021-10-27 07:37:43,393 [pool-239-thread-1] INFO  server.RaftServerConfigKeys (ConfUtils.java:logGet(44)) - raft.server.log.force.sync.num = 128 (default)
2021-10-27 07:37:43,393 [pool-239-thread-1] INFO  server.RaftServerConfigKeys (ConfUtils.java:logGet(44)) - raft.server.log.statemachine.data.sync = true (default)
2021-10-27 07:37:43,393 [pool-239-thread-1] INFO  server.RaftServerConfigKeys (ConfUtils.java:logGet(44)) - raft.server.log.statemachine.data.sync.timeout = 10s (default)
2021-10-27 07:37:43,394 [pool-239-thread-1] INFO  server.RaftServerConfigKeys (ConfUtils.java:logGet(44)) - raft.server.log.statemachine.data.sync.timeout.retry = -1 (default)
2021-10-27 07:37:43,395 [pool-239-thread-1] INFO  server.RaftServerConfigKeys (ConfUtils.java:logGet(44)) - raft.server.log.write.buffer.size = 1048576 (custom)
2021-10-27 07:37:43,396 [pool-239-thread-1] INFO  server.RaftServerConfigKeys (ConfUtils.java:logGet(44)) - raft.server.log.statemachine.data.caching.enabled = true (custom)
2021-10-27 07:37:43,396 [pool-239-thread-1] INFO  segmented.SegmentedRaftLogWorker (SegmentedRaftLogWorker.java:lambda$new$0(133)) - a36e9b50-74dc-46e0-a7bf-054b64f601c6@group-BFE7495CE4E8-SegmentedRaftLogWorker: flushIndex: setUnconditionally 0 -> -1
2021-10-27 07:37:43,396 [pool-239-thread-1] INFO  segmented.SegmentedRaftLogWorker (SegmentedRaftLogWorker.java:lambda$new$0(133)) - a36e9b50-74dc-46e0-a7bf-054b64f601c6@group-BFE7495CE4E8-SegmentedRaftLogWorker: safeCacheEvictIndex: setUnconditionally 0 -> -1
2021-10-27 07:37:43,397 [pool-239-thread-1] INFO  server.RaftServerConfigKeys (ConfUtils.java:logGet(44)) - raft.server.snapshot.auto.trigger.enabled = true (custom)
2021-10-27 07:37:43,397 [pool-239-thread-1] INFO  server.RaftServerConfigKeys (ConfUtils.java:logGet(44)) - raft.server.snapshot.auto.trigger.threshold = 10000 (custom)
2021-10-27 07:37:43,397 [pool-239-thread-1] INFO  server.RaftServerConfigKeys (ConfUtils.java:logGet(44)) - raft.server.snapshot.retention.file.num = 5 (custom)
2021-10-27 07:37:43,397 [pool-239-thread-1] INFO  server.RaftServerConfigKeys (ConfUtils.java:logGet(44)) - raft.server.log.purge.upto.snapshot.index = false (default)
2021-10-27 07:37:43,397 [pool-239-thread-1] INFO  server.RaftServerConfigKeys (ConfUtils.java:logGet(44)) - raft.server.retrycache.expirytime = 600000ms (custom)
2021-10-27 07:37:43,397 [pool-239-thread-1] INFO  server.RaftServerConfigKeys (ConfUtils.java:logGet(44)) - raft.server.retrycache.statistics.expirytime = 100μs (default)
2021-10-27 07:37:43,399 [pool-239-thread-1] INFO  server.RaftServer$Division (RaftServerImpl.java:start(301)) - a36e9b50-74dc-46e0-a7bf-054b64f601c6@group-BFE7495CE4E8: start as a follower, conf=-1: [a36e9b50-74dc-46e0-a7bf-054b64f601c6|rpc:10.1.0.27:46805|priority:1], old=null
2021-10-27 07:37:43,399 [pool-239-thread-1] INFO  server.RaftServer$Division (RaftServerImpl.java:setRole(290)) - a36e9b50-74dc-46e0-a7bf-054b64f601c6@group-BFE7495CE4E8: changes role from      null to FOLLOWER at term 0 for startAsFollower
2021-10-27 07:37:43,399 [pool-239-thread-1] INFO  impl.RoleInfo (RoleInfo.java:updateAndGet(130)) - a36e9b50-74dc-46e0-a7bf-054b64f601c6: start a36e9b50-74dc-46e0-a7bf-054b64f601c6@group-BFE7495CE4E8-FollowerState
2021-10-27 07:37:43,400 [pool-239-thread-1] INFO  util.JmxRegister (JmxRegister.java:tryRegister(44)) - Successfully registered JMX Bean with object name Ratis:service=RaftServer,group=group-BFE7495CE4E8,id=a36e9b50-74dc-46e0-a7bf-054b64f601c6
2021-10-27 07:37:43,401 [Command processor thread] INFO  ratis.XceiverServerRatis (XceiverServerRatis.java:addGroup(768)) - Created group PipelineID=b4195666-ed7a-40b6-88d7-bfe7495ce4e8
2021-10-27 07:37:43,401 [Command processor thread] INFO  commandhandler.CreatePipelineCommandHandler (CreatePipelineCommandHandler.java:handle(106)) - Created Pipeline RATIS ONE PipelineID=b4195666-ed7a-40b6-88d7-bfe7495ce4e8.
2021-10-27 07:37:43,491 [ReplicationMonitor] INFO  container.ReplicationManager (ReplicationManager.java:processAll(371)) - Replication Monitor Thread took 0 milliseconds for processing 0 containers.
2021-10-27 07:37:43,847 [Command processor thread] INFO  server.RaftServer (RaftServerProxy.java:addNew(95)) - bc7ccc77-9673-4f45-9632-8b6af895e31c: addNew group-6238D03390A6:[bc7ccc77-9673-4f45-9632-8b6af895e31c|rpc:10.1.0.27:44307|priority:1] returns group-6238D03390A6:java.util.concurrent.CompletableFuture@59928f61[Not completed]
2021-10-27 07:37:43,849 [pool-270-thread-1] INFO  server.RaftServer$Division (RaftServerImpl.java:<init>(184)) - bc7ccc77-9673-4f45-9632-8b6af895e31c: new RaftServerImpl for group-6238D03390A6:[bc7ccc77-9673-4f45-9632-8b6af895e31c|rpc:10.1.0.27:44307|priority:1] with ContainerStateMachine:uninitialized
2021-10-27 07:37:43,849 [pool-270-thread-1] INFO  server.RaftServerConfigKeys (ConfUtils.java:logGet(44)) - raft.server.rpc.timeout.min = 5s (custom)
2021-10-27 07:37:43,849 [pool-270-thread-1] INFO  server.RaftServerConfigKeys (ConfUtils.java:logGet(44)) - raft.server.rpc.timeout.max = 5200ms (custom)
2021-10-27 07:37:43,849 [pool-270-thread-1] INFO  server.RaftServerConfigKeys (ConfUtils.java:logGet(44)) - raft.server.rpc.sleep.time = 25ms (default)
2021-10-27 07:37:43,850 [pool-270-thread-1] INFO  server.RaftServerConfigKeys (ConfUtils.java:logGet(44)) - raft.server.rpc.slowness.timeout = 300s (custom)
2021-10-27 07:37:43,850 [pool-270-thread-1] INFO  server.RaftServerConfigKeys (ConfUtils.java:logGet(44)) - raft.server.leaderelection.leader.step-down.wait-time = 10s (default)
2021-10-27 07:37:43,850 [pool-270-thread-1] INFO  server.RaftServerConfigKeys (ConfUtils.java:logGet(44)) - raft.server.sleep.deviation.threshold = 300ms (default)
2021-10-27 07:37:43,850 [pool-270-thread-1] INFO  server.RaftServerConfigKeys (ConfUtils.java:logGet(44)) - raft.server.log.appender.install.snapshot.enabled = false (custom)
2021-10-27 07:37:43,850 [pool-270-thread-1] INFO  server.RaftServer$Division (ServerState.java:<init>(105)) - bc7ccc77-9673-4f45-9632-8b6af895e31c@group-6238D03390A6: ConfigurationManager, init=-1: [bc7ccc77-9673-4f45-9632-8b6af895e31c|rpc:10.1.0.27:44307|priority:1], old=null, confs=<EMPTY_MAP>
2021-10-27 07:37:43,850 [pool-270-thread-1] INFO  server.RaftServerConfigKeys (ConfUtils.java:logGet(44)) - raft.server.storage.dir = [/home/runner/work/ozone/ozone/hadoop-ozone/integration-test/target/test-dir/MiniOzoneClusterImpl-166db4ac-5aa3-4efc-b377-a8ff7cd8c20d/datanode-2/data/ratis] (custom)
2021-10-27 07:37:43,850 [pool-270-thread-1] INFO  server.RaftServerConfigKeys (ConfUtils.java:logGet(44)) - raft.server.log.corruption.policy = EXCEPTION (default)
2021-10-27 07:37:43,850 [pool-270-thread-1] INFO  server.RaftServerConfigKeys (ConfUtils.java:logGet(44)) - raft.server.storage.free-space.min = 0MB (=0) (default)
2021-10-27 07:37:43,851 [pool-270-thread-1] INFO  storage.RaftStorageDirectory (RaftStorageDirectoryImpl.java:analyzeStorage(135)) - The storage directory /home/runner/work/ozone/ozone/hadoop-ozone/integration-test/target/test-dir/MiniOzoneClusterImpl-166db4ac-5aa3-4efc-b377-a8ff7cd8c20d/datanode-2/data/ratis/c923c835-4830-43a8-8069-6238d03390a6 does not exist. Creating ...
2021-10-27 07:37:43,852 [pool-270-thread-1] INFO  storage.RaftStorageDirectory (RaftStorageDirectoryImpl.java:tryLock(230)) - Lock on /home/runner/work/ozone/ozone/hadoop-ozone/integration-test/target/test-dir/MiniOzoneClusterImpl-166db4ac-5aa3-4efc-b377-a8ff7cd8c20d/datanode-2/data/ratis/c923c835-4830-43a8-8069-6238d03390a6/in_use.lock acquired by nodename 22077@fv-az270-913
2021-10-27 07:37:43,853 [pool-270-thread-1] INFO  storage.RaftStorage (RaftStorageImpl.java:format(89)) - Storage directory /home/runner/work/ozone/ozone/hadoop-ozone/integration-test/target/test-dir/MiniOzoneClusterImpl-166db4ac-5aa3-4efc-b377-a8ff7cd8c20d/datanode-2/data/ratis/c923c835-4830-43a8-8069-6238d03390a6 has been successfully formatted.
2021-10-27 07:37:43,854 [pool-270-thread-1] INFO  ratis.ContainerStateMachine (ContainerStateMachine.java:loadSnapshot(224)) - group-6238D03390A6: The snapshot info is null. Setting the last applied indexto:(t:0, i:~)
2021-10-27 07:37:43,854 [pool-270-thread-1] INFO  server.RaftServerConfigKeys (ConfUtils.java:logGet(44)) - raft.server.notification.no-leader.timeout = 300s (custom)
2021-10-27 07:37:43,854 [pool-270-thread-1] INFO  server.RaftServerConfigKeys (ConfUtils.java:logGet(44)) - raft.server.log.use.memory = false (default)
2021-10-27 07:37:43,854 [pool-270-thread-1] INFO  server.RaftServerConfigKeys (ConfUtils.java:logGet(44)) - raft.server.log.purge.gap = 1000000 (custom)
2021-10-27 07:37:43,854 [pool-270-thread-1] INFO  server.RaftServerConfigKeys (ConfUtils.java:logGet(44)) - raft.server.log.appender.buffer.byte-limit = 33554432 (custom)
2021-10-27 07:37:43,854 [pool-270-thread-1] INFO  server.RaftServerConfigKeys (ConfUtils.java:logGet(44)) - raft.server.log.segment.size.max = 1048576 (custom)
2021-10-27 07:37:43,855 [pool-270-thread-1] INFO  server.RaftServerConfigKeys (ConfUtils.java:logGet(44)) - raft.server.log.segment.cache.num.max = 2 (custom)
2021-10-27 07:37:43,855 [pool-270-thread-1] INFO  server.RaftServerConfigKeys (ConfUtils.java:logGet(44)) - raft.server.log.segment.cache.size.max = 200MB (=209715200) (default)
2021-10-27 07:37:43,856 [pool-270-thread-1] INFO  segmented.SegmentedRaftLogWorker (SegmentedRaftLogWorker.java:<init>(182)) - new bc7ccc77-9673-4f45-9632-8b6af895e31c@group-6238D03390A6-SegmentedRaftLogWorker for RaftStorageImpl:Storage Directory /home/runner/work/ozone/ozone/hadoop-ozone/integration-test/target/test-dir/MiniOzoneClusterImpl-166db4ac-5aa3-4efc-b377-a8ff7cd8c20d/datanode-2/data/ratis/c923c835-4830-43a8-8069-6238d03390a6
2021-10-27 07:37:43,856 [pool-270-thread-1] INFO  server.RaftServerConfigKeys (ConfUtils.java:logGet(44)) - raft.server.log.queue.byte-limit = 2147483647 (custom)
2021-10-27 07:37:43,856 [pool-270-thread-1] INFO  server.RaftServerConfigKeys (ConfUtils.java:logGet(44)) - raft.server.log.queue.element-limit = 1024 (custom)
2021-10-27 07:37:43,856 [pool-270-thread-1] INFO  server.RaftServerConfigKeys (ConfUtils.java:logGet(44)) - raft.server.log.segment.size.max = 1048576 (custom)
2021-10-27 07:37:43,856 [pool-270-thread-1] INFO  server.RaftServerConfigKeys (ConfUtils.java:logGet(44)) - raft.server.log.preallocated.size = 16384 (custom)
2021-10-27 07:37:43,856 [pool-270-thread-1] INFO  server.RaftServerConfigKeys (ConfUtils.java:logGet(44)) - raft.server.log.force.sync.num = 128 (default)
2021-10-27 07:37:43,856 [pool-270-thread-1] INFO  server.RaftServerConfigKeys (ConfUtils.java:logGet(44)) - raft.server.log.statemachine.data.sync = true (default)
2021-10-27 07:37:43,856 [pool-270-thread-1] INFO  server.RaftServerConfigKeys (ConfUtils.java:logGet(44)) - raft.server.log.statemachine.data.sync.timeout = 10s (default)
2021-10-27 07:37:43,856 [pool-270-thread-1] INFO  server.RaftServerConfigKeys (ConfUtils.java:logGet(44)) - raft.server.log.statemachine.data.sync.timeout.retry = -1 (default)
2021-10-27 07:37:43,856 [EventQueue-PipelineReportForPipelineReportHandler] INFO  pipeline.PipelineManagerImpl (PipelineManagerImpl.java:openPipeline(289)) - Pipeline Pipeline[ Id: c923c835-4830-43a8-8069-6238d03390a6, Nodes: bc7ccc77-9673-4f45-9632-8b6af895e31c{ip: 10.1.0.27, host: fv-az270-913.tacnzluakwdehk1hpragurqkma.bx.internal.cloudapp.net, ports: [REPLICATION=39821, RATIS=44307, RATIS_ADMIN=44307, RATIS_SERVER=44307, STANDALONE=41691], networkLocation: /default-rack, certSerialId: null, persistedOpState: IN_SERVICE, persistedOpStateExpiryEpochSec: 0}, ReplicationConfig: RATIS/ONE, State:ALLOCATED, leaderId:bc7ccc77-9673-4f45-9632-8b6af895e31c, CreationTimestamp2021-10-27T07:37:40.850Z[Etc/UTC]] moved to OPEN state
2021-10-27 07:37:43,858 [EventQueue-OpenPipelineForHealthyPipelineSafeModeRule] INFO  safemode.SCMSafeModeManager (HealthyPipelineSafeModeRule.java:process(124)) - SCM in safe mode. Healthy pipelines reported count is 0, required healthy pipeline reported count is 1
2021-10-27 07:37:43,858 [pool-270-thread-1] INFO  server.RaftServerConfigKeys (ConfUtils.java:logGet(44)) - raft.server.log.write.buffer.size = 1048576 (custom)
2021-10-27 07:37:43,859 [pool-270-thread-1] INFO  server.RaftServerConfigKeys (ConfUtils.java:logGet(44)) - raft.server.log.statemachine.data.caching.enabled = true (custom)
2021-10-27 07:37:43,859 [pool-270-thread-1] INFO  segmented.SegmentedRaftLogWorker (SegmentedRaftLogWorker.java:lambda$new$0(133)) - bc7ccc77-9673-4f45-9632-8b6af895e31c@group-6238D03390A6-SegmentedRaftLogWorker: flushIndex: setUnconditionally 0 -> -1
2021-10-27 07:37:43,859 [pool-270-thread-1] INFO  segmented.SegmentedRaftLogWorker (SegmentedRaftLogWorker.java:lambda$new$0(133)) - bc7ccc77-9673-4f45-9632-8b6af895e31c@group-6238D03390A6-SegmentedRaftLogWorker: safeCacheEvictIndex: setUnconditionally 0 -> -1
2021-10-27 07:37:43,859 [pool-270-thread-1] INFO  server.RaftServerConfigKeys (ConfUtils.java:logGet(44)) - raft.server.snapshot.auto.trigger.enabled = true (custom)
2021-10-27 07:37:43,859 [pool-270-thread-1] INFO  server.RaftServerConfigKeys (ConfUtils.java:logGet(44)) - raft.server.snapshot.auto.trigger.threshold = 10000 (custom)
2021-10-27 07:37:43,859 [pool-270-thread-1] INFO  server.RaftServerConfigKeys (ConfUtils.java:logGet(44)) - raft.server.snapshot.retention.file.num = 5 (custom)
2021-10-27 07:37:43,860 [pool-270-thread-1] INFO  server.RaftServerConfigKeys (ConfUtils.java:logGet(44)) - raft.server.log.purge.upto.snapshot.index = false (default)
2021-10-27 07:37:43,860 [pool-270-thread-1] INFO  server.RaftServerConfigKeys (ConfUtils.java:logGet(44)) - raft.server.retrycache.expirytime = 600000ms (custom)
2021-10-27 07:37:43,860 [pool-270-thread-1] INFO  server.RaftServerConfigKeys (ConfUtils.java:logGet(44)) - raft.server.retrycache.statistics.expirytime = 100μs (default)
2021-10-27 07:37:43,862 [pool-270-thread-1] INFO  server.RaftServer$Division (RaftServerImpl.java:start(301)) - bc7ccc77-9673-4f45-9632-8b6af895e31c@group-6238D03390A6: start as a follower, conf=-1: [bc7ccc77-9673-4f45-9632-8b6af895e31c|rpc:10.1.0.27:44307|priority:1], old=null
2021-10-27 07:37:43,862 [pool-270-thread-1] INFO  server.RaftServer$Division (RaftServerImpl.java:setRole(290)) - bc7ccc77-9673-4f45-9632-8b6af895e31c@group-6238D03390A6: changes role from      null to FOLLOWER at term 0 for startAsFollower
2021-10-27 07:37:43,862 [pool-270-thread-1] INFO  impl.RoleInfo (RoleInfo.java:updateAndGet(130)) - bc7ccc77-9673-4f45-9632-8b6af895e31c: start bc7ccc77-9673-4f45-9632-8b6af895e31c@group-6238D03390A6-FollowerState
2021-10-27 07:37:43,870 [pool-270-thread-1] INFO  util.JmxRegister (JmxRegister.java:tryRegister(44)) - Successfully registered JMX Bean with object name Ratis:service=RaftServer,group=group-6238D03390A6,id=bc7ccc77-9673-4f45-9632-8b6af895e31c
2021-10-27 07:37:43,871 [Command processor thread] INFO  ratis.XceiverServerRatis (XceiverServerRatis.java:addGroup(768)) - Created group PipelineID=c923c835-4830-43a8-8069-6238d03390a6
2021-10-27 07:37:43,871 [Command processor thread] INFO  commandhandler.CreatePipelineCommandHandler (CreatePipelineCommandHandler.java:handle(106)) - Created Pipeline RATIS ONE PipelineID=c923c835-4830-43a8-8069-6238d03390a6.
2021-10-27 07:37:43,958 [EventQueue-OpenPipelineForHealthyPipelineSafeModeRule] INFO  safemode.SCMSafeModeManager (HealthyPipelineSafeModeRule.java:process(124)) - SCM in safe mode. Healthy pipelines reported count is 0, required healthy pipeline reported count is 1
2021-10-27 07:37:43,969 [Command processor thread] INFO  keyvalue.KeyValueContainer (KeyValueContainer.java:flushAndSyncDB(397)) - Container 1 is synced with bcsId 26.
2021-10-27 07:37:43,969 [Command processor thread] INFO  keyvalue.KeyValueContainer (KeyValueContainer.java:flushAndSyncDB(397)) - Container 1 is synced with bcsId 26.
2021-10-27 07:37:43,974 [Command processor thread] INFO  keyvalue.KeyValueContainer (KeyValueContainer.java:close(334)) - Container 1 is closed with bcsId 26.
2021-10-27 07:37:43,975 [Command processor thread] INFO  keyvalue.KeyValueContainer (KeyValueContainer.java:flushAndSyncDB(397)) - Container 5 is synced with bcsId 30.
2021-10-27 07:37:43,975 [Command processor thread] INFO  keyvalue.KeyValueContainer (KeyValueContainer.java:flushAndSyncDB(397)) - Container 5 is synced with bcsId 30.
2021-10-27 07:37:43,975 [EventQueue-IncrementalContainerReportForIncrementalContainerReportHandler] INFO  container.IncrementalContainerReportHandler (AbstractContainerReportHandler.java:updateContainerState(249)) - Moving container #1 to CLOSED state, datanode 29e37468-b3e4-401f-97cc-6f4d8466f30b{ip: 10.1.0.27, host: fv-az270-913.tacnzluakwdehk1hpragurqkma.bx.internal.cloudapp.net, ports: [REPLICATION=40637, RATIS=44085, RATIS_ADMIN=44085, RATIS_SERVER=44085, STANDALONE=32881], networkLocation: /default-rack, certSerialId: null, persistedOpState: IN_SERVICE, persistedOpStateExpiryEpochSec: 0} reported CLOSED replica.
2021-10-27 07:37:43,976 [Command processor thread] INFO  keyvalue.KeyValueContainer (KeyValueContainer.java:flushAndSyncDB(397)) - Container 1 is synced with bcsId 26.
2021-10-27 07:37:43,976 [Command processor thread] INFO  keyvalue.KeyValueContainer (KeyValueContainer.java:flushAndSyncDB(397)) - Container 1 is synced with bcsId 26.
2021-10-27 07:37:43,978 [Command processor thread] INFO  keyvalue.KeyValueContainer (KeyValueContainer.java:close(334)) - Container 1 is closed with bcsId 26.
2021-10-27 07:37:43,978 [Command processor thread] INFO  keyvalue.KeyValueContainer (KeyValueContainer.java:close(334)) - Container 5 is closed with bcsId 30.
2021-10-27 07:37:43,979 [Command processor thread] INFO  keyvalue.KeyValueContainer (KeyValueContainer.java:flushAndSyncDB(397)) - Container 5 is synced with bcsId 30.
2021-10-27 07:37:43,979 [Command processor thread] INFO  keyvalue.KeyValueContainer (KeyValueContainer.java:flushAndSyncDB(397)) - Container 6 is synced with bcsId 34.
2021-10-27 07:37:43,979 [Command processor thread] INFO  keyvalue.KeyValueContainer (KeyValueContainer.java:flushAndSyncDB(397)) - Container 5 is synced with bcsId 30.
2021-10-27 07:37:43,979 [Command processor thread] INFO  keyvalue.KeyValueContainer (KeyValueContainer.java:flushAndSyncDB(397)) - Container 6 is synced with bcsId 34.
2021-10-27 07:37:43,981 [Command processor thread] INFO  keyvalue.KeyValueContainer (KeyValueContainer.java:close(334)) - Container 6 is closed with bcsId 34.
2021-10-27 07:37:43,983 [EventQueue-IncrementalContainerReportForIncrementalContainerReportHandler] INFO  container.IncrementalContainerReportHandler (AbstractContainerReportHandler.java:updateContainerState(249)) - Moving container #5 to CLOSED state, datanode 29e37468-b3e4-401f-97cc-6f4d8466f30b{ip: 10.1.0.27, host: fv-az270-913.tacnzluakwdehk1hpragurqkma.bx.internal.cloudapp.net, ports: [REPLICATION=40637, RATIS=44085, RATIS_ADMIN=44085, RATIS_SERVER=44085, STANDALONE=32881], networkLocation: /default-rack, certSerialId: null, persistedOpState: IN_SERVICE, persistedOpStateExpiryEpochSec: 0} reported CLOSED replica.
2021-10-27 07:37:43,983 [EventQueue-IncrementalContainerReportForIncrementalContainerReportHandler] INFO  container.IncrementalContainerReportHandler (AbstractContainerReportHandler.java:updateContainerState(249)) - Moving container #6 to CLOSED state, datanode 29e37468-b3e4-401f-97cc-6f4d8466f30b{ip: 10.1.0.27, host: fv-az270-913.tacnzluakwdehk1hpragurqkma.bx.internal.cloudapp.net, ports: [REPLICATION=40637, RATIS=44085, RATIS_ADMIN=44085, RATIS_SERVER=44085, STANDALONE=32881], networkLocation: /default-rack, certSerialId: null, persistedOpState: IN_SERVICE, persistedOpStateExpiryEpochSec: 0} reported CLOSED replica.
2021-10-27 07:37:43,988 [Command processor thread] INFO  keyvalue.KeyValueContainer (KeyValueContainer.java:close(334)) - Container 5 is closed with bcsId 30.
2021-10-27 07:37:43,988 [Command processor thread] INFO  keyvalue.KeyValueContainer (KeyValueContainer.java:flushAndSyncDB(397)) - Container 6 is synced with bcsId 34.
2021-10-27 07:37:43,988 [Command processor thread] INFO  keyvalue.KeyValueContainer (KeyValueContainer.java:flushAndSyncDB(397)) - Container 6 is synced with bcsId 34.
2021-10-27 07:37:43,992 [Command processor thread] INFO  keyvalue.KeyValueContainer (KeyValueContainer.java:close(334)) - Container 6 is closed with bcsId 34.
2021-10-27 07:37:44,075 [DatanodeAdminManager-0] INFO  node.DatanodeAdminMonitorImpl (DatanodeAdminMonitorImpl.java:checkContainersReplicatedOnNode(306)) - 8a5d7503-46af-43fb-b7e0-e0dcb22c5f77{ip: 10.1.0.27, host: fv-az270-913.tacnzluakwdehk1hpragurqkma.bx.internal.cloudapp.net, ports: [REPLICATION=39633, RATIS=45441, RATIS_ADMIN=45441, RATIS_SERVER=45441, STANDALONE=45417], networkLocation: /default-rack, certSerialId: null, persistedOpState: DECOMMISSIONING, persistedOpStateExpiryEpochSec: 0} has 0 sufficientlyReplicated, 3 underReplicated and 3 unhealthy containers
2021-10-27 07:37:44,075 [DatanodeAdminManager-0] INFO  node.DatanodeAdminMonitorImpl (DatanodeAdminMonitorImpl.java:run(137)) - There are 1 nodes tracked for decommission and maintenance. 0 pending nodes.
2021-10-27 07:37:44,186 [ReplicationMonitor] INFO  container.ReplicationManager (ReplicationManager.java:handleUnderReplicatedContainer(1166)) - Container #1 is under replicated. Expected replica count is 3, but found 2.
2021-10-27 07:37:44,186 [ReplicationMonitor] INFO  container.ReplicationManager (ReplicationManager.java:sendReplicateCommand(1518)) - Sending replicate container command for container #1 to datanode 9ec659bb-6946-4d87-b3c7-8f8c8e1e9f0e{ip: 10.1.0.27, host: fv-az270-913.tacnzluakwdehk1hpragurqkma.bx.internal.cloudapp.net, ports: [REPLICATION=39701, RATIS=46551, RATIS_ADMIN=46551, RATIS_SERVER=46551, STANDALONE=36997], networkLocation: /default-rack, certSerialId: null, persistedOpState: IN_SERVICE, persistedOpStateExpiryEpochSec: 0} from datanodes [8a5d7503-46af-43fb-b7e0-e0dcb22c5f77{ip: 10.1.0.27, host: fv-az270-913.tacnzluakwdehk1hpragurqkma.bx.internal.cloudapp.net, ports: [REPLICATION=39633, RATIS=45441, RATIS_ADMIN=45441, RATIS_SERVER=45441, STANDALONE=45417], networkLocation: /default-rack, certSerialId: null, persistedOpState: DECOMMISSIONING, persistedOpStateExpiryEpochSec: 0}, 29e37468-b3e4-401f-97cc-6f4d8466f30b{ip: 10.1.0.27, host: fv-az270-913.tacnzluakwdehk1hpragurqkma.bx.internal.cloudapp.net, ports: [REPLICATION=40637, RATIS=44085, RATIS_ADMIN=44085, RATIS_SERVER=44085, STANDALONE=32881], networkLocation: /default-rack, certSerialId: null, persistedOpState: IN_SERVICE, persistedOpStateExpiryEpochSec: 0}, 782939c9-076d-4829-92e4-0049f0e10c2b{ip: 10.1.0.27, host: fv-az270-913.tacnzluakwdehk1hpragurqkma.bx.internal.cloudapp.net, ports: [REPLICATION=42433, RATIS=40741, RATIS_ADMIN=40741, RATIS_SERVER=40741, STANDALONE=39529], networkLocation: /default-rack, certSerialId: null, persistedOpState: IN_SERVICE, persistedOpStateExpiryEpochSec: 0}]
2021-10-27 07:37:44,187 [ReplicationMonitor] INFO  container.ReplicationManager (ReplicationManager.java:handleUnderReplicatedContainer(1166)) - Container #5 is under replicated. Expected replica count is 3, but found 2.
2021-10-27 07:37:44,188 [ReplicationMonitor] INFO  container.ReplicationManager (ReplicationManager.java:sendReplicateCommand(1518)) - Sending replicate container command for container #5 to datanode 08697b45-8c04-4a3a-859b-c816be28ca7a{ip: 10.1.0.27, host: fv-az270-913.tacnzluakwdehk1hpragurqkma.bx.internal.cloudapp.net, ports: [REPLICATION=42597, RATIS=32979, RATIS_ADMIN=32979, RATIS_SERVER=32979, STANDALONE=34863], networkLocation: /default-rack, certSerialId: null, persistedOpState: IN_SERVICE, persistedOpStateExpiryEpochSec: 0} from datanodes [782939c9-076d-4829-92e4-0049f0e10c2b{ip: 10.1.0.27, host: fv-az270-913.tacnzluakwdehk1hpragurqkma.bx.internal.cloudapp.net, ports: [REPLICATION=42433, RATIS=40741, RATIS_ADMIN=40741, RATIS_SERVER=40741, STANDALONE=39529], networkLocation: /default-rack, certSerialId: null, persistedOpState: IN_SERVICE, persistedOpStateExpiryEpochSec: 0}, 8a5d7503-46af-43fb-b7e0-e0dcb22c5f77{ip: 10.1.0.27, host: fv-az270-913.tacnzluakwdehk1hpragurqkma.bx.internal.cloudapp.net, ports: [REPLICATION=39633, RATIS=45441, RATIS_ADMIN=45441, RATIS_SERVER=45441, STANDALONE=45417], networkLocation: /default-rack, certSerialId: null, persistedOpState: DECOMMISSIONING, persistedOpStateExpiryEpochSec: 0}, 29e37468-b3e4-401f-97cc-6f4d8466f30b{ip: 10.1.0.27, host: fv-az270-913.tacnzluakwdehk1hpragurqkma.bx.internal.cloudapp.net, ports: [REPLICATION=40637, RATIS=44085, RATIS_ADMIN=44085, RATIS_SERVER=44085, STANDALONE=32881], networkLocation: /default-rack, certSerialId: null, persistedOpState: IN_SERVICE, persistedOpStateExpiryEpochSec: 0}]
2021-10-27 07:37:44,188 [ReplicationMonitor] INFO  container.ReplicationManager (ReplicationManager.java:handleUnderReplicatedContainer(1166)) - Container #6 is under replicated. Expected replica count is 3, but found 2.
2021-10-27 07:37:44,188 [ReplicationMonitor] INFO  container.ReplicationManager (ReplicationManager.java:sendReplicateCommand(1518)) - Sending replicate container command for container #6 to datanode 08697b45-8c04-4a3a-859b-c816be28ca7a{ip: 10.1.0.27, host: fv-az270-913.tacnzluakwdehk1hpragurqkma.bx.internal.cloudapp.net, ports: [REPLICATION=42597, RATIS=32979, RATIS_ADMIN=32979, RATIS_SERVER=32979, STANDALONE=34863], networkLocation: /default-rack, certSerialId: null, persistedOpState: IN_SERVICE, persistedOpStateExpiryEpochSec: 0} from datanodes [8a5d7503-46af-43fb-b7e0-e0dcb22c5f77{ip: 10.1.0.27, host: fv-az270-913.tacnzluakwdehk1hpragurqkma.bx.internal.cloudapp.net, ports: [REPLICATION=39633, RATIS=45441, RATIS_ADMIN=45441, RATIS_SERVER=45441, STANDALONE=45417], networkLocation: /default-rack, certSerialId: null, persistedOpState: DECOMMISSIONING, persistedOpStateExpiryEpochSec: 0}, 29e37468-b3e4-401f-97cc-6f4d8466f30b{ip: 10.1.0.27, host: fv-az270-913.tacnzluakwdehk1hpragurqkma.bx.internal.cloudapp.net, ports: [REPLICATION=40637, RATIS=44085, RATIS_ADMIN=44085, RATIS_SERVER=44085, STANDALONE=32881], networkLocation: /default-rack, certSerialId: null, persistedOpState: IN_SERVICE, persistedOpStateExpiryEpochSec: 0}, 782939c9-076d-4829-92e4-0049f0e10c2b{ip: 10.1.0.27, host: fv-az270-913.tacnzluakwdehk1hpragurqkma.bx.internal.cloudapp.net, ports: [REPLICATION=42433, RATIS=40741, RATIS_ADMIN=40741, RATIS_SERVER=40741, STANDALONE=39529], networkLocation: /default-rack, certSerialId: null, persistedOpState: IN_SERVICE, persistedOpStateExpiryEpochSec: 0}]
2021-10-27 07:37:44,188 [ReplicationMonitor] INFO  container.ReplicationManager (ReplicationManager.java:processAll(371)) - Replication Monitor Thread took 5 milliseconds for processing 6 containers.
2021-10-27 07:37:44,338 [Command processor thread] INFO  server.RaftServer (RaftServerProxy.java:addNew(95)) - 06710a81-f387-4505-8c81-c7e250b9aeec: addNew group-3F089D2ECC91:[06710a81-f387-4505-8c81-c7e250b9aeec|rpc:10.1.0.27:36323|priority:1] returns group-3F089D2ECC91:java.util.concurrent.CompletableFuture@654f7b5c[Not completed]
2021-10-27 07:37:44,339 [pool-316-thread-1] INFO  server.RaftServer$Division (RaftServerImpl.java:<init>(184)) - 06710a81-f387-4505-8c81-c7e250b9aeec: new RaftServerImpl for group-3F089D2ECC91:[06710a81-f387-4505-8c81-c7e250b9aeec|rpc:10.1.0.27:36323|priority:1] with ContainerStateMachine:uninitialized
2021-10-27 07:37:44,340 [pool-316-thread-1] INFO  server.RaftServerConfigKeys (ConfUtils.java:logGet(44)) - raft.server.rpc.timeout.min = 5s (custom)
2021-10-27 07:37:44,340 [pool-316-thread-1] INFO  server.RaftServerConfigKeys (ConfUtils.java:logGet(44)) - raft.server.rpc.timeout.max = 5200ms (custom)
2021-10-27 07:37:44,340 [pool-316-thread-1] INFO  server.RaftServerConfigKeys (ConfUtils.java:logGet(44)) - raft.server.rpc.sleep.time = 25ms (default)
2021-10-27 07:37:44,340 [pool-316-thread-1] INFO  server.RaftServerConfigKeys (ConfUtils.java:logGet(44)) - raft.server.rpc.slowness.timeout = 300s (custom)
2021-10-27 07:37:44,340 [pool-316-thread-1] INFO  server.RaftServerConfigKeys (ConfUtils.java:logGet(44)) - raft.server.leaderelection.leader.step-down.wait-time = 10s (default)
2021-10-27 07:37:44,340 [pool-316-thread-1] INFO  server.RaftServerConfigKeys (ConfUtils.java:logGet(44)) - raft.server.sleep.deviation.threshold = 300ms (default)
2021-10-27 07:37:44,340 [pool-316-thread-1] INFO  server.RaftServerConfigKeys (ConfUtils.java:logGet(44)) - raft.server.log.appender.install.snapshot.enabled = false (custom)
2021-10-27 07:37:44,340 [pool-316-thread-1] INFO  server.RaftServer$Division (ServerState.java:<init>(105)) - 06710a81-f387-4505-8c81-c7e250b9aeec@group-3F089D2ECC91: ConfigurationManager, init=-1: [06710a81-f387-4505-8c81-c7e250b9aeec|rpc:10.1.0.27:36323|priority:1], old=null, confs=<EMPTY_MAP>
2021-10-27 07:37:44,340 [pool-316-thread-1] INFO  server.RaftServerConfigKeys (ConfUtils.java:logGet(44)) - raft.server.storage.dir = [/home/runner/work/ozone/ozone/hadoop-ozone/integration-test/target/test-dir/MiniOzoneClusterImpl-166db4ac-5aa3-4efc-b377-a8ff7cd8c20d/datanode-3/data/ratis] (custom)
2021-10-27 07:37:44,341 [pool-316-thread-1] INFO  server.RaftServerConfigKeys (ConfUtils.java:logGet(44)) - raft.server.log.corruption.policy = EXCEPTION (default)
2021-10-27 07:37:44,341 [pool-316-thread-1] INFO  server.RaftServerConfigKeys (ConfUtils.java:logGet(44)) - raft.server.storage.free-space.min = 0MB (=0) (default)
2021-10-27 07:37:44,341 [pool-316-thread-1] INFO  storage.RaftStorageDirectory (RaftStorageDirectoryImpl.java:analyzeStorage(135)) - The storage directory /home/runner/work/ozone/ozone/hadoop-ozone/integration-test/target/test-dir/MiniOzoneClusterImpl-166db4ac-5aa3-4efc-b377-a8ff7cd8c20d/datanode-3/data/ratis/c9e7fcda-a19f-4aec-b2e5-3f089d2ecc91 does not exist. Creating ...
2021-10-27 07:37:44,342 [pool-316-thread-1] INFO  storage.RaftStorageDirectory (RaftStorageDirectoryImpl.java:tryLock(230)) - Lock on /home/runner/work/ozone/ozone/hadoop-ozone/integration-test/target/test-dir/MiniOzoneClusterImpl-166db4ac-5aa3-4efc-b377-a8ff7cd8c20d/datanode-3/data/ratis/c9e7fcda-a19f-4aec-b2e5-3f089d2ecc91/in_use.lock acquired by nodename 22077@fv-az270-913
2021-10-27 07:37:44,344 [pool-316-thread-1] INFO  storage.RaftStorage (RaftStorageImpl.java:format(89)) - Storage directory /home/runner/work/ozone/ozone/hadoop-ozone/integration-test/target/test-dir/MiniOzoneClusterImpl-166db4ac-5aa3-4efc-b377-a8ff7cd8c20d/datanode-3/data/ratis/c9e7fcda-a19f-4aec-b2e5-3f089d2ecc91 has been successfully formatted.
2021-10-27 07:37:44,348 [pool-316-thread-1] INFO  ratis.ContainerStateMachine (ContainerStateMachine.java:loadSnapshot(224)) - group-3F089D2ECC91: The snapshot info is null. Setting the last applied indexto:(t:0, i:~)
2021-10-27 07:37:44,348 [pool-316-thread-1] INFO  server.RaftServerConfigKeys (ConfUtils.java:logGet(44)) - raft.server.notification.no-leader.timeout = 300s (custom)
2021-10-27 07:37:44,348 [pool-316-thread-1] INFO  server.RaftServerConfigKeys (ConfUtils.java:logGet(44)) - raft.server.log.use.memory = false (default)
2021-10-27 07:37:44,349 [pool-316-thread-1] INFO  server.RaftServerConfigKeys (ConfUtils.java:logGet(44)) - raft.server.log.purge.gap = 1000000 (custom)
2021-10-27 07:37:44,349 [pool-316-thread-1] INFO  server.RaftServerConfigKeys (ConfUtils.java:logGet(44)) - raft.server.log.appender.buffer.byte-limit = 33554432 (custom)
2021-10-27 07:37:44,349 [pool-316-thread-1] INFO  server.RaftServerConfigKeys (ConfUtils.java:logGet(44)) - raft.server.log.segment.size.max = 1048576 (custom)
2021-10-27 07:37:44,349 [EventQueue-PipelineReportForPipelineReportHandler] INFO  pipeline.PipelineManagerImpl (PipelineManagerImpl.java:openPipeline(289)) - Pipeline Pipeline[ Id: c9e7fcda-a19f-4aec-b2e5-3f089d2ecc91, Nodes: 06710a81-f387-4505-8c81-c7e250b9aeec{ip: 10.1.0.27, host: fv-az270-913.tacnzluakwdehk1hpragurqkma.bx.internal.cloudapp.net, ports: [REPLICATION=38055, RATIS=36323, RATIS_ADMIN=36323, RATIS_SERVER=36323, STANDALONE=32837], networkLocation: /default-rack, certSerialId: null, persistedOpState: IN_SERVICE, persistedOpStateExpiryEpochSec: 0}, ReplicationConfig: RATIS/ONE, State:ALLOCATED, leaderId:06710a81-f387-4505-8c81-c7e250b9aeec, CreationTimestamp2021-10-27T07:37:41.340Z[Etc/UTC]] moved to OPEN state
2021-10-27 07:37:44,350 [EventQueue-OpenPipelineForHealthyPipelineSafeModeRule] INFO  safemode.SCMSafeModeManager (HealthyPipelineSafeModeRule.java:process(124)) - SCM in safe mode. Healthy pipelines reported count is 0, required healthy pipeline reported count is 1
2021-10-27 07:37:44,351 [pool-316-thread-1] INFO  server.RaftServerConfigKeys (ConfUtils.java:logGet(44)) - raft.server.log.segment.cache.num.max = 2 (custom)
2021-10-27 07:37:44,351 [pool-316-thread-1] INFO  server.RaftServerConfigKeys (ConfUtils.java:logGet(44)) - raft.server.log.segment.cache.size.max = 200MB (=209715200) (default)
2021-10-27 07:37:44,351 [pool-316-thread-1] INFO  segmented.SegmentedRaftLogWorker (SegmentedRaftLogWorker.java:<init>(182)) - new 06710a81-f387-4505-8c81-c7e250b9aeec@group-3F089D2ECC91-SegmentedRaftLogWorker for RaftStorageImpl:Storage Directory /home/runner/work/ozone/ozone/hadoop-ozone/integration-test/target/test-dir/MiniOzoneClusterImpl-166db4ac-5aa3-4efc-b377-a8ff7cd8c20d/datanode-3/data/ratis/c9e7fcda-a19f-4aec-b2e5-3f089d2ecc91
2021-10-27 07:37:44,351 [pool-316-thread-1] INFO  server.RaftServerConfigKeys (ConfUtils.java:logGet(44)) - raft.server.log.queue.byte-limit = 2147483647 (custom)
2021-10-27 07:37:44,351 [pool-316-thread-1] INFO  server.RaftServerConfigKeys (ConfUtils.java:logGet(44)) - raft.server.log.queue.element-limit = 1024 (custom)
2021-10-27 07:37:44,351 [pool-316-thread-1] INFO  server.RaftServerConfigKeys (ConfUtils.java:logGet(44)) - raft.server.log.segment.size.max = 1048576 (custom)
2021-10-27 07:37:44,351 [pool-316-thread-1] INFO  server.RaftServerConfigKeys (ConfUtils.java:logGet(44)) - raft.server.log.preallocated.size = 16384 (custom)
2021-10-27 07:37:44,352 [pool-316-thread-1] INFO  server.RaftServerConfigKeys (ConfUtils.java:logGet(44)) - raft.server.log.force.sync.num = 128 (default)
2021-10-27 07:37:44,352 [pool-316-thread-1] INFO  server.RaftServerConfigKeys (ConfUtils.java:logGet(44)) - raft.server.log.statemachine.data.sync = true (default)
2021-10-27 07:37:44,352 [pool-316-thread-1] INFO  server.RaftServerConfigKeys (ConfUtils.java:logGet(44)) - raft.server.log.statemachine.data.sync.timeout = 10s (default)
2021-10-27 07:37:44,352 [pool-316-thread-1] INFO  server.RaftServerConfigKeys (ConfUtils.java:logGet(44)) - raft.server.log.statemachine.data.sync.timeout.retry = -1 (default)
2021-10-27 07:37:44,353 [pool-316-thread-1] INFO  server.RaftServerConfigKeys (ConfUtils.java:logGet(44)) - raft.server.log.write.buffer.size = 1048576 (custom)
2021-10-27 07:37:44,354 [pool-316-thread-1] INFO  server.RaftServerConfigKeys (ConfUtils.java:logGet(44)) - raft.server.log.statemachine.data.caching.enabled = true (custom)
2021-10-27 07:37:44,354 [pool-316-thread-1] INFO  segmented.SegmentedRaftLogWorker (SegmentedRaftLogWorker.java:lambda$new$0(133)) - 06710a81-f387-4505-8c81-c7e250b9aeec@group-3F089D2ECC91-SegmentedRaftLogWorker: flushIndex: setUnconditionally 0 -> -1
2021-10-27 07:37:44,354 [pool-316-thread-1] INFO  segmented.SegmentedRaftLogWorker (SegmentedRaftLogWorker.java:lambda$new$0(133)) - 06710a81-f387-4505-8c81-c7e250b9aeec@group-3F089D2ECC91-SegmentedRaftLogWorker: safeCacheEvictIndex: setUnconditionally 0 -> -1
2021-10-27 07:37:44,354 [pool-316-thread-1] INFO  server.RaftServerConfigKeys (ConfUtils.java:logGet(44)) - raft.server.snapshot.auto.trigger.enabled = true (custom)
2021-10-27 07:37:44,354 [pool-316-thread-1] INFO  server.RaftServerConfigKeys (ConfUtils.java:logGet(44)) - raft.server.snapshot.auto.trigger.threshold = 10000 (custom)
2021-10-27 07:37:44,354 [pool-316-thread-1] INFO  server.RaftServerConfigKeys (ConfUtils.java:logGet(44)) - raft.server.snapshot.retention.file.num = 5 (custom)
2021-10-27 07:37:44,355 [pool-316-thread-1] INFO  server.RaftServerConfigKeys (ConfUtils.java:logGet(44)) - raft.server.log.purge.upto.snapshot.index = false (default)
2021-10-27 07:37:44,355 [pool-316-thread-1] INFO  server.RaftServerConfigKeys (ConfUtils.java:logGet(44)) - raft.server.retrycache.expirytime = 600000ms (custom)
2021-10-27 07:37:44,355 [pool-316-thread-1] INFO  server.RaftServerConfigKeys (ConfUtils.java:logGet(44)) - raft.server.retrycache.statistics.expirytime = 100μs (default)
2021-10-27 07:37:44,357 [pool-316-thread-1] INFO  server.RaftServer$Division (RaftServerImpl.java:start(301)) - 06710a81-f387-4505-8c81-c7e250b9aeec@group-3F089D2ECC91: start as a follower, conf=-1: [06710a81-f387-4505-8c81-c7e250b9aeec|rpc:10.1.0.27:36323|priority:1], old=null
2021-10-27 07:37:44,357 [pool-316-thread-1] INFO  server.RaftServer$Division (RaftServerImpl.java:setRole(290)) - 06710a81-f387-4505-8c81-c7e250b9aeec@group-3F089D2ECC91: changes role from      null to FOLLOWER at term 0 for startAsFollower
2021-10-27 07:37:44,357 [pool-316-thread-1] INFO  impl.RoleInfo (RoleInfo.java:updateAndGet(130)) - 06710a81-f387-4505-8c81-c7e250b9aeec: start 06710a81-f387-4505-8c81-c7e250b9aeec@group-3F089D2ECC91-FollowerState
2021-10-27 07:37:44,357 [pool-316-thread-1] INFO  util.JmxRegister (JmxRegister.java:tryRegister(44)) - Successfully registered JMX Bean with object name Ratis:service=RaftServer,group=group-3F089D2ECC91,id=06710a81-f387-4505-8c81-c7e250b9aeec
2021-10-27 07:37:44,358 [Command processor thread] INFO  ratis.XceiverServerRatis (XceiverServerRatis.java:addGroup(768)) - Created group PipelineID=c9e7fcda-a19f-4aec-b2e5-3f089d2ecc91
2021-10-27 07:37:44,358 [Command processor thread] INFO  commandhandler.CreatePipelineCommandHandler (CreatePipelineCommandHandler.java:handle(106)) - Created Pipeline RATIS ONE PipelineID=c9e7fcda-a19f-4aec-b2e5-3f089d2ecc91.
2021-10-27 07:37:44,358 [Command processor thread] INFO  server.RaftServer (RaftServerProxy.java:addNew(95)) - 06710a81-f387-4505-8c81-c7e250b9aeec: addNew group-70DB9A92BEB8:[90abb50b-a825-4713-87e3-513268b12874|rpc:10.1.0.27:41119|priority:1, 06710a81-f387-4505-8c81-c7e250b9aeec|rpc:10.1.0.27:36323|priority:0, 8a94fc5b-68bf-440e-a2d4-79bd2954cd34|rpc:10.1.0.27:38139|priority:0] returns group-70DB9A92BEB8:java.util.concurrent.CompletableFuture@6170e32d[Not completed]
2021-10-27 07:37:44,360 [pool-316-thread-1] INFO  server.RaftServer$Division (RaftServerImpl.java:<init>(184)) - 06710a81-f387-4505-8c81-c7e250b9aeec: new RaftServerImpl for group-70DB9A92BEB8:[90abb50b-a825-4713-87e3-513268b12874|rpc:10.1.0.27:41119|priority:1, 06710a81-f387-4505-8c81-c7e250b9aeec|rpc:10.1.0.27:36323|priority:0, 8a94fc5b-68bf-440e-a2d4-79bd2954cd34|rpc:10.1.0.27:38139|priority:0] with ContainerStateMachine:uninitialized
2021-10-27 07:37:44,360 [pool-316-thread-1] INFO  server.RaftServerConfigKeys (ConfUtils.java:logGet(44)) - raft.server.rpc.timeout.min = 5s (custom)
2021-10-27 07:37:44,360 [pool-316-thread-1] INFO  server.RaftServerConfigKeys (ConfUtils.java:logGet(44)) - raft.server.rpc.timeout.max = 5200ms (custom)
2021-10-27 07:37:44,360 [pool-316-thread-1] INFO  server.RaftServerConfigKeys (ConfUtils.java:logGet(44)) - raft.server.rpc.sleep.time = 25ms (default)
2021-10-27 07:37:44,360 [pool-316-thread-1] INFO  server.RaftServerConfigKeys (ConfUtils.java:logGet(44)) - raft.server.rpc.slowness.timeout = 300s (custom)
2021-10-27 07:37:44,360 [pool-316-thread-1] INFO  server.RaftServerConfigKeys (ConfUtils.java:logGet(44)) - raft.server.leaderelection.leader.step-down.wait-time = 10s (default)
2021-10-27 07:37:44,360 [pool-316-thread-1] INFO  server.RaftServerConfigKeys (ConfUtils.java:logGet(44)) - raft.server.sleep.deviation.threshold = 300ms (default)
2021-10-27 07:37:44,360 [pool-316-thread-1] INFO  server.RaftServerConfigKeys (ConfUtils.java:logGet(44)) - raft.server.log.appender.install.snapshot.enabled = false (custom)
2021-10-27 07:37:44,360 [pool-316-thread-1] INFO  server.RaftServer$Division (ServerState.java:<init>(105)) - 06710a81-f387-4505-8c81-c7e250b9aeec@group-70DB9A92BEB8: ConfigurationManager, init=-1: [90abb50b-a825-4713-87e3-513268b12874|rpc:10.1.0.27:41119|priority:1, 06710a81-f387-4505-8c81-c7e250b9aeec|rpc:10.1.0.27:36323|priority:0, 8a94fc5b-68bf-440e-a2d4-79bd2954cd34|rpc:10.1.0.27:38139|priority:0], old=null, confs=<EMPTY_MAP>
2021-10-27 07:37:44,360 [pool-316-thread-1] INFO  server.RaftServerConfigKeys (ConfUtils.java:logGet(44)) - raft.server.storage.dir = [/home/runner/work/ozone/ozone/hadoop-ozone/integration-test/target/test-dir/MiniOzoneClusterImpl-166db4ac-5aa3-4efc-b377-a8ff7cd8c20d/datanode-3/data/ratis] (custom)
2021-10-27 07:37:44,361 [pool-316-thread-1] INFO  server.RaftServerConfigKeys (ConfUtils.java:logGet(44)) - raft.server.log.corruption.policy = EXCEPTION (default)
2021-10-27 07:37:44,361 [pool-316-thread-1] INFO  server.RaftServerConfigKeys (ConfUtils.java:logGet(44)) - raft.server.storage.free-space.min = 0MB (=0) (default)
2021-10-27 07:37:44,361 [pool-316-thread-1] INFO  storage.RaftStorageDirectory (RaftStorageDirectoryImpl.java:analyzeStorage(135)) - The storage directory /home/runner/work/ozone/ozone/hadoop-ozone/integration-test/target/test-dir/MiniOzoneClusterImpl-166db4ac-5aa3-4efc-b377-a8ff7cd8c20d/datanode-3/data/ratis/6044c0cf-587b-4c20-8483-70db9a92beb8 does not exist. Creating ...
2021-10-27 07:37:44,362 [pool-316-thread-1] INFO  storage.RaftStorageDirectory (RaftStorageDirectoryImpl.java:tryLock(230)) - Lock on /home/runner/work/ozone/ozone/hadoop-ozone/integration-test/target/test-dir/MiniOzoneClusterImpl-166db4ac-5aa3-4efc-b377-a8ff7cd8c20d/datanode-3/data/ratis/6044c0cf-587b-4c20-8483-70db9a92beb8/in_use.lock acquired by nodename 22077@fv-az270-913
2021-10-27 07:37:44,367 [pool-316-thread-1] INFO  storage.RaftStorage (RaftStorageImpl.java:format(89)) - Storage directory /home/runner/work/ozone/ozone/hadoop-ozone/integration-test/target/test-dir/MiniOzoneClusterImpl-166db4ac-5aa3-4efc-b377-a8ff7cd8c20d/datanode-3/data/ratis/6044c0cf-587b-4c20-8483-70db9a92beb8 has been successfully formatted.
2021-10-27 07:37:44,368 [pool-316-thread-1] INFO  ratis.ContainerStateMachine (ContainerStateMachine.java:loadSnapshot(224)) - group-70DB9A92BEB8: The snapshot info is null. Setting the last applied indexto:(t:0, i:~)
2021-10-27 07:37:44,369 [pool-316-thread-1] INFO  server.RaftServerConfigKeys (ConfUtils.java:logGet(44)) - raft.server.notification.no-leader.timeout = 300s (custom)
2021-10-27 07:37:44,369 [pool-316-thread-1] INFO  server.RaftServerConfigKeys (ConfUtils.java:logGet(44)) - raft.server.log.use.memory = false (default)
2021-10-27 07:37:44,370 [Listener at 127.0.0.1/33029] INFO  ozone.MiniOzoneClusterImpl (MiniOzoneClusterImpl.java:lambda$waitForClusterToBeReady$0(235)) - Nodes are ready. Got 6 of 6 DN Heartbeats.
2021-10-27 07:37:44,370 [Listener at 127.0.0.1/33029] INFO  ozone.MiniOzoneClusterImpl (MiniOzoneClusterImpl.java:lambda$waitForClusterToBeReady$0(238)) - Waiting for cluster to exit safe mode
2021-10-27 07:37:44,370 [Listener at 127.0.0.1/33029] INFO  ozone.MiniOzoneClusterImpl (MiniOzoneClusterImpl.java:lambda$waitForClusterToBeReady$0(240)) - SCM became leader
2021-10-27 07:37:44,370 [pool-316-thread-1] INFO  server.RaftServerConfigKeys (ConfUtils.java:logGet(44)) - raft.server.log.purge.gap = 1000000 (custom)
2021-10-27 07:37:44,370 [pool-316-thread-1] INFO  server.RaftServerConfigKeys (ConfUtils.java:logGet(44)) - raft.server.log.appender.buffer.byte-limit = 33554432 (custom)
2021-10-27 07:37:44,370 [EventQueue-OpenPipelineForHealthyPipelineSafeModeRule] INFO  safemode.SCMSafeModeManager (HealthyPipelineSafeModeRule.java:process(124)) - SCM in safe mode. Healthy pipelines reported count is 0, required healthy pipeline reported count is 1
2021-10-27 07:37:44,371 [pool-316-thread-1] INFO  server.RaftServerConfigKeys (ConfUtils.java:logGet(44)) - raft.server.log.segment.size.max = 1048576 (custom)
2021-10-27 07:37:44,372 [pool-316-thread-1] INFO  server.RaftServerConfigKeys (ConfUtils.java:logGet(44)) - raft.server.log.segment.cache.num.max = 2 (custom)
2021-10-27 07:37:44,372 [pool-316-thread-1] INFO  server.RaftServerConfigKeys (ConfUtils.java:logGet(44)) - raft.server.log.segment.cache.size.max = 200MB (=209715200) (default)
2021-10-27 07:37:44,372 [pool-316-thread-1] INFO  segmented.SegmentedRaftLogWorker (SegmentedRaftLogWorker.java:<init>(182)) - new 06710a81-f387-4505-8c81-c7e250b9aeec@group-70DB9A92BEB8-SegmentedRaftLogWorker for RaftStorageImpl:Storage Directory /home/runner/work/ozone/ozone/hadoop-ozone/integration-test/target/test-dir/MiniOzoneClusterImpl-166db4ac-5aa3-4efc-b377-a8ff7cd8c20d/datanode-3/data/ratis/6044c0cf-587b-4c20-8483-70db9a92beb8
2021-10-27 07:37:44,372 [pool-316-thread-1] INFO  server.RaftServerConfigKeys (ConfUtils.java:logGet(44)) - raft.server.log.queue.byte-limit = 2147483647 (custom)
2021-10-27 07:37:44,372 [pool-316-thread-1] INFO  server.RaftServerConfigKeys (ConfUtils.java:logGet(44)) - raft.server.log.queue.element-limit = 1024 (custom)
2021-10-27 07:37:44,372 [pool-316-thread-1] INFO  server.RaftServerConfigKeys (ConfUtils.java:logGet(44)) - raft.server.log.segment.size.max = 1048576 (custom)
2021-10-27 07:37:44,375 [pool-316-thread-1] INFO  server.RaftServerConfigKeys (ConfUtils.java:logGet(44)) - raft.server.log.preallocated.size = 16384 (custom)
2021-10-27 07:37:44,376 [pool-316-thread-1] INFO  server.RaftServerConfigKeys (ConfUtils.java:logGet(44)) - raft.server.log.force.sync.num = 128 (default)
2021-10-27 07:37:44,376 [pool-316-thread-1] INFO  server.RaftServerConfigKeys (ConfUtils.java:logGet(44)) - raft.server.log.statemachine.data.sync = true (default)
2021-10-27 07:37:44,376 [pool-316-thread-1] INFO  server.RaftServerConfigKeys (ConfUtils.java:logGet(44)) - raft.server.log.statemachine.data.sync.timeout = 10s (default)
2021-10-27 07:37:44,376 [pool-316-thread-1] INFO  server.RaftServerConfigKeys (ConfUtils.java:logGet(44)) - raft.server.log.statemachine.data.sync.timeout.retry = -1 (default)
2021-10-27 07:37:44,377 [pool-316-thread-1] INFO  server.RaftServerConfigKeys (ConfUtils.java:logGet(44)) - raft.server.log.write.buffer.size = 1048576 (custom)
2021-10-27 07:37:44,378 [pool-316-thread-1] INFO  server.RaftServerConfigKeys (ConfUtils.java:logGet(44)) - raft.server.log.statemachine.data.caching.enabled = true (custom)
2021-10-27 07:37:44,378 [pool-316-thread-1] INFO  segmented.SegmentedRaftLogWorker (SegmentedRaftLogWorker.java:lambda$new$0(133)) - 06710a81-f387-4505-8c81-c7e250b9aeec@group-70DB9A92BEB8-SegmentedRaftLogWorker: flushIndex: setUnconditionally 0 -> -1
2021-10-27 07:37:44,378 [pool-316-thread-1] INFO  segmented.SegmentedRaftLogWorker (SegmentedRaftLogWorker.java:lambda$new$0(133)) - 06710a81-f387-4505-8c81-c7e250b9aeec@group-70DB9A92BEB8-SegmentedRaftLogWorker: safeCacheEvictIndex: setUnconditionally 0 -> -1
2021-10-27 07:37:44,379 [pool-316-thread-1] INFO  server.RaftServerConfigKeys (ConfUtils.java:logGet(44)) - raft.server.snapshot.auto.trigger.enabled = true (custom)
2021-10-27 07:37:44,379 [pool-316-thread-1] INFO  server.RaftServerConfigKeys (ConfUtils.java:logGet(44)) - raft.server.snapshot.auto.trigger.threshold = 10000 (custom)
2021-10-27 07:37:44,379 [pool-316-thread-1] INFO  server.RaftServerConfigKeys (ConfUtils.java:logGet(44)) - raft.server.snapshot.retention.file.num = 5 (custom)
2021-10-27 07:37:44,379 [pool-316-thread-1] INFO  server.RaftServerConfigKeys (ConfUtils.java:logGet(44)) - raft.server.log.purge.upto.snapshot.index = false (default)
2021-10-27 07:37:44,379 [pool-316-thread-1] INFO  server.RaftServerConfigKeys (ConfUtils.java:logGet(44)) - raft.server.retrycache.expirytime = 600000ms (custom)
2021-10-27 07:37:44,379 [pool-316-thread-1] INFO  server.RaftServerConfigKeys (ConfUtils.java:logGet(44)) - raft.server.retrycache.statistics.expirytime = 100μs (default)
2021-10-27 07:37:44,381 [pool-316-thread-1] INFO  server.RaftServer$Division (RaftServerImpl.java:start(301)) - 06710a81-f387-4505-8c81-c7e250b9aeec@group-70DB9A92BEB8: start as a follower, conf=-1: [90abb50b-a825-4713-87e3-513268b12874|rpc:10.1.0.27:41119|priority:1, 06710a81-f387-4505-8c81-c7e250b9aeec|rpc:10.1.0.27:36323|priority:0, 8a94fc5b-68bf-440e-a2d4-79bd2954cd34|rpc:10.1.0.27:38139|priority:0], old=null
2021-10-27 07:37:44,381 [pool-316-thread-1] INFO  server.RaftServer$Division (RaftServerImpl.java:setRole(290)) - 06710a81-f387-4505-8c81-c7e250b9aeec@group-70DB9A92BEB8: changes role from      null to FOLLOWER at term 0 for startAsFollower
2021-10-27 07:37:44,381 [pool-316-thread-1] INFO  impl.RoleInfo (RoleInfo.java:updateAndGet(130)) - 06710a81-f387-4505-8c81-c7e250b9aeec: start 06710a81-f387-4505-8c81-c7e250b9aeec@group-70DB9A92BEB8-FollowerState
2021-10-27 07:37:44,382 [pool-316-thread-1] INFO  util.JmxRegister (JmxRegister.java:tryRegister(44)) - Successfully registered JMX Bean with object name Ratis:service=RaftServer,group=group-70DB9A92BEB8,id=06710a81-f387-4505-8c81-c7e250b9aeec
2021-10-27 07:37:44,383 [Command processor thread] INFO  ratis.XceiverServerRatis (XceiverServerRatis.java:addGroup(768)) - Created group PipelineID=6044c0cf-587b-4c20-8483-70db9a92beb8
2021-10-27 07:37:44,392 [EventQueue-OpenPipelineForHealthyPipelineSafeModeRule] INFO  safemode.SCMSafeModeManager (HealthyPipelineSafeModeRule.java:process(124)) - SCM in safe mode. Healthy pipelines reported count is 0, required healthy pipeline reported count is 1
2021-10-27 07:37:44,406 [grpc-default-executor-0] INFO  server.RaftServer (RaftServerProxy.java:addNew(95)) - 90abb50b-a825-4713-87e3-513268b12874: addNew group-70DB9A92BEB8:[90abb50b-a825-4713-87e3-513268b12874|rpc:10.1.0.27:41119|dataStream:|priority:1, 06710a81-f387-4505-8c81-c7e250b9aeec|rpc:10.1.0.27:36323|dataStream:|priority:0, 8a94fc5b-68bf-440e-a2d4-79bd2954cd34|rpc:10.1.0.27:38139|dataStream:|priority:0] returns group-70DB9A92BEB8:java.util.concurrent.CompletableFuture@aa66d36[Not completed]
2021-10-27 07:37:44,409 [pool-398-thread-1] INFO  server.RaftServer$Division (RaftServerImpl.java:<init>(184)) - 90abb50b-a825-4713-87e3-513268b12874: new RaftServerImpl for group-70DB9A92BEB8:[90abb50b-a825-4713-87e3-513268b12874|rpc:10.1.0.27:41119|dataStream:|priority:1, 06710a81-f387-4505-8c81-c7e250b9aeec|rpc:10.1.0.27:36323|dataStream:|priority:0, 8a94fc5b-68bf-440e-a2d4-79bd2954cd34|rpc:10.1.0.27:38139|dataStream:|priority:0] with ContainerStateMachine:uninitialized
2021-10-27 07:37:44,409 [pool-398-thread-1] INFO  server.RaftServerConfigKeys (ConfUtils.java:logGet(44)) - raft.server.rpc.timeout.min = 5s (custom)
2021-10-27 07:37:44,410 [pool-398-thread-1] INFO  server.RaftServerConfigKeys (ConfUtils.java:logGet(44)) - raft.server.rpc.timeout.max = 5200ms (custom)
2021-10-27 07:37:44,410 [pool-398-thread-1] INFO  server.RaftServerConfigKeys (ConfUtils.java:logGet(44)) - raft.server.rpc.sleep.time = 25ms (default)
2021-10-27 07:37:44,411 [pool-398-thread-1] INFO  server.RaftServerConfigKeys (ConfUtils.java:logGet(44)) - raft.server.rpc.slowness.timeout = 300s (custom)
2021-10-27 07:37:44,411 [pool-398-thread-1] INFO  server.RaftServerConfigKeys (ConfUtils.java:logGet(44)) - raft.server.leaderelection.leader.step-down.wait-time = 10s (default)
2021-10-27 07:37:44,411 [pool-398-thread-1] INFO  server.RaftServerConfigKeys (ConfUtils.java:logGet(44)) - raft.server.sleep.deviation.threshold = 300ms (default)
2021-10-27 07:37:44,411 [pool-398-thread-1] INFO  server.RaftServerConfigKeys (ConfUtils.java:logGet(44)) - raft.server.log.appender.install.snapshot.enabled = false (custom)
2021-10-27 07:37:44,411 [pool-398-thread-1] INFO  server.RaftServer$Division (ServerState.java:<init>(105)) - 90abb50b-a825-4713-87e3-513268b12874@group-70DB9A92BEB8: ConfigurationManager, init=-1: [90abb50b-a825-4713-87e3-513268b12874|rpc:10.1.0.27:41119|dataStream:|priority:1, 06710a81-f387-4505-8c81-c7e250b9aeec|rpc:10.1.0.27:36323|dataStream:|priority:0, 8a94fc5b-68bf-440e-a2d4-79bd2954cd34|rpc:10.1.0.27:38139|dataStream:|priority:0], old=null, confs=<EMPTY_MAP>
2021-10-27 07:37:44,411 [pool-398-thread-1] INFO  server.RaftServerConfigKeys (ConfUtils.java:logGet(44)) - raft.server.storage.dir = [/home/runner/work/ozone/ozone/hadoop-ozone/integration-test/target/test-dir/MiniOzoneClusterImpl-166db4ac-5aa3-4efc-b377-a8ff7cd8c20d/datanode-5/data/ratis] (custom)
2021-10-27 07:37:44,412 [pool-398-thread-1] INFO  server.RaftServerConfigKeys (ConfUtils.java:logGet(44)) - raft.server.log.corruption.policy = EXCEPTION (default)
2021-10-27 07:37:44,412 [pool-398-thread-1] INFO  server.RaftServerConfigKeys (ConfUtils.java:logGet(44)) - raft.server.storage.free-space.min = 0MB (=0) (default)
2021-10-27 07:37:44,412 [pool-398-thread-1] INFO  storage.RaftStorageDirectory (RaftStorageDirectoryImpl.java:analyzeStorage(135)) - The storage directory /home/runner/work/ozone/ozone/hadoop-ozone/integration-test/target/test-dir/MiniOzoneClusterImpl-166db4ac-5aa3-4efc-b377-a8ff7cd8c20d/datanode-5/data/ratis/6044c0cf-587b-4c20-8483-70db9a92beb8 does not exist. Creating ...
2021-10-27 07:37:44,414 [pool-398-thread-1] INFO  storage.RaftStorageDirectory (RaftStorageDirectoryImpl.java:tryLock(230)) - Lock on /home/runner/work/ozone/ozone/hadoop-ozone/integration-test/target/test-dir/MiniOzoneClusterImpl-166db4ac-5aa3-4efc-b377-a8ff7cd8c20d/datanode-5/data/ratis/6044c0cf-587b-4c20-8483-70db9a92beb8/in_use.lock acquired by nodename 22077@fv-az270-913
2021-10-27 07:37:44,415 [pool-398-thread-1] INFO  storage.RaftStorage (RaftStorageImpl.java:format(89)) - Storage directory /home/runner/work/ozone/ozone/hadoop-ozone/integration-test/target/test-dir/MiniOzoneClusterImpl-166db4ac-5aa3-4efc-b377-a8ff7cd8c20d/datanode-5/data/ratis/6044c0cf-587b-4c20-8483-70db9a92beb8 has been successfully formatted.
2021-10-27 07:37:44,417 [pool-398-thread-1] INFO  ratis.ContainerStateMachine (ContainerStateMachine.java:loadSnapshot(224)) - group-70DB9A92BEB8: The snapshot info is null. Setting the last applied indexto:(t:0, i:~)
2021-10-27 07:37:44,417 [pool-398-thread-1] INFO  server.RaftServerConfigKeys (ConfUtils.java:logGet(44)) - raft.server.notification.no-leader.timeout = 300s (custom)
2021-10-27 07:37:44,417 [pool-398-thread-1] INFO  server.RaftServerConfigKeys (ConfUtils.java:logGet(44)) - raft.server.log.use.memory = false (default)
2021-10-27 07:37:44,417 [pool-398-thread-1] INFO  server.RaftServerConfigKeys (ConfUtils.java:logGet(44)) - raft.server.log.purge.gap = 1000000 (custom)
2021-10-27 07:37:44,418 [pool-398-thread-1] INFO  server.RaftServerConfigKeys (ConfUtils.java:logGet(44)) - raft.server.log.appender.buffer.byte-limit = 33554432 (custom)
2021-10-27 07:37:44,418 [pool-398-thread-1] INFO  server.RaftServerConfigKeys (ConfUtils.java:logGet(44)) - raft.server.log.segment.size.max = 1048576 (custom)
2021-10-27 07:37:44,424 [pool-398-thread-1] INFO  server.RaftServerConfigKeys (ConfUtils.java:logGet(44)) - raft.server.log.segment.cache.num.max = 2 (custom)
2021-10-27 07:37:44,424 [pool-398-thread-1] INFO  server.RaftServerConfigKeys (ConfUtils.java:logGet(44)) - raft.server.log.segment.cache.size.max = 200MB (=209715200) (default)
2021-10-27 07:37:44,424 [pool-398-thread-1] INFO  segmented.SegmentedRaftLogWorker (SegmentedRaftLogWorker.java:<init>(182)) - new 90abb50b-a825-4713-87e3-513268b12874@group-70DB9A92BEB8-SegmentedRaftLogWorker for RaftStorageImpl:Storage Directory /home/runner/work/ozone/ozone/hadoop-ozone/integration-test/target/test-dir/MiniOzoneClusterImpl-166db4ac-5aa3-4efc-b377-a8ff7cd8c20d/datanode-5/data/ratis/6044c0cf-587b-4c20-8483-70db9a92beb8
2021-10-27 07:37:44,424 [pool-398-thread-1] INFO  server.RaftServerConfigKeys (ConfUtils.java:logGet(44)) - raft.server.log.queue.byte-limit = 2147483647 (custom)
2021-10-27 07:37:44,424 [pool-398-thread-1] INFO  server.RaftServerConfigKeys (ConfUtils.java:logGet(44)) - raft.server.log.queue.element-limit = 1024 (custom)
2021-10-27 07:37:44,424 [pool-398-thread-1] INFO  server.RaftServerConfigKeys (ConfUtils.java:logGet(44)) - raft.server.log.segment.size.max = 1048576 (custom)
2021-10-27 07:37:44,424 [pool-398-thread-1] INFO  server.RaftServerConfigKeys (ConfUtils.java:logGet(44)) - raft.server.log.preallocated.size = 16384 (custom)
2021-10-27 07:37:44,424 [pool-398-thread-1] INFO  server.RaftServerConfigKeys (ConfUtils.java:logGet(44)) - raft.server.log.force.sync.num = 128 (default)
2021-10-27 07:37:44,425 [pool-398-thread-1] INFO  server.RaftServerConfigKeys (ConfUtils.java:logGet(44)) - raft.server.log.statemachine.data.sync = true (default)
2021-10-27 07:37:44,425 [pool-398-thread-1] INFO  server.RaftServerConfigKeys (ConfUtils.java:logGet(44)) - raft.server.log.statemachine.data.sync.timeout = 10s (default)
2021-10-27 07:37:44,425 [pool-398-thread-1] INFO  server.RaftServerConfigKeys (ConfUtils.java:logGet(44)) - raft.server.log.statemachine.data.sync.timeout.retry = -1 (default)
2021-10-27 07:37:44,426 [pool-398-thread-1] INFO  server.RaftServerConfigKeys (ConfUtils.java:logGet(44)) - raft.server.log.write.buffer.size = 1048576 (custom)
2021-10-27 07:37:44,427 [pool-398-thread-1] INFO  server.RaftServerConfigKeys (ConfUtils.java:logGet(44)) - raft.server.log.statemachine.data.caching.enabled = true (custom)
2021-10-27 07:37:44,427 [pool-398-thread-1] INFO  segmented.SegmentedRaftLogWorker (SegmentedRaftLogWorker.java:lambda$new$0(133)) - 90abb50b-a825-4713-87e3-513268b12874@group-70DB9A92BEB8-SegmentedRaftLogWorker: flushIndex: setUnconditionally 0 -> -1
2021-10-27 07:37:44,427 [pool-398-thread-1] INFO  segmented.SegmentedRaftLogWorker (SegmentedRaftLogWorker.java:lambda$new$0(133)) - 90abb50b-a825-4713-87e3-513268b12874@group-70DB9A92BEB8-SegmentedRaftLogWorker: safeCacheEvictIndex: setUnconditionally 0 -> -1
2021-10-27 07:37:44,428 [pool-398-thread-1] INFO  server.RaftServerConfigKeys (ConfUtils.java:logGet(44)) - raft.server.snapshot.auto.trigger.enabled = true (custom)
2021-10-27 07:37:44,428 [pool-398-thread-1] INFO  server.RaftServerConfigKeys (ConfUtils.java:logGet(44)) - raft.server.snapshot.auto.trigger.threshold = 10000 (custom)
2021-10-27 07:37:44,428 [pool-398-thread-1] INFO  server.RaftServerConfigKeys (ConfUtils.java:logGet(44)) - raft.server.snapshot.retention.file.num = 5 (custom)
2021-10-27 07:37:44,428 [pool-398-thread-1] INFO  server.RaftServerConfigKeys (ConfUtils.java:logGet(44)) - raft.server.log.purge.upto.snapshot.index = false (default)
2021-10-27 07:37:44,428 [pool-398-thread-1] INFO  server.RaftServerConfigKeys (ConfUtils.java:logGet(44)) - raft.server.retrycache.expirytime = 600000ms (custom)
2021-10-27 07:37:44,428 [pool-398-thread-1] INFO  server.RaftServerConfigKeys (ConfUtils.java:logGet(44)) - raft.server.retrycache.statistics.expirytime = 100μs (default)
2021-10-27 07:37:44,430 [pool-398-thread-1] INFO  server.RaftServer$Division (RaftServerImpl.java:start(301)) - 90abb50b-a825-4713-87e3-513268b12874@group-70DB9A92BEB8: start as a follower, conf=-1: [90abb50b-a825-4713-87e3-513268b12874|rpc:10.1.0.27:41119|dataStream:|priority:1, 06710a81-f387-4505-8c81-c7e250b9aeec|rpc:10.1.0.27:36323|dataStream:|priority:0, 8a94fc5b-68bf-440e-a2d4-79bd2954cd34|rpc:10.1.0.27:38139|dataStream:|priority:0], old=null
2021-10-27 07:37:44,430 [pool-398-thread-1] INFO  server.RaftServer$Division (RaftServerImpl.java:setRole(290)) - 90abb50b-a825-4713-87e3-513268b12874@group-70DB9A92BEB8: changes role from      null to FOLLOWER at term 0 for startAsFollower
2021-10-27 07:37:44,430 [pool-398-thread-1] INFO  impl.RoleInfo (RoleInfo.java:updateAndGet(130)) - 90abb50b-a825-4713-87e3-513268b12874: start 90abb50b-a825-4713-87e3-513268b12874@group-70DB9A92BEB8-FollowerState
2021-10-27 07:37:44,431 [pool-398-thread-1] INFO  util.JmxRegister (JmxRegister.java:tryRegister(44)) - Successfully registered JMX Bean with object name Ratis:service=RaftServer,group=group-70DB9A92BEB8,id=90abb50b-a825-4713-87e3-513268b12874
2021-10-27 07:37:44,451 [grpc-default-executor-0] INFO  server.RaftServer (RaftServerProxy.java:addNew(95)) - 8a94fc5b-68bf-440e-a2d4-79bd2954cd34: addNew group-70DB9A92BEB8:[90abb50b-a825-4713-87e3-513268b12874|rpc:10.1.0.27:41119|dataStream:|priority:1, 06710a81-f387-4505-8c81-c7e250b9aeec|rpc:10.1.0.27:36323|dataStream:|priority:0, 8a94fc5b-68bf-440e-a2d4-79bd2954cd34|rpc:10.1.0.27:38139|dataStream:|priority:0] returns group-70DB9A92BEB8:java.util.concurrent.CompletableFuture@250685c5[Not completed]
2021-10-27 07:37:44,453 [pool-363-thread-1] INFO  server.RaftServer$Division (RaftServerImpl.java:<init>(184)) - 8a94fc5b-68bf-440e-a2d4-79bd2954cd34: new RaftServerImpl for group-70DB9A92BEB8:[90abb50b-a825-4713-87e3-513268b12874|rpc:10.1.0.27:41119|dataStream:|priority:1, 06710a81-f387-4505-8c81-c7e250b9aeec|rpc:10.1.0.27:36323|dataStream:|priority:0, 8a94fc5b-68bf-440e-a2d4-79bd2954cd34|rpc:10.1.0.27:38139|dataStream:|priority:0] with ContainerStateMachine:uninitialized
2021-10-27 07:37:44,453 [pool-363-thread-1] INFO  server.RaftServerConfigKeys (ConfUtils.java:logGet(44)) - raft.server.rpc.timeout.min = 5s (custom)
2021-10-27 07:37:44,453 [pool-363-thread-1] INFO  server.RaftServerConfigKeys (ConfUtils.java:logGet(44)) - raft.server.rpc.timeout.max = 5200ms (custom)
2021-10-27 07:37:44,453 [pool-363-thread-1] INFO  server.RaftServerConfigKeys (ConfUtils.java:logGet(44)) - raft.server.rpc.sleep.time = 25ms (default)
2021-10-27 07:37:44,453 [pool-363-thread-1] INFO  server.RaftServerConfigKeys (ConfUtils.java:logGet(44)) - raft.server.rpc.slowness.timeout = 300s (custom)
2021-10-27 07:37:44,453 [pool-363-thread-1] INFO  server.RaftServerConfigKeys (ConfUtils.java:logGet(44)) - raft.server.leaderelection.leader.step-down.wait-time = 10s (default)
2021-10-27 07:37:44,453 [pool-363-thread-1] INFO  server.RaftServerConfigKeys (ConfUtils.java:logGet(44)) - raft.server.sleep.deviation.threshold = 300ms (default)
2021-10-27 07:37:44,453 [pool-363-thread-1] INFO  server.RaftServerConfigKeys (ConfUtils.java:logGet(44)) - raft.server.log.appender.install.snapshot.enabled = false (custom)
2021-10-27 07:37:44,453 [pool-363-thread-1] INFO  server.RaftServer$Division (ServerState.java:<init>(105)) - 8a94fc5b-68bf-440e-a2d4-79bd2954cd34@group-70DB9A92BEB8: ConfigurationManager, init=-1: [90abb50b-a825-4713-87e3-513268b12874|rpc:10.1.0.27:41119|dataStream:|priority:1, 06710a81-f387-4505-8c81-c7e250b9aeec|rpc:10.1.0.27:36323|dataStream:|priority:0, 8a94fc5b-68bf-440e-a2d4-79bd2954cd34|rpc:10.1.0.27:38139|dataStream:|priority:0], old=null, confs=<EMPTY_MAP>
2021-10-27 07:37:44,454 [pool-363-thread-1] INFO  server.RaftServerConfigKeys (ConfUtils.java:logGet(44)) - raft.server.storage.dir = [/home/runner/work/ozone/ozone/hadoop-ozone/integration-test/target/test-dir/MiniOzoneClusterImpl-166db4ac-5aa3-4efc-b377-a8ff7cd8c20d/datanode-4/data/ratis] (custom)
2021-10-27 07:37:44,454 [pool-363-thread-1] INFO  server.RaftServerConfigKeys (ConfUtils.java:logGet(44)) - raft.server.log.corruption.policy = EXCEPTION (default)
2021-10-27 07:37:44,454 [pool-363-thread-1] INFO  server.RaftServerConfigKeys (ConfUtils.java:logGet(44)) - raft.server.storage.free-space.min = 0MB (=0) (default)
2021-10-27 07:37:44,454 [pool-363-thread-1] INFO  storage.RaftStorageDirectory (RaftStorageDirectoryImpl.java:analyzeStorage(135)) - The storage directory /home/runner/work/ozone/ozone/hadoop-ozone/integration-test/target/test-dir/MiniOzoneClusterImpl-166db4ac-5aa3-4efc-b377-a8ff7cd8c20d/datanode-4/data/ratis/6044c0cf-587b-4c20-8483-70db9a92beb8 does not exist. Creating ...
2021-10-27 07:37:44,456 [pool-363-thread-1] INFO  storage.RaftStorageDirectory (RaftStorageDirectoryImpl.java:tryLock(230)) - Lock on /home/runner/work/ozone/ozone/hadoop-ozone/integration-test/target/test-dir/MiniOzoneClusterImpl-166db4ac-5aa3-4efc-b377-a8ff7cd8c20d/datanode-4/data/ratis/6044c0cf-587b-4c20-8483-70db9a92beb8/in_use.lock acquired by nodename 22077@fv-az270-913
2021-10-27 07:37:44,457 [pool-363-thread-1] INFO  storage.RaftStorage (RaftStorageImpl.java:format(89)) - Storage directory /home/runner/work/ozone/ozone/hadoop-ozone/integration-test/target/test-dir/MiniOzoneClusterImpl-166db4ac-5aa3-4efc-b377-a8ff7cd8c20d/datanode-4/data/ratis/6044c0cf-587b-4c20-8483-70db9a92beb8 has been successfully formatted.
2021-10-27 07:37:44,459 [pool-363-thread-1] INFO  ratis.ContainerStateMachine (ContainerStateMachine.java:loadSnapshot(224)) - group-70DB9A92BEB8: The snapshot info is null. Setting the last applied indexto:(t:0, i:~)
2021-10-27 07:37:44,460 [pool-363-thread-1] INFO  server.RaftServerConfigKeys (ConfUtils.java:logGet(44)) - raft.server.notification.no-leader.timeout = 300s (custom)
2021-10-27 07:37:44,460 [pool-363-thread-1] INFO  server.RaftServerConfigKeys (ConfUtils.java:logGet(44)) - raft.server.log.use.memory = false (default)
2021-10-27 07:37:44,462 [pool-363-thread-1] INFO  server.RaftServerConfigKeys (ConfUtils.java:logGet(44)) - raft.server.log.purge.gap = 1000000 (custom)
2021-10-27 07:37:44,463 [pool-363-thread-1] INFO  server.RaftServerConfigKeys (ConfUtils.java:logGet(44)) - raft.server.log.appender.buffer.byte-limit = 33554432 (custom)
2021-10-27 07:37:44,463 [pool-363-thread-1] INFO  server.RaftServerConfigKeys (ConfUtils.java:logGet(44)) - raft.server.log.segment.size.max = 1048576 (custom)
2021-10-27 07:37:44,464 [pool-363-thread-1] INFO  server.RaftServerConfigKeys (ConfUtils.java:logGet(44)) - raft.server.log.segment.cache.num.max = 2 (custom)
2021-10-27 07:37:44,464 [pool-363-thread-1] INFO  server.RaftServerConfigKeys (ConfUtils.java:logGet(44)) - raft.server.log.segment.cache.size.max = 200MB (=209715200) (default)
2021-10-27 07:37:44,464 [pool-363-thread-1] INFO  segmented.SegmentedRaftLogWorker (SegmentedRaftLogWorker.java:<init>(182)) - new 8a94fc5b-68bf-440e-a2d4-79bd2954cd34@group-70DB9A92BEB8-SegmentedRaftLogWorker for RaftStorageImpl:Storage Directory /home/runner/work/ozone/ozone/hadoop-ozone/integration-test/target/test-dir/MiniOzoneClusterImpl-166db4ac-5aa3-4efc-b377-a8ff7cd8c20d/datanode-4/data/ratis/6044c0cf-587b-4c20-8483-70db9a92beb8
2021-10-27 07:37:44,464 [pool-363-thread-1] INFO  server.RaftServerConfigKeys (ConfUtils.java:logGet(44)) - raft.server.log.queue.byte-limit = 2147483647 (custom)
2021-10-27 07:37:44,464 [pool-363-thread-1] INFO  server.RaftServerConfigKeys (ConfUtils.java:logGet(44)) - raft.server.log.queue.element-limit = 1024 (custom)
2021-10-27 07:37:44,464 [pool-363-thread-1] INFO  server.RaftServerConfigKeys (ConfUtils.java:logGet(44)) - raft.server.log.segment.size.max = 1048576 (custom)
2021-10-27 07:37:44,464 [pool-363-thread-1] INFO  server.RaftServerConfigKeys (ConfUtils.java:logGet(44)) - raft.server.log.preallocated.size = 16384 (custom)
2021-10-27 07:37:44,464 [pool-363-thread-1] INFO  server.RaftServerConfigKeys (ConfUtils.java:logGet(44)) - raft.server.log.force.sync.num = 128 (default)
2021-10-27 07:37:44,464 [pool-363-thread-1] INFO  server.RaftServerConfigKeys (ConfUtils.java:logGet(44)) - raft.server.log.statemachine.data.sync = true (default)
2021-10-27 07:37:44,465 [pool-363-thread-1] INFO  server.RaftServerConfigKeys (ConfUtils.java:logGet(44)) - raft.server.log.statemachine.data.sync.timeout = 10s (default)
2021-10-27 07:37:44,465 [pool-363-thread-1] INFO  server.RaftServerConfigKeys (ConfUtils.java:logGet(44)) - raft.server.log.statemachine.data.sync.timeout.retry = -1 (default)
2021-10-27 07:37:44,466 [pool-363-thread-1] INFO  server.RaftServerConfigKeys (ConfUtils.java:logGet(44)) - raft.server.log.write.buffer.size = 1048576 (custom)
2021-10-27 07:37:44,467 [pool-363-thread-1] INFO  server.RaftServerConfigKeys (ConfUtils.java:logGet(44)) - raft.server.log.statemachine.data.caching.enabled = true (custom)
2021-10-27 07:37:44,467 [pool-363-thread-1] INFO  segmented.SegmentedRaftLogWorker (SegmentedRaftLogWorker.java:lambda$new$0(133)) - 8a94fc5b-68bf-440e-a2d4-79bd2954cd34@group-70DB9A92BEB8-SegmentedRaftLogWorker: flushIndex: setUnconditionally 0 -> -1
2021-10-27 07:37:44,467 [pool-363-thread-1] INFO  segmented.SegmentedRaftLogWorker (SegmentedRaftLogWorker.java:lambda$new$0(133)) - 8a94fc5b-68bf-440e-a2d4-79bd2954cd34@group-70DB9A92BEB8-SegmentedRaftLogWorker: safeCacheEvictIndex: setUnconditionally 0 -> -1
2021-10-27 07:37:44,468 [pool-363-thread-1] INFO  server.RaftServerConfigKeys (ConfUtils.java:logGet(44)) - raft.server.snapshot.auto.trigger.enabled = true (custom)
2021-10-27 07:37:44,468 [pool-363-thread-1] INFO  server.RaftServerConfigKeys (ConfUtils.java:logGet(44)) - raft.server.snapshot.auto.trigger.threshold = 10000 (custom)
2021-10-27 07:37:44,468 [pool-363-thread-1] INFO  server.RaftServerConfigKeys (ConfUtils.java:logGet(44)) - raft.server.snapshot.retention.file.num = 5 (custom)
2021-10-27 07:37:44,468 [pool-363-thread-1] INFO  server.RaftServerConfigKeys (ConfUtils.java:logGet(44)) - raft.server.log.purge.upto.snapshot.index = false (default)
2021-10-27 07:37:44,468 [pool-363-thread-1] INFO  server.RaftServerConfigKeys (ConfUtils.java:logGet(44)) - raft.server.retrycache.expirytime = 600000ms (custom)
2021-10-27 07:37:44,468 [pool-363-thread-1] INFO  server.RaftServerConfigKeys (ConfUtils.java:logGet(44)) - raft.server.retrycache.statistics.expirytime = 100μs (default)
2021-10-27 07:37:44,470 [pool-363-thread-1] INFO  server.RaftServer$Division (RaftServerImpl.java:start(301)) - 8a94fc5b-68bf-440e-a2d4-79bd2954cd34@group-70DB9A92BEB8: start as a follower, conf=-1: [90abb50b-a825-4713-87e3-513268b12874|rpc:10.1.0.27:41119|dataStream:|priority:1, 06710a81-f387-4505-8c81-c7e250b9aeec|rpc:10.1.0.27:36323|dataStream:|priority:0, 8a94fc5b-68bf-440e-a2d4-79bd2954cd34|rpc:10.1.0.27:38139|dataStream:|priority:0], old=null
2021-10-27 07:37:44,470 [pool-363-thread-1] INFO  server.RaftServer$Division (RaftServerImpl.java:setRole(290)) - 8a94fc5b-68bf-440e-a2d4-79bd2954cd34@group-70DB9A92BEB8: changes role from      null to FOLLOWER at term 0 for startAsFollower
2021-10-27 07:37:44,470 [pool-363-thread-1] INFO  impl.RoleInfo (RoleInfo.java:updateAndGet(130)) - 8a94fc5b-68bf-440e-a2d4-79bd2954cd34: start 8a94fc5b-68bf-440e-a2d4-79bd2954cd34@group-70DB9A92BEB8-FollowerState
2021-10-27 07:37:44,472 [pool-363-thread-1] INFO  util.JmxRegister (JmxRegister.java:tryRegister(44)) - Successfully registered JMX Bean with object name Ratis:service=RaftServer,group=group-70DB9A92BEB8,id=8a94fc5b-68bf-440e-a2d4-79bd2954cd34
2021-10-27 07:37:44,483 [Command processor thread] INFO  commandhandler.CreatePipelineCommandHandler (CreatePipelineCommandHandler.java:handle(106)) - Created Pipeline RATIS THREE PipelineID=6044c0cf-587b-4c20-8483-70db9a92beb8.
2021-10-27 07:37:44,492 [ReplicationMonitor] INFO  container.ReplicationManager (ReplicationManager.java:processAll(371)) - Replication Monitor Thread took 0 milliseconds for processing 0 containers.
2021-10-27 07:37:44,856 [EventQueue-OpenPipelineForHealthyPipelineSafeModeRule] INFO  safemode.SCMSafeModeManager (HealthyPipelineSafeModeRule.java:process(124)) - SCM in safe mode. Healthy pipelines reported count is 0, required healthy pipeline reported count is 1
2021-10-27 07:37:44,953 [Command processor thread] INFO  server.RaftServer (RaftServerProxy.java:addNew(95)) - 8a94fc5b-68bf-440e-a2d4-79bd2954cd34: addNew group-CCCA4E64EB18:[8a94fc5b-68bf-440e-a2d4-79bd2954cd34|rpc:10.1.0.27:38139|priority:1] returns group-CCCA4E64EB18:java.util.concurrent.CompletableFuture@36269fec[Not completed]
2021-10-27 07:37:44,954 [pool-363-thread-1] INFO  server.RaftServer$Division (RaftServerImpl.java:<init>(184)) - 8a94fc5b-68bf-440e-a2d4-79bd2954cd34: new RaftServerImpl for group-CCCA4E64EB18:[8a94fc5b-68bf-440e-a2d4-79bd2954cd34|rpc:10.1.0.27:38139|priority:1] with ContainerStateMachine:uninitialized
2021-10-27 07:37:44,954 [pool-363-thread-1] INFO  server.RaftServerConfigKeys (ConfUtils.java:logGet(44)) - raft.server.rpc.timeout.min = 5s (custom)
2021-10-27 07:37:44,954 [pool-363-thread-1] INFO  server.RaftServerConfigKeys (ConfUtils.java:logGet(44)) - raft.server.rpc.timeout.max = 5200ms (custom)
2021-10-27 07:37:44,955 [pool-363-thread-1] INFO  server.RaftServerConfigKeys (ConfUtils.java:logGet(44)) - raft.server.rpc.sleep.time = 25ms (default)
2021-10-27 07:37:44,955 [pool-363-thread-1] INFO  server.RaftServerConfigKeys (ConfUtils.java:logGet(44)) - raft.server.rpc.slowness.timeout = 300s (custom)
2021-10-27 07:37:44,955 [pool-363-thread-1] INFO  server.RaftServerConfigKeys (ConfUtils.java:logGet(44)) - raft.server.leaderelection.leader.step-down.wait-time = 10s (default)
2021-10-27 07:37:44,955 [pool-363-thread-1] INFO  server.RaftServerConfigKeys (ConfUtils.java:logGet(44)) - raft.server.sleep.deviation.threshold = 300ms (default)
2021-10-27 07:37:44,955 [pool-363-thread-1] INFO  server.RaftServerConfigKeys (ConfUtils.java:logGet(44)) - raft.server.log.appender.install.snapshot.enabled = false (custom)
2021-10-27 07:37:44,955 [pool-363-thread-1] INFO  server.RaftServer$Division (ServerState.java:<init>(105)) - 8a94fc5b-68bf-440e-a2d4-79bd2954cd34@group-CCCA4E64EB18: ConfigurationManager, init=-1: [8a94fc5b-68bf-440e-a2d4-79bd2954cd34|rpc:10.1.0.27:38139|priority:1], old=null, confs=<EMPTY_MAP>
2021-10-27 07:37:44,955 [pool-363-thread-1] INFO  server.RaftServerConfigKeys (ConfUtils.java:logGet(44)) - raft.server.storage.dir = [/home/runner/work/ozone/ozone/hadoop-ozone/integration-test/target/test-dir/MiniOzoneClusterImpl-166db4ac-5aa3-4efc-b377-a8ff7cd8c20d/datanode-4/data/ratis] (custom)
2021-10-27 07:37:44,955 [pool-363-thread-1] INFO  server.RaftServerConfigKeys (ConfUtils.java:logGet(44)) - raft.server.log.corruption.policy = EXCEPTION (default)
2021-10-27 07:37:44,955 [pool-363-thread-1] INFO  server.RaftServerConfigKeys (ConfUtils.java:logGet(44)) - raft.server.storage.free-space.min = 0MB (=0) (default)
2021-10-27 07:37:44,956 [pool-363-thread-1] INFO  storage.RaftStorageDirectory (RaftStorageDirectoryImpl.java:analyzeStorage(135)) - The storage directory /home/runner/work/ozone/ozone/hadoop-ozone/integration-test/target/test-dir/MiniOzoneClusterImpl-166db4ac-5aa3-4efc-b377-a8ff7cd8c20d/datanode-4/data/ratis/e29b9d14-5830-47ad-8e75-ccca4e64eb18 does not exist. Creating ...
2021-10-27 07:37:44,957 [pool-363-thread-1] INFO  storage.RaftStorageDirectory (RaftStorageDirectoryImpl.java:tryLock(230)) - Lock on /home/runner/work/ozone/ozone/hadoop-ozone/integration-test/target/test-dir/MiniOzoneClusterImpl-166db4ac-5aa3-4efc-b377-a8ff7cd8c20d/datanode-4/data/ratis/e29b9d14-5830-47ad-8e75-ccca4e64eb18/in_use.lock acquired by nodename 22077@fv-az270-913
2021-10-27 07:37:44,961 [pool-363-thread-1] INFO  storage.RaftStorage (RaftStorageImpl.java:format(89)) - Storage directory /home/runner/work/ozone/ozone/hadoop-ozone/integration-test/target/test-dir/MiniOzoneClusterImpl-166db4ac-5aa3-4efc-b377-a8ff7cd8c20d/datanode-4/data/ratis/e29b9d14-5830-47ad-8e75-ccca4e64eb18 has been successfully formatted.
2021-10-27 07:37:44,961 [pool-363-thread-1] INFO  ratis.ContainerStateMachine (ContainerStateMachine.java:loadSnapshot(224)) - group-CCCA4E64EB18: The snapshot info is null. Setting the last applied indexto:(t:0, i:~)
2021-10-27 07:37:44,962 [pool-363-thread-1] INFO  server.RaftServerConfigKeys (ConfUtils.java:logGet(44)) - raft.server.notification.no-leader.timeout = 300s (custom)
2021-10-27 07:37:44,962 [pool-363-thread-1] INFO  server.RaftServerConfigKeys (ConfUtils.java:logGet(44)) - raft.server.log.use.memory = false (default)
2021-10-27 07:37:44,962 [pool-363-thread-1] INFO  server.RaftServerConfigKeys (ConfUtils.java:logGet(44)) - raft.server.log.purge.gap = 1000000 (custom)
2021-10-27 07:37:44,962 [EventQueue-PipelineReportForPipelineReportHandler] INFO  pipeline.PipelineManagerImpl (PipelineManagerImpl.java:openPipeline(289)) - Pipeline Pipeline[ Id: e29b9d14-5830-47ad-8e75-ccca4e64eb18, Nodes: 8a94fc5b-68bf-440e-a2d4-79bd2954cd34{ip: 10.1.0.27, host: fv-az270-913.tacnzluakwdehk1hpragurqkma.bx.internal.cloudapp.net, ports: [REPLICATION=36889, RATIS=38139, RATIS_ADMIN=38139, RATIS_SERVER=38139, STANDALONE=43199], networkLocation: /default-rack, certSerialId: null, persistedOpState: IN_SERVICE, persistedOpStateExpiryEpochSec: 0}, ReplicationConfig: RATIS/ONE, State:ALLOCATED, leaderId:8a94fc5b-68bf-440e-a2d4-79bd2954cd34, CreationTimestamp2021-10-27T07:37:41.954Z[Etc/UTC]] moved to OPEN state
2021-10-27 07:37:44,963 [EventQueue-OpenPipelineForHealthyPipelineSafeModeRule] INFO  safemode.SCMSafeModeManager (HealthyPipelineSafeModeRule.java:process(124)) - SCM in safe mode. Healthy pipelines reported count is 0, required healthy pipeline reported count is 1
2021-10-27 07:37:44,963 [pool-363-thread-1] INFO  server.RaftServerConfigKeys (ConfUtils.java:logGet(44)) - raft.server.log.appender.buffer.byte-limit = 33554432 (custom)
2021-10-27 07:37:44,964 [pool-363-thread-1] INFO  server.RaftServerConfigKeys (ConfUtils.java:logGet(44)) - raft.server.log.segment.size.max = 1048576 (custom)
2021-10-27 07:37:44,964 [pool-363-thread-1] INFO  server.RaftServerConfigKeys (ConfUtils.java:logGet(44)) - raft.server.log.segment.cache.num.max = 2 (custom)
2021-10-27 07:37:44,965 [pool-363-thread-1] INFO  server.RaftServerConfigKeys (ConfUtils.java:logGet(44)) - raft.server.log.segment.cache.size.max = 200MB (=209715200) (default)
2021-10-27 07:37:44,965 [pool-363-thread-1] INFO  segmented.SegmentedRaftLogWorker (SegmentedRaftLogWorker.java:<init>(182)) - new 8a94fc5b-68bf-440e-a2d4-79bd2954cd34@group-CCCA4E64EB18-SegmentedRaftLogWorker for RaftStorageImpl:Storage Directory /home/runner/work/ozone/ozone/hadoop-ozone/integration-test/target/test-dir/MiniOzoneClusterImpl-166db4ac-5aa3-4efc-b377-a8ff7cd8c20d/datanode-4/data/ratis/e29b9d14-5830-47ad-8e75-ccca4e64eb18
2021-10-27 07:37:44,965 [pool-363-thread-1] INFO  server.RaftServerConfigKeys (ConfUtils.java:logGet(44)) - raft.server.log.queue.byte-limit = 2147483647 (custom)
2021-10-27 07:37:44,965 [pool-363-thread-1] INFO  server.RaftServerConfigKeys (ConfUtils.java:logGet(44)) - raft.server.log.queue.element-limit = 1024 (custom)
2021-10-27 07:37:44,965 [pool-363-thread-1] INFO  server.RaftServerConfigKeys (ConfUtils.java:logGet(44)) - raft.server.log.segment.size.max = 1048576 (custom)
2021-10-27 07:37:44,965 [pool-363-thread-1] INFO  server.RaftServerConfigKeys (ConfUtils.java:logGet(44)) - raft.server.log.preallocated.size = 16384 (custom)
2021-10-27 07:37:44,965 [pool-363-thread-1] INFO  server.RaftServerConfigKeys (ConfUtils.java:logGet(44)) - raft.server.log.force.sync.num = 128 (default)
2021-10-27 07:37:44,965 [pool-363-thread-1] INFO  server.RaftServerConfigKeys (ConfUtils.java:logGet(44)) - raft.server.log.statemachine.data.sync = true (default)
2021-10-27 07:37:44,965 [pool-363-thread-1] INFO  server.RaftServerConfigKeys (ConfUtils.java:logGet(44)) - raft.server.log.statemachine.data.sync.timeout = 10s (default)
2021-10-27 07:37:44,965 [pool-363-thread-1] INFO  server.RaftServerConfigKeys (ConfUtils.java:logGet(44)) - raft.server.log.statemachine.data.sync.timeout.retry = -1 (default)
2021-10-27 07:37:44,966 [pool-363-thread-1] INFO  server.RaftServerConfigKeys (ConfUtils.java:logGet(44)) - raft.server.log.write.buffer.size = 1048576 (custom)
2021-10-27 07:37:44,967 [pool-363-thread-1] INFO  server.RaftServerConfigKeys (ConfUtils.java:logGet(44)) - raft.server.log.statemachine.data.caching.enabled = true (custom)
2021-10-27 07:37:44,967 [pool-363-thread-1] INFO  segmented.SegmentedRaftLogWorker (SegmentedRaftLogWorker.java:lambda$new$0(133)) - 8a94fc5b-68bf-440e-a2d4-79bd2954cd34@group-CCCA4E64EB18-SegmentedRaftLogWorker: flushIndex: setUnconditionally 0 -> -1
2021-10-27 07:37:44,967 [pool-363-thread-1] INFO  segmented.SegmentedRaftLogWorker (SegmentedRaftLogWorker.java:lambda$new$0(133)) - 8a94fc5b-68bf-440e-a2d4-79bd2954cd34@group-CCCA4E64EB18-SegmentedRaftLogWorker: safeCacheEvictIndex: setUnconditionally 0 -> -1
2021-10-27 07:37:44,975 [pool-363-thread-1] INFO  server.RaftServerConfigKeys (ConfUtils.java:logGet(44)) - raft.server.snapshot.auto.trigger.enabled = true (custom)
2021-10-27 07:37:44,975 [pool-363-thread-1] INFO  server.RaftServerConfigKeys (ConfUtils.java:logGet(44)) - raft.server.snapshot.auto.trigger.threshold = 10000 (custom)
2021-10-27 07:37:44,975 [pool-363-thread-1] INFO  server.RaftServerConfigKeys (ConfUtils.java:logGet(44)) - raft.server.snapshot.retention.file.num = 5 (custom)
2021-10-27 07:37:44,975 [pool-363-thread-1] INFO  server.RaftServerConfigKeys (ConfUtils.java:logGet(44)) - raft.server.log.purge.upto.snapshot.index = false (default)
2021-10-27 07:37:44,976 [pool-363-thread-1] INFO  server.RaftServerConfigKeys (ConfUtils.java:logGet(44)) - raft.server.retrycache.expirytime = 600000ms (custom)
2021-10-27 07:37:44,976 [pool-363-thread-1] INFO  server.RaftServerConfigKeys (ConfUtils.java:logGet(44)) - raft.server.retrycache.statistics.expirytime = 100μs (default)
2021-10-27 07:37:44,978 [pool-363-thread-1] INFO  server.RaftServer$Division (RaftServerImpl.java:start(301)) - 8a94fc5b-68bf-440e-a2d4-79bd2954cd34@group-CCCA4E64EB18: start as a follower, conf=-1: [8a94fc5b-68bf-440e-a2d4-79bd2954cd34|rpc:10.1.0.27:38139|priority:1], old=null
2021-10-27 07:37:44,978 [pool-363-thread-1] INFO  server.RaftServer$Division (RaftServerImpl.java:setRole(290)) - 8a94fc5b-68bf-440e-a2d4-79bd2954cd34@group-CCCA4E64EB18: changes role from      null to FOLLOWER at term 0 for startAsFollower
2021-10-27 07:37:44,978 [pool-363-thread-1] INFO  impl.RoleInfo (RoleInfo.java:updateAndGet(130)) - 8a94fc5b-68bf-440e-a2d4-79bd2954cd34: start 8a94fc5b-68bf-440e-a2d4-79bd2954cd34@group-CCCA4E64EB18-FollowerState
2021-10-27 07:37:44,978 [pool-363-thread-1] INFO  util.JmxRegister (JmxRegister.java:tryRegister(44)) - Successfully registered JMX Bean with object name Ratis:service=RaftServer,group=group-CCCA4E64EB18,id=8a94fc5b-68bf-440e-a2d4-79bd2954cd34
2021-10-27 07:37:44,981 [Command processor thread] INFO  ratis.XceiverServerRatis (XceiverServerRatis.java:addGroup(768)) - Created group PipelineID=e29b9d14-5830-47ad-8e75-ccca4e64eb18
2021-10-27 07:37:44,981 [Command processor thread] INFO  commandhandler.CreatePipelineCommandHandler (CreatePipelineCommandHandler.java:handle(106)) - Created Pipeline RATIS ONE PipelineID=e29b9d14-5830-47ad-8e75-ccca4e64eb18.
2021-10-27 07:37:45,029 [Command processor thread] INFO  keyvalue.KeyValueContainer (KeyValueContainer.java:flushAndSyncDB(397)) - Container 1 is synced with bcsId 26.
2021-10-27 07:37:45,029 [Command processor thread] INFO  keyvalue.KeyValueContainer (KeyValueContainer.java:flushAndSyncDB(397)) - Container 1 is synced with bcsId 26.
2021-10-27 07:37:45,031 [Command processor thread] INFO  keyvalue.KeyValueContainer (KeyValueContainer.java:close(334)) - Container 1 is closed with bcsId 26.
2021-10-27 07:37:45,032 [Command processor thread] INFO  keyvalue.KeyValueContainer (KeyValueContainer.java:flushAndSyncDB(397)) - Container 5 is synced with bcsId 30.
2021-10-27 07:37:45,032 [Command processor thread] INFO  keyvalue.KeyValueContainer (KeyValueContainer.java:flushAndSyncDB(397)) - Container 5 is synced with bcsId 30.
2021-10-27 07:37:45,037 [Command processor thread] INFO  keyvalue.KeyValueContainer (KeyValueContainer.java:close(334)) - Container 5 is closed with bcsId 30.
2021-10-27 07:37:45,039 [Command processor thread] INFO  keyvalue.KeyValueContainer (KeyValueContainer.java:flushAndSyncDB(397)) - Container 6 is synced with bcsId 34.
2021-10-27 07:37:45,039 [Command processor thread] INFO  keyvalue.KeyValueContainer (KeyValueContainer.java:flushAndSyncDB(397)) - Container 6 is synced with bcsId 34.
2021-10-27 07:37:45,042 [Command processor thread] INFO  keyvalue.KeyValueContainer (KeyValueContainer.java:close(334)) - Container 6 is closed with bcsId 34.
2021-10-27 07:37:45,075 [DatanodeAdminManager-0] INFO  node.DatanodeAdminMonitorImpl (DatanodeAdminMonitorImpl.java:checkContainersReplicatedOnNode(306)) - 8a5d7503-46af-43fb-b7e0-e0dcb22c5f77{ip: 10.1.0.27, host: fv-az270-913.tacnzluakwdehk1hpragurqkma.bx.internal.cloudapp.net, ports: [REPLICATION=39633, RATIS=45441, RATIS_ADMIN=45441, RATIS_SERVER=45441, STANDALONE=45417], networkLocation: /default-rack, certSerialId: null, persistedOpState: DECOMMISSIONING, persistedOpStateExpiryEpochSec: 0} has 0 sufficientlyReplicated, 3 underReplicated and 0 unhealthy containers
2021-10-27 07:37:45,075 [DatanodeAdminManager-0] INFO  node.DatanodeAdminMonitorImpl (DatanodeAdminMonitorImpl.java:run(137)) - There are 1 nodes tracked for decommission and maintenance. 0 pending nodes.
2021-10-27 07:37:45,190 [ReplicationMonitor] INFO  container.ReplicationManager (ReplicationManager.java:processAll(371)) - Replication Monitor Thread took 1 milliseconds for processing 6 containers.
2021-10-27 07:37:45,370 [Listener at 127.0.0.1/33029] INFO  ozone.MiniOzoneClusterImpl (MiniOzoneClusterImpl.java:lambda$waitForClusterToBeReady$0(235)) - Nodes are ready. Got 6 of 6 DN Heartbeats.
2021-10-27 07:37:45,370 [Listener at 127.0.0.1/33029] INFO  ozone.MiniOzoneClusterImpl (MiniOzoneClusterImpl.java:lambda$waitForClusterToBeReady$0(238)) - Waiting for cluster to exit safe mode
2021-10-27 07:37:45,370 [Listener at 127.0.0.1/33029] INFO  ozone.MiniOzoneClusterImpl (MiniOzoneClusterImpl.java:lambda$waitForClusterToBeReady$0(240)) - SCM became leader
2021-10-27 07:37:45,371 [EventQueue-OpenPipelineForHealthyPipelineSafeModeRule] INFO  safemode.SCMSafeModeManager (HealthyPipelineSafeModeRule.java:process(124)) - SCM in safe mode. Healthy pipelines reported count is 0, required healthy pipeline reported count is 1
2021-10-27 07:37:45,390 [Command processor thread] INFO  server.RaftServer (RaftServerProxy.java:addNew(95)) - 90abb50b-a825-4713-87e3-513268b12874: addNew group-086DC071314C:[90abb50b-a825-4713-87e3-513268b12874|rpc:10.1.0.27:41119|priority:1] returns group-086DC071314C:java.util.concurrent.CompletableFuture@5f33bef0[Not completed]
2021-10-27 07:37:45,391 [pool-398-thread-1] INFO  server.RaftServer$Division (RaftServerImpl.java:<init>(184)) - 90abb50b-a825-4713-87e3-513268b12874: new RaftServerImpl for group-086DC071314C:[90abb50b-a825-4713-87e3-513268b12874|rpc:10.1.0.27:41119|priority:1] with ContainerStateMachine:uninitialized
2021-10-27 07:37:45,392 [pool-398-thread-1] INFO  server.RaftServerConfigKeys (ConfUtils.java:logGet(44)) - raft.server.rpc.timeout.min = 5s (custom)
2021-10-27 07:37:45,392 [pool-398-thread-1] INFO  server.RaftServerConfigKeys (ConfUtils.java:logGet(44)) - raft.server.rpc.timeout.max = 5200ms (custom)
2021-10-27 07:37:45,392 [pool-398-thread-1] INFO  server.RaftServerConfigKeys (ConfUtils.java:logGet(44)) - raft.server.rpc.sleep.time = 25ms (default)
2021-10-27 07:37:45,392 [pool-398-thread-1] INFO  server.RaftServerConfigKeys (ConfUtils.java:logGet(44)) - raft.server.rpc.slowness.timeout = 300s (custom)
2021-10-27 07:37:45,392 [pool-398-thread-1] INFO  server.RaftServerConfigKeys (ConfUtils.java:logGet(44)) - raft.server.leaderelection.leader.step-down.wait-time = 10s (default)
2021-10-27 07:37:45,392 [pool-398-thread-1] INFO  server.RaftServerConfigKeys (ConfUtils.java:logGet(44)) - raft.server.sleep.deviation.threshold = 300ms (default)
2021-10-27 07:37:45,392 [pool-398-thread-1] INFO  server.RaftServerConfigKeys (ConfUtils.java:logGet(44)) - raft.server.log.appender.install.snapshot.enabled = false (custom)
2021-10-27 07:37:45,392 [pool-398-thread-1] INFO  server.RaftServer$Division (ServerState.java:<init>(105)) - 90abb50b-a825-4713-87e3-513268b12874@group-086DC071314C: ConfigurationManager, init=-1: [90abb50b-a825-4713-87e3-513268b12874|rpc:10.1.0.27:41119|priority:1], old=null, confs=<EMPTY_MAP>
2021-10-27 07:37:45,392 [pool-398-thread-1] INFO  server.RaftServerConfigKeys (ConfUtils.java:logGet(44)) - raft.server.storage.dir = [/home/runner/work/ozone/ozone/hadoop-ozone/integration-test/target/test-dir/MiniOzoneClusterImpl-166db4ac-5aa3-4efc-b377-a8ff7cd8c20d/datanode-5/data/ratis] (custom)
2021-10-27 07:37:45,394 [pool-398-thread-1] INFO  server.RaftServerConfigKeys (ConfUtils.java:logGet(44)) - raft.server.log.corruption.policy = EXCEPTION (default)
2021-10-27 07:37:45,394 [pool-398-thread-1] INFO  server.RaftServerConfigKeys (ConfUtils.java:logGet(44)) - raft.server.storage.free-space.min = 0MB (=0) (default)
2021-10-27 07:37:45,394 [pool-398-thread-1] INFO  storage.RaftStorageDirectory (RaftStorageDirectoryImpl.java:analyzeStorage(135)) - The storage directory /home/runner/work/ozone/ozone/hadoop-ozone/integration-test/target/test-dir/MiniOzoneClusterImpl-166db4ac-5aa3-4efc-b377-a8ff7cd8c20d/datanode-5/data/ratis/e7818280-76ef-4e78-b81e-086dc071314c does not exist. Creating ...
2021-10-27 07:37:45,395 [pool-398-thread-1] INFO  storage.RaftStorageDirectory (RaftStorageDirectoryImpl.java:tryLock(230)) - Lock on /home/runner/work/ozone/ozone/hadoop-ozone/integration-test/target/test-dir/MiniOzoneClusterImpl-166db4ac-5aa3-4efc-b377-a8ff7cd8c20d/datanode-5/data/ratis/e7818280-76ef-4e78-b81e-086dc071314c/in_use.lock acquired by nodename 22077@fv-az270-913
2021-10-27 07:37:45,397 [pool-398-thread-1] INFO  storage.RaftStorage (RaftStorageImpl.java:format(89)) - Storage directory /home/runner/work/ozone/ozone/hadoop-ozone/integration-test/target/test-dir/MiniOzoneClusterImpl-166db4ac-5aa3-4efc-b377-a8ff7cd8c20d/datanode-5/data/ratis/e7818280-76ef-4e78-b81e-086dc071314c has been successfully formatted.
2021-10-27 07:37:45,398 [pool-398-thread-1] INFO  ratis.ContainerStateMachine (ContainerStateMachine.java:loadSnapshot(224)) - group-086DC071314C: The snapshot info is null. Setting the last applied indexto:(t:0, i:~)
2021-10-27 07:37:45,398 [EventQueue-PipelineReportForPipelineReportHandler] INFO  pipeline.PipelineManagerImpl (PipelineManagerImpl.java:openPipeline(289)) - Pipeline Pipeline[ Id: e7818280-76ef-4e78-b81e-086dc071314c, Nodes: 90abb50b-a825-4713-87e3-513268b12874{ip: 10.1.0.27, host: fv-az270-913.tacnzluakwdehk1hpragurqkma.bx.internal.cloudapp.net, ports: [REPLICATION=32909, RATIS=41119, RATIS_ADMIN=41119, RATIS_SERVER=41119, STANDALONE=33273], networkLocation: /default-rack, certSerialId: null, persistedOpState: IN_SERVICE, persistedOpStateExpiryEpochSec: 0}, ReplicationConfig: RATIS/ONE, State:ALLOCATED, leaderId:90abb50b-a825-4713-87e3-513268b12874, CreationTimestamp2021-10-27T07:37:42.393Z[Etc/UTC]] moved to OPEN state
2021-10-27 07:37:45,400 [EventQueue-OpenPipelineForHealthyPipelineSafeModeRule] INFO  safemode.SCMSafeModeManager (HealthyPipelineSafeModeRule.java:process(124)) - SCM in safe mode. Healthy pipelines reported count is 0, required healthy pipeline reported count is 1
2021-10-27 07:37:45,400 [pool-398-thread-1] INFO  server.RaftServerConfigKeys (ConfUtils.java:logGet(44)) - raft.server.notification.no-leader.timeout = 300s (custom)
2021-10-27 07:37:45,400 [pool-398-thread-1] INFO  server.RaftServerConfigKeys (ConfUtils.java:logGet(44)) - raft.server.log.use.memory = false (default)
2021-10-27 07:37:45,400 [pool-398-thread-1] INFO  server.RaftServerConfigKeys (ConfUtils.java:logGet(44)) - raft.server.log.purge.gap = 1000000 (custom)
2021-10-27 07:37:45,400 [pool-398-thread-1] INFO  server.RaftServerConfigKeys (ConfUtils.java:logGet(44)) - raft.server.log.appender.buffer.byte-limit = 33554432 (custom)
2021-10-27 07:37:45,401 [pool-398-thread-1] INFO  server.RaftServerConfigKeys (ConfUtils.java:logGet(44)) - raft.server.log.segment.size.max = 1048576 (custom)
2021-10-27 07:37:45,402 [pool-398-thread-1] INFO  server.RaftServerConfigKeys (ConfUtils.java:logGet(44)) - raft.server.log.segment.cache.num.max = 2 (custom)
2021-10-27 07:37:45,402 [pool-398-thread-1] INFO  server.RaftServerConfigKeys (ConfUtils.java:logGet(44)) - raft.server.log.segment.cache.size.max = 200MB (=209715200) (default)
2021-10-27 07:37:45,402 [pool-398-thread-1] INFO  segmented.SegmentedRaftLogWorker (SegmentedRaftLogWorker.java:<init>(182)) - new 90abb50b-a825-4713-87e3-513268b12874@group-086DC071314C-SegmentedRaftLogWorker for RaftStorageImpl:Storage Directory /home/runner/work/ozone/ozone/hadoop-ozone/integration-test/target/test-dir/MiniOzoneClusterImpl-166db4ac-5aa3-4efc-b377-a8ff7cd8c20d/datanode-5/data/ratis/e7818280-76ef-4e78-b81e-086dc071314c
2021-10-27 07:37:45,402 [pool-398-thread-1] INFO  server.RaftServerConfigKeys (ConfUtils.java:logGet(44)) - raft.server.log.queue.byte-limit = 2147483647 (custom)
2021-10-27 07:37:45,402 [pool-398-thread-1] INFO  server.RaftServerConfigKeys (ConfUtils.java:logGet(44)) - raft.server.log.queue.element-limit = 1024 (custom)
2021-10-27 07:37:45,402 [pool-398-thread-1] INFO  server.RaftServerConfigKeys (ConfUtils.java:logGet(44)) - raft.server.log.segment.size.max = 1048576 (custom)
2021-10-27 07:37:45,402 [pool-398-thread-1] INFO  server.RaftServerConfigKeys (ConfUtils.java:logGet(44)) - raft.server.log.preallocated.size = 16384 (custom)
2021-10-27 07:37:45,402 [pool-398-thread-1] INFO  server.RaftServerConfigKeys (ConfUtils.java:logGet(44)) - raft.server.log.force.sync.num = 128 (default)
2021-10-27 07:37:45,404 [pool-398-thread-1] INFO  server.RaftServerConfigKeys (ConfUtils.java:logGet(44)) - raft.server.log.statemachine.data.sync = true (default)
2021-10-27 07:37:45,404 [pool-398-thread-1] INFO  server.RaftServerConfigKeys (ConfUtils.java:logGet(44)) - raft.server.log.statemachine.data.sync.timeout = 10s (default)
2021-10-27 07:37:45,404 [pool-398-thread-1] INFO  server.RaftServerConfigKeys (ConfUtils.java:logGet(44)) - raft.server.log.statemachine.data.sync.timeout.retry = -1 (default)
2021-10-27 07:37:45,406 [pool-398-thread-1] INFO  server.RaftServerConfigKeys (ConfUtils.java:logGet(44)) - raft.server.log.write.buffer.size = 1048576 (custom)
2021-10-27 07:37:45,409 [pool-398-thread-1] INFO  server.RaftServerConfigKeys (ConfUtils.java:logGet(44)) - raft.server.log.statemachine.data.caching.enabled = true (custom)
2021-10-27 07:37:45,409 [pool-398-thread-1] INFO  segmented.SegmentedRaftLogWorker (SegmentedRaftLogWorker.java:lambda$new$0(133)) - 90abb50b-a825-4713-87e3-513268b12874@group-086DC071314C-SegmentedRaftLogWorker: flushIndex: setUnconditionally 0 -> -1
2021-10-27 07:37:45,409 [pool-398-thread-1] INFO  segmented.SegmentedRaftLogWorker (SegmentedRaftLogWorker.java:lambda$new$0(133)) - 90abb50b-a825-4713-87e3-513268b12874@group-086DC071314C-SegmentedRaftLogWorker: safeCacheEvictIndex: setUnconditionally 0 -> -1
2021-10-27 07:37:45,410 [pool-398-thread-1] INFO  server.RaftServerConfigKeys (ConfUtils.java:logGet(44)) - raft.server.snapshot.auto.trigger.enabled = true (custom)
2021-10-27 07:37:45,410 [pool-398-thread-1] INFO  server.RaftServerConfigKeys (ConfUtils.java:logGet(44)) - raft.server.snapshot.auto.trigger.threshold = 10000 (custom)
2021-10-27 07:37:45,410 [pool-398-thread-1] INFO  server.RaftServerConfigKeys (ConfUtils.java:logGet(44)) - raft.server.snapshot.retention.file.num = 5 (custom)
2021-10-27 07:37:45,410 [pool-398-thread-1] INFO  server.RaftServerConfigKeys (ConfUtils.java:logGet(44)) - raft.server.log.purge.upto.snapshot.index = false (default)
2021-10-27 07:37:45,410 [pool-398-thread-1] INFO  server.RaftServerConfigKeys (ConfUtils.java:logGet(44)) - raft.server.retrycache.expirytime = 600000ms (custom)
2021-10-27 07:37:45,410 [pool-398-thread-1] INFO  server.RaftServerConfigKeys (ConfUtils.java:logGet(44)) - raft.server.retrycache.statistics.expirytime = 100μs (default)
2021-10-27 07:37:45,412 [pool-398-thread-1] INFO  server.RaftServer$Division (RaftServerImpl.java:start(301)) - 90abb50b-a825-4713-87e3-513268b12874@group-086DC071314C: start as a follower, conf=-1: [90abb50b-a825-4713-87e3-513268b12874|rpc:10.1.0.27:41119|priority:1], old=null
2021-10-27 07:37:45,412 [pool-398-thread-1] INFO  server.RaftServer$Division (RaftServerImpl.java:setRole(290)) - 90abb50b-a825-4713-87e3-513268b12874@group-086DC071314C: changes role from      null to FOLLOWER at term 0 for startAsFollower
2021-10-27 07:37:45,412 [pool-398-thread-1] INFO  impl.RoleInfo (RoleInfo.java:updateAndGet(130)) - 90abb50b-a825-4713-87e3-513268b12874: start 90abb50b-a825-4713-87e3-513268b12874@group-086DC071314C-FollowerState
2021-10-27 07:37:45,413 [pool-398-thread-1] INFO  util.JmxRegister (JmxRegister.java:tryRegister(44)) - Successfully registered JMX Bean with object name Ratis:service=RaftServer,group=group-086DC071314C,id=90abb50b-a825-4713-87e3-513268b12874
2021-10-27 07:37:45,414 [Command processor thread] INFO  ratis.XceiverServerRatis (XceiverServerRatis.java:addGroup(768)) - Created group PipelineID=e7818280-76ef-4e78-b81e-086dc071314c
2021-10-27 07:37:45,414 [Command processor thread] INFO  commandhandler.CreatePipelineCommandHandler (CreatePipelineCommandHandler.java:handle(106)) - Created Pipeline RATIS ONE PipelineID=e7818280-76ef-4e78-b81e-086dc071314c.
2021-10-27 07:37:45,492 [ReplicationMonitor] INFO  container.ReplicationManager (ReplicationManager.java:processAll(371)) - Replication Monitor Thread took 0 milliseconds for processing 0 containers.
2021-10-27 07:37:45,960 [EventQueue-OpenPipelineForHealthyPipelineSafeModeRule] INFO  safemode.SCMSafeModeManager (HealthyPipelineSafeModeRule.java:process(124)) - SCM in safe mode. Healthy pipelines reported count is 0, required healthy pipeline reported count is 1
2021-10-27 07:37:46,075 [DatanodeAdminManager-0] INFO  node.DatanodeAdminMonitorImpl (DatanodeAdminMonitorImpl.java:checkContainersReplicatedOnNode(306)) - 8a5d7503-46af-43fb-b7e0-e0dcb22c5f77{ip: 10.1.0.27, host: fv-az270-913.tacnzluakwdehk1hpragurqkma.bx.internal.cloudapp.net, ports: [REPLICATION=39633, RATIS=45441, RATIS_ADMIN=45441, RATIS_SERVER=45441, STANDALONE=45417], networkLocation: /default-rack, certSerialId: null, persistedOpState: DECOMMISSIONING, persistedOpStateExpiryEpochSec: 0} has 0 sufficientlyReplicated, 3 underReplicated and 0 unhealthy containers
2021-10-27 07:37:46,075 [DatanodeAdminManager-0] INFO  node.DatanodeAdminMonitorImpl (DatanodeAdminMonitorImpl.java:run(137)) - There are 1 nodes tracked for decommission and maintenance. 0 pending nodes.
2021-10-27 07:37:46,182 [ContainerReplicationThread-0] INFO  replication.DownloadAndImportReplicator (DownloadAndImportReplicator.java:replicate(107)) - Starting replication of container 1 from [8a5d7503-46af-43fb-b7e0-e0dcb22c5f77{ip: 10.1.0.27, host: fv-az270-913.tacnzluakwdehk1hpragurqkma.bx.internal.cloudapp.net, ports: [REPLICATION=39633, RATIS=45441, RATIS_ADMIN=45441, RATIS_SERVER=45441, STANDALONE=45417], networkLocation: /default-rack, certSerialId: null, persistedOpState: DECOMMISSIONING, persistedOpStateExpiryEpochSec: 0}, 29e37468-b3e4-401f-97cc-6f4d8466f30b{ip: 10.1.0.27, host: fv-az270-913.tacnzluakwdehk1hpragurqkma.bx.internal.cloudapp.net, ports: [REPLICATION=40637, RATIS=44085, RATIS_ADMIN=44085, RATIS_SERVER=44085, STANDALONE=32881], networkLocation: /default-rack, certSerialId: null, persistedOpState: IN_SERVICE, persistedOpStateExpiryEpochSec: 0}, 782939c9-076d-4829-92e4-0049f0e10c2b{ip: 10.1.0.27, host: fv-az270-913.tacnzluakwdehk1hpragurqkma.bx.internal.cloudapp.net, ports: [REPLICATION=42433, RATIS=40741, RATIS_ADMIN=40741, RATIS_SERVER=40741, STANDALONE=39529], networkLocation: /default-rack, certSerialId: null, persistedOpState: IN_SERVICE, persistedOpStateExpiryEpochSec: 0}]
2021-10-27 07:37:46,191 [ReplicationMonitor] INFO  container.ReplicationManager (ReplicationManager.java:processAll(371)) - Replication Monitor Thread took 1 milliseconds for processing 6 containers.
2021-10-27 07:37:46,198 [grpc-default-executor-0] INFO  replication.GrpcReplicationService (GrpcReplicationService.java:download(52)) - Streaming container data (1) to other datanode
2021-10-27 07:37:46,203 [ContainerReplicationThread-0] INFO  replication.DownloadAndImportReplicator (DownloadAndImportReplicator.java:replicate(107)) - Starting replication of container 5 from [782939c9-076d-4829-92e4-0049f0e10c2b{ip: 10.1.0.27, host: fv-az270-913.tacnzluakwdehk1hpragurqkma.bx.internal.cloudapp.net, ports: [REPLICATION=42433, RATIS=40741, RATIS_ADMIN=40741, RATIS_SERVER=40741, STANDALONE=39529], networkLocation: /default-rack, certSerialId: null, persistedOpState: IN_SERVICE, persistedOpStateExpiryEpochSec: 0}, 8a5d7503-46af-43fb-b7e0-e0dcb22c5f77{ip: 10.1.0.27, host: fv-az270-913.tacnzluakwdehk1hpragurqkma.bx.internal.cloudapp.net, ports: [REPLICATION=39633, RATIS=45441, RATIS_ADMIN=45441, RATIS_SERVER=45441, STANDALONE=45417], networkLocation: /default-rack, certSerialId: null, persistedOpState: DECOMMISSIONING, persistedOpStateExpiryEpochSec: 0}, 29e37468-b3e4-401f-97cc-6f4d8466f30b{ip: 10.1.0.27, host: fv-az270-913.tacnzluakwdehk1hpragurqkma.bx.internal.cloudapp.net, ports: [REPLICATION=40637, RATIS=44085, RATIS_ADMIN=44085, RATIS_SERVER=44085, STANDALONE=32881], networkLocation: /default-rack, certSerialId: null, persistedOpState: IN_SERVICE, persistedOpStateExpiryEpochSec: 0}]
2021-10-27 07:37:46,203 [ContainerReplicationThread-1] INFO  replication.DownloadAndImportReplicator (DownloadAndImportReplicator.java:replicate(107)) - Starting replication of container 6 from [8a5d7503-46af-43fb-b7e0-e0dcb22c5f77{ip: 10.1.0.27, host: fv-az270-913.tacnzluakwdehk1hpragurqkma.bx.internal.cloudapp.net, ports: [REPLICATION=39633, RATIS=45441, RATIS_ADMIN=45441, RATIS_SERVER=45441, STANDALONE=45417], networkLocation: /default-rack, certSerialId: null, persistedOpState: DECOMMISSIONING, persistedOpStateExpiryEpochSec: 0}, 29e37468-b3e4-401f-97cc-6f4d8466f30b{ip: 10.1.0.27, host: fv-az270-913.tacnzluakwdehk1hpragurqkma.bx.internal.cloudapp.net, ports: [REPLICATION=40637, RATIS=44085, RATIS_ADMIN=44085, RATIS_SERVER=44085, STANDALONE=32881], networkLocation: /default-rack, certSerialId: null, persistedOpState: IN_SERVICE, persistedOpStateExpiryEpochSec: 0}, 782939c9-076d-4829-92e4-0049f0e10c2b{ip: 10.1.0.27, host: fv-az270-913.tacnzluakwdehk1hpragurqkma.bx.internal.cloudapp.net, ports: [REPLICATION=42433, RATIS=40741, RATIS_ADMIN=40741, RATIS_SERVER=40741, STANDALONE=39529], networkLocation: /default-rack, certSerialId: null, persistedOpState: IN_SERVICE, persistedOpStateExpiryEpochSec: 0}]
2021-10-27 07:37:46,223 [grpc-default-executor-3] INFO  replication.GrpcReplicationService (GrpcReplicationService.java:download(52)) - Streaming container data (5) to other datanode
2021-10-27 07:37:46,224 [grpc-default-executor-1] INFO  replication.GrpcReplicationService (GrpcReplicationService.java:download(52)) - Streaming container data (6) to other datanode
2021-10-27 07:37:46,277 [grpc-default-executor-0] INFO  replication.GrpcOutputStream (GrpcOutputStream.java:close(104)) - Sent 11818 bytes for container 1
2021-10-27 07:37:46,288 [grpc-default-executor-2] INFO  replication.GrpcReplicationClient (GrpcReplicationClient.java:onCompleted(187)) - Container 1 is downloaded to /home/runner/work/ozone/ozone/hadoop-ozone/integration-test/target/test-dir/MiniOzoneClusterImpl-0a1afbdb-b897-4eb1-874c-1902c7f745ab/datanode-2/data/replication/work/container-1.tar.gz
2021-10-27 07:37:46,281 [grpc-default-executor-3] INFO  replication.GrpcOutputStream (GrpcOutputStream.java:close(104)) - Sent 11726 bytes for container 5
2021-10-27 07:37:46,290 [grpc-default-executor-1] INFO  replication.GrpcOutputStream (GrpcOutputStream.java:close(104)) - Sent 11758 bytes for container 6
2021-10-27 07:37:46,292 [ContainerReplicationThread-0] INFO  replication.DownloadAndImportReplicator (DownloadAndImportReplicator.java:replicate(122)) - Container 1 is downloaded with size 11818, starting to import.
2021-10-27 07:37:46,290 [grpc-default-executor-3] INFO  replication.GrpcReplicationClient (GrpcReplicationClient.java:onCompleted(187)) - Container 5 is downloaded to /home/runner/work/ozone/ozone/hadoop-ozone/integration-test/target/test-dir/MiniOzoneClusterImpl-0a1afbdb-b897-4eb1-874c-1902c7f745ab/datanode-0/data/replication/work/container-5.tar.gz
2021-10-27 07:37:46,300 [grpc-default-executor-0] INFO  replication.GrpcReplicationClient (GrpcReplicationClient.java:onCompleted(187)) - Container 6 is downloaded to /home/runner/work/ozone/ozone/hadoop-ozone/integration-test/target/test-dir/MiniOzoneClusterImpl-0a1afbdb-b897-4eb1-874c-1902c7f745ab/datanode-0/data/replication/work/container-6.tar.gz
2021-10-27 07:37:46,303 [ContainerReplicationThread-0] INFO  replication.DownloadAndImportReplicator (DownloadAndImportReplicator.java:replicate(122)) - Container 5 is downloaded with size 11726, starting to import.
2021-10-27 07:37:46,303 [ContainerReplicationThread-1] INFO  replication.DownloadAndImportReplicator (DownloadAndImportReplicator.java:replicate(122)) - Container 6 is downloaded with size 11758, starting to import.
2021-10-27 07:37:46,372 [Listener at 127.0.0.1/33029] INFO  ozone.MiniOzoneClusterImpl (MiniOzoneClusterImpl.java:lambda$waitForClusterToBeReady$0(235)) - Nodes are ready. Got 6 of 6 DN Heartbeats.
2021-10-27 07:37:46,372 [Listener at 127.0.0.1/33029] INFO  ozone.MiniOzoneClusterImpl (MiniOzoneClusterImpl.java:lambda$waitForClusterToBeReady$0(238)) - Waiting for cluster to exit safe mode
2021-10-27 07:37:46,372 [Listener at 127.0.0.1/33029] INFO  ozone.MiniOzoneClusterImpl (MiniOzoneClusterImpl.java:lambda$waitForClusterToBeReady$0(240)) - SCM became leader
2021-10-27 07:37:46,390 [EventQueue-OpenPipelineForHealthyPipelineSafeModeRule] INFO  safemode.SCMSafeModeManager (HealthyPipelineSafeModeRule.java:process(124)) - SCM in safe mode. Healthy pipelines reported count is 0, required healthy pipeline reported count is 1
2021-10-27 07:37:46,399 [EventQueue-OpenPipelineForHealthyPipelineSafeModeRule] INFO  safemode.SCMSafeModeManager (HealthyPipelineSafeModeRule.java:process(124)) - SCM in safe mode. Healthy pipelines reported count is 0, required healthy pipeline reported count is 1
2021-10-27 07:37:46,418 [ContainerReplicationThread-0] INFO  replication.DownloadAndImportReplicator (DownloadAndImportReplicator.java:replicate(127)) - Container 1 is replicated successfully
2021-10-27 07:37:46,419 [ContainerReplicationThread-0] INFO  replication.ReplicationSupervisor (ReplicationSupervisor.java:run(169)) - Container 1 is replicated.
2021-10-27 07:37:46,420 [ContainerReplicationThread-1] INFO  replication.DownloadAndImportReplicator (DownloadAndImportReplicator.java:replicate(127)) - Container 6 is replicated successfully
2021-10-27 07:37:46,420 [ContainerReplicationThread-1] INFO  replication.ReplicationSupervisor (ReplicationSupervisor.java:run(169)) - Container 6 is replicated.
2021-10-27 07:37:46,425 [ContainerReplicationThread-0] INFO  replication.DownloadAndImportReplicator (DownloadAndImportReplicator.java:replicate(127)) - Container 5 is replicated successfully
2021-10-27 07:37:46,425 [ContainerReplicationThread-0] INFO  replication.ReplicationSupervisor (ReplicationSupervisor.java:run(169)) - Container 5 is replicated.
2021-10-27 07:37:46,493 [ReplicationMonitor] INFO  container.ReplicationManager (ReplicationManager.java:processAll(371)) - Replication Monitor Thread took 0 milliseconds for processing 0 containers.
2021-10-27 07:37:46,857 [EventQueue-OpenPipelineForHealthyPipelineSafeModeRule] INFO  safemode.SCMSafeModeManager (HealthyPipelineSafeModeRule.java:process(124)) - SCM in safe mode. Healthy pipelines reported count is 0, required healthy pipeline reported count is 1
2021-10-27 07:37:46,962 [EventQueue-OpenPipelineForHealthyPipelineSafeModeRule] INFO  safemode.SCMSafeModeManager (HealthyPipelineSafeModeRule.java:process(124)) - SCM in safe mode. Healthy pipelines reported count is 0, required healthy pipeline reported count is 1
2021-10-27 07:37:47,075 [DatanodeAdminManager-0] INFO  node.DatanodeAdminMonitorImpl (DatanodeAdminMonitorImpl.java:checkContainersReplicatedOnNode(306)) - 8a5d7503-46af-43fb-b7e0-e0dcb22c5f77{ip: 10.1.0.27, host: fv-az270-913.tacnzluakwdehk1hpragurqkma.bx.internal.cloudapp.net, ports: [REPLICATION=39633, RATIS=45441, RATIS_ADMIN=45441, RATIS_SERVER=45441, STANDALONE=45417], networkLocation: /default-rack, certSerialId: null, persistedOpState: DECOMMISSIONING, persistedOpStateExpiryEpochSec: 0} has 3 sufficientlyReplicated, 0 underReplicated and 0 unhealthy containers
2021-10-27 07:37:47,075 [DatanodeAdminManager-0] INFO  node.DatanodeAdminMonitorImpl (DatanodeAdminMonitorImpl.java:completeDecommission(324)) - Datanode 8a5d7503-46af-43fb-b7e0-e0dcb22c5f77{ip: 10.1.0.27, host: fv-az270-913.tacnzluakwdehk1hpragurqkma.bx.internal.cloudapp.net, ports: [REPLICATION=39633, RATIS=45441, RATIS_ADMIN=45441, RATIS_SERVER=45441, STANDALONE=45417], networkLocation: /default-rack, certSerialId: null, persistedOpState: DECOMMISSIONING, persistedOpStateExpiryEpochSec: 0} has completed the admin workflow. The operational state has been set to DECOMMISSIONED
2021-10-27 07:37:47,076 [EventQueue-HealthyReadonlyToHealthyNodeForReadOnlyHealthyToHealthyNodeHandler] INFO  node.ReadOnlyHealthyToHealthyNodeHandler (ReadOnlyHealthyToHealthyNodeHandler.java:onMessage(51)) - Datanode 8a5d7503-46af-43fb-b7e0-e0dcb22c5f77{ip: 10.1.0.27, host: fv-az270-913.tacnzluakwdehk1hpragurqkma.bx.internal.cloudapp.net, ports: [REPLICATION=39633, RATIS=45441, RATIS_ADMIN=45441, RATIS_SERVER=45441, STANDALONE=45417], networkLocation: /default-rack, certSerialId: null, persistedOpState: DECOMMISSIONING, persistedOpStateExpiryEpochSec: 0} moved to HEALTHY state.
2021-10-27 07:37:47,076 [EventQueue-HealthyReadonlyToHealthyNodeForReadOnlyHealthyToHealthyNodeHandler] INFO  pipeline.BackgroundPipelineCreator (BackgroundPipelineCreator.java:notifyEventTriggered(285)) - trigger a one-shot run on RatisPipelineUtilsThread.
2021-10-27 07:37:47,192 [ReplicationMonitor] INFO  container.ReplicationManager (ReplicationManager.java:processAll(371)) - Replication Monitor Thread took 1 milliseconds for processing 6 containers.
2021-10-27 07:37:47,370 [EventQueue-OpenPipelineForHealthyPipelineSafeModeRule] INFO  safemode.SCMSafeModeManager (HealthyPipelineSafeModeRule.java:process(124)) - SCM in safe mode. Healthy pipelines reported count is 0, required healthy pipeline reported count is 1
2021-10-27 07:37:47,372 [Listener at 127.0.0.1/33029] INFO  ozone.MiniOzoneClusterImpl (MiniOzoneClusterImpl.java:lambda$waitForClusterToBeReady$0(235)) - Nodes are ready. Got 6 of 6 DN Heartbeats.
2021-10-27 07:37:47,373 [Listener at 127.0.0.1/33029] INFO  ozone.MiniOzoneClusterImpl (MiniOzoneClusterImpl.java:lambda$waitForClusterToBeReady$0(238)) - Waiting for cluster to exit safe mode
2021-10-27 07:37:47,373 [Listener at 127.0.0.1/33029] INFO  ozone.MiniOzoneClusterImpl (MiniOzoneClusterImpl.java:lambda$waitForClusterToBeReady$0(240)) - SCM became leader
2021-10-27 07:37:47,493 [ReplicationMonitor] INFO  container.ReplicationManager (ReplicationManager.java:processAll(371)) - Replication Monitor Thread took 0 milliseconds for processing 0 containers.
2021-10-27 07:37:47,857 [EventQueue-OpenPipelineForHealthyPipelineSafeModeRule] INFO  safemode.SCMSafeModeManager (HealthyPipelineSafeModeRule.java:process(124)) - SCM in safe mode. Healthy pipelines reported count is 0, required healthy pipeline reported count is 1
2021-10-27 07:37:47,960 [EventQueue-OpenPipelineForHealthyPipelineSafeModeRule] INFO  safemode.SCMSafeModeManager (HealthyPipelineSafeModeRule.java:process(124)) - SCM in safe mode. Healthy pipelines reported count is 0, required healthy pipeline reported count is 1
2021-10-27 07:37:47,962 [EventQueue-OpenPipelineForHealthyPipelineSafeModeRule] INFO  safemode.SCMSafeModeManager (HealthyPipelineSafeModeRule.java:process(124)) - SCM in safe mode. Healthy pipelines reported count is 0, required healthy pipeline reported count is 1
2021-10-27 07:37:48,004 [592255e9-c910-4f69-a1df-e23dedd9b9e0@group-3405D20EB931-FollowerState] INFO  impl.FollowerState (FollowerState.java:run(134)) - 592255e9-c910-4f69-a1df-e23dedd9b9e0@group-3405D20EB931-FollowerState: change to CANDIDATE, lastRpcElapsedTime:5032574031ns, electionTimeout:5031ms
2021-10-27 07:37:48,004 [592255e9-c910-4f69-a1df-e23dedd9b9e0@group-3405D20EB931-FollowerState] INFO  impl.RoleInfo (RoleInfo.java:shutdownFollowerState(108)) - 592255e9-c910-4f69-a1df-e23dedd9b9e0: shutdown 592255e9-c910-4f69-a1df-e23dedd9b9e0@group-3405D20EB931-FollowerState
2021-10-27 07:37:48,005 [592255e9-c910-4f69-a1df-e23dedd9b9e0@group-3405D20EB931-FollowerState] INFO  server.RaftServer$Division (RaftServerImpl.java:setRole(290)) - 592255e9-c910-4f69-a1df-e23dedd9b9e0@group-3405D20EB931: changes role from  FOLLOWER to CANDIDATE at term 0 for changeToCandidate
2021-10-27 07:37:48,005 [592255e9-c910-4f69-a1df-e23dedd9b9e0@group-3405D20EB931-FollowerState] INFO  server.RaftServerConfigKeys (ConfUtils.java:logGet(44)) - raft.server.leaderelection.pre-vote = false (custom)
2021-10-27 07:37:48,005 [592255e9-c910-4f69-a1df-e23dedd9b9e0@group-3405D20EB931-FollowerState] INFO  impl.RoleInfo (RoleInfo.java:updateAndGet(130)) - 592255e9-c910-4f69-a1df-e23dedd9b9e0: start 592255e9-c910-4f69-a1df-e23dedd9b9e0@group-3405D20EB931-LeaderElection15
2021-10-27 07:37:48,012 [592255e9-c910-4f69-a1df-e23dedd9b9e0@group-58C8CC80E3DE-FollowerState] INFO  impl.FollowerState (FollowerState.java:run(134)) - 592255e9-c910-4f69-a1df-e23dedd9b9e0@group-58C8CC80E3DE-FollowerState: change to CANDIDATE, lastRpcElapsedTime:5076929693ns, electionTimeout:5066ms
2021-10-27 07:37:48,012 [592255e9-c910-4f69-a1df-e23dedd9b9e0@group-58C8CC80E3DE-FollowerState] INFO  impl.RoleInfo (RoleInfo.java:shutdownFollowerState(108)) - 592255e9-c910-4f69-a1df-e23dedd9b9e0: shutdown 592255e9-c910-4f69-a1df-e23dedd9b9e0@group-58C8CC80E3DE-FollowerState
2021-10-27 07:37:48,012 [592255e9-c910-4f69-a1df-e23dedd9b9e0@group-58C8CC80E3DE-FollowerState] INFO  server.RaftServer$Division (RaftServerImpl.java:setRole(290)) - 592255e9-c910-4f69-a1df-e23dedd9b9e0@group-58C8CC80E3DE: changes role from  FOLLOWER to CANDIDATE at term 0 for changeToCandidate
2021-10-27 07:37:48,012 [592255e9-c910-4f69-a1df-e23dedd9b9e0@group-58C8CC80E3DE-FollowerState] INFO  server.RaftServerConfigKeys (ConfUtils.java:logGet(44)) - raft.server.leaderelection.pre-vote = false (custom)
2021-10-27 07:37:48,012 [592255e9-c910-4f69-a1df-e23dedd9b9e0@group-58C8CC80E3DE-FollowerState] INFO  impl.RoleInfo (RoleInfo.java:updateAndGet(130)) - 592255e9-c910-4f69-a1df-e23dedd9b9e0: start 592255e9-c910-4f69-a1df-e23dedd9b9e0@group-58C8CC80E3DE-LeaderElection16
2021-10-27 07:37:48,019 [592255e9-c910-4f69-a1df-e23dedd9b9e0@group-3405D20EB931-LeaderElection15] INFO  impl.LeaderElection (LeaderElection.java:askForVotes(306)) - 592255e9-c910-4f69-a1df-e23dedd9b9e0@group-3405D20EB931-LeaderElection15 ELECTION round 0: submit vote requests at term 1 for -1: [a36e9b50-74dc-46e0-a7bf-054b64f601c6|rpc:10.1.0.27:46805|priority:1, bc7ccc77-9673-4f45-9632-8b6af895e31c|rpc:10.1.0.27:44307|priority:0, 592255e9-c910-4f69-a1df-e23dedd9b9e0|rpc:10.1.0.27:40627|priority:0], old=null
2021-10-27 07:37:48,034 [592255e9-c910-4f69-a1df-e23dedd9b9e0@group-58C8CC80E3DE-LeaderElection16] INFO  impl.LeaderElection (LeaderElection.java:askForVotes(306)) - 592255e9-c910-4f69-a1df-e23dedd9b9e0@group-58C8CC80E3DE-LeaderElection16 ELECTION round 0: submit vote requests at term 1 for -1: [592255e9-c910-4f69-a1df-e23dedd9b9e0|rpc:10.1.0.27:40627|priority:1], old=null
2021-10-27 07:37:48,034 [592255e9-c910-4f69-a1df-e23dedd9b9e0@group-58C8CC80E3DE-LeaderElection16] INFO  impl.LeaderElection (LeaderElection.java:askForVotes(308)) - 592255e9-c910-4f69-a1df-e23dedd9b9e0@group-58C8CC80E3DE-LeaderElection16 ELECTION round 0: result PASSED (term=1)
2021-10-27 07:37:48,034 [592255e9-c910-4f69-a1df-e23dedd9b9e0@group-58C8CC80E3DE-LeaderElection16] INFO  impl.RoleInfo (RoleInfo.java:shutdownLeaderElection(121)) - 592255e9-c910-4f69-a1df-e23dedd9b9e0: shutdown 592255e9-c910-4f69-a1df-e23dedd9b9e0@group-58C8CC80E3DE-LeaderElection16
2021-10-27 07:37:48,034 [592255e9-c910-4f69-a1df-e23dedd9b9e0@group-58C8CC80E3DE-LeaderElection16] INFO  server.RaftServer$Division (RaftServerImpl.java:setRole(290)) - 592255e9-c910-4f69-a1df-e23dedd9b9e0@group-58C8CC80E3DE: changes role from CANDIDATE to LEADER at term 1 for changeToLeader
2021-10-27 07:37:48,034 [592255e9-c910-4f69-a1df-e23dedd9b9e0@group-58C8CC80E3DE-LeaderElection16] INFO  ratis.XceiverServerRatis (XceiverServerRatis.java:handleLeaderChangedNotification(866)) - Leader change notification received for group: group-58C8CC80E3DE with new leaderId: 592255e9-c910-4f69-a1df-e23dedd9b9e0
2021-10-27 07:37:48,034 [592255e9-c910-4f69-a1df-e23dedd9b9e0@group-58C8CC80E3DE-LeaderElection16] INFO  server.RaftServer$Division (ServerState.java:setLeader(285)) - 592255e9-c910-4f69-a1df-e23dedd9b9e0@group-58C8CC80E3DE: change Leader from null to 592255e9-c910-4f69-a1df-e23dedd9b9e0 at term 1 for becomeLeader, leader elected after 5128ms
2021-10-27 07:37:48,035 [592255e9-c910-4f69-a1df-e23dedd9b9e0@group-58C8CC80E3DE-LeaderElection16] INFO  server.RaftServerConfigKeys (ConfUtils.java:logGet(44)) - raft.server.staging.catchup.gap = 1000 (default)
2021-10-27 07:37:48,036 [EventQueue-OpenPipelineForHealthyPipelineSafeModeRule] INFO  safemode.SCMSafeModeManager (HealthyPipelineSafeModeRule.java:process(124)) - SCM in safe mode. Healthy pipelines reported count is 0, required healthy pipeline reported count is 1
2021-10-27 07:37:48,038 [592255e9-c910-4f69-a1df-e23dedd9b9e0@group-58C8CC80E3DE-LeaderElection16] INFO  server.RaftServerConfigKeys (ConfUtils.java:logGet(44)) - raft.server.write.element-limit = 1024 (custom)
2021-10-27 07:37:48,038 [592255e9-c910-4f69-a1df-e23dedd9b9e0@group-58C8CC80E3DE-LeaderElection16] INFO  server.RaftServerConfigKeys (ConfUtils.java:logGet(44)) - raft.server.write.byte-limit = 1024 M (=1073741824) (custom)
2021-10-27 07:37:48,039 [592255e9-c910-4f69-a1df-e23dedd9b9e0@group-58C8CC80E3DE-LeaderElection16] INFO  server.RaftServerConfigKeys (ConfUtils.java:logGet(44)) - raft.server.watch.timeout = 180s (custom)
2021-10-27 07:37:48,039 [592255e9-c910-4f69-a1df-e23dedd9b9e0@group-58C8CC80E3DE-LeaderElection16] INFO  server.RaftServerConfigKeys (ConfUtils.java:logGet(44)) - raft.server.watch.timeout.denomination = 1s (default)
2021-10-27 07:37:48,039 [592255e9-c910-4f69-a1df-e23dedd9b9e0@group-58C8CC80E3DE-LeaderElection16] INFO  server.RaftServerConfigKeys (ConfUtils.java:logGet(44)) - raft.server.watch.element-limit = 65536 (default)
2021-10-27 07:37:48,039 [592255e9-c910-4f69-a1df-e23dedd9b9e0@group-58C8CC80E3DE-LeaderElection16] INFO  server.RaftServerConfigKeys (ConfUtils.java:logGet(44)) - raft.server.write.element-limit = 1024 (custom)
2021-10-27 07:37:48,039 [592255e9-c910-4f69-a1df-e23dedd9b9e0@group-58C8CC80E3DE-LeaderElection16] INFO  server.RaftServerConfigKeys (ConfUtils.java:logGet(44)) - raft.server.write.follower.gap.ratio.max = -1.0 (default)
2021-10-27 07:37:48,041 [grpc-default-executor-0] INFO  server.RaftServer$Division (RaftServerImpl.java:requestVote(1046)) - a36e9b50-74dc-46e0-a7bf-054b64f601c6@group-3405D20EB931: receive requestVote(ELECTION, 592255e9-c910-4f69-a1df-e23dedd9b9e0, group-3405D20EB931, 1, (t:0, i:0))
2021-10-27 07:37:48,041 [592255e9-c910-4f69-a1df-e23dedd9b9e0@group-58C8CC80E3DE-LeaderElection16] INFO  impl.RoleInfo (RoleInfo.java:updateAndGet(130)) - 592255e9-c910-4f69-a1df-e23dedd9b9e0: start 592255e9-c910-4f69-a1df-e23dedd9b9e0@group-58C8CC80E3DE-LeaderStateImpl
2021-10-27 07:37:48,041 [grpc-default-executor-0] INFO  impl.VoteContext (VoteContext.java:log(48)) - a36e9b50-74dc-46e0-a7bf-054b64f601c6@group-3405D20EB931-FOLLOWER: reject ELECTION from 592255e9-c910-4f69-a1df-e23dedd9b9e0: our priority 1 > candidate's priority 0
2021-10-27 07:37:48,042 [grpc-default-executor-0] INFO  server.RaftServer$Division (RaftServerImpl.java:setRole(290)) - a36e9b50-74dc-46e0-a7bf-054b64f601c6@group-3405D20EB931: changes role from  FOLLOWER to FOLLOWER at term 1 for candidate:592255e9-c910-4f69-a1df-e23dedd9b9e0
2021-10-27 07:37:48,042 [grpc-default-executor-0] INFO  impl.RoleInfo (RoleInfo.java:shutdownFollowerState(108)) - a36e9b50-74dc-46e0-a7bf-054b64f601c6: shutdown a36e9b50-74dc-46e0-a7bf-054b64f601c6@group-3405D20EB931-FollowerState
2021-10-27 07:37:48,042 [grpc-default-executor-0] INFO  impl.RoleInfo (RoleInfo.java:updateAndGet(130)) - a36e9b50-74dc-46e0-a7bf-054b64f601c6: start a36e9b50-74dc-46e0-a7bf-054b64f601c6@group-3405D20EB931-FollowerState
2021-10-27 07:37:48,042 [a36e9b50-74dc-46e0-a7bf-054b64f601c6@group-3405D20EB931-FollowerState] INFO  impl.FollowerState (FollowerState.java:run(143)) - a36e9b50-74dc-46e0-a7bf-054b64f601c6@group-3405D20EB931-FollowerState was interrupted: {}
java.lang.InterruptedException: sleep interrupted
	at java.lang.Thread.sleep(Native Method)
	at java.lang.Thread.sleep(Thread.java:340)
	at java.util.concurrent.TimeUnit.sleep(TimeUnit.java:386)
	at org.apache.ratis.util.TimeDuration.sleep(TimeDuration.java:324)
	at org.apache.ratis.util.TimeDuration.sleep(TimeDuration.java:309)
	at org.apache.ratis.server.impl.FollowerState.run(FollowerState.java:118)
2021-10-27 07:37:48,043 [592255e9-c910-4f69-a1df-e23dedd9b9e0@group-58C8CC80E3DE-LeaderElection16] INFO  segmented.SegmentedRaftLogWorker (SegmentedRaftLogWorker.java:startLogSegment(394)) - 592255e9-c910-4f69-a1df-e23dedd9b9e0@group-58C8CC80E3DE-SegmentedRaftLogWorker: Starting segment from index:0
2021-10-27 07:37:48,058 [grpc-default-executor-0] INFO  server.RaftServer$Division (RaftServerImpl.java:requestVote(1078)) - a36e9b50-74dc-46e0-a7bf-054b64f601c6@group-3405D20EB931 replies to ELECTION vote request: 592255e9-c910-4f69-a1df-e23dedd9b9e0<-a36e9b50-74dc-46e0-a7bf-054b64f601c6#0:FAIL-t1. Peer's state: a36e9b50-74dc-46e0-a7bf-054b64f601c6@group-3405D20EB931:t1, leader=null, voted=null, raftlog=a36e9b50-74dc-46e0-a7bf-054b64f601c6@group-3405D20EB931-SegmentedRaftLog:OPENED:c-1, conf=-1: [a36e9b50-74dc-46e0-a7bf-054b64f601c6|rpc:10.1.0.27:46805|dataStream:|priority:1, bc7ccc77-9673-4f45-9632-8b6af895e31c|rpc:10.1.0.27:44307|dataStream:|priority:0, 592255e9-c910-4f69-a1df-e23dedd9b9e0|rpc:10.1.0.27:40627|dataStream:|priority:0], old=null
2021-10-27 07:37:48,059 [grpc-default-executor-3] INFO  server.RaftServer$Division (RaftServerImpl.java:requestVote(1046)) - bc7ccc77-9673-4f45-9632-8b6af895e31c@group-3405D20EB931: receive requestVote(ELECTION, 592255e9-c910-4f69-a1df-e23dedd9b9e0, group-3405D20EB931, 1, (t:0, i:0))
2021-10-27 07:37:48,059 [grpc-default-executor-3] INFO  impl.VoteContext (VoteContext.java:log(48)) - bc7ccc77-9673-4f45-9632-8b6af895e31c@group-3405D20EB931-FOLLOWER: accept ELECTION from 592255e9-c910-4f69-a1df-e23dedd9b9e0: our priority 0 <= candidate's priority 0
2021-10-27 07:37:48,059 [grpc-default-executor-3] INFO  server.RaftServer$Division (RaftServerImpl.java:setRole(290)) - bc7ccc77-9673-4f45-9632-8b6af895e31c@group-3405D20EB931: changes role from  FOLLOWER to FOLLOWER at term 1 for candidate:592255e9-c910-4f69-a1df-e23dedd9b9e0
2021-10-27 07:37:48,059 [grpc-default-executor-3] INFO  impl.RoleInfo (RoleInfo.java:shutdownFollowerState(108)) - bc7ccc77-9673-4f45-9632-8b6af895e31c: shutdown bc7ccc77-9673-4f45-9632-8b6af895e31c@group-3405D20EB931-FollowerState
2021-10-27 07:37:48,059 [grpc-default-executor-3] INFO  impl.RoleInfo (RoleInfo.java:updateAndGet(130)) - bc7ccc77-9673-4f45-9632-8b6af895e31c: start bc7ccc77-9673-4f45-9632-8b6af895e31c@group-3405D20EB931-FollowerState
2021-10-27 07:37:48,059 [bc7ccc77-9673-4f45-9632-8b6af895e31c@group-3405D20EB931-FollowerState] INFO  impl.FollowerState (FollowerState.java:run(143)) - bc7ccc77-9673-4f45-9632-8b6af895e31c@group-3405D20EB931-FollowerState was interrupted: {}
java.lang.InterruptedException: sleep interrupted
	at java.lang.Thread.sleep(Native Method)
	at java.lang.Thread.sleep(Thread.java:340)
	at java.util.concurrent.TimeUnit.sleep(TimeUnit.java:386)
	at org.apache.ratis.util.TimeDuration.sleep(TimeDuration.java:324)
	at org.apache.ratis.util.TimeDuration.sleep(TimeDuration.java:309)
	at org.apache.ratis.server.impl.FollowerState.run(FollowerState.java:118)
2021-10-27 07:37:48,060 [592255e9-c910-4f69-a1df-e23dedd9b9e0@group-3405D20EB931-LeaderElection15] INFO  impl.LeaderElection (LeaderElection.java:logAndReturn(89)) - 592255e9-c910-4f69-a1df-e23dedd9b9e0@group-3405D20EB931-LeaderElection15: ELECTION REJECTED received 1 response(s) and 0 exception(s):
2021-10-27 07:37:48,060 [592255e9-c910-4f69-a1df-e23dedd9b9e0@group-3405D20EB931-LeaderElection15] INFO  impl.LeaderElection (LeaderElection.java:logAndReturn(93)) -   Response 0: 592255e9-c910-4f69-a1df-e23dedd9b9e0<-a36e9b50-74dc-46e0-a7bf-054b64f601c6#0:FAIL-t1
2021-10-27 07:37:48,060 [592255e9-c910-4f69-a1df-e23dedd9b9e0@group-3405D20EB931-LeaderElection15] INFO  impl.LeaderElection (LeaderElection.java:askForVotes(308)) - 592255e9-c910-4f69-a1df-e23dedd9b9e0@group-3405D20EB931-LeaderElection15 ELECTION round 0: result REJECTED
2021-10-27 07:37:48,062 [grpc-default-executor-3] INFO  server.RaftServer$Division (RaftServerImpl.java:requestVote(1078)) - bc7ccc77-9673-4f45-9632-8b6af895e31c@group-3405D20EB931 replies to ELECTION vote request: 592255e9-c910-4f69-a1df-e23dedd9b9e0<-bc7ccc77-9673-4f45-9632-8b6af895e31c#0:OK-t1. Peer's state: bc7ccc77-9673-4f45-9632-8b6af895e31c@group-3405D20EB931:t1, leader=null, voted=592255e9-c910-4f69-a1df-e23dedd9b9e0, raftlog=bc7ccc77-9673-4f45-9632-8b6af895e31c@group-3405D20EB931-SegmentedRaftLog:OPENED:c-1, conf=-1: [a36e9b50-74dc-46e0-a7bf-054b64f601c6|rpc:10.1.0.27:46805|dataStream:|priority:1, bc7ccc77-9673-4f45-9632-8b6af895e31c|rpc:10.1.0.27:44307|dataStream:|priority:0, 592255e9-c910-4f69-a1df-e23dedd9b9e0|rpc:10.1.0.27:40627|dataStream:|priority:0], old=null
2021-10-27 07:37:48,062 [592255e9-c910-4f69-a1df-e23dedd9b9e0@group-58C8CC80E3DE-SegmentedRaftLogWorker] INFO  segmented.SegmentedRaftLogWorker (SegmentedRaftLogWorker.java:execute(601)) - 592255e9-c910-4f69-a1df-e23dedd9b9e0@group-58C8CC80E3DE-SegmentedRaftLogWorker: created new log segment /home/runner/work/ozone/ozone/hadoop-ozone/integration-test/target/test-dir/MiniOzoneClusterImpl-166db4ac-5aa3-4efc-b377-a8ff7cd8c20d/datanode-0/data/ratis/78b41ecb-e853-46bc-9f8b-58c8cc80e3de/current/log_inprogress_0
2021-10-27 07:37:48,062 [592255e9-c910-4f69-a1df-e23dedd9b9e0@group-3405D20EB931-LeaderElection15] INFO  server.RaftServer$Division (RaftServerImpl.java:setRole(290)) - 592255e9-c910-4f69-a1df-e23dedd9b9e0@group-3405D20EB931: changes role from CANDIDATE to FOLLOWER at term 1 for REJECTED
2021-10-27 07:37:48,062 [592255e9-c910-4f69-a1df-e23dedd9b9e0@group-3405D20EB931-LeaderElection15] INFO  impl.RoleInfo (RoleInfo.java:shutdownLeaderElection(121)) - 592255e9-c910-4f69-a1df-e23dedd9b9e0: shutdown 592255e9-c910-4f69-a1df-e23dedd9b9e0@group-3405D20EB931-LeaderElection15
2021-10-27 07:37:48,062 [592255e9-c910-4f69-a1df-e23dedd9b9e0@group-3405D20EB931-LeaderElection15] INFO  impl.RoleInfo (RoleInfo.java:updateAndGet(130)) - 592255e9-c910-4f69-a1df-e23dedd9b9e0: start 592255e9-c910-4f69-a1df-e23dedd9b9e0@group-3405D20EB931-FollowerState
2021-10-27 07:37:48,064 [592255e9-c910-4f69-a1df-e23dedd9b9e0@group-58C8CC80E3DE-LeaderElection16] INFO  server.RaftServer$Division (ServerState.java:setRaftConf(387)) - 592255e9-c910-4f69-a1df-e23dedd9b9e0@group-58C8CC80E3DE: set configuration 0: [592255e9-c910-4f69-a1df-e23dedd9b9e0|rpc:10.1.0.27:40627|dataStream:|priority:1], old=null
2021-10-27 07:37:48,193 [ReplicationMonitor] INFO  container.ReplicationManager (ReplicationManager.java:processAll(371)) - Replication Monitor Thread took 1 milliseconds for processing 6 containers.
2021-10-27 07:37:48,369 [EventQueue-OpenPipelineForHealthyPipelineSafeModeRule] INFO  safemode.SCMSafeModeManager (HealthyPipelineSafeModeRule.java:process(124)) - SCM in safe mode. Healthy pipelines reported count is 0, required healthy pipeline reported count is 1
2021-10-27 07:37:48,373 [Listener at 127.0.0.1/33029] INFO  ozone.MiniOzoneClusterImpl (MiniOzoneClusterImpl.java:lambda$waitForClusterToBeReady$0(235)) - Nodes are ready. Got 6 of 6 DN Heartbeats.
2021-10-27 07:37:48,373 [Listener at 127.0.0.1/33029] INFO  ozone.MiniOzoneClusterImpl (MiniOzoneClusterImpl.java:lambda$waitForClusterToBeReady$0(238)) - Waiting for cluster to exit safe mode
2021-10-27 07:37:48,373 [Listener at 127.0.0.1/33029] INFO  ozone.MiniOzoneClusterImpl (MiniOzoneClusterImpl.java:lambda$waitForClusterToBeReady$0(240)) - SCM became leader
2021-10-27 07:37:48,391 [EventQueue-OpenPipelineForHealthyPipelineSafeModeRule] INFO  safemode.SCMSafeModeManager (HealthyPipelineSafeModeRule.java:process(124)) - SCM in safe mode. Healthy pipelines reported count is 0, required healthy pipeline reported count is 1
2021-10-27 07:37:48,397 [EventQueue-OpenPipelineForHealthyPipelineSafeModeRule] INFO  safemode.SCMSafeModeManager (HealthyPipelineSafeModeRule.java:process(124)) - SCM in safe mode. Healthy pipelines reported count is 0, required healthy pipeline reported count is 1
2021-10-27 07:37:48,493 [ReplicationMonitor] INFO  container.ReplicationManager (ReplicationManager.java:processAll(371)) - Replication Monitor Thread took 1 milliseconds for processing 0 containers.
2021-10-27 07:37:48,529 [a36e9b50-74dc-46e0-a7bf-054b64f601c6@group-BFE7495CE4E8-FollowerState] INFO  impl.FollowerState (FollowerState.java:run(134)) - a36e9b50-74dc-46e0-a7bf-054b64f601c6@group-BFE7495CE4E8-FollowerState: change to CANDIDATE, lastRpcElapsedTime:5129495640ns, electionTimeout:5128ms
2021-10-27 07:37:48,529 [a36e9b50-74dc-46e0-a7bf-054b64f601c6@group-BFE7495CE4E8-FollowerState] INFO  impl.RoleInfo (RoleInfo.java:shutdownFollowerState(108)) - a36e9b50-74dc-46e0-a7bf-054b64f601c6: shutdown a36e9b50-74dc-46e0-a7bf-054b64f601c6@group-BFE7495CE4E8-FollowerState
2021-10-27 07:37:48,530 [a36e9b50-74dc-46e0-a7bf-054b64f601c6@group-BFE7495CE4E8-FollowerState] INFO  server.RaftServer$Division (RaftServerImpl.java:setRole(290)) - a36e9b50-74dc-46e0-a7bf-054b64f601c6@group-BFE7495CE4E8: changes role from  FOLLOWER to CANDIDATE at term 0 for changeToCandidate
2021-10-27 07:37:48,530 [a36e9b50-74dc-46e0-a7bf-054b64f601c6@group-BFE7495CE4E8-FollowerState] INFO  server.RaftServerConfigKeys (ConfUtils.java:logGet(44)) - raft.server.leaderelection.pre-vote = false (custom)
2021-10-27 07:37:48,530 [a36e9b50-74dc-46e0-a7bf-054b64f601c6@group-BFE7495CE4E8-FollowerState] INFO  impl.RoleInfo (RoleInfo.java:updateAndGet(130)) - a36e9b50-74dc-46e0-a7bf-054b64f601c6: start a36e9b50-74dc-46e0-a7bf-054b64f601c6@group-BFE7495CE4E8-LeaderElection17
2021-10-27 07:37:48,544 [a36e9b50-74dc-46e0-a7bf-054b64f601c6@group-BFE7495CE4E8-LeaderElection17] INFO  impl.LeaderElection (LeaderElection.java:askForVotes(306)) - a36e9b50-74dc-46e0-a7bf-054b64f601c6@group-BFE7495CE4E8-LeaderElection17 ELECTION round 0: submit vote requests at term 1 for -1: [a36e9b50-74dc-46e0-a7bf-054b64f601c6|rpc:10.1.0.27:46805|priority:1], old=null
2021-10-27 07:37:48,544 [a36e9b50-74dc-46e0-a7bf-054b64f601c6@group-BFE7495CE4E8-LeaderElection17] INFO  impl.LeaderElection (LeaderElection.java:askForVotes(308)) - a36e9b50-74dc-46e0-a7bf-054b64f601c6@group-BFE7495CE4E8-LeaderElection17 ELECTION round 0: result PASSED (term=1)
2021-10-27 07:37:48,544 [a36e9b50-74dc-46e0-a7bf-054b64f601c6@group-BFE7495CE4E8-LeaderElection17] INFO  impl.RoleInfo (RoleInfo.java:shutdownLeaderElection(121)) - a36e9b50-74dc-46e0-a7bf-054b64f601c6: shutdown a36e9b50-74dc-46e0-a7bf-054b64f601c6@group-BFE7495CE4E8-LeaderElection17
2021-10-27 07:37:48,545 [a36e9b50-74dc-46e0-a7bf-054b64f601c6@group-BFE7495CE4E8-LeaderElection17] INFO  server.RaftServer$Division (RaftServerImpl.java:setRole(290)) - a36e9b50-74dc-46e0-a7bf-054b64f601c6@group-BFE7495CE4E8: changes role from CANDIDATE to LEADER at term 1 for changeToLeader
2021-10-27 07:37:48,545 [a36e9b50-74dc-46e0-a7bf-054b64f601c6@group-BFE7495CE4E8-LeaderElection17] INFO  ratis.XceiverServerRatis (XceiverServerRatis.java:handleLeaderChangedNotification(866)) - Leader change notification received for group: group-BFE7495CE4E8 with new leaderId: a36e9b50-74dc-46e0-a7bf-054b64f601c6
2021-10-27 07:37:48,547 [a36e9b50-74dc-46e0-a7bf-054b64f601c6@group-BFE7495CE4E8-LeaderElection17] INFO  server.RaftServer$Division (ServerState.java:setLeader(285)) - a36e9b50-74dc-46e0-a7bf-054b64f601c6@group-BFE7495CE4E8: change Leader from null to a36e9b50-74dc-46e0-a7bf-054b64f601c6 at term 1 for becomeLeader, leader elected after 5156ms
2021-10-27 07:37:48,548 [a36e9b50-74dc-46e0-a7bf-054b64f601c6@group-BFE7495CE4E8-LeaderElection17] INFO  server.RaftServerConfigKeys (ConfUtils.java:logGet(44)) - raft.server.staging.catchup.gap = 1000 (default)
2021-10-27 07:37:48,548 [EventQueue-OpenPipelineForHealthyPipelineSafeModeRule] INFO  safemode.SCMSafeModeManager (HealthyPipelineSafeModeRule.java:process(124)) - SCM in safe mode. Healthy pipelines reported count is 0, required healthy pipeline reported count is 1
2021-10-27 07:37:48,549 [a36e9b50-74dc-46e0-a7bf-054b64f601c6@group-BFE7495CE4E8-LeaderElection17] INFO  server.RaftServerConfigKeys (ConfUtils.java:logGet(44)) - raft.server.write.element-limit = 1024 (custom)
2021-10-27 07:37:48,549 [a36e9b50-74dc-46e0-a7bf-054b64f601c6@group-BFE7495CE4E8-LeaderElection17] INFO  server.RaftServerConfigKeys (ConfUtils.java:logGet(44)) - raft.server.write.byte-limit = 1024 M (=1073741824) (custom)
2021-10-27 07:37:48,551 [a36e9b50-74dc-46e0-a7bf-054b64f601c6@group-BFE7495CE4E8-LeaderElection17] INFO  server.RaftServerConfigKeys (ConfUtils.java:logGet(44)) - raft.server.watch.timeout = 180s (custom)
2021-10-27 07:37:48,552 [a36e9b50-74dc-46e0-a7bf-054b64f601c6@group-BFE7495CE4E8-LeaderElection17] INFO  server.RaftServerConfigKeys (ConfUtils.java:logGet(44)) - raft.server.watch.timeout.denomination = 1s (default)
2021-10-27 07:37:48,552 [a36e9b50-74dc-46e0-a7bf-054b64f601c6@group-BFE7495CE4E8-LeaderElection17] INFO  server.RaftServerConfigKeys (ConfUtils.java:logGet(44)) - raft.server.watch.element-limit = 65536 (default)
2021-10-27 07:37:48,552 [a36e9b50-74dc-46e0-a7bf-054b64f601c6@group-BFE7495CE4E8-LeaderElection17] INFO  server.RaftServerConfigKeys (ConfUtils.java:logGet(44)) - raft.server.write.element-limit = 1024 (custom)
2021-10-27 07:37:48,553 [a36e9b50-74dc-46e0-a7bf-054b64f601c6@group-BFE7495CE4E8-LeaderElection17] INFO  server.RaftServerConfigKeys (ConfUtils.java:logGet(44)) - raft.server.write.follower.gap.ratio.max = -1.0 (default)
2021-10-27 07:37:48,553 [a36e9b50-74dc-46e0-a7bf-054b64f601c6@group-BFE7495CE4E8-LeaderElection17] INFO  impl.RoleInfo (RoleInfo.java:updateAndGet(130)) - a36e9b50-74dc-46e0-a7bf-054b64f601c6: start a36e9b50-74dc-46e0-a7bf-054b64f601c6@group-BFE7495CE4E8-LeaderStateImpl
2021-10-27 07:37:48,553 [a36e9b50-74dc-46e0-a7bf-054b64f601c6@group-BFE7495CE4E8-LeaderElection17] INFO  segmented.SegmentedRaftLogWorker (SegmentedRaftLogWorker.java:startLogSegment(394)) - a36e9b50-74dc-46e0-a7bf-054b64f601c6@group-BFE7495CE4E8-SegmentedRaftLogWorker: Starting segment from index:0
2021-10-27 07:37:48,557 [a36e9b50-74dc-46e0-a7bf-054b64f601c6@group-BFE7495CE4E8-SegmentedRaftLogWorker] INFO  segmented.SegmentedRaftLogWorker (SegmentedRaftLogWorker.java:execute(601)) - a36e9b50-74dc-46e0-a7bf-054b64f601c6@group-BFE7495CE4E8-SegmentedRaftLogWorker: created new log segment /home/runner/work/ozone/ozone/hadoop-ozone/integration-test/target/test-dir/MiniOzoneClusterImpl-166db4ac-5aa3-4efc-b377-a8ff7cd8c20d/datanode-1/data/ratis/b4195666-ed7a-40b6-88d7-bfe7495ce4e8/current/log_inprogress_0
2021-10-27 07:37:48,557 [a36e9b50-74dc-46e0-a7bf-054b64f601c6@group-BFE7495CE4E8-LeaderElection17] INFO  server.RaftServer$Division (ServerState.java:setRaftConf(387)) - a36e9b50-74dc-46e0-a7bf-054b64f601c6@group-BFE7495CE4E8: set configuration 0: [a36e9b50-74dc-46e0-a7bf-054b64f601c6|rpc:10.1.0.27:46805|dataStream:|priority:1], old=null
2021-10-27 07:37:48,858 [EventQueue-OpenPipelineForHealthyPipelineSafeModeRule] INFO  safemode.SCMSafeModeManager (HealthyPipelineSafeModeRule.java:process(124)) - SCM in safe mode. Healthy pipelines reported count is 0, required healthy pipeline reported count is 1
2021-10-27 07:37:49,000 [bc7ccc77-9673-4f45-9632-8b6af895e31c@group-6238D03390A6-FollowerState] INFO  impl.FollowerState (FollowerState.java:run(134)) - bc7ccc77-9673-4f45-9632-8b6af895e31c@group-6238D03390A6-FollowerState: change to CANDIDATE, lastRpcElapsedTime:5137911722ns, electionTimeout:5130ms
2021-10-27 07:37:49,000 [bc7ccc77-9673-4f45-9632-8b6af895e31c@group-6238D03390A6-FollowerState] INFO  impl.RoleInfo (RoleInfo.java:shutdownFollowerState(108)) - bc7ccc77-9673-4f45-9632-8b6af895e31c: shutdown bc7ccc77-9673-4f45-9632-8b6af895e31c@group-6238D03390A6-FollowerState
2021-10-27 07:37:49,001 [bc7ccc77-9673-4f45-9632-8b6af895e31c@group-6238D03390A6-FollowerState] INFO  server.RaftServer$Division (RaftServerImpl.java:setRole(290)) - bc7ccc77-9673-4f45-9632-8b6af895e31c@group-6238D03390A6: changes role from  FOLLOWER to CANDIDATE at term 0 for changeToCandidate
2021-10-27 07:37:49,001 [bc7ccc77-9673-4f45-9632-8b6af895e31c@group-6238D03390A6-FollowerState] INFO  server.RaftServerConfigKeys (ConfUtils.java:logGet(44)) - raft.server.leaderelection.pre-vote = false (custom)
2021-10-27 07:37:49,001 [bc7ccc77-9673-4f45-9632-8b6af895e31c@group-6238D03390A6-FollowerState] INFO  impl.RoleInfo (RoleInfo.java:updateAndGet(130)) - bc7ccc77-9673-4f45-9632-8b6af895e31c: start bc7ccc77-9673-4f45-9632-8b6af895e31c@group-6238D03390A6-LeaderElection18
2021-10-27 07:37:49,008 [bc7ccc77-9673-4f45-9632-8b6af895e31c@group-6238D03390A6-LeaderElection18] INFO  impl.LeaderElection (LeaderElection.java:askForVotes(306)) - bc7ccc77-9673-4f45-9632-8b6af895e31c@group-6238D03390A6-LeaderElection18 ELECTION round 0: submit vote requests at term 1 for -1: [bc7ccc77-9673-4f45-9632-8b6af895e31c|rpc:10.1.0.27:44307|priority:1], old=null
2021-10-27 07:37:49,008 [bc7ccc77-9673-4f45-9632-8b6af895e31c@group-6238D03390A6-LeaderElection18] INFO  impl.LeaderElection (LeaderElection.java:askForVotes(308)) - bc7ccc77-9673-4f45-9632-8b6af895e31c@group-6238D03390A6-LeaderElection18 ELECTION round 0: result PASSED (term=1)
2021-10-27 07:37:49,009 [bc7ccc77-9673-4f45-9632-8b6af895e31c@group-6238D03390A6-LeaderElection18] INFO  impl.RoleInfo (RoleInfo.java:shutdownLeaderElection(121)) - bc7ccc77-9673-4f45-9632-8b6af895e31c: shutdown bc7ccc77-9673-4f45-9632-8b6af895e31c@group-6238D03390A6-LeaderElection18
2021-10-27 07:37:49,009 [bc7ccc77-9673-4f45-9632-8b6af895e31c@group-6238D03390A6-LeaderElection18] INFO  server.RaftServer$Division (RaftServerImpl.java:setRole(290)) - bc7ccc77-9673-4f45-9632-8b6af895e31c@group-6238D03390A6: changes role from CANDIDATE to LEADER at term 1 for changeToLeader
2021-10-27 07:37:49,009 [bc7ccc77-9673-4f45-9632-8b6af895e31c@group-6238D03390A6-LeaderElection18] INFO  ratis.XceiverServerRatis (XceiverServerRatis.java:handleLeaderChangedNotification(866)) - Leader change notification received for group: group-6238D03390A6 with new leaderId: bc7ccc77-9673-4f45-9632-8b6af895e31c
2021-10-27 07:37:49,009 [bc7ccc77-9673-4f45-9632-8b6af895e31c@group-6238D03390A6-LeaderElection18] INFO  server.RaftServer$Division (ServerState.java:setLeader(285)) - bc7ccc77-9673-4f45-9632-8b6af895e31c@group-6238D03390A6: change Leader from null to bc7ccc77-9673-4f45-9632-8b6af895e31c at term 1 for becomeLeader, leader elected after 5154ms
2021-10-27 07:37:49,009 [bc7ccc77-9673-4f45-9632-8b6af895e31c@group-6238D03390A6-LeaderElection18] INFO  server.RaftServerConfigKeys (ConfUtils.java:logGet(44)) - raft.server.staging.catchup.gap = 1000 (default)
2021-10-27 07:37:49,010 [bc7ccc77-9673-4f45-9632-8b6af895e31c@group-6238D03390A6-LeaderElection18] INFO  server.RaftServerConfigKeys (ConfUtils.java:logGet(44)) - raft.server.write.element-limit = 1024 (custom)
2021-10-27 07:37:49,010 [bc7ccc77-9673-4f45-9632-8b6af895e31c@group-6238D03390A6-LeaderElection18] INFO  server.RaftServerConfigKeys (ConfUtils.java:logGet(44)) - raft.server.write.byte-limit = 1024 M (=1073741824) (custom)
2021-10-27 07:37:49,010 [bc7ccc77-9673-4f45-9632-8b6af895e31c@group-6238D03390A6-LeaderElection18] INFO  server.RaftServerConfigKeys (ConfUtils.java:logGet(44)) - raft.server.watch.timeout = 180s (custom)
2021-10-27 07:37:49,011 [EventQueue-OpenPipelineForHealthyPipelineSafeModeRule] INFO  safemode.SCMSafeModeManager (HealthyPipelineSafeModeRule.java:process(124)) - SCM in safe mode. Healthy pipelines reported count is 0, required healthy pipeline reported count is 1
2021-10-27 07:37:49,011 [bc7ccc77-9673-4f45-9632-8b6af895e31c@group-6238D03390A6-LeaderElection18] INFO  server.RaftServerConfigKeys (ConfUtils.java:logGet(44)) - raft.server.watch.timeout.denomination = 1s (default)
2021-10-27 07:37:49,011 [bc7ccc77-9673-4f45-9632-8b6af895e31c@group-6238D03390A6-LeaderElection18] INFO  server.RaftServerConfigKeys (ConfUtils.java:logGet(44)) - raft.server.watch.element-limit = 65536 (default)
2021-10-27 07:37:49,011 [bc7ccc77-9673-4f45-9632-8b6af895e31c@group-6238D03390A6-LeaderElection18] INFO  server.RaftServerConfigKeys (ConfUtils.java:logGet(44)) - raft.server.write.element-limit = 1024 (custom)
2021-10-27 07:37:49,011 [bc7ccc77-9673-4f45-9632-8b6af895e31c@group-6238D03390A6-LeaderElection18] INFO  server.RaftServerConfigKeys (ConfUtils.java:logGet(44)) - raft.server.write.follower.gap.ratio.max = -1.0 (default)
2021-10-27 07:37:49,011 [bc7ccc77-9673-4f45-9632-8b6af895e31c@group-6238D03390A6-LeaderElection18] INFO  impl.RoleInfo (RoleInfo.java:updateAndGet(130)) - bc7ccc77-9673-4f45-9632-8b6af895e31c: start bc7ccc77-9673-4f45-9632-8b6af895e31c@group-6238D03390A6-LeaderStateImpl
2021-10-27 07:37:49,011 [bc7ccc77-9673-4f45-9632-8b6af895e31c@group-6238D03390A6-LeaderElection18] INFO  segmented.SegmentedRaftLogWorker (SegmentedRaftLogWorker.java:startLogSegment(394)) - bc7ccc77-9673-4f45-9632-8b6af895e31c@group-6238D03390A6-SegmentedRaftLogWorker: Starting segment from index:0
2021-10-27 07:37:49,018 [bc7ccc77-9673-4f45-9632-8b6af895e31c@group-6238D03390A6-SegmentedRaftLogWorker] INFO  segmented.SegmentedRaftLogWorker (SegmentedRaftLogWorker.java:execute(601)) - bc7ccc77-9673-4f45-9632-8b6af895e31c@group-6238D03390A6-SegmentedRaftLogWorker: created new log segment /home/runner/work/ozone/ozone/hadoop-ozone/integration-test/target/test-dir/MiniOzoneClusterImpl-166db4ac-5aa3-4efc-b377-a8ff7cd8c20d/datanode-2/data/ratis/c923c835-4830-43a8-8069-6238d03390a6/current/log_inprogress_0
2021-10-27 07:37:49,029 [bc7ccc77-9673-4f45-9632-8b6af895e31c@group-6238D03390A6-LeaderElection18] INFO  server.RaftServer$Division (ServerState.java:setRaftConf(387)) - bc7ccc77-9673-4f45-9632-8b6af895e31c@group-6238D03390A6: set configuration 0: [bc7ccc77-9673-4f45-9632-8b6af895e31c|rpc:10.1.0.27:44307|dataStream:|priority:1], old=null
2021-10-27 07:37:49,037 [EventQueue-OpenPipelineForHealthyPipelineSafeModeRule] INFO  safemode.SCMSafeModeManager (HealthyPipelineSafeModeRule.java:process(124)) - SCM in safe mode. Healthy pipelines reported count is 0, required healthy pipeline reported count is 1
2021-10-27 07:37:49,194 [ReplicationMonitor] INFO  container.ReplicationManager (ReplicationManager.java:processAll(371)) - Replication Monitor Thread took 1 milliseconds for processing 6 containers.
2021-10-27 07:37:49,370 [EventQueue-OpenPipelineForHealthyPipelineSafeModeRule] INFO  safemode.SCMSafeModeManager (HealthyPipelineSafeModeRule.java:process(124)) - SCM in safe mode. Healthy pipelines reported count is 0, required healthy pipeline reported count is 1
2021-10-27 07:37:49,373 [Listener at 127.0.0.1/33029] INFO  ozone.MiniOzoneClusterImpl (MiniOzoneClusterImpl.java:lambda$waitForClusterToBeReady$0(235)) - Nodes are ready. Got 6 of 6 DN Heartbeats.
2021-10-27 07:37:49,373 [Listener at 127.0.0.1/33029] INFO  ozone.MiniOzoneClusterImpl (MiniOzoneClusterImpl.java:lambda$waitForClusterToBeReady$0(238)) - Waiting for cluster to exit safe mode
2021-10-27 07:37:49,373 [Listener at 127.0.0.1/33029] INFO  ozone.MiniOzoneClusterImpl (MiniOzoneClusterImpl.java:lambda$waitForClusterToBeReady$0(240)) - SCM became leader
2021-10-27 07:37:49,398 [EventQueue-OpenPipelineForHealthyPipelineSafeModeRule] INFO  safemode.SCMSafeModeManager (HealthyPipelineSafeModeRule.java:process(124)) - SCM in safe mode. Healthy pipelines reported count is 0, required healthy pipeline reported count is 1
2021-10-27 07:37:49,436 [06710a81-f387-4505-8c81-c7e250b9aeec@group-3F089D2ECC91-FollowerState] INFO  impl.FollowerState (FollowerState.java:run(134)) - 06710a81-f387-4505-8c81-c7e250b9aeec@group-3F089D2ECC91-FollowerState: change to CANDIDATE, lastRpcElapsedTime:5078955313ns, electionTimeout:5073ms
2021-10-27 07:37:49,436 [06710a81-f387-4505-8c81-c7e250b9aeec@group-3F089D2ECC91-FollowerState] INFO  impl.RoleInfo (RoleInfo.java:shutdownFollowerState(108)) - 06710a81-f387-4505-8c81-c7e250b9aeec: shutdown 06710a81-f387-4505-8c81-c7e250b9aeec@group-3F089D2ECC91-FollowerState
2021-10-27 07:37:49,437 [06710a81-f387-4505-8c81-c7e250b9aeec@group-3F089D2ECC91-FollowerState] INFO  server.RaftServer$Division (RaftServerImpl.java:setRole(290)) - 06710a81-f387-4505-8c81-c7e250b9aeec@group-3F089D2ECC91: changes role from  FOLLOWER to CANDIDATE at term 0 for changeToCandidate
2021-10-27 07:37:49,437 [06710a81-f387-4505-8c81-c7e250b9aeec@group-3F089D2ECC91-FollowerState] INFO  server.RaftServerConfigKeys (ConfUtils.java:logGet(44)) - raft.server.leaderelection.pre-vote = false (custom)
2021-10-27 07:37:49,437 [06710a81-f387-4505-8c81-c7e250b9aeec@group-3F089D2ECC91-FollowerState] INFO  impl.RoleInfo (RoleInfo.java:updateAndGet(130)) - 06710a81-f387-4505-8c81-c7e250b9aeec: start 06710a81-f387-4505-8c81-c7e250b9aeec@group-3F089D2ECC91-LeaderElection19
2021-10-27 07:37:49,447 [06710a81-f387-4505-8c81-c7e250b9aeec@group-3F089D2ECC91-LeaderElection19] INFO  impl.LeaderElection (LeaderElection.java:askForVotes(306)) - 06710a81-f387-4505-8c81-c7e250b9aeec@group-3F089D2ECC91-LeaderElection19 ELECTION round 0: submit vote requests at term 1 for -1: [06710a81-f387-4505-8c81-c7e250b9aeec|rpc:10.1.0.27:36323|priority:1], old=null
2021-10-27 07:37:49,448 [06710a81-f387-4505-8c81-c7e250b9aeec@group-3F089D2ECC91-LeaderElection19] INFO  impl.LeaderElection (LeaderElection.java:askForVotes(308)) - 06710a81-f387-4505-8c81-c7e250b9aeec@group-3F089D2ECC91-LeaderElection19 ELECTION round 0: result PASSED (term=1)
2021-10-27 07:37:49,448 [06710a81-f387-4505-8c81-c7e250b9aeec@group-3F089D2ECC91-LeaderElection19] INFO  impl.RoleInfo (RoleInfo.java:shutdownLeaderElection(121)) - 06710a81-f387-4505-8c81-c7e250b9aeec: shutdown 06710a81-f387-4505-8c81-c7e250b9aeec@group-3F089D2ECC91-LeaderElection19
2021-10-27 07:37:49,448 [06710a81-f387-4505-8c81-c7e250b9aeec@group-3F089D2ECC91-LeaderElection19] INFO  server.RaftServer$Division (RaftServerImpl.java:setRole(290)) - 06710a81-f387-4505-8c81-c7e250b9aeec@group-3F089D2ECC91: changes role from CANDIDATE to LEADER at term 1 for changeToLeader
2021-10-27 07:37:49,448 [06710a81-f387-4505-8c81-c7e250b9aeec@group-3F089D2ECC91-LeaderElection19] INFO  ratis.XceiverServerRatis (XceiverServerRatis.java:handleLeaderChangedNotification(866)) - Leader change notification received for group: group-3F089D2ECC91 with new leaderId: 06710a81-f387-4505-8c81-c7e250b9aeec
2021-10-27 07:37:49,448 [06710a81-f387-4505-8c81-c7e250b9aeec@group-3F089D2ECC91-LeaderElection19] INFO  server.RaftServer$Division (ServerState.java:setLeader(285)) - 06710a81-f387-4505-8c81-c7e250b9aeec@group-3F089D2ECC91: change Leader from null to 06710a81-f387-4505-8c81-c7e250b9aeec at term 1 for becomeLeader, leader elected after 5099ms
2021-10-27 07:37:49,449 [06710a81-f387-4505-8c81-c7e250b9aeec@group-3F089D2ECC91-LeaderElection19] INFO  server.RaftServerConfigKeys (ConfUtils.java:logGet(44)) - raft.server.staging.catchup.gap = 1000 (default)
2021-10-27 07:37:49,449 [06710a81-f387-4505-8c81-c7e250b9aeec@group-3F089D2ECC91-LeaderElection19] INFO  server.RaftServerConfigKeys (ConfUtils.java:logGet(44)) - raft.server.write.element-limit = 1024 (custom)
2021-10-27 07:37:49,449 [EventQueue-OpenPipelineForHealthyPipelineSafeModeRule] INFO  safemode.SCMSafeModeManager (HealthyPipelineSafeModeRule.java:process(124)) - SCM in safe mode. Healthy pipelines reported count is 0, required healthy pipeline reported count is 1
2021-10-27 07:37:49,449 [06710a81-f387-4505-8c81-c7e250b9aeec@group-3F089D2ECC91-LeaderElection19] INFO  server.RaftServerConfigKeys (ConfUtils.java:logGet(44)) - raft.server.write.byte-limit = 1024 M (=1073741824) (custom)
2021-10-27 07:37:49,450 [06710a81-f387-4505-8c81-c7e250b9aeec@group-3F089D2ECC91-LeaderElection19] INFO  server.RaftServerConfigKeys (ConfUtils.java:logGet(44)) - raft.server.watch.timeout = 180s (custom)
2021-10-27 07:37:49,450 [06710a81-f387-4505-8c81-c7e250b9aeec@group-3F089D2ECC91-LeaderElection19] INFO  server.RaftServerConfigKeys (ConfUtils.java:logGet(44)) - raft.server.watch.timeout.denomination = 1s (default)
2021-10-27 07:37:49,450 [06710a81-f387-4505-8c81-c7e250b9aeec@group-3F089D2ECC91-LeaderElection19] INFO  server.RaftServerConfigKeys (ConfUtils.java:logGet(44)) - raft.server.watch.element-limit = 65536 (default)
2021-10-27 07:37:49,450 [06710a81-f387-4505-8c81-c7e250b9aeec@group-3F089D2ECC91-LeaderElection19] INFO  server.RaftServerConfigKeys (ConfUtils.java:logGet(44)) - raft.server.write.element-limit = 1024 (custom)
2021-10-27 07:37:49,450 [06710a81-f387-4505-8c81-c7e250b9aeec@group-3F089D2ECC91-LeaderElection19] INFO  server.RaftServerConfigKeys (ConfUtils.java:logGet(44)) - raft.server.write.follower.gap.ratio.max = -1.0 (default)
2021-10-27 07:37:49,451 [06710a81-f387-4505-8c81-c7e250b9aeec@group-3F089D2ECC91-LeaderElection19] INFO  impl.RoleInfo (RoleInfo.java:updateAndGet(130)) - 06710a81-f387-4505-8c81-c7e250b9aeec: start 06710a81-f387-4505-8c81-c7e250b9aeec@group-3F089D2ECC91-LeaderStateImpl
2021-10-27 07:37:49,451 [06710a81-f387-4505-8c81-c7e250b9aeec@group-3F089D2ECC91-LeaderElection19] INFO  segmented.SegmentedRaftLogWorker (SegmentedRaftLogWorker.java:startLogSegment(394)) - 06710a81-f387-4505-8c81-c7e250b9aeec@group-3F089D2ECC91-SegmentedRaftLogWorker: Starting segment from index:0
2021-10-27 07:37:49,452 [06710a81-f387-4505-8c81-c7e250b9aeec@group-3F089D2ECC91-SegmentedRaftLogWorker] INFO  segmented.SegmentedRaftLogWorker (SegmentedRaftLogWorker.java:execute(601)) - 06710a81-f387-4505-8c81-c7e250b9aeec@group-3F089D2ECC91-SegmentedRaftLogWorker: created new log segment /home/runner/work/ozone/ozone/hadoop-ozone/integration-test/target/test-dir/MiniOzoneClusterImpl-166db4ac-5aa3-4efc-b377-a8ff7cd8c20d/datanode-3/data/ratis/c9e7fcda-a19f-4aec-b2e5-3f089d2ecc91/current/log_inprogress_0
2021-10-27 07:37:49,462 [06710a81-f387-4505-8c81-c7e250b9aeec@group-70DB9A92BEB8-FollowerState] INFO  impl.FollowerState (FollowerState.java:run(134)) - 06710a81-f387-4505-8c81-c7e250b9aeec@group-70DB9A92BEB8-FollowerState: change to CANDIDATE, lastRpcElapsedTime:5080438509ns, electionTimeout:5078ms
2021-10-27 07:37:49,462 [06710a81-f387-4505-8c81-c7e250b9aeec@group-3F089D2ECC91-LeaderElection19] INFO  server.RaftServer$Division (ServerState.java:setRaftConf(387)) - 06710a81-f387-4505-8c81-c7e250b9aeec@group-3F089D2ECC91: set configuration 0: [06710a81-f387-4505-8c81-c7e250b9aeec|rpc:10.1.0.27:36323|dataStream:|priority:1], old=null
2021-10-27 07:37:49,462 [06710a81-f387-4505-8c81-c7e250b9aeec@group-70DB9A92BEB8-FollowerState] INFO  impl.RoleInfo (RoleInfo.java:shutdownFollowerState(108)) - 06710a81-f387-4505-8c81-c7e250b9aeec: shutdown 06710a81-f387-4505-8c81-c7e250b9aeec@group-70DB9A92BEB8-FollowerState
2021-10-27 07:37:49,462 [06710a81-f387-4505-8c81-c7e250b9aeec@group-70DB9A92BEB8-FollowerState] INFO  server.RaftServer$Division (RaftServerImpl.java:setRole(290)) - 06710a81-f387-4505-8c81-c7e250b9aeec@group-70DB9A92BEB8: changes role from  FOLLOWER to CANDIDATE at term 0 for changeToCandidate
2021-10-27 07:37:49,462 [06710a81-f387-4505-8c81-c7e250b9aeec@group-70DB9A92BEB8-FollowerState] INFO  server.RaftServerConfigKeys (ConfUtils.java:logGet(44)) - raft.server.leaderelection.pre-vote = false (custom)
2021-10-27 07:37:49,462 [06710a81-f387-4505-8c81-c7e250b9aeec@group-70DB9A92BEB8-FollowerState] INFO  impl.RoleInfo (RoleInfo.java:updateAndGet(130)) - 06710a81-f387-4505-8c81-c7e250b9aeec: start 06710a81-f387-4505-8c81-c7e250b9aeec@group-70DB9A92BEB8-LeaderElection20
2021-10-27 07:37:49,475 [8a94fc5b-68bf-440e-a2d4-79bd2954cd34@group-70DB9A92BEB8-FollowerState] INFO  impl.FollowerState (FollowerState.java:run(134)) - 8a94fc5b-68bf-440e-a2d4-79bd2954cd34@group-70DB9A92BEB8-FollowerState: change to CANDIDATE, lastRpcElapsedTime:5005164243ns, electionTimeout:5002ms
2021-10-27 07:37:49,475 [8a94fc5b-68bf-440e-a2d4-79bd2954cd34@group-70DB9A92BEB8-FollowerState] INFO  impl.RoleInfo (RoleInfo.java:shutdownFollowerState(108)) - 8a94fc5b-68bf-440e-a2d4-79bd2954cd34: shutdown 8a94fc5b-68bf-440e-a2d4-79bd2954cd34@group-70DB9A92BEB8-FollowerState
2021-10-27 07:37:49,475 [8a94fc5b-68bf-440e-a2d4-79bd2954cd34@group-70DB9A92BEB8-FollowerState] INFO  server.RaftServer$Division (RaftServerImpl.java:setRole(290)) - 8a94fc5b-68bf-440e-a2d4-79bd2954cd34@group-70DB9A92BEB8: changes role from  FOLLOWER to CANDIDATE at term 0 for changeToCandidate
2021-10-27 07:37:49,476 [8a94fc5b-68bf-440e-a2d4-79bd2954cd34@group-70DB9A92BEB8-FollowerState] INFO  server.RaftServerConfigKeys (ConfUtils.java:logGet(44)) - raft.server.leaderelection.pre-vote = false (custom)
2021-10-27 07:37:49,476 [8a94fc5b-68bf-440e-a2d4-79bd2954cd34@group-70DB9A92BEB8-FollowerState] INFO  impl.RoleInfo (RoleInfo.java:updateAndGet(130)) - 8a94fc5b-68bf-440e-a2d4-79bd2954cd34: start 8a94fc5b-68bf-440e-a2d4-79bd2954cd34@group-70DB9A92BEB8-LeaderElection21
2021-10-27 07:37:49,484 [06710a81-f387-4505-8c81-c7e250b9aeec@group-70DB9A92BEB8-LeaderElection20] INFO  impl.LeaderElection (LeaderElection.java:askForVotes(306)) - 06710a81-f387-4505-8c81-c7e250b9aeec@group-70DB9A92BEB8-LeaderElection20 ELECTION round 0: submit vote requests at term 1 for -1: [90abb50b-a825-4713-87e3-513268b12874|rpc:10.1.0.27:41119|priority:1, 06710a81-f387-4505-8c81-c7e250b9aeec|rpc:10.1.0.27:36323|priority:0, 8a94fc5b-68bf-440e-a2d4-79bd2954cd34|rpc:10.1.0.27:38139|priority:0], old=null
2021-10-27 07:37:49,484 [8a94fc5b-68bf-440e-a2d4-79bd2954cd34@group-70DB9A92BEB8-LeaderElection21] INFO  impl.LeaderElection (LeaderElection.java:askForVotes(306)) - 8a94fc5b-68bf-440e-a2d4-79bd2954cd34@group-70DB9A92BEB8-LeaderElection21 ELECTION round 0: submit vote requests at term 1 for -1: [90abb50b-a825-4713-87e3-513268b12874|rpc:10.1.0.27:41119|dataStream:|priority:1, 06710a81-f387-4505-8c81-c7e250b9aeec|rpc:10.1.0.27:36323|dataStream:|priority:0, 8a94fc5b-68bf-440e-a2d4-79bd2954cd34|rpc:10.1.0.27:38139|dataStream:|priority:0], old=null
2021-10-27 07:37:49,503 [ReplicationMonitor] INFO  container.ReplicationManager (ReplicationManager.java:processAll(371)) - Replication Monitor Thread took 0 milliseconds for processing 0 containers.
2021-10-27 07:37:49,509 [grpc-default-executor-0] INFO  server.RaftServer$Division (RaftServerImpl.java:requestVote(1046)) - 8a94fc5b-68bf-440e-a2d4-79bd2954cd34@group-70DB9A92BEB8: receive requestVote(ELECTION, 06710a81-f387-4505-8c81-c7e250b9aeec, group-70DB9A92BEB8, 1, (t:0, i:0))
2021-10-27 07:37:49,510 [grpc-default-executor-0] INFO  impl.VoteContext (VoteContext.java:log(48)) - 8a94fc5b-68bf-440e-a2d4-79bd2954cd34@group-70DB9A92BEB8-CANDIDATE: reject ELECTION from 06710a81-f387-4505-8c81-c7e250b9aeec: already has voted for 8a94fc5b-68bf-440e-a2d4-79bd2954cd34 at current term 1
2021-10-27 07:37:49,511 [grpc-default-executor-0] INFO  server.RaftServer$Division (RaftServerImpl.java:requestVote(1078)) - 8a94fc5b-68bf-440e-a2d4-79bd2954cd34@group-70DB9A92BEB8 replies to ELECTION vote request: 06710a81-f387-4505-8c81-c7e250b9aeec<-8a94fc5b-68bf-440e-a2d4-79bd2954cd34#0:FAIL-t1. Peer's state: 8a94fc5b-68bf-440e-a2d4-79bd2954cd34@group-70DB9A92BEB8:t1, leader=null, voted=8a94fc5b-68bf-440e-a2d4-79bd2954cd34, raftlog=8a94fc5b-68bf-440e-a2d4-79bd2954cd34@group-70DB9A92BEB8-SegmentedRaftLog:OPENED:c-1, conf=-1: [90abb50b-a825-4713-87e3-513268b12874|rpc:10.1.0.27:41119|dataStream:|priority:1, 06710a81-f387-4505-8c81-c7e250b9aeec|rpc:10.1.0.27:36323|dataStream:|priority:0, 8a94fc5b-68bf-440e-a2d4-79bd2954cd34|rpc:10.1.0.27:38139|dataStream:|priority:0], old=null
2021-10-27 07:37:49,525 [grpc-default-executor-0] INFO  server.RaftServer$Division (RaftServerImpl.java:requestVote(1046)) - 90abb50b-a825-4713-87e3-513268b12874@group-70DB9A92BEB8: receive requestVote(ELECTION, 06710a81-f387-4505-8c81-c7e250b9aeec, group-70DB9A92BEB8, 1, (t:0, i:0))
2021-10-27 07:37:49,526 [grpc-default-executor-0] INFO  impl.VoteContext (VoteContext.java:log(48)) - 90abb50b-a825-4713-87e3-513268b12874@group-70DB9A92BEB8-FOLLOWER: reject ELECTION from 06710a81-f387-4505-8c81-c7e250b9aeec: our priority 1 > candidate's priority 0
2021-10-27 07:37:49,526 [grpc-default-executor-0] INFO  server.RaftServer$Division (RaftServerImpl.java:setRole(290)) - 90abb50b-a825-4713-87e3-513268b12874@group-70DB9A92BEB8: changes role from  FOLLOWER to FOLLOWER at term 1 for candidate:06710a81-f387-4505-8c81-c7e250b9aeec
2021-10-27 07:37:49,526 [grpc-default-executor-0] INFO  impl.RoleInfo (RoleInfo.java:shutdownFollowerState(108)) - 90abb50b-a825-4713-87e3-513268b12874: shutdown 90abb50b-a825-4713-87e3-513268b12874@group-70DB9A92BEB8-FollowerState
2021-10-27 07:37:49,526 [grpc-default-executor-0] INFO  impl.RoleInfo (RoleInfo.java:updateAndGet(130)) - 90abb50b-a825-4713-87e3-513268b12874: start 90abb50b-a825-4713-87e3-513268b12874@group-70DB9A92BEB8-FollowerState
2021-10-27 07:37:49,526 [90abb50b-a825-4713-87e3-513268b12874@group-70DB9A92BEB8-FollowerState] INFO  impl.FollowerState (FollowerState.java:run(143)) - 90abb50b-a825-4713-87e3-513268b12874@group-70DB9A92BEB8-FollowerState was interrupted: {}
java.lang.InterruptedException: sleep interrupted
	at java.lang.Thread.sleep(Native Method)
	at java.lang.Thread.sleep(Thread.java:340)
	at java.util.concurrent.TimeUnit.sleep(TimeUnit.java:386)
	at org.apache.ratis.util.TimeDuration.sleep(TimeDuration.java:324)
	at org.apache.ratis.util.TimeDuration.sleep(TimeDuration.java:309)
	at org.apache.ratis.server.impl.FollowerState.run(FollowerState.java:118)
2021-10-27 07:37:49,528 [grpc-default-executor-0] INFO  server.RaftServer$Division (RaftServerImpl.java:requestVote(1078)) - 90abb50b-a825-4713-87e3-513268b12874@group-70DB9A92BEB8 replies to ELECTION vote request: 06710a81-f387-4505-8c81-c7e250b9aeec<-90abb50b-a825-4713-87e3-513268b12874#0:FAIL-t1. Peer's state: 90abb50b-a825-4713-87e3-513268b12874@group-70DB9A92BEB8:t1, leader=null, voted=null, raftlog=90abb50b-a825-4713-87e3-513268b12874@group-70DB9A92BEB8-SegmentedRaftLog:OPENED:c-1, conf=-1: [90abb50b-a825-4713-87e3-513268b12874|rpc:10.1.0.27:41119|dataStream:|priority:1, 06710a81-f387-4505-8c81-c7e250b9aeec|rpc:10.1.0.27:36323|dataStream:|priority:0, 8a94fc5b-68bf-440e-a2d4-79bd2954cd34|rpc:10.1.0.27:38139|dataStream:|priority:0], old=null
2021-10-27 07:37:49,532 [grpc-default-executor-3] INFO  server.RaftServer$Division (RaftServerImpl.java:requestVote(1046)) - 90abb50b-a825-4713-87e3-513268b12874@group-70DB9A92BEB8: receive requestVote(ELECTION, 8a94fc5b-68bf-440e-a2d4-79bd2954cd34, group-70DB9A92BEB8, 1, (t:0, i:0))
2021-10-27 07:37:49,534 [grpc-default-executor-3] INFO  impl.VoteContext (VoteContext.java:log(48)) - 90abb50b-a825-4713-87e3-513268b12874@group-70DB9A92BEB8-FOLLOWER: reject ELECTION from 8a94fc5b-68bf-440e-a2d4-79bd2954cd34: our priority 1 > candidate's priority 0
2021-10-27 07:37:49,534 [grpc-default-executor-3] INFO  server.RaftServer$Division (RaftServerImpl.java:setRole(290)) - 90abb50b-a825-4713-87e3-513268b12874@group-70DB9A92BEB8: changes role from  FOLLOWER to FOLLOWER at term 1 for candidate:8a94fc5b-68bf-440e-a2d4-79bd2954cd34
2021-10-27 07:37:49,534 [grpc-default-executor-3] INFO  impl.RoleInfo (RoleInfo.java:shutdownFollowerState(108)) - 90abb50b-a825-4713-87e3-513268b12874: shutdown 90abb50b-a825-4713-87e3-513268b12874@group-70DB9A92BEB8-FollowerState
2021-10-27 07:37:49,534 [grpc-default-executor-3] INFO  impl.RoleInfo (RoleInfo.java:updateAndGet(130)) - 90abb50b-a825-4713-87e3-513268b12874: start 90abb50b-a825-4713-87e3-513268b12874@group-70DB9A92BEB8-FollowerState
2021-10-27 07:37:49,536 [grpc-default-executor-3] INFO  server.RaftServer$Division (RaftServerImpl.java:requestVote(1078)) - 90abb50b-a825-4713-87e3-513268b12874@group-70DB9A92BEB8 replies to ELECTION vote request: 8a94fc5b-68bf-440e-a2d4-79bd2954cd34<-90abb50b-a825-4713-87e3-513268b12874#0:FAIL-t1. Peer's state: 90abb50b-a825-4713-87e3-513268b12874@group-70DB9A92BEB8:t1, leader=null, voted=null, raftlog=90abb50b-a825-4713-87e3-513268b12874@group-70DB9A92BEB8-SegmentedRaftLog:OPENED:c-1, conf=-1: [90abb50b-a825-4713-87e3-513268b12874|rpc:10.1.0.27:41119|dataStream:|priority:1, 06710a81-f387-4505-8c81-c7e250b9aeec|rpc:10.1.0.27:36323|dataStream:|priority:0, 8a94fc5b-68bf-440e-a2d4-79bd2954cd34|rpc:10.1.0.27:38139|dataStream:|priority:0], old=null
2021-10-27 07:37:49,538 [8a94fc5b-68bf-440e-a2d4-79bd2954cd34@group-70DB9A92BEB8-LeaderElection21] INFO  impl.LeaderElection (LeaderElection.java:logAndReturn(89)) - 8a94fc5b-68bf-440e-a2d4-79bd2954cd34@group-70DB9A92BEB8-LeaderElection21: ELECTION REJECTED received 1 response(s) and 0 exception(s):
2021-10-27 07:37:49,539 [8a94fc5b-68bf-440e-a2d4-79bd2954cd34@group-70DB9A92BEB8-LeaderElection21] INFO  impl.LeaderElection (LeaderElection.java:logAndReturn(93)) -   Response 0: 8a94fc5b-68bf-440e-a2d4-79bd2954cd34<-90abb50b-a825-4713-87e3-513268b12874#0:FAIL-t1
2021-10-27 07:37:49,539 [8a94fc5b-68bf-440e-a2d4-79bd2954cd34@group-70DB9A92BEB8-LeaderElection21] INFO  impl.LeaderElection (LeaderElection.java:askForVotes(308)) - 8a94fc5b-68bf-440e-a2d4-79bd2954cd34@group-70DB9A92BEB8-LeaderElection21 ELECTION round 0: result REJECTED
2021-10-27 07:37:49,539 [8a94fc5b-68bf-440e-a2d4-79bd2954cd34@group-70DB9A92BEB8-LeaderElection21] INFO  server.RaftServer$Division (RaftServerImpl.java:setRole(290)) - 8a94fc5b-68bf-440e-a2d4-79bd2954cd34@group-70DB9A92BEB8: changes role from CANDIDATE to FOLLOWER at term 1 for REJECTED
2021-10-27 07:37:49,539 [8a94fc5b-68bf-440e-a2d4-79bd2954cd34@group-70DB9A92BEB8-LeaderElection21] INFO  impl.RoleInfo (RoleInfo.java:shutdownLeaderElection(121)) - 8a94fc5b-68bf-440e-a2d4-79bd2954cd34: shutdown 8a94fc5b-68bf-440e-a2d4-79bd2954cd34@group-70DB9A92BEB8-LeaderElection21
2021-10-27 07:37:49,539 [8a94fc5b-68bf-440e-a2d4-79bd2954cd34@group-70DB9A92BEB8-LeaderElection21] INFO  impl.RoleInfo (RoleInfo.java:updateAndGet(130)) - 8a94fc5b-68bf-440e-a2d4-79bd2954cd34: start 8a94fc5b-68bf-440e-a2d4-79bd2954cd34@group-70DB9A92BEB8-FollowerState
2021-10-27 07:37:49,541 [06710a81-f387-4505-8c81-c7e250b9aeec@group-70DB9A92BEB8-LeaderElection20] INFO  impl.LeaderElection (LeaderElection.java:logAndReturn(89)) - 06710a81-f387-4505-8c81-c7e250b9aeec@group-70DB9A92BEB8-LeaderElection20: ELECTION REJECTED received 2 response(s) and 0 exception(s):
2021-10-27 07:37:49,541 [grpc-default-executor-2] INFO  server.RaftServer$Division (RaftServerImpl.java:requestVote(1046)) - 06710a81-f387-4505-8c81-c7e250b9aeec@group-70DB9A92BEB8: receive requestVote(ELECTION, 8a94fc5b-68bf-440e-a2d4-79bd2954cd34, group-70DB9A92BEB8, 1, (t:0, i:0))
2021-10-27 07:37:49,541 [06710a81-f387-4505-8c81-c7e250b9aeec@group-70DB9A92BEB8-LeaderElection20] INFO  impl.LeaderElection (LeaderElection.java:logAndReturn(93)) -   Response 0: 06710a81-f387-4505-8c81-c7e250b9aeec<-90abb50b-a825-4713-87e3-513268b12874#0:FAIL-t1
2021-10-27 07:37:49,548 [06710a81-f387-4505-8c81-c7e250b9aeec@group-70DB9A92BEB8-LeaderElection20] INFO  impl.LeaderElection (LeaderElection.java:logAndReturn(93)) -   Response 1: 06710a81-f387-4505-8c81-c7e250b9aeec<-8a94fc5b-68bf-440e-a2d4-79bd2954cd34#0:FAIL-t1
2021-10-27 07:37:49,548 [06710a81-f387-4505-8c81-c7e250b9aeec@group-70DB9A92BEB8-LeaderElection20] INFO  impl.LeaderElection (LeaderElection.java:askForVotes(308)) - 06710a81-f387-4505-8c81-c7e250b9aeec@group-70DB9A92BEB8-LeaderElection20 ELECTION round 0: result REJECTED
2021-10-27 07:37:49,548 [06710a81-f387-4505-8c81-c7e250b9aeec@group-70DB9A92BEB8-LeaderElection20] INFO  server.RaftServer$Division (RaftServerImpl.java:setRole(290)) - 06710a81-f387-4505-8c81-c7e250b9aeec@group-70DB9A92BEB8: changes role from CANDIDATE to FOLLOWER at term 1 for REJECTED
2021-10-27 07:37:49,548 [06710a81-f387-4505-8c81-c7e250b9aeec@group-70DB9A92BEB8-LeaderElection20] INFO  impl.RoleInfo (RoleInfo.java:shutdownLeaderElection(121)) - 06710a81-f387-4505-8c81-c7e250b9aeec: shutdown 06710a81-f387-4505-8c81-c7e250b9aeec@group-70DB9A92BEB8-LeaderElection20
2021-10-27 07:37:49,548 [06710a81-f387-4505-8c81-c7e250b9aeec@group-70DB9A92BEB8-LeaderElection20] INFO  impl.RoleInfo (RoleInfo.java:updateAndGet(130)) - 06710a81-f387-4505-8c81-c7e250b9aeec: start 06710a81-f387-4505-8c81-c7e250b9aeec@group-70DB9A92BEB8-FollowerState
2021-10-27 07:37:49,549 [grpc-default-executor-2] INFO  impl.VoteContext (VoteContext.java:log(48)) - 06710a81-f387-4505-8c81-c7e250b9aeec@group-70DB9A92BEB8-FOLLOWER: reject ELECTION from 8a94fc5b-68bf-440e-a2d4-79bd2954cd34: already has voted for 06710a81-f387-4505-8c81-c7e250b9aeec at current term 1
2021-10-27 07:37:49,549 [grpc-default-executor-2] INFO  server.RaftServer$Division (RaftServerImpl.java:requestVote(1078)) - 06710a81-f387-4505-8c81-c7e250b9aeec@group-70DB9A92BEB8 replies to ELECTION vote request: 8a94fc5b-68bf-440e-a2d4-79bd2954cd34<-06710a81-f387-4505-8c81-c7e250b9aeec#0:FAIL-t1. Peer's state: 06710a81-f387-4505-8c81-c7e250b9aeec@group-70DB9A92BEB8:t1, leader=null, voted=06710a81-f387-4505-8c81-c7e250b9aeec, raftlog=06710a81-f387-4505-8c81-c7e250b9aeec@group-70DB9A92BEB8-SegmentedRaftLog:OPENED:c-1, conf=-1: [90abb50b-a825-4713-87e3-513268b12874|rpc:10.1.0.27:41119|priority:1, 06710a81-f387-4505-8c81-c7e250b9aeec|rpc:10.1.0.27:36323|priority:0, 8a94fc5b-68bf-440e-a2d4-79bd2954cd34|rpc:10.1.0.27:38139|priority:0], old=null
2021-10-27 07:37:49,964 [EventQueue-OpenPipelineForHealthyPipelineSafeModeRule] INFO  safemode.SCMSafeModeManager (HealthyPipelineSafeModeRule.java:process(124)) - SCM in safe mode. Healthy pipelines reported count is 0, required healthy pipeline reported count is 1
2021-10-27 07:37:50,011 [EventQueue-OpenPipelineForHealthyPipelineSafeModeRule] INFO  safemode.SCMSafeModeManager (HealthyPipelineSafeModeRule.java:process(124)) - SCM in safe mode. Healthy pipelines reported count is 0, required healthy pipeline reported count is 1
2021-10-27 07:37:50,012 [EventQueue-StaleNodeForStaleNodeHandler] INFO  node.StaleNodeHandler (StaleNodeHandler.java:onMessage(58)) - Datanode 8a5d7503-46af-43fb-b7e0-e0dcb22c5f77{ip: 10.1.0.27, host: fv-az270-913.tacnzluakwdehk1hpragurqkma.bx.internal.cloudapp.net, ports: [REPLICATION=39633, RATIS=45441, RATIS_ADMIN=45441, RATIS_SERVER=45441, STANDALONE=45417], networkLocation: /default-rack, certSerialId: null, persistedOpState: DECOMMISSIONING, persistedOpStateExpiryEpochSec: 0} moved to stale state. Finalizing its pipelines []
2021-10-27 07:37:50,043 [8a94fc5b-68bf-440e-a2d4-79bd2954cd34@group-CCCA4E64EB18-FollowerState] INFO  impl.FollowerState (FollowerState.java:run(134)) - 8a94fc5b-68bf-440e-a2d4-79bd2954cd34@group-CCCA4E64EB18-FollowerState: change to CANDIDATE, lastRpcElapsedTime:5065514566ns, electionTimeout:5062ms
2021-10-27 07:37:50,044 [8a94fc5b-68bf-440e-a2d4-79bd2954cd34@group-CCCA4E64EB18-FollowerState] INFO  impl.RoleInfo (RoleInfo.java:shutdownFollowerState(108)) - 8a94fc5b-68bf-440e-a2d4-79bd2954cd34: shutdown 8a94fc5b-68bf-440e-a2d4-79bd2954cd34@group-CCCA4E64EB18-FollowerState
2021-10-27 07:37:50,044 [8a94fc5b-68bf-440e-a2d4-79bd2954cd34@group-CCCA4E64EB18-FollowerState] INFO  server.RaftServer$Division (RaftServerImpl.java:setRole(290)) - 8a94fc5b-68bf-440e-a2d4-79bd2954cd34@group-CCCA4E64EB18: changes role from  FOLLOWER to CANDIDATE at term 0 for changeToCandidate
2021-10-27 07:37:50,044 [8a94fc5b-68bf-440e-a2d4-79bd2954cd34@group-CCCA4E64EB18-FollowerState] INFO  server.RaftServerConfigKeys (ConfUtils.java:logGet(44)) - raft.server.leaderelection.pre-vote = false (custom)
2021-10-27 07:37:50,044 [8a94fc5b-68bf-440e-a2d4-79bd2954cd34@group-CCCA4E64EB18-FollowerState] INFO  impl.RoleInfo (RoleInfo.java:updateAndGet(130)) - 8a94fc5b-68bf-440e-a2d4-79bd2954cd34: start 8a94fc5b-68bf-440e-a2d4-79bd2954cd34@group-CCCA4E64EB18-LeaderElection22
2021-10-27 07:37:50,052 [8a94fc5b-68bf-440e-a2d4-79bd2954cd34@group-CCCA4E64EB18-LeaderElection22] INFO  impl.LeaderElection (LeaderElection.java:askForVotes(306)) - 8a94fc5b-68bf-440e-a2d4-79bd2954cd34@group-CCCA4E64EB18-LeaderElection22 ELECTION round 0: submit vote requests at term 1 for -1: [8a94fc5b-68bf-440e-a2d4-79bd2954cd34|rpc:10.1.0.27:38139|priority:1], old=null
2021-10-27 07:37:50,052 [8a94fc5b-68bf-440e-a2d4-79bd2954cd34@group-CCCA4E64EB18-LeaderElection22] INFO  impl.LeaderElection (LeaderElection.java:askForVotes(308)) - 8a94fc5b-68bf-440e-a2d4-79bd2954cd34@group-CCCA4E64EB18-LeaderElection22 ELECTION round 0: result PASSED (term=1)
2021-10-27 07:37:50,053 [8a94fc5b-68bf-440e-a2d4-79bd2954cd34@group-CCCA4E64EB18-LeaderElection22] INFO  impl.RoleInfo (RoleInfo.java:shutdownLeaderElection(121)) - 8a94fc5b-68bf-440e-a2d4-79bd2954cd34: shutdown 8a94fc5b-68bf-440e-a2d4-79bd2954cd34@group-CCCA4E64EB18-LeaderElection22
2021-10-27 07:37:50,053 [8a94fc5b-68bf-440e-a2d4-79bd2954cd34@group-CCCA4E64EB18-LeaderElection22] INFO  server.RaftServer$Division (RaftServerImpl.java:setRole(290)) - 8a94fc5b-68bf-440e-a2d4-79bd2954cd34@group-CCCA4E64EB18: changes role from CANDIDATE to LEADER at term 1 for changeToLeader
2021-10-27 07:37:50,053 [8a94fc5b-68bf-440e-a2d4-79bd2954cd34@group-CCCA4E64EB18-LeaderElection22] INFO  ratis.XceiverServerRatis (XceiverServerRatis.java:handleLeaderChangedNotification(866)) - Leader change notification received for group: group-CCCA4E64EB18 with new leaderId: 8a94fc5b-68bf-440e-a2d4-79bd2954cd34
2021-10-27 07:37:50,053 [8a94fc5b-68bf-440e-a2d4-79bd2954cd34@group-CCCA4E64EB18-LeaderElection22] INFO  server.RaftServer$Division (ServerState.java:setLeader(285)) - 8a94fc5b-68bf-440e-a2d4-79bd2954cd34@group-CCCA4E64EB18: change Leader from null to 8a94fc5b-68bf-440e-a2d4-79bd2954cd34 at term 1 for becomeLeader, leader elected after 5090ms
2021-10-27 07:37:50,053 [8a94fc5b-68bf-440e-a2d4-79bd2954cd34@group-CCCA4E64EB18-LeaderElection22] INFO  server.RaftServerConfigKeys (ConfUtils.java:logGet(44)) - raft.server.staging.catchup.gap = 1000 (default)
2021-10-27 07:37:50,054 [8a94fc5b-68bf-440e-a2d4-79bd2954cd34@group-CCCA4E64EB18-LeaderElection22] INFO  server.RaftServerConfigKeys (ConfUtils.java:logGet(44)) - raft.server.write.element-limit = 1024 (custom)
2021-10-27 07:37:50,054 [8a94fc5b-68bf-440e-a2d4-79bd2954cd34@group-CCCA4E64EB18-LeaderElection22] INFO  server.RaftServerConfigKeys (ConfUtils.java:logGet(44)) - raft.server.write.byte-limit = 1024 M (=1073741824) (custom)
2021-10-27 07:37:50,054 [8a94fc5b-68bf-440e-a2d4-79bd2954cd34@group-CCCA4E64EB18-LeaderElection22] INFO  server.RaftServerConfigKeys (ConfUtils.java:logGet(44)) - raft.server.watch.timeout = 180s (custom)
2021-10-27 07:37:50,054 [8a94fc5b-68bf-440e-a2d4-79bd2954cd34@group-CCCA4E64EB18-LeaderElection22] INFO  server.RaftServerConfigKeys (ConfUtils.java:logGet(44)) - raft.server.watch.timeout.denomination = 1s (default)
2021-10-27 07:37:50,054 [8a94fc5b-68bf-440e-a2d4-79bd2954cd34@group-CCCA4E64EB18-LeaderElection22] INFO  server.RaftServerConfigKeys (ConfUtils.java:logGet(44)) - raft.server.watch.element-limit = 65536 (default)
2021-10-27 07:37:50,054 [EventQueue-OpenPipelineForHealthyPipelineSafeModeRule] INFO  safemode.SCMSafeModeManager (HealthyPipelineSafeModeRule.java:process(124)) - SCM in safe mode. Healthy pipelines reported count is 0, required healthy pipeline reported count is 1
2021-10-27 07:37:50,055 [8a94fc5b-68bf-440e-a2d4-79bd2954cd34@group-CCCA4E64EB18-LeaderElection22] INFO  server.RaftServerConfigKeys (ConfUtils.java:logGet(44)) - raft.server.write.element-limit = 1024 (custom)
2021-10-27 07:37:50,055 [8a94fc5b-68bf-440e-a2d4-79bd2954cd34@group-CCCA4E64EB18-LeaderElection22] INFO  server.RaftServerConfigKeys (ConfUtils.java:logGet(44)) - raft.server.write.follower.gap.ratio.max = -1.0 (default)
2021-10-27 07:37:50,055 [8a94fc5b-68bf-440e-a2d4-79bd2954cd34@group-CCCA4E64EB18-LeaderElection22] INFO  impl.RoleInfo (RoleInfo.java:updateAndGet(130)) - 8a94fc5b-68bf-440e-a2d4-79bd2954cd34: start 8a94fc5b-68bf-440e-a2d4-79bd2954cd34@group-CCCA4E64EB18-LeaderStateImpl
2021-10-27 07:37:50,055 [8a94fc5b-68bf-440e-a2d4-79bd2954cd34@group-CCCA4E64EB18-LeaderElection22] INFO  segmented.SegmentedRaftLogWorker (SegmentedRaftLogWorker.java:startLogSegment(394)) - 8a94fc5b-68bf-440e-a2d4-79bd2954cd34@group-CCCA4E64EB18-SegmentedRaftLogWorker: Starting segment from index:0
2021-10-27 07:37:50,058 [8a94fc5b-68bf-440e-a2d4-79bd2954cd34@group-CCCA4E64EB18-SegmentedRaftLogWorker] INFO  segmented.SegmentedRaftLogWorker (SegmentedRaftLogWorker.java:execute(601)) - 8a94fc5b-68bf-440e-a2d4-79bd2954cd34@group-CCCA4E64EB18-SegmentedRaftLogWorker: created new log segment /home/runner/work/ozone/ozone/hadoop-ozone/integration-test/target/test-dir/MiniOzoneClusterImpl-166db4ac-5aa3-4efc-b377-a8ff7cd8c20d/datanode-4/data/ratis/e29b9d14-5830-47ad-8e75-ccca4e64eb18/current/log_inprogress_0
2021-10-27 07:37:50,058 [8a94fc5b-68bf-440e-a2d4-79bd2954cd34@group-CCCA4E64EB18-LeaderElection22] INFO  server.RaftServer$Division (ServerState.java:setRaftConf(387)) - 8a94fc5b-68bf-440e-a2d4-79bd2954cd34@group-CCCA4E64EB18: set configuration 0: [8a94fc5b-68bf-440e-a2d4-79bd2954cd34|rpc:10.1.0.27:38139|dataStream:|priority:1], old=null
2021-10-27 07:37:50,194 [ReplicationMonitor] INFO  container.ReplicationManager (ReplicationManager.java:processAll(371)) - Replication Monitor Thread took 0 milliseconds for processing 6 containers.
2021-10-27 07:37:50,374 [Listener at 127.0.0.1/33029] INFO  ozone.MiniOzoneClusterImpl (MiniOzoneClusterImpl.java:lambda$waitForClusterToBeReady$0(235)) - Nodes are ready. Got 6 of 6 DN Heartbeats.
2021-10-27 07:37:50,374 [Listener at 127.0.0.1/33029] INFO  ozone.MiniOzoneClusterImpl (MiniOzoneClusterImpl.java:lambda$waitForClusterToBeReady$0(238)) - Waiting for cluster to exit safe mode
2021-10-27 07:37:50,374 [Listener at 127.0.0.1/33029] INFO  ozone.MiniOzoneClusterImpl (MiniOzoneClusterImpl.java:lambda$waitForClusterToBeReady$0(240)) - SCM became leader
2021-10-27 07:37:50,503 [ReplicationMonitor] INFO  container.ReplicationManager (ReplicationManager.java:processAll(371)) - Replication Monitor Thread took 1 milliseconds for processing 0 containers.
2021-10-27 07:37:50,530 [90abb50b-a825-4713-87e3-513268b12874@group-086DC071314C-FollowerState] INFO  impl.FollowerState (FollowerState.java:run(134)) - 90abb50b-a825-4713-87e3-513268b12874@group-086DC071314C-FollowerState: change to CANDIDATE, lastRpcElapsedTime:5117451114ns, electionTimeout:5116ms
2021-10-27 07:37:50,530 [90abb50b-a825-4713-87e3-513268b12874@group-086DC071314C-FollowerState] INFO  impl.RoleInfo (RoleInfo.java:shutdownFollowerState(108)) - 90abb50b-a825-4713-87e3-513268b12874: shutdown 90abb50b-a825-4713-87e3-513268b12874@group-086DC071314C-FollowerState
2021-10-27 07:37:50,530 [90abb50b-a825-4713-87e3-513268b12874@group-086DC071314C-FollowerState] INFO  server.RaftServer$Division (RaftServerImpl.java:setRole(290)) - 90abb50b-a825-4713-87e3-513268b12874@group-086DC071314C: changes role from  FOLLOWER to CANDIDATE at term 0 for changeToCandidate
2021-10-27 07:37:50,530 [90abb50b-a825-4713-87e3-513268b12874@group-086DC071314C-FollowerState] INFO  server.RaftServerConfigKeys (ConfUtils.java:logGet(44)) - raft.server.leaderelection.pre-vote = false (custom)
2021-10-27 07:37:50,531 [90abb50b-a825-4713-87e3-513268b12874@group-086DC071314C-FollowerState] INFO  impl.RoleInfo (RoleInfo.java:updateAndGet(130)) - 90abb50b-a825-4713-87e3-513268b12874: start 90abb50b-a825-4713-87e3-513268b12874@group-086DC071314C-LeaderElection23
2021-10-27 07:37:50,537 [90abb50b-a825-4713-87e3-513268b12874@group-086DC071314C-LeaderElection23] INFO  impl.LeaderElection (LeaderElection.java:askForVotes(306)) - 90abb50b-a825-4713-87e3-513268b12874@group-086DC071314C-LeaderElection23 ELECTION round 0: submit vote requests at term 1 for -1: [90abb50b-a825-4713-87e3-513268b12874|rpc:10.1.0.27:41119|priority:1], old=null
2021-10-27 07:37:50,537 [90abb50b-a825-4713-87e3-513268b12874@group-086DC071314C-LeaderElection23] INFO  impl.LeaderElection (LeaderElection.java:askForVotes(308)) - 90abb50b-a825-4713-87e3-513268b12874@group-086DC071314C-LeaderElection23 ELECTION round 0: result PASSED (term=1)
2021-10-27 07:37:50,537 [90abb50b-a825-4713-87e3-513268b12874@group-086DC071314C-LeaderElection23] INFO  impl.RoleInfo (RoleInfo.java:shutdownLeaderElection(121)) - 90abb50b-a825-4713-87e3-513268b12874: shutdown 90abb50b-a825-4713-87e3-513268b12874@group-086DC071314C-LeaderElection23
2021-10-27 07:37:50,537 [90abb50b-a825-4713-87e3-513268b12874@group-086DC071314C-LeaderElection23] INFO  server.RaftServer$Division (RaftServerImpl.java:setRole(290)) - 90abb50b-a825-4713-87e3-513268b12874@group-086DC071314C: changes role from CANDIDATE to LEADER at term 1 for changeToLeader
2021-10-27 07:37:50,537 [90abb50b-a825-4713-87e3-513268b12874@group-086DC071314C-LeaderElection23] INFO  ratis.XceiverServerRatis (XceiverServerRatis.java:handleLeaderChangedNotification(866)) - Leader change notification received for group: group-086DC071314C with new leaderId: 90abb50b-a825-4713-87e3-513268b12874
2021-10-27 07:37:50,538 [90abb50b-a825-4713-87e3-513268b12874@group-086DC071314C-LeaderElection23] INFO  server.RaftServer$Division (ServerState.java:setLeader(285)) - 90abb50b-a825-4713-87e3-513268b12874@group-086DC071314C: change Leader from null to 90abb50b-a825-4713-87e3-513268b12874 at term 1 for becomeLeader, leader elected after 5137ms
2021-10-27 07:37:50,538 [90abb50b-a825-4713-87e3-513268b12874@group-086DC071314C-LeaderElection23] INFO  server.RaftServerConfigKeys (ConfUtils.java:logGet(44)) - raft.server.staging.catchup.gap = 1000 (default)
2021-10-27 07:37:50,539 [90abb50b-a825-4713-87e3-513268b12874@group-086DC071314C-LeaderElection23] INFO  server.RaftServerConfigKeys (ConfUtils.java:logGet(44)) - raft.server.write.element-limit = 1024 (custom)
2021-10-27 07:37:50,539 [90abb50b-a825-4713-87e3-513268b12874@group-086DC071314C-LeaderElection23] INFO  server.RaftServerConfigKeys (ConfUtils.java:logGet(44)) - raft.server.write.byte-limit = 1024 M (=1073741824) (custom)
2021-10-27 07:37:50,539 [EventQueue-OpenPipelineForHealthyPipelineSafeModeRule] INFO  safemode.SCMSafeModeManager (HealthyPipelineSafeModeRule.java:process(124)) - SCM in safe mode. Healthy pipelines reported count is 0, required healthy pipeline reported count is 1
2021-10-27 07:37:50,544 [90abb50b-a825-4713-87e3-513268b12874@group-086DC071314C-LeaderElection23] INFO  server.RaftServerConfigKeys (ConfUtils.java:logGet(44)) - raft.server.watch.timeout = 180s (custom)
2021-10-27 07:37:50,544 [90abb50b-a825-4713-87e3-513268b12874@group-086DC071314C-LeaderElection23] INFO  server.RaftServerConfigKeys (ConfUtils.java:logGet(44)) - raft.server.watch.timeout.denomination = 1s (default)
2021-10-27 07:37:50,544 [90abb50b-a825-4713-87e3-513268b12874@group-086DC071314C-LeaderElection23] INFO  server.RaftServerConfigKeys (ConfUtils.java:logGet(44)) - raft.server.watch.element-limit = 65536 (default)
2021-10-27 07:37:50,544 [90abb50b-a825-4713-87e3-513268b12874@group-086DC071314C-LeaderElection23] INFO  server.RaftServerConfigKeys (ConfUtils.java:logGet(44)) - raft.server.write.element-limit = 1024 (custom)
2021-10-27 07:37:50,545 [90abb50b-a825-4713-87e3-513268b12874@group-086DC071314C-LeaderElection23] INFO  server.RaftServerConfigKeys (ConfUtils.java:logGet(44)) - raft.server.write.follower.gap.ratio.max = -1.0 (default)
2021-10-27 07:37:50,545 [90abb50b-a825-4713-87e3-513268b12874@group-086DC071314C-LeaderElection23] INFO  impl.RoleInfo (RoleInfo.java:updateAndGet(130)) - 90abb50b-a825-4713-87e3-513268b12874: start 90abb50b-a825-4713-87e3-513268b12874@group-086DC071314C-LeaderStateImpl
2021-10-27 07:37:50,545 [90abb50b-a825-4713-87e3-513268b12874@group-086DC071314C-LeaderElection23] INFO  segmented.SegmentedRaftLogWorker (SegmentedRaftLogWorker.java:startLogSegment(394)) - 90abb50b-a825-4713-87e3-513268b12874@group-086DC071314C-SegmentedRaftLogWorker: Starting segment from index:0
2021-10-27 07:37:50,547 [90abb50b-a825-4713-87e3-513268b12874@group-086DC071314C-SegmentedRaftLogWorker] INFO  segmented.SegmentedRaftLogWorker (SegmentedRaftLogWorker.java:execute(601)) - 90abb50b-a825-4713-87e3-513268b12874@group-086DC071314C-SegmentedRaftLogWorker: created new log segment /home/runner/work/ozone/ozone/hadoop-ozone/integration-test/target/test-dir/MiniOzoneClusterImpl-166db4ac-5aa3-4efc-b377-a8ff7cd8c20d/datanode-5/data/ratis/e7818280-76ef-4e78-b81e-086dc071314c/current/log_inprogress_0
2021-10-27 07:37:50,553 [EventQueue-OpenPipelineForHealthyPipelineSafeModeRule] INFO  safemode.SCMSafeModeManager (HealthyPipelineSafeModeRule.java:process(124)) - SCM in safe mode. Healthy pipelines reported count is 0, required healthy pipeline reported count is 1
2021-10-27 07:37:50,561 [90abb50b-a825-4713-87e3-513268b12874@group-086DC071314C-LeaderElection23] INFO  server.RaftServer$Division (ServerState.java:setRaftConf(387)) - 90abb50b-a825-4713-87e3-513268b12874@group-086DC071314C: set configuration 0: [90abb50b-a825-4713-87e3-513268b12874|rpc:10.1.0.27:41119|dataStream:|priority:1], old=null
2021-10-27 07:37:51,023 [EventQueue-OpenPipelineForHealthyPipelineSafeModeRule] INFO  safemode.SCMSafeModeManager (HealthyPipelineSafeModeRule.java:process(124)) - SCM in safe mode. Healthy pipelines reported count is 0, required healthy pipeline reported count is 1
2021-10-27 07:37:51,037 [EventQueue-OpenPipelineForHealthyPipelineSafeModeRule] INFO  safemode.SCMSafeModeManager (HealthyPipelineSafeModeRule.java:process(124)) - SCM in safe mode. Healthy pipelines reported count is 0, required healthy pipeline reported count is 1
2021-10-27 07:37:51,195 [ReplicationMonitor] INFO  container.ReplicationManager (ReplicationManager.java:processAll(371)) - Replication Monitor Thread took 0 milliseconds for processing 6 containers.
2021-10-27 07:37:51,374 [Listener at 127.0.0.1/33029] INFO  ozone.MiniOzoneClusterImpl (MiniOzoneClusterImpl.java:lambda$waitForClusterToBeReady$0(235)) - Nodes are ready. Got 6 of 6 DN Heartbeats.
2021-10-27 07:37:51,375 [Listener at 127.0.0.1/33029] INFO  ozone.MiniOzoneClusterImpl (MiniOzoneClusterImpl.java:lambda$waitForClusterToBeReady$0(238)) - Waiting for cluster to exit safe mode
2021-10-27 07:37:51,375 [Listener at 127.0.0.1/33029] INFO  ozone.MiniOzoneClusterImpl (MiniOzoneClusterImpl.java:lambda$waitForClusterToBeReady$0(240)) - SCM became leader
2021-10-27 07:37:51,451 [EventQueue-OpenPipelineForHealthyPipelineSafeModeRule] INFO  safemode.SCMSafeModeManager (HealthyPipelineSafeModeRule.java:process(124)) - SCM in safe mode. Healthy pipelines reported count is 0, required healthy pipeline reported count is 1
2021-10-27 07:37:51,504 [ReplicationMonitor] INFO  container.ReplicationManager (ReplicationManager.java:processAll(371)) - Replication Monitor Thread took 0 milliseconds for processing 0 containers.
2021-10-27 07:37:51,540 [EventQueue-OpenPipelineForHealthyPipelineSafeModeRule] INFO  safemode.SCMSafeModeManager (HealthyPipelineSafeModeRule.java:process(124)) - SCM in safe mode. Healthy pipelines reported count is 0, required healthy pipeline reported count is 1
2021-10-27 07:37:51,550 [EventQueue-OpenPipelineForHealthyPipelineSafeModeRule] INFO  safemode.SCMSafeModeManager (HealthyPipelineSafeModeRule.java:process(124)) - SCM in safe mode. Healthy pipelines reported count is 0, required healthy pipeline reported count is 1
2021-10-27 07:37:52,037 [EventQueue-OpenPipelineForHealthyPipelineSafeModeRule] INFO  safemode.SCMSafeModeManager (HealthyPipelineSafeModeRule.java:process(124)) - SCM in safe mode. Healthy pipelines reported count is 0, required healthy pipeline reported count is 1
2021-10-27 07:37:52,055 [EventQueue-OpenPipelineForHealthyPipelineSafeModeRule] INFO  safemode.SCMSafeModeManager (HealthyPipelineSafeModeRule.java:process(124)) - SCM in safe mode. Healthy pipelines reported count is 0, required healthy pipeline reported count is 1
2021-10-27 07:37:52,196 [ReplicationMonitor] INFO  container.ReplicationManager (ReplicationManager.java:processAll(371)) - Replication Monitor Thread took 0 milliseconds for processing 6 containers.
2021-10-27 07:37:52,225 [main] INFO  ozoneimpl.OzoneContainer (OzoneContainer.java:stop(325)) - Attempting to stop container services.
2021-10-27 07:37:52,228 [main] INFO  server.RaftServer (RaftServerProxy.java:lambda$close$6(391)) - 8a5d7503-46af-43fb-b7e0-e0dcb22c5f77: close
2021-10-27 07:37:52,229 [main] INFO  server.GrpcService (GrpcService.java:closeImpl(262)) - 8a5d7503-46af-43fb-b7e0-e0dcb22c5f77: shutdown server with port 45441 now
2021-10-27 07:37:52,253 [main] INFO  server.GrpcService (GrpcService.java:closeImpl(271)) - 8a5d7503-46af-43fb-b7e0-e0dcb22c5f77: shutdown server with port 45441 successfully
2021-10-27 07:37:52,253 [org.apache.ratis.util.JvmPauseMonitor$$Lambda$534/681568834@27f5a88c] INFO  util.JvmPauseMonitor (JvmPauseMonitor.java:run(109)) - JvmPauseMonitor-8a5d7503-46af-43fb-b7e0-e0dcb22c5f77: Stopped
2021-10-27 07:37:52,267 [main] INFO  utils.BackgroundService (BackgroundService.java:shutdown(132)) - Shutting down service BlockDeletingService
2021-10-27 07:37:52,375 [Listener at 127.0.0.1/33029] INFO  ozone.MiniOzoneClusterImpl (MiniOzoneClusterImpl.java:lambda$waitForClusterToBeReady$0(235)) - Nodes are ready. Got 6 of 6 DN Heartbeats.
2021-10-27 07:37:52,375 [Listener at 127.0.0.1/33029] INFO  ozone.MiniOzoneClusterImpl (MiniOzoneClusterImpl.java:lambda$waitForClusterToBeReady$0(238)) - Waiting for cluster to exit safe mode
2021-10-27 07:37:52,375 [Listener at 127.0.0.1/33029] INFO  ozone.MiniOzoneClusterImpl (MiniOzoneClusterImpl.java:lambda$waitForClusterToBeReady$0(240)) - SCM became leader
2021-10-27 07:37:52,451 [EventQueue-OpenPipelineForHealthyPipelineSafeModeRule] INFO  safemode.SCMSafeModeManager (HealthyPipelineSafeModeRule.java:process(124)) - SCM in safe mode. Healthy pipelines reported count is 0, required healthy pipeline reported count is 1
2021-10-27 07:37:52,504 [ReplicationMonitor] INFO  container.ReplicationManager (ReplicationManager.java:processAll(371)) - Replication Monitor Thread took 1 milliseconds for processing 0 containers.
2021-10-27 07:37:52,544 [EventQueue-OpenPipelineForHealthyPipelineSafeModeRule] INFO  safemode.SCMSafeModeManager (HealthyPipelineSafeModeRule.java:process(124)) - SCM in safe mode. Healthy pipelines reported count is 0, required healthy pipeline reported count is 1
2021-10-27 07:37:53,366 [org.apache.ratis.util.JvmPauseMonitor$$Lambda$534/681568834@3f02a85f] WARN  util.JvmPauseMonitor (JvmPauseMonitor.java:detectPause(124)) - JvmPauseMonitor-08697b45-8c04-4a3a-859b-c816be28ca7a: Detected pause in JVM or host machine (eg GC): pause of approximately 105979642ns.
GC pool 'PS MarkSweep' had collection(s): count=1 time=313ms
GC pool 'PS Scavenge' had collection(s): count=1 time=111ms
2021-10-27 07:37:53,366 [org.apache.ratis.util.JvmPauseMonitor$$Lambda$534/681568834@86bee25] WARN  util.JvmPauseMonitor (JvmPauseMonitor.java:detectPause(124)) - JvmPauseMonitor-782939c9-076d-4829-92e4-0049f0e10c2b: Detected pause in JVM or host machine (eg GC): pause of approximately 147905513ns.
GC pool 'PS MarkSweep' had collection(s): count=1 time=313ms
GC pool 'PS Scavenge' had collection(s): count=1 time=111ms
2021-10-27 07:37:53,367 [592255e9-c910-4f69-a1df-e23dedd9b9e0@group-3405D20EB931-FollowerState] INFO  impl.FollowerState (FollowerState.java:run(134)) - 592255e9-c910-4f69-a1df-e23dedd9b9e0@group-3405D20EB931-FollowerState: change to CANDIDATE, lastRpcElapsedTime:5304367591ns, electionTimeout:5148ms
2021-10-27 07:37:53,367 [592255e9-c910-4f69-a1df-e23dedd9b9e0@group-3405D20EB931-FollowerState] INFO  impl.RoleInfo (RoleInfo.java:shutdownFollowerState(108)) - 592255e9-c910-4f69-a1df-e23dedd9b9e0: shutdown 592255e9-c910-4f69-a1df-e23dedd9b9e0@group-3405D20EB931-FollowerState
2021-10-27 07:37:53,367 [592255e9-c910-4f69-a1df-e23dedd9b9e0@group-3405D20EB931-FollowerState] INFO  server.RaftServer$Division (RaftServerImpl.java:setRole(290)) - 592255e9-c910-4f69-a1df-e23dedd9b9e0@group-3405D20EB931: changes role from  FOLLOWER to CANDIDATE at term 1 for changeToCandidate
2021-10-27 07:37:53,367 [592255e9-c910-4f69-a1df-e23dedd9b9e0@group-3405D20EB931-FollowerState] INFO  server.RaftServerConfigKeys (ConfUtils.java:logGet(44)) - raft.server.leaderelection.pre-vote = false (custom)
2021-10-27 07:37:53,367 [592255e9-c910-4f69-a1df-e23dedd9b9e0@group-3405D20EB931-FollowerState] INFO  impl.RoleInfo (RoleInfo.java:updateAndGet(130)) - 592255e9-c910-4f69-a1df-e23dedd9b9e0: start 592255e9-c910-4f69-a1df-e23dedd9b9e0@group-3405D20EB931-LeaderElection24
2021-10-27 07:37:53,368 [ReplicationMonitor] INFO  container.ReplicationManager (ReplicationManager.java:processAll(371)) - Replication Monitor Thread took 1 milliseconds for processing 6 containers.
2021-10-27 07:37:53,372 [bc7ccc77-9673-4f45-9632-8b6af895e31c@group-3405D20EB931-FollowerState] INFO  impl.FollowerState (FollowerState.java:run(134)) - bc7ccc77-9673-4f45-9632-8b6af895e31c@group-3405D20EB931-FollowerState: change to CANDIDATE, lastRpcElapsedTime:5310276972ns, electionTimeout:5118ms
2021-10-27 07:37:53,372 [bc7ccc77-9673-4f45-9632-8b6af895e31c@group-3405D20EB931-FollowerState] INFO  impl.RoleInfo (RoleInfo.java:shutdownFollowerState(108)) - bc7ccc77-9673-4f45-9632-8b6af895e31c: shutdown bc7ccc77-9673-4f45-9632-8b6af895e31c@group-3405D20EB931-FollowerState
2021-10-27 07:37:53,372 [bc7ccc77-9673-4f45-9632-8b6af895e31c@group-3405D20EB931-FollowerState] INFO  server.RaftServer$Division (RaftServerImpl.java:setRole(290)) - bc7ccc77-9673-4f45-9632-8b6af895e31c@group-3405D20EB931: changes role from  FOLLOWER to CANDIDATE at term 1 for changeToCandidate
2021-10-27 07:37:53,373 [bc7ccc77-9673-4f45-9632-8b6af895e31c@group-3405D20EB931-FollowerState] INFO  server.RaftServerConfigKeys (ConfUtils.java:logGet(44)) - raft.server.leaderelection.pre-vote = false (custom)
2021-10-27 07:37:53,373 [bc7ccc77-9673-4f45-9632-8b6af895e31c@group-3405D20EB931-FollowerState] INFO  impl.RoleInfo (RoleInfo.java:updateAndGet(130)) - bc7ccc77-9673-4f45-9632-8b6af895e31c: start bc7ccc77-9673-4f45-9632-8b6af895e31c@group-3405D20EB931-LeaderElection25
2021-10-27 07:37:53,380 [a36e9b50-74dc-46e0-a7bf-054b64f601c6@group-3405D20EB931-FollowerState] INFO  impl.FollowerState (FollowerState.java:run(134)) - a36e9b50-74dc-46e0-a7bf-054b64f601c6@group-3405D20EB931-FollowerState: change to CANDIDATE, lastRpcElapsedTime:5337770288ns, electionTimeout:5060ms
2021-10-27 07:37:53,380 [a36e9b50-74dc-46e0-a7bf-054b64f601c6@group-3405D20EB931-FollowerState] INFO  impl.RoleInfo (RoleInfo.java:shutdownFollowerState(108)) - a36e9b50-74dc-46e0-a7bf-054b64f601c6: shutdown a36e9b50-74dc-46e0-a7bf-054b64f601c6@group-3405D20EB931-FollowerState
2021-10-27 07:37:53,380 [a36e9b50-74dc-46e0-a7bf-054b64f601c6@group-3405D20EB931-FollowerState] INFO  server.RaftServer$Division (RaftServerImpl.java:setRole(290)) - a36e9b50-74dc-46e0-a7bf-054b64f601c6@group-3405D20EB931: changes role from  FOLLOWER to CANDIDATE at term 1 for changeToCandidate
2021-10-27 07:37:53,380 [a36e9b50-74dc-46e0-a7bf-054b64f601c6@group-3405D20EB931-FollowerState] INFO  server.RaftServerConfigKeys (ConfUtils.java:logGet(44)) - raft.server.leaderelection.pre-vote = false (custom)
2021-10-27 07:37:53,380 [a36e9b50-74dc-46e0-a7bf-054b64f601c6@group-3405D20EB931-FollowerState] INFO  impl.RoleInfo (RoleInfo.java:updateAndGet(130)) - a36e9b50-74dc-46e0-a7bf-054b64f601c6: start a36e9b50-74dc-46e0-a7bf-054b64f601c6@group-3405D20EB931-LeaderElection26
2021-10-27 07:37:53,381 [org.apache.ratis.util.JvmPauseMonitor$$Lambda$534/681568834@26c95a30] WARN  util.JvmPauseMonitor (JvmPauseMonitor.java:detectPause(124)) - JvmPauseMonitor-9ec659bb-6946-4d87-b3c7-8f8c8e1e9f0e: Detected pause in JVM or host machine (eg GC): pause of approximately 269700240ns.
GC pool 'PS MarkSweep' had collection(s): count=1 time=313ms
GC pool 'PS Scavenge' had collection(s): count=1 time=111ms
2021-10-27 07:37:53,382 [org.apache.ratis.util.JvmPauseMonitor$$Lambda$534/681568834@4c1faabd] WARN  util.JvmPauseMonitor (JvmPauseMonitor.java:detectPause(124)) - JvmPauseMonitor-592255e9-c910-4f69-a1df-e23dedd9b9e0: Detected pause in JVM or host machine (eg GC): pause of approximately 301597242ns.
GC pool 'PS MarkSweep' had collection(s): count=1 time=313ms
GC pool 'PS Scavenge' had collection(s): count=1 time=111ms
2021-10-27 07:37:53,385 [org.apache.ratis.util.JvmPauseMonitor$$Lambda$534/681568834@1e1815ca] WARN  util.JvmPauseMonitor (JvmPauseMonitor.java:detectPause(124)) - JvmPauseMonitor-29e37468-b3e4-401f-97cc-6f4d8466f30b: Detected pause in JVM or host machine (eg GC): pause of approximately 371391728ns.
GC pool 'PS MarkSweep' had collection(s): count=1 time=313ms
GC pool 'PS Scavenge' had collection(s): count=1 time=111ms
2021-10-27 07:37:53,386 [EventQueue-DeadNodeForDeadNodeHandler] INFO  node.DeadNodeHandler (DeadNodeHandler.java:onMessage(80)) - A dead datanode is detected. 8a5d7503-46af-43fb-b7e0-e0dcb22c5f77{ip: 10.1.0.27, host: fv-az270-913.tacnzluakwdehk1hpragurqkma.bx.internal.cloudapp.net, ports: [REPLICATION=39633, RATIS=45441, RATIS_ADMIN=45441, RATIS_SERVER=45441, STANDALONE=45417], networkLocation: /default-rack, certSerialId: null, persistedOpState: DECOMMISSIONING, persistedOpStateExpiryEpochSec: 0}
2021-10-27 07:37:53,388 [org.apache.ratis.util.JvmPauseMonitor$$Lambda$534/681568834@280e2e21] WARN  util.JvmPauseMonitor (JvmPauseMonitor.java:detectPause(124)) - JvmPauseMonitor-8a94fc5b-68bf-440e-a2d4-79bd2954cd34: Detected pause in JVM or host machine (eg GC): pause of approximately 403140231ns.
GC pool 'PS MarkSweep' had collection(s): count=1 time=313ms
GC pool 'PS Scavenge' had collection(s): count=1 time=111ms
2021-10-27 07:37:53,392 [org.apache.ratis.util.JvmPauseMonitor$$Lambda$534/681568834@57c4a95b] WARN  util.JvmPauseMonitor (JvmPauseMonitor.java:detectPause(124)) - JvmPauseMonitor-a36e9b50-74dc-46e0-a7bf-054b64f601c6: Detected pause in JVM or host machine (eg GC): pause of approximately 450204685ns.
GC pool 'PS MarkSweep' had collection(s): count=1 time=313ms
GC pool 'PS Scavenge' had collection(s): count=1 time=111ms
2021-10-27 07:37:53,393 [EventQueue-OpenPipelineForHealthyPipelineSafeModeRule] INFO  safemode.SCMSafeModeManager (HealthyPipelineSafeModeRule.java:process(124)) - SCM in safe mode. Healthy pipelines reported count is 0, required healthy pipeline reported count is 1
2021-10-27 07:37:53,393 [Listener at 127.0.0.1/33029] INFO  ozone.MiniOzoneClusterImpl (MiniOzoneClusterImpl.java:lambda$waitForClusterToBeReady$0(235)) - Nodes are ready. Got 6 of 6 DN Heartbeats.
2021-10-27 07:37:53,393 [Listener at 127.0.0.1/33029] INFO  ozone.MiniOzoneClusterImpl (MiniOzoneClusterImpl.java:lambda$waitForClusterToBeReady$0(238)) - Waiting for cluster to exit safe mode
2021-10-27 07:37:53,393 [Listener at 127.0.0.1/33029] INFO  ozone.MiniOzoneClusterImpl (MiniOzoneClusterImpl.java:lambda$waitForClusterToBeReady$0(240)) - SCM became leader
2021-10-27 07:37:53,395 [EventQueue-OpenPipelineForHealthyPipelineSafeModeRule] INFO  safemode.SCMSafeModeManager (HealthyPipelineSafeModeRule.java:process(124)) - SCM in safe mode. Healthy pipelines reported count is 0, required healthy pipeline reported count is 1
2021-10-27 07:37:53,396 [EventQueue-DeadNodeForDeadNodeHandler] INFO  net.NetworkTopologyImpl (NetworkTopologyImpl.java:remove(137)) - Removed a node: /default-rack/8a5d7503-46af-43fb-b7e0-e0dcb22c5f77
2021-10-27 07:37:53,405 [a36e9b50-74dc-46e0-a7bf-054b64f601c6@group-3405D20EB931-LeaderElection26] INFO  impl.LeaderElection (LeaderElection.java:askForVotes(306)) - a36e9b50-74dc-46e0-a7bf-054b64f601c6@group-3405D20EB931-LeaderElection26 ELECTION round 0: submit vote requests at term 2 for -1: [a36e9b50-74dc-46e0-a7bf-054b64f601c6|rpc:10.1.0.27:46805|dataStream:|priority:1, bc7ccc77-9673-4f45-9632-8b6af895e31c|rpc:10.1.0.27:44307|dataStream:|priority:0, 592255e9-c910-4f69-a1df-e23dedd9b9e0|rpc:10.1.0.27:40627|dataStream:|priority:0], old=null
2021-10-27 07:37:53,409 [592255e9-c910-4f69-a1df-e23dedd9b9e0@group-3405D20EB931-LeaderElection24] INFO  impl.LeaderElection (LeaderElection.java:askForVotes(306)) - 592255e9-c910-4f69-a1df-e23dedd9b9e0@group-3405D20EB931-LeaderElection24 ELECTION round 0: submit vote requests at term 2 for -1: [a36e9b50-74dc-46e0-a7bf-054b64f601c6|rpc:10.1.0.27:46805|priority:1, bc7ccc77-9673-4f45-9632-8b6af895e31c|rpc:10.1.0.27:44307|priority:0, 592255e9-c910-4f69-a1df-e23dedd9b9e0|rpc:10.1.0.27:40627|priority:0], old=null
2021-10-27 07:37:53,414 [bc7ccc77-9673-4f45-9632-8b6af895e31c@group-3405D20EB931-LeaderElection25] INFO  impl.LeaderElection (LeaderElection.java:askForVotes(306)) - bc7ccc77-9673-4f45-9632-8b6af895e31c@group-3405D20EB931-LeaderElection25 ELECTION round 0: submit vote requests at term 2 for -1: [a36e9b50-74dc-46e0-a7bf-054b64f601c6|rpc:10.1.0.27:46805|dataStream:|priority:1, bc7ccc77-9673-4f45-9632-8b6af895e31c|rpc:10.1.0.27:44307|dataStream:|priority:0, 592255e9-c910-4f69-a1df-e23dedd9b9e0|rpc:10.1.0.27:40627|dataStream:|priority:0], old=null
2021-10-27 07:37:53,437 [grpc-default-executor-3] INFO  server.RaftServer$Division (RaftServerImpl.java:requestVote(1046)) - a36e9b50-74dc-46e0-a7bf-054b64f601c6@group-3405D20EB931: receive requestVote(ELECTION, 592255e9-c910-4f69-a1df-e23dedd9b9e0, group-3405D20EB931, 2, (t:0, i:0))
2021-10-27 07:37:53,437 [grpc-default-executor-3] INFO  impl.VoteContext (VoteContext.java:log(48)) - a36e9b50-74dc-46e0-a7bf-054b64f601c6@group-3405D20EB931-CANDIDATE: reject ELECTION from 592255e9-c910-4f69-a1df-e23dedd9b9e0: already has voted for a36e9b50-74dc-46e0-a7bf-054b64f601c6 at current term 2
2021-10-27 07:37:53,437 [grpc-default-executor-3] INFO  server.RaftServer$Division (RaftServerImpl.java:requestVote(1078)) - a36e9b50-74dc-46e0-a7bf-054b64f601c6@group-3405D20EB931 replies to ELECTION vote request: 592255e9-c910-4f69-a1df-e23dedd9b9e0<-a36e9b50-74dc-46e0-a7bf-054b64f601c6#0:FAIL-t2. Peer's state: a36e9b50-74dc-46e0-a7bf-054b64f601c6@group-3405D20EB931:t2, leader=null, voted=a36e9b50-74dc-46e0-a7bf-054b64f601c6, raftlog=a36e9b50-74dc-46e0-a7bf-054b64f601c6@group-3405D20EB931-SegmentedRaftLog:OPENED:c-1, conf=-1: [a36e9b50-74dc-46e0-a7bf-054b64f601c6|rpc:10.1.0.27:46805|dataStream:|priority:1, bc7ccc77-9673-4f45-9632-8b6af895e31c|rpc:10.1.0.27:44307|dataStream:|priority:0, 592255e9-c910-4f69-a1df-e23dedd9b9e0|rpc:10.1.0.27:40627|dataStream:|priority:0], old=null
2021-10-27 07:37:53,437 [grpc-default-executor-2] INFO  server.RaftServer$Division (RaftServerImpl.java:requestVote(1046)) - bc7ccc77-9673-4f45-9632-8b6af895e31c@group-3405D20EB931: receive requestVote(ELECTION, 592255e9-c910-4f69-a1df-e23dedd9b9e0, group-3405D20EB931, 2, (t:0, i:0))
2021-10-27 07:37:53,439 [grpc-default-executor-2] INFO  impl.VoteContext (VoteContext.java:log(48)) - bc7ccc77-9673-4f45-9632-8b6af895e31c@group-3405D20EB931-CANDIDATE: reject ELECTION from 592255e9-c910-4f69-a1df-e23dedd9b9e0: already has voted for bc7ccc77-9673-4f45-9632-8b6af895e31c at current term 2
2021-10-27 07:37:53,439 [grpc-default-executor-2] INFO  server.RaftServer$Division (RaftServerImpl.java:requestVote(1078)) - bc7ccc77-9673-4f45-9632-8b6af895e31c@group-3405D20EB931 replies to ELECTION vote request: 592255e9-c910-4f69-a1df-e23dedd9b9e0<-bc7ccc77-9673-4f45-9632-8b6af895e31c#0:FAIL-t2. Peer's state: bc7ccc77-9673-4f45-9632-8b6af895e31c@group-3405D20EB931:t2, leader=null, voted=bc7ccc77-9673-4f45-9632-8b6af895e31c, raftlog=bc7ccc77-9673-4f45-9632-8b6af895e31c@group-3405D20EB931-SegmentedRaftLog:OPENED:c-1, conf=-1: [a36e9b50-74dc-46e0-a7bf-054b64f601c6|rpc:10.1.0.27:46805|dataStream:|priority:1, bc7ccc77-9673-4f45-9632-8b6af895e31c|rpc:10.1.0.27:44307|dataStream:|priority:0, 592255e9-c910-4f69-a1df-e23dedd9b9e0|rpc:10.1.0.27:40627|dataStream:|priority:0], old=null
2021-10-27 07:37:53,449 [592255e9-c910-4f69-a1df-e23dedd9b9e0@group-3405D20EB931-LeaderElection24] INFO  impl.LeaderElection (LeaderElection.java:logAndReturn(89)) - 592255e9-c910-4f69-a1df-e23dedd9b9e0@group-3405D20EB931-LeaderElection24: ELECTION REJECTED received 2 response(s) and 0 exception(s):
2021-10-27 07:37:53,449 [592255e9-c910-4f69-a1df-e23dedd9b9e0@group-3405D20EB931-LeaderElection24] INFO  impl.LeaderElection (LeaderElection.java:logAndReturn(93)) -   Response 0: 592255e9-c910-4f69-a1df-e23dedd9b9e0<-a36e9b50-74dc-46e0-a7bf-054b64f601c6#0:FAIL-t2
2021-10-27 07:37:53,449 [592255e9-c910-4f69-a1df-e23dedd9b9e0@group-3405D20EB931-LeaderElection24] INFO  impl.LeaderElection (LeaderElection.java:logAndReturn(93)) -   Response 1: 592255e9-c910-4f69-a1df-e23dedd9b9e0<-bc7ccc77-9673-4f45-9632-8b6af895e31c#0:FAIL-t2
2021-10-27 07:37:53,449 [592255e9-c910-4f69-a1df-e23dedd9b9e0@group-3405D20EB931-LeaderElection24] INFO  impl.LeaderElection (LeaderElection.java:askForVotes(308)) - 592255e9-c910-4f69-a1df-e23dedd9b9e0@group-3405D20EB931-LeaderElection24 ELECTION round 0: result REJECTED
2021-10-27 07:37:53,449 [592255e9-c910-4f69-a1df-e23dedd9b9e0@group-3405D20EB931-LeaderElection24] INFO  server.RaftServer$Division (RaftServerImpl.java:setRole(290)) - 592255e9-c910-4f69-a1df-e23dedd9b9e0@group-3405D20EB931: changes role from CANDIDATE to FOLLOWER at term 2 for REJECTED
2021-10-27 07:37:53,449 [592255e9-c910-4f69-a1df-e23dedd9b9e0@group-3405D20EB931-LeaderElection24] INFO  impl.RoleInfo (RoleInfo.java:shutdownLeaderElection(121)) - 592255e9-c910-4f69-a1df-e23dedd9b9e0: shutdown 592255e9-c910-4f69-a1df-e23dedd9b9e0@group-3405D20EB931-LeaderElection24
2021-10-27 07:37:53,449 [592255e9-c910-4f69-a1df-e23dedd9b9e0@group-3405D20EB931-LeaderElection24] INFO  impl.RoleInfo (RoleInfo.java:updateAndGet(130)) - 592255e9-c910-4f69-a1df-e23dedd9b9e0: start 592255e9-c910-4f69-a1df-e23dedd9b9e0@group-3405D20EB931-FollowerState
2021-10-27 07:37:53,468 [grpc-default-executor-3] INFO  server.RaftServer$Division (RaftServerImpl.java:requestVote(1046)) - bc7ccc77-9673-4f45-9632-8b6af895e31c@group-3405D20EB931: receive requestVote(ELECTION, a36e9b50-74dc-46e0-a7bf-054b64f601c6, group-3405D20EB931, 2, (t:0, i:0))
2021-10-27 07:37:53,468 [grpc-default-executor-3] INFO  impl.VoteContext (VoteContext.java:log(48)) - bc7ccc77-9673-4f45-9632-8b6af895e31c@group-3405D20EB931-CANDIDATE: reject ELECTION from a36e9b50-74dc-46e0-a7bf-054b64f601c6: already has voted for bc7ccc77-9673-4f45-9632-8b6af895e31c at current term 2
2021-10-27 07:37:53,468 [grpc-default-executor-3] INFO  server.RaftServer$Division (RaftServerImpl.java:requestVote(1078)) - bc7ccc77-9673-4f45-9632-8b6af895e31c@group-3405D20EB931 replies to ELECTION vote request: a36e9b50-74dc-46e0-a7bf-054b64f601c6<-bc7ccc77-9673-4f45-9632-8b6af895e31c#0:FAIL-t2. Peer's state: bc7ccc77-9673-4f45-9632-8b6af895e31c@group-3405D20EB931:t2, leader=null, voted=bc7ccc77-9673-4f45-9632-8b6af895e31c, raftlog=bc7ccc77-9673-4f45-9632-8b6af895e31c@group-3405D20EB931-SegmentedRaftLog:OPENED:c-1, conf=-1: [a36e9b50-74dc-46e0-a7bf-054b64f601c6|rpc:10.1.0.27:46805|dataStream:|priority:1, bc7ccc77-9673-4f45-9632-8b6af895e31c|rpc:10.1.0.27:44307|dataStream:|priority:0, 592255e9-c910-4f69-a1df-e23dedd9b9e0|rpc:10.1.0.27:40627|dataStream:|priority:0], old=null
2021-10-27 07:37:53,483 [grpc-default-executor-3] INFO  server.RaftServer$Division (RaftServerImpl.java:requestVote(1046)) - 592255e9-c910-4f69-a1df-e23dedd9b9e0@group-3405D20EB931: receive requestVote(ELECTION, a36e9b50-74dc-46e0-a7bf-054b64f601c6, group-3405D20EB931, 2, (t:0, i:0))
2021-10-27 07:37:53,483 [grpc-default-executor-2] INFO  server.RaftServer$Division (RaftServerImpl.java:requestVote(1046)) - 592255e9-c910-4f69-a1df-e23dedd9b9e0@group-3405D20EB931: receive requestVote(ELECTION, bc7ccc77-9673-4f45-9632-8b6af895e31c, group-3405D20EB931, 2, (t:0, i:0))
2021-10-27 07:37:53,483 [grpc-default-executor-0] INFO  server.RaftServer$Division (RaftServerImpl.java:requestVote(1046)) - a36e9b50-74dc-46e0-a7bf-054b64f601c6@group-3405D20EB931: receive requestVote(ELECTION, bc7ccc77-9673-4f45-9632-8b6af895e31c, group-3405D20EB931, 2, (t:0, i:0))
2021-10-27 07:37:53,483 [grpc-default-executor-3] INFO  impl.VoteContext (VoteContext.java:log(48)) - 592255e9-c910-4f69-a1df-e23dedd9b9e0@group-3405D20EB931-FOLLOWER: reject ELECTION from a36e9b50-74dc-46e0-a7bf-054b64f601c6: already has voted for 592255e9-c910-4f69-a1df-e23dedd9b9e0 at current term 2
2021-10-27 07:37:53,484 [grpc-default-executor-3] INFO  server.RaftServer$Division (RaftServerImpl.java:requestVote(1078)) - 592255e9-c910-4f69-a1df-e23dedd9b9e0@group-3405D20EB931 replies to ELECTION vote request: a36e9b50-74dc-46e0-a7bf-054b64f601c6<-592255e9-c910-4f69-a1df-e23dedd9b9e0#0:FAIL-t2. Peer's state: 592255e9-c910-4f69-a1df-e23dedd9b9e0@group-3405D20EB931:t2, leader=null, voted=592255e9-c910-4f69-a1df-e23dedd9b9e0, raftlog=592255e9-c910-4f69-a1df-e23dedd9b9e0@group-3405D20EB931-SegmentedRaftLog:OPENED:c-1, conf=-1: [a36e9b50-74dc-46e0-a7bf-054b64f601c6|rpc:10.1.0.27:46805|priority:1, bc7ccc77-9673-4f45-9632-8b6af895e31c|rpc:10.1.0.27:44307|priority:0, 592255e9-c910-4f69-a1df-e23dedd9b9e0|rpc:10.1.0.27:40627|priority:0], old=null
2021-10-27 07:37:53,485 [grpc-default-executor-2] INFO  impl.VoteContext (VoteContext.java:log(48)) - 592255e9-c910-4f69-a1df-e23dedd9b9e0@group-3405D20EB931-FOLLOWER: reject ELECTION from bc7ccc77-9673-4f45-9632-8b6af895e31c: already has voted for 592255e9-c910-4f69-a1df-e23dedd9b9e0 at current term 2
2021-10-27 07:37:53,485 [grpc-default-executor-2] INFO  server.RaftServer$Division (RaftServerImpl.java:requestVote(1078)) - 592255e9-c910-4f69-a1df-e23dedd9b9e0@group-3405D20EB931 replies to ELECTION vote request: bc7ccc77-9673-4f45-9632-8b6af895e31c<-592255e9-c910-4f69-a1df-e23dedd9b9e0#0:FAIL-t2. Peer's state: 592255e9-c910-4f69-a1df-e23dedd9b9e0@group-3405D20EB931:t2, leader=null, voted=592255e9-c910-4f69-a1df-e23dedd9b9e0, raftlog=592255e9-c910-4f69-a1df-e23dedd9b9e0@group-3405D20EB931-SegmentedRaftLog:OPENED:c-1, conf=-1: [a36e9b50-74dc-46e0-a7bf-054b64f601c6|rpc:10.1.0.27:46805|priority:1, bc7ccc77-9673-4f45-9632-8b6af895e31c|rpc:10.1.0.27:44307|priority:0, 592255e9-c910-4f69-a1df-e23dedd9b9e0|rpc:10.1.0.27:40627|priority:0], old=null
2021-10-27 07:37:53,484 [grpc-default-executor-0] INFO  impl.VoteContext (VoteContext.java:log(48)) - a36e9b50-74dc-46e0-a7bf-054b64f601c6@group-3405D20EB931-CANDIDATE: reject ELECTION from bc7ccc77-9673-4f45-9632-8b6af895e31c: already has voted for a36e9b50-74dc-46e0-a7bf-054b64f601c6 at current term 2
2021-10-27 07:37:53,486 [grpc-default-executor-0] INFO  server.RaftServer$Division (RaftServerImpl.java:requestVote(1078)) - a36e9b50-74dc-46e0-a7bf-054b64f601c6@group-3405D20EB931 replies to ELECTION vote request: bc7ccc77-9673-4f45-9632-8b6af895e31c<-a36e9b50-74dc-46e0-a7bf-054b64f601c6#0:FAIL-t2. Peer's state: a36e9b50-74dc-46e0-a7bf-054b64f601c6@group-3405D20EB931:t2, leader=null, voted=a36e9b50-74dc-46e0-a7bf-054b64f601c6, raftlog=a36e9b50-74dc-46e0-a7bf-054b64f601c6@group-3405D20EB931-SegmentedRaftLog:OPENED:c-1, conf=-1: [a36e9b50-74dc-46e0-a7bf-054b64f601c6|rpc:10.1.0.27:46805|dataStream:|priority:1, bc7ccc77-9673-4f45-9632-8b6af895e31c|rpc:10.1.0.27:44307|dataStream:|priority:0, 592255e9-c910-4f69-a1df-e23dedd9b9e0|rpc:10.1.0.27:40627|dataStream:|priority:0], old=null
2021-10-27 07:37:53,492 [a36e9b50-74dc-46e0-a7bf-054b64f601c6@group-3405D20EB931-LeaderElection26] INFO  impl.LeaderElection (LeaderElection.java:logAndReturn(89)) - a36e9b50-74dc-46e0-a7bf-054b64f601c6@group-3405D20EB931-LeaderElection26: ELECTION REJECTED received 2 response(s) and 0 exception(s):
2021-10-27 07:37:53,492 [a36e9b50-74dc-46e0-a7bf-054b64f601c6@group-3405D20EB931-LeaderElection26] INFO  impl.LeaderElection (LeaderElection.java:logAndReturn(93)) -   Response 0: a36e9b50-74dc-46e0-a7bf-054b64f601c6<-bc7ccc77-9673-4f45-9632-8b6af895e31c#0:FAIL-t2
2021-10-27 07:37:53,492 [a36e9b50-74dc-46e0-a7bf-054b64f601c6@group-3405D20EB931-LeaderElection26] INFO  impl.LeaderElection (LeaderElection.java:logAndReturn(93)) -   Response 1: a36e9b50-74dc-46e0-a7bf-054b64f601c6<-592255e9-c910-4f69-a1df-e23dedd9b9e0#0:FAIL-t2
2021-10-27 07:37:53,492 [a36e9b50-74dc-46e0-a7bf-054b64f601c6@group-3405D20EB931-LeaderElection26] INFO  impl.LeaderElection (LeaderElection.java:askForVotes(308)) - a36e9b50-74dc-46e0-a7bf-054b64f601c6@group-3405D20EB931-LeaderElection26 ELECTION round 0: result REJECTED
2021-10-27 07:37:53,492 [a36e9b50-74dc-46e0-a7bf-054b64f601c6@group-3405D20EB931-LeaderElection26] INFO  server.RaftServer$Division (RaftServerImpl.java:setRole(290)) - a36e9b50-74dc-46e0-a7bf-054b64f601c6@group-3405D20EB931: changes role from CANDIDATE to FOLLOWER at term 2 for REJECTED
2021-10-27 07:37:53,492 [a36e9b50-74dc-46e0-a7bf-054b64f601c6@group-3405D20EB931-LeaderElection26] INFO  impl.RoleInfo (RoleInfo.java:shutdownLeaderElection(121)) - a36e9b50-74dc-46e0-a7bf-054b64f601c6: shutdown a36e9b50-74dc-46e0-a7bf-054b64f601c6@group-3405D20EB931-LeaderElection26
2021-10-27 07:37:53,492 [a36e9b50-74dc-46e0-a7bf-054b64f601c6@group-3405D20EB931-LeaderElection26] INFO  impl.RoleInfo (RoleInfo.java:updateAndGet(130)) - a36e9b50-74dc-46e0-a7bf-054b64f601c6: start a36e9b50-74dc-46e0-a7bf-054b64f601c6@group-3405D20EB931-FollowerState
2021-10-27 07:37:53,499 [bc7ccc77-9673-4f45-9632-8b6af895e31c@group-3405D20EB931-LeaderElection25] INFO  impl.LeaderElection (LeaderElection.java:logAndReturn(89)) - bc7ccc77-9673-4f45-9632-8b6af895e31c@group-3405D20EB931-LeaderElection25: ELECTION REJECTED received 2 response(s) and 0 exception(s):
2021-10-27 07:37:53,499 [bc7ccc77-9673-4f45-9632-8b6af895e31c@group-3405D20EB931-LeaderElection25] INFO  impl.LeaderElection (LeaderElection.java:logAndReturn(93)) -   Response 0: bc7ccc77-9673-4f45-9632-8b6af895e31c<-a36e9b50-74dc-46e0-a7bf-054b64f601c6#0:FAIL-t2
2021-10-27 07:37:53,499 [bc7ccc77-9673-4f45-9632-8b6af895e31c@group-3405D20EB931-LeaderElection25] INFO  impl.LeaderElection (LeaderElection.java:logAndReturn(93)) -   Response 1: bc7ccc77-9673-4f45-9632-8b6af895e31c<-592255e9-c910-4f69-a1df-e23dedd9b9e0#0:FAIL-t2
2021-10-27 07:37:53,499 [bc7ccc77-9673-4f45-9632-8b6af895e31c@group-3405D20EB931-LeaderElection25] INFO  impl.LeaderElection (LeaderElection.java:askForVotes(308)) - bc7ccc77-9673-4f45-9632-8b6af895e31c@group-3405D20EB931-LeaderElection25 ELECTION round 0: result REJECTED
2021-10-27 07:37:53,499 [bc7ccc77-9673-4f45-9632-8b6af895e31c@group-3405D20EB931-LeaderElection25] INFO  server.RaftServer$Division (RaftServerImpl.java:setRole(290)) - bc7ccc77-9673-4f45-9632-8b6af895e31c@group-3405D20EB931: changes role from CANDIDATE to FOLLOWER at term 2 for REJECTED
2021-10-27 07:37:53,499 [bc7ccc77-9673-4f45-9632-8b6af895e31c@group-3405D20EB931-LeaderElection25] INFO  impl.RoleInfo (RoleInfo.java:shutdownLeaderElection(121)) - bc7ccc77-9673-4f45-9632-8b6af895e31c: shutdown bc7ccc77-9673-4f45-9632-8b6af895e31c@group-3405D20EB931-LeaderElection25
2021-10-27 07:37:53,500 [bc7ccc77-9673-4f45-9632-8b6af895e31c@group-3405D20EB931-LeaderElection25] INFO  impl.RoleInfo (RoleInfo.java:updateAndGet(130)) - bc7ccc77-9673-4f45-9632-8b6af895e31c: start bc7ccc77-9673-4f45-9632-8b6af895e31c@group-3405D20EB931-FollowerState
2021-10-27 07:37:53,505 [ReplicationMonitor] INFO  container.ReplicationManager (ReplicationManager.java:processAll(371)) - Replication Monitor Thread took 0 milliseconds for processing 0 containers.
2021-10-27 07:37:53,550 [EventQueue-OpenPipelineForHealthyPipelineSafeModeRule] INFO  safemode.SCMSafeModeManager (HealthyPipelineSafeModeRule.java:process(124)) - SCM in safe mode. Healthy pipelines reported count is 0, required healthy pipeline reported count is 1
2021-10-27 07:37:54,369 [ReplicationMonitor] INFO  container.ReplicationManager (ReplicationManager.java:processAll(371)) - Replication Monitor Thread took 1 milliseconds for processing 6 containers.
2021-10-27 07:37:54,386 [EventQueue-OpenPipelineForHealthyPipelineSafeModeRule] INFO  safemode.SCMSafeModeManager (HealthyPipelineSafeModeRule.java:process(124)) - SCM in safe mode. Healthy pipelines reported count is 0, required healthy pipeline reported count is 1
2021-10-27 07:37:54,387 [EventQueue-OpenPipelineForHealthyPipelineSafeModeRule] INFO  safemode.SCMSafeModeManager (HealthyPipelineSafeModeRule.java:process(124)) - SCM in safe mode. Healthy pipelines reported count is 0, required healthy pipeline reported count is 1
2021-10-27 07:37:54,394 [Listener at 127.0.0.1/33029] INFO  ozone.MiniOzoneClusterImpl (MiniOzoneClusterImpl.java:lambda$waitForClusterToBeReady$0(235)) - Nodes are ready. Got 6 of 6 DN Heartbeats.
2021-10-27 07:37:54,394 [Listener at 127.0.0.1/33029] INFO  ozone.MiniOzoneClusterImpl (MiniOzoneClusterImpl.java:lambda$waitForClusterToBeReady$0(238)) - Waiting for cluster to exit safe mode
2021-10-27 07:37:54,394 [Listener at 127.0.0.1/33029] INFO  ozone.MiniOzoneClusterImpl (MiniOzoneClusterImpl.java:lambda$waitForClusterToBeReady$0(240)) - SCM became leader
2021-10-27 07:37:54,453 [EventQueue-OpenPipelineForHealthyPipelineSafeModeRule] INFO  safemode.SCMSafeModeManager (HealthyPipelineSafeModeRule.java:process(124)) - SCM in safe mode. Healthy pipelines reported count is 0, required healthy pipeline reported count is 1
2021-10-27 07:37:54,505 [ReplicationMonitor] INFO  container.ReplicationManager (ReplicationManager.java:processAll(371)) - Replication Monitor Thread took 0 milliseconds for processing 0 containers.
2021-10-27 07:37:54,544 [EventQueue-OpenPipelineForHealthyPipelineSafeModeRule] INFO  safemode.SCMSafeModeManager (HealthyPipelineSafeModeRule.java:process(124)) - SCM in safe mode. Healthy pipelines reported count is 0, required healthy pipeline reported count is 1
2021-10-27 07:37:54,597 [90abb50b-a825-4713-87e3-513268b12874@group-70DB9A92BEB8-FollowerState] INFO  impl.FollowerState (FollowerState.java:run(134)) - 90abb50b-a825-4713-87e3-513268b12874@group-70DB9A92BEB8-FollowerState: change to CANDIDATE, lastRpcElapsedTime:5062572058ns, electionTimeout:5049ms
2021-10-27 07:37:54,597 [90abb50b-a825-4713-87e3-513268b12874@group-70DB9A92BEB8-FollowerState] INFO  impl.RoleInfo (RoleInfo.java:shutdownFollowerState(108)) - 90abb50b-a825-4713-87e3-513268b12874: shutdown 90abb50b-a825-4713-87e3-513268b12874@group-70DB9A92BEB8-FollowerState
2021-10-27 07:37:54,597 [90abb50b-a825-4713-87e3-513268b12874@group-70DB9A92BEB8-FollowerState] INFO  server.RaftServer$Division (RaftServerImpl.java:setRole(290)) - 90abb50b-a825-4713-87e3-513268b12874@group-70DB9A92BEB8: changes role from  FOLLOWER to CANDIDATE at term 1 for changeToCandidate
2021-10-27 07:37:54,597 [90abb50b-a825-4713-87e3-513268b12874@group-70DB9A92BEB8-FollowerState] INFO  server.RaftServerConfigKeys (ConfUtils.java:logGet(44)) - raft.server.leaderelection.pre-vote = false (custom)
2021-10-27 07:37:54,597 [90abb50b-a825-4713-87e3-513268b12874@group-70DB9A92BEB8-FollowerState] INFO  impl.RoleInfo (RoleInfo.java:updateAndGet(130)) - 90abb50b-a825-4713-87e3-513268b12874: start 90abb50b-a825-4713-87e3-513268b12874@group-70DB9A92BEB8-LeaderElection27
2021-10-27 07:37:54,600 [90abb50b-a825-4713-87e3-513268b12874@group-70DB9A92BEB8-LeaderElection27] INFO  impl.LeaderElection (LeaderElection.java:askForVotes(306)) - 90abb50b-a825-4713-87e3-513268b12874@group-70DB9A92BEB8-LeaderElection27 ELECTION round 0: submit vote requests at term 2 for -1: [90abb50b-a825-4713-87e3-513268b12874|rpc:10.1.0.27:41119|dataStream:|priority:1, 06710a81-f387-4505-8c81-c7e250b9aeec|rpc:10.1.0.27:36323|dataStream:|priority:0, 8a94fc5b-68bf-440e-a2d4-79bd2954cd34|rpc:10.1.0.27:38139|dataStream:|priority:0], old=null
2021-10-27 07:37:54,615 [06710a81-f387-4505-8c81-c7e250b9aeec@group-70DB9A92BEB8-FollowerState] INFO  impl.FollowerState (FollowerState.java:run(134)) - 06710a81-f387-4505-8c81-c7e250b9aeec@group-70DB9A92BEB8-FollowerState: change to CANDIDATE, lastRpcElapsedTime:5066680546ns, electionTimeout:5064ms
2021-10-27 07:37:54,615 [06710a81-f387-4505-8c81-c7e250b9aeec@group-70DB9A92BEB8-FollowerState] INFO  impl.RoleInfo (RoleInfo.java:shutdownFollowerState(108)) - 06710a81-f387-4505-8c81-c7e250b9aeec: shutdown 06710a81-f387-4505-8c81-c7e250b9aeec@group-70DB9A92BEB8-FollowerState
2021-10-27 07:37:54,615 [06710a81-f387-4505-8c81-c7e250b9aeec@group-70DB9A92BEB8-FollowerState] INFO  server.RaftServer$Division (RaftServerImpl.java:setRole(290)) - 06710a81-f387-4505-8c81-c7e250b9aeec@group-70DB9A92BEB8: changes role from  FOLLOWER to CANDIDATE at term 1 for changeToCandidate
2021-10-27 07:37:54,615 [06710a81-f387-4505-8c81-c7e250b9aeec@group-70DB9A92BEB8-FollowerState] INFO  server.RaftServerConfigKeys (ConfUtils.java:logGet(44)) - raft.server.leaderelection.pre-vote = false (custom)
2021-10-27 07:37:54,615 [06710a81-f387-4505-8c81-c7e250b9aeec@group-70DB9A92BEB8-FollowerState] INFO  impl.RoleInfo (RoleInfo.java:updateAndGet(130)) - 06710a81-f387-4505-8c81-c7e250b9aeec: start 06710a81-f387-4505-8c81-c7e250b9aeec@group-70DB9A92BEB8-LeaderElection28
2021-10-27 07:37:54,635 [8a94fc5b-68bf-440e-a2d4-79bd2954cd34@group-70DB9A92BEB8-FollowerState] INFO  impl.FollowerState (FollowerState.java:run(134)) - 8a94fc5b-68bf-440e-a2d4-79bd2954cd34@group-70DB9A92BEB8-FollowerState: change to CANDIDATE, lastRpcElapsedTime:5096087456ns, electionTimeout:5086ms
2021-10-27 07:37:54,635 [8a94fc5b-68bf-440e-a2d4-79bd2954cd34@group-70DB9A92BEB8-FollowerState] INFO  impl.RoleInfo (RoleInfo.java:shutdownFollowerState(108)) - 8a94fc5b-68bf-440e-a2d4-79bd2954cd34: shutdown 8a94fc5b-68bf-440e-a2d4-79bd2954cd34@group-70DB9A92BEB8-FollowerState
2021-10-27 07:37:54,635 [grpc-default-executor-2] INFO  server.RaftServer$Division (RaftServerImpl.java:requestVote(1046)) - 06710a81-f387-4505-8c81-c7e250b9aeec@group-70DB9A92BEB8: receive requestVote(ELECTION, 90abb50b-a825-4713-87e3-513268b12874, group-70DB9A92BEB8, 2, (t:0, i:0))
2021-10-27 07:37:54,635 [grpc-default-executor-2] INFO  impl.VoteContext (VoteContext.java:log(48)) - 06710a81-f387-4505-8c81-c7e250b9aeec@group-70DB9A92BEB8-CANDIDATE: accept ELECTION from 90abb50b-a825-4713-87e3-513268b12874: our priority 0 <= candidate's priority 1
2021-10-27 07:37:54,635 [grpc-default-executor-2] INFO  server.RaftServer$Division (RaftServerImpl.java:setRole(290)) - 06710a81-f387-4505-8c81-c7e250b9aeec@group-70DB9A92BEB8: changes role from CANDIDATE to FOLLOWER at term 2 for candidate:90abb50b-a825-4713-87e3-513268b12874
2021-10-27 07:37:54,636 [grpc-default-executor-2] INFO  impl.RoleInfo (RoleInfo.java:shutdownLeaderElection(121)) - 06710a81-f387-4505-8c81-c7e250b9aeec: shutdown 06710a81-f387-4505-8c81-c7e250b9aeec@group-70DB9A92BEB8-LeaderElection28
2021-10-27 07:37:54,636 [8a94fc5b-68bf-440e-a2d4-79bd2954cd34@group-70DB9A92BEB8-FollowerState] INFO  server.RaftServer$Division (RaftServerImpl.java:setRole(290)) - 8a94fc5b-68bf-440e-a2d4-79bd2954cd34@group-70DB9A92BEB8: changes role from  FOLLOWER to CANDIDATE at term 1 for changeToCandidate
2021-10-27 07:37:54,636 [grpc-default-executor-2] INFO  impl.RoleInfo (RoleInfo.java:updateAndGet(130)) - 06710a81-f387-4505-8c81-c7e250b9aeec: start 06710a81-f387-4505-8c81-c7e250b9aeec@group-70DB9A92BEB8-FollowerState
2021-10-27 07:37:54,637 [8a94fc5b-68bf-440e-a2d4-79bd2954cd34@group-70DB9A92BEB8-FollowerState] INFO  server.RaftServerConfigKeys (ConfUtils.java:logGet(44)) - raft.server.leaderelection.pre-vote = false (custom)
2021-10-27 07:37:54,638 [8a94fc5b-68bf-440e-a2d4-79bd2954cd34@group-70DB9A92BEB8-FollowerState] INFO  impl.RoleInfo (RoleInfo.java:updateAndGet(130)) - 8a94fc5b-68bf-440e-a2d4-79bd2954cd34: start 8a94fc5b-68bf-440e-a2d4-79bd2954cd34@group-70DB9A92BEB8-LeaderElection29
2021-10-27 07:37:54,638 [grpc-default-executor-2] INFO  server.RaftServer$Division (RaftServerImpl.java:requestVote(1078)) - 06710a81-f387-4505-8c81-c7e250b9aeec@group-70DB9A92BEB8 replies to ELECTION vote request: 90abb50b-a825-4713-87e3-513268b12874<-06710a81-f387-4505-8c81-c7e250b9aeec#0:OK-t2. Peer's state: 06710a81-f387-4505-8c81-c7e250b9aeec@group-70DB9A92BEB8:t2, leader=null, voted=90abb50b-a825-4713-87e3-513268b12874, raftlog=06710a81-f387-4505-8c81-c7e250b9aeec@group-70DB9A92BEB8-SegmentedRaftLog:OPENED:c-1, conf=-1: [90abb50b-a825-4713-87e3-513268b12874|rpc:10.1.0.27:41119|priority:1, 06710a81-f387-4505-8c81-c7e250b9aeec|rpc:10.1.0.27:36323|priority:0, 8a94fc5b-68bf-440e-a2d4-79bd2954cd34|rpc:10.1.0.27:38139|priority:0], old=null
2021-10-27 07:37:54,639 [06710a81-f387-4505-8c81-c7e250b9aeec@group-70DB9A92BEB8-LeaderElection28] INFO  impl.LeaderElection (LeaderElection.java:run(230)) - 06710a81-f387-4505-8c81-c7e250b9aeec@group-70DB9A92BEB8-LeaderElection28: skip running since this is already CLOSING
2021-10-27 07:37:54,647 [90abb50b-a825-4713-87e3-513268b12874@group-70DB9A92BEB8-LeaderElection27] INFO  impl.LeaderElection (LeaderElection.java:logAndReturn(89)) - 90abb50b-a825-4713-87e3-513268b12874@group-70DB9A92BEB8-LeaderElection27: ELECTION PASSED received 1 response(s) and 0 exception(s):
2021-10-27 07:37:54,647 [90abb50b-a825-4713-87e3-513268b12874@group-70DB9A92BEB8-LeaderElection27] INFO  impl.LeaderElection (LeaderElection.java:logAndReturn(93)) -   Response 0: 90abb50b-a825-4713-87e3-513268b12874<-06710a81-f387-4505-8c81-c7e250b9aeec#0:OK-t2
2021-10-27 07:37:54,647 [grpc-default-executor-0] INFO  server.RaftServer$Division (RaftServerImpl.java:requestVote(1046)) - 8a94fc5b-68bf-440e-a2d4-79bd2954cd34@group-70DB9A92BEB8: receive requestVote(ELECTION, 90abb50b-a825-4713-87e3-513268b12874, group-70DB9A92BEB8, 2, (t:0, i:0))
2021-10-27 07:37:54,647 [grpc-default-executor-0] INFO  impl.VoteContext (VoteContext.java:log(48)) - 8a94fc5b-68bf-440e-a2d4-79bd2954cd34@group-70DB9A92BEB8-CANDIDATE: accept ELECTION from 90abb50b-a825-4713-87e3-513268b12874: our priority 0 <= candidate's priority 1
2021-10-27 07:37:54,648 [grpc-default-executor-0] INFO  server.RaftServer$Division (RaftServerImpl.java:setRole(290)) - 8a94fc5b-68bf-440e-a2d4-79bd2954cd34@group-70DB9A92BEB8: changes role from CANDIDATE to FOLLOWER at term 2 for candidate:90abb50b-a825-4713-87e3-513268b12874
2021-10-27 07:37:54,648 [grpc-default-executor-0] INFO  impl.RoleInfo (RoleInfo.java:shutdownLeaderElection(121)) - 8a94fc5b-68bf-440e-a2d4-79bd2954cd34: shutdown 8a94fc5b-68bf-440e-a2d4-79bd2954cd34@group-70DB9A92BEB8-LeaderElection29
2021-10-27 07:37:54,648 [grpc-default-executor-0] INFO  impl.RoleInfo (RoleInfo.java:updateAndGet(130)) - 8a94fc5b-68bf-440e-a2d4-79bd2954cd34: start 8a94fc5b-68bf-440e-a2d4-79bd2954cd34@group-70DB9A92BEB8-FollowerState
2021-10-27 07:37:54,647 [90abb50b-a825-4713-87e3-513268b12874@group-70DB9A92BEB8-LeaderElection27] INFO  impl.LeaderElection (LeaderElection.java:askForVotes(308)) - 90abb50b-a825-4713-87e3-513268b12874@group-70DB9A92BEB8-LeaderElection27 ELECTION round 0: result PASSED
2021-10-27 07:37:54,651 [90abb50b-a825-4713-87e3-513268b12874@group-70DB9A92BEB8-LeaderElection27] INFO  impl.RoleInfo (RoleInfo.java:shutdownLeaderElection(121)) - 90abb50b-a825-4713-87e3-513268b12874: shutdown 90abb50b-a825-4713-87e3-513268b12874@group-70DB9A92BEB8-LeaderElection27
2021-10-27 07:37:54,651 [90abb50b-a825-4713-87e3-513268b12874@group-70DB9A92BEB8-LeaderElection27] INFO  server.RaftServer$Division (RaftServerImpl.java:setRole(290)) - 90abb50b-a825-4713-87e3-513268b12874@group-70DB9A92BEB8: changes role from CANDIDATE to LEADER at term 2 for changeToLeader
2021-10-27 07:37:54,651 [90abb50b-a825-4713-87e3-513268b12874@group-70DB9A92BEB8-LeaderElection27] INFO  ratis.XceiverServerRatis (XceiverServerRatis.java:handleLeaderChangedNotification(866)) - Leader change notification received for group: group-70DB9A92BEB8 with new leaderId: 90abb50b-a825-4713-87e3-513268b12874
2021-10-27 07:37:54,651 [90abb50b-a825-4713-87e3-513268b12874@group-70DB9A92BEB8-LeaderElection27] INFO  server.RaftServer$Division (ServerState.java:setLeader(285)) - 90abb50b-a825-4713-87e3-513268b12874@group-70DB9A92BEB8: change Leader from null to 90abb50b-a825-4713-87e3-513268b12874 at term 2 for becomeLeader, leader elected after 10233ms
2021-10-27 07:37:54,651 [90abb50b-a825-4713-87e3-513268b12874@group-70DB9A92BEB8-LeaderElection27] INFO  server.RaftServerConfigKeys (ConfUtils.java:logGet(44)) - raft.server.staging.catchup.gap = 1000 (default)
2021-10-27 07:37:54,652 [90abb50b-a825-4713-87e3-513268b12874@group-70DB9A92BEB8-LeaderElection27] INFO  server.RaftServerConfigKeys (ConfUtils.java:logGet(44)) - raft.server.write.element-limit = 1024 (custom)
2021-10-27 07:37:54,652 [90abb50b-a825-4713-87e3-513268b12874@group-70DB9A92BEB8-LeaderElection27] INFO  server.RaftServerConfigKeys (ConfUtils.java:logGet(44)) - raft.server.write.byte-limit = 1024 M (=1073741824) (custom)
2021-10-27 07:37:54,652 [90abb50b-a825-4713-87e3-513268b12874@group-70DB9A92BEB8-LeaderElection27] INFO  server.RaftServerConfigKeys (ConfUtils.java:logGet(44)) - raft.server.watch.timeout = 180s (custom)
2021-10-27 07:37:54,652 [90abb50b-a825-4713-87e3-513268b12874@group-70DB9A92BEB8-LeaderElection27] INFO  server.RaftServerConfigKeys (ConfUtils.java:logGet(44)) - raft.server.watch.timeout.denomination = 1s (default)
2021-10-27 07:37:54,652 [90abb50b-a825-4713-87e3-513268b12874@group-70DB9A92BEB8-LeaderElection27] INFO  server.RaftServerConfigKeys (ConfUtils.java:logGet(44)) - raft.server.watch.element-limit = 65536 (default)
2021-10-27 07:37:54,652 [90abb50b-a825-4713-87e3-513268b12874@group-70DB9A92BEB8-LeaderElection27] INFO  server.RaftServerConfigKeys (ConfUtils.java:logGet(44)) - raft.server.write.element-limit = 1024 (custom)
2021-10-27 07:37:54,654 [90abb50b-a825-4713-87e3-513268b12874@group-70DB9A92BEB8-LeaderElection27] INFO  server.RaftServerConfigKeys (ConfUtils.java:logGet(44)) - raft.server.write.follower.gap.ratio.max = -1.0 (default)
2021-10-27 07:37:54,653 [EventQueue-PipelineReportForPipelineReportHandler] INFO  pipeline.PipelineManagerImpl (PipelineManagerImpl.java:openPipeline(289)) - Pipeline Pipeline[ Id: 6044c0cf-587b-4c20-8483-70db9a92beb8, Nodes: 90abb50b-a825-4713-87e3-513268b12874{ip: 10.1.0.27, host: fv-az270-913.tacnzluakwdehk1hpragurqkma.bx.internal.cloudapp.net, ports: [REPLICATION=32909, RATIS=41119, RATIS_ADMIN=41119, RATIS_SERVER=41119, STANDALONE=33273], networkLocation: /default-rack, certSerialId: null, persistedOpState: IN_SERVICE, persistedOpStateExpiryEpochSec: 0}8a94fc5b-68bf-440e-a2d4-79bd2954cd34{ip: 10.1.0.27, host: fv-az270-913.tacnzluakwdehk1hpragurqkma.bx.internal.cloudapp.net, ports: [REPLICATION=36889, RATIS=38139, RATIS_ADMIN=38139, RATIS_SERVER=38139, STANDALONE=43199], networkLocation: /default-rack, certSerialId: null, persistedOpState: IN_SERVICE, persistedOpStateExpiryEpochSec: 0}06710a81-f387-4505-8c81-c7e250b9aeec{ip: 10.1.0.27, host: fv-az270-913.tacnzluakwdehk1hpragurqkma.bx.internal.cloudapp.net, ports: [REPLICATION=38055, RATIS=36323, RATIS_ADMIN=36323, RATIS_SERVER=36323, STANDALONE=32837], networkLocation: /default-rack, certSerialId: null, persistedOpState: IN_SERVICE, persistedOpStateExpiryEpochSec: 0}, ReplicationConfig: RATIS/THREE, State:ALLOCATED, leaderId:90abb50b-a825-4713-87e3-513268b12874, CreationTimestamp2021-10-27T07:37:42.394Z[Etc/UTC]] moved to OPEN state
2021-10-27 07:37:54,654 [90abb50b-a825-4713-87e3-513268b12874@group-70DB9A92BEB8-LeaderElection27] INFO  server.RaftServerConfigKeys (ConfUtils.java:logGet(44)) - raft.server.log.appender.snapshot.chunk.size.max = 16MB (=16777216) (default)
2021-10-27 07:37:54,654 [90abb50b-a825-4713-87e3-513268b12874@group-70DB9A92BEB8-LeaderElection27] INFO  server.RaftServerConfigKeys (ConfUtils.java:logGet(44)) - raft.server.log.appender.buffer.byte-limit = 33554432 (custom)
2021-10-27 07:37:54,654 [90abb50b-a825-4713-87e3-513268b12874@group-70DB9A92BEB8-LeaderElection27] INFO  server.RaftServerConfigKeys (ConfUtils.java:logGet(44)) - raft.server.log.appender.buffer.element-limit = 1 (custom)
2021-10-27 07:37:54,654 [90abb50b-a825-4713-87e3-513268b12874@group-70DB9A92BEB8-LeaderElection27] INFO  grpc.GrpcConfigKeys (ConfUtils.java:logGet(44)) - raft.grpc.server.leader.outstanding.appends.max = 128 (default)
2021-10-27 07:37:54,654 [90abb50b-a825-4713-87e3-513268b12874@group-70DB9A92BEB8-LeaderElection27] INFO  server.RaftServerConfigKeys (ConfUtils.java:logGet(44)) - raft.server.rpc.request.timeout = 60s (custom)
2021-10-27 07:37:54,655 [90abb50b-a825-4713-87e3-513268b12874@group-70DB9A92BEB8-LeaderElection27] INFO  server.RaftServerConfigKeys (ConfUtils.java:logGet(44)) - raft.server.log.appender.install.snapshot.enabled = false (custom)
2021-10-27 07:37:54,653 [grpc-default-executor-0] INFO  server.RaftServer$Division (RaftServerImpl.java:requestVote(1078)) - 8a94fc5b-68bf-440e-a2d4-79bd2954cd34@group-70DB9A92BEB8 replies to ELECTION vote request: 90abb50b-a825-4713-87e3-513268b12874<-8a94fc5b-68bf-440e-a2d4-79bd2954cd34#0:OK-t2. Peer's state: 8a94fc5b-68bf-440e-a2d4-79bd2954cd34@group-70DB9A92BEB8:t2, leader=null, voted=90abb50b-a825-4713-87e3-513268b12874, raftlog=8a94fc5b-68bf-440e-a2d4-79bd2954cd34@group-70DB9A92BEB8-SegmentedRaftLog:OPENED:c-1, conf=-1: [90abb50b-a825-4713-87e3-513268b12874|rpc:10.1.0.27:41119|dataStream:|priority:1, 06710a81-f387-4505-8c81-c7e250b9aeec|rpc:10.1.0.27:36323|dataStream:|priority:0, 8a94fc5b-68bf-440e-a2d4-79bd2954cd34|rpc:10.1.0.27:38139|dataStream:|priority:0], old=null
2021-10-27 07:37:54,654 [EventQueue-OpenPipelineForHealthyPipelineSafeModeRule] INFO  safemode.SCMSafeModeManager (HealthyPipelineSafeModeRule.java:process(124)) - SCM in safe mode. Healthy pipelines reported count is 1, required healthy pipeline reported count is 1
2021-10-27 07:37:54,655 [EventQueue-OpenPipelineForHealthyPipelineSafeModeRule] INFO  safemode.SCMSafeModeManager (SCMSafeModeManager.java:validateSafeModeExitRules(204)) - HealthyPipelineSafeModeRule rule is successfully validated
2021-10-27 07:37:54,655 [EventQueue-OpenPipelineForHealthyPipelineSafeModeRule] INFO  safemode.SCMSafeModeManager (SCMSafeModeManager.java:validateSafeModeExitRules(219)) - ScmSafeModeManager, all rules are successfully validated
2021-10-27 07:37:54,655 [EventQueue-OpenPipelineForHealthyPipelineSafeModeRule] INFO  safemode.SCMSafeModeManager (SCMSafeModeManager.java:exitSafeMode(248)) - SCM exiting safe mode.
2021-10-27 07:37:54,655 [EventQueue-OpenPipelineForHealthyPipelineSafeModeRule] WARN  events.EventQueue (EventQueue.java:fireEvent(194)) - No event handler registered for event TypedEvent{payloadType=SafeModeStatus, name='Safe mode status'}
2021-10-27 07:37:54,655 [EventQueue-OpenPipelineForHealthyPipelineSafeModeRule] INFO  ha.SCMContext (SCMContext.java:updateSafeModeStatus(205)) - Update SafeModeStatus from SafeModeStatus{safeModeStatus=true, preCheckPassed=true} to SafeModeStatus{safeModeStatus=false, preCheckPassed=true}.
2021-10-27 07:37:54,655 [EventQueue-OpenPipelineForHealthyPipelineSafeModeRule] INFO  pipeline.BackgroundPipelineCreator (BackgroundPipelineCreator.java:notifyStatusChanged(264)) - Service BackgroundPipelineCreator transitions to RUNNING.
2021-10-27 07:37:54,655 [EventQueue-OpenPipelineForHealthyPipelineSafeModeRule] INFO  container.ReplicationManager (ReplicationManager.java:notifyStatusChanged(1746)) - Service ReplicationManager transitions to RUNNING.
2021-10-27 07:37:54,658 [90abb50b-a825-4713-87e3-513268b12874@group-70DB9A92BEB8-LeaderElection27] INFO  server.RaftServerConfigKeys (ConfUtils.java:logGet(44)) - raft.server.log.appender.snapshot.chunk.size.max = 16MB (=16777216) (default)
2021-10-27 07:37:54,658 [90abb50b-a825-4713-87e3-513268b12874@group-70DB9A92BEB8-LeaderElection27] INFO  server.RaftServerConfigKeys (ConfUtils.java:logGet(44)) - raft.server.log.appender.buffer.byte-limit = 33554432 (custom)
2021-10-27 07:37:54,658 [90abb50b-a825-4713-87e3-513268b12874@group-70DB9A92BEB8-LeaderElection27] INFO  server.RaftServerConfigKeys (ConfUtils.java:logGet(44)) - raft.server.log.appender.buffer.element-limit = 1 (custom)
2021-10-27 07:37:54,658 [90abb50b-a825-4713-87e3-513268b12874@group-70DB9A92BEB8-LeaderElection27] INFO  grpc.GrpcConfigKeys (ConfUtils.java:logGet(44)) - raft.grpc.server.leader.outstanding.appends.max = 128 (default)
2021-10-27 07:37:54,658 [90abb50b-a825-4713-87e3-513268b12874@group-70DB9A92BEB8-LeaderElection27] INFO  server.RaftServerConfigKeys (ConfUtils.java:logGet(44)) - raft.server.rpc.request.timeout = 60s (custom)
2021-10-27 07:37:54,662 [90abb50b-a825-4713-87e3-513268b12874@group-70DB9A92BEB8-LeaderElection27] INFO  server.RaftServerConfigKeys (ConfUtils.java:logGet(44)) - raft.server.log.appender.install.snapshot.enabled = false (custom)
2021-10-27 07:37:54,663 [90abb50b-a825-4713-87e3-513268b12874@group-70DB9A92BEB8-LeaderElection27] INFO  impl.RoleInfo (RoleInfo.java:updateAndGet(130)) - 90abb50b-a825-4713-87e3-513268b12874: start 90abb50b-a825-4713-87e3-513268b12874@group-70DB9A92BEB8-LeaderStateImpl
2021-10-27 07:37:54,663 [90abb50b-a825-4713-87e3-513268b12874@group-70DB9A92BEB8-LeaderElection27] INFO  segmented.SegmentedRaftLogWorker (SegmentedRaftLogWorker.java:startLogSegment(394)) - 90abb50b-a825-4713-87e3-513268b12874@group-70DB9A92BEB8-SegmentedRaftLogWorker: Starting segment from index:0
2021-10-27 07:37:54,670 [90abb50b-a825-4713-87e3-513268b12874@group-70DB9A92BEB8-SegmentedRaftLogWorker] INFO  segmented.SegmentedRaftLogWorker (SegmentedRaftLogWorker.java:execute(601)) - 90abb50b-a825-4713-87e3-513268b12874@group-70DB9A92BEB8-SegmentedRaftLogWorker: created new log segment /home/runner/work/ozone/ozone/hadoop-ozone/integration-test/target/test-dir/MiniOzoneClusterImpl-166db4ac-5aa3-4efc-b377-a8ff7cd8c20d/datanode-5/data/ratis/6044c0cf-587b-4c20-8483-70db9a92beb8/current/log_inprogress_0
2021-10-27 07:37:54,681 [grpc-default-executor-2] INFO  ratis.XceiverServerRatis (XceiverServerRatis.java:handleLeaderChangedNotification(866)) - Leader change notification received for group: group-70DB9A92BEB8 with new leaderId: 90abb50b-a825-4713-87e3-513268b12874
2021-10-27 07:37:54,682 [grpc-default-executor-2] INFO  server.RaftServer$Division (ServerState.java:setLeader(285)) - 8a94fc5b-68bf-440e-a2d4-79bd2954cd34@group-70DB9A92BEB8: change Leader from null to 90abb50b-a825-4713-87e3-513268b12874 at term 2 for appendEntries, leader elected after 10221ms
2021-10-27 07:37:54,684 [90abb50b-a825-4713-87e3-513268b12874@group-70DB9A92BEB8-LeaderElection27] INFO  server.RaftServer$Division (ServerState.java:setRaftConf(387)) - 90abb50b-a825-4713-87e3-513268b12874@group-70DB9A92BEB8: set configuration 0: [90abb50b-a825-4713-87e3-513268b12874|rpc:10.1.0.27:41119|dataStream:|priority:1, 06710a81-f387-4505-8c81-c7e250b9aeec|rpc:10.1.0.27:36323|dataStream:|priority:0, 8a94fc5b-68bf-440e-a2d4-79bd2954cd34|rpc:10.1.0.27:38139|dataStream:|priority:0], old=null
2021-10-27 07:37:54,689 [grpc-default-executor-2] INFO  server.RaftServer$Division (ServerState.java:setRaftConf(387)) - 8a94fc5b-68bf-440e-a2d4-79bd2954cd34@group-70DB9A92BEB8: set configuration 0: [90abb50b-a825-4713-87e3-513268b12874|rpc:10.1.0.27:41119|dataStream:|priority:1, 06710a81-f387-4505-8c81-c7e250b9aeec|rpc:10.1.0.27:36323|dataStream:|priority:0, 8a94fc5b-68bf-440e-a2d4-79bd2954cd34|rpc:10.1.0.27:38139|dataStream:|priority:0], old=null
2021-10-27 07:37:54,690 [grpc-default-executor-2] INFO  segmented.SegmentedRaftLogWorker (SegmentedRaftLogWorker.java:startLogSegment(394)) - 8a94fc5b-68bf-440e-a2d4-79bd2954cd34@group-70DB9A92BEB8-SegmentedRaftLogWorker: Starting segment from index:0
2021-10-27 07:37:54,691 [grpc-default-executor-2] INFO  ratis.XceiverServerRatis (XceiverServerRatis.java:handleLeaderChangedNotification(866)) - Leader change notification received for group: group-70DB9A92BEB8 with new leaderId: 90abb50b-a825-4713-87e3-513268b12874
2021-10-27 07:37:54,691 [grpc-default-executor-2] INFO  server.RaftServer$Division (ServerState.java:setLeader(285)) - 06710a81-f387-4505-8c81-c7e250b9aeec@group-70DB9A92BEB8: change Leader from null to 90abb50b-a825-4713-87e3-513268b12874 at term 2 for appendEntries, leader elected after 10321ms
2021-10-27 07:37:54,693 [grpc-default-executor-2] INFO  server.RaftServer$Division (ServerState.java:setRaftConf(387)) - 06710a81-f387-4505-8c81-c7e250b9aeec@group-70DB9A92BEB8: set configuration 0: [90abb50b-a825-4713-87e3-513268b12874|rpc:10.1.0.27:41119|dataStream:|priority:1, 06710a81-f387-4505-8c81-c7e250b9aeec|rpc:10.1.0.27:36323|dataStream:|priority:0, 8a94fc5b-68bf-440e-a2d4-79bd2954cd34|rpc:10.1.0.27:38139|dataStream:|priority:0], old=null
2021-10-27 07:37:54,693 [grpc-default-executor-2] INFO  segmented.SegmentedRaftLogWorker (SegmentedRaftLogWorker.java:startLogSegment(394)) - 06710a81-f387-4505-8c81-c7e250b9aeec@group-70DB9A92BEB8-SegmentedRaftLogWorker: Starting segment from index:0
2021-10-27 07:37:54,695 [8a94fc5b-68bf-440e-a2d4-79bd2954cd34@group-70DB9A92BEB8-SegmentedRaftLogWorker] INFO  segmented.SegmentedRaftLogWorker (SegmentedRaftLogWorker.java:execute(601)) - 8a94fc5b-68bf-440e-a2d4-79bd2954cd34@group-70DB9A92BEB8-SegmentedRaftLogWorker: created new log segment /home/runner/work/ozone/ozone/hadoop-ozone/integration-test/target/test-dir/MiniOzoneClusterImpl-166db4ac-5aa3-4efc-b377-a8ff7cd8c20d/datanode-4/data/ratis/6044c0cf-587b-4c20-8483-70db9a92beb8/current/log_inprogress_0
2021-10-27 07:37:54,699 [06710a81-f387-4505-8c81-c7e250b9aeec@group-70DB9A92BEB8-SegmentedRaftLogWorker] INFO  segmented.SegmentedRaftLogWorker (SegmentedRaftLogWorker.java:execute(601)) - 06710a81-f387-4505-8c81-c7e250b9aeec@group-70DB9A92BEB8-SegmentedRaftLogWorker: created new log segment /home/runner/work/ozone/ozone/hadoop-ozone/integration-test/target/test-dir/MiniOzoneClusterImpl-166db4ac-5aa3-4efc-b377-a8ff7cd8c20d/datanode-3/data/ratis/6044c0cf-587b-4c20-8483-70db9a92beb8/current/log_inprogress_0
2021-10-27 07:37:55,273 [main] INFO  statemachine.DatanodeStateMachine (DatanodeStateMachine.java:stopDaemon(526)) - Ozone container server stopped.
2021-10-27 07:37:55,282 [main] INFO  handler.ContextHandler (ContextHandler.java:doStop(1153)) - Stopped o.e.j.w.WebAppContext@5fbdbc53{hddsDatanode,/,null,STOPPED}{jar:file:/home/runner/.m2/repository/org/apache/ozone/hdds-container-service/1.2.0-SNAPSHOT/hdds-container-service-1.2.0-SNAPSHOT.jar!/webapps/hddsDatanode}
2021-10-27 07:37:55,290 [main] INFO  server.AbstractConnector (AbstractConnector.java:doStop(381)) - Stopped ServerConnector@647c4eac{HTTP/1.1, (http/1.1)}{0.0.0.0:0}
2021-10-27 07:37:55,290 [main] INFO  server.session (HouseKeeper.java:stopScavenging(149)) - node0 Stopped scavenging
2021-10-27 07:37:55,293 [main] INFO  handler.ContextHandler (ContextHandler.java:doStop(1153)) - Stopped o.e.j.s.ServletContextHandler@7e5f3eb1{static,/static,jar:file:/home/runner/.m2/repository/org/apache/ozone/hdds-container-service/1.2.0-SNAPSHOT/hdds-container-service-1.2.0-SNAPSHOT.jar!/webapps/static,STOPPED}
2021-10-27 07:37:55,296 [main] INFO  handler.ContextHandler (ContextHandler.java:doStop(1153)) - Stopped o.e.j.s.ServletContextHandler@50211696{logs,/logs,file:///home/runner/work/ozone/ozone/hadoop-ozone/integration-test/target/log,STOPPED}
2021-10-27 07:37:55,313 [main] WARN  impl.MetricRegistriesImpl (MetricRegistriesImpl.java:addReporterRegistration(111)) - New reporters are added after registries were created. Some metrics will be missing from the reporter. Please add reporter before adding any new registry.
2021-10-27 07:37:55,314 [main] WARN  impl.MetricRegistriesImpl (MetricRegistriesImpl.java:addReporterRegistration(111)) - New reporters are added after registries were created. Some metrics will be missing from the reporter. Please add reporter before adding any new registry.
2021-10-27 07:37:55,314 [main] INFO  impl.MetricsSystemImpl (MetricsSystemImpl.java:init(158)) - HddsDatanode metrics system started (again)
2021-10-27 07:37:55,362 [main] INFO  ozone.HddsDatanodeService (HddsDatanodeService.java:start(234)) - HddsDatanodeService host:fv-az270-913.tacnzluakwdehk1hpragurqkma.bx.internal.cloudapp.net ip:10.1.0.27
2021-10-27 07:37:55,369 [ReplicationMonitor] INFO  container.ReplicationManager (ReplicationManager.java:processAll(371)) - Replication Monitor Thread took 0 milliseconds for processing 6 containers.
2021-10-27 07:37:55,394 [Listener at 127.0.0.1/33029] INFO  ozone.MiniOzoneClusterImpl (MiniOzoneClusterImpl.java:lambda$waitForClusterToBeReady$0(235)) - Nodes are ready. Got 6 of 6 DN Heartbeats.
2021-10-27 07:37:55,395 [Listener at 127.0.0.1/33029] INFO  ozone.MiniOzoneClusterImpl (MiniOzoneClusterImpl.java:lambda$waitForClusterToBeReady$0(238)) - Cluster exits safe mode
2021-10-27 07:37:55,395 [Listener at 127.0.0.1/33029] INFO  ozone.MiniOzoneClusterImpl (MiniOzoneClusterImpl.java:lambda$waitForClusterToBeReady$0(240)) - SCM became leader
2021-10-27 07:37:55,399 [Listener at 127.0.0.1/33029] WARN  server.ServerUtils (ServerUtils.java:getScmDbDir(148)) - ozone.scm.db.dirs is not configured. We recommend adding this setting. Falling back to ozone.metadata.dirs instead.
2021-10-27 07:37:55,404 [Listener at 127.0.0.1/33029] INFO  ha.SCMHANodeDetails (SCMHANodeDetails.java:loadSCMHAConfig(157)) - ServiceID for StorageContainerManager is null
2021-10-27 07:37:55,405 [Listener at 127.0.0.1/33029] INFO  ha.SCMHANodeDetails (SCMHANodeDetails.java:loadSCMHAConfig(162)) - ozone.scm.default.service.id is not defined, falling back to ozone.scm.service.ids to find serviceID for StorageContainerManager if it is HA enabled cluster
2021-10-27 07:37:55,408 [main] INFO  upgrade.AbstractLayoutVersionManager (AbstractLayoutVersionManager.java:init(79)) - Initializing Layout version manager with metadata layout = SCM_HA (version = 2), software layout = SCM_HA (version = 2)
2021-10-27 07:37:55,411 [Listener at 127.0.0.1/33029] WARN  server.ServerUtils (ServerUtils.java:getScmDbDir(148)) - ozone.scm.db.dirs is not configured. We recommend adding this setting. Falling back to ozone.metadata.dirs instead.
2021-10-27 07:37:55,411 [Listener at 127.0.0.1/33029] INFO  upgrade.AbstractLayoutVersionManager (AbstractLayoutVersionManager.java:init(79)) - Initializing Layout version manager with metadata layout = SCM_HA (version = 2), software layout = SCM_HA (version = 2)
2021-10-27 07:37:55,481 [Mini-Cluster-Provider-Reap] INFO  ozone.MiniOzoneClusterImpl (MiniOzoneClusterImpl.java:shutdown(453)) - Shutting down the Mini Ozone Cluster
2021-10-27 07:37:55,484 [Mini-Cluster-Provider-Reap] INFO  ozone.MiniOzoneClusterImpl (MiniOzoneClusterImpl.java:stop(468)) - Stopping the Mini Ozone Cluster
2021-10-27 07:37:55,484 [Mini-Cluster-Provider-Reap] INFO  ozone.MiniOzoneClusterImpl (MiniOzoneClusterImpl.java:stopOM(550)) - Stopping the OzoneManager
2021-10-27 07:37:55,484 [Mini-Cluster-Provider-Reap] INFO  om.OzoneManager (OzoneManager.java:stop(1651)) - Stopping Ozone Manager
2021-10-27 07:37:55,486 [Mini-Cluster-Provider-Reap] INFO  ipc.Server (Server.java:stop(3414)) - Stopping server on 37745
2021-10-27 07:37:55,506 [ReplicationMonitor] INFO  container.ReplicationManager (ReplicationManager.java:processAll(371)) - Replication Monitor Thread took 0 milliseconds for processing 0 containers.
2021-10-27 07:37:55,520 [IPC Server listener on 0] INFO  ipc.Server (Server.java:run(1376)) - Stopping IPC Server listener on 0
2021-10-27 07:37:55,521 [IPC Server Responder] INFO  ipc.Server (Server.java:run(1512)) - Stopping IPC Server Responder
2021-10-27 07:37:55,532 [Mini-Cluster-Provider-Reap] INFO  server.RaftServer (RaftServerProxy.java:lambda$close$6(391)) - om1: close
2021-10-27 07:37:55,536 [Mini-Cluster-Provider-Reap] INFO  server.RaftServer$Division (RaftServerImpl.java:lambda$close$4(412)) - om1@group-C5BA1605619E: shutdown
2021-10-27 07:37:55,536 [Mini-Cluster-Provider-Reap] INFO  util.JmxRegister (JmxRegister.java:unregister(73)) - Successfully un-registered JMX Bean with object name Ratis:service=RaftServer,group=group-C5BA1605619E,id=om1
2021-10-27 07:37:55,536 [Mini-Cluster-Provider-Reap] INFO  impl.RoleInfo (RoleInfo.java:shutdownLeaderState(91)) - om1: shutdown om1@group-C5BA1605619E-LeaderStateImpl
2021-10-27 07:37:55,536 [Mini-Cluster-Provider-Reap] INFO  impl.PendingRequests (PendingRequests.java:sendNotLeaderResponses(282)) - om1@group-C5BA1605619E-PendingRequests: sendNotLeaderResponses
2021-10-27 07:37:55,543 [Mini-Cluster-Provider-Reap] INFO  impl.StateMachineUpdater (StateMachineUpdater.java:stopAndJoin(149)) - om1@group-C5BA1605619E-StateMachineUpdater: set stopIndex = 84
2021-10-27 07:37:55,544 [om1@group-C5BA1605619E-StateMachineUpdater] INFO  ratis.OzoneManagerStateMachine (OzoneManagerStateMachine.java:takeSnapshot(417)) - Current Snapshot Index (t:1, i:84)
2021-10-27 07:37:55,553 [om1@group-C5BA1605619E-StateMachineUpdater] INFO  impl.StateMachineUpdater (StateMachineUpdater.java:takeSnapshot(281)) - om1@group-C5BA1605619E-StateMachineUpdater: Took a snapshot at index 84
2021-10-27 07:37:55,553 [om1@group-C5BA1605619E-StateMachineUpdater] INFO  impl.StateMachineUpdater (StateMachineUpdater.java:lambda$new$0(89)) - om1@group-C5BA1605619E-StateMachineUpdater: snapshotIndex: updateIncreasingly -1 -> 84
2021-10-27 07:37:55,553 [om1@group-C5BA1605619E-StateMachineUpdater] INFO  ratis.OzoneManagerStateMachine (OzoneManagerStateMachine.java:close(471)) - StateMachine has shutdown. Shutdown OzoneManager if not already shutdown.
2021-10-27 07:37:55,553 [Mini-Cluster-Provider-Reap] INFO  server.RaftServer$Division (ServerState.java:close(419)) - om1@group-C5BA1605619E: closes. applyIndex: 84
]]></system-out>
  </testcase>
  <testcase name="testContainerIsReplicatedWhenAllNodesGotoMaintenance" classname="org.apache.hadoop.ozone.scm.node.TestDecommissionAndMaintenance" time="24.559"/>
  <testcase name="testMaintenanceEndsAutomaticallyAtTimeout" classname="org.apache.hadoop.ozone.scm.node.TestDecommissionAndMaintenance" time="41.054"/>
  <testcase name="testSingleNodeWithOpenPipelineCanGotoMaintenance" classname="org.apache.hadoop.ozone.scm.node.TestDecommissionAndMaintenance" time="45.511"/>
  <testcase name="testSCMHandlesRestartForMaintenanceNode" classname="org.apache.hadoop.ozone.scm.node.TestDecommissionAndMaintenance" time="34.306"/>
  <testcase name="testStoppedDecommissionedNodeTakesSCMStateOnRestart" classname="org.apache.hadoop.ozone.scm.node.TestDecommissionAndMaintenance" time="32.138"/>
  <testcase name="testEnteringMaintenanceNodeCompletesAfterSCMRestart" classname="org.apache.hadoop.ozone.scm.node.TestDecommissionAndMaintenance" time="21.292"/>
  <testcase name="testDecommissioningNodesCompleteDecommissionOnSCMRestart" classname="org.apache.hadoop.ozone.scm.node.TestDecommissionAndMaintenance" time="25.101"/>
</testsuite>