<?xml version="1.0" encoding="UTF-8"?>
<testsuite xmlns:xsi="http://www.w3.org/2001/XMLSchema-instance" xsi:noNamespaceSchemaLocation="https://maven.apache.org/surefire/maven-surefire-plugin/xsd/surefire-test-report.xsd" version="3.0.2" name="org.apache.ozone.test.NonHATests$ContainerOperations" time="3.409" tests="10" errors="0" skipped="0" failures="1">
  <properties>
    <property name="java.specification.version" value="21"/>
    <property name="sun.jnu.encoding" value="UTF-8"/>
    <property name="java.class.path" value="/home/runner/work/ozone/ozone/hadoop-ozone/integration-test/target/test-classes:/home/runner/work/ozone/ozone/hadoop-ozone/integration-test/target/classes:/home/runner/.m2/repository/ch/qos/reload4j/reload4j/1.2.26/reload4j-1.2.26.jar:/home/runner/.m2/repository/com/fasterxml/jackson/core/jackson-core/2.16.2/jackson-core-2.16.2.jar:/home/runner/.m2/repository/com/fasterxml/jackson/core/jackson-databind/2.16.2/jackson-databind-2.16.2.jar:/home/runner/.m2/repository/com/fasterxml/jackson/core/jackson-annotations/2.16.2/jackson-annotations-2.16.2.jar:/home/runner/.m2/repository/com/github/stephenc/jcip/jcip-annotations/1.0-1/jcip-annotations-1.0-1.jar:/home/runner/.m2/repository/com/google/guava/guava/32.1.3-jre/guava-32.1.3-jre.jar:/home/runner/.m2/repository/com/google/guava/failureaccess/1.0.1/failureaccess-1.0.1.jar:/home/runner/.m2/repository/com/google/guava/listenablefuture/9999.0-empty-to-avoid-conflict-with-guava/listenablefuture-9999.0-empty-to-avoid-conflict-with-guava.jar:/home/runner/.m2/repository/org/checkerframework/checker-qual/3.37.0/checker-qual-3.37.0.jar:/home/runner/.m2/repository/com/google/errorprone/error_prone_annotations/2.29.2/error_prone_annotations-2.29.2.jar:/home/runner/.m2/repository/com/google/j2objc/j2objc-annotations/2.8/j2objc-annotations-2.8.jar:/home/runner/.m2/repository/com/google/protobuf/protobuf-java/2.5.0/protobuf-java-2.5.0.jar:/home/runner/.m2/repository/com/squareup/okhttp3/okhttp/4.12.0/okhttp-4.12.0.jar:/home/runner/.m2/repository/com/squareup/okio/okio/3.6.0/okio-3.6.0.jar:/home/runner/.m2/repository/com/squareup/okio/okio-jvm/3.6.0/okio-jvm-3.6.0.jar:/home/runner/.m2/repository/org/jetbrains/kotlin/kotlin-stdlib-common/1.9.25/kotlin-stdlib-common-1.9.25.jar:/home/runner/.m2/repository/org/jetbrains/kotlin/kotlin-stdlib-jdk8/1.9.25/kotlin-stdlib-jdk8-1.9.25.jar:/home/runner/.m2/repository/org/jetbrains/kotlin/kotlin-stdlib/1.9.25/kotlin-stdlib-1.9.25.jar:/home/runner/.m2/repository/org/jetbrains/annotations/13.0/annotations-13.0.jar:/home/runner/.m2/repository/org/jetbrains/kotlin/kotlin-stdlib-jdk7/1.9.25/kotlin-stdlib-jdk7-1.9.25.jar:/home/runner/.m2/repository/commons-codec/commons-codec/1.17.1/commons-codec-1.17.1.jar:/home/runner/.m2/repository/commons-io/commons-io/2.18.0/commons-io-2.18.0.jar:/home/runner/.m2/repository/commons-validator/commons-validator/1.6/commons-validator-1.6.jar:/home/runner/.m2/repository/commons-beanutils/commons-beanutils/1.11.0/commons-beanutils-1.11.0.jar:/home/runner/.m2/repository/commons-digester/commons-digester/1.8.1/commons-digester-1.8.1.jar:/home/runner/.m2/repository/commons-collections/commons-collections/3.2.2/commons-collections-3.2.2.jar:/home/runner/.m2/repository/info/picocli/picocli/4.7.7/picocli-4.7.7.jar:/home/runner/.m2/repository/jakarta/annotation/jakarta.annotation-api/2.1.1/jakarta.annotation-api-2.1.1.jar:/home/runner/.m2/repository/jakarta/xml/bind/jakarta.xml.bind-api/2.3.3/jakarta.xml.bind-api-2.3.3.jar:/home/runner/.m2/repository/jakarta/activation/jakarta.activation-api/1.2.2/jakarta.activation-api-1.2.2.jar:/home/runner/.m2/repository/javax/servlet/javax.servlet-api/3.1.0/javax.servlet-api-3.1.0.jar:/home/runner/.m2/repository/javax/ws/rs/jsr311-api/1.1.1/jsr311-api-1.1.1.jar:/home/runner/.m2/repository/org/apache/commons/commons-compress/1.27.1/commons-compress-1.27.1.jar:/home/runner/.m2/repository/org/apache/commons/commons-lang3/3.17.0/commons-lang3-3.17.0.jar:/home/runner/.m2/repository/org/apache/commons/commons-text/1.12.0/commons-text-1.12.0.jar:/home/runner/.m2/repository/org/apache/hadoop/hadoop-auth/3.4.1/hadoop-auth-3.4.1.jar:/home/runner/.m2/repository/com/nimbusds/nimbus-jose-jwt/9.40/nimbus-jose-jwt-9.40.jar:/home/runner/.m2/repository/io/dropwizard/metrics/metrics-core/3.2.6/metrics-core-3.2.6.jar:/home/runner/.m2/repository/org/apache/kerby/kerb-core/1.0.1/kerb-core-1.0.1.jar:/home/runner/.m2/repository/org/apache/kerby/kerby-pkix/1.0.1/kerby-pkix-1.0.1.jar:/home/runner/.m2/repository/org/apache/kerby/kerby-asn1/1.0.1/kerby-asn1-1.0.1.jar:/home/runner/.m2/repository/org/apache/kerby/kerb-util/1.0.1/kerb-util-1.0.1.jar:/home/runner/.m2/repository/org/apache/kerby/kerby-config/1.0.1/kerby-config-1.0.1.jar:/home/runner/.m2/repository/org/apache/kerby/kerb-crypto/1.0.1/kerb-crypto-1.0.1.jar:/home/runner/.m2/repository/org/apache/hadoop/thirdparty/hadoop-shaded-guava/1.3.0/hadoop-shaded-guava-1.3.0.jar:/home/runner/.m2/repository/org/apache/hadoop/hadoop-common/3.4.1/hadoop-common-3.4.1.jar:/home/runner/.m2/repository/org/apache/hadoop/thirdparty/hadoop-shaded-protobuf_3_25/1.4.0/hadoop-shaded-protobuf_3_25-1.4.0.jar:/home/runner/.m2/repository/org/apache/hadoop/hadoop-annotations/3.4.1/hadoop-annotations-3.4.1.jar:/home/runner/.m2/repository/commons-cli/commons-cli/1.8.0/commons-cli-1.8.0.jar:/home/runner/.m2/repository/commons-net/commons-net/3.11.1/commons-net-3.11.1.jar:/home/runner/.m2/repository/org/eclipse/jetty/jetty-server/9.4.57.v20241219/jetty-server-9.4.57.v20241219.jar:/home/runner/.m2/repository/org/eclipse/jetty/jetty-io/9.4.57.v20241219/jetty-io-9.4.57.v20241219.jar:/home/runner/.m2/repository/org/eclipse/jetty/jetty-util/9.4.57.v20241219/jetty-util-9.4.57.v20241219.jar:/home/runner/.m2/repository/org/eclipse/jetty/jetty-servlet/9.4.57.v20241219/jetty-servlet-9.4.57.v20241219.jar:/home/runner/.m2/repository/org/eclipse/jetty/jetty-security/9.4.57.v20241219/jetty-security-9.4.57.v20241219.jar:/home/runner/.m2/repository/org/eclipse/jetty/jetty-webapp/9.4.57.v20241219/jetty-webapp-9.4.57.v20241219.jar:/home/runner/.m2/repository/org/eclipse/jetty/jetty-xml/9.4.57.v20241219/jetty-xml-9.4.57.v20241219.jar:/home/runner/.m2/repository/javax/servlet/jsp/jsp-api/2.1/jsp-api-2.1.jar:/home/runner/.m2/repository/org/codehaus/jettison/jettison/1.5.4/jettison-1.5.4.jar:/home/runner/.m2/repository/org/apache/commons/commons-configuration2/2.11.0/commons-configuration2-2.11.0.jar:/home/runner/.m2/repository/com/google/re2j/re2j/1.7/re2j-1.7.jar:/home/runner/.m2/repository/com/google/code/gson/gson/2.10.1/gson-2.10.1.jar:/home/runner/.m2/repository/com/jcraft/jsch/0.1.55/jsch-0.1.55.jar:/home/runner/.m2/repository/io/netty/netty-handler/4.1.109.Final/netty-handler-4.1.109.Final.jar:/home/runner/.m2/repository/io/netty/netty-resolver/4.1.109.Final/netty-resolver-4.1.109.Final.jar:/home/runner/.m2/repository/io/netty/netty-transport-native-epoll/4.1.109.Final/netty-transport-native-epoll-4.1.109.Final.jar:/home/runner/.m2/repository/org/bouncycastle/bcprov-jdk18on/1.81/bcprov-jdk18on-1.81.jar:/home/runner/.m2/repository/org/codehaus/woodstox/stax2-api/4.2.1/stax2-api-4.2.1.jar:/home/runner/.m2/repository/com/fasterxml/woodstox/woodstox-core/5.4.0/woodstox-core-5.4.0.jar:/home/runner/.m2/repository/dnsjava/dnsjava/3.6.1/dnsjava-3.6.1.jar:/home/runner/.m2/repository/org/apache/hadoop/hadoop-common/3.4.1/hadoop-common-3.4.1-tests.jar:/home/runner/.m2/repository/org/apache/commons/commons-math3/3.6.1/commons-math3-3.6.1.jar:/home/runner/.m2/repository/com/sun/jersey/jersey-core/1.19.4/jersey-core-1.19.4.jar:/home/runner/.m2/repository/com/sun/jersey/jersey-servlet/1.19.4/jersey-servlet-1.19.4.jar:/home/runner/.m2/repository/com/github/pjfanning/jersey-json/1.22.0/jersey-json-1.22.0.jar:/home/runner/.m2/repository/com/sun/xml/bind/jaxb-impl/2.2.3-1/jaxb-impl-2.2.3-1.jar:/home/runner/.m2/repository/com/sun/jersey/jersey-server/1.19.4/jersey-server-1.19.4.jar:/home/runner/.m2/repository/org/slf4j/slf4j-reload4j/2.0.17/slf4j-reload4j-2.0.17.jar:/home/runner/.m2/repository/org/apache/avro/avro/1.9.2/avro-1.9.2.jar:/home/runner/.m2/repository/org/apache/curator/curator-client/4.2.0/curator-client-4.2.0.jar:/home/runner/.m2/repository/org/apache/curator/curator-recipes/5.2.0/curator-recipes-5.2.0.jar:/home/runner/.m2/repository/org/apache/curator/curator-framework/4.2.0/curator-framework-4.2.0.jar:/home/runner/.m2/repository/com/google/code/findbugs/jsr305/3.0.2/jsr305-3.0.2.jar:/home/runner/.m2/repository/org/apache/zookeeper/zookeeper/3.8.4/zookeeper-3.8.4.jar:/home/runner/.m2/repository/org/apache/zookeeper/zookeeper-jute/3.8.4/zookeeper-jute-3.8.4.jar:/home/runner/.m2/repository/org/apache/yetus/audience-annotations/0.12.0/audience-annotations-0.12.0.jar:/home/runner/.m2/repository/org/xerial/snappy/snappy-java/1.1.10.7/snappy-java-1.1.10.7.jar:/home/runner/.m2/repository/org/apache/hadoop/hadoop-distcp/3.4.1/hadoop-distcp-3.4.1.jar:/home/runner/.m2/repository/org/apache/hadoop/hadoop-distcp/3.4.1/hadoop-distcp-3.4.1-tests.jar:/home/runner/.m2/repository/org/apache/hadoop/hadoop-hdfs/3.4.1/hadoop-hdfs-3.4.1.jar:/home/runner/.m2/repository/org/eclipse/jetty/jetty-util-ajax/9.4.57.v20241219/jetty-util-ajax-9.4.57.v20241219.jar:/home/runner/.m2/repository/commons-daemon/commons-daemon/1.4.0/commons-daemon-1.4.0.jar:/home/runner/.m2/repository/org/apache/hadoop/hadoop-hdfs/3.4.1/hadoop-hdfs-3.4.1-tests.jar:/home/runner/.m2/repository/io/netty/netty-all/4.1.109.Final/netty-all-4.1.109.Final.jar:/home/runner/.m2/repository/io/netty/netty-codec-dns/4.1.109.Final/netty-codec-dns-4.1.109.Final.jar:/home/runner/.m2/repository/io/netty/netty-codec-haproxy/4.1.109.Final/netty-codec-haproxy-4.1.109.Final.jar:/home/runner/.m2/repository/io/netty/netty-codec-http/4.1.109.Final/netty-codec-http-4.1.109.Final.jar:/home/runner/.m2/repository/io/netty/netty-codec-memcache/4.1.109.Final/netty-codec-memcache-4.1.109.Final.jar:/home/runner/.m2/repository/io/netty/netty-codec-mqtt/4.1.109.Final/netty-codec-mqtt-4.1.109.Final.jar:/home/runner/.m2/repository/io/netty/netty-codec-redis/4.1.109.Final/netty-codec-redis-4.1.109.Final.jar:/home/runner/.m2/repository/io/netty/netty-codec-smtp/4.1.109.Final/netty-codec-smtp-4.1.109.Final.jar:/home/runner/.m2/repository/io/netty/netty-codec-socks/4.1.109.Final/netty-codec-socks-4.1.109.Final.jar:/home/runner/.m2/repository/io/netty/netty-codec-stomp/4.1.109.Final/netty-codec-stomp-4.1.109.Final.jar:/home/runner/.m2/repository/io/netty/netty-codec-xml/4.1.109.Final/netty-codec-xml-4.1.109.Final.jar:/home/runner/.m2/repository/io/netty/netty-handler-ssl-ocsp/4.1.109.Final/netty-handler-ssl-ocsp-4.1.109.Final.jar:/home/runner/.m2/repository/io/netty/netty-resolver-dns/4.1.109.Final/netty-resolver-dns-4.1.109.Final.jar:/home/runner/.m2/repository/io/netty/netty-transport-rxtx/4.1.109.Final/netty-transport-rxtx-4.1.109.Final.jar:/home/runner/.m2/repository/io/netty/netty-transport-sctp/4.1.109.Final/netty-transport-sctp-4.1.109.Final.jar:/home/runner/.m2/repository/io/netty/netty-transport-udt/4.1.109.Final/netty-transport-udt-4.1.109.Final.jar:/home/runner/.m2/repository/io/netty/netty-transport-classes-kqueue/4.1.109.Final/netty-transport-classes-kqueue-4.1.109.Final.jar:/home/runner/.m2/repository/io/netty/netty-resolver-dns-classes-macos/4.1.109.Final/netty-resolver-dns-classes-macos-4.1.109.Final.jar:/home/runner/.m2/repository/io/netty/netty-transport-native-epoll/4.1.109.Final/netty-transport-native-epoll-4.1.109.Final-linux-aarch_64.jar:/home/runner/.m2/repository/io/netty/netty-transport-native-epoll/4.1.109.Final/netty-transport-native-epoll-4.1.109.Final-linux-riscv64.jar:/home/runner/.m2/repository/io/netty/netty-transport-native-kqueue/4.1.109.Final/netty-transport-native-kqueue-4.1.109.Final-osx-x86_64.jar:/home/runner/.m2/repository/io/netty/netty-transport-native-kqueue/4.1.109.Final/netty-transport-native-kqueue-4.1.109.Final-osx-aarch_64.jar:/home/runner/.m2/repository/io/netty/netty-resolver-dns-native-macos/4.1.109.Final/netty-resolver-dns-native-macos-4.1.109.Final-osx-x86_64.jar:/home/runner/.m2/repository/io/netty/netty-resolver-dns-native-macos/4.1.109.Final/netty-resolver-dns-native-macos-4.1.109.Final-osx-aarch_64.jar:/home/runner/.m2/repository/org/fusesource/leveldbjni/leveldbjni-all/1.8/leveldbjni-all-1.8.jar:/home/runner/.m2/repository/org/apache/hadoop/hadoop-hdfs-client/3.4.1/hadoop-hdfs-client-3.4.1.jar:/home/runner/.m2/repository/org/apache/hadoop/hadoop-kms/3.4.1/hadoop-kms-3.4.1.jar:/home/runner/.m2/repository/org/apache/hadoop/hadoop-kms/3.4.1/hadoop-kms-3.4.1-tests.jar:/home/runner/.m2/repository/org/apache/hadoop/hadoop-mapreduce-client-core/3.4.1/hadoop-mapreduce-client-core-3.4.1.jar:/home/runner/.m2/repository/org/apache/hadoop/hadoop-yarn-client/3.4.1/hadoop-yarn-client-3.4.1.jar:/home/runner/.m2/repository/org/eclipse/jetty/websocket/websocket-client/9.4.53.v20231009/websocket-client-9.4.53.v20231009.jar:/home/runner/.m2/repository/org/eclipse/jetty/jetty-client/9.4.57.v20241219/jetty-client-9.4.57.v20241219.jar:/home/runner/.m2/repository/org/eclipse/jetty/websocket/websocket-common/9.4.53.v20231009/websocket-common-9.4.53.v20231009.jar:/home/runner/.m2/repository/org/eclipse/jetty/websocket/websocket-api/9.4.53.v20231009/websocket-api-9.4.53.v20231009.jar:/home/runner/.m2/repository/org/apache/hadoop/hadoop-yarn-api/3.4.1/hadoop-yarn-api-3.4.1.jar:/home/runner/.m2/repository/org/apache/hadoop/hadoop-yarn-common/3.4.1/hadoop-yarn-common-3.4.1.jar:/home/runner/.m2/repository/javax/xml/bind/jaxb-api/2.2.11/jaxb-api-2.2.11.jar:/home/runner/.m2/repository/com/sun/jersey/contribs/jersey-guice/1.19.4/jersey-guice-1.19.4.jar:/home/runner/.m2/repository/com/fasterxml/jackson/module/jackson-module-jaxb-annotations/2.16.2/jackson-module-jaxb-annotations-2.16.2.jar:/home/runner/.m2/repository/com/fasterxml/jackson/jaxrs/jackson-jaxrs-json-provider/2.16.2/jackson-jaxrs-json-provider-2.16.2.jar:/home/runner/.m2/repository/com/google/inject/extensions/guice-servlet/6.0.0/guice-servlet-6.0.0.jar:/home/runner/.m2/repository/org/apache/hadoop/hadoop-mapreduce-client-jobclient/3.4.1/hadoop-mapreduce-client-jobclient-3.4.1.jar:/home/runner/.m2/repository/org/apache/hadoop/hadoop-mapreduce-client-common/3.4.1/hadoop-mapreduce-client-common-3.4.1.jar:/home/runner/.m2/repository/org/apache/hadoop/hadoop-minikdc/3.4.1/hadoop-minikdc-3.4.1.jar:/home/runner/.m2/repository/org/apache/kerby/kerb-simplekdc/2.0.3/kerb-simplekdc-2.0.3.jar:/home/runner/.m2/repository/org/apache/kerby/kerb-client/2.0.3/kerb-client-2.0.3.jar:/home/runner/.m2/repository/org/apache/kerby/kerb-common/2.0.3/kerb-common-2.0.3.jar:/home/runner/.m2/repository/org/apache/kerby/token-provider/2.0.3/token-provider-2.0.3.jar:/home/runner/.m2/repository/org/apache/kerby/kerb-admin/2.0.3/kerb-admin-2.0.3.jar:/home/runner/.m2/repository/org/apache/kerby/kerb-server/2.0.3/kerb-server-2.0.3.jar:/home/runner/.m2/repository/org/apache/kerby/kerb-identity/2.0.3/kerb-identity-2.0.3.jar:/home/runner/.m2/repository/org/apache/kerby/kerby-xdr/2.0.3/kerby-xdr-2.0.3.jar:/home/runner/.m2/repository/junit/junit/4.13.2/junit-4.13.2.jar:/home/runner/.m2/repository/org/hamcrest/hamcrest-core/1.3/hamcrest-core-1.3.jar:/home/runner/.m2/repository/org/apache/httpcomponents/httpclient/4.5.14/httpclient-4.5.14.jar:/home/runner/.m2/repository/org/apache/httpcomponents/httpcore/4.4.16/httpcore-4.4.16.jar:/home/runner/.m2/repository/org/apache/kerby/kerby-util/1.0.1/kerby-util-1.0.1.jar:/home/runner/work/ozone/ozone/hadoop-hdds/client/target/hdds-client-2.1.0-SNAPSHOT.jar:/home/runner/.m2/repository/io/opentracing/opentracing-api/0.33.0/opentracing-api-0.33.0.jar:/home/runner/.m2/repository/io/opentracing/opentracing-util/0.33.0/opentracing-util-0.33.0.jar:/home/runner/.m2/repository/io/opentracing/opentracing-noop/0.33.0/opentracing-noop-0.33.0.jar:/home/runner/work/ozone/ozone/hadoop-hdds/erasurecode/target/hdds-erasurecode-2.1.0-SNAPSHOT.jar:/home/runner/work/ozone/ozone/hadoop-hdds/common/target/hdds-common-2.1.0-SNAPSHOT.jar:/home/runner/.m2/repository/com/fasterxml/jackson/datatype/jackson-datatype-jsr310/2.16.2/jackson-datatype-jsr310-2.16.2.jar:/home/runner/.m2/repository/io/jaegertracing/jaeger-core/1.8.1/jaeger-core-1.8.1.jar:/home/runner/.m2/repository/org/apache/ratis/ratis-netty/3.1.2/ratis-netty-3.1.2.jar:/home/runner/.m2/repository/org/yaml/snakeyaml/2.0/snakeyaml-2.0.jar:/home/runner/.m2/repository/io/jaegertracing/jaeger-client/1.8.1/jaeger-client-1.8.1.jar:/home/runner/.m2/repository/io/jaegertracing/jaeger-thrift/1.8.1/jaeger-thrift-1.8.1.jar:/home/runner/.m2/repository/org/apache/thrift/libthrift/0.15.0/libthrift-0.15.0.jar:/home/runner/.m2/repository/io/jaegertracing/jaeger-tracerresolver/1.8.1/jaeger-tracerresolver-1.8.1.jar:/home/runner/.m2/repository/io/opentracing/contrib/opentracing-tracerresolver/0.1.8/opentracing-tracerresolver-0.1.8.jar:/home/runner/.m2/repository/org/apache/ratis/ratis-metrics-dropwizard3/3.1.2/ratis-metrics-dropwizard3-3.1.2.jar:/home/runner/.m2/repository/org/slf4j/jcl-over-slf4j/2.0.17/jcl-over-slf4j-2.0.17.jar:/home/runner/work/ozone/ozone/hadoop-hdds/common/target/hdds-common-2.1.0-SNAPSHOT-tests.jar:/home/runner/work/ozone/ozone/hadoop-hdds/config/target/hdds-config-2.1.0-SNAPSHOT.jar:/home/runner/work/ozone/ozone/hadoop-hdds/container-service/target/hdds-container-service-2.1.0-SNAPSHOT.jar:/home/runner/.m2/repository/io/netty/netty-buffer/4.1.109.Final/netty-buffer-4.1.109.Final.jar:/home/runner/.m2/repository/io/netty/netty-codec/4.1.109.Final/netty-codec-4.1.109.Final.jar:/home/runner/.m2/repository/io/netty/netty-common/4.1.109.Final/netty-common-4.1.109.Final.jar:/home/runner/.m2/repository/io/netty/netty-transport/4.1.109.Final/netty-transport-4.1.109.Final.jar:/home/runner/.m2/repository/org/apache/logging/log4j/log4j-api/2.24.2/log4j-api-2.24.2.jar:/home/runner/.m2/repository/com/github/luben/zstd-jni/1.5.7-3/zstd-jni-1.5.7-3.jar:/home/runner/.m2/repository/log4j/apache-log4j-extras/1.2.17/apache-log4j-extras-1.2.17.jar:/home/runner/.m2/repository/org/glassfish/jaxb/jaxb-runtime/2.3.9/jaxb-runtime-2.3.9.jar:/home/runner/.m2/repository/org/glassfish/jaxb/txw2/2.3.9/txw2-2.3.9.jar:/home/runner/.m2/repository/com/sun/istack/istack-commons-runtime/3.0.12/istack-commons-runtime-3.0.12.jar:/home/runner/.m2/repository/com/sun/activation/jakarta.activation/1.2.2/jakarta.activation-1.2.2.jar:/home/runner/work/ozone/ozone/hadoop-hdds/container-service/target/hdds-container-service-2.1.0-SNAPSHOT-tests.jar:/home/runner/work/ozone/ozone/hadoop-hdds/interface-admin/target/hdds-interface-admin-2.1.0-SNAPSHOT.jar:/home/runner/work/ozone/ozone/hadoop-hdds/interface-client/target/hdds-interface-client-2.1.0-SNAPSHOT.jar:/home/runner/work/ozone/ozone/hadoop-hdds/interface-server/target/hdds-interface-server-2.1.0-SNAPSHOT.jar:/home/runner/work/ozone/ozone/hadoop-hdds/managed-rocksdb/target/hdds-managed-rocksdb-2.1.0-SNAPSHOT.jar:/home/runner/work/ozone/ozone/hadoop-hdds/rocks-native/target/hdds-rocks-native-2.1.0-SNAPSHOT.jar:/home/runner/work/ozone/ozone/hadoop-hdds/framework/target/hdds-server-framework-2.1.0-SNAPSHOT.jar:/home/runner/.m2/repository/com/github/jnr/jnr-constants/0.10.4/jnr-constants-0.10.4.jar:/home/runner/.m2/repository/com/github/jnr/jnr-posix/3.1.20/jnr-posix-3.1.20.jar:/home/runner/.m2/repository/com/github/jnr/jnr-ffi/2.2.17/jnr-ffi-2.2.17.jar:/home/runner/.m2/repository/com/github/jnr/jffi/1.3.13/jffi-1.3.13.jar:/home/runner/.m2/repository/com/github/jnr/jffi/1.3.13/jffi-1.3.13-native.jar:/home/runner/.m2/repository/org/ow2/asm/asm/9.7.1/asm-9.7.1.jar:/home/runner/.m2/repository/org/ow2/asm/asm-commons/9.7.1/asm-commons-9.7.1.jar:/home/runner/.m2/repository/org/ow2/asm/asm-analysis/9.7.1/asm-analysis-9.7.1.jar:/home/runner/.m2/repository/org/ow2/asm/asm-tree/9.7.1/asm-tree-9.7.1.jar:/home/runner/.m2/repository/org/ow2/asm/asm-util/9.7.1/asm-util-9.7.1.jar:/home/runner/.m2/repository/com/github/jnr/jnr-a64asm/1.0.0/jnr-a64asm-1.0.0.jar:/home/runner/.m2/repository/com/github/jnr/jnr-x86asm/1.0.2/jnr-x86asm-1.0.2.jar:/home/runner/.m2/repository/commons-fileupload/commons-fileupload/1.5/commons-fileupload-1.5.jar:/home/runner/.m2/repository/io/grpc/grpc-api/1.58.0/grpc-api-1.58.0.jar:/home/runner/.m2/repository/io/prometheus/simpleclient/0.16.0/simpleclient-0.16.0.jar:/home/runner/.m2/repository/io/prometheus/simpleclient_common/0.16.0/simpleclient_common-0.16.0.jar:/home/runner/.m2/repository/io/prometheus/simpleclient_dropwizard/0.16.0/simpleclient_dropwizard-0.16.0.jar:/home/runner/.m2/repository/jakarta/ws/rs/jakarta.ws.rs-api/2.1.6/jakarta.ws.rs-api-2.1.6.jar:/home/runner/.m2/repository/org/eclipse/jetty/jetty-http/9.4.57.v20241219/jetty-http-9.4.57.v20241219.jar:/home/runner/.m2/repository/org/glassfish/jersey/containers/jersey-container-servlet-core/2.47/jersey-container-servlet-core-2.47.jar:/home/runner/.m2/repository/org/glassfish/jersey/core/jersey-server/2.47/jersey-server-2.47.jar:/home/runner/.m2/repository/org/glassfish/jersey/core/jersey-client/2.47/jersey-client-2.47.jar:/home/runner/.m2/repository/com/lmax/disruptor/3.4.4/disruptor-3.4.4.jar:/home/runner/.m2/repository/org/apache/logging/log4j/log4j-core/2.24.2/log4j-core-2.24.2.jar:/home/runner/work/ozone/ozone/hadoop-hdds/framework/target/hdds-server-framework-2.1.0-SNAPSHOT-tests.jar:/home/runner/work/ozone/ozone/hadoop-hdds/server-scm/target/hdds-server-scm-2.1.0-SNAPSHOT.jar:/home/runner/work/ozone/ozone/hadoop-hdds/server-scm/target/hdds-server-scm-2.1.0-SNAPSHOT-tests.jar:/home/runner/work/ozone/ozone/hadoop-hdds/test-utils/target/hdds-test-utils-2.1.0-SNAPSHOT-tests.jar:/home/runner/work/ozone/ozone/hadoop-ozone/cli-admin/target/ozone-cli-admin-2.1.0-SNAPSHOT.jar:/home/runner/work/ozone/ozone/hadoop-ozone/cli-shell/target/ozone-cli-shell-2.1.0-SNAPSHOT.jar:/home/runner/.m2/repository/info/picocli/picocli-shell-jline3/4.7.7/picocli-shell-jline3-4.7.7.jar:/home/runner/.m2/repository/org/jline/jline/3.30.4/jline-3.30.4.jar:/home/runner/work/ozone/ozone/hadoop-ozone/client/target/ozone-client-2.1.0-SNAPSHOT.jar:/home/runner/work/ozone/ozone/hadoop-ozone/common/target/ozone-common-2.1.0-SNAPSHOT.jar:/home/runner/.m2/repository/io/grpc/grpc-netty/1.58.0/grpc-netty-1.58.0.jar:/home/runner/.m2/repository/io/grpc/grpc-core/1.58.0/grpc-core-1.58.0.jar:/home/runner/.m2/repository/com/google/android/annotations/4.1.1.4/annotations-4.1.1.4.jar:/home/runner/.m2/repository/org/codehaus/mojo/animal-sniffer-annotations/1.23/animal-sniffer-annotations-1.23.jar:/home/runner/.m2/repository/io/grpc/grpc-context/1.58.0/grpc-context-1.58.0.jar:/home/runner/.m2/repository/io/grpc/grpc-util/1.58.0/grpc-util-1.58.0.jar:/home/runner/.m2/repository/io/perfmark/perfmark-api/0.26.0/perfmark-api-0.26.0.jar:/home/runner/.m2/repository/io/netty/netty-codec-http2/4.1.109.Final/netty-codec-http2-4.1.109.Final.jar:/home/runner/.m2/repository/io/netty/netty-handler-proxy/4.1.109.Final/netty-handler-proxy-4.1.109.Final.jar:/home/runner/.m2/repository/io/netty/netty-tcnative-boringssl-static/2.0.65.Final/netty-tcnative-boringssl-static-2.0.65.Final.jar:/home/runner/.m2/repository/io/netty/netty-tcnative-classes/2.0.65.Final/netty-tcnative-classes-2.0.65.Final.jar:/home/runner/.m2/repository/io/netty/netty-tcnative-boringssl-static/2.0.65.Final/netty-tcnative-boringssl-static-2.0.65.Final-linux-x86_64.jar:/home/runner/.m2/repository/io/netty/netty-tcnative-boringssl-static/2.0.65.Final/netty-tcnative-boringssl-static-2.0.65.Final-linux-aarch_64.jar:/home/runner/.m2/repository/io/netty/netty-tcnative-boringssl-static/2.0.65.Final/netty-tcnative-boringssl-static-2.0.65.Final-osx-x86_64.jar:/home/runner/.m2/repository/io/netty/netty-tcnative-boringssl-static/2.0.65.Final/netty-tcnative-boringssl-static-2.0.65.Final-osx-aarch_64.jar:/home/runner/.m2/repository/io/netty/netty-tcnative-boringssl-static/2.0.65.Final/netty-tcnative-boringssl-static-2.0.65.Final-windows-x86_64.jar:/home/runner/work/ozone/ozone/hadoop-ozone/csi/target/ozone-csi-2.1.0-SNAPSHOT.jar:/home/runner/.m2/repository/io/grpc/grpc-protobuf/1.58.0/grpc-protobuf-1.58.0.jar:/home/runner/.m2/repository/com/google/api/grpc/proto-google-common-protos/2.22.0/proto-google-common-protos-2.22.0.jar:/home/runner/.m2/repository/io/grpc/grpc-protobuf-lite/1.58.0/grpc-protobuf-lite-1.58.0.jar:/home/runner/.m2/repository/io/grpc/grpc-stub/1.58.0/grpc-stub-1.58.0.jar:/home/runner/.m2/repository/io/netty/netty-transport-classes-epoll/4.1.109.Final/netty-transport-classes-epoll-4.1.109.Final.jar:/home/runner/.m2/repository/io/netty/netty-transport-native-unix-common/4.1.109.Final/netty-transport-native-unix-common-4.1.109.Final.jar:/home/runner/.m2/repository/io/netty/netty-transport-native-epoll/4.1.109.Final/netty-transport-native-epoll-4.1.109.Final-linux-x86_64.jar:/home/runner/work/ozone/ozone/hadoop-ozone/ozonefs/target/ozone-filesystem-2.1.0-SNAPSHOT.jar:/home/runner/work/ozone/ozone/hadoop-ozone/ozonefs-common/target/ozone-filesystem-common-2.1.0-SNAPSHOT.jar:/home/runner/work/ozone/ozone/hadoop-ozone/freon/target/ozone-freon-2.1.0-SNAPSHOT.jar:/home/runner/.m2/repository/com/amazonaws/aws-java-sdk-core/1.12.661/aws-java-sdk-core-1.12.661.jar:/home/runner/.m2/repository/com/fasterxml/jackson/dataformat/jackson-dataformat-cbor/2.16.2/jackson-dataformat-cbor-2.16.2.jar:/home/runner/.m2/repository/joda-time/joda-time/2.12.7/joda-time-2.12.7.jar:/home/runner/.m2/repository/com/amazonaws/aws-java-sdk-s3/1.12.661/aws-java-sdk-s3-1.12.661.jar:/home/runner/.m2/repository/com/amazonaws/aws-java-sdk-kms/1.12.661/aws-java-sdk-kms-1.12.661.jar:/home/runner/.m2/repository/com/amazonaws/jmespath-java/1.12.661/jmespath-java-1.12.661.jar:/home/runner/work/ozone/ozone/hadoop-ozone/interface-client/target/ozone-interface-client-2.1.0-SNAPSHOT.jar:/home/runner/work/ozone/ozone/hadoop-ozone/interface-storage/target/ozone-interface-storage-2.1.0-SNAPSHOT.jar:/home/runner/work/ozone/ozone/hadoop-ozone/ozone-manager/target/ozone-manager-2.1.0-SNAPSHOT.jar:/home/runner/.m2/repository/com/sun/jersey/jersey-client/1.19.4/jersey-client-1.19.4.jar:/home/runner/.m2/repository/org/apache/ranger/ranger-plugins-common/2.6.0/ranger-plugins-common-2.6.0.jar:/home/runner/.m2/repository/com/fasterxml/jackson/jaxrs/jackson-jaxrs-base/2.16.2/jackson-jaxrs-base-2.16.2.jar:/home/runner/.m2/repository/com/kstruct/gethostname4j/1.0.0/gethostname4j-1.0.0.jar:/home/runner/.m2/repository/commons-lang/commons-lang/2.6/commons-lang-2.6.jar:/home/runner/.m2/repository/net/java/dev/jna/jna/5.2.0/jna-5.2.0.jar:/home/runner/.m2/repository/net/java/dev/jna/jna-platform/5.2.0/jna-platform-5.2.0.jar:/home/runner/.m2/repository/org/apache/ranger/ranger-plugin-classloader/2.6.0/ranger-plugin-classloader-2.6.0.jar:/home/runner/.m2/repository/org/apache/ranger/ranger-plugins-audit/2.6.0/ranger-plugins-audit-2.6.0.jar:/home/runner/.m2/repository/com/amazonaws/aws-java-sdk-logs/1.12.765/aws-java-sdk-logs-1.12.765.jar:/home/runner/.m2/repository/com/carrotsearch/hppc/0.8.0/hppc-0.8.0.jar:/home/runner/.m2/repository/io/airlift/aircompressor/0.27/aircompressor-0.27.jar:/home/runner/.m2/repository/org/apache/httpcomponents/httpasyncclient/4.1.4/httpasyncclient-4.1.4.jar:/home/runner/.m2/repository/org/apache/httpcomponents/httpcore-nio/4.4.16/httpcore-nio-4.4.16.jar:/home/runner/.m2/repository/org/apache/httpcomponents/httpmime/4.5.13/httpmime-4.5.13.jar:/home/runner/.m2/repository/org/apache/orc/orc-core/1.5.8/orc-core-1.5.8.jar:/home/runner/.m2/repository/org/apache/orc/orc-shims/1.5.8/orc-shims-1.5.8.jar:/home/runner/.m2/repository/org/apache/ranger/ranger-plugins-cred/2.6.0/ranger-plugins-cred-2.6.0.jar:/home/runner/.m2/repository/org/aspectj/aspectjrt/1.9.7/aspectjrt-1.9.7.jar:/home/runner/work/ozone/ozone/hadoop-ozone/ozone-manager/target/ozone-manager-2.1.0-SNAPSHOT-tests.jar:/home/runner/work/ozone/ozone/hadoop-ozone/mini-cluster/target/ozone-mini-cluster-2.1.0-SNAPSHOT.jar:/home/runner/work/ozone/ozone/hadoop-ozone/recon/target/ozone-recon-2.1.0-SNAPSHOT.jar:/home/runner/.m2/repository/aopalliance/aopalliance/1.0/aopalliance-1.0.jar:/home/runner/.m2/repository/com/google/inject/guice/6.0.0/guice-6.0.0.jar:/home/runner/.m2/repository/jakarta/inject/jakarta.inject-api/2.0.1/jakarta.inject-api-2.0.1.jar:/home/runner/.m2/repository/com/jolbox/bonecp/0.8.0.RELEASE/bonecp-0.8.0.RELEASE.jar:/home/runner/.m2/repository/jakarta/validation/jakarta.validation-api/2.0.2/jakarta.validation-api-2.0.2.jar:/home/runner/.m2/repository/javax/annotation/javax.annotation-api/1.3.2/javax.annotation-api-1.3.2.jar:/home/runner/.m2/repository/javax/inject/javax.inject/1/javax.inject-1.jar:/home/runner/.m2/repository/org/apache/derby/derby/10.14.2.0/derby-10.14.2.0.jar:/home/runner/.m2/repository/org/glassfish/hk2/guice-bridge/2.6.1/guice-bridge-2.6.1.jar:/home/runner/.m2/repository/org/glassfish/hk2/hk2-api/2.6.1/hk2-api-2.6.1.jar:/home/runner/.m2/repository/org/glassfish/hk2/hk2-utils/2.6.1/hk2-utils-2.6.1.jar:/home/runner/.m2/repository/org/glassfish/hk2/external/aopalliance-repackaged/2.6.1/aopalliance-repackaged-2.6.1.jar:/home/runner/.m2/repository/org/glassfish/jersey/core/jersey-common/2.47/jersey-common-2.47.jar:/home/runner/.m2/repository/org/glassfish/hk2/osgi-resource-locator/1.0.3/osgi-resource-locator-1.0.3.jar:/home/runner/.m2/repository/org/jooq/jooq/3.11.10/jooq-3.11.10.jar:/home/runner/.m2/repository/org/springframework/spring-core/5.3.39/spring-core-5.3.39.jar:/home/runner/.m2/repository/org/springframework/spring-jdbc/5.3.39/spring-jdbc-5.3.39.jar:/home/runner/.m2/repository/org/springframework/spring-beans/5.3.39/spring-beans-5.3.39.jar:/home/runner/.m2/repository/org/springframework/spring-tx/5.3.39/spring-tx-5.3.39.jar:/home/runner/.m2/repository/org/xerial/sqlite-jdbc/3.50.1.0/sqlite-jdbc-3.50.1.0.jar:/home/runner/.m2/repository/com/google/inject/extensions/guice-assistedinject/6.0.0/guice-assistedinject-6.0.0.jar:/home/runner/.m2/repository/org/glassfish/hk2/external/jakarta.inject/2.6.1/jakarta.inject-2.6.1.jar:/home/runner/.m2/repository/org/glassfish/jersey/inject/jersey-hk2/2.47/jersey-hk2-2.47.jar:/home/runner/.m2/repository/org/glassfish/hk2/hk2-locator/2.6.1/hk2-locator-2.6.1.jar:/home/runner/.m2/repository/org/glassfish/jersey/media/jersey-media-jaxb/2.47/jersey-media-jaxb-2.47.jar:/home/runner/.m2/repository/org/glassfish/jersey/media/jersey-media-json-jackson/2.47/jersey-media-json-jackson-2.47.jar:/home/runner/.m2/repository/org/glassfish/jersey/ext/jersey-entity-filtering/2.47/jersey-entity-filtering-2.47.jar:/home/runner/work/ozone/ozone/hadoop-ozone/recon-codegen/target/ozone-reconcodegen-2.1.0-SNAPSHOT.jar:/home/runner/.m2/repository/org/jooq/jooq-codegen/3.11.10/jooq-codegen-3.11.10.jar:/home/runner/.m2/repository/org/jooq/jooq-meta/3.11.10/jooq-meta-3.11.10.jar:/home/runner/work/ozone/ozone/hadoop-ozone/s3gateway/target/ozone-s3gateway-2.1.0-SNAPSHOT.jar:/home/runner/work/ozone/ozone/hadoop-ozone/tools/target/ozone-tools-2.1.0-SNAPSHOT.jar:/home/runner/.m2/repository/com/github/vlsi/mxgraph/jgraphx/3.9.12/jgraphx-3.9.12.jar:/home/runner/.m2/repository/org/apache/ratis/ratis-shell/3.1.2/ratis-shell-3.1.2.jar:/home/runner/.m2/repository/org/apache/ratis/ratis-tools/3.1.2/ratis-tools-3.1.2.jar:/home/runner/.m2/repository/org/jgrapht/jgrapht-core/1.4.0/jgrapht-core-1.4.0.jar:/home/runner/.m2/repository/org/jheaps/jheaps/0.11/jheaps-0.11.jar:/home/runner/.m2/repository/org/jgrapht/jgrapht-ext/1.4.0/jgrapht-ext-1.4.0.jar:/home/runner/work/ozone/ozone/hadoop-hdds/rocksdb-checkpoint-differ/target/rocksdb-checkpoint-differ-2.1.0-SNAPSHOT.jar:/home/runner/.m2/repository/org/apache/ranger/ranger-intg/2.6.0/ranger-intg-2.6.0.jar:/home/runner/.m2/repository/org/apache/ratis/ratis-client/3.1.2/ratis-client-3.1.2.jar:/home/runner/.m2/repository/org/apache/ratis/ratis-common/3.1.2/ratis-common-3.1.2.jar:/home/runner/.m2/repository/org/apache/ratis/ratis-grpc/3.1.2/ratis-grpc-3.1.2.jar:/home/runner/.m2/repository/org/apache/ratis/ratis-metrics-api/3.1.2/ratis-metrics-api-3.1.2.jar:/home/runner/.m2/repository/org/apache/ratis/ratis-proto/3.1.2/ratis-proto-3.1.2.jar:/home/runner/.m2/repository/org/apache/ratis/ratis-server/3.1.2/ratis-server-3.1.2.jar:/home/runner/.m2/repository/org/apache/ratis/ratis-server-api/3.1.2/ratis-server-api-3.1.2.jar:/home/runner/.m2/repository/org/apache/ratis/ratis-thirdparty-misc/1.0.6/ratis-thirdparty-misc-1.0.6.jar:/home/runner/.m2/repository/org/bouncycastle/bcpkix-jdk18on/1.81/bcpkix-jdk18on-1.81.jar:/home/runner/.m2/repository/org/bouncycastle/bcutil-jdk18on/1.81/bcutil-jdk18on-1.81.jar:/home/runner/.m2/repository/org/hamcrest/hamcrest/2.2/hamcrest-2.2.jar:/home/runner/.m2/repository/org/reflections/reflections/0.10.2/reflections-0.10.2.jar:/home/runner/.m2/repository/org/javassist/javassist/3.30.2-GA/javassist-3.30.2-GA.jar:/home/runner/.m2/repository/org/rocksdb/rocksdbjni/7.7.3/rocksdbjni-7.7.3.jar:/home/runner/.m2/repository/org/slf4j/jul-to-slf4j/2.0.17/jul-to-slf4j-2.0.17.jar:/home/runner/.m2/repository/org/slf4j/slf4j-api/2.0.17/slf4j-api-2.0.17.jar:/home/runner/.m2/repository/org/assertj/assertj-core/3.27.3/assertj-core-3.27.3.jar:/home/runner/.m2/repository/net/bytebuddy/byte-buddy/1.15.11/byte-buddy-1.15.11.jar:/home/runner/.m2/repository/org/junit/jupiter/junit-jupiter-api/5.13.1/junit-jupiter-api-5.13.1.jar:/home/runner/.m2/repository/org/opentest4j/opentest4j/1.3.0/opentest4j-1.3.0.jar:/home/runner/.m2/repository/org/junit/platform/junit-platform-commons/1.13.1/junit-platform-commons-1.13.1.jar:/home/runner/.m2/repository/org/apiguardian/apiguardian-api/1.1.2/apiguardian-api-1.1.2.jar:/home/runner/.m2/repository/org/junit/jupiter/junit-jupiter-params/5.13.1/junit-jupiter-params-5.13.1.jar:/home/runner/.m2/repository/org/mockito/mockito-core/4.11.0/mockito-core-4.11.0.jar:/home/runner/.m2/repository/net/bytebuddy/byte-buddy-agent/1.12.19/byte-buddy-agent-1.12.19.jar:/home/runner/.m2/repository/org/objenesis/objenesis/3.3/objenesis-3.3.jar:/home/runner/.m2/repository/org/mockito/mockito-inline/4.11.0/mockito-inline-4.11.0.jar:/home/runner/.m2/repository/org/mockito/mockito-junit-jupiter/4.11.0/mockito-junit-jupiter-4.11.0.jar:/home/runner/work/ozone/ozone/hadoop-ozone/integration-test/target/gradle-enterprise/test-listeners.jar:"/>
    <property name="java.vm.vendor" value="Eclipse Adoptium"/>
    <property name="sun.arch.data.model" value="64"/>
    <property name="test.build.dir" value="/home/runner/work/ozone/ozone/hadoop-ozone/integration-test/target/test-dir"/>
    <property name="test.cache.data" value=""/>
    <property name="java.vendor.url" value="https://adoptium.net/"/>
    <property name="user.timezone" value="Etc/UTC"/>
    <property name="maven-surefire-plugin.argLineAccessArgs" value=" --add-opens java.management/com.sun.jmx.mbeanserver=ALL-UNNAMED --add-exports java.management/com.sun.jmx.mbeanserver=ALL-UNNAMED --add-opens java.base/java.nio=ALL-UNNAMED --add-opens java.base/java.lang=ALL-UNNAMED --add-opens java.base/java.lang.reflect=ALL-UNNAMED"/>
    <property name="os.name" value="Linux"/>
    <property name="java.vm.specification.version" value="21"/>
    <property name="test.build.data" value="/home/runner/work/ozone/ozone/hadoop-ozone/integration-test/target/test-dir"/>
    <property name="sun.java.launcher" value="SUN_STANDARD"/>
    <property name="sun.boot.library.path" value="/usr/lib/jvm/temurin-21-jdk-amd64/lib"/>
    <property name="sun.java.command" value="/home/runner/work/ozone/ozone/hadoop-ozone/integration-test/target/surefire/surefirebooter-20250620070736760_1065.jar /home/runner/work/ozone/ozone/hadoop-ozone/integration-test/target/surefire 2025-06-20T06-58-42_300-jvmRun1 surefire-20250620070736760_1063tmp surefire_156-20250620070736760_1064tmp"/>
    <property name="jdk.debug" value="release"/>
    <property name="native.lib.tmp.dir" value="/tmp"/>
    <property name="surefire.test.class.path" value="/home/runner/work/ozone/ozone/hadoop-ozone/integration-test/target/test-classes:/home/runner/work/ozone/ozone/hadoop-ozone/integration-test/target/classes:/home/runner/.m2/repository/ch/qos/reload4j/reload4j/1.2.26/reload4j-1.2.26.jar:/home/runner/.m2/repository/com/fasterxml/jackson/core/jackson-core/2.16.2/jackson-core-2.16.2.jar:/home/runner/.m2/repository/com/fasterxml/jackson/core/jackson-databind/2.16.2/jackson-databind-2.16.2.jar:/home/runner/.m2/repository/com/fasterxml/jackson/core/jackson-annotations/2.16.2/jackson-annotations-2.16.2.jar:/home/runner/.m2/repository/com/github/stephenc/jcip/jcip-annotations/1.0-1/jcip-annotations-1.0-1.jar:/home/runner/.m2/repository/com/google/guava/guava/32.1.3-jre/guava-32.1.3-jre.jar:/home/runner/.m2/repository/com/google/guava/failureaccess/1.0.1/failureaccess-1.0.1.jar:/home/runner/.m2/repository/com/google/guava/listenablefuture/9999.0-empty-to-avoid-conflict-with-guava/listenablefuture-9999.0-empty-to-avoid-conflict-with-guava.jar:/home/runner/.m2/repository/org/checkerframework/checker-qual/3.37.0/checker-qual-3.37.0.jar:/home/runner/.m2/repository/com/google/errorprone/error_prone_annotations/2.29.2/error_prone_annotations-2.29.2.jar:/home/runner/.m2/repository/com/google/j2objc/j2objc-annotations/2.8/j2objc-annotations-2.8.jar:/home/runner/.m2/repository/com/google/protobuf/protobuf-java/2.5.0/protobuf-java-2.5.0.jar:/home/runner/.m2/repository/com/squareup/okhttp3/okhttp/4.12.0/okhttp-4.12.0.jar:/home/runner/.m2/repository/com/squareup/okio/okio/3.6.0/okio-3.6.0.jar:/home/runner/.m2/repository/com/squareup/okio/okio-jvm/3.6.0/okio-jvm-3.6.0.jar:/home/runner/.m2/repository/org/jetbrains/kotlin/kotlin-stdlib-common/1.9.25/kotlin-stdlib-common-1.9.25.jar:/home/runner/.m2/repository/org/jetbrains/kotlin/kotlin-stdlib-jdk8/1.9.25/kotlin-stdlib-jdk8-1.9.25.jar:/home/runner/.m2/repository/org/jetbrains/kotlin/kotlin-stdlib/1.9.25/kotlin-stdlib-1.9.25.jar:/home/runner/.m2/repository/org/jetbrains/annotations/13.0/annotations-13.0.jar:/home/runner/.m2/repository/org/jetbrains/kotlin/kotlin-stdlib-jdk7/1.9.25/kotlin-stdlib-jdk7-1.9.25.jar:/home/runner/.m2/repository/commons-codec/commons-codec/1.17.1/commons-codec-1.17.1.jar:/home/runner/.m2/repository/commons-io/commons-io/2.18.0/commons-io-2.18.0.jar:/home/runner/.m2/repository/commons-validator/commons-validator/1.6/commons-validator-1.6.jar:/home/runner/.m2/repository/commons-beanutils/commons-beanutils/1.11.0/commons-beanutils-1.11.0.jar:/home/runner/.m2/repository/commons-digester/commons-digester/1.8.1/commons-digester-1.8.1.jar:/home/runner/.m2/repository/commons-collections/commons-collections/3.2.2/commons-collections-3.2.2.jar:/home/runner/.m2/repository/info/picocli/picocli/4.7.7/picocli-4.7.7.jar:/home/runner/.m2/repository/jakarta/annotation/jakarta.annotation-api/2.1.1/jakarta.annotation-api-2.1.1.jar:/home/runner/.m2/repository/jakarta/xml/bind/jakarta.xml.bind-api/2.3.3/jakarta.xml.bind-api-2.3.3.jar:/home/runner/.m2/repository/jakarta/activation/jakarta.activation-api/1.2.2/jakarta.activation-api-1.2.2.jar:/home/runner/.m2/repository/javax/servlet/javax.servlet-api/3.1.0/javax.servlet-api-3.1.0.jar:/home/runner/.m2/repository/javax/ws/rs/jsr311-api/1.1.1/jsr311-api-1.1.1.jar:/home/runner/.m2/repository/org/apache/commons/commons-compress/1.27.1/commons-compress-1.27.1.jar:/home/runner/.m2/repository/org/apache/commons/commons-lang3/3.17.0/commons-lang3-3.17.0.jar:/home/runner/.m2/repository/org/apache/commons/commons-text/1.12.0/commons-text-1.12.0.jar:/home/runner/.m2/repository/org/apache/hadoop/hadoop-auth/3.4.1/hadoop-auth-3.4.1.jar:/home/runner/.m2/repository/com/nimbusds/nimbus-jose-jwt/9.40/nimbus-jose-jwt-9.40.jar:/home/runner/.m2/repository/io/dropwizard/metrics/metrics-core/3.2.6/metrics-core-3.2.6.jar:/home/runner/.m2/repository/org/apache/kerby/kerb-core/1.0.1/kerb-core-1.0.1.jar:/home/runner/.m2/repository/org/apache/kerby/kerby-pkix/1.0.1/kerby-pkix-1.0.1.jar:/home/runner/.m2/repository/org/apache/kerby/kerby-asn1/1.0.1/kerby-asn1-1.0.1.jar:/home/runner/.m2/repository/org/apache/kerby/kerb-util/1.0.1/kerb-util-1.0.1.jar:/home/runner/.m2/repository/org/apache/kerby/kerby-config/1.0.1/kerby-config-1.0.1.jar:/home/runner/.m2/repository/org/apache/kerby/kerb-crypto/1.0.1/kerb-crypto-1.0.1.jar:/home/runner/.m2/repository/org/apache/hadoop/thirdparty/hadoop-shaded-guava/1.3.0/hadoop-shaded-guava-1.3.0.jar:/home/runner/.m2/repository/org/apache/hadoop/hadoop-common/3.4.1/hadoop-common-3.4.1.jar:/home/runner/.m2/repository/org/apache/hadoop/thirdparty/hadoop-shaded-protobuf_3_25/1.4.0/hadoop-shaded-protobuf_3_25-1.4.0.jar:/home/runner/.m2/repository/org/apache/hadoop/hadoop-annotations/3.4.1/hadoop-annotations-3.4.1.jar:/home/runner/.m2/repository/commons-cli/commons-cli/1.8.0/commons-cli-1.8.0.jar:/home/runner/.m2/repository/commons-net/commons-net/3.11.1/commons-net-3.11.1.jar:/home/runner/.m2/repository/org/eclipse/jetty/jetty-server/9.4.57.v20241219/jetty-server-9.4.57.v20241219.jar:/home/runner/.m2/repository/org/eclipse/jetty/jetty-io/9.4.57.v20241219/jetty-io-9.4.57.v20241219.jar:/home/runner/.m2/repository/org/eclipse/jetty/jetty-util/9.4.57.v20241219/jetty-util-9.4.57.v20241219.jar:/home/runner/.m2/repository/org/eclipse/jetty/jetty-servlet/9.4.57.v20241219/jetty-servlet-9.4.57.v20241219.jar:/home/runner/.m2/repository/org/eclipse/jetty/jetty-security/9.4.57.v20241219/jetty-security-9.4.57.v20241219.jar:/home/runner/.m2/repository/org/eclipse/jetty/jetty-webapp/9.4.57.v20241219/jetty-webapp-9.4.57.v20241219.jar:/home/runner/.m2/repository/org/eclipse/jetty/jetty-xml/9.4.57.v20241219/jetty-xml-9.4.57.v20241219.jar:/home/runner/.m2/repository/javax/servlet/jsp/jsp-api/2.1/jsp-api-2.1.jar:/home/runner/.m2/repository/org/codehaus/jettison/jettison/1.5.4/jettison-1.5.4.jar:/home/runner/.m2/repository/org/apache/commons/commons-configuration2/2.11.0/commons-configuration2-2.11.0.jar:/home/runner/.m2/repository/com/google/re2j/re2j/1.7/re2j-1.7.jar:/home/runner/.m2/repository/com/google/code/gson/gson/2.10.1/gson-2.10.1.jar:/home/runner/.m2/repository/com/jcraft/jsch/0.1.55/jsch-0.1.55.jar:/home/runner/.m2/repository/io/netty/netty-handler/4.1.109.Final/netty-handler-4.1.109.Final.jar:/home/runner/.m2/repository/io/netty/netty-resolver/4.1.109.Final/netty-resolver-4.1.109.Final.jar:/home/runner/.m2/repository/io/netty/netty-transport-native-epoll/4.1.109.Final/netty-transport-native-epoll-4.1.109.Final.jar:/home/runner/.m2/repository/org/bouncycastle/bcprov-jdk18on/1.81/bcprov-jdk18on-1.81.jar:/home/runner/.m2/repository/org/codehaus/woodstox/stax2-api/4.2.1/stax2-api-4.2.1.jar:/home/runner/.m2/repository/com/fasterxml/woodstox/woodstox-core/5.4.0/woodstox-core-5.4.0.jar:/home/runner/.m2/repository/dnsjava/dnsjava/3.6.1/dnsjava-3.6.1.jar:/home/runner/.m2/repository/org/apache/hadoop/hadoop-common/3.4.1/hadoop-common-3.4.1-tests.jar:/home/runner/.m2/repository/org/apache/commons/commons-math3/3.6.1/commons-math3-3.6.1.jar:/home/runner/.m2/repository/com/sun/jersey/jersey-core/1.19.4/jersey-core-1.19.4.jar:/home/runner/.m2/repository/com/sun/jersey/jersey-servlet/1.19.4/jersey-servlet-1.19.4.jar:/home/runner/.m2/repository/com/github/pjfanning/jersey-json/1.22.0/jersey-json-1.22.0.jar:/home/runner/.m2/repository/com/sun/xml/bind/jaxb-impl/2.2.3-1/jaxb-impl-2.2.3-1.jar:/home/runner/.m2/repository/com/sun/jersey/jersey-server/1.19.4/jersey-server-1.19.4.jar:/home/runner/.m2/repository/org/slf4j/slf4j-reload4j/2.0.17/slf4j-reload4j-2.0.17.jar:/home/runner/.m2/repository/org/apache/avro/avro/1.9.2/avro-1.9.2.jar:/home/runner/.m2/repository/org/apache/curator/curator-client/4.2.0/curator-client-4.2.0.jar:/home/runner/.m2/repository/org/apache/curator/curator-recipes/5.2.0/curator-recipes-5.2.0.jar:/home/runner/.m2/repository/org/apache/curator/curator-framework/4.2.0/curator-framework-4.2.0.jar:/home/runner/.m2/repository/com/google/code/findbugs/jsr305/3.0.2/jsr305-3.0.2.jar:/home/runner/.m2/repository/org/apache/zookeeper/zookeeper/3.8.4/zookeeper-3.8.4.jar:/home/runner/.m2/repository/org/apache/zookeeper/zookeeper-jute/3.8.4/zookeeper-jute-3.8.4.jar:/home/runner/.m2/repository/org/apache/yetus/audience-annotations/0.12.0/audience-annotations-0.12.0.jar:/home/runner/.m2/repository/org/xerial/snappy/snappy-java/1.1.10.7/snappy-java-1.1.10.7.jar:/home/runner/.m2/repository/org/apache/hadoop/hadoop-distcp/3.4.1/hadoop-distcp-3.4.1.jar:/home/runner/.m2/repository/org/apache/hadoop/hadoop-distcp/3.4.1/hadoop-distcp-3.4.1-tests.jar:/home/runner/.m2/repository/org/apache/hadoop/hadoop-hdfs/3.4.1/hadoop-hdfs-3.4.1.jar:/home/runner/.m2/repository/org/eclipse/jetty/jetty-util-ajax/9.4.57.v20241219/jetty-util-ajax-9.4.57.v20241219.jar:/home/runner/.m2/repository/commons-daemon/commons-daemon/1.4.0/commons-daemon-1.4.0.jar:/home/runner/.m2/repository/org/apache/hadoop/hadoop-hdfs/3.4.1/hadoop-hdfs-3.4.1-tests.jar:/home/runner/.m2/repository/io/netty/netty-all/4.1.109.Final/netty-all-4.1.109.Final.jar:/home/runner/.m2/repository/io/netty/netty-codec-dns/4.1.109.Final/netty-codec-dns-4.1.109.Final.jar:/home/runner/.m2/repository/io/netty/netty-codec-haproxy/4.1.109.Final/netty-codec-haproxy-4.1.109.Final.jar:/home/runner/.m2/repository/io/netty/netty-codec-http/4.1.109.Final/netty-codec-http-4.1.109.Final.jar:/home/runner/.m2/repository/io/netty/netty-codec-memcache/4.1.109.Final/netty-codec-memcache-4.1.109.Final.jar:/home/runner/.m2/repository/io/netty/netty-codec-mqtt/4.1.109.Final/netty-codec-mqtt-4.1.109.Final.jar:/home/runner/.m2/repository/io/netty/netty-codec-redis/4.1.109.Final/netty-codec-redis-4.1.109.Final.jar:/home/runner/.m2/repository/io/netty/netty-codec-smtp/4.1.109.Final/netty-codec-smtp-4.1.109.Final.jar:/home/runner/.m2/repository/io/netty/netty-codec-socks/4.1.109.Final/netty-codec-socks-4.1.109.Final.jar:/home/runner/.m2/repository/io/netty/netty-codec-stomp/4.1.109.Final/netty-codec-stomp-4.1.109.Final.jar:/home/runner/.m2/repository/io/netty/netty-codec-xml/4.1.109.Final/netty-codec-xml-4.1.109.Final.jar:/home/runner/.m2/repository/io/netty/netty-handler-ssl-ocsp/4.1.109.Final/netty-handler-ssl-ocsp-4.1.109.Final.jar:/home/runner/.m2/repository/io/netty/netty-resolver-dns/4.1.109.Final/netty-resolver-dns-4.1.109.Final.jar:/home/runner/.m2/repository/io/netty/netty-transport-rxtx/4.1.109.Final/netty-transport-rxtx-4.1.109.Final.jar:/home/runner/.m2/repository/io/netty/netty-transport-sctp/4.1.109.Final/netty-transport-sctp-4.1.109.Final.jar:/home/runner/.m2/repository/io/netty/netty-transport-udt/4.1.109.Final/netty-transport-udt-4.1.109.Final.jar:/home/runner/.m2/repository/io/netty/netty-transport-classes-kqueue/4.1.109.Final/netty-transport-classes-kqueue-4.1.109.Final.jar:/home/runner/.m2/repository/io/netty/netty-resolver-dns-classes-macos/4.1.109.Final/netty-resolver-dns-classes-macos-4.1.109.Final.jar:/home/runner/.m2/repository/io/netty/netty-transport-native-epoll/4.1.109.Final/netty-transport-native-epoll-4.1.109.Final-linux-aarch_64.jar:/home/runner/.m2/repository/io/netty/netty-transport-native-epoll/4.1.109.Final/netty-transport-native-epoll-4.1.109.Final-linux-riscv64.jar:/home/runner/.m2/repository/io/netty/netty-transport-native-kqueue/4.1.109.Final/netty-transport-native-kqueue-4.1.109.Final-osx-x86_64.jar:/home/runner/.m2/repository/io/netty/netty-transport-native-kqueue/4.1.109.Final/netty-transport-native-kqueue-4.1.109.Final-osx-aarch_64.jar:/home/runner/.m2/repository/io/netty/netty-resolver-dns-native-macos/4.1.109.Final/netty-resolver-dns-native-macos-4.1.109.Final-osx-x86_64.jar:/home/runner/.m2/repository/io/netty/netty-resolver-dns-native-macos/4.1.109.Final/netty-resolver-dns-native-macos-4.1.109.Final-osx-aarch_64.jar:/home/runner/.m2/repository/org/fusesource/leveldbjni/leveldbjni-all/1.8/leveldbjni-all-1.8.jar:/home/runner/.m2/repository/org/apache/hadoop/hadoop-hdfs-client/3.4.1/hadoop-hdfs-client-3.4.1.jar:/home/runner/.m2/repository/org/apache/hadoop/hadoop-kms/3.4.1/hadoop-kms-3.4.1.jar:/home/runner/.m2/repository/org/apache/hadoop/hadoop-kms/3.4.1/hadoop-kms-3.4.1-tests.jar:/home/runner/.m2/repository/org/apache/hadoop/hadoop-mapreduce-client-core/3.4.1/hadoop-mapreduce-client-core-3.4.1.jar:/home/runner/.m2/repository/org/apache/hadoop/hadoop-yarn-client/3.4.1/hadoop-yarn-client-3.4.1.jar:/home/runner/.m2/repository/org/eclipse/jetty/websocket/websocket-client/9.4.53.v20231009/websocket-client-9.4.53.v20231009.jar:/home/runner/.m2/repository/org/eclipse/jetty/jetty-client/9.4.57.v20241219/jetty-client-9.4.57.v20241219.jar:/home/runner/.m2/repository/org/eclipse/jetty/websocket/websocket-common/9.4.53.v20231009/websocket-common-9.4.53.v20231009.jar:/home/runner/.m2/repository/org/eclipse/jetty/websocket/websocket-api/9.4.53.v20231009/websocket-api-9.4.53.v20231009.jar:/home/runner/.m2/repository/org/apache/hadoop/hadoop-yarn-api/3.4.1/hadoop-yarn-api-3.4.1.jar:/home/runner/.m2/repository/org/apache/hadoop/hadoop-yarn-common/3.4.1/hadoop-yarn-common-3.4.1.jar:/home/runner/.m2/repository/javax/xml/bind/jaxb-api/2.2.11/jaxb-api-2.2.11.jar:/home/runner/.m2/repository/com/sun/jersey/contribs/jersey-guice/1.19.4/jersey-guice-1.19.4.jar:/home/runner/.m2/repository/com/fasterxml/jackson/module/jackson-module-jaxb-annotations/2.16.2/jackson-module-jaxb-annotations-2.16.2.jar:/home/runner/.m2/repository/com/fasterxml/jackson/jaxrs/jackson-jaxrs-json-provider/2.16.2/jackson-jaxrs-json-provider-2.16.2.jar:/home/runner/.m2/repository/com/google/inject/extensions/guice-servlet/6.0.0/guice-servlet-6.0.0.jar:/home/runner/.m2/repository/org/apache/hadoop/hadoop-mapreduce-client-jobclient/3.4.1/hadoop-mapreduce-client-jobclient-3.4.1.jar:/home/runner/.m2/repository/org/apache/hadoop/hadoop-mapreduce-client-common/3.4.1/hadoop-mapreduce-client-common-3.4.1.jar:/home/runner/.m2/repository/org/apache/hadoop/hadoop-minikdc/3.4.1/hadoop-minikdc-3.4.1.jar:/home/runner/.m2/repository/org/apache/kerby/kerb-simplekdc/2.0.3/kerb-simplekdc-2.0.3.jar:/home/runner/.m2/repository/org/apache/kerby/kerb-client/2.0.3/kerb-client-2.0.3.jar:/home/runner/.m2/repository/org/apache/kerby/kerb-common/2.0.3/kerb-common-2.0.3.jar:/home/runner/.m2/repository/org/apache/kerby/token-provider/2.0.3/token-provider-2.0.3.jar:/home/runner/.m2/repository/org/apache/kerby/kerb-admin/2.0.3/kerb-admin-2.0.3.jar:/home/runner/.m2/repository/org/apache/kerby/kerb-server/2.0.3/kerb-server-2.0.3.jar:/home/runner/.m2/repository/org/apache/kerby/kerb-identity/2.0.3/kerb-identity-2.0.3.jar:/home/runner/.m2/repository/org/apache/kerby/kerby-xdr/2.0.3/kerby-xdr-2.0.3.jar:/home/runner/.m2/repository/junit/junit/4.13.2/junit-4.13.2.jar:/home/runner/.m2/repository/org/hamcrest/hamcrest-core/1.3/hamcrest-core-1.3.jar:/home/runner/.m2/repository/org/apache/httpcomponents/httpclient/4.5.14/httpclient-4.5.14.jar:/home/runner/.m2/repository/org/apache/httpcomponents/httpcore/4.4.16/httpcore-4.4.16.jar:/home/runner/.m2/repository/org/apache/kerby/kerby-util/1.0.1/kerby-util-1.0.1.jar:/home/runner/work/ozone/ozone/hadoop-hdds/client/target/hdds-client-2.1.0-SNAPSHOT.jar:/home/runner/.m2/repository/io/opentracing/opentracing-api/0.33.0/opentracing-api-0.33.0.jar:/home/runner/.m2/repository/io/opentracing/opentracing-util/0.33.0/opentracing-util-0.33.0.jar:/home/runner/.m2/repository/io/opentracing/opentracing-noop/0.33.0/opentracing-noop-0.33.0.jar:/home/runner/work/ozone/ozone/hadoop-hdds/erasurecode/target/hdds-erasurecode-2.1.0-SNAPSHOT.jar:/home/runner/work/ozone/ozone/hadoop-hdds/common/target/hdds-common-2.1.0-SNAPSHOT.jar:/home/runner/.m2/repository/com/fasterxml/jackson/datatype/jackson-datatype-jsr310/2.16.2/jackson-datatype-jsr310-2.16.2.jar:/home/runner/.m2/repository/io/jaegertracing/jaeger-core/1.8.1/jaeger-core-1.8.1.jar:/home/runner/.m2/repository/org/apache/ratis/ratis-netty/3.1.2/ratis-netty-3.1.2.jar:/home/runner/.m2/repository/org/yaml/snakeyaml/2.0/snakeyaml-2.0.jar:/home/runner/.m2/repository/io/jaegertracing/jaeger-client/1.8.1/jaeger-client-1.8.1.jar:/home/runner/.m2/repository/io/jaegertracing/jaeger-thrift/1.8.1/jaeger-thrift-1.8.1.jar:/home/runner/.m2/repository/org/apache/thrift/libthrift/0.15.0/libthrift-0.15.0.jar:/home/runner/.m2/repository/io/jaegertracing/jaeger-tracerresolver/1.8.1/jaeger-tracerresolver-1.8.1.jar:/home/runner/.m2/repository/io/opentracing/contrib/opentracing-tracerresolver/0.1.8/opentracing-tracerresolver-0.1.8.jar:/home/runner/.m2/repository/org/apache/ratis/ratis-metrics-dropwizard3/3.1.2/ratis-metrics-dropwizard3-3.1.2.jar:/home/runner/.m2/repository/org/slf4j/jcl-over-slf4j/2.0.17/jcl-over-slf4j-2.0.17.jar:/home/runner/work/ozone/ozone/hadoop-hdds/common/target/hdds-common-2.1.0-SNAPSHOT-tests.jar:/home/runner/work/ozone/ozone/hadoop-hdds/config/target/hdds-config-2.1.0-SNAPSHOT.jar:/home/runner/work/ozone/ozone/hadoop-hdds/container-service/target/hdds-container-service-2.1.0-SNAPSHOT.jar:/home/runner/.m2/repository/io/netty/netty-buffer/4.1.109.Final/netty-buffer-4.1.109.Final.jar:/home/runner/.m2/repository/io/netty/netty-codec/4.1.109.Final/netty-codec-4.1.109.Final.jar:/home/runner/.m2/repository/io/netty/netty-common/4.1.109.Final/netty-common-4.1.109.Final.jar:/home/runner/.m2/repository/io/netty/netty-transport/4.1.109.Final/netty-transport-4.1.109.Final.jar:/home/runner/.m2/repository/org/apache/logging/log4j/log4j-api/2.24.2/log4j-api-2.24.2.jar:/home/runner/.m2/repository/com/github/luben/zstd-jni/1.5.7-3/zstd-jni-1.5.7-3.jar:/home/runner/.m2/repository/log4j/apache-log4j-extras/1.2.17/apache-log4j-extras-1.2.17.jar:/home/runner/.m2/repository/org/glassfish/jaxb/jaxb-runtime/2.3.9/jaxb-runtime-2.3.9.jar:/home/runner/.m2/repository/org/glassfish/jaxb/txw2/2.3.9/txw2-2.3.9.jar:/home/runner/.m2/repository/com/sun/istack/istack-commons-runtime/3.0.12/istack-commons-runtime-3.0.12.jar:/home/runner/.m2/repository/com/sun/activation/jakarta.activation/1.2.2/jakarta.activation-1.2.2.jar:/home/runner/work/ozone/ozone/hadoop-hdds/container-service/target/hdds-container-service-2.1.0-SNAPSHOT-tests.jar:/home/runner/work/ozone/ozone/hadoop-hdds/interface-admin/target/hdds-interface-admin-2.1.0-SNAPSHOT.jar:/home/runner/work/ozone/ozone/hadoop-hdds/interface-client/target/hdds-interface-client-2.1.0-SNAPSHOT.jar:/home/runner/work/ozone/ozone/hadoop-hdds/interface-server/target/hdds-interface-server-2.1.0-SNAPSHOT.jar:/home/runner/work/ozone/ozone/hadoop-hdds/managed-rocksdb/target/hdds-managed-rocksdb-2.1.0-SNAPSHOT.jar:/home/runner/work/ozone/ozone/hadoop-hdds/rocks-native/target/hdds-rocks-native-2.1.0-SNAPSHOT.jar:/home/runner/work/ozone/ozone/hadoop-hdds/framework/target/hdds-server-framework-2.1.0-SNAPSHOT.jar:/home/runner/.m2/repository/com/github/jnr/jnr-constants/0.10.4/jnr-constants-0.10.4.jar:/home/runner/.m2/repository/com/github/jnr/jnr-posix/3.1.20/jnr-posix-3.1.20.jar:/home/runner/.m2/repository/com/github/jnr/jnr-ffi/2.2.17/jnr-ffi-2.2.17.jar:/home/runner/.m2/repository/com/github/jnr/jffi/1.3.13/jffi-1.3.13.jar:/home/runner/.m2/repository/com/github/jnr/jffi/1.3.13/jffi-1.3.13-native.jar:/home/runner/.m2/repository/org/ow2/asm/asm/9.7.1/asm-9.7.1.jar:/home/runner/.m2/repository/org/ow2/asm/asm-commons/9.7.1/asm-commons-9.7.1.jar:/home/runner/.m2/repository/org/ow2/asm/asm-analysis/9.7.1/asm-analysis-9.7.1.jar:/home/runner/.m2/repository/org/ow2/asm/asm-tree/9.7.1/asm-tree-9.7.1.jar:/home/runner/.m2/repository/org/ow2/asm/asm-util/9.7.1/asm-util-9.7.1.jar:/home/runner/.m2/repository/com/github/jnr/jnr-a64asm/1.0.0/jnr-a64asm-1.0.0.jar:/home/runner/.m2/repository/com/github/jnr/jnr-x86asm/1.0.2/jnr-x86asm-1.0.2.jar:/home/runner/.m2/repository/commons-fileupload/commons-fileupload/1.5/commons-fileupload-1.5.jar:/home/runner/.m2/repository/io/grpc/grpc-api/1.58.0/grpc-api-1.58.0.jar:/home/runner/.m2/repository/io/prometheus/simpleclient/0.16.0/simpleclient-0.16.0.jar:/home/runner/.m2/repository/io/prometheus/simpleclient_common/0.16.0/simpleclient_common-0.16.0.jar:/home/runner/.m2/repository/io/prometheus/simpleclient_dropwizard/0.16.0/simpleclient_dropwizard-0.16.0.jar:/home/runner/.m2/repository/jakarta/ws/rs/jakarta.ws.rs-api/2.1.6/jakarta.ws.rs-api-2.1.6.jar:/home/runner/.m2/repository/org/eclipse/jetty/jetty-http/9.4.57.v20241219/jetty-http-9.4.57.v20241219.jar:/home/runner/.m2/repository/org/glassfish/jersey/containers/jersey-container-servlet-core/2.47/jersey-container-servlet-core-2.47.jar:/home/runner/.m2/repository/org/glassfish/jersey/core/jersey-server/2.47/jersey-server-2.47.jar:/home/runner/.m2/repository/org/glassfish/jersey/core/jersey-client/2.47/jersey-client-2.47.jar:/home/runner/.m2/repository/com/lmax/disruptor/3.4.4/disruptor-3.4.4.jar:/home/runner/.m2/repository/org/apache/logging/log4j/log4j-core/2.24.2/log4j-core-2.24.2.jar:/home/runner/work/ozone/ozone/hadoop-hdds/framework/target/hdds-server-framework-2.1.0-SNAPSHOT-tests.jar:/home/runner/work/ozone/ozone/hadoop-hdds/server-scm/target/hdds-server-scm-2.1.0-SNAPSHOT.jar:/home/runner/work/ozone/ozone/hadoop-hdds/server-scm/target/hdds-server-scm-2.1.0-SNAPSHOT-tests.jar:/home/runner/work/ozone/ozone/hadoop-hdds/test-utils/target/hdds-test-utils-2.1.0-SNAPSHOT-tests.jar:/home/runner/work/ozone/ozone/hadoop-ozone/cli-admin/target/ozone-cli-admin-2.1.0-SNAPSHOT.jar:/home/runner/work/ozone/ozone/hadoop-ozone/cli-shell/target/ozone-cli-shell-2.1.0-SNAPSHOT.jar:/home/runner/.m2/repository/info/picocli/picocli-shell-jline3/4.7.7/picocli-shell-jline3-4.7.7.jar:/home/runner/.m2/repository/org/jline/jline/3.30.4/jline-3.30.4.jar:/home/runner/work/ozone/ozone/hadoop-ozone/client/target/ozone-client-2.1.0-SNAPSHOT.jar:/home/runner/work/ozone/ozone/hadoop-ozone/common/target/ozone-common-2.1.0-SNAPSHOT.jar:/home/runner/.m2/repository/io/grpc/grpc-netty/1.58.0/grpc-netty-1.58.0.jar:/home/runner/.m2/repository/io/grpc/grpc-core/1.58.0/grpc-core-1.58.0.jar:/home/runner/.m2/repository/com/google/android/annotations/4.1.1.4/annotations-4.1.1.4.jar:/home/runner/.m2/repository/org/codehaus/mojo/animal-sniffer-annotations/1.23/animal-sniffer-annotations-1.23.jar:/home/runner/.m2/repository/io/grpc/grpc-context/1.58.0/grpc-context-1.58.0.jar:/home/runner/.m2/repository/io/grpc/grpc-util/1.58.0/grpc-util-1.58.0.jar:/home/runner/.m2/repository/io/perfmark/perfmark-api/0.26.0/perfmark-api-0.26.0.jar:/home/runner/.m2/repository/io/netty/netty-codec-http2/4.1.109.Final/netty-codec-http2-4.1.109.Final.jar:/home/runner/.m2/repository/io/netty/netty-handler-proxy/4.1.109.Final/netty-handler-proxy-4.1.109.Final.jar:/home/runner/.m2/repository/io/netty/netty-tcnative-boringssl-static/2.0.65.Final/netty-tcnative-boringssl-static-2.0.65.Final.jar:/home/runner/.m2/repository/io/netty/netty-tcnative-classes/2.0.65.Final/netty-tcnative-classes-2.0.65.Final.jar:/home/runner/.m2/repository/io/netty/netty-tcnative-boringssl-static/2.0.65.Final/netty-tcnative-boringssl-static-2.0.65.Final-linux-x86_64.jar:/home/runner/.m2/repository/io/netty/netty-tcnative-boringssl-static/2.0.65.Final/netty-tcnative-boringssl-static-2.0.65.Final-linux-aarch_64.jar:/home/runner/.m2/repository/io/netty/netty-tcnative-boringssl-static/2.0.65.Final/netty-tcnative-boringssl-static-2.0.65.Final-osx-x86_64.jar:/home/runner/.m2/repository/io/netty/netty-tcnative-boringssl-static/2.0.65.Final/netty-tcnative-boringssl-static-2.0.65.Final-osx-aarch_64.jar:/home/runner/.m2/repository/io/netty/netty-tcnative-boringssl-static/2.0.65.Final/netty-tcnative-boringssl-static-2.0.65.Final-windows-x86_64.jar:/home/runner/work/ozone/ozone/hadoop-ozone/csi/target/ozone-csi-2.1.0-SNAPSHOT.jar:/home/runner/.m2/repository/io/grpc/grpc-protobuf/1.58.0/grpc-protobuf-1.58.0.jar:/home/runner/.m2/repository/com/google/api/grpc/proto-google-common-protos/2.22.0/proto-google-common-protos-2.22.0.jar:/home/runner/.m2/repository/io/grpc/grpc-protobuf-lite/1.58.0/grpc-protobuf-lite-1.58.0.jar:/home/runner/.m2/repository/io/grpc/grpc-stub/1.58.0/grpc-stub-1.58.0.jar:/home/runner/.m2/repository/io/netty/netty-transport-classes-epoll/4.1.109.Final/netty-transport-classes-epoll-4.1.109.Final.jar:/home/runner/.m2/repository/io/netty/netty-transport-native-unix-common/4.1.109.Final/netty-transport-native-unix-common-4.1.109.Final.jar:/home/runner/.m2/repository/io/netty/netty-transport-native-epoll/4.1.109.Final/netty-transport-native-epoll-4.1.109.Final-linux-x86_64.jar:/home/runner/work/ozone/ozone/hadoop-ozone/ozonefs/target/ozone-filesystem-2.1.0-SNAPSHOT.jar:/home/runner/work/ozone/ozone/hadoop-ozone/ozonefs-common/target/ozone-filesystem-common-2.1.0-SNAPSHOT.jar:/home/runner/work/ozone/ozone/hadoop-ozone/freon/target/ozone-freon-2.1.0-SNAPSHOT.jar:/home/runner/.m2/repository/com/amazonaws/aws-java-sdk-core/1.12.661/aws-java-sdk-core-1.12.661.jar:/home/runner/.m2/repository/com/fasterxml/jackson/dataformat/jackson-dataformat-cbor/2.16.2/jackson-dataformat-cbor-2.16.2.jar:/home/runner/.m2/repository/joda-time/joda-time/2.12.7/joda-time-2.12.7.jar:/home/runner/.m2/repository/com/amazonaws/aws-java-sdk-s3/1.12.661/aws-java-sdk-s3-1.12.661.jar:/home/runner/.m2/repository/com/amazonaws/aws-java-sdk-kms/1.12.661/aws-java-sdk-kms-1.12.661.jar:/home/runner/.m2/repository/com/amazonaws/jmespath-java/1.12.661/jmespath-java-1.12.661.jar:/home/runner/work/ozone/ozone/hadoop-ozone/interface-client/target/ozone-interface-client-2.1.0-SNAPSHOT.jar:/home/runner/work/ozone/ozone/hadoop-ozone/interface-storage/target/ozone-interface-storage-2.1.0-SNAPSHOT.jar:/home/runner/work/ozone/ozone/hadoop-ozone/ozone-manager/target/ozone-manager-2.1.0-SNAPSHOT.jar:/home/runner/.m2/repository/com/sun/jersey/jersey-client/1.19.4/jersey-client-1.19.4.jar:/home/runner/.m2/repository/org/apache/ranger/ranger-plugins-common/2.6.0/ranger-plugins-common-2.6.0.jar:/home/runner/.m2/repository/com/fasterxml/jackson/jaxrs/jackson-jaxrs-base/2.16.2/jackson-jaxrs-base-2.16.2.jar:/home/runner/.m2/repository/com/kstruct/gethostname4j/1.0.0/gethostname4j-1.0.0.jar:/home/runner/.m2/repository/commons-lang/commons-lang/2.6/commons-lang-2.6.jar:/home/runner/.m2/repository/net/java/dev/jna/jna/5.2.0/jna-5.2.0.jar:/home/runner/.m2/repository/net/java/dev/jna/jna-platform/5.2.0/jna-platform-5.2.0.jar:/home/runner/.m2/repository/org/apache/ranger/ranger-plugin-classloader/2.6.0/ranger-plugin-classloader-2.6.0.jar:/home/runner/.m2/repository/org/apache/ranger/ranger-plugins-audit/2.6.0/ranger-plugins-audit-2.6.0.jar:/home/runner/.m2/repository/com/amazonaws/aws-java-sdk-logs/1.12.765/aws-java-sdk-logs-1.12.765.jar:/home/runner/.m2/repository/com/carrotsearch/hppc/0.8.0/hppc-0.8.0.jar:/home/runner/.m2/repository/io/airlift/aircompressor/0.27/aircompressor-0.27.jar:/home/runner/.m2/repository/org/apache/httpcomponents/httpasyncclient/4.1.4/httpasyncclient-4.1.4.jar:/home/runner/.m2/repository/org/apache/httpcomponents/httpcore-nio/4.4.16/httpcore-nio-4.4.16.jar:/home/runner/.m2/repository/org/apache/httpcomponents/httpmime/4.5.13/httpmime-4.5.13.jar:/home/runner/.m2/repository/org/apache/orc/orc-core/1.5.8/orc-core-1.5.8.jar:/home/runner/.m2/repository/org/apache/orc/orc-shims/1.5.8/orc-shims-1.5.8.jar:/home/runner/.m2/repository/org/apache/ranger/ranger-plugins-cred/2.6.0/ranger-plugins-cred-2.6.0.jar:/home/runner/.m2/repository/org/aspectj/aspectjrt/1.9.7/aspectjrt-1.9.7.jar:/home/runner/work/ozone/ozone/hadoop-ozone/ozone-manager/target/ozone-manager-2.1.0-SNAPSHOT-tests.jar:/home/runner/work/ozone/ozone/hadoop-ozone/mini-cluster/target/ozone-mini-cluster-2.1.0-SNAPSHOT.jar:/home/runner/work/ozone/ozone/hadoop-ozone/recon/target/ozone-recon-2.1.0-SNAPSHOT.jar:/home/runner/.m2/repository/aopalliance/aopalliance/1.0/aopalliance-1.0.jar:/home/runner/.m2/repository/com/google/inject/guice/6.0.0/guice-6.0.0.jar:/home/runner/.m2/repository/jakarta/inject/jakarta.inject-api/2.0.1/jakarta.inject-api-2.0.1.jar:/home/runner/.m2/repository/com/jolbox/bonecp/0.8.0.RELEASE/bonecp-0.8.0.RELEASE.jar:/home/runner/.m2/repository/jakarta/validation/jakarta.validation-api/2.0.2/jakarta.validation-api-2.0.2.jar:/home/runner/.m2/repository/javax/annotation/javax.annotation-api/1.3.2/javax.annotation-api-1.3.2.jar:/home/runner/.m2/repository/javax/inject/javax.inject/1/javax.inject-1.jar:/home/runner/.m2/repository/org/apache/derby/derby/10.14.2.0/derby-10.14.2.0.jar:/home/runner/.m2/repository/org/glassfish/hk2/guice-bridge/2.6.1/guice-bridge-2.6.1.jar:/home/runner/.m2/repository/org/glassfish/hk2/hk2-api/2.6.1/hk2-api-2.6.1.jar:/home/runner/.m2/repository/org/glassfish/hk2/hk2-utils/2.6.1/hk2-utils-2.6.1.jar:/home/runner/.m2/repository/org/glassfish/hk2/external/aopalliance-repackaged/2.6.1/aopalliance-repackaged-2.6.1.jar:/home/runner/.m2/repository/org/glassfish/jersey/core/jersey-common/2.47/jersey-common-2.47.jar:/home/runner/.m2/repository/org/glassfish/hk2/osgi-resource-locator/1.0.3/osgi-resource-locator-1.0.3.jar:/home/runner/.m2/repository/org/jooq/jooq/3.11.10/jooq-3.11.10.jar:/home/runner/.m2/repository/org/springframework/spring-core/5.3.39/spring-core-5.3.39.jar:/home/runner/.m2/repository/org/springframework/spring-jdbc/5.3.39/spring-jdbc-5.3.39.jar:/home/runner/.m2/repository/org/springframework/spring-beans/5.3.39/spring-beans-5.3.39.jar:/home/runner/.m2/repository/org/springframework/spring-tx/5.3.39/spring-tx-5.3.39.jar:/home/runner/.m2/repository/org/xerial/sqlite-jdbc/3.50.1.0/sqlite-jdbc-3.50.1.0.jar:/home/runner/.m2/repository/com/google/inject/extensions/guice-assistedinject/6.0.0/guice-assistedinject-6.0.0.jar:/home/runner/.m2/repository/org/glassfish/hk2/external/jakarta.inject/2.6.1/jakarta.inject-2.6.1.jar:/home/runner/.m2/repository/org/glassfish/jersey/inject/jersey-hk2/2.47/jersey-hk2-2.47.jar:/home/runner/.m2/repository/org/glassfish/hk2/hk2-locator/2.6.1/hk2-locator-2.6.1.jar:/home/runner/.m2/repository/org/glassfish/jersey/media/jersey-media-jaxb/2.47/jersey-media-jaxb-2.47.jar:/home/runner/.m2/repository/org/glassfish/jersey/media/jersey-media-json-jackson/2.47/jersey-media-json-jackson-2.47.jar:/home/runner/.m2/repository/org/glassfish/jersey/ext/jersey-entity-filtering/2.47/jersey-entity-filtering-2.47.jar:/home/runner/work/ozone/ozone/hadoop-ozone/recon-codegen/target/ozone-reconcodegen-2.1.0-SNAPSHOT.jar:/home/runner/.m2/repository/org/jooq/jooq-codegen/3.11.10/jooq-codegen-3.11.10.jar:/home/runner/.m2/repository/org/jooq/jooq-meta/3.11.10/jooq-meta-3.11.10.jar:/home/runner/work/ozone/ozone/hadoop-ozone/s3gateway/target/ozone-s3gateway-2.1.0-SNAPSHOT.jar:/home/runner/work/ozone/ozone/hadoop-ozone/tools/target/ozone-tools-2.1.0-SNAPSHOT.jar:/home/runner/.m2/repository/com/github/vlsi/mxgraph/jgraphx/3.9.12/jgraphx-3.9.12.jar:/home/runner/.m2/repository/org/apache/ratis/ratis-shell/3.1.2/ratis-shell-3.1.2.jar:/home/runner/.m2/repository/org/apache/ratis/ratis-tools/3.1.2/ratis-tools-3.1.2.jar:/home/runner/.m2/repository/org/jgrapht/jgrapht-core/1.4.0/jgrapht-core-1.4.0.jar:/home/runner/.m2/repository/org/jheaps/jheaps/0.11/jheaps-0.11.jar:/home/runner/.m2/repository/org/jgrapht/jgrapht-ext/1.4.0/jgrapht-ext-1.4.0.jar:/home/runner/work/ozone/ozone/hadoop-hdds/rocksdb-checkpoint-differ/target/rocksdb-checkpoint-differ-2.1.0-SNAPSHOT.jar:/home/runner/.m2/repository/org/apache/ranger/ranger-intg/2.6.0/ranger-intg-2.6.0.jar:/home/runner/.m2/repository/org/apache/ratis/ratis-client/3.1.2/ratis-client-3.1.2.jar:/home/runner/.m2/repository/org/apache/ratis/ratis-common/3.1.2/ratis-common-3.1.2.jar:/home/runner/.m2/repository/org/apache/ratis/ratis-grpc/3.1.2/ratis-grpc-3.1.2.jar:/home/runner/.m2/repository/org/apache/ratis/ratis-metrics-api/3.1.2/ratis-metrics-api-3.1.2.jar:/home/runner/.m2/repository/org/apache/ratis/ratis-proto/3.1.2/ratis-proto-3.1.2.jar:/home/runner/.m2/repository/org/apache/ratis/ratis-server/3.1.2/ratis-server-3.1.2.jar:/home/runner/.m2/repository/org/apache/ratis/ratis-server-api/3.1.2/ratis-server-api-3.1.2.jar:/home/runner/.m2/repository/org/apache/ratis/ratis-thirdparty-misc/1.0.6/ratis-thirdparty-misc-1.0.6.jar:/home/runner/.m2/repository/org/bouncycastle/bcpkix-jdk18on/1.81/bcpkix-jdk18on-1.81.jar:/home/runner/.m2/repository/org/bouncycastle/bcutil-jdk18on/1.81/bcutil-jdk18on-1.81.jar:/home/runner/.m2/repository/org/hamcrest/hamcrest/2.2/hamcrest-2.2.jar:/home/runner/.m2/repository/org/reflections/reflections/0.10.2/reflections-0.10.2.jar:/home/runner/.m2/repository/org/javassist/javassist/3.30.2-GA/javassist-3.30.2-GA.jar:/home/runner/.m2/repository/org/rocksdb/rocksdbjni/7.7.3/rocksdbjni-7.7.3.jar:/home/runner/.m2/repository/org/slf4j/jul-to-slf4j/2.0.17/jul-to-slf4j-2.0.17.jar:/home/runner/.m2/repository/org/slf4j/slf4j-api/2.0.17/slf4j-api-2.0.17.jar:/home/runner/.m2/repository/org/assertj/assertj-core/3.27.3/assertj-core-3.27.3.jar:/home/runner/.m2/repository/net/bytebuddy/byte-buddy/1.15.11/byte-buddy-1.15.11.jar:/home/runner/.m2/repository/org/junit/jupiter/junit-jupiter-api/5.13.1/junit-jupiter-api-5.13.1.jar:/home/runner/.m2/repository/org/opentest4j/opentest4j/1.3.0/opentest4j-1.3.0.jar:/home/runner/.m2/repository/org/junit/platform/junit-platform-commons/1.13.1/junit-platform-commons-1.13.1.jar:/home/runner/.m2/repository/org/apiguardian/apiguardian-api/1.1.2/apiguardian-api-1.1.2.jar:/home/runner/.m2/repository/org/junit/jupiter/junit-jupiter-params/5.13.1/junit-jupiter-params-5.13.1.jar:/home/runner/.m2/repository/org/mockito/mockito-core/4.11.0/mockito-core-4.11.0.jar:/home/runner/.m2/repository/net/bytebuddy/byte-buddy-agent/1.12.19/byte-buddy-agent-1.12.19.jar:/home/runner/.m2/repository/org/objenesis/objenesis/3.3/objenesis-3.3.jar:/home/runner/.m2/repository/org/mockito/mockito-inline/4.11.0/mockito-inline-4.11.0.jar:/home/runner/.m2/repository/org/mockito/mockito-junit-jupiter/4.11.0/mockito-junit-jupiter-4.11.0.jar:/home/runner/work/ozone/ozone/hadoop-ozone/integration-test/target/gradle-enterprise/test-listeners.jar:"/>
    <property name="sun.cpu.endian" value="little"/>
    <property name="user.home" value="/home/runner"/>
    <property name="user.language" value="en"/>
    <property name="java.specification.vendor" value="Oracle Corporation"/>
    <property name="skipRecon" value="true"/>
    <property name="java.version.date" value="2025-04-15"/>
    <property name="java.home" value="/usr/lib/jvm/temurin-21-jdk-amd64"/>
    <property name="java.security.krb5.conf" value="/home/runner/work/ozone/ozone/hadoop-ozone/integration-test/target/test-classes/krb5.conf"/>
    <property name="file.separator" value="/"/>
    <property name="basedir" value="/home/runner/work/ozone/ozone/hadoop-ozone/integration-test"/>
    <property name="java.vm.compressedOopsMode" value="Zero based"/>
    <property name="line.separator" value="&#10;"/>
    <property name="java.vm.specification.vendor" value="Oracle Corporation"/>
    <property name="java.specification.name" value="Java Platform API Specification"/>
    <property name="surefire.real.class.path" value="/home/runner/work/ozone/ozone/hadoop-ozone/integration-test/target/surefire/surefirebooter-20250620070736760_1065.jar"/>
    <property name="hadoop.log.dir" value="/home/runner/work/ozone/ozone/hadoop-ozone/integration-test/target/log"/>
    <property name="sun.management.compiler" value="HotSpot 64-Bit Tiered Compilers"/>
    <property name="skipShade" value="true"/>
    <property name="java.runtime.version" value="21.0.7+6-LTS"/>
    <property name="user.name" value="runner"/>
    <property name="java.net.preferIPv4Stack" value="true"/>
    <property name="stdout.encoding" value="UTF-8"/>
    <property name="path.separator" value=":"/>
    <property name="java.security.egd" value="file:///dev/urandom"/>
    <property name="os.version" value="6.11.0-1015-azure"/>
    <property name="java.runtime.name" value="OpenJDK Runtime Environment"/>
    <property name="com.gradle.maven.scan.extension.test.listener.junitplatform.NestedExecutionSafeDelegatingTestExecutionListener" value="50fe837a"/>
    <property name="file.encoding" value="UTF-8"/>
    <property name="java.vm.name" value="OpenJDK 64-Bit Server VM"/>
    <property name="rocks_tools_native" value="true"/>
    <property name="java.vendor.version" value="Temurin-21.0.7+6"/>
    <property name="test.build.webapps" value=""/>
    <property name="develocity.listener.surefire.forkId" value="1"/>
    <property name="localRepository" value="/home/runner/.m2/repository"/>
    <property name="java.vendor.url.bug" value="https://github.com/adoptium/adoptium-support/issues"/>
    <property name="jetty.git.hash" value="df524e6b29271c2e09ba9aea83c18dc9db464a31"/>
    <property name="java.io.tmpdir" value="/tmp"/>
    <property name="require.test.libhadoop" value=""/>
    <property name="java.version" value="21.0.7"/>
    <property name="user.dir" value="/home/runner/work/ozone/ozone/hadoop-ozone/integration-test"/>
    <property name="os.arch" value="amd64"/>
    <property name="java.vm.specification.name" value="Java Virtual Machine Specification"/>
    <property name="test.build.classes" value="/home/runner/work/ozone/ozone/hadoop-ozone/integration-test/target/test-classes"/>
    <property name="org.apache.ratis.thirdparty.io.netty.allocator.useCacheForAllThreads" value="false"/>
    <property name="native.encoding" value="UTF-8"/>
    <property name="hadoop.tmp.dir" value="/home/runner/work/ozone/ozone/hadoop-ozone/integration-test/target/tmp"/>
    <property name="java.library.path" value="/usr/java/packages/lib:/usr/lib64:/lib64:/lib:/usr/lib"/>
    <property name="java.vm.info" value="mixed mode, sharing"/>
    <property name="stderr.encoding" value="UTF-8"/>
    <property name="java.vendor" value="Eclipse Adoptium"/>
    <property name="java.vm.version" value="21.0.7+6-LTS"/>
    <property name="sun.io.unicode.encoding" value="UnicodeLittle"/>
    <property name="develocity.listener.port" value="34961"/>
    <property name="java.class.version" value="65.0"/>
  </properties>
  <testcase name="testCreateEC" classname="org.apache.ozone.test.NonHATests$ContainerOperations" time="0.023">
    <system-out><![CDATA[2025-06-20 07:32:22,720 [main] INFO  proxy.SCMContainerLocationFailoverProxyProvider (SCMFailoverProxyProviderBase.java:<init>(120)) - Created fail-over proxy for protocol StorageContainerLocationProtocolPB with 1 nodes: [nodeId=scmNodeId,nodeAddress=/0.0.0.0:15000]
2025-06-20 07:32:22,721 [main] INFO  proxy.SecretKeyProtocolFailoverProxyProvider (SCMFailoverProxyProviderBase.java:<init>(120)) - Created fail-over proxy for protocol SecretKeyProtocolScmPB with 1 nodes: [nodeId=scmNodeId,nodeAddress=/0.0.0.0:9961]
2025-06-20 07:32:22,736 [99a2860e-df91-46e1-81b6-0103b941ca9d-ChunkReader-1] WARN  statemachine.DatanodeConfiguration (DatanodeConfiguration.java:validateMinFreeSpace(689)) - hdds.datanode.volume.min.free.space.percent = -1.0 is invalid, should be between 0 and 1
2025-06-20 07:32:22,736 [99a2860e-df91-46e1-81b6-0103b941ca9d-ChunkReader-1] WARN  statemachine.DatanodeConfiguration (DatanodeConfiguration.java:validateMinFreeSpace(689)) - hdds.datanode.volume.min.free.space.percent = -1.0 is invalid, should be between 0 and 1
2025-06-20 07:32:22,743 [FixedThreadPoolWithAffinityExecutor-1-0] ERROR report.ContainerReportValidator$ECReplicaValidator (ContainerReportValidator.java:validate(71)) - ContainerReplicaReport for ContainerID: 65 in Datanode: 99a2860e-df91-46e1-81b6-0103b941ca9d(localhost/127.0.0.1) failed. Replica Index should be between 1 and 5. Given Replica Index: 0
]]></system-out>
  </testcase>
  <testcase name="testCreateRatis" classname="org.apache.ozone.test.NonHATests$ContainerOperations" time="3.239">
    <system-out><![CDATA[2025-06-20 07:32:22,748 [IPC Server handler 85 on default port 15000] INFO  pipeline.RatisPipelineProvider (RatisPipelineProvider.java:lambda$create$0(208)) - Sending CreatePipelineCommand for pipeline:Pipeline-16011654-7952-44a9-b599-be0eab569db9 to datanode:1232e13d-3d6d-4170-8bdd-0c469583c505(localhost/127.0.0.1)
2025-06-20 07:32:22,748 [IPC Server handler 85 on default port 15000] INFO  pipeline.RatisPipelineProvider (RatisPipelineProvider.java:lambda$create$0(208)) - Sending CreatePipelineCommand for pipeline:Pipeline-16011654-7952-44a9-b599-be0eab569db9 to datanode:99a2860e-df91-46e1-81b6-0103b941ca9d(localhost/127.0.0.1)
2025-06-20 07:32:22,748 [IPC Server handler 85 on default port 15000] INFO  pipeline.RatisPipelineProvider (RatisPipelineProvider.java:lambda$create$0(208)) - Sending CreatePipelineCommand for pipeline:Pipeline-16011654-7952-44a9-b599-be0eab569db9 to datanode:c071e809-fd15-4092-aeb8-7297c81492e3(localhost/127.0.0.1)
2025-06-20 07:32:23,367 [grpc-default-executor-2] INFO  server.RaftServer (RaftServerProxy.java:remove(111)) - c071e809-fd15-4092-aeb8-7297c81492e3: remove  FOLLOWER c071e809-fd15-4092-aeb8-7297c81492e3@group-86327EA6878C:t1, leader=99a2860e-df91-46e1-81b6-0103b941ca9d, voted=99a2860e-df91-46e1-81b6-0103b941ca9d, raftlog=Memoized:c071e809-fd15-4092-aeb8-7297c81492e3@group-86327EA6878C-SegmentedRaftLog:OPENED:c792:last(t:1, i:792), conf=conf: {index: 0, cur=peers:[c071e809-fd15-4092-aeb8-7297c81492e3|127.0.0.1:15015, 93a3bba3-0684-42fb-9089-9f1878a4c067|127.0.0.1:15023, 99a2860e-df91-46e1-81b6-0103b941ca9d|127.0.0.1:15031]|listeners:[], old=null} RUNNING
2025-06-20 07:32:23,367 [grpc-default-executor-2] INFO  server.RaftServer$Division (RaftServerImpl.java:lambda$close$1(513)) - c071e809-fd15-4092-aeb8-7297c81492e3@group-86327EA6878C: shutdown
2025-06-20 07:32:23,367 [grpc-default-executor-2] INFO  util.JmxRegister (JmxRegister.java:unregister(74)) - Successfully un-registered JMX Bean with object name Ratis:service=RaftServer,group=group-86327EA6878C,id=c071e809-fd15-4092-aeb8-7297c81492e3
2025-06-20 07:32:23,367 [grpc-default-executor-2] INFO  impl.RoleInfo (RoleInfo.java:shutdownFollowerState(121)) - c071e809-fd15-4092-aeb8-7297c81492e3: shutdown c071e809-fd15-4092-aeb8-7297c81492e3@group-86327EA6878C-FollowerState
2025-06-20 07:32:23,367 [grpc-default-executor-2] INFO  impl.StateMachineUpdater (StateMachineUpdater.java:stopAndJoin(164)) - c071e809-fd15-4092-aeb8-7297c81492e3@group-86327EA6878C-StateMachineUpdater: set stopIndex = 792
2025-06-20 07:32:23,367 [c071e809-fd15-4092-aeb8-7297c81492e3@group-86327EA6878C-StateMachineUpdater] INFO  ratis.ContainerStateMachine (ContainerStateMachine.java:takeSnapshot(427)) - group-86327EA6878C: Taking a snapshot at:(t:1, i:792) file /home/runner/work/ozone/ozone/hadoop-ozone/integration-test/target/test-dir/MiniOzoneClusterImpl-ceee3db0-dd4d-4002-bf46-69cd4ed5dafd/ozone-meta/datanode-1/ratis/98a883cc-8ef0-4a24-a7d0-86327ea6878c/sm/snapshot.1_792
2025-06-20 07:32:23,367 [c071e809-fd15-4092-aeb8-7297c81492e3@group-86327EA6878C-FollowerState] INFO  impl.FollowerState (FollowerState.java:runImpl(170)) - c071e809-fd15-4092-aeb8-7297c81492e3@group-86327EA6878C-FollowerState was interrupted
2025-06-20 07:32:23,370 [c071e809-fd15-4092-aeb8-7297c81492e3@group-86327EA6878C-StateMachineUpdater] INFO  ratis.ContainerStateMachine (ContainerStateMachine.java:takeSnapshot(436)) - group-86327EA6878C: Finished taking a snapshot at:(t:1, i:792) file:/home/runner/work/ozone/ozone/hadoop-ozone/integration-test/target/test-dir/MiniOzoneClusterImpl-ceee3db0-dd4d-4002-bf46-69cd4ed5dafd/ozone-meta/datanode-1/ratis/98a883cc-8ef0-4a24-a7d0-86327ea6878c/sm/snapshot.1_792 took: 2 ms
2025-06-20 07:32:23,370 [c071e809-fd15-4092-aeb8-7297c81492e3@group-86327EA6878C-StateMachineUpdater] INFO  impl.StateMachineUpdater (StateMachineUpdater.java:takeSnapshot(303)) - c071e809-fd15-4092-aeb8-7297c81492e3@group-86327EA6878C-StateMachineUpdater: Took a snapshot at index 792
2025-06-20 07:32:23,370 [c071e809-fd15-4092-aeb8-7297c81492e3@group-86327EA6878C-StateMachineUpdater] INFO  impl.StateMachineUpdater (StateMachineUpdater.java:lambda$new$0(102)) - c071e809-fd15-4092-aeb8-7297c81492e3@group-86327EA6878C-StateMachineUpdater: snapshotIndex: updateIncreasingly -1 -> 792
2025-06-20 07:32:23,371 [c071e809-fd15-4092-aeb8-7297c81492e3@group-86327EA6878C-StateMachineUpdater] INFO  impl.StateMachineUpdater (StateMachineUpdater.java:stop(141)) - c071e809-fd15-4092-aeb8-7297c81492e3@group-86327EA6878C-StateMachineUpdater: closing ContainerStateMachine, lastApplied=(t:1, i:792)
2025-06-20 07:32:23,372 [c071e809-fd15-4092-aeb8-7297c81492e3@group-86327EA6878C-cacheEviction-AwaitToRun] INFO  util.AwaitToRun (AwaitToRun.java:run(49)) - c071e809-fd15-4092-aeb8-7297c81492e3@group-86327EA6878C-cacheEviction-AwaitToRun-AwaitForSignal is interrupted
2025-06-20 07:32:23,384 [grpc-default-executor-2] INFO  segmented.SegmentedRaftLogWorker (SegmentedRaftLogWorker.java:close(252)) - c071e809-fd15-4092-aeb8-7297c81492e3@group-86327EA6878C-SegmentedRaftLogWorker close()
2025-06-20 07:32:23,388 [grpc-default-executor-2] INFO  keyvalue.KeyValueContainer (KeyValueContainer.java:flushAndSyncDB(512)) - Synced container: KeyValueContainerData #27 (CLOSING, non-empty, ri=0, origin=[dn_c071e809-fd15-4092-aeb8-7297c81492e3, pipeline_98a883cc-8ef0-4a24-a7d0-86327ea6878c])
2025-06-20 07:32:23,388 [grpc-default-executor-2] INFO  keyvalue.KeyValueContainer (KeyValueContainer.java:flushAndSyncDB(512)) - Synced container: KeyValueContainerData #27 (CLOSING, non-empty, ri=0, origin=[dn_c071e809-fd15-4092-aeb8-7297c81492e3, pipeline_98a883cc-8ef0-4a24-a7d0-86327ea6878c])
2025-06-20 07:32:23,394 [grpc-default-executor-2] INFO  server.RaftServer$Division (RaftServerImpl.java:groupRemove(483)) - c071e809-fd15-4092-aeb8-7297c81492e3@group-86327EA6878C: Succeed to remove RaftStorageDirectory Storage Directory /home/runner/work/ozone/ozone/hadoop-ozone/integration-test/target/test-dir/MiniOzoneClusterImpl-ceee3db0-dd4d-4002-bf46-69cd4ed5dafd/ozone-meta/datanode-1/ratis/98a883cc-8ef0-4a24-a7d0-86327ea6878c
2025-06-20 07:32:23,395 [FixedThreadPoolWithAffinityExecutor-9-0] INFO  container.IncrementalContainerReportHandler (AbstractContainerReportHandler.java:updateContainerState(264)) - QUASI_CLOSE Container #27 (CLOSING, sid=790) r0 (QUASI_CLOSED, bcsid=790, origin=c071e809-fd15-4092-aeb8-7297c81492e3, non-empty) from dn c071e809-fd15-4092-aeb8-7297c81492e3(localhost/127.0.0.1)
2025-06-20 07:32:23,407 [grpc-default-executor-2] INFO  server.RaftServer (RaftServerProxy.java:remove(111)) - 93a3bba3-0684-42fb-9089-9f1878a4c067: remove  FOLLOWER 93a3bba3-0684-42fb-9089-9f1878a4c067@group-86327EA6878C:t1, leader=99a2860e-df91-46e1-81b6-0103b941ca9d, voted=99a2860e-df91-46e1-81b6-0103b941ca9d, raftlog=Memoized:93a3bba3-0684-42fb-9089-9f1878a4c067@group-86327EA6878C-SegmentedRaftLog:OPENED:c792:last(t:1, i:792), conf=conf: {index: 0, cur=peers:[c071e809-fd15-4092-aeb8-7297c81492e3|127.0.0.1:15015, 93a3bba3-0684-42fb-9089-9f1878a4c067|127.0.0.1:15023, 99a2860e-df91-46e1-81b6-0103b941ca9d|127.0.0.1:15031]|listeners:[], old=null} RUNNING
2025-06-20 07:32:23,407 [grpc-default-executor-2] INFO  server.RaftServer$Division (RaftServerImpl.java:lambda$close$1(513)) - 93a3bba3-0684-42fb-9089-9f1878a4c067@group-86327EA6878C: shutdown
2025-06-20 07:32:23,407 [grpc-default-executor-2] INFO  util.JmxRegister (JmxRegister.java:unregister(74)) - Successfully un-registered JMX Bean with object name Ratis:service=RaftServer,group=group-86327EA6878C,id=93a3bba3-0684-42fb-9089-9f1878a4c067
2025-06-20 07:32:23,407 [grpc-default-executor-2] INFO  impl.RoleInfo (RoleInfo.java:shutdownFollowerState(121)) - 93a3bba3-0684-42fb-9089-9f1878a4c067: shutdown 93a3bba3-0684-42fb-9089-9f1878a4c067@group-86327EA6878C-FollowerState
2025-06-20 07:32:23,407 [grpc-default-executor-2] INFO  impl.StateMachineUpdater (StateMachineUpdater.java:stopAndJoin(164)) - 93a3bba3-0684-42fb-9089-9f1878a4c067@group-86327EA6878C-StateMachineUpdater: set stopIndex = 792
2025-06-20 07:32:23,407 [93a3bba3-0684-42fb-9089-9f1878a4c067@group-86327EA6878C-FollowerState] INFO  impl.FollowerState (FollowerState.java:runImpl(170)) - 93a3bba3-0684-42fb-9089-9f1878a4c067@group-86327EA6878C-FollowerState was interrupted
2025-06-20 07:32:23,408 [93a3bba3-0684-42fb-9089-9f1878a4c067@group-86327EA6878C-StateMachineUpdater] INFO  ratis.ContainerStateMachine (ContainerStateMachine.java:takeSnapshot(427)) - group-86327EA6878C: Taking a snapshot at:(t:1, i:792) file /home/runner/work/ozone/ozone/hadoop-ozone/integration-test/target/test-dir/MiniOzoneClusterImpl-ceee3db0-dd4d-4002-bf46-69cd4ed5dafd/ozone-meta/datanode-2/ratis/98a883cc-8ef0-4a24-a7d0-86327ea6878c/sm/snapshot.1_792
2025-06-20 07:32:23,409 [93a3bba3-0684-42fb-9089-9f1878a4c067@group-86327EA6878C-StateMachineUpdater] INFO  ratis.ContainerStateMachine (ContainerStateMachine.java:takeSnapshot(436)) - group-86327EA6878C: Finished taking a snapshot at:(t:1, i:792) file:/home/runner/work/ozone/ozone/hadoop-ozone/integration-test/target/test-dir/MiniOzoneClusterImpl-ceee3db0-dd4d-4002-bf46-69cd4ed5dafd/ozone-meta/datanode-2/ratis/98a883cc-8ef0-4a24-a7d0-86327ea6878c/sm/snapshot.1_792 took: 2 ms
2025-06-20 07:32:23,410 [93a3bba3-0684-42fb-9089-9f1878a4c067@group-86327EA6878C-StateMachineUpdater] INFO  impl.StateMachineUpdater (StateMachineUpdater.java:takeSnapshot(303)) - 93a3bba3-0684-42fb-9089-9f1878a4c067@group-86327EA6878C-StateMachineUpdater: Took a snapshot at index 792
2025-06-20 07:32:23,410 [93a3bba3-0684-42fb-9089-9f1878a4c067@group-86327EA6878C-StateMachineUpdater] INFO  impl.StateMachineUpdater (StateMachineUpdater.java:lambda$new$0(102)) - 93a3bba3-0684-42fb-9089-9f1878a4c067@group-86327EA6878C-StateMachineUpdater: snapshotIndex: updateIncreasingly -1 -> 792
2025-06-20 07:32:23,410 [93a3bba3-0684-42fb-9089-9f1878a4c067@group-86327EA6878C-StateMachineUpdater] INFO  impl.StateMachineUpdater (StateMachineUpdater.java:stop(141)) - 93a3bba3-0684-42fb-9089-9f1878a4c067@group-86327EA6878C-StateMachineUpdater: closing ContainerStateMachine, lastApplied=(t:1, i:792)
2025-06-20 07:32:23,411 [93a3bba3-0684-42fb-9089-9f1878a4c067@group-86327EA6878C-cacheEviction-AwaitToRun] INFO  util.AwaitToRun (AwaitToRun.java:run(49)) - 93a3bba3-0684-42fb-9089-9f1878a4c067@group-86327EA6878C-cacheEviction-AwaitToRun-AwaitForSignal is interrupted
2025-06-20 07:32:24,366 [93a3bba3-0684-42fb-9089-9f1878a4c067-CloseContainerThread-1] INFO  keyvalue.KeyValueContainer (KeyValueContainer.java:flushAndSyncDB(512)) - Synced container: KeyValueContainerData #5 (CLOSING, non-empty, ri=2, origin=[dn_93a3bba3-0684-42fb-9089-9f1878a4c067, pipeline_])
2025-06-20 07:32:24,366 [93a3bba3-0684-42fb-9089-9f1878a4c067-CloseContainerThread-1] INFO  keyvalue.KeyValueContainer (KeyValueContainer.java:flushAndSyncDB(512)) - Synced container: KeyValueContainerData #5 (CLOSING, non-empty, ri=2, origin=[dn_93a3bba3-0684-42fb-9089-9f1878a4c067, pipeline_])
2025-06-20 07:32:24,367 [93a3bba3-0684-42fb-9089-9f1878a4c067-CloseContainerThread-0] ERROR commandhandler.CloseContainerCommandHandler (CloseContainerCommandHandler.java:lambda$handle$0(156)) - Can't close container #27
java.io.IOException: org.apache.ratis.protocol.exceptions.GroupMismatchException: 93a3bba3-0684-42fb-9089-9f1878a4c067: group-86327EA6878C not found.
	at org.apache.hadoop.ozone.container.common.transport.server.ratis.XceiverServerRatis.submitRequest(XceiverServerRatis.java:674)
	at org.apache.hadoop.ozone.container.common.statemachine.commandhandler.CloseContainerCommandHandler.lambda$handle$0(CloseContainerCommandHandler.java:126)
	at java.base/java.util.concurrent.CompletableFuture$AsyncRun.run(CompletableFuture.java:1804)
	at java.base/java.util.concurrent.ThreadPoolExecutor.runWorker(ThreadPoolExecutor.java:1144)
	at java.base/java.util.concurrent.ThreadPoolExecutor$Worker.run(ThreadPoolExecutor.java:642)
	at java.base/java.lang.Thread.run(Thread.java:1583)
Caused by: java.util.concurrent.ExecutionException: org.apache.ratis.protocol.exceptions.GroupMismatchException: 93a3bba3-0684-42fb-9089-9f1878a4c067: group-86327EA6878C not found.
	at java.base/java.util.concurrent.CompletableFuture.reportGet(CompletableFuture.java:396)
	at java.base/java.util.concurrent.CompletableFuture.get(CompletableFuture.java:2096)
	at org.apache.hadoop.ozone.container.common.transport.server.ratis.XceiverServerRatis.submitRequest(XceiverServerRatis.java:672)
	... 5 more
Caused by: org.apache.ratis.protocol.exceptions.GroupMismatchException: 93a3bba3-0684-42fb-9089-9f1878a4c067: group-86327EA6878C not found.
	at org.apache.ratis.server.impl.RaftServerProxy$ImplMap.get(RaftServerProxy.java:155)
	at org.apache.ratis.server.impl.RaftServerProxy.getImplFuture(RaftServerProxy.java:365)
	at org.apache.ratis.server.impl.RaftServerProxy.submitClientRequestAsync(RaftServerProxy.java:449)
	at org.apache.hadoop.ozone.container.common.transport.server.ratis.XceiverServerRatis.submitRequest(XceiverServerRatis.java:671)
	... 5 more
2025-06-20 07:32:24,367 [93a3bba3-0684-42fb-9089-9f1878a4c067-CloseContainerThread-0] INFO  commandhandler.CloseContainerCommandHandler (CloseContainerCommandHandler.java:lambda$handle$0(105)) - Container #30 does not exist in datanode. Its pipeline may have closed before it was created. Container close failed.
2025-06-20 07:32:24,367 [93a3bba3-0684-42fb-9089-9f1878a4c067-CloseContainerThread-0] INFO  commandhandler.CloseContainerCommandHandler (CloseContainerCommandHandler.java:lambda$handle$0(105)) - Container #31 does not exist in datanode. Its pipeline may have closed before it was created. Container close failed.
2025-06-20 07:32:24,367 [93a3bba3-0684-42fb-9089-9f1878a4c067-CloseContainerThread-0] INFO  commandhandler.CloseContainerCommandHandler (CloseContainerCommandHandler.java:lambda$handle$0(105)) - Container #32 does not exist in datanode. Its pipeline may have closed before it was created. Container close failed.
2025-06-20 07:32:24,367 [93a3bba3-0684-42fb-9089-9f1878a4c067-CloseContainerThread-0] INFO  commandhandler.CloseContainerCommandHandler (CloseContainerCommandHandler.java:lambda$handle$0(105)) - Container #33 does not exist in datanode. Its pipeline may have closed before it was created. Container close failed.
2025-06-20 07:32:24,371 [93a3bba3-0684-42fb-9089-9f1878a4c067-ContainerOp-7c5984aa-1097-403b-9ac6-6442a67d119b-5] INFO  keyvalue.KeyValueContainer (KeyValueContainer.java:flushAndSyncDB(512)) - Synced container: KeyValueContainerData #14 (CLOSING, non-empty, ri=0, origin=[dn_93a3bba3-0684-42fb-9089-9f1878a4c067, pipeline_7c5984aa-1097-403b-9ac6-6442a67d119b])
2025-06-20 07:32:24,371 [93a3bba3-0684-42fb-9089-9f1878a4c067-ContainerOp-7c5984aa-1097-403b-9ac6-6442a67d119b-5] INFO  keyvalue.KeyValueContainer (KeyValueContainer.java:flushAndSyncDB(512)) - Synced container: KeyValueContainerData #14 (CLOSING, non-empty, ri=0, origin=[dn_93a3bba3-0684-42fb-9089-9f1878a4c067, pipeline_7c5984aa-1097-403b-9ac6-6442a67d119b])
2025-06-20 07:32:24,373 [93a3bba3-0684-42fb-9089-9f1878a4c067-CloseContainerThread-1] INFO  keyvalue.KeyValueContainer (KeyValueContainer.java:close(428)) - Closed container: KeyValueContainerData #5 (CLOSED, non-empty, ri=2, origin=[dn_93a3bba3-0684-42fb-9089-9f1878a4c067, pipeline_])
2025-06-20 07:32:24,375 [93a3bba3-0684-42fb-9089-9f1878a4c067-ContainerOp-7c5984aa-1097-403b-9ac6-6442a67d119b-5] INFO  keyvalue.KeyValueContainer (KeyValueContainer.java:close(428)) - Closed container: KeyValueContainerData #14 (CLOSED, non-empty, ri=0, origin=[dn_93a3bba3-0684-42fb-9089-9f1878a4c067, pipeline_7c5984aa-1097-403b-9ac6-6442a67d119b])
2025-06-20 07:32:24,376 [FixedThreadPoolWithAffinityExecutor-1-0] INFO  container.IncrementalContainerReportHandler (AbstractContainerReportHandler.java:updateContainerState(289)) - CLOSE Container #14 (CLOSING, sid=2) r0 (CLOSED, bcsid=2, origin=93a3bba3-0684-42fb-9089-9f1878a4c067, non-empty) from dn 93a3bba3-0684-42fb-9089-9f1878a4c067(localhost/127.0.0.1)
2025-06-20 07:32:24,383 [grpc-default-executor-2] INFO  segmented.SegmentedRaftLogWorker (SegmentedRaftLogWorker.java:close(252)) - 93a3bba3-0684-42fb-9089-9f1878a4c067@group-86327EA6878C-SegmentedRaftLogWorker close()
2025-06-20 07:32:24,385 [grpc-default-executor-2] INFO  keyvalue.KeyValueContainer (KeyValueContainer.java:flushAndSyncDB(512)) - Synced container: KeyValueContainerData #27 (CLOSING, non-empty, ri=0, origin=[dn_93a3bba3-0684-42fb-9089-9f1878a4c067, pipeline_98a883cc-8ef0-4a24-a7d0-86327ea6878c])
2025-06-20 07:32:24,385 [grpc-default-executor-2] INFO  keyvalue.KeyValueContainer (KeyValueContainer.java:flushAndSyncDB(512)) - Synced container: KeyValueContainerData #27 (CLOSING, non-empty, ri=0, origin=[dn_93a3bba3-0684-42fb-9089-9f1878a4c067, pipeline_98a883cc-8ef0-4a24-a7d0-86327ea6878c])
2025-06-20 07:32:24,390 [grpc-default-executor-2] INFO  server.RaftServer$Division (RaftServerImpl.java:groupRemove(483)) - 93a3bba3-0684-42fb-9089-9f1878a4c067@group-86327EA6878C: Succeed to remove RaftStorageDirectory Storage Directory /home/runner/work/ozone/ozone/hadoop-ozone/integration-test/target/test-dir/MiniOzoneClusterImpl-ceee3db0-dd4d-4002-bf46-69cd4ed5dafd/ozone-meta/datanode-2/ratis/98a883cc-8ef0-4a24-a7d0-86327ea6878c
2025-06-20 07:32:24,394 [99a2860e-df91-46e1-81b6-0103b941ca9d-PipelineCommandHandlerThread-0] INFO  server.RaftServer (RaftServerProxy.java:remove(111)) - 99a2860e-df91-46e1-81b6-0103b941ca9d: remove    LEADER 99a2860e-df91-46e1-81b6-0103b941ca9d@group-86327EA6878C:t1, leader=99a2860e-df91-46e1-81b6-0103b941ca9d, voted=99a2860e-df91-46e1-81b6-0103b941ca9d, raftlog=Memoized:99a2860e-df91-46e1-81b6-0103b941ca9d@group-86327EA6878C-SegmentedRaftLog:OPENED:c792:last(t:1, i:792), conf=conf: {index: 0, cur=peers:[c071e809-fd15-4092-aeb8-7297c81492e3|127.0.0.1:15015, 93a3bba3-0684-42fb-9089-9f1878a4c067|127.0.0.1:15023, 99a2860e-df91-46e1-81b6-0103b941ca9d|127.0.0.1:15031]|listeners:[], old=null} RUNNING
2025-06-20 07:32:24,395 [99a2860e-df91-46e1-81b6-0103b941ca9d-PipelineCommandHandlerThread-0] INFO  server.RaftServer$Division (RaftServerImpl.java:lambda$close$1(513)) - 99a2860e-df91-46e1-81b6-0103b941ca9d@group-86327EA6878C: shutdown
2025-06-20 07:32:24,395 [99a2860e-df91-46e1-81b6-0103b941ca9d-PipelineCommandHandlerThread-0] INFO  util.JmxRegister (JmxRegister.java:unregister(74)) - Successfully un-registered JMX Bean with object name Ratis:service=RaftServer,group=group-86327EA6878C,id=99a2860e-df91-46e1-81b6-0103b941ca9d
2025-06-20 07:32:24,395 [99a2860e-df91-46e1-81b6-0103b941ca9d-PipelineCommandHandlerThread-0] INFO  impl.RoleInfo (RoleInfo.java:shutdownLeaderState(103)) - 99a2860e-df91-46e1-81b6-0103b941ca9d: shutdown 99a2860e-df91-46e1-81b6-0103b941ca9d@group-86327EA6878C-LeaderStateImpl
2025-06-20 07:32:24,395 [99a2860e-df91-46e1-81b6-0103b941ca9d-PipelineCommandHandlerThread-0] INFO  impl.PendingRequests (PendingRequests.java:sendNotLeaderResponses(287)) - 99a2860e-df91-46e1-81b6-0103b941ca9d@group-86327EA6878C-PendingRequests: sendNotLeaderResponses
2025-06-20 07:32:24,396 [99a2860e-df91-46e1-81b6-0103b941ca9d@group-86327EA6878C->c071e809-fd15-4092-aeb8-7297c81492e3-GrpcLogAppender-LogAppenderDaemon] WARN  server.GrpcLogAppender (GrpcLogAppender.java:mayWait(293)) - 99a2860e-df91-46e1-81b6-0103b941ca9d@group-86327EA6878C->c071e809-fd15-4092-aeb8-7297c81492e3-GrpcLogAppender: Wait interrupted by java.lang.InterruptedException
2025-06-20 07:32:24,396 [99a2860e-df91-46e1-81b6-0103b941ca9d@group-86327EA6878C->93a3bba3-0684-42fb-9089-9f1878a4c067-GrpcLogAppender-LogAppenderDaemon] WARN  server.GrpcLogAppender (GrpcLogAppender.java:mayWait(293)) - 99a2860e-df91-46e1-81b6-0103b941ca9d@group-86327EA6878C->93a3bba3-0684-42fb-9089-9f1878a4c067-GrpcLogAppender: Wait interrupted by java.lang.InterruptedException
2025-06-20 07:32:24,399 [grpc-default-executor-3] INFO  server.GrpcServerProtocolService (GrpcServerProtocolService.java:onCompleted(157)) - c071e809-fd15-4092-aeb8-7297c81492e3: Completed APPEND_ENTRIES, lastRequest: null
2025-06-20 07:32:24,399 [grpc-default-executor-4] INFO  server.GrpcServerProtocolService (GrpcServerProtocolService.java:onCompleted(157)) - c071e809-fd15-4092-aeb8-7297c81492e3: Completed APPEND_ENTRIES, lastRequest: 99a2860e-df91-46e1-81b6-0103b941ca9d->c071e809-fd15-4092-aeb8-7297c81492e3#1787-t1,previous=(t:1, i:791),leaderCommit=790,initializing? false,entries: size=1, first=(t:1, i:792), METADATAENTRY(c:790)
2025-06-20 07:32:24,400 [grpc-default-executor-4] INFO  server.GrpcServerProtocolService (GrpcServerProtocolService.java:lambda$onCompleted$5(159)) - c071e809-fd15-4092-aeb8-7297c81492e3: Completed APPEND_ENTRIES, lastReply: null
2025-06-20 07:32:24,399 [grpc-default-executor-5] INFO  server.GrpcServerProtocolService (GrpcServerProtocolService.java:onCompleted(157)) - 93a3bba3-0684-42fb-9089-9f1878a4c067: Completed APPEND_ENTRIES, lastRequest: null
2025-06-20 07:32:24,400 [grpc-default-executor-2] INFO  server.GrpcServerProtocolService (GrpcServerProtocolService.java:onCompleted(157)) - 93a3bba3-0684-42fb-9089-9f1878a4c067: Completed APPEND_ENTRIES, lastRequest: 99a2860e-df91-46e1-81b6-0103b941ca9d->93a3bba3-0684-42fb-9089-9f1878a4c067#1824-t1,previous=(t:1, i:791),leaderCommit=790,initializing? false,entries: size=1, first=(t:1, i:792), METADATAENTRY(c:790)
2025-06-20 07:32:24,401 [grpc-default-executor-2] INFO  server.GrpcServerProtocolService (GrpcServerProtocolService.java:lambda$onCompleted$5(159)) - 93a3bba3-0684-42fb-9089-9f1878a4c067: Completed APPEND_ENTRIES, lastReply: null
2025-06-20 07:32:24,401 [99a2860e-df91-46e1-81b6-0103b941ca9d@group-86327EA6878C-StateMachineUpdater] INFO  ratis.ContainerStateMachine (ContainerStateMachine.java:takeSnapshot(427)) - group-86327EA6878C: Taking a snapshot at:(t:1, i:792) file /home/runner/work/ozone/ozone/hadoop-ozone/integration-test/target/test-dir/MiniOzoneClusterImpl-ceee3db0-dd4d-4002-bf46-69cd4ed5dafd/ozone-meta/datanode-3/ratis/98a883cc-8ef0-4a24-a7d0-86327ea6878c/sm/snapshot.1_792
2025-06-20 07:32:24,402 [99a2860e-df91-46e1-81b6-0103b941ca9d-PipelineCommandHandlerThread-0] INFO  impl.StateMachineUpdater (StateMachineUpdater.java:stopAndJoin(164)) - 99a2860e-df91-46e1-81b6-0103b941ca9d@group-86327EA6878C-StateMachineUpdater: set stopIndex = 792
2025-06-20 07:32:24,403 [grpc-default-executor-2] INFO  server.GrpcLogAppender (GrpcLogAppender.java:onCompleted(550)) - 99a2860e-df91-46e1-81b6-0103b941ca9d@group-86327EA6878C->c071e809-fd15-4092-aeb8-7297c81492e3-AppendLogResponseHandler: follower responses appendEntries COMPLETED
2025-06-20 07:32:24,403 [grpc-default-executor-3] INFO  server.GrpcLogAppender (GrpcLogAppender.java:onCompleted(550)) - 99a2860e-df91-46e1-81b6-0103b941ca9d@group-86327EA6878C->93a3bba3-0684-42fb-9089-9f1878a4c067-AppendLogResponseHandler: follower responses appendEntries COMPLETED
2025-06-20 07:32:24,404 [99a2860e-df91-46e1-81b6-0103b941ca9d@group-86327EA6878C-StateMachineUpdater] INFO  ratis.ContainerStateMachine (ContainerStateMachine.java:takeSnapshot(436)) - group-86327EA6878C: Finished taking a snapshot at:(t:1, i:792) file:/home/runner/work/ozone/ozone/hadoop-ozone/integration-test/target/test-dir/MiniOzoneClusterImpl-ceee3db0-dd4d-4002-bf46-69cd4ed5dafd/ozone-meta/datanode-3/ratis/98a883cc-8ef0-4a24-a7d0-86327ea6878c/sm/snapshot.1_792 took: 4 ms
2025-06-20 07:32:24,405 [99a2860e-df91-46e1-81b6-0103b941ca9d@group-86327EA6878C-StateMachineUpdater] INFO  impl.StateMachineUpdater (StateMachineUpdater.java:takeSnapshot(303)) - 99a2860e-df91-46e1-81b6-0103b941ca9d@group-86327EA6878C-StateMachineUpdater: Took a snapshot at index 792
2025-06-20 07:32:24,405 [99a2860e-df91-46e1-81b6-0103b941ca9d@group-86327EA6878C-StateMachineUpdater] INFO  impl.StateMachineUpdater (StateMachineUpdater.java:lambda$new$0(102)) - 99a2860e-df91-46e1-81b6-0103b941ca9d@group-86327EA6878C-StateMachineUpdater: snapshotIndex: updateIncreasingly -1 -> 792
2025-06-20 07:32:24,405 [99a2860e-df91-46e1-81b6-0103b941ca9d@group-86327EA6878C-StateMachineUpdater] INFO  impl.StateMachineUpdater (StateMachineUpdater.java:stop(141)) - 99a2860e-df91-46e1-81b6-0103b941ca9d@group-86327EA6878C-StateMachineUpdater: closing ContainerStateMachine, lastApplied=(t:1, i:792)
2025-06-20 07:32:24,406 [99a2860e-df91-46e1-81b6-0103b941ca9d@group-86327EA6878C-cacheEviction-AwaitToRun] INFO  util.AwaitToRun (AwaitToRun.java:run(49)) - 99a2860e-df91-46e1-81b6-0103b941ca9d@group-86327EA6878C-cacheEviction-AwaitToRun-AwaitForSignal is interrupted
2025-06-20 07:32:24,624 [289aea4c-8c7b-42cb-b940-060b66b25812-CloseContainerThread-1] INFO  commandhandler.CloseContainerCommandHandler (CloseContainerCommandHandler.java:lambda$handle$0(105)) - Container #30 does not exist in datanode. Its pipeline may have closed before it was created. Container close failed.
2025-06-20 07:32:24,624 [289aea4c-8c7b-42cb-b940-060b66b25812-CloseContainerThread-2] INFO  commandhandler.CloseContainerCommandHandler (CloseContainerCommandHandler.java:lambda$handle$0(105)) - Container #28 does not exist in datanode. Its pipeline may have closed before it was created. Container close failed.
2025-06-20 07:32:24,625 [289aea4c-8c7b-42cb-b940-060b66b25812-CloseContainerThread-1] INFO  commandhandler.CloseContainerCommandHandler (CloseContainerCommandHandler.java:lambda$handle$0(105)) - Container #31 does not exist in datanode. Its pipeline may have closed before it was created. Container close failed.
2025-06-20 07:32:24,625 [289aea4c-8c7b-42cb-b940-060b66b25812-CloseContainerThread-2] INFO  commandhandler.CloseContainerCommandHandler (CloseContainerCommandHandler.java:lambda$handle$0(105)) - Container #32 does not exist in datanode. Its pipeline may have closed before it was created. Container close failed.
2025-06-20 07:32:24,625 [289aea4c-8c7b-42cb-b940-060b66b25812-CloseContainerThread-1] INFO  commandhandler.CloseContainerCommandHandler (CloseContainerCommandHandler.java:lambda$handle$0(105)) - Container #33 does not exist in datanode. Its pipeline may have closed before it was created. Container close failed.
2025-06-20 07:32:24,630 [289aea4c-8c7b-42cb-b940-060b66b25812-CloseContainerThread-0] INFO  keyvalue.KeyValueContainer (KeyValueContainer.java:flushAndSyncDB(512)) - Synced container: KeyValueContainerData #5 (CLOSING, non-empty, ri=1, origin=[dn_289aea4c-8c7b-42cb-b940-060b66b25812, pipeline_])
2025-06-20 07:32:24,630 [289aea4c-8c7b-42cb-b940-060b66b25812-CloseContainerThread-0] INFO  keyvalue.KeyValueContainer (KeyValueContainer.java:flushAndSyncDB(512)) - Synced container: KeyValueContainerData #5 (CLOSING, non-empty, ri=1, origin=[dn_289aea4c-8c7b-42cb-b940-060b66b25812, pipeline_])
2025-06-20 07:32:24,633 [289aea4c-8c7b-42cb-b940-060b66b25812-CloseContainerThread-0] INFO  keyvalue.KeyValueContainer (KeyValueContainer.java:close(428)) - Closed container: KeyValueContainerData #5 (CLOSED, non-empty, ri=1, origin=[dn_289aea4c-8c7b-42cb-b940-060b66b25812, pipeline_])
2025-06-20 07:32:24,634 [FixedThreadPoolWithAffinityExecutor-8-0] INFO  container.IncrementalContainerReportHandler (AbstractContainerReportHandler.java:updateContainerState(289)) - CLOSE Container #5 (CLOSING, sid=0) r1 (CLOSED, bcsid=0, origin=289aea4c-8c7b-42cb-b940-060b66b25812, non-empty) from dn 289aea4c-8c7b-42cb-b940-060b66b25812(localhost/127.0.0.1)
2025-06-20 07:32:24,692 [c071e809-fd15-4092-aeb8-7297c81492e3-PipelineCommandHandlerThread-0] INFO  server.RaftServer (RaftServerProxy.java:addNew(100)) - c071e809-fd15-4092-aeb8-7297c81492e3: addNew group-BE0EAB569DB9:[c071e809-fd15-4092-aeb8-7297c81492e3|127.0.0.1:15015, 1232e13d-3d6d-4170-8bdd-0c469583c505|127.0.0.1:15039, 99a2860e-df91-46e1-81b6-0103b941ca9d|127.0.0.1:15031] returns group-BE0EAB569DB9:java.util.concurrent.CompletableFuture@78fc1aae[Not completed]
2025-06-20 07:32:24,693 [c071e809-fd15-4092-aeb8-7297c81492e3-CloseContainerThread-2] INFO  commandhandler.CloseContainerCommandHandler (CloseContainerCommandHandler.java:lambda$handle$0(105)) - Container #30 does not exist in datanode. Its pipeline may have closed before it was created. Container close failed.
2025-06-20 07:32:24,693 [c071e809-fd15-4092-aeb8-7297c81492e3-CloseContainerThread-2] INFO  commandhandler.CloseContainerCommandHandler (CloseContainerCommandHandler.java:lambda$handle$0(105)) - Container #31 does not exist in datanode. Its pipeline may have closed before it was created. Container close failed.
2025-06-20 07:32:24,693 [c071e809-fd15-4092-aeb8-7297c81492e3-CloseContainerThread-2] INFO  commandhandler.CloseContainerCommandHandler (CloseContainerCommandHandler.java:lambda$handle$0(105)) - Container #32 does not exist in datanode. Its pipeline may have closed before it was created. Container close failed.
2025-06-20 07:32:24,693 [c071e809-fd15-4092-aeb8-7297c81492e3-CloseContainerThread-2] INFO  commandhandler.CloseContainerCommandHandler (CloseContainerCommandHandler.java:lambda$handle$0(105)) - Container #33 does not exist in datanode. Its pipeline may have closed before it was created. Container close failed.
2025-06-20 07:32:24,697 [c071e809-fd15-4092-aeb8-7297c81492e3-groupManagement] WARN  statemachine.DatanodeConfiguration (DatanodeConfiguration.java:validateMinFreeSpace(689)) - hdds.datanode.volume.min.free.space.percent = -1.0 is invalid, should be between 0 and 1
2025-06-20 07:32:24,697 [c071e809-fd15-4092-aeb8-7297c81492e3-groupManagement] INFO  server.RaftServer$Division (RaftServerImpl.java:<init>(255)) - c071e809-fd15-4092-aeb8-7297c81492e3: new RaftServerImpl for group-BE0EAB569DB9:[c071e809-fd15-4092-aeb8-7297c81492e3|127.0.0.1:15015, 1232e13d-3d6d-4170-8bdd-0c469583c505|127.0.0.1:15039, 99a2860e-df91-46e1-81b6-0103b941ca9d|127.0.0.1:15031] with ContainerStateMachine:uninitialized
2025-06-20 07:32:24,697 [c071e809-fd15-4092-aeb8-7297c81492e3-groupManagement] INFO  server.RaftServerConfigKeys (ConfUtils.java:logGet(46)) - raft.server.rpc.timeout.min = 5s (custom)
2025-06-20 07:32:24,697 [c071e809-fd15-4092-aeb8-7297c81492e3-groupManagement] INFO  server.RaftServerConfigKeys (ConfUtils.java:logGet(46)) - raft.server.rpc.timeout.max = 5200ms (custom)
2025-06-20 07:32:24,697 [c071e809-fd15-4092-aeb8-7297c81492e3-groupManagement] INFO  server.RaftServerConfigKeys (ConfUtils.java:logGet(46)) - raft.server.rpc.sleep.time = 25ms (default)
2025-06-20 07:32:24,697 [c071e809-fd15-4092-aeb8-7297c81492e3-groupManagement] INFO  server.RaftServerConfigKeys (ConfUtils.java:logGet(46)) - raft.server.rpc.slowness.timeout = 300000ms (custom)
2025-06-20 07:32:24,697 [c071e809-fd15-4092-aeb8-7297c81492e3-groupManagement] INFO  server.RaftServerConfigKeys (ConfUtils.java:logGet(46)) - raft.server.leaderelection.leader.step-down.wait-time = 10s (default)
2025-06-20 07:32:24,697 [c071e809-fd15-4092-aeb8-7297c81492e3-groupManagement] INFO  server.RaftServerConfigKeys (ConfUtils.java:logGet(46)) - raft.server.leaderelection.member.majority-add = false (default)
2025-06-20 07:32:24,698 [c071e809-fd15-4092-aeb8-7297c81492e3-groupManagement] INFO  server.RaftServerConfigKeys (ConfUtils.java:logGet(46)) - raft.server.sleep.deviation.threshold = 300ms (default)
2025-06-20 07:32:24,698 [c071e809-fd15-4092-aeb8-7297c81492e3-groupManagement] INFO  server.RaftServer$Division (ServerState.java:<init>(114)) - c071e809-fd15-4092-aeb8-7297c81492e3@group-BE0EAB569DB9: ConfigurationManager, init=conf: {index: -1, cur=peers:[c071e809-fd15-4092-aeb8-7297c81492e3|127.0.0.1:15015, 1232e13d-3d6d-4170-8bdd-0c469583c505|127.0.0.1:15039, 99a2860e-df91-46e1-81b6-0103b941ca9d|127.0.0.1:15031]|listeners:[], old=null}, confs=<EMPTY_MAP>
2025-06-20 07:32:24,698 [c071e809-fd15-4092-aeb8-7297c81492e3-groupManagement] INFO  server.RaftServerConfigKeys (ConfUtils.java:logGet(46)) - raft.server.notification.no-leader.timeout = 300000ms (custom)
2025-06-20 07:32:24,698 [c071e809-fd15-4092-aeb8-7297c81492e3-CloseContainerThread-0] INFO  keyvalue.KeyValueContainer (KeyValueContainer.java:flushAndSyncDB(512)) - Synced container: KeyValueContainerData #5 (CLOSING, non-empty, ri=3, origin=[dn_c071e809-fd15-4092-aeb8-7297c81492e3, pipeline_])
2025-06-20 07:32:24,698 [c071e809-fd15-4092-aeb8-7297c81492e3-CloseContainerThread-0] INFO  keyvalue.KeyValueContainer (KeyValueContainer.java:flushAndSyncDB(512)) - Synced container: KeyValueContainerData #5 (CLOSING, non-empty, ri=3, origin=[dn_c071e809-fd15-4092-aeb8-7297c81492e3, pipeline_])
2025-06-20 07:32:24,698 [c071e809-fd15-4092-aeb8-7297c81492e3-groupManagement] INFO  server.RaftServerConfigKeys (ConfUtils.java:logGet(46)) - raft.server.read.timeout = 10s (default)
2025-06-20 07:32:24,698 [c071e809-fd15-4092-aeb8-7297c81492e3-groupManagement] INFO  server.RaftServerConfigKeys (ConfUtils.java:logGet(46)) - raft.server.retrycache.expirytime = 600000ms (custom)
2025-06-20 07:32:24,698 [c071e809-fd15-4092-aeb8-7297c81492e3-groupManagement] INFO  server.RaftServerConfigKeys (ConfUtils.java:logGet(46)) - raft.server.retrycache.statistics.expirytime = 100ms (default)
2025-06-20 07:32:24,698 [c071e809-fd15-4092-aeb8-7297c81492e3-groupManagement] INFO  server.RaftServerConfigKeys (ConfUtils.java:logGet(46)) - raft.server.read.option = DEFAULT (default)
2025-06-20 07:32:24,698 [c071e809-fd15-4092-aeb8-7297c81492e3-groupManagement] INFO  server.RaftServerConfigKeys (ConfUtils.java:logGet(46)) - raft.server.read.read-after-write-consistent.write-index-cache.expiry-time = 60s (default)
2025-06-20 07:32:24,704 [c071e809-fd15-4092-aeb8-7297c81492e3-CloseContainerThread-0] INFO  keyvalue.KeyValueContainer (KeyValueContainer.java:close(428)) - Closed container: KeyValueContainerData #5 (CLOSED, non-empty, ri=3, origin=[dn_c071e809-fd15-4092-aeb8-7297c81492e3, pipeline_])
2025-06-20 07:32:24,704 [1232e13d-3d6d-4170-8bdd-0c469583c505-PipelineCommandHandlerThread-0] INFO  server.RaftServer (RaftServerProxy.java:addNew(100)) - 1232e13d-3d6d-4170-8bdd-0c469583c505: addNew group-BE0EAB569DB9:[c071e809-fd15-4092-aeb8-7297c81492e3|127.0.0.1:15015, 1232e13d-3d6d-4170-8bdd-0c469583c505|127.0.0.1:15039, 99a2860e-df91-46e1-81b6-0103b941ca9d|127.0.0.1:15031] returns group-BE0EAB569DB9:java.util.concurrent.CompletableFuture@11c71195[Not completed]
2025-06-20 07:32:24,710 [1232e13d-3d6d-4170-8bdd-0c469583c505-groupManagement] WARN  statemachine.DatanodeConfiguration (DatanodeConfiguration.java:validateMinFreeSpace(689)) - hdds.datanode.volume.min.free.space.percent = -1.0 is invalid, should be between 0 and 1
2025-06-20 07:32:24,710 [1232e13d-3d6d-4170-8bdd-0c469583c505-groupManagement] INFO  server.RaftServer$Division (RaftServerImpl.java:<init>(255)) - 1232e13d-3d6d-4170-8bdd-0c469583c505: new RaftServerImpl for group-BE0EAB569DB9:[c071e809-fd15-4092-aeb8-7297c81492e3|127.0.0.1:15015, 1232e13d-3d6d-4170-8bdd-0c469583c505|127.0.0.1:15039, 99a2860e-df91-46e1-81b6-0103b941ca9d|127.0.0.1:15031] with ContainerStateMachine:uninitialized
2025-06-20 07:32:24,711 [1232e13d-3d6d-4170-8bdd-0c469583c505-groupManagement] INFO  server.RaftServerConfigKeys (ConfUtils.java:logGet(46)) - raft.server.rpc.timeout.min = 5s (custom)
2025-06-20 07:32:24,712 [1232e13d-3d6d-4170-8bdd-0c469583c505-groupManagement] INFO  server.RaftServerConfigKeys (ConfUtils.java:logGet(46)) - raft.server.rpc.timeout.max = 5200ms (custom)
2025-06-20 07:32:24,713 [1232e13d-3d6d-4170-8bdd-0c469583c505-CloseContainerThread-1] INFO  keyvalue.KeyValueContainer (KeyValueContainer.java:flushAndSyncDB(512)) - Synced container: KeyValueContainerData #5 (CLOSING, non-empty, ri=4, origin=[dn_1232e13d-3d6d-4170-8bdd-0c469583c505, pipeline_])
2025-06-20 07:32:24,713 [1232e13d-3d6d-4170-8bdd-0c469583c505-CloseContainerThread-1] INFO  keyvalue.KeyValueContainer (KeyValueContainer.java:flushAndSyncDB(512)) - Synced container: KeyValueContainerData #5 (CLOSING, non-empty, ri=4, origin=[dn_1232e13d-3d6d-4170-8bdd-0c469583c505, pipeline_])
2025-06-20 07:32:24,713 [1232e13d-3d6d-4170-8bdd-0c469583c505-groupManagement] INFO  server.RaftServerConfigKeys (ConfUtils.java:logGet(46)) - raft.server.rpc.sleep.time = 25ms (default)
2025-06-20 07:32:24,713 [1232e13d-3d6d-4170-8bdd-0c469583c505-groupManagement] INFO  server.RaftServerConfigKeys (ConfUtils.java:logGet(46)) - raft.server.rpc.slowness.timeout = 300000ms (custom)
2025-06-20 07:32:24,714 [1232e13d-3d6d-4170-8bdd-0c469583c505-groupManagement] INFO  server.RaftServerConfigKeys (ConfUtils.java:logGet(46)) - raft.server.leaderelection.leader.step-down.wait-time = 10s (default)
2025-06-20 07:32:24,714 [1232e13d-3d6d-4170-8bdd-0c469583c505-groupManagement] INFO  server.RaftServerConfigKeys (ConfUtils.java:logGet(46)) - raft.server.leaderelection.member.majority-add = false (default)
2025-06-20 07:32:24,714 [1232e13d-3d6d-4170-8bdd-0c469583c505-groupManagement] INFO  server.RaftServerConfigKeys (ConfUtils.java:logGet(46)) - raft.server.sleep.deviation.threshold = 300ms (default)
2025-06-20 07:32:24,714 [1232e13d-3d6d-4170-8bdd-0c469583c505-groupManagement] INFO  server.RaftServer$Division (ServerState.java:<init>(114)) - 1232e13d-3d6d-4170-8bdd-0c469583c505@group-BE0EAB569DB9: ConfigurationManager, init=conf: {index: -1, cur=peers:[c071e809-fd15-4092-aeb8-7297c81492e3|127.0.0.1:15015, 1232e13d-3d6d-4170-8bdd-0c469583c505|127.0.0.1:15039, 99a2860e-df91-46e1-81b6-0103b941ca9d|127.0.0.1:15031]|listeners:[], old=null}, confs=<EMPTY_MAP>
2025-06-20 07:32:24,714 [1232e13d-3d6d-4170-8bdd-0c469583c505-groupManagement] INFO  server.RaftServerConfigKeys (ConfUtils.java:logGet(46)) - raft.server.notification.no-leader.timeout = 300000ms (custom)
2025-06-20 07:32:24,714 [1232e13d-3d6d-4170-8bdd-0c469583c505-groupManagement] INFO  server.RaftServerConfigKeys (ConfUtils.java:logGet(46)) - raft.server.read.timeout = 10s (default)
2025-06-20 07:32:24,714 [1232e13d-3d6d-4170-8bdd-0c469583c505-groupManagement] INFO  server.RaftServerConfigKeys (ConfUtils.java:logGet(46)) - raft.server.retrycache.expirytime = 600000ms (custom)
2025-06-20 07:32:24,714 [1232e13d-3d6d-4170-8bdd-0c469583c505-groupManagement] INFO  server.RaftServerConfigKeys (ConfUtils.java:logGet(46)) - raft.server.retrycache.statistics.expirytime = 100ms (default)
2025-06-20 07:32:24,715 [1232e13d-3d6d-4170-8bdd-0c469583c505-groupManagement] INFO  server.RaftServerConfigKeys (ConfUtils.java:logGet(46)) - raft.server.read.option = DEFAULT (default)
2025-06-20 07:32:24,715 [1232e13d-3d6d-4170-8bdd-0c469583c505-groupManagement] INFO  server.RaftServerConfigKeys (ConfUtils.java:logGet(46)) - raft.server.read.read-after-write-consistent.write-index-cache.expiry-time = 60s (default)
2025-06-20 07:32:24,716 [c071e809-fd15-4092-aeb8-7297c81492e3-groupManagement] INFO  server.RaftServerConfigKeys (ConfUtils.java:logGet(46)) - raft.server.rpc.request.timeout = 3000ms (default)
2025-06-20 07:32:24,716 [1232e13d-3d6d-4170-8bdd-0c469583c505-ContainerOp-0eaf4c24-3fc2-494c-a45a-13c8b1ba8f6a-7] INFO  keyvalue.KeyValueContainer (KeyValueContainer.java:flushAndSyncDB(512)) - Synced container: KeyValueContainerData #9 (CLOSING, non-empty, ri=0, origin=[dn_1232e13d-3d6d-4170-8bdd-0c469583c505, pipeline_0eaf4c24-3fc2-494c-a45a-13c8b1ba8f6a])
2025-06-20 07:32:24,715 [1232e13d-3d6d-4170-8bdd-0c469583c505-ContainerOp-0eaf4c24-3fc2-494c-a45a-13c8b1ba8f6a-6] INFO  keyvalue.KeyValueContainer (KeyValueContainer.java:flushAndSyncDB(512)) - Synced container: KeyValueContainerData #10 (CLOSING, non-empty, ri=0, origin=[dn_1232e13d-3d6d-4170-8bdd-0c469583c505, pipeline_0eaf4c24-3fc2-494c-a45a-13c8b1ba8f6a])
2025-06-20 07:32:24,717 [1232e13d-3d6d-4170-8bdd-0c469583c505-ContainerOp-0eaf4c24-3fc2-494c-a45a-13c8b1ba8f6a-7] INFO  keyvalue.KeyValueContainer (KeyValueContainer.java:flushAndSyncDB(512)) - Synced container: KeyValueContainerData #9 (CLOSING, non-empty, ri=0, origin=[dn_1232e13d-3d6d-4170-8bdd-0c469583c505, pipeline_0eaf4c24-3fc2-494c-a45a-13c8b1ba8f6a])
2025-06-20 07:32:24,717 [1232e13d-3d6d-4170-8bdd-0c469583c505-ContainerOp-0eaf4c24-3fc2-494c-a45a-13c8b1ba8f6a-6] INFO  keyvalue.KeyValueContainer (KeyValueContainer.java:flushAndSyncDB(512)) - Synced container: KeyValueContainerData #10 (CLOSING, non-empty, ri=0, origin=[dn_1232e13d-3d6d-4170-8bdd-0c469583c505, pipeline_0eaf4c24-3fc2-494c-a45a-13c8b1ba8f6a])
2025-06-20 07:32:24,716 [c071e809-fd15-4092-aeb8-7297c81492e3-groupManagement] INFO  server.RaftServerConfigKeys (ConfUtils.java:logGet(46)) - raft.server.log.appender.install.snapshot.enabled = false (custom)
2025-06-20 07:32:24,717 [c071e809-fd15-4092-aeb8-7297c81492e3-groupManagement] INFO  server.RaftServerConfigKeys (ConfUtils.java:logGet(46)) - raft.server.threadpool.server.cached = true (default)
2025-06-20 07:32:24,717 [c071e809-fd15-4092-aeb8-7297c81492e3-groupManagement] INFO  server.RaftServerConfigKeys (ConfUtils.java:logGet(46)) - raft.server.threadpool.server.size = 0 (default)
2025-06-20 07:32:24,717 [c071e809-fd15-4092-aeb8-7297c81492e3-groupManagement] INFO  server.RaftServerConfigKeys (ConfUtils.java:logGet(46)) - raft.server.threadpool.client.cached = true (default)
2025-06-20 07:32:24,717 [c071e809-fd15-4092-aeb8-7297c81492e3-groupManagement] INFO  server.RaftServerConfigKeys (ConfUtils.java:logGet(46)) - raft.server.threadpool.client.size = 0 (default)
2025-06-20 07:32:24,717 [c071e809-fd15-4092-aeb8-7297c81492e3-groupManagement] INFO  server.RaftServerConfigKeys (ConfUtils.java:logGet(46)) - raft.server.storage.free-space.min = 0MB (=0) (default)
2025-06-20 07:32:24,718 [c071e809-fd15-4092-aeb8-7297c81492e3-groupManagement] INFO  server.RaftServerConfigKeys (ConfUtils.java:logGet(46)) - raft.server.log.corruption.policy = EXCEPTION (default)
2025-06-20 07:32:24,718 [c071e809-fd15-4092-aeb8-7297c81492e3-groupManagement] INFO  server.RaftServerConfigKeys (ConfUtils.java:logGet(46)) - raft.server.storage.dir = [/home/runner/work/ozone/ozone/hadoop-ozone/integration-test/target/test-dir/MiniOzoneClusterImpl-ceee3db0-dd4d-4002-bf46-69cd4ed5dafd/ozone-meta/datanode-1/ratis] (custom)
2025-06-20 07:32:24,718 [c071e809-fd15-4092-aeb8-7297c81492e3-groupManagement] INFO  storage.RaftStorageDirectory (RaftStorageDirectoryImpl.java:analyzeStorage(138)) - The storage directory /home/runner/work/ozone/ozone/hadoop-ozone/integration-test/target/test-dir/MiniOzoneClusterImpl-ceee3db0-dd4d-4002-bf46-69cd4ed5dafd/ozone-meta/datanode-1/ratis/16011654-7952-44a9-b599-be0eab569db9 does not exist. Creating ...
2025-06-20 07:32:24,718 [1232e13d-3d6d-4170-8bdd-0c469583c505-CloseContainerThread-1] INFO  keyvalue.KeyValueContainer (KeyValueContainer.java:close(428)) - Closed container: KeyValueContainerData #5 (CLOSED, non-empty, ri=4, origin=[dn_1232e13d-3d6d-4170-8bdd-0c469583c505, pipeline_])
2025-06-20 07:32:24,718 [1232e13d-3d6d-4170-8bdd-0c469583c505-CloseContainerThread-1] INFO  commandhandler.CloseContainerCommandHandler (CloseContainerCommandHandler.java:lambda$handle$0(105)) - Container #30 does not exist in datanode. Its pipeline may have closed before it was created. Container close failed.
2025-06-20 07:32:24,719 [1232e13d-3d6d-4170-8bdd-0c469583c505-CloseContainerThread-1] INFO  commandhandler.CloseContainerCommandHandler (CloseContainerCommandHandler.java:lambda$handle$0(105)) - Container #31 does not exist in datanode. Its pipeline may have closed before it was created. Container close failed.
2025-06-20 07:32:24,719 [1232e13d-3d6d-4170-8bdd-0c469583c505-CloseContainerThread-1] INFO  commandhandler.CloseContainerCommandHandler (CloseContainerCommandHandler.java:lambda$handle$0(105)) - Container #32 does not exist in datanode. Its pipeline may have closed before it was created. Container close failed.
2025-06-20 07:32:24,719 [1232e13d-3d6d-4170-8bdd-0c469583c505-CloseContainerThread-1] INFO  commandhandler.CloseContainerCommandHandler (CloseContainerCommandHandler.java:lambda$handle$0(105)) - Container #33 does not exist in datanode. Its pipeline may have closed before it was created. Container close failed.
2025-06-20 07:32:24,720 [c071e809-fd15-4092-aeb8-7297c81492e3-groupManagement] INFO  storage.RaftStorageDirectory (RaftStorageDirectoryImpl.java:tryLock(229)) - Lock on /home/runner/work/ozone/ozone/hadoop-ozone/integration-test/target/test-dir/MiniOzoneClusterImpl-ceee3db0-dd4d-4002-bf46-69cd4ed5dafd/ozone-meta/datanode-1/ratis/16011654-7952-44a9-b599-be0eab569db9/in_use.lock acquired by nodename 91337@localhost
2025-06-20 07:32:24,722 [c071e809-fd15-4092-aeb8-7297c81492e3-groupManagement] INFO  storage.RaftStorage (RaftStorageImpl.java:format(98)) - Storage directory /home/runner/work/ozone/ozone/hadoop-ozone/integration-test/target/test-dir/MiniOzoneClusterImpl-ceee3db0-dd4d-4002-bf46-69cd4ed5dafd/ozone-meta/datanode-1/ratis/16011654-7952-44a9-b599-be0eab569db9 has been successfully formatted.
2025-06-20 07:32:24,722 [1232e13d-3d6d-4170-8bdd-0c469583c505-ContainerOp-0eaf4c24-3fc2-494c-a45a-13c8b1ba8f6a-7] INFO  keyvalue.KeyValueContainer (KeyValueContainer.java:close(428)) - Closed container: KeyValueContainerData #9 (CLOSED, non-empty, ri=0, origin=[dn_1232e13d-3d6d-4170-8bdd-0c469583c505, pipeline_0eaf4c24-3fc2-494c-a45a-13c8b1ba8f6a])
2025-06-20 07:32:24,722 [c071e809-fd15-4092-aeb8-7297c81492e3-groupManagement] INFO  ratis.ContainerStateMachine (ContainerStateMachine.java:initialize(339)) - c071e809-fd15-4092-aeb8-7297c81492e3: initialize group-BE0EAB569DB9
2025-06-20 07:32:24,722 [c071e809-fd15-4092-aeb8-7297c81492e3-groupManagement] INFO  ratis.ContainerStateMachine (ContainerStateMachine.java:loadSnapshot(347)) - group-BE0EAB569DB9: The snapshot info is null. Setting the last applied index to:(t:0, i:~)
2025-06-20 07:32:24,722 [c071e809-fd15-4092-aeb8-7297c81492e3-groupManagement] INFO  server.RaftServerConfigKeys (ConfUtils.java:logGet(46)) - raft.server.log.use.memory = false (default)
2025-06-20 07:32:24,723 [c071e809-fd15-4092-aeb8-7297c81492e3-groupManagement] INFO  server.RaftServerConfigKeys (ConfUtils.java:logGet(46)) - raft.server.log.purge.gap = 1000000 (custom)
2025-06-20 07:32:24,723 [c071e809-fd15-4092-aeb8-7297c81492e3-groupManagement] INFO  server.RaftServerConfigKeys (ConfUtils.java:logGet(46)) - raft.server.log.appender.buffer.byte-limit = 33554432 (custom)
2025-06-20 07:32:24,723 [FixedThreadPoolWithAffinityExecutor-8-0] INFO  container.IncrementalContainerReportHandler (AbstractContainerReportHandler.java:updateContainerState(289)) - CLOSE Container #9 (CLOSING, sid=2) r0 (CLOSED, bcsid=2, origin=1232e13d-3d6d-4170-8bdd-0c469583c505, non-empty) from dn 1232e13d-3d6d-4170-8bdd-0c469583c505(localhost/127.0.0.1)
2025-06-20 07:32:24,724 [c071e809-fd15-4092-aeb8-7297c81492e3-groupManagement] INFO  server.RaftServerConfigKeys (ConfUtils.java:logGet(46)) - raft.server.log.statemachine.data.read.timeout = 1000ms (default)
2025-06-20 07:32:24,724 [1232e13d-3d6d-4170-8bdd-0c469583c505-ContainerOp-0eaf4c24-3fc2-494c-a45a-13c8b1ba8f6a-6] INFO  keyvalue.KeyValueContainer (KeyValueContainer.java:close(428)) - Closed container: KeyValueContainerData #10 (CLOSED, non-empty, ri=0, origin=[dn_1232e13d-3d6d-4170-8bdd-0c469583c505, pipeline_0eaf4c24-3fc2-494c-a45a-13c8b1ba8f6a])
2025-06-20 07:32:24,724 [c071e809-fd15-4092-aeb8-7297c81492e3-groupManagement] INFO  server.RaftServerConfigKeys (ConfUtils.java:logGet(46)) - raft.server.log.purge.preservation.log.num = 0 (default)
2025-06-20 07:32:24,726 [FixedThreadPoolWithAffinityExecutor-8-0] INFO  container.IncrementalContainerReportHandler (AbstractContainerReportHandler.java:updateContainerState(289)) - CLOSE Container #10 (CLOSING, sid=5) r0 (CLOSED, bcsid=5, origin=1232e13d-3d6d-4170-8bdd-0c469583c505, non-empty) from dn 1232e13d-3d6d-4170-8bdd-0c469583c505(localhost/127.0.0.1)
2025-06-20 07:32:24,729 [c071e809-fd15-4092-aeb8-7297c81492e3-groupManagement] INFO  server.RaftServerConfigKeys (ConfUtils.java:logGet(46)) - raft.server.log.segment.size.max = 67108864 (custom)
2025-06-20 07:32:24,730 [c071e809-fd15-4092-aeb8-7297c81492e3-groupManagement] INFO  server.RaftServerConfigKeys (ConfUtils.java:logGet(46)) - raft.server.log.segment.cache.num.max = 2 (custom)
2025-06-20 07:32:24,730 [c071e809-fd15-4092-aeb8-7297c81492e3-groupManagement] INFO  server.RaftServerConfigKeys (ConfUtils.java:logGet(46)) - raft.server.log.segment.cache.size.max = 200MB (=209715200) (default)
2025-06-20 07:32:24,730 [c071e809-fd15-4092-aeb8-7297c81492e3-groupManagement] INFO  server.RaftServerConfigKeys (ConfUtils.java:logGet(46)) - raft.server.log.appender.buffer.byte-limit = 33554432 (custom)
2025-06-20 07:32:24,732 [c071e809-fd15-4092-aeb8-7297c81492e3-groupManagement] INFO  util.AwaitToRun (AwaitToRun.java:start(81)) - Thread[#2217,c071e809-fd15-4092-aeb8-7297c81492e3@group-BE0EAB569DB9-cacheEviction-AwaitToRun,5,main] started
2025-06-20 07:32:24,732 [c071e809-fd15-4092-aeb8-7297c81492e3-groupManagement] INFO  segmented.SegmentedRaftLogWorker (SegmentedRaftLogWorker.java:<init>(188)) - new c071e809-fd15-4092-aeb8-7297c81492e3@group-BE0EAB569DB9-SegmentedRaftLogWorker for RaftStorageImpl:Storage Directory /home/runner/work/ozone/ozone/hadoop-ozone/integration-test/target/test-dir/MiniOzoneClusterImpl-ceee3db0-dd4d-4002-bf46-69cd4ed5dafd/ozone-meta/datanode-1/ratis/16011654-7952-44a9-b599-be0eab569db9
2025-06-20 07:32:24,732 [c071e809-fd15-4092-aeb8-7297c81492e3-groupManagement] INFO  server.RaftServerConfigKeys (ConfUtils.java:logGet(46)) - raft.server.log.queue.byte-limit = 4294967296 (custom)
2025-06-20 07:32:24,732 [c071e809-fd15-4092-aeb8-7297c81492e3-groupManagement] INFO  server.RaftServerConfigKeys (ConfUtils.java:logGet(46)) - raft.server.log.queue.element-limit = 1024 (custom)
2025-06-20 07:32:24,732 [c071e809-fd15-4092-aeb8-7297c81492e3-groupManagement] INFO  server.RaftServerConfigKeys (ConfUtils.java:logGet(46)) - raft.server.log.segment.size.max = 67108864 (custom)
2025-06-20 07:32:24,732 [c071e809-fd15-4092-aeb8-7297c81492e3-groupManagement] INFO  server.RaftServerConfigKeys (ConfUtils.java:logGet(46)) - raft.server.log.preallocated.size = 4194304 (custom)
2025-06-20 07:32:24,732 [c071e809-fd15-4092-aeb8-7297c81492e3-groupManagement] INFO  server.RaftServerConfigKeys (ConfUtils.java:logGet(46)) - raft.server.log.force.sync.num = 128 (default)
2025-06-20 07:32:24,732 [c071e809-fd15-4092-aeb8-7297c81492e3-groupManagement] INFO  server.RaftServerConfigKeys (ConfUtils.java:logGet(46)) - raft.server.log.statemachine.data.sync = true (default)
2025-06-20 07:32:24,732 [c071e809-fd15-4092-aeb8-7297c81492e3-groupManagement] INFO  server.RaftServerConfigKeys (ConfUtils.java:logGet(46)) - raft.server.log.statemachine.data.sync.timeout = 10s (default)
2025-06-20 07:32:24,732 [c071e809-fd15-4092-aeb8-7297c81492e3-groupManagement] INFO  server.RaftServerConfigKeys (ConfUtils.java:logGet(46)) - raft.server.log.statemachine.data.sync.timeout.retry = 30 (custom)
2025-06-20 07:32:24,734 [c071e809-fd15-4092-aeb8-7297c81492e3-groupManagement] INFO  server.RaftServerConfigKeys (ConfUtils.java:logGet(46)) - raft.server.log.write.buffer.size = 33554440 (custom)
2025-06-20 07:32:24,737 [1232e13d-3d6d-4170-8bdd-0c469583c505-groupManagement] INFO  server.RaftServerConfigKeys (ConfUtils.java:logGet(46)) - raft.server.rpc.request.timeout = 3000ms (default)
2025-06-20 07:32:24,737 [1232e13d-3d6d-4170-8bdd-0c469583c505-groupManagement] INFO  server.RaftServerConfigKeys (ConfUtils.java:logGet(46)) - raft.server.log.appender.install.snapshot.enabled = false (custom)
2025-06-20 07:32:24,737 [1232e13d-3d6d-4170-8bdd-0c469583c505-groupManagement] INFO  server.RaftServerConfigKeys (ConfUtils.java:logGet(46)) - raft.server.threadpool.server.cached = true (default)
2025-06-20 07:32:24,737 [1232e13d-3d6d-4170-8bdd-0c469583c505-groupManagement] INFO  server.RaftServerConfigKeys (ConfUtils.java:logGet(46)) - raft.server.threadpool.server.size = 0 (default)
2025-06-20 07:32:24,737 [1232e13d-3d6d-4170-8bdd-0c469583c505-groupManagement] INFO  server.RaftServerConfigKeys (ConfUtils.java:logGet(46)) - raft.server.threadpool.client.cached = true (default)
2025-06-20 07:32:24,737 [1232e13d-3d6d-4170-8bdd-0c469583c505-groupManagement] INFO  server.RaftServerConfigKeys (ConfUtils.java:logGet(46)) - raft.server.threadpool.client.size = 0 (default)
2025-06-20 07:32:24,737 [1232e13d-3d6d-4170-8bdd-0c469583c505-groupManagement] INFO  server.RaftServerConfigKeys (ConfUtils.java:logGet(46)) - raft.server.storage.free-space.min = 0MB (=0) (default)
2025-06-20 07:32:24,737 [1232e13d-3d6d-4170-8bdd-0c469583c505-groupManagement] INFO  server.RaftServerConfigKeys (ConfUtils.java:logGet(46)) - raft.server.log.corruption.policy = EXCEPTION (default)
2025-06-20 07:32:24,737 [1232e13d-3d6d-4170-8bdd-0c469583c505-groupManagement] INFO  server.RaftServerConfigKeys (ConfUtils.java:logGet(46)) - raft.server.storage.dir = [/home/runner/work/ozone/ozone/hadoop-ozone/integration-test/target/test-dir/MiniOzoneClusterImpl-ceee3db0-dd4d-4002-bf46-69cd4ed5dafd/ozone-meta/datanode-4/ratis] (custom)
2025-06-20 07:32:24,737 [1232e13d-3d6d-4170-8bdd-0c469583c505-groupManagement] INFO  storage.RaftStorageDirectory (RaftStorageDirectoryImpl.java:analyzeStorage(138)) - The storage directory /home/runner/work/ozone/ozone/hadoop-ozone/integration-test/target/test-dir/MiniOzoneClusterImpl-ceee3db0-dd4d-4002-bf46-69cd4ed5dafd/ozone-meta/datanode-4/ratis/16011654-7952-44a9-b599-be0eab569db9 does not exist. Creating ...
2025-06-20 07:32:24,739 [1232e13d-3d6d-4170-8bdd-0c469583c505-groupManagement] INFO  storage.RaftStorageDirectory (RaftStorageDirectoryImpl.java:tryLock(229)) - Lock on /home/runner/work/ozone/ozone/hadoop-ozone/integration-test/target/test-dir/MiniOzoneClusterImpl-ceee3db0-dd4d-4002-bf46-69cd4ed5dafd/ozone-meta/datanode-4/ratis/16011654-7952-44a9-b599-be0eab569db9/in_use.lock acquired by nodename 91337@localhost
2025-06-20 07:32:24,740 [1232e13d-3d6d-4170-8bdd-0c469583c505-groupManagement] INFO  storage.RaftStorage (RaftStorageImpl.java:format(98)) - Storage directory /home/runner/work/ozone/ozone/hadoop-ozone/integration-test/target/test-dir/MiniOzoneClusterImpl-ceee3db0-dd4d-4002-bf46-69cd4ed5dafd/ozone-meta/datanode-4/ratis/16011654-7952-44a9-b599-be0eab569db9 has been successfully formatted.
2025-06-20 07:32:24,741 [1232e13d-3d6d-4170-8bdd-0c469583c505-groupManagement] INFO  ratis.ContainerStateMachine (ContainerStateMachine.java:initialize(339)) - 1232e13d-3d6d-4170-8bdd-0c469583c505: initialize group-BE0EAB569DB9
2025-06-20 07:32:24,741 [1232e13d-3d6d-4170-8bdd-0c469583c505-groupManagement] INFO  ratis.ContainerStateMachine (ContainerStateMachine.java:loadSnapshot(347)) - group-BE0EAB569DB9: The snapshot info is null. Setting the last applied index to:(t:0, i:~)
2025-06-20 07:32:24,741 [1232e13d-3d6d-4170-8bdd-0c469583c505-groupManagement] INFO  server.RaftServerConfigKeys (ConfUtils.java:logGet(46)) - raft.server.log.use.memory = false (default)
2025-06-20 07:32:24,741 [1232e13d-3d6d-4170-8bdd-0c469583c505-groupManagement] INFO  server.RaftServerConfigKeys (ConfUtils.java:logGet(46)) - raft.server.log.purge.gap = 1000000 (custom)
2025-06-20 07:32:24,741 [1232e13d-3d6d-4170-8bdd-0c469583c505-groupManagement] INFO  server.RaftServerConfigKeys (ConfUtils.java:logGet(46)) - raft.server.log.appender.buffer.byte-limit = 33554432 (custom)
2025-06-20 07:32:24,741 [1232e13d-3d6d-4170-8bdd-0c469583c505-groupManagement] INFO  server.RaftServerConfigKeys (ConfUtils.java:logGet(46)) - raft.server.log.statemachine.data.read.timeout = 1000ms (default)
2025-06-20 07:32:24,741 [1232e13d-3d6d-4170-8bdd-0c469583c505-groupManagement] INFO  server.RaftServerConfigKeys (ConfUtils.java:logGet(46)) - raft.server.log.purge.preservation.log.num = 0 (default)
2025-06-20 07:32:24,743 [c071e809-fd15-4092-aeb8-7297c81492e3-groupManagement] INFO  server.RaftServerConfigKeys (ConfUtils.java:logGet(46)) - raft.server.log.appender.buffer.byte-limit = 33554432 (custom)
2025-06-20 07:32:24,743 [c071e809-fd15-4092-aeb8-7297c81492e3-groupManagement] INFO  server.RaftServerConfigKeys (ConfUtils.java:logGet(46)) - raft.server.log.unsafe-flush.enabled = false (default)
2025-06-20 07:32:24,743 [c071e809-fd15-4092-aeb8-7297c81492e3-groupManagement] INFO  server.RaftServerConfigKeys (ConfUtils.java:logGet(46)) - raft.server.log.async-flush.enabled = false (default)
2025-06-20 07:32:24,743 [c071e809-fd15-4092-aeb8-7297c81492e3-groupManagement] INFO  server.RaftServerConfigKeys (ConfUtils.java:logGet(46)) - raft.server.log.statemachine.data.caching.enabled = true (custom)
2025-06-20 07:32:24,744 [99a2860e-df91-46e1-81b6-0103b941ca9d-CloseContainerThread-1] INFO  commandhandler.CloseContainerCommandHandler (CloseContainerCommandHandler.java:lambda$handle$0(105)) - Container #7 does not exist in datanode. Its pipeline may have closed before it was created. Container close failed.
2025-06-20 07:32:24,744 [99a2860e-df91-46e1-81b6-0103b941ca9d-CloseContainerThread-1] INFO  commandhandler.CloseContainerCommandHandler (CloseContainerCommandHandler.java:lambda$handle$0(105)) - Container #8 does not exist in datanode. Its pipeline may have closed before it was created. Container close failed.
2025-06-20 07:32:24,744 [1232e13d-3d6d-4170-8bdd-0c469583c505-groupManagement] INFO  server.RaftServerConfigKeys (ConfUtils.java:logGet(46)) - raft.server.log.segment.size.max = 67108864 (custom)
2025-06-20 07:32:24,744 [c071e809-fd15-4092-aeb8-7297c81492e3-groupManagement] INFO  segmented.SegmentedRaftLogWorker (SegmentedRaftLogWorker.java:lambda$new$0(139)) - c071e809-fd15-4092-aeb8-7297c81492e3@group-BE0EAB569DB9-SegmentedRaftLogWorker: flushIndex: setUnconditionally 0 -> -1
2025-06-20 07:32:24,744 [c071e809-fd15-4092-aeb8-7297c81492e3-groupManagement] INFO  segmented.SegmentedRaftLogWorker (SegmentedRaftLogWorker.java:lambda$new$0(139)) - c071e809-fd15-4092-aeb8-7297c81492e3@group-BE0EAB569DB9-SegmentedRaftLogWorker: safeCacheEvictIndex: setUnconditionally 0 -> -1
2025-06-20 07:32:24,747 [1232e13d-3d6d-4170-8bdd-0c469583c505-groupManagement] INFO  server.RaftServerConfigKeys (ConfUtils.java:logGet(46)) - raft.server.log.segment.cache.num.max = 2 (custom)
2025-06-20 07:32:24,747 [1232e13d-3d6d-4170-8bdd-0c469583c505-groupManagement] INFO  server.RaftServerConfigKeys (ConfUtils.java:logGet(46)) - raft.server.log.segment.cache.size.max = 200MB (=209715200) (default)
2025-06-20 07:32:24,747 [1232e13d-3d6d-4170-8bdd-0c469583c505-groupManagement] INFO  server.RaftServerConfigKeys (ConfUtils.java:logGet(46)) - raft.server.log.appender.buffer.byte-limit = 33554432 (custom)
2025-06-20 07:32:24,749 [99a2860e-df91-46e1-81b6-0103b941ca9d-CloseContainerThread-2] ERROR commandhandler.CloseContainerCommandHandler (CloseContainerCommandHandler.java:lambda$handle$0(156)) - Can't close container #27
java.io.IOException: org.apache.ratis.protocol.exceptions.GroupMismatchException: 99a2860e-df91-46e1-81b6-0103b941ca9d: group-86327EA6878C not found.
	at org.apache.hadoop.ozone.container.common.transport.server.ratis.XceiverServerRatis.submitRequest(XceiverServerRatis.java:674)
	at org.apache.hadoop.ozone.container.common.statemachine.commandhandler.CloseContainerCommandHandler.lambda$handle$0(CloseContainerCommandHandler.java:126)
	at java.base/java.util.concurrent.CompletableFuture$AsyncRun.run(CompletableFuture.java:1804)
	at java.base/java.util.concurrent.ThreadPoolExecutor.runWorker(ThreadPoolExecutor.java:1144)
	at java.base/java.util.concurrent.ThreadPoolExecutor$Worker.run(ThreadPoolExecutor.java:642)
	at java.base/java.lang.Thread.run(Thread.java:1583)
Caused by: java.util.concurrent.ExecutionException: org.apache.ratis.protocol.exceptions.GroupMismatchException: 99a2860e-df91-46e1-81b6-0103b941ca9d: group-86327EA6878C not found.
	at java.base/java.util.concurrent.CompletableFuture.reportGet(CompletableFuture.java:396)
	at java.base/java.util.concurrent.CompletableFuture.get(CompletableFuture.java:2096)
	at org.apache.hadoop.ozone.container.common.transport.server.ratis.XceiverServerRatis.submitRequest(XceiverServerRatis.java:672)
	... 5 more
Caused by: org.apache.ratis.protocol.exceptions.GroupMismatchException: 99a2860e-df91-46e1-81b6-0103b941ca9d: group-86327EA6878C not found.
	at org.apache.ratis.server.impl.RaftServerProxy$ImplMap.get(RaftServerProxy.java:155)
	at org.apache.ratis.server.impl.RaftServerProxy.getImplFuture(RaftServerProxy.java:365)
	at org.apache.ratis.server.impl.RaftServerProxy.submitClientRequestAsync(RaftServerProxy.java:449)
	at org.apache.hadoop.ozone.container.common.transport.server.ratis.XceiverServerRatis.submitRequest(XceiverServerRatis.java:671)
	... 5 more
2025-06-20 07:32:24,749 [99a2860e-df91-46e1-81b6-0103b941ca9d-CloseContainerThread-2] INFO  commandhandler.CloseContainerCommandHandler (CloseContainerCommandHandler.java:lambda$handle$0(105)) - Container #30 does not exist in datanode. Its pipeline may have closed before it was created. Container close failed.
2025-06-20 07:32:24,749 [c071e809-fd15-4092-aeb8-7297c81492e3-groupManagement] INFO  server.RaftServer$Division (RaftServerImpl.java:start(391)) - c071e809-fd15-4092-aeb8-7297c81492e3@group-BE0EAB569DB9: start as a follower, conf=conf: {index: -1, cur=peers:[c071e809-fd15-4092-aeb8-7297c81492e3|127.0.0.1:15015, 1232e13d-3d6d-4170-8bdd-0c469583c505|127.0.0.1:15039, 99a2860e-df91-46e1-81b6-0103b941ca9d|127.0.0.1:15031]|listeners:[], old=null}
2025-06-20 07:32:24,749 [c071e809-fd15-4092-aeb8-7297c81492e3-groupManagement] INFO  server.RaftServer$Division (RaftServerImpl.java:setRole(378)) - c071e809-fd15-4092-aeb8-7297c81492e3@group-BE0EAB569DB9: changes role from      null to FOLLOWER at term 0 for startAsFollower
2025-06-20 07:32:24,749 [c071e809-fd15-4092-aeb8-7297c81492e3-groupManagement] INFO  impl.RoleInfo (RoleInfo.java:updateAndGet(148)) - c071e809-fd15-4092-aeb8-7297c81492e3: start c071e809-fd15-4092-aeb8-7297c81492e3@group-BE0EAB569DB9-FollowerState
2025-06-20 07:32:24,749 [99a2860e-df91-46e1-81b6-0103b941ca9d-CloseContainerThread-2] INFO  commandhandler.CloseContainerCommandHandler (CloseContainerCommandHandler.java:lambda$handle$0(105)) - Container #31 does not exist in datanode. Its pipeline may have closed before it was created. Container close failed.
2025-06-20 07:32:24,750 [99a2860e-df91-46e1-81b6-0103b941ca9d-CloseContainerThread-2] INFO  commandhandler.CloseContainerCommandHandler (CloseContainerCommandHandler.java:lambda$handle$0(105)) - Container #32 does not exist in datanode. Its pipeline may have closed before it was created. Container close failed.
2025-06-20 07:32:24,750 [99a2860e-df91-46e1-81b6-0103b941ca9d-CloseContainerThread-2] INFO  commandhandler.CloseContainerCommandHandler (CloseContainerCommandHandler.java:lambda$handle$0(105)) - Container #33 does not exist in datanode. Its pipeline may have closed before it was created. Container close failed.
2025-06-20 07:32:24,750 [c071e809-fd15-4092-aeb8-7297c81492e3-groupManagement] INFO  util.JmxRegister (JmxRegister.java:tryRegister(44)) - Successfully registered JMX Bean with object name Ratis:service=RaftServer,group=group-BE0EAB569DB9,id=c071e809-fd15-4092-aeb8-7297c81492e3
2025-06-20 07:32:24,750 [c071e809-fd15-4092-aeb8-7297c81492e3-groupManagement] INFO  util.JmxRegister (JmxRegister.java:register(58)) - register mxBean class org.apache.ratis.server.impl.RaftServerJmxAdapter as Ratis:service=RaftServer,group=group-BE0EAB569DB9,id=c071e809-fd15-4092-aeb8-7297c81492e3
2025-06-20 07:32:24,750 [c071e809-fd15-4092-aeb8-7297c81492e3-groupManagement] INFO  server.RaftServerConfigKeys (ConfUtils.java:logGet(46)) - raft.server.snapshot.trigger-when-stop.enabled = true (default)
2025-06-20 07:32:24,750 [c071e809-fd15-4092-aeb8-7297c81492e3-groupManagement] INFO  server.RaftServerConfigKeys (ConfUtils.java:logGet(46)) - raft.server.snapshot.trigger-when-remove.enabled = true (default)
2025-06-20 07:32:24,750 [c071e809-fd15-4092-aeb8-7297c81492e3-groupManagement] INFO  server.RaftServerConfigKeys (ConfUtils.java:logGet(46)) - raft.server.snapshot.auto.trigger.enabled = true (custom)
2025-06-20 07:32:24,750 [c071e809-fd15-4092-aeb8-7297c81492e3-groupManagement] INFO  server.RaftServerConfigKeys (ConfUtils.java:logGet(46)) - raft.server.snapshot.auto.trigger.threshold = 100000 (custom)
2025-06-20 07:32:24,750 [c071e809-fd15-4092-aeb8-7297c81492e3-groupManagement] INFO  server.RaftServerConfigKeys (ConfUtils.java:logGet(46)) - raft.server.snapshot.retention.file.num = 5 (custom)
2025-06-20 07:32:24,751 [c071e809-fd15-4092-aeb8-7297c81492e3-groupManagement] INFO  server.RaftServerConfigKeys (ConfUtils.java:logGet(46)) - raft.server.log.purge.upto.snapshot.index = false (default)
2025-06-20 07:32:24,751 [c071e809-fd15-4092-aeb8-7297c81492e3@group-BE0EAB569DB9-FollowerState] INFO  server.RaftServerConfigKeys (ConfUtils.java:logGet(46)) - raft.server.rpc.first-election.timeout.min = 1000ms (custom)
2025-06-20 07:32:24,751 [c071e809-fd15-4092-aeb8-7297c81492e3@group-BE0EAB569DB9-FollowerState] INFO  server.RaftServerConfigKeys (ConfUtils.java:logGet(46)) - raft.server.rpc.first-election.timeout.max = 1200ms (custom)
2025-06-20 07:32:24,752 [99a2860e-df91-46e1-81b6-0103b941ca9d-CloseContainerThread-0] INFO  keyvalue.KeyValueContainer (KeyValueContainer.java:flushAndSyncDB(512)) - Synced container: KeyValueContainerData #5 (CLOSING, non-empty, ri=5, origin=[dn_99a2860e-df91-46e1-81b6-0103b941ca9d, pipeline_])
2025-06-20 07:32:24,753 [99a2860e-df91-46e1-81b6-0103b941ca9d-CloseContainerThread-0] INFO  keyvalue.KeyValueContainer (KeyValueContainer.java:flushAndSyncDB(512)) - Synced container: KeyValueContainerData #5 (CLOSING, non-empty, ri=5, origin=[dn_99a2860e-df91-46e1-81b6-0103b941ca9d, pipeline_])
2025-06-20 07:32:24,754 [c071e809-fd15-4092-aeb8-7297c81492e3-groupManagement] INFO  server.RaftServer$Division (RaftServerImpl.java:start(405)) - c071e809-fd15-4092-aeb8-7297c81492e3@group-BE0EAB569DB9: Successfully started.
2025-06-20 07:32:24,754 [c071e809-fd15-4092-aeb8-7297c81492e3-PipelineCommandHandlerThread-0] INFO  ratis.XceiverServerRatis (XceiverServerRatis.java:addGroup(843)) - Created group Pipeline-16011654-7952-44a9-b599-be0eab569db9
2025-06-20 07:32:24,755 [1232e13d-3d6d-4170-8bdd-0c469583c505-groupManagement] INFO  util.AwaitToRun (AwaitToRun.java:start(81)) - Thread[#2219,1232e13d-3d6d-4170-8bdd-0c469583c505@group-BE0EAB569DB9-cacheEviction-AwaitToRun,5,main] started
2025-06-20 07:32:24,755 [1232e13d-3d6d-4170-8bdd-0c469583c505-groupManagement] INFO  segmented.SegmentedRaftLogWorker (SegmentedRaftLogWorker.java:<init>(188)) - new 1232e13d-3d6d-4170-8bdd-0c469583c505@group-BE0EAB569DB9-SegmentedRaftLogWorker for RaftStorageImpl:Storage Directory /home/runner/work/ozone/ozone/hadoop-ozone/integration-test/target/test-dir/MiniOzoneClusterImpl-ceee3db0-dd4d-4002-bf46-69cd4ed5dafd/ozone-meta/datanode-4/ratis/16011654-7952-44a9-b599-be0eab569db9
2025-06-20 07:32:24,755 [1232e13d-3d6d-4170-8bdd-0c469583c505-groupManagement] INFO  server.RaftServerConfigKeys (ConfUtils.java:logGet(46)) - raft.server.log.queue.byte-limit = 4294967296 (custom)
2025-06-20 07:32:24,755 [1232e13d-3d6d-4170-8bdd-0c469583c505-groupManagement] INFO  server.RaftServerConfigKeys (ConfUtils.java:logGet(46)) - raft.server.log.queue.element-limit = 1024 (custom)
2025-06-20 07:32:24,756 [1232e13d-3d6d-4170-8bdd-0c469583c505-groupManagement] INFO  server.RaftServerConfigKeys (ConfUtils.java:logGet(46)) - raft.server.log.segment.size.max = 67108864 (custom)
2025-06-20 07:32:24,756 [1232e13d-3d6d-4170-8bdd-0c469583c505-groupManagement] INFO  server.RaftServerConfigKeys (ConfUtils.java:logGet(46)) - raft.server.log.preallocated.size = 4194304 (custom)
2025-06-20 07:32:24,756 [1232e13d-3d6d-4170-8bdd-0c469583c505-groupManagement] INFO  server.RaftServerConfigKeys (ConfUtils.java:logGet(46)) - raft.server.log.force.sync.num = 128 (default)
2025-06-20 07:32:24,756 [1232e13d-3d6d-4170-8bdd-0c469583c505-groupManagement] INFO  server.RaftServerConfigKeys (ConfUtils.java:logGet(46)) - raft.server.log.statemachine.data.sync = true (default)
2025-06-20 07:32:24,756 [1232e13d-3d6d-4170-8bdd-0c469583c505-groupManagement] INFO  server.RaftServerConfigKeys (ConfUtils.java:logGet(46)) - raft.server.log.statemachine.data.sync.timeout = 10s (default)
2025-06-20 07:32:24,756 [1232e13d-3d6d-4170-8bdd-0c469583c505-groupManagement] INFO  server.RaftServerConfigKeys (ConfUtils.java:logGet(46)) - raft.server.log.statemachine.data.sync.timeout.retry = 30 (custom)
2025-06-20 07:32:24,756 [1232e13d-3d6d-4170-8bdd-0c469583c505-groupManagement] INFO  server.RaftServerConfigKeys (ConfUtils.java:logGet(46)) - raft.server.log.write.buffer.size = 33554440 (custom)
2025-06-20 07:32:24,760 [99a2860e-df91-46e1-81b6-0103b941ca9d-CloseContainerThread-0] INFO  keyvalue.KeyValueContainer (KeyValueContainer.java:close(428)) - Closed container: KeyValueContainerData #5 (CLOSED, non-empty, ri=5, origin=[dn_99a2860e-df91-46e1-81b6-0103b941ca9d, pipeline_])
2025-06-20 07:32:24,762 [1232e13d-3d6d-4170-8bdd-0c469583c505-groupManagement] INFO  server.RaftServerConfigKeys (ConfUtils.java:logGet(46)) - raft.server.log.appender.buffer.byte-limit = 33554432 (custom)
2025-06-20 07:32:24,762 [1232e13d-3d6d-4170-8bdd-0c469583c505-groupManagement] INFO  server.RaftServerConfigKeys (ConfUtils.java:logGet(46)) - raft.server.log.unsafe-flush.enabled = false (default)
2025-06-20 07:32:24,762 [1232e13d-3d6d-4170-8bdd-0c469583c505-groupManagement] INFO  server.RaftServerConfigKeys (ConfUtils.java:logGet(46)) - raft.server.log.async-flush.enabled = false (default)
2025-06-20 07:32:24,762 [1232e13d-3d6d-4170-8bdd-0c469583c505-groupManagement] INFO  server.RaftServerConfigKeys (ConfUtils.java:logGet(46)) - raft.server.log.statemachine.data.caching.enabled = true (custom)
2025-06-20 07:32:24,762 [1232e13d-3d6d-4170-8bdd-0c469583c505-groupManagement] INFO  segmented.SegmentedRaftLogWorker (SegmentedRaftLogWorker.java:lambda$new$0(139)) - 1232e13d-3d6d-4170-8bdd-0c469583c505@group-BE0EAB569DB9-SegmentedRaftLogWorker: flushIndex: setUnconditionally 0 -> -1
2025-06-20 07:32:24,762 [1232e13d-3d6d-4170-8bdd-0c469583c505-groupManagement] INFO  segmented.SegmentedRaftLogWorker (SegmentedRaftLogWorker.java:lambda$new$0(139)) - 1232e13d-3d6d-4170-8bdd-0c469583c505@group-BE0EAB569DB9-SegmentedRaftLogWorker: safeCacheEvictIndex: setUnconditionally 0 -> -1
2025-06-20 07:32:24,763 [1232e13d-3d6d-4170-8bdd-0c469583c505-groupManagement] INFO  server.RaftServer$Division (RaftServerImpl.java:start(391)) - 1232e13d-3d6d-4170-8bdd-0c469583c505@group-BE0EAB569DB9: start as a follower, conf=conf: {index: -1, cur=peers:[c071e809-fd15-4092-aeb8-7297c81492e3|127.0.0.1:15015, 1232e13d-3d6d-4170-8bdd-0c469583c505|127.0.0.1:15039, 99a2860e-df91-46e1-81b6-0103b941ca9d|127.0.0.1:15031]|listeners:[], old=null}
2025-06-20 07:32:24,763 [1232e13d-3d6d-4170-8bdd-0c469583c505-groupManagement] INFO  server.RaftServer$Division (RaftServerImpl.java:setRole(378)) - 1232e13d-3d6d-4170-8bdd-0c469583c505@group-BE0EAB569DB9: changes role from      null to FOLLOWER at term 0 for startAsFollower
2025-06-20 07:32:24,763 [1232e13d-3d6d-4170-8bdd-0c469583c505-groupManagement] INFO  impl.RoleInfo (RoleInfo.java:updateAndGet(148)) - 1232e13d-3d6d-4170-8bdd-0c469583c505: start 1232e13d-3d6d-4170-8bdd-0c469583c505@group-BE0EAB569DB9-FollowerState
2025-06-20 07:32:24,764 [1232e13d-3d6d-4170-8bdd-0c469583c505-groupManagement] INFO  util.JmxRegister (JmxRegister.java:tryRegister(44)) - Successfully registered JMX Bean with object name Ratis:service=RaftServer,group=group-BE0EAB569DB9,id=1232e13d-3d6d-4170-8bdd-0c469583c505
2025-06-20 07:32:24,764 [1232e13d-3d6d-4170-8bdd-0c469583c505-groupManagement] INFO  util.JmxRegister (JmxRegister.java:register(58)) - register mxBean class org.apache.ratis.server.impl.RaftServerJmxAdapter as Ratis:service=RaftServer,group=group-BE0EAB569DB9,id=1232e13d-3d6d-4170-8bdd-0c469583c505
2025-06-20 07:32:24,764 [1232e13d-3d6d-4170-8bdd-0c469583c505-groupManagement] INFO  server.RaftServerConfigKeys (ConfUtils.java:logGet(46)) - raft.server.snapshot.trigger-when-stop.enabled = true (default)
2025-06-20 07:32:24,764 [1232e13d-3d6d-4170-8bdd-0c469583c505-groupManagement] INFO  server.RaftServerConfigKeys (ConfUtils.java:logGet(46)) - raft.server.snapshot.trigger-when-remove.enabled = true (default)
2025-06-20 07:32:24,764 [1232e13d-3d6d-4170-8bdd-0c469583c505-groupManagement] INFO  server.RaftServerConfigKeys (ConfUtils.java:logGet(46)) - raft.server.snapshot.auto.trigger.enabled = true (custom)
2025-06-20 07:32:24,764 [1232e13d-3d6d-4170-8bdd-0c469583c505-groupManagement] INFO  server.RaftServerConfigKeys (ConfUtils.java:logGet(46)) - raft.server.snapshot.auto.trigger.threshold = 100000 (custom)
2025-06-20 07:32:24,764 [1232e13d-3d6d-4170-8bdd-0c469583c505-groupManagement] INFO  server.RaftServerConfigKeys (ConfUtils.java:logGet(46)) - raft.server.snapshot.retention.file.num = 5 (custom)
2025-06-20 07:32:24,764 [1232e13d-3d6d-4170-8bdd-0c469583c505-groupManagement] INFO  server.RaftServerConfigKeys (ConfUtils.java:logGet(46)) - raft.server.log.purge.upto.snapshot.index = false (default)
2025-06-20 07:32:24,765 [1232e13d-3d6d-4170-8bdd-0c469583c505@group-BE0EAB569DB9-FollowerState] INFO  server.RaftServerConfigKeys (ConfUtils.java:logGet(46)) - raft.server.rpc.first-election.timeout.min = 1000ms (custom)
2025-06-20 07:32:24,765 [1232e13d-3d6d-4170-8bdd-0c469583c505@group-BE0EAB569DB9-FollowerState] INFO  server.RaftServerConfigKeys (ConfUtils.java:logGet(46)) - raft.server.rpc.first-election.timeout.max = 1200ms (custom)
2025-06-20 07:32:24,766 [1232e13d-3d6d-4170-8bdd-0c469583c505-groupManagement] INFO  server.RaftServer$Division (RaftServerImpl.java:start(405)) - 1232e13d-3d6d-4170-8bdd-0c469583c505@group-BE0EAB569DB9: Successfully started.
2025-06-20 07:32:24,767 [1232e13d-3d6d-4170-8bdd-0c469583c505-PipelineCommandHandlerThread-0] INFO  ratis.XceiverServerRatis (XceiverServerRatis.java:addGroup(843)) - Created group Pipeline-16011654-7952-44a9-b599-be0eab569db9
2025-06-20 07:32:24,767 [99a2860e-df91-46e1-81b6-0103b941ca9d-ContainerOp-1ea64014-5954-4894-8293-848e1c06a26d-7] INFO  keyvalue.KeyValueContainer (KeyValueContainer.java:flushAndSyncDB(512)) - Synced container: KeyValueContainerData #11 (CLOSING, non-empty, ri=0, origin=[dn_99a2860e-df91-46e1-81b6-0103b941ca9d, pipeline_1ea64014-5954-4894-8293-848e1c06a26d])
2025-06-20 07:32:24,767 [99a2860e-df91-46e1-81b6-0103b941ca9d-ContainerOp-1ea64014-5954-4894-8293-848e1c06a26d-7] INFO  keyvalue.KeyValueContainer (KeyValueContainer.java:flushAndSyncDB(512)) - Synced container: KeyValueContainerData #11 (CLOSING, non-empty, ri=0, origin=[dn_99a2860e-df91-46e1-81b6-0103b941ca9d, pipeline_1ea64014-5954-4894-8293-848e1c06a26d])
2025-06-20 07:32:24,772 [99a2860e-df91-46e1-81b6-0103b941ca9d-ContainerOp-1ea64014-5954-4894-8293-848e1c06a26d-7] INFO  keyvalue.KeyValueContainer (KeyValueContainer.java:close(428)) - Closed container: KeyValueContainerData #11 (CLOSED, non-empty, ri=0, origin=[dn_99a2860e-df91-46e1-81b6-0103b941ca9d, pipeline_1ea64014-5954-4894-8293-848e1c06a26d])
2025-06-20 07:32:24,773 [FixedThreadPoolWithAffinityExecutor-1-0] INFO  container.IncrementalContainerReportHandler (AbstractContainerReportHandler.java:updateContainerState(289)) - CLOSE Container #11 (CLOSING, sid=2) r0 (CLOSED, bcsid=2, origin=99a2860e-df91-46e1-81b6-0103b941ca9d, non-empty) from dn 99a2860e-df91-46e1-81b6-0103b941ca9d(localhost/127.0.0.1)
2025-06-20 07:32:24,774 [grpc-default-executor-2] INFO  server.RaftServer (RaftServerProxy.java:addNew(100)) - 99a2860e-df91-46e1-81b6-0103b941ca9d: addNew group-BE0EAB569DB9:[c071e809-fd15-4092-aeb8-7297c81492e3|127.0.0.1:15015, 1232e13d-3d6d-4170-8bdd-0c469583c505|127.0.0.1:15039, 99a2860e-df91-46e1-81b6-0103b941ca9d|127.0.0.1:15031] returns group-BE0EAB569DB9:java.util.concurrent.CompletableFuture@78038732[Not completed]
2025-06-20 07:32:24,779 [99a2860e-df91-46e1-81b6-0103b941ca9d-groupManagement] WARN  statemachine.DatanodeConfiguration (DatanodeConfiguration.java:validateMinFreeSpace(689)) - hdds.datanode.volume.min.free.space.percent = -1.0 is invalid, should be between 0 and 1
2025-06-20 07:32:24,779 [99a2860e-df91-46e1-81b6-0103b941ca9d-groupManagement] INFO  server.RaftServer$Division (RaftServerImpl.java:<init>(255)) - 99a2860e-df91-46e1-81b6-0103b941ca9d: new RaftServerImpl for group-BE0EAB569DB9:[c071e809-fd15-4092-aeb8-7297c81492e3|127.0.0.1:15015, 1232e13d-3d6d-4170-8bdd-0c469583c505|127.0.0.1:15039, 99a2860e-df91-46e1-81b6-0103b941ca9d|127.0.0.1:15031] with ContainerStateMachine:uninitialized
2025-06-20 07:32:24,779 [99a2860e-df91-46e1-81b6-0103b941ca9d-groupManagement] INFO  server.RaftServerConfigKeys (ConfUtils.java:logGet(46)) - raft.server.rpc.timeout.min = 5s (custom)
2025-06-20 07:32:24,779 [99a2860e-df91-46e1-81b6-0103b941ca9d-groupManagement] INFO  server.RaftServerConfigKeys (ConfUtils.java:logGet(46)) - raft.server.rpc.timeout.max = 5200ms (custom)
2025-06-20 07:32:24,779 [99a2860e-df91-46e1-81b6-0103b941ca9d-groupManagement] INFO  server.RaftServerConfigKeys (ConfUtils.java:logGet(46)) - raft.server.rpc.sleep.time = 25ms (default)
2025-06-20 07:32:24,779 [99a2860e-df91-46e1-81b6-0103b941ca9d-groupManagement] INFO  server.RaftServerConfigKeys (ConfUtils.java:logGet(46)) - raft.server.rpc.slowness.timeout = 300000ms (custom)
2025-06-20 07:32:24,779 [99a2860e-df91-46e1-81b6-0103b941ca9d-groupManagement] INFO  server.RaftServerConfigKeys (ConfUtils.java:logGet(46)) - raft.server.leaderelection.leader.step-down.wait-time = 10s (default)
2025-06-20 07:32:24,779 [99a2860e-df91-46e1-81b6-0103b941ca9d-groupManagement] INFO  server.RaftServerConfigKeys (ConfUtils.java:logGet(46)) - raft.server.leaderelection.member.majority-add = false (default)
2025-06-20 07:32:24,779 [99a2860e-df91-46e1-81b6-0103b941ca9d-groupManagement] INFO  server.RaftServerConfigKeys (ConfUtils.java:logGet(46)) - raft.server.sleep.deviation.threshold = 300ms (default)
2025-06-20 07:32:24,780 [99a2860e-df91-46e1-81b6-0103b941ca9d-groupManagement] INFO  server.RaftServer$Division (ServerState.java:<init>(114)) - 99a2860e-df91-46e1-81b6-0103b941ca9d@group-BE0EAB569DB9: ConfigurationManager, init=conf: {index: -1, cur=peers:[c071e809-fd15-4092-aeb8-7297c81492e3|127.0.0.1:15015, 1232e13d-3d6d-4170-8bdd-0c469583c505|127.0.0.1:15039, 99a2860e-df91-46e1-81b6-0103b941ca9d|127.0.0.1:15031]|listeners:[], old=null}, confs=<EMPTY_MAP>
2025-06-20 07:32:24,781 [99a2860e-df91-46e1-81b6-0103b941ca9d-groupManagement] INFO  server.RaftServerConfigKeys (ConfUtils.java:logGet(46)) - raft.server.notification.no-leader.timeout = 300000ms (custom)
2025-06-20 07:32:24,781 [99a2860e-df91-46e1-81b6-0103b941ca9d-groupManagement] INFO  server.RaftServerConfigKeys (ConfUtils.java:logGet(46)) - raft.server.read.timeout = 10s (default)
2025-06-20 07:32:24,781 [99a2860e-df91-46e1-81b6-0103b941ca9d-groupManagement] INFO  server.RaftServerConfigKeys (ConfUtils.java:logGet(46)) - raft.server.retrycache.expirytime = 600000ms (custom)
2025-06-20 07:32:24,781 [99a2860e-df91-46e1-81b6-0103b941ca9d-groupManagement] INFO  server.RaftServerConfigKeys (ConfUtils.java:logGet(46)) - raft.server.retrycache.statistics.expirytime = 100ms (default)
2025-06-20 07:32:24,781 [99a2860e-df91-46e1-81b6-0103b941ca9d-groupManagement] INFO  server.RaftServerConfigKeys (ConfUtils.java:logGet(46)) - raft.server.read.option = DEFAULT (default)
2025-06-20 07:32:24,781 [99a2860e-df91-46e1-81b6-0103b941ca9d-groupManagement] INFO  server.RaftServerConfigKeys (ConfUtils.java:logGet(46)) - raft.server.read.read-after-write-consistent.write-index-cache.expiry-time = 60s (default)
2025-06-20 07:32:24,789 [99a2860e-df91-46e1-81b6-0103b941ca9d-groupManagement] INFO  server.RaftServerConfigKeys (ConfUtils.java:logGet(46)) - raft.server.rpc.request.timeout = 3000ms (default)
2025-06-20 07:32:24,789 [99a2860e-df91-46e1-81b6-0103b941ca9d-groupManagement] INFO  server.RaftServerConfigKeys (ConfUtils.java:logGet(46)) - raft.server.log.appender.install.snapshot.enabled = false (custom)
2025-06-20 07:32:24,789 [99a2860e-df91-46e1-81b6-0103b941ca9d-groupManagement] INFO  server.RaftServerConfigKeys (ConfUtils.java:logGet(46)) - raft.server.threadpool.server.cached = true (default)
2025-06-20 07:32:24,789 [99a2860e-df91-46e1-81b6-0103b941ca9d-groupManagement] INFO  server.RaftServerConfigKeys (ConfUtils.java:logGet(46)) - raft.server.threadpool.server.size = 0 (default)
2025-06-20 07:32:24,789 [99a2860e-df91-46e1-81b6-0103b941ca9d-groupManagement] INFO  server.RaftServerConfigKeys (ConfUtils.java:logGet(46)) - raft.server.threadpool.client.cached = true (default)
2025-06-20 07:32:24,789 [99a2860e-df91-46e1-81b6-0103b941ca9d-groupManagement] INFO  server.RaftServerConfigKeys (ConfUtils.java:logGet(46)) - raft.server.threadpool.client.size = 0 (default)
2025-06-20 07:32:24,789 [99a2860e-df91-46e1-81b6-0103b941ca9d-groupManagement] INFO  server.RaftServerConfigKeys (ConfUtils.java:logGet(46)) - raft.server.storage.free-space.min = 0MB (=0) (default)
2025-06-20 07:32:24,789 [99a2860e-df91-46e1-81b6-0103b941ca9d-groupManagement] INFO  server.RaftServerConfigKeys (ConfUtils.java:logGet(46)) - raft.server.log.corruption.policy = EXCEPTION (default)
2025-06-20 07:32:24,789 [99a2860e-df91-46e1-81b6-0103b941ca9d-groupManagement] INFO  server.RaftServerConfigKeys (ConfUtils.java:logGet(46)) - raft.server.storage.dir = [/home/runner/work/ozone/ozone/hadoop-ozone/integration-test/target/test-dir/MiniOzoneClusterImpl-ceee3db0-dd4d-4002-bf46-69cd4ed5dafd/ozone-meta/datanode-3/ratis] (custom)
2025-06-20 07:32:24,790 [99a2860e-df91-46e1-81b6-0103b941ca9d-groupManagement] INFO  storage.RaftStorageDirectory (RaftStorageDirectoryImpl.java:analyzeStorage(138)) - The storage directory /home/runner/work/ozone/ozone/hadoop-ozone/integration-test/target/test-dir/MiniOzoneClusterImpl-ceee3db0-dd4d-4002-bf46-69cd4ed5dafd/ozone-meta/datanode-3/ratis/16011654-7952-44a9-b599-be0eab569db9 does not exist. Creating ...
2025-06-20 07:32:24,792 [99a2860e-df91-46e1-81b6-0103b941ca9d-groupManagement] INFO  storage.RaftStorageDirectory (RaftStorageDirectoryImpl.java:tryLock(229)) - Lock on /home/runner/work/ozone/ozone/hadoop-ozone/integration-test/target/test-dir/MiniOzoneClusterImpl-ceee3db0-dd4d-4002-bf46-69cd4ed5dafd/ozone-meta/datanode-3/ratis/16011654-7952-44a9-b599-be0eab569db9/in_use.lock acquired by nodename 91337@localhost
2025-06-20 07:32:24,793 [99a2860e-df91-46e1-81b6-0103b941ca9d-groupManagement] INFO  storage.RaftStorage (RaftStorageImpl.java:format(98)) - Storage directory /home/runner/work/ozone/ozone/hadoop-ozone/integration-test/target/test-dir/MiniOzoneClusterImpl-ceee3db0-dd4d-4002-bf46-69cd4ed5dafd/ozone-meta/datanode-3/ratis/16011654-7952-44a9-b599-be0eab569db9 has been successfully formatted.
2025-06-20 07:32:24,794 [99a2860e-df91-46e1-81b6-0103b941ca9d-groupManagement] INFO  ratis.ContainerStateMachine (ContainerStateMachine.java:initialize(339)) - 99a2860e-df91-46e1-81b6-0103b941ca9d: initialize group-BE0EAB569DB9
2025-06-20 07:32:24,795 [99a2860e-df91-46e1-81b6-0103b941ca9d-groupManagement] INFO  ratis.ContainerStateMachine (ContainerStateMachine.java:loadSnapshot(347)) - group-BE0EAB569DB9: The snapshot info is null. Setting the last applied index to:(t:0, i:~)
2025-06-20 07:32:24,796 [99a2860e-df91-46e1-81b6-0103b941ca9d-groupManagement] INFO  server.RaftServerConfigKeys (ConfUtils.java:logGet(46)) - raft.server.log.use.memory = false (default)
2025-06-20 07:32:24,796 [99a2860e-df91-46e1-81b6-0103b941ca9d-groupManagement] INFO  server.RaftServerConfigKeys (ConfUtils.java:logGet(46)) - raft.server.log.purge.gap = 1000000 (custom)
2025-06-20 07:32:24,796 [99a2860e-df91-46e1-81b6-0103b941ca9d-groupManagement] INFO  server.RaftServerConfigKeys (ConfUtils.java:logGet(46)) - raft.server.log.appender.buffer.byte-limit = 33554432 (custom)
2025-06-20 07:32:24,797 [99a2860e-df91-46e1-81b6-0103b941ca9d-groupManagement] INFO  server.RaftServerConfigKeys (ConfUtils.java:logGet(46)) - raft.server.log.statemachine.data.read.timeout = 1000ms (default)
2025-06-20 07:32:24,797 [99a2860e-df91-46e1-81b6-0103b941ca9d-groupManagement] INFO  server.RaftServerConfigKeys (ConfUtils.java:logGet(46)) - raft.server.log.purge.preservation.log.num = 0 (default)
2025-06-20 07:32:24,800 [99a2860e-df91-46e1-81b6-0103b941ca9d-groupManagement] INFO  server.RaftServerConfigKeys (ConfUtils.java:logGet(46)) - raft.server.log.segment.size.max = 67108864 (custom)
2025-06-20 07:32:24,801 [99a2860e-df91-46e1-81b6-0103b941ca9d-groupManagement] INFO  server.RaftServerConfigKeys (ConfUtils.java:logGet(46)) - raft.server.log.segment.cache.num.max = 2 (custom)
2025-06-20 07:32:24,801 [99a2860e-df91-46e1-81b6-0103b941ca9d-groupManagement] INFO  server.RaftServerConfigKeys (ConfUtils.java:logGet(46)) - raft.server.log.segment.cache.size.max = 200MB (=209715200) (default)
2025-06-20 07:32:24,801 [99a2860e-df91-46e1-81b6-0103b941ca9d-groupManagement] INFO  server.RaftServerConfigKeys (ConfUtils.java:logGet(46)) - raft.server.log.appender.buffer.byte-limit = 33554432 (custom)
2025-06-20 07:32:24,801 [99a2860e-df91-46e1-81b6-0103b941ca9d-groupManagement] INFO  util.AwaitToRun (AwaitToRun.java:start(81)) - Thread[#2229,99a2860e-df91-46e1-81b6-0103b941ca9d@group-BE0EAB569DB9-cacheEviction-AwaitToRun,5,main] started
2025-06-20 07:32:24,801 [99a2860e-df91-46e1-81b6-0103b941ca9d-groupManagement] INFO  segmented.SegmentedRaftLogWorker (SegmentedRaftLogWorker.java:<init>(188)) - new 99a2860e-df91-46e1-81b6-0103b941ca9d@group-BE0EAB569DB9-SegmentedRaftLogWorker for RaftStorageImpl:Storage Directory /home/runner/work/ozone/ozone/hadoop-ozone/integration-test/target/test-dir/MiniOzoneClusterImpl-ceee3db0-dd4d-4002-bf46-69cd4ed5dafd/ozone-meta/datanode-3/ratis/16011654-7952-44a9-b599-be0eab569db9
2025-06-20 07:32:24,801 [99a2860e-df91-46e1-81b6-0103b941ca9d-groupManagement] INFO  server.RaftServerConfigKeys (ConfUtils.java:logGet(46)) - raft.server.log.queue.byte-limit = 4294967296 (custom)
2025-06-20 07:32:24,801 [99a2860e-df91-46e1-81b6-0103b941ca9d-groupManagement] INFO  server.RaftServerConfigKeys (ConfUtils.java:logGet(46)) - raft.server.log.queue.element-limit = 1024 (custom)
2025-06-20 07:32:24,801 [99a2860e-df91-46e1-81b6-0103b941ca9d-groupManagement] INFO  server.RaftServerConfigKeys (ConfUtils.java:logGet(46)) - raft.server.log.segment.size.max = 67108864 (custom)
2025-06-20 07:32:24,801 [99a2860e-df91-46e1-81b6-0103b941ca9d-groupManagement] INFO  server.RaftServerConfigKeys (ConfUtils.java:logGet(46)) - raft.server.log.preallocated.size = 4194304 (custom)
2025-06-20 07:32:24,802 [99a2860e-df91-46e1-81b6-0103b941ca9d-groupManagement] INFO  server.RaftServerConfigKeys (ConfUtils.java:logGet(46)) - raft.server.log.force.sync.num = 128 (default)
2025-06-20 07:32:24,802 [99a2860e-df91-46e1-81b6-0103b941ca9d-groupManagement] INFO  server.RaftServerConfigKeys (ConfUtils.java:logGet(46)) - raft.server.log.statemachine.data.sync = true (default)
2025-06-20 07:32:24,802 [99a2860e-df91-46e1-81b6-0103b941ca9d-groupManagement] INFO  server.RaftServerConfigKeys (ConfUtils.java:logGet(46)) - raft.server.log.statemachine.data.sync.timeout = 10s (default)
2025-06-20 07:32:24,802 [99a2860e-df91-46e1-81b6-0103b941ca9d-groupManagement] INFO  server.RaftServerConfigKeys (ConfUtils.java:logGet(46)) - raft.server.log.statemachine.data.sync.timeout.retry = 30 (custom)
2025-06-20 07:32:24,803 [99a2860e-df91-46e1-81b6-0103b941ca9d-groupManagement] INFO  server.RaftServerConfigKeys (ConfUtils.java:logGet(46)) - raft.server.log.write.buffer.size = 33554440 (custom)
2025-06-20 07:32:24,810 [99a2860e-df91-46e1-81b6-0103b941ca9d-groupManagement] INFO  server.RaftServerConfigKeys (ConfUtils.java:logGet(46)) - raft.server.log.appender.buffer.byte-limit = 33554432 (custom)
2025-06-20 07:32:24,810 [99a2860e-df91-46e1-81b6-0103b941ca9d-groupManagement] INFO  server.RaftServerConfigKeys (ConfUtils.java:logGet(46)) - raft.server.log.unsafe-flush.enabled = false (default)
2025-06-20 07:32:24,810 [99a2860e-df91-46e1-81b6-0103b941ca9d-groupManagement] INFO  server.RaftServerConfigKeys (ConfUtils.java:logGet(46)) - raft.server.log.async-flush.enabled = false (default)
2025-06-20 07:32:24,810 [99a2860e-df91-46e1-81b6-0103b941ca9d-groupManagement] INFO  server.RaftServerConfigKeys (ConfUtils.java:logGet(46)) - raft.server.log.statemachine.data.caching.enabled = true (custom)
2025-06-20 07:32:24,811 [99a2860e-df91-46e1-81b6-0103b941ca9d-groupManagement] INFO  segmented.SegmentedRaftLogWorker (SegmentedRaftLogWorker.java:lambda$new$0(139)) - 99a2860e-df91-46e1-81b6-0103b941ca9d@group-BE0EAB569DB9-SegmentedRaftLogWorker: flushIndex: setUnconditionally 0 -> -1
2025-06-20 07:32:24,811 [99a2860e-df91-46e1-81b6-0103b941ca9d-groupManagement] INFO  segmented.SegmentedRaftLogWorker (SegmentedRaftLogWorker.java:lambda$new$0(139)) - 99a2860e-df91-46e1-81b6-0103b941ca9d@group-BE0EAB569DB9-SegmentedRaftLogWorker: safeCacheEvictIndex: setUnconditionally 0 -> -1
2025-06-20 07:32:24,812 [c071e809-fd15-4092-aeb8-7297c81492e3-PipelineCommandHandlerThread-0] INFO  commandhandler.CreatePipelineCommandHandler (CreatePipelineCommandHandler.java:lambda$handle$2(127)) - Created Pipeline RATIS THREE Pipeline-16011654-7952-44a9-b599-be0eab569db9.
2025-06-20 07:32:24,813 [99a2860e-df91-46e1-81b6-0103b941ca9d-groupManagement] INFO  server.RaftServer$Division (RaftServerImpl.java:start(391)) - 99a2860e-df91-46e1-81b6-0103b941ca9d@group-BE0EAB569DB9: start as a follower, conf=conf: {index: -1, cur=peers:[c071e809-fd15-4092-aeb8-7297c81492e3|127.0.0.1:15015, 1232e13d-3d6d-4170-8bdd-0c469583c505|127.0.0.1:15039, 99a2860e-df91-46e1-81b6-0103b941ca9d|127.0.0.1:15031]|listeners:[], old=null}
2025-06-20 07:32:24,813 [99a2860e-df91-46e1-81b6-0103b941ca9d-groupManagement] INFO  server.RaftServer$Division (RaftServerImpl.java:setRole(378)) - 99a2860e-df91-46e1-81b6-0103b941ca9d@group-BE0EAB569DB9: changes role from      null to FOLLOWER at term 0 for startAsFollower
2025-06-20 07:32:24,814 [99a2860e-df91-46e1-81b6-0103b941ca9d-groupManagement] INFO  impl.RoleInfo (RoleInfo.java:updateAndGet(148)) - 99a2860e-df91-46e1-81b6-0103b941ca9d: start 99a2860e-df91-46e1-81b6-0103b941ca9d@group-BE0EAB569DB9-FollowerState
2025-06-20 07:32:24,814 [99a2860e-df91-46e1-81b6-0103b941ca9d@group-BE0EAB569DB9-FollowerState] INFO  server.RaftServerConfigKeys (ConfUtils.java:logGet(46)) - raft.server.rpc.first-election.timeout.min = 1000ms (custom)
2025-06-20 07:32:24,815 [99a2860e-df91-46e1-81b6-0103b941ca9d@group-BE0EAB569DB9-FollowerState] INFO  server.RaftServerConfigKeys (ConfUtils.java:logGet(46)) - raft.server.rpc.first-election.timeout.max = 1200ms (custom)
2025-06-20 07:32:24,815 [99a2860e-df91-46e1-81b6-0103b941ca9d-groupManagement] INFO  util.JmxRegister (JmxRegister.java:tryRegister(44)) - Successfully registered JMX Bean with object name Ratis:service=RaftServer,group=group-BE0EAB569DB9,id=99a2860e-df91-46e1-81b6-0103b941ca9d
2025-06-20 07:32:24,815 [99a2860e-df91-46e1-81b6-0103b941ca9d-groupManagement] INFO  util.JmxRegister (JmxRegister.java:register(58)) - register mxBean class org.apache.ratis.server.impl.RaftServerJmxAdapter as Ratis:service=RaftServer,group=group-BE0EAB569DB9,id=99a2860e-df91-46e1-81b6-0103b941ca9d
2025-06-20 07:32:24,816 [99a2860e-df91-46e1-81b6-0103b941ca9d-groupManagement] INFO  server.RaftServerConfigKeys (ConfUtils.java:logGet(46)) - raft.server.snapshot.trigger-when-stop.enabled = true (default)
2025-06-20 07:32:24,816 [99a2860e-df91-46e1-81b6-0103b941ca9d-groupManagement] INFO  server.RaftServerConfigKeys (ConfUtils.java:logGet(46)) - raft.server.snapshot.trigger-when-remove.enabled = true (default)
2025-06-20 07:32:24,816 [99a2860e-df91-46e1-81b6-0103b941ca9d-groupManagement] INFO  server.RaftServerConfigKeys (ConfUtils.java:logGet(46)) - raft.server.snapshot.auto.trigger.enabled = true (custom)
2025-06-20 07:32:24,816 [99a2860e-df91-46e1-81b6-0103b941ca9d-groupManagement] INFO  server.RaftServerConfigKeys (ConfUtils.java:logGet(46)) - raft.server.snapshot.auto.trigger.threshold = 100000 (custom)
2025-06-20 07:32:24,816 [99a2860e-df91-46e1-81b6-0103b941ca9d-groupManagement] INFO  server.RaftServerConfigKeys (ConfUtils.java:logGet(46)) - raft.server.snapshot.retention.file.num = 5 (custom)
2025-06-20 07:32:24,816 [99a2860e-df91-46e1-81b6-0103b941ca9d-groupManagement] INFO  server.RaftServerConfigKeys (ConfUtils.java:logGet(46)) - raft.server.log.purge.upto.snapshot.index = false (default)
2025-06-20 07:32:24,817 [99a2860e-df91-46e1-81b6-0103b941ca9d-groupManagement] INFO  server.RaftServer$Division (RaftServerImpl.java:start(405)) - 99a2860e-df91-46e1-81b6-0103b941ca9d@group-BE0EAB569DB9: Successfully started.
2025-06-20 07:32:24,831 [1232e13d-3d6d-4170-8bdd-0c469583c505-PipelineCommandHandlerThread-0] INFO  commandhandler.CreatePipelineCommandHandler (CreatePipelineCommandHandler.java:lambda$handle$2(127)) - Created Pipeline RATIS THREE Pipeline-16011654-7952-44a9-b599-be0eab569db9.
2025-06-20 07:32:25,382 [99a2860e-df91-46e1-81b6-0103b941ca9d-PipelineCommandHandlerThread-0] INFO  segmented.SegmentedRaftLogWorker (SegmentedRaftLogWorker.java:close(252)) - 99a2860e-df91-46e1-81b6-0103b941ca9d@group-86327EA6878C-SegmentedRaftLogWorker close()
2025-06-20 07:32:25,383 [99a2860e-df91-46e1-81b6-0103b941ca9d-PipelineCommandHandlerThread-0] INFO  keyvalue.KeyValueContainer (KeyValueContainer.java:flushAndSyncDB(512)) - Synced container: KeyValueContainerData #27 (CLOSING, non-empty, ri=0, origin=[dn_99a2860e-df91-46e1-81b6-0103b941ca9d, pipeline_98a883cc-8ef0-4a24-a7d0-86327ea6878c])
2025-06-20 07:32:25,383 [99a2860e-df91-46e1-81b6-0103b941ca9d-PipelineCommandHandlerThread-0] INFO  keyvalue.KeyValueContainer (KeyValueContainer.java:flushAndSyncDB(512)) - Synced container: KeyValueContainerData #27 (CLOSING, non-empty, ri=0, origin=[dn_99a2860e-df91-46e1-81b6-0103b941ca9d, pipeline_98a883cc-8ef0-4a24-a7d0-86327ea6878c])
2025-06-20 07:32:25,387 [99a2860e-df91-46e1-81b6-0103b941ca9d-PipelineCommandHandlerThread-0] INFO  server.RaftServer$Division (RaftServerImpl.java:groupRemove(483)) - 99a2860e-df91-46e1-81b6-0103b941ca9d@group-86327EA6878C: Succeed to remove RaftStorageDirectory Storage Directory /home/runner/work/ozone/ozone/hadoop-ozone/integration-test/target/test-dir/MiniOzoneClusterImpl-ceee3db0-dd4d-4002-bf46-69cd4ed5dafd/ozone-meta/datanode-3/ratis/98a883cc-8ef0-4a24-a7d0-86327ea6878c
2025-06-20 07:32:25,388 [99a2860e-df91-46e1-81b6-0103b941ca9d-PipelineCommandHandlerThread-0] INFO  commandhandler.ClosePipelineCommandHandler (ClosePipelineCommandHandler.java:lambda$handle$2(142)) - Close Pipeline Pipeline-98a883cc-8ef0-4a24-a7d0-86327ea6878c command on datanode 99a2860e-df91-46e1-81b6-0103b941ca9d(localhost/127.0.0.1).
2025-06-20 07:32:25,783 [1232e13d-3d6d-4170-8bdd-0c469583c505@group-BE0EAB569DB9-FollowerState] INFO  impl.FollowerState (FollowerState.java:runImpl(161)) - 1232e13d-3d6d-4170-8bdd-0c469583c505@group-BE0EAB569DB9-FollowerState: change to CANDIDATE, lastRpcElapsedTime:1019764643ns, electionTimeout:1017ms
2025-06-20 07:32:25,783 [1232e13d-3d6d-4170-8bdd-0c469583c505@group-BE0EAB569DB9-FollowerState] INFO  impl.RoleInfo (RoleInfo.java:shutdownFollowerState(121)) - 1232e13d-3d6d-4170-8bdd-0c469583c505: shutdown 1232e13d-3d6d-4170-8bdd-0c469583c505@group-BE0EAB569DB9-FollowerState
2025-06-20 07:32:25,783 [1232e13d-3d6d-4170-8bdd-0c469583c505@group-BE0EAB569DB9-FollowerState] INFO  server.RaftServer$Division (RaftServerImpl.java:setRole(378)) - 1232e13d-3d6d-4170-8bdd-0c469583c505@group-BE0EAB569DB9: changes role from  FOLLOWER to CANDIDATE at term 0 for changeToCandidate
2025-06-20 07:32:25,783 [1232e13d-3d6d-4170-8bdd-0c469583c505@group-BE0EAB569DB9-FollowerState] INFO  server.RaftServerConfigKeys (ConfUtils.java:logGet(46)) - raft.server.leaderelection.pre-vote = true (default)
2025-06-20 07:32:25,783 [1232e13d-3d6d-4170-8bdd-0c469583c505@group-BE0EAB569DB9-FollowerState] INFO  impl.RoleInfo (RoleInfo.java:updateAndGet(148)) - 1232e13d-3d6d-4170-8bdd-0c469583c505: start 1232e13d-3d6d-4170-8bdd-0c469583c505@group-BE0EAB569DB9-LeaderElection12
2025-06-20 07:32:25,783 [1232e13d-3d6d-4170-8bdd-0c469583c505@group-BE0EAB569DB9-LeaderElection12] INFO  impl.LeaderElection (LeaderElection.java:askForVotes(332)) - 1232e13d-3d6d-4170-8bdd-0c469583c505@group-BE0EAB569DB9-LeaderElection12 PRE_VOTE round 0: submit vote requests at term 0 for conf: {index: -1, cur=peers:[c071e809-fd15-4092-aeb8-7297c81492e3|127.0.0.1:15015, 1232e13d-3d6d-4170-8bdd-0c469583c505|127.0.0.1:15039, 99a2860e-df91-46e1-81b6-0103b941ca9d|127.0.0.1:15031]|listeners:[], old=null}
2025-06-20 07:32:25,784 [1232e13d-3d6d-4170-8bdd-0c469583c505@group-BE0EAB569DB9-LeaderElection12-1] INFO  server.GrpcServerProtocolClient (GrpcServerProtocolClient.java:<init>(65)) - Build channel for c071e809-fd15-4092-aeb8-7297c81492e3|127.0.0.1:15015
2025-06-20 07:32:25,784 [1232e13d-3d6d-4170-8bdd-0c469583c505@group-BE0EAB569DB9-LeaderElection12-2] INFO  server.GrpcServerProtocolClient (GrpcServerProtocolClient.java:<init>(65)) - Build channel for 99a2860e-df91-46e1-81b6-0103b941ca9d|127.0.0.1:15031
2025-06-20 07:32:25,784 [1232e13d-3d6d-4170-8bdd-0c469583c505@group-BE0EAB569DB9-LeaderElection12] INFO  server.RaftServerConfigKeys (ConfUtils.java:logGet(46)) - raft.server.rpc.first-election.timeout.min = 1000ms (custom)
2025-06-20 07:32:25,784 [1232e13d-3d6d-4170-8bdd-0c469583c505@group-BE0EAB569DB9-LeaderElection12] INFO  server.RaftServerConfigKeys (ConfUtils.java:logGet(46)) - raft.server.rpc.first-election.timeout.max = 1200ms (custom)
2025-06-20 07:32:25,788 [grpc-default-executor-5] INFO  server.RaftServer$Division (RaftServerImpl.java:requestVote(1407)) - c071e809-fd15-4092-aeb8-7297c81492e3@group-BE0EAB569DB9: receive requestVote(PRE_VOTE, 1232e13d-3d6d-4170-8bdd-0c469583c505, group-BE0EAB569DB9, 0, (t:0, i:0))
2025-06-20 07:32:25,789 [grpc-default-executor-5] INFO  impl.VoteContext (VoteContext.java:log(49)) - c071e809-fd15-4092-aeb8-7297c81492e3@group-BE0EAB569DB9-FOLLOWER: reject PRE_VOTE from 1232e13d-3d6d-4170-8bdd-0c469583c505: our priority 1 > candidate's priority 0
2025-06-20 07:32:25,789 [grpc-default-executor-5] INFO  server.RaftServer$Division (RaftServerImpl.java:requestVote(1441)) - c071e809-fd15-4092-aeb8-7297c81492e3@group-BE0EAB569DB9 replies to PRE_VOTE vote request: 1232e13d-3d6d-4170-8bdd-0c469583c505<-c071e809-fd15-4092-aeb8-7297c81492e3#0:FAIL-t0. Peer's state: c071e809-fd15-4092-aeb8-7297c81492e3@group-BE0EAB569DB9:t0, leader=null, voted=, raftlog=Memoized:c071e809-fd15-4092-aeb8-7297c81492e3@group-BE0EAB569DB9-SegmentedRaftLog:OPENED:c-1:lastnull, conf=conf: {index: -1, cur=peers:[c071e809-fd15-4092-aeb8-7297c81492e3|127.0.0.1:15015, 1232e13d-3d6d-4170-8bdd-0c469583c505|127.0.0.1:15039, 99a2860e-df91-46e1-81b6-0103b941ca9d|127.0.0.1:15031]|listeners:[], old=null}
2025-06-20 07:32:25,789 [grpc-default-executor-2] INFO  server.RaftServer$Division (RaftServerImpl.java:requestVote(1407)) - 99a2860e-df91-46e1-81b6-0103b941ca9d@group-BE0EAB569DB9: receive requestVote(PRE_VOTE, 1232e13d-3d6d-4170-8bdd-0c469583c505, group-BE0EAB569DB9, 0, (t:0, i:0))
2025-06-20 07:32:25,789 [grpc-default-executor-2] INFO  impl.VoteContext (VoteContext.java:log(49)) - 99a2860e-df91-46e1-81b6-0103b941ca9d@group-BE0EAB569DB9-FOLLOWER: accept PRE_VOTE from 1232e13d-3d6d-4170-8bdd-0c469583c505: our priority 0 <= candidate's priority 0
2025-06-20 07:32:25,789 [grpc-default-executor-2] INFO  server.RaftServer$Division (RaftServerImpl.java:requestVote(1441)) - 99a2860e-df91-46e1-81b6-0103b941ca9d@group-BE0EAB569DB9 replies to PRE_VOTE vote request: 1232e13d-3d6d-4170-8bdd-0c469583c505<-99a2860e-df91-46e1-81b6-0103b941ca9d#0:OK-t0. Peer's state: 99a2860e-df91-46e1-81b6-0103b941ca9d@group-BE0EAB569DB9:t0, leader=null, voted=, raftlog=Memoized:99a2860e-df91-46e1-81b6-0103b941ca9d@group-BE0EAB569DB9-SegmentedRaftLog:OPENED:c-1:lastnull, conf=conf: {index: -1, cur=peers:[c071e809-fd15-4092-aeb8-7297c81492e3|127.0.0.1:15015, 1232e13d-3d6d-4170-8bdd-0c469583c505|127.0.0.1:15039, 99a2860e-df91-46e1-81b6-0103b941ca9d|127.0.0.1:15031]|listeners:[], old=null}
2025-06-20 07:32:25,790 [1232e13d-3d6d-4170-8bdd-0c469583c505@group-BE0EAB569DB9-LeaderElection12] INFO  impl.LeaderElection (LeaderElection.java:logAndReturn(90)) - 1232e13d-3d6d-4170-8bdd-0c469583c505@group-BE0EAB569DB9-LeaderElection12: PRE_VOTE REJECTED received 2 response(s) and 0 exception(s):
2025-06-20 07:32:25,790 [1232e13d-3d6d-4170-8bdd-0c469583c505@group-BE0EAB569DB9-LeaderElection12] INFO  impl.LeaderElection (LeaderElection.java:logAndReturn(94)) -   Response 0: 1232e13d-3d6d-4170-8bdd-0c469583c505<-c071e809-fd15-4092-aeb8-7297c81492e3#0:FAIL-t0
2025-06-20 07:32:25,790 [1232e13d-3d6d-4170-8bdd-0c469583c505@group-BE0EAB569DB9-LeaderElection12] INFO  impl.LeaderElection (LeaderElection.java:logAndReturn(94)) -   Response 1: 1232e13d-3d6d-4170-8bdd-0c469583c505<-99a2860e-df91-46e1-81b6-0103b941ca9d#0:OK-t0
2025-06-20 07:32:25,790 [1232e13d-3d6d-4170-8bdd-0c469583c505@group-BE0EAB569DB9-LeaderElection12] INFO  impl.LeaderElection (LeaderElection.java:askForVotes(334)) - 1232e13d-3d6d-4170-8bdd-0c469583c505@group-BE0EAB569DB9-LeaderElection12 PRE_VOTE round 0: result REJECTED
2025-06-20 07:32:25,790 [1232e13d-3d6d-4170-8bdd-0c469583c505@group-BE0EAB569DB9-LeaderElection12] INFO  server.RaftServer$Division (RaftServerImpl.java:setRole(378)) - 1232e13d-3d6d-4170-8bdd-0c469583c505@group-BE0EAB569DB9: changes role from CANDIDATE to FOLLOWER at term 0 for REJECTED
2025-06-20 07:32:25,790 [1232e13d-3d6d-4170-8bdd-0c469583c505@group-BE0EAB569DB9-LeaderElection12] INFO  impl.RoleInfo (RoleInfo.java:shutdownLeaderElection(141)) - 1232e13d-3d6d-4170-8bdd-0c469583c505: shutdown 1232e13d-3d6d-4170-8bdd-0c469583c505@group-BE0EAB569DB9-LeaderElection12
2025-06-20 07:32:25,791 [1232e13d-3d6d-4170-8bdd-0c469583c505@group-BE0EAB569DB9-LeaderElection12] INFO  impl.RoleInfo (RoleInfo.java:updateAndGet(148)) - 1232e13d-3d6d-4170-8bdd-0c469583c505: start 1232e13d-3d6d-4170-8bdd-0c469583c505@group-BE0EAB569DB9-FollowerState
2025-06-20 07:32:25,791 [1232e13d-3d6d-4170-8bdd-0c469583c505@group-BE0EAB569DB9-FollowerState] INFO  server.RaftServerConfigKeys (ConfUtils.java:logGet(46)) - raft.server.rpc.first-election.timeout.min = 1000ms (custom)
2025-06-20 07:32:25,791 [1232e13d-3d6d-4170-8bdd-0c469583c505@group-BE0EAB569DB9-FollowerState] INFO  server.RaftServerConfigKeys (ConfUtils.java:logGet(46)) - raft.server.rpc.first-election.timeout.max = 1200ms (custom)
2025-06-20 07:32:25,791 [1232e13d-3d6d-4170-8bdd-0c469583c505@group-BE0EAB569DB9-LeaderElection12] INFO  server.RaftServer$Division (RaftServerImpl.java:setFirstElection(562)) - 1232e13d-3d6d-4170-8bdd-0c469583c505@group-BE0EAB569DB9: set firstElectionSinceStartup to false for REJECTED
2025-06-20 07:32:25,897 [c071e809-fd15-4092-aeb8-7297c81492e3@group-BE0EAB569DB9-FollowerState] INFO  impl.FollowerState (FollowerState.java:runImpl(161)) - c071e809-fd15-4092-aeb8-7297c81492e3@group-BE0EAB569DB9-FollowerState: change to CANDIDATE, lastRpcElapsedTime:1147027941ns, electionTimeout:1145ms
2025-06-20 07:32:25,897 [c071e809-fd15-4092-aeb8-7297c81492e3@group-BE0EAB569DB9-FollowerState] INFO  impl.RoleInfo (RoleInfo.java:shutdownFollowerState(121)) - c071e809-fd15-4092-aeb8-7297c81492e3: shutdown c071e809-fd15-4092-aeb8-7297c81492e3@group-BE0EAB569DB9-FollowerState
2025-06-20 07:32:25,897 [c071e809-fd15-4092-aeb8-7297c81492e3@group-BE0EAB569DB9-FollowerState] INFO  server.RaftServer$Division (RaftServerImpl.java:setRole(378)) - c071e809-fd15-4092-aeb8-7297c81492e3@group-BE0EAB569DB9: changes role from  FOLLOWER to CANDIDATE at term 0 for changeToCandidate
2025-06-20 07:32:25,897 [c071e809-fd15-4092-aeb8-7297c81492e3@group-BE0EAB569DB9-FollowerState] INFO  server.RaftServerConfigKeys (ConfUtils.java:logGet(46)) - raft.server.leaderelection.pre-vote = true (default)
2025-06-20 07:32:25,897 [c071e809-fd15-4092-aeb8-7297c81492e3@group-BE0EAB569DB9-FollowerState] INFO  impl.RoleInfo (RoleInfo.java:updateAndGet(148)) - c071e809-fd15-4092-aeb8-7297c81492e3: start c071e809-fd15-4092-aeb8-7297c81492e3@group-BE0EAB569DB9-LeaderElection13
2025-06-20 07:32:25,897 [c071e809-fd15-4092-aeb8-7297c81492e3@group-BE0EAB569DB9-LeaderElection13] INFO  impl.LeaderElection (LeaderElection.java:askForVotes(332)) - c071e809-fd15-4092-aeb8-7297c81492e3@group-BE0EAB569DB9-LeaderElection13 PRE_VOTE round 0: submit vote requests at term 0 for conf: {index: -1, cur=peers:[c071e809-fd15-4092-aeb8-7297c81492e3|127.0.0.1:15015, 1232e13d-3d6d-4170-8bdd-0c469583c505|127.0.0.1:15039, 99a2860e-df91-46e1-81b6-0103b941ca9d|127.0.0.1:15031]|listeners:[], old=null}
2025-06-20 07:32:25,897 [c071e809-fd15-4092-aeb8-7297c81492e3@group-BE0EAB569DB9-LeaderElection13-1] INFO  server.GrpcServerProtocolClient (GrpcServerProtocolClient.java:<init>(65)) - Build channel for 1232e13d-3d6d-4170-8bdd-0c469583c505|127.0.0.1:15039
2025-06-20 07:32:25,898 [c071e809-fd15-4092-aeb8-7297c81492e3@group-BE0EAB569DB9-LeaderElection13] INFO  server.RaftServerConfigKeys (ConfUtils.java:logGet(46)) - raft.server.rpc.first-election.timeout.min = 1000ms (custom)
2025-06-20 07:32:25,898 [c071e809-fd15-4092-aeb8-7297c81492e3@group-BE0EAB569DB9-LeaderElection13] INFO  server.RaftServerConfigKeys (ConfUtils.java:logGet(46)) - raft.server.rpc.first-election.timeout.max = 1200ms (custom)
2025-06-20 07:32:25,899 [grpc-default-executor-5] INFO  server.RaftServer$Division (RaftServerImpl.java:requestVote(1407)) - 99a2860e-df91-46e1-81b6-0103b941ca9d@group-BE0EAB569DB9: receive requestVote(PRE_VOTE, c071e809-fd15-4092-aeb8-7297c81492e3, group-BE0EAB569DB9, 0, (t:0, i:0))
2025-06-20 07:32:25,899 [grpc-default-executor-5] INFO  impl.VoteContext (VoteContext.java:log(49)) - 99a2860e-df91-46e1-81b6-0103b941ca9d@group-BE0EAB569DB9-FOLLOWER: accept PRE_VOTE from c071e809-fd15-4092-aeb8-7297c81492e3: our priority 0 <= candidate's priority 1
2025-06-20 07:32:25,899 [grpc-default-executor-5] INFO  server.RaftServer$Division (RaftServerImpl.java:requestVote(1441)) - 99a2860e-df91-46e1-81b6-0103b941ca9d@group-BE0EAB569DB9 replies to PRE_VOTE vote request: c071e809-fd15-4092-aeb8-7297c81492e3<-99a2860e-df91-46e1-81b6-0103b941ca9d#0:OK-t0. Peer's state: 99a2860e-df91-46e1-81b6-0103b941ca9d@group-BE0EAB569DB9:t0, leader=null, voted=, raftlog=Memoized:99a2860e-df91-46e1-81b6-0103b941ca9d@group-BE0EAB569DB9-SegmentedRaftLog:OPENED:c-1:lastnull, conf=conf: {index: -1, cur=peers:[c071e809-fd15-4092-aeb8-7297c81492e3|127.0.0.1:15015, 1232e13d-3d6d-4170-8bdd-0c469583c505|127.0.0.1:15039, 99a2860e-df91-46e1-81b6-0103b941ca9d|127.0.0.1:15031]|listeners:[], old=null}
2025-06-20 07:32:25,900 [c071e809-fd15-4092-aeb8-7297c81492e3@group-BE0EAB569DB9-LeaderElection13] INFO  impl.LeaderElection (LeaderElection.java:logAndReturn(90)) - c071e809-fd15-4092-aeb8-7297c81492e3@group-BE0EAB569DB9-LeaderElection13: PRE_VOTE PASSED received 1 response(s) and 0 exception(s):
2025-06-20 07:32:25,900 [c071e809-fd15-4092-aeb8-7297c81492e3@group-BE0EAB569DB9-LeaderElection13] INFO  impl.LeaderElection (LeaderElection.java:logAndReturn(94)) -   Response 0: c071e809-fd15-4092-aeb8-7297c81492e3<-99a2860e-df91-46e1-81b6-0103b941ca9d#0:OK-t0
2025-06-20 07:32:25,901 [c071e809-fd15-4092-aeb8-7297c81492e3@group-BE0EAB569DB9-LeaderElection13] INFO  impl.LeaderElection (LeaderElection.java:askForVotes(334)) - c071e809-fd15-4092-aeb8-7297c81492e3@group-BE0EAB569DB9-LeaderElection13 PRE_VOTE round 0: result PASSED
2025-06-20 07:32:25,903 [c071e809-fd15-4092-aeb8-7297c81492e3@group-BE0EAB569DB9-LeaderElection13] INFO  impl.LeaderElection (LeaderElection.java:askForVotes(332)) - c071e809-fd15-4092-aeb8-7297c81492e3@group-BE0EAB569DB9-LeaderElection13 ELECTION round 0: submit vote requests at term 1 for conf: {index: -1, cur=peers:[c071e809-fd15-4092-aeb8-7297c81492e3|127.0.0.1:15015, 1232e13d-3d6d-4170-8bdd-0c469583c505|127.0.0.1:15039, 99a2860e-df91-46e1-81b6-0103b941ca9d|127.0.0.1:15031]|listeners:[], old=null}
2025-06-20 07:32:25,903 [c071e809-fd15-4092-aeb8-7297c81492e3@group-BE0EAB569DB9-LeaderElection13] INFO  server.RaftServerConfigKeys (ConfUtils.java:logGet(46)) - raft.server.rpc.first-election.timeout.min = 1000ms (custom)
2025-06-20 07:32:25,903 [c071e809-fd15-4092-aeb8-7297c81492e3@group-BE0EAB569DB9-LeaderElection13] INFO  server.RaftServerConfigKeys (ConfUtils.java:logGet(46)) - raft.server.rpc.first-election.timeout.max = 1200ms (custom)
2025-06-20 07:32:25,904 [grpc-default-executor-2] INFO  server.RaftServer$Division (RaftServerImpl.java:requestVote(1407)) - 1232e13d-3d6d-4170-8bdd-0c469583c505@group-BE0EAB569DB9: receive requestVote(ELECTION, c071e809-fd15-4092-aeb8-7297c81492e3, group-BE0EAB569DB9, 1, (t:0, i:0))
2025-06-20 07:32:25,904 [grpc-default-executor-2] INFO  impl.VoteContext (VoteContext.java:log(49)) - 1232e13d-3d6d-4170-8bdd-0c469583c505@group-BE0EAB569DB9-FOLLOWER: accept ELECTION from c071e809-fd15-4092-aeb8-7297c81492e3: our priority 0 <= candidate's priority 1
2025-06-20 07:32:25,904 [grpc-default-executor-2] INFO  server.RaftServer$Division (RaftServerImpl.java:setRole(378)) - 1232e13d-3d6d-4170-8bdd-0c469583c505@group-BE0EAB569DB9: changes role from  FOLLOWER to FOLLOWER at term 0 for candidate:c071e809-fd15-4092-aeb8-7297c81492e3
2025-06-20 07:32:25,904 [grpc-default-executor-2] INFO  impl.RoleInfo (RoleInfo.java:shutdownFollowerState(121)) - 1232e13d-3d6d-4170-8bdd-0c469583c505: shutdown 1232e13d-3d6d-4170-8bdd-0c469583c505@group-BE0EAB569DB9-FollowerState
2025-06-20 07:32:25,904 [grpc-default-executor-2] INFO  impl.RoleInfo (RoleInfo.java:updateAndGet(148)) - 1232e13d-3d6d-4170-8bdd-0c469583c505: start 1232e13d-3d6d-4170-8bdd-0c469583c505@group-BE0EAB569DB9-FollowerState
2025-06-20 07:32:25,905 [grpc-default-executor-5] INFO  server.RaftServer$Division (RaftServerImpl.java:requestVote(1407)) - 99a2860e-df91-46e1-81b6-0103b941ca9d@group-BE0EAB569DB9: receive requestVote(ELECTION, c071e809-fd15-4092-aeb8-7297c81492e3, group-BE0EAB569DB9, 1, (t:0, i:0))
2025-06-20 07:32:25,905 [1232e13d-3d6d-4170-8bdd-0c469583c505@group-BE0EAB569DB9-FollowerState] INFO  impl.FollowerState (FollowerState.java:runImpl(170)) - 1232e13d-3d6d-4170-8bdd-0c469583c505@group-BE0EAB569DB9-FollowerState was interrupted
2025-06-20 07:32:25,905 [grpc-default-executor-5] INFO  impl.VoteContext (VoteContext.java:log(49)) - 99a2860e-df91-46e1-81b6-0103b941ca9d@group-BE0EAB569DB9-FOLLOWER: accept ELECTION from c071e809-fd15-4092-aeb8-7297c81492e3: our priority 0 <= candidate's priority 1
2025-06-20 07:32:25,905 [grpc-default-executor-5] INFO  server.RaftServer$Division (RaftServerImpl.java:setRole(378)) - 99a2860e-df91-46e1-81b6-0103b941ca9d@group-BE0EAB569DB9: changes role from  FOLLOWER to FOLLOWER at term 0 for candidate:c071e809-fd15-4092-aeb8-7297c81492e3
2025-06-20 07:32:25,905 [grpc-default-executor-5] INFO  impl.RoleInfo (RoleInfo.java:shutdownFollowerState(121)) - 99a2860e-df91-46e1-81b6-0103b941ca9d: shutdown 99a2860e-df91-46e1-81b6-0103b941ca9d@group-BE0EAB569DB9-FollowerState
2025-06-20 07:32:25,905 [grpc-default-executor-5] INFO  impl.RoleInfo (RoleInfo.java:updateAndGet(148)) - 99a2860e-df91-46e1-81b6-0103b941ca9d: start 99a2860e-df91-46e1-81b6-0103b941ca9d@group-BE0EAB569DB9-FollowerState
2025-06-20 07:32:25,905 [99a2860e-df91-46e1-81b6-0103b941ca9d@group-BE0EAB569DB9-FollowerState] INFO  server.RaftServerConfigKeys (ConfUtils.java:logGet(46)) - raft.server.rpc.first-election.timeout.min = 1000ms (custom)
2025-06-20 07:32:25,905 [99a2860e-df91-46e1-81b6-0103b941ca9d@group-BE0EAB569DB9-FollowerState] INFO  impl.FollowerState (FollowerState.java:runImpl(170)) - 99a2860e-df91-46e1-81b6-0103b941ca9d@group-BE0EAB569DB9-FollowerState was interrupted
2025-06-20 07:32:25,905 [grpc-default-executor-5] INFO  server.RaftServer$Division (RaftServerImpl.java:setFirstElection(562)) - 99a2860e-df91-46e1-81b6-0103b941ca9d@group-BE0EAB569DB9: set firstElectionSinceStartup to false for candidate:c071e809-fd15-4092-aeb8-7297c81492e3
2025-06-20 07:32:25,905 [99a2860e-df91-46e1-81b6-0103b941ca9d@group-BE0EAB569DB9-FollowerState] INFO  server.RaftServerConfigKeys (ConfUtils.java:logGet(46)) - raft.server.rpc.first-election.timeout.max = 1200ms (custom)
2025-06-20 07:32:25,906 [grpc-default-executor-2] INFO  server.RaftServer$Division (RaftServerImpl.java:requestVote(1441)) - 1232e13d-3d6d-4170-8bdd-0c469583c505@group-BE0EAB569DB9 replies to ELECTION vote request: c071e809-fd15-4092-aeb8-7297c81492e3<-1232e13d-3d6d-4170-8bdd-0c469583c505#0:OK-t1. Peer's state: 1232e13d-3d6d-4170-8bdd-0c469583c505@group-BE0EAB569DB9:t1, leader=null, voted=c071e809-fd15-4092-aeb8-7297c81492e3, raftlog=Memoized:1232e13d-3d6d-4170-8bdd-0c469583c505@group-BE0EAB569DB9-SegmentedRaftLog:OPENED:c-1:lastnull, conf=conf: {index: -1, cur=peers:[c071e809-fd15-4092-aeb8-7297c81492e3|127.0.0.1:15015, 1232e13d-3d6d-4170-8bdd-0c469583c505|127.0.0.1:15039, 99a2860e-df91-46e1-81b6-0103b941ca9d|127.0.0.1:15031]|listeners:[], old=null}
2025-06-20 07:32:25,907 [c071e809-fd15-4092-aeb8-7297c81492e3@group-BE0EAB569DB9-LeaderElection13] INFO  impl.LeaderElection (LeaderElection.java:logAndReturn(90)) - c071e809-fd15-4092-aeb8-7297c81492e3@group-BE0EAB569DB9-LeaderElection13: ELECTION PASSED received 1 response(s) and 0 exception(s):
2025-06-20 07:32:25,907 [c071e809-fd15-4092-aeb8-7297c81492e3@group-BE0EAB569DB9-LeaderElection13] INFO  impl.LeaderElection (LeaderElection.java:logAndReturn(94)) -   Response 0: c071e809-fd15-4092-aeb8-7297c81492e3<-1232e13d-3d6d-4170-8bdd-0c469583c505#0:OK-t1
2025-06-20 07:32:25,907 [c071e809-fd15-4092-aeb8-7297c81492e3@group-BE0EAB569DB9-LeaderElection13] INFO  impl.LeaderElection (LeaderElection.java:askForVotes(334)) - c071e809-fd15-4092-aeb8-7297c81492e3@group-BE0EAB569DB9-LeaderElection13 ELECTION round 0: result PASSED
2025-06-20 07:32:25,907 [c071e809-fd15-4092-aeb8-7297c81492e3@group-BE0EAB569DB9-LeaderElection13] INFO  impl.RoleInfo (RoleInfo.java:shutdownLeaderElection(141)) - c071e809-fd15-4092-aeb8-7297c81492e3: shutdown c071e809-fd15-4092-aeb8-7297c81492e3@group-BE0EAB569DB9-LeaderElection13
2025-06-20 07:32:25,907 [c071e809-fd15-4092-aeb8-7297c81492e3@group-BE0EAB569DB9-LeaderElection13] INFO  server.RaftServer$Division (RaftServerImpl.java:setRole(378)) - c071e809-fd15-4092-aeb8-7297c81492e3@group-BE0EAB569DB9: changes role from CANDIDATE to LEADER at term 1 for changeToLeader
2025-06-20 07:32:25,907 [c071e809-fd15-4092-aeb8-7297c81492e3@group-BE0EAB569DB9-LeaderElection13] INFO  server.RaftServerConfigKeys (ConfUtils.java:logGet(46)) - raft.server.staging.catchup.gap = 1000 (default)
2025-06-20 07:32:25,908 [c071e809-fd15-4092-aeb8-7297c81492e3@group-BE0EAB569DB9-LeaderElection13] INFO  server.RaftServerConfigKeys (ConfUtils.java:logGet(46)) - raft.server.write.element-limit = 1024 (custom)
2025-06-20 07:32:25,908 [c071e809-fd15-4092-aeb8-7297c81492e3@group-BE0EAB569DB9-LeaderElection13] INFO  server.RaftServerConfigKeys (ConfUtils.java:logGet(46)) - raft.server.write.byte-limit = 1024 M (=1073741824) (custom)
2025-06-20 07:32:25,907 [grpc-default-executor-5] INFO  server.RaftServer$Division (RaftServerImpl.java:requestVote(1441)) - 99a2860e-df91-46e1-81b6-0103b941ca9d@group-BE0EAB569DB9 replies to ELECTION vote request: c071e809-fd15-4092-aeb8-7297c81492e3<-99a2860e-df91-46e1-81b6-0103b941ca9d#0:OK-t1. Peer's state: 99a2860e-df91-46e1-81b6-0103b941ca9d@group-BE0EAB569DB9:t1, leader=null, voted=c071e809-fd15-4092-aeb8-7297c81492e3, raftlog=Memoized:99a2860e-df91-46e1-81b6-0103b941ca9d@group-BE0EAB569DB9-SegmentedRaftLog:OPENED:c-1:lastnull, conf=conf: {index: -1, cur=peers:[c071e809-fd15-4092-aeb8-7297c81492e3|127.0.0.1:15015, 1232e13d-3d6d-4170-8bdd-0c469583c505|127.0.0.1:15039, 99a2860e-df91-46e1-81b6-0103b941ca9d|127.0.0.1:15031]|listeners:[], old=null}
2025-06-20 07:32:25,908 [c071e809-fd15-4092-aeb8-7297c81492e3@group-BE0EAB569DB9-LeaderElection13] INFO  server.RaftServerConfigKeys (ConfUtils.java:logGet(46)) - raft.server.watch.timeout = 10000ms (default)
2025-06-20 07:32:25,908 [c071e809-fd15-4092-aeb8-7297c81492e3@group-BE0EAB569DB9-LeaderElection13] INFO  server.RaftServerConfigKeys (ConfUtils.java:logGet(46)) - raft.server.watch.timeout.denomination = 1s (default)
2025-06-20 07:32:25,909 [c071e809-fd15-4092-aeb8-7297c81492e3@group-BE0EAB569DB9-LeaderElection13] INFO  server.RaftServerConfigKeys (ConfUtils.java:logGet(46)) - raft.server.watch.element-limit = 65536 (default)
2025-06-20 07:32:25,909 [c071e809-fd15-4092-aeb8-7297c81492e3@group-BE0EAB569DB9-LeaderElection13] INFO  server.RaftServerConfigKeys (ConfUtils.java:logGet(46)) - raft.server.read.leader.lease.enabled = false (default)
2025-06-20 07:32:25,909 [c071e809-fd15-4092-aeb8-7297c81492e3@group-BE0EAB569DB9-LeaderElection13] INFO  server.RaftServerConfigKeys (ConfUtils.java:logGet(46)) - raft.server.read.leader.lease.timeout.ratio = 0.9 (default)
2025-06-20 07:32:25,909 [c071e809-fd15-4092-aeb8-7297c81492e3@group-BE0EAB569DB9-LeaderElection13] INFO  server.RaftServerConfigKeys (ConfUtils.java:logGet(46)) - raft.server.rpc.timeout.min = 5s (custom)
2025-06-20 07:32:25,909 [c071e809-fd15-4092-aeb8-7297c81492e3@group-BE0EAB569DB9-LeaderElection13] INFO  server.RaftServerConfigKeys (ConfUtils.java:logGet(46)) - raft.server.log.log-metadata.enabled = true (default)
2025-06-20 07:32:25,909 [c071e809-fd15-4092-aeb8-7297c81492e3@group-BE0EAB569DB9-LeaderElection13] INFO  server.RaftServerConfigKeys (ConfUtils.java:logGet(46)) - raft.server.write.element-limit = 1024 (custom)
2025-06-20 07:32:25,909 [c071e809-fd15-4092-aeb8-7297c81492e3@group-BE0EAB569DB9-LeaderElection13] INFO  server.RaftServerConfigKeys (ConfUtils.java:logGet(46)) - raft.server.write.follower.gap.ratio.max = -1.0 (default)
2025-06-20 07:32:25,910 [c071e809-fd15-4092-aeb8-7297c81492e3@group-BE0EAB569DB9-LeaderElection13] INFO  server.RaftServerConfigKeys (ConfUtils.java:logGet(46)) - raft.server.log.appender.snapshot.chunk.size.max = 16MB (=16777216) (default)
2025-06-20 07:32:25,910 [c071e809-fd15-4092-aeb8-7297c81492e3@group-BE0EAB569DB9-LeaderElection13] INFO  server.RaftServerConfigKeys (ConfUtils.java:logGet(46)) - raft.server.log.appender.buffer.byte-limit = 33554432 (custom)
2025-06-20 07:32:25,910 [c071e809-fd15-4092-aeb8-7297c81492e3@group-BE0EAB569DB9-LeaderElection13] INFO  server.RaftServerConfigKeys (ConfUtils.java:logGet(46)) - raft.server.log.appender.buffer.element-limit = 1024 (custom)
2025-06-20 07:32:25,910 [c071e809-fd15-4092-aeb8-7297c81492e3@group-BE0EAB569DB9-LeaderElection13] INFO  server.RaftServerConfigKeys (ConfUtils.java:logGet(46)) - raft.server.log.appender.wait-time.min = 0ms (custom)
2025-06-20 07:32:25,910 [c071e809-fd15-4092-aeb8-7297c81492e3@group-BE0EAB569DB9-LeaderElection13] INFO  grpc.GrpcConfigKeys (ConfUtils.java:logGet(46)) - raft.grpc.server.leader.outstanding.appends.max = 8 (default)
2025-06-20 07:32:25,910 [c071e809-fd15-4092-aeb8-7297c81492e3@group-BE0EAB569DB9-LeaderElection13] INFO  server.RaftServerConfigKeys (ConfUtils.java:logGet(46)) - raft.server.rpc.request.timeout = 3000ms (default)
2025-06-20 07:32:25,910 [c071e809-fd15-4092-aeb8-7297c81492e3@group-BE0EAB569DB9-LeaderElection13] INFO  grpc.GrpcConfigKeys (ConfUtils.java:logGet(46)) - raft.grpc.server.install_snapshot.request.element-limit = 8 (default)
2025-06-20 07:32:25,911 [c071e809-fd15-4092-aeb8-7297c81492e3@group-BE0EAB569DB9-LeaderElection13] INFO  grpc.GrpcConfigKeys (ConfUtils.java:logGet(46)) - raft.grpc.server.install_snapshot.request.timeout = 3000ms (default)
2025-06-20 07:32:25,911 [c071e809-fd15-4092-aeb8-7297c81492e3@group-BE0EAB569DB9-LeaderElection13] INFO  grpc.GrpcConfigKeys (ConfUtils.java:logGet(46)) - raft.grpc.server.log-message.batch.duration = 5s (default)
2025-06-20 07:32:25,911 [c071e809-fd15-4092-aeb8-7297c81492e3@group-BE0EAB569DB9-LeaderElection13] INFO  server.RaftServerConfigKeys (ConfUtils.java:logGet(46)) - raft.server.log.appender.install.snapshot.enabled = false (custom)
2025-06-20 07:32:25,911 [c071e809-fd15-4092-aeb8-7297c81492e3@group-BE0EAB569DB9-LeaderElection13] INFO  grpc.GrpcConfigKeys (ConfUtils.java:logGet(46)) - raft.grpc.server.heartbeat.channel = true (default)
2025-06-20 07:32:25,912 [c071e809-fd15-4092-aeb8-7297c81492e3@group-BE0EAB569DB9-LeaderElection13] INFO  server.RaftServerConfigKeys (ConfUtils.java:logGet(46)) - raft.server.log.appender.snapshot.chunk.size.max = 16MB (=16777216) (default)
2025-06-20 07:32:25,912 [c071e809-fd15-4092-aeb8-7297c81492e3@group-BE0EAB569DB9-LeaderElection13] INFO  server.RaftServerConfigKeys (ConfUtils.java:logGet(46)) - raft.server.log.appender.buffer.byte-limit = 33554432 (custom)
2025-06-20 07:32:25,912 [c071e809-fd15-4092-aeb8-7297c81492e3@group-BE0EAB569DB9-LeaderElection13] INFO  server.RaftServerConfigKeys (ConfUtils.java:logGet(46)) - raft.server.log.appender.buffer.element-limit = 1024 (custom)
2025-06-20 07:32:25,912 [c071e809-fd15-4092-aeb8-7297c81492e3@group-BE0EAB569DB9-LeaderElection13] INFO  server.RaftServerConfigKeys (ConfUtils.java:logGet(46)) - raft.server.log.appender.wait-time.min = 0ms (custom)
2025-06-20 07:32:25,912 [c071e809-fd15-4092-aeb8-7297c81492e3@group-BE0EAB569DB9-LeaderElection13] INFO  grpc.GrpcConfigKeys (ConfUtils.java:logGet(46)) - raft.grpc.server.leader.outstanding.appends.max = 8 (default)
2025-06-20 07:32:25,912 [c071e809-fd15-4092-aeb8-7297c81492e3@group-BE0EAB569DB9-LeaderElection13] INFO  server.RaftServerConfigKeys (ConfUtils.java:logGet(46)) - raft.server.rpc.request.timeout = 3000ms (default)
2025-06-20 07:32:25,912 [c071e809-fd15-4092-aeb8-7297c81492e3@group-BE0EAB569DB9-LeaderElection13] INFO  grpc.GrpcConfigKeys (ConfUtils.java:logGet(46)) - raft.grpc.server.install_snapshot.request.element-limit = 8 (default)
2025-06-20 07:32:25,912 [c071e809-fd15-4092-aeb8-7297c81492e3@group-BE0EAB569DB9-LeaderElection13] INFO  grpc.GrpcConfigKeys (ConfUtils.java:logGet(46)) - raft.grpc.server.install_snapshot.request.timeout = 3000ms (default)
2025-06-20 07:32:25,912 [c071e809-fd15-4092-aeb8-7297c81492e3@group-BE0EAB569DB9-LeaderElection13] INFO  grpc.GrpcConfigKeys (ConfUtils.java:logGet(46)) - raft.grpc.server.log-message.batch.duration = 5s (default)
2025-06-20 07:32:25,912 [c071e809-fd15-4092-aeb8-7297c81492e3@group-BE0EAB569DB9-LeaderElection13] INFO  server.RaftServerConfigKeys (ConfUtils.java:logGet(46)) - raft.server.log.appender.install.snapshot.enabled = false (custom)
2025-06-20 07:32:25,912 [c071e809-fd15-4092-aeb8-7297c81492e3@group-BE0EAB569DB9-LeaderElection13] INFO  grpc.GrpcConfigKeys (ConfUtils.java:logGet(46)) - raft.grpc.server.heartbeat.channel = true (default)
2025-06-20 07:32:25,913 [c071e809-fd15-4092-aeb8-7297c81492e3@group-BE0EAB569DB9-LeaderElection13] INFO  impl.RoleInfo (RoleInfo.java:updateAndGet(148)) - c071e809-fd15-4092-aeb8-7297c81492e3: start c071e809-fd15-4092-aeb8-7297c81492e3@group-BE0EAB569DB9-LeaderStateImpl
2025-06-20 07:32:25,913 [c071e809-fd15-4092-aeb8-7297c81492e3@group-BE0EAB569DB9-LeaderElection13] INFO  server.RaftServer$Division (RaftServerImpl.java:setFirstElection(562)) - c071e809-fd15-4092-aeb8-7297c81492e3@group-BE0EAB569DB9: set firstElectionSinceStartup to false for becomeLeader
2025-06-20 07:32:25,913 [c071e809-fd15-4092-aeb8-7297c81492e3@group-BE0EAB569DB9-LeaderElection13] INFO  ratis.XceiverServerRatis (XceiverServerRatis.java:handleLeaderChangedNotification(944)) - Leader change notification received for group: group-BE0EAB569DB9 with new leaderId: c071e809-fd15-4092-aeb8-7297c81492e3
2025-06-20 07:32:25,913 [c071e809-fd15-4092-aeb8-7297c81492e3@group-BE0EAB569DB9-LeaderElection13] INFO  server.RaftServer$Division (ServerState.java:setLeader(272)) - c071e809-fd15-4092-aeb8-7297c81492e3@group-BE0EAB569DB9: change Leader from null to c071e809-fd15-4092-aeb8-7297c81492e3 at term 1 for becomeLeader, leader elected after 1215ms
2025-06-20 07:32:25,913 [c071e809-fd15-4092-aeb8-7297c81492e3@group-BE0EAB569DB9-LeaderElection13] INFO  segmented.SegmentedRaftLogWorker (SegmentedRaftLogWorker.java:startLogSegment(438)) - c071e809-fd15-4092-aeb8-7297c81492e3@group-BE0EAB569DB9-SegmentedRaftLogWorker: Starting segment from index:0
2025-06-20 07:32:25,914 [c071e809-fd15-4092-aeb8-7297c81492e3@group-BE0EAB569DB9-LeaderElection13] INFO  server.RaftServer$Division (ServerState.java:setRaftConf(386)) - c071e809-fd15-4092-aeb8-7297c81492e3@group-BE0EAB569DB9: set configuration conf: {index: 0, cur=peers:[c071e809-fd15-4092-aeb8-7297c81492e3|127.0.0.1:15015, 1232e13d-3d6d-4170-8bdd-0c469583c505|127.0.0.1:15039, 99a2860e-df91-46e1-81b6-0103b941ca9d|127.0.0.1:15031]|listeners:[], old=null}
2025-06-20 07:32:25,914 [c071e809-fd15-4092-aeb8-7297c81492e3@group-BE0EAB569DB9-SegmentedRaftLogWorker] INFO  segmented.BufferedWriteChannel (BufferedWriteChannel.java:open(61)) - open log_inprogress_0 at position 0
2025-06-20 07:32:25,919 [EventQueue-PipelineReportForPipelineReportHandler] INFO  pipeline.PipelineReportHandler (PipelineReportHandler.java:processPipelineReport(134)) - Opened pipeline Pipeline-16011654-7952-44a9-b599-be0eab569db9
2025-06-20 07:32:25,920 [99a2860e-df91-46e1-81b6-0103b941ca9d-server-thread1] INFO  ratis.XceiverServerRatis (XceiverServerRatis.java:handleLeaderChangedNotification(944)) - Leader change notification received for group: group-BE0EAB569DB9 with new leaderId: c071e809-fd15-4092-aeb8-7297c81492e3
2025-06-20 07:32:25,920 [99a2860e-df91-46e1-81b6-0103b941ca9d-server-thread1] INFO  server.RaftServer$Division (ServerState.java:setLeader(272)) - 99a2860e-df91-46e1-81b6-0103b941ca9d@group-BE0EAB569DB9: change Leader from null to c071e809-fd15-4092-aeb8-7297c81492e3 at term 1 for appendEntries, leader elected after 1139ms
2025-06-20 07:32:25,921 [1232e13d-3d6d-4170-8bdd-0c469583c505-server-thread1] INFO  ratis.XceiverServerRatis (XceiverServerRatis.java:handleLeaderChangedNotification(944)) - Leader change notification received for group: group-BE0EAB569DB9 with new leaderId: c071e809-fd15-4092-aeb8-7297c81492e3
2025-06-20 07:32:25,921 [1232e13d-3d6d-4170-8bdd-0c469583c505-server-thread1] INFO  server.RaftServer$Division (ServerState.java:setLeader(272)) - 1232e13d-3d6d-4170-8bdd-0c469583c505@group-BE0EAB569DB9: change Leader from null to c071e809-fd15-4092-aeb8-7297c81492e3 at term 1 for appendEntries, leader elected after 1206ms
2025-06-20 07:32:25,921 [1232e13d-3d6d-4170-8bdd-0c469583c505-server-thread1] INFO  server.RaftServer$Division (ServerState.java:setRaftConf(386)) - 1232e13d-3d6d-4170-8bdd-0c469583c505@group-BE0EAB569DB9: set configuration conf: {index: 0, cur=peers:[c071e809-fd15-4092-aeb8-7297c81492e3|127.0.0.1:15015, 1232e13d-3d6d-4170-8bdd-0c469583c505|127.0.0.1:15039, 99a2860e-df91-46e1-81b6-0103b941ca9d|127.0.0.1:15031]|listeners:[], old=null}
2025-06-20 07:32:25,921 [1232e13d-3d6d-4170-8bdd-0c469583c505-server-thread1] INFO  segmented.SegmentedRaftLogWorker (SegmentedRaftLogWorker.java:startLogSegment(438)) - 1232e13d-3d6d-4170-8bdd-0c469583c505@group-BE0EAB569DB9-SegmentedRaftLogWorker: Starting segment from index:0
2025-06-20 07:32:25,922 [1232e13d-3d6d-4170-8bdd-0c469583c505@group-BE0EAB569DB9-SegmentedRaftLogWorker] INFO  segmented.BufferedWriteChannel (BufferedWriteChannel.java:open(61)) - open log_inprogress_0 at position 0
2025-06-20 07:32:25,923 [99a2860e-df91-46e1-81b6-0103b941ca9d-server-thread3] INFO  server.RaftServer$Division (ServerState.java:setRaftConf(386)) - 99a2860e-df91-46e1-81b6-0103b941ca9d@group-BE0EAB569DB9: set configuration conf: {index: 0, cur=peers:[c071e809-fd15-4092-aeb8-7297c81492e3|127.0.0.1:15015, 1232e13d-3d6d-4170-8bdd-0c469583c505|127.0.0.1:15039, 99a2860e-df91-46e1-81b6-0103b941ca9d|127.0.0.1:15031]|listeners:[], old=null}
2025-06-20 07:32:25,923 [99a2860e-df91-46e1-81b6-0103b941ca9d-server-thread3] INFO  segmented.SegmentedRaftLogWorker (SegmentedRaftLogWorker.java:startLogSegment(438)) - 99a2860e-df91-46e1-81b6-0103b941ca9d@group-BE0EAB569DB9-SegmentedRaftLogWorker: Starting segment from index:0
2025-06-20 07:32:25,924 [99a2860e-df91-46e1-81b6-0103b941ca9d@group-BE0EAB569DB9-SegmentedRaftLogWorker] INFO  segmented.BufferedWriteChannel (BufferedWriteChannel.java:open(61)) - open log_inprogress_0 at position 0
2025-06-20 07:32:25,926 [c071e809-fd15-4092-aeb8-7297c81492e3@group-BE0EAB569DB9-SegmentedRaftLogWorker] INFO  segmented.SegmentedRaftLogWorker (SegmentedRaftLogWorker.java:execute(644)) - c071e809-fd15-4092-aeb8-7297c81492e3@group-BE0EAB569DB9-SegmentedRaftLogWorker: created new log segment /home/runner/work/ozone/ozone/hadoop-ozone/integration-test/target/test-dir/MiniOzoneClusterImpl-ceee3db0-dd4d-4002-bf46-69cd4ed5dafd/ozone-meta/datanode-1/ratis/16011654-7952-44a9-b599-be0eab569db9/current/log_inprogress_0
2025-06-20 07:32:25,935 [1232e13d-3d6d-4170-8bdd-0c469583c505@group-BE0EAB569DB9-SegmentedRaftLogWorker] INFO  segmented.SegmentedRaftLogWorker (SegmentedRaftLogWorker.java:execute(644)) - 1232e13d-3d6d-4170-8bdd-0c469583c505@group-BE0EAB569DB9-SegmentedRaftLogWorker: created new log segment /home/runner/work/ozone/ozone/hadoop-ozone/integration-test/target/test-dir/MiniOzoneClusterImpl-ceee3db0-dd4d-4002-bf46-69cd4ed5dafd/ozone-meta/datanode-4/ratis/16011654-7952-44a9-b599-be0eab569db9/current/log_inprogress_0
2025-06-20 07:32:25,935 [99a2860e-df91-46e1-81b6-0103b941ca9d@group-BE0EAB569DB9-SegmentedRaftLogWorker] INFO  segmented.SegmentedRaftLogWorker (SegmentedRaftLogWorker.java:execute(644)) - 99a2860e-df91-46e1-81b6-0103b941ca9d@group-BE0EAB569DB9-SegmentedRaftLogWorker: created new log segment /home/runner/work/ozone/ozone/hadoop-ozone/integration-test/target/test-dir/MiniOzoneClusterImpl-ceee3db0-dd4d-4002-bf46-69cd4ed5dafd/ozone-meta/datanode-3/ratis/16011654-7952-44a9-b599-be0eab569db9/current/log_inprogress_0
2025-06-20 07:32:25,937 [c071e809-fd15-4092-aeb8-7297c81492e3@group-BE0EAB569DB9-StateMachineUpdater] INFO  server.RaftServer$Division (LeaderStateImpl.java:checkStartIndex(313)) - Leader c071e809-fd15-4092-aeb8-7297c81492e3@group-BE0EAB569DB9-LeaderStateImpl is ready since appliedIndex == startIndex == 0
2025-06-20 07:32:25,972 [c071e809-fd15-4092-aeb8-7297c81492e3-ContainerOp-16011654-7952-44a9-b599-be0eab569db9-0] WARN  statemachine.DatanodeConfiguration (DatanodeConfiguration.java:validateMinFreeSpace(689)) - hdds.datanode.volume.min.free.space.percent = -1.0 is invalid, should be between 0 and 1
2025-06-20 07:32:25,972 [c071e809-fd15-4092-aeb8-7297c81492e3-ContainerOp-16011654-7952-44a9-b599-be0eab569db9-0] WARN  statemachine.DatanodeConfiguration (DatanodeConfiguration.java:validateMinFreeSpace(689)) - hdds.datanode.volume.min.free.space.percent = -1.0 is invalid, should be between 0 and 1
2025-06-20 07:32:25,976 [1232e13d-3d6d-4170-8bdd-0c469583c505-ContainerOp-16011654-7952-44a9-b599-be0eab569db9-0] WARN  statemachine.DatanodeConfiguration (DatanodeConfiguration.java:validateMinFreeSpace(689)) - hdds.datanode.volume.min.free.space.percent = -1.0 is invalid, should be between 0 and 1
2025-06-20 07:32:25,976 [1232e13d-3d6d-4170-8bdd-0c469583c505-ContainerOp-16011654-7952-44a9-b599-be0eab569db9-0] WARN  statemachine.DatanodeConfiguration (DatanodeConfiguration.java:validateMinFreeSpace(689)) - hdds.datanode.volume.min.free.space.percent = -1.0 is invalid, should be between 0 and 1
2025-06-20 07:32:25,977 [99a2860e-df91-46e1-81b6-0103b941ca9d-ContainerOp-16011654-7952-44a9-b599-be0eab569db9-0] WARN  statemachine.DatanodeConfiguration (DatanodeConfiguration.java:validateMinFreeSpace(689)) - hdds.datanode.volume.min.free.space.percent = -1.0 is invalid, should be between 0 and 1
2025-06-20 07:32:25,977 [99a2860e-df91-46e1-81b6-0103b941ca9d-ContainerOp-16011654-7952-44a9-b599-be0eab569db9-0] WARN  statemachine.DatanodeConfiguration (DatanodeConfiguration.java:validateMinFreeSpace(689)) - hdds.datanode.volume.min.free.space.percent = -1.0 is invalid, should be between 0 and 1
]]></system-out>
  </testcase>
  <testcase name="testDatanodeUsageInfoContainerCount" classname="org.apache.ozone.test.NonHATests$ContainerOperations" time="0.014">
    <failure message="expected: &lt;28&gt; but was: &lt;29&gt;" type="org.opentest4j.AssertionFailedError"><![CDATA[org.opentest4j.AssertionFailedError: expected: <28> but was: <29>
	at org.apache.hadoop.hdds.scm.TestContainerOperations.testDatanodeUsageInfoContainerCount(TestContainerOperations.java:206)
	at java.base/java.lang.reflect.Method.invoke(Method.java:580)
	at java.base/java.util.ArrayList.forEach(ArrayList.java:1596)
	at java.base/java.util.ArrayList.forEach(ArrayList.java:1596)
	at java.base/java.util.ArrayList.forEach(ArrayList.java:1596)
]]></failure>
  </testcase>
  <testcase name="testListContainerExceedMaxAllowedCountOperations" classname="org.apache.ozone.test.NonHATests$ContainerOperations" time="0.032">
    <system-out><![CDATA[2025-06-20 07:32:26,010 [99a2860e-df91-46e1-81b6-0103b941ca9d-ChunkReader-3] WARN  statemachine.DatanodeConfiguration (DatanodeConfiguration.java:validateMinFreeSpace(689)) - hdds.datanode.volume.min.free.space.percent = -1.0 is invalid, should be between 0 and 1
2025-06-20 07:32:26,011 [99a2860e-df91-46e1-81b6-0103b941ca9d-ChunkReader-3] WARN  statemachine.DatanodeConfiguration (DatanodeConfiguration.java:validateMinFreeSpace(689)) - hdds.datanode.volume.min.free.space.percent = -1.0 is invalid, should be between 0 and 1
2025-06-20 07:32:26,021 [99a2860e-df91-46e1-81b6-0103b941ca9d-ChunkReader-7] WARN  statemachine.DatanodeConfiguration (DatanodeConfiguration.java:validateMinFreeSpace(689)) - hdds.datanode.volume.min.free.space.percent = -1.0 is invalid, should be between 0 and 1
2025-06-20 07:32:26,022 [99a2860e-df91-46e1-81b6-0103b941ca9d-ChunkReader-7] WARN  statemachine.DatanodeConfiguration (DatanodeConfiguration.java:validateMinFreeSpace(689)) - hdds.datanode.volume.min.free.space.percent = -1.0 is invalid, should be between 0 and 1
2025-06-20 07:32:26,026 [main] WARN  cli.ContainerOperationClient (ContainerOperationClient.java:listContainer(354)) - Attempting to list 2 containers. However, this exceeds the cluster's current limit of 1. The results will be capped at the maximum allowed count.
]]></system-out>
  </testcase>
  <testcase name="testHealthyNodesCount" classname="org.apache.ozone.test.NonHATests$ContainerOperations" time="0.001"/>
  <testcase name="testNodeOperationalStates" classname="org.apache.ozone.test.NonHATests$ContainerOperations" time="0.016">
    <system-out><![CDATA[2025-06-20 07:32:26,036 [EventQueue-HealthyReadonlyToHealthyNodeForReadOnlyHealthyToHealthyNodeHandler] INFO  node.ReadOnlyHealthyToHealthyNodeHandler (ReadOnlyHealthyToHealthyNodeHandler.java:onMessage(46)) - Datanode 99a2860e-df91-46e1-81b6-0103b941ca9d(localhost/127.0.0.1) moved to HEALTHY state.
2025-06-20 07:32:26,036 [EventQueue-HealthyReadonlyToHealthyNodeForReadOnlyHealthyToHealthyNodeHandler] INFO  pipeline.BackgroundPipelineCreator (BackgroundPipelineCreator.java:notifyEventTriggered(290)) - trigger a one-shot run on RatisPipelineUtilsThread.
2025-06-20 07:32:26,036 [RatisPipelineUtilsThread-0] INFO  pipeline.RatisPipelineProvider (RatisPipelineProvider.java:lambda$create$0(208)) - Sending CreatePipelineCommand for pipeline:Pipeline-aadf8ab2-d97e-46b6-a2fb-f0d971b2b2e6 to datanode:c071e809-fd15-4092-aeb8-7297c81492e3(localhost/127.0.0.1)
2025-06-20 07:32:26,038 [RatisPipelineUtilsThread-0] INFO  pipeline.BackgroundPipelineCreator (BackgroundPipelineCreator.java:createPipelines(246)) - Created new pipeline Pipeline{ Id: aadf8ab2-d97e-46b6-a2fb-f0d971b2b2e6, Nodes: [ {c071e809-fd15-4092-aeb8-7297c81492e3(localhost/127.0.0.1), ReplicaIndex: 0},], ReplicationConfig: RATIS/ONE, State:ALLOCATED, leaderId:, CreationTimestamp2025-06-20T07:32:26.036887923Z[Etc/UTC]}
2025-06-20 07:32:26,039 [RatisPipelineUtilsThread-0] INFO  pipeline.RatisPipelineProvider (RatisPipelineProvider.java:lambda$create$0(208)) - Sending CreatePipelineCommand for pipeline:Pipeline-32b6fa47-3d15-4266-8812-02a3e4586784 to datanode:c071e809-fd15-4092-aeb8-7297c81492e3(localhost/127.0.0.1)
2025-06-20 07:32:26,040 [RatisPipelineUtilsThread-0] INFO  pipeline.RatisPipelineProvider (RatisPipelineProvider.java:lambda$create$0(208)) - Sending CreatePipelineCommand for pipeline:Pipeline-32b6fa47-3d15-4266-8812-02a3e4586784 to datanode:289aea4c-8c7b-42cb-b940-060b66b25812(localhost/127.0.0.1)
2025-06-20 07:32:26,040 [RatisPipelineUtilsThread-0] INFO  pipeline.RatisPipelineProvider (RatisPipelineProvider.java:lambda$create$0(208)) - Sending CreatePipelineCommand for pipeline:Pipeline-32b6fa47-3d15-4266-8812-02a3e4586784 to datanode:93a3bba3-0684-42fb-9089-9f1878a4c067(localhost/127.0.0.1)
2025-06-20 07:32:26,042 [RatisPipelineUtilsThread-0] INFO  pipeline.BackgroundPipelineCreator (BackgroundPipelineCreator.java:createPipelines(246)) - Created new pipeline Pipeline{ Id: 32b6fa47-3d15-4266-8812-02a3e4586784, Nodes: [ {c071e809-fd15-4092-aeb8-7297c81492e3(localhost/127.0.0.1), ReplicaIndex: 0}, {289aea4c-8c7b-42cb-b940-060b66b25812(localhost/127.0.0.1), ReplicaIndex: 0}, {93a3bba3-0684-42fb-9089-9f1878a4c067(localhost/127.0.0.1), ReplicaIndex: 0},], ReplicationConfig: RATIS/THREE, State:ALLOCATED, leaderId:, CreationTimestamp2025-06-20T07:32:26.039532149Z[Etc/UTC]}
2025-06-20 07:32:26,042 [RatisPipelineUtilsThread-0] INFO  pipeline.RatisPipelineProvider (RatisPipelineProvider.java:lambda$create$0(208)) - Sending CreatePipelineCommand for pipeline:Pipeline-beb0b4ab-0c1d-4b16-a15c-33d93f8edd7e to datanode:289aea4c-8c7b-42cb-b940-060b66b25812(localhost/127.0.0.1)
2025-06-20 07:32:26,043 [EventQueue-HealthyReadonlyToHealthyNodeForReadOnlyHealthyToHealthyNodeHandler] INFO  node.ReadOnlyHealthyToHealthyNodeHandler (ReadOnlyHealthyToHealthyNodeHandler.java:onMessage(46)) - Datanode 99a2860e-df91-46e1-81b6-0103b941ca9d(localhost/127.0.0.1) moved to HEALTHY state.
2025-06-20 07:32:26,043 [EventQueue-HealthyReadonlyToHealthyNodeForReadOnlyHealthyToHealthyNodeHandler] INFO  pipeline.BackgroundPipelineCreator (BackgroundPipelineCreator.java:notifyEventTriggered(290)) - trigger a one-shot run on RatisPipelineUtilsThread.
2025-06-20 07:32:26,044 [RatisPipelineUtilsThread-0] INFO  pipeline.BackgroundPipelineCreator (BackgroundPipelineCreator.java:createPipelines(246)) - Created new pipeline Pipeline{ Id: beb0b4ab-0c1d-4b16-a15c-33d93f8edd7e, Nodes: [ {289aea4c-8c7b-42cb-b940-060b66b25812(localhost/127.0.0.1), ReplicaIndex: 0},], ReplicationConfig: RATIS/ONE, State:ALLOCATED, leaderId:, CreationTimestamp2025-06-20T07:32:26.042425571Z[Etc/UTC]}
2025-06-20 07:32:26,045 [RatisPipelineUtilsThread-0] INFO  pipeline.RatisPipelineProvider (RatisPipelineProvider.java:lambda$create$0(208)) - Sending CreatePipelineCommand for pipeline:Pipeline-9de32c85-a104-4807-ac40-97f7a6e2ce7a to datanode:93a3bba3-0684-42fb-9089-9f1878a4c067(localhost/127.0.0.1)
2025-06-20 07:32:26,045 [RatisPipelineUtilsThread-0] INFO  pipeline.RatisPipelineProvider (RatisPipelineProvider.java:lambda$create$0(208)) - Sending CreatePipelineCommand for pipeline:Pipeline-9de32c85-a104-4807-ac40-97f7a6e2ce7a to datanode:1232e13d-3d6d-4170-8bdd-0c469583c505(localhost/127.0.0.1)
2025-06-20 07:32:26,045 [RatisPipelineUtilsThread-0] INFO  pipeline.RatisPipelineProvider (RatisPipelineProvider.java:lambda$create$0(208)) - Sending CreatePipelineCommand for pipeline:Pipeline-9de32c85-a104-4807-ac40-97f7a6e2ce7a to datanode:99a2860e-df91-46e1-81b6-0103b941ca9d(localhost/127.0.0.1)
2025-06-20 07:32:26,045 [EventQueue-HealthyReadonlyToHealthyNodeForReadOnlyHealthyToHealthyNodeHandler] INFO  node.ReadOnlyHealthyToHealthyNodeHandler (ReadOnlyHealthyToHealthyNodeHandler.java:onMessage(46)) - Datanode 99a2860e-df91-46e1-81b6-0103b941ca9d(localhost/127.0.0.1) moved to HEALTHY state.
2025-06-20 07:32:26,046 [EventQueue-HealthyReadonlyToHealthyNodeForReadOnlyHealthyToHealthyNodeHandler] INFO  pipeline.BackgroundPipelineCreator (BackgroundPipelineCreator.java:notifyEventTriggered(290)) - trigger a one-shot run on RatisPipelineUtilsThread.
2025-06-20 07:32:26,047 [RatisPipelineUtilsThread-0] INFO  pipeline.BackgroundPipelineCreator (BackgroundPipelineCreator.java:createPipelines(246)) - Created new pipeline Pipeline{ Id: 9de32c85-a104-4807-ac40-97f7a6e2ce7a, Nodes: [ {93a3bba3-0684-42fb-9089-9f1878a4c067(localhost/127.0.0.1), ReplicaIndex: 0}, {1232e13d-3d6d-4170-8bdd-0c469583c505(localhost/127.0.0.1), ReplicaIndex: 0}, {99a2860e-df91-46e1-81b6-0103b941ca9d(localhost/127.0.0.1), ReplicaIndex: 0},], ReplicationConfig: RATIS/THREE, State:ALLOCATED, leaderId:, CreationTimestamp2025-06-20T07:32:26.045097749Z[Etc/UTC]}
2025-06-20 07:32:26,048 [EventQueue-HealthyReadonlyToHealthyNodeForReadOnlyHealthyToHealthyNodeHandler] INFO  node.ReadOnlyHealthyToHealthyNodeHandler (ReadOnlyHealthyToHealthyNodeHandler.java:onMessage(46)) - Datanode 99a2860e-df91-46e1-81b6-0103b941ca9d(localhost/127.0.0.1) moved to HEALTHY state.
2025-06-20 07:32:26,048 [EventQueue-HealthyReadonlyToHealthyNodeForReadOnlyHealthyToHealthyNodeHandler] INFO  pipeline.BackgroundPipelineCreator (BackgroundPipelineCreator.java:notifyEventTriggered(290)) - trigger a one-shot run on RatisPipelineUtilsThread.
2025-06-20 07:32:26,048 [EventQueue-HealthyReadonlyToHealthyNodeForReadOnlyHealthyToHealthyNodeHandler] INFO  node.ReadOnlyHealthyToHealthyNodeHandler (ReadOnlyHealthyToHealthyNodeHandler.java:onMessage(46)) - Datanode 99a2860e-df91-46e1-81b6-0103b941ca9d(localhost/127.0.0.1) moved to HEALTHY state.
2025-06-20 07:32:26,048 [EventQueue-HealthyReadonlyToHealthyNodeForReadOnlyHealthyToHealthyNodeHandler] INFO  pipeline.BackgroundPipelineCreator (BackgroundPipelineCreator.java:notifyEventTriggered(290)) - trigger a one-shot run on RatisPipelineUtilsThread.
2025-06-20 07:32:26,050 [EventQueue-HealthyReadonlyToHealthyNodeForReadOnlyHealthyToHealthyNodeHandler] INFO  node.ReadOnlyHealthyToHealthyNodeHandler (ReadOnlyHealthyToHealthyNodeHandler.java:onMessage(46)) - Datanode 99a2860e-df91-46e1-81b6-0103b941ca9d(localhost/127.0.0.1) moved to HEALTHY state.
2025-06-20 07:32:26,050 [EventQueue-HealthyReadonlyToHealthyNodeForReadOnlyHealthyToHealthyNodeHandler] INFO  pipeline.BackgroundPipelineCreator (BackgroundPipelineCreator.java:notifyEventTriggered(290)) - trigger a one-shot run on RatisPipelineUtilsThread.
2025-06-20 07:32:26,051 [EventQueue-HealthyReadonlyToHealthyNodeForReadOnlyHealthyToHealthyNodeHandler] INFO  node.ReadOnlyHealthyToHealthyNodeHandler (ReadOnlyHealthyToHealthyNodeHandler.java:onMessage(46)) - Datanode 99a2860e-df91-46e1-81b6-0103b941ca9d(localhost/127.0.0.1) moved to HEALTHY state.
2025-06-20 07:32:26,051 [EventQueue-HealthyReadonlyToHealthyNodeForReadOnlyHealthyToHealthyNodeHandler] INFO  pipeline.BackgroundPipelineCreator (BackgroundPipelineCreator.java:notifyEventTriggered(290)) - trigger a one-shot run on RatisPipelineUtilsThread.
]]></system-out>
  </testcase>
  <testcase name="testDatanodeUsageInfoCompatibility" classname="org.apache.ozone.test.NonHATests$ContainerOperations" time="0.004"/>
  <testcase name="testGetPipeline" classname="org.apache.ozone.test.NonHATests$ContainerOperations" time="0.014">
    <system-out><![CDATA[07:32:26.061 [IPC Server handler 30 on default port 15000] ERROR SCMAudit - user=runner | ip=127.0.0.1 | op=GET_PIPELINE {pipelineID=0ab3594a-781c-4b98-b916-6907ed12fb5b} | ret=FAILURE
org.apache.hadoop.hdds.scm.pipeline.PipelineNotFoundException: Pipeline-0ab3594a-781c-4b98-b916-6907ed12fb5b not found
	at org.apache.hadoop.hdds.scm.pipeline.PipelineStateMap.getPipeline(PipelineStateMap.java:150) ~[hdds-server-scm-2.1.0-SNAPSHOT.jar:?]
	at org.apache.hadoop.hdds.scm.pipeline.PipelineStateManagerImpl.getPipeline(PipelineStateManagerImpl.java:134) ~[hdds-server-scm-2.1.0-SNAPSHOT.jar:?]
	at java.base/jdk.internal.reflect.DirectMethodHandleAccessor.invoke(DirectMethodHandleAccessor.java:103) ~[?:?]
	at java.base/java.lang.reflect.Method.invoke(Method.java:580) ~[?:?]
	at org.apache.hadoop.hdds.scm.ha.SCMHAInvocationHandler.invokeLocal(SCMHAInvocationHandler.java:90) ~[hdds-server-scm-2.1.0-SNAPSHOT.jar:?]
	at org.apache.hadoop.hdds.scm.ha.SCMHAInvocationHandler.invoke(SCMHAInvocationHandler.java:73) ~[hdds-server-scm-2.1.0-SNAPSHOT.jar:?]
	at jdk.proxy2/jdk.proxy2.$Proxy51.getPipeline(Unknown Source) ~[?:?]
	at org.apache.hadoop.hdds.scm.pipeline.PipelineManagerImpl.getPipeline(PipelineManagerImpl.java:334) ~[hdds-server-scm-2.1.0-SNAPSHOT.jar:?]
	at org.apache.hadoop.hdds.scm.server.SCMClientProtocolServer.getPipeline(SCMClientProtocolServer.java:832) ~[hdds-server-scm-2.1.0-SNAPSHOT.jar:?]
	at org.apache.hadoop.hdds.scm.protocol.StorageContainerLocationProtocolServerSideTranslatorPB.getPipeline(StorageContainerLocationProtocolServerSideTranslatorPB.java:971) ~[hdds-server-scm-2.1.0-SNAPSHOT.jar:?]
	at org.apache.hadoop.hdds.scm.protocol.StorageContainerLocationProtocolServerSideTranslatorPB.processRequest(StorageContainerLocationProtocolServerSideTranslatorPB.java:616) ~[hdds-server-scm-2.1.0-SNAPSHOT.jar:?]
	at org.apache.hadoop.hdds.server.OzoneProtocolMessageDispatcher.processRequest(OzoneProtocolMessageDispatcher.java:87) ~[hdds-server-framework-2.1.0-SNAPSHOT.jar:?]
	at org.apache.hadoop.hdds.scm.protocol.StorageContainerLocationProtocolServerSideTranslatorPB.submitRequest(StorageContainerLocationProtocolServerSideTranslatorPB.java:234) ~[hdds-server-scm-2.1.0-SNAPSHOT.jar:?]
	at org.apache.hadoop.hdds.protocol.proto.StorageContainerLocationProtocolProtos$StorageContainerLocationProtocolService$2.callBlockingMethod(StorageContainerLocationProtocolProtos.java) ~[hdds-interface-admin-2.1.0-SNAPSHOT.jar:?]
	at org.apache.hadoop.ipc.ProtobufRpcEngine$Server.processCall(ProtobufRpcEngine.java:484) ~[hadoop-common-3.4.1.jar:?]
	at org.apache.hadoop.ipc.ProtobufRpcEngine2$Server$ProtoBufRpcInvoker.call(ProtobufRpcEngine2.java:595) ~[hadoop-common-3.4.1.jar:?]
	at org.apache.hadoop.ipc.ProtobufRpcEngine2$Server$ProtoBufRpcInvoker.call(ProtobufRpcEngine2.java:573) ~[hadoop-common-3.4.1.jar:?]
	at org.apache.hadoop.ipc.RPC$Server.call(RPC.java:1227) ~[hadoop-common-3.4.1.jar:?]
	at org.apache.hadoop.ipc.Server$RpcCall.run(Server.java:1246) ~[hadoop-common-3.4.1.jar:?]
	at org.apache.hadoop.ipc.Server$RpcCall.run(Server.java:1169) ~[hadoop-common-3.4.1.jar:?]
	at java.base/java.security.AccessController.doPrivileged(AccessController.java:714) [?:?]
	at java.base/javax.security.auth.Subject.doAs(Subject.java:525) [?:?]
	at org.apache.hadoop.security.UserGroupInformation.doAs(UserGroupInformation.java:1953) [hadoop-common-3.4.1.jar:?]
	at org.apache.hadoop.ipc.Server$Handler.run(Server.java:3198) [hadoop-common-3.4.1.jar:?]
2025-06-20 07:32:26,061 [IPC Server handler 30 on default port 15000] INFO  ipc.Server (Server.java:logException(3260)) - IPC Server handler 30 on default port 15000, call Call#3871 Retry#0 org.apache.hadoop.hdds.scm.protocol.StorageContainerLocationProtocol.submitRequest from 127.0.0.1:50172
org.apache.hadoop.hdds.scm.pipeline.PipelineNotFoundException: Pipeline-0ab3594a-781c-4b98-b916-6907ed12fb5b not found
	at org.apache.hadoop.hdds.scm.pipeline.PipelineStateMap.getPipeline(PipelineStateMap.java:150)
	at org.apache.hadoop.hdds.scm.pipeline.PipelineStateManagerImpl.getPipeline(PipelineStateManagerImpl.java:134)
	at java.base/jdk.internal.reflect.DirectMethodHandleAccessor.invoke(DirectMethodHandleAccessor.java:103)
	at java.base/java.lang.reflect.Method.invoke(Method.java:580)
	at org.apache.hadoop.hdds.scm.ha.SCMHAInvocationHandler.invokeLocal(SCMHAInvocationHandler.java:90)
	at org.apache.hadoop.hdds.scm.ha.SCMHAInvocationHandler.invoke(SCMHAInvocationHandler.java:73)
	at jdk.proxy2/jdk.proxy2.$Proxy51.getPipeline(Unknown Source)
	at org.apache.hadoop.hdds.scm.pipeline.PipelineManagerImpl.getPipeline(PipelineManagerImpl.java:334)
	at org.apache.hadoop.hdds.scm.server.SCMClientProtocolServer.getPipeline(SCMClientProtocolServer.java:832)
	at org.apache.hadoop.hdds.scm.protocol.StorageContainerLocationProtocolServerSideTranslatorPB.getPipeline(StorageContainerLocationProtocolServerSideTranslatorPB.java:971)
	at org.apache.hadoop.hdds.scm.protocol.StorageContainerLocationProtocolServerSideTranslatorPB.processRequest(StorageContainerLocationProtocolServerSideTranslatorPB.java:616)
	at org.apache.hadoop.hdds.server.OzoneProtocolMessageDispatcher.processRequest(OzoneProtocolMessageDispatcher.java:87)
	at org.apache.hadoop.hdds.scm.protocol.StorageContainerLocationProtocolServerSideTranslatorPB.submitRequest(StorageContainerLocationProtocolServerSideTranslatorPB.java:234)
	at org.apache.hadoop.hdds.protocol.proto.StorageContainerLocationProtocolProtos$StorageContainerLocationProtocolService$2.callBlockingMethod(StorageContainerLocationProtocolProtos.java)
	at org.apache.hadoop.ipc.ProtobufRpcEngine$Server.processCall(ProtobufRpcEngine.java:484)
	at org.apache.hadoop.ipc.ProtobufRpcEngine2$Server$ProtoBufRpcInvoker.call(ProtobufRpcEngine2.java:595)
	at org.apache.hadoop.ipc.ProtobufRpcEngine2$Server$ProtoBufRpcInvoker.call(ProtobufRpcEngine2.java:573)
	at org.apache.hadoop.ipc.RPC$Server.call(RPC.java:1227)
	at org.apache.hadoop.ipc.Server$RpcCall.run(Server.java:1246)
	at org.apache.hadoop.ipc.Server$RpcCall.run(Server.java:1169)
	at java.base/java.security.AccessController.doPrivileged(AccessController.java:714)
	at java.base/javax.security.auth.Subject.doAs(Subject.java:525)
	at org.apache.hadoop.security.UserGroupInformation.doAs(UserGroupInformation.java:1953)
	at org.apache.hadoop.ipc.Server$Handler.run(Server.java:3198)
]]></system-out>
  </testcase>
  <testcase name="testCreate" classname="org.apache.ozone.test.NonHATests$ContainerOperations" time="0.013">
    <system-out><![CDATA[2025-06-20 07:32:26,076 [99a2860e-df91-46e1-81b6-0103b941ca9d-ChunkReader-9] WARN  statemachine.DatanodeConfiguration (DatanodeConfiguration.java:validateMinFreeSpace(689)) - hdds.datanode.volume.min.free.space.percent = -1.0 is invalid, should be between 0 and 1
2025-06-20 07:32:26,076 [99a2860e-df91-46e1-81b6-0103b941ca9d-ChunkReader-9] WARN  statemachine.DatanodeConfiguration (DatanodeConfiguration.java:validateMinFreeSpace(689)) - hdds.datanode.volume.min.free.space.percent = -1.0 is invalid, should be between 0 and 1
]]></system-out>
  </testcase>
  <testcase name="testContainerStateMachineIdempotency" classname="org.apache.ozone.test.NonHATests$ContainerOperations" time="0.04">
    <system-out><![CDATA[2025-06-20 07:32:26,089 [99a2860e-df91-46e1-81b6-0103b941ca9d-ChunkReader-0] WARN  statemachine.DatanodeConfiguration (DatanodeConfiguration.java:validateMinFreeSpace(689)) - hdds.datanode.volume.min.free.space.percent = -1.0 is invalid, should be between 0 and 1
2025-06-20 07:32:26,090 [99a2860e-df91-46e1-81b6-0103b941ca9d-ChunkReader-0] WARN  statemachine.DatanodeConfiguration (DatanodeConfiguration.java:validateMinFreeSpace(689)) - hdds.datanode.volume.min.free.space.percent = -1.0 is invalid, should be between 0 and 1
2025-06-20 07:32:26,106 [99a2860e-df91-46e1-81b6-0103b941ca9d-ChunkReader-9] WARN  helpers.ChunkUtils (ChunkUtils.java:validateChunkForOverwrite(378)) - Duplicate write chunk request. Chunk overwrite without explicit request. ChunkInfo{chunkName='114714525440147723.data.0, offset=0, len=1873}
2025-06-20 07:32:26,117 [99a2860e-df91-46e1-81b6-0103b941ca9d-ChunkReader-9] INFO  keyvalue.KeyValueContainer (KeyValueContainer.java:flushAndSyncDB(512)) - Synced container: KeyValueContainerData #70 (CLOSING, non-empty, ri=0, origin=[dn_99a2860e-df91-46e1-81b6-0103b941ca9d, pipeline_])
2025-06-20 07:32:26,118 [99a2860e-df91-46e1-81b6-0103b941ca9d-ChunkReader-9] INFO  keyvalue.KeyValueContainer (KeyValueContainer.java:flushAndSyncDB(512)) - Synced container: KeyValueContainerData #70 (CLOSING, non-empty, ri=0, origin=[dn_99a2860e-df91-46e1-81b6-0103b941ca9d, pipeline_])
2025-06-20 07:32:26,121 [FixedThreadPoolWithAffinityExecutor-1-0] INFO  container.IncrementalContainerReportHandler (AbstractContainerReportHandler.java:updateContainerState(253)) - FINALIZE (i.e. CLOSING) Container #70 (OPEN, sid=0) r0 (CLOSING, bcsid=0, origin=99a2860e-df91-46e1-81b6-0103b941ca9d, non-empty) from dn 99a2860e-df91-46e1-81b6-0103b941ca9d(localhost/127.0.0.1)
2025-06-20 07:32:26,121 [99a2860e-df91-46e1-81b6-0103b941ca9d-ChunkReader-9] INFO  keyvalue.KeyValueContainer (KeyValueContainer.java:close(428)) - Closed container: KeyValueContainerData #70 (CLOSED, non-empty, ri=0, origin=[dn_99a2860e-df91-46e1-81b6-0103b941ca9d, pipeline_])
2025-06-20 07:32:26,125 [FixedThreadPoolWithAffinityExecutor-1-0] INFO  container.IncrementalContainerReportHandler (AbstractContainerReportHandler.java:updateContainerState(289)) - CLOSE Container #70 (CLOSING, sid=0) r0 (CLOSED, bcsid=0, origin=99a2860e-df91-46e1-81b6-0103b941ca9d, non-empty) from dn 99a2860e-df91-46e1-81b6-0103b941ca9d(localhost/127.0.0.1)
]]></system-out>
  </testcase>
</testsuite>