<?xml version="1.0" encoding="UTF-8"?>
<testsuite xmlns:xsi="http://www.w3.org/2001/XMLSchema-instance" xsi:noNamespaceSchemaLocation="https://maven.apache.org/surefire/maven-surefire-plugin/xsd/surefire-test-report.xsd" name="org.apache.hadoop.ozone.client.rpc.TestBlockOutputStreamWithFailures" time="798.56" tests="8" errors="0" skipped="0" failures="1">
  <properties>
    <property name="awt.toolkit" value="sun.awt.X11.XToolkit"/>
    <property name="file.encoding.pkg" value="sun.io"/>
    <property name="java.specification.version" value="1.8"/>
    <property name="sun.cpu.isalist" value=""/>
    <property name="sun.jnu.encoding" value="ANSI_X3.4-1968"/>
    <property name="java.class.path" value="/github/workspace/hadoop-ozone/integration-test/target/test-classes:/github/workspace/hadoop-ozone/integration-test/target/classes:/home/user/.m2/repository/org/apache/hadoop/hadoop-ozone-common/0.5.0-SNAPSHOT/hadoop-ozone-common-0.5.0-SNAPSHOT.jar:/home/user/.m2/repository/org/apache/commons/commons-compress/1.4.1/commons-compress-1.4.1.jar:/home/user/.m2/repository/org/tukaani/xz/1.0/xz-1.0.jar:/home/user/.m2/repository/org/apache/hadoop/hadoop-common/3.2.0/hadoop-common-3.2.0.jar:/home/user/.m2/repository/org/apache/hadoop/hadoop-hdfs/3.2.0/hadoop-hdfs-3.2.0.jar:/home/user/.m2/repository/org/apache/hadoop/hadoop-hdfs-client/3.2.0/hadoop-hdfs-client-3.2.0.jar:/home/user/.m2/repository/com/fasterxml/jackson/core/jackson-annotations/2.10.3/jackson-annotations-2.10.3.jar:/home/user/.m2/repository/org/apache/hadoop/hadoop-hdds-common/0.5.0-SNAPSHOT/hadoop-hdds-common-0.5.0-SNAPSHOT.jar:/home/user/.m2/repository/info/picocli/picocli/3.9.6/picocli-3.9.6.jar:/home/user/.m2/repository/javax/annotation/javax.annotation-api/1.2/javax.annotation-api-1.2.jar:/home/user/.m2/repository/org/apache/ratis/ratis-server/0.6.0-a320ae0-SNAPSHOT/ratis-server-0.6.0-a320ae0-SNAPSHOT.jar:/home/user/.m2/repository/org/apache/ratis/ratis-thirdparty-misc/0.3.0/ratis-thirdparty-misc-0.3.0.jar:/home/user/.m2/repository/org/apache/ratis/ratis-proto/0.6.0-a320ae0-SNAPSHOT/ratis-proto-0.6.0-a320ae0-SNAPSHOT.jar:/home/user/.m2/repository/org/apache/ratis/ratis-common/0.6.0-a320ae0-SNAPSHOT/ratis-common-0.6.0-a320ae0-SNAPSHOT.jar:/home/user/.m2/repository/org/apache/ratis/ratis-client/0.6.0-a320ae0-SNAPSHOT/ratis-client-0.6.0-a320ae0-SNAPSHOT.jar:/home/user/.m2/repository/org/apache/ratis/ratis-metrics/0.6.0-a320ae0-SNAPSHOT/ratis-metrics-0.6.0-a320ae0-SNAPSHOT.jar:/home/user/.m2/repository/org/apache/ratis/ratis-netty/0.6.0-a320ae0-SNAPSHOT/ratis-netty-0.6.0-a320ae0-SNAPSHOT.jar:/home/user/.m2/repository/org/apache/ratis/ratis-grpc/0.6.0-a320ae0-SNAPSHOT/ratis-grpc-0.6.0-a320ae0-SNAPSHOT.jar:/home/user/.m2/repository/org/rocksdb/rocksdbjni/6.6.4/rocksdbjni-6.6.4.jar:/home/user/.m2/repository/org/apache/logging/log4j/log4j-api/2.11.0/log4j-api-2.11.0.jar:/home/user/.m2/repository/org/apache/logging/log4j/log4j-core/2.11.0/log4j-core-2.11.0.jar:/home/user/.m2/repository/com/lmax/disruptor/3.4.2/disruptor-3.4.2.jar:/home/user/.m2/repository/org/apache/commons/commons-pool2/2.6.0/commons-pool2-2.6.0.jar:/home/user/.m2/repository/org/bouncycastle/bcpkix-jdk15on/1.60/bcpkix-jdk15on-1.60.jar:/home/user/.m2/repository/commons-validator/commons-validator/1.6/commons-validator-1.6.jar:/home/user/.m2/repository/commons-digester/commons-digester/1.8.1/commons-digester-1.8.1.jar:/home/user/.m2/repository/io/jaegertracing/jaeger-client/0.34.0/jaeger-client-0.34.0.jar:/home/user/.m2/repository/io/jaegertracing/jaeger-thrift/0.34.0/jaeger-thrift-0.34.0.jar:/home/user/.m2/repository/org/apache/thrift/libthrift/0.12.0/libthrift-0.12.0.jar:/home/user/.m2/repository/com/squareup/okhttp3/okhttp/3.9.0/okhttp-3.9.0.jar:/home/user/.m2/repository/com/squareup/okio/okio/1.13.0/okio-1.13.0.jar:/home/user/.m2/repository/io/jaegertracing/jaeger-core/0.34.0/jaeger-core-0.34.0.jar:/home/user/.m2/repository/io/jaegertracing/jaeger-tracerresolver/0.34.0/jaeger-tracerresolver-0.34.0.jar:/home/user/.m2/repository/io/opentracing/contrib/opentracing-tracerresolver/0.1.5/opentracing-tracerresolver-0.1.5.jar:/home/user/.m2/repository/io/opentracing/opentracing-util/0.31.0/opentracing-util-0.31.0.jar:/home/user/.m2/repository/io/opentracing/opentracing-api/0.31.0/opentracing-api-0.31.0.jar:/home/user/.m2/repository/io/opentracing/opentracing-noop/0.31.0/opentracing-noop-0.31.0.jar:/home/user/.m2/repository/com/fasterxml/jackson/datatype/jackson-datatype-jsr310/2.10.3/jackson-datatype-jsr310-2.10.3.jar:/home/user/.m2/repository/org/apache/hadoop/hadoop-hdds-client/0.5.0-SNAPSHOT/hadoop-hdds-client-0.5.0-SNAPSHOT.jar:/home/user/.m2/repository/org/apache/hadoop/hadoop-hdds-tools/0.5.0-SNAPSHOT/hadoop-hdds-tools-0.5.0-SNAPSHOT.jar:/home/user/.m2/repository/org/apache/ratis/ratis-tools/0.6.0-a320ae0-SNAPSHOT/ratis-tools-0.6.0-a320ae0-SNAPSHOT.jar:/home/user/.m2/repository/org/apache/hadoop/hadoop-hdds-server-scm/0.5.0-SNAPSHOT/hadoop-hdds-server-scm-0.5.0-SNAPSHOT.jar:/home/user/.m2/repository/org/apache/hadoop/hadoop-hdds-container-service/0.5.0-SNAPSHOT/hadoop-hdds-container-service-0.5.0-SNAPSHOT.jar:/home/user/.m2/repository/org/apache/hadoop/hadoop-hdds-server-framework/0.5.0-SNAPSHOT/hadoop-hdds-server-framework-0.5.0-SNAPSHOT.jar:/home/user/.m2/repository/io/prometheus/simpleclient_dropwizard/0.7.0/simpleclient_dropwizard-0.7.0.jar:/home/user/.m2/repository/io/prometheus/simpleclient/0.7.0/simpleclient-0.7.0.jar:/home/user/.m2/repository/io/prometheus/simpleclient_common/0.7.0/simpleclient_common-0.7.0.jar:/home/user/.m2/repository/org/apache/hadoop/hadoop-hdds-docs/0.5.0-SNAPSHOT/hadoop-hdds-docs-0.5.0-SNAPSHOT.jar:/home/user/.m2/repository/io/dropwizard/metrics/metrics-core/3.2.4/metrics-core-3.2.4.jar:/home/user/.m2/repository/org/bouncycastle/bcprov-jdk15on/1.60/bcprov-jdk15on-1.60.jar:/home/user/.m2/repository/org/apache/hadoop/hadoop-ozone-ozone-manager/0.5.0-SNAPSHOT/hadoop-ozone-ozone-manager-0.5.0-SNAPSHOT.jar:/home/user/.m2/repository/org/apache/hadoop/hadoop-minikdc/3.2.0/hadoop-minikdc-3.2.0.jar:/home/user/.m2/repository/commons-io/commons-io/2.5/commons-io-2.5.jar:/home/user/.m2/repository/org/apache/kerby/kerb-simplekdc/1.0.1/kerb-simplekdc-1.0.1.jar:/home/user/.m2/repository/org/apache/kerby/kerb-client/1.0.1/kerb-client-1.0.1.jar:/home/user/.m2/repository/org/apache/kerby/kerby-config/1.0.1/kerby-config-1.0.1.jar:/home/user/.m2/repository/org/apache/kerby/kerb-core/1.0.1/kerb-core-1.0.1.jar:/home/user/.m2/repository/org/apache/kerby/kerby-pkix/1.0.1/kerby-pkix-1.0.1.jar:/home/user/.m2/repository/org/apache/kerby/kerby-asn1/1.0.1/kerby-asn1-1.0.1.jar:/home/user/.m2/repository/org/apache/kerby/kerby-util/1.0.1/kerby-util-1.0.1.jar:/home/user/.m2/repository/org/apache/kerby/kerb-common/1.0.1/kerb-common-1.0.1.jar:/home/user/.m2/repository/org/apache/kerby/kerb-crypto/1.0.1/kerb-crypto-1.0.1.jar:/home/user/.m2/repository/org/apache/kerby/kerb-util/1.0.1/kerb-util-1.0.1.jar:/home/user/.m2/repository/org/apache/kerby/token-provider/1.0.1/token-provider-1.0.1.jar:/home/user/.m2/repository/org/apache/kerby/kerb-admin/1.0.1/kerb-admin-1.0.1.jar:/home/user/.m2/repository/org/apache/kerby/kerb-server/1.0.1/kerb-server-1.0.1.jar:/home/user/.m2/repository/org/apache/kerby/kerb-identity/1.0.1/kerb-identity-1.0.1.jar:/home/user/.m2/repository/org/apache/kerby/kerby-xdr/1.0.1/kerby-xdr-1.0.1.jar:/home/user/.m2/repository/org/slf4j/slf4j-log4j12/1.7.25/slf4j-log4j12-1.7.25.jar:/home/user/.m2/repository/org/apache/hadoop/hadoop-ozone-s3gateway/0.5.0-SNAPSHOT/hadoop-ozone-s3gateway-0.5.0-SNAPSHOT.jar:/home/user/.m2/repository/org/jboss/weld/servlet/weld-servlet/2.4.7.Final/weld-servlet-2.4.7.Final.jar:/home/user/.m2/repository/org/glassfish/jersey/containers/jersey-container-servlet-core/2.27/jersey-container-servlet-core-2.27.jar:/home/user/.m2/repository/org/glassfish/hk2/external/javax.inject/2.5.0-b42/javax.inject-2.5.0-b42.jar:/home/user/.m2/repository/org/glassfish/jersey/core/jersey-common/2.27/jersey-common-2.27.jar:/home/user/.m2/repository/org/glassfish/hk2/osgi-resource-locator/1.0.1/osgi-resource-locator-1.0.1.jar:/home/user/.m2/repository/javax/ws/rs/javax.ws.rs-api/2.1/javax.ws.rs-api-2.1.jar:/home/user/.m2/repository/org/glassfish/jersey/ext/cdi/jersey-cdi1x/2.27/jersey-cdi1x-2.27.jar:/home/user/.m2/repository/org/glassfish/jersey/inject/jersey-hk2/2.27/jersey-hk2-2.27.jar:/home/user/.m2/repository/org/glassfish/hk2/hk2-locator/2.5.0-b42/hk2-locator-2.5.0-b42.jar:/home/user/.m2/repository/org/javassist/javassist/3.22.0-CR2/javassist-3.22.0-CR2.jar:/home/user/.m2/repository/org/glassfish/hk2/hk2-api/2.5.0/hk2-api-2.5.0.jar:/home/user/.m2/repository/org/glassfish/hk2/external/jakarta.inject/2.5.0/jakarta.inject-2.5.0.jar:/home/user/.m2/repository/org/glassfish/hk2/hk2-utils/2.5.0/hk2-utils-2.5.0.jar:/home/user/.m2/repository/jakarta/annotation/jakarta.annotation-api/1.3.4/jakarta.annotation-api-1.3.4.jar:/home/user/.m2/repository/org/glassfish/hk2/external/aopalliance-repackaged/2.5.0/aopalliance-repackaged-2.5.0.jar:/home/user/.m2/repository/com/fasterxml/jackson/dataformat/jackson-dataformat-xml/2.9.0/jackson-dataformat-xml-2.9.0.jar:/home/user/.m2/repository/com/fasterxml/jackson/core/jackson-core/2.10.3/jackson-core-2.10.3.jar:/home/user/.m2/repository/com/fasterxml/jackson/module/jackson-module-jaxb-annotations/2.10.3/jackson-module-jaxb-annotations-2.10.3.jar:/home/user/.m2/repository/jakarta/xml/bind/jakarta.xml.bind-api/2.3.2/jakarta.xml.bind-api-2.3.2.jar:/home/user/.m2/repository/jakarta/activation/jakarta.activation-api/1.2.1/jakarta.activation-api-1.2.1.jar:/home/user/.m2/repository/javax/enterprise/cdi-api/1.2/cdi-api-1.2.jar:/home/user/.m2/repository/javax/el/javax.el-api/3.0.0/javax.el-api-3.0.0.jar:/home/user/.m2/repository/javax/interceptor/javax.interceptor-api/1.2/javax.interceptor-api-1.2.jar:/home/user/.m2/repository/javax/inject/javax.inject/1/javax.inject-1.jar:/home/user/.m2/repository/com/sun/xml/bind/jaxb-impl/2.3.0.1/jaxb-impl-2.3.0.1.jar:/home/user/.m2/repository/com/sun/xml/bind/jaxb-core/2.3.0.1/jaxb-core-2.3.0.1.jar:/home/user/.m2/repository/javax/xml/bind/jaxb-api/2.3.0/jaxb-api-2.3.0.jar:/home/user/.m2/repository/javax/activation/activation/1.1.1/activation-1.1.1.jar:/home/user/.m2/repository/org/apache/hadoop/hadoop-ozone-csi/0.5.0-SNAPSHOT/hadoop-ozone-csi-0.5.0-SNAPSHOT.jar:/home/user/.m2/repository/com/google/protobuf/protobuf-java-util/3.5.1/protobuf-java-util-3.5.1.jar:/home/user/.m2/repository/org/apache/hadoop/hadoop-hdds-config/0.5.0-SNAPSHOT/hadoop-hdds-config-0.5.0-SNAPSHOT.jar:/home/user/.m2/repository/com/google/guava/guava/28.2-jre/guava-28.2-jre.jar:/home/user/.m2/repository/com/google/guava/failureaccess/1.0.1/failureaccess-1.0.1.jar:/home/user/.m2/repository/com/google/guava/listenablefuture/9999.0-empty-to-avoid-conflict-with-guava/listenablefuture-9999.0-empty-to-avoid-conflict-with-guava.jar:/home/user/.m2/repository/org/checkerframework/checker-qual/2.10.0/checker-qual-2.10.0.jar:/home/user/.m2/repository/com/google/errorprone/error_prone_annotations/2.3.4/error_prone_annotations-2.3.4.jar:/home/user/.m2/repository/com/google/j2objc/j2objc-annotations/1.3/j2objc-annotations-1.3.jar:/home/user/.m2/repository/com/google/protobuf/protobuf-java/2.5.0/protobuf-java-2.5.0.jar:/home/user/.m2/repository/io/grpc/grpc-netty/1.17.1/grpc-netty-1.17.1.jar:/home/user/.m2/repository/io/grpc/grpc-core/1.17.1/grpc-core-1.17.1.jar:/home/user/.m2/repository/io/grpc/grpc-context/1.17.1/grpc-context-1.17.1.jar:/home/user/.m2/repository/org/codehaus/mojo/animal-sniffer-annotations/1.17/animal-sniffer-annotations-1.17.jar:/home/user/.m2/repository/io/opencensus/opencensus-api/0.17.0/opencensus-api-0.17.0.jar:/home/user/.m2/repository/io/opencensus/opencensus-contrib-grpc-metrics/0.17.0/opencensus-contrib-grpc-metrics-0.17.0.jar:/home/user/.m2/repository/io/netty/netty-codec-http2/4.1.30.Final/netty-codec-http2-4.1.30.Final.jar:/home/user/.m2/repository/io/netty/netty-codec-http/4.1.30.Final/netty-codec-http-4.1.30.Final.jar:/home/user/.m2/repository/io/netty/netty-codec/4.1.30.Final/netty-codec-4.1.30.Final.jar:/home/user/.m2/repository/io/netty/netty-handler/4.1.30.Final/netty-handler-4.1.30.Final.jar:/home/user/.m2/repository/io/netty/netty-handler-proxy/4.1.30.Final/netty-handler-proxy-4.1.30.Final.jar:/home/user/.m2/repository/io/netty/netty-codec-socks/4.1.30.Final/netty-codec-socks-4.1.30.Final.jar:/home/user/.m2/repository/io/netty/netty-transport-native-epoll/4.1.30.Final/netty-transport-native-epoll-4.1.30.Final.jar:/home/user/.m2/repository/io/netty/netty-common/4.1.30.Final/netty-common-4.1.30.Final.jar:/home/user/.m2/repository/io/netty/netty-buffer/4.1.30.Final/netty-buffer-4.1.30.Final.jar:/home/user/.m2/repository/io/netty/netty-transport/4.1.30.Final/netty-transport-4.1.30.Final.jar:/home/user/.m2/repository/io/netty/netty-resolver/4.1.30.Final/netty-resolver-4.1.30.Final.jar:/home/user/.m2/repository/io/netty/netty-transport-native-unix-common/4.1.30.Final/netty-transport-native-unix-common-4.1.30.Final.jar:/home/user/.m2/repository/io/grpc/grpc-protobuf/1.17.1/grpc-protobuf-1.17.1.jar:/home/user/.m2/repository/com/google/api/grpc/proto-google-common-protos/1.0.0/proto-google-common-protos-1.0.0.jar:/home/user/.m2/repository/io/grpc/grpc-protobuf-lite/1.17.1/grpc-protobuf-lite-1.17.1.jar:/home/user/.m2/repository/io/grpc/grpc-stub/1.17.1/grpc-stub-1.17.1.jar:/home/user/.m2/repository/org/apache/hadoop/hadoop-ozone-recon/0.5.0-SNAPSHOT/hadoop-ozone-recon-0.5.0-SNAPSHOT.jar:/home/user/.m2/repository/org/apache/hadoop/hadoop-ozone-reconcodegen/0.5.0-SNAPSHOT/hadoop-ozone-reconcodegen-0.5.0-SNAPSHOT.jar:/home/user/.m2/repository/com/google/inject/extensions/guice-multibindings/4.0/guice-multibindings-4.0.jar:/home/user/.m2/repository/com/google/inject/guice/4.0/guice-4.0.jar:/home/user/.m2/repository/aopalliance/aopalliance/1.0/aopalliance-1.0.jar:/home/user/.m2/repository/com/google/inject/extensions/guice-servlet/4.0/guice-servlet-4.0.jar:/home/user/.m2/repository/org/glassfish/jersey/containers/jersey-container-servlet/2.27/jersey-container-servlet-2.27.jar:/home/user/.m2/repository/org/glassfish/hk2/guice-bridge/2.5.0/guice-bridge-2.5.0.jar:/home/user/.m2/repository/org/glassfish/jersey/core/jersey-server/2.27/jersey-server-2.27.jar:/home/user/.m2/repository/org/glassfish/jersey/core/jersey-client/2.27/jersey-client-2.27.jar:/home/user/.m2/repository/org/glassfish/jersey/media/jersey-media-jaxb/2.27/jersey-media-jaxb-2.27.jar:/home/user/.m2/repository/javax/validation/validation-api/1.1.0.Final/validation-api-1.1.0.Final.jar:/home/user/.m2/repository/org/glassfish/jersey/media/jersey-media-json-jackson/2.27/jersey-media-json-jackson-2.27.jar:/home/user/.m2/repository/org/glassfish/jersey/ext/jersey-entity-filtering/2.27/jersey-entity-filtering-2.27.jar:/home/user/.m2/repository/com/google/inject/extensions/guice-assistedinject/4.0/guice-assistedinject-4.0.jar:/home/user/.m2/repository/org/jooq/jooq/3.11.10/jooq-3.11.10.jar:/home/user/.m2/repository/org/jooq/jooq-meta/3.11.10/jooq-meta-3.11.10.jar:/home/user/.m2/repository/org/jooq/jooq-codegen/3.11.10/jooq-codegen-3.11.10.jar:/home/user/.m2/repository/com/jolbox/bonecp/0.8.0.RELEASE/bonecp-0.8.0.RELEASE.jar:/home/user/.m2/repository/org/xerial/sqlite-jdbc/3.25.2/sqlite-jdbc-3.25.2.jar:/home/user/.m2/repository/org/springframework/spring-jdbc/5.1.3.RELEASE/spring-jdbc-5.1.3.RELEASE.jar:/home/user/.m2/repository/org/springframework/spring-beans/5.1.3.RELEASE/spring-beans-5.1.3.RELEASE.jar:/home/user/.m2/repository/org/springframework/spring-core/5.1.3.RELEASE/spring-core-5.1.3.RELEASE.jar:/home/user/.m2/repository/org/springframework/spring-jcl/5.1.3.RELEASE/spring-jcl-5.1.3.RELEASE.jar:/home/user/.m2/repository/org/springframework/spring-tx/5.1.3.RELEASE/spring-tx-5.1.3.RELEASE.jar:/home/user/.m2/repository/org/apache/hadoop/hadoop-ozone-client/0.5.0-SNAPSHOT/hadoop-ozone-client-0.5.0-SNAPSHOT.jar:/home/user/.m2/repository/org/apache/hadoop/hadoop-ozone-filesystem/0.5.0-SNAPSHOT/hadoop-ozone-filesystem-0.5.0-SNAPSHOT.jar:/home/user/.m2/repository/org/apache/httpcomponents/httpclient/4.5.2/httpclient-4.5.2.jar:/home/user/.m2/repository/org/apache/httpcomponents/httpcore/4.4.4/httpcore-4.4.4.jar:/home/user/.m2/repository/org/apache/hadoop/hadoop-ozone-tools/0.5.0-SNAPSHOT/hadoop-ozone-tools-0.5.0-SNAPSHOT.jar:/home/user/.m2/repository/com/amazonaws/aws-java-sdk-s3/1.11.615/aws-java-sdk-s3-1.11.615.jar:/home/user/.m2/repository/com/amazonaws/aws-java-sdk-kms/1.11.615/aws-java-sdk-kms-1.11.615.jar:/home/user/.m2/repository/com/amazonaws/aws-java-sdk-core/1.11.615/aws-java-sdk-core-1.11.615.jar:/home/user/.m2/repository/software/amazon/ion/ion-java/1.0.2/ion-java-1.0.2.jar:/home/user/.m2/repository/com/fasterxml/jackson/dataformat/jackson-dataformat-cbor/2.10.3/jackson-dataformat-cbor-2.10.3.jar:/home/user/.m2/repository/joda-time/joda-time/2.9.9/joda-time-2.9.9.jar:/home/user/.m2/repository/com/amazonaws/jmespath-java/1.11.615/jmespath-java-1.11.615.jar:/home/user/.m2/repository/commons-lang/commons-lang/2.6/commons-lang-2.6.jar:/home/user/.m2/repository/org/apache/hadoop/hadoop-ozone-ozone-manager/0.5.0-SNAPSHOT/hadoop-ozone-ozone-manager-0.5.0-SNAPSHOT-tests.jar:/home/user/.m2/repository/junit/junit/4.11/junit-4.11.jar:/home/user/.m2/repository/org/hamcrest/hamcrest-core/1.3/hamcrest-core-1.3.jar:/home/user/.m2/repository/org/openjdk/jmh/jmh-core/1.19/jmh-core-1.19.jar:/home/user/.m2/repository/net/sf/jopt-simple/jopt-simple/4.6/jopt-simple-4.6.jar:/home/user/.m2/repository/org/apache/commons/commons-math3/3.1.1/commons-math3-3.1.1.jar:/home/user/.m2/repository/org/openjdk/jmh/jmh-generator-annprocess/1.19/jmh-generator-annprocess-1.19.jar:/home/user/.m2/repository/org/mockito/mockito-all/1.8.5/mockito-all-1.8.5.jar:/home/user/.m2/repository/org/apache/hadoop/hadoop-kms/3.2.0/hadoop-kms-3.2.0.jar:/home/user/.m2/repository/org/apache/hadoop/hadoop-auth/3.2.0/hadoop-auth-3.2.0.jar:/home/user/.m2/repository/com/nimbusds/nimbus-jose-jwt/7.9/nimbus-jose-jwt-7.9.jar:/home/user/.m2/repository/com/github/stephenc/jcip/jcip-annotations/1.0-1/jcip-annotations-1.0-1.jar:/home/user/.m2/repository/net/minidev/json-smart/2.3/json-smart-2.3.jar:/home/user/.m2/repository/net/minidev/accessors-smart/1.2/accessors-smart-1.2.jar:/home/user/.m2/repository/org/ow2/asm/asm/5.0.4/asm-5.0.4.jar:/home/user/.m2/repository/org/apache/curator/curator-framework/2.12.0/curator-framework-2.12.0.jar:/home/user/.m2/repository/com/sun/jersey/jersey-core/1.19/jersey-core-1.19.jar:/home/user/.m2/repository/javax/ws/rs/jsr311-api/1.1.1/jsr311-api-1.1.1.jar:/home/user/.m2/repository/com/sun/jersey/jersey-server/1.19/jersey-server-1.19.jar:/home/user/.m2/repository/javax/servlet/javax.servlet-api/3.1.0/javax.servlet-api-3.1.0.jar:/home/user/.m2/repository/org/eclipse/jetty/jetty-server/9.4.26.v20200117/jetty-server-9.4.26.v20200117.jar:/home/user/.m2/repository/org/eclipse/jetty/jetty-http/9.4.26.v20200117/jetty-http-9.4.26.v20200117.jar:/home/user/.m2/repository/org/eclipse/jetty/jetty-io/9.4.26.v20200117/jetty-io-9.4.26.v20200117.jar:/home/user/.m2/repository/org/eclipse/jetty/jetty-webapp/9.4.26.v20200117/jetty-webapp-9.4.26.v20200117.jar:/home/user/.m2/repository/org/eclipse/jetty/jetty-xml/9.4.26.v20200117/jetty-xml-9.4.26.v20200117.jar:/home/user/.m2/repository/log4j/log4j/1.2.17/log4j-1.2.17.jar:/home/user/.m2/repository/org/slf4j/slf4j-api/1.7.25/slf4j-api-1.7.25.jar:/home/user/.m2/repository/org/slf4j/jul-to-slf4j/1.7.25/jul-to-slf4j-1.7.25.jar:/home/user/.m2/repository/org/eclipse/jetty/jetty-util/9.4.26.v20200117/jetty-util-9.4.26.v20200117.jar:/home/user/.m2/repository/com/fasterxml/jackson/core/jackson-databind/2.10.3/jackson-databind-2.10.3.jar:/home/user/.m2/repository/org/apache/hadoop/hadoop-kms/3.2.0/hadoop-kms-3.2.0-tests.jar:/home/user/.m2/repository/org/apache/hadoop/hadoop-hdds-server-scm/0.5.0-SNAPSHOT/hadoop-hdds-server-scm-0.5.0-SNAPSHOT-tests.jar:/home/user/.m2/repository/org/apache/hadoop/hadoop-hdds-container-service/0.5.0-SNAPSHOT/hadoop-hdds-container-service-0.5.0-SNAPSHOT-tests.jar:/home/user/.m2/repository/org/apache/hadoop/hadoop-hdds-common/0.5.0-SNAPSHOT/hadoop-hdds-common-0.5.0-SNAPSHOT-tests.jar:/home/user/.m2/repository/org/yaml/snakeyaml/1.16/snakeyaml-1.16.jar:/home/user/.m2/repository/org/apache/hadoop/hadoop-common/3.2.0/hadoop-common-3.2.0-tests.jar:/home/user/.m2/repository/org/apache/hadoop/hadoop-annotations/3.2.0/hadoop-annotations-3.2.0.jar:/usr/lib/jvm/java-1.8.0-openjdk-1.8.0.232.b09-0.el7_7.x86_64/jre/../lib/tools.jar:/home/user/.m2/repository/commons-cli/commons-cli/1.2/commons-cli-1.2.jar:/home/user/.m2/repository/commons-codec/commons-codec/1.11/commons-codec-1.11.jar:/home/user/.m2/repository/commons-net/commons-net/3.6/commons-net-3.6.jar:/home/user/.m2/repository/commons-collections/commons-collections/3.2.2/commons-collections-3.2.2.jar:/home/user/.m2/repository/org/eclipse/jetty/jetty-servlet/9.4.26.v20200117/jetty-servlet-9.4.26.v20200117.jar:/home/user/.m2/repository/org/eclipse/jetty/jetty-security/9.4.26.v20200117/jetty-security-9.4.26.v20200117.jar:/home/user/.m2/repository/javax/servlet/jsp/jsp-api/2.1/jsp-api-2.1.jar:/home/user/.m2/repository/com/sun/jersey/jersey-servlet/1.19/jersey-servlet-1.19.jar:/home/user/.m2/repository/com/sun/jersey/jersey-json/1.19/jersey-json-1.19.jar:/home/user/.m2/repository/org/codehaus/jettison/jettison/1.1/jettison-1.1.jar:/home/user/.m2/repository/org/codehaus/jackson/jackson-core-asl/1.9.13/jackson-core-asl-1.9.13.jar:/home/user/.m2/repository/org/codehaus/jackson/jackson-mapper-asl/1.9.13/jackson-mapper-asl-1.9.13.jar:/home/user/.m2/repository/org/codehaus/jackson/jackson-jaxrs/1.9.13/jackson-jaxrs-1.9.13.jar:/home/user/.m2/repository/org/codehaus/jackson/jackson-xc/1.9.13/jackson-xc-1.9.13.jar:/home/user/.m2/repository/commons-logging/commons-logging/1.1.3/commons-logging-1.1.3.jar:/home/user/.m2/repository/commons-beanutils/commons-beanutils/1.9.4/commons-beanutils-1.9.4.jar:/home/user/.m2/repository/org/apache/commons/commons-configuration2/2.1.1/commons-configuration2-2.1.1.jar:/home/user/.m2/repository/org/apache/commons/commons-lang3/3.7/commons-lang3-3.7.jar:/home/user/.m2/repository/org/apache/commons/commons-text/1.4/commons-text-1.4.jar:/home/user/.m2/repository/org/apache/avro/avro/1.7.7/avro-1.7.7.jar:/home/user/.m2/repository/com/thoughtworks/paranamer/paranamer/2.3/paranamer-2.3.jar:/home/user/.m2/repository/org/xerial/snappy/snappy-java/1.0.5/snappy-java-1.0.5.jar:/home/user/.m2/repository/com/google/re2j/re2j/1.1/re2j-1.1.jar:/home/user/.m2/repository/com/google/code/gson/gson/2.2.4/gson-2.2.4.jar:/home/user/.m2/repository/com/jcraft/jsch/0.1.54/jsch-0.1.54.jar:/home/user/.m2/repository/org/apache/curator/curator-client/2.12.0/curator-client-2.12.0.jar:/home/user/.m2/repository/org/apache/curator/curator-recipes/2.12.0/curator-recipes-2.12.0.jar:/home/user/.m2/repository/com/google/code/findbugs/jsr305/3.0.0/jsr305-3.0.0.jar:/home/user/.m2/repository/org/apache/htrace/htrace-core4/4.1.0-incubating/htrace-core4-4.1.0-incubating.jar:/home/user/.m2/repository/org/apache/zookeeper/zookeeper/3.4.13/zookeeper-3.4.13.jar:/home/user/.m2/repository/jline/jline/0.9.94/jline-0.9.94.jar:/home/user/.m2/repository/org/apache/yetus/audience-annotations/0.5.0/audience-annotations-0.5.0.jar:/home/user/.m2/repository/org/codehaus/woodstox/stax2-api/3.1.4/stax2-api-3.1.4.jar:/home/user/.m2/repository/com/fasterxml/woodstox/woodstox-core/5.0.3/woodstox-core-5.0.3.jar:/home/user/.m2/repository/dnsjava/dnsjava/2.1.7/dnsjava-2.1.7.jar:/home/user/.m2/repository/org/apache/hadoop/hadoop-hdfs/3.2.0/hadoop-hdfs-3.2.0-tests.jar:/home/user/.m2/repository/org/eclipse/jetty/jetty-util-ajax/9.4.26.v20200117/jetty-util-ajax-9.4.26.v20200117.jar:/home/user/.m2/repository/commons-daemon/commons-daemon/1.0.13/commons-daemon-1.0.13.jar:/home/user/.m2/repository/io/netty/netty/3.10.5.Final/netty-3.10.5.Final.jar:/home/user/.m2/repository/io/netty/netty-all/4.1.47.Final/netty-all-4.1.47.Final.jar:/home/user/.m2/repository/org/fusesource/leveldbjni/leveldbjni-all/1.8/leveldbjni-all-1.8.jar:/home/user/.m2/repository/org/apache/hadoop/hadoop-distcp/3.2.0/hadoop-distcp-3.2.0.jar:/home/user/.m2/repository/org/apache/hadoop/hadoop-mapreduce-client-jobclient/3.2.0/hadoop-mapreduce-client-jobclient-3.2.0.jar:/home/user/.m2/repository/org/apache/hadoop/hadoop-mapreduce-client-common/3.2.0/hadoop-mapreduce-client-common-3.2.0.jar:/home/user/.m2/repository/org/apache/hadoop/hadoop-yarn-common/3.2.0/hadoop-yarn-common-3.2.0.jar:/home/user/.m2/repository/org/apache/hadoop/hadoop-yarn-api/3.2.0/hadoop-yarn-api-3.2.0.jar:/home/user/.m2/repository/com/sun/jersey/jersey-client/1.19/jersey-client-1.19.jar:/home/user/.m2/repository/com/sun/jersey/contribs/jersey-guice/1.19/jersey-guice-1.19.jar:/home/user/.m2/repository/com/fasterxml/jackson/jaxrs/jackson-jaxrs-json-provider/2.10.3/jackson-jaxrs-json-provider-2.10.3.jar:/home/user/.m2/repository/com/fasterxml/jackson/jaxrs/jackson-jaxrs-base/2.10.3/jackson-jaxrs-base-2.10.3.jar:/home/user/.m2/repository/org/apache/hadoop/hadoop-yarn-client/3.2.0/hadoop-yarn-client-3.2.0.jar:/home/user/.m2/repository/org/apache/hadoop/hadoop-mapreduce-client-core/3.2.0/hadoop-mapreduce-client-core-3.2.0.jar:/home/user/.m2/repository/org/apache/hadoop/hadoop-distcp/3.2.0/hadoop-distcp-3.2.0-tests.jar:"/>
    <property name="java.vm.vendor" value="Oracle Corporation"/>
    <property name="sun.arch.data.model" value="64"/>
    <property name="test.build.dir" value="/github/workspace/hadoop-ozone/integration-test/target/test-dir"/>
    <property name="test.cache.data" value=""/>
    <property name="java.vendor.url" value="http://java.oracle.com/"/>
    <property name="user.timezone" value=""/>
    <property name="java.vm.specification.version" value="1.8"/>
    <property name="os.name" value="Linux"/>
    <property name="test.build.data" value="/github/workspace/hadoop-ozone/integration-test/target/test-dir"/>
    <property name="user.country" value="US"/>
    <property name="sun.java.launcher" value="SUN_STANDARD"/>
    <property name="sun.boot.library.path" value="/usr/lib/jvm/java-1.8.0-openjdk-1.8.0.232.b09-0.el7_7.x86_64/jre/lib/amd64"/>
    <property name="sun.java.command" value="/github/workspace/hadoop-ozone/integration-test/target/surefire/surefirebooter1514928111819584787.jar /github/workspace/hadoop-ozone/integration-test/target/surefire 2020-03-27T07-53-16_456-jvmRun1 surefire5505224286470991788tmp surefire_92621912910057145271tmp"/>
    <property name="surefire.test.class.path" value="/github/workspace/hadoop-ozone/integration-test/target/test-classes:/github/workspace/hadoop-ozone/integration-test/target/classes:/home/user/.m2/repository/org/apache/hadoop/hadoop-ozone-common/0.5.0-SNAPSHOT/hadoop-ozone-common-0.5.0-SNAPSHOT.jar:/home/user/.m2/repository/org/apache/commons/commons-compress/1.4.1/commons-compress-1.4.1.jar:/home/user/.m2/repository/org/tukaani/xz/1.0/xz-1.0.jar:/home/user/.m2/repository/org/apache/hadoop/hadoop-common/3.2.0/hadoop-common-3.2.0.jar:/home/user/.m2/repository/org/apache/hadoop/hadoop-hdfs/3.2.0/hadoop-hdfs-3.2.0.jar:/home/user/.m2/repository/org/apache/hadoop/hadoop-hdfs-client/3.2.0/hadoop-hdfs-client-3.2.0.jar:/home/user/.m2/repository/com/fasterxml/jackson/core/jackson-annotations/2.10.3/jackson-annotations-2.10.3.jar:/home/user/.m2/repository/org/apache/hadoop/hadoop-hdds-common/0.5.0-SNAPSHOT/hadoop-hdds-common-0.5.0-SNAPSHOT.jar:/home/user/.m2/repository/info/picocli/picocli/3.9.6/picocli-3.9.6.jar:/home/user/.m2/repository/javax/annotation/javax.annotation-api/1.2/javax.annotation-api-1.2.jar:/home/user/.m2/repository/org/apache/ratis/ratis-server/0.6.0-a320ae0-SNAPSHOT/ratis-server-0.6.0-a320ae0-SNAPSHOT.jar:/home/user/.m2/repository/org/apache/ratis/ratis-thirdparty-misc/0.3.0/ratis-thirdparty-misc-0.3.0.jar:/home/user/.m2/repository/org/apache/ratis/ratis-proto/0.6.0-a320ae0-SNAPSHOT/ratis-proto-0.6.0-a320ae0-SNAPSHOT.jar:/home/user/.m2/repository/org/apache/ratis/ratis-common/0.6.0-a320ae0-SNAPSHOT/ratis-common-0.6.0-a320ae0-SNAPSHOT.jar:/home/user/.m2/repository/org/apache/ratis/ratis-client/0.6.0-a320ae0-SNAPSHOT/ratis-client-0.6.0-a320ae0-SNAPSHOT.jar:/home/user/.m2/repository/org/apache/ratis/ratis-metrics/0.6.0-a320ae0-SNAPSHOT/ratis-metrics-0.6.0-a320ae0-SNAPSHOT.jar:/home/user/.m2/repository/org/apache/ratis/ratis-netty/0.6.0-a320ae0-SNAPSHOT/ratis-netty-0.6.0-a320ae0-SNAPSHOT.jar:/home/user/.m2/repository/org/apache/ratis/ratis-grpc/0.6.0-a320ae0-SNAPSHOT/ratis-grpc-0.6.0-a320ae0-SNAPSHOT.jar:/home/user/.m2/repository/org/rocksdb/rocksdbjni/6.6.4/rocksdbjni-6.6.4.jar:/home/user/.m2/repository/org/apache/logging/log4j/log4j-api/2.11.0/log4j-api-2.11.0.jar:/home/user/.m2/repository/org/apache/logging/log4j/log4j-core/2.11.0/log4j-core-2.11.0.jar:/home/user/.m2/repository/com/lmax/disruptor/3.4.2/disruptor-3.4.2.jar:/home/user/.m2/repository/org/apache/commons/commons-pool2/2.6.0/commons-pool2-2.6.0.jar:/home/user/.m2/repository/org/bouncycastle/bcpkix-jdk15on/1.60/bcpkix-jdk15on-1.60.jar:/home/user/.m2/repository/commons-validator/commons-validator/1.6/commons-validator-1.6.jar:/home/user/.m2/repository/commons-digester/commons-digester/1.8.1/commons-digester-1.8.1.jar:/home/user/.m2/repository/io/jaegertracing/jaeger-client/0.34.0/jaeger-client-0.34.0.jar:/home/user/.m2/repository/io/jaegertracing/jaeger-thrift/0.34.0/jaeger-thrift-0.34.0.jar:/home/user/.m2/repository/org/apache/thrift/libthrift/0.12.0/libthrift-0.12.0.jar:/home/user/.m2/repository/com/squareup/okhttp3/okhttp/3.9.0/okhttp-3.9.0.jar:/home/user/.m2/repository/com/squareup/okio/okio/1.13.0/okio-1.13.0.jar:/home/user/.m2/repository/io/jaegertracing/jaeger-core/0.34.0/jaeger-core-0.34.0.jar:/home/user/.m2/repository/io/jaegertracing/jaeger-tracerresolver/0.34.0/jaeger-tracerresolver-0.34.0.jar:/home/user/.m2/repository/io/opentracing/contrib/opentracing-tracerresolver/0.1.5/opentracing-tracerresolver-0.1.5.jar:/home/user/.m2/repository/io/opentracing/opentracing-util/0.31.0/opentracing-util-0.31.0.jar:/home/user/.m2/repository/io/opentracing/opentracing-api/0.31.0/opentracing-api-0.31.0.jar:/home/user/.m2/repository/io/opentracing/opentracing-noop/0.31.0/opentracing-noop-0.31.0.jar:/home/user/.m2/repository/com/fasterxml/jackson/datatype/jackson-datatype-jsr310/2.10.3/jackson-datatype-jsr310-2.10.3.jar:/home/user/.m2/repository/org/apache/hadoop/hadoop-hdds-client/0.5.0-SNAPSHOT/hadoop-hdds-client-0.5.0-SNAPSHOT.jar:/home/user/.m2/repository/org/apache/hadoop/hadoop-hdds-tools/0.5.0-SNAPSHOT/hadoop-hdds-tools-0.5.0-SNAPSHOT.jar:/home/user/.m2/repository/org/apache/ratis/ratis-tools/0.6.0-a320ae0-SNAPSHOT/ratis-tools-0.6.0-a320ae0-SNAPSHOT.jar:/home/user/.m2/repository/org/apache/hadoop/hadoop-hdds-server-scm/0.5.0-SNAPSHOT/hadoop-hdds-server-scm-0.5.0-SNAPSHOT.jar:/home/user/.m2/repository/org/apache/hadoop/hadoop-hdds-container-service/0.5.0-SNAPSHOT/hadoop-hdds-container-service-0.5.0-SNAPSHOT.jar:/home/user/.m2/repository/org/apache/hadoop/hadoop-hdds-server-framework/0.5.0-SNAPSHOT/hadoop-hdds-server-framework-0.5.0-SNAPSHOT.jar:/home/user/.m2/repository/io/prometheus/simpleclient_dropwizard/0.7.0/simpleclient_dropwizard-0.7.0.jar:/home/user/.m2/repository/io/prometheus/simpleclient/0.7.0/simpleclient-0.7.0.jar:/home/user/.m2/repository/io/prometheus/simpleclient_common/0.7.0/simpleclient_common-0.7.0.jar:/home/user/.m2/repository/org/apache/hadoop/hadoop-hdds-docs/0.5.0-SNAPSHOT/hadoop-hdds-docs-0.5.0-SNAPSHOT.jar:/home/user/.m2/repository/io/dropwizard/metrics/metrics-core/3.2.4/metrics-core-3.2.4.jar:/home/user/.m2/repository/org/bouncycastle/bcprov-jdk15on/1.60/bcprov-jdk15on-1.60.jar:/home/user/.m2/repository/org/apache/hadoop/hadoop-ozone-ozone-manager/0.5.0-SNAPSHOT/hadoop-ozone-ozone-manager-0.5.0-SNAPSHOT.jar:/home/user/.m2/repository/org/apache/hadoop/hadoop-minikdc/3.2.0/hadoop-minikdc-3.2.0.jar:/home/user/.m2/repository/commons-io/commons-io/2.5/commons-io-2.5.jar:/home/user/.m2/repository/org/apache/kerby/kerb-simplekdc/1.0.1/kerb-simplekdc-1.0.1.jar:/home/user/.m2/repository/org/apache/kerby/kerb-client/1.0.1/kerb-client-1.0.1.jar:/home/user/.m2/repository/org/apache/kerby/kerby-config/1.0.1/kerby-config-1.0.1.jar:/home/user/.m2/repository/org/apache/kerby/kerb-core/1.0.1/kerb-core-1.0.1.jar:/home/user/.m2/repository/org/apache/kerby/kerby-pkix/1.0.1/kerby-pkix-1.0.1.jar:/home/user/.m2/repository/org/apache/kerby/kerby-asn1/1.0.1/kerby-asn1-1.0.1.jar:/home/user/.m2/repository/org/apache/kerby/kerby-util/1.0.1/kerby-util-1.0.1.jar:/home/user/.m2/repository/org/apache/kerby/kerb-common/1.0.1/kerb-common-1.0.1.jar:/home/user/.m2/repository/org/apache/kerby/kerb-crypto/1.0.1/kerb-crypto-1.0.1.jar:/home/user/.m2/repository/org/apache/kerby/kerb-util/1.0.1/kerb-util-1.0.1.jar:/home/user/.m2/repository/org/apache/kerby/token-provider/1.0.1/token-provider-1.0.1.jar:/home/user/.m2/repository/org/apache/kerby/kerb-admin/1.0.1/kerb-admin-1.0.1.jar:/home/user/.m2/repository/org/apache/kerby/kerb-server/1.0.1/kerb-server-1.0.1.jar:/home/user/.m2/repository/org/apache/kerby/kerb-identity/1.0.1/kerb-identity-1.0.1.jar:/home/user/.m2/repository/org/apache/kerby/kerby-xdr/1.0.1/kerby-xdr-1.0.1.jar:/home/user/.m2/repository/org/slf4j/slf4j-log4j12/1.7.25/slf4j-log4j12-1.7.25.jar:/home/user/.m2/repository/org/apache/hadoop/hadoop-ozone-s3gateway/0.5.0-SNAPSHOT/hadoop-ozone-s3gateway-0.5.0-SNAPSHOT.jar:/home/user/.m2/repository/org/jboss/weld/servlet/weld-servlet/2.4.7.Final/weld-servlet-2.4.7.Final.jar:/home/user/.m2/repository/org/glassfish/jersey/containers/jersey-container-servlet-core/2.27/jersey-container-servlet-core-2.27.jar:/home/user/.m2/repository/org/glassfish/hk2/external/javax.inject/2.5.0-b42/javax.inject-2.5.0-b42.jar:/home/user/.m2/repository/org/glassfish/jersey/core/jersey-common/2.27/jersey-common-2.27.jar:/home/user/.m2/repository/org/glassfish/hk2/osgi-resource-locator/1.0.1/osgi-resource-locator-1.0.1.jar:/home/user/.m2/repository/javax/ws/rs/javax.ws.rs-api/2.1/javax.ws.rs-api-2.1.jar:/home/user/.m2/repository/org/glassfish/jersey/ext/cdi/jersey-cdi1x/2.27/jersey-cdi1x-2.27.jar:/home/user/.m2/repository/org/glassfish/jersey/inject/jersey-hk2/2.27/jersey-hk2-2.27.jar:/home/user/.m2/repository/org/glassfish/hk2/hk2-locator/2.5.0-b42/hk2-locator-2.5.0-b42.jar:/home/user/.m2/repository/org/javassist/javassist/3.22.0-CR2/javassist-3.22.0-CR2.jar:/home/user/.m2/repository/org/glassfish/hk2/hk2-api/2.5.0/hk2-api-2.5.0.jar:/home/user/.m2/repository/org/glassfish/hk2/external/jakarta.inject/2.5.0/jakarta.inject-2.5.0.jar:/home/user/.m2/repository/org/glassfish/hk2/hk2-utils/2.5.0/hk2-utils-2.5.0.jar:/home/user/.m2/repository/jakarta/annotation/jakarta.annotation-api/1.3.4/jakarta.annotation-api-1.3.4.jar:/home/user/.m2/repository/org/glassfish/hk2/external/aopalliance-repackaged/2.5.0/aopalliance-repackaged-2.5.0.jar:/home/user/.m2/repository/com/fasterxml/jackson/dataformat/jackson-dataformat-xml/2.9.0/jackson-dataformat-xml-2.9.0.jar:/home/user/.m2/repository/com/fasterxml/jackson/core/jackson-core/2.10.3/jackson-core-2.10.3.jar:/home/user/.m2/repository/com/fasterxml/jackson/module/jackson-module-jaxb-annotations/2.10.3/jackson-module-jaxb-annotations-2.10.3.jar:/home/user/.m2/repository/jakarta/xml/bind/jakarta.xml.bind-api/2.3.2/jakarta.xml.bind-api-2.3.2.jar:/home/user/.m2/repository/jakarta/activation/jakarta.activation-api/1.2.1/jakarta.activation-api-1.2.1.jar:/home/user/.m2/repository/javax/enterprise/cdi-api/1.2/cdi-api-1.2.jar:/home/user/.m2/repository/javax/el/javax.el-api/3.0.0/javax.el-api-3.0.0.jar:/home/user/.m2/repository/javax/interceptor/javax.interceptor-api/1.2/javax.interceptor-api-1.2.jar:/home/user/.m2/repository/javax/inject/javax.inject/1/javax.inject-1.jar:/home/user/.m2/repository/com/sun/xml/bind/jaxb-impl/2.3.0.1/jaxb-impl-2.3.0.1.jar:/home/user/.m2/repository/com/sun/xml/bind/jaxb-core/2.3.0.1/jaxb-core-2.3.0.1.jar:/home/user/.m2/repository/javax/xml/bind/jaxb-api/2.3.0/jaxb-api-2.3.0.jar:/home/user/.m2/repository/javax/activation/activation/1.1.1/activation-1.1.1.jar:/home/user/.m2/repository/org/apache/hadoop/hadoop-ozone-csi/0.5.0-SNAPSHOT/hadoop-ozone-csi-0.5.0-SNAPSHOT.jar:/home/user/.m2/repository/com/google/protobuf/protobuf-java-util/3.5.1/protobuf-java-util-3.5.1.jar:/home/user/.m2/repository/org/apache/hadoop/hadoop-hdds-config/0.5.0-SNAPSHOT/hadoop-hdds-config-0.5.0-SNAPSHOT.jar:/home/user/.m2/repository/com/google/guava/guava/28.2-jre/guava-28.2-jre.jar:/home/user/.m2/repository/com/google/guava/failureaccess/1.0.1/failureaccess-1.0.1.jar:/home/user/.m2/repository/com/google/guava/listenablefuture/9999.0-empty-to-avoid-conflict-with-guava/listenablefuture-9999.0-empty-to-avoid-conflict-with-guava.jar:/home/user/.m2/repository/org/checkerframework/checker-qual/2.10.0/checker-qual-2.10.0.jar:/home/user/.m2/repository/com/google/errorprone/error_prone_annotations/2.3.4/error_prone_annotations-2.3.4.jar:/home/user/.m2/repository/com/google/j2objc/j2objc-annotations/1.3/j2objc-annotations-1.3.jar:/home/user/.m2/repository/com/google/protobuf/protobuf-java/2.5.0/protobuf-java-2.5.0.jar:/home/user/.m2/repository/io/grpc/grpc-netty/1.17.1/grpc-netty-1.17.1.jar:/home/user/.m2/repository/io/grpc/grpc-core/1.17.1/grpc-core-1.17.1.jar:/home/user/.m2/repository/io/grpc/grpc-context/1.17.1/grpc-context-1.17.1.jar:/home/user/.m2/repository/org/codehaus/mojo/animal-sniffer-annotations/1.17/animal-sniffer-annotations-1.17.jar:/home/user/.m2/repository/io/opencensus/opencensus-api/0.17.0/opencensus-api-0.17.0.jar:/home/user/.m2/repository/io/opencensus/opencensus-contrib-grpc-metrics/0.17.0/opencensus-contrib-grpc-metrics-0.17.0.jar:/home/user/.m2/repository/io/netty/netty-codec-http2/4.1.30.Final/netty-codec-http2-4.1.30.Final.jar:/home/user/.m2/repository/io/netty/netty-codec-http/4.1.30.Final/netty-codec-http-4.1.30.Final.jar:/home/user/.m2/repository/io/netty/netty-codec/4.1.30.Final/netty-codec-4.1.30.Final.jar:/home/user/.m2/repository/io/netty/netty-handler/4.1.30.Final/netty-handler-4.1.30.Final.jar:/home/user/.m2/repository/io/netty/netty-handler-proxy/4.1.30.Final/netty-handler-proxy-4.1.30.Final.jar:/home/user/.m2/repository/io/netty/netty-codec-socks/4.1.30.Final/netty-codec-socks-4.1.30.Final.jar:/home/user/.m2/repository/io/netty/netty-transport-native-epoll/4.1.30.Final/netty-transport-native-epoll-4.1.30.Final.jar:/home/user/.m2/repository/io/netty/netty-common/4.1.30.Final/netty-common-4.1.30.Final.jar:/home/user/.m2/repository/io/netty/netty-buffer/4.1.30.Final/netty-buffer-4.1.30.Final.jar:/home/user/.m2/repository/io/netty/netty-transport/4.1.30.Final/netty-transport-4.1.30.Final.jar:/home/user/.m2/repository/io/netty/netty-resolver/4.1.30.Final/netty-resolver-4.1.30.Final.jar:/home/user/.m2/repository/io/netty/netty-transport-native-unix-common/4.1.30.Final/netty-transport-native-unix-common-4.1.30.Final.jar:/home/user/.m2/repository/io/grpc/grpc-protobuf/1.17.1/grpc-protobuf-1.17.1.jar:/home/user/.m2/repository/com/google/api/grpc/proto-google-common-protos/1.0.0/proto-google-common-protos-1.0.0.jar:/home/user/.m2/repository/io/grpc/grpc-protobuf-lite/1.17.1/grpc-protobuf-lite-1.17.1.jar:/home/user/.m2/repository/io/grpc/grpc-stub/1.17.1/grpc-stub-1.17.1.jar:/home/user/.m2/repository/org/apache/hadoop/hadoop-ozone-recon/0.5.0-SNAPSHOT/hadoop-ozone-recon-0.5.0-SNAPSHOT.jar:/home/user/.m2/repository/org/apache/hadoop/hadoop-ozone-reconcodegen/0.5.0-SNAPSHOT/hadoop-ozone-reconcodegen-0.5.0-SNAPSHOT.jar:/home/user/.m2/repository/com/google/inject/extensions/guice-multibindings/4.0/guice-multibindings-4.0.jar:/home/user/.m2/repository/com/google/inject/guice/4.0/guice-4.0.jar:/home/user/.m2/repository/aopalliance/aopalliance/1.0/aopalliance-1.0.jar:/home/user/.m2/repository/com/google/inject/extensions/guice-servlet/4.0/guice-servlet-4.0.jar:/home/user/.m2/repository/org/glassfish/jersey/containers/jersey-container-servlet/2.27/jersey-container-servlet-2.27.jar:/home/user/.m2/repository/org/glassfish/hk2/guice-bridge/2.5.0/guice-bridge-2.5.0.jar:/home/user/.m2/repository/org/glassfish/jersey/core/jersey-server/2.27/jersey-server-2.27.jar:/home/user/.m2/repository/org/glassfish/jersey/core/jersey-client/2.27/jersey-client-2.27.jar:/home/user/.m2/repository/org/glassfish/jersey/media/jersey-media-jaxb/2.27/jersey-media-jaxb-2.27.jar:/home/user/.m2/repository/javax/validation/validation-api/1.1.0.Final/validation-api-1.1.0.Final.jar:/home/user/.m2/repository/org/glassfish/jersey/media/jersey-media-json-jackson/2.27/jersey-media-json-jackson-2.27.jar:/home/user/.m2/repository/org/glassfish/jersey/ext/jersey-entity-filtering/2.27/jersey-entity-filtering-2.27.jar:/home/user/.m2/repository/com/google/inject/extensions/guice-assistedinject/4.0/guice-assistedinject-4.0.jar:/home/user/.m2/repository/org/jooq/jooq/3.11.10/jooq-3.11.10.jar:/home/user/.m2/repository/org/jooq/jooq-meta/3.11.10/jooq-meta-3.11.10.jar:/home/user/.m2/repository/org/jooq/jooq-codegen/3.11.10/jooq-codegen-3.11.10.jar:/home/user/.m2/repository/com/jolbox/bonecp/0.8.0.RELEASE/bonecp-0.8.0.RELEASE.jar:/home/user/.m2/repository/org/xerial/sqlite-jdbc/3.25.2/sqlite-jdbc-3.25.2.jar:/home/user/.m2/repository/org/springframework/spring-jdbc/5.1.3.RELEASE/spring-jdbc-5.1.3.RELEASE.jar:/home/user/.m2/repository/org/springframework/spring-beans/5.1.3.RELEASE/spring-beans-5.1.3.RELEASE.jar:/home/user/.m2/repository/org/springframework/spring-core/5.1.3.RELEASE/spring-core-5.1.3.RELEASE.jar:/home/user/.m2/repository/org/springframework/spring-jcl/5.1.3.RELEASE/spring-jcl-5.1.3.RELEASE.jar:/home/user/.m2/repository/org/springframework/spring-tx/5.1.3.RELEASE/spring-tx-5.1.3.RELEASE.jar:/home/user/.m2/repository/org/apache/hadoop/hadoop-ozone-client/0.5.0-SNAPSHOT/hadoop-ozone-client-0.5.0-SNAPSHOT.jar:/home/user/.m2/repository/org/apache/hadoop/hadoop-ozone-filesystem/0.5.0-SNAPSHOT/hadoop-ozone-filesystem-0.5.0-SNAPSHOT.jar:/home/user/.m2/repository/org/apache/httpcomponents/httpclient/4.5.2/httpclient-4.5.2.jar:/home/user/.m2/repository/org/apache/httpcomponents/httpcore/4.4.4/httpcore-4.4.4.jar:/home/user/.m2/repository/org/apache/hadoop/hadoop-ozone-tools/0.5.0-SNAPSHOT/hadoop-ozone-tools-0.5.0-SNAPSHOT.jar:/home/user/.m2/repository/com/amazonaws/aws-java-sdk-s3/1.11.615/aws-java-sdk-s3-1.11.615.jar:/home/user/.m2/repository/com/amazonaws/aws-java-sdk-kms/1.11.615/aws-java-sdk-kms-1.11.615.jar:/home/user/.m2/repository/com/amazonaws/aws-java-sdk-core/1.11.615/aws-java-sdk-core-1.11.615.jar:/home/user/.m2/repository/software/amazon/ion/ion-java/1.0.2/ion-java-1.0.2.jar:/home/user/.m2/repository/com/fasterxml/jackson/dataformat/jackson-dataformat-cbor/2.10.3/jackson-dataformat-cbor-2.10.3.jar:/home/user/.m2/repository/joda-time/joda-time/2.9.9/joda-time-2.9.9.jar:/home/user/.m2/repository/com/amazonaws/jmespath-java/1.11.615/jmespath-java-1.11.615.jar:/home/user/.m2/repository/commons-lang/commons-lang/2.6/commons-lang-2.6.jar:/home/user/.m2/repository/org/apache/hadoop/hadoop-ozone-ozone-manager/0.5.0-SNAPSHOT/hadoop-ozone-ozone-manager-0.5.0-SNAPSHOT-tests.jar:/home/user/.m2/repository/junit/junit/4.11/junit-4.11.jar:/home/user/.m2/repository/org/hamcrest/hamcrest-core/1.3/hamcrest-core-1.3.jar:/home/user/.m2/repository/org/openjdk/jmh/jmh-core/1.19/jmh-core-1.19.jar:/home/user/.m2/repository/net/sf/jopt-simple/jopt-simple/4.6/jopt-simple-4.6.jar:/home/user/.m2/repository/org/apache/commons/commons-math3/3.1.1/commons-math3-3.1.1.jar:/home/user/.m2/repository/org/openjdk/jmh/jmh-generator-annprocess/1.19/jmh-generator-annprocess-1.19.jar:/home/user/.m2/repository/org/mockito/mockito-all/1.8.5/mockito-all-1.8.5.jar:/home/user/.m2/repository/org/apache/hadoop/hadoop-kms/3.2.0/hadoop-kms-3.2.0.jar:/home/user/.m2/repository/org/apache/hadoop/hadoop-auth/3.2.0/hadoop-auth-3.2.0.jar:/home/user/.m2/repository/com/nimbusds/nimbus-jose-jwt/7.9/nimbus-jose-jwt-7.9.jar:/home/user/.m2/repository/com/github/stephenc/jcip/jcip-annotations/1.0-1/jcip-annotations-1.0-1.jar:/home/user/.m2/repository/net/minidev/json-smart/2.3/json-smart-2.3.jar:/home/user/.m2/repository/net/minidev/accessors-smart/1.2/accessors-smart-1.2.jar:/home/user/.m2/repository/org/ow2/asm/asm/5.0.4/asm-5.0.4.jar:/home/user/.m2/repository/org/apache/curator/curator-framework/2.12.0/curator-framework-2.12.0.jar:/home/user/.m2/repository/com/sun/jersey/jersey-core/1.19/jersey-core-1.19.jar:/home/user/.m2/repository/javax/ws/rs/jsr311-api/1.1.1/jsr311-api-1.1.1.jar:/home/user/.m2/repository/com/sun/jersey/jersey-server/1.19/jersey-server-1.19.jar:/home/user/.m2/repository/javax/servlet/javax.servlet-api/3.1.0/javax.servlet-api-3.1.0.jar:/home/user/.m2/repository/org/eclipse/jetty/jetty-server/9.4.26.v20200117/jetty-server-9.4.26.v20200117.jar:/home/user/.m2/repository/org/eclipse/jetty/jetty-http/9.4.26.v20200117/jetty-http-9.4.26.v20200117.jar:/home/user/.m2/repository/org/eclipse/jetty/jetty-io/9.4.26.v20200117/jetty-io-9.4.26.v20200117.jar:/home/user/.m2/repository/org/eclipse/jetty/jetty-webapp/9.4.26.v20200117/jetty-webapp-9.4.26.v20200117.jar:/home/user/.m2/repository/org/eclipse/jetty/jetty-xml/9.4.26.v20200117/jetty-xml-9.4.26.v20200117.jar:/home/user/.m2/repository/log4j/log4j/1.2.17/log4j-1.2.17.jar:/home/user/.m2/repository/org/slf4j/slf4j-api/1.7.25/slf4j-api-1.7.25.jar:/home/user/.m2/repository/org/slf4j/jul-to-slf4j/1.7.25/jul-to-slf4j-1.7.25.jar:/home/user/.m2/repository/org/eclipse/jetty/jetty-util/9.4.26.v20200117/jetty-util-9.4.26.v20200117.jar:/home/user/.m2/repository/com/fasterxml/jackson/core/jackson-databind/2.10.3/jackson-databind-2.10.3.jar:/home/user/.m2/repository/org/apache/hadoop/hadoop-kms/3.2.0/hadoop-kms-3.2.0-tests.jar:/home/user/.m2/repository/org/apache/hadoop/hadoop-hdds-server-scm/0.5.0-SNAPSHOT/hadoop-hdds-server-scm-0.5.0-SNAPSHOT-tests.jar:/home/user/.m2/repository/org/apache/hadoop/hadoop-hdds-container-service/0.5.0-SNAPSHOT/hadoop-hdds-container-service-0.5.0-SNAPSHOT-tests.jar:/home/user/.m2/repository/org/apache/hadoop/hadoop-hdds-common/0.5.0-SNAPSHOT/hadoop-hdds-common-0.5.0-SNAPSHOT-tests.jar:/home/user/.m2/repository/org/yaml/snakeyaml/1.16/snakeyaml-1.16.jar:/home/user/.m2/repository/org/apache/hadoop/hadoop-common/3.2.0/hadoop-common-3.2.0-tests.jar:/home/user/.m2/repository/org/apache/hadoop/hadoop-annotations/3.2.0/hadoop-annotations-3.2.0.jar:/usr/lib/jvm/java-1.8.0-openjdk-1.8.0.232.b09-0.el7_7.x86_64/jre/../lib/tools.jar:/home/user/.m2/repository/commons-cli/commons-cli/1.2/commons-cli-1.2.jar:/home/user/.m2/repository/commons-codec/commons-codec/1.11/commons-codec-1.11.jar:/home/user/.m2/repository/commons-net/commons-net/3.6/commons-net-3.6.jar:/home/user/.m2/repository/commons-collections/commons-collections/3.2.2/commons-collections-3.2.2.jar:/home/user/.m2/repository/org/eclipse/jetty/jetty-servlet/9.4.26.v20200117/jetty-servlet-9.4.26.v20200117.jar:/home/user/.m2/repository/org/eclipse/jetty/jetty-security/9.4.26.v20200117/jetty-security-9.4.26.v20200117.jar:/home/user/.m2/repository/javax/servlet/jsp/jsp-api/2.1/jsp-api-2.1.jar:/home/user/.m2/repository/com/sun/jersey/jersey-servlet/1.19/jersey-servlet-1.19.jar:/home/user/.m2/repository/com/sun/jersey/jersey-json/1.19/jersey-json-1.19.jar:/home/user/.m2/repository/org/codehaus/jettison/jettison/1.1/jettison-1.1.jar:/home/user/.m2/repository/org/codehaus/jackson/jackson-core-asl/1.9.13/jackson-core-asl-1.9.13.jar:/home/user/.m2/repository/org/codehaus/jackson/jackson-mapper-asl/1.9.13/jackson-mapper-asl-1.9.13.jar:/home/user/.m2/repository/org/codehaus/jackson/jackson-jaxrs/1.9.13/jackson-jaxrs-1.9.13.jar:/home/user/.m2/repository/org/codehaus/jackson/jackson-xc/1.9.13/jackson-xc-1.9.13.jar:/home/user/.m2/repository/commons-logging/commons-logging/1.1.3/commons-logging-1.1.3.jar:/home/user/.m2/repository/commons-beanutils/commons-beanutils/1.9.4/commons-beanutils-1.9.4.jar:/home/user/.m2/repository/org/apache/commons/commons-configuration2/2.1.1/commons-configuration2-2.1.1.jar:/home/user/.m2/repository/org/apache/commons/commons-lang3/3.7/commons-lang3-3.7.jar:/home/user/.m2/repository/org/apache/commons/commons-text/1.4/commons-text-1.4.jar:/home/user/.m2/repository/org/apache/avro/avro/1.7.7/avro-1.7.7.jar:/home/user/.m2/repository/com/thoughtworks/paranamer/paranamer/2.3/paranamer-2.3.jar:/home/user/.m2/repository/org/xerial/snappy/snappy-java/1.0.5/snappy-java-1.0.5.jar:/home/user/.m2/repository/com/google/re2j/re2j/1.1/re2j-1.1.jar:/home/user/.m2/repository/com/google/code/gson/gson/2.2.4/gson-2.2.4.jar:/home/user/.m2/repository/com/jcraft/jsch/0.1.54/jsch-0.1.54.jar:/home/user/.m2/repository/org/apache/curator/curator-client/2.12.0/curator-client-2.12.0.jar:/home/user/.m2/repository/org/apache/curator/curator-recipes/2.12.0/curator-recipes-2.12.0.jar:/home/user/.m2/repository/com/google/code/findbugs/jsr305/3.0.0/jsr305-3.0.0.jar:/home/user/.m2/repository/org/apache/htrace/htrace-core4/4.1.0-incubating/htrace-core4-4.1.0-incubating.jar:/home/user/.m2/repository/org/apache/zookeeper/zookeeper/3.4.13/zookeeper-3.4.13.jar:/home/user/.m2/repository/jline/jline/0.9.94/jline-0.9.94.jar:/home/user/.m2/repository/org/apache/yetus/audience-annotations/0.5.0/audience-annotations-0.5.0.jar:/home/user/.m2/repository/org/codehaus/woodstox/stax2-api/3.1.4/stax2-api-3.1.4.jar:/home/user/.m2/repository/com/fasterxml/woodstox/woodstox-core/5.0.3/woodstox-core-5.0.3.jar:/home/user/.m2/repository/dnsjava/dnsjava/2.1.7/dnsjava-2.1.7.jar:/home/user/.m2/repository/org/apache/hadoop/hadoop-hdfs/3.2.0/hadoop-hdfs-3.2.0-tests.jar:/home/user/.m2/repository/org/eclipse/jetty/jetty-util-ajax/9.4.26.v20200117/jetty-util-ajax-9.4.26.v20200117.jar:/home/user/.m2/repository/commons-daemon/commons-daemon/1.0.13/commons-daemon-1.0.13.jar:/home/user/.m2/repository/io/netty/netty/3.10.5.Final/netty-3.10.5.Final.jar:/home/user/.m2/repository/io/netty/netty-all/4.1.47.Final/netty-all-4.1.47.Final.jar:/home/user/.m2/repository/org/fusesource/leveldbjni/leveldbjni-all/1.8/leveldbjni-all-1.8.jar:/home/user/.m2/repository/org/apache/hadoop/hadoop-distcp/3.2.0/hadoop-distcp-3.2.0.jar:/home/user/.m2/repository/org/apache/hadoop/hadoop-mapreduce-client-jobclient/3.2.0/hadoop-mapreduce-client-jobclient-3.2.0.jar:/home/user/.m2/repository/org/apache/hadoop/hadoop-mapreduce-client-common/3.2.0/hadoop-mapreduce-client-common-3.2.0.jar:/home/user/.m2/repository/org/apache/hadoop/hadoop-yarn-common/3.2.0/hadoop-yarn-common-3.2.0.jar:/home/user/.m2/repository/org/apache/hadoop/hadoop-yarn-api/3.2.0/hadoop-yarn-api-3.2.0.jar:/home/user/.m2/repository/com/sun/jersey/jersey-client/1.19/jersey-client-1.19.jar:/home/user/.m2/repository/com/sun/jersey/contribs/jersey-guice/1.19/jersey-guice-1.19.jar:/home/user/.m2/repository/com/fasterxml/jackson/jaxrs/jackson-jaxrs-json-provider/2.10.3/jackson-jaxrs-json-provider-2.10.3.jar:/home/user/.m2/repository/com/fasterxml/jackson/jaxrs/jackson-jaxrs-base/2.10.3/jackson-jaxrs-base-2.10.3.jar:/home/user/.m2/repository/org/apache/hadoop/hadoop-yarn-client/3.2.0/hadoop-yarn-client-3.2.0.jar:/home/user/.m2/repository/org/apache/hadoop/hadoop-mapreduce-client-core/3.2.0/hadoop-mapreduce-client-core-3.2.0.jar:/home/user/.m2/repository/org/apache/hadoop/hadoop-distcp/3.2.0/hadoop-distcp-3.2.0-tests.jar:"/>
    <property name="sun.cpu.endian" value="little"/>
    <property name="user.home" value="/home/user"/>
    <property name="user.language" value="en"/>
    <property name="java.specification.vendor" value="Oracle Corporation"/>
    <property name="java.home" value="/usr/lib/jvm/java-1.8.0-openjdk-1.8.0.232.b09-0.el7_7.x86_64/jre"/>
    <property name="java.security.krb5.conf" value="/github/workspace/hadoop-ozone/integration-test/target/test-classes/krb5.conf"/>
    <property name="basedir" value="/github/workspace/hadoop-ozone/integration-test"/>
    <property name="file.separator" value="/"/>
    <property name="line.separator" value="&#10;"/>
    <property name="java.vm.specification.vendor" value="Oracle Corporation"/>
    <property name="java.specification.name" value="Java Platform API Specification"/>
    <property name="java.awt.graphicsenv" value="sun.awt.X11GraphicsEnvironment"/>
    <property name="surefire.real.class.path" value="/github/workspace/hadoop-ozone/integration-test/target/surefire/surefirebooter1514928111819584787.jar:/home/user/.m2/repository/org/jacoco/org.jacoco.agent/0.8.3/org.jacoco.agent-0.8.3-runtime.jar"/>
    <property name="hadoop.log.dir" value="/github/workspace/hadoop-ozone/integration-test/target/log"/>
    <property name="sun.boot.class.path" value="/usr/lib/jvm/java-1.8.0-openjdk-1.8.0.232.b09-0.el7_7.x86_64/jre/lib/resources.jar:/usr/lib/jvm/java-1.8.0-openjdk-1.8.0.232.b09-0.el7_7.x86_64/jre/lib/rt.jar:/usr/lib/jvm/java-1.8.0-openjdk-1.8.0.232.b09-0.el7_7.x86_64/jre/lib/sunrsasign.jar:/usr/lib/jvm/java-1.8.0-openjdk-1.8.0.232.b09-0.el7_7.x86_64/jre/lib/jsse.jar:/usr/lib/jvm/java-1.8.0-openjdk-1.8.0.232.b09-0.el7_7.x86_64/jre/lib/jce.jar:/usr/lib/jvm/java-1.8.0-openjdk-1.8.0.232.b09-0.el7_7.x86_64/jre/lib/charsets.jar:/usr/lib/jvm/java-1.8.0-openjdk-1.8.0.232.b09-0.el7_7.x86_64/jre/lib/jfr.jar:/usr/lib/jvm/java-1.8.0-openjdk-1.8.0.232.b09-0.el7_7.x86_64/jre/classes"/>
    <property name="sun.management.compiler" value="HotSpot 64-Bit Tiered Compilers"/>
    <property name="java.runtime.version" value="1.8.0_232-b09"/>
    <property name="java.net.preferIPv4Stack" value="true"/>
    <property name="user.name" value="jenkins1001"/>
    <property name="path.separator" value=":"/>
    <property name="java.security.egd" value="file:///dev/urandom"/>
    <property name="os.version" value="5.0.0-1032-azure"/>
    <property name="java.endorsed.dirs" value="/usr/lib/jvm/java-1.8.0-openjdk-1.8.0.232.b09-0.el7_7.x86_64/jre/lib/endorsed"/>
    <property name="java.runtime.name" value="OpenJDK Runtime Environment"/>
    <property name="file.encoding" value="ANSI_X3.4-1968"/>
    <property name="java.vm.name" value="OpenJDK 64-Bit Server VM"/>
    <property name="test.build.webapps" value=""/>
    <property name="localRepository" value="/home/user/.m2/repository"/>
    <property name="java.vendor.url.bug" value="http://bugreport.sun.com/bugreport/"/>
    <property name="java.io.tmpdir" value="/tmp"/>
    <property name="require.test.libhadoop" value=""/>
    <property name="java.version" value="1.8.0_232"/>
    <property name="user.dir" value="/github/workspace/hadoop-ozone/integration-test"/>
    <property name="os.arch" value="amd64"/>
    <property name="java.vm.specification.name" value="Java Virtual Machine Specification"/>
    <property name="test.build.classes" value="/github/workspace/hadoop-ozone/integration-test/target/test-classes"/>
    <property name="java.awt.printerjob" value="sun.print.PSPrinterJob"/>
    <property name="sun.os.patch.level" value="unknown"/>
    <property name="hadoop.tmp.dir" value="/github/workspace/hadoop-ozone/integration-test/target/tmp"/>
    <property name="java.library.path" value="/usr/lib:/usr/java/packages/lib/amd64:/usr/lib64:/lib64:/lib:/usr/lib"/>
    <property name="java.vm.info" value="mixed mode"/>
    <property name="java.vendor" value="Oracle Corporation"/>
    <property name="java.vm.version" value="25.232-b09"/>
    <property name="java.ext.dirs" value="/usr/lib/jvm/java-1.8.0-openjdk-1.8.0.232.b09-0.el7_7.x86_64/jre/lib/ext:/usr/java/packages/lib/ext"/>
    <property name="sun.io.unicode.encoding" value="UnicodeLittle"/>
    <property name="java.class.version" value="52.0"/>
  </properties>
  <testcase name="test2DatanodesFailure" classname="org.apache.hadoop.ozone.client.rpc.TestBlockOutputStreamWithFailures" time="75.595"/>
  <testcase name="testDatanodeFailureWithPreAllocation" classname="org.apache.hadoop.ozone.client.rpc.TestBlockOutputStreamWithFailures" time="256.108"/>
  <testcase name="testDatanodeFailureWithSingleNodeRatis" classname="org.apache.hadoop.ozone.client.rpc.TestBlockOutputStreamWithFailures" time="255.909"/>
  <testcase name="testWatchForCommitWithSingleNodeRatis" classname="org.apache.hadoop.ozone.client.rpc.TestBlockOutputStreamWithFailures" time="35.556"/>
  <testcase name="testWatchForCommitDatanodeFailure" classname="org.apache.hadoop.ozone.client.rpc.TestBlockOutputStreamWithFailures" time="52.69">
    <failure message="expected:&lt;2&gt; but was:&lt;3&gt;" type="java.lang.AssertionError"><![CDATA[java.lang.AssertionError: expected:<2> but was:<3>
	at org.junit.Assert.fail(Assert.java:88)
	at org.junit.Assert.failNotEquals(Assert.java:743)
	at org.junit.Assert.assertEquals(Assert.java:118)
	at org.junit.Assert.assertEquals(Assert.java:555)
	at org.junit.Assert.assertEquals(Assert.java:542)
	at org.apache.hadoop.ozone.client.rpc.TestBlockOutputStreamWithFailures.testWatchForCommitDatanodeFailure(TestBlockOutputStreamWithFailures.java:305)
	at sun.reflect.NativeMethodAccessorImpl.invoke0(Native Method)
	at sun.reflect.NativeMethodAccessorImpl.invoke(NativeMethodAccessorImpl.java:62)
	at sun.reflect.DelegatingMethodAccessorImpl.invoke(DelegatingMethodAccessorImpl.java:43)
	at java.lang.reflect.Method.invoke(Method.java:498)
	at org.junit.runners.model.FrameworkMethod$1.runReflectiveCall(FrameworkMethod.java:47)
	at org.junit.internal.runners.model.ReflectiveCallable.run(ReflectiveCallable.java:12)
	at org.junit.runners.model.FrameworkMethod.invokeExplosively(FrameworkMethod.java:44)
	at org.junit.internal.runners.statements.InvokeMethod.evaluate(InvokeMethod.java:17)
	at org.junit.internal.runners.statements.RunBefores.evaluate(RunBefores.java:26)
	at org.junit.internal.runners.statements.RunAfters.evaluate(RunAfters.java:27)
	at org.junit.runners.ParentRunner.runLeaf(ParentRunner.java:271)
	at org.junit.runners.BlockJUnit4ClassRunner.runChild(BlockJUnit4ClassRunner.java:70)
	at org.junit.runners.BlockJUnit4ClassRunner.runChild(BlockJUnit4ClassRunner.java:50)
	at org.junit.runners.ParentRunner$3.run(ParentRunner.java:238)
	at org.junit.runners.ParentRunner$1.schedule(ParentRunner.java:63)
	at org.junit.runners.ParentRunner.runChildren(ParentRunner.java:236)
	at org.junit.runners.ParentRunner.access$000(ParentRunner.java:53)
	at org.junit.runners.ParentRunner$2.evaluate(ParentRunner.java:229)
	at org.junit.runners.ParentRunner.run(ParentRunner.java:309)
	at org.apache.maven.surefire.junit4.JUnit4Provider.execute(JUnit4Provider.java:365)
	at org.apache.maven.surefire.junit4.JUnit4Provider.executeWithRerun(JUnit4Provider.java:273)
	at org.apache.maven.surefire.junit4.JUnit4Provider.executeTestSet(JUnit4Provider.java:238)
	at org.apache.maven.surefire.junit4.JUnit4Provider.invoke(JUnit4Provider.java:159)
	at org.apache.maven.surefire.booter.ForkedBooter.invokeProviderInSameClassLoader(ForkedBooter.java:384)
	at org.apache.maven.surefire.booter.ForkedBooter.runSuitesInProcess(ForkedBooter.java:345)
	at org.apache.maven.surefire.booter.ForkedBooter.execute(ForkedBooter.java:126)
	at org.apache.maven.surefire.booter.ForkedBooter.main(ForkedBooter.java:418)
]]></failure>
    <system-out><![CDATA[2020-03-27 08:15:01,770 [main] WARN  server.ServerUtils (ServerUtils.java:getScmDbDir(148)) - ozone.scm.db.dirs is not configured. We recommend adding this setting. Falling back to ozone.metadata.dirs instead.
2020-03-27 08:15:01,774 [main] WARN  server.ServerUtils (ServerUtils.java:getScmDbDir(148)) - ozone.scm.db.dirs is not configured. We recommend adding this setting. Falling back to ozone.metadata.dirs instead.
2020-03-27 08:15:01,774 [main] WARN  server.ServerUtils (ServerUtils.java:getScmDbDir(148)) - ozone.scm.db.dirs is not configured. We recommend adding this setting. Falling back to ozone.metadata.dirs instead.
2020-03-27 08:15:01,793 [main] INFO  net.NodeSchemaLoader (NodeSchemaLoader.java:loadSchemaFromFile(126)) - Loading file from sun.misc.CompoundEnumeration@463b76ba
2020-03-27 08:15:01,793 [main] INFO  net.NodeSchemaLoader (NodeSchemaLoader.java:loadSchema(172)) - Loading network topology layer schema file
2020-03-27 08:15:01,796 [main] WARN  server.ServerUtils (ServerUtils.java:sanitizeUserArgs(67)) - ozone.scm.dead.node.interval value = 10000 is smaller than min = 20000 based on the key value of ozone.scm.stale.node.interval, reset to the min value 20000.
2020-03-27 08:15:01,796 [main] INFO  node.SCMNodeManager (SCMNodeManager.java:<init>(116)) - Entering startup safe mode.
2020-03-27 08:15:01,797 [main] INFO  algorithms.ContainerPlacementPolicyFactory (ContainerPlacementPolicyFactory.java:getPolicy(59)) - Create container placement policy of type org.apache.hadoop.hdds.scm.container.placement.algorithms.SCMContainerPlacementRandom
2020-03-27 08:15:01,797 [main] WARN  server.ServerUtils (ServerUtils.java:getScmDbDir(148)) - ozone.scm.db.dirs is not configured. We recommend adding this setting. Falling back to ozone.metadata.dirs instead.
2020-03-27 08:15:01,807 [main] INFO  pipeline.SCMPipelineManager (SCMPipelineManager.java:initializePipelineState(151)) - No pipeline exists in current db
2020-03-27 08:15:01,807 [main] WARN  server.ServerUtils (ServerUtils.java:getScmDbDir(148)) - ozone.scm.db.dirs is not configured. We recommend adding this setting. Falling back to ozone.metadata.dirs instead.
2020-03-27 08:15:01,817 [main] INFO  safemode.HealthyPipelineSafeModeRule (HealthyPipelineSafeModeRule.java:<init>(88)) - Total pipeline count is 0, healthy pipeline threshold count is 0
2020-03-27 08:15:01,817 [main] INFO  safemode.OneReplicaPipelineSafeModeRule (OneReplicaPipelineSafeModeRule.java:<init>(79)) - Total pipeline count is 0, pipeline's with at least one datanode reported threshold count is 0
2020-03-27 08:15:01,818 [RatisPipelineUtilsThread] WARN  pipeline.PipelinePlacementPolicy (PipelinePlacementPolicy.java:filterViableNodes(150)) - Pipeline creation failed due to no sufficient healthy datanodes. Required 3. Found 0.
2020-03-27 08:15:01,819 [main] INFO  ipc.CallQueueManager (CallQueueManager.java:<init>(84)) - Using callQueue: class java.util.concurrent.LinkedBlockingQueue, queueCapacity: 2000, scheduler: class org.apache.hadoop.ipc.DefaultRpcScheduler, ipcBackoff: false.
2020-03-27 08:15:01,819 [Socket Reader #1 for port 37361] INFO  ipc.Server (Server.java:run(1074)) - Starting Socket Reader #1 for port 37361
2020-03-27 08:15:01,820 [main] INFO  ipc.CallQueueManager (CallQueueManager.java:<init>(84)) - Using callQueue: class java.util.concurrent.LinkedBlockingQueue, queueCapacity: 2000, scheduler: class org.apache.hadoop.ipc.DefaultRpcScheduler, ipcBackoff: false.
2020-03-27 08:15:01,820 [Socket Reader #1 for port 38837] INFO  ipc.Server (Server.java:run(1074)) - Starting Socket Reader #1 for port 38837
2020-03-27 08:15:01,826 [main] INFO  ipc.CallQueueManager (CallQueueManager.java:<init>(84)) - Using callQueue: class java.util.concurrent.LinkedBlockingQueue, queueCapacity: 2000, scheduler: class org.apache.hadoop.ipc.DefaultRpcScheduler, ipcBackoff: false.
2020-03-27 08:15:01,827 [Socket Reader #1 for port 39655] INFO  ipc.Server (Server.java:run(1074)) - Starting Socket Reader #1 for port 39655
2020-03-27 08:15:01,830 [main] INFO  http.BaseHttpServer (BaseHttpServer.java:newHttpServer2BuilderForOzone(170)) - Starting Web-server for scm at: http://0.0.0.0:0
2020-03-27 08:15:01,831 [main] INFO  server.AuthenticationFilter (AuthenticationFilter.java:constructSecretProvider(240)) - Unable to initialize FileSignerSecretProvider, falling back to use random secrets.
2020-03-27 08:15:01,832 [main] WARN  http.HttpRequestLog (HttpRequestLog.java:getRequestLog(103)) - Jetty request log can only be enabled using Log4j
2020-03-27 08:15:01,833 [main] INFO  http.HttpServer2 (HttpServer2.java:addGlobalFilter(970)) - Added global filter 'safety' (class=org.apache.hadoop.hdds.server.http.HttpServer2$QuotingInputFilter)
2020-03-27 08:15:01,834 [main] INFO  http.HttpServer2 (HttpServer2.java:addFilter(946)) - Added filter static_user_filter (class=org.apache.hadoop.hdds.server.http.StaticUserWebFilter$StaticUserFilter) to context scm
2020-03-27 08:15:01,834 [main] INFO  http.HttpServer2 (HttpServer2.java:addFilter(954)) - Added filter static_user_filter (class=org.apache.hadoop.hdds.server.http.StaticUserWebFilter$StaticUserFilter) to context logs
2020-03-27 08:15:01,834 [main] INFO  http.HttpServer2 (HttpServer2.java:addFilter(954)) - Added filter static_user_filter (class=org.apache.hadoop.hdds.server.http.StaticUserWebFilter$StaticUserFilter) to context static
2020-03-27 08:15:01,843 [main] INFO  server.StorageContainerManager (StorageContainerManager.java:start(773)) - StorageContainerLocationProtocol RPC server is listening at /0.0.0.0:39655
2020-03-27 08:15:01,844 [main] WARN  impl.MetricsConfig (MetricsConfig.java:loadFirst(134)) - Cannot locate configuration: tried hadoop-metrics2-storagecontainermanager.properties,hadoop-metrics2.properties
2020-03-27 08:15:01,845 [main] INFO  impl.MetricsSystemImpl (MetricsSystemImpl.java:startTimer(374)) - Scheduled Metric snapshot period at 10 second(s).
2020-03-27 08:15:01,845 [main] INFO  impl.MetricsSystemImpl (MetricsSystemImpl.java:start(191)) - StorageContainerManager metrics system started
2020-03-27 08:15:01,887 [main] WARN  impl.MetricsSystemImpl (MetricsSystemImpl.java:register(276)) - Sink prometheus already exists!
2020-03-27 08:15:01,915 [main] INFO  server.SCMClientProtocolServer (SCMClientProtocolServer.java:start(162)) - RPC server for Client  is listening at /0.0.0.0:39655
2020-03-27 08:15:01,918 [IPC Server Responder] INFO  ipc.Server (Server.java:run(1314)) - IPC Server Responder: starting
2020-03-27 08:15:01,919 [IPC Server listener on 39655] INFO  ipc.Server (Server.java:run(1153)) - IPC Server listener on 39655: starting
2020-03-27 08:15:01,930 [main] INFO  server.StorageContainerManager (StorageContainerManager.java:start(785)) - ScmBlockLocationProtocol RPC server is listening at /0.0.0.0:38837
2020-03-27 08:15:01,931 [main] INFO  server.SCMBlockProtocolServer (SCMBlockProtocolServer.java:start(147)) - RPC server for Block Protocol is listening at /0.0.0.0:38837
2020-03-27 08:15:01,931 [IPC Server Responder] INFO  ipc.Server (Server.java:run(1314)) - IPC Server Responder: starting
2020-03-27 08:15:01,931 [IPC Server listener on 38837] INFO  ipc.Server (Server.java:run(1153)) - IPC Server listener on 38837: starting
2020-03-27 08:15:01,938 [main] INFO  server.StorageContainerManager (StorageContainerManager.java:start(791)) - ScmDatanodeProtocl RPC server is listening at /0.0.0.0:37361
2020-03-27 08:15:01,938 [main] INFO  server.SCMDatanodeProtocolServer (SCMDatanodeProtocolServer.java:start(176)) - RPC server for DataNodes is listening at /0.0.0.0:37361
2020-03-27 08:15:01,939 [IPC Server Responder] INFO  ipc.Server (Server.java:run(1314)) - IPC Server Responder: starting
2020-03-27 08:15:01,939 [IPC Server listener on 37361] INFO  ipc.Server (Server.java:run(1153)) - IPC Server listener on 37361: starting
2020-03-27 08:15:01,946 [main] INFO  http.HttpServer2 (HttpServer2.java:bindListener(1188)) - Jetty bound to port 33643
2020-03-27 08:15:01,947 [main] INFO  server.Server (Server.java:doStart(359)) - jetty-9.4.26.v20200117; built: 2020-01-17T12:35:33.676Z; git: 7b38981d25d14afb4a12ff1f2596756144edf695; jvm 1.8.0_232-b09
2020-03-27 08:15:01,948 [main] INFO  server.session (DefaultSessionIdManager.java:doStart(333)) - DefaultSessionIdManager workerName=node0
2020-03-27 08:15:01,948 [main] INFO  server.session (DefaultSessionIdManager.java:doStart(338)) - No SessionScavenger set, using defaults
2020-03-27 08:15:01,948 [main] INFO  server.session (HouseKeeper.java:startScavenging(140)) - node0 Scavenging every 660000ms
2020-03-27 08:15:01,951 [main] INFO  handler.ContextHandler (ContextHandler.java:doStart(825)) - Started o.e.j.s.ServletContextHandler@2e37f0b9{logs,/logs,file:///github/workspace/hadoop-ozone/integration-test/target/log,AVAILABLE}
2020-03-27 08:15:01,951 [main] INFO  handler.ContextHandler (ContextHandler.java:doStart(825)) - Started o.e.j.s.ServletContextHandler@6c30756f{static,/static,file:///github/workspace/hadoop-ozone/integration-test/target/test-classes/webapps/static,AVAILABLE}
2020-03-27 08:15:01,956 [main] INFO  handler.ContextHandler (ContextHandler.java:doStart(825)) - Started o.e.j.w.WebAppContext@7ab26ad2{scm,/,file:///github/workspace/hadoop-ozone/integration-test/target/test-classes/webapps/scm/,AVAILABLE}{file:/github/workspace/hadoop-ozone/integration-test/target/test-classes/webapps/scm}
2020-03-27 08:15:01,957 [main] INFO  server.AbstractConnector (AbstractConnector.java:doStart(330)) - Started ServerConnector@b5eab1b{HTTP/1.1,[http/1.1]}{0.0.0.0:33643}
2020-03-27 08:15:01,957 [main] INFO  server.Server (Server.java:doStart(399)) - Started @624627ms
2020-03-27 08:15:01,957 [main] WARN  impl.MetricsSystemImpl (MetricsSystemImpl.java:register(276)) - Sink prometheus already exists!
2020-03-27 08:15:01,960 [main] INFO  http.BaseHttpServer (BaseHttpServer.java:updateConnectorAddress(284)) - HTTP server of scm listening at http://0.0.0.0:33643
2020-03-27 08:15:01,961 [main] WARN  server.ServerUtils (ServerUtils.java:getDBPath(225)) - ozone.om.db.dirs is not configured. We recommend adding this setting. Falling back to ozone.metadata.dirs instead.
2020-03-27 08:15:01,962 [org.apache.hadoop.util.JvmPauseMonitor$Monitor@7fef745b] INFO  util.JvmPauseMonitor (JvmPauseMonitor.java:run(188)) - Starting JVM pause monitor
2020-03-27 08:15:01,963 [main] INFO  ha.OMHANodeDetails (OMHANodeDetails.java:loadOMHAConfig(104)) - ozone.om.internal.service.id is not defined, falling back to ozone.om.service.ids to find serviceID for OzoneManager if it is HA enabled cluster
2020-03-27 08:15:01,963 [main] INFO  ha.OMHANodeDetails (OMHANodeDetails.java:loadOMHAConfig(207)) - Configuration either no ozone.om.address set. Falling back to the default OM address /127.0.0.1:0
2020-03-27 08:15:01,963 [main] INFO  ha.OMHANodeDetails (OMHANodeDetails.java:getOMNodeDetails(237)) - OM Service ID is not set. Setting it to the default ID: omServiceIdDefault
2020-03-27 08:15:01,964 [main] WARN  server.ServerUtils (ServerUtils.java:getDBPath(225)) - ozone.om.db.dirs is not configured. We recommend adding this setting. Falling back to ozone.metadata.dirs instead.
2020-03-27 08:15:01,964 [main] WARN  server.ServerUtils (ServerUtils.java:getDBPath(225)) - ozone.om.db.dirs is not configured. We recommend adding this setting. Falling back to ozone.metadata.dirs instead.
2020-03-27 08:15:01,970 [main] WARN  server.ServerUtils (ServerUtils.java:getDBPath(225)) - ozone.om.db.dirs is not configured. We recommend adding this setting. Falling back to ozone.metadata.dirs instead.
2020-03-27 08:15:02,048 [main] INFO  ipc.CallQueueManager (CallQueueManager.java:<init>(84)) - Using callQueue: class java.util.concurrent.LinkedBlockingQueue, queueCapacity: 2000, scheduler: class org.apache.hadoop.ipc.DefaultRpcScheduler, ipcBackoff: false.
2020-03-27 08:15:02,049 [Socket Reader #1 for port 45663] INFO  ipc.Server (Server.java:run(1074)) - Starting Socket Reader #1 for port 45663
2020-03-27 08:15:02,067 [main] INFO  impl.MetricsSystemImpl (MetricsSystemImpl.java:init(158)) - OzoneManager metrics system started (again)
2020-03-27 08:15:02,068 [main] INFO  om.OzoneManager (OzoneManager.java:start(1093)) - OzoneManager RPC server is listening at localhost/127.0.0.1:45663
2020-03-27 08:15:02,069 [IPC Server Responder] INFO  ipc.Server (Server.java:run(1314)) - IPC Server Responder: starting
2020-03-27 08:15:02,075 [IPC Server listener on 45663] INFO  ipc.Server (Server.java:run(1153)) - IPC Server listener on 45663: starting
2020-03-27 08:15:02,078 [main] INFO  http.BaseHttpServer (BaseHttpServer.java:newHttpServer2BuilderForOzone(170)) - Starting Web-server for ozoneManager at: http://0.0.0.0:0
2020-03-27 08:15:02,079 [main] INFO  server.AuthenticationFilter (AuthenticationFilter.java:constructSecretProvider(240)) - Unable to initialize FileSignerSecretProvider, falling back to use random secrets.
2020-03-27 08:15:02,079 [main] WARN  http.HttpRequestLog (HttpRequestLog.java:getRequestLog(103)) - Jetty request log can only be enabled using Log4j
2020-03-27 08:15:02,080 [main] INFO  http.HttpServer2 (HttpServer2.java:addGlobalFilter(970)) - Added global filter 'safety' (class=org.apache.hadoop.hdds.server.http.HttpServer2$QuotingInputFilter)
2020-03-27 08:15:02,081 [main] INFO  http.HttpServer2 (HttpServer2.java:addFilter(946)) - Added filter static_user_filter (class=org.apache.hadoop.hdds.server.http.StaticUserWebFilter$StaticUserFilter) to context ozoneManager
2020-03-27 08:15:02,081 [main] INFO  http.HttpServer2 (HttpServer2.java:addFilter(954)) - Added filter static_user_filter (class=org.apache.hadoop.hdds.server.http.StaticUserWebFilter$StaticUserFilter) to context static
2020-03-27 08:15:02,081 [main] INFO  http.HttpServer2 (HttpServer2.java:addFilter(954)) - Added filter static_user_filter (class=org.apache.hadoop.hdds.server.http.StaticUserWebFilter$StaticUserFilter) to context logs
2020-03-27 08:15:02,081 [main] INFO  http.HttpServer2 (HttpServer2.java:bindListener(1188)) - Jetty bound to port 42471
2020-03-27 08:15:02,081 [main] INFO  server.Server (Server.java:doStart(359)) - jetty-9.4.26.v20200117; built: 2020-01-17T12:35:33.676Z; git: 7b38981d25d14afb4a12ff1f2596756144edf695; jvm 1.8.0_232-b09
2020-03-27 08:15:02,082 [main] INFO  server.session (DefaultSessionIdManager.java:doStart(333)) - DefaultSessionIdManager workerName=node0
2020-03-27 08:15:02,083 [main] INFO  server.session (DefaultSessionIdManager.java:doStart(338)) - No SessionScavenger set, using defaults
2020-03-27 08:15:02,083 [main] INFO  server.session (HouseKeeper.java:startScavenging(140)) - node0 Scavenging every 600000ms
2020-03-27 08:15:02,083 [main] INFO  handler.ContextHandler (ContextHandler.java:doStart(825)) - Started o.e.j.s.ServletContextHandler@ec4bcd9{logs,/logs,file:///github/workspace/hadoop-ozone/integration-test/target/log,AVAILABLE}
2020-03-27 08:15:02,083 [main] INFO  handler.ContextHandler (ContextHandler.java:doStart(825)) - Started o.e.j.s.ServletContextHandler@35e092d9{static,/static,file:///github/workspace/hadoop-ozone/integration-test/target/test-classes/webapps/static,AVAILABLE}
2020-03-27 08:15:02,090 [main] INFO  handler.ContextHandler (ContextHandler.java:doStart(825)) - Started o.e.j.w.WebAppContext@6a2e1c97{ozoneManager,/,file:///github/workspace/hadoop-ozone/integration-test/target/test-classes/webapps/ozoneManager/,AVAILABLE}{file:/github/workspace/hadoop-ozone/integration-test/target/test-classes/webapps/ozoneManager}
2020-03-27 08:15:02,092 [main] INFO  server.AbstractConnector (AbstractConnector.java:doStart(330)) - Started ServerConnector@9740423{HTTP/1.1,[http/1.1]}{0.0.0.0:42471}
2020-03-27 08:15:02,092 [main] INFO  server.Server (Server.java:doStart(399)) - Started @624762ms
2020-03-27 08:15:02,092 [main] WARN  impl.MetricsSystemImpl (MetricsSystemImpl.java:register(276)) - Sink prometheus already exists!
2020-03-27 08:15:02,095 [main] INFO  http.BaseHttpServer (BaseHttpServer.java:updateConnectorAddress(284)) - HTTP server of ozoneManager listening at http://0.0.0.0:42471
2020-03-27 08:15:02,113 [main] INFO  impl.MetricsSystemImpl (MetricsSystemImpl.java:init(158)) - HddsDatanode metrics system started (again)
2020-03-27 08:15:02,117 [main] INFO  ozone.HddsDatanodeService (HddsDatanodeService.java:start(204)) - HddsDatanodeService host:767d39cb30d6 ip:172.17.0.2
2020-03-27 08:15:02,118 [main] INFO  volume.HddsVolume (HddsVolume.java:<init>(177)) - Creating Volume: /github/workspace/hadoop-ozone/integration-test/target/test-dir/MiniOzoneClusterImpl-178f0ac1-9287-41ca-b66e-5f4c0e2bc6ba/datanode-0/data/containers/hdds of storage type : DISK and capacity : 9223372036854775807
2020-03-27 08:15:02,119 [main] INFO  volume.MutableVolumeSet (MutableVolumeSet.java:initializeVolumeSet(188)) - Added Volume : /github/workspace/hadoop-ozone/integration-test/target/test-dir/MiniOzoneClusterImpl-178f0ac1-9287-41ca-b66e-5f4c0e2bc6ba/datanode-0/data/containers/hdds to VolumeSet
2020-03-27 08:15:02,119 [main] INFO  volume.ThrottledAsyncChecker (ThrottledAsyncChecker.java:schedule(141)) - Scheduling a check for /github/workspace/hadoop-ozone/integration-test/target/test-dir/MiniOzoneClusterImpl-178f0ac1-9287-41ca-b66e-5f4c0e2bc6ba/datanode-0/data/containers/hdds
2020-03-27 08:15:02,120 [main] INFO  volume.HddsVolumeChecker (HddsVolumeChecker.java:checkAllVolumes(200)) - Scheduled health check for volume /github/workspace/hadoop-ozone/integration-test/target/test-dir/MiniOzoneClusterImpl-178f0ac1-9287-41ca-b66e-5f4c0e2bc6ba/datanode-0/data/containers/hdds
2020-03-27 08:15:02,138 [main] INFO  impl.RaftServerProxy (ConfUtils.java:logGet(43)) - raft.rpc.type = GRPC (default)
2020-03-27 08:15:02,139 [main] INFO  grpc.GrpcFactory (GrpcFactory.java:checkPooledByteBufAllocatorUseCacheForAllThreads(45)) - PERFORMANCE WARNING: useCacheForAllThreads is true that may cause Netty to create a lot garbage objects and, as a result, trigger GC.
	It is recommended to disable useCacheForAllThreads by setting -Dorg.apache.ratis.thirdparty.io.netty.allocator.useCacheForAllThreads=false in command line.
2020-03-27 08:15:02,139 [main] INFO  grpc.GrpcConfigKeys$Server (ConfUtils.java:logGet(43)) - raft.grpc.server.port = 0 (default)
2020-03-27 08:15:02,139 [main] INFO  server.GrpcService (ConfUtils.java:logGet(43)) - raft.grpc.message.size.max = 32MB (=33554432) (custom)
2020-03-27 08:15:02,139 [main] INFO  server.RaftServerConfigKeys (ConfUtils.java:logGet(43)) - raft.server.log.appender.buffer.byte-limit = 33554432 (custom)
2020-03-27 08:15:02,139 [main] INFO  server.GrpcService (ConfUtils.java:logGet(43)) - raft.grpc.flow.control.window = 5MB (=5242880) (custom)
2020-03-27 08:15:02,139 [main] INFO  server.RaftServerConfigKeys (ConfUtils.java:logGet(43)) - raft.server.rpc.request.timeout = 3s (default)
2020-03-27 08:15:02,139 [main] INFO  server.RaftServerConfigKeys (ConfUtils.java:logGet(43)) - raft.server.storage.dir = [/github/workspace/hadoop-ozone/integration-test/target/test-dir/MiniOzoneClusterImpl-178f0ac1-9287-41ca-b66e-5f4c0e2bc6ba/datanode-0/data/ratis] (custom)
2020-03-27 08:15:02,143 [main] INFO  http.BaseHttpServer (BaseHttpServer.java:newHttpServer2BuilderForOzone(170)) - Starting Web-server for hddsDatanode at: http://0.0.0.0:0
2020-03-27 08:15:02,143 [main] INFO  server.AuthenticationFilter (AuthenticationFilter.java:constructSecretProvider(240)) - Unable to initialize FileSignerSecretProvider, falling back to use random secrets.
2020-03-27 08:15:02,144 [main] WARN  http.HttpRequestLog (HttpRequestLog.java:getRequestLog(103)) - Jetty request log can only be enabled using Log4j
2020-03-27 08:15:02,145 [main] INFO  http.HttpServer2 (HttpServer2.java:addGlobalFilter(970)) - Added global filter 'safety' (class=org.apache.hadoop.hdds.server.http.HttpServer2$QuotingInputFilter)
2020-03-27 08:15:02,146 [main] INFO  http.HttpServer2 (HttpServer2.java:addFilter(946)) - Added filter static_user_filter (class=org.apache.hadoop.hdds.server.http.StaticUserWebFilter$StaticUserFilter) to context hddsDatanode
2020-03-27 08:15:02,146 [main] INFO  http.HttpServer2 (HttpServer2.java:addFilter(954)) - Added filter static_user_filter (class=org.apache.hadoop.hdds.server.http.StaticUserWebFilter$StaticUserFilter) to context logs
2020-03-27 08:15:02,146 [main] INFO  http.HttpServer2 (HttpServer2.java:addFilter(954)) - Added filter static_user_filter (class=org.apache.hadoop.hdds.server.http.StaticUserWebFilter$StaticUserFilter) to context static
2020-03-27 08:15:02,146 [main] INFO  http.HttpServer2 (HttpServer2.java:bindListener(1188)) - Jetty bound to port 36557
2020-03-27 08:15:02,146 [main] INFO  server.Server (Server.java:doStart(359)) - jetty-9.4.26.v20200117; built: 2020-01-17T12:35:33.676Z; git: 7b38981d25d14afb4a12ff1f2596756144edf695; jvm 1.8.0_232-b09
2020-03-27 08:15:02,148 [main] INFO  server.session (DefaultSessionIdManager.java:doStart(333)) - DefaultSessionIdManager workerName=node0
2020-03-27 08:15:02,148 [main] INFO  server.session (DefaultSessionIdManager.java:doStart(338)) - No SessionScavenger set, using defaults
2020-03-27 08:15:02,148 [main] INFO  server.session (HouseKeeper.java:startScavenging(140)) - node0 Scavenging every 660000ms
2020-03-27 08:15:02,148 [main] INFO  handler.ContextHandler (ContextHandler.java:doStart(825)) - Started o.e.j.s.ServletContextHandler@51c3f7c2{logs,/logs,file:///github/workspace/hadoop-ozone/integration-test/target/log,AVAILABLE}
2020-03-27 08:15:02,149 [main] INFO  handler.ContextHandler (ContextHandler.java:doStart(825)) - Started o.e.j.s.ServletContextHandler@3fc147f3{static,/static,jar:file:/home/user/.m2/repository/org/apache/hadoop/hadoop-hdds-container-service/0.5.0-SNAPSHOT/hadoop-hdds-container-service-0.5.0-SNAPSHOT.jar!/webapps/static,AVAILABLE}
2020-03-27 08:15:02,177 [main] INFO  handler.ContextHandler (ContextHandler.java:doStart(825)) - Started o.e.j.w.WebAppContext@37e7bf91{hddsDatanode,/,file:///tmp/jetty-0_0_0_0-36557-hadoop-hdds-container-service-0_5_0-SNAPSHOT_jar-_-any-2677965752019338882.dir/webapp/,AVAILABLE}{jar:file:/home/user/.m2/repository/org/apache/hadoop/hadoop-hdds-container-service/0.5.0-SNAPSHOT/hadoop-hdds-container-service-0.5.0-SNAPSHOT.jar!/webapps/hddsDatanode}
2020-03-27 08:15:02,178 [main] INFO  server.AbstractConnector (AbstractConnector.java:doStart(330)) - Started ServerConnector@2bda9ad4{HTTP/1.1,[http/1.1]}{0.0.0.0:36557}
2020-03-27 08:15:02,178 [main] INFO  server.Server (Server.java:doStart(399)) - Started @624849ms
2020-03-27 08:15:02,178 [main] WARN  impl.MetricsSystemImpl (MetricsSystemImpl.java:register(276)) - Sink prometheus already exists!
2020-03-27 08:15:02,181 [main] INFO  http.BaseHttpServer (BaseHttpServer.java:updateConnectorAddress(284)) - HTTP server of hddsDatanode listening at http://0.0.0.0:36557
2020-03-27 08:15:02,181 [main] INFO  impl.MetricsSystemImpl (MetricsSystemImpl.java:init(158)) - HddsDatanode metrics system started (again)
2020-03-27 08:15:02,183 [main] INFO  ozone.HddsDatanodeService (HddsDatanodeService.java:start(204)) - HddsDatanodeService host:767d39cb30d6 ip:172.17.0.2
2020-03-27 08:15:02,186 [main] INFO  volume.HddsVolume (HddsVolume.java:<init>(177)) - Creating Volume: /github/workspace/hadoop-ozone/integration-test/target/test-dir/MiniOzoneClusterImpl-178f0ac1-9287-41ca-b66e-5f4c0e2bc6ba/datanode-1/data/containers/hdds of storage type : DISK and capacity : 9223372036854775807
2020-03-27 08:15:02,186 [main] INFO  volume.MutableVolumeSet (MutableVolumeSet.java:initializeVolumeSet(188)) - Added Volume : /github/workspace/hadoop-ozone/integration-test/target/test-dir/MiniOzoneClusterImpl-178f0ac1-9287-41ca-b66e-5f4c0e2bc6ba/datanode-1/data/containers/hdds to VolumeSet
2020-03-27 08:15:02,187 [main] INFO  volume.ThrottledAsyncChecker (ThrottledAsyncChecker.java:schedule(141)) - Scheduling a check for /github/workspace/hadoop-ozone/integration-test/target/test-dir/MiniOzoneClusterImpl-178f0ac1-9287-41ca-b66e-5f4c0e2bc6ba/datanode-1/data/containers/hdds
2020-03-27 08:15:02,190 [org.apache.hadoop.util.JvmPauseMonitor$Monitor@40fa4032] INFO  util.JvmPauseMonitor (JvmPauseMonitor.java:run(188)) - Starting JVM pause monitor
2020-03-27 08:15:02,191 [main] INFO  volume.HddsVolumeChecker (HddsVolumeChecker.java:checkAllVolumes(200)) - Scheduled health check for volume /github/workspace/hadoop-ozone/integration-test/target/test-dir/MiniOzoneClusterImpl-178f0ac1-9287-41ca-b66e-5f4c0e2bc6ba/datanode-1/data/containers/hdds
2020-03-27 08:15:02,195 [Datanode State Machine Thread - 0] INFO  datanode.InitDatanodeState (InitDatanodeState.java:persistContainerDatanodeDetails(147)) - DatanodeDetails is persisted to /github/workspace/hadoop-ozone/integration-test/target/test-dir/MiniOzoneClusterImpl-178f0ac1-9287-41ca-b66e-5f4c0e2bc6ba/datanode-0/meta/datanode.id
2020-03-27 08:15:02,208 [main] INFO  impl.RaftServerProxy (ConfUtils.java:logGet(43)) - raft.rpc.type = GRPC (default)
2020-03-27 08:15:02,208 [main] INFO  grpc.GrpcFactory (GrpcFactory.java:checkPooledByteBufAllocatorUseCacheForAllThreads(45)) - PERFORMANCE WARNING: useCacheForAllThreads is true that may cause Netty to create a lot garbage objects and, as a result, trigger GC.
	It is recommended to disable useCacheForAllThreads by setting -Dorg.apache.ratis.thirdparty.io.netty.allocator.useCacheForAllThreads=false in command line.
2020-03-27 08:15:02,208 [main] INFO  grpc.GrpcConfigKeys$Server (ConfUtils.java:logGet(43)) - raft.grpc.server.port = 0 (default)
2020-03-27 08:15:02,209 [main] INFO  server.GrpcService (ConfUtils.java:logGet(43)) - raft.grpc.message.size.max = 32MB (=33554432) (custom)
2020-03-27 08:15:02,209 [main] INFO  server.RaftServerConfigKeys (ConfUtils.java:logGet(43)) - raft.server.log.appender.buffer.byte-limit = 33554432 (custom)
2020-03-27 08:15:02,209 [main] INFO  server.GrpcService (ConfUtils.java:logGet(43)) - raft.grpc.flow.control.window = 5MB (=5242880) (custom)
2020-03-27 08:15:02,209 [main] INFO  server.RaftServerConfigKeys (ConfUtils.java:logGet(43)) - raft.server.rpc.request.timeout = 3s (default)
2020-03-27 08:15:02,209 [main] INFO  server.RaftServerConfigKeys (ConfUtils.java:logGet(43)) - raft.server.storage.dir = [/github/workspace/hadoop-ozone/integration-test/target/test-dir/MiniOzoneClusterImpl-178f0ac1-9287-41ca-b66e-5f4c0e2bc6ba/datanode-1/data/ratis] (custom)
2020-03-27 08:15:02,212 [main] INFO  http.BaseHttpServer (BaseHttpServer.java:newHttpServer2BuilderForOzone(170)) - Starting Web-server for hddsDatanode at: http://0.0.0.0:0
2020-03-27 08:15:02,213 [main] INFO  server.AuthenticationFilter (AuthenticationFilter.java:constructSecretProvider(240)) - Unable to initialize FileSignerSecretProvider, falling back to use random secrets.
2020-03-27 08:15:02,214 [main] WARN  http.HttpRequestLog (HttpRequestLog.java:getRequestLog(103)) - Jetty request log can only be enabled using Log4j
2020-03-27 08:15:02,215 [main] INFO  http.HttpServer2 (HttpServer2.java:addGlobalFilter(970)) - Added global filter 'safety' (class=org.apache.hadoop.hdds.server.http.HttpServer2$QuotingInputFilter)
2020-03-27 08:15:02,215 [main] INFO  http.HttpServer2 (HttpServer2.java:addFilter(946)) - Added filter static_user_filter (class=org.apache.hadoop.hdds.server.http.StaticUserWebFilter$StaticUserFilter) to context hddsDatanode
2020-03-27 08:15:02,215 [main] INFO  http.HttpServer2 (HttpServer2.java:addFilter(954)) - Added filter static_user_filter (class=org.apache.hadoop.hdds.server.http.StaticUserWebFilter$StaticUserFilter) to context logs
2020-03-27 08:15:02,215 [main] INFO  http.HttpServer2 (HttpServer2.java:addFilter(954)) - Added filter static_user_filter (class=org.apache.hadoop.hdds.server.http.StaticUserWebFilter$StaticUserFilter) to context static
2020-03-27 08:15:02,216 [main] INFO  http.HttpServer2 (HttpServer2.java:bindListener(1188)) - Jetty bound to port 46341
2020-03-27 08:15:02,216 [main] INFO  server.Server (Server.java:doStart(359)) - jetty-9.4.26.v20200117; built: 2020-01-17T12:35:33.676Z; git: 7b38981d25d14afb4a12ff1f2596756144edf695; jvm 1.8.0_232-b09
2020-03-27 08:15:02,217 [main] INFO  server.session (DefaultSessionIdManager.java:doStart(333)) - DefaultSessionIdManager workerName=node0
2020-03-27 08:15:02,217 [main] INFO  server.session (DefaultSessionIdManager.java:doStart(338)) - No SessionScavenger set, using defaults
2020-03-27 08:15:02,217 [main] INFO  server.session (HouseKeeper.java:startScavenging(140)) - node0 Scavenging every 600000ms
2020-03-27 08:15:02,218 [main] INFO  handler.ContextHandler (ContextHandler.java:doStart(825)) - Started o.e.j.s.ServletContextHandler@3a612e8{logs,/logs,file:///github/workspace/hadoop-ozone/integration-test/target/log,AVAILABLE}
2020-03-27 08:15:02,219 [main] INFO  handler.ContextHandler (ContextHandler.java:doStart(825)) - Started o.e.j.s.ServletContextHandler@4a86be58{static,/static,jar:file:/home/user/.m2/repository/org/apache/hadoop/hadoop-hdds-container-service/0.5.0-SNAPSHOT/hadoop-hdds-container-service-0.5.0-SNAPSHOT.jar!/webapps/static,AVAILABLE}
2020-03-27 08:15:02,246 [main] INFO  handler.ContextHandler (ContextHandler.java:doStart(825)) - Started o.e.j.w.WebAppContext@436d06c3{hddsDatanode,/,file:///tmp/jetty-0_0_0_0-46341-hadoop-hdds-container-service-0_5_0-SNAPSHOT_jar-_-any-6352679712510897374.dir/webapp/,AVAILABLE}{jar:file:/home/user/.m2/repository/org/apache/hadoop/hadoop-hdds-container-service/0.5.0-SNAPSHOT/hadoop-hdds-container-service-0.5.0-SNAPSHOT.jar!/webapps/hddsDatanode}
2020-03-27 08:15:02,248 [main] INFO  server.AbstractConnector (AbstractConnector.java:doStart(330)) - Started ServerConnector@331e68a5{HTTP/1.1,[http/1.1]}{0.0.0.0:46341}
2020-03-27 08:15:02,248 [main] INFO  server.Server (Server.java:doStart(399)) - Started @624918ms
2020-03-27 08:15:02,248 [main] WARN  impl.MetricsSystemImpl (MetricsSystemImpl.java:register(276)) - Sink prometheus already exists!
2020-03-27 08:15:02,250 [main] INFO  http.BaseHttpServer (BaseHttpServer.java:updateConnectorAddress(284)) - HTTP server of hddsDatanode listening at http://0.0.0.0:46341
2020-03-27 08:15:02,251 [main] INFO  impl.MetricsSystemImpl (MetricsSystemImpl.java:init(158)) - HddsDatanode metrics system started (again)
2020-03-27 08:15:02,252 [main] INFO  ozone.HddsDatanodeService (HddsDatanodeService.java:start(204)) - HddsDatanodeService host:767d39cb30d6 ip:172.17.0.2
2020-03-27 08:15:02,270 [org.apache.hadoop.util.JvmPauseMonitor$Monitor@ecc1b99] INFO  util.JvmPauseMonitor (JvmPauseMonitor.java:run(188)) - Starting JVM pause monitor
2020-03-27 08:15:02,270 [main] INFO  volume.HddsVolume (HddsVolume.java:<init>(177)) - Creating Volume: /github/workspace/hadoop-ozone/integration-test/target/test-dir/MiniOzoneClusterImpl-178f0ac1-9287-41ca-b66e-5f4c0e2bc6ba/datanode-2/data/containers/hdds of storage type : DISK and capacity : 9223372036854775807
2020-03-27 08:15:02,271 [main] INFO  volume.MutableVolumeSet (MutableVolumeSet.java:initializeVolumeSet(188)) - Added Volume : /github/workspace/hadoop-ozone/integration-test/target/test-dir/MiniOzoneClusterImpl-178f0ac1-9287-41ca-b66e-5f4c0e2bc6ba/datanode-2/data/containers/hdds to VolumeSet
2020-03-27 08:15:02,271 [main] INFO  volume.ThrottledAsyncChecker (ThrottledAsyncChecker.java:schedule(141)) - Scheduling a check for /github/workspace/hadoop-ozone/integration-test/target/test-dir/MiniOzoneClusterImpl-178f0ac1-9287-41ca-b66e-5f4c0e2bc6ba/datanode-2/data/containers/hdds
2020-03-27 08:15:02,271 [Datanode State Machine Thread - 0] INFO  datanode.InitDatanodeState (InitDatanodeState.java:persistContainerDatanodeDetails(147)) - DatanodeDetails is persisted to /github/workspace/hadoop-ozone/integration-test/target/test-dir/MiniOzoneClusterImpl-178f0ac1-9287-41ca-b66e-5f4c0e2bc6ba/datanode-1/meta/datanode.id
2020-03-27 08:15:02,271 [main] INFO  volume.HddsVolumeChecker (HddsVolumeChecker.java:checkAllVolumes(200)) - Scheduled health check for volume /github/workspace/hadoop-ozone/integration-test/target/test-dir/MiniOzoneClusterImpl-178f0ac1-9287-41ca-b66e-5f4c0e2bc6ba/datanode-2/data/containers/hdds
2020-03-27 08:15:02,287 [main] INFO  impl.RaftServerProxy (ConfUtils.java:logGet(43)) - raft.rpc.type = GRPC (default)
2020-03-27 08:15:02,287 [main] INFO  grpc.GrpcFactory (GrpcFactory.java:checkPooledByteBufAllocatorUseCacheForAllThreads(45)) - PERFORMANCE WARNING: useCacheForAllThreads is true that may cause Netty to create a lot garbage objects and, as a result, trigger GC.
	It is recommended to disable useCacheForAllThreads by setting -Dorg.apache.ratis.thirdparty.io.netty.allocator.useCacheForAllThreads=false in command line.
2020-03-27 08:15:02,287 [main] INFO  grpc.GrpcConfigKeys$Server (ConfUtils.java:logGet(43)) - raft.grpc.server.port = 0 (default)
2020-03-27 08:15:02,288 [main] INFO  server.GrpcService (ConfUtils.java:logGet(43)) - raft.grpc.message.size.max = 32MB (=33554432) (custom)
2020-03-27 08:15:02,288 [main] INFO  server.RaftServerConfigKeys (ConfUtils.java:logGet(43)) - raft.server.log.appender.buffer.byte-limit = 33554432 (custom)
2020-03-27 08:15:02,288 [main] INFO  server.GrpcService (ConfUtils.java:logGet(43)) - raft.grpc.flow.control.window = 5MB (=5242880) (custom)
2020-03-27 08:15:02,288 [main] INFO  server.RaftServerConfigKeys (ConfUtils.java:logGet(43)) - raft.server.rpc.request.timeout = 3s (default)
2020-03-27 08:15:02,288 [main] INFO  server.RaftServerConfigKeys (ConfUtils.java:logGet(43)) - raft.server.storage.dir = [/github/workspace/hadoop-ozone/integration-test/target/test-dir/MiniOzoneClusterImpl-178f0ac1-9287-41ca-b66e-5f4c0e2bc6ba/datanode-2/data/ratis] (custom)
2020-03-27 08:15:02,291 [main] INFO  http.BaseHttpServer (BaseHttpServer.java:newHttpServer2BuilderForOzone(170)) - Starting Web-server for hddsDatanode at: http://0.0.0.0:0
2020-03-27 08:15:02,292 [main] INFO  server.AuthenticationFilter (AuthenticationFilter.java:constructSecretProvider(240)) - Unable to initialize FileSignerSecretProvider, falling back to use random secrets.
2020-03-27 08:15:02,293 [main] WARN  http.HttpRequestLog (HttpRequestLog.java:getRequestLog(103)) - Jetty request log can only be enabled using Log4j
2020-03-27 08:15:02,294 [main] INFO  http.HttpServer2 (HttpServer2.java:addGlobalFilter(970)) - Added global filter 'safety' (class=org.apache.hadoop.hdds.server.http.HttpServer2$QuotingInputFilter)
2020-03-27 08:15:02,294 [main] INFO  http.HttpServer2 (HttpServer2.java:addFilter(946)) - Added filter static_user_filter (class=org.apache.hadoop.hdds.server.http.StaticUserWebFilter$StaticUserFilter) to context hddsDatanode
2020-03-27 08:15:02,294 [main] INFO  http.HttpServer2 (HttpServer2.java:addFilter(954)) - Added filter static_user_filter (class=org.apache.hadoop.hdds.server.http.StaticUserWebFilter$StaticUserFilter) to context logs
2020-03-27 08:15:02,295 [main] INFO  http.HttpServer2 (HttpServer2.java:addFilter(954)) - Added filter static_user_filter (class=org.apache.hadoop.hdds.server.http.StaticUserWebFilter$StaticUserFilter) to context static
2020-03-27 08:15:02,295 [main] INFO  http.HttpServer2 (HttpServer2.java:bindListener(1188)) - Jetty bound to port 41415
2020-03-27 08:15:02,295 [main] INFO  server.Server (Server.java:doStart(359)) - jetty-9.4.26.v20200117; built: 2020-01-17T12:35:33.676Z; git: 7b38981d25d14afb4a12ff1f2596756144edf695; jvm 1.8.0_232-b09
2020-03-27 08:15:02,296 [main] INFO  server.session (DefaultSessionIdManager.java:doStart(333)) - DefaultSessionIdManager workerName=node0
2020-03-27 08:15:02,297 [main] INFO  server.session (DefaultSessionIdManager.java:doStart(338)) - No SessionScavenger set, using defaults
2020-03-27 08:15:02,297 [main] INFO  server.session (HouseKeeper.java:startScavenging(140)) - node0 Scavenging every 600000ms
2020-03-27 08:15:02,298 [main] INFO  handler.ContextHandler (ContextHandler.java:doStart(825)) - Started o.e.j.s.ServletContextHandler@247b63ca{logs,/logs,file:///github/workspace/hadoop-ozone/integration-test/target/log,AVAILABLE}
2020-03-27 08:15:02,298 [main] INFO  handler.ContextHandler (ContextHandler.java:doStart(825)) - Started o.e.j.s.ServletContextHandler@2670b08d{static,/static,jar:file:/home/user/.m2/repository/org/apache/hadoop/hadoop-hdds-container-service/0.5.0-SNAPSHOT/hadoop-hdds-container-service-0.5.0-SNAPSHOT.jar!/webapps/static,AVAILABLE}
2020-03-27 08:15:02,325 [main] INFO  handler.ContextHandler (ContextHandler.java:doStart(825)) - Started o.e.j.w.WebAppContext@5ad25573{hddsDatanode,/,file:///tmp/jetty-0_0_0_0-41415-hadoop-hdds-container-service-0_5_0-SNAPSHOT_jar-_-any-7680671759525327646.dir/webapp/,AVAILABLE}{jar:file:/home/user/.m2/repository/org/apache/hadoop/hadoop-hdds-container-service/0.5.0-SNAPSHOT/hadoop-hdds-container-service-0.5.0-SNAPSHOT.jar!/webapps/hddsDatanode}
2020-03-27 08:15:02,326 [main] INFO  server.AbstractConnector (AbstractConnector.java:doStart(330)) - Started ServerConnector@29f38a52{HTTP/1.1,[http/1.1]}{0.0.0.0:41415}
2020-03-27 08:15:02,327 [main] INFO  server.Server (Server.java:doStart(399)) - Started @624997ms
2020-03-27 08:15:02,327 [main] WARN  impl.MetricsSystemImpl (MetricsSystemImpl.java:register(276)) - Sink prometheus already exists!
2020-03-27 08:15:02,330 [main] INFO  http.BaseHttpServer (BaseHttpServer.java:updateConnectorAddress(284)) - HTTP server of hddsDatanode listening at http://0.0.0.0:41415
2020-03-27 08:15:02,330 [main] INFO  impl.MetricsSystemImpl (MetricsSystemImpl.java:init(158)) - HddsDatanode metrics system started (again)
2020-03-27 08:15:02,331 [main] INFO  ozone.HddsDatanodeService (HddsDatanodeService.java:start(204)) - HddsDatanodeService host:767d39cb30d6 ip:172.17.0.2
2020-03-27 08:15:02,333 [main] INFO  volume.HddsVolume (HddsVolume.java:<init>(177)) - Creating Volume: /github/workspace/hadoop-ozone/integration-test/target/test-dir/MiniOzoneClusterImpl-178f0ac1-9287-41ca-b66e-5f4c0e2bc6ba/datanode-3/data/containers/hdds of storage type : DISK and capacity : 9223372036854775807
2020-03-27 08:15:02,333 [main] INFO  volume.MutableVolumeSet (MutableVolumeSet.java:initializeVolumeSet(188)) - Added Volume : /github/workspace/hadoop-ozone/integration-test/target/test-dir/MiniOzoneClusterImpl-178f0ac1-9287-41ca-b66e-5f4c0e2bc6ba/datanode-3/data/containers/hdds to VolumeSet
2020-03-27 08:15:02,333 [main] INFO  volume.ThrottledAsyncChecker (ThrottledAsyncChecker.java:schedule(141)) - Scheduling a check for /github/workspace/hadoop-ozone/integration-test/target/test-dir/MiniOzoneClusterImpl-178f0ac1-9287-41ca-b66e-5f4c0e2bc6ba/datanode-3/data/containers/hdds
2020-03-27 08:15:02,334 [org.apache.hadoop.util.JvmPauseMonitor$Monitor@d519c5b] INFO  util.JvmPauseMonitor (JvmPauseMonitor.java:run(188)) - Starting JVM pause monitor
2020-03-27 08:15:02,334 [main] INFO  volume.HddsVolumeChecker (HddsVolumeChecker.java:checkAllVolumes(200)) - Scheduled health check for volume /github/workspace/hadoop-ozone/integration-test/target/test-dir/MiniOzoneClusterImpl-178f0ac1-9287-41ca-b66e-5f4c0e2bc6ba/datanode-3/data/containers/hdds
2020-03-27 08:15:02,346 [Datanode State Machine Thread - 0] INFO  datanode.InitDatanodeState (InitDatanodeState.java:persistContainerDatanodeDetails(147)) - DatanodeDetails is persisted to /github/workspace/hadoop-ozone/integration-test/target/test-dir/MiniOzoneClusterImpl-178f0ac1-9287-41ca-b66e-5f4c0e2bc6ba/datanode-2/meta/datanode.id
2020-03-27 08:15:02,350 [main] INFO  impl.RaftServerProxy (ConfUtils.java:logGet(43)) - raft.rpc.type = GRPC (default)
2020-03-27 08:15:02,350 [main] INFO  grpc.GrpcFactory (GrpcFactory.java:checkPooledByteBufAllocatorUseCacheForAllThreads(45)) - PERFORMANCE WARNING: useCacheForAllThreads is true that may cause Netty to create a lot garbage objects and, as a result, trigger GC.
	It is recommended to disable useCacheForAllThreads by setting -Dorg.apache.ratis.thirdparty.io.netty.allocator.useCacheForAllThreads=false in command line.
2020-03-27 08:15:02,350 [main] INFO  grpc.GrpcConfigKeys$Server (ConfUtils.java:logGet(43)) - raft.grpc.server.port = 0 (default)
2020-03-27 08:15:02,350 [main] INFO  server.GrpcService (ConfUtils.java:logGet(43)) - raft.grpc.message.size.max = 32MB (=33554432) (custom)
2020-03-27 08:15:02,350 [main] INFO  server.RaftServerConfigKeys (ConfUtils.java:logGet(43)) - raft.server.log.appender.buffer.byte-limit = 33554432 (custom)
2020-03-27 08:15:02,350 [main] INFO  server.GrpcService (ConfUtils.java:logGet(43)) - raft.grpc.flow.control.window = 5MB (=5242880) (custom)
2020-03-27 08:15:02,351 [main] INFO  server.RaftServerConfigKeys (ConfUtils.java:logGet(43)) - raft.server.rpc.request.timeout = 3s (default)
2020-03-27 08:15:02,351 [main] INFO  server.RaftServerConfigKeys (ConfUtils.java:logGet(43)) - raft.server.storage.dir = [/github/workspace/hadoop-ozone/integration-test/target/test-dir/MiniOzoneClusterImpl-178f0ac1-9287-41ca-b66e-5f4c0e2bc6ba/datanode-3/data/ratis] (custom)
2020-03-27 08:15:02,354 [main] INFO  http.BaseHttpServer (BaseHttpServer.java:newHttpServer2BuilderForOzone(170)) - Starting Web-server for hddsDatanode at: http://0.0.0.0:0
2020-03-27 08:15:02,355 [main] INFO  server.AuthenticationFilter (AuthenticationFilter.java:constructSecretProvider(240)) - Unable to initialize FileSignerSecretProvider, falling back to use random secrets.
2020-03-27 08:15:02,355 [main] WARN  http.HttpRequestLog (HttpRequestLog.java:getRequestLog(103)) - Jetty request log can only be enabled using Log4j
2020-03-27 08:15:02,356 [main] INFO  http.HttpServer2 (HttpServer2.java:addGlobalFilter(970)) - Added global filter 'safety' (class=org.apache.hadoop.hdds.server.http.HttpServer2$QuotingInputFilter)
2020-03-27 08:15:02,356 [main] INFO  http.HttpServer2 (HttpServer2.java:addFilter(946)) - Added filter static_user_filter (class=org.apache.hadoop.hdds.server.http.StaticUserWebFilter$StaticUserFilter) to context hddsDatanode
2020-03-27 08:15:02,356 [main] INFO  http.HttpServer2 (HttpServer2.java:addFilter(954)) - Added filter static_user_filter (class=org.apache.hadoop.hdds.server.http.StaticUserWebFilter$StaticUserFilter) to context static
2020-03-27 08:15:02,357 [main] INFO  http.HttpServer2 (HttpServer2.java:addFilter(954)) - Added filter static_user_filter (class=org.apache.hadoop.hdds.server.http.StaticUserWebFilter$StaticUserFilter) to context logs
2020-03-27 08:15:02,357 [main] INFO  http.HttpServer2 (HttpServer2.java:bindListener(1188)) - Jetty bound to port 45049
2020-03-27 08:15:02,357 [main] INFO  server.Server (Server.java:doStart(359)) - jetty-9.4.26.v20200117; built: 2020-01-17T12:35:33.676Z; git: 7b38981d25d14afb4a12ff1f2596756144edf695; jvm 1.8.0_232-b09
2020-03-27 08:15:02,362 [main] INFO  server.session (DefaultSessionIdManager.java:doStart(333)) - DefaultSessionIdManager workerName=node0
2020-03-27 08:15:02,363 [main] INFO  server.session (DefaultSessionIdManager.java:doStart(338)) - No SessionScavenger set, using defaults
2020-03-27 08:15:02,363 [main] INFO  server.session (HouseKeeper.java:startScavenging(140)) - node0 Scavenging every 600000ms
2020-03-27 08:15:02,363 [main] INFO  handler.ContextHandler (ContextHandler.java:doStart(825)) - Started o.e.j.s.ServletContextHandler@4c46360e{logs,/logs,file:///github/workspace/hadoop-ozone/integration-test/target/log,AVAILABLE}
2020-03-27 08:15:02,364 [main] INFO  handler.ContextHandler (ContextHandler.java:doStart(825)) - Started o.e.j.s.ServletContextHandler@3c5a9eab{static,/static,jar:file:/home/user/.m2/repository/org/apache/hadoop/hadoop-hdds-container-service/0.5.0-SNAPSHOT/hadoop-hdds-container-service-0.5.0-SNAPSHOT.jar!/webapps/static,AVAILABLE}
2020-03-27 08:15:02,391 [main] INFO  handler.ContextHandler (ContextHandler.java:doStart(825)) - Started o.e.j.w.WebAppContext@1558cab8{hddsDatanode,/,file:///tmp/jetty-0_0_0_0-45049-hadoop-hdds-container-service-0_5_0-SNAPSHOT_jar-_-any-2616350142390910202.dir/webapp/,AVAILABLE}{jar:file:/home/user/.m2/repository/org/apache/hadoop/hadoop-hdds-container-service/0.5.0-SNAPSHOT/hadoop-hdds-container-service-0.5.0-SNAPSHOT.jar!/webapps/hddsDatanode}
2020-03-27 08:15:02,393 [main] INFO  server.AbstractConnector (AbstractConnector.java:doStart(330)) - Started ServerConnector@596f2c90{HTTP/1.1,[http/1.1]}{0.0.0.0:45049}
2020-03-27 08:15:02,393 [main] INFO  server.Server (Server.java:doStart(399)) - Started @625063ms
2020-03-27 08:15:02,393 [main] WARN  impl.MetricsSystemImpl (MetricsSystemImpl.java:register(276)) - Sink prometheus already exists!
2020-03-27 08:15:02,395 [main] INFO  http.BaseHttpServer (BaseHttpServer.java:updateConnectorAddress(284)) - HTTP server of hddsDatanode listening at http://0.0.0.0:45049
2020-03-27 08:15:02,396 [main] INFO  impl.MetricsSystemImpl (MetricsSystemImpl.java:init(158)) - HddsDatanode metrics system started (again)
2020-03-27 08:15:02,397 [main] INFO  ozone.HddsDatanodeService (HddsDatanodeService.java:start(204)) - HddsDatanodeService host:767d39cb30d6 ip:172.17.0.2
2020-03-27 08:15:02,398 [main] INFO  volume.HddsVolume (HddsVolume.java:<init>(177)) - Creating Volume: /github/workspace/hadoop-ozone/integration-test/target/test-dir/MiniOzoneClusterImpl-178f0ac1-9287-41ca-b66e-5f4c0e2bc6ba/datanode-4/data/containers/hdds of storage type : DISK and capacity : 9223372036854775807
2020-03-27 08:15:02,398 [main] INFO  volume.MutableVolumeSet (MutableVolumeSet.java:initializeVolumeSet(188)) - Added Volume : /github/workspace/hadoop-ozone/integration-test/target/test-dir/MiniOzoneClusterImpl-178f0ac1-9287-41ca-b66e-5f4c0e2bc6ba/datanode-4/data/containers/hdds to VolumeSet
2020-03-27 08:15:02,399 [main] INFO  volume.ThrottledAsyncChecker (ThrottledAsyncChecker.java:schedule(141)) - Scheduling a check for /github/workspace/hadoop-ozone/integration-test/target/test-dir/MiniOzoneClusterImpl-178f0ac1-9287-41ca-b66e-5f4c0e2bc6ba/datanode-4/data/containers/hdds
2020-03-27 08:15:02,399 [main] INFO  volume.HddsVolumeChecker (HddsVolumeChecker.java:checkAllVolumes(200)) - Scheduled health check for volume /github/workspace/hadoop-ozone/integration-test/target/test-dir/MiniOzoneClusterImpl-178f0ac1-9287-41ca-b66e-5f4c0e2bc6ba/datanode-4/data/containers/hdds
2020-03-27 08:15:02,414 [org.apache.hadoop.util.JvmPauseMonitor$Monitor@35e4d353] INFO  util.JvmPauseMonitor (JvmPauseMonitor.java:run(188)) - Starting JVM pause monitor
2020-03-27 08:15:02,415 [main] INFO  impl.RaftServerProxy (ConfUtils.java:logGet(43)) - raft.rpc.type = GRPC (default)
2020-03-27 08:15:02,415 [main] INFO  grpc.GrpcFactory (GrpcFactory.java:checkPooledByteBufAllocatorUseCacheForAllThreads(45)) - PERFORMANCE WARNING: useCacheForAllThreads is true that may cause Netty to create a lot garbage objects and, as a result, trigger GC.
	It is recommended to disable useCacheForAllThreads by setting -Dorg.apache.ratis.thirdparty.io.netty.allocator.useCacheForAllThreads=false in command line.
2020-03-27 08:15:02,415 [main] INFO  grpc.GrpcConfigKeys$Server (ConfUtils.java:logGet(43)) - raft.grpc.server.port = 0 (default)
2020-03-27 08:15:02,416 [main] INFO  server.GrpcService (ConfUtils.java:logGet(43)) - raft.grpc.message.size.max = 32MB (=33554432) (custom)
2020-03-27 08:15:02,416 [main] INFO  server.RaftServerConfigKeys (ConfUtils.java:logGet(43)) - raft.server.log.appender.buffer.byte-limit = 33554432 (custom)
2020-03-27 08:15:02,416 [main] INFO  server.GrpcService (ConfUtils.java:logGet(43)) - raft.grpc.flow.control.window = 5MB (=5242880) (custom)
2020-03-27 08:15:02,416 [main] INFO  server.RaftServerConfigKeys (ConfUtils.java:logGet(43)) - raft.server.rpc.request.timeout = 3s (default)
2020-03-27 08:15:02,416 [main] INFO  server.RaftServerConfigKeys (ConfUtils.java:logGet(43)) - raft.server.storage.dir = [/github/workspace/hadoop-ozone/integration-test/target/test-dir/MiniOzoneClusterImpl-178f0ac1-9287-41ca-b66e-5f4c0e2bc6ba/datanode-4/data/ratis] (custom)
2020-03-27 08:15:02,418 [Datanode State Machine Thread - 0] INFO  datanode.InitDatanodeState (InitDatanodeState.java:persistContainerDatanodeDetails(147)) - DatanodeDetails is persisted to /github/workspace/hadoop-ozone/integration-test/target/test-dir/MiniOzoneClusterImpl-178f0ac1-9287-41ca-b66e-5f4c0e2bc6ba/datanode-3/meta/datanode.id
2020-03-27 08:15:02,419 [main] INFO  http.BaseHttpServer (BaseHttpServer.java:newHttpServer2BuilderForOzone(170)) - Starting Web-server for hddsDatanode at: http://0.0.0.0:0
2020-03-27 08:15:02,420 [main] INFO  server.AuthenticationFilter (AuthenticationFilter.java:constructSecretProvider(240)) - Unable to initialize FileSignerSecretProvider, falling back to use random secrets.
2020-03-27 08:15:02,420 [main] WARN  http.HttpRequestLog (HttpRequestLog.java:getRequestLog(103)) - Jetty request log can only be enabled using Log4j
2020-03-27 08:15:02,421 [main] INFO  http.HttpServer2 (HttpServer2.java:addGlobalFilter(970)) - Added global filter 'safety' (class=org.apache.hadoop.hdds.server.http.HttpServer2$QuotingInputFilter)
2020-03-27 08:15:02,422 [main] INFO  http.HttpServer2 (HttpServer2.java:addFilter(946)) - Added filter static_user_filter (class=org.apache.hadoop.hdds.server.http.StaticUserWebFilter$StaticUserFilter) to context hddsDatanode
2020-03-27 08:15:02,422 [main] INFO  http.HttpServer2 (HttpServer2.java:addFilter(954)) - Added filter static_user_filter (class=org.apache.hadoop.hdds.server.http.StaticUserWebFilter$StaticUserFilter) to context logs
2020-03-27 08:15:02,422 [main] INFO  http.HttpServer2 (HttpServer2.java:addFilter(954)) - Added filter static_user_filter (class=org.apache.hadoop.hdds.server.http.StaticUserWebFilter$StaticUserFilter) to context static
2020-03-27 08:15:02,422 [main] INFO  http.HttpServer2 (HttpServer2.java:bindListener(1188)) - Jetty bound to port 40725
2020-03-27 08:15:02,422 [main] INFO  server.Server (Server.java:doStart(359)) - jetty-9.4.26.v20200117; built: 2020-01-17T12:35:33.676Z; git: 7b38981d25d14afb4a12ff1f2596756144edf695; jvm 1.8.0_232-b09
2020-03-27 08:15:02,424 [main] INFO  server.session (DefaultSessionIdManager.java:doStart(333)) - DefaultSessionIdManager workerName=node0
2020-03-27 08:15:02,424 [main] INFO  server.session (DefaultSessionIdManager.java:doStart(338)) - No SessionScavenger set, using defaults
2020-03-27 08:15:02,424 [main] INFO  server.session (HouseKeeper.java:startScavenging(140)) - node0 Scavenging every 660000ms
2020-03-27 08:15:02,425 [main] INFO  handler.ContextHandler (ContextHandler.java:doStart(825)) - Started o.e.j.s.ServletContextHandler@7ff5f035{logs,/logs,file:///github/workspace/hadoop-ozone/integration-test/target/log,AVAILABLE}
2020-03-27 08:15:02,425 [main] INFO  handler.ContextHandler (ContextHandler.java:doStart(825)) - Started o.e.j.s.ServletContextHandler@3fb9f17b{static,/static,jar:file:/home/user/.m2/repository/org/apache/hadoop/hadoop-hdds-container-service/0.5.0-SNAPSHOT/hadoop-hdds-container-service-0.5.0-SNAPSHOT.jar!/webapps/static,AVAILABLE}
2020-03-27 08:15:02,453 [main] INFO  handler.ContextHandler (ContextHandler.java:doStart(825)) - Started o.e.j.w.WebAppContext@6b86b36{hddsDatanode,/,file:///tmp/jetty-0_0_0_0-40725-hadoop-hdds-container-service-0_5_0-SNAPSHOT_jar-_-any-4763923554957398274.dir/webapp/,AVAILABLE}{jar:file:/home/user/.m2/repository/org/apache/hadoop/hadoop-hdds-container-service/0.5.0-SNAPSHOT/hadoop-hdds-container-service-0.5.0-SNAPSHOT.jar!/webapps/hddsDatanode}
2020-03-27 08:15:02,454 [main] INFO  server.AbstractConnector (AbstractConnector.java:doStart(330)) - Started ServerConnector@64ac2054{HTTP/1.1,[http/1.1]}{0.0.0.0:40725}
2020-03-27 08:15:02,454 [main] INFO  server.Server (Server.java:doStart(399)) - Started @625125ms
2020-03-27 08:15:02,454 [main] WARN  impl.MetricsSystemImpl (MetricsSystemImpl.java:register(276)) - Sink prometheus already exists!
2020-03-27 08:15:02,457 [main] INFO  http.BaseHttpServer (BaseHttpServer.java:updateConnectorAddress(284)) - HTTP server of hddsDatanode listening at http://0.0.0.0:40725
2020-03-27 08:15:02,457 [main] INFO  impl.MetricsSystemImpl (MetricsSystemImpl.java:init(158)) - HddsDatanode metrics system started (again)
2020-03-27 08:15:02,459 [main] INFO  ozone.HddsDatanodeService (HddsDatanodeService.java:start(204)) - HddsDatanodeService host:767d39cb30d6 ip:172.17.0.2
2020-03-27 08:15:02,460 [org.apache.hadoop.util.JvmPauseMonitor$Monitor@16b3a517] INFO  util.JvmPauseMonitor (JvmPauseMonitor.java:run(188)) - Starting JVM pause monitor
2020-03-27 08:15:02,461 [Datanode State Machine Thread - 0] INFO  datanode.InitDatanodeState (InitDatanodeState.java:persistContainerDatanodeDetails(147)) - DatanodeDetails is persisted to /github/workspace/hadoop-ozone/integration-test/target/test-dir/MiniOzoneClusterImpl-178f0ac1-9287-41ca-b66e-5f4c0e2bc6ba/datanode-4/meta/datanode.id
2020-03-27 08:15:02,460 [main] INFO  volume.HddsVolume (HddsVolume.java:<init>(177)) - Creating Volume: /github/workspace/hadoop-ozone/integration-test/target/test-dir/MiniOzoneClusterImpl-178f0ac1-9287-41ca-b66e-5f4c0e2bc6ba/datanode-5/data/containers/hdds of storage type : DISK and capacity : 9223372036854775807
2020-03-27 08:15:02,461 [main] INFO  volume.MutableVolumeSet (MutableVolumeSet.java:initializeVolumeSet(188)) - Added Volume : /github/workspace/hadoop-ozone/integration-test/target/test-dir/MiniOzoneClusterImpl-178f0ac1-9287-41ca-b66e-5f4c0e2bc6ba/datanode-5/data/containers/hdds to VolumeSet
2020-03-27 08:15:02,461 [main] INFO  volume.ThrottledAsyncChecker (ThrottledAsyncChecker.java:schedule(141)) - Scheduling a check for /github/workspace/hadoop-ozone/integration-test/target/test-dir/MiniOzoneClusterImpl-178f0ac1-9287-41ca-b66e-5f4c0e2bc6ba/datanode-5/data/containers/hdds
2020-03-27 08:15:02,462 [main] INFO  volume.HddsVolumeChecker (HddsVolumeChecker.java:checkAllVolumes(200)) - Scheduled health check for volume /github/workspace/hadoop-ozone/integration-test/target/test-dir/MiniOzoneClusterImpl-178f0ac1-9287-41ca-b66e-5f4c0e2bc6ba/datanode-5/data/containers/hdds
2020-03-27 08:15:02,479 [main] INFO  impl.RaftServerProxy (ConfUtils.java:logGet(43)) - raft.rpc.type = GRPC (default)
2020-03-27 08:15:02,479 [main] INFO  grpc.GrpcFactory (GrpcFactory.java:checkPooledByteBufAllocatorUseCacheForAllThreads(45)) - PERFORMANCE WARNING: useCacheForAllThreads is true that may cause Netty to create a lot garbage objects and, as a result, trigger GC.
	It is recommended to disable useCacheForAllThreads by setting -Dorg.apache.ratis.thirdparty.io.netty.allocator.useCacheForAllThreads=false in command line.
2020-03-27 08:15:02,479 [main] INFO  grpc.GrpcConfigKeys$Server (ConfUtils.java:logGet(43)) - raft.grpc.server.port = 0 (default)
2020-03-27 08:15:02,479 [main] INFO  server.GrpcService (ConfUtils.java:logGet(43)) - raft.grpc.message.size.max = 32MB (=33554432) (custom)
2020-03-27 08:15:02,479 [main] INFO  server.RaftServerConfigKeys (ConfUtils.java:logGet(43)) - raft.server.log.appender.buffer.byte-limit = 33554432 (custom)
2020-03-27 08:15:02,480 [main] INFO  server.GrpcService (ConfUtils.java:logGet(43)) - raft.grpc.flow.control.window = 5MB (=5242880) (custom)
2020-03-27 08:15:02,480 [main] INFO  server.RaftServerConfigKeys (ConfUtils.java:logGet(43)) - raft.server.rpc.request.timeout = 3s (default)
2020-03-27 08:15:02,480 [main] INFO  server.RaftServerConfigKeys (ConfUtils.java:logGet(43)) - raft.server.storage.dir = [/github/workspace/hadoop-ozone/integration-test/target/test-dir/MiniOzoneClusterImpl-178f0ac1-9287-41ca-b66e-5f4c0e2bc6ba/datanode-5/data/ratis] (custom)
2020-03-27 08:15:02,483 [main] INFO  http.BaseHttpServer (BaseHttpServer.java:newHttpServer2BuilderForOzone(170)) - Starting Web-server for hddsDatanode at: http://0.0.0.0:0
2020-03-27 08:15:02,484 [main] INFO  server.AuthenticationFilter (AuthenticationFilter.java:constructSecretProvider(240)) - Unable to initialize FileSignerSecretProvider, falling back to use random secrets.
2020-03-27 08:15:02,484 [main] WARN  http.HttpRequestLog (HttpRequestLog.java:getRequestLog(103)) - Jetty request log can only be enabled using Log4j
2020-03-27 08:15:02,485 [main] INFO  http.HttpServer2 (HttpServer2.java:addGlobalFilter(970)) - Added global filter 'safety' (class=org.apache.hadoop.hdds.server.http.HttpServer2$QuotingInputFilter)
2020-03-27 08:15:02,486 [main] INFO  http.HttpServer2 (HttpServer2.java:addFilter(946)) - Added filter static_user_filter (class=org.apache.hadoop.hdds.server.http.StaticUserWebFilter$StaticUserFilter) to context hddsDatanode
2020-03-27 08:15:02,486 [main] INFO  http.HttpServer2 (HttpServer2.java:addFilter(954)) - Added filter static_user_filter (class=org.apache.hadoop.hdds.server.http.StaticUserWebFilter$StaticUserFilter) to context logs
2020-03-27 08:15:02,486 [main] INFO  http.HttpServer2 (HttpServer2.java:addFilter(954)) - Added filter static_user_filter (class=org.apache.hadoop.hdds.server.http.StaticUserWebFilter$StaticUserFilter) to context static
2020-03-27 08:15:02,486 [main] INFO  http.HttpServer2 (HttpServer2.java:bindListener(1188)) - Jetty bound to port 37325
2020-03-27 08:15:02,486 [main] INFO  server.Server (Server.java:doStart(359)) - jetty-9.4.26.v20200117; built: 2020-01-17T12:35:33.676Z; git: 7b38981d25d14afb4a12ff1f2596756144edf695; jvm 1.8.0_232-b09
2020-03-27 08:15:02,490 [main] INFO  server.session (DefaultSessionIdManager.java:doStart(333)) - DefaultSessionIdManager workerName=node0
2020-03-27 08:15:02,490 [main] INFO  server.session (DefaultSessionIdManager.java:doStart(338)) - No SessionScavenger set, using defaults
2020-03-27 08:15:02,491 [main] INFO  server.session (HouseKeeper.java:startScavenging(140)) - node0 Scavenging every 600000ms
2020-03-27 08:15:02,491 [main] INFO  handler.ContextHandler (ContextHandler.java:doStart(825)) - Started o.e.j.s.ServletContextHandler@4789da65{logs,/logs,file:///github/workspace/hadoop-ozone/integration-test/target/log,AVAILABLE}
2020-03-27 08:15:02,491 [main] INFO  handler.ContextHandler (ContextHandler.java:doStart(825)) - Started o.e.j.s.ServletContextHandler@63625f8d{static,/static,jar:file:/home/user/.m2/repository/org/apache/hadoop/hadoop-hdds-container-service/0.5.0-SNAPSHOT/hadoop-hdds-container-service-0.5.0-SNAPSHOT.jar!/webapps/static,AVAILABLE}
2020-03-27 08:15:02,519 [main] INFO  handler.ContextHandler (ContextHandler.java:doStart(825)) - Started o.e.j.w.WebAppContext@371d74fc{hddsDatanode,/,file:///tmp/jetty-0_0_0_0-37325-hadoop-hdds-container-service-0_5_0-SNAPSHOT_jar-_-any-1244659517291818567.dir/webapp/,AVAILABLE}{jar:file:/home/user/.m2/repository/org/apache/hadoop/hadoop-hdds-container-service/0.5.0-SNAPSHOT/hadoop-hdds-container-service-0.5.0-SNAPSHOT.jar!/webapps/hddsDatanode}
2020-03-27 08:15:02,521 [main] INFO  server.AbstractConnector (AbstractConnector.java:doStart(330)) - Started ServerConnector@7bef0ec1{HTTP/1.1,[http/1.1]}{0.0.0.0:37325}
2020-03-27 08:15:02,521 [main] INFO  server.Server (Server.java:doStart(399)) - Started @625191ms
2020-03-27 08:15:02,521 [main] WARN  impl.MetricsSystemImpl (MetricsSystemImpl.java:register(276)) - Sink prometheus already exists!
2020-03-27 08:15:02,523 [main] INFO  http.BaseHttpServer (BaseHttpServer.java:updateConnectorAddress(284)) - HTTP server of hddsDatanode listening at http://0.0.0.0:37325
2020-03-27 08:15:02,523 [main] INFO  impl.MetricsSystemImpl (MetricsSystemImpl.java:init(158)) - HddsDatanode metrics system started (again)
2020-03-27 08:15:02,525 [main] INFO  ozone.HddsDatanodeService (HddsDatanodeService.java:start(204)) - HddsDatanodeService host:767d39cb30d6 ip:172.17.0.2
2020-03-27 08:15:02,527 [main] INFO  volume.HddsVolume (HddsVolume.java:<init>(177)) - Creating Volume: /github/workspace/hadoop-ozone/integration-test/target/test-dir/MiniOzoneClusterImpl-178f0ac1-9287-41ca-b66e-5f4c0e2bc6ba/datanode-6/data/containers/hdds of storage type : DISK and capacity : 9223372036854775807
2020-03-27 08:15:02,527 [main] INFO  volume.MutableVolumeSet (MutableVolumeSet.java:initializeVolumeSet(188)) - Added Volume : /github/workspace/hadoop-ozone/integration-test/target/test-dir/MiniOzoneClusterImpl-178f0ac1-9287-41ca-b66e-5f4c0e2bc6ba/datanode-6/data/containers/hdds to VolumeSet
2020-03-27 08:15:02,527 [main] INFO  volume.ThrottledAsyncChecker (ThrottledAsyncChecker.java:schedule(141)) - Scheduling a check for /github/workspace/hadoop-ozone/integration-test/target/test-dir/MiniOzoneClusterImpl-178f0ac1-9287-41ca-b66e-5f4c0e2bc6ba/datanode-6/data/containers/hdds
2020-03-27 08:15:02,528 [main] INFO  volume.HddsVolumeChecker (HddsVolumeChecker.java:checkAllVolumes(200)) - Scheduled health check for volume /github/workspace/hadoop-ozone/integration-test/target/test-dir/MiniOzoneClusterImpl-178f0ac1-9287-41ca-b66e-5f4c0e2bc6ba/datanode-6/data/containers/hdds
2020-03-27 08:15:02,557 [main] INFO  impl.RaftServerProxy (ConfUtils.java:logGet(43)) - raft.rpc.type = GRPC (default)
2020-03-27 08:15:02,557 [main] INFO  grpc.GrpcFactory (GrpcFactory.java:checkPooledByteBufAllocatorUseCacheForAllThreads(45)) - PERFORMANCE WARNING: useCacheForAllThreads is true that may cause Netty to create a lot garbage objects and, as a result, trigger GC.
	It is recommended to disable useCacheForAllThreads by setting -Dorg.apache.ratis.thirdparty.io.netty.allocator.useCacheForAllThreads=false in command line.
2020-03-27 08:15:02,557 [main] INFO  grpc.GrpcConfigKeys$Server (ConfUtils.java:logGet(43)) - raft.grpc.server.port = 0 (default)
2020-03-27 08:15:02,557 [main] INFO  server.GrpcService (ConfUtils.java:logGet(43)) - raft.grpc.message.size.max = 32MB (=33554432) (custom)
2020-03-27 08:15:02,558 [main] INFO  server.RaftServerConfigKeys (ConfUtils.java:logGet(43)) - raft.server.log.appender.buffer.byte-limit = 33554432 (custom)
2020-03-27 08:15:02,558 [main] INFO  server.GrpcService (ConfUtils.java:logGet(43)) - raft.grpc.flow.control.window = 5MB (=5242880) (custom)
2020-03-27 08:15:02,558 [main] INFO  server.RaftServerConfigKeys (ConfUtils.java:logGet(43)) - raft.server.rpc.request.timeout = 3s (default)
2020-03-27 08:15:02,558 [main] INFO  server.RaftServerConfigKeys (ConfUtils.java:logGet(43)) - raft.server.storage.dir = [/github/workspace/hadoop-ozone/integration-test/target/test-dir/MiniOzoneClusterImpl-178f0ac1-9287-41ca-b66e-5f4c0e2bc6ba/datanode-6/data/ratis] (custom)
2020-03-27 08:15:02,561 [main] INFO  http.BaseHttpServer (BaseHttpServer.java:newHttpServer2BuilderForOzone(170)) - Starting Web-server for hddsDatanode at: http://0.0.0.0:0
2020-03-27 08:15:02,562 [main] INFO  server.AuthenticationFilter (AuthenticationFilter.java:constructSecretProvider(240)) - Unable to initialize FileSignerSecretProvider, falling back to use random secrets.
2020-03-27 08:15:02,563 [org.apache.hadoop.util.JvmPauseMonitor$Monitor@55d0ba36] INFO  util.JvmPauseMonitor (JvmPauseMonitor.java:run(188)) - Starting JVM pause monitor
2020-03-27 08:15:02,565 [Datanode State Machine Thread - 0] INFO  datanode.InitDatanodeState (InitDatanodeState.java:persistContainerDatanodeDetails(147)) - DatanodeDetails is persisted to /github/workspace/hadoop-ozone/integration-test/target/test-dir/MiniOzoneClusterImpl-178f0ac1-9287-41ca-b66e-5f4c0e2bc6ba/datanode-5/meta/datanode.id
2020-03-27 08:15:02,565 [main] WARN  http.HttpRequestLog (HttpRequestLog.java:getRequestLog(103)) - Jetty request log can only be enabled using Log4j
2020-03-27 08:15:02,566 [main] INFO  http.HttpServer2 (HttpServer2.java:addGlobalFilter(970)) - Added global filter 'safety' (class=org.apache.hadoop.hdds.server.http.HttpServer2$QuotingInputFilter)
2020-03-27 08:15:02,567 [main] INFO  http.HttpServer2 (HttpServer2.java:addFilter(946)) - Added filter static_user_filter (class=org.apache.hadoop.hdds.server.http.StaticUserWebFilter$StaticUserFilter) to context hddsDatanode
2020-03-27 08:15:02,567 [main] INFO  http.HttpServer2 (HttpServer2.java:addFilter(954)) - Added filter static_user_filter (class=org.apache.hadoop.hdds.server.http.StaticUserWebFilter$StaticUserFilter) to context logs
2020-03-27 08:15:02,567 [main] INFO  http.HttpServer2 (HttpServer2.java:addFilter(954)) - Added filter static_user_filter (class=org.apache.hadoop.hdds.server.http.StaticUserWebFilter$StaticUserFilter) to context static
2020-03-27 08:15:02,567 [main] INFO  http.HttpServer2 (HttpServer2.java:bindListener(1188)) - Jetty bound to port 33537
2020-03-27 08:15:02,567 [main] INFO  server.Server (Server.java:doStart(359)) - jetty-9.4.26.v20200117; built: 2020-01-17T12:35:33.676Z; git: 7b38981d25d14afb4a12ff1f2596756144edf695; jvm 1.8.0_232-b09
2020-03-27 08:15:02,568 [main] INFO  server.session (DefaultSessionIdManager.java:doStart(333)) - DefaultSessionIdManager workerName=node0
2020-03-27 08:15:02,568 [main] INFO  server.session (DefaultSessionIdManager.java:doStart(338)) - No SessionScavenger set, using defaults
2020-03-27 08:15:02,569 [main] INFO  server.session (HouseKeeper.java:startScavenging(140)) - node0 Scavenging every 600000ms
2020-03-27 08:15:02,569 [main] INFO  handler.ContextHandler (ContextHandler.java:doStart(825)) - Started o.e.j.s.ServletContextHandler@33624f41{logs,/logs,file:///github/workspace/hadoop-ozone/integration-test/target/log,AVAILABLE}
2020-03-27 08:15:02,569 [main] INFO  handler.ContextHandler (ContextHandler.java:doStart(825)) - Started o.e.j.s.ServletContextHandler@66b68faf{static,/static,jar:file:/home/user/.m2/repository/org/apache/hadoop/hadoop-hdds-container-service/0.5.0-SNAPSHOT/hadoop-hdds-container-service-0.5.0-SNAPSHOT.jar!/webapps/static,AVAILABLE}
2020-03-27 08:15:02,599 [main] INFO  handler.ContextHandler (ContextHandler.java:doStart(825)) - Started o.e.j.w.WebAppContext@2dbf1522{hddsDatanode,/,file:///tmp/jetty-0_0_0_0-33537-hadoop-hdds-container-service-0_5_0-SNAPSHOT_jar-_-any-809433557854799818.dir/webapp/,AVAILABLE}{jar:file:/home/user/.m2/repository/org/apache/hadoop/hadoop-hdds-container-service/0.5.0-SNAPSHOT/hadoop-hdds-container-service-0.5.0-SNAPSHOT.jar!/webapps/hddsDatanode}
2020-03-27 08:15:02,608 [main] INFO  server.AbstractConnector (AbstractConnector.java:doStart(330)) - Started ServerConnector@7c03c438{HTTP/1.1,[http/1.1]}{0.0.0.0:33537}
2020-03-27 08:15:02,608 [main] INFO  server.Server (Server.java:doStart(399)) - Started @625278ms
2020-03-27 08:15:02,608 [main] WARN  impl.MetricsSystemImpl (MetricsSystemImpl.java:register(276)) - Sink prometheus already exists!
2020-03-27 08:15:02,611 [main] INFO  http.BaseHttpServer (BaseHttpServer.java:updateConnectorAddress(284)) - HTTP server of hddsDatanode listening at http://0.0.0.0:33537
2020-03-27 08:15:02,612 [main] INFO  ozone.MiniOzoneClusterImpl (MiniOzoneClusterImpl.java:lambda$waitForClusterToBeReady$0(177)) - Waiting for nodes to be ready. Got 0 of 7 DN Heartbeats.
2020-03-27 08:15:02,612 [main] INFO  ozone.MiniOzoneClusterImpl (MiniOzoneClusterImpl.java:lambda$waitForClusterToBeReady$0(180)) - Waiting for cluster to exit safe mode
2020-03-27 08:15:02,614 [org.apache.hadoop.util.JvmPauseMonitor$Monitor@7b89f8a9] INFO  util.JvmPauseMonitor (JvmPauseMonitor.java:run(188)) - Starting JVM pause monitor
2020-03-27 08:15:02,615 [Datanode State Machine Thread - 0] INFO  datanode.InitDatanodeState (InitDatanodeState.java:persistContainerDatanodeDetails(147)) - DatanodeDetails is persisted to /github/workspace/hadoop-ozone/integration-test/target/test-dir/MiniOzoneClusterImpl-178f0ac1-9287-41ca-b66e-5f4c0e2bc6ba/datanode-6/meta/datanode.id
2020-03-27 08:15:03,612 [main] INFO  ozone.MiniOzoneClusterImpl (MiniOzoneClusterImpl.java:lambda$waitForClusterToBeReady$0(177)) - Waiting for nodes to be ready. Got 0 of 7 DN Heartbeats.
2020-03-27 08:15:03,612 [main] INFO  ozone.MiniOzoneClusterImpl (MiniOzoneClusterImpl.java:lambda$waitForClusterToBeReady$0(180)) - Waiting for cluster to exit safe mode
2020-03-27 08:15:04,197 [Datanode State Machine Thread - 0] INFO  ozoneimpl.OzoneContainer (OzoneContainer.java:start(231)) - Attempting to start container services.
2020-03-27 08:15:04,198 [Datanode State Machine Thread - 0] INFO  ozoneimpl.OzoneContainer (OzoneContainer.java:startContainerScrub(195)) - Background container scanner has been disabled.
2020-03-27 08:15:04,198 [Datanode State Machine Thread - 0] INFO  ratis.XceiverServerRatis (XceiverServerRatis.java:start(406)) - Starting XceiverServerRatis c40590c3-a50d-4a7b-bb23-afdf12d31292 at port 0
2020-03-27 08:15:04,199 [Datanode State Machine Thread - 0] INFO  impl.RaftServerProxy (RaftServerProxy.java:lambda$start$3(299)) - c40590c3-a50d-4a7b-bb23-afdf12d31292: start RPC server
2020-03-27 08:15:04,200 [Datanode State Machine Thread - 0] INFO  server.GrpcService (GrpcService.java:startImpl(158)) - c40590c3-a50d-4a7b-bb23-afdf12d31292: GrpcService started, listening on 0.0.0.0/0.0.0.0:42743
2020-03-27 08:15:04,200 [Datanode State Machine Thread - 0] INFO  ratis.XceiverServerRatis (XceiverServerRatis.java:start(418)) - XceiverServerRatis c40590c3-a50d-4a7b-bb23-afdf12d31292 is started using port 42743
2020-03-27 08:15:04,200 [Datanode State Machine Thread - 0] INFO  server.XceiverServerGrpc (XceiverServerGrpc.java:start(145)) - XceiverServerGrpc c40590c3-a50d-4a7b-bb23-afdf12d31292 is started using port 38099
2020-03-27 08:15:04,274 [Datanode State Machine Thread - 0] INFO  ozoneimpl.OzoneContainer (OzoneContainer.java:start(231)) - Attempting to start container services.
2020-03-27 08:15:04,274 [Datanode State Machine Thread - 0] INFO  ozoneimpl.OzoneContainer (OzoneContainer.java:startContainerScrub(195)) - Background container scanner has been disabled.
2020-03-27 08:15:04,274 [Datanode State Machine Thread - 0] INFO  ratis.XceiverServerRatis (XceiverServerRatis.java:start(406)) - Starting XceiverServerRatis 4f2bc8b4-1be3-4773-881c-e471bed51254 at port 0
2020-03-27 08:15:04,275 [Datanode State Machine Thread - 0] INFO  impl.RaftServerProxy (RaftServerProxy.java:lambda$start$3(299)) - 4f2bc8b4-1be3-4773-881c-e471bed51254: start RPC server
2020-03-27 08:15:04,276 [Datanode State Machine Thread - 0] INFO  server.GrpcService (GrpcService.java:startImpl(158)) - 4f2bc8b4-1be3-4773-881c-e471bed51254: GrpcService started, listening on 0.0.0.0/0.0.0.0:40125
2020-03-27 08:15:04,276 [Datanode State Machine Thread - 0] INFO  ratis.XceiverServerRatis (XceiverServerRatis.java:start(418)) - XceiverServerRatis 4f2bc8b4-1be3-4773-881c-e471bed51254 is started using port 40125
2020-03-27 08:15:04,276 [Datanode State Machine Thread - 0] INFO  server.XceiverServerGrpc (XceiverServerGrpc.java:start(145)) - XceiverServerGrpc 4f2bc8b4-1be3-4773-881c-e471bed51254 is started using port 42263
2020-03-27 08:15:04,336 [Datanode State Machine Thread - 0] INFO  ozoneimpl.OzoneContainer (OzoneContainer.java:start(231)) - Attempting to start container services.
2020-03-27 08:15:04,336 [Datanode State Machine Thread - 0] INFO  ozoneimpl.OzoneContainer (OzoneContainer.java:startContainerScrub(195)) - Background container scanner has been disabled.
2020-03-27 08:15:04,336 [Datanode State Machine Thread - 0] INFO  ratis.XceiverServerRatis (XceiverServerRatis.java:start(406)) - Starting XceiverServerRatis 786ae2ec-8760-4167-ab23-b7e9b601edc4 at port 0
2020-03-27 08:15:04,337 [Datanode State Machine Thread - 0] INFO  impl.RaftServerProxy (RaftServerProxy.java:lambda$start$3(299)) - 786ae2ec-8760-4167-ab23-b7e9b601edc4: start RPC server
2020-03-27 08:15:04,338 [Datanode State Machine Thread - 0] INFO  server.GrpcService (GrpcService.java:startImpl(158)) - 786ae2ec-8760-4167-ab23-b7e9b601edc4: GrpcService started, listening on 0.0.0.0/0.0.0.0:34415
2020-03-27 08:15:04,338 [Datanode State Machine Thread - 0] INFO  ratis.XceiverServerRatis (XceiverServerRatis.java:start(418)) - XceiverServerRatis 786ae2ec-8760-4167-ab23-b7e9b601edc4 is started using port 34415
2020-03-27 08:15:04,339 [Datanode State Machine Thread - 0] INFO  server.XceiverServerGrpc (XceiverServerGrpc.java:start(145)) - XceiverServerGrpc 786ae2ec-8760-4167-ab23-b7e9b601edc4 is started using port 36601
2020-03-27 08:15:04,417 [Datanode State Machine Thread - 0] INFO  ozoneimpl.OzoneContainer (OzoneContainer.java:start(231)) - Attempting to start container services.
2020-03-27 08:15:04,417 [Datanode State Machine Thread - 0] INFO  ozoneimpl.OzoneContainer (OzoneContainer.java:startContainerScrub(195)) - Background container scanner has been disabled.
2020-03-27 08:15:04,417 [Datanode State Machine Thread - 0] INFO  ratis.XceiverServerRatis (XceiverServerRatis.java:start(406)) - Starting XceiverServerRatis d8a051d7-a144-4c31-9411-4634ccd4403a at port 0
2020-03-27 08:15:04,418 [Datanode State Machine Thread - 0] INFO  impl.RaftServerProxy (RaftServerProxy.java:lambda$start$3(299)) - d8a051d7-a144-4c31-9411-4634ccd4403a: start RPC server
2020-03-27 08:15:04,421 [Datanode State Machine Thread - 0] INFO  server.GrpcService (GrpcService.java:startImpl(158)) - d8a051d7-a144-4c31-9411-4634ccd4403a: GrpcService started, listening on 0.0.0.0/0.0.0.0:40341
2020-03-27 08:15:04,421 [Datanode State Machine Thread - 0] INFO  ratis.XceiverServerRatis (XceiverServerRatis.java:start(418)) - XceiverServerRatis d8a051d7-a144-4c31-9411-4634ccd4403a is started using port 40341
2020-03-27 08:15:04,422 [Datanode State Machine Thread - 0] INFO  server.XceiverServerGrpc (XceiverServerGrpc.java:start(145)) - XceiverServerGrpc d8a051d7-a144-4c31-9411-4634ccd4403a is started using port 40305
2020-03-27 08:15:04,462 [Datanode State Machine Thread - 0] INFO  ozoneimpl.OzoneContainer (OzoneContainer.java:start(231)) - Attempting to start container services.
2020-03-27 08:15:04,462 [Datanode State Machine Thread - 0] INFO  ozoneimpl.OzoneContainer (OzoneContainer.java:startContainerScrub(195)) - Background container scanner has been disabled.
2020-03-27 08:15:04,462 [Datanode State Machine Thread - 0] INFO  ratis.XceiverServerRatis (XceiverServerRatis.java:start(406)) - Starting XceiverServerRatis fe5755ee-a695-4f61-b92b-3d721cb7d98e at port 0
2020-03-27 08:15:04,464 [Datanode State Machine Thread - 0] INFO  impl.RaftServerProxy (RaftServerProxy.java:lambda$start$3(299)) - fe5755ee-a695-4f61-b92b-3d721cb7d98e: start RPC server
2020-03-27 08:15:04,464 [Datanode State Machine Thread - 0] INFO  server.GrpcService (GrpcService.java:startImpl(158)) - fe5755ee-a695-4f61-b92b-3d721cb7d98e: GrpcService started, listening on 0.0.0.0/0.0.0.0:43435
2020-03-27 08:15:04,464 [Datanode State Machine Thread - 0] INFO  ratis.XceiverServerRatis (XceiverServerRatis.java:start(418)) - XceiverServerRatis fe5755ee-a695-4f61-b92b-3d721cb7d98e is started using port 43435
2020-03-27 08:15:04,465 [Datanode State Machine Thread - 0] INFO  server.XceiverServerGrpc (XceiverServerGrpc.java:start(145)) - XceiverServerGrpc fe5755ee-a695-4f61-b92b-3d721cb7d98e is started using port 41443
2020-03-27 08:15:04,558 [Datanode State Machine Thread - 0] INFO  ozoneimpl.OzoneContainer (OzoneContainer.java:start(231)) - Attempting to start container services.
2020-03-27 08:15:04,559 [Datanode State Machine Thread - 0] INFO  ozoneimpl.OzoneContainer (OzoneContainer.java:startContainerScrub(195)) - Background container scanner has been disabled.
2020-03-27 08:15:04,559 [Datanode State Machine Thread - 0] INFO  ratis.XceiverServerRatis (XceiverServerRatis.java:start(406)) - Starting XceiverServerRatis 77fc4d9c-d2cb-491d-92c6-7c69a2ec3ba6 at port 0
2020-03-27 08:15:04,560 [Datanode State Machine Thread - 0] INFO  impl.RaftServerProxy (RaftServerProxy.java:lambda$start$3(299)) - 77fc4d9c-d2cb-491d-92c6-7c69a2ec3ba6: start RPC server
2020-03-27 08:15:04,563 [Datanode State Machine Thread - 0] INFO  server.GrpcService (GrpcService.java:startImpl(158)) - 77fc4d9c-d2cb-491d-92c6-7c69a2ec3ba6: GrpcService started, listening on 0.0.0.0/0.0.0.0:44703
2020-03-27 08:15:04,563 [Datanode State Machine Thread - 0] INFO  ratis.XceiverServerRatis (XceiverServerRatis.java:start(418)) - XceiverServerRatis 77fc4d9c-d2cb-491d-92c6-7c69a2ec3ba6 is started using port 44703
2020-03-27 08:15:04,564 [Datanode State Machine Thread - 0] INFO  server.XceiverServerGrpc (XceiverServerGrpc.java:start(145)) - XceiverServerGrpc 77fc4d9c-d2cb-491d-92c6-7c69a2ec3ba6 is started using port 40553
2020-03-27 08:15:04,612 [main] INFO  ozone.MiniOzoneClusterImpl (MiniOzoneClusterImpl.java:lambda$waitForClusterToBeReady$0(177)) - Waiting for nodes to be ready. Got 0 of 7 DN Heartbeats.
2020-03-27 08:15:04,613 [main] INFO  ozone.MiniOzoneClusterImpl (MiniOzoneClusterImpl.java:lambda$waitForClusterToBeReady$0(180)) - Waiting for cluster to exit safe mode
2020-03-27 08:15:04,617 [Datanode State Machine Thread - 0] INFO  ozoneimpl.OzoneContainer (OzoneContainer.java:start(231)) - Attempting to start container services.
2020-03-27 08:15:04,617 [Datanode State Machine Thread - 0] INFO  ozoneimpl.OzoneContainer (OzoneContainer.java:startContainerScrub(195)) - Background container scanner has been disabled.
2020-03-27 08:15:04,617 [Datanode State Machine Thread - 0] INFO  ratis.XceiverServerRatis (XceiverServerRatis.java:start(406)) - Starting XceiverServerRatis 6868d56a-2336-4046-a4ac-d6ad311db1a4 at port 0
2020-03-27 08:15:04,619 [Datanode State Machine Thread - 0] INFO  impl.RaftServerProxy (RaftServerProxy.java:lambda$start$3(299)) - 6868d56a-2336-4046-a4ac-d6ad311db1a4: start RPC server
2020-03-27 08:15:04,620 [Datanode State Machine Thread - 0] INFO  server.GrpcService (GrpcService.java:startImpl(158)) - 6868d56a-2336-4046-a4ac-d6ad311db1a4: GrpcService started, listening on 0.0.0.0/0.0.0.0:45275
2020-03-27 08:15:04,620 [Datanode State Machine Thread - 0] INFO  ratis.XceiverServerRatis (XceiverServerRatis.java:start(418)) - XceiverServerRatis 6868d56a-2336-4046-a4ac-d6ad311db1a4 is started using port 45275
2020-03-27 08:15:04,620 [Datanode State Machine Thread - 0] INFO  server.XceiverServerGrpc (XceiverServerGrpc.java:start(145)) - XceiverServerGrpc 6868d56a-2336-4046-a4ac-d6ad311db1a4 is started using port 39515
2020-03-27 08:15:05,613 [main] INFO  ozone.MiniOzoneClusterImpl (MiniOzoneClusterImpl.java:lambda$waitForClusterToBeReady$0(177)) - Waiting for nodes to be ready. Got 0 of 7 DN Heartbeats.
2020-03-27 08:15:05,613 [main] INFO  ozone.MiniOzoneClusterImpl (MiniOzoneClusterImpl.java:lambda$waitForClusterToBeReady$0(180)) - Waiting for cluster to exit safe mode
2020-03-27 08:15:06,192 [IPC Server handler 0 on 37361] INFO  net.NetworkTopology (NetworkTopologyImpl.java:add(111)) - Added a new node: /default-rack/c40590c3-a50d-4a7b-bb23-afdf12d31292
2020-03-27 08:15:06,193 [IPC Server handler 0 on 37361] INFO  node.SCMNodeManager (SCMNodeManager.java:register(268)) - Registered Data node : c40590c3-a50d-4a7b-bb23-afdf12d31292{ip: 172.17.0.2, host: 767d39cb30d6, networkLocation: /default-rack, certSerialId: null}
2020-03-27 08:15:06,193 [RatisPipelineUtilsThread] INFO  pipeline.RatisPipelineProvider (RatisPipelineProvider.java:lambda$create$3(170)) - Sending CreatePipelineCommand for pipeline:PipelineID=d3b13d55-5155-4f0e-8e35-091dd7728e56 to datanode:c40590c3-a50d-4a7b-bb23-afdf12d31292
2020-03-27 08:15:06,194 [EventQueue-NodeRegistrationContainerReportForDataNodeSafeModeRule] INFO  safemode.SCMSafeModeManager (DataNodeSafeModeRule.java:process(71)) - SCM in safe mode. 1 DataNodes registered, 1 required.
2020-03-27 08:15:06,194 [EventQueue-NodeRegistrationContainerReportForDataNodeSafeModeRule] INFO  safemode.SCMSafeModeManager (SCMSafeModeManager.java:validateSafeModeExitRules(175)) - DataNodeSafeModeRule rule is successfully validated
2020-03-27 08:15:06,194 [RatisPipelineUtilsThread] INFO  pipeline.PipelineStateManager (PipelineStateManager.java:addPipeline(54)) - Created pipeline Pipeline[ Id: d3b13d55-5155-4f0e-8e35-091dd7728e56, Nodes: c40590c3-a50d-4a7b-bb23-afdf12d31292{ip: 172.17.0.2, host: 767d39cb30d6, networkLocation: /default-rack, certSerialId: null}, Type:RATIS, Factor:ONE, State:ALLOCATED, leaderId:null, CreationTimestamp2020-03-27T08:15:06.193Z]
2020-03-27 08:15:06,198 [RatisPipelineUtilsThread] WARN  pipeline.PipelinePlacementPolicy (PipelinePlacementPolicy.java:filterViableNodes(150)) - Pipeline creation failed due to no sufficient healthy datanodes. Required 3. Found 1.
2020-03-27 08:15:06,198 [EventQueue-NodeRegistrationContainerReportForContainerSafeModeRule] INFO  safemode.SCMSafeModeManager (SCMSafeModeManager.java:validateSafeModeExitRules(175)) - ContainerSafeModeRule rule is successfully validated
2020-03-27 08:15:06,271 [IPC Server handler 1 on 37361] INFO  net.NetworkTopology (NetworkTopologyImpl.java:add(111)) - Added a new node: /default-rack/4f2bc8b4-1be3-4773-881c-e471bed51254
2020-03-27 08:15:06,271 [IPC Server handler 1 on 37361] INFO  node.SCMNodeManager (SCMNodeManager.java:register(268)) - Registered Data node : 4f2bc8b4-1be3-4773-881c-e471bed51254{ip: 172.17.0.2, host: 767d39cb30d6, networkLocation: /default-rack, certSerialId: null}
2020-03-27 08:15:06,272 [RatisPipelineUtilsThread] INFO  pipeline.RatisPipelineProvider (RatisPipelineProvider.java:lambda$create$3(170)) - Sending CreatePipelineCommand for pipeline:PipelineID=18611790-34f5-49aa-bc60-8e4a6cdc4f33 to datanode:4f2bc8b4-1be3-4773-881c-e471bed51254
2020-03-27 08:15:06,272 [RatisPipelineUtilsThread] INFO  pipeline.PipelineStateManager (PipelineStateManager.java:addPipeline(54)) - Created pipeline Pipeline[ Id: 18611790-34f5-49aa-bc60-8e4a6cdc4f33, Nodes: 4f2bc8b4-1be3-4773-881c-e471bed51254{ip: 172.17.0.2, host: 767d39cb30d6, networkLocation: /default-rack, certSerialId: null}, Type:RATIS, Factor:ONE, State:ALLOCATED, leaderId:null, CreationTimestamp2020-03-27T08:15:06.272Z]
2020-03-27 08:15:06,272 [RatisPipelineUtilsThread] WARN  pipeline.PipelinePlacementPolicy (PipelinePlacementPolicy.java:filterViableNodes(150)) - Pipeline creation failed due to no sufficient healthy datanodes. Required 3. Found 2.
2020-03-27 08:15:06,272 [EventQueue-NodeRegistrationContainerReportForDataNodeSafeModeRule] INFO  safemode.SCMSafeModeManager (SCMSafeModeManager.java:validateSafeModeExitRules(175)) - DataNodeSafeModeRule rule is successfully validated
2020-03-27 08:15:06,273 [EventQueue-NodeRegistrationContainerReportForContainerSafeModeRule] INFO  safemode.SCMSafeModeManager (SCMSafeModeManager.java:validateSafeModeExitRules(175)) - ContainerSafeModeRule rule is successfully validated
2020-03-27 08:15:06,335 [IPC Server handler 3 on 37361] INFO  net.NetworkTopology (NetworkTopologyImpl.java:add(111)) - Added a new node: /default-rack/786ae2ec-8760-4167-ab23-b7e9b601edc4
2020-03-27 08:15:06,336 [IPC Server handler 3 on 37361] INFO  node.SCMNodeManager (SCMNodeManager.java:register(268)) - Registered Data node : 786ae2ec-8760-4167-ab23-b7e9b601edc4{ip: 172.17.0.2, host: 767d39cb30d6, networkLocation: /default-rack, certSerialId: null}
2020-03-27 08:15:06,336 [EventQueue-NodeRegistrationContainerReportForDataNodeSafeModeRule] INFO  safemode.SCMSafeModeManager (SCMSafeModeManager.java:validateSafeModeExitRules(175)) - DataNodeSafeModeRule rule is successfully validated
2020-03-27 08:15:06,336 [RatisPipelineUtilsThread] INFO  pipeline.RatisPipelineProvider (RatisPipelineProvider.java:lambda$create$3(170)) - Sending CreatePipelineCommand for pipeline:PipelineID=f39c7753-47b3-49b4-b5e3-97ca0eda37a5 to datanode:786ae2ec-8760-4167-ab23-b7e9b601edc4
2020-03-27 08:15:06,337 [RatisPipelineUtilsThread] INFO  pipeline.PipelineStateManager (PipelineStateManager.java:addPipeline(54)) - Created pipeline Pipeline[ Id: f39c7753-47b3-49b4-b5e3-97ca0eda37a5, Nodes: 786ae2ec-8760-4167-ab23-b7e9b601edc4{ip: 172.17.0.2, host: 767d39cb30d6, networkLocation: /default-rack, certSerialId: null}, Type:RATIS, Factor:ONE, State:ALLOCATED, leaderId:null, CreationTimestamp2020-03-27T08:15:06.336Z]
2020-03-27 08:15:06,337 [RatisPipelineUtilsThread] INFO  pipeline.RatisPipelineProvider (RatisPipelineProvider.java:lambda$create$3(170)) - Sending CreatePipelineCommand for pipeline:PipelineID=20a375a9-ac96-459f-a59f-d0f55c6d3fb8 to datanode:786ae2ec-8760-4167-ab23-b7e9b601edc4
2020-03-27 08:15:06,338 [RatisPipelineUtilsThread] INFO  pipeline.RatisPipelineProvider (RatisPipelineProvider.java:lambda$create$3(170)) - Sending CreatePipelineCommand for pipeline:PipelineID=20a375a9-ac96-459f-a59f-d0f55c6d3fb8 to datanode:4f2bc8b4-1be3-4773-881c-e471bed51254
2020-03-27 08:15:06,338 [RatisPipelineUtilsThread] INFO  pipeline.RatisPipelineProvider (RatisPipelineProvider.java:lambda$create$3(170)) - Sending CreatePipelineCommand for pipeline:PipelineID=20a375a9-ac96-459f-a59f-d0f55c6d3fb8 to datanode:c40590c3-a50d-4a7b-bb23-afdf12d31292
2020-03-27 08:15:06,338 [RatisPipelineUtilsThread] INFO  pipeline.PipelineStateManager (PipelineStateManager.java:addPipeline(54)) - Created pipeline Pipeline[ Id: 20a375a9-ac96-459f-a59f-d0f55c6d3fb8, Nodes: 786ae2ec-8760-4167-ab23-b7e9b601edc4{ip: 172.17.0.2, host: 767d39cb30d6, networkLocation: /default-rack, certSerialId: null}4f2bc8b4-1be3-4773-881c-e471bed51254{ip: 172.17.0.2, host: 767d39cb30d6, networkLocation: /default-rack, certSerialId: null}c40590c3-a50d-4a7b-bb23-afdf12d31292{ip: 172.17.0.2, host: 767d39cb30d6, networkLocation: /default-rack, certSerialId: null}, Type:RATIS, Factor:THREE, State:ALLOCATED, leaderId:null, CreationTimestamp2020-03-27T08:15:06.337Z]
2020-03-27 08:15:06,338 [RatisPipelineUtilsThread] INFO  pipeline.RatisPipelineProvider (RatisPipelineProvider.java:lambda$create$3(170)) - Sending CreatePipelineCommand for pipeline:PipelineID=191e791d-f3bf-4488-ad6f-64df7057dae6 to datanode:786ae2ec-8760-4167-ab23-b7e9b601edc4
2020-03-27 08:15:06,339 [RatisPipelineUtilsThread] INFO  pipeline.RatisPipelineProvider (RatisPipelineProvider.java:lambda$create$3(170)) - Sending CreatePipelineCommand for pipeline:PipelineID=191e791d-f3bf-4488-ad6f-64df7057dae6 to datanode:c40590c3-a50d-4a7b-bb23-afdf12d31292
2020-03-27 08:15:06,338 [EventQueue-NodeRegistrationContainerReportForContainerSafeModeRule] INFO  safemode.SCMSafeModeManager (SCMSafeModeManager.java:validateSafeModeExitRules(175)) - ContainerSafeModeRule rule is successfully validated
2020-03-27 08:15:06,340 [RatisPipelineUtilsThread] INFO  pipeline.RatisPipelineProvider (RatisPipelineProvider.java:lambda$create$3(170)) - Sending CreatePipelineCommand for pipeline:PipelineID=191e791d-f3bf-4488-ad6f-64df7057dae6 to datanode:4f2bc8b4-1be3-4773-881c-e471bed51254
2020-03-27 08:15:06,340 [RatisPipelineUtilsThread] INFO  pipeline.PipelineStateManager (PipelineStateManager.java:addPipeline(54)) - Created pipeline Pipeline[ Id: 191e791d-f3bf-4488-ad6f-64df7057dae6, Nodes: 786ae2ec-8760-4167-ab23-b7e9b601edc4{ip: 172.17.0.2, host: 767d39cb30d6, networkLocation: /default-rack, certSerialId: null}c40590c3-a50d-4a7b-bb23-afdf12d31292{ip: 172.17.0.2, host: 767d39cb30d6, networkLocation: /default-rack, certSerialId: null}4f2bc8b4-1be3-4773-881c-e471bed51254{ip: 172.17.0.2, host: 767d39cb30d6, networkLocation: /default-rack, certSerialId: null}, Type:RATIS, Factor:THREE, State:ALLOCATED, leaderId:null, CreationTimestamp2020-03-27T08:15:06.338Z]
2020-03-27 08:15:06,340 [RatisPipelineUtilsThread] INFO  pipeline.SCMPipelineManager (SCMPipelineManager.java:recordMetricsForPipeline(188)) - Pipeline: PipelineID=191e791d-f3bf-4488-ad6f-64df7057dae6 contains same datanodes as previous pipelines: PipelineID=20a375a9-ac96-459f-a59f-d0f55c6d3fb8 nodeIds: 786ae2ec-8760-4167-ab23-b7e9b601edc4, c40590c3-a50d-4a7b-bb23-afdf12d31292, 4f2bc8b4-1be3-4773-881c-e471bed51254
2020-03-27 08:15:06,415 [IPC Server handler 4 on 37361] INFO  net.NetworkTopology (NetworkTopologyImpl.java:add(111)) - Added a new node: /default-rack/d8a051d7-a144-4c31-9411-4634ccd4403a
2020-03-27 08:15:06,417 [IPC Server handler 4 on 37361] INFO  node.SCMNodeManager (SCMNodeManager.java:register(268)) - Registered Data node : d8a051d7-a144-4c31-9411-4634ccd4403a{ip: 172.17.0.2, host: 767d39cb30d6, networkLocation: /default-rack, certSerialId: null}
2020-03-27 08:15:06,417 [RatisPipelineUtilsThread] INFO  pipeline.RatisPipelineProvider (RatisPipelineProvider.java:lambda$create$3(170)) - Sending CreatePipelineCommand for pipeline:PipelineID=c8f0054e-1610-40fc-a9a5-e41956245296 to datanode:d8a051d7-a144-4c31-9411-4634ccd4403a
2020-03-27 08:15:06,417 [EventQueue-NodeRegistrationContainerReportForDataNodeSafeModeRule] INFO  safemode.SCMSafeModeManager (SCMSafeModeManager.java:validateSafeModeExitRules(175)) - DataNodeSafeModeRule rule is successfully validated
2020-03-27 08:15:06,417 [EventQueue-NodeRegistrationContainerReportForContainerSafeModeRule] INFO  safemode.SCMSafeModeManager (SCMSafeModeManager.java:validateSafeModeExitRules(175)) - ContainerSafeModeRule rule is successfully validated
2020-03-27 08:15:06,417 [RatisPipelineUtilsThread] INFO  pipeline.PipelineStateManager (PipelineStateManager.java:addPipeline(54)) - Created pipeline Pipeline[ Id: c8f0054e-1610-40fc-a9a5-e41956245296, Nodes: d8a051d7-a144-4c31-9411-4634ccd4403a{ip: 172.17.0.2, host: 767d39cb30d6, networkLocation: /default-rack, certSerialId: null}, Type:RATIS, Factor:ONE, State:ALLOCATED, leaderId:null, CreationTimestamp2020-03-27T08:15:06.417Z]
2020-03-27 08:15:06,461 [IPC Server handler 5 on 37361] INFO  net.NetworkTopology (NetworkTopologyImpl.java:add(111)) - Added a new node: /default-rack/fe5755ee-a695-4f61-b92b-3d721cb7d98e
2020-03-27 08:15:06,462 [IPC Server handler 5 on 37361] INFO  node.SCMNodeManager (SCMNodeManager.java:register(268)) - Registered Data node : fe5755ee-a695-4f61-b92b-3d721cb7d98e{ip: 172.17.0.2, host: 767d39cb30d6, networkLocation: /default-rack, certSerialId: null}
2020-03-27 08:15:06,462 [EventQueue-NodeRegistrationContainerReportForDataNodeSafeModeRule] INFO  safemode.SCMSafeModeManager (SCMSafeModeManager.java:validateSafeModeExitRules(175)) - DataNodeSafeModeRule rule is successfully validated
2020-03-27 08:15:06,462 [RatisPipelineUtilsThread] INFO  pipeline.RatisPipelineProvider (RatisPipelineProvider.java:lambda$create$3(170)) - Sending CreatePipelineCommand for pipeline:PipelineID=c477f17b-efbb-4f76-ba64-0e24b733b13c to datanode:fe5755ee-a695-4f61-b92b-3d721cb7d98e
2020-03-27 08:15:06,462 [EventQueue-NodeRegistrationContainerReportForContainerSafeModeRule] INFO  safemode.SCMSafeModeManager (SCMSafeModeManager.java:validateSafeModeExitRules(175)) - ContainerSafeModeRule rule is successfully validated
2020-03-27 08:15:06,463 [RatisPipelineUtilsThread] INFO  pipeline.PipelineStateManager (PipelineStateManager.java:addPipeline(54)) - Created pipeline Pipeline[ Id: c477f17b-efbb-4f76-ba64-0e24b733b13c, Nodes: fe5755ee-a695-4f61-b92b-3d721cb7d98e{ip: 172.17.0.2, host: 767d39cb30d6, networkLocation: /default-rack, certSerialId: null}, Type:RATIS, Factor:ONE, State:ALLOCATED, leaderId:null, CreationTimestamp2020-03-27T08:15:06.462Z]
2020-03-27 08:15:06,557 [IPC Server handler 6 on 37361] INFO  net.NetworkTopology (NetworkTopologyImpl.java:add(111)) - Added a new node: /default-rack/77fc4d9c-d2cb-491d-92c6-7c69a2ec3ba6
2020-03-27 08:15:06,557 [IPC Server handler 6 on 37361] INFO  node.SCMNodeManager (SCMNodeManager.java:register(268)) - Registered Data node : 77fc4d9c-d2cb-491d-92c6-7c69a2ec3ba6{ip: 172.17.0.2, host: 767d39cb30d6, networkLocation: /default-rack, certSerialId: null}
2020-03-27 08:15:06,558 [EventQueue-NodeRegistrationContainerReportForContainerSafeModeRule] INFO  safemode.SCMSafeModeManager (SCMSafeModeManager.java:validateSafeModeExitRules(175)) - ContainerSafeModeRule rule is successfully validated
2020-03-27 08:15:06,558 [EventQueue-NodeRegistrationContainerReportForDataNodeSafeModeRule] INFO  safemode.SCMSafeModeManager (SCMSafeModeManager.java:validateSafeModeExitRules(175)) - DataNodeSafeModeRule rule is successfully validated
2020-03-27 08:15:06,558 [RatisPipelineUtilsThread] INFO  pipeline.RatisPipelineProvider (RatisPipelineProvider.java:lambda$create$3(170)) - Sending CreatePipelineCommand for pipeline:PipelineID=47f08160-2de5-4fb9-bb42-e431fbf4e8ab to datanode:77fc4d9c-d2cb-491d-92c6-7c69a2ec3ba6
2020-03-27 08:15:06,559 [RatisPipelineUtilsThread] INFO  pipeline.PipelineStateManager (PipelineStateManager.java:addPipeline(54)) - Created pipeline Pipeline[ Id: 47f08160-2de5-4fb9-bb42-e431fbf4e8ab, Nodes: 77fc4d9c-d2cb-491d-92c6-7c69a2ec3ba6{ip: 172.17.0.2, host: 767d39cb30d6, networkLocation: /default-rack, certSerialId: null}, Type:RATIS, Factor:ONE, State:ALLOCATED, leaderId:null, CreationTimestamp2020-03-27T08:15:06.558Z]
2020-03-27 08:15:06,559 [RatisPipelineUtilsThread] INFO  pipeline.RatisPipelineProvider (RatisPipelineProvider.java:lambda$create$3(170)) - Sending CreatePipelineCommand for pipeline:PipelineID=34b7cd66-881b-4dc1-99ed-f6189f8743c0 to datanode:fe5755ee-a695-4f61-b92b-3d721cb7d98e
2020-03-27 08:15:06,560 [RatisPipelineUtilsThread] INFO  pipeline.RatisPipelineProvider (RatisPipelineProvider.java:lambda$create$3(170)) - Sending CreatePipelineCommand for pipeline:PipelineID=34b7cd66-881b-4dc1-99ed-f6189f8743c0 to datanode:77fc4d9c-d2cb-491d-92c6-7c69a2ec3ba6
2020-03-27 08:15:06,560 [RatisPipelineUtilsThread] INFO  pipeline.RatisPipelineProvider (RatisPipelineProvider.java:lambda$create$3(170)) - Sending CreatePipelineCommand for pipeline:PipelineID=34b7cd66-881b-4dc1-99ed-f6189f8743c0 to datanode:d8a051d7-a144-4c31-9411-4634ccd4403a
2020-03-27 08:15:06,560 [RatisPipelineUtilsThread] INFO  pipeline.PipelineStateManager (PipelineStateManager.java:addPipeline(54)) - Created pipeline Pipeline[ Id: 34b7cd66-881b-4dc1-99ed-f6189f8743c0, Nodes: fe5755ee-a695-4f61-b92b-3d721cb7d98e{ip: 172.17.0.2, host: 767d39cb30d6, networkLocation: /default-rack, certSerialId: null}77fc4d9c-d2cb-491d-92c6-7c69a2ec3ba6{ip: 172.17.0.2, host: 767d39cb30d6, networkLocation: /default-rack, certSerialId: null}d8a051d7-a144-4c31-9411-4634ccd4403a{ip: 172.17.0.2, host: 767d39cb30d6, networkLocation: /default-rack, certSerialId: null}, Type:RATIS, Factor:THREE, State:ALLOCATED, leaderId:null, CreationTimestamp2020-03-27T08:15:06.559Z]
2020-03-27 08:15:06,561 [RatisPipelineUtilsThread] INFO  pipeline.RatisPipelineProvider (RatisPipelineProvider.java:lambda$create$3(170)) - Sending CreatePipelineCommand for pipeline:PipelineID=134bdaae-71f1-4a71-a08c-9949af5e83f0 to datanode:d8a051d7-a144-4c31-9411-4634ccd4403a
2020-03-27 08:15:06,561 [RatisPipelineUtilsThread] INFO  pipeline.RatisPipelineProvider (RatisPipelineProvider.java:lambda$create$3(170)) - Sending CreatePipelineCommand for pipeline:PipelineID=134bdaae-71f1-4a71-a08c-9949af5e83f0 to datanode:77fc4d9c-d2cb-491d-92c6-7c69a2ec3ba6
2020-03-27 08:15:06,561 [RatisPipelineUtilsThread] INFO  pipeline.RatisPipelineProvider (RatisPipelineProvider.java:lambda$create$3(170)) - Sending CreatePipelineCommand for pipeline:PipelineID=134bdaae-71f1-4a71-a08c-9949af5e83f0 to datanode:fe5755ee-a695-4f61-b92b-3d721cb7d98e
2020-03-27 08:15:06,561 [RatisPipelineUtilsThread] INFO  pipeline.PipelineStateManager (PipelineStateManager.java:addPipeline(54)) - Created pipeline Pipeline[ Id: 134bdaae-71f1-4a71-a08c-9949af5e83f0, Nodes: d8a051d7-a144-4c31-9411-4634ccd4403a{ip: 172.17.0.2, host: 767d39cb30d6, networkLocation: /default-rack, certSerialId: null}77fc4d9c-d2cb-491d-92c6-7c69a2ec3ba6{ip: 172.17.0.2, host: 767d39cb30d6, networkLocation: /default-rack, certSerialId: null}fe5755ee-a695-4f61-b92b-3d721cb7d98e{ip: 172.17.0.2, host: 767d39cb30d6, networkLocation: /default-rack, certSerialId: null}, Type:RATIS, Factor:THREE, State:ALLOCATED, leaderId:null, CreationTimestamp2020-03-27T08:15:06.560Z]
2020-03-27 08:15:06,561 [RatisPipelineUtilsThread] INFO  pipeline.SCMPipelineManager (SCMPipelineManager.java:recordMetricsForPipeline(188)) - Pipeline: PipelineID=134bdaae-71f1-4a71-a08c-9949af5e83f0 contains same datanodes as previous pipelines: PipelineID=34b7cd66-881b-4dc1-99ed-f6189f8743c0 nodeIds: d8a051d7-a144-4c31-9411-4634ccd4403a, 77fc4d9c-d2cb-491d-92c6-7c69a2ec3ba6, fe5755ee-a695-4f61-b92b-3d721cb7d98e
2020-03-27 08:15:06,613 [main] INFO  ozone.MiniOzoneClusterImpl (MiniOzoneClusterImpl.java:lambda$waitForClusterToBeReady$0(177)) - Waiting for nodes to be ready. Got 6 of 7 DN Heartbeats.
2020-03-27 08:15:06,615 [main] INFO  ozone.MiniOzoneClusterImpl (MiniOzoneClusterImpl.java:lambda$waitForClusterToBeReady$0(180)) - Waiting for cluster to exit safe mode
2020-03-27 08:15:06,616 [IPC Server handler 7 on 37361] INFO  net.NetworkTopology (NetworkTopologyImpl.java:add(111)) - Added a new node: /default-rack/6868d56a-2336-4046-a4ac-d6ad311db1a4
2020-03-27 08:15:06,616 [IPC Server handler 7 on 37361] INFO  node.SCMNodeManager (SCMNodeManager.java:register(268)) - Registered Data node : 6868d56a-2336-4046-a4ac-d6ad311db1a4{ip: 172.17.0.2, host: 767d39cb30d6, networkLocation: /default-rack, certSerialId: null}
2020-03-27 08:15:06,616 [RatisPipelineUtilsThread] INFO  pipeline.RatisPipelineProvider (RatisPipelineProvider.java:lambda$create$3(170)) - Sending CreatePipelineCommand for pipeline:PipelineID=4dce4205-7210-4ac6-9010-e434acb9eedd to datanode:6868d56a-2336-4046-a4ac-d6ad311db1a4
2020-03-27 08:15:06,616 [RatisPipelineUtilsThread] INFO  pipeline.PipelineStateManager (PipelineStateManager.java:addPipeline(54)) - Created pipeline Pipeline[ Id: 4dce4205-7210-4ac6-9010-e434acb9eedd, Nodes: 6868d56a-2336-4046-a4ac-d6ad311db1a4{ip: 172.17.0.2, host: 767d39cb30d6, networkLocation: /default-rack, certSerialId: null}, Type:RATIS, Factor:ONE, State:ALLOCATED, leaderId:null, CreationTimestamp2020-03-27T08:15:06.616Z]
2020-03-27 08:15:06,616 [EventQueue-NodeRegistrationContainerReportForDataNodeSafeModeRule] INFO  safemode.SCMSafeModeManager (SCMSafeModeManager.java:validateSafeModeExitRules(175)) - DataNodeSafeModeRule rule is successfully validated
2020-03-27 08:15:06,616 [EventQueue-NodeRegistrationContainerReportForContainerSafeModeRule] INFO  safemode.SCMSafeModeManager (SCMSafeModeManager.java:validateSafeModeExitRules(175)) - ContainerSafeModeRule rule is successfully validated
2020-03-27 08:15:07,615 [main] INFO  ozone.MiniOzoneClusterImpl (MiniOzoneClusterImpl.java:lambda$waitForClusterToBeReady$0(177)) - Nodes are ready. Got 7 of 7 DN Heartbeats.
2020-03-27 08:15:07,616 [main] INFO  ozone.MiniOzoneClusterImpl (MiniOzoneClusterImpl.java:lambda$waitForClusterToBeReady$0(180)) - Waiting for cluster to exit safe mode
2020-03-27 08:15:08,681 [main] INFO  ozone.MiniOzoneClusterImpl (MiniOzoneClusterImpl.java:lambda$waitForClusterToBeReady$0(177)) - Nodes are ready. Got 7 of 7 DN Heartbeats.
2020-03-27 08:15:08,681 [main] INFO  ozone.MiniOzoneClusterImpl (MiniOzoneClusterImpl.java:lambda$waitForClusterToBeReady$0(180)) - Waiting for cluster to exit safe mode
2020-03-27 08:15:09,192 [Command processor thread] INFO  impl.RaftServerProxy (RaftServerProxy.java:addNew(89)) - c40590c3-a50d-4a7b-bb23-afdf12d31292: addNew group-091DD7728E56:[c40590c3-a50d-4a7b-bb23-afdf12d31292:172.17.0.2:42743] returns group-091DD7728E56:java.util.concurrent.CompletableFuture@1f8b10c4[Not completed]
2020-03-27 08:15:09,193 [pool-563-thread-1] INFO  impl.RaftServerImpl (RaftServerImpl.java:<init>(97)) - c40590c3-a50d-4a7b-bb23-afdf12d31292: new RaftServerImpl for group-091DD7728E56:[c40590c3-a50d-4a7b-bb23-afdf12d31292:172.17.0.2:42743] with ContainerStateMachine:uninitialized
2020-03-27 08:15:09,193 [pool-563-thread-1] INFO  server.RaftServerConfigKeys (ConfUtils.java:logGet(43)) - raft.server.rpc.timeout.min = 5s (custom)
2020-03-27 08:15:09,193 [pool-563-thread-1] INFO  server.RaftServerConfigKeys (ConfUtils.java:logGet(43)) - raft.server.rpc.timeout.max = 5200ms (custom)
2020-03-27 08:15:09,194 [pool-563-thread-1] INFO  server.RaftServerConfigKeys (ConfUtils.java:logGet(43)) - raft.server.rpcslowness.timeout = 300s (custom)
2020-03-27 08:15:09,194 [pool-563-thread-1] INFO  server.RaftServerConfigKeys (ConfUtils.java:logGet(43)) - raft.server.sleep.deviation.threshold = 300 (default)
2020-03-27 08:15:09,194 [pool-563-thread-1] INFO  server.RaftServerConfigKeys (ConfUtils.java:logGet(43)) - raft.server.log.appender.install.snapshot.enabled = false (custom)
2020-03-27 08:15:09,194 [pool-563-thread-1] INFO  impl.RaftServerImpl (ServerState.java:<init>(103)) - c40590c3-a50d-4a7b-bb23-afdf12d31292@group-091DD7728E56: ConfigurationManager, init=-1: [c40590c3-a50d-4a7b-bb23-afdf12d31292:172.17.0.2:42743], old=null, confs=<EMPTY_MAP>
2020-03-27 08:15:09,194 [pool-563-thread-1] INFO  server.RaftServerConfigKeys (ConfUtils.java:logGet(43)) - raft.server.storage.dir = [/github/workspace/hadoop-ozone/integration-test/target/test-dir/MiniOzoneClusterImpl-178f0ac1-9287-41ca-b66e-5f4c0e2bc6ba/datanode-0/data/ratis] (custom)
2020-03-27 08:15:09,194 [pool-563-thread-1] INFO  server.RaftServerConfigKeys (ConfUtils.java:logGet(43)) - raft.server.log.corruption.policy = EXCEPTION (default)
2020-03-27 08:15:09,195 [pool-563-thread-1] INFO  storage.RaftStorageDirectory (RaftStorageDirectory.java:analyzeStorage(253)) - The storage directory /github/workspace/hadoop-ozone/integration-test/target/test-dir/MiniOzoneClusterImpl-178f0ac1-9287-41ca-b66e-5f4c0e2bc6ba/datanode-0/data/ratis/d3b13d55-5155-4f0e-8e35-091dd7728e56 does not exist. Creating ...
2020-03-27 08:15:09,196 [pool-563-thread-1] INFO  storage.RaftStorageDirectory (RaftStorageDirectory.java:tryLock(335)) - Lock on /github/workspace/hadoop-ozone/integration-test/target/test-dir/MiniOzoneClusterImpl-178f0ac1-9287-41ca-b66e-5f4c0e2bc6ba/datanode-0/data/ratis/d3b13d55-5155-4f0e-8e35-091dd7728e56/in_use.lock acquired by nodename 16179@767d39cb30d6
2020-03-27 08:15:09,198 [pool-563-thread-1] INFO  storage.RaftStorage (RaftStorage.java:format(84)) - Storage directory /github/workspace/hadoop-ozone/integration-test/target/test-dir/MiniOzoneClusterImpl-178f0ac1-9287-41ca-b66e-5f4c0e2bc6ba/datanode-0/data/ratis/d3b13d55-5155-4f0e-8e35-091dd7728e56 has been successfully formatted.
2020-03-27 08:15:09,199 [pool-563-thread-1] INFO  ratis.ContainerStateMachine (ContainerStateMachine.java:loadSnapshot(233)) - group-091DD7728E56: The snapshot info is null. Setting the last applied indexto:(t:0, i:~)
2020-03-27 08:15:09,199 [pool-563-thread-1] INFO  server.RaftServerConfigKeys (ConfUtils.java:logGet(43)) - raft.server.notification.no-leader.timeout = 60s (default)
2020-03-27 08:15:09,199 [pool-563-thread-1] INFO  server.RaftServerConfigKeys (ConfUtils.java:logGet(43)) - raft.server.log.use.memory = false (default)
2020-03-27 08:15:09,199 [pool-563-thread-1] INFO  server.RaftServerConfigKeys (ConfUtils.java:logGet(43)) - raft.server.log.purge.gap = 1000000 (custom)
2020-03-27 08:15:09,199 [pool-563-thread-1] INFO  server.RaftServerConfigKeys (ConfUtils.java:logGet(43)) - raft.server.log.appender.buffer.byte-limit = 33554432 (custom)
2020-03-27 08:15:09,199 [pool-563-thread-1] INFO  server.RaftServerConfigKeys (ConfUtils.java:logGet(43)) - raft.server.log.segment.size.max = 1048576 (custom)
2020-03-27 08:15:09,199 [pool-563-thread-1] INFO  metrics.RatisMetrics (RatisMetrics.java:lambda$create$0(39)) - Creating Metrics Registry : ratis.log_worker.c40590c3-a50d-4a7b-bb23-afdf12d31292
2020-03-27 08:15:09,199 [EventQueue-PipelineReportForPipelineReportHandler] INFO  pipeline.PipelineStateManager (PipelineStateManager.java:openPipeline(131)) - Pipeline Pipeline[ Id: d3b13d55-5155-4f0e-8e35-091dd7728e56, Nodes: c40590c3-a50d-4a7b-bb23-afdf12d31292{ip: 172.17.0.2, host: 767d39cb30d6, networkLocation: /default-rack, certSerialId: null}, Type:RATIS, Factor:ONE, State:ALLOCATED, leaderId:c40590c3-a50d-4a7b-bb23-afdf12d31292, CreationTimestamp2020-03-27T08:15:06.193Z] moved to OPEN state
2020-03-27 08:15:09,199 [pool-563-thread-1] INFO  server.RaftServerConfigKeys (ConfUtils.java:logGet(43)) - raft.server.log.segment.cache.num.max = 2 (custom)
2020-03-27 08:15:09,199 [pool-563-thread-1] INFO  segmented.SegmentedRaftLogWorker (SegmentedRaftLogWorker.java:<init>(176)) - new c40590c3-a50d-4a7b-bb23-afdf12d31292@group-091DD7728E56-SegmentedRaftLogWorker for RaftStorage:Storage Directory /github/workspace/hadoop-ozone/integration-test/target/test-dir/MiniOzoneClusterImpl-178f0ac1-9287-41ca-b66e-5f4c0e2bc6ba/datanode-0/data/ratis/d3b13d55-5155-4f0e-8e35-091dd7728e56
2020-03-27 08:15:09,200 [pool-563-thread-1] INFO  server.RaftServerConfigKeys (ConfUtils.java:logGet(43)) - raft.server.log.queue.byte-limit = 2147483647 (custom)
2020-03-27 08:15:09,200 [pool-563-thread-1] INFO  server.RaftServerConfigKeys (ConfUtils.java:logGet(43)) - raft.server.log.queue.element-limit = 1024 (custom)
2020-03-27 08:15:09,200 [pool-563-thread-1] INFO  server.RaftServerConfigKeys (ConfUtils.java:logGet(43)) - raft.server.log.segment.size.max = 1048576 (custom)
2020-03-27 08:15:09,200 [pool-563-thread-1] INFO  server.RaftServerConfigKeys (ConfUtils.java:logGet(43)) - raft.server.log.preallocated.size = 16384 (custom)
2020-03-27 08:15:09,201 [pool-563-thread-1] INFO  server.RaftServerConfigKeys (ConfUtils.java:logGet(43)) - raft.server.log.write.buffer.size = 1048576 (custom)
2020-03-27 08:15:09,201 [EventQueue-OpenPipelineForHealthyPipelineSafeModeRule] INFO  safemode.SCMSafeModeManager (HealthyPipelineSafeModeRule.java:process(131)) - SCM in safe mode. Healthy pipelines reported count is 0, required healthy pipeline reported count is 1
2020-03-27 08:15:09,201 [pool-563-thread-1] INFO  server.RaftServerConfigKeys (ConfUtils.java:logGet(43)) - raft.server.log.force.sync.num = 128 (default)
2020-03-27 08:15:09,201 [pool-563-thread-1] INFO  server.RaftServerConfigKeys (ConfUtils.java:logGet(43)) - raft.server.log.statemachine.data.sync = true (default)
2020-03-27 08:15:09,201 [pool-563-thread-1] INFO  server.RaftServerConfigKeys (ConfUtils.java:logGet(43)) - raft.server.log.statemachine.data.sync.timeout = 10s (default)
2020-03-27 08:15:09,201 [pool-563-thread-1] INFO  server.RaftServerConfigKeys (ConfUtils.java:logGet(43)) - raft.server.log.statemachine.data.sync.timeout.retry = -1 (default)
2020-03-27 08:15:09,203 [pool-563-thread-1] INFO  server.RaftServerConfigKeys (ConfUtils.java:logGet(43)) - raft.server.log.statemachine.data.caching.enabled = true (custom)
2020-03-27 08:15:09,203 [pool-563-thread-1] INFO  segmented.SegmentedRaftLogWorker (SegmentedRaftLogWorker.java:lambda$new$0(129)) - c40590c3-a50d-4a7b-bb23-afdf12d31292@group-091DD7728E56-SegmentedRaftLogWorker: flushIndex: setUnconditionally 0 -> -1
2020-03-27 08:15:09,204 [EventQueue-OpenPipelineForOneReplicaPipelineSafeModeRule] INFO  safemode.SCMSafeModeManager (SCMSafeModeManager.java:validateSafeModeExitRules(175)) - AtleastOneDatanodeReportedRule rule is successfully validated
2020-03-27 08:15:09,204 [pool-563-thread-1] INFO  server.RaftServerConfigKeys (ConfUtils.java:logGet(43)) - raft.server.snapshot.auto.trigger.enabled = true (custom)
2020-03-27 08:15:09,204 [pool-563-thread-1] INFO  server.RaftServerConfigKeys (ConfUtils.java:logGet(43)) - raft.server.snapshot.auto.trigger.threshold = 10000 (custom)
2020-03-27 08:15:09,204 [pool-563-thread-1] INFO  server.RaftServerConfigKeys (ConfUtils.java:logGet(43)) - raft.server.snapshot.retention.file.num = 5 (custom)
2020-03-27 08:15:09,204 [pool-563-thread-1] INFO  server.RaftServerConfigKeys (ConfUtils.java:logGet(43)) - raft.server.retrycache.expirytime = 600000ms (custom)
2020-03-27 08:15:09,210 [pool-563-thread-1] INFO  metrics.RatisMetrics (RatisMetrics.java:lambda$create$0(39)) - Creating Metrics Registry : ratis.leader_election.c40590c3-a50d-4a7b-bb23-afdf12d31292@group-091DD7728E56
2020-03-27 08:15:09,211 [pool-563-thread-1] INFO  metrics.RatisMetrics (RatisMetrics.java:lambda$create$0(39)) - Creating Metrics Registry : ratis.server.c40590c3-a50d-4a7b-bb23-afdf12d31292@group-091DD7728E56
2020-03-27 08:15:09,211 [pool-563-thread-1] INFO  impl.RaftServerImpl (RaftServerImpl.java:start(183)) - c40590c3-a50d-4a7b-bb23-afdf12d31292@group-091DD7728E56: start as a follower, conf=-1: [c40590c3-a50d-4a7b-bb23-afdf12d31292:172.17.0.2:42743], old=null
2020-03-27 08:15:09,211 [pool-563-thread-1] INFO  impl.RaftServerImpl (RaftServerImpl.java:setRole(172)) - c40590c3-a50d-4a7b-bb23-afdf12d31292@group-091DD7728E56: changes role from      null to FOLLOWER at term 0 for startAsFollower
2020-03-27 08:15:09,212 [pool-563-thread-1] INFO  impl.RoleInfo (RoleInfo.java:updateAndGet(143)) - c40590c3-a50d-4a7b-bb23-afdf12d31292: start FollowerState
2020-03-27 08:15:09,213 [pool-563-thread-1] INFO  util.JmxRegister (JmxRegister.java:tryRegister(44)) - Successfully registered JMX Bean with object name Ratis:service=RaftServer,group=group-091DD7728E56,id=c40590c3-a50d-4a7b-bb23-afdf12d31292
2020-03-27 08:15:09,213 [pool-563-thread-1] INFO  metrics.RatisMetrics (RatisMetrics.java:lambda$create$0(39)) - Creating Metrics Registry : ratis.state_machine.c40590c3-a50d-4a7b-bb23-afdf12d31292@group-091DD7728E56
2020-03-27 08:15:09,218 [Command processor thread] INFO  commandhandler.CreatePipelineCommandHandler (CreatePipelineCommandHandler.java:handle(112)) - Created Pipeline RATIS ONE #id: "d3b13d55-5155-4f0e-8e35-091dd7728e56"
.
2020-03-27 08:15:09,219 [Command processor thread] INFO  impl.RaftServerProxy (RaftServerProxy.java:addNew(89)) - c40590c3-a50d-4a7b-bb23-afdf12d31292: addNew group-D0F55C6D3FB8:[c40590c3-a50d-4a7b-bb23-afdf12d31292:172.17.0.2:42743, 786ae2ec-8760-4167-ab23-b7e9b601edc4:172.17.0.2:34415, 4f2bc8b4-1be3-4773-881c-e471bed51254:172.17.0.2:40125] returns group-D0F55C6D3FB8:java.util.concurrent.CompletableFuture@1bb487ed[Not completed]
2020-03-27 08:15:09,219 [pool-563-thread-1] INFO  impl.RaftServerImpl (RaftServerImpl.java:<init>(97)) - c40590c3-a50d-4a7b-bb23-afdf12d31292: new RaftServerImpl for group-D0F55C6D3FB8:[c40590c3-a50d-4a7b-bb23-afdf12d31292:172.17.0.2:42743, 786ae2ec-8760-4167-ab23-b7e9b601edc4:172.17.0.2:34415, 4f2bc8b4-1be3-4773-881c-e471bed51254:172.17.0.2:40125] with ContainerStateMachine:uninitialized
2020-03-27 08:15:09,219 [pool-563-thread-1] INFO  server.RaftServerConfigKeys (ConfUtils.java:logGet(43)) - raft.server.rpc.timeout.min = 5s (custom)
2020-03-27 08:15:09,219 [pool-563-thread-1] INFO  server.RaftServerConfigKeys (ConfUtils.java:logGet(43)) - raft.server.rpc.timeout.max = 5200ms (custom)
2020-03-27 08:15:09,219 [pool-563-thread-1] INFO  server.RaftServerConfigKeys (ConfUtils.java:logGet(43)) - raft.server.rpcslowness.timeout = 300s (custom)
2020-03-27 08:15:09,219 [pool-563-thread-1] INFO  server.RaftServerConfigKeys (ConfUtils.java:logGet(43)) - raft.server.sleep.deviation.threshold = 300 (default)
2020-03-27 08:15:09,219 [pool-563-thread-1] INFO  server.RaftServerConfigKeys (ConfUtils.java:logGet(43)) - raft.server.log.appender.install.snapshot.enabled = false (custom)
2020-03-27 08:15:09,219 [pool-563-thread-1] INFO  impl.RaftServerImpl (ServerState.java:<init>(103)) - c40590c3-a50d-4a7b-bb23-afdf12d31292@group-D0F55C6D3FB8: ConfigurationManager, init=-1: [c40590c3-a50d-4a7b-bb23-afdf12d31292:172.17.0.2:42743, 786ae2ec-8760-4167-ab23-b7e9b601edc4:172.17.0.2:34415, 4f2bc8b4-1be3-4773-881c-e471bed51254:172.17.0.2:40125], old=null, confs=<EMPTY_MAP>
2020-03-27 08:15:09,220 [pool-563-thread-1] INFO  server.RaftServerConfigKeys (ConfUtils.java:logGet(43)) - raft.server.storage.dir = [/github/workspace/hadoop-ozone/integration-test/target/test-dir/MiniOzoneClusterImpl-178f0ac1-9287-41ca-b66e-5f4c0e2bc6ba/datanode-0/data/ratis] (custom)
2020-03-27 08:15:09,220 [pool-563-thread-1] INFO  server.RaftServerConfigKeys (ConfUtils.java:logGet(43)) - raft.server.log.corruption.policy = EXCEPTION (default)
2020-03-27 08:15:09,220 [pool-563-thread-1] INFO  storage.RaftStorageDirectory (RaftStorageDirectory.java:analyzeStorage(253)) - The storage directory /github/workspace/hadoop-ozone/integration-test/target/test-dir/MiniOzoneClusterImpl-178f0ac1-9287-41ca-b66e-5f4c0e2bc6ba/datanode-0/data/ratis/20a375a9-ac96-459f-a59f-d0f55c6d3fb8 does not exist. Creating ...
2020-03-27 08:15:09,221 [pool-563-thread-1] INFO  storage.RaftStorageDirectory (RaftStorageDirectory.java:tryLock(335)) - Lock on /github/workspace/hadoop-ozone/integration-test/target/test-dir/MiniOzoneClusterImpl-178f0ac1-9287-41ca-b66e-5f4c0e2bc6ba/datanode-0/data/ratis/20a375a9-ac96-459f-a59f-d0f55c6d3fb8/in_use.lock acquired by nodename 16179@767d39cb30d6
2020-03-27 08:15:09,222 [pool-563-thread-1] INFO  storage.RaftStorage (RaftStorage.java:format(84)) - Storage directory /github/workspace/hadoop-ozone/integration-test/target/test-dir/MiniOzoneClusterImpl-178f0ac1-9287-41ca-b66e-5f4c0e2bc6ba/datanode-0/data/ratis/20a375a9-ac96-459f-a59f-d0f55c6d3fb8 has been successfully formatted.
2020-03-27 08:15:09,223 [pool-563-thread-1] INFO  ratis.ContainerStateMachine (ContainerStateMachine.java:loadSnapshot(233)) - group-D0F55C6D3FB8: The snapshot info is null. Setting the last applied indexto:(t:0, i:~)
2020-03-27 08:15:09,223 [pool-563-thread-1] INFO  server.RaftServerConfigKeys (ConfUtils.java:logGet(43)) - raft.server.notification.no-leader.timeout = 60s (default)
2020-03-27 08:15:09,223 [pool-563-thread-1] INFO  server.RaftServerConfigKeys (ConfUtils.java:logGet(43)) - raft.server.log.use.memory = false (default)
2020-03-27 08:15:09,223 [pool-563-thread-1] INFO  server.RaftServerConfigKeys (ConfUtils.java:logGet(43)) - raft.server.log.purge.gap = 1000000 (custom)
2020-03-27 08:15:09,223 [pool-563-thread-1] INFO  server.RaftServerConfigKeys (ConfUtils.java:logGet(43)) - raft.server.log.appender.buffer.byte-limit = 33554432 (custom)
2020-03-27 08:15:09,223 [pool-563-thread-1] INFO  server.RaftServerConfigKeys (ConfUtils.java:logGet(43)) - raft.server.log.segment.size.max = 1048576 (custom)
2020-03-27 08:15:09,223 [pool-563-thread-1] INFO  server.RaftServerConfigKeys (ConfUtils.java:logGet(43)) - raft.server.log.segment.cache.num.max = 2 (custom)
2020-03-27 08:15:09,223 [pool-563-thread-1] INFO  segmented.SegmentedRaftLogWorker (SegmentedRaftLogWorker.java:<init>(176)) - new c40590c3-a50d-4a7b-bb23-afdf12d31292@group-D0F55C6D3FB8-SegmentedRaftLogWorker for RaftStorage:Storage Directory /github/workspace/hadoop-ozone/integration-test/target/test-dir/MiniOzoneClusterImpl-178f0ac1-9287-41ca-b66e-5f4c0e2bc6ba/datanode-0/data/ratis/20a375a9-ac96-459f-a59f-d0f55c6d3fb8
2020-03-27 08:15:09,223 [pool-563-thread-1] INFO  server.RaftServerConfigKeys (ConfUtils.java:logGet(43)) - raft.server.log.queue.byte-limit = 2147483647 (custom)
2020-03-27 08:15:09,223 [pool-563-thread-1] INFO  server.RaftServerConfigKeys (ConfUtils.java:logGet(43)) - raft.server.log.queue.element-limit = 1024 (custom)
2020-03-27 08:15:09,223 [pool-563-thread-1] INFO  server.RaftServerConfigKeys (ConfUtils.java:logGet(43)) - raft.server.log.segment.size.max = 1048576 (custom)
2020-03-27 08:15:09,223 [pool-563-thread-1] INFO  server.RaftServerConfigKeys (ConfUtils.java:logGet(43)) - raft.server.log.preallocated.size = 16384 (custom)
2020-03-27 08:15:09,224 [pool-563-thread-1] INFO  server.RaftServerConfigKeys (ConfUtils.java:logGet(43)) - raft.server.log.write.buffer.size = 1048576 (custom)
2020-03-27 08:15:09,224 [pool-563-thread-1] INFO  server.RaftServerConfigKeys (ConfUtils.java:logGet(43)) - raft.server.log.force.sync.num = 128 (default)
2020-03-27 08:15:09,224 [pool-563-thread-1] INFO  server.RaftServerConfigKeys (ConfUtils.java:logGet(43)) - raft.server.log.statemachine.data.sync = true (default)
2020-03-27 08:15:09,224 [pool-563-thread-1] INFO  server.RaftServerConfigKeys (ConfUtils.java:logGet(43)) - raft.server.log.statemachine.data.sync.timeout = 10s (default)
2020-03-27 08:15:09,224 [pool-563-thread-1] INFO  server.RaftServerConfigKeys (ConfUtils.java:logGet(43)) - raft.server.log.statemachine.data.sync.timeout.retry = -1 (default)
2020-03-27 08:15:09,225 [pool-563-thread-1] INFO  server.RaftServerConfigKeys (ConfUtils.java:logGet(43)) - raft.server.log.statemachine.data.caching.enabled = true (custom)
2020-03-27 08:15:09,225 [pool-563-thread-1] INFO  segmented.SegmentedRaftLogWorker (SegmentedRaftLogWorker.java:lambda$new$0(129)) - c40590c3-a50d-4a7b-bb23-afdf12d31292@group-D0F55C6D3FB8-SegmentedRaftLogWorker: flushIndex: setUnconditionally 0 -> -1
2020-03-27 08:15:09,234 [pool-563-thread-1] INFO  server.RaftServerConfigKeys (ConfUtils.java:logGet(43)) - raft.server.snapshot.auto.trigger.enabled = true (custom)
2020-03-27 08:15:09,234 [pool-563-thread-1] INFO  server.RaftServerConfigKeys (ConfUtils.java:logGet(43)) - raft.server.snapshot.auto.trigger.threshold = 10000 (custom)
2020-03-27 08:15:09,234 [pool-563-thread-1] INFO  server.RaftServerConfigKeys (ConfUtils.java:logGet(43)) - raft.server.snapshot.retention.file.num = 5 (custom)
2020-03-27 08:15:09,234 [pool-563-thread-1] INFO  server.RaftServerConfigKeys (ConfUtils.java:logGet(43)) - raft.server.retrycache.expirytime = 600000ms (custom)
2020-03-27 08:15:09,235 [pool-563-thread-1] INFO  metrics.RatisMetrics (RatisMetrics.java:lambda$create$0(39)) - Creating Metrics Registry : ratis.leader_election.c40590c3-a50d-4a7b-bb23-afdf12d31292@group-D0F55C6D3FB8
2020-03-27 08:15:09,235 [pool-563-thread-1] INFO  metrics.RatisMetrics (RatisMetrics.java:lambda$create$0(39)) - Creating Metrics Registry : ratis.server.c40590c3-a50d-4a7b-bb23-afdf12d31292@group-D0F55C6D3FB8
2020-03-27 08:15:09,236 [pool-563-thread-1] INFO  impl.RaftServerImpl (RaftServerImpl.java:start(183)) - c40590c3-a50d-4a7b-bb23-afdf12d31292@group-D0F55C6D3FB8: start as a follower, conf=-1: [c40590c3-a50d-4a7b-bb23-afdf12d31292:172.17.0.2:42743, 786ae2ec-8760-4167-ab23-b7e9b601edc4:172.17.0.2:34415, 4f2bc8b4-1be3-4773-881c-e471bed51254:172.17.0.2:40125], old=null
2020-03-27 08:15:09,236 [pool-563-thread-1] INFO  impl.RaftServerImpl (RaftServerImpl.java:setRole(172)) - c40590c3-a50d-4a7b-bb23-afdf12d31292@group-D0F55C6D3FB8: changes role from      null to FOLLOWER at term 0 for startAsFollower
2020-03-27 08:15:09,236 [pool-563-thread-1] INFO  impl.RoleInfo (RoleInfo.java:updateAndGet(143)) - c40590c3-a50d-4a7b-bb23-afdf12d31292: start FollowerState
2020-03-27 08:15:09,236 [pool-563-thread-1] INFO  util.JmxRegister (JmxRegister.java:tryRegister(44)) - Successfully registered JMX Bean with object name Ratis:service=RaftServer,group=group-D0F55C6D3FB8,id=c40590c3-a50d-4a7b-bb23-afdf12d31292
2020-03-27 08:15:09,236 [pool-563-thread-1] INFO  metrics.RatisMetrics (RatisMetrics.java:lambda$create$0(39)) - Creating Metrics Registry : ratis.state_machine.c40590c3-a50d-4a7b-bb23-afdf12d31292@group-D0F55C6D3FB8
2020-03-27 08:15:09,254 [grpc-default-executor-13] INFO  impl.RaftServerProxy (RaftServerProxy.java:addNew(89)) - 786ae2ec-8760-4167-ab23-b7e9b601edc4: addNew group-D0F55C6D3FB8:[c40590c3-a50d-4a7b-bb23-afdf12d31292:172.17.0.2:42743, 786ae2ec-8760-4167-ab23-b7e9b601edc4:172.17.0.2:34415, 4f2bc8b4-1be3-4773-881c-e471bed51254:172.17.0.2:40125] returns group-D0F55C6D3FB8:java.util.concurrent.CompletableFuture@625870f4[Not completed]
2020-03-27 08:15:09,255 [pool-593-thread-1] INFO  impl.RaftServerImpl (RaftServerImpl.java:<init>(97)) - 786ae2ec-8760-4167-ab23-b7e9b601edc4: new RaftServerImpl for group-D0F55C6D3FB8:[c40590c3-a50d-4a7b-bb23-afdf12d31292:172.17.0.2:42743, 786ae2ec-8760-4167-ab23-b7e9b601edc4:172.17.0.2:34415, 4f2bc8b4-1be3-4773-881c-e471bed51254:172.17.0.2:40125] with ContainerStateMachine:uninitialized
2020-03-27 08:15:09,255 [pool-593-thread-1] INFO  server.RaftServerConfigKeys (ConfUtils.java:logGet(43)) - raft.server.rpc.timeout.min = 5s (custom)
2020-03-27 08:15:09,255 [pool-593-thread-1] INFO  server.RaftServerConfigKeys (ConfUtils.java:logGet(43)) - raft.server.rpc.timeout.max = 5200ms (custom)
2020-03-27 08:15:09,255 [pool-593-thread-1] INFO  server.RaftServerConfigKeys (ConfUtils.java:logGet(43)) - raft.server.rpcslowness.timeout = 300s (custom)
2020-03-27 08:15:09,255 [pool-593-thread-1] INFO  server.RaftServerConfigKeys (ConfUtils.java:logGet(43)) - raft.server.sleep.deviation.threshold = 300 (default)
2020-03-27 08:15:09,255 [pool-593-thread-1] INFO  server.RaftServerConfigKeys (ConfUtils.java:logGet(43)) - raft.server.log.appender.install.snapshot.enabled = false (custom)
2020-03-27 08:15:09,255 [pool-593-thread-1] INFO  impl.RaftServerImpl (ServerState.java:<init>(103)) - 786ae2ec-8760-4167-ab23-b7e9b601edc4@group-D0F55C6D3FB8: ConfigurationManager, init=-1: [c40590c3-a50d-4a7b-bb23-afdf12d31292:172.17.0.2:42743, 786ae2ec-8760-4167-ab23-b7e9b601edc4:172.17.0.2:34415, 4f2bc8b4-1be3-4773-881c-e471bed51254:172.17.0.2:40125], old=null, confs=<EMPTY_MAP>
2020-03-27 08:15:09,256 [pool-593-thread-1] INFO  server.RaftServerConfigKeys (ConfUtils.java:logGet(43)) - raft.server.storage.dir = [/github/workspace/hadoop-ozone/integration-test/target/test-dir/MiniOzoneClusterImpl-178f0ac1-9287-41ca-b66e-5f4c0e2bc6ba/datanode-2/data/ratis] (custom)
2020-03-27 08:15:09,256 [pool-593-thread-1] INFO  server.RaftServerConfigKeys (ConfUtils.java:logGet(43)) - raft.server.log.corruption.policy = EXCEPTION (default)
2020-03-27 08:15:09,256 [pool-593-thread-1] INFO  storage.RaftStorageDirectory (RaftStorageDirectory.java:analyzeStorage(253)) - The storage directory /github/workspace/hadoop-ozone/integration-test/target/test-dir/MiniOzoneClusterImpl-178f0ac1-9287-41ca-b66e-5f4c0e2bc6ba/datanode-2/data/ratis/20a375a9-ac96-459f-a59f-d0f55c6d3fb8 does not exist. Creating ...
2020-03-27 08:15:09,258 [pool-593-thread-1] INFO  storage.RaftStorageDirectory (RaftStorageDirectory.java:tryLock(335)) - Lock on /github/workspace/hadoop-ozone/integration-test/target/test-dir/MiniOzoneClusterImpl-178f0ac1-9287-41ca-b66e-5f4c0e2bc6ba/datanode-2/data/ratis/20a375a9-ac96-459f-a59f-d0f55c6d3fb8/in_use.lock acquired by nodename 16179@767d39cb30d6
2020-03-27 08:15:09,260 [pool-593-thread-1] INFO  storage.RaftStorage (RaftStorage.java:format(84)) - Storage directory /github/workspace/hadoop-ozone/integration-test/target/test-dir/MiniOzoneClusterImpl-178f0ac1-9287-41ca-b66e-5f4c0e2bc6ba/datanode-2/data/ratis/20a375a9-ac96-459f-a59f-d0f55c6d3fb8 has been successfully formatted.
2020-03-27 08:15:09,261 [pool-593-thread-1] INFO  ratis.ContainerStateMachine (ContainerStateMachine.java:loadSnapshot(233)) - group-D0F55C6D3FB8: The snapshot info is null. Setting the last applied indexto:(t:0, i:~)
2020-03-27 08:15:09,261 [pool-593-thread-1] INFO  server.RaftServerConfigKeys (ConfUtils.java:logGet(43)) - raft.server.notification.no-leader.timeout = 60s (default)
2020-03-27 08:15:09,261 [pool-593-thread-1] INFO  server.RaftServerConfigKeys (ConfUtils.java:logGet(43)) - raft.server.log.use.memory = false (default)
2020-03-27 08:15:09,261 [pool-593-thread-1] INFO  server.RaftServerConfigKeys (ConfUtils.java:logGet(43)) - raft.server.log.purge.gap = 1000000 (custom)
2020-03-27 08:15:09,261 [pool-593-thread-1] INFO  server.RaftServerConfigKeys (ConfUtils.java:logGet(43)) - raft.server.log.appender.buffer.byte-limit = 33554432 (custom)
2020-03-27 08:15:09,261 [pool-593-thread-1] INFO  server.RaftServerConfigKeys (ConfUtils.java:logGet(43)) - raft.server.log.segment.size.max = 1048576 (custom)
2020-03-27 08:15:09,261 [pool-593-thread-1] INFO  metrics.RatisMetrics (RatisMetrics.java:lambda$create$0(39)) - Creating Metrics Registry : ratis.log_worker.786ae2ec-8760-4167-ab23-b7e9b601edc4
2020-03-27 08:15:09,262 [pool-593-thread-1] INFO  server.RaftServerConfigKeys (ConfUtils.java:logGet(43)) - raft.server.log.segment.cache.num.max = 2 (custom)
2020-03-27 08:15:09,262 [pool-593-thread-1] INFO  segmented.SegmentedRaftLogWorker (SegmentedRaftLogWorker.java:<init>(176)) - new 786ae2ec-8760-4167-ab23-b7e9b601edc4@group-D0F55C6D3FB8-SegmentedRaftLogWorker for RaftStorage:Storage Directory /github/workspace/hadoop-ozone/integration-test/target/test-dir/MiniOzoneClusterImpl-178f0ac1-9287-41ca-b66e-5f4c0e2bc6ba/datanode-2/data/ratis/20a375a9-ac96-459f-a59f-d0f55c6d3fb8
2020-03-27 08:15:09,262 [pool-593-thread-1] INFO  server.RaftServerConfigKeys (ConfUtils.java:logGet(43)) - raft.server.log.queue.byte-limit = 2147483647 (custom)
2020-03-27 08:15:09,262 [pool-593-thread-1] INFO  server.RaftServerConfigKeys (ConfUtils.java:logGet(43)) - raft.server.log.queue.element-limit = 1024 (custom)
2020-03-27 08:15:09,262 [pool-593-thread-1] INFO  server.RaftServerConfigKeys (ConfUtils.java:logGet(43)) - raft.server.log.segment.size.max = 1048576 (custom)
2020-03-27 08:15:09,262 [pool-593-thread-1] INFO  server.RaftServerConfigKeys (ConfUtils.java:logGet(43)) - raft.server.log.preallocated.size = 16384 (custom)
2020-03-27 08:15:09,262 [pool-593-thread-1] INFO  server.RaftServerConfigKeys (ConfUtils.java:logGet(43)) - raft.server.log.write.buffer.size = 1048576 (custom)
2020-03-27 08:15:09,262 [pool-593-thread-1] INFO  server.RaftServerConfigKeys (ConfUtils.java:logGet(43)) - raft.server.log.force.sync.num = 128 (default)
2020-03-27 08:15:09,262 [pool-593-thread-1] INFO  server.RaftServerConfigKeys (ConfUtils.java:logGet(43)) - raft.server.log.statemachine.data.sync = true (default)
2020-03-27 08:15:09,262 [pool-593-thread-1] INFO  server.RaftServerConfigKeys (ConfUtils.java:logGet(43)) - raft.server.log.statemachine.data.sync.timeout = 10s (default)
2020-03-27 08:15:09,262 [pool-593-thread-1] INFO  server.RaftServerConfigKeys (ConfUtils.java:logGet(43)) - raft.server.log.statemachine.data.sync.timeout.retry = -1 (default)
2020-03-27 08:15:09,265 [pool-593-thread-1] INFO  server.RaftServerConfigKeys (ConfUtils.java:logGet(43)) - raft.server.log.statemachine.data.caching.enabled = true (custom)
2020-03-27 08:15:09,265 [pool-593-thread-1] INFO  segmented.SegmentedRaftLogWorker (SegmentedRaftLogWorker.java:lambda$new$0(129)) - 786ae2ec-8760-4167-ab23-b7e9b601edc4@group-D0F55C6D3FB8-SegmentedRaftLogWorker: flushIndex: setUnconditionally 0 -> -1
2020-03-27 08:15:09,269 [pool-593-thread-1] INFO  server.RaftServerConfigKeys (ConfUtils.java:logGet(43)) - raft.server.snapshot.auto.trigger.enabled = true (custom)
2020-03-27 08:15:09,269 [pool-593-thread-1] INFO  server.RaftServerConfigKeys (ConfUtils.java:logGet(43)) - raft.server.snapshot.auto.trigger.threshold = 10000 (custom)
2020-03-27 08:15:09,269 [pool-593-thread-1] INFO  server.RaftServerConfigKeys (ConfUtils.java:logGet(43)) - raft.server.snapshot.retention.file.num = 5 (custom)
2020-03-27 08:15:09,270 [pool-593-thread-1] INFO  server.RaftServerConfigKeys (ConfUtils.java:logGet(43)) - raft.server.retrycache.expirytime = 600000ms (custom)
2020-03-27 08:15:09,270 [pool-593-thread-1] INFO  metrics.RatisMetrics (RatisMetrics.java:lambda$create$0(39)) - Creating Metrics Registry : ratis.leader_election.786ae2ec-8760-4167-ab23-b7e9b601edc4@group-D0F55C6D3FB8
2020-03-27 08:15:09,272 [pool-593-thread-1] INFO  metrics.RatisMetrics (RatisMetrics.java:lambda$create$0(39)) - Creating Metrics Registry : ratis.server.786ae2ec-8760-4167-ab23-b7e9b601edc4@group-D0F55C6D3FB8
2020-03-27 08:15:09,272 [pool-593-thread-1] INFO  impl.RaftServerImpl (RaftServerImpl.java:start(183)) - 786ae2ec-8760-4167-ab23-b7e9b601edc4@group-D0F55C6D3FB8: start as a follower, conf=-1: [c40590c3-a50d-4a7b-bb23-afdf12d31292:172.17.0.2:42743, 786ae2ec-8760-4167-ab23-b7e9b601edc4:172.17.0.2:34415, 4f2bc8b4-1be3-4773-881c-e471bed51254:172.17.0.2:40125], old=null
2020-03-27 08:15:09,272 [pool-593-thread-1] INFO  impl.RaftServerImpl (RaftServerImpl.java:setRole(172)) - 786ae2ec-8760-4167-ab23-b7e9b601edc4@group-D0F55C6D3FB8: changes role from      null to FOLLOWER at term 0 for startAsFollower
2020-03-27 08:15:09,272 [pool-593-thread-1] INFO  impl.RoleInfo (RoleInfo.java:updateAndGet(143)) - 786ae2ec-8760-4167-ab23-b7e9b601edc4: start FollowerState
2020-03-27 08:15:09,271 [Command processor thread] INFO  impl.RaftServerProxy (RaftServerProxy.java:addNew(89)) - 4f2bc8b4-1be3-4773-881c-e471bed51254: addNew group-8E4A6CDC4F33:[4f2bc8b4-1be3-4773-881c-e471bed51254:172.17.0.2:40125] returns group-8E4A6CDC4F33:java.util.concurrent.CompletableFuture@6dc8d110[Not completed]
2020-03-27 08:15:09,273 [pool-578-thread-1] INFO  impl.RaftServerImpl (RaftServerImpl.java:<init>(97)) - 4f2bc8b4-1be3-4773-881c-e471bed51254: new RaftServerImpl for group-8E4A6CDC4F33:[4f2bc8b4-1be3-4773-881c-e471bed51254:172.17.0.2:40125] with ContainerStateMachine:uninitialized
2020-03-27 08:15:09,273 [pool-578-thread-1] INFO  server.RaftServerConfigKeys (ConfUtils.java:logGet(43)) - raft.server.rpc.timeout.min = 5s (custom)
2020-03-27 08:15:09,273 [pool-578-thread-1] INFO  server.RaftServerConfigKeys (ConfUtils.java:logGet(43)) - raft.server.rpc.timeout.max = 5200ms (custom)
2020-03-27 08:15:09,273 [pool-578-thread-1] INFO  server.RaftServerConfigKeys (ConfUtils.java:logGet(43)) - raft.server.rpcslowness.timeout = 300s (custom)
2020-03-27 08:15:09,274 [pool-578-thread-1] INFO  server.RaftServerConfigKeys (ConfUtils.java:logGet(43)) - raft.server.sleep.deviation.threshold = 300 (default)
2020-03-27 08:15:09,274 [pool-578-thread-1] INFO  server.RaftServerConfigKeys (ConfUtils.java:logGet(43)) - raft.server.log.appender.install.snapshot.enabled = false (custom)
2020-03-27 08:15:09,274 [pool-578-thread-1] INFO  impl.RaftServerImpl (ServerState.java:<init>(103)) - 4f2bc8b4-1be3-4773-881c-e471bed51254@group-8E4A6CDC4F33: ConfigurationManager, init=-1: [4f2bc8b4-1be3-4773-881c-e471bed51254:172.17.0.2:40125], old=null, confs=<EMPTY_MAP>
2020-03-27 08:15:09,275 [pool-578-thread-1] INFO  server.RaftServerConfigKeys (ConfUtils.java:logGet(43)) - raft.server.storage.dir = [/github/workspace/hadoop-ozone/integration-test/target/test-dir/MiniOzoneClusterImpl-178f0ac1-9287-41ca-b66e-5f4c0e2bc6ba/datanode-1/data/ratis] (custom)
2020-03-27 08:15:09,275 [pool-578-thread-1] INFO  server.RaftServerConfigKeys (ConfUtils.java:logGet(43)) - raft.server.log.corruption.policy = EXCEPTION (default)
2020-03-27 08:15:09,275 [pool-578-thread-1] INFO  storage.RaftStorageDirectory (RaftStorageDirectory.java:analyzeStorage(253)) - The storage directory /github/workspace/hadoop-ozone/integration-test/target/test-dir/MiniOzoneClusterImpl-178f0ac1-9287-41ca-b66e-5f4c0e2bc6ba/datanode-1/data/ratis/18611790-34f5-49aa-bc60-8e4a6cdc4f33 does not exist. Creating ...
2020-03-27 08:15:09,276 [pool-593-thread-1] INFO  util.JmxRegister (JmxRegister.java:tryRegister(44)) - Successfully registered JMX Bean with object name Ratis:service=RaftServer,group=group-D0F55C6D3FB8,id=786ae2ec-8760-4167-ab23-b7e9b601edc4
2020-03-27 08:15:09,276 [pool-593-thread-1] INFO  metrics.RatisMetrics (RatisMetrics.java:lambda$create$0(39)) - Creating Metrics Registry : ratis.state_machine.786ae2ec-8760-4167-ab23-b7e9b601edc4@group-D0F55C6D3FB8
2020-03-27 08:15:09,277 [pool-578-thread-1] INFO  storage.RaftStorageDirectory (RaftStorageDirectory.java:tryLock(335)) - Lock on /github/workspace/hadoop-ozone/integration-test/target/test-dir/MiniOzoneClusterImpl-178f0ac1-9287-41ca-b66e-5f4c0e2bc6ba/datanode-1/data/ratis/18611790-34f5-49aa-bc60-8e4a6cdc4f33/in_use.lock acquired by nodename 16179@767d39cb30d6
2020-03-27 08:15:09,279 [pool-578-thread-1] INFO  storage.RaftStorage (RaftStorage.java:format(84)) - Storage directory /github/workspace/hadoop-ozone/integration-test/target/test-dir/MiniOzoneClusterImpl-178f0ac1-9287-41ca-b66e-5f4c0e2bc6ba/datanode-1/data/ratis/18611790-34f5-49aa-bc60-8e4a6cdc4f33 has been successfully formatted.
2020-03-27 08:15:09,280 [pool-578-thread-1] INFO  ratis.ContainerStateMachine (ContainerStateMachine.java:loadSnapshot(233)) - group-8E4A6CDC4F33: The snapshot info is null. Setting the last applied indexto:(t:0, i:~)
2020-03-27 08:15:09,280 [pool-578-thread-1] INFO  server.RaftServerConfigKeys (ConfUtils.java:logGet(43)) - raft.server.notification.no-leader.timeout = 60s (default)
2020-03-27 08:15:09,280 [pool-578-thread-1] INFO  server.RaftServerConfigKeys (ConfUtils.java:logGet(43)) - raft.server.log.use.memory = false (default)
2020-03-27 08:15:09,280 [pool-578-thread-1] INFO  server.RaftServerConfigKeys (ConfUtils.java:logGet(43)) - raft.server.log.purge.gap = 1000000 (custom)
2020-03-27 08:15:09,280 [pool-578-thread-1] INFO  server.RaftServerConfigKeys (ConfUtils.java:logGet(43)) - raft.server.log.appender.buffer.byte-limit = 33554432 (custom)
2020-03-27 08:15:09,280 [pool-578-thread-1] INFO  server.RaftServerConfigKeys (ConfUtils.java:logGet(43)) - raft.server.log.segment.size.max = 1048576 (custom)
2020-03-27 08:15:09,280 [pool-578-thread-1] INFO  metrics.RatisMetrics (RatisMetrics.java:lambda$create$0(39)) - Creating Metrics Registry : ratis.log_worker.4f2bc8b4-1be3-4773-881c-e471bed51254
2020-03-27 08:15:09,281 [pool-578-thread-1] INFO  server.RaftServerConfigKeys (ConfUtils.java:logGet(43)) - raft.server.log.segment.cache.num.max = 2 (custom)
2020-03-27 08:15:09,281 [pool-578-thread-1] INFO  segmented.SegmentedRaftLogWorker (SegmentedRaftLogWorker.java:<init>(176)) - new 4f2bc8b4-1be3-4773-881c-e471bed51254@group-8E4A6CDC4F33-SegmentedRaftLogWorker for RaftStorage:Storage Directory /github/workspace/hadoop-ozone/integration-test/target/test-dir/MiniOzoneClusterImpl-178f0ac1-9287-41ca-b66e-5f4c0e2bc6ba/datanode-1/data/ratis/18611790-34f5-49aa-bc60-8e4a6cdc4f33
2020-03-27 08:15:09,281 [pool-578-thread-1] INFO  server.RaftServerConfigKeys (ConfUtils.java:logGet(43)) - raft.server.log.queue.byte-limit = 2147483647 (custom)
2020-03-27 08:15:09,281 [pool-578-thread-1] INFO  server.RaftServerConfigKeys (ConfUtils.java:logGet(43)) - raft.server.log.queue.element-limit = 1024 (custom)
2020-03-27 08:15:09,281 [pool-578-thread-1] INFO  server.RaftServerConfigKeys (ConfUtils.java:logGet(43)) - raft.server.log.segment.size.max = 1048576 (custom)
2020-03-27 08:15:09,281 [pool-578-thread-1] INFO  server.RaftServerConfigKeys (ConfUtils.java:logGet(43)) - raft.server.log.preallocated.size = 16384 (custom)
2020-03-27 08:15:09,281 [pool-578-thread-1] INFO  server.RaftServerConfigKeys (ConfUtils.java:logGet(43)) - raft.server.log.write.buffer.size = 1048576 (custom)
2020-03-27 08:15:09,281 [pool-578-thread-1] INFO  server.RaftServerConfigKeys (ConfUtils.java:logGet(43)) - raft.server.log.force.sync.num = 128 (default)
2020-03-27 08:15:09,281 [pool-578-thread-1] INFO  server.RaftServerConfigKeys (ConfUtils.java:logGet(43)) - raft.server.log.statemachine.data.sync = true (default)
2020-03-27 08:15:09,281 [pool-578-thread-1] INFO  server.RaftServerConfigKeys (ConfUtils.java:logGet(43)) - raft.server.log.statemachine.data.sync.timeout = 10s (default)
2020-03-27 08:15:09,281 [pool-578-thread-1] INFO  server.RaftServerConfigKeys (ConfUtils.java:logGet(43)) - raft.server.log.statemachine.data.sync.timeout.retry = -1 (default)
2020-03-27 08:15:09,284 [EventQueue-PipelineReportForPipelineReportHandler] INFO  pipeline.PipelineStateManager (PipelineStateManager.java:openPipeline(131)) - Pipeline Pipeline[ Id: 18611790-34f5-49aa-bc60-8e4a6cdc4f33, Nodes: 4f2bc8b4-1be3-4773-881c-e471bed51254{ip: 172.17.0.2, host: 767d39cb30d6, networkLocation: /default-rack, certSerialId: null}, Type:RATIS, Factor:ONE, State:ALLOCATED, leaderId:4f2bc8b4-1be3-4773-881c-e471bed51254, CreationTimestamp2020-03-27T08:15:06.272Z] moved to OPEN state
2020-03-27 08:15:09,284 [EventQueue-OpenPipelineForHealthyPipelineSafeModeRule] INFO  safemode.SCMSafeModeManager (HealthyPipelineSafeModeRule.java:process(131)) - SCM in safe mode. Healthy pipelines reported count is 0, required healthy pipeline reported count is 1
2020-03-27 08:15:09,285 [EventQueue-OpenPipelineForOneReplicaPipelineSafeModeRule] INFO  safemode.SCMSafeModeManager (SCMSafeModeManager.java:validateSafeModeExitRules(175)) - AtleastOneDatanodeReportedRule rule is successfully validated
2020-03-27 08:15:09,287 [pool-578-thread-1] INFO  server.RaftServerConfigKeys (ConfUtils.java:logGet(43)) - raft.server.log.statemachine.data.caching.enabled = true (custom)
2020-03-27 08:15:09,287 [pool-578-thread-1] INFO  segmented.SegmentedRaftLogWorker (SegmentedRaftLogWorker.java:lambda$new$0(129)) - 4f2bc8b4-1be3-4773-881c-e471bed51254@group-8E4A6CDC4F33-SegmentedRaftLogWorker: flushIndex: setUnconditionally 0 -> -1
2020-03-27 08:15:09,290 [pool-578-thread-1] INFO  server.RaftServerConfigKeys (ConfUtils.java:logGet(43)) - raft.server.snapshot.auto.trigger.enabled = true (custom)
2020-03-27 08:15:09,290 [pool-578-thread-1] INFO  server.RaftServerConfigKeys (ConfUtils.java:logGet(43)) - raft.server.snapshot.auto.trigger.threshold = 10000 (custom)
2020-03-27 08:15:09,290 [pool-578-thread-1] INFO  server.RaftServerConfigKeys (ConfUtils.java:logGet(43)) - raft.server.snapshot.retention.file.num = 5 (custom)
2020-03-27 08:15:09,290 [pool-578-thread-1] INFO  server.RaftServerConfigKeys (ConfUtils.java:logGet(43)) - raft.server.retrycache.expirytime = 600000ms (custom)
2020-03-27 08:15:09,291 [pool-578-thread-1] INFO  metrics.RatisMetrics (RatisMetrics.java:lambda$create$0(39)) - Creating Metrics Registry : ratis.leader_election.4f2bc8b4-1be3-4773-881c-e471bed51254@group-8E4A6CDC4F33
2020-03-27 08:15:09,291 [pool-578-thread-1] INFO  metrics.RatisMetrics (RatisMetrics.java:lambda$create$0(39)) - Creating Metrics Registry : ratis.server.4f2bc8b4-1be3-4773-881c-e471bed51254@group-8E4A6CDC4F33
2020-03-27 08:15:09,292 [pool-578-thread-1] INFO  impl.RaftServerImpl (RaftServerImpl.java:start(183)) - 4f2bc8b4-1be3-4773-881c-e471bed51254@group-8E4A6CDC4F33: start as a follower, conf=-1: [4f2bc8b4-1be3-4773-881c-e471bed51254:172.17.0.2:40125], old=null
2020-03-27 08:15:09,292 [pool-578-thread-1] INFO  impl.RaftServerImpl (RaftServerImpl.java:setRole(172)) - 4f2bc8b4-1be3-4773-881c-e471bed51254@group-8E4A6CDC4F33: changes role from      null to FOLLOWER at term 0 for startAsFollower
2020-03-27 08:15:09,292 [pool-578-thread-1] INFO  impl.RoleInfo (RoleInfo.java:updateAndGet(143)) - 4f2bc8b4-1be3-4773-881c-e471bed51254: start FollowerState
2020-03-27 08:15:09,292 [pool-578-thread-1] INFO  util.JmxRegister (JmxRegister.java:tryRegister(44)) - Successfully registered JMX Bean with object name Ratis:service=RaftServer,group=group-8E4A6CDC4F33,id=4f2bc8b4-1be3-4773-881c-e471bed51254
2020-03-27 08:15:09,292 [pool-578-thread-1] INFO  metrics.RatisMetrics (RatisMetrics.java:lambda$create$0(39)) - Creating Metrics Registry : ratis.state_machine.4f2bc8b4-1be3-4773-881c-e471bed51254@group-8E4A6CDC4F33
2020-03-27 08:15:09,293 [Command processor thread] INFO  commandhandler.CreatePipelineCommandHandler (CreatePipelineCommandHandler.java:handle(112)) - Created Pipeline RATIS ONE #id: "18611790-34f5-49aa-bc60-8e4a6cdc4f33"
.
2020-03-27 08:15:09,293 [Command processor thread] INFO  impl.RaftServerProxy (RaftServerProxy.java:addNew(89)) - 4f2bc8b4-1be3-4773-881c-e471bed51254: addNew group-D0F55C6D3FB8:[c40590c3-a50d-4a7b-bb23-afdf12d31292:172.17.0.2:42743, 786ae2ec-8760-4167-ab23-b7e9b601edc4:172.17.0.2:34415, 4f2bc8b4-1be3-4773-881c-e471bed51254:172.17.0.2:40125] returns group-D0F55C6D3FB8:java.util.concurrent.CompletableFuture@69f74871[Not completed]
2020-03-27 08:15:09,295 [pool-578-thread-1] INFO  impl.RaftServerImpl (RaftServerImpl.java:<init>(97)) - 4f2bc8b4-1be3-4773-881c-e471bed51254: new RaftServerImpl for group-D0F55C6D3FB8:[c40590c3-a50d-4a7b-bb23-afdf12d31292:172.17.0.2:42743, 786ae2ec-8760-4167-ab23-b7e9b601edc4:172.17.0.2:34415, 4f2bc8b4-1be3-4773-881c-e471bed51254:172.17.0.2:40125] with ContainerStateMachine:uninitialized
2020-03-27 08:15:09,295 [pool-578-thread-1] INFO  server.RaftServerConfigKeys (ConfUtils.java:logGet(43)) - raft.server.rpc.timeout.min = 5s (custom)
2020-03-27 08:15:09,295 [pool-578-thread-1] INFO  server.RaftServerConfigKeys (ConfUtils.java:logGet(43)) - raft.server.rpc.timeout.max = 5200ms (custom)
2020-03-27 08:15:09,295 [pool-578-thread-1] INFO  server.RaftServerConfigKeys (ConfUtils.java:logGet(43)) - raft.server.rpcslowness.timeout = 300s (custom)
2020-03-27 08:15:09,295 [pool-578-thread-1] INFO  server.RaftServerConfigKeys (ConfUtils.java:logGet(43)) - raft.server.sleep.deviation.threshold = 300 (default)
2020-03-27 08:15:09,295 [pool-578-thread-1] INFO  server.RaftServerConfigKeys (ConfUtils.java:logGet(43)) - raft.server.log.appender.install.snapshot.enabled = false (custom)
2020-03-27 08:15:09,295 [pool-578-thread-1] INFO  impl.RaftServerImpl (ServerState.java:<init>(103)) - 4f2bc8b4-1be3-4773-881c-e471bed51254@group-D0F55C6D3FB8: ConfigurationManager, init=-1: [c40590c3-a50d-4a7b-bb23-afdf12d31292:172.17.0.2:42743, 786ae2ec-8760-4167-ab23-b7e9b601edc4:172.17.0.2:34415, 4f2bc8b4-1be3-4773-881c-e471bed51254:172.17.0.2:40125], old=null, confs=<EMPTY_MAP>
2020-03-27 08:15:09,295 [pool-578-thread-1] INFO  server.RaftServerConfigKeys (ConfUtils.java:logGet(43)) - raft.server.storage.dir = [/github/workspace/hadoop-ozone/integration-test/target/test-dir/MiniOzoneClusterImpl-178f0ac1-9287-41ca-b66e-5f4c0e2bc6ba/datanode-1/data/ratis] (custom)
2020-03-27 08:15:09,295 [pool-578-thread-1] INFO  server.RaftServerConfigKeys (ConfUtils.java:logGet(43)) - raft.server.log.corruption.policy = EXCEPTION (default)
2020-03-27 08:15:09,295 [pool-578-thread-1] INFO  storage.RaftStorageDirectory (RaftStorageDirectory.java:analyzeStorage(253)) - The storage directory /github/workspace/hadoop-ozone/integration-test/target/test-dir/MiniOzoneClusterImpl-178f0ac1-9287-41ca-b66e-5f4c0e2bc6ba/datanode-1/data/ratis/20a375a9-ac96-459f-a59f-d0f55c6d3fb8 does not exist. Creating ...
2020-03-27 08:15:09,296 [pool-578-thread-1] INFO  storage.RaftStorageDirectory (RaftStorageDirectory.java:tryLock(335)) - Lock on /github/workspace/hadoop-ozone/integration-test/target/test-dir/MiniOzoneClusterImpl-178f0ac1-9287-41ca-b66e-5f4c0e2bc6ba/datanode-1/data/ratis/20a375a9-ac96-459f-a59f-d0f55c6d3fb8/in_use.lock acquired by nodename 16179@767d39cb30d6
2020-03-27 08:15:09,297 [pool-578-thread-1] INFO  storage.RaftStorage (RaftStorage.java:format(84)) - Storage directory /github/workspace/hadoop-ozone/integration-test/target/test-dir/MiniOzoneClusterImpl-178f0ac1-9287-41ca-b66e-5f4c0e2bc6ba/datanode-1/data/ratis/20a375a9-ac96-459f-a59f-d0f55c6d3fb8 has been successfully formatted.
2020-03-27 08:15:09,298 [pool-578-thread-1] INFO  ratis.ContainerStateMachine (ContainerStateMachine.java:loadSnapshot(233)) - group-D0F55C6D3FB8: The snapshot info is null. Setting the last applied indexto:(t:0, i:~)
2020-03-27 08:15:09,298 [pool-578-thread-1] INFO  server.RaftServerConfigKeys (ConfUtils.java:logGet(43)) - raft.server.notification.no-leader.timeout = 60s (default)
2020-03-27 08:15:09,298 [pool-578-thread-1] INFO  server.RaftServerConfigKeys (ConfUtils.java:logGet(43)) - raft.server.log.use.memory = false (default)
2020-03-27 08:15:09,298 [pool-578-thread-1] INFO  server.RaftServerConfigKeys (ConfUtils.java:logGet(43)) - raft.server.log.purge.gap = 1000000 (custom)
2020-03-27 08:15:09,298 [pool-578-thread-1] INFO  server.RaftServerConfigKeys (ConfUtils.java:logGet(43)) - raft.server.log.appender.buffer.byte-limit = 33554432 (custom)
2020-03-27 08:15:09,298 [pool-578-thread-1] INFO  server.RaftServerConfigKeys (ConfUtils.java:logGet(43)) - raft.server.log.segment.size.max = 1048576 (custom)
2020-03-27 08:15:09,298 [pool-578-thread-1] INFO  server.RaftServerConfigKeys (ConfUtils.java:logGet(43)) - raft.server.log.segment.cache.num.max = 2 (custom)
2020-03-27 08:15:09,298 [pool-578-thread-1] INFO  segmented.SegmentedRaftLogWorker (SegmentedRaftLogWorker.java:<init>(176)) - new 4f2bc8b4-1be3-4773-881c-e471bed51254@group-D0F55C6D3FB8-SegmentedRaftLogWorker for RaftStorage:Storage Directory /github/workspace/hadoop-ozone/integration-test/target/test-dir/MiniOzoneClusterImpl-178f0ac1-9287-41ca-b66e-5f4c0e2bc6ba/datanode-1/data/ratis/20a375a9-ac96-459f-a59f-d0f55c6d3fb8
2020-03-27 08:15:09,298 [pool-578-thread-1] INFO  server.RaftServerConfigKeys (ConfUtils.java:logGet(43)) - raft.server.log.queue.byte-limit = 2147483647 (custom)
2020-03-27 08:15:09,298 [pool-578-thread-1] INFO  server.RaftServerConfigKeys (ConfUtils.java:logGet(43)) - raft.server.log.queue.element-limit = 1024 (custom)
2020-03-27 08:15:09,298 [pool-578-thread-1] INFO  server.RaftServerConfigKeys (ConfUtils.java:logGet(43)) - raft.server.log.segment.size.max = 1048576 (custom)
2020-03-27 08:15:09,298 [pool-578-thread-1] INFO  server.RaftServerConfigKeys (ConfUtils.java:logGet(43)) - raft.server.log.preallocated.size = 16384 (custom)
2020-03-27 08:15:09,298 [pool-578-thread-1] INFO  server.RaftServerConfigKeys (ConfUtils.java:logGet(43)) - raft.server.log.write.buffer.size = 1048576 (custom)
2020-03-27 08:15:09,298 [pool-578-thread-1] INFO  server.RaftServerConfigKeys (ConfUtils.java:logGet(43)) - raft.server.log.force.sync.num = 128 (default)
2020-03-27 08:15:09,298 [pool-578-thread-1] INFO  server.RaftServerConfigKeys (ConfUtils.java:logGet(43)) - raft.server.log.statemachine.data.sync = true (default)
2020-03-27 08:15:09,298 [pool-578-thread-1] INFO  server.RaftServerConfigKeys (ConfUtils.java:logGet(43)) - raft.server.log.statemachine.data.sync.timeout = 10s (default)
2020-03-27 08:15:09,298 [pool-578-thread-1] INFO  server.RaftServerConfigKeys (ConfUtils.java:logGet(43)) - raft.server.log.statemachine.data.sync.timeout.retry = -1 (default)
2020-03-27 08:15:09,299 [pool-578-thread-1] INFO  server.RaftServerConfigKeys (ConfUtils.java:logGet(43)) - raft.server.log.statemachine.data.caching.enabled = true (custom)
2020-03-27 08:15:09,299 [pool-578-thread-1] INFO  segmented.SegmentedRaftLogWorker (SegmentedRaftLogWorker.java:lambda$new$0(129)) - 4f2bc8b4-1be3-4773-881c-e471bed51254@group-D0F55C6D3FB8-SegmentedRaftLogWorker: flushIndex: setUnconditionally 0 -> -1
2020-03-27 08:15:09,304 [pool-578-thread-1] INFO  server.RaftServerConfigKeys (ConfUtils.java:logGet(43)) - raft.server.snapshot.auto.trigger.enabled = true (custom)
2020-03-27 08:15:09,304 [pool-578-thread-1] INFO  server.RaftServerConfigKeys (ConfUtils.java:logGet(43)) - raft.server.snapshot.auto.trigger.threshold = 10000 (custom)
2020-03-27 08:15:09,304 [pool-578-thread-1] INFO  server.RaftServerConfigKeys (ConfUtils.java:logGet(43)) - raft.server.snapshot.retention.file.num = 5 (custom)
2020-03-27 08:15:09,304 [pool-578-thread-1] INFO  server.RaftServerConfigKeys (ConfUtils.java:logGet(43)) - raft.server.retrycache.expirytime = 600000ms (custom)
2020-03-27 08:15:09,304 [pool-578-thread-1] INFO  metrics.RatisMetrics (RatisMetrics.java:lambda$create$0(39)) - Creating Metrics Registry : ratis.leader_election.4f2bc8b4-1be3-4773-881c-e471bed51254@group-D0F55C6D3FB8
2020-03-27 08:15:09,305 [pool-578-thread-1] INFO  metrics.RatisMetrics (RatisMetrics.java:lambda$create$0(39)) - Creating Metrics Registry : ratis.server.4f2bc8b4-1be3-4773-881c-e471bed51254@group-D0F55C6D3FB8
2020-03-27 08:15:09,305 [pool-578-thread-1] INFO  impl.RaftServerImpl (RaftServerImpl.java:start(183)) - 4f2bc8b4-1be3-4773-881c-e471bed51254@group-D0F55C6D3FB8: start as a follower, conf=-1: [c40590c3-a50d-4a7b-bb23-afdf12d31292:172.17.0.2:42743, 786ae2ec-8760-4167-ab23-b7e9b601edc4:172.17.0.2:34415, 4f2bc8b4-1be3-4773-881c-e471bed51254:172.17.0.2:40125], old=null
2020-03-27 08:15:09,305 [pool-578-thread-1] INFO  impl.RaftServerImpl (RaftServerImpl.java:setRole(172)) - 4f2bc8b4-1be3-4773-881c-e471bed51254@group-D0F55C6D3FB8: changes role from      null to FOLLOWER at term 0 for startAsFollower
2020-03-27 08:15:09,305 [pool-578-thread-1] INFO  impl.RoleInfo (RoleInfo.java:updateAndGet(143)) - 4f2bc8b4-1be3-4773-881c-e471bed51254: start FollowerState
2020-03-27 08:15:09,306 [grpc-default-executor-13] WARN  impl.RaftServerProxy (RaftServerProxy.java:lambda$groupAddAsync$11(390)) - 4f2bc8b4-1be3-4773-881c-e471bed51254: Failed groupAdd* GroupManagementRequest:client-4D4399630506->4f2bc8b4-1be3-4773-881c-e471bed51254@group-D0F55C6D3FB8, cid=173, seq=0, RW, null, Add:group-D0F55C6D3FB8:[c40590c3-a50d-4a7b-bb23-afdf12d31292:172.17.0.2:42743, 786ae2ec-8760-4167-ab23-b7e9b601edc4:172.17.0.2:34415, 4f2bc8b4-1be3-4773-881c-e471bed51254:172.17.0.2:40125]
java.util.concurrent.CompletionException: org.apache.ratis.protocol.AlreadyExistsException: 4f2bc8b4-1be3-4773-881c-e471bed51254: Failed to add group-D0F55C6D3FB8:[c40590c3-a50d-4a7b-bb23-afdf12d31292:172.17.0.2:42743, 786ae2ec-8760-4167-ab23-b7e9b601edc4:172.17.0.2:34415, 4f2bc8b4-1be3-4773-881c-e471bed51254:172.17.0.2:40125] since the group already exists in the map.
	at java.util.concurrent.CompletableFuture.encodeThrowable(CompletableFuture.java:292)
	at java.util.concurrent.CompletableFuture.completeThrowable(CompletableFuture.java:308)
	at java.util.concurrent.CompletableFuture.uniApply(CompletableFuture.java:607)
	at java.util.concurrent.CompletableFuture$UniApply.tryFire(CompletableFuture.java:591)
	at java.util.concurrent.CompletableFuture.uniApplyStage(CompletableFuture.java:631)
	at java.util.concurrent.CompletableFuture.thenApplyAsync(CompletableFuture.java:2006)
	at org.apache.ratis.server.impl.RaftServerProxy.groupAddAsync(RaftServerProxy.java:379)
	at org.apache.ratis.server.impl.RaftServerProxy.groupManagementAsync(RaftServerProxy.java:363)
	at org.apache.ratis.grpc.server.GrpcAdminProtocolService.lambda$groupManagement$0(GrpcAdminProtocolService.java:42)
	at org.apache.ratis.grpc.GrpcUtil.asyncCall(GrpcUtil.java:160)
	at org.apache.ratis.grpc.server.GrpcAdminProtocolService.groupManagement(GrpcAdminProtocolService.java:42)
	at org.apache.ratis.proto.grpc.AdminProtocolServiceGrpc$MethodHandlers.invoke(AdminProtocolServiceGrpc.java:358)
	at org.apache.ratis.thirdparty.io.grpc.stub.ServerCalls$UnaryServerCallHandler$UnaryServerCallListener.onHalfClose(ServerCalls.java:172)
	at org.apache.ratis.thirdparty.io.grpc.internal.ServerCallImpl$ServerStreamListenerImpl.halfClosed(ServerCallImpl.java:331)
	at org.apache.ratis.thirdparty.io.grpc.internal.ServerImpl$JumpToApplicationThreadServerStreamListener$1HalfClosed.runInContext(ServerImpl.java:814)
	at org.apache.ratis.thirdparty.io.grpc.internal.ContextRunnable.run(ContextRunnable.java:37)
	at org.apache.ratis.thirdparty.io.grpc.internal.SerializingExecutor.run(SerializingExecutor.java:123)
	at java.util.concurrent.ThreadPoolExecutor.runWorker(ThreadPoolExecutor.java:1149)
	at java.util.concurrent.ThreadPoolExecutor$Worker.run(ThreadPoolExecutor.java:624)
	at java.lang.Thread.run(Thread.java:748)
Caused by: org.apache.ratis.protocol.AlreadyExistsException: 4f2bc8b4-1be3-4773-881c-e471bed51254: Failed to add group-D0F55C6D3FB8:[c40590c3-a50d-4a7b-bb23-afdf12d31292:172.17.0.2:42743, 786ae2ec-8760-4167-ab23-b7e9b601edc4:172.17.0.2:34415, 4f2bc8b4-1be3-4773-881c-e471bed51254:172.17.0.2:40125] since the group already exists in the map.
	at org.apache.ratis.server.impl.RaftServerProxy$ImplMap.addNew(RaftServerProxy.java:83)
	at org.apache.ratis.server.impl.RaftServerProxy.groupAddAsync(RaftServerProxy.java:378)
	... 13 more
2020-03-27 08:15:09,307 [pool-578-thread-1] INFO  util.JmxRegister (JmxRegister.java:tryRegister(44)) - Successfully registered JMX Bean with object name Ratis:service=RaftServer,group=group-D0F55C6D3FB8,id=4f2bc8b4-1be3-4773-881c-e471bed51254
2020-03-27 08:15:09,308 [pool-578-thread-1] INFO  metrics.RatisMetrics (RatisMetrics.java:lambda$create$0(39)) - Creating Metrics Registry : ratis.state_machine.4f2bc8b4-1be3-4773-881c-e471bed51254@group-D0F55C6D3FB8
2020-03-27 08:15:09,317 [grpc-default-executor-13] WARN  impl.RaftServerProxy (RaftServerProxy.java:lambda$groupAddAsync$11(390)) - 786ae2ec-8760-4167-ab23-b7e9b601edc4: Failed groupAdd* GroupManagementRequest:client-5DFCB12A651E->786ae2ec-8760-4167-ab23-b7e9b601edc4@group-D0F55C6D3FB8, cid=174, seq=0, RW, null, Add:group-D0F55C6D3FB8:[c40590c3-a50d-4a7b-bb23-afdf12d31292:172.17.0.2:42743, 786ae2ec-8760-4167-ab23-b7e9b601edc4:172.17.0.2:34415, 4f2bc8b4-1be3-4773-881c-e471bed51254:172.17.0.2:40125]
java.util.concurrent.CompletionException: org.apache.ratis.protocol.AlreadyExistsException: 786ae2ec-8760-4167-ab23-b7e9b601edc4: Failed to add group-D0F55C6D3FB8:[c40590c3-a50d-4a7b-bb23-afdf12d31292:172.17.0.2:42743, 786ae2ec-8760-4167-ab23-b7e9b601edc4:172.17.0.2:34415, 4f2bc8b4-1be3-4773-881c-e471bed51254:172.17.0.2:40125] since the group already exists in the map.
	at java.util.concurrent.CompletableFuture.encodeThrowable(CompletableFuture.java:292)
	at java.util.concurrent.CompletableFuture.completeThrowable(CompletableFuture.java:308)
	at java.util.concurrent.CompletableFuture.uniApply(CompletableFuture.java:607)
	at java.util.concurrent.CompletableFuture$UniApply.tryFire(CompletableFuture.java:591)
	at java.util.concurrent.CompletableFuture.uniApplyStage(CompletableFuture.java:631)
	at java.util.concurrent.CompletableFuture.thenApplyAsync(CompletableFuture.java:2006)
	at org.apache.ratis.server.impl.RaftServerProxy.groupAddAsync(RaftServerProxy.java:379)
	at org.apache.ratis.server.impl.RaftServerProxy.groupManagementAsync(RaftServerProxy.java:363)
	at org.apache.ratis.grpc.server.GrpcAdminProtocolService.lambda$groupManagement$0(GrpcAdminProtocolService.java:42)
	at org.apache.ratis.grpc.GrpcUtil.asyncCall(GrpcUtil.java:160)
	at org.apache.ratis.grpc.server.GrpcAdminProtocolService.groupManagement(GrpcAdminProtocolService.java:42)
	at org.apache.ratis.proto.grpc.AdminProtocolServiceGrpc$MethodHandlers.invoke(AdminProtocolServiceGrpc.java:358)
	at org.apache.ratis.thirdparty.io.grpc.stub.ServerCalls$UnaryServerCallHandler$UnaryServerCallListener.onHalfClose(ServerCalls.java:172)
	at org.apache.ratis.thirdparty.io.grpc.internal.ServerCallImpl$ServerStreamListenerImpl.halfClosed(ServerCallImpl.java:331)
	at org.apache.ratis.thirdparty.io.grpc.internal.ServerImpl$JumpToApplicationThreadServerStreamListener$1HalfClosed.runInContext(ServerImpl.java:814)
	at org.apache.ratis.thirdparty.io.grpc.internal.ContextRunnable.run(ContextRunnable.java:37)
	at org.apache.ratis.thirdparty.io.grpc.internal.SerializingExecutor.run(SerializingExecutor.java:123)
	at java.util.concurrent.ThreadPoolExecutor.runWorker(ThreadPoolExecutor.java:1149)
	at java.util.concurrent.ThreadPoolExecutor$Worker.run(ThreadPoolExecutor.java:624)
	at java.lang.Thread.run(Thread.java:748)
Caused by: org.apache.ratis.protocol.AlreadyExistsException: 786ae2ec-8760-4167-ab23-b7e9b601edc4: Failed to add group-D0F55C6D3FB8:[c40590c3-a50d-4a7b-bb23-afdf12d31292:172.17.0.2:42743, 786ae2ec-8760-4167-ab23-b7e9b601edc4:172.17.0.2:34415, 4f2bc8b4-1be3-4773-881c-e471bed51254:172.17.0.2:40125] since the group already exists in the map.
	at org.apache.ratis.server.impl.RaftServerProxy$ImplMap.addNew(RaftServerProxy.java:83)
	at org.apache.ratis.server.impl.RaftServerProxy.groupAddAsync(RaftServerProxy.java:378)
	... 13 more
2020-03-27 08:15:09,322 [Command processor thread] INFO  commandhandler.CreatePipelineCommandHandler (CreatePipelineCommandHandler.java:handle(112)) - Created Pipeline RATIS THREE #id: "20a375a9-ac96-459f-a59f-d0f55c6d3fb8"
.
2020-03-27 08:15:09,322 [Command processor thread] INFO  impl.RaftServerProxy (RaftServerProxy.java:addNew(89)) - c40590c3-a50d-4a7b-bb23-afdf12d31292: addNew group-64DF7057DAE6:[c40590c3-a50d-4a7b-bb23-afdf12d31292:172.17.0.2:42743, 786ae2ec-8760-4167-ab23-b7e9b601edc4:172.17.0.2:34415, 4f2bc8b4-1be3-4773-881c-e471bed51254:172.17.0.2:40125] returns group-64DF7057DAE6:java.util.concurrent.CompletableFuture@690852ef[Not completed]
2020-03-27 08:15:09,323 [pool-563-thread-1] INFO  impl.RaftServerImpl (RaftServerImpl.java:<init>(97)) - c40590c3-a50d-4a7b-bb23-afdf12d31292: new RaftServerImpl for group-64DF7057DAE6:[c40590c3-a50d-4a7b-bb23-afdf12d31292:172.17.0.2:42743, 786ae2ec-8760-4167-ab23-b7e9b601edc4:172.17.0.2:34415, 4f2bc8b4-1be3-4773-881c-e471bed51254:172.17.0.2:40125] with ContainerStateMachine:uninitialized
2020-03-27 08:15:09,323 [pool-563-thread-1] INFO  server.RaftServerConfigKeys (ConfUtils.java:logGet(43)) - raft.server.rpc.timeout.min = 5s (custom)
2020-03-27 08:15:09,323 [pool-563-thread-1] INFO  server.RaftServerConfigKeys (ConfUtils.java:logGet(43)) - raft.server.rpc.timeout.max = 5200ms (custom)
2020-03-27 08:15:09,323 [pool-563-thread-1] INFO  server.RaftServerConfigKeys (ConfUtils.java:logGet(43)) - raft.server.rpcslowness.timeout = 300s (custom)
2020-03-27 08:15:09,323 [pool-563-thread-1] INFO  server.RaftServerConfigKeys (ConfUtils.java:logGet(43)) - raft.server.sleep.deviation.threshold = 300 (default)
2020-03-27 08:15:09,323 [pool-563-thread-1] INFO  server.RaftServerConfigKeys (ConfUtils.java:logGet(43)) - raft.server.log.appender.install.snapshot.enabled = false (custom)
2020-03-27 08:15:09,323 [pool-563-thread-1] INFO  impl.RaftServerImpl (ServerState.java:<init>(103)) - c40590c3-a50d-4a7b-bb23-afdf12d31292@group-64DF7057DAE6: ConfigurationManager, init=-1: [c40590c3-a50d-4a7b-bb23-afdf12d31292:172.17.0.2:42743, 786ae2ec-8760-4167-ab23-b7e9b601edc4:172.17.0.2:34415, 4f2bc8b4-1be3-4773-881c-e471bed51254:172.17.0.2:40125], old=null, confs=<EMPTY_MAP>
2020-03-27 08:15:09,324 [pool-563-thread-1] INFO  server.RaftServerConfigKeys (ConfUtils.java:logGet(43)) - raft.server.storage.dir = [/github/workspace/hadoop-ozone/integration-test/target/test-dir/MiniOzoneClusterImpl-178f0ac1-9287-41ca-b66e-5f4c0e2bc6ba/datanode-0/data/ratis] (custom)
2020-03-27 08:15:09,324 [pool-563-thread-1] INFO  server.RaftServerConfigKeys (ConfUtils.java:logGet(43)) - raft.server.log.corruption.policy = EXCEPTION (default)
2020-03-27 08:15:09,324 [pool-563-thread-1] INFO  storage.RaftStorageDirectory (RaftStorageDirectory.java:analyzeStorage(253)) - The storage directory /github/workspace/hadoop-ozone/integration-test/target/test-dir/MiniOzoneClusterImpl-178f0ac1-9287-41ca-b66e-5f4c0e2bc6ba/datanode-0/data/ratis/191e791d-f3bf-4488-ad6f-64df7057dae6 does not exist. Creating ...
2020-03-27 08:15:09,325 [pool-563-thread-1] INFO  storage.RaftStorageDirectory (RaftStorageDirectory.java:tryLock(335)) - Lock on /github/workspace/hadoop-ozone/integration-test/target/test-dir/MiniOzoneClusterImpl-178f0ac1-9287-41ca-b66e-5f4c0e2bc6ba/datanode-0/data/ratis/191e791d-f3bf-4488-ad6f-64df7057dae6/in_use.lock acquired by nodename 16179@767d39cb30d6
2020-03-27 08:15:09,326 [pool-563-thread-1] INFO  storage.RaftStorage (RaftStorage.java:format(84)) - Storage directory /github/workspace/hadoop-ozone/integration-test/target/test-dir/MiniOzoneClusterImpl-178f0ac1-9287-41ca-b66e-5f4c0e2bc6ba/datanode-0/data/ratis/191e791d-f3bf-4488-ad6f-64df7057dae6 has been successfully formatted.
2020-03-27 08:15:09,326 [pool-563-thread-1] INFO  ratis.ContainerStateMachine (ContainerStateMachine.java:loadSnapshot(233)) - group-64DF7057DAE6: The snapshot info is null. Setting the last applied indexto:(t:0, i:~)
2020-03-27 08:15:09,326 [pool-563-thread-1] INFO  server.RaftServerConfigKeys (ConfUtils.java:logGet(43)) - raft.server.notification.no-leader.timeout = 60s (default)
2020-03-27 08:15:09,326 [pool-563-thread-1] INFO  server.RaftServerConfigKeys (ConfUtils.java:logGet(43)) - raft.server.log.use.memory = false (default)
2020-03-27 08:15:09,326 [pool-563-thread-1] INFO  server.RaftServerConfigKeys (ConfUtils.java:logGet(43)) - raft.server.log.purge.gap = 1000000 (custom)
2020-03-27 08:15:09,326 [pool-563-thread-1] INFO  server.RaftServerConfigKeys (ConfUtils.java:logGet(43)) - raft.server.log.appender.buffer.byte-limit = 33554432 (custom)
2020-03-27 08:15:09,326 [pool-563-thread-1] INFO  server.RaftServerConfigKeys (ConfUtils.java:logGet(43)) - raft.server.log.segment.size.max = 1048576 (custom)
2020-03-27 08:15:09,327 [pool-563-thread-1] INFO  server.RaftServerConfigKeys (ConfUtils.java:logGet(43)) - raft.server.log.segment.cache.num.max = 2 (custom)
2020-03-27 08:15:09,327 [pool-563-thread-1] INFO  segmented.SegmentedRaftLogWorker (SegmentedRaftLogWorker.java:<init>(176)) - new c40590c3-a50d-4a7b-bb23-afdf12d31292@group-64DF7057DAE6-SegmentedRaftLogWorker for RaftStorage:Storage Directory /github/workspace/hadoop-ozone/integration-test/target/test-dir/MiniOzoneClusterImpl-178f0ac1-9287-41ca-b66e-5f4c0e2bc6ba/datanode-0/data/ratis/191e791d-f3bf-4488-ad6f-64df7057dae6
2020-03-27 08:15:09,327 [pool-563-thread-1] INFO  server.RaftServerConfigKeys (ConfUtils.java:logGet(43)) - raft.server.log.queue.byte-limit = 2147483647 (custom)
2020-03-27 08:15:09,327 [pool-563-thread-1] INFO  server.RaftServerConfigKeys (ConfUtils.java:logGet(43)) - raft.server.log.queue.element-limit = 1024 (custom)
2020-03-27 08:15:09,327 [pool-563-thread-1] INFO  server.RaftServerConfigKeys (ConfUtils.java:logGet(43)) - raft.server.log.segment.size.max = 1048576 (custom)
2020-03-27 08:15:09,327 [pool-563-thread-1] INFO  server.RaftServerConfigKeys (ConfUtils.java:logGet(43)) - raft.server.log.preallocated.size = 16384 (custom)
2020-03-27 08:15:09,327 [pool-563-thread-1] INFO  server.RaftServerConfigKeys (ConfUtils.java:logGet(43)) - raft.server.log.write.buffer.size = 1048576 (custom)
2020-03-27 08:15:09,327 [pool-563-thread-1] INFO  server.RaftServerConfigKeys (ConfUtils.java:logGet(43)) - raft.server.log.force.sync.num = 128 (default)
2020-03-27 08:15:09,327 [pool-563-thread-1] INFO  server.RaftServerConfigKeys (ConfUtils.java:logGet(43)) - raft.server.log.statemachine.data.sync = true (default)
2020-03-27 08:15:09,327 [pool-563-thread-1] INFO  server.RaftServerConfigKeys (ConfUtils.java:logGet(43)) - raft.server.log.statemachine.data.sync.timeout = 10s (default)
2020-03-27 08:15:09,327 [pool-563-thread-1] INFO  server.RaftServerConfigKeys (ConfUtils.java:logGet(43)) - raft.server.log.statemachine.data.sync.timeout.retry = -1 (default)
2020-03-27 08:15:09,334 [grpc-default-executor-9] WARN  impl.RaftServerProxy (RaftServerProxy.java:lambda$groupAddAsync$11(390)) - c40590c3-a50d-4a7b-bb23-afdf12d31292: Failed groupAdd* GroupManagementRequest:client-A0485336792F->c40590c3-a50d-4a7b-bb23-afdf12d31292@group-D0F55C6D3FB8, cid=175, seq=0, RW, null, Add:group-D0F55C6D3FB8:[c40590c3-a50d-4a7b-bb23-afdf12d31292:172.17.0.2:42743, 786ae2ec-8760-4167-ab23-b7e9b601edc4:172.17.0.2:34415, 4f2bc8b4-1be3-4773-881c-e471bed51254:172.17.0.2:40125]
java.util.concurrent.CompletionException: org.apache.ratis.protocol.AlreadyExistsException: c40590c3-a50d-4a7b-bb23-afdf12d31292: Failed to add group-D0F55C6D3FB8:[c40590c3-a50d-4a7b-bb23-afdf12d31292:172.17.0.2:42743, 786ae2ec-8760-4167-ab23-b7e9b601edc4:172.17.0.2:34415, 4f2bc8b4-1be3-4773-881c-e471bed51254:172.17.0.2:40125] since the group already exists in the map.
	at java.util.concurrent.CompletableFuture.encodeThrowable(CompletableFuture.java:292)
	at java.util.concurrent.CompletableFuture.completeThrowable(CompletableFuture.java:308)
	at java.util.concurrent.CompletableFuture.uniApply(CompletableFuture.java:607)
	at java.util.concurrent.CompletableFuture$UniApply.tryFire(CompletableFuture.java:591)
	at java.util.concurrent.CompletableFuture.uniApplyStage(CompletableFuture.java:631)
	at java.util.concurrent.CompletableFuture.thenApplyAsync(CompletableFuture.java:2006)
	at org.apache.ratis.server.impl.RaftServerProxy.groupAddAsync(RaftServerProxy.java:379)
	at org.apache.ratis.server.impl.RaftServerProxy.groupManagementAsync(RaftServerProxy.java:363)
	at org.apache.ratis.grpc.server.GrpcAdminProtocolService.lambda$groupManagement$0(GrpcAdminProtocolService.java:42)
	at org.apache.ratis.grpc.GrpcUtil.asyncCall(GrpcUtil.java:160)
	at org.apache.ratis.grpc.server.GrpcAdminProtocolService.groupManagement(GrpcAdminProtocolService.java:42)
	at org.apache.ratis.proto.grpc.AdminProtocolServiceGrpc$MethodHandlers.invoke(AdminProtocolServiceGrpc.java:358)
	at org.apache.ratis.thirdparty.io.grpc.stub.ServerCalls$UnaryServerCallHandler$UnaryServerCallListener.onHalfClose(ServerCalls.java:172)
	at org.apache.ratis.thirdparty.io.grpc.internal.ServerCallImpl$ServerStreamListenerImpl.halfClosed(ServerCallImpl.java:331)
	at org.apache.ratis.thirdparty.io.grpc.internal.ServerImpl$JumpToApplicationThreadServerStreamListener$1HalfClosed.runInContext(ServerImpl.java:814)
	at org.apache.ratis.thirdparty.io.grpc.internal.ContextRunnable.run(ContextRunnable.java:37)
	at org.apache.ratis.thirdparty.io.grpc.internal.SerializingExecutor.run(SerializingExecutor.java:123)
	at java.util.concurrent.ThreadPoolExecutor.runWorker(ThreadPoolExecutor.java:1149)
	at java.util.concurrent.ThreadPoolExecutor$Worker.run(ThreadPoolExecutor.java:624)
	at java.lang.Thread.run(Thread.java:748)
Caused by: org.apache.ratis.protocol.AlreadyExistsException: c40590c3-a50d-4a7b-bb23-afdf12d31292: Failed to add group-D0F55C6D3FB8:[c40590c3-a50d-4a7b-bb23-afdf12d31292:172.17.0.2:42743, 786ae2ec-8760-4167-ab23-b7e9b601edc4:172.17.0.2:34415, 4f2bc8b4-1be3-4773-881c-e471bed51254:172.17.0.2:40125] since the group already exists in the map.
	at org.apache.ratis.server.impl.RaftServerProxy$ImplMap.addNew(RaftServerProxy.java:83)
	at org.apache.ratis.server.impl.RaftServerProxy.groupAddAsync(RaftServerProxy.java:378)
	... 13 more
2020-03-27 08:15:09,339 [Command processor thread] INFO  impl.RaftServerProxy (RaftServerProxy.java:addNew(89)) - 786ae2ec-8760-4167-ab23-b7e9b601edc4: addNew group-97CA0EDA37A5:[786ae2ec-8760-4167-ab23-b7e9b601edc4:172.17.0.2:34415] returns group-97CA0EDA37A5:java.util.concurrent.CompletableFuture@695755e9[Not completed]
2020-03-27 08:15:09,339 [pool-593-thread-1] INFO  impl.RaftServerImpl (RaftServerImpl.java:<init>(97)) - 786ae2ec-8760-4167-ab23-b7e9b601edc4: new RaftServerImpl for group-97CA0EDA37A5:[786ae2ec-8760-4167-ab23-b7e9b601edc4:172.17.0.2:34415] with ContainerStateMachine:uninitialized
2020-03-27 08:15:09,339 [pool-593-thread-1] INFO  server.RaftServerConfigKeys (ConfUtils.java:logGet(43)) - raft.server.rpc.timeout.min = 5s (custom)
2020-03-27 08:15:09,340 [pool-593-thread-1] INFO  server.RaftServerConfigKeys (ConfUtils.java:logGet(43)) - raft.server.rpc.timeout.max = 5200ms (custom)
2020-03-27 08:15:09,340 [pool-593-thread-1] INFO  server.RaftServerConfigKeys (ConfUtils.java:logGet(43)) - raft.server.rpcslowness.timeout = 300s (custom)
2020-03-27 08:15:09,340 [pool-593-thread-1] INFO  server.RaftServerConfigKeys (ConfUtils.java:logGet(43)) - raft.server.sleep.deviation.threshold = 300 (default)
2020-03-27 08:15:09,340 [pool-593-thread-1] INFO  server.RaftServerConfigKeys (ConfUtils.java:logGet(43)) - raft.server.log.appender.install.snapshot.enabled = false (custom)
2020-03-27 08:15:09,340 [pool-593-thread-1] INFO  impl.RaftServerImpl (ServerState.java:<init>(103)) - 786ae2ec-8760-4167-ab23-b7e9b601edc4@group-97CA0EDA37A5: ConfigurationManager, init=-1: [786ae2ec-8760-4167-ab23-b7e9b601edc4:172.17.0.2:34415], old=null, confs=<EMPTY_MAP>
2020-03-27 08:15:09,340 [pool-593-thread-1] INFO  server.RaftServerConfigKeys (ConfUtils.java:logGet(43)) - raft.server.storage.dir = [/github/workspace/hadoop-ozone/integration-test/target/test-dir/MiniOzoneClusterImpl-178f0ac1-9287-41ca-b66e-5f4c0e2bc6ba/datanode-2/data/ratis] (custom)
2020-03-27 08:15:09,340 [pool-593-thread-1] INFO  server.RaftServerConfigKeys (ConfUtils.java:logGet(43)) - raft.server.log.corruption.policy = EXCEPTION (default)
2020-03-27 08:15:09,340 [pool-593-thread-1] INFO  storage.RaftStorageDirectory (RaftStorageDirectory.java:analyzeStorage(253)) - The storage directory /github/workspace/hadoop-ozone/integration-test/target/test-dir/MiniOzoneClusterImpl-178f0ac1-9287-41ca-b66e-5f4c0e2bc6ba/datanode-2/data/ratis/f39c7753-47b3-49b4-b5e3-97ca0eda37a5 does not exist. Creating ...
2020-03-27 08:15:09,341 [pool-593-thread-1] INFO  storage.RaftStorageDirectory (RaftStorageDirectory.java:tryLock(335)) - Lock on /github/workspace/hadoop-ozone/integration-test/target/test-dir/MiniOzoneClusterImpl-178f0ac1-9287-41ca-b66e-5f4c0e2bc6ba/datanode-2/data/ratis/f39c7753-47b3-49b4-b5e3-97ca0eda37a5/in_use.lock acquired by nodename 16179@767d39cb30d6
2020-03-27 08:15:09,341 [pool-563-thread-1] INFO  server.RaftServerConfigKeys (ConfUtils.java:logGet(43)) - raft.server.log.statemachine.data.caching.enabled = true (custom)
2020-03-27 08:15:09,341 [pool-563-thread-1] INFO  segmented.SegmentedRaftLogWorker (SegmentedRaftLogWorker.java:lambda$new$0(129)) - c40590c3-a50d-4a7b-bb23-afdf12d31292@group-64DF7057DAE6-SegmentedRaftLogWorker: flushIndex: setUnconditionally 0 -> -1
2020-03-27 08:15:09,342 [pool-593-thread-1] INFO  storage.RaftStorage (RaftStorage.java:format(84)) - Storage directory /github/workspace/hadoop-ozone/integration-test/target/test-dir/MiniOzoneClusterImpl-178f0ac1-9287-41ca-b66e-5f4c0e2bc6ba/datanode-2/data/ratis/f39c7753-47b3-49b4-b5e3-97ca0eda37a5 has been successfully formatted.
2020-03-27 08:15:09,347 [pool-563-thread-1] INFO  server.RaftServerConfigKeys (ConfUtils.java:logGet(43)) - raft.server.snapshot.auto.trigger.enabled = true (custom)
2020-03-27 08:15:09,347 [pool-563-thread-1] INFO  server.RaftServerConfigKeys (ConfUtils.java:logGet(43)) - raft.server.snapshot.auto.trigger.threshold = 10000 (custom)
2020-03-27 08:15:09,347 [pool-563-thread-1] INFO  server.RaftServerConfigKeys (ConfUtils.java:logGet(43)) - raft.server.snapshot.retention.file.num = 5 (custom)
2020-03-27 08:15:09,347 [pool-563-thread-1] INFO  server.RaftServerConfigKeys (ConfUtils.java:logGet(43)) - raft.server.retrycache.expirytime = 600000ms (custom)
2020-03-27 08:15:09,348 [pool-563-thread-1] INFO  metrics.RatisMetrics (RatisMetrics.java:lambda$create$0(39)) - Creating Metrics Registry : ratis.leader_election.c40590c3-a50d-4a7b-bb23-afdf12d31292@group-64DF7057DAE6
2020-03-27 08:15:09,348 [pool-563-thread-1] INFO  metrics.RatisMetrics (RatisMetrics.java:lambda$create$0(39)) - Creating Metrics Registry : ratis.server.c40590c3-a50d-4a7b-bb23-afdf12d31292@group-64DF7057DAE6
2020-03-27 08:15:09,349 [pool-563-thread-1] INFO  impl.RaftServerImpl (RaftServerImpl.java:start(183)) - c40590c3-a50d-4a7b-bb23-afdf12d31292@group-64DF7057DAE6: start as a follower, conf=-1: [c40590c3-a50d-4a7b-bb23-afdf12d31292:172.17.0.2:42743, 786ae2ec-8760-4167-ab23-b7e9b601edc4:172.17.0.2:34415, 4f2bc8b4-1be3-4773-881c-e471bed51254:172.17.0.2:40125], old=null
2020-03-27 08:15:09,349 [pool-563-thread-1] INFO  impl.RaftServerImpl (RaftServerImpl.java:setRole(172)) - c40590c3-a50d-4a7b-bb23-afdf12d31292@group-64DF7057DAE6: changes role from      null to FOLLOWER at term 0 for startAsFollower
2020-03-27 08:15:09,349 [pool-563-thread-1] INFO  impl.RoleInfo (RoleInfo.java:updateAndGet(143)) - c40590c3-a50d-4a7b-bb23-afdf12d31292: start FollowerState
2020-03-27 08:15:09,349 [pool-563-thread-1] INFO  util.JmxRegister (JmxRegister.java:tryRegister(44)) - Successfully registered JMX Bean with object name Ratis:service=RaftServer,group=group-64DF7057DAE6,id=c40590c3-a50d-4a7b-bb23-afdf12d31292
2020-03-27 08:15:09,349 [pool-563-thread-1] INFO  metrics.RatisMetrics (RatisMetrics.java:lambda$create$0(39)) - Creating Metrics Registry : ratis.state_machine.c40590c3-a50d-4a7b-bb23-afdf12d31292@group-64DF7057DAE6
2020-03-27 08:15:09,351 [pool-593-thread-1] INFO  ratis.ContainerStateMachine (ContainerStateMachine.java:loadSnapshot(233)) - group-97CA0EDA37A5: The snapshot info is null. Setting the last applied indexto:(t:0, i:~)
2020-03-27 08:15:09,351 [pool-593-thread-1] INFO  server.RaftServerConfigKeys (ConfUtils.java:logGet(43)) - raft.server.notification.no-leader.timeout = 60s (default)
2020-03-27 08:15:09,351 [pool-593-thread-1] INFO  server.RaftServerConfigKeys (ConfUtils.java:logGet(43)) - raft.server.log.use.memory = false (default)
2020-03-27 08:15:09,351 [pool-593-thread-1] INFO  server.RaftServerConfigKeys (ConfUtils.java:logGet(43)) - raft.server.log.purge.gap = 1000000 (custom)
2020-03-27 08:15:09,352 [pool-593-thread-1] INFO  server.RaftServerConfigKeys (ConfUtils.java:logGet(43)) - raft.server.log.appender.buffer.byte-limit = 33554432 (custom)
2020-03-27 08:15:09,352 [pool-593-thread-1] INFO  server.RaftServerConfigKeys (ConfUtils.java:logGet(43)) - raft.server.log.segment.size.max = 1048576 (custom)
2020-03-27 08:15:09,352 [pool-593-thread-1] INFO  server.RaftServerConfigKeys (ConfUtils.java:logGet(43)) - raft.server.log.segment.cache.num.max = 2 (custom)
2020-03-27 08:15:09,352 [pool-593-thread-1] INFO  segmented.SegmentedRaftLogWorker (SegmentedRaftLogWorker.java:<init>(176)) - new 786ae2ec-8760-4167-ab23-b7e9b601edc4@group-97CA0EDA37A5-SegmentedRaftLogWorker for RaftStorage:Storage Directory /github/workspace/hadoop-ozone/integration-test/target/test-dir/MiniOzoneClusterImpl-178f0ac1-9287-41ca-b66e-5f4c0e2bc6ba/datanode-2/data/ratis/f39c7753-47b3-49b4-b5e3-97ca0eda37a5
2020-03-27 08:15:09,352 [pool-593-thread-1] INFO  server.RaftServerConfigKeys (ConfUtils.java:logGet(43)) - raft.server.log.queue.byte-limit = 2147483647 (custom)
2020-03-27 08:15:09,352 [pool-593-thread-1] INFO  server.RaftServerConfigKeys (ConfUtils.java:logGet(43)) - raft.server.log.queue.element-limit = 1024 (custom)
2020-03-27 08:15:09,352 [pool-593-thread-1] INFO  server.RaftServerConfigKeys (ConfUtils.java:logGet(43)) - raft.server.log.segment.size.max = 1048576 (custom)
2020-03-27 08:15:09,352 [pool-593-thread-1] INFO  server.RaftServerConfigKeys (ConfUtils.java:logGet(43)) - raft.server.log.preallocated.size = 16384 (custom)
2020-03-27 08:15:09,352 [pool-593-thread-1] INFO  server.RaftServerConfigKeys (ConfUtils.java:logGet(43)) - raft.server.log.write.buffer.size = 1048576 (custom)
2020-03-27 08:15:09,352 [pool-593-thread-1] INFO  server.RaftServerConfigKeys (ConfUtils.java:logGet(43)) - raft.server.log.force.sync.num = 128 (default)
2020-03-27 08:15:09,352 [Command processor thread] INFO  commandhandler.CreatePipelineCommandHandler (CreatePipelineCommandHandler.java:handle(112)) - Created Pipeline RATIS THREE #id: "20a375a9-ac96-459f-a59f-d0f55c6d3fb8"
.
2020-03-27 08:15:09,352 [Command processor thread] INFO  impl.RaftServerProxy (RaftServerProxy.java:addNew(89)) - 4f2bc8b4-1be3-4773-881c-e471bed51254: addNew group-64DF7057DAE6:[c40590c3-a50d-4a7b-bb23-afdf12d31292:172.17.0.2:42743, 786ae2ec-8760-4167-ab23-b7e9b601edc4:172.17.0.2:34415, 4f2bc8b4-1be3-4773-881c-e471bed51254:172.17.0.2:40125] returns group-64DF7057DAE6:java.util.concurrent.CompletableFuture@4f0f826c[Not completed]
2020-03-27 08:15:09,352 [pool-593-thread-1] INFO  server.RaftServerConfigKeys (ConfUtils.java:logGet(43)) - raft.server.log.statemachine.data.sync = true (default)
2020-03-27 08:15:09,352 [pool-593-thread-1] INFO  server.RaftServerConfigKeys (ConfUtils.java:logGet(43)) - raft.server.log.statemachine.data.sync.timeout = 10s (default)
2020-03-27 08:15:09,352 [pool-593-thread-1] INFO  server.RaftServerConfigKeys (ConfUtils.java:logGet(43)) - raft.server.log.statemachine.data.sync.timeout.retry = -1 (default)
2020-03-27 08:15:09,353 [pool-593-thread-1] INFO  server.RaftServerConfigKeys (ConfUtils.java:logGet(43)) - raft.server.log.statemachine.data.caching.enabled = true (custom)
2020-03-27 08:15:09,353 [pool-593-thread-1] INFO  segmented.SegmentedRaftLogWorker (SegmentedRaftLogWorker.java:lambda$new$0(129)) - 786ae2ec-8760-4167-ab23-b7e9b601edc4@group-97CA0EDA37A5-SegmentedRaftLogWorker: flushIndex: setUnconditionally 0 -> -1
2020-03-27 08:15:09,353 [pool-578-thread-1] INFO  impl.RaftServerImpl (RaftServerImpl.java:<init>(97)) - 4f2bc8b4-1be3-4773-881c-e471bed51254: new RaftServerImpl for group-64DF7057DAE6:[c40590c3-a50d-4a7b-bb23-afdf12d31292:172.17.0.2:42743, 786ae2ec-8760-4167-ab23-b7e9b601edc4:172.17.0.2:34415, 4f2bc8b4-1be3-4773-881c-e471bed51254:172.17.0.2:40125] with ContainerStateMachine:uninitialized
2020-03-27 08:15:09,353 [pool-578-thread-1] INFO  server.RaftServerConfigKeys (ConfUtils.java:logGet(43)) - raft.server.rpc.timeout.min = 5s (custom)
2020-03-27 08:15:09,353 [pool-593-thread-1] INFO  server.RaftServerConfigKeys (ConfUtils.java:logGet(43)) - raft.server.snapshot.auto.trigger.enabled = true (custom)
2020-03-27 08:15:09,353 [pool-593-thread-1] INFO  server.RaftServerConfigKeys (ConfUtils.java:logGet(43)) - raft.server.snapshot.auto.trigger.threshold = 10000 (custom)
2020-03-27 08:15:09,353 [pool-593-thread-1] INFO  server.RaftServerConfigKeys (ConfUtils.java:logGet(43)) - raft.server.snapshot.retention.file.num = 5 (custom)
2020-03-27 08:15:09,353 [pool-593-thread-1] INFO  server.RaftServerConfigKeys (ConfUtils.java:logGet(43)) - raft.server.retrycache.expirytime = 600000ms (custom)
2020-03-27 08:15:09,353 [pool-593-thread-1] INFO  metrics.RatisMetrics (RatisMetrics.java:lambda$create$0(39)) - Creating Metrics Registry : ratis.leader_election.786ae2ec-8760-4167-ab23-b7e9b601edc4@group-97CA0EDA37A5
2020-03-27 08:15:09,354 [pool-593-thread-1] INFO  metrics.RatisMetrics (RatisMetrics.java:lambda$create$0(39)) - Creating Metrics Registry : ratis.server.786ae2ec-8760-4167-ab23-b7e9b601edc4@group-97CA0EDA37A5
2020-03-27 08:15:09,353 [pool-578-thread-1] INFO  server.RaftServerConfigKeys (ConfUtils.java:logGet(43)) - raft.server.rpc.timeout.max = 5200ms (custom)
2020-03-27 08:15:09,354 [pool-578-thread-1] INFO  server.RaftServerConfigKeys (ConfUtils.java:logGet(43)) - raft.server.rpcslowness.timeout = 300s (custom)
2020-03-27 08:15:09,354 [pool-578-thread-1] INFO  server.RaftServerConfigKeys (ConfUtils.java:logGet(43)) - raft.server.sleep.deviation.threshold = 300 (default)
2020-03-27 08:15:09,354 [pool-578-thread-1] INFO  server.RaftServerConfigKeys (ConfUtils.java:logGet(43)) - raft.server.log.appender.install.snapshot.enabled = false (custom)
2020-03-27 08:15:09,355 [pool-578-thread-1] INFO  impl.RaftServerImpl (ServerState.java:<init>(103)) - 4f2bc8b4-1be3-4773-881c-e471bed51254@group-64DF7057DAE6: ConfigurationManager, init=-1: [c40590c3-a50d-4a7b-bb23-afdf12d31292:172.17.0.2:42743, 786ae2ec-8760-4167-ab23-b7e9b601edc4:172.17.0.2:34415, 4f2bc8b4-1be3-4773-881c-e471bed51254:172.17.0.2:40125], old=null, confs=<EMPTY_MAP>
2020-03-27 08:15:09,355 [pool-578-thread-1] INFO  server.RaftServerConfigKeys (ConfUtils.java:logGet(43)) - raft.server.storage.dir = [/github/workspace/hadoop-ozone/integration-test/target/test-dir/MiniOzoneClusterImpl-178f0ac1-9287-41ca-b66e-5f4c0e2bc6ba/datanode-1/data/ratis] (custom)
2020-03-27 08:15:09,355 [EventQueue-PipelineReportForPipelineReportHandler] INFO  pipeline.PipelineStateManager (PipelineStateManager.java:openPipeline(131)) - Pipeline Pipeline[ Id: f39c7753-47b3-49b4-b5e3-97ca0eda37a5, Nodes: 786ae2ec-8760-4167-ab23-b7e9b601edc4{ip: 172.17.0.2, host: 767d39cb30d6, networkLocation: /default-rack, certSerialId: null}, Type:RATIS, Factor:ONE, State:ALLOCATED, leaderId:786ae2ec-8760-4167-ab23-b7e9b601edc4, CreationTimestamp2020-03-27T08:15:06.336Z] moved to OPEN state
2020-03-27 08:15:09,355 [pool-578-thread-1] INFO  server.RaftServerConfigKeys (ConfUtils.java:logGet(43)) - raft.server.log.corruption.policy = EXCEPTION (default)
2020-03-27 08:15:09,355 [EventQueue-OpenPipelineForHealthyPipelineSafeModeRule] INFO  safemode.SCMSafeModeManager (HealthyPipelineSafeModeRule.java:process(131)) - SCM in safe mode. Healthy pipelines reported count is 0, required healthy pipeline reported count is 1
2020-03-27 08:15:09,355 [EventQueue-OpenPipelineForOneReplicaPipelineSafeModeRule] INFO  safemode.SCMSafeModeManager (SCMSafeModeManager.java:validateSafeModeExitRules(175)) - AtleastOneDatanodeReportedRule rule is successfully validated
2020-03-27 08:15:09,354 [pool-593-thread-1] INFO  impl.RaftServerImpl (RaftServerImpl.java:start(183)) - 786ae2ec-8760-4167-ab23-b7e9b601edc4@group-97CA0EDA37A5: start as a follower, conf=-1: [786ae2ec-8760-4167-ab23-b7e9b601edc4:172.17.0.2:34415], old=null
2020-03-27 08:15:09,355 [pool-593-thread-1] INFO  impl.RaftServerImpl (RaftServerImpl.java:setRole(172)) - 786ae2ec-8760-4167-ab23-b7e9b601edc4@group-97CA0EDA37A5: changes role from      null to FOLLOWER at term 0 for startAsFollower
2020-03-27 08:15:09,355 [pool-593-thread-1] INFO  impl.RoleInfo (RoleInfo.java:updateAndGet(143)) - 786ae2ec-8760-4167-ab23-b7e9b601edc4: start FollowerState
2020-03-27 08:15:09,355 [pool-593-thread-1] INFO  util.JmxRegister (JmxRegister.java:tryRegister(44)) - Successfully registered JMX Bean with object name Ratis:service=RaftServer,group=group-97CA0EDA37A5,id=786ae2ec-8760-4167-ab23-b7e9b601edc4
2020-03-27 08:15:09,355 [pool-593-thread-1] INFO  metrics.RatisMetrics (RatisMetrics.java:lambda$create$0(39)) - Creating Metrics Registry : ratis.state_machine.786ae2ec-8760-4167-ab23-b7e9b601edc4@group-97CA0EDA37A5
2020-03-27 08:15:09,357 [Command processor thread] INFO  commandhandler.CreatePipelineCommandHandler (CreatePipelineCommandHandler.java:handle(112)) - Created Pipeline RATIS ONE #id: "f39c7753-47b3-49b4-b5e3-97ca0eda37a5"
.
2020-03-27 08:15:09,357 [Command processor thread] INFO  impl.RaftServerProxy (RaftServerProxy.java:addNew(89)) - 786ae2ec-8760-4167-ab23-b7e9b601edc4: addNew group-64DF7057DAE6:[c40590c3-a50d-4a7b-bb23-afdf12d31292:172.17.0.2:42743, 786ae2ec-8760-4167-ab23-b7e9b601edc4:172.17.0.2:34415, 4f2bc8b4-1be3-4773-881c-e471bed51254:172.17.0.2:40125] returns group-64DF7057DAE6:java.util.concurrent.CompletableFuture@6790b6b3[Not completed]
2020-03-27 08:15:09,357 [pool-593-thread-1] INFO  impl.RaftServerImpl (RaftServerImpl.java:<init>(97)) - 786ae2ec-8760-4167-ab23-b7e9b601edc4: new RaftServerImpl for group-64DF7057DAE6:[c40590c3-a50d-4a7b-bb23-afdf12d31292:172.17.0.2:42743, 786ae2ec-8760-4167-ab23-b7e9b601edc4:172.17.0.2:34415, 4f2bc8b4-1be3-4773-881c-e471bed51254:172.17.0.2:40125] with ContainerStateMachine:uninitialized
2020-03-27 08:15:09,357 [pool-593-thread-1] INFO  server.RaftServerConfigKeys (ConfUtils.java:logGet(43)) - raft.server.rpc.timeout.min = 5s (custom)
2020-03-27 08:15:09,358 [pool-593-thread-1] INFO  server.RaftServerConfigKeys (ConfUtils.java:logGet(43)) - raft.server.rpc.timeout.max = 5200ms (custom)
2020-03-27 08:15:09,358 [pool-593-thread-1] INFO  server.RaftServerConfigKeys (ConfUtils.java:logGet(43)) - raft.server.rpcslowness.timeout = 300s (custom)
2020-03-27 08:15:09,358 [pool-593-thread-1] INFO  server.RaftServerConfigKeys (ConfUtils.java:logGet(43)) - raft.server.sleep.deviation.threshold = 300 (default)
2020-03-27 08:15:09,358 [pool-593-thread-1] INFO  server.RaftServerConfigKeys (ConfUtils.java:logGet(43)) - raft.server.log.appender.install.snapshot.enabled = false (custom)
2020-03-27 08:15:09,358 [pool-593-thread-1] INFO  impl.RaftServerImpl (ServerState.java:<init>(103)) - 786ae2ec-8760-4167-ab23-b7e9b601edc4@group-64DF7057DAE6: ConfigurationManager, init=-1: [c40590c3-a50d-4a7b-bb23-afdf12d31292:172.17.0.2:42743, 786ae2ec-8760-4167-ab23-b7e9b601edc4:172.17.0.2:34415, 4f2bc8b4-1be3-4773-881c-e471bed51254:172.17.0.2:40125], old=null, confs=<EMPTY_MAP>
2020-03-27 08:15:09,358 [pool-593-thread-1] INFO  server.RaftServerConfigKeys (ConfUtils.java:logGet(43)) - raft.server.storage.dir = [/github/workspace/hadoop-ozone/integration-test/target/test-dir/MiniOzoneClusterImpl-178f0ac1-9287-41ca-b66e-5f4c0e2bc6ba/datanode-2/data/ratis] (custom)
2020-03-27 08:15:09,358 [pool-593-thread-1] INFO  server.RaftServerConfigKeys (ConfUtils.java:logGet(43)) - raft.server.log.corruption.policy = EXCEPTION (default)
2020-03-27 08:15:09,358 [pool-593-thread-1] INFO  storage.RaftStorageDirectory (RaftStorageDirectory.java:analyzeStorage(253)) - The storage directory /github/workspace/hadoop-ozone/integration-test/target/test-dir/MiniOzoneClusterImpl-178f0ac1-9287-41ca-b66e-5f4c0e2bc6ba/datanode-2/data/ratis/191e791d-f3bf-4488-ad6f-64df7057dae6 does not exist. Creating ...
2020-03-27 08:15:09,355 [pool-578-thread-1] INFO  storage.RaftStorageDirectory (RaftStorageDirectory.java:analyzeStorage(253)) - The storage directory /github/workspace/hadoop-ozone/integration-test/target/test-dir/MiniOzoneClusterImpl-178f0ac1-9287-41ca-b66e-5f4c0e2bc6ba/datanode-1/data/ratis/191e791d-f3bf-4488-ad6f-64df7057dae6 does not exist. Creating ...
2020-03-27 08:15:09,360 [pool-593-thread-1] INFO  storage.RaftStorageDirectory (RaftStorageDirectory.java:tryLock(335)) - Lock on /github/workspace/hadoop-ozone/integration-test/target/test-dir/MiniOzoneClusterImpl-178f0ac1-9287-41ca-b66e-5f4c0e2bc6ba/datanode-2/data/ratis/191e791d-f3bf-4488-ad6f-64df7057dae6/in_use.lock acquired by nodename 16179@767d39cb30d6
2020-03-27 08:15:09,360 [pool-578-thread-1] INFO  storage.RaftStorageDirectory (RaftStorageDirectory.java:tryLock(335)) - Lock on /github/workspace/hadoop-ozone/integration-test/target/test-dir/MiniOzoneClusterImpl-178f0ac1-9287-41ca-b66e-5f4c0e2bc6ba/datanode-1/data/ratis/191e791d-f3bf-4488-ad6f-64df7057dae6/in_use.lock acquired by nodename 16179@767d39cb30d6
2020-03-27 08:15:09,361 [grpc-default-executor-13] WARN  impl.RaftServerProxy (RaftServerProxy.java:lambda$groupAddAsync$11(390)) - 786ae2ec-8760-4167-ab23-b7e9b601edc4: Failed groupAdd* GroupManagementRequest:client-9B2CD97B9EC8->786ae2ec-8760-4167-ab23-b7e9b601edc4@group-64DF7057DAE6, cid=176, seq=0, RW, null, Add:group-64DF7057DAE6:[c40590c3-a50d-4a7b-bb23-afdf12d31292:172.17.0.2:42743, 786ae2ec-8760-4167-ab23-b7e9b601edc4:172.17.0.2:34415, 4f2bc8b4-1be3-4773-881c-e471bed51254:172.17.0.2:40125]
java.util.concurrent.CompletionException: org.apache.ratis.protocol.AlreadyExistsException: 786ae2ec-8760-4167-ab23-b7e9b601edc4: Failed to add group-64DF7057DAE6:[c40590c3-a50d-4a7b-bb23-afdf12d31292:172.17.0.2:42743, 786ae2ec-8760-4167-ab23-b7e9b601edc4:172.17.0.2:34415, 4f2bc8b4-1be3-4773-881c-e471bed51254:172.17.0.2:40125] since the group already exists in the map.
	at java.util.concurrent.CompletableFuture.encodeThrowable(CompletableFuture.java:292)
	at java.util.concurrent.CompletableFuture.completeThrowable(CompletableFuture.java:308)
	at java.util.concurrent.CompletableFuture.uniApply(CompletableFuture.java:607)
	at java.util.concurrent.CompletableFuture$UniApply.tryFire(CompletableFuture.java:591)
	at java.util.concurrent.CompletableFuture.uniApplyStage(CompletableFuture.java:631)
	at java.util.concurrent.CompletableFuture.thenApplyAsync(CompletableFuture.java:2006)
	at org.apache.ratis.server.impl.RaftServerProxy.groupAddAsync(RaftServerProxy.java:379)
	at org.apache.ratis.server.impl.RaftServerProxy.groupManagementAsync(RaftServerProxy.java:363)
	at org.apache.ratis.grpc.server.GrpcAdminProtocolService.lambda$groupManagement$0(GrpcAdminProtocolService.java:42)
	at org.apache.ratis.grpc.GrpcUtil.asyncCall(GrpcUtil.java:160)
	at org.apache.ratis.grpc.server.GrpcAdminProtocolService.groupManagement(GrpcAdminProtocolService.java:42)
	at org.apache.ratis.proto.grpc.AdminProtocolServiceGrpc$MethodHandlers.invoke(AdminProtocolServiceGrpc.java:358)
	at org.apache.ratis.thirdparty.io.grpc.stub.ServerCalls$UnaryServerCallHandler$UnaryServerCallListener.onHalfClose(ServerCalls.java:172)
	at org.apache.ratis.thirdparty.io.grpc.internal.ServerCallImpl$ServerStreamListenerImpl.halfClosed(ServerCallImpl.java:331)
	at org.apache.ratis.thirdparty.io.grpc.internal.ServerImpl$JumpToApplicationThreadServerStreamListener$1HalfClosed.runInContext(ServerImpl.java:814)
	at org.apache.ratis.thirdparty.io.grpc.internal.ContextRunnable.run(ContextRunnable.java:37)
	at org.apache.ratis.thirdparty.io.grpc.internal.SerializingExecutor.run(SerializingExecutor.java:123)
	at java.util.concurrent.ThreadPoolExecutor.runWorker(ThreadPoolExecutor.java:1149)
	at java.util.concurrent.ThreadPoolExecutor$Worker.run(ThreadPoolExecutor.java:624)
	at java.lang.Thread.run(Thread.java:748)
Caused by: org.apache.ratis.protocol.AlreadyExistsException: 786ae2ec-8760-4167-ab23-b7e9b601edc4: Failed to add group-64DF7057DAE6:[c40590c3-a50d-4a7b-bb23-afdf12d31292:172.17.0.2:42743, 786ae2ec-8760-4167-ab23-b7e9b601edc4:172.17.0.2:34415, 4f2bc8b4-1be3-4773-881c-e471bed51254:172.17.0.2:40125] since the group already exists in the map.
	at org.apache.ratis.server.impl.RaftServerProxy$ImplMap.addNew(RaftServerProxy.java:83)
	at org.apache.ratis.server.impl.RaftServerProxy.groupAddAsync(RaftServerProxy.java:378)
	... 13 more
2020-03-27 08:15:09,362 [pool-578-thread-1] INFO  storage.RaftStorage (RaftStorage.java:format(84)) - Storage directory /github/workspace/hadoop-ozone/integration-test/target/test-dir/MiniOzoneClusterImpl-178f0ac1-9287-41ca-b66e-5f4c0e2bc6ba/datanode-1/data/ratis/191e791d-f3bf-4488-ad6f-64df7057dae6 has been successfully formatted.
2020-03-27 08:15:09,362 [pool-593-thread-1] INFO  storage.RaftStorage (RaftStorage.java:format(84)) - Storage directory /github/workspace/hadoop-ozone/integration-test/target/test-dir/MiniOzoneClusterImpl-178f0ac1-9287-41ca-b66e-5f4c0e2bc6ba/datanode-2/data/ratis/191e791d-f3bf-4488-ad6f-64df7057dae6 has been successfully formatted.
2020-03-27 08:15:09,362 [pool-593-thread-1] INFO  ratis.ContainerStateMachine (ContainerStateMachine.java:loadSnapshot(233)) - group-64DF7057DAE6: The snapshot info is null. Setting the last applied indexto:(t:0, i:~)
2020-03-27 08:15:09,363 [pool-593-thread-1] INFO  server.RaftServerConfigKeys (ConfUtils.java:logGet(43)) - raft.server.notification.no-leader.timeout = 60s (default)
2020-03-27 08:15:09,363 [pool-593-thread-1] INFO  server.RaftServerConfigKeys (ConfUtils.java:logGet(43)) - raft.server.log.use.memory = false (default)
2020-03-27 08:15:09,362 [pool-578-thread-1] INFO  ratis.ContainerStateMachine (ContainerStateMachine.java:loadSnapshot(233)) - group-64DF7057DAE6: The snapshot info is null. Setting the last applied indexto:(t:0, i:~)
2020-03-27 08:15:09,363 [pool-578-thread-1] INFO  server.RaftServerConfigKeys (ConfUtils.java:logGet(43)) - raft.server.notification.no-leader.timeout = 60s (default)
2020-03-27 08:15:09,363 [pool-578-thread-1] INFO  server.RaftServerConfigKeys (ConfUtils.java:logGet(43)) - raft.server.log.use.memory = false (default)
2020-03-27 08:15:09,363 [pool-578-thread-1] INFO  server.RaftServerConfigKeys (ConfUtils.java:logGet(43)) - raft.server.log.purge.gap = 1000000 (custom)
2020-03-27 08:15:09,363 [pool-578-thread-1] INFO  server.RaftServerConfigKeys (ConfUtils.java:logGet(43)) - raft.server.log.appender.buffer.byte-limit = 33554432 (custom)
2020-03-27 08:15:09,363 [pool-578-thread-1] INFO  server.RaftServerConfigKeys (ConfUtils.java:logGet(43)) - raft.server.log.segment.size.max = 1048576 (custom)
2020-03-27 08:15:09,363 [pool-578-thread-1] INFO  server.RaftServerConfigKeys (ConfUtils.java:logGet(43)) - raft.server.log.segment.cache.num.max = 2 (custom)
2020-03-27 08:15:09,363 [pool-578-thread-1] INFO  segmented.SegmentedRaftLogWorker (SegmentedRaftLogWorker.java:<init>(176)) - new 4f2bc8b4-1be3-4773-881c-e471bed51254@group-64DF7057DAE6-SegmentedRaftLogWorker for RaftStorage:Storage Directory /github/workspace/hadoop-ozone/integration-test/target/test-dir/MiniOzoneClusterImpl-178f0ac1-9287-41ca-b66e-5f4c0e2bc6ba/datanode-1/data/ratis/191e791d-f3bf-4488-ad6f-64df7057dae6
2020-03-27 08:15:09,363 [pool-578-thread-1] INFO  server.RaftServerConfigKeys (ConfUtils.java:logGet(43)) - raft.server.log.queue.byte-limit = 2147483647 (custom)
2020-03-27 08:15:09,363 [pool-578-thread-1] INFO  server.RaftServerConfigKeys (ConfUtils.java:logGet(43)) - raft.server.log.queue.element-limit = 1024 (custom)
2020-03-27 08:15:09,363 [pool-593-thread-1] INFO  server.RaftServerConfigKeys (ConfUtils.java:logGet(43)) - raft.server.log.purge.gap = 1000000 (custom)
2020-03-27 08:15:09,363 [pool-593-thread-1] INFO  server.RaftServerConfigKeys (ConfUtils.java:logGet(43)) - raft.server.log.appender.buffer.byte-limit = 33554432 (custom)
2020-03-27 08:15:09,363 [pool-593-thread-1] INFO  server.RaftServerConfigKeys (ConfUtils.java:logGet(43)) - raft.server.log.segment.size.max = 1048576 (custom)
2020-03-27 08:15:09,363 [pool-593-thread-1] INFO  server.RaftServerConfigKeys (ConfUtils.java:logGet(43)) - raft.server.log.segment.cache.num.max = 2 (custom)
2020-03-27 08:15:09,364 [pool-593-thread-1] INFO  segmented.SegmentedRaftLogWorker (SegmentedRaftLogWorker.java:<init>(176)) - new 786ae2ec-8760-4167-ab23-b7e9b601edc4@group-64DF7057DAE6-SegmentedRaftLogWorker for RaftStorage:Storage Directory /github/workspace/hadoop-ozone/integration-test/target/test-dir/MiniOzoneClusterImpl-178f0ac1-9287-41ca-b66e-5f4c0e2bc6ba/datanode-2/data/ratis/191e791d-f3bf-4488-ad6f-64df7057dae6
2020-03-27 08:15:09,364 [pool-593-thread-1] INFO  server.RaftServerConfigKeys (ConfUtils.java:logGet(43)) - raft.server.log.queue.byte-limit = 2147483647 (custom)
2020-03-27 08:15:09,364 [pool-593-thread-1] INFO  server.RaftServerConfigKeys (ConfUtils.java:logGet(43)) - raft.server.log.queue.element-limit = 1024 (custom)
2020-03-27 08:15:09,364 [pool-593-thread-1] INFO  server.RaftServerConfigKeys (ConfUtils.java:logGet(43)) - raft.server.log.segment.size.max = 1048576 (custom)
2020-03-27 08:15:09,364 [pool-593-thread-1] INFO  server.RaftServerConfigKeys (ConfUtils.java:logGet(43)) - raft.server.log.preallocated.size = 16384 (custom)
2020-03-27 08:15:09,363 [pool-578-thread-1] INFO  server.RaftServerConfigKeys (ConfUtils.java:logGet(43)) - raft.server.log.segment.size.max = 1048576 (custom)
2020-03-27 08:15:09,364 [pool-578-thread-1] INFO  server.RaftServerConfigKeys (ConfUtils.java:logGet(43)) - raft.server.log.preallocated.size = 16384 (custom)
2020-03-27 08:15:09,364 [pool-578-thread-1] INFO  server.RaftServerConfigKeys (ConfUtils.java:logGet(43)) - raft.server.log.write.buffer.size = 1048576 (custom)
2020-03-27 08:15:09,364 [pool-578-thread-1] INFO  server.RaftServerConfigKeys (ConfUtils.java:logGet(43)) - raft.server.log.force.sync.num = 128 (default)
2020-03-27 08:15:09,364 [pool-578-thread-1] INFO  server.RaftServerConfigKeys (ConfUtils.java:logGet(43)) - raft.server.log.statemachine.data.sync = true (default)
2020-03-27 08:15:09,364 [pool-593-thread-1] INFO  server.RaftServerConfigKeys (ConfUtils.java:logGet(43)) - raft.server.log.write.buffer.size = 1048576 (custom)
2020-03-27 08:15:09,364 [pool-578-thread-1] INFO  server.RaftServerConfigKeys (ConfUtils.java:logGet(43)) - raft.server.log.statemachine.data.sync.timeout = 10s (default)
2020-03-27 08:15:09,364 [pool-578-thread-1] INFO  server.RaftServerConfigKeys (ConfUtils.java:logGet(43)) - raft.server.log.statemachine.data.sync.timeout.retry = -1 (default)
2020-03-27 08:15:09,364 [pool-593-thread-1] INFO  server.RaftServerConfigKeys (ConfUtils.java:logGet(43)) - raft.server.log.force.sync.num = 128 (default)
2020-03-27 08:15:09,364 [pool-593-thread-1] INFO  server.RaftServerConfigKeys (ConfUtils.java:logGet(43)) - raft.server.log.statemachine.data.sync = true (default)
2020-03-27 08:15:09,364 [pool-578-thread-1] INFO  server.RaftServerConfigKeys (ConfUtils.java:logGet(43)) - raft.server.log.statemachine.data.caching.enabled = true (custom)
2020-03-27 08:15:09,364 [pool-593-thread-1] INFO  server.RaftServerConfigKeys (ConfUtils.java:logGet(43)) - raft.server.log.statemachine.data.sync.timeout = 10s (default)
2020-03-27 08:15:09,365 [pool-593-thread-1] INFO  server.RaftServerConfigKeys (ConfUtils.java:logGet(43)) - raft.server.log.statemachine.data.sync.timeout.retry = -1 (default)
2020-03-27 08:15:09,365 [pool-593-thread-1] INFO  server.RaftServerConfigKeys (ConfUtils.java:logGet(43)) - raft.server.log.statemachine.data.caching.enabled = true (custom)
2020-03-27 08:15:09,365 [pool-593-thread-1] INFO  segmented.SegmentedRaftLogWorker (SegmentedRaftLogWorker.java:lambda$new$0(129)) - 786ae2ec-8760-4167-ab23-b7e9b601edc4@group-64DF7057DAE6-SegmentedRaftLogWorker: flushIndex: setUnconditionally 0 -> -1
2020-03-27 08:15:09,366 [pool-578-thread-1] INFO  segmented.SegmentedRaftLogWorker (SegmentedRaftLogWorker.java:lambda$new$0(129)) - 4f2bc8b4-1be3-4773-881c-e471bed51254@group-64DF7057DAE6-SegmentedRaftLogWorker: flushIndex: setUnconditionally 0 -> -1
2020-03-27 08:15:09,367 [pool-593-thread-1] INFO  server.RaftServerConfigKeys (ConfUtils.java:logGet(43)) - raft.server.snapshot.auto.trigger.enabled = true (custom)
2020-03-27 08:15:09,367 [pool-593-thread-1] INFO  server.RaftServerConfigKeys (ConfUtils.java:logGet(43)) - raft.server.snapshot.auto.trigger.threshold = 10000 (custom)
2020-03-27 08:15:09,367 [pool-593-thread-1] INFO  server.RaftServerConfigKeys (ConfUtils.java:logGet(43)) - raft.server.snapshot.retention.file.num = 5 (custom)
2020-03-27 08:15:09,367 [pool-593-thread-1] INFO  server.RaftServerConfigKeys (ConfUtils.java:logGet(43)) - raft.server.retrycache.expirytime = 600000ms (custom)
2020-03-27 08:15:09,367 [pool-593-thread-1] INFO  metrics.RatisMetrics (RatisMetrics.java:lambda$create$0(39)) - Creating Metrics Registry : ratis.leader_election.786ae2ec-8760-4167-ab23-b7e9b601edc4@group-64DF7057DAE6
2020-03-27 08:15:09,368 [pool-593-thread-1] INFO  metrics.RatisMetrics (RatisMetrics.java:lambda$create$0(39)) - Creating Metrics Registry : ratis.server.786ae2ec-8760-4167-ab23-b7e9b601edc4@group-64DF7057DAE6
2020-03-27 08:15:09,370 [pool-578-thread-1] INFO  server.RaftServerConfigKeys (ConfUtils.java:logGet(43)) - raft.server.snapshot.auto.trigger.enabled = true (custom)
2020-03-27 08:15:09,370 [pool-578-thread-1] INFO  server.RaftServerConfigKeys (ConfUtils.java:logGet(43)) - raft.server.snapshot.auto.trigger.threshold = 10000 (custom)
2020-03-27 08:15:09,370 [pool-578-thread-1] INFO  server.RaftServerConfigKeys (ConfUtils.java:logGet(43)) - raft.server.snapshot.retention.file.num = 5 (custom)
2020-03-27 08:15:09,370 [pool-578-thread-1] INFO  server.RaftServerConfigKeys (ConfUtils.java:logGet(43)) - raft.server.retrycache.expirytime = 600000ms (custom)
2020-03-27 08:15:09,370 [pool-578-thread-1] INFO  metrics.RatisMetrics (RatisMetrics.java:lambda$create$0(39)) - Creating Metrics Registry : ratis.leader_election.4f2bc8b4-1be3-4773-881c-e471bed51254@group-64DF7057DAE6
2020-03-27 08:15:09,371 [pool-578-thread-1] INFO  metrics.RatisMetrics (RatisMetrics.java:lambda$create$0(39)) - Creating Metrics Registry : ratis.server.4f2bc8b4-1be3-4773-881c-e471bed51254@group-64DF7057DAE6
2020-03-27 08:15:09,371 [pool-578-thread-1] INFO  impl.RaftServerImpl (RaftServerImpl.java:start(183)) - 4f2bc8b4-1be3-4773-881c-e471bed51254@group-64DF7057DAE6: start as a follower, conf=-1: [c40590c3-a50d-4a7b-bb23-afdf12d31292:172.17.0.2:42743, 786ae2ec-8760-4167-ab23-b7e9b601edc4:172.17.0.2:34415, 4f2bc8b4-1be3-4773-881c-e471bed51254:172.17.0.2:40125], old=null
2020-03-27 08:15:09,371 [pool-578-thread-1] INFO  impl.RaftServerImpl (RaftServerImpl.java:setRole(172)) - 4f2bc8b4-1be3-4773-881c-e471bed51254@group-64DF7057DAE6: changes role from      null to FOLLOWER at term 0 for startAsFollower
2020-03-27 08:15:09,371 [pool-578-thread-1] INFO  impl.RoleInfo (RoleInfo.java:updateAndGet(143)) - 4f2bc8b4-1be3-4773-881c-e471bed51254: start FollowerState
2020-03-27 08:15:09,373 [grpc-default-executor-9] WARN  impl.RaftServerProxy (RaftServerProxy.java:lambda$groupAddAsync$11(390)) - 4f2bc8b4-1be3-4773-881c-e471bed51254: Failed groupAdd* GroupManagementRequest:client-BA4AE32282E2->4f2bc8b4-1be3-4773-881c-e471bed51254@group-64DF7057DAE6, cid=177, seq=0, RW, null, Add:group-64DF7057DAE6:[c40590c3-a50d-4a7b-bb23-afdf12d31292:172.17.0.2:42743, 786ae2ec-8760-4167-ab23-b7e9b601edc4:172.17.0.2:34415, 4f2bc8b4-1be3-4773-881c-e471bed51254:172.17.0.2:40125]
java.util.concurrent.CompletionException: org.apache.ratis.protocol.AlreadyExistsException: 4f2bc8b4-1be3-4773-881c-e471bed51254: Failed to add group-64DF7057DAE6:[c40590c3-a50d-4a7b-bb23-afdf12d31292:172.17.0.2:42743, 786ae2ec-8760-4167-ab23-b7e9b601edc4:172.17.0.2:34415, 4f2bc8b4-1be3-4773-881c-e471bed51254:172.17.0.2:40125] since the group already exists in the map.
	at java.util.concurrent.CompletableFuture.encodeThrowable(CompletableFuture.java:292)
	at java.util.concurrent.CompletableFuture.completeThrowable(CompletableFuture.java:308)
	at java.util.concurrent.CompletableFuture.uniApply(CompletableFuture.java:607)
	at java.util.concurrent.CompletableFuture$UniApply.tryFire(CompletableFuture.java:591)
	at java.util.concurrent.CompletableFuture.uniApplyStage(CompletableFuture.java:631)
	at java.util.concurrent.CompletableFuture.thenApplyAsync(CompletableFuture.java:2006)
	at org.apache.ratis.server.impl.RaftServerProxy.groupAddAsync(RaftServerProxy.java:379)
	at org.apache.ratis.server.impl.RaftServerProxy.groupManagementAsync(RaftServerProxy.java:363)
	at org.apache.ratis.grpc.server.GrpcAdminProtocolService.lambda$groupManagement$0(GrpcAdminProtocolService.java:42)
	at org.apache.ratis.grpc.GrpcUtil.asyncCall(GrpcUtil.java:160)
	at org.apache.ratis.grpc.server.GrpcAdminProtocolService.groupManagement(GrpcAdminProtocolService.java:42)
	at org.apache.ratis.proto.grpc.AdminProtocolServiceGrpc$MethodHandlers.invoke(AdminProtocolServiceGrpc.java:358)
	at org.apache.ratis.thirdparty.io.grpc.stub.ServerCalls$UnaryServerCallHandler$UnaryServerCallListener.onHalfClose(ServerCalls.java:172)
	at org.apache.ratis.thirdparty.io.grpc.internal.ServerCallImpl$ServerStreamListenerImpl.halfClosed(ServerCallImpl.java:331)
	at org.apache.ratis.thirdparty.io.grpc.internal.ServerImpl$JumpToApplicationThreadServerStreamListener$1HalfClosed.runInContext(ServerImpl.java:814)
	at org.apache.ratis.thirdparty.io.grpc.internal.ContextRunnable.run(ContextRunnable.java:37)
	at org.apache.ratis.thirdparty.io.grpc.internal.SerializingExecutor.run(SerializingExecutor.java:123)
	at java.util.concurrent.ThreadPoolExecutor.runWorker(ThreadPoolExecutor.java:1149)
	at java.util.concurrent.ThreadPoolExecutor$Worker.run(ThreadPoolExecutor.java:624)
	at java.lang.Thread.run(Thread.java:748)
Caused by: org.apache.ratis.protocol.AlreadyExistsException: 4f2bc8b4-1be3-4773-881c-e471bed51254: Failed to add group-64DF7057DAE6:[c40590c3-a50d-4a7b-bb23-afdf12d31292:172.17.0.2:42743, 786ae2ec-8760-4167-ab23-b7e9b601edc4:172.17.0.2:34415, 4f2bc8b4-1be3-4773-881c-e471bed51254:172.17.0.2:40125] since the group already exists in the map.
	at org.apache.ratis.server.impl.RaftServerProxy$ImplMap.addNew(RaftServerProxy.java:83)
	at org.apache.ratis.server.impl.RaftServerProxy.groupAddAsync(RaftServerProxy.java:378)
	... 13 more
2020-03-27 08:15:09,374 [pool-578-thread-1] INFO  util.JmxRegister (JmxRegister.java:tryRegister(44)) - Successfully registered JMX Bean with object name Ratis:service=RaftServer,group=group-64DF7057DAE6,id=4f2bc8b4-1be3-4773-881c-e471bed51254
2020-03-27 08:15:09,374 [pool-578-thread-1] INFO  metrics.RatisMetrics (RatisMetrics.java:lambda$create$0(39)) - Creating Metrics Registry : ratis.state_machine.4f2bc8b4-1be3-4773-881c-e471bed51254@group-64DF7057DAE6
2020-03-27 08:15:09,375 [pool-593-thread-1] INFO  impl.RaftServerImpl (RaftServerImpl.java:start(183)) - 786ae2ec-8760-4167-ab23-b7e9b601edc4@group-64DF7057DAE6: start as a follower, conf=-1: [c40590c3-a50d-4a7b-bb23-afdf12d31292:172.17.0.2:42743, 786ae2ec-8760-4167-ab23-b7e9b601edc4:172.17.0.2:34415, 4f2bc8b4-1be3-4773-881c-e471bed51254:172.17.0.2:40125], old=null
2020-03-27 08:15:09,375 [pool-593-thread-1] INFO  impl.RaftServerImpl (RaftServerImpl.java:setRole(172)) - 786ae2ec-8760-4167-ab23-b7e9b601edc4@group-64DF7057DAE6: changes role from      null to FOLLOWER at term 0 for startAsFollower
2020-03-27 08:15:09,384 [pool-593-thread-1] INFO  impl.RoleInfo (RoleInfo.java:updateAndGet(143)) - 786ae2ec-8760-4167-ab23-b7e9b601edc4: start FollowerState
2020-03-27 08:15:09,384 [pool-593-thread-1] INFO  util.JmxRegister (JmxRegister.java:tryRegister(44)) - Successfully registered JMX Bean with object name Ratis:service=RaftServer,group=group-64DF7057DAE6,id=786ae2ec-8760-4167-ab23-b7e9b601edc4
2020-03-27 08:15:09,384 [pool-593-thread-1] INFO  metrics.RatisMetrics (RatisMetrics.java:lambda$create$0(39)) - Creating Metrics Registry : ratis.state_machine.786ae2ec-8760-4167-ab23-b7e9b601edc4@group-64DF7057DAE6
2020-03-27 08:15:09,386 [Command processor thread] INFO  commandhandler.CreatePipelineCommandHandler (CreatePipelineCommandHandler.java:handle(112)) - Created Pipeline RATIS THREE #id: "191e791d-f3bf-4488-ad6f-64df7057dae6"
.
2020-03-27 08:15:09,401 [grpc-default-executor-13] WARN  impl.RaftServerProxy (RaftServerProxy.java:lambda$groupAddAsync$11(390)) - c40590c3-a50d-4a7b-bb23-afdf12d31292: Failed groupAdd* GroupManagementRequest:client-B196CB9288FF->c40590c3-a50d-4a7b-bb23-afdf12d31292@group-64DF7057DAE6, cid=178, seq=0, RW, null, Add:group-64DF7057DAE6:[c40590c3-a50d-4a7b-bb23-afdf12d31292:172.17.0.2:42743, 786ae2ec-8760-4167-ab23-b7e9b601edc4:172.17.0.2:34415, 4f2bc8b4-1be3-4773-881c-e471bed51254:172.17.0.2:40125]
java.util.concurrent.CompletionException: org.apache.ratis.protocol.AlreadyExistsException: c40590c3-a50d-4a7b-bb23-afdf12d31292: Failed to add group-64DF7057DAE6:[c40590c3-a50d-4a7b-bb23-afdf12d31292:172.17.0.2:42743, 786ae2ec-8760-4167-ab23-b7e9b601edc4:172.17.0.2:34415, 4f2bc8b4-1be3-4773-881c-e471bed51254:172.17.0.2:40125] since the group already exists in the map.
	at java.util.concurrent.CompletableFuture.encodeThrowable(CompletableFuture.java:292)
	at java.util.concurrent.CompletableFuture.completeThrowable(CompletableFuture.java:308)
	at java.util.concurrent.CompletableFuture.uniApply(CompletableFuture.java:607)
	at java.util.concurrent.CompletableFuture$UniApply.tryFire(CompletableFuture.java:591)
	at java.util.concurrent.CompletableFuture.uniApplyStage(CompletableFuture.java:631)
	at java.util.concurrent.CompletableFuture.thenApplyAsync(CompletableFuture.java:2006)
	at org.apache.ratis.server.impl.RaftServerProxy.groupAddAsync(RaftServerProxy.java:379)
	at org.apache.ratis.server.impl.RaftServerProxy.groupManagementAsync(RaftServerProxy.java:363)
	at org.apache.ratis.grpc.server.GrpcAdminProtocolService.lambda$groupManagement$0(GrpcAdminProtocolService.java:42)
	at org.apache.ratis.grpc.GrpcUtil.asyncCall(GrpcUtil.java:160)
	at org.apache.ratis.grpc.server.GrpcAdminProtocolService.groupManagement(GrpcAdminProtocolService.java:42)
	at org.apache.ratis.proto.grpc.AdminProtocolServiceGrpc$MethodHandlers.invoke(AdminProtocolServiceGrpc.java:358)
	at org.apache.ratis.thirdparty.io.grpc.stub.ServerCalls$UnaryServerCallHandler$UnaryServerCallListener.onHalfClose(ServerCalls.java:172)
	at org.apache.ratis.thirdparty.io.grpc.internal.ServerCallImpl$ServerStreamListenerImpl.halfClosed(ServerCallImpl.java:331)
	at org.apache.ratis.thirdparty.io.grpc.internal.ServerImpl$JumpToApplicationThreadServerStreamListener$1HalfClosed.runInContext(ServerImpl.java:814)
	at org.apache.ratis.thirdparty.io.grpc.internal.ContextRunnable.run(ContextRunnable.java:37)
	at org.apache.ratis.thirdparty.io.grpc.internal.SerializingExecutor.run(SerializingExecutor.java:123)
	at java.util.concurrent.ThreadPoolExecutor.runWorker(ThreadPoolExecutor.java:1149)
	at java.util.concurrent.ThreadPoolExecutor$Worker.run(ThreadPoolExecutor.java:624)
	at java.lang.Thread.run(Thread.java:748)
Caused by: org.apache.ratis.protocol.AlreadyExistsException: c40590c3-a50d-4a7b-bb23-afdf12d31292: Failed to add group-64DF7057DAE6:[c40590c3-a50d-4a7b-bb23-afdf12d31292:172.17.0.2:42743, 786ae2ec-8760-4167-ab23-b7e9b601edc4:172.17.0.2:34415, 4f2bc8b4-1be3-4773-881c-e471bed51254:172.17.0.2:40125] since the group already exists in the map.
	at org.apache.ratis.server.impl.RaftServerProxy$ImplMap.addNew(RaftServerProxy.java:83)
	at org.apache.ratis.server.impl.RaftServerProxy.groupAddAsync(RaftServerProxy.java:378)
	... 13 more
2020-03-27 08:15:09,402 [grpc-default-executor-9] WARN  impl.RaftServerProxy (RaftServerProxy.java:lambda$groupAddAsync$11(390)) - 786ae2ec-8760-4167-ab23-b7e9b601edc4: Failed groupAdd* GroupManagementRequest:client-A4EC75DE6DBB->786ae2ec-8760-4167-ab23-b7e9b601edc4@group-64DF7057DAE6, cid=179, seq=0, RW, null, Add:group-64DF7057DAE6:[c40590c3-a50d-4a7b-bb23-afdf12d31292:172.17.0.2:42743, 786ae2ec-8760-4167-ab23-b7e9b601edc4:172.17.0.2:34415, 4f2bc8b4-1be3-4773-881c-e471bed51254:172.17.0.2:40125]
java.util.concurrent.CompletionException: org.apache.ratis.protocol.AlreadyExistsException: 786ae2ec-8760-4167-ab23-b7e9b601edc4: Failed to add group-64DF7057DAE6:[c40590c3-a50d-4a7b-bb23-afdf12d31292:172.17.0.2:42743, 786ae2ec-8760-4167-ab23-b7e9b601edc4:172.17.0.2:34415, 4f2bc8b4-1be3-4773-881c-e471bed51254:172.17.0.2:40125] since the group already exists in the map.
	at java.util.concurrent.CompletableFuture.encodeThrowable(CompletableFuture.java:292)
	at java.util.concurrent.CompletableFuture.completeThrowable(CompletableFuture.java:308)
	at java.util.concurrent.CompletableFuture.uniApply(CompletableFuture.java:607)
	at java.util.concurrent.CompletableFuture$UniApply.tryFire(CompletableFuture.java:591)
	at java.util.concurrent.CompletableFuture.uniApplyStage(CompletableFuture.java:631)
	at java.util.concurrent.CompletableFuture.thenApplyAsync(CompletableFuture.java:2006)
	at org.apache.ratis.server.impl.RaftServerProxy.groupAddAsync(RaftServerProxy.java:379)
	at org.apache.ratis.server.impl.RaftServerProxy.groupManagementAsync(RaftServerProxy.java:363)
	at org.apache.ratis.grpc.server.GrpcAdminProtocolService.lambda$groupManagement$0(GrpcAdminProtocolService.java:42)
	at org.apache.ratis.grpc.GrpcUtil.asyncCall(GrpcUtil.java:160)
	at org.apache.ratis.grpc.server.GrpcAdminProtocolService.groupManagement(GrpcAdminProtocolService.java:42)
	at org.apache.ratis.proto.grpc.AdminProtocolServiceGrpc$MethodHandlers.invoke(AdminProtocolServiceGrpc.java:358)
	at org.apache.ratis.thirdparty.io.grpc.stub.ServerCalls$UnaryServerCallHandler$UnaryServerCallListener.onHalfClose(ServerCalls.java:172)
	at org.apache.ratis.thirdparty.io.grpc.internal.ServerCallImpl$ServerStreamListenerImpl.halfClosed(ServerCallImpl.java:331)
	at org.apache.ratis.thirdparty.io.grpc.internal.ServerImpl$JumpToApplicationThreadServerStreamListener$1HalfClosed.runInContext(ServerImpl.java:814)
	at org.apache.ratis.thirdparty.io.grpc.internal.ContextRunnable.run(ContextRunnable.java:37)
	at org.apache.ratis.thirdparty.io.grpc.internal.SerializingExecutor.run(SerializingExecutor.java:123)
	at java.util.concurrent.ThreadPoolExecutor.runWorker(ThreadPoolExecutor.java:1149)
	at java.util.concurrent.ThreadPoolExecutor$Worker.run(ThreadPoolExecutor.java:624)
	at java.lang.Thread.run(Thread.java:748)
Caused by: org.apache.ratis.protocol.AlreadyExistsException: 786ae2ec-8760-4167-ab23-b7e9b601edc4: Failed to add group-64DF7057DAE6:[c40590c3-a50d-4a7b-bb23-afdf12d31292:172.17.0.2:42743, 786ae2ec-8760-4167-ab23-b7e9b601edc4:172.17.0.2:34415, 4f2bc8b4-1be3-4773-881c-e471bed51254:172.17.0.2:40125] since the group already exists in the map.
	at org.apache.ratis.server.impl.RaftServerProxy$ImplMap.addNew(RaftServerProxy.java:83)
	at org.apache.ratis.server.impl.RaftServerProxy.groupAddAsync(RaftServerProxy.java:378)
	... 13 more
2020-03-27 08:15:09,419 [Command processor thread] INFO  impl.RaftServerProxy (RaftServerProxy.java:addNew(89)) - d8a051d7-a144-4c31-9411-4634ccd4403a: addNew group-E41956245296:[d8a051d7-a144-4c31-9411-4634ccd4403a:172.17.0.2:40341] returns group-E41956245296:java.util.concurrent.CompletableFuture@14f4ea6a[Not completed]
2020-03-27 08:15:09,421 [grpc-default-executor-13] WARN  impl.RaftServerProxy (RaftServerProxy.java:lambda$groupAddAsync$11(390)) - 4f2bc8b4-1be3-4773-881c-e471bed51254: Failed groupAdd* GroupManagementRequest:client-A6C7173034F7->4f2bc8b4-1be3-4773-881c-e471bed51254@group-64DF7057DAE6, cid=180, seq=0, RW, null, Add:group-64DF7057DAE6:[c40590c3-a50d-4a7b-bb23-afdf12d31292:172.17.0.2:42743, 786ae2ec-8760-4167-ab23-b7e9b601edc4:172.17.0.2:34415, 4f2bc8b4-1be3-4773-881c-e471bed51254:172.17.0.2:40125]
java.util.concurrent.CompletionException: org.apache.ratis.protocol.AlreadyExistsException: 4f2bc8b4-1be3-4773-881c-e471bed51254: Failed to add group-64DF7057DAE6:[c40590c3-a50d-4a7b-bb23-afdf12d31292:172.17.0.2:42743, 786ae2ec-8760-4167-ab23-b7e9b601edc4:172.17.0.2:34415, 4f2bc8b4-1be3-4773-881c-e471bed51254:172.17.0.2:40125] since the group already exists in the map.
	at java.util.concurrent.CompletableFuture.encodeThrowable(CompletableFuture.java:292)
	at java.util.concurrent.CompletableFuture.completeThrowable(CompletableFuture.java:308)
	at java.util.concurrent.CompletableFuture.uniApply(CompletableFuture.java:607)
	at java.util.concurrent.CompletableFuture$UniApply.tryFire(CompletableFuture.java:591)
	at java.util.concurrent.CompletableFuture.uniApplyStage(CompletableFuture.java:631)
	at java.util.concurrent.CompletableFuture.thenApplyAsync(CompletableFuture.java:2006)
	at org.apache.ratis.server.impl.RaftServerProxy.groupAddAsync(RaftServerProxy.java:379)
	at org.apache.ratis.server.impl.RaftServerProxy.groupManagementAsync(RaftServerProxy.java:363)
	at org.apache.ratis.grpc.server.GrpcAdminProtocolService.lambda$groupManagement$0(GrpcAdminProtocolService.java:42)
	at org.apache.ratis.grpc.GrpcUtil.asyncCall(GrpcUtil.java:160)
	at org.apache.ratis.grpc.server.GrpcAdminProtocolService.groupManagement(GrpcAdminProtocolService.java:42)
	at org.apache.ratis.proto.grpc.AdminProtocolServiceGrpc$MethodHandlers.invoke(AdminProtocolServiceGrpc.java:358)
	at org.apache.ratis.thirdparty.io.grpc.stub.ServerCalls$UnaryServerCallHandler$UnaryServerCallListener.onHalfClose(ServerCalls.java:172)
	at org.apache.ratis.thirdparty.io.grpc.internal.ServerCallImpl$ServerStreamListenerImpl.halfClosed(ServerCallImpl.java:331)
	at org.apache.ratis.thirdparty.io.grpc.internal.ServerImpl$JumpToApplicationThreadServerStreamListener$1HalfClosed.runInContext(ServerImpl.java:814)
	at org.apache.ratis.thirdparty.io.grpc.internal.ContextRunnable.run(ContextRunnable.java:37)
	at org.apache.ratis.thirdparty.io.grpc.internal.SerializingExecutor.run(SerializingExecutor.java:123)
	at java.util.concurrent.ThreadPoolExecutor.runWorker(ThreadPoolExecutor.java:1149)
	at java.util.concurrent.ThreadPoolExecutor$Worker.run(ThreadPoolExecutor.java:624)
	at java.lang.Thread.run(Thread.java:748)
Caused by: org.apache.ratis.protocol.AlreadyExistsException: 4f2bc8b4-1be3-4773-881c-e471bed51254: Failed to add group-64DF7057DAE6:[c40590c3-a50d-4a7b-bb23-afdf12d31292:172.17.0.2:42743, 786ae2ec-8760-4167-ab23-b7e9b601edc4:172.17.0.2:34415, 4f2bc8b4-1be3-4773-881c-e471bed51254:172.17.0.2:40125] since the group already exists in the map.
	at org.apache.ratis.server.impl.RaftServerProxy$ImplMap.addNew(RaftServerProxy.java:83)
	at org.apache.ratis.server.impl.RaftServerProxy.groupAddAsync(RaftServerProxy.java:378)
	... 13 more
2020-03-27 08:15:09,422 [grpc-default-executor-9] WARN  impl.RaftServerProxy (RaftServerProxy.java:lambda$groupAddAsync$11(390)) - c40590c3-a50d-4a7b-bb23-afdf12d31292: Failed groupAdd* GroupManagementRequest:client-C72CC78B0640->c40590c3-a50d-4a7b-bb23-afdf12d31292@group-64DF7057DAE6, cid=181, seq=0, RW, null, Add:group-64DF7057DAE6:[c40590c3-a50d-4a7b-bb23-afdf12d31292:172.17.0.2:42743, 786ae2ec-8760-4167-ab23-b7e9b601edc4:172.17.0.2:34415, 4f2bc8b4-1be3-4773-881c-e471bed51254:172.17.0.2:40125]
java.util.concurrent.CompletionException: org.apache.ratis.protocol.AlreadyExistsException: c40590c3-a50d-4a7b-bb23-afdf12d31292: Failed to add group-64DF7057DAE6:[c40590c3-a50d-4a7b-bb23-afdf12d31292:172.17.0.2:42743, 786ae2ec-8760-4167-ab23-b7e9b601edc4:172.17.0.2:34415, 4f2bc8b4-1be3-4773-881c-e471bed51254:172.17.0.2:40125] since the group already exists in the map.
	at java.util.concurrent.CompletableFuture.encodeThrowable(CompletableFuture.java:292)
	at java.util.concurrent.CompletableFuture.completeThrowable(CompletableFuture.java:308)
	at java.util.concurrent.CompletableFuture.uniApply(CompletableFuture.java:607)
	at java.util.concurrent.CompletableFuture$UniApply.tryFire(CompletableFuture.java:591)
	at java.util.concurrent.CompletableFuture.uniApplyStage(CompletableFuture.java:631)
	at java.util.concurrent.CompletableFuture.thenApplyAsync(CompletableFuture.java:2006)
	at org.apache.ratis.server.impl.RaftServerProxy.groupAddAsync(RaftServerProxy.java:379)
	at org.apache.ratis.server.impl.RaftServerProxy.groupManagementAsync(RaftServerProxy.java:363)
	at org.apache.ratis.grpc.server.GrpcAdminProtocolService.lambda$groupManagement$0(GrpcAdminProtocolService.java:42)
	at org.apache.ratis.grpc.GrpcUtil.asyncCall(GrpcUtil.java:160)
	at org.apache.ratis.grpc.server.GrpcAdminProtocolService.groupManagement(GrpcAdminProtocolService.java:42)
	at org.apache.ratis.proto.grpc.AdminProtocolServiceGrpc$MethodHandlers.invoke(AdminProtocolServiceGrpc.java:358)
	at org.apache.ratis.thirdparty.io.grpc.stub.ServerCalls$UnaryServerCallHandler$UnaryServerCallListener.onHalfClose(ServerCalls.java:172)
	at org.apache.ratis.thirdparty.io.grpc.internal.ServerCallImpl$ServerStreamListenerImpl.halfClosed(ServerCallImpl.java:331)
	at org.apache.ratis.thirdparty.io.grpc.internal.ServerImpl$JumpToApplicationThreadServerStreamListener$1HalfClosed.runInContext(ServerImpl.java:814)
	at org.apache.ratis.thirdparty.io.grpc.internal.ContextRunnable.run(ContextRunnable.java:37)
	at org.apache.ratis.thirdparty.io.grpc.internal.SerializingExecutor.run(SerializingExecutor.java:123)
	at java.util.concurrent.ThreadPoolExecutor.runWorker(ThreadPoolExecutor.java:1149)
	at java.util.concurrent.ThreadPoolExecutor$Worker.run(ThreadPoolExecutor.java:624)
	at java.lang.Thread.run(Thread.java:748)
Caused by: org.apache.ratis.protocol.AlreadyExistsException: c40590c3-a50d-4a7b-bb23-afdf12d31292: Failed to add group-64DF7057DAE6:[c40590c3-a50d-4a7b-bb23-afdf12d31292:172.17.0.2:42743, 786ae2ec-8760-4167-ab23-b7e9b601edc4:172.17.0.2:34415, 4f2bc8b4-1be3-4773-881c-e471bed51254:172.17.0.2:40125] since the group already exists in the map.
	at org.apache.ratis.server.impl.RaftServerProxy$ImplMap.addNew(RaftServerProxy.java:83)
	at org.apache.ratis.server.impl.RaftServerProxy.groupAddAsync(RaftServerProxy.java:378)
	... 13 more
2020-03-27 08:15:09,431 [pool-608-thread-1] INFO  impl.RaftServerImpl (RaftServerImpl.java:<init>(97)) - d8a051d7-a144-4c31-9411-4634ccd4403a: new RaftServerImpl for group-E41956245296:[d8a051d7-a144-4c31-9411-4634ccd4403a:172.17.0.2:40341] with ContainerStateMachine:uninitialized
2020-03-27 08:15:09,431 [pool-608-thread-1] INFO  server.RaftServerConfigKeys (ConfUtils.java:logGet(43)) - raft.server.rpc.timeout.min = 5s (custom)
2020-03-27 08:15:09,431 [pool-608-thread-1] INFO  server.RaftServerConfigKeys (ConfUtils.java:logGet(43)) - raft.server.rpc.timeout.max = 5200ms (custom)
2020-03-27 08:15:09,431 [pool-608-thread-1] INFO  server.RaftServerConfigKeys (ConfUtils.java:logGet(43)) - raft.server.rpcslowness.timeout = 300s (custom)
2020-03-27 08:15:09,431 [pool-608-thread-1] INFO  server.RaftServerConfigKeys (ConfUtils.java:logGet(43)) - raft.server.sleep.deviation.threshold = 300 (default)
2020-03-27 08:15:09,431 [pool-608-thread-1] INFO  server.RaftServerConfigKeys (ConfUtils.java:logGet(43)) - raft.server.log.appender.install.snapshot.enabled = false (custom)
2020-03-27 08:15:09,431 [pool-608-thread-1] INFO  impl.RaftServerImpl (ServerState.java:<init>(103)) - d8a051d7-a144-4c31-9411-4634ccd4403a@group-E41956245296: ConfigurationManager, init=-1: [d8a051d7-a144-4c31-9411-4634ccd4403a:172.17.0.2:40341], old=null, confs=<EMPTY_MAP>
2020-03-27 08:15:09,431 [pool-608-thread-1] INFO  server.RaftServerConfigKeys (ConfUtils.java:logGet(43)) - raft.server.storage.dir = [/github/workspace/hadoop-ozone/integration-test/target/test-dir/MiniOzoneClusterImpl-178f0ac1-9287-41ca-b66e-5f4c0e2bc6ba/datanode-3/data/ratis] (custom)
2020-03-27 08:15:09,431 [pool-608-thread-1] INFO  server.RaftServerConfigKeys (ConfUtils.java:logGet(43)) - raft.server.log.corruption.policy = EXCEPTION (default)
2020-03-27 08:15:09,432 [pool-608-thread-1] INFO  storage.RaftStorageDirectory (RaftStorageDirectory.java:analyzeStorage(253)) - The storage directory /github/workspace/hadoop-ozone/integration-test/target/test-dir/MiniOzoneClusterImpl-178f0ac1-9287-41ca-b66e-5f4c0e2bc6ba/datanode-3/data/ratis/c8f0054e-1610-40fc-a9a5-e41956245296 does not exist. Creating ...
2020-03-27 08:15:09,434 [pool-608-thread-1] INFO  storage.RaftStorageDirectory (RaftStorageDirectory.java:tryLock(335)) - Lock on /github/workspace/hadoop-ozone/integration-test/target/test-dir/MiniOzoneClusterImpl-178f0ac1-9287-41ca-b66e-5f4c0e2bc6ba/datanode-3/data/ratis/c8f0054e-1610-40fc-a9a5-e41956245296/in_use.lock acquired by nodename 16179@767d39cb30d6
2020-03-27 08:15:09,436 [pool-608-thread-1] INFO  storage.RaftStorage (RaftStorage.java:format(84)) - Storage directory /github/workspace/hadoop-ozone/integration-test/target/test-dir/MiniOzoneClusterImpl-178f0ac1-9287-41ca-b66e-5f4c0e2bc6ba/datanode-3/data/ratis/c8f0054e-1610-40fc-a9a5-e41956245296 has been successfully formatted.
2020-03-27 08:15:09,439 [Command processor thread] INFO  commandhandler.CreatePipelineCommandHandler (CreatePipelineCommandHandler.java:handle(112)) - Created Pipeline RATIS THREE #id: "191e791d-f3bf-4488-ad6f-64df7057dae6"
.
2020-03-27 08:15:09,439 [pool-608-thread-1] INFO  ratis.ContainerStateMachine (ContainerStateMachine.java:loadSnapshot(233)) - group-E41956245296: The snapshot info is null. Setting the last applied indexto:(t:0, i:~)
2020-03-27 08:15:09,440 [Command processor thread] INFO  commandhandler.CreatePipelineCommandHandler (CreatePipelineCommandHandler.java:handle(112)) - Created Pipeline RATIS THREE #id: "191e791d-f3bf-4488-ad6f-64df7057dae6"
.
2020-03-27 08:15:09,440 [EventQueue-PipelineReportForPipelineReportHandler] INFO  pipeline.PipelineStateManager (PipelineStateManager.java:openPipeline(131)) - Pipeline Pipeline[ Id: c8f0054e-1610-40fc-a9a5-e41956245296, Nodes: d8a051d7-a144-4c31-9411-4634ccd4403a{ip: 172.17.0.2, host: 767d39cb30d6, networkLocation: /default-rack, certSerialId: null}, Type:RATIS, Factor:ONE, State:ALLOCATED, leaderId:d8a051d7-a144-4c31-9411-4634ccd4403a, CreationTimestamp2020-03-27T08:15:06.417Z] moved to OPEN state
2020-03-27 08:15:09,440 [EventQueue-OpenPipelineForHealthyPipelineSafeModeRule] INFO  safemode.SCMSafeModeManager (HealthyPipelineSafeModeRule.java:process(131)) - SCM in safe mode. Healthy pipelines reported count is 0, required healthy pipeline reported count is 1
2020-03-27 08:15:09,440 [EventQueue-OpenPipelineForOneReplicaPipelineSafeModeRule] INFO  safemode.SCMSafeModeManager (SCMSafeModeManager.java:validateSafeModeExitRules(175)) - AtleastOneDatanodeReportedRule rule is successfully validated
2020-03-27 08:15:09,440 [pool-608-thread-1] INFO  server.RaftServerConfigKeys (ConfUtils.java:logGet(43)) - raft.server.notification.no-leader.timeout = 60s (default)
2020-03-27 08:15:09,440 [pool-608-thread-1] INFO  server.RaftServerConfigKeys (ConfUtils.java:logGet(43)) - raft.server.log.use.memory = false (default)
2020-03-27 08:15:09,440 [pool-608-thread-1] INFO  server.RaftServerConfigKeys (ConfUtils.java:logGet(43)) - raft.server.log.purge.gap = 1000000 (custom)
2020-03-27 08:15:09,440 [pool-608-thread-1] INFO  server.RaftServerConfigKeys (ConfUtils.java:logGet(43)) - raft.server.log.appender.buffer.byte-limit = 33554432 (custom)
2020-03-27 08:15:09,441 [pool-608-thread-1] INFO  server.RaftServerConfigKeys (ConfUtils.java:logGet(43)) - raft.server.log.segment.size.max = 1048576 (custom)
2020-03-27 08:15:09,441 [pool-608-thread-1] INFO  metrics.RatisMetrics (RatisMetrics.java:lambda$create$0(39)) - Creating Metrics Registry : ratis.log_worker.d8a051d7-a144-4c31-9411-4634ccd4403a
2020-03-27 08:15:09,441 [pool-608-thread-1] INFO  server.RaftServerConfigKeys (ConfUtils.java:logGet(43)) - raft.server.log.segment.cache.num.max = 2 (custom)
2020-03-27 08:15:09,441 [pool-608-thread-1] INFO  segmented.SegmentedRaftLogWorker (SegmentedRaftLogWorker.java:<init>(176)) - new d8a051d7-a144-4c31-9411-4634ccd4403a@group-E41956245296-SegmentedRaftLogWorker for RaftStorage:Storage Directory /github/workspace/hadoop-ozone/integration-test/target/test-dir/MiniOzoneClusterImpl-178f0ac1-9287-41ca-b66e-5f4c0e2bc6ba/datanode-3/data/ratis/c8f0054e-1610-40fc-a9a5-e41956245296
2020-03-27 08:15:09,441 [pool-608-thread-1] INFO  server.RaftServerConfigKeys (ConfUtils.java:logGet(43)) - raft.server.log.queue.byte-limit = 2147483647 (custom)
2020-03-27 08:15:09,441 [pool-608-thread-1] INFO  server.RaftServerConfigKeys (ConfUtils.java:logGet(43)) - raft.server.log.queue.element-limit = 1024 (custom)
2020-03-27 08:15:09,441 [pool-608-thread-1] INFO  server.RaftServerConfigKeys (ConfUtils.java:logGet(43)) - raft.server.log.segment.size.max = 1048576 (custom)
2020-03-27 08:15:09,441 [pool-608-thread-1] INFO  server.RaftServerConfigKeys (ConfUtils.java:logGet(43)) - raft.server.log.preallocated.size = 16384 (custom)
2020-03-27 08:15:09,441 [pool-608-thread-1] INFO  server.RaftServerConfigKeys (ConfUtils.java:logGet(43)) - raft.server.log.write.buffer.size = 1048576 (custom)
2020-03-27 08:15:09,441 [pool-608-thread-1] INFO  server.RaftServerConfigKeys (ConfUtils.java:logGet(43)) - raft.server.log.force.sync.num = 128 (default)
2020-03-27 08:15:09,441 [pool-608-thread-1] INFO  server.RaftServerConfigKeys (ConfUtils.java:logGet(43)) - raft.server.log.statemachine.data.sync = true (default)
2020-03-27 08:15:09,441 [pool-608-thread-1] INFO  server.RaftServerConfigKeys (ConfUtils.java:logGet(43)) - raft.server.log.statemachine.data.sync.timeout = 10s (default)
2020-03-27 08:15:09,442 [pool-608-thread-1] INFO  server.RaftServerConfigKeys (ConfUtils.java:logGet(43)) - raft.server.log.statemachine.data.sync.timeout.retry = -1 (default)
2020-03-27 08:15:09,443 [pool-608-thread-1] INFO  server.RaftServerConfigKeys (ConfUtils.java:logGet(43)) - raft.server.log.statemachine.data.caching.enabled = true (custom)
2020-03-27 08:15:09,444 [pool-608-thread-1] INFO  segmented.SegmentedRaftLogWorker (SegmentedRaftLogWorker.java:lambda$new$0(129)) - d8a051d7-a144-4c31-9411-4634ccd4403a@group-E41956245296-SegmentedRaftLogWorker: flushIndex: setUnconditionally 0 -> -1
2020-03-27 08:15:09,444 [pool-608-thread-1] INFO  server.RaftServerConfigKeys (ConfUtils.java:logGet(43)) - raft.server.snapshot.auto.trigger.enabled = true (custom)
2020-03-27 08:15:09,444 [pool-608-thread-1] INFO  server.RaftServerConfigKeys (ConfUtils.java:logGet(43)) - raft.server.snapshot.auto.trigger.threshold = 10000 (custom)
2020-03-27 08:15:09,444 [pool-608-thread-1] INFO  server.RaftServerConfigKeys (ConfUtils.java:logGet(43)) - raft.server.snapshot.retention.file.num = 5 (custom)
2020-03-27 08:15:09,444 [pool-608-thread-1] INFO  server.RaftServerConfigKeys (ConfUtils.java:logGet(43)) - raft.server.retrycache.expirytime = 600000ms (custom)
2020-03-27 08:15:09,444 [pool-608-thread-1] INFO  metrics.RatisMetrics (RatisMetrics.java:lambda$create$0(39)) - Creating Metrics Registry : ratis.leader_election.d8a051d7-a144-4c31-9411-4634ccd4403a@group-E41956245296
2020-03-27 08:15:09,445 [pool-608-thread-1] INFO  metrics.RatisMetrics (RatisMetrics.java:lambda$create$0(39)) - Creating Metrics Registry : ratis.server.d8a051d7-a144-4c31-9411-4634ccd4403a@group-E41956245296
2020-03-27 08:15:09,445 [pool-608-thread-1] INFO  impl.RaftServerImpl (RaftServerImpl.java:start(183)) - d8a051d7-a144-4c31-9411-4634ccd4403a@group-E41956245296: start as a follower, conf=-1: [d8a051d7-a144-4c31-9411-4634ccd4403a:172.17.0.2:40341], old=null
2020-03-27 08:15:09,445 [pool-608-thread-1] INFO  impl.RaftServerImpl (RaftServerImpl.java:setRole(172)) - d8a051d7-a144-4c31-9411-4634ccd4403a@group-E41956245296: changes role from      null to FOLLOWER at term 0 for startAsFollower
2020-03-27 08:15:09,445 [pool-608-thread-1] INFO  impl.RoleInfo (RoleInfo.java:updateAndGet(143)) - d8a051d7-a144-4c31-9411-4634ccd4403a: start FollowerState
2020-03-27 08:15:09,445 [pool-608-thread-1] INFO  util.JmxRegister (JmxRegister.java:tryRegister(44)) - Successfully registered JMX Bean with object name Ratis:service=RaftServer,group=group-E41956245296,id=d8a051d7-a144-4c31-9411-4634ccd4403a
2020-03-27 08:15:09,446 [pool-608-thread-1] INFO  metrics.RatisMetrics (RatisMetrics.java:lambda$create$0(39)) - Creating Metrics Registry : ratis.state_machine.d8a051d7-a144-4c31-9411-4634ccd4403a@group-E41956245296
2020-03-27 08:15:09,446 [Command processor thread] INFO  commandhandler.CreatePipelineCommandHandler (CreatePipelineCommandHandler.java:handle(112)) - Created Pipeline RATIS ONE #id: "c8f0054e-1610-40fc-a9a5-e41956245296"
.
2020-03-27 08:15:09,447 [Command processor thread] INFO  impl.RaftServerProxy (RaftServerProxy.java:addNew(89)) - d8a051d7-a144-4c31-9411-4634ccd4403a: addNew group-F6189F8743C0:[fe5755ee-a695-4f61-b92b-3d721cb7d98e:172.17.0.2:43435, 77fc4d9c-d2cb-491d-92c6-7c69a2ec3ba6:172.17.0.2:44703, d8a051d7-a144-4c31-9411-4634ccd4403a:172.17.0.2:40341] returns group-F6189F8743C0:java.util.concurrent.CompletableFuture@10cb7c2c[Not completed]
2020-03-27 08:15:09,447 [pool-608-thread-1] INFO  impl.RaftServerImpl (RaftServerImpl.java:<init>(97)) - d8a051d7-a144-4c31-9411-4634ccd4403a: new RaftServerImpl for group-F6189F8743C0:[fe5755ee-a695-4f61-b92b-3d721cb7d98e:172.17.0.2:43435, 77fc4d9c-d2cb-491d-92c6-7c69a2ec3ba6:172.17.0.2:44703, d8a051d7-a144-4c31-9411-4634ccd4403a:172.17.0.2:40341] with ContainerStateMachine:uninitialized
2020-03-27 08:15:09,447 [pool-608-thread-1] INFO  server.RaftServerConfigKeys (ConfUtils.java:logGet(43)) - raft.server.rpc.timeout.min = 5s (custom)
2020-03-27 08:15:09,447 [pool-608-thread-1] INFO  server.RaftServerConfigKeys (ConfUtils.java:logGet(43)) - raft.server.rpc.timeout.max = 5200ms (custom)
2020-03-27 08:15:09,447 [pool-608-thread-1] INFO  server.RaftServerConfigKeys (ConfUtils.java:logGet(43)) - raft.server.rpcslowness.timeout = 300s (custom)
2020-03-27 08:15:09,448 [pool-608-thread-1] INFO  server.RaftServerConfigKeys (ConfUtils.java:logGet(43)) - raft.server.sleep.deviation.threshold = 300 (default)
2020-03-27 08:15:09,448 [pool-608-thread-1] INFO  server.RaftServerConfigKeys (ConfUtils.java:logGet(43)) - raft.server.log.appender.install.snapshot.enabled = false (custom)
2020-03-27 08:15:09,448 [pool-608-thread-1] INFO  impl.RaftServerImpl (ServerState.java:<init>(103)) - d8a051d7-a144-4c31-9411-4634ccd4403a@group-F6189F8743C0: ConfigurationManager, init=-1: [fe5755ee-a695-4f61-b92b-3d721cb7d98e:172.17.0.2:43435, 77fc4d9c-d2cb-491d-92c6-7c69a2ec3ba6:172.17.0.2:44703, d8a051d7-a144-4c31-9411-4634ccd4403a:172.17.0.2:40341], old=null, confs=<EMPTY_MAP>
2020-03-27 08:15:09,448 [pool-608-thread-1] INFO  server.RaftServerConfigKeys (ConfUtils.java:logGet(43)) - raft.server.storage.dir = [/github/workspace/hadoop-ozone/integration-test/target/test-dir/MiniOzoneClusterImpl-178f0ac1-9287-41ca-b66e-5f4c0e2bc6ba/datanode-3/data/ratis] (custom)
2020-03-27 08:15:09,448 [pool-608-thread-1] INFO  server.RaftServerConfigKeys (ConfUtils.java:logGet(43)) - raft.server.log.corruption.policy = EXCEPTION (default)
2020-03-27 08:15:09,448 [pool-608-thread-1] INFO  storage.RaftStorageDirectory (RaftStorageDirectory.java:analyzeStorage(253)) - The storage directory /github/workspace/hadoop-ozone/integration-test/target/test-dir/MiniOzoneClusterImpl-178f0ac1-9287-41ca-b66e-5f4c0e2bc6ba/datanode-3/data/ratis/34b7cd66-881b-4dc1-99ed-f6189f8743c0 does not exist. Creating ...
2020-03-27 08:15:09,449 [pool-608-thread-1] INFO  storage.RaftStorageDirectory (RaftStorageDirectory.java:tryLock(335)) - Lock on /github/workspace/hadoop-ozone/integration-test/target/test-dir/MiniOzoneClusterImpl-178f0ac1-9287-41ca-b66e-5f4c0e2bc6ba/datanode-3/data/ratis/34b7cd66-881b-4dc1-99ed-f6189f8743c0/in_use.lock acquired by nodename 16179@767d39cb30d6
2020-03-27 08:15:09,450 [pool-608-thread-1] INFO  storage.RaftStorage (RaftStorage.java:format(84)) - Storage directory /github/workspace/hadoop-ozone/integration-test/target/test-dir/MiniOzoneClusterImpl-178f0ac1-9287-41ca-b66e-5f4c0e2bc6ba/datanode-3/data/ratis/34b7cd66-881b-4dc1-99ed-f6189f8743c0 has been successfully formatted.
2020-03-27 08:15:09,451 [pool-608-thread-1] INFO  ratis.ContainerStateMachine (ContainerStateMachine.java:loadSnapshot(233)) - group-F6189F8743C0: The snapshot info is null. Setting the last applied indexto:(t:0, i:~)
2020-03-27 08:15:09,451 [pool-608-thread-1] INFO  server.RaftServerConfigKeys (ConfUtils.java:logGet(43)) - raft.server.notification.no-leader.timeout = 60s (default)
2020-03-27 08:15:09,451 [pool-608-thread-1] INFO  server.RaftServerConfigKeys (ConfUtils.java:logGet(43)) - raft.server.log.use.memory = false (default)
2020-03-27 08:15:09,451 [pool-608-thread-1] INFO  server.RaftServerConfigKeys (ConfUtils.java:logGet(43)) - raft.server.log.purge.gap = 1000000 (custom)
2020-03-27 08:15:09,451 [pool-608-thread-1] INFO  server.RaftServerConfigKeys (ConfUtils.java:logGet(43)) - raft.server.log.appender.buffer.byte-limit = 33554432 (custom)
2020-03-27 08:15:09,451 [pool-608-thread-1] INFO  server.RaftServerConfigKeys (ConfUtils.java:logGet(43)) - raft.server.log.segment.size.max = 1048576 (custom)
2020-03-27 08:15:09,451 [pool-608-thread-1] INFO  server.RaftServerConfigKeys (ConfUtils.java:logGet(43)) - raft.server.log.segment.cache.num.max = 2 (custom)
2020-03-27 08:15:09,451 [pool-608-thread-1] INFO  segmented.SegmentedRaftLogWorker (SegmentedRaftLogWorker.java:<init>(176)) - new d8a051d7-a144-4c31-9411-4634ccd4403a@group-F6189F8743C0-SegmentedRaftLogWorker for RaftStorage:Storage Directory /github/workspace/hadoop-ozone/integration-test/target/test-dir/MiniOzoneClusterImpl-178f0ac1-9287-41ca-b66e-5f4c0e2bc6ba/datanode-3/data/ratis/34b7cd66-881b-4dc1-99ed-f6189f8743c0
2020-03-27 08:15:09,451 [pool-608-thread-1] INFO  server.RaftServerConfigKeys (ConfUtils.java:logGet(43)) - raft.server.log.queue.byte-limit = 2147483647 (custom)
2020-03-27 08:15:09,451 [pool-608-thread-1] INFO  server.RaftServerConfigKeys (ConfUtils.java:logGet(43)) - raft.server.log.queue.element-limit = 1024 (custom)
2020-03-27 08:15:09,451 [pool-608-thread-1] INFO  server.RaftServerConfigKeys (ConfUtils.java:logGet(43)) - raft.server.log.segment.size.max = 1048576 (custom)
2020-03-27 08:15:09,451 [pool-608-thread-1] INFO  server.RaftServerConfigKeys (ConfUtils.java:logGet(43)) - raft.server.log.preallocated.size = 16384 (custom)
2020-03-27 08:15:09,451 [pool-608-thread-1] INFO  server.RaftServerConfigKeys (ConfUtils.java:logGet(43)) - raft.server.log.write.buffer.size = 1048576 (custom)
2020-03-27 08:15:09,451 [pool-608-thread-1] INFO  server.RaftServerConfigKeys (ConfUtils.java:logGet(43)) - raft.server.log.force.sync.num = 128 (default)
2020-03-27 08:15:09,451 [pool-608-thread-1] INFO  server.RaftServerConfigKeys (ConfUtils.java:logGet(43)) - raft.server.log.statemachine.data.sync = true (default)
2020-03-27 08:15:09,451 [pool-608-thread-1] INFO  server.RaftServerConfigKeys (ConfUtils.java:logGet(43)) - raft.server.log.statemachine.data.sync.timeout = 10s (default)
2020-03-27 08:15:09,452 [pool-608-thread-1] INFO  server.RaftServerConfigKeys (ConfUtils.java:logGet(43)) - raft.server.log.statemachine.data.sync.timeout.retry = -1 (default)
2020-03-27 08:15:09,452 [pool-608-thread-1] INFO  server.RaftServerConfigKeys (ConfUtils.java:logGet(43)) - raft.server.log.statemachine.data.caching.enabled = true (custom)
2020-03-27 08:15:09,452 [pool-608-thread-1] INFO  segmented.SegmentedRaftLogWorker (SegmentedRaftLogWorker.java:lambda$new$0(129)) - d8a051d7-a144-4c31-9411-4634ccd4403a@group-F6189F8743C0-SegmentedRaftLogWorker: flushIndex: setUnconditionally 0 -> -1
2020-03-27 08:15:09,457 [pool-608-thread-1] INFO  server.RaftServerConfigKeys (ConfUtils.java:logGet(43)) - raft.server.snapshot.auto.trigger.enabled = true (custom)
2020-03-27 08:15:09,457 [pool-608-thread-1] INFO  server.RaftServerConfigKeys (ConfUtils.java:logGet(43)) - raft.server.snapshot.auto.trigger.threshold = 10000 (custom)
2020-03-27 08:15:09,457 [pool-608-thread-1] INFO  server.RaftServerConfigKeys (ConfUtils.java:logGet(43)) - raft.server.snapshot.retention.file.num = 5 (custom)
2020-03-27 08:15:09,457 [pool-608-thread-1] INFO  server.RaftServerConfigKeys (ConfUtils.java:logGet(43)) - raft.server.retrycache.expirytime = 600000ms (custom)
2020-03-27 08:15:09,457 [pool-608-thread-1] INFO  metrics.RatisMetrics (RatisMetrics.java:lambda$create$0(39)) - Creating Metrics Registry : ratis.leader_election.d8a051d7-a144-4c31-9411-4634ccd4403a@group-F6189F8743C0
2020-03-27 08:15:09,458 [pool-608-thread-1] INFO  metrics.RatisMetrics (RatisMetrics.java:lambda$create$0(39)) - Creating Metrics Registry : ratis.server.d8a051d7-a144-4c31-9411-4634ccd4403a@group-F6189F8743C0
2020-03-27 08:15:09,458 [pool-608-thread-1] INFO  impl.RaftServerImpl (RaftServerImpl.java:start(183)) - d8a051d7-a144-4c31-9411-4634ccd4403a@group-F6189F8743C0: start as a follower, conf=-1: [fe5755ee-a695-4f61-b92b-3d721cb7d98e:172.17.0.2:43435, 77fc4d9c-d2cb-491d-92c6-7c69a2ec3ba6:172.17.0.2:44703, d8a051d7-a144-4c31-9411-4634ccd4403a:172.17.0.2:40341], old=null
2020-03-27 08:15:09,458 [pool-608-thread-1] INFO  impl.RaftServerImpl (RaftServerImpl.java:setRole(172)) - d8a051d7-a144-4c31-9411-4634ccd4403a@group-F6189F8743C0: changes role from      null to FOLLOWER at term 0 for startAsFollower
2020-03-27 08:15:09,458 [pool-608-thread-1] INFO  impl.RoleInfo (RoleInfo.java:updateAndGet(143)) - d8a051d7-a144-4c31-9411-4634ccd4403a: start FollowerState
2020-03-27 08:15:09,458 [pool-608-thread-1] INFO  util.JmxRegister (JmxRegister.java:tryRegister(44)) - Successfully registered JMX Bean with object name Ratis:service=RaftServer,group=group-F6189F8743C0,id=d8a051d7-a144-4c31-9411-4634ccd4403a
2020-03-27 08:15:09,459 [pool-608-thread-1] INFO  metrics.RatisMetrics (RatisMetrics.java:lambda$create$0(39)) - Creating Metrics Registry : ratis.state_machine.d8a051d7-a144-4c31-9411-4634ccd4403a@group-F6189F8743C0
2020-03-27 08:15:09,463 [Command processor thread] INFO  impl.RaftServerProxy (RaftServerProxy.java:addNew(89)) - fe5755ee-a695-4f61-b92b-3d721cb7d98e: addNew group-0E24B733B13C:[fe5755ee-a695-4f61-b92b-3d721cb7d98e:172.17.0.2:43435] returns group-0E24B733B13C:java.util.concurrent.CompletableFuture@2f0c8f4b[Not completed]
2020-03-27 08:15:09,465 [grpc-default-executor-9] INFO  impl.RaftServerProxy (RaftServerProxy.java:addNew(89)) - fe5755ee-a695-4f61-b92b-3d721cb7d98e: addNew group-F6189F8743C0:[fe5755ee-a695-4f61-b92b-3d721cb7d98e:172.17.0.2:43435, 77fc4d9c-d2cb-491d-92c6-7c69a2ec3ba6:172.17.0.2:44703, d8a051d7-a144-4c31-9411-4634ccd4403a:172.17.0.2:40341] returns group-F6189F8743C0:java.util.concurrent.CompletableFuture@192e0788[Not completed]
2020-03-27 08:15:09,465 [pool-623-thread-1] INFO  impl.RaftServerImpl (RaftServerImpl.java:<init>(97)) - fe5755ee-a695-4f61-b92b-3d721cb7d98e: new RaftServerImpl for group-0E24B733B13C:[fe5755ee-a695-4f61-b92b-3d721cb7d98e:172.17.0.2:43435] with ContainerStateMachine:uninitialized
2020-03-27 08:15:09,465 [pool-623-thread-1] INFO  server.RaftServerConfigKeys (ConfUtils.java:logGet(43)) - raft.server.rpc.timeout.min = 5s (custom)
2020-03-27 08:15:09,465 [pool-623-thread-1] INFO  server.RaftServerConfigKeys (ConfUtils.java:logGet(43)) - raft.server.rpc.timeout.max = 5200ms (custom)
2020-03-27 08:15:09,465 [pool-623-thread-1] INFO  server.RaftServerConfigKeys (ConfUtils.java:logGet(43)) - raft.server.rpcslowness.timeout = 300s (custom)
2020-03-27 08:15:09,466 [pool-623-thread-1] INFO  server.RaftServerConfigKeys (ConfUtils.java:logGet(43)) - raft.server.sleep.deviation.threshold = 300 (default)
2020-03-27 08:15:09,466 [pool-623-thread-1] INFO  server.RaftServerConfigKeys (ConfUtils.java:logGet(43)) - raft.server.log.appender.install.snapshot.enabled = false (custom)
2020-03-27 08:15:09,466 [pool-623-thread-1] INFO  impl.RaftServerImpl (ServerState.java:<init>(103)) - fe5755ee-a695-4f61-b92b-3d721cb7d98e@group-0E24B733B13C: ConfigurationManager, init=-1: [fe5755ee-a695-4f61-b92b-3d721cb7d98e:172.17.0.2:43435], old=null, confs=<EMPTY_MAP>
2020-03-27 08:15:09,466 [pool-623-thread-1] INFO  server.RaftServerConfigKeys (ConfUtils.java:logGet(43)) - raft.server.storage.dir = [/github/workspace/hadoop-ozone/integration-test/target/test-dir/MiniOzoneClusterImpl-178f0ac1-9287-41ca-b66e-5f4c0e2bc6ba/datanode-4/data/ratis] (custom)
2020-03-27 08:15:09,466 [pool-623-thread-1] INFO  server.RaftServerConfigKeys (ConfUtils.java:logGet(43)) - raft.server.log.corruption.policy = EXCEPTION (default)
2020-03-27 08:15:09,466 [pool-623-thread-1] INFO  storage.RaftStorageDirectory (RaftStorageDirectory.java:analyzeStorage(253)) - The storage directory /github/workspace/hadoop-ozone/integration-test/target/test-dir/MiniOzoneClusterImpl-178f0ac1-9287-41ca-b66e-5f4c0e2bc6ba/datanode-4/data/ratis/c477f17b-efbb-4f76-ba64-0e24b733b13c does not exist. Creating ...
2020-03-27 08:15:09,467 [pool-623-thread-1] INFO  storage.RaftStorageDirectory (RaftStorageDirectory.java:tryLock(335)) - Lock on /github/workspace/hadoop-ozone/integration-test/target/test-dir/MiniOzoneClusterImpl-178f0ac1-9287-41ca-b66e-5f4c0e2bc6ba/datanode-4/data/ratis/c477f17b-efbb-4f76-ba64-0e24b733b13c/in_use.lock acquired by nodename 16179@767d39cb30d6
2020-03-27 08:15:09,469 [pool-623-thread-1] INFO  storage.RaftStorage (RaftStorage.java:format(84)) - Storage directory /github/workspace/hadoop-ozone/integration-test/target/test-dir/MiniOzoneClusterImpl-178f0ac1-9287-41ca-b66e-5f4c0e2bc6ba/datanode-4/data/ratis/c477f17b-efbb-4f76-ba64-0e24b733b13c has been successfully formatted.
2020-03-27 08:15:09,469 [pool-623-thread-1] INFO  ratis.ContainerStateMachine (ContainerStateMachine.java:loadSnapshot(233)) - group-0E24B733B13C: The snapshot info is null. Setting the last applied indexto:(t:0, i:~)
2020-03-27 08:15:09,470 [pool-623-thread-1] INFO  server.RaftServerConfigKeys (ConfUtils.java:logGet(43)) - raft.server.notification.no-leader.timeout = 60s (default)
2020-03-27 08:15:09,470 [pool-623-thread-1] INFO  server.RaftServerConfigKeys (ConfUtils.java:logGet(43)) - raft.server.log.use.memory = false (default)
2020-03-27 08:15:09,470 [pool-623-thread-1] INFO  server.RaftServerConfigKeys (ConfUtils.java:logGet(43)) - raft.server.log.purge.gap = 1000000 (custom)
2020-03-27 08:15:09,470 [EventQueue-PipelineReportForPipelineReportHandler] INFO  pipeline.PipelineStateManager (PipelineStateManager.java:openPipeline(131)) - Pipeline Pipeline[ Id: c477f17b-efbb-4f76-ba64-0e24b733b13c, Nodes: fe5755ee-a695-4f61-b92b-3d721cb7d98e{ip: 172.17.0.2, host: 767d39cb30d6, networkLocation: /default-rack, certSerialId: null}, Type:RATIS, Factor:ONE, State:ALLOCATED, leaderId:fe5755ee-a695-4f61-b92b-3d721cb7d98e, CreationTimestamp2020-03-27T08:15:06.462Z] moved to OPEN state
2020-03-27 08:15:09,470 [EventQueue-OpenPipelineForHealthyPipelineSafeModeRule] INFO  safemode.SCMSafeModeManager (HealthyPipelineSafeModeRule.java:process(131)) - SCM in safe mode. Healthy pipelines reported count is 0, required healthy pipeline reported count is 1
2020-03-27 08:15:09,470 [EventQueue-OpenPipelineForOneReplicaPipelineSafeModeRule] INFO  safemode.SCMSafeModeManager (SCMSafeModeManager.java:validateSafeModeExitRules(175)) - AtleastOneDatanodeReportedRule rule is successfully validated
2020-03-27 08:15:09,471 [pool-623-thread-1] INFO  server.RaftServerConfigKeys (ConfUtils.java:logGet(43)) - raft.server.log.appender.buffer.byte-limit = 33554432 (custom)
2020-03-27 08:15:09,471 [pool-623-thread-1] INFO  server.RaftServerConfigKeys (ConfUtils.java:logGet(43)) - raft.server.log.segment.size.max = 1048576 (custom)
2020-03-27 08:15:09,471 [pool-623-thread-1] INFO  metrics.RatisMetrics (RatisMetrics.java:lambda$create$0(39)) - Creating Metrics Registry : ratis.log_worker.fe5755ee-a695-4f61-b92b-3d721cb7d98e
2020-03-27 08:15:09,471 [pool-623-thread-1] INFO  server.RaftServerConfigKeys (ConfUtils.java:logGet(43)) - raft.server.log.segment.cache.num.max = 2 (custom)
2020-03-27 08:15:09,471 [pool-623-thread-1] INFO  segmented.SegmentedRaftLogWorker (SegmentedRaftLogWorker.java:<init>(176)) - new fe5755ee-a695-4f61-b92b-3d721cb7d98e@group-0E24B733B13C-SegmentedRaftLogWorker for RaftStorage:Storage Directory /github/workspace/hadoop-ozone/integration-test/target/test-dir/MiniOzoneClusterImpl-178f0ac1-9287-41ca-b66e-5f4c0e2bc6ba/datanode-4/data/ratis/c477f17b-efbb-4f76-ba64-0e24b733b13c
2020-03-27 08:15:09,471 [pool-623-thread-1] INFO  server.RaftServerConfigKeys (ConfUtils.java:logGet(43)) - raft.server.log.queue.byte-limit = 2147483647 (custom)
2020-03-27 08:15:09,471 [pool-623-thread-1] INFO  server.RaftServerConfigKeys (ConfUtils.java:logGet(43)) - raft.server.log.queue.element-limit = 1024 (custom)
2020-03-27 08:15:09,471 [pool-623-thread-1] INFO  server.RaftServerConfigKeys (ConfUtils.java:logGet(43)) - raft.server.log.segment.size.max = 1048576 (custom)
2020-03-27 08:15:09,471 [pool-623-thread-1] INFO  server.RaftServerConfigKeys (ConfUtils.java:logGet(43)) - raft.server.log.preallocated.size = 16384 (custom)
2020-03-27 08:15:09,471 [pool-623-thread-1] INFO  server.RaftServerConfigKeys (ConfUtils.java:logGet(43)) - raft.server.log.write.buffer.size = 1048576 (custom)
2020-03-27 08:15:09,471 [pool-623-thread-1] INFO  server.RaftServerConfigKeys (ConfUtils.java:logGet(43)) - raft.server.log.force.sync.num = 128 (default)
2020-03-27 08:15:09,471 [pool-623-thread-1] INFO  server.RaftServerConfigKeys (ConfUtils.java:logGet(43)) - raft.server.log.statemachine.data.sync = true (default)
2020-03-27 08:15:09,471 [pool-623-thread-1] INFO  server.RaftServerConfigKeys (ConfUtils.java:logGet(43)) - raft.server.log.statemachine.data.sync.timeout = 10s (default)
2020-03-27 08:15:09,472 [pool-623-thread-1] INFO  server.RaftServerConfigKeys (ConfUtils.java:logGet(43)) - raft.server.log.statemachine.data.sync.timeout.retry = -1 (default)
2020-03-27 08:15:09,473 [pool-623-thread-1] INFO  server.RaftServerConfigKeys (ConfUtils.java:logGet(43)) - raft.server.log.statemachine.data.caching.enabled = true (custom)
2020-03-27 08:15:09,474 [pool-623-thread-1] INFO  segmented.SegmentedRaftLogWorker (SegmentedRaftLogWorker.java:lambda$new$0(129)) - fe5755ee-a695-4f61-b92b-3d721cb7d98e@group-0E24B733B13C-SegmentedRaftLogWorker: flushIndex: setUnconditionally 0 -> -1
2020-03-27 08:15:09,474 [pool-623-thread-1] INFO  server.RaftServerConfigKeys (ConfUtils.java:logGet(43)) - raft.server.snapshot.auto.trigger.enabled = true (custom)
2020-03-27 08:15:09,474 [pool-623-thread-1] INFO  server.RaftServerConfigKeys (ConfUtils.java:logGet(43)) - raft.server.snapshot.auto.trigger.threshold = 10000 (custom)
2020-03-27 08:15:09,474 [pool-623-thread-1] INFO  server.RaftServerConfigKeys (ConfUtils.java:logGet(43)) - raft.server.snapshot.retention.file.num = 5 (custom)
2020-03-27 08:15:09,474 [pool-623-thread-1] INFO  server.RaftServerConfigKeys (ConfUtils.java:logGet(43)) - raft.server.retrycache.expirytime = 600000ms (custom)
2020-03-27 08:15:09,474 [pool-623-thread-1] INFO  metrics.RatisMetrics (RatisMetrics.java:lambda$create$0(39)) - Creating Metrics Registry : ratis.leader_election.fe5755ee-a695-4f61-b92b-3d721cb7d98e@group-0E24B733B13C
2020-03-27 08:15:09,475 [pool-623-thread-1] INFO  metrics.RatisMetrics (RatisMetrics.java:lambda$create$0(39)) - Creating Metrics Registry : ratis.server.fe5755ee-a695-4f61-b92b-3d721cb7d98e@group-0E24B733B13C
2020-03-27 08:15:09,476 [pool-623-thread-1] INFO  impl.RaftServerImpl (RaftServerImpl.java:<init>(97)) - fe5755ee-a695-4f61-b92b-3d721cb7d98e: new RaftServerImpl for group-F6189F8743C0:[fe5755ee-a695-4f61-b92b-3d721cb7d98e:172.17.0.2:43435, 77fc4d9c-d2cb-491d-92c6-7c69a2ec3ba6:172.17.0.2:44703, d8a051d7-a144-4c31-9411-4634ccd4403a:172.17.0.2:40341] with ContainerStateMachine:uninitialized
2020-03-27 08:15:09,476 [pool-623-thread-1] INFO  server.RaftServerConfigKeys (ConfUtils.java:logGet(43)) - raft.server.rpc.timeout.min = 5s (custom)
2020-03-27 08:15:09,476 [pool-623-thread-1] INFO  server.RaftServerConfigKeys (ConfUtils.java:logGet(43)) - raft.server.rpc.timeout.max = 5200ms (custom)
2020-03-27 08:15:09,476 [pool-623-thread-1] INFO  server.RaftServerConfigKeys (ConfUtils.java:logGet(43)) - raft.server.rpcslowness.timeout = 300s (custom)
2020-03-27 08:15:09,476 [pool-623-thread-1] INFO  server.RaftServerConfigKeys (ConfUtils.java:logGet(43)) - raft.server.sleep.deviation.threshold = 300 (default)
2020-03-27 08:15:09,476 [pool-623-thread-1] INFO  server.RaftServerConfigKeys (ConfUtils.java:logGet(43)) - raft.server.log.appender.install.snapshot.enabled = false (custom)
2020-03-27 08:15:09,476 [pool-623-thread-1] INFO  impl.RaftServerImpl (ServerState.java:<init>(103)) - fe5755ee-a695-4f61-b92b-3d721cb7d98e@group-F6189F8743C0: ConfigurationManager, init=-1: [fe5755ee-a695-4f61-b92b-3d721cb7d98e:172.17.0.2:43435, 77fc4d9c-d2cb-491d-92c6-7c69a2ec3ba6:172.17.0.2:44703, d8a051d7-a144-4c31-9411-4634ccd4403a:172.17.0.2:40341], old=null, confs=<EMPTY_MAP>
2020-03-27 08:15:09,476 [pool-623-thread-1] INFO  server.RaftServerConfigKeys (ConfUtils.java:logGet(43)) - raft.server.storage.dir = [/github/workspace/hadoop-ozone/integration-test/target/test-dir/MiniOzoneClusterImpl-178f0ac1-9287-41ca-b66e-5f4c0e2bc6ba/datanode-4/data/ratis] (custom)
2020-03-27 08:15:09,476 [pool-623-thread-1] INFO  server.RaftServerConfigKeys (ConfUtils.java:logGet(43)) - raft.server.log.corruption.policy = EXCEPTION (default)
2020-03-27 08:15:09,477 [pool-623-thread-1] INFO  storage.RaftStorageDirectory (RaftStorageDirectory.java:analyzeStorage(253)) - The storage directory /github/workspace/hadoop-ozone/integration-test/target/test-dir/MiniOzoneClusterImpl-178f0ac1-9287-41ca-b66e-5f4c0e2bc6ba/datanode-4/data/ratis/34b7cd66-881b-4dc1-99ed-f6189f8743c0 does not exist. Creating ...
2020-03-27 08:15:09,478 [pool-623-thread-1] INFO  storage.RaftStorageDirectory (RaftStorageDirectory.java:tryLock(335)) - Lock on /github/workspace/hadoop-ozone/integration-test/target/test-dir/MiniOzoneClusterImpl-178f0ac1-9287-41ca-b66e-5f4c0e2bc6ba/datanode-4/data/ratis/34b7cd66-881b-4dc1-99ed-f6189f8743c0/in_use.lock acquired by nodename 16179@767d39cb30d6
2020-03-27 08:15:09,479 [pool-623-thread-1] INFO  storage.RaftStorage (RaftStorage.java:format(84)) - Storage directory /github/workspace/hadoop-ozone/integration-test/target/test-dir/MiniOzoneClusterImpl-178f0ac1-9287-41ca-b66e-5f4c0e2bc6ba/datanode-4/data/ratis/34b7cd66-881b-4dc1-99ed-f6189f8743c0 has been successfully formatted.
2020-03-27 08:15:09,479 [pool-623-thread-1] INFO  ratis.ContainerStateMachine (ContainerStateMachine.java:loadSnapshot(233)) - group-F6189F8743C0: The snapshot info is null. Setting the last applied indexto:(t:0, i:~)
2020-03-27 08:15:09,479 [pool-623-thread-1] INFO  server.RaftServerConfigKeys (ConfUtils.java:logGet(43)) - raft.server.notification.no-leader.timeout = 60s (default)
2020-03-27 08:15:09,479 [pool-623-thread-1] INFO  server.RaftServerConfigKeys (ConfUtils.java:logGet(43)) - raft.server.log.use.memory = false (default)
2020-03-27 08:15:09,479 [pool-623-thread-1] INFO  server.RaftServerConfigKeys (ConfUtils.java:logGet(43)) - raft.server.log.purge.gap = 1000000 (custom)
2020-03-27 08:15:09,480 [pool-623-thread-1] INFO  server.RaftServerConfigKeys (ConfUtils.java:logGet(43)) - raft.server.log.appender.buffer.byte-limit = 33554432 (custom)
2020-03-27 08:15:09,480 [pool-623-thread-1] INFO  server.RaftServerConfigKeys (ConfUtils.java:logGet(43)) - raft.server.log.segment.size.max = 1048576 (custom)
2020-03-27 08:15:09,480 [pool-623-thread-1] INFO  server.RaftServerConfigKeys (ConfUtils.java:logGet(43)) - raft.server.log.segment.cache.num.max = 2 (custom)
2020-03-27 08:15:09,480 [pool-623-thread-1] INFO  segmented.SegmentedRaftLogWorker (SegmentedRaftLogWorker.java:<init>(176)) - new fe5755ee-a695-4f61-b92b-3d721cb7d98e@group-F6189F8743C0-SegmentedRaftLogWorker for RaftStorage:Storage Directory /github/workspace/hadoop-ozone/integration-test/target/test-dir/MiniOzoneClusterImpl-178f0ac1-9287-41ca-b66e-5f4c0e2bc6ba/datanode-4/data/ratis/34b7cd66-881b-4dc1-99ed-f6189f8743c0
2020-03-27 08:15:09,480 [pool-623-thread-1] INFO  server.RaftServerConfigKeys (ConfUtils.java:logGet(43)) - raft.server.log.queue.byte-limit = 2147483647 (custom)
2020-03-27 08:15:09,480 [pool-623-thread-1] INFO  server.RaftServerConfigKeys (ConfUtils.java:logGet(43)) - raft.server.log.queue.element-limit = 1024 (custom)
2020-03-27 08:15:09,480 [pool-623-thread-1] INFO  server.RaftServerConfigKeys (ConfUtils.java:logGet(43)) - raft.server.log.segment.size.max = 1048576 (custom)
2020-03-27 08:15:09,480 [pool-623-thread-1] INFO  server.RaftServerConfigKeys (ConfUtils.java:logGet(43)) - raft.server.log.preallocated.size = 16384 (custom)
2020-03-27 08:15:09,480 [pool-623-thread-1] INFO  server.RaftServerConfigKeys (ConfUtils.java:logGet(43)) - raft.server.log.write.buffer.size = 1048576 (custom)
2020-03-27 08:15:09,480 [pool-623-thread-1] INFO  server.RaftServerConfigKeys (ConfUtils.java:logGet(43)) - raft.server.log.force.sync.num = 128 (default)
2020-03-27 08:15:09,481 [pool-623-thread-1] INFO  server.RaftServerConfigKeys (ConfUtils.java:logGet(43)) - raft.server.log.statemachine.data.sync = true (default)
2020-03-27 08:15:09,481 [pool-623-thread-1] INFO  server.RaftServerConfigKeys (ConfUtils.java:logGet(43)) - raft.server.log.statemachine.data.sync.timeout = 10s (default)
2020-03-27 08:15:09,481 [pool-623-thread-1] INFO  server.RaftServerConfigKeys (ConfUtils.java:logGet(43)) - raft.server.log.statemachine.data.sync.timeout.retry = -1 (default)
2020-03-27 08:15:09,481 [pool-623-thread-1] INFO  server.RaftServerConfigKeys (ConfUtils.java:logGet(43)) - raft.server.log.statemachine.data.caching.enabled = true (custom)
2020-03-27 08:15:09,482 [pool-623-thread-1] INFO  segmented.SegmentedRaftLogWorker (SegmentedRaftLogWorker.java:lambda$new$0(129)) - fe5755ee-a695-4f61-b92b-3d721cb7d98e@group-F6189F8743C0-SegmentedRaftLogWorker: flushIndex: setUnconditionally 0 -> -1
2020-03-27 08:15:09,486 [pool-623-thread-1] INFO  server.RaftServerConfigKeys (ConfUtils.java:logGet(43)) - raft.server.snapshot.auto.trigger.enabled = true (custom)
2020-03-27 08:15:09,486 [pool-623-thread-1] INFO  server.RaftServerConfigKeys (ConfUtils.java:logGet(43)) - raft.server.snapshot.auto.trigger.threshold = 10000 (custom)
2020-03-27 08:15:09,486 [pool-623-thread-1] INFO  server.RaftServerConfigKeys (ConfUtils.java:logGet(43)) - raft.server.snapshot.retention.file.num = 5 (custom)
2020-03-27 08:15:09,487 [pool-623-thread-1] INFO  server.RaftServerConfigKeys (ConfUtils.java:logGet(43)) - raft.server.retrycache.expirytime = 600000ms (custom)
2020-03-27 08:15:09,487 [pool-623-thread-1] INFO  metrics.RatisMetrics (RatisMetrics.java:lambda$create$0(39)) - Creating Metrics Registry : ratis.leader_election.fe5755ee-a695-4f61-b92b-3d721cb7d98e@group-F6189F8743C0
2020-03-27 08:15:09,487 [pool-623-thread-1] INFO  metrics.RatisMetrics (RatisMetrics.java:lambda$create$0(39)) - Creating Metrics Registry : ratis.server.fe5755ee-a695-4f61-b92b-3d721cb7d98e@group-F6189F8743C0
2020-03-27 08:15:09,488 [pool-623-thread-1] INFO  impl.RaftServerImpl (RaftServerImpl.java:start(183)) - fe5755ee-a695-4f61-b92b-3d721cb7d98e@group-0E24B733B13C: start as a follower, conf=-1: [fe5755ee-a695-4f61-b92b-3d721cb7d98e:172.17.0.2:43435], old=null
2020-03-27 08:15:09,488 [pool-623-thread-1] INFO  impl.RaftServerImpl (RaftServerImpl.java:setRole(172)) - fe5755ee-a695-4f61-b92b-3d721cb7d98e@group-0E24B733B13C: changes role from      null to FOLLOWER at term 0 for startAsFollower
2020-03-27 08:15:09,488 [pool-623-thread-1] INFO  impl.RoleInfo (RoleInfo.java:updateAndGet(143)) - fe5755ee-a695-4f61-b92b-3d721cb7d98e: start FollowerState
2020-03-27 08:15:09,488 [pool-623-thread-1] INFO  util.JmxRegister (JmxRegister.java:tryRegister(44)) - Successfully registered JMX Bean with object name Ratis:service=RaftServer,group=group-0E24B733B13C,id=fe5755ee-a695-4f61-b92b-3d721cb7d98e
2020-03-27 08:15:09,488 [pool-623-thread-1] INFO  metrics.RatisMetrics (RatisMetrics.java:lambda$create$0(39)) - Creating Metrics Registry : ratis.state_machine.fe5755ee-a695-4f61-b92b-3d721cb7d98e@group-0E24B733B13C
2020-03-27 08:15:09,489 [pool-623-thread-1] INFO  impl.RaftServerImpl (RaftServerImpl.java:start(183)) - fe5755ee-a695-4f61-b92b-3d721cb7d98e@group-F6189F8743C0: start as a follower, conf=-1: [fe5755ee-a695-4f61-b92b-3d721cb7d98e:172.17.0.2:43435, 77fc4d9c-d2cb-491d-92c6-7c69a2ec3ba6:172.17.0.2:44703, d8a051d7-a144-4c31-9411-4634ccd4403a:172.17.0.2:40341], old=null
2020-03-27 08:15:09,489 [pool-623-thread-1] INFO  impl.RaftServerImpl (RaftServerImpl.java:setRole(172)) - fe5755ee-a695-4f61-b92b-3d721cb7d98e@group-F6189F8743C0: changes role from      null to FOLLOWER at term 0 for startAsFollower
2020-03-27 08:15:09,489 [pool-623-thread-1] INFO  impl.RoleInfo (RoleInfo.java:updateAndGet(143)) - fe5755ee-a695-4f61-b92b-3d721cb7d98e: start FollowerState
2020-03-27 08:15:09,489 [Command processor thread] INFO  commandhandler.CreatePipelineCommandHandler (CreatePipelineCommandHandler.java:handle(112)) - Created Pipeline RATIS ONE #id: "c477f17b-efbb-4f76-ba64-0e24b733b13c"
.
2020-03-27 08:15:09,490 [Command processor thread] INFO  impl.RaftServerProxy (RaftServerProxy.java:addNew(89)) - fe5755ee-a695-4f61-b92b-3d721cb7d98e: addNew group-9949AF5E83F0:[fe5755ee-a695-4f61-b92b-3d721cb7d98e:172.17.0.2:43435, 77fc4d9c-d2cb-491d-92c6-7c69a2ec3ba6:172.17.0.2:44703, d8a051d7-a144-4c31-9411-4634ccd4403a:172.17.0.2:40341] returns group-9949AF5E83F0:java.util.concurrent.CompletableFuture@2b331e72[Not completed]
2020-03-27 08:15:09,490 [pool-623-thread-1] INFO  util.JmxRegister (JmxRegister.java:tryRegister(44)) - Successfully registered JMX Bean with object name Ratis:service=RaftServer,group=group-F6189F8743C0,id=fe5755ee-a695-4f61-b92b-3d721cb7d98e
2020-03-27 08:15:09,490 [pool-623-thread-1] INFO  metrics.RatisMetrics (RatisMetrics.java:lambda$create$0(39)) - Creating Metrics Registry : ratis.state_machine.fe5755ee-a695-4f61-b92b-3d721cb7d98e@group-F6189F8743C0
2020-03-27 08:15:09,492 [pool-623-thread-1] INFO  impl.RaftServerImpl (RaftServerImpl.java:<init>(97)) - fe5755ee-a695-4f61-b92b-3d721cb7d98e: new RaftServerImpl for group-9949AF5E83F0:[fe5755ee-a695-4f61-b92b-3d721cb7d98e:172.17.0.2:43435, 77fc4d9c-d2cb-491d-92c6-7c69a2ec3ba6:172.17.0.2:44703, d8a051d7-a144-4c31-9411-4634ccd4403a:172.17.0.2:40341] with ContainerStateMachine:uninitialized
2020-03-27 08:15:09,492 [pool-623-thread-1] INFO  server.RaftServerConfigKeys (ConfUtils.java:logGet(43)) - raft.server.rpc.timeout.min = 5s (custom)
2020-03-27 08:15:09,492 [pool-623-thread-1] INFO  server.RaftServerConfigKeys (ConfUtils.java:logGet(43)) - raft.server.rpc.timeout.max = 5200ms (custom)
2020-03-27 08:15:09,492 [pool-623-thread-1] INFO  server.RaftServerConfigKeys (ConfUtils.java:logGet(43)) - raft.server.rpcslowness.timeout = 300s (custom)
2020-03-27 08:15:09,492 [pool-623-thread-1] INFO  server.RaftServerConfigKeys (ConfUtils.java:logGet(43)) - raft.server.sleep.deviation.threshold = 300 (default)
2020-03-27 08:15:09,492 [pool-623-thread-1] INFO  server.RaftServerConfigKeys (ConfUtils.java:logGet(43)) - raft.server.log.appender.install.snapshot.enabled = false (custom)
2020-03-27 08:15:09,492 [pool-623-thread-1] INFO  impl.RaftServerImpl (ServerState.java:<init>(103)) - fe5755ee-a695-4f61-b92b-3d721cb7d98e@group-9949AF5E83F0: ConfigurationManager, init=-1: [fe5755ee-a695-4f61-b92b-3d721cb7d98e:172.17.0.2:43435, 77fc4d9c-d2cb-491d-92c6-7c69a2ec3ba6:172.17.0.2:44703, d8a051d7-a144-4c31-9411-4634ccd4403a:172.17.0.2:40341], old=null, confs=<EMPTY_MAP>
2020-03-27 08:15:09,492 [pool-623-thread-1] INFO  server.RaftServerConfigKeys (ConfUtils.java:logGet(43)) - raft.server.storage.dir = [/github/workspace/hadoop-ozone/integration-test/target/test-dir/MiniOzoneClusterImpl-178f0ac1-9287-41ca-b66e-5f4c0e2bc6ba/datanode-4/data/ratis] (custom)
2020-03-27 08:15:09,492 [pool-623-thread-1] INFO  server.RaftServerConfigKeys (ConfUtils.java:logGet(43)) - raft.server.log.corruption.policy = EXCEPTION (default)
2020-03-27 08:15:09,492 [pool-623-thread-1] INFO  storage.RaftStorageDirectory (RaftStorageDirectory.java:analyzeStorage(253)) - The storage directory /github/workspace/hadoop-ozone/integration-test/target/test-dir/MiniOzoneClusterImpl-178f0ac1-9287-41ca-b66e-5f4c0e2bc6ba/datanode-4/data/ratis/134bdaae-71f1-4a71-a08c-9949af5e83f0 does not exist. Creating ...
2020-03-27 08:15:09,494 [pool-623-thread-1] INFO  storage.RaftStorageDirectory (RaftStorageDirectory.java:tryLock(335)) - Lock on /github/workspace/hadoop-ozone/integration-test/target/test-dir/MiniOzoneClusterImpl-178f0ac1-9287-41ca-b66e-5f4c0e2bc6ba/datanode-4/data/ratis/134bdaae-71f1-4a71-a08c-9949af5e83f0/in_use.lock acquired by nodename 16179@767d39cb30d6
2020-03-27 08:15:09,499 [pool-623-thread-1] INFO  storage.RaftStorage (RaftStorage.java:format(84)) - Storage directory /github/workspace/hadoop-ozone/integration-test/target/test-dir/MiniOzoneClusterImpl-178f0ac1-9287-41ca-b66e-5f4c0e2bc6ba/datanode-4/data/ratis/134bdaae-71f1-4a71-a08c-9949af5e83f0 has been successfully formatted.
2020-03-27 08:15:09,500 [pool-623-thread-1] INFO  ratis.ContainerStateMachine (ContainerStateMachine.java:loadSnapshot(233)) - group-9949AF5E83F0: The snapshot info is null. Setting the last applied indexto:(t:0, i:~)
2020-03-27 08:15:09,500 [pool-623-thread-1] INFO  server.RaftServerConfigKeys (ConfUtils.java:logGet(43)) - raft.server.notification.no-leader.timeout = 60s (default)
2020-03-27 08:15:09,500 [pool-623-thread-1] INFO  server.RaftServerConfigKeys (ConfUtils.java:logGet(43)) - raft.server.log.use.memory = false (default)
2020-03-27 08:15:09,500 [pool-623-thread-1] INFO  server.RaftServerConfigKeys (ConfUtils.java:logGet(43)) - raft.server.log.purge.gap = 1000000 (custom)
2020-03-27 08:15:09,500 [pool-623-thread-1] INFO  server.RaftServerConfigKeys (ConfUtils.java:logGet(43)) - raft.server.log.appender.buffer.byte-limit = 33554432 (custom)
2020-03-27 08:15:09,500 [pool-623-thread-1] INFO  server.RaftServerConfigKeys (ConfUtils.java:logGet(43)) - raft.server.log.segment.size.max = 1048576 (custom)
2020-03-27 08:15:09,500 [pool-623-thread-1] INFO  server.RaftServerConfigKeys (ConfUtils.java:logGet(43)) - raft.server.log.segment.cache.num.max = 2 (custom)
2020-03-27 08:15:09,500 [pool-623-thread-1] INFO  segmented.SegmentedRaftLogWorker (SegmentedRaftLogWorker.java:<init>(176)) - new fe5755ee-a695-4f61-b92b-3d721cb7d98e@group-9949AF5E83F0-SegmentedRaftLogWorker for RaftStorage:Storage Directory /github/workspace/hadoop-ozone/integration-test/target/test-dir/MiniOzoneClusterImpl-178f0ac1-9287-41ca-b66e-5f4c0e2bc6ba/datanode-4/data/ratis/134bdaae-71f1-4a71-a08c-9949af5e83f0
2020-03-27 08:15:09,500 [pool-623-thread-1] INFO  server.RaftServerConfigKeys (ConfUtils.java:logGet(43)) - raft.server.log.queue.byte-limit = 2147483647 (custom)
2020-03-27 08:15:09,500 [pool-623-thread-1] INFO  server.RaftServerConfigKeys (ConfUtils.java:logGet(43)) - raft.server.log.queue.element-limit = 1024 (custom)
2020-03-27 08:15:09,500 [pool-623-thread-1] INFO  server.RaftServerConfigKeys (ConfUtils.java:logGet(43)) - raft.server.log.segment.size.max = 1048576 (custom)
2020-03-27 08:15:09,500 [pool-623-thread-1] INFO  server.RaftServerConfigKeys (ConfUtils.java:logGet(43)) - raft.server.log.preallocated.size = 16384 (custom)
2020-03-27 08:15:09,500 [pool-623-thread-1] INFO  server.RaftServerConfigKeys (ConfUtils.java:logGet(43)) - raft.server.log.write.buffer.size = 1048576 (custom)
2020-03-27 08:15:09,500 [pool-623-thread-1] INFO  server.RaftServerConfigKeys (ConfUtils.java:logGet(43)) - raft.server.log.force.sync.num = 128 (default)
2020-03-27 08:15:09,500 [pool-623-thread-1] INFO  server.RaftServerConfigKeys (ConfUtils.java:logGet(43)) - raft.server.log.statemachine.data.sync = true (default)
2020-03-27 08:15:09,500 [pool-623-thread-1] INFO  server.RaftServerConfigKeys (ConfUtils.java:logGet(43)) - raft.server.log.statemachine.data.sync.timeout = 10s (default)
2020-03-27 08:15:09,500 [pool-623-thread-1] INFO  server.RaftServerConfigKeys (ConfUtils.java:logGet(43)) - raft.server.log.statemachine.data.sync.timeout.retry = -1 (default)
2020-03-27 08:15:09,501 [pool-623-thread-1] INFO  server.RaftServerConfigKeys (ConfUtils.java:logGet(43)) - raft.server.log.statemachine.data.caching.enabled = true (custom)
2020-03-27 08:15:09,501 [pool-623-thread-1] INFO  segmented.SegmentedRaftLogWorker (SegmentedRaftLogWorker.java:lambda$new$0(129)) - fe5755ee-a695-4f61-b92b-3d721cb7d98e@group-9949AF5E83F0-SegmentedRaftLogWorker: flushIndex: setUnconditionally 0 -> -1
2020-03-27 08:15:09,502 [pool-623-thread-1] INFO  server.RaftServerConfigKeys (ConfUtils.java:logGet(43)) - raft.server.snapshot.auto.trigger.enabled = true (custom)
2020-03-27 08:15:09,502 [pool-623-thread-1] INFO  server.RaftServerConfigKeys (ConfUtils.java:logGet(43)) - raft.server.snapshot.auto.trigger.threshold = 10000 (custom)
2020-03-27 08:15:09,502 [pool-623-thread-1] INFO  server.RaftServerConfigKeys (ConfUtils.java:logGet(43)) - raft.server.snapshot.retention.file.num = 5 (custom)
2020-03-27 08:15:09,503 [pool-623-thread-1] INFO  server.RaftServerConfigKeys (ConfUtils.java:logGet(43)) - raft.server.retrycache.expirytime = 600000ms (custom)
2020-03-27 08:15:09,503 [pool-623-thread-1] INFO  metrics.RatisMetrics (RatisMetrics.java:lambda$create$0(39)) - Creating Metrics Registry : ratis.leader_election.fe5755ee-a695-4f61-b92b-3d721cb7d98e@group-9949AF5E83F0
2020-03-27 08:15:09,503 [pool-623-thread-1] INFO  metrics.RatisMetrics (RatisMetrics.java:lambda$create$0(39)) - Creating Metrics Registry : ratis.server.fe5755ee-a695-4f61-b92b-3d721cb7d98e@group-9949AF5E83F0
2020-03-27 08:15:09,504 [pool-623-thread-1] INFO  impl.RaftServerImpl (RaftServerImpl.java:start(183)) - fe5755ee-a695-4f61-b92b-3d721cb7d98e@group-9949AF5E83F0: start as a follower, conf=-1: [fe5755ee-a695-4f61-b92b-3d721cb7d98e:172.17.0.2:43435, 77fc4d9c-d2cb-491d-92c6-7c69a2ec3ba6:172.17.0.2:44703, d8a051d7-a144-4c31-9411-4634ccd4403a:172.17.0.2:40341], old=null
2020-03-27 08:15:09,504 [pool-623-thread-1] INFO  impl.RaftServerImpl (RaftServerImpl.java:setRole(172)) - fe5755ee-a695-4f61-b92b-3d721cb7d98e@group-9949AF5E83F0: changes role from      null to FOLLOWER at term 0 for startAsFollower
2020-03-27 08:15:09,504 [pool-623-thread-1] INFO  impl.RoleInfo (RoleInfo.java:updateAndGet(143)) - fe5755ee-a695-4f61-b92b-3d721cb7d98e: start FollowerState
2020-03-27 08:15:09,507 [grpc-default-executor-9] INFO  impl.RaftServerProxy (RaftServerProxy.java:addNew(89)) - 77fc4d9c-d2cb-491d-92c6-7c69a2ec3ba6: addNew group-F6189F8743C0:[fe5755ee-a695-4f61-b92b-3d721cb7d98e:172.17.0.2:43435, 77fc4d9c-d2cb-491d-92c6-7c69a2ec3ba6:172.17.0.2:44703, d8a051d7-a144-4c31-9411-4634ccd4403a:172.17.0.2:40341] returns group-F6189F8743C0:java.util.concurrent.CompletableFuture@7613d394[Not completed]
2020-03-27 08:15:09,507 [pool-623-thread-1] INFO  util.JmxRegister (JmxRegister.java:tryRegister(44)) - Successfully registered JMX Bean with object name Ratis:service=RaftServer,group=group-9949AF5E83F0,id=fe5755ee-a695-4f61-b92b-3d721cb7d98e
2020-03-27 08:15:09,507 [pool-623-thread-1] INFO  metrics.RatisMetrics (RatisMetrics.java:lambda$create$0(39)) - Creating Metrics Registry : ratis.state_machine.fe5755ee-a695-4f61-b92b-3d721cb7d98e@group-9949AF5E83F0
2020-03-27 08:15:09,511 [pool-638-thread-1] INFO  impl.RaftServerImpl (RaftServerImpl.java:<init>(97)) - 77fc4d9c-d2cb-491d-92c6-7c69a2ec3ba6: new RaftServerImpl for group-F6189F8743C0:[fe5755ee-a695-4f61-b92b-3d721cb7d98e:172.17.0.2:43435, 77fc4d9c-d2cb-491d-92c6-7c69a2ec3ba6:172.17.0.2:44703, d8a051d7-a144-4c31-9411-4634ccd4403a:172.17.0.2:40341] with ContainerStateMachine:uninitialized
2020-03-27 08:15:09,511 [pool-638-thread-1] INFO  server.RaftServerConfigKeys (ConfUtils.java:logGet(43)) - raft.server.rpc.timeout.min = 5s (custom)
2020-03-27 08:15:09,511 [pool-638-thread-1] INFO  server.RaftServerConfigKeys (ConfUtils.java:logGet(43)) - raft.server.rpc.timeout.max = 5200ms (custom)
2020-03-27 08:15:09,511 [pool-638-thread-1] INFO  server.RaftServerConfigKeys (ConfUtils.java:logGet(43)) - raft.server.rpcslowness.timeout = 300s (custom)
2020-03-27 08:15:09,511 [pool-638-thread-1] INFO  server.RaftServerConfigKeys (ConfUtils.java:logGet(43)) - raft.server.sleep.deviation.threshold = 300 (default)
2020-03-27 08:15:09,511 [pool-638-thread-1] INFO  server.RaftServerConfigKeys (ConfUtils.java:logGet(43)) - raft.server.log.appender.install.snapshot.enabled = false (custom)
2020-03-27 08:15:09,511 [pool-638-thread-1] INFO  impl.RaftServerImpl (ServerState.java:<init>(103)) - 77fc4d9c-d2cb-491d-92c6-7c69a2ec3ba6@group-F6189F8743C0: ConfigurationManager, init=-1: [fe5755ee-a695-4f61-b92b-3d721cb7d98e:172.17.0.2:43435, 77fc4d9c-d2cb-491d-92c6-7c69a2ec3ba6:172.17.0.2:44703, d8a051d7-a144-4c31-9411-4634ccd4403a:172.17.0.2:40341], old=null, confs=<EMPTY_MAP>
2020-03-27 08:15:09,511 [pool-638-thread-1] INFO  server.RaftServerConfigKeys (ConfUtils.java:logGet(43)) - raft.server.storage.dir = [/github/workspace/hadoop-ozone/integration-test/target/test-dir/MiniOzoneClusterImpl-178f0ac1-9287-41ca-b66e-5f4c0e2bc6ba/datanode-5/data/ratis] (custom)
2020-03-27 08:15:09,511 [pool-638-thread-1] INFO  server.RaftServerConfigKeys (ConfUtils.java:logGet(43)) - raft.server.log.corruption.policy = EXCEPTION (default)
2020-03-27 08:15:09,512 [pool-638-thread-1] INFO  storage.RaftStorageDirectory (RaftStorageDirectory.java:analyzeStorage(253)) - The storage directory /github/workspace/hadoop-ozone/integration-test/target/test-dir/MiniOzoneClusterImpl-178f0ac1-9287-41ca-b66e-5f4c0e2bc6ba/datanode-5/data/ratis/34b7cd66-881b-4dc1-99ed-f6189f8743c0 does not exist. Creating ...
2020-03-27 08:15:09,522 [grpc-default-executor-9] INFO  impl.RaftServerProxy (RaftServerProxy.java:addNew(89)) - d8a051d7-a144-4c31-9411-4634ccd4403a: addNew group-9949AF5E83F0:[fe5755ee-a695-4f61-b92b-3d721cb7d98e:172.17.0.2:43435, 77fc4d9c-d2cb-491d-92c6-7c69a2ec3ba6:172.17.0.2:44703, d8a051d7-a144-4c31-9411-4634ccd4403a:172.17.0.2:40341] returns group-9949AF5E83F0:java.util.concurrent.CompletableFuture@37909538[Not completed]
2020-03-27 08:15:09,523 [pool-608-thread-1] INFO  impl.RaftServerImpl (RaftServerImpl.java:<init>(97)) - d8a051d7-a144-4c31-9411-4634ccd4403a: new RaftServerImpl for group-9949AF5E83F0:[fe5755ee-a695-4f61-b92b-3d721cb7d98e:172.17.0.2:43435, 77fc4d9c-d2cb-491d-92c6-7c69a2ec3ba6:172.17.0.2:44703, d8a051d7-a144-4c31-9411-4634ccd4403a:172.17.0.2:40341] with ContainerStateMachine:uninitialized
2020-03-27 08:15:09,523 [pool-608-thread-1] INFO  server.RaftServerConfigKeys (ConfUtils.java:logGet(43)) - raft.server.rpc.timeout.min = 5s (custom)
2020-03-27 08:15:09,523 [pool-608-thread-1] INFO  server.RaftServerConfigKeys (ConfUtils.java:logGet(43)) - raft.server.rpc.timeout.max = 5200ms (custom)
2020-03-27 08:15:09,523 [pool-608-thread-1] INFO  server.RaftServerConfigKeys (ConfUtils.java:logGet(43)) - raft.server.rpcslowness.timeout = 300s (custom)
2020-03-27 08:15:09,523 [pool-608-thread-1] INFO  server.RaftServerConfigKeys (ConfUtils.java:logGet(43)) - raft.server.sleep.deviation.threshold = 300 (default)
2020-03-27 08:15:09,523 [pool-608-thread-1] INFO  server.RaftServerConfigKeys (ConfUtils.java:logGet(43)) - raft.server.log.appender.install.snapshot.enabled = false (custom)
2020-03-27 08:15:09,523 [pool-608-thread-1] INFO  impl.RaftServerImpl (ServerState.java:<init>(103)) - d8a051d7-a144-4c31-9411-4634ccd4403a@group-9949AF5E83F0: ConfigurationManager, init=-1: [fe5755ee-a695-4f61-b92b-3d721cb7d98e:172.17.0.2:43435, 77fc4d9c-d2cb-491d-92c6-7c69a2ec3ba6:172.17.0.2:44703, d8a051d7-a144-4c31-9411-4634ccd4403a:172.17.0.2:40341], old=null, confs=<EMPTY_MAP>
2020-03-27 08:15:09,523 [pool-608-thread-1] INFO  server.RaftServerConfigKeys (ConfUtils.java:logGet(43)) - raft.server.storage.dir = [/github/workspace/hadoop-ozone/integration-test/target/test-dir/MiniOzoneClusterImpl-178f0ac1-9287-41ca-b66e-5f4c0e2bc6ba/datanode-3/data/ratis] (custom)
2020-03-27 08:15:09,523 [pool-608-thread-1] INFO  server.RaftServerConfigKeys (ConfUtils.java:logGet(43)) - raft.server.log.corruption.policy = EXCEPTION (default)
2020-03-27 08:15:09,523 [pool-608-thread-1] INFO  storage.RaftStorageDirectory (RaftStorageDirectory.java:analyzeStorage(253)) - The storage directory /github/workspace/hadoop-ozone/integration-test/target/test-dir/MiniOzoneClusterImpl-178f0ac1-9287-41ca-b66e-5f4c0e2bc6ba/datanode-3/data/ratis/134bdaae-71f1-4a71-a08c-9949af5e83f0 does not exist. Creating ...
2020-03-27 08:15:09,524 [pool-608-thread-1] INFO  storage.RaftStorageDirectory (RaftStorageDirectory.java:tryLock(335)) - Lock on /github/workspace/hadoop-ozone/integration-test/target/test-dir/MiniOzoneClusterImpl-178f0ac1-9287-41ca-b66e-5f4c0e2bc6ba/datanode-3/data/ratis/134bdaae-71f1-4a71-a08c-9949af5e83f0/in_use.lock acquired by nodename 16179@767d39cb30d6
2020-03-27 08:15:09,525 [pool-638-thread-1] INFO  storage.RaftStorageDirectory (RaftStorageDirectory.java:tryLock(335)) - Lock on /github/workspace/hadoop-ozone/integration-test/target/test-dir/MiniOzoneClusterImpl-178f0ac1-9287-41ca-b66e-5f4c0e2bc6ba/datanode-5/data/ratis/34b7cd66-881b-4dc1-99ed-f6189f8743c0/in_use.lock acquired by nodename 16179@767d39cb30d6
2020-03-27 08:15:09,526 [pool-608-thread-1] INFO  storage.RaftStorage (RaftStorage.java:format(84)) - Storage directory /github/workspace/hadoop-ozone/integration-test/target/test-dir/MiniOzoneClusterImpl-178f0ac1-9287-41ca-b66e-5f4c0e2bc6ba/datanode-3/data/ratis/134bdaae-71f1-4a71-a08c-9949af5e83f0 has been successfully formatted.
2020-03-27 08:15:09,526 [pool-608-thread-1] INFO  ratis.ContainerStateMachine (ContainerStateMachine.java:loadSnapshot(233)) - group-9949AF5E83F0: The snapshot info is null. Setting the last applied indexto:(t:0, i:~)
2020-03-27 08:15:09,526 [pool-608-thread-1] INFO  server.RaftServerConfigKeys (ConfUtils.java:logGet(43)) - raft.server.notification.no-leader.timeout = 60s (default)
2020-03-27 08:15:09,526 [pool-608-thread-1] INFO  server.RaftServerConfigKeys (ConfUtils.java:logGet(43)) - raft.server.log.use.memory = false (default)
2020-03-27 08:15:09,526 [pool-608-thread-1] INFO  server.RaftServerConfigKeys (ConfUtils.java:logGet(43)) - raft.server.log.purge.gap = 1000000 (custom)
2020-03-27 08:15:09,526 [pool-608-thread-1] INFO  server.RaftServerConfigKeys (ConfUtils.java:logGet(43)) - raft.server.log.appender.buffer.byte-limit = 33554432 (custom)
2020-03-27 08:15:09,526 [pool-608-thread-1] INFO  server.RaftServerConfigKeys (ConfUtils.java:logGet(43)) - raft.server.log.segment.size.max = 1048576 (custom)
2020-03-27 08:15:09,526 [pool-638-thread-1] INFO  storage.RaftStorage (RaftStorage.java:format(84)) - Storage directory /github/workspace/hadoop-ozone/integration-test/target/test-dir/MiniOzoneClusterImpl-178f0ac1-9287-41ca-b66e-5f4c0e2bc6ba/datanode-5/data/ratis/34b7cd66-881b-4dc1-99ed-f6189f8743c0 has been successfully formatted.
2020-03-27 08:15:09,526 [pool-608-thread-1] INFO  server.RaftServerConfigKeys (ConfUtils.java:logGet(43)) - raft.server.log.segment.cache.num.max = 2 (custom)
2020-03-27 08:15:09,527 [pool-608-thread-1] INFO  segmented.SegmentedRaftLogWorker (SegmentedRaftLogWorker.java:<init>(176)) - new d8a051d7-a144-4c31-9411-4634ccd4403a@group-9949AF5E83F0-SegmentedRaftLogWorker for RaftStorage:Storage Directory /github/workspace/hadoop-ozone/integration-test/target/test-dir/MiniOzoneClusterImpl-178f0ac1-9287-41ca-b66e-5f4c0e2bc6ba/datanode-3/data/ratis/134bdaae-71f1-4a71-a08c-9949af5e83f0
2020-03-27 08:15:09,527 [pool-608-thread-1] INFO  server.RaftServerConfigKeys (ConfUtils.java:logGet(43)) - raft.server.log.queue.byte-limit = 2147483647 (custom)
2020-03-27 08:15:09,527 [pool-608-thread-1] INFO  server.RaftServerConfigKeys (ConfUtils.java:logGet(43)) - raft.server.log.queue.element-limit = 1024 (custom)
2020-03-27 08:15:09,528 [pool-608-thread-1] INFO  server.RaftServerConfigKeys (ConfUtils.java:logGet(43)) - raft.server.log.segment.size.max = 1048576 (custom)
2020-03-27 08:15:09,528 [pool-608-thread-1] INFO  server.RaftServerConfigKeys (ConfUtils.java:logGet(43)) - raft.server.log.preallocated.size = 16384 (custom)
2020-03-27 08:15:09,528 [pool-608-thread-1] INFO  server.RaftServerConfigKeys (ConfUtils.java:logGet(43)) - raft.server.log.write.buffer.size = 1048576 (custom)
2020-03-27 08:15:09,528 [pool-608-thread-1] INFO  server.RaftServerConfigKeys (ConfUtils.java:logGet(43)) - raft.server.log.force.sync.num = 128 (default)
2020-03-27 08:15:09,528 [pool-608-thread-1] INFO  server.RaftServerConfigKeys (ConfUtils.java:logGet(43)) - raft.server.log.statemachine.data.sync = true (default)
2020-03-27 08:15:09,528 [pool-608-thread-1] INFO  server.RaftServerConfigKeys (ConfUtils.java:logGet(43)) - raft.server.log.statemachine.data.sync.timeout = 10s (default)
2020-03-27 08:15:09,528 [pool-608-thread-1] INFO  server.RaftServerConfigKeys (ConfUtils.java:logGet(43)) - raft.server.log.statemachine.data.sync.timeout.retry = -1 (default)
2020-03-27 08:15:09,528 [pool-608-thread-1] INFO  server.RaftServerConfigKeys (ConfUtils.java:logGet(43)) - raft.server.log.statemachine.data.caching.enabled = true (custom)
2020-03-27 08:15:09,528 [pool-638-thread-1] INFO  ratis.ContainerStateMachine (ContainerStateMachine.java:loadSnapshot(233)) - group-F6189F8743C0: The snapshot info is null. Setting the last applied indexto:(t:0, i:~)
2020-03-27 08:15:09,528 [pool-608-thread-1] INFO  segmented.SegmentedRaftLogWorker (SegmentedRaftLogWorker.java:lambda$new$0(129)) - d8a051d7-a144-4c31-9411-4634ccd4403a@group-9949AF5E83F0-SegmentedRaftLogWorker: flushIndex: setUnconditionally 0 -> -1
2020-03-27 08:15:09,529 [pool-608-thread-1] INFO  server.RaftServerConfigKeys (ConfUtils.java:logGet(43)) - raft.server.snapshot.auto.trigger.enabled = true (custom)
2020-03-27 08:15:09,529 [pool-608-thread-1] INFO  server.RaftServerConfigKeys (ConfUtils.java:logGet(43)) - raft.server.snapshot.auto.trigger.threshold = 10000 (custom)
2020-03-27 08:15:09,529 [pool-608-thread-1] INFO  server.RaftServerConfigKeys (ConfUtils.java:logGet(43)) - raft.server.snapshot.retention.file.num = 5 (custom)
2020-03-27 08:15:09,529 [pool-608-thread-1] INFO  server.RaftServerConfigKeys (ConfUtils.java:logGet(43)) - raft.server.retrycache.expirytime = 600000ms (custom)
2020-03-27 08:15:09,529 [pool-608-thread-1] INFO  metrics.RatisMetrics (RatisMetrics.java:lambda$create$0(39)) - Creating Metrics Registry : ratis.leader_election.d8a051d7-a144-4c31-9411-4634ccd4403a@group-9949AF5E83F0
2020-03-27 08:15:09,529 [pool-608-thread-1] INFO  metrics.RatisMetrics (RatisMetrics.java:lambda$create$0(39)) - Creating Metrics Registry : ratis.server.d8a051d7-a144-4c31-9411-4634ccd4403a@group-9949AF5E83F0
2020-03-27 08:15:09,528 [pool-638-thread-1] INFO  server.RaftServerConfigKeys (ConfUtils.java:logGet(43)) - raft.server.notification.no-leader.timeout = 60s (default)
2020-03-27 08:15:09,530 [pool-638-thread-1] INFO  server.RaftServerConfigKeys (ConfUtils.java:logGet(43)) - raft.server.log.use.memory = false (default)
2020-03-27 08:15:09,530 [pool-638-thread-1] INFO  server.RaftServerConfigKeys (ConfUtils.java:logGet(43)) - raft.server.log.purge.gap = 1000000 (custom)
2020-03-27 08:15:09,530 [pool-638-thread-1] INFO  server.RaftServerConfigKeys (ConfUtils.java:logGet(43)) - raft.server.log.appender.buffer.byte-limit = 33554432 (custom)
2020-03-27 08:15:09,530 [pool-608-thread-1] INFO  impl.RaftServerImpl (RaftServerImpl.java:start(183)) - d8a051d7-a144-4c31-9411-4634ccd4403a@group-9949AF5E83F0: start as a follower, conf=-1: [fe5755ee-a695-4f61-b92b-3d721cb7d98e:172.17.0.2:43435, 77fc4d9c-d2cb-491d-92c6-7c69a2ec3ba6:172.17.0.2:44703, d8a051d7-a144-4c31-9411-4634ccd4403a:172.17.0.2:40341], old=null
2020-03-27 08:15:09,530 [pool-608-thread-1] INFO  impl.RaftServerImpl (RaftServerImpl.java:setRole(172)) - d8a051d7-a144-4c31-9411-4634ccd4403a@group-9949AF5E83F0: changes role from      null to FOLLOWER at term 0 for startAsFollower
2020-03-27 08:15:09,530 [pool-638-thread-1] INFO  server.RaftServerConfigKeys (ConfUtils.java:logGet(43)) - raft.server.log.segment.size.max = 1048576 (custom)
2020-03-27 08:15:09,530 [pool-638-thread-1] INFO  metrics.RatisMetrics (RatisMetrics.java:lambda$create$0(39)) - Creating Metrics Registry : ratis.log_worker.77fc4d9c-d2cb-491d-92c6-7c69a2ec3ba6
2020-03-27 08:15:09,530 [pool-608-thread-1] INFO  impl.RoleInfo (RoleInfo.java:updateAndGet(143)) - d8a051d7-a144-4c31-9411-4634ccd4403a: start FollowerState
2020-03-27 08:15:09,530 [pool-638-thread-1] INFO  server.RaftServerConfigKeys (ConfUtils.java:logGet(43)) - raft.server.log.segment.cache.num.max = 2 (custom)
2020-03-27 08:15:09,531 [pool-638-thread-1] INFO  segmented.SegmentedRaftLogWorker (SegmentedRaftLogWorker.java:<init>(176)) - new 77fc4d9c-d2cb-491d-92c6-7c69a2ec3ba6@group-F6189F8743C0-SegmentedRaftLogWorker for RaftStorage:Storage Directory /github/workspace/hadoop-ozone/integration-test/target/test-dir/MiniOzoneClusterImpl-178f0ac1-9287-41ca-b66e-5f4c0e2bc6ba/datanode-5/data/ratis/34b7cd66-881b-4dc1-99ed-f6189f8743c0
2020-03-27 08:15:09,531 [pool-638-thread-1] INFO  server.RaftServerConfigKeys (ConfUtils.java:logGet(43)) - raft.server.log.queue.byte-limit = 2147483647 (custom)
2020-03-27 08:15:09,531 [pool-638-thread-1] INFO  server.RaftServerConfigKeys (ConfUtils.java:logGet(43)) - raft.server.log.queue.element-limit = 1024 (custom)
2020-03-27 08:15:09,531 [pool-638-thread-1] INFO  server.RaftServerConfigKeys (ConfUtils.java:logGet(43)) - raft.server.log.segment.size.max = 1048576 (custom)
2020-03-27 08:15:09,531 [pool-638-thread-1] INFO  server.RaftServerConfigKeys (ConfUtils.java:logGet(43)) - raft.server.log.preallocated.size = 16384 (custom)
2020-03-27 08:15:09,531 [pool-638-thread-1] INFO  server.RaftServerConfigKeys (ConfUtils.java:logGet(43)) - raft.server.log.write.buffer.size = 1048576 (custom)
2020-03-27 08:15:09,531 [pool-638-thread-1] INFO  server.RaftServerConfigKeys (ConfUtils.java:logGet(43)) - raft.server.log.force.sync.num = 128 (default)
2020-03-27 08:15:09,531 [pool-608-thread-1] INFO  util.JmxRegister (JmxRegister.java:tryRegister(44)) - Successfully registered JMX Bean with object name Ratis:service=RaftServer,group=group-9949AF5E83F0,id=d8a051d7-a144-4c31-9411-4634ccd4403a
2020-03-27 08:15:09,531 [pool-608-thread-1] INFO  metrics.RatisMetrics (RatisMetrics.java:lambda$create$0(39)) - Creating Metrics Registry : ratis.state_machine.d8a051d7-a144-4c31-9411-4634ccd4403a@group-9949AF5E83F0
2020-03-27 08:15:09,532 [pool-638-thread-1] INFO  server.RaftServerConfigKeys (ConfUtils.java:logGet(43)) - raft.server.log.statemachine.data.sync = true (default)
2020-03-27 08:15:09,532 [pool-638-thread-1] INFO  server.RaftServerConfigKeys (ConfUtils.java:logGet(43)) - raft.server.log.statemachine.data.sync.timeout = 10s (default)
2020-03-27 08:15:09,532 [pool-638-thread-1] INFO  server.RaftServerConfigKeys (ConfUtils.java:logGet(43)) - raft.server.log.statemachine.data.sync.timeout.retry = -1 (default)
2020-03-27 08:15:09,542 [grpc-default-executor-9] INFO  impl.RaftServerProxy (RaftServerProxy.java:addNew(89)) - 77fc4d9c-d2cb-491d-92c6-7c69a2ec3ba6: addNew group-9949AF5E83F0:[fe5755ee-a695-4f61-b92b-3d721cb7d98e:172.17.0.2:43435, 77fc4d9c-d2cb-491d-92c6-7c69a2ec3ba6:172.17.0.2:44703, d8a051d7-a144-4c31-9411-4634ccd4403a:172.17.0.2:40341] returns group-9949AF5E83F0:java.util.concurrent.CompletableFuture@73644a04[Not completed]
2020-03-27 08:15:09,544 [pool-638-thread-1] INFO  server.RaftServerConfigKeys (ConfUtils.java:logGet(43)) - raft.server.log.statemachine.data.caching.enabled = true (custom)
2020-03-27 08:15:09,544 [pool-638-thread-1] INFO  segmented.SegmentedRaftLogWorker (SegmentedRaftLogWorker.java:lambda$new$0(129)) - 77fc4d9c-d2cb-491d-92c6-7c69a2ec3ba6@group-F6189F8743C0-SegmentedRaftLogWorker: flushIndex: setUnconditionally 0 -> -1
2020-03-27 08:15:09,544 [pool-638-thread-1] INFO  server.RaftServerConfigKeys (ConfUtils.java:logGet(43)) - raft.server.snapshot.auto.trigger.enabled = true (custom)
2020-03-27 08:15:09,544 [pool-638-thread-1] INFO  server.RaftServerConfigKeys (ConfUtils.java:logGet(43)) - raft.server.snapshot.auto.trigger.threshold = 10000 (custom)
2020-03-27 08:15:09,544 [pool-638-thread-1] INFO  server.RaftServerConfigKeys (ConfUtils.java:logGet(43)) - raft.server.snapshot.retention.file.num = 5 (custom)
2020-03-27 08:15:09,544 [pool-638-thread-1] INFO  server.RaftServerConfigKeys (ConfUtils.java:logGet(43)) - raft.server.retrycache.expirytime = 600000ms (custom)
2020-03-27 08:15:09,544 [pool-638-thread-1] INFO  metrics.RatisMetrics (RatisMetrics.java:lambda$create$0(39)) - Creating Metrics Registry : ratis.leader_election.77fc4d9c-d2cb-491d-92c6-7c69a2ec3ba6@group-F6189F8743C0
2020-03-27 08:15:09,545 [pool-638-thread-1] INFO  metrics.RatisMetrics (RatisMetrics.java:lambda$create$0(39)) - Creating Metrics Registry : ratis.server.77fc4d9c-d2cb-491d-92c6-7c69a2ec3ba6@group-F6189F8743C0
2020-03-27 08:15:09,546 [pool-638-thread-1] INFO  impl.RaftServerImpl (RaftServerImpl.java:<init>(97)) - 77fc4d9c-d2cb-491d-92c6-7c69a2ec3ba6: new RaftServerImpl for group-9949AF5E83F0:[fe5755ee-a695-4f61-b92b-3d721cb7d98e:172.17.0.2:43435, 77fc4d9c-d2cb-491d-92c6-7c69a2ec3ba6:172.17.0.2:44703, d8a051d7-a144-4c31-9411-4634ccd4403a:172.17.0.2:40341] with ContainerStateMachine:uninitialized
2020-03-27 08:15:09,546 [pool-638-thread-1] INFO  server.RaftServerConfigKeys (ConfUtils.java:logGet(43)) - raft.server.rpc.timeout.min = 5s (custom)
2020-03-27 08:15:09,546 [pool-638-thread-1] INFO  server.RaftServerConfigKeys (ConfUtils.java:logGet(43)) - raft.server.rpc.timeout.max = 5200ms (custom)
2020-03-27 08:15:09,546 [pool-638-thread-1] INFO  server.RaftServerConfigKeys (ConfUtils.java:logGet(43)) - raft.server.rpcslowness.timeout = 300s (custom)
2020-03-27 08:15:09,546 [pool-638-thread-1] INFO  server.RaftServerConfigKeys (ConfUtils.java:logGet(43)) - raft.server.sleep.deviation.threshold = 300 (default)
2020-03-27 08:15:09,546 [pool-638-thread-1] INFO  server.RaftServerConfigKeys (ConfUtils.java:logGet(43)) - raft.server.log.appender.install.snapshot.enabled = false (custom)
2020-03-27 08:15:09,546 [pool-638-thread-1] INFO  impl.RaftServerImpl (ServerState.java:<init>(103)) - 77fc4d9c-d2cb-491d-92c6-7c69a2ec3ba6@group-9949AF5E83F0: ConfigurationManager, init=-1: [fe5755ee-a695-4f61-b92b-3d721cb7d98e:172.17.0.2:43435, 77fc4d9c-d2cb-491d-92c6-7c69a2ec3ba6:172.17.0.2:44703, d8a051d7-a144-4c31-9411-4634ccd4403a:172.17.0.2:40341], old=null, confs=<EMPTY_MAP>
2020-03-27 08:15:09,546 [pool-638-thread-1] INFO  server.RaftServerConfigKeys (ConfUtils.java:logGet(43)) - raft.server.storage.dir = [/github/workspace/hadoop-ozone/integration-test/target/test-dir/MiniOzoneClusterImpl-178f0ac1-9287-41ca-b66e-5f4c0e2bc6ba/datanode-5/data/ratis] (custom)
2020-03-27 08:15:09,547 [pool-638-thread-1] INFO  server.RaftServerConfigKeys (ConfUtils.java:logGet(43)) - raft.server.log.corruption.policy = EXCEPTION (default)
2020-03-27 08:15:09,547 [pool-638-thread-1] INFO  storage.RaftStorageDirectory (RaftStorageDirectory.java:analyzeStorage(253)) - The storage directory /github/workspace/hadoop-ozone/integration-test/target/test-dir/MiniOzoneClusterImpl-178f0ac1-9287-41ca-b66e-5f4c0e2bc6ba/datanode-5/data/ratis/134bdaae-71f1-4a71-a08c-9949af5e83f0 does not exist. Creating ...
2020-03-27 08:15:09,548 [pool-638-thread-1] INFO  storage.RaftStorageDirectory (RaftStorageDirectory.java:tryLock(335)) - Lock on /github/workspace/hadoop-ozone/integration-test/target/test-dir/MiniOzoneClusterImpl-178f0ac1-9287-41ca-b66e-5f4c0e2bc6ba/datanode-5/data/ratis/134bdaae-71f1-4a71-a08c-9949af5e83f0/in_use.lock acquired by nodename 16179@767d39cb30d6
2020-03-27 08:15:09,549 [pool-638-thread-1] INFO  storage.RaftStorage (RaftStorage.java:format(84)) - Storage directory /github/workspace/hadoop-ozone/integration-test/target/test-dir/MiniOzoneClusterImpl-178f0ac1-9287-41ca-b66e-5f4c0e2bc6ba/datanode-5/data/ratis/134bdaae-71f1-4a71-a08c-9949af5e83f0 has been successfully formatted.
2020-03-27 08:15:09,549 [pool-638-thread-1] INFO  ratis.ContainerStateMachine (ContainerStateMachine.java:loadSnapshot(233)) - group-9949AF5E83F0: The snapshot info is null. Setting the last applied indexto:(t:0, i:~)
2020-03-27 08:15:09,549 [pool-638-thread-1] INFO  server.RaftServerConfigKeys (ConfUtils.java:logGet(43)) - raft.server.notification.no-leader.timeout = 60s (default)
2020-03-27 08:15:09,549 [pool-638-thread-1] INFO  server.RaftServerConfigKeys (ConfUtils.java:logGet(43)) - raft.server.log.use.memory = false (default)
2020-03-27 08:15:09,549 [pool-638-thread-1] INFO  server.RaftServerConfigKeys (ConfUtils.java:logGet(43)) - raft.server.log.purge.gap = 1000000 (custom)
2020-03-27 08:15:09,549 [pool-638-thread-1] INFO  server.RaftServerConfigKeys (ConfUtils.java:logGet(43)) - raft.server.log.appender.buffer.byte-limit = 33554432 (custom)
2020-03-27 08:15:09,549 [pool-638-thread-1] INFO  server.RaftServerConfigKeys (ConfUtils.java:logGet(43)) - raft.server.log.segment.size.max = 1048576 (custom)
2020-03-27 08:15:09,550 [pool-638-thread-1] INFO  server.RaftServerConfigKeys (ConfUtils.java:logGet(43)) - raft.server.log.segment.cache.num.max = 2 (custom)
2020-03-27 08:15:09,550 [pool-638-thread-1] INFO  segmented.SegmentedRaftLogWorker (SegmentedRaftLogWorker.java:<init>(176)) - new 77fc4d9c-d2cb-491d-92c6-7c69a2ec3ba6@group-9949AF5E83F0-SegmentedRaftLogWorker for RaftStorage:Storage Directory /github/workspace/hadoop-ozone/integration-test/target/test-dir/MiniOzoneClusterImpl-178f0ac1-9287-41ca-b66e-5f4c0e2bc6ba/datanode-5/data/ratis/134bdaae-71f1-4a71-a08c-9949af5e83f0
2020-03-27 08:15:09,550 [pool-638-thread-1] INFO  server.RaftServerConfigKeys (ConfUtils.java:logGet(43)) - raft.server.log.queue.byte-limit = 2147483647 (custom)
2020-03-27 08:15:09,550 [pool-638-thread-1] INFO  server.RaftServerConfigKeys (ConfUtils.java:logGet(43)) - raft.server.log.queue.element-limit = 1024 (custom)
2020-03-27 08:15:09,550 [pool-638-thread-1] INFO  server.RaftServerConfigKeys (ConfUtils.java:logGet(43)) - raft.server.log.segment.size.max = 1048576 (custom)
2020-03-27 08:15:09,550 [pool-638-thread-1] INFO  server.RaftServerConfigKeys (ConfUtils.java:logGet(43)) - raft.server.log.preallocated.size = 16384 (custom)
2020-03-27 08:15:09,550 [pool-638-thread-1] INFO  server.RaftServerConfigKeys (ConfUtils.java:logGet(43)) - raft.server.log.write.buffer.size = 1048576 (custom)
2020-03-27 08:15:09,550 [pool-638-thread-1] INFO  server.RaftServerConfigKeys (ConfUtils.java:logGet(43)) - raft.server.log.force.sync.num = 128 (default)
2020-03-27 08:15:09,550 [pool-638-thread-1] INFO  server.RaftServerConfigKeys (ConfUtils.java:logGet(43)) - raft.server.log.statemachine.data.sync = true (default)
2020-03-27 08:15:09,550 [pool-638-thread-1] INFO  server.RaftServerConfigKeys (ConfUtils.java:logGet(43)) - raft.server.log.statemachine.data.sync.timeout = 10s (default)
2020-03-27 08:15:09,550 [pool-638-thread-1] INFO  server.RaftServerConfigKeys (ConfUtils.java:logGet(43)) - raft.server.log.statemachine.data.sync.timeout.retry = -1 (default)
2020-03-27 08:15:09,551 [pool-638-thread-1] INFO  server.RaftServerConfigKeys (ConfUtils.java:logGet(43)) - raft.server.log.statemachine.data.caching.enabled = true (custom)
2020-03-27 08:15:09,551 [pool-638-thread-1] INFO  segmented.SegmentedRaftLogWorker (SegmentedRaftLogWorker.java:lambda$new$0(129)) - 77fc4d9c-d2cb-491d-92c6-7c69a2ec3ba6@group-9949AF5E83F0-SegmentedRaftLogWorker: flushIndex: setUnconditionally 0 -> -1
2020-03-27 08:15:09,551 [pool-638-thread-1] INFO  server.RaftServerConfigKeys (ConfUtils.java:logGet(43)) - raft.server.snapshot.auto.trigger.enabled = true (custom)
2020-03-27 08:15:09,551 [pool-638-thread-1] INFO  server.RaftServerConfigKeys (ConfUtils.java:logGet(43)) - raft.server.snapshot.auto.trigger.threshold = 10000 (custom)
2020-03-27 08:15:09,551 [pool-638-thread-1] INFO  server.RaftServerConfigKeys (ConfUtils.java:logGet(43)) - raft.server.snapshot.retention.file.num = 5 (custom)
2020-03-27 08:15:09,551 [pool-638-thread-1] INFO  server.RaftServerConfigKeys (ConfUtils.java:logGet(43)) - raft.server.retrycache.expirytime = 600000ms (custom)
2020-03-27 08:15:09,551 [pool-638-thread-1] INFO  metrics.RatisMetrics (RatisMetrics.java:lambda$create$0(39)) - Creating Metrics Registry : ratis.leader_election.77fc4d9c-d2cb-491d-92c6-7c69a2ec3ba6@group-9949AF5E83F0
2020-03-27 08:15:09,552 [pool-638-thread-1] INFO  metrics.RatisMetrics (RatisMetrics.java:lambda$create$0(39)) - Creating Metrics Registry : ratis.server.77fc4d9c-d2cb-491d-92c6-7c69a2ec3ba6@group-9949AF5E83F0
2020-03-27 08:15:09,552 [pool-638-thread-1] INFO  impl.RaftServerImpl (RaftServerImpl.java:start(183)) - 77fc4d9c-d2cb-491d-92c6-7c69a2ec3ba6@group-F6189F8743C0: start as a follower, conf=-1: [fe5755ee-a695-4f61-b92b-3d721cb7d98e:172.17.0.2:43435, 77fc4d9c-d2cb-491d-92c6-7c69a2ec3ba6:172.17.0.2:44703, d8a051d7-a144-4c31-9411-4634ccd4403a:172.17.0.2:40341], old=null
2020-03-27 08:15:09,553 [pool-638-thread-1] INFO  impl.RaftServerImpl (RaftServerImpl.java:setRole(172)) - 77fc4d9c-d2cb-491d-92c6-7c69a2ec3ba6@group-F6189F8743C0: changes role from      null to FOLLOWER at term 0 for startAsFollower
2020-03-27 08:15:09,553 [pool-638-thread-1] INFO  impl.RoleInfo (RoleInfo.java:updateAndGet(143)) - 77fc4d9c-d2cb-491d-92c6-7c69a2ec3ba6: start FollowerState
2020-03-27 08:15:09,553 [pool-638-thread-1] INFO  util.JmxRegister (JmxRegister.java:tryRegister(44)) - Successfully registered JMX Bean with object name Ratis:service=RaftServer,group=group-F6189F8743C0,id=77fc4d9c-d2cb-491d-92c6-7c69a2ec3ba6
2020-03-27 08:15:09,553 [pool-638-thread-1] INFO  metrics.RatisMetrics (RatisMetrics.java:lambda$create$0(39)) - Creating Metrics Registry : ratis.state_machine.77fc4d9c-d2cb-491d-92c6-7c69a2ec3ba6@group-F6189F8743C0
2020-03-27 08:15:09,554 [pool-638-thread-1] INFO  impl.RaftServerImpl (RaftServerImpl.java:start(183)) - 77fc4d9c-d2cb-491d-92c6-7c69a2ec3ba6@group-9949AF5E83F0: start as a follower, conf=-1: [fe5755ee-a695-4f61-b92b-3d721cb7d98e:172.17.0.2:43435, 77fc4d9c-d2cb-491d-92c6-7c69a2ec3ba6:172.17.0.2:44703, d8a051d7-a144-4c31-9411-4634ccd4403a:172.17.0.2:40341], old=null
2020-03-27 08:15:09,554 [pool-638-thread-1] INFO  impl.RaftServerImpl (RaftServerImpl.java:setRole(172)) - 77fc4d9c-d2cb-491d-92c6-7c69a2ec3ba6@group-9949AF5E83F0: changes role from      null to FOLLOWER at term 0 for startAsFollower
2020-03-27 08:15:09,554 [pool-638-thread-1] INFO  impl.RoleInfo (RoleInfo.java:updateAndGet(143)) - 77fc4d9c-d2cb-491d-92c6-7c69a2ec3ba6: start FollowerState
2020-03-27 08:15:09,556 [Command processor thread] INFO  impl.RaftServerProxy (RaftServerProxy.java:addNew(89)) - 77fc4d9c-d2cb-491d-92c6-7c69a2ec3ba6: addNew group-E431FBF4E8AB:[77fc4d9c-d2cb-491d-92c6-7c69a2ec3ba6:172.17.0.2:44703] returns group-E431FBF4E8AB:java.util.concurrent.CompletableFuture@70e6ab1c[Not completed]
2020-03-27 08:15:09,567 [pool-638-thread-1] INFO  util.JmxRegister (JmxRegister.java:tryRegister(44)) - Successfully registered JMX Bean with object name Ratis:service=RaftServer,group=group-9949AF5E83F0,id=77fc4d9c-d2cb-491d-92c6-7c69a2ec3ba6
2020-03-27 08:15:09,567 [pool-638-thread-1] INFO  metrics.RatisMetrics (RatisMetrics.java:lambda$create$0(39)) - Creating Metrics Registry : ratis.state_machine.77fc4d9c-d2cb-491d-92c6-7c69a2ec3ba6@group-9949AF5E83F0
2020-03-27 08:15:09,567 [Command processor thread] INFO  commandhandler.CreatePipelineCommandHandler (CreatePipelineCommandHandler.java:handle(112)) - Created Pipeline RATIS THREE #id: "34b7cd66-881b-4dc1-99ed-f6189f8743c0"
.
2020-03-27 08:15:09,571 [pool-638-thread-1] INFO  impl.RaftServerImpl (RaftServerImpl.java:<init>(97)) - 77fc4d9c-d2cb-491d-92c6-7c69a2ec3ba6: new RaftServerImpl for group-E431FBF4E8AB:[77fc4d9c-d2cb-491d-92c6-7c69a2ec3ba6:172.17.0.2:44703] with ContainerStateMachine:uninitialized
2020-03-27 08:15:09,571 [pool-638-thread-1] INFO  server.RaftServerConfigKeys (ConfUtils.java:logGet(43)) - raft.server.rpc.timeout.min = 5s (custom)
2020-03-27 08:15:09,571 [pool-638-thread-1] INFO  server.RaftServerConfigKeys (ConfUtils.java:logGet(43)) - raft.server.rpc.timeout.max = 5200ms (custom)
2020-03-27 08:15:09,572 [pool-638-thread-1] INFO  server.RaftServerConfigKeys (ConfUtils.java:logGet(43)) - raft.server.rpcslowness.timeout = 300s (custom)
2020-03-27 08:15:09,572 [pool-638-thread-1] INFO  server.RaftServerConfigKeys (ConfUtils.java:logGet(43)) - raft.server.sleep.deviation.threshold = 300 (default)
2020-03-27 08:15:09,572 [pool-638-thread-1] INFO  server.RaftServerConfigKeys (ConfUtils.java:logGet(43)) - raft.server.log.appender.install.snapshot.enabled = false (custom)
2020-03-27 08:15:09,572 [pool-638-thread-1] INFO  impl.RaftServerImpl (ServerState.java:<init>(103)) - 77fc4d9c-d2cb-491d-92c6-7c69a2ec3ba6@group-E431FBF4E8AB: ConfigurationManager, init=-1: [77fc4d9c-d2cb-491d-92c6-7c69a2ec3ba6:172.17.0.2:44703], old=null, confs=<EMPTY_MAP>
2020-03-27 08:15:09,572 [pool-638-thread-1] INFO  server.RaftServerConfigKeys (ConfUtils.java:logGet(43)) - raft.server.storage.dir = [/github/workspace/hadoop-ozone/integration-test/target/test-dir/MiniOzoneClusterImpl-178f0ac1-9287-41ca-b66e-5f4c0e2bc6ba/datanode-5/data/ratis] (custom)
2020-03-27 08:15:09,572 [pool-638-thread-1] INFO  server.RaftServerConfigKeys (ConfUtils.java:logGet(43)) - raft.server.log.corruption.policy = EXCEPTION (default)
2020-03-27 08:15:09,572 [pool-638-thread-1] INFO  storage.RaftStorageDirectory (RaftStorageDirectory.java:analyzeStorage(253)) - The storage directory /github/workspace/hadoop-ozone/integration-test/target/test-dir/MiniOzoneClusterImpl-178f0ac1-9287-41ca-b66e-5f4c0e2bc6ba/datanode-5/data/ratis/47f08160-2de5-4fb9-bb42-e431fbf4e8ab does not exist. Creating ...
2020-03-27 08:15:09,573 [Command processor thread] INFO  commandhandler.CreatePipelineCommandHandler (CreatePipelineCommandHandler.java:handle(112)) - Created Pipeline RATIS THREE #id: "134bdaae-71f1-4a71-a08c-9949af5e83f0"
.
2020-03-27 08:15:09,574 [pool-638-thread-1] INFO  storage.RaftStorageDirectory (RaftStorageDirectory.java:tryLock(335)) - Lock on /github/workspace/hadoop-ozone/integration-test/target/test-dir/MiniOzoneClusterImpl-178f0ac1-9287-41ca-b66e-5f4c0e2bc6ba/datanode-5/data/ratis/47f08160-2de5-4fb9-bb42-e431fbf4e8ab/in_use.lock acquired by nodename 16179@767d39cb30d6
2020-03-27 08:15:09,575 [pool-638-thread-1] INFO  storage.RaftStorage (RaftStorage.java:format(84)) - Storage directory /github/workspace/hadoop-ozone/integration-test/target/test-dir/MiniOzoneClusterImpl-178f0ac1-9287-41ca-b66e-5f4c0e2bc6ba/datanode-5/data/ratis/47f08160-2de5-4fb9-bb42-e431fbf4e8ab has been successfully formatted.
2020-03-27 08:15:09,576 [pool-638-thread-1] INFO  ratis.ContainerStateMachine (ContainerStateMachine.java:loadSnapshot(233)) - group-E431FBF4E8AB: The snapshot info is null. Setting the last applied indexto:(t:0, i:~)
2020-03-27 08:15:09,576 [pool-638-thread-1] INFO  server.RaftServerConfigKeys (ConfUtils.java:logGet(43)) - raft.server.notification.no-leader.timeout = 60s (default)
2020-03-27 08:15:09,576 [pool-638-thread-1] INFO  server.RaftServerConfigKeys (ConfUtils.java:logGet(43)) - raft.server.log.use.memory = false (default)
2020-03-27 08:15:09,576 [pool-638-thread-1] INFO  server.RaftServerConfigKeys (ConfUtils.java:logGet(43)) - raft.server.log.purge.gap = 1000000 (custom)
2020-03-27 08:15:09,576 [pool-638-thread-1] INFO  server.RaftServerConfigKeys (ConfUtils.java:logGet(43)) - raft.server.log.appender.buffer.byte-limit = 33554432 (custom)
2020-03-27 08:15:09,576 [pool-638-thread-1] INFO  server.RaftServerConfigKeys (ConfUtils.java:logGet(43)) - raft.server.log.segment.size.max = 1048576 (custom)
2020-03-27 08:15:09,576 [pool-638-thread-1] INFO  server.RaftServerConfigKeys (ConfUtils.java:logGet(43)) - raft.server.log.segment.cache.num.max = 2 (custom)
2020-03-27 08:15:09,576 [pool-638-thread-1] INFO  segmented.SegmentedRaftLogWorker (SegmentedRaftLogWorker.java:<init>(176)) - new 77fc4d9c-d2cb-491d-92c6-7c69a2ec3ba6@group-E431FBF4E8AB-SegmentedRaftLogWorker for RaftStorage:Storage Directory /github/workspace/hadoop-ozone/integration-test/target/test-dir/MiniOzoneClusterImpl-178f0ac1-9287-41ca-b66e-5f4c0e2bc6ba/datanode-5/data/ratis/47f08160-2de5-4fb9-bb42-e431fbf4e8ab
2020-03-27 08:15:09,576 [pool-638-thread-1] INFO  server.RaftServerConfigKeys (ConfUtils.java:logGet(43)) - raft.server.log.queue.byte-limit = 2147483647 (custom)
2020-03-27 08:15:09,576 [pool-638-thread-1] INFO  server.RaftServerConfigKeys (ConfUtils.java:logGet(43)) - raft.server.log.queue.element-limit = 1024 (custom)
2020-03-27 08:15:09,576 [pool-638-thread-1] INFO  server.RaftServerConfigKeys (ConfUtils.java:logGet(43)) - raft.server.log.segment.size.max = 1048576 (custom)
2020-03-27 08:15:09,576 [pool-638-thread-1] INFO  server.RaftServerConfigKeys (ConfUtils.java:logGet(43)) - raft.server.log.preallocated.size = 16384 (custom)
2020-03-27 08:15:09,576 [pool-638-thread-1] INFO  server.RaftServerConfigKeys (ConfUtils.java:logGet(43)) - raft.server.log.write.buffer.size = 1048576 (custom)
2020-03-27 08:15:09,576 [pool-638-thread-1] INFO  server.RaftServerConfigKeys (ConfUtils.java:logGet(43)) - raft.server.log.force.sync.num = 128 (default)
2020-03-27 08:15:09,576 [pool-638-thread-1] INFO  server.RaftServerConfigKeys (ConfUtils.java:logGet(43)) - raft.server.log.statemachine.data.sync = true (default)
2020-03-27 08:15:09,577 [pool-638-thread-1] INFO  server.RaftServerConfigKeys (ConfUtils.java:logGet(43)) - raft.server.log.statemachine.data.sync.timeout = 10s (default)
2020-03-27 08:15:09,577 [EventQueue-PipelineReportForPipelineReportHandler] INFO  pipeline.PipelineStateManager (PipelineStateManager.java:openPipeline(131)) - Pipeline Pipeline[ Id: 47f08160-2de5-4fb9-bb42-e431fbf4e8ab, Nodes: 77fc4d9c-d2cb-491d-92c6-7c69a2ec3ba6{ip: 172.17.0.2, host: 767d39cb30d6, networkLocation: /default-rack, certSerialId: null}, Type:RATIS, Factor:ONE, State:ALLOCATED, leaderId:77fc4d9c-d2cb-491d-92c6-7c69a2ec3ba6, CreationTimestamp2020-03-27T08:15:06.558Z] moved to OPEN state
2020-03-27 08:15:09,577 [EventQueue-OpenPipelineForHealthyPipelineSafeModeRule] INFO  safemode.SCMSafeModeManager (HealthyPipelineSafeModeRule.java:process(131)) - SCM in safe mode. Healthy pipelines reported count is 0, required healthy pipeline reported count is 1
2020-03-27 08:15:09,577 [pool-638-thread-1] INFO  server.RaftServerConfigKeys (ConfUtils.java:logGet(43)) - raft.server.log.statemachine.data.sync.timeout.retry = -1 (default)
2020-03-27 08:15:09,577 [EventQueue-OpenPipelineForOneReplicaPipelineSafeModeRule] INFO  safemode.SCMSafeModeManager (SCMSafeModeManager.java:validateSafeModeExitRules(175)) - AtleastOneDatanodeReportedRule rule is successfully validated
2020-03-27 08:15:09,578 [pool-638-thread-1] INFO  server.RaftServerConfigKeys (ConfUtils.java:logGet(43)) - raft.server.log.statemachine.data.caching.enabled = true (custom)
2020-03-27 08:15:09,578 [pool-638-thread-1] INFO  segmented.SegmentedRaftLogWorker (SegmentedRaftLogWorker.java:lambda$new$0(129)) - 77fc4d9c-d2cb-491d-92c6-7c69a2ec3ba6@group-E431FBF4E8AB-SegmentedRaftLogWorker: flushIndex: setUnconditionally 0 -> -1
2020-03-27 08:15:09,578 [pool-638-thread-1] INFO  server.RaftServerConfigKeys (ConfUtils.java:logGet(43)) - raft.server.snapshot.auto.trigger.enabled = true (custom)
2020-03-27 08:15:09,578 [pool-638-thread-1] INFO  server.RaftServerConfigKeys (ConfUtils.java:logGet(43)) - raft.server.snapshot.auto.trigger.threshold = 10000 (custom)
2020-03-27 08:15:09,578 [pool-638-thread-1] INFO  server.RaftServerConfigKeys (ConfUtils.java:logGet(43)) - raft.server.snapshot.retention.file.num = 5 (custom)
2020-03-27 08:15:09,578 [pool-638-thread-1] INFO  server.RaftServerConfigKeys (ConfUtils.java:logGet(43)) - raft.server.retrycache.expirytime = 600000ms (custom)
2020-03-27 08:15:09,578 [pool-638-thread-1] INFO  metrics.RatisMetrics (RatisMetrics.java:lambda$create$0(39)) - Creating Metrics Registry : ratis.leader_election.77fc4d9c-d2cb-491d-92c6-7c69a2ec3ba6@group-E431FBF4E8AB
2020-03-27 08:15:09,579 [pool-638-thread-1] INFO  metrics.RatisMetrics (RatisMetrics.java:lambda$create$0(39)) - Creating Metrics Registry : ratis.server.77fc4d9c-d2cb-491d-92c6-7c69a2ec3ba6@group-E431FBF4E8AB
2020-03-27 08:15:09,579 [pool-638-thread-1] INFO  impl.RaftServerImpl (RaftServerImpl.java:start(183)) - 77fc4d9c-d2cb-491d-92c6-7c69a2ec3ba6@group-E431FBF4E8AB: start as a follower, conf=-1: [77fc4d9c-d2cb-491d-92c6-7c69a2ec3ba6:172.17.0.2:44703], old=null
2020-03-27 08:15:09,580 [pool-638-thread-1] INFO  impl.RaftServerImpl (RaftServerImpl.java:setRole(172)) - 77fc4d9c-d2cb-491d-92c6-7c69a2ec3ba6@group-E431FBF4E8AB: changes role from      null to FOLLOWER at term 0 for startAsFollower
2020-03-27 08:15:09,580 [pool-638-thread-1] INFO  impl.RoleInfo (RoleInfo.java:updateAndGet(143)) - 77fc4d9c-d2cb-491d-92c6-7c69a2ec3ba6: start FollowerState
2020-03-27 08:15:09,580 [pool-638-thread-1] INFO  util.JmxRegister (JmxRegister.java:tryRegister(44)) - Successfully registered JMX Bean with object name Ratis:service=RaftServer,group=group-E431FBF4E8AB,id=77fc4d9c-d2cb-491d-92c6-7c69a2ec3ba6
2020-03-27 08:15:09,580 [pool-638-thread-1] INFO  metrics.RatisMetrics (RatisMetrics.java:lambda$create$0(39)) - Creating Metrics Registry : ratis.state_machine.77fc4d9c-d2cb-491d-92c6-7c69a2ec3ba6@group-E431FBF4E8AB
2020-03-27 08:15:09,581 [Command processor thread] INFO  commandhandler.CreatePipelineCommandHandler (CreatePipelineCommandHandler.java:handle(112)) - Created Pipeline RATIS ONE #id: "47f08160-2de5-4fb9-bb42-e431fbf4e8ab"
.
2020-03-27 08:15:09,616 [Command processor thread] INFO  impl.RaftServerProxy (RaftServerProxy.java:addNew(89)) - 6868d56a-2336-4046-a4ac-d6ad311db1a4: addNew group-E434ACB9EEDD:[6868d56a-2336-4046-a4ac-d6ad311db1a4:172.17.0.2:45275] returns group-E434ACB9EEDD:java.util.concurrent.CompletableFuture@3ab1a61b[Not completed]
2020-03-27 08:15:09,617 [pool-653-thread-1] INFO  impl.RaftServerImpl (RaftServerImpl.java:<init>(97)) - 6868d56a-2336-4046-a4ac-d6ad311db1a4: new RaftServerImpl for group-E434ACB9EEDD:[6868d56a-2336-4046-a4ac-d6ad311db1a4:172.17.0.2:45275] with ContainerStateMachine:uninitialized
2020-03-27 08:15:09,618 [pool-653-thread-1] INFO  server.RaftServerConfigKeys (ConfUtils.java:logGet(43)) - raft.server.rpc.timeout.min = 5s (custom)
2020-03-27 08:15:09,618 [pool-653-thread-1] INFO  server.RaftServerConfigKeys (ConfUtils.java:logGet(43)) - raft.server.rpc.timeout.max = 5200ms (custom)
2020-03-27 08:15:09,618 [pool-653-thread-1] INFO  server.RaftServerConfigKeys (ConfUtils.java:logGet(43)) - raft.server.rpcslowness.timeout = 300s (custom)
2020-03-27 08:15:09,618 [pool-653-thread-1] INFO  server.RaftServerConfigKeys (ConfUtils.java:logGet(43)) - raft.server.sleep.deviation.threshold = 300 (default)
2020-03-27 08:15:09,618 [pool-653-thread-1] INFO  server.RaftServerConfigKeys (ConfUtils.java:logGet(43)) - raft.server.log.appender.install.snapshot.enabled = false (custom)
2020-03-27 08:15:09,618 [pool-653-thread-1] INFO  impl.RaftServerImpl (ServerState.java:<init>(103)) - 6868d56a-2336-4046-a4ac-d6ad311db1a4@group-E434ACB9EEDD: ConfigurationManager, init=-1: [6868d56a-2336-4046-a4ac-d6ad311db1a4:172.17.0.2:45275], old=null, confs=<EMPTY_MAP>
2020-03-27 08:15:09,618 [pool-653-thread-1] INFO  server.RaftServerConfigKeys (ConfUtils.java:logGet(43)) - raft.server.storage.dir = [/github/workspace/hadoop-ozone/integration-test/target/test-dir/MiniOzoneClusterImpl-178f0ac1-9287-41ca-b66e-5f4c0e2bc6ba/datanode-6/data/ratis] (custom)
2020-03-27 08:15:09,618 [pool-653-thread-1] INFO  server.RaftServerConfigKeys (ConfUtils.java:logGet(43)) - raft.server.log.corruption.policy = EXCEPTION (default)
2020-03-27 08:15:09,619 [pool-653-thread-1] INFO  storage.RaftStorageDirectory (RaftStorageDirectory.java:analyzeStorage(253)) - The storage directory /github/workspace/hadoop-ozone/integration-test/target/test-dir/MiniOzoneClusterImpl-178f0ac1-9287-41ca-b66e-5f4c0e2bc6ba/datanode-6/data/ratis/4dce4205-7210-4ac6-9010-e434acb9eedd does not exist. Creating ...
2020-03-27 08:15:09,620 [pool-653-thread-1] INFO  storage.RaftStorageDirectory (RaftStorageDirectory.java:tryLock(335)) - Lock on /github/workspace/hadoop-ozone/integration-test/target/test-dir/MiniOzoneClusterImpl-178f0ac1-9287-41ca-b66e-5f4c0e2bc6ba/datanode-6/data/ratis/4dce4205-7210-4ac6-9010-e434acb9eedd/in_use.lock acquired by nodename 16179@767d39cb30d6
2020-03-27 08:15:09,622 [pool-653-thread-1] INFO  storage.RaftStorage (RaftStorage.java:format(84)) - Storage directory /github/workspace/hadoop-ozone/integration-test/target/test-dir/MiniOzoneClusterImpl-178f0ac1-9287-41ca-b66e-5f4c0e2bc6ba/datanode-6/data/ratis/4dce4205-7210-4ac6-9010-e434acb9eedd has been successfully formatted.
2020-03-27 08:15:09,623 [pool-653-thread-1] INFO  ratis.ContainerStateMachine (ContainerStateMachine.java:loadSnapshot(233)) - group-E434ACB9EEDD: The snapshot info is null. Setting the last applied indexto:(t:0, i:~)
2020-03-27 08:15:09,623 [pool-653-thread-1] INFO  server.RaftServerConfigKeys (ConfUtils.java:logGet(43)) - raft.server.notification.no-leader.timeout = 60s (default)
2020-03-27 08:15:09,623 [pool-653-thread-1] INFO  server.RaftServerConfigKeys (ConfUtils.java:logGet(43)) - raft.server.log.use.memory = false (default)
2020-03-27 08:15:09,623 [pool-653-thread-1] INFO  server.RaftServerConfigKeys (ConfUtils.java:logGet(43)) - raft.server.log.purge.gap = 1000000 (custom)
2020-03-27 08:15:09,623 [EventQueue-PipelineReportForPipelineReportHandler] INFO  pipeline.PipelineStateManager (PipelineStateManager.java:openPipeline(131)) - Pipeline Pipeline[ Id: 4dce4205-7210-4ac6-9010-e434acb9eedd, Nodes: 6868d56a-2336-4046-a4ac-d6ad311db1a4{ip: 172.17.0.2, host: 767d39cb30d6, networkLocation: /default-rack, certSerialId: null}, Type:RATIS, Factor:ONE, State:ALLOCATED, leaderId:6868d56a-2336-4046-a4ac-d6ad311db1a4, CreationTimestamp2020-03-27T08:15:06.616Z] moved to OPEN state
2020-03-27 08:15:09,624 [EventQueue-OpenPipelineForHealthyPipelineSafeModeRule] INFO  safemode.SCMSafeModeManager (HealthyPipelineSafeModeRule.java:process(131)) - SCM in safe mode. Healthy pipelines reported count is 0, required healthy pipeline reported count is 1
2020-03-27 08:15:09,624 [EventQueue-OpenPipelineForOneReplicaPipelineSafeModeRule] INFO  safemode.SCMSafeModeManager (SCMSafeModeManager.java:validateSafeModeExitRules(175)) - AtleastOneDatanodeReportedRule rule is successfully validated
2020-03-27 08:15:09,624 [pool-653-thread-1] INFO  server.RaftServerConfigKeys (ConfUtils.java:logGet(43)) - raft.server.log.appender.buffer.byte-limit = 33554432 (custom)
2020-03-27 08:15:09,624 [pool-653-thread-1] INFO  server.RaftServerConfigKeys (ConfUtils.java:logGet(43)) - raft.server.log.segment.size.max = 1048576 (custom)
2020-03-27 08:15:09,624 [pool-653-thread-1] INFO  metrics.RatisMetrics (RatisMetrics.java:lambda$create$0(39)) - Creating Metrics Registry : ratis.log_worker.6868d56a-2336-4046-a4ac-d6ad311db1a4
2020-03-27 08:15:09,624 [pool-653-thread-1] INFO  server.RaftServerConfigKeys (ConfUtils.java:logGet(43)) - raft.server.log.segment.cache.num.max = 2 (custom)
2020-03-27 08:15:09,624 [pool-653-thread-1] INFO  segmented.SegmentedRaftLogWorker (SegmentedRaftLogWorker.java:<init>(176)) - new 6868d56a-2336-4046-a4ac-d6ad311db1a4@group-E434ACB9EEDD-SegmentedRaftLogWorker for RaftStorage:Storage Directory /github/workspace/hadoop-ozone/integration-test/target/test-dir/MiniOzoneClusterImpl-178f0ac1-9287-41ca-b66e-5f4c0e2bc6ba/datanode-6/data/ratis/4dce4205-7210-4ac6-9010-e434acb9eedd
2020-03-27 08:15:09,624 [pool-653-thread-1] INFO  server.RaftServerConfigKeys (ConfUtils.java:logGet(43)) - raft.server.log.queue.byte-limit = 2147483647 (custom)
2020-03-27 08:15:09,624 [pool-653-thread-1] INFO  server.RaftServerConfigKeys (ConfUtils.java:logGet(43)) - raft.server.log.queue.element-limit = 1024 (custom)
2020-03-27 08:15:09,624 [pool-653-thread-1] INFO  server.RaftServerConfigKeys (ConfUtils.java:logGet(43)) - raft.server.log.segment.size.max = 1048576 (custom)
2020-03-27 08:15:09,624 [pool-653-thread-1] INFO  server.RaftServerConfigKeys (ConfUtils.java:logGet(43)) - raft.server.log.preallocated.size = 16384 (custom)
2020-03-27 08:15:09,624 [pool-653-thread-1] INFO  server.RaftServerConfigKeys (ConfUtils.java:logGet(43)) - raft.server.log.write.buffer.size = 1048576 (custom)
2020-03-27 08:15:09,624 [pool-653-thread-1] INFO  server.RaftServerConfigKeys (ConfUtils.java:logGet(43)) - raft.server.log.force.sync.num = 128 (default)
2020-03-27 08:15:09,624 [pool-653-thread-1] INFO  server.RaftServerConfigKeys (ConfUtils.java:logGet(43)) - raft.server.log.statemachine.data.sync = true (default)
2020-03-27 08:15:09,625 [pool-653-thread-1] INFO  server.RaftServerConfigKeys (ConfUtils.java:logGet(43)) - raft.server.log.statemachine.data.sync.timeout = 10s (default)
2020-03-27 08:15:09,625 [pool-653-thread-1] INFO  server.RaftServerConfigKeys (ConfUtils.java:logGet(43)) - raft.server.log.statemachine.data.sync.timeout.retry = -1 (default)
2020-03-27 08:15:09,627 [pool-653-thread-1] INFO  server.RaftServerConfigKeys (ConfUtils.java:logGet(43)) - raft.server.log.statemachine.data.caching.enabled = true (custom)
2020-03-27 08:15:09,627 [pool-653-thread-1] INFO  segmented.SegmentedRaftLogWorker (SegmentedRaftLogWorker.java:lambda$new$0(129)) - 6868d56a-2336-4046-a4ac-d6ad311db1a4@group-E434ACB9EEDD-SegmentedRaftLogWorker: flushIndex: setUnconditionally 0 -> -1
2020-03-27 08:15:09,627 [pool-653-thread-1] INFO  server.RaftServerConfigKeys (ConfUtils.java:logGet(43)) - raft.server.snapshot.auto.trigger.enabled = true (custom)
2020-03-27 08:15:09,627 [pool-653-thread-1] INFO  server.RaftServerConfigKeys (ConfUtils.java:logGet(43)) - raft.server.snapshot.auto.trigger.threshold = 10000 (custom)
2020-03-27 08:15:09,627 [pool-653-thread-1] INFO  server.RaftServerConfigKeys (ConfUtils.java:logGet(43)) - raft.server.snapshot.retention.file.num = 5 (custom)
2020-03-27 08:15:09,627 [pool-653-thread-1] INFO  server.RaftServerConfigKeys (ConfUtils.java:logGet(43)) - raft.server.retrycache.expirytime = 600000ms (custom)
2020-03-27 08:15:09,627 [pool-653-thread-1] INFO  metrics.RatisMetrics (RatisMetrics.java:lambda$create$0(39)) - Creating Metrics Registry : ratis.leader_election.6868d56a-2336-4046-a4ac-d6ad311db1a4@group-E434ACB9EEDD
2020-03-27 08:15:09,628 [pool-653-thread-1] INFO  metrics.RatisMetrics (RatisMetrics.java:lambda$create$0(39)) - Creating Metrics Registry : ratis.server.6868d56a-2336-4046-a4ac-d6ad311db1a4@group-E434ACB9EEDD
2020-03-27 08:15:09,628 [pool-653-thread-1] INFO  impl.RaftServerImpl (RaftServerImpl.java:start(183)) - 6868d56a-2336-4046-a4ac-d6ad311db1a4@group-E434ACB9EEDD: start as a follower, conf=-1: [6868d56a-2336-4046-a4ac-d6ad311db1a4:172.17.0.2:45275], old=null
2020-03-27 08:15:09,629 [pool-653-thread-1] INFO  impl.RaftServerImpl (RaftServerImpl.java:setRole(172)) - 6868d56a-2336-4046-a4ac-d6ad311db1a4@group-E434ACB9EEDD: changes role from      null to FOLLOWER at term 0 for startAsFollower
2020-03-27 08:15:09,629 [pool-653-thread-1] INFO  impl.RoleInfo (RoleInfo.java:updateAndGet(143)) - 6868d56a-2336-4046-a4ac-d6ad311db1a4: start FollowerState
2020-03-27 08:15:09,629 [pool-653-thread-1] INFO  util.JmxRegister (JmxRegister.java:tryRegister(44)) - Successfully registered JMX Bean with object name Ratis:service=RaftServer,group=group-E434ACB9EEDD,id=6868d56a-2336-4046-a4ac-d6ad311db1a4
2020-03-27 08:15:09,629 [pool-653-thread-1] INFO  metrics.RatisMetrics (RatisMetrics.java:lambda$create$0(39)) - Creating Metrics Registry : ratis.state_machine.6868d56a-2336-4046-a4ac-d6ad311db1a4@group-E434ACB9EEDD
2020-03-27 08:15:09,630 [Command processor thread] INFO  commandhandler.CreatePipelineCommandHandler (CreatePipelineCommandHandler.java:handle(112)) - Created Pipeline RATIS ONE #id: "4dce4205-7210-4ac6-9010-e434acb9eedd"
.
2020-03-27 08:15:09,682 [main] INFO  ozone.MiniOzoneClusterImpl (MiniOzoneClusterImpl.java:lambda$waitForClusterToBeReady$0(177)) - Nodes are ready. Got 7 of 7 DN Heartbeats.
2020-03-27 08:15:09,682 [main] INFO  ozone.MiniOzoneClusterImpl (MiniOzoneClusterImpl.java:lambda$waitForClusterToBeReady$0(180)) - Waiting for cluster to exit safe mode
2020-03-27 08:15:10,682 [main] INFO  ozone.MiniOzoneClusterImpl (MiniOzoneClusterImpl.java:lambda$waitForClusterToBeReady$0(177)) - Nodes are ready. Got 7 of 7 DN Heartbeats.
2020-03-27 08:15:10,683 [main] INFO  ozone.MiniOzoneClusterImpl (MiniOzoneClusterImpl.java:lambda$waitForClusterToBeReady$0(180)) - Waiting for cluster to exit safe mode
2020-03-27 08:15:11,683 [main] INFO  ozone.MiniOzoneClusterImpl (MiniOzoneClusterImpl.java:lambda$waitForClusterToBeReady$0(177)) - Nodes are ready. Got 7 of 7 DN Heartbeats.
2020-03-27 08:15:11,683 [main] INFO  ozone.MiniOzoneClusterImpl (MiniOzoneClusterImpl.java:lambda$waitForClusterToBeReady$0(180)) - Waiting for cluster to exit safe mode
2020-03-27 08:15:12,683 [main] INFO  ozone.MiniOzoneClusterImpl (MiniOzoneClusterImpl.java:lambda$waitForClusterToBeReady$0(177)) - Nodes are ready. Got 7 of 7 DN Heartbeats.
2020-03-27 08:15:12,683 [main] INFO  ozone.MiniOzoneClusterImpl (MiniOzoneClusterImpl.java:lambda$waitForClusterToBeReady$0(180)) - Waiting for cluster to exit safe mode
2020-03-27 08:15:13,684 [main] INFO  ozone.MiniOzoneClusterImpl (MiniOzoneClusterImpl.java:lambda$waitForClusterToBeReady$0(177)) - Nodes are ready. Got 7 of 7 DN Heartbeats.
2020-03-27 08:15:13,684 [main] INFO  ozone.MiniOzoneClusterImpl (MiniOzoneClusterImpl.java:lambda$waitForClusterToBeReady$0(180)) - Waiting for cluster to exit safe mode
2020-03-27 08:15:14,256 [Thread-3667] INFO  impl.FollowerState (FollowerState.java:run(108)) - c40590c3-a50d-4a7b-bb23-afdf12d31292@group-091DD7728E56-FollowerState: change to CANDIDATE, lastRpcTime:5044ms, electionTimeout:5043ms
2020-03-27 08:15:14,257 [Thread-3667] INFO  impl.RoleInfo (RoleInfo.java:shutdownFollowerState(121)) - c40590c3-a50d-4a7b-bb23-afdf12d31292: shutdown FollowerState
2020-03-27 08:15:14,257 [Thread-3667] INFO  impl.RaftServerImpl (RaftServerImpl.java:setRole(172)) - c40590c3-a50d-4a7b-bb23-afdf12d31292@group-091DD7728E56: changes role from  FOLLOWER to CANDIDATE at term 0 for changeToCandidate
2020-03-27 08:15:14,257 [Thread-3667] INFO  impl.RoleInfo (RoleInfo.java:updateAndGet(143)) - c40590c3-a50d-4a7b-bb23-afdf12d31292: start LeaderElection
2020-03-27 08:15:14,264 [c40590c3-a50d-4a7b-bb23-afdf12d31292@group-091DD7728E56-LeaderElection77] INFO  impl.LeaderElection (LeaderElection.java:askForVotes(206)) - c40590c3-a50d-4a7b-bb23-afdf12d31292@group-091DD7728E56-LeaderElection77: begin an election at term 1 for -1: [c40590c3-a50d-4a7b-bb23-afdf12d31292:172.17.0.2:42743], old=null
2020-03-27 08:15:14,264 [c40590c3-a50d-4a7b-bb23-afdf12d31292@group-091DD7728E56-LeaderElection77] INFO  impl.RoleInfo (RoleInfo.java:shutdownLeaderElection(134)) - c40590c3-a50d-4a7b-bb23-afdf12d31292: shutdown LeaderElection
2020-03-27 08:15:14,264 [c40590c3-a50d-4a7b-bb23-afdf12d31292@group-091DD7728E56-LeaderElection77] INFO  impl.RaftServerImpl (RaftServerImpl.java:setRole(172)) - c40590c3-a50d-4a7b-bb23-afdf12d31292@group-091DD7728E56: changes role from CANDIDATE to LEADER at term 1 for changeToLeader
2020-03-27 08:15:14,264 [c40590c3-a50d-4a7b-bb23-afdf12d31292@group-091DD7728E56-LeaderElection77] INFO  ratis.XceiverServerRatis (XceiverServerRatis.java:handleLeaderChangedNotification(739)) - Leader change notification received for group: group-091DD7728E56 with new leaderId: c40590c3-a50d-4a7b-bb23-afdf12d31292
2020-03-27 08:15:14,264 [c40590c3-a50d-4a7b-bb23-afdf12d31292@group-091DD7728E56-LeaderElection77] INFO  impl.RaftServerImpl (ServerState.java:setLeader(255)) - c40590c3-a50d-4a7b-bb23-afdf12d31292@group-091DD7728E56: change Leader from null to c40590c3-a50d-4a7b-bb23-afdf12d31292 at term 1 for becomeLeader, leader elected after 5065ms
2020-03-27 08:15:14,264 [c40590c3-a50d-4a7b-bb23-afdf12d31292@group-091DD7728E56-LeaderElection77] INFO  server.RaftServerConfigKeys (ConfUtils.java:logGet(43)) - raft.server.staging.catchup.gap = 1000 (default)
2020-03-27 08:15:14,264 [c40590c3-a50d-4a7b-bb23-afdf12d31292@group-091DD7728E56-LeaderElection77] INFO  server.RaftServerConfigKeys (ConfUtils.java:logGet(43)) - raft.server.rpc.sleep.time = 25ms (default)
2020-03-27 08:15:14,264 [c40590c3-a50d-4a7b-bb23-afdf12d31292@group-091DD7728E56-LeaderElection77] INFO  metrics.RatisMetrics (RatisMetrics.java:lambda$create$0(39)) - Creating Metrics Registry : ratis.log_appender.c40590c3-a50d-4a7b-bb23-afdf12d31292@group-091DD7728E56
2020-03-27 08:15:14,265 [c40590c3-a50d-4a7b-bb23-afdf12d31292@group-091DD7728E56-LeaderElection77] INFO  server.RaftServerConfigKeys (ConfUtils.java:logGet(43)) - raft.server.write.element-limit = 1024 (custom)
2020-03-27 08:15:14,265 [c40590c3-a50d-4a7b-bb23-afdf12d31292@group-091DD7728E56-LeaderElection77] INFO  server.RaftServerConfigKeys (ConfUtils.java:logGet(43)) - raft.server.write.byte-limit = 1073741824 (custom)
2020-03-27 08:15:14,266 [c40590c3-a50d-4a7b-bb23-afdf12d31292@group-091DD7728E56-LeaderElection77] INFO  server.RaftServerConfigKeys (ConfUtils.java:logGet(43)) - raft.server.watch.timeout = 3s (custom)
2020-03-27 08:15:14,266 [c40590c3-a50d-4a7b-bb23-afdf12d31292@group-091DD7728E56-LeaderElection77] INFO  server.RaftServerConfigKeys (ConfUtils.java:logGet(43)) - raft.server.watch.timeout.denomination = 1s (default)
2020-03-27 08:15:14,266 [c40590c3-a50d-4a7b-bb23-afdf12d31292@group-091DD7728E56-LeaderElection77] INFO  server.RaftServerConfigKeys (ConfUtils.java:logGet(43)) - raft.server.watch.element-limit = 65536 (default)
2020-03-27 08:15:14,266 [c40590c3-a50d-4a7b-bb23-afdf12d31292@group-091DD7728E56-LeaderElection77] INFO  impl.RoleInfo (RoleInfo.java:updateAndGet(143)) - c40590c3-a50d-4a7b-bb23-afdf12d31292: start LeaderState
2020-03-27 08:15:14,267 [c40590c3-a50d-4a7b-bb23-afdf12d31292@group-091DD7728E56-LeaderElection77] INFO  segmented.SegmentedRaftLogWorker (SegmentedRaftLogWorker.java:startLogSegment(391)) - c40590c3-a50d-4a7b-bb23-afdf12d31292@group-091DD7728E56-SegmentedRaftLogWorker: Starting segment from index:0
2020-03-27 08:15:14,267 [c40590c3-a50d-4a7b-bb23-afdf12d31292@group-091DD7728E56-LeaderElection77] INFO  impl.RaftServerImpl (ServerState.java:setRaftConf(356)) - c40590c3-a50d-4a7b-bb23-afdf12d31292@group-091DD7728E56: set configuration 0: [c40590c3-a50d-4a7b-bb23-afdf12d31292:172.17.0.2:42743], old=null at 0
2020-03-27 08:15:14,268 [c40590c3-a50d-4a7b-bb23-afdf12d31292@group-091DD7728E56-SegmentedRaftLogWorker] INFO  segmented.SegmentedRaftLogWorker (SegmentedRaftLogWorker.java:execute(583)) - c40590c3-a50d-4a7b-bb23-afdf12d31292@group-091DD7728E56-SegmentedRaftLogWorker: created new log segment /github/workspace/hadoop-ozone/integration-test/target/test-dir/MiniOzoneClusterImpl-178f0ac1-9287-41ca-b66e-5f4c0e2bc6ba/datanode-0/data/ratis/d3b13d55-5155-4f0e-8e35-091dd7728e56/current/log_inprogress_0
2020-03-27 08:15:14,293 [Thread-3674] INFO  impl.FollowerState (FollowerState.java:run(108)) - 4f2bc8b4-1be3-4773-881c-e471bed51254@group-8E4A6CDC4F33-FollowerState: change to CANDIDATE, lastRpcTime:5001ms, electionTimeout:5000ms
2020-03-27 08:15:14,293 [Thread-3674] INFO  impl.RoleInfo (RoleInfo.java:shutdownFollowerState(121)) - 4f2bc8b4-1be3-4773-881c-e471bed51254: shutdown FollowerState
2020-03-27 08:15:14,293 [Thread-3674] INFO  impl.RaftServerImpl (RaftServerImpl.java:setRole(172)) - 4f2bc8b4-1be3-4773-881c-e471bed51254@group-8E4A6CDC4F33: changes role from  FOLLOWER to CANDIDATE at term 0 for changeToCandidate
2020-03-27 08:15:14,293 [Thread-3674] INFO  impl.RoleInfo (RoleInfo.java:updateAndGet(143)) - 4f2bc8b4-1be3-4773-881c-e471bed51254: start LeaderElection
2020-03-27 08:15:14,297 [4f2bc8b4-1be3-4773-881c-e471bed51254@group-8E4A6CDC4F33-LeaderElection78] INFO  impl.LeaderElection (LeaderElection.java:askForVotes(206)) - 4f2bc8b4-1be3-4773-881c-e471bed51254@group-8E4A6CDC4F33-LeaderElection78: begin an election at term 1 for -1: [4f2bc8b4-1be3-4773-881c-e471bed51254:172.17.0.2:40125], old=null
2020-03-27 08:15:14,297 [4f2bc8b4-1be3-4773-881c-e471bed51254@group-8E4A6CDC4F33-LeaderElection78] INFO  impl.RoleInfo (RoleInfo.java:shutdownLeaderElection(134)) - 4f2bc8b4-1be3-4773-881c-e471bed51254: shutdown LeaderElection
2020-03-27 08:15:14,297 [4f2bc8b4-1be3-4773-881c-e471bed51254@group-8E4A6CDC4F33-LeaderElection78] INFO  impl.RaftServerImpl (RaftServerImpl.java:setRole(172)) - 4f2bc8b4-1be3-4773-881c-e471bed51254@group-8E4A6CDC4F33: changes role from CANDIDATE to LEADER at term 1 for changeToLeader
2020-03-27 08:15:14,297 [4f2bc8b4-1be3-4773-881c-e471bed51254@group-8E4A6CDC4F33-LeaderElection78] INFO  ratis.XceiverServerRatis (XceiverServerRatis.java:handleLeaderChangedNotification(739)) - Leader change notification received for group: group-8E4A6CDC4F33 with new leaderId: 4f2bc8b4-1be3-4773-881c-e471bed51254
2020-03-27 08:15:14,297 [4f2bc8b4-1be3-4773-881c-e471bed51254@group-8E4A6CDC4F33-LeaderElection78] INFO  impl.RaftServerImpl (ServerState.java:setLeader(255)) - 4f2bc8b4-1be3-4773-881c-e471bed51254@group-8E4A6CDC4F33: change Leader from null to 4f2bc8b4-1be3-4773-881c-e471bed51254 at term 1 for becomeLeader, leader elected after 5017ms
2020-03-27 08:15:14,297 [4f2bc8b4-1be3-4773-881c-e471bed51254@group-8E4A6CDC4F33-LeaderElection78] INFO  server.RaftServerConfigKeys (ConfUtils.java:logGet(43)) - raft.server.staging.catchup.gap = 1000 (default)
2020-03-27 08:15:14,298 [4f2bc8b4-1be3-4773-881c-e471bed51254@group-8E4A6CDC4F33-LeaderElection78] INFO  server.RaftServerConfigKeys (ConfUtils.java:logGet(43)) - raft.server.rpc.sleep.time = 25ms (default)
2020-03-27 08:15:14,298 [4f2bc8b4-1be3-4773-881c-e471bed51254@group-8E4A6CDC4F33-LeaderElection78] INFO  metrics.RatisMetrics (RatisMetrics.java:lambda$create$0(39)) - Creating Metrics Registry : ratis.log_appender.4f2bc8b4-1be3-4773-881c-e471bed51254@group-8E4A6CDC4F33
2020-03-27 08:15:14,298 [4f2bc8b4-1be3-4773-881c-e471bed51254@group-8E4A6CDC4F33-LeaderElection78] INFO  server.RaftServerConfigKeys (ConfUtils.java:logGet(43)) - raft.server.write.element-limit = 1024 (custom)
2020-03-27 08:15:14,298 [4f2bc8b4-1be3-4773-881c-e471bed51254@group-8E4A6CDC4F33-LeaderElection78] INFO  server.RaftServerConfigKeys (ConfUtils.java:logGet(43)) - raft.server.write.byte-limit = 1073741824 (custom)
2020-03-27 08:15:14,298 [4f2bc8b4-1be3-4773-881c-e471bed51254@group-8E4A6CDC4F33-LeaderElection78] INFO  server.RaftServerConfigKeys (ConfUtils.java:logGet(43)) - raft.server.watch.timeout = 3s (custom)
2020-03-27 08:15:14,299 [4f2bc8b4-1be3-4773-881c-e471bed51254@group-8E4A6CDC4F33-LeaderElection78] INFO  server.RaftServerConfigKeys (ConfUtils.java:logGet(43)) - raft.server.watch.timeout.denomination = 1s (default)
2020-03-27 08:15:14,299 [4f2bc8b4-1be3-4773-881c-e471bed51254@group-8E4A6CDC4F33-LeaderElection78] INFO  server.RaftServerConfigKeys (ConfUtils.java:logGet(43)) - raft.server.watch.element-limit = 65536 (default)
2020-03-27 08:15:14,299 [4f2bc8b4-1be3-4773-881c-e471bed51254@group-8E4A6CDC4F33-LeaderElection78] INFO  impl.RoleInfo (RoleInfo.java:updateAndGet(143)) - 4f2bc8b4-1be3-4773-881c-e471bed51254: start LeaderState
2020-03-27 08:15:14,299 [4f2bc8b4-1be3-4773-881c-e471bed51254@group-8E4A6CDC4F33-LeaderElection78] INFO  segmented.SegmentedRaftLogWorker (SegmentedRaftLogWorker.java:startLogSegment(391)) - 4f2bc8b4-1be3-4773-881c-e471bed51254@group-8E4A6CDC4F33-SegmentedRaftLogWorker: Starting segment from index:0
2020-03-27 08:15:14,300 [4f2bc8b4-1be3-4773-881c-e471bed51254@group-8E4A6CDC4F33-LeaderElection78] INFO  impl.RaftServerImpl (ServerState.java:setRaftConf(356)) - 4f2bc8b4-1be3-4773-881c-e471bed51254@group-8E4A6CDC4F33: set configuration 0: [4f2bc8b4-1be3-4773-881c-e471bed51254:172.17.0.2:40125], old=null at 0
2020-03-27 08:15:14,301 [4f2bc8b4-1be3-4773-881c-e471bed51254@group-8E4A6CDC4F33-SegmentedRaftLogWorker] INFO  segmented.SegmentedRaftLogWorker (SegmentedRaftLogWorker.java:execute(583)) - 4f2bc8b4-1be3-4773-881c-e471bed51254@group-8E4A6CDC4F33-SegmentedRaftLogWorker: created new log segment /github/workspace/hadoop-ozone/integration-test/target/test-dir/MiniOzoneClusterImpl-178f0ac1-9287-41ca-b66e-5f4c0e2bc6ba/datanode-1/data/ratis/18611790-34f5-49aa-bc60-8e4a6cdc4f33/current/log_inprogress_0
2020-03-27 08:15:14,312 [Thread-3669] INFO  impl.FollowerState (FollowerState.java:run(108)) - c40590c3-a50d-4a7b-bb23-afdf12d31292@group-D0F55C6D3FB8-FollowerState: change to CANDIDATE, lastRpcTime:5076ms, electionTimeout:5075ms
2020-03-27 08:15:14,313 [Thread-3669] INFO  impl.RoleInfo (RoleInfo.java:shutdownFollowerState(121)) - c40590c3-a50d-4a7b-bb23-afdf12d31292: shutdown FollowerState
2020-03-27 08:15:14,313 [Thread-3669] INFO  impl.RaftServerImpl (RaftServerImpl.java:setRole(172)) - c40590c3-a50d-4a7b-bb23-afdf12d31292@group-D0F55C6D3FB8: changes role from  FOLLOWER to CANDIDATE at term 0 for changeToCandidate
2020-03-27 08:15:14,313 [Thread-3669] INFO  impl.RoleInfo (RoleInfo.java:updateAndGet(143)) - c40590c3-a50d-4a7b-bb23-afdf12d31292: start LeaderElection
2020-03-27 08:15:14,316 [c40590c3-a50d-4a7b-bb23-afdf12d31292@group-D0F55C6D3FB8-LeaderElection79] INFO  impl.LeaderElection (LeaderElection.java:askForVotes(206)) - c40590c3-a50d-4a7b-bb23-afdf12d31292@group-D0F55C6D3FB8-LeaderElection79: begin an election at term 1 for -1: [c40590c3-a50d-4a7b-bb23-afdf12d31292:172.17.0.2:42743, 786ae2ec-8760-4167-ab23-b7e9b601edc4:172.17.0.2:34415, 4f2bc8b4-1be3-4773-881c-e471bed51254:172.17.0.2:40125], old=null
2020-03-27 08:15:14,323 [grpc-default-executor-9] INFO  impl.RaftServerImpl (RaftServerImpl.java:setRole(172)) - 786ae2ec-8760-4167-ab23-b7e9b601edc4@group-D0F55C6D3FB8: changes role from  FOLLOWER to FOLLOWER at term 1 for recognizeCandidate:c40590c3-a50d-4a7b-bb23-afdf12d31292
2020-03-27 08:15:14,323 [grpc-default-executor-9] INFO  impl.RoleInfo (RoleInfo.java:shutdownFollowerState(121)) - 786ae2ec-8760-4167-ab23-b7e9b601edc4: shutdown FollowerState
2020-03-27 08:15:14,323 [grpc-default-executor-9] INFO  impl.RoleInfo (RoleInfo.java:updateAndGet(143)) - 786ae2ec-8760-4167-ab23-b7e9b601edc4: start FollowerState
2020-03-27 08:15:14,323 [Thread-3671] INFO  impl.FollowerState (FollowerState.java:run(117)) - 786ae2ec-8760-4167-ab23-b7e9b601edc4@group-D0F55C6D3FB8-FollowerState was interrupted: java.lang.InterruptedException: sleep interrupted
2020-03-27 08:15:14,333 [c40590c3-a50d-4a7b-bb23-afdf12d31292@group-D0F55C6D3FB8-LeaderElection79] INFO  impl.LeaderElection (LeaderElection.java:logAndReturn(61)) - c40590c3-a50d-4a7b-bb23-afdf12d31292@group-D0F55C6D3FB8-LeaderElection79: Election PASSED; received 1 response(s) [c40590c3-a50d-4a7b-bb23-afdf12d31292<-786ae2ec-8760-4167-ab23-b7e9b601edc4#0:OK-t1] and 0 exception(s); c40590c3-a50d-4a7b-bb23-afdf12d31292@group-D0F55C6D3FB8:t1, leader=null, voted=c40590c3-a50d-4a7b-bb23-afdf12d31292, raftlog=c40590c3-a50d-4a7b-bb23-afdf12d31292@group-D0F55C6D3FB8-SegmentedRaftLog:OPENED:c-1,f-1,i0, conf=-1: [c40590c3-a50d-4a7b-bb23-afdf12d31292:172.17.0.2:42743, 786ae2ec-8760-4167-ab23-b7e9b601edc4:172.17.0.2:34415, 4f2bc8b4-1be3-4773-881c-e471bed51254:172.17.0.2:40125], old=null
2020-03-27 08:15:14,333 [c40590c3-a50d-4a7b-bb23-afdf12d31292@group-D0F55C6D3FB8-LeaderElection79] INFO  impl.RoleInfo (RoleInfo.java:shutdownLeaderElection(134)) - c40590c3-a50d-4a7b-bb23-afdf12d31292: shutdown LeaderElection
2020-03-27 08:15:14,333 [c40590c3-a50d-4a7b-bb23-afdf12d31292@group-D0F55C6D3FB8-LeaderElection79] INFO  impl.RaftServerImpl (RaftServerImpl.java:setRole(172)) - c40590c3-a50d-4a7b-bb23-afdf12d31292@group-D0F55C6D3FB8: changes role from CANDIDATE to LEADER at term 1 for changeToLeader
2020-03-27 08:15:14,333 [c40590c3-a50d-4a7b-bb23-afdf12d31292@group-D0F55C6D3FB8-LeaderElection79] INFO  ratis.XceiverServerRatis (XceiverServerRatis.java:handleLeaderChangedNotification(739)) - Leader change notification received for group: group-D0F55C6D3FB8 with new leaderId: c40590c3-a50d-4a7b-bb23-afdf12d31292
2020-03-27 08:15:14,333 [c40590c3-a50d-4a7b-bb23-afdf12d31292@group-D0F55C6D3FB8-LeaderElection79] INFO  impl.RaftServerImpl (ServerState.java:setLeader(255)) - c40590c3-a50d-4a7b-bb23-afdf12d31292@group-D0F55C6D3FB8: change Leader from null to c40590c3-a50d-4a7b-bb23-afdf12d31292 at term 1 for becomeLeader, leader elected after 5110ms
2020-03-27 08:15:14,333 [c40590c3-a50d-4a7b-bb23-afdf12d31292@group-D0F55C6D3FB8-LeaderElection79] INFO  server.RaftServerConfigKeys (ConfUtils.java:logGet(43)) - raft.server.staging.catchup.gap = 1000 (default)
2020-03-27 08:15:14,334 [c40590c3-a50d-4a7b-bb23-afdf12d31292@group-D0F55C6D3FB8-LeaderElection79] INFO  server.RaftServerConfigKeys (ConfUtils.java:logGet(43)) - raft.server.rpc.sleep.time = 25ms (default)
2020-03-27 08:15:14,334 [c40590c3-a50d-4a7b-bb23-afdf12d31292@group-D0F55C6D3FB8-LeaderElection79] INFO  metrics.RatisMetrics (RatisMetrics.java:lambda$create$0(39)) - Creating Metrics Registry : ratis.log_appender.c40590c3-a50d-4a7b-bb23-afdf12d31292@group-D0F55C6D3FB8
2020-03-27 08:15:14,334 [c40590c3-a50d-4a7b-bb23-afdf12d31292@group-D0F55C6D3FB8-LeaderElection79] INFO  server.RaftServerConfigKeys (ConfUtils.java:logGet(43)) - raft.server.write.element-limit = 1024 (custom)
2020-03-27 08:15:14,334 [c40590c3-a50d-4a7b-bb23-afdf12d31292@group-D0F55C6D3FB8-LeaderElection79] INFO  server.RaftServerConfigKeys (ConfUtils.java:logGet(43)) - raft.server.write.byte-limit = 1073741824 (custom)
2020-03-27 08:15:14,334 [EventQueue-PipelineReportForPipelineReportHandler] INFO  pipeline.PipelineStateManager (PipelineStateManager.java:openPipeline(131)) - Pipeline Pipeline[ Id: 20a375a9-ac96-459f-a59f-d0f55c6d3fb8, Nodes: 786ae2ec-8760-4167-ab23-b7e9b601edc4{ip: 172.17.0.2, host: 767d39cb30d6, networkLocation: /default-rack, certSerialId: null}4f2bc8b4-1be3-4773-881c-e471bed51254{ip: 172.17.0.2, host: 767d39cb30d6, networkLocation: /default-rack, certSerialId: null}c40590c3-a50d-4a7b-bb23-afdf12d31292{ip: 172.17.0.2, host: 767d39cb30d6, networkLocation: /default-rack, certSerialId: null}, Type:RATIS, Factor:THREE, State:ALLOCATED, leaderId:c40590c3-a50d-4a7b-bb23-afdf12d31292, CreationTimestamp2020-03-27T08:15:06.337Z] moved to OPEN state
2020-03-27 08:15:14,337 [EventQueue-OpenPipelineForOneReplicaPipelineSafeModeRule] INFO  safemode.SCMSafeModeManager (SCMSafeModeManager.java:validateSafeModeExitRules(175)) - AtleastOneDatanodeReportedRule rule is successfully validated
2020-03-27 08:15:14,334 [c40590c3-a50d-4a7b-bb23-afdf12d31292@group-D0F55C6D3FB8-LeaderElection79] INFO  server.RaftServerConfigKeys (ConfUtils.java:logGet(43)) - raft.server.watch.timeout = 3s (custom)
2020-03-27 08:15:14,337 [grpc-default-executor-9] INFO  impl.RaftServerImpl (RaftServerImpl.java:setRole(172)) - 4f2bc8b4-1be3-4773-881c-e471bed51254@group-D0F55C6D3FB8: changes role from  FOLLOWER to FOLLOWER at term 1 for recognizeCandidate:c40590c3-a50d-4a7b-bb23-afdf12d31292
2020-03-27 08:15:14,339 [grpc-default-executor-9] INFO  impl.RoleInfo (RoleInfo.java:shutdownFollowerState(121)) - 4f2bc8b4-1be3-4773-881c-e471bed51254: shutdown FollowerState
2020-03-27 08:15:14,339 [grpc-default-executor-9] INFO  impl.RoleInfo (RoleInfo.java:updateAndGet(143)) - 4f2bc8b4-1be3-4773-881c-e471bed51254: start FollowerState
2020-03-27 08:15:14,337 [EventQueue-OpenPipelineForHealthyPipelineSafeModeRule] INFO  safemode.SCMSafeModeManager (HealthyPipelineSafeModeRule.java:process(131)) - SCM in safe mode. Healthy pipelines reported count is 1, required healthy pipeline reported count is 1
2020-03-27 08:15:14,339 [EventQueue-OpenPipelineForHealthyPipelineSafeModeRule] INFO  safemode.SCMSafeModeManager (SCMSafeModeManager.java:validateSafeModeExitRules(175)) - HealthyPipelineSafeModeRule rule is successfully validated
2020-03-27 08:15:14,339 [EventQueue-OpenPipelineForHealthyPipelineSafeModeRule] INFO  safemode.SCMSafeModeManager (SCMSafeModeManager.java:validateSafeModeExitRules(184)) - ScmSafeModeManager, all rules are successfully validated
2020-03-27 08:15:14,339 [EventQueue-OpenPipelineForHealthyPipelineSafeModeRule] INFO  safemode.SCMSafeModeManager (SCMSafeModeManager.java:exitSafeMode(200)) - SCM exiting safe mode.
2020-03-27 08:15:14,339 [c40590c3-a50d-4a7b-bb23-afdf12d31292@group-D0F55C6D3FB8-LeaderElection79] INFO  server.RaftServerConfigKeys (ConfUtils.java:logGet(43)) - raft.server.watch.timeout.denomination = 1s (default)
2020-03-27 08:15:14,339 [c40590c3-a50d-4a7b-bb23-afdf12d31292@group-D0F55C6D3FB8-LeaderElection79] INFO  server.RaftServerConfigKeys (ConfUtils.java:logGet(43)) - raft.server.watch.element-limit = 65536 (default)
2020-03-27 08:15:14,339 [c40590c3-a50d-4a7b-bb23-afdf12d31292@group-D0F55C6D3FB8-LeaderElection79] INFO  server.RaftServerConfigKeys (ConfUtils.java:logGet(43)) - raft.server.log.appender.snapshot.chunk.size.max = 16MB (=16777216) (default)
2020-03-27 08:15:14,340 [c40590c3-a50d-4a7b-bb23-afdf12d31292@group-D0F55C6D3FB8-LeaderElection79] INFO  server.RaftServerConfigKeys (ConfUtils.java:logGet(43)) - raft.server.log.appender.buffer.byte-limit = 33554432 (custom)
2020-03-27 08:15:14,340 [c40590c3-a50d-4a7b-bb23-afdf12d31292@group-D0F55C6D3FB8-LeaderElection79] INFO  server.RaftServerConfigKeys (ConfUtils.java:logGet(43)) - raft.server.log.appender.buffer.element-limit = 1 (custom)
2020-03-27 08:15:14,350 [c40590c3-a50d-4a7b-bb23-afdf12d31292@group-D0F55C6D3FB8-LeaderElection79] INFO  grpc.GrpcConfigKeys$Server (ConfUtils.java:logGet(43)) - raft.grpc.server.leader.outstanding.appends.max = 128 (default)
2020-03-27 08:15:14,351 [c40590c3-a50d-4a7b-bb23-afdf12d31292@group-D0F55C6D3FB8-LeaderElection79] INFO  server.RaftServerConfigKeys (ConfUtils.java:logGet(43)) - raft.server.rpc.request.timeout = 3s (default)
2020-03-27 08:15:14,351 [c40590c3-a50d-4a7b-bb23-afdf12d31292@group-D0F55C6D3FB8-LeaderElection79] INFO  server.RaftServerConfigKeys (ConfUtils.java:logGet(43)) - raft.server.log.appender.install.snapshot.enabled = false (custom)
2020-03-27 08:15:14,353 [c40590c3-a50d-4a7b-bb23-afdf12d31292@group-D0F55C6D3FB8-LeaderElection79] INFO  server.RaftServerConfigKeys (ConfUtils.java:logGet(43)) - raft.server.log.appender.snapshot.chunk.size.max = 16MB (=16777216) (default)
2020-03-27 08:15:14,353 [c40590c3-a50d-4a7b-bb23-afdf12d31292@group-D0F55C6D3FB8-LeaderElection79] INFO  server.RaftServerConfigKeys (ConfUtils.java:logGet(43)) - raft.server.log.appender.buffer.byte-limit = 33554432 (custom)
2020-03-27 08:15:14,353 [c40590c3-a50d-4a7b-bb23-afdf12d31292@group-D0F55C6D3FB8-LeaderElection79] INFO  server.RaftServerConfigKeys (ConfUtils.java:logGet(43)) - raft.server.log.appender.buffer.element-limit = 1 (custom)
2020-03-27 08:15:14,353 [c40590c3-a50d-4a7b-bb23-afdf12d31292@group-D0F55C6D3FB8-LeaderElection79] INFO  grpc.GrpcConfigKeys$Server (ConfUtils.java:logGet(43)) - raft.grpc.server.leader.outstanding.appends.max = 128 (default)
2020-03-27 08:15:14,353 [c40590c3-a50d-4a7b-bb23-afdf12d31292@group-D0F55C6D3FB8-LeaderElection79] INFO  server.RaftServerConfigKeys (ConfUtils.java:logGet(43)) - raft.server.rpc.request.timeout = 3s (default)
2020-03-27 08:15:14,353 [c40590c3-a50d-4a7b-bb23-afdf12d31292@group-D0F55C6D3FB8-LeaderElection79] INFO  server.RaftServerConfigKeys (ConfUtils.java:logGet(43)) - raft.server.log.appender.install.snapshot.enabled = false (custom)
2020-03-27 08:15:14,355 [c40590c3-a50d-4a7b-bb23-afdf12d31292@group-D0F55C6D3FB8-LeaderElection79] INFO  impl.RoleInfo (RoleInfo.java:updateAndGet(143)) - c40590c3-a50d-4a7b-bb23-afdf12d31292: start LeaderState
2020-03-27 08:15:14,355 [c40590c3-a50d-4a7b-bb23-afdf12d31292@group-D0F55C6D3FB8-LeaderElection79] INFO  segmented.SegmentedRaftLogWorker (SegmentedRaftLogWorker.java:startLogSegment(391)) - c40590c3-a50d-4a7b-bb23-afdf12d31292@group-D0F55C6D3FB8-SegmentedRaftLogWorker: Starting segment from index:0
2020-03-27 08:15:14,357 [c40590c3-a50d-4a7b-bb23-afdf12d31292@group-D0F55C6D3FB8-SegmentedRaftLogWorker] INFO  segmented.SegmentedRaftLogWorker (SegmentedRaftLogWorker.java:execute(583)) - c40590c3-a50d-4a7b-bb23-afdf12d31292@group-D0F55C6D3FB8-SegmentedRaftLogWorker: created new log segment /github/workspace/hadoop-ozone/integration-test/target/test-dir/MiniOzoneClusterImpl-178f0ac1-9287-41ca-b66e-5f4c0e2bc6ba/datanode-0/data/ratis/20a375a9-ac96-459f-a59f-d0f55c6d3fb8/current/log_inprogress_0
2020-03-27 08:15:14,359 [c40590c3-a50d-4a7b-bb23-afdf12d31292@group-D0F55C6D3FB8-LeaderElection79] INFO  impl.RaftServerImpl (ServerState.java:setRaftConf(356)) - c40590c3-a50d-4a7b-bb23-afdf12d31292@group-D0F55C6D3FB8: set configuration 0: [c40590c3-a50d-4a7b-bb23-afdf12d31292:172.17.0.2:42743, 786ae2ec-8760-4167-ab23-b7e9b601edc4:172.17.0.2:34415, 4f2bc8b4-1be3-4773-881c-e471bed51254:172.17.0.2:40125], old=null at 0
2020-03-27 08:15:14,362 [Thread-3681] INFO  impl.FollowerState (FollowerState.java:run(108)) - c40590c3-a50d-4a7b-bb23-afdf12d31292@group-64DF7057DAE6-FollowerState: change to CANDIDATE, lastRpcTime:5013ms, electionTimeout:5010ms
2020-03-27 08:15:14,363 [Thread-3681] INFO  impl.RoleInfo (RoleInfo.java:shutdownFollowerState(121)) - c40590c3-a50d-4a7b-bb23-afdf12d31292: shutdown FollowerState
2020-03-27 08:15:14,363 [Thread-3681] INFO  impl.RaftServerImpl (RaftServerImpl.java:setRole(172)) - c40590c3-a50d-4a7b-bb23-afdf12d31292@group-64DF7057DAE6: changes role from  FOLLOWER to CANDIDATE at term 0 for changeToCandidate
2020-03-27 08:15:14,363 [Thread-3681] INFO  impl.RoleInfo (RoleInfo.java:updateAndGet(143)) - c40590c3-a50d-4a7b-bb23-afdf12d31292: start LeaderElection
2020-03-27 08:15:14,364 [grpc-default-executor-9] INFO  ratis.XceiverServerRatis (XceiverServerRatis.java:handleLeaderChangedNotification(739)) - Leader change notification received for group: group-D0F55C6D3FB8 with new leaderId: c40590c3-a50d-4a7b-bb23-afdf12d31292
2020-03-27 08:15:14,364 [grpc-default-executor-9] INFO  impl.RaftServerImpl (ServerState.java:setLeader(255)) - 4f2bc8b4-1be3-4773-881c-e471bed51254@group-D0F55C6D3FB8: change Leader from null to c40590c3-a50d-4a7b-bb23-afdf12d31292 at term 1 for appendEntries, leader elected after 5066ms
2020-03-27 08:15:14,380 [grpc-default-executor-9] INFO  impl.RaftServerImpl (ServerState.java:setRaftConf(356)) - 4f2bc8b4-1be3-4773-881c-e471bed51254@group-D0F55C6D3FB8: set configuration 0: [c40590c3-a50d-4a7b-bb23-afdf12d31292:172.17.0.2:42743, 786ae2ec-8760-4167-ab23-b7e9b601edc4:172.17.0.2:34415, 4f2bc8b4-1be3-4773-881c-e471bed51254:172.17.0.2:40125], old=null at 0
2020-03-27 08:15:14,380 [grpc-default-executor-9] INFO  segmented.SegmentedRaftLogWorker (SegmentedRaftLogWorker.java:startLogSegment(391)) - 4f2bc8b4-1be3-4773-881c-e471bed51254@group-D0F55C6D3FB8-SegmentedRaftLogWorker: Starting segment from index:0
2020-03-27 08:15:14,382 [grpc-default-executor-13] INFO  ratis.XceiverServerRatis (XceiverServerRatis.java:handleLeaderChangedNotification(739)) - Leader change notification received for group: group-D0F55C6D3FB8 with new leaderId: c40590c3-a50d-4a7b-bb23-afdf12d31292
2020-03-27 08:15:14,383 [grpc-default-executor-13] INFO  impl.RaftServerImpl (ServerState.java:setLeader(255)) - 786ae2ec-8760-4167-ab23-b7e9b601edc4@group-D0F55C6D3FB8: change Leader from null to c40590c3-a50d-4a7b-bb23-afdf12d31292 at term 1 for appendEntries, leader elected after 5121ms
2020-03-27 08:15:14,383 [4f2bc8b4-1be3-4773-881c-e471bed51254@group-D0F55C6D3FB8-SegmentedRaftLogWorker] INFO  segmented.SegmentedRaftLogWorker (SegmentedRaftLogWorker.java:execute(583)) - 4f2bc8b4-1be3-4773-881c-e471bed51254@group-D0F55C6D3FB8-SegmentedRaftLogWorker: created new log segment /github/workspace/hadoop-ozone/integration-test/target/test-dir/MiniOzoneClusterImpl-178f0ac1-9287-41ca-b66e-5f4c0e2bc6ba/datanode-1/data/ratis/20a375a9-ac96-459f-a59f-d0f55c6d3fb8/current/log_inprogress_0
2020-03-27 08:15:14,384 [grpc-default-executor-13] INFO  impl.RaftServerImpl (ServerState.java:setRaftConf(356)) - 786ae2ec-8760-4167-ab23-b7e9b601edc4@group-D0F55C6D3FB8: set configuration 0: [c40590c3-a50d-4a7b-bb23-afdf12d31292:172.17.0.2:42743, 786ae2ec-8760-4167-ab23-b7e9b601edc4:172.17.0.2:34415, 4f2bc8b4-1be3-4773-881c-e471bed51254:172.17.0.2:40125], old=null at 0
2020-03-27 08:15:14,384 [grpc-default-executor-13] INFO  segmented.SegmentedRaftLogWorker (SegmentedRaftLogWorker.java:startLogSegment(391)) - 786ae2ec-8760-4167-ab23-b7e9b601edc4@group-D0F55C6D3FB8-SegmentedRaftLogWorker: Starting segment from index:0
2020-03-27 08:15:14,385 [c40590c3-a50d-4a7b-bb23-afdf12d31292@group-64DF7057DAE6-LeaderElection80] INFO  impl.LeaderElection (LeaderElection.java:askForVotes(206)) - c40590c3-a50d-4a7b-bb23-afdf12d31292@group-64DF7057DAE6-LeaderElection80: begin an election at term 1 for -1: [c40590c3-a50d-4a7b-bb23-afdf12d31292:172.17.0.2:42743, 786ae2ec-8760-4167-ab23-b7e9b601edc4:172.17.0.2:34415, 4f2bc8b4-1be3-4773-881c-e471bed51254:172.17.0.2:40125], old=null
2020-03-27 08:15:14,387 [786ae2ec-8760-4167-ab23-b7e9b601edc4@group-D0F55C6D3FB8-SegmentedRaftLogWorker] INFO  segmented.SegmentedRaftLogWorker (SegmentedRaftLogWorker.java:execute(583)) - 786ae2ec-8760-4167-ab23-b7e9b601edc4@group-D0F55C6D3FB8-SegmentedRaftLogWorker: created new log segment /github/workspace/hadoop-ozone/integration-test/target/test-dir/MiniOzoneClusterImpl-178f0ac1-9287-41ca-b66e-5f4c0e2bc6ba/datanode-2/data/ratis/20a375a9-ac96-459f-a59f-d0f55c6d3fb8/current/log_inprogress_0
2020-03-27 08:15:14,391 [grpc-default-executor-13] INFO  impl.RaftServerImpl (RaftServerImpl.java:setRole(172)) - 786ae2ec-8760-4167-ab23-b7e9b601edc4@group-64DF7057DAE6: changes role from  FOLLOWER to FOLLOWER at term 1 for recognizeCandidate:c40590c3-a50d-4a7b-bb23-afdf12d31292
2020-03-27 08:15:14,391 [grpc-default-executor-13] INFO  impl.RoleInfo (RoleInfo.java:shutdownFollowerState(121)) - 786ae2ec-8760-4167-ab23-b7e9b601edc4: shutdown FollowerState
2020-03-27 08:15:14,391 [grpc-default-executor-13] INFO  impl.RoleInfo (RoleInfo.java:updateAndGet(143)) - 786ae2ec-8760-4167-ab23-b7e9b601edc4: start FollowerState
2020-03-27 08:15:14,392 [Thread-3689] INFO  impl.FollowerState (FollowerState.java:run(117)) - 786ae2ec-8760-4167-ab23-b7e9b601edc4@group-64DF7057DAE6-FollowerState was interrupted: java.lang.InterruptedException: sleep interrupted
2020-03-27 08:15:14,399 [grpc-default-executor-9] INFO  impl.RaftServerImpl (RaftServerImpl.java:setRole(172)) - 4f2bc8b4-1be3-4773-881c-e471bed51254@group-64DF7057DAE6: changes role from  FOLLOWER to FOLLOWER at term 1 for recognizeCandidate:c40590c3-a50d-4a7b-bb23-afdf12d31292
2020-03-27 08:15:14,399 [grpc-default-executor-9] INFO  impl.RoleInfo (RoleInfo.java:shutdownFollowerState(121)) - 4f2bc8b4-1be3-4773-881c-e471bed51254: shutdown FollowerState
2020-03-27 08:15:14,399 [grpc-default-executor-9] INFO  impl.RoleInfo (RoleInfo.java:updateAndGet(143)) - 4f2bc8b4-1be3-4773-881c-e471bed51254: start FollowerState
2020-03-27 08:15:14,399 [Thread-3687] INFO  impl.FollowerState (FollowerState.java:run(117)) - 4f2bc8b4-1be3-4773-881c-e471bed51254@group-64DF7057DAE6-FollowerState was interrupted: java.lang.InterruptedException: sleep interrupted
2020-03-27 08:15:14,401 [c40590c3-a50d-4a7b-bb23-afdf12d31292@group-64DF7057DAE6-LeaderElection80] INFO  impl.LeaderElection (LeaderElection.java:logAndReturn(61)) - c40590c3-a50d-4a7b-bb23-afdf12d31292@group-64DF7057DAE6-LeaderElection80: Election PASSED; received 1 response(s) [c40590c3-a50d-4a7b-bb23-afdf12d31292<-786ae2ec-8760-4167-ab23-b7e9b601edc4#0:OK-t1] and 0 exception(s); c40590c3-a50d-4a7b-bb23-afdf12d31292@group-64DF7057DAE6:t1, leader=null, voted=c40590c3-a50d-4a7b-bb23-afdf12d31292, raftlog=c40590c3-a50d-4a7b-bb23-afdf12d31292@group-64DF7057DAE6-SegmentedRaftLog:OPENED:c-1,f-1,i0, conf=-1: [c40590c3-a50d-4a7b-bb23-afdf12d31292:172.17.0.2:42743, 786ae2ec-8760-4167-ab23-b7e9b601edc4:172.17.0.2:34415, 4f2bc8b4-1be3-4773-881c-e471bed51254:172.17.0.2:40125], old=null
2020-03-27 08:15:14,401 [c40590c3-a50d-4a7b-bb23-afdf12d31292@group-64DF7057DAE6-LeaderElection80] INFO  impl.RoleInfo (RoleInfo.java:shutdownLeaderElection(134)) - c40590c3-a50d-4a7b-bb23-afdf12d31292: shutdown LeaderElection
2020-03-27 08:15:14,401 [c40590c3-a50d-4a7b-bb23-afdf12d31292@group-64DF7057DAE6-LeaderElection80] INFO  impl.RaftServerImpl (RaftServerImpl.java:setRole(172)) - c40590c3-a50d-4a7b-bb23-afdf12d31292@group-64DF7057DAE6: changes role from CANDIDATE to LEADER at term 1 for changeToLeader
2020-03-27 08:15:14,401 [c40590c3-a50d-4a7b-bb23-afdf12d31292@group-64DF7057DAE6-LeaderElection80] INFO  ratis.XceiverServerRatis (XceiverServerRatis.java:handleLeaderChangedNotification(739)) - Leader change notification received for group: group-64DF7057DAE6 with new leaderId: c40590c3-a50d-4a7b-bb23-afdf12d31292
2020-03-27 08:15:14,401 [c40590c3-a50d-4a7b-bb23-afdf12d31292@group-64DF7057DAE6-LeaderElection80] INFO  impl.RaftServerImpl (ServerState.java:setLeader(255)) - c40590c3-a50d-4a7b-bb23-afdf12d31292@group-64DF7057DAE6: change Leader from null to c40590c3-a50d-4a7b-bb23-afdf12d31292 at term 1 for becomeLeader, leader elected after 5074ms
2020-03-27 08:15:14,401 [c40590c3-a50d-4a7b-bb23-afdf12d31292@group-64DF7057DAE6-LeaderElection80] INFO  server.RaftServerConfigKeys (ConfUtils.java:logGet(43)) - raft.server.staging.catchup.gap = 1000 (default)
2020-03-27 08:15:14,401 [c40590c3-a50d-4a7b-bb23-afdf12d31292@group-64DF7057DAE6-LeaderElection80] INFO  server.RaftServerConfigKeys (ConfUtils.java:logGet(43)) - raft.server.rpc.sleep.time = 25ms (default)
2020-03-27 08:15:14,402 [c40590c3-a50d-4a7b-bb23-afdf12d31292@group-64DF7057DAE6-LeaderElection80] INFO  metrics.RatisMetrics (RatisMetrics.java:lambda$create$0(39)) - Creating Metrics Registry : ratis.log_appender.c40590c3-a50d-4a7b-bb23-afdf12d31292@group-64DF7057DAE6
2020-03-27 08:15:14,402 [c40590c3-a50d-4a7b-bb23-afdf12d31292@group-64DF7057DAE6-LeaderElection80] INFO  server.RaftServerConfigKeys (ConfUtils.java:logGet(43)) - raft.server.write.element-limit = 1024 (custom)
2020-03-27 08:15:14,402 [c40590c3-a50d-4a7b-bb23-afdf12d31292@group-64DF7057DAE6-LeaderElection80] INFO  server.RaftServerConfigKeys (ConfUtils.java:logGet(43)) - raft.server.write.byte-limit = 1073741824 (custom)
2020-03-27 08:15:14,403 [c40590c3-a50d-4a7b-bb23-afdf12d31292@group-64DF7057DAE6-LeaderElection80] INFO  server.RaftServerConfigKeys (ConfUtils.java:logGet(43)) - raft.server.watch.timeout = 3s (custom)
2020-03-27 08:15:14,403 [EventQueue-PipelineReportForPipelineReportHandler] INFO  pipeline.PipelineStateManager (PipelineStateManager.java:openPipeline(131)) - Pipeline Pipeline[ Id: 191e791d-f3bf-4488-ad6f-64df7057dae6, Nodes: 786ae2ec-8760-4167-ab23-b7e9b601edc4{ip: 172.17.0.2, host: 767d39cb30d6, networkLocation: /default-rack, certSerialId: null}c40590c3-a50d-4a7b-bb23-afdf12d31292{ip: 172.17.0.2, host: 767d39cb30d6, networkLocation: /default-rack, certSerialId: null}4f2bc8b4-1be3-4773-881c-e471bed51254{ip: 172.17.0.2, host: 767d39cb30d6, networkLocation: /default-rack, certSerialId: null}, Type:RATIS, Factor:THREE, State:ALLOCATED, leaderId:c40590c3-a50d-4a7b-bb23-afdf12d31292, CreationTimestamp2020-03-27T08:15:06.338Z] moved to OPEN state
2020-03-27 08:15:14,403 [c40590c3-a50d-4a7b-bb23-afdf12d31292@group-64DF7057DAE6-LeaderElection80] INFO  server.RaftServerConfigKeys (ConfUtils.java:logGet(43)) - raft.server.watch.timeout.denomination = 1s (default)
2020-03-27 08:15:14,404 [c40590c3-a50d-4a7b-bb23-afdf12d31292@group-64DF7057DAE6-LeaderElection80] INFO  server.RaftServerConfigKeys (ConfUtils.java:logGet(43)) - raft.server.watch.element-limit = 65536 (default)
2020-03-27 08:15:14,404 [c40590c3-a50d-4a7b-bb23-afdf12d31292@group-64DF7057DAE6-LeaderElection80] INFO  server.RaftServerConfigKeys (ConfUtils.java:logGet(43)) - raft.server.log.appender.snapshot.chunk.size.max = 16MB (=16777216) (default)
2020-03-27 08:15:14,404 [c40590c3-a50d-4a7b-bb23-afdf12d31292@group-64DF7057DAE6-LeaderElection80] INFO  server.RaftServerConfigKeys (ConfUtils.java:logGet(43)) - raft.server.log.appender.buffer.byte-limit = 33554432 (custom)
2020-03-27 08:15:14,404 [c40590c3-a50d-4a7b-bb23-afdf12d31292@group-64DF7057DAE6-LeaderElection80] INFO  server.RaftServerConfigKeys (ConfUtils.java:logGet(43)) - raft.server.log.appender.buffer.element-limit = 1 (custom)
2020-03-27 08:15:14,404 [c40590c3-a50d-4a7b-bb23-afdf12d31292@group-64DF7057DAE6-LeaderElection80] INFO  grpc.GrpcConfigKeys$Server (ConfUtils.java:logGet(43)) - raft.grpc.server.leader.outstanding.appends.max = 128 (default)
2020-03-27 08:15:14,404 [c40590c3-a50d-4a7b-bb23-afdf12d31292@group-64DF7057DAE6-LeaderElection80] INFO  server.RaftServerConfigKeys (ConfUtils.java:logGet(43)) - raft.server.rpc.request.timeout = 3s (default)
2020-03-27 08:15:14,404 [c40590c3-a50d-4a7b-bb23-afdf12d31292@group-64DF7057DAE6-LeaderElection80] INFO  server.RaftServerConfigKeys (ConfUtils.java:logGet(43)) - raft.server.log.appender.install.snapshot.enabled = false (custom)
2020-03-27 08:15:14,406 [c40590c3-a50d-4a7b-bb23-afdf12d31292@group-64DF7057DAE6-LeaderElection80] INFO  server.RaftServerConfigKeys (ConfUtils.java:logGet(43)) - raft.server.log.appender.snapshot.chunk.size.max = 16MB (=16777216) (default)
2020-03-27 08:15:14,406 [c40590c3-a50d-4a7b-bb23-afdf12d31292@group-64DF7057DAE6-LeaderElection80] INFO  server.RaftServerConfigKeys (ConfUtils.java:logGet(43)) - raft.server.log.appender.buffer.byte-limit = 33554432 (custom)
2020-03-27 08:15:14,406 [c40590c3-a50d-4a7b-bb23-afdf12d31292@group-64DF7057DAE6-LeaderElection80] INFO  server.RaftServerConfigKeys (ConfUtils.java:logGet(43)) - raft.server.log.appender.buffer.element-limit = 1 (custom)
2020-03-27 08:15:14,406 [c40590c3-a50d-4a7b-bb23-afdf12d31292@group-64DF7057DAE6-LeaderElection80] INFO  grpc.GrpcConfigKeys$Server (ConfUtils.java:logGet(43)) - raft.grpc.server.leader.outstanding.appends.max = 128 (default)
2020-03-27 08:15:14,407 [c40590c3-a50d-4a7b-bb23-afdf12d31292@group-64DF7057DAE6-LeaderElection80] INFO  server.RaftServerConfigKeys (ConfUtils.java:logGet(43)) - raft.server.rpc.request.timeout = 3s (default)
2020-03-27 08:15:14,407 [c40590c3-a50d-4a7b-bb23-afdf12d31292@group-64DF7057DAE6-LeaderElection80] INFO  server.RaftServerConfigKeys (ConfUtils.java:logGet(43)) - raft.server.log.appender.install.snapshot.enabled = false (custom)
2020-03-27 08:15:14,408 [c40590c3-a50d-4a7b-bb23-afdf12d31292@group-64DF7057DAE6-LeaderElection80] INFO  impl.RoleInfo (RoleInfo.java:updateAndGet(143)) - c40590c3-a50d-4a7b-bb23-afdf12d31292: start LeaderState
2020-03-27 08:15:14,408 [c40590c3-a50d-4a7b-bb23-afdf12d31292@group-64DF7057DAE6-LeaderElection80] INFO  segmented.SegmentedRaftLogWorker (SegmentedRaftLogWorker.java:startLogSegment(391)) - c40590c3-a50d-4a7b-bb23-afdf12d31292@group-64DF7057DAE6-SegmentedRaftLogWorker: Starting segment from index:0
2020-03-27 08:15:14,410 [c40590c3-a50d-4a7b-bb23-afdf12d31292@group-64DF7057DAE6-SegmentedRaftLogWorker] INFO  segmented.SegmentedRaftLogWorker (SegmentedRaftLogWorker.java:execute(583)) - c40590c3-a50d-4a7b-bb23-afdf12d31292@group-64DF7057DAE6-SegmentedRaftLogWorker: created new log segment /github/workspace/hadoop-ozone/integration-test/target/test-dir/MiniOzoneClusterImpl-178f0ac1-9287-41ca-b66e-5f4c0e2bc6ba/datanode-0/data/ratis/191e791d-f3bf-4488-ad6f-64df7057dae6/current/log_inprogress_0
2020-03-27 08:15:14,416 [c40590c3-a50d-4a7b-bb23-afdf12d31292@group-64DF7057DAE6-LeaderElection80] INFO  impl.RaftServerImpl (ServerState.java:setRaftConf(356)) - c40590c3-a50d-4a7b-bb23-afdf12d31292@group-64DF7057DAE6: set configuration 0: [c40590c3-a50d-4a7b-bb23-afdf12d31292:172.17.0.2:42743, 786ae2ec-8760-4167-ab23-b7e9b601edc4:172.17.0.2:34415, 4f2bc8b4-1be3-4773-881c-e471bed51254:172.17.0.2:40125], old=null at 0
2020-03-27 08:15:14,420 [grpc-default-executor-13] INFO  ratis.XceiverServerRatis (XceiverServerRatis.java:handleLeaderChangedNotification(739)) - Leader change notification received for group: group-64DF7057DAE6 with new leaderId: c40590c3-a50d-4a7b-bb23-afdf12d31292
2020-03-27 08:15:14,420 [grpc-default-executor-13] INFO  impl.RaftServerImpl (ServerState.java:setLeader(255)) - 786ae2ec-8760-4167-ab23-b7e9b601edc4@group-64DF7057DAE6: change Leader from null to c40590c3-a50d-4a7b-bb23-afdf12d31292 at term 1 for appendEntries, leader elected after 5057ms
2020-03-27 08:15:14,423 [grpc-default-executor-9] INFO  ratis.XceiverServerRatis (XceiverServerRatis.java:handleLeaderChangedNotification(739)) - Leader change notification received for group: group-64DF7057DAE6 with new leaderId: c40590c3-a50d-4a7b-bb23-afdf12d31292
2020-03-27 08:15:14,423 [grpc-default-executor-9] INFO  impl.RaftServerImpl (ServerState.java:setLeader(255)) - 4f2bc8b4-1be3-4773-881c-e471bed51254@group-64DF7057DAE6: change Leader from null to c40590c3-a50d-4a7b-bb23-afdf12d31292 at term 1 for appendEntries, leader elected after 5060ms
2020-03-27 08:15:14,423 [grpc-default-executor-13] INFO  impl.RaftServerImpl (ServerState.java:setRaftConf(356)) - 786ae2ec-8760-4167-ab23-b7e9b601edc4@group-64DF7057DAE6: set configuration 0: [c40590c3-a50d-4a7b-bb23-afdf12d31292:172.17.0.2:42743, 786ae2ec-8760-4167-ab23-b7e9b601edc4:172.17.0.2:34415, 4f2bc8b4-1be3-4773-881c-e471bed51254:172.17.0.2:40125], old=null at 0
2020-03-27 08:15:14,424 [grpc-default-executor-13] INFO  segmented.SegmentedRaftLogWorker (SegmentedRaftLogWorker.java:startLogSegment(391)) - 786ae2ec-8760-4167-ab23-b7e9b601edc4@group-64DF7057DAE6-SegmentedRaftLogWorker: Starting segment from index:0
2020-03-27 08:15:14,432 [grpc-default-executor-9] INFO  impl.RaftServerImpl (ServerState.java:setRaftConf(356)) - 4f2bc8b4-1be3-4773-881c-e471bed51254@group-64DF7057DAE6: set configuration 0: [c40590c3-a50d-4a7b-bb23-afdf12d31292:172.17.0.2:42743, 786ae2ec-8760-4167-ab23-b7e9b601edc4:172.17.0.2:34415, 4f2bc8b4-1be3-4773-881c-e471bed51254:172.17.0.2:40125], old=null at 0
2020-03-27 08:15:14,432 [grpc-default-executor-9] INFO  segmented.SegmentedRaftLogWorker (SegmentedRaftLogWorker.java:startLogSegment(391)) - 4f2bc8b4-1be3-4773-881c-e471bed51254@group-64DF7057DAE6-SegmentedRaftLogWorker: Starting segment from index:0
2020-03-27 08:15:14,433 [4f2bc8b4-1be3-4773-881c-e471bed51254@group-64DF7057DAE6-SegmentedRaftLogWorker] INFO  segmented.SegmentedRaftLogWorker (SegmentedRaftLogWorker.java:execute(583)) - 4f2bc8b4-1be3-4773-881c-e471bed51254@group-64DF7057DAE6-SegmentedRaftLogWorker: created new log segment /github/workspace/hadoop-ozone/integration-test/target/test-dir/MiniOzoneClusterImpl-178f0ac1-9287-41ca-b66e-5f4c0e2bc6ba/datanode-1/data/ratis/191e791d-f3bf-4488-ad6f-64df7057dae6/current/log_inprogress_0
2020-03-27 08:15:14,433 [786ae2ec-8760-4167-ab23-b7e9b601edc4@group-64DF7057DAE6-SegmentedRaftLogWorker] INFO  segmented.SegmentedRaftLogWorker (SegmentedRaftLogWorker.java:execute(583)) - 786ae2ec-8760-4167-ab23-b7e9b601edc4@group-64DF7057DAE6-SegmentedRaftLogWorker: created new log segment /github/workspace/hadoop-ozone/integration-test/target/test-dir/MiniOzoneClusterImpl-178f0ac1-9287-41ca-b66e-5f4c0e2bc6ba/datanode-2/data/ratis/191e791d-f3bf-4488-ad6f-64df7057dae6/current/log_inprogress_0
2020-03-27 08:15:14,531 [Thread-3683] INFO  impl.FollowerState (FollowerState.java:run(108)) - 786ae2ec-8760-4167-ab23-b7e9b601edc4@group-97CA0EDA37A5-FollowerState: change to CANDIDATE, lastRpcTime:5175ms, electionTimeout:5174ms
2020-03-27 08:15:14,531 [Thread-3683] INFO  impl.RoleInfo (RoleInfo.java:shutdownFollowerState(121)) - 786ae2ec-8760-4167-ab23-b7e9b601edc4: shutdown FollowerState
2020-03-27 08:15:14,531 [Thread-3683] INFO  impl.RaftServerImpl (RaftServerImpl.java:setRole(172)) - 786ae2ec-8760-4167-ab23-b7e9b601edc4@group-97CA0EDA37A5: changes role from  FOLLOWER to CANDIDATE at term 0 for changeToCandidate
2020-03-27 08:15:14,531 [Thread-3683] INFO  impl.RoleInfo (RoleInfo.java:updateAndGet(143)) - 786ae2ec-8760-4167-ab23-b7e9b601edc4: start LeaderElection
2020-03-27 08:15:14,535 [786ae2ec-8760-4167-ab23-b7e9b601edc4@group-97CA0EDA37A5-LeaderElection81] INFO  impl.LeaderElection (LeaderElection.java:askForVotes(206)) - 786ae2ec-8760-4167-ab23-b7e9b601edc4@group-97CA0EDA37A5-LeaderElection81: begin an election at term 1 for -1: [786ae2ec-8760-4167-ab23-b7e9b601edc4:172.17.0.2:34415], old=null
2020-03-27 08:15:14,535 [786ae2ec-8760-4167-ab23-b7e9b601edc4@group-97CA0EDA37A5-LeaderElection81] INFO  impl.RoleInfo (RoleInfo.java:shutdownLeaderElection(134)) - 786ae2ec-8760-4167-ab23-b7e9b601edc4: shutdown LeaderElection
2020-03-27 08:15:14,535 [786ae2ec-8760-4167-ab23-b7e9b601edc4@group-97CA0EDA37A5-LeaderElection81] INFO  impl.RaftServerImpl (RaftServerImpl.java:setRole(172)) - 786ae2ec-8760-4167-ab23-b7e9b601edc4@group-97CA0EDA37A5: changes role from CANDIDATE to LEADER at term 1 for changeToLeader
2020-03-27 08:15:14,535 [786ae2ec-8760-4167-ab23-b7e9b601edc4@group-97CA0EDA37A5-LeaderElection81] INFO  ratis.XceiverServerRatis (XceiverServerRatis.java:handleLeaderChangedNotification(739)) - Leader change notification received for group: group-97CA0EDA37A5 with new leaderId: 786ae2ec-8760-4167-ab23-b7e9b601edc4
2020-03-27 08:15:14,536 [786ae2ec-8760-4167-ab23-b7e9b601edc4@group-97CA0EDA37A5-LeaderElection81] INFO  impl.RaftServerImpl (ServerState.java:setLeader(255)) - 786ae2ec-8760-4167-ab23-b7e9b601edc4@group-97CA0EDA37A5: change Leader from null to 786ae2ec-8760-4167-ab23-b7e9b601edc4 at term 1 for becomeLeader, leader elected after 5184ms
2020-03-27 08:15:14,536 [786ae2ec-8760-4167-ab23-b7e9b601edc4@group-97CA0EDA37A5-LeaderElection81] INFO  server.RaftServerConfigKeys (ConfUtils.java:logGet(43)) - raft.server.staging.catchup.gap = 1000 (default)
2020-03-27 08:15:14,536 [786ae2ec-8760-4167-ab23-b7e9b601edc4@group-97CA0EDA37A5-LeaderElection81] INFO  server.RaftServerConfigKeys (ConfUtils.java:logGet(43)) - raft.server.rpc.sleep.time = 25ms (default)
2020-03-27 08:15:14,536 [786ae2ec-8760-4167-ab23-b7e9b601edc4@group-97CA0EDA37A5-LeaderElection81] INFO  metrics.RatisMetrics (RatisMetrics.java:lambda$create$0(39)) - Creating Metrics Registry : ratis.log_appender.786ae2ec-8760-4167-ab23-b7e9b601edc4@group-97CA0EDA37A5
2020-03-27 08:15:14,537 [786ae2ec-8760-4167-ab23-b7e9b601edc4@group-97CA0EDA37A5-LeaderElection81] INFO  server.RaftServerConfigKeys (ConfUtils.java:logGet(43)) - raft.server.write.element-limit = 1024 (custom)
2020-03-27 08:15:14,537 [786ae2ec-8760-4167-ab23-b7e9b601edc4@group-97CA0EDA37A5-LeaderElection81] INFO  server.RaftServerConfigKeys (ConfUtils.java:logGet(43)) - raft.server.write.byte-limit = 1073741824 (custom)
2020-03-27 08:15:14,537 [786ae2ec-8760-4167-ab23-b7e9b601edc4@group-97CA0EDA37A5-LeaderElection81] INFO  server.RaftServerConfigKeys (ConfUtils.java:logGet(43)) - raft.server.watch.timeout = 3s (custom)
2020-03-27 08:15:14,537 [786ae2ec-8760-4167-ab23-b7e9b601edc4@group-97CA0EDA37A5-LeaderElection81] INFO  server.RaftServerConfigKeys (ConfUtils.java:logGet(43)) - raft.server.watch.timeout.denomination = 1s (default)
2020-03-27 08:15:14,538 [786ae2ec-8760-4167-ab23-b7e9b601edc4@group-97CA0EDA37A5-LeaderElection81] INFO  server.RaftServerConfigKeys (ConfUtils.java:logGet(43)) - raft.server.watch.element-limit = 65536 (default)
2020-03-27 08:15:14,538 [786ae2ec-8760-4167-ab23-b7e9b601edc4@group-97CA0EDA37A5-LeaderElection81] INFO  impl.RoleInfo (RoleInfo.java:updateAndGet(143)) - 786ae2ec-8760-4167-ab23-b7e9b601edc4: start LeaderState
2020-03-27 08:15:14,538 [786ae2ec-8760-4167-ab23-b7e9b601edc4@group-97CA0EDA37A5-LeaderElection81] INFO  segmented.SegmentedRaftLogWorker (SegmentedRaftLogWorker.java:startLogSegment(391)) - 786ae2ec-8760-4167-ab23-b7e9b601edc4@group-97CA0EDA37A5-SegmentedRaftLogWorker: Starting segment from index:0
2020-03-27 08:15:14,538 [786ae2ec-8760-4167-ab23-b7e9b601edc4@group-97CA0EDA37A5-LeaderElection81] INFO  impl.RaftServerImpl (ServerState.java:setRaftConf(356)) - 786ae2ec-8760-4167-ab23-b7e9b601edc4@group-97CA0EDA37A5: set configuration 0: [786ae2ec-8760-4167-ab23-b7e9b601edc4:172.17.0.2:34415], old=null at 0
2020-03-27 08:15:14,539 [786ae2ec-8760-4167-ab23-b7e9b601edc4@group-97CA0EDA37A5-SegmentedRaftLogWorker] INFO  segmented.SegmentedRaftLogWorker (SegmentedRaftLogWorker.java:execute(583)) - 786ae2ec-8760-4167-ab23-b7e9b601edc4@group-97CA0EDA37A5-SegmentedRaftLogWorker: created new log segment /github/workspace/hadoop-ozone/integration-test/target/test-dir/MiniOzoneClusterImpl-178f0ac1-9287-41ca-b66e-5f4c0e2bc6ba/datanode-2/data/ratis/f39c7753-47b3-49b4-b5e3-97ca0eda37a5/current/log_inprogress_0
2020-03-27 08:15:14,570 [Thread-3697] INFO  impl.FollowerState (FollowerState.java:run(108)) - d8a051d7-a144-4c31-9411-4634ccd4403a@group-F6189F8743C0-FollowerState: change to CANDIDATE, lastRpcTime:5112ms, electionTimeout:5111ms
2020-03-27 08:15:14,571 [Thread-3697] INFO  impl.RoleInfo (RoleInfo.java:shutdownFollowerState(121)) - d8a051d7-a144-4c31-9411-4634ccd4403a: shutdown FollowerState
2020-03-27 08:15:14,571 [Thread-3697] INFO  impl.RaftServerImpl (RaftServerImpl.java:setRole(172)) - d8a051d7-a144-4c31-9411-4634ccd4403a@group-F6189F8743C0: changes role from  FOLLOWER to CANDIDATE at term 0 for changeToCandidate
2020-03-27 08:15:14,571 [Thread-3697] INFO  impl.RoleInfo (RoleInfo.java:updateAndGet(143)) - d8a051d7-a144-4c31-9411-4634ccd4403a: start LeaderElection
2020-03-27 08:15:14,576 [d8a051d7-a144-4c31-9411-4634ccd4403a@group-F6189F8743C0-LeaderElection82] INFO  impl.LeaderElection (LeaderElection.java:askForVotes(206)) - d8a051d7-a144-4c31-9411-4634ccd4403a@group-F6189F8743C0-LeaderElection82: begin an election at term 1 for -1: [fe5755ee-a695-4f61-b92b-3d721cb7d98e:172.17.0.2:43435, 77fc4d9c-d2cb-491d-92c6-7c69a2ec3ba6:172.17.0.2:44703, d8a051d7-a144-4c31-9411-4634ccd4403a:172.17.0.2:40341], old=null
2020-03-27 08:15:14,587 [grpc-default-executor-13] INFO  impl.RaftServerImpl (RaftServerImpl.java:setRole(172)) - fe5755ee-a695-4f61-b92b-3d721cb7d98e@group-F6189F8743C0: changes role from  FOLLOWER to FOLLOWER at term 1 for recognizeCandidate:d8a051d7-a144-4c31-9411-4634ccd4403a
2020-03-27 08:15:14,587 [grpc-default-executor-13] INFO  impl.RoleInfo (RoleInfo.java:shutdownFollowerState(121)) - fe5755ee-a695-4f61-b92b-3d721cb7d98e: shutdown FollowerState
2020-03-27 08:15:14,588 [grpc-default-executor-13] INFO  impl.RoleInfo (RoleInfo.java:updateAndGet(143)) - fe5755ee-a695-4f61-b92b-3d721cb7d98e: start FollowerState
2020-03-27 08:15:14,588 [Thread-3701] INFO  impl.FollowerState (FollowerState.java:run(117)) - fe5755ee-a695-4f61-b92b-3d721cb7d98e@group-F6189F8743C0-FollowerState was interrupted: java.lang.InterruptedException: sleep interrupted
2020-03-27 08:15:14,595 [Thread-3712] INFO  impl.FollowerState (FollowerState.java:run(108)) - 77fc4d9c-d2cb-491d-92c6-7c69a2ec3ba6@group-9949AF5E83F0-FollowerState: change to CANDIDATE, lastRpcTime:5041ms, electionTimeout:5021ms
2020-03-27 08:15:14,595 [Thread-3712] INFO  impl.RoleInfo (RoleInfo.java:shutdownFollowerState(121)) - 77fc4d9c-d2cb-491d-92c6-7c69a2ec3ba6: shutdown FollowerState
2020-03-27 08:15:14,595 [Thread-3712] INFO  impl.RaftServerImpl (RaftServerImpl.java:setRole(172)) - 77fc4d9c-d2cb-491d-92c6-7c69a2ec3ba6@group-9949AF5E83F0: changes role from  FOLLOWER to CANDIDATE at term 0 for changeToCandidate
2020-03-27 08:15:14,595 [Thread-3712] INFO  impl.RoleInfo (RoleInfo.java:updateAndGet(143)) - 77fc4d9c-d2cb-491d-92c6-7c69a2ec3ba6: start LeaderElection
2020-03-27 08:15:14,598 [grpc-default-executor-9] INFO  impl.RaftServerImpl (RaftServerImpl.java:setRole(172)) - 77fc4d9c-d2cb-491d-92c6-7c69a2ec3ba6@group-F6189F8743C0: changes role from  FOLLOWER to FOLLOWER at term 1 for recognizeCandidate:d8a051d7-a144-4c31-9411-4634ccd4403a
2020-03-27 08:15:14,598 [grpc-default-executor-9] INFO  impl.RoleInfo (RoleInfo.java:shutdownFollowerState(121)) - 77fc4d9c-d2cb-491d-92c6-7c69a2ec3ba6: shutdown FollowerState
2020-03-27 08:15:14,598 [grpc-default-executor-9] INFO  impl.RoleInfo (RoleInfo.java:updateAndGet(143)) - 77fc4d9c-d2cb-491d-92c6-7c69a2ec3ba6: start FollowerState
2020-03-27 08:15:14,598 [Thread-3710] INFO  impl.FollowerState (FollowerState.java:run(117)) - 77fc4d9c-d2cb-491d-92c6-7c69a2ec3ba6@group-F6189F8743C0-FollowerState was interrupted: java.lang.InterruptedException: sleep interrupted
2020-03-27 08:15:14,603 [d8a051d7-a144-4c31-9411-4634ccd4403a@group-F6189F8743C0-LeaderElection82] INFO  impl.LeaderElection (LeaderElection.java:logAndReturn(61)) - d8a051d7-a144-4c31-9411-4634ccd4403a@group-F6189F8743C0-LeaderElection82: Election PASSED; received 1 response(s) [d8a051d7-a144-4c31-9411-4634ccd4403a<-fe5755ee-a695-4f61-b92b-3d721cb7d98e#0:OK-t1] and 0 exception(s); d8a051d7-a144-4c31-9411-4634ccd4403a@group-F6189F8743C0:t1, leader=null, voted=d8a051d7-a144-4c31-9411-4634ccd4403a, raftlog=d8a051d7-a144-4c31-9411-4634ccd4403a@group-F6189F8743C0-SegmentedRaftLog:OPENED:c-1,f-1,i0, conf=-1: [fe5755ee-a695-4f61-b92b-3d721cb7d98e:172.17.0.2:43435, 77fc4d9c-d2cb-491d-92c6-7c69a2ec3ba6:172.17.0.2:44703, d8a051d7-a144-4c31-9411-4634ccd4403a:172.17.0.2:40341], old=null
2020-03-27 08:15:14,604 [d8a051d7-a144-4c31-9411-4634ccd4403a@group-F6189F8743C0-LeaderElection82] INFO  impl.RoleInfo (RoleInfo.java:shutdownLeaderElection(134)) - d8a051d7-a144-4c31-9411-4634ccd4403a: shutdown LeaderElection
2020-03-27 08:15:14,604 [d8a051d7-a144-4c31-9411-4634ccd4403a@group-F6189F8743C0-LeaderElection82] INFO  impl.RaftServerImpl (RaftServerImpl.java:setRole(172)) - d8a051d7-a144-4c31-9411-4634ccd4403a@group-F6189F8743C0: changes role from CANDIDATE to LEADER at term 1 for changeToLeader
2020-03-27 08:15:14,604 [d8a051d7-a144-4c31-9411-4634ccd4403a@group-F6189F8743C0-LeaderElection82] INFO  ratis.XceiverServerRatis (XceiverServerRatis.java:handleLeaderChangedNotification(739)) - Leader change notification received for group: group-F6189F8743C0 with new leaderId: d8a051d7-a144-4c31-9411-4634ccd4403a
2020-03-27 08:15:14,604 [d8a051d7-a144-4c31-9411-4634ccd4403a@group-F6189F8743C0-LeaderElection82] INFO  impl.RaftServerImpl (ServerState.java:setLeader(255)) - d8a051d7-a144-4c31-9411-4634ccd4403a@group-F6189F8743C0: change Leader from null to d8a051d7-a144-4c31-9411-4634ccd4403a at term 1 for becomeLeader, leader elected after 5153ms
2020-03-27 08:15:14,604 [d8a051d7-a144-4c31-9411-4634ccd4403a@group-F6189F8743C0-LeaderElection82] INFO  server.RaftServerConfigKeys (ConfUtils.java:logGet(43)) - raft.server.staging.catchup.gap = 1000 (default)
2020-03-27 08:15:14,604 [d8a051d7-a144-4c31-9411-4634ccd4403a@group-F6189F8743C0-LeaderElection82] INFO  server.RaftServerConfigKeys (ConfUtils.java:logGet(43)) - raft.server.rpc.sleep.time = 25ms (default)
2020-03-27 08:15:14,604 [d8a051d7-a144-4c31-9411-4634ccd4403a@group-F6189F8743C0-LeaderElection82] INFO  metrics.RatisMetrics (RatisMetrics.java:lambda$create$0(39)) - Creating Metrics Registry : ratis.log_appender.d8a051d7-a144-4c31-9411-4634ccd4403a@group-F6189F8743C0
2020-03-27 08:15:14,605 [EventQueue-PipelineReportForPipelineReportHandler] INFO  pipeline.PipelineStateManager (PipelineStateManager.java:openPipeline(131)) - Pipeline Pipeline[ Id: 34b7cd66-881b-4dc1-99ed-f6189f8743c0, Nodes: fe5755ee-a695-4f61-b92b-3d721cb7d98e{ip: 172.17.0.2, host: 767d39cb30d6, networkLocation: /default-rack, certSerialId: null}77fc4d9c-d2cb-491d-92c6-7c69a2ec3ba6{ip: 172.17.0.2, host: 767d39cb30d6, networkLocation: /default-rack, certSerialId: null}d8a051d7-a144-4c31-9411-4634ccd4403a{ip: 172.17.0.2, host: 767d39cb30d6, networkLocation: /default-rack, certSerialId: null}, Type:RATIS, Factor:THREE, State:ALLOCATED, leaderId:d8a051d7-a144-4c31-9411-4634ccd4403a, CreationTimestamp2020-03-27T08:15:06.559Z] moved to OPEN state
2020-03-27 08:15:14,605 [d8a051d7-a144-4c31-9411-4634ccd4403a@group-F6189F8743C0-LeaderElection82] INFO  server.RaftServerConfigKeys (ConfUtils.java:logGet(43)) - raft.server.write.element-limit = 1024 (custom)
2020-03-27 08:15:14,611 [d8a051d7-a144-4c31-9411-4634ccd4403a@group-F6189F8743C0-LeaderElection82] INFO  server.RaftServerConfigKeys (ConfUtils.java:logGet(43)) - raft.server.write.byte-limit = 1073741824 (custom)
2020-03-27 08:15:14,612 [d8a051d7-a144-4c31-9411-4634ccd4403a@group-F6189F8743C0-LeaderElection82] INFO  server.RaftServerConfigKeys (ConfUtils.java:logGet(43)) - raft.server.watch.timeout = 3s (custom)
2020-03-27 08:15:14,612 [d8a051d7-a144-4c31-9411-4634ccd4403a@group-F6189F8743C0-LeaderElection82] INFO  server.RaftServerConfigKeys (ConfUtils.java:logGet(43)) - raft.server.watch.timeout.denomination = 1s (default)
2020-03-27 08:15:14,612 [d8a051d7-a144-4c31-9411-4634ccd4403a@group-F6189F8743C0-LeaderElection82] INFO  server.RaftServerConfigKeys (ConfUtils.java:logGet(43)) - raft.server.watch.element-limit = 65536 (default)
2020-03-27 08:15:14,612 [d8a051d7-a144-4c31-9411-4634ccd4403a@group-F6189F8743C0-LeaderElection82] INFO  server.RaftServerConfigKeys (ConfUtils.java:logGet(43)) - raft.server.log.appender.snapshot.chunk.size.max = 16MB (=16777216) (default)
2020-03-27 08:15:14,612 [d8a051d7-a144-4c31-9411-4634ccd4403a@group-F6189F8743C0-LeaderElection82] INFO  server.RaftServerConfigKeys (ConfUtils.java:logGet(43)) - raft.server.log.appender.buffer.byte-limit = 33554432 (custom)
2020-03-27 08:15:14,612 [d8a051d7-a144-4c31-9411-4634ccd4403a@group-F6189F8743C0-LeaderElection82] INFO  server.RaftServerConfigKeys (ConfUtils.java:logGet(43)) - raft.server.log.appender.buffer.element-limit = 1 (custom)
2020-03-27 08:15:14,612 [d8a051d7-a144-4c31-9411-4634ccd4403a@group-F6189F8743C0-LeaderElection82] INFO  grpc.GrpcConfigKeys$Server (ConfUtils.java:logGet(43)) - raft.grpc.server.leader.outstanding.appends.max = 128 (default)
2020-03-27 08:15:14,612 [d8a051d7-a144-4c31-9411-4634ccd4403a@group-F6189F8743C0-LeaderElection82] INFO  server.RaftServerConfigKeys (ConfUtils.java:logGet(43)) - raft.server.rpc.request.timeout = 3s (default)
2020-03-27 08:15:14,612 [d8a051d7-a144-4c31-9411-4634ccd4403a@group-F6189F8743C0-LeaderElection82] INFO  server.RaftServerConfigKeys (ConfUtils.java:logGet(43)) - raft.server.log.appender.install.snapshot.enabled = false (custom)
2020-03-27 08:15:14,614 [d8a051d7-a144-4c31-9411-4634ccd4403a@group-F6189F8743C0-LeaderElection82] INFO  server.RaftServerConfigKeys (ConfUtils.java:logGet(43)) - raft.server.log.appender.snapshot.chunk.size.max = 16MB (=16777216) (default)
2020-03-27 08:15:14,614 [d8a051d7-a144-4c31-9411-4634ccd4403a@group-F6189F8743C0-LeaderElection82] INFO  server.RaftServerConfigKeys (ConfUtils.java:logGet(43)) - raft.server.log.appender.buffer.byte-limit = 33554432 (custom)
2020-03-27 08:15:14,614 [d8a051d7-a144-4c31-9411-4634ccd4403a@group-F6189F8743C0-LeaderElection82] INFO  server.RaftServerConfigKeys (ConfUtils.java:logGet(43)) - raft.server.log.appender.buffer.element-limit = 1 (custom)
2020-03-27 08:15:14,614 [Thread-3695] INFO  impl.FollowerState (FollowerState.java:run(108)) - d8a051d7-a144-4c31-9411-4634ccd4403a@group-E41956245296-FollowerState: change to CANDIDATE, lastRpcTime:5169ms, electionTimeout:5168ms
2020-03-27 08:15:14,615 [Thread-3695] INFO  impl.RoleInfo (RoleInfo.java:shutdownFollowerState(121)) - d8a051d7-a144-4c31-9411-4634ccd4403a: shutdown FollowerState
2020-03-27 08:15:14,615 [Thread-3695] INFO  impl.RaftServerImpl (RaftServerImpl.java:setRole(172)) - d8a051d7-a144-4c31-9411-4634ccd4403a@group-E41956245296: changes role from  FOLLOWER to CANDIDATE at term 0 for changeToCandidate
2020-03-27 08:15:14,616 [Thread-3695] INFO  impl.RoleInfo (RoleInfo.java:updateAndGet(143)) - d8a051d7-a144-4c31-9411-4634ccd4403a: start LeaderElection
2020-03-27 08:15:14,614 [d8a051d7-a144-4c31-9411-4634ccd4403a@group-F6189F8743C0-LeaderElection82] INFO  grpc.GrpcConfigKeys$Server (ConfUtils.java:logGet(43)) - raft.grpc.server.leader.outstanding.appends.max = 128 (default)
2020-03-27 08:15:14,616 [d8a051d7-a144-4c31-9411-4634ccd4403a@group-F6189F8743C0-LeaderElection82] INFO  server.RaftServerConfigKeys (ConfUtils.java:logGet(43)) - raft.server.rpc.request.timeout = 3s (default)
2020-03-27 08:15:14,616 [d8a051d7-a144-4c31-9411-4634ccd4403a@group-F6189F8743C0-LeaderElection82] INFO  server.RaftServerConfigKeys (ConfUtils.java:logGet(43)) - raft.server.log.appender.install.snapshot.enabled = false (custom)
2020-03-27 08:15:14,623 [77fc4d9c-d2cb-491d-92c6-7c69a2ec3ba6@group-9949AF5E83F0-LeaderElection83] INFO  impl.LeaderElection (LeaderElection.java:askForVotes(206)) - 77fc4d9c-d2cb-491d-92c6-7c69a2ec3ba6@group-9949AF5E83F0-LeaderElection83: begin an election at term 1 for -1: [fe5755ee-a695-4f61-b92b-3d721cb7d98e:172.17.0.2:43435, 77fc4d9c-d2cb-491d-92c6-7c69a2ec3ba6:172.17.0.2:44703, d8a051d7-a144-4c31-9411-4634ccd4403a:172.17.0.2:40341], old=null
2020-03-27 08:15:14,625 [d8a051d7-a144-4c31-9411-4634ccd4403a@group-E41956245296-LeaderElection84] INFO  impl.LeaderElection (LeaderElection.java:askForVotes(206)) - d8a051d7-a144-4c31-9411-4634ccd4403a@group-E41956245296-LeaderElection84: begin an election at term 1 for -1: [d8a051d7-a144-4c31-9411-4634ccd4403a:172.17.0.2:40341], old=null
2020-03-27 08:15:14,625 [d8a051d7-a144-4c31-9411-4634ccd4403a@group-E41956245296-LeaderElection84] INFO  impl.RoleInfo (RoleInfo.java:shutdownLeaderElection(134)) - d8a051d7-a144-4c31-9411-4634ccd4403a: shutdown LeaderElection
2020-03-27 08:15:14,625 [d8a051d7-a144-4c31-9411-4634ccd4403a@group-E41956245296-LeaderElection84] INFO  impl.RaftServerImpl (RaftServerImpl.java:setRole(172)) - d8a051d7-a144-4c31-9411-4634ccd4403a@group-E41956245296: changes role from CANDIDATE to LEADER at term 1 for changeToLeader
2020-03-27 08:15:14,625 [d8a051d7-a144-4c31-9411-4634ccd4403a@group-E41956245296-LeaderElection84] INFO  ratis.XceiverServerRatis (XceiverServerRatis.java:handleLeaderChangedNotification(739)) - Leader change notification received for group: group-E41956245296 with new leaderId: d8a051d7-a144-4c31-9411-4634ccd4403a
2020-03-27 08:15:14,626 [d8a051d7-a144-4c31-9411-4634ccd4403a@group-F6189F8743C0-LeaderElection82] INFO  impl.RoleInfo (RoleInfo.java:updateAndGet(143)) - d8a051d7-a144-4c31-9411-4634ccd4403a: start LeaderState
2020-03-27 08:15:14,626 [d8a051d7-a144-4c31-9411-4634ccd4403a@group-F6189F8743C0-LeaderElection82] INFO  segmented.SegmentedRaftLogWorker (SegmentedRaftLogWorker.java:startLogSegment(391)) - d8a051d7-a144-4c31-9411-4634ccd4403a@group-F6189F8743C0-SegmentedRaftLogWorker: Starting segment from index:0
2020-03-27 08:15:14,628 [d8a051d7-a144-4c31-9411-4634ccd4403a@group-F6189F8743C0-SegmentedRaftLogWorker] INFO  segmented.SegmentedRaftLogWorker (SegmentedRaftLogWorker.java:execute(583)) - d8a051d7-a144-4c31-9411-4634ccd4403a@group-F6189F8743C0-SegmentedRaftLogWorker: created new log segment /github/workspace/hadoop-ozone/integration-test/target/test-dir/MiniOzoneClusterImpl-178f0ac1-9287-41ca-b66e-5f4c0e2bc6ba/datanode-3/data/ratis/34b7cd66-881b-4dc1-99ed-f6189f8743c0/current/log_inprogress_0
2020-03-27 08:15:14,632 [d8a051d7-a144-4c31-9411-4634ccd4403a@group-E41956245296-LeaderElection84] INFO  impl.RaftServerImpl (ServerState.java:setLeader(255)) - d8a051d7-a144-4c31-9411-4634ccd4403a@group-E41956245296: change Leader from null to d8a051d7-a144-4c31-9411-4634ccd4403a at term 1 for becomeLeader, leader elected after 5184ms
2020-03-27 08:15:14,632 [d8a051d7-a144-4c31-9411-4634ccd4403a@group-F6189F8743C0-LeaderElection82] INFO  impl.RaftServerImpl (ServerState.java:setRaftConf(356)) - d8a051d7-a144-4c31-9411-4634ccd4403a@group-F6189F8743C0: set configuration 0: [fe5755ee-a695-4f61-b92b-3d721cb7d98e:172.17.0.2:43435, 77fc4d9c-d2cb-491d-92c6-7c69a2ec3ba6:172.17.0.2:44703, d8a051d7-a144-4c31-9411-4634ccd4403a:172.17.0.2:40341], old=null at 0
2020-03-27 08:15:14,632 [d8a051d7-a144-4c31-9411-4634ccd4403a@group-E41956245296-LeaderElection84] INFO  server.RaftServerConfigKeys (ConfUtils.java:logGet(43)) - raft.server.staging.catchup.gap = 1000 (default)
2020-03-27 08:15:14,632 [d8a051d7-a144-4c31-9411-4634ccd4403a@group-E41956245296-LeaderElection84] INFO  server.RaftServerConfigKeys (ConfUtils.java:logGet(43)) - raft.server.rpc.sleep.time = 25ms (default)
2020-03-27 08:15:14,632 [d8a051d7-a144-4c31-9411-4634ccd4403a@group-E41956245296-LeaderElection84] INFO  metrics.RatisMetrics (RatisMetrics.java:lambda$create$0(39)) - Creating Metrics Registry : ratis.log_appender.d8a051d7-a144-4c31-9411-4634ccd4403a@group-E41956245296
2020-03-27 08:15:14,632 [Thread-3700] INFO  impl.FollowerState (FollowerState.java:run(108)) - fe5755ee-a695-4f61-b92b-3d721cb7d98e@group-0E24B733B13C-FollowerState: change to CANDIDATE, lastRpcTime:5144ms, electionTimeout:5143ms
2020-03-27 08:15:14,633 [d8a051d7-a144-4c31-9411-4634ccd4403a@group-E41956245296-LeaderElection84] INFO  server.RaftServerConfigKeys (ConfUtils.java:logGet(43)) - raft.server.write.element-limit = 1024 (custom)
2020-03-27 08:15:14,633 [d8a051d7-a144-4c31-9411-4634ccd4403a@group-E41956245296-LeaderElection84] INFO  server.RaftServerConfigKeys (ConfUtils.java:logGet(43)) - raft.server.write.byte-limit = 1073741824 (custom)
2020-03-27 08:15:14,639 [grpc-default-executor-9] INFO  impl.RaftServerImpl (RaftServerImpl.java:setRole(172)) - d8a051d7-a144-4c31-9411-4634ccd4403a@group-9949AF5E83F0: changes role from  FOLLOWER to FOLLOWER at term 1 for recognizeCandidate:77fc4d9c-d2cb-491d-92c6-7c69a2ec3ba6
2020-03-27 08:15:14,639 [grpc-default-executor-9] INFO  impl.RoleInfo (RoleInfo.java:shutdownFollowerState(121)) - d8a051d7-a144-4c31-9411-4634ccd4403a: shutdown FollowerState
2020-03-27 08:15:14,639 [grpc-default-executor-9] INFO  impl.RoleInfo (RoleInfo.java:updateAndGet(143)) - d8a051d7-a144-4c31-9411-4634ccd4403a: start FollowerState
2020-03-27 08:15:14,639 [Thread-3706] INFO  impl.FollowerState (FollowerState.java:run(117)) - d8a051d7-a144-4c31-9411-4634ccd4403a@group-9949AF5E83F0-FollowerState was interrupted: java.lang.InterruptedException: sleep interrupted
2020-03-27 08:15:14,640 [Thread-3700] INFO  impl.RoleInfo (RoleInfo.java:shutdownFollowerState(121)) - fe5755ee-a695-4f61-b92b-3d721cb7d98e: shutdown FollowerState
2020-03-27 08:15:14,640 [Thread-3700] INFO  impl.RaftServerImpl (RaftServerImpl.java:setRole(172)) - fe5755ee-a695-4f61-b92b-3d721cb7d98e@group-0E24B733B13C: changes role from  FOLLOWER to CANDIDATE at term 0 for changeToCandidate
2020-03-27 08:15:14,640 [Thread-3700] INFO  impl.RoleInfo (RoleInfo.java:updateAndGet(143)) - fe5755ee-a695-4f61-b92b-3d721cb7d98e: start LeaderElection
2020-03-27 08:15:14,643 [grpc-default-executor-5] INFO  impl.RaftServerImpl (RaftServerImpl.java:setRole(172)) - fe5755ee-a695-4f61-b92b-3d721cb7d98e@group-9949AF5E83F0: changes role from  FOLLOWER to FOLLOWER at term 1 for recognizeCandidate:77fc4d9c-d2cb-491d-92c6-7c69a2ec3ba6
2020-03-27 08:15:14,643 [grpc-default-executor-5] INFO  impl.RoleInfo (RoleInfo.java:shutdownFollowerState(121)) - fe5755ee-a695-4f61-b92b-3d721cb7d98e: shutdown FollowerState
2020-03-27 08:15:14,643 [grpc-default-executor-5] INFO  impl.RoleInfo (RoleInfo.java:updateAndGet(143)) - fe5755ee-a695-4f61-b92b-3d721cb7d98e: start FollowerState
2020-03-27 08:15:14,643 [Thread-3704] INFO  impl.FollowerState (FollowerState.java:run(117)) - fe5755ee-a695-4f61-b92b-3d721cb7d98e@group-9949AF5E83F0-FollowerState was interrupted: java.lang.InterruptedException: sleep interrupted
2020-03-27 08:15:14,650 [77fc4d9c-d2cb-491d-92c6-7c69a2ec3ba6@group-9949AF5E83F0-LeaderElection83] INFO  impl.LeaderElection (LeaderElection.java:logAndReturn(61)) - 77fc4d9c-d2cb-491d-92c6-7c69a2ec3ba6@group-9949AF5E83F0-LeaderElection83: Election PASSED; received 1 response(s) [77fc4d9c-d2cb-491d-92c6-7c69a2ec3ba6<-fe5755ee-a695-4f61-b92b-3d721cb7d98e#0:OK-t1] and 0 exception(s); 77fc4d9c-d2cb-491d-92c6-7c69a2ec3ba6@group-9949AF5E83F0:t1, leader=null, voted=77fc4d9c-d2cb-491d-92c6-7c69a2ec3ba6, raftlog=77fc4d9c-d2cb-491d-92c6-7c69a2ec3ba6@group-9949AF5E83F0-SegmentedRaftLog:OPENED:c-1,f-1,i0, conf=-1: [fe5755ee-a695-4f61-b92b-3d721cb7d98e:172.17.0.2:43435, 77fc4d9c-d2cb-491d-92c6-7c69a2ec3ba6:172.17.0.2:44703, d8a051d7-a144-4c31-9411-4634ccd4403a:172.17.0.2:40341], old=null
2020-03-27 08:15:14,651 [77fc4d9c-d2cb-491d-92c6-7c69a2ec3ba6@group-9949AF5E83F0-LeaderElection83] INFO  impl.RoleInfo (RoleInfo.java:shutdownLeaderElection(134)) - 77fc4d9c-d2cb-491d-92c6-7c69a2ec3ba6: shutdown LeaderElection
2020-03-27 08:15:14,651 [77fc4d9c-d2cb-491d-92c6-7c69a2ec3ba6@group-9949AF5E83F0-LeaderElection83] INFO  impl.RaftServerImpl (RaftServerImpl.java:setRole(172)) - 77fc4d9c-d2cb-491d-92c6-7c69a2ec3ba6@group-9949AF5E83F0: changes role from CANDIDATE to LEADER at term 1 for changeToLeader
2020-03-27 08:15:14,651 [77fc4d9c-d2cb-491d-92c6-7c69a2ec3ba6@group-9949AF5E83F0-LeaderElection83] INFO  ratis.XceiverServerRatis (XceiverServerRatis.java:handleLeaderChangedNotification(739)) - Leader change notification received for group: group-9949AF5E83F0 with new leaderId: 77fc4d9c-d2cb-491d-92c6-7c69a2ec3ba6
2020-03-27 08:15:14,651 [77fc4d9c-d2cb-491d-92c6-7c69a2ec3ba6@group-9949AF5E83F0-LeaderElection83] INFO  impl.RaftServerImpl (ServerState.java:setLeader(255)) - 77fc4d9c-d2cb-491d-92c6-7c69a2ec3ba6@group-9949AF5E83F0: change Leader from null to 77fc4d9c-d2cb-491d-92c6-7c69a2ec3ba6 at term 1 for becomeLeader, leader elected after 5101ms
2020-03-27 08:15:14,651 [77fc4d9c-d2cb-491d-92c6-7c69a2ec3ba6@group-9949AF5E83F0-LeaderElection83] INFO  server.RaftServerConfigKeys (ConfUtils.java:logGet(43)) - raft.server.staging.catchup.gap = 1000 (default)
2020-03-27 08:15:14,651 [77fc4d9c-d2cb-491d-92c6-7c69a2ec3ba6@group-9949AF5E83F0-LeaderElection83] INFO  server.RaftServerConfigKeys (ConfUtils.java:logGet(43)) - raft.server.rpc.sleep.time = 25ms (default)
2020-03-27 08:15:14,651 [77fc4d9c-d2cb-491d-92c6-7c69a2ec3ba6@group-9949AF5E83F0-LeaderElection83] INFO  metrics.RatisMetrics (RatisMetrics.java:lambda$create$0(39)) - Creating Metrics Registry : ratis.log_appender.77fc4d9c-d2cb-491d-92c6-7c69a2ec3ba6@group-9949AF5E83F0
2020-03-27 08:15:14,651 [77fc4d9c-d2cb-491d-92c6-7c69a2ec3ba6@group-9949AF5E83F0-LeaderElection83] INFO  server.RaftServerConfigKeys (ConfUtils.java:logGet(43)) - raft.server.write.element-limit = 1024 (custom)
2020-03-27 08:15:14,651 [77fc4d9c-d2cb-491d-92c6-7c69a2ec3ba6@group-9949AF5E83F0-LeaderElection83] INFO  server.RaftServerConfigKeys (ConfUtils.java:logGet(43)) - raft.server.write.byte-limit = 1073741824 (custom)
2020-03-27 08:15:14,652 [EventQueue-PipelineReportForPipelineReportHandler] INFO  pipeline.PipelineStateManager (PipelineStateManager.java:openPipeline(131)) - Pipeline Pipeline[ Id: 134bdaae-71f1-4a71-a08c-9949af5e83f0, Nodes: d8a051d7-a144-4c31-9411-4634ccd4403a{ip: 172.17.0.2, host: 767d39cb30d6, networkLocation: /default-rack, certSerialId: null}77fc4d9c-d2cb-491d-92c6-7c69a2ec3ba6{ip: 172.17.0.2, host: 767d39cb30d6, networkLocation: /default-rack, certSerialId: null}fe5755ee-a695-4f61-b92b-3d721cb7d98e{ip: 172.17.0.2, host: 767d39cb30d6, networkLocation: /default-rack, certSerialId: null}, Type:RATIS, Factor:THREE, State:ALLOCATED, leaderId:77fc4d9c-d2cb-491d-92c6-7c69a2ec3ba6, CreationTimestamp2020-03-27T08:15:06.560Z] moved to OPEN state
2020-03-27 08:15:14,656 [grpc-default-executor-13] INFO  ratis.XceiverServerRatis (XceiverServerRatis.java:handleLeaderChangedNotification(739)) - Leader change notification received for group: group-F6189F8743C0 with new leaderId: d8a051d7-a144-4c31-9411-4634ccd4403a
2020-03-27 08:15:14,656 [grpc-default-executor-13] INFO  impl.RaftServerImpl (ServerState.java:setLeader(255)) - fe5755ee-a695-4f61-b92b-3d721cb7d98e@group-F6189F8743C0: change Leader from null to d8a051d7-a144-4c31-9411-4634ccd4403a at term 1 for appendEntries, leader elected after 5176ms
2020-03-27 08:15:14,660 [fe5755ee-a695-4f61-b92b-3d721cb7d98e@group-0E24B733B13C-LeaderElection85] INFO  impl.LeaderElection (LeaderElection.java:askForVotes(206)) - fe5755ee-a695-4f61-b92b-3d721cb7d98e@group-0E24B733B13C-LeaderElection85: begin an election at term 1 for -1: [fe5755ee-a695-4f61-b92b-3d721cb7d98e:172.17.0.2:43435], old=null
2020-03-27 08:15:14,663 [fe5755ee-a695-4f61-b92b-3d721cb7d98e@group-0E24B733B13C-LeaderElection85] INFO  impl.RoleInfo (RoleInfo.java:shutdownLeaderElection(134)) - fe5755ee-a695-4f61-b92b-3d721cb7d98e: shutdown LeaderElection
2020-03-27 08:15:14,663 [fe5755ee-a695-4f61-b92b-3d721cb7d98e@group-0E24B733B13C-LeaderElection85] INFO  impl.RaftServerImpl (RaftServerImpl.java:setRole(172)) - fe5755ee-a695-4f61-b92b-3d721cb7d98e@group-0E24B733B13C: changes role from CANDIDATE to LEADER at term 1 for changeToLeader
2020-03-27 08:15:14,664 [fe5755ee-a695-4f61-b92b-3d721cb7d98e@group-0E24B733B13C-LeaderElection85] INFO  ratis.XceiverServerRatis (XceiverServerRatis.java:handleLeaderChangedNotification(739)) - Leader change notification received for group: group-0E24B733B13C with new leaderId: fe5755ee-a695-4f61-b92b-3d721cb7d98e
2020-03-27 08:15:14,664 [d8a051d7-a144-4c31-9411-4634ccd4403a@group-E41956245296-LeaderElection84] INFO  server.RaftServerConfigKeys (ConfUtils.java:logGet(43)) - raft.server.watch.timeout = 3s (custom)
2020-03-27 08:15:14,664 [d8a051d7-a144-4c31-9411-4634ccd4403a@group-E41956245296-LeaderElection84] INFO  server.RaftServerConfigKeys (ConfUtils.java:logGet(43)) - raft.server.watch.timeout.denomination = 1s (default)
2020-03-27 08:15:14,664 [d8a051d7-a144-4c31-9411-4634ccd4403a@group-E41956245296-LeaderElection84] INFO  server.RaftServerConfigKeys (ConfUtils.java:logGet(43)) - raft.server.watch.element-limit = 65536 (default)
2020-03-27 08:15:14,664 [d8a051d7-a144-4c31-9411-4634ccd4403a@group-E41956245296-LeaderElection84] INFO  impl.RoleInfo (RoleInfo.java:updateAndGet(143)) - d8a051d7-a144-4c31-9411-4634ccd4403a: start LeaderState
2020-03-27 08:15:14,664 [d8a051d7-a144-4c31-9411-4634ccd4403a@group-E41956245296-LeaderElection84] INFO  segmented.SegmentedRaftLogWorker (SegmentedRaftLogWorker.java:startLogSegment(391)) - d8a051d7-a144-4c31-9411-4634ccd4403a@group-E41956245296-SegmentedRaftLogWorker: Starting segment from index:0
2020-03-27 08:15:14,665 [d8a051d7-a144-4c31-9411-4634ccd4403a@group-E41956245296-LeaderElection84] INFO  impl.RaftServerImpl (ServerState.java:setRaftConf(356)) - d8a051d7-a144-4c31-9411-4634ccd4403a@group-E41956245296: set configuration 0: [d8a051d7-a144-4c31-9411-4634ccd4403a:172.17.0.2:40341], old=null at 0
2020-03-27 08:15:14,665 [fe5755ee-a695-4f61-b92b-3d721cb7d98e@group-0E24B733B13C-LeaderElection85] INFO  impl.RaftServerImpl (ServerState.java:setLeader(255)) - fe5755ee-a695-4f61-b92b-3d721cb7d98e@group-0E24B733B13C: change Leader from null to fe5755ee-a695-4f61-b92b-3d721cb7d98e at term 1 for becomeLeader, leader elected after 5194ms
2020-03-27 08:15:14,665 [fe5755ee-a695-4f61-b92b-3d721cb7d98e@group-0E24B733B13C-LeaderElection85] INFO  server.RaftServerConfigKeys (ConfUtils.java:logGet(43)) - raft.server.staging.catchup.gap = 1000 (default)
2020-03-27 08:15:14,665 [fe5755ee-a695-4f61-b92b-3d721cb7d98e@group-0E24B733B13C-LeaderElection85] INFO  server.RaftServerConfigKeys (ConfUtils.java:logGet(43)) - raft.server.rpc.sleep.time = 25ms (default)
2020-03-27 08:15:14,666 [fe5755ee-a695-4f61-b92b-3d721cb7d98e@group-0E24B733B13C-LeaderElection85] INFO  metrics.RatisMetrics (RatisMetrics.java:lambda$create$0(39)) - Creating Metrics Registry : ratis.log_appender.fe5755ee-a695-4f61-b92b-3d721cb7d98e@group-0E24B733B13C
2020-03-27 08:15:14,666 [grpc-default-executor-9] INFO  ratis.XceiverServerRatis (XceiverServerRatis.java:handleLeaderChangedNotification(739)) - Leader change notification received for group: group-F6189F8743C0 with new leaderId: d8a051d7-a144-4c31-9411-4634ccd4403a
2020-03-27 08:15:14,666 [grpc-default-executor-9] INFO  impl.RaftServerImpl (ServerState.java:setLeader(255)) - 77fc4d9c-d2cb-491d-92c6-7c69a2ec3ba6@group-F6189F8743C0: change Leader from null to d8a051d7-a144-4c31-9411-4634ccd4403a at term 1 for appendEntries, leader elected after 5137ms
2020-03-27 08:15:14,666 [fe5755ee-a695-4f61-b92b-3d721cb7d98e@group-0E24B733B13C-LeaderElection85] INFO  server.RaftServerConfigKeys (ConfUtils.java:logGet(43)) - raft.server.write.element-limit = 1024 (custom)
2020-03-27 08:15:14,666 [fe5755ee-a695-4f61-b92b-3d721cb7d98e@group-0E24B733B13C-LeaderElection85] INFO  server.RaftServerConfigKeys (ConfUtils.java:logGet(43)) - raft.server.write.byte-limit = 1073741824 (custom)
2020-03-27 08:15:14,666 [d8a051d7-a144-4c31-9411-4634ccd4403a@group-E41956245296-SegmentedRaftLogWorker] INFO  segmented.SegmentedRaftLogWorker (SegmentedRaftLogWorker.java:execute(583)) - d8a051d7-a144-4c31-9411-4634ccd4403a@group-E41956245296-SegmentedRaftLogWorker: created new log segment /github/workspace/hadoop-ozone/integration-test/target/test-dir/MiniOzoneClusterImpl-178f0ac1-9287-41ca-b66e-5f4c0e2bc6ba/datanode-3/data/ratis/c8f0054e-1610-40fc-a9a5-e41956245296/current/log_inprogress_0
2020-03-27 08:15:14,667 [grpc-default-executor-13] INFO  impl.RaftServerImpl (ServerState.java:setRaftConf(356)) - fe5755ee-a695-4f61-b92b-3d721cb7d98e@group-F6189F8743C0: set configuration 0: [fe5755ee-a695-4f61-b92b-3d721cb7d98e:172.17.0.2:43435, 77fc4d9c-d2cb-491d-92c6-7c69a2ec3ba6:172.17.0.2:44703, d8a051d7-a144-4c31-9411-4634ccd4403a:172.17.0.2:40341], old=null at 0
2020-03-27 08:15:14,669 [77fc4d9c-d2cb-491d-92c6-7c69a2ec3ba6@group-9949AF5E83F0-LeaderElection83] INFO  server.RaftServerConfigKeys (ConfUtils.java:logGet(43)) - raft.server.watch.timeout = 3s (custom)
2020-03-27 08:15:14,669 [77fc4d9c-d2cb-491d-92c6-7c69a2ec3ba6@group-9949AF5E83F0-LeaderElection83] INFO  server.RaftServerConfigKeys (ConfUtils.java:logGet(43)) - raft.server.watch.timeout.denomination = 1s (default)
2020-03-27 08:15:14,670 [77fc4d9c-d2cb-491d-92c6-7c69a2ec3ba6@group-9949AF5E83F0-LeaderElection83] INFO  server.RaftServerConfigKeys (ConfUtils.java:logGet(43)) - raft.server.watch.element-limit = 65536 (default)
2020-03-27 08:15:14,670 [77fc4d9c-d2cb-491d-92c6-7c69a2ec3ba6@group-9949AF5E83F0-LeaderElection83] INFO  server.RaftServerConfigKeys (ConfUtils.java:logGet(43)) - raft.server.log.appender.snapshot.chunk.size.max = 16MB (=16777216) (default)
2020-03-27 08:15:14,670 [77fc4d9c-d2cb-491d-92c6-7c69a2ec3ba6@group-9949AF5E83F0-LeaderElection83] INFO  server.RaftServerConfigKeys (ConfUtils.java:logGet(43)) - raft.server.log.appender.buffer.byte-limit = 33554432 (custom)
2020-03-27 08:15:14,670 [77fc4d9c-d2cb-491d-92c6-7c69a2ec3ba6@group-9949AF5E83F0-LeaderElection83] INFO  server.RaftServerConfigKeys (ConfUtils.java:logGet(43)) - raft.server.log.appender.buffer.element-limit = 1 (custom)
2020-03-27 08:15:14,670 [77fc4d9c-d2cb-491d-92c6-7c69a2ec3ba6@group-9949AF5E83F0-LeaderElection83] INFO  grpc.GrpcConfigKeys$Server (ConfUtils.java:logGet(43)) - raft.grpc.server.leader.outstanding.appends.max = 128 (default)
2020-03-27 08:15:14,670 [77fc4d9c-d2cb-491d-92c6-7c69a2ec3ba6@group-9949AF5E83F0-LeaderElection83] INFO  server.RaftServerConfigKeys (ConfUtils.java:logGet(43)) - raft.server.rpc.request.timeout = 3s (default)
2020-03-27 08:15:14,670 [77fc4d9c-d2cb-491d-92c6-7c69a2ec3ba6@group-9949AF5E83F0-LeaderElection83] INFO  server.RaftServerConfigKeys (ConfUtils.java:logGet(43)) - raft.server.log.appender.install.snapshot.enabled = false (custom)
2020-03-27 08:15:14,674 [grpc-default-executor-13] INFO  segmented.SegmentedRaftLogWorker (SegmentedRaftLogWorker.java:startLogSegment(391)) - fe5755ee-a695-4f61-b92b-3d721cb7d98e@group-F6189F8743C0-SegmentedRaftLogWorker: Starting segment from index:0
2020-03-27 08:15:14,674 [grpc-default-executor-9] INFO  impl.RaftServerImpl (ServerState.java:setRaftConf(356)) - 77fc4d9c-d2cb-491d-92c6-7c69a2ec3ba6@group-F6189F8743C0: set configuration 0: [fe5755ee-a695-4f61-b92b-3d721cb7d98e:172.17.0.2:43435, 77fc4d9c-d2cb-491d-92c6-7c69a2ec3ba6:172.17.0.2:44703, d8a051d7-a144-4c31-9411-4634ccd4403a:172.17.0.2:40341], old=null at 0
2020-03-27 08:15:14,678 [fe5755ee-a695-4f61-b92b-3d721cb7d98e@group-0E24B733B13C-LeaderElection85] INFO  server.RaftServerConfigKeys (ConfUtils.java:logGet(43)) - raft.server.watch.timeout = 3s (custom)
2020-03-27 08:15:14,679 [fe5755ee-a695-4f61-b92b-3d721cb7d98e@group-0E24B733B13C-LeaderElection85] INFO  server.RaftServerConfigKeys (ConfUtils.java:logGet(43)) - raft.server.watch.timeout.denomination = 1s (default)
2020-03-27 08:15:14,679 [fe5755ee-a695-4f61-b92b-3d721cb7d98e@group-0E24B733B13C-LeaderElection85] INFO  server.RaftServerConfigKeys (ConfUtils.java:logGet(43)) - raft.server.watch.element-limit = 65536 (default)
2020-03-27 08:15:14,679 [fe5755ee-a695-4f61-b92b-3d721cb7d98e@group-0E24B733B13C-LeaderElection85] INFO  impl.RoleInfo (RoleInfo.java:updateAndGet(143)) - fe5755ee-a695-4f61-b92b-3d721cb7d98e: start LeaderState
2020-03-27 08:15:14,680 [fe5755ee-a695-4f61-b92b-3d721cb7d98e@group-0E24B733B13C-LeaderElection85] INFO  segmented.SegmentedRaftLogWorker (SegmentedRaftLogWorker.java:startLogSegment(391)) - fe5755ee-a695-4f61-b92b-3d721cb7d98e@group-0E24B733B13C-SegmentedRaftLogWorker: Starting segment from index:0
2020-03-27 08:15:14,679 [grpc-default-executor-9] INFO  segmented.SegmentedRaftLogWorker (SegmentedRaftLogWorker.java:startLogSegment(391)) - 77fc4d9c-d2cb-491d-92c6-7c69a2ec3ba6@group-F6189F8743C0-SegmentedRaftLogWorker: Starting segment from index:0
2020-03-27 08:15:14,680 [fe5755ee-a695-4f61-b92b-3d721cb7d98e@group-F6189F8743C0-SegmentedRaftLogWorker] INFO  segmented.SegmentedRaftLogWorker (SegmentedRaftLogWorker.java:execute(583)) - fe5755ee-a695-4f61-b92b-3d721cb7d98e@group-F6189F8743C0-SegmentedRaftLogWorker: created new log segment /github/workspace/hadoop-ozone/integration-test/target/test-dir/MiniOzoneClusterImpl-178f0ac1-9287-41ca-b66e-5f4c0e2bc6ba/datanode-4/data/ratis/34b7cd66-881b-4dc1-99ed-f6189f8743c0/current/log_inprogress_0
2020-03-27 08:15:14,681 [77fc4d9c-d2cb-491d-92c6-7c69a2ec3ba6@group-9949AF5E83F0-LeaderElection83] INFO  server.RaftServerConfigKeys (ConfUtils.java:logGet(43)) - raft.server.log.appender.snapshot.chunk.size.max = 16MB (=16777216) (default)
2020-03-27 08:15:14,681 [77fc4d9c-d2cb-491d-92c6-7c69a2ec3ba6@group-9949AF5E83F0-LeaderElection83] INFO  server.RaftServerConfigKeys (ConfUtils.java:logGet(43)) - raft.server.log.appender.buffer.byte-limit = 33554432 (custom)
2020-03-27 08:15:14,681 [77fc4d9c-d2cb-491d-92c6-7c69a2ec3ba6@group-9949AF5E83F0-LeaderElection83] INFO  server.RaftServerConfigKeys (ConfUtils.java:logGet(43)) - raft.server.log.appender.buffer.element-limit = 1 (custom)
2020-03-27 08:15:14,681 [77fc4d9c-d2cb-491d-92c6-7c69a2ec3ba6@group-9949AF5E83F0-LeaderElection83] INFO  grpc.GrpcConfigKeys$Server (ConfUtils.java:logGet(43)) - raft.grpc.server.leader.outstanding.appends.max = 128 (default)
2020-03-27 08:15:14,681 [fe5755ee-a695-4f61-b92b-3d721cb7d98e@group-0E24B733B13C-SegmentedRaftLogWorker] INFO  segmented.SegmentedRaftLogWorker (SegmentedRaftLogWorker.java:execute(583)) - fe5755ee-a695-4f61-b92b-3d721cb7d98e@group-0E24B733B13C-SegmentedRaftLogWorker: created new log segment /github/workspace/hadoop-ozone/integration-test/target/test-dir/MiniOzoneClusterImpl-178f0ac1-9287-41ca-b66e-5f4c0e2bc6ba/datanode-4/data/ratis/c477f17b-efbb-4f76-ba64-0e24b733b13c/current/log_inprogress_0
2020-03-27 08:15:14,681 [77fc4d9c-d2cb-491d-92c6-7c69a2ec3ba6@group-9949AF5E83F0-LeaderElection83] INFO  server.RaftServerConfigKeys (ConfUtils.java:logGet(43)) - raft.server.rpc.request.timeout = 3s (default)
2020-03-27 08:15:14,681 [77fc4d9c-d2cb-491d-92c6-7c69a2ec3ba6@group-9949AF5E83F0-LeaderElection83] INFO  server.RaftServerConfigKeys (ConfUtils.java:logGet(43)) - raft.server.log.appender.install.snapshot.enabled = false (custom)
2020-03-27 08:15:14,682 [fe5755ee-a695-4f61-b92b-3d721cb7d98e@group-0E24B733B13C-LeaderElection85] INFO  impl.RaftServerImpl (ServerState.java:setRaftConf(356)) - fe5755ee-a695-4f61-b92b-3d721cb7d98e@group-0E24B733B13C: set configuration 0: [fe5755ee-a695-4f61-b92b-3d721cb7d98e:172.17.0.2:43435], old=null at 0
2020-03-27 08:15:14,684 [main] INFO  ozone.MiniOzoneClusterImpl (MiniOzoneClusterImpl.java:lambda$waitForClusterToBeReady$0(177)) - Nodes are ready. Got 7 of 7 DN Heartbeats.
2020-03-27 08:15:14,684 [main] INFO  ozone.MiniOzoneClusterImpl (MiniOzoneClusterImpl.java:lambda$waitForClusterToBeReady$0(180)) - Cluster exits safe mode
2020-03-27 08:15:14,690 [77fc4d9c-d2cb-491d-92c6-7c69a2ec3ba6@group-F6189F8743C0-SegmentedRaftLogWorker] INFO  segmented.SegmentedRaftLogWorker (SegmentedRaftLogWorker.java:execute(583)) - 77fc4d9c-d2cb-491d-92c6-7c69a2ec3ba6@group-F6189F8743C0-SegmentedRaftLogWorker: created new log segment /github/workspace/hadoop-ozone/integration-test/target/test-dir/MiniOzoneClusterImpl-178f0ac1-9287-41ca-b66e-5f4c0e2bc6ba/datanode-5/data/ratis/34b7cd66-881b-4dc1-99ed-f6189f8743c0/current/log_inprogress_0
2020-03-27 08:15:14,692 [77fc4d9c-d2cb-491d-92c6-7c69a2ec3ba6@group-9949AF5E83F0-LeaderElection83] INFO  impl.RoleInfo (RoleInfo.java:updateAndGet(143)) - 77fc4d9c-d2cb-491d-92c6-7c69a2ec3ba6: start LeaderState
2020-03-27 08:15:14,692 [77fc4d9c-d2cb-491d-92c6-7c69a2ec3ba6@group-9949AF5E83F0-LeaderElection83] INFO  segmented.SegmentedRaftLogWorker (SegmentedRaftLogWorker.java:startLogSegment(391)) - 77fc4d9c-d2cb-491d-92c6-7c69a2ec3ba6@group-9949AF5E83F0-SegmentedRaftLogWorker: Starting segment from index:0
2020-03-27 08:15:14,697 [77fc4d9c-d2cb-491d-92c6-7c69a2ec3ba6@group-9949AF5E83F0-SegmentedRaftLogWorker] INFO  segmented.SegmentedRaftLogWorker (SegmentedRaftLogWorker.java:execute(583)) - 77fc4d9c-d2cb-491d-92c6-7c69a2ec3ba6@group-9949AF5E83F0-SegmentedRaftLogWorker: created new log segment /github/workspace/hadoop-ozone/integration-test/target/test-dir/MiniOzoneClusterImpl-178f0ac1-9287-41ca-b66e-5f4c0e2bc6ba/datanode-5/data/ratis/134bdaae-71f1-4a71-a08c-9949af5e83f0/current/log_inprogress_0
2020-03-27 08:15:14,698 [77fc4d9c-d2cb-491d-92c6-7c69a2ec3ba6@group-9949AF5E83F0-LeaderElection83] INFO  impl.RaftServerImpl (ServerState.java:setRaftConf(356)) - 77fc4d9c-d2cb-491d-92c6-7c69a2ec3ba6@group-9949AF5E83F0: set configuration 0: [fe5755ee-a695-4f61-b92b-3d721cb7d98e:172.17.0.2:43435, 77fc4d9c-d2cb-491d-92c6-7c69a2ec3ba6:172.17.0.2:44703, d8a051d7-a144-4c31-9411-4634ccd4403a:172.17.0.2:40341], old=null at 0
2020-03-27 08:15:14,717 [main] INFO  rpc.RpcClient (RpcClient.java:createVolume(293)) - Creating Volume: testblockoutputstream, with jenkins1001 as owner.
2020-03-27 08:15:14,718 [grpc-default-executor-14] INFO  ratis.XceiverServerRatis (XceiverServerRatis.java:handleLeaderChangedNotification(739)) - Leader change notification received for group: group-9949AF5E83F0 with new leaderId: 77fc4d9c-d2cb-491d-92c6-7c69a2ec3ba6
2020-03-27 08:15:14,718 [grpc-default-executor-14] INFO  impl.RaftServerImpl (ServerState.java:setLeader(255)) - fe5755ee-a695-4f61-b92b-3d721cb7d98e@group-9949AF5E83F0: change Leader from null to 77fc4d9c-d2cb-491d-92c6-7c69a2ec3ba6 at term 1 for appendEntries, leader elected after 5218ms
2020-03-27 08:15:14,720 [IPC Server handler 13 on 45663] INFO  volume.OMVolumeCreateRequest (OMVolumeCreateRequest.java:validateAndUpdateCache(207)) - created volume:testblockoutputstream for user:jenkins1001
2020-03-27 08:15:14,728 [grpc-default-executor-9] INFO  ratis.XceiverServerRatis (XceiverServerRatis.java:handleLeaderChangedNotification(739)) - Leader change notification received for group: group-9949AF5E83F0 with new leaderId: 77fc4d9c-d2cb-491d-92c6-7c69a2ec3ba6
2020-03-27 08:15:14,728 [grpc-default-executor-9] INFO  impl.RaftServerImpl (ServerState.java:setLeader(255)) - d8a051d7-a144-4c31-9411-4634ccd4403a@group-9949AF5E83F0: change Leader from null to 77fc4d9c-d2cb-491d-92c6-7c69a2ec3ba6 at term 1 for appendEntries, leader elected after 5202ms
2020-03-27 08:15:14,732 [main] INFO  rpc.RpcClient (RpcClient.java:createBucket(432)) - Creating Bucket: testblockoutputstream/testblockoutputstream, with Versioning false and Storage Type set to DISK and Encryption set to false 
2020-03-27 08:15:14,744 [Thread-3715] INFO  impl.FollowerState (FollowerState.java:run(108)) - 77fc4d9c-d2cb-491d-92c6-7c69a2ec3ba6@group-E431FBF4E8AB-FollowerState: change to CANDIDATE, lastRpcTime:5164ms, electionTimeout:5164ms
2020-03-27 08:15:14,751 [grpc-default-executor-5] INFO  impl.RaftServerImpl (ServerState.java:setRaftConf(356)) - fe5755ee-a695-4f61-b92b-3d721cb7d98e@group-9949AF5E83F0: set configuration 0: [fe5755ee-a695-4f61-b92b-3d721cb7d98e:172.17.0.2:43435, 77fc4d9c-d2cb-491d-92c6-7c69a2ec3ba6:172.17.0.2:44703, d8a051d7-a144-4c31-9411-4634ccd4403a:172.17.0.2:40341], old=null at 0
2020-03-27 08:15:14,751 [grpc-default-executor-5] INFO  segmented.SegmentedRaftLogWorker (SegmentedRaftLogWorker.java:startLogSegment(391)) - fe5755ee-a695-4f61-b92b-3d721cb7d98e@group-9949AF5E83F0-SegmentedRaftLogWorker: Starting segment from index:0
2020-03-27 08:15:14,752 [Thread-3715] INFO  impl.RoleInfo (RoleInfo.java:shutdownFollowerState(121)) - 77fc4d9c-d2cb-491d-92c6-7c69a2ec3ba6: shutdown FollowerState
2020-03-27 08:15:14,752 [Thread-3715] INFO  impl.RaftServerImpl (RaftServerImpl.java:setRole(172)) - 77fc4d9c-d2cb-491d-92c6-7c69a2ec3ba6@group-E431FBF4E8AB: changes role from  FOLLOWER to CANDIDATE at term 0 for changeToCandidate
2020-03-27 08:15:14,752 [Thread-3715] INFO  impl.RoleInfo (RoleInfo.java:updateAndGet(143)) - 77fc4d9c-d2cb-491d-92c6-7c69a2ec3ba6: start LeaderElection
2020-03-27 08:15:14,752 [fe5755ee-a695-4f61-b92b-3d721cb7d98e@group-9949AF5E83F0-SegmentedRaftLogWorker] INFO  segmented.SegmentedRaftLogWorker (SegmentedRaftLogWorker.java:execute(583)) - fe5755ee-a695-4f61-b92b-3d721cb7d98e@group-9949AF5E83F0-SegmentedRaftLogWorker: created new log segment /github/workspace/hadoop-ozone/integration-test/target/test-dir/MiniOzoneClusterImpl-178f0ac1-9287-41ca-b66e-5f4c0e2bc6ba/datanode-4/data/ratis/134bdaae-71f1-4a71-a08c-9949af5e83f0/current/log_inprogress_0
2020-03-27 08:15:14,759 [grpc-default-executor-14] INFO  impl.RaftServerImpl (ServerState.java:setRaftConf(356)) - d8a051d7-a144-4c31-9411-4634ccd4403a@group-9949AF5E83F0: set configuration 0: [fe5755ee-a695-4f61-b92b-3d721cb7d98e:172.17.0.2:43435, 77fc4d9c-d2cb-491d-92c6-7c69a2ec3ba6:172.17.0.2:44703, d8a051d7-a144-4c31-9411-4634ccd4403a:172.17.0.2:40341], old=null at 0
2020-03-27 08:15:14,759 [grpc-default-executor-14] INFO  segmented.SegmentedRaftLogWorker (SegmentedRaftLogWorker.java:startLogSegment(391)) - d8a051d7-a144-4c31-9411-4634ccd4403a@group-9949AF5E83F0-SegmentedRaftLogWorker: Starting segment from index:0
2020-03-27 08:15:14,760 [d8a051d7-a144-4c31-9411-4634ccd4403a@group-9949AF5E83F0-SegmentedRaftLogWorker] INFO  segmented.SegmentedRaftLogWorker (SegmentedRaftLogWorker.java:execute(583)) - d8a051d7-a144-4c31-9411-4634ccd4403a@group-9949AF5E83F0-SegmentedRaftLogWorker: created new log segment /github/workspace/hadoop-ozone/integration-test/target/test-dir/MiniOzoneClusterImpl-178f0ac1-9287-41ca-b66e-5f4c0e2bc6ba/datanode-3/data/ratis/134bdaae-71f1-4a71-a08c-9949af5e83f0/current/log_inprogress_0
2020-03-27 08:15:14,772 [77fc4d9c-d2cb-491d-92c6-7c69a2ec3ba6@group-E431FBF4E8AB-LeaderElection86] INFO  impl.LeaderElection (LeaderElection.java:askForVotes(206)) - 77fc4d9c-d2cb-491d-92c6-7c69a2ec3ba6@group-E431FBF4E8AB-LeaderElection86: begin an election at term 1 for -1: [77fc4d9c-d2cb-491d-92c6-7c69a2ec3ba6:172.17.0.2:44703], old=null
2020-03-27 08:15:14,772 [77fc4d9c-d2cb-491d-92c6-7c69a2ec3ba6@group-E431FBF4E8AB-LeaderElection86] INFO  impl.RoleInfo (RoleInfo.java:shutdownLeaderElection(134)) - 77fc4d9c-d2cb-491d-92c6-7c69a2ec3ba6: shutdown LeaderElection
2020-03-27 08:15:14,772 [77fc4d9c-d2cb-491d-92c6-7c69a2ec3ba6@group-E431FBF4E8AB-LeaderElection86] INFO  impl.RaftServerImpl (RaftServerImpl.java:setRole(172)) - 77fc4d9c-d2cb-491d-92c6-7c69a2ec3ba6@group-E431FBF4E8AB: changes role from CANDIDATE to LEADER at term 1 for changeToLeader
2020-03-27 08:15:14,772 [77fc4d9c-d2cb-491d-92c6-7c69a2ec3ba6@group-E431FBF4E8AB-LeaderElection86] INFO  ratis.XceiverServerRatis (XceiverServerRatis.java:handleLeaderChangedNotification(739)) - Leader change notification received for group: group-E431FBF4E8AB with new leaderId: 77fc4d9c-d2cb-491d-92c6-7c69a2ec3ba6
2020-03-27 08:15:14,773 [77fc4d9c-d2cb-491d-92c6-7c69a2ec3ba6@group-E431FBF4E8AB-LeaderElection86] INFO  impl.RaftServerImpl (ServerState.java:setLeader(255)) - 77fc4d9c-d2cb-491d-92c6-7c69a2ec3ba6@group-E431FBF4E8AB: change Leader from null to 77fc4d9c-d2cb-491d-92c6-7c69a2ec3ba6 at term 1 for becomeLeader, leader elected after 5196ms
2020-03-27 08:15:14,773 [77fc4d9c-d2cb-491d-92c6-7c69a2ec3ba6@group-E431FBF4E8AB-LeaderElection86] INFO  server.RaftServerConfigKeys (ConfUtils.java:logGet(43)) - raft.server.staging.catchup.gap = 1000 (default)
2020-03-27 08:15:14,773 [77fc4d9c-d2cb-491d-92c6-7c69a2ec3ba6@group-E431FBF4E8AB-LeaderElection86] INFO  server.RaftServerConfigKeys (ConfUtils.java:logGet(43)) - raft.server.rpc.sleep.time = 25ms (default)
2020-03-27 08:15:14,773 [77fc4d9c-d2cb-491d-92c6-7c69a2ec3ba6@group-E431FBF4E8AB-LeaderElection86] INFO  metrics.RatisMetrics (RatisMetrics.java:lambda$create$0(39)) - Creating Metrics Registry : ratis.log_appender.77fc4d9c-d2cb-491d-92c6-7c69a2ec3ba6@group-E431FBF4E8AB
2020-03-27 08:15:14,773 [77fc4d9c-d2cb-491d-92c6-7c69a2ec3ba6@group-E431FBF4E8AB-LeaderElection86] INFO  server.RaftServerConfigKeys (ConfUtils.java:logGet(43)) - raft.server.write.element-limit = 1024 (custom)
2020-03-27 08:15:14,773 [77fc4d9c-d2cb-491d-92c6-7c69a2ec3ba6@group-E431FBF4E8AB-LeaderElection86] INFO  server.RaftServerConfigKeys (ConfUtils.java:logGet(43)) - raft.server.write.byte-limit = 1073741824 (custom)
2020-03-27 08:15:14,774 [77fc4d9c-d2cb-491d-92c6-7c69a2ec3ba6@group-E431FBF4E8AB-LeaderElection86] INFO  server.RaftServerConfigKeys (ConfUtils.java:logGet(43)) - raft.server.watch.timeout = 3s (custom)
2020-03-27 08:15:14,774 [77fc4d9c-d2cb-491d-92c6-7c69a2ec3ba6@group-E431FBF4E8AB-LeaderElection86] INFO  server.RaftServerConfigKeys (ConfUtils.java:logGet(43)) - raft.server.watch.timeout.denomination = 1s (default)
2020-03-27 08:15:14,774 [77fc4d9c-d2cb-491d-92c6-7c69a2ec3ba6@group-E431FBF4E8AB-LeaderElection86] INFO  server.RaftServerConfigKeys (ConfUtils.java:logGet(43)) - raft.server.watch.element-limit = 65536 (default)
2020-03-27 08:15:14,775 [77fc4d9c-d2cb-491d-92c6-7c69a2ec3ba6@group-E431FBF4E8AB-LeaderElection86] INFO  impl.RoleInfo (RoleInfo.java:updateAndGet(143)) - 77fc4d9c-d2cb-491d-92c6-7c69a2ec3ba6: start LeaderState
2020-03-27 08:15:14,775 [77fc4d9c-d2cb-491d-92c6-7c69a2ec3ba6@group-E431FBF4E8AB-LeaderElection86] INFO  segmented.SegmentedRaftLogWorker (SegmentedRaftLogWorker.java:startLogSegment(391)) - 77fc4d9c-d2cb-491d-92c6-7c69a2ec3ba6@group-E431FBF4E8AB-SegmentedRaftLogWorker: Starting segment from index:0
2020-03-27 08:15:14,778 [77fc4d9c-d2cb-491d-92c6-7c69a2ec3ba6@group-E431FBF4E8AB-SegmentedRaftLogWorker] INFO  segmented.SegmentedRaftLogWorker (SegmentedRaftLogWorker.java:execute(583)) - 77fc4d9c-d2cb-491d-92c6-7c69a2ec3ba6@group-E431FBF4E8AB-SegmentedRaftLogWorker: created new log segment /github/workspace/hadoop-ozone/integration-test/target/test-dir/MiniOzoneClusterImpl-178f0ac1-9287-41ca-b66e-5f4c0e2bc6ba/datanode-5/data/ratis/47f08160-2de5-4fb9-bb42-e431fbf4e8ab/current/log_inprogress_0
2020-03-27 08:15:14,787 [77fc4d9c-d2cb-491d-92c6-7c69a2ec3ba6@group-E431FBF4E8AB-LeaderElection86] INFO  impl.RaftServerImpl (ServerState.java:setRaftConf(356)) - 77fc4d9c-d2cb-491d-92c6-7c69a2ec3ba6@group-E431FBF4E8AB: set configuration 0: [77fc4d9c-d2cb-491d-92c6-7c69a2ec3ba6:172.17.0.2:44703], old=null at 0
2020-03-27 08:15:14,816 [Thread-3717] INFO  impl.FollowerState (FollowerState.java:run(108)) - 6868d56a-2336-4046-a4ac-d6ad311db1a4@group-E434ACB9EEDD-FollowerState: change to CANDIDATE, lastRpcTime:5187ms, electionTimeout:5187ms
2020-03-27 08:15:14,816 [Thread-3717] INFO  impl.RoleInfo (RoleInfo.java:shutdownFollowerState(121)) - 6868d56a-2336-4046-a4ac-d6ad311db1a4: shutdown FollowerState
2020-03-27 08:15:14,816 [Thread-3717] INFO  impl.RaftServerImpl (RaftServerImpl.java:setRole(172)) - 6868d56a-2336-4046-a4ac-d6ad311db1a4@group-E434ACB9EEDD: changes role from  FOLLOWER to CANDIDATE at term 0 for changeToCandidate
2020-03-27 08:15:14,827 [Thread-3717] INFO  impl.RoleInfo (RoleInfo.java:updateAndGet(143)) - 6868d56a-2336-4046-a4ac-d6ad311db1a4: start LeaderElection
2020-03-27 08:15:14,838 [6868d56a-2336-4046-a4ac-d6ad311db1a4@group-E434ACB9EEDD-LeaderElection87] INFO  impl.LeaderElection (LeaderElection.java:askForVotes(206)) - 6868d56a-2336-4046-a4ac-d6ad311db1a4@group-E434ACB9EEDD-LeaderElection87: begin an election at term 1 for -1: [6868d56a-2336-4046-a4ac-d6ad311db1a4:172.17.0.2:45275], old=null
2020-03-27 08:15:14,838 [6868d56a-2336-4046-a4ac-d6ad311db1a4@group-E434ACB9EEDD-LeaderElection87] INFO  impl.RoleInfo (RoleInfo.java:shutdownLeaderElection(134)) - 6868d56a-2336-4046-a4ac-d6ad311db1a4: shutdown LeaderElection
2020-03-27 08:15:14,838 [6868d56a-2336-4046-a4ac-d6ad311db1a4@group-E434ACB9EEDD-LeaderElection87] INFO  impl.RaftServerImpl (RaftServerImpl.java:setRole(172)) - 6868d56a-2336-4046-a4ac-d6ad311db1a4@group-E434ACB9EEDD: changes role from CANDIDATE to LEADER at term 1 for changeToLeader
2020-03-27 08:15:14,839 [6868d56a-2336-4046-a4ac-d6ad311db1a4@group-E434ACB9EEDD-LeaderElection87] INFO  ratis.XceiverServerRatis (XceiverServerRatis.java:handleLeaderChangedNotification(739)) - Leader change notification received for group: group-E434ACB9EEDD with new leaderId: 6868d56a-2336-4046-a4ac-d6ad311db1a4
2020-03-27 08:15:14,839 [6868d56a-2336-4046-a4ac-d6ad311db1a4@group-E434ACB9EEDD-LeaderElection87] INFO  impl.RaftServerImpl (ServerState.java:setLeader(255)) - 6868d56a-2336-4046-a4ac-d6ad311db1a4@group-E434ACB9EEDD: change Leader from null to 6868d56a-2336-4046-a4ac-d6ad311db1a4 at term 1 for becomeLeader, leader elected after 5215ms
2020-03-27 08:15:14,839 [6868d56a-2336-4046-a4ac-d6ad311db1a4@group-E434ACB9EEDD-LeaderElection87] INFO  server.RaftServerConfigKeys (ConfUtils.java:logGet(43)) - raft.server.staging.catchup.gap = 1000 (default)
2020-03-27 08:15:14,839 [6868d56a-2336-4046-a4ac-d6ad311db1a4@group-E434ACB9EEDD-LeaderElection87] INFO  server.RaftServerConfigKeys (ConfUtils.java:logGet(43)) - raft.server.rpc.sleep.time = 25ms (default)
2020-03-27 08:15:14,839 [6868d56a-2336-4046-a4ac-d6ad311db1a4@group-E434ACB9EEDD-LeaderElection87] INFO  metrics.RatisMetrics (RatisMetrics.java:lambda$create$0(39)) - Creating Metrics Registry : ratis.log_appender.6868d56a-2336-4046-a4ac-d6ad311db1a4@group-E434ACB9EEDD
2020-03-27 08:15:14,839 [6868d56a-2336-4046-a4ac-d6ad311db1a4@group-E434ACB9EEDD-LeaderElection87] INFO  server.RaftServerConfigKeys (ConfUtils.java:logGet(43)) - raft.server.write.element-limit = 1024 (custom)
2020-03-27 08:15:14,839 [6868d56a-2336-4046-a4ac-d6ad311db1a4@group-E434ACB9EEDD-LeaderElection87] INFO  server.RaftServerConfigKeys (ConfUtils.java:logGet(43)) - raft.server.write.byte-limit = 1073741824 (custom)
2020-03-27 08:15:14,840 [6868d56a-2336-4046-a4ac-d6ad311db1a4@group-E434ACB9EEDD-LeaderElection87] INFO  server.RaftServerConfigKeys (ConfUtils.java:logGet(43)) - raft.server.watch.timeout = 3s (custom)
2020-03-27 08:15:14,840 [6868d56a-2336-4046-a4ac-d6ad311db1a4@group-E434ACB9EEDD-LeaderElection87] INFO  server.RaftServerConfigKeys (ConfUtils.java:logGet(43)) - raft.server.watch.timeout.denomination = 1s (default)
2020-03-27 08:15:14,840 [6868d56a-2336-4046-a4ac-d6ad311db1a4@group-E434ACB9EEDD-LeaderElection87] INFO  server.RaftServerConfigKeys (ConfUtils.java:logGet(43)) - raft.server.watch.element-limit = 65536 (default)
2020-03-27 08:15:14,840 [6868d56a-2336-4046-a4ac-d6ad311db1a4@group-E434ACB9EEDD-LeaderElection87] INFO  impl.RoleInfo (RoleInfo.java:updateAndGet(143)) - 6868d56a-2336-4046-a4ac-d6ad311db1a4: start LeaderState
2020-03-27 08:15:14,840 [6868d56a-2336-4046-a4ac-d6ad311db1a4@group-E434ACB9EEDD-LeaderElection87] INFO  segmented.SegmentedRaftLogWorker (SegmentedRaftLogWorker.java:startLogSegment(391)) - 6868d56a-2336-4046-a4ac-d6ad311db1a4@group-E434ACB9EEDD-SegmentedRaftLogWorker: Starting segment from index:0
2020-03-27 08:15:14,842 [6868d56a-2336-4046-a4ac-d6ad311db1a4@group-E434ACB9EEDD-SegmentedRaftLogWorker] INFO  segmented.SegmentedRaftLogWorker (SegmentedRaftLogWorker.java:execute(583)) - 6868d56a-2336-4046-a4ac-d6ad311db1a4@group-E434ACB9EEDD-SegmentedRaftLogWorker: created new log segment /github/workspace/hadoop-ozone/integration-test/target/test-dir/MiniOzoneClusterImpl-178f0ac1-9287-41ca-b66e-5f4c0e2bc6ba/datanode-6/data/ratis/4dce4205-7210-4ac6-9010-e434acb9eedd/current/log_inprogress_0
2020-03-27 08:15:14,843 [6868d56a-2336-4046-a4ac-d6ad311db1a4@group-E434ACB9EEDD-LeaderElection87] INFO  impl.RaftServerImpl (ServerState.java:setRaftConf(356)) - 6868d56a-2336-4046-a4ac-d6ad311db1a4@group-E434ACB9EEDD: set configuration 0: [6868d56a-2336-4046-a4ac-d6ad311db1a4:172.17.0.2:45275], old=null at 0
2020-03-27 08:15:15,851 [Datanode State Machine Thread - 0] INFO  statemachine.DatanodeStateMachine (DatanodeStateMachine.java:lambda$startDaemon$0(387)) - Ozone container server started.
2020-03-27 08:15:17,356 [Thread-3730] INFO  container.ReplicationManager (ReplicationManager.java:start(165)) - Starting Replication Monitor Thread.
2020-03-27 08:15:17,360 [ReplicationMonitor] INFO  container.ReplicationManager (ReplicationManager.java:run(228)) - Replication Monitor Thread took 0 milliseconds for processing 1 containers.
2020-03-27 08:15:19,943 [main] INFO  ozoneimpl.OzoneContainer (OzoneContainer.java:stop(245)) - Attempting to stop container services.
2020-03-27 08:15:19,943 [main] INFO  impl.RaftServerProxy (RaftServerProxy.java:lambda$close$4(314)) - d8a051d7-a144-4c31-9411-4634ccd4403a: close
2020-03-27 08:15:19,946 [main] INFO  impl.RaftServerImpl (RaftServerImpl.java:lambda$shutdown$3(249)) - d8a051d7-a144-4c31-9411-4634ccd4403a@group-F6189F8743C0: shutdown
2020-03-27 08:15:19,946 [main] INFO  util.JmxRegister (JmxRegister.java:unregister(73)) - Successfully un-registered JMX Bean with object name Ratis:service=RaftServer,group=group-F6189F8743C0,id=d8a051d7-a144-4c31-9411-4634ccd4403a
2020-03-27 08:15:19,946 [main] INFO  impl.RoleInfo (RoleInfo.java:shutdownLeaderState(104)) - d8a051d7-a144-4c31-9411-4634ccd4403a: shutdown LeaderState
2020-03-27 08:15:19,948 [org.apache.ratis.server.impl.LogAppender$AppenderDaemon$$Lambda$426/136956550@3085c83b] WARN  server.GrpcLogAppender (GrpcLogAppender.java:mayWait(153)) - d8a051d7-a144-4c31-9411-4634ccd4403a@group-F6189F8743C0->77fc4d9c-d2cb-491d-92c6-7c69a2ec3ba6-GrpcLogAppender: Wait interrupted by java.lang.InterruptedException
2020-03-27 08:15:19,949 [org.apache.ratis.server.impl.LogAppender$AppenderDaemon$$Lambda$426/136956550@6f516b0e] WARN  server.GrpcLogAppender (GrpcLogAppender.java:mayWait(153)) - d8a051d7-a144-4c31-9411-4634ccd4403a@group-F6189F8743C0->fe5755ee-a695-4f61-b92b-3d721cb7d98e-GrpcLogAppender: Wait interrupted by java.lang.InterruptedException
2020-03-27 08:15:19,948 [main] INFO  impl.PendingRequests (PendingRequests.java:sendNotLeaderResponses(240)) - d8a051d7-a144-4c31-9411-4634ccd4403a@group-F6189F8743C0-PendingRequests: sendNotLeaderResponses
2020-03-27 08:15:19,949 [grpc-default-executor-14] INFO  server.GrpcServerProtocolService (GrpcServerProtocolService.java:onCompleted(137)) - 77fc4d9c-d2cb-491d-92c6-7c69a2ec3ba6: Completed APPEND_ENTRIES, lastRequest: d8a051d7-a144-4c31-9411-4634ccd4403a->77fc4d9c-d2cb-491d-92c6-7c69a2ec3ba6#1-t1, previous=(t:0, i:0), leaderCommit=0, initializing? false, entries: size=1, first=(t:1, i:0), CONFIGURATIONENTRY
2020-03-27 08:15:19,949 [main] INFO  metrics.RatisMetrics (RatisMetrics.java:unregister(46)) - Unregistering Metrics Registry : ratis.log_appender.d8a051d7-a144-4c31-9411-4634ccd4403a@group-F6189F8743C0
2020-03-27 08:15:19,949 [main] INFO  impl.StateMachineUpdater (StateMachineUpdater.java:stopAndJoin(139)) - d8a051d7-a144-4c31-9411-4634ccd4403a@group-F6189F8743C0-StateMachineUpdater: set stopIndex = 0
2020-03-27 08:15:19,950 [grpc-default-executor-13] INFO  server.GrpcServerProtocolService (GrpcServerProtocolService.java:onCompleted(137)) - fe5755ee-a695-4f61-b92b-3d721cb7d98e: Completed APPEND_ENTRIES, lastRequest: d8a051d7-a144-4c31-9411-4634ccd4403a->fe5755ee-a695-4f61-b92b-3d721cb7d98e#1-t1, previous=(t:0, i:0), leaderCommit=-1, initializing? false, entries: size=1, first=(t:1, i:0), CONFIGURATIONENTRY
2020-03-27 08:15:19,950 [grpc-default-executor-5] INFO  server.GrpcLogAppender (GrpcLogAppender.java:onCompleted(308)) - d8a051d7-a144-4c31-9411-4634ccd4403a@group-F6189F8743C0->77fc4d9c-d2cb-491d-92c6-7c69a2ec3ba6-AppendLogResponseHandler: follower responses appendEntries COMPLETED
2020-03-27 08:15:19,952 [grpc-default-executor-5] INFO  impl.FollowerInfo (FollowerInfo.java:lambda$new$0(50)) - d8a051d7-a144-4c31-9411-4634ccd4403a@group-F6189F8743C0->77fc4d9c-d2cb-491d-92c6-7c69a2ec3ba6: nextIndex: updateUnconditionally 1 -> 0
2020-03-27 08:15:19,952 [grpc-default-executor-5] INFO  server.GrpcLogAppender (GrpcLogAppender.java:onCompleted(308)) - d8a051d7-a144-4c31-9411-4634ccd4403a@group-F6189F8743C0->fe5755ee-a695-4f61-b92b-3d721cb7d98e-AppendLogResponseHandler: follower responses appendEntries COMPLETED
2020-03-27 08:15:19,953 [d8a051d7-a144-4c31-9411-4634ccd4403a@group-F6189F8743C0-StateMachineUpdater] INFO  ratis.ContainerStateMachine (ContainerStateMachine.java:takeSnapshot(295)) - group-F6189F8743C0: Taking a snapshot at:(t:1, i:0) file /github/workspace/hadoop-ozone/integration-test/target/test-dir/MiniOzoneClusterImpl-178f0ac1-9287-41ca-b66e-5f4c0e2bc6ba/datanode-3/data/ratis/34b7cd66-881b-4dc1-99ed-f6189f8743c0/sm/snapshot.1_0
2020-03-27 08:15:19,954 [grpc-default-executor-5] INFO  impl.FollowerInfo (FollowerInfo.java:lambda$new$0(50)) - d8a051d7-a144-4c31-9411-4634ccd4403a@group-F6189F8743C0->fe5755ee-a695-4f61-b92b-3d721cb7d98e: nextIndex: updateUnconditionally 1 -> 0
2020-03-27 08:15:19,954 [d8a051d7-a144-4c31-9411-4634ccd4403a@group-F6189F8743C0-StateMachineUpdater] INFO  ratis.ContainerStateMachine (ContainerStateMachine.java:takeSnapshot(306)) - group-F6189F8743C0: Finished taking a snapshot at:(t:1, i:0) file:/github/workspace/hadoop-ozone/integration-test/target/test-dir/MiniOzoneClusterImpl-178f0ac1-9287-41ca-b66e-5f4c0e2bc6ba/datanode-3/data/ratis/34b7cd66-881b-4dc1-99ed-f6189f8743c0/sm/snapshot.1_0 time:1
2020-03-27 08:15:19,954 [d8a051d7-a144-4c31-9411-4634ccd4403a@group-F6189F8743C0-StateMachineUpdater] INFO  impl.StateMachineUpdater (StateMachineUpdater.java:takeSnapshot(274)) - d8a051d7-a144-4c31-9411-4634ccd4403a@group-F6189F8743C0-StateMachineUpdater: Took a snapshot at index 0
2020-03-27 08:15:19,954 [d8a051d7-a144-4c31-9411-4634ccd4403a@group-F6189F8743C0-StateMachineUpdater] INFO  impl.StateMachineUpdater (StateMachineUpdater.java:lambda$new$0(86)) - d8a051d7-a144-4c31-9411-4634ccd4403a@group-F6189F8743C0-StateMachineUpdater: snapshotIndex: updateIncreasingly -1 -> 0
2020-03-27 08:15:19,954 [d8a051d7-a144-4c31-9411-4634ccd4403a@group-F6189F8743C0-StateMachineUpdater] INFO  metrics.RatisMetrics (RatisMetrics.java:unregister(46)) - Unregistering Metrics Registry : ratis.state_machine.d8a051d7-a144-4c31-9411-4634ccd4403a@group-F6189F8743C0
2020-03-27 08:15:19,955 [main] INFO  impl.RaftServerImpl (ServerState.java:close(387)) - d8a051d7-a144-4c31-9411-4634ccd4403a@group-F6189F8743C0: closes. applyIndex: 0
2020-03-27 08:15:19,955 [d8a051d7-a144-4c31-9411-4634ccd4403a@group-F6189F8743C0-SegmentedRaftLogWorker] INFO  segmented.SegmentedRaftLogWorker (SegmentedRaftLogWorker.java:run(321)) - d8a051d7-a144-4c31-9411-4634ccd4403a@group-F6189F8743C0-SegmentedRaftLogWorker was interrupted, exiting. There are 0 tasks remaining in the queue.
2020-03-27 08:15:19,956 [main] INFO  segmented.SegmentedRaftLogWorker (SegmentedRaftLogWorker.java:close(229)) - d8a051d7-a144-4c31-9411-4634ccd4403a@group-F6189F8743C0-SegmentedRaftLogWorker close()
2020-03-27 08:15:19,959 [main] INFO  metrics.RatisMetrics (RatisMetrics.java:unregister(46)) - Unregistering Metrics Registry : ratis.log_worker.d8a051d7-a144-4c31-9411-4634ccd4403a
2020-03-27 08:15:19,959 [main] INFO  metrics.RatisMetrics (RatisMetrics.java:unregister(46)) - Unregistering Metrics Registry : ratis.leader_election.d8a051d7-a144-4c31-9411-4634ccd4403a@group-F6189F8743C0
2020-03-27 08:15:19,963 [main] INFO  metrics.RatisMetrics (RatisMetrics.java:unregister(46)) - Unregistering Metrics Registry : ratis.server.d8a051d7-a144-4c31-9411-4634ccd4403a@group-F6189F8743C0
2020-03-27 08:15:19,963 [main] INFO  impl.RaftServerImpl (RaftServerImpl.java:lambda$shutdown$3(249)) - d8a051d7-a144-4c31-9411-4634ccd4403a@group-E41956245296: shutdown
2020-03-27 08:15:19,963 [main] INFO  util.JmxRegister (JmxRegister.java:unregister(73)) - Successfully un-registered JMX Bean with object name Ratis:service=RaftServer,group=group-E41956245296,id=d8a051d7-a144-4c31-9411-4634ccd4403a
2020-03-27 08:15:19,964 [main] INFO  impl.RoleInfo (RoleInfo.java:shutdownLeaderState(104)) - d8a051d7-a144-4c31-9411-4634ccd4403a: shutdown LeaderState
2020-03-27 08:15:19,964 [main] INFO  impl.PendingRequests (PendingRequests.java:sendNotLeaderResponses(240)) - d8a051d7-a144-4c31-9411-4634ccd4403a@group-E41956245296-PendingRequests: sendNotLeaderResponses
2020-03-27 08:15:19,964 [main] INFO  metrics.RatisMetrics (RatisMetrics.java:unregister(46)) - Unregistering Metrics Registry : ratis.log_appender.d8a051d7-a144-4c31-9411-4634ccd4403a@group-E41956245296
2020-03-27 08:15:19,964 [main] INFO  impl.StateMachineUpdater (StateMachineUpdater.java:stopAndJoin(139)) - d8a051d7-a144-4c31-9411-4634ccd4403a@group-E41956245296-StateMachineUpdater: set stopIndex = 0
2020-03-27 08:15:19,964 [d8a051d7-a144-4c31-9411-4634ccd4403a@group-E41956245296-StateMachineUpdater] INFO  ratis.ContainerStateMachine (ContainerStateMachine.java:takeSnapshot(295)) - group-E41956245296: Taking a snapshot at:(t:1, i:0) file /github/workspace/hadoop-ozone/integration-test/target/test-dir/MiniOzoneClusterImpl-178f0ac1-9287-41ca-b66e-5f4c0e2bc6ba/datanode-3/data/ratis/c8f0054e-1610-40fc-a9a5-e41956245296/sm/snapshot.1_0
2020-03-27 08:15:19,966 [d8a051d7-a144-4c31-9411-4634ccd4403a@group-E41956245296-StateMachineUpdater] INFO  ratis.ContainerStateMachine (ContainerStateMachine.java:takeSnapshot(306)) - group-E41956245296: Finished taking a snapshot at:(t:1, i:0) file:/github/workspace/hadoop-ozone/integration-test/target/test-dir/MiniOzoneClusterImpl-178f0ac1-9287-41ca-b66e-5f4c0e2bc6ba/datanode-3/data/ratis/c8f0054e-1610-40fc-a9a5-e41956245296/sm/snapshot.1_0 time:1
2020-03-27 08:15:19,966 [d8a051d7-a144-4c31-9411-4634ccd4403a@group-E41956245296-StateMachineUpdater] INFO  impl.StateMachineUpdater (StateMachineUpdater.java:takeSnapshot(274)) - d8a051d7-a144-4c31-9411-4634ccd4403a@group-E41956245296-StateMachineUpdater: Took a snapshot at index 0
2020-03-27 08:15:19,966 [d8a051d7-a144-4c31-9411-4634ccd4403a@group-E41956245296-StateMachineUpdater] INFO  impl.StateMachineUpdater (StateMachineUpdater.java:lambda$new$0(86)) - d8a051d7-a144-4c31-9411-4634ccd4403a@group-E41956245296-StateMachineUpdater: snapshotIndex: updateIncreasingly -1 -> 0
2020-03-27 08:15:19,966 [d8a051d7-a144-4c31-9411-4634ccd4403a@group-E41956245296-StateMachineUpdater] INFO  metrics.RatisMetrics (RatisMetrics.java:unregister(46)) - Unregistering Metrics Registry : ratis.state_machine.d8a051d7-a144-4c31-9411-4634ccd4403a@group-E41956245296
2020-03-27 08:15:19,966 [main] INFO  impl.RaftServerImpl (ServerState.java:close(387)) - d8a051d7-a144-4c31-9411-4634ccd4403a@group-E41956245296: closes. applyIndex: 0
2020-03-27 08:15:19,966 [d8a051d7-a144-4c31-9411-4634ccd4403a@group-E41956245296-SegmentedRaftLogWorker] INFO  segmented.SegmentedRaftLogWorker (SegmentedRaftLogWorker.java:run(321)) - d8a051d7-a144-4c31-9411-4634ccd4403a@group-E41956245296-SegmentedRaftLogWorker was interrupted, exiting. There are 0 tasks remaining in the queue.
2020-03-27 08:15:19,967 [main] INFO  segmented.SegmentedRaftLogWorker (SegmentedRaftLogWorker.java:close(229)) - d8a051d7-a144-4c31-9411-4634ccd4403a@group-E41956245296-SegmentedRaftLogWorker close()
2020-03-27 08:15:19,968 [main] INFO  metrics.RatisMetrics (RatisMetrics.java:unregister(46)) - Unregistering Metrics Registry : ratis.log_worker.d8a051d7-a144-4c31-9411-4634ccd4403a
2020-03-27 08:15:19,968 [main] INFO  metrics.RatisMetrics (RatisMetrics.java:unregister(46)) - Unregistering Metrics Registry : ratis.leader_election.d8a051d7-a144-4c31-9411-4634ccd4403a@group-E41956245296
2020-03-27 08:15:19,968 [main] INFO  metrics.RatisMetrics (RatisMetrics.java:unregister(46)) - Unregistering Metrics Registry : ratis.server.d8a051d7-a144-4c31-9411-4634ccd4403a@group-E41956245296
2020-03-27 08:15:19,968 [main] INFO  impl.RaftServerImpl (RaftServerImpl.java:lambda$shutdown$3(249)) - d8a051d7-a144-4c31-9411-4634ccd4403a@group-9949AF5E83F0: shutdown
2020-03-27 08:15:19,969 [main] INFO  util.JmxRegister (JmxRegister.java:unregister(73)) - Successfully un-registered JMX Bean with object name Ratis:service=RaftServer,group=group-9949AF5E83F0,id=d8a051d7-a144-4c31-9411-4634ccd4403a
2020-03-27 08:15:19,969 [main] INFO  impl.RoleInfo (RoleInfo.java:shutdownFollowerState(121)) - d8a051d7-a144-4c31-9411-4634ccd4403a: shutdown FollowerState
2020-03-27 08:15:19,969 [Thread-3763] INFO  impl.FollowerState (FollowerState.java:run(117)) - d8a051d7-a144-4c31-9411-4634ccd4403a@group-9949AF5E83F0-FollowerState was interrupted: java.lang.InterruptedException: sleep interrupted
2020-03-27 08:15:19,969 [d8a051d7-a144-4c31-9411-4634ccd4403a@group-9949AF5E83F0-StateMachineUpdater] INFO  ratis.ContainerStateMachine (ContainerStateMachine.java:takeSnapshot(295)) - group-9949AF5E83F0: Taking a snapshot at:(t:1, i:16) file /github/workspace/hadoop-ozone/integration-test/target/test-dir/MiniOzoneClusterImpl-178f0ac1-9287-41ca-b66e-5f4c0e2bc6ba/datanode-3/data/ratis/134bdaae-71f1-4a71-a08c-9949af5e83f0/sm/snapshot.1_16
2020-03-27 08:15:19,970 [main] INFO  impl.StateMachineUpdater (StateMachineUpdater.java:stopAndJoin(139)) - d8a051d7-a144-4c31-9411-4634ccd4403a@group-9949AF5E83F0-StateMachineUpdater: set stopIndex = 16
2020-03-27 08:15:19,970 [d8a051d7-a144-4c31-9411-4634ccd4403a@group-9949AF5E83F0-StateMachineUpdater] INFO  ratis.ContainerStateMachine (ContainerStateMachine.java:takeSnapshot(306)) - group-9949AF5E83F0: Finished taking a snapshot at:(t:1, i:16) file:/github/workspace/hadoop-ozone/integration-test/target/test-dir/MiniOzoneClusterImpl-178f0ac1-9287-41ca-b66e-5f4c0e2bc6ba/datanode-3/data/ratis/134bdaae-71f1-4a71-a08c-9949af5e83f0/sm/snapshot.1_16 time:1
2020-03-27 08:15:19,971 [d8a051d7-a144-4c31-9411-4634ccd4403a@group-9949AF5E83F0-StateMachineUpdater] INFO  impl.StateMachineUpdater (StateMachineUpdater.java:takeSnapshot(274)) - d8a051d7-a144-4c31-9411-4634ccd4403a@group-9949AF5E83F0-StateMachineUpdater: Took a snapshot at index 16
2020-03-27 08:15:19,971 [d8a051d7-a144-4c31-9411-4634ccd4403a@group-9949AF5E83F0-StateMachineUpdater] INFO  impl.StateMachineUpdater (StateMachineUpdater.java:lambda$new$0(86)) - d8a051d7-a144-4c31-9411-4634ccd4403a@group-9949AF5E83F0-StateMachineUpdater: snapshotIndex: updateIncreasingly -1 -> 16
2020-03-27 08:15:19,971 [d8a051d7-a144-4c31-9411-4634ccd4403a@group-9949AF5E83F0-StateMachineUpdater] INFO  metrics.RatisMetrics (RatisMetrics.java:unregister(46)) - Unregistering Metrics Registry : ratis.state_machine.d8a051d7-a144-4c31-9411-4634ccd4403a@group-9949AF5E83F0
2020-03-27 08:15:19,971 [main] INFO  impl.RaftServerImpl (ServerState.java:close(387)) - d8a051d7-a144-4c31-9411-4634ccd4403a@group-9949AF5E83F0: closes. applyIndex: 16
2020-03-27 08:15:19,971 [d8a051d7-a144-4c31-9411-4634ccd4403a@group-9949AF5E83F0-SegmentedRaftLogWorker] INFO  segmented.SegmentedRaftLogWorker (SegmentedRaftLogWorker.java:run(321)) - d8a051d7-a144-4c31-9411-4634ccd4403a@group-9949AF5E83F0-SegmentedRaftLogWorker was interrupted, exiting. There are 0 tasks remaining in the queue.
2020-03-27 08:15:19,972 [main] INFO  segmented.SegmentedRaftLogWorker (SegmentedRaftLogWorker.java:close(229)) - d8a051d7-a144-4c31-9411-4634ccd4403a@group-9949AF5E83F0-SegmentedRaftLogWorker close()
2020-03-27 08:15:19,973 [main] INFO  metrics.RatisMetrics (RatisMetrics.java:unregister(46)) - Unregistering Metrics Registry : ratis.log_worker.d8a051d7-a144-4c31-9411-4634ccd4403a
2020-03-27 08:15:19,973 [main] INFO  metrics.RatisMetrics (RatisMetrics.java:unregister(46)) - Unregistering Metrics Registry : ratis.leader_election.d8a051d7-a144-4c31-9411-4634ccd4403a@group-9949AF5E83F0
2020-03-27 08:15:19,973 [main] INFO  metrics.RatisMetrics (RatisMetrics.java:unregister(46)) - Unregistering Metrics Registry : ratis.server.d8a051d7-a144-4c31-9411-4634ccd4403a@group-9949AF5E83F0
2020-03-27 08:15:19,973 [main] INFO  server.GrpcService (GrpcService.java:closeImpl(164)) - d8a051d7-a144-4c31-9411-4634ccd4403a: shutdown server with port 40341 now
2020-03-27 08:15:19,974 [main] INFO  server.GrpcService (GrpcService.java:closeImpl(172)) - d8a051d7-a144-4c31-9411-4634ccd4403a: shutdown server with port 40341 successfully
2020-03-27 08:15:19,974 [grpc-default-executor-14] WARN  server.GrpcServerProtocolService (LogUtils.java:warn(122)) - d8a051d7-a144-4c31-9411-4634ccd4403a: installSnapshot onError, lastRequest: 77fc4d9c-d2cb-491d-92c6-7c69a2ec3ba6->d8a051d7-a144-4c31-9411-4634ccd4403a#17-t1, previous=(t:1, i:15), leaderCommit=14, initializing? false, entries: size=1, first=(t:1, i:16), METADATAENTRY(c:14): org.apache.ratis.thirdparty.io.grpc.StatusRuntimeException: CANCELLED: cancelled before receiving half close
2020-03-27 08:15:19,974 [grpc-default-executor-5] WARN  server.GrpcLogAppender (LogUtils.java:warn(122)) - 77fc4d9c-d2cb-491d-92c6-7c69a2ec3ba6@group-9949AF5E83F0->d8a051d7-a144-4c31-9411-4634ccd4403a-AppendLogResponseHandler: Failed appendEntries: org.apache.ratis.thirdparty.io.grpc.StatusRuntimeException: CANCELLED: HTTP/2 error code: CANCEL
Received Rst Stream
2020-03-27 08:15:19,976 [grpc-nio-worker-ELG-3-3] WARN  nio.NioEventLoop (NioEventLoop.java:selectRebuildSelector(865)) - Selector.select() returned prematurely 512 times in a row; rebuilding Selector org.apache.ratis.thirdparty.io.netty.channel.nio.SelectedSelectionKeySetSelector@787b6a08.
2020-03-27 08:15:19,976 [grpc-nio-worker-ELG-3-3] INFO  nio.NioEventLoop (NioEventLoop.java:rebuildSelector0(437)) - Migrated 2 channel(s) to the new Selector.
2020-03-27 08:15:19,987 [grpc-default-executor-5] INFO  impl.FollowerInfo (FollowerInfo.java:lambda$new$0(50)) - 77fc4d9c-d2cb-491d-92c6-7c69a2ec3ba6@group-9949AF5E83F0->d8a051d7-a144-4c31-9411-4634ccd4403a: nextIndex: updateUnconditionally 17 -> 16
2020-03-27 08:15:19,998 [main] INFO  utils.BackgroundService (BackgroundService.java:shutdown(157)) - Shutting down service BlockDeletingService
2020-03-27 08:15:20,002 [main] INFO  statemachine.DatanodeStateMachine (DatanodeStateMachine.java:stopDaemon(435)) - Ozone container server stopped.
2020-03-27 08:15:20,008 [main] INFO  handler.ContextHandler (ContextHandler.java:doStop(1016)) - Stopped o.e.j.w.WebAppContext@1558cab8{hddsDatanode,/,null,UNAVAILABLE}{jar:file:/home/user/.m2/repository/org/apache/hadoop/hadoop-hdds-container-service/0.5.0-SNAPSHOT/hadoop-hdds-container-service-0.5.0-SNAPSHOT.jar!/webapps/hddsDatanode}
2020-03-27 08:15:20,008 [main] INFO  server.AbstractConnector (AbstractConnector.java:doStop(380)) - Stopped ServerConnector@596f2c90{HTTP/1.1,[http/1.1]}{0.0.0.0:0}
2020-03-27 08:15:20,008 [main] INFO  server.session (HouseKeeper.java:stopScavenging(158)) - node0 Stopped scavenging
2020-03-27 08:15:20,009 [main] INFO  handler.ContextHandler (ContextHandler.java:doStop(1016)) - Stopped o.e.j.s.ServletContextHandler@3c5a9eab{static,/static,jar:file:/home/user/.m2/repository/org/apache/hadoop/hadoop-hdds-container-service/0.5.0-SNAPSHOT/hadoop-hdds-container-service-0.5.0-SNAPSHOT.jar!/webapps/static,UNAVAILABLE}
2020-03-27 08:15:20,009 [main] INFO  handler.ContextHandler (ContextHandler.java:doStop(1016)) - Stopped o.e.j.s.ServletContextHandler@4c46360e{logs,/logs,file:///github/workspace/hadoop-ozone/integration-test/target/log,UNAVAILABLE}
2020-03-27 08:15:20,016 [grpc-default-executor-5] WARN  server.GrpcLogAppender (LogUtils.java:warn(122)) - 77fc4d9c-d2cb-491d-92c6-7c69a2ec3ba6@group-9949AF5E83F0->d8a051d7-a144-4c31-9411-4634ccd4403a-AppendLogResponseHandler: Failed appendEntries: org.apache.ratis.thirdparty.io.grpc.StatusRuntimeException: UNAVAILABLE: io exception
2020-03-27 08:15:20,019 [grpc-default-executor-5] INFO  impl.FollowerInfo (FollowerInfo.java:lambda$new$0(50)) - 77fc4d9c-d2cb-491d-92c6-7c69a2ec3ba6@group-9949AF5E83F0->d8a051d7-a144-4c31-9411-4634ccd4403a: nextIndex: updateUnconditionally 17 -> 16
2020-03-27 08:15:20,025 [grpc-default-executor-13] WARN  server.GrpcLogAppender (LogUtils.java:warn(122)) - 77fc4d9c-d2cb-491d-92c6-7c69a2ec3ba6@group-9949AF5E83F0->d8a051d7-a144-4c31-9411-4634ccd4403a-AppendLogResponseHandler: Failed appendEntries: org.apache.ratis.thirdparty.io.grpc.StatusRuntimeException: UNAVAILABLE: io exception
2020-03-27 08:15:20,031 [grpc-default-executor-13] INFO  impl.FollowerInfo (FollowerInfo.java:lambda$new$0(50)) - 77fc4d9c-d2cb-491d-92c6-7c69a2ec3ba6@group-9949AF5E83F0->d8a051d7-a144-4c31-9411-4634ccd4403a: nextIndex: updateUnconditionally 17 -> 16
2020-03-27 08:15:20,036 [grpc-default-executor-9] WARN  server.GrpcLogAppender (LogUtils.java:warn(122)) - 77fc4d9c-d2cb-491d-92c6-7c69a2ec3ba6@group-9949AF5E83F0->d8a051d7-a144-4c31-9411-4634ccd4403a-AppendLogResponseHandler: Failed appendEntries: org.apache.ratis.thirdparty.io.grpc.StatusRuntimeException: UNAVAILABLE: io exception
2020-03-27 08:15:20,045 [grpc-default-executor-9] INFO  impl.FollowerInfo (FollowerInfo.java:lambda$new$0(50)) - 77fc4d9c-d2cb-491d-92c6-7c69a2ec3ba6@group-9949AF5E83F0->d8a051d7-a144-4c31-9411-4634ccd4403a: nextIndex: updateUnconditionally 17 -> 16
2020-03-27 08:15:20,047 [grpc-default-executor-5] WARN  server.GrpcLogAppender (LogUtils.java:warn(122)) - 77fc4d9c-d2cb-491d-92c6-7c69a2ec3ba6@group-9949AF5E83F0->d8a051d7-a144-4c31-9411-4634ccd4403a-AppendLogResponseHandler: Failed appendEntries: org.apache.ratis.thirdparty.io.grpc.StatusRuntimeException: UNAVAILABLE: io exception
2020-03-27 08:15:20,051 [grpc-default-executor-5] INFO  impl.FollowerInfo (FollowerInfo.java:lambda$new$0(50)) - 77fc4d9c-d2cb-491d-92c6-7c69a2ec3ba6@group-9949AF5E83F0->d8a051d7-a144-4c31-9411-4634ccd4403a: nextIndex: updateUnconditionally 17 -> 16
2020-03-27 08:15:20,054 [grpc-default-executor-9] WARN  server.GrpcLogAppender (LogUtils.java:warn(122)) - 77fc4d9c-d2cb-491d-92c6-7c69a2ec3ba6@group-9949AF5E83F0->d8a051d7-a144-4c31-9411-4634ccd4403a-AppendLogResponseHandler: Failed appendEntries: org.apache.ratis.thirdparty.io.grpc.StatusRuntimeException: UNAVAILABLE: io exception
2020-03-27 08:15:20,058 [grpc-default-executor-9] INFO  impl.FollowerInfo (FollowerInfo.java:lambda$new$0(50)) - 77fc4d9c-d2cb-491d-92c6-7c69a2ec3ba6@group-9949AF5E83F0->d8a051d7-a144-4c31-9411-4634ccd4403a: nextIndex: updateUnconditionally 17 -> 16
2020-03-27 08:15:20,060 [grpc-default-executor-5] WARN  server.GrpcLogAppender (LogUtils.java:warn(122)) - 77fc4d9c-d2cb-491d-92c6-7c69a2ec3ba6@group-9949AF5E83F0->d8a051d7-a144-4c31-9411-4634ccd4403a-AppendLogResponseHandler: Failed appendEntries: org.apache.ratis.thirdparty.io.grpc.StatusRuntimeException: UNAVAILABLE: io exception
2020-03-27 08:15:20,061 [grpc-default-executor-5] INFO  impl.FollowerInfo (FollowerInfo.java:lambda$new$0(50)) - 77fc4d9c-d2cb-491d-92c6-7c69a2ec3ba6@group-9949AF5E83F0->d8a051d7-a144-4c31-9411-4634ccd4403a: nextIndex: updateUnconditionally 17 -> 16
2020-03-27 08:15:20,072 [grpc-default-executor-9] WARN  server.GrpcLogAppender (LogUtils.java:warn(122)) - 77fc4d9c-d2cb-491d-92c6-7c69a2ec3ba6@group-9949AF5E83F0->d8a051d7-a144-4c31-9411-4634ccd4403a-AppendLogResponseHandler: Failed appendEntries: org.apache.ratis.thirdparty.io.grpc.StatusRuntimeException: UNAVAILABLE: io exception
2020-03-27 08:15:20,074 [grpc-default-executor-9] INFO  impl.FollowerInfo (FollowerInfo.java:lambda$new$0(50)) - 77fc4d9c-d2cb-491d-92c6-7c69a2ec3ba6@group-9949AF5E83F0->d8a051d7-a144-4c31-9411-4634ccd4403a: nextIndex: updateUnconditionally 17 -> 16
2020-03-27 08:15:22,575 [grpc-default-executor-9] WARN  server.GrpcLogAppender (LogUtils.java:warn(122)) - 77fc4d9c-d2cb-491d-92c6-7c69a2ec3ba6@group-9949AF5E83F0->d8a051d7-a144-4c31-9411-4634ccd4403a-AppendLogResponseHandler: Failed appendEntries: org.apache.ratis.thirdparty.io.grpc.StatusRuntimeException: UNAVAILABLE: io exception
2020-03-27 08:15:22,579 [grpc-default-executor-9] INFO  impl.FollowerInfo (FollowerInfo.java:lambda$new$0(50)) - 77fc4d9c-d2cb-491d-92c6-7c69a2ec3ba6@group-9949AF5E83F0->d8a051d7-a144-4c31-9411-4634ccd4403a: nextIndex: updateUnconditionally 17 -> 16
2020-03-27 08:15:23,973 [Thread-3869] INFO  client.GrpcClientProtocolService (GrpcClientProtocolService.java:lambda$processClientRequest$0(283)) - Failed RaftClientRequest:client-65361A2B882A->77fc4d9c-d2cb-491d-92c6-7c69a2ec3ba6@group-9949AF5E83F0, cid=202, seq=0, Watch-ALL_COMMITTED(23), Message:<EMPTY>, reply=RaftClientReply:client-65361A2B882A->77fc4d9c-d2cb-491d-92c6-7c69a2ec3ba6@group-9949AF5E83F0, cid=202, FAILED org.apache.ratis.protocol.NotReplicatedException: Request with call Id 202 and log index 23 is not yet replicated to ALL_COMMITTED, logIndex=23, commits[77fc4d9c-d2cb-491d-92c6-7c69a2ec3ba6:c25, fe5755ee-a695-4f61-b92b-3d721cb7d98e:c25, d8a051d7-a144-4c31-9411-4634ccd4403a:c16]
2020-03-27 08:15:23,981 [main] WARN  scm.XceiverClientRatis (XceiverClientRatis.java:watchForCommit(265)) - 3 way commit failed on pipeline Pipeline[ Id: 134bdaae-71f1-4a71-a08c-9949af5e83f0, Nodes: d8a051d7-a144-4c31-9411-4634ccd4403a{ip: 172.17.0.2, host: 767d39cb30d6, networkLocation: /default-rack, certSerialId: null}77fc4d9c-d2cb-491d-92c6-7c69a2ec3ba6{ip: 172.17.0.2, host: 767d39cb30d6, networkLocation: /default-rack, certSerialId: null}fe5755ee-a695-4f61-b92b-3d721cb7d98e{ip: 172.17.0.2, host: 767d39cb30d6, networkLocation: /default-rack, certSerialId: null}, Type:RATIS, Factor:THREE, State:OPEN, leaderId:77fc4d9c-d2cb-491d-92c6-7c69a2ec3ba6, CreationTimestamp2020-03-27T08:15:06.560Z]
java.util.concurrent.ExecutionException: org.apache.ratis.protocol.NotReplicatedException: Request with call Id 202 and log index 23 is not yet replicated to ALL_COMMITTED
	at java.util.concurrent.CompletableFuture.reportGet(CompletableFuture.java:357)
	at java.util.concurrent.CompletableFuture.get(CompletableFuture.java:1908)
	at org.apache.hadoop.hdds.scm.XceiverClientRatis.watchForCommit(XceiverClientRatis.java:262)
	at org.apache.hadoop.hdds.scm.storage.CommitWatcher.watchForCommit(CommitWatcher.java:190)
	at org.apache.hadoop.hdds.scm.storage.CommitWatcher.watchOnLastIndex(CommitWatcher.java:157)
	at org.apache.hadoop.hdds.scm.storage.BlockOutputStream.watchForCommit(BlockOutputStream.java:344)
	at org.apache.hadoop.hdds.scm.storage.BlockOutputStream.handleFlush(BlockOutputStream.java:489)
	at org.apache.hadoop.hdds.scm.storage.BlockOutputStream.close(BlockOutputStream.java:503)
	at org.apache.hadoop.ozone.client.io.BlockOutputStreamEntry.close(BlockOutputStreamEntry.java:144)
	at org.apache.hadoop.ozone.client.io.KeyOutputStream.handleStreamAction(KeyOutputStream.java:486)
	at org.apache.hadoop.ozone.client.io.KeyOutputStream.handleFlushOrClose(KeyOutputStream.java:456)
	at org.apache.hadoop.ozone.client.io.KeyOutputStream.handleWrite(KeyOutputStream.java:223)
	at org.apache.hadoop.ozone.client.io.KeyOutputStream.write(KeyOutputStream.java:199)
	at org.apache.hadoop.ozone.client.io.OzoneOutputStream.write(OzoneOutputStream.java:49)
	at java.io.OutputStream.write(OutputStream.java:75)
	at org.apache.hadoop.ozone.client.rpc.TestBlockOutputStreamWithFailures.testWatchForCommitDatanodeFailure(TestBlockOutputStreamWithFailures.java:301)
	at sun.reflect.NativeMethodAccessorImpl.invoke0(Native Method)
	at sun.reflect.NativeMethodAccessorImpl.invoke(NativeMethodAccessorImpl.java:62)
	at sun.reflect.DelegatingMethodAccessorImpl.invoke(DelegatingMethodAccessorImpl.java:43)
	at java.lang.reflect.Method.invoke(Method.java:498)
	at org.junit.runners.model.FrameworkMethod$1.runReflectiveCall(FrameworkMethod.java:47)
	at org.junit.internal.runners.model.ReflectiveCallable.run(ReflectiveCallable.java:12)
	at org.junit.runners.model.FrameworkMethod.invokeExplosively(FrameworkMethod.java:44)
	at org.junit.internal.runners.statements.InvokeMethod.evaluate(InvokeMethod.java:17)
	at org.junit.internal.runners.statements.RunBefores.evaluate(RunBefores.java:26)
	at org.junit.internal.runners.statements.RunAfters.evaluate(RunAfters.java:27)
	at org.junit.runners.ParentRunner.runLeaf(ParentRunner.java:271)
	at org.junit.runners.BlockJUnit4ClassRunner.runChild(BlockJUnit4ClassRunner.java:70)
	at org.junit.runners.BlockJUnit4ClassRunner.runChild(BlockJUnit4ClassRunner.java:50)
	at org.junit.runners.ParentRunner$3.run(ParentRunner.java:238)
	at org.junit.runners.ParentRunner$1.schedule(ParentRunner.java:63)
	at org.junit.runners.ParentRunner.runChildren(ParentRunner.java:236)
	at org.junit.runners.ParentRunner.access$000(ParentRunner.java:53)
	at org.junit.runners.ParentRunner$2.evaluate(ParentRunner.java:229)
	at org.junit.runners.ParentRunner.run(ParentRunner.java:309)
	at org.apache.maven.surefire.junit4.JUnit4Provider.execute(JUnit4Provider.java:365)
	at org.apache.maven.surefire.junit4.JUnit4Provider.executeWithRerun(JUnit4Provider.java:273)
	at org.apache.maven.surefire.junit4.JUnit4Provider.executeTestSet(JUnit4Provider.java:238)
	at org.apache.maven.surefire.junit4.JUnit4Provider.invoke(JUnit4Provider.java:159)
	at org.apache.maven.surefire.booter.ForkedBooter.invokeProviderInSameClassLoader(ForkedBooter.java:384)
	at org.apache.maven.surefire.booter.ForkedBooter.runSuitesInProcess(ForkedBooter.java:345)
	at org.apache.maven.surefire.booter.ForkedBooter.execute(ForkedBooter.java:126)
	at org.apache.maven.surefire.booter.ForkedBooter.main(ForkedBooter.java:418)
Caused by: org.apache.ratis.protocol.NotReplicatedException: Request with call Id 202 and log index 23 is not yet replicated to ALL_COMMITTED
	at org.apache.ratis.client.impl.ClientProtoUtils.toRaftClientReply(ClientProtoUtils.java:274)
	at org.apache.ratis.grpc.client.GrpcClientProtocolClient$AsyncStreamObservers$1.onNext(GrpcClientProtocolClient.java:272)
	at org.apache.ratis.grpc.client.GrpcClientProtocolClient$AsyncStreamObservers$1.onNext(GrpcClientProtocolClient.java:267)
	at org.apache.ratis.thirdparty.io.grpc.stub.ClientCalls$StreamObserverToCallListenerAdapter.onMessage(ClientCalls.java:429)
	at org.apache.ratis.thirdparty.io.grpc.ForwardingClientCallListener.onMessage(ForwardingClientCallListener.java:33)
	at org.apache.ratis.thirdparty.io.grpc.ForwardingClientCallListener.onMessage(ForwardingClientCallListener.java:33)
	at org.apache.ratis.thirdparty.io.grpc.internal.ClientCallImpl$ClientStreamListenerImpl$1MessagesAvailable.runInternal(ClientCallImpl.java:599)
	at org.apache.ratis.thirdparty.io.grpc.internal.ClientCallImpl$ClientStreamListenerImpl$1MessagesAvailable.runInContext(ClientCallImpl.java:584)
	at org.apache.ratis.thirdparty.io.grpc.internal.ContextRunnable.run(ContextRunnable.java:37)
	at org.apache.ratis.thirdparty.io.grpc.internal.SerializingExecutor.run(SerializingExecutor.java:123)
	at java.util.concurrent.ThreadPoolExecutor.runWorker(ThreadPoolExecutor.java:1149)
	at java.util.concurrent.ThreadPoolExecutor$Worker.run(ThreadPoolExecutor.java:624)
	at java.lang.Thread.run(Thread.java:748)
2020-03-27 08:15:23,984 [main] INFO  scm.XceiverClientRatis (XceiverClientRatis.java:lambda$watchForCommit$5(283)) - Could not commit index 23 on pipeline Pipeline[ Id: 134bdaae-71f1-4a71-a08c-9949af5e83f0, Nodes: d8a051d7-a144-4c31-9411-4634ccd4403a{ip: 172.17.0.2, host: 767d39cb30d6, networkLocation: /default-rack, certSerialId: null}77fc4d9c-d2cb-491d-92c6-7c69a2ec3ba6{ip: 172.17.0.2, host: 767d39cb30d6, networkLocation: /default-rack, certSerialId: null}fe5755ee-a695-4f61-b92b-3d721cb7d98e{ip: 172.17.0.2, host: 767d39cb30d6, networkLocation: /default-rack, certSerialId: null}, Type:RATIS, Factor:THREE, State:OPEN, leaderId:77fc4d9c-d2cb-491d-92c6-7c69a2ec3ba6, CreationTimestamp2020-03-27T08:15:06.560Z] to all the nodes. Server d8a051d7-a144-4c31-9411-4634ccd4403a has failed. Committed by majority.
2020-03-27 08:15:23,985 [main] WARN  storage.BlockOutputStream (BlockOutputStream.java:watchForCommit(350)) - Failed to commit BlockId conID: 1 locID: 103894018604728333 bcsId: 23 on Pipeline[ Id: 134bdaae-71f1-4a71-a08c-9949af5e83f0, Nodes: d8a051d7-a144-4c31-9411-4634ccd4403a{ip: 172.17.0.2, host: 767d39cb30d6, networkLocation: /default-rack, certSerialId: null}77fc4d9c-d2cb-491d-92c6-7c69a2ec3ba6{ip: 172.17.0.2, host: 767d39cb30d6, networkLocation: /default-rack, certSerialId: null}fe5755ee-a695-4f61-b92b-3d721cb7d98e{ip: 172.17.0.2, host: 767d39cb30d6, networkLocation: /default-rack, certSerialId: null}, Type:RATIS, Factor:THREE, State:OPEN, leaderId:77fc4d9c-d2cb-491d-92c6-7c69a2ec3ba6, CreationTimestamp2020-03-27T08:15:06.560Z]. Failed nodes: [d8a051d7-a144-4c31-9411-4634ccd4403a{ip: null, host: null, networkLocation: /default-rack, certSerialId: null}]
2020-03-27 08:15:24,881 [Thread-3755] INFO  impl.FollowerState (FollowerState.java:run(108)) - 77fc4d9c-d2cb-491d-92c6-7c69a2ec3ba6@group-F6189F8743C0-FollowerState: change to CANDIDATE, lastRpcTime:5163ms, electionTimeout:5156ms
2020-03-27 08:15:24,883 [Thread-3755] INFO  impl.RoleInfo (RoleInfo.java:shutdownFollowerState(121)) - 77fc4d9c-d2cb-491d-92c6-7c69a2ec3ba6: shutdown FollowerState
2020-03-27 08:15:24,884 [Thread-3755] INFO  impl.RaftServerImpl (RaftServerImpl.java:setRole(172)) - 77fc4d9c-d2cb-491d-92c6-7c69a2ec3ba6@group-F6189F8743C0: changes role from  FOLLOWER to CANDIDATE at term 1 for changeToCandidate
2020-03-27 08:15:24,884 [Thread-3755] INFO  impl.RoleInfo (RoleInfo.java:updateAndGet(143)) - 77fc4d9c-d2cb-491d-92c6-7c69a2ec3ba6: start LeaderElection
2020-03-27 08:15:24,885 [77fc4d9c-d2cb-491d-92c6-7c69a2ec3ba6@group-F6189F8743C0-LeaderElection88] INFO  impl.RaftServerImpl (ServerState.java:setLeader(255)) - 77fc4d9c-d2cb-491d-92c6-7c69a2ec3ba6@group-F6189F8743C0: change Leader from d8a051d7-a144-4c31-9411-4634ccd4403a to null at term 1 for initElection
2020-03-27 08:15:24,887 [77fc4d9c-d2cb-491d-92c6-7c69a2ec3ba6@group-F6189F8743C0-LeaderElection88] INFO  impl.LeaderElection (LeaderElection.java:askForVotes(206)) - 77fc4d9c-d2cb-491d-92c6-7c69a2ec3ba6@group-F6189F8743C0-LeaderElection88: begin an election at term 2 for 0: [fe5755ee-a695-4f61-b92b-3d721cb7d98e:172.17.0.2:43435, 77fc4d9c-d2cb-491d-92c6-7c69a2ec3ba6:172.17.0.2:44703, d8a051d7-a144-4c31-9411-4634ccd4403a:172.17.0.2:40341], old=null
2020-03-27 08:15:24,889 [grpc-default-executor-9] INFO  impl.RaftServerImpl (ServerState.java:setLeader(255)) - fe5755ee-a695-4f61-b92b-3d721cb7d98e@group-F6189F8743C0: change Leader from d8a051d7-a144-4c31-9411-4634ccd4403a to null at term 2 for updateCurrentTerm
2020-03-27 08:15:24,889 [grpc-default-executor-9] INFO  impl.RaftServerImpl (RaftServerImpl.java:setRole(172)) - fe5755ee-a695-4f61-b92b-3d721cb7d98e@group-F6189F8743C0: changes role from  FOLLOWER to FOLLOWER at term 2 for recognizeCandidate:77fc4d9c-d2cb-491d-92c6-7c69a2ec3ba6
2020-03-27 08:15:24,889 [grpc-default-executor-9] INFO  impl.RoleInfo (RoleInfo.java:shutdownFollowerState(121)) - fe5755ee-a695-4f61-b92b-3d721cb7d98e: shutdown FollowerState
2020-03-27 08:15:24,889 [grpc-default-executor-9] INFO  impl.RoleInfo (RoleInfo.java:updateAndGet(143)) - fe5755ee-a695-4f61-b92b-3d721cb7d98e: start FollowerState
2020-03-27 08:15:24,890 [Thread-3753] INFO  impl.FollowerState (FollowerState.java:run(117)) - fe5755ee-a695-4f61-b92b-3d721cb7d98e@group-F6189F8743C0-FollowerState was interrupted: java.lang.InterruptedException: sleep interrupted
2020-03-27 08:15:24,893 [77fc4d9c-d2cb-491d-92c6-7c69a2ec3ba6@group-F6189F8743C0-LeaderElection88] INFO  impl.LeaderElection (LeaderElection.java:logAndReturn(61)) - 77fc4d9c-d2cb-491d-92c6-7c69a2ec3ba6@group-F6189F8743C0-LeaderElection88: Election PASSED; received 1 response(s) [77fc4d9c-d2cb-491d-92c6-7c69a2ec3ba6<-fe5755ee-a695-4f61-b92b-3d721cb7d98e#0:OK-t2] and 0 exception(s); 77fc4d9c-d2cb-491d-92c6-7c69a2ec3ba6@group-F6189F8743C0:t2, leader=null, voted=77fc4d9c-d2cb-491d-92c6-7c69a2ec3ba6, raftlog=77fc4d9c-d2cb-491d-92c6-7c69a2ec3ba6@group-F6189F8743C0-SegmentedRaftLog:OPENED:c0,f0,i0, conf=0: [fe5755ee-a695-4f61-b92b-3d721cb7d98e:172.17.0.2:43435, 77fc4d9c-d2cb-491d-92c6-7c69a2ec3ba6:172.17.0.2:44703, d8a051d7-a144-4c31-9411-4634ccd4403a:172.17.0.2:40341], old=null
2020-03-27 08:15:24,893 [77fc4d9c-d2cb-491d-92c6-7c69a2ec3ba6@group-F6189F8743C0-LeaderElection88] INFO  impl.RoleInfo (RoleInfo.java:shutdownLeaderElection(134)) - 77fc4d9c-d2cb-491d-92c6-7c69a2ec3ba6: shutdown LeaderElection
2020-03-27 08:15:24,893 [77fc4d9c-d2cb-491d-92c6-7c69a2ec3ba6@group-F6189F8743C0-LeaderElection88] INFO  impl.RaftServerImpl (RaftServerImpl.java:setRole(172)) - 77fc4d9c-d2cb-491d-92c6-7c69a2ec3ba6@group-F6189F8743C0: changes role from CANDIDATE to LEADER at term 2 for changeToLeader
2020-03-27 08:15:24,893 [77fc4d9c-d2cb-491d-92c6-7c69a2ec3ba6@group-F6189F8743C0-LeaderElection88] INFO  ratis.XceiverServerRatis (XceiverServerRatis.java:handleLeaderChangedNotification(739)) - Leader change notification received for group: group-F6189F8743C0 with new leaderId: 77fc4d9c-d2cb-491d-92c6-7c69a2ec3ba6
2020-03-27 08:15:24,894 [77fc4d9c-d2cb-491d-92c6-7c69a2ec3ba6@group-F6189F8743C0-LeaderElection88] INFO  impl.RaftServerImpl (ServerState.java:setLeader(255)) - 77fc4d9c-d2cb-491d-92c6-7c69a2ec3ba6@group-F6189F8743C0: change Leader from null to 77fc4d9c-d2cb-491d-92c6-7c69a2ec3ba6 at term 2 for becomeLeader, leader elected after 8ms
2020-03-27 08:15:24,894 [77fc4d9c-d2cb-491d-92c6-7c69a2ec3ba6@group-F6189F8743C0-LeaderElection88] INFO  server.RaftServerConfigKeys (ConfUtils.java:logGet(43)) - raft.server.staging.catchup.gap = 1000 (default)
2020-03-27 08:15:24,894 [77fc4d9c-d2cb-491d-92c6-7c69a2ec3ba6@group-F6189F8743C0-LeaderElection88] INFO  server.RaftServerConfigKeys (ConfUtils.java:logGet(43)) - raft.server.rpc.sleep.time = 25ms (default)
2020-03-27 08:15:24,894 [77fc4d9c-d2cb-491d-92c6-7c69a2ec3ba6@group-F6189F8743C0-LeaderElection88] INFO  metrics.RatisMetrics (RatisMetrics.java:lambda$create$0(39)) - Creating Metrics Registry : ratis.log_appender.77fc4d9c-d2cb-491d-92c6-7c69a2ec3ba6@group-F6189F8743C0
2020-03-27 08:15:24,894 [77fc4d9c-d2cb-491d-92c6-7c69a2ec3ba6@group-F6189F8743C0-LeaderElection88] INFO  server.RaftServerConfigKeys (ConfUtils.java:logGet(43)) - raft.server.write.element-limit = 1024 (custom)
2020-03-27 08:15:24,894 [77fc4d9c-d2cb-491d-92c6-7c69a2ec3ba6@group-F6189F8743C0-LeaderElection88] INFO  server.RaftServerConfigKeys (ConfUtils.java:logGet(43)) - raft.server.write.byte-limit = 1073741824 (custom)
2020-03-27 08:15:24,895 [77fc4d9c-d2cb-491d-92c6-7c69a2ec3ba6@group-F6189F8743C0-LeaderElection88] INFO  server.RaftServerConfigKeys (ConfUtils.java:logGet(43)) - raft.server.watch.timeout = 3s (custom)
2020-03-27 08:15:24,895 [77fc4d9c-d2cb-491d-92c6-7c69a2ec3ba6@group-F6189F8743C0-LeaderElection88] INFO  server.RaftServerConfigKeys (ConfUtils.java:logGet(43)) - raft.server.watch.timeout.denomination = 1s (default)
2020-03-27 08:15:24,895 [77fc4d9c-d2cb-491d-92c6-7c69a2ec3ba6@group-F6189F8743C0-LeaderElection88] INFO  server.RaftServerConfigKeys (ConfUtils.java:logGet(43)) - raft.server.watch.element-limit = 65536 (default)
2020-03-27 08:15:24,895 [77fc4d9c-d2cb-491d-92c6-7c69a2ec3ba6@group-F6189F8743C0-LeaderElection88] INFO  server.RaftServerConfigKeys (ConfUtils.java:logGet(43)) - raft.server.log.appender.snapshot.chunk.size.max = 16MB (=16777216) (default)
2020-03-27 08:15:24,895 [77fc4d9c-d2cb-491d-92c6-7c69a2ec3ba6@group-F6189F8743C0-LeaderElection88] INFO  server.RaftServerConfigKeys (ConfUtils.java:logGet(43)) - raft.server.log.appender.buffer.byte-limit = 33554432 (custom)
2020-03-27 08:15:24,895 [77fc4d9c-d2cb-491d-92c6-7c69a2ec3ba6@group-F6189F8743C0-LeaderElection88] INFO  server.RaftServerConfigKeys (ConfUtils.java:logGet(43)) - raft.server.log.appender.buffer.element-limit = 1 (custom)
2020-03-27 08:15:24,895 [77fc4d9c-d2cb-491d-92c6-7c69a2ec3ba6@group-F6189F8743C0-LeaderElection88] INFO  grpc.GrpcConfigKeys$Server (ConfUtils.java:logGet(43)) - raft.grpc.server.leader.outstanding.appends.max = 128 (default)
2020-03-27 08:15:24,895 [77fc4d9c-d2cb-491d-92c6-7c69a2ec3ba6@group-F6189F8743C0-LeaderElection88] INFO  server.RaftServerConfigKeys (ConfUtils.java:logGet(43)) - raft.server.rpc.request.timeout = 3s (default)
2020-03-27 08:15:24,896 [77fc4d9c-d2cb-491d-92c6-7c69a2ec3ba6@group-F6189F8743C0-LeaderElection88] INFO  server.RaftServerConfigKeys (ConfUtils.java:logGet(43)) - raft.server.log.appender.install.snapshot.enabled = false (custom)
2020-03-27 08:15:24,898 [77fc4d9c-d2cb-491d-92c6-7c69a2ec3ba6@group-F6189F8743C0-LeaderElection88] INFO  server.RaftServerConfigKeys (ConfUtils.java:logGet(43)) - raft.server.log.appender.snapshot.chunk.size.max = 16MB (=16777216) (default)
2020-03-27 08:15:24,898 [77fc4d9c-d2cb-491d-92c6-7c69a2ec3ba6@group-F6189F8743C0-LeaderElection88] INFO  server.RaftServerConfigKeys (ConfUtils.java:logGet(43)) - raft.server.log.appender.buffer.byte-limit = 33554432 (custom)
2020-03-27 08:15:24,898 [77fc4d9c-d2cb-491d-92c6-7c69a2ec3ba6@group-F6189F8743C0-LeaderElection88] INFO  server.RaftServerConfigKeys (ConfUtils.java:logGet(43)) - raft.server.log.appender.buffer.element-limit = 1 (custom)
2020-03-27 08:15:24,898 [77fc4d9c-d2cb-491d-92c6-7c69a2ec3ba6@group-F6189F8743C0-LeaderElection88] INFO  grpc.GrpcConfigKeys$Server (ConfUtils.java:logGet(43)) - raft.grpc.server.leader.outstanding.appends.max = 128 (default)
2020-03-27 08:15:24,898 [77fc4d9c-d2cb-491d-92c6-7c69a2ec3ba6@group-F6189F8743C0-LeaderElection88] INFO  server.RaftServerConfigKeys (ConfUtils.java:logGet(43)) - raft.server.rpc.request.timeout = 3s (default)
2020-03-27 08:15:24,899 [77fc4d9c-d2cb-491d-92c6-7c69a2ec3ba6@group-F6189F8743C0-LeaderElection88] INFO  server.RaftServerConfigKeys (ConfUtils.java:logGet(43)) - raft.server.log.appender.install.snapshot.enabled = false (custom)
2020-03-27 08:15:24,900 [77fc4d9c-d2cb-491d-92c6-7c69a2ec3ba6@group-F6189F8743C0-LeaderElection88] INFO  impl.RoleInfo (RoleInfo.java:updateAndGet(143)) - 77fc4d9c-d2cb-491d-92c6-7c69a2ec3ba6: start LeaderState
2020-03-27 08:15:24,900 [77fc4d9c-d2cb-491d-92c6-7c69a2ec3ba6@group-F6189F8743C0-LeaderElection88] INFO  segmented.SegmentedRaftLogWorker (SegmentedRaftLogWorker.java:rollLogSegment(396)) - 77fc4d9c-d2cb-491d-92c6-7c69a2ec3ba6@group-F6189F8743C0-SegmentedRaftLogWorker: Rolling segment log-0_0 to index:0
2020-03-27 08:15:24,901 [77fc4d9c-d2cb-491d-92c6-7c69a2ec3ba6@group-F6189F8743C0-SegmentedRaftLogWorker] INFO  segmented.SegmentedRaftLogWorker (SegmentedRaftLogWorker.java:execute(541)) - 77fc4d9c-d2cb-491d-92c6-7c69a2ec3ba6@group-F6189F8743C0-SegmentedRaftLogWorker: Rolled log segment from /github/workspace/hadoop-ozone/integration-test/target/test-dir/MiniOzoneClusterImpl-178f0ac1-9287-41ca-b66e-5f4c0e2bc6ba/datanode-5/data/ratis/34b7cd66-881b-4dc1-99ed-f6189f8743c0/current/log_inprogress_0 to /github/workspace/hadoop-ozone/integration-test/target/test-dir/MiniOzoneClusterImpl-178f0ac1-9287-41ca-b66e-5f4c0e2bc6ba/datanode-5/data/ratis/34b7cd66-881b-4dc1-99ed-f6189f8743c0/current/log_0-0
2020-03-27 08:15:24,907 [77fc4d9c-d2cb-491d-92c6-7c69a2ec3ba6@group-F6189F8743C0-LeaderElection88] INFO  impl.RaftServerImpl (ServerState.java:setRaftConf(356)) - 77fc4d9c-d2cb-491d-92c6-7c69a2ec3ba6@group-F6189F8743C0: set configuration 1: [fe5755ee-a695-4f61-b92b-3d721cb7d98e:172.17.0.2:43435, 77fc4d9c-d2cb-491d-92c6-7c69a2ec3ba6:172.17.0.2:44703, d8a051d7-a144-4c31-9411-4634ccd4403a:172.17.0.2:40341], old=null at 1
2020-03-27 08:15:24,908 [77fc4d9c-d2cb-491d-92c6-7c69a2ec3ba6@group-F6189F8743C0-SegmentedRaftLogWorker] INFO  segmented.SegmentedRaftLogWorker (SegmentedRaftLogWorker.java:execute(583)) - 77fc4d9c-d2cb-491d-92c6-7c69a2ec3ba6@group-F6189F8743C0-SegmentedRaftLogWorker: created new log segment /github/workspace/hadoop-ozone/integration-test/target/test-dir/MiniOzoneClusterImpl-178f0ac1-9287-41ca-b66e-5f4c0e2bc6ba/datanode-5/data/ratis/34b7cd66-881b-4dc1-99ed-f6189f8743c0/current/log_inprogress_1
2020-03-27 08:15:24,910 [grpc-default-executor-9] WARN  server.GrpcLogAppender (LogUtils.java:warn(122)) - 77fc4d9c-d2cb-491d-92c6-7c69a2ec3ba6@group-F6189F8743C0->d8a051d7-a144-4c31-9411-4634ccd4403a-AppendLogResponseHandler: Failed appendEntries: org.apache.ratis.thirdparty.io.grpc.StatusRuntimeException: UNAVAILABLE: io exception
2020-03-27 08:15:24,913 [grpc-default-executor-9] INFO  impl.FollowerInfo (FollowerInfo.java:lambda$new$0(50)) - 77fc4d9c-d2cb-491d-92c6-7c69a2ec3ba6@group-F6189F8743C0->d8a051d7-a144-4c31-9411-4634ccd4403a: nextIndex: updateUnconditionally 1 -> 0
2020-03-27 08:15:24,916 [grpc-default-executor-5] WARN  server.GrpcLogAppender (LogUtils.java:warn(122)) - 77fc4d9c-d2cb-491d-92c6-7c69a2ec3ba6@group-F6189F8743C0->d8a051d7-a144-4c31-9411-4634ccd4403a-AppendLogResponseHandler: Failed appendEntries: org.apache.ratis.thirdparty.io.grpc.StatusRuntimeException: UNAVAILABLE: io exception
2020-03-27 08:15:24,916 [grpc-default-executor-9] INFO  ratis.XceiverServerRatis (XceiverServerRatis.java:handleLeaderChangedNotification(739)) - Leader change notification received for group: group-F6189F8743C0 with new leaderId: 77fc4d9c-d2cb-491d-92c6-7c69a2ec3ba6
2020-03-27 08:15:24,917 [grpc-default-executor-9] INFO  impl.RaftServerImpl (ServerState.java:setLeader(255)) - fe5755ee-a695-4f61-b92b-3d721cb7d98e@group-F6189F8743C0: change Leader from null to 77fc4d9c-d2cb-491d-92c6-7c69a2ec3ba6 at term 2 for appendEntries, leader elected after 26ms
2020-03-27 08:15:24,917 [grpc-default-executor-5] INFO  impl.FollowerInfo (FollowerInfo.java:lambda$new$0(50)) - 77fc4d9c-d2cb-491d-92c6-7c69a2ec3ba6@group-F6189F8743C0->d8a051d7-a144-4c31-9411-4634ccd4403a: nextIndex: updateUnconditionally 1 -> 0
2020-03-27 08:15:24,917 [grpc-default-executor-9] INFO  impl.RaftServerImpl (ServerState.java:setRaftConf(356)) - fe5755ee-a695-4f61-b92b-3d721cb7d98e@group-F6189F8743C0: set configuration 1: [fe5755ee-a695-4f61-b92b-3d721cb7d98e:172.17.0.2:43435, 77fc4d9c-d2cb-491d-92c6-7c69a2ec3ba6:172.17.0.2:44703, d8a051d7-a144-4c31-9411-4634ccd4403a:172.17.0.2:40341], old=null at 1
2020-03-27 08:15:24,917 [grpc-default-executor-9] INFO  segmented.SegmentedRaftLogWorker (SegmentedRaftLogWorker.java:rollLogSegment(396)) - fe5755ee-a695-4f61-b92b-3d721cb7d98e@group-F6189F8743C0-SegmentedRaftLogWorker: Rolling segment log-0_0 to index:0
2020-03-27 08:15:24,918 [fe5755ee-a695-4f61-b92b-3d721cb7d98e@group-F6189F8743C0-SegmentedRaftLogWorker] INFO  segmented.SegmentedRaftLogWorker (SegmentedRaftLogWorker.java:execute(541)) - fe5755ee-a695-4f61-b92b-3d721cb7d98e@group-F6189F8743C0-SegmentedRaftLogWorker: Rolled log segment from /github/workspace/hadoop-ozone/integration-test/target/test-dir/MiniOzoneClusterImpl-178f0ac1-9287-41ca-b66e-5f4c0e2bc6ba/datanode-4/data/ratis/34b7cd66-881b-4dc1-99ed-f6189f8743c0/current/log_inprogress_0 to /github/workspace/hadoop-ozone/integration-test/target/test-dir/MiniOzoneClusterImpl-178f0ac1-9287-41ca-b66e-5f4c0e2bc6ba/datanode-4/data/ratis/34b7cd66-881b-4dc1-99ed-f6189f8743c0/current/log_0-0
2020-03-27 08:15:24,920 [fe5755ee-a695-4f61-b92b-3d721cb7d98e@group-F6189F8743C0-SegmentedRaftLogWorker] INFO  segmented.SegmentedRaftLogWorker (SegmentedRaftLogWorker.java:execute(583)) - fe5755ee-a695-4f61-b92b-3d721cb7d98e@group-F6189F8743C0-SegmentedRaftLogWorker: created new log segment /github/workspace/hadoop-ozone/integration-test/target/test-dir/MiniOzoneClusterImpl-178f0ac1-9287-41ca-b66e-5f4c0e2bc6ba/datanode-4/data/ratis/34b7cd66-881b-4dc1-99ed-f6189f8743c0/current/log_inprogress_1
2020-03-27 08:15:24,924 [grpc-default-executor-5] WARN  server.GrpcLogAppender (LogUtils.java:warn(122)) - 77fc4d9c-d2cb-491d-92c6-7c69a2ec3ba6@group-F6189F8743C0->d8a051d7-a144-4c31-9411-4634ccd4403a-AppendLogResponseHandler: Failed appendEntries: org.apache.ratis.thirdparty.io.grpc.StatusRuntimeException: UNAVAILABLE: io exception
2020-03-27 08:15:24,930 [grpc-default-executor-5] INFO  impl.FollowerInfo (FollowerInfo.java:lambda$new$0(50)) - 77fc4d9c-d2cb-491d-92c6-7c69a2ec3ba6@group-F6189F8743C0->d8a051d7-a144-4c31-9411-4634ccd4403a: nextIndex: updateUnconditionally 1 -> 0
2020-03-27 08:15:24,931 [EventQueue-StaleNodeForStaleNodeHandler] INFO  node.StaleNodeHandler (StaleNodeHandler.java:onMessage(58)) - Datanode d8a051d7-a144-4c31-9411-4634ccd4403a{ip: 172.17.0.2, host: 767d39cb30d6, networkLocation: /default-rack, certSerialId: null} moved to stale state. Finalizing its pipelines [PipelineID=34b7cd66-881b-4dc1-99ed-f6189f8743c0, PipelineID=c8f0054e-1610-40fc-a9a5-e41956245296, PipelineID=134bdaae-71f1-4a71-a08c-9949af5e83f0]
2020-03-27 08:15:24,931 [EventQueue-StaleNodeForStaleNodeHandler] INFO  pipeline.SCMPipelineManager (SCMPipelineManager.java:finalizeAndDestroyPipeline(391)) - Destroying pipeline:Pipeline[ Id: 34b7cd66-881b-4dc1-99ed-f6189f8743c0, Nodes: fe5755ee-a695-4f61-b92b-3d721cb7d98e{ip: 172.17.0.2, host: 767d39cb30d6, networkLocation: /default-rack, certSerialId: null}77fc4d9c-d2cb-491d-92c6-7c69a2ec3ba6{ip: 172.17.0.2, host: 767d39cb30d6, networkLocation: /default-rack, certSerialId: null}d8a051d7-a144-4c31-9411-4634ccd4403a{ip: 172.17.0.2, host: 767d39cb30d6, networkLocation: /default-rack, certSerialId: null}, Type:RATIS, Factor:THREE, State:OPEN, leaderId:77fc4d9c-d2cb-491d-92c6-7c69a2ec3ba6, CreationTimestamp2020-03-27T08:15:06.559Z]
2020-03-27 08:15:24,931 [EventQueue-StaleNodeForStaleNodeHandler] INFO  pipeline.PipelineStateManager (PipelineStateManager.java:finalizePipeline(120)) - Pipeline Pipeline[ Id: 34b7cd66-881b-4dc1-99ed-f6189f8743c0, Nodes: fe5755ee-a695-4f61-b92b-3d721cb7d98e{ip: 172.17.0.2, host: 767d39cb30d6, networkLocation: /default-rack, certSerialId: null}77fc4d9c-d2cb-491d-92c6-7c69a2ec3ba6{ip: 172.17.0.2, host: 767d39cb30d6, networkLocation: /default-rack, certSerialId: null}d8a051d7-a144-4c31-9411-4634ccd4403a{ip: 172.17.0.2, host: 767d39cb30d6, networkLocation: /default-rack, certSerialId: null}, Type:RATIS, Factor:THREE, State:CLOSED, leaderId:77fc4d9c-d2cb-491d-92c6-7c69a2ec3ba6, CreationTimestamp2020-03-27T08:15:06.559Z] moved to CLOSED state
2020-03-27 08:15:24,934 [grpc-default-executor-5] WARN  server.GrpcLogAppender (LogUtils.java:warn(122)) - 77fc4d9c-d2cb-491d-92c6-7c69a2ec3ba6@group-F6189F8743C0->d8a051d7-a144-4c31-9411-4634ccd4403a-AppendLogResponseHandler: Failed appendEntries: org.apache.ratis.thirdparty.io.grpc.StatusRuntimeException: UNAVAILABLE: io exception
2020-03-27 08:15:24,936 [grpc-default-executor-5] INFO  impl.FollowerInfo (FollowerInfo.java:lambda$new$0(50)) - 77fc4d9c-d2cb-491d-92c6-7c69a2ec3ba6@group-F6189F8743C0->d8a051d7-a144-4c31-9411-4634ccd4403a: nextIndex: updateUnconditionally 1 -> 0
2020-03-27 08:15:24,937 [EventQueue-StaleNodeForStaleNodeHandler] INFO  pipeline.SCMPipelineManager (SCMPipelineManager.java:finalizeAndDestroyPipeline(391)) - Destroying pipeline:Pipeline[ Id: c8f0054e-1610-40fc-a9a5-e41956245296, Nodes: d8a051d7-a144-4c31-9411-4634ccd4403a{ip: 172.17.0.2, host: 767d39cb30d6, networkLocation: /default-rack, certSerialId: null}, Type:RATIS, Factor:ONE, State:OPEN, leaderId:d8a051d7-a144-4c31-9411-4634ccd4403a, CreationTimestamp2020-03-27T08:15:06.417Z]
2020-03-27 08:15:24,939 [EventQueue-StaleNodeForStaleNodeHandler] INFO  pipeline.PipelineStateManager (PipelineStateManager.java:finalizePipeline(120)) - Pipeline Pipeline[ Id: c8f0054e-1610-40fc-a9a5-e41956245296, Nodes: d8a051d7-a144-4c31-9411-4634ccd4403a{ip: 172.17.0.2, host: 767d39cb30d6, networkLocation: /default-rack, certSerialId: null}, Type:RATIS, Factor:ONE, State:CLOSED, leaderId:d8a051d7-a144-4c31-9411-4634ccd4403a, CreationTimestamp2020-03-27T08:15:06.417Z] moved to CLOSED state
2020-03-27 08:15:24,939 [EventQueue-StaleNodeForStaleNodeHandler] INFO  pipeline.SCMPipelineManager (SCMPipelineManager.java:finalizeAndDestroyPipeline(391)) - Destroying pipeline:Pipeline[ Id: 134bdaae-71f1-4a71-a08c-9949af5e83f0, Nodes: d8a051d7-a144-4c31-9411-4634ccd4403a{ip: 172.17.0.2, host: 767d39cb30d6, networkLocation: /default-rack, certSerialId: null}77fc4d9c-d2cb-491d-92c6-7c69a2ec3ba6{ip: 172.17.0.2, host: 767d39cb30d6, networkLocation: /default-rack, certSerialId: null}fe5755ee-a695-4f61-b92b-3d721cb7d98e{ip: 172.17.0.2, host: 767d39cb30d6, networkLocation: /default-rack, certSerialId: null}, Type:RATIS, Factor:THREE, State:OPEN, leaderId:77fc4d9c-d2cb-491d-92c6-7c69a2ec3ba6, CreationTimestamp2020-03-27T08:15:06.560Z]
2020-03-27 08:15:24,939 [EventQueue-StaleNodeForStaleNodeHandler] INFO  pipeline.PipelineStateManager (PipelineStateManager.java:finalizePipeline(120)) - Pipeline Pipeline[ Id: 134bdaae-71f1-4a71-a08c-9949af5e83f0, Nodes: d8a051d7-a144-4c31-9411-4634ccd4403a{ip: 172.17.0.2, host: 767d39cb30d6, networkLocation: /default-rack, certSerialId: null}77fc4d9c-d2cb-491d-92c6-7c69a2ec3ba6{ip: 172.17.0.2, host: 767d39cb30d6, networkLocation: /default-rack, certSerialId: null}fe5755ee-a695-4f61-b92b-3d721cb7d98e{ip: 172.17.0.2, host: 767d39cb30d6, networkLocation: /default-rack, certSerialId: null}, Type:RATIS, Factor:THREE, State:CLOSED, leaderId:77fc4d9c-d2cb-491d-92c6-7c69a2ec3ba6, CreationTimestamp2020-03-27T08:15:06.560Z] moved to CLOSED state
2020-03-27 08:15:24,937 [EventQueue-CloseContainerForCloseContainerEventHandler] INFO  container.CloseContainerEventHandler (CloseContainerEventHandler.java:onMessage(61)) - Close container Event triggered for container : #2
2020-03-27 08:15:24,941 [EventQueue-CloseContainerForCloseContainerEventHandler] INFO  container.CloseContainerEventHandler (CloseContainerEventHandler.java:onMessage(61)) - Close container Event triggered for container : #1
2020-03-27 08:15:24,940 [grpc-default-executor-9] WARN  server.GrpcLogAppender (LogUtils.java:warn(122)) - 77fc4d9c-d2cb-491d-92c6-7c69a2ec3ba6@group-F6189F8743C0->d8a051d7-a144-4c31-9411-4634ccd4403a-AppendLogResponseHandler: Failed appendEntries: org.apache.ratis.thirdparty.io.grpc.StatusRuntimeException: UNAVAILABLE: io exception
2020-03-27 08:15:24,947 [grpc-default-executor-9] INFO  impl.FollowerInfo (FollowerInfo.java:lambda$new$0(50)) - 77fc4d9c-d2cb-491d-92c6-7c69a2ec3ba6@group-F6189F8743C0->d8a051d7-a144-4c31-9411-4634ccd4403a: nextIndex: updateUnconditionally 1 -> 0
2020-03-27 08:15:25,078 [grpc-default-executor-5] WARN  server.GrpcLogAppender (LogUtils.java:warn(122)) - 77fc4d9c-d2cb-491d-92c6-7c69a2ec3ba6@group-9949AF5E83F0->d8a051d7-a144-4c31-9411-4634ccd4403a-AppendLogResponseHandler: Failed appendEntries: org.apache.ratis.thirdparty.io.grpc.StatusRuntimeException: UNAVAILABLE: io exception
2020-03-27 08:15:25,086 [grpc-default-executor-5] INFO  impl.FollowerInfo (FollowerInfo.java:lambda$new$0(50)) - 77fc4d9c-d2cb-491d-92c6-7c69a2ec3ba6@group-9949AF5E83F0->d8a051d7-a144-4c31-9411-4634ccd4403a: nextIndex: updateUnconditionally 17 -> 16
2020-03-27 08:15:26,814 [Command processor thread] ERROR commandhandler.CloseContainerCommandHandler (CloseContainerCommandHandler.java:handle(85)) - Container #2 does not exist in datanode. Container close failed.
2020-03-27 08:15:26,824 [grpc-default-executor-5] WARN  server.GrpcLogAppender (LogUtils.java:warn(122)) - 77fc4d9c-d2cb-491d-92c6-7c69a2ec3ba6@group-9949AF5E83F0->d8a051d7-a144-4c31-9411-4634ccd4403a-AppendLogResponseHandler: Failed appendEntries: org.apache.ratis.thirdparty.io.grpc.StatusRuntimeException: UNAVAILABLE: io exception
2020-03-27 08:15:26,826 [grpc-default-executor-5] INFO  impl.FollowerInfo (FollowerInfo.java:lambda$new$0(50)) - 77fc4d9c-d2cb-491d-92c6-7c69a2ec3ba6@group-9949AF5E83F0->d8a051d7-a144-4c31-9411-4634ccd4403a: nextIndex: updateUnconditionally 17 -> 16
2020-03-27 08:15:26,827 [RatisApplyTransactionExecutor 1] INFO  interfaces.Container (KeyValueContainer.java:flushAndSyncDB(400)) - Container 1 is synced with bcsId 23.
2020-03-27 08:15:26,827 [RatisApplyTransactionExecutor 1] INFO  interfaces.Container (KeyValueContainer.java:flushAndSyncDB(400)) - Container 1 is synced with bcsId 23.
2020-03-27 08:15:26,829 [grpc-default-executor-14] WARN  server.GrpcLogAppender (LogUtils.java:warn(122)) - 77fc4d9c-d2cb-491d-92c6-7c69a2ec3ba6@group-9949AF5E83F0->d8a051d7-a144-4c31-9411-4634ccd4403a-AppendLogResponseHandler: Failed appendEntries: org.apache.ratis.thirdparty.io.grpc.StatusRuntimeException: UNAVAILABLE: io exception
2020-03-27 08:15:26,829 [RatisApplyTransactionExecutor 1] INFO  interfaces.Container (KeyValueContainer.java:close(338)) - Container 1 is closed with bcsId 23.
2020-03-27 08:15:26,833 [grpc-default-executor-14] INFO  impl.FollowerInfo (FollowerInfo.java:lambda$new$0(50)) - 77fc4d9c-d2cb-491d-92c6-7c69a2ec3ba6@group-9949AF5E83F0->d8a051d7-a144-4c31-9411-4634ccd4403a: nextIndex: updateUnconditionally 17 -> 16
2020-03-27 08:15:26,835 [EventQueue-IncrementalContainerReportForIncrementalContainerReportHandler] INFO  container.IncrementalContainerReportHandler (AbstractContainerReportHandler.java:updateContainerState(178)) - Moving container #1 to CLOSED state, datanode 77fc4d9c-d2cb-491d-92c6-7c69a2ec3ba6{ip: 172.17.0.2, host: 767d39cb30d6, networkLocation: /default-rack, certSerialId: null} reported CLOSED replica.
2020-03-27 08:15:26,837 [grpc-default-executor-5] WARN  server.GrpcLogAppender (LogUtils.java:warn(122)) - 77fc4d9c-d2cb-491d-92c6-7c69a2ec3ba6@group-9949AF5E83F0->d8a051d7-a144-4c31-9411-4634ccd4403a-AppendLogResponseHandler: Failed appendEntries: org.apache.ratis.thirdparty.io.grpc.StatusRuntimeException: UNAVAILABLE: io exception
2020-03-27 08:15:26,838 [grpc-default-executor-5] INFO  impl.FollowerInfo (FollowerInfo.java:lambda$new$0(50)) - 77fc4d9c-d2cb-491d-92c6-7c69a2ec3ba6@group-9949AF5E83F0->d8a051d7-a144-4c31-9411-4634ccd4403a: nextIndex: updateUnconditionally 17 -> 16
2020-03-27 08:15:26,840 [RatisApplyTransactionExecutor 1] INFO  interfaces.Container (KeyValueContainer.java:flushAndSyncDB(400)) - Container 1 is synced with bcsId 23.
2020-03-27 08:15:26,840 [RatisApplyTransactionExecutor 1] INFO  interfaces.Container (KeyValueContainer.java:flushAndSyncDB(400)) - Container 1 is synced with bcsId 23.
2020-03-27 08:15:26,841 [RatisApplyTransactionExecutor 1] INFO  interfaces.Container (KeyValueContainer.java:close(338)) - Container 1 is closed with bcsId 23.
2020-03-27 08:15:26,850 [Command processor thread] ERROR commandhandler.CloseContainerCommandHandler (CloseContainerCommandHandler.java:handle(85)) - Container #2 does not exist in datanode. Container close failed.
2020-03-27 08:15:27,442 [grpc-default-executor-5] WARN  server.GrpcLogAppender (LogUtils.java:warn(122)) - 77fc4d9c-d2cb-491d-92c6-7c69a2ec3ba6@group-F6189F8743C0->d8a051d7-a144-4c31-9411-4634ccd4403a-AppendLogResponseHandler: Failed appendEntries: org.apache.ratis.thirdparty.io.grpc.StatusRuntimeException: UNAVAILABLE: io exception
2020-03-27 08:15:27,444 [grpc-default-executor-5] INFO  impl.FollowerInfo (FollowerInfo.java:lambda$new$0(50)) - 77fc4d9c-d2cb-491d-92c6-7c69a2ec3ba6@group-F6189F8743C0->d8a051d7-a144-4c31-9411-4634ccd4403a: nextIndex: updateUnconditionally 1 -> 0
2020-03-27 08:15:29,338 [grpc-default-executor-5] WARN  server.GrpcLogAppender (LogUtils.java:warn(122)) - 77fc4d9c-d2cb-491d-92c6-7c69a2ec3ba6@group-9949AF5E83F0->d8a051d7-a144-4c31-9411-4634ccd4403a-AppendLogResponseHandler: Failed appendEntries: org.apache.ratis.thirdparty.io.grpc.StatusRuntimeException: UNAVAILABLE: io exception
2020-03-27 08:15:29,340 [grpc-default-executor-5] INFO  impl.FollowerInfo (FollowerInfo.java:lambda$new$0(50)) - 77fc4d9c-d2cb-491d-92c6-7c69a2ec3ba6@group-9949AF5E83F0->d8a051d7-a144-4c31-9411-4634ccd4403a: nextIndex: updateUnconditionally 17 -> 16
2020-03-27 08:15:29,944 [grpc-default-executor-5] WARN  server.GrpcLogAppender (LogUtils.java:warn(122)) - 77fc4d9c-d2cb-491d-92c6-7c69a2ec3ba6@group-F6189F8743C0->d8a051d7-a144-4c31-9411-4634ccd4403a-AppendLogResponseHandler: Failed appendEntries: org.apache.ratis.thirdparty.io.grpc.StatusRuntimeException: UNAVAILABLE: io exception
2020-03-27 08:15:29,945 [grpc-default-executor-5] INFO  impl.FollowerInfo (FollowerInfo.java:lambda$new$0(50)) - 77fc4d9c-d2cb-491d-92c6-7c69a2ec3ba6@group-F6189F8743C0->d8a051d7-a144-4c31-9411-4634ccd4403a: nextIndex: updateUnconditionally 1 -> 0
2020-03-27 08:15:31,842 [grpc-default-executor-9] WARN  server.GrpcLogAppender (LogUtils.java:warn(122)) - 77fc4d9c-d2cb-491d-92c6-7c69a2ec3ba6@group-9949AF5E83F0->d8a051d7-a144-4c31-9411-4634ccd4403a-AppendLogResponseHandler: Failed appendEntries: org.apache.ratis.thirdparty.io.grpc.StatusRuntimeException: UNAVAILABLE: io exception
2020-03-27 08:15:31,844 [grpc-default-executor-9] INFO  impl.FollowerInfo (FollowerInfo.java:lambda$new$0(50)) - 77fc4d9c-d2cb-491d-92c6-7c69a2ec3ba6@group-9949AF5E83F0->d8a051d7-a144-4c31-9411-4634ccd4403a: nextIndex: updateUnconditionally 17 -> 16
2020-03-27 08:15:32,445 [grpc-default-executor-9] WARN  server.GrpcLogAppender (LogUtils.java:warn(122)) - 77fc4d9c-d2cb-491d-92c6-7c69a2ec3ba6@group-F6189F8743C0->d8a051d7-a144-4c31-9411-4634ccd4403a-AppendLogResponseHandler: Failed appendEntries: org.apache.ratis.thirdparty.io.grpc.StatusRuntimeException: UNAVAILABLE: io exception
2020-03-27 08:15:32,447 [grpc-default-executor-9] INFO  impl.FollowerInfo (FollowerInfo.java:lambda$new$0(50)) - 77fc4d9c-d2cb-491d-92c6-7c69a2ec3ba6@group-F6189F8743C0->d8a051d7-a144-4c31-9411-4634ccd4403a: nextIndex: updateUnconditionally 1 -> 0
2020-03-27 08:15:34,344 [grpc-default-executor-14] WARN  server.GrpcLogAppender (LogUtils.java:warn(122)) - 77fc4d9c-d2cb-491d-92c6-7c69a2ec3ba6@group-9949AF5E83F0->d8a051d7-a144-4c31-9411-4634ccd4403a-AppendLogResponseHandler: Failed appendEntries: org.apache.ratis.thirdparty.io.grpc.StatusRuntimeException: UNAVAILABLE: io exception
2020-03-27 08:15:34,346 [grpc-default-executor-14] INFO  impl.FollowerInfo (FollowerInfo.java:lambda$new$0(50)) - 77fc4d9c-d2cb-491d-92c6-7c69a2ec3ba6@group-9949AF5E83F0->d8a051d7-a144-4c31-9411-4634ccd4403a: nextIndex: updateUnconditionally 17 -> 16
2020-03-27 08:15:34,946 [grpc-default-executor-9] WARN  server.GrpcLogAppender (LogUtils.java:warn(122)) - 77fc4d9c-d2cb-491d-92c6-7c69a2ec3ba6@group-F6189F8743C0->d8a051d7-a144-4c31-9411-4634ccd4403a-AppendLogResponseHandler: Failed appendEntries: org.apache.ratis.thirdparty.io.grpc.StatusRuntimeException: UNAVAILABLE: io exception
2020-03-27 08:15:34,955 [grpc-default-executor-9] INFO  impl.FollowerInfo (FollowerInfo.java:lambda$new$0(50)) - 77fc4d9c-d2cb-491d-92c6-7c69a2ec3ba6@group-F6189F8743C0->d8a051d7-a144-4c31-9411-4634ccd4403a: nextIndex: updateUnconditionally 1 -> 0
2020-03-27 08:15:34,956 [EventQueue-DeadNodeForDeadNodeHandler] INFO  pipeline.SCMPipelineManager (SCMPipelineManager.java:finalizeAndDestroyPipeline(391)) - Destroying pipeline:Pipeline[ Id: 34b7cd66-881b-4dc1-99ed-f6189f8743c0, Nodes: fe5755ee-a695-4f61-b92b-3d721cb7d98e{ip: 172.17.0.2, host: 767d39cb30d6, networkLocation: /default-rack, certSerialId: null}77fc4d9c-d2cb-491d-92c6-7c69a2ec3ba6{ip: 172.17.0.2, host: 767d39cb30d6, networkLocation: /default-rack, certSerialId: null}d8a051d7-a144-4c31-9411-4634ccd4403a{ip: 172.17.0.2, host: 767d39cb30d6, networkLocation: /default-rack, certSerialId: null}, Type:RATIS, Factor:THREE, State:CLOSED, leaderId:77fc4d9c-d2cb-491d-92c6-7c69a2ec3ba6, CreationTimestamp2020-03-27T08:15:06.559Z]
2020-03-27 08:15:34,956 [EventQueue-DeadNodeForDeadNodeHandler] INFO  pipeline.RatisPipelineProvider (RatisPipelineProvider.java:lambda$close$4(208)) - Send pipeline:PipelineID=34b7cd66-881b-4dc1-99ed-f6189f8743c0 close command to datanode fe5755ee-a695-4f61-b92b-3d721cb7d98e
2020-03-27 08:15:34,956 [EventQueue-DeadNodeForDeadNodeHandler] INFO  pipeline.RatisPipelineProvider (RatisPipelineProvider.java:lambda$close$4(208)) - Send pipeline:PipelineID=34b7cd66-881b-4dc1-99ed-f6189f8743c0 close command to datanode 77fc4d9c-d2cb-491d-92c6-7c69a2ec3ba6
2020-03-27 08:15:34,956 [EventQueue-DeadNodeForDeadNodeHandler] INFO  pipeline.RatisPipelineProvider (RatisPipelineProvider.java:lambda$close$4(208)) - Send pipeline:PipelineID=34b7cd66-881b-4dc1-99ed-f6189f8743c0 close command to datanode d8a051d7-a144-4c31-9411-4634ccd4403a
2020-03-27 08:15:34,956 [EventQueue-DeadNodeForDeadNodeHandler] INFO  pipeline.PipelineStateManager (PipelineStateManager.java:removePipeline(105)) - Pipeline Pipeline[ Id: 34b7cd66-881b-4dc1-99ed-f6189f8743c0, Nodes: fe5755ee-a695-4f61-b92b-3d721cb7d98e{ip: 172.17.0.2, host: 767d39cb30d6, networkLocation: /default-rack, certSerialId: null}77fc4d9c-d2cb-491d-92c6-7c69a2ec3ba6{ip: 172.17.0.2, host: 767d39cb30d6, networkLocation: /default-rack, certSerialId: null}d8a051d7-a144-4c31-9411-4634ccd4403a{ip: 172.17.0.2, host: 767d39cb30d6, networkLocation: /default-rack, certSerialId: null}, Type:RATIS, Factor:THREE, State:CLOSED, leaderId:77fc4d9c-d2cb-491d-92c6-7c69a2ec3ba6, CreationTimestamp2020-03-27T08:15:06.559Z] removed from db
2020-03-27 08:15:34,959 [EventQueue-DeadNodeForDeadNodeHandler] INFO  pipeline.SCMPipelineManager (SCMPipelineManager.java:finalizeAndDestroyPipeline(391)) - Destroying pipeline:Pipeline[ Id: c8f0054e-1610-40fc-a9a5-e41956245296, Nodes: d8a051d7-a144-4c31-9411-4634ccd4403a{ip: 172.17.0.2, host: 767d39cb30d6, networkLocation: /default-rack, certSerialId: null}, Type:RATIS, Factor:ONE, State:CLOSED, leaderId:d8a051d7-a144-4c31-9411-4634ccd4403a, CreationTimestamp2020-03-27T08:15:06.417Z]
2020-03-27 08:15:34,959 [EventQueue-DeadNodeForDeadNodeHandler] INFO  pipeline.RatisPipelineProvider (RatisPipelineProvider.java:lambda$close$4(208)) - Send pipeline:PipelineID=c8f0054e-1610-40fc-a9a5-e41956245296 close command to datanode d8a051d7-a144-4c31-9411-4634ccd4403a
2020-03-27 08:15:34,959 [RatisPipelineUtilsThread] INFO  pipeline.RatisPipelineProvider (RatisPipelineProvider.java:lambda$create$3(170)) - Sending CreatePipelineCommand for pipeline:PipelineID=ebe148e0-e977-4856-8c8a-392cd9acbea3 to datanode:77fc4d9c-d2cb-491d-92c6-7c69a2ec3ba6
2020-03-27 08:15:34,962 [RatisPipelineUtilsThread] INFO  pipeline.RatisPipelineProvider (RatisPipelineProvider.java:lambda$create$3(170)) - Sending CreatePipelineCommand for pipeline:PipelineID=ebe148e0-e977-4856-8c8a-392cd9acbea3 to datanode:6868d56a-2336-4046-a4ac-d6ad311db1a4
2020-03-27 08:15:34,962 [RatisPipelineUtilsThread] INFO  pipeline.RatisPipelineProvider (RatisPipelineProvider.java:lambda$create$3(170)) - Sending CreatePipelineCommand for pipeline:PipelineID=ebe148e0-e977-4856-8c8a-392cd9acbea3 to datanode:fe5755ee-a695-4f61-b92b-3d721cb7d98e
2020-03-27 08:15:34,962 [RatisPipelineUtilsThread] INFO  pipeline.PipelineStateManager (PipelineStateManager.java:addPipeline(54)) - Created pipeline Pipeline[ Id: ebe148e0-e977-4856-8c8a-392cd9acbea3, Nodes: 77fc4d9c-d2cb-491d-92c6-7c69a2ec3ba6{ip: 172.17.0.2, host: 767d39cb30d6, networkLocation: /default-rack, certSerialId: null}6868d56a-2336-4046-a4ac-d6ad311db1a4{ip: 172.17.0.2, host: 767d39cb30d6, networkLocation: /default-rack, certSerialId: null}fe5755ee-a695-4f61-b92b-3d721cb7d98e{ip: 172.17.0.2, host: 767d39cb30d6, networkLocation: /default-rack, certSerialId: null}, Type:RATIS, Factor:THREE, State:ALLOCATED, leaderId:null, CreationTimestamp2020-03-27T08:15:34.959Z]
2020-03-27 08:15:34,962 [RatisPipelineUtilsThread] INFO  pipeline.RatisPipelineProvider (RatisPipelineProvider.java:lambda$create$3(170)) - Sending CreatePipelineCommand for pipeline:PipelineID=ec296b66-8a13-4194-823f-c2f994a7515b to datanode:6868d56a-2336-4046-a4ac-d6ad311db1a4
2020-03-27 08:15:34,962 [RatisPipelineUtilsThread] INFO  pipeline.RatisPipelineProvider (RatisPipelineProvider.java:lambda$create$3(170)) - Sending CreatePipelineCommand for pipeline:PipelineID=ec296b66-8a13-4194-823f-c2f994a7515b to datanode:77fc4d9c-d2cb-491d-92c6-7c69a2ec3ba6
2020-03-27 08:15:34,962 [RatisPipelineUtilsThread] INFO  pipeline.RatisPipelineProvider (RatisPipelineProvider.java:lambda$create$3(170)) - Sending CreatePipelineCommand for pipeline:PipelineID=ec296b66-8a13-4194-823f-c2f994a7515b to datanode:fe5755ee-a695-4f61-b92b-3d721cb7d98e
2020-03-27 08:15:34,962 [RatisPipelineUtilsThread] INFO  pipeline.PipelineStateManager (PipelineStateManager.java:addPipeline(54)) - Created pipeline Pipeline[ Id: ec296b66-8a13-4194-823f-c2f994a7515b, Nodes: 6868d56a-2336-4046-a4ac-d6ad311db1a4{ip: 172.17.0.2, host: 767d39cb30d6, networkLocation: /default-rack, certSerialId: null}77fc4d9c-d2cb-491d-92c6-7c69a2ec3ba6{ip: 172.17.0.2, host: 767d39cb30d6, networkLocation: /default-rack, certSerialId: null}fe5755ee-a695-4f61-b92b-3d721cb7d98e{ip: 172.17.0.2, host: 767d39cb30d6, networkLocation: /default-rack, certSerialId: null}, Type:RATIS, Factor:THREE, State:ALLOCATED, leaderId:null, CreationTimestamp2020-03-27T08:15:34.962Z]
2020-03-27 08:15:34,963 [RatisPipelineUtilsThread] INFO  pipeline.SCMPipelineManager (SCMPipelineManager.java:recordMetricsForPipeline(188)) - Pipeline: PipelineID=ec296b66-8a13-4194-823f-c2f994a7515b contains same datanodes as previous pipelines: PipelineID=ebe148e0-e977-4856-8c8a-392cd9acbea3 nodeIds: 6868d56a-2336-4046-a4ac-d6ad311db1a4, 77fc4d9c-d2cb-491d-92c6-7c69a2ec3ba6, fe5755ee-a695-4f61-b92b-3d721cb7d98e
2020-03-27 08:15:34,966 [EventQueue-DeadNodeForDeadNodeHandler] INFO  pipeline.PipelineStateManager (PipelineStateManager.java:removePipeline(105)) - Pipeline Pipeline[ Id: c8f0054e-1610-40fc-a9a5-e41956245296, Nodes: d8a051d7-a144-4c31-9411-4634ccd4403a{ip: 172.17.0.2, host: 767d39cb30d6, networkLocation: /default-rack, certSerialId: null}, Type:RATIS, Factor:ONE, State:CLOSED, leaderId:d8a051d7-a144-4c31-9411-4634ccd4403a, CreationTimestamp2020-03-27T08:15:06.417Z] removed from db
2020-03-27 08:15:34,968 [EventQueue-DeadNodeForDeadNodeHandler] INFO  pipeline.SCMPipelineManager (SCMPipelineManager.java:finalizeAndDestroyPipeline(391)) - Destroying pipeline:Pipeline[ Id: 134bdaae-71f1-4a71-a08c-9949af5e83f0, Nodes: d8a051d7-a144-4c31-9411-4634ccd4403a{ip: 172.17.0.2, host: 767d39cb30d6, networkLocation: /default-rack, certSerialId: null}77fc4d9c-d2cb-491d-92c6-7c69a2ec3ba6{ip: 172.17.0.2, host: 767d39cb30d6, networkLocation: /default-rack, certSerialId: null}fe5755ee-a695-4f61-b92b-3d721cb7d98e{ip: 172.17.0.2, host: 767d39cb30d6, networkLocation: /default-rack, certSerialId: null}, Type:RATIS, Factor:THREE, State:CLOSED, leaderId:77fc4d9c-d2cb-491d-92c6-7c69a2ec3ba6, CreationTimestamp2020-03-27T08:15:06.560Z]
2020-03-27 08:15:34,968 [EventQueue-DeadNodeForDeadNodeHandler] INFO  pipeline.RatisPipelineProvider (RatisPipelineProvider.java:lambda$close$4(208)) - Send pipeline:PipelineID=134bdaae-71f1-4a71-a08c-9949af5e83f0 close command to datanode d8a051d7-a144-4c31-9411-4634ccd4403a
2020-03-27 08:15:34,968 [EventQueue-DeadNodeForDeadNodeHandler] INFO  pipeline.RatisPipelineProvider (RatisPipelineProvider.java:lambda$close$4(208)) - Send pipeline:PipelineID=134bdaae-71f1-4a71-a08c-9949af5e83f0 close command to datanode 77fc4d9c-d2cb-491d-92c6-7c69a2ec3ba6
2020-03-27 08:15:34,968 [EventQueue-DeadNodeForDeadNodeHandler] INFO  pipeline.RatisPipelineProvider (RatisPipelineProvider.java:lambda$close$4(208)) - Send pipeline:PipelineID=134bdaae-71f1-4a71-a08c-9949af5e83f0 close command to datanode fe5755ee-a695-4f61-b92b-3d721cb7d98e
2020-03-27 08:15:34,968 [EventQueue-DeadNodeForDeadNodeHandler] INFO  pipeline.PipelineStateManager (PipelineStateManager.java:removePipeline(105)) - Pipeline Pipeline[ Id: 134bdaae-71f1-4a71-a08c-9949af5e83f0, Nodes: d8a051d7-a144-4c31-9411-4634ccd4403a{ip: 172.17.0.2, host: 767d39cb30d6, networkLocation: /default-rack, certSerialId: null}77fc4d9c-d2cb-491d-92c6-7c69a2ec3ba6{ip: 172.17.0.2, host: 767d39cb30d6, networkLocation: /default-rack, certSerialId: null}fe5755ee-a695-4f61-b92b-3d721cb7d98e{ip: 172.17.0.2, host: 767d39cb30d6, networkLocation: /default-rack, certSerialId: null}, Type:RATIS, Factor:THREE, State:CLOSED, leaderId:77fc4d9c-d2cb-491d-92c6-7c69a2ec3ba6, CreationTimestamp2020-03-27T08:15:06.560Z] removed from db
2020-03-27 08:15:36,844 [grpc-default-executor-9] WARN  server.GrpcLogAppender (LogUtils.java:warn(122)) - 77fc4d9c-d2cb-491d-92c6-7c69a2ec3ba6@group-9949AF5E83F0->d8a051d7-a144-4c31-9411-4634ccd4403a-AppendLogResponseHandler: Failed appendEntries: org.apache.ratis.thirdparty.io.grpc.StatusRuntimeException: UNAVAILABLE: io exception
2020-03-27 08:15:36,847 [Command processor thread] INFO  impl.RaftServerProxy (RaftServerProxy.java:remove(95)) - fe5755ee-a695-4f61-b92b-3d721cb7d98e: remove  FOLLOWER fe5755ee-a695-4f61-b92b-3d721cb7d98e@group-F6189F8743C0:t2, leader=77fc4d9c-d2cb-491d-92c6-7c69a2ec3ba6, voted=77fc4d9c-d2cb-491d-92c6-7c69a2ec3ba6, raftlog=fe5755ee-a695-4f61-b92b-3d721cb7d98e@group-F6189F8743C0-SegmentedRaftLog:OPENED:c2,f2,i2, conf=1: [fe5755ee-a695-4f61-b92b-3d721cb7d98e:172.17.0.2:43435, 77fc4d9c-d2cb-491d-92c6-7c69a2ec3ba6:172.17.0.2:44703, d8a051d7-a144-4c31-9411-4634ccd4403a:172.17.0.2:40341], old=null RUNNING
2020-03-27 08:15:36,847 [Command processor thread] INFO  impl.RaftServerImpl (RaftServerImpl.java:lambda$shutdown$3(249)) - fe5755ee-a695-4f61-b92b-3d721cb7d98e@group-F6189F8743C0: shutdown
2020-03-27 08:15:36,848 [grpc-default-executor-9] INFO  impl.FollowerInfo (FollowerInfo.java:lambda$new$0(50)) - 77fc4d9c-d2cb-491d-92c6-7c69a2ec3ba6@group-9949AF5E83F0->d8a051d7-a144-4c31-9411-4634ccd4403a: nextIndex: updateUnconditionally 17 -> 16
2020-03-27 08:15:36,848 [Command processor thread] INFO  util.JmxRegister (JmxRegister.java:unregister(73)) - Successfully un-registered JMX Bean with object name Ratis:service=RaftServer,group=group-F6189F8743C0,id=fe5755ee-a695-4f61-b92b-3d721cb7d98e
2020-03-27 08:15:36,848 [Command processor thread] INFO  impl.RoleInfo (RoleInfo.java:shutdownFollowerState(121)) - fe5755ee-a695-4f61-b92b-3d721cb7d98e: shutdown FollowerState
2020-03-27 08:15:36,849 [Command processor thread] INFO  impl.StateMachineUpdater (StateMachineUpdater.java:stopAndJoin(139)) - fe5755ee-a695-4f61-b92b-3d721cb7d98e@group-F6189F8743C0-StateMachineUpdater: set stopIndex = 2
2020-03-27 08:15:36,849 [fe5755ee-a695-4f61-b92b-3d721cb7d98e@group-F6189F8743C0-StateMachineUpdater] INFO  ratis.ContainerStateMachine (ContainerStateMachine.java:takeSnapshot(295)) - group-F6189F8743C0: Taking a snapshot at:(t:2, i:2) file /github/workspace/hadoop-ozone/integration-test/target/test-dir/MiniOzoneClusterImpl-178f0ac1-9287-41ca-b66e-5f4c0e2bc6ba/datanode-4/data/ratis/34b7cd66-881b-4dc1-99ed-f6189f8743c0/sm/snapshot.2_2
2020-03-27 08:15:36,849 [Thread-3881] INFO  impl.FollowerState (FollowerState.java:run(117)) - fe5755ee-a695-4f61-b92b-3d721cb7d98e@group-F6189F8743C0-FollowerState was interrupted: java.lang.InterruptedException: sleep interrupted
2020-03-27 08:15:36,850 [fe5755ee-a695-4f61-b92b-3d721cb7d98e@group-F6189F8743C0-StateMachineUpdater] INFO  ratis.ContainerStateMachine (ContainerStateMachine.java:takeSnapshot(306)) - group-F6189F8743C0: Finished taking a snapshot at:(t:2, i:2) file:/github/workspace/hadoop-ozone/integration-test/target/test-dir/MiniOzoneClusterImpl-178f0ac1-9287-41ca-b66e-5f4c0e2bc6ba/datanode-4/data/ratis/34b7cd66-881b-4dc1-99ed-f6189f8743c0/sm/snapshot.2_2 time:1
2020-03-27 08:15:36,850 [fe5755ee-a695-4f61-b92b-3d721cb7d98e@group-F6189F8743C0-StateMachineUpdater] INFO  impl.StateMachineUpdater (StateMachineUpdater.java:takeSnapshot(274)) - fe5755ee-a695-4f61-b92b-3d721cb7d98e@group-F6189F8743C0-StateMachineUpdater: Took a snapshot at index 2
2020-03-27 08:15:36,850 [fe5755ee-a695-4f61-b92b-3d721cb7d98e@group-F6189F8743C0-StateMachineUpdater] INFO  impl.StateMachineUpdater (StateMachineUpdater.java:lambda$new$0(86)) - fe5755ee-a695-4f61-b92b-3d721cb7d98e@group-F6189F8743C0-StateMachineUpdater: snapshotIndex: updateIncreasingly -1 -> 2
2020-03-27 08:15:36,851 [fe5755ee-a695-4f61-b92b-3d721cb7d98e@group-F6189F8743C0-StateMachineUpdater] INFO  metrics.RatisMetrics (RatisMetrics.java:unregister(46)) - Unregistering Metrics Registry : ratis.state_machine.fe5755ee-a695-4f61-b92b-3d721cb7d98e@group-F6189F8743C0
2020-03-27 08:15:36,851 [Command processor thread] INFO  impl.RaftServerImpl (ServerState.java:close(387)) - fe5755ee-a695-4f61-b92b-3d721cb7d98e@group-F6189F8743C0: closes. applyIndex: 2
2020-03-27 08:15:36,851 [fe5755ee-a695-4f61-b92b-3d721cb7d98e@group-F6189F8743C0-SegmentedRaftLogWorker] INFO  segmented.SegmentedRaftLogWorker (SegmentedRaftLogWorker.java:run(321)) - fe5755ee-a695-4f61-b92b-3d721cb7d98e@group-F6189F8743C0-SegmentedRaftLogWorker was interrupted, exiting. There are 0 tasks remaining in the queue.
2020-03-27 08:15:36,855 [Command processor thread] INFO  segmented.SegmentedRaftLogWorker (SegmentedRaftLogWorker.java:close(229)) - fe5755ee-a695-4f61-b92b-3d721cb7d98e@group-F6189F8743C0-SegmentedRaftLogWorker close()
2020-03-27 08:15:36,856 [Command processor thread] INFO  metrics.RatisMetrics (RatisMetrics.java:unregister(46)) - Unregistering Metrics Registry : ratis.log_worker.fe5755ee-a695-4f61-b92b-3d721cb7d98e
2020-03-27 08:15:36,856 [Command processor thread] INFO  metrics.RatisMetrics (RatisMetrics.java:unregister(46)) - Unregistering Metrics Registry : ratis.leader_election.fe5755ee-a695-4f61-b92b-3d721cb7d98e@group-F6189F8743C0
2020-03-27 08:15:36,856 [Command processor thread] INFO  metrics.RatisMetrics (RatisMetrics.java:unregister(46)) - Unregistering Metrics Registry : ratis.server.fe5755ee-a695-4f61-b92b-3d721cb7d98e@group-F6189F8743C0
2020-03-27 08:15:36,856 [Command processor thread] INFO  commandhandler.ClosePipelineCommandHandler (ClosePipelineCommandHandler.java:handle(78)) - Close Pipeline #id: "34b7cd66-881b-4dc1-99ed-f6189f8743c0"
 command on datanode #fe5755ee-a695-4f61-b92b-3d721cb7d98e.
2020-03-27 08:15:36,856 [Command processor thread] INFO  impl.RaftServerProxy (RaftServerProxy.java:addNew(89)) - fe5755ee-a695-4f61-b92b-3d721cb7d98e: addNew group-392CD9ACBEA3:[fe5755ee-a695-4f61-b92b-3d721cb7d98e:172.17.0.2:43435, 77fc4d9c-d2cb-491d-92c6-7c69a2ec3ba6:172.17.0.2:44703, 6868d56a-2336-4046-a4ac-d6ad311db1a4:172.17.0.2:45275] returns group-392CD9ACBEA3:java.util.concurrent.CompletableFuture@10acd838[Not completed]
2020-03-27 08:15:36,857 [pool-623-thread-1] INFO  impl.RaftServerImpl (RaftServerImpl.java:<init>(97)) - fe5755ee-a695-4f61-b92b-3d721cb7d98e: new RaftServerImpl for group-392CD9ACBEA3:[fe5755ee-a695-4f61-b92b-3d721cb7d98e:172.17.0.2:43435, 77fc4d9c-d2cb-491d-92c6-7c69a2ec3ba6:172.17.0.2:44703, 6868d56a-2336-4046-a4ac-d6ad311db1a4:172.17.0.2:45275] with ContainerStateMachine:uninitialized
2020-03-27 08:15:36,857 [pool-623-thread-1] INFO  server.RaftServerConfigKeys (ConfUtils.java:logGet(43)) - raft.server.rpc.timeout.min = 5s (custom)
2020-03-27 08:15:36,857 [pool-623-thread-1] INFO  server.RaftServerConfigKeys (ConfUtils.java:logGet(43)) - raft.server.rpc.timeout.max = 5200ms (custom)
2020-03-27 08:15:36,857 [pool-623-thread-1] INFO  server.RaftServerConfigKeys (ConfUtils.java:logGet(43)) - raft.server.rpcslowness.timeout = 300s (custom)
2020-03-27 08:15:36,857 [pool-623-thread-1] INFO  server.RaftServerConfigKeys (ConfUtils.java:logGet(43)) - raft.server.sleep.deviation.threshold = 300 (default)
2020-03-27 08:15:36,857 [pool-623-thread-1] INFO  server.RaftServerConfigKeys (ConfUtils.java:logGet(43)) - raft.server.log.appender.install.snapshot.enabled = false (custom)
2020-03-27 08:15:36,858 [pool-623-thread-1] INFO  impl.RaftServerImpl (ServerState.java:<init>(103)) - fe5755ee-a695-4f61-b92b-3d721cb7d98e@group-392CD9ACBEA3: ConfigurationManager, init=-1: [fe5755ee-a695-4f61-b92b-3d721cb7d98e:172.17.0.2:43435, 77fc4d9c-d2cb-491d-92c6-7c69a2ec3ba6:172.17.0.2:44703, 6868d56a-2336-4046-a4ac-d6ad311db1a4:172.17.0.2:45275], old=null, confs=<EMPTY_MAP>
2020-03-27 08:15:36,859 [pool-623-thread-1] INFO  server.RaftServerConfigKeys (ConfUtils.java:logGet(43)) - raft.server.storage.dir = [/github/workspace/hadoop-ozone/integration-test/target/test-dir/MiniOzoneClusterImpl-178f0ac1-9287-41ca-b66e-5f4c0e2bc6ba/datanode-4/data/ratis] (custom)
2020-03-27 08:15:36,859 [pool-623-thread-1] INFO  server.RaftServerConfigKeys (ConfUtils.java:logGet(43)) - raft.server.log.corruption.policy = EXCEPTION (default)
2020-03-27 08:15:36,859 [pool-623-thread-1] INFO  storage.RaftStorageDirectory (RaftStorageDirectory.java:analyzeStorage(253)) - The storage directory /github/workspace/hadoop-ozone/integration-test/target/test-dir/MiniOzoneClusterImpl-178f0ac1-9287-41ca-b66e-5f4c0e2bc6ba/datanode-4/data/ratis/ebe148e0-e977-4856-8c8a-392cd9acbea3 does not exist. Creating ...
2020-03-27 08:15:36,861 [pool-623-thread-1] INFO  storage.RaftStorageDirectory (RaftStorageDirectory.java:tryLock(335)) - Lock on /github/workspace/hadoop-ozone/integration-test/target/test-dir/MiniOzoneClusterImpl-178f0ac1-9287-41ca-b66e-5f4c0e2bc6ba/datanode-4/data/ratis/ebe148e0-e977-4856-8c8a-392cd9acbea3/in_use.lock acquired by nodename 16179@767d39cb30d6
2020-03-27 08:15:36,862 [pool-623-thread-1] INFO  storage.RaftStorage (RaftStorage.java:format(84)) - Storage directory /github/workspace/hadoop-ozone/integration-test/target/test-dir/MiniOzoneClusterImpl-178f0ac1-9287-41ca-b66e-5f4c0e2bc6ba/datanode-4/data/ratis/ebe148e0-e977-4856-8c8a-392cd9acbea3 has been successfully formatted.
2020-03-27 08:15:36,862 [pool-623-thread-1] INFO  ratis.ContainerStateMachine (ContainerStateMachine.java:loadSnapshot(233)) - group-392CD9ACBEA3: The snapshot info is null. Setting the last applied indexto:(t:0, i:~)
2020-03-27 08:15:36,863 [pool-623-thread-1] INFO  server.RaftServerConfigKeys (ConfUtils.java:logGet(43)) - raft.server.notification.no-leader.timeout = 60s (default)
2020-03-27 08:15:36,863 [pool-623-thread-1] INFO  server.RaftServerConfigKeys (ConfUtils.java:logGet(43)) - raft.server.log.use.memory = false (default)
2020-03-27 08:15:36,863 [pool-623-thread-1] INFO  server.RaftServerConfigKeys (ConfUtils.java:logGet(43)) - raft.server.log.purge.gap = 1000000 (custom)
2020-03-27 08:15:36,863 [pool-623-thread-1] INFO  server.RaftServerConfigKeys (ConfUtils.java:logGet(43)) - raft.server.log.appender.buffer.byte-limit = 33554432 (custom)
2020-03-27 08:15:36,863 [pool-623-thread-1] INFO  server.RaftServerConfigKeys (ConfUtils.java:logGet(43)) - raft.server.log.segment.size.max = 1048576 (custom)
2020-03-27 08:15:36,863 [pool-623-thread-1] INFO  metrics.RatisMetrics (RatisMetrics.java:lambda$create$0(39)) - Creating Metrics Registry : ratis.log_worker.fe5755ee-a695-4f61-b92b-3d721cb7d98e
2020-03-27 08:15:36,864 [pool-623-thread-1] INFO  server.RaftServerConfigKeys (ConfUtils.java:logGet(43)) - raft.server.log.segment.cache.num.max = 2 (custom)
2020-03-27 08:15:36,864 [pool-623-thread-1] INFO  segmented.SegmentedRaftLogWorker (SegmentedRaftLogWorker.java:<init>(176)) - new fe5755ee-a695-4f61-b92b-3d721cb7d98e@group-392CD9ACBEA3-SegmentedRaftLogWorker for RaftStorage:Storage Directory /github/workspace/hadoop-ozone/integration-test/target/test-dir/MiniOzoneClusterImpl-178f0ac1-9287-41ca-b66e-5f4c0e2bc6ba/datanode-4/data/ratis/ebe148e0-e977-4856-8c8a-392cd9acbea3
2020-03-27 08:15:36,864 [pool-623-thread-1] INFO  server.RaftServerConfigKeys (ConfUtils.java:logGet(43)) - raft.server.log.queue.byte-limit = 2147483647 (custom)
2020-03-27 08:15:36,864 [pool-623-thread-1] INFO  server.RaftServerConfigKeys (ConfUtils.java:logGet(43)) - raft.server.log.queue.element-limit = 1024 (custom)
2020-03-27 08:15:36,864 [pool-623-thread-1] INFO  server.RaftServerConfigKeys (ConfUtils.java:logGet(43)) - raft.server.log.segment.size.max = 1048576 (custom)
2020-03-27 08:15:36,864 [pool-623-thread-1] INFO  server.RaftServerConfigKeys (ConfUtils.java:logGet(43)) - raft.server.log.preallocated.size = 16384 (custom)
2020-03-27 08:15:36,864 [pool-623-thread-1] INFO  server.RaftServerConfigKeys (ConfUtils.java:logGet(43)) - raft.server.log.write.buffer.size = 1048576 (custom)
2020-03-27 08:15:36,864 [pool-623-thread-1] INFO  server.RaftServerConfigKeys (ConfUtils.java:logGet(43)) - raft.server.log.force.sync.num = 128 (default)
2020-03-27 08:15:36,864 [pool-623-thread-1] INFO  server.RaftServerConfigKeys (ConfUtils.java:logGet(43)) - raft.server.log.statemachine.data.sync = true (default)
2020-03-27 08:15:36,864 [pool-623-thread-1] INFO  server.RaftServerConfigKeys (ConfUtils.java:logGet(43)) - raft.server.log.statemachine.data.sync.timeout = 10s (default)
2020-03-27 08:15:36,864 [pool-623-thread-1] INFO  server.RaftServerConfigKeys (ConfUtils.java:logGet(43)) - raft.server.log.statemachine.data.sync.timeout.retry = -1 (default)
2020-03-27 08:15:36,867 [pool-623-thread-1] INFO  server.RaftServerConfigKeys (ConfUtils.java:logGet(43)) - raft.server.log.statemachine.data.caching.enabled = true (custom)
2020-03-27 08:15:36,867 [pool-623-thread-1] INFO  segmented.SegmentedRaftLogWorker (SegmentedRaftLogWorker.java:lambda$new$0(129)) - fe5755ee-a695-4f61-b92b-3d721cb7d98e@group-392CD9ACBEA3-SegmentedRaftLogWorker: flushIndex: setUnconditionally 0 -> -1
2020-03-27 08:15:36,867 [pool-623-thread-1] INFO  server.RaftServerConfigKeys (ConfUtils.java:logGet(43)) - raft.server.snapshot.auto.trigger.enabled = true (custom)
2020-03-27 08:15:36,867 [pool-623-thread-1] INFO  server.RaftServerConfigKeys (ConfUtils.java:logGet(43)) - raft.server.snapshot.auto.trigger.threshold = 10000 (custom)
2020-03-27 08:15:36,867 [pool-623-thread-1] INFO  server.RaftServerConfigKeys (ConfUtils.java:logGet(43)) - raft.server.snapshot.retention.file.num = 5 (custom)
2020-03-27 08:15:36,867 [pool-623-thread-1] INFO  server.RaftServerConfigKeys (ConfUtils.java:logGet(43)) - raft.server.retrycache.expirytime = 600000ms (custom)
2020-03-27 08:15:36,867 [pool-623-thread-1] INFO  metrics.RatisMetrics (RatisMetrics.java:lambda$create$0(39)) - Creating Metrics Registry : ratis.leader_election.fe5755ee-a695-4f61-b92b-3d721cb7d98e@group-392CD9ACBEA3
2020-03-27 08:15:36,868 [pool-623-thread-1] INFO  metrics.RatisMetrics (RatisMetrics.java:lambda$create$0(39)) - Creating Metrics Registry : ratis.server.fe5755ee-a695-4f61-b92b-3d721cb7d98e@group-392CD9ACBEA3
2020-03-27 08:15:36,869 [pool-623-thread-1] INFO  impl.RaftServerImpl (RaftServerImpl.java:start(183)) - fe5755ee-a695-4f61-b92b-3d721cb7d98e@group-392CD9ACBEA3: start as a follower, conf=-1: [fe5755ee-a695-4f61-b92b-3d721cb7d98e:172.17.0.2:43435, 77fc4d9c-d2cb-491d-92c6-7c69a2ec3ba6:172.17.0.2:44703, 6868d56a-2336-4046-a4ac-d6ad311db1a4:172.17.0.2:45275], old=null
2020-03-27 08:15:36,869 [pool-623-thread-1] INFO  impl.RaftServerImpl (RaftServerImpl.java:setRole(172)) - fe5755ee-a695-4f61-b92b-3d721cb7d98e@group-392CD9ACBEA3: changes role from      null to FOLLOWER at term 0 for startAsFollower
2020-03-27 08:15:36,869 [pool-623-thread-1] INFO  impl.RoleInfo (RoleInfo.java:updateAndGet(143)) - fe5755ee-a695-4f61-b92b-3d721cb7d98e: start FollowerState
2020-03-27 08:15:36,880 [pool-623-thread-1] INFO  util.JmxRegister (JmxRegister.java:tryRegister(44)) - Successfully registered JMX Bean with object name Ratis:service=RaftServer,group=group-392CD9ACBEA3,id=fe5755ee-a695-4f61-b92b-3d721cb7d98e
2020-03-27 08:15:36,880 [pool-623-thread-1] INFO  metrics.RatisMetrics (RatisMetrics.java:lambda$create$0(39)) - Creating Metrics Registry : ratis.state_machine.fe5755ee-a695-4f61-b92b-3d721cb7d98e@group-392CD9ACBEA3
2020-03-27 08:15:36,891 [grpc-default-executor-9] INFO  impl.RaftServerProxy (RaftServerProxy.java:addNew(89)) - 77fc4d9c-d2cb-491d-92c6-7c69a2ec3ba6: addNew group-392CD9ACBEA3:[fe5755ee-a695-4f61-b92b-3d721cb7d98e:172.17.0.2:43435, 77fc4d9c-d2cb-491d-92c6-7c69a2ec3ba6:172.17.0.2:44703, 6868d56a-2336-4046-a4ac-d6ad311db1a4:172.17.0.2:45275] returns group-392CD9ACBEA3:java.util.concurrent.CompletableFuture@1dea926b[Not completed]
2020-03-27 08:15:36,892 [pool-638-thread-1] INFO  impl.RaftServerImpl (RaftServerImpl.java:<init>(97)) - 77fc4d9c-d2cb-491d-92c6-7c69a2ec3ba6: new RaftServerImpl for group-392CD9ACBEA3:[fe5755ee-a695-4f61-b92b-3d721cb7d98e:172.17.0.2:43435, 77fc4d9c-d2cb-491d-92c6-7c69a2ec3ba6:172.17.0.2:44703, 6868d56a-2336-4046-a4ac-d6ad311db1a4:172.17.0.2:45275] with ContainerStateMachine:uninitialized
2020-03-27 08:15:36,892 [pool-638-thread-1] INFO  server.RaftServerConfigKeys (ConfUtils.java:logGet(43)) - raft.server.rpc.timeout.min = 5s (custom)
2020-03-27 08:15:36,892 [pool-638-thread-1] INFO  server.RaftServerConfigKeys (ConfUtils.java:logGet(43)) - raft.server.rpc.timeout.max = 5200ms (custom)
2020-03-27 08:15:36,892 [pool-638-thread-1] INFO  server.RaftServerConfigKeys (ConfUtils.java:logGet(43)) - raft.server.rpcslowness.timeout = 300s (custom)
2020-03-27 08:15:36,892 [pool-638-thread-1] INFO  server.RaftServerConfigKeys (ConfUtils.java:logGet(43)) - raft.server.sleep.deviation.threshold = 300 (default)
2020-03-27 08:15:36,892 [pool-638-thread-1] INFO  server.RaftServerConfigKeys (ConfUtils.java:logGet(43)) - raft.server.log.appender.install.snapshot.enabled = false (custom)
2020-03-27 08:15:36,892 [pool-638-thread-1] INFO  impl.RaftServerImpl (ServerState.java:<init>(103)) - 77fc4d9c-d2cb-491d-92c6-7c69a2ec3ba6@group-392CD9ACBEA3: ConfigurationManager, init=-1: [fe5755ee-a695-4f61-b92b-3d721cb7d98e:172.17.0.2:43435, 77fc4d9c-d2cb-491d-92c6-7c69a2ec3ba6:172.17.0.2:44703, 6868d56a-2336-4046-a4ac-d6ad311db1a4:172.17.0.2:45275], old=null, confs=<EMPTY_MAP>
2020-03-27 08:15:36,892 [pool-638-thread-1] INFO  server.RaftServerConfigKeys (ConfUtils.java:logGet(43)) - raft.server.storage.dir = [/github/workspace/hadoop-ozone/integration-test/target/test-dir/MiniOzoneClusterImpl-178f0ac1-9287-41ca-b66e-5f4c0e2bc6ba/datanode-5/data/ratis] (custom)
2020-03-27 08:15:36,892 [pool-638-thread-1] INFO  server.RaftServerConfigKeys (ConfUtils.java:logGet(43)) - raft.server.log.corruption.policy = EXCEPTION (default)
2020-03-27 08:15:36,892 [pool-638-thread-1] INFO  storage.RaftStorageDirectory (RaftStorageDirectory.java:analyzeStorage(253)) - The storage directory /github/workspace/hadoop-ozone/integration-test/target/test-dir/MiniOzoneClusterImpl-178f0ac1-9287-41ca-b66e-5f4c0e2bc6ba/datanode-5/data/ratis/ebe148e0-e977-4856-8c8a-392cd9acbea3 does not exist. Creating ...
2020-03-27 08:15:36,893 [pool-638-thread-1] INFO  storage.RaftStorageDirectory (RaftStorageDirectory.java:tryLock(335)) - Lock on /github/workspace/hadoop-ozone/integration-test/target/test-dir/MiniOzoneClusterImpl-178f0ac1-9287-41ca-b66e-5f4c0e2bc6ba/datanode-5/data/ratis/ebe148e0-e977-4856-8c8a-392cd9acbea3/in_use.lock acquired by nodename 16179@767d39cb30d6
2020-03-27 08:15:36,894 [pool-638-thread-1] INFO  storage.RaftStorage (RaftStorage.java:format(84)) - Storage directory /github/workspace/hadoop-ozone/integration-test/target/test-dir/MiniOzoneClusterImpl-178f0ac1-9287-41ca-b66e-5f4c0e2bc6ba/datanode-5/data/ratis/ebe148e0-e977-4856-8c8a-392cd9acbea3 has been successfully formatted.
2020-03-27 08:15:36,894 [pool-638-thread-1] INFO  ratis.ContainerStateMachine (ContainerStateMachine.java:loadSnapshot(233)) - group-392CD9ACBEA3: The snapshot info is null. Setting the last applied indexto:(t:0, i:~)
2020-03-27 08:15:36,895 [pool-638-thread-1] INFO  server.RaftServerConfigKeys (ConfUtils.java:logGet(43)) - raft.server.notification.no-leader.timeout = 60s (default)
2020-03-27 08:15:36,895 [pool-638-thread-1] INFO  server.RaftServerConfigKeys (ConfUtils.java:logGet(43)) - raft.server.log.use.memory = false (default)
2020-03-27 08:15:36,895 [pool-638-thread-1] INFO  server.RaftServerConfigKeys (ConfUtils.java:logGet(43)) - raft.server.log.purge.gap = 1000000 (custom)
2020-03-27 08:15:36,895 [pool-638-thread-1] INFO  server.RaftServerConfigKeys (ConfUtils.java:logGet(43)) - raft.server.log.appender.buffer.byte-limit = 33554432 (custom)
2020-03-27 08:15:36,895 [pool-638-thread-1] INFO  server.RaftServerConfigKeys (ConfUtils.java:logGet(43)) - raft.server.log.segment.size.max = 1048576 (custom)
2020-03-27 08:15:36,895 [pool-638-thread-1] INFO  server.RaftServerConfigKeys (ConfUtils.java:logGet(43)) - raft.server.log.segment.cache.num.max = 2 (custom)
2020-03-27 08:15:36,895 [pool-638-thread-1] INFO  segmented.SegmentedRaftLogWorker (SegmentedRaftLogWorker.java:<init>(176)) - new 77fc4d9c-d2cb-491d-92c6-7c69a2ec3ba6@group-392CD9ACBEA3-SegmentedRaftLogWorker for RaftStorage:Storage Directory /github/workspace/hadoop-ozone/integration-test/target/test-dir/MiniOzoneClusterImpl-178f0ac1-9287-41ca-b66e-5f4c0e2bc6ba/datanode-5/data/ratis/ebe148e0-e977-4856-8c8a-392cd9acbea3
2020-03-27 08:15:36,895 [pool-638-thread-1] INFO  server.RaftServerConfigKeys (ConfUtils.java:logGet(43)) - raft.server.log.queue.byte-limit = 2147483647 (custom)
2020-03-27 08:15:36,895 [pool-638-thread-1] INFO  server.RaftServerConfigKeys (ConfUtils.java:logGet(43)) - raft.server.log.queue.element-limit = 1024 (custom)
2020-03-27 08:15:36,895 [pool-638-thread-1] INFO  server.RaftServerConfigKeys (ConfUtils.java:logGet(43)) - raft.server.log.segment.size.max = 1048576 (custom)
2020-03-27 08:15:36,895 [pool-638-thread-1] INFO  server.RaftServerConfigKeys (ConfUtils.java:logGet(43)) - raft.server.log.preallocated.size = 16384 (custom)
2020-03-27 08:15:36,895 [pool-638-thread-1] INFO  server.RaftServerConfigKeys (ConfUtils.java:logGet(43)) - raft.server.log.write.buffer.size = 1048576 (custom)
2020-03-27 08:15:36,895 [pool-638-thread-1] INFO  server.RaftServerConfigKeys (ConfUtils.java:logGet(43)) - raft.server.log.force.sync.num = 128 (default)
2020-03-27 08:15:36,895 [pool-638-thread-1] INFO  server.RaftServerConfigKeys (ConfUtils.java:logGet(43)) - raft.server.log.statemachine.data.sync = true (default)
2020-03-27 08:15:36,895 [pool-638-thread-1] INFO  server.RaftServerConfigKeys (ConfUtils.java:logGet(43)) - raft.server.log.statemachine.data.sync.timeout = 10s (default)
2020-03-27 08:15:36,896 [pool-638-thread-1] INFO  server.RaftServerConfigKeys (ConfUtils.java:logGet(43)) - raft.server.log.statemachine.data.sync.timeout.retry = -1 (default)
2020-03-27 08:15:36,896 [pool-638-thread-1] INFO  server.RaftServerConfigKeys (ConfUtils.java:logGet(43)) - raft.server.log.statemachine.data.caching.enabled = true (custom)
2020-03-27 08:15:36,896 [pool-638-thread-1] INFO  segmented.SegmentedRaftLogWorker (SegmentedRaftLogWorker.java:lambda$new$0(129)) - 77fc4d9c-d2cb-491d-92c6-7c69a2ec3ba6@group-392CD9ACBEA3-SegmentedRaftLogWorker: flushIndex: setUnconditionally 0 -> -1
2020-03-27 08:15:36,897 [pool-638-thread-1] INFO  server.RaftServerConfigKeys (ConfUtils.java:logGet(43)) - raft.server.snapshot.auto.trigger.enabled = true (custom)
2020-03-27 08:15:36,897 [pool-638-thread-1] INFO  server.RaftServerConfigKeys (ConfUtils.java:logGet(43)) - raft.server.snapshot.auto.trigger.threshold = 10000 (custom)
2020-03-27 08:15:36,897 [pool-638-thread-1] INFO  server.RaftServerConfigKeys (ConfUtils.java:logGet(43)) - raft.server.snapshot.retention.file.num = 5 (custom)
2020-03-27 08:15:36,897 [pool-638-thread-1] INFO  server.RaftServerConfigKeys (ConfUtils.java:logGet(43)) - raft.server.retrycache.expirytime = 600000ms (custom)
2020-03-27 08:15:36,897 [pool-638-thread-1] INFO  metrics.RatisMetrics (RatisMetrics.java:lambda$create$0(39)) - Creating Metrics Registry : ratis.leader_election.77fc4d9c-d2cb-491d-92c6-7c69a2ec3ba6@group-392CD9ACBEA3
2020-03-27 08:15:36,897 [pool-638-thread-1] INFO  metrics.RatisMetrics (RatisMetrics.java:lambda$create$0(39)) - Creating Metrics Registry : ratis.server.77fc4d9c-d2cb-491d-92c6-7c69a2ec3ba6@group-392CD9ACBEA3
2020-03-27 08:15:36,898 [pool-638-thread-1] INFO  impl.RaftServerImpl (RaftServerImpl.java:start(183)) - 77fc4d9c-d2cb-491d-92c6-7c69a2ec3ba6@group-392CD9ACBEA3: start as a follower, conf=-1: [fe5755ee-a695-4f61-b92b-3d721cb7d98e:172.17.0.2:43435, 77fc4d9c-d2cb-491d-92c6-7c69a2ec3ba6:172.17.0.2:44703, 6868d56a-2336-4046-a4ac-d6ad311db1a4:172.17.0.2:45275], old=null
2020-03-27 08:15:36,898 [pool-638-thread-1] INFO  impl.RaftServerImpl (RaftServerImpl.java:setRole(172)) - 77fc4d9c-d2cb-491d-92c6-7c69a2ec3ba6@group-392CD9ACBEA3: changes role from      null to FOLLOWER at term 0 for startAsFollower
2020-03-27 08:15:36,898 [pool-638-thread-1] INFO  impl.RoleInfo (RoleInfo.java:updateAndGet(143)) - 77fc4d9c-d2cb-491d-92c6-7c69a2ec3ba6: start FollowerState
2020-03-27 08:15:36,898 [pool-638-thread-1] INFO  util.JmxRegister (JmxRegister.java:tryRegister(44)) - Successfully registered JMX Bean with object name Ratis:service=RaftServer,group=group-392CD9ACBEA3,id=77fc4d9c-d2cb-491d-92c6-7c69a2ec3ba6
2020-03-27 08:15:36,898 [pool-638-thread-1] INFO  metrics.RatisMetrics (RatisMetrics.java:lambda$create$0(39)) - Creating Metrics Registry : ratis.state_machine.77fc4d9c-d2cb-491d-92c6-7c69a2ec3ba6@group-392CD9ACBEA3
2020-03-27 08:15:36,907 [grpc-default-executor-9] INFO  impl.RaftServerProxy (RaftServerProxy.java:addNew(89)) - 6868d56a-2336-4046-a4ac-d6ad311db1a4: addNew group-392CD9ACBEA3:[fe5755ee-a695-4f61-b92b-3d721cb7d98e:172.17.0.2:43435, 77fc4d9c-d2cb-491d-92c6-7c69a2ec3ba6:172.17.0.2:44703, 6868d56a-2336-4046-a4ac-d6ad311db1a4:172.17.0.2:45275] returns group-392CD9ACBEA3:java.util.concurrent.CompletableFuture@7defb7bb[Not completed]
2020-03-27 08:15:36,908 [pool-653-thread-1] INFO  impl.RaftServerImpl (RaftServerImpl.java:<init>(97)) - 6868d56a-2336-4046-a4ac-d6ad311db1a4: new RaftServerImpl for group-392CD9ACBEA3:[fe5755ee-a695-4f61-b92b-3d721cb7d98e:172.17.0.2:43435, 77fc4d9c-d2cb-491d-92c6-7c69a2ec3ba6:172.17.0.2:44703, 6868d56a-2336-4046-a4ac-d6ad311db1a4:172.17.0.2:45275] with ContainerStateMachine:uninitialized
2020-03-27 08:15:36,908 [pool-653-thread-1] INFO  server.RaftServerConfigKeys (ConfUtils.java:logGet(43)) - raft.server.rpc.timeout.min = 5s (custom)
2020-03-27 08:15:36,908 [pool-653-thread-1] INFO  server.RaftServerConfigKeys (ConfUtils.java:logGet(43)) - raft.server.rpc.timeout.max = 5200ms (custom)
2020-03-27 08:15:36,908 [pool-653-thread-1] INFO  server.RaftServerConfigKeys (ConfUtils.java:logGet(43)) - raft.server.rpcslowness.timeout = 300s (custom)
2020-03-27 08:15:36,908 [pool-653-thread-1] INFO  server.RaftServerConfigKeys (ConfUtils.java:logGet(43)) - raft.server.sleep.deviation.threshold = 300 (default)
2020-03-27 08:15:36,908 [pool-653-thread-1] INFO  server.RaftServerConfigKeys (ConfUtils.java:logGet(43)) - raft.server.log.appender.install.snapshot.enabled = false (custom)
2020-03-27 08:15:36,908 [pool-653-thread-1] INFO  impl.RaftServerImpl (ServerState.java:<init>(103)) - 6868d56a-2336-4046-a4ac-d6ad311db1a4@group-392CD9ACBEA3: ConfigurationManager, init=-1: [fe5755ee-a695-4f61-b92b-3d721cb7d98e:172.17.0.2:43435, 77fc4d9c-d2cb-491d-92c6-7c69a2ec3ba6:172.17.0.2:44703, 6868d56a-2336-4046-a4ac-d6ad311db1a4:172.17.0.2:45275], old=null, confs=<EMPTY_MAP>
2020-03-27 08:15:36,908 [pool-653-thread-1] INFO  server.RaftServerConfigKeys (ConfUtils.java:logGet(43)) - raft.server.storage.dir = [/github/workspace/hadoop-ozone/integration-test/target/test-dir/MiniOzoneClusterImpl-178f0ac1-9287-41ca-b66e-5f4c0e2bc6ba/datanode-6/data/ratis] (custom)
2020-03-27 08:15:36,908 [pool-653-thread-1] INFO  server.RaftServerConfigKeys (ConfUtils.java:logGet(43)) - raft.server.log.corruption.policy = EXCEPTION (default)
2020-03-27 08:15:36,909 [pool-653-thread-1] INFO  storage.RaftStorageDirectory (RaftStorageDirectory.java:analyzeStorage(253)) - The storage directory /github/workspace/hadoop-ozone/integration-test/target/test-dir/MiniOzoneClusterImpl-178f0ac1-9287-41ca-b66e-5f4c0e2bc6ba/datanode-6/data/ratis/ebe148e0-e977-4856-8c8a-392cd9acbea3 does not exist. Creating ...
2020-03-27 08:15:36,910 [pool-653-thread-1] INFO  storage.RaftStorageDirectory (RaftStorageDirectory.java:tryLock(335)) - Lock on /github/workspace/hadoop-ozone/integration-test/target/test-dir/MiniOzoneClusterImpl-178f0ac1-9287-41ca-b66e-5f4c0e2bc6ba/datanode-6/data/ratis/ebe148e0-e977-4856-8c8a-392cd9acbea3/in_use.lock acquired by nodename 16179@767d39cb30d6
2020-03-27 08:15:36,911 [pool-653-thread-1] INFO  storage.RaftStorage (RaftStorage.java:format(84)) - Storage directory /github/workspace/hadoop-ozone/integration-test/target/test-dir/MiniOzoneClusterImpl-178f0ac1-9287-41ca-b66e-5f4c0e2bc6ba/datanode-6/data/ratis/ebe148e0-e977-4856-8c8a-392cd9acbea3 has been successfully formatted.
2020-03-27 08:15:36,911 [pool-653-thread-1] INFO  ratis.ContainerStateMachine (ContainerStateMachine.java:loadSnapshot(233)) - group-392CD9ACBEA3: The snapshot info is null. Setting the last applied indexto:(t:0, i:~)
2020-03-27 08:15:36,911 [pool-653-thread-1] INFO  server.RaftServerConfigKeys (ConfUtils.java:logGet(43)) - raft.server.notification.no-leader.timeout = 60s (default)
2020-03-27 08:15:36,911 [pool-653-thread-1] INFO  server.RaftServerConfigKeys (ConfUtils.java:logGet(43)) - raft.server.log.use.memory = false (default)
2020-03-27 08:15:36,911 [pool-653-thread-1] INFO  server.RaftServerConfigKeys (ConfUtils.java:logGet(43)) - raft.server.log.purge.gap = 1000000 (custom)
2020-03-27 08:15:36,911 [pool-653-thread-1] INFO  server.RaftServerConfigKeys (ConfUtils.java:logGet(43)) - raft.server.log.appender.buffer.byte-limit = 33554432 (custom)
2020-03-27 08:15:36,911 [pool-653-thread-1] INFO  server.RaftServerConfigKeys (ConfUtils.java:logGet(43)) - raft.server.log.segment.size.max = 1048576 (custom)
2020-03-27 08:15:36,911 [pool-653-thread-1] INFO  server.RaftServerConfigKeys (ConfUtils.java:logGet(43)) - raft.server.log.segment.cache.num.max = 2 (custom)
2020-03-27 08:15:36,911 [pool-653-thread-1] INFO  segmented.SegmentedRaftLogWorker (SegmentedRaftLogWorker.java:<init>(176)) - new 6868d56a-2336-4046-a4ac-d6ad311db1a4@group-392CD9ACBEA3-SegmentedRaftLogWorker for RaftStorage:Storage Directory /github/workspace/hadoop-ozone/integration-test/target/test-dir/MiniOzoneClusterImpl-178f0ac1-9287-41ca-b66e-5f4c0e2bc6ba/datanode-6/data/ratis/ebe148e0-e977-4856-8c8a-392cd9acbea3
2020-03-27 08:15:36,911 [pool-653-thread-1] INFO  server.RaftServerConfigKeys (ConfUtils.java:logGet(43)) - raft.server.log.queue.byte-limit = 2147483647 (custom)
2020-03-27 08:15:36,911 [pool-653-thread-1] INFO  server.RaftServerConfigKeys (ConfUtils.java:logGet(43)) - raft.server.log.queue.element-limit = 1024 (custom)
2020-03-27 08:15:36,911 [pool-653-thread-1] INFO  server.RaftServerConfigKeys (ConfUtils.java:logGet(43)) - raft.server.log.segment.size.max = 1048576 (custom)
2020-03-27 08:15:36,912 [pool-653-thread-1] INFO  server.RaftServerConfigKeys (ConfUtils.java:logGet(43)) - raft.server.log.preallocated.size = 16384 (custom)
2020-03-27 08:15:36,912 [pool-653-thread-1] INFO  server.RaftServerConfigKeys (ConfUtils.java:logGet(43)) - raft.server.log.write.buffer.size = 1048576 (custom)
2020-03-27 08:15:36,912 [pool-653-thread-1] INFO  server.RaftServerConfigKeys (ConfUtils.java:logGet(43)) - raft.server.log.force.sync.num = 128 (default)
2020-03-27 08:15:36,912 [pool-653-thread-1] INFO  server.RaftServerConfigKeys (ConfUtils.java:logGet(43)) - raft.server.log.statemachine.data.sync = true (default)
2020-03-27 08:15:36,912 [pool-653-thread-1] INFO  server.RaftServerConfigKeys (ConfUtils.java:logGet(43)) - raft.server.log.statemachine.data.sync.timeout = 10s (default)
2020-03-27 08:15:36,912 [pool-653-thread-1] INFO  server.RaftServerConfigKeys (ConfUtils.java:logGet(43)) - raft.server.log.statemachine.data.sync.timeout.retry = -1 (default)
2020-03-27 08:15:36,912 [pool-653-thread-1] INFO  server.RaftServerConfigKeys (ConfUtils.java:logGet(43)) - raft.server.log.statemachine.data.caching.enabled = true (custom)
2020-03-27 08:15:36,912 [pool-653-thread-1] INFO  segmented.SegmentedRaftLogWorker (SegmentedRaftLogWorker.java:lambda$new$0(129)) - 6868d56a-2336-4046-a4ac-d6ad311db1a4@group-392CD9ACBEA3-SegmentedRaftLogWorker: flushIndex: setUnconditionally 0 -> -1
2020-03-27 08:15:36,912 [pool-653-thread-1] INFO  server.RaftServerConfigKeys (ConfUtils.java:logGet(43)) - raft.server.snapshot.auto.trigger.enabled = true (custom)
2020-03-27 08:15:36,912 [pool-653-thread-1] INFO  server.RaftServerConfigKeys (ConfUtils.java:logGet(43)) - raft.server.snapshot.auto.trigger.threshold = 10000 (custom)
2020-03-27 08:15:36,912 [pool-653-thread-1] INFO  server.RaftServerConfigKeys (ConfUtils.java:logGet(43)) - raft.server.snapshot.retention.file.num = 5 (custom)
2020-03-27 08:15:36,913 [pool-653-thread-1] INFO  server.RaftServerConfigKeys (ConfUtils.java:logGet(43)) - raft.server.retrycache.expirytime = 600000ms (custom)
2020-03-27 08:15:36,913 [pool-653-thread-1] INFO  metrics.RatisMetrics (RatisMetrics.java:lambda$create$0(39)) - Creating Metrics Registry : ratis.leader_election.6868d56a-2336-4046-a4ac-d6ad311db1a4@group-392CD9ACBEA3
2020-03-27 08:15:36,913 [pool-653-thread-1] INFO  metrics.RatisMetrics (RatisMetrics.java:lambda$create$0(39)) - Creating Metrics Registry : ratis.server.6868d56a-2336-4046-a4ac-d6ad311db1a4@group-392CD9ACBEA3
2020-03-27 08:15:36,914 [pool-653-thread-1] INFO  impl.RaftServerImpl (RaftServerImpl.java:start(183)) - 6868d56a-2336-4046-a4ac-d6ad311db1a4@group-392CD9ACBEA3: start as a follower, conf=-1: [fe5755ee-a695-4f61-b92b-3d721cb7d98e:172.17.0.2:43435, 77fc4d9c-d2cb-491d-92c6-7c69a2ec3ba6:172.17.0.2:44703, 6868d56a-2336-4046-a4ac-d6ad311db1a4:172.17.0.2:45275], old=null
2020-03-27 08:15:36,914 [pool-653-thread-1] INFO  impl.RaftServerImpl (RaftServerImpl.java:setRole(172)) - 6868d56a-2336-4046-a4ac-d6ad311db1a4@group-392CD9ACBEA3: changes role from      null to FOLLOWER at term 0 for startAsFollower
2020-03-27 08:15:36,914 [pool-653-thread-1] INFO  impl.RoleInfo (RoleInfo.java:updateAndGet(143)) - 6868d56a-2336-4046-a4ac-d6ad311db1a4: start FollowerState
2020-03-27 08:15:36,915 [pool-653-thread-1] INFO  util.JmxRegister (JmxRegister.java:tryRegister(44)) - Successfully registered JMX Bean with object name Ratis:service=RaftServer,group=group-392CD9ACBEA3,id=6868d56a-2336-4046-a4ac-d6ad311db1a4
2020-03-27 08:15:36,915 [pool-653-thread-1] INFO  metrics.RatisMetrics (RatisMetrics.java:lambda$create$0(39)) - Creating Metrics Registry : ratis.state_machine.6868d56a-2336-4046-a4ac-d6ad311db1a4@group-392CD9ACBEA3
2020-03-27 08:15:36,918 [Command processor thread] INFO  commandhandler.CreatePipelineCommandHandler (CreatePipelineCommandHandler.java:handle(112)) - Created Pipeline RATIS THREE #id: "ebe148e0-e977-4856-8c8a-392cd9acbea3"
.
2020-03-27 08:15:36,918 [Command processor thread] INFO  impl.RaftServerProxy (RaftServerProxy.java:addNew(89)) - fe5755ee-a695-4f61-b92b-3d721cb7d98e: addNew group-C2F994A7515B:[fe5755ee-a695-4f61-b92b-3d721cb7d98e:172.17.0.2:43435, 77fc4d9c-d2cb-491d-92c6-7c69a2ec3ba6:172.17.0.2:44703, 6868d56a-2336-4046-a4ac-d6ad311db1a4:172.17.0.2:45275] returns group-C2F994A7515B:java.util.concurrent.CompletableFuture@38638bb6[Not completed]
2020-03-27 08:15:36,919 [pool-623-thread-1] INFO  impl.RaftServerImpl (RaftServerImpl.java:<init>(97)) - fe5755ee-a695-4f61-b92b-3d721cb7d98e: new RaftServerImpl for group-C2F994A7515B:[fe5755ee-a695-4f61-b92b-3d721cb7d98e:172.17.0.2:43435, 77fc4d9c-d2cb-491d-92c6-7c69a2ec3ba6:172.17.0.2:44703, 6868d56a-2336-4046-a4ac-d6ad311db1a4:172.17.0.2:45275] with ContainerStateMachine:uninitialized
2020-03-27 08:15:36,919 [pool-623-thread-1] INFO  server.RaftServerConfigKeys (ConfUtils.java:logGet(43)) - raft.server.rpc.timeout.min = 5s (custom)
2020-03-27 08:15:36,919 [pool-623-thread-1] INFO  server.RaftServerConfigKeys (ConfUtils.java:logGet(43)) - raft.server.rpc.timeout.max = 5200ms (custom)
2020-03-27 08:15:36,919 [pool-623-thread-1] INFO  server.RaftServerConfigKeys (ConfUtils.java:logGet(43)) - raft.server.rpcslowness.timeout = 300s (custom)
2020-03-27 08:15:36,919 [pool-623-thread-1] INFO  server.RaftServerConfigKeys (ConfUtils.java:logGet(43)) - raft.server.sleep.deviation.threshold = 300 (default)
2020-03-27 08:15:36,919 [pool-623-thread-1] INFO  server.RaftServerConfigKeys (ConfUtils.java:logGet(43)) - raft.server.log.appender.install.snapshot.enabled = false (custom)
2020-03-27 08:15:36,919 [pool-623-thread-1] INFO  impl.RaftServerImpl (ServerState.java:<init>(103)) - fe5755ee-a695-4f61-b92b-3d721cb7d98e@group-C2F994A7515B: ConfigurationManager, init=-1: [fe5755ee-a695-4f61-b92b-3d721cb7d98e:172.17.0.2:43435, 77fc4d9c-d2cb-491d-92c6-7c69a2ec3ba6:172.17.0.2:44703, 6868d56a-2336-4046-a4ac-d6ad311db1a4:172.17.0.2:45275], old=null, confs=<EMPTY_MAP>
2020-03-27 08:15:36,920 [pool-623-thread-1] INFO  server.RaftServerConfigKeys (ConfUtils.java:logGet(43)) - raft.server.storage.dir = [/github/workspace/hadoop-ozone/integration-test/target/test-dir/MiniOzoneClusterImpl-178f0ac1-9287-41ca-b66e-5f4c0e2bc6ba/datanode-4/data/ratis] (custom)
2020-03-27 08:15:36,920 [pool-623-thread-1] INFO  server.RaftServerConfigKeys (ConfUtils.java:logGet(43)) - raft.server.log.corruption.policy = EXCEPTION (default)
2020-03-27 08:15:36,920 [pool-623-thread-1] INFO  storage.RaftStorageDirectory (RaftStorageDirectory.java:analyzeStorage(253)) - The storage directory /github/workspace/hadoop-ozone/integration-test/target/test-dir/MiniOzoneClusterImpl-178f0ac1-9287-41ca-b66e-5f4c0e2bc6ba/datanode-4/data/ratis/ec296b66-8a13-4194-823f-c2f994a7515b does not exist. Creating ...
2020-03-27 08:15:36,921 [pool-623-thread-1] INFO  storage.RaftStorageDirectory (RaftStorageDirectory.java:tryLock(335)) - Lock on /github/workspace/hadoop-ozone/integration-test/target/test-dir/MiniOzoneClusterImpl-178f0ac1-9287-41ca-b66e-5f4c0e2bc6ba/datanode-4/data/ratis/ec296b66-8a13-4194-823f-c2f994a7515b/in_use.lock acquired by nodename 16179@767d39cb30d6
2020-03-27 08:15:36,923 [pool-623-thread-1] INFO  storage.RaftStorage (RaftStorage.java:format(84)) - Storage directory /github/workspace/hadoop-ozone/integration-test/target/test-dir/MiniOzoneClusterImpl-178f0ac1-9287-41ca-b66e-5f4c0e2bc6ba/datanode-4/data/ratis/ec296b66-8a13-4194-823f-c2f994a7515b has been successfully formatted.
2020-03-27 08:15:36,923 [pool-623-thread-1] INFO  ratis.ContainerStateMachine (ContainerStateMachine.java:loadSnapshot(233)) - group-C2F994A7515B: The snapshot info is null. Setting the last applied indexto:(t:0, i:~)
2020-03-27 08:15:36,923 [pool-623-thread-1] INFO  server.RaftServerConfigKeys (ConfUtils.java:logGet(43)) - raft.server.notification.no-leader.timeout = 60s (default)
2020-03-27 08:15:36,923 [pool-623-thread-1] INFO  server.RaftServerConfigKeys (ConfUtils.java:logGet(43)) - raft.server.log.use.memory = false (default)
2020-03-27 08:15:36,923 [pool-623-thread-1] INFO  server.RaftServerConfigKeys (ConfUtils.java:logGet(43)) - raft.server.log.purge.gap = 1000000 (custom)
2020-03-27 08:15:36,923 [pool-623-thread-1] INFO  server.RaftServerConfigKeys (ConfUtils.java:logGet(43)) - raft.server.log.appender.buffer.byte-limit = 33554432 (custom)
2020-03-27 08:15:36,923 [pool-623-thread-1] INFO  server.RaftServerConfigKeys (ConfUtils.java:logGet(43)) - raft.server.log.segment.size.max = 1048576 (custom)
2020-03-27 08:15:36,924 [pool-623-thread-1] INFO  server.RaftServerConfigKeys (ConfUtils.java:logGet(43)) - raft.server.log.segment.cache.num.max = 2 (custom)
2020-03-27 08:15:36,924 [pool-623-thread-1] INFO  segmented.SegmentedRaftLogWorker (SegmentedRaftLogWorker.java:<init>(176)) - new fe5755ee-a695-4f61-b92b-3d721cb7d98e@group-C2F994A7515B-SegmentedRaftLogWorker for RaftStorage:Storage Directory /github/workspace/hadoop-ozone/integration-test/target/test-dir/MiniOzoneClusterImpl-178f0ac1-9287-41ca-b66e-5f4c0e2bc6ba/datanode-4/data/ratis/ec296b66-8a13-4194-823f-c2f994a7515b
2020-03-27 08:15:36,924 [pool-623-thread-1] INFO  server.RaftServerConfigKeys (ConfUtils.java:logGet(43)) - raft.server.log.queue.byte-limit = 2147483647 (custom)
2020-03-27 08:15:36,924 [pool-623-thread-1] INFO  server.RaftServerConfigKeys (ConfUtils.java:logGet(43)) - raft.server.log.queue.element-limit = 1024 (custom)
2020-03-27 08:15:36,924 [pool-623-thread-1] INFO  server.RaftServerConfigKeys (ConfUtils.java:logGet(43)) - raft.server.log.segment.size.max = 1048576 (custom)
2020-03-27 08:15:36,924 [pool-623-thread-1] INFO  server.RaftServerConfigKeys (ConfUtils.java:logGet(43)) - raft.server.log.preallocated.size = 16384 (custom)
2020-03-27 08:15:36,924 [pool-623-thread-1] INFO  server.RaftServerConfigKeys (ConfUtils.java:logGet(43)) - raft.server.log.write.buffer.size = 1048576 (custom)
2020-03-27 08:15:36,924 [pool-623-thread-1] INFO  server.RaftServerConfigKeys (ConfUtils.java:logGet(43)) - raft.server.log.force.sync.num = 128 (default)
2020-03-27 08:15:36,924 [pool-623-thread-1] INFO  server.RaftServerConfigKeys (ConfUtils.java:logGet(43)) - raft.server.log.statemachine.data.sync = true (default)
2020-03-27 08:15:36,924 [pool-623-thread-1] INFO  server.RaftServerConfigKeys (ConfUtils.java:logGet(43)) - raft.server.log.statemachine.data.sync.timeout = 10s (default)
2020-03-27 08:15:36,924 [pool-623-thread-1] INFO  server.RaftServerConfigKeys (ConfUtils.java:logGet(43)) - raft.server.log.statemachine.data.sync.timeout.retry = -1 (default)
2020-03-27 08:15:36,925 [pool-623-thread-1] INFO  server.RaftServerConfigKeys (ConfUtils.java:logGet(43)) - raft.server.log.statemachine.data.caching.enabled = true (custom)
2020-03-27 08:15:36,926 [pool-623-thread-1] INFO  segmented.SegmentedRaftLogWorker (SegmentedRaftLogWorker.java:lambda$new$0(129)) - fe5755ee-a695-4f61-b92b-3d721cb7d98e@group-C2F994A7515B-SegmentedRaftLogWorker: flushIndex: setUnconditionally 0 -> -1
2020-03-27 08:15:36,927 [pool-623-thread-1] INFO  server.RaftServerConfigKeys (ConfUtils.java:logGet(43)) - raft.server.snapshot.auto.trigger.enabled = true (custom)
2020-03-27 08:15:36,927 [pool-623-thread-1] INFO  server.RaftServerConfigKeys (ConfUtils.java:logGet(43)) - raft.server.snapshot.auto.trigger.threshold = 10000 (custom)
2020-03-27 08:15:36,927 [pool-623-thread-1] INFO  server.RaftServerConfigKeys (ConfUtils.java:logGet(43)) - raft.server.snapshot.retention.file.num = 5 (custom)
2020-03-27 08:15:36,927 [pool-623-thread-1] INFO  server.RaftServerConfigKeys (ConfUtils.java:logGet(43)) - raft.server.retrycache.expirytime = 600000ms (custom)
2020-03-27 08:15:36,927 [pool-623-thread-1] INFO  metrics.RatisMetrics (RatisMetrics.java:lambda$create$0(39)) - Creating Metrics Registry : ratis.leader_election.fe5755ee-a695-4f61-b92b-3d721cb7d98e@group-C2F994A7515B
2020-03-27 08:15:36,927 [pool-623-thread-1] INFO  metrics.RatisMetrics (RatisMetrics.java:lambda$create$0(39)) - Creating Metrics Registry : ratis.server.fe5755ee-a695-4f61-b92b-3d721cb7d98e@group-C2F994A7515B
2020-03-27 08:15:36,928 [pool-623-thread-1] INFO  impl.RaftServerImpl (RaftServerImpl.java:start(183)) - fe5755ee-a695-4f61-b92b-3d721cb7d98e@group-C2F994A7515B: start as a follower, conf=-1: [fe5755ee-a695-4f61-b92b-3d721cb7d98e:172.17.0.2:43435, 77fc4d9c-d2cb-491d-92c6-7c69a2ec3ba6:172.17.0.2:44703, 6868d56a-2336-4046-a4ac-d6ad311db1a4:172.17.0.2:45275], old=null
2020-03-27 08:15:36,928 [pool-623-thread-1] INFO  impl.RaftServerImpl (RaftServerImpl.java:setRole(172)) - fe5755ee-a695-4f61-b92b-3d721cb7d98e@group-C2F994A7515B: changes role from      null to FOLLOWER at term 0 for startAsFollower
2020-03-27 08:15:36,928 [pool-623-thread-1] INFO  impl.RoleInfo (RoleInfo.java:updateAndGet(143)) - fe5755ee-a695-4f61-b92b-3d721cb7d98e: start FollowerState
2020-03-27 08:15:36,928 [pool-623-thread-1] INFO  util.JmxRegister (JmxRegister.java:tryRegister(44)) - Successfully registered JMX Bean with object name Ratis:service=RaftServer,group=group-C2F994A7515B,id=fe5755ee-a695-4f61-b92b-3d721cb7d98e
2020-03-27 08:15:36,928 [pool-623-thread-1] INFO  metrics.RatisMetrics (RatisMetrics.java:lambda$create$0(39)) - Creating Metrics Registry : ratis.state_machine.fe5755ee-a695-4f61-b92b-3d721cb7d98e@group-C2F994A7515B
2020-03-27 08:15:36,933 [grpc-default-executor-9] INFO  impl.RaftServerProxy (RaftServerProxy.java:addNew(89)) - 6868d56a-2336-4046-a4ac-d6ad311db1a4: addNew group-C2F994A7515B:[fe5755ee-a695-4f61-b92b-3d721cb7d98e:172.17.0.2:43435, 77fc4d9c-d2cb-491d-92c6-7c69a2ec3ba6:172.17.0.2:44703, 6868d56a-2336-4046-a4ac-d6ad311db1a4:172.17.0.2:45275] returns group-C2F994A7515B:java.util.concurrent.CompletableFuture@41dbfd05[Not completed]
2020-03-27 08:15:36,934 [pool-653-thread-1] INFO  impl.RaftServerImpl (RaftServerImpl.java:<init>(97)) - 6868d56a-2336-4046-a4ac-d6ad311db1a4: new RaftServerImpl for group-C2F994A7515B:[fe5755ee-a695-4f61-b92b-3d721cb7d98e:172.17.0.2:43435, 77fc4d9c-d2cb-491d-92c6-7c69a2ec3ba6:172.17.0.2:44703, 6868d56a-2336-4046-a4ac-d6ad311db1a4:172.17.0.2:45275] with ContainerStateMachine:uninitialized
2020-03-27 08:15:36,934 [pool-653-thread-1] INFO  server.RaftServerConfigKeys (ConfUtils.java:logGet(43)) - raft.server.rpc.timeout.min = 5s (custom)
2020-03-27 08:15:36,934 [pool-653-thread-1] INFO  server.RaftServerConfigKeys (ConfUtils.java:logGet(43)) - raft.server.rpc.timeout.max = 5200ms (custom)
2020-03-27 08:15:36,934 [pool-653-thread-1] INFO  server.RaftServerConfigKeys (ConfUtils.java:logGet(43)) - raft.server.rpcslowness.timeout = 300s (custom)
2020-03-27 08:15:36,934 [pool-653-thread-1] INFO  server.RaftServerConfigKeys (ConfUtils.java:logGet(43)) - raft.server.sleep.deviation.threshold = 300 (default)
2020-03-27 08:15:36,934 [pool-653-thread-1] INFO  server.RaftServerConfigKeys (ConfUtils.java:logGet(43)) - raft.server.log.appender.install.snapshot.enabled = false (custom)
2020-03-27 08:15:36,934 [pool-653-thread-1] INFO  impl.RaftServerImpl (ServerState.java:<init>(103)) - 6868d56a-2336-4046-a4ac-d6ad311db1a4@group-C2F994A7515B: ConfigurationManager, init=-1: [fe5755ee-a695-4f61-b92b-3d721cb7d98e:172.17.0.2:43435, 77fc4d9c-d2cb-491d-92c6-7c69a2ec3ba6:172.17.0.2:44703, 6868d56a-2336-4046-a4ac-d6ad311db1a4:172.17.0.2:45275], old=null, confs=<EMPTY_MAP>
2020-03-27 08:15:36,934 [pool-653-thread-1] INFO  server.RaftServerConfigKeys (ConfUtils.java:logGet(43)) - raft.server.storage.dir = [/github/workspace/hadoop-ozone/integration-test/target/test-dir/MiniOzoneClusterImpl-178f0ac1-9287-41ca-b66e-5f4c0e2bc6ba/datanode-6/data/ratis] (custom)
2020-03-27 08:15:36,934 [pool-653-thread-1] INFO  server.RaftServerConfigKeys (ConfUtils.java:logGet(43)) - raft.server.log.corruption.policy = EXCEPTION (default)
2020-03-27 08:15:36,935 [pool-653-thread-1] INFO  storage.RaftStorageDirectory (RaftStorageDirectory.java:analyzeStorage(253)) - The storage directory /github/workspace/hadoop-ozone/integration-test/target/test-dir/MiniOzoneClusterImpl-178f0ac1-9287-41ca-b66e-5f4c0e2bc6ba/datanode-6/data/ratis/ec296b66-8a13-4194-823f-c2f994a7515b does not exist. Creating ...
2020-03-27 08:15:36,936 [pool-653-thread-1] INFO  storage.RaftStorageDirectory (RaftStorageDirectory.java:tryLock(335)) - Lock on /github/workspace/hadoop-ozone/integration-test/target/test-dir/MiniOzoneClusterImpl-178f0ac1-9287-41ca-b66e-5f4c0e2bc6ba/datanode-6/data/ratis/ec296b66-8a13-4194-823f-c2f994a7515b/in_use.lock acquired by nodename 16179@767d39cb30d6
2020-03-27 08:15:36,937 [pool-653-thread-1] INFO  storage.RaftStorage (RaftStorage.java:format(84)) - Storage directory /github/workspace/hadoop-ozone/integration-test/target/test-dir/MiniOzoneClusterImpl-178f0ac1-9287-41ca-b66e-5f4c0e2bc6ba/datanode-6/data/ratis/ec296b66-8a13-4194-823f-c2f994a7515b has been successfully formatted.
2020-03-27 08:15:36,937 [pool-653-thread-1] INFO  ratis.ContainerStateMachine (ContainerStateMachine.java:loadSnapshot(233)) - group-C2F994A7515B: The snapshot info is null. Setting the last applied indexto:(t:0, i:~)
2020-03-27 08:15:36,937 [pool-653-thread-1] INFO  server.RaftServerConfigKeys (ConfUtils.java:logGet(43)) - raft.server.notification.no-leader.timeout = 60s (default)
2020-03-27 08:15:36,937 [pool-653-thread-1] INFO  server.RaftServerConfigKeys (ConfUtils.java:logGet(43)) - raft.server.log.use.memory = false (default)
2020-03-27 08:15:36,937 [pool-653-thread-1] INFO  server.RaftServerConfigKeys (ConfUtils.java:logGet(43)) - raft.server.log.purge.gap = 1000000 (custom)
2020-03-27 08:15:36,938 [pool-653-thread-1] INFO  server.RaftServerConfigKeys (ConfUtils.java:logGet(43)) - raft.server.log.appender.buffer.byte-limit = 33554432 (custom)
2020-03-27 08:15:36,938 [pool-653-thread-1] INFO  server.RaftServerConfigKeys (ConfUtils.java:logGet(43)) - raft.server.log.segment.size.max = 1048576 (custom)
2020-03-27 08:15:36,938 [pool-653-thread-1] INFO  server.RaftServerConfigKeys (ConfUtils.java:logGet(43)) - raft.server.log.segment.cache.num.max = 2 (custom)
2020-03-27 08:15:36,938 [pool-653-thread-1] INFO  segmented.SegmentedRaftLogWorker (SegmentedRaftLogWorker.java:<init>(176)) - new 6868d56a-2336-4046-a4ac-d6ad311db1a4@group-C2F994A7515B-SegmentedRaftLogWorker for RaftStorage:Storage Directory /github/workspace/hadoop-ozone/integration-test/target/test-dir/MiniOzoneClusterImpl-178f0ac1-9287-41ca-b66e-5f4c0e2bc6ba/datanode-6/data/ratis/ec296b66-8a13-4194-823f-c2f994a7515b
2020-03-27 08:15:36,938 [pool-653-thread-1] INFO  server.RaftServerConfigKeys (ConfUtils.java:logGet(43)) - raft.server.log.queue.byte-limit = 2147483647 (custom)
2020-03-27 08:15:36,938 [pool-653-thread-1] INFO  server.RaftServerConfigKeys (ConfUtils.java:logGet(43)) - raft.server.log.queue.element-limit = 1024 (custom)
2020-03-27 08:15:36,938 [pool-653-thread-1] INFO  server.RaftServerConfigKeys (ConfUtils.java:logGet(43)) - raft.server.log.segment.size.max = 1048576 (custom)
2020-03-27 08:15:36,938 [pool-653-thread-1] INFO  server.RaftServerConfigKeys (ConfUtils.java:logGet(43)) - raft.server.log.preallocated.size = 16384 (custom)
2020-03-27 08:15:36,938 [pool-653-thread-1] INFO  server.RaftServerConfigKeys (ConfUtils.java:logGet(43)) - raft.server.log.write.buffer.size = 1048576 (custom)
2020-03-27 08:15:36,938 [pool-653-thread-1] INFO  server.RaftServerConfigKeys (ConfUtils.java:logGet(43)) - raft.server.log.force.sync.num = 128 (default)
2020-03-27 08:15:36,938 [pool-653-thread-1] INFO  server.RaftServerConfigKeys (ConfUtils.java:logGet(43)) - raft.server.log.statemachine.data.sync = true (default)
2020-03-27 08:15:36,938 [pool-653-thread-1] INFO  server.RaftServerConfigKeys (ConfUtils.java:logGet(43)) - raft.server.log.statemachine.data.sync.timeout = 10s (default)
2020-03-27 08:15:36,938 [pool-653-thread-1] INFO  server.RaftServerConfigKeys (ConfUtils.java:logGet(43)) - raft.server.log.statemachine.data.sync.timeout.retry = -1 (default)
2020-03-27 08:15:36,939 [pool-653-thread-1] INFO  server.RaftServerConfigKeys (ConfUtils.java:logGet(43)) - raft.server.log.statemachine.data.caching.enabled = true (custom)
2020-03-27 08:15:36,939 [pool-653-thread-1] INFO  segmented.SegmentedRaftLogWorker (SegmentedRaftLogWorker.java:lambda$new$0(129)) - 6868d56a-2336-4046-a4ac-d6ad311db1a4@group-C2F994A7515B-SegmentedRaftLogWorker: flushIndex: setUnconditionally 0 -> -1
2020-03-27 08:15:36,939 [pool-653-thread-1] INFO  server.RaftServerConfigKeys (ConfUtils.java:logGet(43)) - raft.server.snapshot.auto.trigger.enabled = true (custom)
2020-03-27 08:15:36,939 [pool-653-thread-1] INFO  server.RaftServerConfigKeys (ConfUtils.java:logGet(43)) - raft.server.snapshot.auto.trigger.threshold = 10000 (custom)
2020-03-27 08:15:36,939 [pool-653-thread-1] INFO  server.RaftServerConfigKeys (ConfUtils.java:logGet(43)) - raft.server.snapshot.retention.file.num = 5 (custom)
2020-03-27 08:15:36,940 [pool-653-thread-1] INFO  server.RaftServerConfigKeys (ConfUtils.java:logGet(43)) - raft.server.retrycache.expirytime = 600000ms (custom)
2020-03-27 08:15:36,940 [pool-653-thread-1] INFO  metrics.RatisMetrics (RatisMetrics.java:lambda$create$0(39)) - Creating Metrics Registry : ratis.leader_election.6868d56a-2336-4046-a4ac-d6ad311db1a4@group-C2F994A7515B
2020-03-27 08:15:36,940 [pool-653-thread-1] INFO  metrics.RatisMetrics (RatisMetrics.java:lambda$create$0(39)) - Creating Metrics Registry : ratis.server.6868d56a-2336-4046-a4ac-d6ad311db1a4@group-C2F994A7515B
2020-03-27 08:15:36,941 [pool-653-thread-1] INFO  impl.RaftServerImpl (RaftServerImpl.java:start(183)) - 6868d56a-2336-4046-a4ac-d6ad311db1a4@group-C2F994A7515B: start as a follower, conf=-1: [fe5755ee-a695-4f61-b92b-3d721cb7d98e:172.17.0.2:43435, 77fc4d9c-d2cb-491d-92c6-7c69a2ec3ba6:172.17.0.2:44703, 6868d56a-2336-4046-a4ac-d6ad311db1a4:172.17.0.2:45275], old=null
2020-03-27 08:15:36,941 [pool-653-thread-1] INFO  impl.RaftServerImpl (RaftServerImpl.java:setRole(172)) - 6868d56a-2336-4046-a4ac-d6ad311db1a4@group-C2F994A7515B: changes role from      null to FOLLOWER at term 0 for startAsFollower
2020-03-27 08:15:36,941 [pool-653-thread-1] INFO  impl.RoleInfo (RoleInfo.java:updateAndGet(143)) - 6868d56a-2336-4046-a4ac-d6ad311db1a4: start FollowerState
2020-03-27 08:15:36,941 [pool-653-thread-1] INFO  util.JmxRegister (JmxRegister.java:tryRegister(44)) - Successfully registered JMX Bean with object name Ratis:service=RaftServer,group=group-C2F994A7515B,id=6868d56a-2336-4046-a4ac-d6ad311db1a4
2020-03-27 08:15:36,941 [pool-653-thread-1] INFO  metrics.RatisMetrics (RatisMetrics.java:lambda$create$0(39)) - Creating Metrics Registry : ratis.state_machine.6868d56a-2336-4046-a4ac-d6ad311db1a4@group-C2F994A7515B
2020-03-27 08:15:36,950 [grpc-default-executor-9] INFO  impl.RaftServerProxy (RaftServerProxy.java:addNew(89)) - 77fc4d9c-d2cb-491d-92c6-7c69a2ec3ba6: addNew group-C2F994A7515B:[fe5755ee-a695-4f61-b92b-3d721cb7d98e:172.17.0.2:43435, 77fc4d9c-d2cb-491d-92c6-7c69a2ec3ba6:172.17.0.2:44703, 6868d56a-2336-4046-a4ac-d6ad311db1a4:172.17.0.2:45275] returns group-C2F994A7515B:java.util.concurrent.CompletableFuture@13c18a1e[Not completed]
2020-03-27 08:15:36,950 [pool-638-thread-1] INFO  impl.RaftServerImpl (RaftServerImpl.java:<init>(97)) - 77fc4d9c-d2cb-491d-92c6-7c69a2ec3ba6: new RaftServerImpl for group-C2F994A7515B:[fe5755ee-a695-4f61-b92b-3d721cb7d98e:172.17.0.2:43435, 77fc4d9c-d2cb-491d-92c6-7c69a2ec3ba6:172.17.0.2:44703, 6868d56a-2336-4046-a4ac-d6ad311db1a4:172.17.0.2:45275] with ContainerStateMachine:uninitialized
2020-03-27 08:15:36,950 [pool-638-thread-1] INFO  server.RaftServerConfigKeys (ConfUtils.java:logGet(43)) - raft.server.rpc.timeout.min = 5s (custom)
2020-03-27 08:15:36,951 [pool-638-thread-1] INFO  server.RaftServerConfigKeys (ConfUtils.java:logGet(43)) - raft.server.rpc.timeout.max = 5200ms (custom)
2020-03-27 08:15:36,951 [pool-638-thread-1] INFO  server.RaftServerConfigKeys (ConfUtils.java:logGet(43)) - raft.server.rpcslowness.timeout = 300s (custom)
2020-03-27 08:15:36,951 [pool-638-thread-1] INFO  server.RaftServerConfigKeys (ConfUtils.java:logGet(43)) - raft.server.sleep.deviation.threshold = 300 (default)
2020-03-27 08:15:36,951 [pool-638-thread-1] INFO  server.RaftServerConfigKeys (ConfUtils.java:logGet(43)) - raft.server.log.appender.install.snapshot.enabled = false (custom)
2020-03-27 08:15:36,951 [pool-638-thread-1] INFO  impl.RaftServerImpl (ServerState.java:<init>(103)) - 77fc4d9c-d2cb-491d-92c6-7c69a2ec3ba6@group-C2F994A7515B: ConfigurationManager, init=-1: [fe5755ee-a695-4f61-b92b-3d721cb7d98e:172.17.0.2:43435, 77fc4d9c-d2cb-491d-92c6-7c69a2ec3ba6:172.17.0.2:44703, 6868d56a-2336-4046-a4ac-d6ad311db1a4:172.17.0.2:45275], old=null, confs=<EMPTY_MAP>
2020-03-27 08:15:36,951 [pool-638-thread-1] INFO  server.RaftServerConfigKeys (ConfUtils.java:logGet(43)) - raft.server.storage.dir = [/github/workspace/hadoop-ozone/integration-test/target/test-dir/MiniOzoneClusterImpl-178f0ac1-9287-41ca-b66e-5f4c0e2bc6ba/datanode-5/data/ratis] (custom)
2020-03-27 08:15:36,951 [pool-638-thread-1] INFO  server.RaftServerConfigKeys (ConfUtils.java:logGet(43)) - raft.server.log.corruption.policy = EXCEPTION (default)
2020-03-27 08:15:36,951 [pool-638-thread-1] INFO  storage.RaftStorageDirectory (RaftStorageDirectory.java:analyzeStorage(253)) - The storage directory /github/workspace/hadoop-ozone/integration-test/target/test-dir/MiniOzoneClusterImpl-178f0ac1-9287-41ca-b66e-5f4c0e2bc6ba/datanode-5/data/ratis/ec296b66-8a13-4194-823f-c2f994a7515b does not exist. Creating ...
2020-03-27 08:15:36,952 [pool-638-thread-1] INFO  storage.RaftStorageDirectory (RaftStorageDirectory.java:tryLock(335)) - Lock on /github/workspace/hadoop-ozone/integration-test/target/test-dir/MiniOzoneClusterImpl-178f0ac1-9287-41ca-b66e-5f4c0e2bc6ba/datanode-5/data/ratis/ec296b66-8a13-4194-823f-c2f994a7515b/in_use.lock acquired by nodename 16179@767d39cb30d6
2020-03-27 08:15:36,953 [pool-638-thread-1] INFO  storage.RaftStorage (RaftStorage.java:format(84)) - Storage directory /github/workspace/hadoop-ozone/integration-test/target/test-dir/MiniOzoneClusterImpl-178f0ac1-9287-41ca-b66e-5f4c0e2bc6ba/datanode-5/data/ratis/ec296b66-8a13-4194-823f-c2f994a7515b has been successfully formatted.
2020-03-27 08:15:36,954 [pool-638-thread-1] INFO  ratis.ContainerStateMachine (ContainerStateMachine.java:loadSnapshot(233)) - group-C2F994A7515B: The snapshot info is null. Setting the last applied indexto:(t:0, i:~)
2020-03-27 08:15:36,954 [pool-638-thread-1] INFO  server.RaftServerConfigKeys (ConfUtils.java:logGet(43)) - raft.server.notification.no-leader.timeout = 60s (default)
2020-03-27 08:15:36,954 [pool-638-thread-1] INFO  server.RaftServerConfigKeys (ConfUtils.java:logGet(43)) - raft.server.log.use.memory = false (default)
2020-03-27 08:15:36,954 [pool-638-thread-1] INFO  server.RaftServerConfigKeys (ConfUtils.java:logGet(43)) - raft.server.log.purge.gap = 1000000 (custom)
2020-03-27 08:15:36,954 [pool-638-thread-1] INFO  server.RaftServerConfigKeys (ConfUtils.java:logGet(43)) - raft.server.log.appender.buffer.byte-limit = 33554432 (custom)
2020-03-27 08:15:36,954 [pool-638-thread-1] INFO  server.RaftServerConfigKeys (ConfUtils.java:logGet(43)) - raft.server.log.segment.size.max = 1048576 (custom)
2020-03-27 08:15:36,954 [pool-638-thread-1] INFO  server.RaftServerConfigKeys (ConfUtils.java:logGet(43)) - raft.server.log.segment.cache.num.max = 2 (custom)
2020-03-27 08:15:36,954 [pool-638-thread-1] INFO  segmented.SegmentedRaftLogWorker (SegmentedRaftLogWorker.java:<init>(176)) - new 77fc4d9c-d2cb-491d-92c6-7c69a2ec3ba6@group-C2F994A7515B-SegmentedRaftLogWorker for RaftStorage:Storage Directory /github/workspace/hadoop-ozone/integration-test/target/test-dir/MiniOzoneClusterImpl-178f0ac1-9287-41ca-b66e-5f4c0e2bc6ba/datanode-5/data/ratis/ec296b66-8a13-4194-823f-c2f994a7515b
2020-03-27 08:15:36,954 [pool-638-thread-1] INFO  server.RaftServerConfigKeys (ConfUtils.java:logGet(43)) - raft.server.log.queue.byte-limit = 2147483647 (custom)
2020-03-27 08:15:36,954 [pool-638-thread-1] INFO  server.RaftServerConfigKeys (ConfUtils.java:logGet(43)) - raft.server.log.queue.element-limit = 1024 (custom)
2020-03-27 08:15:36,954 [pool-638-thread-1] INFO  server.RaftServerConfigKeys (ConfUtils.java:logGet(43)) - raft.server.log.segment.size.max = 1048576 (custom)
2020-03-27 08:15:36,954 [pool-638-thread-1] INFO  server.RaftServerConfigKeys (ConfUtils.java:logGet(43)) - raft.server.log.preallocated.size = 16384 (custom)
2020-03-27 08:15:36,954 [pool-638-thread-1] INFO  server.RaftServerConfigKeys (ConfUtils.java:logGet(43)) - raft.server.log.write.buffer.size = 1048576 (custom)
2020-03-27 08:15:36,954 [pool-638-thread-1] INFO  server.RaftServerConfigKeys (ConfUtils.java:logGet(43)) - raft.server.log.force.sync.num = 128 (default)
2020-03-27 08:15:36,954 [pool-638-thread-1] INFO  server.RaftServerConfigKeys (ConfUtils.java:logGet(43)) - raft.server.log.statemachine.data.sync = true (default)
2020-03-27 08:15:36,955 [pool-638-thread-1] INFO  server.RaftServerConfigKeys (ConfUtils.java:logGet(43)) - raft.server.log.statemachine.data.sync.timeout = 10s (default)
2020-03-27 08:15:36,955 [pool-638-thread-1] INFO  server.RaftServerConfigKeys (ConfUtils.java:logGet(43)) - raft.server.log.statemachine.data.sync.timeout.retry = -1 (default)
2020-03-27 08:15:36,955 [pool-638-thread-1] INFO  server.RaftServerConfigKeys (ConfUtils.java:logGet(43)) - raft.server.log.statemachine.data.caching.enabled = true (custom)
2020-03-27 08:15:36,955 [pool-638-thread-1] INFO  segmented.SegmentedRaftLogWorker (SegmentedRaftLogWorker.java:lambda$new$0(129)) - 77fc4d9c-d2cb-491d-92c6-7c69a2ec3ba6@group-C2F994A7515B-SegmentedRaftLogWorker: flushIndex: setUnconditionally 0 -> -1
2020-03-27 08:15:36,956 [pool-638-thread-1] INFO  server.RaftServerConfigKeys (ConfUtils.java:logGet(43)) - raft.server.snapshot.auto.trigger.enabled = true (custom)
2020-03-27 08:15:36,956 [pool-638-thread-1] INFO  server.RaftServerConfigKeys (ConfUtils.java:logGet(43)) - raft.server.snapshot.auto.trigger.threshold = 10000 (custom)
2020-03-27 08:15:36,956 [pool-638-thread-1] INFO  server.RaftServerConfigKeys (ConfUtils.java:logGet(43)) - raft.server.snapshot.retention.file.num = 5 (custom)
2020-03-27 08:15:36,956 [pool-638-thread-1] INFO  server.RaftServerConfigKeys (ConfUtils.java:logGet(43)) - raft.server.retrycache.expirytime = 600000ms (custom)
2020-03-27 08:15:36,956 [pool-638-thread-1] INFO  metrics.RatisMetrics (RatisMetrics.java:lambda$create$0(39)) - Creating Metrics Registry : ratis.leader_election.77fc4d9c-d2cb-491d-92c6-7c69a2ec3ba6@group-C2F994A7515B
2020-03-27 08:15:36,957 [pool-638-thread-1] INFO  metrics.RatisMetrics (RatisMetrics.java:lambda$create$0(39)) - Creating Metrics Registry : ratis.server.77fc4d9c-d2cb-491d-92c6-7c69a2ec3ba6@group-C2F994A7515B
2020-03-27 08:15:36,957 [pool-638-thread-1] INFO  impl.RaftServerImpl (RaftServerImpl.java:start(183)) - 77fc4d9c-d2cb-491d-92c6-7c69a2ec3ba6@group-C2F994A7515B: start as a follower, conf=-1: [fe5755ee-a695-4f61-b92b-3d721cb7d98e:172.17.0.2:43435, 77fc4d9c-d2cb-491d-92c6-7c69a2ec3ba6:172.17.0.2:44703, 6868d56a-2336-4046-a4ac-d6ad311db1a4:172.17.0.2:45275], old=null
2020-03-27 08:15:36,957 [pool-638-thread-1] INFO  impl.RaftServerImpl (RaftServerImpl.java:setRole(172)) - 77fc4d9c-d2cb-491d-92c6-7c69a2ec3ba6@group-C2F994A7515B: changes role from      null to FOLLOWER at term 0 for startAsFollower
2020-03-27 08:15:36,957 [pool-638-thread-1] INFO  impl.RoleInfo (RoleInfo.java:updateAndGet(143)) - 77fc4d9c-d2cb-491d-92c6-7c69a2ec3ba6: start FollowerState
2020-03-27 08:15:36,957 [pool-638-thread-1] INFO  util.JmxRegister (JmxRegister.java:tryRegister(44)) - Successfully registered JMX Bean with object name Ratis:service=RaftServer,group=group-C2F994A7515B,id=77fc4d9c-d2cb-491d-92c6-7c69a2ec3ba6
2020-03-27 08:15:36,957 [pool-638-thread-1] INFO  metrics.RatisMetrics (RatisMetrics.java:lambda$create$0(39)) - Creating Metrics Registry : ratis.state_machine.77fc4d9c-d2cb-491d-92c6-7c69a2ec3ba6@group-C2F994A7515B
2020-03-27 08:15:36,962 [Command processor thread] INFO  commandhandler.CreatePipelineCommandHandler (CreatePipelineCommandHandler.java:handle(112)) - Created Pipeline RATIS THREE #id: "ec296b66-8a13-4194-823f-c2f994a7515b"
.
2020-03-27 08:15:36,962 [Command processor thread] INFO  impl.RaftServerProxy (RaftServerProxy.java:remove(95)) - fe5755ee-a695-4f61-b92b-3d721cb7d98e: remove  FOLLOWER fe5755ee-a695-4f61-b92b-3d721cb7d98e@group-9949AF5E83F0:t1, leader=77fc4d9c-d2cb-491d-92c6-7c69a2ec3ba6, voted=77fc4d9c-d2cb-491d-92c6-7c69a2ec3ba6, raftlog=fe5755ee-a695-4f61-b92b-3d721cb7d98e@group-9949AF5E83F0-SegmentedRaftLog:OPENED:c27,f27,i27, conf=0: [fe5755ee-a695-4f61-b92b-3d721cb7d98e:172.17.0.2:43435, 77fc4d9c-d2cb-491d-92c6-7c69a2ec3ba6:172.17.0.2:44703, d8a051d7-a144-4c31-9411-4634ccd4403a:172.17.0.2:40341], old=null RUNNING
2020-03-27 08:15:36,963 [Command processor thread] INFO  impl.RaftServerImpl (RaftServerImpl.java:lambda$shutdown$3(249)) - fe5755ee-a695-4f61-b92b-3d721cb7d98e@group-9949AF5E83F0: shutdown
2020-03-27 08:15:36,963 [Command processor thread] INFO  util.JmxRegister (JmxRegister.java:unregister(73)) - Successfully un-registered JMX Bean with object name Ratis:service=RaftServer,group=group-9949AF5E83F0,id=fe5755ee-a695-4f61-b92b-3d721cb7d98e
2020-03-27 08:15:36,963 [Command processor thread] INFO  impl.RoleInfo (RoleInfo.java:shutdownFollowerState(121)) - fe5755ee-a695-4f61-b92b-3d721cb7d98e: shutdown FollowerState
2020-03-27 08:15:36,963 [Command processor thread] INFO  impl.StateMachineUpdater (StateMachineUpdater.java:stopAndJoin(139)) - fe5755ee-a695-4f61-b92b-3d721cb7d98e@group-9949AF5E83F0-StateMachineUpdater: set stopIndex = 27
2020-03-27 08:15:36,963 [Thread-3765] INFO  impl.FollowerState (FollowerState.java:run(117)) - fe5755ee-a695-4f61-b92b-3d721cb7d98e@group-9949AF5E83F0-FollowerState was interrupted: java.lang.InterruptedException: sleep interrupted
2020-03-27 08:15:36,963 [fe5755ee-a695-4f61-b92b-3d721cb7d98e@group-9949AF5E83F0-StateMachineUpdater] INFO  ratis.ContainerStateMachine (ContainerStateMachine.java:takeSnapshot(295)) - group-9949AF5E83F0: Taking a snapshot at:(t:1, i:27) file /github/workspace/hadoop-ozone/integration-test/target/test-dir/MiniOzoneClusterImpl-178f0ac1-9287-41ca-b66e-5f4c0e2bc6ba/datanode-4/data/ratis/134bdaae-71f1-4a71-a08c-9949af5e83f0/sm/snapshot.1_27
2020-03-27 08:15:36,964 [fe5755ee-a695-4f61-b92b-3d721cb7d98e@group-9949AF5E83F0-StateMachineUpdater] INFO  ratis.ContainerStateMachine (ContainerStateMachine.java:takeSnapshot(306)) - group-9949AF5E83F0: Finished taking a snapshot at:(t:1, i:27) file:/github/workspace/hadoop-ozone/integration-test/target/test-dir/MiniOzoneClusterImpl-178f0ac1-9287-41ca-b66e-5f4c0e2bc6ba/datanode-4/data/ratis/134bdaae-71f1-4a71-a08c-9949af5e83f0/sm/snapshot.1_27 time:1
2020-03-27 08:15:36,965 [fe5755ee-a695-4f61-b92b-3d721cb7d98e@group-9949AF5E83F0-StateMachineUpdater] INFO  impl.StateMachineUpdater (StateMachineUpdater.java:takeSnapshot(274)) - fe5755ee-a695-4f61-b92b-3d721cb7d98e@group-9949AF5E83F0-StateMachineUpdater: Took a snapshot at index 27
2020-03-27 08:15:36,965 [fe5755ee-a695-4f61-b92b-3d721cb7d98e@group-9949AF5E83F0-StateMachineUpdater] INFO  impl.StateMachineUpdater (StateMachineUpdater.java:lambda$new$0(86)) - fe5755ee-a695-4f61-b92b-3d721cb7d98e@group-9949AF5E83F0-StateMachineUpdater: snapshotIndex: updateIncreasingly -1 -> 27
2020-03-27 08:15:36,965 [fe5755ee-a695-4f61-b92b-3d721cb7d98e@group-9949AF5E83F0-StateMachineUpdater] INFO  metrics.RatisMetrics (RatisMetrics.java:unregister(46)) - Unregistering Metrics Registry : ratis.state_machine.fe5755ee-a695-4f61-b92b-3d721cb7d98e@group-9949AF5E83F0
2020-03-27 08:15:36,965 [Command processor thread] INFO  impl.RaftServerImpl (ServerState.java:close(387)) - fe5755ee-a695-4f61-b92b-3d721cb7d98e@group-9949AF5E83F0: closes. applyIndex: 27
2020-03-27 08:15:36,965 [fe5755ee-a695-4f61-b92b-3d721cb7d98e@group-9949AF5E83F0-SegmentedRaftLogWorker] INFO  segmented.SegmentedRaftLogWorker (SegmentedRaftLogWorker.java:run(321)) - fe5755ee-a695-4f61-b92b-3d721cb7d98e@group-9949AF5E83F0-SegmentedRaftLogWorker was interrupted, exiting. There are 0 tasks remaining in the queue.
2020-03-27 08:15:36,966 [Command processor thread] INFO  segmented.SegmentedRaftLogWorker (SegmentedRaftLogWorker.java:close(229)) - fe5755ee-a695-4f61-b92b-3d721cb7d98e@group-9949AF5E83F0-SegmentedRaftLogWorker close()
2020-03-27 08:15:36,967 [Command processor thread] INFO  metrics.RatisMetrics (RatisMetrics.java:unregister(46)) - Unregistering Metrics Registry : ratis.log_worker.fe5755ee-a695-4f61-b92b-3d721cb7d98e
2020-03-27 08:15:36,967 [Command processor thread] INFO  metrics.RatisMetrics (RatisMetrics.java:unregister(46)) - Unregistering Metrics Registry : ratis.leader_election.fe5755ee-a695-4f61-b92b-3d721cb7d98e@group-9949AF5E83F0
2020-03-27 08:15:36,967 [Command processor thread] INFO  metrics.RatisMetrics (RatisMetrics.java:unregister(46)) - Unregistering Metrics Registry : ratis.server.fe5755ee-a695-4f61-b92b-3d721cb7d98e@group-9949AF5E83F0
2020-03-27 08:15:36,968 [Command processor thread] INFO  commandhandler.ClosePipelineCommandHandler (ClosePipelineCommandHandler.java:handle(78)) - Close Pipeline #id: "134bdaae-71f1-4a71-a08c-9949af5e83f0"
 command on datanode #fe5755ee-a695-4f61-b92b-3d721cb7d98e.
2020-03-27 08:15:36,968 [Command processor thread] INFO  impl.RaftServerProxy (RaftServerProxy.java:remove(95)) - fe5755ee-a695-4f61-b92b-3d721cb7d98e: remove group-9949AF5E83F0:null
2020-03-27 08:15:36,968 [Command processor thread] ERROR commandhandler.ClosePipelineCommandHandler (ClosePipelineCommandHandler.java:handle(81)) - Can't close pipeline #id: "134bdaae-71f1-4a71-a08c-9949af5e83f0"

java.io.IOException: fe5755ee-a695-4f61-b92b-3d721cb7d98e: Group group-9949AF5E83F0 not found.
	at org.apache.hadoop.ozone.container.common.transport.server.ratis.XceiverServerRatis.removeGroup(XceiverServerRatis.java:659)
	at org.apache.hadoop.ozone.container.common.statemachine.commandhandler.ClosePipelineCommandHandler.handle(ClosePipelineCommandHandler.java:77)
	at org.apache.hadoop.ozone.container.common.statemachine.commandhandler.CommandDispatcher.handle(CommandDispatcher.java:99)
	at org.apache.hadoop.ozone.container.common.statemachine.DatanodeStateMachine.lambda$initCommandHandlerThread$1(DatanodeStateMachine.java:472)
	at java.lang.Thread.run(Thread.java:748)
Caused by: org.apache.ratis.protocol.GroupMismatchException: fe5755ee-a695-4f61-b92b-3d721cb7d98e: Group group-9949AF5E83F0 not found.
	at org.apache.ratis.server.impl.RaftServerProxy.groupRemoveAsync(RaftServerProxy.java:404)
	at org.apache.ratis.server.impl.RaftServerProxy.groupManagementAsync(RaftServerProxy.java:367)
	at org.apache.ratis.server.impl.RaftServerProxy.groupManagement(RaftServerProxy.java:350)
	at org.apache.hadoop.ozone.container.common.transport.server.ratis.XceiverServerRatis.removeGroup(XceiverServerRatis.java:657)
	... 4 more
2020-03-27 08:15:37,454 [grpc-default-executor-14] WARN  server.GrpcLogAppender (LogUtils.java:warn(122)) - 77fc4d9c-d2cb-491d-92c6-7c69a2ec3ba6@group-F6189F8743C0->d8a051d7-a144-4c31-9411-4634ccd4403a-AppendLogResponseHandler: Failed appendEntries: org.apache.ratis.thirdparty.io.grpc.StatusRuntimeException: UNAVAILABLE: io exception
2020-03-27 08:15:37,455 [grpc-default-executor-14] INFO  impl.FollowerInfo (FollowerInfo.java:lambda$new$0(50)) - 77fc4d9c-d2cb-491d-92c6-7c69a2ec3ba6@group-F6189F8743C0->d8a051d7-a144-4c31-9411-4634ccd4403a: nextIndex: updateUnconditionally 1 -> 0
2020-03-27 08:15:37,835 [Command processor thread] INFO  impl.RaftServerProxy (RaftServerProxy.java:remove(95)) - 77fc4d9c-d2cb-491d-92c6-7c69a2ec3ba6: remove    LEADER 77fc4d9c-d2cb-491d-92c6-7c69a2ec3ba6@group-F6189F8743C0:t2, leader=77fc4d9c-d2cb-491d-92c6-7c69a2ec3ba6, voted=77fc4d9c-d2cb-491d-92c6-7c69a2ec3ba6, raftlog=77fc4d9c-d2cb-491d-92c6-7c69a2ec3ba6@group-F6189F8743C0-SegmentedRaftLog:OPENED:c2,f2,i2, conf=1: [fe5755ee-a695-4f61-b92b-3d721cb7d98e:172.17.0.2:43435, 77fc4d9c-d2cb-491d-92c6-7c69a2ec3ba6:172.17.0.2:44703, d8a051d7-a144-4c31-9411-4634ccd4403a:172.17.0.2:40341], old=null RUNNING
2020-03-27 08:15:37,835 [Command processor thread] INFO  impl.RaftServerImpl (RaftServerImpl.java:lambda$shutdown$3(249)) - 77fc4d9c-d2cb-491d-92c6-7c69a2ec3ba6@group-F6189F8743C0: shutdown
2020-03-27 08:15:37,835 [Command processor thread] INFO  util.JmxRegister (JmxRegister.java:unregister(73)) - Successfully un-registered JMX Bean with object name Ratis:service=RaftServer,group=group-F6189F8743C0,id=77fc4d9c-d2cb-491d-92c6-7c69a2ec3ba6
2020-03-27 08:15:37,835 [Command processor thread] INFO  impl.RoleInfo (RoleInfo.java:shutdownLeaderState(104)) - 77fc4d9c-d2cb-491d-92c6-7c69a2ec3ba6: shutdown LeaderState
2020-03-27 08:15:37,837 [org.apache.ratis.server.impl.LogAppender$AppenderDaemon$$Lambda$426/136956550@6649c612] WARN  server.GrpcLogAppender (GrpcLogAppender.java:mayWait(153)) - 77fc4d9c-d2cb-491d-92c6-7c69a2ec3ba6@group-F6189F8743C0->fe5755ee-a695-4f61-b92b-3d721cb7d98e-GrpcLogAppender: Wait interrupted by java.lang.InterruptedException
2020-03-27 08:15:37,838 [Command processor thread] INFO  impl.PendingRequests (PendingRequests.java:sendNotLeaderResponses(240)) - 77fc4d9c-d2cb-491d-92c6-7c69a2ec3ba6@group-F6189F8743C0-PendingRequests: sendNotLeaderResponses
2020-03-27 08:15:37,838 [org.apache.ratis.server.impl.LogAppender$AppenderDaemon$$Lambda$426/136956550@2661cb05] WARN  server.GrpcLogAppender (GrpcLogAppender.java:mayWait(153)) - 77fc4d9c-d2cb-491d-92c6-7c69a2ec3ba6@group-F6189F8743C0->d8a051d7-a144-4c31-9411-4634ccd4403a-GrpcLogAppender: Wait interrupted by java.lang.InterruptedException
2020-03-27 08:15:37,839 [Command processor thread] INFO  metrics.RatisMetrics (RatisMetrics.java:unregister(46)) - Unregistering Metrics Registry : ratis.log_appender.77fc4d9c-d2cb-491d-92c6-7c69a2ec3ba6@group-F6189F8743C0
2020-03-27 08:15:37,839 [grpc-default-executor-14] INFO  server.GrpcServerProtocolService (GrpcServerProtocolService.java:onCompleted(137)) - fe5755ee-a695-4f61-b92b-3d721cb7d98e: Completed APPEND_ENTRIES, lastRequest: 77fc4d9c-d2cb-491d-92c6-7c69a2ec3ba6->fe5755ee-a695-4f61-b92b-3d721cb7d98e#2-t2, previous=(t:2, i:1), leaderCommit=1, initializing? false, entries: size=1, first=(t:2, i:2), METADATAENTRY(c:1)
2020-03-27 08:15:37,839 [Command processor thread] INFO  impl.StateMachineUpdater (StateMachineUpdater.java:stopAndJoin(139)) - 77fc4d9c-d2cb-491d-92c6-7c69a2ec3ba6@group-F6189F8743C0-StateMachineUpdater: set stopIndex = 2
2020-03-27 08:15:37,839 [77fc4d9c-d2cb-491d-92c6-7c69a2ec3ba6@group-F6189F8743C0-StateMachineUpdater] INFO  ratis.ContainerStateMachine (ContainerStateMachine.java:takeSnapshot(295)) - group-F6189F8743C0: Taking a snapshot at:(t:2, i:2) file /github/workspace/hadoop-ozone/integration-test/target/test-dir/MiniOzoneClusterImpl-178f0ac1-9287-41ca-b66e-5f4c0e2bc6ba/datanode-5/data/ratis/34b7cd66-881b-4dc1-99ed-f6189f8743c0/sm/snapshot.2_2
2020-03-27 08:15:37,840 [grpc-default-executor-9] INFO  server.GrpcLogAppender (GrpcLogAppender.java:onCompleted(308)) - 77fc4d9c-d2cb-491d-92c6-7c69a2ec3ba6@group-F6189F8743C0->fe5755ee-a695-4f61-b92b-3d721cb7d98e-AppendLogResponseHandler: follower responses appendEntries COMPLETED
2020-03-27 08:15:37,841 [77fc4d9c-d2cb-491d-92c6-7c69a2ec3ba6@group-F6189F8743C0-StateMachineUpdater] INFO  ratis.ContainerStateMachine (ContainerStateMachine.java:takeSnapshot(306)) - group-F6189F8743C0: Finished taking a snapshot at:(t:2, i:2) file:/github/workspace/hadoop-ozone/integration-test/target/test-dir/MiniOzoneClusterImpl-178f0ac1-9287-41ca-b66e-5f4c0e2bc6ba/datanode-5/data/ratis/34b7cd66-881b-4dc1-99ed-f6189f8743c0/sm/snapshot.2_2 time:3
2020-03-27 08:15:37,842 [77fc4d9c-d2cb-491d-92c6-7c69a2ec3ba6@group-F6189F8743C0-StateMachineUpdater] INFO  impl.StateMachineUpdater (StateMachineUpdater.java:takeSnapshot(274)) - 77fc4d9c-d2cb-491d-92c6-7c69a2ec3ba6@group-F6189F8743C0-StateMachineUpdater: Took a snapshot at index 2
2020-03-27 08:15:37,842 [77fc4d9c-d2cb-491d-92c6-7c69a2ec3ba6@group-F6189F8743C0-StateMachineUpdater] INFO  impl.StateMachineUpdater (StateMachineUpdater.java:lambda$new$0(86)) - 77fc4d9c-d2cb-491d-92c6-7c69a2ec3ba6@group-F6189F8743C0-StateMachineUpdater: snapshotIndex: updateIncreasingly -1 -> 2
2020-03-27 08:15:37,842 [77fc4d9c-d2cb-491d-92c6-7c69a2ec3ba6@group-F6189F8743C0-StateMachineUpdater] INFO  metrics.RatisMetrics (RatisMetrics.java:unregister(46)) - Unregistering Metrics Registry : ratis.state_machine.77fc4d9c-d2cb-491d-92c6-7c69a2ec3ba6@group-F6189F8743C0
2020-03-27 08:15:37,842 [Command processor thread] INFO  impl.RaftServerImpl (ServerState.java:close(387)) - 77fc4d9c-d2cb-491d-92c6-7c69a2ec3ba6@group-F6189F8743C0: closes. applyIndex: 2
2020-03-27 08:15:37,842 [77fc4d9c-d2cb-491d-92c6-7c69a2ec3ba6@group-F6189F8743C0-SegmentedRaftLogWorker] INFO  segmented.SegmentedRaftLogWorker (SegmentedRaftLogWorker.java:run(321)) - 77fc4d9c-d2cb-491d-92c6-7c69a2ec3ba6@group-F6189F8743C0-SegmentedRaftLogWorker was interrupted, exiting. There are 0 tasks remaining in the queue.
2020-03-27 08:15:37,843 [Command processor thread] INFO  segmented.SegmentedRaftLogWorker (SegmentedRaftLogWorker.java:close(229)) - 77fc4d9c-d2cb-491d-92c6-7c69a2ec3ba6@group-F6189F8743C0-SegmentedRaftLogWorker close()
2020-03-27 08:15:37,843 [Command processor thread] INFO  metrics.RatisMetrics (RatisMetrics.java:unregister(46)) - Unregistering Metrics Registry : ratis.log_worker.77fc4d9c-d2cb-491d-92c6-7c69a2ec3ba6
2020-03-27 08:15:37,844 [Command processor thread] INFO  metrics.RatisMetrics (RatisMetrics.java:unregister(46)) - Unregistering Metrics Registry : ratis.leader_election.77fc4d9c-d2cb-491d-92c6-7c69a2ec3ba6@group-F6189F8743C0
2020-03-27 08:15:37,844 [Command processor thread] INFO  metrics.RatisMetrics (RatisMetrics.java:unregister(46)) - Unregistering Metrics Registry : ratis.server.77fc4d9c-d2cb-491d-92c6-7c69a2ec3ba6@group-F6189F8743C0
2020-03-27 08:15:37,844 [Command processor thread] INFO  commandhandler.ClosePipelineCommandHandler (ClosePipelineCommandHandler.java:handle(78)) - Close Pipeline #id: "34b7cd66-881b-4dc1-99ed-f6189f8743c0"
 command on datanode #77fc4d9c-d2cb-491d-92c6-7c69a2ec3ba6.
2020-03-27 08:15:37,844 [Command processor thread] INFO  impl.RaftServerProxy (RaftServerProxy.java:remove(95)) - 77fc4d9c-d2cb-491d-92c6-7c69a2ec3ba6: remove    LEADER 77fc4d9c-d2cb-491d-92c6-7c69a2ec3ba6@group-9949AF5E83F0:t1, leader=77fc4d9c-d2cb-491d-92c6-7c69a2ec3ba6, voted=77fc4d9c-d2cb-491d-92c6-7c69a2ec3ba6, raftlog=77fc4d9c-d2cb-491d-92c6-7c69a2ec3ba6@group-9949AF5E83F0-SegmentedRaftLog:OPENED:c27,f27,i27, conf=0: [fe5755ee-a695-4f61-b92b-3d721cb7d98e:172.17.0.2:43435, 77fc4d9c-d2cb-491d-92c6-7c69a2ec3ba6:172.17.0.2:44703, d8a051d7-a144-4c31-9411-4634ccd4403a:172.17.0.2:40341], old=null RUNNING
2020-03-27 08:15:37,845 [Command processor thread] INFO  impl.RaftServerImpl (RaftServerImpl.java:lambda$shutdown$3(249)) - 77fc4d9c-d2cb-491d-92c6-7c69a2ec3ba6@group-9949AF5E83F0: shutdown
2020-03-27 08:15:37,845 [Command processor thread] INFO  util.JmxRegister (JmxRegister.java:unregister(73)) - Successfully un-registered JMX Bean with object name Ratis:service=RaftServer,group=group-9949AF5E83F0,id=77fc4d9c-d2cb-491d-92c6-7c69a2ec3ba6
2020-03-27 08:15:37,845 [Command processor thread] INFO  impl.RoleInfo (RoleInfo.java:shutdownLeaderState(104)) - 77fc4d9c-d2cb-491d-92c6-7c69a2ec3ba6: shutdown LeaderState
2020-03-27 08:15:37,847 [org.apache.ratis.server.impl.LogAppender$AppenderDaemon$$Lambda$426/136956550@39b4e0e5] WARN  server.GrpcLogAppender (GrpcLogAppender.java:mayWait(153)) - 77fc4d9c-d2cb-491d-92c6-7c69a2ec3ba6@group-9949AF5E83F0->fe5755ee-a695-4f61-b92b-3d721cb7d98e-GrpcLogAppender: Wait interrupted by java.lang.InterruptedException
2020-03-27 08:15:37,848 [org.apache.ratis.server.impl.LogAppender$AppenderDaemon$$Lambda$426/136956550@768e388e] WARN  server.GrpcLogAppender (GrpcLogAppender.java:mayWait(153)) - 77fc4d9c-d2cb-491d-92c6-7c69a2ec3ba6@group-9949AF5E83F0->d8a051d7-a144-4c31-9411-4634ccd4403a-GrpcLogAppender: Wait interrupted by java.lang.InterruptedException
2020-03-27 08:15:37,848 [grpc-default-executor-14] INFO  server.GrpcServerProtocolService (GrpcServerProtocolService.java:onCompleted(137)) - fe5755ee-a695-4f61-b92b-3d721cb7d98e: Completed APPEND_ENTRIES, lastRequest: 77fc4d9c-d2cb-491d-92c6-7c69a2ec3ba6->fe5755ee-a695-4f61-b92b-3d721cb7d98e#32-t1, previous=(t:1, i:26), leaderCommit=26, initializing? false, entries: size=1, first=(t:1, i:27), METADATAENTRY(c:26)
2020-03-27 08:15:37,848 [Command processor thread] INFO  impl.PendingRequests (PendingRequests.java:sendNotLeaderResponses(240)) - 77fc4d9c-d2cb-491d-92c6-7c69a2ec3ba6@group-9949AF5E83F0-PendingRequests: sendNotLeaderResponses
2020-03-27 08:15:37,850 [Command processor thread] INFO  metrics.RatisMetrics (RatisMetrics.java:unregister(46)) - Unregistering Metrics Registry : ratis.log_appender.77fc4d9c-d2cb-491d-92c6-7c69a2ec3ba6@group-9949AF5E83F0
2020-03-27 08:15:37,850 [Command processor thread] INFO  impl.StateMachineUpdater (StateMachineUpdater.java:stopAndJoin(139)) - 77fc4d9c-d2cb-491d-92c6-7c69a2ec3ba6@group-9949AF5E83F0-StateMachineUpdater: set stopIndex = 27
2020-03-27 08:15:37,850 [77fc4d9c-d2cb-491d-92c6-7c69a2ec3ba6@group-9949AF5E83F0-StateMachineUpdater] INFO  ratis.ContainerStateMachine (ContainerStateMachine.java:takeSnapshot(295)) - group-9949AF5E83F0: Taking a snapshot at:(t:1, i:27) file /github/workspace/hadoop-ozone/integration-test/target/test-dir/MiniOzoneClusterImpl-178f0ac1-9287-41ca-b66e-5f4c0e2bc6ba/datanode-5/data/ratis/134bdaae-71f1-4a71-a08c-9949af5e83f0/sm/snapshot.1_27
2020-03-27 08:15:37,850 [grpc-default-executor-13] INFO  server.GrpcLogAppender (GrpcLogAppender.java:onCompleted(308)) - 77fc4d9c-d2cb-491d-92c6-7c69a2ec3ba6@group-9949AF5E83F0->fe5755ee-a695-4f61-b92b-3d721cb7d98e-AppendLogResponseHandler: follower responses appendEntries COMPLETED
2020-03-27 08:15:37,851 [grpc-default-executor-13] INFO  impl.FollowerInfo (FollowerInfo.java:lambda$new$0(50)) - 77fc4d9c-d2cb-491d-92c6-7c69a2ec3ba6@group-9949AF5E83F0->fe5755ee-a695-4f61-b92b-3d721cb7d98e: nextIndex: updateUnconditionally 28 -> 27
2020-03-27 08:15:37,851 [grpc-default-executor-9] INFO  impl.FollowerInfo (FollowerInfo.java:lambda$new$0(50)) - 77fc4d9c-d2cb-491d-92c6-7c69a2ec3ba6@group-F6189F8743C0->fe5755ee-a695-4f61-b92b-3d721cb7d98e: nextIndex: updateUnconditionally 3 -> 2
2020-03-27 08:15:37,851 [77fc4d9c-d2cb-491d-92c6-7c69a2ec3ba6@group-9949AF5E83F0-StateMachineUpdater] INFO  ratis.ContainerStateMachine (ContainerStateMachine.java:takeSnapshot(306)) - group-9949AF5E83F0: Finished taking a snapshot at:(t:1, i:27) file:/github/workspace/hadoop-ozone/integration-test/target/test-dir/MiniOzoneClusterImpl-178f0ac1-9287-41ca-b66e-5f4c0e2bc6ba/datanode-5/data/ratis/134bdaae-71f1-4a71-a08c-9949af5e83f0/sm/snapshot.1_27 time:1
2020-03-27 08:15:37,851 [77fc4d9c-d2cb-491d-92c6-7c69a2ec3ba6@group-9949AF5E83F0-StateMachineUpdater] INFO  impl.StateMachineUpdater (StateMachineUpdater.java:takeSnapshot(274)) - 77fc4d9c-d2cb-491d-92c6-7c69a2ec3ba6@group-9949AF5E83F0-StateMachineUpdater: Took a snapshot at index 27
2020-03-27 08:15:37,851 [77fc4d9c-d2cb-491d-92c6-7c69a2ec3ba6@group-9949AF5E83F0-StateMachineUpdater] INFO  impl.StateMachineUpdater (StateMachineUpdater.java:lambda$new$0(86)) - 77fc4d9c-d2cb-491d-92c6-7c69a2ec3ba6@group-9949AF5E83F0-StateMachineUpdater: snapshotIndex: updateIncreasingly -1 -> 27
2020-03-27 08:15:37,851 [77fc4d9c-d2cb-491d-92c6-7c69a2ec3ba6@group-9949AF5E83F0-StateMachineUpdater] INFO  metrics.RatisMetrics (RatisMetrics.java:unregister(46)) - Unregistering Metrics Registry : ratis.state_machine.77fc4d9c-d2cb-491d-92c6-7c69a2ec3ba6@group-9949AF5E83F0
2020-03-27 08:15:37,851 [Command processor thread] INFO  impl.RaftServerImpl (ServerState.java:close(387)) - 77fc4d9c-d2cb-491d-92c6-7c69a2ec3ba6@group-9949AF5E83F0: closes. applyIndex: 27
2020-03-27 08:15:37,852 [77fc4d9c-d2cb-491d-92c6-7c69a2ec3ba6@group-9949AF5E83F0-SegmentedRaftLogWorker] INFO  segmented.SegmentedRaftLogWorker (SegmentedRaftLogWorker.java:run(321)) - 77fc4d9c-d2cb-491d-92c6-7c69a2ec3ba6@group-9949AF5E83F0-SegmentedRaftLogWorker was interrupted, exiting. There are 0 tasks remaining in the queue.
2020-03-27 08:15:37,852 [Command processor thread] INFO  segmented.SegmentedRaftLogWorker (SegmentedRaftLogWorker.java:close(229)) - 77fc4d9c-d2cb-491d-92c6-7c69a2ec3ba6@group-9949AF5E83F0-SegmentedRaftLogWorker close()
2020-03-27 08:15:37,853 [Command processor thread] INFO  metrics.RatisMetrics (RatisMetrics.java:unregister(46)) - Unregistering Metrics Registry : ratis.log_worker.77fc4d9c-d2cb-491d-92c6-7c69a2ec3ba6
2020-03-27 08:15:37,853 [Command processor thread] INFO  metrics.RatisMetrics (RatisMetrics.java:unregister(46)) - Unregistering Metrics Registry : ratis.leader_election.77fc4d9c-d2cb-491d-92c6-7c69a2ec3ba6@group-9949AF5E83F0
2020-03-27 08:15:37,853 [Command processor thread] INFO  metrics.RatisMetrics (RatisMetrics.java:unregister(46)) - Unregistering Metrics Registry : ratis.server.77fc4d9c-d2cb-491d-92c6-7c69a2ec3ba6@group-9949AF5E83F0
2020-03-27 08:15:37,853 [Command processor thread] INFO  commandhandler.ClosePipelineCommandHandler (ClosePipelineCommandHandler.java:handle(78)) - Close Pipeline #id: "134bdaae-71f1-4a71-a08c-9949af5e83f0"
 command on datanode #77fc4d9c-d2cb-491d-92c6-7c69a2ec3ba6.
2020-03-27 08:15:37,854 [Command processor thread] INFO  impl.RaftServerProxy (RaftServerProxy.java:remove(95)) - 77fc4d9c-d2cb-491d-92c6-7c69a2ec3ba6: remove group-F6189F8743C0:null
2020-03-27 08:15:37,854 [Command processor thread] ERROR commandhandler.ClosePipelineCommandHandler (ClosePipelineCommandHandler.java:handle(81)) - Can't close pipeline #id: "34b7cd66-881b-4dc1-99ed-f6189f8743c0"

java.io.IOException: 77fc4d9c-d2cb-491d-92c6-7c69a2ec3ba6: Group group-F6189F8743C0 not found.
	at org.apache.hadoop.ozone.container.common.transport.server.ratis.XceiverServerRatis.removeGroup(XceiverServerRatis.java:659)
	at org.apache.hadoop.ozone.container.common.statemachine.commandhandler.ClosePipelineCommandHandler.handle(ClosePipelineCommandHandler.java:77)
	at org.apache.hadoop.ozone.container.common.statemachine.commandhandler.CommandDispatcher.handle(CommandDispatcher.java:99)
	at org.apache.hadoop.ozone.container.common.statemachine.DatanodeStateMachine.lambda$initCommandHandlerThread$1(DatanodeStateMachine.java:472)
	at java.lang.Thread.run(Thread.java:748)
Caused by: org.apache.ratis.protocol.GroupMismatchException: 77fc4d9c-d2cb-491d-92c6-7c69a2ec3ba6: Group group-F6189F8743C0 not found.
	at org.apache.ratis.server.impl.RaftServerProxy.groupRemoveAsync(RaftServerProxy.java:404)
	at org.apache.ratis.server.impl.RaftServerProxy.groupManagementAsync(RaftServerProxy.java:367)
	at org.apache.ratis.server.impl.RaftServerProxy.groupManagement(RaftServerProxy.java:350)
	at org.apache.hadoop.ozone.container.common.transport.server.ratis.XceiverServerRatis.removeGroup(XceiverServerRatis.java:657)
	... 4 more
2020-03-27 08:15:37,854 [Command processor thread] INFO  impl.RaftServerProxy (RaftServerProxy.java:remove(95)) - 77fc4d9c-d2cb-491d-92c6-7c69a2ec3ba6: remove group-9949AF5E83F0:null
2020-03-27 08:15:37,854 [Command processor thread] ERROR commandhandler.ClosePipelineCommandHandler (ClosePipelineCommandHandler.java:handle(81)) - Can't close pipeline #id: "134bdaae-71f1-4a71-a08c-9949af5e83f0"

java.io.IOException: 77fc4d9c-d2cb-491d-92c6-7c69a2ec3ba6: Group group-9949AF5E83F0 not found.
	at org.apache.hadoop.ozone.container.common.transport.server.ratis.XceiverServerRatis.removeGroup(XceiverServerRatis.java:659)
	at org.apache.hadoop.ozone.container.common.statemachine.commandhandler.ClosePipelineCommandHandler.handle(ClosePipelineCommandHandler.java:77)
	at org.apache.hadoop.ozone.container.common.statemachine.commandhandler.CommandDispatcher.handle(CommandDispatcher.java:99)
	at org.apache.hadoop.ozone.container.common.statemachine.DatanodeStateMachine.lambda$initCommandHandlerThread$1(DatanodeStateMachine.java:472)
	at java.lang.Thread.run(Thread.java:748)
Caused by: org.apache.ratis.protocol.GroupMismatchException: 77fc4d9c-d2cb-491d-92c6-7c69a2ec3ba6: Group group-9949AF5E83F0 not found.
	at org.apache.ratis.server.impl.RaftServerProxy.groupRemoveAsync(RaftServerProxy.java:404)
	at org.apache.ratis.server.impl.RaftServerProxy.groupManagementAsync(RaftServerProxy.java:367)
	at org.apache.ratis.server.impl.RaftServerProxy.groupManagement(RaftServerProxy.java:350)
	at org.apache.hadoop.ozone.container.common.transport.server.ratis.XceiverServerRatis.removeGroup(XceiverServerRatis.java:657)
	... 4 more
2020-03-27 08:15:38,923 [Command processor thread] INFO  impl.RaftServerProxy (RaftServerProxy.java:remove(95)) - fe5755ee-a695-4f61-b92b-3d721cb7d98e: remove group-9949AF5E83F0:null
2020-03-27 08:15:38,923 [Command processor thread] ERROR commandhandler.ClosePipelineCommandHandler (ClosePipelineCommandHandler.java:handle(81)) - Can't close pipeline #id: "134bdaae-71f1-4a71-a08c-9949af5e83f0"

java.io.IOException: fe5755ee-a695-4f61-b92b-3d721cb7d98e: Group group-9949AF5E83F0 not found.
	at org.apache.hadoop.ozone.container.common.transport.server.ratis.XceiverServerRatis.removeGroup(XceiverServerRatis.java:659)
	at org.apache.hadoop.ozone.container.common.statemachine.commandhandler.ClosePipelineCommandHandler.handle(ClosePipelineCommandHandler.java:77)
	at org.apache.hadoop.ozone.container.common.statemachine.commandhandler.CommandDispatcher.handle(CommandDispatcher.java:99)
	at org.apache.hadoop.ozone.container.common.statemachine.DatanodeStateMachine.lambda$initCommandHandlerThread$1(DatanodeStateMachine.java:472)
	at java.lang.Thread.run(Thread.java:748)
Caused by: org.apache.ratis.protocol.GroupMismatchException: fe5755ee-a695-4f61-b92b-3d721cb7d98e: Group group-9949AF5E83F0 not found.
	at org.apache.ratis.server.impl.RaftServerProxy.groupRemoveAsync(RaftServerProxy.java:404)
	at org.apache.ratis.server.impl.RaftServerProxy.groupManagementAsync(RaftServerProxy.java:367)
	at org.apache.ratis.server.impl.RaftServerProxy.groupManagement(RaftServerProxy.java:350)
	at org.apache.hadoop.ozone.container.common.transport.server.ratis.XceiverServerRatis.removeGroup(XceiverServerRatis.java:657)
	... 4 more
2020-03-27 08:15:38,954 [Command processor thread] INFO  impl.RaftServerProxy (RaftServerProxy.java:remove(95)) - 77fc4d9c-d2cb-491d-92c6-7c69a2ec3ba6: remove group-F6189F8743C0:null
2020-03-27 08:15:38,954 [Command processor thread] ERROR commandhandler.ClosePipelineCommandHandler (ClosePipelineCommandHandler.java:handle(81)) - Can't close pipeline #id: "34b7cd66-881b-4dc1-99ed-f6189f8743c0"

java.io.IOException: 77fc4d9c-d2cb-491d-92c6-7c69a2ec3ba6: Group group-F6189F8743C0 not found.
	at org.apache.hadoop.ozone.container.common.transport.server.ratis.XceiverServerRatis.removeGroup(XceiverServerRatis.java:659)
	at org.apache.hadoop.ozone.container.common.statemachine.commandhandler.ClosePipelineCommandHandler.handle(ClosePipelineCommandHandler.java:77)
	at org.apache.hadoop.ozone.container.common.statemachine.commandhandler.CommandDispatcher.handle(CommandDispatcher.java:99)
	at org.apache.hadoop.ozone.container.common.statemachine.DatanodeStateMachine.lambda$initCommandHandlerThread$1(DatanodeStateMachine.java:472)
	at java.lang.Thread.run(Thread.java:748)
Caused by: org.apache.ratis.protocol.GroupMismatchException: 77fc4d9c-d2cb-491d-92c6-7c69a2ec3ba6: Group group-F6189F8743C0 not found.
	at org.apache.ratis.server.impl.RaftServerProxy.groupRemoveAsync(RaftServerProxy.java:404)
	at org.apache.ratis.server.impl.RaftServerProxy.groupManagementAsync(RaftServerProxy.java:367)
	at org.apache.ratis.server.impl.RaftServerProxy.groupManagement(RaftServerProxy.java:350)
	at org.apache.hadoop.ozone.container.common.transport.server.ratis.XceiverServerRatis.removeGroup(XceiverServerRatis.java:657)
	... 4 more
2020-03-27 08:15:38,955 [Command processor thread] INFO  impl.RaftServerProxy (RaftServerProxy.java:remove(95)) - 77fc4d9c-d2cb-491d-92c6-7c69a2ec3ba6: remove group-9949AF5E83F0:null
2020-03-27 08:15:38,955 [Command processor thread] ERROR commandhandler.ClosePipelineCommandHandler (ClosePipelineCommandHandler.java:handle(81)) - Can't close pipeline #id: "134bdaae-71f1-4a71-a08c-9949af5e83f0"

java.io.IOException: 77fc4d9c-d2cb-491d-92c6-7c69a2ec3ba6: Group group-9949AF5E83F0 not found.
	at org.apache.hadoop.ozone.container.common.transport.server.ratis.XceiverServerRatis.removeGroup(XceiverServerRatis.java:659)
	at org.apache.hadoop.ozone.container.common.statemachine.commandhandler.ClosePipelineCommandHandler.handle(ClosePipelineCommandHandler.java:77)
	at org.apache.hadoop.ozone.container.common.statemachine.commandhandler.CommandDispatcher.handle(CommandDispatcher.java:99)
	at org.apache.hadoop.ozone.container.common.statemachine.DatanodeStateMachine.lambda$initCommandHandlerThread$1(DatanodeStateMachine.java:472)
	at java.lang.Thread.run(Thread.java:748)
Caused by: org.apache.ratis.protocol.GroupMismatchException: 77fc4d9c-d2cb-491d-92c6-7c69a2ec3ba6: Group group-9949AF5E83F0 not found.
	at org.apache.ratis.server.impl.RaftServerProxy.groupRemoveAsync(RaftServerProxy.java:404)
	at org.apache.ratis.server.impl.RaftServerProxy.groupManagementAsync(RaftServerProxy.java:367)
	at org.apache.ratis.server.impl.RaftServerProxy.groupManagement(RaftServerProxy.java:350)
	at org.apache.hadoop.ozone.container.common.transport.server.ratis.XceiverServerRatis.removeGroup(XceiverServerRatis.java:657)
	... 4 more
2020-03-27 08:15:39,013 [main] WARN  io.KeyOutputStream (KeyOutputStream.java:handleException(297)) - Encountered exception java.io.IOException: Unexpected Storage Container Exception: java.util.concurrent.CompletionException: java.util.concurrent.CompletionException: org.apache.ratis.protocol.AlreadyClosedException: SlidingWindow$Client:client-D46E4DDD07A1->RAFT is closed. on the pipeline Pipeline[ Id: 34b7cd66-881b-4dc1-99ed-f6189f8743c0, Nodes: fe5755ee-a695-4f61-b92b-3d721cb7d98e{ip: 172.17.0.2, host: 767d39cb30d6, networkLocation: /default-rack, certSerialId: null}77fc4d9c-d2cb-491d-92c6-7c69a2ec3ba6{ip: 172.17.0.2, host: 767d39cb30d6, networkLocation: /default-rack, certSerialId: null}d8a051d7-a144-4c31-9411-4634ccd4403a{ip: 172.17.0.2, host: 767d39cb30d6, networkLocation: /default-rack, certSerialId: null}, Type:RATIS, Factor:THREE, State:OPEN, leaderId:d8a051d7-a144-4c31-9411-4634ccd4403a, CreationTimestamp2020-03-27T08:15:06.559Z]. The last committed block length is 0, uncommitted data length is 100 retry count 0
2020-03-27 08:15:39,013 [main] INFO  io.BlockOutputStreamEntryPool (BlockOutputStreamEntryPool.java:allocateNewBlock(278)) - Allocating block with ExcludeList {datanodes = [], containerIds = [], pipelineIds = [PipelineID=34b7cd66-881b-4dc1-99ed-f6189f8743c0]}
2020-03-27 08:15:39,124 [main] INFO  ozone.MiniOzoneClusterImpl (MiniOzoneClusterImpl.java:shutdown(387)) - Shutting down the Mini Ozone Cluster
2020-03-27 08:15:39,124 [main] INFO  ozone.MiniOzoneClusterImpl (MiniOzoneClusterImpl.java:stop(402)) - Stopping the Mini Ozone Cluster
2020-03-27 08:15:39,124 [main] INFO  ozone.MiniOzoneClusterImpl (MiniOzoneClusterImpl.java:stopOM(484)) - Stopping the OzoneManager
2020-03-27 08:15:39,124 [main] INFO  ipc.Server (Server.java:stop(3082)) - Stopping server on 45663
2020-03-27 08:15:39,128 [main] INFO  ratis.OzoneManagerDoubleBuffer (OzoneManagerDoubleBuffer.java:stop(272)) - Stopping OMDoubleBuffer flush thread
2020-03-27 08:15:39,128 [IPC Server Responder] INFO  ipc.Server (Server.java:run(1319)) - Stopping IPC Server Responder
2020-03-27 08:15:39,128 [OMDoubleBufferFlushThread] INFO  ratis.OzoneManagerDoubleBuffer (OzoneManagerDoubleBuffer.java:flushTransactions(206)) - OMDoubleBuffer flush thread OMDoubleBufferFlushThread is interrupted and will exit. OMDoubleBufferFlushThread
2020-03-27 08:15:39,128 [IPC Server listener on 45663] INFO  ipc.Server (Server.java:run(1185)) - Stopping IPC Server listener on 45663
2020-03-27 08:15:39,128 [main] INFO  utils.BackgroundService (BackgroundService.java:shutdown(157)) - Shutting down service KeyDeletingService
2020-03-27 08:15:39,133 [main] INFO  handler.ContextHandler (ContextHandler.java:doStop(1016)) - Stopped o.e.j.w.WebAppContext@6a2e1c97{ozoneManager,/,null,UNAVAILABLE}{file:/github/workspace/hadoop-ozone/integration-test/target/test-classes/webapps/ozoneManager}
2020-03-27 08:15:39,135 [main] INFO  server.AbstractConnector (AbstractConnector.java:doStop(380)) - Stopped ServerConnector@9740423{HTTP/1.1,[http/1.1]}{0.0.0.0:0}
2020-03-27 08:15:39,136 [main] INFO  server.session (HouseKeeper.java:stopScavenging(158)) - node0 Stopped scavenging
2020-03-27 08:15:39,136 [main] INFO  handler.ContextHandler (ContextHandler.java:doStop(1016)) - Stopped o.e.j.s.ServletContextHandler@35e092d9{static,/static,file:///github/workspace/hadoop-ozone/integration-test/target/test-classes/webapps/static,UNAVAILABLE}
2020-03-27 08:15:39,136 [main] INFO  handler.ContextHandler (ContextHandler.java:doStop(1016)) - Stopped o.e.j.s.ServletContextHandler@ec4bcd9{logs,/logs,file:///github/workspace/hadoop-ozone/integration-test/target/log,UNAVAILABLE}
2020-03-27 08:15:39,138 [main] INFO  ozone.MiniOzoneClusterImpl (MiniOzoneClusterImpl.java:stopDatanodes(461)) - Stopping the HddsDatanodes
2020-03-27 08:15:39,924 [Datanode State Machine Thread - 0] INFO  statemachine.DatanodeStateMachine (DatanodeStateMachine.java:lambda$startDaemon$0(387)) - Ozone container server started.
2020-03-27 08:15:40,095 [Datanode State Machine Thread - 0] INFO  statemachine.DatanodeStateMachine (DatanodeStateMachine.java:lambda$startDaemon$0(387)) - Ozone container server started.
2020-03-27 08:15:41,964 [Thread-3919] INFO  impl.FollowerState (FollowerState.java:run(108)) - fe5755ee-a695-4f61-b92b-3d721cb7d98e@group-392CD9ACBEA3-FollowerState: change to CANDIDATE, lastRpcTime:5094ms, electionTimeout:5083ms
2020-03-27 08:15:41,964 [Thread-3919] INFO  impl.RoleInfo (RoleInfo.java:shutdownFollowerState(121)) - fe5755ee-a695-4f61-b92b-3d721cb7d98e: shutdown FollowerState
2020-03-27 08:15:41,964 [Thread-3919] INFO  impl.RaftServerImpl (RaftServerImpl.java:setRole(172)) - fe5755ee-a695-4f61-b92b-3d721cb7d98e@group-392CD9ACBEA3: changes role from  FOLLOWER to CANDIDATE at term 0 for changeToCandidate
2020-03-27 08:15:41,964 [Thread-3919] INFO  impl.RoleInfo (RoleInfo.java:updateAndGet(143)) - fe5755ee-a695-4f61-b92b-3d721cb7d98e: start LeaderElection
2020-03-27 08:15:41,972 [fe5755ee-a695-4f61-b92b-3d721cb7d98e@group-392CD9ACBEA3-LeaderElection89] INFO  impl.LeaderElection (LeaderElection.java:askForVotes(206)) - fe5755ee-a695-4f61-b92b-3d721cb7d98e@group-392CD9ACBEA3-LeaderElection89: begin an election at term 1 for -1: [fe5755ee-a695-4f61-b92b-3d721cb7d98e:172.17.0.2:43435, 77fc4d9c-d2cb-491d-92c6-7c69a2ec3ba6:172.17.0.2:44703, 6868d56a-2336-4046-a4ac-d6ad311db1a4:172.17.0.2:45275], old=null
2020-03-27 08:15:41,981 [grpc-default-executor-9] INFO  impl.RaftServerImpl (RaftServerImpl.java:setRole(172)) - 77fc4d9c-d2cb-491d-92c6-7c69a2ec3ba6@group-392CD9ACBEA3: changes role from  FOLLOWER to FOLLOWER at term 1 for recognizeCandidate:fe5755ee-a695-4f61-b92b-3d721cb7d98e
2020-03-27 08:15:41,981 [grpc-default-executor-9] INFO  impl.RoleInfo (RoleInfo.java:shutdownFollowerState(121)) - 77fc4d9c-d2cb-491d-92c6-7c69a2ec3ba6: shutdown FollowerState
2020-03-27 08:15:41,981 [grpc-default-executor-9] INFO  impl.RoleInfo (RoleInfo.java:updateAndGet(143)) - 77fc4d9c-d2cb-491d-92c6-7c69a2ec3ba6: start FollowerState
2020-03-27 08:15:41,981 [Thread-3921] INFO  impl.FollowerState (FollowerState.java:run(117)) - 77fc4d9c-d2cb-491d-92c6-7c69a2ec3ba6@group-392CD9ACBEA3-FollowerState was interrupted: java.lang.InterruptedException: sleep interrupted
2020-03-27 08:15:41,982 [grpc-default-executor-14] INFO  impl.RaftServerImpl (RaftServerImpl.java:setRole(172)) - 6868d56a-2336-4046-a4ac-d6ad311db1a4@group-392CD9ACBEA3: changes role from  FOLLOWER to FOLLOWER at term 1 for recognizeCandidate:fe5755ee-a695-4f61-b92b-3d721cb7d98e
2020-03-27 08:15:41,985 [grpc-default-executor-14] INFO  impl.RoleInfo (RoleInfo.java:shutdownFollowerState(121)) - 6868d56a-2336-4046-a4ac-d6ad311db1a4: shutdown FollowerState
2020-03-27 08:15:41,985 [grpc-default-executor-14] INFO  impl.RoleInfo (RoleInfo.java:updateAndGet(143)) - 6868d56a-2336-4046-a4ac-d6ad311db1a4: start FollowerState
2020-03-27 08:15:41,985 [Thread-3927] INFO  impl.FollowerState (FollowerState.java:run(117)) - 6868d56a-2336-4046-a4ac-d6ad311db1a4@group-392CD9ACBEA3-FollowerState was interrupted: java.lang.InterruptedException: sleep interrupted
2020-03-27 08:15:41,986 [fe5755ee-a695-4f61-b92b-3d721cb7d98e@group-392CD9ACBEA3-LeaderElection89] INFO  impl.LeaderElection (LeaderElection.java:logAndReturn(61)) - fe5755ee-a695-4f61-b92b-3d721cb7d98e@group-392CD9ACBEA3-LeaderElection89: Election PASSED; received 1 response(s) [fe5755ee-a695-4f61-b92b-3d721cb7d98e<-77fc4d9c-d2cb-491d-92c6-7c69a2ec3ba6#0:OK-t1] and 0 exception(s); fe5755ee-a695-4f61-b92b-3d721cb7d98e@group-392CD9ACBEA3:t1, leader=null, voted=fe5755ee-a695-4f61-b92b-3d721cb7d98e, raftlog=fe5755ee-a695-4f61-b92b-3d721cb7d98e@group-392CD9ACBEA3-SegmentedRaftLog:OPENED:c-1,f-1,i0, conf=-1: [fe5755ee-a695-4f61-b92b-3d721cb7d98e:172.17.0.2:43435, 77fc4d9c-d2cb-491d-92c6-7c69a2ec3ba6:172.17.0.2:44703, 6868d56a-2336-4046-a4ac-d6ad311db1a4:172.17.0.2:45275], old=null
2020-03-27 08:15:41,986 [fe5755ee-a695-4f61-b92b-3d721cb7d98e@group-392CD9ACBEA3-LeaderElection89] INFO  impl.RoleInfo (RoleInfo.java:shutdownLeaderElection(134)) - fe5755ee-a695-4f61-b92b-3d721cb7d98e: shutdown LeaderElection
2020-03-27 08:15:41,987 [fe5755ee-a695-4f61-b92b-3d721cb7d98e@group-392CD9ACBEA3-LeaderElection89] INFO  impl.RaftServerImpl (RaftServerImpl.java:setRole(172)) - fe5755ee-a695-4f61-b92b-3d721cb7d98e@group-392CD9ACBEA3: changes role from CANDIDATE to LEADER at term 1 for changeToLeader
2020-03-27 08:15:41,987 [fe5755ee-a695-4f61-b92b-3d721cb7d98e@group-392CD9ACBEA3-LeaderElection89] INFO  ratis.XceiverServerRatis (XceiverServerRatis.java:handleLeaderChangedNotification(739)) - Leader change notification received for group: group-392CD9ACBEA3 with new leaderId: fe5755ee-a695-4f61-b92b-3d721cb7d98e
2020-03-27 08:15:41,987 [fe5755ee-a695-4f61-b92b-3d721cb7d98e@group-392CD9ACBEA3-LeaderElection89] INFO  impl.RaftServerImpl (ServerState.java:setLeader(255)) - fe5755ee-a695-4f61-b92b-3d721cb7d98e@group-392CD9ACBEA3: change Leader from null to fe5755ee-a695-4f61-b92b-3d721cb7d98e at term 1 for becomeLeader, leader elected after 5123ms
2020-03-27 08:15:41,987 [fe5755ee-a695-4f61-b92b-3d721cb7d98e@group-392CD9ACBEA3-LeaderElection89] INFO  server.RaftServerConfigKeys (ConfUtils.java:logGet(43)) - raft.server.staging.catchup.gap = 1000 (default)
2020-03-27 08:15:41,987 [fe5755ee-a695-4f61-b92b-3d721cb7d98e@group-392CD9ACBEA3-LeaderElection89] INFO  server.RaftServerConfigKeys (ConfUtils.java:logGet(43)) - raft.server.rpc.sleep.time = 25ms (default)
2020-03-27 08:15:41,987 [fe5755ee-a695-4f61-b92b-3d721cb7d98e@group-392CD9ACBEA3-LeaderElection89] INFO  metrics.RatisMetrics (RatisMetrics.java:lambda$create$0(39)) - Creating Metrics Registry : ratis.log_appender.fe5755ee-a695-4f61-b92b-3d721cb7d98e@group-392CD9ACBEA3
2020-03-27 08:15:41,987 [fe5755ee-a695-4f61-b92b-3d721cb7d98e@group-392CD9ACBEA3-LeaderElection89] INFO  server.RaftServerConfigKeys (ConfUtils.java:logGet(43)) - raft.server.write.element-limit = 1024 (custom)
2020-03-27 08:15:41,987 [fe5755ee-a695-4f61-b92b-3d721cb7d98e@group-392CD9ACBEA3-LeaderElection89] INFO  server.RaftServerConfigKeys (ConfUtils.java:logGet(43)) - raft.server.write.byte-limit = 1073741824 (custom)
2020-03-27 08:15:41,988 [fe5755ee-a695-4f61-b92b-3d721cb7d98e@group-392CD9ACBEA3-LeaderElection89] INFO  server.RaftServerConfigKeys (ConfUtils.java:logGet(43)) - raft.server.watch.timeout = 3s (custom)
2020-03-27 08:15:41,988 [fe5755ee-a695-4f61-b92b-3d721cb7d98e@group-392CD9ACBEA3-LeaderElection89] INFO  server.RaftServerConfigKeys (ConfUtils.java:logGet(43)) - raft.server.watch.timeout.denomination = 1s (default)
2020-03-27 08:15:41,988 [fe5755ee-a695-4f61-b92b-3d721cb7d98e@group-392CD9ACBEA3-LeaderElection89] INFO  server.RaftServerConfigKeys (ConfUtils.java:logGet(43)) - raft.server.watch.element-limit = 65536 (default)
2020-03-27 08:15:41,988 [fe5755ee-a695-4f61-b92b-3d721cb7d98e@group-392CD9ACBEA3-LeaderElection89] INFO  server.RaftServerConfigKeys (ConfUtils.java:logGet(43)) - raft.server.log.appender.snapshot.chunk.size.max = 16MB (=16777216) (default)
2020-03-27 08:15:41,988 [fe5755ee-a695-4f61-b92b-3d721cb7d98e@group-392CD9ACBEA3-LeaderElection89] INFO  server.RaftServerConfigKeys (ConfUtils.java:logGet(43)) - raft.server.log.appender.buffer.byte-limit = 33554432 (custom)
2020-03-27 08:15:41,988 [fe5755ee-a695-4f61-b92b-3d721cb7d98e@group-392CD9ACBEA3-LeaderElection89] INFO  server.RaftServerConfigKeys (ConfUtils.java:logGet(43)) - raft.server.log.appender.buffer.element-limit = 1 (custom)
2020-03-27 08:15:41,988 [fe5755ee-a695-4f61-b92b-3d721cb7d98e@group-392CD9ACBEA3-LeaderElection89] INFO  grpc.GrpcConfigKeys$Server (ConfUtils.java:logGet(43)) - raft.grpc.server.leader.outstanding.appends.max = 128 (default)
2020-03-27 08:15:41,988 [fe5755ee-a695-4f61-b92b-3d721cb7d98e@group-392CD9ACBEA3-LeaderElection89] INFO  server.RaftServerConfigKeys (ConfUtils.java:logGet(43)) - raft.server.rpc.request.timeout = 3s (default)
2020-03-27 08:15:41,988 [fe5755ee-a695-4f61-b92b-3d721cb7d98e@group-392CD9ACBEA3-LeaderElection89] INFO  server.RaftServerConfigKeys (ConfUtils.java:logGet(43)) - raft.server.log.appender.install.snapshot.enabled = false (custom)
2020-03-27 08:15:41,990 [fe5755ee-a695-4f61-b92b-3d721cb7d98e@group-392CD9ACBEA3-LeaderElection89] INFO  server.RaftServerConfigKeys (ConfUtils.java:logGet(43)) - raft.server.log.appender.snapshot.chunk.size.max = 16MB (=16777216) (default)
2020-03-27 08:15:41,990 [fe5755ee-a695-4f61-b92b-3d721cb7d98e@group-392CD9ACBEA3-LeaderElection89] INFO  server.RaftServerConfigKeys (ConfUtils.java:logGet(43)) - raft.server.log.appender.buffer.byte-limit = 33554432 (custom)
2020-03-27 08:15:41,990 [fe5755ee-a695-4f61-b92b-3d721cb7d98e@group-392CD9ACBEA3-LeaderElection89] INFO  server.RaftServerConfigKeys (ConfUtils.java:logGet(43)) - raft.server.log.appender.buffer.element-limit = 1 (custom)
2020-03-27 08:15:41,991 [fe5755ee-a695-4f61-b92b-3d721cb7d98e@group-392CD9ACBEA3-LeaderElection89] INFO  grpc.GrpcConfigKeys$Server (ConfUtils.java:logGet(43)) - raft.grpc.server.leader.outstanding.appends.max = 128 (default)
2020-03-27 08:15:41,991 [fe5755ee-a695-4f61-b92b-3d721cb7d98e@group-392CD9ACBEA3-LeaderElection89] INFO  server.RaftServerConfigKeys (ConfUtils.java:logGet(43)) - raft.server.rpc.request.timeout = 3s (default)
2020-03-27 08:15:41,991 [fe5755ee-a695-4f61-b92b-3d721cb7d98e@group-392CD9ACBEA3-LeaderElection89] INFO  server.RaftServerConfigKeys (ConfUtils.java:logGet(43)) - raft.server.log.appender.install.snapshot.enabled = false (custom)
2020-03-27 08:15:41,992 [fe5755ee-a695-4f61-b92b-3d721cb7d98e@group-392CD9ACBEA3-LeaderElection89] INFO  impl.RoleInfo (RoleInfo.java:updateAndGet(143)) - fe5755ee-a695-4f61-b92b-3d721cb7d98e: start LeaderState
2020-03-27 08:15:41,993 [fe5755ee-a695-4f61-b92b-3d721cb7d98e@group-392CD9ACBEA3-LeaderElection89] INFO  segmented.SegmentedRaftLogWorker (SegmentedRaftLogWorker.java:startLogSegment(391)) - fe5755ee-a695-4f61-b92b-3d721cb7d98e@group-392CD9ACBEA3-SegmentedRaftLogWorker: Starting segment from index:0
2020-03-27 08:15:41,997 [grpc-default-executor-9] INFO  ratis.XceiverServerRatis (XceiverServerRatis.java:handleLeaderChangedNotification(739)) - Leader change notification received for group: group-392CD9ACBEA3 with new leaderId: fe5755ee-a695-4f61-b92b-3d721cb7d98e
2020-03-27 08:15:41,997 [grpc-default-executor-9] INFO  impl.RaftServerImpl (ServerState.java:setLeader(255)) - 77fc4d9c-d2cb-491d-92c6-7c69a2ec3ba6@group-392CD9ACBEA3: change Leader from null to fe5755ee-a695-4f61-b92b-3d721cb7d98e at term 1 for appendEntries, leader elected after 5102ms
2020-03-27 08:15:41,998 [fe5755ee-a695-4f61-b92b-3d721cb7d98e@group-392CD9ACBEA3-LeaderElection89] INFO  impl.RaftServerImpl (ServerState.java:setRaftConf(356)) - fe5755ee-a695-4f61-b92b-3d721cb7d98e@group-392CD9ACBEA3: set configuration 0: [fe5755ee-a695-4f61-b92b-3d721cb7d98e:172.17.0.2:43435, 77fc4d9c-d2cb-491d-92c6-7c69a2ec3ba6:172.17.0.2:44703, 6868d56a-2336-4046-a4ac-d6ad311db1a4:172.17.0.2:45275], old=null at 0
2020-03-27 08:15:41,999 [grpc-default-executor-9] INFO  impl.RaftServerImpl (ServerState.java:setRaftConf(356)) - 77fc4d9c-d2cb-491d-92c6-7c69a2ec3ba6@group-392CD9ACBEA3: set configuration 0: [fe5755ee-a695-4f61-b92b-3d721cb7d98e:172.17.0.2:43435, 77fc4d9c-d2cb-491d-92c6-7c69a2ec3ba6:172.17.0.2:44703, 6868d56a-2336-4046-a4ac-d6ad311db1a4:172.17.0.2:45275], old=null at 0
2020-03-27 08:15:41,999 [grpc-default-executor-9] INFO  segmented.SegmentedRaftLogWorker (SegmentedRaftLogWorker.java:startLogSegment(391)) - 77fc4d9c-d2cb-491d-92c6-7c69a2ec3ba6@group-392CD9ACBEA3-SegmentedRaftLogWorker: Starting segment from index:0
2020-03-27 08:15:42,000 [77fc4d9c-d2cb-491d-92c6-7c69a2ec3ba6@group-392CD9ACBEA3-SegmentedRaftLogWorker] INFO  segmented.SegmentedRaftLogWorker (SegmentedRaftLogWorker.java:execute(583)) - 77fc4d9c-d2cb-491d-92c6-7c69a2ec3ba6@group-392CD9ACBEA3-SegmentedRaftLogWorker: created new log segment /github/workspace/hadoop-ozone/integration-test/target/test-dir/MiniOzoneClusterImpl-178f0ac1-9287-41ca-b66e-5f4c0e2bc6ba/datanode-5/data/ratis/ebe148e0-e977-4856-8c8a-392cd9acbea3/current/log_inprogress_0
2020-03-27 08:15:42,000 [fe5755ee-a695-4f61-b92b-3d721cb7d98e@group-392CD9ACBEA3-SegmentedRaftLogWorker] INFO  segmented.SegmentedRaftLogWorker (SegmentedRaftLogWorker.java:execute(583)) - fe5755ee-a695-4f61-b92b-3d721cb7d98e@group-392CD9ACBEA3-SegmentedRaftLogWorker: created new log segment /github/workspace/hadoop-ozone/integration-test/target/test-dir/MiniOzoneClusterImpl-178f0ac1-9287-41ca-b66e-5f4c0e2bc6ba/datanode-4/data/ratis/ebe148e0-e977-4856-8c8a-392cd9acbea3/current/log_inprogress_0
2020-03-27 08:15:42,003 [Thread-3935] INFO  impl.FollowerState (FollowerState.java:run(108)) - 77fc4d9c-d2cb-491d-92c6-7c69a2ec3ba6@group-C2F994A7515B-FollowerState: change to CANDIDATE, lastRpcTime:5046ms, electionTimeout:5045ms
2020-03-27 08:15:42,004 [Thread-3935] INFO  impl.RoleInfo (RoleInfo.java:shutdownFollowerState(121)) - 77fc4d9c-d2cb-491d-92c6-7c69a2ec3ba6: shutdown FollowerState
2020-03-27 08:15:42,004 [Thread-3935] INFO  impl.RaftServerImpl (RaftServerImpl.java:setRole(172)) - 77fc4d9c-d2cb-491d-92c6-7c69a2ec3ba6@group-C2F994A7515B: changes role from  FOLLOWER to CANDIDATE at term 0 for changeToCandidate
2020-03-27 08:15:42,004 [Thread-3935] INFO  impl.RoleInfo (RoleInfo.java:updateAndGet(143)) - 77fc4d9c-d2cb-491d-92c6-7c69a2ec3ba6: start LeaderElection
2020-03-27 08:15:42,015 [grpc-default-executor-9] INFO  ratis.XceiverServerRatis (XceiverServerRatis.java:handleLeaderChangedNotification(739)) - Leader change notification received for group: group-392CD9ACBEA3 with new leaderId: fe5755ee-a695-4f61-b92b-3d721cb7d98e
2020-03-27 08:15:42,015 [grpc-default-executor-9] INFO  impl.RaftServerImpl (ServerState.java:setLeader(255)) - 6868d56a-2336-4046-a4ac-d6ad311db1a4@group-392CD9ACBEA3: change Leader from null to fe5755ee-a695-4f61-b92b-3d721cb7d98e at term 1 for appendEntries, leader elected after 5104ms
2020-03-27 08:15:42,018 [77fc4d9c-d2cb-491d-92c6-7c69a2ec3ba6@group-C2F994A7515B-LeaderElection90] INFO  impl.LeaderElection (LeaderElection.java:askForVotes(206)) - 77fc4d9c-d2cb-491d-92c6-7c69a2ec3ba6@group-C2F994A7515B-LeaderElection90: begin an election at term 1 for -1: [fe5755ee-a695-4f61-b92b-3d721cb7d98e:172.17.0.2:43435, 77fc4d9c-d2cb-491d-92c6-7c69a2ec3ba6:172.17.0.2:44703, 6868d56a-2336-4046-a4ac-d6ad311db1a4:172.17.0.2:45275], old=null
2020-03-27 08:15:42,023 [grpc-default-executor-14] INFO  impl.RaftServerImpl (RaftServerImpl.java:setRole(172)) - fe5755ee-a695-4f61-b92b-3d721cb7d98e@group-C2F994A7515B: changes role from  FOLLOWER to FOLLOWER at term 1 for recognizeCandidate:77fc4d9c-d2cb-491d-92c6-7c69a2ec3ba6
2020-03-27 08:15:42,023 [grpc-default-executor-14] INFO  impl.RoleInfo (RoleInfo.java:shutdownFollowerState(121)) - fe5755ee-a695-4f61-b92b-3d721cb7d98e: shutdown FollowerState
2020-03-27 08:15:42,023 [grpc-default-executor-14] INFO  impl.RoleInfo (RoleInfo.java:updateAndGet(143)) - fe5755ee-a695-4f61-b92b-3d721cb7d98e: start FollowerState
2020-03-27 08:15:42,023 [Thread-3930] INFO  impl.FollowerState (FollowerState.java:run(117)) - fe5755ee-a695-4f61-b92b-3d721cb7d98e@group-C2F994A7515B-FollowerState was interrupted: java.lang.InterruptedException: sleep interrupted
2020-03-27 08:15:42,027 [grpc-default-executor-9] INFO  impl.RaftServerImpl (ServerState.java:setRaftConf(356)) - 6868d56a-2336-4046-a4ac-d6ad311db1a4@group-392CD9ACBEA3: set configuration 0: [fe5755ee-a695-4f61-b92b-3d721cb7d98e:172.17.0.2:43435, 77fc4d9c-d2cb-491d-92c6-7c69a2ec3ba6:172.17.0.2:44703, 6868d56a-2336-4046-a4ac-d6ad311db1a4:172.17.0.2:45275], old=null at 0
2020-03-27 08:15:42,027 [grpc-default-executor-9] INFO  segmented.SegmentedRaftLogWorker (SegmentedRaftLogWorker.java:startLogSegment(391)) - 6868d56a-2336-4046-a4ac-d6ad311db1a4@group-392CD9ACBEA3-SegmentedRaftLogWorker: Starting segment from index:0
2020-03-27 08:15:42,031 [77fc4d9c-d2cb-491d-92c6-7c69a2ec3ba6@group-C2F994A7515B-LeaderElection90] INFO  impl.LeaderElection (LeaderElection.java:logAndReturn(61)) - 77fc4d9c-d2cb-491d-92c6-7c69a2ec3ba6@group-C2F994A7515B-LeaderElection90: Election PASSED; received 1 response(s) [77fc4d9c-d2cb-491d-92c6-7c69a2ec3ba6<-fe5755ee-a695-4f61-b92b-3d721cb7d98e#0:OK-t1] and 0 exception(s); 77fc4d9c-d2cb-491d-92c6-7c69a2ec3ba6@group-C2F994A7515B:t1, leader=null, voted=77fc4d9c-d2cb-491d-92c6-7c69a2ec3ba6, raftlog=77fc4d9c-d2cb-491d-92c6-7c69a2ec3ba6@group-C2F994A7515B-SegmentedRaftLog:OPENED:c-1,f-1,i0, conf=-1: [fe5755ee-a695-4f61-b92b-3d721cb7d98e:172.17.0.2:43435, 77fc4d9c-d2cb-491d-92c6-7c69a2ec3ba6:172.17.0.2:44703, 6868d56a-2336-4046-a4ac-d6ad311db1a4:172.17.0.2:45275], old=null
2020-03-27 08:15:42,031 [77fc4d9c-d2cb-491d-92c6-7c69a2ec3ba6@group-C2F994A7515B-LeaderElection90] INFO  impl.RoleInfo (RoleInfo.java:shutdownLeaderElection(134)) - 77fc4d9c-d2cb-491d-92c6-7c69a2ec3ba6: shutdown LeaderElection
2020-03-27 08:15:42,031 [77fc4d9c-d2cb-491d-92c6-7c69a2ec3ba6@group-C2F994A7515B-LeaderElection90] INFO  impl.RaftServerImpl (RaftServerImpl.java:setRole(172)) - 77fc4d9c-d2cb-491d-92c6-7c69a2ec3ba6@group-C2F994A7515B: changes role from CANDIDATE to LEADER at term 1 for changeToLeader
2020-03-27 08:15:42,031 [77fc4d9c-d2cb-491d-92c6-7c69a2ec3ba6@group-C2F994A7515B-LeaderElection90] INFO  ratis.XceiverServerRatis (XceiverServerRatis.java:handleLeaderChangedNotification(739)) - Leader change notification received for group: group-C2F994A7515B with new leaderId: 77fc4d9c-d2cb-491d-92c6-7c69a2ec3ba6
2020-03-27 08:15:42,032 [77fc4d9c-d2cb-491d-92c6-7c69a2ec3ba6@group-C2F994A7515B-LeaderElection90] INFO  impl.RaftServerImpl (ServerState.java:setLeader(255)) - 77fc4d9c-d2cb-491d-92c6-7c69a2ec3ba6@group-C2F994A7515B: change Leader from null to 77fc4d9c-d2cb-491d-92c6-7c69a2ec3ba6 at term 1 for becomeLeader, leader elected after 5077ms
2020-03-27 08:15:42,032 [77fc4d9c-d2cb-491d-92c6-7c69a2ec3ba6@group-C2F994A7515B-LeaderElection90] INFO  server.RaftServerConfigKeys (ConfUtils.java:logGet(43)) - raft.server.staging.catchup.gap = 1000 (default)
2020-03-27 08:15:42,032 [77fc4d9c-d2cb-491d-92c6-7c69a2ec3ba6@group-C2F994A7515B-LeaderElection90] INFO  server.RaftServerConfigKeys (ConfUtils.java:logGet(43)) - raft.server.rpc.sleep.time = 25ms (default)
2020-03-27 08:15:42,032 [77fc4d9c-d2cb-491d-92c6-7c69a2ec3ba6@group-C2F994A7515B-LeaderElection90] INFO  metrics.RatisMetrics (RatisMetrics.java:lambda$create$0(39)) - Creating Metrics Registry : ratis.log_appender.77fc4d9c-d2cb-491d-92c6-7c69a2ec3ba6@group-C2F994A7515B
2020-03-27 08:15:42,032 [77fc4d9c-d2cb-491d-92c6-7c69a2ec3ba6@group-C2F994A7515B-LeaderElection90] INFO  server.RaftServerConfigKeys (ConfUtils.java:logGet(43)) - raft.server.write.element-limit = 1024 (custom)
2020-03-27 08:15:42,032 [77fc4d9c-d2cb-491d-92c6-7c69a2ec3ba6@group-C2F994A7515B-LeaderElection90] INFO  server.RaftServerConfigKeys (ConfUtils.java:logGet(43)) - raft.server.write.byte-limit = 1073741824 (custom)
2020-03-27 08:15:42,032 [EventQueue-PipelineReportForPipelineReportHandler] INFO  pipeline.PipelineStateManager (PipelineStateManager.java:openPipeline(131)) - Pipeline Pipeline[ Id: ec296b66-8a13-4194-823f-c2f994a7515b, Nodes: 6868d56a-2336-4046-a4ac-d6ad311db1a4{ip: 172.17.0.2, host: 767d39cb30d6, networkLocation: /default-rack, certSerialId: null}77fc4d9c-d2cb-491d-92c6-7c69a2ec3ba6{ip: 172.17.0.2, host: 767d39cb30d6, networkLocation: /default-rack, certSerialId: null}fe5755ee-a695-4f61-b92b-3d721cb7d98e{ip: 172.17.0.2, host: 767d39cb30d6, networkLocation: /default-rack, certSerialId: null}, Type:RATIS, Factor:THREE, State:ALLOCATED, leaderId:77fc4d9c-d2cb-491d-92c6-7c69a2ec3ba6, CreationTimestamp2020-03-27T08:15:34.962Z] moved to OPEN state
2020-03-27 08:15:42,033 [77fc4d9c-d2cb-491d-92c6-7c69a2ec3ba6@group-C2F994A7515B-LeaderElection90] INFO  server.RaftServerConfigKeys (ConfUtils.java:logGet(43)) - raft.server.watch.timeout = 3s (custom)
2020-03-27 08:15:42,033 [77fc4d9c-d2cb-491d-92c6-7c69a2ec3ba6@group-C2F994A7515B-LeaderElection90] INFO  server.RaftServerConfigKeys (ConfUtils.java:logGet(43)) - raft.server.watch.timeout.denomination = 1s (default)
2020-03-27 08:15:42,033 [77fc4d9c-d2cb-491d-92c6-7c69a2ec3ba6@group-C2F994A7515B-LeaderElection90] INFO  server.RaftServerConfigKeys (ConfUtils.java:logGet(43)) - raft.server.watch.element-limit = 65536 (default)
2020-03-27 08:15:42,033 [77fc4d9c-d2cb-491d-92c6-7c69a2ec3ba6@group-C2F994A7515B-LeaderElection90] INFO  server.RaftServerConfigKeys (ConfUtils.java:logGet(43)) - raft.server.log.appender.snapshot.chunk.size.max = 16MB (=16777216) (default)
2020-03-27 08:15:42,033 [77fc4d9c-d2cb-491d-92c6-7c69a2ec3ba6@group-C2F994A7515B-LeaderElection90] INFO  server.RaftServerConfigKeys (ConfUtils.java:logGet(43)) - raft.server.log.appender.buffer.byte-limit = 33554432 (custom)
2020-03-27 08:15:42,033 [77fc4d9c-d2cb-491d-92c6-7c69a2ec3ba6@group-C2F994A7515B-LeaderElection90] INFO  server.RaftServerConfigKeys (ConfUtils.java:logGet(43)) - raft.server.log.appender.buffer.element-limit = 1 (custom)
2020-03-27 08:15:42,034 [77fc4d9c-d2cb-491d-92c6-7c69a2ec3ba6@group-C2F994A7515B-LeaderElection90] INFO  grpc.GrpcConfigKeys$Server (ConfUtils.java:logGet(43)) - raft.grpc.server.leader.outstanding.appends.max = 128 (default)
2020-03-27 08:15:42,034 [77fc4d9c-d2cb-491d-92c6-7c69a2ec3ba6@group-C2F994A7515B-LeaderElection90] INFO  server.RaftServerConfigKeys (ConfUtils.java:logGet(43)) - raft.server.rpc.request.timeout = 3s (default)
2020-03-27 08:15:42,034 [77fc4d9c-d2cb-491d-92c6-7c69a2ec3ba6@group-C2F994A7515B-LeaderElection90] INFO  server.RaftServerConfigKeys (ConfUtils.java:logGet(43)) - raft.server.log.appender.install.snapshot.enabled = false (custom)
2020-03-27 08:15:42,036 [grpc-default-executor-9] INFO  impl.RaftServerImpl (RaftServerImpl.java:setRole(172)) - 6868d56a-2336-4046-a4ac-d6ad311db1a4@group-C2F994A7515B: changes role from  FOLLOWER to FOLLOWER at term 1 for recognizeCandidate:77fc4d9c-d2cb-491d-92c6-7c69a2ec3ba6
2020-03-27 08:15:42,036 [grpc-default-executor-9] INFO  impl.RoleInfo (RoleInfo.java:shutdownFollowerState(121)) - 6868d56a-2336-4046-a4ac-d6ad311db1a4: shutdown FollowerState
2020-03-27 08:15:42,036 [grpc-default-executor-9] INFO  impl.RoleInfo (RoleInfo.java:updateAndGet(143)) - 6868d56a-2336-4046-a4ac-d6ad311db1a4: start FollowerState
2020-03-27 08:15:42,034 [6868d56a-2336-4046-a4ac-d6ad311db1a4@group-392CD9ACBEA3-SegmentedRaftLogWorker] INFO  segmented.SegmentedRaftLogWorker (SegmentedRaftLogWorker.java:execute(583)) - 6868d56a-2336-4046-a4ac-d6ad311db1a4@group-392CD9ACBEA3-SegmentedRaftLogWorker: created new log segment /github/workspace/hadoop-ozone/integration-test/target/test-dir/MiniOzoneClusterImpl-178f0ac1-9287-41ca-b66e-5f4c0e2bc6ba/datanode-6/data/ratis/ebe148e0-e977-4856-8c8a-392cd9acbea3/current/log_inprogress_0
2020-03-27 08:15:42,036 [Thread-3932] INFO  impl.FollowerState (FollowerState.java:run(117)) - 6868d56a-2336-4046-a4ac-d6ad311db1a4@group-C2F994A7515B-FollowerState was interrupted: java.lang.InterruptedException: sleep interrupted
2020-03-27 08:15:42,037 [77fc4d9c-d2cb-491d-92c6-7c69a2ec3ba6@group-C2F994A7515B-LeaderElection90] INFO  server.RaftServerConfigKeys (ConfUtils.java:logGet(43)) - raft.server.log.appender.snapshot.chunk.size.max = 16MB (=16777216) (default)
2020-03-27 08:15:42,037 [77fc4d9c-d2cb-491d-92c6-7c69a2ec3ba6@group-C2F994A7515B-LeaderElection90] INFO  server.RaftServerConfigKeys (ConfUtils.java:logGet(43)) - raft.server.log.appender.buffer.byte-limit = 33554432 (custom)
2020-03-27 08:15:42,038 [77fc4d9c-d2cb-491d-92c6-7c69a2ec3ba6@group-C2F994A7515B-LeaderElection90] INFO  server.RaftServerConfigKeys (ConfUtils.java:logGet(43)) - raft.server.log.appender.buffer.element-limit = 1 (custom)
2020-03-27 08:15:42,043 [77fc4d9c-d2cb-491d-92c6-7c69a2ec3ba6@group-C2F994A7515B-LeaderElection90] INFO  grpc.GrpcConfigKeys$Server (ConfUtils.java:logGet(43)) - raft.grpc.server.leader.outstanding.appends.max = 128 (default)
2020-03-27 08:15:42,043 [77fc4d9c-d2cb-491d-92c6-7c69a2ec3ba6@group-C2F994A7515B-LeaderElection90] INFO  server.RaftServerConfigKeys (ConfUtils.java:logGet(43)) - raft.server.rpc.request.timeout = 3s (default)
2020-03-27 08:15:42,043 [77fc4d9c-d2cb-491d-92c6-7c69a2ec3ba6@group-C2F994A7515B-LeaderElection90] INFO  server.RaftServerConfigKeys (ConfUtils.java:logGet(43)) - raft.server.log.appender.install.snapshot.enabled = false (custom)
2020-03-27 08:15:42,046 [77fc4d9c-d2cb-491d-92c6-7c69a2ec3ba6@group-C2F994A7515B-LeaderElection90] INFO  impl.RoleInfo (RoleInfo.java:updateAndGet(143)) - 77fc4d9c-d2cb-491d-92c6-7c69a2ec3ba6: start LeaderState
2020-03-27 08:15:42,046 [77fc4d9c-d2cb-491d-92c6-7c69a2ec3ba6@group-C2F994A7515B-LeaderElection90] INFO  segmented.SegmentedRaftLogWorker (SegmentedRaftLogWorker.java:startLogSegment(391)) - 77fc4d9c-d2cb-491d-92c6-7c69a2ec3ba6@group-C2F994A7515B-SegmentedRaftLogWorker: Starting segment from index:0
2020-03-27 08:15:42,049 [77fc4d9c-d2cb-491d-92c6-7c69a2ec3ba6@group-C2F994A7515B-SegmentedRaftLogWorker] INFO  segmented.SegmentedRaftLogWorker (SegmentedRaftLogWorker.java:execute(583)) - 77fc4d9c-d2cb-491d-92c6-7c69a2ec3ba6@group-C2F994A7515B-SegmentedRaftLogWorker: created new log segment /github/workspace/hadoop-ozone/integration-test/target/test-dir/MiniOzoneClusterImpl-178f0ac1-9287-41ca-b66e-5f4c0e2bc6ba/datanode-5/data/ratis/ec296b66-8a13-4194-823f-c2f994a7515b/current/log_inprogress_0
2020-03-27 08:15:42,053 [grpc-default-executor-14] INFO  ratis.XceiverServerRatis (XceiverServerRatis.java:handleLeaderChangedNotification(739)) - Leader change notification received for group: group-C2F994A7515B with new leaderId: 77fc4d9c-d2cb-491d-92c6-7c69a2ec3ba6
2020-03-27 08:15:42,053 [grpc-default-executor-14] INFO  impl.RaftServerImpl (ServerState.java:setLeader(255)) - fe5755ee-a695-4f61-b92b-3d721cb7d98e@group-C2F994A7515B: change Leader from null to 77fc4d9c-d2cb-491d-92c6-7c69a2ec3ba6 at term 1 for appendEntries, leader elected after 5130ms
2020-03-27 08:15:42,055 [77fc4d9c-d2cb-491d-92c6-7c69a2ec3ba6@group-C2F994A7515B-LeaderElection90] INFO  impl.RaftServerImpl (ServerState.java:setRaftConf(356)) - 77fc4d9c-d2cb-491d-92c6-7c69a2ec3ba6@group-C2F994A7515B: set configuration 0: [fe5755ee-a695-4f61-b92b-3d721cb7d98e:172.17.0.2:43435, 77fc4d9c-d2cb-491d-92c6-7c69a2ec3ba6:172.17.0.2:44703, 6868d56a-2336-4046-a4ac-d6ad311db1a4:172.17.0.2:45275], old=null at 0
2020-03-27 08:15:42,062 [grpc-default-executor-11] INFO  impl.RaftServerImpl (ServerState.java:setRaftConf(356)) - fe5755ee-a695-4f61-b92b-3d721cb7d98e@group-C2F994A7515B: set configuration 0: [fe5755ee-a695-4f61-b92b-3d721cb7d98e:172.17.0.2:43435, 77fc4d9c-d2cb-491d-92c6-7c69a2ec3ba6:172.17.0.2:44703, 6868d56a-2336-4046-a4ac-d6ad311db1a4:172.17.0.2:45275], old=null at 0
2020-03-27 08:15:42,062 [grpc-default-executor-11] INFO  segmented.SegmentedRaftLogWorker (SegmentedRaftLogWorker.java:startLogSegment(391)) - fe5755ee-a695-4f61-b92b-3d721cb7d98e@group-C2F994A7515B-SegmentedRaftLogWorker: Starting segment from index:0
2020-03-27 08:15:42,063 [fe5755ee-a695-4f61-b92b-3d721cb7d98e@group-C2F994A7515B-SegmentedRaftLogWorker] INFO  segmented.SegmentedRaftLogWorker (SegmentedRaftLogWorker.java:execute(583)) - fe5755ee-a695-4f61-b92b-3d721cb7d98e@group-C2F994A7515B-SegmentedRaftLogWorker: created new log segment /github/workspace/hadoop-ozone/integration-test/target/test-dir/MiniOzoneClusterImpl-178f0ac1-9287-41ca-b66e-5f4c0e2bc6ba/datanode-4/data/ratis/ec296b66-8a13-4194-823f-c2f994a7515b/current/log_inprogress_0
2020-03-27 08:15:42,064 [grpc-default-executor-11] INFO  ratis.XceiverServerRatis (XceiverServerRatis.java:handleLeaderChangedNotification(739)) - Leader change notification received for group: group-C2F994A7515B with new leaderId: 77fc4d9c-d2cb-491d-92c6-7c69a2ec3ba6
2020-03-27 08:15:42,064 [grpc-default-executor-11] INFO  impl.RaftServerImpl (ServerState.java:setLeader(255)) - 6868d56a-2336-4046-a4ac-d6ad311db1a4@group-C2F994A7515B: change Leader from null to 77fc4d9c-d2cb-491d-92c6-7c69a2ec3ba6 at term 1 for appendEntries, leader elected after 5126ms
2020-03-27 08:15:42,071 [grpc-default-executor-11] INFO  impl.RaftServerImpl (ServerState.java:setRaftConf(356)) - 6868d56a-2336-4046-a4ac-d6ad311db1a4@group-C2F994A7515B: set configuration 0: [fe5755ee-a695-4f61-b92b-3d721cb7d98e:172.17.0.2:43435, 77fc4d9c-d2cb-491d-92c6-7c69a2ec3ba6:172.17.0.2:44703, 6868d56a-2336-4046-a4ac-d6ad311db1a4:172.17.0.2:45275], old=null at 0
2020-03-27 08:15:42,071 [grpc-default-executor-11] INFO  segmented.SegmentedRaftLogWorker (SegmentedRaftLogWorker.java:startLogSegment(391)) - 6868d56a-2336-4046-a4ac-d6ad311db1a4@group-C2F994A7515B-SegmentedRaftLogWorker: Starting segment from index:0
2020-03-27 08:15:42,073 [6868d56a-2336-4046-a4ac-d6ad311db1a4@group-C2F994A7515B-SegmentedRaftLogWorker] INFO  segmented.SegmentedRaftLogWorker (SegmentedRaftLogWorker.java:execute(583)) - 6868d56a-2336-4046-a4ac-d6ad311db1a4@group-C2F994A7515B-SegmentedRaftLogWorker: created new log segment /github/workspace/hadoop-ozone/integration-test/target/test-dir/MiniOzoneClusterImpl-178f0ac1-9287-41ca-b66e-5f4c0e2bc6ba/datanode-6/data/ratis/ec296b66-8a13-4194-823f-c2f994a7515b/current/log_inprogress_0
2020-03-27 08:15:44,138 [main] INFO  ozoneimpl.OzoneContainer (OzoneContainer.java:stop(245)) - Attempting to stop container services.
2020-03-27 08:15:44,138 [ForkJoinPool.commonPool-worker-0] INFO  ozoneimpl.OzoneContainer (OzoneContainer.java:stop(245)) - Attempting to stop container services.
2020-03-27 08:15:44,139 [main] INFO  impl.RaftServerProxy (RaftServerProxy.java:lambda$close$4(314)) - fe5755ee-a695-4f61-b92b-3d721cb7d98e: close
2020-03-27 08:15:44,139 [main] INFO  impl.RaftServerImpl (RaftServerImpl.java:lambda$shutdown$3(249)) - fe5755ee-a695-4f61-b92b-3d721cb7d98e@group-C2F994A7515B: shutdown
2020-03-27 08:15:44,139 [main] INFO  util.JmxRegister (JmxRegister.java:unregister(73)) - Successfully un-registered JMX Bean with object name Ratis:service=RaftServer,group=group-C2F994A7515B,id=fe5755ee-a695-4f61-b92b-3d721cb7d98e
2020-03-27 08:15:44,139 [main] INFO  impl.RoleInfo (RoleInfo.java:shutdownFollowerState(121)) - fe5755ee-a695-4f61-b92b-3d721cb7d98e: shutdown FollowerState
2020-03-27 08:15:44,139 [ForkJoinPool.commonPool-worker-0] INFO  impl.RaftServerProxy (RaftServerProxy.java:lambda$close$4(314)) - 4f2bc8b4-1be3-4773-881c-e471bed51254: close
2020-03-27 08:15:44,139 [Thread-3976] INFO  impl.FollowerState (FollowerState.java:run(117)) - fe5755ee-a695-4f61-b92b-3d721cb7d98e@group-C2F994A7515B-FollowerState was interrupted: java.lang.InterruptedException: sleep interrupted
2020-03-27 08:15:44,140 [fe5755ee-a695-4f61-b92b-3d721cb7d98e@group-C2F994A7515B-StateMachineUpdater] INFO  metrics.RatisMetrics (RatisMetrics.java:unregister(46)) - Unregistering Metrics Registry : ratis.state_machine.fe5755ee-a695-4f61-b92b-3d721cb7d98e@group-C2F994A7515B
2020-03-27 08:15:44,139 [main] INFO  impl.StateMachineUpdater (StateMachineUpdater.java:stopAndJoin(139)) - fe5755ee-a695-4f61-b92b-3d721cb7d98e@group-C2F994A7515B-StateMachineUpdater: set stopIndex = -1
2020-03-27 08:15:44,139 [ForkJoinPool.commonPool-worker-0] INFO  impl.RaftServerImpl (RaftServerImpl.java:lambda$shutdown$3(249)) - 4f2bc8b4-1be3-4773-881c-e471bed51254@group-64DF7057DAE6: shutdown
2020-03-27 08:15:44,140 [main] INFO  impl.RaftServerImpl (ServerState.java:close(387)) - fe5755ee-a695-4f61-b92b-3d721cb7d98e@group-C2F994A7515B: closes. applyIndex: -1
2020-03-27 08:15:44,140 [ForkJoinPool.commonPool-worker-0] INFO  util.JmxRegister (JmxRegister.java:unregister(73)) - Successfully un-registered JMX Bean with object name Ratis:service=RaftServer,group=group-64DF7057DAE6,id=4f2bc8b4-1be3-4773-881c-e471bed51254
2020-03-27 08:15:44,140 [ForkJoinPool.commonPool-worker-0] INFO  impl.RoleInfo (RoleInfo.java:shutdownFollowerState(121)) - 4f2bc8b4-1be3-4773-881c-e471bed51254: shutdown FollowerState
2020-03-27 08:15:44,140 [fe5755ee-a695-4f61-b92b-3d721cb7d98e@group-C2F994A7515B-SegmentedRaftLogWorker] INFO  segmented.SegmentedRaftLogWorker (SegmentedRaftLogWorker.java:run(321)) - fe5755ee-a695-4f61-b92b-3d721cb7d98e@group-C2F994A7515B-SegmentedRaftLogWorker was interrupted, exiting. There are 0 tasks remaining in the queue.
2020-03-27 08:15:44,141 [Thread-3740] INFO  impl.FollowerState (FollowerState.java:run(117)) - 4f2bc8b4-1be3-4773-881c-e471bed51254@group-64DF7057DAE6-FollowerState was interrupted: java.lang.InterruptedException: sleep interrupted
2020-03-27 08:15:44,141 [ForkJoinPool.commonPool-worker-0] INFO  impl.StateMachineUpdater (StateMachineUpdater.java:stopAndJoin(139)) - 4f2bc8b4-1be3-4773-881c-e471bed51254@group-64DF7057DAE6-StateMachineUpdater: set stopIndex = 0
2020-03-27 08:15:44,142 [4f2bc8b4-1be3-4773-881c-e471bed51254@group-64DF7057DAE6-StateMachineUpdater] INFO  ratis.ContainerStateMachine (ContainerStateMachine.java:takeSnapshot(295)) - group-64DF7057DAE6: Taking a snapshot at:(t:1, i:0) file /github/workspace/hadoop-ozone/integration-test/target/test-dir/MiniOzoneClusterImpl-178f0ac1-9287-41ca-b66e-5f4c0e2bc6ba/datanode-1/data/ratis/191e791d-f3bf-4488-ad6f-64df7057dae6/sm/snapshot.1_0
2020-03-27 08:15:44,142 [main] INFO  segmented.SegmentedRaftLogWorker (SegmentedRaftLogWorker.java:close(229)) - fe5755ee-a695-4f61-b92b-3d721cb7d98e@group-C2F994A7515B-SegmentedRaftLogWorker close()
2020-03-27 08:15:44,144 [main] INFO  metrics.RatisMetrics (RatisMetrics.java:unregister(46)) - Unregistering Metrics Registry : ratis.log_worker.fe5755ee-a695-4f61-b92b-3d721cb7d98e
2020-03-27 08:15:44,144 [main] INFO  metrics.RatisMetrics (RatisMetrics.java:unregister(46)) - Unregistering Metrics Registry : ratis.leader_election.fe5755ee-a695-4f61-b92b-3d721cb7d98e@group-C2F994A7515B
2020-03-27 08:15:44,144 [main] INFO  metrics.RatisMetrics (RatisMetrics.java:unregister(46)) - Unregistering Metrics Registry : ratis.server.fe5755ee-a695-4f61-b92b-3d721cb7d98e@group-C2F994A7515B
2020-03-27 08:15:44,144 [main] INFO  impl.RaftServerImpl (RaftServerImpl.java:lambda$shutdown$3(249)) - fe5755ee-a695-4f61-b92b-3d721cb7d98e@group-392CD9ACBEA3: shutdown
2020-03-27 08:15:44,145 [main] INFO  util.JmxRegister (JmxRegister.java:unregister(73)) - Successfully un-registered JMX Bean with object name Ratis:service=RaftServer,group=group-392CD9ACBEA3,id=fe5755ee-a695-4f61-b92b-3d721cb7d98e
2020-03-27 08:15:44,145 [main] INFO  impl.RoleInfo (RoleInfo.java:shutdownLeaderState(104)) - fe5755ee-a695-4f61-b92b-3d721cb7d98e: shutdown LeaderState
2020-03-27 08:15:44,144 [4f2bc8b4-1be3-4773-881c-e471bed51254@group-64DF7057DAE6-StateMachineUpdater] INFO  ratis.ContainerStateMachine (ContainerStateMachine.java:takeSnapshot(306)) - group-64DF7057DAE6: Finished taking a snapshot at:(t:1, i:0) file:/github/workspace/hadoop-ozone/integration-test/target/test-dir/MiniOzoneClusterImpl-178f0ac1-9287-41ca-b66e-5f4c0e2bc6ba/datanode-1/data/ratis/191e791d-f3bf-4488-ad6f-64df7057dae6/sm/snapshot.1_0 time:2
2020-03-27 08:15:44,146 [org.apache.ratis.server.impl.LogAppender$AppenderDaemon$$Lambda$426/136956550@1975497d] WARN  server.GrpcLogAppender (GrpcLogAppender.java:mayWait(153)) - fe5755ee-a695-4f61-b92b-3d721cb7d98e@group-392CD9ACBEA3->77fc4d9c-d2cb-491d-92c6-7c69a2ec3ba6-GrpcLogAppender: Wait interrupted by java.lang.InterruptedException
2020-03-27 08:15:44,146 [4f2bc8b4-1be3-4773-881c-e471bed51254@group-64DF7057DAE6-StateMachineUpdater] INFO  impl.StateMachineUpdater (StateMachineUpdater.java:takeSnapshot(274)) - 4f2bc8b4-1be3-4773-881c-e471bed51254@group-64DF7057DAE6-StateMachineUpdater: Took a snapshot at index 0
2020-03-27 08:15:44,146 [4f2bc8b4-1be3-4773-881c-e471bed51254@group-64DF7057DAE6-StateMachineUpdater] INFO  impl.StateMachineUpdater (StateMachineUpdater.java:lambda$new$0(86)) - 4f2bc8b4-1be3-4773-881c-e471bed51254@group-64DF7057DAE6-StateMachineUpdater: snapshotIndex: updateIncreasingly -1 -> 0
2020-03-27 08:15:44,147 [4f2bc8b4-1be3-4773-881c-e471bed51254@group-64DF7057DAE6-StateMachineUpdater] INFO  metrics.RatisMetrics (RatisMetrics.java:unregister(46)) - Unregistering Metrics Registry : ratis.state_machine.4f2bc8b4-1be3-4773-881c-e471bed51254@group-64DF7057DAE6
2020-03-27 08:15:44,147 [grpc-default-executor-11] INFO  server.GrpcServerProtocolService (GrpcServerProtocolService.java:onCompleted(137)) - 77fc4d9c-d2cb-491d-92c6-7c69a2ec3ba6: Completed APPEND_ENTRIES, lastRequest: fe5755ee-a695-4f61-b92b-3d721cb7d98e->77fc4d9c-d2cb-491d-92c6-7c69a2ec3ba6#1-t1, previous=(t:0, i:0), leaderCommit=-1, initializing? false, entries: size=1, first=(t:1, i:0), CONFIGURATIONENTRY
2020-03-27 08:15:44,146 [org.apache.ratis.server.impl.LogAppender$AppenderDaemon$$Lambda$426/136956550@36305b28] WARN  server.GrpcLogAppender (GrpcLogAppender.java:mayWait(153)) - fe5755ee-a695-4f61-b92b-3d721cb7d98e@group-392CD9ACBEA3->6868d56a-2336-4046-a4ac-d6ad311db1a4-GrpcLogAppender: Wait interrupted by java.lang.InterruptedException
2020-03-27 08:15:44,147 [grpc-default-executor-9] INFO  server.GrpcLogAppender (GrpcLogAppender.java:onCompleted(308)) - fe5755ee-a695-4f61-b92b-3d721cb7d98e@group-392CD9ACBEA3->77fc4d9c-d2cb-491d-92c6-7c69a2ec3ba6-AppendLogResponseHandler: follower responses appendEntries COMPLETED
2020-03-27 08:15:44,148 [grpc-default-executor-14] INFO  server.GrpcServerProtocolService (GrpcServerProtocolService.java:onCompleted(137)) - 6868d56a-2336-4046-a4ac-d6ad311db1a4: Completed APPEND_ENTRIES, lastRequest: fe5755ee-a695-4f61-b92b-3d721cb7d98e->6868d56a-2336-4046-a4ac-d6ad311db1a4#1-t1, previous=(t:0, i:0), leaderCommit=0, initializing? false, entries: size=1, first=(t:1, i:0), CONFIGURATIONENTRY
2020-03-27 08:15:44,148 [grpc-default-executor-14] INFO  server.GrpcLogAppender (GrpcLogAppender.java:onCompleted(308)) - fe5755ee-a695-4f61-b92b-3d721cb7d98e@group-392CD9ACBEA3->6868d56a-2336-4046-a4ac-d6ad311db1a4-AppendLogResponseHandler: follower responses appendEntries COMPLETED
2020-03-27 08:15:44,148 [ForkJoinPool.commonPool-worker-0] INFO  impl.RaftServerImpl (ServerState.java:close(387)) - 4f2bc8b4-1be3-4773-881c-e471bed51254@group-64DF7057DAE6: closes. applyIndex: 0
2020-03-27 08:15:44,148 [4f2bc8b4-1be3-4773-881c-e471bed51254@group-64DF7057DAE6-SegmentedRaftLogWorker] INFO  segmented.SegmentedRaftLogWorker (SegmentedRaftLogWorker.java:run(321)) - 4f2bc8b4-1be3-4773-881c-e471bed51254@group-64DF7057DAE6-SegmentedRaftLogWorker was interrupted, exiting. There are 0 tasks remaining in the queue.
2020-03-27 08:15:44,146 [main] INFO  impl.PendingRequests (PendingRequests.java:sendNotLeaderResponses(240)) - fe5755ee-a695-4f61-b92b-3d721cb7d98e@group-392CD9ACBEA3-PendingRequests: sendNotLeaderResponses
2020-03-27 08:15:44,149 [main] INFO  metrics.RatisMetrics (RatisMetrics.java:unregister(46)) - Unregistering Metrics Registry : ratis.log_appender.fe5755ee-a695-4f61-b92b-3d721cb7d98e@group-392CD9ACBEA3
2020-03-27 08:15:44,155 [main] INFO  impl.StateMachineUpdater (StateMachineUpdater.java:stopAndJoin(139)) - fe5755ee-a695-4f61-b92b-3d721cb7d98e@group-392CD9ACBEA3-StateMachineUpdater: set stopIndex = 0
2020-03-27 08:15:44,155 [ForkJoinPool.commonPool-worker-0] INFO  segmented.SegmentedRaftLogWorker (SegmentedRaftLogWorker.java:close(229)) - 4f2bc8b4-1be3-4773-881c-e471bed51254@group-64DF7057DAE6-SegmentedRaftLogWorker close()
2020-03-27 08:15:44,156 [ForkJoinPool.commonPool-worker-0] INFO  metrics.RatisMetrics (RatisMetrics.java:unregister(46)) - Unregistering Metrics Registry : ratis.log_worker.4f2bc8b4-1be3-4773-881c-e471bed51254
2020-03-27 08:15:44,156 [ForkJoinPool.commonPool-worker-0] INFO  metrics.RatisMetrics (RatisMetrics.java:unregister(46)) - Unregistering Metrics Registry : ratis.leader_election.4f2bc8b4-1be3-4773-881c-e471bed51254@group-64DF7057DAE6
2020-03-27 08:15:44,156 [ForkJoinPool.commonPool-worker-0] INFO  metrics.RatisMetrics (RatisMetrics.java:unregister(46)) - Unregistering Metrics Registry : ratis.server.4f2bc8b4-1be3-4773-881c-e471bed51254@group-64DF7057DAE6
2020-03-27 08:15:44,156 [ForkJoinPool.commonPool-worker-0] INFO  impl.RaftServerImpl (RaftServerImpl.java:lambda$shutdown$3(249)) - 4f2bc8b4-1be3-4773-881c-e471bed51254@group-8E4A6CDC4F33: shutdown
2020-03-27 08:15:44,156 [fe5755ee-a695-4f61-b92b-3d721cb7d98e@group-392CD9ACBEA3-StateMachineUpdater] INFO  ratis.ContainerStateMachine (ContainerStateMachine.java:takeSnapshot(295)) - group-392CD9ACBEA3: Taking a snapshot at:(t:1, i:0) file /github/workspace/hadoop-ozone/integration-test/target/test-dir/MiniOzoneClusterImpl-178f0ac1-9287-41ca-b66e-5f4c0e2bc6ba/datanode-4/data/ratis/ebe148e0-e977-4856-8c8a-392cd9acbea3/sm/snapshot.1_0
2020-03-27 08:15:44,156 [ForkJoinPool.commonPool-worker-0] INFO  util.JmxRegister (JmxRegister.java:unregister(73)) - Successfully un-registered JMX Bean with object name Ratis:service=RaftServer,group=group-8E4A6CDC4F33,id=4f2bc8b4-1be3-4773-881c-e471bed51254
2020-03-27 08:15:44,157 [ForkJoinPool.commonPool-worker-0] INFO  impl.RoleInfo (RoleInfo.java:shutdownLeaderState(104)) - 4f2bc8b4-1be3-4773-881c-e471bed51254: shutdown LeaderState
2020-03-27 08:15:44,157 [fe5755ee-a695-4f61-b92b-3d721cb7d98e@group-392CD9ACBEA3-StateMachineUpdater] INFO  ratis.ContainerStateMachine (ContainerStateMachine.java:takeSnapshot(306)) - group-392CD9ACBEA3: Finished taking a snapshot at:(t:1, i:0) file:/github/workspace/hadoop-ozone/integration-test/target/test-dir/MiniOzoneClusterImpl-178f0ac1-9287-41ca-b66e-5f4c0e2bc6ba/datanode-4/data/ratis/ebe148e0-e977-4856-8c8a-392cd9acbea3/sm/snapshot.1_0 time:1
2020-03-27 08:15:44,158 [fe5755ee-a695-4f61-b92b-3d721cb7d98e@group-392CD9ACBEA3-StateMachineUpdater] INFO  impl.StateMachineUpdater (StateMachineUpdater.java:takeSnapshot(274)) - fe5755ee-a695-4f61-b92b-3d721cb7d98e@group-392CD9ACBEA3-StateMachineUpdater: Took a snapshot at index 0
2020-03-27 08:15:44,158 [fe5755ee-a695-4f61-b92b-3d721cb7d98e@group-392CD9ACBEA3-StateMachineUpdater] INFO  impl.StateMachineUpdater (StateMachineUpdater.java:lambda$new$0(86)) - fe5755ee-a695-4f61-b92b-3d721cb7d98e@group-392CD9ACBEA3-StateMachineUpdater: snapshotIndex: updateIncreasingly -1 -> 0
2020-03-27 08:15:44,158 [fe5755ee-a695-4f61-b92b-3d721cb7d98e@group-392CD9ACBEA3-StateMachineUpdater] INFO  metrics.RatisMetrics (RatisMetrics.java:unregister(46)) - Unregistering Metrics Registry : ratis.state_machine.fe5755ee-a695-4f61-b92b-3d721cb7d98e@group-392CD9ACBEA3
2020-03-27 08:15:44,156 [grpc-default-executor-9] INFO  impl.FollowerInfo (FollowerInfo.java:lambda$new$0(50)) - fe5755ee-a695-4f61-b92b-3d721cb7d98e@group-392CD9ACBEA3->77fc4d9c-d2cb-491d-92c6-7c69a2ec3ba6: nextIndex: updateUnconditionally 1 -> 0
2020-03-27 08:15:44,158 [main] INFO  impl.RaftServerImpl (ServerState.java:close(387)) - fe5755ee-a695-4f61-b92b-3d721cb7d98e@group-392CD9ACBEA3: closes. applyIndex: 0
2020-03-27 08:15:44,157 [ForkJoinPool.commonPool-worker-0] INFO  impl.PendingRequests (PendingRequests.java:sendNotLeaderResponses(240)) - 4f2bc8b4-1be3-4773-881c-e471bed51254@group-8E4A6CDC4F33-PendingRequests: sendNotLeaderResponses
2020-03-27 08:15:44,159 [ForkJoinPool.commonPool-worker-0] INFO  metrics.RatisMetrics (RatisMetrics.java:unregister(46)) - Unregistering Metrics Registry : ratis.log_appender.4f2bc8b4-1be3-4773-881c-e471bed51254@group-8E4A6CDC4F33
2020-03-27 08:15:44,159 [ForkJoinPool.commonPool-worker-0] INFO  impl.StateMachineUpdater (StateMachineUpdater.java:stopAndJoin(139)) - 4f2bc8b4-1be3-4773-881c-e471bed51254@group-8E4A6CDC4F33-StateMachineUpdater: set stopIndex = 0
2020-03-27 08:15:44,159 [fe5755ee-a695-4f61-b92b-3d721cb7d98e@group-392CD9ACBEA3-SegmentedRaftLogWorker] INFO  segmented.SegmentedRaftLogWorker (SegmentedRaftLogWorker.java:run(321)) - fe5755ee-a695-4f61-b92b-3d721cb7d98e@group-392CD9ACBEA3-SegmentedRaftLogWorker was interrupted, exiting. There are 0 tasks remaining in the queue.
2020-03-27 08:15:44,159 [4f2bc8b4-1be3-4773-881c-e471bed51254@group-8E4A6CDC4F33-StateMachineUpdater] INFO  ratis.ContainerStateMachine (ContainerStateMachine.java:takeSnapshot(295)) - group-8E4A6CDC4F33: Taking a snapshot at:(t:1, i:0) file /github/workspace/hadoop-ozone/integration-test/target/test-dir/MiniOzoneClusterImpl-178f0ac1-9287-41ca-b66e-5f4c0e2bc6ba/datanode-1/data/ratis/18611790-34f5-49aa-bc60-8e4a6cdc4f33/sm/snapshot.1_0
2020-03-27 08:15:44,158 [grpc-default-executor-14] INFO  impl.FollowerInfo (FollowerInfo.java:lambda$new$0(50)) - fe5755ee-a695-4f61-b92b-3d721cb7d98e@group-392CD9ACBEA3->6868d56a-2336-4046-a4ac-d6ad311db1a4: nextIndex: updateUnconditionally 1 -> 0
2020-03-27 08:15:44,160 [main] INFO  segmented.SegmentedRaftLogWorker (SegmentedRaftLogWorker.java:close(229)) - fe5755ee-a695-4f61-b92b-3d721cb7d98e@group-392CD9ACBEA3-SegmentedRaftLogWorker close()
2020-03-27 08:15:44,160 [4f2bc8b4-1be3-4773-881c-e471bed51254@group-8E4A6CDC4F33-StateMachineUpdater] INFO  ratis.ContainerStateMachine (ContainerStateMachine.java:takeSnapshot(306)) - group-8E4A6CDC4F33: Finished taking a snapshot at:(t:1, i:0) file:/github/workspace/hadoop-ozone/integration-test/target/test-dir/MiniOzoneClusterImpl-178f0ac1-9287-41ca-b66e-5f4c0e2bc6ba/datanode-1/data/ratis/18611790-34f5-49aa-bc60-8e4a6cdc4f33/sm/snapshot.1_0 time:1
2020-03-27 08:15:44,161 [4f2bc8b4-1be3-4773-881c-e471bed51254@group-8E4A6CDC4F33-StateMachineUpdater] INFO  impl.StateMachineUpdater (StateMachineUpdater.java:takeSnapshot(274)) - 4f2bc8b4-1be3-4773-881c-e471bed51254@group-8E4A6CDC4F33-StateMachineUpdater: Took a snapshot at index 0
2020-03-27 08:15:44,161 [4f2bc8b4-1be3-4773-881c-e471bed51254@group-8E4A6CDC4F33-StateMachineUpdater] INFO  impl.StateMachineUpdater (StateMachineUpdater.java:lambda$new$0(86)) - 4f2bc8b4-1be3-4773-881c-e471bed51254@group-8E4A6CDC4F33-StateMachineUpdater: snapshotIndex: updateIncreasingly -1 -> 0
2020-03-27 08:15:44,161 [4f2bc8b4-1be3-4773-881c-e471bed51254@group-8E4A6CDC4F33-StateMachineUpdater] INFO  metrics.RatisMetrics (RatisMetrics.java:unregister(46)) - Unregistering Metrics Registry : ratis.state_machine.4f2bc8b4-1be3-4773-881c-e471bed51254@group-8E4A6CDC4F33
2020-03-27 08:15:44,161 [ForkJoinPool.commonPool-worker-0] INFO  impl.RaftServerImpl (ServerState.java:close(387)) - 4f2bc8b4-1be3-4773-881c-e471bed51254@group-8E4A6CDC4F33: closes. applyIndex: 0
2020-03-27 08:15:44,161 [4f2bc8b4-1be3-4773-881c-e471bed51254@group-8E4A6CDC4F33-SegmentedRaftLogWorker] INFO  segmented.SegmentedRaftLogWorker (SegmentedRaftLogWorker.java:run(321)) - 4f2bc8b4-1be3-4773-881c-e471bed51254@group-8E4A6CDC4F33-SegmentedRaftLogWorker was interrupted, exiting. There are 0 tasks remaining in the queue.
2020-03-27 08:15:44,163 [ForkJoinPool.commonPool-worker-0] INFO  segmented.SegmentedRaftLogWorker (SegmentedRaftLogWorker.java:close(229)) - 4f2bc8b4-1be3-4773-881c-e471bed51254@group-8E4A6CDC4F33-SegmentedRaftLogWorker close()
2020-03-27 08:15:44,163 [ForkJoinPool.commonPool-worker-0] INFO  metrics.RatisMetrics (RatisMetrics.java:unregister(46)) - Unregistering Metrics Registry : ratis.log_worker.4f2bc8b4-1be3-4773-881c-e471bed51254
2020-03-27 08:15:44,163 [ForkJoinPool.commonPool-worker-0] INFO  metrics.RatisMetrics (RatisMetrics.java:unregister(46)) - Unregistering Metrics Registry : ratis.leader_election.4f2bc8b4-1be3-4773-881c-e471bed51254@group-8E4A6CDC4F33
2020-03-27 08:15:44,164 [ForkJoinPool.commonPool-worker-0] INFO  metrics.RatisMetrics (RatisMetrics.java:unregister(46)) - Unregistering Metrics Registry : ratis.server.4f2bc8b4-1be3-4773-881c-e471bed51254@group-8E4A6CDC4F33
2020-03-27 08:15:44,164 [ForkJoinPool.commonPool-worker-0] INFO  impl.RaftServerImpl (RaftServerImpl.java:lambda$shutdown$3(249)) - 4f2bc8b4-1be3-4773-881c-e471bed51254@group-D0F55C6D3FB8: shutdown
2020-03-27 08:15:44,164 [ForkJoinPool.commonPool-worker-0] INFO  util.JmxRegister (JmxRegister.java:unregister(73)) - Successfully un-registered JMX Bean with object name Ratis:service=RaftServer,group=group-D0F55C6D3FB8,id=4f2bc8b4-1be3-4773-881c-e471bed51254
2020-03-27 08:15:44,164 [ForkJoinPool.commonPool-worker-0] INFO  impl.RoleInfo (RoleInfo.java:shutdownFollowerState(121)) - 4f2bc8b4-1be3-4773-881c-e471bed51254: shutdown FollowerState
2020-03-27 08:15:44,164 [ForkJoinPool.commonPool-worker-0] INFO  impl.StateMachineUpdater (StateMachineUpdater.java:stopAndJoin(139)) - 4f2bc8b4-1be3-4773-881c-e471bed51254@group-D0F55C6D3FB8-StateMachineUpdater: set stopIndex = 3
2020-03-27 08:15:44,164 [Thread-3727] INFO  impl.FollowerState (FollowerState.java:run(117)) - 4f2bc8b4-1be3-4773-881c-e471bed51254@group-D0F55C6D3FB8-FollowerState was interrupted: java.lang.InterruptedException: sleep interrupted
2020-03-27 08:15:44,165 [main] INFO  metrics.RatisMetrics (RatisMetrics.java:unregister(46)) - Unregistering Metrics Registry : ratis.log_worker.fe5755ee-a695-4f61-b92b-3d721cb7d98e
2020-03-27 08:15:44,165 [main] INFO  metrics.RatisMetrics (RatisMetrics.java:unregister(46)) - Unregistering Metrics Registry : ratis.leader_election.fe5755ee-a695-4f61-b92b-3d721cb7d98e@group-392CD9ACBEA3
2020-03-27 08:15:44,165 [main] INFO  metrics.RatisMetrics (RatisMetrics.java:unregister(46)) - Unregistering Metrics Registry : ratis.server.fe5755ee-a695-4f61-b92b-3d721cb7d98e@group-392CD9ACBEA3
2020-03-27 08:15:44,165 [main] INFO  impl.RaftServerImpl (RaftServerImpl.java:lambda$shutdown$3(249)) - fe5755ee-a695-4f61-b92b-3d721cb7d98e@group-0E24B733B13C: shutdown
2020-03-27 08:15:44,165 [main] INFO  util.JmxRegister (JmxRegister.java:unregister(73)) - Successfully un-registered JMX Bean with object name Ratis:service=RaftServer,group=group-0E24B733B13C,id=fe5755ee-a695-4f61-b92b-3d721cb7d98e
2020-03-27 08:15:44,165 [main] INFO  impl.RoleInfo (RoleInfo.java:shutdownLeaderState(104)) - fe5755ee-a695-4f61-b92b-3d721cb7d98e: shutdown LeaderState
2020-03-27 08:15:44,166 [main] INFO  impl.PendingRequests (PendingRequests.java:sendNotLeaderResponses(240)) - fe5755ee-a695-4f61-b92b-3d721cb7d98e@group-0E24B733B13C-PendingRequests: sendNotLeaderResponses
2020-03-27 08:15:44,166 [main] INFO  metrics.RatisMetrics (RatisMetrics.java:unregister(46)) - Unregistering Metrics Registry : ratis.log_appender.fe5755ee-a695-4f61-b92b-3d721cb7d98e@group-0E24B733B13C
2020-03-27 08:15:44,166 [main] INFO  impl.StateMachineUpdater (StateMachineUpdater.java:stopAndJoin(139)) - fe5755ee-a695-4f61-b92b-3d721cb7d98e@group-0E24B733B13C-StateMachineUpdater: set stopIndex = 0
2020-03-27 08:15:44,167 [fe5755ee-a695-4f61-b92b-3d721cb7d98e@group-0E24B733B13C-StateMachineUpdater] INFO  ratis.ContainerStateMachine (ContainerStateMachine.java:takeSnapshot(295)) - group-0E24B733B13C: Taking a snapshot at:(t:1, i:0) file /github/workspace/hadoop-ozone/integration-test/target/test-dir/MiniOzoneClusterImpl-178f0ac1-9287-41ca-b66e-5f4c0e2bc6ba/datanode-4/data/ratis/c477f17b-efbb-4f76-ba64-0e24b733b13c/sm/snapshot.1_0
2020-03-27 08:15:44,165 [4f2bc8b4-1be3-4773-881c-e471bed51254@group-D0F55C6D3FB8-StateMachineUpdater] INFO  ratis.ContainerStateMachine (ContainerStateMachine.java:takeSnapshot(295)) - group-D0F55C6D3FB8: Taking a snapshot at:(t:1, i:3) file /github/workspace/hadoop-ozone/integration-test/target/test-dir/MiniOzoneClusterImpl-178f0ac1-9287-41ca-b66e-5f4c0e2bc6ba/datanode-1/data/ratis/20a375a9-ac96-459f-a59f-d0f55c6d3fb8/sm/snapshot.1_3
2020-03-27 08:15:44,168 [fe5755ee-a695-4f61-b92b-3d721cb7d98e@group-0E24B733B13C-StateMachineUpdater] INFO  ratis.ContainerStateMachine (ContainerStateMachine.java:takeSnapshot(306)) - group-0E24B733B13C: Finished taking a snapshot at:(t:1, i:0) file:/github/workspace/hadoop-ozone/integration-test/target/test-dir/MiniOzoneClusterImpl-178f0ac1-9287-41ca-b66e-5f4c0e2bc6ba/datanode-4/data/ratis/c477f17b-efbb-4f76-ba64-0e24b733b13c/sm/snapshot.1_0 time:0
2020-03-27 08:15:44,168 [fe5755ee-a695-4f61-b92b-3d721cb7d98e@group-0E24B733B13C-StateMachineUpdater] INFO  impl.StateMachineUpdater (StateMachineUpdater.java:takeSnapshot(274)) - fe5755ee-a695-4f61-b92b-3d721cb7d98e@group-0E24B733B13C-StateMachineUpdater: Took a snapshot at index 0
2020-03-27 08:15:44,168 [fe5755ee-a695-4f61-b92b-3d721cb7d98e@group-0E24B733B13C-StateMachineUpdater] INFO  impl.StateMachineUpdater (StateMachineUpdater.java:lambda$new$0(86)) - fe5755ee-a695-4f61-b92b-3d721cb7d98e@group-0E24B733B13C-StateMachineUpdater: snapshotIndex: updateIncreasingly -1 -> 0
2020-03-27 08:15:44,168 [fe5755ee-a695-4f61-b92b-3d721cb7d98e@group-0E24B733B13C-StateMachineUpdater] INFO  metrics.RatisMetrics (RatisMetrics.java:unregister(46)) - Unregistering Metrics Registry : ratis.state_machine.fe5755ee-a695-4f61-b92b-3d721cb7d98e@group-0E24B733B13C
2020-03-27 08:15:44,168 [main] INFO  impl.RaftServerImpl (ServerState.java:close(387)) - fe5755ee-a695-4f61-b92b-3d721cb7d98e@group-0E24B733B13C: closes. applyIndex: 0
2020-03-27 08:15:44,169 [fe5755ee-a695-4f61-b92b-3d721cb7d98e@group-0E24B733B13C-SegmentedRaftLogWorker] INFO  segmented.SegmentedRaftLogWorker (SegmentedRaftLogWorker.java:run(321)) - fe5755ee-a695-4f61-b92b-3d721cb7d98e@group-0E24B733B13C-SegmentedRaftLogWorker was interrupted, exiting. There are 0 tasks remaining in the queue.
2020-03-27 08:15:44,169 [4f2bc8b4-1be3-4773-881c-e471bed51254@group-D0F55C6D3FB8-StateMachineUpdater] INFO  ratis.ContainerStateMachine (ContainerStateMachine.java:takeSnapshot(306)) - group-D0F55C6D3FB8: Finished taking a snapshot at:(t:1, i:3) file:/github/workspace/hadoop-ozone/integration-test/target/test-dir/MiniOzoneClusterImpl-178f0ac1-9287-41ca-b66e-5f4c0e2bc6ba/datanode-1/data/ratis/20a375a9-ac96-459f-a59f-d0f55c6d3fb8/sm/snapshot.1_3 time:4
2020-03-27 08:15:44,169 [4f2bc8b4-1be3-4773-881c-e471bed51254@group-D0F55C6D3FB8-StateMachineUpdater] INFO  impl.StateMachineUpdater (StateMachineUpdater.java:takeSnapshot(274)) - 4f2bc8b4-1be3-4773-881c-e471bed51254@group-D0F55C6D3FB8-StateMachineUpdater: Took a snapshot at index 3
2020-03-27 08:15:44,169 [4f2bc8b4-1be3-4773-881c-e471bed51254@group-D0F55C6D3FB8-StateMachineUpdater] INFO  impl.StateMachineUpdater (StateMachineUpdater.java:lambda$new$0(86)) - 4f2bc8b4-1be3-4773-881c-e471bed51254@group-D0F55C6D3FB8-StateMachineUpdater: snapshotIndex: updateIncreasingly -1 -> 3
2020-03-27 08:15:44,169 [4f2bc8b4-1be3-4773-881c-e471bed51254@group-D0F55C6D3FB8-StateMachineUpdater] INFO  metrics.RatisMetrics (RatisMetrics.java:unregister(46)) - Unregistering Metrics Registry : ratis.state_machine.4f2bc8b4-1be3-4773-881c-e471bed51254@group-D0F55C6D3FB8
2020-03-27 08:15:44,170 [ForkJoinPool.commonPool-worker-0] INFO  impl.RaftServerImpl (ServerState.java:close(387)) - 4f2bc8b4-1be3-4773-881c-e471bed51254@group-D0F55C6D3FB8: closes. applyIndex: 3
2020-03-27 08:15:44,170 [4f2bc8b4-1be3-4773-881c-e471bed51254@group-D0F55C6D3FB8-SegmentedRaftLogWorker] INFO  segmented.SegmentedRaftLogWorker (SegmentedRaftLogWorker.java:run(321)) - 4f2bc8b4-1be3-4773-881c-e471bed51254@group-D0F55C6D3FB8-SegmentedRaftLogWorker was interrupted, exiting. There are 0 tasks remaining in the queue.
2020-03-27 08:15:44,170 [ForkJoinPool.commonPool-worker-0] INFO  segmented.SegmentedRaftLogWorker (SegmentedRaftLogWorker.java:close(229)) - 4f2bc8b4-1be3-4773-881c-e471bed51254@group-D0F55C6D3FB8-SegmentedRaftLogWorker close()
2020-03-27 08:15:44,170 [ForkJoinPool.commonPool-worker-0] INFO  metrics.RatisMetrics (RatisMetrics.java:unregister(46)) - Unregistering Metrics Registry : ratis.log_worker.4f2bc8b4-1be3-4773-881c-e471bed51254
2020-03-27 08:15:44,170 [ForkJoinPool.commonPool-worker-0] INFO  metrics.RatisMetrics (RatisMetrics.java:unregister(46)) - Unregistering Metrics Registry : ratis.leader_election.4f2bc8b4-1be3-4773-881c-e471bed51254@group-D0F55C6D3FB8
2020-03-27 08:15:44,170 [ForkJoinPool.commonPool-worker-0] INFO  metrics.RatisMetrics (RatisMetrics.java:unregister(46)) - Unregistering Metrics Registry : ratis.server.4f2bc8b4-1be3-4773-881c-e471bed51254@group-D0F55C6D3FB8
2020-03-27 08:15:44,170 [ForkJoinPool.commonPool-worker-0] INFO  server.GrpcService (GrpcService.java:closeImpl(164)) - 4f2bc8b4-1be3-4773-881c-e471bed51254: shutdown server with port 40125 now
2020-03-27 08:15:44,171 [main] INFO  segmented.SegmentedRaftLogWorker (SegmentedRaftLogWorker.java:close(229)) - fe5755ee-a695-4f61-b92b-3d721cb7d98e@group-0E24B733B13C-SegmentedRaftLogWorker close()
2020-03-27 08:15:44,171 [main] INFO  metrics.RatisMetrics (RatisMetrics.java:unregister(46)) - Unregistering Metrics Registry : ratis.log_worker.fe5755ee-a695-4f61-b92b-3d721cb7d98e
2020-03-27 08:15:44,171 [main] INFO  metrics.RatisMetrics (RatisMetrics.java:unregister(46)) - Unregistering Metrics Registry : ratis.leader_election.fe5755ee-a695-4f61-b92b-3d721cb7d98e@group-0E24B733B13C
2020-03-27 08:15:44,171 [main] INFO  metrics.RatisMetrics (RatisMetrics.java:unregister(46)) - Unregistering Metrics Registry : ratis.server.fe5755ee-a695-4f61-b92b-3d721cb7d98e@group-0E24B733B13C
2020-03-27 08:15:44,171 [main] INFO  server.GrpcService (GrpcService.java:closeImpl(164)) - fe5755ee-a695-4f61-b92b-3d721cb7d98e: shutdown server with port 43435 now
2020-03-27 08:15:44,172 [grpc-default-executor-13] WARN  server.GrpcServerProtocolService (LogUtils.java:warn(122)) - 4f2bc8b4-1be3-4773-881c-e471bed51254: installSnapshot onError, lastRequest: c40590c3-a50d-4a7b-bb23-afdf12d31292->4f2bc8b4-1be3-4773-881c-e471bed51254#1-t1, previous=(t:0, i:0), leaderCommit=0, initializing? false, entries: size=1, first=(t:1, i:0), CONFIGURATIONENTRY: org.apache.ratis.thirdparty.io.grpc.StatusRuntimeException: CANCELLED: cancelled before receiving half close
2020-03-27 08:15:44,173 [grpc-default-executor-9] WARN  server.GrpcServerProtocolService (LogUtils.java:warn(122)) - 4f2bc8b4-1be3-4773-881c-e471bed51254: installSnapshot onError, lastRequest: c40590c3-a50d-4a7b-bb23-afdf12d31292->4f2bc8b4-1be3-4773-881c-e471bed51254#13-t1, previous=(t:1, i:2), leaderCommit=2, initializing? false, entries: size=1, first=(t:1, i:3), METADATAENTRY(c:2): org.apache.ratis.thirdparty.io.grpc.StatusRuntimeException: CANCELLED: cancelled before receiving half close
2020-03-27 08:15:44,173 [ForkJoinPool.commonPool-worker-0] INFO  server.GrpcService (GrpcService.java:closeImpl(172)) - 4f2bc8b4-1be3-4773-881c-e471bed51254: shutdown server with port 40125 successfully
2020-03-27 08:15:44,173 [grpc-default-executor-5] WARN  server.GrpcLogAppender (LogUtils.java:warn(122)) - c40590c3-a50d-4a7b-bb23-afdf12d31292@group-D0F55C6D3FB8->4f2bc8b4-1be3-4773-881c-e471bed51254-AppendLogResponseHandler: Failed appendEntries: org.apache.ratis.thirdparty.io.grpc.StatusRuntimeException: CANCELLED: HTTP/2 error code: CANCEL
Received Rst Stream
2020-03-27 08:15:44,173 [grpc-default-executor-12] WARN  server.GrpcLogAppender (LogUtils.java:warn(122)) - c40590c3-a50d-4a7b-bb23-afdf12d31292@group-64DF7057DAE6->4f2bc8b4-1be3-4773-881c-e471bed51254-AppendLogResponseHandler: Failed appendEntries: org.apache.ratis.thirdparty.io.grpc.StatusRuntimeException: CANCELLED: HTTP/2 error code: CANCEL
Received Rst Stream
2020-03-27 08:15:44,174 [grpc-default-executor-11] WARN  server.GrpcServerProtocolService (LogUtils.java:warn(122)) - fe5755ee-a695-4f61-b92b-3d721cb7d98e: installSnapshot onError, lastRequest: 77fc4d9c-d2cb-491d-92c6-7c69a2ec3ba6->fe5755ee-a695-4f61-b92b-3d721cb7d98e#1-t1, previous=(t:0, i:0), leaderCommit=-1, initializing? false, entries: size=1, first=(t:1, i:0), CONFIGURATIONENTRY: org.apache.ratis.thirdparty.io.grpc.StatusRuntimeException: CANCELLED: cancelled before receiving half close
2020-03-27 08:15:44,174 [grpc-default-executor-9] WARN  server.GrpcLogAppender (LogUtils.java:warn(122)) - 77fc4d9c-d2cb-491d-92c6-7c69a2ec3ba6@group-C2F994A7515B->fe5755ee-a695-4f61-b92b-3d721cb7d98e-AppendLogResponseHandler: Failed appendEntries: org.apache.ratis.thirdparty.io.grpc.StatusRuntimeException: CANCELLED: HTTP/2 error code: CANCEL
Received Rst Stream
2020-03-27 08:15:44,174 [main] INFO  server.GrpcService (GrpcService.java:closeImpl(172)) - fe5755ee-a695-4f61-b92b-3d721cb7d98e: shutdown server with port 43435 successfully
2020-03-27 08:15:44,184 [grpc-default-executor-12] INFO  impl.FollowerInfo (FollowerInfo.java:lambda$new$0(50)) - c40590c3-a50d-4a7b-bb23-afdf12d31292@group-64DF7057DAE6->4f2bc8b4-1be3-4773-881c-e471bed51254: nextIndex: updateUnconditionally 1 -> 0
2020-03-27 08:15:44,195 [grpc-default-executor-5] INFO  impl.FollowerInfo (FollowerInfo.java:lambda$new$0(50)) - c40590c3-a50d-4a7b-bb23-afdf12d31292@group-D0F55C6D3FB8->4f2bc8b4-1be3-4773-881c-e471bed51254: nextIndex: updateUnconditionally 4 -> 3
2020-03-27 08:15:44,198 [grpc-default-executor-9] INFO  impl.FollowerInfo (FollowerInfo.java:lambda$new$0(50)) - 77fc4d9c-d2cb-491d-92c6-7c69a2ec3ba6@group-C2F994A7515B->fe5755ee-a695-4f61-b92b-3d721cb7d98e: nextIndex: updateUnconditionally 1 -> 0
2020-03-27 08:15:44,210 [main] INFO  utils.BackgroundService (BackgroundService.java:shutdown(157)) - Shutting down service BlockDeletingService
2020-03-27 08:15:44,217 [ForkJoinPool.commonPool-worker-0] INFO  utils.BackgroundService (BackgroundService.java:shutdown(157)) - Shutting down service BlockDeletingService
2020-03-27 08:15:44,221 [ForkJoinPool.commonPool-worker-0] INFO  statemachine.DatanodeStateMachine (DatanodeStateMachine.java:stopDaemon(435)) - Ozone container server stopped.
2020-03-27 08:15:44,221 [main] INFO  statemachine.DatanodeStateMachine (DatanodeStateMachine.java:stopDaemon(435)) - Ozone container server stopped.
2020-03-27 08:15:44,224 [main] INFO  handler.ContextHandler (ContextHandler.java:doStop(1016)) - Stopped o.e.j.w.WebAppContext@6b86b36{hddsDatanode,/,null,UNAVAILABLE}{jar:file:/home/user/.m2/repository/org/apache/hadoop/hadoop-hdds-container-service/0.5.0-SNAPSHOT/hadoop-hdds-container-service-0.5.0-SNAPSHOT.jar!/webapps/hddsDatanode}
2020-03-27 08:15:44,224 [ForkJoinPool.commonPool-worker-0] INFO  handler.ContextHandler (ContextHandler.java:doStop(1016)) - Stopped o.e.j.w.WebAppContext@436d06c3{hddsDatanode,/,null,UNAVAILABLE}{jar:file:/home/user/.m2/repository/org/apache/hadoop/hadoop-hdds-container-service/0.5.0-SNAPSHOT/hadoop-hdds-container-service-0.5.0-SNAPSHOT.jar!/webapps/hddsDatanode}
2020-03-27 08:15:44,225 [main] INFO  server.AbstractConnector (AbstractConnector.java:doStop(380)) - Stopped ServerConnector@64ac2054{HTTP/1.1,[http/1.1]}{0.0.0.0:0}
2020-03-27 08:15:44,225 [main] INFO  server.session (HouseKeeper.java:stopScavenging(158)) - node0 Stopped scavenging
2020-03-27 08:15:44,225 [main] INFO  handler.ContextHandler (ContextHandler.java:doStop(1016)) - Stopped o.e.j.s.ServletContextHandler@3fb9f17b{static,/static,jar:file:/home/user/.m2/repository/org/apache/hadoop/hadoop-hdds-container-service/0.5.0-SNAPSHOT/hadoop-hdds-container-service-0.5.0-SNAPSHOT.jar!/webapps/static,UNAVAILABLE}
2020-03-27 08:15:44,226 [main] INFO  handler.ContextHandler (ContextHandler.java:doStop(1016)) - Stopped o.e.j.s.ServletContextHandler@7ff5f035{logs,/logs,file:///github/workspace/hadoop-ozone/integration-test/target/log,UNAVAILABLE}
2020-03-27 08:15:44,225 [ForkJoinPool.commonPool-worker-0] INFO  server.AbstractConnector (AbstractConnector.java:doStop(380)) - Stopped ServerConnector@331e68a5{HTTP/1.1,[http/1.1]}{0.0.0.0:0}
2020-03-27 08:15:44,226 [ForkJoinPool.commonPool-worker-0] INFO  server.session (HouseKeeper.java:stopScavenging(158)) - node0 Stopped scavenging
2020-03-27 08:15:44,227 [ForkJoinPool.commonPool-worker-0] INFO  handler.ContextHandler (ContextHandler.java:doStop(1016)) - Stopped o.e.j.s.ServletContextHandler@4a86be58{static,/static,jar:file:/home/user/.m2/repository/org/apache/hadoop/hadoop-hdds-container-service/0.5.0-SNAPSHOT/hadoop-hdds-container-service-0.5.0-SNAPSHOT.jar!/webapps/static,UNAVAILABLE}
2020-03-27 08:15:44,228 [ForkJoinPool.commonPool-worker-0] INFO  handler.ContextHandler (ContextHandler.java:doStop(1016)) - Stopped o.e.j.s.ServletContextHandler@3a612e8{logs,/logs,file:///github/workspace/hadoop-ozone/integration-test/target/log,UNAVAILABLE}
2020-03-27 08:15:44,475 [grpc-default-executor-9] WARN  server.GrpcLogAppender (LogUtils.java:warn(122)) - c40590c3-a50d-4a7b-bb23-afdf12d31292@group-64DF7057DAE6->4f2bc8b4-1be3-4773-881c-e471bed51254-AppendLogResponseHandler: Failed appendEntries: org.apache.ratis.thirdparty.io.grpc.StatusRuntimeException: UNAVAILABLE: io exception
2020-03-27 08:15:44,476 [grpc-default-executor-9] INFO  impl.FollowerInfo (FollowerInfo.java:lambda$new$0(50)) - c40590c3-a50d-4a7b-bb23-afdf12d31292@group-64DF7057DAE6->4f2bc8b4-1be3-4773-881c-e471bed51254: nextIndex: updateUnconditionally 1 -> 0
2020-03-27 08:15:44,576 [grpc-default-executor-9] WARN  server.GrpcLogAppender (LogUtils.java:warn(122)) - 77fc4d9c-d2cb-491d-92c6-7c69a2ec3ba6@group-C2F994A7515B->fe5755ee-a695-4f61-b92b-3d721cb7d98e-AppendLogResponseHandler: Failed appendEntries: org.apache.ratis.thirdparty.io.grpc.StatusRuntimeException: UNAVAILABLE: io exception
2020-03-27 08:15:44,578 [grpc-default-executor-9] INFO  impl.FollowerInfo (FollowerInfo.java:lambda$new$0(50)) - 77fc4d9c-d2cb-491d-92c6-7c69a2ec3ba6@group-C2F994A7515B->fe5755ee-a695-4f61-b92b-3d721cb7d98e: nextIndex: updateUnconditionally 1 -> 0
2020-03-27 08:15:44,938 [Datanode State Machine Thread - 0] INFO  statemachine.DatanodeStateMachine (DatanodeStateMachine.java:lambda$startDaemon$0(387)) - Ozone container server started.
2020-03-27 08:15:45,087 [Datanode State Machine Thread - 0] INFO  statemachine.DatanodeStateMachine (DatanodeStateMachine.java:lambda$startDaemon$0(387)) - Ozone container server started.
2020-03-27 08:15:46,619 [grpc-default-executor-9] WARN  server.GrpcLogAppender (LogUtils.java:warn(122)) - c40590c3-a50d-4a7b-bb23-afdf12d31292@group-D0F55C6D3FB8->4f2bc8b4-1be3-4773-881c-e471bed51254-AppendLogResponseHandler: Failed appendEntries: org.apache.ratis.thirdparty.io.grpc.StatusRuntimeException: UNAVAILABLE: io exception
2020-03-27 08:15:46,620 [grpc-default-executor-9] INFO  impl.FollowerInfo (FollowerInfo.java:lambda$new$0(50)) - c40590c3-a50d-4a7b-bb23-afdf12d31292@group-D0F55C6D3FB8->4f2bc8b4-1be3-4773-881c-e471bed51254: nextIndex: updateUnconditionally 4 -> 3
2020-03-27 08:15:46,978 [grpc-default-executor-5] WARN  server.GrpcLogAppender (LogUtils.java:warn(122)) - c40590c3-a50d-4a7b-bb23-afdf12d31292@group-64DF7057DAE6->4f2bc8b4-1be3-4773-881c-e471bed51254-AppendLogResponseHandler: Failed appendEntries: org.apache.ratis.thirdparty.io.grpc.StatusRuntimeException: UNAVAILABLE: io exception
2020-03-27 08:15:46,979 [grpc-default-executor-5] INFO  impl.FollowerInfo (FollowerInfo.java:lambda$new$0(50)) - c40590c3-a50d-4a7b-bb23-afdf12d31292@group-64DF7057DAE6->4f2bc8b4-1be3-4773-881c-e471bed51254: nextIndex: updateUnconditionally 1 -> 0
2020-03-27 08:15:47,077 [grpc-default-executor-9] WARN  server.GrpcLogAppender (LogUtils.java:warn(122)) - 77fc4d9c-d2cb-491d-92c6-7c69a2ec3ba6@group-C2F994A7515B->fe5755ee-a695-4f61-b92b-3d721cb7d98e-AppendLogResponseHandler: Failed appendEntries: org.apache.ratis.thirdparty.io.grpc.StatusRuntimeException: UNAVAILABLE: io exception
2020-03-27 08:15:47,079 [grpc-default-executor-9] INFO  impl.FollowerInfo (FollowerInfo.java:lambda$new$0(50)) - 77fc4d9c-d2cb-491d-92c6-7c69a2ec3ba6@group-C2F994A7515B->fe5755ee-a695-4f61-b92b-3d721cb7d98e: nextIndex: updateUnconditionally 1 -> 0
2020-03-27 08:15:48,984 [EventQueue-StaleNodeForStaleNodeHandler] INFO  node.StaleNodeHandler (StaleNodeHandler.java:onMessage(58)) - Datanode fe5755ee-a695-4f61-b92b-3d721cb7d98e{ip: 172.17.0.2, host: 767d39cb30d6, networkLocation: /default-rack, certSerialId: null} moved to stale state. Finalizing its pipelines [PipelineID=ec296b66-8a13-4194-823f-c2f994a7515b, PipelineID=ebe148e0-e977-4856-8c8a-392cd9acbea3, PipelineID=c477f17b-efbb-4f76-ba64-0e24b733b13c]
2020-03-27 08:15:48,984 [EventQueue-StaleNodeForStaleNodeHandler] INFO  pipeline.SCMPipelineManager (SCMPipelineManager.java:finalizeAndDestroyPipeline(391)) - Destroying pipeline:Pipeline[ Id: ec296b66-8a13-4194-823f-c2f994a7515b, Nodes: 6868d56a-2336-4046-a4ac-d6ad311db1a4{ip: 172.17.0.2, host: 767d39cb30d6, networkLocation: /default-rack, certSerialId: null}77fc4d9c-d2cb-491d-92c6-7c69a2ec3ba6{ip: 172.17.0.2, host: 767d39cb30d6, networkLocation: /default-rack, certSerialId: null}fe5755ee-a695-4f61-b92b-3d721cb7d98e{ip: 172.17.0.2, host: 767d39cb30d6, networkLocation: /default-rack, certSerialId: null}, Type:RATIS, Factor:THREE, State:OPEN, leaderId:77fc4d9c-d2cb-491d-92c6-7c69a2ec3ba6, CreationTimestamp2020-03-27T08:15:34.962Z]
2020-03-27 08:15:48,984 [EventQueue-StaleNodeForStaleNodeHandler] INFO  pipeline.PipelineStateManager (PipelineStateManager.java:finalizePipeline(120)) - Pipeline Pipeline[ Id: ec296b66-8a13-4194-823f-c2f994a7515b, Nodes: 6868d56a-2336-4046-a4ac-d6ad311db1a4{ip: 172.17.0.2, host: 767d39cb30d6, networkLocation: /default-rack, certSerialId: null}77fc4d9c-d2cb-491d-92c6-7c69a2ec3ba6{ip: 172.17.0.2, host: 767d39cb30d6, networkLocation: /default-rack, certSerialId: null}fe5755ee-a695-4f61-b92b-3d721cb7d98e{ip: 172.17.0.2, host: 767d39cb30d6, networkLocation: /default-rack, certSerialId: null}, Type:RATIS, Factor:THREE, State:CLOSED, leaderId:77fc4d9c-d2cb-491d-92c6-7c69a2ec3ba6, CreationTimestamp2020-03-27T08:15:34.962Z] moved to CLOSED state
2020-03-27 08:15:48,984 [EventQueue-StaleNodeForStaleNodeHandler] INFO  pipeline.SCMPipelineManager (SCMPipelineManager.java:finalizeAndDestroyPipeline(391)) - Destroying pipeline:Pipeline[ Id: ebe148e0-e977-4856-8c8a-392cd9acbea3, Nodes: 77fc4d9c-d2cb-491d-92c6-7c69a2ec3ba6{ip: 172.17.0.2, host: 767d39cb30d6, networkLocation: /default-rack, certSerialId: null}6868d56a-2336-4046-a4ac-d6ad311db1a4{ip: 172.17.0.2, host: 767d39cb30d6, networkLocation: /default-rack, certSerialId: null}fe5755ee-a695-4f61-b92b-3d721cb7d98e{ip: 172.17.0.2, host: 767d39cb30d6, networkLocation: /default-rack, certSerialId: null}, Type:RATIS, Factor:THREE, State:ALLOCATED, leaderId:null, CreationTimestamp2020-03-27T08:15:34.959Z]
2020-03-27 08:15:48,984 [EventQueue-StaleNodeForStaleNodeHandler] INFO  pipeline.PipelineStateManager (PipelineStateManager.java:finalizePipeline(120)) - Pipeline Pipeline[ Id: ebe148e0-e977-4856-8c8a-392cd9acbea3, Nodes: 77fc4d9c-d2cb-491d-92c6-7c69a2ec3ba6{ip: 172.17.0.2, host: 767d39cb30d6, networkLocation: /default-rack, certSerialId: null}6868d56a-2336-4046-a4ac-d6ad311db1a4{ip: 172.17.0.2, host: 767d39cb30d6, networkLocation: /default-rack, certSerialId: null}fe5755ee-a695-4f61-b92b-3d721cb7d98e{ip: 172.17.0.2, host: 767d39cb30d6, networkLocation: /default-rack, certSerialId: null}, Type:RATIS, Factor:THREE, State:CLOSED, leaderId:null, CreationTimestamp2020-03-27T08:15:34.959Z] moved to CLOSED state
2020-03-27 08:15:48,984 [EventQueue-StaleNodeForStaleNodeHandler] INFO  pipeline.SCMPipelineManager (SCMPipelineManager.java:finalizeAndDestroyPipeline(391)) - Destroying pipeline:Pipeline[ Id: c477f17b-efbb-4f76-ba64-0e24b733b13c, Nodes: fe5755ee-a695-4f61-b92b-3d721cb7d98e{ip: 172.17.0.2, host: 767d39cb30d6, networkLocation: /default-rack, certSerialId: null}, Type:RATIS, Factor:ONE, State:OPEN, leaderId:fe5755ee-a695-4f61-b92b-3d721cb7d98e, CreationTimestamp2020-03-27T08:15:06.462Z]
2020-03-27 08:15:48,984 [EventQueue-StaleNodeForStaleNodeHandler] INFO  pipeline.PipelineStateManager (PipelineStateManager.java:finalizePipeline(120)) - Pipeline Pipeline[ Id: c477f17b-efbb-4f76-ba64-0e24b733b13c, Nodes: fe5755ee-a695-4f61-b92b-3d721cb7d98e{ip: 172.17.0.2, host: 767d39cb30d6, networkLocation: /default-rack, certSerialId: null}, Type:RATIS, Factor:ONE, State:CLOSED, leaderId:fe5755ee-a695-4f61-b92b-3d721cb7d98e, CreationTimestamp2020-03-27T08:15:06.462Z] moved to CLOSED state
2020-03-27 08:15:49,120 [grpc-default-executor-9] WARN  server.GrpcLogAppender (LogUtils.java:warn(122)) - c40590c3-a50d-4a7b-bb23-afdf12d31292@group-D0F55C6D3FB8->4f2bc8b4-1be3-4773-881c-e471bed51254-AppendLogResponseHandler: Failed appendEntries: org.apache.ratis.thirdparty.io.grpc.StatusRuntimeException: UNAVAILABLE: io exception
2020-03-27 08:15:49,123 [grpc-default-executor-9] INFO  impl.FollowerInfo (FollowerInfo.java:lambda$new$0(50)) - c40590c3-a50d-4a7b-bb23-afdf12d31292@group-D0F55C6D3FB8->4f2bc8b4-1be3-4773-881c-e471bed51254: nextIndex: updateUnconditionally 4 -> 3
2020-03-27 08:15:49,184 [EventQueue-StaleNodeForStaleNodeHandler] INFO  node.StaleNodeHandler (StaleNodeHandler.java:onMessage(58)) - Datanode 4f2bc8b4-1be3-4773-881c-e471bed51254{ip: 172.17.0.2, host: 767d39cb30d6, networkLocation: /default-rack, certSerialId: null} moved to stale state. Finalizing its pipelines [PipelineID=191e791d-f3bf-4488-ad6f-64df7057dae6, PipelineID=18611790-34f5-49aa-bc60-8e4a6cdc4f33, PipelineID=20a375a9-ac96-459f-a59f-d0f55c6d3fb8]
2020-03-27 08:15:49,184 [EventQueue-StaleNodeForStaleNodeHandler] INFO  pipeline.SCMPipelineManager (SCMPipelineManager.java:finalizeAndDestroyPipeline(391)) - Destroying pipeline:Pipeline[ Id: 191e791d-f3bf-4488-ad6f-64df7057dae6, Nodes: 786ae2ec-8760-4167-ab23-b7e9b601edc4{ip: 172.17.0.2, host: 767d39cb30d6, networkLocation: /default-rack, certSerialId: null}c40590c3-a50d-4a7b-bb23-afdf12d31292{ip: 172.17.0.2, host: 767d39cb30d6, networkLocation: /default-rack, certSerialId: null}4f2bc8b4-1be3-4773-881c-e471bed51254{ip: 172.17.0.2, host: 767d39cb30d6, networkLocation: /default-rack, certSerialId: null}, Type:RATIS, Factor:THREE, State:OPEN, leaderId:c40590c3-a50d-4a7b-bb23-afdf12d31292, CreationTimestamp2020-03-27T08:15:06.338Z]
2020-03-27 08:15:49,184 [EventQueue-StaleNodeForStaleNodeHandler] INFO  pipeline.PipelineStateManager (PipelineStateManager.java:finalizePipeline(120)) - Pipeline Pipeline[ Id: 191e791d-f3bf-4488-ad6f-64df7057dae6, Nodes: 786ae2ec-8760-4167-ab23-b7e9b601edc4{ip: 172.17.0.2, host: 767d39cb30d6, networkLocation: /default-rack, certSerialId: null}c40590c3-a50d-4a7b-bb23-afdf12d31292{ip: 172.17.0.2, host: 767d39cb30d6, networkLocation: /default-rack, certSerialId: null}4f2bc8b4-1be3-4773-881c-e471bed51254{ip: 172.17.0.2, host: 767d39cb30d6, networkLocation: /default-rack, certSerialId: null}, Type:RATIS, Factor:THREE, State:CLOSED, leaderId:c40590c3-a50d-4a7b-bb23-afdf12d31292, CreationTimestamp2020-03-27T08:15:06.338Z] moved to CLOSED state
2020-03-27 08:15:49,185 [EventQueue-StaleNodeForStaleNodeHandler] INFO  pipeline.SCMPipelineManager (SCMPipelineManager.java:finalizeAndDestroyPipeline(391)) - Destroying pipeline:Pipeline[ Id: 18611790-34f5-49aa-bc60-8e4a6cdc4f33, Nodes: 4f2bc8b4-1be3-4773-881c-e471bed51254{ip: 172.17.0.2, host: 767d39cb30d6, networkLocation: /default-rack, certSerialId: null}, Type:RATIS, Factor:ONE, State:OPEN, leaderId:4f2bc8b4-1be3-4773-881c-e471bed51254, CreationTimestamp2020-03-27T08:15:06.272Z]
2020-03-27 08:15:49,185 [EventQueue-StaleNodeForStaleNodeHandler] INFO  pipeline.PipelineStateManager (PipelineStateManager.java:finalizePipeline(120)) - Pipeline Pipeline[ Id: 18611790-34f5-49aa-bc60-8e4a6cdc4f33, Nodes: 4f2bc8b4-1be3-4773-881c-e471bed51254{ip: 172.17.0.2, host: 767d39cb30d6, networkLocation: /default-rack, certSerialId: null}, Type:RATIS, Factor:ONE, State:CLOSED, leaderId:4f2bc8b4-1be3-4773-881c-e471bed51254, CreationTimestamp2020-03-27T08:15:06.272Z] moved to CLOSED state
2020-03-27 08:15:49,185 [EventQueue-StaleNodeForStaleNodeHandler] INFO  pipeline.SCMPipelineManager (SCMPipelineManager.java:finalizeAndDestroyPipeline(391)) - Destroying pipeline:Pipeline[ Id: 20a375a9-ac96-459f-a59f-d0f55c6d3fb8, Nodes: 786ae2ec-8760-4167-ab23-b7e9b601edc4{ip: 172.17.0.2, host: 767d39cb30d6, networkLocation: /default-rack, certSerialId: null}4f2bc8b4-1be3-4773-881c-e471bed51254{ip: 172.17.0.2, host: 767d39cb30d6, networkLocation: /default-rack, certSerialId: null}c40590c3-a50d-4a7b-bb23-afdf12d31292{ip: 172.17.0.2, host: 767d39cb30d6, networkLocation: /default-rack, certSerialId: null}, Type:RATIS, Factor:THREE, State:OPEN, leaderId:c40590c3-a50d-4a7b-bb23-afdf12d31292, CreationTimestamp2020-03-27T08:15:06.337Z]
2020-03-27 08:15:49,185 [EventQueue-StaleNodeForStaleNodeHandler] INFO  pipeline.PipelineStateManager (PipelineStateManager.java:finalizePipeline(120)) - Pipeline Pipeline[ Id: 20a375a9-ac96-459f-a59f-d0f55c6d3fb8, Nodes: 786ae2ec-8760-4167-ab23-b7e9b601edc4{ip: 172.17.0.2, host: 767d39cb30d6, networkLocation: /default-rack, certSerialId: null}4f2bc8b4-1be3-4773-881c-e471bed51254{ip: 172.17.0.2, host: 767d39cb30d6, networkLocation: /default-rack, certSerialId: null}c40590c3-a50d-4a7b-bb23-afdf12d31292{ip: 172.17.0.2, host: 767d39cb30d6, networkLocation: /default-rack, certSerialId: null}, Type:RATIS, Factor:THREE, State:CLOSED, leaderId:c40590c3-a50d-4a7b-bb23-afdf12d31292, CreationTimestamp2020-03-27T08:15:06.337Z] moved to CLOSED state
2020-03-27 08:15:49,185 [EventQueue-CloseContainerForCloseContainerEventHandler] INFO  container.CloseContainerEventHandler (CloseContainerEventHandler.java:onMessage(61)) - Close container Event triggered for container : #3
2020-03-27 08:15:49,231 [ForkJoinPool.commonPool-worker-0] INFO  ozoneimpl.OzoneContainer (OzoneContainer.java:stop(245)) - Attempting to stop container services.
2020-03-27 08:15:49,231 [main] INFO  ozoneimpl.OzoneContainer (OzoneContainer.java:stop(245)) - Attempting to stop container services.
2020-03-27 08:15:49,231 [ForkJoinPool.commonPool-worker-0] INFO  impl.RaftServerProxy (RaftServerProxy.java:lambda$close$4(314)) - 786ae2ec-8760-4167-ab23-b7e9b601edc4: close
2020-03-27 08:15:49,232 [ForkJoinPool.commonPool-worker-0] INFO  impl.RaftServerImpl (RaftServerImpl.java:lambda$shutdown$3(249)) - 786ae2ec-8760-4167-ab23-b7e9b601edc4@group-64DF7057DAE6: shutdown
2020-03-27 08:15:49,232 [ForkJoinPool.commonPool-worker-0] INFO  util.JmxRegister (JmxRegister.java:unregister(73)) - Successfully un-registered JMX Bean with object name Ratis:service=RaftServer,group=group-64DF7057DAE6,id=786ae2ec-8760-4167-ab23-b7e9b601edc4
2020-03-27 08:15:49,232 [ForkJoinPool.commonPool-worker-0] INFO  impl.RoleInfo (RoleInfo.java:shutdownFollowerState(121)) - 786ae2ec-8760-4167-ab23-b7e9b601edc4: shutdown FollowerState
2020-03-27 08:15:49,232 [ForkJoinPool.commonPool-worker-0] INFO  impl.StateMachineUpdater (StateMachineUpdater.java:stopAndJoin(139)) - 786ae2ec-8760-4167-ab23-b7e9b601edc4@group-64DF7057DAE6-StateMachineUpdater: set stopIndex = 0
2020-03-27 08:15:49,233 [Thread-3739] INFO  impl.FollowerState (FollowerState.java:run(117)) - 786ae2ec-8760-4167-ab23-b7e9b601edc4@group-64DF7057DAE6-FollowerState was interrupted: java.lang.InterruptedException: sleep interrupted
2020-03-27 08:15:49,232 [main] INFO  impl.RaftServerProxy (RaftServerProxy.java:lambda$close$4(314)) - 6868d56a-2336-4046-a4ac-d6ad311db1a4: close
2020-03-27 08:15:49,233 [786ae2ec-8760-4167-ab23-b7e9b601edc4@group-64DF7057DAE6-StateMachineUpdater] INFO  ratis.ContainerStateMachine (ContainerStateMachine.java:takeSnapshot(295)) - group-64DF7057DAE6: Taking a snapshot at:(t:1, i:0) file /github/workspace/hadoop-ozone/integration-test/target/test-dir/MiniOzoneClusterImpl-178f0ac1-9287-41ca-b66e-5f4c0e2bc6ba/datanode-2/data/ratis/191e791d-f3bf-4488-ad6f-64df7057dae6/sm/snapshot.1_0
2020-03-27 08:15:49,233 [main] INFO  impl.RaftServerImpl (RaftServerImpl.java:lambda$shutdown$3(249)) - 6868d56a-2336-4046-a4ac-d6ad311db1a4@group-C2F994A7515B: shutdown
2020-03-27 08:15:49,233 [main] INFO  util.JmxRegister (JmxRegister.java:unregister(73)) - Successfully un-registered JMX Bean with object name Ratis:service=RaftServer,group=group-C2F994A7515B,id=6868d56a-2336-4046-a4ac-d6ad311db1a4
2020-03-27 08:15:49,233 [main] INFO  impl.RoleInfo (RoleInfo.java:shutdownFollowerState(121)) - 6868d56a-2336-4046-a4ac-d6ad311db1a4: shutdown FollowerState
2020-03-27 08:15:49,233 [main] INFO  impl.StateMachineUpdater (StateMachineUpdater.java:stopAndJoin(139)) - 6868d56a-2336-4046-a4ac-d6ad311db1a4@group-C2F994A7515B-StateMachineUpdater: set stopIndex = 0
2020-03-27 08:15:49,234 [Thread-3979] INFO  impl.FollowerState (FollowerState.java:run(117)) - 6868d56a-2336-4046-a4ac-d6ad311db1a4@group-C2F994A7515B-FollowerState was interrupted: java.lang.InterruptedException: sleep interrupted
2020-03-27 08:15:49,234 [6868d56a-2336-4046-a4ac-d6ad311db1a4@group-C2F994A7515B-StateMachineUpdater] INFO  ratis.ContainerStateMachine (ContainerStateMachine.java:takeSnapshot(295)) - group-C2F994A7515B: Taking a snapshot at:(t:1, i:0) file /github/workspace/hadoop-ozone/integration-test/target/test-dir/MiniOzoneClusterImpl-178f0ac1-9287-41ca-b66e-5f4c0e2bc6ba/datanode-6/data/ratis/ec296b66-8a13-4194-823f-c2f994a7515b/sm/snapshot.1_0
2020-03-27 08:15:49,234 [786ae2ec-8760-4167-ab23-b7e9b601edc4@group-64DF7057DAE6-StateMachineUpdater] INFO  ratis.ContainerStateMachine (ContainerStateMachine.java:takeSnapshot(306)) - group-64DF7057DAE6: Finished taking a snapshot at:(t:1, i:0) file:/github/workspace/hadoop-ozone/integration-test/target/test-dir/MiniOzoneClusterImpl-178f0ac1-9287-41ca-b66e-5f4c0e2bc6ba/datanode-2/data/ratis/191e791d-f3bf-4488-ad6f-64df7057dae6/sm/snapshot.1_0 time:1
2020-03-27 08:15:49,234 [786ae2ec-8760-4167-ab23-b7e9b601edc4@group-64DF7057DAE6-StateMachineUpdater] INFO  impl.StateMachineUpdater (StateMachineUpdater.java:takeSnapshot(274)) - 786ae2ec-8760-4167-ab23-b7e9b601edc4@group-64DF7057DAE6-StateMachineUpdater: Took a snapshot at index 0
2020-03-27 08:15:49,234 [786ae2ec-8760-4167-ab23-b7e9b601edc4@group-64DF7057DAE6-StateMachineUpdater] INFO  impl.StateMachineUpdater (StateMachineUpdater.java:lambda$new$0(86)) - 786ae2ec-8760-4167-ab23-b7e9b601edc4@group-64DF7057DAE6-StateMachineUpdater: snapshotIndex: updateIncreasingly -1 -> 0
2020-03-27 08:15:49,235 [6868d56a-2336-4046-a4ac-d6ad311db1a4@group-C2F994A7515B-StateMachineUpdater] INFO  ratis.ContainerStateMachine (ContainerStateMachine.java:takeSnapshot(306)) - group-C2F994A7515B: Finished taking a snapshot at:(t:1, i:0) file:/github/workspace/hadoop-ozone/integration-test/target/test-dir/MiniOzoneClusterImpl-178f0ac1-9287-41ca-b66e-5f4c0e2bc6ba/datanode-6/data/ratis/ec296b66-8a13-4194-823f-c2f994a7515b/sm/snapshot.1_0 time:1
2020-03-27 08:15:49,235 [6868d56a-2336-4046-a4ac-d6ad311db1a4@group-C2F994A7515B-StateMachineUpdater] INFO  impl.StateMachineUpdater (StateMachineUpdater.java:takeSnapshot(274)) - 6868d56a-2336-4046-a4ac-d6ad311db1a4@group-C2F994A7515B-StateMachineUpdater: Took a snapshot at index 0
2020-03-27 08:15:49,235 [6868d56a-2336-4046-a4ac-d6ad311db1a4@group-C2F994A7515B-StateMachineUpdater] INFO  impl.StateMachineUpdater (StateMachineUpdater.java:lambda$new$0(86)) - 6868d56a-2336-4046-a4ac-d6ad311db1a4@group-C2F994A7515B-StateMachineUpdater: snapshotIndex: updateIncreasingly -1 -> 0
2020-03-27 08:15:49,235 [6868d56a-2336-4046-a4ac-d6ad311db1a4@group-C2F994A7515B-StateMachineUpdater] INFO  metrics.RatisMetrics (RatisMetrics.java:unregister(46)) - Unregistering Metrics Registry : ratis.state_machine.6868d56a-2336-4046-a4ac-d6ad311db1a4@group-C2F994A7515B
2020-03-27 08:15:49,235 [main] INFO  impl.RaftServerImpl (ServerState.java:close(387)) - 6868d56a-2336-4046-a4ac-d6ad311db1a4@group-C2F994A7515B: closes. applyIndex: 0
2020-03-27 08:15:49,235 [786ae2ec-8760-4167-ab23-b7e9b601edc4@group-64DF7057DAE6-StateMachineUpdater] INFO  metrics.RatisMetrics (RatisMetrics.java:unregister(46)) - Unregistering Metrics Registry : ratis.state_machine.786ae2ec-8760-4167-ab23-b7e9b601edc4@group-64DF7057DAE6
2020-03-27 08:15:49,235 [6868d56a-2336-4046-a4ac-d6ad311db1a4@group-C2F994A7515B-SegmentedRaftLogWorker] INFO  segmented.SegmentedRaftLogWorker (SegmentedRaftLogWorker.java:run(321)) - 6868d56a-2336-4046-a4ac-d6ad311db1a4@group-C2F994A7515B-SegmentedRaftLogWorker was interrupted, exiting. There are 0 tasks remaining in the queue.
2020-03-27 08:15:49,235 [ForkJoinPool.commonPool-worker-0] INFO  impl.RaftServerImpl (ServerState.java:close(387)) - 786ae2ec-8760-4167-ab23-b7e9b601edc4@group-64DF7057DAE6: closes. applyIndex: 0
2020-03-27 08:15:49,236 [786ae2ec-8760-4167-ab23-b7e9b601edc4@group-64DF7057DAE6-SegmentedRaftLogWorker] INFO  segmented.SegmentedRaftLogWorker (SegmentedRaftLogWorker.java:run(321)) - 786ae2ec-8760-4167-ab23-b7e9b601edc4@group-64DF7057DAE6-SegmentedRaftLogWorker was interrupted, exiting. There are 0 tasks remaining in the queue.
2020-03-27 08:15:49,236 [main] INFO  segmented.SegmentedRaftLogWorker (SegmentedRaftLogWorker.java:close(229)) - 6868d56a-2336-4046-a4ac-d6ad311db1a4@group-C2F994A7515B-SegmentedRaftLogWorker close()
2020-03-27 08:15:49,236 [ForkJoinPool.commonPool-worker-0] INFO  segmented.SegmentedRaftLogWorker (SegmentedRaftLogWorker.java:close(229)) - 786ae2ec-8760-4167-ab23-b7e9b601edc4@group-64DF7057DAE6-SegmentedRaftLogWorker close()
2020-03-27 08:15:49,237 [ForkJoinPool.commonPool-worker-0] INFO  metrics.RatisMetrics (RatisMetrics.java:unregister(46)) - Unregistering Metrics Registry : ratis.log_worker.786ae2ec-8760-4167-ab23-b7e9b601edc4
2020-03-27 08:15:49,237 [ForkJoinPool.commonPool-worker-0] INFO  metrics.RatisMetrics (RatisMetrics.java:unregister(46)) - Unregistering Metrics Registry : ratis.leader_election.786ae2ec-8760-4167-ab23-b7e9b601edc4@group-64DF7057DAE6
2020-03-27 08:15:49,237 [ForkJoinPool.commonPool-worker-0] INFO  metrics.RatisMetrics (RatisMetrics.java:unregister(46)) - Unregistering Metrics Registry : ratis.server.786ae2ec-8760-4167-ab23-b7e9b601edc4@group-64DF7057DAE6
2020-03-27 08:15:49,237 [main] INFO  metrics.RatisMetrics (RatisMetrics.java:unregister(46)) - Unregistering Metrics Registry : ratis.log_worker.6868d56a-2336-4046-a4ac-d6ad311db1a4
2020-03-27 08:15:49,237 [ForkJoinPool.commonPool-worker-0] INFO  impl.RaftServerImpl (RaftServerImpl.java:lambda$shutdown$3(249)) - 786ae2ec-8760-4167-ab23-b7e9b601edc4@group-D0F55C6D3FB8: shutdown
2020-03-27 08:15:49,237 [ForkJoinPool.commonPool-worker-0] INFO  util.JmxRegister (JmxRegister.java:unregister(73)) - Successfully un-registered JMX Bean with object name Ratis:service=RaftServer,group=group-D0F55C6D3FB8,id=786ae2ec-8760-4167-ab23-b7e9b601edc4
2020-03-27 08:15:49,238 [ForkJoinPool.commonPool-worker-0] INFO  impl.RoleInfo (RoleInfo.java:shutdownFollowerState(121)) - 786ae2ec-8760-4167-ab23-b7e9b601edc4: shutdown FollowerState
2020-03-27 08:15:49,237 [main] INFO  metrics.RatisMetrics (RatisMetrics.java:unregister(46)) - Unregistering Metrics Registry : ratis.leader_election.6868d56a-2336-4046-a4ac-d6ad311db1a4@group-C2F994A7515B
2020-03-27 08:15:49,238 [main] INFO  metrics.RatisMetrics (RatisMetrics.java:unregister(46)) - Unregistering Metrics Registry : ratis.server.6868d56a-2336-4046-a4ac-d6ad311db1a4@group-C2F994A7515B
2020-03-27 08:15:49,238 [main] INFO  impl.RaftServerImpl (RaftServerImpl.java:lambda$shutdown$3(249)) - 6868d56a-2336-4046-a4ac-d6ad311db1a4@group-392CD9ACBEA3: shutdown
2020-03-27 08:15:49,238 [Thread-3725] INFO  impl.FollowerState (FollowerState.java:run(117)) - 786ae2ec-8760-4167-ab23-b7e9b601edc4@group-D0F55C6D3FB8-FollowerState was interrupted: java.lang.InterruptedException: sleep interrupted
2020-03-27 08:15:49,238 [ForkJoinPool.commonPool-worker-0] INFO  impl.StateMachineUpdater (StateMachineUpdater.java:stopAndJoin(139)) - 786ae2ec-8760-4167-ab23-b7e9b601edc4@group-D0F55C6D3FB8-StateMachineUpdater: set stopIndex = 3
2020-03-27 08:15:49,238 [main] INFO  util.JmxRegister (JmxRegister.java:unregister(73)) - Successfully un-registered JMX Bean with object name Ratis:service=RaftServer,group=group-392CD9ACBEA3,id=6868d56a-2336-4046-a4ac-d6ad311db1a4
2020-03-27 08:15:49,239 [main] INFO  impl.RoleInfo (RoleInfo.java:shutdownFollowerState(121)) - 6868d56a-2336-4046-a4ac-d6ad311db1a4: shutdown FollowerState
2020-03-27 08:15:49,238 [786ae2ec-8760-4167-ab23-b7e9b601edc4@group-D0F55C6D3FB8-StateMachineUpdater] INFO  ratis.ContainerStateMachine (ContainerStateMachine.java:takeSnapshot(295)) - group-D0F55C6D3FB8: Taking a snapshot at:(t:1, i:3) file /github/workspace/hadoop-ozone/integration-test/target/test-dir/MiniOzoneClusterImpl-178f0ac1-9287-41ca-b66e-5f4c0e2bc6ba/datanode-2/data/ratis/20a375a9-ac96-459f-a59f-d0f55c6d3fb8/sm/snapshot.1_3
2020-03-27 08:15:49,239 [Thread-3966] INFO  impl.FollowerState (FollowerState.java:run(117)) - 6868d56a-2336-4046-a4ac-d6ad311db1a4@group-392CD9ACBEA3-FollowerState was interrupted: java.lang.InterruptedException: sleep interrupted
2020-03-27 08:15:49,239 [main] INFO  impl.StateMachineUpdater (StateMachineUpdater.java:stopAndJoin(139)) - 6868d56a-2336-4046-a4ac-d6ad311db1a4@group-392CD9ACBEA3-StateMachineUpdater: set stopIndex = 0
2020-03-27 08:15:49,239 [6868d56a-2336-4046-a4ac-d6ad311db1a4@group-392CD9ACBEA3-StateMachineUpdater] INFO  ratis.ContainerStateMachine (ContainerStateMachine.java:takeSnapshot(295)) - group-392CD9ACBEA3: Taking a snapshot at:(t:1, i:0) file /github/workspace/hadoop-ozone/integration-test/target/test-dir/MiniOzoneClusterImpl-178f0ac1-9287-41ca-b66e-5f4c0e2bc6ba/datanode-6/data/ratis/ebe148e0-e977-4856-8c8a-392cd9acbea3/sm/snapshot.1_0
2020-03-27 08:15:49,240 [786ae2ec-8760-4167-ab23-b7e9b601edc4@group-D0F55C6D3FB8-StateMachineUpdater] INFO  ratis.ContainerStateMachine (ContainerStateMachine.java:takeSnapshot(306)) - group-D0F55C6D3FB8: Finished taking a snapshot at:(t:1, i:3) file:/github/workspace/hadoop-ozone/integration-test/target/test-dir/MiniOzoneClusterImpl-178f0ac1-9287-41ca-b66e-5f4c0e2bc6ba/datanode-2/data/ratis/20a375a9-ac96-459f-a59f-d0f55c6d3fb8/sm/snapshot.1_3 time:2
2020-03-27 08:15:49,240 [6868d56a-2336-4046-a4ac-d6ad311db1a4@group-392CD9ACBEA3-StateMachineUpdater] INFO  ratis.ContainerStateMachine (ContainerStateMachine.java:takeSnapshot(306)) - group-392CD9ACBEA3: Finished taking a snapshot at:(t:1, i:0) file:/github/workspace/hadoop-ozone/integration-test/target/test-dir/MiniOzoneClusterImpl-178f0ac1-9287-41ca-b66e-5f4c0e2bc6ba/datanode-6/data/ratis/ebe148e0-e977-4856-8c8a-392cd9acbea3/sm/snapshot.1_0 time:1
2020-03-27 08:15:49,240 [786ae2ec-8760-4167-ab23-b7e9b601edc4@group-D0F55C6D3FB8-StateMachineUpdater] INFO  impl.StateMachineUpdater (StateMachineUpdater.java:takeSnapshot(274)) - 786ae2ec-8760-4167-ab23-b7e9b601edc4@group-D0F55C6D3FB8-StateMachineUpdater: Took a snapshot at index 3
2020-03-27 08:15:49,240 [786ae2ec-8760-4167-ab23-b7e9b601edc4@group-D0F55C6D3FB8-StateMachineUpdater] INFO  impl.StateMachineUpdater (StateMachineUpdater.java:lambda$new$0(86)) - 786ae2ec-8760-4167-ab23-b7e9b601edc4@group-D0F55C6D3FB8-StateMachineUpdater: snapshotIndex: updateIncreasingly -1 -> 3
2020-03-27 08:15:49,240 [6868d56a-2336-4046-a4ac-d6ad311db1a4@group-392CD9ACBEA3-StateMachineUpdater] INFO  impl.StateMachineUpdater (StateMachineUpdater.java:takeSnapshot(274)) - 6868d56a-2336-4046-a4ac-d6ad311db1a4@group-392CD9ACBEA3-StateMachineUpdater: Took a snapshot at index 0
2020-03-27 08:15:49,240 [6868d56a-2336-4046-a4ac-d6ad311db1a4@group-392CD9ACBEA3-StateMachineUpdater] INFO  impl.StateMachineUpdater (StateMachineUpdater.java:lambda$new$0(86)) - 6868d56a-2336-4046-a4ac-d6ad311db1a4@group-392CD9ACBEA3-StateMachineUpdater: snapshotIndex: updateIncreasingly -1 -> 0
2020-03-27 08:15:49,240 [786ae2ec-8760-4167-ab23-b7e9b601edc4@group-D0F55C6D3FB8-StateMachineUpdater] INFO  metrics.RatisMetrics (RatisMetrics.java:unregister(46)) - Unregistering Metrics Registry : ratis.state_machine.786ae2ec-8760-4167-ab23-b7e9b601edc4@group-D0F55C6D3FB8
2020-03-27 08:15:49,240 [6868d56a-2336-4046-a4ac-d6ad311db1a4@group-392CD9ACBEA3-StateMachineUpdater] INFO  metrics.RatisMetrics (RatisMetrics.java:unregister(46)) - Unregistering Metrics Registry : ratis.state_machine.6868d56a-2336-4046-a4ac-d6ad311db1a4@group-392CD9ACBEA3
2020-03-27 08:15:49,241 [ForkJoinPool.commonPool-worker-0] INFO  impl.RaftServerImpl (ServerState.java:close(387)) - 786ae2ec-8760-4167-ab23-b7e9b601edc4@group-D0F55C6D3FB8: closes. applyIndex: 3
2020-03-27 08:15:49,241 [786ae2ec-8760-4167-ab23-b7e9b601edc4@group-D0F55C6D3FB8-SegmentedRaftLogWorker] INFO  segmented.SegmentedRaftLogWorker (SegmentedRaftLogWorker.java:run(321)) - 786ae2ec-8760-4167-ab23-b7e9b601edc4@group-D0F55C6D3FB8-SegmentedRaftLogWorker was interrupted, exiting. There are 0 tasks remaining in the queue.
2020-03-27 08:15:49,241 [ForkJoinPool.commonPool-worker-0] INFO  segmented.SegmentedRaftLogWorker (SegmentedRaftLogWorker.java:close(229)) - 786ae2ec-8760-4167-ab23-b7e9b601edc4@group-D0F55C6D3FB8-SegmentedRaftLogWorker close()
2020-03-27 08:15:49,241 [ForkJoinPool.commonPool-worker-0] INFO  metrics.RatisMetrics (RatisMetrics.java:unregister(46)) - Unregistering Metrics Registry : ratis.log_worker.786ae2ec-8760-4167-ab23-b7e9b601edc4
2020-03-27 08:15:49,241 [ForkJoinPool.commonPool-worker-0] INFO  metrics.RatisMetrics (RatisMetrics.java:unregister(46)) - Unregistering Metrics Registry : ratis.leader_election.786ae2ec-8760-4167-ab23-b7e9b601edc4@group-D0F55C6D3FB8
2020-03-27 08:15:49,241 [ForkJoinPool.commonPool-worker-0] INFO  metrics.RatisMetrics (RatisMetrics.java:unregister(46)) - Unregistering Metrics Registry : ratis.server.786ae2ec-8760-4167-ab23-b7e9b601edc4@group-D0F55C6D3FB8
2020-03-27 08:15:49,241 [ForkJoinPool.commonPool-worker-0] INFO  impl.RaftServerImpl (RaftServerImpl.java:lambda$shutdown$3(249)) - 786ae2ec-8760-4167-ab23-b7e9b601edc4@group-97CA0EDA37A5: shutdown
2020-03-27 08:15:49,242 [ForkJoinPool.commonPool-worker-0] INFO  util.JmxRegister (JmxRegister.java:unregister(73)) - Successfully un-registered JMX Bean with object name Ratis:service=RaftServer,group=group-97CA0EDA37A5,id=786ae2ec-8760-4167-ab23-b7e9b601edc4
2020-03-27 08:15:49,242 [ForkJoinPool.commonPool-worker-0] INFO  impl.RoleInfo (RoleInfo.java:shutdownLeaderState(104)) - 786ae2ec-8760-4167-ab23-b7e9b601edc4: shutdown LeaderState
2020-03-27 08:15:49,242 [ForkJoinPool.commonPool-worker-0] INFO  impl.PendingRequests (PendingRequests.java:sendNotLeaderResponses(240)) - 786ae2ec-8760-4167-ab23-b7e9b601edc4@group-97CA0EDA37A5-PendingRequests: sendNotLeaderResponses
2020-03-27 08:15:49,242 [ForkJoinPool.commonPool-worker-0] INFO  metrics.RatisMetrics (RatisMetrics.java:unregister(46)) - Unregistering Metrics Registry : ratis.log_appender.786ae2ec-8760-4167-ab23-b7e9b601edc4@group-97CA0EDA37A5
2020-03-27 08:15:49,242 [ForkJoinPool.commonPool-worker-0] INFO  impl.StateMachineUpdater (StateMachineUpdater.java:stopAndJoin(139)) - 786ae2ec-8760-4167-ab23-b7e9b601edc4@group-97CA0EDA37A5-StateMachineUpdater: set stopIndex = 0
2020-03-27 08:15:49,242 [main] INFO  impl.RaftServerImpl (ServerState.java:close(387)) - 6868d56a-2336-4046-a4ac-d6ad311db1a4@group-392CD9ACBEA3: closes. applyIndex: 0
2020-03-27 08:15:49,242 [6868d56a-2336-4046-a4ac-d6ad311db1a4@group-392CD9ACBEA3-SegmentedRaftLogWorker] INFO  segmented.SegmentedRaftLogWorker (SegmentedRaftLogWorker.java:run(321)) - 6868d56a-2336-4046-a4ac-d6ad311db1a4@group-392CD9ACBEA3-SegmentedRaftLogWorker was interrupted, exiting. There are 0 tasks remaining in the queue.
2020-03-27 08:15:49,242 [786ae2ec-8760-4167-ab23-b7e9b601edc4@group-97CA0EDA37A5-StateMachineUpdater] INFO  ratis.ContainerStateMachine (ContainerStateMachine.java:takeSnapshot(295)) - group-97CA0EDA37A5: Taking a snapshot at:(t:1, i:0) file /github/workspace/hadoop-ozone/integration-test/target/test-dir/MiniOzoneClusterImpl-178f0ac1-9287-41ca-b66e-5f4c0e2bc6ba/datanode-2/data/ratis/f39c7753-47b3-49b4-b5e3-97ca0eda37a5/sm/snapshot.1_0
2020-03-27 08:15:49,242 [main] INFO  segmented.SegmentedRaftLogWorker (SegmentedRaftLogWorker.java:close(229)) - 6868d56a-2336-4046-a4ac-d6ad311db1a4@group-392CD9ACBEA3-SegmentedRaftLogWorker close()
2020-03-27 08:15:49,244 [main] INFO  metrics.RatisMetrics (RatisMetrics.java:unregister(46)) - Unregistering Metrics Registry : ratis.log_worker.6868d56a-2336-4046-a4ac-d6ad311db1a4
2020-03-27 08:15:49,244 [main] INFO  metrics.RatisMetrics (RatisMetrics.java:unregister(46)) - Unregistering Metrics Registry : ratis.leader_election.6868d56a-2336-4046-a4ac-d6ad311db1a4@group-392CD9ACBEA3
2020-03-27 08:15:49,244 [main] INFO  metrics.RatisMetrics (RatisMetrics.java:unregister(46)) - Unregistering Metrics Registry : ratis.server.6868d56a-2336-4046-a4ac-d6ad311db1a4@group-392CD9ACBEA3
2020-03-27 08:15:49,244 [main] INFO  impl.RaftServerImpl (RaftServerImpl.java:lambda$shutdown$3(249)) - 6868d56a-2336-4046-a4ac-d6ad311db1a4@group-E434ACB9EEDD: shutdown
2020-03-27 08:15:49,244 [main] INFO  util.JmxRegister (JmxRegister.java:unregister(73)) - Successfully un-registered JMX Bean with object name Ratis:service=RaftServer,group=group-E434ACB9EEDD,id=6868d56a-2336-4046-a4ac-d6ad311db1a4
2020-03-27 08:15:49,244 [main] INFO  impl.RoleInfo (RoleInfo.java:shutdownLeaderState(104)) - 6868d56a-2336-4046-a4ac-d6ad311db1a4: shutdown LeaderState
2020-03-27 08:15:49,244 [main] INFO  impl.PendingRequests (PendingRequests.java:sendNotLeaderResponses(240)) - 6868d56a-2336-4046-a4ac-d6ad311db1a4@group-E434ACB9EEDD-PendingRequests: sendNotLeaderResponses
2020-03-27 08:15:49,245 [main] INFO  metrics.RatisMetrics (RatisMetrics.java:unregister(46)) - Unregistering Metrics Registry : ratis.log_appender.6868d56a-2336-4046-a4ac-d6ad311db1a4@group-E434ACB9EEDD
2020-03-27 08:15:49,245 [6868d56a-2336-4046-a4ac-d6ad311db1a4@group-E434ACB9EEDD-StateMachineUpdater] INFO  ratis.ContainerStateMachine (ContainerStateMachine.java:takeSnapshot(295)) - group-E434ACB9EEDD: Taking a snapshot at:(t:1, i:0) file /github/workspace/hadoop-ozone/integration-test/target/test-dir/MiniOzoneClusterImpl-178f0ac1-9287-41ca-b66e-5f4c0e2bc6ba/datanode-6/data/ratis/4dce4205-7210-4ac6-9010-e434acb9eedd/sm/snapshot.1_0
2020-03-27 08:15:49,245 [main] INFO  impl.StateMachineUpdater (StateMachineUpdater.java:stopAndJoin(139)) - 6868d56a-2336-4046-a4ac-d6ad311db1a4@group-E434ACB9EEDD-StateMachineUpdater: set stopIndex = 0
2020-03-27 08:15:49,246 [786ae2ec-8760-4167-ab23-b7e9b601edc4@group-97CA0EDA37A5-StateMachineUpdater] INFO  ratis.ContainerStateMachine (ContainerStateMachine.java:takeSnapshot(306)) - group-97CA0EDA37A5: Finished taking a snapshot at:(t:1, i:0) file:/github/workspace/hadoop-ozone/integration-test/target/test-dir/MiniOzoneClusterImpl-178f0ac1-9287-41ca-b66e-5f4c0e2bc6ba/datanode-2/data/ratis/f39c7753-47b3-49b4-b5e3-97ca0eda37a5/sm/snapshot.1_0 time:3
2020-03-27 08:15:49,246 [6868d56a-2336-4046-a4ac-d6ad311db1a4@group-E434ACB9EEDD-StateMachineUpdater] INFO  ratis.ContainerStateMachine (ContainerStateMachine.java:takeSnapshot(306)) - group-E434ACB9EEDD: Finished taking a snapshot at:(t:1, i:0) file:/github/workspace/hadoop-ozone/integration-test/target/test-dir/MiniOzoneClusterImpl-178f0ac1-9287-41ca-b66e-5f4c0e2bc6ba/datanode-6/data/ratis/4dce4205-7210-4ac6-9010-e434acb9eedd/sm/snapshot.1_0 time:1
2020-03-27 08:15:49,246 [6868d56a-2336-4046-a4ac-d6ad311db1a4@group-E434ACB9EEDD-StateMachineUpdater] INFO  impl.StateMachineUpdater (StateMachineUpdater.java:takeSnapshot(274)) - 6868d56a-2336-4046-a4ac-d6ad311db1a4@group-E434ACB9EEDD-StateMachineUpdater: Took a snapshot at index 0
2020-03-27 08:15:49,246 [6868d56a-2336-4046-a4ac-d6ad311db1a4@group-E434ACB9EEDD-StateMachineUpdater] INFO  impl.StateMachineUpdater (StateMachineUpdater.java:lambda$new$0(86)) - 6868d56a-2336-4046-a4ac-d6ad311db1a4@group-E434ACB9EEDD-StateMachineUpdater: snapshotIndex: updateIncreasingly -1 -> 0
2020-03-27 08:15:49,246 [6868d56a-2336-4046-a4ac-d6ad311db1a4@group-E434ACB9EEDD-StateMachineUpdater] INFO  metrics.RatisMetrics (RatisMetrics.java:unregister(46)) - Unregistering Metrics Registry : ratis.state_machine.6868d56a-2336-4046-a4ac-d6ad311db1a4@group-E434ACB9EEDD
2020-03-27 08:15:49,246 [main] INFO  impl.RaftServerImpl (ServerState.java:close(387)) - 6868d56a-2336-4046-a4ac-d6ad311db1a4@group-E434ACB9EEDD: closes. applyIndex: 0
2020-03-27 08:15:49,246 [786ae2ec-8760-4167-ab23-b7e9b601edc4@group-97CA0EDA37A5-StateMachineUpdater] INFO  impl.StateMachineUpdater (StateMachineUpdater.java:takeSnapshot(274)) - 786ae2ec-8760-4167-ab23-b7e9b601edc4@group-97CA0EDA37A5-StateMachineUpdater: Took a snapshot at index 0
2020-03-27 08:15:49,246 [786ae2ec-8760-4167-ab23-b7e9b601edc4@group-97CA0EDA37A5-StateMachineUpdater] INFO  impl.StateMachineUpdater (StateMachineUpdater.java:lambda$new$0(86)) - 786ae2ec-8760-4167-ab23-b7e9b601edc4@group-97CA0EDA37A5-StateMachineUpdater: snapshotIndex: updateIncreasingly -1 -> 0
2020-03-27 08:15:49,247 [6868d56a-2336-4046-a4ac-d6ad311db1a4@group-E434ACB9EEDD-SegmentedRaftLogWorker] INFO  segmented.SegmentedRaftLogWorker (SegmentedRaftLogWorker.java:run(321)) - 6868d56a-2336-4046-a4ac-d6ad311db1a4@group-E434ACB9EEDD-SegmentedRaftLogWorker was interrupted, exiting. There are 0 tasks remaining in the queue.
2020-03-27 08:15:49,247 [786ae2ec-8760-4167-ab23-b7e9b601edc4@group-97CA0EDA37A5-StateMachineUpdater] INFO  metrics.RatisMetrics (RatisMetrics.java:unregister(46)) - Unregistering Metrics Registry : ratis.state_machine.786ae2ec-8760-4167-ab23-b7e9b601edc4@group-97CA0EDA37A5
2020-03-27 08:15:49,247 [ForkJoinPool.commonPool-worker-0] INFO  impl.RaftServerImpl (ServerState.java:close(387)) - 786ae2ec-8760-4167-ab23-b7e9b601edc4@group-97CA0EDA37A5: closes. applyIndex: 0
2020-03-27 08:15:49,247 [786ae2ec-8760-4167-ab23-b7e9b601edc4@group-97CA0EDA37A5-SegmentedRaftLogWorker] INFO  segmented.SegmentedRaftLogWorker (SegmentedRaftLogWorker.java:run(321)) - 786ae2ec-8760-4167-ab23-b7e9b601edc4@group-97CA0EDA37A5-SegmentedRaftLogWorker was interrupted, exiting. There are 0 tasks remaining in the queue.
2020-03-27 08:15:49,247 [main] INFO  segmented.SegmentedRaftLogWorker (SegmentedRaftLogWorker.java:close(229)) - 6868d56a-2336-4046-a4ac-d6ad311db1a4@group-E434ACB9EEDD-SegmentedRaftLogWorker close()
2020-03-27 08:15:49,247 [main] INFO  metrics.RatisMetrics (RatisMetrics.java:unregister(46)) - Unregistering Metrics Registry : ratis.log_worker.6868d56a-2336-4046-a4ac-d6ad311db1a4
2020-03-27 08:15:49,247 [main] INFO  metrics.RatisMetrics (RatisMetrics.java:unregister(46)) - Unregistering Metrics Registry : ratis.leader_election.6868d56a-2336-4046-a4ac-d6ad311db1a4@group-E434ACB9EEDD
2020-03-27 08:15:49,248 [main] INFO  metrics.RatisMetrics (RatisMetrics.java:unregister(46)) - Unregistering Metrics Registry : ratis.server.6868d56a-2336-4046-a4ac-d6ad311db1a4@group-E434ACB9EEDD
2020-03-27 08:15:49,248 [main] INFO  server.GrpcService (GrpcService.java:closeImpl(164)) - 6868d56a-2336-4046-a4ac-d6ad311db1a4: shutdown server with port 45275 now
2020-03-27 08:15:49,247 [ForkJoinPool.commonPool-worker-0] INFO  segmented.SegmentedRaftLogWorker (SegmentedRaftLogWorker.java:close(229)) - 786ae2ec-8760-4167-ab23-b7e9b601edc4@group-97CA0EDA37A5-SegmentedRaftLogWorker close()
2020-03-27 08:15:49,248 [ForkJoinPool.commonPool-worker-0] INFO  metrics.RatisMetrics (RatisMetrics.java:unregister(46)) - Unregistering Metrics Registry : ratis.log_worker.786ae2ec-8760-4167-ab23-b7e9b601edc4
2020-03-27 08:15:49,248 [ForkJoinPool.commonPool-worker-0] INFO  metrics.RatisMetrics (RatisMetrics.java:unregister(46)) - Unregistering Metrics Registry : ratis.leader_election.786ae2ec-8760-4167-ab23-b7e9b601edc4@group-97CA0EDA37A5
2020-03-27 08:15:49,248 [ForkJoinPool.commonPool-worker-0] INFO  metrics.RatisMetrics (RatisMetrics.java:unregister(46)) - Unregistering Metrics Registry : ratis.server.786ae2ec-8760-4167-ab23-b7e9b601edc4@group-97CA0EDA37A5
2020-03-27 08:15:49,248 [ForkJoinPool.commonPool-worker-0] INFO  server.GrpcService (GrpcService.java:closeImpl(164)) - 786ae2ec-8760-4167-ab23-b7e9b601edc4: shutdown server with port 34415 now
2020-03-27 08:15:49,250 [grpc-default-executor-5] WARN  server.GrpcServerProtocolService (LogUtils.java:warn(122)) - 786ae2ec-8760-4167-ab23-b7e9b601edc4: installSnapshot onError, lastRequest: c40590c3-a50d-4a7b-bb23-afdf12d31292->786ae2ec-8760-4167-ab23-b7e9b601edc4#1-t1, previous=(t:0, i:0), leaderCommit=-1, initializing? false, entries: size=1, first=(t:1, i:0), CONFIGURATIONENTRY: org.apache.ratis.thirdparty.io.grpc.StatusRuntimeException: CANCELLED: cancelled before receiving half close
2020-03-27 08:15:49,250 [grpc-default-executor-12] WARN  server.GrpcServerProtocolService (LogUtils.java:warn(122)) - 786ae2ec-8760-4167-ab23-b7e9b601edc4: installSnapshot onError, lastRequest: c40590c3-a50d-4a7b-bb23-afdf12d31292->786ae2ec-8760-4167-ab23-b7e9b601edc4#13-t1, previous=(t:1, i:2), leaderCommit=2, initializing? false, entries: size=1, first=(t:1, i:3), METADATAENTRY(c:2): org.apache.ratis.thirdparty.io.grpc.StatusRuntimeException: CANCELLED: cancelled before receiving half close
2020-03-27 08:15:49,251 [grpc-default-executor-5] WARN  server.GrpcLogAppender (LogUtils.java:warn(122)) - c40590c3-a50d-4a7b-bb23-afdf12d31292@group-64DF7057DAE6->786ae2ec-8760-4167-ab23-b7e9b601edc4-AppendLogResponseHandler: Failed appendEntries: org.apache.ratis.thirdparty.io.grpc.StatusRuntimeException: CANCELLED: HTTP/2 error code: CANCEL
Received Rst Stream
2020-03-27 08:15:49,251 [grpc-default-executor-5] INFO  impl.FollowerInfo (FollowerInfo.java:lambda$new$0(50)) - c40590c3-a50d-4a7b-bb23-afdf12d31292@group-64DF7057DAE6->786ae2ec-8760-4167-ab23-b7e9b601edc4: nextIndex: updateUnconditionally 1 -> 0
2020-03-27 08:15:49,251 [grpc-default-executor-12] WARN  server.GrpcLogAppender (LogUtils.java:warn(122)) - c40590c3-a50d-4a7b-bb23-afdf12d31292@group-D0F55C6D3FB8->786ae2ec-8760-4167-ab23-b7e9b601edc4-AppendLogResponseHandler: Failed appendEntries: org.apache.ratis.thirdparty.io.grpc.StatusRuntimeException: CANCELLED: HTTP/2 error code: CANCEL
Received Rst Stream
2020-03-27 08:15:49,251 [grpc-default-executor-12] INFO  impl.FollowerInfo (FollowerInfo.java:lambda$new$0(50)) - c40590c3-a50d-4a7b-bb23-afdf12d31292@group-D0F55C6D3FB8->786ae2ec-8760-4167-ab23-b7e9b601edc4: nextIndex: updateUnconditionally 4 -> 3
2020-03-27 08:15:49,252 [ForkJoinPool.commonPool-worker-0] INFO  server.GrpcService (GrpcService.java:closeImpl(172)) - 786ae2ec-8760-4167-ab23-b7e9b601edc4: shutdown server with port 34415 successfully
2020-03-27 08:15:49,259 [grpc-default-executor-5] WARN  server.GrpcServerProtocolService (LogUtils.java:warn(122)) - 6868d56a-2336-4046-a4ac-d6ad311db1a4: installSnapshot onError, lastRequest: 77fc4d9c-d2cb-491d-92c6-7c69a2ec3ba6->6868d56a-2336-4046-a4ac-d6ad311db1a4#1-t1, previous=(t:0, i:0), leaderCommit=0, initializing? false, entries: size=1, first=(t:1, i:0), CONFIGURATIONENTRY: org.apache.ratis.thirdparty.io.grpc.StatusRuntimeException: CANCELLED: cancelled before receiving half close
2020-03-27 08:15:49,259 [grpc-default-executor-5] WARN  server.GrpcLogAppender (LogUtils.java:warn(122)) - 77fc4d9c-d2cb-491d-92c6-7c69a2ec3ba6@group-C2F994A7515B->6868d56a-2336-4046-a4ac-d6ad311db1a4-AppendLogResponseHandler: Failed appendEntries: org.apache.ratis.thirdparty.io.grpc.StatusRuntimeException: CANCELLED: HTTP/2 error code: CANCEL
Received Rst Stream
2020-03-27 08:15:49,259 [grpc-default-executor-5] INFO  impl.FollowerInfo (FollowerInfo.java:lambda$new$0(50)) - 77fc4d9c-d2cb-491d-92c6-7c69a2ec3ba6@group-C2F994A7515B->6868d56a-2336-4046-a4ac-d6ad311db1a4: nextIndex: updateUnconditionally 1 -> 0
2020-03-27 08:15:49,260 [main] INFO  server.GrpcService (GrpcService.java:closeImpl(172)) - 6868d56a-2336-4046-a4ac-d6ad311db1a4: shutdown server with port 45275 successfully
2020-03-27 08:15:49,288 [ForkJoinPool.commonPool-worker-0] INFO  utils.BackgroundService (BackgroundService.java:shutdown(157)) - Shutting down service BlockDeletingService
2020-03-27 08:15:49,294 [main] INFO  utils.BackgroundService (BackgroundService.java:shutdown(157)) - Shutting down service BlockDeletingService
2020-03-27 08:15:49,295 [ForkJoinPool.commonPool-worker-0] INFO  statemachine.DatanodeStateMachine (DatanodeStateMachine.java:stopDaemon(435)) - Ozone container server stopped.
2020-03-27 08:15:49,297 [main] INFO  statemachine.DatanodeStateMachine (DatanodeStateMachine.java:stopDaemon(435)) - Ozone container server stopped.
2020-03-27 08:15:49,298 [ForkJoinPool.commonPool-worker-0] INFO  handler.ContextHandler (ContextHandler.java:doStop(1016)) - Stopped o.e.j.w.WebAppContext@5ad25573{hddsDatanode,/,null,UNAVAILABLE}{jar:file:/home/user/.m2/repository/org/apache/hadoop/hadoop-hdds-container-service/0.5.0-SNAPSHOT/hadoop-hdds-container-service-0.5.0-SNAPSHOT.jar!/webapps/hddsDatanode}
2020-03-27 08:15:49,299 [ForkJoinPool.commonPool-worker-0] INFO  server.AbstractConnector (AbstractConnector.java:doStop(380)) - Stopped ServerConnector@29f38a52{HTTP/1.1,[http/1.1]}{0.0.0.0:0}
2020-03-27 08:15:49,299 [ForkJoinPool.commonPool-worker-0] INFO  server.session (HouseKeeper.java:stopScavenging(158)) - node0 Stopped scavenging
2020-03-27 08:15:49,300 [ForkJoinPool.commonPool-worker-0] INFO  handler.ContextHandler (ContextHandler.java:doStop(1016)) - Stopped o.e.j.s.ServletContextHandler@2670b08d{static,/static,jar:file:/home/user/.m2/repository/org/apache/hadoop/hadoop-hdds-container-service/0.5.0-SNAPSHOT/hadoop-hdds-container-service-0.5.0-SNAPSHOT.jar!/webapps/static,UNAVAILABLE}
2020-03-27 08:15:49,300 [main] INFO  handler.ContextHandler (ContextHandler.java:doStop(1016)) - Stopped o.e.j.w.WebAppContext@2dbf1522{hddsDatanode,/,null,UNAVAILABLE}{jar:file:/home/user/.m2/repository/org/apache/hadoop/hadoop-hdds-container-service/0.5.0-SNAPSHOT/hadoop-hdds-container-service-0.5.0-SNAPSHOT.jar!/webapps/hddsDatanode}
2020-03-27 08:15:49,301 [main] INFO  server.AbstractConnector (AbstractConnector.java:doStop(380)) - Stopped ServerConnector@7c03c438{HTTP/1.1,[http/1.1]}{0.0.0.0:0}
2020-03-27 08:15:49,301 [main] INFO  server.session (HouseKeeper.java:stopScavenging(158)) - node0 Stopped scavenging
2020-03-27 08:15:49,301 [main] INFO  handler.ContextHandler (ContextHandler.java:doStop(1016)) - Stopped o.e.j.s.ServletContextHandler@66b68faf{static,/static,jar:file:/home/user/.m2/repository/org/apache/hadoop/hadoop-hdds-container-service/0.5.0-SNAPSHOT/hadoop-hdds-container-service-0.5.0-SNAPSHOT.jar!/webapps/static,UNAVAILABLE}
2020-03-27 08:15:49,302 [main] INFO  handler.ContextHandler (ContextHandler.java:doStop(1016)) - Stopped o.e.j.s.ServletContextHandler@33624f41{logs,/logs,file:///github/workspace/hadoop-ozone/integration-test/target/log,UNAVAILABLE}
2020-03-27 08:15:49,303 [ForkJoinPool.commonPool-worker-0] INFO  handler.ContextHandler (ContextHandler.java:doStop(1016)) - Stopped o.e.j.s.ServletContextHandler@247b63ca{logs,/logs,file:///github/workspace/hadoop-ozone/integration-test/target/log,UNAVAILABLE}
2020-03-27 08:15:49,479 [grpc-default-executor-9] WARN  server.GrpcLogAppender (LogUtils.java:warn(122)) - c40590c3-a50d-4a7b-bb23-afdf12d31292@group-64DF7057DAE6->786ae2ec-8760-4167-ab23-b7e9b601edc4-AppendLogResponseHandler: Failed appendEntries: org.apache.ratis.thirdparty.io.grpc.StatusRuntimeException: UNAVAILABLE: io exception
2020-03-27 08:15:49,479 [grpc-default-executor-5] WARN  server.GrpcLogAppender (LogUtils.java:warn(122)) - c40590c3-a50d-4a7b-bb23-afdf12d31292@group-64DF7057DAE6->4f2bc8b4-1be3-4773-881c-e471bed51254-AppendLogResponseHandler: Failed appendEntries: org.apache.ratis.thirdparty.io.grpc.StatusRuntimeException: UNAVAILABLE: io exception
2020-03-27 08:15:49,479 [grpc-default-executor-9] INFO  impl.FollowerInfo (FollowerInfo.java:lambda$new$0(50)) - c40590c3-a50d-4a7b-bb23-afdf12d31292@group-64DF7057DAE6->786ae2ec-8760-4167-ab23-b7e9b601edc4: nextIndex: updateUnconditionally 1 -> 0
2020-03-27 08:15:49,480 [grpc-default-executor-5] INFO  impl.FollowerInfo (FollowerInfo.java:lambda$new$0(50)) - c40590c3-a50d-4a7b-bb23-afdf12d31292@group-64DF7057DAE6->4f2bc8b4-1be3-4773-881c-e471bed51254: nextIndex: updateUnconditionally 1 -> 0
2020-03-27 08:15:49,579 [grpc-default-executor-9] WARN  server.GrpcLogAppender (LogUtils.java:warn(122)) - 77fc4d9c-d2cb-491d-92c6-7c69a2ec3ba6@group-C2F994A7515B->fe5755ee-a695-4f61-b92b-3d721cb7d98e-AppendLogResponseHandler: Failed appendEntries: org.apache.ratis.thirdparty.io.grpc.StatusRuntimeException: UNAVAILABLE: io exception
2020-03-27 08:15:49,579 [grpc-default-executor-9] INFO  impl.FollowerInfo (FollowerInfo.java:lambda$new$0(50)) - 77fc4d9c-d2cb-491d-92c6-7c69a2ec3ba6@group-C2F994A7515B->fe5755ee-a695-4f61-b92b-3d721cb7d98e: nextIndex: updateUnconditionally 1 -> 0
2020-03-27 08:15:49,581 [grpc-default-executor-5] WARN  server.GrpcLogAppender (LogUtils.java:warn(122)) - 77fc4d9c-d2cb-491d-92c6-7c69a2ec3ba6@group-C2F994A7515B->6868d56a-2336-4046-a4ac-d6ad311db1a4-AppendLogResponseHandler: Failed appendEntries: org.apache.ratis.thirdparty.io.grpc.StatusRuntimeException: UNAVAILABLE: io exception
2020-03-27 08:15:49,582 [grpc-default-executor-5] INFO  impl.FollowerInfo (FollowerInfo.java:lambda$new$0(50)) - 77fc4d9c-d2cb-491d-92c6-7c69a2ec3ba6@group-C2F994A7515B->6868d56a-2336-4046-a4ac-d6ad311db1a4: nextIndex: updateUnconditionally 1 -> 0
2020-03-27 08:15:50,032 [Datanode State Machine Thread - 0] INFO  statemachine.DatanodeStateMachine (DatanodeStateMachine.java:lambda$startDaemon$0(387)) - Ozone container server started.
2020-03-27 08:15:50,074 [Datanode State Machine Thread - 0] INFO  statemachine.DatanodeStateMachine (DatanodeStateMachine.java:lambda$startDaemon$0(387)) - Ozone container server started.
2020-03-27 08:15:51,615 [grpc-default-executor-9] WARN  server.GrpcLogAppender (LogUtils.java:warn(122)) - c40590c3-a50d-4a7b-bb23-afdf12d31292@group-D0F55C6D3FB8->786ae2ec-8760-4167-ab23-b7e9b601edc4-AppendLogResponseHandler: Failed appendEntries: org.apache.ratis.thirdparty.io.grpc.StatusRuntimeException: UNAVAILABLE: io exception
2020-03-27 08:15:51,615 [grpc-default-executor-9] INFO  impl.FollowerInfo (FollowerInfo.java:lambda$new$0(50)) - c40590c3-a50d-4a7b-bb23-afdf12d31292@group-D0F55C6D3FB8->786ae2ec-8760-4167-ab23-b7e9b601edc4: nextIndex: updateUnconditionally 4 -> 3
2020-03-27 08:15:51,621 [grpc-default-executor-5] WARN  server.GrpcLogAppender (LogUtils.java:warn(122)) - c40590c3-a50d-4a7b-bb23-afdf12d31292@group-D0F55C6D3FB8->4f2bc8b4-1be3-4773-881c-e471bed51254-AppendLogResponseHandler: Failed appendEntries: org.apache.ratis.thirdparty.io.grpc.StatusRuntimeException: UNAVAILABLE: io exception
2020-03-27 08:15:51,621 [grpc-default-executor-5] INFO  impl.FollowerInfo (FollowerInfo.java:lambda$new$0(50)) - c40590c3-a50d-4a7b-bb23-afdf12d31292@group-D0F55C6D3FB8->4f2bc8b4-1be3-4773-881c-e471bed51254: nextIndex: updateUnconditionally 4 -> 3
2020-03-27 08:15:51,980 [grpc-default-executor-12] WARN  server.GrpcLogAppender (LogUtils.java:warn(122)) - c40590c3-a50d-4a7b-bb23-afdf12d31292@group-64DF7057DAE6->786ae2ec-8760-4167-ab23-b7e9b601edc4-AppendLogResponseHandler: Failed appendEntries: org.apache.ratis.thirdparty.io.grpc.StatusRuntimeException: UNAVAILABLE: io exception
2020-03-27 08:15:51,980 [grpc-default-executor-12] INFO  impl.FollowerInfo (FollowerInfo.java:lambda$new$0(50)) - c40590c3-a50d-4a7b-bb23-afdf12d31292@group-64DF7057DAE6->786ae2ec-8760-4167-ab23-b7e9b601edc4: nextIndex: updateUnconditionally 1 -> 0
2020-03-27 08:15:51,981 [grpc-default-executor-13] WARN  server.GrpcLogAppender (LogUtils.java:warn(122)) - c40590c3-a50d-4a7b-bb23-afdf12d31292@group-64DF7057DAE6->4f2bc8b4-1be3-4773-881c-e471bed51254-AppendLogResponseHandler: Failed appendEntries: org.apache.ratis.thirdparty.io.grpc.StatusRuntimeException: UNAVAILABLE: io exception
2020-03-27 08:15:51,981 [grpc-default-executor-13] INFO  impl.FollowerInfo (FollowerInfo.java:lambda$new$0(50)) - c40590c3-a50d-4a7b-bb23-afdf12d31292@group-64DF7057DAE6->4f2bc8b4-1be3-4773-881c-e471bed51254: nextIndex: updateUnconditionally 1 -> 0
2020-03-27 08:15:52,080 [grpc-default-executor-13] WARN  server.GrpcLogAppender (LogUtils.java:warn(122)) - 77fc4d9c-d2cb-491d-92c6-7c69a2ec3ba6@group-C2F994A7515B->fe5755ee-a695-4f61-b92b-3d721cb7d98e-AppendLogResponseHandler: Failed appendEntries: org.apache.ratis.thirdparty.io.grpc.StatusRuntimeException: UNAVAILABLE: io exception
2020-03-27 08:15:52,081 [grpc-default-executor-13] INFO  impl.FollowerInfo (FollowerInfo.java:lambda$new$0(50)) - 77fc4d9c-d2cb-491d-92c6-7c69a2ec3ba6@group-C2F994A7515B->fe5755ee-a695-4f61-b92b-3d721cb7d98e: nextIndex: updateUnconditionally 1 -> 0
2020-03-27 08:15:52,085 [grpc-default-executor-13] WARN  server.GrpcLogAppender (LogUtils.java:warn(122)) - 77fc4d9c-d2cb-491d-92c6-7c69a2ec3ba6@group-C2F994A7515B->6868d56a-2336-4046-a4ac-d6ad311db1a4-AppendLogResponseHandler: Failed appendEntries: org.apache.ratis.thirdparty.io.grpc.StatusRuntimeException: UNAVAILABLE: io exception
2020-03-27 08:15:52,085 [grpc-default-executor-13] INFO  impl.FollowerInfo (FollowerInfo.java:lambda$new$0(50)) - 77fc4d9c-d2cb-491d-92c6-7c69a2ec3ba6@group-C2F994A7515B->6868d56a-2336-4046-a4ac-d6ad311db1a4: nextIndex: updateUnconditionally 1 -> 0
2020-03-27 08:15:52,117 [Thread-3965] INFO  impl.FollowerState (FollowerState.java:run(108)) - 77fc4d9c-d2cb-491d-92c6-7c69a2ec3ba6@group-392CD9ACBEA3-FollowerState: change to CANDIDATE, lastRpcTime:10116ms, electionTimeout:5104ms
2020-03-27 08:15:52,118 [Thread-3965] INFO  impl.RoleInfo (RoleInfo.java:shutdownFollowerState(121)) - 77fc4d9c-d2cb-491d-92c6-7c69a2ec3ba6: shutdown FollowerState
2020-03-27 08:15:52,118 [Thread-3965] INFO  impl.RaftServerImpl (RaftServerImpl.java:setRole(172)) - 77fc4d9c-d2cb-491d-92c6-7c69a2ec3ba6@group-392CD9ACBEA3: changes role from  FOLLOWER to CANDIDATE at term 1 for changeToCandidate
2020-03-27 08:15:52,118 [Thread-3965] INFO  impl.RoleInfo (RoleInfo.java:updateAndGet(143)) - 77fc4d9c-d2cb-491d-92c6-7c69a2ec3ba6: start LeaderElection
2020-03-27 08:15:52,119 [77fc4d9c-d2cb-491d-92c6-7c69a2ec3ba6@group-392CD9ACBEA3-LeaderElection91] INFO  impl.RaftServerImpl (ServerState.java:setLeader(255)) - 77fc4d9c-d2cb-491d-92c6-7c69a2ec3ba6@group-392CD9ACBEA3: change Leader from fe5755ee-a695-4f61-b92b-3d721cb7d98e to null at term 1 for initElection
2020-03-27 08:15:52,122 [77fc4d9c-d2cb-491d-92c6-7c69a2ec3ba6@group-392CD9ACBEA3-LeaderElection91] INFO  impl.LeaderElection (LeaderElection.java:askForVotes(206)) - 77fc4d9c-d2cb-491d-92c6-7c69a2ec3ba6@group-392CD9ACBEA3-LeaderElection91: begin an election at term 2 for 0: [fe5755ee-a695-4f61-b92b-3d721cb7d98e:172.17.0.2:43435, 77fc4d9c-d2cb-491d-92c6-7c69a2ec3ba6:172.17.0.2:44703, 6868d56a-2336-4046-a4ac-d6ad311db1a4:172.17.0.2:45275], old=null
2020-03-27 08:15:52,128 [77fc4d9c-d2cb-491d-92c6-7c69a2ec3ba6@group-392CD9ACBEA3-LeaderElection91] INFO  impl.LeaderElection (LogUtils.java:infoOrTrace(137)) - 77fc4d9c-d2cb-491d-92c6-7c69a2ec3ba6@group-392CD9ACBEA3-LeaderElection91 got exception when requesting votes: java.util.concurrent.ExecutionException: org.apache.ratis.thirdparty.io.grpc.StatusRuntimeException: UNAVAILABLE: io exception
2020-03-27 08:15:52,128 [77fc4d9c-d2cb-491d-92c6-7c69a2ec3ba6@group-392CD9ACBEA3-LeaderElection91] INFO  impl.LeaderElection (LogUtils.java:infoOrTrace(137)) - 77fc4d9c-d2cb-491d-92c6-7c69a2ec3ba6@group-392CD9ACBEA3-LeaderElection91 got exception when requesting votes: java.util.concurrent.ExecutionException: org.apache.ratis.thirdparty.io.grpc.StatusRuntimeException: UNAVAILABLE: io exception
2020-03-27 08:15:52,128 [77fc4d9c-d2cb-491d-92c6-7c69a2ec3ba6@group-392CD9ACBEA3-LeaderElection91] INFO  impl.LeaderElection (LeaderElection.java:logAndReturn(61)) - 77fc4d9c-d2cb-491d-92c6-7c69a2ec3ba6@group-392CD9ACBEA3-LeaderElection91: Election REJECTED; received 0 response(s) [] and 2 exception(s); 77fc4d9c-d2cb-491d-92c6-7c69a2ec3ba6@group-392CD9ACBEA3:t2, leader=null, voted=77fc4d9c-d2cb-491d-92c6-7c69a2ec3ba6, raftlog=77fc4d9c-d2cb-491d-92c6-7c69a2ec3ba6@group-392CD9ACBEA3-SegmentedRaftLog:OPENED:c-1,f0,i0, conf=0: [fe5755ee-a695-4f61-b92b-3d721cb7d98e:172.17.0.2:43435, 77fc4d9c-d2cb-491d-92c6-7c69a2ec3ba6:172.17.0.2:44703, 6868d56a-2336-4046-a4ac-d6ad311db1a4:172.17.0.2:45275], old=null
2020-03-27 08:15:52,128 [77fc4d9c-d2cb-491d-92c6-7c69a2ec3ba6@group-392CD9ACBEA3-LeaderElection91] INFO  impl.LeaderElection (LogUtils.java:infoOrTrace(137)) -   Exception 0: java.util.concurrent.ExecutionException: org.apache.ratis.thirdparty.io.grpc.StatusRuntimeException: UNAVAILABLE: io exception
2020-03-27 08:15:52,128 [77fc4d9c-d2cb-491d-92c6-7c69a2ec3ba6@group-392CD9ACBEA3-LeaderElection91] INFO  impl.LeaderElection (LogUtils.java:infoOrTrace(137)) -   Exception 1: java.util.concurrent.ExecutionException: org.apache.ratis.thirdparty.io.grpc.StatusRuntimeException: UNAVAILABLE: io exception
2020-03-27 08:15:52,128 [77fc4d9c-d2cb-491d-92c6-7c69a2ec3ba6@group-392CD9ACBEA3-LeaderElection91] INFO  impl.RaftServerImpl (RaftServerImpl.java:setRole(172)) - 77fc4d9c-d2cb-491d-92c6-7c69a2ec3ba6@group-392CD9ACBEA3: changes role from CANDIDATE to FOLLOWER at term 2 for DISCOVERED_A_NEW_TERM
2020-03-27 08:15:52,128 [77fc4d9c-d2cb-491d-92c6-7c69a2ec3ba6@group-392CD9ACBEA3-LeaderElection91] INFO  impl.RoleInfo (RoleInfo.java:shutdownLeaderElection(134)) - 77fc4d9c-d2cb-491d-92c6-7c69a2ec3ba6: shutdown LeaderElection
2020-03-27 08:15:52,128 [77fc4d9c-d2cb-491d-92c6-7c69a2ec3ba6@group-392CD9ACBEA3-LeaderElection91] INFO  impl.RoleInfo (RoleInfo.java:updateAndGet(143)) - 77fc4d9c-d2cb-491d-92c6-7c69a2ec3ba6: start FollowerState
2020-03-27 08:15:53,992 [EventQueue-StaleNodeForStaleNodeHandler] INFO  node.StaleNodeHandler (StaleNodeHandler.java:onMessage(58)) - Datanode 6868d56a-2336-4046-a4ac-d6ad311db1a4{ip: 172.17.0.2, host: 767d39cb30d6, networkLocation: /default-rack, certSerialId: null} moved to stale state. Finalizing its pipelines [PipelineID=ec296b66-8a13-4194-823f-c2f994a7515b, PipelineID=ebe148e0-e977-4856-8c8a-392cd9acbea3, PipelineID=4dce4205-7210-4ac6-9010-e434acb9eedd]
2020-03-27 08:15:53,992 [EventQueue-StaleNodeForStaleNodeHandler] INFO  pipeline.SCMPipelineManager (SCMPipelineManager.java:finalizeAndDestroyPipeline(391)) - Destroying pipeline:Pipeline[ Id: ec296b66-8a13-4194-823f-c2f994a7515b, Nodes: 6868d56a-2336-4046-a4ac-d6ad311db1a4{ip: 172.17.0.2, host: 767d39cb30d6, networkLocation: /default-rack, certSerialId: null}77fc4d9c-d2cb-491d-92c6-7c69a2ec3ba6{ip: 172.17.0.2, host: 767d39cb30d6, networkLocation: /default-rack, certSerialId: null}fe5755ee-a695-4f61-b92b-3d721cb7d98e{ip: 172.17.0.2, host: 767d39cb30d6, networkLocation: /default-rack, certSerialId: null}, Type:RATIS, Factor:THREE, State:CLOSED, leaderId:77fc4d9c-d2cb-491d-92c6-7c69a2ec3ba6, CreationTimestamp2020-03-27T08:15:34.962Z]
2020-03-27 08:15:53,993 [EventQueue-StaleNodeForStaleNodeHandler] INFO  pipeline.SCMPipelineManager (SCMPipelineManager.java:finalizeAndDestroyPipeline(391)) - Destroying pipeline:Pipeline[ Id: ebe148e0-e977-4856-8c8a-392cd9acbea3, Nodes: 77fc4d9c-d2cb-491d-92c6-7c69a2ec3ba6{ip: 172.17.0.2, host: 767d39cb30d6, networkLocation: /default-rack, certSerialId: null}6868d56a-2336-4046-a4ac-d6ad311db1a4{ip: 172.17.0.2, host: 767d39cb30d6, networkLocation: /default-rack, certSerialId: null}fe5755ee-a695-4f61-b92b-3d721cb7d98e{ip: 172.17.0.2, host: 767d39cb30d6, networkLocation: /default-rack, certSerialId: null}, Type:RATIS, Factor:THREE, State:CLOSED, leaderId:null, CreationTimestamp2020-03-27T08:15:34.959Z]
2020-03-27 08:15:53,993 [EventQueue-StaleNodeForStaleNodeHandler] INFO  pipeline.SCMPipelineManager (SCMPipelineManager.java:finalizeAndDestroyPipeline(391)) - Destroying pipeline:Pipeline[ Id: 4dce4205-7210-4ac6-9010-e434acb9eedd, Nodes: 6868d56a-2336-4046-a4ac-d6ad311db1a4{ip: 172.17.0.2, host: 767d39cb30d6, networkLocation: /default-rack, certSerialId: null}, Type:RATIS, Factor:ONE, State:OPEN, leaderId:6868d56a-2336-4046-a4ac-d6ad311db1a4, CreationTimestamp2020-03-27T08:15:06.616Z]
2020-03-27 08:15:53,993 [EventQueue-StaleNodeForStaleNodeHandler] INFO  pipeline.PipelineStateManager (PipelineStateManager.java:finalizePipeline(120)) - Pipeline Pipeline[ Id: 4dce4205-7210-4ac6-9010-e434acb9eedd, Nodes: 6868d56a-2336-4046-a4ac-d6ad311db1a4{ip: 172.17.0.2, host: 767d39cb30d6, networkLocation: /default-rack, certSerialId: null}, Type:RATIS, Factor:ONE, State:CLOSED, leaderId:6868d56a-2336-4046-a4ac-d6ad311db1a4, CreationTimestamp2020-03-27T08:15:06.616Z] moved to CLOSED state
2020-03-27 08:15:54,092 [EventQueue-StaleNodeForStaleNodeHandler] INFO  node.StaleNodeHandler (StaleNodeHandler.java:onMessage(58)) - Datanode 786ae2ec-8760-4167-ab23-b7e9b601edc4{ip: 172.17.0.2, host: 767d39cb30d6, networkLocation: /default-rack, certSerialId: null} moved to stale state. Finalizing its pipelines [PipelineID=191e791d-f3bf-4488-ad6f-64df7057dae6, PipelineID=20a375a9-ac96-459f-a59f-d0f55c6d3fb8, PipelineID=f39c7753-47b3-49b4-b5e3-97ca0eda37a5]
2020-03-27 08:15:54,092 [EventQueue-StaleNodeForStaleNodeHandler] INFO  pipeline.SCMPipelineManager (SCMPipelineManager.java:finalizeAndDestroyPipeline(391)) - Destroying pipeline:Pipeline[ Id: 191e791d-f3bf-4488-ad6f-64df7057dae6, Nodes: 786ae2ec-8760-4167-ab23-b7e9b601edc4{ip: 172.17.0.2, host: 767d39cb30d6, networkLocation: /default-rack, certSerialId: null}c40590c3-a50d-4a7b-bb23-afdf12d31292{ip: 172.17.0.2, host: 767d39cb30d6, networkLocation: /default-rack, certSerialId: null}4f2bc8b4-1be3-4773-881c-e471bed51254{ip: 172.17.0.2, host: 767d39cb30d6, networkLocation: /default-rack, certSerialId: null}, Type:RATIS, Factor:THREE, State:CLOSED, leaderId:c40590c3-a50d-4a7b-bb23-afdf12d31292, CreationTimestamp2020-03-27T08:15:06.338Z]
2020-03-27 08:15:54,093 [EventQueue-StaleNodeForStaleNodeHandler] INFO  pipeline.SCMPipelineManager (SCMPipelineManager.java:finalizeAndDestroyPipeline(391)) - Destroying pipeline:Pipeline[ Id: 20a375a9-ac96-459f-a59f-d0f55c6d3fb8, Nodes: 786ae2ec-8760-4167-ab23-b7e9b601edc4{ip: 172.17.0.2, host: 767d39cb30d6, networkLocation: /default-rack, certSerialId: null}4f2bc8b4-1be3-4773-881c-e471bed51254{ip: 172.17.0.2, host: 767d39cb30d6, networkLocation: /default-rack, certSerialId: null}c40590c3-a50d-4a7b-bb23-afdf12d31292{ip: 172.17.0.2, host: 767d39cb30d6, networkLocation: /default-rack, certSerialId: null}, Type:RATIS, Factor:THREE, State:CLOSED, leaderId:c40590c3-a50d-4a7b-bb23-afdf12d31292, CreationTimestamp2020-03-27T08:15:06.337Z]
2020-03-27 08:15:54,093 [EventQueue-StaleNodeForStaleNodeHandler] INFO  pipeline.SCMPipelineManager (SCMPipelineManager.java:finalizeAndDestroyPipeline(391)) - Destroying pipeline:Pipeline[ Id: f39c7753-47b3-49b4-b5e3-97ca0eda37a5, Nodes: 786ae2ec-8760-4167-ab23-b7e9b601edc4{ip: 172.17.0.2, host: 767d39cb30d6, networkLocation: /default-rack, certSerialId: null}, Type:RATIS, Factor:ONE, State:OPEN, leaderId:786ae2ec-8760-4167-ab23-b7e9b601edc4, CreationTimestamp2020-03-27T08:15:06.336Z]
2020-03-27 08:15:54,093 [EventQueue-StaleNodeForStaleNodeHandler] INFO  pipeline.PipelineStateManager (PipelineStateManager.java:finalizePipeline(120)) - Pipeline Pipeline[ Id: f39c7753-47b3-49b4-b5e3-97ca0eda37a5, Nodes: 786ae2ec-8760-4167-ab23-b7e9b601edc4{ip: 172.17.0.2, host: 767d39cb30d6, networkLocation: /default-rack, certSerialId: null}, Type:RATIS, Factor:ONE, State:CLOSED, leaderId:786ae2ec-8760-4167-ab23-b7e9b601edc4, CreationTimestamp2020-03-27T08:15:06.336Z] moved to CLOSED state
2020-03-27 08:15:54,117 [grpc-default-executor-13] WARN  server.GrpcLogAppender (LogUtils.java:warn(122)) - c40590c3-a50d-4a7b-bb23-afdf12d31292@group-D0F55C6D3FB8->786ae2ec-8760-4167-ab23-b7e9b601edc4-AppendLogResponseHandler: Failed appendEntries: org.apache.ratis.thirdparty.io.grpc.StatusRuntimeException: UNAVAILABLE: io exception
2020-03-27 08:15:54,117 [grpc-default-executor-13] INFO  impl.FollowerInfo (FollowerInfo.java:lambda$new$0(50)) - c40590c3-a50d-4a7b-bb23-afdf12d31292@group-D0F55C6D3FB8->786ae2ec-8760-4167-ab23-b7e9b601edc4: nextIndex: updateUnconditionally 4 -> 3
2020-03-27 08:15:54,122 [grpc-default-executor-5] WARN  server.GrpcLogAppender (LogUtils.java:warn(122)) - c40590c3-a50d-4a7b-bb23-afdf12d31292@group-D0F55C6D3FB8->4f2bc8b4-1be3-4773-881c-e471bed51254-AppendLogResponseHandler: Failed appendEntries: org.apache.ratis.thirdparty.io.grpc.StatusRuntimeException: UNAVAILABLE: io exception
2020-03-27 08:15:54,122 [grpc-default-executor-5] INFO  impl.FollowerInfo (FollowerInfo.java:lambda$new$0(50)) - c40590c3-a50d-4a7b-bb23-afdf12d31292@group-D0F55C6D3FB8->4f2bc8b4-1be3-4773-881c-e471bed51254: nextIndex: updateUnconditionally 4 -> 3
2020-03-27 08:15:54,303 [main] INFO  ozoneimpl.OzoneContainer (OzoneContainer.java:stop(245)) - Attempting to stop container services.
2020-03-27 08:15:54,303 [main] INFO  impl.RaftServerProxy (RaftServerProxy.java:lambda$close$4(314)) - 77fc4d9c-d2cb-491d-92c6-7c69a2ec3ba6: close
2020-03-27 08:15:54,304 [main] INFO  impl.RaftServerImpl (RaftServerImpl.java:lambda$shutdown$3(249)) - 77fc4d9c-d2cb-491d-92c6-7c69a2ec3ba6@group-E431FBF4E8AB: shutdown
2020-03-27 08:15:54,304 [main] INFO  util.JmxRegister (JmxRegister.java:unregister(73)) - Successfully un-registered JMX Bean with object name Ratis:service=RaftServer,group=group-E431FBF4E8AB,id=77fc4d9c-d2cb-491d-92c6-7c69a2ec3ba6
2020-03-27 08:15:54,304 [main] INFO  impl.RoleInfo (RoleInfo.java:shutdownLeaderState(104)) - 77fc4d9c-d2cb-491d-92c6-7c69a2ec3ba6: shutdown LeaderState
2020-03-27 08:15:54,304 [main] INFO  impl.PendingRequests (PendingRequests.java:sendNotLeaderResponses(240)) - 77fc4d9c-d2cb-491d-92c6-7c69a2ec3ba6@group-E431FBF4E8AB-PendingRequests: sendNotLeaderResponses
2020-03-27 08:15:54,304 [main] INFO  metrics.RatisMetrics (RatisMetrics.java:unregister(46)) - Unregistering Metrics Registry : ratis.log_appender.77fc4d9c-d2cb-491d-92c6-7c69a2ec3ba6@group-E431FBF4E8AB
2020-03-27 08:15:54,305 [main] INFO  impl.StateMachineUpdater (StateMachineUpdater.java:stopAndJoin(139)) - 77fc4d9c-d2cb-491d-92c6-7c69a2ec3ba6@group-E431FBF4E8AB-StateMachineUpdater: set stopIndex = 0
2020-03-27 08:15:54,305 [77fc4d9c-d2cb-491d-92c6-7c69a2ec3ba6@group-E431FBF4E8AB-StateMachineUpdater] INFO  ratis.ContainerStateMachine (ContainerStateMachine.java:takeSnapshot(295)) - group-E431FBF4E8AB: Taking a snapshot at:(t:1, i:0) file /github/workspace/hadoop-ozone/integration-test/target/test-dir/MiniOzoneClusterImpl-178f0ac1-9287-41ca-b66e-5f4c0e2bc6ba/datanode-5/data/ratis/47f08160-2de5-4fb9-bb42-e431fbf4e8ab/sm/snapshot.1_0
2020-03-27 08:15:54,305 [ForkJoinPool.commonPool-worker-0] INFO  ozoneimpl.OzoneContainer (OzoneContainer.java:stop(245)) - Attempting to stop container services.
2020-03-27 08:15:54,306 [ForkJoinPool.commonPool-worker-0] INFO  impl.RaftServerProxy (RaftServerProxy.java:lambda$close$4(314)) - c40590c3-a50d-4a7b-bb23-afdf12d31292: close
2020-03-27 08:15:54,306 [ForkJoinPool.commonPool-worker-0] INFO  impl.RaftServerImpl (RaftServerImpl.java:lambda$shutdown$3(249)) - c40590c3-a50d-4a7b-bb23-afdf12d31292@group-091DD7728E56: shutdown
2020-03-27 08:15:54,306 [ForkJoinPool.commonPool-worker-0] INFO  util.JmxRegister (JmxRegister.java:unregister(73)) - Successfully un-registered JMX Bean with object name Ratis:service=RaftServer,group=group-091DD7728E56,id=c40590c3-a50d-4a7b-bb23-afdf12d31292
2020-03-27 08:15:54,306 [ForkJoinPool.commonPool-worker-0] INFO  impl.RoleInfo (RoleInfo.java:shutdownLeaderState(104)) - c40590c3-a50d-4a7b-bb23-afdf12d31292: shutdown LeaderState
2020-03-27 08:15:54,306 [77fc4d9c-d2cb-491d-92c6-7c69a2ec3ba6@group-E431FBF4E8AB-StateMachineUpdater] INFO  ratis.ContainerStateMachine (ContainerStateMachine.java:takeSnapshot(306)) - group-E431FBF4E8AB: Finished taking a snapshot at:(t:1, i:0) file:/github/workspace/hadoop-ozone/integration-test/target/test-dir/MiniOzoneClusterImpl-178f0ac1-9287-41ca-b66e-5f4c0e2bc6ba/datanode-5/data/ratis/47f08160-2de5-4fb9-bb42-e431fbf4e8ab/sm/snapshot.1_0 time:1
2020-03-27 08:15:54,306 [ForkJoinPool.commonPool-worker-0] INFO  impl.PendingRequests (PendingRequests.java:sendNotLeaderResponses(240)) - c40590c3-a50d-4a7b-bb23-afdf12d31292@group-091DD7728E56-PendingRequests: sendNotLeaderResponses
2020-03-27 08:15:54,306 [77fc4d9c-d2cb-491d-92c6-7c69a2ec3ba6@group-E431FBF4E8AB-StateMachineUpdater] INFO  impl.StateMachineUpdater (StateMachineUpdater.java:takeSnapshot(274)) - 77fc4d9c-d2cb-491d-92c6-7c69a2ec3ba6@group-E431FBF4E8AB-StateMachineUpdater: Took a snapshot at index 0
2020-03-27 08:15:54,306 [77fc4d9c-d2cb-491d-92c6-7c69a2ec3ba6@group-E431FBF4E8AB-StateMachineUpdater] INFO  impl.StateMachineUpdater (StateMachineUpdater.java:lambda$new$0(86)) - 77fc4d9c-d2cb-491d-92c6-7c69a2ec3ba6@group-E431FBF4E8AB-StateMachineUpdater: snapshotIndex: updateIncreasingly -1 -> 0
2020-03-27 08:15:54,306 [ForkJoinPool.commonPool-worker-0] INFO  metrics.RatisMetrics (RatisMetrics.java:unregister(46)) - Unregistering Metrics Registry : ratis.log_appender.c40590c3-a50d-4a7b-bb23-afdf12d31292@group-091DD7728E56
2020-03-27 08:15:54,307 [ForkJoinPool.commonPool-worker-0] INFO  impl.StateMachineUpdater (StateMachineUpdater.java:stopAndJoin(139)) - c40590c3-a50d-4a7b-bb23-afdf12d31292@group-091DD7728E56-StateMachineUpdater: set stopIndex = 0
2020-03-27 08:15:54,307 [77fc4d9c-d2cb-491d-92c6-7c69a2ec3ba6@group-E431FBF4E8AB-StateMachineUpdater] INFO  metrics.RatisMetrics (RatisMetrics.java:unregister(46)) - Unregistering Metrics Registry : ratis.state_machine.77fc4d9c-d2cb-491d-92c6-7c69a2ec3ba6@group-E431FBF4E8AB
2020-03-27 08:15:54,307 [c40590c3-a50d-4a7b-bb23-afdf12d31292@group-091DD7728E56-StateMachineUpdater] INFO  ratis.ContainerStateMachine (ContainerStateMachine.java:takeSnapshot(295)) - group-091DD7728E56: Taking a snapshot at:(t:1, i:0) file /github/workspace/hadoop-ozone/integration-test/target/test-dir/MiniOzoneClusterImpl-178f0ac1-9287-41ca-b66e-5f4c0e2bc6ba/datanode-0/data/ratis/d3b13d55-5155-4f0e-8e35-091dd7728e56/sm/snapshot.1_0
2020-03-27 08:15:54,310 [main] INFO  impl.RaftServerImpl (ServerState.java:close(387)) - 77fc4d9c-d2cb-491d-92c6-7c69a2ec3ba6@group-E431FBF4E8AB: closes. applyIndex: 0
2020-03-27 08:15:54,310 [c40590c3-a50d-4a7b-bb23-afdf12d31292@group-091DD7728E56-StateMachineUpdater] INFO  ratis.ContainerStateMachine (ContainerStateMachine.java:takeSnapshot(306)) - group-091DD7728E56: Finished taking a snapshot at:(t:1, i:0) file:/github/workspace/hadoop-ozone/integration-test/target/test-dir/MiniOzoneClusterImpl-178f0ac1-9287-41ca-b66e-5f4c0e2bc6ba/datanode-0/data/ratis/d3b13d55-5155-4f0e-8e35-091dd7728e56/sm/snapshot.1_0 time:3
2020-03-27 08:15:54,310 [77fc4d9c-d2cb-491d-92c6-7c69a2ec3ba6@group-E431FBF4E8AB-SegmentedRaftLogWorker] INFO  segmented.SegmentedRaftLogWorker (SegmentedRaftLogWorker.java:run(321)) - 77fc4d9c-d2cb-491d-92c6-7c69a2ec3ba6@group-E431FBF4E8AB-SegmentedRaftLogWorker was interrupted, exiting. There are 0 tasks remaining in the queue.
2020-03-27 08:15:54,310 [c40590c3-a50d-4a7b-bb23-afdf12d31292@group-091DD7728E56-StateMachineUpdater] INFO  impl.StateMachineUpdater (StateMachineUpdater.java:takeSnapshot(274)) - c40590c3-a50d-4a7b-bb23-afdf12d31292@group-091DD7728E56-StateMachineUpdater: Took a snapshot at index 0
2020-03-27 08:15:54,311 [c40590c3-a50d-4a7b-bb23-afdf12d31292@group-091DD7728E56-StateMachineUpdater] INFO  impl.StateMachineUpdater (StateMachineUpdater.java:lambda$new$0(86)) - c40590c3-a50d-4a7b-bb23-afdf12d31292@group-091DD7728E56-StateMachineUpdater: snapshotIndex: updateIncreasingly -1 -> 0
2020-03-27 08:15:54,311 [c40590c3-a50d-4a7b-bb23-afdf12d31292@group-091DD7728E56-StateMachineUpdater] INFO  metrics.RatisMetrics (RatisMetrics.java:unregister(46)) - Unregistering Metrics Registry : ratis.state_machine.c40590c3-a50d-4a7b-bb23-afdf12d31292@group-091DD7728E56
2020-03-27 08:15:54,311 [main] INFO  segmented.SegmentedRaftLogWorker (SegmentedRaftLogWorker.java:close(229)) - 77fc4d9c-d2cb-491d-92c6-7c69a2ec3ba6@group-E431FBF4E8AB-SegmentedRaftLogWorker close()
2020-03-27 08:15:54,311 [main] INFO  metrics.RatisMetrics (RatisMetrics.java:unregister(46)) - Unregistering Metrics Registry : ratis.log_worker.77fc4d9c-d2cb-491d-92c6-7c69a2ec3ba6
2020-03-27 08:15:54,311 [main] INFO  metrics.RatisMetrics (RatisMetrics.java:unregister(46)) - Unregistering Metrics Registry : ratis.leader_election.77fc4d9c-d2cb-491d-92c6-7c69a2ec3ba6@group-E431FBF4E8AB
2020-03-27 08:15:54,311 [main] INFO  metrics.RatisMetrics (RatisMetrics.java:unregister(46)) - Unregistering Metrics Registry : ratis.server.77fc4d9c-d2cb-491d-92c6-7c69a2ec3ba6@group-E431FBF4E8AB
2020-03-27 08:15:54,311 [main] INFO  impl.RaftServerImpl (RaftServerImpl.java:lambda$shutdown$3(249)) - 77fc4d9c-d2cb-491d-92c6-7c69a2ec3ba6@group-C2F994A7515B: shutdown
2020-03-27 08:15:54,311 [main] INFO  util.JmxRegister (JmxRegister.java:unregister(73)) - Successfully un-registered JMX Bean with object name Ratis:service=RaftServer,group=group-C2F994A7515B,id=77fc4d9c-d2cb-491d-92c6-7c69a2ec3ba6
2020-03-27 08:15:54,312 [main] INFO  impl.RoleInfo (RoleInfo.java:shutdownLeaderState(104)) - 77fc4d9c-d2cb-491d-92c6-7c69a2ec3ba6: shutdown LeaderState
2020-03-27 08:15:54,312 [ForkJoinPool.commonPool-worker-0] INFO  impl.RaftServerImpl (ServerState.java:close(387)) - c40590c3-a50d-4a7b-bb23-afdf12d31292@group-091DD7728E56: closes. applyIndex: 0
2020-03-27 08:15:54,313 [org.apache.ratis.server.impl.LogAppender$AppenderDaemon$$Lambda$426/136956550@c980711] WARN  server.GrpcLogAppender (GrpcLogAppender.java:mayWait(153)) - 77fc4d9c-d2cb-491d-92c6-7c69a2ec3ba6@group-C2F994A7515B->6868d56a-2336-4046-a4ac-d6ad311db1a4-GrpcLogAppender: Wait interrupted by java.lang.InterruptedException
2020-03-27 08:15:54,313 [main] INFO  impl.PendingRequests (PendingRequests.java:sendNotLeaderResponses(240)) - 77fc4d9c-d2cb-491d-92c6-7c69a2ec3ba6@group-C2F994A7515B-PendingRequests: sendNotLeaderResponses
2020-03-27 08:15:54,313 [org.apache.ratis.server.impl.LogAppender$AppenderDaemon$$Lambda$426/136956550@26ef247f] WARN  server.GrpcLogAppender (GrpcLogAppender.java:mayWait(153)) - 77fc4d9c-d2cb-491d-92c6-7c69a2ec3ba6@group-C2F994A7515B->fe5755ee-a695-4f61-b92b-3d721cb7d98e-GrpcLogAppender: Wait interrupted by java.lang.InterruptedException
2020-03-27 08:15:54,314 [main] INFO  metrics.RatisMetrics (RatisMetrics.java:unregister(46)) - Unregistering Metrics Registry : ratis.log_appender.77fc4d9c-d2cb-491d-92c6-7c69a2ec3ba6@group-C2F994A7515B
2020-03-27 08:15:54,313 [c40590c3-a50d-4a7b-bb23-afdf12d31292@group-091DD7728E56-SegmentedRaftLogWorker] INFO  segmented.SegmentedRaftLogWorker (SegmentedRaftLogWorker.java:run(321)) - c40590c3-a50d-4a7b-bb23-afdf12d31292@group-091DD7728E56-SegmentedRaftLogWorker was interrupted, exiting. There are 0 tasks remaining in the queue.
2020-03-27 08:15:54,314 [main] INFO  impl.StateMachineUpdater (StateMachineUpdater.java:stopAndJoin(139)) - 77fc4d9c-d2cb-491d-92c6-7c69a2ec3ba6@group-C2F994A7515B-StateMachineUpdater: set stopIndex = 0
2020-03-27 08:15:54,314 [ForkJoinPool.commonPool-worker-0] INFO  segmented.SegmentedRaftLogWorker (SegmentedRaftLogWorker.java:close(229)) - c40590c3-a50d-4a7b-bb23-afdf12d31292@group-091DD7728E56-SegmentedRaftLogWorker close()
2020-03-27 08:15:54,314 [ForkJoinPool.commonPool-worker-0] INFO  metrics.RatisMetrics (RatisMetrics.java:unregister(46)) - Unregistering Metrics Registry : ratis.log_worker.c40590c3-a50d-4a7b-bb23-afdf12d31292
2020-03-27 08:15:54,314 [ForkJoinPool.commonPool-worker-0] INFO  metrics.RatisMetrics (RatisMetrics.java:unregister(46)) - Unregistering Metrics Registry : ratis.leader_election.c40590c3-a50d-4a7b-bb23-afdf12d31292@group-091DD7728E56
2020-03-27 08:15:54,314 [ForkJoinPool.commonPool-worker-0] INFO  metrics.RatisMetrics (RatisMetrics.java:unregister(46)) - Unregistering Metrics Registry : ratis.server.c40590c3-a50d-4a7b-bb23-afdf12d31292@group-091DD7728E56
2020-03-27 08:15:54,314 [77fc4d9c-d2cb-491d-92c6-7c69a2ec3ba6@group-C2F994A7515B-StateMachineUpdater] INFO  ratis.ContainerStateMachine (ContainerStateMachine.java:takeSnapshot(295)) - group-C2F994A7515B: Taking a snapshot at:(t:1, i:0) file /github/workspace/hadoop-ozone/integration-test/target/test-dir/MiniOzoneClusterImpl-178f0ac1-9287-41ca-b66e-5f4c0e2bc6ba/datanode-5/data/ratis/ec296b66-8a13-4194-823f-c2f994a7515b/sm/snapshot.1_0
2020-03-27 08:15:54,315 [ForkJoinPool.commonPool-worker-0] INFO  impl.RaftServerImpl (RaftServerImpl.java:lambda$shutdown$3(249)) - c40590c3-a50d-4a7b-bb23-afdf12d31292@group-64DF7057DAE6: shutdown
2020-03-27 08:15:54,315 [ForkJoinPool.commonPool-worker-0] INFO  util.JmxRegister (JmxRegister.java:unregister(73)) - Successfully un-registered JMX Bean with object name Ratis:service=RaftServer,group=group-64DF7057DAE6,id=c40590c3-a50d-4a7b-bb23-afdf12d31292
2020-03-27 08:15:54,315 [ForkJoinPool.commonPool-worker-0] INFO  impl.RoleInfo (RoleInfo.java:shutdownLeaderState(104)) - c40590c3-a50d-4a7b-bb23-afdf12d31292: shutdown LeaderState
2020-03-27 08:15:54,318 [77fc4d9c-d2cb-491d-92c6-7c69a2ec3ba6@group-C2F994A7515B-StateMachineUpdater] INFO  ratis.ContainerStateMachine (ContainerStateMachine.java:takeSnapshot(306)) - group-C2F994A7515B: Finished taking a snapshot at:(t:1, i:0) file:/github/workspace/hadoop-ozone/integration-test/target/test-dir/MiniOzoneClusterImpl-178f0ac1-9287-41ca-b66e-5f4c0e2bc6ba/datanode-5/data/ratis/ec296b66-8a13-4194-823f-c2f994a7515b/sm/snapshot.1_0 time:3
2020-03-27 08:15:54,318 [77fc4d9c-d2cb-491d-92c6-7c69a2ec3ba6@group-C2F994A7515B-StateMachineUpdater] INFO  impl.StateMachineUpdater (StateMachineUpdater.java:takeSnapshot(274)) - 77fc4d9c-d2cb-491d-92c6-7c69a2ec3ba6@group-C2F994A7515B-StateMachineUpdater: Took a snapshot at index 0
2020-03-27 08:15:54,318 [77fc4d9c-d2cb-491d-92c6-7c69a2ec3ba6@group-C2F994A7515B-StateMachineUpdater] INFO  impl.StateMachineUpdater (StateMachineUpdater.java:lambda$new$0(86)) - 77fc4d9c-d2cb-491d-92c6-7c69a2ec3ba6@group-C2F994A7515B-StateMachineUpdater: snapshotIndex: updateIncreasingly -1 -> 0
2020-03-27 08:15:54,319 [77fc4d9c-d2cb-491d-92c6-7c69a2ec3ba6@group-C2F994A7515B-StateMachineUpdater] INFO  metrics.RatisMetrics (RatisMetrics.java:unregister(46)) - Unregistering Metrics Registry : ratis.state_machine.77fc4d9c-d2cb-491d-92c6-7c69a2ec3ba6@group-C2F994A7515B
2020-03-27 08:15:54,319 [main] INFO  impl.RaftServerImpl (ServerState.java:close(387)) - 77fc4d9c-d2cb-491d-92c6-7c69a2ec3ba6@group-C2F994A7515B: closes. applyIndex: 0
2020-03-27 08:15:54,319 [77fc4d9c-d2cb-491d-92c6-7c69a2ec3ba6@group-C2F994A7515B-SegmentedRaftLogWorker] INFO  segmented.SegmentedRaftLogWorker (SegmentedRaftLogWorker.java:run(321)) - 77fc4d9c-d2cb-491d-92c6-7c69a2ec3ba6@group-C2F994A7515B-SegmentedRaftLogWorker was interrupted, exiting. There are 0 tasks remaining in the queue.
2020-03-27 08:15:54,319 [org.apache.ratis.server.impl.LogAppender$AppenderDaemon$$Lambda$426/136956550@76c62aa6] WARN  server.GrpcLogAppender (GrpcLogAppender.java:mayWait(153)) - c40590c3-a50d-4a7b-bb23-afdf12d31292@group-64DF7057DAE6->786ae2ec-8760-4167-ab23-b7e9b601edc4-GrpcLogAppender: Wait interrupted by java.lang.InterruptedException
2020-03-27 08:15:54,319 [main] INFO  segmented.SegmentedRaftLogWorker (SegmentedRaftLogWorker.java:close(229)) - 77fc4d9c-d2cb-491d-92c6-7c69a2ec3ba6@group-C2F994A7515B-SegmentedRaftLogWorker close()
2020-03-27 08:15:54,321 [main] INFO  metrics.RatisMetrics (RatisMetrics.java:unregister(46)) - Unregistering Metrics Registry : ratis.log_worker.77fc4d9c-d2cb-491d-92c6-7c69a2ec3ba6
2020-03-27 08:15:54,321 [main] INFO  metrics.RatisMetrics (RatisMetrics.java:unregister(46)) - Unregistering Metrics Registry : ratis.leader_election.77fc4d9c-d2cb-491d-92c6-7c69a2ec3ba6@group-C2F994A7515B
2020-03-27 08:15:54,321 [main] INFO  metrics.RatisMetrics (RatisMetrics.java:unregister(46)) - Unregistering Metrics Registry : ratis.server.77fc4d9c-d2cb-491d-92c6-7c69a2ec3ba6@group-C2F994A7515B
2020-03-27 08:15:54,322 [main] INFO  impl.RaftServerImpl (RaftServerImpl.java:lambda$shutdown$3(249)) - 77fc4d9c-d2cb-491d-92c6-7c69a2ec3ba6@group-392CD9ACBEA3: shutdown
2020-03-27 08:15:54,322 [main] INFO  util.JmxRegister (JmxRegister.java:unregister(73)) - Successfully un-registered JMX Bean with object name Ratis:service=RaftServer,group=group-392CD9ACBEA3,id=77fc4d9c-d2cb-491d-92c6-7c69a2ec3ba6
2020-03-27 08:15:54,322 [main] INFO  impl.RoleInfo (RoleInfo.java:shutdownFollowerState(121)) - 77fc4d9c-d2cb-491d-92c6-7c69a2ec3ba6: shutdown FollowerState
2020-03-27 08:15:54,322 [Thread-3997] INFO  impl.FollowerState (FollowerState.java:run(117)) - 77fc4d9c-d2cb-491d-92c6-7c69a2ec3ba6@group-392CD9ACBEA3-FollowerState was interrupted: java.lang.InterruptedException: sleep interrupted
2020-03-27 08:15:54,322 [main] INFO  impl.StateMachineUpdater (StateMachineUpdater.java:stopAndJoin(139)) - 77fc4d9c-d2cb-491d-92c6-7c69a2ec3ba6@group-392CD9ACBEA3-StateMachineUpdater: set stopIndex = -1
2020-03-27 08:15:54,321 [ForkJoinPool.commonPool-worker-0] INFO  impl.PendingRequests (PendingRequests.java:sendNotLeaderResponses(240)) - c40590c3-a50d-4a7b-bb23-afdf12d31292@group-64DF7057DAE6-PendingRequests: sendNotLeaderResponses
2020-03-27 08:15:54,321 [org.apache.ratis.server.impl.LogAppender$AppenderDaemon$$Lambda$426/136956550@7c1e2080] WARN  server.GrpcLogAppender (GrpcLogAppender.java:mayWait(153)) - c40590c3-a50d-4a7b-bb23-afdf12d31292@group-64DF7057DAE6->4f2bc8b4-1be3-4773-881c-e471bed51254-GrpcLogAppender: Wait interrupted by java.lang.InterruptedException
2020-03-27 08:15:54,323 [ForkJoinPool.commonPool-worker-0] INFO  metrics.RatisMetrics (RatisMetrics.java:unregister(46)) - Unregistering Metrics Registry : ratis.log_appender.c40590c3-a50d-4a7b-bb23-afdf12d31292@group-64DF7057DAE6
2020-03-27 08:15:54,322 [77fc4d9c-d2cb-491d-92c6-7c69a2ec3ba6@group-392CD9ACBEA3-StateMachineUpdater] INFO  metrics.RatisMetrics (RatisMetrics.java:unregister(46)) - Unregistering Metrics Registry : ratis.state_machine.77fc4d9c-d2cb-491d-92c6-7c69a2ec3ba6@group-392CD9ACBEA3
2020-03-27 08:15:54,323 [main] INFO  impl.RaftServerImpl (ServerState.java:close(387)) - 77fc4d9c-d2cb-491d-92c6-7c69a2ec3ba6@group-392CD9ACBEA3: closes. applyIndex: -1
2020-03-27 08:15:54,323 [77fc4d9c-d2cb-491d-92c6-7c69a2ec3ba6@group-392CD9ACBEA3-SegmentedRaftLogWorker] INFO  segmented.SegmentedRaftLogWorker (SegmentedRaftLogWorker.java:run(321)) - 77fc4d9c-d2cb-491d-92c6-7c69a2ec3ba6@group-392CD9ACBEA3-SegmentedRaftLogWorker was interrupted, exiting. There are 0 tasks remaining in the queue.
2020-03-27 08:15:54,324 [c40590c3-a50d-4a7b-bb23-afdf12d31292@group-64DF7057DAE6-StateMachineUpdater] INFO  ratis.ContainerStateMachine (ContainerStateMachine.java:takeSnapshot(295)) - group-64DF7057DAE6: Taking a snapshot at:(t:1, i:0) file /github/workspace/hadoop-ozone/integration-test/target/test-dir/MiniOzoneClusterImpl-178f0ac1-9287-41ca-b66e-5f4c0e2bc6ba/datanode-0/data/ratis/191e791d-f3bf-4488-ad6f-64df7057dae6/sm/snapshot.1_0
2020-03-27 08:15:54,324 [ForkJoinPool.commonPool-worker-0] INFO  impl.StateMachineUpdater (StateMachineUpdater.java:stopAndJoin(139)) - c40590c3-a50d-4a7b-bb23-afdf12d31292@group-64DF7057DAE6-StateMachineUpdater: set stopIndex = 0
2020-03-27 08:15:54,324 [main] INFO  segmented.SegmentedRaftLogWorker (SegmentedRaftLogWorker.java:close(229)) - 77fc4d9c-d2cb-491d-92c6-7c69a2ec3ba6@group-392CD9ACBEA3-SegmentedRaftLogWorker close()
2020-03-27 08:15:54,324 [c40590c3-a50d-4a7b-bb23-afdf12d31292@group-64DF7057DAE6-StateMachineUpdater] INFO  ratis.ContainerStateMachine (ContainerStateMachine.java:takeSnapshot(306)) - group-64DF7057DAE6: Finished taking a snapshot at:(t:1, i:0) file:/github/workspace/hadoop-ozone/integration-test/target/test-dir/MiniOzoneClusterImpl-178f0ac1-9287-41ca-b66e-5f4c0e2bc6ba/datanode-0/data/ratis/191e791d-f3bf-4488-ad6f-64df7057dae6/sm/snapshot.1_0 time:1
2020-03-27 08:15:54,325 [c40590c3-a50d-4a7b-bb23-afdf12d31292@group-64DF7057DAE6-StateMachineUpdater] INFO  impl.StateMachineUpdater (StateMachineUpdater.java:takeSnapshot(274)) - c40590c3-a50d-4a7b-bb23-afdf12d31292@group-64DF7057DAE6-StateMachineUpdater: Took a snapshot at index 0
2020-03-27 08:15:54,325 [c40590c3-a50d-4a7b-bb23-afdf12d31292@group-64DF7057DAE6-StateMachineUpdater] INFO  impl.StateMachineUpdater (StateMachineUpdater.java:lambda$new$0(86)) - c40590c3-a50d-4a7b-bb23-afdf12d31292@group-64DF7057DAE6-StateMachineUpdater: snapshotIndex: updateIncreasingly -1 -> 0
2020-03-27 08:15:54,325 [c40590c3-a50d-4a7b-bb23-afdf12d31292@group-64DF7057DAE6-StateMachineUpdater] INFO  metrics.RatisMetrics (RatisMetrics.java:unregister(46)) - Unregistering Metrics Registry : ratis.state_machine.c40590c3-a50d-4a7b-bb23-afdf12d31292@group-64DF7057DAE6
2020-03-27 08:15:54,325 [ForkJoinPool.commonPool-worker-0] INFO  impl.RaftServerImpl (ServerState.java:close(387)) - c40590c3-a50d-4a7b-bb23-afdf12d31292@group-64DF7057DAE6: closes. applyIndex: 0
2020-03-27 08:15:54,325 [main] INFO  metrics.RatisMetrics (RatisMetrics.java:unregister(46)) - Unregistering Metrics Registry : ratis.log_worker.77fc4d9c-d2cb-491d-92c6-7c69a2ec3ba6
2020-03-27 08:15:54,325 [c40590c3-a50d-4a7b-bb23-afdf12d31292@group-64DF7057DAE6-SegmentedRaftLogWorker] INFO  segmented.SegmentedRaftLogWorker (SegmentedRaftLogWorker.java:run(321)) - c40590c3-a50d-4a7b-bb23-afdf12d31292@group-64DF7057DAE6-SegmentedRaftLogWorker was interrupted, exiting. There are 0 tasks remaining in the queue.
2020-03-27 08:15:54,326 [main] INFO  metrics.RatisMetrics (RatisMetrics.java:unregister(46)) - Unregistering Metrics Registry : ratis.leader_election.77fc4d9c-d2cb-491d-92c6-7c69a2ec3ba6@group-392CD9ACBEA3
2020-03-27 08:15:54,326 [main] INFO  metrics.RatisMetrics (RatisMetrics.java:unregister(46)) - Unregistering Metrics Registry : ratis.server.77fc4d9c-d2cb-491d-92c6-7c69a2ec3ba6@group-392CD9ACBEA3
2020-03-27 08:15:54,326 [ForkJoinPool.commonPool-worker-0] INFO  segmented.SegmentedRaftLogWorker (SegmentedRaftLogWorker.java:close(229)) - c40590c3-a50d-4a7b-bb23-afdf12d31292@group-64DF7057DAE6-SegmentedRaftLogWorker close()
2020-03-27 08:15:54,327 [ForkJoinPool.commonPool-worker-0] INFO  metrics.RatisMetrics (RatisMetrics.java:unregister(46)) - Unregistering Metrics Registry : ratis.log_worker.c40590c3-a50d-4a7b-bb23-afdf12d31292
2020-03-27 08:15:54,327 [ForkJoinPool.commonPool-worker-0] INFO  metrics.RatisMetrics (RatisMetrics.java:unregister(46)) - Unregistering Metrics Registry : ratis.leader_election.c40590c3-a50d-4a7b-bb23-afdf12d31292@group-64DF7057DAE6
2020-03-27 08:15:54,327 [ForkJoinPool.commonPool-worker-0] INFO  metrics.RatisMetrics (RatisMetrics.java:unregister(46)) - Unregistering Metrics Registry : ratis.server.c40590c3-a50d-4a7b-bb23-afdf12d31292@group-64DF7057DAE6
2020-03-27 08:15:54,326 [main] INFO  server.GrpcService (GrpcService.java:closeImpl(164)) - 77fc4d9c-d2cb-491d-92c6-7c69a2ec3ba6: shutdown server with port 44703 now
2020-03-27 08:15:54,327 [ForkJoinPool.commonPool-worker-0] INFO  impl.RaftServerImpl (RaftServerImpl.java:lambda$shutdown$3(249)) - c40590c3-a50d-4a7b-bb23-afdf12d31292@group-D0F55C6D3FB8: shutdown
2020-03-27 08:15:54,327 [ForkJoinPool.commonPool-worker-0] INFO  util.JmxRegister (JmxRegister.java:unregister(73)) - Successfully un-registered JMX Bean with object name Ratis:service=RaftServer,group=group-D0F55C6D3FB8,id=c40590c3-a50d-4a7b-bb23-afdf12d31292
2020-03-27 08:15:54,327 [ForkJoinPool.commonPool-worker-0] INFO  impl.RoleInfo (RoleInfo.java:shutdownLeaderState(104)) - c40590c3-a50d-4a7b-bb23-afdf12d31292: shutdown LeaderState
2020-03-27 08:15:54,327 [org.apache.ratis.server.impl.LogAppender$AppenderDaemon$$Lambda$426/136956550@72100664] WARN  server.GrpcLogAppender (GrpcLogAppender.java:mayWait(153)) - c40590c3-a50d-4a7b-bb23-afdf12d31292@group-D0F55C6D3FB8->786ae2ec-8760-4167-ab23-b7e9b601edc4-GrpcLogAppender: Wait interrupted by java.lang.InterruptedException
2020-03-27 08:15:54,327 [ForkJoinPool.commonPool-worker-0] INFO  impl.PendingRequests (PendingRequests.java:sendNotLeaderResponses(240)) - c40590c3-a50d-4a7b-bb23-afdf12d31292@group-D0F55C6D3FB8-PendingRequests: sendNotLeaderResponses
2020-03-27 08:15:54,327 [org.apache.ratis.server.impl.LogAppender$AppenderDaemon$$Lambda$426/136956550@261e037] WARN  server.GrpcLogAppender (GrpcLogAppender.java:mayWait(153)) - c40590c3-a50d-4a7b-bb23-afdf12d31292@group-D0F55C6D3FB8->4f2bc8b4-1be3-4773-881c-e471bed51254-GrpcLogAppender: Wait interrupted by java.lang.InterruptedException
2020-03-27 08:15:54,328 [main] INFO  server.GrpcService (GrpcService.java:closeImpl(172)) - 77fc4d9c-d2cb-491d-92c6-7c69a2ec3ba6: shutdown server with port 44703 successfully
2020-03-27 08:15:54,331 [ForkJoinPool.commonPool-worker-0] INFO  metrics.RatisMetrics (RatisMetrics.java:unregister(46)) - Unregistering Metrics Registry : ratis.log_appender.c40590c3-a50d-4a7b-bb23-afdf12d31292@group-D0F55C6D3FB8
2020-03-27 08:15:54,331 [c40590c3-a50d-4a7b-bb23-afdf12d31292@group-D0F55C6D3FB8-StateMachineUpdater] INFO  ratis.ContainerStateMachine (ContainerStateMachine.java:takeSnapshot(295)) - group-D0F55C6D3FB8: Taking a snapshot at:(t:1, i:3) file /github/workspace/hadoop-ozone/integration-test/target/test-dir/MiniOzoneClusterImpl-178f0ac1-9287-41ca-b66e-5f4c0e2bc6ba/datanode-0/data/ratis/20a375a9-ac96-459f-a59f-d0f55c6d3fb8/sm/snapshot.1_3
2020-03-27 08:15:54,332 [ForkJoinPool.commonPool-worker-0] INFO  impl.StateMachineUpdater (StateMachineUpdater.java:stopAndJoin(139)) - c40590c3-a50d-4a7b-bb23-afdf12d31292@group-D0F55C6D3FB8-StateMachineUpdater: set stopIndex = 3
2020-03-27 08:15:54,333 [c40590c3-a50d-4a7b-bb23-afdf12d31292@group-D0F55C6D3FB8-StateMachineUpdater] INFO  ratis.ContainerStateMachine (ContainerStateMachine.java:takeSnapshot(306)) - group-D0F55C6D3FB8: Finished taking a snapshot at:(t:1, i:3) file:/github/workspace/hadoop-ozone/integration-test/target/test-dir/MiniOzoneClusterImpl-178f0ac1-9287-41ca-b66e-5f4c0e2bc6ba/datanode-0/data/ratis/20a375a9-ac96-459f-a59f-d0f55c6d3fb8/sm/snapshot.1_3 time:1
2020-03-27 08:15:54,333 [c40590c3-a50d-4a7b-bb23-afdf12d31292@group-D0F55C6D3FB8-StateMachineUpdater] INFO  impl.StateMachineUpdater (StateMachineUpdater.java:takeSnapshot(274)) - c40590c3-a50d-4a7b-bb23-afdf12d31292@group-D0F55C6D3FB8-StateMachineUpdater: Took a snapshot at index 3
2020-03-27 08:15:54,333 [c40590c3-a50d-4a7b-bb23-afdf12d31292@group-D0F55C6D3FB8-StateMachineUpdater] INFO  impl.StateMachineUpdater (StateMachineUpdater.java:lambda$new$0(86)) - c40590c3-a50d-4a7b-bb23-afdf12d31292@group-D0F55C6D3FB8-StateMachineUpdater: snapshotIndex: updateIncreasingly -1 -> 3
2020-03-27 08:15:54,333 [c40590c3-a50d-4a7b-bb23-afdf12d31292@group-D0F55C6D3FB8-StateMachineUpdater] INFO  metrics.RatisMetrics (RatisMetrics.java:unregister(46)) - Unregistering Metrics Registry : ratis.state_machine.c40590c3-a50d-4a7b-bb23-afdf12d31292@group-D0F55C6D3FB8
2020-03-27 08:15:54,333 [ForkJoinPool.commonPool-worker-0] INFO  impl.RaftServerImpl (ServerState.java:close(387)) - c40590c3-a50d-4a7b-bb23-afdf12d31292@group-D0F55C6D3FB8: closes. applyIndex: 3
2020-03-27 08:15:54,333 [c40590c3-a50d-4a7b-bb23-afdf12d31292@group-D0F55C6D3FB8-SegmentedRaftLogWorker] INFO  segmented.SegmentedRaftLogWorker (SegmentedRaftLogWorker.java:run(321)) - c40590c3-a50d-4a7b-bb23-afdf12d31292@group-D0F55C6D3FB8-SegmentedRaftLogWorker was interrupted, exiting. There are 0 tasks remaining in the queue.
2020-03-27 08:15:54,334 [ForkJoinPool.commonPool-worker-0] INFO  segmented.SegmentedRaftLogWorker (SegmentedRaftLogWorker.java:close(229)) - c40590c3-a50d-4a7b-bb23-afdf12d31292@group-D0F55C6D3FB8-SegmentedRaftLogWorker close()
2020-03-27 08:15:54,334 [ForkJoinPool.commonPool-worker-0] INFO  metrics.RatisMetrics (RatisMetrics.java:unregister(46)) - Unregistering Metrics Registry : ratis.log_worker.c40590c3-a50d-4a7b-bb23-afdf12d31292
2020-03-27 08:15:54,334 [ForkJoinPool.commonPool-worker-0] INFO  metrics.RatisMetrics (RatisMetrics.java:unregister(46)) - Unregistering Metrics Registry : ratis.leader_election.c40590c3-a50d-4a7b-bb23-afdf12d31292@group-D0F55C6D3FB8
2020-03-27 08:15:54,334 [ForkJoinPool.commonPool-worker-0] INFO  metrics.RatisMetrics (RatisMetrics.java:unregister(46)) - Unregistering Metrics Registry : ratis.server.c40590c3-a50d-4a7b-bb23-afdf12d31292@group-D0F55C6D3FB8
2020-03-27 08:15:54,334 [ForkJoinPool.commonPool-worker-0] INFO  server.GrpcService (GrpcService.java:closeImpl(164)) - c40590c3-a50d-4a7b-bb23-afdf12d31292: shutdown server with port 42743 now
2020-03-27 08:15:54,335 [ForkJoinPool.commonPool-worker-0] INFO  server.GrpcService (GrpcService.java:closeImpl(172)) - c40590c3-a50d-4a7b-bb23-afdf12d31292: shutdown server with port 42743 successfully
2020-03-27 08:15:54,360 [main] INFO  utils.BackgroundService (BackgroundService.java:shutdown(157)) - Shutting down service BlockDeletingService
2020-03-27 08:15:54,363 [ForkJoinPool.commonPool-worker-0] INFO  utils.BackgroundService (BackgroundService.java:shutdown(157)) - Shutting down service BlockDeletingService
2020-03-27 08:15:54,365 [main] INFO  statemachine.DatanodeStateMachine (DatanodeStateMachine.java:stopDaemon(435)) - Ozone container server stopped.
2020-03-27 08:15:54,366 [ForkJoinPool.commonPool-worker-0] INFO  statemachine.DatanodeStateMachine (DatanodeStateMachine.java:stopDaemon(435)) - Ozone container server stopped.
2020-03-27 08:15:54,368 [main] INFO  handler.ContextHandler (ContextHandler.java:doStop(1016)) - Stopped o.e.j.w.WebAppContext@371d74fc{hddsDatanode,/,null,UNAVAILABLE}{jar:file:/home/user/.m2/repository/org/apache/hadoop/hadoop-hdds-container-service/0.5.0-SNAPSHOT/hadoop-hdds-container-service-0.5.0-SNAPSHOT.jar!/webapps/hddsDatanode}
2020-03-27 08:15:54,369 [ForkJoinPool.commonPool-worker-0] INFO  handler.ContextHandler (ContextHandler.java:doStop(1016)) - Stopped o.e.j.w.WebAppContext@37e7bf91{hddsDatanode,/,null,UNAVAILABLE}{jar:file:/home/user/.m2/repository/org/apache/hadoop/hadoop-hdds-container-service/0.5.0-SNAPSHOT/hadoop-hdds-container-service-0.5.0-SNAPSHOT.jar!/webapps/hddsDatanode}
2020-03-27 08:15:54,369 [main] INFO  server.AbstractConnector (AbstractConnector.java:doStop(380)) - Stopped ServerConnector@7bef0ec1{HTTP/1.1,[http/1.1]}{0.0.0.0:0}
2020-03-27 08:15:54,375 [main] INFO  server.session (HouseKeeper.java:stopScavenging(158)) - node0 Stopped scavenging
2020-03-27 08:15:54,375 [main] INFO  handler.ContextHandler (ContextHandler.java:doStop(1016)) - Stopped o.e.j.s.ServletContextHandler@63625f8d{static,/static,jar:file:/home/user/.m2/repository/org/apache/hadoop/hadoop-hdds-container-service/0.5.0-SNAPSHOT/hadoop-hdds-container-service-0.5.0-SNAPSHOT.jar!/webapps/static,UNAVAILABLE}
2020-03-27 08:15:54,375 [main] INFO  handler.ContextHandler (ContextHandler.java:doStop(1016)) - Stopped o.e.j.s.ServletContextHandler@4789da65{logs,/logs,file:///github/workspace/hadoop-ozone/integration-test/target/log,UNAVAILABLE}
2020-03-27 08:15:54,376 [ForkJoinPool.commonPool-worker-0] INFO  server.AbstractConnector (AbstractConnector.java:doStop(380)) - Stopped ServerConnector@2bda9ad4{HTTP/1.1,[http/1.1]}{0.0.0.0:0}
2020-03-27 08:15:54,376 [ForkJoinPool.commonPool-worker-0] INFO  server.session (HouseKeeper.java:stopScavenging(158)) - node0 Stopped scavenging
2020-03-27 08:15:54,377 [ForkJoinPool.commonPool-worker-0] INFO  handler.ContextHandler (ContextHandler.java:doStop(1016)) - Stopped o.e.j.s.ServletContextHandler@3fc147f3{static,/static,jar:file:/home/user/.m2/repository/org/apache/hadoop/hadoop-hdds-container-service/0.5.0-SNAPSHOT/hadoop-hdds-container-service-0.5.0-SNAPSHOT.jar!/webapps/static,UNAVAILABLE}
2020-03-27 08:15:54,378 [ForkJoinPool.commonPool-worker-0] INFO  handler.ContextHandler (ContextHandler.java:doStop(1016)) - Stopped o.e.j.s.ServletContextHandler@51c3f7c2{logs,/logs,file:///github/workspace/hadoop-ozone/integration-test/target/log,UNAVAILABLE}
2020-03-27 08:15:54,379 [main] INFO  ozone.MiniOzoneClusterImpl (MiniOzoneClusterImpl.java:stopSCM(476)) - Stopping the StorageContainerManager
2020-03-27 08:15:54,379 [main] INFO  server.StorageContainerManager (StorageContainerManager.java:stop(816)) - Stopping Replication Manager Service.
2020-03-27 08:15:54,379 [main] INFO  container.ReplicationManager (ReplicationManager.java:stop(206)) - Stopping Replication Monitor Thread.
2020-03-27 08:15:54,380 [main] INFO  server.StorageContainerManager (StorageContainerManager.java:stop(823)) - Stopping Lease Manager of the command watchers
2020-03-27 08:15:54,380 [main] INFO  server.StorageContainerManager (StorageContainerManager.java:stop(830)) - Stopping datanode service RPC server
2020-03-27 08:15:54,380 [CommandWatcher-LeaseManager#LeaseMonitor] ERROR lease.LeaseManager (LeaseManager.java:run(238)) - Execution was interrupted 
java.lang.InterruptedException: sleep interrupted
	at java.lang.Thread.sleep(Native Method)
	at org.apache.hadoop.ozone.lease.LeaseManager$LeaseMonitor.run(LeaseManager.java:234)
	at java.lang.Thread.run(Thread.java:748)
2020-03-27 08:15:54,380 [main] INFO  server.SCMDatanodeProtocolServer (SCMDatanodeProtocolServer.java:stop(365)) - Stopping the RPC server for DataNodes
2020-03-27 08:15:54,380 [main] INFO  ipc.Server (Server.java:stop(3082)) - Stopping server on 37361
2020-03-27 08:15:54,381 [IPC Server listener on 37361] INFO  ipc.Server (Server.java:run(1185)) - Stopping IPC Server listener on 37361
2020-03-27 08:15:54,382 [IPC Server Responder] INFO  ipc.Server (Server.java:run(1319)) - Stopping IPC Server Responder
2020-03-27 08:15:54,393 [SCM Heartbeat Processing Thread - 0] WARN  node.NodeStateManager (NodeStateManager.java:scheduleNextHealthCheck(656)) - Current Thread is interrupted, shutting down HB processing thread for Node Manager.
2020-03-27 08:15:54,393 [main] INFO  server.StorageContainerManager (StorageContainerManager.java:stop(838)) - Stopping block service RPC server
2020-03-27 08:15:54,393 [main] INFO  server.SCMBlockProtocolServer (SCMBlockProtocolServer.java:stop(156)) - Stopping the RPC server for Block Protocol
2020-03-27 08:15:54,393 [main] INFO  ipc.Server (Server.java:stop(3082)) - Stopping server on 38837
2020-03-27 08:15:54,394 [IPC Server listener on 38837] INFO  ipc.Server (Server.java:run(1185)) - Stopping IPC Server listener on 38837
2020-03-27 08:15:54,396 [IPC Server Responder] INFO  ipc.Server (Server.java:run(1319)) - Stopping IPC Server Responder
2020-03-27 08:15:54,396 [main] INFO  server.StorageContainerManager (StorageContainerManager.java:stop(845)) - Stopping the StorageContainerLocationProtocol RPC server
2020-03-27 08:15:54,396 [main] INFO  server.SCMClientProtocolServer (SCMClientProtocolServer.java:stop(171)) - Stopping the RPC server for Client Protocol
2020-03-27 08:15:54,396 [main] INFO  ipc.Server (Server.java:stop(3082)) - Stopping server on 39655
2020-03-27 08:15:54,397 [IPC Server listener on 39655] INFO  ipc.Server (Server.java:run(1185)) - Stopping IPC Server listener on 39655
2020-03-27 08:15:54,399 [main] INFO  server.StorageContainerManager (StorageContainerManager.java:stop(852)) - Stopping Storage Container Manager HTTP server.
2020-03-27 08:15:54,399 [IPC Server Responder] INFO  ipc.Server (Server.java:run(1319)) - Stopping IPC Server Responder
2020-03-27 08:15:54,399 [main] INFO  handler.ContextHandler (ContextHandler.java:doStop(1016)) - Stopped o.e.j.w.WebAppContext@7ab26ad2{scm,/,null,UNAVAILABLE}{file:/github/workspace/hadoop-ozone/integration-test/target/test-classes/webapps/scm}
2020-03-27 08:15:54,400 [main] INFO  server.AbstractConnector (AbstractConnector.java:doStop(380)) - Stopped ServerConnector@b5eab1b{HTTP/1.1,[http/1.1]}{0.0.0.0:0}
2020-03-27 08:15:54,400 [main] INFO  server.session (HouseKeeper.java:stopScavenging(158)) - node0 Stopped scavenging
2020-03-27 08:15:54,400 [main] INFO  handler.ContextHandler (ContextHandler.java:doStop(1016)) - Stopped o.e.j.s.ServletContextHandler@6c30756f{static,/static,file:///github/workspace/hadoop-ozone/integration-test/target/test-classes/webapps/static,UNAVAILABLE}
2020-03-27 08:15:54,400 [main] INFO  handler.ContextHandler (ContextHandler.java:doStop(1016)) - Stopped o.e.j.s.ServletContextHandler@2e37f0b9{logs,/logs,file:///github/workspace/hadoop-ozone/integration-test/target/log,UNAVAILABLE}
2020-03-27 08:15:54,401 [main] INFO  server.StorageContainerManager (StorageContainerManager.java:stop(863)) - Stopping Block Manager Service.
2020-03-27 08:15:54,401 [main] INFO  utils.BackgroundService (BackgroundService.java:shutdown(157)) - Shutting down service SCMBlockDeletingService
2020-03-27 08:15:54,401 [main] INFO  utils.BackgroundService (BackgroundService.java:shutdown(157)) - Shutting down service SCMBlockDeletingService
2020-03-27 08:15:54,402 [main] INFO  server.StorageContainerManager (StorageContainerManager.java:stop(888)) - Stopping SCM Event Queue.
2020-03-27 08:15:54,406 [main] INFO  impl.MetricsSystemImpl (MetricsSystemImpl.java:stop(210)) - Stopping HddsDatanode metrics system...
2020-03-27 08:15:54,418 [main] INFO  impl.MetricsSystemImpl (MetricsSystemImpl.java:stop(216)) - HddsDatanode metrics system stopped.
]]></system-out>
    <system-err><![CDATA[Mar 27, 2020 8:15:09 AM org.apache.ratis.thirdparty.io.grpc.internal.ManagedChannelOrphanWrapper$ManagedChannelReference cleanQueue
SEVERE: *~*~*~ Channel ManagedChannelImpl{logId=1240, target=172.17.0.2:37091} was not shutdown properly!!! ~*~*~*
    Make sure to call shutdown()/shutdownNow() and wait until awaitTermination() returns true.
java.lang.RuntimeException: ManagedChannel allocation site
	at org.apache.ratis.thirdparty.io.grpc.internal.ManagedChannelOrphanWrapper$ManagedChannelReference.<init>(ManagedChannelOrphanWrapper.java:94)
	at org.apache.ratis.thirdparty.io.grpc.internal.ManagedChannelOrphanWrapper.<init>(ManagedChannelOrphanWrapper.java:52)
	at org.apache.ratis.thirdparty.io.grpc.internal.ManagedChannelOrphanWrapper.<init>(ManagedChannelOrphanWrapper.java:43)
	at org.apache.ratis.thirdparty.io.grpc.internal.AbstractManagedChannelImplBuilder.build(AbstractManagedChannelImplBuilder.java:512)
	at org.apache.hadoop.hdds.scm.XceiverClientGrpc.connectToDatanode(XceiverClientGrpc.java:189)
	at org.apache.hadoop.hdds.scm.XceiverClientGrpc.connect(XceiverClientGrpc.java:138)
	at org.apache.hadoop.hdds.scm.XceiverClientManager$2.call(XceiverClientManager.java:242)
	at org.apache.hadoop.hdds.scm.XceiverClientManager$2.call(XceiverClientManager.java:226)
	at com.google.common.cache.LocalCache$LocalManualCache$1.load(LocalCache.java:4876)
	at com.google.common.cache.LocalCache$LoadingValueReference.loadFuture(LocalCache.java:3529)
	at com.google.common.cache.LocalCache$Segment.loadSync(LocalCache.java:2278)
	at com.google.common.cache.LocalCache$Segment.lockedGetOrLoad(LocalCache.java:2155)
	at com.google.common.cache.LocalCache$Segment.get(LocalCache.java:2045)
	at com.google.common.cache.LocalCache.get(LocalCache.java:3951)
	at com.google.common.cache.LocalCache$LocalManualCache.get(LocalCache.java:4871)
	at org.apache.hadoop.hdds.scm.XceiverClientManager.getClient(XceiverClientManager.java:226)
	at org.apache.hadoop.hdds.scm.XceiverClientManager.acquireClient(XceiverClientManager.java:172)
	at org.apache.hadoop.hdds.scm.XceiverClientManager.acquireClientForReadData(XceiverClientManager.java:162)
	at org.apache.hadoop.hdds.scm.storage.BlockInputStream.getChunkInfos(BlockInputStream.java:184)
	at org.apache.hadoop.hdds.scm.storage.BlockInputStream.initialize(BlockInputStream.java:133)
	at org.apache.hadoop.hdds.scm.storage.BlockInputStream.read(BlockInputStream.java:254)
	at org.apache.hadoop.ozone.client.io.KeyInputStream.read(KeyInputStream.java:197)
	at org.apache.hadoop.ozone.client.io.OzoneInputStream.read(OzoneInputStream.java:47)
	at java.io.InputStream.read(InputStream.java:101)
	at org.apache.hadoop.ozone.container.TestHelper.validateData(TestHelper.java:128)
	at org.apache.hadoop.ozone.client.rpc.TestBlockOutputStreamWithFailures.validateData(TestBlockOutputStreamWithFailures.java:852)
	at org.apache.hadoop.ozone.client.rpc.TestBlockOutputStreamWithFailures.testWatchForCommitWithSingleNodeRatis(TestBlockOutputStreamWithFailures.java:649)
	at sun.reflect.NativeMethodAccessorImpl.invoke0(Native Method)
	at sun.reflect.NativeMethodAccessorImpl.invoke(NativeMethodAccessorImpl.java:62)
	at sun.reflect.DelegatingMethodAccessorImpl.invoke(DelegatingMethodAccessorImpl.java:43)
	at java.lang.reflect.Method.invoke(Method.java:498)
	at org.junit.runners.model.FrameworkMethod$1.runReflectiveCall(FrameworkMethod.java:47)
	at org.junit.internal.runners.model.ReflectiveCallable.run(ReflectiveCallable.java:12)
	at org.junit.runners.model.FrameworkMethod.invokeExplosively(FrameworkMethod.java:44)
	at org.junit.internal.runners.statements.InvokeMethod.evaluate(InvokeMethod.java:17)
	at org.junit.internal.runners.statements.RunBefores.evaluate(RunBefores.java:26)
	at org.junit.internal.runners.statements.RunAfters.evaluate(RunAfters.java:27)
	at org.junit.runners.ParentRunner.runLeaf(ParentRunner.java:271)
	at org.junit.runners.BlockJUnit4ClassRunner.runChild(BlockJUnit4ClassRunner.java:70)
	at org.junit.runners.BlockJUnit4ClassRunner.runChild(BlockJUnit4ClassRunner.java:50)
	at org.junit.runners.ParentRunner$3.run(ParentRunner.java:238)
	at org.junit.runners.ParentRunner$1.schedule(ParentRunner.java:63)
	at org.junit.runners.ParentRunner.runChildren(ParentRunner.java:236)
	at org.junit.runners.ParentRunner.access$000(ParentRunner.java:53)
	at org.junit.runners.ParentRunner$2.evaluate(ParentRunner.java:229)
	at org.junit.runners.ParentRunner.run(ParentRunner.java:309)
	at org.apache.maven.surefire.junit4.JUnit4Provider.execute(JUnit4Provider.java:365)
	at org.apache.maven.surefire.junit4.JUnit4Provider.executeWithRerun(JUnit4Provider.java:273)
	at org.apache.maven.surefire.junit4.JUnit4Provider.executeTestSet(JUnit4Provider.java:238)
	at org.apache.maven.surefire.junit4.JUnit4Provider.invoke(JUnit4Provider.java:159)
	at org.apache.maven.surefire.booter.ForkedBooter.invokeProviderInSameClassLoader(ForkedBooter.java:384)
	at org.apache.maven.surefire.booter.ForkedBooter.runSuitesInProcess(ForkedBooter.java:345)
	at org.apache.maven.surefire.booter.ForkedBooter.execute(ForkedBooter.java:126)
	at org.apache.maven.surefire.booter.ForkedBooter.main(ForkedBooter.java:418)

Mar 27, 2020 8:15:09 AM org.apache.ratis.thirdparty.io.grpc.internal.ManagedChannelOrphanWrapper$ManagedChannelReference cleanQueue
SEVERE: *~*~*~ Channel ManagedChannelImpl{logId=1245, target=172.17.0.2:35617} was not shutdown properly!!! ~*~*~*
    Make sure to call shutdown()/shutdownNow() and wait until awaitTermination() returns true.
java.lang.RuntimeException: ManagedChannel allocation site
	at org.apache.ratis.thirdparty.io.grpc.internal.ManagedChannelOrphanWrapper$ManagedChannelReference.<init>(ManagedChannelOrphanWrapper.java:94)
	at org.apache.ratis.thirdparty.io.grpc.internal.ManagedChannelOrphanWrapper.<init>(ManagedChannelOrphanWrapper.java:52)
	at org.apache.ratis.thirdparty.io.grpc.internal.ManagedChannelOrphanWrapper.<init>(ManagedChannelOrphanWrapper.java:43)
	at org.apache.ratis.thirdparty.io.grpc.internal.AbstractManagedChannelImplBuilder.build(AbstractManagedChannelImplBuilder.java:512)
	at org.apache.hadoop.hdds.scm.XceiverClientGrpc.connectToDatanode(XceiverClientGrpc.java:189)
	at org.apache.hadoop.hdds.scm.XceiverClientGrpc.connect(XceiverClientGrpc.java:138)
	at org.apache.hadoop.hdds.scm.XceiverClientManager$2.call(XceiverClientManager.java:242)
	at org.apache.hadoop.hdds.scm.XceiverClientManager$2.call(XceiverClientManager.java:226)
	at com.google.common.cache.LocalCache$LocalManualCache$1.load(LocalCache.java:4876)
	at com.google.common.cache.LocalCache$LoadingValueReference.loadFuture(LocalCache.java:3529)
	at com.google.common.cache.LocalCache$Segment.loadSync(LocalCache.java:2278)
	at com.google.common.cache.LocalCache$Segment.lockedGetOrLoad(LocalCache.java:2155)
	at com.google.common.cache.LocalCache$Segment.get(LocalCache.java:2045)
	at com.google.common.cache.LocalCache.get(LocalCache.java:3951)
	at com.google.common.cache.LocalCache$LocalManualCache.get(LocalCache.java:4871)
	at org.apache.hadoop.hdds.scm.XceiverClientManager.getClient(XceiverClientManager.java:226)
	at org.apache.hadoop.hdds.scm.XceiverClientManager.acquireClient(XceiverClientManager.java:172)
	at org.apache.hadoop.hdds.scm.XceiverClientManager.acquireClientForReadData(XceiverClientManager.java:162)
	at org.apache.hadoop.hdds.scm.storage.BlockInputStream.getChunkInfos(BlockInputStream.java:184)
	at org.apache.hadoop.hdds.scm.storage.BlockInputStream.initialize(BlockInputStream.java:133)
	at org.apache.hadoop.hdds.scm.storage.BlockInputStream.read(BlockInputStream.java:254)
	at org.apache.hadoop.ozone.client.io.KeyInputStream.read(KeyInputStream.java:197)
	at org.apache.hadoop.ozone.client.io.OzoneInputStream.read(OzoneInputStream.java:47)
	at java.io.InputStream.read(InputStream.java:101)
	at org.apache.hadoop.ozone.container.TestHelper.validateData(TestHelper.java:128)
	at org.apache.hadoop.ozone.client.rpc.TestBlockOutputStreamWithFailures.validateData(TestBlockOutputStreamWithFailures.java:852)
	at org.apache.hadoop.ozone.client.rpc.TestBlockOutputStreamWithFailures.testWatchForCommitWithSingleNodeRatis(TestBlockOutputStreamWithFailures.java:649)
	at sun.reflect.NativeMethodAccessorImpl.invoke0(Native Method)
	at sun.reflect.NativeMethodAccessorImpl.invoke(NativeMethodAccessorImpl.java:62)
	at sun.reflect.DelegatingMethodAccessorImpl.invoke(DelegatingMethodAccessorImpl.java:43)
	at java.lang.reflect.Method.invoke(Method.java:498)
	at org.junit.runners.model.FrameworkMethod$1.runReflectiveCall(FrameworkMethod.java:47)
	at org.junit.internal.runners.model.ReflectiveCallable.run(ReflectiveCallable.java:12)
	at org.junit.runners.model.FrameworkMethod.invokeExplosively(FrameworkMethod.java:44)
	at org.junit.internal.runners.statements.InvokeMethod.evaluate(InvokeMethod.java:17)
	at org.junit.internal.runners.statements.RunBefores.evaluate(RunBefores.java:26)
	at org.junit.internal.runners.statements.RunAfters.evaluate(RunAfters.java:27)
	at org.junit.runners.ParentRunner.runLeaf(ParentRunner.java:271)
	at org.junit.runners.BlockJUnit4ClassRunner.runChild(BlockJUnit4ClassRunner.java:70)
	at org.junit.runners.BlockJUnit4ClassRunner.runChild(BlockJUnit4ClassRunner.java:50)
	at org.junit.runners.ParentRunner$3.run(ParentRunner.java:238)
	at org.junit.runners.ParentRunner$1.schedule(ParentRunner.java:63)
	at org.junit.runners.ParentRunner.runChildren(ParentRunner.java:236)
	at org.junit.runners.ParentRunner.access$000(ParentRunner.java:53)
	at org.junit.runners.ParentRunner$2.evaluate(ParentRunner.java:229)
	at org.junit.runners.ParentRunner.run(ParentRunner.java:309)
	at org.apache.maven.surefire.junit4.JUnit4Provider.execute(JUnit4Provider.java:365)
	at org.apache.maven.surefire.junit4.JUnit4Provider.executeWithRerun(JUnit4Provider.java:273)
	at org.apache.maven.surefire.junit4.JUnit4Provider.executeTestSet(JUnit4Provider.java:238)
	at org.apache.maven.surefire.junit4.JUnit4Provider.invoke(JUnit4Provider.java:159)
	at org.apache.maven.surefire.booter.ForkedBooter.invokeProviderInSameClassLoader(ForkedBooter.java:384)
	at org.apache.maven.surefire.booter.ForkedBooter.runSuitesInProcess(ForkedBooter.java:345)
	at org.apache.maven.surefire.booter.ForkedBooter.execute(ForkedBooter.java:126)
	at org.apache.maven.surefire.booter.ForkedBooter.main(ForkedBooter.java:418)

Mar 27, 2020 8:15:09 AM org.apache.ratis.thirdparty.io.grpc.internal.ManagedChannelOrphanWrapper$ManagedChannelReference cleanQueue
SEVERE: *~*~*~ Channel ManagedChannelImpl{logId=621, target=172.17.0.2:42451} was not shutdown properly!!! ~*~*~*
    Make sure to call shutdown()/shutdownNow() and wait until awaitTermination() returns true.
java.lang.RuntimeException: ManagedChannel allocation site
	at org.apache.ratis.thirdparty.io.grpc.internal.ManagedChannelOrphanWrapper$ManagedChannelReference.<init>(ManagedChannelOrphanWrapper.java:94)
	at org.apache.ratis.thirdparty.io.grpc.internal.ManagedChannelOrphanWrapper.<init>(ManagedChannelOrphanWrapper.java:52)
	at org.apache.ratis.thirdparty.io.grpc.internal.ManagedChannelOrphanWrapper.<init>(ManagedChannelOrphanWrapper.java:43)
	at org.apache.ratis.thirdparty.io.grpc.internal.AbstractManagedChannelImplBuilder.build(AbstractManagedChannelImplBuilder.java:512)
	at org.apache.ratis.grpc.client.GrpcClientProtocolClient.<init>(GrpcClientProtocolClient.java:129)
	at org.apache.ratis.grpc.client.GrpcClientRpc.lambda$new$0(GrpcClientRpc.java:55)
	at org.apache.ratis.util.PeerProxyMap$PeerAndProxy.lambda$getProxy$0(PeerProxyMap.java:62)
	at org.apache.ratis.util.LifeCycle.startAndTransition(LifeCycle.java:214)
	at org.apache.ratis.util.PeerProxyMap$PeerAndProxy.getProxy(PeerProxyMap.java:61)
	at org.apache.ratis.util.PeerProxyMap.getProxy(PeerProxyMap.java:109)
	at org.apache.ratis.grpc.client.GrpcClientRpc.sendRequestAsync(GrpcClientRpc.java:66)
	at org.apache.ratis.client.impl.OrderedAsync.sendRequest(OrderedAsync.java:235)
	at org.apache.ratis.client.impl.OrderedAsync.sendRequestWithRetry(OrderedAsync.java:189)
	at org.apache.ratis.util.SlidingWindow$Client.sendOrDelayRequest(SlidingWindow.java:278)
	at org.apache.ratis.util.SlidingWindow$Client.submitNewRequest(SlidingWindow.java:257)
	at org.apache.ratis.client.impl.OrderedAsync.send(OrderedAsync.java:170)
	at org.apache.ratis.client.impl.OrderedAsync.newInstance(OrderedAsync.java:119)
	at org.apache.ratis.client.impl.RaftClientImpl.lambda$new$0(RaftClientImpl.java:105)
	at org.apache.ratis.util.MemoizedSupplier.get(MemoizedSupplier.java:62)
	at org.apache.ratis.client.impl.RaftClientImpl.getOrderedAsync(RaftClientImpl.java:123)
	at org.apache.ratis.client.impl.RaftClientImpl.sendAsync(RaftClientImpl.java:161)
	at org.apache.ratis.client.impl.RaftClientImpl.sendAsync(RaftClientImpl.java:133)
	at org.apache.hadoop.hdds.scm.XceiverClientRatis.sendRequestAsync(XceiverClientRatis.java:227)
	at org.apache.hadoop.hdds.scm.XceiverClientRatis.sendCommandAsync(XceiverClientRatis.java:305)
	at org.apache.hadoop.hdds.scm.storage.ContainerProtocolCalls.writeChunkAsync(ContainerProtocolCalls.java:318)
	at org.apache.hadoop.hdds.scm.storage.BlockOutputStream.writeChunkToContainer(BlockOutputStream.java:621)
	at org.apache.hadoop.hdds.scm.storage.BlockOutputStream.writeChunk(BlockOutputStream.java:462)
	at org.apache.hadoop.hdds.scm.storage.BlockOutputStream.writeOnRetry(BlockOutputStream.java:282)
	at org.apache.hadoop.ozone.client.io.BlockOutputStreamEntry.writeOnRetry(BlockOutputStreamEntry.java:201)
	at org.apache.hadoop.ozone.client.io.KeyOutputStream.writeToOutputStream(KeyOutputStream.java:239)
	at org.apache.hadoop.ozone.client.io.KeyOutputStream.handleWrite(KeyOutputStream.java:219)
	at org.apache.hadoop.ozone.client.io.KeyOutputStream.handleRetry(KeyOutputStream.java:402)
	at org.apache.hadoop.ozone.client.io.KeyOutputStream.handleException(KeyOutputStream.java:347)
	at org.apache.hadoop.ozone.client.io.KeyOutputStream.handleFlushOrClose(KeyOutputStream.java:458)
	at org.apache.hadoop.ozone.client.io.KeyOutputStream.handleWrite(KeyOutputStream.java:223)
	at org.apache.hadoop.ozone.client.io.KeyOutputStream.write(KeyOutputStream.java:199)
	at org.apache.hadoop.ozone.client.io.OzoneOutputStream.write(OzoneOutputStream.java:49)
	at java.io.OutputStream.write(OutputStream.java:75)
	at org.apache.hadoop.ozone.client.rpc.TestBlockOutputStreamWithFailures.testDatanodeFailureWithPreAllocation(TestBlockOutputStreamWithFailures.java:813)
	at sun.reflect.NativeMethodAccessorImpl.invoke0(Native Method)
	at sun.reflect.NativeMethodAccessorImpl.invoke(NativeMethodAccessorImpl.java:62)
	at sun.reflect.DelegatingMethodAccessorImpl.invoke(DelegatingMethodAccessorImpl.java:43)
	at java.lang.reflect.Method.invoke(Method.java:498)
	at org.junit.runners.model.FrameworkMethod$1.runReflectiveCall(FrameworkMethod.java:47)
	at org.junit.internal.runners.model.ReflectiveCallable.run(ReflectiveCallable.java:12)
	at org.junit.runners.model.FrameworkMethod.invokeExplosively(FrameworkMethod.java:44)
	at org.junit.internal.runners.statements.InvokeMethod.evaluate(InvokeMethod.java:17)
	at org.junit.internal.runners.statements.RunBefores.evaluate(RunBefores.java:26)
	at org.junit.internal.runners.statements.RunAfters.evaluate(RunAfters.java:27)
	at org.junit.runners.ParentRunner.runLeaf(ParentRunner.java:271)
	at org.junit.runners.BlockJUnit4ClassRunner.runChild(BlockJUnit4ClassRunner.java:70)
	at org.junit.runners.BlockJUnit4ClassRunner.runChild(BlockJUnit4ClassRunner.java:50)
	at org.junit.runners.ParentRunner$3.run(ParentRunner.java:238)
	at org.junit.runners.ParentRunner$1.schedule(ParentRunner.java:63)
	at org.junit.runners.ParentRunner.runChildren(ParentRunner.java:236)
	at org.junit.runners.ParentRunner.access$000(ParentRunner.java:53)
	at org.junit.runners.ParentRunner$2.evaluate(ParentRunner.java:229)
	at org.junit.runners.ParentRunner.run(ParentRunner.java:309)
	at org.apache.maven.surefire.junit4.JUnit4Provider.execute(JUnit4Provider.java:365)
	at org.apache.maven.surefire.junit4.JUnit4Provider.executeWithRerun(JUnit4Provider.java:273)
	at org.apache.maven.surefire.junit4.JUnit4Provider.executeTestSet(JUnit4Provider.java:238)
	at org.apache.maven.surefire.junit4.JUnit4Provider.invoke(JUnit4Provider.java:159)
	at org.apache.maven.surefire.booter.ForkedBooter.invokeProviderInSameClassLoader(ForkedBooter.java:384)
	at org.apache.maven.surefire.booter.ForkedBooter.runSuitesInProcess(ForkedBooter.java:345)
	at org.apache.maven.surefire.booter.ForkedBooter.execute(ForkedBooter.java:126)
	at org.apache.maven.surefire.booter.ForkedBooter.main(ForkedBooter.java:418)

Mar 27, 2020 8:15:09 AM org.apache.ratis.thirdparty.io.grpc.internal.ManagedChannelOrphanWrapper$ManagedChannelReference cleanQueue
SEVERE: *~*~*~ Channel ManagedChannelImpl{logId=1029, target=172.17.0.2:32869} was not shutdown properly!!! ~*~*~*
    Make sure to call shutdown()/shutdownNow() and wait until awaitTermination() returns true.
java.lang.RuntimeException: ManagedChannel allocation site
	at org.apache.ratis.thirdparty.io.grpc.internal.ManagedChannelOrphanWrapper$ManagedChannelReference.<init>(ManagedChannelOrphanWrapper.java:94)
	at org.apache.ratis.thirdparty.io.grpc.internal.ManagedChannelOrphanWrapper.<init>(ManagedChannelOrphanWrapper.java:52)
	at org.apache.ratis.thirdparty.io.grpc.internal.ManagedChannelOrphanWrapper.<init>(ManagedChannelOrphanWrapper.java:43)
	at org.apache.ratis.thirdparty.io.grpc.internal.AbstractManagedChannelImplBuilder.build(AbstractManagedChannelImplBuilder.java:512)
	at org.apache.hadoop.hdds.scm.XceiverClientGrpc.connectToDatanode(XceiverClientGrpc.java:189)
	at org.apache.hadoop.hdds.scm.XceiverClientGrpc.connect(XceiverClientGrpc.java:138)
	at org.apache.hadoop.hdds.scm.XceiverClientManager$2.call(XceiverClientManager.java:242)
	at org.apache.hadoop.hdds.scm.XceiverClientManager$2.call(XceiverClientManager.java:226)
	at com.google.common.cache.LocalCache$LocalManualCache$1.load(LocalCache.java:4876)
	at com.google.common.cache.LocalCache$LoadingValueReference.loadFuture(LocalCache.java:3529)
	at com.google.common.cache.LocalCache$Segment.loadSync(LocalCache.java:2278)
	at com.google.common.cache.LocalCache$Segment.lockedGetOrLoad(LocalCache.java:2155)
	at com.google.common.cache.LocalCache$Segment.get(LocalCache.java:2045)
	at com.google.common.cache.LocalCache.get(LocalCache.java:3951)
	at com.google.common.cache.LocalCache$LocalManualCache.get(LocalCache.java:4871)
	at org.apache.hadoop.hdds.scm.XceiverClientManager.getClient(XceiverClientManager.java:226)
	at org.apache.hadoop.hdds.scm.XceiverClientManager.acquireClient(XceiverClientManager.java:172)
	at org.apache.hadoop.hdds.scm.XceiverClientManager.acquireClientForReadData(XceiverClientManager.java:162)
	at org.apache.hadoop.hdds.scm.storage.BlockInputStream.getChunkInfos(BlockInputStream.java:184)
	at org.apache.hadoop.hdds.scm.storage.BlockInputStream.initialize(BlockInputStream.java:133)
	at org.apache.hadoop.hdds.scm.storage.BlockInputStream.read(BlockInputStream.java:254)
	at org.apache.hadoop.ozone.client.io.KeyInputStream.read(KeyInputStream.java:197)
	at org.apache.hadoop.ozone.client.io.OzoneInputStream.read(OzoneInputStream.java:47)
	at java.io.InputStream.read(InputStream.java:101)
	at org.apache.hadoop.ozone.container.TestHelper.validateData(TestHelper.java:128)
	at org.apache.hadoop.ozone.client.rpc.TestBlockOutputStreamWithFailures.validateData(TestBlockOutputStreamWithFailures.java:852)
	at org.apache.hadoop.ozone.client.rpc.TestBlockOutputStreamWithFailures.testDatanodeFailureWithSingleNodeRatis(TestBlockOutputStreamWithFailures.java:742)
	at sun.reflect.NativeMethodAccessorImpl.invoke0(Native Method)
	at sun.reflect.NativeMethodAccessorImpl.invoke(NativeMethodAccessorImpl.java:62)
	at sun.reflect.DelegatingMethodAccessorImpl.invoke(DelegatingMethodAccessorImpl.java:43)
	at java.lang.reflect.Method.invoke(Method.java:498)
	at org.junit.runners.model.FrameworkMethod$1.runReflectiveCall(FrameworkMethod.java:47)
	at org.junit.internal.runners.model.ReflectiveCallable.run(ReflectiveCallable.java:12)
	at org.junit.runners.model.FrameworkMethod.invokeExplosively(FrameworkMethod.java:44)
	at org.junit.internal.runners.statements.InvokeMethod.evaluate(InvokeMethod.java:17)
	at org.junit.internal.runners.statements.RunBefores.evaluate(RunBefores.java:26)
	at org.junit.internal.runners.statements.RunAfters.evaluate(RunAfters.java:27)
	at org.junit.runners.ParentRunner.runLeaf(ParentRunner.java:271)
	at org.junit.runners.BlockJUnit4ClassRunner.runChild(BlockJUnit4ClassRunner.java:70)
	at org.junit.runners.BlockJUnit4ClassRunner.runChild(BlockJUnit4ClassRunner.java:50)
	at org.junit.runners.ParentRunner$3.run(ParentRunner.java:238)
	at org.junit.runners.ParentRunner$1.schedule(ParentRunner.java:63)
	at org.junit.runners.ParentRunner.runChildren(ParentRunner.java:236)
	at org.junit.runners.ParentRunner.access$000(ParentRunner.java:53)
	at org.junit.runners.ParentRunner$2.evaluate(ParentRunner.java:229)
	at org.junit.runners.ParentRunner.run(ParentRunner.java:309)
	at org.apache.maven.surefire.junit4.JUnit4Provider.execute(JUnit4Provider.java:365)
	at org.apache.maven.surefire.junit4.JUnit4Provider.executeWithRerun(JUnit4Provider.java:273)
	at org.apache.maven.surefire.junit4.JUnit4Provider.executeTestSet(JUnit4Provider.java:238)
	at org.apache.maven.surefire.junit4.JUnit4Provider.invoke(JUnit4Provider.java:159)
	at org.apache.maven.surefire.booter.ForkedBooter.invokeProviderInSameClassLoader(ForkedBooter.java:384)
	at org.apache.maven.surefire.booter.ForkedBooter.runSuitesInProcess(ForkedBooter.java:345)
	at org.apache.maven.surefire.booter.ForkedBooter.execute(ForkedBooter.java:126)
	at org.apache.maven.surefire.booter.ForkedBooter.main(ForkedBooter.java:418)

Mar 27, 2020 8:15:09 AM org.apache.ratis.thirdparty.io.grpc.internal.ManagedChannelOrphanWrapper$ManagedChannelReference cleanQueue
SEVERE: *~*~*~ Channel ManagedChannelImpl{logId=1024, target=172.17.0.2:41765} was not shutdown properly!!! ~*~*~*
    Make sure to call shutdown()/shutdownNow() and wait until awaitTermination() returns true.
java.lang.RuntimeException: ManagedChannel allocation site
	at org.apache.ratis.thirdparty.io.grpc.internal.ManagedChannelOrphanWrapper$ManagedChannelReference.<init>(ManagedChannelOrphanWrapper.java:94)
	at org.apache.ratis.thirdparty.io.grpc.internal.ManagedChannelOrphanWrapper.<init>(ManagedChannelOrphanWrapper.java:52)
	at org.apache.ratis.thirdparty.io.grpc.internal.ManagedChannelOrphanWrapper.<init>(ManagedChannelOrphanWrapper.java:43)
	at org.apache.ratis.thirdparty.io.grpc.internal.AbstractManagedChannelImplBuilder.build(AbstractManagedChannelImplBuilder.java:512)
	at org.apache.hadoop.hdds.scm.XceiverClientGrpc.connectToDatanode(XceiverClientGrpc.java:189)
	at org.apache.hadoop.hdds.scm.XceiverClientGrpc.connect(XceiverClientGrpc.java:138)
	at org.apache.hadoop.hdds.scm.XceiverClientManager$2.call(XceiverClientManager.java:242)
	at org.apache.hadoop.hdds.scm.XceiverClientManager$2.call(XceiverClientManager.java:226)
	at com.google.common.cache.LocalCache$LocalManualCache$1.load(LocalCache.java:4876)
	at com.google.common.cache.LocalCache$LoadingValueReference.loadFuture(LocalCache.java:3529)
	at com.google.common.cache.LocalCache$Segment.loadSync(LocalCache.java:2278)
	at com.google.common.cache.LocalCache$Segment.lockedGetOrLoad(LocalCache.java:2155)
	at com.google.common.cache.LocalCache$Segment.get(LocalCache.java:2045)
	at com.google.common.cache.LocalCache.get(LocalCache.java:3951)
	at com.google.common.cache.LocalCache$LocalManualCache.get(LocalCache.java:4871)
	at org.apache.hadoop.hdds.scm.XceiverClientManager.getClient(XceiverClientManager.java:226)
	at org.apache.hadoop.hdds.scm.XceiverClientManager.acquireClient(XceiverClientManager.java:172)
	at org.apache.hadoop.hdds.scm.XceiverClientManager.acquireClientForReadData(XceiverClientManager.java:162)
	at org.apache.hadoop.hdds.scm.storage.BlockInputStream.getChunkInfos(BlockInputStream.java:184)
	at org.apache.hadoop.hdds.scm.storage.BlockInputStream.initialize(BlockInputStream.java:133)
	at org.apache.hadoop.hdds.scm.storage.BlockInputStream.read(BlockInputStream.java:254)
	at org.apache.hadoop.ozone.client.io.KeyInputStream.read(KeyInputStream.java:197)
	at org.apache.hadoop.ozone.client.io.OzoneInputStream.read(OzoneInputStream.java:47)
	at java.io.InputStream.read(InputStream.java:101)
	at org.apache.hadoop.ozone.container.TestHelper.validateData(TestHelper.java:128)
	at org.apache.hadoop.ozone.client.rpc.TestBlockOutputStreamWithFailures.validateData(TestBlockOutputStreamWithFailures.java:852)
	at org.apache.hadoop.ozone.client.rpc.TestBlockOutputStreamWithFailures.testDatanodeFailureWithSingleNodeRatis(TestBlockOutputStreamWithFailures.java:742)
	at sun.reflect.NativeMethodAccessorImpl.invoke0(Native Method)
	at sun.reflect.NativeMethodAccessorImpl.invoke(NativeMethodAccessorImpl.java:62)
	at sun.reflect.DelegatingMethodAccessorImpl.invoke(DelegatingMethodAccessorImpl.java:43)
	at java.lang.reflect.Method.invoke(Method.java:498)
	at org.junit.runners.model.FrameworkMethod$1.runReflectiveCall(FrameworkMethod.java:47)
	at org.junit.internal.runners.model.ReflectiveCallable.run(ReflectiveCallable.java:12)
	at org.junit.runners.model.FrameworkMethod.invokeExplosively(FrameworkMethod.java:44)
	at org.junit.internal.runners.statements.InvokeMethod.evaluate(InvokeMethod.java:17)
	at org.junit.internal.runners.statements.RunBefores.evaluate(RunBefores.java:26)
	at org.junit.internal.runners.statements.RunAfters.evaluate(RunAfters.java:27)
	at org.junit.runners.ParentRunner.runLeaf(ParentRunner.java:271)
	at org.junit.runners.BlockJUnit4ClassRunner.runChild(BlockJUnit4ClassRunner.java:70)
	at org.junit.runners.BlockJUnit4ClassRunner.runChild(BlockJUnit4ClassRunner.java:50)
	at org.junit.runners.ParentRunner$3.run(ParentRunner.java:238)
	at org.junit.runners.ParentRunner$1.schedule(ParentRunner.java:63)
	at org.junit.runners.ParentRunner.runChildren(ParentRunner.java:236)
	at org.junit.runners.ParentRunner.access$000(ParentRunner.java:53)
	at org.junit.runners.ParentRunner$2.evaluate(ParentRunner.java:229)
	at org.junit.runners.ParentRunner.run(ParentRunner.java:309)
	at org.apache.maven.surefire.junit4.JUnit4Provider.execute(JUnit4Provider.java:365)
	at org.apache.maven.surefire.junit4.JUnit4Provider.executeWithRerun(JUnit4Provider.java:273)
	at org.apache.maven.surefire.junit4.JUnit4Provider.executeTestSet(JUnit4Provider.java:238)
	at org.apache.maven.surefire.junit4.JUnit4Provider.invoke(JUnit4Provider.java:159)
	at org.apache.maven.surefire.booter.ForkedBooter.invokeProviderInSameClassLoader(ForkedBooter.java:384)
	at org.apache.maven.surefire.booter.ForkedBooter.runSuitesInProcess(ForkedBooter.java:345)
	at org.apache.maven.surefire.booter.ForkedBooter.execute(ForkedBooter.java:126)
	at org.apache.maven.surefire.booter.ForkedBooter.main(ForkedBooter.java:418)

Mar 27, 2020 8:15:19 AM org.apache.ratis.thirdparty.io.grpc.internal.SerializingExecutor run
SEVERE: Exception while executing runnable org.apache.ratis.thirdparty.io.grpc.internal.ServerImpl$JumpToApplicationThreadServerStreamListener$1Closed@173a97b7
org.apache.ratis.thirdparty.io.grpc.StatusRuntimeException: CANCELLED: call already cancelled
	at org.apache.ratis.thirdparty.io.grpc.Status.asRuntimeException(Status.java:524)
	at org.apache.ratis.thirdparty.io.grpc.stub.ServerCalls$ServerCallStreamObserverImpl.onCompleted(ServerCalls.java:368)
	at org.apache.ratis.grpc.server.GrpcServerProtocolService$ServerRequestStreamObserver.onError(GrpcServerProtocolService.java:145)
	at org.apache.ratis.thirdparty.io.grpc.stub.ServerCalls$StreamingServerCallHandler$StreamingServerCallListener.onCancel(ServerCalls.java:272)
	at org.apache.ratis.thirdparty.io.grpc.internal.ServerCallImpl$ServerStreamListenerImpl.closedInternal(ServerCallImpl.java:353)
	at org.apache.ratis.thirdparty.io.grpc.internal.ServerCallImpl$ServerStreamListenerImpl.closed(ServerCallImpl.java:341)
	at org.apache.ratis.thirdparty.io.grpc.internal.ServerImpl$JumpToApplicationThreadServerStreamListener$1Closed.runInContext(ServerImpl.java:864)
	at org.apache.ratis.thirdparty.io.grpc.internal.ContextRunnable.run(ContextRunnable.java:37)
	at org.apache.ratis.thirdparty.io.grpc.internal.SerializingExecutor.run(SerializingExecutor.java:123)
	at java.util.concurrent.ThreadPoolExecutor.runWorker(ThreadPoolExecutor.java:1149)
	at java.util.concurrent.ThreadPoolExecutor$Worker.run(ThreadPoolExecutor.java:624)
	at java.lang.Thread.run(Thread.java:748)

Mar 27, 2020 8:15:44 AM org.apache.ratis.thirdparty.io.grpc.internal.SerializingExecutor run
SEVERE: Exception while executing runnable org.apache.ratis.thirdparty.io.grpc.internal.ServerImpl$JumpToApplicationThreadServerStreamListener$1Closed@7f205bc4
org.apache.ratis.thirdparty.io.grpc.StatusRuntimeException: CANCELLED: call already cancelled
	at org.apache.ratis.thirdparty.io.grpc.Status.asRuntimeException(Status.java:524)
	at org.apache.ratis.thirdparty.io.grpc.stub.ServerCalls$ServerCallStreamObserverImpl.onCompleted(ServerCalls.java:368)
	at org.apache.ratis.grpc.server.GrpcServerProtocolService$ServerRequestStreamObserver.onError(GrpcServerProtocolService.java:145)
	at org.apache.ratis.thirdparty.io.grpc.stub.ServerCalls$StreamingServerCallHandler$StreamingServerCallListener.onCancel(ServerCalls.java:272)
	at org.apache.ratis.thirdparty.io.grpc.internal.ServerCallImpl$ServerStreamListenerImpl.closedInternal(ServerCallImpl.java:353)
	at org.apache.ratis.thirdparty.io.grpc.internal.ServerCallImpl$ServerStreamListenerImpl.closed(ServerCallImpl.java:341)
	at org.apache.ratis.thirdparty.io.grpc.internal.ServerImpl$JumpToApplicationThreadServerStreamListener$1Closed.runInContext(ServerImpl.java:864)
	at org.apache.ratis.thirdparty.io.grpc.internal.ContextRunnable.run(ContextRunnable.java:37)
	at org.apache.ratis.thirdparty.io.grpc.internal.SerializingExecutor.run(SerializingExecutor.java:123)
	at java.util.concurrent.ThreadPoolExecutor.runWorker(ThreadPoolExecutor.java:1149)
	at java.util.concurrent.ThreadPoolExecutor$Worker.run(ThreadPoolExecutor.java:624)
	at java.lang.Thread.run(Thread.java:748)

Mar 27, 2020 8:15:44 AM org.apache.ratis.thirdparty.io.grpc.internal.SerializingExecutor run
SEVERE: Exception while executing runnable org.apache.ratis.thirdparty.io.grpc.internal.ServerImpl$JumpToApplicationThreadServerStreamListener$1Closed@137a621b
org.apache.ratis.thirdparty.io.grpc.StatusRuntimeException: CANCELLED: call already cancelled
	at org.apache.ratis.thirdparty.io.grpc.Status.asRuntimeException(Status.java:524)
	at org.apache.ratis.thirdparty.io.grpc.stub.ServerCalls$ServerCallStreamObserverImpl.onCompleted(ServerCalls.java:368)
	at org.apache.ratis.grpc.server.GrpcServerProtocolService$ServerRequestStreamObserver.onError(GrpcServerProtocolService.java:145)
	at org.apache.ratis.thirdparty.io.grpc.stub.ServerCalls$StreamingServerCallHandler$StreamingServerCallListener.onCancel(ServerCalls.java:272)
	at org.apache.ratis.thirdparty.io.grpc.internal.ServerCallImpl$ServerStreamListenerImpl.closedInternal(ServerCallImpl.java:353)
	at org.apache.ratis.thirdparty.io.grpc.internal.ServerCallImpl$ServerStreamListenerImpl.closed(ServerCallImpl.java:341)
	at org.apache.ratis.thirdparty.io.grpc.internal.ServerImpl$JumpToApplicationThreadServerStreamListener$1Closed.runInContext(ServerImpl.java:864)
	at org.apache.ratis.thirdparty.io.grpc.internal.ContextRunnable.run(ContextRunnable.java:37)
	at org.apache.ratis.thirdparty.io.grpc.internal.SerializingExecutor.run(SerializingExecutor.java:123)
	at java.util.concurrent.ThreadPoolExecutor.runWorker(ThreadPoolExecutor.java:1149)
	at java.util.concurrent.ThreadPoolExecutor$Worker.run(ThreadPoolExecutor.java:624)
	at java.lang.Thread.run(Thread.java:748)

Mar 27, 2020 8:15:44 AM org.apache.ratis.thirdparty.io.grpc.internal.SerializingExecutor run
SEVERE: Exception while executing runnable org.apache.ratis.thirdparty.io.grpc.internal.ServerImpl$JumpToApplicationThreadServerStreamListener$1Closed@6c92b20
org.apache.ratis.thirdparty.io.grpc.StatusRuntimeException: CANCELLED: call already cancelled
	at org.apache.ratis.thirdparty.io.grpc.Status.asRuntimeException(Status.java:524)
	at org.apache.ratis.thirdparty.io.grpc.stub.ServerCalls$ServerCallStreamObserverImpl.onCompleted(ServerCalls.java:368)
	at org.apache.ratis.grpc.server.GrpcServerProtocolService$ServerRequestStreamObserver.onError(GrpcServerProtocolService.java:145)
	at org.apache.ratis.thirdparty.io.grpc.stub.ServerCalls$StreamingServerCallHandler$StreamingServerCallListener.onCancel(ServerCalls.java:272)
	at org.apache.ratis.thirdparty.io.grpc.internal.ServerCallImpl$ServerStreamListenerImpl.closedInternal(ServerCallImpl.java:353)
	at org.apache.ratis.thirdparty.io.grpc.internal.ServerCallImpl$ServerStreamListenerImpl.closed(ServerCallImpl.java:341)
	at org.apache.ratis.thirdparty.io.grpc.internal.ServerImpl$JumpToApplicationThreadServerStreamListener$1Closed.runInContext(ServerImpl.java:864)
	at org.apache.ratis.thirdparty.io.grpc.internal.ContextRunnable.run(ContextRunnable.java:37)
	at org.apache.ratis.thirdparty.io.grpc.internal.SerializingExecutor.run(SerializingExecutor.java:123)
	at java.util.concurrent.ThreadPoolExecutor.runWorker(ThreadPoolExecutor.java:1149)
	at java.util.concurrent.ThreadPoolExecutor$Worker.run(ThreadPoolExecutor.java:624)
	at java.lang.Thread.run(Thread.java:748)

Mar 27, 2020 8:15:49 AM org.apache.ratis.thirdparty.io.grpc.internal.SerializingExecutor run
SEVERE: Exception while executing runnable org.apache.ratis.thirdparty.io.grpc.internal.ServerImpl$JumpToApplicationThreadServerStreamListener$1Closed@69c851f6
org.apache.ratis.thirdparty.io.grpc.StatusRuntimeException: CANCELLED: call already cancelled
	at org.apache.ratis.thirdparty.io.grpc.Status.asRuntimeException(Status.java:524)
	at org.apache.ratis.thirdparty.io.grpc.stub.ServerCalls$ServerCallStreamObserverImpl.onCompleted(ServerCalls.java:368)
	at org.apache.ratis.grpc.server.GrpcServerProtocolService$ServerRequestStreamObserver.onError(GrpcServerProtocolService.java:145)
	at org.apache.ratis.thirdparty.io.grpc.stub.ServerCalls$StreamingServerCallHandler$StreamingServerCallListener.onCancel(ServerCalls.java:272)
	at org.apache.ratis.thirdparty.io.grpc.internal.ServerCallImpl$ServerStreamListenerImpl.closedInternal(ServerCallImpl.java:353)
	at org.apache.ratis.thirdparty.io.grpc.internal.ServerCallImpl$ServerStreamListenerImpl.closed(ServerCallImpl.java:341)
	at org.apache.ratis.thirdparty.io.grpc.internal.ServerImpl$JumpToApplicationThreadServerStreamListener$1Closed.runInContext(ServerImpl.java:864)
	at org.apache.ratis.thirdparty.io.grpc.internal.ContextRunnable.run(ContextRunnable.java:37)
	at org.apache.ratis.thirdparty.io.grpc.internal.SerializingExecutor.run(SerializingExecutor.java:123)
	at java.util.concurrent.ThreadPoolExecutor.runWorker(ThreadPoolExecutor.java:1149)
	at java.util.concurrent.ThreadPoolExecutor$Worker.run(ThreadPoolExecutor.java:624)
	at java.lang.Thread.run(Thread.java:748)

Mar 27, 2020 8:15:49 AM org.apache.ratis.thirdparty.io.grpc.internal.SerializingExecutor run
SEVERE: Exception while executing runnable org.apache.ratis.thirdparty.io.grpc.internal.ServerImpl$JumpToApplicationThreadServerStreamListener$1Closed@12a49146
org.apache.ratis.thirdparty.io.grpc.StatusRuntimeException: CANCELLED: call already cancelled
	at org.apache.ratis.thirdparty.io.grpc.Status.asRuntimeException(Status.java:524)
	at org.apache.ratis.thirdparty.io.grpc.stub.ServerCalls$ServerCallStreamObserverImpl.onCompleted(ServerCalls.java:368)
	at org.apache.ratis.grpc.server.GrpcServerProtocolService$ServerRequestStreamObserver.onError(GrpcServerProtocolService.java:145)
	at org.apache.ratis.thirdparty.io.grpc.stub.ServerCalls$StreamingServerCallHandler$StreamingServerCallListener.onCancel(ServerCalls.java:272)
	at org.apache.ratis.thirdparty.io.grpc.internal.ServerCallImpl$ServerStreamListenerImpl.closedInternal(ServerCallImpl.java:353)
	at org.apache.ratis.thirdparty.io.grpc.internal.ServerCallImpl$ServerStreamListenerImpl.closed(ServerCallImpl.java:341)
	at org.apache.ratis.thirdparty.io.grpc.internal.ServerImpl$JumpToApplicationThreadServerStreamListener$1Closed.runInContext(ServerImpl.java:864)
	at org.apache.ratis.thirdparty.io.grpc.internal.ContextRunnable.run(ContextRunnable.java:37)
	at org.apache.ratis.thirdparty.io.grpc.internal.SerializingExecutor.run(SerializingExecutor.java:123)
	at java.util.concurrent.ThreadPoolExecutor.runWorker(ThreadPoolExecutor.java:1149)
	at java.util.concurrent.ThreadPoolExecutor$Worker.run(ThreadPoolExecutor.java:624)
	at java.lang.Thread.run(Thread.java:748)

Mar 27, 2020 8:15:49 AM org.apache.ratis.thirdparty.io.grpc.internal.SerializingExecutor run
SEVERE: Exception while executing runnable org.apache.ratis.thirdparty.io.grpc.internal.ServerImpl$JumpToApplicationThreadServerStreamListener$1Closed@1b690a0c
org.apache.ratis.thirdparty.io.grpc.StatusRuntimeException: CANCELLED: call already cancelled
	at org.apache.ratis.thirdparty.io.grpc.Status.asRuntimeException(Status.java:524)
	at org.apache.ratis.thirdparty.io.grpc.stub.ServerCalls$ServerCallStreamObserverImpl.onCompleted(ServerCalls.java:368)
	at org.apache.ratis.grpc.server.GrpcServerProtocolService$ServerRequestStreamObserver.onError(GrpcServerProtocolService.java:145)
	at org.apache.ratis.thirdparty.io.grpc.stub.ServerCalls$StreamingServerCallHandler$StreamingServerCallListener.onCancel(ServerCalls.java:272)
	at org.apache.ratis.thirdparty.io.grpc.internal.ServerCallImpl$ServerStreamListenerImpl.closedInternal(ServerCallImpl.java:353)
	at org.apache.ratis.thirdparty.io.grpc.internal.ServerCallImpl$ServerStreamListenerImpl.closed(ServerCallImpl.java:341)
	at org.apache.ratis.thirdparty.io.grpc.internal.ServerImpl$JumpToApplicationThreadServerStreamListener$1Closed.runInContext(ServerImpl.java:864)
	at org.apache.ratis.thirdparty.io.grpc.internal.ContextRunnable.run(ContextRunnable.java:37)
	at org.apache.ratis.thirdparty.io.grpc.internal.SerializingExecutor.run(SerializingExecutor.java:123)
	at java.util.concurrent.ThreadPoolExecutor.runWorker(ThreadPoolExecutor.java:1149)
	at java.util.concurrent.ThreadPoolExecutor$Worker.run(ThreadPoolExecutor.java:624)
	at java.lang.Thread.run(Thread.java:748)

]]></system-err>
  </testcase>
  <testcase name="testFailureWithPrimeSizedData" classname="org.apache.hadoop.ozone.client.rpc.TestBlockOutputStreamWithFailures" time="50.818"/>
  <testcase name="testWatchForCommitWithCloseContainerException" classname="org.apache.hadoop.ozone.client.rpc.TestBlockOutputStreamWithFailures" time="35.774"/>
  <testcase name="testExceptionDuringClose" classname="org.apache.hadoop.ozone.client.rpc.TestBlockOutputStreamWithFailures" time="35.662"/>
</testsuite>