<?xml version="1.0" encoding="UTF-8"?>
<testsuite xmlns:xsi="http://www.w3.org/2001/XMLSchema-instance" xsi:noNamespaceSchemaLocation="https://maven.apache.org/surefire/maven-surefire-plugin/xsd/surefire-test-report-3.0.xsd" version="3.0" name="org.apache.hadoop.hdds.scm.container.balancer.TestContainerBalancerTask" time="7.975" tests="24" errors="1" skipped="0" failures="0">
  <properties>
    <property name="awt.toolkit" value="sun.awt.X11.XToolkit"/>
    <property name="file.encoding.pkg" value="sun.io"/>
    <property name="java.specification.version" value="1.8"/>
    <property name="sun.cpu.isalist" value=""/>
    <property name="sun.jnu.encoding" value="UTF-8"/>
    <property name="java.class.path" value="/home/runner/work/ozone/ozone/hadoop-hdds/server-scm/target/test-classes:/home/runner/work/ozone/ozone/hadoop-hdds/server-scm/target/classes:/home/runner/work/ozone/ozone/hadoop-hdds/test-utils/target/classes:/home/runner/.m2/repository/com/google/guava/guava/32.0.0-jre/guava-32.0.0-jre.jar:/home/runner/.m2/repository/com/google/guava/failureaccess/1.0.1/failureaccess-1.0.1.jar:/home/runner/.m2/repository/com/google/guava/listenablefuture/9999.0-empty-to-avoid-conflict-with-guava/listenablefuture-9999.0-empty-to-avoid-conflict-with-guava.jar:/home/runner/.m2/repository/org/checkerframework/checker-qual/3.33.0/checker-qual-3.33.0.jar:/home/runner/.m2/repository/com/google/errorprone/error_prone_annotations/2.2.0/error_prone_annotations-2.2.0.jar:/home/runner/.m2/repository/com/google/j2objc/j2objc-annotations/2.8/j2objc-annotations-2.8.jar:/home/runner/.m2/repository/commons-io/commons-io/2.11.0/commons-io-2.11.0.jar:/home/runner/.m2/repository/commons-logging/commons-logging/1.2/commons-logging-1.2.jar:/home/runner/.m2/repository/ch/qos/reload4j/reload4j/1.2.22/reload4j-1.2.22.jar:/home/runner/.m2/repository/org/apache/commons/commons-lang3/3.7/commons-lang3-3.7.jar:/home/runner/.m2/repository/org/slf4j/slf4j-api/1.7.36/slf4j-api-1.7.36.jar:/home/runner/.m2/repository/org/apache/logging/log4j/log4j-api/2.17.1/log4j-api-2.17.1.jar:/home/runner/work/ozone/ozone/hadoop-hdds/common/target/classes:/home/runner/work/ozone/ozone/hadoop-hdds/hadoop-dependency-client/target/classes:/home/runner/.m2/repository/info/picocli/picocli/4.6.1/picocli-4.6.1.jar:/home/runner/.m2/repository/com/fasterxml/jackson/core/jackson-annotations/2.13.4/jackson-annotations-2.13.4.jar:/home/runner/.m2/repository/com/fasterxml/jackson/datatype/jackson-datatype-jsr310/2.13.4/jackson-datatype-jsr310-2.13.4.jar:/home/runner/.m2/repository/com/fasterxml/jackson/core/jackson-core/2.13.4/jackson-core-2.13.4.jar:/home/runner/work/ozone/ozone/hadoop-hdds/annotations/target/classes:/home/runner/work/ozone/ozone/hadoop-hdds/config/target/classes:/home/runner/.m2/repository/javax/annotation/javax.annotation-api/1.2/javax.annotation-api-1.2.jar:/home/runner/.m2/repository/org/apache/ratis/ratis-server/2.5.1/ratis-server-2.5.1.jar:/home/runner/.m2/repository/org/apache/ratis/ratis-thirdparty-misc/1.0.4/ratis-thirdparty-misc-1.0.4.jar:/home/runner/.m2/repository/org/apache/ratis/ratis-proto/2.5.1/ratis-proto-2.5.1.jar:/home/runner/.m2/repository/org/apache/ratis/ratis-common/2.5.1/ratis-common-2.5.1.jar:/home/runner/.m2/repository/org/apache/ratis/ratis-client/2.5.1/ratis-client-2.5.1.jar:/home/runner/.m2/repository/org/apache/ratis/ratis-server-api/2.5.1/ratis-server-api-2.5.1.jar:/home/runner/.m2/repository/org/apache/ratis/ratis-metrics/2.5.1/ratis-metrics-2.5.1.jar:/home/runner/.m2/repository/org/apache/ratis/ratis-netty/2.5.1/ratis-netty-2.5.1.jar:/home/runner/.m2/repository/org/apache/ratis/ratis-grpc/2.5.1/ratis-grpc-2.5.1.jar:/home/runner/.m2/repository/org/apache/commons/commons-pool2/2.6.0/commons-pool2-2.6.0.jar:/home/runner/.m2/repository/org/bouncycastle/bcpkix-jdk15on/1.67/bcpkix-jdk15on-1.67.jar:/home/runner/.m2/repository/commons-validator/commons-validator/1.6/commons-validator-1.6.jar:/home/runner/.m2/repository/commons-beanutils/commons-beanutils/1.9.4/commons-beanutils-1.9.4.jar:/home/runner/.m2/repository/commons-digester/commons-digester/1.8.1/commons-digester-1.8.1.jar:/home/runner/.m2/repository/commons-collections/commons-collections/3.2.2/commons-collections-3.2.2.jar:/home/runner/.m2/repository/io/jaegertracing/jaeger-client/1.6.0/jaeger-client-1.6.0.jar:/home/runner/.m2/repository/io/jaegertracing/jaeger-thrift/1.6.0/jaeger-thrift-1.6.0.jar:/home/runner/.m2/repository/org/apache/thrift/libthrift/0.14.1/libthrift-0.14.1.jar:/home/runner/.m2/repository/io/jaegertracing/jaeger-core/1.6.0/jaeger-core-1.6.0.jar:/home/runner/.m2/repository/io/jaegertracing/jaeger-tracerresolver/1.6.0/jaeger-tracerresolver-1.6.0.jar:/home/runner/.m2/repository/io/opentracing/contrib/opentracing-tracerresolver/0.1.8/opentracing-tracerresolver-0.1.8.jar:/home/runner/.m2/repository/org/jetbrains/kotlin/kotlin-stdlib/1.6.21/kotlin-stdlib-1.6.21.jar:/home/runner/.m2/repository/org/jetbrains/annotations/13.0/annotations-13.0.jar:/home/runner/.m2/repository/io/opentracing/opentracing-util/0.33.0/opentracing-util-0.33.0.jar:/home/runner/.m2/repository/io/opentracing/opentracing-api/0.33.0/opentracing-api-0.33.0.jar:/home/runner/.m2/repository/io/opentracing/opentracing-noop/0.33.0/opentracing-noop-0.33.0.jar:/home/runner/.m2/repository/org/yaml/snakeyaml/2.0/snakeyaml-2.0.jar:/home/runner/.m2/repository/org/reflections/reflections/0.9.11/reflections-0.9.11.jar:/home/runner/.m2/repository/org/javassist/javassist/3.21.0-GA/javassist-3.21.0-GA.jar:/home/runner/work/ozone/ozone/hadoop-hdds/interface-client/target/classes:/home/runner/.m2/repository/org/apache/hadoop/thirdparty/hadoop-shaded-protobuf_3_7/1.1.1/hadoop-shaded-protobuf_3_7-1.1.1.jar:/home/runner/work/ozone/ozone/hadoop-hdds/interface-admin/target/classes:/home/runner/.m2/repository/io/grpc/grpc-api/1.51.1/grpc-api-1.51.1.jar:/home/runner/.m2/repository/io/grpc/grpc-context/1.51.1/grpc-context-1.51.1.jar:/home/runner/work/ozone/ozone/hadoop-hdds/container-service/target/classes:/home/runner/.m2/repository/org/apache/commons/commons-compress/1.21/commons-compress-1.21.jar:/home/runner/.m2/repository/com/github/luben/zstd-jni/1.5.2-5/zstd-jni-1.5.2-5.jar:/home/runner/.m2/repository/commons-codec/commons-codec/1.15/commons-codec-1.15.jar:/home/runner/.m2/repository/javax/xml/bind/jaxb-api/2.3.0/jaxb-api-2.3.0.jar:/home/runner/.m2/repository/org/glassfish/jaxb/jaxb-runtime/2.3.0.1/jaxb-runtime-2.3.0.1.jar:/home/runner/.m2/repository/org/glassfish/jaxb/jaxb-core/2.3.0.1/jaxb-core-2.3.0.1.jar:/home/runner/.m2/repository/org/glassfish/jaxb/txw2/2.3.0.1/txw2-2.3.0.1.jar:/home/runner/.m2/repository/com/sun/istack/istack-commons-runtime/3.0.5/istack-commons-runtime-3.0.5.jar:/home/runner/.m2/repository/org/jvnet/staxex/stax-ex/1.7.8/stax-ex-1.7.8.jar:/home/runner/.m2/repository/com/sun/xml/fastinfoset/FastInfoset/1.2.13/FastInfoset-1.2.13.jar:/home/runner/.m2/repository/io/netty/netty-transport/4.1.94.Final/netty-transport-4.1.94.Final.jar:/home/runner/.m2/repository/io/netty/netty-common/4.1.94.Final/netty-common-4.1.94.Final.jar:/home/runner/.m2/repository/io/netty/netty-buffer/4.1.94.Final/netty-buffer-4.1.94.Final.jar:/home/runner/.m2/repository/io/netty/netty-resolver/4.1.94.Final/netty-resolver-4.1.94.Final.jar:/home/runner/.m2/repository/io/netty/netty-codec/4.1.94.Final/netty-codec-4.1.94.Final.jar:/home/runner/.m2/repository/io/netty/netty-handler/4.1.94.Final/netty-handler-4.1.94.Final.jar:/home/runner/.m2/repository/io/netty/netty-transport-native-unix-common/4.1.94.Final/netty-transport-native-unix-common-4.1.94.Final.jar:/home/runner/work/ozone/ozone/hadoop-hdds/client/target/classes:/home/runner/work/ozone/ozone/hadoop-hdds/erasurecode/target/classes:/home/runner/work/ozone/ozone/hadoop-hdds/hadoop-dependency-server/target/classes:/home/runner/.m2/repository/org/apache/hadoop/hadoop-annotations/3.3.6/hadoop-annotations-3.3.6.jar:/usr/lib/jvm/temurin-8-jdk-amd64/jre/../lib/tools.jar:/home/runner/.m2/repository/org/apache/hadoop/hadoop-common/3.3.6/hadoop-common-3.3.6.jar:/home/runner/.m2/repository/org/apache/hadoop/thirdparty/hadoop-shaded-guava/1.1.1/hadoop-shaded-guava-1.1.1.jar:/home/runner/.m2/repository/org/apache/httpcomponents/httpclient/4.5.13/httpclient-4.5.13.jar:/home/runner/.m2/repository/org/apache/httpcomponents/httpcore/4.4.13/httpcore-4.4.13.jar:/home/runner/.m2/repository/commons-net/commons-net/3.9.0/commons-net-3.9.0.jar:/home/runner/.m2/repository/javax/servlet/javax.servlet-api/3.1.0/javax.servlet-api-3.1.0.jar:/home/runner/.m2/repository/jakarta/activation/jakarta.activation-api/1.2.2/jakarta.activation-api-1.2.2.jar:/home/runner/.m2/repository/javax/servlet/jsp/jsp-api/2.1/jsp-api-2.1.jar:/home/runner/.m2/repository/com/sun/jersey/jersey-core/1.19/jersey-core-1.19.jar:/home/runner/.m2/repository/javax/ws/rs/jsr311-api/1.1.1/jsr311-api-1.1.1.jar:/home/runner/.m2/repository/com/sun/jersey/jersey-servlet/1.19/jersey-servlet-1.19.jar:/home/runner/.m2/repository/com/sun/jersey/jersey-server/1.19/jersey-server-1.19.jar:/home/runner/.m2/repository/com/google/re2j/re2j/1.1/re2j-1.1.jar:/home/runner/.m2/repository/com/google/code/gson/gson/2.9.0/gson-2.9.0.jar:/home/runner/.m2/repository/org/apache/hadoop/hadoop-auth/3.3.6/hadoop-auth-3.3.6.jar:/home/runner/.m2/repository/com/nimbusds/nimbus-jose-jwt/9.8.1/nimbus-jose-jwt-9.8.1.jar:/home/runner/.m2/repository/com/github/stephenc/jcip/jcip-annotations/1.0-1/jcip-annotations-1.0-1.jar:/home/runner/.m2/repository/com/jcraft/jsch/0.1.54/jsch-0.1.54.jar:/home/runner/.m2/repository/org/apache/kerby/kerb-core/1.0.1/kerb-core-1.0.1.jar:/home/runner/.m2/repository/org/apache/kerby/kerby-pkix/1.0.1/kerby-pkix-1.0.1.jar:/home/runner/.m2/repository/org/apache/kerby/kerby-asn1/1.0.1/kerby-asn1-1.0.1.jar:/home/runner/.m2/repository/org/apache/kerby/kerby-util/1.0.1/kerby-util-1.0.1.jar:/home/runner/.m2/repository/org/codehaus/woodstox/stax2-api/4.2.1/stax2-api-4.2.1.jar:/home/runner/.m2/repository/com/fasterxml/woodstox/woodstox-core/5.4.0/woodstox-core-5.4.0.jar:/home/runner/.m2/repository/dnsjava/dnsjava/2.1.7/dnsjava-2.1.7.jar:/home/runner/.m2/repository/org/xerial/snappy/snappy-java/1.1.8.2/snappy-java-1.1.8.2.jar:/home/runner/.m2/repository/commons-cli/commons-cli/1.2/commons-cli-1.2.jar:/home/runner/.m2/repository/org/apache/hadoop/hadoop-hdfs/3.3.6/hadoop-hdfs-3.3.6.jar:/home/runner/.m2/repository/org/eclipse/jetty/jetty-util-ajax/9.4.51.v20230217/jetty-util-ajax-9.4.51.v20230217.jar:/home/runner/.m2/repository/commons-daemon/commons-daemon/1.0.13/commons-daemon-1.0.13.jar:/home/runner/work/ozone/ozone/hadoop-hdds/framework/target/classes:/home/runner/work/ozone/ozone/hadoop-hdds/interface-server/target/classes:/home/runner/work/ozone/ozone/hadoop-hdds/managed-rocksdb/target/classes:/home/runner/.m2/repository/org/rocksdb/rocksdbjni/7.7.3/rocksdbjni-7.7.3.jar:/home/runner/.m2/repository/org/slf4j/slf4j-reload4j/1.7.36/slf4j-reload4j-1.7.36.jar:/home/runner/.m2/repository/org/apache/commons/commons-configuration2/2.1.1/commons-configuration2-2.1.1.jar:/home/runner/.m2/repository/commons-fileupload/commons-fileupload/1.5/commons-fileupload-1.5.jar:/home/runner/.m2/repository/org/apache/logging/log4j/log4j-core/2.17.1/log4j-core-2.17.1.jar:/home/runner/.m2/repository/com/lmax/disruptor/3.4.2/disruptor-3.4.2.jar:/home/runner/.m2/repository/org/eclipse/jetty/jetty-util/9.4.51.v20230217/jetty-util-9.4.51.v20230217.jar:/home/runner/.m2/repository/org/eclipse/jetty/jetty-server/9.4.51.v20230217/jetty-server-9.4.51.v20230217.jar:/home/runner/.m2/repository/org/eclipse/jetty/jetty-http/9.4.51.v20230217/jetty-http-9.4.51.v20230217.jar:/home/runner/.m2/repository/org/eclipse/jetty/jetty-io/9.4.51.v20230217/jetty-io-9.4.51.v20230217.jar:/home/runner/.m2/repository/org/eclipse/jetty/jetty-servlet/9.4.51.v20230217/jetty-servlet-9.4.51.v20230217.jar:/home/runner/.m2/repository/org/eclipse/jetty/jetty-security/9.4.51.v20230217/jetty-security-9.4.51.v20230217.jar:/home/runner/.m2/repository/org/eclipse/jetty/jetty-webapp/9.4.51.v20230217/jetty-webapp-9.4.51.v20230217.jar:/home/runner/.m2/repository/org/eclipse/jetty/jetty-xml/9.4.51.v20230217/jetty-xml-9.4.51.v20230217.jar:/home/runner/.m2/repository/io/prometheus/simpleclient_dropwizard/0.7.0/simpleclient_dropwizard-0.7.0.jar:/home/runner/.m2/repository/io/prometheus/simpleclient/0.7.0/simpleclient-0.7.0.jar:/home/runner/.m2/repository/io/prometheus/simpleclient_common/0.7.0/simpleclient_common-0.7.0.jar:/home/runner/work/ozone/ozone/hadoop-hdds/rocksdb-checkpoint-differ/target/classes:/home/runner/work/ozone/ozone/hadoop-hdds/rocks-native/target/classes:/home/runner/.m2/repository/org/jgrapht/jgrapht-core/1.0.1/jgrapht-core-1.0.1.jar:/home/runner/.m2/repository/org/jgrapht/jgrapht-ext/1.0.1/jgrapht-ext-1.0.1.jar:/home/runner/.m2/repository/org/tinyjee/jgraphx/jgraphx/2.0.0.1/jgraphx-2.0.0.1.jar:/home/runner/.m2/repository/jgraph/jgraph/5.13.0.0/jgraph-5.13.0.0.jar:/home/runner/.m2/repository/org/antlr/antlr4-runtime/4.5.3/antlr4-runtime-4.5.3.jar:/home/runner/.m2/repository/org/awaitility/awaitility/4.2.0/awaitility-4.2.0.jar:/home/runner/.m2/repository/org/hamcrest/hamcrest/2.1/hamcrest-2.1.jar:/home/runner/work/ozone/ozone/hadoop-hdds/docs/target/classes:/home/runner/.m2/repository/io/dropwizard/metrics/metrics-core/3.2.4/metrics-core-3.2.4.jar:/home/runner/.m2/repository/com/github/spotbugs/spotbugs-annotations/3.1.12/spotbugs-annotations-3.1.12.jar:/home/runner/.m2/repository/com/google/code/findbugs/jsr305/3.0.0/jsr305-3.0.0.jar:/home/runner/.m2/repository/org/apache/commons/commons-math3/3.1.1/commons-math3-3.1.1.jar:/home/runner/.m2/repository/org/apache/commons/commons-text/1.10.0/commons-text-1.10.0.jar:/home/runner/.m2/repository/org/apache/hadoop/hadoop-hdfs-client/3.3.6/hadoop-hdfs-client-3.3.6.jar:/home/runner/.m2/repository/com/squareup/okhttp3/okhttp/4.9.3/okhttp-4.9.3.jar:/home/runner/.m2/repository/com/squareup/okio/okio/3.4.0/okio-3.4.0.jar:/home/runner/.m2/repository/com/squareup/okio/okio-jvm/3.4.0/okio-jvm-3.4.0.jar:/home/runner/.m2/repository/org/jetbrains/kotlin/kotlin-stdlib-jdk8/1.8.0/kotlin-stdlib-jdk8-1.8.0.jar:/home/runner/.m2/repository/org/jetbrains/kotlin/kotlin-stdlib-jdk7/1.8.0/kotlin-stdlib-jdk7-1.8.0.jar:/home/runner/.m2/repository/org/jetbrains/kotlin/kotlin-stdlib-common/1.6.21/kotlin-stdlib-common-1.6.21.jar:/home/runner/.m2/repository/com/fasterxml/jackson/core/jackson-databind/2.13.4.2/jackson-databind-2.13.4.2.jar:/home/runner/work/ozone/ozone/hadoop-hdds/container-service/target/test-classes:/home/runner/work/ozone/ozone/hadoop-hdds/common/target/test-classes:/home/runner/.m2/repository/org/hamcrest/hamcrest-core/1.3/hamcrest-core-1.3.jar:/home/runner/.m2/repository/org/assertj/assertj-core/3.12.2/assertj-core-3.12.2.jar:/home/runner/.m2/repository/org/mockito/mockito-core/3.5.9/mockito-core-3.5.9.jar:/home/runner/.m2/repository/net/bytebuddy/byte-buddy/1.10.13/byte-buddy-1.10.13.jar:/home/runner/.m2/repository/net/bytebuddy/byte-buddy-agent/1.10.13/byte-buddy-agent-1.10.13.jar:/home/runner/.m2/repository/org/objenesis/objenesis/1.0/objenesis-1.0.jar:/home/runner/.m2/repository/org/hamcrest/hamcrest-all/1.3/hamcrest-all-1.3.jar:/home/runner/.m2/repository/org/bouncycastle/bcprov-jdk15on/1.67/bcprov-jdk15on-1.67.jar:/home/runner/work/ozone/ozone/hadoop-hdds/hadoop-dependency-test/target/classes:/home/runner/.m2/repository/org/apache/hadoop/hadoop-common/3.3.6/hadoop-common-3.3.6-tests.jar:/home/runner/.m2/repository/org/apache/hadoop/hadoop-hdfs/3.3.6/hadoop-hdfs-3.3.6-tests.jar:/home/runner/.m2/repository/com/google/protobuf/protobuf-java/2.5.0/protobuf-java-2.5.0.jar:/home/runner/.m2/repository/org/junit/jupiter/junit-jupiter-api/5.8.2/junit-jupiter-api-5.8.2.jar:/home/runner/.m2/repository/org/opentest4j/opentest4j/1.2.0/opentest4j-1.2.0.jar:/home/runner/.m2/repository/org/junit/platform/junit-platform-commons/1.8.2/junit-platform-commons-1.8.2.jar:/home/runner/.m2/repository/org/apiguardian/apiguardian-api/1.1.2/apiguardian-api-1.1.2.jar:/home/runner/.m2/repository/org/junit/jupiter/junit-jupiter-engine/5.8.2/junit-jupiter-engine-5.8.2.jar:/home/runner/.m2/repository/org/junit/platform/junit-platform-engine/1.8.2/junit-platform-engine-1.8.2.jar:/home/runner/.m2/repository/org/junit/vintage/junit-vintage-engine/5.8.2/junit-vintage-engine-5.8.2.jar:/home/runner/.m2/repository/org/junit/platform/junit-platform-launcher/1.8.2/junit-platform-launcher-1.8.2.jar:/home/runner/.m2/repository/org/junit/jupiter/junit-jupiter-params/5.8.2/junit-jupiter-params-5.8.2.jar:/home/runner/.m2/repository/junit/junit/4.13.1/junit-4.13.1.jar:"/>
    <property name="java.vm.vendor" value="Temurin"/>
    <property name="sun.arch.data.model" value="64"/>
    <property name="test.build.dir" value="/home/runner/work/ozone/ozone/hadoop-hdds/server-scm/target/test-dir"/>
    <property name="test.cache.data" value=""/>
    <property name="java.vendor.url" value="https://adoptium.net/"/>
    <property name="user.timezone" value="Etc/UTC"/>
    <property name="java.vm.specification.version" value="1.8"/>
    <property name="os.name" value="Linux"/>
    <property name="test.build.data" value="/home/runner/work/ozone/ozone/hadoop-hdds/server-scm/target/test-dir"/>
    <property name="sun.java.launcher" value="SUN_STANDARD"/>
    <property name="sun.boot.library.path" value="/usr/lib/jvm/temurin-8-jdk-amd64/jre/lib/amd64"/>
    <property name="sun.java.command" value="/home/runner/work/ozone/ozone/hadoop-hdds/server-scm/target/surefire/surefirebooter428878460990015661.jar /home/runner/work/ozone/ozone/hadoop-hdds/server-scm/target/surefire 2023-07-26T19-07-59_780-jvmRun1 surefire1658003602019925272tmp surefire_2755249916909800654291tmp"/>
    <property name="native.lib.tmp.dir" value="/tmp"/>
    <property name="surefire.test.class.path" value="/home/runner/work/ozone/ozone/hadoop-hdds/server-scm/target/test-classes:/home/runner/work/ozone/ozone/hadoop-hdds/server-scm/target/classes:/home/runner/work/ozone/ozone/hadoop-hdds/test-utils/target/classes:/home/runner/.m2/repository/com/google/guava/guava/32.0.0-jre/guava-32.0.0-jre.jar:/home/runner/.m2/repository/com/google/guava/failureaccess/1.0.1/failureaccess-1.0.1.jar:/home/runner/.m2/repository/com/google/guava/listenablefuture/9999.0-empty-to-avoid-conflict-with-guava/listenablefuture-9999.0-empty-to-avoid-conflict-with-guava.jar:/home/runner/.m2/repository/org/checkerframework/checker-qual/3.33.0/checker-qual-3.33.0.jar:/home/runner/.m2/repository/com/google/errorprone/error_prone_annotations/2.2.0/error_prone_annotations-2.2.0.jar:/home/runner/.m2/repository/com/google/j2objc/j2objc-annotations/2.8/j2objc-annotations-2.8.jar:/home/runner/.m2/repository/commons-io/commons-io/2.11.0/commons-io-2.11.0.jar:/home/runner/.m2/repository/commons-logging/commons-logging/1.2/commons-logging-1.2.jar:/home/runner/.m2/repository/ch/qos/reload4j/reload4j/1.2.22/reload4j-1.2.22.jar:/home/runner/.m2/repository/org/apache/commons/commons-lang3/3.7/commons-lang3-3.7.jar:/home/runner/.m2/repository/org/slf4j/slf4j-api/1.7.36/slf4j-api-1.7.36.jar:/home/runner/.m2/repository/org/apache/logging/log4j/log4j-api/2.17.1/log4j-api-2.17.1.jar:/home/runner/work/ozone/ozone/hadoop-hdds/common/target/classes:/home/runner/work/ozone/ozone/hadoop-hdds/hadoop-dependency-client/target/classes:/home/runner/.m2/repository/info/picocli/picocli/4.6.1/picocli-4.6.1.jar:/home/runner/.m2/repository/com/fasterxml/jackson/core/jackson-annotations/2.13.4/jackson-annotations-2.13.4.jar:/home/runner/.m2/repository/com/fasterxml/jackson/datatype/jackson-datatype-jsr310/2.13.4/jackson-datatype-jsr310-2.13.4.jar:/home/runner/.m2/repository/com/fasterxml/jackson/core/jackson-core/2.13.4/jackson-core-2.13.4.jar:/home/runner/work/ozone/ozone/hadoop-hdds/annotations/target/classes:/home/runner/work/ozone/ozone/hadoop-hdds/config/target/classes:/home/runner/.m2/repository/javax/annotation/javax.annotation-api/1.2/javax.annotation-api-1.2.jar:/home/runner/.m2/repository/org/apache/ratis/ratis-server/2.5.1/ratis-server-2.5.1.jar:/home/runner/.m2/repository/org/apache/ratis/ratis-thirdparty-misc/1.0.4/ratis-thirdparty-misc-1.0.4.jar:/home/runner/.m2/repository/org/apache/ratis/ratis-proto/2.5.1/ratis-proto-2.5.1.jar:/home/runner/.m2/repository/org/apache/ratis/ratis-common/2.5.1/ratis-common-2.5.1.jar:/home/runner/.m2/repository/org/apache/ratis/ratis-client/2.5.1/ratis-client-2.5.1.jar:/home/runner/.m2/repository/org/apache/ratis/ratis-server-api/2.5.1/ratis-server-api-2.5.1.jar:/home/runner/.m2/repository/org/apache/ratis/ratis-metrics/2.5.1/ratis-metrics-2.5.1.jar:/home/runner/.m2/repository/org/apache/ratis/ratis-netty/2.5.1/ratis-netty-2.5.1.jar:/home/runner/.m2/repository/org/apache/ratis/ratis-grpc/2.5.1/ratis-grpc-2.5.1.jar:/home/runner/.m2/repository/org/apache/commons/commons-pool2/2.6.0/commons-pool2-2.6.0.jar:/home/runner/.m2/repository/org/bouncycastle/bcpkix-jdk15on/1.67/bcpkix-jdk15on-1.67.jar:/home/runner/.m2/repository/commons-validator/commons-validator/1.6/commons-validator-1.6.jar:/home/runner/.m2/repository/commons-beanutils/commons-beanutils/1.9.4/commons-beanutils-1.9.4.jar:/home/runner/.m2/repository/commons-digester/commons-digester/1.8.1/commons-digester-1.8.1.jar:/home/runner/.m2/repository/commons-collections/commons-collections/3.2.2/commons-collections-3.2.2.jar:/home/runner/.m2/repository/io/jaegertracing/jaeger-client/1.6.0/jaeger-client-1.6.0.jar:/home/runner/.m2/repository/io/jaegertracing/jaeger-thrift/1.6.0/jaeger-thrift-1.6.0.jar:/home/runner/.m2/repository/org/apache/thrift/libthrift/0.14.1/libthrift-0.14.1.jar:/home/runner/.m2/repository/io/jaegertracing/jaeger-core/1.6.0/jaeger-core-1.6.0.jar:/home/runner/.m2/repository/io/jaegertracing/jaeger-tracerresolver/1.6.0/jaeger-tracerresolver-1.6.0.jar:/home/runner/.m2/repository/io/opentracing/contrib/opentracing-tracerresolver/0.1.8/opentracing-tracerresolver-0.1.8.jar:/home/runner/.m2/repository/org/jetbrains/kotlin/kotlin-stdlib/1.6.21/kotlin-stdlib-1.6.21.jar:/home/runner/.m2/repository/org/jetbrains/annotations/13.0/annotations-13.0.jar:/home/runner/.m2/repository/io/opentracing/opentracing-util/0.33.0/opentracing-util-0.33.0.jar:/home/runner/.m2/repository/io/opentracing/opentracing-api/0.33.0/opentracing-api-0.33.0.jar:/home/runner/.m2/repository/io/opentracing/opentracing-noop/0.33.0/opentracing-noop-0.33.0.jar:/home/runner/.m2/repository/org/yaml/snakeyaml/2.0/snakeyaml-2.0.jar:/home/runner/.m2/repository/org/reflections/reflections/0.9.11/reflections-0.9.11.jar:/home/runner/.m2/repository/org/javassist/javassist/3.21.0-GA/javassist-3.21.0-GA.jar:/home/runner/work/ozone/ozone/hadoop-hdds/interface-client/target/classes:/home/runner/.m2/repository/org/apache/hadoop/thirdparty/hadoop-shaded-protobuf_3_7/1.1.1/hadoop-shaded-protobuf_3_7-1.1.1.jar:/home/runner/work/ozone/ozone/hadoop-hdds/interface-admin/target/classes:/home/runner/.m2/repository/io/grpc/grpc-api/1.51.1/grpc-api-1.51.1.jar:/home/runner/.m2/repository/io/grpc/grpc-context/1.51.1/grpc-context-1.51.1.jar:/home/runner/work/ozone/ozone/hadoop-hdds/container-service/target/classes:/home/runner/.m2/repository/org/apache/commons/commons-compress/1.21/commons-compress-1.21.jar:/home/runner/.m2/repository/com/github/luben/zstd-jni/1.5.2-5/zstd-jni-1.5.2-5.jar:/home/runner/.m2/repository/commons-codec/commons-codec/1.15/commons-codec-1.15.jar:/home/runner/.m2/repository/javax/xml/bind/jaxb-api/2.3.0/jaxb-api-2.3.0.jar:/home/runner/.m2/repository/org/glassfish/jaxb/jaxb-runtime/2.3.0.1/jaxb-runtime-2.3.0.1.jar:/home/runner/.m2/repository/org/glassfish/jaxb/jaxb-core/2.3.0.1/jaxb-core-2.3.0.1.jar:/home/runner/.m2/repository/org/glassfish/jaxb/txw2/2.3.0.1/txw2-2.3.0.1.jar:/home/runner/.m2/repository/com/sun/istack/istack-commons-runtime/3.0.5/istack-commons-runtime-3.0.5.jar:/home/runner/.m2/repository/org/jvnet/staxex/stax-ex/1.7.8/stax-ex-1.7.8.jar:/home/runner/.m2/repository/com/sun/xml/fastinfoset/FastInfoset/1.2.13/FastInfoset-1.2.13.jar:/home/runner/.m2/repository/io/netty/netty-transport/4.1.94.Final/netty-transport-4.1.94.Final.jar:/home/runner/.m2/repository/io/netty/netty-common/4.1.94.Final/netty-common-4.1.94.Final.jar:/home/runner/.m2/repository/io/netty/netty-buffer/4.1.94.Final/netty-buffer-4.1.94.Final.jar:/home/runner/.m2/repository/io/netty/netty-resolver/4.1.94.Final/netty-resolver-4.1.94.Final.jar:/home/runner/.m2/repository/io/netty/netty-codec/4.1.94.Final/netty-codec-4.1.94.Final.jar:/home/runner/.m2/repository/io/netty/netty-handler/4.1.94.Final/netty-handler-4.1.94.Final.jar:/home/runner/.m2/repository/io/netty/netty-transport-native-unix-common/4.1.94.Final/netty-transport-native-unix-common-4.1.94.Final.jar:/home/runner/work/ozone/ozone/hadoop-hdds/client/target/classes:/home/runner/work/ozone/ozone/hadoop-hdds/erasurecode/target/classes:/home/runner/work/ozone/ozone/hadoop-hdds/hadoop-dependency-server/target/classes:/home/runner/.m2/repository/org/apache/hadoop/hadoop-annotations/3.3.6/hadoop-annotations-3.3.6.jar:/usr/lib/jvm/temurin-8-jdk-amd64/jre/../lib/tools.jar:/home/runner/.m2/repository/org/apache/hadoop/hadoop-common/3.3.6/hadoop-common-3.3.6.jar:/home/runner/.m2/repository/org/apache/hadoop/thirdparty/hadoop-shaded-guava/1.1.1/hadoop-shaded-guava-1.1.1.jar:/home/runner/.m2/repository/org/apache/httpcomponents/httpclient/4.5.13/httpclient-4.5.13.jar:/home/runner/.m2/repository/org/apache/httpcomponents/httpcore/4.4.13/httpcore-4.4.13.jar:/home/runner/.m2/repository/commons-net/commons-net/3.9.0/commons-net-3.9.0.jar:/home/runner/.m2/repository/javax/servlet/javax.servlet-api/3.1.0/javax.servlet-api-3.1.0.jar:/home/runner/.m2/repository/jakarta/activation/jakarta.activation-api/1.2.2/jakarta.activation-api-1.2.2.jar:/home/runner/.m2/repository/javax/servlet/jsp/jsp-api/2.1/jsp-api-2.1.jar:/home/runner/.m2/repository/com/sun/jersey/jersey-core/1.19/jersey-core-1.19.jar:/home/runner/.m2/repository/javax/ws/rs/jsr311-api/1.1.1/jsr311-api-1.1.1.jar:/home/runner/.m2/repository/com/sun/jersey/jersey-servlet/1.19/jersey-servlet-1.19.jar:/home/runner/.m2/repository/com/sun/jersey/jersey-server/1.19/jersey-server-1.19.jar:/home/runner/.m2/repository/com/google/re2j/re2j/1.1/re2j-1.1.jar:/home/runner/.m2/repository/com/google/code/gson/gson/2.9.0/gson-2.9.0.jar:/home/runner/.m2/repository/org/apache/hadoop/hadoop-auth/3.3.6/hadoop-auth-3.3.6.jar:/home/runner/.m2/repository/com/nimbusds/nimbus-jose-jwt/9.8.1/nimbus-jose-jwt-9.8.1.jar:/home/runner/.m2/repository/com/github/stephenc/jcip/jcip-annotations/1.0-1/jcip-annotations-1.0-1.jar:/home/runner/.m2/repository/com/jcraft/jsch/0.1.54/jsch-0.1.54.jar:/home/runner/.m2/repository/org/apache/kerby/kerb-core/1.0.1/kerb-core-1.0.1.jar:/home/runner/.m2/repository/org/apache/kerby/kerby-pkix/1.0.1/kerby-pkix-1.0.1.jar:/home/runner/.m2/repository/org/apache/kerby/kerby-asn1/1.0.1/kerby-asn1-1.0.1.jar:/home/runner/.m2/repository/org/apache/kerby/kerby-util/1.0.1/kerby-util-1.0.1.jar:/home/runner/.m2/repository/org/codehaus/woodstox/stax2-api/4.2.1/stax2-api-4.2.1.jar:/home/runner/.m2/repository/com/fasterxml/woodstox/woodstox-core/5.4.0/woodstox-core-5.4.0.jar:/home/runner/.m2/repository/dnsjava/dnsjava/2.1.7/dnsjava-2.1.7.jar:/home/runner/.m2/repository/org/xerial/snappy/snappy-java/1.1.8.2/snappy-java-1.1.8.2.jar:/home/runner/.m2/repository/commons-cli/commons-cli/1.2/commons-cli-1.2.jar:/home/runner/.m2/repository/org/apache/hadoop/hadoop-hdfs/3.3.6/hadoop-hdfs-3.3.6.jar:/home/runner/.m2/repository/org/eclipse/jetty/jetty-util-ajax/9.4.51.v20230217/jetty-util-ajax-9.4.51.v20230217.jar:/home/runner/.m2/repository/commons-daemon/commons-daemon/1.0.13/commons-daemon-1.0.13.jar:/home/runner/work/ozone/ozone/hadoop-hdds/framework/target/classes:/home/runner/work/ozone/ozone/hadoop-hdds/interface-server/target/classes:/home/runner/work/ozone/ozone/hadoop-hdds/managed-rocksdb/target/classes:/home/runner/.m2/repository/org/rocksdb/rocksdbjni/7.7.3/rocksdbjni-7.7.3.jar:/home/runner/.m2/repository/org/slf4j/slf4j-reload4j/1.7.36/slf4j-reload4j-1.7.36.jar:/home/runner/.m2/repository/org/apache/commons/commons-configuration2/2.1.1/commons-configuration2-2.1.1.jar:/home/runner/.m2/repository/commons-fileupload/commons-fileupload/1.5/commons-fileupload-1.5.jar:/home/runner/.m2/repository/org/apache/logging/log4j/log4j-core/2.17.1/log4j-core-2.17.1.jar:/home/runner/.m2/repository/com/lmax/disruptor/3.4.2/disruptor-3.4.2.jar:/home/runner/.m2/repository/org/eclipse/jetty/jetty-util/9.4.51.v20230217/jetty-util-9.4.51.v20230217.jar:/home/runner/.m2/repository/org/eclipse/jetty/jetty-server/9.4.51.v20230217/jetty-server-9.4.51.v20230217.jar:/home/runner/.m2/repository/org/eclipse/jetty/jetty-http/9.4.51.v20230217/jetty-http-9.4.51.v20230217.jar:/home/runner/.m2/repository/org/eclipse/jetty/jetty-io/9.4.51.v20230217/jetty-io-9.4.51.v20230217.jar:/home/runner/.m2/repository/org/eclipse/jetty/jetty-servlet/9.4.51.v20230217/jetty-servlet-9.4.51.v20230217.jar:/home/runner/.m2/repository/org/eclipse/jetty/jetty-security/9.4.51.v20230217/jetty-security-9.4.51.v20230217.jar:/home/runner/.m2/repository/org/eclipse/jetty/jetty-webapp/9.4.51.v20230217/jetty-webapp-9.4.51.v20230217.jar:/home/runner/.m2/repository/org/eclipse/jetty/jetty-xml/9.4.51.v20230217/jetty-xml-9.4.51.v20230217.jar:/home/runner/.m2/repository/io/prometheus/simpleclient_dropwizard/0.7.0/simpleclient_dropwizard-0.7.0.jar:/home/runner/.m2/repository/io/prometheus/simpleclient/0.7.0/simpleclient-0.7.0.jar:/home/runner/.m2/repository/io/prometheus/simpleclient_common/0.7.0/simpleclient_common-0.7.0.jar:/home/runner/work/ozone/ozone/hadoop-hdds/rocksdb-checkpoint-differ/target/classes:/home/runner/work/ozone/ozone/hadoop-hdds/rocks-native/target/classes:/home/runner/.m2/repository/org/jgrapht/jgrapht-core/1.0.1/jgrapht-core-1.0.1.jar:/home/runner/.m2/repository/org/jgrapht/jgrapht-ext/1.0.1/jgrapht-ext-1.0.1.jar:/home/runner/.m2/repository/org/tinyjee/jgraphx/jgraphx/2.0.0.1/jgraphx-2.0.0.1.jar:/home/runner/.m2/repository/jgraph/jgraph/5.13.0.0/jgraph-5.13.0.0.jar:/home/runner/.m2/repository/org/antlr/antlr4-runtime/4.5.3/antlr4-runtime-4.5.3.jar:/home/runner/.m2/repository/org/awaitility/awaitility/4.2.0/awaitility-4.2.0.jar:/home/runner/.m2/repository/org/hamcrest/hamcrest/2.1/hamcrest-2.1.jar:/home/runner/work/ozone/ozone/hadoop-hdds/docs/target/classes:/home/runner/.m2/repository/io/dropwizard/metrics/metrics-core/3.2.4/metrics-core-3.2.4.jar:/home/runner/.m2/repository/com/github/spotbugs/spotbugs-annotations/3.1.12/spotbugs-annotations-3.1.12.jar:/home/runner/.m2/repository/com/google/code/findbugs/jsr305/3.0.0/jsr305-3.0.0.jar:/home/runner/.m2/repository/org/apache/commons/commons-math3/3.1.1/commons-math3-3.1.1.jar:/home/runner/.m2/repository/org/apache/commons/commons-text/1.10.0/commons-text-1.10.0.jar:/home/runner/.m2/repository/org/apache/hadoop/hadoop-hdfs-client/3.3.6/hadoop-hdfs-client-3.3.6.jar:/home/runner/.m2/repository/com/squareup/okhttp3/okhttp/4.9.3/okhttp-4.9.3.jar:/home/runner/.m2/repository/com/squareup/okio/okio/3.4.0/okio-3.4.0.jar:/home/runner/.m2/repository/com/squareup/okio/okio-jvm/3.4.0/okio-jvm-3.4.0.jar:/home/runner/.m2/repository/org/jetbrains/kotlin/kotlin-stdlib-jdk8/1.8.0/kotlin-stdlib-jdk8-1.8.0.jar:/home/runner/.m2/repository/org/jetbrains/kotlin/kotlin-stdlib-jdk7/1.8.0/kotlin-stdlib-jdk7-1.8.0.jar:/home/runner/.m2/repository/org/jetbrains/kotlin/kotlin-stdlib-common/1.6.21/kotlin-stdlib-common-1.6.21.jar:/home/runner/.m2/repository/com/fasterxml/jackson/core/jackson-databind/2.13.4.2/jackson-databind-2.13.4.2.jar:/home/runner/work/ozone/ozone/hadoop-hdds/container-service/target/test-classes:/home/runner/work/ozone/ozone/hadoop-hdds/common/target/test-classes:/home/runner/.m2/repository/org/hamcrest/hamcrest-core/1.3/hamcrest-core-1.3.jar:/home/runner/.m2/repository/org/assertj/assertj-core/3.12.2/assertj-core-3.12.2.jar:/home/runner/.m2/repository/org/mockito/mockito-core/3.5.9/mockito-core-3.5.9.jar:/home/runner/.m2/repository/net/bytebuddy/byte-buddy/1.10.13/byte-buddy-1.10.13.jar:/home/runner/.m2/repository/net/bytebuddy/byte-buddy-agent/1.10.13/byte-buddy-agent-1.10.13.jar:/home/runner/.m2/repository/org/objenesis/objenesis/1.0/objenesis-1.0.jar:/home/runner/.m2/repository/org/hamcrest/hamcrest-all/1.3/hamcrest-all-1.3.jar:/home/runner/.m2/repository/org/bouncycastle/bcprov-jdk15on/1.67/bcprov-jdk15on-1.67.jar:/home/runner/work/ozone/ozone/hadoop-hdds/hadoop-dependency-test/target/classes:/home/runner/.m2/repository/org/apache/hadoop/hadoop-common/3.3.6/hadoop-common-3.3.6-tests.jar:/home/runner/.m2/repository/org/apache/hadoop/hadoop-hdfs/3.3.6/hadoop-hdfs-3.3.6-tests.jar:/home/runner/.m2/repository/com/google/protobuf/protobuf-java/2.5.0/protobuf-java-2.5.0.jar:/home/runner/.m2/repository/org/junit/jupiter/junit-jupiter-api/5.8.2/junit-jupiter-api-5.8.2.jar:/home/runner/.m2/repository/org/opentest4j/opentest4j/1.2.0/opentest4j-1.2.0.jar:/home/runner/.m2/repository/org/junit/platform/junit-platform-commons/1.8.2/junit-platform-commons-1.8.2.jar:/home/runner/.m2/repository/org/apiguardian/apiguardian-api/1.1.2/apiguardian-api-1.1.2.jar:/home/runner/.m2/repository/org/junit/jupiter/junit-jupiter-engine/5.8.2/junit-jupiter-engine-5.8.2.jar:/home/runner/.m2/repository/org/junit/platform/junit-platform-engine/1.8.2/junit-platform-engine-1.8.2.jar:/home/runner/.m2/repository/org/junit/vintage/junit-vintage-engine/5.8.2/junit-vintage-engine-5.8.2.jar:/home/runner/.m2/repository/org/junit/platform/junit-platform-launcher/1.8.2/junit-platform-launcher-1.8.2.jar:/home/runner/.m2/repository/org/junit/jupiter/junit-jupiter-params/5.8.2/junit-jupiter-params-5.8.2.jar:/home/runner/.m2/repository/junit/junit/4.13.1/junit-4.13.1.jar:"/>
    <property name="sun.cpu.endian" value="little"/>
    <property name="user.home" value="/home/runner"/>
    <property name="user.language" value="en"/>
    <property name="java.specification.vendor" value="Oracle Corporation"/>
    <property name="java.home" value="/usr/lib/jvm/temurin-8-jdk-amd64/jre"/>
    <property name="java.security.krb5.conf" value="/home/runner/work/ozone/ozone/hadoop-hdds/server-scm/target/test-classes/krb5.conf"/>
    <property name="basedir" value="/home/runner/work/ozone/ozone/hadoop-hdds/server-scm"/>
    <property name="file.separator" value="/"/>
    <property name="line.separator" value="&#10;"/>
    <property name="java.vm.specification.vendor" value="Oracle Corporation"/>
    <property name="java.specification.name" value="Java Platform API Specification"/>
    <property name="java.awt.graphicsenv" value="sun.awt.X11GraphicsEnvironment"/>
    <property name="skip.installnpx" value="true"/>
    <property name="surefire.real.class.path" value="/home/runner/work/ozone/ozone/hadoop-hdds/server-scm/target/surefire/surefirebooter428878460990015661.jar:/home/runner/.m2/repository/org/jacoco/org.jacoco.agent/0.8.5/org.jacoco.agent-0.8.5-runtime.jar"/>
    <property name="hadoop.log.dir" value="/home/runner/work/ozone/ozone/hadoop-hdds/server-scm/target/log"/>
    <property name="sun.boot.class.path" value="/usr/lib/jvm/temurin-8-jdk-amd64/jre/lib/resources.jar:/usr/lib/jvm/temurin-8-jdk-amd64/jre/lib/rt.jar:/usr/lib/jvm/temurin-8-jdk-amd64/jre/lib/sunrsasign.jar:/usr/lib/jvm/temurin-8-jdk-amd64/jre/lib/jsse.jar:/usr/lib/jvm/temurin-8-jdk-amd64/jre/lib/jce.jar:/usr/lib/jvm/temurin-8-jdk-amd64/jre/lib/charsets.jar:/usr/lib/jvm/temurin-8-jdk-amd64/jre/lib/jfr.jar:/usr/lib/jvm/temurin-8-jdk-amd64/jre/classes"/>
    <property name="sun.management.compiler" value="HotSpot 64-Bit Tiered Compilers"/>
    <property name="skip.npx" value="true"/>
    <property name="java.runtime.version" value="1.8.0_372-b07"/>
    <property name="java.net.preferIPv4Stack" value="true"/>
    <property name="user.name" value="runner"/>
    <property name="path.separator" value=":"/>
    <property name="java.security.egd" value="file:///dev/urandom"/>
    <property name="os.version" value="5.15.0-1041-azure"/>
    <property name="java.endorsed.dirs" value="/usr/lib/jvm/temurin-8-jdk-amd64/jre/lib/endorsed"/>
    <property name="java.runtime.name" value="OpenJDK Runtime Environment"/>
    <property name="file.encoding" value="UTF-8"/>
    <property name="java.vm.name" value="OpenJDK 64-Bit Server VM"/>
    <property name="test.build.webapps" value=""/>
    <property name="localRepository" value="/home/runner/.m2/repository"/>
    <property name="java.vendor.url.bug" value="https://github.com/adoptium/adoptium-support/issues"/>
    <property name="java.io.tmpdir" value="/tmp"/>
    <property name="require.test.libhadoop" value=""/>
    <property name="java.version" value="1.8.0_372"/>
    <property name="user.dir" value="/home/runner/work/ozone/ozone/hadoop-hdds/server-scm"/>
    <property name="os.arch" value="amd64"/>
    <property name="java.vm.specification.name" value="Java Virtual Machine Specification"/>
    <property name="test.build.classes" value="/home/runner/work/ozone/ozone/hadoop-hdds/server-scm/target/test-classes"/>
    <property name="java.awt.printerjob" value="sun.print.PSPrinterJob"/>
    <property name="sun.os.patch.level" value="unknown"/>
    <property name="excludedGroups" value="native"/>
    <property name="hadoop.tmp.dir" value="/home/runner/work/ozone/ozone/hadoop-hdds/server-scm/target/tmp"/>
    <property name="java.library.path" value="/usr/java/packages/lib/amd64:/usr/lib64:/lib64:/lib:/usr/lib"/>
    <property name="java.vm.info" value="mixed mode"/>
    <property name="java.vendor" value="Temurin"/>
    <property name="java.vm.version" value="25.372-b07"/>
    <property name="java.specification.maintenance.version" value="4"/>
    <property name="java.ext.dirs" value="/usr/lib/jvm/temurin-8-jdk-amd64/jre/lib/ext:/usr/java/packages/lib/ext"/>
    <property name="sun.io.unicode.encoding" value="UnicodeLittle"/>
    <property name="java.class.version" value="52.0"/>
  </properties>
  <testcase name="containerBalancerShouldObeyMaxSizeToMoveLimit" classname="org.apache.hadoop.hdds.scm.container.balancer.TestContainerBalancerTask" time="3.017">
    <system-out><![CDATA[2023-07-26 19:34:20,879 [main] INFO  net.NodeSchemaLoader (NodeSchemaLoader.java:loadSchemaFromFile(129)) - Loading schema from [file:/home/runner/work/ozone/ozone/hadoop-hdds/common/target/classes/network-topology-default.xml]
2023-07-26 19:34:20,885 [main] INFO  net.NodeSchemaLoader (NodeSchemaLoader.java:loadSchema(176)) - Loading network topology layer schema file
2023-07-26 19:34:21,122 [main] INFO  reflections.Reflections (Reflections.java:scan(232)) - Reflections took 159 ms to scan 6 urls, producing 157 keys and 368 values 
2023-07-26 19:34:21,178 [main] INFO  net.NetworkTopologyImpl (NetworkTopologyImpl.java:add(112)) - Added a new node: /default-rack/9233e488-065e-4037-9317-d74e526bedf0
2023-07-26 19:34:21,179 [main] INFO  net.NetworkTopologyImpl (NetworkTopologyImpl.java:add(112)) - Added a new node: /default-rack/d5f66d7d-f1f1-4a25-a7b8-b0f9ffd21ac8
2023-07-26 19:34:21,179 [main] INFO  net.NetworkTopologyImpl (NetworkTopologyImpl.java:add(112)) - Added a new node: /default-rack/8b01c85c-3340-4032-aee4-8c1a84b55f50
2023-07-26 19:34:21,180 [main] INFO  net.NetworkTopologyImpl (NetworkTopologyImpl.java:add(112)) - Added a new node: /default-rack/a815ec11-20cc-44d7-9fea-b4e7c43fc958
2023-07-26 19:34:21,180 [main] INFO  net.NetworkTopologyImpl (NetworkTopologyImpl.java:add(112)) - Added a new node: /default-rack/26a60238-606b-4152-99a5-5525658280b3
2023-07-26 19:34:21,180 [main] INFO  net.NetworkTopologyImpl (NetworkTopologyImpl.java:add(112)) - Added a new node: /default-rack/96f0736c-037f-49f9-9e94-906abd7cd250
2023-07-26 19:34:21,180 [main] INFO  net.NetworkTopologyImpl (NetworkTopologyImpl.java:add(112)) - Added a new node: /default-rack/d1fe302f-27a9-4ae1-a1a9-0c27179d4981
2023-07-26 19:34:21,181 [main] INFO  net.NetworkTopologyImpl (NetworkTopologyImpl.java:add(112)) - Added a new node: /default-rack/8bbec0ad-c961-43c3-9f94-a32b74006e12
2023-07-26 19:34:21,181 [main] INFO  net.NetworkTopologyImpl (NetworkTopologyImpl.java:add(112)) - Added a new node: /default-rack/eb31254c-baf2-4a66-b597-75807baf1f1f
2023-07-26 19:34:21,181 [main] INFO  net.NetworkTopologyImpl (NetworkTopologyImpl.java:add(112)) - Added a new node: /default-rack/355a31db-57fb-4d03-9f3b-76f6467b1aa0
2023-07-26 19:34:21,191 [main] INFO  algorithms.ContainerPlacementPolicyFactory (ContainerPlacementPolicyFactory.java:getPolicyInternal(86)) - Create container placement policy of type org.apache.hadoop.hdds.scm.container.placement.algorithms.SCMContainerPlacementRackAware
2023-07-26 19:34:21,222 [main] INFO  algorithms.ContainerPlacementPolicyFactory (ContainerPlacementPolicyFactory.java:getPolicyInternal(86)) - Create container placement policy of type org.apache.hadoop.hdds.scm.container.placement.algorithms.SCMContainerPlacementRackScatter
2023-07-26 19:34:21,370 [main] DEBUG balancer.ContainerBalancerTask (ContainerBalancerTask.java:initializeIteration(374)) - Average utilization of the cluster is 0.3301064511256577
2023-07-26 19:34:21,370 [main] DEBUG balancer.ContainerBalancerTask (ContainerBalancerTask.java:initializeIteration(386)) - Lower limit for utilization is 0.32010645112565767 and Upper limit for utilization is 0.3401064511256577
2023-07-26 19:34:21,370 [main] DEBUG balancer.ContainerBalancerTask (ContainerBalancerTask.java:initializeIteration(398)) - Utilization for node 26a60238-606b-4152-99a5-5525658280b3 with capacity 52494044728B, used 47244640256B, and remaining 5249404472B is 0.9000000000152398
2023-07-26 19:34:21,371 [main] DEBUG balancer.ContainerBalancerTask (ContainerBalancerTask.java:initializeIteration(398)) - Utilization for node a815ec11-20cc-44d7-9fea-b4e7c43fc958 with capacity 56371445760B, used 45097156608B, and remaining 11274289152B is 0.8
2023-07-26 19:34:21,371 [main] DEBUG balancer.ContainerBalancerTask (ContainerBalancerTask.java:initializeIteration(398)) - Utilization for node 96f0736c-037f-49f9-9e94-906abd7cd250 with capacity 79763678354B, used 55834574848B, and remaining 23929103506B is 0.7000000000025074
2023-07-26 19:34:21,371 [main] DEBUG balancer.ContainerBalancerTask (ContainerBalancerTask.java:initializeIteration(398)) - Utilization for node 8b01c85c-3340-4032-aee4-8c1a84b55f50 with capacity 69793218560B, used 41875931136B, and remaining 27917287424B is 0.6
2023-07-26 19:34:21,371 [main] DEBUG balancer.ContainerBalancerTask (ContainerBalancerTask.java:initializeIteration(398)) - Utilization for node 8bbec0ad-c961-43c3-9f94-a32b74006e12 with capacity 105226698752B, used 52613349376B, and remaining 52613349376B is 0.5
2023-07-26 19:34:21,373 [main] DEBUG balancer.ContainerBalancerTask (ContainerBalancerTask.java:initializeIteration(398)) - Utilization for node 355a31db-57fb-4d03-9f3b-76f6467b1aa0 with capacity 123480309760B, used 49392123904B, and remaining 74088185856B is 0.4
2023-07-26 19:34:21,375 [main] DEBUG balancer.ContainerBalancerTask (ContainerBalancerTask.java:initializeIteration(398)) - Utilization for node eb31254c-baf2-4a66-b597-75807baf1f1f with capacity 64424509440B, used 19327352832B, and remaining 45097156608B is 0.3
2023-07-26 19:34:21,375 [main] DEBUG balancer.ContainerBalancerTask (ContainerBalancerTask.java:initializeIteration(398)) - Utilization for node d1fe302f-27a9-4ae1-a1a9-0c27179d4981 with capacity 198642237440B, used 39728447488B, and remaining 158913789952B is 0.2
2023-07-26 19:34:21,375 [main] DEBUG balancer.ContainerBalancerTask (ContainerBalancerTask.java:initializeIteration(398)) - Utilization for node d5f66d7d-f1f1-4a25-a7b8-b0f9ffd21ac8 with capacity 397284474880B, used 39728447488B, and remaining 357556027392B is 0.1
2023-07-26 19:34:21,376 [main] DEBUG balancer.ContainerBalancerTask (ContainerBalancerTask.java:initializeIteration(398)) - Utilization for node 9233e488-065e-4037-9317-d74e526bedf0 with capacity 36507222016B, used 0B, and remaining 36507222016B is 0.0
2023-07-26 19:34:21,377 [main] INFO  balancer.ContainerBalancerTask (ContainerBalancerTask.java:initializeIteration(447)) - Container Balancer has identified 6 Over-Utilized and 4 Under-Utilized Datanodes that need to be balanced.
2023-07-26 19:34:21,377 [main] DEBUG balancer.ContainerBalancerTask (ContainerBalancerTask.java:lambda$initializeIteration$1(453)) - Datanode localhost-160.122.237.117 26a60238-606b-4152-99a5-5525658280b3 is Over-Utilized.
2023-07-26 19:34:21,378 [main] DEBUG balancer.ContainerBalancerTask (ContainerBalancerTask.java:lambda$initializeIteration$1(453)) - Datanode localhost-70.234.59.240 a815ec11-20cc-44d7-9fea-b4e7c43fc958 is Over-Utilized.
2023-07-26 19:34:21,378 [main] DEBUG balancer.ContainerBalancerTask (ContainerBalancerTask.java:lambda$initializeIteration$1(453)) - Datanode localhost-180.246.223.220 96f0736c-037f-49f9-9e94-906abd7cd250 is Over-Utilized.
2023-07-26 19:34:21,379 [main] DEBUG balancer.ContainerBalancerTask (ContainerBalancerTask.java:lambda$initializeIteration$1(453)) - Datanode localhost-250.46.223.156 8b01c85c-3340-4032-aee4-8c1a84b55f50 is Over-Utilized.
2023-07-26 19:34:21,380 [main] DEBUG balancer.ContainerBalancerTask (ContainerBalancerTask.java:lambda$initializeIteration$1(453)) - Datanode localhost-93.3.240.162 8bbec0ad-c961-43c3-9f94-a32b74006e12 is Over-Utilized.
2023-07-26 19:34:21,380 [main] DEBUG balancer.ContainerBalancerTask (ContainerBalancerTask.java:lambda$initializeIteration$1(453)) - Datanode localhost-227.82.173.221 355a31db-57fb-4d03-9f3b-76f6467b1aa0 is Over-Utilized.
2023-07-26 19:34:21,381 [main] DEBUG balancer.ContainerBalancerTask (ContainerBalancerTask.java:lambda$initializeIteration$2(459)) - Datanode localhost-135.243.42.56 9233e488-065e-4037-9317-d74e526bedf0 is Under-Utilized.
2023-07-26 19:34:21,381 [main] DEBUG balancer.ContainerBalancerTask (ContainerBalancerTask.java:lambda$initializeIteration$2(459)) - Datanode localhost-73.235.249.253 d5f66d7d-f1f1-4a25-a7b8-b0f9ffd21ac8 is Under-Utilized.
2023-07-26 19:34:21,381 [main] DEBUG balancer.ContainerBalancerTask (ContainerBalancerTask.java:lambda$initializeIteration$2(459)) - Datanode localhost-191.128.212.175 d1fe302f-27a9-4ae1-a1a9-0c27179d4981 is Under-Utilized.
2023-07-26 19:34:21,381 [main] DEBUG balancer.ContainerBalancerTask (ContainerBalancerTask.java:lambda$initializeIteration$2(459)) - Datanode localhost-135.39.199.142 eb31254c-baf2-4a66-b597-75807baf1f1f is Under-Utilized.
2023-07-26 19:34:21,409 [main] DEBUG balancer.ContainerBalancerTask (ContainerBalancerTask.java:matchSourceWithTarget(708)) - ContainerBalancer is finding suitable target for source datanode 26a60238-606b-4152-99a5-5525658280b3
2023-07-26 19:34:21,418 [main] INFO  balancer.ContainerBalancerTask (ContainerBalancerTask.java:matchSourceWithTarget(722)) - ContainerBalancer matched source datanode 26a60238-606b-4152-99a5-5525658280b3 with target datanode 9233e488-065e-4037-9317-d74e526bedf0 for container move.
2023-07-26 19:34:21,419 [main] INFO  balancer.ContainerBalancerTask (ContainerBalancerTask.java:processMoveSelection(569)) - ContainerBalancer is trying to move container #85 with size 5368709120B from source datanode 26a60238-606b-4152-99a5-5525658280b3 to target datanode 9233e488-065e-4037-9317-d74e526bedf0
2023-07-26 19:34:21,422 [main] DEBUG balancer.ContainerBalancerTask (ContainerBalancerTask.java:lambda$moveContainer$3(837)) - Container move completed for container #85 from source 26a60238-606b-4152-99a5-5525658280b3 to target 9233e488-065e-4037-9317-d74e526bedf0
2023-07-26 19:34:21,434 [main] DEBUG balancer.ContainerBalancerTask (ContainerBalancerTask.java:matchSourceWithTarget(708)) - ContainerBalancer is finding suitable target for source datanode a815ec11-20cc-44d7-9fea-b4e7c43fc958
2023-07-26 19:34:21,434 [main] INFO  balancer.ContainerBalancerTask (ContainerBalancerTask.java:matchSourceWithTarget(722)) - ContainerBalancer matched source datanode a815ec11-20cc-44d7-9fea-b4e7c43fc958 with target datanode d5f66d7d-f1f1-4a25-a7b8-b0f9ffd21ac8 for container move.
2023-07-26 19:34:21,434 [main] INFO  balancer.ContainerBalancerTask (ContainerBalancerTask.java:processMoveSelection(569)) - ContainerBalancer is trying to move container #68 with size 5368709120B from source datanode a815ec11-20cc-44d7-9fea-b4e7c43fc958 to target datanode d5f66d7d-f1f1-4a25-a7b8-b0f9ffd21ac8
2023-07-26 19:34:21,435 [main] DEBUG balancer.ContainerBalancerTask (ContainerBalancerTask.java:lambda$moveContainer$3(837)) - Container move completed for container #68 from source a815ec11-20cc-44d7-9fea-b4e7c43fc958 to target d5f66d7d-f1f1-4a25-a7b8-b0f9ffd21ac8
2023-07-26 19:34:21,435 [main] WARN  balancer.ContainerBalancerTask (ContainerBalancerTask.java:reachedMaxSizeToMovePerIteration(733)) - Reached max size to move limit. 10737418240 bytes have already been scheduled for balancing and the limit is 10737418240 bytes.
2023-07-26 19:34:21,439 [main] INFO  balancer.ContainerBalancerTask (ContainerBalancerTask.java:checkIterationMoveResults(642)) - Iteration Summary. Number of Datanodes involved: 4. Size moved: 10 GB (10737418240 Bytes). Number of Container moves completed: 2.
2023-07-26 19:34:21,439 [main] INFO  balancer.ContainerBalancerTask (ContainerBalancerTask.java:balance(259)) - Result of this iteration of Container Balancer: ITERATION_COMPLETED
2023-07-26 19:34:21,449 [main] INFO  balancer.ContainerBalancerTask (ContainerBalancerTask.java:tryStopWithSaveConfiguration(308)) - Save Configuration for stopping. Reason: Completed all iterations.
]]></system-out>
  </testcase>
  <testcase name="balancerShouldFollowExcludeAndIncludeDatanodesConfigurations" classname="org.apache.hadoop.hdds.scm.container.balancer.TestContainerBalancerTask" time="0.128">
    <system-out><![CDATA[2023-07-26 19:34:21,543 [main] INFO  net.NodeSchemaLoader (NodeSchemaLoader.java:loadSchemaFromFile(129)) - Loading schema from [file:/home/runner/work/ozone/ozone/hadoop-hdds/common/target/classes/network-topology-default.xml]
2023-07-26 19:34:21,543 [main] INFO  net.NodeSchemaLoader (NodeSchemaLoader.java:loadSchema(176)) - Loading network topology layer schema file
2023-07-26 19:34:21,547 [main] INFO  net.NetworkTopologyImpl (NetworkTopologyImpl.java:add(112)) - Added a new node: /default-rack/20b82045-e37f-4309-b60a-d763670813ea
2023-07-26 19:34:21,548 [main] INFO  net.NetworkTopologyImpl (NetworkTopologyImpl.java:add(112)) - Added a new node: /default-rack/f6d85496-88ff-4ea9-8578-9b6cb12379cf
2023-07-26 19:34:21,549 [main] INFO  net.NetworkTopologyImpl (NetworkTopologyImpl.java:add(112)) - Added a new node: /default-rack/ffc8b4b1-623c-40cc-b3b9-5f62e3256ef7
2023-07-26 19:34:21,549 [main] INFO  net.NetworkTopologyImpl (NetworkTopologyImpl.java:add(112)) - Added a new node: /default-rack/f06ef4c8-0b4c-4014-bac4-bf6e8636ea62
2023-07-26 19:34:21,549 [main] INFO  net.NetworkTopologyImpl (NetworkTopologyImpl.java:add(112)) - Added a new node: /default-rack/56f7d6a1-b8d6-461c-95f3-4e179fa1178c
2023-07-26 19:34:21,549 [main] INFO  net.NetworkTopologyImpl (NetworkTopologyImpl.java:add(112)) - Added a new node: /default-rack/baeadb3d-fedf-47ad-af32-ee07720e7317
2023-07-26 19:34:21,550 [main] INFO  net.NetworkTopologyImpl (NetworkTopologyImpl.java:add(112)) - Added a new node: /default-rack/a3d07b09-f7c2-4536-9f0c-5ca755e4f21b
2023-07-26 19:34:21,550 [main] INFO  net.NetworkTopologyImpl (NetworkTopologyImpl.java:add(112)) - Added a new node: /default-rack/4d31962d-81a6-4442-b0d6-8bdf0d34c1be
2023-07-26 19:34:21,551 [main] INFO  net.NetworkTopologyImpl (NetworkTopologyImpl.java:add(112)) - Added a new node: /default-rack/2e2092a6-5b3e-4d2e-9319-9f081560ff9c
2023-07-26 19:34:21,551 [main] INFO  net.NetworkTopologyImpl (NetworkTopologyImpl.java:add(112)) - Added a new node: /default-rack/18f41b74-59fc-4d26-8626-35c650e42571
2023-07-26 19:34:21,551 [main] INFO  algorithms.ContainerPlacementPolicyFactory (ContainerPlacementPolicyFactory.java:getPolicyInternal(86)) - Create container placement policy of type org.apache.hadoop.hdds.scm.container.placement.algorithms.SCMContainerPlacementRackAware
2023-07-26 19:34:21,552 [main] INFO  algorithms.ContainerPlacementPolicyFactory (ContainerPlacementPolicyFactory.java:getPolicyInternal(86)) - Create container placement policy of type org.apache.hadoop.hdds.scm.container.placement.algorithms.SCMContainerPlacementRackScatter
2023-07-26 19:34:21,564 [main] DEBUG balancer.ContainerBalancerTask (ContainerBalancerTask.java:initializeIteration(374)) - Average utilization of the cluster is 0.20288184438040346
2023-07-26 19:34:21,564 [main] DEBUG balancer.ContainerBalancerTask (ContainerBalancerTask.java:initializeIteration(386)) - Lower limit for utilization is 0.10288184438040346 and Upper limit for utilization is 0.30288184438040344
2023-07-26 19:34:21,564 [main] DEBUG balancer.ContainerBalancerTask (ContainerBalancerTask.java:initializeIteration(398)) - Utilization for node f06ef4c8-0b4c-4014-bac4-bf6e8636ea62 with capacity 68451041280B, used 54760833024B, and remaining 13690208256B is 0.8
2023-07-26 19:34:21,564 [main] DEBUG balancer.ContainerBalancerTask (ContainerBalancerTask.java:initializeIteration(398)) - Utilization for node 20b82045-e37f-4309-b60a-d763670813ea with capacity 397284474880B, used 39728447488B, and remaining 357556027392B is 0.1
2023-07-26 19:34:21,564 [main] INFO  balancer.ContainerBalancerTask (ContainerBalancerTask.java:initializeIteration(447)) - Container Balancer has identified 1 Over-Utilized and 1 Under-Utilized Datanodes that need to be balanced.
2023-07-26 19:34:21,564 [main] DEBUG balancer.ContainerBalancerTask (ContainerBalancerTask.java:lambda$initializeIteration$1(453)) - Datanode localhost-39.111.125.134 f06ef4c8-0b4c-4014-bac4-bf6e8636ea62 is Over-Utilized.
2023-07-26 19:34:21,565 [main] DEBUG balancer.ContainerBalancerTask (ContainerBalancerTask.java:lambda$initializeIteration$2(459)) - Datanode localhost-42.148.82.108 20b82045-e37f-4309-b60a-d763670813ea is Under-Utilized.
2023-07-26 19:34:21,578 [main] DEBUG balancer.ContainerBalancerTask (ContainerBalancerTask.java:matchSourceWithTarget(708)) - ContainerBalancer is finding suitable target for source datanode f06ef4c8-0b4c-4014-bac4-bf6e8636ea62
2023-07-26 19:34:21,578 [main] INFO  balancer.ContainerBalancerTask (ContainerBalancerTask.java:matchSourceWithTarget(722)) - ContainerBalancer matched source datanode f06ef4c8-0b4c-4014-bac4-bf6e8636ea62 with target datanode 20b82045-e37f-4309-b60a-d763670813ea for container move.
2023-07-26 19:34:21,578 [main] INFO  balancer.ContainerBalancerTask (ContainerBalancerTask.java:processMoveSelection(569)) - ContainerBalancer is trying to move container #85 with size 5368709120B from source datanode f06ef4c8-0b4c-4014-bac4-bf6e8636ea62 to target datanode 20b82045-e37f-4309-b60a-d763670813ea
2023-07-26 19:34:21,579 [main] DEBUG balancer.ContainerBalancerTask (ContainerBalancerTask.java:lambda$moveContainer$3(837)) - Container move completed for container #85 from source f06ef4c8-0b4c-4014-bac4-bf6e8636ea62 to target 20b82045-e37f-4309-b60a-d763670813ea
2023-07-26 19:34:21,584 [main] DEBUG balancer.ContainerBalancerTask (ContainerBalancerTask.java:adaptOnReachingIterationLimits(782)) - Reached max datanodes to involve limit. 2 datanodes have already been selected for balancing and the limit is 2. Only already selected sources and targets can be involved in balancing now.
2023-07-26 19:34:21,595 [main] DEBUG balancer.ContainerBalancerTask (ContainerBalancerTask.java:matchSourceWithTarget(708)) - ContainerBalancer is finding suitable target for source datanode f06ef4c8-0b4c-4014-bac4-bf6e8636ea62
2023-07-26 19:34:21,596 [main] INFO  balancer.ContainerBalancerTask (ContainerBalancerTask.java:matchSourceWithTarget(722)) - ContainerBalancer matched source datanode f06ef4c8-0b4c-4014-bac4-bf6e8636ea62 with target datanode 20b82045-e37f-4309-b60a-d763670813ea for container move.
2023-07-26 19:34:21,596 [main] INFO  balancer.ContainerBalancerTask (ContainerBalancerTask.java:processMoveSelection(569)) - ContainerBalancer is trying to move container #68 with size 5368709120B from source datanode f06ef4c8-0b4c-4014-bac4-bf6e8636ea62 to target datanode 20b82045-e37f-4309-b60a-d763670813ea
2023-07-26 19:34:21,596 [main] DEBUG balancer.ContainerBalancerTask (ContainerBalancerTask.java:lambda$moveContainer$3(837)) - Container move completed for container #68 from source f06ef4c8-0b4c-4014-bac4-bf6e8636ea62 to target 20b82045-e37f-4309-b60a-d763670813ea
2023-07-26 19:34:21,603 [main] DEBUG balancer.ContainerBalancerTask (ContainerBalancerTask.java:matchSourceWithTarget(708)) - ContainerBalancer is finding suitable target for source datanode f06ef4c8-0b4c-4014-bac4-bf6e8636ea62
2023-07-26 19:34:21,603 [main] INFO  balancer.FindTargetGreedyByUsageInfo (AbstractFindTargetGreedy.java:findTargetForContainerMove(133)) - Container Balancer could not find a target for source datanode f06ef4c8-0b4c-4014-bac4-bf6e8636ea62
2023-07-26 19:34:21,604 [main] DEBUG balancer.ContainerBalancerTask (ContainerBalancerTask.java:matchSourceWithTarget(717)) - ContainerBalancer could not find a suitable target for source node f06ef4c8-0b4c-4014-bac4-bf6e8636ea62.
2023-07-26 19:34:21,604 [main] INFO  balancer.FindSourceGreedy (FindSourceGreedy.java:getNextCandidateSourceDataNode(126)) - no more candidate source data node
2023-07-26 19:34:21,604 [main] INFO  balancer.ContainerBalancerTask (ContainerBalancerTask.java:checkIterationMoveResults(642)) - Iteration Summary. Number of Datanodes involved: 2. Size moved: 10 GB (10737418240 Bytes). Number of Container moves completed: 2.
2023-07-26 19:34:21,605 [main] INFO  balancer.ContainerBalancerTask (ContainerBalancerTask.java:balance(259)) - Result of this iteration of Container Balancer: ITERATION_COMPLETED
2023-07-26 19:34:21,606 [main] INFO  balancer.ContainerBalancerTask (ContainerBalancerTask.java:tryStopWithSaveConfiguration(308)) - Save Configuration for stopping. Reason: Completed all iterations.
]]></system-out>
  </testcase>
  <testcase name="unBalancedNodesListShouldBeEmptyWhenClusterIsBalanced" classname="org.apache.hadoop.hdds.scm.container.balancer.TestContainerBalancerTask" time="0.076">
    <system-out><![CDATA[2023-07-26 19:34:21,665 [main] INFO  net.NodeSchemaLoader (NodeSchemaLoader.java:loadSchemaFromFile(129)) - Loading schema from [file:/home/runner/work/ozone/ozone/hadoop-hdds/common/target/classes/network-topology-default.xml]
2023-07-26 19:34:21,666 [main] INFO  net.NodeSchemaLoader (NodeSchemaLoader.java:loadSchema(176)) - Loading network topology layer schema file
2023-07-26 19:34:21,674 [main] INFO  net.NetworkTopologyImpl (NetworkTopologyImpl.java:add(112)) - Added a new node: /default-rack/67cfeb7b-e81e-4b0b-adb7-1d7e7d32f58b
2023-07-26 19:34:21,674 [main] INFO  net.NetworkTopologyImpl (NetworkTopologyImpl.java:add(112)) - Added a new node: /default-rack/041125bd-ce0a-44ef-9b46-44b1d75ece04
2023-07-26 19:34:21,675 [main] INFO  net.NetworkTopologyImpl (NetworkTopologyImpl.java:add(112)) - Added a new node: /default-rack/70af3cb6-a625-4e83-a7a2-5e6efb7ae7ff
2023-07-26 19:34:21,675 [main] INFO  net.NetworkTopologyImpl (NetworkTopologyImpl.java:add(112)) - Added a new node: /default-rack/47961132-cd20-42d7-a4dd-4064e8e5d3c7
2023-07-26 19:34:21,675 [main] INFO  net.NetworkTopologyImpl (NetworkTopologyImpl.java:add(112)) - Added a new node: /default-rack/4621e318-79e7-4dea-99c1-5c2fd0754e86
2023-07-26 19:34:21,675 [main] INFO  net.NetworkTopologyImpl (NetworkTopologyImpl.java:add(112)) - Added a new node: /default-rack/21543586-b349-46df-ae79-fefe717932e3
2023-07-26 19:34:21,675 [main] INFO  net.NetworkTopologyImpl (NetworkTopologyImpl.java:add(112)) - Added a new node: /default-rack/a749da46-81f0-465a-bb52-840af0f97e7d
2023-07-26 19:34:21,675 [main] INFO  net.NetworkTopologyImpl (NetworkTopologyImpl.java:add(112)) - Added a new node: /default-rack/44848d46-443a-467c-9d23-4970b3610acd
2023-07-26 19:34:21,676 [main] INFO  net.NetworkTopologyImpl (NetworkTopologyImpl.java:add(112)) - Added a new node: /default-rack/844876be-75bb-4651-911f-945213a54a0a
2023-07-26 19:34:21,676 [main] INFO  net.NetworkTopologyImpl (NetworkTopologyImpl.java:add(112)) - Added a new node: /default-rack/5fbcc6db-499c-4998-ba64-4cfae2d14dc3
2023-07-26 19:34:21,676 [main] INFO  algorithms.ContainerPlacementPolicyFactory (ContainerPlacementPolicyFactory.java:getPolicyInternal(86)) - Create container placement policy of type org.apache.hadoop.hdds.scm.container.placement.algorithms.SCMContainerPlacementRackAware
2023-07-26 19:34:21,676 [main] INFO  algorithms.ContainerPlacementPolicyFactory (ContainerPlacementPolicyFactory.java:getPolicyInternal(86)) - Create container placement policy of type org.apache.hadoop.hdds.scm.container.placement.algorithms.SCMContainerPlacementRackScatter
2023-07-26 19:34:21,684 [main] DEBUG balancer.ContainerBalancerTask (ContainerBalancerTask.java:initializeIteration(374)) - Average utilization of the cluster is 0.34580461614044566
2023-07-26 19:34:21,685 [main] DEBUG balancer.ContainerBalancerTask (ContainerBalancerTask.java:initializeIteration(386)) - Lower limit for utilization is -0.6540953838595542 and Upper limit for utilization is 1.3457046161404456
2023-07-26 19:34:21,685 [main] DEBUG balancer.ContainerBalancerTask (ContainerBalancerTask.java:initializeIteration(398)) - Utilization for node a749da46-81f0-465a-bb52-840af0f97e7d with capacity 59652323555B, used 53687091200B, and remaining 5965232355B is 0.9000000000083819
2023-07-26 19:34:21,685 [main] DEBUG balancer.ContainerBalancerTask (ContainerBalancerTask.java:initializeIteration(398)) - Utilization for node 44848d46-443a-467c-9d23-4970b3610acd with capacity 57713623040B, used 46170898432B, and remaining 11542724608B is 0.8
2023-07-26 19:34:21,685 [main] DEBUG balancer.ContainerBalancerTask (ContainerBalancerTask.java:initializeIteration(398)) - Utilization for node 041125bd-ce0a-44ef-9b46-44b1d75ece04 with capacity 69026260114B, used 48318382080B, and remaining 20707878034B is 0.7000000000028974
2023-07-26 19:34:21,685 [main] DEBUG balancer.ContainerBalancerTask (ContainerBalancerTask.java:initializeIteration(398)) - Utilization for node 844876be-75bb-4651-911f-945213a54a0a with capacity 55476660906B, used 33285996544B, and remaining 22190664362B is 0.6000000000072102
2023-07-26 19:34:21,685 [main] DEBUG balancer.ContainerBalancerTask (ContainerBalancerTask.java:initializeIteration(398)) - Utilization for node 5fbcc6db-499c-4998-ba64-4cfae2d14dc3 with capacity 96636764160B, used 48318382080B, and remaining 48318382080B is 0.5
2023-07-26 19:34:21,686 [main] DEBUG balancer.ContainerBalancerTask (ContainerBalancerTask.java:initializeIteration(398)) - Utilization for node 47961132-cd20-42d7-a4dd-4064e8e5d3c7 with capacity 112742891520B, used 45097156608B, and remaining 67645734912B is 0.4
2023-07-26 19:34:21,686 [main] DEBUG balancer.ContainerBalancerTask (ContainerBalancerTask.java:initializeIteration(398)) - Utilization for node 21543586-b349-46df-ae79-fefe717932e3 with capacity 121690740053B, used 36507222016B, and remaining 85183518037B is 0.3000000000008218
2023-07-26 19:34:21,686 [main] DEBUG balancer.ContainerBalancerTask (ContainerBalancerTask.java:initializeIteration(398)) - Utilization for node 67cfeb7b-e81e-4b0b-adb7-1d7e7d32f58b with capacity 198642237440B, used 39728447488B, and remaining 158913789952B is 0.2
2023-07-26 19:34:21,686 [main] DEBUG balancer.ContainerBalancerTask (ContainerBalancerTask.java:initializeIteration(398)) - Utilization for node 4621e318-79e7-4dea-99c1-5c2fd0754e86 with capacity 300647710720B, used 30064771072B, and remaining 270582939648B is 0.1
2023-07-26 19:34:21,686 [main] DEBUG balancer.ContainerBalancerTask (ContainerBalancerTask.java:initializeIteration(398)) - Utilization for node 70af3cb6-a625-4e83-a7a2-5e6efb7ae7ff with capacity 30064771072B, used 0B, and remaining 30064771072B is 0.0
2023-07-26 19:34:21,686 [main] INFO  balancer.ContainerBalancerTask (ContainerBalancerTask.java:initializeIteration(443)) - Did not find any unbalanced Datanodes.
2023-07-26 19:34:21,687 [main] INFO  balancer.ContainerBalancerTask (ContainerBalancerTask.java:tryStopWithSaveConfiguration(308)) - Save Configuration for stopping. Reason: Could not initialize ContainerBalancer's iteration number 0
]]></system-out>
  </testcase>
  <testcase name="containerMoveSelectionShouldFollowPlacementPolicy" classname="org.apache.hadoop.hdds.scm.container.balancer.TestContainerBalancerTask" time="0.166">
    <system-out><![CDATA[2023-07-26 19:34:21,732 [main] INFO  net.NodeSchemaLoader (NodeSchemaLoader.java:loadSchemaFromFile(129)) - Loading schema from [file:/home/runner/work/ozone/ozone/hadoop-hdds/common/target/classes/network-topology-default.xml]
2023-07-26 19:34:21,732 [main] INFO  net.NodeSchemaLoader (NodeSchemaLoader.java:loadSchema(176)) - Loading network topology layer schema file
2023-07-26 19:34:21,740 [main] INFO  net.NetworkTopologyImpl (NetworkTopologyImpl.java:add(112)) - Added a new node: /default-rack/97716876-6f38-436b-a314-a8633d4833f9
2023-07-26 19:34:21,741 [main] INFO  net.NetworkTopologyImpl (NetworkTopologyImpl.java:add(112)) - Added a new node: /default-rack/3f2b1c71-720f-43bf-8607-431e82aec4ee
2023-07-26 19:34:21,744 [main] INFO  net.NetworkTopologyImpl (NetworkTopologyImpl.java:add(112)) - Added a new node: /default-rack/d2587111-8f11-462f-8a77-bef3b2e51d05
2023-07-26 19:34:21,744 [main] INFO  net.NetworkTopologyImpl (NetworkTopologyImpl.java:add(112)) - Added a new node: /default-rack/b9499dd7-8674-405f-ad86-f253b343b835
2023-07-26 19:34:21,745 [main] INFO  net.NetworkTopologyImpl (NetworkTopologyImpl.java:add(112)) - Added a new node: /default-rack/4a7cac55-b60d-4345-a4c3-5f52156c76d6
2023-07-26 19:34:21,745 [main] INFO  net.NetworkTopologyImpl (NetworkTopologyImpl.java:add(112)) - Added a new node: /default-rack/8e89e95f-fc8e-43ca-a265-008cc2850ca4
2023-07-26 19:34:21,746 [main] INFO  net.NetworkTopologyImpl (NetworkTopologyImpl.java:add(112)) - Added a new node: /default-rack/78661ae6-0181-4e14-99ef-8ba80aaa68b5
2023-07-26 19:34:21,746 [main] INFO  net.NetworkTopologyImpl (NetworkTopologyImpl.java:add(112)) - Added a new node: /default-rack/3120cb65-55f7-47d1-a51b-9b928b4fd9b8
2023-07-26 19:34:21,748 [main] INFO  net.NetworkTopologyImpl (NetworkTopologyImpl.java:add(112)) - Added a new node: /default-rack/c93a624d-eea7-4dd5-88b6-40e59cbf0797
2023-07-26 19:34:21,748 [main] INFO  net.NetworkTopologyImpl (NetworkTopologyImpl.java:add(112)) - Added a new node: /default-rack/91747166-6f57-4e5f-9f6c-1a0218bc31d6
2023-07-26 19:34:21,748 [main] INFO  algorithms.ContainerPlacementPolicyFactory (ContainerPlacementPolicyFactory.java:getPolicyInternal(86)) - Create container placement policy of type org.apache.hadoop.hdds.scm.container.placement.algorithms.SCMContainerPlacementRackAware
2023-07-26 19:34:21,749 [main] INFO  algorithms.ContainerPlacementPolicyFactory (ContainerPlacementPolicyFactory.java:getPolicyInternal(86)) - Create container placement policy of type org.apache.hadoop.hdds.scm.container.placement.algorithms.SCMContainerPlacementRackScatter
2023-07-26 19:34:21,753 [main] DEBUG balancer.ContainerBalancerTask (ContainerBalancerTask.java:initializeIteration(374)) - Average utilization of the cluster is 0.38753467176130135
2023-07-26 19:34:21,753 [main] DEBUG balancer.ContainerBalancerTask (ContainerBalancerTask.java:initializeIteration(386)) - Lower limit for utilization is 0.2875346717613013 and Upper limit for utilization is 0.4875346717613014
2023-07-26 19:34:21,753 [main] DEBUG balancer.ContainerBalancerTask (ContainerBalancerTask.java:initializeIteration(398)) - Utilization for node 91747166-6f57-4e5f-9f6c-1a0218bc31d6 with capacity 79934113564B, used 71940702208B, and remaining 7993411356B is 0.9000000000050041
2023-07-26 19:34:21,754 [main] DEBUG balancer.ContainerBalancerTask (ContainerBalancerTask.java:initializeIteration(398)) - Utilization for node 97716876-6f38-436b-a314-a8633d4833f9 with capacity 60397977600B, used 48318382080B, and remaining 12079595520B is 0.8
2023-07-26 19:34:21,754 [main] DEBUG balancer.ContainerBalancerTask (ContainerBalancerTask.java:initializeIteration(398)) - Utilization for node c93a624d-eea7-4dd5-88b6-40e59cbf0797 with capacity 78229761462B, used 54760833024B, and remaining 23468928438B is 0.7000000000076697
2023-07-26 19:34:21,755 [main] DEBUG balancer.ContainerBalancerTask (ContainerBalancerTask.java:initializeIteration(398)) - Utilization for node 3120cb65-55f7-47d1-a51b-9b928b4fd9b8 with capacity 94847194453B, used 56908316672B, and remaining 37938877781B is 0.6000000000021086
2023-07-26 19:34:21,755 [main] DEBUG balancer.ContainerBalancerTask (ContainerBalancerTask.java:initializeIteration(398)) - Utilization for node 78661ae6-0181-4e14-99ef-8ba80aaa68b5 with capacity 79456894976B, used 39728447488B, and remaining 39728447488B is 0.5
2023-07-26 19:34:21,756 [main] DEBUG balancer.ContainerBalancerTask (ContainerBalancerTask.java:initializeIteration(398)) - Utilization for node d2587111-8f11-462f-8a77-bef3b2e51d05 with capacity 115427246080B, used 46170898432B, and remaining 69256347648B is 0.4
2023-07-26 19:34:21,756 [main] DEBUG balancer.ContainerBalancerTask (ContainerBalancerTask.java:initializeIteration(398)) - Utilization for node b9499dd7-8674-405f-ad86-f253b343b835 with capacity 153902994773B, used 46170898432B, and remaining 107732096341B is 0.30000000000064975
2023-07-26 19:34:21,757 [main] DEBUG balancer.ContainerBalancerTask (ContainerBalancerTask.java:initializeIteration(398)) - Utilization for node 8e89e95f-fc8e-43ca-a265-008cc2850ca4 with capacity 85899345920B, used 17179869184B, and remaining 68719476736B is 0.2
2023-07-26 19:34:21,757 [main] DEBUG balancer.ContainerBalancerTask (ContainerBalancerTask.java:initializeIteration(398)) - Utilization for node 4a7cac55-b60d-4345-a4c3-5f52156c76d6 with capacity 289910292480B, used 28991029248B, and remaining 260919263232B is 0.1
2023-07-26 19:34:21,757 [main] DEBUG balancer.ContainerBalancerTask (ContainerBalancerTask.java:initializeIteration(398)) - Utilization for node 3f2b1c71-720f-43bf-8607-431e82aec4ee with capacity 20401094656B, used 0B, and remaining 20401094656B is 0.0
2023-07-26 19:34:21,757 [main] INFO  balancer.ContainerBalancerTask (ContainerBalancerTask.java:initializeIteration(447)) - Container Balancer has identified 5 Over-Utilized and 3 Under-Utilized Datanodes that need to be balanced.
2023-07-26 19:34:21,757 [main] DEBUG balancer.ContainerBalancerTask (ContainerBalancerTask.java:lambda$initializeIteration$1(453)) - Datanode localhost-14.213.126.80 91747166-6f57-4e5f-9f6c-1a0218bc31d6 is Over-Utilized.
2023-07-26 19:34:21,757 [main] DEBUG balancer.ContainerBalancerTask (ContainerBalancerTask.java:lambda$initializeIteration$1(453)) - Datanode localhost-246.198.217.141 97716876-6f38-436b-a314-a8633d4833f9 is Over-Utilized.
2023-07-26 19:34:21,759 [main] DEBUG balancer.ContainerBalancerTask (ContainerBalancerTask.java:lambda$initializeIteration$1(453)) - Datanode localhost-151.139.77.87 c93a624d-eea7-4dd5-88b6-40e59cbf0797 is Over-Utilized.
2023-07-26 19:34:21,759 [main] DEBUG balancer.ContainerBalancerTask (ContainerBalancerTask.java:lambda$initializeIteration$1(453)) - Datanode localhost-69.127.221.194 3120cb65-55f7-47d1-a51b-9b928b4fd9b8 is Over-Utilized.
2023-07-26 19:34:21,759 [main] DEBUG balancer.ContainerBalancerTask (ContainerBalancerTask.java:lambda$initializeIteration$1(453)) - Datanode localhost-70.206.53.120 78661ae6-0181-4e14-99ef-8ba80aaa68b5 is Over-Utilized.
2023-07-26 19:34:21,759 [main] DEBUG balancer.ContainerBalancerTask (ContainerBalancerTask.java:lambda$initializeIteration$2(459)) - Datanode localhost-96.199.12.246 3f2b1c71-720f-43bf-8607-431e82aec4ee is Under-Utilized.
2023-07-26 19:34:21,759 [main] DEBUG balancer.ContainerBalancerTask (ContainerBalancerTask.java:lambda$initializeIteration$2(459)) - Datanode localhost-16.100.3.48 4a7cac55-b60d-4345-a4c3-5f52156c76d6 is Under-Utilized.
2023-07-26 19:34:21,759 [main] DEBUG balancer.ContainerBalancerTask (ContainerBalancerTask.java:lambda$initializeIteration$2(459)) - Datanode localhost-29.48.167.163 8e89e95f-fc8e-43ca-a265-008cc2850ca4 is Under-Utilized.
2023-07-26 19:34:21,769 [main] DEBUG balancer.ContainerBalancerTask (ContainerBalancerTask.java:matchSourceWithTarget(708)) - ContainerBalancer is finding suitable target for source datanode 91747166-6f57-4e5f-9f6c-1a0218bc31d6
2023-07-26 19:34:21,769 [main] INFO  balancer.ContainerBalancerTask (ContainerBalancerTask.java:matchSourceWithTarget(722)) - ContainerBalancer matched source datanode 91747166-6f57-4e5f-9f6c-1a0218bc31d6 with target datanode 3f2b1c71-720f-43bf-8607-431e82aec4ee for container move.
2023-07-26 19:34:21,770 [main] INFO  balancer.ContainerBalancerTask (ContainerBalancerTask.java:processMoveSelection(569)) - ContainerBalancer is trying to move container #85 with size 5368709120B from source datanode 91747166-6f57-4e5f-9f6c-1a0218bc31d6 to target datanode 3f2b1c71-720f-43bf-8607-431e82aec4ee
2023-07-26 19:34:21,770 [main] DEBUG balancer.ContainerBalancerTask (ContainerBalancerTask.java:lambda$moveContainer$3(837)) - Container move completed for container #85 from source 91747166-6f57-4e5f-9f6c-1a0218bc31d6 to target 3f2b1c71-720f-43bf-8607-431e82aec4ee
2023-07-26 19:34:21,777 [main] DEBUG balancer.ContainerBalancerTask (ContainerBalancerTask.java:matchSourceWithTarget(708)) - ContainerBalancer is finding suitable target for source datanode 91747166-6f57-4e5f-9f6c-1a0218bc31d6
2023-07-26 19:34:21,778 [main] INFO  balancer.ContainerBalancerTask (ContainerBalancerTask.java:matchSourceWithTarget(722)) - ContainerBalancer matched source datanode 91747166-6f57-4e5f-9f6c-1a0218bc31d6 with target datanode 4a7cac55-b60d-4345-a4c3-5f52156c76d6 for container move.
2023-07-26 19:34:21,778 [main] INFO  balancer.ContainerBalancerTask (ContainerBalancerTask.java:processMoveSelection(569)) - ContainerBalancer is trying to move container #68 with size 5368709120B from source datanode 91747166-6f57-4e5f-9f6c-1a0218bc31d6 to target datanode 4a7cac55-b60d-4345-a4c3-5f52156c76d6
2023-07-26 19:34:21,779 [main] DEBUG balancer.ContainerBalancerTask (ContainerBalancerTask.java:lambda$moveContainer$3(837)) - Container move completed for container #68 from source 91747166-6f57-4e5f-9f6c-1a0218bc31d6 to target 4a7cac55-b60d-4345-a4c3-5f52156c76d6
2023-07-26 19:34:21,782 [main] DEBUG balancer.ContainerBalancerTask (ContainerBalancerTask.java:matchSourceWithTarget(708)) - ContainerBalancer is finding suitable target for source datanode 97716876-6f38-436b-a314-a8633d4833f9
2023-07-26 19:34:21,783 [main] INFO  balancer.ContainerBalancerTask (ContainerBalancerTask.java:matchSourceWithTarget(722)) - ContainerBalancer matched source datanode 97716876-6f38-436b-a314-a8633d4833f9 with target datanode 4a7cac55-b60d-4345-a4c3-5f52156c76d6 for container move.
2023-07-26 19:34:21,784 [main] INFO  balancer.ContainerBalancerTask (ContainerBalancerTask.java:processMoveSelection(569)) - ContainerBalancer is trying to move container #67 with size 4294967296B from source datanode 97716876-6f38-436b-a314-a8633d4833f9 to target datanode 4a7cac55-b60d-4345-a4c3-5f52156c76d6
2023-07-26 19:34:21,784 [main] DEBUG balancer.ContainerBalancerTask (ContainerBalancerTask.java:lambda$moveContainer$3(837)) - Container move completed for container #67 from source 97716876-6f38-436b-a314-a8633d4833f9 to target 4a7cac55-b60d-4345-a4c3-5f52156c76d6
2023-07-26 19:34:21,790 [main] DEBUG balancer.ContainerBalancerTask (ContainerBalancerTask.java:matchSourceWithTarget(708)) - ContainerBalancer is finding suitable target for source datanode 91747166-6f57-4e5f-9f6c-1a0218bc31d6
2023-07-26 19:34:21,791 [main] INFO  balancer.ContainerBalancerTask (ContainerBalancerTask.java:matchSourceWithTarget(722)) - ContainerBalancer matched source datanode 91747166-6f57-4e5f-9f6c-1a0218bc31d6 with target datanode 4a7cac55-b60d-4345-a4c3-5f52156c76d6 for container move.
2023-07-26 19:34:21,791 [main] INFO  balancer.ContainerBalancerTask (ContainerBalancerTask.java:processMoveSelection(569)) - ContainerBalancer is trying to move container #89 with size 4294967296B from source datanode 91747166-6f57-4e5f-9f6c-1a0218bc31d6 to target datanode 4a7cac55-b60d-4345-a4c3-5f52156c76d6
2023-07-26 19:34:21,791 [main] DEBUG balancer.ContainerBalancerTask (ContainerBalancerTask.java:lambda$moveContainer$3(837)) - Container move completed for container #89 from source 91747166-6f57-4e5f-9f6c-1a0218bc31d6 to target 4a7cac55-b60d-4345-a4c3-5f52156c76d6
2023-07-26 19:34:21,796 [main] DEBUG balancer.ContainerBalancerTask (ContainerBalancerTask.java:matchSourceWithTarget(708)) - ContainerBalancer is finding suitable target for source datanode 97716876-6f38-436b-a314-a8633d4833f9
2023-07-26 19:34:21,797 [main] INFO  balancer.ContainerBalancerTask (ContainerBalancerTask.java:matchSourceWithTarget(722)) - ContainerBalancer matched source datanode 97716876-6f38-436b-a314-a8633d4833f9 with target datanode 4a7cac55-b60d-4345-a4c3-5f52156c76d6 for container move.
2023-07-26 19:34:21,797 [main] INFO  balancer.ContainerBalancerTask (ContainerBalancerTask.java:processMoveSelection(569)) - ContainerBalancer is trying to move container #39 with size 4294967296B from source datanode 97716876-6f38-436b-a314-a8633d4833f9 to target datanode 4a7cac55-b60d-4345-a4c3-5f52156c76d6
2023-07-26 19:34:21,797 [main] DEBUG balancer.ContainerBalancerTask (ContainerBalancerTask.java:lambda$moveContainer$3(837)) - Container move completed for container #39 from source 97716876-6f38-436b-a314-a8633d4833f9 to target 4a7cac55-b60d-4345-a4c3-5f52156c76d6
2023-07-26 19:34:21,803 [main] DEBUG balancer.ContainerBalancerTask (ContainerBalancerTask.java:matchSourceWithTarget(708)) - ContainerBalancer is finding suitable target for source datanode 91747166-6f57-4e5f-9f6c-1a0218bc31d6
2023-07-26 19:34:21,804 [main] INFO  balancer.ContainerBalancerTask (ContainerBalancerTask.java:matchSourceWithTarget(722)) - ContainerBalancer matched source datanode 91747166-6f57-4e5f-9f6c-1a0218bc31d6 with target datanode 4a7cac55-b60d-4345-a4c3-5f52156c76d6 for container move.
2023-07-26 19:34:21,804 [main] INFO  balancer.ContainerBalancerTask (ContainerBalancerTask.java:processMoveSelection(569)) - ContainerBalancer is trying to move container #84 with size 4294967296B from source datanode 91747166-6f57-4e5f-9f6c-1a0218bc31d6 to target datanode 4a7cac55-b60d-4345-a4c3-5f52156c76d6
2023-07-26 19:34:21,805 [main] DEBUG balancer.ContainerBalancerTask (ContainerBalancerTask.java:lambda$moveContainer$3(837)) - Container move completed for container #84 from source 91747166-6f57-4e5f-9f6c-1a0218bc31d6 to target 4a7cac55-b60d-4345-a4c3-5f52156c76d6
2023-07-26 19:34:21,810 [main] DEBUG balancer.ContainerBalancerTask (ContainerBalancerTask.java:matchSourceWithTarget(708)) - ContainerBalancer is finding suitable target for source datanode c93a624d-eea7-4dd5-88b6-40e59cbf0797
2023-07-26 19:34:21,810 [main] INFO  balancer.ContainerBalancerTask (ContainerBalancerTask.java:matchSourceWithTarget(722)) - ContainerBalancer matched source datanode c93a624d-eea7-4dd5-88b6-40e59cbf0797 with target datanode 4a7cac55-b60d-4345-a4c3-5f52156c76d6 for container move.
2023-07-26 19:34:21,810 [main] INFO  balancer.ContainerBalancerTask (ContainerBalancerTask.java:processMoveSelection(569)) - ContainerBalancer is trying to move container #53 with size 5368709120B from source datanode c93a624d-eea7-4dd5-88b6-40e59cbf0797 to target datanode 4a7cac55-b60d-4345-a4c3-5f52156c76d6
2023-07-26 19:34:21,811 [main] DEBUG balancer.ContainerBalancerTask (ContainerBalancerTask.java:lambda$moveContainer$3(837)) - Container move completed for container #53 from source c93a624d-eea7-4dd5-88b6-40e59cbf0797 to target 4a7cac55-b60d-4345-a4c3-5f52156c76d6
2023-07-26 19:34:21,820 [main] DEBUG balancer.ContainerBalancerTask (ContainerBalancerTask.java:matchSourceWithTarget(708)) - ContainerBalancer is finding suitable target for source datanode 91747166-6f57-4e5f-9f6c-1a0218bc31d6
2023-07-26 19:34:21,820 [main] INFO  balancer.ContainerBalancerTask (ContainerBalancerTask.java:matchSourceWithTarget(722)) - ContainerBalancer matched source datanode 91747166-6f57-4e5f-9f6c-1a0218bc31d6 with target datanode 4a7cac55-b60d-4345-a4c3-5f52156c76d6 for container move.
2023-07-26 19:34:21,820 [main] INFO  balancer.ContainerBalancerTask (ContainerBalancerTask.java:processMoveSelection(569)) - ContainerBalancer is trying to move container #28 with size 4294967296B from source datanode 91747166-6f57-4e5f-9f6c-1a0218bc31d6 to target datanode 4a7cac55-b60d-4345-a4c3-5f52156c76d6
2023-07-26 19:34:21,822 [main] DEBUG balancer.ContainerBalancerTask (ContainerBalancerTask.java:lambda$moveContainer$3(837)) - Container move completed for container #28 from source 91747166-6f57-4e5f-9f6c-1a0218bc31d6 to target 4a7cac55-b60d-4345-a4c3-5f52156c76d6
2023-07-26 19:34:21,825 [main] DEBUG balancer.ContainerBalancerTask (ContainerBalancerTask.java:matchSourceWithTarget(708)) - ContainerBalancer is finding suitable target for source datanode 97716876-6f38-436b-a314-a8633d4833f9
2023-07-26 19:34:21,826 [main] INFO  balancer.ContainerBalancerTask (ContainerBalancerTask.java:matchSourceWithTarget(722)) - ContainerBalancer matched source datanode 97716876-6f38-436b-a314-a8633d4833f9 with target datanode 8e89e95f-fc8e-43ca-a265-008cc2850ca4 for container move.
2023-07-26 19:34:21,826 [main] INFO  balancer.ContainerBalancerTask (ContainerBalancerTask.java:processMoveSelection(569)) - ContainerBalancer is trying to move container #29 with size 5368709120B from source datanode 97716876-6f38-436b-a314-a8633d4833f9 to target datanode 8e89e95f-fc8e-43ca-a265-008cc2850ca4
2023-07-26 19:34:21,827 [main] DEBUG balancer.ContainerBalancerTask (ContainerBalancerTask.java:lambda$moveContainer$3(837)) - Container move completed for container #29 from source 97716876-6f38-436b-a314-a8633d4833f9 to target 8e89e95f-fc8e-43ca-a265-008cc2850ca4
2023-07-26 19:34:21,833 [main] DEBUG balancer.ContainerBalancerTask (ContainerBalancerTask.java:matchSourceWithTarget(708)) - ContainerBalancer is finding suitable target for source datanode c93a624d-eea7-4dd5-88b6-40e59cbf0797
2023-07-26 19:34:21,834 [main] INFO  balancer.ContainerBalancerTask (ContainerBalancerTask.java:matchSourceWithTarget(722)) - ContainerBalancer matched source datanode c93a624d-eea7-4dd5-88b6-40e59cbf0797 with target datanode 4a7cac55-b60d-4345-a4c3-5f52156c76d6 for container move.
2023-07-26 19:34:21,834 [main] INFO  balancer.ContainerBalancerTask (ContainerBalancerTask.java:processMoveSelection(569)) - ContainerBalancer is trying to move container #52 with size 4294967296B from source datanode c93a624d-eea7-4dd5-88b6-40e59cbf0797 to target datanode 4a7cac55-b60d-4345-a4c3-5f52156c76d6
2023-07-26 19:34:21,834 [main] DEBUG balancer.ContainerBalancerTask (ContainerBalancerTask.java:lambda$moveContainer$3(837)) - Container move completed for container #52 from source c93a624d-eea7-4dd5-88b6-40e59cbf0797 to target 4a7cac55-b60d-4345-a4c3-5f52156c76d6
2023-07-26 19:34:21,850 [main] DEBUG balancer.ContainerBalancerTask (ContainerBalancerTask.java:matchSourceWithTarget(708)) - ContainerBalancer is finding suitable target for source datanode 91747166-6f57-4e5f-9f6c-1a0218bc31d6
2023-07-26 19:34:21,850 [main] INFO  balancer.ContainerBalancerTask (ContainerBalancerTask.java:matchSourceWithTarget(722)) - ContainerBalancer matched source datanode 91747166-6f57-4e5f-9f6c-1a0218bc31d6 with target datanode 4a7cac55-b60d-4345-a4c3-5f52156c76d6 for container move.
2023-07-26 19:34:21,851 [main] INFO  balancer.ContainerBalancerTask (ContainerBalancerTask.java:processMoveSelection(569)) - ContainerBalancer is trying to move container #19 with size 4294967296B from source datanode 91747166-6f57-4e5f-9f6c-1a0218bc31d6 to target datanode 4a7cac55-b60d-4345-a4c3-5f52156c76d6
2023-07-26 19:34:21,851 [main] DEBUG balancer.ContainerBalancerTask (ContainerBalancerTask.java:lambda$moveContainer$3(837)) - Container move completed for container #19 from source 91747166-6f57-4e5f-9f6c-1a0218bc31d6 to target 4a7cac55-b60d-4345-a4c3-5f52156c76d6
2023-07-26 19:34:21,855 [main] DEBUG balancer.ContainerBalancerTask (ContainerBalancerTask.java:matchSourceWithTarget(708)) - ContainerBalancer is finding suitable target for source datanode 3120cb65-55f7-47d1-a51b-9b928b4fd9b8
2023-07-26 19:34:21,855 [main] INFO  balancer.ContainerBalancerTask (ContainerBalancerTask.java:matchSourceWithTarget(722)) - ContainerBalancer matched source datanode 3120cb65-55f7-47d1-a51b-9b928b4fd9b8 with target datanode 4a7cac55-b60d-4345-a4c3-5f52156c76d6 for container move.
2023-07-26 19:34:21,856 [main] INFO  balancer.ContainerBalancerTask (ContainerBalancerTask.java:processMoveSelection(569)) - ContainerBalancer is trying to move container #37 with size 2147483648B from source datanode 3120cb65-55f7-47d1-a51b-9b928b4fd9b8 to target datanode 4a7cac55-b60d-4345-a4c3-5f52156c76d6
2023-07-26 19:34:21,856 [main] DEBUG balancer.ContainerBalancerTask (ContainerBalancerTask.java:lambda$moveContainer$3(837)) - Container move completed for container #37 from source 3120cb65-55f7-47d1-a51b-9b928b4fd9b8 to target 4a7cac55-b60d-4345-a4c3-5f52156c76d6
2023-07-26 19:34:21,856 [main] WARN  balancer.ContainerBalancerTask (ContainerBalancerTask.java:reachedMaxSizeToMovePerIteration(733)) - Reached max size to move limit. 53687091200 bytes have already been scheduled for balancing and the limit is 53687091200 bytes.
2023-07-26 19:34:21,856 [main] INFO  balancer.ContainerBalancerTask (ContainerBalancerTask.java:checkIterationMoveResults(642)) - Iteration Summary. Number of Datanodes involved: 7. Size moved: 50 GB (53687091200 Bytes). Number of Container moves completed: 12.
2023-07-26 19:34:21,856 [main] INFO  balancer.ContainerBalancerTask (ContainerBalancerTask.java:balance(259)) - Result of this iteration of Container Balancer: ITERATION_COMPLETED
2023-07-26 19:34:21,857 [main] INFO  balancer.ContainerBalancerTask (ContainerBalancerTask.java:tryStopWithSaveConfiguration(308)) - Save Configuration for stopping. Reason: Completed all iterations.
]]></system-out>
  </testcase>
  <testcase name="testContainerBalancerConfiguration" classname="org.apache.hadoop.hdds.scm.container.balancer.TestContainerBalancerTask" time="0.058">
    <system-out><![CDATA[2023-07-26 19:34:21,893 [main] INFO  net.NodeSchemaLoader (NodeSchemaLoader.java:loadSchemaFromFile(129)) - Loading schema from [file:/home/runner/work/ozone/ozone/hadoop-hdds/common/target/classes/network-topology-default.xml]
2023-07-26 19:34:21,893 [main] INFO  net.NodeSchemaLoader (NodeSchemaLoader.java:loadSchema(176)) - Loading network topology layer schema file
2023-07-26 19:34:21,895 [main] INFO  net.NetworkTopologyImpl (NetworkTopologyImpl.java:add(112)) - Added a new node: /default-rack/77300dfc-338c-4577-bd81-91a483d24350
2023-07-26 19:34:21,896 [main] INFO  net.NetworkTopologyImpl (NetworkTopologyImpl.java:add(112)) - Added a new node: /default-rack/166dd2fb-c725-4774-ab2e-38fe71bb079c
2023-07-26 19:34:21,896 [main] INFO  net.NetworkTopologyImpl (NetworkTopologyImpl.java:add(112)) - Added a new node: /default-rack/cddcc425-1945-4a6f-94db-07fafb66c2d4
2023-07-26 19:34:21,896 [main] INFO  net.NetworkTopologyImpl (NetworkTopologyImpl.java:add(112)) - Added a new node: /default-rack/047a91a0-3a79-473c-bb92-9f46d1ec2775
2023-07-26 19:34:21,896 [main] INFO  net.NetworkTopologyImpl (NetworkTopologyImpl.java:add(112)) - Added a new node: /default-rack/0db88473-8303-4365-8aa0-9643d3440a5f
2023-07-26 19:34:21,896 [main] INFO  net.NetworkTopologyImpl (NetworkTopologyImpl.java:add(112)) - Added a new node: /default-rack/7f80d84a-fb8f-407f-a160-6079d971e6a7
2023-07-26 19:34:21,897 [main] INFO  net.NetworkTopologyImpl (NetworkTopologyImpl.java:add(112)) - Added a new node: /default-rack/1212929e-c367-44d1-9090-4436d3305954
2023-07-26 19:34:21,897 [main] INFO  net.NetworkTopologyImpl (NetworkTopologyImpl.java:add(112)) - Added a new node: /default-rack/c82b1d77-2f61-4f13-8a72-e7073123e3c4
2023-07-26 19:34:21,897 [main] INFO  net.NetworkTopologyImpl (NetworkTopologyImpl.java:add(112)) - Added a new node: /default-rack/01963f82-e04c-4152-8573-67b8e25de211
2023-07-26 19:34:21,897 [main] INFO  net.NetworkTopologyImpl (NetworkTopologyImpl.java:add(112)) - Added a new node: /default-rack/8553d2e0-aa09-4f3b-9b18-92cbb2509e2c
2023-07-26 19:34:21,897 [main] INFO  algorithms.ContainerPlacementPolicyFactory (ContainerPlacementPolicyFactory.java:getPolicyInternal(86)) - Create container placement policy of type org.apache.hadoop.hdds.scm.container.placement.algorithms.SCMContainerPlacementRackAware
2023-07-26 19:34:21,897 [main] INFO  algorithms.ContainerPlacementPolicyFactory (ContainerPlacementPolicyFactory.java:getPolicyInternal(86)) - Create container placement policy of type org.apache.hadoop.hdds.scm.container.placement.algorithms.SCMContainerPlacementRackScatter
]]></system-out>
  </testcase>
  <testcase name="checkIterationResultTimeoutFromReplicationManager" classname="org.apache.hadoop.hdds.scm.container.balancer.TestContainerBalancerTask" time="0.105">
    <system-out><![CDATA[2023-07-26 19:34:21,950 [main] INFO  net.NodeSchemaLoader (NodeSchemaLoader.java:loadSchemaFromFile(129)) - Loading schema from [file:/home/runner/work/ozone/ozone/hadoop-hdds/common/target/classes/network-topology-default.xml]
2023-07-26 19:34:21,950 [main] INFO  net.NodeSchemaLoader (NodeSchemaLoader.java:loadSchema(176)) - Loading network topology layer schema file
2023-07-26 19:34:21,952 [main] INFO  net.NetworkTopologyImpl (NetworkTopologyImpl.java:add(112)) - Added a new node: /default-rack/9e26ed67-499a-41ee-941e-1aeb7662bdf3
2023-07-26 19:34:21,952 [main] INFO  net.NetworkTopologyImpl (NetworkTopologyImpl.java:add(112)) - Added a new node: /default-rack/a59d5f53-a038-441e-99be-f6a514756e20
2023-07-26 19:34:21,952 [main] INFO  net.NetworkTopologyImpl (NetworkTopologyImpl.java:add(112)) - Added a new node: /default-rack/a88ff1a6-23a6-4233-87fd-e129e4ff0b1e
2023-07-26 19:34:21,953 [main] INFO  net.NetworkTopologyImpl (NetworkTopologyImpl.java:add(112)) - Added a new node: /default-rack/86211afd-7cc9-4f4f-a965-2e6f93bcc2b5
2023-07-26 19:34:21,953 [main] INFO  net.NetworkTopologyImpl (NetworkTopologyImpl.java:add(112)) - Added a new node: /default-rack/cd33edb7-7809-40b1-a336-c42c46899ac5
2023-07-26 19:34:21,953 [main] INFO  net.NetworkTopologyImpl (NetworkTopologyImpl.java:add(112)) - Added a new node: /default-rack/3687b16f-041a-4027-825b-7929d8ab0ce7
2023-07-26 19:34:21,953 [main] INFO  net.NetworkTopologyImpl (NetworkTopologyImpl.java:add(112)) - Added a new node: /default-rack/d0cc7bfc-a093-47f3-bb9a-68312ba443f4
2023-07-26 19:34:21,953 [main] INFO  net.NetworkTopologyImpl (NetworkTopologyImpl.java:add(112)) - Added a new node: /default-rack/d66a28b7-7928-47c0-aa31-68c942dac3fb
2023-07-26 19:34:21,953 [main] INFO  net.NetworkTopologyImpl (NetworkTopologyImpl.java:add(112)) - Added a new node: /default-rack/1336f199-1b99-4308-a657-e95193e7cd93
2023-07-26 19:34:21,954 [main] INFO  net.NetworkTopologyImpl (NetworkTopologyImpl.java:add(112)) - Added a new node: /default-rack/3de92fd6-2886-461b-b65f-53f2ab2f0caf
2023-07-26 19:34:21,954 [main] INFO  algorithms.ContainerPlacementPolicyFactory (ContainerPlacementPolicyFactory.java:getPolicyInternal(86)) - Create container placement policy of type org.apache.hadoop.hdds.scm.container.placement.algorithms.SCMContainerPlacementRackAware
2023-07-26 19:34:21,954 [main] INFO  algorithms.ContainerPlacementPolicyFactory (ContainerPlacementPolicyFactory.java:getPolicyInternal(86)) - Create container placement policy of type org.apache.hadoop.hdds.scm.container.placement.algorithms.SCMContainerPlacementRackScatter
2023-07-26 19:34:21,960 [main] DEBUG balancer.ContainerBalancerTask (ContainerBalancerTask.java:initializeIteration(374)) - Average utilization of the cluster is 0.35849524068368543
2023-07-26 19:34:21,960 [main] DEBUG balancer.ContainerBalancerTask (ContainerBalancerTask.java:initializeIteration(386)) - Lower limit for utilization is 0.25849524068368546 and Upper limit for utilization is 0.4584952406836854
2023-07-26 19:34:21,961 [main] DEBUG balancer.ContainerBalancerTask (ContainerBalancerTask.java:initializeIteration(398)) - Utilization for node 86211afd-7cc9-4f4f-a965-2e6f93bcc2b5 with capacity 51300998257B, used 46170898432B, and remaining 5130099825B is 0.900000000013645
2023-07-26 19:34:21,961 [main] DEBUG balancer.ContainerBalancerTask (ContainerBalancerTask.java:initializeIteration(398)) - Utilization for node d0cc7bfc-a093-47f3-bb9a-68312ba443f4 with capacity 45634027520B, used 36507222016B, and remaining 9126805504B is 0.8
2023-07-26 19:34:21,961 [main] DEBUG balancer.ContainerBalancerTask (ContainerBalancerTask.java:initializeIteration(398)) - Utilization for node a88ff1a6-23a6-4233-87fd-e129e4ff0b1e with capacity 65958426331B, used 46170898432B, and remaining 19787527899B is 0.7000000000045483
2023-07-26 19:34:21,961 [main] DEBUG balancer.ContainerBalancerTask (ContainerBalancerTask.java:initializeIteration(398)) - Utilization for node cd33edb7-7809-40b1-a336-c42c46899ac5 with capacity 123480309760B, used 74088185856B, and remaining 49392123904B is 0.6
2023-07-26 19:34:21,961 [main] DEBUG balancer.ContainerBalancerTask (ContainerBalancerTask.java:initializeIteration(398)) - Utilization for node 1336f199-1b99-4308-a657-e95193e7cd93 with capacity 98784247808B, used 49392123904B, and remaining 49392123904B is 0.5
2023-07-26 19:34:21,961 [main] DEBUG balancer.ContainerBalancerTask (ContainerBalancerTask.java:initializeIteration(398)) - Utilization for node 3687b16f-041a-4027-825b-7929d8ab0ce7 with capacity 91268055040B, used 36507222016B, and remaining 54760833024B is 0.4
2023-07-26 19:34:21,961 [main] DEBUG balancer.ContainerBalancerTask (ContainerBalancerTask.java:initializeIteration(398)) - Utilization for node 3de92fd6-2886-461b-b65f-53f2ab2f0caf with capacity 100215903573B, used 30064771072B, and remaining 70151132501B is 0.30000000000099786
2023-07-26 19:34:21,962 [main] DEBUG balancer.ContainerBalancerTask (ContainerBalancerTask.java:initializeIteration(398)) - Utilization for node 9e26ed67-499a-41ee-941e-1aeb7662bdf3 with capacity 177167400960B, used 35433480192B, and remaining 141733920768B is 0.2
2023-07-26 19:34:21,962 [main] DEBUG balancer.ContainerBalancerTask (ContainerBalancerTask.java:initializeIteration(398)) - Utilization for node a59d5f53-a038-441e-99be-f6a514756e20 with capacity 279172874240B, used 27917287424B, and remaining 251255586816B is 0.1
2023-07-26 19:34:21,962 [main] DEBUG balancer.ContainerBalancerTask (ContainerBalancerTask.java:initializeIteration(398)) - Utilization for node d66a28b7-7928-47c0-aa31-68c942dac3fb with capacity 33285996544B, used 0B, and remaining 33285996544B is 0.0
2023-07-26 19:34:21,962 [main] INFO  balancer.ContainerBalancerTask (ContainerBalancerTask.java:initializeIteration(447)) - Container Balancer has identified 5 Over-Utilized and 3 Under-Utilized Datanodes that need to be balanced.
2023-07-26 19:34:21,962 [main] DEBUG balancer.ContainerBalancerTask (ContainerBalancerTask.java:lambda$initializeIteration$1(453)) - Datanode localhost-172.97.164.177 86211afd-7cc9-4f4f-a965-2e6f93bcc2b5 is Over-Utilized.
2023-07-26 19:34:21,962 [main] DEBUG balancer.ContainerBalancerTask (ContainerBalancerTask.java:lambda$initializeIteration$1(453)) - Datanode localhost-137.213.110.203 d0cc7bfc-a093-47f3-bb9a-68312ba443f4 is Over-Utilized.
2023-07-26 19:34:21,962 [main] DEBUG balancer.ContainerBalancerTask (ContainerBalancerTask.java:lambda$initializeIteration$1(453)) - Datanode localhost-124.114.204.186 a88ff1a6-23a6-4233-87fd-e129e4ff0b1e is Over-Utilized.
2023-07-26 19:34:21,962 [main] DEBUG balancer.ContainerBalancerTask (ContainerBalancerTask.java:lambda$initializeIteration$1(453)) - Datanode localhost-21.234.117.246 cd33edb7-7809-40b1-a336-c42c46899ac5 is Over-Utilized.
2023-07-26 19:34:21,963 [main] DEBUG balancer.ContainerBalancerTask (ContainerBalancerTask.java:lambda$initializeIteration$1(453)) - Datanode localhost-155.39.3.91 1336f199-1b99-4308-a657-e95193e7cd93 is Over-Utilized.
2023-07-26 19:34:21,963 [main] DEBUG balancer.ContainerBalancerTask (ContainerBalancerTask.java:lambda$initializeIteration$2(459)) - Datanode localhost-236.37.220.5 d66a28b7-7928-47c0-aa31-68c942dac3fb is Under-Utilized.
2023-07-26 19:34:21,963 [main] DEBUG balancer.ContainerBalancerTask (ContainerBalancerTask.java:lambda$initializeIteration$2(459)) - Datanode localhost-22.56.184.107 a59d5f53-a038-441e-99be-f6a514756e20 is Under-Utilized.
2023-07-26 19:34:21,963 [main] DEBUG balancer.ContainerBalancerTask (ContainerBalancerTask.java:lambda$initializeIteration$2(459)) - Datanode localhost-74.8.85.104 9e26ed67-499a-41ee-941e-1aeb7662bdf3 is Under-Utilized.
2023-07-26 19:34:21,967 [main] DEBUG balancer.ContainerBalancerTask (ContainerBalancerTask.java:matchSourceWithTarget(708)) - ContainerBalancer is finding suitable target for source datanode 86211afd-7cc9-4f4f-a965-2e6f93bcc2b5
2023-07-26 19:34:21,967 [main] INFO  balancer.ContainerBalancerTask (ContainerBalancerTask.java:matchSourceWithTarget(722)) - ContainerBalancer matched source datanode 86211afd-7cc9-4f4f-a965-2e6f93bcc2b5 with target datanode d66a28b7-7928-47c0-aa31-68c942dac3fb for container move.
2023-07-26 19:34:21,968 [main] INFO  balancer.ContainerBalancerTask (ContainerBalancerTask.java:processMoveSelection(569)) - ContainerBalancer is trying to move container #84 with size 4294967296B from source datanode 86211afd-7cc9-4f4f-a965-2e6f93bcc2b5 to target datanode d66a28b7-7928-47c0-aa31-68c942dac3fb
2023-07-26 19:34:21,970 [main] WARN  balancer.ContainerBalancerTask (ContainerBalancerTask.java:lambda$moveContainer$3(842)) - Container move for container #84 from source 86211afd-7cc9-4f4f-a965-2e6f93bcc2b5 to target d66a28b7-7928-47c0-aa31-68c942dac3fb failed: REPLICATION_FAIL_TIME_OUT
2023-07-26 19:34:21,973 [main] DEBUG balancer.ContainerBalancerTask (ContainerBalancerTask.java:matchSourceWithTarget(708)) - ContainerBalancer is finding suitable target for source datanode d0cc7bfc-a093-47f3-bb9a-68312ba443f4
2023-07-26 19:34:21,977 [main] INFO  balancer.ContainerBalancerTask (ContainerBalancerTask.java:matchSourceWithTarget(722)) - ContainerBalancer matched source datanode d0cc7bfc-a093-47f3-bb9a-68312ba443f4 with target datanode d66a28b7-7928-47c0-aa31-68c942dac3fb for container move.
2023-07-26 19:34:21,977 [main] INFO  balancer.ContainerBalancerTask (ContainerBalancerTask.java:processMoveSelection(569)) - ContainerBalancer is trying to move container #68 with size 5368709120B from source datanode d0cc7bfc-a093-47f3-bb9a-68312ba443f4 to target datanode d66a28b7-7928-47c0-aa31-68c942dac3fb
2023-07-26 19:34:21,977 [main] WARN  balancer.ContainerBalancerTask (ContainerBalancerTask.java:lambda$moveContainer$3(842)) - Container move for container #68 from source d0cc7bfc-a093-47f3-bb9a-68312ba443f4 to target d66a28b7-7928-47c0-aa31-68c942dac3fb failed: DELETION_FAIL_TIME_OUT
2023-07-26 19:34:21,980 [main] DEBUG balancer.ContainerBalancerTask (ContainerBalancerTask.java:matchSourceWithTarget(708)) - ContainerBalancer is finding suitable target for source datanode a88ff1a6-23a6-4233-87fd-e129e4ff0b1e
2023-07-26 19:34:21,981 [main] INFO  balancer.ContainerBalancerTask (ContainerBalancerTask.java:matchSourceWithTarget(722)) - ContainerBalancer matched source datanode a88ff1a6-23a6-4233-87fd-e129e4ff0b1e with target datanode d66a28b7-7928-47c0-aa31-68c942dac3fb for container move.
2023-07-26 19:34:21,981 [main] INFO  balancer.ContainerBalancerTask (ContainerBalancerTask.java:processMoveSelection(569)) - ContainerBalancer is trying to move container #52 with size 4294967296B from source datanode a88ff1a6-23a6-4233-87fd-e129e4ff0b1e to target datanode d66a28b7-7928-47c0-aa31-68c942dac3fb
2023-07-26 19:34:21,981 [main] WARN  balancer.ContainerBalancerTask (ContainerBalancerTask.java:lambda$moveContainer$3(842)) - Container move for container #52 from source a88ff1a6-23a6-4233-87fd-e129e4ff0b1e to target d66a28b7-7928-47c0-aa31-68c942dac3fb failed: DELETION_FAIL_TIME_OUT
2023-07-26 19:34:21,987 [main] DEBUG balancer.ContainerBalancerTask (ContainerBalancerTask.java:matchSourceWithTarget(708)) - ContainerBalancer is finding suitable target for source datanode cd33edb7-7809-40b1-a336-c42c46899ac5
2023-07-26 19:34:21,987 [main] INFO  balancer.ContainerBalancerTask (ContainerBalancerTask.java:matchSourceWithTarget(722)) - ContainerBalancer matched source datanode cd33edb7-7809-40b1-a336-c42c46899ac5 with target datanode d66a28b7-7928-47c0-aa31-68c942dac3fb for container move.
2023-07-26 19:34:21,989 [main] INFO  balancer.ContainerBalancerTask (ContainerBalancerTask.java:processMoveSelection(569)) - ContainerBalancer is trying to move container #40 with size 5368709120B from source datanode cd33edb7-7809-40b1-a336-c42c46899ac5 to target datanode d66a28b7-7928-47c0-aa31-68c942dac3fb
2023-07-26 19:34:21,989 [main] WARN  balancer.ContainerBalancerTask (ContainerBalancerTask.java:lambda$moveContainer$3(842)) - Container move for container #40 from source cd33edb7-7809-40b1-a336-c42c46899ac5 to target d66a28b7-7928-47c0-aa31-68c942dac3fb failed: DELETION_FAIL_TIME_OUT
2023-07-26 19:34:21,991 [main] DEBUG balancer.ContainerBalancerTask (ContainerBalancerTask.java:matchSourceWithTarget(708)) - ContainerBalancer is finding suitable target for source datanode 1336f199-1b99-4308-a657-e95193e7cd93
2023-07-26 19:34:21,992 [main] INFO  balancer.ContainerBalancerTask (ContainerBalancerTask.java:matchSourceWithTarget(722)) - ContainerBalancer matched source datanode 1336f199-1b99-4308-a657-e95193e7cd93 with target datanode d66a28b7-7928-47c0-aa31-68c942dac3fb for container move.
2023-07-26 19:34:21,992 [main] INFO  balancer.ContainerBalancerTask (ContainerBalancerTask.java:processMoveSelection(569)) - ContainerBalancer is trying to move container #52 with size 4294967296B from source datanode 1336f199-1b99-4308-a657-e95193e7cd93 to target datanode d66a28b7-7928-47c0-aa31-68c942dac3fb
2023-07-26 19:34:21,992 [main] WARN  balancer.ContainerBalancerTask (ContainerBalancerTask.java:lambda$moveContainer$3(842)) - Container move for container #52 from source 1336f199-1b99-4308-a657-e95193e7cd93 to target d66a28b7-7928-47c0-aa31-68c942dac3fb failed: DELETION_FAIL_TIME_OUT
2023-07-26 19:34:21,993 [main] INFO  balancer.FindSourceGreedy (FindSourceGreedy.java:getNextCandidateSourceDataNode(126)) - no more candidate source data node
2023-07-26 19:34:21,993 [main] INFO  balancer.ContainerBalancerTask (ContainerBalancerTask.java:checkIterationMoveResults(642)) - Iteration Summary. Number of Datanodes involved: 0. Size moved: 0 B (0 Bytes). Number of Container moves completed: 0.
2023-07-26 19:34:21,993 [main] INFO  balancer.ContainerBalancerTask (ContainerBalancerTask.java:balance(259)) - Result of this iteration of Container Balancer: ITERATION_COMPLETED
2023-07-26 19:34:21,994 [main] INFO  balancer.ContainerBalancerTask (ContainerBalancerTask.java:tryStopWithSaveConfiguration(308)) - Save Configuration for stopping. Reason: Completed all iterations.
2023-07-26 19:34:21,997 [main] DEBUG balancer.ContainerBalancerTask (ContainerBalancerTask.java:initializeIteration(374)) - Average utilization of the cluster is 0.35849524068368543
2023-07-26 19:34:21,997 [main] DEBUG balancer.ContainerBalancerTask (ContainerBalancerTask.java:initializeIteration(386)) - Lower limit for utilization is 0.25849524068368546 and Upper limit for utilization is 0.4584952406836854
2023-07-26 19:34:21,997 [main] DEBUG balancer.ContainerBalancerTask (ContainerBalancerTask.java:initializeIteration(398)) - Utilization for node 86211afd-7cc9-4f4f-a965-2e6f93bcc2b5 with capacity 51300998257B, used 46170898432B, and remaining 5130099825B is 0.900000000013645
2023-07-26 19:34:21,997 [main] DEBUG balancer.ContainerBalancerTask (ContainerBalancerTask.java:initializeIteration(398)) - Utilization for node d0cc7bfc-a093-47f3-bb9a-68312ba443f4 with capacity 45634027520B, used 36507222016B, and remaining 9126805504B is 0.8
2023-07-26 19:34:21,998 [main] DEBUG balancer.ContainerBalancerTask (ContainerBalancerTask.java:initializeIteration(398)) - Utilization for node a88ff1a6-23a6-4233-87fd-e129e4ff0b1e with capacity 65958426331B, used 46170898432B, and remaining 19787527899B is 0.7000000000045483
2023-07-26 19:34:21,998 [main] DEBUG balancer.ContainerBalancerTask (ContainerBalancerTask.java:initializeIteration(398)) - Utilization for node cd33edb7-7809-40b1-a336-c42c46899ac5 with capacity 123480309760B, used 74088185856B, and remaining 49392123904B is 0.6
2023-07-26 19:34:21,998 [main] DEBUG balancer.ContainerBalancerTask (ContainerBalancerTask.java:initializeIteration(398)) - Utilization for node 1336f199-1b99-4308-a657-e95193e7cd93 with capacity 98784247808B, used 49392123904B, and remaining 49392123904B is 0.5
2023-07-26 19:34:21,998 [main] DEBUG balancer.ContainerBalancerTask (ContainerBalancerTask.java:initializeIteration(398)) - Utilization for node 3687b16f-041a-4027-825b-7929d8ab0ce7 with capacity 91268055040B, used 36507222016B, and remaining 54760833024B is 0.4
2023-07-26 19:34:21,999 [main] DEBUG balancer.ContainerBalancerTask (ContainerBalancerTask.java:initializeIteration(398)) - Utilization for node 3de92fd6-2886-461b-b65f-53f2ab2f0caf with capacity 100215903573B, used 30064771072B, and remaining 70151132501B is 0.30000000000099786
2023-07-26 19:34:21,999 [main] DEBUG balancer.ContainerBalancerTask (ContainerBalancerTask.java:initializeIteration(398)) - Utilization for node 9e26ed67-499a-41ee-941e-1aeb7662bdf3 with capacity 177167400960B, used 35433480192B, and remaining 141733920768B is 0.2
2023-07-26 19:34:21,999 [main] DEBUG balancer.ContainerBalancerTask (ContainerBalancerTask.java:initializeIteration(398)) - Utilization for node a59d5f53-a038-441e-99be-f6a514756e20 with capacity 279172874240B, used 27917287424B, and remaining 251255586816B is 0.1
2023-07-26 19:34:21,999 [main] DEBUG balancer.ContainerBalancerTask (ContainerBalancerTask.java:initializeIteration(398)) - Utilization for node d66a28b7-7928-47c0-aa31-68c942dac3fb with capacity 33285996544B, used 0B, and remaining 33285996544B is 0.0
2023-07-26 19:34:21,999 [main] INFO  balancer.ContainerBalancerTask (ContainerBalancerTask.java:initializeIteration(447)) - Container Balancer has identified 5 Over-Utilized and 3 Under-Utilized Datanodes that need to be balanced.
2023-07-26 19:34:21,999 [main] DEBUG balancer.ContainerBalancerTask (ContainerBalancerTask.java:lambda$initializeIteration$1(453)) - Datanode localhost-172.97.164.177 86211afd-7cc9-4f4f-a965-2e6f93bcc2b5 is Over-Utilized.
2023-07-26 19:34:21,999 [main] DEBUG balancer.ContainerBalancerTask (ContainerBalancerTask.java:lambda$initializeIteration$1(453)) - Datanode localhost-137.213.110.203 d0cc7bfc-a093-47f3-bb9a-68312ba443f4 is Over-Utilized.
2023-07-26 19:34:22,000 [main] DEBUG balancer.ContainerBalancerTask (ContainerBalancerTask.java:lambda$initializeIteration$1(453)) - Datanode localhost-124.114.204.186 a88ff1a6-23a6-4233-87fd-e129e4ff0b1e is Over-Utilized.
2023-07-26 19:34:22,000 [main] DEBUG balancer.ContainerBalancerTask (ContainerBalancerTask.java:lambda$initializeIteration$1(453)) - Datanode localhost-21.234.117.246 cd33edb7-7809-40b1-a336-c42c46899ac5 is Over-Utilized.
2023-07-26 19:34:22,000 [main] DEBUG balancer.ContainerBalancerTask (ContainerBalancerTask.java:lambda$initializeIteration$1(453)) - Datanode localhost-155.39.3.91 1336f199-1b99-4308-a657-e95193e7cd93 is Over-Utilized.
2023-07-26 19:34:22,000 [main] DEBUG balancer.ContainerBalancerTask (ContainerBalancerTask.java:lambda$initializeIteration$2(459)) - Datanode localhost-236.37.220.5 d66a28b7-7928-47c0-aa31-68c942dac3fb is Under-Utilized.
2023-07-26 19:34:22,000 [main] DEBUG balancer.ContainerBalancerTask (ContainerBalancerTask.java:lambda$initializeIteration$2(459)) - Datanode localhost-22.56.184.107 a59d5f53-a038-441e-99be-f6a514756e20 is Under-Utilized.
2023-07-26 19:34:22,000 [main] DEBUG balancer.ContainerBalancerTask (ContainerBalancerTask.java:lambda$initializeIteration$2(459)) - Datanode localhost-74.8.85.104 9e26ed67-499a-41ee-941e-1aeb7662bdf3 is Under-Utilized.
2023-07-26 19:34:22,003 [main] DEBUG balancer.ContainerBalancerTask (ContainerBalancerTask.java:matchSourceWithTarget(708)) - ContainerBalancer is finding suitable target for source datanode 86211afd-7cc9-4f4f-a965-2e6f93bcc2b5
2023-07-26 19:34:22,003 [main] INFO  balancer.ContainerBalancerTask (ContainerBalancerTask.java:matchSourceWithTarget(722)) - ContainerBalancer matched source datanode 86211afd-7cc9-4f4f-a965-2e6f93bcc2b5 with target datanode d66a28b7-7928-47c0-aa31-68c942dac3fb for container move.
2023-07-26 19:34:22,003 [main] INFO  balancer.ContainerBalancerTask (ContainerBalancerTask.java:processMoveSelection(569)) - ContainerBalancer is trying to move container #85 with size 5368709120B from source datanode 86211afd-7cc9-4f4f-a965-2e6f93bcc2b5 to target datanode d66a28b7-7928-47c0-aa31-68c942dac3fb
2023-07-26 19:34:22,004 [main] WARN  balancer.ContainerBalancerTask (ContainerBalancerTask.java:lambda$moveContainer$3(842)) - Container move for container #85 from source 86211afd-7cc9-4f4f-a965-2e6f93bcc2b5 to target d66a28b7-7928-47c0-aa31-68c942dac3fb failed: REPLICATION_FAIL_TIME_OUT
2023-07-26 19:34:22,007 [main] DEBUG balancer.ContainerBalancerTask (ContainerBalancerTask.java:matchSourceWithTarget(708)) - ContainerBalancer is finding suitable target for source datanode d0cc7bfc-a093-47f3-bb9a-68312ba443f4
2023-07-26 19:34:22,007 [main] INFO  balancer.ContainerBalancerTask (ContainerBalancerTask.java:matchSourceWithTarget(722)) - ContainerBalancer matched source datanode d0cc7bfc-a093-47f3-bb9a-68312ba443f4 with target datanode d66a28b7-7928-47c0-aa31-68c942dac3fb for container move.
2023-07-26 19:34:22,007 [main] INFO  balancer.ContainerBalancerTask (ContainerBalancerTask.java:processMoveSelection(569)) - ContainerBalancer is trying to move container #68 with size 5368709120B from source datanode d0cc7bfc-a093-47f3-bb9a-68312ba443f4 to target datanode d66a28b7-7928-47c0-aa31-68c942dac3fb
2023-07-26 19:34:22,008 [main] WARN  balancer.ContainerBalancerTask (ContainerBalancerTask.java:lambda$moveContainer$3(842)) - Container move for container #68 from source d0cc7bfc-a093-47f3-bb9a-68312ba443f4 to target d66a28b7-7928-47c0-aa31-68c942dac3fb failed: DELETION_FAIL_TIME_OUT
2023-07-26 19:34:22,011 [main] DEBUG balancer.ContainerBalancerTask (ContainerBalancerTask.java:matchSourceWithTarget(708)) - ContainerBalancer is finding suitable target for source datanode a88ff1a6-23a6-4233-87fd-e129e4ff0b1e
2023-07-26 19:34:22,011 [main] INFO  balancer.ContainerBalancerTask (ContainerBalancerTask.java:matchSourceWithTarget(722)) - ContainerBalancer matched source datanode a88ff1a6-23a6-4233-87fd-e129e4ff0b1e with target datanode d66a28b7-7928-47c0-aa31-68c942dac3fb for container move.
2023-07-26 19:34:22,011 [main] INFO  balancer.ContainerBalancerTask (ContainerBalancerTask.java:processMoveSelection(569)) - ContainerBalancer is trying to move container #53 with size 5368709120B from source datanode a88ff1a6-23a6-4233-87fd-e129e4ff0b1e to target datanode d66a28b7-7928-47c0-aa31-68c942dac3fb
2023-07-26 19:34:22,012 [main] WARN  balancer.ContainerBalancerTask (ContainerBalancerTask.java:lambda$moveContainer$3(842)) - Container move for container #53 from source a88ff1a6-23a6-4233-87fd-e129e4ff0b1e to target d66a28b7-7928-47c0-aa31-68c942dac3fb failed: DELETION_FAIL_TIME_OUT
2023-07-26 19:34:22,018 [main] DEBUG balancer.ContainerBalancerTask (ContainerBalancerTask.java:matchSourceWithTarget(708)) - ContainerBalancer is finding suitable target for source datanode cd33edb7-7809-40b1-a336-c42c46899ac5
2023-07-26 19:34:22,018 [main] INFO  balancer.ContainerBalancerTask (ContainerBalancerTask.java:matchSourceWithTarget(722)) - ContainerBalancer matched source datanode cd33edb7-7809-40b1-a336-c42c46899ac5 with target datanode d66a28b7-7928-47c0-aa31-68c942dac3fb for container move.
2023-07-26 19:34:22,018 [main] INFO  balancer.ContainerBalancerTask (ContainerBalancerTask.java:processMoveSelection(569)) - ContainerBalancer is trying to move container #85 with size 5368709120B from source datanode cd33edb7-7809-40b1-a336-c42c46899ac5 to target datanode d66a28b7-7928-47c0-aa31-68c942dac3fb
2023-07-26 19:34:22,019 [main] WARN  balancer.ContainerBalancerTask (ContainerBalancerTask.java:lambda$moveContainer$3(842)) - Container move for container #85 from source cd33edb7-7809-40b1-a336-c42c46899ac5 to target d66a28b7-7928-47c0-aa31-68c942dac3fb failed: DELETION_FAIL_TIME_OUT
2023-07-26 19:34:22,021 [main] DEBUG balancer.ContainerBalancerTask (ContainerBalancerTask.java:matchSourceWithTarget(708)) - ContainerBalancer is finding suitable target for source datanode 1336f199-1b99-4308-a657-e95193e7cd93
2023-07-26 19:34:22,021 [main] INFO  balancer.ContainerBalancerTask (ContainerBalancerTask.java:matchSourceWithTarget(722)) - ContainerBalancer matched source datanode 1336f199-1b99-4308-a657-e95193e7cd93 with target datanode d66a28b7-7928-47c0-aa31-68c942dac3fb for container move.
2023-07-26 19:34:22,022 [main] INFO  balancer.ContainerBalancerTask (ContainerBalancerTask.java:processMoveSelection(569)) - ContainerBalancer is trying to move container #85 with size 5368709120B from source datanode 1336f199-1b99-4308-a657-e95193e7cd93 to target datanode d66a28b7-7928-47c0-aa31-68c942dac3fb
2023-07-26 19:34:22,022 [main] WARN  balancer.ContainerBalancerTask (ContainerBalancerTask.java:lambda$moveContainer$3(842)) - Container move for container #85 from source 1336f199-1b99-4308-a657-e95193e7cd93 to target d66a28b7-7928-47c0-aa31-68c942dac3fb failed: DELETION_FAIL_TIME_OUT
2023-07-26 19:34:22,023 [main] INFO  balancer.FindSourceGreedy (FindSourceGreedy.java:getNextCandidateSourceDataNode(126)) - no more candidate source data node
2023-07-26 19:34:22,023 [main] INFO  balancer.ContainerBalancerTask (ContainerBalancerTask.java:checkIterationMoveResults(642)) - Iteration Summary. Number of Datanodes involved: 0. Size moved: 0 B (0 Bytes). Number of Container moves completed: 0.
2023-07-26 19:34:22,023 [main] INFO  balancer.ContainerBalancerTask (ContainerBalancerTask.java:balance(259)) - Result of this iteration of Container Balancer: ITERATION_COMPLETED
2023-07-26 19:34:22,024 [main] INFO  balancer.ContainerBalancerTask (ContainerBalancerTask.java:tryStopWithSaveConfiguration(308)) - Save Configuration for stopping. Reason: Completed all iterations.
]]></system-out>
  </testcase>
  <testcase name="checkIterationResultTimeout" classname="org.apache.hadoop.hdds.scm.container.balancer.TestContainerBalancerTask" time="1.197">
    <system-out><![CDATA[2023-07-26 19:34:22,064 [main] INFO  net.NodeSchemaLoader (NodeSchemaLoader.java:loadSchemaFromFile(129)) - Loading schema from [file:/home/runner/work/ozone/ozone/hadoop-hdds/common/target/classes/network-topology-default.xml]
2023-07-26 19:34:22,064 [main] INFO  net.NodeSchemaLoader (NodeSchemaLoader.java:loadSchema(176)) - Loading network topology layer schema file
2023-07-26 19:34:22,073 [main] INFO  net.NetworkTopologyImpl (NetworkTopologyImpl.java:add(112)) - Added a new node: /default-rack/4383bef1-bfa0-430c-8675-0f0e097f056a
2023-07-26 19:34:22,073 [main] INFO  net.NetworkTopologyImpl (NetworkTopologyImpl.java:add(112)) - Added a new node: /default-rack/075412f2-cd9a-4e29-890e-8699a008cdcc
2023-07-26 19:34:22,073 [main] INFO  net.NetworkTopologyImpl (NetworkTopologyImpl.java:add(112)) - Added a new node: /default-rack/81512664-fa4e-478c-bfe2-2756b7927c26
2023-07-26 19:34:22,073 [main] INFO  net.NetworkTopologyImpl (NetworkTopologyImpl.java:add(112)) - Added a new node: /default-rack/339d6221-9cff-4518-9179-bcb149502ed4
2023-07-26 19:34:22,073 [main] INFO  net.NetworkTopologyImpl (NetworkTopologyImpl.java:add(112)) - Added a new node: /default-rack/76f87911-29fc-42cc-8849-b42bf813a510
2023-07-26 19:34:22,074 [main] INFO  net.NetworkTopologyImpl (NetworkTopologyImpl.java:add(112)) - Added a new node: /default-rack/b653f1f7-8f18-4974-b1f7-fa5ec904646c
2023-07-26 19:34:22,074 [main] INFO  net.NetworkTopologyImpl (NetworkTopologyImpl.java:add(112)) - Added a new node: /default-rack/e6346790-4d82-492b-8af8-d565803789be
2023-07-26 19:34:22,074 [main] INFO  net.NetworkTopologyImpl (NetworkTopologyImpl.java:add(112)) - Added a new node: /default-rack/8a45c8e0-0251-4290-8586-50214ff5952a
2023-07-26 19:34:22,074 [main] INFO  net.NetworkTopologyImpl (NetworkTopologyImpl.java:add(112)) - Added a new node: /default-rack/5039f6d3-6ffe-4923-ad4f-a5956e97e4e6
2023-07-26 19:34:22,074 [main] INFO  net.NetworkTopologyImpl (NetworkTopologyImpl.java:add(112)) - Added a new node: /default-rack/a0d2182e-cebc-463d-870d-c1522281022c
2023-07-26 19:34:22,074 [main] INFO  algorithms.ContainerPlacementPolicyFactory (ContainerPlacementPolicyFactory.java:getPolicyInternal(86)) - Create container placement policy of type org.apache.hadoop.hdds.scm.container.placement.algorithms.SCMContainerPlacementRackAware
2023-07-26 19:34:22,074 [main] INFO  algorithms.ContainerPlacementPolicyFactory (ContainerPlacementPolicyFactory.java:getPolicyInternal(86)) - Create container placement policy of type org.apache.hadoop.hdds.scm.container.placement.algorithms.SCMContainerPlacementRackScatter
2023-07-26 19:34:22,079 [main] DEBUG balancer.ContainerBalancerTask (ContainerBalancerTask.java:initializeIteration(374)) - Average utilization of the cluster is 0.35994996834446863
2023-07-26 19:34:22,079 [main] DEBUG balancer.ContainerBalancerTask (ContainerBalancerTask.java:initializeIteration(386)) - Lower limit for utilization is 0.2599499683444686 and Upper limit for utilization is 0.45994996834446866
2023-07-26 19:34:22,079 [main] DEBUG balancer.ContainerBalancerTask (ContainerBalancerTask.java:initializeIteration(398)) - Utilization for node 76f87911-29fc-42cc-8849-b42bf813a510 with capacity 62038416497B, used 55834574848B, and remaining 6203841649B is 0.9000000000112833
2023-07-26 19:34:22,081 [main] DEBUG balancer.ContainerBalancerTask (ContainerBalancerTask.java:initializeIteration(398)) - Utilization for node 5039f6d3-6ffe-4923-ad4f-a5956e97e4e6 with capacity 72477573120B, used 57982058496B, and remaining 14495514624B is 0.8
2023-07-26 19:34:22,081 [main] DEBUG balancer.ContainerBalancerTask (ContainerBalancerTask.java:initializeIteration(398)) - Utilization for node 339d6221-9cff-4518-9179-bcb149502ed4 with capacity 82831512137B, used 57982058496B, and remaining 24849453641B is 0.7000000000012073
2023-07-26 19:34:22,081 [main] DEBUG balancer.ContainerBalancerTask (ContainerBalancerTask.java:initializeIteration(398)) - Utilization for node 8a45c8e0-0251-4290-8586-50214ff5952a with capacity 80530636800B, used 48318382080B, and remaining 32212254720B is 0.6
2023-07-26 19:34:22,081 [main] DEBUG balancer.ContainerBalancerTask (ContainerBalancerTask.java:initializeIteration(398)) - Utilization for node e6346790-4d82-492b-8af8-d565803789be with capacity 85899345920B, used 42949672960B, and remaining 42949672960B is 0.5
2023-07-26 19:34:22,083 [main] DEBUG balancer.ContainerBalancerTask (ContainerBalancerTask.java:initializeIteration(398)) - Utilization for node b653f1f7-8f18-4974-b1f7-fa5ec904646c with capacity 77846282240B, used 31138512896B, and remaining 46707769344B is 0.4
2023-07-26 19:34:22,083 [main] DEBUG balancer.ContainerBalancerTask (ContainerBalancerTask.java:initializeIteration(398)) - Utilization for node a0d2182e-cebc-463d-870d-c1522281022c with capacity 128849018880B, used 38654705664B, and remaining 90194313216B is 0.3
2023-07-26 19:34:22,083 [main] DEBUG balancer.ContainerBalancerTask (ContainerBalancerTask.java:initializeIteration(398)) - Utilization for node 075412f2-cd9a-4e29-890e-8699a008cdcc with capacity 182536110080B, used 36507222016B, and remaining 146028888064B is 0.2
2023-07-26 19:34:22,083 [main] DEBUG balancer.ContainerBalancerTask (ContainerBalancerTask.java:initializeIteration(398)) - Utilization for node 81512664-fa4e-478c-bfe2-2756b7927c26 with capacity 279172874240B, used 27917287424B, and remaining 251255586816B is 0.1
2023-07-26 19:34:22,083 [main] DEBUG balancer.ContainerBalancerTask (ContainerBalancerTask.java:initializeIteration(398)) - Utilization for node 4383bef1-bfa0-430c-8675-0f0e097f056a with capacity 51539607552B, used 0B, and remaining 51539607552B is 0.0
2023-07-26 19:34:22,084 [main] INFO  balancer.ContainerBalancerTask (ContainerBalancerTask.java:initializeIteration(447)) - Container Balancer has identified 5 Over-Utilized and 3 Under-Utilized Datanodes that need to be balanced.
2023-07-26 19:34:22,086 [main] DEBUG balancer.ContainerBalancerTask (ContainerBalancerTask.java:lambda$initializeIteration$1(453)) - Datanode localhost-237.110.3.25 76f87911-29fc-42cc-8849-b42bf813a510 is Over-Utilized.
2023-07-26 19:34:22,086 [main] DEBUG balancer.ContainerBalancerTask (ContainerBalancerTask.java:lambda$initializeIteration$1(453)) - Datanode localhost-165.255.27.200 5039f6d3-6ffe-4923-ad4f-a5956e97e4e6 is Over-Utilized.
2023-07-26 19:34:22,086 [main] DEBUG balancer.ContainerBalancerTask (ContainerBalancerTask.java:lambda$initializeIteration$1(453)) - Datanode localhost-229.41.128.135 339d6221-9cff-4518-9179-bcb149502ed4 is Over-Utilized.
2023-07-26 19:34:22,086 [main] DEBUG balancer.ContainerBalancerTask (ContainerBalancerTask.java:lambda$initializeIteration$1(453)) - Datanode localhost-50.185.205.67 8a45c8e0-0251-4290-8586-50214ff5952a is Over-Utilized.
2023-07-26 19:34:22,086 [main] DEBUG balancer.ContainerBalancerTask (ContainerBalancerTask.java:lambda$initializeIteration$1(453)) - Datanode localhost-231.46.232.187 e6346790-4d82-492b-8af8-d565803789be is Over-Utilized.
2023-07-26 19:34:22,086 [main] DEBUG balancer.ContainerBalancerTask (ContainerBalancerTask.java:lambda$initializeIteration$2(459)) - Datanode localhost-251.60.224.241 4383bef1-bfa0-430c-8675-0f0e097f056a is Under-Utilized.
2023-07-26 19:34:22,086 [main] DEBUG balancer.ContainerBalancerTask (ContainerBalancerTask.java:lambda$initializeIteration$2(459)) - Datanode localhost-86.147.181.27 81512664-fa4e-478c-bfe2-2756b7927c26 is Under-Utilized.
2023-07-26 19:34:22,087 [main] DEBUG balancer.ContainerBalancerTask (ContainerBalancerTask.java:lambda$initializeIteration$2(459)) - Datanode localhost-162.231.71.204 075412f2-cd9a-4e29-890e-8699a008cdcc is Under-Utilized.
2023-07-26 19:34:22,090 [main] DEBUG balancer.ContainerBalancerTask (ContainerBalancerTask.java:matchSourceWithTarget(708)) - ContainerBalancer is finding suitable target for source datanode 76f87911-29fc-42cc-8849-b42bf813a510
2023-07-26 19:34:22,090 [main] INFO  balancer.ContainerBalancerTask (ContainerBalancerTask.java:matchSourceWithTarget(722)) - ContainerBalancer matched source datanode 76f87911-29fc-42cc-8849-b42bf813a510 with target datanode 4383bef1-bfa0-430c-8675-0f0e097f056a for container move.
2023-07-26 19:34:22,091 [main] INFO  balancer.ContainerBalancerTask (ContainerBalancerTask.java:processMoveSelection(569)) - ContainerBalancer is trying to move container #68 with size 5368709120B from source datanode 76f87911-29fc-42cc-8849-b42bf813a510 to target datanode 4383bef1-bfa0-430c-8675-0f0e097f056a
2023-07-26 19:34:22,091 [main] DEBUG balancer.ContainerBalancerTask (ContainerBalancerTask.java:lambda$moveContainer$3(837)) - Container move completed for container #68 from source 76f87911-29fc-42cc-8849-b42bf813a510 to target 4383bef1-bfa0-430c-8675-0f0e097f056a
2023-07-26 19:34:22,094 [main] DEBUG balancer.ContainerBalancerTask (ContainerBalancerTask.java:matchSourceWithTarget(708)) - ContainerBalancer is finding suitable target for source datanode 76f87911-29fc-42cc-8849-b42bf813a510
2023-07-26 19:34:22,094 [main] INFO  balancer.ContainerBalancerTask (ContainerBalancerTask.java:matchSourceWithTarget(722)) - ContainerBalancer matched source datanode 76f87911-29fc-42cc-8849-b42bf813a510 with target datanode 81512664-fa4e-478c-bfe2-2756b7927c26 for container move.
2023-07-26 19:34:22,094 [main] INFO  balancer.ContainerBalancerTask (ContainerBalancerTask.java:processMoveSelection(569)) - ContainerBalancer is trying to move container #40 with size 5368709120B from source datanode 76f87911-29fc-42cc-8849-b42bf813a510 to target datanode 81512664-fa4e-478c-bfe2-2756b7927c26
2023-07-26 19:34:22,099 [main] DEBUG balancer.ContainerBalancerTask (ContainerBalancerTask.java:matchSourceWithTarget(708)) - ContainerBalancer is finding suitable target for source datanode 5039f6d3-6ffe-4923-ad4f-a5956e97e4e6
2023-07-26 19:34:22,099 [main] INFO  balancer.ContainerBalancerTask (ContainerBalancerTask.java:matchSourceWithTarget(722)) - ContainerBalancer matched source datanode 5039f6d3-6ffe-4923-ad4f-a5956e97e4e6 with target datanode 4383bef1-bfa0-430c-8675-0f0e097f056a for container move.
2023-07-26 19:34:22,100 [main] INFO  balancer.ContainerBalancerTask (ContainerBalancerTask.java:processMoveSelection(569)) - ContainerBalancer is trying to move container #84 with size 4294967296B from source datanode 5039f6d3-6ffe-4923-ad4f-a5956e97e4e6 to target datanode 4383bef1-bfa0-430c-8675-0f0e097f056a
2023-07-26 19:34:22,104 [main] DEBUG balancer.ContainerBalancerTask (ContainerBalancerTask.java:matchSourceWithTarget(708)) - ContainerBalancer is finding suitable target for source datanode 5039f6d3-6ffe-4923-ad4f-a5956e97e4e6
2023-07-26 19:34:22,104 [main] INFO  balancer.ContainerBalancerTask (ContainerBalancerTask.java:matchSourceWithTarget(722)) - ContainerBalancer matched source datanode 5039f6d3-6ffe-4923-ad4f-a5956e97e4e6 with target datanode 81512664-fa4e-478c-bfe2-2756b7927c26 for container move.
2023-07-26 19:34:22,104 [main] INFO  balancer.ContainerBalancerTask (ContainerBalancerTask.java:processMoveSelection(569)) - ContainerBalancer is trying to move container #88 with size 3221225472B from source datanode 5039f6d3-6ffe-4923-ad4f-a5956e97e4e6 to target datanode 81512664-fa4e-478c-bfe2-2756b7927c26
2023-07-26 19:34:22,108 [main] DEBUG balancer.ContainerBalancerTask (ContainerBalancerTask.java:matchSourceWithTarget(708)) - ContainerBalancer is finding suitable target for source datanode 76f87911-29fc-42cc-8849-b42bf813a510
2023-07-26 19:34:22,108 [main] INFO  balancer.ContainerBalancerTask (ContainerBalancerTask.java:matchSourceWithTarget(722)) - ContainerBalancer matched source datanode 76f87911-29fc-42cc-8849-b42bf813a510 with target datanode 81512664-fa4e-478c-bfe2-2756b7927c26 for container move.
2023-07-26 19:34:22,111 [main] INFO  balancer.ContainerBalancerTask (ContainerBalancerTask.java:processMoveSelection(569)) - ContainerBalancer is trying to move container #82 with size 2147483648B from source datanode 76f87911-29fc-42cc-8849-b42bf813a510 to target datanode 81512664-fa4e-478c-bfe2-2756b7927c26
2023-07-26 19:34:22,116 [main] DEBUG balancer.ContainerBalancerTask (ContainerBalancerTask.java:matchSourceWithTarget(708)) - ContainerBalancer is finding suitable target for source datanode 339d6221-9cff-4518-9179-bcb149502ed4
2023-07-26 19:34:22,118 [main] INFO  balancer.ContainerBalancerTask (ContainerBalancerTask.java:matchSourceWithTarget(722)) - ContainerBalancer matched source datanode 339d6221-9cff-4518-9179-bcb149502ed4 with target datanode 4383bef1-bfa0-430c-8675-0f0e097f056a for container move.
2023-07-26 19:34:22,119 [main] INFO  balancer.ContainerBalancerTask (ContainerBalancerTask.java:processMoveSelection(569)) - ContainerBalancer is trying to move container #86 with size 1073741824B from source datanode 339d6221-9cff-4518-9179-bcb149502ed4 to target datanode 4383bef1-bfa0-430c-8675-0f0e097f056a
2023-07-26 19:34:22,123 [main] DEBUG balancer.ContainerBalancerTask (ContainerBalancerTask.java:matchSourceWithTarget(708)) - ContainerBalancer is finding suitable target for source datanode 5039f6d3-6ffe-4923-ad4f-a5956e97e4e6
2023-07-26 19:34:22,123 [main] INFO  balancer.ContainerBalancerTask (ContainerBalancerTask.java:matchSourceWithTarget(722)) - ContainerBalancer matched source datanode 5039f6d3-6ffe-4923-ad4f-a5956e97e4e6 with target datanode 075412f2-cd9a-4e29-890e-8699a008cdcc for container move.
2023-07-26 19:34:22,124 [main] INFO  balancer.ContainerBalancerTask (ContainerBalancerTask.java:processMoveSelection(569)) - ContainerBalancer is trying to move container #66 with size 3221225472B from source datanode 5039f6d3-6ffe-4923-ad4f-a5956e97e4e6 to target datanode 075412f2-cd9a-4e29-890e-8699a008cdcc
2023-07-26 19:34:22,127 [main] DEBUG balancer.ContainerBalancerTask (ContainerBalancerTask.java:matchSourceWithTarget(708)) - ContainerBalancer is finding suitable target for source datanode 76f87911-29fc-42cc-8849-b42bf813a510
2023-07-26 19:34:22,128 [main] INFO  balancer.ContainerBalancerTask (ContainerBalancerTask.java:matchSourceWithTarget(722)) - ContainerBalancer matched source datanode 76f87911-29fc-42cc-8849-b42bf813a510 with target datanode 075412f2-cd9a-4e29-890e-8699a008cdcc for container move.
2023-07-26 19:34:22,128 [main] INFO  balancer.ContainerBalancerTask (ContainerBalancerTask.java:processMoveSelection(569)) - ContainerBalancer is trying to move container #64 with size 1073741824B from source datanode 76f87911-29fc-42cc-8849-b42bf813a510 to target datanode 075412f2-cd9a-4e29-890e-8699a008cdcc
2023-07-26 19:34:22,133 [main] DEBUG balancer.ContainerBalancerTask (ContainerBalancerTask.java:matchSourceWithTarget(708)) - ContainerBalancer is finding suitable target for source datanode 339d6221-9cff-4518-9179-bcb149502ed4
2023-07-26 19:34:22,134 [main] INFO  balancer.ContainerBalancerTask (ContainerBalancerTask.java:matchSourceWithTarget(722)) - ContainerBalancer matched source datanode 339d6221-9cff-4518-9179-bcb149502ed4 with target datanode 075412f2-cd9a-4e29-890e-8699a008cdcc for container move.
2023-07-26 19:34:22,134 [main] INFO  balancer.ContainerBalancerTask (ContainerBalancerTask.java:processMoveSelection(569)) - ContainerBalancer is trying to move container #52 with size 4294967296B from source datanode 339d6221-9cff-4518-9179-bcb149502ed4 to target datanode 075412f2-cd9a-4e29-890e-8699a008cdcc
2023-07-26 19:34:22,137 [main] DEBUG balancer.ContainerBalancerTask (ContainerBalancerTask.java:matchSourceWithTarget(708)) - ContainerBalancer is finding suitable target for source datanode 76f87911-29fc-42cc-8849-b42bf813a510
2023-07-26 19:34:22,138 [main] INFO  balancer.FindTargetGreedyByUsageInfo (AbstractFindTargetGreedy.java:findTargetForContainerMove(133)) - Container Balancer could not find a target for source datanode 76f87911-29fc-42cc-8849-b42bf813a510
2023-07-26 19:34:22,138 [main] DEBUG balancer.ContainerBalancerTask (ContainerBalancerTask.java:matchSourceWithTarget(717)) - ContainerBalancer could not find a suitable target for source node 76f87911-29fc-42cc-8849-b42bf813a510.
2023-07-26 19:34:22,142 [main] DEBUG balancer.ContainerBalancerTask (ContainerBalancerTask.java:matchSourceWithTarget(708)) - ContainerBalancer is finding suitable target for source datanode 5039f6d3-6ffe-4923-ad4f-a5956e97e4e6
2023-07-26 19:34:22,142 [main] INFO  balancer.ContainerBalancerTask (ContainerBalancerTask.java:matchSourceWithTarget(722)) - ContainerBalancer matched source datanode 5039f6d3-6ffe-4923-ad4f-a5956e97e4e6 with target datanode 075412f2-cd9a-4e29-890e-8699a008cdcc for container move.
2023-07-26 19:34:22,142 [main] INFO  balancer.ContainerBalancerTask (ContainerBalancerTask.java:processMoveSelection(569)) - ContainerBalancer is trying to move container #70 with size 2147483648B from source datanode 5039f6d3-6ffe-4923-ad4f-a5956e97e4e6 to target datanode 075412f2-cd9a-4e29-890e-8699a008cdcc
2023-07-26 19:34:22,147 [main] DEBUG balancer.ContainerBalancerTask (ContainerBalancerTask.java:matchSourceWithTarget(708)) - ContainerBalancer is finding suitable target for source datanode 339d6221-9cff-4518-9179-bcb149502ed4
2023-07-26 19:34:22,147 [main] INFO  balancer.FindTargetGreedyByUsageInfo (AbstractFindTargetGreedy.java:findTargetForContainerMove(133)) - Container Balancer could not find a target for source datanode 339d6221-9cff-4518-9179-bcb149502ed4
2023-07-26 19:34:22,148 [main] DEBUG balancer.ContainerBalancerTask (ContainerBalancerTask.java:matchSourceWithTarget(717)) - ContainerBalancer could not find a suitable target for source node 339d6221-9cff-4518-9179-bcb149502ed4.
2023-07-26 19:34:22,151 [main] DEBUG balancer.ContainerBalancerTask (ContainerBalancerTask.java:matchSourceWithTarget(708)) - ContainerBalancer is finding suitable target for source datanode 5039f6d3-6ffe-4923-ad4f-a5956e97e4e6
2023-07-26 19:34:22,151 [main] INFO  balancer.FindTargetGreedyByUsageInfo (AbstractFindTargetGreedy.java:findTargetForContainerMove(133)) - Container Balancer could not find a target for source datanode 5039f6d3-6ffe-4923-ad4f-a5956e97e4e6
2023-07-26 19:34:22,152 [main] DEBUG balancer.ContainerBalancerTask (ContainerBalancerTask.java:matchSourceWithTarget(717)) - ContainerBalancer could not find a suitable target for source node 5039f6d3-6ffe-4923-ad4f-a5956e97e4e6.
2023-07-26 19:34:22,155 [main] DEBUG balancer.ContainerBalancerTask (ContainerBalancerTask.java:matchSourceWithTarget(708)) - ContainerBalancer is finding suitable target for source datanode 8a45c8e0-0251-4290-8586-50214ff5952a
2023-07-26 19:34:22,155 [main] INFO  balancer.FindTargetGreedyByUsageInfo (AbstractFindTargetGreedy.java:findTargetForContainerMove(133)) - Container Balancer could not find a target for source datanode 8a45c8e0-0251-4290-8586-50214ff5952a
2023-07-26 19:34:22,155 [main] DEBUG balancer.ContainerBalancerTask (ContainerBalancerTask.java:matchSourceWithTarget(717)) - ContainerBalancer could not find a suitable target for source node 8a45c8e0-0251-4290-8586-50214ff5952a.
2023-07-26 19:34:22,158 [main] DEBUG balancer.ContainerBalancerTask (ContainerBalancerTask.java:matchSourceWithTarget(708)) - ContainerBalancer is finding suitable target for source datanode e6346790-4d82-492b-8af8-d565803789be
2023-07-26 19:34:22,159 [main] INFO  balancer.FindTargetGreedyByUsageInfo (AbstractFindTargetGreedy.java:findTargetForContainerMove(133)) - Container Balancer could not find a target for source datanode e6346790-4d82-492b-8af8-d565803789be
2023-07-26 19:34:22,159 [main] DEBUG balancer.ContainerBalancerTask (ContainerBalancerTask.java:matchSourceWithTarget(717)) - ContainerBalancer could not find a suitable target for source node e6346790-4d82-492b-8af8-d565803789be.
2023-07-26 19:34:22,159 [main] INFO  balancer.FindSourceGreedy (FindSourceGreedy.java:getNextCandidateSourceDataNode(126)) - no more candidate source data node
2023-07-26 19:34:22,660 [main] WARN  balancer.ContainerBalancerTask (ContainerBalancerTask.java:cancelMovesThatExceedTimeoutDuration(674)) - Container move timed out for container #64 from source 76f87911-29fc-42cc-8849-b42bf813a510 to target 075412f2-cd9a-4e29-890e-8699a008cdcc.
2023-07-26 19:34:22,660 [main] WARN  balancer.ContainerBalancerTask (ContainerBalancerTask.java:cancelMovesThatExceedTimeoutDuration(674)) - Container move timed out for container #40 from source 76f87911-29fc-42cc-8849-b42bf813a510 to target 81512664-fa4e-478c-bfe2-2756b7927c26.
2023-07-26 19:34:22,660 [main] WARN  balancer.ContainerBalancerTask (ContainerBalancerTask.java:cancelMovesThatExceedTimeoutDuration(674)) - Container move timed out for container #86 from source 339d6221-9cff-4518-9179-bcb149502ed4 to target 4383bef1-bfa0-430c-8675-0f0e097f056a.
2023-07-26 19:34:22,661 [main] WARN  balancer.ContainerBalancerTask (ContainerBalancerTask.java:cancelMovesThatExceedTimeoutDuration(674)) - Container move timed out for container #84 from source 5039f6d3-6ffe-4923-ad4f-a5956e97e4e6 to target 4383bef1-bfa0-430c-8675-0f0e097f056a.
2023-07-26 19:34:22,661 [main] WARN  balancer.ContainerBalancerTask (ContainerBalancerTask.java:cancelMovesThatExceedTimeoutDuration(674)) - Container move timed out for container #82 from source 76f87911-29fc-42cc-8849-b42bf813a510 to target 81512664-fa4e-478c-bfe2-2756b7927c26.
2023-07-26 19:34:22,661 [main] WARN  balancer.ContainerBalancerTask (ContainerBalancerTask.java:cancelMovesThatExceedTimeoutDuration(674)) - Container move timed out for container #52 from source 339d6221-9cff-4518-9179-bcb149502ed4 to target 075412f2-cd9a-4e29-890e-8699a008cdcc.
2023-07-26 19:34:22,661 [main] WARN  balancer.ContainerBalancerTask (ContainerBalancerTask.java:cancelMovesThatExceedTimeoutDuration(674)) - Container move timed out for container #88 from source 5039f6d3-6ffe-4923-ad4f-a5956e97e4e6 to target 81512664-fa4e-478c-bfe2-2756b7927c26.
2023-07-26 19:34:22,661 [main] WARN  balancer.ContainerBalancerTask (ContainerBalancerTask.java:cancelMovesThatExceedTimeoutDuration(674)) - Container move timed out for container #70 from source 5039f6d3-6ffe-4923-ad4f-a5956e97e4e6 to target 075412f2-cd9a-4e29-890e-8699a008cdcc.
2023-07-26 19:34:22,661 [main] WARN  balancer.ContainerBalancerTask (ContainerBalancerTask.java:cancelMovesThatExceedTimeoutDuration(674)) - Container move timed out for container #66 from source 5039f6d3-6ffe-4923-ad4f-a5956e97e4e6 to target 075412f2-cd9a-4e29-890e-8699a008cdcc.
2023-07-26 19:34:22,662 [main] WARN  balancer.ContainerBalancerTask (ContainerBalancerTask.java:checkIterationMoveResults(620)) - 9 Container moves are canceled.
2023-07-26 19:34:22,662 [main] INFO  balancer.ContainerBalancerTask (ContainerBalancerTask.java:checkIterationMoveResults(642)) - Iteration Summary. Number of Datanodes involved: 6. Size moved: 5 GB (5368709120 Bytes). Number of Container moves completed: 1.
2023-07-26 19:34:22,662 [main] INFO  balancer.ContainerBalancerTask (ContainerBalancerTask.java:balance(259)) - Result of this iteration of Container Balancer: ITERATION_COMPLETED
2023-07-26 19:34:22,662 [main] INFO  balancer.ContainerBalancerTask (ContainerBalancerTask.java:tryStopWithSaveConfiguration(308)) - Save Configuration for stopping. Reason: Completed all iterations.
2023-07-26 19:34:22,664 [main] DEBUG balancer.ContainerBalancerTask (ContainerBalancerTask.java:initializeIteration(374)) - Average utilization of the cluster is 0.35994996834446863
2023-07-26 19:34:22,664 [main] DEBUG balancer.ContainerBalancerTask (ContainerBalancerTask.java:initializeIteration(386)) - Lower limit for utilization is 0.2599499683444686 and Upper limit for utilization is 0.45994996834446866
2023-07-26 19:34:22,665 [main] DEBUG balancer.ContainerBalancerTask (ContainerBalancerTask.java:initializeIteration(398)) - Utilization for node 76f87911-29fc-42cc-8849-b42bf813a510 with capacity 62038416497B, used 55834574848B, and remaining 6203841649B is 0.9000000000112833
2023-07-26 19:34:22,665 [main] DEBUG balancer.ContainerBalancerTask (ContainerBalancerTask.java:initializeIteration(398)) - Utilization for node 5039f6d3-6ffe-4923-ad4f-a5956e97e4e6 with capacity 72477573120B, used 57982058496B, and remaining 14495514624B is 0.8
2023-07-26 19:34:22,665 [main] DEBUG balancer.ContainerBalancerTask (ContainerBalancerTask.java:initializeIteration(398)) - Utilization for node 339d6221-9cff-4518-9179-bcb149502ed4 with capacity 82831512137B, used 57982058496B, and remaining 24849453641B is 0.7000000000012073
2023-07-26 19:34:22,665 [main] DEBUG balancer.ContainerBalancerTask (ContainerBalancerTask.java:initializeIteration(398)) - Utilization for node 8a45c8e0-0251-4290-8586-50214ff5952a with capacity 80530636800B, used 48318382080B, and remaining 32212254720B is 0.6
2023-07-26 19:34:22,665 [main] DEBUG balancer.ContainerBalancerTask (ContainerBalancerTask.java:initializeIteration(398)) - Utilization for node e6346790-4d82-492b-8af8-d565803789be with capacity 85899345920B, used 42949672960B, and remaining 42949672960B is 0.5
2023-07-26 19:34:22,665 [main] DEBUG balancer.ContainerBalancerTask (ContainerBalancerTask.java:initializeIteration(398)) - Utilization for node b653f1f7-8f18-4974-b1f7-fa5ec904646c with capacity 77846282240B, used 31138512896B, and remaining 46707769344B is 0.4
2023-07-26 19:34:22,666 [main] DEBUG balancer.ContainerBalancerTask (ContainerBalancerTask.java:initializeIteration(398)) - Utilization for node a0d2182e-cebc-463d-870d-c1522281022c with capacity 128849018880B, used 38654705664B, and remaining 90194313216B is 0.3
2023-07-26 19:34:22,666 [main] DEBUG balancer.ContainerBalancerTask (ContainerBalancerTask.java:initializeIteration(398)) - Utilization for node 075412f2-cd9a-4e29-890e-8699a008cdcc with capacity 182536110080B, used 36507222016B, and remaining 146028888064B is 0.2
2023-07-26 19:34:22,666 [main] DEBUG balancer.ContainerBalancerTask (ContainerBalancerTask.java:initializeIteration(398)) - Utilization for node 81512664-fa4e-478c-bfe2-2756b7927c26 with capacity 279172874240B, used 27917287424B, and remaining 251255586816B is 0.1
2023-07-26 19:34:22,666 [main] DEBUG balancer.ContainerBalancerTask (ContainerBalancerTask.java:initializeIteration(398)) - Utilization for node 4383bef1-bfa0-430c-8675-0f0e097f056a with capacity 51539607552B, used 0B, and remaining 51539607552B is 0.0
2023-07-26 19:34:22,666 [main] INFO  balancer.ContainerBalancerTask (ContainerBalancerTask.java:initializeIteration(447)) - Container Balancer has identified 5 Over-Utilized and 3 Under-Utilized Datanodes that need to be balanced.
2023-07-26 19:34:22,666 [main] DEBUG balancer.ContainerBalancerTask (ContainerBalancerTask.java:lambda$initializeIteration$1(453)) - Datanode localhost-237.110.3.25 76f87911-29fc-42cc-8849-b42bf813a510 is Over-Utilized.
2023-07-26 19:34:22,666 [main] DEBUG balancer.ContainerBalancerTask (ContainerBalancerTask.java:lambda$initializeIteration$1(453)) - Datanode localhost-165.255.27.200 5039f6d3-6ffe-4923-ad4f-a5956e97e4e6 is Over-Utilized.
2023-07-26 19:34:22,666 [main] DEBUG balancer.ContainerBalancerTask (ContainerBalancerTask.java:lambda$initializeIteration$1(453)) - Datanode localhost-229.41.128.135 339d6221-9cff-4518-9179-bcb149502ed4 is Over-Utilized.
2023-07-26 19:34:22,667 [main] DEBUG balancer.ContainerBalancerTask (ContainerBalancerTask.java:lambda$initializeIteration$1(453)) - Datanode localhost-50.185.205.67 8a45c8e0-0251-4290-8586-50214ff5952a is Over-Utilized.
2023-07-26 19:34:22,667 [main] DEBUG balancer.ContainerBalancerTask (ContainerBalancerTask.java:lambda$initializeIteration$1(453)) - Datanode localhost-231.46.232.187 e6346790-4d82-492b-8af8-d565803789be is Over-Utilized.
2023-07-26 19:34:22,667 [main] DEBUG balancer.ContainerBalancerTask (ContainerBalancerTask.java:lambda$initializeIteration$2(459)) - Datanode localhost-251.60.224.241 4383bef1-bfa0-430c-8675-0f0e097f056a is Under-Utilized.
2023-07-26 19:34:22,667 [main] DEBUG balancer.ContainerBalancerTask (ContainerBalancerTask.java:lambda$initializeIteration$2(459)) - Datanode localhost-86.147.181.27 81512664-fa4e-478c-bfe2-2756b7927c26 is Under-Utilized.
2023-07-26 19:34:22,667 [main] DEBUG balancer.ContainerBalancerTask (ContainerBalancerTask.java:lambda$initializeIteration$2(459)) - Datanode localhost-162.231.71.204 075412f2-cd9a-4e29-890e-8699a008cdcc is Under-Utilized.
2023-07-26 19:34:22,670 [main] DEBUG balancer.ContainerBalancerTask (ContainerBalancerTask.java:matchSourceWithTarget(708)) - ContainerBalancer is finding suitable target for source datanode 76f87911-29fc-42cc-8849-b42bf813a510
2023-07-26 19:34:22,670 [main] INFO  balancer.ContainerBalancerTask (ContainerBalancerTask.java:matchSourceWithTarget(722)) - ContainerBalancer matched source datanode 76f87911-29fc-42cc-8849-b42bf813a510 with target datanode 4383bef1-bfa0-430c-8675-0f0e097f056a for container move.
2023-07-26 19:34:22,670 [main] INFO  balancer.ContainerBalancerTask (ContainerBalancerTask.java:processMoveSelection(569)) - ContainerBalancer is trying to move container #85 with size 5368709120B from source datanode 76f87911-29fc-42cc-8849-b42bf813a510 to target datanode 4383bef1-bfa0-430c-8675-0f0e097f056a
2023-07-26 19:34:22,671 [main] DEBUG balancer.ContainerBalancerTask (ContainerBalancerTask.java:lambda$moveContainer$3(837)) - Container move completed for container #85 from source 76f87911-29fc-42cc-8849-b42bf813a510 to target 4383bef1-bfa0-430c-8675-0f0e097f056a
2023-07-26 19:34:22,674 [main] DEBUG balancer.ContainerBalancerTask (ContainerBalancerTask.java:matchSourceWithTarget(708)) - ContainerBalancer is finding suitable target for source datanode 76f87911-29fc-42cc-8849-b42bf813a510
2023-07-26 19:34:22,674 [main] INFO  balancer.ContainerBalancerTask (ContainerBalancerTask.java:matchSourceWithTarget(722)) - ContainerBalancer matched source datanode 76f87911-29fc-42cc-8849-b42bf813a510 with target datanode 81512664-fa4e-478c-bfe2-2756b7927c26 for container move.
2023-07-26 19:34:22,674 [main] INFO  balancer.ContainerBalancerTask (ContainerBalancerTask.java:processMoveSelection(569)) - ContainerBalancer is trying to move container #68 with size 5368709120B from source datanode 76f87911-29fc-42cc-8849-b42bf813a510 to target datanode 81512664-fa4e-478c-bfe2-2756b7927c26
2023-07-26 19:34:22,678 [main] DEBUG balancer.ContainerBalancerTask (ContainerBalancerTask.java:matchSourceWithTarget(708)) - ContainerBalancer is finding suitable target for source datanode 5039f6d3-6ffe-4923-ad4f-a5956e97e4e6
2023-07-26 19:34:22,678 [main] INFO  balancer.ContainerBalancerTask (ContainerBalancerTask.java:matchSourceWithTarget(722)) - ContainerBalancer matched source datanode 5039f6d3-6ffe-4923-ad4f-a5956e97e4e6 with target datanode 4383bef1-bfa0-430c-8675-0f0e097f056a for container move.
2023-07-26 19:34:22,678 [main] INFO  balancer.ContainerBalancerTask (ContainerBalancerTask.java:processMoveSelection(569)) - ContainerBalancer is trying to move container #89 with size 4294967296B from source datanode 5039f6d3-6ffe-4923-ad4f-a5956e97e4e6 to target datanode 4383bef1-bfa0-430c-8675-0f0e097f056a
2023-07-26 19:34:22,682 [main] DEBUG balancer.ContainerBalancerTask (ContainerBalancerTask.java:matchSourceWithTarget(708)) - ContainerBalancer is finding suitable target for source datanode 5039f6d3-6ffe-4923-ad4f-a5956e97e4e6
2023-07-26 19:34:22,682 [main] INFO  balancer.ContainerBalancerTask (ContainerBalancerTask.java:matchSourceWithTarget(722)) - ContainerBalancer matched source datanode 5039f6d3-6ffe-4923-ad4f-a5956e97e4e6 with target datanode 81512664-fa4e-478c-bfe2-2756b7927c26 for container move.
2023-07-26 19:34:22,682 [main] INFO  balancer.ContainerBalancerTask (ContainerBalancerTask.java:processMoveSelection(569)) - ContainerBalancer is trying to move container #84 with size 4294967296B from source datanode 5039f6d3-6ffe-4923-ad4f-a5956e97e4e6 to target datanode 81512664-fa4e-478c-bfe2-2756b7927c26
2023-07-26 19:34:22,685 [main] DEBUG balancer.ContainerBalancerTask (ContainerBalancerTask.java:matchSourceWithTarget(708)) - ContainerBalancer is finding suitable target for source datanode 76f87911-29fc-42cc-8849-b42bf813a510
2023-07-26 19:34:22,686 [main] INFO  balancer.ContainerBalancerTask (ContainerBalancerTask.java:matchSourceWithTarget(722)) - ContainerBalancer matched source datanode 76f87911-29fc-42cc-8849-b42bf813a510 with target datanode 81512664-fa4e-478c-bfe2-2756b7927c26 for container move.
2023-07-26 19:34:22,686 [main] INFO  balancer.ContainerBalancerTask (ContainerBalancerTask.java:processMoveSelection(569)) - ContainerBalancer is trying to move container #86 with size 1073741824B from source datanode 76f87911-29fc-42cc-8849-b42bf813a510 to target datanode 81512664-fa4e-478c-bfe2-2756b7927c26
2023-07-26 19:34:22,690 [main] DEBUG balancer.ContainerBalancerTask (ContainerBalancerTask.java:matchSourceWithTarget(708)) - ContainerBalancer is finding suitable target for source datanode 76f87911-29fc-42cc-8849-b42bf813a510
2023-07-26 19:34:22,691 [main] INFO  balancer.ContainerBalancerTask (ContainerBalancerTask.java:matchSourceWithTarget(722)) - ContainerBalancer matched source datanode 76f87911-29fc-42cc-8849-b42bf813a510 with target datanode 4383bef1-bfa0-430c-8675-0f0e097f056a for container move.
2023-07-26 19:34:22,691 [main] INFO  balancer.ContainerBalancerTask (ContainerBalancerTask.java:processMoveSelection(569)) - ContainerBalancer is trying to move container #81 with size 1073741824B from source datanode 76f87911-29fc-42cc-8849-b42bf813a510 to target datanode 4383bef1-bfa0-430c-8675-0f0e097f056a
2023-07-26 19:34:22,695 [main] DEBUG balancer.ContainerBalancerTask (ContainerBalancerTask.java:matchSourceWithTarget(708)) - ContainerBalancer is finding suitable target for source datanode 339d6221-9cff-4518-9179-bcb149502ed4
2023-07-26 19:34:22,695 [main] INFO  balancer.ContainerBalancerTask (ContainerBalancerTask.java:matchSourceWithTarget(722)) - ContainerBalancer matched source datanode 339d6221-9cff-4518-9179-bcb149502ed4 with target datanode 075412f2-cd9a-4e29-890e-8699a008cdcc for container move.
2023-07-26 19:34:22,695 [main] INFO  balancer.ContainerBalancerTask (ContainerBalancerTask.java:processMoveSelection(569)) - ContainerBalancer is trying to move container #29 with size 5368709120B from source datanode 339d6221-9cff-4518-9179-bcb149502ed4 to target datanode 075412f2-cd9a-4e29-890e-8699a008cdcc
2023-07-26 19:34:22,699 [main] DEBUG balancer.ContainerBalancerTask (ContainerBalancerTask.java:matchSourceWithTarget(708)) - ContainerBalancer is finding suitable target for source datanode 76f87911-29fc-42cc-8849-b42bf813a510
2023-07-26 19:34:22,699 [main] INFO  balancer.ContainerBalancerTask (ContainerBalancerTask.java:matchSourceWithTarget(722)) - ContainerBalancer matched source datanode 76f87911-29fc-42cc-8849-b42bf813a510 with target datanode 075412f2-cd9a-4e29-890e-8699a008cdcc for container move.
2023-07-26 19:34:22,699 [main] INFO  balancer.ContainerBalancerTask (ContainerBalancerTask.java:processMoveSelection(569)) - ContainerBalancer is trying to move container #40 with size 5368709120B from source datanode 76f87911-29fc-42cc-8849-b42bf813a510 to target datanode 075412f2-cd9a-4e29-890e-8699a008cdcc
2023-07-26 19:34:22,703 [main] DEBUG balancer.ContainerBalancerTask (ContainerBalancerTask.java:matchSourceWithTarget(708)) - ContainerBalancer is finding suitable target for source datanode 5039f6d3-6ffe-4923-ad4f-a5956e97e4e6
2023-07-26 19:34:22,703 [main] INFO  balancer.FindTargetGreedyByUsageInfo (AbstractFindTargetGreedy.java:findTargetForContainerMove(133)) - Container Balancer could not find a target for source datanode 5039f6d3-6ffe-4923-ad4f-a5956e97e4e6
2023-07-26 19:34:22,703 [main] DEBUG balancer.ContainerBalancerTask (ContainerBalancerTask.java:matchSourceWithTarget(717)) - ContainerBalancer could not find a suitable target for source node 5039f6d3-6ffe-4923-ad4f-a5956e97e4e6.
2023-07-26 19:34:22,707 [main] DEBUG balancer.ContainerBalancerTask (ContainerBalancerTask.java:matchSourceWithTarget(708)) - ContainerBalancer is finding suitable target for source datanode 339d6221-9cff-4518-9179-bcb149502ed4
2023-07-26 19:34:22,707 [main] INFO  balancer.FindTargetGreedyByUsageInfo (AbstractFindTargetGreedy.java:findTargetForContainerMove(133)) - Container Balancer could not find a target for source datanode 339d6221-9cff-4518-9179-bcb149502ed4
2023-07-26 19:34:22,708 [main] DEBUG balancer.ContainerBalancerTask (ContainerBalancerTask.java:matchSourceWithTarget(717)) - ContainerBalancer could not find a suitable target for source node 339d6221-9cff-4518-9179-bcb149502ed4.
2023-07-26 19:34:22,711 [main] DEBUG balancer.ContainerBalancerTask (ContainerBalancerTask.java:matchSourceWithTarget(708)) - ContainerBalancer is finding suitable target for source datanode 76f87911-29fc-42cc-8849-b42bf813a510
2023-07-26 19:34:22,711 [main] INFO  balancer.FindTargetGreedyByUsageInfo (AbstractFindTargetGreedy.java:findTargetForContainerMove(133)) - Container Balancer could not find a target for source datanode 76f87911-29fc-42cc-8849-b42bf813a510
2023-07-26 19:34:22,711 [main] DEBUG balancer.ContainerBalancerTask (ContainerBalancerTask.java:matchSourceWithTarget(717)) - ContainerBalancer could not find a suitable target for source node 76f87911-29fc-42cc-8849-b42bf813a510.
2023-07-26 19:34:22,719 [main] DEBUG balancer.ContainerBalancerTask (ContainerBalancerTask.java:matchSourceWithTarget(708)) - ContainerBalancer is finding suitable target for source datanode 8a45c8e0-0251-4290-8586-50214ff5952a
2023-07-26 19:34:22,720 [main] INFO  balancer.FindTargetGreedyByUsageInfo (AbstractFindTargetGreedy.java:findTargetForContainerMove(133)) - Container Balancer could not find a target for source datanode 8a45c8e0-0251-4290-8586-50214ff5952a
2023-07-26 19:34:22,720 [main] DEBUG balancer.ContainerBalancerTask (ContainerBalancerTask.java:matchSourceWithTarget(717)) - ContainerBalancer could not find a suitable target for source node 8a45c8e0-0251-4290-8586-50214ff5952a.
2023-07-26 19:34:22,723 [main] DEBUG balancer.ContainerBalancerTask (ContainerBalancerTask.java:matchSourceWithTarget(708)) - ContainerBalancer is finding suitable target for source datanode e6346790-4d82-492b-8af8-d565803789be
2023-07-26 19:34:22,723 [main] INFO  balancer.FindTargetGreedyByUsageInfo (AbstractFindTargetGreedy.java:findTargetForContainerMove(133)) - Container Balancer could not find a target for source datanode e6346790-4d82-492b-8af8-d565803789be
2023-07-26 19:34:22,723 [main] DEBUG balancer.ContainerBalancerTask (ContainerBalancerTask.java:matchSourceWithTarget(717)) - ContainerBalancer could not find a suitable target for source node e6346790-4d82-492b-8af8-d565803789be.
2023-07-26 19:34:22,723 [main] INFO  balancer.FindSourceGreedy (FindSourceGreedy.java:getNextCandidateSourceDataNode(126)) - no more candidate source data node
2023-07-26 19:34:23,224 [main] WARN  balancer.ContainerBalancerTask (ContainerBalancerTask.java:cancelMovesThatExceedTimeoutDuration(674)) - Container move timed out for container #29 from source 339d6221-9cff-4518-9179-bcb149502ed4 to target 075412f2-cd9a-4e29-890e-8699a008cdcc.
2023-07-26 19:34:23,224 [main] WARN  balancer.ContainerBalancerTask (ContainerBalancerTask.java:cancelMovesThatExceedTimeoutDuration(674)) - Container move timed out for container #84 from source 5039f6d3-6ffe-4923-ad4f-a5956e97e4e6 to target 81512664-fa4e-478c-bfe2-2756b7927c26.
2023-07-26 19:34:23,224 [main] WARN  balancer.ContainerBalancerTask (ContainerBalancerTask.java:cancelMovesThatExceedTimeoutDuration(674)) - Container move timed out for container #81 from source 76f87911-29fc-42cc-8849-b42bf813a510 to target 4383bef1-bfa0-430c-8675-0f0e097f056a.
2023-07-26 19:34:23,224 [main] WARN  balancer.ContainerBalancerTask (ContainerBalancerTask.java:cancelMovesThatExceedTimeoutDuration(674)) - Container move timed out for container #86 from source 76f87911-29fc-42cc-8849-b42bf813a510 to target 81512664-fa4e-478c-bfe2-2756b7927c26.
2023-07-26 19:34:23,225 [main] WARN  balancer.ContainerBalancerTask (ContainerBalancerTask.java:cancelMovesThatExceedTimeoutDuration(674)) - Container move timed out for container #68 from source 76f87911-29fc-42cc-8849-b42bf813a510 to target 81512664-fa4e-478c-bfe2-2756b7927c26.
2023-07-26 19:34:23,225 [main] WARN  balancer.ContainerBalancerTask (ContainerBalancerTask.java:cancelMovesThatExceedTimeoutDuration(674)) - Container move timed out for container #40 from source 76f87911-29fc-42cc-8849-b42bf813a510 to target 075412f2-cd9a-4e29-890e-8699a008cdcc.
2023-07-26 19:34:23,225 [main] WARN  balancer.ContainerBalancerTask (ContainerBalancerTask.java:cancelMovesThatExceedTimeoutDuration(674)) - Container move timed out for container #89 from source 5039f6d3-6ffe-4923-ad4f-a5956e97e4e6 to target 4383bef1-bfa0-430c-8675-0f0e097f056a.
2023-07-26 19:34:23,225 [main] WARN  balancer.ContainerBalancerTask (ContainerBalancerTask.java:checkIterationMoveResults(620)) - 7 Container moves are canceled.
2023-07-26 19:34:23,225 [main] INFO  balancer.ContainerBalancerTask (ContainerBalancerTask.java:checkIterationMoveResults(642)) - Iteration Summary. Number of Datanodes involved: 6. Size moved: 5 GB (5368709120 Bytes). Number of Container moves completed: 1.
2023-07-26 19:34:23,225 [main] INFO  balancer.ContainerBalancerTask (ContainerBalancerTask.java:balance(259)) - Result of this iteration of Container Balancer: ITERATION_COMPLETED
2023-07-26 19:34:23,226 [main] INFO  balancer.ContainerBalancerTask (ContainerBalancerTask.java:tryStopWithSaveConfiguration(308)) - Save Configuration for stopping. Reason: Completed all iterations.
]]></system-out>
  </testcase>
  <testcase name="targetDatanodeShouldNotAlreadyContainSelectedContainer" classname="org.apache.hadoop.hdds.scm.container.balancer.TestContainerBalancerTask" time="0.179">
    <system-out><![CDATA[2023-07-26 19:34:23,257 [main] INFO  net.NodeSchemaLoader (NodeSchemaLoader.java:loadSchemaFromFile(129)) - Loading schema from [file:/home/runner/work/ozone/ozone/hadoop-hdds/common/target/classes/network-topology-default.xml]
2023-07-26 19:34:23,258 [main] INFO  net.NodeSchemaLoader (NodeSchemaLoader.java:loadSchema(176)) - Loading network topology layer schema file
2023-07-26 19:34:23,260 [main] INFO  net.NetworkTopologyImpl (NetworkTopologyImpl.java:add(112)) - Added a new node: /default-rack/0de04f3a-7c3c-445f-9fe4-a0aa1f0f429a
2023-07-26 19:34:23,260 [main] INFO  net.NetworkTopologyImpl (NetworkTopologyImpl.java:add(112)) - Added a new node: /default-rack/e9fb04db-628c-4369-8066-22293612e4ab
2023-07-26 19:34:23,260 [main] INFO  net.NetworkTopologyImpl (NetworkTopologyImpl.java:add(112)) - Added a new node: /default-rack/fb93aa2f-8033-4a41-8e74-9c7910610a66
2023-07-26 19:34:23,260 [main] INFO  net.NetworkTopologyImpl (NetworkTopologyImpl.java:add(112)) - Added a new node: /default-rack/6b6aab36-9e1f-4fd8-a30b-6f362d9c224e
2023-07-26 19:34:23,260 [main] INFO  net.NetworkTopologyImpl (NetworkTopologyImpl.java:add(112)) - Added a new node: /default-rack/7f4c684f-f8b2-4b42-a086-8728edfee9c7
2023-07-26 19:34:23,261 [main] INFO  net.NetworkTopologyImpl (NetworkTopologyImpl.java:add(112)) - Added a new node: /default-rack/0c54d9a8-8d7d-48d0-9284-017c4d3cecc2
2023-07-26 19:34:23,261 [main] INFO  net.NetworkTopologyImpl (NetworkTopologyImpl.java:add(112)) - Added a new node: /default-rack/dc325ac7-cc30-40c0-9d59-a78cdc46113f
2023-07-26 19:34:23,261 [main] INFO  net.NetworkTopologyImpl (NetworkTopologyImpl.java:add(112)) - Added a new node: /default-rack/e317ff38-8c6b-4bea-b302-31b7a4f02730
2023-07-26 19:34:23,261 [main] INFO  net.NetworkTopologyImpl (NetworkTopologyImpl.java:add(112)) - Added a new node: /default-rack/db4e162f-824b-45a8-bf9a-ee0abe60480f
2023-07-26 19:34:23,261 [main] INFO  net.NetworkTopologyImpl (NetworkTopologyImpl.java:add(112)) - Added a new node: /default-rack/4d0d8e00-9306-4783-b05a-4bac058f241c
2023-07-26 19:34:23,261 [main] INFO  algorithms.ContainerPlacementPolicyFactory (ContainerPlacementPolicyFactory.java:getPolicyInternal(86)) - Create container placement policy of type org.apache.hadoop.hdds.scm.container.placement.algorithms.SCMContainerPlacementRackAware
2023-07-26 19:34:23,261 [main] INFO  algorithms.ContainerPlacementPolicyFactory (ContainerPlacementPolicyFactory.java:getPolicyInternal(86)) - Create container placement policy of type org.apache.hadoop.hdds.scm.container.placement.algorithms.SCMContainerPlacementRackScatter
2023-07-26 19:34:23,265 [main] DEBUG balancer.ContainerBalancerTask (ContainerBalancerTask.java:initializeIteration(374)) - Average utilization of the cluster is 0.3905221552254229
2023-07-26 19:34:23,265 [main] DEBUG balancer.ContainerBalancerTask (ContainerBalancerTask.java:initializeIteration(386)) - Lower limit for utilization is 0.2905221552254229 and Upper limit for utilization is 0.49052215522542286
2023-07-26 19:34:23,265 [main] DEBUG balancer.ContainerBalancerTask (ContainerBalancerTask.java:initializeIteration(398)) - Utilization for node 0c54d9a8-8d7d-48d0-9284-017c4d3cecc2 with capacity 62038416497B, used 55834574848B, and remaining 6203841649B is 0.9000000000112833
2023-07-26 19:34:23,265 [main] DEBUG balancer.ContainerBalancerTask (ContainerBalancerTask.java:initializeIteration(398)) - Utilization for node 0de04f3a-7c3c-445f-9fe4-a0aa1f0f429a with capacity 95294586880B, used 76235669504B, and remaining 19058917376B is 0.8
2023-07-26 19:34:23,266 [main] DEBUG balancer.ContainerBalancerTask (ContainerBalancerTask.java:initializeIteration(398)) - Utilization for node e317ff38-8c6b-4bea-b302-31b7a4f02730 with capacity 79763678354B, used 55834574848B, and remaining 23929103506B is 0.7000000000025074
2023-07-26 19:34:23,266 [main] DEBUG balancer.ContainerBalancerTask (ContainerBalancerTask.java:initializeIteration(398)) - Utilization for node 7f4c684f-f8b2-4b42-a086-8728edfee9c7 with capacity 60845370026B, used 36507222016B, and remaining 24338148010B is 0.600000000006574
2023-07-26 19:34:23,266 [main] DEBUG balancer.ContainerBalancerTask (ContainerBalancerTask.java:initializeIteration(398)) - Utilization for node e9fb04db-628c-4369-8066-22293612e4ab with capacity 66571993088B, used 33285996544B, and remaining 33285996544B is 0.5
2023-07-26 19:34:23,266 [main] DEBUG balancer.ContainerBalancerTask (ContainerBalancerTask.java:initializeIteration(398)) - Utilization for node 4d0d8e00-9306-4783-b05a-4bac058f241c with capacity 134217728000B, used 53687091200B, and remaining 80530636800B is 0.4
2023-07-26 19:34:23,266 [main] DEBUG balancer.ContainerBalancerTask (ContainerBalancerTask.java:initializeIteration(398)) - Utilization for node 6b6aab36-9e1f-4fd8-a30b-6f362d9c224e with capacity 110953321813B, used 33285996544B, and remaining 77667325269B is 0.30000000000090127
2023-07-26 19:34:23,266 [main] DEBUG balancer.ContainerBalancerTask (ContainerBalancerTask.java:initializeIteration(398)) - Utilization for node dc325ac7-cc30-40c0-9d59-a78cdc46113f with capacity 198642237440B, used 39728447488B, and remaining 158913789952B is 0.2
2023-07-26 19:34:23,266 [main] DEBUG balancer.ContainerBalancerTask (ContainerBalancerTask.java:initializeIteration(398)) - Utilization for node fb93aa2f-8033-4a41-8e74-9c7910610a66 with capacity 193273528320B, used 19327352832B, and remaining 173946175488B is 0.1
2023-07-26 19:34:23,266 [main] DEBUG balancer.ContainerBalancerTask (ContainerBalancerTask.java:initializeIteration(398)) - Utilization for node db4e162f-824b-45a8-bf9a-ee0abe60480f with capacity 32212254720B, used 0B, and remaining 32212254720B is 0.0
2023-07-26 19:34:23,266 [main] INFO  balancer.ContainerBalancerTask (ContainerBalancerTask.java:initializeIteration(447)) - Container Balancer has identified 5 Over-Utilized and 3 Under-Utilized Datanodes that need to be balanced.
2023-07-26 19:34:23,267 [main] DEBUG balancer.ContainerBalancerTask (ContainerBalancerTask.java:lambda$initializeIteration$1(453)) - Datanode localhost-111.50.196.26 0c54d9a8-8d7d-48d0-9284-017c4d3cecc2 is Over-Utilized.
2023-07-26 19:34:23,267 [main] DEBUG balancer.ContainerBalancerTask (ContainerBalancerTask.java:lambda$initializeIteration$1(453)) - Datanode localhost-130.66.134.55 0de04f3a-7c3c-445f-9fe4-a0aa1f0f429a is Over-Utilized.
2023-07-26 19:34:23,267 [main] DEBUG balancer.ContainerBalancerTask (ContainerBalancerTask.java:lambda$initializeIteration$1(453)) - Datanode localhost-28.14.217.170 e317ff38-8c6b-4bea-b302-31b7a4f02730 is Over-Utilized.
2023-07-26 19:34:23,267 [main] DEBUG balancer.ContainerBalancerTask (ContainerBalancerTask.java:lambda$initializeIteration$1(453)) - Datanode localhost-195.103.84.151 7f4c684f-f8b2-4b42-a086-8728edfee9c7 is Over-Utilized.
2023-07-26 19:34:23,267 [main] DEBUG balancer.ContainerBalancerTask (ContainerBalancerTask.java:lambda$initializeIteration$1(453)) - Datanode localhost-112.221.255.162 e9fb04db-628c-4369-8066-22293612e4ab is Over-Utilized.
2023-07-26 19:34:23,267 [main] DEBUG balancer.ContainerBalancerTask (ContainerBalancerTask.java:lambda$initializeIteration$2(459)) - Datanode localhost-231.122.51.2 db4e162f-824b-45a8-bf9a-ee0abe60480f is Under-Utilized.
2023-07-26 19:34:23,267 [main] DEBUG balancer.ContainerBalancerTask (ContainerBalancerTask.java:lambda$initializeIteration$2(459)) - Datanode localhost-197.20.232.113 fb93aa2f-8033-4a41-8e74-9c7910610a66 is Under-Utilized.
2023-07-26 19:34:23,267 [main] DEBUG balancer.ContainerBalancerTask (ContainerBalancerTask.java:lambda$initializeIteration$2(459)) - Datanode localhost-241.175.242.159 dc325ac7-cc30-40c0-9d59-a78cdc46113f is Under-Utilized.
2023-07-26 19:34:23,271 [main] DEBUG balancer.ContainerBalancerTask (ContainerBalancerTask.java:matchSourceWithTarget(708)) - ContainerBalancer is finding suitable target for source datanode 0c54d9a8-8d7d-48d0-9284-017c4d3cecc2
2023-07-26 19:34:23,271 [main] INFO  balancer.ContainerBalancerTask (ContainerBalancerTask.java:matchSourceWithTarget(722)) - ContainerBalancer matched source datanode 0c54d9a8-8d7d-48d0-9284-017c4d3cecc2 with target datanode db4e162f-824b-45a8-bf9a-ee0abe60480f for container move.
2023-07-26 19:34:23,271 [main] INFO  balancer.ContainerBalancerTask (ContainerBalancerTask.java:processMoveSelection(569)) - ContainerBalancer is trying to move container #85 with size 5368709120B from source datanode 0c54d9a8-8d7d-48d0-9284-017c4d3cecc2 to target datanode db4e162f-824b-45a8-bf9a-ee0abe60480f
2023-07-26 19:34:23,271 [main] DEBUG balancer.ContainerBalancerTask (ContainerBalancerTask.java:lambda$moveContainer$3(837)) - Container move completed for container #85 from source 0c54d9a8-8d7d-48d0-9284-017c4d3cecc2 to target db4e162f-824b-45a8-bf9a-ee0abe60480f
2023-07-26 19:34:23,275 [main] DEBUG balancer.ContainerBalancerTask (ContainerBalancerTask.java:matchSourceWithTarget(708)) - ContainerBalancer is finding suitable target for source datanode 0c54d9a8-8d7d-48d0-9284-017c4d3cecc2
2023-07-26 19:34:23,275 [main] INFO  balancer.ContainerBalancerTask (ContainerBalancerTask.java:matchSourceWithTarget(722)) - ContainerBalancer matched source datanode 0c54d9a8-8d7d-48d0-9284-017c4d3cecc2 with target datanode fb93aa2f-8033-4a41-8e74-9c7910610a66 for container move.
2023-07-26 19:34:23,275 [main] INFO  balancer.ContainerBalancerTask (ContainerBalancerTask.java:processMoveSelection(569)) - ContainerBalancer is trying to move container #68 with size 5368709120B from source datanode 0c54d9a8-8d7d-48d0-9284-017c4d3cecc2 to target datanode fb93aa2f-8033-4a41-8e74-9c7910610a66
2023-07-26 19:34:23,275 [main] DEBUG balancer.ContainerBalancerTask (ContainerBalancerTask.java:lambda$moveContainer$3(837)) - Container move completed for container #68 from source 0c54d9a8-8d7d-48d0-9284-017c4d3cecc2 to target fb93aa2f-8033-4a41-8e74-9c7910610a66
2023-07-26 19:34:23,281 [main] DEBUG balancer.ContainerBalancerTask (ContainerBalancerTask.java:matchSourceWithTarget(708)) - ContainerBalancer is finding suitable target for source datanode 0de04f3a-7c3c-445f-9fe4-a0aa1f0f429a
2023-07-26 19:34:23,282 [main] INFO  balancer.ContainerBalancerTask (ContainerBalancerTask.java:matchSourceWithTarget(722)) - ContainerBalancer matched source datanode 0de04f3a-7c3c-445f-9fe4-a0aa1f0f429a with target datanode fb93aa2f-8033-4a41-8e74-9c7910610a66 for container move.
2023-07-26 19:34:23,282 [main] INFO  balancer.ContainerBalancerTask (ContainerBalancerTask.java:processMoveSelection(569)) - ContainerBalancer is trying to move container #84 with size 4294967296B from source datanode 0de04f3a-7c3c-445f-9fe4-a0aa1f0f429a to target datanode fb93aa2f-8033-4a41-8e74-9c7910610a66
2023-07-26 19:34:23,282 [main] DEBUG balancer.ContainerBalancerTask (ContainerBalancerTask.java:lambda$moveContainer$3(837)) - Container move completed for container #84 from source 0de04f3a-7c3c-445f-9fe4-a0aa1f0f429a to target fb93aa2f-8033-4a41-8e74-9c7910610a66
2023-07-26 19:34:23,286 [main] DEBUG balancer.ContainerBalancerTask (ContainerBalancerTask.java:matchSourceWithTarget(708)) - ContainerBalancer is finding suitable target for source datanode 0de04f3a-7c3c-445f-9fe4-a0aa1f0f429a
2023-07-26 19:34:23,287 [main] INFO  balancer.ContainerBalancerTask (ContainerBalancerTask.java:matchSourceWithTarget(722)) - ContainerBalancer matched source datanode 0de04f3a-7c3c-445f-9fe4-a0aa1f0f429a with target datanode fb93aa2f-8033-4a41-8e74-9c7910610a66 for container move.
2023-07-26 19:34:23,287 [main] INFO  balancer.ContainerBalancerTask (ContainerBalancerTask.java:processMoveSelection(569)) - ContainerBalancer is trying to move container #67 with size 4294967296B from source datanode 0de04f3a-7c3c-445f-9fe4-a0aa1f0f429a to target datanode fb93aa2f-8033-4a41-8e74-9c7910610a66
2023-07-26 19:34:23,287 [main] DEBUG balancer.ContainerBalancerTask (ContainerBalancerTask.java:lambda$moveContainer$3(837)) - Container move completed for container #67 from source 0de04f3a-7c3c-445f-9fe4-a0aa1f0f429a to target fb93aa2f-8033-4a41-8e74-9c7910610a66
2023-07-26 19:34:23,290 [main] DEBUG balancer.ContainerBalancerTask (ContainerBalancerTask.java:matchSourceWithTarget(708)) - ContainerBalancer is finding suitable target for source datanode 0c54d9a8-8d7d-48d0-9284-017c4d3cecc2
2023-07-26 19:34:23,291 [main] INFO  balancer.ContainerBalancerTask (ContainerBalancerTask.java:matchSourceWithTarget(722)) - ContainerBalancer matched source datanode 0c54d9a8-8d7d-48d0-9284-017c4d3cecc2 with target datanode db4e162f-824b-45a8-bf9a-ee0abe60480f for container move.
2023-07-26 19:34:23,291 [main] INFO  balancer.ContainerBalancerTask (ContainerBalancerTask.java:processMoveSelection(569)) - ContainerBalancer is trying to move container #53 with size 5368709120B from source datanode 0c54d9a8-8d7d-48d0-9284-017c4d3cecc2 to target datanode db4e162f-824b-45a8-bf9a-ee0abe60480f
2023-07-26 19:34:23,291 [main] DEBUG balancer.ContainerBalancerTask (ContainerBalancerTask.java:lambda$moveContainer$3(837)) - Container move completed for container #53 from source 0c54d9a8-8d7d-48d0-9284-017c4d3cecc2 to target db4e162f-824b-45a8-bf9a-ee0abe60480f
2023-07-26 19:34:23,295 [main] DEBUG balancer.ContainerBalancerTask (ContainerBalancerTask.java:matchSourceWithTarget(708)) - ContainerBalancer is finding suitable target for source datanode 0de04f3a-7c3c-445f-9fe4-a0aa1f0f429a
2023-07-26 19:34:23,296 [main] INFO  balancer.ContainerBalancerTask (ContainerBalancerTask.java:matchSourceWithTarget(722)) - ContainerBalancer matched source datanode 0de04f3a-7c3c-445f-9fe4-a0aa1f0f429a with target datanode fb93aa2f-8033-4a41-8e74-9c7910610a66 for container move.
2023-07-26 19:34:23,296 [main] INFO  balancer.ContainerBalancerTask (ContainerBalancerTask.java:processMoveSelection(569)) - ContainerBalancer is trying to move container #39 with size 4294967296B from source datanode 0de04f3a-7c3c-445f-9fe4-a0aa1f0f429a to target datanode fb93aa2f-8033-4a41-8e74-9c7910610a66
2023-07-26 19:34:23,296 [main] DEBUG balancer.ContainerBalancerTask (ContainerBalancerTask.java:lambda$moveContainer$3(837)) - Container move completed for container #39 from source 0de04f3a-7c3c-445f-9fe4-a0aa1f0f429a to target fb93aa2f-8033-4a41-8e74-9c7910610a66
2023-07-26 19:34:23,300 [main] DEBUG balancer.ContainerBalancerTask (ContainerBalancerTask.java:matchSourceWithTarget(708)) - ContainerBalancer is finding suitable target for source datanode e317ff38-8c6b-4bea-b302-31b7a4f02730
2023-07-26 19:34:23,300 [main] INFO  balancer.ContainerBalancerTask (ContainerBalancerTask.java:matchSourceWithTarget(722)) - ContainerBalancer matched source datanode e317ff38-8c6b-4bea-b302-31b7a4f02730 with target datanode fb93aa2f-8033-4a41-8e74-9c7910610a66 for container move.
2023-07-26 19:34:23,300 [main] INFO  balancer.ContainerBalancerTask (ContainerBalancerTask.java:processMoveSelection(569)) - ContainerBalancer is trying to move container #40 with size 5368709120B from source datanode e317ff38-8c6b-4bea-b302-31b7a4f02730 to target datanode fb93aa2f-8033-4a41-8e74-9c7910610a66
2023-07-26 19:34:23,301 [main] DEBUG balancer.ContainerBalancerTask (ContainerBalancerTask.java:lambda$moveContainer$3(837)) - Container move completed for container #40 from source e317ff38-8c6b-4bea-b302-31b7a4f02730 to target fb93aa2f-8033-4a41-8e74-9c7910610a66
2023-07-26 19:34:23,305 [main] DEBUG balancer.ContainerBalancerTask (ContainerBalancerTask.java:matchSourceWithTarget(708)) - ContainerBalancer is finding suitable target for source datanode 0de04f3a-7c3c-445f-9fe4-a0aa1f0f429a
2023-07-26 19:34:23,305 [main] INFO  balancer.ContainerBalancerTask (ContainerBalancerTask.java:matchSourceWithTarget(722)) - ContainerBalancer matched source datanode 0de04f3a-7c3c-445f-9fe4-a0aa1f0f429a with target datanode dc325ac7-cc30-40c0-9d59-a78cdc46113f for container move.
2023-07-26 19:34:23,305 [main] INFO  balancer.ContainerBalancerTask (ContainerBalancerTask.java:processMoveSelection(569)) - ContainerBalancer is trying to move container #29 with size 5368709120B from source datanode 0de04f3a-7c3c-445f-9fe4-a0aa1f0f429a to target datanode dc325ac7-cc30-40c0-9d59-a78cdc46113f
2023-07-26 19:34:23,306 [main] DEBUG balancer.ContainerBalancerTask (ContainerBalancerTask.java:lambda$moveContainer$3(837)) - Container move completed for container #29 from source 0de04f3a-7c3c-445f-9fe4-a0aa1f0f429a to target dc325ac7-cc30-40c0-9d59-a78cdc46113f
2023-07-26 19:34:23,309 [main] DEBUG balancer.ContainerBalancerTask (ContainerBalancerTask.java:matchSourceWithTarget(708)) - ContainerBalancer is finding suitable target for source datanode 0c54d9a8-8d7d-48d0-9284-017c4d3cecc2
2023-07-26 19:34:23,309 [main] INFO  balancer.ContainerBalancerTask (ContainerBalancerTask.java:matchSourceWithTarget(722)) - ContainerBalancer matched source datanode 0c54d9a8-8d7d-48d0-9284-017c4d3cecc2 with target datanode fb93aa2f-8033-4a41-8e74-9c7910610a66 for container move.
2023-07-26 19:34:23,310 [main] INFO  balancer.ContainerBalancerTask (ContainerBalancerTask.java:processMoveSelection(569)) - ContainerBalancer is trying to move container #19 with size 4294967296B from source datanode 0c54d9a8-8d7d-48d0-9284-017c4d3cecc2 to target datanode fb93aa2f-8033-4a41-8e74-9c7910610a66
2023-07-26 19:34:23,310 [main] DEBUG balancer.ContainerBalancerTask (ContainerBalancerTask.java:lambda$moveContainer$3(837)) - Container move completed for container #19 from source 0c54d9a8-8d7d-48d0-9284-017c4d3cecc2 to target fb93aa2f-8033-4a41-8e74-9c7910610a66
2023-07-26 19:34:23,314 [main] DEBUG balancer.ContainerBalancerTask (ContainerBalancerTask.java:matchSourceWithTarget(708)) - ContainerBalancer is finding suitable target for source datanode e317ff38-8c6b-4bea-b302-31b7a4f02730
2023-07-26 19:34:23,314 [main] INFO  balancer.ContainerBalancerTask (ContainerBalancerTask.java:matchSourceWithTarget(722)) - ContainerBalancer matched source datanode e317ff38-8c6b-4bea-b302-31b7a4f02730 with target datanode dc325ac7-cc30-40c0-9d59-a78cdc46113f for container move.
2023-07-26 19:34:23,314 [main] INFO  balancer.ContainerBalancerTask (ContainerBalancerTask.java:processMoveSelection(569)) - ContainerBalancer is trying to move container #52 with size 4294967296B from source datanode e317ff38-8c6b-4bea-b302-31b7a4f02730 to target datanode dc325ac7-cc30-40c0-9d59-a78cdc46113f
2023-07-26 19:34:23,314 [main] DEBUG balancer.ContainerBalancerTask (ContainerBalancerTask.java:lambda$moveContainer$3(837)) - Container move completed for container #52 from source e317ff38-8c6b-4bea-b302-31b7a4f02730 to target dc325ac7-cc30-40c0-9d59-a78cdc46113f
2023-07-26 19:34:23,319 [main] DEBUG balancer.ContainerBalancerTask (ContainerBalancerTask.java:matchSourceWithTarget(708)) - ContainerBalancer is finding suitable target for source datanode 0de04f3a-7c3c-445f-9fe4-a0aa1f0f429a
2023-07-26 19:34:23,319 [main] INFO  balancer.ContainerBalancerTask (ContainerBalancerTask.java:matchSourceWithTarget(722)) - ContainerBalancer matched source datanode 0de04f3a-7c3c-445f-9fe4-a0aa1f0f429a with target datanode fb93aa2f-8033-4a41-8e74-9c7910610a66 for container move.
2023-07-26 19:34:23,319 [main] INFO  balancer.ContainerBalancerTask (ContainerBalancerTask.java:processMoveSelection(569)) - ContainerBalancer is trying to move container #88 with size 3221225472B from source datanode 0de04f3a-7c3c-445f-9fe4-a0aa1f0f429a to target datanode fb93aa2f-8033-4a41-8e74-9c7910610a66
2023-07-26 19:34:23,319 [main] DEBUG balancer.ContainerBalancerTask (ContainerBalancerTask.java:lambda$moveContainer$3(837)) - Container move completed for container #88 from source 0de04f3a-7c3c-445f-9fe4-a0aa1f0f429a to target fb93aa2f-8033-4a41-8e74-9c7910610a66
2023-07-26 19:34:23,322 [main] DEBUG balancer.ContainerBalancerTask (ContainerBalancerTask.java:matchSourceWithTarget(708)) - ContainerBalancer is finding suitable target for source datanode 7f4c684f-f8b2-4b42-a086-8728edfee9c7
2023-07-26 19:34:23,322 [main] INFO  balancer.ContainerBalancerTask (ContainerBalancerTask.java:matchSourceWithTarget(722)) - ContainerBalancer matched source datanode 7f4c684f-f8b2-4b42-a086-8728edfee9c7 with target datanode dc325ac7-cc30-40c0-9d59-a78cdc46113f for container move.
2023-07-26 19:34:23,322 [main] INFO  balancer.ContainerBalancerTask (ContainerBalancerTask.java:processMoveSelection(569)) - ContainerBalancer is trying to move container #83 with size 3221225472B from source datanode 7f4c684f-f8b2-4b42-a086-8728edfee9c7 to target datanode dc325ac7-cc30-40c0-9d59-a78cdc46113f
2023-07-26 19:34:23,323 [main] DEBUG balancer.ContainerBalancerTask (ContainerBalancerTask.java:lambda$moveContainer$3(837)) - Container move completed for container #83 from source 7f4c684f-f8b2-4b42-a086-8728edfee9c7 to target dc325ac7-cc30-40c0-9d59-a78cdc46113f
2023-07-26 19:34:23,327 [main] DEBUG balancer.ContainerBalancerTask (ContainerBalancerTask.java:matchSourceWithTarget(708)) - ContainerBalancer is finding suitable target for source datanode e317ff38-8c6b-4bea-b302-31b7a4f02730
2023-07-26 19:34:23,327 [main] INFO  balancer.ContainerBalancerTask (ContainerBalancerTask.java:matchSourceWithTarget(722)) - ContainerBalancer matched source datanode e317ff38-8c6b-4bea-b302-31b7a4f02730 with target datanode fb93aa2f-8033-4a41-8e74-9c7910610a66 for container move.
2023-07-26 19:34:23,327 [main] INFO  balancer.ContainerBalancerTask (ContainerBalancerTask.java:processMoveSelection(569)) - ContainerBalancer is trying to move container #28 with size 4294967296B from source datanode e317ff38-8c6b-4bea-b302-31b7a4f02730 to target datanode fb93aa2f-8033-4a41-8e74-9c7910610a66
2023-07-26 19:34:23,327 [main] DEBUG balancer.ContainerBalancerTask (ContainerBalancerTask.java:lambda$moveContainer$3(837)) - Container move completed for container #28 from source e317ff38-8c6b-4bea-b302-31b7a4f02730 to target fb93aa2f-8033-4a41-8e74-9c7910610a66
2023-07-26 19:34:23,332 [main] DEBUG balancer.ContainerBalancerTask (ContainerBalancerTask.java:matchSourceWithTarget(708)) - ContainerBalancer is finding suitable target for source datanode 0de04f3a-7c3c-445f-9fe4-a0aa1f0f429a
2023-07-26 19:34:23,332 [main] INFO  balancer.ContainerBalancerTask (ContainerBalancerTask.java:matchSourceWithTarget(722)) - ContainerBalancer matched source datanode 0de04f3a-7c3c-445f-9fe4-a0aa1f0f429a with target datanode dc325ac7-cc30-40c0-9d59-a78cdc46113f for container move.
2023-07-26 19:34:23,332 [main] INFO  balancer.ContainerBalancerTask (ContainerBalancerTask.java:processMoveSelection(569)) - ContainerBalancer is trying to move container #89 with size 4294967296B from source datanode 0de04f3a-7c3c-445f-9fe4-a0aa1f0f429a to target datanode dc325ac7-cc30-40c0-9d59-a78cdc46113f
2023-07-26 19:34:23,332 [main] DEBUG balancer.ContainerBalancerTask (ContainerBalancerTask.java:lambda$moveContainer$3(837)) - Container move completed for container #89 from source 0de04f3a-7c3c-445f-9fe4-a0aa1f0f429a to target dc325ac7-cc30-40c0-9d59-a78cdc46113f
2023-07-26 19:34:23,336 [main] DEBUG balancer.ContainerBalancerTask (ContainerBalancerTask.java:matchSourceWithTarget(708)) - ContainerBalancer is finding suitable target for source datanode 0c54d9a8-8d7d-48d0-9284-017c4d3cecc2
2023-07-26 19:34:23,336 [main] INFO  balancer.ContainerBalancerTask (ContainerBalancerTask.java:matchSourceWithTarget(722)) - ContainerBalancer matched source datanode 0c54d9a8-8d7d-48d0-9284-017c4d3cecc2 with target datanode fb93aa2f-8033-4a41-8e74-9c7910610a66 for container move.
2023-07-26 19:34:23,336 [main] INFO  balancer.ContainerBalancerTask (ContainerBalancerTask.java:processMoveSelection(569)) - ContainerBalancer is trying to move container #71 with size 3221225472B from source datanode 0c54d9a8-8d7d-48d0-9284-017c4d3cecc2 to target datanode fb93aa2f-8033-4a41-8e74-9c7910610a66
2023-07-26 19:34:23,336 [main] DEBUG balancer.ContainerBalancerTask (ContainerBalancerTask.java:lambda$moveContainer$3(837)) - Container move completed for container #71 from source 0c54d9a8-8d7d-48d0-9284-017c4d3cecc2 to target fb93aa2f-8033-4a41-8e74-9c7910610a66
2023-07-26 19:34:23,338 [main] DEBUG balancer.ContainerBalancerTask (ContainerBalancerTask.java:matchSourceWithTarget(708)) - ContainerBalancer is finding suitable target for source datanode 7f4c684f-f8b2-4b42-a086-8728edfee9c7
2023-07-26 19:34:23,338 [main] INFO  balancer.ContainerBalancerTask (ContainerBalancerTask.java:matchSourceWithTarget(722)) - ContainerBalancer matched source datanode 7f4c684f-f8b2-4b42-a086-8728edfee9c7 with target datanode dc325ac7-cc30-40c0-9d59-a78cdc46113f for container move.
2023-07-26 19:34:23,338 [main] INFO  balancer.ContainerBalancerTask (ContainerBalancerTask.java:processMoveSelection(569)) - ContainerBalancer is trying to move container #38 with size 3221225472B from source datanode 7f4c684f-f8b2-4b42-a086-8728edfee9c7 to target datanode dc325ac7-cc30-40c0-9d59-a78cdc46113f
2023-07-26 19:34:23,339 [main] DEBUG balancer.ContainerBalancerTask (ContainerBalancerTask.java:lambda$moveContainer$3(837)) - Container move completed for container #38 from source 7f4c684f-f8b2-4b42-a086-8728edfee9c7 to target dc325ac7-cc30-40c0-9d59-a78cdc46113f
2023-07-26 19:34:23,343 [main] DEBUG balancer.ContainerBalancerTask (ContainerBalancerTask.java:matchSourceWithTarget(708)) - ContainerBalancer is finding suitable target for source datanode 0de04f3a-7c3c-445f-9fe4-a0aa1f0f429a
2023-07-26 19:34:23,343 [main] INFO  balancer.ContainerBalancerTask (ContainerBalancerTask.java:matchSourceWithTarget(722)) - ContainerBalancer matched source datanode 0de04f3a-7c3c-445f-9fe4-a0aa1f0f429a with target datanode fb93aa2f-8033-4a41-8e74-9c7910610a66 for container move.
2023-07-26 19:34:23,344 [main] INFO  balancer.ContainerBalancerTask (ContainerBalancerTask.java:processMoveSelection(569)) - ContainerBalancer is trying to move container #87 with size 2147483648B from source datanode 0de04f3a-7c3c-445f-9fe4-a0aa1f0f429a to target datanode fb93aa2f-8033-4a41-8e74-9c7910610a66
2023-07-26 19:34:23,344 [main] DEBUG balancer.ContainerBalancerTask (ContainerBalancerTask.java:lambda$moveContainer$3(837)) - Container move completed for container #87 from source 0de04f3a-7c3c-445f-9fe4-a0aa1f0f429a to target fb93aa2f-8033-4a41-8e74-9c7910610a66
2023-07-26 19:34:23,348 [main] DEBUG balancer.ContainerBalancerTask (ContainerBalancerTask.java:matchSourceWithTarget(708)) - ContainerBalancer is finding suitable target for source datanode e317ff38-8c6b-4bea-b302-31b7a4f02730
2023-07-26 19:34:23,349 [main] INFO  balancer.ContainerBalancerTask (ContainerBalancerTask.java:matchSourceWithTarget(722)) - ContainerBalancer matched source datanode e317ff38-8c6b-4bea-b302-31b7a4f02730 with target datanode dc325ac7-cc30-40c0-9d59-a78cdc46113f for container move.
2023-07-26 19:34:23,349 [main] INFO  balancer.ContainerBalancerTask (ContainerBalancerTask.java:processMoveSelection(569)) - ContainerBalancer is trying to move container #55 with size 2147483648B from source datanode e317ff38-8c6b-4bea-b302-31b7a4f02730 to target datanode dc325ac7-cc30-40c0-9d59-a78cdc46113f
2023-07-26 19:34:23,349 [main] DEBUG balancer.ContainerBalancerTask (ContainerBalancerTask.java:lambda$moveContainer$3(837)) - Container move completed for container #55 from source e317ff38-8c6b-4bea-b302-31b7a4f02730 to target dc325ac7-cc30-40c0-9d59-a78cdc46113f
2023-07-26 19:34:23,353 [main] DEBUG balancer.ContainerBalancerTask (ContainerBalancerTask.java:matchSourceWithTarget(708)) - ContainerBalancer is finding suitable target for source datanode 0c54d9a8-8d7d-48d0-9284-017c4d3cecc2
2023-07-26 19:34:23,353 [main] INFO  balancer.ContainerBalancerTask (ContainerBalancerTask.java:matchSourceWithTarget(722)) - ContainerBalancer matched source datanode 0c54d9a8-8d7d-48d0-9284-017c4d3cecc2 with target datanode fb93aa2f-8033-4a41-8e74-9c7910610a66 for container move.
2023-07-26 19:34:23,353 [main] INFO  balancer.ContainerBalancerTask (ContainerBalancerTask.java:processMoveSelection(569)) - ContainerBalancer is trying to move container #27 with size 3221225472B from source datanode 0c54d9a8-8d7d-48d0-9284-017c4d3cecc2 to target datanode fb93aa2f-8033-4a41-8e74-9c7910610a66
2023-07-26 19:34:23,353 [main] DEBUG balancer.ContainerBalancerTask (ContainerBalancerTask.java:lambda$moveContainer$3(837)) - Container move completed for container #27 from source 0c54d9a8-8d7d-48d0-9284-017c4d3cecc2 to target fb93aa2f-8033-4a41-8e74-9c7910610a66
2023-07-26 19:34:23,358 [main] DEBUG balancer.ContainerBalancerTask (ContainerBalancerTask.java:matchSourceWithTarget(701)) - ContainerBalancer could not find any candidate containers for datanode 0de04f3a-7c3c-445f-9fe4-a0aa1f0f429a
2023-07-26 19:34:23,359 [main] DEBUG balancer.ContainerBalancerTask (ContainerBalancerTask.java:matchSourceWithTarget(708)) - ContainerBalancer is finding suitable target for source datanode e9fb04db-628c-4369-8066-22293612e4ab
2023-07-26 19:34:23,359 [main] INFO  balancer.ContainerBalancerTask (ContainerBalancerTask.java:matchSourceWithTarget(722)) - ContainerBalancer matched source datanode e9fb04db-628c-4369-8066-22293612e4ab with target datanode dc325ac7-cc30-40c0-9d59-a78cdc46113f for container move.
2023-07-26 19:34:23,359 [main] INFO  balancer.ContainerBalancerTask (ContainerBalancerTask.java:processMoveSelection(569)) - ContainerBalancer is trying to move container #26 with size 2147483648B from source datanode e9fb04db-628c-4369-8066-22293612e4ab to target datanode dc325ac7-cc30-40c0-9d59-a78cdc46113f
2023-07-26 19:34:23,359 [main] DEBUG balancer.ContainerBalancerTask (ContainerBalancerTask.java:lambda$moveContainer$3(837)) - Container move completed for container #26 from source e9fb04db-628c-4369-8066-22293612e4ab to target dc325ac7-cc30-40c0-9d59-a78cdc46113f
2023-07-26 19:34:23,364 [main] DEBUG balancer.ContainerBalancerTask (ContainerBalancerTask.java:matchSourceWithTarget(708)) - ContainerBalancer is finding suitable target for source datanode e317ff38-8c6b-4bea-b302-31b7a4f02730
2023-07-26 19:34:23,364 [main] INFO  balancer.ContainerBalancerTask (ContainerBalancerTask.java:matchSourceWithTarget(722)) - ContainerBalancer matched source datanode e317ff38-8c6b-4bea-b302-31b7a4f02730 with target datanode dc325ac7-cc30-40c0-9d59-a78cdc46113f for container move.
2023-07-26 19:34:23,364 [main] INFO  balancer.ContainerBalancerTask (ContainerBalancerTask.java:processMoveSelection(569)) - ContainerBalancer is trying to move container #37 with size 2147483648B from source datanode e317ff38-8c6b-4bea-b302-31b7a4f02730 to target datanode dc325ac7-cc30-40c0-9d59-a78cdc46113f
2023-07-26 19:34:23,364 [main] DEBUG balancer.ContainerBalancerTask (ContainerBalancerTask.java:lambda$moveContainer$3(837)) - Container move completed for container #37 from source e317ff38-8c6b-4bea-b302-31b7a4f02730 to target dc325ac7-cc30-40c0-9d59-a78cdc46113f
2023-07-26 19:34:23,366 [main] DEBUG balancer.ContainerBalancerTask (ContainerBalancerTask.java:matchSourceWithTarget(708)) - ContainerBalancer is finding suitable target for source datanode 7f4c684f-f8b2-4b42-a086-8728edfee9c7
2023-07-26 19:34:23,366 [main] INFO  balancer.ContainerBalancerTask (ContainerBalancerTask.java:matchSourceWithTarget(722)) - ContainerBalancer matched source datanode 7f4c684f-f8b2-4b42-a086-8728edfee9c7 with target datanode fb93aa2f-8033-4a41-8e74-9c7910610a66 for container move.
2023-07-26 19:34:23,366 [main] INFO  balancer.ContainerBalancerTask (ContainerBalancerTask.java:processMoveSelection(569)) - ContainerBalancer is trying to move container #11 with size 3221225472B from source datanode 7f4c684f-f8b2-4b42-a086-8728edfee9c7 to target datanode fb93aa2f-8033-4a41-8e74-9c7910610a66
2023-07-26 19:34:23,366 [main] DEBUG balancer.ContainerBalancerTask (ContainerBalancerTask.java:lambda$moveContainer$3(837)) - Container move completed for container #11 from source 7f4c684f-f8b2-4b42-a086-8728edfee9c7 to target fb93aa2f-8033-4a41-8e74-9c7910610a66
2023-07-26 19:34:23,369 [main] DEBUG balancer.ContainerBalancerTask (ContainerBalancerTask.java:matchSourceWithTarget(708)) - ContainerBalancer is finding suitable target for source datanode e317ff38-8c6b-4bea-b302-31b7a4f02730
2023-07-26 19:34:23,369 [main] INFO  balancer.ContainerBalancerTask (ContainerBalancerTask.java:matchSourceWithTarget(722)) - ContainerBalancer matched source datanode e317ff38-8c6b-4bea-b302-31b7a4f02730 with target datanode db4e162f-824b-45a8-bf9a-ee0abe60480f for container move.
2023-07-26 19:34:23,369 [main] INFO  balancer.ContainerBalancerTask (ContainerBalancerTask.java:processMoveSelection(569)) - ContainerBalancer is trying to move container #51 with size 3221225472B from source datanode e317ff38-8c6b-4bea-b302-31b7a4f02730 to target datanode db4e162f-824b-45a8-bf9a-ee0abe60480f
2023-07-26 19:34:23,369 [main] DEBUG balancer.ContainerBalancerTask (ContainerBalancerTask.java:lambda$moveContainer$3(837)) - Container move completed for container #51 from source e317ff38-8c6b-4bea-b302-31b7a4f02730 to target db4e162f-824b-45a8-bf9a-ee0abe60480f
2023-07-26 19:34:23,370 [main] DEBUG balancer.ContainerBalancerTask (ContainerBalancerTask.java:matchSourceWithTarget(708)) - ContainerBalancer is finding suitable target for source datanode e9fb04db-628c-4369-8066-22293612e4ab
2023-07-26 19:34:23,370 [main] INFO  balancer.ContainerBalancerTask (ContainerBalancerTask.java:matchSourceWithTarget(722)) - ContainerBalancer matched source datanode e9fb04db-628c-4369-8066-22293612e4ab with target datanode dc325ac7-cc30-40c0-9d59-a78cdc46113f for container move.
2023-07-26 19:34:23,371 [main] INFO  balancer.ContainerBalancerTask (ContainerBalancerTask.java:processMoveSelection(569)) - ContainerBalancer is trying to move container #49 with size 1073741824B from source datanode e9fb04db-628c-4369-8066-22293612e4ab to target datanode dc325ac7-cc30-40c0-9d59-a78cdc46113f
2023-07-26 19:34:23,371 [main] DEBUG balancer.ContainerBalancerTask (ContainerBalancerTask.java:lambda$moveContainer$3(837)) - Container move completed for container #49 from source e9fb04db-628c-4369-8066-22293612e4ab to target dc325ac7-cc30-40c0-9d59-a78cdc46113f
2023-07-26 19:34:23,373 [main] DEBUG balancer.ContainerBalancerTask (ContainerBalancerTask.java:matchSourceWithTarget(708)) - ContainerBalancer is finding suitable target for source datanode 0c54d9a8-8d7d-48d0-9284-017c4d3cecc2
2023-07-26 19:34:23,373 [main] INFO  balancer.ContainerBalancerTask (ContainerBalancerTask.java:matchSourceWithTarget(722)) - ContainerBalancer matched source datanode 0c54d9a8-8d7d-48d0-9284-017c4d3cecc2 with target datanode dc325ac7-cc30-40c0-9d59-a78cdc46113f for container move.
2023-07-26 19:34:23,373 [main] INFO  balancer.ContainerBalancerTask (ContainerBalancerTask.java:processMoveSelection(569)) - ContainerBalancer is trying to move container #86 with size 1073741824B from source datanode 0c54d9a8-8d7d-48d0-9284-017c4d3cecc2 to target datanode dc325ac7-cc30-40c0-9d59-a78cdc46113f
2023-07-26 19:34:23,373 [main] DEBUG balancer.ContainerBalancerTask (ContainerBalancerTask.java:lambda$moveContainer$3(837)) - Container move completed for container #86 from source 0c54d9a8-8d7d-48d0-9284-017c4d3cecc2 to target dc325ac7-cc30-40c0-9d59-a78cdc46113f
2023-07-26 19:34:23,374 [main] DEBUG balancer.ContainerBalancerTask (ContainerBalancerTask.java:matchSourceWithTarget(708)) - ContainerBalancer is finding suitable target for source datanode e9fb04db-628c-4369-8066-22293612e4ab
2023-07-26 19:34:23,375 [main] INFO  balancer.ContainerBalancerTask (ContainerBalancerTask.java:matchSourceWithTarget(722)) - ContainerBalancer matched source datanode e9fb04db-628c-4369-8066-22293612e4ab with target datanode fb93aa2f-8033-4a41-8e74-9c7910610a66 for container move.
2023-07-26 19:34:23,375 [main] INFO  balancer.ContainerBalancerTask (ContainerBalancerTask.java:processMoveSelection(569)) - ContainerBalancer is trying to move container #25 with size 1073741824B from source datanode e9fb04db-628c-4369-8066-22293612e4ab to target datanode fb93aa2f-8033-4a41-8e74-9c7910610a66
2023-07-26 19:34:23,375 [main] DEBUG balancer.ContainerBalancerTask (ContainerBalancerTask.java:lambda$moveContainer$3(837)) - Container move completed for container #25 from source e9fb04db-628c-4369-8066-22293612e4ab to target fb93aa2f-8033-4a41-8e74-9c7910610a66
2023-07-26 19:34:23,377 [main] DEBUG balancer.ContainerBalancerTask (ContainerBalancerTask.java:matchSourceWithTarget(701)) - ContainerBalancer could not find any candidate containers for datanode 0c54d9a8-8d7d-48d0-9284-017c4d3cecc2
2023-07-26 19:34:23,378 [main] DEBUG balancer.ContainerBalancerTask (ContainerBalancerTask.java:matchSourceWithTarget(708)) - ContainerBalancer is finding suitable target for source datanode 7f4c684f-f8b2-4b42-a086-8728edfee9c7
2023-07-26 19:34:23,379 [main] INFO  balancer.ContainerBalancerTask (ContainerBalancerTask.java:matchSourceWithTarget(722)) - ContainerBalancer matched source datanode 7f4c684f-f8b2-4b42-a086-8728edfee9c7 with target datanode dc325ac7-cc30-40c0-9d59-a78cdc46113f for container move.
2023-07-26 19:34:23,379 [main] INFO  balancer.ContainerBalancerTask (ContainerBalancerTask.java:processMoveSelection(569)) - ContainerBalancer is trying to move container #81 with size 1073741824B from source datanode 7f4c684f-f8b2-4b42-a086-8728edfee9c7 to target datanode dc325ac7-cc30-40c0-9d59-a78cdc46113f
2023-07-26 19:34:23,379 [main] DEBUG balancer.ContainerBalancerTask (ContainerBalancerTask.java:lambda$moveContainer$3(837)) - Container move completed for container #81 from source 7f4c684f-f8b2-4b42-a086-8728edfee9c7 to target dc325ac7-cc30-40c0-9d59-a78cdc46113f
2023-07-26 19:34:23,380 [main] DEBUG balancer.ContainerBalancerTask (ContainerBalancerTask.java:matchSourceWithTarget(708)) - ContainerBalancer is finding suitable target for source datanode e9fb04db-628c-4369-8066-22293612e4ab
2023-07-26 19:34:23,380 [main] INFO  balancer.ContainerBalancerTask (ContainerBalancerTask.java:matchSourceWithTarget(722)) - ContainerBalancer matched source datanode e9fb04db-628c-4369-8066-22293612e4ab with target datanode fb93aa2f-8033-4a41-8e74-9c7910610a66 for container move.
2023-07-26 19:34:23,380 [main] INFO  balancer.ContainerBalancerTask (ContainerBalancerTask.java:processMoveSelection(569)) - ContainerBalancer is trying to move container #9 with size 1073741824B from source datanode e9fb04db-628c-4369-8066-22293612e4ab to target datanode fb93aa2f-8033-4a41-8e74-9c7910610a66
2023-07-26 19:34:23,380 [main] DEBUG balancer.ContainerBalancerTask (ContainerBalancerTask.java:lambda$moveContainer$3(837)) - Container move completed for container #9 from source e9fb04db-628c-4369-8066-22293612e4ab to target fb93aa2f-8033-4a41-8e74-9c7910610a66
2023-07-26 19:34:23,383 [main] DEBUG balancer.ContainerBalancerTask (ContainerBalancerTask.java:matchSourceWithTarget(708)) - ContainerBalancer is finding suitable target for source datanode e317ff38-8c6b-4bea-b302-31b7a4f02730
2023-07-26 19:34:23,383 [main] INFO  balancer.ContainerBalancerTask (ContainerBalancerTask.java:matchSourceWithTarget(722)) - ContainerBalancer matched source datanode e317ff38-8c6b-4bea-b302-31b7a4f02730 with target datanode dc325ac7-cc30-40c0-9d59-a78cdc46113f for container move.
2023-07-26 19:34:23,383 [main] INFO  balancer.ContainerBalancerTask (ContainerBalancerTask.java:processMoveSelection(569)) - ContainerBalancer is trying to move container #17 with size 2147483648B from source datanode e317ff38-8c6b-4bea-b302-31b7a4f02730 to target datanode dc325ac7-cc30-40c0-9d59-a78cdc46113f
2023-07-26 19:34:23,383 [main] DEBUG balancer.ContainerBalancerTask (ContainerBalancerTask.java:lambda$moveContainer$3(837)) - Container move completed for container #17 from source e317ff38-8c6b-4bea-b302-31b7a4f02730 to target dc325ac7-cc30-40c0-9d59-a78cdc46113f
2023-07-26 19:34:23,385 [main] DEBUG balancer.ContainerBalancerTask (ContainerBalancerTask.java:matchSourceWithTarget(708)) - ContainerBalancer is finding suitable target for source datanode 7f4c684f-f8b2-4b42-a086-8728edfee9c7
2023-07-26 19:34:23,385 [main] INFO  balancer.ContainerBalancerTask (ContainerBalancerTask.java:matchSourceWithTarget(722)) - ContainerBalancer matched source datanode 7f4c684f-f8b2-4b42-a086-8728edfee9c7 with target datanode fb93aa2f-8033-4a41-8e74-9c7910610a66 for container move.
2023-07-26 19:34:23,385 [main] INFO  balancer.ContainerBalancerTask (ContainerBalancerTask.java:processMoveSelection(569)) - ContainerBalancer is trying to move container #50 with size 2147483648B from source datanode 7f4c684f-f8b2-4b42-a086-8728edfee9c7 to target datanode fb93aa2f-8033-4a41-8e74-9c7910610a66
2023-07-26 19:34:23,385 [main] DEBUG balancer.ContainerBalancerTask (ContainerBalancerTask.java:lambda$moveContainer$3(837)) - Container move completed for container #50 from source 7f4c684f-f8b2-4b42-a086-8728edfee9c7 to target fb93aa2f-8033-4a41-8e74-9c7910610a66
2023-07-26 19:34:23,386 [main] DEBUG balancer.ContainerBalancerTask (ContainerBalancerTask.java:matchSourceWithTarget(708)) - ContainerBalancer is finding suitable target for source datanode e9fb04db-628c-4369-8066-22293612e4ab
2023-07-26 19:34:23,386 [main] INFO  balancer.ContainerBalancerTask (ContainerBalancerTask.java:matchSourceWithTarget(722)) - ContainerBalancer matched source datanode e9fb04db-628c-4369-8066-22293612e4ab with target datanode fb93aa2f-8033-4a41-8e74-9c7910610a66 for container move.
2023-07-26 19:34:23,386 [main] INFO  balancer.ContainerBalancerTask (ContainerBalancerTask.java:processMoveSelection(569)) - ContainerBalancer is trying to move container #4 with size 1073741824B from source datanode e9fb04db-628c-4369-8066-22293612e4ab to target datanode fb93aa2f-8033-4a41-8e74-9c7910610a66
2023-07-26 19:34:23,387 [main] DEBUG balancer.ContainerBalancerTask (ContainerBalancerTask.java:lambda$moveContainer$3(837)) - Container move completed for container #4 from source e9fb04db-628c-4369-8066-22293612e4ab to target fb93aa2f-8033-4a41-8e74-9c7910610a66
2023-07-26 19:34:23,389 [main] DEBUG balancer.ContainerBalancerTask (ContainerBalancerTask.java:matchSourceWithTarget(708)) - ContainerBalancer is finding suitable target for source datanode e317ff38-8c6b-4bea-b302-31b7a4f02730
2023-07-26 19:34:23,389 [main] INFO  balancer.ContainerBalancerTask (ContainerBalancerTask.java:matchSourceWithTarget(722)) - ContainerBalancer matched source datanode e317ff38-8c6b-4bea-b302-31b7a4f02730 with target datanode dc325ac7-cc30-40c0-9d59-a78cdc46113f for container move.
2023-07-26 19:34:23,391 [main] INFO  balancer.ContainerBalancerTask (ContainerBalancerTask.java:processMoveSelection(569)) - ContainerBalancer is trying to move container #69 with size 1073741824B from source datanode e317ff38-8c6b-4bea-b302-31b7a4f02730 to target datanode dc325ac7-cc30-40c0-9d59-a78cdc46113f
2023-07-26 19:34:23,391 [main] DEBUG balancer.ContainerBalancerTask (ContainerBalancerTask.java:lambda$moveContainer$3(837)) - Container move completed for container #69 from source e317ff38-8c6b-4bea-b302-31b7a4f02730 to target dc325ac7-cc30-40c0-9d59-a78cdc46113f
2023-07-26 19:34:23,392 [main] DEBUG balancer.ContainerBalancerTask (ContainerBalancerTask.java:matchSourceWithTarget(701)) - ContainerBalancer could not find any candidate containers for datanode e9fb04db-628c-4369-8066-22293612e4ab
2023-07-26 19:34:23,394 [main] DEBUG balancer.ContainerBalancerTask (ContainerBalancerTask.java:matchSourceWithTarget(708)) - ContainerBalancer is finding suitable target for source datanode e317ff38-8c6b-4bea-b302-31b7a4f02730
2023-07-26 19:34:23,395 [main] INFO  balancer.ContainerBalancerTask (ContainerBalancerTask.java:matchSourceWithTarget(722)) - ContainerBalancer matched source datanode e317ff38-8c6b-4bea-b302-31b7a4f02730 with target datanode dc325ac7-cc30-40c0-9d59-a78cdc46113f for container move.
2023-07-26 19:34:23,395 [main] INFO  balancer.ContainerBalancerTask (ContainerBalancerTask.java:processMoveSelection(569)) - ContainerBalancer is trying to move container #41 with size 1073741824B from source datanode e317ff38-8c6b-4bea-b302-31b7a4f02730 to target datanode dc325ac7-cc30-40c0-9d59-a78cdc46113f
2023-07-26 19:34:23,395 [main] DEBUG balancer.ContainerBalancerTask (ContainerBalancerTask.java:lambda$moveContainer$3(837)) - Container move completed for container #41 from source e317ff38-8c6b-4bea-b302-31b7a4f02730 to target dc325ac7-cc30-40c0-9d59-a78cdc46113f
2023-07-26 19:34:23,396 [main] DEBUG balancer.ContainerBalancerTask (ContainerBalancerTask.java:matchSourceWithTarget(708)) - ContainerBalancer is finding suitable target for source datanode 7f4c684f-f8b2-4b42-a086-8728edfee9c7
2023-07-26 19:34:23,396 [main] INFO  balancer.ContainerBalancerTask (ContainerBalancerTask.java:matchSourceWithTarget(722)) - ContainerBalancer matched source datanode 7f4c684f-f8b2-4b42-a086-8728edfee9c7 with target datanode fb93aa2f-8033-4a41-8e74-9c7910610a66 for container move.
2023-07-26 19:34:23,396 [main] INFO  balancer.ContainerBalancerTask (ContainerBalancerTask.java:processMoveSelection(569)) - ContainerBalancer is trying to move container #36 with size 1073741824B from source datanode 7f4c684f-f8b2-4b42-a086-8728edfee9c7 to target datanode fb93aa2f-8033-4a41-8e74-9c7910610a66
2023-07-26 19:34:23,397 [main] DEBUG balancer.ContainerBalancerTask (ContainerBalancerTask.java:lambda$moveContainer$3(837)) - Container move completed for container #36 from source 7f4c684f-f8b2-4b42-a086-8728edfee9c7 to target fb93aa2f-8033-4a41-8e74-9c7910610a66
2023-07-26 19:34:23,399 [main] DEBUG balancer.ContainerBalancerTask (ContainerBalancerTask.java:matchSourceWithTarget(708)) - ContainerBalancer is finding suitable target for source datanode e317ff38-8c6b-4bea-b302-31b7a4f02730
2023-07-26 19:34:23,399 [main] INFO  balancer.ContainerBalancerTask (ContainerBalancerTask.java:matchSourceWithTarget(722)) - ContainerBalancer matched source datanode e317ff38-8c6b-4bea-b302-31b7a4f02730 with target datanode dc325ac7-cc30-40c0-9d59-a78cdc46113f for container move.
2023-07-26 19:34:23,399 [main] INFO  balancer.ContainerBalancerTask (ContainerBalancerTask.java:processMoveSelection(569)) - ContainerBalancer is trying to move container #16 with size 1073741824B from source datanode e317ff38-8c6b-4bea-b302-31b7a4f02730 to target datanode dc325ac7-cc30-40c0-9d59-a78cdc46113f
2023-07-26 19:34:23,399 [main] DEBUG balancer.ContainerBalancerTask (ContainerBalancerTask.java:lambda$moveContainer$3(837)) - Container move completed for container #16 from source e317ff38-8c6b-4bea-b302-31b7a4f02730 to target dc325ac7-cc30-40c0-9d59-a78cdc46113f
2023-07-26 19:34:23,400 [main] DEBUG balancer.ContainerBalancerTask (ContainerBalancerTask.java:matchSourceWithTarget(708)) - ContainerBalancer is finding suitable target for source datanode 7f4c684f-f8b2-4b42-a086-8728edfee9c7
2023-07-26 19:34:23,401 [main] INFO  balancer.ContainerBalancerTask (ContainerBalancerTask.java:matchSourceWithTarget(722)) - ContainerBalancer matched source datanode 7f4c684f-f8b2-4b42-a086-8728edfee9c7 with target datanode dc325ac7-cc30-40c0-9d59-a78cdc46113f for container move.
2023-07-26 19:34:23,401 [main] INFO  balancer.ContainerBalancerTask (ContainerBalancerTask.java:processMoveSelection(569)) - ContainerBalancer is trying to move container #1 with size 1073741824B from source datanode 7f4c684f-f8b2-4b42-a086-8728edfee9c7 to target datanode dc325ac7-cc30-40c0-9d59-a78cdc46113f
2023-07-26 19:34:23,401 [main] DEBUG balancer.ContainerBalancerTask (ContainerBalancerTask.java:lambda$moveContainer$3(837)) - Container move completed for container #1 from source 7f4c684f-f8b2-4b42-a086-8728edfee9c7 to target dc325ac7-cc30-40c0-9d59-a78cdc46113f
2023-07-26 19:34:23,403 [main] DEBUG balancer.ContainerBalancerTask (ContainerBalancerTask.java:matchSourceWithTarget(708)) - ContainerBalancer is finding suitable target for source datanode e317ff38-8c6b-4bea-b302-31b7a4f02730
2023-07-26 19:34:23,403 [main] INFO  balancer.ContainerBalancerTask (ContainerBalancerTask.java:matchSourceWithTarget(722)) - ContainerBalancer matched source datanode e317ff38-8c6b-4bea-b302-31b7a4f02730 with target datanode db4e162f-824b-45a8-bf9a-ee0abe60480f for container move.
2023-07-26 19:34:23,403 [main] INFO  balancer.ContainerBalancerTask (ContainerBalancerTask.java:processMoveSelection(569)) - ContainerBalancer is trying to move container #54 with size 1073741824B from source datanode e317ff38-8c6b-4bea-b302-31b7a4f02730 to target datanode db4e162f-824b-45a8-bf9a-ee0abe60480f
2023-07-26 19:34:23,403 [main] DEBUG balancer.ContainerBalancerTask (ContainerBalancerTask.java:lambda$moveContainer$3(837)) - Container move completed for container #54 from source e317ff38-8c6b-4bea-b302-31b7a4f02730 to target db4e162f-824b-45a8-bf9a-ee0abe60480f
2023-07-26 19:34:23,404 [main] DEBUG balancer.ContainerBalancerTask (ContainerBalancerTask.java:matchSourceWithTarget(701)) - ContainerBalancer could not find any candidate containers for datanode 7f4c684f-f8b2-4b42-a086-8728edfee9c7
2023-07-26 19:34:23,406 [main] DEBUG balancer.ContainerBalancerTask (ContainerBalancerTask.java:matchSourceWithTarget(701)) - ContainerBalancer could not find any candidate containers for datanode e317ff38-8c6b-4bea-b302-31b7a4f02730
2023-07-26 19:34:23,407 [main] INFO  balancer.FindSourceGreedy (FindSourceGreedy.java:getNextCandidateSourceDataNode(126)) - no more candidate source data node
2023-07-26 19:34:23,407 [main] INFO  balancer.ContainerBalancerTask (ContainerBalancerTask.java:checkIterationMoveResults(642)) - Iteration Summary. Number of Datanodes involved: 8. Size moved: 98 GB (105226698752 Bytes). Number of Container moves completed: 37.
2023-07-26 19:34:23,407 [main] INFO  balancer.ContainerBalancerTask (ContainerBalancerTask.java:balance(259)) - Result of this iteration of Container Balancer: ITERATION_COMPLETED
2023-07-26 19:34:23,407 [main] INFO  balancer.ContainerBalancerTask (ContainerBalancerTask.java:tryStopWithSaveConfiguration(308)) - Save Configuration for stopping. Reason: Completed all iterations.
]]></system-out>
  </testcase>
  <testcase name="balancerShouldNotSelectNonClosedContainerReplicas" classname="org.apache.hadoop.hdds.scm.container.balancer.TestContainerBalancerTask" time="0.058">
    <system-out><![CDATA[2023-07-26 19:34:23,440 [main] INFO  net.NodeSchemaLoader (NodeSchemaLoader.java:loadSchemaFromFile(129)) - Loading schema from [file:/home/runner/work/ozone/ozone/hadoop-hdds/common/target/classes/network-topology-default.xml]
2023-07-26 19:34:23,440 [main] INFO  net.NodeSchemaLoader (NodeSchemaLoader.java:loadSchema(176)) - Loading network topology layer schema file
2023-07-26 19:34:23,444 [main] INFO  net.NetworkTopologyImpl (NetworkTopologyImpl.java:add(112)) - Added a new node: /default-rack/2113d82e-6ba0-4785-b78a-2fbf791ada15
2023-07-26 19:34:23,444 [main] INFO  net.NetworkTopologyImpl (NetworkTopologyImpl.java:add(112)) - Added a new node: /default-rack/3386e7df-4dc0-4b1b-9f1e-e59954c0e023
2023-07-26 19:34:23,444 [main] INFO  net.NetworkTopologyImpl (NetworkTopologyImpl.java:add(112)) - Added a new node: /default-rack/89e5367a-f989-40ad-b961-b1b2dac76f17
2023-07-26 19:34:23,445 [main] INFO  net.NetworkTopologyImpl (NetworkTopologyImpl.java:add(112)) - Added a new node: /default-rack/3af27275-ed77-4209-bad1-9c997a99cba0
2023-07-26 19:34:23,445 [main] INFO  net.NetworkTopologyImpl (NetworkTopologyImpl.java:add(112)) - Added a new node: /default-rack/d1959ec0-979a-4d3e-9679-d13361ea5ed8
2023-07-26 19:34:23,445 [main] INFO  net.NetworkTopologyImpl (NetworkTopologyImpl.java:add(112)) - Added a new node: /default-rack/74f80cd5-c5b5-4a0f-938b-d7c164acb8bb
2023-07-26 19:34:23,445 [main] INFO  net.NetworkTopologyImpl (NetworkTopologyImpl.java:add(112)) - Added a new node: /default-rack/1631e427-b011-4b05-a054-d3a441300579
2023-07-26 19:34:23,445 [main] INFO  net.NetworkTopologyImpl (NetworkTopologyImpl.java:add(112)) - Added a new node: /default-rack/c47f3863-7a5a-4a3f-a358-63b5659072d8
2023-07-26 19:34:23,445 [main] INFO  net.NetworkTopologyImpl (NetworkTopologyImpl.java:add(112)) - Added a new node: /default-rack/05173352-eb2b-4bce-a5e3-f732adcd3bc1
2023-07-26 19:34:23,445 [main] INFO  net.NetworkTopologyImpl (NetworkTopologyImpl.java:add(112)) - Added a new node: /default-rack/c88beed5-c0a3-4886-8336-871494f84caf
2023-07-26 19:34:23,446 [main] INFO  algorithms.ContainerPlacementPolicyFactory (ContainerPlacementPolicyFactory.java:getPolicyInternal(86)) - Create container placement policy of type org.apache.hadoop.hdds.scm.container.placement.algorithms.SCMContainerPlacementRackAware
2023-07-26 19:34:23,446 [main] INFO  algorithms.ContainerPlacementPolicyFactory (ContainerPlacementPolicyFactory.java:getPolicyInternal(86)) - Create container placement policy of type org.apache.hadoop.hdds.scm.container.placement.algorithms.SCMContainerPlacementRackScatter
2023-07-26 19:34:23,452 [main] DEBUG balancer.ContainerBalancerTask (ContainerBalancerTask.java:initializeIteration(374)) - Average utilization of the cluster is 0.3399143824679785
2023-07-26 19:34:23,452 [main] DEBUG balancer.ContainerBalancerTask (ContainerBalancerTask.java:initializeIteration(386)) - Lower limit for utilization is 0.2399143824679785 and Upper limit for utilization is 0.43991438246797854
2023-07-26 19:34:23,452 [main] DEBUG balancer.ContainerBalancerTask (ContainerBalancerTask.java:initializeIteration(398)) - Utilization for node 74f80cd5-c5b5-4a0f-938b-d7c164acb8bb with capacity 71582788266B, used 64424509440B, and remaining 7158278826B is 0.9000000000083819
2023-07-26 19:34:23,452 [main] DEBUG balancer.ContainerBalancerTask (ContainerBalancerTask.java:initializeIteration(398)) - Utilization for node 1631e427-b011-4b05-a054-d3a441300579 with capacity 42949672960B, used 34359738368B, and remaining 8589934592B is 0.8
2023-07-26 19:34:23,452 [main] DEBUG balancer.ContainerBalancerTask (ContainerBalancerTask.java:initializeIteration(398)) - Utilization for node d1959ec0-979a-4d3e-9679-d13361ea5ed8 with capacity 65958426331B, used 46170898432B, and remaining 19787527899B is 0.7000000000045483
2023-07-26 19:34:23,452 [main] DEBUG balancer.ContainerBalancerTask (ContainerBalancerTask.java:initializeIteration(398)) - Utilization for node 3af27275-ed77-4209-bad1-9c997a99cba0 with capacity 102005473280B, used 61203283968B, and remaining 40802189312B is 0.6
2023-07-26 19:34:23,452 [main] DEBUG balancer.ContainerBalancerTask (ContainerBalancerTask.java:initializeIteration(398)) - Utilization for node c47f3863-7a5a-4a3f-a358-63b5659072d8 with capacity 107374182400B, used 53687091200B, and remaining 53687091200B is 0.5
2023-07-26 19:34:23,453 [main] DEBUG balancer.ContainerBalancerTask (ContainerBalancerTask.java:initializeIteration(398)) - Utilization for node 89e5367a-f989-40ad-b961-b1b2dac76f17 with capacity 93952409600B, used 37580963840B, and remaining 56371445760B is 0.4
2023-07-26 19:34:23,453 [main] DEBUG balancer.ContainerBalancerTask (ContainerBalancerTask.java:initializeIteration(398)) - Utilization for node 3386e7df-4dc0-4b1b-9f1e-e59954c0e023 with capacity 100215903573B, used 30064771072B, and remaining 70151132501B is 0.30000000000099786
2023-07-26 19:34:23,453 [main] DEBUG balancer.ContainerBalancerTask (ContainerBalancerTask.java:initializeIteration(398)) - Utilization for node 2113d82e-6ba0-4785-b78a-2fbf791ada15 with capacity 214748364800B, used 42949672960B, and remaining 171798691840B is 0.2
2023-07-26 19:34:23,453 [main] DEBUG balancer.ContainerBalancerTask (ContainerBalancerTask.java:initializeIteration(398)) - Utilization for node c88beed5-c0a3-4886-8336-871494f84caf with capacity 375809638400B, used 37580963840B, and remaining 338228674560B is 0.1
2023-07-26 19:34:23,453 [main] DEBUG balancer.ContainerBalancerTask (ContainerBalancerTask.java:initializeIteration(398)) - Utilization for node 05173352-eb2b-4bce-a5e3-f732adcd3bc1 with capacity 25769803776B, used 0B, and remaining 25769803776B is 0.0
2023-07-26 19:34:23,453 [main] INFO  balancer.ContainerBalancerTask (ContainerBalancerTask.java:initializeIteration(447)) - Container Balancer has identified 5 Over-Utilized and 3 Under-Utilized Datanodes that need to be balanced.
2023-07-26 19:34:23,453 [main] DEBUG balancer.ContainerBalancerTask (ContainerBalancerTask.java:lambda$initializeIteration$1(453)) - Datanode localhost-27.2.152.185 74f80cd5-c5b5-4a0f-938b-d7c164acb8bb is Over-Utilized.
2023-07-26 19:34:23,453 [main] DEBUG balancer.ContainerBalancerTask (ContainerBalancerTask.java:lambda$initializeIteration$1(453)) - Datanode localhost-219.97.55.219 1631e427-b011-4b05-a054-d3a441300579 is Over-Utilized.
2023-07-26 19:34:23,453 [main] DEBUG balancer.ContainerBalancerTask (ContainerBalancerTask.java:lambda$initializeIteration$1(453)) - Datanode localhost-116.76.27.227 d1959ec0-979a-4d3e-9679-d13361ea5ed8 is Over-Utilized.
2023-07-26 19:34:23,453 [main] DEBUG balancer.ContainerBalancerTask (ContainerBalancerTask.java:lambda$initializeIteration$1(453)) - Datanode localhost-125.231.37.197 3af27275-ed77-4209-bad1-9c997a99cba0 is Over-Utilized.
2023-07-26 19:34:23,453 [main] DEBUG balancer.ContainerBalancerTask (ContainerBalancerTask.java:lambda$initializeIteration$1(453)) - Datanode localhost-157.185.111.0 c47f3863-7a5a-4a3f-a358-63b5659072d8 is Over-Utilized.
2023-07-26 19:34:23,453 [main] DEBUG balancer.ContainerBalancerTask (ContainerBalancerTask.java:lambda$initializeIteration$2(459)) - Datanode localhost-228.147.128.204 05173352-eb2b-4bce-a5e3-f732adcd3bc1 is Under-Utilized.
2023-07-26 19:34:23,454 [main] DEBUG balancer.ContainerBalancerTask (ContainerBalancerTask.java:lambda$initializeIteration$2(459)) - Datanode localhost-215.73.90.120 c88beed5-c0a3-4886-8336-871494f84caf is Under-Utilized.
2023-07-26 19:34:23,454 [main] DEBUG balancer.ContainerBalancerTask (ContainerBalancerTask.java:lambda$initializeIteration$2(459)) - Datanode localhost-230.187.85.73 2113d82e-6ba0-4785-b78a-2fbf791ada15 is Under-Utilized.
2023-07-26 19:34:23,457 [main] DEBUG balancer.ContainerBalancerTask (ContainerBalancerTask.java:matchSourceWithTarget(701)) - ContainerBalancer could not find any candidate containers for datanode 74f80cd5-c5b5-4a0f-938b-d7c164acb8bb
2023-07-26 19:34:23,458 [main] DEBUG balancer.ContainerBalancerTask (ContainerBalancerTask.java:matchSourceWithTarget(701)) - ContainerBalancer could not find any candidate containers for datanode 1631e427-b011-4b05-a054-d3a441300579
2023-07-26 19:34:23,461 [main] DEBUG balancer.ContainerBalancerTask (ContainerBalancerTask.java:matchSourceWithTarget(701)) - ContainerBalancer could not find any candidate containers for datanode d1959ec0-979a-4d3e-9679-d13361ea5ed8
2023-07-26 19:34:23,464 [main] DEBUG balancer.ContainerBalancerTask (ContainerBalancerTask.java:matchSourceWithTarget(701)) - ContainerBalancer could not find any candidate containers for datanode 3af27275-ed77-4209-bad1-9c997a99cba0
2023-07-26 19:34:23,466 [main] DEBUG balancer.ContainerBalancerTask (ContainerBalancerTask.java:matchSourceWithTarget(701)) - ContainerBalancer could not find any candidate containers for datanode c47f3863-7a5a-4a3f-a358-63b5659072d8
2023-07-26 19:34:23,467 [main] INFO  balancer.FindSourceGreedy (FindSourceGreedy.java:getNextCandidateSourceDataNode(126)) - no more candidate source data node
2023-07-26 19:34:23,467 [main] INFO  balancer.ContainerBalancerTask (ContainerBalancerTask.java:balance(259)) - Result of this iteration of Container Balancer: CAN_NOT_BALANCE_ANY_MORE
2023-07-26 19:34:23,467 [main] INFO  balancer.ContainerBalancerTask (ContainerBalancerTask.java:tryStopWithSaveConfiguration(308)) - Save Configuration for stopping. Reason: CAN_NOT_BALANCE_ANY_MORE
]]></system-out>
  </testcase>
  <testcase name="testDelayedStart" classname="org.apache.hadoop.hdds.scm.container.balancer.TestContainerBalancerTask" time="0.099">
    <error type="java.util.concurrent.TimeoutException"><![CDATA[java.util.concurrent.TimeoutException: 
Timed out waiting for condition. Thread diagnostics:
Timestamp: 2023-07-26 07:34:23,555

"Thread-17"  prio=5 tid=28 timed_waiting
java.lang.Thread.State: TIMED_WAITING
        at java.lang.Thread.sleep(Native Method)
        at org.apache.hadoop.hdds.scm.container.balancer.TestContainerBalancerTask.lambda$genCompletableFuture$15(TestContainerBalancerTask.java:1332)
        at org.apache.hadoop.hdds.scm.container.balancer.TestContainerBalancerTask$$Lambda$437/158203067.get(Unknown Source)
        at java.util.concurrent.CompletableFuture$AsyncSupply.run(CompletableFuture.java:1604)
        at java.lang.Thread.run(Thread.java:750)
"Attach Listener" daemon prio=9 tid=12 runnable
java.lang.Thread.State: RUNNABLE
"Thread-19"  prio=5 tid=30 timed_waiting
java.lang.Thread.State: TIMED_WAITING
        at java.lang.Thread.sleep(Native Method)
        at org.apache.hadoop.hdds.scm.container.balancer.TestContainerBalancerTask.lambda$genCompletableFuture$15(TestContainerBalancerTask.java:1332)
        at org.apache.hadoop.hdds.scm.container.balancer.TestContainerBalancerTask$$Lambda$437/158203067.get(Unknown Source)
        at java.util.concurrent.CompletableFuture$AsyncSupply.run(CompletableFuture.java:1604)
        at java.lang.Thread.run(Thread.java:750)
"Thread-21"  prio=5 tid=32 timed_waiting
java.lang.Thread.State: TIMED_WAITING
        at java.lang.Thread.sleep(Native Method)
        at org.apache.hadoop.hdds.scm.container.balancer.TestContainerBalancerTask.lambda$genCompletableFuture$15(TestContainerBalancerTask.java:1332)
        at org.apache.hadoop.hdds.scm.container.balancer.TestContainerBalancerTask$$Lambda$437/158203067.get(Unknown Source)
        at java.util.concurrent.CompletableFuture$AsyncSupply.run(CompletableFuture.java:1604)
        at java.lang.Thread.run(Thread.java:750)
"Thread-15"  prio=5 tid=26 timed_waiting
java.lang.Thread.State: TIMED_WAITING
        at java.lang.Thread.sleep(Native Method)
        at org.apache.hadoop.hdds.scm.container.balancer.TestContainerBalancerTask.lambda$genCompletableFuture$15(TestContainerBalancerTask.java:1332)
        at org.apache.hadoop.hdds.scm.container.balancer.TestContainerBalancerTask$$Lambda$437/158203067.get(Unknown Source)
        at java.util.concurrent.CompletableFuture$AsyncSupply.run(CompletableFuture.java:1604)
        at java.lang.Thread.run(Thread.java:750)
"Thread-6"  prio=5 tid=17 timed_waiting
java.lang.Thread.State: TIMED_WAITING
        at java.lang.Thread.sleep(Native Method)
        at org.apache.hadoop.hdds.scm.container.balancer.TestContainerBalancerTask.lambda$genCompletableFuture$15(TestContainerBalancerTask.java:1332)
        at org.apache.hadoop.hdds.scm.container.balancer.TestContainerBalancerTask$$Lambda$437/158203067.get(Unknown Source)
        at java.util.concurrent.CompletableFuture$AsyncSupply.run(CompletableFuture.java:1604)
        at java.lang.Thread.run(Thread.java:750)
"Thread-16"  prio=5 tid=27 timed_waiting
java.lang.Thread.State: TIMED_WAITING
        at java.lang.Thread.sleep(Native Method)
        at org.apache.hadoop.hdds.scm.container.balancer.TestContainerBalancerTask.lambda$genCompletableFuture$15(TestContainerBalancerTask.java:1332)
        at org.apache.hadoop.hdds.scm.container.balancer.TestContainerBalancerTask$$Lambda$437/158203067.get(Unknown Source)
        at java.util.concurrent.CompletableFuture$AsyncSupply.run(CompletableFuture.java:1604)
        at java.lang.Thread.run(Thread.java:750)
"process reaper" daemon prio=10 tid=13 timed_waiting
java.lang.Thread.State: TIMED_WAITING
        at sun.misc.Unsafe.park(Native Method)
        at java.util.concurrent.locks.LockSupport.parkNanos(LockSupport.java:215)
        at java.util.concurrent.SynchronousQueue$TransferStack.awaitFulfill(SynchronousQueue.java:460)
        at java.util.concurrent.SynchronousQueue$TransferStack.transfer(SynchronousQueue.java:362)
        at java.util.concurrent.SynchronousQueue.poll(SynchronousQueue.java:941)
        at java.util.concurrent.ThreadPoolExecutor.getTask(ThreadPoolExecutor.java:1073)
        at java.util.concurrent.ThreadPoolExecutor.runWorker(ThreadPoolExecutor.java:1134)
        at java.util.concurrent.ThreadPoolExecutor$Worker.run(ThreadPoolExecutor.java:624)
        at java.lang.Thread.run(Thread.java:750)
"Thread-12"  prio=5 tid=23 timed_waiting
java.lang.Thread.State: TIMED_WAITING
        at java.lang.Thread.sleep(Native Method)
        at org.apache.hadoop.hdds.scm.container.balancer.TestContainerBalancerTask.lambda$genCompletableFuture$15(TestContainerBalancerTask.java:1332)
        at org.apache.hadoop.hdds.scm.container.balancer.TestContainerBalancerTask$$Lambda$437/158203067.get(Unknown Source)
        at java.util.concurrent.CompletableFuture$AsyncSupply.run(CompletableFuture.java:1604)
        at java.lang.Thread.run(Thread.java:750)
"Finalizer" daemon prio=8 tid=3 in Object.wait()
java.lang.Thread.State: WAITING (on object monitor)
        at java.lang.Object.wait(Native Method)
        at java.lang.ref.ReferenceQueue.remove(ReferenceQueue.java:144)
        at java.lang.ref.ReferenceQueue.remove(ReferenceQueue.java:165)
        at java.lang.ref.Finalizer$FinalizerThread.run(Finalizer.java:188)
"Thread-9"  prio=5 tid=20 timed_waiting
java.lang.Thread.State: TIMED_WAITING
        at java.lang.Thread.sleep(Native Method)
        at org.apache.hadoop.hdds.scm.container.balancer.TestContainerBalancerTask.lambda$genCompletableFuture$15(TestContainerBalancerTask.java:1332)
        at org.apache.hadoop.hdds.scm.container.balancer.TestContainerBalancerTask$$Lambda$437/158203067.get(Unknown Source)
        at java.util.concurrent.CompletableFuture$AsyncSupply.run(CompletableFuture.java:1604)
        at java.lang.Thread.run(Thread.java:750)
"Thread-13"  prio=5 tid=24 timed_waiting
java.lang.Thread.State: TIMED_WAITING
        at java.lang.Thread.sleep(Native Method)
        at org.apache.hadoop.hdds.scm.container.balancer.TestContainerBalancerTask.lambda$genCompletableFuture$15(TestContainerBalancerTask.java:1332)
        at org.apache.hadoop.hdds.scm.container.balancer.TestContainerBalancerTask$$Lambda$437/158203067.get(Unknown Source)
        at java.util.concurrent.CompletableFuture$AsyncSupply.run(CompletableFuture.java:1604)
        at java.lang.Thread.run(Thread.java:750)
"Signal Dispatcher" daemon prio=9 tid=4 runnable
java.lang.Thread.State: RUNNABLE
"Thread-7"  prio=5 tid=18 timed_waiting
java.lang.Thread.State: TIMED_WAITING
        at java.lang.Thread.sleep(Native Method)
        at org.apache.hadoop.hdds.scm.container.balancer.TestContainerBalancerTask.lambda$genCompletableFuture$15(TestContainerBalancerTask.java:1332)
        at org.apache.hadoop.hdds.scm.container.balancer.TestContainerBalancerTask$$Lambda$437/158203067.get(Unknown Source)
        at java.util.concurrent.CompletableFuture$AsyncSupply.run(CompletableFuture.java:1604)
        at java.lang.Thread.run(Thread.java:750)
"Thread-8"  prio=5 tid=19 timed_waiting
java.lang.Thread.State: TIMED_WAITING
        at java.lang.Thread.sleep(Native Method)
        at org.apache.hadoop.hdds.scm.container.balancer.TestContainerBalancerTask.lambda$genCompletableFuture$15(TestContainerBalancerTask.java:1332)
        at org.apache.hadoop.hdds.scm.container.balancer.TestContainerBalancerTask$$Lambda$437/158203067.get(Unknown Source)
        at java.util.concurrent.CompletableFuture$AsyncSupply.run(CompletableFuture.java:1604)
        at java.lang.Thread.run(Thread.java:750)
"surefire-forkedjvm-command-thread" daemon prio=5 tid=10 runnable
java.lang.Thread.State: RUNNABLE
        at java.io.FileInputStream.readBytes(Native Method)
        at java.io.FileInputStream.read(FileInputStream.java:255)
        at java.io.BufferedInputStream.read1(BufferedInputStream.java:284)
        at java.io.BufferedInputStream.read(BufferedInputStream.java:345)
        at java.io.BufferedInputStream.fill(BufferedInputStream.java:246)
        at java.io.BufferedInputStream.read1(BufferedInputStream.java:286)
        at java.io.BufferedInputStream.read(BufferedInputStream.java:345)
        at org.apache.maven.surefire.api.util.internal.Channels$3.readImpl(Channels.java:214)
        at org.apache.maven.surefire.api.util.internal.AbstractNoninterruptibleReadableChannel.read(AbstractNoninterruptibleReadableChannel.java:54)
        at org.apache.maven.surefire.booter.spi.LegacyMasterProcessChannelDecoder.decode(LegacyMasterProcessChannelDecoder.java:80)
        at org.apache.maven.surefire.booter.CommandReader$CommandRunnable.run(CommandReader.java:343)
        at java.lang.Thread.run(Thread.java:750)
"Reference Handler" daemon prio=10 tid=2 in Object.wait()
java.lang.Thread.State: WAITING (on object monitor)
        at java.lang.Object.wait(Native Method)
        at java.lang.Object.wait(Object.java:502)
        at java.lang.ref.Reference.tryHandlePending(Reference.java:191)
        at java.lang.ref.Reference$ReferenceHandler.run(Reference.java:153)
"Thread-10"  prio=5 tid=21 timed_waiting
java.lang.Thread.State: TIMED_WAITING
        at java.lang.Thread.sleep(Native Method)
        at org.apache.hadoop.hdds.scm.container.balancer.TestContainerBalancerTask.lambda$genCompletableFuture$15(TestContainerBalancerTask.java:1332)
        at org.apache.hadoop.hdds.scm.container.balancer.TestContainerBalancerTask$$Lambda$437/158203067.get(Unknown Source)
        at java.util.concurrent.CompletableFuture$AsyncSupply.run(CompletableFuture.java:1604)
        at java.lang.Thread.run(Thread.java:750)
"Thread-22"  prio=5 tid=33 timed_waiting
java.lang.Thread.State: TIMED_WAITING
        at java.util.Hashtable.isEmpty(Hashtable.java:245)
        at org.apache.hadoop.conf.Configuration.handleDeprecation(Configuration.java:745)
        at org.apache.hadoop.conf.Configuration.get(Configuration.java:1244)
        at org.apache.hadoop.conf.Configuration.getTimeDuration(Configuration.java:1874)
        at org.apache.hadoop.conf.Configuration.getTimeDuration(Configuration.java:1845)
        at org.apache.hadoop.hdds.scm.container.balancer.ContainerBalancerTask.run(ContainerBalancerTask.java:171)
        at java.lang.Thread.run(Thread.java:750)
"Thread-14"  prio=5 tid=25 timed_waiting
java.lang.Thread.State: TIMED_WAITING
        at java.lang.Thread.sleep(Native Method)
        at org.apache.hadoop.hdds.scm.container.balancer.TestContainerBalancerTask.lambda$genCompletableFuture$15(TestContainerBalancerTask.java:1332)
        at org.apache.hadoop.hdds.scm.container.balancer.TestContainerBalancerTask$$Lambda$437/158203067.get(Unknown Source)
        at java.util.concurrent.CompletableFuture$AsyncSupply.run(CompletableFuture.java:1604)
        at java.lang.Thread.run(Thread.java:750)
"Thread-18"  prio=5 tid=29 timed_waiting
java.lang.Thread.State: TIMED_WAITING
        at java.lang.Thread.sleep(Native Method)
        at org.apache.hadoop.hdds.scm.container.balancer.TestContainerBalancerTask.lambda$genCompletableFuture$15(TestContainerBalancerTask.java:1332)
        at org.apache.hadoop.hdds.scm.container.balancer.TestContainerBalancerTask$$Lambda$437/158203067.get(Unknown Source)
        at java.util.concurrent.CompletableFuture$AsyncSupply.run(CompletableFuture.java:1604)
        at java.lang.Thread.run(Thread.java:750)
"Thread-20"  prio=5 tid=31 timed_waiting
java.lang.Thread.State: TIMED_WAITING
        at java.lang.Thread.sleep(Native Method)
        at org.apache.hadoop.hdds.scm.container.balancer.TestContainerBalancerTask.lambda$genCompletableFuture$15(TestContainerBalancerTask.java:1332)
        at org.apache.hadoop.hdds.scm.container.balancer.TestContainerBalancerTask$$Lambda$437/158203067.get(Unknown Source)
        at java.util.concurrent.CompletableFuture$AsyncSupply.run(CompletableFuture.java:1604)
        at java.lang.Thread.run(Thread.java:750)
"main"  prio=5 tid=1 runnable
java.lang.Thread.State: RUNNABLE
        at java.lang.Thread.dumpThreads(Native Method)
        at java.lang.Thread.getAllStackTraces(Thread.java:1615)
        at org.apache.ozone.test.TimedOutTestsListener.buildThreadDump(TimedOutTestsListener.java:93)
        at org.apache.ozone.test.TimedOutTestsListener.buildThreadDiagnosticString(TimedOutTestsListener.java:79)
        at org.apache.ozone.test.GenericTestUtils.waitFor(GenericTestUtils.java:229)
        at org.apache.hadoop.hdds.scm.container.balancer.TestContainerBalancerTask.testDelayedStart(TestContainerBalancerTask.java:1078)
        at sun.reflect.NativeMethodAccessorImpl.invoke0(Native Method)
        at sun.reflect.NativeMethodAccessorImpl.invoke(NativeMethodAccessorImpl.java:62)
        at sun.reflect.DelegatingMethodAccessorImpl.invoke(DelegatingMethodAccessorImpl.java:43)
        at java.lang.reflect.Method.invoke(Method.java:498)
        at org.junit.platform.commons.util.ReflectionUtils.invokeMethod(ReflectionUtils.java:725)
        at org.junit.jupiter.engine.execution.MethodInvocation.proceed(MethodInvocation.java:60)
        at org.junit.jupiter.engine.execution.InvocationInterceptorChain$ValidatingInvocation.proceed(InvocationInterceptorChain.java:131)
        at org.junit.jupiter.engine.extension.TimeoutExtension.intercept(TimeoutExtension.java:149)
        at org.junit.jupiter.engine.extension.TimeoutExtension.interceptTestableMethod(TimeoutExtension.java:140)
        at org.junit.jupiter.engine.extension.TimeoutExtension.interceptTestMethod(TimeoutExtension.java:84)
        at org.junit.jupiter.engine.descriptor.TestMethodTestDescriptor$$Lambda$158/1987169128.apply(Unknown Source)
        at org.junit.jupiter.engine.execution.ExecutableInvoker$ReflectiveInterceptorCall.lambda$ofVoidMethod$0(ExecutableInvoker.java:115)
        at org.junit.jupiter.engine.execution.ExecutableInvoker$ReflectiveInterceptorCall$$Lambda$159/980138431.apply(Unknown Source)
        at org.junit.jupiter.engine.execution.ExecutableInvoker.lambda$invoke$0(ExecutableInvoker.java:105)
        at org.junit.jupiter.engine.execution.ExecutableInvoker$$Lambda$317/1141500277.apply(Unknown Source)
        at org.junit.jupiter.engine.execution.InvocationInterceptorChain$InterceptedInvocation.proceed(InvocationInterceptorChain.java:106)
        at org.junit.jupiter.engine.execution.InvocationInterceptorChain.proceed(InvocationInterceptorChain.java:64)
        at org.junit.jupiter.engine.execution.InvocationInterceptorChain.chainAndInvoke(InvocationInterceptorChain.java:45)
        at org.junit.jupiter.engine.execution.InvocationInterceptorChain.invoke(InvocationInterceptorChain.java:37)
        at org.junit.jupiter.engine.execution.ExecutableInvoker.invoke(ExecutableInvoker.java:104)
        at org.junit.jupiter.engine.execution.ExecutableInvoker.invoke(ExecutableInvoker.java:98)
        at org.junit.jupiter.engine.descriptor.TestMethodTestDescriptor.lambda$invokeTestMethod$7(TestMethodTestDescriptor.java:214)
        at org.junit.jupiter.engine.descriptor.TestMethodTestDescriptor$$Lambda$379/1899091560.execute(Unknown Source)
        at org.junit.platform.engine.support.hierarchical.ThrowableCollector.execute(ThrowableCollector.java:73)
        at org.junit.jupiter.engine.descriptor.TestMethodTestDescriptor.invokeTestMethod(TestMethodTestDescriptor.java:210)
        at org.junit.jupiter.engine.descriptor.TestMethodTestDescriptor.execute(TestMethodTestDescriptor.java:135)
        at org.junit.jupiter.engine.descriptor.TestMethodTestDescriptor.execute(TestMethodTestDescriptor.java:66)
        at org.junit.platform.engine.support.hierarchical.NodeTestTask.lambda$executeRecursively$6(NodeTestTask.java:151)
        at org.junit.platform.engine.support.hierarchical.NodeTestTask$$Lambda$258/1058609221.execute(Unknown Source)
        at org.junit.platform.engine.support.hierarchical.ThrowableCollector.execute(ThrowableCollector.java:73)
        at org.junit.platform.engine.support.hierarchical.NodeTestTask.lambda$executeRecursively$8(NodeTestTask.java:141)
        at org.junit.platform.engine.support.hierarchical.NodeTestTask$$Lambda$257/1000966072.invoke(Unknown Source)
        at org.junit.platform.engine.support.hierarchical.Node.around(Node.java:137)
        at org.junit.platform.engine.support.hierarchical.NodeTestTask.lambda$executeRecursively$9(NodeTestTask.java:139)
        at org.junit.platform.engine.support.hierarchical.NodeTestTask$$Lambda$256/673586830.execute(Unknown Source)
        at org.junit.platform.engine.support.hierarchical.ThrowableCollector.execute(ThrowableCollector.java:73)
        at org.junit.platform.engine.support.hierarchical.NodeTestTask.executeRecursively(NodeTestTask.java:138)
        at org.junit.platform.engine.support.hierarchical.NodeTestTask.execute(NodeTestTask.java:95)
        at org.junit.platform.engine.support.hierarchical.SameThreadHierarchicalTestExecutorService$$Lambda$262/1617838096.accept(Unknown Source)
        at java.util.ArrayList.forEach(ArrayList.java:1259)
        at org.junit.platform.engine.support.hierarchical.SameThreadHierarchicalTestExecutorService.invokeAll(SameThreadHierarchicalTestExecutorService.java:41)
        at org.junit.platform.engine.support.hierarchical.NodeTestTask.lambda$executeRecursively$6(NodeTestTask.java:155)
        at org.junit.platform.engine.support.hierarchical.NodeTestTask$$Lambda$258/1058609221.execute(Unknown Source)
        at org.junit.platform.engine.support.hierarchical.ThrowableCollector.execute(ThrowableCollector.java:73)
        at org.junit.platform.engine.support.hierarchical.NodeTestTask.lambda$executeRecursively$8(NodeTestTask.java:141)
        at org.junit.platform.engine.support.hierarchical.NodeTestTask$$Lambda$257/1000966072.invoke(Unknown Source)
        at org.junit.platform.engine.support.hierarchical.Node.around(Node.java:137)
        at org.junit.platform.engine.support.hierarchical.NodeTestTask.lambda$executeRecursively$9(NodeTestTask.java:139)
        at org.junit.platform.engine.support.hierarchical.NodeTestTask$$Lambda$256/673586830.execute(Unknown Source)
        at org.junit.platform.engine.support.hierarchical.ThrowableCollector.execute(ThrowableCollector.java:73)
        at org.junit.platform.engine.support.hierarchical.NodeTestTask.executeRecursively(NodeTestTask.java:138)
        at org.junit.platform.engine.support.hierarchical.NodeTestTask.execute(NodeTestTask.java:95)
        at org.junit.platform.engine.support.hierarchical.SameThreadHierarchicalTestExecutorService$$Lambda$262/1617838096.accept(Unknown Source)
        at java.util.ArrayList.forEach(ArrayList.java:1259)
        at org.junit.platform.engine.support.hierarchical.SameThreadHierarchicalTestExecutorService.invokeAll(SameThreadHierarchicalTestExecutorService.java:41)
        at org.junit.platform.engine.support.hierarchical.NodeTestTask.lambda$executeRecursively$6(NodeTestTask.java:155)
        at org.junit.platform.engine.support.hierarchical.NodeTestTask$$Lambda$258/1058609221.execute(Unknown Source)
        at org.junit.platform.engine.support.hierarchical.ThrowableCollector.execute(ThrowableCollector.java:73)
        at org.junit.platform.engine.support.hierarchical.NodeTestTask.lambda$executeRecursively$8(NodeTestTask.java:141)
        at org.junit.platform.engine.support.hierarchical.NodeTestTask$$Lambda$257/1000966072.invoke(Unknown Source)
        at org.junit.platform.engine.support.hierarchical.Node.around(Node.java:137)
        at org.junit.platform.engine.support.hierarchical.NodeTestTask.lambda$executeRecursively$9(NodeTestTask.java:139)
        at org.junit.platform.engine.support.hierarchical.NodeTestTask$$Lambda$256/673586830.execute(Unknown Source)
        at org.junit.platform.engine.support.hierarchical.ThrowableCollector.execute(ThrowableCollector.java:73)
        at org.junit.platform.engine.support.hierarchical.NodeTestTask.executeRecursively(NodeTestTask.java:138)
        at org.junit.platform.engine.support.hierarchical.NodeTestTask.execute(NodeTestTask.java:95)
        at org.junit.platform.engine.support.hierarchical.SameThreadHierarchicalTestExecutorService.submit(SameThreadHierarchicalTestExecutorService.java:35)
        at org.junit.platform.engine.support.hierarchical.HierarchicalTestExecutor.execute(HierarchicalTestExecutor.java:57)
        at org.junit.platform.engine.support.hierarchical.HierarchicalTestEngine.execute(HierarchicalTestEngine.java:54)
        at org.junit.platform.launcher.core.EngineExecutionOrchestrator.execute(EngineExecutionOrchestrator.java:107)
        at org.junit.platform.launcher.core.EngineExecutionOrchestrator.execute(EngineExecutionOrchestrator.java:88)
        at org.junit.platform.launcher.core.EngineExecutionOrchestrator.lambda$execute$0(EngineExecutionOrchestrator.java:54)
        at org.junit.platform.launcher.core.EngineExecutionOrchestrator$$Lambda$214/556281560.accept(Unknown Source)
        at org.junit.platform.launcher.core.EngineExecutionOrchestrator.withInterceptedStreams(EngineExecutionOrchestrator.java:67)
        at org.junit.platform.launcher.core.EngineExecutionOrchestrator.execute(EngineExecutionOrchestrator.java:52)
        at org.junit.platform.launcher.core.DefaultLauncher.execute(DefaultLauncher.java:114)
        at org.junit.platform.launcher.core.DefaultLauncher.execute(DefaultLauncher.java:86)
        at org.junit.platform.launcher.core.DefaultLauncherSession$DelegatingLauncher.execute(DefaultLauncherSession.java:86)
        at org.junit.platform.launcher.core.SessionPerRequestLauncher.execute(SessionPerRequestLauncher.java:53)
        at org.apache.maven.surefire.junitplatform.JUnitPlatformProvider.execute(JUnitPlatformProvider.java:188)
        at org.apache.maven.surefire.junitplatform.JUnitPlatformProvider.invokeAllTests(JUnitPlatformProvider.java:154)
        at org.apache.maven.surefire.junitplatform.JUnitPlatformProvider.invoke(JUnitPlatformProvider.java:124)
        at org.apache.maven.surefire.booter.ForkedBooter.runSuitesInProcess(ForkedBooter.java:428)
        at org.apache.maven.surefire.booter.ForkedBooter.execute(ForkedBooter.java:162)
        at org.apache.maven.surefire.booter.ForkedBooter.run(ForkedBooter.java:562)
        at org.apache.maven.surefire.booter.ForkedBooter.main(ForkedBooter.java:548)
"Thread-11"  prio=5 tid=22 timed_waiting
java.lang.Thread.State: TIMED_WAITING
        at java.lang.Thread.sleep(Native Method)
        at org.apache.hadoop.hdds.scm.container.balancer.TestContainerBalancerTask.lambda$genCompletableFuture$15(TestContainerBalancerTask.java:1332)
        at org.apache.hadoop.hdds.scm.container.balancer.TestContainerBalancerTask$$Lambda$437/158203067.get(Unknown Source)
        at java.util.concurrent.CompletableFuture$AsyncSupply.run(CompletableFuture.java:1604)
        at java.lang.Thread.run(Thread.java:750)


	at org.apache.ozone.test.GenericTestUtils.waitFor(GenericTestUtils.java:229)
	at org.apache.hadoop.hdds.scm.container.balancer.TestContainerBalancerTask.testDelayedStart(TestContainerBalancerTask.java:1078)
	at sun.reflect.NativeMethodAccessorImpl.invoke0(Native Method)
	at sun.reflect.NativeMethodAccessorImpl.invoke(NativeMethodAccessorImpl.java:62)
	at sun.reflect.DelegatingMethodAccessorImpl.invoke(DelegatingMethodAccessorImpl.java:43)
	at java.lang.reflect.Method.invoke(Method.java:498)
	at org.junit.platform.commons.util.ReflectionUtils.invokeMethod(ReflectionUtils.java:725)
	at org.junit.jupiter.engine.execution.MethodInvocation.proceed(MethodInvocation.java:60)
	at org.junit.jupiter.engine.execution.InvocationInterceptorChain$ValidatingInvocation.proceed(InvocationInterceptorChain.java:131)
	at org.junit.jupiter.engine.extension.TimeoutExtension.intercept(TimeoutExtension.java:149)
	at org.junit.jupiter.engine.extension.TimeoutExtension.interceptTestableMethod(TimeoutExtension.java:140)
	at org.junit.jupiter.engine.extension.TimeoutExtension.interceptTestMethod(TimeoutExtension.java:84)
	at org.junit.jupiter.engine.execution.ExecutableInvoker$ReflectiveInterceptorCall.lambda$ofVoidMethod$0(ExecutableInvoker.java:115)
	at org.junit.jupiter.engine.execution.ExecutableInvoker.lambda$invoke$0(ExecutableInvoker.java:105)
	at org.junit.jupiter.engine.execution.InvocationInterceptorChain$InterceptedInvocation.proceed(InvocationInterceptorChain.java:106)
	at org.junit.jupiter.engine.execution.InvocationInterceptorChain.proceed(InvocationInterceptorChain.java:64)
	at org.junit.jupiter.engine.execution.InvocationInterceptorChain.chainAndInvoke(InvocationInterceptorChain.java:45)
	at org.junit.jupiter.engine.execution.InvocationInterceptorChain.invoke(InvocationInterceptorChain.java:37)
	at org.junit.jupiter.engine.execution.ExecutableInvoker.invoke(ExecutableInvoker.java:104)
	at org.junit.jupiter.engine.execution.ExecutableInvoker.invoke(ExecutableInvoker.java:98)
	at org.junit.jupiter.engine.descriptor.TestMethodTestDescriptor.lambda$invokeTestMethod$7(TestMethodTestDescriptor.java:214)
	at org.junit.platform.engine.support.hierarchical.ThrowableCollector.execute(ThrowableCollector.java:73)
	at org.junit.jupiter.engine.descriptor.TestMethodTestDescriptor.invokeTestMethod(TestMethodTestDescriptor.java:210)
	at org.junit.jupiter.engine.descriptor.TestMethodTestDescriptor.execute(TestMethodTestDescriptor.java:135)
	at org.junit.jupiter.engine.descriptor.TestMethodTestDescriptor.execute(TestMethodTestDescriptor.java:66)
	at org.junit.platform.engine.support.hierarchical.NodeTestTask.lambda$executeRecursively$6(NodeTestTask.java:151)
	at org.junit.platform.engine.support.hierarchical.ThrowableCollector.execute(ThrowableCollector.java:73)
	at org.junit.platform.engine.support.hierarchical.NodeTestTask.lambda$executeRecursively$8(NodeTestTask.java:141)
	at org.junit.platform.engine.support.hierarchical.Node.around(Node.java:137)
	at org.junit.platform.engine.support.hierarchical.NodeTestTask.lambda$executeRecursively$9(NodeTestTask.java:139)
	at org.junit.platform.engine.support.hierarchical.ThrowableCollector.execute(ThrowableCollector.java:73)
	at org.junit.platform.engine.support.hierarchical.NodeTestTask.executeRecursively(NodeTestTask.java:138)
	at org.junit.platform.engine.support.hierarchical.NodeTestTask.execute(NodeTestTask.java:95)
	at java.util.ArrayList.forEach(ArrayList.java:1259)
	at org.junit.platform.engine.support.hierarchical.SameThreadHierarchicalTestExecutorService.invokeAll(SameThreadHierarchicalTestExecutorService.java:41)
	at org.junit.platform.engine.support.hierarchical.NodeTestTask.lambda$executeRecursively$6(NodeTestTask.java:155)
	at org.junit.platform.engine.support.hierarchical.ThrowableCollector.execute(ThrowableCollector.java:73)
	at org.junit.platform.engine.support.hierarchical.NodeTestTask.lambda$executeRecursively$8(NodeTestTask.java:141)
	at org.junit.platform.engine.support.hierarchical.Node.around(Node.java:137)
	at org.junit.platform.engine.support.hierarchical.NodeTestTask.lambda$executeRecursively$9(NodeTestTask.java:139)
	at org.junit.platform.engine.support.hierarchical.ThrowableCollector.execute(ThrowableCollector.java:73)
	at org.junit.platform.engine.support.hierarchical.NodeTestTask.executeRecursively(NodeTestTask.java:138)
	at org.junit.platform.engine.support.hierarchical.NodeTestTask.execute(NodeTestTask.java:95)
	at java.util.ArrayList.forEach(ArrayList.java:1259)
	at org.junit.platform.engine.support.hierarchical.SameThreadHierarchicalTestExecutorService.invokeAll(SameThreadHierarchicalTestExecutorService.java:41)
	at org.junit.platform.engine.support.hierarchical.NodeTestTask.lambda$executeRecursively$6(NodeTestTask.java:155)
	at org.junit.platform.engine.support.hierarchical.ThrowableCollector.execute(ThrowableCollector.java:73)
	at org.junit.platform.engine.support.hierarchical.NodeTestTask.lambda$executeRecursively$8(NodeTestTask.java:141)
	at org.junit.platform.engine.support.hierarchical.Node.around(Node.java:137)
	at org.junit.platform.engine.support.hierarchical.NodeTestTask.lambda$executeRecursively$9(NodeTestTask.java:139)
	at org.junit.platform.engine.support.hierarchical.ThrowableCollector.execute(ThrowableCollector.java:73)
	at org.junit.platform.engine.support.hierarchical.NodeTestTask.executeRecursively(NodeTestTask.java:138)
	at org.junit.platform.engine.support.hierarchical.NodeTestTask.execute(NodeTestTask.java:95)
	at org.junit.platform.engine.support.hierarchical.SameThreadHierarchicalTestExecutorService.submit(SameThreadHierarchicalTestExecutorService.java:35)
	at org.junit.platform.engine.support.hierarchical.HierarchicalTestExecutor.execute(HierarchicalTestExecutor.java:57)
	at org.junit.platform.engine.support.hierarchical.HierarchicalTestEngine.execute(HierarchicalTestEngine.java:54)
	at org.junit.platform.launcher.core.EngineExecutionOrchestrator.execute(EngineExecutionOrchestrator.java:107)
	at org.junit.platform.launcher.core.EngineExecutionOrchestrator.execute(EngineExecutionOrchestrator.java:88)
	at org.junit.platform.launcher.core.EngineExecutionOrchestrator.lambda$execute$0(EngineExecutionOrchestrator.java:54)
	at org.junit.platform.launcher.core.EngineExecutionOrchestrator.withInterceptedStreams(EngineExecutionOrchestrator.java:67)
	at org.junit.platform.launcher.core.EngineExecutionOrchestrator.execute(EngineExecutionOrchestrator.java:52)
	at org.junit.platform.launcher.core.DefaultLauncher.execute(DefaultLauncher.java:114)
	at org.junit.platform.launcher.core.DefaultLauncher.execute(DefaultLauncher.java:86)
	at org.junit.platform.launcher.core.DefaultLauncherSession$DelegatingLauncher.execute(DefaultLauncherSession.java:86)
	at org.junit.platform.launcher.core.SessionPerRequestLauncher.execute(SessionPerRequestLauncher.java:53)
	at org.apache.maven.surefire.junitplatform.JUnitPlatformProvider.execute(JUnitPlatformProvider.java:188)
	at org.apache.maven.surefire.junitplatform.JUnitPlatformProvider.invokeAllTests(JUnitPlatformProvider.java:154)
	at org.apache.maven.surefire.junitplatform.JUnitPlatformProvider.invoke(JUnitPlatformProvider.java:124)
	at org.apache.maven.surefire.booter.ForkedBooter.runSuitesInProcess(ForkedBooter.java:428)
	at org.apache.maven.surefire.booter.ForkedBooter.execute(ForkedBooter.java:162)
	at org.apache.maven.surefire.booter.ForkedBooter.run(ForkedBooter.java:562)
	at org.apache.maven.surefire.booter.ForkedBooter.main(ForkedBooter.java:548)
]]></error>
    <system-out><![CDATA[2023-07-26 19:34:23,499 [main] INFO  net.NodeSchemaLoader (NodeSchemaLoader.java:loadSchemaFromFile(129)) - Loading schema from [file:/home/runner/work/ozone/ozone/hadoop-hdds/common/target/classes/network-topology-default.xml]
2023-07-26 19:34:23,499 [main] INFO  net.NodeSchemaLoader (NodeSchemaLoader.java:loadSchema(176)) - Loading network topology layer schema file
2023-07-26 19:34:23,505 [main] INFO  net.NetworkTopologyImpl (NetworkTopologyImpl.java:add(112)) - Added a new node: /default-rack/3f35d1eb-b805-4618-b901-8b8e4e2ae506
2023-07-26 19:34:23,506 [main] INFO  net.NetworkTopologyImpl (NetworkTopologyImpl.java:add(112)) - Added a new node: /default-rack/3e7e1d1e-642e-48ea-aed1-9f7fbce09a78
2023-07-26 19:34:23,506 [main] INFO  net.NetworkTopologyImpl (NetworkTopologyImpl.java:add(112)) - Added a new node: /default-rack/8d1c40fb-7421-4b04-a463-f15789ff5aba
2023-07-26 19:34:23,506 [main] INFO  net.NetworkTopologyImpl (NetworkTopologyImpl.java:add(112)) - Added a new node: /default-rack/240b0ac4-d0e0-4ab7-ac7b-c38c4112c109
2023-07-26 19:34:23,506 [main] INFO  net.NetworkTopologyImpl (NetworkTopologyImpl.java:add(112)) - Added a new node: /default-rack/5ea53f31-ac16-4d2d-9d43-d8f766877684
2023-07-26 19:34:23,506 [main] INFO  net.NetworkTopologyImpl (NetworkTopologyImpl.java:add(112)) - Added a new node: /default-rack/e0ed4579-0ef2-4c12-a97d-ebf4195f5718
2023-07-26 19:34:23,506 [main] INFO  net.NetworkTopologyImpl (NetworkTopologyImpl.java:add(112)) - Added a new node: /default-rack/87a41e7b-d3f4-4d9a-8bf2-09046c045d49
2023-07-26 19:34:23,507 [main] INFO  net.NetworkTopologyImpl (NetworkTopologyImpl.java:add(112)) - Added a new node: /default-rack/0eb5e39e-ed64-411e-92e1-b2f36be0083f
2023-07-26 19:34:23,507 [main] INFO  net.NetworkTopologyImpl (NetworkTopologyImpl.java:add(112)) - Added a new node: /default-rack/de5015ef-1f50-47a4-a8af-eb6b031c737d
2023-07-26 19:34:23,507 [main] INFO  net.NetworkTopologyImpl (NetworkTopologyImpl.java:add(112)) - Added a new node: /default-rack/3654a456-fd9f-4e9a-8daf-e26bfa6c4650
2023-07-26 19:34:23,507 [main] INFO  algorithms.ContainerPlacementPolicyFactory (ContainerPlacementPolicyFactory.java:getPolicyInternal(86)) - Create container placement policy of type org.apache.hadoop.hdds.scm.container.placement.algorithms.SCMContainerPlacementRackAware
2023-07-26 19:34:23,507 [main] INFO  algorithms.ContainerPlacementPolicyFactory (ContainerPlacementPolicyFactory.java:getPolicyInternal(86)) - Create container placement policy of type org.apache.hadoop.hdds.scm.container.placement.algorithms.SCMContainerPlacementRackScatter
2023-07-26 19:34:23,556 [Thread-22] INFO  balancer.ContainerBalancerTask (ContainerBalancerTask.java:run(175)) - ContainerBalancer will sleep for 10 seconds before starting balancing.
]]></system-out>
  </testcase>
  <testcase name="checkIterationResultException" classname="org.apache.hadoop.hdds.scm.container.balancer.TestContainerBalancerTask" time="0.112">
    <system-out><![CDATA[2023-07-26 19:34:23,612 [main] INFO  net.NodeSchemaLoader (NodeSchemaLoader.java:loadSchemaFromFile(129)) - Loading schema from [file:/home/runner/work/ozone/ozone/hadoop-hdds/common/target/classes/network-topology-default.xml]
2023-07-26 19:34:23,612 [main] INFO  net.NodeSchemaLoader (NodeSchemaLoader.java:loadSchema(176)) - Loading network topology layer schema file
2023-07-26 19:34:23,616 [main] INFO  net.NetworkTopologyImpl (NetworkTopologyImpl.java:add(112)) - Added a new node: /default-rack/9a84f196-b253-4939-a4b9-1b3acdca30f0
2023-07-26 19:34:23,616 [main] INFO  net.NetworkTopologyImpl (NetworkTopologyImpl.java:add(112)) - Added a new node: /default-rack/7473b2df-ef31-40e7-8d68-5a8c52587e84
2023-07-26 19:34:23,616 [main] INFO  net.NetworkTopologyImpl (NetworkTopologyImpl.java:add(112)) - Added a new node: /default-rack/88411f40-d9b9-42bc-be4e-93ae3dcc6e5e
2023-07-26 19:34:23,616 [main] INFO  net.NetworkTopologyImpl (NetworkTopologyImpl.java:add(112)) - Added a new node: /default-rack/a1a414a9-42e2-40cc-a607-593954722137
2023-07-26 19:34:23,616 [main] INFO  net.NetworkTopologyImpl (NetworkTopologyImpl.java:add(112)) - Added a new node: /default-rack/12b0d54b-dc4d-4c89-a2ec-c7261f3c04f0
2023-07-26 19:34:23,617 [main] INFO  net.NetworkTopologyImpl (NetworkTopologyImpl.java:add(112)) - Added a new node: /default-rack/8f215d43-af7a-4709-bf2d-0362f01a08dd
2023-07-26 19:34:23,617 [main] INFO  net.NetworkTopologyImpl (NetworkTopologyImpl.java:add(112)) - Added a new node: /default-rack/0a572715-c6f4-490c-b9b2-810199ab9858
2023-07-26 19:34:23,617 [main] INFO  net.NetworkTopologyImpl (NetworkTopologyImpl.java:add(112)) - Added a new node: /default-rack/df9c7048-c23d-421a-8ae2-fcab1e5c0e9b
2023-07-26 19:34:23,617 [main] INFO  net.NetworkTopologyImpl (NetworkTopologyImpl.java:add(112)) - Added a new node: /default-rack/744b6ecc-b89b-4c96-ad25-88ef791da700
2023-07-26 19:34:23,617 [main] INFO  net.NetworkTopologyImpl (NetworkTopologyImpl.java:add(112)) - Added a new node: /default-rack/9975ee4e-dbd0-4f23-946d-6d42a67fa087
2023-07-26 19:34:23,617 [main] INFO  algorithms.ContainerPlacementPolicyFactory (ContainerPlacementPolicyFactory.java:getPolicyInternal(86)) - Create container placement policy of type org.apache.hadoop.hdds.scm.container.placement.algorithms.SCMContainerPlacementRackAware
2023-07-26 19:34:23,617 [main] INFO  algorithms.ContainerPlacementPolicyFactory (ContainerPlacementPolicyFactory.java:getPolicyInternal(86)) - Create container placement policy of type org.apache.hadoop.hdds.scm.container.placement.algorithms.SCMContainerPlacementRackScatter
2023-07-26 19:34:23,630 [main] DEBUG balancer.ContainerBalancerTask (ContainerBalancerTask.java:initializeIteration(374)) - Average utilization of the cluster is 0.315503820163069
2023-07-26 19:34:23,630 [main] DEBUG balancer.ContainerBalancerTask (ContainerBalancerTask.java:initializeIteration(386)) - Lower limit for utilization is 0.215503820163069 and Upper limit for utilization is 0.41550382016306897
2023-07-26 19:34:23,630 [main] DEBUG balancer.ContainerBalancerTask (ContainerBalancerTask.java:initializeIteration(398)) - Utilization for node 7473b2df-ef31-40e7-8d68-5a8c52587e84 with capacity 65617555911B, used 59055800320B, and remaining 6561755591B is 0.900000000001524
2023-07-26 19:34:23,630 [main] DEBUG balancer.ContainerBalancerTask (ContainerBalancerTask.java:initializeIteration(398)) - Utilization for node 8f215d43-af7a-4709-bf2d-0362f01a08dd with capacity 60397977600B, used 48318382080B, and remaining 12079595520B is 0.8
2023-07-26 19:34:23,630 [main] DEBUG balancer.ContainerBalancerTask (ContainerBalancerTask.java:initializeIteration(398)) - Utilization for node 744b6ecc-b89b-4c96-ad25-88ef791da700 with capacity 69026260114B, used 48318382080B, and remaining 20707878034B is 0.7000000000028974
2023-07-26 19:34:23,630 [main] DEBUG balancer.ContainerBalancerTask (ContainerBalancerTask.java:initializeIteration(398)) - Utilization for node 9975ee4e-dbd0-4f23-946d-6d42a67fa087 with capacity 96636764160B, used 57982058496B, and remaining 38654705664B is 0.6
2023-07-26 19:34:23,631 [main] DEBUG balancer.ContainerBalancerTask (ContainerBalancerTask.java:initializeIteration(398)) - Utilization for node 9a84f196-b253-4939-a4b9-1b3acdca30f0 with capacity 115964116992B, used 57982058496B, and remaining 57982058496B is 0.5
2023-07-26 19:34:23,631 [main] DEBUG balancer.ContainerBalancerTask (ContainerBalancerTask.java:initializeIteration(398)) - Utilization for node 88411f40-d9b9-42bc-be4e-93ae3dcc6e5e with capacity 77846282240B, used 31138512896B, and remaining 46707769344B is 0.4
2023-07-26 19:34:23,631 [main] DEBUG balancer.ContainerBalancerTask (ContainerBalancerTask.java:initializeIteration(398)) - Utilization for node df9c7048-c23d-421a-8ae2-fcab1e5c0e9b with capacity 114532461226B, used 34359738368B, and remaining 80172722858B is 0.3000000000017462
2023-07-26 19:34:23,631 [main] DEBUG balancer.ContainerBalancerTask (ContainerBalancerTask.java:initializeIteration(398)) - Utilization for node a1a414a9-42e2-40cc-a607-593954722137 with capacity 177167400960B, used 35433480192B, and remaining 141733920768B is 0.2
2023-07-26 19:34:23,631 [main] DEBUG balancer.ContainerBalancerTask (ContainerBalancerTask.java:initializeIteration(398)) - Utilization for node 0a572715-c6f4-490c-b9b2-810199ab9858 with capacity 569083166720B, used 56908316672B, and remaining 512174850048B is 0.1
2023-07-26 19:34:23,631 [main] DEBUG balancer.ContainerBalancerTask (ContainerBalancerTask.java:initializeIteration(398)) - Utilization for node 12b0d54b-dc4d-4c89-a2ec-c7261f3c04f0 with capacity 15032385536B, used 0B, and remaining 15032385536B is 0.0
2023-07-26 19:34:23,631 [main] INFO  balancer.ContainerBalancerTask (ContainerBalancerTask.java:initializeIteration(447)) - Container Balancer has identified 5 Over-Utilized and 3 Under-Utilized Datanodes that need to be balanced.
2023-07-26 19:34:23,632 [main] DEBUG balancer.ContainerBalancerTask (ContainerBalancerTask.java:lambda$initializeIteration$1(453)) - Datanode localhost-66.26.161.42 7473b2df-ef31-40e7-8d68-5a8c52587e84 is Over-Utilized.
2023-07-26 19:34:23,632 [main] DEBUG balancer.ContainerBalancerTask (ContainerBalancerTask.java:lambda$initializeIteration$1(453)) - Datanode localhost-206.129.29.0 8f215d43-af7a-4709-bf2d-0362f01a08dd is Over-Utilized.
2023-07-26 19:34:23,632 [main] DEBUG balancer.ContainerBalancerTask (ContainerBalancerTask.java:lambda$initializeIteration$1(453)) - Datanode localhost-65.42.249.181 744b6ecc-b89b-4c96-ad25-88ef791da700 is Over-Utilized.
2023-07-26 19:34:23,632 [main] DEBUG balancer.ContainerBalancerTask (ContainerBalancerTask.java:lambda$initializeIteration$1(453)) - Datanode localhost-193.93.189.62 9975ee4e-dbd0-4f23-946d-6d42a67fa087 is Over-Utilized.
2023-07-26 19:34:23,633 [main] DEBUG balancer.ContainerBalancerTask (ContainerBalancerTask.java:lambda$initializeIteration$1(453)) - Datanode localhost-213.216.195.231 9a84f196-b253-4939-a4b9-1b3acdca30f0 is Over-Utilized.
2023-07-26 19:34:23,633 [main] DEBUG balancer.ContainerBalancerTask (ContainerBalancerTask.java:lambda$initializeIteration$2(459)) - Datanode localhost-7.201.216.131 12b0d54b-dc4d-4c89-a2ec-c7261f3c04f0 is Under-Utilized.
2023-07-26 19:34:23,633 [main] DEBUG balancer.ContainerBalancerTask (ContainerBalancerTask.java:lambda$initializeIteration$2(459)) - Datanode localhost-250.69.164.20 0a572715-c6f4-490c-b9b2-810199ab9858 is Under-Utilized.
2023-07-26 19:34:23,633 [main] DEBUG balancer.ContainerBalancerTask (ContainerBalancerTask.java:lambda$initializeIteration$2(459)) - Datanode localhost-14.162.177.56 a1a414a9-42e2-40cc-a607-593954722137 is Under-Utilized.
2023-07-26 19:34:23,636 [main] DEBUG balancer.ContainerBalancerTask (ContainerBalancerTask.java:matchSourceWithTarget(708)) - ContainerBalancer is finding suitable target for source datanode 7473b2df-ef31-40e7-8d68-5a8c52587e84
2023-07-26 19:34:23,636 [main] INFO  balancer.ContainerBalancerTask (ContainerBalancerTask.java:matchSourceWithTarget(722)) - ContainerBalancer matched source datanode 7473b2df-ef31-40e7-8d68-5a8c52587e84 with target datanode 12b0d54b-dc4d-4c89-a2ec-c7261f3c04f0 for container move.
2023-07-26 19:34:23,636 [main] INFO  balancer.ContainerBalancerTask (ContainerBalancerTask.java:processMoveSelection(569)) - ContainerBalancer is trying to move container #84 with size 4294967296B from source datanode 7473b2df-ef31-40e7-8d68-5a8c52587e84 to target datanode 12b0d54b-dc4d-4c89-a2ec-c7261f3c04f0
2023-07-26 19:34:23,639 [main] DEBUG balancer.ContainerBalancerTask (ContainerBalancerTask.java:matchSourceWithTarget(708)) - ContainerBalancer is finding suitable target for source datanode 7473b2df-ef31-40e7-8d68-5a8c52587e84
2023-07-26 19:34:23,640 [main] INFO  balancer.ContainerBalancerTask (ContainerBalancerTask.java:matchSourceWithTarget(722)) - ContainerBalancer matched source datanode 7473b2df-ef31-40e7-8d68-5a8c52587e84 with target datanode 0a572715-c6f4-490c-b9b2-810199ab9858 for container move.
2023-07-26 19:34:23,640 [main] INFO  balancer.ContainerBalancerTask (ContainerBalancerTask.java:processMoveSelection(569)) - ContainerBalancer is trying to move container #88 with size 3221225472B from source datanode 7473b2df-ef31-40e7-8d68-5a8c52587e84 to target datanode 0a572715-c6f4-490c-b9b2-810199ab9858
2023-07-26 19:34:23,641 [Thread-23] INFO  balancer.ContainerBalancerTask (ContainerBalancerTask.java:lambda$moveContainer$3(827)) - Container move for container #84 from source 7473b2df-ef31-40e7-8d68-5a8c52587e84 to target 12b0d54b-dc4d-4c89-a2ec-c7261f3c04f0 failed with exceptions.
java.util.concurrent.CompletionException: java.lang.RuntimeException: Runtime Exception after doing work
	at java.util.concurrent.CompletableFuture.encodeThrowable(CompletableFuture.java:273)
	at java.util.concurrent.CompletableFuture.completeThrowable(CompletableFuture.java:280)
	at java.util.concurrent.CompletableFuture$AsyncSupply.run(CompletableFuture.java:1606)
	at java.lang.Thread.run(Thread.java:750)
Caused by: java.lang.RuntimeException: Runtime Exception after doing work
	at org.apache.hadoop.hdds.scm.container.balancer.TestContainerBalancerTask.lambda$checkIterationResultException$10(TestContainerBalancerTask.java:1011)
	at java.util.concurrent.CompletableFuture$AsyncSupply.run(CompletableFuture.java:1604)
	... 1 more
2023-07-26 19:34:23,643 [main] WARN  balancer.ContainerBalancerTask (ContainerBalancerTask.java:moveContainer(851)) - Could not find Container #88 for container move
org.apache.hadoop.hdds.scm.container.ContainerNotFoundException: Test Container not found
	at org.apache.hadoop.hdds.scm.container.replication.ReplicationManager.move(ReplicationManager.java:1427)
	at org.apache.hadoop.hdds.scm.container.balancer.ContainerBalancerTask.moveContainer(ContainerBalancerTask.java:817)
	at org.apache.hadoop.hdds.scm.container.balancer.ContainerBalancerTask.processMoveSelection(ContainerBalancerTask.java:576)
	at org.apache.hadoop.hdds.scm.container.balancer.ContainerBalancerTask.doIteration(ContainerBalancerTask.java:534)
	at org.apache.hadoop.hdds.scm.container.balancer.ContainerBalancerTask.balance(ContainerBalancerTask.java:257)
	at org.apache.hadoop.hdds.scm.container.balancer.ContainerBalancerTask.run(ContainerBalancerTask.java:179)
	at org.apache.hadoop.hdds.scm.container.balancer.TestContainerBalancerTask.startBalancer(TestContainerBalancerTask.java:1321)
	at org.apache.hadoop.hdds.scm.container.balancer.TestContainerBalancerTask.checkIterationResultException(TestContainerBalancerTask.java:1024)
	at sun.reflect.NativeMethodAccessorImpl.invoke0(Native Method)
	at sun.reflect.NativeMethodAccessorImpl.invoke(NativeMethodAccessorImpl.java:62)
	at sun.reflect.DelegatingMethodAccessorImpl.invoke(DelegatingMethodAccessorImpl.java:43)
	at java.lang.reflect.Method.invoke(Method.java:498)
	at org.junit.platform.commons.util.ReflectionUtils.invokeMethod(ReflectionUtils.java:725)
	at org.junit.jupiter.engine.execution.MethodInvocation.proceed(MethodInvocation.java:60)
	at org.junit.jupiter.engine.execution.InvocationInterceptorChain$ValidatingInvocation.proceed(InvocationInterceptorChain.java:131)
	at org.junit.jupiter.engine.extension.TimeoutExtension.intercept(TimeoutExtension.java:149)
	at org.junit.jupiter.engine.extension.TimeoutExtension.interceptTestableMethod(TimeoutExtension.java:140)
	at org.junit.jupiter.engine.extension.TimeoutExtension.interceptTestMethod(TimeoutExtension.java:84)
	at org.junit.jupiter.engine.execution.ExecutableInvoker$ReflectiveInterceptorCall.lambda$ofVoidMethod$0(ExecutableInvoker.java:115)
	at org.junit.jupiter.engine.execution.ExecutableInvoker.lambda$invoke$0(ExecutableInvoker.java:105)
	at org.junit.jupiter.engine.execution.InvocationInterceptorChain$InterceptedInvocation.proceed(InvocationInterceptorChain.java:106)
	at org.junit.jupiter.engine.execution.InvocationInterceptorChain.proceed(InvocationInterceptorChain.java:64)
	at org.junit.jupiter.engine.execution.InvocationInterceptorChain.chainAndInvoke(InvocationInterceptorChain.java:45)
	at org.junit.jupiter.engine.execution.InvocationInterceptorChain.invoke(InvocationInterceptorChain.java:37)
	at org.junit.jupiter.engine.execution.ExecutableInvoker.invoke(ExecutableInvoker.java:104)
	at org.junit.jupiter.engine.execution.ExecutableInvoker.invoke(ExecutableInvoker.java:98)
	at org.junit.jupiter.engine.descriptor.TestMethodTestDescriptor.lambda$invokeTestMethod$7(TestMethodTestDescriptor.java:214)
	at org.junit.platform.engine.support.hierarchical.ThrowableCollector.execute(ThrowableCollector.java:73)
	at org.junit.jupiter.engine.descriptor.TestMethodTestDescriptor.invokeTestMethod(TestMethodTestDescriptor.java:210)
	at org.junit.jupiter.engine.descriptor.TestMethodTestDescriptor.execute(TestMethodTestDescriptor.java:135)
	at org.junit.jupiter.engine.descriptor.TestMethodTestDescriptor.execute(TestMethodTestDescriptor.java:66)
	at org.junit.platform.engine.support.hierarchical.NodeTestTask.lambda$executeRecursively$6(NodeTestTask.java:151)
	at org.junit.platform.engine.support.hierarchical.ThrowableCollector.execute(ThrowableCollector.java:73)
	at org.junit.platform.engine.support.hierarchical.NodeTestTask.lambda$executeRecursively$8(NodeTestTask.java:141)
	at org.junit.platform.engine.support.hierarchical.Node.around(Node.java:137)
	at org.junit.platform.engine.support.hierarchical.NodeTestTask.lambda$executeRecursively$9(NodeTestTask.java:139)
	at org.junit.platform.engine.support.hierarchical.ThrowableCollector.execute(ThrowableCollector.java:73)
	at org.junit.platform.engine.support.hierarchical.NodeTestTask.executeRecursively(NodeTestTask.java:138)
	at org.junit.platform.engine.support.hierarchical.NodeTestTask.execute(NodeTestTask.java:95)
	at java.util.ArrayList.forEach(ArrayList.java:1259)
	at org.junit.platform.engine.support.hierarchical.SameThreadHierarchicalTestExecutorService.invokeAll(SameThreadHierarchicalTestExecutorService.java:41)
	at org.junit.platform.engine.support.hierarchical.NodeTestTask.lambda$executeRecursively$6(NodeTestTask.java:155)
	at org.junit.platform.engine.support.hierarchical.ThrowableCollector.execute(ThrowableCollector.java:73)
	at org.junit.platform.engine.support.hierarchical.NodeTestTask.lambda$executeRecursively$8(NodeTestTask.java:141)
	at org.junit.platform.engine.support.hierarchical.Node.around(Node.java:137)
	at org.junit.platform.engine.support.hierarchical.NodeTestTask.lambda$executeRecursively$9(NodeTestTask.java:139)
	at org.junit.platform.engine.support.hierarchical.ThrowableCollector.execute(ThrowableCollector.java:73)
	at org.junit.platform.engine.support.hierarchical.NodeTestTask.executeRecursively(NodeTestTask.java:138)
	at org.junit.platform.engine.support.hierarchical.NodeTestTask.execute(NodeTestTask.java:95)
	at java.util.ArrayList.forEach(ArrayList.java:1259)
	at org.junit.platform.engine.support.hierarchical.SameThreadHierarchicalTestExecutorService.invokeAll(SameThreadHierarchicalTestExecutorService.java:41)
	at org.junit.platform.engine.support.hierarchical.NodeTestTask.lambda$executeRecursively$6(NodeTestTask.java:155)
	at org.junit.platform.engine.support.hierarchical.ThrowableCollector.execute(ThrowableCollector.java:73)
	at org.junit.platform.engine.support.hierarchical.NodeTestTask.lambda$executeRecursively$8(NodeTestTask.java:141)
	at org.junit.platform.engine.support.hierarchical.Node.around(Node.java:137)
	at org.junit.platform.engine.support.hierarchical.NodeTestTask.lambda$executeRecursively$9(NodeTestTask.java:139)
	at org.junit.platform.engine.support.hierarchical.ThrowableCollector.execute(ThrowableCollector.java:73)
	at org.junit.platform.engine.support.hierarchical.NodeTestTask.executeRecursively(NodeTestTask.java:138)
	at org.junit.platform.engine.support.hierarchical.NodeTestTask.execute(NodeTestTask.java:95)
	at org.junit.platform.engine.support.hierarchical.SameThreadHierarchicalTestExecutorService.submit(SameThreadHierarchicalTestExecutorService.java:35)
	at org.junit.platform.engine.support.hierarchical.HierarchicalTestExecutor.execute(HierarchicalTestExecutor.java:57)
	at org.junit.platform.engine.support.hierarchical.HierarchicalTestEngine.execute(HierarchicalTestEngine.java:54)
	at org.junit.platform.launcher.core.EngineExecutionOrchestrator.execute(EngineExecutionOrchestrator.java:107)
	at org.junit.platform.launcher.core.EngineExecutionOrchestrator.execute(EngineExecutionOrchestrator.java:88)
	at org.junit.platform.launcher.core.EngineExecutionOrchestrator.lambda$execute$0(EngineExecutionOrchestrator.java:54)
	at org.junit.platform.launcher.core.EngineExecutionOrchestrator.withInterceptedStreams(EngineExecutionOrchestrator.java:67)
	at org.junit.platform.launcher.core.EngineExecutionOrchestrator.execute(EngineExecutionOrchestrator.java:52)
	at org.junit.platform.launcher.core.DefaultLauncher.execute(DefaultLauncher.java:114)
	at org.junit.platform.launcher.core.DefaultLauncher.execute(DefaultLauncher.java:86)
	at org.junit.platform.launcher.core.DefaultLauncherSession$DelegatingLauncher.execute(DefaultLauncherSession.java:86)
	at org.junit.platform.launcher.core.SessionPerRequestLauncher.execute(SessionPerRequestLauncher.java:53)
	at org.apache.maven.surefire.junitplatform.JUnitPlatformProvider.execute(JUnitPlatformProvider.java:188)
	at org.apache.maven.surefire.junitplatform.JUnitPlatformProvider.invokeAllTests(JUnitPlatformProvider.java:154)
	at org.apache.maven.surefire.junitplatform.JUnitPlatformProvider.invoke(JUnitPlatformProvider.java:124)
	at org.apache.maven.surefire.booter.ForkedBooter.runSuitesInProcess(ForkedBooter.java:428)
	at org.apache.maven.surefire.booter.ForkedBooter.execute(ForkedBooter.java:162)
	at org.apache.maven.surefire.booter.ForkedBooter.run(ForkedBooter.java:562)
	at org.apache.maven.surefire.booter.ForkedBooter.main(ForkedBooter.java:548)
2023-07-26 19:34:23,646 [main] DEBUG balancer.ContainerBalancerTask (ContainerBalancerTask.java:matchSourceWithTarget(708)) - ContainerBalancer is finding suitable target for source datanode 8f215d43-af7a-4709-bf2d-0362f01a08dd
2023-07-26 19:34:23,648 [main] INFO  balancer.ContainerBalancerTask (ContainerBalancerTask.java:matchSourceWithTarget(722)) - ContainerBalancer matched source datanode 8f215d43-af7a-4709-bf2d-0362f01a08dd with target datanode 0a572715-c6f4-490c-b9b2-810199ab9858 for container move.
2023-07-26 19:34:23,648 [main] INFO  balancer.ContainerBalancerTask (ContainerBalancerTask.java:processMoveSelection(569)) - ContainerBalancer is trying to move container #52 with size 4294967296B from source datanode 8f215d43-af7a-4709-bf2d-0362f01a08dd to target datanode 0a572715-c6f4-490c-b9b2-810199ab9858
2023-07-26 19:34:23,649 [main] INFO  balancer.ContainerBalancerTask (ContainerBalancerTask.java:lambda$moveContainer$3(827)) - Container move for container #52 from source 8f215d43-af7a-4709-bf2d-0362f01a08dd to target 0a572715-c6f4-490c-b9b2-810199ab9858 failed with exceptions.
java.lang.RuntimeException: Runtime Exception
	at org.apache.hadoop.hdds.scm.container.balancer.TestContainerBalancerTask.checkIterationResultException(TestContainerBalancerTask.java:1002)
	at sun.reflect.NativeMethodAccessorImpl.invoke0(Native Method)
	at sun.reflect.NativeMethodAccessorImpl.invoke(NativeMethodAccessorImpl.java:62)
	at sun.reflect.DelegatingMethodAccessorImpl.invoke(DelegatingMethodAccessorImpl.java:43)
	at java.lang.reflect.Method.invoke(Method.java:498)
	at org.junit.platform.commons.util.ReflectionUtils.invokeMethod(ReflectionUtils.java:725)
	at org.junit.jupiter.engine.execution.MethodInvocation.proceed(MethodInvocation.java:60)
	at org.junit.jupiter.engine.execution.InvocationInterceptorChain$ValidatingInvocation.proceed(InvocationInterceptorChain.java:131)
	at org.junit.jupiter.engine.extension.TimeoutExtension.intercept(TimeoutExtension.java:149)
	at org.junit.jupiter.engine.extension.TimeoutExtension.interceptTestableMethod(TimeoutExtension.java:140)
	at org.junit.jupiter.engine.extension.TimeoutExtension.interceptTestMethod(TimeoutExtension.java:84)
	at org.junit.jupiter.engine.execution.ExecutableInvoker$ReflectiveInterceptorCall.lambda$ofVoidMethod$0(ExecutableInvoker.java:115)
	at org.junit.jupiter.engine.execution.ExecutableInvoker.lambda$invoke$0(ExecutableInvoker.java:105)
	at org.junit.jupiter.engine.execution.InvocationInterceptorChain$InterceptedInvocation.proceed(InvocationInterceptorChain.java:106)
	at org.junit.jupiter.engine.execution.InvocationInterceptorChain.proceed(InvocationInterceptorChain.java:64)
	at org.junit.jupiter.engine.execution.InvocationInterceptorChain.chainAndInvoke(InvocationInterceptorChain.java:45)
	at org.junit.jupiter.engine.execution.InvocationInterceptorChain.invoke(InvocationInterceptorChain.java:37)
	at org.junit.jupiter.engine.execution.ExecutableInvoker.invoke(ExecutableInvoker.java:104)
	at org.junit.jupiter.engine.execution.ExecutableInvoker.invoke(ExecutableInvoker.java:98)
	at org.junit.jupiter.engine.descriptor.TestMethodTestDescriptor.lambda$invokeTestMethod$7(TestMethodTestDescriptor.java:214)
	at org.junit.platform.engine.support.hierarchical.ThrowableCollector.execute(ThrowableCollector.java:73)
	at org.junit.jupiter.engine.descriptor.TestMethodTestDescriptor.invokeTestMethod(TestMethodTestDescriptor.java:210)
	at org.junit.jupiter.engine.descriptor.TestMethodTestDescriptor.execute(TestMethodTestDescriptor.java:135)
	at org.junit.jupiter.engine.descriptor.TestMethodTestDescriptor.execute(TestMethodTestDescriptor.java:66)
	at org.junit.platform.engine.support.hierarchical.NodeTestTask.lambda$executeRecursively$6(NodeTestTask.java:151)
	at org.junit.platform.engine.support.hierarchical.ThrowableCollector.execute(ThrowableCollector.java:73)
	at org.junit.platform.engine.support.hierarchical.NodeTestTask.lambda$executeRecursively$8(NodeTestTask.java:141)
	at org.junit.platform.engine.support.hierarchical.Node.around(Node.java:137)
	at org.junit.platform.engine.support.hierarchical.NodeTestTask.lambda$executeRecursively$9(NodeTestTask.java:139)
	at org.junit.platform.engine.support.hierarchical.ThrowableCollector.execute(ThrowableCollector.java:73)
	at org.junit.platform.engine.support.hierarchical.NodeTestTask.executeRecursively(NodeTestTask.java:138)
	at org.junit.platform.engine.support.hierarchical.NodeTestTask.execute(NodeTestTask.java:95)
	at java.util.ArrayList.forEach(ArrayList.java:1259)
	at org.junit.platform.engine.support.hierarchical.SameThreadHierarchicalTestExecutorService.invokeAll(SameThreadHierarchicalTestExecutorService.java:41)
	at org.junit.platform.engine.support.hierarchical.NodeTestTask.lambda$executeRecursively$6(NodeTestTask.java:155)
	at org.junit.platform.engine.support.hierarchical.ThrowableCollector.execute(ThrowableCollector.java:73)
	at org.junit.platform.engine.support.hierarchical.NodeTestTask.lambda$executeRecursively$8(NodeTestTask.java:141)
	at org.junit.platform.engine.support.hierarchical.Node.around(Node.java:137)
	at org.junit.platform.engine.support.hierarchical.NodeTestTask.lambda$executeRecursively$9(NodeTestTask.java:139)
	at org.junit.platform.engine.support.hierarchical.ThrowableCollector.execute(ThrowableCollector.java:73)
	at org.junit.platform.engine.support.hierarchical.NodeTestTask.executeRecursively(NodeTestTask.java:138)
	at org.junit.platform.engine.support.hierarchical.NodeTestTask.execute(NodeTestTask.java:95)
	at java.util.ArrayList.forEach(ArrayList.java:1259)
	at org.junit.platform.engine.support.hierarchical.SameThreadHierarchicalTestExecutorService.invokeAll(SameThreadHierarchicalTestExecutorService.java:41)
	at org.junit.platform.engine.support.hierarchical.NodeTestTask.lambda$executeRecursively$6(NodeTestTask.java:155)
	at org.junit.platform.engine.support.hierarchical.ThrowableCollector.execute(ThrowableCollector.java:73)
	at org.junit.platform.engine.support.hierarchical.NodeTestTask.lambda$executeRecursively$8(NodeTestTask.java:141)
	at org.junit.platform.engine.support.hierarchical.Node.around(Node.java:137)
	at org.junit.platform.engine.support.hierarchical.NodeTestTask.lambda$executeRecursively$9(NodeTestTask.java:139)
	at org.junit.platform.engine.support.hierarchical.ThrowableCollector.execute(ThrowableCollector.java:73)
	at org.junit.platform.engine.support.hierarchical.NodeTestTask.executeRecursively(NodeTestTask.java:138)
	at org.junit.platform.engine.support.hierarchical.NodeTestTask.execute(NodeTestTask.java:95)
	at org.junit.platform.engine.support.hierarchical.SameThreadHierarchicalTestExecutorService.submit(SameThreadHierarchicalTestExecutorService.java:35)
	at org.junit.platform.engine.support.hierarchical.HierarchicalTestExecutor.execute(HierarchicalTestExecutor.java:57)
	at org.junit.platform.engine.support.hierarchical.HierarchicalTestEngine.execute(HierarchicalTestEngine.java:54)
	at org.junit.platform.launcher.core.EngineExecutionOrchestrator.execute(EngineExecutionOrchestrator.java:107)
	at org.junit.platform.launcher.core.EngineExecutionOrchestrator.execute(EngineExecutionOrchestrator.java:88)
	at org.junit.platform.launcher.core.EngineExecutionOrchestrator.lambda$execute$0(EngineExecutionOrchestrator.java:54)
	at org.junit.platform.launcher.core.EngineExecutionOrchestrator.withInterceptedStreams(EngineExecutionOrchestrator.java:67)
	at org.junit.platform.launcher.core.EngineExecutionOrchestrator.execute(EngineExecutionOrchestrator.java:52)
	at org.junit.platform.launcher.core.DefaultLauncher.execute(DefaultLauncher.java:114)
	at org.junit.platform.launcher.core.DefaultLauncher.execute(DefaultLauncher.java:86)
	at org.junit.platform.launcher.core.DefaultLauncherSession$DelegatingLauncher.execute(DefaultLauncherSession.java:86)
	at org.junit.platform.launcher.core.SessionPerRequestLauncher.execute(SessionPerRequestLauncher.java:53)
	at org.apache.maven.surefire.junitplatform.JUnitPlatformProvider.execute(JUnitPlatformProvider.java:188)
	at org.apache.maven.surefire.junitplatform.JUnitPlatformProvider.invokeAllTests(JUnitPlatformProvider.java:154)
	at org.apache.maven.surefire.junitplatform.JUnitPlatformProvider.invoke(JUnitPlatformProvider.java:124)
	at org.apache.maven.surefire.booter.ForkedBooter.runSuitesInProcess(ForkedBooter.java:428)
	at org.apache.maven.surefire.booter.ForkedBooter.execute(ForkedBooter.java:162)
	at org.apache.maven.surefire.booter.ForkedBooter.run(ForkedBooter.java:562)
	at org.apache.maven.surefire.booter.ForkedBooter.main(ForkedBooter.java:548)
2023-07-26 19:34:23,654 [main] DEBUG balancer.ContainerBalancerTask (ContainerBalancerTask.java:matchSourceWithTarget(708)) - ContainerBalancer is finding suitable target for source datanode 744b6ecc-b89b-4c96-ad25-88ef791da700
2023-07-26 19:34:23,654 [main] INFO  balancer.ContainerBalancerTask (ContainerBalancerTask.java:matchSourceWithTarget(722)) - ContainerBalancer matched source datanode 744b6ecc-b89b-4c96-ad25-88ef791da700 with target datanode 0a572715-c6f4-490c-b9b2-810199ab9858 for container move.
2023-07-26 19:34:23,654 [main] INFO  balancer.ContainerBalancerTask (ContainerBalancerTask.java:processMoveSelection(569)) - ContainerBalancer is trying to move container #52 with size 4294967296B from source datanode 744b6ecc-b89b-4c96-ad25-88ef791da700 to target datanode 0a572715-c6f4-490c-b9b2-810199ab9858
2023-07-26 19:34:23,655 [main] INFO  balancer.ContainerBalancerTask (ContainerBalancerTask.java:lambda$moveContainer$3(827)) - Container move for container #52 from source 744b6ecc-b89b-4c96-ad25-88ef791da700 to target 0a572715-c6f4-490c-b9b2-810199ab9858 failed with exceptions.
java.lang.RuntimeException: Runtime Exception
	at org.apache.hadoop.hdds.scm.container.balancer.TestContainerBalancerTask.checkIterationResultException(TestContainerBalancerTask.java:1002)
	at sun.reflect.NativeMethodAccessorImpl.invoke0(Native Method)
	at sun.reflect.NativeMethodAccessorImpl.invoke(NativeMethodAccessorImpl.java:62)
	at sun.reflect.DelegatingMethodAccessorImpl.invoke(DelegatingMethodAccessorImpl.java:43)
	at java.lang.reflect.Method.invoke(Method.java:498)
	at org.junit.platform.commons.util.ReflectionUtils.invokeMethod(ReflectionUtils.java:725)
	at org.junit.jupiter.engine.execution.MethodInvocation.proceed(MethodInvocation.java:60)
	at org.junit.jupiter.engine.execution.InvocationInterceptorChain$ValidatingInvocation.proceed(InvocationInterceptorChain.java:131)
	at org.junit.jupiter.engine.extension.TimeoutExtension.intercept(TimeoutExtension.java:149)
	at org.junit.jupiter.engine.extension.TimeoutExtension.interceptTestableMethod(TimeoutExtension.java:140)
	at org.junit.jupiter.engine.extension.TimeoutExtension.interceptTestMethod(TimeoutExtension.java:84)
	at org.junit.jupiter.engine.execution.ExecutableInvoker$ReflectiveInterceptorCall.lambda$ofVoidMethod$0(ExecutableInvoker.java:115)
	at org.junit.jupiter.engine.execution.ExecutableInvoker.lambda$invoke$0(ExecutableInvoker.java:105)
	at org.junit.jupiter.engine.execution.InvocationInterceptorChain$InterceptedInvocation.proceed(InvocationInterceptorChain.java:106)
	at org.junit.jupiter.engine.execution.InvocationInterceptorChain.proceed(InvocationInterceptorChain.java:64)
	at org.junit.jupiter.engine.execution.InvocationInterceptorChain.chainAndInvoke(InvocationInterceptorChain.java:45)
	at org.junit.jupiter.engine.execution.InvocationInterceptorChain.invoke(InvocationInterceptorChain.java:37)
	at org.junit.jupiter.engine.execution.ExecutableInvoker.invoke(ExecutableInvoker.java:104)
	at org.junit.jupiter.engine.execution.ExecutableInvoker.invoke(ExecutableInvoker.java:98)
	at org.junit.jupiter.engine.descriptor.TestMethodTestDescriptor.lambda$invokeTestMethod$7(TestMethodTestDescriptor.java:214)
	at org.junit.platform.engine.support.hierarchical.ThrowableCollector.execute(ThrowableCollector.java:73)
	at org.junit.jupiter.engine.descriptor.TestMethodTestDescriptor.invokeTestMethod(TestMethodTestDescriptor.java:210)
	at org.junit.jupiter.engine.descriptor.TestMethodTestDescriptor.execute(TestMethodTestDescriptor.java:135)
	at org.junit.jupiter.engine.descriptor.TestMethodTestDescriptor.execute(TestMethodTestDescriptor.java:66)
	at org.junit.platform.engine.support.hierarchical.NodeTestTask.lambda$executeRecursively$6(NodeTestTask.java:151)
	at org.junit.platform.engine.support.hierarchical.ThrowableCollector.execute(ThrowableCollector.java:73)
	at org.junit.platform.engine.support.hierarchical.NodeTestTask.lambda$executeRecursively$8(NodeTestTask.java:141)
	at org.junit.platform.engine.support.hierarchical.Node.around(Node.java:137)
	at org.junit.platform.engine.support.hierarchical.NodeTestTask.lambda$executeRecursively$9(NodeTestTask.java:139)
	at org.junit.platform.engine.support.hierarchical.ThrowableCollector.execute(ThrowableCollector.java:73)
	at org.junit.platform.engine.support.hierarchical.NodeTestTask.executeRecursively(NodeTestTask.java:138)
	at org.junit.platform.engine.support.hierarchical.NodeTestTask.execute(NodeTestTask.java:95)
	at java.util.ArrayList.forEach(ArrayList.java:1259)
	at org.junit.platform.engine.support.hierarchical.SameThreadHierarchicalTestExecutorService.invokeAll(SameThreadHierarchicalTestExecutorService.java:41)
	at org.junit.platform.engine.support.hierarchical.NodeTestTask.lambda$executeRecursively$6(NodeTestTask.java:155)
	at org.junit.platform.engine.support.hierarchical.ThrowableCollector.execute(ThrowableCollector.java:73)
	at org.junit.platform.engine.support.hierarchical.NodeTestTask.lambda$executeRecursively$8(NodeTestTask.java:141)
	at org.junit.platform.engine.support.hierarchical.Node.around(Node.java:137)
	at org.junit.platform.engine.support.hierarchical.NodeTestTask.lambda$executeRecursively$9(NodeTestTask.java:139)
	at org.junit.platform.engine.support.hierarchical.ThrowableCollector.execute(ThrowableCollector.java:73)
	at org.junit.platform.engine.support.hierarchical.NodeTestTask.executeRecursively(NodeTestTask.java:138)
	at org.junit.platform.engine.support.hierarchical.NodeTestTask.execute(NodeTestTask.java:95)
	at java.util.ArrayList.forEach(ArrayList.java:1259)
	at org.junit.platform.engine.support.hierarchical.SameThreadHierarchicalTestExecutorService.invokeAll(SameThreadHierarchicalTestExecutorService.java:41)
	at org.junit.platform.engine.support.hierarchical.NodeTestTask.lambda$executeRecursively$6(NodeTestTask.java:155)
	at org.junit.platform.engine.support.hierarchical.ThrowableCollector.execute(ThrowableCollector.java:73)
	at org.junit.platform.engine.support.hierarchical.NodeTestTask.lambda$executeRecursively$8(NodeTestTask.java:141)
	at org.junit.platform.engine.support.hierarchical.Node.around(Node.java:137)
	at org.junit.platform.engine.support.hierarchical.NodeTestTask.lambda$executeRecursively$9(NodeTestTask.java:139)
	at org.junit.platform.engine.support.hierarchical.ThrowableCollector.execute(ThrowableCollector.java:73)
	at org.junit.platform.engine.support.hierarchical.NodeTestTask.executeRecursively(NodeTestTask.java:138)
	at org.junit.platform.engine.support.hierarchical.NodeTestTask.execute(NodeTestTask.java:95)
	at org.junit.platform.engine.support.hierarchical.SameThreadHierarchicalTestExecutorService.submit(SameThreadHierarchicalTestExecutorService.java:35)
	at org.junit.platform.engine.support.hierarchical.HierarchicalTestExecutor.execute(HierarchicalTestExecutor.java:57)
	at org.junit.platform.engine.support.hierarchical.HierarchicalTestEngine.execute(HierarchicalTestEngine.java:54)
	at org.junit.platform.launcher.core.EngineExecutionOrchestrator.execute(EngineExecutionOrchestrator.java:107)
	at org.junit.platform.launcher.core.EngineExecutionOrchestrator.execute(EngineExecutionOrchestrator.java:88)
	at org.junit.platform.launcher.core.EngineExecutionOrchestrator.lambda$execute$0(EngineExecutionOrchestrator.java:54)
	at org.junit.platform.launcher.core.EngineExecutionOrchestrator.withInterceptedStreams(EngineExecutionOrchestrator.java:67)
	at org.junit.platform.launcher.core.EngineExecutionOrchestrator.execute(EngineExecutionOrchestrator.java:52)
	at org.junit.platform.launcher.core.DefaultLauncher.execute(DefaultLauncher.java:114)
	at org.junit.platform.launcher.core.DefaultLauncher.execute(DefaultLauncher.java:86)
	at org.junit.platform.launcher.core.DefaultLauncherSession$DelegatingLauncher.execute(DefaultLauncherSession.java:86)
	at org.junit.platform.launcher.core.SessionPerRequestLauncher.execute(SessionPerRequestLauncher.java:53)
	at org.apache.maven.surefire.junitplatform.JUnitPlatformProvider.execute(JUnitPlatformProvider.java:188)
	at org.apache.maven.surefire.junitplatform.JUnitPlatformProvider.invokeAllTests(JUnitPlatformProvider.java:154)
	at org.apache.maven.surefire.junitplatform.JUnitPlatformProvider.invoke(JUnitPlatformProvider.java:124)
	at org.apache.maven.surefire.booter.ForkedBooter.runSuitesInProcess(ForkedBooter.java:428)
	at org.apache.maven.surefire.booter.ForkedBooter.execute(ForkedBooter.java:162)
	at org.apache.maven.surefire.booter.ForkedBooter.run(ForkedBooter.java:562)
	at org.apache.maven.surefire.booter.ForkedBooter.main(ForkedBooter.java:548)
2023-07-26 19:34:23,659 [main] DEBUG balancer.ContainerBalancerTask (ContainerBalancerTask.java:matchSourceWithTarget(708)) - ContainerBalancer is finding suitable target for source datanode 9975ee4e-dbd0-4f23-946d-6d42a67fa087
2023-07-26 19:34:23,659 [main] INFO  balancer.ContainerBalancerTask (ContainerBalancerTask.java:matchSourceWithTarget(722)) - ContainerBalancer matched source datanode 9975ee4e-dbd0-4f23-946d-6d42a67fa087 with target datanode 0a572715-c6f4-490c-b9b2-810199ab9858 for container move.
2023-07-26 19:34:23,659 [main] INFO  balancer.ContainerBalancerTask (ContainerBalancerTask.java:processMoveSelection(569)) - ContainerBalancer is trying to move container #40 with size 5368709120B from source datanode 9975ee4e-dbd0-4f23-946d-6d42a67fa087 to target datanode 0a572715-c6f4-490c-b9b2-810199ab9858
2023-07-26 19:34:23,659 [main] INFO  balancer.ContainerBalancerTask (ContainerBalancerTask.java:lambda$moveContainer$3(827)) - Container move for container #40 from source 9975ee4e-dbd0-4f23-946d-6d42a67fa087 to target 0a572715-c6f4-490c-b9b2-810199ab9858 failed with exceptions.
java.lang.RuntimeException: Runtime Exception
	at org.apache.hadoop.hdds.scm.container.balancer.TestContainerBalancerTask.checkIterationResultException(TestContainerBalancerTask.java:1002)
	at sun.reflect.NativeMethodAccessorImpl.invoke0(Native Method)
	at sun.reflect.NativeMethodAccessorImpl.invoke(NativeMethodAccessorImpl.java:62)
	at sun.reflect.DelegatingMethodAccessorImpl.invoke(DelegatingMethodAccessorImpl.java:43)
	at java.lang.reflect.Method.invoke(Method.java:498)
	at org.junit.platform.commons.util.ReflectionUtils.invokeMethod(ReflectionUtils.java:725)
	at org.junit.jupiter.engine.execution.MethodInvocation.proceed(MethodInvocation.java:60)
	at org.junit.jupiter.engine.execution.InvocationInterceptorChain$ValidatingInvocation.proceed(InvocationInterceptorChain.java:131)
	at org.junit.jupiter.engine.extension.TimeoutExtension.intercept(TimeoutExtension.java:149)
	at org.junit.jupiter.engine.extension.TimeoutExtension.interceptTestableMethod(TimeoutExtension.java:140)
	at org.junit.jupiter.engine.extension.TimeoutExtension.interceptTestMethod(TimeoutExtension.java:84)
	at org.junit.jupiter.engine.execution.ExecutableInvoker$ReflectiveInterceptorCall.lambda$ofVoidMethod$0(ExecutableInvoker.java:115)
	at org.junit.jupiter.engine.execution.ExecutableInvoker.lambda$invoke$0(ExecutableInvoker.java:105)
	at org.junit.jupiter.engine.execution.InvocationInterceptorChain$InterceptedInvocation.proceed(InvocationInterceptorChain.java:106)
	at org.junit.jupiter.engine.execution.InvocationInterceptorChain.proceed(InvocationInterceptorChain.java:64)
	at org.junit.jupiter.engine.execution.InvocationInterceptorChain.chainAndInvoke(InvocationInterceptorChain.java:45)
	at org.junit.jupiter.engine.execution.InvocationInterceptorChain.invoke(InvocationInterceptorChain.java:37)
	at org.junit.jupiter.engine.execution.ExecutableInvoker.invoke(ExecutableInvoker.java:104)
	at org.junit.jupiter.engine.execution.ExecutableInvoker.invoke(ExecutableInvoker.java:98)
	at org.junit.jupiter.engine.descriptor.TestMethodTestDescriptor.lambda$invokeTestMethod$7(TestMethodTestDescriptor.java:214)
	at org.junit.platform.engine.support.hierarchical.ThrowableCollector.execute(ThrowableCollector.java:73)
	at org.junit.jupiter.engine.descriptor.TestMethodTestDescriptor.invokeTestMethod(TestMethodTestDescriptor.java:210)
	at org.junit.jupiter.engine.descriptor.TestMethodTestDescriptor.execute(TestMethodTestDescriptor.java:135)
	at org.junit.jupiter.engine.descriptor.TestMethodTestDescriptor.execute(TestMethodTestDescriptor.java:66)
	at org.junit.platform.engine.support.hierarchical.NodeTestTask.lambda$executeRecursively$6(NodeTestTask.java:151)
	at org.junit.platform.engine.support.hierarchical.ThrowableCollector.execute(ThrowableCollector.java:73)
	at org.junit.platform.engine.support.hierarchical.NodeTestTask.lambda$executeRecursively$8(NodeTestTask.java:141)
	at org.junit.platform.engine.support.hierarchical.Node.around(Node.java:137)
	at org.junit.platform.engine.support.hierarchical.NodeTestTask.lambda$executeRecursively$9(NodeTestTask.java:139)
	at org.junit.platform.engine.support.hierarchical.ThrowableCollector.execute(ThrowableCollector.java:73)
	at org.junit.platform.engine.support.hierarchical.NodeTestTask.executeRecursively(NodeTestTask.java:138)
	at org.junit.platform.engine.support.hierarchical.NodeTestTask.execute(NodeTestTask.java:95)
	at java.util.ArrayList.forEach(ArrayList.java:1259)
	at org.junit.platform.engine.support.hierarchical.SameThreadHierarchicalTestExecutorService.invokeAll(SameThreadHierarchicalTestExecutorService.java:41)
	at org.junit.platform.engine.support.hierarchical.NodeTestTask.lambda$executeRecursively$6(NodeTestTask.java:155)
	at org.junit.platform.engine.support.hierarchical.ThrowableCollector.execute(ThrowableCollector.java:73)
	at org.junit.platform.engine.support.hierarchical.NodeTestTask.lambda$executeRecursively$8(NodeTestTask.java:141)
	at org.junit.platform.engine.support.hierarchical.Node.around(Node.java:137)
	at org.junit.platform.engine.support.hierarchical.NodeTestTask.lambda$executeRecursively$9(NodeTestTask.java:139)
	at org.junit.platform.engine.support.hierarchical.ThrowableCollector.execute(ThrowableCollector.java:73)
	at org.junit.platform.engine.support.hierarchical.NodeTestTask.executeRecursively(NodeTestTask.java:138)
	at org.junit.platform.engine.support.hierarchical.NodeTestTask.execute(NodeTestTask.java:95)
	at java.util.ArrayList.forEach(ArrayList.java:1259)
	at org.junit.platform.engine.support.hierarchical.SameThreadHierarchicalTestExecutorService.invokeAll(SameThreadHierarchicalTestExecutorService.java:41)
	at org.junit.platform.engine.support.hierarchical.NodeTestTask.lambda$executeRecursively$6(NodeTestTask.java:155)
	at org.junit.platform.engine.support.hierarchical.ThrowableCollector.execute(ThrowableCollector.java:73)
	at org.junit.platform.engine.support.hierarchical.NodeTestTask.lambda$executeRecursively$8(NodeTestTask.java:141)
	at org.junit.platform.engine.support.hierarchical.Node.around(Node.java:137)
	at org.junit.platform.engine.support.hierarchical.NodeTestTask.lambda$executeRecursively$9(NodeTestTask.java:139)
	at org.junit.platform.engine.support.hierarchical.ThrowableCollector.execute(ThrowableCollector.java:73)
	at org.junit.platform.engine.support.hierarchical.NodeTestTask.executeRecursively(NodeTestTask.java:138)
	at org.junit.platform.engine.support.hierarchical.NodeTestTask.execute(NodeTestTask.java:95)
	at org.junit.platform.engine.support.hierarchical.SameThreadHierarchicalTestExecutorService.submit(SameThreadHierarchicalTestExecutorService.java:35)
	at org.junit.platform.engine.support.hierarchical.HierarchicalTestExecutor.execute(HierarchicalTestExecutor.java:57)
	at org.junit.platform.engine.support.hierarchical.HierarchicalTestEngine.execute(HierarchicalTestEngine.java:54)
	at org.junit.platform.launcher.core.EngineExecutionOrchestrator.execute(EngineExecutionOrchestrator.java:107)
	at org.junit.platform.launcher.core.EngineExecutionOrchestrator.execute(EngineExecutionOrchestrator.java:88)
	at org.junit.platform.launcher.core.EngineExecutionOrchestrator.lambda$execute$0(EngineExecutionOrchestrator.java:54)
	at org.junit.platform.launcher.core.EngineExecutionOrchestrator.withInterceptedStreams(EngineExecutionOrchestrator.java:67)
	at org.junit.platform.launcher.core.EngineExecutionOrchestrator.execute(EngineExecutionOrchestrator.java:52)
	at org.junit.platform.launcher.core.DefaultLauncher.execute(DefaultLauncher.java:114)
	at org.junit.platform.launcher.core.DefaultLauncher.execute(DefaultLauncher.java:86)
	at org.junit.platform.launcher.core.DefaultLauncherSession$DelegatingLauncher.execute(DefaultLauncherSession.java:86)
	at org.junit.platform.launcher.core.SessionPerRequestLauncher.execute(SessionPerRequestLauncher.java:53)
	at org.apache.maven.surefire.junitplatform.JUnitPlatformProvider.execute(JUnitPlatformProvider.java:188)
	at org.apache.maven.surefire.junitplatform.JUnitPlatformProvider.invokeAllTests(JUnitPlatformProvider.java:154)
	at org.apache.maven.surefire.junitplatform.JUnitPlatformProvider.invoke(JUnitPlatformProvider.java:124)
	at org.apache.maven.surefire.booter.ForkedBooter.runSuitesInProcess(ForkedBooter.java:428)
	at org.apache.maven.surefire.booter.ForkedBooter.execute(ForkedBooter.java:162)
	at org.apache.maven.surefire.booter.ForkedBooter.run(ForkedBooter.java:562)
	at org.apache.maven.surefire.booter.ForkedBooter.main(ForkedBooter.java:548)
2023-07-26 19:34:23,663 [main] DEBUG balancer.ContainerBalancerTask (ContainerBalancerTask.java:matchSourceWithTarget(708)) - ContainerBalancer is finding suitable target for source datanode 9a84f196-b253-4939-a4b9-1b3acdca30f0
2023-07-26 19:34:23,663 [main] INFO  balancer.ContainerBalancerTask (ContainerBalancerTask.java:matchSourceWithTarget(722)) - ContainerBalancer matched source datanode 9a84f196-b253-4939-a4b9-1b3acdca30f0 with target datanode 0a572715-c6f4-490c-b9b2-810199ab9858 for container move.
2023-07-26 19:34:23,663 [main] INFO  balancer.ContainerBalancerTask (ContainerBalancerTask.java:processMoveSelection(569)) - ContainerBalancer is trying to move container #38 with size 3221225472B from source datanode 9a84f196-b253-4939-a4b9-1b3acdca30f0 to target datanode 0a572715-c6f4-490c-b9b2-810199ab9858
2023-07-26 19:34:23,664 [main] INFO  balancer.ContainerBalancerTask (ContainerBalancerTask.java:lambda$moveContainer$3(827)) - Container move for container #38 from source 9a84f196-b253-4939-a4b9-1b3acdca30f0 to target 0a572715-c6f4-490c-b9b2-810199ab9858 failed with exceptions.
java.lang.RuntimeException: Runtime Exception
	at org.apache.hadoop.hdds.scm.container.balancer.TestContainerBalancerTask.checkIterationResultException(TestContainerBalancerTask.java:1002)
	at sun.reflect.NativeMethodAccessorImpl.invoke0(Native Method)
	at sun.reflect.NativeMethodAccessorImpl.invoke(NativeMethodAccessorImpl.java:62)
	at sun.reflect.DelegatingMethodAccessorImpl.invoke(DelegatingMethodAccessorImpl.java:43)
	at java.lang.reflect.Method.invoke(Method.java:498)
	at org.junit.platform.commons.util.ReflectionUtils.invokeMethod(ReflectionUtils.java:725)
	at org.junit.jupiter.engine.execution.MethodInvocation.proceed(MethodInvocation.java:60)
	at org.junit.jupiter.engine.execution.InvocationInterceptorChain$ValidatingInvocation.proceed(InvocationInterceptorChain.java:131)
	at org.junit.jupiter.engine.extension.TimeoutExtension.intercept(TimeoutExtension.java:149)
	at org.junit.jupiter.engine.extension.TimeoutExtension.interceptTestableMethod(TimeoutExtension.java:140)
	at org.junit.jupiter.engine.extension.TimeoutExtension.interceptTestMethod(TimeoutExtension.java:84)
	at org.junit.jupiter.engine.execution.ExecutableInvoker$ReflectiveInterceptorCall.lambda$ofVoidMethod$0(ExecutableInvoker.java:115)
	at org.junit.jupiter.engine.execution.ExecutableInvoker.lambda$invoke$0(ExecutableInvoker.java:105)
	at org.junit.jupiter.engine.execution.InvocationInterceptorChain$InterceptedInvocation.proceed(InvocationInterceptorChain.java:106)
	at org.junit.jupiter.engine.execution.InvocationInterceptorChain.proceed(InvocationInterceptorChain.java:64)
	at org.junit.jupiter.engine.execution.InvocationInterceptorChain.chainAndInvoke(InvocationInterceptorChain.java:45)
	at org.junit.jupiter.engine.execution.InvocationInterceptorChain.invoke(InvocationInterceptorChain.java:37)
	at org.junit.jupiter.engine.execution.ExecutableInvoker.invoke(ExecutableInvoker.java:104)
	at org.junit.jupiter.engine.execution.ExecutableInvoker.invoke(ExecutableInvoker.java:98)
	at org.junit.jupiter.engine.descriptor.TestMethodTestDescriptor.lambda$invokeTestMethod$7(TestMethodTestDescriptor.java:214)
	at org.junit.platform.engine.support.hierarchical.ThrowableCollector.execute(ThrowableCollector.java:73)
	at org.junit.jupiter.engine.descriptor.TestMethodTestDescriptor.invokeTestMethod(TestMethodTestDescriptor.java:210)
	at org.junit.jupiter.engine.descriptor.TestMethodTestDescriptor.execute(TestMethodTestDescriptor.java:135)
	at org.junit.jupiter.engine.descriptor.TestMethodTestDescriptor.execute(TestMethodTestDescriptor.java:66)
	at org.junit.platform.engine.support.hierarchical.NodeTestTask.lambda$executeRecursively$6(NodeTestTask.java:151)
	at org.junit.platform.engine.support.hierarchical.ThrowableCollector.execute(ThrowableCollector.java:73)
	at org.junit.platform.engine.support.hierarchical.NodeTestTask.lambda$executeRecursively$8(NodeTestTask.java:141)
	at org.junit.platform.engine.support.hierarchical.Node.around(Node.java:137)
	at org.junit.platform.engine.support.hierarchical.NodeTestTask.lambda$executeRecursively$9(NodeTestTask.java:139)
	at org.junit.platform.engine.support.hierarchical.ThrowableCollector.execute(ThrowableCollector.java:73)
	at org.junit.platform.engine.support.hierarchical.NodeTestTask.executeRecursively(NodeTestTask.java:138)
	at org.junit.platform.engine.support.hierarchical.NodeTestTask.execute(NodeTestTask.java:95)
	at java.util.ArrayList.forEach(ArrayList.java:1259)
	at org.junit.platform.engine.support.hierarchical.SameThreadHierarchicalTestExecutorService.invokeAll(SameThreadHierarchicalTestExecutorService.java:41)
	at org.junit.platform.engine.support.hierarchical.NodeTestTask.lambda$executeRecursively$6(NodeTestTask.java:155)
	at org.junit.platform.engine.support.hierarchical.ThrowableCollector.execute(ThrowableCollector.java:73)
	at org.junit.platform.engine.support.hierarchical.NodeTestTask.lambda$executeRecursively$8(NodeTestTask.java:141)
	at org.junit.platform.engine.support.hierarchical.Node.around(Node.java:137)
	at org.junit.platform.engine.support.hierarchical.NodeTestTask.lambda$executeRecursively$9(NodeTestTask.java:139)
	at org.junit.platform.engine.support.hierarchical.ThrowableCollector.execute(ThrowableCollector.java:73)
	at org.junit.platform.engine.support.hierarchical.NodeTestTask.executeRecursively(NodeTestTask.java:138)
	at org.junit.platform.engine.support.hierarchical.NodeTestTask.execute(NodeTestTask.java:95)
	at java.util.ArrayList.forEach(ArrayList.java:1259)
	at org.junit.platform.engine.support.hierarchical.SameThreadHierarchicalTestExecutorService.invokeAll(SameThreadHierarchicalTestExecutorService.java:41)
	at org.junit.platform.engine.support.hierarchical.NodeTestTask.lambda$executeRecursively$6(NodeTestTask.java:155)
	at org.junit.platform.engine.support.hierarchical.ThrowableCollector.execute(ThrowableCollector.java:73)
	at org.junit.platform.engine.support.hierarchical.NodeTestTask.lambda$executeRecursively$8(NodeTestTask.java:141)
	at org.junit.platform.engine.support.hierarchical.Node.around(Node.java:137)
	at org.junit.platform.engine.support.hierarchical.NodeTestTask.lambda$executeRecursively$9(NodeTestTask.java:139)
	at org.junit.platform.engine.support.hierarchical.ThrowableCollector.execute(ThrowableCollector.java:73)
	at org.junit.platform.engine.support.hierarchical.NodeTestTask.executeRecursively(NodeTestTask.java:138)
	at org.junit.platform.engine.support.hierarchical.NodeTestTask.execute(NodeTestTask.java:95)
	at org.junit.platform.engine.support.hierarchical.SameThreadHierarchicalTestExecutorService.submit(SameThreadHierarchicalTestExecutorService.java:35)
	at org.junit.platform.engine.support.hierarchical.HierarchicalTestExecutor.execute(HierarchicalTestExecutor.java:57)
	at org.junit.platform.engine.support.hierarchical.HierarchicalTestEngine.execute(HierarchicalTestEngine.java:54)
	at org.junit.platform.launcher.core.EngineExecutionOrchestrator.execute(EngineExecutionOrchestrator.java:107)
	at org.junit.platform.launcher.core.EngineExecutionOrchestrator.execute(EngineExecutionOrchestrator.java:88)
	at org.junit.platform.launcher.core.EngineExecutionOrchestrator.lambda$execute$0(EngineExecutionOrchestrator.java:54)
	at org.junit.platform.launcher.core.EngineExecutionOrchestrator.withInterceptedStreams(EngineExecutionOrchestrator.java:67)
	at org.junit.platform.launcher.core.EngineExecutionOrchestrator.execute(EngineExecutionOrchestrator.java:52)
	at org.junit.platform.launcher.core.DefaultLauncher.execute(DefaultLauncher.java:114)
	at org.junit.platform.launcher.core.DefaultLauncher.execute(DefaultLauncher.java:86)
	at org.junit.platform.launcher.core.DefaultLauncherSession$DelegatingLauncher.execute(DefaultLauncherSession.java:86)
	at org.junit.platform.launcher.core.SessionPerRequestLauncher.execute(SessionPerRequestLauncher.java:53)
	at org.apache.maven.surefire.junitplatform.JUnitPlatformProvider.execute(JUnitPlatformProvider.java:188)
	at org.apache.maven.surefire.junitplatform.JUnitPlatformProvider.invokeAllTests(JUnitPlatformProvider.java:154)
	at org.apache.maven.surefire.junitplatform.JUnitPlatformProvider.invoke(JUnitPlatformProvider.java:124)
	at org.apache.maven.surefire.booter.ForkedBooter.runSuitesInProcess(ForkedBooter.java:428)
	at org.apache.maven.surefire.booter.ForkedBooter.execute(ForkedBooter.java:162)
	at org.apache.maven.surefire.booter.ForkedBooter.run(ForkedBooter.java:562)
	at org.apache.maven.surefire.booter.ForkedBooter.main(ForkedBooter.java:548)
2023-07-26 19:34:23,667 [main] INFO  balancer.FindSourceGreedy (FindSourceGreedy.java:getNextCandidateSourceDataNode(126)) - no more candidate source data node
2023-07-26 19:34:23,667 [main] ERROR balancer.ContainerBalancerTask (ContainerBalancerTask.java:checkIterationMoveResults(623)) - Got exception while checkIterationMoveResults
java.util.concurrent.ExecutionException: java.lang.RuntimeException: Runtime Exception after doing work
	at java.util.concurrent.CompletableFuture.reportGet(CompletableFuture.java:357)
	at java.util.concurrent.CompletableFuture.get(CompletableFuture.java:1928)
	at org.apache.hadoop.hdds.scm.container.balancer.ContainerBalancerTask.checkIterationMoveResults(ContainerBalancerTask.java:613)
	at org.apache.hadoop.hdds.scm.container.balancer.ContainerBalancerTask.checkIterationResults(ContainerBalancerTask.java:600)
	at org.apache.hadoop.hdds.scm.container.balancer.ContainerBalancerTask.doIteration(ContainerBalancerTask.java:543)
	at org.apache.hadoop.hdds.scm.container.balancer.ContainerBalancerTask.balance(ContainerBalancerTask.java:257)
	at org.apache.hadoop.hdds.scm.container.balancer.ContainerBalancerTask.run(ContainerBalancerTask.java:179)
	at org.apache.hadoop.hdds.scm.container.balancer.TestContainerBalancerTask.startBalancer(TestContainerBalancerTask.java:1321)
	at org.apache.hadoop.hdds.scm.container.balancer.TestContainerBalancerTask.checkIterationResultException(TestContainerBalancerTask.java:1024)
	at sun.reflect.NativeMethodAccessorImpl.invoke0(Native Method)
	at sun.reflect.NativeMethodAccessorImpl.invoke(NativeMethodAccessorImpl.java:62)
	at sun.reflect.DelegatingMethodAccessorImpl.invoke(DelegatingMethodAccessorImpl.java:43)
	at java.lang.reflect.Method.invoke(Method.java:498)
	at org.junit.platform.commons.util.ReflectionUtils.invokeMethod(ReflectionUtils.java:725)
	at org.junit.jupiter.engine.execution.MethodInvocation.proceed(MethodInvocation.java:60)
	at org.junit.jupiter.engine.execution.InvocationInterceptorChain$ValidatingInvocation.proceed(InvocationInterceptorChain.java:131)
	at org.junit.jupiter.engine.extension.TimeoutExtension.intercept(TimeoutExtension.java:149)
	at org.junit.jupiter.engine.extension.TimeoutExtension.interceptTestableMethod(TimeoutExtension.java:140)
	at org.junit.jupiter.engine.extension.TimeoutExtension.interceptTestMethod(TimeoutExtension.java:84)
	at org.junit.jupiter.engine.execution.ExecutableInvoker$ReflectiveInterceptorCall.lambda$ofVoidMethod$0(ExecutableInvoker.java:115)
	at org.junit.jupiter.engine.execution.ExecutableInvoker.lambda$invoke$0(ExecutableInvoker.java:105)
	at org.junit.jupiter.engine.execution.InvocationInterceptorChain$InterceptedInvocation.proceed(InvocationInterceptorChain.java:106)
	at org.junit.jupiter.engine.execution.InvocationInterceptorChain.proceed(InvocationInterceptorChain.java:64)
	at org.junit.jupiter.engine.execution.InvocationInterceptorChain.chainAndInvoke(InvocationInterceptorChain.java:45)
	at org.junit.jupiter.engine.execution.InvocationInterceptorChain.invoke(InvocationInterceptorChain.java:37)
	at org.junit.jupiter.engine.execution.ExecutableInvoker.invoke(ExecutableInvoker.java:104)
	at org.junit.jupiter.engine.execution.ExecutableInvoker.invoke(ExecutableInvoker.java:98)
	at org.junit.jupiter.engine.descriptor.TestMethodTestDescriptor.lambda$invokeTestMethod$7(TestMethodTestDescriptor.java:214)
	at org.junit.platform.engine.support.hierarchical.ThrowableCollector.execute(ThrowableCollector.java:73)
	at org.junit.jupiter.engine.descriptor.TestMethodTestDescriptor.invokeTestMethod(TestMethodTestDescriptor.java:210)
	at org.junit.jupiter.engine.descriptor.TestMethodTestDescriptor.execute(TestMethodTestDescriptor.java:135)
	at org.junit.jupiter.engine.descriptor.TestMethodTestDescriptor.execute(TestMethodTestDescriptor.java:66)
	at org.junit.platform.engine.support.hierarchical.NodeTestTask.lambda$executeRecursively$6(NodeTestTask.java:151)
	at org.junit.platform.engine.support.hierarchical.ThrowableCollector.execute(ThrowableCollector.java:73)
	at org.junit.platform.engine.support.hierarchical.NodeTestTask.lambda$executeRecursively$8(NodeTestTask.java:141)
	at org.junit.platform.engine.support.hierarchical.Node.around(Node.java:137)
	at org.junit.platform.engine.support.hierarchical.NodeTestTask.lambda$executeRecursively$9(NodeTestTask.java:139)
	at org.junit.platform.engine.support.hierarchical.ThrowableCollector.execute(ThrowableCollector.java:73)
	at org.junit.platform.engine.support.hierarchical.NodeTestTask.executeRecursively(NodeTestTask.java:138)
	at org.junit.platform.engine.support.hierarchical.NodeTestTask.execute(NodeTestTask.java:95)
	at java.util.ArrayList.forEach(ArrayList.java:1259)
	at org.junit.platform.engine.support.hierarchical.SameThreadHierarchicalTestExecutorService.invokeAll(SameThreadHierarchicalTestExecutorService.java:41)
	at org.junit.platform.engine.support.hierarchical.NodeTestTask.lambda$executeRecursively$6(NodeTestTask.java:155)
	at org.junit.platform.engine.support.hierarchical.ThrowableCollector.execute(ThrowableCollector.java:73)
	at org.junit.platform.engine.support.hierarchical.NodeTestTask.lambda$executeRecursively$8(NodeTestTask.java:141)
	at org.junit.platform.engine.support.hierarchical.Node.around(Node.java:137)
	at org.junit.platform.engine.support.hierarchical.NodeTestTask.lambda$executeRecursively$9(NodeTestTask.java:139)
	at org.junit.platform.engine.support.hierarchical.ThrowableCollector.execute(ThrowableCollector.java:73)
	at org.junit.platform.engine.support.hierarchical.NodeTestTask.executeRecursively(NodeTestTask.java:138)
	at org.junit.platform.engine.support.hierarchical.NodeTestTask.execute(NodeTestTask.java:95)
	at java.util.ArrayList.forEach(ArrayList.java:1259)
	at org.junit.platform.engine.support.hierarchical.SameThreadHierarchicalTestExecutorService.invokeAll(SameThreadHierarchicalTestExecutorService.java:41)
	at org.junit.platform.engine.support.hierarchical.NodeTestTask.lambda$executeRecursively$6(NodeTestTask.java:155)
	at org.junit.platform.engine.support.hierarchical.ThrowableCollector.execute(ThrowableCollector.java:73)
	at org.junit.platform.engine.support.hierarchical.NodeTestTask.lambda$executeRecursively$8(NodeTestTask.java:141)
	at org.junit.platform.engine.support.hierarchical.Node.around(Node.java:137)
	at org.junit.platform.engine.support.hierarchical.NodeTestTask.lambda$executeRecursively$9(NodeTestTask.java:139)
	at org.junit.platform.engine.support.hierarchical.ThrowableCollector.execute(ThrowableCollector.java:73)
	at org.junit.platform.engine.support.hierarchical.NodeTestTask.executeRecursively(NodeTestTask.java:138)
	at org.junit.platform.engine.support.hierarchical.NodeTestTask.execute(NodeTestTask.java:95)
	at org.junit.platform.engine.support.hierarchical.SameThreadHierarchicalTestExecutorService.submit(SameThreadHierarchicalTestExecutorService.java:35)
	at org.junit.platform.engine.support.hierarchical.HierarchicalTestExecutor.execute(HierarchicalTestExecutor.java:57)
	at org.junit.platform.engine.support.hierarchical.HierarchicalTestEngine.execute(HierarchicalTestEngine.java:54)
	at org.junit.platform.launcher.core.EngineExecutionOrchestrator.execute(EngineExecutionOrchestrator.java:107)
	at org.junit.platform.launcher.core.EngineExecutionOrchestrator.execute(EngineExecutionOrchestrator.java:88)
	at org.junit.platform.launcher.core.EngineExecutionOrchestrator.lambda$execute$0(EngineExecutionOrchestrator.java:54)
	at org.junit.platform.launcher.core.EngineExecutionOrchestrator.withInterceptedStreams(EngineExecutionOrchestrator.java:67)
	at org.junit.platform.launcher.core.EngineExecutionOrchestrator.execute(EngineExecutionOrchestrator.java:52)
	at org.junit.platform.launcher.core.DefaultLauncher.execute(DefaultLauncher.java:114)
	at org.junit.platform.launcher.core.DefaultLauncher.execute(DefaultLauncher.java:86)
	at org.junit.platform.launcher.core.DefaultLauncherSession$DelegatingLauncher.execute(DefaultLauncherSession.java:86)
	at org.junit.platform.launcher.core.SessionPerRequestLauncher.execute(SessionPerRequestLauncher.java:53)
	at org.apache.maven.surefire.junitplatform.JUnitPlatformProvider.execute(JUnitPlatformProvider.java:188)
	at org.apache.maven.surefire.junitplatform.JUnitPlatformProvider.invokeAllTests(JUnitPlatformProvider.java:154)
	at org.apache.maven.surefire.junitplatform.JUnitPlatformProvider.invoke(JUnitPlatformProvider.java:124)
	at org.apache.maven.surefire.booter.ForkedBooter.runSuitesInProcess(ForkedBooter.java:428)
	at org.apache.maven.surefire.booter.ForkedBooter.execute(ForkedBooter.java:162)
	at org.apache.maven.surefire.booter.ForkedBooter.run(ForkedBooter.java:562)
	at org.apache.maven.surefire.booter.ForkedBooter.main(ForkedBooter.java:548)
Caused by: java.lang.RuntimeException: Runtime Exception after doing work
	at org.apache.hadoop.hdds.scm.container.balancer.TestContainerBalancerTask.lambda$checkIterationResultException$10(TestContainerBalancerTask.java:1011)
	at java.util.concurrent.CompletableFuture$AsyncSupply.run(CompletableFuture.java:1604)
	at java.lang.Thread.run(Thread.java:750)
2023-07-26 19:34:23,668 [main] INFO  balancer.ContainerBalancerTask (ContainerBalancerTask.java:checkIterationMoveResults(642)) - Iteration Summary. Number of Datanodes involved: 2. Size moved: 0 B (0 Bytes). Number of Container moves completed: 0.
2023-07-26 19:34:23,668 [main] INFO  balancer.ContainerBalancerTask (ContainerBalancerTask.java:balance(259)) - Result of this iteration of Container Balancer: ITERATION_COMPLETED
2023-07-26 19:34:23,668 [main] INFO  balancer.ContainerBalancerTask (ContainerBalancerTask.java:tryStopWithSaveConfiguration(308)) - Save Configuration for stopping. Reason: Completed all iterations.
2023-07-26 19:34:23,670 [main] DEBUG balancer.ContainerBalancerTask (ContainerBalancerTask.java:initializeIteration(374)) - Average utilization of the cluster is 0.315503820163069
2023-07-26 19:34:23,670 [main] DEBUG balancer.ContainerBalancerTask (ContainerBalancerTask.java:initializeIteration(386)) - Lower limit for utilization is 0.215503820163069 and Upper limit for utilization is 0.41550382016306897
2023-07-26 19:34:23,670 [main] DEBUG balancer.ContainerBalancerTask (ContainerBalancerTask.java:initializeIteration(398)) - Utilization for node 7473b2df-ef31-40e7-8d68-5a8c52587e84 with capacity 65617555911B, used 59055800320B, and remaining 6561755591B is 0.900000000001524
2023-07-26 19:34:23,670 [main] DEBUG balancer.ContainerBalancerTask (ContainerBalancerTask.java:initializeIteration(398)) - Utilization for node 8f215d43-af7a-4709-bf2d-0362f01a08dd with capacity 60397977600B, used 48318382080B, and remaining 12079595520B is 0.8
2023-07-26 19:34:23,670 [main] DEBUG balancer.ContainerBalancerTask (ContainerBalancerTask.java:initializeIteration(398)) - Utilization for node 744b6ecc-b89b-4c96-ad25-88ef791da700 with capacity 69026260114B, used 48318382080B, and remaining 20707878034B is 0.7000000000028974
2023-07-26 19:34:23,670 [main] DEBUG balancer.ContainerBalancerTask (ContainerBalancerTask.java:initializeIteration(398)) - Utilization for node 9975ee4e-dbd0-4f23-946d-6d42a67fa087 with capacity 96636764160B, used 57982058496B, and remaining 38654705664B is 0.6
2023-07-26 19:34:23,670 [main] DEBUG balancer.ContainerBalancerTask (ContainerBalancerTask.java:initializeIteration(398)) - Utilization for node 9a84f196-b253-4939-a4b9-1b3acdca30f0 with capacity 115964116992B, used 57982058496B, and remaining 57982058496B is 0.5
2023-07-26 19:34:23,671 [main] DEBUG balancer.ContainerBalancerTask (ContainerBalancerTask.java:initializeIteration(398)) - Utilization for node 88411f40-d9b9-42bc-be4e-93ae3dcc6e5e with capacity 77846282240B, used 31138512896B, and remaining 46707769344B is 0.4
2023-07-26 19:34:23,671 [main] DEBUG balancer.ContainerBalancerTask (ContainerBalancerTask.java:initializeIteration(398)) - Utilization for node df9c7048-c23d-421a-8ae2-fcab1e5c0e9b with capacity 114532461226B, used 34359738368B, and remaining 80172722858B is 0.3000000000017462
2023-07-26 19:34:23,671 [main] DEBUG balancer.ContainerBalancerTask (ContainerBalancerTask.java:initializeIteration(398)) - Utilization for node a1a414a9-42e2-40cc-a607-593954722137 with capacity 177167400960B, used 35433480192B, and remaining 141733920768B is 0.2
2023-07-26 19:34:23,671 [main] DEBUG balancer.ContainerBalancerTask (ContainerBalancerTask.java:initializeIteration(398)) - Utilization for node 0a572715-c6f4-490c-b9b2-810199ab9858 with capacity 569083166720B, used 56908316672B, and remaining 512174850048B is 0.1
2023-07-26 19:34:23,671 [main] DEBUG balancer.ContainerBalancerTask (ContainerBalancerTask.java:initializeIteration(398)) - Utilization for node 12b0d54b-dc4d-4c89-a2ec-c7261f3c04f0 with capacity 15032385536B, used 0B, and remaining 15032385536B is 0.0
2023-07-26 19:34:23,671 [main] INFO  balancer.ContainerBalancerTask (ContainerBalancerTask.java:initializeIteration(447)) - Container Balancer has identified 5 Over-Utilized and 3 Under-Utilized Datanodes that need to be balanced.
2023-07-26 19:34:23,671 [main] DEBUG balancer.ContainerBalancerTask (ContainerBalancerTask.java:lambda$initializeIteration$1(453)) - Datanode localhost-66.26.161.42 7473b2df-ef31-40e7-8d68-5a8c52587e84 is Over-Utilized.
2023-07-26 19:34:23,671 [main] DEBUG balancer.ContainerBalancerTask (ContainerBalancerTask.java:lambda$initializeIteration$1(453)) - Datanode localhost-206.129.29.0 8f215d43-af7a-4709-bf2d-0362f01a08dd is Over-Utilized.
2023-07-26 19:34:23,671 [main] DEBUG balancer.ContainerBalancerTask (ContainerBalancerTask.java:lambda$initializeIteration$1(453)) - Datanode localhost-65.42.249.181 744b6ecc-b89b-4c96-ad25-88ef791da700 is Over-Utilized.
2023-07-26 19:34:23,671 [main] DEBUG balancer.ContainerBalancerTask (ContainerBalancerTask.java:lambda$initializeIteration$1(453)) - Datanode localhost-193.93.189.62 9975ee4e-dbd0-4f23-946d-6d42a67fa087 is Over-Utilized.
2023-07-26 19:34:23,672 [main] DEBUG balancer.ContainerBalancerTask (ContainerBalancerTask.java:lambda$initializeIteration$1(453)) - Datanode localhost-213.216.195.231 9a84f196-b253-4939-a4b9-1b3acdca30f0 is Over-Utilized.
2023-07-26 19:34:23,672 [main] DEBUG balancer.ContainerBalancerTask (ContainerBalancerTask.java:lambda$initializeIteration$2(459)) - Datanode localhost-7.201.216.131 12b0d54b-dc4d-4c89-a2ec-c7261f3c04f0 is Under-Utilized.
2023-07-26 19:34:23,672 [main] DEBUG balancer.ContainerBalancerTask (ContainerBalancerTask.java:lambda$initializeIteration$2(459)) - Datanode localhost-250.69.164.20 0a572715-c6f4-490c-b9b2-810199ab9858 is Under-Utilized.
2023-07-26 19:34:23,672 [main] DEBUG balancer.ContainerBalancerTask (ContainerBalancerTask.java:lambda$initializeIteration$2(459)) - Datanode localhost-14.162.177.56 a1a414a9-42e2-40cc-a607-593954722137 is Under-Utilized.
2023-07-26 19:34:23,675 [main] DEBUG balancer.ContainerBalancerTask (ContainerBalancerTask.java:matchSourceWithTarget(708)) - ContainerBalancer is finding suitable target for source datanode 7473b2df-ef31-40e7-8d68-5a8c52587e84
2023-07-26 19:34:23,675 [main] INFO  balancer.ContainerBalancerTask (ContainerBalancerTask.java:matchSourceWithTarget(722)) - ContainerBalancer matched source datanode 7473b2df-ef31-40e7-8d68-5a8c52587e84 with target datanode 12b0d54b-dc4d-4c89-a2ec-c7261f3c04f0 for container move.
2023-07-26 19:34:23,675 [main] INFO  balancer.ContainerBalancerTask (ContainerBalancerTask.java:processMoveSelection(569)) - ContainerBalancer is trying to move container #85 with size 5368709120B from source datanode 7473b2df-ef31-40e7-8d68-5a8c52587e84 to target datanode 12b0d54b-dc4d-4c89-a2ec-c7261f3c04f0
2023-07-26 19:34:23,678 [main] DEBUG balancer.ContainerBalancerTask (ContainerBalancerTask.java:matchSourceWithTarget(708)) - ContainerBalancer is finding suitable target for source datanode 7473b2df-ef31-40e7-8d68-5a8c52587e84
2023-07-26 19:34:23,679 [main] INFO  balancer.ContainerBalancerTask (ContainerBalancerTask.java:matchSourceWithTarget(722)) - ContainerBalancer matched source datanode 7473b2df-ef31-40e7-8d68-5a8c52587e84 with target datanode 0a572715-c6f4-490c-b9b2-810199ab9858 for container move.
2023-07-26 19:34:23,679 [main] INFO  balancer.ContainerBalancerTask (ContainerBalancerTask.java:processMoveSelection(569)) - ContainerBalancer is trying to move container #29 with size 5368709120B from source datanode 7473b2df-ef31-40e7-8d68-5a8c52587e84 to target datanode 0a572715-c6f4-490c-b9b2-810199ab9858
2023-07-26 19:34:23,679 [Thread-24] INFO  balancer.ContainerBalancerTask (ContainerBalancerTask.java:lambda$moveContainer$3(827)) - Container move for container #85 from source 7473b2df-ef31-40e7-8d68-5a8c52587e84 to target 12b0d54b-dc4d-4c89-a2ec-c7261f3c04f0 failed with exceptions.
java.util.concurrent.CompletionException: java.lang.RuntimeException: Runtime Exception after doing work
	at java.util.concurrent.CompletableFuture.encodeThrowable(CompletableFuture.java:273)
	at java.util.concurrent.CompletableFuture.completeThrowable(CompletableFuture.java:280)
	at java.util.concurrent.CompletableFuture$AsyncSupply.run(CompletableFuture.java:1606)
	at java.lang.Thread.run(Thread.java:750)
Caused by: java.lang.RuntimeException: Runtime Exception after doing work
	at org.apache.hadoop.hdds.scm.container.balancer.TestContainerBalancerTask.lambda$checkIterationResultException$11(TestContainerBalancerTask.java:1045)
	at java.util.concurrent.CompletableFuture$AsyncSupply.run(CompletableFuture.java:1604)
	... 1 more
2023-07-26 19:34:23,680 [main] WARN  balancer.ContainerBalancerTask (ContainerBalancerTask.java:moveContainer(851)) - Could not find Container #29 for container move
org.apache.hadoop.hdds.scm.container.ContainerNotFoundException: Test Container not found
	at org.apache.hadoop.hdds.scm.container.balancer.MoveManager.move(MoveManager.java:212)
	at org.apache.hadoop.hdds.scm.container.balancer.ContainerBalancerTask.moveContainer(ContainerBalancerTask.java:819)
	at org.apache.hadoop.hdds.scm.container.balancer.ContainerBalancerTask.processMoveSelection(ContainerBalancerTask.java:576)
	at org.apache.hadoop.hdds.scm.container.balancer.ContainerBalancerTask.doIteration(ContainerBalancerTask.java:534)
	at org.apache.hadoop.hdds.scm.container.balancer.ContainerBalancerTask.balance(ContainerBalancerTask.java:257)
	at org.apache.hadoop.hdds.scm.container.balancer.ContainerBalancerTask.run(ContainerBalancerTask.java:179)
	at org.apache.hadoop.hdds.scm.container.balancer.TestContainerBalancerTask.startBalancer(TestContainerBalancerTask.java:1321)
	at org.apache.hadoop.hdds.scm.container.balancer.TestContainerBalancerTask.checkIterationResultException(TestContainerBalancerTask.java:1051)
	at sun.reflect.NativeMethodAccessorImpl.invoke0(Native Method)
	at sun.reflect.NativeMethodAccessorImpl.invoke(NativeMethodAccessorImpl.java:62)
	at sun.reflect.DelegatingMethodAccessorImpl.invoke(DelegatingMethodAccessorImpl.java:43)
	at java.lang.reflect.Method.invoke(Method.java:498)
	at org.junit.platform.commons.util.ReflectionUtils.invokeMethod(ReflectionUtils.java:725)
	at org.junit.jupiter.engine.execution.MethodInvocation.proceed(MethodInvocation.java:60)
	at org.junit.jupiter.engine.execution.InvocationInterceptorChain$ValidatingInvocation.proceed(InvocationInterceptorChain.java:131)
	at org.junit.jupiter.engine.extension.TimeoutExtension.intercept(TimeoutExtension.java:149)
	at org.junit.jupiter.engine.extension.TimeoutExtension.interceptTestableMethod(TimeoutExtension.java:140)
	at org.junit.jupiter.engine.extension.TimeoutExtension.interceptTestMethod(TimeoutExtension.java:84)
	at org.junit.jupiter.engine.execution.ExecutableInvoker$ReflectiveInterceptorCall.lambda$ofVoidMethod$0(ExecutableInvoker.java:115)
	at org.junit.jupiter.engine.execution.ExecutableInvoker.lambda$invoke$0(ExecutableInvoker.java:105)
	at org.junit.jupiter.engine.execution.InvocationInterceptorChain$InterceptedInvocation.proceed(InvocationInterceptorChain.java:106)
	at org.junit.jupiter.engine.execution.InvocationInterceptorChain.proceed(InvocationInterceptorChain.java:64)
	at org.junit.jupiter.engine.execution.InvocationInterceptorChain.chainAndInvoke(InvocationInterceptorChain.java:45)
	at org.junit.jupiter.engine.execution.InvocationInterceptorChain.invoke(InvocationInterceptorChain.java:37)
	at org.junit.jupiter.engine.execution.ExecutableInvoker.invoke(ExecutableInvoker.java:104)
	at org.junit.jupiter.engine.execution.ExecutableInvoker.invoke(ExecutableInvoker.java:98)
	at org.junit.jupiter.engine.descriptor.TestMethodTestDescriptor.lambda$invokeTestMethod$7(TestMethodTestDescriptor.java:214)
	at org.junit.platform.engine.support.hierarchical.ThrowableCollector.execute(ThrowableCollector.java:73)
	at org.junit.jupiter.engine.descriptor.TestMethodTestDescriptor.invokeTestMethod(TestMethodTestDescriptor.java:210)
	at org.junit.jupiter.engine.descriptor.TestMethodTestDescriptor.execute(TestMethodTestDescriptor.java:135)
	at org.junit.jupiter.engine.descriptor.TestMethodTestDescriptor.execute(TestMethodTestDescriptor.java:66)
	at org.junit.platform.engine.support.hierarchical.NodeTestTask.lambda$executeRecursively$6(NodeTestTask.java:151)
	at org.junit.platform.engine.support.hierarchical.ThrowableCollector.execute(ThrowableCollector.java:73)
	at org.junit.platform.engine.support.hierarchical.NodeTestTask.lambda$executeRecursively$8(NodeTestTask.java:141)
	at org.junit.platform.engine.support.hierarchical.Node.around(Node.java:137)
	at org.junit.platform.engine.support.hierarchical.NodeTestTask.lambda$executeRecursively$9(NodeTestTask.java:139)
	at org.junit.platform.engine.support.hierarchical.ThrowableCollector.execute(ThrowableCollector.java:73)
	at org.junit.platform.engine.support.hierarchical.NodeTestTask.executeRecursively(NodeTestTask.java:138)
	at org.junit.platform.engine.support.hierarchical.NodeTestTask.execute(NodeTestTask.java:95)
	at java.util.ArrayList.forEach(ArrayList.java:1259)
	at org.junit.platform.engine.support.hierarchical.SameThreadHierarchicalTestExecutorService.invokeAll(SameThreadHierarchicalTestExecutorService.java:41)
	at org.junit.platform.engine.support.hierarchical.NodeTestTask.lambda$executeRecursively$6(NodeTestTask.java:155)
	at org.junit.platform.engine.support.hierarchical.ThrowableCollector.execute(ThrowableCollector.java:73)
	at org.junit.platform.engine.support.hierarchical.NodeTestTask.lambda$executeRecursively$8(NodeTestTask.java:141)
	at org.junit.platform.engine.support.hierarchical.Node.around(Node.java:137)
	at org.junit.platform.engine.support.hierarchical.NodeTestTask.lambda$executeRecursively$9(NodeTestTask.java:139)
	at org.junit.platform.engine.support.hierarchical.ThrowableCollector.execute(ThrowableCollector.java:73)
	at org.junit.platform.engine.support.hierarchical.NodeTestTask.executeRecursively(NodeTestTask.java:138)
	at org.junit.platform.engine.support.hierarchical.NodeTestTask.execute(NodeTestTask.java:95)
	at java.util.ArrayList.forEach(ArrayList.java:1259)
	at org.junit.platform.engine.support.hierarchical.SameThreadHierarchicalTestExecutorService.invokeAll(SameThreadHierarchicalTestExecutorService.java:41)
	at org.junit.platform.engine.support.hierarchical.NodeTestTask.lambda$executeRecursively$6(NodeTestTask.java:155)
	at org.junit.platform.engine.support.hierarchical.ThrowableCollector.execute(ThrowableCollector.java:73)
	at org.junit.platform.engine.support.hierarchical.NodeTestTask.lambda$executeRecursively$8(NodeTestTask.java:141)
	at org.junit.platform.engine.support.hierarchical.Node.around(Node.java:137)
	at org.junit.platform.engine.support.hierarchical.NodeTestTask.lambda$executeRecursively$9(NodeTestTask.java:139)
	at org.junit.platform.engine.support.hierarchical.ThrowableCollector.execute(ThrowableCollector.java:73)
	at org.junit.platform.engine.support.hierarchical.NodeTestTask.executeRecursively(NodeTestTask.java:138)
	at org.junit.platform.engine.support.hierarchical.NodeTestTask.execute(NodeTestTask.java:95)
	at org.junit.platform.engine.support.hierarchical.SameThreadHierarchicalTestExecutorService.submit(SameThreadHierarchicalTestExecutorService.java:35)
	at org.junit.platform.engine.support.hierarchical.HierarchicalTestExecutor.execute(HierarchicalTestExecutor.java:57)
	at org.junit.platform.engine.support.hierarchical.HierarchicalTestEngine.execute(HierarchicalTestEngine.java:54)
	at org.junit.platform.launcher.core.EngineExecutionOrchestrator.execute(EngineExecutionOrchestrator.java:107)
	at org.junit.platform.launcher.core.EngineExecutionOrchestrator.execute(EngineExecutionOrchestrator.java:88)
	at org.junit.platform.launcher.core.EngineExecutionOrchestrator.lambda$execute$0(EngineExecutionOrchestrator.java:54)
	at org.junit.platform.launcher.core.EngineExecutionOrchestrator.withInterceptedStreams(EngineExecutionOrchestrator.java:67)
	at org.junit.platform.launcher.core.EngineExecutionOrchestrator.execute(EngineExecutionOrchestrator.java:52)
	at org.junit.platform.launcher.core.DefaultLauncher.execute(DefaultLauncher.java:114)
	at org.junit.platform.launcher.core.DefaultLauncher.execute(DefaultLauncher.java:86)
	at org.junit.platform.launcher.core.DefaultLauncherSession$DelegatingLauncher.execute(DefaultLauncherSession.java:86)
	at org.junit.platform.launcher.core.SessionPerRequestLauncher.execute(SessionPerRequestLauncher.java:53)
	at org.apache.maven.surefire.junitplatform.JUnitPlatformProvider.execute(JUnitPlatformProvider.java:188)
	at org.apache.maven.surefire.junitplatform.JUnitPlatformProvider.invokeAllTests(JUnitPlatformProvider.java:154)
	at org.apache.maven.surefire.junitplatform.JUnitPlatformProvider.invoke(JUnitPlatformProvider.java:124)
	at org.apache.maven.surefire.booter.ForkedBooter.runSuitesInProcess(ForkedBooter.java:428)
	at org.apache.maven.surefire.booter.ForkedBooter.execute(ForkedBooter.java:162)
	at org.apache.maven.surefire.booter.ForkedBooter.run(ForkedBooter.java:562)
	at org.apache.maven.surefire.booter.ForkedBooter.main(ForkedBooter.java:548)
2023-07-26 19:34:23,683 [main] DEBUG balancer.ContainerBalancerTask (ContainerBalancerTask.java:matchSourceWithTarget(708)) - ContainerBalancer is finding suitable target for source datanode 8f215d43-af7a-4709-bf2d-0362f01a08dd
2023-07-26 19:34:23,683 [main] INFO  balancer.ContainerBalancerTask (ContainerBalancerTask.java:matchSourceWithTarget(722)) - ContainerBalancer matched source datanode 8f215d43-af7a-4709-bf2d-0362f01a08dd with target datanode 0a572715-c6f4-490c-b9b2-810199ab9858 for container move.
2023-07-26 19:34:23,683 [main] INFO  balancer.ContainerBalancerTask (ContainerBalancerTask.java:processMoveSelection(569)) - ContainerBalancer is trying to move container #29 with size 5368709120B from source datanode 8f215d43-af7a-4709-bf2d-0362f01a08dd to target datanode 0a572715-c6f4-490c-b9b2-810199ab9858
2023-07-26 19:34:23,683 [main] INFO  balancer.ContainerBalancerTask (ContainerBalancerTask.java:lambda$moveContainer$3(827)) - Container move for container #29 from source 8f215d43-af7a-4709-bf2d-0362f01a08dd to target 0a572715-c6f4-490c-b9b2-810199ab9858 failed with exceptions.
java.lang.RuntimeException: Runtime Exception
	at org.apache.hadoop.hdds.scm.container.balancer.TestContainerBalancerTask.checkIterationResultException(TestContainerBalancerTask.java:1002)
	at sun.reflect.NativeMethodAccessorImpl.invoke0(Native Method)
	at sun.reflect.NativeMethodAccessorImpl.invoke(NativeMethodAccessorImpl.java:62)
	at sun.reflect.DelegatingMethodAccessorImpl.invoke(DelegatingMethodAccessorImpl.java:43)
	at java.lang.reflect.Method.invoke(Method.java:498)
	at org.junit.platform.commons.util.ReflectionUtils.invokeMethod(ReflectionUtils.java:725)
	at org.junit.jupiter.engine.execution.MethodInvocation.proceed(MethodInvocation.java:60)
	at org.junit.jupiter.engine.execution.InvocationInterceptorChain$ValidatingInvocation.proceed(InvocationInterceptorChain.java:131)
	at org.junit.jupiter.engine.extension.TimeoutExtension.intercept(TimeoutExtension.java:149)
	at org.junit.jupiter.engine.extension.TimeoutExtension.interceptTestableMethod(TimeoutExtension.java:140)
	at org.junit.jupiter.engine.extension.TimeoutExtension.interceptTestMethod(TimeoutExtension.java:84)
	at org.junit.jupiter.engine.execution.ExecutableInvoker$ReflectiveInterceptorCall.lambda$ofVoidMethod$0(ExecutableInvoker.java:115)
	at org.junit.jupiter.engine.execution.ExecutableInvoker.lambda$invoke$0(ExecutableInvoker.java:105)
	at org.junit.jupiter.engine.execution.InvocationInterceptorChain$InterceptedInvocation.proceed(InvocationInterceptorChain.java:106)
	at org.junit.jupiter.engine.execution.InvocationInterceptorChain.proceed(InvocationInterceptorChain.java:64)
	at org.junit.jupiter.engine.execution.InvocationInterceptorChain.chainAndInvoke(InvocationInterceptorChain.java:45)
	at org.junit.jupiter.engine.execution.InvocationInterceptorChain.invoke(InvocationInterceptorChain.java:37)
	at org.junit.jupiter.engine.execution.ExecutableInvoker.invoke(ExecutableInvoker.java:104)
	at org.junit.jupiter.engine.execution.ExecutableInvoker.invoke(ExecutableInvoker.java:98)
	at org.junit.jupiter.engine.descriptor.TestMethodTestDescriptor.lambda$invokeTestMethod$7(TestMethodTestDescriptor.java:214)
	at org.junit.platform.engine.support.hierarchical.ThrowableCollector.execute(ThrowableCollector.java:73)
	at org.junit.jupiter.engine.descriptor.TestMethodTestDescriptor.invokeTestMethod(TestMethodTestDescriptor.java:210)
	at org.junit.jupiter.engine.descriptor.TestMethodTestDescriptor.execute(TestMethodTestDescriptor.java:135)
	at org.junit.jupiter.engine.descriptor.TestMethodTestDescriptor.execute(TestMethodTestDescriptor.java:66)
	at org.junit.platform.engine.support.hierarchical.NodeTestTask.lambda$executeRecursively$6(NodeTestTask.java:151)
	at org.junit.platform.engine.support.hierarchical.ThrowableCollector.execute(ThrowableCollector.java:73)
	at org.junit.platform.engine.support.hierarchical.NodeTestTask.lambda$executeRecursively$8(NodeTestTask.java:141)
	at org.junit.platform.engine.support.hierarchical.Node.around(Node.java:137)
	at org.junit.platform.engine.support.hierarchical.NodeTestTask.lambda$executeRecursively$9(NodeTestTask.java:139)
	at org.junit.platform.engine.support.hierarchical.ThrowableCollector.execute(ThrowableCollector.java:73)
	at org.junit.platform.engine.support.hierarchical.NodeTestTask.executeRecursively(NodeTestTask.java:138)
	at org.junit.platform.engine.support.hierarchical.NodeTestTask.execute(NodeTestTask.java:95)
	at java.util.ArrayList.forEach(ArrayList.java:1259)
	at org.junit.platform.engine.support.hierarchical.SameThreadHierarchicalTestExecutorService.invokeAll(SameThreadHierarchicalTestExecutorService.java:41)
	at org.junit.platform.engine.support.hierarchical.NodeTestTask.lambda$executeRecursively$6(NodeTestTask.java:155)
	at org.junit.platform.engine.support.hierarchical.ThrowableCollector.execute(ThrowableCollector.java:73)
	at org.junit.platform.engine.support.hierarchical.NodeTestTask.lambda$executeRecursively$8(NodeTestTask.java:141)
	at org.junit.platform.engine.support.hierarchical.Node.around(Node.java:137)
	at org.junit.platform.engine.support.hierarchical.NodeTestTask.lambda$executeRecursively$9(NodeTestTask.java:139)
	at org.junit.platform.engine.support.hierarchical.ThrowableCollector.execute(ThrowableCollector.java:73)
	at org.junit.platform.engine.support.hierarchical.NodeTestTask.executeRecursively(NodeTestTask.java:138)
	at org.junit.platform.engine.support.hierarchical.NodeTestTask.execute(NodeTestTask.java:95)
	at java.util.ArrayList.forEach(ArrayList.java:1259)
	at org.junit.platform.engine.support.hierarchical.SameThreadHierarchicalTestExecutorService.invokeAll(SameThreadHierarchicalTestExecutorService.java:41)
	at org.junit.platform.engine.support.hierarchical.NodeTestTask.lambda$executeRecursively$6(NodeTestTask.java:155)
	at org.junit.platform.engine.support.hierarchical.ThrowableCollector.execute(ThrowableCollector.java:73)
	at org.junit.platform.engine.support.hierarchical.NodeTestTask.lambda$executeRecursively$8(NodeTestTask.java:141)
	at org.junit.platform.engine.support.hierarchical.Node.around(Node.java:137)
	at org.junit.platform.engine.support.hierarchical.NodeTestTask.lambda$executeRecursively$9(NodeTestTask.java:139)
	at org.junit.platform.engine.support.hierarchical.ThrowableCollector.execute(ThrowableCollector.java:73)
	at org.junit.platform.engine.support.hierarchical.NodeTestTask.executeRecursively(NodeTestTask.java:138)
	at org.junit.platform.engine.support.hierarchical.NodeTestTask.execute(NodeTestTask.java:95)
	at org.junit.platform.engine.support.hierarchical.SameThreadHierarchicalTestExecutorService.submit(SameThreadHierarchicalTestExecutorService.java:35)
	at org.junit.platform.engine.support.hierarchical.HierarchicalTestExecutor.execute(HierarchicalTestExecutor.java:57)
	at org.junit.platform.engine.support.hierarchical.HierarchicalTestEngine.execute(HierarchicalTestEngine.java:54)
	at org.junit.platform.launcher.core.EngineExecutionOrchestrator.execute(EngineExecutionOrchestrator.java:107)
	at org.junit.platform.launcher.core.EngineExecutionOrchestrator.execute(EngineExecutionOrchestrator.java:88)
	at org.junit.platform.launcher.core.EngineExecutionOrchestrator.lambda$execute$0(EngineExecutionOrchestrator.java:54)
	at org.junit.platform.launcher.core.EngineExecutionOrchestrator.withInterceptedStreams(EngineExecutionOrchestrator.java:67)
	at org.junit.platform.launcher.core.EngineExecutionOrchestrator.execute(EngineExecutionOrchestrator.java:52)
	at org.junit.platform.launcher.core.DefaultLauncher.execute(DefaultLauncher.java:114)
	at org.junit.platform.launcher.core.DefaultLauncher.execute(DefaultLauncher.java:86)
	at org.junit.platform.launcher.core.DefaultLauncherSession$DelegatingLauncher.execute(DefaultLauncherSession.java:86)
	at org.junit.platform.launcher.core.SessionPerRequestLauncher.execute(SessionPerRequestLauncher.java:53)
	at org.apache.maven.surefire.junitplatform.JUnitPlatformProvider.execute(JUnitPlatformProvider.java:188)
	at org.apache.maven.surefire.junitplatform.JUnitPlatformProvider.invokeAllTests(JUnitPlatformProvider.java:154)
	at org.apache.maven.surefire.junitplatform.JUnitPlatformProvider.invoke(JUnitPlatformProvider.java:124)
	at org.apache.maven.surefire.booter.ForkedBooter.runSuitesInProcess(ForkedBooter.java:428)
	at org.apache.maven.surefire.booter.ForkedBooter.execute(ForkedBooter.java:162)
	at org.apache.maven.surefire.booter.ForkedBooter.run(ForkedBooter.java:562)
	at org.apache.maven.surefire.booter.ForkedBooter.main(ForkedBooter.java:548)
2023-07-26 19:34:23,686 [main] DEBUG balancer.ContainerBalancerTask (ContainerBalancerTask.java:matchSourceWithTarget(708)) - ContainerBalancer is finding suitable target for source datanode 744b6ecc-b89b-4c96-ad25-88ef791da700
2023-07-26 19:34:23,686 [main] INFO  balancer.ContainerBalancerTask (ContainerBalancerTask.java:matchSourceWithTarget(722)) - ContainerBalancer matched source datanode 744b6ecc-b89b-4c96-ad25-88ef791da700 with target datanode 0a572715-c6f4-490c-b9b2-810199ab9858 for container move.
2023-07-26 19:34:23,686 [main] INFO  balancer.ContainerBalancerTask (ContainerBalancerTask.java:processMoveSelection(569)) - ContainerBalancer is trying to move container #52 with size 4294967296B from source datanode 744b6ecc-b89b-4c96-ad25-88ef791da700 to target datanode 0a572715-c6f4-490c-b9b2-810199ab9858
2023-07-26 19:34:23,687 [main] INFO  balancer.ContainerBalancerTask (ContainerBalancerTask.java:lambda$moveContainer$3(827)) - Container move for container #52 from source 744b6ecc-b89b-4c96-ad25-88ef791da700 to target 0a572715-c6f4-490c-b9b2-810199ab9858 failed with exceptions.
java.lang.RuntimeException: Runtime Exception
	at org.apache.hadoop.hdds.scm.container.balancer.TestContainerBalancerTask.checkIterationResultException(TestContainerBalancerTask.java:1002)
	at sun.reflect.NativeMethodAccessorImpl.invoke0(Native Method)
	at sun.reflect.NativeMethodAccessorImpl.invoke(NativeMethodAccessorImpl.java:62)
	at sun.reflect.DelegatingMethodAccessorImpl.invoke(DelegatingMethodAccessorImpl.java:43)
	at java.lang.reflect.Method.invoke(Method.java:498)
	at org.junit.platform.commons.util.ReflectionUtils.invokeMethod(ReflectionUtils.java:725)
	at org.junit.jupiter.engine.execution.MethodInvocation.proceed(MethodInvocation.java:60)
	at org.junit.jupiter.engine.execution.InvocationInterceptorChain$ValidatingInvocation.proceed(InvocationInterceptorChain.java:131)
	at org.junit.jupiter.engine.extension.TimeoutExtension.intercept(TimeoutExtension.java:149)
	at org.junit.jupiter.engine.extension.TimeoutExtension.interceptTestableMethod(TimeoutExtension.java:140)
	at org.junit.jupiter.engine.extension.TimeoutExtension.interceptTestMethod(TimeoutExtension.java:84)
	at org.junit.jupiter.engine.execution.ExecutableInvoker$ReflectiveInterceptorCall.lambda$ofVoidMethod$0(ExecutableInvoker.java:115)
	at org.junit.jupiter.engine.execution.ExecutableInvoker.lambda$invoke$0(ExecutableInvoker.java:105)
	at org.junit.jupiter.engine.execution.InvocationInterceptorChain$InterceptedInvocation.proceed(InvocationInterceptorChain.java:106)
	at org.junit.jupiter.engine.execution.InvocationInterceptorChain.proceed(InvocationInterceptorChain.java:64)
	at org.junit.jupiter.engine.execution.InvocationInterceptorChain.chainAndInvoke(InvocationInterceptorChain.java:45)
	at org.junit.jupiter.engine.execution.InvocationInterceptorChain.invoke(InvocationInterceptorChain.java:37)
	at org.junit.jupiter.engine.execution.ExecutableInvoker.invoke(ExecutableInvoker.java:104)
	at org.junit.jupiter.engine.execution.ExecutableInvoker.invoke(ExecutableInvoker.java:98)
	at org.junit.jupiter.engine.descriptor.TestMethodTestDescriptor.lambda$invokeTestMethod$7(TestMethodTestDescriptor.java:214)
	at org.junit.platform.engine.support.hierarchical.ThrowableCollector.execute(ThrowableCollector.java:73)
	at org.junit.jupiter.engine.descriptor.TestMethodTestDescriptor.invokeTestMethod(TestMethodTestDescriptor.java:210)
	at org.junit.jupiter.engine.descriptor.TestMethodTestDescriptor.execute(TestMethodTestDescriptor.java:135)
	at org.junit.jupiter.engine.descriptor.TestMethodTestDescriptor.execute(TestMethodTestDescriptor.java:66)
	at org.junit.platform.engine.support.hierarchical.NodeTestTask.lambda$executeRecursively$6(NodeTestTask.java:151)
	at org.junit.platform.engine.support.hierarchical.ThrowableCollector.execute(ThrowableCollector.java:73)
	at org.junit.platform.engine.support.hierarchical.NodeTestTask.lambda$executeRecursively$8(NodeTestTask.java:141)
	at org.junit.platform.engine.support.hierarchical.Node.around(Node.java:137)
	at org.junit.platform.engine.support.hierarchical.NodeTestTask.lambda$executeRecursively$9(NodeTestTask.java:139)
	at org.junit.platform.engine.support.hierarchical.ThrowableCollector.execute(ThrowableCollector.java:73)
	at org.junit.platform.engine.support.hierarchical.NodeTestTask.executeRecursively(NodeTestTask.java:138)
	at org.junit.platform.engine.support.hierarchical.NodeTestTask.execute(NodeTestTask.java:95)
	at java.util.ArrayList.forEach(ArrayList.java:1259)
	at org.junit.platform.engine.support.hierarchical.SameThreadHierarchicalTestExecutorService.invokeAll(SameThreadHierarchicalTestExecutorService.java:41)
	at org.junit.platform.engine.support.hierarchical.NodeTestTask.lambda$executeRecursively$6(NodeTestTask.java:155)
	at org.junit.platform.engine.support.hierarchical.ThrowableCollector.execute(ThrowableCollector.java:73)
	at org.junit.platform.engine.support.hierarchical.NodeTestTask.lambda$executeRecursively$8(NodeTestTask.java:141)
	at org.junit.platform.engine.support.hierarchical.Node.around(Node.java:137)
	at org.junit.platform.engine.support.hierarchical.NodeTestTask.lambda$executeRecursively$9(NodeTestTask.java:139)
	at org.junit.platform.engine.support.hierarchical.ThrowableCollector.execute(ThrowableCollector.java:73)
	at org.junit.platform.engine.support.hierarchical.NodeTestTask.executeRecursively(NodeTestTask.java:138)
	at org.junit.platform.engine.support.hierarchical.NodeTestTask.execute(NodeTestTask.java:95)
	at java.util.ArrayList.forEach(ArrayList.java:1259)
	at org.junit.platform.engine.support.hierarchical.SameThreadHierarchicalTestExecutorService.invokeAll(SameThreadHierarchicalTestExecutorService.java:41)
	at org.junit.platform.engine.support.hierarchical.NodeTestTask.lambda$executeRecursively$6(NodeTestTask.java:155)
	at org.junit.platform.engine.support.hierarchical.ThrowableCollector.execute(ThrowableCollector.java:73)
	at org.junit.platform.engine.support.hierarchical.NodeTestTask.lambda$executeRecursively$8(NodeTestTask.java:141)
	at org.junit.platform.engine.support.hierarchical.Node.around(Node.java:137)
	at org.junit.platform.engine.support.hierarchical.NodeTestTask.lambda$executeRecursively$9(NodeTestTask.java:139)
	at org.junit.platform.engine.support.hierarchical.ThrowableCollector.execute(ThrowableCollector.java:73)
	at org.junit.platform.engine.support.hierarchical.NodeTestTask.executeRecursively(NodeTestTask.java:138)
	at org.junit.platform.engine.support.hierarchical.NodeTestTask.execute(NodeTestTask.java:95)
	at org.junit.platform.engine.support.hierarchical.SameThreadHierarchicalTestExecutorService.submit(SameThreadHierarchicalTestExecutorService.java:35)
	at org.junit.platform.engine.support.hierarchical.HierarchicalTestExecutor.execute(HierarchicalTestExecutor.java:57)
	at org.junit.platform.engine.support.hierarchical.HierarchicalTestEngine.execute(HierarchicalTestEngine.java:54)
	at org.junit.platform.launcher.core.EngineExecutionOrchestrator.execute(EngineExecutionOrchestrator.java:107)
	at org.junit.platform.launcher.core.EngineExecutionOrchestrator.execute(EngineExecutionOrchestrator.java:88)
	at org.junit.platform.launcher.core.EngineExecutionOrchestrator.lambda$execute$0(EngineExecutionOrchestrator.java:54)
	at org.junit.platform.launcher.core.EngineExecutionOrchestrator.withInterceptedStreams(EngineExecutionOrchestrator.java:67)
	at org.junit.platform.launcher.core.EngineExecutionOrchestrator.execute(EngineExecutionOrchestrator.java:52)
	at org.junit.platform.launcher.core.DefaultLauncher.execute(DefaultLauncher.java:114)
	at org.junit.platform.launcher.core.DefaultLauncher.execute(DefaultLauncher.java:86)
	at org.junit.platform.launcher.core.DefaultLauncherSession$DelegatingLauncher.execute(DefaultLauncherSession.java:86)
	at org.junit.platform.launcher.core.SessionPerRequestLauncher.execute(SessionPerRequestLauncher.java:53)
	at org.apache.maven.surefire.junitplatform.JUnitPlatformProvider.execute(JUnitPlatformProvider.java:188)
	at org.apache.maven.surefire.junitplatform.JUnitPlatformProvider.invokeAllTests(JUnitPlatformProvider.java:154)
	at org.apache.maven.surefire.junitplatform.JUnitPlatformProvider.invoke(JUnitPlatformProvider.java:124)
	at org.apache.maven.surefire.booter.ForkedBooter.runSuitesInProcess(ForkedBooter.java:428)
	at org.apache.maven.surefire.booter.ForkedBooter.execute(ForkedBooter.java:162)
	at org.apache.maven.surefire.booter.ForkedBooter.run(ForkedBooter.java:562)
	at org.apache.maven.surefire.booter.ForkedBooter.main(ForkedBooter.java:548)
2023-07-26 19:34:23,692 [main] DEBUG balancer.ContainerBalancerTask (ContainerBalancerTask.java:matchSourceWithTarget(708)) - ContainerBalancer is finding suitable target for source datanode 9975ee4e-dbd0-4f23-946d-6d42a67fa087
2023-07-26 19:34:23,692 [main] INFO  balancer.ContainerBalancerTask (ContainerBalancerTask.java:matchSourceWithTarget(722)) - ContainerBalancer matched source datanode 9975ee4e-dbd0-4f23-946d-6d42a67fa087 with target datanode 0a572715-c6f4-490c-b9b2-810199ab9858 for container move.
2023-07-26 19:34:23,692 [main] INFO  balancer.ContainerBalancerTask (ContainerBalancerTask.java:processMoveSelection(569)) - ContainerBalancer is trying to move container #40 with size 5368709120B from source datanode 9975ee4e-dbd0-4f23-946d-6d42a67fa087 to target datanode 0a572715-c6f4-490c-b9b2-810199ab9858
2023-07-26 19:34:23,692 [main] INFO  balancer.ContainerBalancerTask (ContainerBalancerTask.java:lambda$moveContainer$3(827)) - Container move for container #40 from source 9975ee4e-dbd0-4f23-946d-6d42a67fa087 to target 0a572715-c6f4-490c-b9b2-810199ab9858 failed with exceptions.
java.lang.RuntimeException: Runtime Exception
	at org.apache.hadoop.hdds.scm.container.balancer.TestContainerBalancerTask.checkIterationResultException(TestContainerBalancerTask.java:1002)
	at sun.reflect.NativeMethodAccessorImpl.invoke0(Native Method)
	at sun.reflect.NativeMethodAccessorImpl.invoke(NativeMethodAccessorImpl.java:62)
	at sun.reflect.DelegatingMethodAccessorImpl.invoke(DelegatingMethodAccessorImpl.java:43)
	at java.lang.reflect.Method.invoke(Method.java:498)
	at org.junit.platform.commons.util.ReflectionUtils.invokeMethod(ReflectionUtils.java:725)
	at org.junit.jupiter.engine.execution.MethodInvocation.proceed(MethodInvocation.java:60)
	at org.junit.jupiter.engine.execution.InvocationInterceptorChain$ValidatingInvocation.proceed(InvocationInterceptorChain.java:131)
	at org.junit.jupiter.engine.extension.TimeoutExtension.intercept(TimeoutExtension.java:149)
	at org.junit.jupiter.engine.extension.TimeoutExtension.interceptTestableMethod(TimeoutExtension.java:140)
	at org.junit.jupiter.engine.extension.TimeoutExtension.interceptTestMethod(TimeoutExtension.java:84)
	at org.junit.jupiter.engine.execution.ExecutableInvoker$ReflectiveInterceptorCall.lambda$ofVoidMethod$0(ExecutableInvoker.java:115)
	at org.junit.jupiter.engine.execution.ExecutableInvoker.lambda$invoke$0(ExecutableInvoker.java:105)
	at org.junit.jupiter.engine.execution.InvocationInterceptorChain$InterceptedInvocation.proceed(InvocationInterceptorChain.java:106)
	at org.junit.jupiter.engine.execution.InvocationInterceptorChain.proceed(InvocationInterceptorChain.java:64)
	at org.junit.jupiter.engine.execution.InvocationInterceptorChain.chainAndInvoke(InvocationInterceptorChain.java:45)
	at org.junit.jupiter.engine.execution.InvocationInterceptorChain.invoke(InvocationInterceptorChain.java:37)
	at org.junit.jupiter.engine.execution.ExecutableInvoker.invoke(ExecutableInvoker.java:104)
	at org.junit.jupiter.engine.execution.ExecutableInvoker.invoke(ExecutableInvoker.java:98)
	at org.junit.jupiter.engine.descriptor.TestMethodTestDescriptor.lambda$invokeTestMethod$7(TestMethodTestDescriptor.java:214)
	at org.junit.platform.engine.support.hierarchical.ThrowableCollector.execute(ThrowableCollector.java:73)
	at org.junit.jupiter.engine.descriptor.TestMethodTestDescriptor.invokeTestMethod(TestMethodTestDescriptor.java:210)
	at org.junit.jupiter.engine.descriptor.TestMethodTestDescriptor.execute(TestMethodTestDescriptor.java:135)
	at org.junit.jupiter.engine.descriptor.TestMethodTestDescriptor.execute(TestMethodTestDescriptor.java:66)
	at org.junit.platform.engine.support.hierarchical.NodeTestTask.lambda$executeRecursively$6(NodeTestTask.java:151)
	at org.junit.platform.engine.support.hierarchical.ThrowableCollector.execute(ThrowableCollector.java:73)
	at org.junit.platform.engine.support.hierarchical.NodeTestTask.lambda$executeRecursively$8(NodeTestTask.java:141)
	at org.junit.platform.engine.support.hierarchical.Node.around(Node.java:137)
	at org.junit.platform.engine.support.hierarchical.NodeTestTask.lambda$executeRecursively$9(NodeTestTask.java:139)
	at org.junit.platform.engine.support.hierarchical.ThrowableCollector.execute(ThrowableCollector.java:73)
	at org.junit.platform.engine.support.hierarchical.NodeTestTask.executeRecursively(NodeTestTask.java:138)
	at org.junit.platform.engine.support.hierarchical.NodeTestTask.execute(NodeTestTask.java:95)
	at java.util.ArrayList.forEach(ArrayList.java:1259)
	at org.junit.platform.engine.support.hierarchical.SameThreadHierarchicalTestExecutorService.invokeAll(SameThreadHierarchicalTestExecutorService.java:41)
	at org.junit.platform.engine.support.hierarchical.NodeTestTask.lambda$executeRecursively$6(NodeTestTask.java:155)
	at org.junit.platform.engine.support.hierarchical.ThrowableCollector.execute(ThrowableCollector.java:73)
	at org.junit.platform.engine.support.hierarchical.NodeTestTask.lambda$executeRecursively$8(NodeTestTask.java:141)
	at org.junit.platform.engine.support.hierarchical.Node.around(Node.java:137)
	at org.junit.platform.engine.support.hierarchical.NodeTestTask.lambda$executeRecursively$9(NodeTestTask.java:139)
	at org.junit.platform.engine.support.hierarchical.ThrowableCollector.execute(ThrowableCollector.java:73)
	at org.junit.platform.engine.support.hierarchical.NodeTestTask.executeRecursively(NodeTestTask.java:138)
	at org.junit.platform.engine.support.hierarchical.NodeTestTask.execute(NodeTestTask.java:95)
	at java.util.ArrayList.forEach(ArrayList.java:1259)
	at org.junit.platform.engine.support.hierarchical.SameThreadHierarchicalTestExecutorService.invokeAll(SameThreadHierarchicalTestExecutorService.java:41)
	at org.junit.platform.engine.support.hierarchical.NodeTestTask.lambda$executeRecursively$6(NodeTestTask.java:155)
	at org.junit.platform.engine.support.hierarchical.ThrowableCollector.execute(ThrowableCollector.java:73)
	at org.junit.platform.engine.support.hierarchical.NodeTestTask.lambda$executeRecursively$8(NodeTestTask.java:141)
	at org.junit.platform.engine.support.hierarchical.Node.around(Node.java:137)
	at org.junit.platform.engine.support.hierarchical.NodeTestTask.lambda$executeRecursively$9(NodeTestTask.java:139)
	at org.junit.platform.engine.support.hierarchical.ThrowableCollector.execute(ThrowableCollector.java:73)
	at org.junit.platform.engine.support.hierarchical.NodeTestTask.executeRecursively(NodeTestTask.java:138)
	at org.junit.platform.engine.support.hierarchical.NodeTestTask.execute(NodeTestTask.java:95)
	at org.junit.platform.engine.support.hierarchical.SameThreadHierarchicalTestExecutorService.submit(SameThreadHierarchicalTestExecutorService.java:35)
	at org.junit.platform.engine.support.hierarchical.HierarchicalTestExecutor.execute(HierarchicalTestExecutor.java:57)
	at org.junit.platform.engine.support.hierarchical.HierarchicalTestEngine.execute(HierarchicalTestEngine.java:54)
	at org.junit.platform.launcher.core.EngineExecutionOrchestrator.execute(EngineExecutionOrchestrator.java:107)
	at org.junit.platform.launcher.core.EngineExecutionOrchestrator.execute(EngineExecutionOrchestrator.java:88)
	at org.junit.platform.launcher.core.EngineExecutionOrchestrator.lambda$execute$0(EngineExecutionOrchestrator.java:54)
	at org.junit.platform.launcher.core.EngineExecutionOrchestrator.withInterceptedStreams(EngineExecutionOrchestrator.java:67)
	at org.junit.platform.launcher.core.EngineExecutionOrchestrator.execute(EngineExecutionOrchestrator.java:52)
	at org.junit.platform.launcher.core.DefaultLauncher.execute(DefaultLauncher.java:114)
	at org.junit.platform.launcher.core.DefaultLauncher.execute(DefaultLauncher.java:86)
	at org.junit.platform.launcher.core.DefaultLauncherSession$DelegatingLauncher.execute(DefaultLauncherSession.java:86)
	at org.junit.platform.launcher.core.SessionPerRequestLauncher.execute(SessionPerRequestLauncher.java:53)
	at org.apache.maven.surefire.junitplatform.JUnitPlatformProvider.execute(JUnitPlatformProvider.java:188)
	at org.apache.maven.surefire.junitplatform.JUnitPlatformProvider.invokeAllTests(JUnitPlatformProvider.java:154)
	at org.apache.maven.surefire.junitplatform.JUnitPlatformProvider.invoke(JUnitPlatformProvider.java:124)
	at org.apache.maven.surefire.booter.ForkedBooter.runSuitesInProcess(ForkedBooter.java:428)
	at org.apache.maven.surefire.booter.ForkedBooter.execute(ForkedBooter.java:162)
	at org.apache.maven.surefire.booter.ForkedBooter.run(ForkedBooter.java:562)
	at org.apache.maven.surefire.booter.ForkedBooter.main(ForkedBooter.java:548)
2023-07-26 19:34:23,696 [main] DEBUG balancer.ContainerBalancerTask (ContainerBalancerTask.java:matchSourceWithTarget(708)) - ContainerBalancer is finding suitable target for source datanode 9a84f196-b253-4939-a4b9-1b3acdca30f0
2023-07-26 19:34:23,696 [main] INFO  balancer.ContainerBalancerTask (ContainerBalancerTask.java:matchSourceWithTarget(722)) - ContainerBalancer matched source datanode 9a84f196-b253-4939-a4b9-1b3acdca30f0 with target datanode 0a572715-c6f4-490c-b9b2-810199ab9858 for container move.
2023-07-26 19:34:23,696 [main] INFO  balancer.ContainerBalancerTask (ContainerBalancerTask.java:processMoveSelection(569)) - ContainerBalancer is trying to move container #29 with size 5368709120B from source datanode 9a84f196-b253-4939-a4b9-1b3acdca30f0 to target datanode 0a572715-c6f4-490c-b9b2-810199ab9858
2023-07-26 19:34:23,696 [main] INFO  balancer.ContainerBalancerTask (ContainerBalancerTask.java:lambda$moveContainer$3(827)) - Container move for container #29 from source 9a84f196-b253-4939-a4b9-1b3acdca30f0 to target 0a572715-c6f4-490c-b9b2-810199ab9858 failed with exceptions.
java.lang.RuntimeException: Runtime Exception
	at org.apache.hadoop.hdds.scm.container.balancer.TestContainerBalancerTask.checkIterationResultException(TestContainerBalancerTask.java:1002)
	at sun.reflect.NativeMethodAccessorImpl.invoke0(Native Method)
	at sun.reflect.NativeMethodAccessorImpl.invoke(NativeMethodAccessorImpl.java:62)
	at sun.reflect.DelegatingMethodAccessorImpl.invoke(DelegatingMethodAccessorImpl.java:43)
	at java.lang.reflect.Method.invoke(Method.java:498)
	at org.junit.platform.commons.util.ReflectionUtils.invokeMethod(ReflectionUtils.java:725)
	at org.junit.jupiter.engine.execution.MethodInvocation.proceed(MethodInvocation.java:60)
	at org.junit.jupiter.engine.execution.InvocationInterceptorChain$ValidatingInvocation.proceed(InvocationInterceptorChain.java:131)
	at org.junit.jupiter.engine.extension.TimeoutExtension.intercept(TimeoutExtension.java:149)
	at org.junit.jupiter.engine.extension.TimeoutExtension.interceptTestableMethod(TimeoutExtension.java:140)
	at org.junit.jupiter.engine.extension.TimeoutExtension.interceptTestMethod(TimeoutExtension.java:84)
	at org.junit.jupiter.engine.execution.ExecutableInvoker$ReflectiveInterceptorCall.lambda$ofVoidMethod$0(ExecutableInvoker.java:115)
	at org.junit.jupiter.engine.execution.ExecutableInvoker.lambda$invoke$0(ExecutableInvoker.java:105)
	at org.junit.jupiter.engine.execution.InvocationInterceptorChain$InterceptedInvocation.proceed(InvocationInterceptorChain.java:106)
	at org.junit.jupiter.engine.execution.InvocationInterceptorChain.proceed(InvocationInterceptorChain.java:64)
	at org.junit.jupiter.engine.execution.InvocationInterceptorChain.chainAndInvoke(InvocationInterceptorChain.java:45)
	at org.junit.jupiter.engine.execution.InvocationInterceptorChain.invoke(InvocationInterceptorChain.java:37)
	at org.junit.jupiter.engine.execution.ExecutableInvoker.invoke(ExecutableInvoker.java:104)
	at org.junit.jupiter.engine.execution.ExecutableInvoker.invoke(ExecutableInvoker.java:98)
	at org.junit.jupiter.engine.descriptor.TestMethodTestDescriptor.lambda$invokeTestMethod$7(TestMethodTestDescriptor.java:214)
	at org.junit.platform.engine.support.hierarchical.ThrowableCollector.execute(ThrowableCollector.java:73)
	at org.junit.jupiter.engine.descriptor.TestMethodTestDescriptor.invokeTestMethod(TestMethodTestDescriptor.java:210)
	at org.junit.jupiter.engine.descriptor.TestMethodTestDescriptor.execute(TestMethodTestDescriptor.java:135)
	at org.junit.jupiter.engine.descriptor.TestMethodTestDescriptor.execute(TestMethodTestDescriptor.java:66)
	at org.junit.platform.engine.support.hierarchical.NodeTestTask.lambda$executeRecursively$6(NodeTestTask.java:151)
	at org.junit.platform.engine.support.hierarchical.ThrowableCollector.execute(ThrowableCollector.java:73)
	at org.junit.platform.engine.support.hierarchical.NodeTestTask.lambda$executeRecursively$8(NodeTestTask.java:141)
	at org.junit.platform.engine.support.hierarchical.Node.around(Node.java:137)
	at org.junit.platform.engine.support.hierarchical.NodeTestTask.lambda$executeRecursively$9(NodeTestTask.java:139)
	at org.junit.platform.engine.support.hierarchical.ThrowableCollector.execute(ThrowableCollector.java:73)
	at org.junit.platform.engine.support.hierarchical.NodeTestTask.executeRecursively(NodeTestTask.java:138)
	at org.junit.platform.engine.support.hierarchical.NodeTestTask.execute(NodeTestTask.java:95)
	at java.util.ArrayList.forEach(ArrayList.java:1259)
	at org.junit.platform.engine.support.hierarchical.SameThreadHierarchicalTestExecutorService.invokeAll(SameThreadHierarchicalTestExecutorService.java:41)
	at org.junit.platform.engine.support.hierarchical.NodeTestTask.lambda$executeRecursively$6(NodeTestTask.java:155)
	at org.junit.platform.engine.support.hierarchical.ThrowableCollector.execute(ThrowableCollector.java:73)
	at org.junit.platform.engine.support.hierarchical.NodeTestTask.lambda$executeRecursively$8(NodeTestTask.java:141)
	at org.junit.platform.engine.support.hierarchical.Node.around(Node.java:137)
	at org.junit.platform.engine.support.hierarchical.NodeTestTask.lambda$executeRecursively$9(NodeTestTask.java:139)
	at org.junit.platform.engine.support.hierarchical.ThrowableCollector.execute(ThrowableCollector.java:73)
	at org.junit.platform.engine.support.hierarchical.NodeTestTask.executeRecursively(NodeTestTask.java:138)
	at org.junit.platform.engine.support.hierarchical.NodeTestTask.execute(NodeTestTask.java:95)
	at java.util.ArrayList.forEach(ArrayList.java:1259)
	at org.junit.platform.engine.support.hierarchical.SameThreadHierarchicalTestExecutorService.invokeAll(SameThreadHierarchicalTestExecutorService.java:41)
	at org.junit.platform.engine.support.hierarchical.NodeTestTask.lambda$executeRecursively$6(NodeTestTask.java:155)
	at org.junit.platform.engine.support.hierarchical.ThrowableCollector.execute(ThrowableCollector.java:73)
	at org.junit.platform.engine.support.hierarchical.NodeTestTask.lambda$executeRecursively$8(NodeTestTask.java:141)
	at org.junit.platform.engine.support.hierarchical.Node.around(Node.java:137)
	at org.junit.platform.engine.support.hierarchical.NodeTestTask.lambda$executeRecursively$9(NodeTestTask.java:139)
	at org.junit.platform.engine.support.hierarchical.ThrowableCollector.execute(ThrowableCollector.java:73)
	at org.junit.platform.engine.support.hierarchical.NodeTestTask.executeRecursively(NodeTestTask.java:138)
	at org.junit.platform.engine.support.hierarchical.NodeTestTask.execute(NodeTestTask.java:95)
	at org.junit.platform.engine.support.hierarchical.SameThreadHierarchicalTestExecutorService.submit(SameThreadHierarchicalTestExecutorService.java:35)
	at org.junit.platform.engine.support.hierarchical.HierarchicalTestExecutor.execute(HierarchicalTestExecutor.java:57)
	at org.junit.platform.engine.support.hierarchical.HierarchicalTestEngine.execute(HierarchicalTestEngine.java:54)
	at org.junit.platform.launcher.core.EngineExecutionOrchestrator.execute(EngineExecutionOrchestrator.java:107)
	at org.junit.platform.launcher.core.EngineExecutionOrchestrator.execute(EngineExecutionOrchestrator.java:88)
	at org.junit.platform.launcher.core.EngineExecutionOrchestrator.lambda$execute$0(EngineExecutionOrchestrator.java:54)
	at org.junit.platform.launcher.core.EngineExecutionOrchestrator.withInterceptedStreams(EngineExecutionOrchestrator.java:67)
	at org.junit.platform.launcher.core.EngineExecutionOrchestrator.execute(EngineExecutionOrchestrator.java:52)
	at org.junit.platform.launcher.core.DefaultLauncher.execute(DefaultLauncher.java:114)
	at org.junit.platform.launcher.core.DefaultLauncher.execute(DefaultLauncher.java:86)
	at org.junit.platform.launcher.core.DefaultLauncherSession$DelegatingLauncher.execute(DefaultLauncherSession.java:86)
	at org.junit.platform.launcher.core.SessionPerRequestLauncher.execute(SessionPerRequestLauncher.java:53)
	at org.apache.maven.surefire.junitplatform.JUnitPlatformProvider.execute(JUnitPlatformProvider.java:188)
	at org.apache.maven.surefire.junitplatform.JUnitPlatformProvider.invokeAllTests(JUnitPlatformProvider.java:154)
	at org.apache.maven.surefire.junitplatform.JUnitPlatformProvider.invoke(JUnitPlatformProvider.java:124)
	at org.apache.maven.surefire.booter.ForkedBooter.runSuitesInProcess(ForkedBooter.java:428)
	at org.apache.maven.surefire.booter.ForkedBooter.execute(ForkedBooter.java:162)
	at org.apache.maven.surefire.booter.ForkedBooter.run(ForkedBooter.java:562)
	at org.apache.maven.surefire.booter.ForkedBooter.main(ForkedBooter.java:548)
2023-07-26 19:34:23,697 [main] INFO  balancer.FindSourceGreedy (FindSourceGreedy.java:getNextCandidateSourceDataNode(126)) - no more candidate source data node
2023-07-26 19:34:23,697 [main] ERROR balancer.ContainerBalancerTask (ContainerBalancerTask.java:checkIterationMoveResults(623)) - Got exception while checkIterationMoveResults
java.util.concurrent.ExecutionException: java.lang.RuntimeException: Runtime Exception after doing work
	at java.util.concurrent.CompletableFuture.reportGet(CompletableFuture.java:357)
	at java.util.concurrent.CompletableFuture.get(CompletableFuture.java:1928)
	at org.apache.hadoop.hdds.scm.container.balancer.ContainerBalancerTask.checkIterationMoveResults(ContainerBalancerTask.java:613)
	at org.apache.hadoop.hdds.scm.container.balancer.ContainerBalancerTask.checkIterationResults(ContainerBalancerTask.java:600)
	at org.apache.hadoop.hdds.scm.container.balancer.ContainerBalancerTask.doIteration(ContainerBalancerTask.java:543)
	at org.apache.hadoop.hdds.scm.container.balancer.ContainerBalancerTask.balance(ContainerBalancerTask.java:257)
	at org.apache.hadoop.hdds.scm.container.balancer.ContainerBalancerTask.run(ContainerBalancerTask.java:179)
	at org.apache.hadoop.hdds.scm.container.balancer.TestContainerBalancerTask.startBalancer(TestContainerBalancerTask.java:1321)
	at org.apache.hadoop.hdds.scm.container.balancer.TestContainerBalancerTask.checkIterationResultException(TestContainerBalancerTask.java:1051)
	at sun.reflect.NativeMethodAccessorImpl.invoke0(Native Method)
	at sun.reflect.NativeMethodAccessorImpl.invoke(NativeMethodAccessorImpl.java:62)
	at sun.reflect.DelegatingMethodAccessorImpl.invoke(DelegatingMethodAccessorImpl.java:43)
	at java.lang.reflect.Method.invoke(Method.java:498)
	at org.junit.platform.commons.util.ReflectionUtils.invokeMethod(ReflectionUtils.java:725)
	at org.junit.jupiter.engine.execution.MethodInvocation.proceed(MethodInvocation.java:60)
	at org.junit.jupiter.engine.execution.InvocationInterceptorChain$ValidatingInvocation.proceed(InvocationInterceptorChain.java:131)
	at org.junit.jupiter.engine.extension.TimeoutExtension.intercept(TimeoutExtension.java:149)
	at org.junit.jupiter.engine.extension.TimeoutExtension.interceptTestableMethod(TimeoutExtension.java:140)
	at org.junit.jupiter.engine.extension.TimeoutExtension.interceptTestMethod(TimeoutExtension.java:84)
	at org.junit.jupiter.engine.execution.ExecutableInvoker$ReflectiveInterceptorCall.lambda$ofVoidMethod$0(ExecutableInvoker.java:115)
	at org.junit.jupiter.engine.execution.ExecutableInvoker.lambda$invoke$0(ExecutableInvoker.java:105)
	at org.junit.jupiter.engine.execution.InvocationInterceptorChain$InterceptedInvocation.proceed(InvocationInterceptorChain.java:106)
	at org.junit.jupiter.engine.execution.InvocationInterceptorChain.proceed(InvocationInterceptorChain.java:64)
	at org.junit.jupiter.engine.execution.InvocationInterceptorChain.chainAndInvoke(InvocationInterceptorChain.java:45)
	at org.junit.jupiter.engine.execution.InvocationInterceptorChain.invoke(InvocationInterceptorChain.java:37)
	at org.junit.jupiter.engine.execution.ExecutableInvoker.invoke(ExecutableInvoker.java:104)
	at org.junit.jupiter.engine.execution.ExecutableInvoker.invoke(ExecutableInvoker.java:98)
	at org.junit.jupiter.engine.descriptor.TestMethodTestDescriptor.lambda$invokeTestMethod$7(TestMethodTestDescriptor.java:214)
	at org.junit.platform.engine.support.hierarchical.ThrowableCollector.execute(ThrowableCollector.java:73)
	at org.junit.jupiter.engine.descriptor.TestMethodTestDescriptor.invokeTestMethod(TestMethodTestDescriptor.java:210)
	at org.junit.jupiter.engine.descriptor.TestMethodTestDescriptor.execute(TestMethodTestDescriptor.java:135)
	at org.junit.jupiter.engine.descriptor.TestMethodTestDescriptor.execute(TestMethodTestDescriptor.java:66)
	at org.junit.platform.engine.support.hierarchical.NodeTestTask.lambda$executeRecursively$6(NodeTestTask.java:151)
	at org.junit.platform.engine.support.hierarchical.ThrowableCollector.execute(ThrowableCollector.java:73)
	at org.junit.platform.engine.support.hierarchical.NodeTestTask.lambda$executeRecursively$8(NodeTestTask.java:141)
	at org.junit.platform.engine.support.hierarchical.Node.around(Node.java:137)
	at org.junit.platform.engine.support.hierarchical.NodeTestTask.lambda$executeRecursively$9(NodeTestTask.java:139)
	at org.junit.platform.engine.support.hierarchical.ThrowableCollector.execute(ThrowableCollector.java:73)
	at org.junit.platform.engine.support.hierarchical.NodeTestTask.executeRecursively(NodeTestTask.java:138)
	at org.junit.platform.engine.support.hierarchical.NodeTestTask.execute(NodeTestTask.java:95)
	at java.util.ArrayList.forEach(ArrayList.java:1259)
	at org.junit.platform.engine.support.hierarchical.SameThreadHierarchicalTestExecutorService.invokeAll(SameThreadHierarchicalTestExecutorService.java:41)
	at org.junit.platform.engine.support.hierarchical.NodeTestTask.lambda$executeRecursively$6(NodeTestTask.java:155)
	at org.junit.platform.engine.support.hierarchical.ThrowableCollector.execute(ThrowableCollector.java:73)
	at org.junit.platform.engine.support.hierarchical.NodeTestTask.lambda$executeRecursively$8(NodeTestTask.java:141)
	at org.junit.platform.engine.support.hierarchical.Node.around(Node.java:137)
	at org.junit.platform.engine.support.hierarchical.NodeTestTask.lambda$executeRecursively$9(NodeTestTask.java:139)
	at org.junit.platform.engine.support.hierarchical.ThrowableCollector.execute(ThrowableCollector.java:73)
	at org.junit.platform.engine.support.hierarchical.NodeTestTask.executeRecursively(NodeTestTask.java:138)
	at org.junit.platform.engine.support.hierarchical.NodeTestTask.execute(NodeTestTask.java:95)
	at java.util.ArrayList.forEach(ArrayList.java:1259)
	at org.junit.platform.engine.support.hierarchical.SameThreadHierarchicalTestExecutorService.invokeAll(SameThreadHierarchicalTestExecutorService.java:41)
	at org.junit.platform.engine.support.hierarchical.NodeTestTask.lambda$executeRecursively$6(NodeTestTask.java:155)
	at org.junit.platform.engine.support.hierarchical.ThrowableCollector.execute(ThrowableCollector.java:73)
	at org.junit.platform.engine.support.hierarchical.NodeTestTask.lambda$executeRecursively$8(NodeTestTask.java:141)
	at org.junit.platform.engine.support.hierarchical.Node.around(Node.java:137)
	at org.junit.platform.engine.support.hierarchical.NodeTestTask.lambda$executeRecursively$9(NodeTestTask.java:139)
	at org.junit.platform.engine.support.hierarchical.ThrowableCollector.execute(ThrowableCollector.java:73)
	at org.junit.platform.engine.support.hierarchical.NodeTestTask.executeRecursively(NodeTestTask.java:138)
	at org.junit.platform.engine.support.hierarchical.NodeTestTask.execute(NodeTestTask.java:95)
	at org.junit.platform.engine.support.hierarchical.SameThreadHierarchicalTestExecutorService.submit(SameThreadHierarchicalTestExecutorService.java:35)
	at org.junit.platform.engine.support.hierarchical.HierarchicalTestExecutor.execute(HierarchicalTestExecutor.java:57)
	at org.junit.platform.engine.support.hierarchical.HierarchicalTestEngine.execute(HierarchicalTestEngine.java:54)
	at org.junit.platform.launcher.core.EngineExecutionOrchestrator.execute(EngineExecutionOrchestrator.java:107)
	at org.junit.platform.launcher.core.EngineExecutionOrchestrator.execute(EngineExecutionOrchestrator.java:88)
	at org.junit.platform.launcher.core.EngineExecutionOrchestrator.lambda$execute$0(EngineExecutionOrchestrator.java:54)
	at org.junit.platform.launcher.core.EngineExecutionOrchestrator.withInterceptedStreams(EngineExecutionOrchestrator.java:67)
	at org.junit.platform.launcher.core.EngineExecutionOrchestrator.execute(EngineExecutionOrchestrator.java:52)
	at org.junit.platform.launcher.core.DefaultLauncher.execute(DefaultLauncher.java:114)
	at org.junit.platform.launcher.core.DefaultLauncher.execute(DefaultLauncher.java:86)
	at org.junit.platform.launcher.core.DefaultLauncherSession$DelegatingLauncher.execute(DefaultLauncherSession.java:86)
	at org.junit.platform.launcher.core.SessionPerRequestLauncher.execute(SessionPerRequestLauncher.java:53)
	at org.apache.maven.surefire.junitplatform.JUnitPlatformProvider.execute(JUnitPlatformProvider.java:188)
	at org.apache.maven.surefire.junitplatform.JUnitPlatformProvider.invokeAllTests(JUnitPlatformProvider.java:154)
	at org.apache.maven.surefire.junitplatform.JUnitPlatformProvider.invoke(JUnitPlatformProvider.java:124)
	at org.apache.maven.surefire.booter.ForkedBooter.runSuitesInProcess(ForkedBooter.java:428)
	at org.apache.maven.surefire.booter.ForkedBooter.execute(ForkedBooter.java:162)
	at org.apache.maven.surefire.booter.ForkedBooter.run(ForkedBooter.java:562)
	at org.apache.maven.surefire.booter.ForkedBooter.main(ForkedBooter.java:548)
Caused by: java.lang.RuntimeException: Runtime Exception after doing work
	at org.apache.hadoop.hdds.scm.container.balancer.TestContainerBalancerTask.lambda$checkIterationResultException$11(TestContainerBalancerTask.java:1045)
	at java.util.concurrent.CompletableFuture$AsyncSupply.run(CompletableFuture.java:1604)
	at java.lang.Thread.run(Thread.java:750)
2023-07-26 19:34:23,698 [main] INFO  balancer.ContainerBalancerTask (ContainerBalancerTask.java:checkIterationMoveResults(642)) - Iteration Summary. Number of Datanodes involved: 2. Size moved: 0 B (0 Bytes). Number of Container moves completed: 0.
2023-07-26 19:34:23,698 [main] INFO  balancer.ContainerBalancerTask (ContainerBalancerTask.java:balance(259)) - Result of this iteration of Container Balancer: ITERATION_COMPLETED
2023-07-26 19:34:23,698 [main] INFO  balancer.ContainerBalancerTask (ContainerBalancerTask.java:tryStopWithSaveConfiguration(308)) - Save Configuration for stopping. Reason: Completed all iterations.
]]></system-out>
  </testcase>
  <testcase name="balancerShouldObeyMaxSizeLeavingSourceLimit" classname="org.apache.hadoop.hdds.scm.container.balancer.TestContainerBalancerTask" time="0.364">
    <system-out><![CDATA[2023-07-26 19:34:23,730 [main] INFO  net.NodeSchemaLoader (NodeSchemaLoader.java:loadSchemaFromFile(129)) - Loading schema from [file:/home/runner/work/ozone/ozone/hadoop-hdds/common/target/classes/network-topology-default.xml]
2023-07-26 19:34:23,731 [main] INFO  net.NodeSchemaLoader (NodeSchemaLoader.java:loadSchema(176)) - Loading network topology layer schema file
2023-07-26 19:34:23,732 [main] INFO  net.NetworkTopologyImpl (NetworkTopologyImpl.java:add(112)) - Added a new node: /default-rack/cc5abde4-3162-4264-9ff1-f9b7eb586d06
2023-07-26 19:34:23,733 [main] INFO  net.NetworkTopologyImpl (NetworkTopologyImpl.java:add(112)) - Added a new node: /default-rack/c3c2e575-b6ba-47dc-88ac-17b0c40919f6
2023-07-26 19:34:23,733 [main] INFO  net.NetworkTopologyImpl (NetworkTopologyImpl.java:add(112)) - Added a new node: /default-rack/a77f3690-0448-477b-8e80-f1a12093f08a
2023-07-26 19:34:23,733 [main] INFO  net.NetworkTopologyImpl (NetworkTopologyImpl.java:add(112)) - Added a new node: /default-rack/2d1bb000-a697-44ed-90da-4bc3e5a86ae8
2023-07-26 19:34:23,733 [main] INFO  net.NetworkTopologyImpl (NetworkTopologyImpl.java:add(112)) - Added a new node: /default-rack/84b48b4c-c973-4561-aadd-a1f4df6a3bc1
2023-07-26 19:34:23,733 [main] INFO  net.NetworkTopologyImpl (NetworkTopologyImpl.java:add(112)) - Added a new node: /default-rack/42081aed-57f6-43aa-a341-fdfa04138088
2023-07-26 19:34:23,733 [main] INFO  net.NetworkTopologyImpl (NetworkTopologyImpl.java:add(112)) - Added a new node: /default-rack/e8b1e738-d496-48ff-baeb-9e15abfb115f
2023-07-26 19:34:23,733 [main] INFO  net.NetworkTopologyImpl (NetworkTopologyImpl.java:add(112)) - Added a new node: /default-rack/1eadc89e-b679-43d2-9233-b79351de3c6a
2023-07-26 19:34:23,734 [main] INFO  net.NetworkTopologyImpl (NetworkTopologyImpl.java:add(112)) - Added a new node: /default-rack/24044786-6e2d-443b-bae2-102d4aa44812
2023-07-26 19:34:23,734 [main] INFO  net.NetworkTopologyImpl (NetworkTopologyImpl.java:add(112)) - Added a new node: /default-rack/db5bd602-774c-4608-a6bd-0bd6e605c51d
2023-07-26 19:34:23,734 [main] INFO  algorithms.ContainerPlacementPolicyFactory (ContainerPlacementPolicyFactory.java:getPolicyInternal(86)) - Create container placement policy of type org.apache.hadoop.hdds.scm.container.placement.algorithms.SCMContainerPlacementRackAware
2023-07-26 19:34:23,734 [main] INFO  algorithms.ContainerPlacementPolicyFactory (ContainerPlacementPolicyFactory.java:getPolicyInternal(86)) - Create container placement policy of type org.apache.hadoop.hdds.scm.container.placement.algorithms.SCMContainerPlacementRackScatter
2023-07-26 19:34:23,737 [main] DEBUG balancer.ContainerBalancerTask (ContainerBalancerTask.java:initializeIteration(374)) - Average utilization of the cluster is 0.3404923016577234
2023-07-26 19:34:23,737 [main] DEBUG balancer.ContainerBalancerTask (ContainerBalancerTask.java:initializeIteration(386)) - Lower limit for utilization is 0.24049230165772337 and Upper limit for utilization is 0.44049230165772335
2023-07-26 19:34:23,737 [main] DEBUG balancer.ContainerBalancerTask (ContainerBalancerTask.java:initializeIteration(398)) - Utilization for node 42081aed-57f6-43aa-a341-fdfa04138088 with capacity 53687091200B, used 48318382080B, and remaining 5368709120B is 0.9
2023-07-26 19:34:23,738 [main] DEBUG balancer.ContainerBalancerTask (ContainerBalancerTask.java:initializeIteration(398)) - Utilization for node db5bd602-774c-4608-a6bd-0bd6e605c51d with capacity 55029268480B, used 44023414784B, and remaining 11005853696B is 0.8
2023-07-26 19:34:23,738 [main] DEBUG balancer.ContainerBalancerTask (ContainerBalancerTask.java:initializeIteration(398)) - Utilization for node c3c2e575-b6ba-47dc-88ac-17b0c40919f6 with capacity 90501096594B, used 63350767616B, and remaining 27150328978B is 0.70000000000221
2023-07-26 19:34:23,738 [main] DEBUG balancer.ContainerBalancerTask (ContainerBalancerTask.java:initializeIteration(398)) - Utilization for node 1eadc89e-b679-43d2-9233-b79351de3c6a with capacity 93057624746B, used 55834574848B, and remaining 37223049898B is 0.6000000000042984
2023-07-26 19:34:23,738 [main] DEBUG balancer.ContainerBalancerTask (ContainerBalancerTask.java:initializeIteration(398)) - Utilization for node 24044786-6e2d-443b-bae2-102d4aa44812 with capacity 81604378624B, used 40802189312B, and remaining 40802189312B is 0.5
2023-07-26 19:34:23,738 [main] DEBUG balancer.ContainerBalancerTask (ContainerBalancerTask.java:initializeIteration(398)) - Utilization for node a77f3690-0448-477b-8e80-f1a12093f08a with capacity 91268055040B, used 36507222016B, and remaining 54760833024B is 0.4
2023-07-26 19:34:23,738 [main] DEBUG balancer.ContainerBalancerTask (ContainerBalancerTask.java:initializeIteration(398)) - Utilization for node cc5abde4-3162-4264-9ff1-f9b7eb586d06 with capacity 121690740053B, used 36507222016B, and remaining 85183518037B is 0.3000000000008218
2023-07-26 19:34:23,738 [main] DEBUG balancer.ContainerBalancerTask (ContainerBalancerTask.java:initializeIteration(398)) - Utilization for node 84b48b4c-c973-4561-aadd-a1f4df6a3bc1 with capacity 204010946560B, used 40802189312B, and remaining 163208757248B is 0.2
2023-07-26 19:34:23,738 [main] DEBUG balancer.ContainerBalancerTask (ContainerBalancerTask.java:initializeIteration(398)) - Utilization for node e8b1e738-d496-48ff-baeb-9e15abfb115f with capacity 332859965440B, used 33285996544B, and remaining 299573968896B is 0.1
2023-07-26 19:34:23,738 [main] DEBUG balancer.ContainerBalancerTask (ContainerBalancerTask.java:initializeIteration(398)) - Utilization for node 2d1bb000-a697-44ed-90da-4bc3e5a86ae8 with capacity 49392123904B, used 0B, and remaining 49392123904B is 0.0
2023-07-26 19:34:23,738 [main] INFO  balancer.ContainerBalancerTask (ContainerBalancerTask.java:initializeIteration(447)) - Container Balancer has identified 5 Over-Utilized and 3 Under-Utilized Datanodes that need to be balanced.
2023-07-26 19:34:23,739 [main] DEBUG balancer.ContainerBalancerTask (ContainerBalancerTask.java:lambda$initializeIteration$1(453)) - Datanode localhost-57.101.104.20 42081aed-57f6-43aa-a341-fdfa04138088 is Over-Utilized.
2023-07-26 19:34:23,739 [main] DEBUG balancer.ContainerBalancerTask (ContainerBalancerTask.java:lambda$initializeIteration$1(453)) - Datanode localhost-209.111.200.227 db5bd602-774c-4608-a6bd-0bd6e605c51d is Over-Utilized.
2023-07-26 19:34:23,739 [main] DEBUG balancer.ContainerBalancerTask (ContainerBalancerTask.java:lambda$initializeIteration$1(453)) - Datanode localhost-194.73.187.104 c3c2e575-b6ba-47dc-88ac-17b0c40919f6 is Over-Utilized.
2023-07-26 19:34:23,739 [main] DEBUG balancer.ContainerBalancerTask (ContainerBalancerTask.java:lambda$initializeIteration$1(453)) - Datanode localhost-239.70.72.180 1eadc89e-b679-43d2-9233-b79351de3c6a is Over-Utilized.
2023-07-26 19:34:23,739 [main] DEBUG balancer.ContainerBalancerTask (ContainerBalancerTask.java:lambda$initializeIteration$1(453)) - Datanode localhost-117.82.82.213 24044786-6e2d-443b-bae2-102d4aa44812 is Over-Utilized.
2023-07-26 19:34:23,739 [main] DEBUG balancer.ContainerBalancerTask (ContainerBalancerTask.java:lambda$initializeIteration$2(459)) - Datanode localhost-215.147.145.207 2d1bb000-a697-44ed-90da-4bc3e5a86ae8 is Under-Utilized.
2023-07-26 19:34:23,739 [main] DEBUG balancer.ContainerBalancerTask (ContainerBalancerTask.java:lambda$initializeIteration$2(459)) - Datanode localhost-35.88.78.193 e8b1e738-d496-48ff-baeb-9e15abfb115f is Under-Utilized.
2023-07-26 19:34:23,739 [main] DEBUG balancer.ContainerBalancerTask (ContainerBalancerTask.java:lambda$initializeIteration$2(459)) - Datanode localhost-107.207.158.172 84b48b4c-c973-4561-aadd-a1f4df6a3bc1 is Under-Utilized.
2023-07-26 19:34:23,742 [main] DEBUG balancer.ContainerBalancerTask (ContainerBalancerTask.java:matchSourceWithTarget(701)) - ContainerBalancer could not find any candidate containers for datanode 42081aed-57f6-43aa-a341-fdfa04138088
2023-07-26 19:34:23,745 [main] DEBUG balancer.ContainerBalancerTask (ContainerBalancerTask.java:matchSourceWithTarget(701)) - ContainerBalancer could not find any candidate containers for datanode db5bd602-774c-4608-a6bd-0bd6e605c51d
2023-07-26 19:34:23,747 [main] DEBUG balancer.ContainerBalancerTask (ContainerBalancerTask.java:matchSourceWithTarget(701)) - ContainerBalancer could not find any candidate containers for datanode c3c2e575-b6ba-47dc-88ac-17b0c40919f6
2023-07-26 19:34:23,750 [main] DEBUG balancer.ContainerBalancerTask (ContainerBalancerTask.java:matchSourceWithTarget(701)) - ContainerBalancer could not find any candidate containers for datanode 1eadc89e-b679-43d2-9233-b79351de3c6a
2023-07-26 19:34:23,752 [main] DEBUG balancer.ContainerBalancerTask (ContainerBalancerTask.java:matchSourceWithTarget(701)) - ContainerBalancer could not find any candidate containers for datanode 24044786-6e2d-443b-bae2-102d4aa44812
2023-07-26 19:34:23,752 [main] INFO  balancer.FindSourceGreedy (FindSourceGreedy.java:getNextCandidateSourceDataNode(126)) - no more candidate source data node
2023-07-26 19:34:23,752 [main] INFO  balancer.ContainerBalancerTask (ContainerBalancerTask.java:balance(259)) - Result of this iteration of Container Balancer: CAN_NOT_BALANCE_ANY_MORE
2023-07-26 19:34:23,752 [main] INFO  balancer.ContainerBalancerTask (ContainerBalancerTask.java:tryStopWithSaveConfiguration(308)) - Save Configuration for stopping. Reason: CAN_NOT_BALANCE_ANY_MORE
2023-07-26 19:34:23,764 [main] DEBUG balancer.ContainerBalancerTask (ContainerBalancerTask.java:initializeIteration(374)) - Average utilization of the cluster is 0.3404923016577234
2023-07-26 19:34:23,764 [main] DEBUG balancer.ContainerBalancerTask (ContainerBalancerTask.java:initializeIteration(386)) - Lower limit for utilization is 0.24049230165772337 and Upper limit for utilization is 0.44049230165772335
2023-07-26 19:34:23,764 [main] DEBUG balancer.ContainerBalancerTask (ContainerBalancerTask.java:initializeIteration(398)) - Utilization for node 42081aed-57f6-43aa-a341-fdfa04138088 with capacity 53687091200B, used 48318382080B, and remaining 5368709120B is 0.9
2023-07-26 19:34:23,764 [main] DEBUG balancer.ContainerBalancerTask (ContainerBalancerTask.java:initializeIteration(398)) - Utilization for node db5bd602-774c-4608-a6bd-0bd6e605c51d with capacity 55029268480B, used 44023414784B, and remaining 11005853696B is 0.8
2023-07-26 19:34:23,764 [main] DEBUG balancer.ContainerBalancerTask (ContainerBalancerTask.java:initializeIteration(398)) - Utilization for node c3c2e575-b6ba-47dc-88ac-17b0c40919f6 with capacity 90501096594B, used 63350767616B, and remaining 27150328978B is 0.70000000000221
2023-07-26 19:34:23,765 [main] DEBUG balancer.ContainerBalancerTask (ContainerBalancerTask.java:initializeIteration(398)) - Utilization for node 1eadc89e-b679-43d2-9233-b79351de3c6a with capacity 93057624746B, used 55834574848B, and remaining 37223049898B is 0.6000000000042984
2023-07-26 19:34:23,765 [main] DEBUG balancer.ContainerBalancerTask (ContainerBalancerTask.java:initializeIteration(398)) - Utilization for node 24044786-6e2d-443b-bae2-102d4aa44812 with capacity 81604378624B, used 40802189312B, and remaining 40802189312B is 0.5
2023-07-26 19:34:23,765 [main] DEBUG balancer.ContainerBalancerTask (ContainerBalancerTask.java:initializeIteration(398)) - Utilization for node a77f3690-0448-477b-8e80-f1a12093f08a with capacity 91268055040B, used 36507222016B, and remaining 54760833024B is 0.4
2023-07-26 19:34:23,765 [main] DEBUG balancer.ContainerBalancerTask (ContainerBalancerTask.java:initializeIteration(398)) - Utilization for node cc5abde4-3162-4264-9ff1-f9b7eb586d06 with capacity 121690740053B, used 36507222016B, and remaining 85183518037B is 0.3000000000008218
2023-07-26 19:34:23,765 [main] DEBUG balancer.ContainerBalancerTask (ContainerBalancerTask.java:initializeIteration(398)) - Utilization for node 84b48b4c-c973-4561-aadd-a1f4df6a3bc1 with capacity 204010946560B, used 40802189312B, and remaining 163208757248B is 0.2
2023-07-26 19:34:23,765 [main] DEBUG balancer.ContainerBalancerTask (ContainerBalancerTask.java:initializeIteration(398)) - Utilization for node e8b1e738-d496-48ff-baeb-9e15abfb115f with capacity 332859965440B, used 33285996544B, and remaining 299573968896B is 0.1
2023-07-26 19:34:23,765 [main] DEBUG balancer.ContainerBalancerTask (ContainerBalancerTask.java:initializeIteration(398)) - Utilization for node 2d1bb000-a697-44ed-90da-4bc3e5a86ae8 with capacity 49392123904B, used 0B, and remaining 49392123904B is 0.0
2023-07-26 19:34:23,765 [main] INFO  balancer.ContainerBalancerTask (ContainerBalancerTask.java:initializeIteration(447)) - Container Balancer has identified 5 Over-Utilized and 3 Under-Utilized Datanodes that need to be balanced.
2023-07-26 19:34:23,765 [main] DEBUG balancer.ContainerBalancerTask (ContainerBalancerTask.java:lambda$initializeIteration$1(453)) - Datanode localhost-57.101.104.20 42081aed-57f6-43aa-a341-fdfa04138088 is Over-Utilized.
2023-07-26 19:34:23,765 [main] DEBUG balancer.ContainerBalancerTask (ContainerBalancerTask.java:lambda$initializeIteration$1(453)) - Datanode localhost-209.111.200.227 db5bd602-774c-4608-a6bd-0bd6e605c51d is Over-Utilized.
2023-07-26 19:34:23,765 [main] DEBUG balancer.ContainerBalancerTask (ContainerBalancerTask.java:lambda$initializeIteration$1(453)) - Datanode localhost-194.73.187.104 c3c2e575-b6ba-47dc-88ac-17b0c40919f6 is Over-Utilized.
2023-07-26 19:34:23,766 [main] DEBUG balancer.ContainerBalancerTask (ContainerBalancerTask.java:lambda$initializeIteration$1(453)) - Datanode localhost-239.70.72.180 1eadc89e-b679-43d2-9233-b79351de3c6a is Over-Utilized.
2023-07-26 19:34:23,766 [main] DEBUG balancer.ContainerBalancerTask (ContainerBalancerTask.java:lambda$initializeIteration$1(453)) - Datanode localhost-117.82.82.213 24044786-6e2d-443b-bae2-102d4aa44812 is Over-Utilized.
2023-07-26 19:34:23,766 [main] DEBUG balancer.ContainerBalancerTask (ContainerBalancerTask.java:lambda$initializeIteration$2(459)) - Datanode localhost-215.147.145.207 2d1bb000-a697-44ed-90da-4bc3e5a86ae8 is Under-Utilized.
2023-07-26 19:34:23,766 [main] DEBUG balancer.ContainerBalancerTask (ContainerBalancerTask.java:lambda$initializeIteration$2(459)) - Datanode localhost-35.88.78.193 e8b1e738-d496-48ff-baeb-9e15abfb115f is Under-Utilized.
2023-07-26 19:34:23,766 [main] DEBUG balancer.ContainerBalancerTask (ContainerBalancerTask.java:lambda$initializeIteration$2(459)) - Datanode localhost-107.207.158.172 84b48b4c-c973-4561-aadd-a1f4df6a3bc1 is Under-Utilized.
2023-07-26 19:34:23,769 [main] DEBUG balancer.ContainerBalancerTask (ContainerBalancerTask.java:matchSourceWithTarget(708)) - ContainerBalancer is finding suitable target for source datanode 42081aed-57f6-43aa-a341-fdfa04138088
2023-07-26 19:34:23,769 [main] INFO  balancer.ContainerBalancerTask (ContainerBalancerTask.java:matchSourceWithTarget(722)) - ContainerBalancer matched source datanode 42081aed-57f6-43aa-a341-fdfa04138088 with target datanode 2d1bb000-a697-44ed-90da-4bc3e5a86ae8 for container move.
2023-07-26 19:34:23,769 [main] INFO  balancer.ContainerBalancerTask (ContainerBalancerTask.java:processMoveSelection(569)) - ContainerBalancer is trying to move container #85 with size 5368709120B from source datanode 42081aed-57f6-43aa-a341-fdfa04138088 to target datanode 2d1bb000-a697-44ed-90da-4bc3e5a86ae8
2023-07-26 19:34:23,770 [main] DEBUG balancer.ContainerBalancerTask (ContainerBalancerTask.java:lambda$moveContainer$3(837)) - Container move completed for container #85 from source 42081aed-57f6-43aa-a341-fdfa04138088 to target 2d1bb000-a697-44ed-90da-4bc3e5a86ae8
2023-07-26 19:34:23,770 [main] DEBUG balancer.ContainerBalancerTask (ContainerBalancerTask.java:adaptOnReachingIterationLimits(782)) - Reached max datanodes to involve limit. 2 datanodes have already been selected for balancing and the limit is 2. Only already selected sources and targets can be involved in balancing now.
2023-07-26 19:34:23,773 [main] DEBUG balancer.ContainerBalancerTask (ContainerBalancerTask.java:matchSourceWithTarget(708)) - ContainerBalancer is finding suitable target for source datanode 42081aed-57f6-43aa-a341-fdfa04138088
2023-07-26 19:34:23,773 [main] INFO  balancer.ContainerBalancerTask (ContainerBalancerTask.java:matchSourceWithTarget(722)) - ContainerBalancer matched source datanode 42081aed-57f6-43aa-a341-fdfa04138088 with target datanode 2d1bb000-a697-44ed-90da-4bc3e5a86ae8 for container move.
2023-07-26 19:34:23,773 [main] INFO  balancer.ContainerBalancerTask (ContainerBalancerTask.java:processMoveSelection(569)) - ContainerBalancer is trying to move container #89 with size 4294967296B from source datanode 42081aed-57f6-43aa-a341-fdfa04138088 to target datanode 2d1bb000-a697-44ed-90da-4bc3e5a86ae8
2023-07-26 19:34:23,773 [main] DEBUG balancer.ContainerBalancerTask (ContainerBalancerTask.java:lambda$moveContainer$3(837)) - Container move completed for container #89 from source 42081aed-57f6-43aa-a341-fdfa04138088 to target 2d1bb000-a697-44ed-90da-4bc3e5a86ae8
2023-07-26 19:34:23,777 [main] DEBUG balancer.ContainerBalancerTask (ContainerBalancerTask.java:matchSourceWithTarget(708)) - ContainerBalancer is finding suitable target for source datanode 42081aed-57f6-43aa-a341-fdfa04138088
2023-07-26 19:34:23,777 [main] INFO  balancer.ContainerBalancerTask (ContainerBalancerTask.java:matchSourceWithTarget(722)) - ContainerBalancer matched source datanode 42081aed-57f6-43aa-a341-fdfa04138088 with target datanode 2d1bb000-a697-44ed-90da-4bc3e5a86ae8 for container move.
2023-07-26 19:34:23,777 [main] INFO  balancer.ContainerBalancerTask (ContainerBalancerTask.java:processMoveSelection(569)) - ContainerBalancer is trying to move container #84 with size 4294967296B from source datanode 42081aed-57f6-43aa-a341-fdfa04138088 to target datanode 2d1bb000-a697-44ed-90da-4bc3e5a86ae8
2023-07-26 19:34:23,777 [main] DEBUG balancer.ContainerBalancerTask (ContainerBalancerTask.java:lambda$moveContainer$3(837)) - Container move completed for container #84 from source 42081aed-57f6-43aa-a341-fdfa04138088 to target 2d1bb000-a697-44ed-90da-4bc3e5a86ae8
2023-07-26 19:34:23,780 [main] DEBUG balancer.ContainerBalancerTask (ContainerBalancerTask.java:matchSourceWithTarget(708)) - ContainerBalancer is finding suitable target for source datanode 42081aed-57f6-43aa-a341-fdfa04138088
2023-07-26 19:34:23,780 [main] INFO  balancer.ContainerBalancerTask (ContainerBalancerTask.java:matchSourceWithTarget(722)) - ContainerBalancer matched source datanode 42081aed-57f6-43aa-a341-fdfa04138088 with target datanode 2d1bb000-a697-44ed-90da-4bc3e5a86ae8 for container move.
2023-07-26 19:34:23,781 [main] INFO  balancer.ContainerBalancerTask (ContainerBalancerTask.java:processMoveSelection(569)) - ContainerBalancer is trying to move container #88 with size 3221225472B from source datanode 42081aed-57f6-43aa-a341-fdfa04138088 to target datanode 2d1bb000-a697-44ed-90da-4bc3e5a86ae8
2023-07-26 19:34:23,781 [main] DEBUG balancer.ContainerBalancerTask (ContainerBalancerTask.java:lambda$moveContainer$3(837)) - Container move completed for container #88 from source 42081aed-57f6-43aa-a341-fdfa04138088 to target 2d1bb000-a697-44ed-90da-4bc3e5a86ae8
2023-07-26 19:34:23,784 [main] DEBUG balancer.ContainerBalancerTask (ContainerBalancerTask.java:matchSourceWithTarget(708)) - ContainerBalancer is finding suitable target for source datanode 42081aed-57f6-43aa-a341-fdfa04138088
2023-07-26 19:34:23,784 [main] INFO  balancer.ContainerBalancerTask (ContainerBalancerTask.java:matchSourceWithTarget(722)) - ContainerBalancer matched source datanode 42081aed-57f6-43aa-a341-fdfa04138088 with target datanode 2d1bb000-a697-44ed-90da-4bc3e5a86ae8 for container move.
2023-07-26 19:34:23,784 [main] INFO  balancer.ContainerBalancerTask (ContainerBalancerTask.java:processMoveSelection(569)) - ContainerBalancer is trying to move container #83 with size 3221225472B from source datanode 42081aed-57f6-43aa-a341-fdfa04138088 to target datanode 2d1bb000-a697-44ed-90da-4bc3e5a86ae8
2023-07-26 19:34:23,784 [main] DEBUG balancer.ContainerBalancerTask (ContainerBalancerTask.java:lambda$moveContainer$3(837)) - Container move completed for container #83 from source 42081aed-57f6-43aa-a341-fdfa04138088 to target 2d1bb000-a697-44ed-90da-4bc3e5a86ae8
2023-07-26 19:34:23,787 [main] DEBUG balancer.ContainerBalancerTask (ContainerBalancerTask.java:matchSourceWithTarget(708)) - ContainerBalancer is finding suitable target for source datanode 42081aed-57f6-43aa-a341-fdfa04138088
2023-07-26 19:34:23,788 [main] INFO  balancer.ContainerBalancerTask (ContainerBalancerTask.java:matchSourceWithTarget(722)) - ContainerBalancer matched source datanode 42081aed-57f6-43aa-a341-fdfa04138088 with target datanode 2d1bb000-a697-44ed-90da-4bc3e5a86ae8 for container move.
2023-07-26 19:34:23,788 [main] INFO  balancer.ContainerBalancerTask (ContainerBalancerTask.java:processMoveSelection(569)) - ContainerBalancer is trying to move container #86 with size 1073741824B from source datanode 42081aed-57f6-43aa-a341-fdfa04138088 to target datanode 2d1bb000-a697-44ed-90da-4bc3e5a86ae8
2023-07-26 19:34:23,788 [main] DEBUG balancer.ContainerBalancerTask (ContainerBalancerTask.java:lambda$moveContainer$3(837)) - Container move completed for container #86 from source 42081aed-57f6-43aa-a341-fdfa04138088 to target 2d1bb000-a697-44ed-90da-4bc3e5a86ae8
2023-07-26 19:34:23,792 [main] DEBUG balancer.ContainerBalancerTask (ContainerBalancerTask.java:matchSourceWithTarget(708)) - ContainerBalancer is finding suitable target for source datanode 42081aed-57f6-43aa-a341-fdfa04138088
2023-07-26 19:34:23,793 [main] INFO  balancer.FindTargetGreedyByUsageInfo (AbstractFindTargetGreedy.java:findTargetForContainerMove(133)) - Container Balancer could not find a target for source datanode 42081aed-57f6-43aa-a341-fdfa04138088
2023-07-26 19:34:23,793 [main] DEBUG balancer.ContainerBalancerTask (ContainerBalancerTask.java:matchSourceWithTarget(717)) - ContainerBalancer could not find a suitable target for source node 42081aed-57f6-43aa-a341-fdfa04138088.
2023-07-26 19:34:23,793 [main] INFO  balancer.FindSourceGreedy (FindSourceGreedy.java:getNextCandidateSourceDataNode(126)) - no more candidate source data node
2023-07-26 19:34:23,793 [main] INFO  balancer.ContainerBalancerTask (ContainerBalancerTask.java:checkIterationMoveResults(642)) - Iteration Summary. Number of Datanodes involved: 2. Size moved: 20 GB (21474836480 Bytes). Number of Container moves completed: 6.
2023-07-26 19:34:23,793 [main] INFO  balancer.ContainerBalancerTask (ContainerBalancerTask.java:balance(259)) - Result of this iteration of Container Balancer: ITERATION_COMPLETED
2023-07-26 19:34:23,795 [main] DEBUG balancer.ContainerBalancerTask (ContainerBalancerTask.java:initializeIteration(374)) - Average utilization of the cluster is 0.3404923016577234
2023-07-26 19:34:23,795 [main] DEBUG balancer.ContainerBalancerTask (ContainerBalancerTask.java:initializeIteration(386)) - Lower limit for utilization is 0.24049230165772337 and Upper limit for utilization is 0.44049230165772335
2023-07-26 19:34:23,795 [main] DEBUG balancer.ContainerBalancerTask (ContainerBalancerTask.java:initializeIteration(398)) - Utilization for node 42081aed-57f6-43aa-a341-fdfa04138088 with capacity 53687091200B, used 48318382080B, and remaining 5368709120B is 0.9
2023-07-26 19:34:23,795 [main] DEBUG balancer.ContainerBalancerTask (ContainerBalancerTask.java:initializeIteration(398)) - Utilization for node db5bd602-774c-4608-a6bd-0bd6e605c51d with capacity 55029268480B, used 44023414784B, and remaining 11005853696B is 0.8
2023-07-26 19:34:23,795 [main] DEBUG balancer.ContainerBalancerTask (ContainerBalancerTask.java:initializeIteration(398)) - Utilization for node c3c2e575-b6ba-47dc-88ac-17b0c40919f6 with capacity 90501096594B, used 63350767616B, and remaining 27150328978B is 0.70000000000221
2023-07-26 19:34:23,795 [main] DEBUG balancer.ContainerBalancerTask (ContainerBalancerTask.java:initializeIteration(398)) - Utilization for node 1eadc89e-b679-43d2-9233-b79351de3c6a with capacity 93057624746B, used 55834574848B, and remaining 37223049898B is 0.6000000000042984
2023-07-26 19:34:23,796 [main] DEBUG balancer.ContainerBalancerTask (ContainerBalancerTask.java:initializeIteration(398)) - Utilization for node 24044786-6e2d-443b-bae2-102d4aa44812 with capacity 81604378624B, used 40802189312B, and remaining 40802189312B is 0.5
2023-07-26 19:34:23,796 [main] DEBUG balancer.ContainerBalancerTask (ContainerBalancerTask.java:initializeIteration(398)) - Utilization for node a77f3690-0448-477b-8e80-f1a12093f08a with capacity 91268055040B, used 36507222016B, and remaining 54760833024B is 0.4
2023-07-26 19:34:23,796 [main] DEBUG balancer.ContainerBalancerTask (ContainerBalancerTask.java:initializeIteration(398)) - Utilization for node cc5abde4-3162-4264-9ff1-f9b7eb586d06 with capacity 121690740053B, used 36507222016B, and remaining 85183518037B is 0.3000000000008218
2023-07-26 19:34:23,796 [main] DEBUG balancer.ContainerBalancerTask (ContainerBalancerTask.java:initializeIteration(398)) - Utilization for node 84b48b4c-c973-4561-aadd-a1f4df6a3bc1 with capacity 204010946560B, used 40802189312B, and remaining 163208757248B is 0.2
2023-07-26 19:34:23,796 [main] DEBUG balancer.ContainerBalancerTask (ContainerBalancerTask.java:initializeIteration(398)) - Utilization for node e8b1e738-d496-48ff-baeb-9e15abfb115f with capacity 332859965440B, used 33285996544B, and remaining 299573968896B is 0.1
2023-07-26 19:34:23,796 [main] DEBUG balancer.ContainerBalancerTask (ContainerBalancerTask.java:initializeIteration(398)) - Utilization for node 2d1bb000-a697-44ed-90da-4bc3e5a86ae8 with capacity 49392123904B, used 0B, and remaining 49392123904B is 0.0
2023-07-26 19:34:23,796 [main] INFO  balancer.ContainerBalancerTask (ContainerBalancerTask.java:initializeIteration(447)) - Container Balancer has identified 5 Over-Utilized and 3 Under-Utilized Datanodes that need to be balanced.
2023-07-26 19:34:23,796 [main] DEBUG balancer.ContainerBalancerTask (ContainerBalancerTask.java:lambda$initializeIteration$1(453)) - Datanode localhost-57.101.104.20 42081aed-57f6-43aa-a341-fdfa04138088 is Over-Utilized.
2023-07-26 19:34:23,796 [main] DEBUG balancer.ContainerBalancerTask (ContainerBalancerTask.java:lambda$initializeIteration$1(453)) - Datanode localhost-209.111.200.227 db5bd602-774c-4608-a6bd-0bd6e605c51d is Over-Utilized.
2023-07-26 19:34:23,797 [main] DEBUG balancer.ContainerBalancerTask (ContainerBalancerTask.java:lambda$initializeIteration$1(453)) - Datanode localhost-194.73.187.104 c3c2e575-b6ba-47dc-88ac-17b0c40919f6 is Over-Utilized.
2023-07-26 19:34:23,797 [main] DEBUG balancer.ContainerBalancerTask (ContainerBalancerTask.java:lambda$initializeIteration$1(453)) - Datanode localhost-239.70.72.180 1eadc89e-b679-43d2-9233-b79351de3c6a is Over-Utilized.
2023-07-26 19:34:23,797 [main] DEBUG balancer.ContainerBalancerTask (ContainerBalancerTask.java:lambda$initializeIteration$1(453)) - Datanode localhost-117.82.82.213 24044786-6e2d-443b-bae2-102d4aa44812 is Over-Utilized.
2023-07-26 19:34:23,797 [main] DEBUG balancer.ContainerBalancerTask (ContainerBalancerTask.java:lambda$initializeIteration$2(459)) - Datanode localhost-215.147.145.207 2d1bb000-a697-44ed-90da-4bc3e5a86ae8 is Under-Utilized.
2023-07-26 19:34:23,797 [main] DEBUG balancer.ContainerBalancerTask (ContainerBalancerTask.java:lambda$initializeIteration$2(459)) - Datanode localhost-35.88.78.193 e8b1e738-d496-48ff-baeb-9e15abfb115f is Under-Utilized.
2023-07-26 19:34:23,797 [main] DEBUG balancer.ContainerBalancerTask (ContainerBalancerTask.java:lambda$initializeIteration$2(459)) - Datanode localhost-107.207.158.172 84b48b4c-c973-4561-aadd-a1f4df6a3bc1 is Under-Utilized.
2023-07-26 19:34:23,800 [main] DEBUG balancer.ContainerBalancerTask (ContainerBalancerTask.java:matchSourceWithTarget(708)) - ContainerBalancer is finding suitable target for source datanode 42081aed-57f6-43aa-a341-fdfa04138088
2023-07-26 19:34:23,800 [main] INFO  balancer.ContainerBalancerTask (ContainerBalancerTask.java:matchSourceWithTarget(722)) - ContainerBalancer matched source datanode 42081aed-57f6-43aa-a341-fdfa04138088 with target datanode 2d1bb000-a697-44ed-90da-4bc3e5a86ae8 for container move.
2023-07-26 19:34:23,800 [main] INFO  balancer.ContainerBalancerTask (ContainerBalancerTask.java:processMoveSelection(569)) - ContainerBalancer is trying to move container #85 with size 5368709120B from source datanode 42081aed-57f6-43aa-a341-fdfa04138088 to target datanode 2d1bb000-a697-44ed-90da-4bc3e5a86ae8
2023-07-26 19:34:23,800 [main] DEBUG balancer.ContainerBalancerTask (ContainerBalancerTask.java:lambda$moveContainer$3(837)) - Container move completed for container #85 from source 42081aed-57f6-43aa-a341-fdfa04138088 to target 2d1bb000-a697-44ed-90da-4bc3e5a86ae8
2023-07-26 19:34:23,801 [main] DEBUG balancer.ContainerBalancerTask (ContainerBalancerTask.java:adaptOnReachingIterationLimits(782)) - Reached max datanodes to involve limit. 2 datanodes have already been selected for balancing and the limit is 2. Only already selected sources and targets can be involved in balancing now.
2023-07-26 19:34:23,804 [main] DEBUG balancer.ContainerBalancerTask (ContainerBalancerTask.java:matchSourceWithTarget(708)) - ContainerBalancer is finding suitable target for source datanode 42081aed-57f6-43aa-a341-fdfa04138088
2023-07-26 19:34:23,804 [main] INFO  balancer.ContainerBalancerTask (ContainerBalancerTask.java:matchSourceWithTarget(722)) - ContainerBalancer matched source datanode 42081aed-57f6-43aa-a341-fdfa04138088 with target datanode 2d1bb000-a697-44ed-90da-4bc3e5a86ae8 for container move.
2023-07-26 19:34:23,804 [main] INFO  balancer.ContainerBalancerTask (ContainerBalancerTask.java:processMoveSelection(569)) - ContainerBalancer is trying to move container #89 with size 4294967296B from source datanode 42081aed-57f6-43aa-a341-fdfa04138088 to target datanode 2d1bb000-a697-44ed-90da-4bc3e5a86ae8
2023-07-26 19:34:23,804 [main] DEBUG balancer.ContainerBalancerTask (ContainerBalancerTask.java:lambda$moveContainer$3(837)) - Container move completed for container #89 from source 42081aed-57f6-43aa-a341-fdfa04138088 to target 2d1bb000-a697-44ed-90da-4bc3e5a86ae8
2023-07-26 19:34:23,807 [main] DEBUG balancer.ContainerBalancerTask (ContainerBalancerTask.java:matchSourceWithTarget(708)) - ContainerBalancer is finding suitable target for source datanode 42081aed-57f6-43aa-a341-fdfa04138088
2023-07-26 19:34:23,808 [main] INFO  balancer.ContainerBalancerTask (ContainerBalancerTask.java:matchSourceWithTarget(722)) - ContainerBalancer matched source datanode 42081aed-57f6-43aa-a341-fdfa04138088 with target datanode 2d1bb000-a697-44ed-90da-4bc3e5a86ae8 for container move.
2023-07-26 19:34:23,808 [main] INFO  balancer.ContainerBalancerTask (ContainerBalancerTask.java:processMoveSelection(569)) - ContainerBalancer is trying to move container #84 with size 4294967296B from source datanode 42081aed-57f6-43aa-a341-fdfa04138088 to target datanode 2d1bb000-a697-44ed-90da-4bc3e5a86ae8
2023-07-26 19:34:23,808 [main] DEBUG balancer.ContainerBalancerTask (ContainerBalancerTask.java:lambda$moveContainer$3(837)) - Container move completed for container #84 from source 42081aed-57f6-43aa-a341-fdfa04138088 to target 2d1bb000-a697-44ed-90da-4bc3e5a86ae8
2023-07-26 19:34:23,811 [main] DEBUG balancer.ContainerBalancerTask (ContainerBalancerTask.java:matchSourceWithTarget(708)) - ContainerBalancer is finding suitable target for source datanode 42081aed-57f6-43aa-a341-fdfa04138088
2023-07-26 19:34:23,811 [main] INFO  balancer.ContainerBalancerTask (ContainerBalancerTask.java:matchSourceWithTarget(722)) - ContainerBalancer matched source datanode 42081aed-57f6-43aa-a341-fdfa04138088 with target datanode 2d1bb000-a697-44ed-90da-4bc3e5a86ae8 for container move.
2023-07-26 19:34:23,811 [main] INFO  balancer.ContainerBalancerTask (ContainerBalancerTask.java:processMoveSelection(569)) - ContainerBalancer is trying to move container #88 with size 3221225472B from source datanode 42081aed-57f6-43aa-a341-fdfa04138088 to target datanode 2d1bb000-a697-44ed-90da-4bc3e5a86ae8
2023-07-26 19:34:23,811 [main] DEBUG balancer.ContainerBalancerTask (ContainerBalancerTask.java:lambda$moveContainer$3(837)) - Container move completed for container #88 from source 42081aed-57f6-43aa-a341-fdfa04138088 to target 2d1bb000-a697-44ed-90da-4bc3e5a86ae8
2023-07-26 19:34:23,815 [main] DEBUG balancer.ContainerBalancerTask (ContainerBalancerTask.java:matchSourceWithTarget(708)) - ContainerBalancer is finding suitable target for source datanode 42081aed-57f6-43aa-a341-fdfa04138088
2023-07-26 19:34:23,815 [main] INFO  balancer.ContainerBalancerTask (ContainerBalancerTask.java:matchSourceWithTarget(722)) - ContainerBalancer matched source datanode 42081aed-57f6-43aa-a341-fdfa04138088 with target datanode 2d1bb000-a697-44ed-90da-4bc3e5a86ae8 for container move.
2023-07-26 19:34:23,815 [main] INFO  balancer.ContainerBalancerTask (ContainerBalancerTask.java:processMoveSelection(569)) - ContainerBalancer is trying to move container #83 with size 3221225472B from source datanode 42081aed-57f6-43aa-a341-fdfa04138088 to target datanode 2d1bb000-a697-44ed-90da-4bc3e5a86ae8
2023-07-26 19:34:23,815 [main] DEBUG balancer.ContainerBalancerTask (ContainerBalancerTask.java:lambda$moveContainer$3(837)) - Container move completed for container #83 from source 42081aed-57f6-43aa-a341-fdfa04138088 to target 2d1bb000-a697-44ed-90da-4bc3e5a86ae8
2023-07-26 19:34:23,818 [main] DEBUG balancer.ContainerBalancerTask (ContainerBalancerTask.java:matchSourceWithTarget(708)) - ContainerBalancer is finding suitable target for source datanode 42081aed-57f6-43aa-a341-fdfa04138088
2023-07-26 19:34:23,819 [main] INFO  balancer.ContainerBalancerTask (ContainerBalancerTask.java:matchSourceWithTarget(722)) - ContainerBalancer matched source datanode 42081aed-57f6-43aa-a341-fdfa04138088 with target datanode 2d1bb000-a697-44ed-90da-4bc3e5a86ae8 for container move.
2023-07-26 19:34:23,819 [main] INFO  balancer.ContainerBalancerTask (ContainerBalancerTask.java:processMoveSelection(569)) - ContainerBalancer is trying to move container #86 with size 1073741824B from source datanode 42081aed-57f6-43aa-a341-fdfa04138088 to target datanode 2d1bb000-a697-44ed-90da-4bc3e5a86ae8
2023-07-26 19:34:23,819 [main] DEBUG balancer.ContainerBalancerTask (ContainerBalancerTask.java:lambda$moveContainer$3(837)) - Container move completed for container #86 from source 42081aed-57f6-43aa-a341-fdfa04138088 to target 2d1bb000-a697-44ed-90da-4bc3e5a86ae8
2023-07-26 19:34:23,822 [main] DEBUG balancer.ContainerBalancerTask (ContainerBalancerTask.java:matchSourceWithTarget(708)) - ContainerBalancer is finding suitable target for source datanode 42081aed-57f6-43aa-a341-fdfa04138088
2023-07-26 19:34:23,823 [main] INFO  balancer.FindTargetGreedyByUsageInfo (AbstractFindTargetGreedy.java:findTargetForContainerMove(133)) - Container Balancer could not find a target for source datanode 42081aed-57f6-43aa-a341-fdfa04138088
2023-07-26 19:34:23,823 [main] DEBUG balancer.ContainerBalancerTask (ContainerBalancerTask.java:matchSourceWithTarget(717)) - ContainerBalancer could not find a suitable target for source node 42081aed-57f6-43aa-a341-fdfa04138088.
2023-07-26 19:34:23,824 [main] INFO  balancer.FindSourceGreedy (FindSourceGreedy.java:getNextCandidateSourceDataNode(126)) - no more candidate source data node
2023-07-26 19:34:23,824 [main] INFO  balancer.ContainerBalancerTask (ContainerBalancerTask.java:checkIterationMoveResults(642)) - Iteration Summary. Number of Datanodes involved: 2. Size moved: 20 GB (21474836480 Bytes). Number of Container moves completed: 6.
2023-07-26 19:34:23,824 [main] INFO  balancer.ContainerBalancerTask (ContainerBalancerTask.java:balance(259)) - Result of this iteration of Container Balancer: ITERATION_COMPLETED
2023-07-26 19:34:23,826 [main] DEBUG balancer.ContainerBalancerTask (ContainerBalancerTask.java:initializeIteration(374)) - Average utilization of the cluster is 0.3404923016577234
2023-07-26 19:34:23,826 [main] DEBUG balancer.ContainerBalancerTask (ContainerBalancerTask.java:initializeIteration(386)) - Lower limit for utilization is 0.24049230165772337 and Upper limit for utilization is 0.44049230165772335
2023-07-26 19:34:23,826 [main] DEBUG balancer.ContainerBalancerTask (ContainerBalancerTask.java:initializeIteration(398)) - Utilization for node 42081aed-57f6-43aa-a341-fdfa04138088 with capacity 53687091200B, used 48318382080B, and remaining 5368709120B is 0.9
2023-07-26 19:34:23,826 [main] DEBUG balancer.ContainerBalancerTask (ContainerBalancerTask.java:initializeIteration(398)) - Utilization for node db5bd602-774c-4608-a6bd-0bd6e605c51d with capacity 55029268480B, used 44023414784B, and remaining 11005853696B is 0.8
2023-07-26 19:34:23,826 [main] DEBUG balancer.ContainerBalancerTask (ContainerBalancerTask.java:initializeIteration(398)) - Utilization for node c3c2e575-b6ba-47dc-88ac-17b0c40919f6 with capacity 90501096594B, used 63350767616B, and remaining 27150328978B is 0.70000000000221
2023-07-26 19:34:23,826 [main] DEBUG balancer.ContainerBalancerTask (ContainerBalancerTask.java:initializeIteration(398)) - Utilization for node 1eadc89e-b679-43d2-9233-b79351de3c6a with capacity 93057624746B, used 55834574848B, and remaining 37223049898B is 0.6000000000042984
2023-07-26 19:34:23,826 [main] DEBUG balancer.ContainerBalancerTask (ContainerBalancerTask.java:initializeIteration(398)) - Utilization for node 24044786-6e2d-443b-bae2-102d4aa44812 with capacity 81604378624B, used 40802189312B, and remaining 40802189312B is 0.5
2023-07-26 19:34:23,826 [main] DEBUG balancer.ContainerBalancerTask (ContainerBalancerTask.java:initializeIteration(398)) - Utilization for node a77f3690-0448-477b-8e80-f1a12093f08a with capacity 91268055040B, used 36507222016B, and remaining 54760833024B is 0.4
2023-07-26 19:34:23,826 [main] DEBUG balancer.ContainerBalancerTask (ContainerBalancerTask.java:initializeIteration(398)) - Utilization for node cc5abde4-3162-4264-9ff1-f9b7eb586d06 with capacity 121690740053B, used 36507222016B, and remaining 85183518037B is 0.3000000000008218
2023-07-26 19:34:23,827 [main] DEBUG balancer.ContainerBalancerTask (ContainerBalancerTask.java:initializeIteration(398)) - Utilization for node 84b48b4c-c973-4561-aadd-a1f4df6a3bc1 with capacity 204010946560B, used 40802189312B, and remaining 163208757248B is 0.2
2023-07-26 19:34:23,827 [main] DEBUG balancer.ContainerBalancerTask (ContainerBalancerTask.java:initializeIteration(398)) - Utilization for node e8b1e738-d496-48ff-baeb-9e15abfb115f with capacity 332859965440B, used 33285996544B, and remaining 299573968896B is 0.1
2023-07-26 19:34:23,827 [main] DEBUG balancer.ContainerBalancerTask (ContainerBalancerTask.java:initializeIteration(398)) - Utilization for node 2d1bb000-a697-44ed-90da-4bc3e5a86ae8 with capacity 49392123904B, used 0B, and remaining 49392123904B is 0.0
2023-07-26 19:34:23,827 [main] INFO  balancer.ContainerBalancerTask (ContainerBalancerTask.java:initializeIteration(447)) - Container Balancer has identified 5 Over-Utilized and 3 Under-Utilized Datanodes that need to be balanced.
2023-07-26 19:34:23,827 [main] DEBUG balancer.ContainerBalancerTask (ContainerBalancerTask.java:lambda$initializeIteration$1(453)) - Datanode localhost-57.101.104.20 42081aed-57f6-43aa-a341-fdfa04138088 is Over-Utilized.
2023-07-26 19:34:23,827 [main] DEBUG balancer.ContainerBalancerTask (ContainerBalancerTask.java:lambda$initializeIteration$1(453)) - Datanode localhost-209.111.200.227 db5bd602-774c-4608-a6bd-0bd6e605c51d is Over-Utilized.
2023-07-26 19:34:23,827 [main] DEBUG balancer.ContainerBalancerTask (ContainerBalancerTask.java:lambda$initializeIteration$1(453)) - Datanode localhost-194.73.187.104 c3c2e575-b6ba-47dc-88ac-17b0c40919f6 is Over-Utilized.
2023-07-26 19:34:23,827 [main] DEBUG balancer.ContainerBalancerTask (ContainerBalancerTask.java:lambda$initializeIteration$1(453)) - Datanode localhost-239.70.72.180 1eadc89e-b679-43d2-9233-b79351de3c6a is Over-Utilized.
2023-07-26 19:34:23,827 [main] DEBUG balancer.ContainerBalancerTask (ContainerBalancerTask.java:lambda$initializeIteration$1(453)) - Datanode localhost-117.82.82.213 24044786-6e2d-443b-bae2-102d4aa44812 is Over-Utilized.
2023-07-26 19:34:23,827 [main] DEBUG balancer.ContainerBalancerTask (ContainerBalancerTask.java:lambda$initializeIteration$2(459)) - Datanode localhost-215.147.145.207 2d1bb000-a697-44ed-90da-4bc3e5a86ae8 is Under-Utilized.
2023-07-26 19:34:23,828 [main] DEBUG balancer.ContainerBalancerTask (ContainerBalancerTask.java:lambda$initializeIteration$2(459)) - Datanode localhost-35.88.78.193 e8b1e738-d496-48ff-baeb-9e15abfb115f is Under-Utilized.
2023-07-26 19:34:23,828 [main] DEBUG balancer.ContainerBalancerTask (ContainerBalancerTask.java:lambda$initializeIteration$2(459)) - Datanode localhost-107.207.158.172 84b48b4c-c973-4561-aadd-a1f4df6a3bc1 is Under-Utilized.
2023-07-26 19:34:23,831 [main] DEBUG balancer.ContainerBalancerTask (ContainerBalancerTask.java:matchSourceWithTarget(708)) - ContainerBalancer is finding suitable target for source datanode 42081aed-57f6-43aa-a341-fdfa04138088
2023-07-26 19:34:23,831 [main] INFO  balancer.ContainerBalancerTask (ContainerBalancerTask.java:matchSourceWithTarget(722)) - ContainerBalancer matched source datanode 42081aed-57f6-43aa-a341-fdfa04138088 with target datanode 2d1bb000-a697-44ed-90da-4bc3e5a86ae8 for container move.
2023-07-26 19:34:23,831 [main] INFO  balancer.ContainerBalancerTask (ContainerBalancerTask.java:processMoveSelection(569)) - ContainerBalancer is trying to move container #85 with size 5368709120B from source datanode 42081aed-57f6-43aa-a341-fdfa04138088 to target datanode 2d1bb000-a697-44ed-90da-4bc3e5a86ae8
2023-07-26 19:34:23,831 [main] DEBUG balancer.ContainerBalancerTask (ContainerBalancerTask.java:lambda$moveContainer$3(837)) - Container move completed for container #85 from source 42081aed-57f6-43aa-a341-fdfa04138088 to target 2d1bb000-a697-44ed-90da-4bc3e5a86ae8
2023-07-26 19:34:23,833 [main] DEBUG balancer.ContainerBalancerTask (ContainerBalancerTask.java:adaptOnReachingIterationLimits(782)) - Reached max datanodes to involve limit. 2 datanodes have already been selected for balancing and the limit is 2. Only already selected sources and targets can be involved in balancing now.
2023-07-26 19:34:23,836 [main] DEBUG balancer.ContainerBalancerTask (ContainerBalancerTask.java:matchSourceWithTarget(708)) - ContainerBalancer is finding suitable target for source datanode 42081aed-57f6-43aa-a341-fdfa04138088
2023-07-26 19:34:23,837 [main] INFO  balancer.ContainerBalancerTask (ContainerBalancerTask.java:matchSourceWithTarget(722)) - ContainerBalancer matched source datanode 42081aed-57f6-43aa-a341-fdfa04138088 with target datanode 2d1bb000-a697-44ed-90da-4bc3e5a86ae8 for container move.
2023-07-26 19:34:23,837 [main] INFO  balancer.ContainerBalancerTask (ContainerBalancerTask.java:processMoveSelection(569)) - ContainerBalancer is trying to move container #89 with size 4294967296B from source datanode 42081aed-57f6-43aa-a341-fdfa04138088 to target datanode 2d1bb000-a697-44ed-90da-4bc3e5a86ae8
2023-07-26 19:34:23,837 [main] DEBUG balancer.ContainerBalancerTask (ContainerBalancerTask.java:lambda$moveContainer$3(837)) - Container move completed for container #89 from source 42081aed-57f6-43aa-a341-fdfa04138088 to target 2d1bb000-a697-44ed-90da-4bc3e5a86ae8
2023-07-26 19:34:23,840 [main] DEBUG balancer.ContainerBalancerTask (ContainerBalancerTask.java:matchSourceWithTarget(708)) - ContainerBalancer is finding suitable target for source datanode 42081aed-57f6-43aa-a341-fdfa04138088
2023-07-26 19:34:23,840 [main] INFO  balancer.ContainerBalancerTask (ContainerBalancerTask.java:matchSourceWithTarget(722)) - ContainerBalancer matched source datanode 42081aed-57f6-43aa-a341-fdfa04138088 with target datanode 2d1bb000-a697-44ed-90da-4bc3e5a86ae8 for container move.
2023-07-26 19:34:23,840 [main] INFO  balancer.ContainerBalancerTask (ContainerBalancerTask.java:processMoveSelection(569)) - ContainerBalancer is trying to move container #84 with size 4294967296B from source datanode 42081aed-57f6-43aa-a341-fdfa04138088 to target datanode 2d1bb000-a697-44ed-90da-4bc3e5a86ae8
2023-07-26 19:34:23,841 [main] DEBUG balancer.ContainerBalancerTask (ContainerBalancerTask.java:lambda$moveContainer$3(837)) - Container move completed for container #84 from source 42081aed-57f6-43aa-a341-fdfa04138088 to target 2d1bb000-a697-44ed-90da-4bc3e5a86ae8
2023-07-26 19:34:23,844 [main] DEBUG balancer.ContainerBalancerTask (ContainerBalancerTask.java:matchSourceWithTarget(708)) - ContainerBalancer is finding suitable target for source datanode 42081aed-57f6-43aa-a341-fdfa04138088
2023-07-26 19:34:23,844 [main] INFO  balancer.ContainerBalancerTask (ContainerBalancerTask.java:matchSourceWithTarget(722)) - ContainerBalancer matched source datanode 42081aed-57f6-43aa-a341-fdfa04138088 with target datanode 2d1bb000-a697-44ed-90da-4bc3e5a86ae8 for container move.
2023-07-26 19:34:23,844 [main] INFO  balancer.ContainerBalancerTask (ContainerBalancerTask.java:processMoveSelection(569)) - ContainerBalancer is trying to move container #88 with size 3221225472B from source datanode 42081aed-57f6-43aa-a341-fdfa04138088 to target datanode 2d1bb000-a697-44ed-90da-4bc3e5a86ae8
2023-07-26 19:34:23,844 [main] DEBUG balancer.ContainerBalancerTask (ContainerBalancerTask.java:lambda$moveContainer$3(837)) - Container move completed for container #88 from source 42081aed-57f6-43aa-a341-fdfa04138088 to target 2d1bb000-a697-44ed-90da-4bc3e5a86ae8
2023-07-26 19:34:23,847 [main] DEBUG balancer.ContainerBalancerTask (ContainerBalancerTask.java:matchSourceWithTarget(708)) - ContainerBalancer is finding suitable target for source datanode 42081aed-57f6-43aa-a341-fdfa04138088
2023-07-26 19:34:23,847 [main] INFO  balancer.ContainerBalancerTask (ContainerBalancerTask.java:matchSourceWithTarget(722)) - ContainerBalancer matched source datanode 42081aed-57f6-43aa-a341-fdfa04138088 with target datanode 2d1bb000-a697-44ed-90da-4bc3e5a86ae8 for container move.
2023-07-26 19:34:23,848 [main] INFO  balancer.ContainerBalancerTask (ContainerBalancerTask.java:processMoveSelection(569)) - ContainerBalancer is trying to move container #83 with size 3221225472B from source datanode 42081aed-57f6-43aa-a341-fdfa04138088 to target datanode 2d1bb000-a697-44ed-90da-4bc3e5a86ae8
2023-07-26 19:34:23,848 [main] DEBUG balancer.ContainerBalancerTask (ContainerBalancerTask.java:lambda$moveContainer$3(837)) - Container move completed for container #83 from source 42081aed-57f6-43aa-a341-fdfa04138088 to target 2d1bb000-a697-44ed-90da-4bc3e5a86ae8
2023-07-26 19:34:23,851 [main] DEBUG balancer.ContainerBalancerTask (ContainerBalancerTask.java:matchSourceWithTarget(708)) - ContainerBalancer is finding suitable target for source datanode 42081aed-57f6-43aa-a341-fdfa04138088
2023-07-26 19:34:23,851 [main] INFO  balancer.ContainerBalancerTask (ContainerBalancerTask.java:matchSourceWithTarget(722)) - ContainerBalancer matched source datanode 42081aed-57f6-43aa-a341-fdfa04138088 with target datanode 2d1bb000-a697-44ed-90da-4bc3e5a86ae8 for container move.
2023-07-26 19:34:23,852 [main] INFO  balancer.ContainerBalancerTask (ContainerBalancerTask.java:processMoveSelection(569)) - ContainerBalancer is trying to move container #86 with size 1073741824B from source datanode 42081aed-57f6-43aa-a341-fdfa04138088 to target datanode 2d1bb000-a697-44ed-90da-4bc3e5a86ae8
2023-07-26 19:34:23,852 [main] DEBUG balancer.ContainerBalancerTask (ContainerBalancerTask.java:lambda$moveContainer$3(837)) - Container move completed for container #86 from source 42081aed-57f6-43aa-a341-fdfa04138088 to target 2d1bb000-a697-44ed-90da-4bc3e5a86ae8
2023-07-26 19:34:23,855 [main] DEBUG balancer.ContainerBalancerTask (ContainerBalancerTask.java:matchSourceWithTarget(708)) - ContainerBalancer is finding suitable target for source datanode 42081aed-57f6-43aa-a341-fdfa04138088
2023-07-26 19:34:23,856 [main] INFO  balancer.FindTargetGreedyByUsageInfo (AbstractFindTargetGreedy.java:findTargetForContainerMove(133)) - Container Balancer could not find a target for source datanode 42081aed-57f6-43aa-a341-fdfa04138088
2023-07-26 19:34:23,856 [main] DEBUG balancer.ContainerBalancerTask (ContainerBalancerTask.java:matchSourceWithTarget(717)) - ContainerBalancer could not find a suitable target for source node 42081aed-57f6-43aa-a341-fdfa04138088.
2023-07-26 19:34:23,856 [main] INFO  balancer.FindSourceGreedy (FindSourceGreedy.java:getNextCandidateSourceDataNode(126)) - no more candidate source data node
2023-07-26 19:34:23,856 [main] INFO  balancer.ContainerBalancerTask (ContainerBalancerTask.java:checkIterationMoveResults(642)) - Iteration Summary. Number of Datanodes involved: 2. Size moved: 20 GB (21474836480 Bytes). Number of Container moves completed: 6.
2023-07-26 19:34:23,856 [main] INFO  balancer.ContainerBalancerTask (ContainerBalancerTask.java:balance(259)) - Result of this iteration of Container Balancer: ITERATION_COMPLETED
2023-07-26 19:34:23,858 [main] DEBUG balancer.ContainerBalancerTask (ContainerBalancerTask.java:initializeIteration(374)) - Average utilization of the cluster is 0.3404923016577234
2023-07-26 19:34:23,858 [main] DEBUG balancer.ContainerBalancerTask (ContainerBalancerTask.java:initializeIteration(386)) - Lower limit for utilization is 0.24049230165772337 and Upper limit for utilization is 0.44049230165772335
2023-07-26 19:34:23,858 [main] DEBUG balancer.ContainerBalancerTask (ContainerBalancerTask.java:initializeIteration(398)) - Utilization for node 42081aed-57f6-43aa-a341-fdfa04138088 with capacity 53687091200B, used 48318382080B, and remaining 5368709120B is 0.9
2023-07-26 19:34:23,859 [main] DEBUG balancer.ContainerBalancerTask (ContainerBalancerTask.java:initializeIteration(398)) - Utilization for node db5bd602-774c-4608-a6bd-0bd6e605c51d with capacity 55029268480B, used 44023414784B, and remaining 11005853696B is 0.8
2023-07-26 19:34:23,859 [main] DEBUG balancer.ContainerBalancerTask (ContainerBalancerTask.java:initializeIteration(398)) - Utilization for node c3c2e575-b6ba-47dc-88ac-17b0c40919f6 with capacity 90501096594B, used 63350767616B, and remaining 27150328978B is 0.70000000000221
2023-07-26 19:34:23,859 [main] DEBUG balancer.ContainerBalancerTask (ContainerBalancerTask.java:initializeIteration(398)) - Utilization for node 1eadc89e-b679-43d2-9233-b79351de3c6a with capacity 93057624746B, used 55834574848B, and remaining 37223049898B is 0.6000000000042984
2023-07-26 19:34:23,859 [main] DEBUG balancer.ContainerBalancerTask (ContainerBalancerTask.java:initializeIteration(398)) - Utilization for node 24044786-6e2d-443b-bae2-102d4aa44812 with capacity 81604378624B, used 40802189312B, and remaining 40802189312B is 0.5
2023-07-26 19:34:23,859 [main] DEBUG balancer.ContainerBalancerTask (ContainerBalancerTask.java:initializeIteration(398)) - Utilization for node a77f3690-0448-477b-8e80-f1a12093f08a with capacity 91268055040B, used 36507222016B, and remaining 54760833024B is 0.4
2023-07-26 19:34:23,859 [main] DEBUG balancer.ContainerBalancerTask (ContainerBalancerTask.java:initializeIteration(398)) - Utilization for node cc5abde4-3162-4264-9ff1-f9b7eb586d06 with capacity 121690740053B, used 36507222016B, and remaining 85183518037B is 0.3000000000008218
2023-07-26 19:34:23,859 [main] DEBUG balancer.ContainerBalancerTask (ContainerBalancerTask.java:initializeIteration(398)) - Utilization for node 84b48b4c-c973-4561-aadd-a1f4df6a3bc1 with capacity 204010946560B, used 40802189312B, and remaining 163208757248B is 0.2
2023-07-26 19:34:23,859 [main] DEBUG balancer.ContainerBalancerTask (ContainerBalancerTask.java:initializeIteration(398)) - Utilization for node e8b1e738-d496-48ff-baeb-9e15abfb115f with capacity 332859965440B, used 33285996544B, and remaining 299573968896B is 0.1
2023-07-26 19:34:23,859 [main] DEBUG balancer.ContainerBalancerTask (ContainerBalancerTask.java:initializeIteration(398)) - Utilization for node 2d1bb000-a697-44ed-90da-4bc3e5a86ae8 with capacity 49392123904B, used 0B, and remaining 49392123904B is 0.0
2023-07-26 19:34:23,859 [main] INFO  balancer.ContainerBalancerTask (ContainerBalancerTask.java:initializeIteration(447)) - Container Balancer has identified 5 Over-Utilized and 3 Under-Utilized Datanodes that need to be balanced.
2023-07-26 19:34:23,860 [main] DEBUG balancer.ContainerBalancerTask (ContainerBalancerTask.java:lambda$initializeIteration$1(453)) - Datanode localhost-57.101.104.20 42081aed-57f6-43aa-a341-fdfa04138088 is Over-Utilized.
2023-07-26 19:34:23,860 [main] DEBUG balancer.ContainerBalancerTask (ContainerBalancerTask.java:lambda$initializeIteration$1(453)) - Datanode localhost-209.111.200.227 db5bd602-774c-4608-a6bd-0bd6e605c51d is Over-Utilized.
2023-07-26 19:34:23,860 [main] DEBUG balancer.ContainerBalancerTask (ContainerBalancerTask.java:lambda$initializeIteration$1(453)) - Datanode localhost-194.73.187.104 c3c2e575-b6ba-47dc-88ac-17b0c40919f6 is Over-Utilized.
2023-07-26 19:34:23,860 [main] DEBUG balancer.ContainerBalancerTask (ContainerBalancerTask.java:lambda$initializeIteration$1(453)) - Datanode localhost-239.70.72.180 1eadc89e-b679-43d2-9233-b79351de3c6a is Over-Utilized.
2023-07-26 19:34:23,860 [main] DEBUG balancer.ContainerBalancerTask (ContainerBalancerTask.java:lambda$initializeIteration$1(453)) - Datanode localhost-117.82.82.213 24044786-6e2d-443b-bae2-102d4aa44812 is Over-Utilized.
2023-07-26 19:34:23,860 [main] DEBUG balancer.ContainerBalancerTask (ContainerBalancerTask.java:lambda$initializeIteration$2(459)) - Datanode localhost-215.147.145.207 2d1bb000-a697-44ed-90da-4bc3e5a86ae8 is Under-Utilized.
2023-07-26 19:34:23,860 [main] DEBUG balancer.ContainerBalancerTask (ContainerBalancerTask.java:lambda$initializeIteration$2(459)) - Datanode localhost-35.88.78.193 e8b1e738-d496-48ff-baeb-9e15abfb115f is Under-Utilized.
2023-07-26 19:34:23,860 [main] DEBUG balancer.ContainerBalancerTask (ContainerBalancerTask.java:lambda$initializeIteration$2(459)) - Datanode localhost-107.207.158.172 84b48b4c-c973-4561-aadd-a1f4df6a3bc1 is Under-Utilized.
2023-07-26 19:34:23,863 [main] DEBUG balancer.ContainerBalancerTask (ContainerBalancerTask.java:matchSourceWithTarget(708)) - ContainerBalancer is finding suitable target for source datanode 42081aed-57f6-43aa-a341-fdfa04138088
2023-07-26 19:34:23,863 [main] INFO  balancer.ContainerBalancerTask (ContainerBalancerTask.java:matchSourceWithTarget(722)) - ContainerBalancer matched source datanode 42081aed-57f6-43aa-a341-fdfa04138088 with target datanode 2d1bb000-a697-44ed-90da-4bc3e5a86ae8 for container move.
2023-07-26 19:34:23,864 [main] INFO  balancer.ContainerBalancerTask (ContainerBalancerTask.java:processMoveSelection(569)) - ContainerBalancer is trying to move container #85 with size 5368709120B from source datanode 42081aed-57f6-43aa-a341-fdfa04138088 to target datanode 2d1bb000-a697-44ed-90da-4bc3e5a86ae8
2023-07-26 19:34:23,864 [main] DEBUG balancer.ContainerBalancerTask (ContainerBalancerTask.java:lambda$moveContainer$3(837)) - Container move completed for container #85 from source 42081aed-57f6-43aa-a341-fdfa04138088 to target 2d1bb000-a697-44ed-90da-4bc3e5a86ae8
2023-07-26 19:34:23,864 [main] DEBUG balancer.ContainerBalancerTask (ContainerBalancerTask.java:adaptOnReachingIterationLimits(782)) - Reached max datanodes to involve limit. 2 datanodes have already been selected for balancing and the limit is 2. Only already selected sources and targets can be involved in balancing now.
2023-07-26 19:34:23,867 [main] DEBUG balancer.ContainerBalancerTask (ContainerBalancerTask.java:matchSourceWithTarget(708)) - ContainerBalancer is finding suitable target for source datanode 42081aed-57f6-43aa-a341-fdfa04138088
2023-07-26 19:34:23,867 [main] INFO  balancer.ContainerBalancerTask (ContainerBalancerTask.java:matchSourceWithTarget(722)) - ContainerBalancer matched source datanode 42081aed-57f6-43aa-a341-fdfa04138088 with target datanode 2d1bb000-a697-44ed-90da-4bc3e5a86ae8 for container move.
2023-07-26 19:34:23,868 [main] INFO  balancer.ContainerBalancerTask (ContainerBalancerTask.java:processMoveSelection(569)) - ContainerBalancer is trying to move container #89 with size 4294967296B from source datanode 42081aed-57f6-43aa-a341-fdfa04138088 to target datanode 2d1bb000-a697-44ed-90da-4bc3e5a86ae8
2023-07-26 19:34:23,868 [main] DEBUG balancer.ContainerBalancerTask (ContainerBalancerTask.java:lambda$moveContainer$3(837)) - Container move completed for container #89 from source 42081aed-57f6-43aa-a341-fdfa04138088 to target 2d1bb000-a697-44ed-90da-4bc3e5a86ae8
2023-07-26 19:34:23,871 [main] DEBUG balancer.ContainerBalancerTask (ContainerBalancerTask.java:matchSourceWithTarget(708)) - ContainerBalancer is finding suitable target for source datanode 42081aed-57f6-43aa-a341-fdfa04138088
2023-07-26 19:34:23,871 [main] INFO  balancer.ContainerBalancerTask (ContainerBalancerTask.java:matchSourceWithTarget(722)) - ContainerBalancer matched source datanode 42081aed-57f6-43aa-a341-fdfa04138088 with target datanode 2d1bb000-a697-44ed-90da-4bc3e5a86ae8 for container move.
2023-07-26 19:34:23,871 [main] INFO  balancer.ContainerBalancerTask (ContainerBalancerTask.java:processMoveSelection(569)) - ContainerBalancer is trying to move container #84 with size 4294967296B from source datanode 42081aed-57f6-43aa-a341-fdfa04138088 to target datanode 2d1bb000-a697-44ed-90da-4bc3e5a86ae8
2023-07-26 19:34:23,871 [main] DEBUG balancer.ContainerBalancerTask (ContainerBalancerTask.java:lambda$moveContainer$3(837)) - Container move completed for container #84 from source 42081aed-57f6-43aa-a341-fdfa04138088 to target 2d1bb000-a697-44ed-90da-4bc3e5a86ae8
2023-07-26 19:34:23,875 [main] DEBUG balancer.ContainerBalancerTask (ContainerBalancerTask.java:matchSourceWithTarget(708)) - ContainerBalancer is finding suitable target for source datanode 42081aed-57f6-43aa-a341-fdfa04138088
2023-07-26 19:34:23,875 [main] INFO  balancer.ContainerBalancerTask (ContainerBalancerTask.java:matchSourceWithTarget(722)) - ContainerBalancer matched source datanode 42081aed-57f6-43aa-a341-fdfa04138088 with target datanode 2d1bb000-a697-44ed-90da-4bc3e5a86ae8 for container move.
2023-07-26 19:34:23,875 [main] INFO  balancer.ContainerBalancerTask (ContainerBalancerTask.java:processMoveSelection(569)) - ContainerBalancer is trying to move container #88 with size 3221225472B from source datanode 42081aed-57f6-43aa-a341-fdfa04138088 to target datanode 2d1bb000-a697-44ed-90da-4bc3e5a86ae8
2023-07-26 19:34:23,875 [main] DEBUG balancer.ContainerBalancerTask (ContainerBalancerTask.java:lambda$moveContainer$3(837)) - Container move completed for container #88 from source 42081aed-57f6-43aa-a341-fdfa04138088 to target 2d1bb000-a697-44ed-90da-4bc3e5a86ae8
2023-07-26 19:34:23,878 [main] DEBUG balancer.ContainerBalancerTask (ContainerBalancerTask.java:matchSourceWithTarget(708)) - ContainerBalancer is finding suitable target for source datanode 42081aed-57f6-43aa-a341-fdfa04138088
2023-07-26 19:34:23,878 [main] INFO  balancer.ContainerBalancerTask (ContainerBalancerTask.java:matchSourceWithTarget(722)) - ContainerBalancer matched source datanode 42081aed-57f6-43aa-a341-fdfa04138088 with target datanode 2d1bb000-a697-44ed-90da-4bc3e5a86ae8 for container move.
2023-07-26 19:34:23,879 [main] INFO  balancer.ContainerBalancerTask (ContainerBalancerTask.java:processMoveSelection(569)) - ContainerBalancer is trying to move container #83 with size 3221225472B from source datanode 42081aed-57f6-43aa-a341-fdfa04138088 to target datanode 2d1bb000-a697-44ed-90da-4bc3e5a86ae8
2023-07-26 19:34:23,879 [main] DEBUG balancer.ContainerBalancerTask (ContainerBalancerTask.java:lambda$moveContainer$3(837)) - Container move completed for container #83 from source 42081aed-57f6-43aa-a341-fdfa04138088 to target 2d1bb000-a697-44ed-90da-4bc3e5a86ae8
2023-07-26 19:34:23,882 [main] DEBUG balancer.ContainerBalancerTask (ContainerBalancerTask.java:matchSourceWithTarget(708)) - ContainerBalancer is finding suitable target for source datanode 42081aed-57f6-43aa-a341-fdfa04138088
2023-07-26 19:34:23,882 [main] INFO  balancer.ContainerBalancerTask (ContainerBalancerTask.java:matchSourceWithTarget(722)) - ContainerBalancer matched source datanode 42081aed-57f6-43aa-a341-fdfa04138088 with target datanode 2d1bb000-a697-44ed-90da-4bc3e5a86ae8 for container move.
2023-07-26 19:34:23,883 [main] INFO  balancer.ContainerBalancerTask (ContainerBalancerTask.java:processMoveSelection(569)) - ContainerBalancer is trying to move container #86 with size 1073741824B from source datanode 42081aed-57f6-43aa-a341-fdfa04138088 to target datanode 2d1bb000-a697-44ed-90da-4bc3e5a86ae8
2023-07-26 19:34:23,883 [main] DEBUG balancer.ContainerBalancerTask (ContainerBalancerTask.java:lambda$moveContainer$3(837)) - Container move completed for container #86 from source 42081aed-57f6-43aa-a341-fdfa04138088 to target 2d1bb000-a697-44ed-90da-4bc3e5a86ae8
2023-07-26 19:34:23,886 [main] DEBUG balancer.ContainerBalancerTask (ContainerBalancerTask.java:matchSourceWithTarget(708)) - ContainerBalancer is finding suitable target for source datanode 42081aed-57f6-43aa-a341-fdfa04138088
2023-07-26 19:34:23,887 [main] INFO  balancer.FindTargetGreedyByUsageInfo (AbstractFindTargetGreedy.java:findTargetForContainerMove(133)) - Container Balancer could not find a target for source datanode 42081aed-57f6-43aa-a341-fdfa04138088
2023-07-26 19:34:23,887 [main] DEBUG balancer.ContainerBalancerTask (ContainerBalancerTask.java:matchSourceWithTarget(717)) - ContainerBalancer could not find a suitable target for source node 42081aed-57f6-43aa-a341-fdfa04138088.
2023-07-26 19:34:23,887 [main] INFO  balancer.FindSourceGreedy (FindSourceGreedy.java:getNextCandidateSourceDataNode(126)) - no more candidate source data node
2023-07-26 19:34:23,887 [main] INFO  balancer.ContainerBalancerTask (ContainerBalancerTask.java:checkIterationMoveResults(642)) - Iteration Summary. Number of Datanodes involved: 2. Size moved: 20 GB (21474836480 Bytes). Number of Container moves completed: 6.
2023-07-26 19:34:23,887 [main] INFO  balancer.ContainerBalancerTask (ContainerBalancerTask.java:balance(259)) - Result of this iteration of Container Balancer: ITERATION_COMPLETED
2023-07-26 19:34:23,889 [main] DEBUG balancer.ContainerBalancerTask (ContainerBalancerTask.java:initializeIteration(374)) - Average utilization of the cluster is 0.3404923016577234
2023-07-26 19:34:23,890 [main] DEBUG balancer.ContainerBalancerTask (ContainerBalancerTask.java:initializeIteration(386)) - Lower limit for utilization is 0.24049230165772337 and Upper limit for utilization is 0.44049230165772335
2023-07-26 19:34:23,890 [main] DEBUG balancer.ContainerBalancerTask (ContainerBalancerTask.java:initializeIteration(398)) - Utilization for node 42081aed-57f6-43aa-a341-fdfa04138088 with capacity 53687091200B, used 48318382080B, and remaining 5368709120B is 0.9
2023-07-26 19:34:23,890 [main] DEBUG balancer.ContainerBalancerTask (ContainerBalancerTask.java:initializeIteration(398)) - Utilization for node db5bd602-774c-4608-a6bd-0bd6e605c51d with capacity 55029268480B, used 44023414784B, and remaining 11005853696B is 0.8
2023-07-26 19:34:23,890 [main] DEBUG balancer.ContainerBalancerTask (ContainerBalancerTask.java:initializeIteration(398)) - Utilization for node c3c2e575-b6ba-47dc-88ac-17b0c40919f6 with capacity 90501096594B, used 63350767616B, and remaining 27150328978B is 0.70000000000221
2023-07-26 19:34:23,890 [main] DEBUG balancer.ContainerBalancerTask (ContainerBalancerTask.java:initializeIteration(398)) - Utilization for node 1eadc89e-b679-43d2-9233-b79351de3c6a with capacity 93057624746B, used 55834574848B, and remaining 37223049898B is 0.6000000000042984
2023-07-26 19:34:23,890 [main] DEBUG balancer.ContainerBalancerTask (ContainerBalancerTask.java:initializeIteration(398)) - Utilization for node 24044786-6e2d-443b-bae2-102d4aa44812 with capacity 81604378624B, used 40802189312B, and remaining 40802189312B is 0.5
2023-07-26 19:34:23,890 [main] DEBUG balancer.ContainerBalancerTask (ContainerBalancerTask.java:initializeIteration(398)) - Utilization for node a77f3690-0448-477b-8e80-f1a12093f08a with capacity 91268055040B, used 36507222016B, and remaining 54760833024B is 0.4
2023-07-26 19:34:23,890 [main] DEBUG balancer.ContainerBalancerTask (ContainerBalancerTask.java:initializeIteration(398)) - Utilization for node cc5abde4-3162-4264-9ff1-f9b7eb586d06 with capacity 121690740053B, used 36507222016B, and remaining 85183518037B is 0.3000000000008218
2023-07-26 19:34:23,891 [main] DEBUG balancer.ContainerBalancerTask (ContainerBalancerTask.java:initializeIteration(398)) - Utilization for node 84b48b4c-c973-4561-aadd-a1f4df6a3bc1 with capacity 204010946560B, used 40802189312B, and remaining 163208757248B is 0.2
2023-07-26 19:34:23,891 [main] DEBUG balancer.ContainerBalancerTask (ContainerBalancerTask.java:initializeIteration(398)) - Utilization for node e8b1e738-d496-48ff-baeb-9e15abfb115f with capacity 332859965440B, used 33285996544B, and remaining 299573968896B is 0.1
2023-07-26 19:34:23,891 [main] DEBUG balancer.ContainerBalancerTask (ContainerBalancerTask.java:initializeIteration(398)) - Utilization for node 2d1bb000-a697-44ed-90da-4bc3e5a86ae8 with capacity 49392123904B, used 0B, and remaining 49392123904B is 0.0
2023-07-26 19:34:23,891 [main] INFO  balancer.ContainerBalancerTask (ContainerBalancerTask.java:initializeIteration(447)) - Container Balancer has identified 5 Over-Utilized and 3 Under-Utilized Datanodes that need to be balanced.
2023-07-26 19:34:23,891 [main] DEBUG balancer.ContainerBalancerTask (ContainerBalancerTask.java:lambda$initializeIteration$1(453)) - Datanode localhost-57.101.104.20 42081aed-57f6-43aa-a341-fdfa04138088 is Over-Utilized.
2023-07-26 19:34:23,891 [main] DEBUG balancer.ContainerBalancerTask (ContainerBalancerTask.java:lambda$initializeIteration$1(453)) - Datanode localhost-209.111.200.227 db5bd602-774c-4608-a6bd-0bd6e605c51d is Over-Utilized.
2023-07-26 19:34:23,891 [main] DEBUG balancer.ContainerBalancerTask (ContainerBalancerTask.java:lambda$initializeIteration$1(453)) - Datanode localhost-194.73.187.104 c3c2e575-b6ba-47dc-88ac-17b0c40919f6 is Over-Utilized.
2023-07-26 19:34:23,891 [main] DEBUG balancer.ContainerBalancerTask (ContainerBalancerTask.java:lambda$initializeIteration$1(453)) - Datanode localhost-239.70.72.180 1eadc89e-b679-43d2-9233-b79351de3c6a is Over-Utilized.
2023-07-26 19:34:23,891 [main] DEBUG balancer.ContainerBalancerTask (ContainerBalancerTask.java:lambda$initializeIteration$1(453)) - Datanode localhost-117.82.82.213 24044786-6e2d-443b-bae2-102d4aa44812 is Over-Utilized.
2023-07-26 19:34:23,891 [main] DEBUG balancer.ContainerBalancerTask (ContainerBalancerTask.java:lambda$initializeIteration$2(459)) - Datanode localhost-215.147.145.207 2d1bb000-a697-44ed-90da-4bc3e5a86ae8 is Under-Utilized.
2023-07-26 19:34:23,892 [main] DEBUG balancer.ContainerBalancerTask (ContainerBalancerTask.java:lambda$initializeIteration$2(459)) - Datanode localhost-35.88.78.193 e8b1e738-d496-48ff-baeb-9e15abfb115f is Under-Utilized.
2023-07-26 19:34:23,892 [main] DEBUG balancer.ContainerBalancerTask (ContainerBalancerTask.java:lambda$initializeIteration$2(459)) - Datanode localhost-107.207.158.172 84b48b4c-c973-4561-aadd-a1f4df6a3bc1 is Under-Utilized.
2023-07-26 19:34:23,895 [main] DEBUG balancer.ContainerBalancerTask (ContainerBalancerTask.java:matchSourceWithTarget(708)) - ContainerBalancer is finding suitable target for source datanode 42081aed-57f6-43aa-a341-fdfa04138088
2023-07-26 19:34:23,895 [main] INFO  balancer.ContainerBalancerTask (ContainerBalancerTask.java:matchSourceWithTarget(722)) - ContainerBalancer matched source datanode 42081aed-57f6-43aa-a341-fdfa04138088 with target datanode 2d1bb000-a697-44ed-90da-4bc3e5a86ae8 for container move.
2023-07-26 19:34:23,895 [main] INFO  balancer.ContainerBalancerTask (ContainerBalancerTask.java:processMoveSelection(569)) - ContainerBalancer is trying to move container #85 with size 5368709120B from source datanode 42081aed-57f6-43aa-a341-fdfa04138088 to target datanode 2d1bb000-a697-44ed-90da-4bc3e5a86ae8
2023-07-26 19:34:23,895 [main] DEBUG balancer.ContainerBalancerTask (ContainerBalancerTask.java:lambda$moveContainer$3(837)) - Container move completed for container #85 from source 42081aed-57f6-43aa-a341-fdfa04138088 to target 2d1bb000-a697-44ed-90da-4bc3e5a86ae8
2023-07-26 19:34:23,895 [main] DEBUG balancer.ContainerBalancerTask (ContainerBalancerTask.java:adaptOnReachingIterationLimits(782)) - Reached max datanodes to involve limit. 2 datanodes have already been selected for balancing and the limit is 2. Only already selected sources and targets can be involved in balancing now.
2023-07-26 19:34:23,898 [main] DEBUG balancer.ContainerBalancerTask (ContainerBalancerTask.java:matchSourceWithTarget(708)) - ContainerBalancer is finding suitable target for source datanode 42081aed-57f6-43aa-a341-fdfa04138088
2023-07-26 19:34:23,898 [main] INFO  balancer.ContainerBalancerTask (ContainerBalancerTask.java:matchSourceWithTarget(722)) - ContainerBalancer matched source datanode 42081aed-57f6-43aa-a341-fdfa04138088 with target datanode 2d1bb000-a697-44ed-90da-4bc3e5a86ae8 for container move.
2023-07-26 19:34:23,899 [main] INFO  balancer.ContainerBalancerTask (ContainerBalancerTask.java:processMoveSelection(569)) - ContainerBalancer is trying to move container #89 with size 4294967296B from source datanode 42081aed-57f6-43aa-a341-fdfa04138088 to target datanode 2d1bb000-a697-44ed-90da-4bc3e5a86ae8
2023-07-26 19:34:23,899 [main] DEBUG balancer.ContainerBalancerTask (ContainerBalancerTask.java:lambda$moveContainer$3(837)) - Container move completed for container #89 from source 42081aed-57f6-43aa-a341-fdfa04138088 to target 2d1bb000-a697-44ed-90da-4bc3e5a86ae8
2023-07-26 19:34:23,902 [main] DEBUG balancer.ContainerBalancerTask (ContainerBalancerTask.java:matchSourceWithTarget(708)) - ContainerBalancer is finding suitable target for source datanode 42081aed-57f6-43aa-a341-fdfa04138088
2023-07-26 19:34:23,902 [main] INFO  balancer.ContainerBalancerTask (ContainerBalancerTask.java:matchSourceWithTarget(722)) - ContainerBalancer matched source datanode 42081aed-57f6-43aa-a341-fdfa04138088 with target datanode 2d1bb000-a697-44ed-90da-4bc3e5a86ae8 for container move.
2023-07-26 19:34:23,902 [main] INFO  balancer.ContainerBalancerTask (ContainerBalancerTask.java:processMoveSelection(569)) - ContainerBalancer is trying to move container #84 with size 4294967296B from source datanode 42081aed-57f6-43aa-a341-fdfa04138088 to target datanode 2d1bb000-a697-44ed-90da-4bc3e5a86ae8
2023-07-26 19:34:23,902 [main] DEBUG balancer.ContainerBalancerTask (ContainerBalancerTask.java:lambda$moveContainer$3(837)) - Container move completed for container #84 from source 42081aed-57f6-43aa-a341-fdfa04138088 to target 2d1bb000-a697-44ed-90da-4bc3e5a86ae8
2023-07-26 19:34:23,905 [main] DEBUG balancer.ContainerBalancerTask (ContainerBalancerTask.java:matchSourceWithTarget(708)) - ContainerBalancer is finding suitable target for source datanode 42081aed-57f6-43aa-a341-fdfa04138088
2023-07-26 19:34:23,906 [main] INFO  balancer.ContainerBalancerTask (ContainerBalancerTask.java:matchSourceWithTarget(722)) - ContainerBalancer matched source datanode 42081aed-57f6-43aa-a341-fdfa04138088 with target datanode 2d1bb000-a697-44ed-90da-4bc3e5a86ae8 for container move.
2023-07-26 19:34:23,906 [main] INFO  balancer.ContainerBalancerTask (ContainerBalancerTask.java:processMoveSelection(569)) - ContainerBalancer is trying to move container #88 with size 3221225472B from source datanode 42081aed-57f6-43aa-a341-fdfa04138088 to target datanode 2d1bb000-a697-44ed-90da-4bc3e5a86ae8
2023-07-26 19:34:23,906 [main] DEBUG balancer.ContainerBalancerTask (ContainerBalancerTask.java:lambda$moveContainer$3(837)) - Container move completed for container #88 from source 42081aed-57f6-43aa-a341-fdfa04138088 to target 2d1bb000-a697-44ed-90da-4bc3e5a86ae8
2023-07-26 19:34:23,909 [main] DEBUG balancer.ContainerBalancerTask (ContainerBalancerTask.java:matchSourceWithTarget(708)) - ContainerBalancer is finding suitable target for source datanode 42081aed-57f6-43aa-a341-fdfa04138088
2023-07-26 19:34:23,909 [main] INFO  balancer.ContainerBalancerTask (ContainerBalancerTask.java:matchSourceWithTarget(722)) - ContainerBalancer matched source datanode 42081aed-57f6-43aa-a341-fdfa04138088 with target datanode 2d1bb000-a697-44ed-90da-4bc3e5a86ae8 for container move.
2023-07-26 19:34:23,909 [main] INFO  balancer.ContainerBalancerTask (ContainerBalancerTask.java:processMoveSelection(569)) - ContainerBalancer is trying to move container #83 with size 3221225472B from source datanode 42081aed-57f6-43aa-a341-fdfa04138088 to target datanode 2d1bb000-a697-44ed-90da-4bc3e5a86ae8
2023-07-26 19:34:23,910 [main] DEBUG balancer.ContainerBalancerTask (ContainerBalancerTask.java:lambda$moveContainer$3(837)) - Container move completed for container #83 from source 42081aed-57f6-43aa-a341-fdfa04138088 to target 2d1bb000-a697-44ed-90da-4bc3e5a86ae8
2023-07-26 19:34:23,913 [main] DEBUG balancer.ContainerBalancerTask (ContainerBalancerTask.java:matchSourceWithTarget(708)) - ContainerBalancer is finding suitable target for source datanode 42081aed-57f6-43aa-a341-fdfa04138088
2023-07-26 19:34:23,913 [main] INFO  balancer.ContainerBalancerTask (ContainerBalancerTask.java:matchSourceWithTarget(722)) - ContainerBalancer matched source datanode 42081aed-57f6-43aa-a341-fdfa04138088 with target datanode 2d1bb000-a697-44ed-90da-4bc3e5a86ae8 for container move.
2023-07-26 19:34:23,913 [main] INFO  balancer.ContainerBalancerTask (ContainerBalancerTask.java:processMoveSelection(569)) - ContainerBalancer is trying to move container #86 with size 1073741824B from source datanode 42081aed-57f6-43aa-a341-fdfa04138088 to target datanode 2d1bb000-a697-44ed-90da-4bc3e5a86ae8
2023-07-26 19:34:23,914 [main] DEBUG balancer.ContainerBalancerTask (ContainerBalancerTask.java:lambda$moveContainer$3(837)) - Container move completed for container #86 from source 42081aed-57f6-43aa-a341-fdfa04138088 to target 2d1bb000-a697-44ed-90da-4bc3e5a86ae8
2023-07-26 19:34:23,917 [main] DEBUG balancer.ContainerBalancerTask (ContainerBalancerTask.java:matchSourceWithTarget(708)) - ContainerBalancer is finding suitable target for source datanode 42081aed-57f6-43aa-a341-fdfa04138088
2023-07-26 19:34:23,918 [main] INFO  balancer.FindTargetGreedyByUsageInfo (AbstractFindTargetGreedy.java:findTargetForContainerMove(133)) - Container Balancer could not find a target for source datanode 42081aed-57f6-43aa-a341-fdfa04138088
2023-07-26 19:34:23,918 [main] DEBUG balancer.ContainerBalancerTask (ContainerBalancerTask.java:matchSourceWithTarget(717)) - ContainerBalancer could not find a suitable target for source node 42081aed-57f6-43aa-a341-fdfa04138088.
2023-07-26 19:34:23,918 [main] INFO  balancer.FindSourceGreedy (FindSourceGreedy.java:getNextCandidateSourceDataNode(126)) - no more candidate source data node
2023-07-26 19:34:23,918 [main] INFO  balancer.ContainerBalancerTask (ContainerBalancerTask.java:checkIterationMoveResults(642)) - Iteration Summary. Number of Datanodes involved: 2. Size moved: 20 GB (21474836480 Bytes). Number of Container moves completed: 6.
2023-07-26 19:34:23,918 [main] INFO  balancer.ContainerBalancerTask (ContainerBalancerTask.java:balance(259)) - Result of this iteration of Container Balancer: ITERATION_COMPLETED
2023-07-26 19:34:23,920 [main] DEBUG balancer.ContainerBalancerTask (ContainerBalancerTask.java:initializeIteration(374)) - Average utilization of the cluster is 0.3404923016577234
2023-07-26 19:34:23,920 [main] DEBUG balancer.ContainerBalancerTask (ContainerBalancerTask.java:initializeIteration(386)) - Lower limit for utilization is 0.24049230165772337 and Upper limit for utilization is 0.44049230165772335
2023-07-26 19:34:23,920 [main] DEBUG balancer.ContainerBalancerTask (ContainerBalancerTask.java:initializeIteration(398)) - Utilization for node 42081aed-57f6-43aa-a341-fdfa04138088 with capacity 53687091200B, used 48318382080B, and remaining 5368709120B is 0.9
2023-07-26 19:34:23,920 [main] DEBUG balancer.ContainerBalancerTask (ContainerBalancerTask.java:initializeIteration(398)) - Utilization for node db5bd602-774c-4608-a6bd-0bd6e605c51d with capacity 55029268480B, used 44023414784B, and remaining 11005853696B is 0.8
2023-07-26 19:34:23,920 [main] DEBUG balancer.ContainerBalancerTask (ContainerBalancerTask.java:initializeIteration(398)) - Utilization for node c3c2e575-b6ba-47dc-88ac-17b0c40919f6 with capacity 90501096594B, used 63350767616B, and remaining 27150328978B is 0.70000000000221
2023-07-26 19:34:23,921 [main] DEBUG balancer.ContainerBalancerTask (ContainerBalancerTask.java:initializeIteration(398)) - Utilization for node 1eadc89e-b679-43d2-9233-b79351de3c6a with capacity 93057624746B, used 55834574848B, and remaining 37223049898B is 0.6000000000042984
2023-07-26 19:34:23,921 [main] DEBUG balancer.ContainerBalancerTask (ContainerBalancerTask.java:initializeIteration(398)) - Utilization for node 24044786-6e2d-443b-bae2-102d4aa44812 with capacity 81604378624B, used 40802189312B, and remaining 40802189312B is 0.5
2023-07-26 19:34:23,921 [main] DEBUG balancer.ContainerBalancerTask (ContainerBalancerTask.java:initializeIteration(398)) - Utilization for node a77f3690-0448-477b-8e80-f1a12093f08a with capacity 91268055040B, used 36507222016B, and remaining 54760833024B is 0.4
2023-07-26 19:34:23,921 [main] DEBUG balancer.ContainerBalancerTask (ContainerBalancerTask.java:initializeIteration(398)) - Utilization for node cc5abde4-3162-4264-9ff1-f9b7eb586d06 with capacity 121690740053B, used 36507222016B, and remaining 85183518037B is 0.3000000000008218
2023-07-26 19:34:23,921 [main] DEBUG balancer.ContainerBalancerTask (ContainerBalancerTask.java:initializeIteration(398)) - Utilization for node 84b48b4c-c973-4561-aadd-a1f4df6a3bc1 with capacity 204010946560B, used 40802189312B, and remaining 163208757248B is 0.2
2023-07-26 19:34:23,921 [main] DEBUG balancer.ContainerBalancerTask (ContainerBalancerTask.java:initializeIteration(398)) - Utilization for node e8b1e738-d496-48ff-baeb-9e15abfb115f with capacity 332859965440B, used 33285996544B, and remaining 299573968896B is 0.1
2023-07-26 19:34:23,921 [main] DEBUG balancer.ContainerBalancerTask (ContainerBalancerTask.java:initializeIteration(398)) - Utilization for node 2d1bb000-a697-44ed-90da-4bc3e5a86ae8 with capacity 49392123904B, used 0B, and remaining 49392123904B is 0.0
2023-07-26 19:34:23,921 [main] INFO  balancer.ContainerBalancerTask (ContainerBalancerTask.java:initializeIteration(447)) - Container Balancer has identified 5 Over-Utilized and 3 Under-Utilized Datanodes that need to be balanced.
2023-07-26 19:34:23,921 [main] DEBUG balancer.ContainerBalancerTask (ContainerBalancerTask.java:lambda$initializeIteration$1(453)) - Datanode localhost-57.101.104.20 42081aed-57f6-43aa-a341-fdfa04138088 is Over-Utilized.
2023-07-26 19:34:23,921 [main] DEBUG balancer.ContainerBalancerTask (ContainerBalancerTask.java:lambda$initializeIteration$1(453)) - Datanode localhost-209.111.200.227 db5bd602-774c-4608-a6bd-0bd6e605c51d is Over-Utilized.
2023-07-26 19:34:23,921 [main] DEBUG balancer.ContainerBalancerTask (ContainerBalancerTask.java:lambda$initializeIteration$1(453)) - Datanode localhost-194.73.187.104 c3c2e575-b6ba-47dc-88ac-17b0c40919f6 is Over-Utilized.
2023-07-26 19:34:23,922 [main] DEBUG balancer.ContainerBalancerTask (ContainerBalancerTask.java:lambda$initializeIteration$1(453)) - Datanode localhost-239.70.72.180 1eadc89e-b679-43d2-9233-b79351de3c6a is Over-Utilized.
2023-07-26 19:34:23,922 [main] DEBUG balancer.ContainerBalancerTask (ContainerBalancerTask.java:lambda$initializeIteration$1(453)) - Datanode localhost-117.82.82.213 24044786-6e2d-443b-bae2-102d4aa44812 is Over-Utilized.
2023-07-26 19:34:23,922 [main] DEBUG balancer.ContainerBalancerTask (ContainerBalancerTask.java:lambda$initializeIteration$2(459)) - Datanode localhost-215.147.145.207 2d1bb000-a697-44ed-90da-4bc3e5a86ae8 is Under-Utilized.
2023-07-26 19:34:23,922 [main] DEBUG balancer.ContainerBalancerTask (ContainerBalancerTask.java:lambda$initializeIteration$2(459)) - Datanode localhost-35.88.78.193 e8b1e738-d496-48ff-baeb-9e15abfb115f is Under-Utilized.
2023-07-26 19:34:23,922 [main] DEBUG balancer.ContainerBalancerTask (ContainerBalancerTask.java:lambda$initializeIteration$2(459)) - Datanode localhost-107.207.158.172 84b48b4c-c973-4561-aadd-a1f4df6a3bc1 is Under-Utilized.
2023-07-26 19:34:23,925 [main] DEBUG balancer.ContainerBalancerTask (ContainerBalancerTask.java:matchSourceWithTarget(708)) - ContainerBalancer is finding suitable target for source datanode 42081aed-57f6-43aa-a341-fdfa04138088
2023-07-26 19:34:23,925 [main] INFO  balancer.ContainerBalancerTask (ContainerBalancerTask.java:matchSourceWithTarget(722)) - ContainerBalancer matched source datanode 42081aed-57f6-43aa-a341-fdfa04138088 with target datanode 2d1bb000-a697-44ed-90da-4bc3e5a86ae8 for container move.
2023-07-26 19:34:23,925 [main] INFO  balancer.ContainerBalancerTask (ContainerBalancerTask.java:processMoveSelection(569)) - ContainerBalancer is trying to move container #85 with size 5368709120B from source datanode 42081aed-57f6-43aa-a341-fdfa04138088 to target datanode 2d1bb000-a697-44ed-90da-4bc3e5a86ae8
2023-07-26 19:34:23,925 [main] DEBUG balancer.ContainerBalancerTask (ContainerBalancerTask.java:lambda$moveContainer$3(837)) - Container move completed for container #85 from source 42081aed-57f6-43aa-a341-fdfa04138088 to target 2d1bb000-a697-44ed-90da-4bc3e5a86ae8
2023-07-26 19:34:23,926 [main] DEBUG balancer.ContainerBalancerTask (ContainerBalancerTask.java:adaptOnReachingIterationLimits(782)) - Reached max datanodes to involve limit. 2 datanodes have already been selected for balancing and the limit is 2. Only already selected sources and targets can be involved in balancing now.
2023-07-26 19:34:23,929 [main] DEBUG balancer.ContainerBalancerTask (ContainerBalancerTask.java:matchSourceWithTarget(708)) - ContainerBalancer is finding suitable target for source datanode 42081aed-57f6-43aa-a341-fdfa04138088
2023-07-26 19:34:23,929 [main] INFO  balancer.ContainerBalancerTask (ContainerBalancerTask.java:matchSourceWithTarget(722)) - ContainerBalancer matched source datanode 42081aed-57f6-43aa-a341-fdfa04138088 with target datanode 2d1bb000-a697-44ed-90da-4bc3e5a86ae8 for container move.
2023-07-26 19:34:23,929 [main] INFO  balancer.ContainerBalancerTask (ContainerBalancerTask.java:processMoveSelection(569)) - ContainerBalancer is trying to move container #89 with size 4294967296B from source datanode 42081aed-57f6-43aa-a341-fdfa04138088 to target datanode 2d1bb000-a697-44ed-90da-4bc3e5a86ae8
2023-07-26 19:34:23,929 [main] DEBUG balancer.ContainerBalancerTask (ContainerBalancerTask.java:lambda$moveContainer$3(837)) - Container move completed for container #89 from source 42081aed-57f6-43aa-a341-fdfa04138088 to target 2d1bb000-a697-44ed-90da-4bc3e5a86ae8
2023-07-26 19:34:23,932 [main] DEBUG balancer.ContainerBalancerTask (ContainerBalancerTask.java:matchSourceWithTarget(708)) - ContainerBalancer is finding suitable target for source datanode 42081aed-57f6-43aa-a341-fdfa04138088
2023-07-26 19:34:23,933 [main] INFO  balancer.ContainerBalancerTask (ContainerBalancerTask.java:matchSourceWithTarget(722)) - ContainerBalancer matched source datanode 42081aed-57f6-43aa-a341-fdfa04138088 with target datanode 2d1bb000-a697-44ed-90da-4bc3e5a86ae8 for container move.
2023-07-26 19:34:23,933 [main] INFO  balancer.ContainerBalancerTask (ContainerBalancerTask.java:processMoveSelection(569)) - ContainerBalancer is trying to move container #84 with size 4294967296B from source datanode 42081aed-57f6-43aa-a341-fdfa04138088 to target datanode 2d1bb000-a697-44ed-90da-4bc3e5a86ae8
2023-07-26 19:34:23,935 [main] DEBUG balancer.ContainerBalancerTask (ContainerBalancerTask.java:lambda$moveContainer$3(837)) - Container move completed for container #84 from source 42081aed-57f6-43aa-a341-fdfa04138088 to target 2d1bb000-a697-44ed-90da-4bc3e5a86ae8
2023-07-26 19:34:23,938 [main] DEBUG balancer.ContainerBalancerTask (ContainerBalancerTask.java:matchSourceWithTarget(708)) - ContainerBalancer is finding suitable target for source datanode 42081aed-57f6-43aa-a341-fdfa04138088
2023-07-26 19:34:23,938 [main] INFO  balancer.ContainerBalancerTask (ContainerBalancerTask.java:matchSourceWithTarget(722)) - ContainerBalancer matched source datanode 42081aed-57f6-43aa-a341-fdfa04138088 with target datanode 2d1bb000-a697-44ed-90da-4bc3e5a86ae8 for container move.
2023-07-26 19:34:23,938 [main] INFO  balancer.ContainerBalancerTask (ContainerBalancerTask.java:processMoveSelection(569)) - ContainerBalancer is trying to move container #88 with size 3221225472B from source datanode 42081aed-57f6-43aa-a341-fdfa04138088 to target datanode 2d1bb000-a697-44ed-90da-4bc3e5a86ae8
2023-07-26 19:34:23,938 [main] DEBUG balancer.ContainerBalancerTask (ContainerBalancerTask.java:lambda$moveContainer$3(837)) - Container move completed for container #88 from source 42081aed-57f6-43aa-a341-fdfa04138088 to target 2d1bb000-a697-44ed-90da-4bc3e5a86ae8
2023-07-26 19:34:23,942 [main] DEBUG balancer.ContainerBalancerTask (ContainerBalancerTask.java:matchSourceWithTarget(708)) - ContainerBalancer is finding suitable target for source datanode 42081aed-57f6-43aa-a341-fdfa04138088
2023-07-26 19:34:23,942 [main] INFO  balancer.ContainerBalancerTask (ContainerBalancerTask.java:matchSourceWithTarget(722)) - ContainerBalancer matched source datanode 42081aed-57f6-43aa-a341-fdfa04138088 with target datanode 2d1bb000-a697-44ed-90da-4bc3e5a86ae8 for container move.
2023-07-26 19:34:23,942 [main] INFO  balancer.ContainerBalancerTask (ContainerBalancerTask.java:processMoveSelection(569)) - ContainerBalancer is trying to move container #83 with size 3221225472B from source datanode 42081aed-57f6-43aa-a341-fdfa04138088 to target datanode 2d1bb000-a697-44ed-90da-4bc3e5a86ae8
2023-07-26 19:34:23,942 [main] DEBUG balancer.ContainerBalancerTask (ContainerBalancerTask.java:lambda$moveContainer$3(837)) - Container move completed for container #83 from source 42081aed-57f6-43aa-a341-fdfa04138088 to target 2d1bb000-a697-44ed-90da-4bc3e5a86ae8
2023-07-26 19:34:23,945 [main] DEBUG balancer.ContainerBalancerTask (ContainerBalancerTask.java:matchSourceWithTarget(708)) - ContainerBalancer is finding suitable target for source datanode 42081aed-57f6-43aa-a341-fdfa04138088
2023-07-26 19:34:23,946 [main] INFO  balancer.ContainerBalancerTask (ContainerBalancerTask.java:matchSourceWithTarget(722)) - ContainerBalancer matched source datanode 42081aed-57f6-43aa-a341-fdfa04138088 with target datanode 2d1bb000-a697-44ed-90da-4bc3e5a86ae8 for container move.
2023-07-26 19:34:23,946 [main] INFO  balancer.ContainerBalancerTask (ContainerBalancerTask.java:processMoveSelection(569)) - ContainerBalancer is trying to move container #86 with size 1073741824B from source datanode 42081aed-57f6-43aa-a341-fdfa04138088 to target datanode 2d1bb000-a697-44ed-90da-4bc3e5a86ae8
2023-07-26 19:34:23,946 [main] DEBUG balancer.ContainerBalancerTask (ContainerBalancerTask.java:lambda$moveContainer$3(837)) - Container move completed for container #86 from source 42081aed-57f6-43aa-a341-fdfa04138088 to target 2d1bb000-a697-44ed-90da-4bc3e5a86ae8
2023-07-26 19:34:23,949 [main] DEBUG balancer.ContainerBalancerTask (ContainerBalancerTask.java:matchSourceWithTarget(708)) - ContainerBalancer is finding suitable target for source datanode 42081aed-57f6-43aa-a341-fdfa04138088
2023-07-26 19:34:23,950 [main] INFO  balancer.FindTargetGreedyByUsageInfo (AbstractFindTargetGreedy.java:findTargetForContainerMove(133)) - Container Balancer could not find a target for source datanode 42081aed-57f6-43aa-a341-fdfa04138088
2023-07-26 19:34:23,950 [main] DEBUG balancer.ContainerBalancerTask (ContainerBalancerTask.java:matchSourceWithTarget(717)) - ContainerBalancer could not find a suitable target for source node 42081aed-57f6-43aa-a341-fdfa04138088.
2023-07-26 19:34:23,950 [main] INFO  balancer.FindSourceGreedy (FindSourceGreedy.java:getNextCandidateSourceDataNode(126)) - no more candidate source data node
2023-07-26 19:34:23,950 [main] INFO  balancer.ContainerBalancerTask (ContainerBalancerTask.java:checkIterationMoveResults(642)) - Iteration Summary. Number of Datanodes involved: 2. Size moved: 20 GB (21474836480 Bytes). Number of Container moves completed: 6.
2023-07-26 19:34:23,950 [main] INFO  balancer.ContainerBalancerTask (ContainerBalancerTask.java:balance(259)) - Result of this iteration of Container Balancer: ITERATION_COMPLETED
2023-07-26 19:34:23,952 [main] DEBUG balancer.ContainerBalancerTask (ContainerBalancerTask.java:initializeIteration(374)) - Average utilization of the cluster is 0.3404923016577234
2023-07-26 19:34:23,952 [main] DEBUG balancer.ContainerBalancerTask (ContainerBalancerTask.java:initializeIteration(386)) - Lower limit for utilization is 0.24049230165772337 and Upper limit for utilization is 0.44049230165772335
2023-07-26 19:34:23,952 [main] DEBUG balancer.ContainerBalancerTask (ContainerBalancerTask.java:initializeIteration(398)) - Utilization for node 42081aed-57f6-43aa-a341-fdfa04138088 with capacity 53687091200B, used 48318382080B, and remaining 5368709120B is 0.9
2023-07-26 19:34:23,952 [main] DEBUG balancer.ContainerBalancerTask (ContainerBalancerTask.java:initializeIteration(398)) - Utilization for node db5bd602-774c-4608-a6bd-0bd6e605c51d with capacity 55029268480B, used 44023414784B, and remaining 11005853696B is 0.8
2023-07-26 19:34:23,953 [main] DEBUG balancer.ContainerBalancerTask (ContainerBalancerTask.java:initializeIteration(398)) - Utilization for node c3c2e575-b6ba-47dc-88ac-17b0c40919f6 with capacity 90501096594B, used 63350767616B, and remaining 27150328978B is 0.70000000000221
2023-07-26 19:34:23,953 [main] DEBUG balancer.ContainerBalancerTask (ContainerBalancerTask.java:initializeIteration(398)) - Utilization for node 1eadc89e-b679-43d2-9233-b79351de3c6a with capacity 93057624746B, used 55834574848B, and remaining 37223049898B is 0.6000000000042984
2023-07-26 19:34:23,953 [main] DEBUG balancer.ContainerBalancerTask (ContainerBalancerTask.java:initializeIteration(398)) - Utilization for node 24044786-6e2d-443b-bae2-102d4aa44812 with capacity 81604378624B, used 40802189312B, and remaining 40802189312B is 0.5
2023-07-26 19:34:23,953 [main] DEBUG balancer.ContainerBalancerTask (ContainerBalancerTask.java:initializeIteration(398)) - Utilization for node a77f3690-0448-477b-8e80-f1a12093f08a with capacity 91268055040B, used 36507222016B, and remaining 54760833024B is 0.4
2023-07-26 19:34:23,953 [main] DEBUG balancer.ContainerBalancerTask (ContainerBalancerTask.java:initializeIteration(398)) - Utilization for node cc5abde4-3162-4264-9ff1-f9b7eb586d06 with capacity 121690740053B, used 36507222016B, and remaining 85183518037B is 0.3000000000008218
2023-07-26 19:34:23,953 [main] DEBUG balancer.ContainerBalancerTask (ContainerBalancerTask.java:initializeIteration(398)) - Utilization for node 84b48b4c-c973-4561-aadd-a1f4df6a3bc1 with capacity 204010946560B, used 40802189312B, and remaining 163208757248B is 0.2
2023-07-26 19:34:23,953 [main] DEBUG balancer.ContainerBalancerTask (ContainerBalancerTask.java:initializeIteration(398)) - Utilization for node e8b1e738-d496-48ff-baeb-9e15abfb115f with capacity 332859965440B, used 33285996544B, and remaining 299573968896B is 0.1
2023-07-26 19:34:23,953 [main] DEBUG balancer.ContainerBalancerTask (ContainerBalancerTask.java:initializeIteration(398)) - Utilization for node 2d1bb000-a697-44ed-90da-4bc3e5a86ae8 with capacity 49392123904B, used 0B, and remaining 49392123904B is 0.0
2023-07-26 19:34:23,953 [main] INFO  balancer.ContainerBalancerTask (ContainerBalancerTask.java:initializeIteration(447)) - Container Balancer has identified 5 Over-Utilized and 3 Under-Utilized Datanodes that need to be balanced.
2023-07-26 19:34:23,953 [main] DEBUG balancer.ContainerBalancerTask (ContainerBalancerTask.java:lambda$initializeIteration$1(453)) - Datanode localhost-57.101.104.20 42081aed-57f6-43aa-a341-fdfa04138088 is Over-Utilized.
2023-07-26 19:34:23,953 [main] DEBUG balancer.ContainerBalancerTask (ContainerBalancerTask.java:lambda$initializeIteration$1(453)) - Datanode localhost-209.111.200.227 db5bd602-774c-4608-a6bd-0bd6e605c51d is Over-Utilized.
2023-07-26 19:34:23,954 [main] DEBUG balancer.ContainerBalancerTask (ContainerBalancerTask.java:lambda$initializeIteration$1(453)) - Datanode localhost-194.73.187.104 c3c2e575-b6ba-47dc-88ac-17b0c40919f6 is Over-Utilized.
2023-07-26 19:34:23,954 [main] DEBUG balancer.ContainerBalancerTask (ContainerBalancerTask.java:lambda$initializeIteration$1(453)) - Datanode localhost-239.70.72.180 1eadc89e-b679-43d2-9233-b79351de3c6a is Over-Utilized.
2023-07-26 19:34:23,954 [main] DEBUG balancer.ContainerBalancerTask (ContainerBalancerTask.java:lambda$initializeIteration$1(453)) - Datanode localhost-117.82.82.213 24044786-6e2d-443b-bae2-102d4aa44812 is Over-Utilized.
2023-07-26 19:34:23,954 [main] DEBUG balancer.ContainerBalancerTask (ContainerBalancerTask.java:lambda$initializeIteration$2(459)) - Datanode localhost-215.147.145.207 2d1bb000-a697-44ed-90da-4bc3e5a86ae8 is Under-Utilized.
2023-07-26 19:34:23,954 [main] DEBUG balancer.ContainerBalancerTask (ContainerBalancerTask.java:lambda$initializeIteration$2(459)) - Datanode localhost-35.88.78.193 e8b1e738-d496-48ff-baeb-9e15abfb115f is Under-Utilized.
2023-07-26 19:34:23,954 [main] DEBUG balancer.ContainerBalancerTask (ContainerBalancerTask.java:lambda$initializeIteration$2(459)) - Datanode localhost-107.207.158.172 84b48b4c-c973-4561-aadd-a1f4df6a3bc1 is Under-Utilized.
2023-07-26 19:34:23,957 [main] DEBUG balancer.ContainerBalancerTask (ContainerBalancerTask.java:matchSourceWithTarget(708)) - ContainerBalancer is finding suitable target for source datanode 42081aed-57f6-43aa-a341-fdfa04138088
2023-07-26 19:34:23,957 [main] INFO  balancer.ContainerBalancerTask (ContainerBalancerTask.java:matchSourceWithTarget(722)) - ContainerBalancer matched source datanode 42081aed-57f6-43aa-a341-fdfa04138088 with target datanode 2d1bb000-a697-44ed-90da-4bc3e5a86ae8 for container move.
2023-07-26 19:34:23,957 [main] INFO  balancer.ContainerBalancerTask (ContainerBalancerTask.java:processMoveSelection(569)) - ContainerBalancer is trying to move container #85 with size 5368709120B from source datanode 42081aed-57f6-43aa-a341-fdfa04138088 to target datanode 2d1bb000-a697-44ed-90da-4bc3e5a86ae8
2023-07-26 19:34:23,957 [main] DEBUG balancer.ContainerBalancerTask (ContainerBalancerTask.java:lambda$moveContainer$3(837)) - Container move completed for container #85 from source 42081aed-57f6-43aa-a341-fdfa04138088 to target 2d1bb000-a697-44ed-90da-4bc3e5a86ae8
2023-07-26 19:34:23,958 [main] DEBUG balancer.ContainerBalancerTask (ContainerBalancerTask.java:adaptOnReachingIterationLimits(782)) - Reached max datanodes to involve limit. 2 datanodes have already been selected for balancing and the limit is 2. Only already selected sources and targets can be involved in balancing now.
2023-07-26 19:34:23,961 [main] DEBUG balancer.ContainerBalancerTask (ContainerBalancerTask.java:matchSourceWithTarget(708)) - ContainerBalancer is finding suitable target for source datanode 42081aed-57f6-43aa-a341-fdfa04138088
2023-07-26 19:34:23,961 [main] INFO  balancer.ContainerBalancerTask (ContainerBalancerTask.java:matchSourceWithTarget(722)) - ContainerBalancer matched source datanode 42081aed-57f6-43aa-a341-fdfa04138088 with target datanode 2d1bb000-a697-44ed-90da-4bc3e5a86ae8 for container move.
2023-07-26 19:34:23,961 [main] INFO  balancer.ContainerBalancerTask (ContainerBalancerTask.java:processMoveSelection(569)) - ContainerBalancer is trying to move container #89 with size 4294967296B from source datanode 42081aed-57f6-43aa-a341-fdfa04138088 to target datanode 2d1bb000-a697-44ed-90da-4bc3e5a86ae8
2023-07-26 19:34:23,961 [main] DEBUG balancer.ContainerBalancerTask (ContainerBalancerTask.java:lambda$moveContainer$3(837)) - Container move completed for container #89 from source 42081aed-57f6-43aa-a341-fdfa04138088 to target 2d1bb000-a697-44ed-90da-4bc3e5a86ae8
2023-07-26 19:34:23,964 [main] DEBUG balancer.ContainerBalancerTask (ContainerBalancerTask.java:matchSourceWithTarget(708)) - ContainerBalancer is finding suitable target for source datanode 42081aed-57f6-43aa-a341-fdfa04138088
2023-07-26 19:34:23,964 [main] INFO  balancer.ContainerBalancerTask (ContainerBalancerTask.java:matchSourceWithTarget(722)) - ContainerBalancer matched source datanode 42081aed-57f6-43aa-a341-fdfa04138088 with target datanode 2d1bb000-a697-44ed-90da-4bc3e5a86ae8 for container move.
2023-07-26 19:34:23,964 [main] INFO  balancer.ContainerBalancerTask (ContainerBalancerTask.java:processMoveSelection(569)) - ContainerBalancer is trying to move container #84 with size 4294967296B from source datanode 42081aed-57f6-43aa-a341-fdfa04138088 to target datanode 2d1bb000-a697-44ed-90da-4bc3e5a86ae8
2023-07-26 19:34:23,964 [main] DEBUG balancer.ContainerBalancerTask (ContainerBalancerTask.java:lambda$moveContainer$3(837)) - Container move completed for container #84 from source 42081aed-57f6-43aa-a341-fdfa04138088 to target 2d1bb000-a697-44ed-90da-4bc3e5a86ae8
2023-07-26 19:34:23,968 [main] DEBUG balancer.ContainerBalancerTask (ContainerBalancerTask.java:matchSourceWithTarget(708)) - ContainerBalancer is finding suitable target for source datanode 42081aed-57f6-43aa-a341-fdfa04138088
2023-07-26 19:34:23,968 [main] INFO  balancer.ContainerBalancerTask (ContainerBalancerTask.java:matchSourceWithTarget(722)) - ContainerBalancer matched source datanode 42081aed-57f6-43aa-a341-fdfa04138088 with target datanode 2d1bb000-a697-44ed-90da-4bc3e5a86ae8 for container move.
2023-07-26 19:34:23,968 [main] INFO  balancer.ContainerBalancerTask (ContainerBalancerTask.java:processMoveSelection(569)) - ContainerBalancer is trying to move container #88 with size 3221225472B from source datanode 42081aed-57f6-43aa-a341-fdfa04138088 to target datanode 2d1bb000-a697-44ed-90da-4bc3e5a86ae8
2023-07-26 19:34:23,968 [main] DEBUG balancer.ContainerBalancerTask (ContainerBalancerTask.java:lambda$moveContainer$3(837)) - Container move completed for container #88 from source 42081aed-57f6-43aa-a341-fdfa04138088 to target 2d1bb000-a697-44ed-90da-4bc3e5a86ae8
2023-07-26 19:34:23,971 [main] DEBUG balancer.ContainerBalancerTask (ContainerBalancerTask.java:matchSourceWithTarget(708)) - ContainerBalancer is finding suitable target for source datanode 42081aed-57f6-43aa-a341-fdfa04138088
2023-07-26 19:34:23,971 [main] INFO  balancer.ContainerBalancerTask (ContainerBalancerTask.java:matchSourceWithTarget(722)) - ContainerBalancer matched source datanode 42081aed-57f6-43aa-a341-fdfa04138088 with target datanode 2d1bb000-a697-44ed-90da-4bc3e5a86ae8 for container move.
2023-07-26 19:34:23,971 [main] INFO  balancer.ContainerBalancerTask (ContainerBalancerTask.java:processMoveSelection(569)) - ContainerBalancer is trying to move container #83 with size 3221225472B from source datanode 42081aed-57f6-43aa-a341-fdfa04138088 to target datanode 2d1bb000-a697-44ed-90da-4bc3e5a86ae8
2023-07-26 19:34:23,972 [main] DEBUG balancer.ContainerBalancerTask (ContainerBalancerTask.java:lambda$moveContainer$3(837)) - Container move completed for container #83 from source 42081aed-57f6-43aa-a341-fdfa04138088 to target 2d1bb000-a697-44ed-90da-4bc3e5a86ae8
2023-07-26 19:34:23,975 [main] DEBUG balancer.ContainerBalancerTask (ContainerBalancerTask.java:matchSourceWithTarget(708)) - ContainerBalancer is finding suitable target for source datanode 42081aed-57f6-43aa-a341-fdfa04138088
2023-07-26 19:34:23,975 [main] INFO  balancer.ContainerBalancerTask (ContainerBalancerTask.java:matchSourceWithTarget(722)) - ContainerBalancer matched source datanode 42081aed-57f6-43aa-a341-fdfa04138088 with target datanode 2d1bb000-a697-44ed-90da-4bc3e5a86ae8 for container move.
2023-07-26 19:34:23,975 [main] INFO  balancer.ContainerBalancerTask (ContainerBalancerTask.java:processMoveSelection(569)) - ContainerBalancer is trying to move container #86 with size 1073741824B from source datanode 42081aed-57f6-43aa-a341-fdfa04138088 to target datanode 2d1bb000-a697-44ed-90da-4bc3e5a86ae8
2023-07-26 19:34:23,975 [main] DEBUG balancer.ContainerBalancerTask (ContainerBalancerTask.java:lambda$moveContainer$3(837)) - Container move completed for container #86 from source 42081aed-57f6-43aa-a341-fdfa04138088 to target 2d1bb000-a697-44ed-90da-4bc3e5a86ae8
2023-07-26 19:34:23,978 [main] DEBUG balancer.ContainerBalancerTask (ContainerBalancerTask.java:matchSourceWithTarget(708)) - ContainerBalancer is finding suitable target for source datanode 42081aed-57f6-43aa-a341-fdfa04138088
2023-07-26 19:34:23,979 [main] INFO  balancer.FindTargetGreedyByUsageInfo (AbstractFindTargetGreedy.java:findTargetForContainerMove(133)) - Container Balancer could not find a target for source datanode 42081aed-57f6-43aa-a341-fdfa04138088
2023-07-26 19:34:23,979 [main] DEBUG balancer.ContainerBalancerTask (ContainerBalancerTask.java:matchSourceWithTarget(717)) - ContainerBalancer could not find a suitable target for source node 42081aed-57f6-43aa-a341-fdfa04138088.
2023-07-26 19:34:23,979 [main] INFO  balancer.FindSourceGreedy (FindSourceGreedy.java:getNextCandidateSourceDataNode(126)) - no more candidate source data node
2023-07-26 19:34:23,980 [main] INFO  balancer.ContainerBalancerTask (ContainerBalancerTask.java:checkIterationMoveResults(642)) - Iteration Summary. Number of Datanodes involved: 2. Size moved: 20 GB (21474836480 Bytes). Number of Container moves completed: 6.
2023-07-26 19:34:23,980 [main] INFO  balancer.ContainerBalancerTask (ContainerBalancerTask.java:balance(259)) - Result of this iteration of Container Balancer: ITERATION_COMPLETED
2023-07-26 19:34:23,982 [main] DEBUG balancer.ContainerBalancerTask (ContainerBalancerTask.java:initializeIteration(374)) - Average utilization of the cluster is 0.3404923016577234
2023-07-26 19:34:23,982 [main] DEBUG balancer.ContainerBalancerTask (ContainerBalancerTask.java:initializeIteration(386)) - Lower limit for utilization is 0.24049230165772337 and Upper limit for utilization is 0.44049230165772335
2023-07-26 19:34:23,982 [main] DEBUG balancer.ContainerBalancerTask (ContainerBalancerTask.java:initializeIteration(398)) - Utilization for node 42081aed-57f6-43aa-a341-fdfa04138088 with capacity 53687091200B, used 48318382080B, and remaining 5368709120B is 0.9
2023-07-26 19:34:23,982 [main] DEBUG balancer.ContainerBalancerTask (ContainerBalancerTask.java:initializeIteration(398)) - Utilization for node db5bd602-774c-4608-a6bd-0bd6e605c51d with capacity 55029268480B, used 44023414784B, and remaining 11005853696B is 0.8
2023-07-26 19:34:23,982 [main] DEBUG balancer.ContainerBalancerTask (ContainerBalancerTask.java:initializeIteration(398)) - Utilization for node c3c2e575-b6ba-47dc-88ac-17b0c40919f6 with capacity 90501096594B, used 63350767616B, and remaining 27150328978B is 0.70000000000221
2023-07-26 19:34:23,982 [main] DEBUG balancer.ContainerBalancerTask (ContainerBalancerTask.java:initializeIteration(398)) - Utilization for node 1eadc89e-b679-43d2-9233-b79351de3c6a with capacity 93057624746B, used 55834574848B, and remaining 37223049898B is 0.6000000000042984
2023-07-26 19:34:23,982 [main] DEBUG balancer.ContainerBalancerTask (ContainerBalancerTask.java:initializeIteration(398)) - Utilization for node 24044786-6e2d-443b-bae2-102d4aa44812 with capacity 81604378624B, used 40802189312B, and remaining 40802189312B is 0.5
2023-07-26 19:34:23,982 [main] DEBUG balancer.ContainerBalancerTask (ContainerBalancerTask.java:initializeIteration(398)) - Utilization for node a77f3690-0448-477b-8e80-f1a12093f08a with capacity 91268055040B, used 36507222016B, and remaining 54760833024B is 0.4
2023-07-26 19:34:23,982 [main] DEBUG balancer.ContainerBalancerTask (ContainerBalancerTask.java:initializeIteration(398)) - Utilization for node cc5abde4-3162-4264-9ff1-f9b7eb586d06 with capacity 121690740053B, used 36507222016B, and remaining 85183518037B is 0.3000000000008218
2023-07-26 19:34:23,982 [main] DEBUG balancer.ContainerBalancerTask (ContainerBalancerTask.java:initializeIteration(398)) - Utilization for node 84b48b4c-c973-4561-aadd-a1f4df6a3bc1 with capacity 204010946560B, used 40802189312B, and remaining 163208757248B is 0.2
2023-07-26 19:34:23,983 [main] DEBUG balancer.ContainerBalancerTask (ContainerBalancerTask.java:initializeIteration(398)) - Utilization for node e8b1e738-d496-48ff-baeb-9e15abfb115f with capacity 332859965440B, used 33285996544B, and remaining 299573968896B is 0.1
2023-07-26 19:34:23,983 [main] DEBUG balancer.ContainerBalancerTask (ContainerBalancerTask.java:initializeIteration(398)) - Utilization for node 2d1bb000-a697-44ed-90da-4bc3e5a86ae8 with capacity 49392123904B, used 0B, and remaining 49392123904B is 0.0
2023-07-26 19:34:23,983 [main] INFO  balancer.ContainerBalancerTask (ContainerBalancerTask.java:initializeIteration(447)) - Container Balancer has identified 5 Over-Utilized and 3 Under-Utilized Datanodes that need to be balanced.
2023-07-26 19:34:23,983 [main] DEBUG balancer.ContainerBalancerTask (ContainerBalancerTask.java:lambda$initializeIteration$1(453)) - Datanode localhost-57.101.104.20 42081aed-57f6-43aa-a341-fdfa04138088 is Over-Utilized.
2023-07-26 19:34:23,983 [main] DEBUG balancer.ContainerBalancerTask (ContainerBalancerTask.java:lambda$initializeIteration$1(453)) - Datanode localhost-209.111.200.227 db5bd602-774c-4608-a6bd-0bd6e605c51d is Over-Utilized.
2023-07-26 19:34:23,983 [main] DEBUG balancer.ContainerBalancerTask (ContainerBalancerTask.java:lambda$initializeIteration$1(453)) - Datanode localhost-194.73.187.104 c3c2e575-b6ba-47dc-88ac-17b0c40919f6 is Over-Utilized.
2023-07-26 19:34:23,983 [main] DEBUG balancer.ContainerBalancerTask (ContainerBalancerTask.java:lambda$initializeIteration$1(453)) - Datanode localhost-239.70.72.180 1eadc89e-b679-43d2-9233-b79351de3c6a is Over-Utilized.
2023-07-26 19:34:23,983 [main] DEBUG balancer.ContainerBalancerTask (ContainerBalancerTask.java:lambda$initializeIteration$1(453)) - Datanode localhost-117.82.82.213 24044786-6e2d-443b-bae2-102d4aa44812 is Over-Utilized.
2023-07-26 19:34:23,983 [main] DEBUG balancer.ContainerBalancerTask (ContainerBalancerTask.java:lambda$initializeIteration$2(459)) - Datanode localhost-215.147.145.207 2d1bb000-a697-44ed-90da-4bc3e5a86ae8 is Under-Utilized.
2023-07-26 19:34:23,983 [main] DEBUG balancer.ContainerBalancerTask (ContainerBalancerTask.java:lambda$initializeIteration$2(459)) - Datanode localhost-35.88.78.193 e8b1e738-d496-48ff-baeb-9e15abfb115f is Under-Utilized.
2023-07-26 19:34:23,983 [main] DEBUG balancer.ContainerBalancerTask (ContainerBalancerTask.java:lambda$initializeIteration$2(459)) - Datanode localhost-107.207.158.172 84b48b4c-c973-4561-aadd-a1f4df6a3bc1 is Under-Utilized.
2023-07-26 19:34:23,986 [main] DEBUG balancer.ContainerBalancerTask (ContainerBalancerTask.java:matchSourceWithTarget(708)) - ContainerBalancer is finding suitable target for source datanode 42081aed-57f6-43aa-a341-fdfa04138088
2023-07-26 19:34:23,986 [main] INFO  balancer.ContainerBalancerTask (ContainerBalancerTask.java:matchSourceWithTarget(722)) - ContainerBalancer matched source datanode 42081aed-57f6-43aa-a341-fdfa04138088 with target datanode 2d1bb000-a697-44ed-90da-4bc3e5a86ae8 for container move.
2023-07-26 19:34:23,987 [main] INFO  balancer.ContainerBalancerTask (ContainerBalancerTask.java:processMoveSelection(569)) - ContainerBalancer is trying to move container #85 with size 5368709120B from source datanode 42081aed-57f6-43aa-a341-fdfa04138088 to target datanode 2d1bb000-a697-44ed-90da-4bc3e5a86ae8
2023-07-26 19:34:23,987 [main] DEBUG balancer.ContainerBalancerTask (ContainerBalancerTask.java:lambda$moveContainer$3(837)) - Container move completed for container #85 from source 42081aed-57f6-43aa-a341-fdfa04138088 to target 2d1bb000-a697-44ed-90da-4bc3e5a86ae8
2023-07-26 19:34:23,987 [main] DEBUG balancer.ContainerBalancerTask (ContainerBalancerTask.java:adaptOnReachingIterationLimits(782)) - Reached max datanodes to involve limit. 2 datanodes have already been selected for balancing and the limit is 2. Only already selected sources and targets can be involved in balancing now.
2023-07-26 19:34:23,990 [main] DEBUG balancer.ContainerBalancerTask (ContainerBalancerTask.java:matchSourceWithTarget(708)) - ContainerBalancer is finding suitable target for source datanode 42081aed-57f6-43aa-a341-fdfa04138088
2023-07-26 19:34:23,990 [main] INFO  balancer.ContainerBalancerTask (ContainerBalancerTask.java:matchSourceWithTarget(722)) - ContainerBalancer matched source datanode 42081aed-57f6-43aa-a341-fdfa04138088 with target datanode 2d1bb000-a697-44ed-90da-4bc3e5a86ae8 for container move.
2023-07-26 19:34:23,990 [main] INFO  balancer.ContainerBalancerTask (ContainerBalancerTask.java:processMoveSelection(569)) - ContainerBalancer is trying to move container #89 with size 4294967296B from source datanode 42081aed-57f6-43aa-a341-fdfa04138088 to target datanode 2d1bb000-a697-44ed-90da-4bc3e5a86ae8
2023-07-26 19:34:23,990 [main] DEBUG balancer.ContainerBalancerTask (ContainerBalancerTask.java:lambda$moveContainer$3(837)) - Container move completed for container #89 from source 42081aed-57f6-43aa-a341-fdfa04138088 to target 2d1bb000-a697-44ed-90da-4bc3e5a86ae8
2023-07-26 19:34:23,993 [main] DEBUG balancer.ContainerBalancerTask (ContainerBalancerTask.java:matchSourceWithTarget(708)) - ContainerBalancer is finding suitable target for source datanode 42081aed-57f6-43aa-a341-fdfa04138088
2023-07-26 19:34:23,993 [main] INFO  balancer.ContainerBalancerTask (ContainerBalancerTask.java:matchSourceWithTarget(722)) - ContainerBalancer matched source datanode 42081aed-57f6-43aa-a341-fdfa04138088 with target datanode 2d1bb000-a697-44ed-90da-4bc3e5a86ae8 for container move.
2023-07-26 19:34:23,993 [main] INFO  balancer.ContainerBalancerTask (ContainerBalancerTask.java:processMoveSelection(569)) - ContainerBalancer is trying to move container #84 with size 4294967296B from source datanode 42081aed-57f6-43aa-a341-fdfa04138088 to target datanode 2d1bb000-a697-44ed-90da-4bc3e5a86ae8
2023-07-26 19:34:23,994 [main] DEBUG balancer.ContainerBalancerTask (ContainerBalancerTask.java:lambda$moveContainer$3(837)) - Container move completed for container #84 from source 42081aed-57f6-43aa-a341-fdfa04138088 to target 2d1bb000-a697-44ed-90da-4bc3e5a86ae8
2023-07-26 19:34:23,996 [main] DEBUG balancer.ContainerBalancerTask (ContainerBalancerTask.java:matchSourceWithTarget(708)) - ContainerBalancer is finding suitable target for source datanode 42081aed-57f6-43aa-a341-fdfa04138088
2023-07-26 19:34:23,997 [main] INFO  balancer.ContainerBalancerTask (ContainerBalancerTask.java:matchSourceWithTarget(722)) - ContainerBalancer matched source datanode 42081aed-57f6-43aa-a341-fdfa04138088 with target datanode 2d1bb000-a697-44ed-90da-4bc3e5a86ae8 for container move.
2023-07-26 19:34:23,997 [main] INFO  balancer.ContainerBalancerTask (ContainerBalancerTask.java:processMoveSelection(569)) - ContainerBalancer is trying to move container #88 with size 3221225472B from source datanode 42081aed-57f6-43aa-a341-fdfa04138088 to target datanode 2d1bb000-a697-44ed-90da-4bc3e5a86ae8
2023-07-26 19:34:23,997 [main] DEBUG balancer.ContainerBalancerTask (ContainerBalancerTask.java:lambda$moveContainer$3(837)) - Container move completed for container #88 from source 42081aed-57f6-43aa-a341-fdfa04138088 to target 2d1bb000-a697-44ed-90da-4bc3e5a86ae8
2023-07-26 19:34:24,000 [main] DEBUG balancer.ContainerBalancerTask (ContainerBalancerTask.java:matchSourceWithTarget(708)) - ContainerBalancer is finding suitable target for source datanode 42081aed-57f6-43aa-a341-fdfa04138088
2023-07-26 19:34:24,000 [main] INFO  balancer.ContainerBalancerTask (ContainerBalancerTask.java:matchSourceWithTarget(722)) - ContainerBalancer matched source datanode 42081aed-57f6-43aa-a341-fdfa04138088 with target datanode 2d1bb000-a697-44ed-90da-4bc3e5a86ae8 for container move.
2023-07-26 19:34:24,000 [main] INFO  balancer.ContainerBalancerTask (ContainerBalancerTask.java:processMoveSelection(569)) - ContainerBalancer is trying to move container #83 with size 3221225472B from source datanode 42081aed-57f6-43aa-a341-fdfa04138088 to target datanode 2d1bb000-a697-44ed-90da-4bc3e5a86ae8
2023-07-26 19:34:24,000 [main] DEBUG balancer.ContainerBalancerTask (ContainerBalancerTask.java:lambda$moveContainer$3(837)) - Container move completed for container #83 from source 42081aed-57f6-43aa-a341-fdfa04138088 to target 2d1bb000-a697-44ed-90da-4bc3e5a86ae8
2023-07-26 19:34:24,003 [main] DEBUG balancer.ContainerBalancerTask (ContainerBalancerTask.java:matchSourceWithTarget(708)) - ContainerBalancer is finding suitable target for source datanode 42081aed-57f6-43aa-a341-fdfa04138088
2023-07-26 19:34:24,004 [main] INFO  balancer.ContainerBalancerTask (ContainerBalancerTask.java:matchSourceWithTarget(722)) - ContainerBalancer matched source datanode 42081aed-57f6-43aa-a341-fdfa04138088 with target datanode 2d1bb000-a697-44ed-90da-4bc3e5a86ae8 for container move.
2023-07-26 19:34:24,004 [main] INFO  balancer.ContainerBalancerTask (ContainerBalancerTask.java:processMoveSelection(569)) - ContainerBalancer is trying to move container #86 with size 1073741824B from source datanode 42081aed-57f6-43aa-a341-fdfa04138088 to target datanode 2d1bb000-a697-44ed-90da-4bc3e5a86ae8
2023-07-26 19:34:24,004 [main] DEBUG balancer.ContainerBalancerTask (ContainerBalancerTask.java:lambda$moveContainer$3(837)) - Container move completed for container #86 from source 42081aed-57f6-43aa-a341-fdfa04138088 to target 2d1bb000-a697-44ed-90da-4bc3e5a86ae8
2023-07-26 19:34:24,007 [main] DEBUG balancer.ContainerBalancerTask (ContainerBalancerTask.java:matchSourceWithTarget(708)) - ContainerBalancer is finding suitable target for source datanode 42081aed-57f6-43aa-a341-fdfa04138088
2023-07-26 19:34:24,008 [main] INFO  balancer.FindTargetGreedyByUsageInfo (AbstractFindTargetGreedy.java:findTargetForContainerMove(133)) - Container Balancer could not find a target for source datanode 42081aed-57f6-43aa-a341-fdfa04138088
2023-07-26 19:34:24,008 [main] DEBUG balancer.ContainerBalancerTask (ContainerBalancerTask.java:matchSourceWithTarget(717)) - ContainerBalancer could not find a suitable target for source node 42081aed-57f6-43aa-a341-fdfa04138088.
2023-07-26 19:34:24,008 [main] INFO  balancer.FindSourceGreedy (FindSourceGreedy.java:getNextCandidateSourceDataNode(126)) - no more candidate source data node
2023-07-26 19:34:24,008 [main] INFO  balancer.ContainerBalancerTask (ContainerBalancerTask.java:checkIterationMoveResults(642)) - Iteration Summary. Number of Datanodes involved: 2. Size moved: 20 GB (21474836480 Bytes). Number of Container moves completed: 6.
2023-07-26 19:34:24,008 [main] INFO  balancer.ContainerBalancerTask (ContainerBalancerTask.java:balance(259)) - Result of this iteration of Container Balancer: ITERATION_COMPLETED
2023-07-26 19:34:24,010 [main] DEBUG balancer.ContainerBalancerTask (ContainerBalancerTask.java:initializeIteration(374)) - Average utilization of the cluster is 0.3404923016577234
2023-07-26 19:34:24,010 [main] DEBUG balancer.ContainerBalancerTask (ContainerBalancerTask.java:initializeIteration(386)) - Lower limit for utilization is 0.24049230165772337 and Upper limit for utilization is 0.44049230165772335
2023-07-26 19:34:24,010 [main] DEBUG balancer.ContainerBalancerTask (ContainerBalancerTask.java:initializeIteration(398)) - Utilization for node 42081aed-57f6-43aa-a341-fdfa04138088 with capacity 53687091200B, used 48318382080B, and remaining 5368709120B is 0.9
2023-07-26 19:34:24,010 [main] DEBUG balancer.ContainerBalancerTask (ContainerBalancerTask.java:initializeIteration(398)) - Utilization for node db5bd602-774c-4608-a6bd-0bd6e605c51d with capacity 55029268480B, used 44023414784B, and remaining 11005853696B is 0.8
2023-07-26 19:34:24,010 [main] DEBUG balancer.ContainerBalancerTask (ContainerBalancerTask.java:initializeIteration(398)) - Utilization for node c3c2e575-b6ba-47dc-88ac-17b0c40919f6 with capacity 90501096594B, used 63350767616B, and remaining 27150328978B is 0.70000000000221
2023-07-26 19:34:24,011 [main] DEBUG balancer.ContainerBalancerTask (ContainerBalancerTask.java:initializeIteration(398)) - Utilization for node 1eadc89e-b679-43d2-9233-b79351de3c6a with capacity 93057624746B, used 55834574848B, and remaining 37223049898B is 0.6000000000042984
2023-07-26 19:34:24,011 [main] DEBUG balancer.ContainerBalancerTask (ContainerBalancerTask.java:initializeIteration(398)) - Utilization for node 24044786-6e2d-443b-bae2-102d4aa44812 with capacity 81604378624B, used 40802189312B, and remaining 40802189312B is 0.5
2023-07-26 19:34:24,011 [main] DEBUG balancer.ContainerBalancerTask (ContainerBalancerTask.java:initializeIteration(398)) - Utilization for node a77f3690-0448-477b-8e80-f1a12093f08a with capacity 91268055040B, used 36507222016B, and remaining 54760833024B is 0.4
2023-07-26 19:34:24,011 [main] DEBUG balancer.ContainerBalancerTask (ContainerBalancerTask.java:initializeIteration(398)) - Utilization for node cc5abde4-3162-4264-9ff1-f9b7eb586d06 with capacity 121690740053B, used 36507222016B, and remaining 85183518037B is 0.3000000000008218
2023-07-26 19:34:24,011 [main] DEBUG balancer.ContainerBalancerTask (ContainerBalancerTask.java:initializeIteration(398)) - Utilization for node 84b48b4c-c973-4561-aadd-a1f4df6a3bc1 with capacity 204010946560B, used 40802189312B, and remaining 163208757248B is 0.2
2023-07-26 19:34:24,011 [main] DEBUG balancer.ContainerBalancerTask (ContainerBalancerTask.java:initializeIteration(398)) - Utilization for node e8b1e738-d496-48ff-baeb-9e15abfb115f with capacity 332859965440B, used 33285996544B, and remaining 299573968896B is 0.1
2023-07-26 19:34:24,011 [main] DEBUG balancer.ContainerBalancerTask (ContainerBalancerTask.java:initializeIteration(398)) - Utilization for node 2d1bb000-a697-44ed-90da-4bc3e5a86ae8 with capacity 49392123904B, used 0B, and remaining 49392123904B is 0.0
2023-07-26 19:34:24,011 [main] INFO  balancer.ContainerBalancerTask (ContainerBalancerTask.java:initializeIteration(447)) - Container Balancer has identified 5 Over-Utilized and 3 Under-Utilized Datanodes that need to be balanced.
2023-07-26 19:34:24,011 [main] DEBUG balancer.ContainerBalancerTask (ContainerBalancerTask.java:lambda$initializeIteration$1(453)) - Datanode localhost-57.101.104.20 42081aed-57f6-43aa-a341-fdfa04138088 is Over-Utilized.
2023-07-26 19:34:24,011 [main] DEBUG balancer.ContainerBalancerTask (ContainerBalancerTask.java:lambda$initializeIteration$1(453)) - Datanode localhost-209.111.200.227 db5bd602-774c-4608-a6bd-0bd6e605c51d is Over-Utilized.
2023-07-26 19:34:24,011 [main] DEBUG balancer.ContainerBalancerTask (ContainerBalancerTask.java:lambda$initializeIteration$1(453)) - Datanode localhost-194.73.187.104 c3c2e575-b6ba-47dc-88ac-17b0c40919f6 is Over-Utilized.
2023-07-26 19:34:24,012 [main] DEBUG balancer.ContainerBalancerTask (ContainerBalancerTask.java:lambda$initializeIteration$1(453)) - Datanode localhost-239.70.72.180 1eadc89e-b679-43d2-9233-b79351de3c6a is Over-Utilized.
2023-07-26 19:34:24,012 [main] DEBUG balancer.ContainerBalancerTask (ContainerBalancerTask.java:lambda$initializeIteration$1(453)) - Datanode localhost-117.82.82.213 24044786-6e2d-443b-bae2-102d4aa44812 is Over-Utilized.
2023-07-26 19:34:24,012 [main] DEBUG balancer.ContainerBalancerTask (ContainerBalancerTask.java:lambda$initializeIteration$2(459)) - Datanode localhost-215.147.145.207 2d1bb000-a697-44ed-90da-4bc3e5a86ae8 is Under-Utilized.
2023-07-26 19:34:24,012 [main] DEBUG balancer.ContainerBalancerTask (ContainerBalancerTask.java:lambda$initializeIteration$2(459)) - Datanode localhost-35.88.78.193 e8b1e738-d496-48ff-baeb-9e15abfb115f is Under-Utilized.
2023-07-26 19:34:24,012 [main] DEBUG balancer.ContainerBalancerTask (ContainerBalancerTask.java:lambda$initializeIteration$2(459)) - Datanode localhost-107.207.158.172 84b48b4c-c973-4561-aadd-a1f4df6a3bc1 is Under-Utilized.
2023-07-26 19:34:24,015 [main] DEBUG balancer.ContainerBalancerTask (ContainerBalancerTask.java:matchSourceWithTarget(708)) - ContainerBalancer is finding suitable target for source datanode 42081aed-57f6-43aa-a341-fdfa04138088
2023-07-26 19:34:24,015 [main] INFO  balancer.ContainerBalancerTask (ContainerBalancerTask.java:matchSourceWithTarget(722)) - ContainerBalancer matched source datanode 42081aed-57f6-43aa-a341-fdfa04138088 with target datanode 2d1bb000-a697-44ed-90da-4bc3e5a86ae8 for container move.
2023-07-26 19:34:24,015 [main] INFO  balancer.ContainerBalancerTask (ContainerBalancerTask.java:processMoveSelection(569)) - ContainerBalancer is trying to move container #85 with size 5368709120B from source datanode 42081aed-57f6-43aa-a341-fdfa04138088 to target datanode 2d1bb000-a697-44ed-90da-4bc3e5a86ae8
2023-07-26 19:34:24,015 [main] DEBUG balancer.ContainerBalancerTask (ContainerBalancerTask.java:lambda$moveContainer$3(837)) - Container move completed for container #85 from source 42081aed-57f6-43aa-a341-fdfa04138088 to target 2d1bb000-a697-44ed-90da-4bc3e5a86ae8
2023-07-26 19:34:24,015 [main] DEBUG balancer.ContainerBalancerTask (ContainerBalancerTask.java:adaptOnReachingIterationLimits(782)) - Reached max datanodes to involve limit. 2 datanodes have already been selected for balancing and the limit is 2. Only already selected sources and targets can be involved in balancing now.
2023-07-26 19:34:24,018 [main] DEBUG balancer.ContainerBalancerTask (ContainerBalancerTask.java:matchSourceWithTarget(708)) - ContainerBalancer is finding suitable target for source datanode 42081aed-57f6-43aa-a341-fdfa04138088
2023-07-26 19:34:24,019 [main] INFO  balancer.ContainerBalancerTask (ContainerBalancerTask.java:matchSourceWithTarget(722)) - ContainerBalancer matched source datanode 42081aed-57f6-43aa-a341-fdfa04138088 with target datanode 2d1bb000-a697-44ed-90da-4bc3e5a86ae8 for container move.
2023-07-26 19:34:24,019 [main] INFO  balancer.ContainerBalancerTask (ContainerBalancerTask.java:processMoveSelection(569)) - ContainerBalancer is trying to move container #89 with size 4294967296B from source datanode 42081aed-57f6-43aa-a341-fdfa04138088 to target datanode 2d1bb000-a697-44ed-90da-4bc3e5a86ae8
2023-07-26 19:34:24,019 [main] DEBUG balancer.ContainerBalancerTask (ContainerBalancerTask.java:lambda$moveContainer$3(837)) - Container move completed for container #89 from source 42081aed-57f6-43aa-a341-fdfa04138088 to target 2d1bb000-a697-44ed-90da-4bc3e5a86ae8
2023-07-26 19:34:24,022 [main] DEBUG balancer.ContainerBalancerTask (ContainerBalancerTask.java:matchSourceWithTarget(708)) - ContainerBalancer is finding suitable target for source datanode 42081aed-57f6-43aa-a341-fdfa04138088
2023-07-26 19:34:24,022 [main] INFO  balancer.ContainerBalancerTask (ContainerBalancerTask.java:matchSourceWithTarget(722)) - ContainerBalancer matched source datanode 42081aed-57f6-43aa-a341-fdfa04138088 with target datanode 2d1bb000-a697-44ed-90da-4bc3e5a86ae8 for container move.
2023-07-26 19:34:24,022 [main] INFO  balancer.ContainerBalancerTask (ContainerBalancerTask.java:processMoveSelection(569)) - ContainerBalancer is trying to move container #84 with size 4294967296B from source datanode 42081aed-57f6-43aa-a341-fdfa04138088 to target datanode 2d1bb000-a697-44ed-90da-4bc3e5a86ae8
2023-07-26 19:34:24,022 [main] DEBUG balancer.ContainerBalancerTask (ContainerBalancerTask.java:lambda$moveContainer$3(837)) - Container move completed for container #84 from source 42081aed-57f6-43aa-a341-fdfa04138088 to target 2d1bb000-a697-44ed-90da-4bc3e5a86ae8
2023-07-26 19:34:24,025 [main] DEBUG balancer.ContainerBalancerTask (ContainerBalancerTask.java:matchSourceWithTarget(708)) - ContainerBalancer is finding suitable target for source datanode 42081aed-57f6-43aa-a341-fdfa04138088
2023-07-26 19:34:24,026 [main] INFO  balancer.ContainerBalancerTask (ContainerBalancerTask.java:matchSourceWithTarget(722)) - ContainerBalancer matched source datanode 42081aed-57f6-43aa-a341-fdfa04138088 with target datanode 2d1bb000-a697-44ed-90da-4bc3e5a86ae8 for container move.
2023-07-26 19:34:24,026 [main] INFO  balancer.ContainerBalancerTask (ContainerBalancerTask.java:processMoveSelection(569)) - ContainerBalancer is trying to move container #88 with size 3221225472B from source datanode 42081aed-57f6-43aa-a341-fdfa04138088 to target datanode 2d1bb000-a697-44ed-90da-4bc3e5a86ae8
2023-07-26 19:34:24,026 [main] DEBUG balancer.ContainerBalancerTask (ContainerBalancerTask.java:lambda$moveContainer$3(837)) - Container move completed for container #88 from source 42081aed-57f6-43aa-a341-fdfa04138088 to target 2d1bb000-a697-44ed-90da-4bc3e5a86ae8
2023-07-26 19:34:24,029 [main] DEBUG balancer.ContainerBalancerTask (ContainerBalancerTask.java:matchSourceWithTarget(708)) - ContainerBalancer is finding suitable target for source datanode 42081aed-57f6-43aa-a341-fdfa04138088
2023-07-26 19:34:24,029 [main] INFO  balancer.ContainerBalancerTask (ContainerBalancerTask.java:matchSourceWithTarget(722)) - ContainerBalancer matched source datanode 42081aed-57f6-43aa-a341-fdfa04138088 with target datanode 2d1bb000-a697-44ed-90da-4bc3e5a86ae8 for container move.
2023-07-26 19:34:24,029 [main] INFO  balancer.ContainerBalancerTask (ContainerBalancerTask.java:processMoveSelection(569)) - ContainerBalancer is trying to move container #83 with size 3221225472B from source datanode 42081aed-57f6-43aa-a341-fdfa04138088 to target datanode 2d1bb000-a697-44ed-90da-4bc3e5a86ae8
2023-07-26 19:34:24,031 [main] DEBUG balancer.ContainerBalancerTask (ContainerBalancerTask.java:lambda$moveContainer$3(837)) - Container move completed for container #83 from source 42081aed-57f6-43aa-a341-fdfa04138088 to target 2d1bb000-a697-44ed-90da-4bc3e5a86ae8
2023-07-26 19:34:24,034 [main] DEBUG balancer.ContainerBalancerTask (ContainerBalancerTask.java:matchSourceWithTarget(708)) - ContainerBalancer is finding suitable target for source datanode 42081aed-57f6-43aa-a341-fdfa04138088
2023-07-26 19:34:24,035 [main] INFO  balancer.ContainerBalancerTask (ContainerBalancerTask.java:matchSourceWithTarget(722)) - ContainerBalancer matched source datanode 42081aed-57f6-43aa-a341-fdfa04138088 with target datanode 2d1bb000-a697-44ed-90da-4bc3e5a86ae8 for container move.
2023-07-26 19:34:24,035 [main] INFO  balancer.ContainerBalancerTask (ContainerBalancerTask.java:processMoveSelection(569)) - ContainerBalancer is trying to move container #86 with size 1073741824B from source datanode 42081aed-57f6-43aa-a341-fdfa04138088 to target datanode 2d1bb000-a697-44ed-90da-4bc3e5a86ae8
2023-07-26 19:34:24,035 [main] DEBUG balancer.ContainerBalancerTask (ContainerBalancerTask.java:lambda$moveContainer$3(837)) - Container move completed for container #86 from source 42081aed-57f6-43aa-a341-fdfa04138088 to target 2d1bb000-a697-44ed-90da-4bc3e5a86ae8
2023-07-26 19:34:24,038 [main] DEBUG balancer.ContainerBalancerTask (ContainerBalancerTask.java:matchSourceWithTarget(708)) - ContainerBalancer is finding suitable target for source datanode 42081aed-57f6-43aa-a341-fdfa04138088
2023-07-26 19:34:24,039 [main] INFO  balancer.FindTargetGreedyByUsageInfo (AbstractFindTargetGreedy.java:findTargetForContainerMove(133)) - Container Balancer could not find a target for source datanode 42081aed-57f6-43aa-a341-fdfa04138088
2023-07-26 19:34:24,039 [main] DEBUG balancer.ContainerBalancerTask (ContainerBalancerTask.java:matchSourceWithTarget(717)) - ContainerBalancer could not find a suitable target for source node 42081aed-57f6-43aa-a341-fdfa04138088.
2023-07-26 19:34:24,039 [main] INFO  balancer.FindSourceGreedy (FindSourceGreedy.java:getNextCandidateSourceDataNode(126)) - no more candidate source data node
2023-07-26 19:34:24,039 [main] INFO  balancer.ContainerBalancerTask (ContainerBalancerTask.java:checkIterationMoveResults(642)) - Iteration Summary. Number of Datanodes involved: 2. Size moved: 20 GB (21474836480 Bytes). Number of Container moves completed: 6.
2023-07-26 19:34:24,039 [main] INFO  balancer.ContainerBalancerTask (ContainerBalancerTask.java:balance(259)) - Result of this iteration of Container Balancer: ITERATION_COMPLETED
2023-07-26 19:34:24,043 [main] DEBUG balancer.ContainerBalancerTask (ContainerBalancerTask.java:initializeIteration(374)) - Average utilization of the cluster is 0.3404923016577234
2023-07-26 19:34:24,043 [main] DEBUG balancer.ContainerBalancerTask (ContainerBalancerTask.java:initializeIteration(386)) - Lower limit for utilization is 0.24049230165772337 and Upper limit for utilization is 0.44049230165772335
2023-07-26 19:34:24,043 [main] DEBUG balancer.ContainerBalancerTask (ContainerBalancerTask.java:initializeIteration(398)) - Utilization for node 42081aed-57f6-43aa-a341-fdfa04138088 with capacity 53687091200B, used 48318382080B, and remaining 5368709120B is 0.9
2023-07-26 19:34:24,043 [main] DEBUG balancer.ContainerBalancerTask (ContainerBalancerTask.java:initializeIteration(398)) - Utilization for node db5bd602-774c-4608-a6bd-0bd6e605c51d with capacity 55029268480B, used 44023414784B, and remaining 11005853696B is 0.8
2023-07-26 19:34:24,043 [main] DEBUG balancer.ContainerBalancerTask (ContainerBalancerTask.java:initializeIteration(398)) - Utilization for node c3c2e575-b6ba-47dc-88ac-17b0c40919f6 with capacity 90501096594B, used 63350767616B, and remaining 27150328978B is 0.70000000000221
2023-07-26 19:34:24,043 [main] DEBUG balancer.ContainerBalancerTask (ContainerBalancerTask.java:initializeIteration(398)) - Utilization for node 1eadc89e-b679-43d2-9233-b79351de3c6a with capacity 93057624746B, used 55834574848B, and remaining 37223049898B is 0.6000000000042984
2023-07-26 19:34:24,043 [main] DEBUG balancer.ContainerBalancerTask (ContainerBalancerTask.java:initializeIteration(398)) - Utilization for node 24044786-6e2d-443b-bae2-102d4aa44812 with capacity 81604378624B, used 40802189312B, and remaining 40802189312B is 0.5
2023-07-26 19:34:24,043 [main] DEBUG balancer.ContainerBalancerTask (ContainerBalancerTask.java:initializeIteration(398)) - Utilization for node a77f3690-0448-477b-8e80-f1a12093f08a with capacity 91268055040B, used 36507222016B, and remaining 54760833024B is 0.4
2023-07-26 19:34:24,043 [main] DEBUG balancer.ContainerBalancerTask (ContainerBalancerTask.java:initializeIteration(398)) - Utilization for node cc5abde4-3162-4264-9ff1-f9b7eb586d06 with capacity 121690740053B, used 36507222016B, and remaining 85183518037B is 0.3000000000008218
2023-07-26 19:34:24,043 [main] DEBUG balancer.ContainerBalancerTask (ContainerBalancerTask.java:initializeIteration(398)) - Utilization for node 84b48b4c-c973-4561-aadd-a1f4df6a3bc1 with capacity 204010946560B, used 40802189312B, and remaining 163208757248B is 0.2
2023-07-26 19:34:24,044 [main] DEBUG balancer.ContainerBalancerTask (ContainerBalancerTask.java:initializeIteration(398)) - Utilization for node e8b1e738-d496-48ff-baeb-9e15abfb115f with capacity 332859965440B, used 33285996544B, and remaining 299573968896B is 0.1
2023-07-26 19:34:24,044 [main] DEBUG balancer.ContainerBalancerTask (ContainerBalancerTask.java:initializeIteration(398)) - Utilization for node 2d1bb000-a697-44ed-90da-4bc3e5a86ae8 with capacity 49392123904B, used 0B, and remaining 49392123904B is 0.0
2023-07-26 19:34:24,044 [main] INFO  balancer.ContainerBalancerTask (ContainerBalancerTask.java:initializeIteration(447)) - Container Balancer has identified 5 Over-Utilized and 3 Under-Utilized Datanodes that need to be balanced.
2023-07-26 19:34:24,044 [main] DEBUG balancer.ContainerBalancerTask (ContainerBalancerTask.java:lambda$initializeIteration$1(453)) - Datanode localhost-57.101.104.20 42081aed-57f6-43aa-a341-fdfa04138088 is Over-Utilized.
2023-07-26 19:34:24,044 [main] DEBUG balancer.ContainerBalancerTask (ContainerBalancerTask.java:lambda$initializeIteration$1(453)) - Datanode localhost-209.111.200.227 db5bd602-774c-4608-a6bd-0bd6e605c51d is Over-Utilized.
2023-07-26 19:34:24,044 [main] DEBUG balancer.ContainerBalancerTask (ContainerBalancerTask.java:lambda$initializeIteration$1(453)) - Datanode localhost-194.73.187.104 c3c2e575-b6ba-47dc-88ac-17b0c40919f6 is Over-Utilized.
2023-07-26 19:34:24,044 [main] DEBUG balancer.ContainerBalancerTask (ContainerBalancerTask.java:lambda$initializeIteration$1(453)) - Datanode localhost-239.70.72.180 1eadc89e-b679-43d2-9233-b79351de3c6a is Over-Utilized.
2023-07-26 19:34:24,044 [main] DEBUG balancer.ContainerBalancerTask (ContainerBalancerTask.java:lambda$initializeIteration$1(453)) - Datanode localhost-117.82.82.213 24044786-6e2d-443b-bae2-102d4aa44812 is Over-Utilized.
2023-07-26 19:34:24,044 [main] DEBUG balancer.ContainerBalancerTask (ContainerBalancerTask.java:lambda$initializeIteration$2(459)) - Datanode localhost-215.147.145.207 2d1bb000-a697-44ed-90da-4bc3e5a86ae8 is Under-Utilized.
2023-07-26 19:34:24,044 [main] DEBUG balancer.ContainerBalancerTask (ContainerBalancerTask.java:lambda$initializeIteration$2(459)) - Datanode localhost-35.88.78.193 e8b1e738-d496-48ff-baeb-9e15abfb115f is Under-Utilized.
2023-07-26 19:34:24,044 [main] DEBUG balancer.ContainerBalancerTask (ContainerBalancerTask.java:lambda$initializeIteration$2(459)) - Datanode localhost-107.207.158.172 84b48b4c-c973-4561-aadd-a1f4df6a3bc1 is Under-Utilized.
2023-07-26 19:34:24,047 [main] DEBUG balancer.ContainerBalancerTask (ContainerBalancerTask.java:matchSourceWithTarget(708)) - ContainerBalancer is finding suitable target for source datanode 42081aed-57f6-43aa-a341-fdfa04138088
2023-07-26 19:34:24,048 [main] INFO  balancer.ContainerBalancerTask (ContainerBalancerTask.java:matchSourceWithTarget(722)) - ContainerBalancer matched source datanode 42081aed-57f6-43aa-a341-fdfa04138088 with target datanode 2d1bb000-a697-44ed-90da-4bc3e5a86ae8 for container move.
2023-07-26 19:34:24,048 [main] INFO  balancer.ContainerBalancerTask (ContainerBalancerTask.java:processMoveSelection(569)) - ContainerBalancer is trying to move container #85 with size 5368709120B from source datanode 42081aed-57f6-43aa-a341-fdfa04138088 to target datanode 2d1bb000-a697-44ed-90da-4bc3e5a86ae8
2023-07-26 19:34:24,048 [main] DEBUG balancer.ContainerBalancerTask (ContainerBalancerTask.java:lambda$moveContainer$3(837)) - Container move completed for container #85 from source 42081aed-57f6-43aa-a341-fdfa04138088 to target 2d1bb000-a697-44ed-90da-4bc3e5a86ae8
2023-07-26 19:34:24,048 [main] DEBUG balancer.ContainerBalancerTask (ContainerBalancerTask.java:adaptOnReachingIterationLimits(782)) - Reached max datanodes to involve limit. 2 datanodes have already been selected for balancing and the limit is 2. Only already selected sources and targets can be involved in balancing now.
2023-07-26 19:34:24,051 [main] DEBUG balancer.ContainerBalancerTask (ContainerBalancerTask.java:matchSourceWithTarget(708)) - ContainerBalancer is finding suitable target for source datanode 42081aed-57f6-43aa-a341-fdfa04138088
2023-07-26 19:34:24,051 [main] INFO  balancer.ContainerBalancerTask (ContainerBalancerTask.java:matchSourceWithTarget(722)) - ContainerBalancer matched source datanode 42081aed-57f6-43aa-a341-fdfa04138088 with target datanode 2d1bb000-a697-44ed-90da-4bc3e5a86ae8 for container move.
2023-07-26 19:34:24,051 [main] INFO  balancer.ContainerBalancerTask (ContainerBalancerTask.java:processMoveSelection(569)) - ContainerBalancer is trying to move container #89 with size 4294967296B from source datanode 42081aed-57f6-43aa-a341-fdfa04138088 to target datanode 2d1bb000-a697-44ed-90da-4bc3e5a86ae8
2023-07-26 19:34:24,051 [main] DEBUG balancer.ContainerBalancerTask (ContainerBalancerTask.java:lambda$moveContainer$3(837)) - Container move completed for container #89 from source 42081aed-57f6-43aa-a341-fdfa04138088 to target 2d1bb000-a697-44ed-90da-4bc3e5a86ae8
2023-07-26 19:34:24,054 [main] DEBUG balancer.ContainerBalancerTask (ContainerBalancerTask.java:matchSourceWithTarget(708)) - ContainerBalancer is finding suitable target for source datanode 42081aed-57f6-43aa-a341-fdfa04138088
2023-07-26 19:34:24,055 [main] INFO  balancer.ContainerBalancerTask (ContainerBalancerTask.java:matchSourceWithTarget(722)) - ContainerBalancer matched source datanode 42081aed-57f6-43aa-a341-fdfa04138088 with target datanode 2d1bb000-a697-44ed-90da-4bc3e5a86ae8 for container move.
2023-07-26 19:34:24,055 [main] INFO  balancer.ContainerBalancerTask (ContainerBalancerTask.java:processMoveSelection(569)) - ContainerBalancer is trying to move container #84 with size 4294967296B from source datanode 42081aed-57f6-43aa-a341-fdfa04138088 to target datanode 2d1bb000-a697-44ed-90da-4bc3e5a86ae8
2023-07-26 19:34:24,055 [main] DEBUG balancer.ContainerBalancerTask (ContainerBalancerTask.java:lambda$moveContainer$3(837)) - Container move completed for container #84 from source 42081aed-57f6-43aa-a341-fdfa04138088 to target 2d1bb000-a697-44ed-90da-4bc3e5a86ae8
2023-07-26 19:34:24,058 [main] DEBUG balancer.ContainerBalancerTask (ContainerBalancerTask.java:matchSourceWithTarget(708)) - ContainerBalancer is finding suitable target for source datanode 42081aed-57f6-43aa-a341-fdfa04138088
2023-07-26 19:34:24,058 [main] INFO  balancer.ContainerBalancerTask (ContainerBalancerTask.java:matchSourceWithTarget(722)) - ContainerBalancer matched source datanode 42081aed-57f6-43aa-a341-fdfa04138088 with target datanode 2d1bb000-a697-44ed-90da-4bc3e5a86ae8 for container move.
2023-07-26 19:34:24,058 [main] INFO  balancer.ContainerBalancerTask (ContainerBalancerTask.java:processMoveSelection(569)) - ContainerBalancer is trying to move container #88 with size 3221225472B from source datanode 42081aed-57f6-43aa-a341-fdfa04138088 to target datanode 2d1bb000-a697-44ed-90da-4bc3e5a86ae8
2023-07-26 19:34:24,058 [main] DEBUG balancer.ContainerBalancerTask (ContainerBalancerTask.java:lambda$moveContainer$3(837)) - Container move completed for container #88 from source 42081aed-57f6-43aa-a341-fdfa04138088 to target 2d1bb000-a697-44ed-90da-4bc3e5a86ae8
2023-07-26 19:34:24,061 [main] DEBUG balancer.ContainerBalancerTask (ContainerBalancerTask.java:matchSourceWithTarget(708)) - ContainerBalancer is finding suitable target for source datanode 42081aed-57f6-43aa-a341-fdfa04138088
2023-07-26 19:34:24,061 [main] INFO  balancer.ContainerBalancerTask (ContainerBalancerTask.java:matchSourceWithTarget(722)) - ContainerBalancer matched source datanode 42081aed-57f6-43aa-a341-fdfa04138088 with target datanode 2d1bb000-a697-44ed-90da-4bc3e5a86ae8 for container move.
2023-07-26 19:34:24,062 [main] INFO  balancer.ContainerBalancerTask (ContainerBalancerTask.java:processMoveSelection(569)) - ContainerBalancer is trying to move container #83 with size 3221225472B from source datanode 42081aed-57f6-43aa-a341-fdfa04138088 to target datanode 2d1bb000-a697-44ed-90da-4bc3e5a86ae8
2023-07-26 19:34:24,062 [main] DEBUG balancer.ContainerBalancerTask (ContainerBalancerTask.java:lambda$moveContainer$3(837)) - Container move completed for container #83 from source 42081aed-57f6-43aa-a341-fdfa04138088 to target 2d1bb000-a697-44ed-90da-4bc3e5a86ae8
2023-07-26 19:34:24,065 [main] DEBUG balancer.ContainerBalancerTask (ContainerBalancerTask.java:matchSourceWithTarget(708)) - ContainerBalancer is finding suitable target for source datanode 42081aed-57f6-43aa-a341-fdfa04138088
2023-07-26 19:34:24,065 [main] INFO  balancer.ContainerBalancerTask (ContainerBalancerTask.java:matchSourceWithTarget(722)) - ContainerBalancer matched source datanode 42081aed-57f6-43aa-a341-fdfa04138088 with target datanode 2d1bb000-a697-44ed-90da-4bc3e5a86ae8 for container move.
2023-07-26 19:34:24,066 [main] INFO  balancer.ContainerBalancerTask (ContainerBalancerTask.java:processMoveSelection(569)) - ContainerBalancer is trying to move container #86 with size 1073741824B from source datanode 42081aed-57f6-43aa-a341-fdfa04138088 to target datanode 2d1bb000-a697-44ed-90da-4bc3e5a86ae8
2023-07-26 19:34:24,066 [main] DEBUG balancer.ContainerBalancerTask (ContainerBalancerTask.java:lambda$moveContainer$3(837)) - Container move completed for container #86 from source 42081aed-57f6-43aa-a341-fdfa04138088 to target 2d1bb000-a697-44ed-90da-4bc3e5a86ae8
2023-07-26 19:34:24,069 [main] DEBUG balancer.ContainerBalancerTask (ContainerBalancerTask.java:matchSourceWithTarget(708)) - ContainerBalancer is finding suitable target for source datanode 42081aed-57f6-43aa-a341-fdfa04138088
2023-07-26 19:34:24,070 [main] INFO  balancer.FindTargetGreedyByUsageInfo (AbstractFindTargetGreedy.java:findTargetForContainerMove(133)) - Container Balancer could not find a target for source datanode 42081aed-57f6-43aa-a341-fdfa04138088
2023-07-26 19:34:24,070 [main] DEBUG balancer.ContainerBalancerTask (ContainerBalancerTask.java:matchSourceWithTarget(717)) - ContainerBalancer could not find a suitable target for source node 42081aed-57f6-43aa-a341-fdfa04138088.
2023-07-26 19:34:24,070 [main] INFO  balancer.FindSourceGreedy (FindSourceGreedy.java:getNextCandidateSourceDataNode(126)) - no more candidate source data node
2023-07-26 19:34:24,070 [main] INFO  balancer.ContainerBalancerTask (ContainerBalancerTask.java:checkIterationMoveResults(642)) - Iteration Summary. Number of Datanodes involved: 2. Size moved: 20 GB (21474836480 Bytes). Number of Container moves completed: 6.
2023-07-26 19:34:24,070 [main] INFO  balancer.ContainerBalancerTask (ContainerBalancerTask.java:balance(259)) - Result of this iteration of Container Balancer: ITERATION_COMPLETED
2023-07-26 19:34:24,070 [main] INFO  balancer.ContainerBalancerTask (ContainerBalancerTask.java:tryStopWithSaveConfiguration(308)) - Save Configuration for stopping. Reason: Completed all iterations.
]]></system-out>
  </testcase>
  <testcase name="checkIterationResult" classname="org.apache.hadoop.hdds.scm.container.balancer.TestContainerBalancerTask" time="0.107">
    <system-out><![CDATA[2023-07-26 19:34:24,095 [main] INFO  net.NodeSchemaLoader (NodeSchemaLoader.java:loadSchemaFromFile(129)) - Loading schema from [file:/home/runner/work/ozone/ozone/hadoop-hdds/common/target/classes/network-topology-default.xml]
2023-07-26 19:34:24,096 [main] INFO  net.NodeSchemaLoader (NodeSchemaLoader.java:loadSchema(176)) - Loading network topology layer schema file
2023-07-26 19:34:24,097 [main] INFO  net.NetworkTopologyImpl (NetworkTopologyImpl.java:add(112)) - Added a new node: /default-rack/ab8d53de-4f76-49f3-b443-6461f8e89a2d
2023-07-26 19:34:24,097 [main] INFO  net.NetworkTopologyImpl (NetworkTopologyImpl.java:add(112)) - Added a new node: /default-rack/733aa843-ac7d-4f19-9aaa-d3878548c76b
2023-07-26 19:34:24,098 [main] INFO  net.NetworkTopologyImpl (NetworkTopologyImpl.java:add(112)) - Added a new node: /default-rack/52e56b10-08e9-4055-8299-ba2918f23588
2023-07-26 19:34:24,098 [main] INFO  net.NetworkTopologyImpl (NetworkTopologyImpl.java:add(112)) - Added a new node: /default-rack/81500260-a9b5-4cc4-9947-572ef982707f
2023-07-26 19:34:24,098 [main] INFO  net.NetworkTopologyImpl (NetworkTopologyImpl.java:add(112)) - Added a new node: /default-rack/f680ad4b-e85e-4b55-ad96-9e1f05a89397
2023-07-26 19:34:24,098 [main] INFO  net.NetworkTopologyImpl (NetworkTopologyImpl.java:add(112)) - Added a new node: /default-rack/f8b5ca77-fec3-4226-8a23-7c999b52c9e9
2023-07-26 19:34:24,098 [main] INFO  net.NetworkTopologyImpl (NetworkTopologyImpl.java:add(112)) - Added a new node: /default-rack/2e8f9735-d133-4d15-bde5-65958dcf3558
2023-07-26 19:34:24,098 [main] INFO  net.NetworkTopologyImpl (NetworkTopologyImpl.java:add(112)) - Added a new node: /default-rack/3d407767-b985-46ab-a2dd-53a1045740af
2023-07-26 19:34:24,098 [main] INFO  net.NetworkTopologyImpl (NetworkTopologyImpl.java:add(112)) - Added a new node: /default-rack/cb2cd2ac-3223-446f-aa3a-79f3ce4d4646
2023-07-26 19:34:24,098 [main] INFO  net.NetworkTopologyImpl (NetworkTopologyImpl.java:add(112)) - Added a new node: /default-rack/06c364e4-29b1-4fcb-bcd9-b5c9ea078715
2023-07-26 19:34:24,099 [main] INFO  algorithms.ContainerPlacementPolicyFactory (ContainerPlacementPolicyFactory.java:getPolicyInternal(86)) - Create container placement policy of type org.apache.hadoop.hdds.scm.container.placement.algorithms.SCMContainerPlacementRackAware
2023-07-26 19:34:24,099 [main] INFO  algorithms.ContainerPlacementPolicyFactory (ContainerPlacementPolicyFactory.java:getPolicyInternal(86)) - Create container placement policy of type org.apache.hadoop.hdds.scm.container.placement.algorithms.SCMContainerPlacementRackScatter
2023-07-26 19:34:24,102 [main] DEBUG balancer.ContainerBalancerTask (ContainerBalancerTask.java:initializeIteration(374)) - Average utilization of the cluster is 0.3453390657899497
2023-07-26 19:34:24,102 [main] DEBUG balancer.ContainerBalancerTask (ContainerBalancerTask.java:initializeIteration(386)) - Lower limit for utilization is 0.2453390657899497 and Upper limit for utilization is 0.44533906578994975
2023-07-26 19:34:24,102 [main] DEBUG balancer.ContainerBalancerTask (ContainerBalancerTask.java:initializeIteration(398)) - Utilization for node f8b5ca77-fec3-4226-8a23-7c999b52c9e9 with capacity 58459277084B, used 52613349376B, and remaining 5845927708B is 0.9000000000068423
2023-07-26 19:34:24,102 [main] DEBUG balancer.ContainerBalancerTask (ContainerBalancerTask.java:initializeIteration(398)) - Utilization for node 06c364e4-29b1-4fcb-bcd9-b5c9ea078715 with capacity 76504104960B, used 61203283968B, and remaining 15300820992B is 0.8
2023-07-26 19:34:24,102 [main] DEBUG balancer.ContainerBalancerTask (ContainerBalancerTask.java:initializeIteration(398)) - Utilization for node 52e56b10-08e9-4055-8299-ba2918f23588 with capacity 81297595245B, used 56908316672B, and remaining 24389278573B is 0.7000000000061503
2023-07-26 19:34:24,102 [main] DEBUG balancer.ContainerBalancerTask (ContainerBalancerTask.java:initializeIteration(398)) - Utilization for node 81500260-a9b5-4cc4-9947-572ef982707f with capacity 69793218560B, used 41875931136B, and remaining 27917287424B is 0.6
2023-07-26 19:34:24,103 [main] DEBUG balancer.ContainerBalancerTask (ContainerBalancerTask.java:initializeIteration(398)) - Utilization for node cb2cd2ac-3223-446f-aa3a-79f3ce4d4646 with capacity 70866960384B, used 35433480192B, and remaining 35433480192B is 0.5
2023-07-26 19:34:24,103 [main] DEBUG balancer.ContainerBalancerTask (ContainerBalancerTask.java:initializeIteration(398)) - Utilization for node ab8d53de-4f76-49f3-b443-6461f8e89a2d with capacity 161061273600B, used 64424509440B, and remaining 96636764160B is 0.4
2023-07-26 19:34:24,103 [main] DEBUG balancer.ContainerBalancerTask (ContainerBalancerTask.java:initializeIteration(398)) - Utilization for node f680ad4b-e85e-4b55-ad96-9e1f05a89397 with capacity 121690740053B, used 36507222016B, and remaining 85183518037B is 0.3000000000008218
2023-07-26 19:34:24,103 [main] DEBUG balancer.ContainerBalancerTask (ContainerBalancerTask.java:initializeIteration(398)) - Utilization for node 2e8f9735-d133-4d15-bde5-65958dcf3558 with capacity 128849018880B, used 25769803776B, and remaining 103079215104B is 0.2
2023-07-26 19:34:24,103 [main] DEBUG balancer.ContainerBalancerTask (ContainerBalancerTask.java:initializeIteration(398)) - Utilization for node 733aa843-ac7d-4f19-9aaa-d3878548c76b with capacity 397284474880B, used 39728447488B, and remaining 357556027392B is 0.1
2023-07-26 19:34:24,103 [main] DEBUG balancer.ContainerBalancerTask (ContainerBalancerTask.java:initializeIteration(398)) - Utilization for node 3d407767-b985-46ab-a2dd-53a1045740af with capacity 34359738368B, used 0B, and remaining 34359738368B is 0.0
2023-07-26 19:34:24,103 [main] INFO  balancer.ContainerBalancerTask (ContainerBalancerTask.java:initializeIteration(447)) - Container Balancer has identified 5 Over-Utilized and 3 Under-Utilized Datanodes that need to be balanced.
2023-07-26 19:34:24,103 [main] DEBUG balancer.ContainerBalancerTask (ContainerBalancerTask.java:lambda$initializeIteration$1(453)) - Datanode localhost-52.93.53.19 f8b5ca77-fec3-4226-8a23-7c999b52c9e9 is Over-Utilized.
2023-07-26 19:34:24,103 [main] DEBUG balancer.ContainerBalancerTask (ContainerBalancerTask.java:lambda$initializeIteration$1(453)) - Datanode localhost-68.119.209.15 06c364e4-29b1-4fcb-bcd9-b5c9ea078715 is Over-Utilized.
2023-07-26 19:34:24,103 [main] DEBUG balancer.ContainerBalancerTask (ContainerBalancerTask.java:lambda$initializeIteration$1(453)) - Datanode localhost-24.214.27.148 52e56b10-08e9-4055-8299-ba2918f23588 is Over-Utilized.
2023-07-26 19:34:24,103 [main] DEBUG balancer.ContainerBalancerTask (ContainerBalancerTask.java:lambda$initializeIteration$1(453)) - Datanode localhost-43.241.18.46 81500260-a9b5-4cc4-9947-572ef982707f is Over-Utilized.
2023-07-26 19:34:24,104 [main] DEBUG balancer.ContainerBalancerTask (ContainerBalancerTask.java:lambda$initializeIteration$1(453)) - Datanode localhost-96.187.222.192 cb2cd2ac-3223-446f-aa3a-79f3ce4d4646 is Over-Utilized.
2023-07-26 19:34:24,104 [main] DEBUG balancer.ContainerBalancerTask (ContainerBalancerTask.java:lambda$initializeIteration$2(459)) - Datanode localhost-46.105.132.179 3d407767-b985-46ab-a2dd-53a1045740af is Under-Utilized.
2023-07-26 19:34:24,104 [main] DEBUG balancer.ContainerBalancerTask (ContainerBalancerTask.java:lambda$initializeIteration$2(459)) - Datanode localhost-14.164.237.191 733aa843-ac7d-4f19-9aaa-d3878548c76b is Under-Utilized.
2023-07-26 19:34:24,104 [main] DEBUG balancer.ContainerBalancerTask (ContainerBalancerTask.java:lambda$initializeIteration$2(459)) - Datanode localhost-163.119.93.244 2e8f9735-d133-4d15-bde5-65958dcf3558 is Under-Utilized.
2023-07-26 19:34:24,106 [main] DEBUG balancer.ContainerBalancerTask (ContainerBalancerTask.java:matchSourceWithTarget(708)) - ContainerBalancer is finding suitable target for source datanode f8b5ca77-fec3-4226-8a23-7c999b52c9e9
2023-07-26 19:34:24,106 [main] INFO  balancer.ContainerBalancerTask (ContainerBalancerTask.java:matchSourceWithTarget(722)) - ContainerBalancer matched source datanode f8b5ca77-fec3-4226-8a23-7c999b52c9e9 with target datanode 3d407767-b985-46ab-a2dd-53a1045740af for container move.
2023-07-26 19:34:24,106 [main] INFO  balancer.ContainerBalancerTask (ContainerBalancerTask.java:processMoveSelection(569)) - ContainerBalancer is trying to move container #84 with size 4294967296B from source datanode f8b5ca77-fec3-4226-8a23-7c999b52c9e9 to target datanode 3d407767-b985-46ab-a2dd-53a1045740af
2023-07-26 19:34:24,107 [main] DEBUG balancer.ContainerBalancerTask (ContainerBalancerTask.java:lambda$moveContainer$3(837)) - Container move completed for container #84 from source f8b5ca77-fec3-4226-8a23-7c999b52c9e9 to target 3d407767-b985-46ab-a2dd-53a1045740af
2023-07-26 19:34:24,109 [main] DEBUG balancer.ContainerBalancerTask (ContainerBalancerTask.java:matchSourceWithTarget(708)) - ContainerBalancer is finding suitable target for source datanode f8b5ca77-fec3-4226-8a23-7c999b52c9e9
2023-07-26 19:34:24,109 [main] INFO  balancer.ContainerBalancerTask (ContainerBalancerTask.java:matchSourceWithTarget(722)) - ContainerBalancer matched source datanode f8b5ca77-fec3-4226-8a23-7c999b52c9e9 with target datanode 733aa843-ac7d-4f19-9aaa-d3878548c76b for container move.
2023-07-26 19:34:24,109 [main] INFO  balancer.ContainerBalancerTask (ContainerBalancerTask.java:processMoveSelection(569)) - ContainerBalancer is trying to move container #52 with size 4294967296B from source datanode f8b5ca77-fec3-4226-8a23-7c999b52c9e9 to target datanode 733aa843-ac7d-4f19-9aaa-d3878548c76b
2023-07-26 19:34:24,109 [main] DEBUG balancer.ContainerBalancerTask (ContainerBalancerTask.java:lambda$moveContainer$3(837)) - Container move completed for container #52 from source f8b5ca77-fec3-4226-8a23-7c999b52c9e9 to target 733aa843-ac7d-4f19-9aaa-d3878548c76b
2023-07-26 19:34:24,112 [main] DEBUG balancer.ContainerBalancerTask (ContainerBalancerTask.java:matchSourceWithTarget(708)) - ContainerBalancer is finding suitable target for source datanode 06c364e4-29b1-4fcb-bcd9-b5c9ea078715
2023-07-26 19:34:24,112 [main] INFO  balancer.ContainerBalancerTask (ContainerBalancerTask.java:matchSourceWithTarget(722)) - ContainerBalancer matched source datanode 06c364e4-29b1-4fcb-bcd9-b5c9ea078715 with target datanode 733aa843-ac7d-4f19-9aaa-d3878548c76b for container move.
2023-07-26 19:34:24,112 [main] INFO  balancer.ContainerBalancerTask (ContainerBalancerTask.java:processMoveSelection(569)) - ContainerBalancer is trying to move container #68 with size 5368709120B from source datanode 06c364e4-29b1-4fcb-bcd9-b5c9ea078715 to target datanode 733aa843-ac7d-4f19-9aaa-d3878548c76b
2023-07-26 19:34:24,112 [main] DEBUG balancer.ContainerBalancerTask (ContainerBalancerTask.java:lambda$moveContainer$3(837)) - Container move completed for container #68 from source 06c364e4-29b1-4fcb-bcd9-b5c9ea078715 to target 733aa843-ac7d-4f19-9aaa-d3878548c76b
2023-07-26 19:34:24,114 [main] DEBUG balancer.ContainerBalancerTask (ContainerBalancerTask.java:matchSourceWithTarget(708)) - ContainerBalancer is finding suitable target for source datanode f8b5ca77-fec3-4226-8a23-7c999b52c9e9
2023-07-26 19:34:24,115 [main] INFO  balancer.ContainerBalancerTask (ContainerBalancerTask.java:matchSourceWithTarget(722)) - ContainerBalancer matched source datanode f8b5ca77-fec3-4226-8a23-7c999b52c9e9 with target datanode 733aa843-ac7d-4f19-9aaa-d3878548c76b for container move.
2023-07-26 19:34:24,115 [main] INFO  balancer.ContainerBalancerTask (ContainerBalancerTask.java:processMoveSelection(569)) - ContainerBalancer is trying to move container #86 with size 1073741824B from source datanode f8b5ca77-fec3-4226-8a23-7c999b52c9e9 to target datanode 733aa843-ac7d-4f19-9aaa-d3878548c76b
2023-07-26 19:34:24,115 [main] DEBUG balancer.ContainerBalancerTask (ContainerBalancerTask.java:lambda$moveContainer$3(837)) - Container move completed for container #86 from source f8b5ca77-fec3-4226-8a23-7c999b52c9e9 to target 733aa843-ac7d-4f19-9aaa-d3878548c76b
2023-07-26 19:34:24,117 [main] DEBUG balancer.ContainerBalancerTask (ContainerBalancerTask.java:matchSourceWithTarget(708)) - ContainerBalancer is finding suitable target for source datanode f8b5ca77-fec3-4226-8a23-7c999b52c9e9
2023-07-26 19:34:24,117 [main] INFO  balancer.ContainerBalancerTask (ContainerBalancerTask.java:matchSourceWithTarget(722)) - ContainerBalancer matched source datanode f8b5ca77-fec3-4226-8a23-7c999b52c9e9 with target datanode 3d407767-b985-46ab-a2dd-53a1045740af for container move.
2023-07-26 19:34:24,118 [main] INFO  balancer.ContainerBalancerTask (ContainerBalancerTask.java:processMoveSelection(569)) - ContainerBalancer is trying to move container #88 with size 3221225472B from source datanode f8b5ca77-fec3-4226-8a23-7c999b52c9e9 to target datanode 3d407767-b985-46ab-a2dd-53a1045740af
2023-07-26 19:34:24,118 [main] DEBUG balancer.ContainerBalancerTask (ContainerBalancerTask.java:lambda$moveContainer$3(837)) - Container move completed for container #88 from source f8b5ca77-fec3-4226-8a23-7c999b52c9e9 to target 3d407767-b985-46ab-a2dd-53a1045740af
2023-07-26 19:34:24,120 [main] DEBUG balancer.ContainerBalancerTask (ContainerBalancerTask.java:matchSourceWithTarget(708)) - ContainerBalancer is finding suitable target for source datanode 06c364e4-29b1-4fcb-bcd9-b5c9ea078715
2023-07-26 19:34:24,120 [main] INFO  balancer.ContainerBalancerTask (ContainerBalancerTask.java:matchSourceWithTarget(722)) - ContainerBalancer matched source datanode 06c364e4-29b1-4fcb-bcd9-b5c9ea078715 with target datanode 2e8f9735-d133-4d15-bde5-65958dcf3558 for container move.
2023-07-26 19:34:24,121 [main] INFO  balancer.ContainerBalancerTask (ContainerBalancerTask.java:processMoveSelection(569)) - ContainerBalancer is trying to move container #40 with size 5368709120B from source datanode 06c364e4-29b1-4fcb-bcd9-b5c9ea078715 to target datanode 2e8f9735-d133-4d15-bde5-65958dcf3558
2023-07-26 19:34:24,121 [main] DEBUG balancer.ContainerBalancerTask (ContainerBalancerTask.java:lambda$moveContainer$3(837)) - Container move completed for container #40 from source 06c364e4-29b1-4fcb-bcd9-b5c9ea078715 to target 2e8f9735-d133-4d15-bde5-65958dcf3558
2023-07-26 19:34:24,124 [main] DEBUG balancer.ContainerBalancerTask (ContainerBalancerTask.java:matchSourceWithTarget(708)) - ContainerBalancer is finding suitable target for source datanode 52e56b10-08e9-4055-8299-ba2918f23588
2023-07-26 19:34:24,124 [main] INFO  balancer.ContainerBalancerTask (ContainerBalancerTask.java:matchSourceWithTarget(722)) - ContainerBalancer matched source datanode 52e56b10-08e9-4055-8299-ba2918f23588 with target datanode 3d407767-b985-46ab-a2dd-53a1045740af for container move.
2023-07-26 19:34:24,124 [main] INFO  balancer.ContainerBalancerTask (ContainerBalancerTask.java:processMoveSelection(569)) - ContainerBalancer is trying to move container #18 with size 3221225472B from source datanode 52e56b10-08e9-4055-8299-ba2918f23588 to target datanode 3d407767-b985-46ab-a2dd-53a1045740af
2023-07-26 19:34:24,124 [main] DEBUG balancer.ContainerBalancerTask (ContainerBalancerTask.java:lambda$moveContainer$3(837)) - Container move completed for container #18 from source 52e56b10-08e9-4055-8299-ba2918f23588 to target 3d407767-b985-46ab-a2dd-53a1045740af
2023-07-26 19:34:24,127 [main] DEBUG balancer.ContainerBalancerTask (ContainerBalancerTask.java:matchSourceWithTarget(708)) - ContainerBalancer is finding suitable target for source datanode f8b5ca77-fec3-4226-8a23-7c999b52c9e9
2023-07-26 19:34:24,127 [main] INFO  balancer.ContainerBalancerTask (ContainerBalancerTask.java:matchSourceWithTarget(722)) - ContainerBalancer matched source datanode f8b5ca77-fec3-4226-8a23-7c999b52c9e9 with target datanode 2e8f9735-d133-4d15-bde5-65958dcf3558 for container move.
2023-07-26 19:34:24,127 [main] INFO  balancer.ContainerBalancerTask (ContainerBalancerTask.java:processMoveSelection(569)) - ContainerBalancer is trying to move container #82 with size 2147483648B from source datanode f8b5ca77-fec3-4226-8a23-7c999b52c9e9 to target datanode 2e8f9735-d133-4d15-bde5-65958dcf3558
2023-07-26 19:34:24,128 [main] DEBUG balancer.ContainerBalancerTask (ContainerBalancerTask.java:lambda$moveContainer$3(837)) - Container move completed for container #82 from source f8b5ca77-fec3-4226-8a23-7c999b52c9e9 to target 2e8f9735-d133-4d15-bde5-65958dcf3558
2023-07-26 19:34:24,131 [main] DEBUG balancer.ContainerBalancerTask (ContainerBalancerTask.java:matchSourceWithTarget(708)) - ContainerBalancer is finding suitable target for source datanode 52e56b10-08e9-4055-8299-ba2918f23588
2023-07-26 19:34:24,131 [main] INFO  balancer.ContainerBalancerTask (ContainerBalancerTask.java:matchSourceWithTarget(722)) - ContainerBalancer matched source datanode 52e56b10-08e9-4055-8299-ba2918f23588 with target datanode 2e8f9735-d133-4d15-bde5-65958dcf3558 for container move.
2023-07-26 19:34:24,131 [main] INFO  balancer.ContainerBalancerTask (ContainerBalancerTask.java:processMoveSelection(569)) - ContainerBalancer is trying to move container #50 with size 2147483648B from source datanode 52e56b10-08e9-4055-8299-ba2918f23588 to target datanode 2e8f9735-d133-4d15-bde5-65958dcf3558
2023-07-26 19:34:24,131 [main] DEBUG balancer.ContainerBalancerTask (ContainerBalancerTask.java:lambda$moveContainer$3(837)) - Container move completed for container #50 from source 52e56b10-08e9-4055-8299-ba2918f23588 to target 2e8f9735-d133-4d15-bde5-65958dcf3558
2023-07-26 19:34:24,134 [main] DEBUG balancer.ContainerBalancerTask (ContainerBalancerTask.java:matchSourceWithTarget(708)) - ContainerBalancer is finding suitable target for source datanode 06c364e4-29b1-4fcb-bcd9-b5c9ea078715
2023-07-26 19:34:24,135 [main] INFO  balancer.ContainerBalancerTask (ContainerBalancerTask.java:matchSourceWithTarget(722)) - ContainerBalancer matched source datanode 06c364e4-29b1-4fcb-bcd9-b5c9ea078715 with target datanode 2e8f9735-d133-4d15-bde5-65958dcf3558 for container move.
2023-07-26 19:34:24,135 [main] INFO  balancer.ContainerBalancerTask (ContainerBalancerTask.java:processMoveSelection(569)) - ContainerBalancer is trying to move container #64 with size 1073741824B from source datanode 06c364e4-29b1-4fcb-bcd9-b5c9ea078715 to target datanode 2e8f9735-d133-4d15-bde5-65958dcf3558
2023-07-26 19:34:24,135 [main] DEBUG balancer.ContainerBalancerTask (ContainerBalancerTask.java:lambda$moveContainer$3(837)) - Container move completed for container #64 from source 06c364e4-29b1-4fcb-bcd9-b5c9ea078715 to target 2e8f9735-d133-4d15-bde5-65958dcf3558
2023-07-26 19:34:24,138 [main] DEBUG balancer.ContainerBalancerTask (ContainerBalancerTask.java:matchSourceWithTarget(708)) - ContainerBalancer is finding suitable target for source datanode 06c364e4-29b1-4fcb-bcd9-b5c9ea078715
2023-07-26 19:34:24,138 [main] INFO  balancer.FindTargetGreedyByUsageInfo (AbstractFindTargetGreedy.java:findTargetForContainerMove(133)) - Container Balancer could not find a target for source datanode 06c364e4-29b1-4fcb-bcd9-b5c9ea078715
2023-07-26 19:34:24,138 [main] DEBUG balancer.ContainerBalancerTask (ContainerBalancerTask.java:matchSourceWithTarget(717)) - ContainerBalancer could not find a suitable target for source node 06c364e4-29b1-4fcb-bcd9-b5c9ea078715.
2023-07-26 19:34:24,141 [main] DEBUG balancer.ContainerBalancerTask (ContainerBalancerTask.java:matchSourceWithTarget(708)) - ContainerBalancer is finding suitable target for source datanode f8b5ca77-fec3-4226-8a23-7c999b52c9e9
2023-07-26 19:34:24,141 [main] INFO  balancer.FindTargetGreedyByUsageInfo (AbstractFindTargetGreedy.java:findTargetForContainerMove(133)) - Container Balancer could not find a target for source datanode f8b5ca77-fec3-4226-8a23-7c999b52c9e9
2023-07-26 19:34:24,141 [main] DEBUG balancer.ContainerBalancerTask (ContainerBalancerTask.java:matchSourceWithTarget(717)) - ContainerBalancer could not find a suitable target for source node f8b5ca77-fec3-4226-8a23-7c999b52c9e9.
2023-07-26 19:34:24,144 [main] DEBUG balancer.ContainerBalancerTask (ContainerBalancerTask.java:matchSourceWithTarget(708)) - ContainerBalancer is finding suitable target for source datanode 52e56b10-08e9-4055-8299-ba2918f23588
2023-07-26 19:34:24,144 [main] INFO  balancer.FindTargetGreedyByUsageInfo (AbstractFindTargetGreedy.java:findTargetForContainerMove(133)) - Container Balancer could not find a target for source datanode 52e56b10-08e9-4055-8299-ba2918f23588
2023-07-26 19:34:24,144 [main] DEBUG balancer.ContainerBalancerTask (ContainerBalancerTask.java:matchSourceWithTarget(717)) - ContainerBalancer could not find a suitable target for source node 52e56b10-08e9-4055-8299-ba2918f23588.
2023-07-26 19:34:24,147 [main] DEBUG balancer.ContainerBalancerTask (ContainerBalancerTask.java:matchSourceWithTarget(708)) - ContainerBalancer is finding suitable target for source datanode 81500260-a9b5-4cc4-9947-572ef982707f
2023-07-26 19:34:24,147 [main] INFO  balancer.FindTargetGreedyByUsageInfo (AbstractFindTargetGreedy.java:findTargetForContainerMove(133)) - Container Balancer could not find a target for source datanode 81500260-a9b5-4cc4-9947-572ef982707f
2023-07-26 19:34:24,147 [main] DEBUG balancer.ContainerBalancerTask (ContainerBalancerTask.java:matchSourceWithTarget(717)) - ContainerBalancer could not find a suitable target for source node 81500260-a9b5-4cc4-9947-572ef982707f.
2023-07-26 19:34:24,149 [main] DEBUG balancer.ContainerBalancerTask (ContainerBalancerTask.java:matchSourceWithTarget(708)) - ContainerBalancer is finding suitable target for source datanode cb2cd2ac-3223-446f-aa3a-79f3ce4d4646
2023-07-26 19:34:24,149 [main] INFO  balancer.FindTargetGreedyByUsageInfo (AbstractFindTargetGreedy.java:findTargetForContainerMove(133)) - Container Balancer could not find a target for source datanode cb2cd2ac-3223-446f-aa3a-79f3ce4d4646
2023-07-26 19:34:24,149 [main] DEBUG balancer.ContainerBalancerTask (ContainerBalancerTask.java:matchSourceWithTarget(717)) - ContainerBalancer could not find a suitable target for source node cb2cd2ac-3223-446f-aa3a-79f3ce4d4646.
2023-07-26 19:34:24,149 [main] INFO  balancer.FindSourceGreedy (FindSourceGreedy.java:getNextCandidateSourceDataNode(126)) - no more candidate source data node
2023-07-26 19:34:24,150 [main] INFO  balancer.ContainerBalancerTask (ContainerBalancerTask.java:checkIterationMoveResults(642)) - Iteration Summary. Number of Datanodes involved: 6. Size moved: 30 GB (32212254720 Bytes). Number of Container moves completed: 10.
2023-07-26 19:34:24,150 [main] INFO  balancer.ContainerBalancerTask (ContainerBalancerTask.java:balance(259)) - Result of this iteration of Container Balancer: ITERATION_COMPLETED
2023-07-26 19:34:24,150 [main] INFO  balancer.ContainerBalancerTask (ContainerBalancerTask.java:tryStopWithSaveConfiguration(308)) - Save Configuration for stopping. Reason: Completed all iterations.
2023-07-26 19:34:24,151 [main] DEBUG balancer.ContainerBalancerTask (ContainerBalancerTask.java:initializeIteration(374)) - Average utilization of the cluster is 0.3453390657899497
2023-07-26 19:34:24,151 [main] DEBUG balancer.ContainerBalancerTask (ContainerBalancerTask.java:initializeIteration(386)) - Lower limit for utilization is 0.2453390657899497 and Upper limit for utilization is 0.44533906578994975
2023-07-26 19:34:24,151 [main] DEBUG balancer.ContainerBalancerTask (ContainerBalancerTask.java:initializeIteration(398)) - Utilization for node f8b5ca77-fec3-4226-8a23-7c999b52c9e9 with capacity 58459277084B, used 52613349376B, and remaining 5845927708B is 0.9000000000068423
2023-07-26 19:34:24,151 [main] DEBUG balancer.ContainerBalancerTask (ContainerBalancerTask.java:initializeIteration(398)) - Utilization for node 06c364e4-29b1-4fcb-bcd9-b5c9ea078715 with capacity 76504104960B, used 61203283968B, and remaining 15300820992B is 0.8
2023-07-26 19:34:24,151 [main] DEBUG balancer.ContainerBalancerTask (ContainerBalancerTask.java:initializeIteration(398)) - Utilization for node 52e56b10-08e9-4055-8299-ba2918f23588 with capacity 81297595245B, used 56908316672B, and remaining 24389278573B is 0.7000000000061503
2023-07-26 19:34:24,152 [main] DEBUG balancer.ContainerBalancerTask (ContainerBalancerTask.java:initializeIteration(398)) - Utilization for node 81500260-a9b5-4cc4-9947-572ef982707f with capacity 69793218560B, used 41875931136B, and remaining 27917287424B is 0.6
2023-07-26 19:34:24,152 [main] DEBUG balancer.ContainerBalancerTask (ContainerBalancerTask.java:initializeIteration(398)) - Utilization for node cb2cd2ac-3223-446f-aa3a-79f3ce4d4646 with capacity 70866960384B, used 35433480192B, and remaining 35433480192B is 0.5
2023-07-26 19:34:24,152 [main] DEBUG balancer.ContainerBalancerTask (ContainerBalancerTask.java:initializeIteration(398)) - Utilization for node ab8d53de-4f76-49f3-b443-6461f8e89a2d with capacity 161061273600B, used 64424509440B, and remaining 96636764160B is 0.4
2023-07-26 19:34:24,152 [main] DEBUG balancer.ContainerBalancerTask (ContainerBalancerTask.java:initializeIteration(398)) - Utilization for node f680ad4b-e85e-4b55-ad96-9e1f05a89397 with capacity 121690740053B, used 36507222016B, and remaining 85183518037B is 0.3000000000008218
2023-07-26 19:34:24,152 [main] DEBUG balancer.ContainerBalancerTask (ContainerBalancerTask.java:initializeIteration(398)) - Utilization for node 2e8f9735-d133-4d15-bde5-65958dcf3558 with capacity 128849018880B, used 25769803776B, and remaining 103079215104B is 0.2
2023-07-26 19:34:24,152 [main] DEBUG balancer.ContainerBalancerTask (ContainerBalancerTask.java:initializeIteration(398)) - Utilization for node 733aa843-ac7d-4f19-9aaa-d3878548c76b with capacity 397284474880B, used 39728447488B, and remaining 357556027392B is 0.1
2023-07-26 19:34:24,152 [main] DEBUG balancer.ContainerBalancerTask (ContainerBalancerTask.java:initializeIteration(398)) - Utilization for node 3d407767-b985-46ab-a2dd-53a1045740af with capacity 34359738368B, used 0B, and remaining 34359738368B is 0.0
2023-07-26 19:34:24,152 [main] INFO  balancer.ContainerBalancerTask (ContainerBalancerTask.java:initializeIteration(447)) - Container Balancer has identified 5 Over-Utilized and 3 Under-Utilized Datanodes that need to be balanced.
2023-07-26 19:34:24,152 [main] DEBUG balancer.ContainerBalancerTask (ContainerBalancerTask.java:lambda$initializeIteration$1(453)) - Datanode localhost-52.93.53.19 f8b5ca77-fec3-4226-8a23-7c999b52c9e9 is Over-Utilized.
2023-07-26 19:34:24,152 [main] DEBUG balancer.ContainerBalancerTask (ContainerBalancerTask.java:lambda$initializeIteration$1(453)) - Datanode localhost-68.119.209.15 06c364e4-29b1-4fcb-bcd9-b5c9ea078715 is Over-Utilized.
2023-07-26 19:34:24,152 [main] DEBUG balancer.ContainerBalancerTask (ContainerBalancerTask.java:lambda$initializeIteration$1(453)) - Datanode localhost-24.214.27.148 52e56b10-08e9-4055-8299-ba2918f23588 is Over-Utilized.
2023-07-26 19:34:24,153 [main] DEBUG balancer.ContainerBalancerTask (ContainerBalancerTask.java:lambda$initializeIteration$1(453)) - Datanode localhost-43.241.18.46 81500260-a9b5-4cc4-9947-572ef982707f is Over-Utilized.
2023-07-26 19:34:24,153 [main] DEBUG balancer.ContainerBalancerTask (ContainerBalancerTask.java:lambda$initializeIteration$1(453)) - Datanode localhost-96.187.222.192 cb2cd2ac-3223-446f-aa3a-79f3ce4d4646 is Over-Utilized.
2023-07-26 19:34:24,153 [main] DEBUG balancer.ContainerBalancerTask (ContainerBalancerTask.java:lambda$initializeIteration$2(459)) - Datanode localhost-46.105.132.179 3d407767-b985-46ab-a2dd-53a1045740af is Under-Utilized.
2023-07-26 19:34:24,153 [main] DEBUG balancer.ContainerBalancerTask (ContainerBalancerTask.java:lambda$initializeIteration$2(459)) - Datanode localhost-14.164.237.191 733aa843-ac7d-4f19-9aaa-d3878548c76b is Under-Utilized.
2023-07-26 19:34:24,153 [main] DEBUG balancer.ContainerBalancerTask (ContainerBalancerTask.java:lambda$initializeIteration$2(459)) - Datanode localhost-163.119.93.244 2e8f9735-d133-4d15-bde5-65958dcf3558 is Under-Utilized.
2023-07-26 19:34:24,155 [main] DEBUG balancer.ContainerBalancerTask (ContainerBalancerTask.java:matchSourceWithTarget(708)) - ContainerBalancer is finding suitable target for source datanode f8b5ca77-fec3-4226-8a23-7c999b52c9e9
2023-07-26 19:34:24,155 [main] INFO  balancer.ContainerBalancerTask (ContainerBalancerTask.java:matchSourceWithTarget(722)) - ContainerBalancer matched source datanode f8b5ca77-fec3-4226-8a23-7c999b52c9e9 with target datanode 3d407767-b985-46ab-a2dd-53a1045740af for container move.
2023-07-26 19:34:24,155 [main] INFO  balancer.ContainerBalancerTask (ContainerBalancerTask.java:processMoveSelection(569)) - ContainerBalancer is trying to move container #84 with size 4294967296B from source datanode f8b5ca77-fec3-4226-8a23-7c999b52c9e9 to target datanode 3d407767-b985-46ab-a2dd-53a1045740af
2023-07-26 19:34:24,155 [main] WARN  balancer.ContainerBalancerTask (ContainerBalancerTask.java:lambda$moveContainer$3(842)) - Container move for container #84 from source f8b5ca77-fec3-4226-8a23-7c999b52c9e9 to target 3d407767-b985-46ab-a2dd-53a1045740af failed: REPLICATION_FAIL_NODE_UNHEALTHY
2023-07-26 19:34:24,158 [main] DEBUG balancer.ContainerBalancerTask (ContainerBalancerTask.java:matchSourceWithTarget(708)) - ContainerBalancer is finding suitable target for source datanode 06c364e4-29b1-4fcb-bcd9-b5c9ea078715
2023-07-26 19:34:24,158 [main] INFO  balancer.ContainerBalancerTask (ContainerBalancerTask.java:matchSourceWithTarget(722)) - ContainerBalancer matched source datanode 06c364e4-29b1-4fcb-bcd9-b5c9ea078715 with target datanode 3d407767-b985-46ab-a2dd-53a1045740af for container move.
2023-07-26 19:34:24,158 [main] INFO  balancer.ContainerBalancerTask (ContainerBalancerTask.java:processMoveSelection(569)) - ContainerBalancer is trying to move container #68 with size 5368709120B from source datanode 06c364e4-29b1-4fcb-bcd9-b5c9ea078715 to target datanode 3d407767-b985-46ab-a2dd-53a1045740af
2023-07-26 19:34:24,158 [main] WARN  balancer.ContainerBalancerTask (ContainerBalancerTask.java:lambda$moveContainer$3(842)) - Container move for container #68 from source 06c364e4-29b1-4fcb-bcd9-b5c9ea078715 to target 3d407767-b985-46ab-a2dd-53a1045740af failed: REPLICATION_FAIL_NODE_UNHEALTHY
2023-07-26 19:34:24,160 [main] DEBUG balancer.ContainerBalancerTask (ContainerBalancerTask.java:matchSourceWithTarget(708)) - ContainerBalancer is finding suitable target for source datanode 52e56b10-08e9-4055-8299-ba2918f23588
2023-07-26 19:34:24,161 [main] INFO  balancer.ContainerBalancerTask (ContainerBalancerTask.java:matchSourceWithTarget(722)) - ContainerBalancer matched source datanode 52e56b10-08e9-4055-8299-ba2918f23588 with target datanode 3d407767-b985-46ab-a2dd-53a1045740af for container move.
2023-07-26 19:34:24,161 [main] INFO  balancer.ContainerBalancerTask (ContainerBalancerTask.java:processMoveSelection(569)) - ContainerBalancer is trying to move container #68 with size 5368709120B from source datanode 52e56b10-08e9-4055-8299-ba2918f23588 to target datanode 3d407767-b985-46ab-a2dd-53a1045740af
2023-07-26 19:34:24,161 [main] WARN  balancer.ContainerBalancerTask (ContainerBalancerTask.java:lambda$moveContainer$3(842)) - Container move for container #68 from source 52e56b10-08e9-4055-8299-ba2918f23588 to target 3d407767-b985-46ab-a2dd-53a1045740af failed: REPLICATION_FAIL_NODE_UNHEALTHY
2023-07-26 19:34:24,162 [main] DEBUG balancer.ContainerBalancerTask (ContainerBalancerTask.java:matchSourceWithTarget(708)) - ContainerBalancer is finding suitable target for source datanode 81500260-a9b5-4cc4-9947-572ef982707f
2023-07-26 19:34:24,163 [main] INFO  balancer.ContainerBalancerTask (ContainerBalancerTask.java:matchSourceWithTarget(722)) - ContainerBalancer matched source datanode 81500260-a9b5-4cc4-9947-572ef982707f with target datanode 3d407767-b985-46ab-a2dd-53a1045740af for container move.
2023-07-26 19:34:24,163 [main] INFO  balancer.ContainerBalancerTask (ContainerBalancerTask.java:processMoveSelection(569)) - ContainerBalancer is trying to move container #40 with size 5368709120B from source datanode 81500260-a9b5-4cc4-9947-572ef982707f to target datanode 3d407767-b985-46ab-a2dd-53a1045740af
2023-07-26 19:34:24,163 [main] WARN  balancer.ContainerBalancerTask (ContainerBalancerTask.java:lambda$moveContainer$3(842)) - Container move for container #40 from source 81500260-a9b5-4cc4-9947-572ef982707f to target 3d407767-b985-46ab-a2dd-53a1045740af failed: REPLICATION_FAIL_NODE_UNHEALTHY
2023-07-26 19:34:24,164 [main] DEBUG balancer.ContainerBalancerTask (ContainerBalancerTask.java:matchSourceWithTarget(708)) - ContainerBalancer is finding suitable target for source datanode cb2cd2ac-3223-446f-aa3a-79f3ce4d4646
2023-07-26 19:34:24,164 [main] INFO  balancer.ContainerBalancerTask (ContainerBalancerTask.java:matchSourceWithTarget(722)) - ContainerBalancer matched source datanode cb2cd2ac-3223-446f-aa3a-79f3ce4d4646 with target datanode 3d407767-b985-46ab-a2dd-53a1045740af for container move.
2023-07-26 19:34:24,164 [main] INFO  balancer.ContainerBalancerTask (ContainerBalancerTask.java:processMoveSelection(569)) - ContainerBalancer is trying to move container #28 with size 4294967296B from source datanode cb2cd2ac-3223-446f-aa3a-79f3ce4d4646 to target datanode 3d407767-b985-46ab-a2dd-53a1045740af
2023-07-26 19:34:24,165 [main] WARN  balancer.ContainerBalancerTask (ContainerBalancerTask.java:lambda$moveContainer$3(842)) - Container move for container #28 from source cb2cd2ac-3223-446f-aa3a-79f3ce4d4646 to target 3d407767-b985-46ab-a2dd-53a1045740af failed: REPLICATION_FAIL_NODE_UNHEALTHY
2023-07-26 19:34:24,165 [main] INFO  balancer.FindSourceGreedy (FindSourceGreedy.java:getNextCandidateSourceDataNode(126)) - no more candidate source data node
2023-07-26 19:34:24,165 [main] INFO  balancer.ContainerBalancerTask (ContainerBalancerTask.java:checkIterationMoveResults(642)) - Iteration Summary. Number of Datanodes involved: 0. Size moved: 0 B (0 Bytes). Number of Container moves completed: 0.
2023-07-26 19:34:24,165 [main] INFO  balancer.ContainerBalancerTask (ContainerBalancerTask.java:balance(259)) - Result of this iteration of Container Balancer: ITERATION_COMPLETED
2023-07-26 19:34:24,165 [main] INFO  balancer.ContainerBalancerTask (ContainerBalancerTask.java:tryStopWithSaveConfiguration(308)) - Save Configuration for stopping. Reason: Completed all iterations.
2023-07-26 19:34:24,166 [main] DEBUG balancer.ContainerBalancerTask (ContainerBalancerTask.java:initializeIteration(374)) - Average utilization of the cluster is 0.3453390657899497
2023-07-26 19:34:24,166 [main] DEBUG balancer.ContainerBalancerTask (ContainerBalancerTask.java:initializeIteration(386)) - Lower limit for utilization is 0.2453390657899497 and Upper limit for utilization is 0.44533906578994975
2023-07-26 19:34:24,166 [main] DEBUG balancer.ContainerBalancerTask (ContainerBalancerTask.java:initializeIteration(398)) - Utilization for node f8b5ca77-fec3-4226-8a23-7c999b52c9e9 with capacity 58459277084B, used 52613349376B, and remaining 5845927708B is 0.9000000000068423
2023-07-26 19:34:24,166 [main] DEBUG balancer.ContainerBalancerTask (ContainerBalancerTask.java:initializeIteration(398)) - Utilization for node 06c364e4-29b1-4fcb-bcd9-b5c9ea078715 with capacity 76504104960B, used 61203283968B, and remaining 15300820992B is 0.8
2023-07-26 19:34:24,166 [main] DEBUG balancer.ContainerBalancerTask (ContainerBalancerTask.java:initializeIteration(398)) - Utilization for node 52e56b10-08e9-4055-8299-ba2918f23588 with capacity 81297595245B, used 56908316672B, and remaining 24389278573B is 0.7000000000061503
2023-07-26 19:34:24,166 [main] DEBUG balancer.ContainerBalancerTask (ContainerBalancerTask.java:initializeIteration(398)) - Utilization for node 81500260-a9b5-4cc4-9947-572ef982707f with capacity 69793218560B, used 41875931136B, and remaining 27917287424B is 0.6
2023-07-26 19:34:24,166 [main] DEBUG balancer.ContainerBalancerTask (ContainerBalancerTask.java:initializeIteration(398)) - Utilization for node cb2cd2ac-3223-446f-aa3a-79f3ce4d4646 with capacity 70866960384B, used 35433480192B, and remaining 35433480192B is 0.5
2023-07-26 19:34:24,167 [main] DEBUG balancer.ContainerBalancerTask (ContainerBalancerTask.java:initializeIteration(398)) - Utilization for node ab8d53de-4f76-49f3-b443-6461f8e89a2d with capacity 161061273600B, used 64424509440B, and remaining 96636764160B is 0.4
2023-07-26 19:34:24,167 [main] DEBUG balancer.ContainerBalancerTask (ContainerBalancerTask.java:initializeIteration(398)) - Utilization for node f680ad4b-e85e-4b55-ad96-9e1f05a89397 with capacity 121690740053B, used 36507222016B, and remaining 85183518037B is 0.3000000000008218
2023-07-26 19:34:24,167 [main] DEBUG balancer.ContainerBalancerTask (ContainerBalancerTask.java:initializeIteration(398)) - Utilization for node 2e8f9735-d133-4d15-bde5-65958dcf3558 with capacity 128849018880B, used 25769803776B, and remaining 103079215104B is 0.2
2023-07-26 19:34:24,167 [main] DEBUG balancer.ContainerBalancerTask (ContainerBalancerTask.java:initializeIteration(398)) - Utilization for node 733aa843-ac7d-4f19-9aaa-d3878548c76b with capacity 397284474880B, used 39728447488B, and remaining 357556027392B is 0.1
2023-07-26 19:34:24,167 [main] DEBUG balancer.ContainerBalancerTask (ContainerBalancerTask.java:initializeIteration(398)) - Utilization for node 3d407767-b985-46ab-a2dd-53a1045740af with capacity 34359738368B, used 0B, and remaining 34359738368B is 0.0
2023-07-26 19:34:24,167 [main] INFO  balancer.ContainerBalancerTask (ContainerBalancerTask.java:initializeIteration(447)) - Container Balancer has identified 5 Over-Utilized and 3 Under-Utilized Datanodes that need to be balanced.
2023-07-26 19:34:24,167 [main] DEBUG balancer.ContainerBalancerTask (ContainerBalancerTask.java:lambda$initializeIteration$1(453)) - Datanode localhost-52.93.53.19 f8b5ca77-fec3-4226-8a23-7c999b52c9e9 is Over-Utilized.
2023-07-26 19:34:24,167 [main] DEBUG balancer.ContainerBalancerTask (ContainerBalancerTask.java:lambda$initializeIteration$1(453)) - Datanode localhost-68.119.209.15 06c364e4-29b1-4fcb-bcd9-b5c9ea078715 is Over-Utilized.
2023-07-26 19:34:24,167 [main] DEBUG balancer.ContainerBalancerTask (ContainerBalancerTask.java:lambda$initializeIteration$1(453)) - Datanode localhost-24.214.27.148 52e56b10-08e9-4055-8299-ba2918f23588 is Over-Utilized.
2023-07-26 19:34:24,167 [main] DEBUG balancer.ContainerBalancerTask (ContainerBalancerTask.java:lambda$initializeIteration$1(453)) - Datanode localhost-43.241.18.46 81500260-a9b5-4cc4-9947-572ef982707f is Over-Utilized.
2023-07-26 19:34:24,168 [main] DEBUG balancer.ContainerBalancerTask (ContainerBalancerTask.java:lambda$initializeIteration$1(453)) - Datanode localhost-96.187.222.192 cb2cd2ac-3223-446f-aa3a-79f3ce4d4646 is Over-Utilized.
2023-07-26 19:34:24,168 [main] DEBUG balancer.ContainerBalancerTask (ContainerBalancerTask.java:lambda$initializeIteration$2(459)) - Datanode localhost-46.105.132.179 3d407767-b985-46ab-a2dd-53a1045740af is Under-Utilized.
2023-07-26 19:34:24,168 [main] DEBUG balancer.ContainerBalancerTask (ContainerBalancerTask.java:lambda$initializeIteration$2(459)) - Datanode localhost-14.164.237.191 733aa843-ac7d-4f19-9aaa-d3878548c76b is Under-Utilized.
2023-07-26 19:34:24,168 [main] DEBUG balancer.ContainerBalancerTask (ContainerBalancerTask.java:lambda$initializeIteration$2(459)) - Datanode localhost-163.119.93.244 2e8f9735-d133-4d15-bde5-65958dcf3558 is Under-Utilized.
2023-07-26 19:34:24,170 [main] DEBUG balancer.ContainerBalancerTask (ContainerBalancerTask.java:matchSourceWithTarget(708)) - ContainerBalancer is finding suitable target for source datanode f8b5ca77-fec3-4226-8a23-7c999b52c9e9
2023-07-26 19:34:24,171 [main] INFO  balancer.ContainerBalancerTask (ContainerBalancerTask.java:matchSourceWithTarget(722)) - ContainerBalancer matched source datanode f8b5ca77-fec3-4226-8a23-7c999b52c9e9 with target datanode 3d407767-b985-46ab-a2dd-53a1045740af for container move.
2023-07-26 19:34:24,171 [main] INFO  balancer.ContainerBalancerTask (ContainerBalancerTask.java:processMoveSelection(569)) - ContainerBalancer is trying to move container #85 with size 5368709120B from source datanode f8b5ca77-fec3-4226-8a23-7c999b52c9e9 to target datanode 3d407767-b985-46ab-a2dd-53a1045740af
2023-07-26 19:34:24,171 [main] DEBUG balancer.ContainerBalancerTask (ContainerBalancerTask.java:lambda$moveContainer$3(837)) - Container move completed for container #85 from source f8b5ca77-fec3-4226-8a23-7c999b52c9e9 to target 3d407767-b985-46ab-a2dd-53a1045740af
2023-07-26 19:34:24,173 [main] DEBUG balancer.ContainerBalancerTask (ContainerBalancerTask.java:matchSourceWithTarget(708)) - ContainerBalancer is finding suitable target for source datanode f8b5ca77-fec3-4226-8a23-7c999b52c9e9
2023-07-26 19:34:24,173 [main] INFO  balancer.ContainerBalancerTask (ContainerBalancerTask.java:matchSourceWithTarget(722)) - ContainerBalancer matched source datanode f8b5ca77-fec3-4226-8a23-7c999b52c9e9 with target datanode 733aa843-ac7d-4f19-9aaa-d3878548c76b for container move.
2023-07-26 19:34:24,173 [main] INFO  balancer.ContainerBalancerTask (ContainerBalancerTask.java:processMoveSelection(569)) - ContainerBalancer is trying to move container #89 with size 4294967296B from source datanode f8b5ca77-fec3-4226-8a23-7c999b52c9e9 to target datanode 733aa843-ac7d-4f19-9aaa-d3878548c76b
2023-07-26 19:34:24,174 [main] DEBUG balancer.ContainerBalancerTask (ContainerBalancerTask.java:lambda$moveContainer$3(837)) - Container move completed for container #89 from source f8b5ca77-fec3-4226-8a23-7c999b52c9e9 to target 733aa843-ac7d-4f19-9aaa-d3878548c76b
2023-07-26 19:34:24,176 [main] DEBUG balancer.ContainerBalancerTask (ContainerBalancerTask.java:matchSourceWithTarget(708)) - ContainerBalancer is finding suitable target for source datanode 06c364e4-29b1-4fcb-bcd9-b5c9ea078715
2023-07-26 19:34:24,176 [main] INFO  balancer.ContainerBalancerTask (ContainerBalancerTask.java:matchSourceWithTarget(722)) - ContainerBalancer matched source datanode 06c364e4-29b1-4fcb-bcd9-b5c9ea078715 with target datanode 733aa843-ac7d-4f19-9aaa-d3878548c76b for container move.
2023-07-26 19:34:24,178 [main] INFO  balancer.ContainerBalancerTask (ContainerBalancerTask.java:processMoveSelection(569)) - ContainerBalancer is trying to move container #69 with size 1073741824B from source datanode 06c364e4-29b1-4fcb-bcd9-b5c9ea078715 to target datanode 733aa843-ac7d-4f19-9aaa-d3878548c76b
2023-07-26 19:34:24,178 [main] DEBUG balancer.ContainerBalancerTask (ContainerBalancerTask.java:lambda$moveContainer$3(837)) - Container move completed for container #69 from source 06c364e4-29b1-4fcb-bcd9-b5c9ea078715 to target 733aa843-ac7d-4f19-9aaa-d3878548c76b
2023-07-26 19:34:24,178 [main] WARN  balancer.ContainerBalancerTask (ContainerBalancerTask.java:reachedMaxSizeToMovePerIteration(733)) - Reached max size to move limit. 10737418240 bytes have already been scheduled for balancing and the limit is 10737418240 bytes.
2023-07-26 19:34:24,178 [main] INFO  balancer.ContainerBalancerTask (ContainerBalancerTask.java:checkIterationMoveResults(642)) - Iteration Summary. Number of Datanodes involved: 4. Size moved: 10 GB (10737418240 Bytes). Number of Container moves completed: 3.
2023-07-26 19:34:24,179 [main] INFO  balancer.ContainerBalancerTask (ContainerBalancerTask.java:balance(259)) - Result of this iteration of Container Balancer: ITERATION_COMPLETED
2023-07-26 19:34:24,179 [main] INFO  balancer.ContainerBalancerTask (ContainerBalancerTask.java:tryStopWithSaveConfiguration(308)) - Save Configuration for stopping. Reason: Completed all iterations.
]]></system-out>
  </testcase>
  <testcase name="targetDatanodeShouldBeInServiceHealthy" classname="org.apache.hadoop.hdds.scm.container.balancer.TestContainerBalancerTask" time="0.069">
    <system-out><![CDATA[2023-07-26 19:34:24,203 [main] INFO  net.NodeSchemaLoader (NodeSchemaLoader.java:loadSchemaFromFile(129)) - Loading schema from [file:/home/runner/work/ozone/ozone/hadoop-hdds/common/target/classes/network-topology-default.xml]
2023-07-26 19:34:24,204 [main] INFO  net.NodeSchemaLoader (NodeSchemaLoader.java:loadSchema(176)) - Loading network topology layer schema file
2023-07-26 19:34:24,205 [main] INFO  net.NetworkTopologyImpl (NetworkTopologyImpl.java:add(112)) - Added a new node: /default-rack/fc42ee38-be98-49d4-b76c-2212247750ee
2023-07-26 19:34:24,205 [main] INFO  net.NetworkTopologyImpl (NetworkTopologyImpl.java:add(112)) - Added a new node: /default-rack/3b326424-0d8d-4101-9a4b-1f66d310af95
2023-07-26 19:34:24,206 [main] INFO  net.NetworkTopologyImpl (NetworkTopologyImpl.java:add(112)) - Added a new node: /default-rack/97412e57-aae9-4721-b6b9-0ad0c24ccdb9
2023-07-26 19:34:24,206 [main] INFO  net.NetworkTopologyImpl (NetworkTopologyImpl.java:add(112)) - Added a new node: /default-rack/cdbd21ce-14dd-492c-95e2-48633f9eb6b9
2023-07-26 19:34:24,206 [main] INFO  net.NetworkTopologyImpl (NetworkTopologyImpl.java:add(112)) - Added a new node: /default-rack/2170c113-a041-4e13-bd70-fd5b83303d4d
2023-07-26 19:34:24,206 [main] INFO  net.NetworkTopologyImpl (NetworkTopologyImpl.java:add(112)) - Added a new node: /default-rack/ff5890ce-70dd-49a9-8482-df4563ff071d
2023-07-26 19:34:24,206 [main] INFO  net.NetworkTopologyImpl (NetworkTopologyImpl.java:add(112)) - Added a new node: /default-rack/0b15f788-358e-48df-96f2-dd7e0a2ede24
2023-07-26 19:34:24,206 [main] INFO  net.NetworkTopologyImpl (NetworkTopologyImpl.java:add(112)) - Added a new node: /default-rack/82937222-9499-44eb-a599-295fc664671f
2023-07-26 19:34:24,206 [main] INFO  net.NetworkTopologyImpl (NetworkTopologyImpl.java:add(112)) - Added a new node: /default-rack/fb7ec38e-e61a-4178-b347-ffef30902e74
2023-07-26 19:34:24,206 [main] INFO  net.NetworkTopologyImpl (NetworkTopologyImpl.java:add(112)) - Added a new node: /default-rack/caf8614f-23a8-4514-94a6-1e01cb1790d4
2023-07-26 19:34:24,206 [main] INFO  algorithms.ContainerPlacementPolicyFactory (ContainerPlacementPolicyFactory.java:getPolicyInternal(86)) - Create container placement policy of type org.apache.hadoop.hdds.scm.container.placement.algorithms.SCMContainerPlacementRackAware
2023-07-26 19:34:24,207 [main] INFO  algorithms.ContainerPlacementPolicyFactory (ContainerPlacementPolicyFactory.java:getPolicyInternal(86)) - Create container placement policy of type org.apache.hadoop.hdds.scm.container.placement.algorithms.SCMContainerPlacementRackScatter
2023-07-26 19:34:24,210 [main] DEBUG balancer.ContainerBalancerTask (ContainerBalancerTask.java:initializeIteration(374)) - Average utilization of the cluster is 0.3755000401645821
2023-07-26 19:34:24,210 [main] DEBUG balancer.ContainerBalancerTask (ContainerBalancerTask.java:initializeIteration(386)) - Lower limit for utilization is 0.27550004016458207 and Upper limit for utilization is 0.47550004016458214
2023-07-26 19:34:24,210 [main] DEBUG balancer.ContainerBalancerTask (ContainerBalancerTask.java:initializeIteration(398)) - Utilization for node 0b15f788-358e-48df-96f2-dd7e0a2ede24 with capacity 58459277084B, used 52613349376B, and remaining 5845927708B is 0.9000000000068423
2023-07-26 19:34:24,210 [main] DEBUG balancer.ContainerBalancerTask (ContainerBalancerTask.java:initializeIteration(398)) - Utilization for node fc42ee38-be98-49d4-b76c-2212247750ee with capacity 61740154880B, used 49392123904B, and remaining 12348030976B is 0.8
2023-07-26 19:34:24,210 [main] DEBUG balancer.ContainerBalancerTask (ContainerBalancerTask.java:initializeIteration(398)) - Utilization for node 97412e57-aae9-4721-b6b9-0ad0c24ccdb9 with capacity 52153174308B, used 36507222016B, and remaining 15645952292B is 0.7000000000076697
2023-07-26 19:34:24,210 [main] DEBUG balancer.ContainerBalancerTask (ContainerBalancerTask.java:initializeIteration(398)) - Utilization for node fb7ec38e-e61a-4178-b347-ffef30902e74 with capacity 100215903573B, used 60129542144B, and remaining 40086361429B is 0.6000000000019957
2023-07-26 19:34:24,210 [main] DEBUG balancer.ContainerBalancerTask (ContainerBalancerTask.java:initializeIteration(398)) - Utilization for node ff5890ce-70dd-49a9-8482-df4563ff071d with capacity 111669149696B, used 55834574848B, and remaining 55834574848B is 0.5
2023-07-26 19:34:24,210 [main] DEBUG balancer.ContainerBalancerTask (ContainerBalancerTask.java:initializeIteration(398)) - Utilization for node 82937222-9499-44eb-a599-295fc664671f with capacity 88583700480B, used 35433480192B, and remaining 53150220288B is 0.4
2023-07-26 19:34:24,211 [main] DEBUG balancer.ContainerBalancerTask (ContainerBalancerTask.java:initializeIteration(398)) - Utilization for node 3b326424-0d8d-4101-9a4b-1f66d310af95 with capacity 168219552426B, used 50465865728B, and remaining 117753686698B is 0.3000000000011889
2023-07-26 19:34:24,211 [main] DEBUG balancer.ContainerBalancerTask (ContainerBalancerTask.java:initializeIteration(398)) - Utilization for node caf8614f-23a8-4514-94a6-1e01cb1790d4 with capacity 209379655680B, used 41875931136B, and remaining 167503724544B is 0.2
2023-07-26 19:34:24,211 [main] DEBUG balancer.ContainerBalancerTask (ContainerBalancerTask.java:initializeIteration(398)) - Utilization for node cdbd21ce-14dd-492c-95e2-48633f9eb6b9 with capacity 161061273600B, used 16106127360B, and remaining 144955146240B is 0.1
2023-07-26 19:34:24,211 [main] DEBUG balancer.ContainerBalancerTask (ContainerBalancerTask.java:initializeIteration(398)) - Utilization for node 2170c113-a041-4e13-bd70-fd5b83303d4d with capacity 49392123904B, used 0B, and remaining 49392123904B is 0.0
2023-07-26 19:34:24,211 [main] INFO  balancer.ContainerBalancerTask (ContainerBalancerTask.java:initializeIteration(447)) - Container Balancer has identified 5 Over-Utilized and 3 Under-Utilized Datanodes that need to be balanced.
2023-07-26 19:34:24,211 [main] DEBUG balancer.ContainerBalancerTask (ContainerBalancerTask.java:lambda$initializeIteration$1(453)) - Datanode localhost-181.136.110.17 0b15f788-358e-48df-96f2-dd7e0a2ede24 is Over-Utilized.
2023-07-26 19:34:24,211 [main] DEBUG balancer.ContainerBalancerTask (ContainerBalancerTask.java:lambda$initializeIteration$1(453)) - Datanode localhost-60.164.196.201 fc42ee38-be98-49d4-b76c-2212247750ee is Over-Utilized.
2023-07-26 19:34:24,211 [main] DEBUG balancer.ContainerBalancerTask (ContainerBalancerTask.java:lambda$initializeIteration$1(453)) - Datanode localhost-167.5.173.226 97412e57-aae9-4721-b6b9-0ad0c24ccdb9 is Over-Utilized.
2023-07-26 19:34:24,211 [main] DEBUG balancer.ContainerBalancerTask (ContainerBalancerTask.java:lambda$initializeIteration$1(453)) - Datanode localhost-102.119.150.55 fb7ec38e-e61a-4178-b347-ffef30902e74 is Over-Utilized.
2023-07-26 19:34:24,211 [main] DEBUG balancer.ContainerBalancerTask (ContainerBalancerTask.java:lambda$initializeIteration$1(453)) - Datanode localhost-82.52.12.218 ff5890ce-70dd-49a9-8482-df4563ff071d is Over-Utilized.
2023-07-26 19:34:24,211 [main] DEBUG balancer.ContainerBalancerTask (ContainerBalancerTask.java:lambda$initializeIteration$2(459)) - Datanode localhost-128.230.51.75 2170c113-a041-4e13-bd70-fd5b83303d4d is Under-Utilized.
2023-07-26 19:34:24,212 [main] DEBUG balancer.ContainerBalancerTask (ContainerBalancerTask.java:lambda$initializeIteration$2(459)) - Datanode localhost-251.107.239.22 cdbd21ce-14dd-492c-95e2-48633f9eb6b9 is Under-Utilized.
2023-07-26 19:34:24,212 [main] DEBUG balancer.ContainerBalancerTask (ContainerBalancerTask.java:lambda$initializeIteration$2(459)) - Datanode localhost-244.20.40.77 caf8614f-23a8-4514-94a6-1e01cb1790d4 is Under-Utilized.
2023-07-26 19:34:24,214 [main] DEBUG balancer.ContainerBalancerTask (ContainerBalancerTask.java:matchSourceWithTarget(708)) - ContainerBalancer is finding suitable target for source datanode 0b15f788-358e-48df-96f2-dd7e0a2ede24
2023-07-26 19:34:24,214 [main] INFO  balancer.ContainerBalancerTask (ContainerBalancerTask.java:matchSourceWithTarget(722)) - ContainerBalancer matched source datanode 0b15f788-358e-48df-96f2-dd7e0a2ede24 with target datanode 2170c113-a041-4e13-bd70-fd5b83303d4d for container move.
2023-07-26 19:34:24,214 [main] INFO  balancer.ContainerBalancerTask (ContainerBalancerTask.java:processMoveSelection(569)) - ContainerBalancer is trying to move container #85 with size 5368709120B from source datanode 0b15f788-358e-48df-96f2-dd7e0a2ede24 to target datanode 2170c113-a041-4e13-bd70-fd5b83303d4d
2023-07-26 19:34:24,215 [main] DEBUG balancer.ContainerBalancerTask (ContainerBalancerTask.java:lambda$moveContainer$3(837)) - Container move completed for container #85 from source 0b15f788-358e-48df-96f2-dd7e0a2ede24 to target 2170c113-a041-4e13-bd70-fd5b83303d4d
2023-07-26 19:34:24,217 [main] DEBUG balancer.ContainerBalancerTask (ContainerBalancerTask.java:matchSourceWithTarget(708)) - ContainerBalancer is finding suitable target for source datanode 0b15f788-358e-48df-96f2-dd7e0a2ede24
2023-07-26 19:34:24,217 [main] INFO  balancer.ContainerBalancerTask (ContainerBalancerTask.java:matchSourceWithTarget(722)) - ContainerBalancer matched source datanode 0b15f788-358e-48df-96f2-dd7e0a2ede24 with target datanode cdbd21ce-14dd-492c-95e2-48633f9eb6b9 for container move.
2023-07-26 19:34:24,217 [main] INFO  balancer.ContainerBalancerTask (ContainerBalancerTask.java:processMoveSelection(569)) - ContainerBalancer is trying to move container #89 with size 4294967296B from source datanode 0b15f788-358e-48df-96f2-dd7e0a2ede24 to target datanode cdbd21ce-14dd-492c-95e2-48633f9eb6b9
2023-07-26 19:34:24,218 [main] DEBUG balancer.ContainerBalancerTask (ContainerBalancerTask.java:lambda$moveContainer$3(837)) - Container move completed for container #89 from source 0b15f788-358e-48df-96f2-dd7e0a2ede24 to target cdbd21ce-14dd-492c-95e2-48633f9eb6b9
2023-07-26 19:34:24,220 [main] DEBUG balancer.ContainerBalancerTask (ContainerBalancerTask.java:matchSourceWithTarget(708)) - ContainerBalancer is finding suitable target for source datanode fc42ee38-be98-49d4-b76c-2212247750ee
2023-07-26 19:34:24,220 [main] INFO  balancer.ContainerBalancerTask (ContainerBalancerTask.java:matchSourceWithTarget(722)) - ContainerBalancer matched source datanode fc42ee38-be98-49d4-b76c-2212247750ee with target datanode 2170c113-a041-4e13-bd70-fd5b83303d4d for container move.
2023-07-26 19:34:24,220 [main] INFO  balancer.ContainerBalancerTask (ContainerBalancerTask.java:processMoveSelection(569)) - ContainerBalancer is trying to move container #68 with size 5368709120B from source datanode fc42ee38-be98-49d4-b76c-2212247750ee to target datanode 2170c113-a041-4e13-bd70-fd5b83303d4d
2023-07-26 19:34:24,220 [main] DEBUG balancer.ContainerBalancerTask (ContainerBalancerTask.java:lambda$moveContainer$3(837)) - Container move completed for container #68 from source fc42ee38-be98-49d4-b76c-2212247750ee to target 2170c113-a041-4e13-bd70-fd5b83303d4d
2023-07-26 19:34:24,223 [main] DEBUG balancer.ContainerBalancerTask (ContainerBalancerTask.java:matchSourceWithTarget(708)) - ContainerBalancer is finding suitable target for source datanode 0b15f788-358e-48df-96f2-dd7e0a2ede24
2023-07-26 19:34:24,223 [main] INFO  balancer.ContainerBalancerTask (ContainerBalancerTask.java:matchSourceWithTarget(722)) - ContainerBalancer matched source datanode 0b15f788-358e-48df-96f2-dd7e0a2ede24 with target datanode cdbd21ce-14dd-492c-95e2-48633f9eb6b9 for container move.
2023-07-26 19:34:24,223 [main] INFO  balancer.ContainerBalancerTask (ContainerBalancerTask.java:processMoveSelection(569)) - ContainerBalancer is trying to move container #84 with size 4294967296B from source datanode 0b15f788-358e-48df-96f2-dd7e0a2ede24 to target datanode cdbd21ce-14dd-492c-95e2-48633f9eb6b9
2023-07-26 19:34:24,223 [main] DEBUG balancer.ContainerBalancerTask (ContainerBalancerTask.java:lambda$moveContainer$3(837)) - Container move completed for container #84 from source 0b15f788-358e-48df-96f2-dd7e0a2ede24 to target cdbd21ce-14dd-492c-95e2-48633f9eb6b9
2023-07-26 19:34:24,226 [main] DEBUG balancer.ContainerBalancerTask (ContainerBalancerTask.java:matchSourceWithTarget(708)) - ContainerBalancer is finding suitable target for source datanode fc42ee38-be98-49d4-b76c-2212247750ee
2023-07-26 19:34:24,226 [main] INFO  balancer.ContainerBalancerTask (ContainerBalancerTask.java:matchSourceWithTarget(722)) - ContainerBalancer matched source datanode fc42ee38-be98-49d4-b76c-2212247750ee with target datanode cdbd21ce-14dd-492c-95e2-48633f9eb6b9 for container move.
2023-07-26 19:34:24,226 [main] INFO  balancer.ContainerBalancerTask (ContainerBalancerTask.java:processMoveSelection(569)) - ContainerBalancer is trying to move container #40 with size 5368709120B from source datanode fc42ee38-be98-49d4-b76c-2212247750ee to target datanode cdbd21ce-14dd-492c-95e2-48633f9eb6b9
2023-07-26 19:34:24,226 [main] DEBUG balancer.ContainerBalancerTask (ContainerBalancerTask.java:lambda$moveContainer$3(837)) - Container move completed for container #40 from source fc42ee38-be98-49d4-b76c-2212247750ee to target cdbd21ce-14dd-492c-95e2-48633f9eb6b9
2023-07-26 19:34:24,228 [main] DEBUG balancer.ContainerBalancerTask (ContainerBalancerTask.java:matchSourceWithTarget(708)) - ContainerBalancer is finding suitable target for source datanode 97412e57-aae9-4721-b6b9-0ad0c24ccdb9
2023-07-26 19:34:24,229 [main] INFO  balancer.ContainerBalancerTask (ContainerBalancerTask.java:matchSourceWithTarget(722)) - ContainerBalancer matched source datanode 97412e57-aae9-4721-b6b9-0ad0c24ccdb9 with target datanode cdbd21ce-14dd-492c-95e2-48633f9eb6b9 for container move.
2023-07-26 19:34:24,229 [main] INFO  balancer.ContainerBalancerTask (ContainerBalancerTask.java:processMoveSelection(569)) - ContainerBalancer is trying to move container #53 with size 5368709120B from source datanode 97412e57-aae9-4721-b6b9-0ad0c24ccdb9 to target datanode cdbd21ce-14dd-492c-95e2-48633f9eb6b9
2023-07-26 19:34:24,229 [main] DEBUG balancer.ContainerBalancerTask (ContainerBalancerTask.java:lambda$moveContainer$3(837)) - Container move completed for container #53 from source 97412e57-aae9-4721-b6b9-0ad0c24ccdb9 to target cdbd21ce-14dd-492c-95e2-48633f9eb6b9
2023-07-26 19:34:24,232 [main] DEBUG balancer.ContainerBalancerTask (ContainerBalancerTask.java:matchSourceWithTarget(708)) - ContainerBalancer is finding suitable target for source datanode 0b15f788-358e-48df-96f2-dd7e0a2ede24
2023-07-26 19:34:24,232 [main] INFO  balancer.ContainerBalancerTask (ContainerBalancerTask.java:matchSourceWithTarget(722)) - ContainerBalancer matched source datanode 0b15f788-358e-48df-96f2-dd7e0a2ede24 with target datanode caf8614f-23a8-4514-94a6-1e01cb1790d4 for container move.
2023-07-26 19:34:24,232 [main] INFO  balancer.ContainerBalancerTask (ContainerBalancerTask.java:processMoveSelection(569)) - ContainerBalancer is trying to move container #39 with size 4294967296B from source datanode 0b15f788-358e-48df-96f2-dd7e0a2ede24 to target datanode caf8614f-23a8-4514-94a6-1e01cb1790d4
2023-07-26 19:34:24,232 [main] DEBUG balancer.ContainerBalancerTask (ContainerBalancerTask.java:lambda$moveContainer$3(837)) - Container move completed for container #39 from source 0b15f788-358e-48df-96f2-dd7e0a2ede24 to target caf8614f-23a8-4514-94a6-1e01cb1790d4
2023-07-26 19:34:24,235 [main] DEBUG balancer.ContainerBalancerTask (ContainerBalancerTask.java:matchSourceWithTarget(708)) - ContainerBalancer is finding suitable target for source datanode fc42ee38-be98-49d4-b76c-2212247750ee
2023-07-26 19:34:24,235 [main] INFO  balancer.ContainerBalancerTask (ContainerBalancerTask.java:matchSourceWithTarget(722)) - ContainerBalancer matched source datanode fc42ee38-be98-49d4-b76c-2212247750ee with target datanode 2170c113-a041-4e13-bd70-fd5b83303d4d for container move.
2023-07-26 19:34:24,235 [main] INFO  balancer.ContainerBalancerTask (ContainerBalancerTask.java:processMoveSelection(569)) - ContainerBalancer is trying to move container #67 with size 4294967296B from source datanode fc42ee38-be98-49d4-b76c-2212247750ee to target datanode 2170c113-a041-4e13-bd70-fd5b83303d4d
2023-07-26 19:34:24,235 [main] DEBUG balancer.ContainerBalancerTask (ContainerBalancerTask.java:lambda$moveContainer$3(837)) - Container move completed for container #67 from source fc42ee38-be98-49d4-b76c-2212247750ee to target 2170c113-a041-4e13-bd70-fd5b83303d4d
2023-07-26 19:34:24,237 [main] DEBUG balancer.ContainerBalancerTask (ContainerBalancerTask.java:matchSourceWithTarget(708)) - ContainerBalancer is finding suitable target for source datanode fb7ec38e-e61a-4178-b347-ffef30902e74
2023-07-26 19:34:24,238 [main] INFO  balancer.ContainerBalancerTask (ContainerBalancerTask.java:matchSourceWithTarget(722)) - ContainerBalancer matched source datanode fb7ec38e-e61a-4178-b347-ffef30902e74 with target datanode cdbd21ce-14dd-492c-95e2-48633f9eb6b9 for container move.
2023-07-26 19:34:24,238 [main] INFO  balancer.ContainerBalancerTask (ContainerBalancerTask.java:processMoveSelection(569)) - ContainerBalancer is trying to move container #71 with size 3221225472B from source datanode fb7ec38e-e61a-4178-b347-ffef30902e74 to target datanode cdbd21ce-14dd-492c-95e2-48633f9eb6b9
2023-07-26 19:34:24,238 [main] DEBUG balancer.ContainerBalancerTask (ContainerBalancerTask.java:lambda$moveContainer$3(837)) - Container move completed for container #71 from source fb7ec38e-e61a-4178-b347-ffef30902e74 to target cdbd21ce-14dd-492c-95e2-48633f9eb6b9
2023-07-26 19:34:24,241 [main] DEBUG balancer.ContainerBalancerTask (ContainerBalancerTask.java:matchSourceWithTarget(708)) - ContainerBalancer is finding suitable target for source datanode 97412e57-aae9-4721-b6b9-0ad0c24ccdb9
2023-07-26 19:34:24,241 [main] INFO  balancer.ContainerBalancerTask (ContainerBalancerTask.java:matchSourceWithTarget(722)) - ContainerBalancer matched source datanode 97412e57-aae9-4721-b6b9-0ad0c24ccdb9 with target datanode caf8614f-23a8-4514-94a6-1e01cb1790d4 for container move.
2023-07-26 19:34:24,241 [main] INFO  balancer.ContainerBalancerTask (ContainerBalancerTask.java:processMoveSelection(569)) - ContainerBalancer is trying to move container #29 with size 5368709120B from source datanode 97412e57-aae9-4721-b6b9-0ad0c24ccdb9 to target datanode caf8614f-23a8-4514-94a6-1e01cb1790d4
2023-07-26 19:34:24,241 [main] DEBUG balancer.ContainerBalancerTask (ContainerBalancerTask.java:lambda$moveContainer$3(837)) - Container move completed for container #29 from source 97412e57-aae9-4721-b6b9-0ad0c24ccdb9 to target caf8614f-23a8-4514-94a6-1e01cb1790d4
2023-07-26 19:34:24,244 [main] DEBUG balancer.ContainerBalancerTask (ContainerBalancerTask.java:matchSourceWithTarget(708)) - ContainerBalancer is finding suitable target for source datanode 0b15f788-358e-48df-96f2-dd7e0a2ede24
2023-07-26 19:34:24,244 [main] INFO  balancer.ContainerBalancerTask (ContainerBalancerTask.java:matchSourceWithTarget(722)) - ContainerBalancer matched source datanode 0b15f788-358e-48df-96f2-dd7e0a2ede24 with target datanode cdbd21ce-14dd-492c-95e2-48633f9eb6b9 for container move.
2023-07-26 19:34:24,244 [main] INFO  balancer.ContainerBalancerTask (ContainerBalancerTask.java:processMoveSelection(569)) - ContainerBalancer is trying to move container #19 with size 4294967296B from source datanode 0b15f788-358e-48df-96f2-dd7e0a2ede24 to target datanode cdbd21ce-14dd-492c-95e2-48633f9eb6b9
2023-07-26 19:34:24,244 [main] DEBUG balancer.ContainerBalancerTask (ContainerBalancerTask.java:lambda$moveContainer$3(837)) - Container move completed for container #19 from source 0b15f788-358e-48df-96f2-dd7e0a2ede24 to target cdbd21ce-14dd-492c-95e2-48633f9eb6b9
2023-07-26 19:34:24,247 [main] DEBUG balancer.ContainerBalancerTask (ContainerBalancerTask.java:matchSourceWithTarget(708)) - ContainerBalancer is finding suitable target for source datanode fb7ec38e-e61a-4178-b347-ffef30902e74
2023-07-26 19:34:24,247 [main] INFO  balancer.ContainerBalancerTask (ContainerBalancerTask.java:matchSourceWithTarget(722)) - ContainerBalancer matched source datanode fb7ec38e-e61a-4178-b347-ffef30902e74 with target datanode caf8614f-23a8-4514-94a6-1e01cb1790d4 for container move.
2023-07-26 19:34:24,247 [main] INFO  balancer.ContainerBalancerTask (ContainerBalancerTask.java:processMoveSelection(569)) - ContainerBalancer is trying to move container #55 with size 2147483648B from source datanode fb7ec38e-e61a-4178-b347-ffef30902e74 to target datanode caf8614f-23a8-4514-94a6-1e01cb1790d4
2023-07-26 19:34:24,247 [main] DEBUG balancer.ContainerBalancerTask (ContainerBalancerTask.java:lambda$moveContainer$3(837)) - Container move completed for container #55 from source fb7ec38e-e61a-4178-b347-ffef30902e74 to target caf8614f-23a8-4514-94a6-1e01cb1790d4
2023-07-26 19:34:24,247 [main] WARN  balancer.ContainerBalancerTask (ContainerBalancerTask.java:reachedMaxSizeToMovePerIteration(733)) - Reached max size to move limit. 53687091200 bytes have already been scheduled for balancing and the limit is 53687091200 bytes.
2023-07-26 19:34:24,248 [main] INFO  balancer.ContainerBalancerTask (ContainerBalancerTask.java:checkIterationMoveResults(642)) - Iteration Summary. Number of Datanodes involved: 7. Size moved: 50 GB (53687091200 Bytes). Number of Container moves completed: 12.
2023-07-26 19:34:24,248 [main] INFO  balancer.ContainerBalancerTask (ContainerBalancerTask.java:balance(259)) - Result of this iteration of Container Balancer: ITERATION_COMPLETED
2023-07-26 19:34:24,248 [main] INFO  balancer.ContainerBalancerTask (ContainerBalancerTask.java:tryStopWithSaveConfiguration(308)) - Save Configuration for stopping. Reason: Completed all iterations.
]]></system-out>
  </testcase>
  <testcase name="containerBalancerShouldObeyMaxDatanodesToInvolveLimit" classname="org.apache.hadoop.hdds.scm.container.balancer.TestContainerBalancerTask" time="0.087">
    <system-out><![CDATA[2023-07-26 19:34:24,274 [main] INFO  net.NodeSchemaLoader (NodeSchemaLoader.java:loadSchemaFromFile(129)) - Loading schema from [file:/home/runner/work/ozone/ozone/hadoop-hdds/common/target/classes/network-topology-default.xml]
2023-07-26 19:34:24,274 [main] INFO  net.NodeSchemaLoader (NodeSchemaLoader.java:loadSchema(176)) - Loading network topology layer schema file
2023-07-26 19:34:24,275 [main] INFO  net.NetworkTopologyImpl (NetworkTopologyImpl.java:add(112)) - Added a new node: /default-rack/a0a77fd3-ff8c-4670-8c85-506008fa3847
2023-07-26 19:34:24,276 [main] INFO  net.NetworkTopologyImpl (NetworkTopologyImpl.java:add(112)) - Added a new node: /default-rack/4ce641a3-c227-4061-90b7-c73eb64381c8
2023-07-26 19:34:24,276 [main] INFO  net.NetworkTopologyImpl (NetworkTopologyImpl.java:add(112)) - Added a new node: /default-rack/e4a4276c-0e92-4e8c-a861-726e9d388f10
2023-07-26 19:34:24,276 [main] INFO  net.NetworkTopologyImpl (NetworkTopologyImpl.java:add(112)) - Added a new node: /default-rack/36921fe3-c471-43cf-9e39-df0bee35fefc
2023-07-26 19:34:24,276 [main] INFO  net.NetworkTopologyImpl (NetworkTopologyImpl.java:add(112)) - Added a new node: /default-rack/471b51ce-c02e-417e-911f-2e7b66f5f44d
2023-07-26 19:34:24,276 [main] INFO  net.NetworkTopologyImpl (NetworkTopologyImpl.java:add(112)) - Added a new node: /default-rack/ba19a637-dd28-45bd-ac3a-884861613c14
2023-07-26 19:34:24,276 [main] INFO  net.NetworkTopologyImpl (NetworkTopologyImpl.java:add(112)) - Added a new node: /default-rack/0768e8f0-a0f0-41c9-aeea-ed633d160aa3
2023-07-26 19:34:24,276 [main] INFO  net.NetworkTopologyImpl (NetworkTopologyImpl.java:add(112)) - Added a new node: /default-rack/eb5c0ea4-43e9-4992-a838-676d1e5fa004
2023-07-26 19:34:24,276 [main] INFO  net.NetworkTopologyImpl (NetworkTopologyImpl.java:add(112)) - Added a new node: /default-rack/7e9a6a93-c267-4ae1-9a99-69b2610168fa
2023-07-26 19:34:24,277 [main] INFO  net.NetworkTopologyImpl (NetworkTopologyImpl.java:add(112)) - Added a new node: /default-rack/abdcbe9b-14ab-49bc-9dce-6c11af80d1f0
2023-07-26 19:34:24,277 [main] INFO  algorithms.ContainerPlacementPolicyFactory (ContainerPlacementPolicyFactory.java:getPolicyInternal(86)) - Create container placement policy of type org.apache.hadoop.hdds.scm.container.placement.algorithms.SCMContainerPlacementRackAware
2023-07-26 19:34:24,277 [main] INFO  algorithms.ContainerPlacementPolicyFactory (ContainerPlacementPolicyFactory.java:getPolicyInternal(86)) - Create container placement policy of type org.apache.hadoop.hdds.scm.container.placement.algorithms.SCMContainerPlacementRackScatter
2023-07-26 19:34:24,280 [main] DEBUG balancer.ContainerBalancerTask (ContainerBalancerTask.java:initializeIteration(374)) - Average utilization of the cluster is 0.3182781418154613
2023-07-26 19:34:24,280 [main] DEBUG balancer.ContainerBalancerTask (ContainerBalancerTask.java:initializeIteration(386)) - Lower limit for utilization is 0.3082781418154613 and Upper limit for utilization is 0.32827814181546133
2023-07-26 19:34:24,280 [main] DEBUG balancer.ContainerBalancerTask (ContainerBalancerTask.java:initializeIteration(398)) - Utilization for node abdcbe9b-14ab-49bc-9dce-6c11af80d1f0 with capacity 71582788266B, used 64424509440B, and remaining 7158278826B is 0.9000000000083819
2023-07-26 19:34:24,280 [main] DEBUG balancer.ContainerBalancerTask (ContainerBalancerTask.java:initializeIteration(398)) - Utilization for node eb5c0ea4-43e9-4992-a838-676d1e5fa004 with capacity 41607495680B, used 33285996544B, and remaining 8321499136B is 0.8
2023-07-26 19:34:24,280 [main] DEBUG balancer.ContainerBalancerTask (ContainerBalancerTask.java:initializeIteration(398)) - Utilization for node a0a77fd3-ff8c-4670-8c85-506008fa3847 with capacity 50619257417B, used 35433480192B, and remaining 15185777225B is 0.7000000000019755
2023-07-26 19:34:24,280 [main] DEBUG balancer.ContainerBalancerTask (ContainerBalancerTask.java:initializeIteration(398)) - Utilization for node 471b51ce-c02e-417e-911f-2e7b66f5f44d with capacity 66214079146B, used 39728447488B, and remaining 26485631658B is 0.600000000006041
2023-07-26 19:34:24,280 [main] DEBUG balancer.ContainerBalancerTask (ContainerBalancerTask.java:initializeIteration(398)) - Utilization for node 7e9a6a93-c267-4ae1-9a99-69b2610168fa with capacity 113816633344B, used 56908316672B, and remaining 56908316672B is 0.5
2023-07-26 19:34:24,280 [main] DEBUG balancer.ContainerBalancerTask (ContainerBalancerTask.java:initializeIteration(398)) - Utilization for node 0768e8f0-a0f0-41c9-aeea-ed633d160aa3 with capacity 147639500800B, used 59055800320B, and remaining 88583700480B is 0.4
2023-07-26 19:34:24,280 [main] DEBUG balancer.ContainerBalancerTask (ContainerBalancerTask.java:initializeIteration(398)) - Utilization for node ba19a637-dd28-45bd-ac3a-884861613c14 with capacity 175377831253B, used 52613349376B, and remaining 122764481877B is 0.3000000000005702
2023-07-26 19:34:24,280 [main] DEBUG balancer.ContainerBalancerTask (ContainerBalancerTask.java:initializeIteration(398)) - Utilization for node e4a4276c-0e92-4e8c-a861-726e9d388f10 with capacity 166429982720B, used 33285996544B, and remaining 133143986176B is 0.2
2023-07-26 19:34:24,281 [main] DEBUG balancer.ContainerBalancerTask (ContainerBalancerTask.java:initializeIteration(398)) - Utilization for node 36921fe3-c471-43cf-9e39-df0bee35fefc with capacity 418759311360B, used 41875931136B, and remaining 376883380224B is 0.1
2023-07-26 19:34:24,281 [main] DEBUG balancer.ContainerBalancerTask (ContainerBalancerTask.java:initializeIteration(398)) - Utilization for node 4ce641a3-c227-4061-90b7-c73eb64381c8 with capacity 56908316672B, used 0B, and remaining 56908316672B is 0.0
2023-07-26 19:34:24,281 [main] INFO  balancer.ContainerBalancerTask (ContainerBalancerTask.java:initializeIteration(447)) - Container Balancer has identified 6 Over-Utilized and 4 Under-Utilized Datanodes that need to be balanced.
2023-07-26 19:34:24,281 [main] DEBUG balancer.ContainerBalancerTask (ContainerBalancerTask.java:lambda$initializeIteration$1(453)) - Datanode localhost-112.35.215.81 abdcbe9b-14ab-49bc-9dce-6c11af80d1f0 is Over-Utilized.
2023-07-26 19:34:24,281 [main] DEBUG balancer.ContainerBalancerTask (ContainerBalancerTask.java:lambda$initializeIteration$1(453)) - Datanode localhost-237.31.74.44 eb5c0ea4-43e9-4992-a838-676d1e5fa004 is Over-Utilized.
2023-07-26 19:34:24,281 [main] DEBUG balancer.ContainerBalancerTask (ContainerBalancerTask.java:lambda$initializeIteration$1(453)) - Datanode localhost-81.56.231.219 a0a77fd3-ff8c-4670-8c85-506008fa3847 is Over-Utilized.
2023-07-26 19:34:24,281 [main] DEBUG balancer.ContainerBalancerTask (ContainerBalancerTask.java:lambda$initializeIteration$1(453)) - Datanode localhost-35.253.60.88 471b51ce-c02e-417e-911f-2e7b66f5f44d is Over-Utilized.
2023-07-26 19:34:24,281 [main] DEBUG balancer.ContainerBalancerTask (ContainerBalancerTask.java:lambda$initializeIteration$1(453)) - Datanode localhost-100.4.214.61 7e9a6a93-c267-4ae1-9a99-69b2610168fa is Over-Utilized.
2023-07-26 19:34:24,281 [main] DEBUG balancer.ContainerBalancerTask (ContainerBalancerTask.java:lambda$initializeIteration$1(453)) - Datanode localhost-170.241.133.25 0768e8f0-a0f0-41c9-aeea-ed633d160aa3 is Over-Utilized.
2023-07-26 19:34:24,281 [main] DEBUG balancer.ContainerBalancerTask (ContainerBalancerTask.java:lambda$initializeIteration$2(459)) - Datanode localhost-150.94.62.77 4ce641a3-c227-4061-90b7-c73eb64381c8 is Under-Utilized.
2023-07-26 19:34:24,281 [main] DEBUG balancer.ContainerBalancerTask (ContainerBalancerTask.java:lambda$initializeIteration$2(459)) - Datanode localhost-42.85.177.124 36921fe3-c471-43cf-9e39-df0bee35fefc is Under-Utilized.
2023-07-26 19:34:24,282 [main] DEBUG balancer.ContainerBalancerTask (ContainerBalancerTask.java:lambda$initializeIteration$2(459)) - Datanode localhost-6.219.121.222 e4a4276c-0e92-4e8c-a861-726e9d388f10 is Under-Utilized.
2023-07-26 19:34:24,282 [main] DEBUG balancer.ContainerBalancerTask (ContainerBalancerTask.java:lambda$initializeIteration$2(459)) - Datanode localhost-44.36.142.175 ba19a637-dd28-45bd-ac3a-884861613c14 is Under-Utilized.
2023-07-26 19:34:24,284 [main] DEBUG balancer.ContainerBalancerTask (ContainerBalancerTask.java:matchSourceWithTarget(708)) - ContainerBalancer is finding suitable target for source datanode abdcbe9b-14ab-49bc-9dce-6c11af80d1f0
2023-07-26 19:34:24,285 [main] INFO  balancer.ContainerBalancerTask (ContainerBalancerTask.java:matchSourceWithTarget(722)) - ContainerBalancer matched source datanode abdcbe9b-14ab-49bc-9dce-6c11af80d1f0 with target datanode 4ce641a3-c227-4061-90b7-c73eb64381c8 for container move.
2023-07-26 19:34:24,285 [main] INFO  balancer.ContainerBalancerTask (ContainerBalancerTask.java:processMoveSelection(569)) - ContainerBalancer is trying to move container #85 with size 5368709120B from source datanode abdcbe9b-14ab-49bc-9dce-6c11af80d1f0 to target datanode 4ce641a3-c227-4061-90b7-c73eb64381c8
2023-07-26 19:34:24,285 [main] DEBUG balancer.ContainerBalancerTask (ContainerBalancerTask.java:lambda$moveContainer$3(837)) - Container move completed for container #85 from source abdcbe9b-14ab-49bc-9dce-6c11af80d1f0 to target 4ce641a3-c227-4061-90b7-c73eb64381c8
2023-07-26 19:34:24,288 [main] DEBUG balancer.ContainerBalancerTask (ContainerBalancerTask.java:matchSourceWithTarget(708)) - ContainerBalancer is finding suitable target for source datanode abdcbe9b-14ab-49bc-9dce-6c11af80d1f0
2023-07-26 19:34:24,288 [main] INFO  balancer.ContainerBalancerTask (ContainerBalancerTask.java:matchSourceWithTarget(722)) - ContainerBalancer matched source datanode abdcbe9b-14ab-49bc-9dce-6c11af80d1f0 with target datanode 4ce641a3-c227-4061-90b7-c73eb64381c8 for container move.
2023-07-26 19:34:24,288 [main] INFO  balancer.ContainerBalancerTask (ContainerBalancerTask.java:processMoveSelection(569)) - ContainerBalancer is trying to move container #53 with size 5368709120B from source datanode abdcbe9b-14ab-49bc-9dce-6c11af80d1f0 to target datanode 4ce641a3-c227-4061-90b7-c73eb64381c8
2023-07-26 19:34:24,288 [main] DEBUG balancer.ContainerBalancerTask (ContainerBalancerTask.java:lambda$moveContainer$3(837)) - Container move completed for container #53 from source abdcbe9b-14ab-49bc-9dce-6c11af80d1f0 to target 4ce641a3-c227-4061-90b7-c73eb64381c8
2023-07-26 19:34:24,290 [main] DEBUG balancer.ContainerBalancerTask (ContainerBalancerTask.java:matchSourceWithTarget(708)) - ContainerBalancer is finding suitable target for source datanode eb5c0ea4-43e9-4992-a838-676d1e5fa004
2023-07-26 19:34:24,290 [main] INFO  balancer.ContainerBalancerTask (ContainerBalancerTask.java:matchSourceWithTarget(722)) - ContainerBalancer matched source datanode eb5c0ea4-43e9-4992-a838-676d1e5fa004 with target datanode 36921fe3-c471-43cf-9e39-df0bee35fefc for container move.
2023-07-26 19:34:24,290 [main] INFO  balancer.ContainerBalancerTask (ContainerBalancerTask.java:processMoveSelection(569)) - ContainerBalancer is trying to move container #28 with size 4294967296B from source datanode eb5c0ea4-43e9-4992-a838-676d1e5fa004 to target datanode 36921fe3-c471-43cf-9e39-df0bee35fefc
2023-07-26 19:34:24,291 [main] DEBUG balancer.ContainerBalancerTask (ContainerBalancerTask.java:lambda$moveContainer$3(837)) - Container move completed for container #28 from source eb5c0ea4-43e9-4992-a838-676d1e5fa004 to target 36921fe3-c471-43cf-9e39-df0bee35fefc
2023-07-26 19:34:24,291 [main] DEBUG balancer.ContainerBalancerTask (ContainerBalancerTask.java:adaptOnReachingIterationLimits(782)) - Reached max datanodes to involve limit. 4 datanodes have already been selected for balancing and the limit is 4. Only already selected sources and targets can be involved in balancing now.
2023-07-26 19:34:24,294 [main] DEBUG balancer.ContainerBalancerTask (ContainerBalancerTask.java:matchSourceWithTarget(708)) - ContainerBalancer is finding suitable target for source datanode abdcbe9b-14ab-49bc-9dce-6c11af80d1f0
2023-07-26 19:34:24,294 [main] INFO  balancer.ContainerBalancerTask (ContainerBalancerTask.java:matchSourceWithTarget(722)) - ContainerBalancer matched source datanode abdcbe9b-14ab-49bc-9dce-6c11af80d1f0 with target datanode 36921fe3-c471-43cf-9e39-df0bee35fefc for container move.
2023-07-26 19:34:24,294 [main] INFO  balancer.ContainerBalancerTask (ContainerBalancerTask.java:processMoveSelection(569)) - ContainerBalancer is trying to move container #89 with size 4294967296B from source datanode abdcbe9b-14ab-49bc-9dce-6c11af80d1f0 to target datanode 36921fe3-c471-43cf-9e39-df0bee35fefc
2023-07-26 19:34:24,294 [main] DEBUG balancer.ContainerBalancerTask (ContainerBalancerTask.java:lambda$moveContainer$3(837)) - Container move completed for container #89 from source abdcbe9b-14ab-49bc-9dce-6c11af80d1f0 to target 36921fe3-c471-43cf-9e39-df0bee35fefc
2023-07-26 19:34:24,296 [main] DEBUG balancer.ContainerBalancerTask (ContainerBalancerTask.java:matchSourceWithTarget(708)) - ContainerBalancer is finding suitable target for source datanode eb5c0ea4-43e9-4992-a838-676d1e5fa004
2023-07-26 19:34:24,296 [main] INFO  balancer.ContainerBalancerTask (ContainerBalancerTask.java:matchSourceWithTarget(722)) - ContainerBalancer matched source datanode eb5c0ea4-43e9-4992-a838-676d1e5fa004 with target datanode 36921fe3-c471-43cf-9e39-df0bee35fefc for container move.
2023-07-26 19:34:24,296 [main] INFO  balancer.ContainerBalancerTask (ContainerBalancerTask.java:processMoveSelection(569)) - ContainerBalancer is trying to move container #71 with size 3221225472B from source datanode eb5c0ea4-43e9-4992-a838-676d1e5fa004 to target datanode 36921fe3-c471-43cf-9e39-df0bee35fefc
2023-07-26 19:34:24,296 [main] DEBUG balancer.ContainerBalancerTask (ContainerBalancerTask.java:lambda$moveContainer$3(837)) - Container move completed for container #71 from source eb5c0ea4-43e9-4992-a838-676d1e5fa004 to target 36921fe3-c471-43cf-9e39-df0bee35fefc
2023-07-26 19:34:24,299 [main] DEBUG balancer.ContainerBalancerTask (ContainerBalancerTask.java:matchSourceWithTarget(708)) - ContainerBalancer is finding suitable target for source datanode abdcbe9b-14ab-49bc-9dce-6c11af80d1f0
2023-07-26 19:34:24,300 [main] INFO  balancer.ContainerBalancerTask (ContainerBalancerTask.java:matchSourceWithTarget(722)) - ContainerBalancer matched source datanode abdcbe9b-14ab-49bc-9dce-6c11af80d1f0 with target datanode 36921fe3-c471-43cf-9e39-df0bee35fefc for container move.
2023-07-26 19:34:24,300 [main] INFO  balancer.ContainerBalancerTask (ContainerBalancerTask.java:processMoveSelection(569)) - ContainerBalancer is trying to move container #39 with size 4294967296B from source datanode abdcbe9b-14ab-49bc-9dce-6c11af80d1f0 to target datanode 36921fe3-c471-43cf-9e39-df0bee35fefc
2023-07-26 19:34:24,300 [main] DEBUG balancer.ContainerBalancerTask (ContainerBalancerTask.java:lambda$moveContainer$3(837)) - Container move completed for container #39 from source abdcbe9b-14ab-49bc-9dce-6c11af80d1f0 to target 36921fe3-c471-43cf-9e39-df0bee35fefc
2023-07-26 19:34:24,303 [main] DEBUG balancer.ContainerBalancerTask (ContainerBalancerTask.java:matchSourceWithTarget(708)) - ContainerBalancer is finding suitable target for source datanode abdcbe9b-14ab-49bc-9dce-6c11af80d1f0
2023-07-26 19:34:24,303 [main] INFO  balancer.ContainerBalancerTask (ContainerBalancerTask.java:matchSourceWithTarget(722)) - ContainerBalancer matched source datanode abdcbe9b-14ab-49bc-9dce-6c11af80d1f0 with target datanode 36921fe3-c471-43cf-9e39-df0bee35fefc for container move.
2023-07-26 19:34:24,303 [main] INFO  balancer.ContainerBalancerTask (ContainerBalancerTask.java:processMoveSelection(569)) - ContainerBalancer is trying to move container #19 with size 4294967296B from source datanode abdcbe9b-14ab-49bc-9dce-6c11af80d1f0 to target datanode 36921fe3-c471-43cf-9e39-df0bee35fefc
2023-07-26 19:34:24,303 [main] DEBUG balancer.ContainerBalancerTask (ContainerBalancerTask.java:lambda$moveContainer$3(837)) - Container move completed for container #19 from source abdcbe9b-14ab-49bc-9dce-6c11af80d1f0 to target 36921fe3-c471-43cf-9e39-df0bee35fefc
2023-07-26 19:34:24,306 [main] DEBUG balancer.ContainerBalancerTask (ContainerBalancerTask.java:matchSourceWithTarget(708)) - ContainerBalancer is finding suitable target for source datanode eb5c0ea4-43e9-4992-a838-676d1e5fa004
2023-07-26 19:34:24,306 [main] INFO  balancer.ContainerBalancerTask (ContainerBalancerTask.java:matchSourceWithTarget(722)) - ContainerBalancer matched source datanode eb5c0ea4-43e9-4992-a838-676d1e5fa004 with target datanode 36921fe3-c471-43cf-9e39-df0bee35fefc for container move.
2023-07-26 19:34:24,306 [main] INFO  balancer.ContainerBalancerTask (ContainerBalancerTask.java:processMoveSelection(569)) - ContainerBalancer is trying to move container #66 with size 3221225472B from source datanode eb5c0ea4-43e9-4992-a838-676d1e5fa004 to target datanode 36921fe3-c471-43cf-9e39-df0bee35fefc
2023-07-26 19:34:24,306 [main] DEBUG balancer.ContainerBalancerTask (ContainerBalancerTask.java:lambda$moveContainer$3(837)) - Container move completed for container #66 from source eb5c0ea4-43e9-4992-a838-676d1e5fa004 to target 36921fe3-c471-43cf-9e39-df0bee35fefc
2023-07-26 19:34:24,309 [main] DEBUG balancer.ContainerBalancerTask (ContainerBalancerTask.java:matchSourceWithTarget(708)) - ContainerBalancer is finding suitable target for source datanode abdcbe9b-14ab-49bc-9dce-6c11af80d1f0
2023-07-26 19:34:24,310 [main] INFO  balancer.ContainerBalancerTask (ContainerBalancerTask.java:matchSourceWithTarget(722)) - ContainerBalancer matched source datanode abdcbe9b-14ab-49bc-9dce-6c11af80d1f0 with target datanode 36921fe3-c471-43cf-9e39-df0bee35fefc for container move.
2023-07-26 19:34:24,310 [main] INFO  balancer.ContainerBalancerTask (ContainerBalancerTask.java:processMoveSelection(569)) - ContainerBalancer is trying to move container #88 with size 3221225472B from source datanode abdcbe9b-14ab-49bc-9dce-6c11af80d1f0 to target datanode 36921fe3-c471-43cf-9e39-df0bee35fefc
2023-07-26 19:34:24,310 [main] DEBUG balancer.ContainerBalancerTask (ContainerBalancerTask.java:lambda$moveContainer$3(837)) - Container move completed for container #88 from source abdcbe9b-14ab-49bc-9dce-6c11af80d1f0 to target 36921fe3-c471-43cf-9e39-df0bee35fefc
2023-07-26 19:34:24,313 [main] DEBUG balancer.ContainerBalancerTask (ContainerBalancerTask.java:matchSourceWithTarget(708)) - ContainerBalancer is finding suitable target for source datanode eb5c0ea4-43e9-4992-a838-676d1e5fa004
2023-07-26 19:34:24,313 [main] INFO  balancer.ContainerBalancerTask (ContainerBalancerTask.java:matchSourceWithTarget(722)) - ContainerBalancer matched source datanode eb5c0ea4-43e9-4992-a838-676d1e5fa004 with target datanode 36921fe3-c471-43cf-9e39-df0bee35fefc for container move.
2023-07-26 19:34:24,313 [main] INFO  balancer.ContainerBalancerTask (ContainerBalancerTask.java:processMoveSelection(569)) - ContainerBalancer is trying to move container #70 with size 2147483648B from source datanode eb5c0ea4-43e9-4992-a838-676d1e5fa004 to target datanode 36921fe3-c471-43cf-9e39-df0bee35fefc
2023-07-26 19:34:24,313 [main] DEBUG balancer.ContainerBalancerTask (ContainerBalancerTask.java:lambda$moveContainer$3(837)) - Container move completed for container #70 from source eb5c0ea4-43e9-4992-a838-676d1e5fa004 to target 36921fe3-c471-43cf-9e39-df0bee35fefc
2023-07-26 19:34:24,316 [main] DEBUG balancer.ContainerBalancerTask (ContainerBalancerTask.java:matchSourceWithTarget(708)) - ContainerBalancer is finding suitable target for source datanode abdcbe9b-14ab-49bc-9dce-6c11af80d1f0
2023-07-26 19:34:24,316 [main] INFO  balancer.ContainerBalancerTask (ContainerBalancerTask.java:matchSourceWithTarget(722)) - ContainerBalancer matched source datanode abdcbe9b-14ab-49bc-9dce-6c11af80d1f0 with target datanode 36921fe3-c471-43cf-9e39-df0bee35fefc for container move.
2023-07-26 19:34:24,317 [main] INFO  balancer.ContainerBalancerTask (ContainerBalancerTask.java:processMoveSelection(569)) - ContainerBalancer is trying to move container #86 with size 1073741824B from source datanode abdcbe9b-14ab-49bc-9dce-6c11af80d1f0 to target datanode 36921fe3-c471-43cf-9e39-df0bee35fefc
2023-07-26 19:34:24,317 [main] DEBUG balancer.ContainerBalancerTask (ContainerBalancerTask.java:lambda$moveContainer$3(837)) - Container move completed for container #86 from source abdcbe9b-14ab-49bc-9dce-6c11af80d1f0 to target 36921fe3-c471-43cf-9e39-df0bee35fefc
2023-07-26 19:34:24,320 [main] DEBUG balancer.ContainerBalancerTask (ContainerBalancerTask.java:matchSourceWithTarget(701)) - ContainerBalancer could not find any candidate containers for datanode abdcbe9b-14ab-49bc-9dce-6c11af80d1f0
2023-07-26 19:34:24,323 [main] DEBUG balancer.ContainerBalancerTask (ContainerBalancerTask.java:matchSourceWithTarget(708)) - ContainerBalancer is finding suitable target for source datanode eb5c0ea4-43e9-4992-a838-676d1e5fa004
2023-07-26 19:34:24,323 [main] INFO  balancer.ContainerBalancerTask (ContainerBalancerTask.java:matchSourceWithTarget(722)) - ContainerBalancer matched source datanode eb5c0ea4-43e9-4992-a838-676d1e5fa004 with target datanode 36921fe3-c471-43cf-9e39-df0bee35fefc for container move.
2023-07-26 19:34:24,323 [main] INFO  balancer.ContainerBalancerTask (ContainerBalancerTask.java:processMoveSelection(569)) - ContainerBalancer is trying to move container #81 with size 1073741824B from source datanode eb5c0ea4-43e9-4992-a838-676d1e5fa004 to target datanode 36921fe3-c471-43cf-9e39-df0bee35fefc
2023-07-26 19:34:24,324 [main] DEBUG balancer.ContainerBalancerTask (ContainerBalancerTask.java:lambda$moveContainer$3(837)) - Container move completed for container #81 from source eb5c0ea4-43e9-4992-a838-676d1e5fa004 to target 36921fe3-c471-43cf-9e39-df0bee35fefc
2023-07-26 19:34:24,326 [main] DEBUG balancer.ContainerBalancerTask (ContainerBalancerTask.java:matchSourceWithTarget(708)) - ContainerBalancer is finding suitable target for source datanode eb5c0ea4-43e9-4992-a838-676d1e5fa004
2023-07-26 19:34:24,326 [main] INFO  balancer.ContainerBalancerTask (ContainerBalancerTask.java:matchSourceWithTarget(722)) - ContainerBalancer matched source datanode eb5c0ea4-43e9-4992-a838-676d1e5fa004 with target datanode 36921fe3-c471-43cf-9e39-df0bee35fefc for container move.
2023-07-26 19:34:24,326 [main] INFO  balancer.ContainerBalancerTask (ContainerBalancerTask.java:processMoveSelection(569)) - ContainerBalancer is trying to move container #69 with size 1073741824B from source datanode eb5c0ea4-43e9-4992-a838-676d1e5fa004 to target datanode 36921fe3-c471-43cf-9e39-df0bee35fefc
2023-07-26 19:34:24,326 [main] DEBUG balancer.ContainerBalancerTask (ContainerBalancerTask.java:lambda$moveContainer$3(837)) - Container move completed for container #69 from source eb5c0ea4-43e9-4992-a838-676d1e5fa004 to target 36921fe3-c471-43cf-9e39-df0bee35fefc
2023-07-26 19:34:24,329 [main] DEBUG balancer.ContainerBalancerTask (ContainerBalancerTask.java:matchSourceWithTarget(708)) - ContainerBalancer is finding suitable target for source datanode eb5c0ea4-43e9-4992-a838-676d1e5fa004
2023-07-26 19:34:24,329 [main] INFO  balancer.ContainerBalancerTask (ContainerBalancerTask.java:matchSourceWithTarget(722)) - ContainerBalancer matched source datanode eb5c0ea4-43e9-4992-a838-676d1e5fa004 with target datanode 36921fe3-c471-43cf-9e39-df0bee35fefc for container move.
2023-07-26 19:34:24,330 [main] INFO  balancer.ContainerBalancerTask (ContainerBalancerTask.java:processMoveSelection(569)) - ContainerBalancer is trying to move container #64 with size 1073741824B from source datanode eb5c0ea4-43e9-4992-a838-676d1e5fa004 to target datanode 36921fe3-c471-43cf-9e39-df0bee35fefc
2023-07-26 19:34:24,330 [main] DEBUG balancer.ContainerBalancerTask (ContainerBalancerTask.java:lambda$moveContainer$3(837)) - Container move completed for container #64 from source eb5c0ea4-43e9-4992-a838-676d1e5fa004 to target 36921fe3-c471-43cf-9e39-df0bee35fefc
2023-07-26 19:34:24,331 [main] DEBUG balancer.ContainerBalancerTask (ContainerBalancerTask.java:matchSourceWithTarget(708)) - ContainerBalancer is finding suitable target for source datanode eb5c0ea4-43e9-4992-a838-676d1e5fa004
2023-07-26 19:34:24,331 [main] INFO  balancer.ContainerBalancerTask (ContainerBalancerTask.java:matchSourceWithTarget(722)) - ContainerBalancer matched source datanode eb5c0ea4-43e9-4992-a838-676d1e5fa004 with target datanode 36921fe3-c471-43cf-9e39-df0bee35fefc for container move.
2023-07-26 19:34:24,331 [main] INFO  balancer.ContainerBalancerTask (ContainerBalancerTask.java:processMoveSelection(569)) - ContainerBalancer is trying to move container #41 with size 1073741824B from source datanode eb5c0ea4-43e9-4992-a838-676d1e5fa004 to target datanode 36921fe3-c471-43cf-9e39-df0bee35fefc
2023-07-26 19:34:24,332 [main] DEBUG balancer.ContainerBalancerTask (ContainerBalancerTask.java:lambda$moveContainer$3(837)) - Container move completed for container #41 from source eb5c0ea4-43e9-4992-a838-676d1e5fa004 to target 36921fe3-c471-43cf-9e39-df0bee35fefc
2023-07-26 19:34:24,333 [main] DEBUG balancer.ContainerBalancerTask (ContainerBalancerTask.java:matchSourceWithTarget(708)) - ContainerBalancer is finding suitable target for source datanode eb5c0ea4-43e9-4992-a838-676d1e5fa004
2023-07-26 19:34:24,333 [main] INFO  balancer.ContainerBalancerTask (ContainerBalancerTask.java:matchSourceWithTarget(722)) - ContainerBalancer matched source datanode eb5c0ea4-43e9-4992-a838-676d1e5fa004 with target datanode 36921fe3-c471-43cf-9e39-df0bee35fefc for container move.
2023-07-26 19:34:24,333 [main] INFO  balancer.ContainerBalancerTask (ContainerBalancerTask.java:processMoveSelection(569)) - ContainerBalancer is trying to move container #4 with size 1073741824B from source datanode eb5c0ea4-43e9-4992-a838-676d1e5fa004 to target datanode 36921fe3-c471-43cf-9e39-df0bee35fefc
2023-07-26 19:34:24,333 [main] DEBUG balancer.ContainerBalancerTask (ContainerBalancerTask.java:lambda$moveContainer$3(837)) - Container move completed for container #4 from source eb5c0ea4-43e9-4992-a838-676d1e5fa004 to target 36921fe3-c471-43cf-9e39-df0bee35fefc
2023-07-26 19:34:24,335 [main] DEBUG balancer.ContainerBalancerTask (ContainerBalancerTask.java:matchSourceWithTarget(708)) - ContainerBalancer is finding suitable target for source datanode eb5c0ea4-43e9-4992-a838-676d1e5fa004
2023-07-26 19:34:24,335 [main] INFO  balancer.ContainerBalancerTask (ContainerBalancerTask.java:matchSourceWithTarget(722)) - ContainerBalancer matched source datanode eb5c0ea4-43e9-4992-a838-676d1e5fa004 with target datanode 4ce641a3-c227-4061-90b7-c73eb64381c8 for container move.
2023-07-26 19:34:24,335 [main] INFO  balancer.ContainerBalancerTask (ContainerBalancerTask.java:processMoveSelection(569)) - ContainerBalancer is trying to move container #65 with size 2147483648B from source datanode eb5c0ea4-43e9-4992-a838-676d1e5fa004 to target datanode 4ce641a3-c227-4061-90b7-c73eb64381c8
2023-07-26 19:34:24,336 [main] DEBUG balancer.ContainerBalancerTask (ContainerBalancerTask.java:lambda$moveContainer$3(837)) - Container move completed for container #65 from source eb5c0ea4-43e9-4992-a838-676d1e5fa004 to target 4ce641a3-c227-4061-90b7-c73eb64381c8
2023-07-26 19:34:24,337 [main] DEBUG balancer.ContainerBalancerTask (ContainerBalancerTask.java:matchSourceWithTarget(701)) - ContainerBalancer could not find any candidate containers for datanode eb5c0ea4-43e9-4992-a838-676d1e5fa004
2023-07-26 19:34:24,337 [main] INFO  balancer.FindSourceGreedy (FindSourceGreedy.java:getNextCandidateSourceDataNode(126)) - no more candidate source data node
2023-07-26 19:34:24,337 [main] INFO  balancer.ContainerBalancerTask (ContainerBalancerTask.java:checkIterationMoveResults(642)) - Iteration Summary. Number of Datanodes involved: 4. Size moved: 45 GB (48318382080 Bytes). Number of Container moves completed: 17.
2023-07-26 19:34:24,337 [main] INFO  balancer.ContainerBalancerTask (ContainerBalancerTask.java:balance(259)) - Result of this iteration of Container Balancer: ITERATION_COMPLETED
2023-07-26 19:34:24,337 [main] INFO  balancer.ContainerBalancerTask (ContainerBalancerTask.java:tryStopWithSaveConfiguration(308)) - Save Configuration for stopping. Reason: Completed all iterations.
]]></system-out>
  </testcase>
  <testcase name="testBalancerWithMoveManager" classname="org.apache.hadoop.hdds.scm.container.balancer.TestContainerBalancerTask" time="0.09">
    <system-out><![CDATA[2023-07-26 19:34:24,365 [main] INFO  net.NodeSchemaLoader (NodeSchemaLoader.java:loadSchemaFromFile(129)) - Loading schema from [file:/home/runner/work/ozone/ozone/hadoop-hdds/common/target/classes/network-topology-default.xml]
2023-07-26 19:34:24,365 [main] INFO  net.NodeSchemaLoader (NodeSchemaLoader.java:loadSchema(176)) - Loading network topology layer schema file
2023-07-26 19:34:24,367 [main] INFO  net.NetworkTopologyImpl (NetworkTopologyImpl.java:add(112)) - Added a new node: /default-rack/483db0a2-fc82-4664-b306-43d3c96bcea7
2023-07-26 19:34:24,367 [main] INFO  net.NetworkTopologyImpl (NetworkTopologyImpl.java:add(112)) - Added a new node: /default-rack/be2e7b93-4b07-407a-bc54-ca505b4156e4
2023-07-26 19:34:24,368 [main] INFO  net.NetworkTopologyImpl (NetworkTopologyImpl.java:add(112)) - Added a new node: /default-rack/c519730e-1c54-4db3-bff6-4cb05b476490
2023-07-26 19:34:24,368 [main] INFO  net.NetworkTopologyImpl (NetworkTopologyImpl.java:add(112)) - Added a new node: /default-rack/48e2e08f-b228-4caf-bc05-d2099cea21ea
2023-07-26 19:34:24,368 [main] INFO  net.NetworkTopologyImpl (NetworkTopologyImpl.java:add(112)) - Added a new node: /default-rack/d86bcc46-c1a7-4b05-822a-1d199773e2e8
2023-07-26 19:34:24,368 [main] INFO  net.NetworkTopologyImpl (NetworkTopologyImpl.java:add(112)) - Added a new node: /default-rack/8c2f409f-af0b-4318-8d11-8399232951a5
2023-07-26 19:34:24,368 [main] INFO  net.NetworkTopologyImpl (NetworkTopologyImpl.java:add(112)) - Added a new node: /default-rack/0f4eebe3-4364-4f1d-9d8a-d353a9259663
2023-07-26 19:34:24,368 [main] INFO  net.NetworkTopologyImpl (NetworkTopologyImpl.java:add(112)) - Added a new node: /default-rack/e4c456f5-5bdf-4cf7-bb7b-96166baeedc1
2023-07-26 19:34:24,368 [main] INFO  net.NetworkTopologyImpl (NetworkTopologyImpl.java:add(112)) - Added a new node: /default-rack/87b4ab15-0dfb-475c-b9b5-7070361ff0e2
2023-07-26 19:34:24,368 [main] INFO  net.NetworkTopologyImpl (NetworkTopologyImpl.java:add(112)) - Added a new node: /default-rack/3292053c-9661-49e7-bb50-28d4e7bb0608
2023-07-26 19:34:24,368 [main] INFO  algorithms.ContainerPlacementPolicyFactory (ContainerPlacementPolicyFactory.java:getPolicyInternal(86)) - Create container placement policy of type org.apache.hadoop.hdds.scm.container.placement.algorithms.SCMContainerPlacementRackAware
2023-07-26 19:34:24,369 [main] INFO  algorithms.ContainerPlacementPolicyFactory (ContainerPlacementPolicyFactory.java:getPolicyInternal(86)) - Create container placement policy of type org.apache.hadoop.hdds.scm.container.placement.algorithms.SCMContainerPlacementRackScatter
2023-07-26 19:34:24,373 [main] DEBUG balancer.ContainerBalancerTask (ContainerBalancerTask.java:initializeIteration(374)) - Average utilization of the cluster is 0.3866169803027171
2023-07-26 19:34:24,373 [main] DEBUG balancer.ContainerBalancerTask (ContainerBalancerTask.java:initializeIteration(386)) - Lower limit for utilization is 0.2866169803027171 and Upper limit for utilization is 0.48661698030271705
2023-07-26 19:34:24,373 [main] DEBUG balancer.ContainerBalancerTask (ContainerBalancerTask.java:initializeIteration(398)) - Utilization for node c519730e-1c54-4db3-bff6-4cb05b476490 with capacity 69196695324B, used 62277025792B, and remaining 6919669532B is 0.9000000000057806
2023-07-26 19:34:24,373 [main] DEBUG balancer.ContainerBalancerTask (ContainerBalancerTask.java:initializeIteration(398)) - Utilization for node e4c456f5-5bdf-4cf7-bb7b-96166baeedc1 with capacity 65766686720B, used 52613349376B, and remaining 13153337344B is 0.8
2023-07-26 19:34:24,373 [main] DEBUG balancer.ContainerBalancerTask (ContainerBalancerTask.java:initializeIteration(398)) - Utilization for node be2e7b93-4b07-407a-bc54-ca505b4156e4 with capacity 88967179702B, used 62277025792B, and remaining 26690153910B is 0.700000000006744
2023-07-26 19:34:24,373 [main] DEBUG balancer.ContainerBalancerTask (ContainerBalancerTask.java:initializeIteration(398)) - Utilization for node 0f4eebe3-4364-4f1d-9d8a-d353a9259663 with capacity 71582788266B, used 42949672960B, and remaining 28633115306B is 0.600000000005588
2023-07-26 19:34:24,373 [main] DEBUG balancer.ContainerBalancerTask (ContainerBalancerTask.java:initializeIteration(398)) - Utilization for node 3292053c-9661-49e7-bb50-28d4e7bb0608 with capacity 83751862272B, used 41875931136B, and remaining 41875931136B is 0.5
2023-07-26 19:34:24,373 [main] DEBUG balancer.ContainerBalancerTask (ContainerBalancerTask.java:initializeIteration(398)) - Utilization for node 8c2f409f-af0b-4318-8d11-8399232951a5 with capacity 118111600640B, used 47244640256B, and remaining 70866960384B is 0.4
2023-07-26 19:34:24,373 [main] DEBUG balancer.ContainerBalancerTask (ContainerBalancerTask.java:initializeIteration(398)) - Utilization for node 87b4ab15-0dfb-475c-b9b5-7070361ff0e2 with capacity 125269879466B, used 37580963840B, and remaining 87688915626B is 0.30000000000159655
2023-07-26 19:34:24,373 [main] DEBUG balancer.ContainerBalancerTask (ContainerBalancerTask.java:initializeIteration(398)) - Utilization for node d86bcc46-c1a7-4b05-822a-1d199773e2e8 with capacity 193273528320B, used 38654705664B, and remaining 154618822656B is 0.2
2023-07-26 19:34:24,374 [main] DEBUG balancer.ContainerBalancerTask (ContainerBalancerTask.java:initializeIteration(398)) - Utilization for node 48e2e08f-b228-4caf-bc05-d2099cea21ea with capacity 225485783040B, used 22548578304B, and remaining 202937204736B is 0.1
2023-07-26 19:34:24,374 [main] DEBUG balancer.ContainerBalancerTask (ContainerBalancerTask.java:initializeIteration(398)) - Utilization for node 483db0a2-fc82-4664-b306-43d3c96bcea7 with capacity 13958643712B, used 0B, and remaining 13958643712B is 0.0
2023-07-26 19:34:24,374 [main] INFO  balancer.ContainerBalancerTask (ContainerBalancerTask.java:initializeIteration(447)) - Container Balancer has identified 5 Over-Utilized and 3 Under-Utilized Datanodes that need to be balanced.
2023-07-26 19:34:24,374 [main] DEBUG balancer.ContainerBalancerTask (ContainerBalancerTask.java:lambda$initializeIteration$1(453)) - Datanode localhost-28.104.54.161 c519730e-1c54-4db3-bff6-4cb05b476490 is Over-Utilized.
2023-07-26 19:34:24,374 [main] DEBUG balancer.ContainerBalancerTask (ContainerBalancerTask.java:lambda$initializeIteration$1(453)) - Datanode localhost-166.176.93.128 e4c456f5-5bdf-4cf7-bb7b-96166baeedc1 is Over-Utilized.
2023-07-26 19:34:24,374 [main] DEBUG balancer.ContainerBalancerTask (ContainerBalancerTask.java:lambda$initializeIteration$1(453)) - Datanode localhost-244.42.99.86 be2e7b93-4b07-407a-bc54-ca505b4156e4 is Over-Utilized.
2023-07-26 19:34:24,374 [main] DEBUG balancer.ContainerBalancerTask (ContainerBalancerTask.java:lambda$initializeIteration$1(453)) - Datanode localhost-106.174.79.151 0f4eebe3-4364-4f1d-9d8a-d353a9259663 is Over-Utilized.
2023-07-26 19:34:24,374 [main] DEBUG balancer.ContainerBalancerTask (ContainerBalancerTask.java:lambda$initializeIteration$1(453)) - Datanode localhost-216.106.170.176 3292053c-9661-49e7-bb50-28d4e7bb0608 is Over-Utilized.
2023-07-26 19:34:24,374 [main] DEBUG balancer.ContainerBalancerTask (ContainerBalancerTask.java:lambda$initializeIteration$2(459)) - Datanode localhost-64.22.55.220 483db0a2-fc82-4664-b306-43d3c96bcea7 is Under-Utilized.
2023-07-26 19:34:24,374 [main] DEBUG balancer.ContainerBalancerTask (ContainerBalancerTask.java:lambda$initializeIteration$2(459)) - Datanode localhost-97.234.126.128 48e2e08f-b228-4caf-bc05-d2099cea21ea is Under-Utilized.
2023-07-26 19:34:24,374 [main] DEBUG balancer.ContainerBalancerTask (ContainerBalancerTask.java:lambda$initializeIteration$2(459)) - Datanode localhost-10.208.74.199 d86bcc46-c1a7-4b05-822a-1d199773e2e8 is Under-Utilized.
2023-07-26 19:34:24,377 [main] DEBUG balancer.ContainerBalancerTask (ContainerBalancerTask.java:matchSourceWithTarget(708)) - ContainerBalancer is finding suitable target for source datanode c519730e-1c54-4db3-bff6-4cb05b476490
2023-07-26 19:34:24,377 [main] INFO  balancer.ContainerBalancerTask (ContainerBalancerTask.java:matchSourceWithTarget(722)) - ContainerBalancer matched source datanode c519730e-1c54-4db3-bff6-4cb05b476490 with target datanode 483db0a2-fc82-4664-b306-43d3c96bcea7 for container move.
2023-07-26 19:34:24,377 [main] INFO  balancer.ContainerBalancerTask (ContainerBalancerTask.java:processMoveSelection(569)) - ContainerBalancer is trying to move container #85 with size 5368709120B from source datanode c519730e-1c54-4db3-bff6-4cb05b476490 to target datanode 483db0a2-fc82-4664-b306-43d3c96bcea7
2023-07-26 19:34:24,378 [main] DEBUG balancer.ContainerBalancerTask (ContainerBalancerTask.java:lambda$moveContainer$3(837)) - Container move completed for container #85 from source c519730e-1c54-4db3-bff6-4cb05b476490 to target 483db0a2-fc82-4664-b306-43d3c96bcea7
2023-07-26 19:34:24,381 [main] DEBUG balancer.ContainerBalancerTask (ContainerBalancerTask.java:matchSourceWithTarget(708)) - ContainerBalancer is finding suitable target for source datanode c519730e-1c54-4db3-bff6-4cb05b476490
2023-07-26 19:34:24,381 [main] INFO  balancer.ContainerBalancerTask (ContainerBalancerTask.java:matchSourceWithTarget(722)) - ContainerBalancer matched source datanode c519730e-1c54-4db3-bff6-4cb05b476490 with target datanode 48e2e08f-b228-4caf-bc05-d2099cea21ea for container move.
2023-07-26 19:34:24,381 [main] INFO  balancer.ContainerBalancerTask (ContainerBalancerTask.java:processMoveSelection(569)) - ContainerBalancer is trying to move container #53 with size 5368709120B from source datanode c519730e-1c54-4db3-bff6-4cb05b476490 to target datanode 48e2e08f-b228-4caf-bc05-d2099cea21ea
2023-07-26 19:34:24,381 [main] DEBUG balancer.ContainerBalancerTask (ContainerBalancerTask.java:lambda$moveContainer$3(837)) - Container move completed for container #53 from source c519730e-1c54-4db3-bff6-4cb05b476490 to target 48e2e08f-b228-4caf-bc05-d2099cea21ea
2023-07-26 19:34:24,384 [main] DEBUG balancer.ContainerBalancerTask (ContainerBalancerTask.java:matchSourceWithTarget(708)) - ContainerBalancer is finding suitable target for source datanode e4c456f5-5bdf-4cf7-bb7b-96166baeedc1
2023-07-26 19:34:24,384 [main] INFO  balancer.ContainerBalancerTask (ContainerBalancerTask.java:matchSourceWithTarget(722)) - ContainerBalancer matched source datanode e4c456f5-5bdf-4cf7-bb7b-96166baeedc1 with target datanode 48e2e08f-b228-4caf-bc05-d2099cea21ea for container move.
2023-07-26 19:34:24,384 [main] INFO  balancer.ContainerBalancerTask (ContainerBalancerTask.java:processMoveSelection(569)) - ContainerBalancer is trying to move container #68 with size 5368709120B from source datanode e4c456f5-5bdf-4cf7-bb7b-96166baeedc1 to target datanode 48e2e08f-b228-4caf-bc05-d2099cea21ea
2023-07-26 19:34:24,385 [main] DEBUG balancer.ContainerBalancerTask (ContainerBalancerTask.java:lambda$moveContainer$3(837)) - Container move completed for container #68 from source e4c456f5-5bdf-4cf7-bb7b-96166baeedc1 to target 48e2e08f-b228-4caf-bc05-d2099cea21ea
2023-07-26 19:34:24,387 [main] DEBUG balancer.ContainerBalancerTask (ContainerBalancerTask.java:matchSourceWithTarget(708)) - ContainerBalancer is finding suitable target for source datanode c519730e-1c54-4db3-bff6-4cb05b476490
2023-07-26 19:34:24,387 [main] INFO  balancer.ContainerBalancerTask (ContainerBalancerTask.java:matchSourceWithTarget(722)) - ContainerBalancer matched source datanode c519730e-1c54-4db3-bff6-4cb05b476490 with target datanode 48e2e08f-b228-4caf-bc05-d2099cea21ea for container move.
2023-07-26 19:34:24,388 [main] INFO  balancer.ContainerBalancerTask (ContainerBalancerTask.java:processMoveSelection(569)) - ContainerBalancer is trying to move container #40 with size 5368709120B from source datanode c519730e-1c54-4db3-bff6-4cb05b476490 to target datanode 48e2e08f-b228-4caf-bc05-d2099cea21ea
2023-07-26 19:34:24,388 [main] DEBUG balancer.ContainerBalancerTask (ContainerBalancerTask.java:lambda$moveContainer$3(837)) - Container move completed for container #40 from source c519730e-1c54-4db3-bff6-4cb05b476490 to target 48e2e08f-b228-4caf-bc05-d2099cea21ea
2023-07-26 19:34:24,390 [main] DEBUG balancer.ContainerBalancerTask (ContainerBalancerTask.java:matchSourceWithTarget(708)) - ContainerBalancer is finding suitable target for source datanode e4c456f5-5bdf-4cf7-bb7b-96166baeedc1
2023-07-26 19:34:24,391 [main] INFO  balancer.ContainerBalancerTask (ContainerBalancerTask.java:matchSourceWithTarget(722)) - ContainerBalancer matched source datanode e4c456f5-5bdf-4cf7-bb7b-96166baeedc1 with target datanode 48e2e08f-b228-4caf-bc05-d2099cea21ea for container move.
2023-07-26 19:34:24,391 [main] INFO  balancer.ContainerBalancerTask (ContainerBalancerTask.java:processMoveSelection(569)) - ContainerBalancer is trying to move container #39 with size 4294967296B from source datanode e4c456f5-5bdf-4cf7-bb7b-96166baeedc1 to target datanode 48e2e08f-b228-4caf-bc05-d2099cea21ea
2023-07-26 19:34:24,391 [main] DEBUG balancer.ContainerBalancerTask (ContainerBalancerTask.java:lambda$moveContainer$3(837)) - Container move completed for container #39 from source e4c456f5-5bdf-4cf7-bb7b-96166baeedc1 to target 48e2e08f-b228-4caf-bc05-d2099cea21ea
2023-07-26 19:34:24,393 [main] DEBUG balancer.ContainerBalancerTask (ContainerBalancerTask.java:matchSourceWithTarget(708)) - ContainerBalancer is finding suitable target for source datanode be2e7b93-4b07-407a-bc54-ca505b4156e4
2023-07-26 19:34:24,394 [main] INFO  balancer.ContainerBalancerTask (ContainerBalancerTask.java:matchSourceWithTarget(722)) - ContainerBalancer matched source datanode be2e7b93-4b07-407a-bc54-ca505b4156e4 with target datanode 48e2e08f-b228-4caf-bc05-d2099cea21ea for container move.
2023-07-26 19:34:24,394 [main] INFO  balancer.ContainerBalancerTask (ContainerBalancerTask.java:processMoveSelection(569)) - ContainerBalancer is trying to move container #89 with size 4294967296B from source datanode be2e7b93-4b07-407a-bc54-ca505b4156e4 to target datanode 48e2e08f-b228-4caf-bc05-d2099cea21ea
2023-07-26 19:34:24,394 [main] DEBUG balancer.ContainerBalancerTask (ContainerBalancerTask.java:lambda$moveContainer$3(837)) - Container move completed for container #89 from source be2e7b93-4b07-407a-bc54-ca505b4156e4 to target 48e2e08f-b228-4caf-bc05-d2099cea21ea
2023-07-26 19:34:24,397 [main] DEBUG balancer.ContainerBalancerTask (ContainerBalancerTask.java:matchSourceWithTarget(708)) - ContainerBalancer is finding suitable target for source datanode c519730e-1c54-4db3-bff6-4cb05b476490
2023-07-26 19:34:24,397 [main] INFO  balancer.ContainerBalancerTask (ContainerBalancerTask.java:matchSourceWithTarget(722)) - ContainerBalancer matched source datanode c519730e-1c54-4db3-bff6-4cb05b476490 with target datanode d86bcc46-c1a7-4b05-822a-1d199773e2e8 for container move.
2023-07-26 19:34:24,397 [main] INFO  balancer.ContainerBalancerTask (ContainerBalancerTask.java:processMoveSelection(569)) - ContainerBalancer is trying to move container #84 with size 4294967296B from source datanode c519730e-1c54-4db3-bff6-4cb05b476490 to target datanode d86bcc46-c1a7-4b05-822a-1d199773e2e8
2023-07-26 19:34:24,398 [main] DEBUG balancer.ContainerBalancerTask (ContainerBalancerTask.java:lambda$moveContainer$3(837)) - Container move completed for container #84 from source c519730e-1c54-4db3-bff6-4cb05b476490 to target d86bcc46-c1a7-4b05-822a-1d199773e2e8
2023-07-26 19:34:24,400 [main] DEBUG balancer.ContainerBalancerTask (ContainerBalancerTask.java:matchSourceWithTarget(708)) - ContainerBalancer is finding suitable target for source datanode e4c456f5-5bdf-4cf7-bb7b-96166baeedc1
2023-07-26 19:34:24,400 [main] INFO  balancer.ContainerBalancerTask (ContainerBalancerTask.java:matchSourceWithTarget(722)) - ContainerBalancer matched source datanode e4c456f5-5bdf-4cf7-bb7b-96166baeedc1 with target datanode 48e2e08f-b228-4caf-bc05-d2099cea21ea for container move.
2023-07-26 19:34:24,400 [main] INFO  balancer.ContainerBalancerTask (ContainerBalancerTask.java:processMoveSelection(569)) - ContainerBalancer is trying to move container #28 with size 4294967296B from source datanode e4c456f5-5bdf-4cf7-bb7b-96166baeedc1 to target datanode 48e2e08f-b228-4caf-bc05-d2099cea21ea
2023-07-26 19:34:24,400 [main] DEBUG balancer.ContainerBalancerTask (ContainerBalancerTask.java:lambda$moveContainer$3(837)) - Container move completed for container #28 from source e4c456f5-5bdf-4cf7-bb7b-96166baeedc1 to target 48e2e08f-b228-4caf-bc05-d2099cea21ea
2023-07-26 19:34:24,404 [main] DEBUG balancer.ContainerBalancerTask (ContainerBalancerTask.java:matchSourceWithTarget(708)) - ContainerBalancer is finding suitable target for source datanode be2e7b93-4b07-407a-bc54-ca505b4156e4
2023-07-26 19:34:24,404 [main] INFO  balancer.ContainerBalancerTask (ContainerBalancerTask.java:matchSourceWithTarget(722)) - ContainerBalancer matched source datanode be2e7b93-4b07-407a-bc54-ca505b4156e4 with target datanode d86bcc46-c1a7-4b05-822a-1d199773e2e8 for container move.
2023-07-26 19:34:24,404 [main] INFO  balancer.ContainerBalancerTask (ContainerBalancerTask.java:processMoveSelection(569)) - ContainerBalancer is trying to move container #52 with size 4294967296B from source datanode be2e7b93-4b07-407a-bc54-ca505b4156e4 to target datanode d86bcc46-c1a7-4b05-822a-1d199773e2e8
2023-07-26 19:34:24,404 [main] DEBUG balancer.ContainerBalancerTask (ContainerBalancerTask.java:lambda$moveContainer$3(837)) - Container move completed for container #52 from source be2e7b93-4b07-407a-bc54-ca505b4156e4 to target d86bcc46-c1a7-4b05-822a-1d199773e2e8
2023-07-26 19:34:24,407 [main] DEBUG balancer.ContainerBalancerTask (ContainerBalancerTask.java:matchSourceWithTarget(708)) - ContainerBalancer is finding suitable target for source datanode c519730e-1c54-4db3-bff6-4cb05b476490
2023-07-26 19:34:24,408 [main] INFO  balancer.ContainerBalancerTask (ContainerBalancerTask.java:matchSourceWithTarget(722)) - ContainerBalancer matched source datanode c519730e-1c54-4db3-bff6-4cb05b476490 with target datanode 48e2e08f-b228-4caf-bc05-d2099cea21ea for container move.
2023-07-26 19:34:24,408 [main] INFO  balancer.ContainerBalancerTask (ContainerBalancerTask.java:processMoveSelection(569)) - ContainerBalancer is trying to move container #29 with size 5368709120B from source datanode c519730e-1c54-4db3-bff6-4cb05b476490 to target datanode 48e2e08f-b228-4caf-bc05-d2099cea21ea
2023-07-26 19:34:24,408 [main] DEBUG balancer.ContainerBalancerTask (ContainerBalancerTask.java:lambda$moveContainer$3(837)) - Container move completed for container #29 from source c519730e-1c54-4db3-bff6-4cb05b476490 to target 48e2e08f-b228-4caf-bc05-d2099cea21ea
2023-07-26 19:34:24,411 [main] DEBUG balancer.ContainerBalancerTask (ContainerBalancerTask.java:matchSourceWithTarget(708)) - ContainerBalancer is finding suitable target for source datanode be2e7b93-4b07-407a-bc54-ca505b4156e4
2023-07-26 19:34:24,411 [main] INFO  balancer.ContainerBalancerTask (ContainerBalancerTask.java:matchSourceWithTarget(722)) - ContainerBalancer matched source datanode be2e7b93-4b07-407a-bc54-ca505b4156e4 with target datanode d86bcc46-c1a7-4b05-822a-1d199773e2e8 for container move.
2023-07-26 19:34:24,411 [main] INFO  balancer.ContainerBalancerTask (ContainerBalancerTask.java:processMoveSelection(569)) - ContainerBalancer is trying to move container #83 with size 3221225472B from source datanode be2e7b93-4b07-407a-bc54-ca505b4156e4 to target datanode d86bcc46-c1a7-4b05-822a-1d199773e2e8
2023-07-26 19:34:24,411 [main] DEBUG balancer.ContainerBalancerTask (ContainerBalancerTask.java:lambda$moveContainer$3(837)) - Container move completed for container #83 from source be2e7b93-4b07-407a-bc54-ca505b4156e4 to target d86bcc46-c1a7-4b05-822a-1d199773e2e8
2023-07-26 19:34:24,414 [main] DEBUG balancer.ContainerBalancerTask (ContainerBalancerTask.java:matchSourceWithTarget(708)) - ContainerBalancer is finding suitable target for source datanode 0f4eebe3-4364-4f1d-9d8a-d353a9259663
2023-07-26 19:34:24,414 [main] INFO  balancer.ContainerBalancerTask (ContainerBalancerTask.java:matchSourceWithTarget(722)) - ContainerBalancer matched source datanode 0f4eebe3-4364-4f1d-9d8a-d353a9259663 with target datanode 48e2e08f-b228-4caf-bc05-d2099cea21ea for container move.
2023-07-26 19:34:24,414 [main] INFO  balancer.ContainerBalancerTask (ContainerBalancerTask.java:processMoveSelection(569)) - ContainerBalancer is trying to move container #86 with size 1073741824B from source datanode 0f4eebe3-4364-4f1d-9d8a-d353a9259663 to target datanode 48e2e08f-b228-4caf-bc05-d2099cea21ea
2023-07-26 19:34:24,414 [main] DEBUG balancer.ContainerBalancerTask (ContainerBalancerTask.java:lambda$moveContainer$3(837)) - Container move completed for container #86 from source 0f4eebe3-4364-4f1d-9d8a-d353a9259663 to target 48e2e08f-b228-4caf-bc05-d2099cea21ea
2023-07-26 19:34:24,417 [main] DEBUG balancer.ContainerBalancerTask (ContainerBalancerTask.java:matchSourceWithTarget(708)) - ContainerBalancer is finding suitable target for source datanode e4c456f5-5bdf-4cf7-bb7b-96166baeedc1
2023-07-26 19:34:24,417 [main] INFO  balancer.ContainerBalancerTask (ContainerBalancerTask.java:matchSourceWithTarget(722)) - ContainerBalancer matched source datanode e4c456f5-5bdf-4cf7-bb7b-96166baeedc1 with target datanode 48e2e08f-b228-4caf-bc05-d2099cea21ea for container move.
2023-07-26 19:34:24,417 [main] INFO  balancer.ContainerBalancerTask (ContainerBalancerTask.java:processMoveSelection(569)) - ContainerBalancer is trying to move container #81 with size 1073741824B from source datanode e4c456f5-5bdf-4cf7-bb7b-96166baeedc1 to target datanode 48e2e08f-b228-4caf-bc05-d2099cea21ea
2023-07-26 19:34:24,417 [main] DEBUG balancer.ContainerBalancerTask (ContainerBalancerTask.java:lambda$moveContainer$3(837)) - Container move completed for container #81 from source e4c456f5-5bdf-4cf7-bb7b-96166baeedc1 to target 48e2e08f-b228-4caf-bc05-d2099cea21ea
2023-07-26 19:34:24,417 [main] WARN  balancer.ContainerBalancerTask (ContainerBalancerTask.java:reachedMaxSizeToMovePerIteration(733)) - Reached max size to move limit. 53687091200 bytes have already been scheduled for balancing and the limit is 53687091200 bytes.
2023-07-26 19:34:24,417 [main] INFO  balancer.ContainerBalancerTask (ContainerBalancerTask.java:checkIterationMoveResults(642)) - Iteration Summary. Number of Datanodes involved: 7. Size moved: 50 GB (53687091200 Bytes). Number of Container moves completed: 13.
2023-07-26 19:34:24,418 [main] INFO  balancer.ContainerBalancerTask (ContainerBalancerTask.java:balance(259)) - Result of this iteration of Container Balancer: ITERATION_COMPLETED
2023-07-26 19:34:24,418 [main] INFO  balancer.ContainerBalancerTask (ContainerBalancerTask.java:tryStopWithSaveConfiguration(308)) - Save Configuration for stopping. Reason: Completed all iterations.
]]></system-out>
  </testcase>
  <testcase name="balancerShouldExcludeECContainersWhenLegacyRmIsEnabled" classname="org.apache.hadoop.hdds.scm.container.balancer.TestContainerBalancerTask" time="0.099">
    <system-out><![CDATA[2023-07-26 19:34:24,455 [main] INFO  net.NodeSchemaLoader (NodeSchemaLoader.java:loadSchemaFromFile(129)) - Loading schema from [file:/home/runner/work/ozone/ozone/hadoop-hdds/common/target/classes/network-topology-default.xml]
2023-07-26 19:34:24,455 [main] INFO  net.NodeSchemaLoader (NodeSchemaLoader.java:loadSchema(176)) - Loading network topology layer schema file
2023-07-26 19:34:24,457 [main] INFO  net.NetworkTopologyImpl (NetworkTopologyImpl.java:add(112)) - Added a new node: /default-rack/ff69ae6a-b6dd-4be1-958e-cdb9220a7392
2023-07-26 19:34:24,457 [main] INFO  net.NetworkTopologyImpl (NetworkTopologyImpl.java:add(112)) - Added a new node: /default-rack/ee69426b-0375-4aaf-a1a5-176ed543c1e2
2023-07-26 19:34:24,457 [main] INFO  net.NetworkTopologyImpl (NetworkTopologyImpl.java:add(112)) - Added a new node: /default-rack/10678914-7a63-46c8-a87c-cb18332f97a0
2023-07-26 19:34:24,457 [main] INFO  net.NetworkTopologyImpl (NetworkTopologyImpl.java:add(112)) - Added a new node: /default-rack/4518fd46-df3c-4cbf-835d-0a47868d085f
2023-07-26 19:34:24,457 [main] INFO  net.NetworkTopologyImpl (NetworkTopologyImpl.java:add(112)) - Added a new node: /default-rack/6f072e6a-f207-4087-8f99-004d49e634ba
2023-07-26 19:34:24,457 [main] INFO  net.NetworkTopologyImpl (NetworkTopologyImpl.java:add(112)) - Added a new node: /default-rack/9f70fd4d-cd88-4c93-9fa6-44c225f9b03d
2023-07-26 19:34:24,458 [main] INFO  net.NetworkTopologyImpl (NetworkTopologyImpl.java:add(112)) - Added a new node: /default-rack/e1f646d0-dc0d-48e5-8384-052839b32667
2023-07-26 19:34:24,458 [main] INFO  net.NetworkTopologyImpl (NetworkTopologyImpl.java:add(112)) - Added a new node: /default-rack/50753098-9e3c-478c-bdbb-a9dd8e7c954e
2023-07-26 19:34:24,458 [main] INFO  net.NetworkTopologyImpl (NetworkTopologyImpl.java:add(112)) - Added a new node: /default-rack/a283e6f3-66c7-4657-870f-e0686bb4ba49
2023-07-26 19:34:24,458 [main] INFO  net.NetworkTopologyImpl (NetworkTopologyImpl.java:add(112)) - Added a new node: /default-rack/773a2534-766f-4bab-abcd-2ceec127ed12
2023-07-26 19:34:24,458 [main] INFO  algorithms.ContainerPlacementPolicyFactory (ContainerPlacementPolicyFactory.java:getPolicyInternal(86)) - Create container placement policy of type org.apache.hadoop.hdds.scm.container.placement.algorithms.SCMContainerPlacementRackAware
2023-07-26 19:34:24,458 [main] INFO  algorithms.ContainerPlacementPolicyFactory (ContainerPlacementPolicyFactory.java:getPolicyInternal(86)) - Create container placement policy of type org.apache.hadoop.hdds.scm.container.placement.algorithms.SCMContainerPlacementRackScatter
2023-07-26 19:34:24,461 [main] DEBUG balancer.ContainerBalancerTask (ContainerBalancerTask.java:initializeIteration(374)) - Average utilization of the cluster is 0.3272901474427957
2023-07-26 19:34:24,461 [main] DEBUG balancer.ContainerBalancerTask (ContainerBalancerTask.java:initializeIteration(386)) - Lower limit for utilization is 0.22729014744279571 and Upper limit for utilization is 0.4272901474427957
2023-07-26 19:34:24,461 [main] DEBUG balancer.ContainerBalancerTask (ContainerBalancerTask.java:initializeIteration(398)) - Utilization for node 10678914-7a63-46c8-a87c-cb18332f97a0 with capacity 46528812373B, used 41875931136B, and remaining 4652881237B is 0.9000000000064476
2023-07-26 19:34:24,461 [main] DEBUG balancer.ContainerBalancerTask (ContainerBalancerTask.java:initializeIteration(398)) - Utilization for node ff69ae6a-b6dd-4be1-958e-cdb9220a7392 with capacity 71135395840B, used 56908316672B, and remaining 14227079168B is 0.8
2023-07-26 19:34:24,461 [main] DEBUG balancer.ContainerBalancerTask (ContainerBalancerTask.java:initializeIteration(398)) - Utilization for node 773a2534-766f-4bab-abcd-2ceec127ed12 with capacity 78229761462B, used 54760833024B, and remaining 23468928438B is 0.7000000000076697
2023-07-26 19:34:24,462 [main] DEBUG balancer.ContainerBalancerTask (ContainerBalancerTask.java:initializeIteration(398)) - Utilization for node 50753098-9e3c-478c-bdbb-a9dd8e7c954e with capacity 91268055040B, used 54760833024B, and remaining 36507222016B is 0.6
2023-07-26 19:34:24,462 [main] DEBUG balancer.ContainerBalancerTask (ContainerBalancerTask.java:initializeIteration(398)) - Utilization for node e1f646d0-dc0d-48e5-8384-052839b32667 with capacity 92341796864B, used 46170898432B, and remaining 46170898432B is 0.5
2023-07-26 19:34:24,462 [main] DEBUG balancer.ContainerBalancerTask (ContainerBalancerTask.java:initializeIteration(398)) - Utilization for node a283e6f3-66c7-4657-870f-e0686bb4ba49 with capacity 83214991360B, used 33285996544B, and remaining 49928994816B is 0.4
2023-07-26 19:34:24,462 [main] DEBUG balancer.ContainerBalancerTask (ContainerBalancerTask.java:initializeIteration(398)) - Utilization for node 6f072e6a-f207-4087-8f99-004d49e634ba with capacity 78741067093B, used 23622320128B, and remaining 55118746965B is 0.30000000000127
2023-07-26 19:34:24,462 [main] DEBUG balancer.ContainerBalancerTask (ContainerBalancerTask.java:initializeIteration(398)) - Utilization for node 4518fd46-df3c-4cbf-835d-0a47868d085f with capacity 214748364800B, used 42949672960B, and remaining 171798691840B is 0.2
2023-07-26 19:34:24,462 [main] DEBUG balancer.ContainerBalancerTask (ContainerBalancerTask.java:initializeIteration(398)) - Utilization for node 9f70fd4d-cd88-4c93-9fa6-44c225f9b03d with capacity 386547056640B, used 38654705664B, and remaining 347892350976B is 0.1
2023-07-26 19:34:24,462 [main] DEBUG balancer.ContainerBalancerTask (ContainerBalancerTask.java:initializeIteration(398)) - Utilization for node ee69426b-0375-4aaf-a1a5-176ed543c1e2 with capacity 57982058496B, used 0B, and remaining 57982058496B is 0.0
2023-07-26 19:34:24,462 [main] INFO  balancer.ContainerBalancerTask (ContainerBalancerTask.java:initializeIteration(447)) - Container Balancer has identified 5 Over-Utilized and 3 Under-Utilized Datanodes that need to be balanced.
2023-07-26 19:34:24,462 [main] DEBUG balancer.ContainerBalancerTask (ContainerBalancerTask.java:lambda$initializeIteration$1(453)) - Datanode localhost-60.212.240.157 10678914-7a63-46c8-a87c-cb18332f97a0 is Over-Utilized.
2023-07-26 19:34:24,462 [main] DEBUG balancer.ContainerBalancerTask (ContainerBalancerTask.java:lambda$initializeIteration$1(453)) - Datanode localhost-73.228.25.87 ff69ae6a-b6dd-4be1-958e-cdb9220a7392 is Over-Utilized.
2023-07-26 19:34:24,462 [main] DEBUG balancer.ContainerBalancerTask (ContainerBalancerTask.java:lambda$initializeIteration$1(453)) - Datanode localhost-35.63.220.149 773a2534-766f-4bab-abcd-2ceec127ed12 is Over-Utilized.
2023-07-26 19:34:24,462 [main] DEBUG balancer.ContainerBalancerTask (ContainerBalancerTask.java:lambda$initializeIteration$1(453)) - Datanode localhost-108.119.124.51 50753098-9e3c-478c-bdbb-a9dd8e7c954e is Over-Utilized.
2023-07-26 19:34:24,463 [main] DEBUG balancer.ContainerBalancerTask (ContainerBalancerTask.java:lambda$initializeIteration$1(453)) - Datanode localhost-34.121.80.165 e1f646d0-dc0d-48e5-8384-052839b32667 is Over-Utilized.
2023-07-26 19:34:24,463 [main] DEBUG balancer.ContainerBalancerTask (ContainerBalancerTask.java:lambda$initializeIteration$2(459)) - Datanode localhost-216.35.251.96 ee69426b-0375-4aaf-a1a5-176ed543c1e2 is Under-Utilized.
2023-07-26 19:34:24,463 [main] DEBUG balancer.ContainerBalancerTask (ContainerBalancerTask.java:lambda$initializeIteration$2(459)) - Datanode localhost-202.45.136.135 9f70fd4d-cd88-4c93-9fa6-44c225f9b03d is Under-Utilized.
2023-07-26 19:34:24,463 [main] DEBUG balancer.ContainerBalancerTask (ContainerBalancerTask.java:lambda$initializeIteration$2(459)) - Datanode localhost-74.191.137.247 4518fd46-df3c-4cbf-835d-0a47868d085f is Under-Utilized.
2023-07-26 19:34:24,465 [main] DEBUG balancer.ContainerBalancerTask (ContainerBalancerTask.java:matchSourceWithTarget(708)) - ContainerBalancer is finding suitable target for source datanode 10678914-7a63-46c8-a87c-cb18332f97a0
2023-07-26 19:34:24,465 [main] INFO  balancer.ContainerBalancerTask (ContainerBalancerTask.java:matchSourceWithTarget(722)) - ContainerBalancer matched source datanode 10678914-7a63-46c8-a87c-cb18332f97a0 with target datanode ee69426b-0375-4aaf-a1a5-176ed543c1e2 for container move.
2023-07-26 19:34:24,466 [main] INFO  balancer.ContainerBalancerTask (ContainerBalancerTask.java:processMoveSelection(569)) - ContainerBalancer is trying to move container #68 with size 5368709120B from source datanode 10678914-7a63-46c8-a87c-cb18332f97a0 to target datanode ee69426b-0375-4aaf-a1a5-176ed543c1e2
2023-07-26 19:34:24,466 [main] DEBUG balancer.ContainerBalancerTask (ContainerBalancerTask.java:lambda$moveContainer$3(837)) - Container move completed for container #68 from source 10678914-7a63-46c8-a87c-cb18332f97a0 to target ee69426b-0375-4aaf-a1a5-176ed543c1e2
2023-07-26 19:34:24,469 [main] DEBUG balancer.ContainerBalancerTask (ContainerBalancerTask.java:matchSourceWithTarget(708)) - ContainerBalancer is finding suitable target for source datanode ff69ae6a-b6dd-4be1-958e-cdb9220a7392
2023-07-26 19:34:24,469 [main] INFO  balancer.ContainerBalancerTask (ContainerBalancerTask.java:matchSourceWithTarget(722)) - ContainerBalancer matched source datanode ff69ae6a-b6dd-4be1-958e-cdb9220a7392 with target datanode ee69426b-0375-4aaf-a1a5-176ed543c1e2 for container move.
2023-07-26 19:34:24,469 [main] INFO  balancer.ContainerBalancerTask (ContainerBalancerTask.java:processMoveSelection(569)) - ContainerBalancer is trying to move container #52 with size 4294967296B from source datanode ff69ae6a-b6dd-4be1-958e-cdb9220a7392 to target datanode ee69426b-0375-4aaf-a1a5-176ed543c1e2
2023-07-26 19:34:24,469 [main] DEBUG balancer.ContainerBalancerTask (ContainerBalancerTask.java:lambda$moveContainer$3(837)) - Container move completed for container #52 from source ff69ae6a-b6dd-4be1-958e-cdb9220a7392 to target ee69426b-0375-4aaf-a1a5-176ed543c1e2
2023-07-26 19:34:24,471 [main] DEBUG balancer.ContainerBalancerTask (ContainerBalancerTask.java:matchSourceWithTarget(708)) - ContainerBalancer is finding suitable target for source datanode 10678914-7a63-46c8-a87c-cb18332f97a0
2023-07-26 19:34:24,472 [main] INFO  balancer.ContainerBalancerTask (ContainerBalancerTask.java:matchSourceWithTarget(722)) - ContainerBalancer matched source datanode 10678914-7a63-46c8-a87c-cb18332f97a0 with target datanode 9f70fd4d-cd88-4c93-9fa6-44c225f9b03d for container move.
2023-07-26 19:34:24,472 [main] INFO  balancer.ContainerBalancerTask (ContainerBalancerTask.java:processMoveSelection(569)) - ContainerBalancer is trying to move container #84 with size 4294967296B from source datanode 10678914-7a63-46c8-a87c-cb18332f97a0 to target datanode 9f70fd4d-cd88-4c93-9fa6-44c225f9b03d
2023-07-26 19:34:24,472 [main] DEBUG balancer.ContainerBalancerTask (ContainerBalancerTask.java:lambda$moveContainer$3(837)) - Container move completed for container #84 from source 10678914-7a63-46c8-a87c-cb18332f97a0 to target 9f70fd4d-cd88-4c93-9fa6-44c225f9b03d
2023-07-26 19:34:24,475 [main] DEBUG balancer.ContainerBalancerTask (ContainerBalancerTask.java:matchSourceWithTarget(708)) - ContainerBalancer is finding suitable target for source datanode ff69ae6a-b6dd-4be1-958e-cdb9220a7392
2023-07-26 19:34:24,475 [main] INFO  balancer.ContainerBalancerTask (ContainerBalancerTask.java:matchSourceWithTarget(722)) - ContainerBalancer matched source datanode ff69ae6a-b6dd-4be1-958e-cdb9220a7392 with target datanode 9f70fd4d-cd88-4c93-9fa6-44c225f9b03d for container move.
2023-07-26 19:34:24,475 [main] INFO  balancer.ContainerBalancerTask (ContainerBalancerTask.java:processMoveSelection(569)) - ContainerBalancer is trying to move container #66 with size 3221225472B from source datanode ff69ae6a-b6dd-4be1-958e-cdb9220a7392 to target datanode 9f70fd4d-cd88-4c93-9fa6-44c225f9b03d
2023-07-26 19:34:24,475 [main] DEBUG balancer.ContainerBalancerTask (ContainerBalancerTask.java:lambda$moveContainer$3(837)) - Container move completed for container #66 from source ff69ae6a-b6dd-4be1-958e-cdb9220a7392 to target 9f70fd4d-cd88-4c93-9fa6-44c225f9b03d
2023-07-26 19:34:24,479 [main] DEBUG balancer.ContainerBalancerTask (ContainerBalancerTask.java:matchSourceWithTarget(708)) - ContainerBalancer is finding suitable target for source datanode 773a2534-766f-4bab-abcd-2ceec127ed12
2023-07-26 19:34:24,479 [main] INFO  balancer.ContainerBalancerTask (ContainerBalancerTask.java:matchSourceWithTarget(722)) - ContainerBalancer matched source datanode 773a2534-766f-4bab-abcd-2ceec127ed12 with target datanode 9f70fd4d-cd88-4c93-9fa6-44c225f9b03d for container move.
2023-07-26 19:34:24,480 [main] INFO  balancer.ContainerBalancerTask (ContainerBalancerTask.java:processMoveSelection(569)) - ContainerBalancer is trying to move container #38 with size 3221225472B from source datanode 773a2534-766f-4bab-abcd-2ceec127ed12 to target datanode 9f70fd4d-cd88-4c93-9fa6-44c225f9b03d
2023-07-26 19:34:24,480 [main] DEBUG balancer.ContainerBalancerTask (ContainerBalancerTask.java:lambda$moveContainer$3(837)) - Container move completed for container #38 from source 773a2534-766f-4bab-abcd-2ceec127ed12 to target 9f70fd4d-cd88-4c93-9fa6-44c225f9b03d
2023-07-26 19:34:24,482 [main] DEBUG balancer.ContainerBalancerTask (ContainerBalancerTask.java:matchSourceWithTarget(708)) - ContainerBalancer is finding suitable target for source datanode ff69ae6a-b6dd-4be1-958e-cdb9220a7392
2023-07-26 19:34:24,483 [main] INFO  balancer.ContainerBalancerTask (ContainerBalancerTask.java:matchSourceWithTarget(722)) - ContainerBalancer matched source datanode ff69ae6a-b6dd-4be1-958e-cdb9220a7392 with target datanode ee69426b-0375-4aaf-a1a5-176ed543c1e2 for container move.
2023-07-26 19:34:24,483 [main] INFO  balancer.ContainerBalancerTask (ContainerBalancerTask.java:processMoveSelection(569)) - ContainerBalancer is trying to move container #64 with size 1073741824B from source datanode ff69ae6a-b6dd-4be1-958e-cdb9220a7392 to target datanode ee69426b-0375-4aaf-a1a5-176ed543c1e2
2023-07-26 19:34:24,483 [main] DEBUG balancer.ContainerBalancerTask (ContainerBalancerTask.java:lambda$moveContainer$3(837)) - Container move completed for container #64 from source ff69ae6a-b6dd-4be1-958e-cdb9220a7392 to target ee69426b-0375-4aaf-a1a5-176ed543c1e2
2023-07-26 19:34:24,485 [main] DEBUG balancer.ContainerBalancerTask (ContainerBalancerTask.java:matchSourceWithTarget(708)) - ContainerBalancer is finding suitable target for source datanode 10678914-7a63-46c8-a87c-cb18332f97a0
2023-07-26 19:34:24,486 [main] INFO  balancer.ContainerBalancerTask (ContainerBalancerTask.java:matchSourceWithTarget(722)) - ContainerBalancer matched source datanode 10678914-7a63-46c8-a87c-cb18332f97a0 with target datanode 4518fd46-df3c-4cbf-835d-0a47868d085f for container move.
2023-07-26 19:34:24,486 [main] INFO  balancer.ContainerBalancerTask (ContainerBalancerTask.java:processMoveSelection(569)) - ContainerBalancer is trying to move container #86 with size 1073741824B from source datanode 10678914-7a63-46c8-a87c-cb18332f97a0 to target datanode 4518fd46-df3c-4cbf-835d-0a47868d085f
2023-07-26 19:34:24,486 [main] DEBUG balancer.ContainerBalancerTask (ContainerBalancerTask.java:lambda$moveContainer$3(837)) - Container move completed for container #86 from source 10678914-7a63-46c8-a87c-cb18332f97a0 to target 4518fd46-df3c-4cbf-835d-0a47868d085f
2023-07-26 19:34:24,489 [main] DEBUG balancer.ContainerBalancerTask (ContainerBalancerTask.java:matchSourceWithTarget(708)) - ContainerBalancer is finding suitable target for source datanode ff69ae6a-b6dd-4be1-958e-cdb9220a7392
2023-07-26 19:34:24,489 [main] INFO  balancer.ContainerBalancerTask (ContainerBalancerTask.java:matchSourceWithTarget(722)) - ContainerBalancer matched source datanode ff69ae6a-b6dd-4be1-958e-cdb9220a7392 with target datanode 4518fd46-df3c-4cbf-835d-0a47868d085f for container move.
2023-07-26 19:34:24,489 [main] INFO  balancer.ContainerBalancerTask (ContainerBalancerTask.java:processMoveSelection(569)) - ContainerBalancer is trying to move container #70 with size 2147483648B from source datanode ff69ae6a-b6dd-4be1-958e-cdb9220a7392 to target datanode 4518fd46-df3c-4cbf-835d-0a47868d085f
2023-07-26 19:34:24,489 [main] DEBUG balancer.ContainerBalancerTask (ContainerBalancerTask.java:lambda$moveContainer$3(837)) - Container move completed for container #70 from source ff69ae6a-b6dd-4be1-958e-cdb9220a7392 to target 4518fd46-df3c-4cbf-835d-0a47868d085f
2023-07-26 19:34:24,493 [main] DEBUG balancer.ContainerBalancerTask (ContainerBalancerTask.java:matchSourceWithTarget(708)) - ContainerBalancer is finding suitable target for source datanode 10678914-7a63-46c8-a87c-cb18332f97a0
2023-07-26 19:34:24,493 [main] INFO  balancer.FindTargetGreedyByUsageInfo (AbstractFindTargetGreedy.java:findTargetForContainerMove(133)) - Container Balancer could not find a target for source datanode 10678914-7a63-46c8-a87c-cb18332f97a0
2023-07-26 19:34:24,493 [main] DEBUG balancer.ContainerBalancerTask (ContainerBalancerTask.java:matchSourceWithTarget(717)) - ContainerBalancer could not find a suitable target for source node 10678914-7a63-46c8-a87c-cb18332f97a0.
2023-07-26 19:34:24,497 [main] DEBUG balancer.ContainerBalancerTask (ContainerBalancerTask.java:matchSourceWithTarget(708)) - ContainerBalancer is finding suitable target for source datanode 773a2534-766f-4bab-abcd-2ceec127ed12
2023-07-26 19:34:24,497 [main] INFO  balancer.ContainerBalancerTask (ContainerBalancerTask.java:matchSourceWithTarget(722)) - ContainerBalancer matched source datanode 773a2534-766f-4bab-abcd-2ceec127ed12 with target datanode 4518fd46-df3c-4cbf-835d-0a47868d085f for container move.
2023-07-26 19:34:24,497 [main] INFO  balancer.ContainerBalancerTask (ContainerBalancerTask.java:processMoveSelection(569)) - ContainerBalancer is trying to move container #26 with size 2147483648B from source datanode 773a2534-766f-4bab-abcd-2ceec127ed12 to target datanode 4518fd46-df3c-4cbf-835d-0a47868d085f
2023-07-26 19:34:24,498 [main] DEBUG balancer.ContainerBalancerTask (ContainerBalancerTask.java:lambda$moveContainer$3(837)) - Container move completed for container #26 from source 773a2534-766f-4bab-abcd-2ceec127ed12 to target 4518fd46-df3c-4cbf-835d-0a47868d085f
2023-07-26 19:34:24,500 [main] DEBUG balancer.ContainerBalancerTask (ContainerBalancerTask.java:matchSourceWithTarget(701)) - ContainerBalancer could not find any candidate containers for datanode ff69ae6a-b6dd-4be1-958e-cdb9220a7392
2023-07-26 19:34:24,504 [main] DEBUG balancer.ContainerBalancerTask (ContainerBalancerTask.java:matchSourceWithTarget(708)) - ContainerBalancer is finding suitable target for source datanode 773a2534-766f-4bab-abcd-2ceec127ed12
2023-07-26 19:34:24,505 [main] INFO  balancer.ContainerBalancerTask (ContainerBalancerTask.java:matchSourceWithTarget(722)) - ContainerBalancer matched source datanode 773a2534-766f-4bab-abcd-2ceec127ed12 with target datanode 4518fd46-df3c-4cbf-835d-0a47868d085f for container move.
2023-07-26 19:34:24,505 [main] INFO  balancer.ContainerBalancerTask (ContainerBalancerTask.java:processMoveSelection(569)) - ContainerBalancer is trying to move container #54 with size 1073741824B from source datanode 773a2534-766f-4bab-abcd-2ceec127ed12 to target datanode 4518fd46-df3c-4cbf-835d-0a47868d085f
2023-07-26 19:34:24,505 [main] DEBUG balancer.ContainerBalancerTask (ContainerBalancerTask.java:lambda$moveContainer$3(837)) - Container move completed for container #54 from source 773a2534-766f-4bab-abcd-2ceec127ed12 to target 4518fd46-df3c-4cbf-835d-0a47868d085f
2023-07-26 19:34:24,508 [main] DEBUG balancer.ContainerBalancerTask (ContainerBalancerTask.java:matchSourceWithTarget(708)) - ContainerBalancer is finding suitable target for source datanode 773a2534-766f-4bab-abcd-2ceec127ed12
2023-07-26 19:34:24,509 [main] INFO  balancer.ContainerBalancerTask (ContainerBalancerTask.java:matchSourceWithTarget(722)) - ContainerBalancer matched source datanode 773a2534-766f-4bab-abcd-2ceec127ed12 with target datanode 4518fd46-df3c-4cbf-835d-0a47868d085f for container move.
2023-07-26 19:34:24,509 [main] INFO  balancer.ContainerBalancerTask (ContainerBalancerTask.java:processMoveSelection(569)) - ContainerBalancer is trying to move container #36 with size 1073741824B from source datanode 773a2534-766f-4bab-abcd-2ceec127ed12 to target datanode 4518fd46-df3c-4cbf-835d-0a47868d085f
2023-07-26 19:34:24,509 [main] DEBUG balancer.ContainerBalancerTask (ContainerBalancerTask.java:lambda$moveContainer$3(837)) - Container move completed for container #36 from source 773a2534-766f-4bab-abcd-2ceec127ed12 to target 4518fd46-df3c-4cbf-835d-0a47868d085f
2023-07-26 19:34:24,513 [main] DEBUG balancer.ContainerBalancerTask (ContainerBalancerTask.java:matchSourceWithTarget(708)) - ContainerBalancer is finding suitable target for source datanode 773a2534-766f-4bab-abcd-2ceec127ed12
2023-07-26 19:34:24,513 [main] INFO  balancer.FindTargetGreedyByUsageInfo (AbstractFindTargetGreedy.java:findTargetForContainerMove(133)) - Container Balancer could not find a target for source datanode 773a2534-766f-4bab-abcd-2ceec127ed12
2023-07-26 19:34:24,513 [main] DEBUG balancer.ContainerBalancerTask (ContainerBalancerTask.java:matchSourceWithTarget(717)) - ContainerBalancer could not find a suitable target for source node 773a2534-766f-4bab-abcd-2ceec127ed12.
2023-07-26 19:34:24,517 [main] DEBUG balancer.ContainerBalancerTask (ContainerBalancerTask.java:matchSourceWithTarget(708)) - ContainerBalancer is finding suitable target for source datanode 50753098-9e3c-478c-bdbb-a9dd8e7c954e
2023-07-26 19:34:24,517 [main] INFO  balancer.ContainerBalancerTask (ContainerBalancerTask.java:matchSourceWithTarget(722)) - ContainerBalancer matched source datanode 50753098-9e3c-478c-bdbb-a9dd8e7c954e with target datanode 4518fd46-df3c-4cbf-835d-0a47868d085f for container move.
2023-07-26 19:34:24,517 [main] INFO  balancer.ContainerBalancerTask (ContainerBalancerTask.java:processMoveSelection(569)) - ContainerBalancer is trying to move container #10 with size 2147483648B from source datanode 50753098-9e3c-478c-bdbb-a9dd8e7c954e to target datanode 4518fd46-df3c-4cbf-835d-0a47868d085f
2023-07-26 19:34:24,517 [main] DEBUG balancer.ContainerBalancerTask (ContainerBalancerTask.java:lambda$moveContainer$3(837)) - Container move completed for container #10 from source 50753098-9e3c-478c-bdbb-a9dd8e7c954e to target 4518fd46-df3c-4cbf-835d-0a47868d085f
2023-07-26 19:34:24,521 [main] DEBUG balancer.ContainerBalancerTask (ContainerBalancerTask.java:matchSourceWithTarget(708)) - ContainerBalancer is finding suitable target for source datanode 50753098-9e3c-478c-bdbb-a9dd8e7c954e
2023-07-26 19:34:24,522 [main] INFO  balancer.ContainerBalancerTask (ContainerBalancerTask.java:matchSourceWithTarget(722)) - ContainerBalancer matched source datanode 50753098-9e3c-478c-bdbb-a9dd8e7c954e with target datanode 4518fd46-df3c-4cbf-835d-0a47868d085f for container move.
2023-07-26 19:34:24,522 [main] INFO  balancer.ContainerBalancerTask (ContainerBalancerTask.java:processMoveSelection(569)) - ContainerBalancer is trying to move container #16 with size 1073741824B from source datanode 50753098-9e3c-478c-bdbb-a9dd8e7c954e to target datanode 4518fd46-df3c-4cbf-835d-0a47868d085f
2023-07-26 19:34:24,522 [main] DEBUG balancer.ContainerBalancerTask (ContainerBalancerTask.java:lambda$moveContainer$3(837)) - Container move completed for container #16 from source 50753098-9e3c-478c-bdbb-a9dd8e7c954e to target 4518fd46-df3c-4cbf-835d-0a47868d085f
2023-07-26 19:34:24,525 [main] DEBUG balancer.ContainerBalancerTask (ContainerBalancerTask.java:matchSourceWithTarget(708)) - ContainerBalancer is finding suitable target for source datanode 50753098-9e3c-478c-bdbb-a9dd8e7c954e
2023-07-26 19:34:24,525 [main] INFO  balancer.FindTargetGreedyByUsageInfo (AbstractFindTargetGreedy.java:findTargetForContainerMove(133)) - Container Balancer could not find a target for source datanode 50753098-9e3c-478c-bdbb-a9dd8e7c954e
2023-07-26 19:34:24,526 [main] DEBUG balancer.ContainerBalancerTask (ContainerBalancerTask.java:matchSourceWithTarget(717)) - ContainerBalancer could not find a suitable target for source node 50753098-9e3c-478c-bdbb-a9dd8e7c954e.
2023-07-26 19:34:24,529 [main] DEBUG balancer.ContainerBalancerTask (ContainerBalancerTask.java:matchSourceWithTarget(708)) - ContainerBalancer is finding suitable target for source datanode e1f646d0-dc0d-48e5-8384-052839b32667
2023-07-26 19:34:24,529 [main] INFO  balancer.FindTargetGreedyByUsageInfo (AbstractFindTargetGreedy.java:findTargetForContainerMove(133)) - Container Balancer could not find a target for source datanode e1f646d0-dc0d-48e5-8384-052839b32667
2023-07-26 19:34:24,529 [main] DEBUG balancer.ContainerBalancerTask (ContainerBalancerTask.java:matchSourceWithTarget(717)) - ContainerBalancer could not find a suitable target for source node e1f646d0-dc0d-48e5-8384-052839b32667.
2023-07-26 19:34:24,529 [main] INFO  balancer.FindSourceGreedy (FindSourceGreedy.java:getNextCandidateSourceDataNode(126)) - no more candidate source data node
2023-07-26 19:34:24,530 [main] INFO  balancer.ContainerBalancerTask (ContainerBalancerTask.java:checkIterationMoveResults(642)) - Iteration Summary. Number of Datanodes involved: 7. Size moved: 30 GB (32212254720 Bytes). Number of Container moves completed: 13.
2023-07-26 19:34:24,530 [main] INFO  balancer.ContainerBalancerTask (ContainerBalancerTask.java:balance(259)) - Result of this iteration of Container Balancer: ITERATION_COMPLETED
2023-07-26 19:34:24,530 [main] INFO  balancer.ContainerBalancerTask (ContainerBalancerTask.java:tryStopWithSaveConfiguration(308)) - Save Configuration for stopping. Reason: Completed all iterations.
]]></system-out>
  </testcase>
  <testcase name="testMetrics" classname="org.apache.hadoop.hdds.scm.container.balancer.TestContainerBalancerTask" time="0.344">
    <system-out><![CDATA[2023-07-26 19:34:24,564 [main] INFO  net.NodeSchemaLoader (NodeSchemaLoader.java:loadSchemaFromFile(129)) - Loading schema from [file:/home/runner/work/ozone/ozone/hadoop-hdds/common/target/classes/network-topology-default.xml]
2023-07-26 19:34:24,564 [main] INFO  net.NodeSchemaLoader (NodeSchemaLoader.java:loadSchema(176)) - Loading network topology layer schema file
2023-07-26 19:34:24,566 [main] INFO  net.NetworkTopologyImpl (NetworkTopologyImpl.java:add(112)) - Added a new node: /default-rack/6484aecd-1b2e-42d9-8934-27394d84c816
2023-07-26 19:34:24,566 [main] INFO  net.NetworkTopologyImpl (NetworkTopologyImpl.java:add(112)) - Added a new node: /default-rack/0a70ac0d-6404-45ee-9814-0066ae00cd47
2023-07-26 19:34:24,566 [main] INFO  net.NetworkTopologyImpl (NetworkTopologyImpl.java:add(112)) - Added a new node: /default-rack/c8f8d4cc-42e6-4cbf-8904-1676c0534ecf
2023-07-26 19:34:24,566 [main] INFO  net.NetworkTopologyImpl (NetworkTopologyImpl.java:add(112)) - Added a new node: /default-rack/aeedecf3-c7ec-4c37-8a73-a8f5a8923192
2023-07-26 19:34:24,566 [main] INFO  net.NetworkTopologyImpl (NetworkTopologyImpl.java:add(112)) - Added a new node: /default-rack/2ecf710f-dcdd-44bf-9dfd-82713c365c3d
2023-07-26 19:34:24,566 [main] INFO  net.NetworkTopologyImpl (NetworkTopologyImpl.java:add(112)) - Added a new node: /default-rack/49839a43-f74a-4cf0-8965-41117fc1b039
2023-07-26 19:34:24,567 [main] INFO  net.NetworkTopologyImpl (NetworkTopologyImpl.java:add(112)) - Added a new node: /default-rack/d348798d-ebbe-45b1-ad26-74e97954ed9b
2023-07-26 19:34:24,567 [main] INFO  net.NetworkTopologyImpl (NetworkTopologyImpl.java:add(112)) - Added a new node: /default-rack/f721e45b-2c80-40ba-954e-54342b7cd06d
2023-07-26 19:34:24,567 [main] INFO  net.NetworkTopologyImpl (NetworkTopologyImpl.java:add(112)) - Added a new node: /default-rack/5edf4b56-63ce-4638-ae72-fad8c82ad742
2023-07-26 19:34:24,567 [main] INFO  net.NetworkTopologyImpl (NetworkTopologyImpl.java:add(112)) - Added a new node: /default-rack/394f1e25-2716-40a2-a5ae-ed8ce7fadcd8
2023-07-26 19:34:24,567 [main] INFO  algorithms.ContainerPlacementPolicyFactory (ContainerPlacementPolicyFactory.java:getPolicyInternal(86)) - Create container placement policy of type org.apache.hadoop.hdds.scm.container.placement.algorithms.SCMContainerPlacementRackAware
2023-07-26 19:34:24,567 [main] INFO  algorithms.ContainerPlacementPolicyFactory (ContainerPlacementPolicyFactory.java:getPolicyInternal(86)) - Create container placement policy of type org.apache.hadoop.hdds.scm.container.placement.algorithms.SCMContainerPlacementRackScatter
2023-07-26 19:34:24,571 [main] DEBUG balancer.ContainerBalancerTask (ContainerBalancerTask.java:initializeIteration(374)) - Average utilization of the cluster is 0.33859679280985466
2023-07-26 19:34:24,571 [main] DEBUG balancer.ContainerBalancerTask (ContainerBalancerTask.java:initializeIteration(386)) - Lower limit for utilization is 0.23859679280985466 and Upper limit for utilization is 0.43859679280985464
2023-07-26 19:34:24,572 [main] DEBUG balancer.ContainerBalancerTask (ContainerBalancerTask.java:initializeIteration(398)) - Utilization for node 6484aecd-1b2e-42d9-8934-27394d84c816 with capacity 56073184142B, used 50465865728B, and remaining 5607318414B is 0.9000000000035667
2023-07-26 19:34:24,572 [main] DEBUG balancer.ContainerBalancerTask (ContainerBalancerTask.java:initializeIteration(398)) - Utilization for node aeedecf3-c7ec-4c37-8a73-a8f5a8923192 with capacity 71135395840B, used 56908316672B, and remaining 14227079168B is 0.8
2023-07-26 19:34:24,572 [main] DEBUG balancer.ContainerBalancerTask (ContainerBalancerTask.java:initializeIteration(398)) - Utilization for node c8f8d4cc-42e6-4cbf-8904-1676c0534ecf with capacity 53687091200B, used 37580963840B, and remaining 16106127360B is 0.7
2023-07-26 19:34:24,572 [main] DEBUG balancer.ContainerBalancerTask (ContainerBalancerTask.java:initializeIteration(398)) - Utilization for node 5edf4b56-63ce-4638-ae72-fad8c82ad742 with capacity 85899345920B, used 51539607552B, and remaining 34359738368B is 0.6
2023-07-26 19:34:24,572 [main] DEBUG balancer.ContainerBalancerTask (ContainerBalancerTask.java:initializeIteration(398)) - Utilization for node 2ecf710f-dcdd-44bf-9dfd-82713c365c3d with capacity 81604378624B, used 40802189312B, and remaining 40802189312B is 0.5
2023-07-26 19:34:24,572 [main] DEBUG balancer.ContainerBalancerTask (ContainerBalancerTask.java:initializeIteration(398)) - Utilization for node 49839a43-f74a-4cf0-8965-41117fc1b039 with capacity 107374182400B, used 42949672960B, and remaining 64424509440B is 0.4
2023-07-26 19:34:24,572 [main] DEBUG balancer.ContainerBalancerTask (ContainerBalancerTask.java:initializeIteration(398)) - Utilization for node 0a70ac0d-6404-45ee-9814-0066ae00cd47 with capacity 189694388906B, used 56908316672B, and remaining 132786072234B is 0.3000000000010543
2023-07-26 19:34:24,572 [main] DEBUG balancer.ContainerBalancerTask (ContainerBalancerTask.java:initializeIteration(398)) - Utilization for node f721e45b-2c80-40ba-954e-54342b7cd06d with capacity 225485783040B, used 45097156608B, and remaining 180388626432B is 0.2
2023-07-26 19:34:24,572 [main] DEBUG balancer.ContainerBalancerTask (ContainerBalancerTask.java:initializeIteration(398)) - Utilization for node 394f1e25-2716-40a2-a5ae-ed8ce7fadcd8 with capacity 289910292480B, used 28991029248B, and remaining 260919263232B is 0.1
2023-07-26 19:34:24,572 [main] DEBUG balancer.ContainerBalancerTask (ContainerBalancerTask.java:initializeIteration(398)) - Utilization for node d348798d-ebbe-45b1-ad26-74e97954ed9b with capacity 53687091200B, used 0B, and remaining 53687091200B is 0.0
2023-07-26 19:34:24,572 [main] INFO  balancer.ContainerBalancerTask (ContainerBalancerTask.java:initializeIteration(447)) - Container Balancer has identified 5 Over-Utilized and 3 Under-Utilized Datanodes that need to be balanced.
2023-07-26 19:34:24,573 [main] DEBUG balancer.ContainerBalancerTask (ContainerBalancerTask.java:lambda$initializeIteration$1(453)) - Datanode localhost-231.81.197.21 6484aecd-1b2e-42d9-8934-27394d84c816 is Over-Utilized.
2023-07-26 19:34:24,573 [main] DEBUG balancer.ContainerBalancerTask (ContainerBalancerTask.java:lambda$initializeIteration$1(453)) - Datanode localhost-137.73.36.42 aeedecf3-c7ec-4c37-8a73-a8f5a8923192 is Over-Utilized.
2023-07-26 19:34:24,573 [main] DEBUG balancer.ContainerBalancerTask (ContainerBalancerTask.java:lambda$initializeIteration$1(453)) - Datanode localhost-62.151.238.241 c8f8d4cc-42e6-4cbf-8904-1676c0534ecf is Over-Utilized.
2023-07-26 19:34:24,573 [main] DEBUG balancer.ContainerBalancerTask (ContainerBalancerTask.java:lambda$initializeIteration$1(453)) - Datanode localhost-211.50.103.33 5edf4b56-63ce-4638-ae72-fad8c82ad742 is Over-Utilized.
2023-07-26 19:34:24,573 [main] DEBUG balancer.ContainerBalancerTask (ContainerBalancerTask.java:lambda$initializeIteration$1(453)) - Datanode localhost-215.29.93.19 2ecf710f-dcdd-44bf-9dfd-82713c365c3d is Over-Utilized.
2023-07-26 19:34:24,573 [main] DEBUG balancer.ContainerBalancerTask (ContainerBalancerTask.java:lambda$initializeIteration$2(459)) - Datanode localhost-22.178.220.79 d348798d-ebbe-45b1-ad26-74e97954ed9b is Under-Utilized.
2023-07-26 19:34:24,573 [main] DEBUG balancer.ContainerBalancerTask (ContainerBalancerTask.java:lambda$initializeIteration$2(459)) - Datanode localhost-205.244.232.124 394f1e25-2716-40a2-a5ae-ed8ce7fadcd8 is Under-Utilized.
2023-07-26 19:34:24,573 [main] DEBUG balancer.ContainerBalancerTask (ContainerBalancerTask.java:lambda$initializeIteration$2(459)) - Datanode localhost-65.254.22.122 f721e45b-2c80-40ba-954e-54342b7cd06d is Under-Utilized.
2023-07-26 19:34:24,576 [main] DEBUG balancer.ContainerBalancerTask (ContainerBalancerTask.java:matchSourceWithTarget(708)) - ContainerBalancer is finding suitable target for source datanode 6484aecd-1b2e-42d9-8934-27394d84c816
2023-07-26 19:34:24,576 [main] INFO  balancer.ContainerBalancerTask (ContainerBalancerTask.java:matchSourceWithTarget(722)) - ContainerBalancer matched source datanode 6484aecd-1b2e-42d9-8934-27394d84c816 with target datanode d348798d-ebbe-45b1-ad26-74e97954ed9b for container move.
2023-07-26 19:34:24,576 [main] INFO  balancer.ContainerBalancerTask (ContainerBalancerTask.java:processMoveSelection(569)) - ContainerBalancer is trying to move container #85 with size 5368709120B from source datanode 6484aecd-1b2e-42d9-8934-27394d84c816 to target datanode d348798d-ebbe-45b1-ad26-74e97954ed9b
2023-07-26 19:34:24,577 [main] WARN  balancer.ContainerBalancerTask (ContainerBalancerTask.java:lambda$moveContainer$3(842)) - Container move for container #85 from source 6484aecd-1b2e-42d9-8934-27394d84c816 to target d348798d-ebbe-45b1-ad26-74e97954ed9b failed: REPLICATION_FAIL_NODE_UNHEALTHY
2023-07-26 19:34:24,865 [main] DEBUG balancer.ContainerBalancerTask (ContainerBalancerTask.java:matchSourceWithTarget(708)) - ContainerBalancer is finding suitable target for source datanode aeedecf3-c7ec-4c37-8a73-a8f5a8923192
2023-07-26 19:34:24,865 [main] INFO  balancer.ContainerBalancerTask (ContainerBalancerTask.java:matchSourceWithTarget(722)) - ContainerBalancer matched source datanode aeedecf3-c7ec-4c37-8a73-a8f5a8923192 with target datanode d348798d-ebbe-45b1-ad26-74e97954ed9b for container move.
2023-07-26 19:34:24,865 [main] INFO  balancer.ContainerBalancerTask (ContainerBalancerTask.java:processMoveSelection(569)) - ContainerBalancer is trying to move container #68 with size 5368709120B from source datanode aeedecf3-c7ec-4c37-8a73-a8f5a8923192 to target datanode d348798d-ebbe-45b1-ad26-74e97954ed9b
2023-07-26 19:34:24,866 [main] DEBUG balancer.ContainerBalancerTask (ContainerBalancerTask.java:lambda$moveContainer$3(837)) - Container move completed for container #68 from source aeedecf3-c7ec-4c37-8a73-a8f5a8923192 to target d348798d-ebbe-45b1-ad26-74e97954ed9b
2023-07-26 19:34:24,873 [main] DEBUG balancer.ContainerBalancerTask (ContainerBalancerTask.java:matchSourceWithTarget(708)) - ContainerBalancer is finding suitable target for source datanode aeedecf3-c7ec-4c37-8a73-a8f5a8923192
2023-07-26 19:34:24,873 [main] INFO  balancer.ContainerBalancerTask (ContainerBalancerTask.java:matchSourceWithTarget(722)) - ContainerBalancer matched source datanode aeedecf3-c7ec-4c37-8a73-a8f5a8923192 with target datanode d348798d-ebbe-45b1-ad26-74e97954ed9b for container move.
2023-07-26 19:34:24,873 [main] INFO  balancer.ContainerBalancerTask (ContainerBalancerTask.java:processMoveSelection(569)) - ContainerBalancer is trying to move container #69 with size 1073741824B from source datanode aeedecf3-c7ec-4c37-8a73-a8f5a8923192 to target datanode d348798d-ebbe-45b1-ad26-74e97954ed9b
2023-07-26 19:34:24,874 [main] DEBUG balancer.ContainerBalancerTask (ContainerBalancerTask.java:lambda$moveContainer$3(837)) - Container move completed for container #69 from source aeedecf3-c7ec-4c37-8a73-a8f5a8923192 to target d348798d-ebbe-45b1-ad26-74e97954ed9b
2023-07-26 19:34:24,874 [main] WARN  balancer.ContainerBalancerTask (ContainerBalancerTask.java:reachedMaxSizeToMovePerIteration(733)) - Reached max size to move limit. 6442450944 bytes have already been scheduled for balancing and the limit is 6442450944 bytes.
2023-07-26 19:34:24,874 [main] INFO  balancer.ContainerBalancerTask (ContainerBalancerTask.java:checkIterationMoveResults(642)) - Iteration Summary. Number of Datanodes involved: 2. Size moved: 6 GB (6442450944 Bytes). Number of Container moves completed: 2.
2023-07-26 19:34:24,874 [main] INFO  balancer.ContainerBalancerTask (ContainerBalancerTask.java:balance(259)) - Result of this iteration of Container Balancer: ITERATION_COMPLETED
2023-07-26 19:34:24,875 [main] INFO  balancer.ContainerBalancerTask (ContainerBalancerTask.java:tryStopWithSaveConfiguration(308)) - Save Configuration for stopping. Reason: Completed all iterations.
]]></system-out>
  </testcase>
  <testcase name="balancerShouldNotSelectConfiguredExcludeContainers" classname="org.apache.hadoop.hdds.scm.container.balancer.TestContainerBalancerTask" time="0.092">
    <system-out><![CDATA[2023-07-26 19:34:24,911 [main] INFO  net.NodeSchemaLoader (NodeSchemaLoader.java:loadSchemaFromFile(129)) - Loading schema from [file:/home/runner/work/ozone/ozone/hadoop-hdds/common/target/classes/network-topology-default.xml]
2023-07-26 19:34:24,911 [main] INFO  net.NodeSchemaLoader (NodeSchemaLoader.java:loadSchema(176)) - Loading network topology layer schema file
2023-07-26 19:34:24,913 [main] INFO  net.NetworkTopologyImpl (NetworkTopologyImpl.java:add(112)) - Added a new node: /default-rack/f3262ca2-0448-4b4b-8108-447280666e5b
2023-07-26 19:34:24,913 [main] INFO  net.NetworkTopologyImpl (NetworkTopologyImpl.java:add(112)) - Added a new node: /default-rack/a52c2df1-c26f-43c4-8fea-da5dec4d4519
2023-07-26 19:34:24,913 [main] INFO  net.NetworkTopologyImpl (NetworkTopologyImpl.java:add(112)) - Added a new node: /default-rack/2a86f0a7-5acf-4158-a1bc-f5536cb82044
2023-07-26 19:34:24,913 [main] INFO  net.NetworkTopologyImpl (NetworkTopologyImpl.java:add(112)) - Added a new node: /default-rack/0eb3d7a2-ca9c-409a-aae8-e2819fcca955
2023-07-26 19:34:24,914 [main] INFO  net.NetworkTopologyImpl (NetworkTopologyImpl.java:add(112)) - Added a new node: /default-rack/b5437b71-8092-4a90-b879-5559c4441833
2023-07-26 19:34:24,914 [main] INFO  net.NetworkTopologyImpl (NetworkTopologyImpl.java:add(112)) - Added a new node: /default-rack/20fee97f-99f2-48bf-a7c3-30b2f45d4ea7
2023-07-26 19:34:24,914 [main] INFO  net.NetworkTopologyImpl (NetworkTopologyImpl.java:add(112)) - Added a new node: /default-rack/25a4c7b5-df91-453f-b76a-5b097410629b
2023-07-26 19:34:24,914 [main] INFO  net.NetworkTopologyImpl (NetworkTopologyImpl.java:add(112)) - Added a new node: /default-rack/4722a6e5-8658-4cae-8b81-2771f3d7b91c
2023-07-26 19:34:24,914 [main] INFO  net.NetworkTopologyImpl (NetworkTopologyImpl.java:add(112)) - Added a new node: /default-rack/3299caf7-5763-4e31-9320-b6f87ef0f31f
2023-07-26 19:34:24,915 [main] INFO  net.NetworkTopologyImpl (NetworkTopologyImpl.java:add(112)) - Added a new node: /default-rack/607e3aeb-211f-44d0-8f05-8935eed5e244
2023-07-26 19:34:24,915 [main] INFO  algorithms.ContainerPlacementPolicyFactory (ContainerPlacementPolicyFactory.java:getPolicyInternal(86)) - Create container placement policy of type org.apache.hadoop.hdds.scm.container.placement.algorithms.SCMContainerPlacementRackAware
2023-07-26 19:34:24,915 [main] INFO  algorithms.ContainerPlacementPolicyFactory (ContainerPlacementPolicyFactory.java:getPolicyInternal(86)) - Create container placement policy of type org.apache.hadoop.hdds.scm.container.placement.algorithms.SCMContainerPlacementRackScatter
2023-07-26 19:34:24,923 [main] DEBUG balancer.ContainerBalancerTask (ContainerBalancerTask.java:initializeIteration(374)) - Average utilization of the cluster is 0.3356481909708761
2023-07-26 19:34:24,923 [main] DEBUG balancer.ContainerBalancerTask (ContainerBalancerTask.java:initializeIteration(386)) - Lower limit for utilization is 0.2356481909708761 and Upper limit for utilization is 0.43564819097087615
2023-07-26 19:34:24,923 [main] DEBUG balancer.ContainerBalancerTask (ContainerBalancerTask.java:initializeIteration(398)) - Utilization for node 25a4c7b5-df91-453f-b76a-5b097410629b with capacity 44142719431B, used 39728447488B, and remaining 4414271943B is 0.9000000000022654
2023-07-26 19:34:24,923 [main] DEBUG balancer.ContainerBalancerTask (ContainerBalancerTask.java:initializeIteration(398)) - Utilization for node 20fee97f-99f2-48bf-a7c3-30b2f45d4ea7 with capacity 71135395840B, used 56908316672B, and remaining 14227079168B is 0.8
2023-07-26 19:34:24,923 [main] DEBUG balancer.ContainerBalancerTask (ContainerBalancerTask.java:initializeIteration(398)) - Utilization for node 2a86f0a7-5acf-4158-a1bc-f5536cb82044 with capacity 78229761462B, used 54760833024B, and remaining 23468928438B is 0.7000000000076697
2023-07-26 19:34:24,923 [main] DEBUG balancer.ContainerBalancerTask (ContainerBalancerTask.java:initializeIteration(398)) - Utilization for node 4722a6e5-8658-4cae-8b81-2771f3d7b91c with capacity 93057624746B, used 55834574848B, and remaining 37223049898B is 0.6000000000042984
2023-07-26 19:34:24,923 [main] DEBUG balancer.ContainerBalancerTask (ContainerBalancerTask.java:initializeIteration(398)) - Utilization for node b5437b71-8092-4a90-b879-5559c4441833 with capacity 73014444032B, used 36507222016B, and remaining 36507222016B is 0.5
2023-07-26 19:34:24,923 [main] DEBUG balancer.ContainerBalancerTask (ContainerBalancerTask.java:initializeIteration(398)) - Utilization for node 0eb3d7a2-ca9c-409a-aae8-e2819fcca955 with capacity 69793218560B, used 27917287424B, and remaining 41875931136B is 0.4
2023-07-26 19:34:24,924 [main] DEBUG balancer.ContainerBalancerTask (ContainerBalancerTask.java:initializeIteration(398)) - Utilization for node a52c2df1-c26f-43c4-8fea-da5dec4d4519 with capacity 125269879466B, used 37580963840B, and remaining 87688915626B is 0.30000000000159655
2023-07-26 19:34:24,924 [main] DEBUG balancer.ContainerBalancerTask (ContainerBalancerTask.java:initializeIteration(398)) - Utilization for node 607e3aeb-211f-44d0-8f05-8935eed5e244 with capacity 209379655680B, used 41875931136B, and remaining 167503724544B is 0.2
2023-07-26 19:34:24,924 [main] DEBUG balancer.ContainerBalancerTask (ContainerBalancerTask.java:initializeIteration(398)) - Utilization for node 3299caf7-5763-4e31-9320-b6f87ef0f31f with capacity 354334801920B, used 35433480192B, and remaining 318901321728B is 0.1
2023-07-26 19:34:24,924 [main] DEBUG balancer.ContainerBalancerTask (ContainerBalancerTask.java:initializeIteration(398)) - Utilization for node f3262ca2-0448-4b4b-8108-447280666e5b with capacity 33285996544B, used 0B, and remaining 33285996544B is 0.0
2023-07-26 19:34:24,924 [main] INFO  balancer.ContainerBalancerTask (ContainerBalancerTask.java:initializeIteration(447)) - Container Balancer has identified 5 Over-Utilized and 3 Under-Utilized Datanodes that need to be balanced.
2023-07-26 19:34:24,924 [main] DEBUG balancer.ContainerBalancerTask (ContainerBalancerTask.java:lambda$initializeIteration$1(453)) - Datanode localhost-203.9.186.151 25a4c7b5-df91-453f-b76a-5b097410629b is Over-Utilized.
2023-07-26 19:34:24,924 [main] DEBUG balancer.ContainerBalancerTask (ContainerBalancerTask.java:lambda$initializeIteration$1(453)) - Datanode localhost-2.191.29.181 20fee97f-99f2-48bf-a7c3-30b2f45d4ea7 is Over-Utilized.
2023-07-26 19:34:24,924 [main] DEBUG balancer.ContainerBalancerTask (ContainerBalancerTask.java:lambda$initializeIteration$1(453)) - Datanode localhost-46.138.48.215 2a86f0a7-5acf-4158-a1bc-f5536cb82044 is Over-Utilized.
2023-07-26 19:34:24,924 [main] DEBUG balancer.ContainerBalancerTask (ContainerBalancerTask.java:lambda$initializeIteration$1(453)) - Datanode localhost-43.163.21.162 4722a6e5-8658-4cae-8b81-2771f3d7b91c is Over-Utilized.
2023-07-26 19:34:24,924 [main] DEBUG balancer.ContainerBalancerTask (ContainerBalancerTask.java:lambda$initializeIteration$1(453)) - Datanode localhost-253.182.121.70 b5437b71-8092-4a90-b879-5559c4441833 is Over-Utilized.
2023-07-26 19:34:24,924 [main] DEBUG balancer.ContainerBalancerTask (ContainerBalancerTask.java:lambda$initializeIteration$2(459)) - Datanode localhost-16.252.20.244 f3262ca2-0448-4b4b-8108-447280666e5b is Under-Utilized.
2023-07-26 19:34:24,925 [main] DEBUG balancer.ContainerBalancerTask (ContainerBalancerTask.java:lambda$initializeIteration$2(459)) - Datanode localhost-125.239.110.202 3299caf7-5763-4e31-9320-b6f87ef0f31f is Under-Utilized.
2023-07-26 19:34:24,925 [main] DEBUG balancer.ContainerBalancerTask (ContainerBalancerTask.java:lambda$initializeIteration$2(459)) - Datanode localhost-106.89.59.134 607e3aeb-211f-44d0-8f05-8935eed5e244 is Under-Utilized.
2023-07-26 19:34:24,928 [main] DEBUG balancer.ContainerBalancerTask (ContainerBalancerTask.java:matchSourceWithTarget(708)) - ContainerBalancer is finding suitable target for source datanode 25a4c7b5-df91-453f-b76a-5b097410629b
2023-07-26 19:34:24,928 [main] INFO  balancer.ContainerBalancerTask (ContainerBalancerTask.java:matchSourceWithTarget(722)) - ContainerBalancer matched source datanode 25a4c7b5-df91-453f-b76a-5b097410629b with target datanode f3262ca2-0448-4b4b-8108-447280666e5b for container move.
2023-07-26 19:34:24,928 [main] INFO  balancer.ContainerBalancerTask (ContainerBalancerTask.java:processMoveSelection(569)) - ContainerBalancer is trying to move container #85 with size 5368709120B from source datanode 25a4c7b5-df91-453f-b76a-5b097410629b to target datanode f3262ca2-0448-4b4b-8108-447280666e5b
2023-07-26 19:34:24,928 [main] DEBUG balancer.ContainerBalancerTask (ContainerBalancerTask.java:lambda$moveContainer$3(837)) - Container move completed for container #85 from source 25a4c7b5-df91-453f-b76a-5b097410629b to target f3262ca2-0448-4b4b-8108-447280666e5b
2023-07-26 19:34:24,932 [main] DEBUG balancer.ContainerBalancerTask (ContainerBalancerTask.java:matchSourceWithTarget(708)) - ContainerBalancer is finding suitable target for source datanode 20fee97f-99f2-48bf-a7c3-30b2f45d4ea7
2023-07-26 19:34:24,933 [main] INFO  balancer.ContainerBalancerTask (ContainerBalancerTask.java:matchSourceWithTarget(722)) - ContainerBalancer matched source datanode 20fee97f-99f2-48bf-a7c3-30b2f45d4ea7 with target datanode 3299caf7-5763-4e31-9320-b6f87ef0f31f for container move.
2023-07-26 19:34:24,933 [main] INFO  balancer.ContainerBalancerTask (ContainerBalancerTask.java:processMoveSelection(569)) - ContainerBalancer is trying to move container #29 with size 5368709120B from source datanode 20fee97f-99f2-48bf-a7c3-30b2f45d4ea7 to target datanode 3299caf7-5763-4e31-9320-b6f87ef0f31f
2023-07-26 19:34:24,933 [main] DEBUG balancer.ContainerBalancerTask (ContainerBalancerTask.java:lambda$moveContainer$3(837)) - Container move completed for container #29 from source 20fee97f-99f2-48bf-a7c3-30b2f45d4ea7 to target 3299caf7-5763-4e31-9320-b6f87ef0f31f
2023-07-26 19:34:24,935 [main] DEBUG balancer.ContainerBalancerTask (ContainerBalancerTask.java:matchSourceWithTarget(708)) - ContainerBalancer is finding suitable target for source datanode 25a4c7b5-df91-453f-b76a-5b097410629b
2023-07-26 19:34:24,936 [main] INFO  balancer.ContainerBalancerTask (ContainerBalancerTask.java:matchSourceWithTarget(722)) - ContainerBalancer matched source datanode 25a4c7b5-df91-453f-b76a-5b097410629b with target datanode 3299caf7-5763-4e31-9320-b6f87ef0f31f for container move.
2023-07-26 19:34:24,936 [main] INFO  balancer.ContainerBalancerTask (ContainerBalancerTask.java:processMoveSelection(569)) - ContainerBalancer is trying to move container #89 with size 4294967296B from source datanode 25a4c7b5-df91-453f-b76a-5b097410629b to target datanode 3299caf7-5763-4e31-9320-b6f87ef0f31f
2023-07-26 19:34:24,936 [main] DEBUG balancer.ContainerBalancerTask (ContainerBalancerTask.java:lambda$moveContainer$3(837)) - Container move completed for container #89 from source 25a4c7b5-df91-453f-b76a-5b097410629b to target 3299caf7-5763-4e31-9320-b6f87ef0f31f
2023-07-26 19:34:24,939 [main] DEBUG balancer.ContainerBalancerTask (ContainerBalancerTask.java:matchSourceWithTarget(708)) - ContainerBalancer is finding suitable target for source datanode 20fee97f-99f2-48bf-a7c3-30b2f45d4ea7
2023-07-26 19:34:24,939 [main] INFO  balancer.ContainerBalancerTask (ContainerBalancerTask.java:matchSourceWithTarget(722)) - ContainerBalancer matched source datanode 20fee97f-99f2-48bf-a7c3-30b2f45d4ea7 with target datanode 3299caf7-5763-4e31-9320-b6f87ef0f31f for container move.
2023-07-26 19:34:24,940 [main] INFO  balancer.ContainerBalancerTask (ContainerBalancerTask.java:processMoveSelection(569)) - ContainerBalancer is trying to move container #67 with size 4294967296B from source datanode 20fee97f-99f2-48bf-a7c3-30b2f45d4ea7 to target datanode 3299caf7-5763-4e31-9320-b6f87ef0f31f
2023-07-26 19:34:24,940 [main] DEBUG balancer.ContainerBalancerTask (ContainerBalancerTask.java:lambda$moveContainer$3(837)) - Container move completed for container #67 from source 20fee97f-99f2-48bf-a7c3-30b2f45d4ea7 to target 3299caf7-5763-4e31-9320-b6f87ef0f31f
2023-07-26 19:34:24,943 [main] DEBUG balancer.ContainerBalancerTask (ContainerBalancerTask.java:matchSourceWithTarget(708)) - ContainerBalancer is finding suitable target for source datanode 2a86f0a7-5acf-4158-a1bc-f5536cb82044
2023-07-26 19:34:24,943 [main] INFO  balancer.ContainerBalancerTask (ContainerBalancerTask.java:matchSourceWithTarget(722)) - ContainerBalancer matched source datanode 2a86f0a7-5acf-4158-a1bc-f5536cb82044 with target datanode 3299caf7-5763-4e31-9320-b6f87ef0f31f for container move.
2023-07-26 19:34:24,943 [main] INFO  balancer.ContainerBalancerTask (ContainerBalancerTask.java:processMoveSelection(569)) - ContainerBalancer is trying to move container #52 with size 4294967296B from source datanode 2a86f0a7-5acf-4158-a1bc-f5536cb82044 to target datanode 3299caf7-5763-4e31-9320-b6f87ef0f31f
2023-07-26 19:34:24,944 [main] DEBUG balancer.ContainerBalancerTask (ContainerBalancerTask.java:lambda$moveContainer$3(837)) - Container move completed for container #52 from source 2a86f0a7-5acf-4158-a1bc-f5536cb82044 to target 3299caf7-5763-4e31-9320-b6f87ef0f31f
2023-07-26 19:34:24,946 [main] DEBUG balancer.ContainerBalancerTask (ContainerBalancerTask.java:matchSourceWithTarget(708)) - ContainerBalancer is finding suitable target for source datanode 25a4c7b5-df91-453f-b76a-5b097410629b
2023-07-26 19:34:24,946 [main] INFO  balancer.ContainerBalancerTask (ContainerBalancerTask.java:matchSourceWithTarget(722)) - ContainerBalancer matched source datanode 25a4c7b5-df91-453f-b76a-5b097410629b with target datanode 3299caf7-5763-4e31-9320-b6f87ef0f31f for container move.
2023-07-26 19:34:24,946 [main] INFO  balancer.ContainerBalancerTask (ContainerBalancerTask.java:processMoveSelection(569)) - ContainerBalancer is trying to move container #84 with size 4294967296B from source datanode 25a4c7b5-df91-453f-b76a-5b097410629b to target datanode 3299caf7-5763-4e31-9320-b6f87ef0f31f
2023-07-26 19:34:24,946 [main] DEBUG balancer.ContainerBalancerTask (ContainerBalancerTask.java:lambda$moveContainer$3(837)) - Container move completed for container #84 from source 25a4c7b5-df91-453f-b76a-5b097410629b to target 3299caf7-5763-4e31-9320-b6f87ef0f31f
2023-07-26 19:34:24,949 [main] DEBUG balancer.ContainerBalancerTask (ContainerBalancerTask.java:matchSourceWithTarget(708)) - ContainerBalancer is finding suitable target for source datanode 20fee97f-99f2-48bf-a7c3-30b2f45d4ea7
2023-07-26 19:34:24,950 [main] INFO  balancer.ContainerBalancerTask (ContainerBalancerTask.java:matchSourceWithTarget(722)) - ContainerBalancer matched source datanode 20fee97f-99f2-48bf-a7c3-30b2f45d4ea7 with target datanode f3262ca2-0448-4b4b-8108-447280666e5b for container move.
2023-07-26 19:34:24,950 [main] INFO  balancer.ContainerBalancerTask (ContainerBalancerTask.java:processMoveSelection(569)) - ContainerBalancer is trying to move container #68 with size 5368709120B from source datanode 20fee97f-99f2-48bf-a7c3-30b2f45d4ea7 to target datanode f3262ca2-0448-4b4b-8108-447280666e5b
2023-07-26 19:34:24,950 [main] DEBUG balancer.ContainerBalancerTask (ContainerBalancerTask.java:lambda$moveContainer$3(837)) - Container move completed for container #68 from source 20fee97f-99f2-48bf-a7c3-30b2f45d4ea7 to target f3262ca2-0448-4b4b-8108-447280666e5b
2023-07-26 19:34:24,954 [main] DEBUG balancer.ContainerBalancerTask (ContainerBalancerTask.java:matchSourceWithTarget(708)) - ContainerBalancer is finding suitable target for source datanode 2a86f0a7-5acf-4158-a1bc-f5536cb82044
2023-07-26 19:34:24,956 [main] INFO  balancer.ContainerBalancerTask (ContainerBalancerTask.java:matchSourceWithTarget(722)) - ContainerBalancer matched source datanode 2a86f0a7-5acf-4158-a1bc-f5536cb82044 with target datanode 3299caf7-5763-4e31-9320-b6f87ef0f31f for container move.
2023-07-26 19:34:24,956 [main] INFO  balancer.ContainerBalancerTask (ContainerBalancerTask.java:processMoveSelection(569)) - ContainerBalancer is trying to move container #28 with size 4294967296B from source datanode 2a86f0a7-5acf-4158-a1bc-f5536cb82044 to target datanode 3299caf7-5763-4e31-9320-b6f87ef0f31f
2023-07-26 19:34:24,956 [main] DEBUG balancer.ContainerBalancerTask (ContainerBalancerTask.java:lambda$moveContainer$3(837)) - Container move completed for container #28 from source 2a86f0a7-5acf-4158-a1bc-f5536cb82044 to target 3299caf7-5763-4e31-9320-b6f87ef0f31f
2023-07-26 19:34:24,959 [main] DEBUG balancer.ContainerBalancerTask (ContainerBalancerTask.java:matchSourceWithTarget(708)) - ContainerBalancer is finding suitable target for source datanode 4722a6e5-8658-4cae-8b81-2771f3d7b91c
2023-07-26 19:34:24,959 [main] INFO  balancer.ContainerBalancerTask (ContainerBalancerTask.java:matchSourceWithTarget(722)) - ContainerBalancer matched source datanode 4722a6e5-8658-4cae-8b81-2771f3d7b91c with target datanode 3299caf7-5763-4e31-9320-b6f87ef0f31f for container move.
2023-07-26 19:34:24,959 [main] INFO  balancer.ContainerBalancerTask (ContainerBalancerTask.java:processMoveSelection(569)) - ContainerBalancer is trying to move container #40 with size 5368709120B from source datanode 4722a6e5-8658-4cae-8b81-2771f3d7b91c to target datanode 3299caf7-5763-4e31-9320-b6f87ef0f31f
2023-07-26 19:34:24,959 [main] DEBUG balancer.ContainerBalancerTask (ContainerBalancerTask.java:lambda$moveContainer$3(837)) - Container move completed for container #40 from source 4722a6e5-8658-4cae-8b81-2771f3d7b91c to target 3299caf7-5763-4e31-9320-b6f87ef0f31f
2023-07-26 19:34:24,963 [main] DEBUG balancer.ContainerBalancerTask (ContainerBalancerTask.java:matchSourceWithTarget(708)) - ContainerBalancer is finding suitable target for source datanode 2a86f0a7-5acf-4158-a1bc-f5536cb82044
2023-07-26 19:34:24,963 [main] INFO  balancer.ContainerBalancerTask (ContainerBalancerTask.java:matchSourceWithTarget(722)) - ContainerBalancer matched source datanode 2a86f0a7-5acf-4158-a1bc-f5536cb82044 with target datanode 3299caf7-5763-4e31-9320-b6f87ef0f31f for container move.
2023-07-26 19:34:24,963 [main] INFO  balancer.ContainerBalancerTask (ContainerBalancerTask.java:processMoveSelection(569)) - ContainerBalancer is trying to move container #83 with size 3221225472B from source datanode 2a86f0a7-5acf-4158-a1bc-f5536cb82044 to target datanode 3299caf7-5763-4e31-9320-b6f87ef0f31f
2023-07-26 19:34:24,963 [main] DEBUG balancer.ContainerBalancerTask (ContainerBalancerTask.java:lambda$moveContainer$3(837)) - Container move completed for container #83 from source 2a86f0a7-5acf-4158-a1bc-f5536cb82044 to target 3299caf7-5763-4e31-9320-b6f87ef0f31f
2023-07-26 19:34:24,966 [main] DEBUG balancer.ContainerBalancerTask (ContainerBalancerTask.java:matchSourceWithTarget(708)) - ContainerBalancer is finding suitable target for source datanode 20fee97f-99f2-48bf-a7c3-30b2f45d4ea7
2023-07-26 19:34:24,967 [main] INFO  balancer.ContainerBalancerTask (ContainerBalancerTask.java:matchSourceWithTarget(722)) - ContainerBalancer matched source datanode 20fee97f-99f2-48bf-a7c3-30b2f45d4ea7 with target datanode 3299caf7-5763-4e31-9320-b6f87ef0f31f for container move.
2023-07-26 19:34:24,967 [main] INFO  balancer.ContainerBalancerTask (ContainerBalancerTask.java:processMoveSelection(569)) - ContainerBalancer is trying to move container #39 with size 4294967296B from source datanode 20fee97f-99f2-48bf-a7c3-30b2f45d4ea7 to target datanode 3299caf7-5763-4e31-9320-b6f87ef0f31f
2023-07-26 19:34:24,967 [main] DEBUG balancer.ContainerBalancerTask (ContainerBalancerTask.java:lambda$moveContainer$3(837)) - Container move completed for container #39 from source 20fee97f-99f2-48bf-a7c3-30b2f45d4ea7 to target 3299caf7-5763-4e31-9320-b6f87ef0f31f
2023-07-26 19:34:24,970 [main] DEBUG balancer.ContainerBalancerTask (ContainerBalancerTask.java:matchSourceWithTarget(708)) - ContainerBalancer is finding suitable target for source datanode 25a4c7b5-df91-453f-b76a-5b097410629b
2023-07-26 19:34:24,970 [main] INFO  balancer.ContainerBalancerTask (ContainerBalancerTask.java:matchSourceWithTarget(722)) - ContainerBalancer matched source datanode 25a4c7b5-df91-453f-b76a-5b097410629b with target datanode 607e3aeb-211f-44d0-8f05-8935eed5e244 for container move.
2023-07-26 19:34:24,970 [main] INFO  balancer.ContainerBalancerTask (ContainerBalancerTask.java:processMoveSelection(569)) - ContainerBalancer is trying to move container #88 with size 3221225472B from source datanode 25a4c7b5-df91-453f-b76a-5b097410629b to target datanode 607e3aeb-211f-44d0-8f05-8935eed5e244
2023-07-26 19:34:24,970 [main] DEBUG balancer.ContainerBalancerTask (ContainerBalancerTask.java:lambda$moveContainer$3(837)) - Container move completed for container #88 from source 25a4c7b5-df91-453f-b76a-5b097410629b to target 607e3aeb-211f-44d0-8f05-8935eed5e244
2023-07-26 19:34:24,970 [main] WARN  balancer.ContainerBalancerTask (ContainerBalancerTask.java:reachedMaxSizeToMovePerIteration(733)) - Reached max size to move limit. 53687091200 bytes have already been scheduled for balancing and the limit is 53687091200 bytes.
2023-07-26 19:34:24,970 [main] INFO  balancer.ContainerBalancerTask (ContainerBalancerTask.java:checkIterationMoveResults(642)) - Iteration Summary. Number of Datanodes involved: 7. Size moved: 50 GB (53687091200 Bytes). Number of Container moves completed: 12.
2023-07-26 19:34:24,971 [main] INFO  balancer.ContainerBalancerTask (ContainerBalancerTask.java:balance(259)) - Result of this iteration of Container Balancer: ITERATION_COMPLETED
2023-07-26 19:34:24,971 [main] INFO  balancer.ContainerBalancerTask (ContainerBalancerTask.java:tryStopWithSaveConfiguration(308)) - Save Configuration for stopping. Reason: Completed all iterations.
]]></system-out>
  </testcase>
  <testcase name="testCalculationOfUtilization" classname="org.apache.hadoop.hdds.scm.container.balancer.TestContainerBalancerTask" time="0.037">
    <system-out><![CDATA[2023-07-26 19:34:24,998 [main] INFO  net.NodeSchemaLoader (NodeSchemaLoader.java:loadSchemaFromFile(129)) - Loading schema from [file:/home/runner/work/ozone/ozone/hadoop-hdds/common/target/classes/network-topology-default.xml]
2023-07-26 19:34:24,999 [main] INFO  net.NodeSchemaLoader (NodeSchemaLoader.java:loadSchema(176)) - Loading network topology layer schema file
2023-07-26 19:34:25,006 [main] INFO  net.NetworkTopologyImpl (NetworkTopologyImpl.java:add(112)) - Added a new node: /default-rack/3fcfc592-05eb-4ca1-a843-839613799dc9
2023-07-26 19:34:25,006 [main] INFO  net.NetworkTopologyImpl (NetworkTopologyImpl.java:add(112)) - Added a new node: /default-rack/3d72b08b-1c62-463d-ac5d-55e322fcc607
2023-07-26 19:34:25,006 [main] INFO  net.NetworkTopologyImpl (NetworkTopologyImpl.java:add(112)) - Added a new node: /default-rack/346fe3dd-0b33-4e27-b74d-1bebf2688e7c
2023-07-26 19:34:25,006 [main] INFO  net.NetworkTopologyImpl (NetworkTopologyImpl.java:add(112)) - Added a new node: /default-rack/6267063b-eb5d-470b-aa82-48d1a84dc881
2023-07-26 19:34:25,006 [main] INFO  net.NetworkTopologyImpl (NetworkTopologyImpl.java:add(112)) - Added a new node: /default-rack/99b1b2e5-75b4-4dc2-bafb-958bba7a11fd
2023-07-26 19:34:25,007 [main] INFO  net.NetworkTopologyImpl (NetworkTopologyImpl.java:add(112)) - Added a new node: /default-rack/735ac257-1dc8-418f-8812-a0108064defa
2023-07-26 19:34:25,007 [main] INFO  net.NetworkTopologyImpl (NetworkTopologyImpl.java:add(112)) - Added a new node: /default-rack/c329c745-2e6d-4f11-837e-969a82710902
2023-07-26 19:34:25,007 [main] INFO  net.NetworkTopologyImpl (NetworkTopologyImpl.java:add(112)) - Added a new node: /default-rack/c6beb236-d371-4b68-899b-e8153f50c3e6
2023-07-26 19:34:25,007 [main] INFO  net.NetworkTopologyImpl (NetworkTopologyImpl.java:add(112)) - Added a new node: /default-rack/ff933997-319b-4ea6-904a-1151214f5547
2023-07-26 19:34:25,007 [main] INFO  net.NetworkTopologyImpl (NetworkTopologyImpl.java:add(112)) - Added a new node: /default-rack/93a8f906-75b7-438b-a520-662f0804c2b4
2023-07-26 19:34:25,007 [main] INFO  algorithms.ContainerPlacementPolicyFactory (ContainerPlacementPolicyFactory.java:getPolicyInternal(86)) - Create container placement policy of type org.apache.hadoop.hdds.scm.container.placement.algorithms.SCMContainerPlacementRackAware
2023-07-26 19:34:25,007 [main] INFO  algorithms.ContainerPlacementPolicyFactory (ContainerPlacementPolicyFactory.java:getPolicyInternal(86)) - Create container placement policy of type org.apache.hadoop.hdds.scm.container.placement.algorithms.SCMContainerPlacementRackScatter
]]></system-out>
  </testcase>
  <testcase name="initializeIterationShouldUpdateUnBalancedNodesWhenThresholdChanges" classname="org.apache.hadoop.hdds.scm.container.balancer.TestContainerBalancerTask" time="0.786">
    <system-out><![CDATA[2023-07-26 19:34:25,038 [main] INFO  net.NodeSchemaLoader (NodeSchemaLoader.java:loadSchemaFromFile(129)) - Loading schema from [file:/home/runner/work/ozone/ozone/hadoop-hdds/common/target/classes/network-topology-default.xml]
2023-07-26 19:34:25,038 [main] INFO  net.NodeSchemaLoader (NodeSchemaLoader.java:loadSchema(176)) - Loading network topology layer schema file
2023-07-26 19:34:25,045 [main] INFO  net.NetworkTopologyImpl (NetworkTopologyImpl.java:add(112)) - Added a new node: /default-rack/d7627ed8-bcaa-49c3-bfde-d13ab0078c22
2023-07-26 19:34:25,045 [main] INFO  net.NetworkTopologyImpl (NetworkTopologyImpl.java:add(112)) - Added a new node: /default-rack/0b017e3b-1d8d-4cc0-87ec-36105ee8c9d5
2023-07-26 19:34:25,045 [main] INFO  net.NetworkTopologyImpl (NetworkTopologyImpl.java:add(112)) - Added a new node: /default-rack/7b15d5a2-3ae8-45f1-827d-dd401d344ef1
2023-07-26 19:34:25,046 [main] INFO  net.NetworkTopologyImpl (NetworkTopologyImpl.java:add(112)) - Added a new node: /default-rack/c2e9ace7-d217-4b40-a541-d7ab9b4862fd
2023-07-26 19:34:25,046 [main] INFO  net.NetworkTopologyImpl (NetworkTopologyImpl.java:add(112)) - Added a new node: /default-rack/7b147160-f7e4-4ed5-9f84-7cc53a14b227
2023-07-26 19:34:25,046 [main] INFO  net.NetworkTopologyImpl (NetworkTopologyImpl.java:add(112)) - Added a new node: /default-rack/a37c7fb9-c250-428d-bbaf-25effbb8edb9
2023-07-26 19:34:25,046 [main] INFO  net.NetworkTopologyImpl (NetworkTopologyImpl.java:add(112)) - Added a new node: /default-rack/bdd2467a-0919-47ab-a2c7-d439310d8903
2023-07-26 19:34:25,046 [main] INFO  net.NetworkTopologyImpl (NetworkTopologyImpl.java:add(112)) - Added a new node: /default-rack/be05a542-2d6b-4cd9-9aa2-f5ccab50f441
2023-07-26 19:34:25,046 [main] INFO  net.NetworkTopologyImpl (NetworkTopologyImpl.java:add(112)) - Added a new node: /default-rack/1958fd06-49b2-457f-a49a-87b7d3719053
2023-07-26 19:34:25,046 [main] INFO  net.NetworkTopologyImpl (NetworkTopologyImpl.java:add(112)) - Added a new node: /default-rack/076794ef-350c-4ec9-878a-5e5e24d8889f
2023-07-26 19:34:25,046 [main] INFO  algorithms.ContainerPlacementPolicyFactory (ContainerPlacementPolicyFactory.java:getPolicyInternal(86)) - Create container placement policy of type org.apache.hadoop.hdds.scm.container.placement.algorithms.SCMContainerPlacementRackAware
2023-07-26 19:34:25,046 [main] INFO  algorithms.ContainerPlacementPolicyFactory (ContainerPlacementPolicyFactory.java:getPolicyInternal(86)) - Create container placement policy of type org.apache.hadoop.hdds.scm.container.placement.algorithms.SCMContainerPlacementRackScatter
2023-07-26 19:34:25,049 [main] DEBUG balancer.ContainerBalancerTask (ContainerBalancerTask.java:initializeIteration(374)) - Average utilization of the cluster is 0.3122536465491133
2023-07-26 19:34:25,050 [main] DEBUG balancer.ContainerBalancerTask (ContainerBalancerTask.java:initializeIteration(386)) - Lower limit for utilization is -0.26712019371067647 and Upper limit for utilization is 0.8916274868089031
2023-07-26 19:34:25,050 [main] DEBUG balancer.ContainerBalancerTask (ContainerBalancerTask.java:initializeIteration(398)) - Utilization for node a37c7fb9-c250-428d-bbaf-25effbb8edb9 with capacity 58459277084B, used 52613349376B, and remaining 5845927708B is 0.9000000000068423
2023-07-26 19:34:25,050 [main] DEBUG balancer.ContainerBalancerTask (ContainerBalancerTask.java:initializeIteration(398)) - Utilization for node d7627ed8-bcaa-49c3-bfde-d13ab0078c22 with capacity 64424509440B, used 51539607552B, and remaining 12884901888B is 0.8
2023-07-26 19:34:25,050 [main] DEBUG balancer.ContainerBalancerTask (ContainerBalancerTask.java:initializeIteration(398)) - Utilization for node c2e9ace7-d217-4b40-a541-d7ab9b4862fd with capacity 65958426331B, used 46170898432B, and remaining 19787527899B is 0.7000000000045483
2023-07-26 19:34:25,050 [main] DEBUG balancer.ContainerBalancerTask (ContainerBalancerTask.java:initializeIteration(398)) - Utilization for node 7b147160-f7e4-4ed5-9f84-7cc53a14b227 with capacity 75161927680B, used 45097156608B, and remaining 30064771072B is 0.6
2023-07-26 19:34:25,050 [main] DEBUG balancer.ContainerBalancerTask (ContainerBalancerTask.java:initializeIteration(398)) - Utilization for node 7b15d5a2-3ae8-45f1-827d-dd401d344ef1 with capacity 55834574848B, used 27917287424B, and remaining 27917287424B is 0.5
2023-07-26 19:34:25,050 [main] DEBUG balancer.ContainerBalancerTask (ContainerBalancerTask.java:initializeIteration(398)) - Utilization for node 1958fd06-49b2-457f-a49a-87b7d3719053 with capacity 120795955200B, used 48318382080B, and remaining 72477573120B is 0.4
2023-07-26 19:34:25,050 [main] DEBUG balancer.ContainerBalancerTask (ContainerBalancerTask.java:initializeIteration(398)) - Utilization for node be05a542-2d6b-4cd9-9aa2-f5ccab50f441 with capacity 110953321813B, used 33285996544B, and remaining 77667325269B is 0.30000000000090127
2023-07-26 19:34:25,050 [main] DEBUG balancer.ContainerBalancerTask (ContainerBalancerTask.java:initializeIteration(398)) - Utilization for node 076794ef-350c-4ec9-878a-5e5e24d8889f with capacity 150323855360B, used 30064771072B, and remaining 120259084288B is 0.2
2023-07-26 19:34:25,050 [main] DEBUG balancer.ContainerBalancerTask (ContainerBalancerTask.java:initializeIteration(398)) - Utilization for node 0b017e3b-1d8d-4cc0-87ec-36105ee8c9d5 with capacity 504658657280B, used 50465865728B, and remaining 454192791552B is 0.1
2023-07-26 19:34:25,051 [main] DEBUG balancer.ContainerBalancerTask (ContainerBalancerTask.java:initializeIteration(398)) - Utilization for node bdd2467a-0919-47ab-a2c7-d439310d8903 with capacity 27917287424B, used 0B, and remaining 27917287424B is 0.0
2023-07-26 19:34:25,051 [main] INFO  balancer.ContainerBalancerTask (ContainerBalancerTask.java:initializeIteration(447)) - Container Balancer has identified 1 Over-Utilized and 0 Under-Utilized Datanodes that need to be balanced.
2023-07-26 19:34:25,051 [main] DEBUG balancer.ContainerBalancerTask (ContainerBalancerTask.java:lambda$initializeIteration$1(453)) - Datanode localhost-251.127.170.125 a37c7fb9-c250-428d-bbaf-25effbb8edb9 is Over-Utilized.
2023-07-26 19:34:25,055 [main] DEBUG balancer.ContainerBalancerTask (ContainerBalancerTask.java:matchSourceWithTarget(708)) - ContainerBalancer is finding suitable target for source datanode a37c7fb9-c250-428d-bbaf-25effbb8edb9
2023-07-26 19:34:25,056 [main] INFO  balancer.FindTargetGreedyByUsageInfo (AbstractFindTargetGreedy.java:findTargetForContainerMove(133)) - Container Balancer could not find a target for source datanode a37c7fb9-c250-428d-bbaf-25effbb8edb9
2023-07-26 19:34:25,056 [main] DEBUG balancer.ContainerBalancerTask (ContainerBalancerTask.java:matchSourceWithTarget(717)) - ContainerBalancer could not find a suitable target for source node a37c7fb9-c250-428d-bbaf-25effbb8edb9.
2023-07-26 19:34:25,056 [main] INFO  balancer.FindSourceGreedy (FindSourceGreedy.java:getNextCandidateSourceDataNode(126)) - no more candidate source data node
2023-07-26 19:34:25,056 [main] INFO  balancer.ContainerBalancerTask (ContainerBalancerTask.java:balance(259)) - Result of this iteration of Container Balancer: CAN_NOT_BALANCE_ANY_MORE
2023-07-26 19:34:25,056 [main] INFO  balancer.ContainerBalancerTask (ContainerBalancerTask.java:tryStopWithSaveConfiguration(308)) - Save Configuration for stopping. Reason: CAN_NOT_BALANCE_ANY_MORE
2023-07-26 19:34:25,057 [main] DEBUG balancer.ContainerBalancerTask (ContainerBalancerTask.java:initializeIteration(374)) - Average utilization of the cluster is 0.3122536465491133
2023-07-26 19:34:25,057 [main] DEBUG balancer.ContainerBalancerTask (ContainerBalancerTask.java:initializeIteration(386)) - Lower limit for utilization is -0.05568886473522067 and Upper limit for utilization is 0.6801961578334472
2023-07-26 19:34:25,057 [main] DEBUG balancer.ContainerBalancerTask (ContainerBalancerTask.java:initializeIteration(398)) - Utilization for node a37c7fb9-c250-428d-bbaf-25effbb8edb9 with capacity 58459277084B, used 52613349376B, and remaining 5845927708B is 0.9000000000068423
2023-07-26 19:34:25,057 [main] DEBUG balancer.ContainerBalancerTask (ContainerBalancerTask.java:initializeIteration(398)) - Utilization for node d7627ed8-bcaa-49c3-bfde-d13ab0078c22 with capacity 64424509440B, used 51539607552B, and remaining 12884901888B is 0.8
2023-07-26 19:34:25,057 [main] DEBUG balancer.ContainerBalancerTask (ContainerBalancerTask.java:initializeIteration(398)) - Utilization for node c2e9ace7-d217-4b40-a541-d7ab9b4862fd with capacity 65958426331B, used 46170898432B, and remaining 19787527899B is 0.7000000000045483
2023-07-26 19:34:25,057 [main] DEBUG balancer.ContainerBalancerTask (ContainerBalancerTask.java:initializeIteration(398)) - Utilization for node 7b147160-f7e4-4ed5-9f84-7cc53a14b227 with capacity 75161927680B, used 45097156608B, and remaining 30064771072B is 0.6
2023-07-26 19:34:25,057 [main] DEBUG balancer.ContainerBalancerTask (ContainerBalancerTask.java:initializeIteration(398)) - Utilization for node 7b15d5a2-3ae8-45f1-827d-dd401d344ef1 with capacity 55834574848B, used 27917287424B, and remaining 27917287424B is 0.5
2023-07-26 19:34:25,057 [main] DEBUG balancer.ContainerBalancerTask (ContainerBalancerTask.java:initializeIteration(398)) - Utilization for node 1958fd06-49b2-457f-a49a-87b7d3719053 with capacity 120795955200B, used 48318382080B, and remaining 72477573120B is 0.4
2023-07-26 19:34:25,058 [main] DEBUG balancer.ContainerBalancerTask (ContainerBalancerTask.java:initializeIteration(398)) - Utilization for node be05a542-2d6b-4cd9-9aa2-f5ccab50f441 with capacity 110953321813B, used 33285996544B, and remaining 77667325269B is 0.30000000000090127
2023-07-26 19:34:25,058 [main] DEBUG balancer.ContainerBalancerTask (ContainerBalancerTask.java:initializeIteration(398)) - Utilization for node 076794ef-350c-4ec9-878a-5e5e24d8889f with capacity 150323855360B, used 30064771072B, and remaining 120259084288B is 0.2
2023-07-26 19:34:25,058 [main] DEBUG balancer.ContainerBalancerTask (ContainerBalancerTask.java:initializeIteration(398)) - Utilization for node 0b017e3b-1d8d-4cc0-87ec-36105ee8c9d5 with capacity 504658657280B, used 50465865728B, and remaining 454192791552B is 0.1
2023-07-26 19:34:25,058 [main] DEBUG balancer.ContainerBalancerTask (ContainerBalancerTask.java:initializeIteration(398)) - Utilization for node bdd2467a-0919-47ab-a2c7-d439310d8903 with capacity 27917287424B, used 0B, and remaining 27917287424B is 0.0
2023-07-26 19:34:25,058 [main] INFO  balancer.ContainerBalancerTask (ContainerBalancerTask.java:initializeIteration(447)) - Container Balancer has identified 3 Over-Utilized and 0 Under-Utilized Datanodes that need to be balanced.
2023-07-26 19:34:25,058 [main] DEBUG balancer.ContainerBalancerTask (ContainerBalancerTask.java:lambda$initializeIteration$1(453)) - Datanode localhost-251.127.170.125 a37c7fb9-c250-428d-bbaf-25effbb8edb9 is Over-Utilized.
2023-07-26 19:34:25,058 [main] DEBUG balancer.ContainerBalancerTask (ContainerBalancerTask.java:lambda$initializeIteration$1(453)) - Datanode localhost-190.189.13.220 d7627ed8-bcaa-49c3-bfde-d13ab0078c22 is Over-Utilized.
2023-07-26 19:34:25,058 [main] DEBUG balancer.ContainerBalancerTask (ContainerBalancerTask.java:lambda$initializeIteration$1(453)) - Datanode localhost-97.48.255.145 c2e9ace7-d217-4b40-a541-d7ab9b4862fd is Over-Utilized.
2023-07-26 19:34:25,061 [main] DEBUG balancer.ContainerBalancerTask (ContainerBalancerTask.java:matchSourceWithTarget(708)) - ContainerBalancer is finding suitable target for source datanode a37c7fb9-c250-428d-bbaf-25effbb8edb9
2023-07-26 19:34:25,061 [main] INFO  balancer.FindTargetGreedyByUsageInfo (AbstractFindTargetGreedy.java:findTargetForContainerMove(133)) - Container Balancer could not find a target for source datanode a37c7fb9-c250-428d-bbaf-25effbb8edb9
2023-07-26 19:34:25,061 [main] DEBUG balancer.ContainerBalancerTask (ContainerBalancerTask.java:matchSourceWithTarget(717)) - ContainerBalancer could not find a suitable target for source node a37c7fb9-c250-428d-bbaf-25effbb8edb9.
2023-07-26 19:34:25,063 [main] DEBUG balancer.ContainerBalancerTask (ContainerBalancerTask.java:matchSourceWithTarget(708)) - ContainerBalancer is finding suitable target for source datanode d7627ed8-bcaa-49c3-bfde-d13ab0078c22
2023-07-26 19:34:25,064 [main] INFO  balancer.FindTargetGreedyByUsageInfo (AbstractFindTargetGreedy.java:findTargetForContainerMove(133)) - Container Balancer could not find a target for source datanode d7627ed8-bcaa-49c3-bfde-d13ab0078c22
2023-07-26 19:34:25,064 [main] DEBUG balancer.ContainerBalancerTask (ContainerBalancerTask.java:matchSourceWithTarget(717)) - ContainerBalancer could not find a suitable target for source node d7627ed8-bcaa-49c3-bfde-d13ab0078c22.
2023-07-26 19:34:25,066 [main] DEBUG balancer.ContainerBalancerTask (ContainerBalancerTask.java:matchSourceWithTarget(708)) - ContainerBalancer is finding suitable target for source datanode c2e9ace7-d217-4b40-a541-d7ab9b4862fd
2023-07-26 19:34:25,066 [main] INFO  balancer.FindTargetGreedyByUsageInfo (AbstractFindTargetGreedy.java:findTargetForContainerMove(133)) - Container Balancer could not find a target for source datanode c2e9ace7-d217-4b40-a541-d7ab9b4862fd
2023-07-26 19:34:25,066 [main] DEBUG balancer.ContainerBalancerTask (ContainerBalancerTask.java:matchSourceWithTarget(717)) - ContainerBalancer could not find a suitable target for source node c2e9ace7-d217-4b40-a541-d7ab9b4862fd.
2023-07-26 19:34:25,066 [main] INFO  balancer.FindSourceGreedy (FindSourceGreedy.java:getNextCandidateSourceDataNode(126)) - no more candidate source data node
2023-07-26 19:34:25,066 [main] INFO  balancer.ContainerBalancerTask (ContainerBalancerTask.java:balance(259)) - Result of this iteration of Container Balancer: CAN_NOT_BALANCE_ANY_MORE
2023-07-26 19:34:25,066 [main] INFO  balancer.ContainerBalancerTask (ContainerBalancerTask.java:tryStopWithSaveConfiguration(308)) - Save Configuration for stopping. Reason: CAN_NOT_BALANCE_ANY_MORE
2023-07-26 19:34:25,067 [main] DEBUG balancer.ContainerBalancerTask (ContainerBalancerTask.java:initializeIteration(374)) - Average utilization of the cluster is 0.3122536465491133
2023-07-26 19:34:25,067 [main] DEBUG balancer.ContainerBalancerTask (ContainerBalancerTask.java:initializeIteration(386)) - Lower limit for utilization is -0.10881244055571998 and Upper limit for utilization is 0.7333197336539465
2023-07-26 19:34:25,067 [main] DEBUG balancer.ContainerBalancerTask (ContainerBalancerTask.java:initializeIteration(398)) - Utilization for node a37c7fb9-c250-428d-bbaf-25effbb8edb9 with capacity 58459277084B, used 52613349376B, and remaining 5845927708B is 0.9000000000068423
2023-07-26 19:34:25,067 [main] DEBUG balancer.ContainerBalancerTask (ContainerBalancerTask.java:initializeIteration(398)) - Utilization for node d7627ed8-bcaa-49c3-bfde-d13ab0078c22 with capacity 64424509440B, used 51539607552B, and remaining 12884901888B is 0.8
2023-07-26 19:34:25,067 [main] DEBUG balancer.ContainerBalancerTask (ContainerBalancerTask.java:initializeIteration(398)) - Utilization for node c2e9ace7-d217-4b40-a541-d7ab9b4862fd with capacity 65958426331B, used 46170898432B, and remaining 19787527899B is 0.7000000000045483
2023-07-26 19:34:25,067 [main] DEBUG balancer.ContainerBalancerTask (ContainerBalancerTask.java:initializeIteration(398)) - Utilization for node 7b147160-f7e4-4ed5-9f84-7cc53a14b227 with capacity 75161927680B, used 45097156608B, and remaining 30064771072B is 0.6
2023-07-26 19:34:25,068 [main] DEBUG balancer.ContainerBalancerTask (ContainerBalancerTask.java:initializeIteration(398)) - Utilization for node 7b15d5a2-3ae8-45f1-827d-dd401d344ef1 with capacity 55834574848B, used 27917287424B, and remaining 27917287424B is 0.5
2023-07-26 19:34:25,068 [main] DEBUG balancer.ContainerBalancerTask (ContainerBalancerTask.java:initializeIteration(398)) - Utilization for node 1958fd06-49b2-457f-a49a-87b7d3719053 with capacity 120795955200B, used 48318382080B, and remaining 72477573120B is 0.4
2023-07-26 19:34:25,068 [main] DEBUG balancer.ContainerBalancerTask (ContainerBalancerTask.java:initializeIteration(398)) - Utilization for node be05a542-2d6b-4cd9-9aa2-f5ccab50f441 with capacity 110953321813B, used 33285996544B, and remaining 77667325269B is 0.30000000000090127
2023-07-26 19:34:25,068 [main] DEBUG balancer.ContainerBalancerTask (ContainerBalancerTask.java:initializeIteration(398)) - Utilization for node 076794ef-350c-4ec9-878a-5e5e24d8889f with capacity 150323855360B, used 30064771072B, and remaining 120259084288B is 0.2
2023-07-26 19:34:25,068 [main] DEBUG balancer.ContainerBalancerTask (ContainerBalancerTask.java:initializeIteration(398)) - Utilization for node 0b017e3b-1d8d-4cc0-87ec-36105ee8c9d5 with capacity 504658657280B, used 50465865728B, and remaining 454192791552B is 0.1
2023-07-26 19:34:25,068 [main] DEBUG balancer.ContainerBalancerTask (ContainerBalancerTask.java:initializeIteration(398)) - Utilization for node bdd2467a-0919-47ab-a2c7-d439310d8903 with capacity 27917287424B, used 0B, and remaining 27917287424B is 0.0
2023-07-26 19:34:25,068 [main] INFO  balancer.ContainerBalancerTask (ContainerBalancerTask.java:initializeIteration(447)) - Container Balancer has identified 2 Over-Utilized and 0 Under-Utilized Datanodes that need to be balanced.
2023-07-26 19:34:25,068 [main] DEBUG balancer.ContainerBalancerTask (ContainerBalancerTask.java:lambda$initializeIteration$1(453)) - Datanode localhost-251.127.170.125 a37c7fb9-c250-428d-bbaf-25effbb8edb9 is Over-Utilized.
2023-07-26 19:34:25,068 [main] DEBUG balancer.ContainerBalancerTask (ContainerBalancerTask.java:lambda$initializeIteration$1(453)) - Datanode localhost-190.189.13.220 d7627ed8-bcaa-49c3-bfde-d13ab0078c22 is Over-Utilized.
2023-07-26 19:34:25,070 [main] DEBUG balancer.ContainerBalancerTask (ContainerBalancerTask.java:matchSourceWithTarget(708)) - ContainerBalancer is finding suitable target for source datanode a37c7fb9-c250-428d-bbaf-25effbb8edb9
2023-07-26 19:34:25,071 [main] INFO  balancer.FindTargetGreedyByUsageInfo (AbstractFindTargetGreedy.java:findTargetForContainerMove(133)) - Container Balancer could not find a target for source datanode a37c7fb9-c250-428d-bbaf-25effbb8edb9
2023-07-26 19:34:25,071 [main] DEBUG balancer.ContainerBalancerTask (ContainerBalancerTask.java:matchSourceWithTarget(717)) - ContainerBalancer could not find a suitable target for source node a37c7fb9-c250-428d-bbaf-25effbb8edb9.
2023-07-26 19:34:25,073 [main] DEBUG balancer.ContainerBalancerTask (ContainerBalancerTask.java:matchSourceWithTarget(708)) - ContainerBalancer is finding suitable target for source datanode d7627ed8-bcaa-49c3-bfde-d13ab0078c22
2023-07-26 19:34:25,073 [main] INFO  balancer.FindTargetGreedyByUsageInfo (AbstractFindTargetGreedy.java:findTargetForContainerMove(133)) - Container Balancer could not find a target for source datanode d7627ed8-bcaa-49c3-bfde-d13ab0078c22
2023-07-26 19:34:25,073 [main] DEBUG balancer.ContainerBalancerTask (ContainerBalancerTask.java:matchSourceWithTarget(717)) - ContainerBalancer could not find a suitable target for source node d7627ed8-bcaa-49c3-bfde-d13ab0078c22.
2023-07-26 19:34:25,073 [main] INFO  balancer.FindSourceGreedy (FindSourceGreedy.java:getNextCandidateSourceDataNode(126)) - no more candidate source data node
2023-07-26 19:34:25,073 [main] INFO  balancer.ContainerBalancerTask (ContainerBalancerTask.java:balance(259)) - Result of this iteration of Container Balancer: CAN_NOT_BALANCE_ANY_MORE
2023-07-26 19:34:25,073 [main] INFO  balancer.ContainerBalancerTask (ContainerBalancerTask.java:tryStopWithSaveConfiguration(308)) - Save Configuration for stopping. Reason: CAN_NOT_BALANCE_ANY_MORE
2023-07-26 19:34:25,075 [main] DEBUG balancer.ContainerBalancerTask (ContainerBalancerTask.java:initializeIteration(374)) - Average utilization of the cluster is 0.3122536465491133
2023-07-26 19:34:25,075 [main] DEBUG balancer.ContainerBalancerTask (ContainerBalancerTask.java:initializeIteration(386)) - Lower limit for utilization is -0.21458705325494282 and Upper limit for utilization is 0.8390943463531695
2023-07-26 19:34:25,075 [main] DEBUG balancer.ContainerBalancerTask (ContainerBalancerTask.java:initializeIteration(398)) - Utilization for node a37c7fb9-c250-428d-bbaf-25effbb8edb9 with capacity 58459277084B, used 52613349376B, and remaining 5845927708B is 0.9000000000068423
2023-07-26 19:34:25,075 [main] DEBUG balancer.ContainerBalancerTask (ContainerBalancerTask.java:initializeIteration(398)) - Utilization for node d7627ed8-bcaa-49c3-bfde-d13ab0078c22 with capacity 64424509440B, used 51539607552B, and remaining 12884901888B is 0.8
2023-07-26 19:34:25,075 [main] DEBUG balancer.ContainerBalancerTask (ContainerBalancerTask.java:initializeIteration(398)) - Utilization for node c2e9ace7-d217-4b40-a541-d7ab9b4862fd with capacity 65958426331B, used 46170898432B, and remaining 19787527899B is 0.7000000000045483
2023-07-26 19:34:25,075 [main] DEBUG balancer.ContainerBalancerTask (ContainerBalancerTask.java:initializeIteration(398)) - Utilization for node 7b147160-f7e4-4ed5-9f84-7cc53a14b227 with capacity 75161927680B, used 45097156608B, and remaining 30064771072B is 0.6
2023-07-26 19:34:25,075 [main] DEBUG balancer.ContainerBalancerTask (ContainerBalancerTask.java:initializeIteration(398)) - Utilization for node 7b15d5a2-3ae8-45f1-827d-dd401d344ef1 with capacity 55834574848B, used 27917287424B, and remaining 27917287424B is 0.5
2023-07-26 19:34:25,075 [main] DEBUG balancer.ContainerBalancerTask (ContainerBalancerTask.java:initializeIteration(398)) - Utilization for node 1958fd06-49b2-457f-a49a-87b7d3719053 with capacity 120795955200B, used 48318382080B, and remaining 72477573120B is 0.4
2023-07-26 19:34:25,075 [main] DEBUG balancer.ContainerBalancerTask (ContainerBalancerTask.java:initializeIteration(398)) - Utilization for node be05a542-2d6b-4cd9-9aa2-f5ccab50f441 with capacity 110953321813B, used 33285996544B, and remaining 77667325269B is 0.30000000000090127
2023-07-26 19:34:25,076 [main] DEBUG balancer.ContainerBalancerTask (ContainerBalancerTask.java:initializeIteration(398)) - Utilization for node 076794ef-350c-4ec9-878a-5e5e24d8889f with capacity 150323855360B, used 30064771072B, and remaining 120259084288B is 0.2
2023-07-26 19:34:25,076 [main] DEBUG balancer.ContainerBalancerTask (ContainerBalancerTask.java:initializeIteration(398)) - Utilization for node 0b017e3b-1d8d-4cc0-87ec-36105ee8c9d5 with capacity 504658657280B, used 50465865728B, and remaining 454192791552B is 0.1
2023-07-26 19:34:25,076 [main] DEBUG balancer.ContainerBalancerTask (ContainerBalancerTask.java:initializeIteration(398)) - Utilization for node bdd2467a-0919-47ab-a2c7-d439310d8903 with capacity 27917287424B, used 0B, and remaining 27917287424B is 0.0
2023-07-26 19:34:25,076 [main] INFO  balancer.ContainerBalancerTask (ContainerBalancerTask.java:initializeIteration(447)) - Container Balancer has identified 1 Over-Utilized and 0 Under-Utilized Datanodes that need to be balanced.
2023-07-26 19:34:25,076 [main] DEBUG balancer.ContainerBalancerTask (ContainerBalancerTask.java:lambda$initializeIteration$1(453)) - Datanode localhost-251.127.170.125 a37c7fb9-c250-428d-bbaf-25effbb8edb9 is Over-Utilized.
2023-07-26 19:34:25,078 [main] DEBUG balancer.ContainerBalancerTask (ContainerBalancerTask.java:matchSourceWithTarget(708)) - ContainerBalancer is finding suitable target for source datanode a37c7fb9-c250-428d-bbaf-25effbb8edb9
2023-07-26 19:34:25,078 [main] INFO  balancer.FindTargetGreedyByUsageInfo (AbstractFindTargetGreedy.java:findTargetForContainerMove(133)) - Container Balancer could not find a target for source datanode a37c7fb9-c250-428d-bbaf-25effbb8edb9
2023-07-26 19:34:25,078 [main] DEBUG balancer.ContainerBalancerTask (ContainerBalancerTask.java:matchSourceWithTarget(717)) - ContainerBalancer could not find a suitable target for source node a37c7fb9-c250-428d-bbaf-25effbb8edb9.
2023-07-26 19:34:25,078 [main] INFO  balancer.FindSourceGreedy (FindSourceGreedy.java:getNextCandidateSourceDataNode(126)) - no more candidate source data node
2023-07-26 19:34:25,079 [main] INFO  balancer.ContainerBalancerTask (ContainerBalancerTask.java:balance(259)) - Result of this iteration of Container Balancer: CAN_NOT_BALANCE_ANY_MORE
2023-07-26 19:34:25,079 [main] INFO  balancer.ContainerBalancerTask (ContainerBalancerTask.java:tryStopWithSaveConfiguration(308)) - Save Configuration for stopping. Reason: CAN_NOT_BALANCE_ANY_MORE
2023-07-26 19:34:25,079 [main] DEBUG balancer.ContainerBalancerTask (ContainerBalancerTask.java:initializeIteration(374)) - Average utilization of the cluster is 0.3122536465491133
2023-07-26 19:34:25,079 [main] DEBUG balancer.ContainerBalancerTask (ContainerBalancerTask.java:initializeIteration(386)) - Lower limit for utilization is 0.0433645800187516 and Upper limit for utilization is 0.5811427130794751
2023-07-26 19:34:25,080 [main] DEBUG balancer.ContainerBalancerTask (ContainerBalancerTask.java:initializeIteration(398)) - Utilization for node a37c7fb9-c250-428d-bbaf-25effbb8edb9 with capacity 58459277084B, used 52613349376B, and remaining 5845927708B is 0.9000000000068423
2023-07-26 19:34:25,080 [main] DEBUG balancer.ContainerBalancerTask (ContainerBalancerTask.java:initializeIteration(398)) - Utilization for node d7627ed8-bcaa-49c3-bfde-d13ab0078c22 with capacity 64424509440B, used 51539607552B, and remaining 12884901888B is 0.8
2023-07-26 19:34:25,080 [main] DEBUG balancer.ContainerBalancerTask (ContainerBalancerTask.java:initializeIteration(398)) - Utilization for node c2e9ace7-d217-4b40-a541-d7ab9b4862fd with capacity 65958426331B, used 46170898432B, and remaining 19787527899B is 0.7000000000045483
2023-07-26 19:34:25,080 [main] DEBUG balancer.ContainerBalancerTask (ContainerBalancerTask.java:initializeIteration(398)) - Utilization for node 7b147160-f7e4-4ed5-9f84-7cc53a14b227 with capacity 75161927680B, used 45097156608B, and remaining 30064771072B is 0.6
2023-07-26 19:34:25,080 [main] DEBUG balancer.ContainerBalancerTask (ContainerBalancerTask.java:initializeIteration(398)) - Utilization for node 7b15d5a2-3ae8-45f1-827d-dd401d344ef1 with capacity 55834574848B, used 27917287424B, and remaining 27917287424B is 0.5
2023-07-26 19:34:25,080 [main] DEBUG balancer.ContainerBalancerTask (ContainerBalancerTask.java:initializeIteration(398)) - Utilization for node 1958fd06-49b2-457f-a49a-87b7d3719053 with capacity 120795955200B, used 48318382080B, and remaining 72477573120B is 0.4
2023-07-26 19:34:25,080 [main] DEBUG balancer.ContainerBalancerTask (ContainerBalancerTask.java:initializeIteration(398)) - Utilization for node be05a542-2d6b-4cd9-9aa2-f5ccab50f441 with capacity 110953321813B, used 33285996544B, and remaining 77667325269B is 0.30000000000090127
2023-07-26 19:34:25,080 [main] DEBUG balancer.ContainerBalancerTask (ContainerBalancerTask.java:initializeIteration(398)) - Utilization for node 076794ef-350c-4ec9-878a-5e5e24d8889f with capacity 150323855360B, used 30064771072B, and remaining 120259084288B is 0.2
2023-07-26 19:34:25,081 [main] DEBUG balancer.ContainerBalancerTask (ContainerBalancerTask.java:initializeIteration(398)) - Utilization for node 0b017e3b-1d8d-4cc0-87ec-36105ee8c9d5 with capacity 504658657280B, used 50465865728B, and remaining 454192791552B is 0.1
2023-07-26 19:34:25,081 [main] DEBUG balancer.ContainerBalancerTask (ContainerBalancerTask.java:initializeIteration(398)) - Utilization for node bdd2467a-0919-47ab-a2c7-d439310d8903 with capacity 27917287424B, used 0B, and remaining 27917287424B is 0.0
2023-07-26 19:34:25,081 [main] INFO  balancer.ContainerBalancerTask (ContainerBalancerTask.java:initializeIteration(447)) - Container Balancer has identified 4 Over-Utilized and 1 Under-Utilized Datanodes that need to be balanced.
2023-07-26 19:34:25,081 [main] DEBUG balancer.ContainerBalancerTask (ContainerBalancerTask.java:lambda$initializeIteration$1(453)) - Datanode localhost-251.127.170.125 a37c7fb9-c250-428d-bbaf-25effbb8edb9 is Over-Utilized.
2023-07-26 19:34:25,081 [main] DEBUG balancer.ContainerBalancerTask (ContainerBalancerTask.java:lambda$initializeIteration$1(453)) - Datanode localhost-190.189.13.220 d7627ed8-bcaa-49c3-bfde-d13ab0078c22 is Over-Utilized.
2023-07-26 19:34:25,081 [main] DEBUG balancer.ContainerBalancerTask (ContainerBalancerTask.java:lambda$initializeIteration$1(453)) - Datanode localhost-97.48.255.145 c2e9ace7-d217-4b40-a541-d7ab9b4862fd is Over-Utilized.
2023-07-26 19:34:25,081 [main] DEBUG balancer.ContainerBalancerTask (ContainerBalancerTask.java:lambda$initializeIteration$1(453)) - Datanode localhost-150.83.213.203 7b147160-f7e4-4ed5-9f84-7cc53a14b227 is Over-Utilized.
2023-07-26 19:34:25,081 [main] DEBUG balancer.ContainerBalancerTask (ContainerBalancerTask.java:lambda$initializeIteration$2(459)) - Datanode localhost-94.255.21.4 bdd2467a-0919-47ab-a2c7-d439310d8903 is Under-Utilized.
2023-07-26 19:34:25,083 [main] DEBUG balancer.ContainerBalancerTask (ContainerBalancerTask.java:matchSourceWithTarget(708)) - ContainerBalancer is finding suitable target for source datanode a37c7fb9-c250-428d-bbaf-25effbb8edb9
2023-07-26 19:34:25,084 [main] INFO  balancer.ContainerBalancerTask (ContainerBalancerTask.java:matchSourceWithTarget(722)) - ContainerBalancer matched source datanode a37c7fb9-c250-428d-bbaf-25effbb8edb9 with target datanode bdd2467a-0919-47ab-a2c7-d439310d8903 for container move.
2023-07-26 19:34:25,084 [main] INFO  balancer.ContainerBalancerTask (ContainerBalancerTask.java:processMoveSelection(569)) - ContainerBalancer is trying to move container #85 with size 5368709120B from source datanode a37c7fb9-c250-428d-bbaf-25effbb8edb9 to target datanode bdd2467a-0919-47ab-a2c7-d439310d8903
2023-07-26 19:34:25,084 [main] DEBUG balancer.ContainerBalancerTask (ContainerBalancerTask.java:lambda$moveContainer$3(837)) - Container move completed for container #85 from source a37c7fb9-c250-428d-bbaf-25effbb8edb9 to target bdd2467a-0919-47ab-a2c7-d439310d8903
2023-07-26 19:34:25,086 [main] DEBUG balancer.ContainerBalancerTask (ContainerBalancerTask.java:matchSourceWithTarget(708)) - ContainerBalancer is finding suitable target for source datanode a37c7fb9-c250-428d-bbaf-25effbb8edb9
2023-07-26 19:34:25,086 [main] INFO  balancer.ContainerBalancerTask (ContainerBalancerTask.java:matchSourceWithTarget(722)) - ContainerBalancer matched source datanode a37c7fb9-c250-428d-bbaf-25effbb8edb9 with target datanode bdd2467a-0919-47ab-a2c7-d439310d8903 for container move.
2023-07-26 19:34:25,087 [main] INFO  balancer.ContainerBalancerTask (ContainerBalancerTask.java:processMoveSelection(569)) - ContainerBalancer is trying to move container #40 with size 5368709120B from source datanode a37c7fb9-c250-428d-bbaf-25effbb8edb9 to target datanode bdd2467a-0919-47ab-a2c7-d439310d8903
2023-07-26 19:34:25,087 [main] DEBUG balancer.ContainerBalancerTask (ContainerBalancerTask.java:lambda$moveContainer$3(837)) - Container move completed for container #40 from source a37c7fb9-c250-428d-bbaf-25effbb8edb9 to target bdd2467a-0919-47ab-a2c7-d439310d8903
2023-07-26 19:34:25,089 [main] DEBUG balancer.ContainerBalancerTask (ContainerBalancerTask.java:matchSourceWithTarget(708)) - ContainerBalancer is finding suitable target for source datanode d7627ed8-bcaa-49c3-bfde-d13ab0078c22
2023-07-26 19:34:25,089 [main] INFO  balancer.ContainerBalancerTask (ContainerBalancerTask.java:matchSourceWithTarget(722)) - ContainerBalancer matched source datanode d7627ed8-bcaa-49c3-bfde-d13ab0078c22 with target datanode bdd2467a-0919-47ab-a2c7-d439310d8903 for container move.
2023-07-26 19:34:25,090 [main] INFO  balancer.ContainerBalancerTask (ContainerBalancerTask.java:processMoveSelection(569)) - ContainerBalancer is trying to move container #68 with size 5368709120B from source datanode d7627ed8-bcaa-49c3-bfde-d13ab0078c22 to target datanode bdd2467a-0919-47ab-a2c7-d439310d8903
2023-07-26 19:34:25,090 [main] DEBUG balancer.ContainerBalancerTask (ContainerBalancerTask.java:lambda$moveContainer$3(837)) - Container move completed for container #68 from source d7627ed8-bcaa-49c3-bfde-d13ab0078c22 to target bdd2467a-0919-47ab-a2c7-d439310d8903
2023-07-26 19:34:25,092 [main] DEBUG balancer.ContainerBalancerTask (ContainerBalancerTask.java:matchSourceWithTarget(708)) - ContainerBalancer is finding suitable target for source datanode d7627ed8-bcaa-49c3-bfde-d13ab0078c22
2023-07-26 19:34:25,093 [main] INFO  balancer.FindTargetGreedyByUsageInfo (AbstractFindTargetGreedy.java:findTargetForContainerMove(133)) - Container Balancer could not find a target for source datanode d7627ed8-bcaa-49c3-bfde-d13ab0078c22
2023-07-26 19:34:25,093 [main] DEBUG balancer.ContainerBalancerTask (ContainerBalancerTask.java:matchSourceWithTarget(717)) - ContainerBalancer could not find a suitable target for source node d7627ed8-bcaa-49c3-bfde-d13ab0078c22.
2023-07-26 19:34:25,095 [main] DEBUG balancer.ContainerBalancerTask (ContainerBalancerTask.java:matchSourceWithTarget(708)) - ContainerBalancer is finding suitable target for source datanode a37c7fb9-c250-428d-bbaf-25effbb8edb9
2023-07-26 19:34:25,096 [main] INFO  balancer.FindTargetGreedyByUsageInfo (AbstractFindTargetGreedy.java:findTargetForContainerMove(133)) - Container Balancer could not find a target for source datanode a37c7fb9-c250-428d-bbaf-25effbb8edb9
2023-07-26 19:34:25,096 [main] DEBUG balancer.ContainerBalancerTask (ContainerBalancerTask.java:matchSourceWithTarget(717)) - ContainerBalancer could not find a suitable target for source node a37c7fb9-c250-428d-bbaf-25effbb8edb9.
2023-07-26 19:34:25,099 [main] DEBUG balancer.ContainerBalancerTask (ContainerBalancerTask.java:matchSourceWithTarget(708)) - ContainerBalancer is finding suitable target for source datanode c2e9ace7-d217-4b40-a541-d7ab9b4862fd
2023-07-26 19:34:25,100 [main] INFO  balancer.FindTargetGreedyByUsageInfo (AbstractFindTargetGreedy.java:findTargetForContainerMove(133)) - Container Balancer could not find a target for source datanode c2e9ace7-d217-4b40-a541-d7ab9b4862fd
2023-07-26 19:34:25,100 [main] DEBUG balancer.ContainerBalancerTask (ContainerBalancerTask.java:matchSourceWithTarget(717)) - ContainerBalancer could not find a suitable target for source node c2e9ace7-d217-4b40-a541-d7ab9b4862fd.
2023-07-26 19:34:25,102 [main] DEBUG balancer.ContainerBalancerTask (ContainerBalancerTask.java:matchSourceWithTarget(708)) - ContainerBalancer is finding suitable target for source datanode 7b147160-f7e4-4ed5-9f84-7cc53a14b227
2023-07-26 19:34:25,103 [main] INFO  balancer.FindTargetGreedyByUsageInfo (AbstractFindTargetGreedy.java:findTargetForContainerMove(133)) - Container Balancer could not find a target for source datanode 7b147160-f7e4-4ed5-9f84-7cc53a14b227
2023-07-26 19:34:25,103 [main] DEBUG balancer.ContainerBalancerTask (ContainerBalancerTask.java:matchSourceWithTarget(717)) - ContainerBalancer could not find a suitable target for source node 7b147160-f7e4-4ed5-9f84-7cc53a14b227.
2023-07-26 19:34:25,103 [main] INFO  balancer.FindSourceGreedy (FindSourceGreedy.java:getNextCandidateSourceDataNode(126)) - no more candidate source data node
2023-07-26 19:34:25,103 [main] INFO  balancer.ContainerBalancerTask (ContainerBalancerTask.java:checkIterationMoveResults(642)) - Iteration Summary. Number of Datanodes involved: 3. Size moved: 15 GB (16106127360 Bytes). Number of Container moves completed: 3.
2023-07-26 19:34:25,103 [main] INFO  balancer.ContainerBalancerTask (ContainerBalancerTask.java:balance(259)) - Result of this iteration of Container Balancer: ITERATION_COMPLETED
2023-07-26 19:34:25,103 [main] INFO  balancer.ContainerBalancerTask (ContainerBalancerTask.java:tryStopWithSaveConfiguration(308)) - Save Configuration for stopping. Reason: Completed all iterations.
2023-07-26 19:34:25,105 [main] DEBUG balancer.ContainerBalancerTask (ContainerBalancerTask.java:initializeIteration(374)) - Average utilization of the cluster is 0.3122536465491133
2023-07-26 19:34:25,105 [main] DEBUG balancer.ContainerBalancerTask (ContainerBalancerTask.java:initializeIteration(386)) - Lower limit for utilization is 0.12162671610501258 and Upper limit for utilization is 0.5028805769932141
2023-07-26 19:34:25,105 [main] DEBUG balancer.ContainerBalancerTask (ContainerBalancerTask.java:initializeIteration(398)) - Utilization for node a37c7fb9-c250-428d-bbaf-25effbb8edb9 with capacity 58459277084B, used 52613349376B, and remaining 5845927708B is 0.9000000000068423
2023-07-26 19:34:25,105 [main] DEBUG balancer.ContainerBalancerTask (ContainerBalancerTask.java:initializeIteration(398)) - Utilization for node d7627ed8-bcaa-49c3-bfde-d13ab0078c22 with capacity 64424509440B, used 51539607552B, and remaining 12884901888B is 0.8
2023-07-26 19:34:25,105 [main] DEBUG balancer.ContainerBalancerTask (ContainerBalancerTask.java:initializeIteration(398)) - Utilization for node c2e9ace7-d217-4b40-a541-d7ab9b4862fd with capacity 65958426331B, used 46170898432B, and remaining 19787527899B is 0.7000000000045483
2023-07-26 19:34:25,105 [main] DEBUG balancer.ContainerBalancerTask (ContainerBalancerTask.java:initializeIteration(398)) - Utilization for node 7b147160-f7e4-4ed5-9f84-7cc53a14b227 with capacity 75161927680B, used 45097156608B, and remaining 30064771072B is 0.6
2023-07-26 19:34:25,105 [main] DEBUG balancer.ContainerBalancerTask (ContainerBalancerTask.java:initializeIteration(398)) - Utilization for node 7b15d5a2-3ae8-45f1-827d-dd401d344ef1 with capacity 55834574848B, used 27917287424B, and remaining 27917287424B is 0.5
2023-07-26 19:34:25,105 [main] DEBUG balancer.ContainerBalancerTask (ContainerBalancerTask.java:initializeIteration(398)) - Utilization for node 1958fd06-49b2-457f-a49a-87b7d3719053 with capacity 120795955200B, used 48318382080B, and remaining 72477573120B is 0.4
2023-07-26 19:34:25,105 [main] DEBUG balancer.ContainerBalancerTask (ContainerBalancerTask.java:initializeIteration(398)) - Utilization for node be05a542-2d6b-4cd9-9aa2-f5ccab50f441 with capacity 110953321813B, used 33285996544B, and remaining 77667325269B is 0.30000000000090127
2023-07-26 19:34:25,105 [main] DEBUG balancer.ContainerBalancerTask (ContainerBalancerTask.java:initializeIteration(398)) - Utilization for node 076794ef-350c-4ec9-878a-5e5e24d8889f with capacity 150323855360B, used 30064771072B, and remaining 120259084288B is 0.2
2023-07-26 19:34:25,106 [main] DEBUG balancer.ContainerBalancerTask (ContainerBalancerTask.java:initializeIteration(398)) - Utilization for node 0b017e3b-1d8d-4cc0-87ec-36105ee8c9d5 with capacity 504658657280B, used 50465865728B, and remaining 454192791552B is 0.1
2023-07-26 19:34:25,106 [main] DEBUG balancer.ContainerBalancerTask (ContainerBalancerTask.java:initializeIteration(398)) - Utilization for node bdd2467a-0919-47ab-a2c7-d439310d8903 with capacity 27917287424B, used 0B, and remaining 27917287424B is 0.0
2023-07-26 19:34:25,106 [main] INFO  balancer.ContainerBalancerTask (ContainerBalancerTask.java:initializeIteration(447)) - Container Balancer has identified 4 Over-Utilized and 2 Under-Utilized Datanodes that need to be balanced.
2023-07-26 19:34:25,106 [main] DEBUG balancer.ContainerBalancerTask (ContainerBalancerTask.java:lambda$initializeIteration$1(453)) - Datanode localhost-251.127.170.125 a37c7fb9-c250-428d-bbaf-25effbb8edb9 is Over-Utilized.
2023-07-26 19:34:25,106 [main] DEBUG balancer.ContainerBalancerTask (ContainerBalancerTask.java:lambda$initializeIteration$1(453)) - Datanode localhost-190.189.13.220 d7627ed8-bcaa-49c3-bfde-d13ab0078c22 is Over-Utilized.
2023-07-26 19:34:25,106 [main] DEBUG balancer.ContainerBalancerTask (ContainerBalancerTask.java:lambda$initializeIteration$1(453)) - Datanode localhost-97.48.255.145 c2e9ace7-d217-4b40-a541-d7ab9b4862fd is Over-Utilized.
2023-07-26 19:34:25,106 [main] DEBUG balancer.ContainerBalancerTask (ContainerBalancerTask.java:lambda$initializeIteration$1(453)) - Datanode localhost-150.83.213.203 7b147160-f7e4-4ed5-9f84-7cc53a14b227 is Over-Utilized.
2023-07-26 19:34:25,106 [main] DEBUG balancer.ContainerBalancerTask (ContainerBalancerTask.java:lambda$initializeIteration$2(459)) - Datanode localhost-94.255.21.4 bdd2467a-0919-47ab-a2c7-d439310d8903 is Under-Utilized.
2023-07-26 19:34:25,106 [main] DEBUG balancer.ContainerBalancerTask (ContainerBalancerTask.java:lambda$initializeIteration$2(459)) - Datanode localhost-75.199.127.39 0b017e3b-1d8d-4cc0-87ec-36105ee8c9d5 is Under-Utilized.
2023-07-26 19:34:25,109 [main] DEBUG balancer.ContainerBalancerTask (ContainerBalancerTask.java:matchSourceWithTarget(708)) - ContainerBalancer is finding suitable target for source datanode a37c7fb9-c250-428d-bbaf-25effbb8edb9
2023-07-26 19:34:25,109 [main] INFO  balancer.ContainerBalancerTask (ContainerBalancerTask.java:matchSourceWithTarget(722)) - ContainerBalancer matched source datanode a37c7fb9-c250-428d-bbaf-25effbb8edb9 with target datanode bdd2467a-0919-47ab-a2c7-d439310d8903 for container move.
2023-07-26 19:34:25,109 [main] INFO  balancer.ContainerBalancerTask (ContainerBalancerTask.java:processMoveSelection(569)) - ContainerBalancer is trying to move container #85 with size 5368709120B from source datanode a37c7fb9-c250-428d-bbaf-25effbb8edb9 to target datanode bdd2467a-0919-47ab-a2c7-d439310d8903
2023-07-26 19:34:25,109 [main] DEBUG balancer.ContainerBalancerTask (ContainerBalancerTask.java:lambda$moveContainer$3(837)) - Container move completed for container #85 from source a37c7fb9-c250-428d-bbaf-25effbb8edb9 to target bdd2467a-0919-47ab-a2c7-d439310d8903
2023-07-26 19:34:25,112 [main] DEBUG balancer.ContainerBalancerTask (ContainerBalancerTask.java:matchSourceWithTarget(708)) - ContainerBalancer is finding suitable target for source datanode a37c7fb9-c250-428d-bbaf-25effbb8edb9
2023-07-26 19:34:25,113 [main] INFO  balancer.ContainerBalancerTask (ContainerBalancerTask.java:matchSourceWithTarget(722)) - ContainerBalancer matched source datanode a37c7fb9-c250-428d-bbaf-25effbb8edb9 with target datanode 0b017e3b-1d8d-4cc0-87ec-36105ee8c9d5 for container move.
2023-07-26 19:34:25,113 [main] INFO  balancer.ContainerBalancerTask (ContainerBalancerTask.java:processMoveSelection(569)) - ContainerBalancer is trying to move container #40 with size 5368709120B from source datanode a37c7fb9-c250-428d-bbaf-25effbb8edb9 to target datanode 0b017e3b-1d8d-4cc0-87ec-36105ee8c9d5
2023-07-26 19:34:25,113 [main] DEBUG balancer.ContainerBalancerTask (ContainerBalancerTask.java:lambda$moveContainer$3(837)) - Container move completed for container #40 from source a37c7fb9-c250-428d-bbaf-25effbb8edb9 to target 0b017e3b-1d8d-4cc0-87ec-36105ee8c9d5
2023-07-26 19:34:25,115 [main] DEBUG balancer.ContainerBalancerTask (ContainerBalancerTask.java:matchSourceWithTarget(708)) - ContainerBalancer is finding suitable target for source datanode d7627ed8-bcaa-49c3-bfde-d13ab0078c22
2023-07-26 19:34:25,116 [main] INFO  balancer.ContainerBalancerTask (ContainerBalancerTask.java:matchSourceWithTarget(722)) - ContainerBalancer matched source datanode d7627ed8-bcaa-49c3-bfde-d13ab0078c22 with target datanode 0b017e3b-1d8d-4cc0-87ec-36105ee8c9d5 for container move.
2023-07-26 19:34:25,116 [main] INFO  balancer.ContainerBalancerTask (ContainerBalancerTask.java:processMoveSelection(569)) - ContainerBalancer is trying to move container #68 with size 5368709120B from source datanode d7627ed8-bcaa-49c3-bfde-d13ab0078c22 to target datanode 0b017e3b-1d8d-4cc0-87ec-36105ee8c9d5
2023-07-26 19:34:25,116 [main] DEBUG balancer.ContainerBalancerTask (ContainerBalancerTask.java:lambda$moveContainer$3(837)) - Container move completed for container #68 from source d7627ed8-bcaa-49c3-bfde-d13ab0078c22 to target 0b017e3b-1d8d-4cc0-87ec-36105ee8c9d5
2023-07-26 19:34:25,118 [main] DEBUG balancer.ContainerBalancerTask (ContainerBalancerTask.java:matchSourceWithTarget(708)) - ContainerBalancer is finding suitable target for source datanode d7627ed8-bcaa-49c3-bfde-d13ab0078c22
2023-07-26 19:34:25,119 [main] INFO  balancer.ContainerBalancerTask (ContainerBalancerTask.java:matchSourceWithTarget(722)) - ContainerBalancer matched source datanode d7627ed8-bcaa-49c3-bfde-d13ab0078c22 with target datanode 0b017e3b-1d8d-4cc0-87ec-36105ee8c9d5 for container move.
2023-07-26 19:34:25,119 [main] INFO  balancer.ContainerBalancerTask (ContainerBalancerTask.java:processMoveSelection(569)) - ContainerBalancer is trying to move container #53 with size 5368709120B from source datanode d7627ed8-bcaa-49c3-bfde-d13ab0078c22 to target datanode 0b017e3b-1d8d-4cc0-87ec-36105ee8c9d5
2023-07-26 19:34:25,119 [main] DEBUG balancer.ContainerBalancerTask (ContainerBalancerTask.java:lambda$moveContainer$3(837)) - Container move completed for container #53 from source d7627ed8-bcaa-49c3-bfde-d13ab0078c22 to target 0b017e3b-1d8d-4cc0-87ec-36105ee8c9d5
2023-07-26 19:34:25,121 [main] DEBUG balancer.ContainerBalancerTask (ContainerBalancerTask.java:matchSourceWithTarget(708)) - ContainerBalancer is finding suitable target for source datanode a37c7fb9-c250-428d-bbaf-25effbb8edb9
2023-07-26 19:34:25,122 [main] INFO  balancer.ContainerBalancerTask (ContainerBalancerTask.java:matchSourceWithTarget(722)) - ContainerBalancer matched source datanode a37c7fb9-c250-428d-bbaf-25effbb8edb9 with target datanode 0b017e3b-1d8d-4cc0-87ec-36105ee8c9d5 for container move.
2023-07-26 19:34:25,122 [main] INFO  balancer.ContainerBalancerTask (ContainerBalancerTask.java:processMoveSelection(569)) - ContainerBalancer is trying to move container #89 with size 4294967296B from source datanode a37c7fb9-c250-428d-bbaf-25effbb8edb9 to target datanode 0b017e3b-1d8d-4cc0-87ec-36105ee8c9d5
2023-07-26 19:34:25,122 [main] DEBUG balancer.ContainerBalancerTask (ContainerBalancerTask.java:lambda$moveContainer$3(837)) - Container move completed for container #89 from source a37c7fb9-c250-428d-bbaf-25effbb8edb9 to target 0b017e3b-1d8d-4cc0-87ec-36105ee8c9d5
2023-07-26 19:34:25,124 [main] DEBUG balancer.ContainerBalancerTask (ContainerBalancerTask.java:matchSourceWithTarget(708)) - ContainerBalancer is finding suitable target for source datanode c2e9ace7-d217-4b40-a541-d7ab9b4862fd
2023-07-26 19:34:25,124 [main] INFO  balancer.ContainerBalancerTask (ContainerBalancerTask.java:matchSourceWithTarget(722)) - ContainerBalancer matched source datanode c2e9ace7-d217-4b40-a541-d7ab9b4862fd with target datanode 0b017e3b-1d8d-4cc0-87ec-36105ee8c9d5 for container move.
2023-07-26 19:34:25,125 [main] INFO  balancer.ContainerBalancerTask (ContainerBalancerTask.java:processMoveSelection(569)) - ContainerBalancer is trying to move container #67 with size 4294967296B from source datanode c2e9ace7-d217-4b40-a541-d7ab9b4862fd to target datanode 0b017e3b-1d8d-4cc0-87ec-36105ee8c9d5
2023-07-26 19:34:25,125 [main] DEBUG balancer.ContainerBalancerTask (ContainerBalancerTask.java:lambda$moveContainer$3(837)) - Container move completed for container #67 from source c2e9ace7-d217-4b40-a541-d7ab9b4862fd to target 0b017e3b-1d8d-4cc0-87ec-36105ee8c9d5
2023-07-26 19:34:25,127 [main] DEBUG balancer.ContainerBalancerTask (ContainerBalancerTask.java:matchSourceWithTarget(708)) - ContainerBalancer is finding suitable target for source datanode a37c7fb9-c250-428d-bbaf-25effbb8edb9
2023-07-26 19:34:25,128 [main] INFO  balancer.ContainerBalancerTask (ContainerBalancerTask.java:matchSourceWithTarget(722)) - ContainerBalancer matched source datanode a37c7fb9-c250-428d-bbaf-25effbb8edb9 with target datanode 0b017e3b-1d8d-4cc0-87ec-36105ee8c9d5 for container move.
2023-07-26 19:34:25,128 [main] INFO  balancer.ContainerBalancerTask (ContainerBalancerTask.java:processMoveSelection(569)) - ContainerBalancer is trying to move container #52 with size 4294967296B from source datanode a37c7fb9-c250-428d-bbaf-25effbb8edb9 to target datanode 0b017e3b-1d8d-4cc0-87ec-36105ee8c9d5
2023-07-26 19:34:25,128 [main] DEBUG balancer.ContainerBalancerTask (ContainerBalancerTask.java:lambda$moveContainer$3(837)) - Container move completed for container #52 from source a37c7fb9-c250-428d-bbaf-25effbb8edb9 to target 0b017e3b-1d8d-4cc0-87ec-36105ee8c9d5
2023-07-26 19:34:25,130 [main] DEBUG balancer.ContainerBalancerTask (ContainerBalancerTask.java:matchSourceWithTarget(708)) - ContainerBalancer is finding suitable target for source datanode c2e9ace7-d217-4b40-a541-d7ab9b4862fd
2023-07-26 19:34:25,130 [main] INFO  balancer.ContainerBalancerTask (ContainerBalancerTask.java:matchSourceWithTarget(722)) - ContainerBalancer matched source datanode c2e9ace7-d217-4b40-a541-d7ab9b4862fd with target datanode 0b017e3b-1d8d-4cc0-87ec-36105ee8c9d5 for container move.
2023-07-26 19:34:25,131 [main] INFO  balancer.ContainerBalancerTask (ContainerBalancerTask.java:processMoveSelection(569)) - ContainerBalancer is trying to move container #55 with size 2147483648B from source datanode c2e9ace7-d217-4b40-a541-d7ab9b4862fd to target datanode 0b017e3b-1d8d-4cc0-87ec-36105ee8c9d5
2023-07-26 19:34:25,131 [main] DEBUG balancer.ContainerBalancerTask (ContainerBalancerTask.java:lambda$moveContainer$3(837)) - Container move completed for container #55 from source c2e9ace7-d217-4b40-a541-d7ab9b4862fd to target 0b017e3b-1d8d-4cc0-87ec-36105ee8c9d5
2023-07-26 19:34:25,133 [main] DEBUG balancer.ContainerBalancerTask (ContainerBalancerTask.java:matchSourceWithTarget(708)) - ContainerBalancer is finding suitable target for source datanode d7627ed8-bcaa-49c3-bfde-d13ab0078c22
2023-07-26 19:34:25,134 [main] INFO  balancer.ContainerBalancerTask (ContainerBalancerTask.java:matchSourceWithTarget(722)) - ContainerBalancer matched source datanode d7627ed8-bcaa-49c3-bfde-d13ab0078c22 with target datanode 0b017e3b-1d8d-4cc0-87ec-36105ee8c9d5 for container move.
2023-07-26 19:34:25,134 [main] INFO  balancer.ContainerBalancerTask (ContainerBalancerTask.java:processMoveSelection(569)) - ContainerBalancer is trying to move container #71 with size 3221225472B from source datanode d7627ed8-bcaa-49c3-bfde-d13ab0078c22 to target datanode 0b017e3b-1d8d-4cc0-87ec-36105ee8c9d5
2023-07-26 19:34:25,134 [main] DEBUG balancer.ContainerBalancerTask (ContainerBalancerTask.java:lambda$moveContainer$3(837)) - Container move completed for container #71 from source d7627ed8-bcaa-49c3-bfde-d13ab0078c22 to target 0b017e3b-1d8d-4cc0-87ec-36105ee8c9d5
2023-07-26 19:34:25,136 [main] DEBUG balancer.ContainerBalancerTask (ContainerBalancerTask.java:matchSourceWithTarget(708)) - ContainerBalancer is finding suitable target for source datanode c2e9ace7-d217-4b40-a541-d7ab9b4862fd
2023-07-26 19:34:25,137 [main] INFO  balancer.ContainerBalancerTask (ContainerBalancerTask.java:matchSourceWithTarget(722)) - ContainerBalancer matched source datanode c2e9ace7-d217-4b40-a541-d7ab9b4862fd with target datanode 0b017e3b-1d8d-4cc0-87ec-36105ee8c9d5 for container move.
2023-07-26 19:34:25,137 [main] INFO  balancer.ContainerBalancerTask (ContainerBalancerTask.java:processMoveSelection(569)) - ContainerBalancer is trying to move container #17 with size 2147483648B from source datanode c2e9ace7-d217-4b40-a541-d7ab9b4862fd to target datanode 0b017e3b-1d8d-4cc0-87ec-36105ee8c9d5
2023-07-26 19:34:25,137 [main] DEBUG balancer.ContainerBalancerTask (ContainerBalancerTask.java:lambda$moveContainer$3(837)) - Container move completed for container #17 from source c2e9ace7-d217-4b40-a541-d7ab9b4862fd to target 0b017e3b-1d8d-4cc0-87ec-36105ee8c9d5
2023-07-26 19:34:25,139 [main] DEBUG balancer.ContainerBalancerTask (ContainerBalancerTask.java:matchSourceWithTarget(708)) - ContainerBalancer is finding suitable target for source datanode 7b147160-f7e4-4ed5-9f84-7cc53a14b227
2023-07-26 19:34:25,140 [main] INFO  balancer.ContainerBalancerTask (ContainerBalancerTask.java:matchSourceWithTarget(722)) - ContainerBalancer matched source datanode 7b147160-f7e4-4ed5-9f84-7cc53a14b227 with target datanode 0b017e3b-1d8d-4cc0-87ec-36105ee8c9d5 for container move.
2023-07-26 19:34:25,140 [main] INFO  balancer.ContainerBalancerTask (ContainerBalancerTask.java:processMoveSelection(569)) - ContainerBalancer is trying to move container #83 with size 3221225472B from source datanode 7b147160-f7e4-4ed5-9f84-7cc53a14b227 to target datanode 0b017e3b-1d8d-4cc0-87ec-36105ee8c9d5
2023-07-26 19:34:25,140 [main] DEBUG balancer.ContainerBalancerTask (ContainerBalancerTask.java:lambda$moveContainer$3(837)) - Container move completed for container #83 from source 7b147160-f7e4-4ed5-9f84-7cc53a14b227 to target 0b017e3b-1d8d-4cc0-87ec-36105ee8c9d5
2023-07-26 19:34:25,143 [main] DEBUG balancer.ContainerBalancerTask (ContainerBalancerTask.java:matchSourceWithTarget(708)) - ContainerBalancer is finding suitable target for source datanode d7627ed8-bcaa-49c3-bfde-d13ab0078c22
2023-07-26 19:34:25,143 [main] INFO  balancer.ContainerBalancerTask (ContainerBalancerTask.java:matchSourceWithTarget(722)) - ContainerBalancer matched source datanode d7627ed8-bcaa-49c3-bfde-d13ab0078c22 with target datanode 0b017e3b-1d8d-4cc0-87ec-36105ee8c9d5 for container move.
2023-07-26 19:34:25,145 [main] INFO  balancer.ContainerBalancerTask (ContainerBalancerTask.java:processMoveSelection(569)) - ContainerBalancer is trying to move container #82 with size 2147483648B from source datanode d7627ed8-bcaa-49c3-bfde-d13ab0078c22 to target datanode 0b017e3b-1d8d-4cc0-87ec-36105ee8c9d5
2023-07-26 19:34:25,145 [main] DEBUG balancer.ContainerBalancerTask (ContainerBalancerTask.java:lambda$moveContainer$3(837)) - Container move completed for container #82 from source d7627ed8-bcaa-49c3-bfde-d13ab0078c22 to target 0b017e3b-1d8d-4cc0-87ec-36105ee8c9d5
2023-07-26 19:34:25,148 [main] DEBUG balancer.ContainerBalancerTask (ContainerBalancerTask.java:matchSourceWithTarget(708)) - ContainerBalancer is finding suitable target for source datanode c2e9ace7-d217-4b40-a541-d7ab9b4862fd
2023-07-26 19:34:25,149 [main] INFO  balancer.ContainerBalancerTask (ContainerBalancerTask.java:matchSourceWithTarget(722)) - ContainerBalancer matched source datanode c2e9ace7-d217-4b40-a541-d7ab9b4862fd with target datanode 0b017e3b-1d8d-4cc0-87ec-36105ee8c9d5 for container move.
2023-07-26 19:34:25,149 [main] INFO  balancer.ContainerBalancerTask (ContainerBalancerTask.java:processMoveSelection(569)) - ContainerBalancer is trying to move container #10 with size 2147483648B from source datanode c2e9ace7-d217-4b40-a541-d7ab9b4862fd to target datanode 0b017e3b-1d8d-4cc0-87ec-36105ee8c9d5
2023-07-26 19:34:25,149 [main] DEBUG balancer.ContainerBalancerTask (ContainerBalancerTask.java:lambda$moveContainer$3(837)) - Container move completed for container #10 from source c2e9ace7-d217-4b40-a541-d7ab9b4862fd to target 0b017e3b-1d8d-4cc0-87ec-36105ee8c9d5
2023-07-26 19:34:25,152 [main] DEBUG balancer.ContainerBalancerTask (ContainerBalancerTask.java:matchSourceWithTarget(708)) - ContainerBalancer is finding suitable target for source datanode a37c7fb9-c250-428d-bbaf-25effbb8edb9
2023-07-26 19:34:25,153 [main] INFO  balancer.ContainerBalancerTask (ContainerBalancerTask.java:matchSourceWithTarget(722)) - ContainerBalancer matched source datanode a37c7fb9-c250-428d-bbaf-25effbb8edb9 with target datanode 0b017e3b-1d8d-4cc0-87ec-36105ee8c9d5 for container move.
2023-07-26 19:34:25,153 [main] INFO  balancer.ContainerBalancerTask (ContainerBalancerTask.java:processMoveSelection(569)) - ContainerBalancer is trying to move container #28 with size 4294967296B from source datanode a37c7fb9-c250-428d-bbaf-25effbb8edb9 to target datanode 0b017e3b-1d8d-4cc0-87ec-36105ee8c9d5
2023-07-26 19:34:25,155 [main] DEBUG balancer.ContainerBalancerTask (ContainerBalancerTask.java:lambda$moveContainer$3(837)) - Container move completed for container #28 from source a37c7fb9-c250-428d-bbaf-25effbb8edb9 to target 0b017e3b-1d8d-4cc0-87ec-36105ee8c9d5
2023-07-26 19:34:25,155 [main] WARN  balancer.ContainerBalancerTask (ContainerBalancerTask.java:reachedMaxSizeToMovePerIteration(733)) - Reached max size to move limit. 53687091200 bytes have already been scheduled for balancing and the limit is 53687091200 bytes.
2023-07-26 19:34:25,156 [main] INFO  balancer.ContainerBalancerTask (ContainerBalancerTask.java:checkIterationMoveResults(642)) - Iteration Summary. Number of Datanodes involved: 6. Size moved: 50 GB (53687091200 Bytes). Number of Container moves completed: 14.
2023-07-26 19:34:25,156 [main] INFO  balancer.ContainerBalancerTask (ContainerBalancerTask.java:balance(259)) - Result of this iteration of Container Balancer: ITERATION_COMPLETED
2023-07-26 19:34:25,156 [main] INFO  balancer.ContainerBalancerTask (ContainerBalancerTask.java:tryStopWithSaveConfiguration(308)) - Save Configuration for stopping. Reason: Completed all iterations.
2023-07-26 19:34:25,161 [main] DEBUG balancer.ContainerBalancerTask (ContainerBalancerTask.java:initializeIteration(374)) - Average utilization of the cluster is 0.3122536465491133
2023-07-26 19:34:25,161 [main] DEBUG balancer.ContainerBalancerTask (ContainerBalancerTask.java:initializeIteration(386)) - Lower limit for utilization is -0.3231234295655953 and Upper limit for utilization is 0.9476307226638219
2023-07-26 19:34:25,161 [main] DEBUG balancer.ContainerBalancerTask (ContainerBalancerTask.java:initializeIteration(398)) - Utilization for node a37c7fb9-c250-428d-bbaf-25effbb8edb9 with capacity 58459277084B, used 52613349376B, and remaining 5845927708B is 0.9000000000068423
2023-07-26 19:34:25,161 [main] DEBUG balancer.ContainerBalancerTask (ContainerBalancerTask.java:initializeIteration(398)) - Utilization for node d7627ed8-bcaa-49c3-bfde-d13ab0078c22 with capacity 64424509440B, used 51539607552B, and remaining 12884901888B is 0.8
2023-07-26 19:34:25,161 [main] DEBUG balancer.ContainerBalancerTask (ContainerBalancerTask.java:initializeIteration(398)) - Utilization for node c2e9ace7-d217-4b40-a541-d7ab9b4862fd with capacity 65958426331B, used 46170898432B, and remaining 19787527899B is 0.7000000000045483
2023-07-26 19:34:25,161 [main] DEBUG balancer.ContainerBalancerTask (ContainerBalancerTask.java:initializeIteration(398)) - Utilization for node 7b147160-f7e4-4ed5-9f84-7cc53a14b227 with capacity 75161927680B, used 45097156608B, and remaining 30064771072B is 0.6
2023-07-26 19:34:25,161 [main] DEBUG balancer.ContainerBalancerTask (ContainerBalancerTask.java:initializeIteration(398)) - Utilization for node 7b15d5a2-3ae8-45f1-827d-dd401d344ef1 with capacity 55834574848B, used 27917287424B, and remaining 27917287424B is 0.5
2023-07-26 19:34:25,161 [main] DEBUG balancer.ContainerBalancerTask (ContainerBalancerTask.java:initializeIteration(398)) - Utilization for node 1958fd06-49b2-457f-a49a-87b7d3719053 with capacity 120795955200B, used 48318382080B, and remaining 72477573120B is 0.4
2023-07-26 19:34:25,161 [main] DEBUG balancer.ContainerBalancerTask (ContainerBalancerTask.java:initializeIteration(398)) - Utilization for node be05a542-2d6b-4cd9-9aa2-f5ccab50f441 with capacity 110953321813B, used 33285996544B, and remaining 77667325269B is 0.30000000000090127
2023-07-26 19:34:25,161 [main] DEBUG balancer.ContainerBalancerTask (ContainerBalancerTask.java:initializeIteration(398)) - Utilization for node 076794ef-350c-4ec9-878a-5e5e24d8889f with capacity 150323855360B, used 30064771072B, and remaining 120259084288B is 0.2
2023-07-26 19:34:25,162 [main] DEBUG balancer.ContainerBalancerTask (ContainerBalancerTask.java:initializeIteration(398)) - Utilization for node 0b017e3b-1d8d-4cc0-87ec-36105ee8c9d5 with capacity 504658657280B, used 50465865728B, and remaining 454192791552B is 0.1
2023-07-26 19:34:25,162 [main] DEBUG balancer.ContainerBalancerTask (ContainerBalancerTask.java:initializeIteration(398)) - Utilization for node bdd2467a-0919-47ab-a2c7-d439310d8903 with capacity 27917287424B, used 0B, and remaining 27917287424B is 0.0
2023-07-26 19:34:25,162 [main] INFO  balancer.ContainerBalancerTask (ContainerBalancerTask.java:initializeIteration(443)) - Did not find any unbalanced Datanodes.
2023-07-26 19:34:25,162 [main] INFO  balancer.ContainerBalancerTask (ContainerBalancerTask.java:tryStopWithSaveConfiguration(308)) - Save Configuration for stopping. Reason: Could not initialize ContainerBalancer's iteration number 0
2023-07-26 19:34:25,163 [main] DEBUG balancer.ContainerBalancerTask (ContainerBalancerTask.java:initializeIteration(374)) - Average utilization of the cluster is 0.3122536465491133
2023-07-26 19:34:25,163 [main] DEBUG balancer.ContainerBalancerTask (ContainerBalancerTask.java:initializeIteration(386)) - Lower limit for utilization is -0.3585267295858409 and Upper limit for utilization is 0.9830340226840675
2023-07-26 19:34:25,163 [main] DEBUG balancer.ContainerBalancerTask (ContainerBalancerTask.java:initializeIteration(398)) - Utilization for node a37c7fb9-c250-428d-bbaf-25effbb8edb9 with capacity 58459277084B, used 52613349376B, and remaining 5845927708B is 0.9000000000068423
2023-07-26 19:34:25,163 [main] DEBUG balancer.ContainerBalancerTask (ContainerBalancerTask.java:initializeIteration(398)) - Utilization for node d7627ed8-bcaa-49c3-bfde-d13ab0078c22 with capacity 64424509440B, used 51539607552B, and remaining 12884901888B is 0.8
2023-07-26 19:34:25,163 [main] DEBUG balancer.ContainerBalancerTask (ContainerBalancerTask.java:initializeIteration(398)) - Utilization for node c2e9ace7-d217-4b40-a541-d7ab9b4862fd with capacity 65958426331B, used 46170898432B, and remaining 19787527899B is 0.7000000000045483
2023-07-26 19:34:25,163 [main] DEBUG balancer.ContainerBalancerTask (ContainerBalancerTask.java:initializeIteration(398)) - Utilization for node 7b147160-f7e4-4ed5-9f84-7cc53a14b227 with capacity 75161927680B, used 45097156608B, and remaining 30064771072B is 0.6
2023-07-26 19:34:25,163 [main] DEBUG balancer.ContainerBalancerTask (ContainerBalancerTask.java:initializeIteration(398)) - Utilization for node 7b15d5a2-3ae8-45f1-827d-dd401d344ef1 with capacity 55834574848B, used 27917287424B, and remaining 27917287424B is 0.5
2023-07-26 19:34:25,163 [main] DEBUG balancer.ContainerBalancerTask (ContainerBalancerTask.java:initializeIteration(398)) - Utilization for node 1958fd06-49b2-457f-a49a-87b7d3719053 with capacity 120795955200B, used 48318382080B, and remaining 72477573120B is 0.4
2023-07-26 19:34:25,163 [main] DEBUG balancer.ContainerBalancerTask (ContainerBalancerTask.java:initializeIteration(398)) - Utilization for node be05a542-2d6b-4cd9-9aa2-f5ccab50f441 with capacity 110953321813B, used 33285996544B, and remaining 77667325269B is 0.30000000000090127
2023-07-26 19:34:25,163 [main] DEBUG balancer.ContainerBalancerTask (ContainerBalancerTask.java:initializeIteration(398)) - Utilization for node 076794ef-350c-4ec9-878a-5e5e24d8889f with capacity 150323855360B, used 30064771072B, and remaining 120259084288B is 0.2
2023-07-26 19:34:25,163 [main] DEBUG balancer.ContainerBalancerTask (ContainerBalancerTask.java:initializeIteration(398)) - Utilization for node 0b017e3b-1d8d-4cc0-87ec-36105ee8c9d5 with capacity 504658657280B, used 50465865728B, and remaining 454192791552B is 0.1
2023-07-26 19:34:25,164 [main] DEBUG balancer.ContainerBalancerTask (ContainerBalancerTask.java:initializeIteration(398)) - Utilization for node bdd2467a-0919-47ab-a2c7-d439310d8903 with capacity 27917287424B, used 0B, and remaining 27917287424B is 0.0
2023-07-26 19:34:25,164 [main] INFO  balancer.ContainerBalancerTask (ContainerBalancerTask.java:initializeIteration(443)) - Did not find any unbalanced Datanodes.
2023-07-26 19:34:25,164 [main] INFO  balancer.ContainerBalancerTask (ContainerBalancerTask.java:tryStopWithSaveConfiguration(308)) - Save Configuration for stopping. Reason: Could not initialize ContainerBalancer's iteration number 0
2023-07-26 19:34:25,164 [main] DEBUG balancer.ContainerBalancerTask (ContainerBalancerTask.java:initializeIteration(374)) - Average utilization of the cluster is 0.3122536465491133
2023-07-26 19:34:25,164 [main] DEBUG balancer.ContainerBalancerTask (ContainerBalancerTask.java:initializeIteration(386)) - Lower limit for utilization is -0.4518450309484913 and Upper limit for utilization is 1.0763523240467179
2023-07-26 19:34:25,165 [main] DEBUG balancer.ContainerBalancerTask (ContainerBalancerTask.java:initializeIteration(398)) - Utilization for node a37c7fb9-c250-428d-bbaf-25effbb8edb9 with capacity 58459277084B, used 52613349376B, and remaining 5845927708B is 0.9000000000068423
2023-07-26 19:34:25,165 [main] DEBUG balancer.ContainerBalancerTask (ContainerBalancerTask.java:initializeIteration(398)) - Utilization for node d7627ed8-bcaa-49c3-bfde-d13ab0078c22 with capacity 64424509440B, used 51539607552B, and remaining 12884901888B is 0.8
2023-07-26 19:34:25,165 [main] DEBUG balancer.ContainerBalancerTask (ContainerBalancerTask.java:initializeIteration(398)) - Utilization for node c2e9ace7-d217-4b40-a541-d7ab9b4862fd with capacity 65958426331B, used 46170898432B, and remaining 19787527899B is 0.7000000000045483
2023-07-26 19:34:25,165 [main] DEBUG balancer.ContainerBalancerTask (ContainerBalancerTask.java:initializeIteration(398)) - Utilization for node 7b147160-f7e4-4ed5-9f84-7cc53a14b227 with capacity 75161927680B, used 45097156608B, and remaining 30064771072B is 0.6
2023-07-26 19:34:25,165 [main] DEBUG balancer.ContainerBalancerTask (ContainerBalancerTask.java:initializeIteration(398)) - Utilization for node 7b15d5a2-3ae8-45f1-827d-dd401d344ef1 with capacity 55834574848B, used 27917287424B, and remaining 27917287424B is 0.5
2023-07-26 19:34:25,165 [main] DEBUG balancer.ContainerBalancerTask (ContainerBalancerTask.java:initializeIteration(398)) - Utilization for node 1958fd06-49b2-457f-a49a-87b7d3719053 with capacity 120795955200B, used 48318382080B, and remaining 72477573120B is 0.4
2023-07-26 19:34:25,165 [main] DEBUG balancer.ContainerBalancerTask (ContainerBalancerTask.java:initializeIteration(398)) - Utilization for node be05a542-2d6b-4cd9-9aa2-f5ccab50f441 with capacity 110953321813B, used 33285996544B, and remaining 77667325269B is 0.30000000000090127
2023-07-26 19:34:25,165 [main] DEBUG balancer.ContainerBalancerTask (ContainerBalancerTask.java:initializeIteration(398)) - Utilization for node 076794ef-350c-4ec9-878a-5e5e24d8889f with capacity 150323855360B, used 30064771072B, and remaining 120259084288B is 0.2
2023-07-26 19:34:25,165 [main] DEBUG balancer.ContainerBalancerTask (ContainerBalancerTask.java:initializeIteration(398)) - Utilization for node 0b017e3b-1d8d-4cc0-87ec-36105ee8c9d5 with capacity 504658657280B, used 50465865728B, and remaining 454192791552B is 0.1
2023-07-26 19:34:25,165 [main] DEBUG balancer.ContainerBalancerTask (ContainerBalancerTask.java:initializeIteration(398)) - Utilization for node bdd2467a-0919-47ab-a2c7-d439310d8903 with capacity 27917287424B, used 0B, and remaining 27917287424B is 0.0
2023-07-26 19:34:25,165 [main] INFO  balancer.ContainerBalancerTask (ContainerBalancerTask.java:initializeIteration(443)) - Did not find any unbalanced Datanodes.
2023-07-26 19:34:25,165 [main] INFO  balancer.ContainerBalancerTask (ContainerBalancerTask.java:tryStopWithSaveConfiguration(308)) - Save Configuration for stopping. Reason: Could not initialize ContainerBalancer's iteration number 0
2023-07-26 19:34:25,166 [main] DEBUG balancer.ContainerBalancerTask (ContainerBalancerTask.java:initializeIteration(374)) - Average utilization of the cluster is 0.3122536465491133
2023-07-26 19:34:25,166 [main] DEBUG balancer.ContainerBalancerTask (ContainerBalancerTask.java:initializeIteration(386)) - Lower limit for utilization is -0.19514226368777493 and Upper limit for utilization is 0.8196495567860016
2023-07-26 19:34:25,166 [main] DEBUG balancer.ContainerBalancerTask (ContainerBalancerTask.java:initializeIteration(398)) - Utilization for node a37c7fb9-c250-428d-bbaf-25effbb8edb9 with capacity 58459277084B, used 52613349376B, and remaining 5845927708B is 0.9000000000068423
2023-07-26 19:34:25,166 [main] DEBUG balancer.ContainerBalancerTask (ContainerBalancerTask.java:initializeIteration(398)) - Utilization for node d7627ed8-bcaa-49c3-bfde-d13ab0078c22 with capacity 64424509440B, used 51539607552B, and remaining 12884901888B is 0.8
2023-07-26 19:34:25,166 [main] DEBUG balancer.ContainerBalancerTask (ContainerBalancerTask.java:initializeIteration(398)) - Utilization for node c2e9ace7-d217-4b40-a541-d7ab9b4862fd with capacity 65958426331B, used 46170898432B, and remaining 19787527899B is 0.7000000000045483
2023-07-26 19:34:25,167 [main] DEBUG balancer.ContainerBalancerTask (ContainerBalancerTask.java:initializeIteration(398)) - Utilization for node 7b147160-f7e4-4ed5-9f84-7cc53a14b227 with capacity 75161927680B, used 45097156608B, and remaining 30064771072B is 0.6
2023-07-26 19:34:25,167 [main] DEBUG balancer.ContainerBalancerTask (ContainerBalancerTask.java:initializeIteration(398)) - Utilization for node 7b15d5a2-3ae8-45f1-827d-dd401d344ef1 with capacity 55834574848B, used 27917287424B, and remaining 27917287424B is 0.5
2023-07-26 19:34:25,167 [main] DEBUG balancer.ContainerBalancerTask (ContainerBalancerTask.java:initializeIteration(398)) - Utilization for node 1958fd06-49b2-457f-a49a-87b7d3719053 with capacity 120795955200B, used 48318382080B, and remaining 72477573120B is 0.4
2023-07-26 19:34:25,167 [main] DEBUG balancer.ContainerBalancerTask (ContainerBalancerTask.java:initializeIteration(398)) - Utilization for node be05a542-2d6b-4cd9-9aa2-f5ccab50f441 with capacity 110953321813B, used 33285996544B, and remaining 77667325269B is 0.30000000000090127
2023-07-26 19:34:25,167 [main] DEBUG balancer.ContainerBalancerTask (ContainerBalancerTask.java:initializeIteration(398)) - Utilization for node 076794ef-350c-4ec9-878a-5e5e24d8889f with capacity 150323855360B, used 30064771072B, and remaining 120259084288B is 0.2
2023-07-26 19:34:25,167 [main] DEBUG balancer.ContainerBalancerTask (ContainerBalancerTask.java:initializeIteration(398)) - Utilization for node 0b017e3b-1d8d-4cc0-87ec-36105ee8c9d5 with capacity 504658657280B, used 50465865728B, and remaining 454192791552B is 0.1
2023-07-26 19:34:25,167 [main] DEBUG balancer.ContainerBalancerTask (ContainerBalancerTask.java:initializeIteration(398)) - Utilization for node bdd2467a-0919-47ab-a2c7-d439310d8903 with capacity 27917287424B, used 0B, and remaining 27917287424B is 0.0
2023-07-26 19:34:25,167 [main] INFO  balancer.ContainerBalancerTask (ContainerBalancerTask.java:initializeIteration(447)) - Container Balancer has identified 1 Over-Utilized and 0 Under-Utilized Datanodes that need to be balanced.
2023-07-26 19:34:25,169 [main] DEBUG balancer.ContainerBalancerTask (ContainerBalancerTask.java:lambda$initializeIteration$1(453)) - Datanode localhost-251.127.170.125 a37c7fb9-c250-428d-bbaf-25effbb8edb9 is Over-Utilized.
2023-07-26 19:34:25,171 [main] DEBUG balancer.ContainerBalancerTask (ContainerBalancerTask.java:matchSourceWithTarget(708)) - ContainerBalancer is finding suitable target for source datanode a37c7fb9-c250-428d-bbaf-25effbb8edb9
2023-07-26 19:34:25,171 [main] INFO  balancer.FindTargetGreedyByUsageInfo (AbstractFindTargetGreedy.java:findTargetForContainerMove(133)) - Container Balancer could not find a target for source datanode a37c7fb9-c250-428d-bbaf-25effbb8edb9
2023-07-26 19:34:25,172 [main] DEBUG balancer.ContainerBalancerTask (ContainerBalancerTask.java:matchSourceWithTarget(717)) - ContainerBalancer could not find a suitable target for source node a37c7fb9-c250-428d-bbaf-25effbb8edb9.
2023-07-26 19:34:25,172 [main] INFO  balancer.FindSourceGreedy (FindSourceGreedy.java:getNextCandidateSourceDataNode(126)) - no more candidate source data node
2023-07-26 19:34:25,172 [main] INFO  balancer.ContainerBalancerTask (ContainerBalancerTask.java:balance(259)) - Result of this iteration of Container Balancer: CAN_NOT_BALANCE_ANY_MORE
2023-07-26 19:34:25,172 [main] INFO  balancer.ContainerBalancerTask (ContainerBalancerTask.java:tryStopWithSaveConfiguration(308)) - Save Configuration for stopping. Reason: CAN_NOT_BALANCE_ANY_MORE
2023-07-26 19:34:25,174 [main] DEBUG balancer.ContainerBalancerTask (ContainerBalancerTask.java:initializeIteration(374)) - Average utilization of the cluster is 0.3122536465491133
2023-07-26 19:34:25,174 [main] DEBUG balancer.ContainerBalancerTask (ContainerBalancerTask.java:initializeIteration(386)) - Lower limit for utilization is -0.13753386782925375 and Upper limit for utilization is 0.7620411609274804
2023-07-26 19:34:25,174 [main] DEBUG balancer.ContainerBalancerTask (ContainerBalancerTask.java:initializeIteration(398)) - Utilization for node a37c7fb9-c250-428d-bbaf-25effbb8edb9 with capacity 58459277084B, used 52613349376B, and remaining 5845927708B is 0.9000000000068423
2023-07-26 19:34:25,174 [main] DEBUG balancer.ContainerBalancerTask (ContainerBalancerTask.java:initializeIteration(398)) - Utilization for node d7627ed8-bcaa-49c3-bfde-d13ab0078c22 with capacity 64424509440B, used 51539607552B, and remaining 12884901888B is 0.8
2023-07-26 19:34:25,174 [main] DEBUG balancer.ContainerBalancerTask (ContainerBalancerTask.java:initializeIteration(398)) - Utilization for node c2e9ace7-d217-4b40-a541-d7ab9b4862fd with capacity 65958426331B, used 46170898432B, and remaining 19787527899B is 0.7000000000045483
2023-07-26 19:34:25,174 [main] DEBUG balancer.ContainerBalancerTask (ContainerBalancerTask.java:initializeIteration(398)) - Utilization for node 7b147160-f7e4-4ed5-9f84-7cc53a14b227 with capacity 75161927680B, used 45097156608B, and remaining 30064771072B is 0.6
2023-07-26 19:34:25,174 [main] DEBUG balancer.ContainerBalancerTask (ContainerBalancerTask.java:initializeIteration(398)) - Utilization for node 7b15d5a2-3ae8-45f1-827d-dd401d344ef1 with capacity 55834574848B, used 27917287424B, and remaining 27917287424B is 0.5
2023-07-26 19:34:25,174 [main] DEBUG balancer.ContainerBalancerTask (ContainerBalancerTask.java:initializeIteration(398)) - Utilization for node 1958fd06-49b2-457f-a49a-87b7d3719053 with capacity 120795955200B, used 48318382080B, and remaining 72477573120B is 0.4
2023-07-26 19:34:25,175 [main] DEBUG balancer.ContainerBalancerTask (ContainerBalancerTask.java:initializeIteration(398)) - Utilization for node be05a542-2d6b-4cd9-9aa2-f5ccab50f441 with capacity 110953321813B, used 33285996544B, and remaining 77667325269B is 0.30000000000090127
2023-07-26 19:34:25,175 [main] DEBUG balancer.ContainerBalancerTask (ContainerBalancerTask.java:initializeIteration(398)) - Utilization for node 076794ef-350c-4ec9-878a-5e5e24d8889f with capacity 150323855360B, used 30064771072B, and remaining 120259084288B is 0.2
2023-07-26 19:34:25,175 [main] DEBUG balancer.ContainerBalancerTask (ContainerBalancerTask.java:initializeIteration(398)) - Utilization for node 0b017e3b-1d8d-4cc0-87ec-36105ee8c9d5 with capacity 504658657280B, used 50465865728B, and remaining 454192791552B is 0.1
2023-07-26 19:34:25,175 [main] DEBUG balancer.ContainerBalancerTask (ContainerBalancerTask.java:initializeIteration(398)) - Utilization for node bdd2467a-0919-47ab-a2c7-d439310d8903 with capacity 27917287424B, used 0B, and remaining 27917287424B is 0.0
2023-07-26 19:34:25,175 [main] INFO  balancer.ContainerBalancerTask (ContainerBalancerTask.java:initializeIteration(447)) - Container Balancer has identified 2 Over-Utilized and 0 Under-Utilized Datanodes that need to be balanced.
2023-07-26 19:34:25,175 [main] DEBUG balancer.ContainerBalancerTask (ContainerBalancerTask.java:lambda$initializeIteration$1(453)) - Datanode localhost-251.127.170.125 a37c7fb9-c250-428d-bbaf-25effbb8edb9 is Over-Utilized.
2023-07-26 19:34:25,175 [main] DEBUG balancer.ContainerBalancerTask (ContainerBalancerTask.java:lambda$initializeIteration$1(453)) - Datanode localhost-190.189.13.220 d7627ed8-bcaa-49c3-bfde-d13ab0078c22 is Over-Utilized.
2023-07-26 19:34:25,177 [main] DEBUG balancer.ContainerBalancerTask (ContainerBalancerTask.java:matchSourceWithTarget(708)) - ContainerBalancer is finding suitable target for source datanode a37c7fb9-c250-428d-bbaf-25effbb8edb9
2023-07-26 19:34:25,177 [main] INFO  balancer.FindTargetGreedyByUsageInfo (AbstractFindTargetGreedy.java:findTargetForContainerMove(133)) - Container Balancer could not find a target for source datanode a37c7fb9-c250-428d-bbaf-25effbb8edb9
2023-07-26 19:34:25,178 [main] DEBUG balancer.ContainerBalancerTask (ContainerBalancerTask.java:matchSourceWithTarget(717)) - ContainerBalancer could not find a suitable target for source node a37c7fb9-c250-428d-bbaf-25effbb8edb9.
2023-07-26 19:34:25,180 [main] DEBUG balancer.ContainerBalancerTask (ContainerBalancerTask.java:matchSourceWithTarget(708)) - ContainerBalancer is finding suitable target for source datanode d7627ed8-bcaa-49c3-bfde-d13ab0078c22
2023-07-26 19:34:25,180 [main] INFO  balancer.FindTargetGreedyByUsageInfo (AbstractFindTargetGreedy.java:findTargetForContainerMove(133)) - Container Balancer could not find a target for source datanode d7627ed8-bcaa-49c3-bfde-d13ab0078c22
2023-07-26 19:34:25,180 [main] DEBUG balancer.ContainerBalancerTask (ContainerBalancerTask.java:matchSourceWithTarget(717)) - ContainerBalancer could not find a suitable target for source node d7627ed8-bcaa-49c3-bfde-d13ab0078c22.
2023-07-26 19:34:25,180 [main] INFO  balancer.FindSourceGreedy (FindSourceGreedy.java:getNextCandidateSourceDataNode(126)) - no more candidate source data node
2023-07-26 19:34:25,180 [main] INFO  balancer.ContainerBalancerTask (ContainerBalancerTask.java:balance(259)) - Result of this iteration of Container Balancer: CAN_NOT_BALANCE_ANY_MORE
2023-07-26 19:34:25,180 [main] INFO  balancer.ContainerBalancerTask (ContainerBalancerTask.java:tryStopWithSaveConfiguration(308)) - Save Configuration for stopping. Reason: CAN_NOT_BALANCE_ANY_MORE
2023-07-26 19:34:25,181 [main] DEBUG balancer.ContainerBalancerTask (ContainerBalancerTask.java:initializeIteration(374)) - Average utilization of the cluster is 0.3122536465491133
2023-07-26 19:34:25,181 [main] DEBUG balancer.ContainerBalancerTask (ContainerBalancerTask.java:initializeIteration(386)) - Lower limit for utilization is -0.6351472139156149 and Upper limit for utilization is 1.2596545070138414
2023-07-26 19:34:25,181 [main] DEBUG balancer.ContainerBalancerTask (ContainerBalancerTask.java:initializeIteration(398)) - Utilization for node a37c7fb9-c250-428d-bbaf-25effbb8edb9 with capacity 58459277084B, used 52613349376B, and remaining 5845927708B is 0.9000000000068423
2023-07-26 19:34:25,182 [main] DEBUG balancer.ContainerBalancerTask (ContainerBalancerTask.java:initializeIteration(398)) - Utilization for node d7627ed8-bcaa-49c3-bfde-d13ab0078c22 with capacity 64424509440B, used 51539607552B, and remaining 12884901888B is 0.8
2023-07-26 19:34:25,182 [main] DEBUG balancer.ContainerBalancerTask (ContainerBalancerTask.java:initializeIteration(398)) - Utilization for node c2e9ace7-d217-4b40-a541-d7ab9b4862fd with capacity 65958426331B, used 46170898432B, and remaining 19787527899B is 0.7000000000045483
2023-07-26 19:34:25,182 [main] DEBUG balancer.ContainerBalancerTask (ContainerBalancerTask.java:initializeIteration(398)) - Utilization for node 7b147160-f7e4-4ed5-9f84-7cc53a14b227 with capacity 75161927680B, used 45097156608B, and remaining 30064771072B is 0.6
2023-07-26 19:34:25,182 [main] DEBUG balancer.ContainerBalancerTask (ContainerBalancerTask.java:initializeIteration(398)) - Utilization for node 7b15d5a2-3ae8-45f1-827d-dd401d344ef1 with capacity 55834574848B, used 27917287424B, and remaining 27917287424B is 0.5
2023-07-26 19:34:25,182 [main] DEBUG balancer.ContainerBalancerTask (ContainerBalancerTask.java:initializeIteration(398)) - Utilization for node 1958fd06-49b2-457f-a49a-87b7d3719053 with capacity 120795955200B, used 48318382080B, and remaining 72477573120B is 0.4
2023-07-26 19:34:25,182 [main] DEBUG balancer.ContainerBalancerTask (ContainerBalancerTask.java:initializeIteration(398)) - Utilization for node be05a542-2d6b-4cd9-9aa2-f5ccab50f441 with capacity 110953321813B, used 33285996544B, and remaining 77667325269B is 0.30000000000090127
2023-07-26 19:34:25,182 [main] DEBUG balancer.ContainerBalancerTask (ContainerBalancerTask.java:initializeIteration(398)) - Utilization for node 076794ef-350c-4ec9-878a-5e5e24d8889f with capacity 150323855360B, used 30064771072B, and remaining 120259084288B is 0.2
2023-07-26 19:34:25,182 [main] DEBUG balancer.ContainerBalancerTask (ContainerBalancerTask.java:initializeIteration(398)) - Utilization for node 0b017e3b-1d8d-4cc0-87ec-36105ee8c9d5 with capacity 504658657280B, used 50465865728B, and remaining 454192791552B is 0.1
2023-07-26 19:34:25,182 [main] DEBUG balancer.ContainerBalancerTask (ContainerBalancerTask.java:initializeIteration(398)) - Utilization for node bdd2467a-0919-47ab-a2c7-d439310d8903 with capacity 27917287424B, used 0B, and remaining 27917287424B is 0.0
2023-07-26 19:34:25,182 [main] INFO  balancer.ContainerBalancerTask (ContainerBalancerTask.java:initializeIteration(443)) - Did not find any unbalanced Datanodes.
2023-07-26 19:34:25,182 [main] INFO  balancer.ContainerBalancerTask (ContainerBalancerTask.java:tryStopWithSaveConfiguration(308)) - Save Configuration for stopping. Reason: Could not initialize ContainerBalancer's iteration number 0
2023-07-26 19:34:25,183 [main] DEBUG balancer.ContainerBalancerTask (ContainerBalancerTask.java:initializeIteration(374)) - Average utilization of the cluster is 0.3122536465491133
2023-07-26 19:34:25,183 [main] DEBUG balancer.ContainerBalancerTask (ContainerBalancerTask.java:initializeIteration(386)) - Lower limit for utilization is 0.1466974294710655 and Upper limit for utilization is 0.4778098636271611
2023-07-26 19:34:25,183 [main] DEBUG balancer.ContainerBalancerTask (ContainerBalancerTask.java:initializeIteration(398)) - Utilization for node a37c7fb9-c250-428d-bbaf-25effbb8edb9 with capacity 58459277084B, used 52613349376B, and remaining 5845927708B is 0.9000000000068423
2023-07-26 19:34:25,183 [main] DEBUG balancer.ContainerBalancerTask (ContainerBalancerTask.java:initializeIteration(398)) - Utilization for node d7627ed8-bcaa-49c3-bfde-d13ab0078c22 with capacity 64424509440B, used 51539607552B, and remaining 12884901888B is 0.8
2023-07-26 19:34:25,183 [main] DEBUG balancer.ContainerBalancerTask (ContainerBalancerTask.java:initializeIteration(398)) - Utilization for node c2e9ace7-d217-4b40-a541-d7ab9b4862fd with capacity 65958426331B, used 46170898432B, and remaining 19787527899B is 0.7000000000045483
2023-07-26 19:34:25,183 [main] DEBUG balancer.ContainerBalancerTask (ContainerBalancerTask.java:initializeIteration(398)) - Utilization for node 7b147160-f7e4-4ed5-9f84-7cc53a14b227 with capacity 75161927680B, used 45097156608B, and remaining 30064771072B is 0.6
2023-07-26 19:34:25,184 [main] DEBUG balancer.ContainerBalancerTask (ContainerBalancerTask.java:initializeIteration(398)) - Utilization for node 7b15d5a2-3ae8-45f1-827d-dd401d344ef1 with capacity 55834574848B, used 27917287424B, and remaining 27917287424B is 0.5
2023-07-26 19:34:25,184 [main] DEBUG balancer.ContainerBalancerTask (ContainerBalancerTask.java:initializeIteration(398)) - Utilization for node 1958fd06-49b2-457f-a49a-87b7d3719053 with capacity 120795955200B, used 48318382080B, and remaining 72477573120B is 0.4
2023-07-26 19:34:25,184 [main] DEBUG balancer.ContainerBalancerTask (ContainerBalancerTask.java:initializeIteration(398)) - Utilization for node be05a542-2d6b-4cd9-9aa2-f5ccab50f441 with capacity 110953321813B, used 33285996544B, and remaining 77667325269B is 0.30000000000090127
2023-07-26 19:34:25,184 [main] DEBUG balancer.ContainerBalancerTask (ContainerBalancerTask.java:initializeIteration(398)) - Utilization for node 076794ef-350c-4ec9-878a-5e5e24d8889f with capacity 150323855360B, used 30064771072B, and remaining 120259084288B is 0.2
2023-07-26 19:34:25,184 [main] DEBUG balancer.ContainerBalancerTask (ContainerBalancerTask.java:initializeIteration(398)) - Utilization for node 0b017e3b-1d8d-4cc0-87ec-36105ee8c9d5 with capacity 504658657280B, used 50465865728B, and remaining 454192791552B is 0.1
2023-07-26 19:34:25,184 [main] DEBUG balancer.ContainerBalancerTask (ContainerBalancerTask.java:initializeIteration(398)) - Utilization for node bdd2467a-0919-47ab-a2c7-d439310d8903 with capacity 27917287424B, used 0B, and remaining 27917287424B is 0.0
2023-07-26 19:34:25,184 [main] INFO  balancer.ContainerBalancerTask (ContainerBalancerTask.java:initializeIteration(447)) - Container Balancer has identified 5 Over-Utilized and 2 Under-Utilized Datanodes that need to be balanced.
2023-07-26 19:34:25,184 [main] DEBUG balancer.ContainerBalancerTask (ContainerBalancerTask.java:lambda$initializeIteration$1(453)) - Datanode localhost-251.127.170.125 a37c7fb9-c250-428d-bbaf-25effbb8edb9 is Over-Utilized.
2023-07-26 19:34:25,184 [main] DEBUG balancer.ContainerBalancerTask (ContainerBalancerTask.java:lambda$initializeIteration$1(453)) - Datanode localhost-190.189.13.220 d7627ed8-bcaa-49c3-bfde-d13ab0078c22 is Over-Utilized.
2023-07-26 19:34:25,184 [main] DEBUG balancer.ContainerBalancerTask (ContainerBalancerTask.java:lambda$initializeIteration$1(453)) - Datanode localhost-97.48.255.145 c2e9ace7-d217-4b40-a541-d7ab9b4862fd is Over-Utilized.
2023-07-26 19:34:25,184 [main] DEBUG balancer.ContainerBalancerTask (ContainerBalancerTask.java:lambda$initializeIteration$1(453)) - Datanode localhost-150.83.213.203 7b147160-f7e4-4ed5-9f84-7cc53a14b227 is Over-Utilized.
2023-07-26 19:34:25,185 [main] DEBUG balancer.ContainerBalancerTask (ContainerBalancerTask.java:lambda$initializeIteration$1(453)) - Datanode localhost-219.88.132.51 7b15d5a2-3ae8-45f1-827d-dd401d344ef1 is Over-Utilized.
2023-07-26 19:34:25,185 [main] DEBUG balancer.ContainerBalancerTask (ContainerBalancerTask.java:lambda$initializeIteration$2(459)) - Datanode localhost-94.255.21.4 bdd2467a-0919-47ab-a2c7-d439310d8903 is Under-Utilized.
2023-07-26 19:34:25,185 [main] DEBUG balancer.ContainerBalancerTask (ContainerBalancerTask.java:lambda$initializeIteration$2(459)) - Datanode localhost-75.199.127.39 0b017e3b-1d8d-4cc0-87ec-36105ee8c9d5 is Under-Utilized.
2023-07-26 19:34:25,187 [main] DEBUG balancer.ContainerBalancerTask (ContainerBalancerTask.java:matchSourceWithTarget(708)) - ContainerBalancer is finding suitable target for source datanode a37c7fb9-c250-428d-bbaf-25effbb8edb9
2023-07-26 19:34:25,187 [main] INFO  balancer.ContainerBalancerTask (ContainerBalancerTask.java:matchSourceWithTarget(722)) - ContainerBalancer matched source datanode a37c7fb9-c250-428d-bbaf-25effbb8edb9 with target datanode bdd2467a-0919-47ab-a2c7-d439310d8903 for container move.
2023-07-26 19:34:25,187 [main] INFO  balancer.ContainerBalancerTask (ContainerBalancerTask.java:processMoveSelection(569)) - ContainerBalancer is trying to move container #85 with size 5368709120B from source datanode a37c7fb9-c250-428d-bbaf-25effbb8edb9 to target datanode bdd2467a-0919-47ab-a2c7-d439310d8903
2023-07-26 19:34:25,188 [main] DEBUG balancer.ContainerBalancerTask (ContainerBalancerTask.java:lambda$moveContainer$3(837)) - Container move completed for container #85 from source a37c7fb9-c250-428d-bbaf-25effbb8edb9 to target bdd2467a-0919-47ab-a2c7-d439310d8903
2023-07-26 19:34:25,190 [main] DEBUG balancer.ContainerBalancerTask (ContainerBalancerTask.java:matchSourceWithTarget(708)) - ContainerBalancer is finding suitable target for source datanode a37c7fb9-c250-428d-bbaf-25effbb8edb9
2023-07-26 19:34:25,190 [main] INFO  balancer.ContainerBalancerTask (ContainerBalancerTask.java:matchSourceWithTarget(722)) - ContainerBalancer matched source datanode a37c7fb9-c250-428d-bbaf-25effbb8edb9 with target datanode 0b017e3b-1d8d-4cc0-87ec-36105ee8c9d5 for container move.
2023-07-26 19:34:25,190 [main] INFO  balancer.ContainerBalancerTask (ContainerBalancerTask.java:processMoveSelection(569)) - ContainerBalancer is trying to move container #40 with size 5368709120B from source datanode a37c7fb9-c250-428d-bbaf-25effbb8edb9 to target datanode 0b017e3b-1d8d-4cc0-87ec-36105ee8c9d5
2023-07-26 19:34:25,190 [main] DEBUG balancer.ContainerBalancerTask (ContainerBalancerTask.java:lambda$moveContainer$3(837)) - Container move completed for container #40 from source a37c7fb9-c250-428d-bbaf-25effbb8edb9 to target 0b017e3b-1d8d-4cc0-87ec-36105ee8c9d5
2023-07-26 19:34:25,193 [main] DEBUG balancer.ContainerBalancerTask (ContainerBalancerTask.java:matchSourceWithTarget(708)) - ContainerBalancer is finding suitable target for source datanode d7627ed8-bcaa-49c3-bfde-d13ab0078c22
2023-07-26 19:34:25,193 [main] INFO  balancer.ContainerBalancerTask (ContainerBalancerTask.java:matchSourceWithTarget(722)) - ContainerBalancer matched source datanode d7627ed8-bcaa-49c3-bfde-d13ab0078c22 with target datanode 0b017e3b-1d8d-4cc0-87ec-36105ee8c9d5 for container move.
2023-07-26 19:34:25,193 [main] INFO  balancer.ContainerBalancerTask (ContainerBalancerTask.java:processMoveSelection(569)) - ContainerBalancer is trying to move container #68 with size 5368709120B from source datanode d7627ed8-bcaa-49c3-bfde-d13ab0078c22 to target datanode 0b017e3b-1d8d-4cc0-87ec-36105ee8c9d5
2023-07-26 19:34:25,193 [main] DEBUG balancer.ContainerBalancerTask (ContainerBalancerTask.java:lambda$moveContainer$3(837)) - Container move completed for container #68 from source d7627ed8-bcaa-49c3-bfde-d13ab0078c22 to target 0b017e3b-1d8d-4cc0-87ec-36105ee8c9d5
2023-07-26 19:34:25,196 [main] DEBUG balancer.ContainerBalancerTask (ContainerBalancerTask.java:matchSourceWithTarget(708)) - ContainerBalancer is finding suitable target for source datanode d7627ed8-bcaa-49c3-bfde-d13ab0078c22
2023-07-26 19:34:25,196 [main] INFO  balancer.ContainerBalancerTask (ContainerBalancerTask.java:matchSourceWithTarget(722)) - ContainerBalancer matched source datanode d7627ed8-bcaa-49c3-bfde-d13ab0078c22 with target datanode 0b017e3b-1d8d-4cc0-87ec-36105ee8c9d5 for container move.
2023-07-26 19:34:25,196 [main] INFO  balancer.ContainerBalancerTask (ContainerBalancerTask.java:processMoveSelection(569)) - ContainerBalancer is trying to move container #53 with size 5368709120B from source datanode d7627ed8-bcaa-49c3-bfde-d13ab0078c22 to target datanode 0b017e3b-1d8d-4cc0-87ec-36105ee8c9d5
2023-07-26 19:34:25,196 [main] DEBUG balancer.ContainerBalancerTask (ContainerBalancerTask.java:lambda$moveContainer$3(837)) - Container move completed for container #53 from source d7627ed8-bcaa-49c3-bfde-d13ab0078c22 to target 0b017e3b-1d8d-4cc0-87ec-36105ee8c9d5
2023-07-26 19:34:25,199 [main] DEBUG balancer.ContainerBalancerTask (ContainerBalancerTask.java:matchSourceWithTarget(708)) - ContainerBalancer is finding suitable target for source datanode a37c7fb9-c250-428d-bbaf-25effbb8edb9
2023-07-26 19:34:25,199 [main] INFO  balancer.ContainerBalancerTask (ContainerBalancerTask.java:matchSourceWithTarget(722)) - ContainerBalancer matched source datanode a37c7fb9-c250-428d-bbaf-25effbb8edb9 with target datanode 0b017e3b-1d8d-4cc0-87ec-36105ee8c9d5 for container move.
2023-07-26 19:34:25,199 [main] INFO  balancer.ContainerBalancerTask (ContainerBalancerTask.java:processMoveSelection(569)) - ContainerBalancer is trying to move container #89 with size 4294967296B from source datanode a37c7fb9-c250-428d-bbaf-25effbb8edb9 to target datanode 0b017e3b-1d8d-4cc0-87ec-36105ee8c9d5
2023-07-26 19:34:25,199 [main] DEBUG balancer.ContainerBalancerTask (ContainerBalancerTask.java:lambda$moveContainer$3(837)) - Container move completed for container #89 from source a37c7fb9-c250-428d-bbaf-25effbb8edb9 to target 0b017e3b-1d8d-4cc0-87ec-36105ee8c9d5
2023-07-26 19:34:25,201 [main] DEBUG balancer.ContainerBalancerTask (ContainerBalancerTask.java:matchSourceWithTarget(708)) - ContainerBalancer is finding suitable target for source datanode c2e9ace7-d217-4b40-a541-d7ab9b4862fd
2023-07-26 19:34:25,202 [main] INFO  balancer.ContainerBalancerTask (ContainerBalancerTask.java:matchSourceWithTarget(722)) - ContainerBalancer matched source datanode c2e9ace7-d217-4b40-a541-d7ab9b4862fd with target datanode 0b017e3b-1d8d-4cc0-87ec-36105ee8c9d5 for container move.
2023-07-26 19:34:25,202 [main] INFO  balancer.ContainerBalancerTask (ContainerBalancerTask.java:processMoveSelection(569)) - ContainerBalancer is trying to move container #67 with size 4294967296B from source datanode c2e9ace7-d217-4b40-a541-d7ab9b4862fd to target datanode 0b017e3b-1d8d-4cc0-87ec-36105ee8c9d5
2023-07-26 19:34:25,202 [main] DEBUG balancer.ContainerBalancerTask (ContainerBalancerTask.java:lambda$moveContainer$3(837)) - Container move completed for container #67 from source c2e9ace7-d217-4b40-a541-d7ab9b4862fd to target 0b017e3b-1d8d-4cc0-87ec-36105ee8c9d5
2023-07-26 19:34:25,205 [main] DEBUG balancer.ContainerBalancerTask (ContainerBalancerTask.java:matchSourceWithTarget(708)) - ContainerBalancer is finding suitable target for source datanode a37c7fb9-c250-428d-bbaf-25effbb8edb9
2023-07-26 19:34:25,205 [main] INFO  balancer.ContainerBalancerTask (ContainerBalancerTask.java:matchSourceWithTarget(722)) - ContainerBalancer matched source datanode a37c7fb9-c250-428d-bbaf-25effbb8edb9 with target datanode 0b017e3b-1d8d-4cc0-87ec-36105ee8c9d5 for container move.
2023-07-26 19:34:25,205 [main] INFO  balancer.ContainerBalancerTask (ContainerBalancerTask.java:processMoveSelection(569)) - ContainerBalancer is trying to move container #52 with size 4294967296B from source datanode a37c7fb9-c250-428d-bbaf-25effbb8edb9 to target datanode 0b017e3b-1d8d-4cc0-87ec-36105ee8c9d5
2023-07-26 19:34:25,205 [main] DEBUG balancer.ContainerBalancerTask (ContainerBalancerTask.java:lambda$moveContainer$3(837)) - Container move completed for container #52 from source a37c7fb9-c250-428d-bbaf-25effbb8edb9 to target 0b017e3b-1d8d-4cc0-87ec-36105ee8c9d5
2023-07-26 19:34:25,207 [main] DEBUG balancer.ContainerBalancerTask (ContainerBalancerTask.java:matchSourceWithTarget(708)) - ContainerBalancer is finding suitable target for source datanode c2e9ace7-d217-4b40-a541-d7ab9b4862fd
2023-07-26 19:34:25,208 [main] INFO  balancer.ContainerBalancerTask (ContainerBalancerTask.java:matchSourceWithTarget(722)) - ContainerBalancer matched source datanode c2e9ace7-d217-4b40-a541-d7ab9b4862fd with target datanode 0b017e3b-1d8d-4cc0-87ec-36105ee8c9d5 for container move.
2023-07-26 19:34:25,208 [main] INFO  balancer.ContainerBalancerTask (ContainerBalancerTask.java:processMoveSelection(569)) - ContainerBalancer is trying to move container #55 with size 2147483648B from source datanode c2e9ace7-d217-4b40-a541-d7ab9b4862fd to target datanode 0b017e3b-1d8d-4cc0-87ec-36105ee8c9d5
2023-07-26 19:34:25,208 [main] DEBUG balancer.ContainerBalancerTask (ContainerBalancerTask.java:lambda$moveContainer$3(837)) - Container move completed for container #55 from source c2e9ace7-d217-4b40-a541-d7ab9b4862fd to target 0b017e3b-1d8d-4cc0-87ec-36105ee8c9d5
2023-07-26 19:34:25,211 [main] DEBUG balancer.ContainerBalancerTask (ContainerBalancerTask.java:matchSourceWithTarget(708)) - ContainerBalancer is finding suitable target for source datanode d7627ed8-bcaa-49c3-bfde-d13ab0078c22
2023-07-26 19:34:25,211 [main] INFO  balancer.ContainerBalancerTask (ContainerBalancerTask.java:matchSourceWithTarget(722)) - ContainerBalancer matched source datanode d7627ed8-bcaa-49c3-bfde-d13ab0078c22 with target datanode 0b017e3b-1d8d-4cc0-87ec-36105ee8c9d5 for container move.
2023-07-26 19:34:25,211 [main] INFO  balancer.ContainerBalancerTask (ContainerBalancerTask.java:processMoveSelection(569)) - ContainerBalancer is trying to move container #71 with size 3221225472B from source datanode d7627ed8-bcaa-49c3-bfde-d13ab0078c22 to target datanode 0b017e3b-1d8d-4cc0-87ec-36105ee8c9d5
2023-07-26 19:34:25,211 [main] DEBUG balancer.ContainerBalancerTask (ContainerBalancerTask.java:lambda$moveContainer$3(837)) - Container move completed for container #71 from source d7627ed8-bcaa-49c3-bfde-d13ab0078c22 to target 0b017e3b-1d8d-4cc0-87ec-36105ee8c9d5
2023-07-26 19:34:25,213 [main] DEBUG balancer.ContainerBalancerTask (ContainerBalancerTask.java:matchSourceWithTarget(708)) - ContainerBalancer is finding suitable target for source datanode c2e9ace7-d217-4b40-a541-d7ab9b4862fd
2023-07-26 19:34:25,214 [main] INFO  balancer.ContainerBalancerTask (ContainerBalancerTask.java:matchSourceWithTarget(722)) - ContainerBalancer matched source datanode c2e9ace7-d217-4b40-a541-d7ab9b4862fd with target datanode 0b017e3b-1d8d-4cc0-87ec-36105ee8c9d5 for container move.
2023-07-26 19:34:25,214 [main] INFO  balancer.ContainerBalancerTask (ContainerBalancerTask.java:processMoveSelection(569)) - ContainerBalancer is trying to move container #17 with size 2147483648B from source datanode c2e9ace7-d217-4b40-a541-d7ab9b4862fd to target datanode 0b017e3b-1d8d-4cc0-87ec-36105ee8c9d5
2023-07-26 19:34:25,214 [main] DEBUG balancer.ContainerBalancerTask (ContainerBalancerTask.java:lambda$moveContainer$3(837)) - Container move completed for container #17 from source c2e9ace7-d217-4b40-a541-d7ab9b4862fd to target 0b017e3b-1d8d-4cc0-87ec-36105ee8c9d5
2023-07-26 19:34:25,217 [main] DEBUG balancer.ContainerBalancerTask (ContainerBalancerTask.java:matchSourceWithTarget(708)) - ContainerBalancer is finding suitable target for source datanode 7b147160-f7e4-4ed5-9f84-7cc53a14b227
2023-07-26 19:34:25,217 [main] INFO  balancer.ContainerBalancerTask (ContainerBalancerTask.java:matchSourceWithTarget(722)) - ContainerBalancer matched source datanode 7b147160-f7e4-4ed5-9f84-7cc53a14b227 with target datanode 0b017e3b-1d8d-4cc0-87ec-36105ee8c9d5 for container move.
2023-07-26 19:34:25,217 [main] INFO  balancer.ContainerBalancerTask (ContainerBalancerTask.java:processMoveSelection(569)) - ContainerBalancer is trying to move container #83 with size 3221225472B from source datanode 7b147160-f7e4-4ed5-9f84-7cc53a14b227 to target datanode 0b017e3b-1d8d-4cc0-87ec-36105ee8c9d5
2023-07-26 19:34:25,217 [main] DEBUG balancer.ContainerBalancerTask (ContainerBalancerTask.java:lambda$moveContainer$3(837)) - Container move completed for container #83 from source 7b147160-f7e4-4ed5-9f84-7cc53a14b227 to target 0b017e3b-1d8d-4cc0-87ec-36105ee8c9d5
2023-07-26 19:34:25,220 [main] DEBUG balancer.ContainerBalancerTask (ContainerBalancerTask.java:matchSourceWithTarget(708)) - ContainerBalancer is finding suitable target for source datanode d7627ed8-bcaa-49c3-bfde-d13ab0078c22
2023-07-26 19:34:25,220 [main] INFO  balancer.ContainerBalancerTask (ContainerBalancerTask.java:matchSourceWithTarget(722)) - ContainerBalancer matched source datanode d7627ed8-bcaa-49c3-bfde-d13ab0078c22 with target datanode 0b017e3b-1d8d-4cc0-87ec-36105ee8c9d5 for container move.
2023-07-26 19:34:25,220 [main] INFO  balancer.ContainerBalancerTask (ContainerBalancerTask.java:processMoveSelection(569)) - ContainerBalancer is trying to move container #82 with size 2147483648B from source datanode d7627ed8-bcaa-49c3-bfde-d13ab0078c22 to target datanode 0b017e3b-1d8d-4cc0-87ec-36105ee8c9d5
2023-07-26 19:34:25,220 [main] DEBUG balancer.ContainerBalancerTask (ContainerBalancerTask.java:lambda$moveContainer$3(837)) - Container move completed for container #82 from source d7627ed8-bcaa-49c3-bfde-d13ab0078c22 to target 0b017e3b-1d8d-4cc0-87ec-36105ee8c9d5
2023-07-26 19:34:25,223 [main] DEBUG balancer.ContainerBalancerTask (ContainerBalancerTask.java:matchSourceWithTarget(708)) - ContainerBalancer is finding suitable target for source datanode c2e9ace7-d217-4b40-a541-d7ab9b4862fd
2023-07-26 19:34:25,223 [main] INFO  balancer.ContainerBalancerTask (ContainerBalancerTask.java:matchSourceWithTarget(722)) - ContainerBalancer matched source datanode c2e9ace7-d217-4b40-a541-d7ab9b4862fd with target datanode 0b017e3b-1d8d-4cc0-87ec-36105ee8c9d5 for container move.
2023-07-26 19:34:25,224 [main] INFO  balancer.ContainerBalancerTask (ContainerBalancerTask.java:processMoveSelection(569)) - ContainerBalancer is trying to move container #10 with size 2147483648B from source datanode c2e9ace7-d217-4b40-a541-d7ab9b4862fd to target datanode 0b017e3b-1d8d-4cc0-87ec-36105ee8c9d5
2023-07-26 19:34:25,224 [main] DEBUG balancer.ContainerBalancerTask (ContainerBalancerTask.java:lambda$moveContainer$3(837)) - Container move completed for container #10 from source c2e9ace7-d217-4b40-a541-d7ab9b4862fd to target 0b017e3b-1d8d-4cc0-87ec-36105ee8c9d5
2023-07-26 19:34:25,227 [main] DEBUG balancer.ContainerBalancerTask (ContainerBalancerTask.java:matchSourceWithTarget(708)) - ContainerBalancer is finding suitable target for source datanode a37c7fb9-c250-428d-bbaf-25effbb8edb9
2023-07-26 19:34:25,227 [main] INFO  balancer.ContainerBalancerTask (ContainerBalancerTask.java:matchSourceWithTarget(722)) - ContainerBalancer matched source datanode a37c7fb9-c250-428d-bbaf-25effbb8edb9 with target datanode 0b017e3b-1d8d-4cc0-87ec-36105ee8c9d5 for container move.
2023-07-26 19:34:25,227 [main] INFO  balancer.ContainerBalancerTask (ContainerBalancerTask.java:processMoveSelection(569)) - ContainerBalancer is trying to move container #28 with size 4294967296B from source datanode a37c7fb9-c250-428d-bbaf-25effbb8edb9 to target datanode 0b017e3b-1d8d-4cc0-87ec-36105ee8c9d5
2023-07-26 19:34:25,227 [main] DEBUG balancer.ContainerBalancerTask (ContainerBalancerTask.java:lambda$moveContainer$3(837)) - Container move completed for container #28 from source a37c7fb9-c250-428d-bbaf-25effbb8edb9 to target 0b017e3b-1d8d-4cc0-87ec-36105ee8c9d5
2023-07-26 19:34:25,227 [main] WARN  balancer.ContainerBalancerTask (ContainerBalancerTask.java:reachedMaxSizeToMovePerIteration(733)) - Reached max size to move limit. 53687091200 bytes have already been scheduled for balancing and the limit is 53687091200 bytes.
2023-07-26 19:34:25,228 [main] INFO  balancer.ContainerBalancerTask (ContainerBalancerTask.java:checkIterationMoveResults(642)) - Iteration Summary. Number of Datanodes involved: 6. Size moved: 50 GB (53687091200 Bytes). Number of Container moves completed: 14.
2023-07-26 19:34:25,228 [main] INFO  balancer.ContainerBalancerTask (ContainerBalancerTask.java:balance(259)) - Result of this iteration of Container Balancer: ITERATION_COMPLETED
2023-07-26 19:34:25,228 [main] INFO  balancer.ContainerBalancerTask (ContainerBalancerTask.java:tryStopWithSaveConfiguration(308)) - Save Configuration for stopping. Reason: Completed all iterations.
2023-07-26 19:34:25,229 [main] DEBUG balancer.ContainerBalancerTask (ContainerBalancerTask.java:initializeIteration(374)) - Average utilization of the cluster is 0.3122536465491133
2023-07-26 19:34:25,229 [main] DEBUG balancer.ContainerBalancerTask (ContainerBalancerTask.java:initializeIteration(386)) - Lower limit for utilization is -0.6341875998765707 and Upper limit for utilization is 1.2586948929747972
2023-07-26 19:34:25,229 [main] DEBUG balancer.ContainerBalancerTask (ContainerBalancerTask.java:initializeIteration(398)) - Utilization for node a37c7fb9-c250-428d-bbaf-25effbb8edb9 with capacity 58459277084B, used 52613349376B, and remaining 5845927708B is 0.9000000000068423
2023-07-26 19:34:25,229 [main] DEBUG balancer.ContainerBalancerTask (ContainerBalancerTask.java:initializeIteration(398)) - Utilization for node d7627ed8-bcaa-49c3-bfde-d13ab0078c22 with capacity 64424509440B, used 51539607552B, and remaining 12884901888B is 0.8
2023-07-26 19:34:25,229 [main] DEBUG balancer.ContainerBalancerTask (ContainerBalancerTask.java:initializeIteration(398)) - Utilization for node c2e9ace7-d217-4b40-a541-d7ab9b4862fd with capacity 65958426331B, used 46170898432B, and remaining 19787527899B is 0.7000000000045483
2023-07-26 19:34:25,229 [main] DEBUG balancer.ContainerBalancerTask (ContainerBalancerTask.java:initializeIteration(398)) - Utilization for node 7b147160-f7e4-4ed5-9f84-7cc53a14b227 with capacity 75161927680B, used 45097156608B, and remaining 30064771072B is 0.6
2023-07-26 19:34:25,229 [main] DEBUG balancer.ContainerBalancerTask (ContainerBalancerTask.java:initializeIteration(398)) - Utilization for node 7b15d5a2-3ae8-45f1-827d-dd401d344ef1 with capacity 55834574848B, used 27917287424B, and remaining 27917287424B is 0.5
2023-07-26 19:34:25,229 [main] DEBUG balancer.ContainerBalancerTask (ContainerBalancerTask.java:initializeIteration(398)) - Utilization for node 1958fd06-49b2-457f-a49a-87b7d3719053 with capacity 120795955200B, used 48318382080B, and remaining 72477573120B is 0.4
2023-07-26 19:34:25,229 [main] DEBUG balancer.ContainerBalancerTask (ContainerBalancerTask.java:initializeIteration(398)) - Utilization for node be05a542-2d6b-4cd9-9aa2-f5ccab50f441 with capacity 110953321813B, used 33285996544B, and remaining 77667325269B is 0.30000000000090127
2023-07-26 19:34:25,229 [main] DEBUG balancer.ContainerBalancerTask (ContainerBalancerTask.java:initializeIteration(398)) - Utilization for node 076794ef-350c-4ec9-878a-5e5e24d8889f with capacity 150323855360B, used 30064771072B, and remaining 120259084288B is 0.2
2023-07-26 19:34:25,229 [main] DEBUG balancer.ContainerBalancerTask (ContainerBalancerTask.java:initializeIteration(398)) - Utilization for node 0b017e3b-1d8d-4cc0-87ec-36105ee8c9d5 with capacity 504658657280B, used 50465865728B, and remaining 454192791552B is 0.1
2023-07-26 19:34:25,230 [main] DEBUG balancer.ContainerBalancerTask (ContainerBalancerTask.java:initializeIteration(398)) - Utilization for node bdd2467a-0919-47ab-a2c7-d439310d8903 with capacity 27917287424B, used 0B, and remaining 27917287424B is 0.0
2023-07-26 19:34:25,230 [main] INFO  balancer.ContainerBalancerTask (ContainerBalancerTask.java:initializeIteration(443)) - Did not find any unbalanced Datanodes.
2023-07-26 19:34:25,230 [main] INFO  balancer.ContainerBalancerTask (ContainerBalancerTask.java:tryStopWithSaveConfiguration(308)) - Save Configuration for stopping. Reason: Could not initialize ContainerBalancer's iteration number 0
2023-07-26 19:34:25,230 [main] DEBUG balancer.ContainerBalancerTask (ContainerBalancerTask.java:initializeIteration(374)) - Average utilization of the cluster is 0.3122536465491133
2023-07-26 19:34:25,230 [main] DEBUG balancer.ContainerBalancerTask (ContainerBalancerTask.java:initializeIteration(386)) - Lower limit for utilization is -0.13847558440876745 and Upper limit for utilization is 0.762982877506994
2023-07-26 19:34:25,231 [main] DEBUG balancer.ContainerBalancerTask (ContainerBalancerTask.java:initializeIteration(398)) - Utilization for node a37c7fb9-c250-428d-bbaf-25effbb8edb9 with capacity 58459277084B, used 52613349376B, and remaining 5845927708B is 0.9000000000068423
2023-07-26 19:34:25,231 [main] DEBUG balancer.ContainerBalancerTask (ContainerBalancerTask.java:initializeIteration(398)) - Utilization for node d7627ed8-bcaa-49c3-bfde-d13ab0078c22 with capacity 64424509440B, used 51539607552B, and remaining 12884901888B is 0.8
2023-07-26 19:34:25,231 [main] DEBUG balancer.ContainerBalancerTask (ContainerBalancerTask.java:initializeIteration(398)) - Utilization for node c2e9ace7-d217-4b40-a541-d7ab9b4862fd with capacity 65958426331B, used 46170898432B, and remaining 19787527899B is 0.7000000000045483
2023-07-26 19:34:25,231 [main] DEBUG balancer.ContainerBalancerTask (ContainerBalancerTask.java:initializeIteration(398)) - Utilization for node 7b147160-f7e4-4ed5-9f84-7cc53a14b227 with capacity 75161927680B, used 45097156608B, and remaining 30064771072B is 0.6
2023-07-26 19:34:25,231 [main] DEBUG balancer.ContainerBalancerTask (ContainerBalancerTask.java:initializeIteration(398)) - Utilization for node 7b15d5a2-3ae8-45f1-827d-dd401d344ef1 with capacity 55834574848B, used 27917287424B, and remaining 27917287424B is 0.5
2023-07-26 19:34:25,231 [main] DEBUG balancer.ContainerBalancerTask (ContainerBalancerTask.java:initializeIteration(398)) - Utilization for node 1958fd06-49b2-457f-a49a-87b7d3719053 with capacity 120795955200B, used 48318382080B, and remaining 72477573120B is 0.4
2023-07-26 19:34:25,231 [main] DEBUG balancer.ContainerBalancerTask (ContainerBalancerTask.java:initializeIteration(398)) - Utilization for node be05a542-2d6b-4cd9-9aa2-f5ccab50f441 with capacity 110953321813B, used 33285996544B, and remaining 77667325269B is 0.30000000000090127
2023-07-26 19:34:25,231 [main] DEBUG balancer.ContainerBalancerTask (ContainerBalancerTask.java:initializeIteration(398)) - Utilization for node 076794ef-350c-4ec9-878a-5e5e24d8889f with capacity 150323855360B, used 30064771072B, and remaining 120259084288B is 0.2
2023-07-26 19:34:25,231 [main] DEBUG balancer.ContainerBalancerTask (ContainerBalancerTask.java:initializeIteration(398)) - Utilization for node 0b017e3b-1d8d-4cc0-87ec-36105ee8c9d5 with capacity 504658657280B, used 50465865728B, and remaining 454192791552B is 0.1
2023-07-26 19:34:25,231 [main] DEBUG balancer.ContainerBalancerTask (ContainerBalancerTask.java:initializeIteration(398)) - Utilization for node bdd2467a-0919-47ab-a2c7-d439310d8903 with capacity 27917287424B, used 0B, and remaining 27917287424B is 0.0
2023-07-26 19:34:25,231 [main] INFO  balancer.ContainerBalancerTask (ContainerBalancerTask.java:initializeIteration(447)) - Container Balancer has identified 2 Over-Utilized and 0 Under-Utilized Datanodes that need to be balanced.
2023-07-26 19:34:25,232 [main] DEBUG balancer.ContainerBalancerTask (ContainerBalancerTask.java:lambda$initializeIteration$1(453)) - Datanode localhost-251.127.170.125 a37c7fb9-c250-428d-bbaf-25effbb8edb9 is Over-Utilized.
2023-07-26 19:34:25,232 [main] DEBUG balancer.ContainerBalancerTask (ContainerBalancerTask.java:lambda$initializeIteration$1(453)) - Datanode localhost-190.189.13.220 d7627ed8-bcaa-49c3-bfde-d13ab0078c22 is Over-Utilized.
2023-07-26 19:34:25,234 [main] DEBUG balancer.ContainerBalancerTask (ContainerBalancerTask.java:matchSourceWithTarget(708)) - ContainerBalancer is finding suitable target for source datanode a37c7fb9-c250-428d-bbaf-25effbb8edb9
2023-07-26 19:34:25,234 [main] INFO  balancer.FindTargetGreedyByUsageInfo (AbstractFindTargetGreedy.java:findTargetForContainerMove(133)) - Container Balancer could not find a target for source datanode a37c7fb9-c250-428d-bbaf-25effbb8edb9
2023-07-26 19:34:25,234 [main] DEBUG balancer.ContainerBalancerTask (ContainerBalancerTask.java:matchSourceWithTarget(717)) - ContainerBalancer could not find a suitable target for source node a37c7fb9-c250-428d-bbaf-25effbb8edb9.
2023-07-26 19:34:25,236 [main] DEBUG balancer.ContainerBalancerTask (ContainerBalancerTask.java:matchSourceWithTarget(708)) - ContainerBalancer is finding suitable target for source datanode d7627ed8-bcaa-49c3-bfde-d13ab0078c22
2023-07-26 19:34:25,237 [main] INFO  balancer.FindTargetGreedyByUsageInfo (AbstractFindTargetGreedy.java:findTargetForContainerMove(133)) - Container Balancer could not find a target for source datanode d7627ed8-bcaa-49c3-bfde-d13ab0078c22
2023-07-26 19:34:25,237 [main] DEBUG balancer.ContainerBalancerTask (ContainerBalancerTask.java:matchSourceWithTarget(717)) - ContainerBalancer could not find a suitable target for source node d7627ed8-bcaa-49c3-bfde-d13ab0078c22.
2023-07-26 19:34:25,237 [main] INFO  balancer.FindSourceGreedy (FindSourceGreedy.java:getNextCandidateSourceDataNode(126)) - no more candidate source data node
2023-07-26 19:34:25,237 [main] INFO  balancer.ContainerBalancerTask (ContainerBalancerTask.java:balance(259)) - Result of this iteration of Container Balancer: CAN_NOT_BALANCE_ANY_MORE
2023-07-26 19:34:25,237 [main] INFO  balancer.ContainerBalancerTask (ContainerBalancerTask.java:tryStopWithSaveConfiguration(308)) - Save Configuration for stopping. Reason: CAN_NOT_BALANCE_ANY_MORE
2023-07-26 19:34:25,238 [main] DEBUG balancer.ContainerBalancerTask (ContainerBalancerTask.java:initializeIteration(374)) - Average utilization of the cluster is 0.3122536465491133
2023-07-26 19:34:25,238 [main] DEBUG balancer.ContainerBalancerTask (ContainerBalancerTask.java:initializeIteration(386)) - Lower limit for utilization is 0.11851403281823986 and Upper limit for utilization is 0.5059932602799868
2023-07-26 19:34:25,238 [main] DEBUG balancer.ContainerBalancerTask (ContainerBalancerTask.java:initializeIteration(398)) - Utilization for node a37c7fb9-c250-428d-bbaf-25effbb8edb9 with capacity 58459277084B, used 52613349376B, and remaining 5845927708B is 0.9000000000068423
2023-07-26 19:34:25,238 [main] DEBUG balancer.ContainerBalancerTask (ContainerBalancerTask.java:initializeIteration(398)) - Utilization for node d7627ed8-bcaa-49c3-bfde-d13ab0078c22 with capacity 64424509440B, used 51539607552B, and remaining 12884901888B is 0.8
2023-07-26 19:34:25,238 [main] DEBUG balancer.ContainerBalancerTask (ContainerBalancerTask.java:initializeIteration(398)) - Utilization for node c2e9ace7-d217-4b40-a541-d7ab9b4862fd with capacity 65958426331B, used 46170898432B, and remaining 19787527899B is 0.7000000000045483
2023-07-26 19:34:25,238 [main] DEBUG balancer.ContainerBalancerTask (ContainerBalancerTask.java:initializeIteration(398)) - Utilization for node 7b147160-f7e4-4ed5-9f84-7cc53a14b227 with capacity 75161927680B, used 45097156608B, and remaining 30064771072B is 0.6
2023-07-26 19:34:25,238 [main] DEBUG balancer.ContainerBalancerTask (ContainerBalancerTask.java:initializeIteration(398)) - Utilization for node 7b15d5a2-3ae8-45f1-827d-dd401d344ef1 with capacity 55834574848B, used 27917287424B, and remaining 27917287424B is 0.5
2023-07-26 19:34:25,238 [main] DEBUG balancer.ContainerBalancerTask (ContainerBalancerTask.java:initializeIteration(398)) - Utilization for node 1958fd06-49b2-457f-a49a-87b7d3719053 with capacity 120795955200B, used 48318382080B, and remaining 72477573120B is 0.4
2023-07-26 19:34:25,238 [main] DEBUG balancer.ContainerBalancerTask (ContainerBalancerTask.java:initializeIteration(398)) - Utilization for node be05a542-2d6b-4cd9-9aa2-f5ccab50f441 with capacity 110953321813B, used 33285996544B, and remaining 77667325269B is 0.30000000000090127
2023-07-26 19:34:25,238 [main] DEBUG balancer.ContainerBalancerTask (ContainerBalancerTask.java:initializeIteration(398)) - Utilization for node 076794ef-350c-4ec9-878a-5e5e24d8889f with capacity 150323855360B, used 30064771072B, and remaining 120259084288B is 0.2
2023-07-26 19:34:25,238 [main] DEBUG balancer.ContainerBalancerTask (ContainerBalancerTask.java:initializeIteration(398)) - Utilization for node 0b017e3b-1d8d-4cc0-87ec-36105ee8c9d5 with capacity 504658657280B, used 50465865728B, and remaining 454192791552B is 0.1
2023-07-26 19:34:25,239 [main] DEBUG balancer.ContainerBalancerTask (ContainerBalancerTask.java:initializeIteration(398)) - Utilization for node bdd2467a-0919-47ab-a2c7-d439310d8903 with capacity 27917287424B, used 0B, and remaining 27917287424B is 0.0
2023-07-26 19:34:25,239 [main] INFO  balancer.ContainerBalancerTask (ContainerBalancerTask.java:initializeIteration(447)) - Container Balancer has identified 4 Over-Utilized and 2 Under-Utilized Datanodes that need to be balanced.
2023-07-26 19:34:25,239 [main] DEBUG balancer.ContainerBalancerTask (ContainerBalancerTask.java:lambda$initializeIteration$1(453)) - Datanode localhost-251.127.170.125 a37c7fb9-c250-428d-bbaf-25effbb8edb9 is Over-Utilized.
2023-07-26 19:34:25,239 [main] DEBUG balancer.ContainerBalancerTask (ContainerBalancerTask.java:lambda$initializeIteration$1(453)) - Datanode localhost-190.189.13.220 d7627ed8-bcaa-49c3-bfde-d13ab0078c22 is Over-Utilized.
2023-07-26 19:34:25,239 [main] DEBUG balancer.ContainerBalancerTask (ContainerBalancerTask.java:lambda$initializeIteration$1(453)) - Datanode localhost-97.48.255.145 c2e9ace7-d217-4b40-a541-d7ab9b4862fd is Over-Utilized.
2023-07-26 19:34:25,239 [main] DEBUG balancer.ContainerBalancerTask (ContainerBalancerTask.java:lambda$initializeIteration$1(453)) - Datanode localhost-150.83.213.203 7b147160-f7e4-4ed5-9f84-7cc53a14b227 is Over-Utilized.
2023-07-26 19:34:25,239 [main] DEBUG balancer.ContainerBalancerTask (ContainerBalancerTask.java:lambda$initializeIteration$2(459)) - Datanode localhost-94.255.21.4 bdd2467a-0919-47ab-a2c7-d439310d8903 is Under-Utilized.
2023-07-26 19:34:25,239 [main] DEBUG balancer.ContainerBalancerTask (ContainerBalancerTask.java:lambda$initializeIteration$2(459)) - Datanode localhost-75.199.127.39 0b017e3b-1d8d-4cc0-87ec-36105ee8c9d5 is Under-Utilized.
2023-07-26 19:34:25,241 [main] DEBUG balancer.ContainerBalancerTask (ContainerBalancerTask.java:matchSourceWithTarget(708)) - ContainerBalancer is finding suitable target for source datanode a37c7fb9-c250-428d-bbaf-25effbb8edb9
2023-07-26 19:34:25,242 [main] INFO  balancer.ContainerBalancerTask (ContainerBalancerTask.java:matchSourceWithTarget(722)) - ContainerBalancer matched source datanode a37c7fb9-c250-428d-bbaf-25effbb8edb9 with target datanode bdd2467a-0919-47ab-a2c7-d439310d8903 for container move.
2023-07-26 19:34:25,242 [main] INFO  balancer.ContainerBalancerTask (ContainerBalancerTask.java:processMoveSelection(569)) - ContainerBalancer is trying to move container #85 with size 5368709120B from source datanode a37c7fb9-c250-428d-bbaf-25effbb8edb9 to target datanode bdd2467a-0919-47ab-a2c7-d439310d8903
2023-07-26 19:34:25,242 [main] DEBUG balancer.ContainerBalancerTask (ContainerBalancerTask.java:lambda$moveContainer$3(837)) - Container move completed for container #85 from source a37c7fb9-c250-428d-bbaf-25effbb8edb9 to target bdd2467a-0919-47ab-a2c7-d439310d8903
2023-07-26 19:34:25,244 [main] DEBUG balancer.ContainerBalancerTask (ContainerBalancerTask.java:matchSourceWithTarget(708)) - ContainerBalancer is finding suitable target for source datanode a37c7fb9-c250-428d-bbaf-25effbb8edb9
2023-07-26 19:34:25,244 [main] INFO  balancer.ContainerBalancerTask (ContainerBalancerTask.java:matchSourceWithTarget(722)) - ContainerBalancer matched source datanode a37c7fb9-c250-428d-bbaf-25effbb8edb9 with target datanode 0b017e3b-1d8d-4cc0-87ec-36105ee8c9d5 for container move.
2023-07-26 19:34:25,245 [main] INFO  balancer.ContainerBalancerTask (ContainerBalancerTask.java:processMoveSelection(569)) - ContainerBalancer is trying to move container #40 with size 5368709120B from source datanode a37c7fb9-c250-428d-bbaf-25effbb8edb9 to target datanode 0b017e3b-1d8d-4cc0-87ec-36105ee8c9d5
2023-07-26 19:34:25,245 [main] DEBUG balancer.ContainerBalancerTask (ContainerBalancerTask.java:lambda$moveContainer$3(837)) - Container move completed for container #40 from source a37c7fb9-c250-428d-bbaf-25effbb8edb9 to target 0b017e3b-1d8d-4cc0-87ec-36105ee8c9d5
2023-07-26 19:34:25,248 [main] DEBUG balancer.ContainerBalancerTask (ContainerBalancerTask.java:matchSourceWithTarget(708)) - ContainerBalancer is finding suitable target for source datanode d7627ed8-bcaa-49c3-bfde-d13ab0078c22
2023-07-26 19:34:25,248 [main] INFO  balancer.ContainerBalancerTask (ContainerBalancerTask.java:matchSourceWithTarget(722)) - ContainerBalancer matched source datanode d7627ed8-bcaa-49c3-bfde-d13ab0078c22 with target datanode 0b017e3b-1d8d-4cc0-87ec-36105ee8c9d5 for container move.
2023-07-26 19:34:25,248 [main] INFO  balancer.ContainerBalancerTask (ContainerBalancerTask.java:processMoveSelection(569)) - ContainerBalancer is trying to move container #68 with size 5368709120B from source datanode d7627ed8-bcaa-49c3-bfde-d13ab0078c22 to target datanode 0b017e3b-1d8d-4cc0-87ec-36105ee8c9d5
2023-07-26 19:34:25,249 [main] DEBUG balancer.ContainerBalancerTask (ContainerBalancerTask.java:lambda$moveContainer$3(837)) - Container move completed for container #68 from source d7627ed8-bcaa-49c3-bfde-d13ab0078c22 to target 0b017e3b-1d8d-4cc0-87ec-36105ee8c9d5
2023-07-26 19:34:25,251 [main] DEBUG balancer.ContainerBalancerTask (ContainerBalancerTask.java:matchSourceWithTarget(708)) - ContainerBalancer is finding suitable target for source datanode d7627ed8-bcaa-49c3-bfde-d13ab0078c22
2023-07-26 19:34:25,251 [main] INFO  balancer.ContainerBalancerTask (ContainerBalancerTask.java:matchSourceWithTarget(722)) - ContainerBalancer matched source datanode d7627ed8-bcaa-49c3-bfde-d13ab0078c22 with target datanode 0b017e3b-1d8d-4cc0-87ec-36105ee8c9d5 for container move.
2023-07-26 19:34:25,251 [main] INFO  balancer.ContainerBalancerTask (ContainerBalancerTask.java:processMoveSelection(569)) - ContainerBalancer is trying to move container #53 with size 5368709120B from source datanode d7627ed8-bcaa-49c3-bfde-d13ab0078c22 to target datanode 0b017e3b-1d8d-4cc0-87ec-36105ee8c9d5
2023-07-26 19:34:25,252 [main] DEBUG balancer.ContainerBalancerTask (ContainerBalancerTask.java:lambda$moveContainer$3(837)) - Container move completed for container #53 from source d7627ed8-bcaa-49c3-bfde-d13ab0078c22 to target 0b017e3b-1d8d-4cc0-87ec-36105ee8c9d5
2023-07-26 19:34:25,254 [main] DEBUG balancer.ContainerBalancerTask (ContainerBalancerTask.java:matchSourceWithTarget(708)) - ContainerBalancer is finding suitable target for source datanode a37c7fb9-c250-428d-bbaf-25effbb8edb9
2023-07-26 19:34:25,254 [main] INFO  balancer.ContainerBalancerTask (ContainerBalancerTask.java:matchSourceWithTarget(722)) - ContainerBalancer matched source datanode a37c7fb9-c250-428d-bbaf-25effbb8edb9 with target datanode 0b017e3b-1d8d-4cc0-87ec-36105ee8c9d5 for container move.
2023-07-26 19:34:25,255 [main] INFO  balancer.ContainerBalancerTask (ContainerBalancerTask.java:processMoveSelection(569)) - ContainerBalancer is trying to move container #89 with size 4294967296B from source datanode a37c7fb9-c250-428d-bbaf-25effbb8edb9 to target datanode 0b017e3b-1d8d-4cc0-87ec-36105ee8c9d5
2023-07-26 19:34:25,255 [main] DEBUG balancer.ContainerBalancerTask (ContainerBalancerTask.java:lambda$moveContainer$3(837)) - Container move completed for container #89 from source a37c7fb9-c250-428d-bbaf-25effbb8edb9 to target 0b017e3b-1d8d-4cc0-87ec-36105ee8c9d5
2023-07-26 19:34:25,257 [main] DEBUG balancer.ContainerBalancerTask (ContainerBalancerTask.java:matchSourceWithTarget(708)) - ContainerBalancer is finding suitable target for source datanode c2e9ace7-d217-4b40-a541-d7ab9b4862fd
2023-07-26 19:34:25,257 [main] INFO  balancer.ContainerBalancerTask (ContainerBalancerTask.java:matchSourceWithTarget(722)) - ContainerBalancer matched source datanode c2e9ace7-d217-4b40-a541-d7ab9b4862fd with target datanode 0b017e3b-1d8d-4cc0-87ec-36105ee8c9d5 for container move.
2023-07-26 19:34:25,257 [main] INFO  balancer.ContainerBalancerTask (ContainerBalancerTask.java:processMoveSelection(569)) - ContainerBalancer is trying to move container #67 with size 4294967296B from source datanode c2e9ace7-d217-4b40-a541-d7ab9b4862fd to target datanode 0b017e3b-1d8d-4cc0-87ec-36105ee8c9d5
2023-07-26 19:34:25,258 [main] DEBUG balancer.ContainerBalancerTask (ContainerBalancerTask.java:lambda$moveContainer$3(837)) - Container move completed for container #67 from source c2e9ace7-d217-4b40-a541-d7ab9b4862fd to target 0b017e3b-1d8d-4cc0-87ec-36105ee8c9d5
2023-07-26 19:34:25,260 [main] DEBUG balancer.ContainerBalancerTask (ContainerBalancerTask.java:matchSourceWithTarget(708)) - ContainerBalancer is finding suitable target for source datanode a37c7fb9-c250-428d-bbaf-25effbb8edb9
2023-07-26 19:34:25,260 [main] INFO  balancer.ContainerBalancerTask (ContainerBalancerTask.java:matchSourceWithTarget(722)) - ContainerBalancer matched source datanode a37c7fb9-c250-428d-bbaf-25effbb8edb9 with target datanode 0b017e3b-1d8d-4cc0-87ec-36105ee8c9d5 for container move.
2023-07-26 19:34:25,261 [main] INFO  balancer.ContainerBalancerTask (ContainerBalancerTask.java:processMoveSelection(569)) - ContainerBalancer is trying to move container #52 with size 4294967296B from source datanode a37c7fb9-c250-428d-bbaf-25effbb8edb9 to target datanode 0b017e3b-1d8d-4cc0-87ec-36105ee8c9d5
2023-07-26 19:34:25,264 [main] DEBUG balancer.ContainerBalancerTask (ContainerBalancerTask.java:lambda$moveContainer$3(837)) - Container move completed for container #52 from source a37c7fb9-c250-428d-bbaf-25effbb8edb9 to target 0b017e3b-1d8d-4cc0-87ec-36105ee8c9d5
2023-07-26 19:34:25,267 [main] DEBUG balancer.ContainerBalancerTask (ContainerBalancerTask.java:matchSourceWithTarget(708)) - ContainerBalancer is finding suitable target for source datanode c2e9ace7-d217-4b40-a541-d7ab9b4862fd
2023-07-26 19:34:25,267 [main] INFO  balancer.ContainerBalancerTask (ContainerBalancerTask.java:matchSourceWithTarget(722)) - ContainerBalancer matched source datanode c2e9ace7-d217-4b40-a541-d7ab9b4862fd with target datanode 0b017e3b-1d8d-4cc0-87ec-36105ee8c9d5 for container move.
2023-07-26 19:34:25,267 [main] INFO  balancer.ContainerBalancerTask (ContainerBalancerTask.java:processMoveSelection(569)) - ContainerBalancer is trying to move container #55 with size 2147483648B from source datanode c2e9ace7-d217-4b40-a541-d7ab9b4862fd to target datanode 0b017e3b-1d8d-4cc0-87ec-36105ee8c9d5
2023-07-26 19:34:25,267 [main] DEBUG balancer.ContainerBalancerTask (ContainerBalancerTask.java:lambda$moveContainer$3(837)) - Container move completed for container #55 from source c2e9ace7-d217-4b40-a541-d7ab9b4862fd to target 0b017e3b-1d8d-4cc0-87ec-36105ee8c9d5
2023-07-26 19:34:25,270 [main] DEBUG balancer.ContainerBalancerTask (ContainerBalancerTask.java:matchSourceWithTarget(708)) - ContainerBalancer is finding suitable target for source datanode d7627ed8-bcaa-49c3-bfde-d13ab0078c22
2023-07-26 19:34:25,270 [main] INFO  balancer.ContainerBalancerTask (ContainerBalancerTask.java:matchSourceWithTarget(722)) - ContainerBalancer matched source datanode d7627ed8-bcaa-49c3-bfde-d13ab0078c22 with target datanode 0b017e3b-1d8d-4cc0-87ec-36105ee8c9d5 for container move.
2023-07-26 19:34:25,270 [main] INFO  balancer.ContainerBalancerTask (ContainerBalancerTask.java:processMoveSelection(569)) - ContainerBalancer is trying to move container #71 with size 3221225472B from source datanode d7627ed8-bcaa-49c3-bfde-d13ab0078c22 to target datanode 0b017e3b-1d8d-4cc0-87ec-36105ee8c9d5
2023-07-26 19:34:25,270 [main] DEBUG balancer.ContainerBalancerTask (ContainerBalancerTask.java:lambda$moveContainer$3(837)) - Container move completed for container #71 from source d7627ed8-bcaa-49c3-bfde-d13ab0078c22 to target 0b017e3b-1d8d-4cc0-87ec-36105ee8c9d5
2023-07-26 19:34:25,273 [main] DEBUG balancer.ContainerBalancerTask (ContainerBalancerTask.java:matchSourceWithTarget(708)) - ContainerBalancer is finding suitable target for source datanode c2e9ace7-d217-4b40-a541-d7ab9b4862fd
2023-07-26 19:34:25,274 [main] INFO  balancer.ContainerBalancerTask (ContainerBalancerTask.java:matchSourceWithTarget(722)) - ContainerBalancer matched source datanode c2e9ace7-d217-4b40-a541-d7ab9b4862fd with target datanode 0b017e3b-1d8d-4cc0-87ec-36105ee8c9d5 for container move.
2023-07-26 19:34:25,274 [main] INFO  balancer.ContainerBalancerTask (ContainerBalancerTask.java:processMoveSelection(569)) - ContainerBalancer is trying to move container #17 with size 2147483648B from source datanode c2e9ace7-d217-4b40-a541-d7ab9b4862fd to target datanode 0b017e3b-1d8d-4cc0-87ec-36105ee8c9d5
2023-07-26 19:34:25,274 [main] DEBUG balancer.ContainerBalancerTask (ContainerBalancerTask.java:lambda$moveContainer$3(837)) - Container move completed for container #17 from source c2e9ace7-d217-4b40-a541-d7ab9b4862fd to target 0b017e3b-1d8d-4cc0-87ec-36105ee8c9d5
2023-07-26 19:34:25,278 [main] DEBUG balancer.ContainerBalancerTask (ContainerBalancerTask.java:matchSourceWithTarget(708)) - ContainerBalancer is finding suitable target for source datanode 7b147160-f7e4-4ed5-9f84-7cc53a14b227
2023-07-26 19:34:25,278 [main] INFO  balancer.ContainerBalancerTask (ContainerBalancerTask.java:matchSourceWithTarget(722)) - ContainerBalancer matched source datanode 7b147160-f7e4-4ed5-9f84-7cc53a14b227 with target datanode 0b017e3b-1d8d-4cc0-87ec-36105ee8c9d5 for container move.
2023-07-26 19:34:25,278 [main] INFO  balancer.ContainerBalancerTask (ContainerBalancerTask.java:processMoveSelection(569)) - ContainerBalancer is trying to move container #83 with size 3221225472B from source datanode 7b147160-f7e4-4ed5-9f84-7cc53a14b227 to target datanode 0b017e3b-1d8d-4cc0-87ec-36105ee8c9d5
2023-07-26 19:34:25,278 [main] DEBUG balancer.ContainerBalancerTask (ContainerBalancerTask.java:lambda$moveContainer$3(837)) - Container move completed for container #83 from source 7b147160-f7e4-4ed5-9f84-7cc53a14b227 to target 0b017e3b-1d8d-4cc0-87ec-36105ee8c9d5
2023-07-26 19:34:25,281 [main] DEBUG balancer.ContainerBalancerTask (ContainerBalancerTask.java:matchSourceWithTarget(708)) - ContainerBalancer is finding suitable target for source datanode d7627ed8-bcaa-49c3-bfde-d13ab0078c22
2023-07-26 19:34:25,281 [main] INFO  balancer.ContainerBalancerTask (ContainerBalancerTask.java:matchSourceWithTarget(722)) - ContainerBalancer matched source datanode d7627ed8-bcaa-49c3-bfde-d13ab0078c22 with target datanode 0b017e3b-1d8d-4cc0-87ec-36105ee8c9d5 for container move.
2023-07-26 19:34:25,281 [main] INFO  balancer.ContainerBalancerTask (ContainerBalancerTask.java:processMoveSelection(569)) - ContainerBalancer is trying to move container #82 with size 2147483648B from source datanode d7627ed8-bcaa-49c3-bfde-d13ab0078c22 to target datanode 0b017e3b-1d8d-4cc0-87ec-36105ee8c9d5
2023-07-26 19:34:25,282 [main] DEBUG balancer.ContainerBalancerTask (ContainerBalancerTask.java:lambda$moveContainer$3(837)) - Container move completed for container #82 from source d7627ed8-bcaa-49c3-bfde-d13ab0078c22 to target 0b017e3b-1d8d-4cc0-87ec-36105ee8c9d5
2023-07-26 19:34:25,285 [main] DEBUG balancer.ContainerBalancerTask (ContainerBalancerTask.java:matchSourceWithTarget(708)) - ContainerBalancer is finding suitable target for source datanode c2e9ace7-d217-4b40-a541-d7ab9b4862fd
2023-07-26 19:34:25,286 [main] INFO  balancer.ContainerBalancerTask (ContainerBalancerTask.java:matchSourceWithTarget(722)) - ContainerBalancer matched source datanode c2e9ace7-d217-4b40-a541-d7ab9b4862fd with target datanode 0b017e3b-1d8d-4cc0-87ec-36105ee8c9d5 for container move.
2023-07-26 19:34:25,286 [main] INFO  balancer.ContainerBalancerTask (ContainerBalancerTask.java:processMoveSelection(569)) - ContainerBalancer is trying to move container #10 with size 2147483648B from source datanode c2e9ace7-d217-4b40-a541-d7ab9b4862fd to target datanode 0b017e3b-1d8d-4cc0-87ec-36105ee8c9d5
2023-07-26 19:34:25,286 [main] DEBUG balancer.ContainerBalancerTask (ContainerBalancerTask.java:lambda$moveContainer$3(837)) - Container move completed for container #10 from source c2e9ace7-d217-4b40-a541-d7ab9b4862fd to target 0b017e3b-1d8d-4cc0-87ec-36105ee8c9d5
2023-07-26 19:34:25,290 [main] DEBUG balancer.ContainerBalancerTask (ContainerBalancerTask.java:matchSourceWithTarget(708)) - ContainerBalancer is finding suitable target for source datanode a37c7fb9-c250-428d-bbaf-25effbb8edb9
2023-07-26 19:34:25,290 [main] INFO  balancer.ContainerBalancerTask (ContainerBalancerTask.java:matchSourceWithTarget(722)) - ContainerBalancer matched source datanode a37c7fb9-c250-428d-bbaf-25effbb8edb9 with target datanode 0b017e3b-1d8d-4cc0-87ec-36105ee8c9d5 for container move.
2023-07-26 19:34:25,291 [main] INFO  balancer.ContainerBalancerTask (ContainerBalancerTask.java:processMoveSelection(569)) - ContainerBalancer is trying to move container #28 with size 4294967296B from source datanode a37c7fb9-c250-428d-bbaf-25effbb8edb9 to target datanode 0b017e3b-1d8d-4cc0-87ec-36105ee8c9d5
2023-07-26 19:34:25,291 [main] DEBUG balancer.ContainerBalancerTask (ContainerBalancerTask.java:lambda$moveContainer$3(837)) - Container move completed for container #28 from source a37c7fb9-c250-428d-bbaf-25effbb8edb9 to target 0b017e3b-1d8d-4cc0-87ec-36105ee8c9d5
2023-07-26 19:34:25,291 [main] WARN  balancer.ContainerBalancerTask (ContainerBalancerTask.java:reachedMaxSizeToMovePerIteration(733)) - Reached max size to move limit. 53687091200 bytes have already been scheduled for balancing and the limit is 53687091200 bytes.
2023-07-26 19:34:25,291 [main] INFO  balancer.ContainerBalancerTask (ContainerBalancerTask.java:checkIterationMoveResults(642)) - Iteration Summary. Number of Datanodes involved: 6. Size moved: 50 GB (53687091200 Bytes). Number of Container moves completed: 14.
2023-07-26 19:34:25,291 [main] INFO  balancer.ContainerBalancerTask (ContainerBalancerTask.java:balance(259)) - Result of this iteration of Container Balancer: ITERATION_COMPLETED
2023-07-26 19:34:25,291 [main] INFO  balancer.ContainerBalancerTask (ContainerBalancerTask.java:tryStopWithSaveConfiguration(308)) - Save Configuration for stopping. Reason: Completed all iterations.
2023-07-26 19:34:25,292 [main] DEBUG balancer.ContainerBalancerTask (ContainerBalancerTask.java:initializeIteration(374)) - Average utilization of the cluster is 0.3122536465491133
2023-07-26 19:34:25,292 [main] DEBUG balancer.ContainerBalancerTask (ContainerBalancerTask.java:initializeIteration(386)) - Lower limit for utilization is 0.09111439203746649 and Upper limit for utilization is 0.5333929010607601
2023-07-26 19:34:25,292 [main] DEBUG balancer.ContainerBalancerTask (ContainerBalancerTask.java:initializeIteration(398)) - Utilization for node a37c7fb9-c250-428d-bbaf-25effbb8edb9 with capacity 58459277084B, used 52613349376B, and remaining 5845927708B is 0.9000000000068423
2023-07-26 19:34:25,292 [main] DEBUG balancer.ContainerBalancerTask (ContainerBalancerTask.java:initializeIteration(398)) - Utilization for node d7627ed8-bcaa-49c3-bfde-d13ab0078c22 with capacity 64424509440B, used 51539607552B, and remaining 12884901888B is 0.8
2023-07-26 19:34:25,292 [main] DEBUG balancer.ContainerBalancerTask (ContainerBalancerTask.java:initializeIteration(398)) - Utilization for node c2e9ace7-d217-4b40-a541-d7ab9b4862fd with capacity 65958426331B, used 46170898432B, and remaining 19787527899B is 0.7000000000045483
2023-07-26 19:34:25,293 [main] DEBUG balancer.ContainerBalancerTask (ContainerBalancerTask.java:initializeIteration(398)) - Utilization for node 7b147160-f7e4-4ed5-9f84-7cc53a14b227 with capacity 75161927680B, used 45097156608B, and remaining 30064771072B is 0.6
2023-07-26 19:34:25,293 [main] DEBUG balancer.ContainerBalancerTask (ContainerBalancerTask.java:initializeIteration(398)) - Utilization for node 7b15d5a2-3ae8-45f1-827d-dd401d344ef1 with capacity 55834574848B, used 27917287424B, and remaining 27917287424B is 0.5
2023-07-26 19:34:25,293 [main] DEBUG balancer.ContainerBalancerTask (ContainerBalancerTask.java:initializeIteration(398)) - Utilization for node 1958fd06-49b2-457f-a49a-87b7d3719053 with capacity 120795955200B, used 48318382080B, and remaining 72477573120B is 0.4
2023-07-26 19:34:25,293 [main] DEBUG balancer.ContainerBalancerTask (ContainerBalancerTask.java:initializeIteration(398)) - Utilization for node be05a542-2d6b-4cd9-9aa2-f5ccab50f441 with capacity 110953321813B, used 33285996544B, and remaining 77667325269B is 0.30000000000090127
2023-07-26 19:34:25,293 [main] DEBUG balancer.ContainerBalancerTask (ContainerBalancerTask.java:initializeIteration(398)) - Utilization for node 076794ef-350c-4ec9-878a-5e5e24d8889f with capacity 150323855360B, used 30064771072B, and remaining 120259084288B is 0.2
2023-07-26 19:34:25,293 [main] DEBUG balancer.ContainerBalancerTask (ContainerBalancerTask.java:initializeIteration(398)) - Utilization for node 0b017e3b-1d8d-4cc0-87ec-36105ee8c9d5 with capacity 504658657280B, used 50465865728B, and remaining 454192791552B is 0.1
2023-07-26 19:34:25,293 [main] DEBUG balancer.ContainerBalancerTask (ContainerBalancerTask.java:initializeIteration(398)) - Utilization for node bdd2467a-0919-47ab-a2c7-d439310d8903 with capacity 27917287424B, used 0B, and remaining 27917287424B is 0.0
2023-07-26 19:34:25,293 [main] INFO  balancer.ContainerBalancerTask (ContainerBalancerTask.java:initializeIteration(447)) - Container Balancer has identified 4 Over-Utilized and 1 Under-Utilized Datanodes that need to be balanced.
2023-07-26 19:34:25,293 [main] DEBUG balancer.ContainerBalancerTask (ContainerBalancerTask.java:lambda$initializeIteration$1(453)) - Datanode localhost-251.127.170.125 a37c7fb9-c250-428d-bbaf-25effbb8edb9 is Over-Utilized.
2023-07-26 19:34:25,293 [main] DEBUG balancer.ContainerBalancerTask (ContainerBalancerTask.java:lambda$initializeIteration$1(453)) - Datanode localhost-190.189.13.220 d7627ed8-bcaa-49c3-bfde-d13ab0078c22 is Over-Utilized.
2023-07-26 19:34:25,293 [main] DEBUG balancer.ContainerBalancerTask (ContainerBalancerTask.java:lambda$initializeIteration$1(453)) - Datanode localhost-97.48.255.145 c2e9ace7-d217-4b40-a541-d7ab9b4862fd is Over-Utilized.
2023-07-26 19:34:25,294 [main] DEBUG balancer.ContainerBalancerTask (ContainerBalancerTask.java:lambda$initializeIteration$1(453)) - Datanode localhost-150.83.213.203 7b147160-f7e4-4ed5-9f84-7cc53a14b227 is Over-Utilized.
2023-07-26 19:34:25,294 [main] DEBUG balancer.ContainerBalancerTask (ContainerBalancerTask.java:lambda$initializeIteration$2(459)) - Datanode localhost-94.255.21.4 bdd2467a-0919-47ab-a2c7-d439310d8903 is Under-Utilized.
2023-07-26 19:34:25,296 [main] DEBUG balancer.ContainerBalancerTask (ContainerBalancerTask.java:matchSourceWithTarget(708)) - ContainerBalancer is finding suitable target for source datanode a37c7fb9-c250-428d-bbaf-25effbb8edb9
2023-07-26 19:34:25,296 [main] INFO  balancer.ContainerBalancerTask (ContainerBalancerTask.java:matchSourceWithTarget(722)) - ContainerBalancer matched source datanode a37c7fb9-c250-428d-bbaf-25effbb8edb9 with target datanode bdd2467a-0919-47ab-a2c7-d439310d8903 for container move.
2023-07-26 19:34:25,296 [main] INFO  balancer.ContainerBalancerTask (ContainerBalancerTask.java:processMoveSelection(569)) - ContainerBalancer is trying to move container #85 with size 5368709120B from source datanode a37c7fb9-c250-428d-bbaf-25effbb8edb9 to target datanode bdd2467a-0919-47ab-a2c7-d439310d8903
2023-07-26 19:34:25,296 [main] DEBUG balancer.ContainerBalancerTask (ContainerBalancerTask.java:lambda$moveContainer$3(837)) - Container move completed for container #85 from source a37c7fb9-c250-428d-bbaf-25effbb8edb9 to target bdd2467a-0919-47ab-a2c7-d439310d8903
2023-07-26 19:34:25,299 [main] DEBUG balancer.ContainerBalancerTask (ContainerBalancerTask.java:matchSourceWithTarget(708)) - ContainerBalancer is finding suitable target for source datanode a37c7fb9-c250-428d-bbaf-25effbb8edb9
2023-07-26 19:34:25,299 [main] INFO  balancer.ContainerBalancerTask (ContainerBalancerTask.java:matchSourceWithTarget(722)) - ContainerBalancer matched source datanode a37c7fb9-c250-428d-bbaf-25effbb8edb9 with target datanode bdd2467a-0919-47ab-a2c7-d439310d8903 for container move.
2023-07-26 19:34:25,299 [main] INFO  balancer.ContainerBalancerTask (ContainerBalancerTask.java:processMoveSelection(569)) - ContainerBalancer is trying to move container #40 with size 5368709120B from source datanode a37c7fb9-c250-428d-bbaf-25effbb8edb9 to target datanode bdd2467a-0919-47ab-a2c7-d439310d8903
2023-07-26 19:34:25,299 [main] DEBUG balancer.ContainerBalancerTask (ContainerBalancerTask.java:lambda$moveContainer$3(837)) - Container move completed for container #40 from source a37c7fb9-c250-428d-bbaf-25effbb8edb9 to target bdd2467a-0919-47ab-a2c7-d439310d8903
2023-07-26 19:34:25,302 [main] DEBUG balancer.ContainerBalancerTask (ContainerBalancerTask.java:matchSourceWithTarget(708)) - ContainerBalancer is finding suitable target for source datanode d7627ed8-bcaa-49c3-bfde-d13ab0078c22
2023-07-26 19:34:25,302 [main] INFO  balancer.ContainerBalancerTask (ContainerBalancerTask.java:matchSourceWithTarget(722)) - ContainerBalancer matched source datanode d7627ed8-bcaa-49c3-bfde-d13ab0078c22 with target datanode bdd2467a-0919-47ab-a2c7-d439310d8903 for container move.
2023-07-26 19:34:25,302 [main] INFO  balancer.ContainerBalancerTask (ContainerBalancerTask.java:processMoveSelection(569)) - ContainerBalancer is trying to move container #71 with size 3221225472B from source datanode d7627ed8-bcaa-49c3-bfde-d13ab0078c22 to target datanode bdd2467a-0919-47ab-a2c7-d439310d8903
2023-07-26 19:34:25,302 [main] DEBUG balancer.ContainerBalancerTask (ContainerBalancerTask.java:lambda$moveContainer$3(837)) - Container move completed for container #71 from source d7627ed8-bcaa-49c3-bfde-d13ab0078c22 to target bdd2467a-0919-47ab-a2c7-d439310d8903
2023-07-26 19:34:25,305 [main] DEBUG balancer.ContainerBalancerTask (ContainerBalancerTask.java:matchSourceWithTarget(708)) - ContainerBalancer is finding suitable target for source datanode d7627ed8-bcaa-49c3-bfde-d13ab0078c22
2023-07-26 19:34:25,306 [main] INFO  balancer.FindTargetGreedyByUsageInfo (AbstractFindTargetGreedy.java:findTargetForContainerMove(133)) - Container Balancer could not find a target for source datanode d7627ed8-bcaa-49c3-bfde-d13ab0078c22
2023-07-26 19:34:25,306 [main] DEBUG balancer.ContainerBalancerTask (ContainerBalancerTask.java:matchSourceWithTarget(717)) - ContainerBalancer could not find a suitable target for source node d7627ed8-bcaa-49c3-bfde-d13ab0078c22.
2023-07-26 19:34:25,308 [main] DEBUG balancer.ContainerBalancerTask (ContainerBalancerTask.java:matchSourceWithTarget(708)) - ContainerBalancer is finding suitable target for source datanode a37c7fb9-c250-428d-bbaf-25effbb8edb9
2023-07-26 19:34:25,309 [main] INFO  balancer.FindTargetGreedyByUsageInfo (AbstractFindTargetGreedy.java:findTargetForContainerMove(133)) - Container Balancer could not find a target for source datanode a37c7fb9-c250-428d-bbaf-25effbb8edb9
2023-07-26 19:34:25,309 [main] DEBUG balancer.ContainerBalancerTask (ContainerBalancerTask.java:matchSourceWithTarget(717)) - ContainerBalancer could not find a suitable target for source node a37c7fb9-c250-428d-bbaf-25effbb8edb9.
2023-07-26 19:34:25,312 [main] DEBUG balancer.ContainerBalancerTask (ContainerBalancerTask.java:matchSourceWithTarget(708)) - ContainerBalancer is finding suitable target for source datanode c2e9ace7-d217-4b40-a541-d7ab9b4862fd
2023-07-26 19:34:25,312 [main] INFO  balancer.FindTargetGreedyByUsageInfo (AbstractFindTargetGreedy.java:findTargetForContainerMove(133)) - Container Balancer could not find a target for source datanode c2e9ace7-d217-4b40-a541-d7ab9b4862fd
2023-07-26 19:34:25,312 [main] DEBUG balancer.ContainerBalancerTask (ContainerBalancerTask.java:matchSourceWithTarget(717)) - ContainerBalancer could not find a suitable target for source node c2e9ace7-d217-4b40-a541-d7ab9b4862fd.
2023-07-26 19:34:25,315 [main] DEBUG balancer.ContainerBalancerTask (ContainerBalancerTask.java:matchSourceWithTarget(708)) - ContainerBalancer is finding suitable target for source datanode 7b147160-f7e4-4ed5-9f84-7cc53a14b227
2023-07-26 19:34:25,315 [main] INFO  balancer.FindTargetGreedyByUsageInfo (AbstractFindTargetGreedy.java:findTargetForContainerMove(133)) - Container Balancer could not find a target for source datanode 7b147160-f7e4-4ed5-9f84-7cc53a14b227
2023-07-26 19:34:25,316 [main] DEBUG balancer.ContainerBalancerTask (ContainerBalancerTask.java:matchSourceWithTarget(717)) - ContainerBalancer could not find a suitable target for source node 7b147160-f7e4-4ed5-9f84-7cc53a14b227.
2023-07-26 19:34:25,316 [main] INFO  balancer.FindSourceGreedy (FindSourceGreedy.java:getNextCandidateSourceDataNode(126)) - no more candidate source data node
2023-07-26 19:34:25,316 [main] INFO  balancer.ContainerBalancerTask (ContainerBalancerTask.java:checkIterationMoveResults(642)) - Iteration Summary. Number of Datanodes involved: 3. Size moved: 13 GB (13958643712 Bytes). Number of Container moves completed: 3.
2023-07-26 19:34:25,316 [main] INFO  balancer.ContainerBalancerTask (ContainerBalancerTask.java:balance(259)) - Result of this iteration of Container Balancer: ITERATION_COMPLETED
2023-07-26 19:34:25,316 [main] INFO  balancer.ContainerBalancerTask (ContainerBalancerTask.java:tryStopWithSaveConfiguration(308)) - Save Configuration for stopping. Reason: Completed all iterations.
2023-07-26 19:34:25,317 [main] DEBUG balancer.ContainerBalancerTask (ContainerBalancerTask.java:initializeIteration(374)) - Average utilization of the cluster is 0.3122536465491133
2023-07-26 19:34:25,317 [main] DEBUG balancer.ContainerBalancerTask (ContainerBalancerTask.java:initializeIteration(386)) - Lower limit for utilization is -0.33212282945857236 and Upper limit for utilization is 0.956630122556799
2023-07-26 19:34:25,317 [main] DEBUG balancer.ContainerBalancerTask (ContainerBalancerTask.java:initializeIteration(398)) - Utilization for node a37c7fb9-c250-428d-bbaf-25effbb8edb9 with capacity 58459277084B, used 52613349376B, and remaining 5845927708B is 0.9000000000068423
2023-07-26 19:34:25,317 [main] DEBUG balancer.ContainerBalancerTask (ContainerBalancerTask.java:initializeIteration(398)) - Utilization for node d7627ed8-bcaa-49c3-bfde-d13ab0078c22 with capacity 64424509440B, used 51539607552B, and remaining 12884901888B is 0.8
2023-07-26 19:34:25,317 [main] DEBUG balancer.ContainerBalancerTask (ContainerBalancerTask.java:initializeIteration(398)) - Utilization for node c2e9ace7-d217-4b40-a541-d7ab9b4862fd with capacity 65958426331B, used 46170898432B, and remaining 19787527899B is 0.7000000000045483
2023-07-26 19:34:25,317 [main] DEBUG balancer.ContainerBalancerTask (ContainerBalancerTask.java:initializeIteration(398)) - Utilization for node 7b147160-f7e4-4ed5-9f84-7cc53a14b227 with capacity 75161927680B, used 45097156608B, and remaining 30064771072B is 0.6
2023-07-26 19:34:25,317 [main] DEBUG balancer.ContainerBalancerTask (ContainerBalancerTask.java:initializeIteration(398)) - Utilization for node 7b15d5a2-3ae8-45f1-827d-dd401d344ef1 with capacity 55834574848B, used 27917287424B, and remaining 27917287424B is 0.5
2023-07-26 19:34:25,318 [main] DEBUG balancer.ContainerBalancerTask (ContainerBalancerTask.java:initializeIteration(398)) - Utilization for node 1958fd06-49b2-457f-a49a-87b7d3719053 with capacity 120795955200B, used 48318382080B, and remaining 72477573120B is 0.4
2023-07-26 19:34:25,318 [main] DEBUG balancer.ContainerBalancerTask (ContainerBalancerTask.java:initializeIteration(398)) - Utilization for node be05a542-2d6b-4cd9-9aa2-f5ccab50f441 with capacity 110953321813B, used 33285996544B, and remaining 77667325269B is 0.30000000000090127
2023-07-26 19:34:25,318 [main] DEBUG balancer.ContainerBalancerTask (ContainerBalancerTask.java:initializeIteration(398)) - Utilization for node 076794ef-350c-4ec9-878a-5e5e24d8889f with capacity 150323855360B, used 30064771072B, and remaining 120259084288B is 0.2
2023-07-26 19:34:25,318 [main] DEBUG balancer.ContainerBalancerTask (ContainerBalancerTask.java:initializeIteration(398)) - Utilization for node 0b017e3b-1d8d-4cc0-87ec-36105ee8c9d5 with capacity 504658657280B, used 50465865728B, and remaining 454192791552B is 0.1
2023-07-26 19:34:25,318 [main] DEBUG balancer.ContainerBalancerTask (ContainerBalancerTask.java:initializeIteration(398)) - Utilization for node bdd2467a-0919-47ab-a2c7-d439310d8903 with capacity 27917287424B, used 0B, and remaining 27917287424B is 0.0
2023-07-26 19:34:25,318 [main] INFO  balancer.ContainerBalancerTask (ContainerBalancerTask.java:initializeIteration(443)) - Did not find any unbalanced Datanodes.
2023-07-26 19:34:25,318 [main] INFO  balancer.ContainerBalancerTask (ContainerBalancerTask.java:tryStopWithSaveConfiguration(308)) - Save Configuration for stopping. Reason: Could not initialize ContainerBalancer's iteration number 0
2023-07-26 19:34:25,319 [main] DEBUG balancer.ContainerBalancerTask (ContainerBalancerTask.java:initializeIteration(374)) - Average utilization of the cluster is 0.3122536465491133
2023-07-26 19:34:25,319 [main] DEBUG balancer.ContainerBalancerTask (ContainerBalancerTask.java:initializeIteration(386)) - Lower limit for utilization is -0.18438616732724739 and Upper limit for utilization is 0.808893460425474
2023-07-26 19:34:25,319 [main] DEBUG balancer.ContainerBalancerTask (ContainerBalancerTask.java:initializeIteration(398)) - Utilization for node a37c7fb9-c250-428d-bbaf-25effbb8edb9 with capacity 58459277084B, used 52613349376B, and remaining 5845927708B is 0.9000000000068423
2023-07-26 19:34:25,319 [main] DEBUG balancer.ContainerBalancerTask (ContainerBalancerTask.java:initializeIteration(398)) - Utilization for node d7627ed8-bcaa-49c3-bfde-d13ab0078c22 with capacity 64424509440B, used 51539607552B, and remaining 12884901888B is 0.8
2023-07-26 19:34:25,319 [main] DEBUG balancer.ContainerBalancerTask (ContainerBalancerTask.java:initializeIteration(398)) - Utilization for node c2e9ace7-d217-4b40-a541-d7ab9b4862fd with capacity 65958426331B, used 46170898432B, and remaining 19787527899B is 0.7000000000045483
2023-07-26 19:34:25,319 [main] DEBUG balancer.ContainerBalancerTask (ContainerBalancerTask.java:initializeIteration(398)) - Utilization for node 7b147160-f7e4-4ed5-9f84-7cc53a14b227 with capacity 75161927680B, used 45097156608B, and remaining 30064771072B is 0.6
2023-07-26 19:34:25,319 [main] DEBUG balancer.ContainerBalancerTask (ContainerBalancerTask.java:initializeIteration(398)) - Utilization for node 7b15d5a2-3ae8-45f1-827d-dd401d344ef1 with capacity 55834574848B, used 27917287424B, and remaining 27917287424B is 0.5
2023-07-26 19:34:25,319 [main] DEBUG balancer.ContainerBalancerTask (ContainerBalancerTask.java:initializeIteration(398)) - Utilization for node 1958fd06-49b2-457f-a49a-87b7d3719053 with capacity 120795955200B, used 48318382080B, and remaining 72477573120B is 0.4
2023-07-26 19:34:25,319 [main] DEBUG balancer.ContainerBalancerTask (ContainerBalancerTask.java:initializeIteration(398)) - Utilization for node be05a542-2d6b-4cd9-9aa2-f5ccab50f441 with capacity 110953321813B, used 33285996544B, and remaining 77667325269B is 0.30000000000090127
2023-07-26 19:34:25,320 [main] DEBUG balancer.ContainerBalancerTask (ContainerBalancerTask.java:initializeIteration(398)) - Utilization for node 076794ef-350c-4ec9-878a-5e5e24d8889f with capacity 150323855360B, used 30064771072B, and remaining 120259084288B is 0.2
2023-07-26 19:34:25,320 [main] DEBUG balancer.ContainerBalancerTask (ContainerBalancerTask.java:initializeIteration(398)) - Utilization for node 0b017e3b-1d8d-4cc0-87ec-36105ee8c9d5 with capacity 504658657280B, used 50465865728B, and remaining 454192791552B is 0.1
2023-07-26 19:34:25,320 [main] DEBUG balancer.ContainerBalancerTask (ContainerBalancerTask.java:initializeIteration(398)) - Utilization for node bdd2467a-0919-47ab-a2c7-d439310d8903 with capacity 27917287424B, used 0B, and remaining 27917287424B is 0.0
2023-07-26 19:34:25,320 [main] INFO  balancer.ContainerBalancerTask (ContainerBalancerTask.java:initializeIteration(447)) - Container Balancer has identified 1 Over-Utilized and 0 Under-Utilized Datanodes that need to be balanced.
2023-07-26 19:34:25,320 [main] DEBUG balancer.ContainerBalancerTask (ContainerBalancerTask.java:lambda$initializeIteration$1(453)) - Datanode localhost-251.127.170.125 a37c7fb9-c250-428d-bbaf-25effbb8edb9 is Over-Utilized.
2023-07-26 19:34:25,322 [main] DEBUG balancer.ContainerBalancerTask (ContainerBalancerTask.java:matchSourceWithTarget(708)) - ContainerBalancer is finding suitable target for source datanode a37c7fb9-c250-428d-bbaf-25effbb8edb9
2023-07-26 19:34:25,322 [main] INFO  balancer.FindTargetGreedyByUsageInfo (AbstractFindTargetGreedy.java:findTargetForContainerMove(133)) - Container Balancer could not find a target for source datanode a37c7fb9-c250-428d-bbaf-25effbb8edb9
2023-07-26 19:34:25,322 [main] DEBUG balancer.ContainerBalancerTask (ContainerBalancerTask.java:matchSourceWithTarget(717)) - ContainerBalancer could not find a suitable target for source node a37c7fb9-c250-428d-bbaf-25effbb8edb9.
2023-07-26 19:34:25,323 [main] INFO  balancer.FindSourceGreedy (FindSourceGreedy.java:getNextCandidateSourceDataNode(126)) - no more candidate source data node
2023-07-26 19:34:25,323 [main] INFO  balancer.ContainerBalancerTask (ContainerBalancerTask.java:balance(259)) - Result of this iteration of Container Balancer: CAN_NOT_BALANCE_ANY_MORE
2023-07-26 19:34:25,323 [main] INFO  balancer.ContainerBalancerTask (ContainerBalancerTask.java:tryStopWithSaveConfiguration(308)) - Save Configuration for stopping. Reason: CAN_NOT_BALANCE_ANY_MORE
2023-07-26 19:34:25,324 [main] DEBUG balancer.ContainerBalancerTask (ContainerBalancerTask.java:initializeIteration(374)) - Average utilization of the cluster is 0.3122536465491133
2023-07-26 19:34:25,324 [main] DEBUG balancer.ContainerBalancerTask (ContainerBalancerTask.java:initializeIteration(386)) - Lower limit for utilization is 0.061416294921089964 and Upper limit for utilization is 0.5630909981771366
2023-07-26 19:34:25,324 [main] DEBUG balancer.ContainerBalancerTask (ContainerBalancerTask.java:initializeIteration(398)) - Utilization for node a37c7fb9-c250-428d-bbaf-25effbb8edb9 with capacity 58459277084B, used 52613349376B, and remaining 5845927708B is 0.9000000000068423
2023-07-26 19:34:25,324 [main] DEBUG balancer.ContainerBalancerTask (ContainerBalancerTask.java:initializeIteration(398)) - Utilization for node d7627ed8-bcaa-49c3-bfde-d13ab0078c22 with capacity 64424509440B, used 51539607552B, and remaining 12884901888B is 0.8
2023-07-26 19:34:25,324 [main] DEBUG balancer.ContainerBalancerTask (ContainerBalancerTask.java:initializeIteration(398)) - Utilization for node c2e9ace7-d217-4b40-a541-d7ab9b4862fd with capacity 65958426331B, used 46170898432B, and remaining 19787527899B is 0.7000000000045483
2023-07-26 19:34:25,324 [main] DEBUG balancer.ContainerBalancerTask (ContainerBalancerTask.java:initializeIteration(398)) - Utilization for node 7b147160-f7e4-4ed5-9f84-7cc53a14b227 with capacity 75161927680B, used 45097156608B, and remaining 30064771072B is 0.6
2023-07-26 19:34:25,324 [main] DEBUG balancer.ContainerBalancerTask (ContainerBalancerTask.java:initializeIteration(398)) - Utilization for node 7b15d5a2-3ae8-45f1-827d-dd401d344ef1 with capacity 55834574848B, used 27917287424B, and remaining 27917287424B is 0.5
2023-07-26 19:34:25,324 [main] DEBUG balancer.ContainerBalancerTask (ContainerBalancerTask.java:initializeIteration(398)) - Utilization for node 1958fd06-49b2-457f-a49a-87b7d3719053 with capacity 120795955200B, used 48318382080B, and remaining 72477573120B is 0.4
2023-07-26 19:34:25,324 [main] DEBUG balancer.ContainerBalancerTask (ContainerBalancerTask.java:initializeIteration(398)) - Utilization for node be05a542-2d6b-4cd9-9aa2-f5ccab50f441 with capacity 110953321813B, used 33285996544B, and remaining 77667325269B is 0.30000000000090127
2023-07-26 19:34:25,325 [main] DEBUG balancer.ContainerBalancerTask (ContainerBalancerTask.java:initializeIteration(398)) - Utilization for node 076794ef-350c-4ec9-878a-5e5e24d8889f with capacity 150323855360B, used 30064771072B, and remaining 120259084288B is 0.2
2023-07-26 19:34:25,325 [main] DEBUG balancer.ContainerBalancerTask (ContainerBalancerTask.java:initializeIteration(398)) - Utilization for node 0b017e3b-1d8d-4cc0-87ec-36105ee8c9d5 with capacity 504658657280B, used 50465865728B, and remaining 454192791552B is 0.1
2023-07-26 19:34:25,325 [main] DEBUG balancer.ContainerBalancerTask (ContainerBalancerTask.java:initializeIteration(398)) - Utilization for node bdd2467a-0919-47ab-a2c7-d439310d8903 with capacity 27917287424B, used 0B, and remaining 27917287424B is 0.0
2023-07-26 19:34:25,325 [main] INFO  balancer.ContainerBalancerTask (ContainerBalancerTask.java:initializeIteration(447)) - Container Balancer has identified 4 Over-Utilized and 1 Under-Utilized Datanodes that need to be balanced.
2023-07-26 19:34:25,325 [main] DEBUG balancer.ContainerBalancerTask (ContainerBalancerTask.java:lambda$initializeIteration$1(453)) - Datanode localhost-251.127.170.125 a37c7fb9-c250-428d-bbaf-25effbb8edb9 is Over-Utilized.
2023-07-26 19:34:25,325 [main] DEBUG balancer.ContainerBalancerTask (ContainerBalancerTask.java:lambda$initializeIteration$1(453)) - Datanode localhost-190.189.13.220 d7627ed8-bcaa-49c3-bfde-d13ab0078c22 is Over-Utilized.
2023-07-26 19:34:25,325 [main] DEBUG balancer.ContainerBalancerTask (ContainerBalancerTask.java:lambda$initializeIteration$1(453)) - Datanode localhost-97.48.255.145 c2e9ace7-d217-4b40-a541-d7ab9b4862fd is Over-Utilized.
2023-07-26 19:34:25,325 [main] DEBUG balancer.ContainerBalancerTask (ContainerBalancerTask.java:lambda$initializeIteration$1(453)) - Datanode localhost-150.83.213.203 7b147160-f7e4-4ed5-9f84-7cc53a14b227 is Over-Utilized.
2023-07-26 19:34:25,325 [main] DEBUG balancer.ContainerBalancerTask (ContainerBalancerTask.java:lambda$initializeIteration$2(459)) - Datanode localhost-94.255.21.4 bdd2467a-0919-47ab-a2c7-d439310d8903 is Under-Utilized.
2023-07-26 19:34:25,328 [main] DEBUG balancer.ContainerBalancerTask (ContainerBalancerTask.java:matchSourceWithTarget(708)) - ContainerBalancer is finding suitable target for source datanode a37c7fb9-c250-428d-bbaf-25effbb8edb9
2023-07-26 19:34:25,328 [main] INFO  balancer.ContainerBalancerTask (ContainerBalancerTask.java:matchSourceWithTarget(722)) - ContainerBalancer matched source datanode a37c7fb9-c250-428d-bbaf-25effbb8edb9 with target datanode bdd2467a-0919-47ab-a2c7-d439310d8903 for container move.
2023-07-26 19:34:25,328 [main] INFO  balancer.ContainerBalancerTask (ContainerBalancerTask.java:processMoveSelection(569)) - ContainerBalancer is trying to move container #85 with size 5368709120B from source datanode a37c7fb9-c250-428d-bbaf-25effbb8edb9 to target datanode bdd2467a-0919-47ab-a2c7-d439310d8903
2023-07-26 19:34:25,328 [main] DEBUG balancer.ContainerBalancerTask (ContainerBalancerTask.java:lambda$moveContainer$3(837)) - Container move completed for container #85 from source a37c7fb9-c250-428d-bbaf-25effbb8edb9 to target bdd2467a-0919-47ab-a2c7-d439310d8903
2023-07-26 19:34:25,330 [main] DEBUG balancer.ContainerBalancerTask (ContainerBalancerTask.java:matchSourceWithTarget(708)) - ContainerBalancer is finding suitable target for source datanode a37c7fb9-c250-428d-bbaf-25effbb8edb9
2023-07-26 19:34:25,331 [main] INFO  balancer.ContainerBalancerTask (ContainerBalancerTask.java:matchSourceWithTarget(722)) - ContainerBalancer matched source datanode a37c7fb9-c250-428d-bbaf-25effbb8edb9 with target datanode bdd2467a-0919-47ab-a2c7-d439310d8903 for container move.
2023-07-26 19:34:25,331 [main] INFO  balancer.ContainerBalancerTask (ContainerBalancerTask.java:processMoveSelection(569)) - ContainerBalancer is trying to move container #40 with size 5368709120B from source datanode a37c7fb9-c250-428d-bbaf-25effbb8edb9 to target datanode bdd2467a-0919-47ab-a2c7-d439310d8903
2023-07-26 19:34:25,331 [main] DEBUG balancer.ContainerBalancerTask (ContainerBalancerTask.java:lambda$moveContainer$3(837)) - Container move completed for container #40 from source a37c7fb9-c250-428d-bbaf-25effbb8edb9 to target bdd2467a-0919-47ab-a2c7-d439310d8903
2023-07-26 19:34:25,333 [main] DEBUG balancer.ContainerBalancerTask (ContainerBalancerTask.java:matchSourceWithTarget(708)) - ContainerBalancer is finding suitable target for source datanode d7627ed8-bcaa-49c3-bfde-d13ab0078c22
2023-07-26 19:34:25,334 [main] INFO  balancer.ContainerBalancerTask (ContainerBalancerTask.java:matchSourceWithTarget(722)) - ContainerBalancer matched source datanode d7627ed8-bcaa-49c3-bfde-d13ab0078c22 with target datanode bdd2467a-0919-47ab-a2c7-d439310d8903 for container move.
2023-07-26 19:34:25,334 [main] INFO  balancer.ContainerBalancerTask (ContainerBalancerTask.java:processMoveSelection(569)) - ContainerBalancer is trying to move container #84 with size 4294967296B from source datanode d7627ed8-bcaa-49c3-bfde-d13ab0078c22 to target datanode bdd2467a-0919-47ab-a2c7-d439310d8903
2023-07-26 19:34:25,334 [main] DEBUG balancer.ContainerBalancerTask (ContainerBalancerTask.java:lambda$moveContainer$3(837)) - Container move completed for container #84 from source d7627ed8-bcaa-49c3-bfde-d13ab0078c22 to target bdd2467a-0919-47ab-a2c7-d439310d8903
2023-07-26 19:34:25,336 [main] DEBUG balancer.ContainerBalancerTask (ContainerBalancerTask.java:matchSourceWithTarget(708)) - ContainerBalancer is finding suitable target for source datanode d7627ed8-bcaa-49c3-bfde-d13ab0078c22
2023-07-26 19:34:25,337 [main] INFO  balancer.FindTargetGreedyByUsageInfo (AbstractFindTargetGreedy.java:findTargetForContainerMove(133)) - Container Balancer could not find a target for source datanode d7627ed8-bcaa-49c3-bfde-d13ab0078c22
2023-07-26 19:34:25,337 [main] DEBUG balancer.ContainerBalancerTask (ContainerBalancerTask.java:matchSourceWithTarget(717)) - ContainerBalancer could not find a suitable target for source node d7627ed8-bcaa-49c3-bfde-d13ab0078c22.
2023-07-26 19:34:25,340 [main] DEBUG balancer.ContainerBalancerTask (ContainerBalancerTask.java:matchSourceWithTarget(708)) - ContainerBalancer is finding suitable target for source datanode a37c7fb9-c250-428d-bbaf-25effbb8edb9
2023-07-26 19:34:25,341 [main] INFO  balancer.FindTargetGreedyByUsageInfo (AbstractFindTargetGreedy.java:findTargetForContainerMove(133)) - Container Balancer could not find a target for source datanode a37c7fb9-c250-428d-bbaf-25effbb8edb9
2023-07-26 19:34:25,341 [main] DEBUG balancer.ContainerBalancerTask (ContainerBalancerTask.java:matchSourceWithTarget(717)) - ContainerBalancer could not find a suitable target for source node a37c7fb9-c250-428d-bbaf-25effbb8edb9.
2023-07-26 19:34:25,343 [main] DEBUG balancer.ContainerBalancerTask (ContainerBalancerTask.java:matchSourceWithTarget(708)) - ContainerBalancer is finding suitable target for source datanode c2e9ace7-d217-4b40-a541-d7ab9b4862fd
2023-07-26 19:34:25,344 [main] INFO  balancer.FindTargetGreedyByUsageInfo (AbstractFindTargetGreedy.java:findTargetForContainerMove(133)) - Container Balancer could not find a target for source datanode c2e9ace7-d217-4b40-a541-d7ab9b4862fd
2023-07-26 19:34:25,344 [main] DEBUG balancer.ContainerBalancerTask (ContainerBalancerTask.java:matchSourceWithTarget(717)) - ContainerBalancer could not find a suitable target for source node c2e9ace7-d217-4b40-a541-d7ab9b4862fd.
2023-07-26 19:34:25,347 [main] DEBUG balancer.ContainerBalancerTask (ContainerBalancerTask.java:matchSourceWithTarget(708)) - ContainerBalancer is finding suitable target for source datanode 7b147160-f7e4-4ed5-9f84-7cc53a14b227
2023-07-26 19:34:25,348 [main] INFO  balancer.FindTargetGreedyByUsageInfo (AbstractFindTargetGreedy.java:findTargetForContainerMove(133)) - Container Balancer could not find a target for source datanode 7b147160-f7e4-4ed5-9f84-7cc53a14b227
2023-07-26 19:34:25,348 [main] DEBUG balancer.ContainerBalancerTask (ContainerBalancerTask.java:matchSourceWithTarget(717)) - ContainerBalancer could not find a suitable target for source node 7b147160-f7e4-4ed5-9f84-7cc53a14b227.
2023-07-26 19:34:25,349 [main] INFO  balancer.FindSourceGreedy (FindSourceGreedy.java:getNextCandidateSourceDataNode(126)) - no more candidate source data node
2023-07-26 19:34:25,349 [main] INFO  balancer.ContainerBalancerTask (ContainerBalancerTask.java:checkIterationMoveResults(642)) - Iteration Summary. Number of Datanodes involved: 3. Size moved: 14 GB (15032385536 Bytes). Number of Container moves completed: 3.
2023-07-26 19:34:25,349 [main] INFO  balancer.ContainerBalancerTask (ContainerBalancerTask.java:balance(259)) - Result of this iteration of Container Balancer: ITERATION_COMPLETED
2023-07-26 19:34:25,349 [main] INFO  balancer.ContainerBalancerTask (ContainerBalancerTask.java:tryStopWithSaveConfiguration(308)) - Save Configuration for stopping. Reason: Completed all iterations.
2023-07-26 19:34:25,350 [main] DEBUG balancer.ContainerBalancerTask (ContainerBalancerTask.java:initializeIteration(374)) - Average utilization of the cluster is 0.3122536465491133
2023-07-26 19:34:25,350 [main] DEBUG balancer.ContainerBalancerTask (ContainerBalancerTask.java:initializeIteration(386)) - Lower limit for utilization is 0.26967737674863396 and Upper limit for utilization is 0.35482991634959266
2023-07-26 19:34:25,350 [main] DEBUG balancer.ContainerBalancerTask (ContainerBalancerTask.java:initializeIteration(398)) - Utilization for node a37c7fb9-c250-428d-bbaf-25effbb8edb9 with capacity 58459277084B, used 52613349376B, and remaining 5845927708B is 0.9000000000068423
2023-07-26 19:34:25,350 [main] DEBUG balancer.ContainerBalancerTask (ContainerBalancerTask.java:initializeIteration(398)) - Utilization for node d7627ed8-bcaa-49c3-bfde-d13ab0078c22 with capacity 64424509440B, used 51539607552B, and remaining 12884901888B is 0.8
2023-07-26 19:34:25,350 [main] DEBUG balancer.ContainerBalancerTask (ContainerBalancerTask.java:initializeIteration(398)) - Utilization for node c2e9ace7-d217-4b40-a541-d7ab9b4862fd with capacity 65958426331B, used 46170898432B, and remaining 19787527899B is 0.7000000000045483
2023-07-26 19:34:25,352 [main] DEBUG balancer.ContainerBalancerTask (ContainerBalancerTask.java:initializeIteration(398)) - Utilization for node 7b147160-f7e4-4ed5-9f84-7cc53a14b227 with capacity 75161927680B, used 45097156608B, and remaining 30064771072B is 0.6
2023-07-26 19:34:25,352 [main] DEBUG balancer.ContainerBalancerTask (ContainerBalancerTask.java:initializeIteration(398)) - Utilization for node 7b15d5a2-3ae8-45f1-827d-dd401d344ef1 with capacity 55834574848B, used 27917287424B, and remaining 27917287424B is 0.5
2023-07-26 19:34:25,352 [main] DEBUG balancer.ContainerBalancerTask (ContainerBalancerTask.java:initializeIteration(398)) - Utilization for node 1958fd06-49b2-457f-a49a-87b7d3719053 with capacity 120795955200B, used 48318382080B, and remaining 72477573120B is 0.4
2023-07-26 19:34:25,352 [main] DEBUG balancer.ContainerBalancerTask (ContainerBalancerTask.java:initializeIteration(398)) - Utilization for node be05a542-2d6b-4cd9-9aa2-f5ccab50f441 with capacity 110953321813B, used 33285996544B, and remaining 77667325269B is 0.30000000000090127
2023-07-26 19:34:25,352 [main] DEBUG balancer.ContainerBalancerTask (ContainerBalancerTask.java:initializeIteration(398)) - Utilization for node 076794ef-350c-4ec9-878a-5e5e24d8889f with capacity 150323855360B, used 30064771072B, and remaining 120259084288B is 0.2
2023-07-26 19:34:25,352 [main] DEBUG balancer.ContainerBalancerTask (ContainerBalancerTask.java:initializeIteration(398)) - Utilization for node 0b017e3b-1d8d-4cc0-87ec-36105ee8c9d5 with capacity 504658657280B, used 50465865728B, and remaining 454192791552B is 0.1
2023-07-26 19:34:25,352 [main] DEBUG balancer.ContainerBalancerTask (ContainerBalancerTask.java:initializeIteration(398)) - Utilization for node bdd2467a-0919-47ab-a2c7-d439310d8903 with capacity 27917287424B, used 0B, and remaining 27917287424B is 0.0
2023-07-26 19:34:25,352 [main] INFO  balancer.ContainerBalancerTask (ContainerBalancerTask.java:initializeIteration(447)) - Container Balancer has identified 6 Over-Utilized and 3 Under-Utilized Datanodes that need to be balanced.
2023-07-26 19:34:25,353 [main] DEBUG balancer.ContainerBalancerTask (ContainerBalancerTask.java:lambda$initializeIteration$1(453)) - Datanode localhost-251.127.170.125 a37c7fb9-c250-428d-bbaf-25effbb8edb9 is Over-Utilized.
2023-07-26 19:34:25,353 [main] DEBUG balancer.ContainerBalancerTask (ContainerBalancerTask.java:lambda$initializeIteration$1(453)) - Datanode localhost-190.189.13.220 d7627ed8-bcaa-49c3-bfde-d13ab0078c22 is Over-Utilized.
2023-07-26 19:34:25,353 [main] DEBUG balancer.ContainerBalancerTask (ContainerBalancerTask.java:lambda$initializeIteration$1(453)) - Datanode localhost-97.48.255.145 c2e9ace7-d217-4b40-a541-d7ab9b4862fd is Over-Utilized.
2023-07-26 19:34:25,353 [main] DEBUG balancer.ContainerBalancerTask (ContainerBalancerTask.java:lambda$initializeIteration$1(453)) - Datanode localhost-150.83.213.203 7b147160-f7e4-4ed5-9f84-7cc53a14b227 is Over-Utilized.
2023-07-26 19:34:25,353 [main] DEBUG balancer.ContainerBalancerTask (ContainerBalancerTask.java:lambda$initializeIteration$1(453)) - Datanode localhost-219.88.132.51 7b15d5a2-3ae8-45f1-827d-dd401d344ef1 is Over-Utilized.
2023-07-26 19:34:25,353 [main] DEBUG balancer.ContainerBalancerTask (ContainerBalancerTask.java:lambda$initializeIteration$1(453)) - Datanode localhost-157.7.116.185 1958fd06-49b2-457f-a49a-87b7d3719053 is Over-Utilized.
2023-07-26 19:34:25,355 [main] DEBUG balancer.ContainerBalancerTask (ContainerBalancerTask.java:lambda$initializeIteration$2(459)) - Datanode localhost-94.255.21.4 bdd2467a-0919-47ab-a2c7-d439310d8903 is Under-Utilized.
2023-07-26 19:34:25,355 [main] DEBUG balancer.ContainerBalancerTask (ContainerBalancerTask.java:lambda$initializeIteration$2(459)) - Datanode localhost-75.199.127.39 0b017e3b-1d8d-4cc0-87ec-36105ee8c9d5 is Under-Utilized.
2023-07-26 19:34:25,355 [main] DEBUG balancer.ContainerBalancerTask (ContainerBalancerTask.java:lambda$initializeIteration$2(459)) - Datanode localhost-62.197.250.249 076794ef-350c-4ec9-878a-5e5e24d8889f is Under-Utilized.
2023-07-26 19:34:25,360 [main] DEBUG balancer.ContainerBalancerTask (ContainerBalancerTask.java:matchSourceWithTarget(708)) - ContainerBalancer is finding suitable target for source datanode a37c7fb9-c250-428d-bbaf-25effbb8edb9
2023-07-26 19:34:25,360 [main] INFO  balancer.ContainerBalancerTask (ContainerBalancerTask.java:matchSourceWithTarget(722)) - ContainerBalancer matched source datanode a37c7fb9-c250-428d-bbaf-25effbb8edb9 with target datanode bdd2467a-0919-47ab-a2c7-d439310d8903 for container move.
2023-07-26 19:34:25,360 [main] INFO  balancer.ContainerBalancerTask (ContainerBalancerTask.java:processMoveSelection(569)) - ContainerBalancer is trying to move container #85 with size 5368709120B from source datanode a37c7fb9-c250-428d-bbaf-25effbb8edb9 to target datanode bdd2467a-0919-47ab-a2c7-d439310d8903
2023-07-26 19:34:25,361 [main] DEBUG balancer.ContainerBalancerTask (ContainerBalancerTask.java:lambda$moveContainer$3(837)) - Container move completed for container #85 from source a37c7fb9-c250-428d-bbaf-25effbb8edb9 to target bdd2467a-0919-47ab-a2c7-d439310d8903
2023-07-26 19:34:25,364 [main] DEBUG balancer.ContainerBalancerTask (ContainerBalancerTask.java:matchSourceWithTarget(708)) - ContainerBalancer is finding suitable target for source datanode a37c7fb9-c250-428d-bbaf-25effbb8edb9
2023-07-26 19:34:25,364 [main] INFO  balancer.ContainerBalancerTask (ContainerBalancerTask.java:matchSourceWithTarget(722)) - ContainerBalancer matched source datanode a37c7fb9-c250-428d-bbaf-25effbb8edb9 with target datanode 0b017e3b-1d8d-4cc0-87ec-36105ee8c9d5 for container move.
2023-07-26 19:34:25,364 [main] INFO  balancer.ContainerBalancerTask (ContainerBalancerTask.java:processMoveSelection(569)) - ContainerBalancer is trying to move container #40 with size 5368709120B from source datanode a37c7fb9-c250-428d-bbaf-25effbb8edb9 to target datanode 0b017e3b-1d8d-4cc0-87ec-36105ee8c9d5
2023-07-26 19:34:25,364 [main] DEBUG balancer.ContainerBalancerTask (ContainerBalancerTask.java:lambda$moveContainer$3(837)) - Container move completed for container #40 from source a37c7fb9-c250-428d-bbaf-25effbb8edb9 to target 0b017e3b-1d8d-4cc0-87ec-36105ee8c9d5
2023-07-26 19:34:25,367 [main] DEBUG balancer.ContainerBalancerTask (ContainerBalancerTask.java:matchSourceWithTarget(708)) - ContainerBalancer is finding suitable target for source datanode d7627ed8-bcaa-49c3-bfde-d13ab0078c22
2023-07-26 19:34:25,367 [main] INFO  balancer.ContainerBalancerTask (ContainerBalancerTask.java:matchSourceWithTarget(722)) - ContainerBalancer matched source datanode d7627ed8-bcaa-49c3-bfde-d13ab0078c22 with target datanode 0b017e3b-1d8d-4cc0-87ec-36105ee8c9d5 for container move.
2023-07-26 19:34:25,367 [main] INFO  balancer.ContainerBalancerTask (ContainerBalancerTask.java:processMoveSelection(569)) - ContainerBalancer is trying to move container #68 with size 5368709120B from source datanode d7627ed8-bcaa-49c3-bfde-d13ab0078c22 to target datanode 0b017e3b-1d8d-4cc0-87ec-36105ee8c9d5
2023-07-26 19:34:25,367 [main] DEBUG balancer.ContainerBalancerTask (ContainerBalancerTask.java:lambda$moveContainer$3(837)) - Container move completed for container #68 from source d7627ed8-bcaa-49c3-bfde-d13ab0078c22 to target 0b017e3b-1d8d-4cc0-87ec-36105ee8c9d5
2023-07-26 19:34:25,370 [main] DEBUG balancer.ContainerBalancerTask (ContainerBalancerTask.java:matchSourceWithTarget(708)) - ContainerBalancer is finding suitable target for source datanode d7627ed8-bcaa-49c3-bfde-d13ab0078c22
2023-07-26 19:34:25,370 [main] INFO  balancer.ContainerBalancerTask (ContainerBalancerTask.java:matchSourceWithTarget(722)) - ContainerBalancer matched source datanode d7627ed8-bcaa-49c3-bfde-d13ab0078c22 with target datanode 0b017e3b-1d8d-4cc0-87ec-36105ee8c9d5 for container move.
2023-07-26 19:34:25,370 [main] INFO  balancer.ContainerBalancerTask (ContainerBalancerTask.java:processMoveSelection(569)) - ContainerBalancer is trying to move container #53 with size 5368709120B from source datanode d7627ed8-bcaa-49c3-bfde-d13ab0078c22 to target datanode 0b017e3b-1d8d-4cc0-87ec-36105ee8c9d5
2023-07-26 19:34:25,370 [main] DEBUG balancer.ContainerBalancerTask (ContainerBalancerTask.java:lambda$moveContainer$3(837)) - Container move completed for container #53 from source d7627ed8-bcaa-49c3-bfde-d13ab0078c22 to target 0b017e3b-1d8d-4cc0-87ec-36105ee8c9d5
2023-07-26 19:34:25,373 [main] DEBUG balancer.ContainerBalancerTask (ContainerBalancerTask.java:matchSourceWithTarget(708)) - ContainerBalancer is finding suitable target for source datanode a37c7fb9-c250-428d-bbaf-25effbb8edb9
2023-07-26 19:34:25,373 [main] INFO  balancer.ContainerBalancerTask (ContainerBalancerTask.java:matchSourceWithTarget(722)) - ContainerBalancer matched source datanode a37c7fb9-c250-428d-bbaf-25effbb8edb9 with target datanode 0b017e3b-1d8d-4cc0-87ec-36105ee8c9d5 for container move.
2023-07-26 19:34:25,373 [main] INFO  balancer.ContainerBalancerTask (ContainerBalancerTask.java:processMoveSelection(569)) - ContainerBalancer is trying to move container #89 with size 4294967296B from source datanode a37c7fb9-c250-428d-bbaf-25effbb8edb9 to target datanode 0b017e3b-1d8d-4cc0-87ec-36105ee8c9d5
2023-07-26 19:34:25,373 [main] DEBUG balancer.ContainerBalancerTask (ContainerBalancerTask.java:lambda$moveContainer$3(837)) - Container move completed for container #89 from source a37c7fb9-c250-428d-bbaf-25effbb8edb9 to target 0b017e3b-1d8d-4cc0-87ec-36105ee8c9d5
2023-07-26 19:34:25,376 [main] DEBUG balancer.ContainerBalancerTask (ContainerBalancerTask.java:matchSourceWithTarget(708)) - ContainerBalancer is finding suitable target for source datanode c2e9ace7-d217-4b40-a541-d7ab9b4862fd
2023-07-26 19:34:25,376 [main] INFO  balancer.ContainerBalancerTask (ContainerBalancerTask.java:matchSourceWithTarget(722)) - ContainerBalancer matched source datanode c2e9ace7-d217-4b40-a541-d7ab9b4862fd with target datanode 0b017e3b-1d8d-4cc0-87ec-36105ee8c9d5 for container move.
2023-07-26 19:34:25,376 [main] INFO  balancer.ContainerBalancerTask (ContainerBalancerTask.java:processMoveSelection(569)) - ContainerBalancer is trying to move container #67 with size 4294967296B from source datanode c2e9ace7-d217-4b40-a541-d7ab9b4862fd to target datanode 0b017e3b-1d8d-4cc0-87ec-36105ee8c9d5
2023-07-26 19:34:25,376 [main] DEBUG balancer.ContainerBalancerTask (ContainerBalancerTask.java:lambda$moveContainer$3(837)) - Container move completed for container #67 from source c2e9ace7-d217-4b40-a541-d7ab9b4862fd to target 0b017e3b-1d8d-4cc0-87ec-36105ee8c9d5
2023-07-26 19:34:25,379 [main] DEBUG balancer.ContainerBalancerTask (ContainerBalancerTask.java:matchSourceWithTarget(708)) - ContainerBalancer is finding suitable target for source datanode a37c7fb9-c250-428d-bbaf-25effbb8edb9
2023-07-26 19:34:25,379 [main] INFO  balancer.ContainerBalancerTask (ContainerBalancerTask.java:matchSourceWithTarget(722)) - ContainerBalancer matched source datanode a37c7fb9-c250-428d-bbaf-25effbb8edb9 with target datanode 0b017e3b-1d8d-4cc0-87ec-36105ee8c9d5 for container move.
2023-07-26 19:34:25,379 [main] INFO  balancer.ContainerBalancerTask (ContainerBalancerTask.java:processMoveSelection(569)) - ContainerBalancer is trying to move container #52 with size 4294967296B from source datanode a37c7fb9-c250-428d-bbaf-25effbb8edb9 to target datanode 0b017e3b-1d8d-4cc0-87ec-36105ee8c9d5
2023-07-26 19:34:25,379 [main] DEBUG balancer.ContainerBalancerTask (ContainerBalancerTask.java:lambda$moveContainer$3(837)) - Container move completed for container #52 from source a37c7fb9-c250-428d-bbaf-25effbb8edb9 to target 0b017e3b-1d8d-4cc0-87ec-36105ee8c9d5
2023-07-26 19:34:25,382 [main] DEBUG balancer.ContainerBalancerTask (ContainerBalancerTask.java:matchSourceWithTarget(708)) - ContainerBalancer is finding suitable target for source datanode c2e9ace7-d217-4b40-a541-d7ab9b4862fd
2023-07-26 19:34:25,382 [main] INFO  balancer.ContainerBalancerTask (ContainerBalancerTask.java:matchSourceWithTarget(722)) - ContainerBalancer matched source datanode c2e9ace7-d217-4b40-a541-d7ab9b4862fd with target datanode 0b017e3b-1d8d-4cc0-87ec-36105ee8c9d5 for container move.
2023-07-26 19:34:25,382 [main] INFO  balancer.ContainerBalancerTask (ContainerBalancerTask.java:processMoveSelection(569)) - ContainerBalancer is trying to move container #55 with size 2147483648B from source datanode c2e9ace7-d217-4b40-a541-d7ab9b4862fd to target datanode 0b017e3b-1d8d-4cc0-87ec-36105ee8c9d5
2023-07-26 19:34:25,382 [main] DEBUG balancer.ContainerBalancerTask (ContainerBalancerTask.java:lambda$moveContainer$3(837)) - Container move completed for container #55 from source c2e9ace7-d217-4b40-a541-d7ab9b4862fd to target 0b017e3b-1d8d-4cc0-87ec-36105ee8c9d5
2023-07-26 19:34:25,385 [main] DEBUG balancer.ContainerBalancerTask (ContainerBalancerTask.java:matchSourceWithTarget(708)) - ContainerBalancer is finding suitable target for source datanode d7627ed8-bcaa-49c3-bfde-d13ab0078c22
2023-07-26 19:34:25,385 [main] INFO  balancer.ContainerBalancerTask (ContainerBalancerTask.java:matchSourceWithTarget(722)) - ContainerBalancer matched source datanode d7627ed8-bcaa-49c3-bfde-d13ab0078c22 with target datanode 0b017e3b-1d8d-4cc0-87ec-36105ee8c9d5 for container move.
2023-07-26 19:34:25,385 [main] INFO  balancer.ContainerBalancerTask (ContainerBalancerTask.java:processMoveSelection(569)) - ContainerBalancer is trying to move container #71 with size 3221225472B from source datanode d7627ed8-bcaa-49c3-bfde-d13ab0078c22 to target datanode 0b017e3b-1d8d-4cc0-87ec-36105ee8c9d5
2023-07-26 19:34:25,385 [main] DEBUG balancer.ContainerBalancerTask (ContainerBalancerTask.java:lambda$moveContainer$3(837)) - Container move completed for container #71 from source d7627ed8-bcaa-49c3-bfde-d13ab0078c22 to target 0b017e3b-1d8d-4cc0-87ec-36105ee8c9d5
2023-07-26 19:34:25,388 [main] DEBUG balancer.ContainerBalancerTask (ContainerBalancerTask.java:matchSourceWithTarget(708)) - ContainerBalancer is finding suitable target for source datanode c2e9ace7-d217-4b40-a541-d7ab9b4862fd
2023-07-26 19:34:25,388 [main] INFO  balancer.ContainerBalancerTask (ContainerBalancerTask.java:matchSourceWithTarget(722)) - ContainerBalancer matched source datanode c2e9ace7-d217-4b40-a541-d7ab9b4862fd with target datanode 0b017e3b-1d8d-4cc0-87ec-36105ee8c9d5 for container move.
2023-07-26 19:34:25,388 [main] INFO  balancer.ContainerBalancerTask (ContainerBalancerTask.java:processMoveSelection(569)) - ContainerBalancer is trying to move container #17 with size 2147483648B from source datanode c2e9ace7-d217-4b40-a541-d7ab9b4862fd to target datanode 0b017e3b-1d8d-4cc0-87ec-36105ee8c9d5
2023-07-26 19:34:25,388 [main] DEBUG balancer.ContainerBalancerTask (ContainerBalancerTask.java:lambda$moveContainer$3(837)) - Container move completed for container #17 from source c2e9ace7-d217-4b40-a541-d7ab9b4862fd to target 0b017e3b-1d8d-4cc0-87ec-36105ee8c9d5
2023-07-26 19:34:25,391 [main] DEBUG balancer.ContainerBalancerTask (ContainerBalancerTask.java:matchSourceWithTarget(708)) - ContainerBalancer is finding suitable target for source datanode 7b147160-f7e4-4ed5-9f84-7cc53a14b227
2023-07-26 19:34:25,391 [main] INFO  balancer.ContainerBalancerTask (ContainerBalancerTask.java:matchSourceWithTarget(722)) - ContainerBalancer matched source datanode 7b147160-f7e4-4ed5-9f84-7cc53a14b227 with target datanode 0b017e3b-1d8d-4cc0-87ec-36105ee8c9d5 for container move.
2023-07-26 19:34:25,391 [main] INFO  balancer.ContainerBalancerTask (ContainerBalancerTask.java:processMoveSelection(569)) - ContainerBalancer is trying to move container #83 with size 3221225472B from source datanode 7b147160-f7e4-4ed5-9f84-7cc53a14b227 to target datanode 0b017e3b-1d8d-4cc0-87ec-36105ee8c9d5
2023-07-26 19:34:25,391 [main] DEBUG balancer.ContainerBalancerTask (ContainerBalancerTask.java:lambda$moveContainer$3(837)) - Container move completed for container #83 from source 7b147160-f7e4-4ed5-9f84-7cc53a14b227 to target 0b017e3b-1d8d-4cc0-87ec-36105ee8c9d5
2023-07-26 19:34:25,394 [main] DEBUG balancer.ContainerBalancerTask (ContainerBalancerTask.java:matchSourceWithTarget(708)) - ContainerBalancer is finding suitable target for source datanode d7627ed8-bcaa-49c3-bfde-d13ab0078c22
2023-07-26 19:34:25,394 [main] INFO  balancer.ContainerBalancerTask (ContainerBalancerTask.java:matchSourceWithTarget(722)) - ContainerBalancer matched source datanode d7627ed8-bcaa-49c3-bfde-d13ab0078c22 with target datanode 0b017e3b-1d8d-4cc0-87ec-36105ee8c9d5 for container move.
2023-07-26 19:34:25,394 [main] INFO  balancer.ContainerBalancerTask (ContainerBalancerTask.java:processMoveSelection(569)) - ContainerBalancer is trying to move container #82 with size 2147483648B from source datanode d7627ed8-bcaa-49c3-bfde-d13ab0078c22 to target datanode 0b017e3b-1d8d-4cc0-87ec-36105ee8c9d5
2023-07-26 19:34:25,395 [main] DEBUG balancer.ContainerBalancerTask (ContainerBalancerTask.java:lambda$moveContainer$3(837)) - Container move completed for container #82 from source d7627ed8-bcaa-49c3-bfde-d13ab0078c22 to target 0b017e3b-1d8d-4cc0-87ec-36105ee8c9d5
2023-07-26 19:34:25,397 [main] DEBUG balancer.ContainerBalancerTask (ContainerBalancerTask.java:matchSourceWithTarget(708)) - ContainerBalancer is finding suitable target for source datanode c2e9ace7-d217-4b40-a541-d7ab9b4862fd
2023-07-26 19:34:25,398 [main] INFO  balancer.ContainerBalancerTask (ContainerBalancerTask.java:matchSourceWithTarget(722)) - ContainerBalancer matched source datanode c2e9ace7-d217-4b40-a541-d7ab9b4862fd with target datanode 0b017e3b-1d8d-4cc0-87ec-36105ee8c9d5 for container move.
2023-07-26 19:34:25,398 [main] INFO  balancer.ContainerBalancerTask (ContainerBalancerTask.java:processMoveSelection(569)) - ContainerBalancer is trying to move container #10 with size 2147483648B from source datanode c2e9ace7-d217-4b40-a541-d7ab9b4862fd to target datanode 0b017e3b-1d8d-4cc0-87ec-36105ee8c9d5
2023-07-26 19:34:25,398 [main] DEBUG balancer.ContainerBalancerTask (ContainerBalancerTask.java:lambda$moveContainer$3(837)) - Container move completed for container #10 from source c2e9ace7-d217-4b40-a541-d7ab9b4862fd to target 0b017e3b-1d8d-4cc0-87ec-36105ee8c9d5
2023-07-26 19:34:25,401 [main] DEBUG balancer.ContainerBalancerTask (ContainerBalancerTask.java:matchSourceWithTarget(708)) - ContainerBalancer is finding suitable target for source datanode a37c7fb9-c250-428d-bbaf-25effbb8edb9
2023-07-26 19:34:25,401 [main] INFO  balancer.ContainerBalancerTask (ContainerBalancerTask.java:matchSourceWithTarget(722)) - ContainerBalancer matched source datanode a37c7fb9-c250-428d-bbaf-25effbb8edb9 with target datanode 0b017e3b-1d8d-4cc0-87ec-36105ee8c9d5 for container move.
2023-07-26 19:34:25,401 [main] INFO  balancer.ContainerBalancerTask (ContainerBalancerTask.java:processMoveSelection(569)) - ContainerBalancer is trying to move container #28 with size 4294967296B from source datanode a37c7fb9-c250-428d-bbaf-25effbb8edb9 to target datanode 0b017e3b-1d8d-4cc0-87ec-36105ee8c9d5
2023-07-26 19:34:25,401 [main] DEBUG balancer.ContainerBalancerTask (ContainerBalancerTask.java:lambda$moveContainer$3(837)) - Container move completed for container #28 from source a37c7fb9-c250-428d-bbaf-25effbb8edb9 to target 0b017e3b-1d8d-4cc0-87ec-36105ee8c9d5
2023-07-26 19:34:25,401 [main] WARN  balancer.ContainerBalancerTask (ContainerBalancerTask.java:reachedMaxSizeToMovePerIteration(733)) - Reached max size to move limit. 53687091200 bytes have already been scheduled for balancing and the limit is 53687091200 bytes.
2023-07-26 19:34:25,402 [main] INFO  balancer.ContainerBalancerTask (ContainerBalancerTask.java:checkIterationMoveResults(642)) - Iteration Summary. Number of Datanodes involved: 6. Size moved: 50 GB (53687091200 Bytes). Number of Container moves completed: 14.
2023-07-26 19:34:25,402 [main] INFO  balancer.ContainerBalancerTask (ContainerBalancerTask.java:balance(259)) - Result of this iteration of Container Balancer: ITERATION_COMPLETED
2023-07-26 19:34:25,402 [main] INFO  balancer.ContainerBalancerTask (ContainerBalancerTask.java:tryStopWithSaveConfiguration(308)) - Save Configuration for stopping. Reason: Completed all iterations.
2023-07-26 19:34:25,403 [main] DEBUG balancer.ContainerBalancerTask (ContainerBalancerTask.java:initializeIteration(374)) - Average utilization of the cluster is 0.3122536465491133
2023-07-26 19:34:25,403 [main] DEBUG balancer.ContainerBalancerTask (ContainerBalancerTask.java:initializeIteration(386)) - Lower limit for utilization is -0.09220305472087215 and Upper limit for utilization is 0.7167103478190988
2023-07-26 19:34:25,403 [main] DEBUG balancer.ContainerBalancerTask (ContainerBalancerTask.java:initializeIteration(398)) - Utilization for node a37c7fb9-c250-428d-bbaf-25effbb8edb9 with capacity 58459277084B, used 52613349376B, and remaining 5845927708B is 0.9000000000068423
2023-07-26 19:34:25,403 [main] DEBUG balancer.ContainerBalancerTask (ContainerBalancerTask.java:initializeIteration(398)) - Utilization for node d7627ed8-bcaa-49c3-bfde-d13ab0078c22 with capacity 64424509440B, used 51539607552B, and remaining 12884901888B is 0.8
2023-07-26 19:34:25,403 [main] DEBUG balancer.ContainerBalancerTask (ContainerBalancerTask.java:initializeIteration(398)) - Utilization for node c2e9ace7-d217-4b40-a541-d7ab9b4862fd with capacity 65958426331B, used 46170898432B, and remaining 19787527899B is 0.7000000000045483
2023-07-26 19:34:25,403 [main] DEBUG balancer.ContainerBalancerTask (ContainerBalancerTask.java:initializeIteration(398)) - Utilization for node 7b147160-f7e4-4ed5-9f84-7cc53a14b227 with capacity 75161927680B, used 45097156608B, and remaining 30064771072B is 0.6
2023-07-26 19:34:25,403 [main] DEBUG balancer.ContainerBalancerTask (ContainerBalancerTask.java:initializeIteration(398)) - Utilization for node 7b15d5a2-3ae8-45f1-827d-dd401d344ef1 with capacity 55834574848B, used 27917287424B, and remaining 27917287424B is 0.5
2023-07-26 19:34:25,403 [main] DEBUG balancer.ContainerBalancerTask (ContainerBalancerTask.java:initializeIteration(398)) - Utilization for node 1958fd06-49b2-457f-a49a-87b7d3719053 with capacity 120795955200B, used 48318382080B, and remaining 72477573120B is 0.4
2023-07-26 19:34:25,403 [main] DEBUG balancer.ContainerBalancerTask (ContainerBalancerTask.java:initializeIteration(398)) - Utilization for node be05a542-2d6b-4cd9-9aa2-f5ccab50f441 with capacity 110953321813B, used 33285996544B, and remaining 77667325269B is 0.30000000000090127
2023-07-26 19:34:25,403 [main] DEBUG balancer.ContainerBalancerTask (ContainerBalancerTask.java:initializeIteration(398)) - Utilization for node 076794ef-350c-4ec9-878a-5e5e24d8889f with capacity 150323855360B, used 30064771072B, and remaining 120259084288B is 0.2
2023-07-26 19:34:25,403 [main] DEBUG balancer.ContainerBalancerTask (ContainerBalancerTask.java:initializeIteration(398)) - Utilization for node 0b017e3b-1d8d-4cc0-87ec-36105ee8c9d5 with capacity 504658657280B, used 50465865728B, and remaining 454192791552B is 0.1
2023-07-26 19:34:25,404 [main] DEBUG balancer.ContainerBalancerTask (ContainerBalancerTask.java:initializeIteration(398)) - Utilization for node bdd2467a-0919-47ab-a2c7-d439310d8903 with capacity 27917287424B, used 0B, and remaining 27917287424B is 0.0
2023-07-26 19:34:25,404 [main] INFO  balancer.ContainerBalancerTask (ContainerBalancerTask.java:initializeIteration(447)) - Container Balancer has identified 2 Over-Utilized and 0 Under-Utilized Datanodes that need to be balanced.
2023-07-26 19:34:25,404 [main] DEBUG balancer.ContainerBalancerTask (ContainerBalancerTask.java:lambda$initializeIteration$1(453)) - Datanode localhost-251.127.170.125 a37c7fb9-c250-428d-bbaf-25effbb8edb9 is Over-Utilized.
2023-07-26 19:34:25,404 [main] DEBUG balancer.ContainerBalancerTask (ContainerBalancerTask.java:lambda$initializeIteration$1(453)) - Datanode localhost-190.189.13.220 d7627ed8-bcaa-49c3-bfde-d13ab0078c22 is Over-Utilized.
2023-07-26 19:34:25,406 [main] DEBUG balancer.ContainerBalancerTask (ContainerBalancerTask.java:matchSourceWithTarget(708)) - ContainerBalancer is finding suitable target for source datanode a37c7fb9-c250-428d-bbaf-25effbb8edb9
2023-07-26 19:34:25,406 [main] INFO  balancer.FindTargetGreedyByUsageInfo (AbstractFindTargetGreedy.java:findTargetForContainerMove(133)) - Container Balancer could not find a target for source datanode a37c7fb9-c250-428d-bbaf-25effbb8edb9
2023-07-26 19:34:25,406 [main] DEBUG balancer.ContainerBalancerTask (ContainerBalancerTask.java:matchSourceWithTarget(717)) - ContainerBalancer could not find a suitable target for source node a37c7fb9-c250-428d-bbaf-25effbb8edb9.
2023-07-26 19:34:25,409 [main] DEBUG balancer.ContainerBalancerTask (ContainerBalancerTask.java:matchSourceWithTarget(708)) - ContainerBalancer is finding suitable target for source datanode d7627ed8-bcaa-49c3-bfde-d13ab0078c22
2023-07-26 19:34:25,409 [main] INFO  balancer.FindTargetGreedyByUsageInfo (AbstractFindTargetGreedy.java:findTargetForContainerMove(133)) - Container Balancer could not find a target for source datanode d7627ed8-bcaa-49c3-bfde-d13ab0078c22
2023-07-26 19:34:25,409 [main] DEBUG balancer.ContainerBalancerTask (ContainerBalancerTask.java:matchSourceWithTarget(717)) - ContainerBalancer could not find a suitable target for source node d7627ed8-bcaa-49c3-bfde-d13ab0078c22.
2023-07-26 19:34:25,409 [main] INFO  balancer.FindSourceGreedy (FindSourceGreedy.java:getNextCandidateSourceDataNode(126)) - no more candidate source data node
2023-07-26 19:34:25,409 [main] INFO  balancer.ContainerBalancerTask (ContainerBalancerTask.java:balance(259)) - Result of this iteration of Container Balancer: CAN_NOT_BALANCE_ANY_MORE
2023-07-26 19:34:25,409 [main] INFO  balancer.ContainerBalancerTask (ContainerBalancerTask.java:tryStopWithSaveConfiguration(308)) - Save Configuration for stopping. Reason: CAN_NOT_BALANCE_ANY_MORE
2023-07-26 19:34:25,410 [main] DEBUG balancer.ContainerBalancerTask (ContainerBalancerTask.java:initializeIteration(374)) - Average utilization of the cluster is 0.3122536465491133
2023-07-26 19:34:25,410 [main] DEBUG balancer.ContainerBalancerTask (ContainerBalancerTask.java:initializeIteration(386)) - Lower limit for utilization is -0.08594290629502249 and Upper limit for utilization is 0.710450199393249
2023-07-26 19:34:25,410 [main] DEBUG balancer.ContainerBalancerTask (ContainerBalancerTask.java:initializeIteration(398)) - Utilization for node a37c7fb9-c250-428d-bbaf-25effbb8edb9 with capacity 58459277084B, used 52613349376B, and remaining 5845927708B is 0.9000000000068423
2023-07-26 19:34:25,410 [main] DEBUG balancer.ContainerBalancerTask (ContainerBalancerTask.java:initializeIteration(398)) - Utilization for node d7627ed8-bcaa-49c3-bfde-d13ab0078c22 with capacity 64424509440B, used 51539607552B, and remaining 12884901888B is 0.8
2023-07-26 19:34:25,410 [main] DEBUG balancer.ContainerBalancerTask (ContainerBalancerTask.java:initializeIteration(398)) - Utilization for node c2e9ace7-d217-4b40-a541-d7ab9b4862fd with capacity 65958426331B, used 46170898432B, and remaining 19787527899B is 0.7000000000045483
2023-07-26 19:34:25,410 [main] DEBUG balancer.ContainerBalancerTask (ContainerBalancerTask.java:initializeIteration(398)) - Utilization for node 7b147160-f7e4-4ed5-9f84-7cc53a14b227 with capacity 75161927680B, used 45097156608B, and remaining 30064771072B is 0.6
2023-07-26 19:34:25,410 [main] DEBUG balancer.ContainerBalancerTask (ContainerBalancerTask.java:initializeIteration(398)) - Utilization for node 7b15d5a2-3ae8-45f1-827d-dd401d344ef1 with capacity 55834574848B, used 27917287424B, and remaining 27917287424B is 0.5
2023-07-26 19:34:25,410 [main] DEBUG balancer.ContainerBalancerTask (ContainerBalancerTask.java:initializeIteration(398)) - Utilization for node 1958fd06-49b2-457f-a49a-87b7d3719053 with capacity 120795955200B, used 48318382080B, and remaining 72477573120B is 0.4
2023-07-26 19:34:25,411 [main] DEBUG balancer.ContainerBalancerTask (ContainerBalancerTask.java:initializeIteration(398)) - Utilization for node be05a542-2d6b-4cd9-9aa2-f5ccab50f441 with capacity 110953321813B, used 33285996544B, and remaining 77667325269B is 0.30000000000090127
2023-07-26 19:34:25,411 [main] DEBUG balancer.ContainerBalancerTask (ContainerBalancerTask.java:initializeIteration(398)) - Utilization for node 076794ef-350c-4ec9-878a-5e5e24d8889f with capacity 150323855360B, used 30064771072B, and remaining 120259084288B is 0.2
2023-07-26 19:34:25,411 [main] DEBUG balancer.ContainerBalancerTask (ContainerBalancerTask.java:initializeIteration(398)) - Utilization for node 0b017e3b-1d8d-4cc0-87ec-36105ee8c9d5 with capacity 504658657280B, used 50465865728B, and remaining 454192791552B is 0.1
2023-07-26 19:34:25,411 [main] DEBUG balancer.ContainerBalancerTask (ContainerBalancerTask.java:initializeIteration(398)) - Utilization for node bdd2467a-0919-47ab-a2c7-d439310d8903 with capacity 27917287424B, used 0B, and remaining 27917287424B is 0.0
2023-07-26 19:34:25,411 [main] INFO  balancer.ContainerBalancerTask (ContainerBalancerTask.java:initializeIteration(447)) - Container Balancer has identified 2 Over-Utilized and 0 Under-Utilized Datanodes that need to be balanced.
2023-07-26 19:34:25,411 [main] DEBUG balancer.ContainerBalancerTask (ContainerBalancerTask.java:lambda$initializeIteration$1(453)) - Datanode localhost-251.127.170.125 a37c7fb9-c250-428d-bbaf-25effbb8edb9 is Over-Utilized.
2023-07-26 19:34:25,411 [main] DEBUG balancer.ContainerBalancerTask (ContainerBalancerTask.java:lambda$initializeIteration$1(453)) - Datanode localhost-190.189.13.220 d7627ed8-bcaa-49c3-bfde-d13ab0078c22 is Over-Utilized.
2023-07-26 19:34:25,413 [main] DEBUG balancer.ContainerBalancerTask (ContainerBalancerTask.java:matchSourceWithTarget(708)) - ContainerBalancer is finding suitable target for source datanode a37c7fb9-c250-428d-bbaf-25effbb8edb9
2023-07-26 19:34:25,413 [main] INFO  balancer.FindTargetGreedyByUsageInfo (AbstractFindTargetGreedy.java:findTargetForContainerMove(133)) - Container Balancer could not find a target for source datanode a37c7fb9-c250-428d-bbaf-25effbb8edb9
2023-07-26 19:34:25,414 [main] DEBUG balancer.ContainerBalancerTask (ContainerBalancerTask.java:matchSourceWithTarget(717)) - ContainerBalancer could not find a suitable target for source node a37c7fb9-c250-428d-bbaf-25effbb8edb9.
2023-07-26 19:34:25,416 [main] DEBUG balancer.ContainerBalancerTask (ContainerBalancerTask.java:matchSourceWithTarget(708)) - ContainerBalancer is finding suitable target for source datanode d7627ed8-bcaa-49c3-bfde-d13ab0078c22
2023-07-26 19:34:25,416 [main] INFO  balancer.FindTargetGreedyByUsageInfo (AbstractFindTargetGreedy.java:findTargetForContainerMove(133)) - Container Balancer could not find a target for source datanode d7627ed8-bcaa-49c3-bfde-d13ab0078c22
2023-07-26 19:34:25,416 [main] DEBUG balancer.ContainerBalancerTask (ContainerBalancerTask.java:matchSourceWithTarget(717)) - ContainerBalancer could not find a suitable target for source node d7627ed8-bcaa-49c3-bfde-d13ab0078c22.
2023-07-26 19:34:25,416 [main] INFO  balancer.FindSourceGreedy (FindSourceGreedy.java:getNextCandidateSourceDataNode(126)) - no more candidate source data node
2023-07-26 19:34:25,416 [main] INFO  balancer.ContainerBalancerTask (ContainerBalancerTask.java:balance(259)) - Result of this iteration of Container Balancer: CAN_NOT_BALANCE_ANY_MORE
2023-07-26 19:34:25,416 [main] INFO  balancer.ContainerBalancerTask (ContainerBalancerTask.java:tryStopWithSaveConfiguration(308)) - Save Configuration for stopping. Reason: CAN_NOT_BALANCE_ANY_MORE
2023-07-26 19:34:25,417 [main] DEBUG balancer.ContainerBalancerTask (ContainerBalancerTask.java:initializeIteration(374)) - Average utilization of the cluster is 0.3122536465491133
2023-07-26 19:34:25,417 [main] DEBUG balancer.ContainerBalancerTask (ContainerBalancerTask.java:initializeIteration(386)) - Lower limit for utilization is -0.05283945664089423 and Upper limit for utilization is 0.6773467497391208
2023-07-26 19:34:25,417 [main] DEBUG balancer.ContainerBalancerTask (ContainerBalancerTask.java:initializeIteration(398)) - Utilization for node a37c7fb9-c250-428d-bbaf-25effbb8edb9 with capacity 58459277084B, used 52613349376B, and remaining 5845927708B is 0.9000000000068423
2023-07-26 19:34:25,417 [main] DEBUG balancer.ContainerBalancerTask (ContainerBalancerTask.java:initializeIteration(398)) - Utilization for node d7627ed8-bcaa-49c3-bfde-d13ab0078c22 with capacity 64424509440B, used 51539607552B, and remaining 12884901888B is 0.8
2023-07-26 19:34:25,417 [main] DEBUG balancer.ContainerBalancerTask (ContainerBalancerTask.java:initializeIteration(398)) - Utilization for node c2e9ace7-d217-4b40-a541-d7ab9b4862fd with capacity 65958426331B, used 46170898432B, and remaining 19787527899B is 0.7000000000045483
2023-07-26 19:34:25,417 [main] DEBUG balancer.ContainerBalancerTask (ContainerBalancerTask.java:initializeIteration(398)) - Utilization for node 7b147160-f7e4-4ed5-9f84-7cc53a14b227 with capacity 75161927680B, used 45097156608B, and remaining 30064771072B is 0.6
2023-07-26 19:34:25,417 [main] DEBUG balancer.ContainerBalancerTask (ContainerBalancerTask.java:initializeIteration(398)) - Utilization for node 7b15d5a2-3ae8-45f1-827d-dd401d344ef1 with capacity 55834574848B, used 27917287424B, and remaining 27917287424B is 0.5
2023-07-26 19:34:25,418 [main] DEBUG balancer.ContainerBalancerTask (ContainerBalancerTask.java:initializeIteration(398)) - Utilization for node 1958fd06-49b2-457f-a49a-87b7d3719053 with capacity 120795955200B, used 48318382080B, and remaining 72477573120B is 0.4
2023-07-26 19:34:25,418 [main] DEBUG balancer.ContainerBalancerTask (ContainerBalancerTask.java:initializeIteration(398)) - Utilization for node be05a542-2d6b-4cd9-9aa2-f5ccab50f441 with capacity 110953321813B, used 33285996544B, and remaining 77667325269B is 0.30000000000090127
2023-07-26 19:34:25,418 [main] DEBUG balancer.ContainerBalancerTask (ContainerBalancerTask.java:initializeIteration(398)) - Utilization for node 076794ef-350c-4ec9-878a-5e5e24d8889f with capacity 150323855360B, used 30064771072B, and remaining 120259084288B is 0.2
2023-07-26 19:34:25,418 [main] DEBUG balancer.ContainerBalancerTask (ContainerBalancerTask.java:initializeIteration(398)) - Utilization for node 0b017e3b-1d8d-4cc0-87ec-36105ee8c9d5 with capacity 504658657280B, used 50465865728B, and remaining 454192791552B is 0.1
2023-07-26 19:34:25,418 [main] DEBUG balancer.ContainerBalancerTask (ContainerBalancerTask.java:initializeIteration(398)) - Utilization for node bdd2467a-0919-47ab-a2c7-d439310d8903 with capacity 27917287424B, used 0B, and remaining 27917287424B is 0.0
2023-07-26 19:34:25,418 [main] INFO  balancer.ContainerBalancerTask (ContainerBalancerTask.java:initializeIteration(447)) - Container Balancer has identified 3 Over-Utilized and 0 Under-Utilized Datanodes that need to be balanced.
2023-07-26 19:34:25,418 [main] DEBUG balancer.ContainerBalancerTask (ContainerBalancerTask.java:lambda$initializeIteration$1(453)) - Datanode localhost-251.127.170.125 a37c7fb9-c250-428d-bbaf-25effbb8edb9 is Over-Utilized.
2023-07-26 19:34:25,418 [main] DEBUG balancer.ContainerBalancerTask (ContainerBalancerTask.java:lambda$initializeIteration$1(453)) - Datanode localhost-190.189.13.220 d7627ed8-bcaa-49c3-bfde-d13ab0078c22 is Over-Utilized.
2023-07-26 19:34:25,418 [main] DEBUG balancer.ContainerBalancerTask (ContainerBalancerTask.java:lambda$initializeIteration$1(453)) - Datanode localhost-97.48.255.145 c2e9ace7-d217-4b40-a541-d7ab9b4862fd is Over-Utilized.
2023-07-26 19:34:25,421 [main] DEBUG balancer.ContainerBalancerTask (ContainerBalancerTask.java:matchSourceWithTarget(708)) - ContainerBalancer is finding suitable target for source datanode a37c7fb9-c250-428d-bbaf-25effbb8edb9
2023-07-26 19:34:25,421 [main] INFO  balancer.FindTargetGreedyByUsageInfo (AbstractFindTargetGreedy.java:findTargetForContainerMove(133)) - Container Balancer could not find a target for source datanode a37c7fb9-c250-428d-bbaf-25effbb8edb9
2023-07-26 19:34:25,421 [main] DEBUG balancer.ContainerBalancerTask (ContainerBalancerTask.java:matchSourceWithTarget(717)) - ContainerBalancer could not find a suitable target for source node a37c7fb9-c250-428d-bbaf-25effbb8edb9.
2023-07-26 19:34:25,424 [main] DEBUG balancer.ContainerBalancerTask (ContainerBalancerTask.java:matchSourceWithTarget(708)) - ContainerBalancer is finding suitable target for source datanode d7627ed8-bcaa-49c3-bfde-d13ab0078c22
2023-07-26 19:34:25,424 [main] INFO  balancer.FindTargetGreedyByUsageInfo (AbstractFindTargetGreedy.java:findTargetForContainerMove(133)) - Container Balancer could not find a target for source datanode d7627ed8-bcaa-49c3-bfde-d13ab0078c22
2023-07-26 19:34:25,424 [main] DEBUG balancer.ContainerBalancerTask (ContainerBalancerTask.java:matchSourceWithTarget(717)) - ContainerBalancer could not find a suitable target for source node d7627ed8-bcaa-49c3-bfde-d13ab0078c22.
2023-07-26 19:34:25,426 [main] DEBUG balancer.ContainerBalancerTask (ContainerBalancerTask.java:matchSourceWithTarget(708)) - ContainerBalancer is finding suitable target for source datanode c2e9ace7-d217-4b40-a541-d7ab9b4862fd
2023-07-26 19:34:25,426 [main] INFO  balancer.FindTargetGreedyByUsageInfo (AbstractFindTargetGreedy.java:findTargetForContainerMove(133)) - Container Balancer could not find a target for source datanode c2e9ace7-d217-4b40-a541-d7ab9b4862fd
2023-07-26 19:34:25,426 [main] DEBUG balancer.ContainerBalancerTask (ContainerBalancerTask.java:matchSourceWithTarget(717)) - ContainerBalancer could not find a suitable target for source node c2e9ace7-d217-4b40-a541-d7ab9b4862fd.
2023-07-26 19:34:25,426 [main] INFO  balancer.FindSourceGreedy (FindSourceGreedy.java:getNextCandidateSourceDataNode(126)) - no more candidate source data node
2023-07-26 19:34:25,426 [main] INFO  balancer.ContainerBalancerTask (ContainerBalancerTask.java:balance(259)) - Result of this iteration of Container Balancer: CAN_NOT_BALANCE_ANY_MORE
2023-07-26 19:34:25,426 [main] INFO  balancer.ContainerBalancerTask (ContainerBalancerTask.java:tryStopWithSaveConfiguration(308)) - Save Configuration for stopping. Reason: CAN_NOT_BALANCE_ANY_MORE
2023-07-26 19:34:25,427 [main] DEBUG balancer.ContainerBalancerTask (ContainerBalancerTask.java:initializeIteration(374)) - Average utilization of the cluster is 0.3122536465491133
2023-07-26 19:34:25,427 [main] DEBUG balancer.ContainerBalancerTask (ContainerBalancerTask.java:initializeIteration(386)) - Lower limit for utilization is -0.3116150658160855 and Upper limit for utilization is 0.9361223589143122
2023-07-26 19:34:25,427 [main] DEBUG balancer.ContainerBalancerTask (ContainerBalancerTask.java:initializeIteration(398)) - Utilization for node a37c7fb9-c250-428d-bbaf-25effbb8edb9 with capacity 58459277084B, used 52613349376B, and remaining 5845927708B is 0.9000000000068423
2023-07-26 19:34:25,427 [main] DEBUG balancer.ContainerBalancerTask (ContainerBalancerTask.java:initializeIteration(398)) - Utilization for node d7627ed8-bcaa-49c3-bfde-d13ab0078c22 with capacity 64424509440B, used 51539607552B, and remaining 12884901888B is 0.8
2023-07-26 19:34:25,428 [main] DEBUG balancer.ContainerBalancerTask (ContainerBalancerTask.java:initializeIteration(398)) - Utilization for node c2e9ace7-d217-4b40-a541-d7ab9b4862fd with capacity 65958426331B, used 46170898432B, and remaining 19787527899B is 0.7000000000045483
2023-07-26 19:34:25,428 [main] DEBUG balancer.ContainerBalancerTask (ContainerBalancerTask.java:initializeIteration(398)) - Utilization for node 7b147160-f7e4-4ed5-9f84-7cc53a14b227 with capacity 75161927680B, used 45097156608B, and remaining 30064771072B is 0.6
2023-07-26 19:34:25,428 [main] DEBUG balancer.ContainerBalancerTask (ContainerBalancerTask.java:initializeIteration(398)) - Utilization for node 7b15d5a2-3ae8-45f1-827d-dd401d344ef1 with capacity 55834574848B, used 27917287424B, and remaining 27917287424B is 0.5
2023-07-26 19:34:25,428 [main] DEBUG balancer.ContainerBalancerTask (ContainerBalancerTask.java:initializeIteration(398)) - Utilization for node 1958fd06-49b2-457f-a49a-87b7d3719053 with capacity 120795955200B, used 48318382080B, and remaining 72477573120B is 0.4
2023-07-26 19:34:25,428 [main] DEBUG balancer.ContainerBalancerTask (ContainerBalancerTask.java:initializeIteration(398)) - Utilization for node be05a542-2d6b-4cd9-9aa2-f5ccab50f441 with capacity 110953321813B, used 33285996544B, and remaining 77667325269B is 0.30000000000090127
2023-07-26 19:34:25,428 [main] DEBUG balancer.ContainerBalancerTask (ContainerBalancerTask.java:initializeIteration(398)) - Utilization for node 076794ef-350c-4ec9-878a-5e5e24d8889f with capacity 150323855360B, used 30064771072B, and remaining 120259084288B is 0.2
2023-07-26 19:34:25,428 [main] DEBUG balancer.ContainerBalancerTask (ContainerBalancerTask.java:initializeIteration(398)) - Utilization for node 0b017e3b-1d8d-4cc0-87ec-36105ee8c9d5 with capacity 504658657280B, used 50465865728B, and remaining 454192791552B is 0.1
2023-07-26 19:34:25,428 [main] DEBUG balancer.ContainerBalancerTask (ContainerBalancerTask.java:initializeIteration(398)) - Utilization for node bdd2467a-0919-47ab-a2c7-d439310d8903 with capacity 27917287424B, used 0B, and remaining 27917287424B is 0.0
2023-07-26 19:34:25,428 [main] INFO  balancer.ContainerBalancerTask (ContainerBalancerTask.java:initializeIteration(443)) - Did not find any unbalanced Datanodes.
2023-07-26 19:34:25,428 [main] INFO  balancer.ContainerBalancerTask (ContainerBalancerTask.java:tryStopWithSaveConfiguration(308)) - Save Configuration for stopping. Reason: Could not initialize ContainerBalancer's iteration number 0
2023-07-26 19:34:25,429 [main] DEBUG balancer.ContainerBalancerTask (ContainerBalancerTask.java:initializeIteration(374)) - Average utilization of the cluster is 0.3122536465491133
2023-07-26 19:34:25,429 [main] DEBUG balancer.ContainerBalancerTask (ContainerBalancerTask.java:initializeIteration(386)) - Lower limit for utilization is 0.24639146179754073 and Upper limit for utilization is 0.3781158313006859
2023-07-26 19:34:25,429 [main] DEBUG balancer.ContainerBalancerTask (ContainerBalancerTask.java:initializeIteration(398)) - Utilization for node a37c7fb9-c250-428d-bbaf-25effbb8edb9 with capacity 58459277084B, used 52613349376B, and remaining 5845927708B is 0.9000000000068423
2023-07-26 19:34:25,429 [main] DEBUG balancer.ContainerBalancerTask (ContainerBalancerTask.java:initializeIteration(398)) - Utilization for node d7627ed8-bcaa-49c3-bfde-d13ab0078c22 with capacity 64424509440B, used 51539607552B, and remaining 12884901888B is 0.8
2023-07-26 19:34:25,429 [main] DEBUG balancer.ContainerBalancerTask (ContainerBalancerTask.java:initializeIteration(398)) - Utilization for node c2e9ace7-d217-4b40-a541-d7ab9b4862fd with capacity 65958426331B, used 46170898432B, and remaining 19787527899B is 0.7000000000045483
2023-07-26 19:34:25,429 [main] DEBUG balancer.ContainerBalancerTask (ContainerBalancerTask.java:initializeIteration(398)) - Utilization for node 7b147160-f7e4-4ed5-9f84-7cc53a14b227 with capacity 75161927680B, used 45097156608B, and remaining 30064771072B is 0.6
2023-07-26 19:34:25,430 [main] DEBUG balancer.ContainerBalancerTask (ContainerBalancerTask.java:initializeIteration(398)) - Utilization for node 7b15d5a2-3ae8-45f1-827d-dd401d344ef1 with capacity 55834574848B, used 27917287424B, and remaining 27917287424B is 0.5
2023-07-26 19:34:25,430 [main] DEBUG balancer.ContainerBalancerTask (ContainerBalancerTask.java:initializeIteration(398)) - Utilization for node 1958fd06-49b2-457f-a49a-87b7d3719053 with capacity 120795955200B, used 48318382080B, and remaining 72477573120B is 0.4
2023-07-26 19:34:25,430 [main] DEBUG balancer.ContainerBalancerTask (ContainerBalancerTask.java:initializeIteration(398)) - Utilization for node be05a542-2d6b-4cd9-9aa2-f5ccab50f441 with capacity 110953321813B, used 33285996544B, and remaining 77667325269B is 0.30000000000090127
2023-07-26 19:34:25,430 [main] DEBUG balancer.ContainerBalancerTask (ContainerBalancerTask.java:initializeIteration(398)) - Utilization for node 076794ef-350c-4ec9-878a-5e5e24d8889f with capacity 150323855360B, used 30064771072B, and remaining 120259084288B is 0.2
2023-07-26 19:34:25,430 [main] DEBUG balancer.ContainerBalancerTask (ContainerBalancerTask.java:initializeIteration(398)) - Utilization for node 0b017e3b-1d8d-4cc0-87ec-36105ee8c9d5 with capacity 504658657280B, used 50465865728B, and remaining 454192791552B is 0.1
2023-07-26 19:34:25,430 [main] DEBUG balancer.ContainerBalancerTask (ContainerBalancerTask.java:initializeIteration(398)) - Utilization for node bdd2467a-0919-47ab-a2c7-d439310d8903 with capacity 27917287424B, used 0B, and remaining 27917287424B is 0.0
2023-07-26 19:34:25,430 [main] INFO  balancer.ContainerBalancerTask (ContainerBalancerTask.java:initializeIteration(447)) - Container Balancer has identified 6 Over-Utilized and 3 Under-Utilized Datanodes that need to be balanced.
2023-07-26 19:34:25,430 [main] DEBUG balancer.ContainerBalancerTask (ContainerBalancerTask.java:lambda$initializeIteration$1(453)) - Datanode localhost-251.127.170.125 a37c7fb9-c250-428d-bbaf-25effbb8edb9 is Over-Utilized.
2023-07-26 19:34:25,432 [main] DEBUG balancer.ContainerBalancerTask (ContainerBalancerTask.java:lambda$initializeIteration$1(453)) - Datanode localhost-190.189.13.220 d7627ed8-bcaa-49c3-bfde-d13ab0078c22 is Over-Utilized.
2023-07-26 19:34:25,433 [main] DEBUG balancer.ContainerBalancerTask (ContainerBalancerTask.java:lambda$initializeIteration$1(453)) - Datanode localhost-97.48.255.145 c2e9ace7-d217-4b40-a541-d7ab9b4862fd is Over-Utilized.
2023-07-26 19:34:25,433 [main] DEBUG balancer.ContainerBalancerTask (ContainerBalancerTask.java:lambda$initializeIteration$1(453)) - Datanode localhost-150.83.213.203 7b147160-f7e4-4ed5-9f84-7cc53a14b227 is Over-Utilized.
2023-07-26 19:34:25,433 [main] DEBUG balancer.ContainerBalancerTask (ContainerBalancerTask.java:lambda$initializeIteration$1(453)) - Datanode localhost-219.88.132.51 7b15d5a2-3ae8-45f1-827d-dd401d344ef1 is Over-Utilized.
2023-07-26 19:34:25,433 [main] DEBUG balancer.ContainerBalancerTask (ContainerBalancerTask.java:lambda$initializeIteration$1(453)) - Datanode localhost-157.7.116.185 1958fd06-49b2-457f-a49a-87b7d3719053 is Over-Utilized.
2023-07-26 19:34:25,433 [main] DEBUG balancer.ContainerBalancerTask (ContainerBalancerTask.java:lambda$initializeIteration$2(459)) - Datanode localhost-94.255.21.4 bdd2467a-0919-47ab-a2c7-d439310d8903 is Under-Utilized.
2023-07-26 19:34:25,433 [main] DEBUG balancer.ContainerBalancerTask (ContainerBalancerTask.java:lambda$initializeIteration$2(459)) - Datanode localhost-75.199.127.39 0b017e3b-1d8d-4cc0-87ec-36105ee8c9d5 is Under-Utilized.
2023-07-26 19:34:25,433 [main] DEBUG balancer.ContainerBalancerTask (ContainerBalancerTask.java:lambda$initializeIteration$2(459)) - Datanode localhost-62.197.250.249 076794ef-350c-4ec9-878a-5e5e24d8889f is Under-Utilized.
2023-07-26 19:34:25,435 [main] DEBUG balancer.ContainerBalancerTask (ContainerBalancerTask.java:matchSourceWithTarget(708)) - ContainerBalancer is finding suitable target for source datanode a37c7fb9-c250-428d-bbaf-25effbb8edb9
2023-07-26 19:34:25,436 [main] INFO  balancer.ContainerBalancerTask (ContainerBalancerTask.java:matchSourceWithTarget(722)) - ContainerBalancer matched source datanode a37c7fb9-c250-428d-bbaf-25effbb8edb9 with target datanode bdd2467a-0919-47ab-a2c7-d439310d8903 for container move.
2023-07-26 19:34:25,436 [main] INFO  balancer.ContainerBalancerTask (ContainerBalancerTask.java:processMoveSelection(569)) - ContainerBalancer is trying to move container #85 with size 5368709120B from source datanode a37c7fb9-c250-428d-bbaf-25effbb8edb9 to target datanode bdd2467a-0919-47ab-a2c7-d439310d8903
2023-07-26 19:34:25,436 [main] DEBUG balancer.ContainerBalancerTask (ContainerBalancerTask.java:lambda$moveContainer$3(837)) - Container move completed for container #85 from source a37c7fb9-c250-428d-bbaf-25effbb8edb9 to target bdd2467a-0919-47ab-a2c7-d439310d8903
2023-07-26 19:34:25,438 [main] DEBUG balancer.ContainerBalancerTask (ContainerBalancerTask.java:matchSourceWithTarget(708)) - ContainerBalancer is finding suitable target for source datanode a37c7fb9-c250-428d-bbaf-25effbb8edb9
2023-07-26 19:34:25,438 [main] INFO  balancer.ContainerBalancerTask (ContainerBalancerTask.java:matchSourceWithTarget(722)) - ContainerBalancer matched source datanode a37c7fb9-c250-428d-bbaf-25effbb8edb9 with target datanode 0b017e3b-1d8d-4cc0-87ec-36105ee8c9d5 for container move.
2023-07-26 19:34:25,438 [main] INFO  balancer.ContainerBalancerTask (ContainerBalancerTask.java:processMoveSelection(569)) - ContainerBalancer is trying to move container #40 with size 5368709120B from source datanode a37c7fb9-c250-428d-bbaf-25effbb8edb9 to target datanode 0b017e3b-1d8d-4cc0-87ec-36105ee8c9d5
2023-07-26 19:34:25,439 [main] DEBUG balancer.ContainerBalancerTask (ContainerBalancerTask.java:lambda$moveContainer$3(837)) - Container move completed for container #40 from source a37c7fb9-c250-428d-bbaf-25effbb8edb9 to target 0b017e3b-1d8d-4cc0-87ec-36105ee8c9d5
2023-07-26 19:34:25,441 [main] DEBUG balancer.ContainerBalancerTask (ContainerBalancerTask.java:matchSourceWithTarget(708)) - ContainerBalancer is finding suitable target for source datanode d7627ed8-bcaa-49c3-bfde-d13ab0078c22
2023-07-26 19:34:25,441 [main] INFO  balancer.ContainerBalancerTask (ContainerBalancerTask.java:matchSourceWithTarget(722)) - ContainerBalancer matched source datanode d7627ed8-bcaa-49c3-bfde-d13ab0078c22 with target datanode 0b017e3b-1d8d-4cc0-87ec-36105ee8c9d5 for container move.
2023-07-26 19:34:25,441 [main] INFO  balancer.ContainerBalancerTask (ContainerBalancerTask.java:processMoveSelection(569)) - ContainerBalancer is trying to move container #68 with size 5368709120B from source datanode d7627ed8-bcaa-49c3-bfde-d13ab0078c22 to target datanode 0b017e3b-1d8d-4cc0-87ec-36105ee8c9d5
2023-07-26 19:34:25,441 [main] DEBUG balancer.ContainerBalancerTask (ContainerBalancerTask.java:lambda$moveContainer$3(837)) - Container move completed for container #68 from source d7627ed8-bcaa-49c3-bfde-d13ab0078c22 to target 0b017e3b-1d8d-4cc0-87ec-36105ee8c9d5
2023-07-26 19:34:25,444 [main] DEBUG balancer.ContainerBalancerTask (ContainerBalancerTask.java:matchSourceWithTarget(708)) - ContainerBalancer is finding suitable target for source datanode d7627ed8-bcaa-49c3-bfde-d13ab0078c22
2023-07-26 19:34:25,444 [main] INFO  balancer.ContainerBalancerTask (ContainerBalancerTask.java:matchSourceWithTarget(722)) - ContainerBalancer matched source datanode d7627ed8-bcaa-49c3-bfde-d13ab0078c22 with target datanode 0b017e3b-1d8d-4cc0-87ec-36105ee8c9d5 for container move.
2023-07-26 19:34:25,444 [main] INFO  balancer.ContainerBalancerTask (ContainerBalancerTask.java:processMoveSelection(569)) - ContainerBalancer is trying to move container #53 with size 5368709120B from source datanode d7627ed8-bcaa-49c3-bfde-d13ab0078c22 to target datanode 0b017e3b-1d8d-4cc0-87ec-36105ee8c9d5
2023-07-26 19:34:25,444 [main] DEBUG balancer.ContainerBalancerTask (ContainerBalancerTask.java:lambda$moveContainer$3(837)) - Container move completed for container #53 from source d7627ed8-bcaa-49c3-bfde-d13ab0078c22 to target 0b017e3b-1d8d-4cc0-87ec-36105ee8c9d5
2023-07-26 19:34:25,447 [main] DEBUG balancer.ContainerBalancerTask (ContainerBalancerTask.java:matchSourceWithTarget(708)) - ContainerBalancer is finding suitable target for source datanode a37c7fb9-c250-428d-bbaf-25effbb8edb9
2023-07-26 19:34:25,447 [main] INFO  balancer.ContainerBalancerTask (ContainerBalancerTask.java:matchSourceWithTarget(722)) - ContainerBalancer matched source datanode a37c7fb9-c250-428d-bbaf-25effbb8edb9 with target datanode 0b017e3b-1d8d-4cc0-87ec-36105ee8c9d5 for container move.
2023-07-26 19:34:25,447 [main] INFO  balancer.ContainerBalancerTask (ContainerBalancerTask.java:processMoveSelection(569)) - ContainerBalancer is trying to move container #89 with size 4294967296B from source datanode a37c7fb9-c250-428d-bbaf-25effbb8edb9 to target datanode 0b017e3b-1d8d-4cc0-87ec-36105ee8c9d5
2023-07-26 19:34:25,447 [main] DEBUG balancer.ContainerBalancerTask (ContainerBalancerTask.java:lambda$moveContainer$3(837)) - Container move completed for container #89 from source a37c7fb9-c250-428d-bbaf-25effbb8edb9 to target 0b017e3b-1d8d-4cc0-87ec-36105ee8c9d5
2023-07-26 19:34:25,449 [main] DEBUG balancer.ContainerBalancerTask (ContainerBalancerTask.java:matchSourceWithTarget(708)) - ContainerBalancer is finding suitable target for source datanode c2e9ace7-d217-4b40-a541-d7ab9b4862fd
2023-07-26 19:34:25,450 [main] INFO  balancer.ContainerBalancerTask (ContainerBalancerTask.java:matchSourceWithTarget(722)) - ContainerBalancer matched source datanode c2e9ace7-d217-4b40-a541-d7ab9b4862fd with target datanode 0b017e3b-1d8d-4cc0-87ec-36105ee8c9d5 for container move.
2023-07-26 19:34:25,450 [main] INFO  balancer.ContainerBalancerTask (ContainerBalancerTask.java:processMoveSelection(569)) - ContainerBalancer is trying to move container #67 with size 4294967296B from source datanode c2e9ace7-d217-4b40-a541-d7ab9b4862fd to target datanode 0b017e3b-1d8d-4cc0-87ec-36105ee8c9d5
2023-07-26 19:34:25,450 [main] DEBUG balancer.ContainerBalancerTask (ContainerBalancerTask.java:lambda$moveContainer$3(837)) - Container move completed for container #67 from source c2e9ace7-d217-4b40-a541-d7ab9b4862fd to target 0b017e3b-1d8d-4cc0-87ec-36105ee8c9d5
2023-07-26 19:34:25,452 [main] DEBUG balancer.ContainerBalancerTask (ContainerBalancerTask.java:matchSourceWithTarget(708)) - ContainerBalancer is finding suitable target for source datanode a37c7fb9-c250-428d-bbaf-25effbb8edb9
2023-07-26 19:34:25,453 [main] INFO  balancer.ContainerBalancerTask (ContainerBalancerTask.java:matchSourceWithTarget(722)) - ContainerBalancer matched source datanode a37c7fb9-c250-428d-bbaf-25effbb8edb9 with target datanode 0b017e3b-1d8d-4cc0-87ec-36105ee8c9d5 for container move.
2023-07-26 19:34:25,453 [main] INFO  balancer.ContainerBalancerTask (ContainerBalancerTask.java:processMoveSelection(569)) - ContainerBalancer is trying to move container #52 with size 4294967296B from source datanode a37c7fb9-c250-428d-bbaf-25effbb8edb9 to target datanode 0b017e3b-1d8d-4cc0-87ec-36105ee8c9d5
2023-07-26 19:34:25,453 [main] DEBUG balancer.ContainerBalancerTask (ContainerBalancerTask.java:lambda$moveContainer$3(837)) - Container move completed for container #52 from source a37c7fb9-c250-428d-bbaf-25effbb8edb9 to target 0b017e3b-1d8d-4cc0-87ec-36105ee8c9d5
2023-07-26 19:34:25,455 [main] DEBUG balancer.ContainerBalancerTask (ContainerBalancerTask.java:matchSourceWithTarget(708)) - ContainerBalancer is finding suitable target for source datanode c2e9ace7-d217-4b40-a541-d7ab9b4862fd
2023-07-26 19:34:25,455 [main] INFO  balancer.ContainerBalancerTask (ContainerBalancerTask.java:matchSourceWithTarget(722)) - ContainerBalancer matched source datanode c2e9ace7-d217-4b40-a541-d7ab9b4862fd with target datanode 0b017e3b-1d8d-4cc0-87ec-36105ee8c9d5 for container move.
2023-07-26 19:34:25,456 [main] INFO  balancer.ContainerBalancerTask (ContainerBalancerTask.java:processMoveSelection(569)) - ContainerBalancer is trying to move container #55 with size 2147483648B from source datanode c2e9ace7-d217-4b40-a541-d7ab9b4862fd to target datanode 0b017e3b-1d8d-4cc0-87ec-36105ee8c9d5
2023-07-26 19:34:25,456 [main] DEBUG balancer.ContainerBalancerTask (ContainerBalancerTask.java:lambda$moveContainer$3(837)) - Container move completed for container #55 from source c2e9ace7-d217-4b40-a541-d7ab9b4862fd to target 0b017e3b-1d8d-4cc0-87ec-36105ee8c9d5
2023-07-26 19:34:25,458 [main] DEBUG balancer.ContainerBalancerTask (ContainerBalancerTask.java:matchSourceWithTarget(708)) - ContainerBalancer is finding suitable target for source datanode d7627ed8-bcaa-49c3-bfde-d13ab0078c22
2023-07-26 19:34:25,458 [main] INFO  balancer.ContainerBalancerTask (ContainerBalancerTask.java:matchSourceWithTarget(722)) - ContainerBalancer matched source datanode d7627ed8-bcaa-49c3-bfde-d13ab0078c22 with target datanode 0b017e3b-1d8d-4cc0-87ec-36105ee8c9d5 for container move.
2023-07-26 19:34:25,459 [main] INFO  balancer.ContainerBalancerTask (ContainerBalancerTask.java:processMoveSelection(569)) - ContainerBalancer is trying to move container #71 with size 3221225472B from source datanode d7627ed8-bcaa-49c3-bfde-d13ab0078c22 to target datanode 0b017e3b-1d8d-4cc0-87ec-36105ee8c9d5
2023-07-26 19:34:25,459 [main] DEBUG balancer.ContainerBalancerTask (ContainerBalancerTask.java:lambda$moveContainer$3(837)) - Container move completed for container #71 from source d7627ed8-bcaa-49c3-bfde-d13ab0078c22 to target 0b017e3b-1d8d-4cc0-87ec-36105ee8c9d5
2023-07-26 19:34:25,461 [main] DEBUG balancer.ContainerBalancerTask (ContainerBalancerTask.java:matchSourceWithTarget(708)) - ContainerBalancer is finding suitable target for source datanode c2e9ace7-d217-4b40-a541-d7ab9b4862fd
2023-07-26 19:34:25,461 [main] INFO  balancer.ContainerBalancerTask (ContainerBalancerTask.java:matchSourceWithTarget(722)) - ContainerBalancer matched source datanode c2e9ace7-d217-4b40-a541-d7ab9b4862fd with target datanode 0b017e3b-1d8d-4cc0-87ec-36105ee8c9d5 for container move.
2023-07-26 19:34:25,461 [main] INFO  balancer.ContainerBalancerTask (ContainerBalancerTask.java:processMoveSelection(569)) - ContainerBalancer is trying to move container #17 with size 2147483648B from source datanode c2e9ace7-d217-4b40-a541-d7ab9b4862fd to target datanode 0b017e3b-1d8d-4cc0-87ec-36105ee8c9d5
2023-07-26 19:34:25,462 [main] DEBUG balancer.ContainerBalancerTask (ContainerBalancerTask.java:lambda$moveContainer$3(837)) - Container move completed for container #17 from source c2e9ace7-d217-4b40-a541-d7ab9b4862fd to target 0b017e3b-1d8d-4cc0-87ec-36105ee8c9d5
2023-07-26 19:34:25,464 [main] DEBUG balancer.ContainerBalancerTask (ContainerBalancerTask.java:matchSourceWithTarget(708)) - ContainerBalancer is finding suitable target for source datanode 7b147160-f7e4-4ed5-9f84-7cc53a14b227
2023-07-26 19:34:25,464 [main] INFO  balancer.ContainerBalancerTask (ContainerBalancerTask.java:matchSourceWithTarget(722)) - ContainerBalancer matched source datanode 7b147160-f7e4-4ed5-9f84-7cc53a14b227 with target datanode 0b017e3b-1d8d-4cc0-87ec-36105ee8c9d5 for container move.
2023-07-26 19:34:25,464 [main] INFO  balancer.ContainerBalancerTask (ContainerBalancerTask.java:processMoveSelection(569)) - ContainerBalancer is trying to move container #83 with size 3221225472B from source datanode 7b147160-f7e4-4ed5-9f84-7cc53a14b227 to target datanode 0b017e3b-1d8d-4cc0-87ec-36105ee8c9d5
2023-07-26 19:34:25,465 [main] DEBUG balancer.ContainerBalancerTask (ContainerBalancerTask.java:lambda$moveContainer$3(837)) - Container move completed for container #83 from source 7b147160-f7e4-4ed5-9f84-7cc53a14b227 to target 0b017e3b-1d8d-4cc0-87ec-36105ee8c9d5
2023-07-26 19:34:25,467 [main] DEBUG balancer.ContainerBalancerTask (ContainerBalancerTask.java:matchSourceWithTarget(708)) - ContainerBalancer is finding suitable target for source datanode d7627ed8-bcaa-49c3-bfde-d13ab0078c22
2023-07-26 19:34:25,468 [main] INFO  balancer.ContainerBalancerTask (ContainerBalancerTask.java:matchSourceWithTarget(722)) - ContainerBalancer matched source datanode d7627ed8-bcaa-49c3-bfde-d13ab0078c22 with target datanode 0b017e3b-1d8d-4cc0-87ec-36105ee8c9d5 for container move.
2023-07-26 19:34:25,468 [main] INFO  balancer.ContainerBalancerTask (ContainerBalancerTask.java:processMoveSelection(569)) - ContainerBalancer is trying to move container #82 with size 2147483648B from source datanode d7627ed8-bcaa-49c3-bfde-d13ab0078c22 to target datanode 0b017e3b-1d8d-4cc0-87ec-36105ee8c9d5
2023-07-26 19:34:25,468 [main] DEBUG balancer.ContainerBalancerTask (ContainerBalancerTask.java:lambda$moveContainer$3(837)) - Container move completed for container #82 from source d7627ed8-bcaa-49c3-bfde-d13ab0078c22 to target 0b017e3b-1d8d-4cc0-87ec-36105ee8c9d5
2023-07-26 19:34:25,470 [main] DEBUG balancer.ContainerBalancerTask (ContainerBalancerTask.java:matchSourceWithTarget(708)) - ContainerBalancer is finding suitable target for source datanode c2e9ace7-d217-4b40-a541-d7ab9b4862fd
2023-07-26 19:34:25,471 [main] INFO  balancer.ContainerBalancerTask (ContainerBalancerTask.java:matchSourceWithTarget(722)) - ContainerBalancer matched source datanode c2e9ace7-d217-4b40-a541-d7ab9b4862fd with target datanode 0b017e3b-1d8d-4cc0-87ec-36105ee8c9d5 for container move.
2023-07-26 19:34:25,471 [main] INFO  balancer.ContainerBalancerTask (ContainerBalancerTask.java:processMoveSelection(569)) - ContainerBalancer is trying to move container #10 with size 2147483648B from source datanode c2e9ace7-d217-4b40-a541-d7ab9b4862fd to target datanode 0b017e3b-1d8d-4cc0-87ec-36105ee8c9d5
2023-07-26 19:34:25,471 [main] DEBUG balancer.ContainerBalancerTask (ContainerBalancerTask.java:lambda$moveContainer$3(837)) - Container move completed for container #10 from source c2e9ace7-d217-4b40-a541-d7ab9b4862fd to target 0b017e3b-1d8d-4cc0-87ec-36105ee8c9d5
2023-07-26 19:34:25,474 [main] DEBUG balancer.ContainerBalancerTask (ContainerBalancerTask.java:matchSourceWithTarget(708)) - ContainerBalancer is finding suitable target for source datanode a37c7fb9-c250-428d-bbaf-25effbb8edb9
2023-07-26 19:34:25,474 [main] INFO  balancer.ContainerBalancerTask (ContainerBalancerTask.java:matchSourceWithTarget(722)) - ContainerBalancer matched source datanode a37c7fb9-c250-428d-bbaf-25effbb8edb9 with target datanode 0b017e3b-1d8d-4cc0-87ec-36105ee8c9d5 for container move.
2023-07-26 19:34:25,474 [main] INFO  balancer.ContainerBalancerTask (ContainerBalancerTask.java:processMoveSelection(569)) - ContainerBalancer is trying to move container #28 with size 4294967296B from source datanode a37c7fb9-c250-428d-bbaf-25effbb8edb9 to target datanode 0b017e3b-1d8d-4cc0-87ec-36105ee8c9d5
2023-07-26 19:34:25,474 [main] DEBUG balancer.ContainerBalancerTask (ContainerBalancerTask.java:lambda$moveContainer$3(837)) - Container move completed for container #28 from source a37c7fb9-c250-428d-bbaf-25effbb8edb9 to target 0b017e3b-1d8d-4cc0-87ec-36105ee8c9d5
2023-07-26 19:34:25,475 [main] WARN  balancer.ContainerBalancerTask (ContainerBalancerTask.java:reachedMaxSizeToMovePerIteration(733)) - Reached max size to move limit. 53687091200 bytes have already been scheduled for balancing and the limit is 53687091200 bytes.
2023-07-26 19:34:25,475 [main] INFO  balancer.ContainerBalancerTask (ContainerBalancerTask.java:checkIterationMoveResults(642)) - Iteration Summary. Number of Datanodes involved: 6. Size moved: 50 GB (53687091200 Bytes). Number of Container moves completed: 14.
2023-07-26 19:34:25,475 [main] INFO  balancer.ContainerBalancerTask (ContainerBalancerTask.java:balance(259)) - Result of this iteration of Container Balancer: ITERATION_COMPLETED
2023-07-26 19:34:25,475 [main] INFO  balancer.ContainerBalancerTask (ContainerBalancerTask.java:tryStopWithSaveConfiguration(308)) - Save Configuration for stopping. Reason: Completed all iterations.
2023-07-26 19:34:25,476 [main] DEBUG balancer.ContainerBalancerTask (ContainerBalancerTask.java:initializeIteration(374)) - Average utilization of the cluster is 0.3122536465491133
2023-07-26 19:34:25,476 [main] DEBUG balancer.ContainerBalancerTask (ContainerBalancerTask.java:initializeIteration(386)) - Lower limit for utilization is -0.2916022906555152 and Upper limit for utilization is 0.9161095837537419
2023-07-26 19:34:25,476 [main] DEBUG balancer.ContainerBalancerTask (ContainerBalancerTask.java:initializeIteration(398)) - Utilization for node a37c7fb9-c250-428d-bbaf-25effbb8edb9 with capacity 58459277084B, used 52613349376B, and remaining 5845927708B is 0.9000000000068423
2023-07-26 19:34:25,476 [main] DEBUG balancer.ContainerBalancerTask (ContainerBalancerTask.java:initializeIteration(398)) - Utilization for node d7627ed8-bcaa-49c3-bfde-d13ab0078c22 with capacity 64424509440B, used 51539607552B, and remaining 12884901888B is 0.8
2023-07-26 19:34:25,476 [main] DEBUG balancer.ContainerBalancerTask (ContainerBalancerTask.java:initializeIteration(398)) - Utilization for node c2e9ace7-d217-4b40-a541-d7ab9b4862fd with capacity 65958426331B, used 46170898432B, and remaining 19787527899B is 0.7000000000045483
2023-07-26 19:34:25,476 [main] DEBUG balancer.ContainerBalancerTask (ContainerBalancerTask.java:initializeIteration(398)) - Utilization for node 7b147160-f7e4-4ed5-9f84-7cc53a14b227 with capacity 75161927680B, used 45097156608B, and remaining 30064771072B is 0.6
2023-07-26 19:34:25,476 [main] DEBUG balancer.ContainerBalancerTask (ContainerBalancerTask.java:initializeIteration(398)) - Utilization for node 7b15d5a2-3ae8-45f1-827d-dd401d344ef1 with capacity 55834574848B, used 27917287424B, and remaining 27917287424B is 0.5
2023-07-26 19:34:25,477 [main] DEBUG balancer.ContainerBalancerTask (ContainerBalancerTask.java:initializeIteration(398)) - Utilization for node 1958fd06-49b2-457f-a49a-87b7d3719053 with capacity 120795955200B, used 48318382080B, and remaining 72477573120B is 0.4
2023-07-26 19:34:25,477 [main] DEBUG balancer.ContainerBalancerTask (ContainerBalancerTask.java:initializeIteration(398)) - Utilization for node be05a542-2d6b-4cd9-9aa2-f5ccab50f441 with capacity 110953321813B, used 33285996544B, and remaining 77667325269B is 0.30000000000090127
2023-07-26 19:34:25,477 [main] DEBUG balancer.ContainerBalancerTask (ContainerBalancerTask.java:initializeIteration(398)) - Utilization for node 076794ef-350c-4ec9-878a-5e5e24d8889f with capacity 150323855360B, used 30064771072B, and remaining 120259084288B is 0.2
2023-07-26 19:34:25,477 [main] DEBUG balancer.ContainerBalancerTask (ContainerBalancerTask.java:initializeIteration(398)) - Utilization for node 0b017e3b-1d8d-4cc0-87ec-36105ee8c9d5 with capacity 504658657280B, used 50465865728B, and remaining 454192791552B is 0.1
2023-07-26 19:34:25,477 [main] DEBUG balancer.ContainerBalancerTask (ContainerBalancerTask.java:initializeIteration(398)) - Utilization for node bdd2467a-0919-47ab-a2c7-d439310d8903 with capacity 27917287424B, used 0B, and remaining 27917287424B is 0.0
2023-07-26 19:34:25,477 [main] INFO  balancer.ContainerBalancerTask (ContainerBalancerTask.java:initializeIteration(443)) - Did not find any unbalanced Datanodes.
2023-07-26 19:34:25,477 [main] INFO  balancer.ContainerBalancerTask (ContainerBalancerTask.java:tryStopWithSaveConfiguration(308)) - Save Configuration for stopping. Reason: Could not initialize ContainerBalancer's iteration number 0
2023-07-26 19:34:25,478 [main] DEBUG balancer.ContainerBalancerTask (ContainerBalancerTask.java:initializeIteration(374)) - Average utilization of the cluster is 0.3122536465491133
2023-07-26 19:34:25,478 [main] DEBUG balancer.ContainerBalancerTask (ContainerBalancerTask.java:initializeIteration(386)) - Lower limit for utilization is -0.33261978365213435 and Upper limit for utilization is 0.957127076750361
2023-07-26 19:34:25,478 [main] DEBUG balancer.ContainerBalancerTask (ContainerBalancerTask.java:initializeIteration(398)) - Utilization for node a37c7fb9-c250-428d-bbaf-25effbb8edb9 with capacity 58459277084B, used 52613349376B, and remaining 5845927708B is 0.9000000000068423
2023-07-26 19:34:25,478 [main] DEBUG balancer.ContainerBalancerTask (ContainerBalancerTask.java:initializeIteration(398)) - Utilization for node d7627ed8-bcaa-49c3-bfde-d13ab0078c22 with capacity 64424509440B, used 51539607552B, and remaining 12884901888B is 0.8
2023-07-26 19:34:25,478 [main] DEBUG balancer.ContainerBalancerTask (ContainerBalancerTask.java:initializeIteration(398)) - Utilization for node c2e9ace7-d217-4b40-a541-d7ab9b4862fd with capacity 65958426331B, used 46170898432B, and remaining 19787527899B is 0.7000000000045483
2023-07-26 19:34:25,478 [main] DEBUG balancer.ContainerBalancerTask (ContainerBalancerTask.java:initializeIteration(398)) - Utilization for node 7b147160-f7e4-4ed5-9f84-7cc53a14b227 with capacity 75161927680B, used 45097156608B, and remaining 30064771072B is 0.6
2023-07-26 19:34:25,478 [main] DEBUG balancer.ContainerBalancerTask (ContainerBalancerTask.java:initializeIteration(398)) - Utilization for node 7b15d5a2-3ae8-45f1-827d-dd401d344ef1 with capacity 55834574848B, used 27917287424B, and remaining 27917287424B is 0.5
2023-07-26 19:34:25,478 [main] DEBUG balancer.ContainerBalancerTask (ContainerBalancerTask.java:initializeIteration(398)) - Utilization for node 1958fd06-49b2-457f-a49a-87b7d3719053 with capacity 120795955200B, used 48318382080B, and remaining 72477573120B is 0.4
2023-07-26 19:34:25,478 [main] DEBUG balancer.ContainerBalancerTask (ContainerBalancerTask.java:initializeIteration(398)) - Utilization for node be05a542-2d6b-4cd9-9aa2-f5ccab50f441 with capacity 110953321813B, used 33285996544B, and remaining 77667325269B is 0.30000000000090127
2023-07-26 19:34:25,478 [main] DEBUG balancer.ContainerBalancerTask (ContainerBalancerTask.java:initializeIteration(398)) - Utilization for node 076794ef-350c-4ec9-878a-5e5e24d8889f with capacity 150323855360B, used 30064771072B, and remaining 120259084288B is 0.2
2023-07-26 19:34:25,479 [main] DEBUG balancer.ContainerBalancerTask (ContainerBalancerTask.java:initializeIteration(398)) - Utilization for node 0b017e3b-1d8d-4cc0-87ec-36105ee8c9d5 with capacity 504658657280B, used 50465865728B, and remaining 454192791552B is 0.1
2023-07-26 19:34:25,479 [main] DEBUG balancer.ContainerBalancerTask (ContainerBalancerTask.java:initializeIteration(398)) - Utilization for node bdd2467a-0919-47ab-a2c7-d439310d8903 with capacity 27917287424B, used 0B, and remaining 27917287424B is 0.0
2023-07-26 19:34:25,479 [main] INFO  balancer.ContainerBalancerTask (ContainerBalancerTask.java:initializeIteration(443)) - Did not find any unbalanced Datanodes.
2023-07-26 19:34:25,479 [main] INFO  balancer.ContainerBalancerTask (ContainerBalancerTask.java:tryStopWithSaveConfiguration(308)) - Save Configuration for stopping. Reason: Could not initialize ContainerBalancer's iteration number 0
2023-07-26 19:34:25,480 [main] DEBUG balancer.ContainerBalancerTask (ContainerBalancerTask.java:initializeIteration(374)) - Average utilization of the cluster is 0.3122536465491133
2023-07-26 19:34:25,480 [main] DEBUG balancer.ContainerBalancerTask (ContainerBalancerTask.java:initializeIteration(386)) - Lower limit for utilization is 0.12494304937982476 and Upper limit for utilization is 0.49956424371840186
2023-07-26 19:34:25,480 [main] DEBUG balancer.ContainerBalancerTask (ContainerBalancerTask.java:initializeIteration(398)) - Utilization for node a37c7fb9-c250-428d-bbaf-25effbb8edb9 with capacity 58459277084B, used 52613349376B, and remaining 5845927708B is 0.9000000000068423
2023-07-26 19:34:25,480 [main] DEBUG balancer.ContainerBalancerTask (ContainerBalancerTask.java:initializeIteration(398)) - Utilization for node d7627ed8-bcaa-49c3-bfde-d13ab0078c22 with capacity 64424509440B, used 51539607552B, and remaining 12884901888B is 0.8
2023-07-26 19:34:25,480 [main] DEBUG balancer.ContainerBalancerTask (ContainerBalancerTask.java:initializeIteration(398)) - Utilization for node c2e9ace7-d217-4b40-a541-d7ab9b4862fd with capacity 65958426331B, used 46170898432B, and remaining 19787527899B is 0.7000000000045483
2023-07-26 19:34:25,480 [main] DEBUG balancer.ContainerBalancerTask (ContainerBalancerTask.java:initializeIteration(398)) - Utilization for node 7b147160-f7e4-4ed5-9f84-7cc53a14b227 with capacity 75161927680B, used 45097156608B, and remaining 30064771072B is 0.6
2023-07-26 19:34:25,480 [main] DEBUG balancer.ContainerBalancerTask (ContainerBalancerTask.java:initializeIteration(398)) - Utilization for node 7b15d5a2-3ae8-45f1-827d-dd401d344ef1 with capacity 55834574848B, used 27917287424B, and remaining 27917287424B is 0.5
2023-07-26 19:34:25,481 [main] DEBUG balancer.ContainerBalancerTask (ContainerBalancerTask.java:initializeIteration(398)) - Utilization for node 1958fd06-49b2-457f-a49a-87b7d3719053 with capacity 120795955200B, used 48318382080B, and remaining 72477573120B is 0.4
2023-07-26 19:34:25,481 [main] DEBUG balancer.ContainerBalancerTask (ContainerBalancerTask.java:initializeIteration(398)) - Utilization for node be05a542-2d6b-4cd9-9aa2-f5ccab50f441 with capacity 110953321813B, used 33285996544B, and remaining 77667325269B is 0.30000000000090127
2023-07-26 19:34:25,481 [main] DEBUG balancer.ContainerBalancerTask (ContainerBalancerTask.java:initializeIteration(398)) - Utilization for node 076794ef-350c-4ec9-878a-5e5e24d8889f with capacity 150323855360B, used 30064771072B, and remaining 120259084288B is 0.2
2023-07-26 19:34:25,481 [main] DEBUG balancer.ContainerBalancerTask (ContainerBalancerTask.java:initializeIteration(398)) - Utilization for node 0b017e3b-1d8d-4cc0-87ec-36105ee8c9d5 with capacity 504658657280B, used 50465865728B, and remaining 454192791552B is 0.1
2023-07-26 19:34:25,481 [main] DEBUG balancer.ContainerBalancerTask (ContainerBalancerTask.java:initializeIteration(398)) - Utilization for node bdd2467a-0919-47ab-a2c7-d439310d8903 with capacity 27917287424B, used 0B, and remaining 27917287424B is 0.0
2023-07-26 19:34:25,481 [main] INFO  balancer.ContainerBalancerTask (ContainerBalancerTask.java:initializeIteration(447)) - Container Balancer has identified 5 Over-Utilized and 2 Under-Utilized Datanodes that need to be balanced.
2023-07-26 19:34:25,481 [main] DEBUG balancer.ContainerBalancerTask (ContainerBalancerTask.java:lambda$initializeIteration$1(453)) - Datanode localhost-251.127.170.125 a37c7fb9-c250-428d-bbaf-25effbb8edb9 is Over-Utilized.
2023-07-26 19:34:25,481 [main] DEBUG balancer.ContainerBalancerTask (ContainerBalancerTask.java:lambda$initializeIteration$1(453)) - Datanode localhost-190.189.13.220 d7627ed8-bcaa-49c3-bfde-d13ab0078c22 is Over-Utilized.
2023-07-26 19:34:25,481 [main] DEBUG balancer.ContainerBalancerTask (ContainerBalancerTask.java:lambda$initializeIteration$1(453)) - Datanode localhost-97.48.255.145 c2e9ace7-d217-4b40-a541-d7ab9b4862fd is Over-Utilized.
2023-07-26 19:34:25,481 [main] DEBUG balancer.ContainerBalancerTask (ContainerBalancerTask.java:lambda$initializeIteration$1(453)) - Datanode localhost-150.83.213.203 7b147160-f7e4-4ed5-9f84-7cc53a14b227 is Over-Utilized.
2023-07-26 19:34:25,481 [main] DEBUG balancer.ContainerBalancerTask (ContainerBalancerTask.java:lambda$initializeIteration$1(453)) - Datanode localhost-219.88.132.51 7b15d5a2-3ae8-45f1-827d-dd401d344ef1 is Over-Utilized.
2023-07-26 19:34:25,482 [main] DEBUG balancer.ContainerBalancerTask (ContainerBalancerTask.java:lambda$initializeIteration$2(459)) - Datanode localhost-94.255.21.4 bdd2467a-0919-47ab-a2c7-d439310d8903 is Under-Utilized.
2023-07-26 19:34:25,482 [main] DEBUG balancer.ContainerBalancerTask (ContainerBalancerTask.java:lambda$initializeIteration$2(459)) - Datanode localhost-75.199.127.39 0b017e3b-1d8d-4cc0-87ec-36105ee8c9d5 is Under-Utilized.
2023-07-26 19:34:25,484 [main] DEBUG balancer.ContainerBalancerTask (ContainerBalancerTask.java:matchSourceWithTarget(708)) - ContainerBalancer is finding suitable target for source datanode a37c7fb9-c250-428d-bbaf-25effbb8edb9
2023-07-26 19:34:25,484 [main] INFO  balancer.ContainerBalancerTask (ContainerBalancerTask.java:matchSourceWithTarget(722)) - ContainerBalancer matched source datanode a37c7fb9-c250-428d-bbaf-25effbb8edb9 with target datanode bdd2467a-0919-47ab-a2c7-d439310d8903 for container move.
2023-07-26 19:34:25,484 [main] INFO  balancer.ContainerBalancerTask (ContainerBalancerTask.java:processMoveSelection(569)) - ContainerBalancer is trying to move container #85 with size 5368709120B from source datanode a37c7fb9-c250-428d-bbaf-25effbb8edb9 to target datanode bdd2467a-0919-47ab-a2c7-d439310d8903
2023-07-26 19:34:25,484 [main] DEBUG balancer.ContainerBalancerTask (ContainerBalancerTask.java:lambda$moveContainer$3(837)) - Container move completed for container #85 from source a37c7fb9-c250-428d-bbaf-25effbb8edb9 to target bdd2467a-0919-47ab-a2c7-d439310d8903
2023-07-26 19:34:25,487 [main] DEBUG balancer.ContainerBalancerTask (ContainerBalancerTask.java:matchSourceWithTarget(708)) - ContainerBalancer is finding suitable target for source datanode a37c7fb9-c250-428d-bbaf-25effbb8edb9
2023-07-26 19:34:25,487 [main] INFO  balancer.ContainerBalancerTask (ContainerBalancerTask.java:matchSourceWithTarget(722)) - ContainerBalancer matched source datanode a37c7fb9-c250-428d-bbaf-25effbb8edb9 with target datanode 0b017e3b-1d8d-4cc0-87ec-36105ee8c9d5 for container move.
2023-07-26 19:34:25,487 [main] INFO  balancer.ContainerBalancerTask (ContainerBalancerTask.java:processMoveSelection(569)) - ContainerBalancer is trying to move container #40 with size 5368709120B from source datanode a37c7fb9-c250-428d-bbaf-25effbb8edb9 to target datanode 0b017e3b-1d8d-4cc0-87ec-36105ee8c9d5
2023-07-26 19:34:25,487 [main] DEBUG balancer.ContainerBalancerTask (ContainerBalancerTask.java:lambda$moveContainer$3(837)) - Container move completed for container #40 from source a37c7fb9-c250-428d-bbaf-25effbb8edb9 to target 0b017e3b-1d8d-4cc0-87ec-36105ee8c9d5
2023-07-26 19:34:25,489 [main] DEBUG balancer.ContainerBalancerTask (ContainerBalancerTask.java:matchSourceWithTarget(708)) - ContainerBalancer is finding suitable target for source datanode d7627ed8-bcaa-49c3-bfde-d13ab0078c22
2023-07-26 19:34:25,490 [main] INFO  balancer.ContainerBalancerTask (ContainerBalancerTask.java:matchSourceWithTarget(722)) - ContainerBalancer matched source datanode d7627ed8-bcaa-49c3-bfde-d13ab0078c22 with target datanode 0b017e3b-1d8d-4cc0-87ec-36105ee8c9d5 for container move.
2023-07-26 19:34:25,490 [main] INFO  balancer.ContainerBalancerTask (ContainerBalancerTask.java:processMoveSelection(569)) - ContainerBalancer is trying to move container #68 with size 5368709120B from source datanode d7627ed8-bcaa-49c3-bfde-d13ab0078c22 to target datanode 0b017e3b-1d8d-4cc0-87ec-36105ee8c9d5
2023-07-26 19:34:25,490 [main] DEBUG balancer.ContainerBalancerTask (ContainerBalancerTask.java:lambda$moveContainer$3(837)) - Container move completed for container #68 from source d7627ed8-bcaa-49c3-bfde-d13ab0078c22 to target 0b017e3b-1d8d-4cc0-87ec-36105ee8c9d5
2023-07-26 19:34:25,492 [main] DEBUG balancer.ContainerBalancerTask (ContainerBalancerTask.java:matchSourceWithTarget(708)) - ContainerBalancer is finding suitable target for source datanode d7627ed8-bcaa-49c3-bfde-d13ab0078c22
2023-07-26 19:34:25,492 [main] INFO  balancer.ContainerBalancerTask (ContainerBalancerTask.java:matchSourceWithTarget(722)) - ContainerBalancer matched source datanode d7627ed8-bcaa-49c3-bfde-d13ab0078c22 with target datanode 0b017e3b-1d8d-4cc0-87ec-36105ee8c9d5 for container move.
2023-07-26 19:34:25,493 [main] INFO  balancer.ContainerBalancerTask (ContainerBalancerTask.java:processMoveSelection(569)) - ContainerBalancer is trying to move container #53 with size 5368709120B from source datanode d7627ed8-bcaa-49c3-bfde-d13ab0078c22 to target datanode 0b017e3b-1d8d-4cc0-87ec-36105ee8c9d5
2023-07-26 19:34:25,493 [main] DEBUG balancer.ContainerBalancerTask (ContainerBalancerTask.java:lambda$moveContainer$3(837)) - Container move completed for container #53 from source d7627ed8-bcaa-49c3-bfde-d13ab0078c22 to target 0b017e3b-1d8d-4cc0-87ec-36105ee8c9d5
2023-07-26 19:34:25,495 [main] DEBUG balancer.ContainerBalancerTask (ContainerBalancerTask.java:matchSourceWithTarget(708)) - ContainerBalancer is finding suitable target for source datanode a37c7fb9-c250-428d-bbaf-25effbb8edb9
2023-07-26 19:34:25,495 [main] INFO  balancer.ContainerBalancerTask (ContainerBalancerTask.java:matchSourceWithTarget(722)) - ContainerBalancer matched source datanode a37c7fb9-c250-428d-bbaf-25effbb8edb9 with target datanode 0b017e3b-1d8d-4cc0-87ec-36105ee8c9d5 for container move.
2023-07-26 19:34:25,495 [main] INFO  balancer.ContainerBalancerTask (ContainerBalancerTask.java:processMoveSelection(569)) - ContainerBalancer is trying to move container #89 with size 4294967296B from source datanode a37c7fb9-c250-428d-bbaf-25effbb8edb9 to target datanode 0b017e3b-1d8d-4cc0-87ec-36105ee8c9d5
2023-07-26 19:34:25,496 [main] DEBUG balancer.ContainerBalancerTask (ContainerBalancerTask.java:lambda$moveContainer$3(837)) - Container move completed for container #89 from source a37c7fb9-c250-428d-bbaf-25effbb8edb9 to target 0b017e3b-1d8d-4cc0-87ec-36105ee8c9d5
2023-07-26 19:34:25,498 [main] DEBUG balancer.ContainerBalancerTask (ContainerBalancerTask.java:matchSourceWithTarget(708)) - ContainerBalancer is finding suitable target for source datanode c2e9ace7-d217-4b40-a541-d7ab9b4862fd
2023-07-26 19:34:25,498 [main] INFO  balancer.ContainerBalancerTask (ContainerBalancerTask.java:matchSourceWithTarget(722)) - ContainerBalancer matched source datanode c2e9ace7-d217-4b40-a541-d7ab9b4862fd with target datanode 0b017e3b-1d8d-4cc0-87ec-36105ee8c9d5 for container move.
2023-07-26 19:34:25,498 [main] INFO  balancer.ContainerBalancerTask (ContainerBalancerTask.java:processMoveSelection(569)) - ContainerBalancer is trying to move container #67 with size 4294967296B from source datanode c2e9ace7-d217-4b40-a541-d7ab9b4862fd to target datanode 0b017e3b-1d8d-4cc0-87ec-36105ee8c9d5
2023-07-26 19:34:25,498 [main] DEBUG balancer.ContainerBalancerTask (ContainerBalancerTask.java:lambda$moveContainer$3(837)) - Container move completed for container #67 from source c2e9ace7-d217-4b40-a541-d7ab9b4862fd to target 0b017e3b-1d8d-4cc0-87ec-36105ee8c9d5
2023-07-26 19:34:25,501 [main] DEBUG balancer.ContainerBalancerTask (ContainerBalancerTask.java:matchSourceWithTarget(708)) - ContainerBalancer is finding suitable target for source datanode a37c7fb9-c250-428d-bbaf-25effbb8edb9
2023-07-26 19:34:25,501 [main] INFO  balancer.ContainerBalancerTask (ContainerBalancerTask.java:matchSourceWithTarget(722)) - ContainerBalancer matched source datanode a37c7fb9-c250-428d-bbaf-25effbb8edb9 with target datanode 0b017e3b-1d8d-4cc0-87ec-36105ee8c9d5 for container move.
2023-07-26 19:34:25,501 [main] INFO  balancer.ContainerBalancerTask (ContainerBalancerTask.java:processMoveSelection(569)) - ContainerBalancer is trying to move container #52 with size 4294967296B from source datanode a37c7fb9-c250-428d-bbaf-25effbb8edb9 to target datanode 0b017e3b-1d8d-4cc0-87ec-36105ee8c9d5
2023-07-26 19:34:25,501 [main] DEBUG balancer.ContainerBalancerTask (ContainerBalancerTask.java:lambda$moveContainer$3(837)) - Container move completed for container #52 from source a37c7fb9-c250-428d-bbaf-25effbb8edb9 to target 0b017e3b-1d8d-4cc0-87ec-36105ee8c9d5
2023-07-26 19:34:25,504 [main] DEBUG balancer.ContainerBalancerTask (ContainerBalancerTask.java:matchSourceWithTarget(708)) - ContainerBalancer is finding suitable target for source datanode c2e9ace7-d217-4b40-a541-d7ab9b4862fd
2023-07-26 19:34:25,504 [main] INFO  balancer.ContainerBalancerTask (ContainerBalancerTask.java:matchSourceWithTarget(722)) - ContainerBalancer matched source datanode c2e9ace7-d217-4b40-a541-d7ab9b4862fd with target datanode 0b017e3b-1d8d-4cc0-87ec-36105ee8c9d5 for container move.
2023-07-26 19:34:25,504 [main] INFO  balancer.ContainerBalancerTask (ContainerBalancerTask.java:processMoveSelection(569)) - ContainerBalancer is trying to move container #55 with size 2147483648B from source datanode c2e9ace7-d217-4b40-a541-d7ab9b4862fd to target datanode 0b017e3b-1d8d-4cc0-87ec-36105ee8c9d5
2023-07-26 19:34:25,504 [main] DEBUG balancer.ContainerBalancerTask (ContainerBalancerTask.java:lambda$moveContainer$3(837)) - Container move completed for container #55 from source c2e9ace7-d217-4b40-a541-d7ab9b4862fd to target 0b017e3b-1d8d-4cc0-87ec-36105ee8c9d5
2023-07-26 19:34:25,507 [main] DEBUG balancer.ContainerBalancerTask (ContainerBalancerTask.java:matchSourceWithTarget(708)) - ContainerBalancer is finding suitable target for source datanode d7627ed8-bcaa-49c3-bfde-d13ab0078c22
2023-07-26 19:34:25,507 [main] INFO  balancer.ContainerBalancerTask (ContainerBalancerTask.java:matchSourceWithTarget(722)) - ContainerBalancer matched source datanode d7627ed8-bcaa-49c3-bfde-d13ab0078c22 with target datanode 0b017e3b-1d8d-4cc0-87ec-36105ee8c9d5 for container move.
2023-07-26 19:34:25,507 [main] INFO  balancer.ContainerBalancerTask (ContainerBalancerTask.java:processMoveSelection(569)) - ContainerBalancer is trying to move container #71 with size 3221225472B from source datanode d7627ed8-bcaa-49c3-bfde-d13ab0078c22 to target datanode 0b017e3b-1d8d-4cc0-87ec-36105ee8c9d5
2023-07-26 19:34:25,507 [main] DEBUG balancer.ContainerBalancerTask (ContainerBalancerTask.java:lambda$moveContainer$3(837)) - Container move completed for container #71 from source d7627ed8-bcaa-49c3-bfde-d13ab0078c22 to target 0b017e3b-1d8d-4cc0-87ec-36105ee8c9d5
2023-07-26 19:34:25,509 [main] DEBUG balancer.ContainerBalancerTask (ContainerBalancerTask.java:matchSourceWithTarget(708)) - ContainerBalancer is finding suitable target for source datanode c2e9ace7-d217-4b40-a541-d7ab9b4862fd
2023-07-26 19:34:25,510 [main] INFO  balancer.ContainerBalancerTask (ContainerBalancerTask.java:matchSourceWithTarget(722)) - ContainerBalancer matched source datanode c2e9ace7-d217-4b40-a541-d7ab9b4862fd with target datanode 0b017e3b-1d8d-4cc0-87ec-36105ee8c9d5 for container move.
2023-07-26 19:34:25,510 [main] INFO  balancer.ContainerBalancerTask (ContainerBalancerTask.java:processMoveSelection(569)) - ContainerBalancer is trying to move container #17 with size 2147483648B from source datanode c2e9ace7-d217-4b40-a541-d7ab9b4862fd to target datanode 0b017e3b-1d8d-4cc0-87ec-36105ee8c9d5
2023-07-26 19:34:25,510 [main] DEBUG balancer.ContainerBalancerTask (ContainerBalancerTask.java:lambda$moveContainer$3(837)) - Container move completed for container #17 from source c2e9ace7-d217-4b40-a541-d7ab9b4862fd to target 0b017e3b-1d8d-4cc0-87ec-36105ee8c9d5
2023-07-26 19:34:25,513 [main] DEBUG balancer.ContainerBalancerTask (ContainerBalancerTask.java:matchSourceWithTarget(708)) - ContainerBalancer is finding suitable target for source datanode 7b147160-f7e4-4ed5-9f84-7cc53a14b227
2023-07-26 19:34:25,513 [main] INFO  balancer.ContainerBalancerTask (ContainerBalancerTask.java:matchSourceWithTarget(722)) - ContainerBalancer matched source datanode 7b147160-f7e4-4ed5-9f84-7cc53a14b227 with target datanode 0b017e3b-1d8d-4cc0-87ec-36105ee8c9d5 for container move.
2023-07-26 19:34:25,513 [main] INFO  balancer.ContainerBalancerTask (ContainerBalancerTask.java:processMoveSelection(569)) - ContainerBalancer is trying to move container #83 with size 3221225472B from source datanode 7b147160-f7e4-4ed5-9f84-7cc53a14b227 to target datanode 0b017e3b-1d8d-4cc0-87ec-36105ee8c9d5
2023-07-26 19:34:25,513 [main] DEBUG balancer.ContainerBalancerTask (ContainerBalancerTask.java:lambda$moveContainer$3(837)) - Container move completed for container #83 from source 7b147160-f7e4-4ed5-9f84-7cc53a14b227 to target 0b017e3b-1d8d-4cc0-87ec-36105ee8c9d5
2023-07-26 19:34:25,516 [main] DEBUG balancer.ContainerBalancerTask (ContainerBalancerTask.java:matchSourceWithTarget(708)) - ContainerBalancer is finding suitable target for source datanode d7627ed8-bcaa-49c3-bfde-d13ab0078c22
2023-07-26 19:34:25,516 [main] INFO  balancer.ContainerBalancerTask (ContainerBalancerTask.java:matchSourceWithTarget(722)) - ContainerBalancer matched source datanode d7627ed8-bcaa-49c3-bfde-d13ab0078c22 with target datanode 0b017e3b-1d8d-4cc0-87ec-36105ee8c9d5 for container move.
2023-07-26 19:34:25,518 [main] INFO  balancer.ContainerBalancerTask (ContainerBalancerTask.java:processMoveSelection(569)) - ContainerBalancer is trying to move container #82 with size 2147483648B from source datanode d7627ed8-bcaa-49c3-bfde-d13ab0078c22 to target datanode 0b017e3b-1d8d-4cc0-87ec-36105ee8c9d5
2023-07-26 19:34:25,518 [main] DEBUG balancer.ContainerBalancerTask (ContainerBalancerTask.java:lambda$moveContainer$3(837)) - Container move completed for container #82 from source d7627ed8-bcaa-49c3-bfde-d13ab0078c22 to target 0b017e3b-1d8d-4cc0-87ec-36105ee8c9d5
2023-07-26 19:34:25,521 [main] DEBUG balancer.ContainerBalancerTask (ContainerBalancerTask.java:matchSourceWithTarget(708)) - ContainerBalancer is finding suitable target for source datanode c2e9ace7-d217-4b40-a541-d7ab9b4862fd
2023-07-26 19:34:25,521 [main] INFO  balancer.ContainerBalancerTask (ContainerBalancerTask.java:matchSourceWithTarget(722)) - ContainerBalancer matched source datanode c2e9ace7-d217-4b40-a541-d7ab9b4862fd with target datanode 0b017e3b-1d8d-4cc0-87ec-36105ee8c9d5 for container move.
2023-07-26 19:34:25,521 [main] INFO  balancer.ContainerBalancerTask (ContainerBalancerTask.java:processMoveSelection(569)) - ContainerBalancer is trying to move container #10 with size 2147483648B from source datanode c2e9ace7-d217-4b40-a541-d7ab9b4862fd to target datanode 0b017e3b-1d8d-4cc0-87ec-36105ee8c9d5
2023-07-26 19:34:25,521 [main] DEBUG balancer.ContainerBalancerTask (ContainerBalancerTask.java:lambda$moveContainer$3(837)) - Container move completed for container #10 from source c2e9ace7-d217-4b40-a541-d7ab9b4862fd to target 0b017e3b-1d8d-4cc0-87ec-36105ee8c9d5
2023-07-26 19:34:25,524 [main] DEBUG balancer.ContainerBalancerTask (ContainerBalancerTask.java:matchSourceWithTarget(708)) - ContainerBalancer is finding suitable target for source datanode a37c7fb9-c250-428d-bbaf-25effbb8edb9
2023-07-26 19:34:25,524 [main] INFO  balancer.ContainerBalancerTask (ContainerBalancerTask.java:matchSourceWithTarget(722)) - ContainerBalancer matched source datanode a37c7fb9-c250-428d-bbaf-25effbb8edb9 with target datanode 0b017e3b-1d8d-4cc0-87ec-36105ee8c9d5 for container move.
2023-07-26 19:34:25,525 [main] INFO  balancer.ContainerBalancerTask (ContainerBalancerTask.java:processMoveSelection(569)) - ContainerBalancer is trying to move container #28 with size 4294967296B from source datanode a37c7fb9-c250-428d-bbaf-25effbb8edb9 to target datanode 0b017e3b-1d8d-4cc0-87ec-36105ee8c9d5
2023-07-26 19:34:25,525 [main] DEBUG balancer.ContainerBalancerTask (ContainerBalancerTask.java:lambda$moveContainer$3(837)) - Container move completed for container #28 from source a37c7fb9-c250-428d-bbaf-25effbb8edb9 to target 0b017e3b-1d8d-4cc0-87ec-36105ee8c9d5
2023-07-26 19:34:25,525 [main] WARN  balancer.ContainerBalancerTask (ContainerBalancerTask.java:reachedMaxSizeToMovePerIteration(733)) - Reached max size to move limit. 53687091200 bytes have already been scheduled for balancing and the limit is 53687091200 bytes.
2023-07-26 19:34:25,525 [main] INFO  balancer.ContainerBalancerTask (ContainerBalancerTask.java:checkIterationMoveResults(642)) - Iteration Summary. Number of Datanodes involved: 6. Size moved: 50 GB (53687091200 Bytes). Number of Container moves completed: 14.
2023-07-26 19:34:25,525 [main] INFO  balancer.ContainerBalancerTask (ContainerBalancerTask.java:balance(259)) - Result of this iteration of Container Balancer: ITERATION_COMPLETED
2023-07-26 19:34:25,525 [main] INFO  balancer.ContainerBalancerTask (ContainerBalancerTask.java:tryStopWithSaveConfiguration(308)) - Save Configuration for stopping. Reason: Completed all iterations.
2023-07-26 19:34:25,526 [main] DEBUG balancer.ContainerBalancerTask (ContainerBalancerTask.java:initializeIteration(374)) - Average utilization of the cluster is 0.3122536465491133
2023-07-26 19:34:25,526 [main] DEBUG balancer.ContainerBalancerTask (ContainerBalancerTask.java:initializeIteration(386)) - Lower limit for utilization is 0.24787606589788697 and Upper limit for utilization is 0.37663122720033965
2023-07-26 19:34:25,526 [main] DEBUG balancer.ContainerBalancerTask (ContainerBalancerTask.java:initializeIteration(398)) - Utilization for node a37c7fb9-c250-428d-bbaf-25effbb8edb9 with capacity 58459277084B, used 52613349376B, and remaining 5845927708B is 0.9000000000068423
2023-07-26 19:34:25,526 [main] DEBUG balancer.ContainerBalancerTask (ContainerBalancerTask.java:initializeIteration(398)) - Utilization for node d7627ed8-bcaa-49c3-bfde-d13ab0078c22 with capacity 64424509440B, used 51539607552B, and remaining 12884901888B is 0.8
2023-07-26 19:34:25,527 [main] DEBUG balancer.ContainerBalancerTask (ContainerBalancerTask.java:initializeIteration(398)) - Utilization for node c2e9ace7-d217-4b40-a541-d7ab9b4862fd with capacity 65958426331B, used 46170898432B, and remaining 19787527899B is 0.7000000000045483
2023-07-26 19:34:25,527 [main] DEBUG balancer.ContainerBalancerTask (ContainerBalancerTask.java:initializeIteration(398)) - Utilization for node 7b147160-f7e4-4ed5-9f84-7cc53a14b227 with capacity 75161927680B, used 45097156608B, and remaining 30064771072B is 0.6
2023-07-26 19:34:25,527 [main] DEBUG balancer.ContainerBalancerTask (ContainerBalancerTask.java:initializeIteration(398)) - Utilization for node 7b15d5a2-3ae8-45f1-827d-dd401d344ef1 with capacity 55834574848B, used 27917287424B, and remaining 27917287424B is 0.5
2023-07-26 19:34:25,527 [main] DEBUG balancer.ContainerBalancerTask (ContainerBalancerTask.java:initializeIteration(398)) - Utilization for node 1958fd06-49b2-457f-a49a-87b7d3719053 with capacity 120795955200B, used 48318382080B, and remaining 72477573120B is 0.4
2023-07-26 19:34:25,527 [main] DEBUG balancer.ContainerBalancerTask (ContainerBalancerTask.java:initializeIteration(398)) - Utilization for node be05a542-2d6b-4cd9-9aa2-f5ccab50f441 with capacity 110953321813B, used 33285996544B, and remaining 77667325269B is 0.30000000000090127
2023-07-26 19:34:25,527 [main] DEBUG balancer.ContainerBalancerTask (ContainerBalancerTask.java:initializeIteration(398)) - Utilization for node 076794ef-350c-4ec9-878a-5e5e24d8889f with capacity 150323855360B, used 30064771072B, and remaining 120259084288B is 0.2
2023-07-26 19:34:25,527 [main] DEBUG balancer.ContainerBalancerTask (ContainerBalancerTask.java:initializeIteration(398)) - Utilization for node 0b017e3b-1d8d-4cc0-87ec-36105ee8c9d5 with capacity 504658657280B, used 50465865728B, and remaining 454192791552B is 0.1
2023-07-26 19:34:25,527 [main] DEBUG balancer.ContainerBalancerTask (ContainerBalancerTask.java:initializeIteration(398)) - Utilization for node bdd2467a-0919-47ab-a2c7-d439310d8903 with capacity 27917287424B, used 0B, and remaining 27917287424B is 0.0
2023-07-26 19:34:25,527 [main] INFO  balancer.ContainerBalancerTask (ContainerBalancerTask.java:initializeIteration(447)) - Container Balancer has identified 6 Over-Utilized and 3 Under-Utilized Datanodes that need to be balanced.
2023-07-26 19:34:25,527 [main] DEBUG balancer.ContainerBalancerTask (ContainerBalancerTask.java:lambda$initializeIteration$1(453)) - Datanode localhost-251.127.170.125 a37c7fb9-c250-428d-bbaf-25effbb8edb9 is Over-Utilized.
2023-07-26 19:34:25,527 [main] DEBUG balancer.ContainerBalancerTask (ContainerBalancerTask.java:lambda$initializeIteration$1(453)) - Datanode localhost-190.189.13.220 d7627ed8-bcaa-49c3-bfde-d13ab0078c22 is Over-Utilized.
2023-07-26 19:34:25,527 [main] DEBUG balancer.ContainerBalancerTask (ContainerBalancerTask.java:lambda$initializeIteration$1(453)) - Datanode localhost-97.48.255.145 c2e9ace7-d217-4b40-a541-d7ab9b4862fd is Over-Utilized.
2023-07-26 19:34:25,528 [main] DEBUG balancer.ContainerBalancerTask (ContainerBalancerTask.java:lambda$initializeIteration$1(453)) - Datanode localhost-150.83.213.203 7b147160-f7e4-4ed5-9f84-7cc53a14b227 is Over-Utilized.
2023-07-26 19:34:25,528 [main] DEBUG balancer.ContainerBalancerTask (ContainerBalancerTask.java:lambda$initializeIteration$1(453)) - Datanode localhost-219.88.132.51 7b15d5a2-3ae8-45f1-827d-dd401d344ef1 is Over-Utilized.
2023-07-26 19:34:25,528 [main] DEBUG balancer.ContainerBalancerTask (ContainerBalancerTask.java:lambda$initializeIteration$1(453)) - Datanode localhost-157.7.116.185 1958fd06-49b2-457f-a49a-87b7d3719053 is Over-Utilized.
2023-07-26 19:34:25,528 [main] DEBUG balancer.ContainerBalancerTask (ContainerBalancerTask.java:lambda$initializeIteration$2(459)) - Datanode localhost-94.255.21.4 bdd2467a-0919-47ab-a2c7-d439310d8903 is Under-Utilized.
2023-07-26 19:34:25,528 [main] DEBUG balancer.ContainerBalancerTask (ContainerBalancerTask.java:lambda$initializeIteration$2(459)) - Datanode localhost-75.199.127.39 0b017e3b-1d8d-4cc0-87ec-36105ee8c9d5 is Under-Utilized.
2023-07-26 19:34:25,528 [main] DEBUG balancer.ContainerBalancerTask (ContainerBalancerTask.java:lambda$initializeIteration$2(459)) - Datanode localhost-62.197.250.249 076794ef-350c-4ec9-878a-5e5e24d8889f is Under-Utilized.
2023-07-26 19:34:25,530 [main] DEBUG balancer.ContainerBalancerTask (ContainerBalancerTask.java:matchSourceWithTarget(708)) - ContainerBalancer is finding suitable target for source datanode a37c7fb9-c250-428d-bbaf-25effbb8edb9
2023-07-26 19:34:25,530 [main] INFO  balancer.ContainerBalancerTask (ContainerBalancerTask.java:matchSourceWithTarget(722)) - ContainerBalancer matched source datanode a37c7fb9-c250-428d-bbaf-25effbb8edb9 with target datanode bdd2467a-0919-47ab-a2c7-d439310d8903 for container move.
2023-07-26 19:34:25,530 [main] INFO  balancer.ContainerBalancerTask (ContainerBalancerTask.java:processMoveSelection(569)) - ContainerBalancer is trying to move container #85 with size 5368709120B from source datanode a37c7fb9-c250-428d-bbaf-25effbb8edb9 to target datanode bdd2467a-0919-47ab-a2c7-d439310d8903
2023-07-26 19:34:25,531 [main] DEBUG balancer.ContainerBalancerTask (ContainerBalancerTask.java:lambda$moveContainer$3(837)) - Container move completed for container #85 from source a37c7fb9-c250-428d-bbaf-25effbb8edb9 to target bdd2467a-0919-47ab-a2c7-d439310d8903
2023-07-26 19:34:25,533 [main] DEBUG balancer.ContainerBalancerTask (ContainerBalancerTask.java:matchSourceWithTarget(708)) - ContainerBalancer is finding suitable target for source datanode a37c7fb9-c250-428d-bbaf-25effbb8edb9
2023-07-26 19:34:25,533 [main] INFO  balancer.ContainerBalancerTask (ContainerBalancerTask.java:matchSourceWithTarget(722)) - ContainerBalancer matched source datanode a37c7fb9-c250-428d-bbaf-25effbb8edb9 with target datanode 0b017e3b-1d8d-4cc0-87ec-36105ee8c9d5 for container move.
2023-07-26 19:34:25,533 [main] INFO  balancer.ContainerBalancerTask (ContainerBalancerTask.java:processMoveSelection(569)) - ContainerBalancer is trying to move container #40 with size 5368709120B from source datanode a37c7fb9-c250-428d-bbaf-25effbb8edb9 to target datanode 0b017e3b-1d8d-4cc0-87ec-36105ee8c9d5
2023-07-26 19:34:25,533 [main] DEBUG balancer.ContainerBalancerTask (ContainerBalancerTask.java:lambda$moveContainer$3(837)) - Container move completed for container #40 from source a37c7fb9-c250-428d-bbaf-25effbb8edb9 to target 0b017e3b-1d8d-4cc0-87ec-36105ee8c9d5
2023-07-26 19:34:25,536 [main] DEBUG balancer.ContainerBalancerTask (ContainerBalancerTask.java:matchSourceWithTarget(708)) - ContainerBalancer is finding suitable target for source datanode d7627ed8-bcaa-49c3-bfde-d13ab0078c22
2023-07-26 19:34:25,536 [main] INFO  balancer.ContainerBalancerTask (ContainerBalancerTask.java:matchSourceWithTarget(722)) - ContainerBalancer matched source datanode d7627ed8-bcaa-49c3-bfde-d13ab0078c22 with target datanode 0b017e3b-1d8d-4cc0-87ec-36105ee8c9d5 for container move.
2023-07-26 19:34:25,536 [main] INFO  balancer.ContainerBalancerTask (ContainerBalancerTask.java:processMoveSelection(569)) - ContainerBalancer is trying to move container #68 with size 5368709120B from source datanode d7627ed8-bcaa-49c3-bfde-d13ab0078c22 to target datanode 0b017e3b-1d8d-4cc0-87ec-36105ee8c9d5
2023-07-26 19:34:25,536 [main] DEBUG balancer.ContainerBalancerTask (ContainerBalancerTask.java:lambda$moveContainer$3(837)) - Container move completed for container #68 from source d7627ed8-bcaa-49c3-bfde-d13ab0078c22 to target 0b017e3b-1d8d-4cc0-87ec-36105ee8c9d5
2023-07-26 19:34:25,538 [main] DEBUG balancer.ContainerBalancerTask (ContainerBalancerTask.java:matchSourceWithTarget(708)) - ContainerBalancer is finding suitable target for source datanode d7627ed8-bcaa-49c3-bfde-d13ab0078c22
2023-07-26 19:34:25,539 [main] INFO  balancer.ContainerBalancerTask (ContainerBalancerTask.java:matchSourceWithTarget(722)) - ContainerBalancer matched source datanode d7627ed8-bcaa-49c3-bfde-d13ab0078c22 with target datanode 0b017e3b-1d8d-4cc0-87ec-36105ee8c9d5 for container move.
2023-07-26 19:34:25,539 [main] INFO  balancer.ContainerBalancerTask (ContainerBalancerTask.java:processMoveSelection(569)) - ContainerBalancer is trying to move container #53 with size 5368709120B from source datanode d7627ed8-bcaa-49c3-bfde-d13ab0078c22 to target datanode 0b017e3b-1d8d-4cc0-87ec-36105ee8c9d5
2023-07-26 19:34:25,539 [main] DEBUG balancer.ContainerBalancerTask (ContainerBalancerTask.java:lambda$moveContainer$3(837)) - Container move completed for container #53 from source d7627ed8-bcaa-49c3-bfde-d13ab0078c22 to target 0b017e3b-1d8d-4cc0-87ec-36105ee8c9d5
2023-07-26 19:34:25,541 [main] DEBUG balancer.ContainerBalancerTask (ContainerBalancerTask.java:matchSourceWithTarget(708)) - ContainerBalancer is finding suitable target for source datanode a37c7fb9-c250-428d-bbaf-25effbb8edb9
2023-07-26 19:34:25,541 [main] INFO  balancer.ContainerBalancerTask (ContainerBalancerTask.java:matchSourceWithTarget(722)) - ContainerBalancer matched source datanode a37c7fb9-c250-428d-bbaf-25effbb8edb9 with target datanode 0b017e3b-1d8d-4cc0-87ec-36105ee8c9d5 for container move.
2023-07-26 19:34:25,541 [main] INFO  balancer.ContainerBalancerTask (ContainerBalancerTask.java:processMoveSelection(569)) - ContainerBalancer is trying to move container #89 with size 4294967296B from source datanode a37c7fb9-c250-428d-bbaf-25effbb8edb9 to target datanode 0b017e3b-1d8d-4cc0-87ec-36105ee8c9d5
2023-07-26 19:34:25,542 [main] DEBUG balancer.ContainerBalancerTask (ContainerBalancerTask.java:lambda$moveContainer$3(837)) - Container move completed for container #89 from source a37c7fb9-c250-428d-bbaf-25effbb8edb9 to target 0b017e3b-1d8d-4cc0-87ec-36105ee8c9d5
2023-07-26 19:34:25,544 [main] DEBUG balancer.ContainerBalancerTask (ContainerBalancerTask.java:matchSourceWithTarget(708)) - ContainerBalancer is finding suitable target for source datanode c2e9ace7-d217-4b40-a541-d7ab9b4862fd
2023-07-26 19:34:25,544 [main] INFO  balancer.ContainerBalancerTask (ContainerBalancerTask.java:matchSourceWithTarget(722)) - ContainerBalancer matched source datanode c2e9ace7-d217-4b40-a541-d7ab9b4862fd with target datanode 0b017e3b-1d8d-4cc0-87ec-36105ee8c9d5 for container move.
2023-07-26 19:34:25,544 [main] INFO  balancer.ContainerBalancerTask (ContainerBalancerTask.java:processMoveSelection(569)) - ContainerBalancer is trying to move container #67 with size 4294967296B from source datanode c2e9ace7-d217-4b40-a541-d7ab9b4862fd to target datanode 0b017e3b-1d8d-4cc0-87ec-36105ee8c9d5
2023-07-26 19:34:25,544 [main] DEBUG balancer.ContainerBalancerTask (ContainerBalancerTask.java:lambda$moveContainer$3(837)) - Container move completed for container #67 from source c2e9ace7-d217-4b40-a541-d7ab9b4862fd to target 0b017e3b-1d8d-4cc0-87ec-36105ee8c9d5
2023-07-26 19:34:25,547 [main] DEBUG balancer.ContainerBalancerTask (ContainerBalancerTask.java:matchSourceWithTarget(708)) - ContainerBalancer is finding suitable target for source datanode a37c7fb9-c250-428d-bbaf-25effbb8edb9
2023-07-26 19:34:25,547 [main] INFO  balancer.ContainerBalancerTask (ContainerBalancerTask.java:matchSourceWithTarget(722)) - ContainerBalancer matched source datanode a37c7fb9-c250-428d-bbaf-25effbb8edb9 with target datanode 0b017e3b-1d8d-4cc0-87ec-36105ee8c9d5 for container move.
2023-07-26 19:34:25,547 [main] INFO  balancer.ContainerBalancerTask (ContainerBalancerTask.java:processMoveSelection(569)) - ContainerBalancer is trying to move container #52 with size 4294967296B from source datanode a37c7fb9-c250-428d-bbaf-25effbb8edb9 to target datanode 0b017e3b-1d8d-4cc0-87ec-36105ee8c9d5
2023-07-26 19:34:25,547 [main] DEBUG balancer.ContainerBalancerTask (ContainerBalancerTask.java:lambda$moveContainer$3(837)) - Container move completed for container #52 from source a37c7fb9-c250-428d-bbaf-25effbb8edb9 to target 0b017e3b-1d8d-4cc0-87ec-36105ee8c9d5
2023-07-26 19:34:25,549 [main] DEBUG balancer.ContainerBalancerTask (ContainerBalancerTask.java:matchSourceWithTarget(708)) - ContainerBalancer is finding suitable target for source datanode c2e9ace7-d217-4b40-a541-d7ab9b4862fd
2023-07-26 19:34:25,550 [main] INFO  balancer.ContainerBalancerTask (ContainerBalancerTask.java:matchSourceWithTarget(722)) - ContainerBalancer matched source datanode c2e9ace7-d217-4b40-a541-d7ab9b4862fd with target datanode 0b017e3b-1d8d-4cc0-87ec-36105ee8c9d5 for container move.
2023-07-26 19:34:25,550 [main] INFO  balancer.ContainerBalancerTask (ContainerBalancerTask.java:processMoveSelection(569)) - ContainerBalancer is trying to move container #55 with size 2147483648B from source datanode c2e9ace7-d217-4b40-a541-d7ab9b4862fd to target datanode 0b017e3b-1d8d-4cc0-87ec-36105ee8c9d5
2023-07-26 19:34:25,550 [main] DEBUG balancer.ContainerBalancerTask (ContainerBalancerTask.java:lambda$moveContainer$3(837)) - Container move completed for container #55 from source c2e9ace7-d217-4b40-a541-d7ab9b4862fd to target 0b017e3b-1d8d-4cc0-87ec-36105ee8c9d5
2023-07-26 19:34:25,552 [main] DEBUG balancer.ContainerBalancerTask (ContainerBalancerTask.java:matchSourceWithTarget(708)) - ContainerBalancer is finding suitable target for source datanode d7627ed8-bcaa-49c3-bfde-d13ab0078c22
2023-07-26 19:34:25,553 [main] INFO  balancer.ContainerBalancerTask (ContainerBalancerTask.java:matchSourceWithTarget(722)) - ContainerBalancer matched source datanode d7627ed8-bcaa-49c3-bfde-d13ab0078c22 with target datanode 0b017e3b-1d8d-4cc0-87ec-36105ee8c9d5 for container move.
2023-07-26 19:34:25,553 [main] INFO  balancer.ContainerBalancerTask (ContainerBalancerTask.java:processMoveSelection(569)) - ContainerBalancer is trying to move container #71 with size 3221225472B from source datanode d7627ed8-bcaa-49c3-bfde-d13ab0078c22 to target datanode 0b017e3b-1d8d-4cc0-87ec-36105ee8c9d5
2023-07-26 19:34:25,553 [main] DEBUG balancer.ContainerBalancerTask (ContainerBalancerTask.java:lambda$moveContainer$3(837)) - Container move completed for container #71 from source d7627ed8-bcaa-49c3-bfde-d13ab0078c22 to target 0b017e3b-1d8d-4cc0-87ec-36105ee8c9d5
2023-07-26 19:34:25,555 [main] DEBUG balancer.ContainerBalancerTask (ContainerBalancerTask.java:matchSourceWithTarget(708)) - ContainerBalancer is finding suitable target for source datanode c2e9ace7-d217-4b40-a541-d7ab9b4862fd
2023-07-26 19:34:25,555 [main] INFO  balancer.ContainerBalancerTask (ContainerBalancerTask.java:matchSourceWithTarget(722)) - ContainerBalancer matched source datanode c2e9ace7-d217-4b40-a541-d7ab9b4862fd with target datanode 0b017e3b-1d8d-4cc0-87ec-36105ee8c9d5 for container move.
2023-07-26 19:34:25,556 [main] INFO  balancer.ContainerBalancerTask (ContainerBalancerTask.java:processMoveSelection(569)) - ContainerBalancer is trying to move container #17 with size 2147483648B from source datanode c2e9ace7-d217-4b40-a541-d7ab9b4862fd to target datanode 0b017e3b-1d8d-4cc0-87ec-36105ee8c9d5
2023-07-26 19:34:25,556 [main] DEBUG balancer.ContainerBalancerTask (ContainerBalancerTask.java:lambda$moveContainer$3(837)) - Container move completed for container #17 from source c2e9ace7-d217-4b40-a541-d7ab9b4862fd to target 0b017e3b-1d8d-4cc0-87ec-36105ee8c9d5
2023-07-26 19:34:25,558 [main] DEBUG balancer.ContainerBalancerTask (ContainerBalancerTask.java:matchSourceWithTarget(708)) - ContainerBalancer is finding suitable target for source datanode 7b147160-f7e4-4ed5-9f84-7cc53a14b227
2023-07-26 19:34:25,558 [main] INFO  balancer.ContainerBalancerTask (ContainerBalancerTask.java:matchSourceWithTarget(722)) - ContainerBalancer matched source datanode 7b147160-f7e4-4ed5-9f84-7cc53a14b227 with target datanode 0b017e3b-1d8d-4cc0-87ec-36105ee8c9d5 for container move.
2023-07-26 19:34:25,559 [main] INFO  balancer.ContainerBalancerTask (ContainerBalancerTask.java:processMoveSelection(569)) - ContainerBalancer is trying to move container #83 with size 3221225472B from source datanode 7b147160-f7e4-4ed5-9f84-7cc53a14b227 to target datanode 0b017e3b-1d8d-4cc0-87ec-36105ee8c9d5
2023-07-26 19:34:25,560 [main] DEBUG balancer.ContainerBalancerTask (ContainerBalancerTask.java:lambda$moveContainer$3(837)) - Container move completed for container #83 from source 7b147160-f7e4-4ed5-9f84-7cc53a14b227 to target 0b017e3b-1d8d-4cc0-87ec-36105ee8c9d5
2023-07-26 19:34:25,562 [main] DEBUG balancer.ContainerBalancerTask (ContainerBalancerTask.java:matchSourceWithTarget(708)) - ContainerBalancer is finding suitable target for source datanode d7627ed8-bcaa-49c3-bfde-d13ab0078c22
2023-07-26 19:34:25,563 [main] INFO  balancer.ContainerBalancerTask (ContainerBalancerTask.java:matchSourceWithTarget(722)) - ContainerBalancer matched source datanode d7627ed8-bcaa-49c3-bfde-d13ab0078c22 with target datanode 0b017e3b-1d8d-4cc0-87ec-36105ee8c9d5 for container move.
2023-07-26 19:34:25,563 [main] INFO  balancer.ContainerBalancerTask (ContainerBalancerTask.java:processMoveSelection(569)) - ContainerBalancer is trying to move container #82 with size 2147483648B from source datanode d7627ed8-bcaa-49c3-bfde-d13ab0078c22 to target datanode 0b017e3b-1d8d-4cc0-87ec-36105ee8c9d5
2023-07-26 19:34:25,563 [main] DEBUG balancer.ContainerBalancerTask (ContainerBalancerTask.java:lambda$moveContainer$3(837)) - Container move completed for container #82 from source d7627ed8-bcaa-49c3-bfde-d13ab0078c22 to target 0b017e3b-1d8d-4cc0-87ec-36105ee8c9d5
2023-07-26 19:34:25,565 [main] DEBUG balancer.ContainerBalancerTask (ContainerBalancerTask.java:matchSourceWithTarget(708)) - ContainerBalancer is finding suitable target for source datanode c2e9ace7-d217-4b40-a541-d7ab9b4862fd
2023-07-26 19:34:25,566 [main] INFO  balancer.ContainerBalancerTask (ContainerBalancerTask.java:matchSourceWithTarget(722)) - ContainerBalancer matched source datanode c2e9ace7-d217-4b40-a541-d7ab9b4862fd with target datanode 0b017e3b-1d8d-4cc0-87ec-36105ee8c9d5 for container move.
2023-07-26 19:34:25,566 [main] INFO  balancer.ContainerBalancerTask (ContainerBalancerTask.java:processMoveSelection(569)) - ContainerBalancer is trying to move container #10 with size 2147483648B from source datanode c2e9ace7-d217-4b40-a541-d7ab9b4862fd to target datanode 0b017e3b-1d8d-4cc0-87ec-36105ee8c9d5
2023-07-26 19:34:25,566 [main] DEBUG balancer.ContainerBalancerTask (ContainerBalancerTask.java:lambda$moveContainer$3(837)) - Container move completed for container #10 from source c2e9ace7-d217-4b40-a541-d7ab9b4862fd to target 0b017e3b-1d8d-4cc0-87ec-36105ee8c9d5
2023-07-26 19:34:25,569 [main] DEBUG balancer.ContainerBalancerTask (ContainerBalancerTask.java:matchSourceWithTarget(708)) - ContainerBalancer is finding suitable target for source datanode a37c7fb9-c250-428d-bbaf-25effbb8edb9
2023-07-26 19:34:25,569 [main] INFO  balancer.ContainerBalancerTask (ContainerBalancerTask.java:matchSourceWithTarget(722)) - ContainerBalancer matched source datanode a37c7fb9-c250-428d-bbaf-25effbb8edb9 with target datanode 0b017e3b-1d8d-4cc0-87ec-36105ee8c9d5 for container move.
2023-07-26 19:34:25,569 [main] INFO  balancer.ContainerBalancerTask (ContainerBalancerTask.java:processMoveSelection(569)) - ContainerBalancer is trying to move container #28 with size 4294967296B from source datanode a37c7fb9-c250-428d-bbaf-25effbb8edb9 to target datanode 0b017e3b-1d8d-4cc0-87ec-36105ee8c9d5
2023-07-26 19:34:25,569 [main] DEBUG balancer.ContainerBalancerTask (ContainerBalancerTask.java:lambda$moveContainer$3(837)) - Container move completed for container #28 from source a37c7fb9-c250-428d-bbaf-25effbb8edb9 to target 0b017e3b-1d8d-4cc0-87ec-36105ee8c9d5
2023-07-26 19:34:25,570 [main] WARN  balancer.ContainerBalancerTask (ContainerBalancerTask.java:reachedMaxSizeToMovePerIteration(733)) - Reached max size to move limit. 53687091200 bytes have already been scheduled for balancing and the limit is 53687091200 bytes.
2023-07-26 19:34:25,570 [main] INFO  balancer.ContainerBalancerTask (ContainerBalancerTask.java:checkIterationMoveResults(642)) - Iteration Summary. Number of Datanodes involved: 6. Size moved: 50 GB (53687091200 Bytes). Number of Container moves completed: 14.
2023-07-26 19:34:25,570 [main] INFO  balancer.ContainerBalancerTask (ContainerBalancerTask.java:balance(259)) - Result of this iteration of Container Balancer: ITERATION_COMPLETED
2023-07-26 19:34:25,570 [main] INFO  balancer.ContainerBalancerTask (ContainerBalancerTask.java:tryStopWithSaveConfiguration(308)) - Save Configuration for stopping. Reason: Completed all iterations.
2023-07-26 19:34:25,571 [main] DEBUG balancer.ContainerBalancerTask (ContainerBalancerTask.java:initializeIteration(374)) - Average utilization of the cluster is 0.3122536465491133
2023-07-26 19:34:25,571 [main] DEBUG balancer.ContainerBalancerTask (ContainerBalancerTask.java:initializeIteration(386)) - Lower limit for utilization is 0.21641123693245495 and Upper limit for utilization is 0.40809605616577166
2023-07-26 19:34:25,571 [main] DEBUG balancer.ContainerBalancerTask (ContainerBalancerTask.java:initializeIteration(398)) - Utilization for node a37c7fb9-c250-428d-bbaf-25effbb8edb9 with capacity 58459277084B, used 52613349376B, and remaining 5845927708B is 0.9000000000068423
2023-07-26 19:34:25,571 [main] DEBUG balancer.ContainerBalancerTask (ContainerBalancerTask.java:initializeIteration(398)) - Utilization for node d7627ed8-bcaa-49c3-bfde-d13ab0078c22 with capacity 64424509440B, used 51539607552B, and remaining 12884901888B is 0.8
2023-07-26 19:34:25,571 [main] DEBUG balancer.ContainerBalancerTask (ContainerBalancerTask.java:initializeIteration(398)) - Utilization for node c2e9ace7-d217-4b40-a541-d7ab9b4862fd with capacity 65958426331B, used 46170898432B, and remaining 19787527899B is 0.7000000000045483
2023-07-26 19:34:25,571 [main] DEBUG balancer.ContainerBalancerTask (ContainerBalancerTask.java:initializeIteration(398)) - Utilization for node 7b147160-f7e4-4ed5-9f84-7cc53a14b227 with capacity 75161927680B, used 45097156608B, and remaining 30064771072B is 0.6
2023-07-26 19:34:25,572 [main] DEBUG balancer.ContainerBalancerTask (ContainerBalancerTask.java:initializeIteration(398)) - Utilization for node 7b15d5a2-3ae8-45f1-827d-dd401d344ef1 with capacity 55834574848B, used 27917287424B, and remaining 27917287424B is 0.5
2023-07-26 19:34:25,572 [main] DEBUG balancer.ContainerBalancerTask (ContainerBalancerTask.java:initializeIteration(398)) - Utilization for node 1958fd06-49b2-457f-a49a-87b7d3719053 with capacity 120795955200B, used 48318382080B, and remaining 72477573120B is 0.4
2023-07-26 19:34:25,572 [main] DEBUG balancer.ContainerBalancerTask (ContainerBalancerTask.java:initializeIteration(398)) - Utilization for node be05a542-2d6b-4cd9-9aa2-f5ccab50f441 with capacity 110953321813B, used 33285996544B, and remaining 77667325269B is 0.30000000000090127
2023-07-26 19:34:25,572 [main] DEBUG balancer.ContainerBalancerTask (ContainerBalancerTask.java:initializeIteration(398)) - Utilization for node 076794ef-350c-4ec9-878a-5e5e24d8889f with capacity 150323855360B, used 30064771072B, and remaining 120259084288B is 0.2
2023-07-26 19:34:25,572 [main] DEBUG balancer.ContainerBalancerTask (ContainerBalancerTask.java:initializeIteration(398)) - Utilization for node 0b017e3b-1d8d-4cc0-87ec-36105ee8c9d5 with capacity 504658657280B, used 50465865728B, and remaining 454192791552B is 0.1
2023-07-26 19:34:25,572 [main] DEBUG balancer.ContainerBalancerTask (ContainerBalancerTask.java:initializeIteration(398)) - Utilization for node bdd2467a-0919-47ab-a2c7-d439310d8903 with capacity 27917287424B, used 0B, and remaining 27917287424B is 0.0
2023-07-26 19:34:25,572 [main] INFO  balancer.ContainerBalancerTask (ContainerBalancerTask.java:initializeIteration(447)) - Container Balancer has identified 5 Over-Utilized and 3 Under-Utilized Datanodes that need to be balanced.
2023-07-26 19:34:25,572 [main] DEBUG balancer.ContainerBalancerTask (ContainerBalancerTask.java:lambda$initializeIteration$1(453)) - Datanode localhost-251.127.170.125 a37c7fb9-c250-428d-bbaf-25effbb8edb9 is Over-Utilized.
2023-07-26 19:34:25,572 [main] DEBUG balancer.ContainerBalancerTask (ContainerBalancerTask.java:lambda$initializeIteration$1(453)) - Datanode localhost-190.189.13.220 d7627ed8-bcaa-49c3-bfde-d13ab0078c22 is Over-Utilized.
2023-07-26 19:34:25,572 [main] DEBUG balancer.ContainerBalancerTask (ContainerBalancerTask.java:lambda$initializeIteration$1(453)) - Datanode localhost-97.48.255.145 c2e9ace7-d217-4b40-a541-d7ab9b4862fd is Over-Utilized.
2023-07-26 19:34:25,572 [main] DEBUG balancer.ContainerBalancerTask (ContainerBalancerTask.java:lambda$initializeIteration$1(453)) - Datanode localhost-150.83.213.203 7b147160-f7e4-4ed5-9f84-7cc53a14b227 is Over-Utilized.
2023-07-26 19:34:25,572 [main] DEBUG balancer.ContainerBalancerTask (ContainerBalancerTask.java:lambda$initializeIteration$1(453)) - Datanode localhost-219.88.132.51 7b15d5a2-3ae8-45f1-827d-dd401d344ef1 is Over-Utilized.
2023-07-26 19:34:25,573 [main] DEBUG balancer.ContainerBalancerTask (ContainerBalancerTask.java:lambda$initializeIteration$2(459)) - Datanode localhost-94.255.21.4 bdd2467a-0919-47ab-a2c7-d439310d8903 is Under-Utilized.
2023-07-26 19:34:25,573 [main] DEBUG balancer.ContainerBalancerTask (ContainerBalancerTask.java:lambda$initializeIteration$2(459)) - Datanode localhost-75.199.127.39 0b017e3b-1d8d-4cc0-87ec-36105ee8c9d5 is Under-Utilized.
2023-07-26 19:34:25,573 [main] DEBUG balancer.ContainerBalancerTask (ContainerBalancerTask.java:lambda$initializeIteration$2(459)) - Datanode localhost-62.197.250.249 076794ef-350c-4ec9-878a-5e5e24d8889f is Under-Utilized.
2023-07-26 19:34:25,575 [main] DEBUG balancer.ContainerBalancerTask (ContainerBalancerTask.java:matchSourceWithTarget(708)) - ContainerBalancer is finding suitable target for source datanode a37c7fb9-c250-428d-bbaf-25effbb8edb9
2023-07-26 19:34:25,575 [main] INFO  balancer.ContainerBalancerTask (ContainerBalancerTask.java:matchSourceWithTarget(722)) - ContainerBalancer matched source datanode a37c7fb9-c250-428d-bbaf-25effbb8edb9 with target datanode bdd2467a-0919-47ab-a2c7-d439310d8903 for container move.
2023-07-26 19:34:25,575 [main] INFO  balancer.ContainerBalancerTask (ContainerBalancerTask.java:processMoveSelection(569)) - ContainerBalancer is trying to move container #85 with size 5368709120B from source datanode a37c7fb9-c250-428d-bbaf-25effbb8edb9 to target datanode bdd2467a-0919-47ab-a2c7-d439310d8903
2023-07-26 19:34:25,575 [main] DEBUG balancer.ContainerBalancerTask (ContainerBalancerTask.java:lambda$moveContainer$3(837)) - Container move completed for container #85 from source a37c7fb9-c250-428d-bbaf-25effbb8edb9 to target bdd2467a-0919-47ab-a2c7-d439310d8903
2023-07-26 19:34:25,578 [main] DEBUG balancer.ContainerBalancerTask (ContainerBalancerTask.java:matchSourceWithTarget(708)) - ContainerBalancer is finding suitable target for source datanode a37c7fb9-c250-428d-bbaf-25effbb8edb9
2023-07-26 19:34:25,578 [main] INFO  balancer.ContainerBalancerTask (ContainerBalancerTask.java:matchSourceWithTarget(722)) - ContainerBalancer matched source datanode a37c7fb9-c250-428d-bbaf-25effbb8edb9 with target datanode 0b017e3b-1d8d-4cc0-87ec-36105ee8c9d5 for container move.
2023-07-26 19:34:25,578 [main] INFO  balancer.ContainerBalancerTask (ContainerBalancerTask.java:processMoveSelection(569)) - ContainerBalancer is trying to move container #40 with size 5368709120B from source datanode a37c7fb9-c250-428d-bbaf-25effbb8edb9 to target datanode 0b017e3b-1d8d-4cc0-87ec-36105ee8c9d5
2023-07-26 19:34:25,578 [main] DEBUG balancer.ContainerBalancerTask (ContainerBalancerTask.java:lambda$moveContainer$3(837)) - Container move completed for container #40 from source a37c7fb9-c250-428d-bbaf-25effbb8edb9 to target 0b017e3b-1d8d-4cc0-87ec-36105ee8c9d5
2023-07-26 19:34:25,580 [main] DEBUG balancer.ContainerBalancerTask (ContainerBalancerTask.java:matchSourceWithTarget(708)) - ContainerBalancer is finding suitable target for source datanode d7627ed8-bcaa-49c3-bfde-d13ab0078c22
2023-07-26 19:34:25,581 [main] INFO  balancer.ContainerBalancerTask (ContainerBalancerTask.java:matchSourceWithTarget(722)) - ContainerBalancer matched source datanode d7627ed8-bcaa-49c3-bfde-d13ab0078c22 with target datanode 0b017e3b-1d8d-4cc0-87ec-36105ee8c9d5 for container move.
2023-07-26 19:34:25,581 [main] INFO  balancer.ContainerBalancerTask (ContainerBalancerTask.java:processMoveSelection(569)) - ContainerBalancer is trying to move container #68 with size 5368709120B from source datanode d7627ed8-bcaa-49c3-bfde-d13ab0078c22 to target datanode 0b017e3b-1d8d-4cc0-87ec-36105ee8c9d5
2023-07-26 19:34:25,581 [main] DEBUG balancer.ContainerBalancerTask (ContainerBalancerTask.java:lambda$moveContainer$3(837)) - Container move completed for container #68 from source d7627ed8-bcaa-49c3-bfde-d13ab0078c22 to target 0b017e3b-1d8d-4cc0-87ec-36105ee8c9d5
2023-07-26 19:34:25,583 [main] DEBUG balancer.ContainerBalancerTask (ContainerBalancerTask.java:matchSourceWithTarget(708)) - ContainerBalancer is finding suitable target for source datanode d7627ed8-bcaa-49c3-bfde-d13ab0078c22
2023-07-26 19:34:25,583 [main] INFO  balancer.ContainerBalancerTask (ContainerBalancerTask.java:matchSourceWithTarget(722)) - ContainerBalancer matched source datanode d7627ed8-bcaa-49c3-bfde-d13ab0078c22 with target datanode 0b017e3b-1d8d-4cc0-87ec-36105ee8c9d5 for container move.
2023-07-26 19:34:25,583 [main] INFO  balancer.ContainerBalancerTask (ContainerBalancerTask.java:processMoveSelection(569)) - ContainerBalancer is trying to move container #53 with size 5368709120B from source datanode d7627ed8-bcaa-49c3-bfde-d13ab0078c22 to target datanode 0b017e3b-1d8d-4cc0-87ec-36105ee8c9d5
2023-07-26 19:34:25,584 [main] DEBUG balancer.ContainerBalancerTask (ContainerBalancerTask.java:lambda$moveContainer$3(837)) - Container move completed for container #53 from source d7627ed8-bcaa-49c3-bfde-d13ab0078c22 to target 0b017e3b-1d8d-4cc0-87ec-36105ee8c9d5
2023-07-26 19:34:25,586 [main] DEBUG balancer.ContainerBalancerTask (ContainerBalancerTask.java:matchSourceWithTarget(708)) - ContainerBalancer is finding suitable target for source datanode a37c7fb9-c250-428d-bbaf-25effbb8edb9
2023-07-26 19:34:25,586 [main] INFO  balancer.ContainerBalancerTask (ContainerBalancerTask.java:matchSourceWithTarget(722)) - ContainerBalancer matched source datanode a37c7fb9-c250-428d-bbaf-25effbb8edb9 with target datanode 0b017e3b-1d8d-4cc0-87ec-36105ee8c9d5 for container move.
2023-07-26 19:34:25,586 [main] INFO  balancer.ContainerBalancerTask (ContainerBalancerTask.java:processMoveSelection(569)) - ContainerBalancer is trying to move container #89 with size 4294967296B from source datanode a37c7fb9-c250-428d-bbaf-25effbb8edb9 to target datanode 0b017e3b-1d8d-4cc0-87ec-36105ee8c9d5
2023-07-26 19:34:25,586 [main] DEBUG balancer.ContainerBalancerTask (ContainerBalancerTask.java:lambda$moveContainer$3(837)) - Container move completed for container #89 from source a37c7fb9-c250-428d-bbaf-25effbb8edb9 to target 0b017e3b-1d8d-4cc0-87ec-36105ee8c9d5
2023-07-26 19:34:25,589 [main] DEBUG balancer.ContainerBalancerTask (ContainerBalancerTask.java:matchSourceWithTarget(708)) - ContainerBalancer is finding suitable target for source datanode c2e9ace7-d217-4b40-a541-d7ab9b4862fd
2023-07-26 19:34:25,589 [main] INFO  balancer.ContainerBalancerTask (ContainerBalancerTask.java:matchSourceWithTarget(722)) - ContainerBalancer matched source datanode c2e9ace7-d217-4b40-a541-d7ab9b4862fd with target datanode 0b017e3b-1d8d-4cc0-87ec-36105ee8c9d5 for container move.
2023-07-26 19:34:25,589 [main] INFO  balancer.ContainerBalancerTask (ContainerBalancerTask.java:processMoveSelection(569)) - ContainerBalancer is trying to move container #67 with size 4294967296B from source datanode c2e9ace7-d217-4b40-a541-d7ab9b4862fd to target datanode 0b017e3b-1d8d-4cc0-87ec-36105ee8c9d5
2023-07-26 19:34:25,589 [main] DEBUG balancer.ContainerBalancerTask (ContainerBalancerTask.java:lambda$moveContainer$3(837)) - Container move completed for container #67 from source c2e9ace7-d217-4b40-a541-d7ab9b4862fd to target 0b017e3b-1d8d-4cc0-87ec-36105ee8c9d5
2023-07-26 19:34:25,592 [main] DEBUG balancer.ContainerBalancerTask (ContainerBalancerTask.java:matchSourceWithTarget(708)) - ContainerBalancer is finding suitable target for source datanode a37c7fb9-c250-428d-bbaf-25effbb8edb9
2023-07-26 19:34:25,592 [main] INFO  balancer.ContainerBalancerTask (ContainerBalancerTask.java:matchSourceWithTarget(722)) - ContainerBalancer matched source datanode a37c7fb9-c250-428d-bbaf-25effbb8edb9 with target datanode 0b017e3b-1d8d-4cc0-87ec-36105ee8c9d5 for container move.
2023-07-26 19:34:25,592 [main] INFO  balancer.ContainerBalancerTask (ContainerBalancerTask.java:processMoveSelection(569)) - ContainerBalancer is trying to move container #52 with size 4294967296B from source datanode a37c7fb9-c250-428d-bbaf-25effbb8edb9 to target datanode 0b017e3b-1d8d-4cc0-87ec-36105ee8c9d5
2023-07-26 19:34:25,592 [main] DEBUG balancer.ContainerBalancerTask (ContainerBalancerTask.java:lambda$moveContainer$3(837)) - Container move completed for container #52 from source a37c7fb9-c250-428d-bbaf-25effbb8edb9 to target 0b017e3b-1d8d-4cc0-87ec-36105ee8c9d5
2023-07-26 19:34:25,594 [main] DEBUG balancer.ContainerBalancerTask (ContainerBalancerTask.java:matchSourceWithTarget(708)) - ContainerBalancer is finding suitable target for source datanode c2e9ace7-d217-4b40-a541-d7ab9b4862fd
2023-07-26 19:34:25,595 [main] INFO  balancer.ContainerBalancerTask (ContainerBalancerTask.java:matchSourceWithTarget(722)) - ContainerBalancer matched source datanode c2e9ace7-d217-4b40-a541-d7ab9b4862fd with target datanode 0b017e3b-1d8d-4cc0-87ec-36105ee8c9d5 for container move.
2023-07-26 19:34:25,595 [main] INFO  balancer.ContainerBalancerTask (ContainerBalancerTask.java:processMoveSelection(569)) - ContainerBalancer is trying to move container #55 with size 2147483648B from source datanode c2e9ace7-d217-4b40-a541-d7ab9b4862fd to target datanode 0b017e3b-1d8d-4cc0-87ec-36105ee8c9d5
2023-07-26 19:34:25,595 [main] DEBUG balancer.ContainerBalancerTask (ContainerBalancerTask.java:lambda$moveContainer$3(837)) - Container move completed for container #55 from source c2e9ace7-d217-4b40-a541-d7ab9b4862fd to target 0b017e3b-1d8d-4cc0-87ec-36105ee8c9d5
2023-07-26 19:34:25,597 [main] DEBUG balancer.ContainerBalancerTask (ContainerBalancerTask.java:matchSourceWithTarget(708)) - ContainerBalancer is finding suitable target for source datanode d7627ed8-bcaa-49c3-bfde-d13ab0078c22
2023-07-26 19:34:25,597 [main] INFO  balancer.ContainerBalancerTask (ContainerBalancerTask.java:matchSourceWithTarget(722)) - ContainerBalancer matched source datanode d7627ed8-bcaa-49c3-bfde-d13ab0078c22 with target datanode 0b017e3b-1d8d-4cc0-87ec-36105ee8c9d5 for container move.
2023-07-26 19:34:25,598 [main] INFO  balancer.ContainerBalancerTask (ContainerBalancerTask.java:processMoveSelection(569)) - ContainerBalancer is trying to move container #71 with size 3221225472B from source datanode d7627ed8-bcaa-49c3-bfde-d13ab0078c22 to target datanode 0b017e3b-1d8d-4cc0-87ec-36105ee8c9d5
2023-07-26 19:34:25,598 [main] DEBUG balancer.ContainerBalancerTask (ContainerBalancerTask.java:lambda$moveContainer$3(837)) - Container move completed for container #71 from source d7627ed8-bcaa-49c3-bfde-d13ab0078c22 to target 0b017e3b-1d8d-4cc0-87ec-36105ee8c9d5
2023-07-26 19:34:25,600 [main] DEBUG balancer.ContainerBalancerTask (ContainerBalancerTask.java:matchSourceWithTarget(708)) - ContainerBalancer is finding suitable target for source datanode c2e9ace7-d217-4b40-a541-d7ab9b4862fd
2023-07-26 19:34:25,600 [main] INFO  balancer.ContainerBalancerTask (ContainerBalancerTask.java:matchSourceWithTarget(722)) - ContainerBalancer matched source datanode c2e9ace7-d217-4b40-a541-d7ab9b4862fd with target datanode 0b017e3b-1d8d-4cc0-87ec-36105ee8c9d5 for container move.
2023-07-26 19:34:25,601 [main] INFO  balancer.ContainerBalancerTask (ContainerBalancerTask.java:processMoveSelection(569)) - ContainerBalancer is trying to move container #17 with size 2147483648B from source datanode c2e9ace7-d217-4b40-a541-d7ab9b4862fd to target datanode 0b017e3b-1d8d-4cc0-87ec-36105ee8c9d5
2023-07-26 19:34:25,601 [main] DEBUG balancer.ContainerBalancerTask (ContainerBalancerTask.java:lambda$moveContainer$3(837)) - Container move completed for container #17 from source c2e9ace7-d217-4b40-a541-d7ab9b4862fd to target 0b017e3b-1d8d-4cc0-87ec-36105ee8c9d5
2023-07-26 19:34:25,603 [main] DEBUG balancer.ContainerBalancerTask (ContainerBalancerTask.java:matchSourceWithTarget(708)) - ContainerBalancer is finding suitable target for source datanode 7b147160-f7e4-4ed5-9f84-7cc53a14b227
2023-07-26 19:34:25,603 [main] INFO  balancer.ContainerBalancerTask (ContainerBalancerTask.java:matchSourceWithTarget(722)) - ContainerBalancer matched source datanode 7b147160-f7e4-4ed5-9f84-7cc53a14b227 with target datanode 0b017e3b-1d8d-4cc0-87ec-36105ee8c9d5 for container move.
2023-07-26 19:34:25,604 [main] INFO  balancer.ContainerBalancerTask (ContainerBalancerTask.java:processMoveSelection(569)) - ContainerBalancer is trying to move container #83 with size 3221225472B from source datanode 7b147160-f7e4-4ed5-9f84-7cc53a14b227 to target datanode 0b017e3b-1d8d-4cc0-87ec-36105ee8c9d5
2023-07-26 19:34:25,604 [main] DEBUG balancer.ContainerBalancerTask (ContainerBalancerTask.java:lambda$moveContainer$3(837)) - Container move completed for container #83 from source 7b147160-f7e4-4ed5-9f84-7cc53a14b227 to target 0b017e3b-1d8d-4cc0-87ec-36105ee8c9d5
2023-07-26 19:34:25,608 [main] DEBUG balancer.ContainerBalancerTask (ContainerBalancerTask.java:matchSourceWithTarget(708)) - ContainerBalancer is finding suitable target for source datanode d7627ed8-bcaa-49c3-bfde-d13ab0078c22
2023-07-26 19:34:25,609 [main] INFO  balancer.ContainerBalancerTask (ContainerBalancerTask.java:matchSourceWithTarget(722)) - ContainerBalancer matched source datanode d7627ed8-bcaa-49c3-bfde-d13ab0078c22 with target datanode 0b017e3b-1d8d-4cc0-87ec-36105ee8c9d5 for container move.
2023-07-26 19:34:25,609 [main] INFO  balancer.ContainerBalancerTask (ContainerBalancerTask.java:processMoveSelection(569)) - ContainerBalancer is trying to move container #82 with size 2147483648B from source datanode d7627ed8-bcaa-49c3-bfde-d13ab0078c22 to target datanode 0b017e3b-1d8d-4cc0-87ec-36105ee8c9d5
2023-07-26 19:34:25,609 [main] DEBUG balancer.ContainerBalancerTask (ContainerBalancerTask.java:lambda$moveContainer$3(837)) - Container move completed for container #82 from source d7627ed8-bcaa-49c3-bfde-d13ab0078c22 to target 0b017e3b-1d8d-4cc0-87ec-36105ee8c9d5
2023-07-26 19:34:25,611 [main] DEBUG balancer.ContainerBalancerTask (ContainerBalancerTask.java:matchSourceWithTarget(708)) - ContainerBalancer is finding suitable target for source datanode c2e9ace7-d217-4b40-a541-d7ab9b4862fd
2023-07-26 19:34:25,612 [main] INFO  balancer.ContainerBalancerTask (ContainerBalancerTask.java:matchSourceWithTarget(722)) - ContainerBalancer matched source datanode c2e9ace7-d217-4b40-a541-d7ab9b4862fd with target datanode 0b017e3b-1d8d-4cc0-87ec-36105ee8c9d5 for container move.
2023-07-26 19:34:25,612 [main] INFO  balancer.ContainerBalancerTask (ContainerBalancerTask.java:processMoveSelection(569)) - ContainerBalancer is trying to move container #10 with size 2147483648B from source datanode c2e9ace7-d217-4b40-a541-d7ab9b4862fd to target datanode 0b017e3b-1d8d-4cc0-87ec-36105ee8c9d5
2023-07-26 19:34:25,612 [main] DEBUG balancer.ContainerBalancerTask (ContainerBalancerTask.java:lambda$moveContainer$3(837)) - Container move completed for container #10 from source c2e9ace7-d217-4b40-a541-d7ab9b4862fd to target 0b017e3b-1d8d-4cc0-87ec-36105ee8c9d5
2023-07-26 19:34:25,615 [main] DEBUG balancer.ContainerBalancerTask (ContainerBalancerTask.java:matchSourceWithTarget(708)) - ContainerBalancer is finding suitable target for source datanode a37c7fb9-c250-428d-bbaf-25effbb8edb9
2023-07-26 19:34:25,615 [main] INFO  balancer.ContainerBalancerTask (ContainerBalancerTask.java:matchSourceWithTarget(722)) - ContainerBalancer matched source datanode a37c7fb9-c250-428d-bbaf-25effbb8edb9 with target datanode 0b017e3b-1d8d-4cc0-87ec-36105ee8c9d5 for container move.
2023-07-26 19:34:25,615 [main] INFO  balancer.ContainerBalancerTask (ContainerBalancerTask.java:processMoveSelection(569)) - ContainerBalancer is trying to move container #28 with size 4294967296B from source datanode a37c7fb9-c250-428d-bbaf-25effbb8edb9 to target datanode 0b017e3b-1d8d-4cc0-87ec-36105ee8c9d5
2023-07-26 19:34:25,615 [main] DEBUG balancer.ContainerBalancerTask (ContainerBalancerTask.java:lambda$moveContainer$3(837)) - Container move completed for container #28 from source a37c7fb9-c250-428d-bbaf-25effbb8edb9 to target 0b017e3b-1d8d-4cc0-87ec-36105ee8c9d5
2023-07-26 19:34:25,615 [main] WARN  balancer.ContainerBalancerTask (ContainerBalancerTask.java:reachedMaxSizeToMovePerIteration(733)) - Reached max size to move limit. 53687091200 bytes have already been scheduled for balancing and the limit is 53687091200 bytes.
2023-07-26 19:34:25,616 [main] INFO  balancer.ContainerBalancerTask (ContainerBalancerTask.java:checkIterationMoveResults(642)) - Iteration Summary. Number of Datanodes involved: 6. Size moved: 50 GB (53687091200 Bytes). Number of Container moves completed: 14.
2023-07-26 19:34:25,616 [main] INFO  balancer.ContainerBalancerTask (ContainerBalancerTask.java:balance(259)) - Result of this iteration of Container Balancer: ITERATION_COMPLETED
2023-07-26 19:34:25,616 [main] INFO  balancer.ContainerBalancerTask (ContainerBalancerTask.java:tryStopWithSaveConfiguration(308)) - Save Configuration for stopping. Reason: Completed all iterations.
2023-07-26 19:34:25,617 [main] DEBUG balancer.ContainerBalancerTask (ContainerBalancerTask.java:initializeIteration(374)) - Average utilization of the cluster is 0.3122536465491133
2023-07-26 19:34:25,617 [main] DEBUG balancer.ContainerBalancerTask (ContainerBalancerTask.java:initializeIteration(386)) - Lower limit for utilization is -0.5193841514326338 and Upper limit for utilization is 1.1438914445308606
2023-07-26 19:34:25,617 [main] DEBUG balancer.ContainerBalancerTask (ContainerBalancerTask.java:initializeIteration(398)) - Utilization for node a37c7fb9-c250-428d-bbaf-25effbb8edb9 with capacity 58459277084B, used 52613349376B, and remaining 5845927708B is 0.9000000000068423
2023-07-26 19:34:25,617 [main] DEBUG balancer.ContainerBalancerTask (ContainerBalancerTask.java:initializeIteration(398)) - Utilization for node d7627ed8-bcaa-49c3-bfde-d13ab0078c22 with capacity 64424509440B, used 51539607552B, and remaining 12884901888B is 0.8
2023-07-26 19:34:25,617 [main] DEBUG balancer.ContainerBalancerTask (ContainerBalancerTask.java:initializeIteration(398)) - Utilization for node c2e9ace7-d217-4b40-a541-d7ab9b4862fd with capacity 65958426331B, used 46170898432B, and remaining 19787527899B is 0.7000000000045483
2023-07-26 19:34:25,617 [main] DEBUG balancer.ContainerBalancerTask (ContainerBalancerTask.java:initializeIteration(398)) - Utilization for node 7b147160-f7e4-4ed5-9f84-7cc53a14b227 with capacity 75161927680B, used 45097156608B, and remaining 30064771072B is 0.6
2023-07-26 19:34:25,617 [main] DEBUG balancer.ContainerBalancerTask (ContainerBalancerTask.java:initializeIteration(398)) - Utilization for node 7b15d5a2-3ae8-45f1-827d-dd401d344ef1 with capacity 55834574848B, used 27917287424B, and remaining 27917287424B is 0.5
2023-07-26 19:34:25,617 [main] DEBUG balancer.ContainerBalancerTask (ContainerBalancerTask.java:initializeIteration(398)) - Utilization for node 1958fd06-49b2-457f-a49a-87b7d3719053 with capacity 120795955200B, used 48318382080B, and remaining 72477573120B is 0.4
2023-07-26 19:34:25,617 [main] DEBUG balancer.ContainerBalancerTask (ContainerBalancerTask.java:initializeIteration(398)) - Utilization for node be05a542-2d6b-4cd9-9aa2-f5ccab50f441 with capacity 110953321813B, used 33285996544B, and remaining 77667325269B is 0.30000000000090127
2023-07-26 19:34:25,617 [main] DEBUG balancer.ContainerBalancerTask (ContainerBalancerTask.java:initializeIteration(398)) - Utilization for node 076794ef-350c-4ec9-878a-5e5e24d8889f with capacity 150323855360B, used 30064771072B, and remaining 120259084288B is 0.2
2023-07-26 19:34:25,618 [main] DEBUG balancer.ContainerBalancerTask (ContainerBalancerTask.java:initializeIteration(398)) - Utilization for node 0b017e3b-1d8d-4cc0-87ec-36105ee8c9d5 with capacity 504658657280B, used 50465865728B, and remaining 454192791552B is 0.1
2023-07-26 19:34:25,618 [main] DEBUG balancer.ContainerBalancerTask (ContainerBalancerTask.java:initializeIteration(398)) - Utilization for node bdd2467a-0919-47ab-a2c7-d439310d8903 with capacity 27917287424B, used 0B, and remaining 27917287424B is 0.0
2023-07-26 19:34:25,618 [main] INFO  balancer.ContainerBalancerTask (ContainerBalancerTask.java:initializeIteration(443)) - Did not find any unbalanced Datanodes.
2023-07-26 19:34:25,618 [main] INFO  balancer.ContainerBalancerTask (ContainerBalancerTask.java:tryStopWithSaveConfiguration(308)) - Save Configuration for stopping. Reason: Could not initialize ContainerBalancer's iteration number 0
2023-07-26 19:34:25,619 [main] DEBUG balancer.ContainerBalancerTask (ContainerBalancerTask.java:initializeIteration(374)) - Average utilization of the cluster is 0.3122536465491133
2023-07-26 19:34:25,619 [main] DEBUG balancer.ContainerBalancerTask (ContainerBalancerTask.java:initializeIteration(386)) - Lower limit for utilization is -0.31406862176606715 and Upper limit for utilization is 0.9385759148642938
2023-07-26 19:34:25,619 [main] DEBUG balancer.ContainerBalancerTask (ContainerBalancerTask.java:initializeIteration(398)) - Utilization for node a37c7fb9-c250-428d-bbaf-25effbb8edb9 with capacity 58459277084B, used 52613349376B, and remaining 5845927708B is 0.9000000000068423
2023-07-26 19:34:25,619 [main] DEBUG balancer.ContainerBalancerTask (ContainerBalancerTask.java:initializeIteration(398)) - Utilization for node d7627ed8-bcaa-49c3-bfde-d13ab0078c22 with capacity 64424509440B, used 51539607552B, and remaining 12884901888B is 0.8
2023-07-26 19:34:25,619 [main] DEBUG balancer.ContainerBalancerTask (ContainerBalancerTask.java:initializeIteration(398)) - Utilization for node c2e9ace7-d217-4b40-a541-d7ab9b4862fd with capacity 65958426331B, used 46170898432B, and remaining 19787527899B is 0.7000000000045483
2023-07-26 19:34:25,619 [main] DEBUG balancer.ContainerBalancerTask (ContainerBalancerTask.java:initializeIteration(398)) - Utilization for node 7b147160-f7e4-4ed5-9f84-7cc53a14b227 with capacity 75161927680B, used 45097156608B, and remaining 30064771072B is 0.6
2023-07-26 19:34:25,619 [main] DEBUG balancer.ContainerBalancerTask (ContainerBalancerTask.java:initializeIteration(398)) - Utilization for node 7b15d5a2-3ae8-45f1-827d-dd401d344ef1 with capacity 55834574848B, used 27917287424B, and remaining 27917287424B is 0.5
2023-07-26 19:34:25,619 [main] DEBUG balancer.ContainerBalancerTask (ContainerBalancerTask.java:initializeIteration(398)) - Utilization for node 1958fd06-49b2-457f-a49a-87b7d3719053 with capacity 120795955200B, used 48318382080B, and remaining 72477573120B is 0.4
2023-07-26 19:34:25,619 [main] DEBUG balancer.ContainerBalancerTask (ContainerBalancerTask.java:initializeIteration(398)) - Utilization for node be05a542-2d6b-4cd9-9aa2-f5ccab50f441 with capacity 110953321813B, used 33285996544B, and remaining 77667325269B is 0.30000000000090127
2023-07-26 19:34:25,619 [main] DEBUG balancer.ContainerBalancerTask (ContainerBalancerTask.java:initializeIteration(398)) - Utilization for node 076794ef-350c-4ec9-878a-5e5e24d8889f with capacity 150323855360B, used 30064771072B, and remaining 120259084288B is 0.2
2023-07-26 19:34:25,619 [main] DEBUG balancer.ContainerBalancerTask (ContainerBalancerTask.java:initializeIteration(398)) - Utilization for node 0b017e3b-1d8d-4cc0-87ec-36105ee8c9d5 with capacity 504658657280B, used 50465865728B, and remaining 454192791552B is 0.1
2023-07-26 19:34:25,620 [main] DEBUG balancer.ContainerBalancerTask (ContainerBalancerTask.java:initializeIteration(398)) - Utilization for node bdd2467a-0919-47ab-a2c7-d439310d8903 with capacity 27917287424B, used 0B, and remaining 27917287424B is 0.0
2023-07-26 19:34:25,620 [main] INFO  balancer.ContainerBalancerTask (ContainerBalancerTask.java:initializeIteration(443)) - Did not find any unbalanced Datanodes.
2023-07-26 19:34:25,620 [main] INFO  balancer.ContainerBalancerTask (ContainerBalancerTask.java:tryStopWithSaveConfiguration(308)) - Save Configuration for stopping. Reason: Could not initialize ContainerBalancer's iteration number 0
2023-07-26 19:34:25,620 [main] DEBUG balancer.ContainerBalancerTask (ContainerBalancerTask.java:initializeIteration(374)) - Average utilization of the cluster is 0.3122536465491133
2023-07-26 19:34:25,620 [main] DEBUG balancer.ContainerBalancerTask (ContainerBalancerTask.java:initializeIteration(386)) - Lower limit for utilization is -0.5568876505397384 and Upper limit for utilization is 1.1813949436379652
2023-07-26 19:34:25,621 [main] DEBUG balancer.ContainerBalancerTask (ContainerBalancerTask.java:initializeIteration(398)) - Utilization for node a37c7fb9-c250-428d-bbaf-25effbb8edb9 with capacity 58459277084B, used 52613349376B, and remaining 5845927708B is 0.9000000000068423
2023-07-26 19:34:25,621 [main] DEBUG balancer.ContainerBalancerTask (ContainerBalancerTask.java:initializeIteration(398)) - Utilization for node d7627ed8-bcaa-49c3-bfde-d13ab0078c22 with capacity 64424509440B, used 51539607552B, and remaining 12884901888B is 0.8
2023-07-26 19:34:25,621 [main] DEBUG balancer.ContainerBalancerTask (ContainerBalancerTask.java:initializeIteration(398)) - Utilization for node c2e9ace7-d217-4b40-a541-d7ab9b4862fd with capacity 65958426331B, used 46170898432B, and remaining 19787527899B is 0.7000000000045483
2023-07-26 19:34:25,621 [main] DEBUG balancer.ContainerBalancerTask (ContainerBalancerTask.java:initializeIteration(398)) - Utilization for node 7b147160-f7e4-4ed5-9f84-7cc53a14b227 with capacity 75161927680B, used 45097156608B, and remaining 30064771072B is 0.6
2023-07-26 19:34:25,621 [main] DEBUG balancer.ContainerBalancerTask (ContainerBalancerTask.java:initializeIteration(398)) - Utilization for node 7b15d5a2-3ae8-45f1-827d-dd401d344ef1 with capacity 55834574848B, used 27917287424B, and remaining 27917287424B is 0.5
2023-07-26 19:34:25,621 [main] DEBUG balancer.ContainerBalancerTask (ContainerBalancerTask.java:initializeIteration(398)) - Utilization for node 1958fd06-49b2-457f-a49a-87b7d3719053 with capacity 120795955200B, used 48318382080B, and remaining 72477573120B is 0.4
2023-07-26 19:34:25,621 [main] DEBUG balancer.ContainerBalancerTask (ContainerBalancerTask.java:initializeIteration(398)) - Utilization for node be05a542-2d6b-4cd9-9aa2-f5ccab50f441 with capacity 110953321813B, used 33285996544B, and remaining 77667325269B is 0.30000000000090127
2023-07-26 19:34:25,621 [main] DEBUG balancer.ContainerBalancerTask (ContainerBalancerTask.java:initializeIteration(398)) - Utilization for node 076794ef-350c-4ec9-878a-5e5e24d8889f with capacity 150323855360B, used 30064771072B, and remaining 120259084288B is 0.2
2023-07-26 19:34:25,621 [main] DEBUG balancer.ContainerBalancerTask (ContainerBalancerTask.java:initializeIteration(398)) - Utilization for node 0b017e3b-1d8d-4cc0-87ec-36105ee8c9d5 with capacity 504658657280B, used 50465865728B, and remaining 454192791552B is 0.1
2023-07-26 19:34:25,621 [main] DEBUG balancer.ContainerBalancerTask (ContainerBalancerTask.java:initializeIteration(398)) - Utilization for node bdd2467a-0919-47ab-a2c7-d439310d8903 with capacity 27917287424B, used 0B, and remaining 27917287424B is 0.0
2023-07-26 19:34:25,621 [main] INFO  balancer.ContainerBalancerTask (ContainerBalancerTask.java:initializeIteration(443)) - Did not find any unbalanced Datanodes.
2023-07-26 19:34:25,621 [main] INFO  balancer.ContainerBalancerTask (ContainerBalancerTask.java:tryStopWithSaveConfiguration(308)) - Save Configuration for stopping. Reason: Could not initialize ContainerBalancer's iteration number 0
2023-07-26 19:34:25,622 [main] DEBUG balancer.ContainerBalancerTask (ContainerBalancerTask.java:initializeIteration(374)) - Average utilization of the cluster is 0.3122536465491133
2023-07-26 19:34:25,622 [main] DEBUG balancer.ContainerBalancerTask (ContainerBalancerTask.java:initializeIteration(386)) - Lower limit for utilization is 0.01674105347756566 and Upper limit for utilization is 0.6077662396206609
2023-07-26 19:34:25,622 [main] DEBUG balancer.ContainerBalancerTask (ContainerBalancerTask.java:initializeIteration(398)) - Utilization for node a37c7fb9-c250-428d-bbaf-25effbb8edb9 with capacity 58459277084B, used 52613349376B, and remaining 5845927708B is 0.9000000000068423
2023-07-26 19:34:25,622 [main] DEBUG balancer.ContainerBalancerTask (ContainerBalancerTask.java:initializeIteration(398)) - Utilization for node d7627ed8-bcaa-49c3-bfde-d13ab0078c22 with capacity 64424509440B, used 51539607552B, and remaining 12884901888B is 0.8
2023-07-26 19:34:25,622 [main] DEBUG balancer.ContainerBalancerTask (ContainerBalancerTask.java:initializeIteration(398)) - Utilization for node c2e9ace7-d217-4b40-a541-d7ab9b4862fd with capacity 65958426331B, used 46170898432B, and remaining 19787527899B is 0.7000000000045483
2023-07-26 19:34:25,623 [main] DEBUG balancer.ContainerBalancerTask (ContainerBalancerTask.java:initializeIteration(398)) - Utilization for node 7b147160-f7e4-4ed5-9f84-7cc53a14b227 with capacity 75161927680B, used 45097156608B, and remaining 30064771072B is 0.6
2023-07-26 19:34:25,623 [main] DEBUG balancer.ContainerBalancerTask (ContainerBalancerTask.java:initializeIteration(398)) - Utilization for node 7b15d5a2-3ae8-45f1-827d-dd401d344ef1 with capacity 55834574848B, used 27917287424B, and remaining 27917287424B is 0.5
2023-07-26 19:34:25,623 [main] DEBUG balancer.ContainerBalancerTask (ContainerBalancerTask.java:initializeIteration(398)) - Utilization for node 1958fd06-49b2-457f-a49a-87b7d3719053 with capacity 120795955200B, used 48318382080B, and remaining 72477573120B is 0.4
2023-07-26 19:34:25,623 [main] DEBUG balancer.ContainerBalancerTask (ContainerBalancerTask.java:initializeIteration(398)) - Utilization for node be05a542-2d6b-4cd9-9aa2-f5ccab50f441 with capacity 110953321813B, used 33285996544B, and remaining 77667325269B is 0.30000000000090127
2023-07-26 19:34:25,623 [main] DEBUG balancer.ContainerBalancerTask (ContainerBalancerTask.java:initializeIteration(398)) - Utilization for node 076794ef-350c-4ec9-878a-5e5e24d8889f with capacity 150323855360B, used 30064771072B, and remaining 120259084288B is 0.2
2023-07-26 19:34:25,623 [main] DEBUG balancer.ContainerBalancerTask (ContainerBalancerTask.java:initializeIteration(398)) - Utilization for node 0b017e3b-1d8d-4cc0-87ec-36105ee8c9d5 with capacity 504658657280B, used 50465865728B, and remaining 454192791552B is 0.1
2023-07-26 19:34:25,623 [main] DEBUG balancer.ContainerBalancerTask (ContainerBalancerTask.java:initializeIteration(398)) - Utilization for node bdd2467a-0919-47ab-a2c7-d439310d8903 with capacity 27917287424B, used 0B, and remaining 27917287424B is 0.0
2023-07-26 19:34:25,623 [main] INFO  balancer.ContainerBalancerTask (ContainerBalancerTask.java:initializeIteration(447)) - Container Balancer has identified 3 Over-Utilized and 1 Under-Utilized Datanodes that need to be balanced.
2023-07-26 19:34:25,623 [main] DEBUG balancer.ContainerBalancerTask (ContainerBalancerTask.java:lambda$initializeIteration$1(453)) - Datanode localhost-251.127.170.125 a37c7fb9-c250-428d-bbaf-25effbb8edb9 is Over-Utilized.
2023-07-26 19:34:25,623 [main] DEBUG balancer.ContainerBalancerTask (ContainerBalancerTask.java:lambda$initializeIteration$1(453)) - Datanode localhost-190.189.13.220 d7627ed8-bcaa-49c3-bfde-d13ab0078c22 is Over-Utilized.
2023-07-26 19:34:25,623 [main] DEBUG balancer.ContainerBalancerTask (ContainerBalancerTask.java:lambda$initializeIteration$1(453)) - Datanode localhost-97.48.255.145 c2e9ace7-d217-4b40-a541-d7ab9b4862fd is Over-Utilized.
2023-07-26 19:34:25,624 [main] DEBUG balancer.ContainerBalancerTask (ContainerBalancerTask.java:lambda$initializeIteration$2(459)) - Datanode localhost-94.255.21.4 bdd2467a-0919-47ab-a2c7-d439310d8903 is Under-Utilized.
2023-07-26 19:34:25,626 [main] DEBUG balancer.ContainerBalancerTask (ContainerBalancerTask.java:matchSourceWithTarget(708)) - ContainerBalancer is finding suitable target for source datanode a37c7fb9-c250-428d-bbaf-25effbb8edb9
2023-07-26 19:34:25,626 [main] INFO  balancer.ContainerBalancerTask (ContainerBalancerTask.java:matchSourceWithTarget(722)) - ContainerBalancer matched source datanode a37c7fb9-c250-428d-bbaf-25effbb8edb9 with target datanode bdd2467a-0919-47ab-a2c7-d439310d8903 for container move.
2023-07-26 19:34:25,626 [main] INFO  balancer.ContainerBalancerTask (ContainerBalancerTask.java:processMoveSelection(569)) - ContainerBalancer is trying to move container #85 with size 5368709120B from source datanode a37c7fb9-c250-428d-bbaf-25effbb8edb9 to target datanode bdd2467a-0919-47ab-a2c7-d439310d8903
2023-07-26 19:34:25,626 [main] DEBUG balancer.ContainerBalancerTask (ContainerBalancerTask.java:lambda$moveContainer$3(837)) - Container move completed for container #85 from source a37c7fb9-c250-428d-bbaf-25effbb8edb9 to target bdd2467a-0919-47ab-a2c7-d439310d8903
2023-07-26 19:34:25,628 [main] DEBUG balancer.ContainerBalancerTask (ContainerBalancerTask.java:matchSourceWithTarget(708)) - ContainerBalancer is finding suitable target for source datanode a37c7fb9-c250-428d-bbaf-25effbb8edb9
2023-07-26 19:34:25,629 [main] INFO  balancer.ContainerBalancerTask (ContainerBalancerTask.java:matchSourceWithTarget(722)) - ContainerBalancer matched source datanode a37c7fb9-c250-428d-bbaf-25effbb8edb9 with target datanode bdd2467a-0919-47ab-a2c7-d439310d8903 for container move.
2023-07-26 19:34:25,629 [main] INFO  balancer.ContainerBalancerTask (ContainerBalancerTask.java:processMoveSelection(569)) - ContainerBalancer is trying to move container #40 with size 5368709120B from source datanode a37c7fb9-c250-428d-bbaf-25effbb8edb9 to target datanode bdd2467a-0919-47ab-a2c7-d439310d8903
2023-07-26 19:34:25,629 [main] DEBUG balancer.ContainerBalancerTask (ContainerBalancerTask.java:lambda$moveContainer$3(837)) - Container move completed for container #40 from source a37c7fb9-c250-428d-bbaf-25effbb8edb9 to target bdd2467a-0919-47ab-a2c7-d439310d8903
2023-07-26 19:34:25,631 [main] DEBUG balancer.ContainerBalancerTask (ContainerBalancerTask.java:matchSourceWithTarget(708)) - ContainerBalancer is finding suitable target for source datanode d7627ed8-bcaa-49c3-bfde-d13ab0078c22
2023-07-26 19:34:25,631 [main] INFO  balancer.ContainerBalancerTask (ContainerBalancerTask.java:matchSourceWithTarget(722)) - ContainerBalancer matched source datanode d7627ed8-bcaa-49c3-bfde-d13ab0078c22 with target datanode bdd2467a-0919-47ab-a2c7-d439310d8903 for container move.
2023-07-26 19:34:25,632 [main] INFO  balancer.ContainerBalancerTask (ContainerBalancerTask.java:processMoveSelection(569)) - ContainerBalancer is trying to move container #68 with size 5368709120B from source datanode d7627ed8-bcaa-49c3-bfde-d13ab0078c22 to target datanode bdd2467a-0919-47ab-a2c7-d439310d8903
2023-07-26 19:34:25,632 [main] DEBUG balancer.ContainerBalancerTask (ContainerBalancerTask.java:lambda$moveContainer$3(837)) - Container move completed for container #68 from source d7627ed8-bcaa-49c3-bfde-d13ab0078c22 to target bdd2467a-0919-47ab-a2c7-d439310d8903
2023-07-26 19:34:25,634 [main] DEBUG balancer.ContainerBalancerTask (ContainerBalancerTask.java:matchSourceWithTarget(708)) - ContainerBalancer is finding suitable target for source datanode d7627ed8-bcaa-49c3-bfde-d13ab0078c22
2023-07-26 19:34:25,635 [main] INFO  balancer.FindTargetGreedyByUsageInfo (AbstractFindTargetGreedy.java:findTargetForContainerMove(133)) - Container Balancer could not find a target for source datanode d7627ed8-bcaa-49c3-bfde-d13ab0078c22
2023-07-26 19:34:25,635 [main] DEBUG balancer.ContainerBalancerTask (ContainerBalancerTask.java:matchSourceWithTarget(717)) - ContainerBalancer could not find a suitable target for source node d7627ed8-bcaa-49c3-bfde-d13ab0078c22.
2023-07-26 19:34:25,637 [main] DEBUG balancer.ContainerBalancerTask (ContainerBalancerTask.java:matchSourceWithTarget(708)) - ContainerBalancer is finding suitable target for source datanode a37c7fb9-c250-428d-bbaf-25effbb8edb9
2023-07-26 19:34:25,638 [main] INFO  balancer.FindTargetGreedyByUsageInfo (AbstractFindTargetGreedy.java:findTargetForContainerMove(133)) - Container Balancer could not find a target for source datanode a37c7fb9-c250-428d-bbaf-25effbb8edb9
2023-07-26 19:34:25,638 [main] DEBUG balancer.ContainerBalancerTask (ContainerBalancerTask.java:matchSourceWithTarget(717)) - ContainerBalancer could not find a suitable target for source node a37c7fb9-c250-428d-bbaf-25effbb8edb9.
2023-07-26 19:34:25,640 [main] DEBUG balancer.ContainerBalancerTask (ContainerBalancerTask.java:matchSourceWithTarget(708)) - ContainerBalancer is finding suitable target for source datanode c2e9ace7-d217-4b40-a541-d7ab9b4862fd
2023-07-26 19:34:25,641 [main] INFO  balancer.FindTargetGreedyByUsageInfo (AbstractFindTargetGreedy.java:findTargetForContainerMove(133)) - Container Balancer could not find a target for source datanode c2e9ace7-d217-4b40-a541-d7ab9b4862fd
2023-07-26 19:34:25,641 [main] DEBUG balancer.ContainerBalancerTask (ContainerBalancerTask.java:matchSourceWithTarget(717)) - ContainerBalancer could not find a suitable target for source node c2e9ace7-d217-4b40-a541-d7ab9b4862fd.
2023-07-26 19:34:25,641 [main] INFO  balancer.FindSourceGreedy (FindSourceGreedy.java:getNextCandidateSourceDataNode(126)) - no more candidate source data node
2023-07-26 19:34:25,642 [main] INFO  balancer.ContainerBalancerTask (ContainerBalancerTask.java:checkIterationMoveResults(642)) - Iteration Summary. Number of Datanodes involved: 3. Size moved: 15 GB (16106127360 Bytes). Number of Container moves completed: 3.
2023-07-26 19:34:25,642 [main] INFO  balancer.ContainerBalancerTask (ContainerBalancerTask.java:balance(259)) - Result of this iteration of Container Balancer: ITERATION_COMPLETED
2023-07-26 19:34:25,642 [main] INFO  balancer.ContainerBalancerTask (ContainerBalancerTask.java:tryStopWithSaveConfiguration(308)) - Save Configuration for stopping. Reason: Completed all iterations.
2023-07-26 19:34:25,642 [main] DEBUG balancer.ContainerBalancerTask (ContainerBalancerTask.java:initializeIteration(374)) - Average utilization of the cluster is 0.3122536465491133
2023-07-26 19:34:25,643 [main] DEBUG balancer.ContainerBalancerTask (ContainerBalancerTask.java:initializeIteration(386)) - Lower limit for utilization is -0.5219192973269011 and Upper limit for utilization is 1.1464265904251278
2023-07-26 19:34:25,643 [main] DEBUG balancer.ContainerBalancerTask (ContainerBalancerTask.java:initializeIteration(398)) - Utilization for node a37c7fb9-c250-428d-bbaf-25effbb8edb9 with capacity 58459277084B, used 52613349376B, and remaining 5845927708B is 0.9000000000068423
2023-07-26 19:34:25,643 [main] DEBUG balancer.ContainerBalancerTask (ContainerBalancerTask.java:initializeIteration(398)) - Utilization for node d7627ed8-bcaa-49c3-bfde-d13ab0078c22 with capacity 64424509440B, used 51539607552B, and remaining 12884901888B is 0.8
2023-07-26 19:34:25,643 [main] DEBUG balancer.ContainerBalancerTask (ContainerBalancerTask.java:initializeIteration(398)) - Utilization for node c2e9ace7-d217-4b40-a541-d7ab9b4862fd with capacity 65958426331B, used 46170898432B, and remaining 19787527899B is 0.7000000000045483
2023-07-26 19:34:25,643 [main] DEBUG balancer.ContainerBalancerTask (ContainerBalancerTask.java:initializeIteration(398)) - Utilization for node 7b147160-f7e4-4ed5-9f84-7cc53a14b227 with capacity 75161927680B, used 45097156608B, and remaining 30064771072B is 0.6
2023-07-26 19:34:25,643 [main] DEBUG balancer.ContainerBalancerTask (ContainerBalancerTask.java:initializeIteration(398)) - Utilization for node 7b15d5a2-3ae8-45f1-827d-dd401d344ef1 with capacity 55834574848B, used 27917287424B, and remaining 27917287424B is 0.5
2023-07-26 19:34:25,643 [main] DEBUG balancer.ContainerBalancerTask (ContainerBalancerTask.java:initializeIteration(398)) - Utilization for node 1958fd06-49b2-457f-a49a-87b7d3719053 with capacity 120795955200B, used 48318382080B, and remaining 72477573120B is 0.4
2023-07-26 19:34:25,643 [main] DEBUG balancer.ContainerBalancerTask (ContainerBalancerTask.java:initializeIteration(398)) - Utilization for node be05a542-2d6b-4cd9-9aa2-f5ccab50f441 with capacity 110953321813B, used 33285996544B, and remaining 77667325269B is 0.30000000000090127
2023-07-26 19:34:25,643 [main] DEBUG balancer.ContainerBalancerTask (ContainerBalancerTask.java:initializeIteration(398)) - Utilization for node 076794ef-350c-4ec9-878a-5e5e24d8889f with capacity 150323855360B, used 30064771072B, and remaining 120259084288B is 0.2
2023-07-26 19:34:25,643 [main] DEBUG balancer.ContainerBalancerTask (ContainerBalancerTask.java:initializeIteration(398)) - Utilization for node 0b017e3b-1d8d-4cc0-87ec-36105ee8c9d5 with capacity 504658657280B, used 50465865728B, and remaining 454192791552B is 0.1
2023-07-26 19:34:25,644 [main] DEBUG balancer.ContainerBalancerTask (ContainerBalancerTask.java:initializeIteration(398)) - Utilization for node bdd2467a-0919-47ab-a2c7-d439310d8903 with capacity 27917287424B, used 0B, and remaining 27917287424B is 0.0
2023-07-26 19:34:25,644 [main] INFO  balancer.ContainerBalancerTask (ContainerBalancerTask.java:initializeIteration(443)) - Did not find any unbalanced Datanodes.
2023-07-26 19:34:25,644 [main] INFO  balancer.ContainerBalancerTask (ContainerBalancerTask.java:tryStopWithSaveConfiguration(308)) - Save Configuration for stopping. Reason: Could not initialize ContainerBalancer's iteration number 0
2023-07-26 19:34:25,644 [main] DEBUG balancer.ContainerBalancerTask (ContainerBalancerTask.java:initializeIteration(374)) - Average utilization of the cluster is 0.3122536465491133
2023-07-26 19:34:25,644 [main] DEBUG balancer.ContainerBalancerTask (ContainerBalancerTask.java:initializeIteration(386)) - Lower limit for utilization is -0.05989968568907528 and Upper limit for utilization is 0.684406978787302
2023-07-26 19:34:25,645 [main] DEBUG balancer.ContainerBalancerTask (ContainerBalancerTask.java:initializeIteration(398)) - Utilization for node a37c7fb9-c250-428d-bbaf-25effbb8edb9 with capacity 58459277084B, used 52613349376B, and remaining 5845927708B is 0.9000000000068423
2023-07-26 19:34:25,645 [main] DEBUG balancer.ContainerBalancerTask (ContainerBalancerTask.java:initializeIteration(398)) - Utilization for node d7627ed8-bcaa-49c3-bfde-d13ab0078c22 with capacity 64424509440B, used 51539607552B, and remaining 12884901888B is 0.8
2023-07-26 19:34:25,645 [main] DEBUG balancer.ContainerBalancerTask (ContainerBalancerTask.java:initializeIteration(398)) - Utilization for node c2e9ace7-d217-4b40-a541-d7ab9b4862fd with capacity 65958426331B, used 46170898432B, and remaining 19787527899B is 0.7000000000045483
2023-07-26 19:34:25,645 [main] DEBUG balancer.ContainerBalancerTask (ContainerBalancerTask.java:initializeIteration(398)) - Utilization for node 7b147160-f7e4-4ed5-9f84-7cc53a14b227 with capacity 75161927680B, used 45097156608B, and remaining 30064771072B is 0.6
2023-07-26 19:34:25,645 [main] DEBUG balancer.ContainerBalancerTask (ContainerBalancerTask.java:initializeIteration(398)) - Utilization for node 7b15d5a2-3ae8-45f1-827d-dd401d344ef1 with capacity 55834574848B, used 27917287424B, and remaining 27917287424B is 0.5
2023-07-26 19:34:25,645 [main] DEBUG balancer.ContainerBalancerTask (ContainerBalancerTask.java:initializeIteration(398)) - Utilization for node 1958fd06-49b2-457f-a49a-87b7d3719053 with capacity 120795955200B, used 48318382080B, and remaining 72477573120B is 0.4
2023-07-26 19:34:25,645 [main] DEBUG balancer.ContainerBalancerTask (ContainerBalancerTask.java:initializeIteration(398)) - Utilization for node be05a542-2d6b-4cd9-9aa2-f5ccab50f441 with capacity 110953321813B, used 33285996544B, and remaining 77667325269B is 0.30000000000090127
2023-07-26 19:34:25,645 [main] DEBUG balancer.ContainerBalancerTask (ContainerBalancerTask.java:initializeIteration(398)) - Utilization for node 076794ef-350c-4ec9-878a-5e5e24d8889f with capacity 150323855360B, used 30064771072B, and remaining 120259084288B is 0.2
2023-07-26 19:34:25,645 [main] DEBUG balancer.ContainerBalancerTask (ContainerBalancerTask.java:initializeIteration(398)) - Utilization for node 0b017e3b-1d8d-4cc0-87ec-36105ee8c9d5 with capacity 504658657280B, used 50465865728B, and remaining 454192791552B is 0.1
2023-07-26 19:34:25,645 [main] DEBUG balancer.ContainerBalancerTask (ContainerBalancerTask.java:initializeIteration(398)) - Utilization for node bdd2467a-0919-47ab-a2c7-d439310d8903 with capacity 27917287424B, used 0B, and remaining 27917287424B is 0.0
2023-07-26 19:34:25,645 [main] INFO  balancer.ContainerBalancerTask (ContainerBalancerTask.java:initializeIteration(447)) - Container Balancer has identified 3 Over-Utilized and 0 Under-Utilized Datanodes that need to be balanced.
2023-07-26 19:34:25,645 [main] DEBUG balancer.ContainerBalancerTask (ContainerBalancerTask.java:lambda$initializeIteration$1(453)) - Datanode localhost-251.127.170.125 a37c7fb9-c250-428d-bbaf-25effbb8edb9 is Over-Utilized.
2023-07-26 19:34:25,646 [main] DEBUG balancer.ContainerBalancerTask (ContainerBalancerTask.java:lambda$initializeIteration$1(453)) - Datanode localhost-190.189.13.220 d7627ed8-bcaa-49c3-bfde-d13ab0078c22 is Over-Utilized.
2023-07-26 19:34:25,646 [main] DEBUG balancer.ContainerBalancerTask (ContainerBalancerTask.java:lambda$initializeIteration$1(453)) - Datanode localhost-97.48.255.145 c2e9ace7-d217-4b40-a541-d7ab9b4862fd is Over-Utilized.
2023-07-26 19:34:25,648 [main] DEBUG balancer.ContainerBalancerTask (ContainerBalancerTask.java:matchSourceWithTarget(708)) - ContainerBalancer is finding suitable target for source datanode a37c7fb9-c250-428d-bbaf-25effbb8edb9
2023-07-26 19:34:25,648 [main] INFO  balancer.FindTargetGreedyByUsageInfo (AbstractFindTargetGreedy.java:findTargetForContainerMove(133)) - Container Balancer could not find a target for source datanode a37c7fb9-c250-428d-bbaf-25effbb8edb9
2023-07-26 19:34:25,648 [main] DEBUG balancer.ContainerBalancerTask (ContainerBalancerTask.java:matchSourceWithTarget(717)) - ContainerBalancer could not find a suitable target for source node a37c7fb9-c250-428d-bbaf-25effbb8edb9.
2023-07-26 19:34:25,650 [main] DEBUG balancer.ContainerBalancerTask (ContainerBalancerTask.java:matchSourceWithTarget(708)) - ContainerBalancer is finding suitable target for source datanode d7627ed8-bcaa-49c3-bfde-d13ab0078c22
2023-07-26 19:34:25,650 [main] INFO  balancer.FindTargetGreedyByUsageInfo (AbstractFindTargetGreedy.java:findTargetForContainerMove(133)) - Container Balancer could not find a target for source datanode d7627ed8-bcaa-49c3-bfde-d13ab0078c22
2023-07-26 19:34:25,650 [main] DEBUG balancer.ContainerBalancerTask (ContainerBalancerTask.java:matchSourceWithTarget(717)) - ContainerBalancer could not find a suitable target for source node d7627ed8-bcaa-49c3-bfde-d13ab0078c22.
2023-07-26 19:34:25,652 [main] DEBUG balancer.ContainerBalancerTask (ContainerBalancerTask.java:matchSourceWithTarget(708)) - ContainerBalancer is finding suitable target for source datanode c2e9ace7-d217-4b40-a541-d7ab9b4862fd
2023-07-26 19:34:25,653 [main] INFO  balancer.FindTargetGreedyByUsageInfo (AbstractFindTargetGreedy.java:findTargetForContainerMove(133)) - Container Balancer could not find a target for source datanode c2e9ace7-d217-4b40-a541-d7ab9b4862fd
2023-07-26 19:34:25,653 [main] DEBUG balancer.ContainerBalancerTask (ContainerBalancerTask.java:matchSourceWithTarget(717)) - ContainerBalancer could not find a suitable target for source node c2e9ace7-d217-4b40-a541-d7ab9b4862fd.
2023-07-26 19:34:25,653 [main] INFO  balancer.FindSourceGreedy (FindSourceGreedy.java:getNextCandidateSourceDataNode(126)) - no more candidate source data node
2023-07-26 19:34:25,653 [main] INFO  balancer.ContainerBalancerTask (ContainerBalancerTask.java:balance(259)) - Result of this iteration of Container Balancer: CAN_NOT_BALANCE_ANY_MORE
2023-07-26 19:34:25,653 [main] INFO  balancer.ContainerBalancerTask (ContainerBalancerTask.java:tryStopWithSaveConfiguration(308)) - Save Configuration for stopping. Reason: CAN_NOT_BALANCE_ANY_MORE
2023-07-26 19:34:25,654 [main] DEBUG balancer.ContainerBalancerTask (ContainerBalancerTask.java:initializeIteration(374)) - Average utilization of the cluster is 0.3122536465491133
2023-07-26 19:34:25,654 [main] DEBUG balancer.ContainerBalancerTask (ContainerBalancerTask.java:initializeIteration(386)) - Lower limit for utilization is -0.5146443539196301 and Upper limit for utilization is 1.1391516470178567
2023-07-26 19:34:25,654 [main] DEBUG balancer.ContainerBalancerTask (ContainerBalancerTask.java:initializeIteration(398)) - Utilization for node a37c7fb9-c250-428d-bbaf-25effbb8edb9 with capacity 58459277084B, used 52613349376B, and remaining 5845927708B is 0.9000000000068423
2023-07-26 19:34:25,654 [main] DEBUG balancer.ContainerBalancerTask (ContainerBalancerTask.java:initializeIteration(398)) - Utilization for node d7627ed8-bcaa-49c3-bfde-d13ab0078c22 with capacity 64424509440B, used 51539607552B, and remaining 12884901888B is 0.8
2023-07-26 19:34:25,654 [main] DEBUG balancer.ContainerBalancerTask (ContainerBalancerTask.java:initializeIteration(398)) - Utilization for node c2e9ace7-d217-4b40-a541-d7ab9b4862fd with capacity 65958426331B, used 46170898432B, and remaining 19787527899B is 0.7000000000045483
2023-07-26 19:34:25,654 [main] DEBUG balancer.ContainerBalancerTask (ContainerBalancerTask.java:initializeIteration(398)) - Utilization for node 7b147160-f7e4-4ed5-9f84-7cc53a14b227 with capacity 75161927680B, used 45097156608B, and remaining 30064771072B is 0.6
2023-07-26 19:34:25,654 [main] DEBUG balancer.ContainerBalancerTask (ContainerBalancerTask.java:initializeIteration(398)) - Utilization for node 7b15d5a2-3ae8-45f1-827d-dd401d344ef1 with capacity 55834574848B, used 27917287424B, and remaining 27917287424B is 0.5
2023-07-26 19:34:25,654 [main] DEBUG balancer.ContainerBalancerTask (ContainerBalancerTask.java:initializeIteration(398)) - Utilization for node 1958fd06-49b2-457f-a49a-87b7d3719053 with capacity 120795955200B, used 48318382080B, and remaining 72477573120B is 0.4
2023-07-26 19:34:25,654 [main] DEBUG balancer.ContainerBalancerTask (ContainerBalancerTask.java:initializeIteration(398)) - Utilization for node be05a542-2d6b-4cd9-9aa2-f5ccab50f441 with capacity 110953321813B, used 33285996544B, and remaining 77667325269B is 0.30000000000090127
2023-07-26 19:34:25,654 [main] DEBUG balancer.ContainerBalancerTask (ContainerBalancerTask.java:initializeIteration(398)) - Utilization for node 076794ef-350c-4ec9-878a-5e5e24d8889f with capacity 150323855360B, used 30064771072B, and remaining 120259084288B is 0.2
2023-07-26 19:34:25,654 [main] DEBUG balancer.ContainerBalancerTask (ContainerBalancerTask.java:initializeIteration(398)) - Utilization for node 0b017e3b-1d8d-4cc0-87ec-36105ee8c9d5 with capacity 504658657280B, used 50465865728B, and remaining 454192791552B is 0.1
2023-07-26 19:34:25,655 [main] DEBUG balancer.ContainerBalancerTask (ContainerBalancerTask.java:initializeIteration(398)) - Utilization for node bdd2467a-0919-47ab-a2c7-d439310d8903 with capacity 27917287424B, used 0B, and remaining 27917287424B is 0.0
2023-07-26 19:34:25,655 [main] INFO  balancer.ContainerBalancerTask (ContainerBalancerTask.java:initializeIteration(443)) - Did not find any unbalanced Datanodes.
2023-07-26 19:34:25,655 [main] INFO  balancer.ContainerBalancerTask (ContainerBalancerTask.java:tryStopWithSaveConfiguration(308)) - Save Configuration for stopping. Reason: Could not initialize ContainerBalancer's iteration number 0
2023-07-26 19:34:25,655 [main] DEBUG balancer.ContainerBalancerTask (ContainerBalancerTask.java:initializeIteration(374)) - Average utilization of the cluster is 0.3122536465491133
2023-07-26 19:34:25,655 [main] DEBUG balancer.ContainerBalancerTask (ContainerBalancerTask.java:initializeIteration(386)) - Lower limit for utilization is -0.4045570395228825 and Upper limit for utilization is 1.029064332621109
2023-07-26 19:34:25,656 [main] DEBUG balancer.ContainerBalancerTask (ContainerBalancerTask.java:initializeIteration(398)) - Utilization for node a37c7fb9-c250-428d-bbaf-25effbb8edb9 with capacity 58459277084B, used 52613349376B, and remaining 5845927708B is 0.9000000000068423
2023-07-26 19:34:25,656 [main] DEBUG balancer.ContainerBalancerTask (ContainerBalancerTask.java:initializeIteration(398)) - Utilization for node d7627ed8-bcaa-49c3-bfde-d13ab0078c22 with capacity 64424509440B, used 51539607552B, and remaining 12884901888B is 0.8
2023-07-26 19:34:25,656 [main] DEBUG balancer.ContainerBalancerTask (ContainerBalancerTask.java:initializeIteration(398)) - Utilization for node c2e9ace7-d217-4b40-a541-d7ab9b4862fd with capacity 65958426331B, used 46170898432B, and remaining 19787527899B is 0.7000000000045483
2023-07-26 19:34:25,656 [main] DEBUG balancer.ContainerBalancerTask (ContainerBalancerTask.java:initializeIteration(398)) - Utilization for node 7b147160-f7e4-4ed5-9f84-7cc53a14b227 with capacity 75161927680B, used 45097156608B, and remaining 30064771072B is 0.6
2023-07-26 19:34:25,656 [main] DEBUG balancer.ContainerBalancerTask (ContainerBalancerTask.java:initializeIteration(398)) - Utilization for node 7b15d5a2-3ae8-45f1-827d-dd401d344ef1 with capacity 55834574848B, used 27917287424B, and remaining 27917287424B is 0.5
2023-07-26 19:34:25,656 [main] DEBUG balancer.ContainerBalancerTask (ContainerBalancerTask.java:initializeIteration(398)) - Utilization for node 1958fd06-49b2-457f-a49a-87b7d3719053 with capacity 120795955200B, used 48318382080B, and remaining 72477573120B is 0.4
2023-07-26 19:34:25,656 [main] DEBUG balancer.ContainerBalancerTask (ContainerBalancerTask.java:initializeIteration(398)) - Utilization for node be05a542-2d6b-4cd9-9aa2-f5ccab50f441 with capacity 110953321813B, used 33285996544B, and remaining 77667325269B is 0.30000000000090127
2023-07-26 19:34:25,656 [main] DEBUG balancer.ContainerBalancerTask (ContainerBalancerTask.java:initializeIteration(398)) - Utilization for node 076794ef-350c-4ec9-878a-5e5e24d8889f with capacity 150323855360B, used 30064771072B, and remaining 120259084288B is 0.2
2023-07-26 19:34:25,656 [main] DEBUG balancer.ContainerBalancerTask (ContainerBalancerTask.java:initializeIteration(398)) - Utilization for node 0b017e3b-1d8d-4cc0-87ec-36105ee8c9d5 with capacity 504658657280B, used 50465865728B, and remaining 454192791552B is 0.1
2023-07-26 19:34:25,656 [main] DEBUG balancer.ContainerBalancerTask (ContainerBalancerTask.java:initializeIteration(398)) - Utilization for node bdd2467a-0919-47ab-a2c7-d439310d8903 with capacity 27917287424B, used 0B, and remaining 27917287424B is 0.0
2023-07-26 19:34:25,656 [main] INFO  balancer.ContainerBalancerTask (ContainerBalancerTask.java:initializeIteration(443)) - Did not find any unbalanced Datanodes.
2023-07-26 19:34:25,657 [main] INFO  balancer.ContainerBalancerTask (ContainerBalancerTask.java:tryStopWithSaveConfiguration(308)) - Save Configuration for stopping. Reason: Could not initialize ContainerBalancer's iteration number 0
2023-07-26 19:34:25,657 [main] DEBUG balancer.ContainerBalancerTask (ContainerBalancerTask.java:initializeIteration(374)) - Average utilization of the cluster is 0.3122536465491133
2023-07-26 19:34:25,657 [main] DEBUG balancer.ContainerBalancerTask (ContainerBalancerTask.java:initializeIteration(386)) - Lower limit for utilization is 0.16411174015225843 and Upper limit for utilization is 0.4603955529459682
2023-07-26 19:34:25,657 [main] DEBUG balancer.ContainerBalancerTask (ContainerBalancerTask.java:initializeIteration(398)) - Utilization for node a37c7fb9-c250-428d-bbaf-25effbb8edb9 with capacity 58459277084B, used 52613349376B, and remaining 5845927708B is 0.9000000000068423
2023-07-26 19:34:25,657 [main] DEBUG balancer.ContainerBalancerTask (ContainerBalancerTask.java:initializeIteration(398)) - Utilization for node d7627ed8-bcaa-49c3-bfde-d13ab0078c22 with capacity 64424509440B, used 51539607552B, and remaining 12884901888B is 0.8
2023-07-26 19:34:25,658 [main] DEBUG balancer.ContainerBalancerTask (ContainerBalancerTask.java:initializeIteration(398)) - Utilization for node c2e9ace7-d217-4b40-a541-d7ab9b4862fd with capacity 65958426331B, used 46170898432B, and remaining 19787527899B is 0.7000000000045483
2023-07-26 19:34:25,658 [main] DEBUG balancer.ContainerBalancerTask (ContainerBalancerTask.java:initializeIteration(398)) - Utilization for node 7b147160-f7e4-4ed5-9f84-7cc53a14b227 with capacity 75161927680B, used 45097156608B, and remaining 30064771072B is 0.6
2023-07-26 19:34:25,658 [main] DEBUG balancer.ContainerBalancerTask (ContainerBalancerTask.java:initializeIteration(398)) - Utilization for node 7b15d5a2-3ae8-45f1-827d-dd401d344ef1 with capacity 55834574848B, used 27917287424B, and remaining 27917287424B is 0.5
2023-07-26 19:34:25,658 [main] DEBUG balancer.ContainerBalancerTask (ContainerBalancerTask.java:initializeIteration(398)) - Utilization for node 1958fd06-49b2-457f-a49a-87b7d3719053 with capacity 120795955200B, used 48318382080B, and remaining 72477573120B is 0.4
2023-07-26 19:34:25,658 [main] DEBUG balancer.ContainerBalancerTask (ContainerBalancerTask.java:initializeIteration(398)) - Utilization for node be05a542-2d6b-4cd9-9aa2-f5ccab50f441 with capacity 110953321813B, used 33285996544B, and remaining 77667325269B is 0.30000000000090127
2023-07-26 19:34:25,658 [main] DEBUG balancer.ContainerBalancerTask (ContainerBalancerTask.java:initializeIteration(398)) - Utilization for node 076794ef-350c-4ec9-878a-5e5e24d8889f with capacity 150323855360B, used 30064771072B, and remaining 120259084288B is 0.2
2023-07-26 19:34:25,658 [main] DEBUG balancer.ContainerBalancerTask (ContainerBalancerTask.java:initializeIteration(398)) - Utilization for node 0b017e3b-1d8d-4cc0-87ec-36105ee8c9d5 with capacity 504658657280B, used 50465865728B, and remaining 454192791552B is 0.1
2023-07-26 19:34:25,658 [main] DEBUG balancer.ContainerBalancerTask (ContainerBalancerTask.java:initializeIteration(398)) - Utilization for node bdd2467a-0919-47ab-a2c7-d439310d8903 with capacity 27917287424B, used 0B, and remaining 27917287424B is 0.0
2023-07-26 19:34:25,658 [main] INFO  balancer.ContainerBalancerTask (ContainerBalancerTask.java:initializeIteration(447)) - Container Balancer has identified 5 Over-Utilized and 2 Under-Utilized Datanodes that need to be balanced.
2023-07-26 19:34:25,658 [main] DEBUG balancer.ContainerBalancerTask (ContainerBalancerTask.java:lambda$initializeIteration$1(453)) - Datanode localhost-251.127.170.125 a37c7fb9-c250-428d-bbaf-25effbb8edb9 is Over-Utilized.
2023-07-26 19:34:25,658 [main] DEBUG balancer.ContainerBalancerTask (ContainerBalancerTask.java:lambda$initializeIteration$1(453)) - Datanode localhost-190.189.13.220 d7627ed8-bcaa-49c3-bfde-d13ab0078c22 is Over-Utilized.
2023-07-26 19:34:25,659 [main] DEBUG balancer.ContainerBalancerTask (ContainerBalancerTask.java:lambda$initializeIteration$1(453)) - Datanode localhost-97.48.255.145 c2e9ace7-d217-4b40-a541-d7ab9b4862fd is Over-Utilized.
2023-07-26 19:34:25,659 [main] DEBUG balancer.ContainerBalancerTask (ContainerBalancerTask.java:lambda$initializeIteration$1(453)) - Datanode localhost-150.83.213.203 7b147160-f7e4-4ed5-9f84-7cc53a14b227 is Over-Utilized.
2023-07-26 19:34:25,659 [main] DEBUG balancer.ContainerBalancerTask (ContainerBalancerTask.java:lambda$initializeIteration$1(453)) - Datanode localhost-219.88.132.51 7b15d5a2-3ae8-45f1-827d-dd401d344ef1 is Over-Utilized.
2023-07-26 19:34:25,659 [main] DEBUG balancer.ContainerBalancerTask (ContainerBalancerTask.java:lambda$initializeIteration$2(459)) - Datanode localhost-94.255.21.4 bdd2467a-0919-47ab-a2c7-d439310d8903 is Under-Utilized.
2023-07-26 19:34:25,659 [main] DEBUG balancer.ContainerBalancerTask (ContainerBalancerTask.java:lambda$initializeIteration$2(459)) - Datanode localhost-75.199.127.39 0b017e3b-1d8d-4cc0-87ec-36105ee8c9d5 is Under-Utilized.
2023-07-26 19:34:25,661 [main] DEBUG balancer.ContainerBalancerTask (ContainerBalancerTask.java:matchSourceWithTarget(708)) - ContainerBalancer is finding suitable target for source datanode a37c7fb9-c250-428d-bbaf-25effbb8edb9
2023-07-26 19:34:25,661 [main] INFO  balancer.ContainerBalancerTask (ContainerBalancerTask.java:matchSourceWithTarget(722)) - ContainerBalancer matched source datanode a37c7fb9-c250-428d-bbaf-25effbb8edb9 with target datanode bdd2467a-0919-47ab-a2c7-d439310d8903 for container move.
2023-07-26 19:34:25,661 [main] INFO  balancer.ContainerBalancerTask (ContainerBalancerTask.java:processMoveSelection(569)) - ContainerBalancer is trying to move container #85 with size 5368709120B from source datanode a37c7fb9-c250-428d-bbaf-25effbb8edb9 to target datanode bdd2467a-0919-47ab-a2c7-d439310d8903
2023-07-26 19:34:25,662 [main] DEBUG balancer.ContainerBalancerTask (ContainerBalancerTask.java:lambda$moveContainer$3(837)) - Container move completed for container #85 from source a37c7fb9-c250-428d-bbaf-25effbb8edb9 to target bdd2467a-0919-47ab-a2c7-d439310d8903
2023-07-26 19:34:25,664 [main] DEBUG balancer.ContainerBalancerTask (ContainerBalancerTask.java:matchSourceWithTarget(708)) - ContainerBalancer is finding suitable target for source datanode a37c7fb9-c250-428d-bbaf-25effbb8edb9
2023-07-26 19:34:25,664 [main] INFO  balancer.ContainerBalancerTask (ContainerBalancerTask.java:matchSourceWithTarget(722)) - ContainerBalancer matched source datanode a37c7fb9-c250-428d-bbaf-25effbb8edb9 with target datanode 0b017e3b-1d8d-4cc0-87ec-36105ee8c9d5 for container move.
2023-07-26 19:34:25,664 [main] INFO  balancer.ContainerBalancerTask (ContainerBalancerTask.java:processMoveSelection(569)) - ContainerBalancer is trying to move container #40 with size 5368709120B from source datanode a37c7fb9-c250-428d-bbaf-25effbb8edb9 to target datanode 0b017e3b-1d8d-4cc0-87ec-36105ee8c9d5
2023-07-26 19:34:25,664 [main] DEBUG balancer.ContainerBalancerTask (ContainerBalancerTask.java:lambda$moveContainer$3(837)) - Container move completed for container #40 from source a37c7fb9-c250-428d-bbaf-25effbb8edb9 to target 0b017e3b-1d8d-4cc0-87ec-36105ee8c9d5
2023-07-26 19:34:25,667 [main] DEBUG balancer.ContainerBalancerTask (ContainerBalancerTask.java:matchSourceWithTarget(708)) - ContainerBalancer is finding suitable target for source datanode d7627ed8-bcaa-49c3-bfde-d13ab0078c22
2023-07-26 19:34:25,667 [main] INFO  balancer.ContainerBalancerTask (ContainerBalancerTask.java:matchSourceWithTarget(722)) - ContainerBalancer matched source datanode d7627ed8-bcaa-49c3-bfde-d13ab0078c22 with target datanode 0b017e3b-1d8d-4cc0-87ec-36105ee8c9d5 for container move.
2023-07-26 19:34:25,667 [main] INFO  balancer.ContainerBalancerTask (ContainerBalancerTask.java:processMoveSelection(569)) - ContainerBalancer is trying to move container #68 with size 5368709120B from source datanode d7627ed8-bcaa-49c3-bfde-d13ab0078c22 to target datanode 0b017e3b-1d8d-4cc0-87ec-36105ee8c9d5
2023-07-26 19:34:25,667 [main] DEBUG balancer.ContainerBalancerTask (ContainerBalancerTask.java:lambda$moveContainer$3(837)) - Container move completed for container #68 from source d7627ed8-bcaa-49c3-bfde-d13ab0078c22 to target 0b017e3b-1d8d-4cc0-87ec-36105ee8c9d5
2023-07-26 19:34:25,669 [main] DEBUG balancer.ContainerBalancerTask (ContainerBalancerTask.java:matchSourceWithTarget(708)) - ContainerBalancer is finding suitable target for source datanode d7627ed8-bcaa-49c3-bfde-d13ab0078c22
2023-07-26 19:34:25,670 [main] INFO  balancer.ContainerBalancerTask (ContainerBalancerTask.java:matchSourceWithTarget(722)) - ContainerBalancer matched source datanode d7627ed8-bcaa-49c3-bfde-d13ab0078c22 with target datanode 0b017e3b-1d8d-4cc0-87ec-36105ee8c9d5 for container move.
2023-07-26 19:34:25,670 [main] INFO  balancer.ContainerBalancerTask (ContainerBalancerTask.java:processMoveSelection(569)) - ContainerBalancer is trying to move container #53 with size 5368709120B from source datanode d7627ed8-bcaa-49c3-bfde-d13ab0078c22 to target datanode 0b017e3b-1d8d-4cc0-87ec-36105ee8c9d5
2023-07-26 19:34:25,670 [main] DEBUG balancer.ContainerBalancerTask (ContainerBalancerTask.java:lambda$moveContainer$3(837)) - Container move completed for container #53 from source d7627ed8-bcaa-49c3-bfde-d13ab0078c22 to target 0b017e3b-1d8d-4cc0-87ec-36105ee8c9d5
2023-07-26 19:34:25,672 [main] DEBUG balancer.ContainerBalancerTask (ContainerBalancerTask.java:matchSourceWithTarget(708)) - ContainerBalancer is finding suitable target for source datanode a37c7fb9-c250-428d-bbaf-25effbb8edb9
2023-07-26 19:34:25,672 [main] INFO  balancer.ContainerBalancerTask (ContainerBalancerTask.java:matchSourceWithTarget(722)) - ContainerBalancer matched source datanode a37c7fb9-c250-428d-bbaf-25effbb8edb9 with target datanode 0b017e3b-1d8d-4cc0-87ec-36105ee8c9d5 for container move.
2023-07-26 19:34:25,672 [main] INFO  balancer.ContainerBalancerTask (ContainerBalancerTask.java:processMoveSelection(569)) - ContainerBalancer is trying to move container #89 with size 4294967296B from source datanode a37c7fb9-c250-428d-bbaf-25effbb8edb9 to target datanode 0b017e3b-1d8d-4cc0-87ec-36105ee8c9d5
2023-07-26 19:34:25,673 [main] DEBUG balancer.ContainerBalancerTask (ContainerBalancerTask.java:lambda$moveContainer$3(837)) - Container move completed for container #89 from source a37c7fb9-c250-428d-bbaf-25effbb8edb9 to target 0b017e3b-1d8d-4cc0-87ec-36105ee8c9d5
2023-07-26 19:34:25,675 [main] DEBUG balancer.ContainerBalancerTask (ContainerBalancerTask.java:matchSourceWithTarget(708)) - ContainerBalancer is finding suitable target for source datanode c2e9ace7-d217-4b40-a541-d7ab9b4862fd
2023-07-26 19:34:25,675 [main] INFO  balancer.ContainerBalancerTask (ContainerBalancerTask.java:matchSourceWithTarget(722)) - ContainerBalancer matched source datanode c2e9ace7-d217-4b40-a541-d7ab9b4862fd with target datanode 0b017e3b-1d8d-4cc0-87ec-36105ee8c9d5 for container move.
2023-07-26 19:34:25,675 [main] INFO  balancer.ContainerBalancerTask (ContainerBalancerTask.java:processMoveSelection(569)) - ContainerBalancer is trying to move container #67 with size 4294967296B from source datanode c2e9ace7-d217-4b40-a541-d7ab9b4862fd to target datanode 0b017e3b-1d8d-4cc0-87ec-36105ee8c9d5
2023-07-26 19:34:25,675 [main] DEBUG balancer.ContainerBalancerTask (ContainerBalancerTask.java:lambda$moveContainer$3(837)) - Container move completed for container #67 from source c2e9ace7-d217-4b40-a541-d7ab9b4862fd to target 0b017e3b-1d8d-4cc0-87ec-36105ee8c9d5
2023-07-26 19:34:25,678 [main] DEBUG balancer.ContainerBalancerTask (ContainerBalancerTask.java:matchSourceWithTarget(708)) - ContainerBalancer is finding suitable target for source datanode a37c7fb9-c250-428d-bbaf-25effbb8edb9
2023-07-26 19:34:25,678 [main] INFO  balancer.ContainerBalancerTask (ContainerBalancerTask.java:matchSourceWithTarget(722)) - ContainerBalancer matched source datanode a37c7fb9-c250-428d-bbaf-25effbb8edb9 with target datanode 0b017e3b-1d8d-4cc0-87ec-36105ee8c9d5 for container move.
2023-07-26 19:34:25,678 [main] INFO  balancer.ContainerBalancerTask (ContainerBalancerTask.java:processMoveSelection(569)) - ContainerBalancer is trying to move container #52 with size 4294967296B from source datanode a37c7fb9-c250-428d-bbaf-25effbb8edb9 to target datanode 0b017e3b-1d8d-4cc0-87ec-36105ee8c9d5
2023-07-26 19:34:25,678 [main] DEBUG balancer.ContainerBalancerTask (ContainerBalancerTask.java:lambda$moveContainer$3(837)) - Container move completed for container #52 from source a37c7fb9-c250-428d-bbaf-25effbb8edb9 to target 0b017e3b-1d8d-4cc0-87ec-36105ee8c9d5
2023-07-26 19:34:25,680 [main] DEBUG balancer.ContainerBalancerTask (ContainerBalancerTask.java:matchSourceWithTarget(708)) - ContainerBalancer is finding suitable target for source datanode c2e9ace7-d217-4b40-a541-d7ab9b4862fd
2023-07-26 19:34:25,681 [main] INFO  balancer.ContainerBalancerTask (ContainerBalancerTask.java:matchSourceWithTarget(722)) - ContainerBalancer matched source datanode c2e9ace7-d217-4b40-a541-d7ab9b4862fd with target datanode 0b017e3b-1d8d-4cc0-87ec-36105ee8c9d5 for container move.
2023-07-26 19:34:25,681 [main] INFO  balancer.ContainerBalancerTask (ContainerBalancerTask.java:processMoveSelection(569)) - ContainerBalancer is trying to move container #55 with size 2147483648B from source datanode c2e9ace7-d217-4b40-a541-d7ab9b4862fd to target datanode 0b017e3b-1d8d-4cc0-87ec-36105ee8c9d5
2023-07-26 19:34:25,681 [main] DEBUG balancer.ContainerBalancerTask (ContainerBalancerTask.java:lambda$moveContainer$3(837)) - Container move completed for container #55 from source c2e9ace7-d217-4b40-a541-d7ab9b4862fd to target 0b017e3b-1d8d-4cc0-87ec-36105ee8c9d5
2023-07-26 19:34:25,683 [main] DEBUG balancer.ContainerBalancerTask (ContainerBalancerTask.java:matchSourceWithTarget(708)) - ContainerBalancer is finding suitable target for source datanode d7627ed8-bcaa-49c3-bfde-d13ab0078c22
2023-07-26 19:34:25,684 [main] INFO  balancer.ContainerBalancerTask (ContainerBalancerTask.java:matchSourceWithTarget(722)) - ContainerBalancer matched source datanode d7627ed8-bcaa-49c3-bfde-d13ab0078c22 with target datanode 0b017e3b-1d8d-4cc0-87ec-36105ee8c9d5 for container move.
2023-07-26 19:34:25,684 [main] INFO  balancer.ContainerBalancerTask (ContainerBalancerTask.java:processMoveSelection(569)) - ContainerBalancer is trying to move container #71 with size 3221225472B from source datanode d7627ed8-bcaa-49c3-bfde-d13ab0078c22 to target datanode 0b017e3b-1d8d-4cc0-87ec-36105ee8c9d5
2023-07-26 19:34:25,684 [main] DEBUG balancer.ContainerBalancerTask (ContainerBalancerTask.java:lambda$moveContainer$3(837)) - Container move completed for container #71 from source d7627ed8-bcaa-49c3-bfde-d13ab0078c22 to target 0b017e3b-1d8d-4cc0-87ec-36105ee8c9d5
2023-07-26 19:34:25,686 [main] DEBUG balancer.ContainerBalancerTask (ContainerBalancerTask.java:matchSourceWithTarget(708)) - ContainerBalancer is finding suitable target for source datanode c2e9ace7-d217-4b40-a541-d7ab9b4862fd
2023-07-26 19:34:25,687 [main] INFO  balancer.ContainerBalancerTask (ContainerBalancerTask.java:matchSourceWithTarget(722)) - ContainerBalancer matched source datanode c2e9ace7-d217-4b40-a541-d7ab9b4862fd with target datanode 0b017e3b-1d8d-4cc0-87ec-36105ee8c9d5 for container move.
2023-07-26 19:34:25,687 [main] INFO  balancer.ContainerBalancerTask (ContainerBalancerTask.java:processMoveSelection(569)) - ContainerBalancer is trying to move container #17 with size 2147483648B from source datanode c2e9ace7-d217-4b40-a541-d7ab9b4862fd to target datanode 0b017e3b-1d8d-4cc0-87ec-36105ee8c9d5
2023-07-26 19:34:25,687 [main] DEBUG balancer.ContainerBalancerTask (ContainerBalancerTask.java:lambda$moveContainer$3(837)) - Container move completed for container #17 from source c2e9ace7-d217-4b40-a541-d7ab9b4862fd to target 0b017e3b-1d8d-4cc0-87ec-36105ee8c9d5
2023-07-26 19:34:25,689 [main] DEBUG balancer.ContainerBalancerTask (ContainerBalancerTask.java:matchSourceWithTarget(708)) - ContainerBalancer is finding suitable target for source datanode 7b147160-f7e4-4ed5-9f84-7cc53a14b227
2023-07-26 19:34:25,689 [main] INFO  balancer.ContainerBalancerTask (ContainerBalancerTask.java:matchSourceWithTarget(722)) - ContainerBalancer matched source datanode 7b147160-f7e4-4ed5-9f84-7cc53a14b227 with target datanode 0b017e3b-1d8d-4cc0-87ec-36105ee8c9d5 for container move.
2023-07-26 19:34:25,690 [main] INFO  balancer.ContainerBalancerTask (ContainerBalancerTask.java:processMoveSelection(569)) - ContainerBalancer is trying to move container #83 with size 3221225472B from source datanode 7b147160-f7e4-4ed5-9f84-7cc53a14b227 to target datanode 0b017e3b-1d8d-4cc0-87ec-36105ee8c9d5
2023-07-26 19:34:25,690 [main] DEBUG balancer.ContainerBalancerTask (ContainerBalancerTask.java:lambda$moveContainer$3(837)) - Container move completed for container #83 from source 7b147160-f7e4-4ed5-9f84-7cc53a14b227 to target 0b017e3b-1d8d-4cc0-87ec-36105ee8c9d5
2023-07-26 19:34:25,692 [main] DEBUG balancer.ContainerBalancerTask (ContainerBalancerTask.java:matchSourceWithTarget(708)) - ContainerBalancer is finding suitable target for source datanode d7627ed8-bcaa-49c3-bfde-d13ab0078c22
2023-07-26 19:34:25,693 [main] INFO  balancer.ContainerBalancerTask (ContainerBalancerTask.java:matchSourceWithTarget(722)) - ContainerBalancer matched source datanode d7627ed8-bcaa-49c3-bfde-d13ab0078c22 with target datanode 0b017e3b-1d8d-4cc0-87ec-36105ee8c9d5 for container move.
2023-07-26 19:34:25,693 [main] INFO  balancer.ContainerBalancerTask (ContainerBalancerTask.java:processMoveSelection(569)) - ContainerBalancer is trying to move container #82 with size 2147483648B from source datanode d7627ed8-bcaa-49c3-bfde-d13ab0078c22 to target datanode 0b017e3b-1d8d-4cc0-87ec-36105ee8c9d5
2023-07-26 19:34:25,693 [main] DEBUG balancer.ContainerBalancerTask (ContainerBalancerTask.java:lambda$moveContainer$3(837)) - Container move completed for container #82 from source d7627ed8-bcaa-49c3-bfde-d13ab0078c22 to target 0b017e3b-1d8d-4cc0-87ec-36105ee8c9d5
2023-07-26 19:34:25,695 [main] DEBUG balancer.ContainerBalancerTask (ContainerBalancerTask.java:matchSourceWithTarget(708)) - ContainerBalancer is finding suitable target for source datanode c2e9ace7-d217-4b40-a541-d7ab9b4862fd
2023-07-26 19:34:25,696 [main] INFO  balancer.ContainerBalancerTask (ContainerBalancerTask.java:matchSourceWithTarget(722)) - ContainerBalancer matched source datanode c2e9ace7-d217-4b40-a541-d7ab9b4862fd with target datanode 0b017e3b-1d8d-4cc0-87ec-36105ee8c9d5 for container move.
2023-07-26 19:34:25,696 [main] INFO  balancer.ContainerBalancerTask (ContainerBalancerTask.java:processMoveSelection(569)) - ContainerBalancer is trying to move container #10 with size 2147483648B from source datanode c2e9ace7-d217-4b40-a541-d7ab9b4862fd to target datanode 0b017e3b-1d8d-4cc0-87ec-36105ee8c9d5
2023-07-26 19:34:25,696 [main] DEBUG balancer.ContainerBalancerTask (ContainerBalancerTask.java:lambda$moveContainer$3(837)) - Container move completed for container #10 from source c2e9ace7-d217-4b40-a541-d7ab9b4862fd to target 0b017e3b-1d8d-4cc0-87ec-36105ee8c9d5
2023-07-26 19:34:25,699 [main] DEBUG balancer.ContainerBalancerTask (ContainerBalancerTask.java:matchSourceWithTarget(708)) - ContainerBalancer is finding suitable target for source datanode a37c7fb9-c250-428d-bbaf-25effbb8edb9
2023-07-26 19:34:25,699 [main] INFO  balancer.ContainerBalancerTask (ContainerBalancerTask.java:matchSourceWithTarget(722)) - ContainerBalancer matched source datanode a37c7fb9-c250-428d-bbaf-25effbb8edb9 with target datanode 0b017e3b-1d8d-4cc0-87ec-36105ee8c9d5 for container move.
2023-07-26 19:34:25,699 [main] INFO  balancer.ContainerBalancerTask (ContainerBalancerTask.java:processMoveSelection(569)) - ContainerBalancer is trying to move container #28 with size 4294967296B from source datanode a37c7fb9-c250-428d-bbaf-25effbb8edb9 to target datanode 0b017e3b-1d8d-4cc0-87ec-36105ee8c9d5
2023-07-26 19:34:25,699 [main] DEBUG balancer.ContainerBalancerTask (ContainerBalancerTask.java:lambda$moveContainer$3(837)) - Container move completed for container #28 from source a37c7fb9-c250-428d-bbaf-25effbb8edb9 to target 0b017e3b-1d8d-4cc0-87ec-36105ee8c9d5
2023-07-26 19:34:25,700 [main] WARN  balancer.ContainerBalancerTask (ContainerBalancerTask.java:reachedMaxSizeToMovePerIteration(733)) - Reached max size to move limit. 53687091200 bytes have already been scheduled for balancing and the limit is 53687091200 bytes.
2023-07-26 19:34:25,700 [main] INFO  balancer.ContainerBalancerTask (ContainerBalancerTask.java:checkIterationMoveResults(642)) - Iteration Summary. Number of Datanodes involved: 6. Size moved: 50 GB (53687091200 Bytes). Number of Container moves completed: 14.
2023-07-26 19:34:25,700 [main] INFO  balancer.ContainerBalancerTask (ContainerBalancerTask.java:balance(259)) - Result of this iteration of Container Balancer: ITERATION_COMPLETED
2023-07-26 19:34:25,700 [main] INFO  balancer.ContainerBalancerTask (ContainerBalancerTask.java:tryStopWithSaveConfiguration(308)) - Save Configuration for stopping. Reason: Completed all iterations.
2023-07-26 19:34:25,701 [main] DEBUG balancer.ContainerBalancerTask (ContainerBalancerTask.java:initializeIteration(374)) - Average utilization of the cluster is 0.3122536465491133
2023-07-26 19:34:25,701 [main] DEBUG balancer.ContainerBalancerTask (ContainerBalancerTask.java:initializeIteration(386)) - Lower limit for utilization is -0.38239439847490236 and Upper limit for utilization is 1.006901691573129
2023-07-26 19:34:25,701 [main] DEBUG balancer.ContainerBalancerTask (ContainerBalancerTask.java:initializeIteration(398)) - Utilization for node a37c7fb9-c250-428d-bbaf-25effbb8edb9 with capacity 58459277084B, used 52613349376B, and remaining 5845927708B is 0.9000000000068423
2023-07-26 19:34:25,701 [main] DEBUG balancer.ContainerBalancerTask (ContainerBalancerTask.java:initializeIteration(398)) - Utilization for node d7627ed8-bcaa-49c3-bfde-d13ab0078c22 with capacity 64424509440B, used 51539607552B, and remaining 12884901888B is 0.8
2023-07-26 19:34:25,701 [main] DEBUG balancer.ContainerBalancerTask (ContainerBalancerTask.java:initializeIteration(398)) - Utilization for node c2e9ace7-d217-4b40-a541-d7ab9b4862fd with capacity 65958426331B, used 46170898432B, and remaining 19787527899B is 0.7000000000045483
2023-07-26 19:34:25,701 [main] DEBUG balancer.ContainerBalancerTask (ContainerBalancerTask.java:initializeIteration(398)) - Utilization for node 7b147160-f7e4-4ed5-9f84-7cc53a14b227 with capacity 75161927680B, used 45097156608B, and remaining 30064771072B is 0.6
2023-07-26 19:34:25,701 [main] DEBUG balancer.ContainerBalancerTask (ContainerBalancerTask.java:initializeIteration(398)) - Utilization for node 7b15d5a2-3ae8-45f1-827d-dd401d344ef1 with capacity 55834574848B, used 27917287424B, and remaining 27917287424B is 0.5
2023-07-26 19:34:25,701 [main] DEBUG balancer.ContainerBalancerTask (ContainerBalancerTask.java:initializeIteration(398)) - Utilization for node 1958fd06-49b2-457f-a49a-87b7d3719053 with capacity 120795955200B, used 48318382080B, and remaining 72477573120B is 0.4
2023-07-26 19:34:25,701 [main] DEBUG balancer.ContainerBalancerTask (ContainerBalancerTask.java:initializeIteration(398)) - Utilization for node be05a542-2d6b-4cd9-9aa2-f5ccab50f441 with capacity 110953321813B, used 33285996544B, and remaining 77667325269B is 0.30000000000090127
2023-07-26 19:34:25,701 [main] DEBUG balancer.ContainerBalancerTask (ContainerBalancerTask.java:initializeIteration(398)) - Utilization for node 076794ef-350c-4ec9-878a-5e5e24d8889f with capacity 150323855360B, used 30064771072B, and remaining 120259084288B is 0.2
2023-07-26 19:34:25,702 [main] DEBUG balancer.ContainerBalancerTask (ContainerBalancerTask.java:initializeIteration(398)) - Utilization for node 0b017e3b-1d8d-4cc0-87ec-36105ee8c9d5 with capacity 504658657280B, used 50465865728B, and remaining 454192791552B is 0.1
2023-07-26 19:34:25,702 [main] DEBUG balancer.ContainerBalancerTask (ContainerBalancerTask.java:initializeIteration(398)) - Utilization for node bdd2467a-0919-47ab-a2c7-d439310d8903 with capacity 27917287424B, used 0B, and remaining 27917287424B is 0.0
2023-07-26 19:34:25,702 [main] INFO  balancer.ContainerBalancerTask (ContainerBalancerTask.java:initializeIteration(443)) - Did not find any unbalanced Datanodes.
2023-07-26 19:34:25,702 [main] INFO  balancer.ContainerBalancerTask (ContainerBalancerTask.java:tryStopWithSaveConfiguration(308)) - Save Configuration for stopping. Reason: Could not initialize ContainerBalancer's iteration number 0
2023-07-26 19:34:25,702 [main] DEBUG balancer.ContainerBalancerTask (ContainerBalancerTask.java:initializeIteration(374)) - Average utilization of the cluster is 0.3122536465491133
2023-07-26 19:34:25,702 [main] DEBUG balancer.ContainerBalancerTask (ContainerBalancerTask.java:initializeIteration(386)) - Lower limit for utilization is -0.4236276033072062 and Upper limit for utilization is 1.048134896405433
2023-07-26 19:34:25,703 [main] DEBUG balancer.ContainerBalancerTask (ContainerBalancerTask.java:initializeIteration(398)) - Utilization for node a37c7fb9-c250-428d-bbaf-25effbb8edb9 with capacity 58459277084B, used 52613349376B, and remaining 5845927708B is 0.9000000000068423
2023-07-26 19:34:25,703 [main] DEBUG balancer.ContainerBalancerTask (ContainerBalancerTask.java:initializeIteration(398)) - Utilization for node d7627ed8-bcaa-49c3-bfde-d13ab0078c22 with capacity 64424509440B, used 51539607552B, and remaining 12884901888B is 0.8
2023-07-26 19:34:25,703 [main] DEBUG balancer.ContainerBalancerTask (ContainerBalancerTask.java:initializeIteration(398)) - Utilization for node c2e9ace7-d217-4b40-a541-d7ab9b4862fd with capacity 65958426331B, used 46170898432B, and remaining 19787527899B is 0.7000000000045483
2023-07-26 19:34:25,703 [main] DEBUG balancer.ContainerBalancerTask (ContainerBalancerTask.java:initializeIteration(398)) - Utilization for node 7b147160-f7e4-4ed5-9f84-7cc53a14b227 with capacity 75161927680B, used 45097156608B, and remaining 30064771072B is 0.6
2023-07-26 19:34:25,703 [main] DEBUG balancer.ContainerBalancerTask (ContainerBalancerTask.java:initializeIteration(398)) - Utilization for node 7b15d5a2-3ae8-45f1-827d-dd401d344ef1 with capacity 55834574848B, used 27917287424B, and remaining 27917287424B is 0.5
2023-07-26 19:34:25,703 [main] DEBUG balancer.ContainerBalancerTask (ContainerBalancerTask.java:initializeIteration(398)) - Utilization for node 1958fd06-49b2-457f-a49a-87b7d3719053 with capacity 120795955200B, used 48318382080B, and remaining 72477573120B is 0.4
2023-07-26 19:34:25,703 [main] DEBUG balancer.ContainerBalancerTask (ContainerBalancerTask.java:initializeIteration(398)) - Utilization for node be05a542-2d6b-4cd9-9aa2-f5ccab50f441 with capacity 110953321813B, used 33285996544B, and remaining 77667325269B is 0.30000000000090127
2023-07-26 19:34:25,703 [main] DEBUG balancer.ContainerBalancerTask (ContainerBalancerTask.java:initializeIteration(398)) - Utilization for node 076794ef-350c-4ec9-878a-5e5e24d8889f with capacity 150323855360B, used 30064771072B, and remaining 120259084288B is 0.2
2023-07-26 19:34:25,703 [main] DEBUG balancer.ContainerBalancerTask (ContainerBalancerTask.java:initializeIteration(398)) - Utilization for node 0b017e3b-1d8d-4cc0-87ec-36105ee8c9d5 with capacity 504658657280B, used 50465865728B, and remaining 454192791552B is 0.1
2023-07-26 19:34:25,703 [main] DEBUG balancer.ContainerBalancerTask (ContainerBalancerTask.java:initializeIteration(398)) - Utilization for node bdd2467a-0919-47ab-a2c7-d439310d8903 with capacity 27917287424B, used 0B, and remaining 27917287424B is 0.0
2023-07-26 19:34:25,704 [main] INFO  balancer.ContainerBalancerTask (ContainerBalancerTask.java:initializeIteration(443)) - Did not find any unbalanced Datanodes.
2023-07-26 19:34:25,704 [main] INFO  balancer.ContainerBalancerTask (ContainerBalancerTask.java:tryStopWithSaveConfiguration(308)) - Save Configuration for stopping. Reason: Could not initialize ContainerBalancer's iteration number 0
2023-07-26 19:34:25,704 [main] DEBUG balancer.ContainerBalancerTask (ContainerBalancerTask.java:initializeIteration(374)) - Average utilization of the cluster is 0.3122536465491133
2023-07-26 19:34:25,704 [main] DEBUG balancer.ContainerBalancerTask (ContainerBalancerTask.java:initializeIteration(386)) - Lower limit for utilization is -0.5027962918790643 and Upper limit for utilization is 1.127303584977291
2023-07-26 19:34:25,704 [main] DEBUG balancer.ContainerBalancerTask (ContainerBalancerTask.java:initializeIteration(398)) - Utilization for node a37c7fb9-c250-428d-bbaf-25effbb8edb9 with capacity 58459277084B, used 52613349376B, and remaining 5845927708B is 0.9000000000068423
2023-07-26 19:34:25,704 [main] DEBUG balancer.ContainerBalancerTask (ContainerBalancerTask.java:initializeIteration(398)) - Utilization for node d7627ed8-bcaa-49c3-bfde-d13ab0078c22 with capacity 64424509440B, used 51539607552B, and remaining 12884901888B is 0.8
2023-07-26 19:34:25,705 [main] DEBUG balancer.ContainerBalancerTask (ContainerBalancerTask.java:initializeIteration(398)) - Utilization for node c2e9ace7-d217-4b40-a541-d7ab9b4862fd with capacity 65958426331B, used 46170898432B, and remaining 19787527899B is 0.7000000000045483
2023-07-26 19:34:25,705 [main] DEBUG balancer.ContainerBalancerTask (ContainerBalancerTask.java:initializeIteration(398)) - Utilization for node 7b147160-f7e4-4ed5-9f84-7cc53a14b227 with capacity 75161927680B, used 45097156608B, and remaining 30064771072B is 0.6
2023-07-26 19:34:25,705 [main] DEBUG balancer.ContainerBalancerTask (ContainerBalancerTask.java:initializeIteration(398)) - Utilization for node 7b15d5a2-3ae8-45f1-827d-dd401d344ef1 with capacity 55834574848B, used 27917287424B, and remaining 27917287424B is 0.5
2023-07-26 19:34:25,705 [main] DEBUG balancer.ContainerBalancerTask (ContainerBalancerTask.java:initializeIteration(398)) - Utilization for node 1958fd06-49b2-457f-a49a-87b7d3719053 with capacity 120795955200B, used 48318382080B, and remaining 72477573120B is 0.4
2023-07-26 19:34:25,705 [main] DEBUG balancer.ContainerBalancerTask (ContainerBalancerTask.java:initializeIteration(398)) - Utilization for node be05a542-2d6b-4cd9-9aa2-f5ccab50f441 with capacity 110953321813B, used 33285996544B, and remaining 77667325269B is 0.30000000000090127
2023-07-26 19:34:25,705 [main] DEBUG balancer.ContainerBalancerTask (ContainerBalancerTask.java:initializeIteration(398)) - Utilization for node 076794ef-350c-4ec9-878a-5e5e24d8889f with capacity 150323855360B, used 30064771072B, and remaining 120259084288B is 0.2
2023-07-26 19:34:25,705 [main] DEBUG balancer.ContainerBalancerTask (ContainerBalancerTask.java:initializeIteration(398)) - Utilization for node 0b017e3b-1d8d-4cc0-87ec-36105ee8c9d5 with capacity 504658657280B, used 50465865728B, and remaining 454192791552B is 0.1
2023-07-26 19:34:25,705 [main] DEBUG balancer.ContainerBalancerTask (ContainerBalancerTask.java:initializeIteration(398)) - Utilization for node bdd2467a-0919-47ab-a2c7-d439310d8903 with capacity 27917287424B, used 0B, and remaining 27917287424B is 0.0
2023-07-26 19:34:25,705 [main] INFO  balancer.ContainerBalancerTask (ContainerBalancerTask.java:initializeIteration(443)) - Did not find any unbalanced Datanodes.
2023-07-26 19:34:25,705 [main] INFO  balancer.ContainerBalancerTask (ContainerBalancerTask.java:tryStopWithSaveConfiguration(308)) - Save Configuration for stopping. Reason: Could not initialize ContainerBalancer's iteration number 0
2023-07-26 19:34:25,706 [main] DEBUG balancer.ContainerBalancerTask (ContainerBalancerTask.java:initializeIteration(374)) - Average utilization of the cluster is 0.3122536465491133
2023-07-26 19:34:25,706 [main] DEBUG balancer.ContainerBalancerTask (ContainerBalancerTask.java:initializeIteration(386)) - Lower limit for utilization is 0.03173683830989987 and Upper limit for utilization is 0.5927704547883268
2023-07-26 19:34:25,706 [main] DEBUG balancer.ContainerBalancerTask (ContainerBalancerTask.java:initializeIteration(398)) - Utilization for node a37c7fb9-c250-428d-bbaf-25effbb8edb9 with capacity 58459277084B, used 52613349376B, and remaining 5845927708B is 0.9000000000068423
2023-07-26 19:34:25,706 [main] DEBUG balancer.ContainerBalancerTask (ContainerBalancerTask.java:initializeIteration(398)) - Utilization for node d7627ed8-bcaa-49c3-bfde-d13ab0078c22 with capacity 64424509440B, used 51539607552B, and remaining 12884901888B is 0.8
2023-07-26 19:34:25,706 [main] DEBUG balancer.ContainerBalancerTask (ContainerBalancerTask.java:initializeIteration(398)) - Utilization for node c2e9ace7-d217-4b40-a541-d7ab9b4862fd with capacity 65958426331B, used 46170898432B, and remaining 19787527899B is 0.7000000000045483
2023-07-26 19:34:25,706 [main] DEBUG balancer.ContainerBalancerTask (ContainerBalancerTask.java:initializeIteration(398)) - Utilization for node 7b147160-f7e4-4ed5-9f84-7cc53a14b227 with capacity 75161927680B, used 45097156608B, and remaining 30064771072B is 0.6
2023-07-26 19:34:25,707 [main] DEBUG balancer.ContainerBalancerTask (ContainerBalancerTask.java:initializeIteration(398)) - Utilization for node 7b15d5a2-3ae8-45f1-827d-dd401d344ef1 with capacity 55834574848B, used 27917287424B, and remaining 27917287424B is 0.5
2023-07-26 19:34:25,707 [main] DEBUG balancer.ContainerBalancerTask (ContainerBalancerTask.java:initializeIteration(398)) - Utilization for node 1958fd06-49b2-457f-a49a-87b7d3719053 with capacity 120795955200B, used 48318382080B, and remaining 72477573120B is 0.4
2023-07-26 19:34:25,707 [main] DEBUG balancer.ContainerBalancerTask (ContainerBalancerTask.java:initializeIteration(398)) - Utilization for node be05a542-2d6b-4cd9-9aa2-f5ccab50f441 with capacity 110953321813B, used 33285996544B, and remaining 77667325269B is 0.30000000000090127
2023-07-26 19:34:25,707 [main] DEBUG balancer.ContainerBalancerTask (ContainerBalancerTask.java:initializeIteration(398)) - Utilization for node 076794ef-350c-4ec9-878a-5e5e24d8889f with capacity 150323855360B, used 30064771072B, and remaining 120259084288B is 0.2
2023-07-26 19:34:25,707 [main] DEBUG balancer.ContainerBalancerTask (ContainerBalancerTask.java:initializeIteration(398)) - Utilization for node 0b017e3b-1d8d-4cc0-87ec-36105ee8c9d5 with capacity 504658657280B, used 50465865728B, and remaining 454192791552B is 0.1
2023-07-26 19:34:25,707 [main] DEBUG balancer.ContainerBalancerTask (ContainerBalancerTask.java:initializeIteration(398)) - Utilization for node bdd2467a-0919-47ab-a2c7-d439310d8903 with capacity 27917287424B, used 0B, and remaining 27917287424B is 0.0
2023-07-26 19:34:25,707 [main] INFO  balancer.ContainerBalancerTask (ContainerBalancerTask.java:initializeIteration(447)) - Container Balancer has identified 4 Over-Utilized and 1 Under-Utilized Datanodes that need to be balanced.
2023-07-26 19:34:25,707 [main] DEBUG balancer.ContainerBalancerTask (ContainerBalancerTask.java:lambda$initializeIteration$1(453)) - Datanode localhost-251.127.170.125 a37c7fb9-c250-428d-bbaf-25effbb8edb9 is Over-Utilized.
2023-07-26 19:34:25,707 [main] DEBUG balancer.ContainerBalancerTask (ContainerBalancerTask.java:lambda$initializeIteration$1(453)) - Datanode localhost-190.189.13.220 d7627ed8-bcaa-49c3-bfde-d13ab0078c22 is Over-Utilized.
2023-07-26 19:34:25,707 [main] DEBUG balancer.ContainerBalancerTask (ContainerBalancerTask.java:lambda$initializeIteration$1(453)) - Datanode localhost-97.48.255.145 c2e9ace7-d217-4b40-a541-d7ab9b4862fd is Over-Utilized.
2023-07-26 19:34:25,707 [main] DEBUG balancer.ContainerBalancerTask (ContainerBalancerTask.java:lambda$initializeIteration$1(453)) - Datanode localhost-150.83.213.203 7b147160-f7e4-4ed5-9f84-7cc53a14b227 is Over-Utilized.
2023-07-26 19:34:25,707 [main] DEBUG balancer.ContainerBalancerTask (ContainerBalancerTask.java:lambda$initializeIteration$2(459)) - Datanode localhost-94.255.21.4 bdd2467a-0919-47ab-a2c7-d439310d8903 is Under-Utilized.
2023-07-26 19:34:25,710 [main] DEBUG balancer.ContainerBalancerTask (ContainerBalancerTask.java:matchSourceWithTarget(708)) - ContainerBalancer is finding suitable target for source datanode a37c7fb9-c250-428d-bbaf-25effbb8edb9
2023-07-26 19:34:25,710 [main] INFO  balancer.ContainerBalancerTask (ContainerBalancerTask.java:matchSourceWithTarget(722)) - ContainerBalancer matched source datanode a37c7fb9-c250-428d-bbaf-25effbb8edb9 with target datanode bdd2467a-0919-47ab-a2c7-d439310d8903 for container move.
2023-07-26 19:34:25,710 [main] INFO  balancer.ContainerBalancerTask (ContainerBalancerTask.java:processMoveSelection(569)) - ContainerBalancer is trying to move container #85 with size 5368709120B from source datanode a37c7fb9-c250-428d-bbaf-25effbb8edb9 to target datanode bdd2467a-0919-47ab-a2c7-d439310d8903
2023-07-26 19:34:25,710 [main] DEBUG balancer.ContainerBalancerTask (ContainerBalancerTask.java:lambda$moveContainer$3(837)) - Container move completed for container #85 from source a37c7fb9-c250-428d-bbaf-25effbb8edb9 to target bdd2467a-0919-47ab-a2c7-d439310d8903
2023-07-26 19:34:25,712 [main] DEBUG balancer.ContainerBalancerTask (ContainerBalancerTask.java:matchSourceWithTarget(708)) - ContainerBalancer is finding suitable target for source datanode a37c7fb9-c250-428d-bbaf-25effbb8edb9
2023-07-26 19:34:25,712 [main] INFO  balancer.ContainerBalancerTask (ContainerBalancerTask.java:matchSourceWithTarget(722)) - ContainerBalancer matched source datanode a37c7fb9-c250-428d-bbaf-25effbb8edb9 with target datanode bdd2467a-0919-47ab-a2c7-d439310d8903 for container move.
2023-07-26 19:34:25,713 [main] INFO  balancer.ContainerBalancerTask (ContainerBalancerTask.java:processMoveSelection(569)) - ContainerBalancer is trying to move container #40 with size 5368709120B from source datanode a37c7fb9-c250-428d-bbaf-25effbb8edb9 to target datanode bdd2467a-0919-47ab-a2c7-d439310d8903
2023-07-26 19:34:25,713 [main] DEBUG balancer.ContainerBalancerTask (ContainerBalancerTask.java:lambda$moveContainer$3(837)) - Container move completed for container #40 from source a37c7fb9-c250-428d-bbaf-25effbb8edb9 to target bdd2467a-0919-47ab-a2c7-d439310d8903
2023-07-26 19:34:25,715 [main] DEBUG balancer.ContainerBalancerTask (ContainerBalancerTask.java:matchSourceWithTarget(708)) - ContainerBalancer is finding suitable target for source datanode d7627ed8-bcaa-49c3-bfde-d13ab0078c22
2023-07-26 19:34:25,715 [main] INFO  balancer.ContainerBalancerTask (ContainerBalancerTask.java:matchSourceWithTarget(722)) - ContainerBalancer matched source datanode d7627ed8-bcaa-49c3-bfde-d13ab0078c22 with target datanode bdd2467a-0919-47ab-a2c7-d439310d8903 for container move.
2023-07-26 19:34:25,715 [main] INFO  balancer.ContainerBalancerTask (ContainerBalancerTask.java:processMoveSelection(569)) - ContainerBalancer is trying to move container #68 with size 5368709120B from source datanode d7627ed8-bcaa-49c3-bfde-d13ab0078c22 to target datanode bdd2467a-0919-47ab-a2c7-d439310d8903
2023-07-26 19:34:25,716 [main] DEBUG balancer.ContainerBalancerTask (ContainerBalancerTask.java:lambda$moveContainer$3(837)) - Container move completed for container #68 from source d7627ed8-bcaa-49c3-bfde-d13ab0078c22 to target bdd2467a-0919-47ab-a2c7-d439310d8903
2023-07-26 19:34:25,718 [main] DEBUG balancer.ContainerBalancerTask (ContainerBalancerTask.java:matchSourceWithTarget(708)) - ContainerBalancer is finding suitable target for source datanode d7627ed8-bcaa-49c3-bfde-d13ab0078c22
2023-07-26 19:34:25,719 [main] INFO  balancer.FindTargetGreedyByUsageInfo (AbstractFindTargetGreedy.java:findTargetForContainerMove(133)) - Container Balancer could not find a target for source datanode d7627ed8-bcaa-49c3-bfde-d13ab0078c22
2023-07-26 19:34:25,719 [main] DEBUG balancer.ContainerBalancerTask (ContainerBalancerTask.java:matchSourceWithTarget(717)) - ContainerBalancer could not find a suitable target for source node d7627ed8-bcaa-49c3-bfde-d13ab0078c22.
2023-07-26 19:34:25,721 [main] DEBUG balancer.ContainerBalancerTask (ContainerBalancerTask.java:matchSourceWithTarget(708)) - ContainerBalancer is finding suitable target for source datanode a37c7fb9-c250-428d-bbaf-25effbb8edb9
2023-07-26 19:34:25,722 [main] INFO  balancer.FindTargetGreedyByUsageInfo (AbstractFindTargetGreedy.java:findTargetForContainerMove(133)) - Container Balancer could not find a target for source datanode a37c7fb9-c250-428d-bbaf-25effbb8edb9
2023-07-26 19:34:25,722 [main] DEBUG balancer.ContainerBalancerTask (ContainerBalancerTask.java:matchSourceWithTarget(717)) - ContainerBalancer could not find a suitable target for source node a37c7fb9-c250-428d-bbaf-25effbb8edb9.
2023-07-26 19:34:25,724 [main] DEBUG balancer.ContainerBalancerTask (ContainerBalancerTask.java:matchSourceWithTarget(708)) - ContainerBalancer is finding suitable target for source datanode c2e9ace7-d217-4b40-a541-d7ab9b4862fd
2023-07-26 19:34:25,725 [main] INFO  balancer.FindTargetGreedyByUsageInfo (AbstractFindTargetGreedy.java:findTargetForContainerMove(133)) - Container Balancer could not find a target for source datanode c2e9ace7-d217-4b40-a541-d7ab9b4862fd
2023-07-26 19:34:25,725 [main] DEBUG balancer.ContainerBalancerTask (ContainerBalancerTask.java:matchSourceWithTarget(717)) - ContainerBalancer could not find a suitable target for source node c2e9ace7-d217-4b40-a541-d7ab9b4862fd.
2023-07-26 19:34:25,727 [main] DEBUG balancer.ContainerBalancerTask (ContainerBalancerTask.java:matchSourceWithTarget(708)) - ContainerBalancer is finding suitable target for source datanode 7b147160-f7e4-4ed5-9f84-7cc53a14b227
2023-07-26 19:34:25,728 [main] INFO  balancer.FindTargetGreedyByUsageInfo (AbstractFindTargetGreedy.java:findTargetForContainerMove(133)) - Container Balancer could not find a target for source datanode 7b147160-f7e4-4ed5-9f84-7cc53a14b227
2023-07-26 19:34:25,728 [main] DEBUG balancer.ContainerBalancerTask (ContainerBalancerTask.java:matchSourceWithTarget(717)) - ContainerBalancer could not find a suitable target for source node 7b147160-f7e4-4ed5-9f84-7cc53a14b227.
2023-07-26 19:34:25,728 [main] INFO  balancer.FindSourceGreedy (FindSourceGreedy.java:getNextCandidateSourceDataNode(126)) - no more candidate source data node
2023-07-26 19:34:25,728 [main] INFO  balancer.ContainerBalancerTask (ContainerBalancerTask.java:checkIterationMoveResults(642)) - Iteration Summary. Number of Datanodes involved: 3. Size moved: 15 GB (16106127360 Bytes). Number of Container moves completed: 3.
2023-07-26 19:34:25,728 [main] INFO  balancer.ContainerBalancerTask (ContainerBalancerTask.java:balance(259)) - Result of this iteration of Container Balancer: ITERATION_COMPLETED
2023-07-26 19:34:25,729 [main] INFO  balancer.ContainerBalancerTask (ContainerBalancerTask.java:tryStopWithSaveConfiguration(308)) - Save Configuration for stopping. Reason: Completed all iterations.
2023-07-26 19:34:25,729 [main] DEBUG balancer.ContainerBalancerTask (ContainerBalancerTask.java:initializeIteration(374)) - Average utilization of the cluster is 0.3122536465491133
2023-07-26 19:34:25,729 [main] DEBUG balancer.ContainerBalancerTask (ContainerBalancerTask.java:initializeIteration(386)) - Lower limit for utilization is 0.17936925408979548 and Upper limit for utilization is 0.44513803900843113
2023-07-26 19:34:25,730 [main] DEBUG balancer.ContainerBalancerTask (ContainerBalancerTask.java:initializeIteration(398)) - Utilization for node a37c7fb9-c250-428d-bbaf-25effbb8edb9 with capacity 58459277084B, used 52613349376B, and remaining 5845927708B is 0.9000000000068423
2023-07-26 19:34:25,730 [main] DEBUG balancer.ContainerBalancerTask (ContainerBalancerTask.java:initializeIteration(398)) - Utilization for node d7627ed8-bcaa-49c3-bfde-d13ab0078c22 with capacity 64424509440B, used 51539607552B, and remaining 12884901888B is 0.8
2023-07-26 19:34:25,730 [main] DEBUG balancer.ContainerBalancerTask (ContainerBalancerTask.java:initializeIteration(398)) - Utilization for node c2e9ace7-d217-4b40-a541-d7ab9b4862fd with capacity 65958426331B, used 46170898432B, and remaining 19787527899B is 0.7000000000045483
2023-07-26 19:34:25,730 [main] DEBUG balancer.ContainerBalancerTask (ContainerBalancerTask.java:initializeIteration(398)) - Utilization for node 7b147160-f7e4-4ed5-9f84-7cc53a14b227 with capacity 75161927680B, used 45097156608B, and remaining 30064771072B is 0.6
2023-07-26 19:34:25,730 [main] DEBUG balancer.ContainerBalancerTask (ContainerBalancerTask.java:initializeIteration(398)) - Utilization for node 7b15d5a2-3ae8-45f1-827d-dd401d344ef1 with capacity 55834574848B, used 27917287424B, and remaining 27917287424B is 0.5
2023-07-26 19:34:25,730 [main] DEBUG balancer.ContainerBalancerTask (ContainerBalancerTask.java:initializeIteration(398)) - Utilization for node 1958fd06-49b2-457f-a49a-87b7d3719053 with capacity 120795955200B, used 48318382080B, and remaining 72477573120B is 0.4
2023-07-26 19:34:25,730 [main] DEBUG balancer.ContainerBalancerTask (ContainerBalancerTask.java:initializeIteration(398)) - Utilization for node be05a542-2d6b-4cd9-9aa2-f5ccab50f441 with capacity 110953321813B, used 33285996544B, and remaining 77667325269B is 0.30000000000090127
2023-07-26 19:34:25,730 [main] DEBUG balancer.ContainerBalancerTask (ContainerBalancerTask.java:initializeIteration(398)) - Utilization for node 076794ef-350c-4ec9-878a-5e5e24d8889f with capacity 150323855360B, used 30064771072B, and remaining 120259084288B is 0.2
2023-07-26 19:34:25,730 [main] DEBUG balancer.ContainerBalancerTask (ContainerBalancerTask.java:initializeIteration(398)) - Utilization for node 0b017e3b-1d8d-4cc0-87ec-36105ee8c9d5 with capacity 504658657280B, used 50465865728B, and remaining 454192791552B is 0.1
2023-07-26 19:34:25,730 [main] DEBUG balancer.ContainerBalancerTask (ContainerBalancerTask.java:initializeIteration(398)) - Utilization for node bdd2467a-0919-47ab-a2c7-d439310d8903 with capacity 27917287424B, used 0B, and remaining 27917287424B is 0.0
2023-07-26 19:34:25,730 [main] INFO  balancer.ContainerBalancerTask (ContainerBalancerTask.java:initializeIteration(447)) - Container Balancer has identified 5 Over-Utilized and 2 Under-Utilized Datanodes that need to be balanced.
2023-07-26 19:34:25,731 [main] DEBUG balancer.ContainerBalancerTask (ContainerBalancerTask.java:lambda$initializeIteration$1(453)) - Datanode localhost-251.127.170.125 a37c7fb9-c250-428d-bbaf-25effbb8edb9 is Over-Utilized.
2023-07-26 19:34:25,731 [main] DEBUG balancer.ContainerBalancerTask (ContainerBalancerTask.java:lambda$initializeIteration$1(453)) - Datanode localhost-190.189.13.220 d7627ed8-bcaa-49c3-bfde-d13ab0078c22 is Over-Utilized.
2023-07-26 19:34:25,731 [main] DEBUG balancer.ContainerBalancerTask (ContainerBalancerTask.java:lambda$initializeIteration$1(453)) - Datanode localhost-97.48.255.145 c2e9ace7-d217-4b40-a541-d7ab9b4862fd is Over-Utilized.
2023-07-26 19:34:25,731 [main] DEBUG balancer.ContainerBalancerTask (ContainerBalancerTask.java:lambda$initializeIteration$1(453)) - Datanode localhost-150.83.213.203 7b147160-f7e4-4ed5-9f84-7cc53a14b227 is Over-Utilized.
2023-07-26 19:34:25,731 [main] DEBUG balancer.ContainerBalancerTask (ContainerBalancerTask.java:lambda$initializeIteration$1(453)) - Datanode localhost-219.88.132.51 7b15d5a2-3ae8-45f1-827d-dd401d344ef1 is Over-Utilized.
2023-07-26 19:34:25,731 [main] DEBUG balancer.ContainerBalancerTask (ContainerBalancerTask.java:lambda$initializeIteration$2(459)) - Datanode localhost-94.255.21.4 bdd2467a-0919-47ab-a2c7-d439310d8903 is Under-Utilized.
2023-07-26 19:34:25,731 [main] DEBUG balancer.ContainerBalancerTask (ContainerBalancerTask.java:lambda$initializeIteration$2(459)) - Datanode localhost-75.199.127.39 0b017e3b-1d8d-4cc0-87ec-36105ee8c9d5 is Under-Utilized.
2023-07-26 19:34:25,733 [main] DEBUG balancer.ContainerBalancerTask (ContainerBalancerTask.java:matchSourceWithTarget(708)) - ContainerBalancer is finding suitable target for source datanode a37c7fb9-c250-428d-bbaf-25effbb8edb9
2023-07-26 19:34:25,733 [main] INFO  balancer.ContainerBalancerTask (ContainerBalancerTask.java:matchSourceWithTarget(722)) - ContainerBalancer matched source datanode a37c7fb9-c250-428d-bbaf-25effbb8edb9 with target datanode bdd2467a-0919-47ab-a2c7-d439310d8903 for container move.
2023-07-26 19:34:25,734 [main] INFO  balancer.ContainerBalancerTask (ContainerBalancerTask.java:processMoveSelection(569)) - ContainerBalancer is trying to move container #85 with size 5368709120B from source datanode a37c7fb9-c250-428d-bbaf-25effbb8edb9 to target datanode bdd2467a-0919-47ab-a2c7-d439310d8903
2023-07-26 19:34:25,734 [main] DEBUG balancer.ContainerBalancerTask (ContainerBalancerTask.java:lambda$moveContainer$3(837)) - Container move completed for container #85 from source a37c7fb9-c250-428d-bbaf-25effbb8edb9 to target bdd2467a-0919-47ab-a2c7-d439310d8903
2023-07-26 19:34:25,736 [main] DEBUG balancer.ContainerBalancerTask (ContainerBalancerTask.java:matchSourceWithTarget(708)) - ContainerBalancer is finding suitable target for source datanode a37c7fb9-c250-428d-bbaf-25effbb8edb9
2023-07-26 19:34:25,736 [main] INFO  balancer.ContainerBalancerTask (ContainerBalancerTask.java:matchSourceWithTarget(722)) - ContainerBalancer matched source datanode a37c7fb9-c250-428d-bbaf-25effbb8edb9 with target datanode 0b017e3b-1d8d-4cc0-87ec-36105ee8c9d5 for container move.
2023-07-26 19:34:25,736 [main] INFO  balancer.ContainerBalancerTask (ContainerBalancerTask.java:processMoveSelection(569)) - ContainerBalancer is trying to move container #40 with size 5368709120B from source datanode a37c7fb9-c250-428d-bbaf-25effbb8edb9 to target datanode 0b017e3b-1d8d-4cc0-87ec-36105ee8c9d5
2023-07-26 19:34:25,736 [main] DEBUG balancer.ContainerBalancerTask (ContainerBalancerTask.java:lambda$moveContainer$3(837)) - Container move completed for container #40 from source a37c7fb9-c250-428d-bbaf-25effbb8edb9 to target 0b017e3b-1d8d-4cc0-87ec-36105ee8c9d5
2023-07-26 19:34:25,739 [main] DEBUG balancer.ContainerBalancerTask (ContainerBalancerTask.java:matchSourceWithTarget(708)) - ContainerBalancer is finding suitable target for source datanode d7627ed8-bcaa-49c3-bfde-d13ab0078c22
2023-07-26 19:34:25,739 [main] INFO  balancer.ContainerBalancerTask (ContainerBalancerTask.java:matchSourceWithTarget(722)) - ContainerBalancer matched source datanode d7627ed8-bcaa-49c3-bfde-d13ab0078c22 with target datanode 0b017e3b-1d8d-4cc0-87ec-36105ee8c9d5 for container move.
2023-07-26 19:34:25,739 [main] INFO  balancer.ContainerBalancerTask (ContainerBalancerTask.java:processMoveSelection(569)) - ContainerBalancer is trying to move container #68 with size 5368709120B from source datanode d7627ed8-bcaa-49c3-bfde-d13ab0078c22 to target datanode 0b017e3b-1d8d-4cc0-87ec-36105ee8c9d5
2023-07-26 19:34:25,739 [main] DEBUG balancer.ContainerBalancerTask (ContainerBalancerTask.java:lambda$moveContainer$3(837)) - Container move completed for container #68 from source d7627ed8-bcaa-49c3-bfde-d13ab0078c22 to target 0b017e3b-1d8d-4cc0-87ec-36105ee8c9d5
2023-07-26 19:34:25,742 [main] DEBUG balancer.ContainerBalancerTask (ContainerBalancerTask.java:matchSourceWithTarget(708)) - ContainerBalancer is finding suitable target for source datanode d7627ed8-bcaa-49c3-bfde-d13ab0078c22
2023-07-26 19:34:25,742 [main] INFO  balancer.ContainerBalancerTask (ContainerBalancerTask.java:matchSourceWithTarget(722)) - ContainerBalancer matched source datanode d7627ed8-bcaa-49c3-bfde-d13ab0078c22 with target datanode 0b017e3b-1d8d-4cc0-87ec-36105ee8c9d5 for container move.
2023-07-26 19:34:25,742 [main] INFO  balancer.ContainerBalancerTask (ContainerBalancerTask.java:processMoveSelection(569)) - ContainerBalancer is trying to move container #53 with size 5368709120B from source datanode d7627ed8-bcaa-49c3-bfde-d13ab0078c22 to target datanode 0b017e3b-1d8d-4cc0-87ec-36105ee8c9d5
2023-07-26 19:34:25,742 [main] DEBUG balancer.ContainerBalancerTask (ContainerBalancerTask.java:lambda$moveContainer$3(837)) - Container move completed for container #53 from source d7627ed8-bcaa-49c3-bfde-d13ab0078c22 to target 0b017e3b-1d8d-4cc0-87ec-36105ee8c9d5
2023-07-26 19:34:25,744 [main] DEBUG balancer.ContainerBalancerTask (ContainerBalancerTask.java:matchSourceWithTarget(708)) - ContainerBalancer is finding suitable target for source datanode a37c7fb9-c250-428d-bbaf-25effbb8edb9
2023-07-26 19:34:25,745 [main] INFO  balancer.ContainerBalancerTask (ContainerBalancerTask.java:matchSourceWithTarget(722)) - ContainerBalancer matched source datanode a37c7fb9-c250-428d-bbaf-25effbb8edb9 with target datanode 0b017e3b-1d8d-4cc0-87ec-36105ee8c9d5 for container move.
2023-07-26 19:34:25,745 [main] INFO  balancer.ContainerBalancerTask (ContainerBalancerTask.java:processMoveSelection(569)) - ContainerBalancer is trying to move container #89 with size 4294967296B from source datanode a37c7fb9-c250-428d-bbaf-25effbb8edb9 to target datanode 0b017e3b-1d8d-4cc0-87ec-36105ee8c9d5
2023-07-26 19:34:25,745 [main] DEBUG balancer.ContainerBalancerTask (ContainerBalancerTask.java:lambda$moveContainer$3(837)) - Container move completed for container #89 from source a37c7fb9-c250-428d-bbaf-25effbb8edb9 to target 0b017e3b-1d8d-4cc0-87ec-36105ee8c9d5
2023-07-26 19:34:25,747 [main] DEBUG balancer.ContainerBalancerTask (ContainerBalancerTask.java:matchSourceWithTarget(708)) - ContainerBalancer is finding suitable target for source datanode c2e9ace7-d217-4b40-a541-d7ab9b4862fd
2023-07-26 19:34:25,747 [main] INFO  balancer.ContainerBalancerTask (ContainerBalancerTask.java:matchSourceWithTarget(722)) - ContainerBalancer matched source datanode c2e9ace7-d217-4b40-a541-d7ab9b4862fd with target datanode 0b017e3b-1d8d-4cc0-87ec-36105ee8c9d5 for container move.
2023-07-26 19:34:25,747 [main] INFO  balancer.ContainerBalancerTask (ContainerBalancerTask.java:processMoveSelection(569)) - ContainerBalancer is trying to move container #67 with size 4294967296B from source datanode c2e9ace7-d217-4b40-a541-d7ab9b4862fd to target datanode 0b017e3b-1d8d-4cc0-87ec-36105ee8c9d5
2023-07-26 19:34:25,748 [main] DEBUG balancer.ContainerBalancerTask (ContainerBalancerTask.java:lambda$moveContainer$3(837)) - Container move completed for container #67 from source c2e9ace7-d217-4b40-a541-d7ab9b4862fd to target 0b017e3b-1d8d-4cc0-87ec-36105ee8c9d5
2023-07-26 19:34:25,750 [main] DEBUG balancer.ContainerBalancerTask (ContainerBalancerTask.java:matchSourceWithTarget(708)) - ContainerBalancer is finding suitable target for source datanode a37c7fb9-c250-428d-bbaf-25effbb8edb9
2023-07-26 19:34:25,750 [main] INFO  balancer.ContainerBalancerTask (ContainerBalancerTask.java:matchSourceWithTarget(722)) - ContainerBalancer matched source datanode a37c7fb9-c250-428d-bbaf-25effbb8edb9 with target datanode 0b017e3b-1d8d-4cc0-87ec-36105ee8c9d5 for container move.
2023-07-26 19:34:25,750 [main] INFO  balancer.ContainerBalancerTask (ContainerBalancerTask.java:processMoveSelection(569)) - ContainerBalancer is trying to move container #52 with size 4294967296B from source datanode a37c7fb9-c250-428d-bbaf-25effbb8edb9 to target datanode 0b017e3b-1d8d-4cc0-87ec-36105ee8c9d5
2023-07-26 19:34:25,751 [main] DEBUG balancer.ContainerBalancerTask (ContainerBalancerTask.java:lambda$moveContainer$3(837)) - Container move completed for container #52 from source a37c7fb9-c250-428d-bbaf-25effbb8edb9 to target 0b017e3b-1d8d-4cc0-87ec-36105ee8c9d5
2023-07-26 19:34:25,753 [main] DEBUG balancer.ContainerBalancerTask (ContainerBalancerTask.java:matchSourceWithTarget(708)) - ContainerBalancer is finding suitable target for source datanode c2e9ace7-d217-4b40-a541-d7ab9b4862fd
2023-07-26 19:34:25,753 [main] INFO  balancer.ContainerBalancerTask (ContainerBalancerTask.java:matchSourceWithTarget(722)) - ContainerBalancer matched source datanode c2e9ace7-d217-4b40-a541-d7ab9b4862fd with target datanode 0b017e3b-1d8d-4cc0-87ec-36105ee8c9d5 for container move.
2023-07-26 19:34:25,753 [main] INFO  balancer.ContainerBalancerTask (ContainerBalancerTask.java:processMoveSelection(569)) - ContainerBalancer is trying to move container #55 with size 2147483648B from source datanode c2e9ace7-d217-4b40-a541-d7ab9b4862fd to target datanode 0b017e3b-1d8d-4cc0-87ec-36105ee8c9d5
2023-07-26 19:34:25,753 [main] DEBUG balancer.ContainerBalancerTask (ContainerBalancerTask.java:lambda$moveContainer$3(837)) - Container move completed for container #55 from source c2e9ace7-d217-4b40-a541-d7ab9b4862fd to target 0b017e3b-1d8d-4cc0-87ec-36105ee8c9d5
2023-07-26 19:34:25,756 [main] DEBUG balancer.ContainerBalancerTask (ContainerBalancerTask.java:matchSourceWithTarget(708)) - ContainerBalancer is finding suitable target for source datanode d7627ed8-bcaa-49c3-bfde-d13ab0078c22
2023-07-26 19:34:25,756 [main] INFO  balancer.ContainerBalancerTask (ContainerBalancerTask.java:matchSourceWithTarget(722)) - ContainerBalancer matched source datanode d7627ed8-bcaa-49c3-bfde-d13ab0078c22 with target datanode 0b017e3b-1d8d-4cc0-87ec-36105ee8c9d5 for container move.
2023-07-26 19:34:25,756 [main] INFO  balancer.ContainerBalancerTask (ContainerBalancerTask.java:processMoveSelection(569)) - ContainerBalancer is trying to move container #71 with size 3221225472B from source datanode d7627ed8-bcaa-49c3-bfde-d13ab0078c22 to target datanode 0b017e3b-1d8d-4cc0-87ec-36105ee8c9d5
2023-07-26 19:34:25,756 [main] DEBUG balancer.ContainerBalancerTask (ContainerBalancerTask.java:lambda$moveContainer$3(837)) - Container move completed for container #71 from source d7627ed8-bcaa-49c3-bfde-d13ab0078c22 to target 0b017e3b-1d8d-4cc0-87ec-36105ee8c9d5
2023-07-26 19:34:25,758 [main] DEBUG balancer.ContainerBalancerTask (ContainerBalancerTask.java:matchSourceWithTarget(708)) - ContainerBalancer is finding suitable target for source datanode c2e9ace7-d217-4b40-a541-d7ab9b4862fd
2023-07-26 19:34:25,759 [main] INFO  balancer.ContainerBalancerTask (ContainerBalancerTask.java:matchSourceWithTarget(722)) - ContainerBalancer matched source datanode c2e9ace7-d217-4b40-a541-d7ab9b4862fd with target datanode 0b017e3b-1d8d-4cc0-87ec-36105ee8c9d5 for container move.
2023-07-26 19:34:25,759 [main] INFO  balancer.ContainerBalancerTask (ContainerBalancerTask.java:processMoveSelection(569)) - ContainerBalancer is trying to move container #17 with size 2147483648B from source datanode c2e9ace7-d217-4b40-a541-d7ab9b4862fd to target datanode 0b017e3b-1d8d-4cc0-87ec-36105ee8c9d5
2023-07-26 19:34:25,759 [main] DEBUG balancer.ContainerBalancerTask (ContainerBalancerTask.java:lambda$moveContainer$3(837)) - Container move completed for container #17 from source c2e9ace7-d217-4b40-a541-d7ab9b4862fd to target 0b017e3b-1d8d-4cc0-87ec-36105ee8c9d5
2023-07-26 19:34:25,762 [main] DEBUG balancer.ContainerBalancerTask (ContainerBalancerTask.java:matchSourceWithTarget(708)) - ContainerBalancer is finding suitable target for source datanode 7b147160-f7e4-4ed5-9f84-7cc53a14b227
2023-07-26 19:34:25,762 [main] INFO  balancer.ContainerBalancerTask (ContainerBalancerTask.java:matchSourceWithTarget(722)) - ContainerBalancer matched source datanode 7b147160-f7e4-4ed5-9f84-7cc53a14b227 with target datanode 0b017e3b-1d8d-4cc0-87ec-36105ee8c9d5 for container move.
2023-07-26 19:34:25,762 [main] INFO  balancer.ContainerBalancerTask (ContainerBalancerTask.java:processMoveSelection(569)) - ContainerBalancer is trying to move container #83 with size 3221225472B from source datanode 7b147160-f7e4-4ed5-9f84-7cc53a14b227 to target datanode 0b017e3b-1d8d-4cc0-87ec-36105ee8c9d5
2023-07-26 19:34:25,762 [main] DEBUG balancer.ContainerBalancerTask (ContainerBalancerTask.java:lambda$moveContainer$3(837)) - Container move completed for container #83 from source 7b147160-f7e4-4ed5-9f84-7cc53a14b227 to target 0b017e3b-1d8d-4cc0-87ec-36105ee8c9d5
2023-07-26 19:34:25,765 [main] DEBUG balancer.ContainerBalancerTask (ContainerBalancerTask.java:matchSourceWithTarget(708)) - ContainerBalancer is finding suitable target for source datanode d7627ed8-bcaa-49c3-bfde-d13ab0078c22
2023-07-26 19:34:25,765 [main] INFO  balancer.ContainerBalancerTask (ContainerBalancerTask.java:matchSourceWithTarget(722)) - ContainerBalancer matched source datanode d7627ed8-bcaa-49c3-bfde-d13ab0078c22 with target datanode 0b017e3b-1d8d-4cc0-87ec-36105ee8c9d5 for container move.
2023-07-26 19:34:25,765 [main] INFO  balancer.ContainerBalancerTask (ContainerBalancerTask.java:processMoveSelection(569)) - ContainerBalancer is trying to move container #82 with size 2147483648B from source datanode d7627ed8-bcaa-49c3-bfde-d13ab0078c22 to target datanode 0b017e3b-1d8d-4cc0-87ec-36105ee8c9d5
2023-07-26 19:34:25,765 [main] DEBUG balancer.ContainerBalancerTask (ContainerBalancerTask.java:lambda$moveContainer$3(837)) - Container move completed for container #82 from source d7627ed8-bcaa-49c3-bfde-d13ab0078c22 to target 0b017e3b-1d8d-4cc0-87ec-36105ee8c9d5
2023-07-26 19:34:25,768 [main] DEBUG balancer.ContainerBalancerTask (ContainerBalancerTask.java:matchSourceWithTarget(708)) - ContainerBalancer is finding suitable target for source datanode c2e9ace7-d217-4b40-a541-d7ab9b4862fd
2023-07-26 19:34:25,768 [main] INFO  balancer.ContainerBalancerTask (ContainerBalancerTask.java:matchSourceWithTarget(722)) - ContainerBalancer matched source datanode c2e9ace7-d217-4b40-a541-d7ab9b4862fd with target datanode 0b017e3b-1d8d-4cc0-87ec-36105ee8c9d5 for container move.
2023-07-26 19:34:25,768 [main] INFO  balancer.ContainerBalancerTask (ContainerBalancerTask.java:processMoveSelection(569)) - ContainerBalancer is trying to move container #10 with size 2147483648B from source datanode c2e9ace7-d217-4b40-a541-d7ab9b4862fd to target datanode 0b017e3b-1d8d-4cc0-87ec-36105ee8c9d5
2023-07-26 19:34:25,768 [main] DEBUG balancer.ContainerBalancerTask (ContainerBalancerTask.java:lambda$moveContainer$3(837)) - Container move completed for container #10 from source c2e9ace7-d217-4b40-a541-d7ab9b4862fd to target 0b017e3b-1d8d-4cc0-87ec-36105ee8c9d5
2023-07-26 19:34:25,771 [main] DEBUG balancer.ContainerBalancerTask (ContainerBalancerTask.java:matchSourceWithTarget(708)) - ContainerBalancer is finding suitable target for source datanode a37c7fb9-c250-428d-bbaf-25effbb8edb9
2023-07-26 19:34:25,771 [main] INFO  balancer.ContainerBalancerTask (ContainerBalancerTask.java:matchSourceWithTarget(722)) - ContainerBalancer matched source datanode a37c7fb9-c250-428d-bbaf-25effbb8edb9 with target datanode 0b017e3b-1d8d-4cc0-87ec-36105ee8c9d5 for container move.
2023-07-26 19:34:25,771 [main] INFO  balancer.ContainerBalancerTask (ContainerBalancerTask.java:processMoveSelection(569)) - ContainerBalancer is trying to move container #28 with size 4294967296B from source datanode a37c7fb9-c250-428d-bbaf-25effbb8edb9 to target datanode 0b017e3b-1d8d-4cc0-87ec-36105ee8c9d5
2023-07-26 19:34:25,771 [main] DEBUG balancer.ContainerBalancerTask (ContainerBalancerTask.java:lambda$moveContainer$3(837)) - Container move completed for container #28 from source a37c7fb9-c250-428d-bbaf-25effbb8edb9 to target 0b017e3b-1d8d-4cc0-87ec-36105ee8c9d5
2023-07-26 19:34:25,772 [main] WARN  balancer.ContainerBalancerTask (ContainerBalancerTask.java:reachedMaxSizeToMovePerIteration(733)) - Reached max size to move limit. 53687091200 bytes have already been scheduled for balancing and the limit is 53687091200 bytes.
2023-07-26 19:34:25,772 [main] INFO  balancer.ContainerBalancerTask (ContainerBalancerTask.java:checkIterationMoveResults(642)) - Iteration Summary. Number of Datanodes involved: 6. Size moved: 50 GB (53687091200 Bytes). Number of Container moves completed: 14.
2023-07-26 19:34:25,772 [main] INFO  balancer.ContainerBalancerTask (ContainerBalancerTask.java:balance(259)) - Result of this iteration of Container Balancer: ITERATION_COMPLETED
2023-07-26 19:34:25,772 [main] INFO  balancer.ContainerBalancerTask (ContainerBalancerTask.java:tryStopWithSaveConfiguration(308)) - Save Configuration for stopping. Reason: Completed all iterations.
2023-07-26 19:34:25,773 [main] DEBUG balancer.ContainerBalancerTask (ContainerBalancerTask.java:initializeIteration(374)) - Average utilization of the cluster is 0.3122536465491133
2023-07-26 19:34:25,773 [main] DEBUG balancer.ContainerBalancerTask (ContainerBalancerTask.java:initializeIteration(386)) - Lower limit for utilization is -0.2846895893915043 and Upper limit for utilization is 0.909196882489731
2023-07-26 19:34:25,773 [main] DEBUG balancer.ContainerBalancerTask (ContainerBalancerTask.java:initializeIteration(398)) - Utilization for node a37c7fb9-c250-428d-bbaf-25effbb8edb9 with capacity 58459277084B, used 52613349376B, and remaining 5845927708B is 0.9000000000068423
2023-07-26 19:34:25,773 [main] DEBUG balancer.ContainerBalancerTask (ContainerBalancerTask.java:initializeIteration(398)) - Utilization for node d7627ed8-bcaa-49c3-bfde-d13ab0078c22 with capacity 64424509440B, used 51539607552B, and remaining 12884901888B is 0.8
2023-07-26 19:34:25,773 [main] DEBUG balancer.ContainerBalancerTask (ContainerBalancerTask.java:initializeIteration(398)) - Utilization for node c2e9ace7-d217-4b40-a541-d7ab9b4862fd with capacity 65958426331B, used 46170898432B, and remaining 19787527899B is 0.7000000000045483
2023-07-26 19:34:25,773 [main] DEBUG balancer.ContainerBalancerTask (ContainerBalancerTask.java:initializeIteration(398)) - Utilization for node 7b147160-f7e4-4ed5-9f84-7cc53a14b227 with capacity 75161927680B, used 45097156608B, and remaining 30064771072B is 0.6
2023-07-26 19:34:25,773 [main] DEBUG balancer.ContainerBalancerTask (ContainerBalancerTask.java:initializeIteration(398)) - Utilization for node 7b15d5a2-3ae8-45f1-827d-dd401d344ef1 with capacity 55834574848B, used 27917287424B, and remaining 27917287424B is 0.5
2023-07-26 19:34:25,773 [main] DEBUG balancer.ContainerBalancerTask (ContainerBalancerTask.java:initializeIteration(398)) - Utilization for node 1958fd06-49b2-457f-a49a-87b7d3719053 with capacity 120795955200B, used 48318382080B, and remaining 72477573120B is 0.4
2023-07-26 19:34:25,773 [main] DEBUG balancer.ContainerBalancerTask (ContainerBalancerTask.java:initializeIteration(398)) - Utilization for node be05a542-2d6b-4cd9-9aa2-f5ccab50f441 with capacity 110953321813B, used 33285996544B, and remaining 77667325269B is 0.30000000000090127
2023-07-26 19:34:25,773 [main] DEBUG balancer.ContainerBalancerTask (ContainerBalancerTask.java:initializeIteration(398)) - Utilization for node 076794ef-350c-4ec9-878a-5e5e24d8889f with capacity 150323855360B, used 30064771072B, and remaining 120259084288B is 0.2
2023-07-26 19:34:25,774 [main] DEBUG balancer.ContainerBalancerTask (ContainerBalancerTask.java:initializeIteration(398)) - Utilization for node 0b017e3b-1d8d-4cc0-87ec-36105ee8c9d5 with capacity 504658657280B, used 50465865728B, and remaining 454192791552B is 0.1
2023-07-26 19:34:25,774 [main] DEBUG balancer.ContainerBalancerTask (ContainerBalancerTask.java:initializeIteration(398)) - Utilization for node bdd2467a-0919-47ab-a2c7-d439310d8903 with capacity 27917287424B, used 0B, and remaining 27917287424B is 0.0
2023-07-26 19:34:25,774 [main] INFO  balancer.ContainerBalancerTask (ContainerBalancerTask.java:initializeIteration(443)) - Did not find any unbalanced Datanodes.
2023-07-26 19:34:25,774 [main] INFO  balancer.ContainerBalancerTask (ContainerBalancerTask.java:tryStopWithSaveConfiguration(308)) - Save Configuration for stopping. Reason: Could not initialize ContainerBalancer's iteration number 0
2023-07-26 19:34:25,774 [main] DEBUG balancer.ContainerBalancerTask (ContainerBalancerTask.java:initializeIteration(374)) - Average utilization of the cluster is 0.3122536465491133
2023-07-26 19:34:25,775 [main] DEBUG balancer.ContainerBalancerTask (ContainerBalancerTask.java:initializeIteration(386)) - Lower limit for utilization is -0.52975835123679 and Upper limit for utilization is 1.1542656443350168
2023-07-26 19:34:25,775 [main] DEBUG balancer.ContainerBalancerTask (ContainerBalancerTask.java:initializeIteration(398)) - Utilization for node a37c7fb9-c250-428d-bbaf-25effbb8edb9 with capacity 58459277084B, used 52613349376B, and remaining 5845927708B is 0.9000000000068423
2023-07-26 19:34:25,775 [main] DEBUG balancer.ContainerBalancerTask (ContainerBalancerTask.java:initializeIteration(398)) - Utilization for node d7627ed8-bcaa-49c3-bfde-d13ab0078c22 with capacity 64424509440B, used 51539607552B, and remaining 12884901888B is 0.8
2023-07-26 19:34:25,775 [main] DEBUG balancer.ContainerBalancerTask (ContainerBalancerTask.java:initializeIteration(398)) - Utilization for node c2e9ace7-d217-4b40-a541-d7ab9b4862fd with capacity 65958426331B, used 46170898432B, and remaining 19787527899B is 0.7000000000045483
2023-07-26 19:34:25,775 [main] DEBUG balancer.ContainerBalancerTask (ContainerBalancerTask.java:initializeIteration(398)) - Utilization for node 7b147160-f7e4-4ed5-9f84-7cc53a14b227 with capacity 75161927680B, used 45097156608B, and remaining 30064771072B is 0.6
2023-07-26 19:34:25,775 [main] DEBUG balancer.ContainerBalancerTask (ContainerBalancerTask.java:initializeIteration(398)) - Utilization for node 7b15d5a2-3ae8-45f1-827d-dd401d344ef1 with capacity 55834574848B, used 27917287424B, and remaining 27917287424B is 0.5
2023-07-26 19:34:25,775 [main] DEBUG balancer.ContainerBalancerTask (ContainerBalancerTask.java:initializeIteration(398)) - Utilization for node 1958fd06-49b2-457f-a49a-87b7d3719053 with capacity 120795955200B, used 48318382080B, and remaining 72477573120B is 0.4
2023-07-26 19:34:25,775 [main] DEBUG balancer.ContainerBalancerTask (ContainerBalancerTask.java:initializeIteration(398)) - Utilization for node be05a542-2d6b-4cd9-9aa2-f5ccab50f441 with capacity 110953321813B, used 33285996544B, and remaining 77667325269B is 0.30000000000090127
2023-07-26 19:34:25,775 [main] DEBUG balancer.ContainerBalancerTask (ContainerBalancerTask.java:initializeIteration(398)) - Utilization for node 076794ef-350c-4ec9-878a-5e5e24d8889f with capacity 150323855360B, used 30064771072B, and remaining 120259084288B is 0.2
2023-07-26 19:34:25,775 [main] DEBUG balancer.ContainerBalancerTask (ContainerBalancerTask.java:initializeIteration(398)) - Utilization for node 0b017e3b-1d8d-4cc0-87ec-36105ee8c9d5 with capacity 504658657280B, used 50465865728B, and remaining 454192791552B is 0.1
2023-07-26 19:34:25,775 [main] DEBUG balancer.ContainerBalancerTask (ContainerBalancerTask.java:initializeIteration(398)) - Utilization for node bdd2467a-0919-47ab-a2c7-d439310d8903 with capacity 27917287424B, used 0B, and remaining 27917287424B is 0.0
2023-07-26 19:34:25,776 [main] INFO  balancer.ContainerBalancerTask (ContainerBalancerTask.java:initializeIteration(443)) - Did not find any unbalanced Datanodes.
2023-07-26 19:34:25,776 [main] INFO  balancer.ContainerBalancerTask (ContainerBalancerTask.java:tryStopWithSaveConfiguration(308)) - Save Configuration for stopping. Reason: Could not initialize ContainerBalancer's iteration number 0
2023-07-26 19:34:25,776 [main] DEBUG balancer.ContainerBalancerTask (ContainerBalancerTask.java:initializeIteration(374)) - Average utilization of the cluster is 0.3122536465491133
2023-07-26 19:34:25,776 [main] DEBUG balancer.ContainerBalancerTask (ContainerBalancerTask.java:initializeIteration(386)) - Lower limit for utilization is -0.1149030205308611 and Upper limit for utilization is 0.7394103136290877
2023-07-26 19:34:25,776 [main] DEBUG balancer.ContainerBalancerTask (ContainerBalancerTask.java:initializeIteration(398)) - Utilization for node a37c7fb9-c250-428d-bbaf-25effbb8edb9 with capacity 58459277084B, used 52613349376B, and remaining 5845927708B is 0.9000000000068423
2023-07-26 19:34:25,776 [main] DEBUG balancer.ContainerBalancerTask (ContainerBalancerTask.java:initializeIteration(398)) - Utilization for node d7627ed8-bcaa-49c3-bfde-d13ab0078c22 with capacity 64424509440B, used 51539607552B, and remaining 12884901888B is 0.8
2023-07-26 19:34:25,777 [main] DEBUG balancer.ContainerBalancerTask (ContainerBalancerTask.java:initializeIteration(398)) - Utilization for node c2e9ace7-d217-4b40-a541-d7ab9b4862fd with capacity 65958426331B, used 46170898432B, and remaining 19787527899B is 0.7000000000045483
2023-07-26 19:34:25,777 [main] DEBUG balancer.ContainerBalancerTask (ContainerBalancerTask.java:initializeIteration(398)) - Utilization for node 7b147160-f7e4-4ed5-9f84-7cc53a14b227 with capacity 75161927680B, used 45097156608B, and remaining 30064771072B is 0.6
2023-07-26 19:34:25,777 [main] DEBUG balancer.ContainerBalancerTask (ContainerBalancerTask.java:initializeIteration(398)) - Utilization for node 7b15d5a2-3ae8-45f1-827d-dd401d344ef1 with capacity 55834574848B, used 27917287424B, and remaining 27917287424B is 0.5
2023-07-26 19:34:25,777 [main] DEBUG balancer.ContainerBalancerTask (ContainerBalancerTask.java:initializeIteration(398)) - Utilization for node 1958fd06-49b2-457f-a49a-87b7d3719053 with capacity 120795955200B, used 48318382080B, and remaining 72477573120B is 0.4
2023-07-26 19:34:25,777 [main] DEBUG balancer.ContainerBalancerTask (ContainerBalancerTask.java:initializeIteration(398)) - Utilization for node be05a542-2d6b-4cd9-9aa2-f5ccab50f441 with capacity 110953321813B, used 33285996544B, and remaining 77667325269B is 0.30000000000090127
2023-07-26 19:34:25,777 [main] DEBUG balancer.ContainerBalancerTask (ContainerBalancerTask.java:initializeIteration(398)) - Utilization for node 076794ef-350c-4ec9-878a-5e5e24d8889f with capacity 150323855360B, used 30064771072B, and remaining 120259084288B is 0.2
2023-07-26 19:34:25,777 [main] DEBUG balancer.ContainerBalancerTask (ContainerBalancerTask.java:initializeIteration(398)) - Utilization for node 0b017e3b-1d8d-4cc0-87ec-36105ee8c9d5 with capacity 504658657280B, used 50465865728B, and remaining 454192791552B is 0.1
2023-07-26 19:34:25,777 [main] DEBUG balancer.ContainerBalancerTask (ContainerBalancerTask.java:initializeIteration(398)) - Utilization for node bdd2467a-0919-47ab-a2c7-d439310d8903 with capacity 27917287424B, used 0B, and remaining 27917287424B is 0.0
2023-07-26 19:34:25,777 [main] INFO  balancer.ContainerBalancerTask (ContainerBalancerTask.java:initializeIteration(447)) - Container Balancer has identified 2 Over-Utilized and 0 Under-Utilized Datanodes that need to be balanced.
2023-07-26 19:34:25,777 [main] DEBUG balancer.ContainerBalancerTask (ContainerBalancerTask.java:lambda$initializeIteration$1(453)) - Datanode localhost-251.127.170.125 a37c7fb9-c250-428d-bbaf-25effbb8edb9 is Over-Utilized.
2023-07-26 19:34:25,777 [main] DEBUG balancer.ContainerBalancerTask (ContainerBalancerTask.java:lambda$initializeIteration$1(453)) - Datanode localhost-190.189.13.220 d7627ed8-bcaa-49c3-bfde-d13ab0078c22 is Over-Utilized.
2023-07-26 19:34:25,780 [main] DEBUG balancer.ContainerBalancerTask (ContainerBalancerTask.java:matchSourceWithTarget(708)) - ContainerBalancer is finding suitable target for source datanode a37c7fb9-c250-428d-bbaf-25effbb8edb9
2023-07-26 19:34:25,780 [main] INFO  balancer.FindTargetGreedyByUsageInfo (AbstractFindTargetGreedy.java:findTargetForContainerMove(133)) - Container Balancer could not find a target for source datanode a37c7fb9-c250-428d-bbaf-25effbb8edb9
2023-07-26 19:34:25,780 [main] DEBUG balancer.ContainerBalancerTask (ContainerBalancerTask.java:matchSourceWithTarget(717)) - ContainerBalancer could not find a suitable target for source node a37c7fb9-c250-428d-bbaf-25effbb8edb9.
2023-07-26 19:34:25,782 [main] DEBUG balancer.ContainerBalancerTask (ContainerBalancerTask.java:matchSourceWithTarget(708)) - ContainerBalancer is finding suitable target for source datanode d7627ed8-bcaa-49c3-bfde-d13ab0078c22
2023-07-26 19:34:25,782 [main] INFO  balancer.FindTargetGreedyByUsageInfo (AbstractFindTargetGreedy.java:findTargetForContainerMove(133)) - Container Balancer could not find a target for source datanode d7627ed8-bcaa-49c3-bfde-d13ab0078c22
2023-07-26 19:34:25,782 [main] DEBUG balancer.ContainerBalancerTask (ContainerBalancerTask.java:matchSourceWithTarget(717)) - ContainerBalancer could not find a suitable target for source node d7627ed8-bcaa-49c3-bfde-d13ab0078c22.
2023-07-26 19:34:25,782 [main] INFO  balancer.FindSourceGreedy (FindSourceGreedy.java:getNextCandidateSourceDataNode(126)) - no more candidate source data node
2023-07-26 19:34:25,782 [main] INFO  balancer.ContainerBalancerTask (ContainerBalancerTask.java:balance(259)) - Result of this iteration of Container Balancer: CAN_NOT_BALANCE_ANY_MORE
2023-07-26 19:34:25,782 [main] INFO  balancer.ContainerBalancerTask (ContainerBalancerTask.java:tryStopWithSaveConfiguration(308)) - Save Configuration for stopping. Reason: CAN_NOT_BALANCE_ANY_MORE
2023-07-26 19:34:25,783 [main] DEBUG balancer.ContainerBalancerTask (ContainerBalancerTask.java:initializeIteration(374)) - Average utilization of the cluster is 0.3122536465491133
2023-07-26 19:34:25,783 [main] DEBUG balancer.ContainerBalancerTask (ContainerBalancerTask.java:initializeIteration(386)) - Lower limit for utilization is -0.026705259018475813 and Upper limit for utilization is 0.6512125521167025
2023-07-26 19:34:25,783 [main] DEBUG balancer.ContainerBalancerTask (ContainerBalancerTask.java:initializeIteration(398)) - Utilization for node a37c7fb9-c250-428d-bbaf-25effbb8edb9 with capacity 58459277084B, used 52613349376B, and remaining 5845927708B is 0.9000000000068423
2023-07-26 19:34:25,783 [main] DEBUG balancer.ContainerBalancerTask (ContainerBalancerTask.java:initializeIteration(398)) - Utilization for node d7627ed8-bcaa-49c3-bfde-d13ab0078c22 with capacity 64424509440B, used 51539607552B, and remaining 12884901888B is 0.8
2023-07-26 19:34:25,783 [main] DEBUG balancer.ContainerBalancerTask (ContainerBalancerTask.java:initializeIteration(398)) - Utilization for node c2e9ace7-d217-4b40-a541-d7ab9b4862fd with capacity 65958426331B, used 46170898432B, and remaining 19787527899B is 0.7000000000045483
2023-07-26 19:34:25,784 [main] DEBUG balancer.ContainerBalancerTask (ContainerBalancerTask.java:initializeIteration(398)) - Utilization for node 7b147160-f7e4-4ed5-9f84-7cc53a14b227 with capacity 75161927680B, used 45097156608B, and remaining 30064771072B is 0.6
2023-07-26 19:34:25,784 [main] DEBUG balancer.ContainerBalancerTask (ContainerBalancerTask.java:initializeIteration(398)) - Utilization for node 7b15d5a2-3ae8-45f1-827d-dd401d344ef1 with capacity 55834574848B, used 27917287424B, and remaining 27917287424B is 0.5
2023-07-26 19:34:25,784 [main] DEBUG balancer.ContainerBalancerTask (ContainerBalancerTask.java:initializeIteration(398)) - Utilization for node 1958fd06-49b2-457f-a49a-87b7d3719053 with capacity 120795955200B, used 48318382080B, and remaining 72477573120B is 0.4
2023-07-26 19:34:25,784 [main] DEBUG balancer.ContainerBalancerTask (ContainerBalancerTask.java:initializeIteration(398)) - Utilization for node be05a542-2d6b-4cd9-9aa2-f5ccab50f441 with capacity 110953321813B, used 33285996544B, and remaining 77667325269B is 0.30000000000090127
2023-07-26 19:34:25,784 [main] DEBUG balancer.ContainerBalancerTask (ContainerBalancerTask.java:initializeIteration(398)) - Utilization for node 076794ef-350c-4ec9-878a-5e5e24d8889f with capacity 150323855360B, used 30064771072B, and remaining 120259084288B is 0.2
2023-07-26 19:34:25,784 [main] DEBUG balancer.ContainerBalancerTask (ContainerBalancerTask.java:initializeIteration(398)) - Utilization for node 0b017e3b-1d8d-4cc0-87ec-36105ee8c9d5 with capacity 504658657280B, used 50465865728B, and remaining 454192791552B is 0.1
2023-07-26 19:34:25,784 [main] DEBUG balancer.ContainerBalancerTask (ContainerBalancerTask.java:initializeIteration(398)) - Utilization for node bdd2467a-0919-47ab-a2c7-d439310d8903 with capacity 27917287424B, used 0B, and remaining 27917287424B is 0.0
2023-07-26 19:34:25,784 [main] INFO  balancer.ContainerBalancerTask (ContainerBalancerTask.java:initializeIteration(447)) - Container Balancer has identified 3 Over-Utilized and 0 Under-Utilized Datanodes that need to be balanced.
2023-07-26 19:34:25,784 [main] DEBUG balancer.ContainerBalancerTask (ContainerBalancerTask.java:lambda$initializeIteration$1(453)) - Datanode localhost-251.127.170.125 a37c7fb9-c250-428d-bbaf-25effbb8edb9 is Over-Utilized.
2023-07-26 19:34:25,784 [main] DEBUG balancer.ContainerBalancerTask (ContainerBalancerTask.java:lambda$initializeIteration$1(453)) - Datanode localhost-190.189.13.220 d7627ed8-bcaa-49c3-bfde-d13ab0078c22 is Over-Utilized.
2023-07-26 19:34:25,784 [main] DEBUG balancer.ContainerBalancerTask (ContainerBalancerTask.java:lambda$initializeIteration$1(453)) - Datanode localhost-97.48.255.145 c2e9ace7-d217-4b40-a541-d7ab9b4862fd is Over-Utilized.
2023-07-26 19:34:25,787 [main] DEBUG balancer.ContainerBalancerTask (ContainerBalancerTask.java:matchSourceWithTarget(708)) - ContainerBalancer is finding suitable target for source datanode a37c7fb9-c250-428d-bbaf-25effbb8edb9
2023-07-26 19:34:25,787 [main] INFO  balancer.FindTargetGreedyByUsageInfo (AbstractFindTargetGreedy.java:findTargetForContainerMove(133)) - Container Balancer could not find a target for source datanode a37c7fb9-c250-428d-bbaf-25effbb8edb9
2023-07-26 19:34:25,787 [main] DEBUG balancer.ContainerBalancerTask (ContainerBalancerTask.java:matchSourceWithTarget(717)) - ContainerBalancer could not find a suitable target for source node a37c7fb9-c250-428d-bbaf-25effbb8edb9.
2023-07-26 19:34:25,789 [main] DEBUG balancer.ContainerBalancerTask (ContainerBalancerTask.java:matchSourceWithTarget(708)) - ContainerBalancer is finding suitable target for source datanode d7627ed8-bcaa-49c3-bfde-d13ab0078c22
2023-07-26 19:34:25,789 [main] INFO  balancer.FindTargetGreedyByUsageInfo (AbstractFindTargetGreedy.java:findTargetForContainerMove(133)) - Container Balancer could not find a target for source datanode d7627ed8-bcaa-49c3-bfde-d13ab0078c22
2023-07-26 19:34:25,789 [main] DEBUG balancer.ContainerBalancerTask (ContainerBalancerTask.java:matchSourceWithTarget(717)) - ContainerBalancer could not find a suitable target for source node d7627ed8-bcaa-49c3-bfde-d13ab0078c22.
2023-07-26 19:34:25,791 [main] DEBUG balancer.ContainerBalancerTask (ContainerBalancerTask.java:matchSourceWithTarget(708)) - ContainerBalancer is finding suitable target for source datanode c2e9ace7-d217-4b40-a541-d7ab9b4862fd
2023-07-26 19:34:25,791 [main] INFO  balancer.FindTargetGreedyByUsageInfo (AbstractFindTargetGreedy.java:findTargetForContainerMove(133)) - Container Balancer could not find a target for source datanode c2e9ace7-d217-4b40-a541-d7ab9b4862fd
2023-07-26 19:34:25,791 [main] DEBUG balancer.ContainerBalancerTask (ContainerBalancerTask.java:matchSourceWithTarget(717)) - ContainerBalancer could not find a suitable target for source node c2e9ace7-d217-4b40-a541-d7ab9b4862fd.
2023-07-26 19:34:25,791 [main] INFO  balancer.FindSourceGreedy (FindSourceGreedy.java:getNextCandidateSourceDataNode(126)) - no more candidate source data node
2023-07-26 19:34:25,791 [main] INFO  balancer.ContainerBalancerTask (ContainerBalancerTask.java:balance(259)) - Result of this iteration of Container Balancer: CAN_NOT_BALANCE_ANY_MORE
2023-07-26 19:34:25,792 [main] INFO  balancer.ContainerBalancerTask (ContainerBalancerTask.java:tryStopWithSaveConfiguration(308)) - Save Configuration for stopping. Reason: CAN_NOT_BALANCE_ANY_MORE
2023-07-26 19:34:25,792 [main] DEBUG balancer.ContainerBalancerTask (ContainerBalancerTask.java:initializeIteration(374)) - Average utilization of the cluster is 0.3122536465491133
2023-07-26 19:34:25,794 [main] DEBUG balancer.ContainerBalancerTask (ContainerBalancerTask.java:initializeIteration(386)) - Lower limit for utilization is -0.5646074535499663 and Upper limit for utilization is 1.1891147466481928
2023-07-26 19:34:25,794 [main] DEBUG balancer.ContainerBalancerTask (ContainerBalancerTask.java:initializeIteration(398)) - Utilization for node a37c7fb9-c250-428d-bbaf-25effbb8edb9 with capacity 58459277084B, used 52613349376B, and remaining 5845927708B is 0.9000000000068423
2023-07-26 19:34:25,794 [main] DEBUG balancer.ContainerBalancerTask (ContainerBalancerTask.java:initializeIteration(398)) - Utilization for node d7627ed8-bcaa-49c3-bfde-d13ab0078c22 with capacity 64424509440B, used 51539607552B, and remaining 12884901888B is 0.8
2023-07-26 19:34:25,794 [main] DEBUG balancer.ContainerBalancerTask (ContainerBalancerTask.java:initializeIteration(398)) - Utilization for node c2e9ace7-d217-4b40-a541-d7ab9b4862fd with capacity 65958426331B, used 46170898432B, and remaining 19787527899B is 0.7000000000045483
2023-07-26 19:34:25,795 [main] DEBUG balancer.ContainerBalancerTask (ContainerBalancerTask.java:initializeIteration(398)) - Utilization for node 7b147160-f7e4-4ed5-9f84-7cc53a14b227 with capacity 75161927680B, used 45097156608B, and remaining 30064771072B is 0.6
2023-07-26 19:34:25,795 [main] DEBUG balancer.ContainerBalancerTask (ContainerBalancerTask.java:initializeIteration(398)) - Utilization for node 7b15d5a2-3ae8-45f1-827d-dd401d344ef1 with capacity 55834574848B, used 27917287424B, and remaining 27917287424B is 0.5
2023-07-26 19:34:25,795 [main] DEBUG balancer.ContainerBalancerTask (ContainerBalancerTask.java:initializeIteration(398)) - Utilization for node 1958fd06-49b2-457f-a49a-87b7d3719053 with capacity 120795955200B, used 48318382080B, and remaining 72477573120B is 0.4
2023-07-26 19:34:25,795 [main] DEBUG balancer.ContainerBalancerTask (ContainerBalancerTask.java:initializeIteration(398)) - Utilization for node be05a542-2d6b-4cd9-9aa2-f5ccab50f441 with capacity 110953321813B, used 33285996544B, and remaining 77667325269B is 0.30000000000090127
2023-07-26 19:34:25,795 [main] DEBUG balancer.ContainerBalancerTask (ContainerBalancerTask.java:initializeIteration(398)) - Utilization for node 076794ef-350c-4ec9-878a-5e5e24d8889f with capacity 150323855360B, used 30064771072B, and remaining 120259084288B is 0.2
2023-07-26 19:34:25,795 [main] DEBUG balancer.ContainerBalancerTask (ContainerBalancerTask.java:initializeIteration(398)) - Utilization for node 0b017e3b-1d8d-4cc0-87ec-36105ee8c9d5 with capacity 504658657280B, used 50465865728B, and remaining 454192791552B is 0.1
2023-07-26 19:34:25,795 [main] DEBUG balancer.ContainerBalancerTask (ContainerBalancerTask.java:initializeIteration(398)) - Utilization for node bdd2467a-0919-47ab-a2c7-d439310d8903 with capacity 27917287424B, used 0B, and remaining 27917287424B is 0.0
2023-07-26 19:34:25,795 [main] INFO  balancer.ContainerBalancerTask (ContainerBalancerTask.java:initializeIteration(443)) - Did not find any unbalanced Datanodes.
2023-07-26 19:34:25,795 [main] INFO  balancer.ContainerBalancerTask (ContainerBalancerTask.java:tryStopWithSaveConfiguration(308)) - Save Configuration for stopping. Reason: Could not initialize ContainerBalancer's iteration number 0
]]></system-out>
  </testcase>
  <testcase name="balancerShouldObeyMaxSizeEnteringTargetLimit" classname="org.apache.hadoop.hdds.scm.container.balancer.TestContainerBalancerTask" time="0.352">
    <system-out><![CDATA[2023-07-26 19:34:25,818 [main] INFO  net.NodeSchemaLoader (NodeSchemaLoader.java:loadSchemaFromFile(129)) - Loading schema from [file:/home/runner/work/ozone/ozone/hadoop-hdds/common/target/classes/network-topology-default.xml]
2023-07-26 19:34:25,818 [main] INFO  net.NodeSchemaLoader (NodeSchemaLoader.java:loadSchema(176)) - Loading network topology layer schema file
2023-07-26 19:34:25,820 [main] INFO  net.NetworkTopologyImpl (NetworkTopologyImpl.java:add(112)) - Added a new node: /default-rack/d34600ea-e7e0-4c47-9e0c-8e21a9f4b073
2023-07-26 19:34:25,820 [main] INFO  net.NetworkTopologyImpl (NetworkTopologyImpl.java:add(112)) - Added a new node: /default-rack/f0f7eb38-bc19-4b2e-9c72-7501ec5f66e6
2023-07-26 19:34:25,820 [main] INFO  net.NetworkTopologyImpl (NetworkTopologyImpl.java:add(112)) - Added a new node: /default-rack/8fc7132f-6cc4-4a17-9845-b1650fa64bbe
2023-07-26 19:34:25,821 [main] INFO  net.NetworkTopologyImpl (NetworkTopologyImpl.java:add(112)) - Added a new node: /default-rack/6f09e8a6-17ac-43fa-b2a2-39406990d72e
2023-07-26 19:34:25,821 [main] INFO  net.NetworkTopologyImpl (NetworkTopologyImpl.java:add(112)) - Added a new node: /default-rack/679314b2-dfbc-46d1-bf7a-b2818e2df830
2023-07-26 19:34:25,821 [main] INFO  net.NetworkTopologyImpl (NetworkTopologyImpl.java:add(112)) - Added a new node: /default-rack/bebc2698-45c9-41fe-9267-278d1da72a94
2023-07-26 19:34:25,821 [main] INFO  net.NetworkTopologyImpl (NetworkTopologyImpl.java:add(112)) - Added a new node: /default-rack/965050bb-f6a2-4d19-a1bc-23bf2e2cdb43
2023-07-26 19:34:25,821 [main] INFO  net.NetworkTopologyImpl (NetworkTopologyImpl.java:add(112)) - Added a new node: /default-rack/d912d959-cb97-4d7d-9974-43057162495c
2023-07-26 19:34:25,821 [main] INFO  net.NetworkTopologyImpl (NetworkTopologyImpl.java:add(112)) - Added a new node: /default-rack/94562e15-eeea-4cec-a1f1-535d5cf7b060
2023-07-26 19:34:25,821 [main] INFO  net.NetworkTopologyImpl (NetworkTopologyImpl.java:add(112)) - Added a new node: /default-rack/9492612f-0b34-4770-85b0-3aeed2e7e49f
2023-07-26 19:34:25,821 [main] INFO  algorithms.ContainerPlacementPolicyFactory (ContainerPlacementPolicyFactory.java:getPolicyInternal(86)) - Create container placement policy of type org.apache.hadoop.hdds.scm.container.placement.algorithms.SCMContainerPlacementRackAware
2023-07-26 19:34:25,821 [main] INFO  algorithms.ContainerPlacementPolicyFactory (ContainerPlacementPolicyFactory.java:getPolicyInternal(86)) - Create container placement policy of type org.apache.hadoop.hdds.scm.container.placement.algorithms.SCMContainerPlacementRackScatter
2023-07-26 19:34:25,824 [main] DEBUG balancer.ContainerBalancerTask (ContainerBalancerTask.java:initializeIteration(374)) - Average utilization of the cluster is 0.3498730090563728
2023-07-26 19:34:25,824 [main] DEBUG balancer.ContainerBalancerTask (ContainerBalancerTask.java:initializeIteration(386)) - Lower limit for utilization is 0.2498730090563728 and Upper limit for utilization is 0.44987300905637284
2023-07-26 19:34:25,824 [main] DEBUG balancer.ContainerBalancerTask (ContainerBalancerTask.java:initializeIteration(398)) - Utilization for node f0f7eb38-bc19-4b2e-9c72-7501ec5f66e6 with capacity 81127160035B, used 73014444032B, and remaining 8112716003B is 0.9000000000061632
2023-07-26 19:34:25,824 [main] DEBUG balancer.ContainerBalancerTask (ContainerBalancerTask.java:initializeIteration(398)) - Utilization for node 94562e15-eeea-4cec-a1f1-535d5cf7b060 with capacity 80530636800B, used 64424509440B, and remaining 16106127360B is 0.8
2023-07-26 19:34:25,824 [main] DEBUG balancer.ContainerBalancerTask (ContainerBalancerTask.java:initializeIteration(398)) - Utilization for node 9492612f-0b34-4770-85b0-3aeed2e7e49f with capacity 65958426331B, used 46170898432B, and remaining 19787527899B is 0.7000000000045483
2023-07-26 19:34:25,824 [main] DEBUG balancer.ContainerBalancerTask (ContainerBalancerTask.java:initializeIteration(398)) - Utilization for node bebc2698-45c9-41fe-9267-278d1da72a94 with capacity 80530636800B, used 48318382080B, and remaining 32212254720B is 0.6
2023-07-26 19:34:25,824 [main] DEBUG balancer.ContainerBalancerTask (ContainerBalancerTask.java:initializeIteration(398)) - Utilization for node 8fc7132f-6cc4-4a17-9845-b1650fa64bbe with capacity 81604378624B, used 40802189312B, and remaining 40802189312B is 0.5
2023-07-26 19:34:25,824 [main] DEBUG balancer.ContainerBalancerTask (ContainerBalancerTask.java:initializeIteration(398)) - Utilization for node 679314b2-dfbc-46d1-bf7a-b2818e2df830 with capacity 88583700480B, used 35433480192B, and remaining 53150220288B is 0.4
2023-07-26 19:34:25,825 [main] DEBUG balancer.ContainerBalancerTask (ContainerBalancerTask.java:initializeIteration(398)) - Utilization for node d912d959-cb97-4d7d-9974-43057162495c with capacity 100215903573B, used 30064771072B, and remaining 70151132501B is 0.30000000000099786
2023-07-26 19:34:25,825 [main] DEBUG balancer.ContainerBalancerTask (ContainerBalancerTask.java:initializeIteration(398)) - Utilization for node 965050bb-f6a2-4d19-a1bc-23bf2e2cdb43 with capacity 112742891520B, used 22548578304B, and remaining 90194313216B is 0.2
2023-07-26 19:34:25,825 [main] DEBUG balancer.ContainerBalancerTask (ContainerBalancerTask.java:initializeIteration(398)) - Utilization for node d34600ea-e7e0-4c47-9e0c-8e21a9f4b073 with capacity 418759311360B, used 41875931136B, and remaining 376883380224B is 0.1
2023-07-26 19:34:25,825 [main] DEBUG balancer.ContainerBalancerTask (ContainerBalancerTask.java:initializeIteration(398)) - Utilization for node 6f09e8a6-17ac-43fa-b2a2-39406990d72e with capacity 40802189312B, used 0B, and remaining 40802189312B is 0.0
2023-07-26 19:34:25,825 [main] INFO  balancer.ContainerBalancerTask (ContainerBalancerTask.java:initializeIteration(447)) - Container Balancer has identified 5 Over-Utilized and 3 Under-Utilized Datanodes that need to be balanced.
2023-07-26 19:34:25,825 [main] DEBUG balancer.ContainerBalancerTask (ContainerBalancerTask.java:lambda$initializeIteration$1(453)) - Datanode localhost-126.246.60.159 f0f7eb38-bc19-4b2e-9c72-7501ec5f66e6 is Over-Utilized.
2023-07-26 19:34:25,825 [main] DEBUG balancer.ContainerBalancerTask (ContainerBalancerTask.java:lambda$initializeIteration$1(453)) - Datanode localhost-125.119.51.120 94562e15-eeea-4cec-a1f1-535d5cf7b060 is Over-Utilized.
2023-07-26 19:34:25,825 [main] DEBUG balancer.ContainerBalancerTask (ContainerBalancerTask.java:lambda$initializeIteration$1(453)) - Datanode localhost-206.225.159.168 9492612f-0b34-4770-85b0-3aeed2e7e49f is Over-Utilized.
2023-07-26 19:34:25,825 [main] DEBUG balancer.ContainerBalancerTask (ContainerBalancerTask.java:lambda$initializeIteration$1(453)) - Datanode localhost-41.9.54.66 bebc2698-45c9-41fe-9267-278d1da72a94 is Over-Utilized.
2023-07-26 19:34:25,825 [main] DEBUG balancer.ContainerBalancerTask (ContainerBalancerTask.java:lambda$initializeIteration$1(453)) - Datanode localhost-180.194.189.120 8fc7132f-6cc4-4a17-9845-b1650fa64bbe is Over-Utilized.
2023-07-26 19:34:25,825 [main] DEBUG balancer.ContainerBalancerTask (ContainerBalancerTask.java:lambda$initializeIteration$2(459)) - Datanode localhost-223.142.51.82 6f09e8a6-17ac-43fa-b2a2-39406990d72e is Under-Utilized.
2023-07-26 19:34:25,825 [main] DEBUG balancer.ContainerBalancerTask (ContainerBalancerTask.java:lambda$initializeIteration$2(459)) - Datanode localhost-193.216.9.80 d34600ea-e7e0-4c47-9e0c-8e21a9f4b073 is Under-Utilized.
2023-07-26 19:34:25,826 [main] DEBUG balancer.ContainerBalancerTask (ContainerBalancerTask.java:lambda$initializeIteration$2(459)) - Datanode localhost-201.213.57.216 965050bb-f6a2-4d19-a1bc-23bf2e2cdb43 is Under-Utilized.
2023-07-26 19:34:25,829 [main] DEBUG balancer.ContainerBalancerTask (ContainerBalancerTask.java:matchSourceWithTarget(708)) - ContainerBalancer is finding suitable target for source datanode f0f7eb38-bc19-4b2e-9c72-7501ec5f66e6
2023-07-26 19:34:25,832 [main] INFO  balancer.FindTargetGreedyByUsageInfo (AbstractFindTargetGreedy.java:findTargetForContainerMove(133)) - Container Balancer could not find a target for source datanode f0f7eb38-bc19-4b2e-9c72-7501ec5f66e6
2023-07-26 19:34:25,832 [main] DEBUG balancer.ContainerBalancerTask (ContainerBalancerTask.java:matchSourceWithTarget(717)) - ContainerBalancer could not find a suitable target for source node f0f7eb38-bc19-4b2e-9c72-7501ec5f66e6.
2023-07-26 19:34:25,834 [main] DEBUG balancer.ContainerBalancerTask (ContainerBalancerTask.java:matchSourceWithTarget(708)) - ContainerBalancer is finding suitable target for source datanode 94562e15-eeea-4cec-a1f1-535d5cf7b060
2023-07-26 19:34:25,837 [main] INFO  balancer.FindTargetGreedyByUsageInfo (AbstractFindTargetGreedy.java:findTargetForContainerMove(133)) - Container Balancer could not find a target for source datanode 94562e15-eeea-4cec-a1f1-535d5cf7b060
2023-07-26 19:34:25,837 [main] DEBUG balancer.ContainerBalancerTask (ContainerBalancerTask.java:matchSourceWithTarget(717)) - ContainerBalancer could not find a suitable target for source node 94562e15-eeea-4cec-a1f1-535d5cf7b060.
2023-07-26 19:34:25,839 [main] DEBUG balancer.ContainerBalancerTask (ContainerBalancerTask.java:matchSourceWithTarget(708)) - ContainerBalancer is finding suitable target for source datanode 9492612f-0b34-4770-85b0-3aeed2e7e49f
2023-07-26 19:34:25,841 [main] INFO  balancer.FindTargetGreedyByUsageInfo (AbstractFindTargetGreedy.java:findTargetForContainerMove(133)) - Container Balancer could not find a target for source datanode 9492612f-0b34-4770-85b0-3aeed2e7e49f
2023-07-26 19:34:25,841 [main] DEBUG balancer.ContainerBalancerTask (ContainerBalancerTask.java:matchSourceWithTarget(717)) - ContainerBalancer could not find a suitable target for source node 9492612f-0b34-4770-85b0-3aeed2e7e49f.
2023-07-26 19:34:25,843 [main] DEBUG balancer.ContainerBalancerTask (ContainerBalancerTask.java:matchSourceWithTarget(708)) - ContainerBalancer is finding suitable target for source datanode bebc2698-45c9-41fe-9267-278d1da72a94
2023-07-26 19:34:25,846 [main] INFO  balancer.FindTargetGreedyByUsageInfo (AbstractFindTargetGreedy.java:findTargetForContainerMove(133)) - Container Balancer could not find a target for source datanode bebc2698-45c9-41fe-9267-278d1da72a94
2023-07-26 19:34:25,846 [main] DEBUG balancer.ContainerBalancerTask (ContainerBalancerTask.java:matchSourceWithTarget(717)) - ContainerBalancer could not find a suitable target for source node bebc2698-45c9-41fe-9267-278d1da72a94.
2023-07-26 19:34:25,847 [main] DEBUG balancer.ContainerBalancerTask (ContainerBalancerTask.java:matchSourceWithTarget(708)) - ContainerBalancer is finding suitable target for source datanode 8fc7132f-6cc4-4a17-9845-b1650fa64bbe
2023-07-26 19:34:25,849 [main] INFO  balancer.FindTargetGreedyByUsageInfo (AbstractFindTargetGreedy.java:findTargetForContainerMove(133)) - Container Balancer could not find a target for source datanode 8fc7132f-6cc4-4a17-9845-b1650fa64bbe
2023-07-26 19:34:25,849 [main] DEBUG balancer.ContainerBalancerTask (ContainerBalancerTask.java:matchSourceWithTarget(717)) - ContainerBalancer could not find a suitable target for source node 8fc7132f-6cc4-4a17-9845-b1650fa64bbe.
2023-07-26 19:34:25,849 [main] INFO  balancer.FindSourceGreedy (FindSourceGreedy.java:getNextCandidateSourceDataNode(126)) - no more candidate source data node
2023-07-26 19:34:25,849 [main] INFO  balancer.ContainerBalancerTask (ContainerBalancerTask.java:balance(259)) - Result of this iteration of Container Balancer: CAN_NOT_BALANCE_ANY_MORE
2023-07-26 19:34:25,849 [main] INFO  balancer.ContainerBalancerTask (ContainerBalancerTask.java:tryStopWithSaveConfiguration(308)) - Save Configuration for stopping. Reason: CAN_NOT_BALANCE_ANY_MORE
2023-07-26 19:34:25,860 [main] DEBUG balancer.ContainerBalancerTask (ContainerBalancerTask.java:initializeIteration(374)) - Average utilization of the cluster is 0.3498730090563728
2023-07-26 19:34:25,860 [main] DEBUG balancer.ContainerBalancerTask (ContainerBalancerTask.java:initializeIteration(386)) - Lower limit for utilization is 0.2498730090563728 and Upper limit for utilization is 0.44987300905637284
2023-07-26 19:34:25,860 [main] DEBUG balancer.ContainerBalancerTask (ContainerBalancerTask.java:initializeIteration(398)) - Utilization for node f0f7eb38-bc19-4b2e-9c72-7501ec5f66e6 with capacity 81127160035B, used 73014444032B, and remaining 8112716003B is 0.9000000000061632
2023-07-26 19:34:25,860 [main] DEBUG balancer.ContainerBalancerTask (ContainerBalancerTask.java:initializeIteration(398)) - Utilization for node 94562e15-eeea-4cec-a1f1-535d5cf7b060 with capacity 80530636800B, used 64424509440B, and remaining 16106127360B is 0.8
2023-07-26 19:34:25,860 [main] DEBUG balancer.ContainerBalancerTask (ContainerBalancerTask.java:initializeIteration(398)) - Utilization for node 9492612f-0b34-4770-85b0-3aeed2e7e49f with capacity 65958426331B, used 46170898432B, and remaining 19787527899B is 0.7000000000045483
2023-07-26 19:34:25,860 [main] DEBUG balancer.ContainerBalancerTask (ContainerBalancerTask.java:initializeIteration(398)) - Utilization for node bebc2698-45c9-41fe-9267-278d1da72a94 with capacity 80530636800B, used 48318382080B, and remaining 32212254720B is 0.6
2023-07-26 19:34:25,861 [main] DEBUG balancer.ContainerBalancerTask (ContainerBalancerTask.java:initializeIteration(398)) - Utilization for node 8fc7132f-6cc4-4a17-9845-b1650fa64bbe with capacity 81604378624B, used 40802189312B, and remaining 40802189312B is 0.5
2023-07-26 19:34:25,861 [main] DEBUG balancer.ContainerBalancerTask (ContainerBalancerTask.java:initializeIteration(398)) - Utilization for node 679314b2-dfbc-46d1-bf7a-b2818e2df830 with capacity 88583700480B, used 35433480192B, and remaining 53150220288B is 0.4
2023-07-26 19:34:25,861 [main] DEBUG balancer.ContainerBalancerTask (ContainerBalancerTask.java:initializeIteration(398)) - Utilization for node d912d959-cb97-4d7d-9974-43057162495c with capacity 100215903573B, used 30064771072B, and remaining 70151132501B is 0.30000000000099786
2023-07-26 19:34:25,861 [main] DEBUG balancer.ContainerBalancerTask (ContainerBalancerTask.java:initializeIteration(398)) - Utilization for node 965050bb-f6a2-4d19-a1bc-23bf2e2cdb43 with capacity 112742891520B, used 22548578304B, and remaining 90194313216B is 0.2
2023-07-26 19:34:25,861 [main] DEBUG balancer.ContainerBalancerTask (ContainerBalancerTask.java:initializeIteration(398)) - Utilization for node d34600ea-e7e0-4c47-9e0c-8e21a9f4b073 with capacity 418759311360B, used 41875931136B, and remaining 376883380224B is 0.1
2023-07-26 19:34:25,861 [main] DEBUG balancer.ContainerBalancerTask (ContainerBalancerTask.java:initializeIteration(398)) - Utilization for node 6f09e8a6-17ac-43fa-b2a2-39406990d72e with capacity 40802189312B, used 0B, and remaining 40802189312B is 0.0
2023-07-26 19:34:25,861 [main] INFO  balancer.ContainerBalancerTask (ContainerBalancerTask.java:initializeIteration(447)) - Container Balancer has identified 5 Over-Utilized and 3 Under-Utilized Datanodes that need to be balanced.
2023-07-26 19:34:25,861 [main] DEBUG balancer.ContainerBalancerTask (ContainerBalancerTask.java:lambda$initializeIteration$1(453)) - Datanode localhost-126.246.60.159 f0f7eb38-bc19-4b2e-9c72-7501ec5f66e6 is Over-Utilized.
2023-07-26 19:34:25,861 [main] DEBUG balancer.ContainerBalancerTask (ContainerBalancerTask.java:lambda$initializeIteration$1(453)) - Datanode localhost-125.119.51.120 94562e15-eeea-4cec-a1f1-535d5cf7b060 is Over-Utilized.
2023-07-26 19:34:25,861 [main] DEBUG balancer.ContainerBalancerTask (ContainerBalancerTask.java:lambda$initializeIteration$1(453)) - Datanode localhost-206.225.159.168 9492612f-0b34-4770-85b0-3aeed2e7e49f is Over-Utilized.
2023-07-26 19:34:25,861 [main] DEBUG balancer.ContainerBalancerTask (ContainerBalancerTask.java:lambda$initializeIteration$1(453)) - Datanode localhost-41.9.54.66 bebc2698-45c9-41fe-9267-278d1da72a94 is Over-Utilized.
2023-07-26 19:34:25,861 [main] DEBUG balancer.ContainerBalancerTask (ContainerBalancerTask.java:lambda$initializeIteration$1(453)) - Datanode localhost-180.194.189.120 8fc7132f-6cc4-4a17-9845-b1650fa64bbe is Over-Utilized.
2023-07-26 19:34:25,862 [main] DEBUG balancer.ContainerBalancerTask (ContainerBalancerTask.java:lambda$initializeIteration$2(459)) - Datanode localhost-223.142.51.82 6f09e8a6-17ac-43fa-b2a2-39406990d72e is Under-Utilized.
2023-07-26 19:34:25,862 [main] DEBUG balancer.ContainerBalancerTask (ContainerBalancerTask.java:lambda$initializeIteration$2(459)) - Datanode localhost-193.216.9.80 d34600ea-e7e0-4c47-9e0c-8e21a9f4b073 is Under-Utilized.
2023-07-26 19:34:25,862 [main] DEBUG balancer.ContainerBalancerTask (ContainerBalancerTask.java:lambda$initializeIteration$2(459)) - Datanode localhost-201.213.57.216 965050bb-f6a2-4d19-a1bc-23bf2e2cdb43 is Under-Utilized.
2023-07-26 19:34:25,865 [main] DEBUG balancer.ContainerBalancerTask (ContainerBalancerTask.java:matchSourceWithTarget(708)) - ContainerBalancer is finding suitable target for source datanode f0f7eb38-bc19-4b2e-9c72-7501ec5f66e6
2023-07-26 19:34:25,865 [main] INFO  balancer.ContainerBalancerTask (ContainerBalancerTask.java:matchSourceWithTarget(722)) - ContainerBalancer matched source datanode f0f7eb38-bc19-4b2e-9c72-7501ec5f66e6 with target datanode 6f09e8a6-17ac-43fa-b2a2-39406990d72e for container move.
2023-07-26 19:34:25,865 [main] INFO  balancer.ContainerBalancerTask (ContainerBalancerTask.java:processMoveSelection(569)) - ContainerBalancer is trying to move container #85 with size 5368709120B from source datanode f0f7eb38-bc19-4b2e-9c72-7501ec5f66e6 to target datanode 6f09e8a6-17ac-43fa-b2a2-39406990d72e
2023-07-26 19:34:25,865 [main] DEBUG balancer.ContainerBalancerTask (ContainerBalancerTask.java:lambda$moveContainer$3(837)) - Container move completed for container #85 from source f0f7eb38-bc19-4b2e-9c72-7501ec5f66e6 to target 6f09e8a6-17ac-43fa-b2a2-39406990d72e
2023-07-26 19:34:25,866 [main] DEBUG balancer.ContainerBalancerTask (ContainerBalancerTask.java:adaptOnReachingIterationLimits(782)) - Reached max datanodes to involve limit. 2 datanodes have already been selected for balancing and the limit is 2. Only already selected sources and targets can be involved in balancing now.
2023-07-26 19:34:25,869 [main] DEBUG balancer.ContainerBalancerTask (ContainerBalancerTask.java:matchSourceWithTarget(708)) - ContainerBalancer is finding suitable target for source datanode f0f7eb38-bc19-4b2e-9c72-7501ec5f66e6
2023-07-26 19:34:25,869 [main] INFO  balancer.ContainerBalancerTask (ContainerBalancerTask.java:matchSourceWithTarget(722)) - ContainerBalancer matched source datanode f0f7eb38-bc19-4b2e-9c72-7501ec5f66e6 with target datanode 6f09e8a6-17ac-43fa-b2a2-39406990d72e for container move.
2023-07-26 19:34:25,870 [main] INFO  balancer.ContainerBalancerTask (ContainerBalancerTask.java:processMoveSelection(569)) - ContainerBalancer is trying to move container #68 with size 5368709120B from source datanode f0f7eb38-bc19-4b2e-9c72-7501ec5f66e6 to target datanode 6f09e8a6-17ac-43fa-b2a2-39406990d72e
2023-07-26 19:34:25,870 [main] DEBUG balancer.ContainerBalancerTask (ContainerBalancerTask.java:lambda$moveContainer$3(837)) - Container move completed for container #68 from source f0f7eb38-bc19-4b2e-9c72-7501ec5f66e6 to target 6f09e8a6-17ac-43fa-b2a2-39406990d72e
2023-07-26 19:34:25,873 [main] DEBUG balancer.ContainerBalancerTask (ContainerBalancerTask.java:matchSourceWithTarget(708)) - ContainerBalancer is finding suitable target for source datanode f0f7eb38-bc19-4b2e-9c72-7501ec5f66e6
2023-07-26 19:34:25,873 [main] INFO  balancer.ContainerBalancerTask (ContainerBalancerTask.java:matchSourceWithTarget(722)) - ContainerBalancer matched source datanode f0f7eb38-bc19-4b2e-9c72-7501ec5f66e6 with target datanode 6f09e8a6-17ac-43fa-b2a2-39406990d72e for container move.
2023-07-26 19:34:25,873 [main] INFO  balancer.ContainerBalancerTask (ContainerBalancerTask.java:processMoveSelection(569)) - ContainerBalancer is trying to move container #53 with size 5368709120B from source datanode f0f7eb38-bc19-4b2e-9c72-7501ec5f66e6 to target datanode 6f09e8a6-17ac-43fa-b2a2-39406990d72e
2023-07-26 19:34:25,873 [main] DEBUG balancer.ContainerBalancerTask (ContainerBalancerTask.java:lambda$moveContainer$3(837)) - Container move completed for container #53 from source f0f7eb38-bc19-4b2e-9c72-7501ec5f66e6 to target 6f09e8a6-17ac-43fa-b2a2-39406990d72e
2023-07-26 19:34:25,877 [main] DEBUG balancer.ContainerBalancerTask (ContainerBalancerTask.java:matchSourceWithTarget(708)) - ContainerBalancer is finding suitable target for source datanode f0f7eb38-bc19-4b2e-9c72-7501ec5f66e6
2023-07-26 19:34:25,877 [main] INFO  balancer.ContainerBalancerTask (ContainerBalancerTask.java:matchSourceWithTarget(722)) - ContainerBalancer matched source datanode f0f7eb38-bc19-4b2e-9c72-7501ec5f66e6 with target datanode 6f09e8a6-17ac-43fa-b2a2-39406990d72e for container move.
2023-07-26 19:34:25,877 [main] INFO  balancer.ContainerBalancerTask (ContainerBalancerTask.java:processMoveSelection(569)) - ContainerBalancer is trying to move container #87 with size 2147483648B from source datanode f0f7eb38-bc19-4b2e-9c72-7501ec5f66e6 to target datanode 6f09e8a6-17ac-43fa-b2a2-39406990d72e
2023-07-26 19:34:25,878 [main] DEBUG balancer.ContainerBalancerTask (ContainerBalancerTask.java:lambda$moveContainer$3(837)) - Container move completed for container #87 from source f0f7eb38-bc19-4b2e-9c72-7501ec5f66e6 to target 6f09e8a6-17ac-43fa-b2a2-39406990d72e
2023-07-26 19:34:25,881 [main] DEBUG balancer.ContainerBalancerTask (ContainerBalancerTask.java:matchSourceWithTarget(708)) - ContainerBalancer is finding suitable target for source datanode f0f7eb38-bc19-4b2e-9c72-7501ec5f66e6
2023-07-26 19:34:25,882 [main] INFO  balancer.FindTargetGreedyByUsageInfo (AbstractFindTargetGreedy.java:findTargetForContainerMove(133)) - Container Balancer could not find a target for source datanode f0f7eb38-bc19-4b2e-9c72-7501ec5f66e6
2023-07-26 19:34:25,882 [main] DEBUG balancer.ContainerBalancerTask (ContainerBalancerTask.java:matchSourceWithTarget(717)) - ContainerBalancer could not find a suitable target for source node f0f7eb38-bc19-4b2e-9c72-7501ec5f66e6.
2023-07-26 19:34:25,882 [main] INFO  balancer.FindSourceGreedy (FindSourceGreedy.java:getNextCandidateSourceDataNode(126)) - no more candidate source data node
2023-07-26 19:34:25,882 [main] INFO  balancer.ContainerBalancerTask (ContainerBalancerTask.java:checkIterationMoveResults(642)) - Iteration Summary. Number of Datanodes involved: 2. Size moved: 17 GB (18253611008 Bytes). Number of Container moves completed: 4.
2023-07-26 19:34:25,882 [main] INFO  balancer.ContainerBalancerTask (ContainerBalancerTask.java:balance(259)) - Result of this iteration of Container Balancer: ITERATION_COMPLETED
2023-07-26 19:34:25,884 [main] DEBUG balancer.ContainerBalancerTask (ContainerBalancerTask.java:initializeIteration(374)) - Average utilization of the cluster is 0.3498730090563728
2023-07-26 19:34:25,884 [main] DEBUG balancer.ContainerBalancerTask (ContainerBalancerTask.java:initializeIteration(386)) - Lower limit for utilization is 0.2498730090563728 and Upper limit for utilization is 0.44987300905637284
2023-07-26 19:34:25,884 [main] DEBUG balancer.ContainerBalancerTask (ContainerBalancerTask.java:initializeIteration(398)) - Utilization for node f0f7eb38-bc19-4b2e-9c72-7501ec5f66e6 with capacity 81127160035B, used 73014444032B, and remaining 8112716003B is 0.9000000000061632
2023-07-26 19:34:25,884 [main] DEBUG balancer.ContainerBalancerTask (ContainerBalancerTask.java:initializeIteration(398)) - Utilization for node 94562e15-eeea-4cec-a1f1-535d5cf7b060 with capacity 80530636800B, used 64424509440B, and remaining 16106127360B is 0.8
2023-07-26 19:34:25,884 [main] DEBUG balancer.ContainerBalancerTask (ContainerBalancerTask.java:initializeIteration(398)) - Utilization for node 9492612f-0b34-4770-85b0-3aeed2e7e49f with capacity 65958426331B, used 46170898432B, and remaining 19787527899B is 0.7000000000045483
2023-07-26 19:34:25,884 [main] DEBUG balancer.ContainerBalancerTask (ContainerBalancerTask.java:initializeIteration(398)) - Utilization for node bebc2698-45c9-41fe-9267-278d1da72a94 with capacity 80530636800B, used 48318382080B, and remaining 32212254720B is 0.6
2023-07-26 19:34:25,884 [main] DEBUG balancer.ContainerBalancerTask (ContainerBalancerTask.java:initializeIteration(398)) - Utilization for node 8fc7132f-6cc4-4a17-9845-b1650fa64bbe with capacity 81604378624B, used 40802189312B, and remaining 40802189312B is 0.5
2023-07-26 19:34:25,884 [main] DEBUG balancer.ContainerBalancerTask (ContainerBalancerTask.java:initializeIteration(398)) - Utilization for node 679314b2-dfbc-46d1-bf7a-b2818e2df830 with capacity 88583700480B, used 35433480192B, and remaining 53150220288B is 0.4
2023-07-26 19:34:25,884 [main] DEBUG balancer.ContainerBalancerTask (ContainerBalancerTask.java:initializeIteration(398)) - Utilization for node d912d959-cb97-4d7d-9974-43057162495c with capacity 100215903573B, used 30064771072B, and remaining 70151132501B is 0.30000000000099786
2023-07-26 19:34:25,884 [main] DEBUG balancer.ContainerBalancerTask (ContainerBalancerTask.java:initializeIteration(398)) - Utilization for node 965050bb-f6a2-4d19-a1bc-23bf2e2cdb43 with capacity 112742891520B, used 22548578304B, and remaining 90194313216B is 0.2
2023-07-26 19:34:25,885 [main] DEBUG balancer.ContainerBalancerTask (ContainerBalancerTask.java:initializeIteration(398)) - Utilization for node d34600ea-e7e0-4c47-9e0c-8e21a9f4b073 with capacity 418759311360B, used 41875931136B, and remaining 376883380224B is 0.1
2023-07-26 19:34:25,885 [main] DEBUG balancer.ContainerBalancerTask (ContainerBalancerTask.java:initializeIteration(398)) - Utilization for node 6f09e8a6-17ac-43fa-b2a2-39406990d72e with capacity 40802189312B, used 0B, and remaining 40802189312B is 0.0
2023-07-26 19:34:25,885 [main] INFO  balancer.ContainerBalancerTask (ContainerBalancerTask.java:initializeIteration(447)) - Container Balancer has identified 5 Over-Utilized and 3 Under-Utilized Datanodes that need to be balanced.
2023-07-26 19:34:25,885 [main] DEBUG balancer.ContainerBalancerTask (ContainerBalancerTask.java:lambda$initializeIteration$1(453)) - Datanode localhost-126.246.60.159 f0f7eb38-bc19-4b2e-9c72-7501ec5f66e6 is Over-Utilized.
2023-07-26 19:34:25,885 [main] DEBUG balancer.ContainerBalancerTask (ContainerBalancerTask.java:lambda$initializeIteration$1(453)) - Datanode localhost-125.119.51.120 94562e15-eeea-4cec-a1f1-535d5cf7b060 is Over-Utilized.
2023-07-26 19:34:25,885 [main] DEBUG balancer.ContainerBalancerTask (ContainerBalancerTask.java:lambda$initializeIteration$1(453)) - Datanode localhost-206.225.159.168 9492612f-0b34-4770-85b0-3aeed2e7e49f is Over-Utilized.
2023-07-26 19:34:25,885 [main] DEBUG balancer.ContainerBalancerTask (ContainerBalancerTask.java:lambda$initializeIteration$1(453)) - Datanode localhost-41.9.54.66 bebc2698-45c9-41fe-9267-278d1da72a94 is Over-Utilized.
2023-07-26 19:34:25,885 [main] DEBUG balancer.ContainerBalancerTask (ContainerBalancerTask.java:lambda$initializeIteration$1(453)) - Datanode localhost-180.194.189.120 8fc7132f-6cc4-4a17-9845-b1650fa64bbe is Over-Utilized.
2023-07-26 19:34:25,885 [main] DEBUG balancer.ContainerBalancerTask (ContainerBalancerTask.java:lambda$initializeIteration$2(459)) - Datanode localhost-223.142.51.82 6f09e8a6-17ac-43fa-b2a2-39406990d72e is Under-Utilized.
2023-07-26 19:34:25,885 [main] DEBUG balancer.ContainerBalancerTask (ContainerBalancerTask.java:lambda$initializeIteration$2(459)) - Datanode localhost-193.216.9.80 d34600ea-e7e0-4c47-9e0c-8e21a9f4b073 is Under-Utilized.
2023-07-26 19:34:25,885 [main] DEBUG balancer.ContainerBalancerTask (ContainerBalancerTask.java:lambda$initializeIteration$2(459)) - Datanode localhost-201.213.57.216 965050bb-f6a2-4d19-a1bc-23bf2e2cdb43 is Under-Utilized.
2023-07-26 19:34:25,889 [main] DEBUG balancer.ContainerBalancerTask (ContainerBalancerTask.java:matchSourceWithTarget(708)) - ContainerBalancer is finding suitable target for source datanode f0f7eb38-bc19-4b2e-9c72-7501ec5f66e6
2023-07-26 19:34:25,889 [main] INFO  balancer.ContainerBalancerTask (ContainerBalancerTask.java:matchSourceWithTarget(722)) - ContainerBalancer matched source datanode f0f7eb38-bc19-4b2e-9c72-7501ec5f66e6 with target datanode 6f09e8a6-17ac-43fa-b2a2-39406990d72e for container move.
2023-07-26 19:34:25,889 [main] INFO  balancer.ContainerBalancerTask (ContainerBalancerTask.java:processMoveSelection(569)) - ContainerBalancer is trying to move container #85 with size 5368709120B from source datanode f0f7eb38-bc19-4b2e-9c72-7501ec5f66e6 to target datanode 6f09e8a6-17ac-43fa-b2a2-39406990d72e
2023-07-26 19:34:25,889 [main] DEBUG balancer.ContainerBalancerTask (ContainerBalancerTask.java:lambda$moveContainer$3(837)) - Container move completed for container #85 from source f0f7eb38-bc19-4b2e-9c72-7501ec5f66e6 to target 6f09e8a6-17ac-43fa-b2a2-39406990d72e
2023-07-26 19:34:25,890 [main] DEBUG balancer.ContainerBalancerTask (ContainerBalancerTask.java:adaptOnReachingIterationLimits(782)) - Reached max datanodes to involve limit. 2 datanodes have already been selected for balancing and the limit is 2. Only already selected sources and targets can be involved in balancing now.
2023-07-26 19:34:25,893 [main] DEBUG balancer.ContainerBalancerTask (ContainerBalancerTask.java:matchSourceWithTarget(708)) - ContainerBalancer is finding suitable target for source datanode f0f7eb38-bc19-4b2e-9c72-7501ec5f66e6
2023-07-26 19:34:25,893 [main] INFO  balancer.ContainerBalancerTask (ContainerBalancerTask.java:matchSourceWithTarget(722)) - ContainerBalancer matched source datanode f0f7eb38-bc19-4b2e-9c72-7501ec5f66e6 with target datanode 6f09e8a6-17ac-43fa-b2a2-39406990d72e for container move.
2023-07-26 19:34:25,893 [main] INFO  balancer.ContainerBalancerTask (ContainerBalancerTask.java:processMoveSelection(569)) - ContainerBalancer is trying to move container #68 with size 5368709120B from source datanode f0f7eb38-bc19-4b2e-9c72-7501ec5f66e6 to target datanode 6f09e8a6-17ac-43fa-b2a2-39406990d72e
2023-07-26 19:34:25,893 [main] DEBUG balancer.ContainerBalancerTask (ContainerBalancerTask.java:lambda$moveContainer$3(837)) - Container move completed for container #68 from source f0f7eb38-bc19-4b2e-9c72-7501ec5f66e6 to target 6f09e8a6-17ac-43fa-b2a2-39406990d72e
2023-07-26 19:34:25,946 [main] DEBUG balancer.ContainerBalancerTask (ContainerBalancerTask.java:matchSourceWithTarget(708)) - ContainerBalancer is finding suitable target for source datanode f0f7eb38-bc19-4b2e-9c72-7501ec5f66e6
2023-07-26 19:34:25,947 [main] INFO  balancer.ContainerBalancerTask (ContainerBalancerTask.java:matchSourceWithTarget(722)) - ContainerBalancer matched source datanode f0f7eb38-bc19-4b2e-9c72-7501ec5f66e6 with target datanode 6f09e8a6-17ac-43fa-b2a2-39406990d72e for container move.
2023-07-26 19:34:25,947 [main] INFO  balancer.ContainerBalancerTask (ContainerBalancerTask.java:processMoveSelection(569)) - ContainerBalancer is trying to move container #53 with size 5368709120B from source datanode f0f7eb38-bc19-4b2e-9c72-7501ec5f66e6 to target datanode 6f09e8a6-17ac-43fa-b2a2-39406990d72e
2023-07-26 19:34:25,947 [main] DEBUG balancer.ContainerBalancerTask (ContainerBalancerTask.java:lambda$moveContainer$3(837)) - Container move completed for container #53 from source f0f7eb38-bc19-4b2e-9c72-7501ec5f66e6 to target 6f09e8a6-17ac-43fa-b2a2-39406990d72e
2023-07-26 19:34:25,950 [main] DEBUG balancer.ContainerBalancerTask (ContainerBalancerTask.java:matchSourceWithTarget(708)) - ContainerBalancer is finding suitable target for source datanode f0f7eb38-bc19-4b2e-9c72-7501ec5f66e6
2023-07-26 19:34:25,951 [main] INFO  balancer.ContainerBalancerTask (ContainerBalancerTask.java:matchSourceWithTarget(722)) - ContainerBalancer matched source datanode f0f7eb38-bc19-4b2e-9c72-7501ec5f66e6 with target datanode 6f09e8a6-17ac-43fa-b2a2-39406990d72e for container move.
2023-07-26 19:34:25,951 [main] INFO  balancer.ContainerBalancerTask (ContainerBalancerTask.java:processMoveSelection(569)) - ContainerBalancer is trying to move container #87 with size 2147483648B from source datanode f0f7eb38-bc19-4b2e-9c72-7501ec5f66e6 to target datanode 6f09e8a6-17ac-43fa-b2a2-39406990d72e
2023-07-26 19:34:25,952 [main] DEBUG balancer.ContainerBalancerTask (ContainerBalancerTask.java:lambda$moveContainer$3(837)) - Container move completed for container #87 from source f0f7eb38-bc19-4b2e-9c72-7501ec5f66e6 to target 6f09e8a6-17ac-43fa-b2a2-39406990d72e
2023-07-26 19:34:25,958 [main] DEBUG balancer.ContainerBalancerTask (ContainerBalancerTask.java:matchSourceWithTarget(708)) - ContainerBalancer is finding suitable target for source datanode f0f7eb38-bc19-4b2e-9c72-7501ec5f66e6
2023-07-26 19:34:25,959 [main] INFO  balancer.FindTargetGreedyByUsageInfo (AbstractFindTargetGreedy.java:findTargetForContainerMove(133)) - Container Balancer could not find a target for source datanode f0f7eb38-bc19-4b2e-9c72-7501ec5f66e6
2023-07-26 19:34:25,959 [main] DEBUG balancer.ContainerBalancerTask (ContainerBalancerTask.java:matchSourceWithTarget(717)) - ContainerBalancer could not find a suitable target for source node f0f7eb38-bc19-4b2e-9c72-7501ec5f66e6.
2023-07-26 19:34:25,959 [main] INFO  balancer.FindSourceGreedy (FindSourceGreedy.java:getNextCandidateSourceDataNode(126)) - no more candidate source data node
2023-07-26 19:34:25,959 [main] INFO  balancer.ContainerBalancerTask (ContainerBalancerTask.java:checkIterationMoveResults(642)) - Iteration Summary. Number of Datanodes involved: 2. Size moved: 17 GB (18253611008 Bytes). Number of Container moves completed: 4.
2023-07-26 19:34:25,959 [main] INFO  balancer.ContainerBalancerTask (ContainerBalancerTask.java:balance(259)) - Result of this iteration of Container Balancer: ITERATION_COMPLETED
2023-07-26 19:34:25,961 [main] DEBUG balancer.ContainerBalancerTask (ContainerBalancerTask.java:initializeIteration(374)) - Average utilization of the cluster is 0.3498730090563728
2023-07-26 19:34:25,961 [main] DEBUG balancer.ContainerBalancerTask (ContainerBalancerTask.java:initializeIteration(386)) - Lower limit for utilization is 0.2498730090563728 and Upper limit for utilization is 0.44987300905637284
2023-07-26 19:34:25,961 [main] DEBUG balancer.ContainerBalancerTask (ContainerBalancerTask.java:initializeIteration(398)) - Utilization for node f0f7eb38-bc19-4b2e-9c72-7501ec5f66e6 with capacity 81127160035B, used 73014444032B, and remaining 8112716003B is 0.9000000000061632
2023-07-26 19:34:25,961 [main] DEBUG balancer.ContainerBalancerTask (ContainerBalancerTask.java:initializeIteration(398)) - Utilization for node 94562e15-eeea-4cec-a1f1-535d5cf7b060 with capacity 80530636800B, used 64424509440B, and remaining 16106127360B is 0.8
2023-07-26 19:34:25,961 [main] DEBUG balancer.ContainerBalancerTask (ContainerBalancerTask.java:initializeIteration(398)) - Utilization for node 9492612f-0b34-4770-85b0-3aeed2e7e49f with capacity 65958426331B, used 46170898432B, and remaining 19787527899B is 0.7000000000045483
2023-07-26 19:34:25,962 [main] DEBUG balancer.ContainerBalancerTask (ContainerBalancerTask.java:initializeIteration(398)) - Utilization for node bebc2698-45c9-41fe-9267-278d1da72a94 with capacity 80530636800B, used 48318382080B, and remaining 32212254720B is 0.6
2023-07-26 19:34:25,962 [main] DEBUG balancer.ContainerBalancerTask (ContainerBalancerTask.java:initializeIteration(398)) - Utilization for node 8fc7132f-6cc4-4a17-9845-b1650fa64bbe with capacity 81604378624B, used 40802189312B, and remaining 40802189312B is 0.5
2023-07-26 19:34:25,962 [main] DEBUG balancer.ContainerBalancerTask (ContainerBalancerTask.java:initializeIteration(398)) - Utilization for node 679314b2-dfbc-46d1-bf7a-b2818e2df830 with capacity 88583700480B, used 35433480192B, and remaining 53150220288B is 0.4
2023-07-26 19:34:25,962 [main] DEBUG balancer.ContainerBalancerTask (ContainerBalancerTask.java:initializeIteration(398)) - Utilization for node d912d959-cb97-4d7d-9974-43057162495c with capacity 100215903573B, used 30064771072B, and remaining 70151132501B is 0.30000000000099786
2023-07-26 19:34:25,962 [main] DEBUG balancer.ContainerBalancerTask (ContainerBalancerTask.java:initializeIteration(398)) - Utilization for node 965050bb-f6a2-4d19-a1bc-23bf2e2cdb43 with capacity 112742891520B, used 22548578304B, and remaining 90194313216B is 0.2
2023-07-26 19:34:25,962 [main] DEBUG balancer.ContainerBalancerTask (ContainerBalancerTask.java:initializeIteration(398)) - Utilization for node d34600ea-e7e0-4c47-9e0c-8e21a9f4b073 with capacity 418759311360B, used 41875931136B, and remaining 376883380224B is 0.1
2023-07-26 19:34:25,962 [main] DEBUG balancer.ContainerBalancerTask (ContainerBalancerTask.java:initializeIteration(398)) - Utilization for node 6f09e8a6-17ac-43fa-b2a2-39406990d72e with capacity 40802189312B, used 0B, and remaining 40802189312B is 0.0
2023-07-26 19:34:25,962 [main] INFO  balancer.ContainerBalancerTask (ContainerBalancerTask.java:initializeIteration(447)) - Container Balancer has identified 5 Over-Utilized and 3 Under-Utilized Datanodes that need to be balanced.
2023-07-26 19:34:25,962 [main] DEBUG balancer.ContainerBalancerTask (ContainerBalancerTask.java:lambda$initializeIteration$1(453)) - Datanode localhost-126.246.60.159 f0f7eb38-bc19-4b2e-9c72-7501ec5f66e6 is Over-Utilized.
2023-07-26 19:34:25,962 [main] DEBUG balancer.ContainerBalancerTask (ContainerBalancerTask.java:lambda$initializeIteration$1(453)) - Datanode localhost-125.119.51.120 94562e15-eeea-4cec-a1f1-535d5cf7b060 is Over-Utilized.
2023-07-26 19:34:25,962 [main] DEBUG balancer.ContainerBalancerTask (ContainerBalancerTask.java:lambda$initializeIteration$1(453)) - Datanode localhost-206.225.159.168 9492612f-0b34-4770-85b0-3aeed2e7e49f is Over-Utilized.
2023-07-26 19:34:25,962 [main] DEBUG balancer.ContainerBalancerTask (ContainerBalancerTask.java:lambda$initializeIteration$1(453)) - Datanode localhost-41.9.54.66 bebc2698-45c9-41fe-9267-278d1da72a94 is Over-Utilized.
2023-07-26 19:34:25,963 [main] DEBUG balancer.ContainerBalancerTask (ContainerBalancerTask.java:lambda$initializeIteration$1(453)) - Datanode localhost-180.194.189.120 8fc7132f-6cc4-4a17-9845-b1650fa64bbe is Over-Utilized.
2023-07-26 19:34:25,963 [main] DEBUG balancer.ContainerBalancerTask (ContainerBalancerTask.java:lambda$initializeIteration$2(459)) - Datanode localhost-223.142.51.82 6f09e8a6-17ac-43fa-b2a2-39406990d72e is Under-Utilized.
2023-07-26 19:34:25,963 [main] DEBUG balancer.ContainerBalancerTask (ContainerBalancerTask.java:lambda$initializeIteration$2(459)) - Datanode localhost-193.216.9.80 d34600ea-e7e0-4c47-9e0c-8e21a9f4b073 is Under-Utilized.
2023-07-26 19:34:25,963 [main] DEBUG balancer.ContainerBalancerTask (ContainerBalancerTask.java:lambda$initializeIteration$2(459)) - Datanode localhost-201.213.57.216 965050bb-f6a2-4d19-a1bc-23bf2e2cdb43 is Under-Utilized.
2023-07-26 19:34:25,966 [main] DEBUG balancer.ContainerBalancerTask (ContainerBalancerTask.java:matchSourceWithTarget(708)) - ContainerBalancer is finding suitable target for source datanode f0f7eb38-bc19-4b2e-9c72-7501ec5f66e6
2023-07-26 19:34:25,966 [main] INFO  balancer.ContainerBalancerTask (ContainerBalancerTask.java:matchSourceWithTarget(722)) - ContainerBalancer matched source datanode f0f7eb38-bc19-4b2e-9c72-7501ec5f66e6 with target datanode 6f09e8a6-17ac-43fa-b2a2-39406990d72e for container move.
2023-07-26 19:34:25,966 [main] INFO  balancer.ContainerBalancerTask (ContainerBalancerTask.java:processMoveSelection(569)) - ContainerBalancer is trying to move container #85 with size 5368709120B from source datanode f0f7eb38-bc19-4b2e-9c72-7501ec5f66e6 to target datanode 6f09e8a6-17ac-43fa-b2a2-39406990d72e
2023-07-26 19:34:25,966 [main] DEBUG balancer.ContainerBalancerTask (ContainerBalancerTask.java:lambda$moveContainer$3(837)) - Container move completed for container #85 from source f0f7eb38-bc19-4b2e-9c72-7501ec5f66e6 to target 6f09e8a6-17ac-43fa-b2a2-39406990d72e
2023-07-26 19:34:25,967 [main] DEBUG balancer.ContainerBalancerTask (ContainerBalancerTask.java:adaptOnReachingIterationLimits(782)) - Reached max datanodes to involve limit. 2 datanodes have already been selected for balancing and the limit is 2. Only already selected sources and targets can be involved in balancing now.
2023-07-26 19:34:25,970 [main] DEBUG balancer.ContainerBalancerTask (ContainerBalancerTask.java:matchSourceWithTarget(708)) - ContainerBalancer is finding suitable target for source datanode f0f7eb38-bc19-4b2e-9c72-7501ec5f66e6
2023-07-26 19:34:25,970 [main] INFO  balancer.ContainerBalancerTask (ContainerBalancerTask.java:matchSourceWithTarget(722)) - ContainerBalancer matched source datanode f0f7eb38-bc19-4b2e-9c72-7501ec5f66e6 with target datanode 6f09e8a6-17ac-43fa-b2a2-39406990d72e for container move.
2023-07-26 19:34:25,970 [main] INFO  balancer.ContainerBalancerTask (ContainerBalancerTask.java:processMoveSelection(569)) - ContainerBalancer is trying to move container #68 with size 5368709120B from source datanode f0f7eb38-bc19-4b2e-9c72-7501ec5f66e6 to target datanode 6f09e8a6-17ac-43fa-b2a2-39406990d72e
2023-07-26 19:34:25,970 [main] DEBUG balancer.ContainerBalancerTask (ContainerBalancerTask.java:lambda$moveContainer$3(837)) - Container move completed for container #68 from source f0f7eb38-bc19-4b2e-9c72-7501ec5f66e6 to target 6f09e8a6-17ac-43fa-b2a2-39406990d72e
2023-07-26 19:34:25,974 [main] DEBUG balancer.ContainerBalancerTask (ContainerBalancerTask.java:matchSourceWithTarget(708)) - ContainerBalancer is finding suitable target for source datanode f0f7eb38-bc19-4b2e-9c72-7501ec5f66e6
2023-07-26 19:34:25,974 [main] INFO  balancer.ContainerBalancerTask (ContainerBalancerTask.java:matchSourceWithTarget(722)) - ContainerBalancer matched source datanode f0f7eb38-bc19-4b2e-9c72-7501ec5f66e6 with target datanode 6f09e8a6-17ac-43fa-b2a2-39406990d72e for container move.
2023-07-26 19:34:25,976 [main] INFO  balancer.ContainerBalancerTask (ContainerBalancerTask.java:processMoveSelection(569)) - ContainerBalancer is trying to move container #53 with size 5368709120B from source datanode f0f7eb38-bc19-4b2e-9c72-7501ec5f66e6 to target datanode 6f09e8a6-17ac-43fa-b2a2-39406990d72e
2023-07-26 19:34:25,976 [main] DEBUG balancer.ContainerBalancerTask (ContainerBalancerTask.java:lambda$moveContainer$3(837)) - Container move completed for container #53 from source f0f7eb38-bc19-4b2e-9c72-7501ec5f66e6 to target 6f09e8a6-17ac-43fa-b2a2-39406990d72e
2023-07-26 19:34:25,979 [main] DEBUG balancer.ContainerBalancerTask (ContainerBalancerTask.java:matchSourceWithTarget(708)) - ContainerBalancer is finding suitable target for source datanode f0f7eb38-bc19-4b2e-9c72-7501ec5f66e6
2023-07-26 19:34:25,980 [main] INFO  balancer.ContainerBalancerTask (ContainerBalancerTask.java:matchSourceWithTarget(722)) - ContainerBalancer matched source datanode f0f7eb38-bc19-4b2e-9c72-7501ec5f66e6 with target datanode 6f09e8a6-17ac-43fa-b2a2-39406990d72e for container move.
2023-07-26 19:34:25,980 [main] INFO  balancer.ContainerBalancerTask (ContainerBalancerTask.java:processMoveSelection(569)) - ContainerBalancer is trying to move container #87 with size 2147483648B from source datanode f0f7eb38-bc19-4b2e-9c72-7501ec5f66e6 to target datanode 6f09e8a6-17ac-43fa-b2a2-39406990d72e
2023-07-26 19:34:25,980 [main] DEBUG balancer.ContainerBalancerTask (ContainerBalancerTask.java:lambda$moveContainer$3(837)) - Container move completed for container #87 from source f0f7eb38-bc19-4b2e-9c72-7501ec5f66e6 to target 6f09e8a6-17ac-43fa-b2a2-39406990d72e
2023-07-26 19:34:25,983 [main] DEBUG balancer.ContainerBalancerTask (ContainerBalancerTask.java:matchSourceWithTarget(708)) - ContainerBalancer is finding suitable target for source datanode f0f7eb38-bc19-4b2e-9c72-7501ec5f66e6
2023-07-26 19:34:25,984 [main] INFO  balancer.FindTargetGreedyByUsageInfo (AbstractFindTargetGreedy.java:findTargetForContainerMove(133)) - Container Balancer could not find a target for source datanode f0f7eb38-bc19-4b2e-9c72-7501ec5f66e6
2023-07-26 19:34:25,984 [main] DEBUG balancer.ContainerBalancerTask (ContainerBalancerTask.java:matchSourceWithTarget(717)) - ContainerBalancer could not find a suitable target for source node f0f7eb38-bc19-4b2e-9c72-7501ec5f66e6.
2023-07-26 19:34:25,984 [main] INFO  balancer.FindSourceGreedy (FindSourceGreedy.java:getNextCandidateSourceDataNode(126)) - no more candidate source data node
2023-07-26 19:34:25,984 [main] INFO  balancer.ContainerBalancerTask (ContainerBalancerTask.java:checkIterationMoveResults(642)) - Iteration Summary. Number of Datanodes involved: 2. Size moved: 17 GB (18253611008 Bytes). Number of Container moves completed: 4.
2023-07-26 19:34:25,985 [main] INFO  balancer.ContainerBalancerTask (ContainerBalancerTask.java:balance(259)) - Result of this iteration of Container Balancer: ITERATION_COMPLETED
2023-07-26 19:34:25,986 [main] DEBUG balancer.ContainerBalancerTask (ContainerBalancerTask.java:initializeIteration(374)) - Average utilization of the cluster is 0.3498730090563728
2023-07-26 19:34:25,986 [main] DEBUG balancer.ContainerBalancerTask (ContainerBalancerTask.java:initializeIteration(386)) - Lower limit for utilization is 0.2498730090563728 and Upper limit for utilization is 0.44987300905637284
2023-07-26 19:34:25,986 [main] DEBUG balancer.ContainerBalancerTask (ContainerBalancerTask.java:initializeIteration(398)) - Utilization for node f0f7eb38-bc19-4b2e-9c72-7501ec5f66e6 with capacity 81127160035B, used 73014444032B, and remaining 8112716003B is 0.9000000000061632
2023-07-26 19:34:25,986 [main] DEBUG balancer.ContainerBalancerTask (ContainerBalancerTask.java:initializeIteration(398)) - Utilization for node 94562e15-eeea-4cec-a1f1-535d5cf7b060 with capacity 80530636800B, used 64424509440B, and remaining 16106127360B is 0.8
2023-07-26 19:34:25,987 [main] DEBUG balancer.ContainerBalancerTask (ContainerBalancerTask.java:initializeIteration(398)) - Utilization for node 9492612f-0b34-4770-85b0-3aeed2e7e49f with capacity 65958426331B, used 46170898432B, and remaining 19787527899B is 0.7000000000045483
2023-07-26 19:34:25,987 [main] DEBUG balancer.ContainerBalancerTask (ContainerBalancerTask.java:initializeIteration(398)) - Utilization for node bebc2698-45c9-41fe-9267-278d1da72a94 with capacity 80530636800B, used 48318382080B, and remaining 32212254720B is 0.6
2023-07-26 19:34:25,987 [main] DEBUG balancer.ContainerBalancerTask (ContainerBalancerTask.java:initializeIteration(398)) - Utilization for node 8fc7132f-6cc4-4a17-9845-b1650fa64bbe with capacity 81604378624B, used 40802189312B, and remaining 40802189312B is 0.5
2023-07-26 19:34:25,987 [main] DEBUG balancer.ContainerBalancerTask (ContainerBalancerTask.java:initializeIteration(398)) - Utilization for node 679314b2-dfbc-46d1-bf7a-b2818e2df830 with capacity 88583700480B, used 35433480192B, and remaining 53150220288B is 0.4
2023-07-26 19:34:25,987 [main] DEBUG balancer.ContainerBalancerTask (ContainerBalancerTask.java:initializeIteration(398)) - Utilization for node d912d959-cb97-4d7d-9974-43057162495c with capacity 100215903573B, used 30064771072B, and remaining 70151132501B is 0.30000000000099786
2023-07-26 19:34:25,987 [main] DEBUG balancer.ContainerBalancerTask (ContainerBalancerTask.java:initializeIteration(398)) - Utilization for node 965050bb-f6a2-4d19-a1bc-23bf2e2cdb43 with capacity 112742891520B, used 22548578304B, and remaining 90194313216B is 0.2
2023-07-26 19:34:25,987 [main] DEBUG balancer.ContainerBalancerTask (ContainerBalancerTask.java:initializeIteration(398)) - Utilization for node d34600ea-e7e0-4c47-9e0c-8e21a9f4b073 with capacity 418759311360B, used 41875931136B, and remaining 376883380224B is 0.1
2023-07-26 19:34:25,987 [main] DEBUG balancer.ContainerBalancerTask (ContainerBalancerTask.java:initializeIteration(398)) - Utilization for node 6f09e8a6-17ac-43fa-b2a2-39406990d72e with capacity 40802189312B, used 0B, and remaining 40802189312B is 0.0
2023-07-26 19:34:25,987 [main] INFO  balancer.ContainerBalancerTask (ContainerBalancerTask.java:initializeIteration(447)) - Container Balancer has identified 5 Over-Utilized and 3 Under-Utilized Datanodes that need to be balanced.
2023-07-26 19:34:25,987 [main] DEBUG balancer.ContainerBalancerTask (ContainerBalancerTask.java:lambda$initializeIteration$1(453)) - Datanode localhost-126.246.60.159 f0f7eb38-bc19-4b2e-9c72-7501ec5f66e6 is Over-Utilized.
2023-07-26 19:34:25,987 [main] DEBUG balancer.ContainerBalancerTask (ContainerBalancerTask.java:lambda$initializeIteration$1(453)) - Datanode localhost-125.119.51.120 94562e15-eeea-4cec-a1f1-535d5cf7b060 is Over-Utilized.
2023-07-26 19:34:25,988 [main] DEBUG balancer.ContainerBalancerTask (ContainerBalancerTask.java:lambda$initializeIteration$1(453)) - Datanode localhost-206.225.159.168 9492612f-0b34-4770-85b0-3aeed2e7e49f is Over-Utilized.
2023-07-26 19:34:25,988 [main] DEBUG balancer.ContainerBalancerTask (ContainerBalancerTask.java:lambda$initializeIteration$1(453)) - Datanode localhost-41.9.54.66 bebc2698-45c9-41fe-9267-278d1da72a94 is Over-Utilized.
2023-07-26 19:34:25,988 [main] DEBUG balancer.ContainerBalancerTask (ContainerBalancerTask.java:lambda$initializeIteration$1(453)) - Datanode localhost-180.194.189.120 8fc7132f-6cc4-4a17-9845-b1650fa64bbe is Over-Utilized.
2023-07-26 19:34:25,988 [main] DEBUG balancer.ContainerBalancerTask (ContainerBalancerTask.java:lambda$initializeIteration$2(459)) - Datanode localhost-223.142.51.82 6f09e8a6-17ac-43fa-b2a2-39406990d72e is Under-Utilized.
2023-07-26 19:34:25,988 [main] DEBUG balancer.ContainerBalancerTask (ContainerBalancerTask.java:lambda$initializeIteration$2(459)) - Datanode localhost-193.216.9.80 d34600ea-e7e0-4c47-9e0c-8e21a9f4b073 is Under-Utilized.
2023-07-26 19:34:25,988 [main] DEBUG balancer.ContainerBalancerTask (ContainerBalancerTask.java:lambda$initializeIteration$2(459)) - Datanode localhost-201.213.57.216 965050bb-f6a2-4d19-a1bc-23bf2e2cdb43 is Under-Utilized.
2023-07-26 19:34:25,991 [main] DEBUG balancer.ContainerBalancerTask (ContainerBalancerTask.java:matchSourceWithTarget(708)) - ContainerBalancer is finding suitable target for source datanode f0f7eb38-bc19-4b2e-9c72-7501ec5f66e6
2023-07-26 19:34:25,991 [main] INFO  balancer.ContainerBalancerTask (ContainerBalancerTask.java:matchSourceWithTarget(722)) - ContainerBalancer matched source datanode f0f7eb38-bc19-4b2e-9c72-7501ec5f66e6 with target datanode 6f09e8a6-17ac-43fa-b2a2-39406990d72e for container move.
2023-07-26 19:34:25,992 [main] INFO  balancer.ContainerBalancerTask (ContainerBalancerTask.java:processMoveSelection(569)) - ContainerBalancer is trying to move container #85 with size 5368709120B from source datanode f0f7eb38-bc19-4b2e-9c72-7501ec5f66e6 to target datanode 6f09e8a6-17ac-43fa-b2a2-39406990d72e
2023-07-26 19:34:25,992 [main] DEBUG balancer.ContainerBalancerTask (ContainerBalancerTask.java:lambda$moveContainer$3(837)) - Container move completed for container #85 from source f0f7eb38-bc19-4b2e-9c72-7501ec5f66e6 to target 6f09e8a6-17ac-43fa-b2a2-39406990d72e
2023-07-26 19:34:25,992 [main] DEBUG balancer.ContainerBalancerTask (ContainerBalancerTask.java:adaptOnReachingIterationLimits(782)) - Reached max datanodes to involve limit. 2 datanodes have already been selected for balancing and the limit is 2. Only already selected sources and targets can be involved in balancing now.
2023-07-26 19:34:25,995 [main] DEBUG balancer.ContainerBalancerTask (ContainerBalancerTask.java:matchSourceWithTarget(708)) - ContainerBalancer is finding suitable target for source datanode f0f7eb38-bc19-4b2e-9c72-7501ec5f66e6
2023-07-26 19:34:25,995 [main] INFO  balancer.ContainerBalancerTask (ContainerBalancerTask.java:matchSourceWithTarget(722)) - ContainerBalancer matched source datanode f0f7eb38-bc19-4b2e-9c72-7501ec5f66e6 with target datanode 6f09e8a6-17ac-43fa-b2a2-39406990d72e for container move.
2023-07-26 19:34:25,995 [main] INFO  balancer.ContainerBalancerTask (ContainerBalancerTask.java:processMoveSelection(569)) - ContainerBalancer is trying to move container #68 with size 5368709120B from source datanode f0f7eb38-bc19-4b2e-9c72-7501ec5f66e6 to target datanode 6f09e8a6-17ac-43fa-b2a2-39406990d72e
2023-07-26 19:34:25,995 [main] DEBUG balancer.ContainerBalancerTask (ContainerBalancerTask.java:lambda$moveContainer$3(837)) - Container move completed for container #68 from source f0f7eb38-bc19-4b2e-9c72-7501ec5f66e6 to target 6f09e8a6-17ac-43fa-b2a2-39406990d72e
2023-07-26 19:34:25,999 [main] DEBUG balancer.ContainerBalancerTask (ContainerBalancerTask.java:matchSourceWithTarget(708)) - ContainerBalancer is finding suitable target for source datanode f0f7eb38-bc19-4b2e-9c72-7501ec5f66e6
2023-07-26 19:34:25,999 [main] INFO  balancer.ContainerBalancerTask (ContainerBalancerTask.java:matchSourceWithTarget(722)) - ContainerBalancer matched source datanode f0f7eb38-bc19-4b2e-9c72-7501ec5f66e6 with target datanode 6f09e8a6-17ac-43fa-b2a2-39406990d72e for container move.
2023-07-26 19:34:25,999 [main] INFO  balancer.ContainerBalancerTask (ContainerBalancerTask.java:processMoveSelection(569)) - ContainerBalancer is trying to move container #53 with size 5368709120B from source datanode f0f7eb38-bc19-4b2e-9c72-7501ec5f66e6 to target datanode 6f09e8a6-17ac-43fa-b2a2-39406990d72e
2023-07-26 19:34:25,999 [main] DEBUG balancer.ContainerBalancerTask (ContainerBalancerTask.java:lambda$moveContainer$3(837)) - Container move completed for container #53 from source f0f7eb38-bc19-4b2e-9c72-7501ec5f66e6 to target 6f09e8a6-17ac-43fa-b2a2-39406990d72e
2023-07-26 19:34:26,002 [main] DEBUG balancer.ContainerBalancerTask (ContainerBalancerTask.java:matchSourceWithTarget(708)) - ContainerBalancer is finding suitable target for source datanode f0f7eb38-bc19-4b2e-9c72-7501ec5f66e6
2023-07-26 19:34:26,003 [main] INFO  balancer.ContainerBalancerTask (ContainerBalancerTask.java:matchSourceWithTarget(722)) - ContainerBalancer matched source datanode f0f7eb38-bc19-4b2e-9c72-7501ec5f66e6 with target datanode 6f09e8a6-17ac-43fa-b2a2-39406990d72e for container move.
2023-07-26 19:34:26,003 [main] INFO  balancer.ContainerBalancerTask (ContainerBalancerTask.java:processMoveSelection(569)) - ContainerBalancer is trying to move container #87 with size 2147483648B from source datanode f0f7eb38-bc19-4b2e-9c72-7501ec5f66e6 to target datanode 6f09e8a6-17ac-43fa-b2a2-39406990d72e
2023-07-26 19:34:26,003 [main] DEBUG balancer.ContainerBalancerTask (ContainerBalancerTask.java:lambda$moveContainer$3(837)) - Container move completed for container #87 from source f0f7eb38-bc19-4b2e-9c72-7501ec5f66e6 to target 6f09e8a6-17ac-43fa-b2a2-39406990d72e
2023-07-26 19:34:26,007 [main] DEBUG balancer.ContainerBalancerTask (ContainerBalancerTask.java:matchSourceWithTarget(708)) - ContainerBalancer is finding suitable target for source datanode f0f7eb38-bc19-4b2e-9c72-7501ec5f66e6
2023-07-26 19:34:26,007 [main] INFO  balancer.FindTargetGreedyByUsageInfo (AbstractFindTargetGreedy.java:findTargetForContainerMove(133)) - Container Balancer could not find a target for source datanode f0f7eb38-bc19-4b2e-9c72-7501ec5f66e6
2023-07-26 19:34:26,008 [main] DEBUG balancer.ContainerBalancerTask (ContainerBalancerTask.java:matchSourceWithTarget(717)) - ContainerBalancer could not find a suitable target for source node f0f7eb38-bc19-4b2e-9c72-7501ec5f66e6.
2023-07-26 19:34:26,008 [main] INFO  balancer.FindSourceGreedy (FindSourceGreedy.java:getNextCandidateSourceDataNode(126)) - no more candidate source data node
2023-07-26 19:34:26,008 [main] INFO  balancer.ContainerBalancerTask (ContainerBalancerTask.java:checkIterationMoveResults(642)) - Iteration Summary. Number of Datanodes involved: 2. Size moved: 17 GB (18253611008 Bytes). Number of Container moves completed: 4.
2023-07-26 19:34:26,008 [main] INFO  balancer.ContainerBalancerTask (ContainerBalancerTask.java:balance(259)) - Result of this iteration of Container Balancer: ITERATION_COMPLETED
2023-07-26 19:34:26,009 [main] DEBUG balancer.ContainerBalancerTask (ContainerBalancerTask.java:initializeIteration(374)) - Average utilization of the cluster is 0.3498730090563728
2023-07-26 19:34:26,010 [main] DEBUG balancer.ContainerBalancerTask (ContainerBalancerTask.java:initializeIteration(386)) - Lower limit for utilization is 0.2498730090563728 and Upper limit for utilization is 0.44987300905637284
2023-07-26 19:34:26,010 [main] DEBUG balancer.ContainerBalancerTask (ContainerBalancerTask.java:initializeIteration(398)) - Utilization for node f0f7eb38-bc19-4b2e-9c72-7501ec5f66e6 with capacity 81127160035B, used 73014444032B, and remaining 8112716003B is 0.9000000000061632
2023-07-26 19:34:26,010 [main] DEBUG balancer.ContainerBalancerTask (ContainerBalancerTask.java:initializeIteration(398)) - Utilization for node 94562e15-eeea-4cec-a1f1-535d5cf7b060 with capacity 80530636800B, used 64424509440B, and remaining 16106127360B is 0.8
2023-07-26 19:34:26,010 [main] DEBUG balancer.ContainerBalancerTask (ContainerBalancerTask.java:initializeIteration(398)) - Utilization for node 9492612f-0b34-4770-85b0-3aeed2e7e49f with capacity 65958426331B, used 46170898432B, and remaining 19787527899B is 0.7000000000045483
2023-07-26 19:34:26,010 [main] DEBUG balancer.ContainerBalancerTask (ContainerBalancerTask.java:initializeIteration(398)) - Utilization for node bebc2698-45c9-41fe-9267-278d1da72a94 with capacity 80530636800B, used 48318382080B, and remaining 32212254720B is 0.6
2023-07-26 19:34:26,010 [main] DEBUG balancer.ContainerBalancerTask (ContainerBalancerTask.java:initializeIteration(398)) - Utilization for node 8fc7132f-6cc4-4a17-9845-b1650fa64bbe with capacity 81604378624B, used 40802189312B, and remaining 40802189312B is 0.5
2023-07-26 19:34:26,010 [main] DEBUG balancer.ContainerBalancerTask (ContainerBalancerTask.java:initializeIteration(398)) - Utilization for node 679314b2-dfbc-46d1-bf7a-b2818e2df830 with capacity 88583700480B, used 35433480192B, and remaining 53150220288B is 0.4
2023-07-26 19:34:26,010 [main] DEBUG balancer.ContainerBalancerTask (ContainerBalancerTask.java:initializeIteration(398)) - Utilization for node d912d959-cb97-4d7d-9974-43057162495c with capacity 100215903573B, used 30064771072B, and remaining 70151132501B is 0.30000000000099786
2023-07-26 19:34:26,010 [main] DEBUG balancer.ContainerBalancerTask (ContainerBalancerTask.java:initializeIteration(398)) - Utilization for node 965050bb-f6a2-4d19-a1bc-23bf2e2cdb43 with capacity 112742891520B, used 22548578304B, and remaining 90194313216B is 0.2
2023-07-26 19:34:26,010 [main] DEBUG balancer.ContainerBalancerTask (ContainerBalancerTask.java:initializeIteration(398)) - Utilization for node d34600ea-e7e0-4c47-9e0c-8e21a9f4b073 with capacity 418759311360B, used 41875931136B, and remaining 376883380224B is 0.1
2023-07-26 19:34:26,011 [main] DEBUG balancer.ContainerBalancerTask (ContainerBalancerTask.java:initializeIteration(398)) - Utilization for node 6f09e8a6-17ac-43fa-b2a2-39406990d72e with capacity 40802189312B, used 0B, and remaining 40802189312B is 0.0
2023-07-26 19:34:26,011 [main] INFO  balancer.ContainerBalancerTask (ContainerBalancerTask.java:initializeIteration(447)) - Container Balancer has identified 5 Over-Utilized and 3 Under-Utilized Datanodes that need to be balanced.
2023-07-26 19:34:26,011 [main] DEBUG balancer.ContainerBalancerTask (ContainerBalancerTask.java:lambda$initializeIteration$1(453)) - Datanode localhost-126.246.60.159 f0f7eb38-bc19-4b2e-9c72-7501ec5f66e6 is Over-Utilized.
2023-07-26 19:34:26,011 [main] DEBUG balancer.ContainerBalancerTask (ContainerBalancerTask.java:lambda$initializeIteration$1(453)) - Datanode localhost-125.119.51.120 94562e15-eeea-4cec-a1f1-535d5cf7b060 is Over-Utilized.
2023-07-26 19:34:26,011 [main] DEBUG balancer.ContainerBalancerTask (ContainerBalancerTask.java:lambda$initializeIteration$1(453)) - Datanode localhost-206.225.159.168 9492612f-0b34-4770-85b0-3aeed2e7e49f is Over-Utilized.
2023-07-26 19:34:26,011 [main] DEBUG balancer.ContainerBalancerTask (ContainerBalancerTask.java:lambda$initializeIteration$1(453)) - Datanode localhost-41.9.54.66 bebc2698-45c9-41fe-9267-278d1da72a94 is Over-Utilized.
2023-07-26 19:34:26,011 [main] DEBUG balancer.ContainerBalancerTask (ContainerBalancerTask.java:lambda$initializeIteration$1(453)) - Datanode localhost-180.194.189.120 8fc7132f-6cc4-4a17-9845-b1650fa64bbe is Over-Utilized.
2023-07-26 19:34:26,011 [main] DEBUG balancer.ContainerBalancerTask (ContainerBalancerTask.java:lambda$initializeIteration$2(459)) - Datanode localhost-223.142.51.82 6f09e8a6-17ac-43fa-b2a2-39406990d72e is Under-Utilized.
2023-07-26 19:34:26,011 [main] DEBUG balancer.ContainerBalancerTask (ContainerBalancerTask.java:lambda$initializeIteration$2(459)) - Datanode localhost-193.216.9.80 d34600ea-e7e0-4c47-9e0c-8e21a9f4b073 is Under-Utilized.
2023-07-26 19:34:26,011 [main] DEBUG balancer.ContainerBalancerTask (ContainerBalancerTask.java:lambda$initializeIteration$2(459)) - Datanode localhost-201.213.57.216 965050bb-f6a2-4d19-a1bc-23bf2e2cdb43 is Under-Utilized.
2023-07-26 19:34:26,014 [main] DEBUG balancer.ContainerBalancerTask (ContainerBalancerTask.java:matchSourceWithTarget(708)) - ContainerBalancer is finding suitable target for source datanode f0f7eb38-bc19-4b2e-9c72-7501ec5f66e6
2023-07-26 19:34:26,015 [main] INFO  balancer.ContainerBalancerTask (ContainerBalancerTask.java:matchSourceWithTarget(722)) - ContainerBalancer matched source datanode f0f7eb38-bc19-4b2e-9c72-7501ec5f66e6 with target datanode 6f09e8a6-17ac-43fa-b2a2-39406990d72e for container move.
2023-07-26 19:34:26,015 [main] INFO  balancer.ContainerBalancerTask (ContainerBalancerTask.java:processMoveSelection(569)) - ContainerBalancer is trying to move container #85 with size 5368709120B from source datanode f0f7eb38-bc19-4b2e-9c72-7501ec5f66e6 to target datanode 6f09e8a6-17ac-43fa-b2a2-39406990d72e
2023-07-26 19:34:26,015 [main] DEBUG balancer.ContainerBalancerTask (ContainerBalancerTask.java:lambda$moveContainer$3(837)) - Container move completed for container #85 from source f0f7eb38-bc19-4b2e-9c72-7501ec5f66e6 to target 6f09e8a6-17ac-43fa-b2a2-39406990d72e
2023-07-26 19:34:26,015 [main] DEBUG balancer.ContainerBalancerTask (ContainerBalancerTask.java:adaptOnReachingIterationLimits(782)) - Reached max datanodes to involve limit. 2 datanodes have already been selected for balancing and the limit is 2. Only already selected sources and targets can be involved in balancing now.
2023-07-26 19:34:26,018 [main] DEBUG balancer.ContainerBalancerTask (ContainerBalancerTask.java:matchSourceWithTarget(708)) - ContainerBalancer is finding suitable target for source datanode f0f7eb38-bc19-4b2e-9c72-7501ec5f66e6
2023-07-26 19:34:26,018 [main] INFO  balancer.ContainerBalancerTask (ContainerBalancerTask.java:matchSourceWithTarget(722)) - ContainerBalancer matched source datanode f0f7eb38-bc19-4b2e-9c72-7501ec5f66e6 with target datanode 6f09e8a6-17ac-43fa-b2a2-39406990d72e for container move.
2023-07-26 19:34:26,018 [main] INFO  balancer.ContainerBalancerTask (ContainerBalancerTask.java:processMoveSelection(569)) - ContainerBalancer is trying to move container #68 with size 5368709120B from source datanode f0f7eb38-bc19-4b2e-9c72-7501ec5f66e6 to target datanode 6f09e8a6-17ac-43fa-b2a2-39406990d72e
2023-07-26 19:34:26,019 [main] DEBUG balancer.ContainerBalancerTask (ContainerBalancerTask.java:lambda$moveContainer$3(837)) - Container move completed for container #68 from source f0f7eb38-bc19-4b2e-9c72-7501ec5f66e6 to target 6f09e8a6-17ac-43fa-b2a2-39406990d72e
2023-07-26 19:34:26,022 [main] DEBUG balancer.ContainerBalancerTask (ContainerBalancerTask.java:matchSourceWithTarget(708)) - ContainerBalancer is finding suitable target for source datanode f0f7eb38-bc19-4b2e-9c72-7501ec5f66e6
2023-07-26 19:34:26,022 [main] INFO  balancer.ContainerBalancerTask (ContainerBalancerTask.java:matchSourceWithTarget(722)) - ContainerBalancer matched source datanode f0f7eb38-bc19-4b2e-9c72-7501ec5f66e6 with target datanode 6f09e8a6-17ac-43fa-b2a2-39406990d72e for container move.
2023-07-26 19:34:26,022 [main] INFO  balancer.ContainerBalancerTask (ContainerBalancerTask.java:processMoveSelection(569)) - ContainerBalancer is trying to move container #53 with size 5368709120B from source datanode f0f7eb38-bc19-4b2e-9c72-7501ec5f66e6 to target datanode 6f09e8a6-17ac-43fa-b2a2-39406990d72e
2023-07-26 19:34:26,022 [main] DEBUG balancer.ContainerBalancerTask (ContainerBalancerTask.java:lambda$moveContainer$3(837)) - Container move completed for container #53 from source f0f7eb38-bc19-4b2e-9c72-7501ec5f66e6 to target 6f09e8a6-17ac-43fa-b2a2-39406990d72e
2023-07-26 19:34:26,025 [main] DEBUG balancer.ContainerBalancerTask (ContainerBalancerTask.java:matchSourceWithTarget(708)) - ContainerBalancer is finding suitable target for source datanode f0f7eb38-bc19-4b2e-9c72-7501ec5f66e6
2023-07-26 19:34:26,026 [main] INFO  balancer.ContainerBalancerTask (ContainerBalancerTask.java:matchSourceWithTarget(722)) - ContainerBalancer matched source datanode f0f7eb38-bc19-4b2e-9c72-7501ec5f66e6 with target datanode 6f09e8a6-17ac-43fa-b2a2-39406990d72e for container move.
2023-07-26 19:34:26,026 [main] INFO  balancer.ContainerBalancerTask (ContainerBalancerTask.java:processMoveSelection(569)) - ContainerBalancer is trying to move container #87 with size 2147483648B from source datanode f0f7eb38-bc19-4b2e-9c72-7501ec5f66e6 to target datanode 6f09e8a6-17ac-43fa-b2a2-39406990d72e
2023-07-26 19:34:26,026 [main] DEBUG balancer.ContainerBalancerTask (ContainerBalancerTask.java:lambda$moveContainer$3(837)) - Container move completed for container #87 from source f0f7eb38-bc19-4b2e-9c72-7501ec5f66e6 to target 6f09e8a6-17ac-43fa-b2a2-39406990d72e
2023-07-26 19:34:26,030 [main] DEBUG balancer.ContainerBalancerTask (ContainerBalancerTask.java:matchSourceWithTarget(708)) - ContainerBalancer is finding suitable target for source datanode f0f7eb38-bc19-4b2e-9c72-7501ec5f66e6
2023-07-26 19:34:26,030 [main] INFO  balancer.FindTargetGreedyByUsageInfo (AbstractFindTargetGreedy.java:findTargetForContainerMove(133)) - Container Balancer could not find a target for source datanode f0f7eb38-bc19-4b2e-9c72-7501ec5f66e6
2023-07-26 19:34:26,031 [main] DEBUG balancer.ContainerBalancerTask (ContainerBalancerTask.java:matchSourceWithTarget(717)) - ContainerBalancer could not find a suitable target for source node f0f7eb38-bc19-4b2e-9c72-7501ec5f66e6.
2023-07-26 19:34:26,031 [main] INFO  balancer.FindSourceGreedy (FindSourceGreedy.java:getNextCandidateSourceDataNode(126)) - no more candidate source data node
2023-07-26 19:34:26,031 [main] INFO  balancer.ContainerBalancerTask (ContainerBalancerTask.java:checkIterationMoveResults(642)) - Iteration Summary. Number of Datanodes involved: 2. Size moved: 17 GB (18253611008 Bytes). Number of Container moves completed: 4.
2023-07-26 19:34:26,031 [main] INFO  balancer.ContainerBalancerTask (ContainerBalancerTask.java:balance(259)) - Result of this iteration of Container Balancer: ITERATION_COMPLETED
2023-07-26 19:34:26,032 [main] DEBUG balancer.ContainerBalancerTask (ContainerBalancerTask.java:initializeIteration(374)) - Average utilization of the cluster is 0.3498730090563728
2023-07-26 19:34:26,033 [main] DEBUG balancer.ContainerBalancerTask (ContainerBalancerTask.java:initializeIteration(386)) - Lower limit for utilization is 0.2498730090563728 and Upper limit for utilization is 0.44987300905637284
2023-07-26 19:34:26,033 [main] DEBUG balancer.ContainerBalancerTask (ContainerBalancerTask.java:initializeIteration(398)) - Utilization for node f0f7eb38-bc19-4b2e-9c72-7501ec5f66e6 with capacity 81127160035B, used 73014444032B, and remaining 8112716003B is 0.9000000000061632
2023-07-26 19:34:26,033 [main] DEBUG balancer.ContainerBalancerTask (ContainerBalancerTask.java:initializeIteration(398)) - Utilization for node 94562e15-eeea-4cec-a1f1-535d5cf7b060 with capacity 80530636800B, used 64424509440B, and remaining 16106127360B is 0.8
2023-07-26 19:34:26,033 [main] DEBUG balancer.ContainerBalancerTask (ContainerBalancerTask.java:initializeIteration(398)) - Utilization for node 9492612f-0b34-4770-85b0-3aeed2e7e49f with capacity 65958426331B, used 46170898432B, and remaining 19787527899B is 0.7000000000045483
2023-07-26 19:34:26,033 [main] DEBUG balancer.ContainerBalancerTask (ContainerBalancerTask.java:initializeIteration(398)) - Utilization for node bebc2698-45c9-41fe-9267-278d1da72a94 with capacity 80530636800B, used 48318382080B, and remaining 32212254720B is 0.6
2023-07-26 19:34:26,033 [main] DEBUG balancer.ContainerBalancerTask (ContainerBalancerTask.java:initializeIteration(398)) - Utilization for node 8fc7132f-6cc4-4a17-9845-b1650fa64bbe with capacity 81604378624B, used 40802189312B, and remaining 40802189312B is 0.5
2023-07-26 19:34:26,033 [main] DEBUG balancer.ContainerBalancerTask (ContainerBalancerTask.java:initializeIteration(398)) - Utilization for node 679314b2-dfbc-46d1-bf7a-b2818e2df830 with capacity 88583700480B, used 35433480192B, and remaining 53150220288B is 0.4
2023-07-26 19:34:26,033 [main] DEBUG balancer.ContainerBalancerTask (ContainerBalancerTask.java:initializeIteration(398)) - Utilization for node d912d959-cb97-4d7d-9974-43057162495c with capacity 100215903573B, used 30064771072B, and remaining 70151132501B is 0.30000000000099786
2023-07-26 19:34:26,033 [main] DEBUG balancer.ContainerBalancerTask (ContainerBalancerTask.java:initializeIteration(398)) - Utilization for node 965050bb-f6a2-4d19-a1bc-23bf2e2cdb43 with capacity 112742891520B, used 22548578304B, and remaining 90194313216B is 0.2
2023-07-26 19:34:26,033 [main] DEBUG balancer.ContainerBalancerTask (ContainerBalancerTask.java:initializeIteration(398)) - Utilization for node d34600ea-e7e0-4c47-9e0c-8e21a9f4b073 with capacity 418759311360B, used 41875931136B, and remaining 376883380224B is 0.1
2023-07-26 19:34:26,033 [main] DEBUG balancer.ContainerBalancerTask (ContainerBalancerTask.java:initializeIteration(398)) - Utilization for node 6f09e8a6-17ac-43fa-b2a2-39406990d72e with capacity 40802189312B, used 0B, and remaining 40802189312B is 0.0
2023-07-26 19:34:26,034 [main] INFO  balancer.ContainerBalancerTask (ContainerBalancerTask.java:initializeIteration(447)) - Container Balancer has identified 5 Over-Utilized and 3 Under-Utilized Datanodes that need to be balanced.
2023-07-26 19:34:26,034 [main] DEBUG balancer.ContainerBalancerTask (ContainerBalancerTask.java:lambda$initializeIteration$1(453)) - Datanode localhost-126.246.60.159 f0f7eb38-bc19-4b2e-9c72-7501ec5f66e6 is Over-Utilized.
2023-07-26 19:34:26,034 [main] DEBUG balancer.ContainerBalancerTask (ContainerBalancerTask.java:lambda$initializeIteration$1(453)) - Datanode localhost-125.119.51.120 94562e15-eeea-4cec-a1f1-535d5cf7b060 is Over-Utilized.
2023-07-26 19:34:26,034 [main] DEBUG balancer.ContainerBalancerTask (ContainerBalancerTask.java:lambda$initializeIteration$1(453)) - Datanode localhost-206.225.159.168 9492612f-0b34-4770-85b0-3aeed2e7e49f is Over-Utilized.
2023-07-26 19:34:26,034 [main] DEBUG balancer.ContainerBalancerTask (ContainerBalancerTask.java:lambda$initializeIteration$1(453)) - Datanode localhost-41.9.54.66 bebc2698-45c9-41fe-9267-278d1da72a94 is Over-Utilized.
2023-07-26 19:34:26,034 [main] DEBUG balancer.ContainerBalancerTask (ContainerBalancerTask.java:lambda$initializeIteration$1(453)) - Datanode localhost-180.194.189.120 8fc7132f-6cc4-4a17-9845-b1650fa64bbe is Over-Utilized.
2023-07-26 19:34:26,034 [main] DEBUG balancer.ContainerBalancerTask (ContainerBalancerTask.java:lambda$initializeIteration$2(459)) - Datanode localhost-223.142.51.82 6f09e8a6-17ac-43fa-b2a2-39406990d72e is Under-Utilized.
2023-07-26 19:34:26,034 [main] DEBUG balancer.ContainerBalancerTask (ContainerBalancerTask.java:lambda$initializeIteration$2(459)) - Datanode localhost-193.216.9.80 d34600ea-e7e0-4c47-9e0c-8e21a9f4b073 is Under-Utilized.
2023-07-26 19:34:26,034 [main] DEBUG balancer.ContainerBalancerTask (ContainerBalancerTask.java:lambda$initializeIteration$2(459)) - Datanode localhost-201.213.57.216 965050bb-f6a2-4d19-a1bc-23bf2e2cdb43 is Under-Utilized.
2023-07-26 19:34:26,037 [main] DEBUG balancer.ContainerBalancerTask (ContainerBalancerTask.java:matchSourceWithTarget(708)) - ContainerBalancer is finding suitable target for source datanode f0f7eb38-bc19-4b2e-9c72-7501ec5f66e6
2023-07-26 19:34:26,038 [main] INFO  balancer.ContainerBalancerTask (ContainerBalancerTask.java:matchSourceWithTarget(722)) - ContainerBalancer matched source datanode f0f7eb38-bc19-4b2e-9c72-7501ec5f66e6 with target datanode 6f09e8a6-17ac-43fa-b2a2-39406990d72e for container move.
2023-07-26 19:34:26,038 [main] INFO  balancer.ContainerBalancerTask (ContainerBalancerTask.java:processMoveSelection(569)) - ContainerBalancer is trying to move container #85 with size 5368709120B from source datanode f0f7eb38-bc19-4b2e-9c72-7501ec5f66e6 to target datanode 6f09e8a6-17ac-43fa-b2a2-39406990d72e
2023-07-26 19:34:26,038 [main] DEBUG balancer.ContainerBalancerTask (ContainerBalancerTask.java:lambda$moveContainer$3(837)) - Container move completed for container #85 from source f0f7eb38-bc19-4b2e-9c72-7501ec5f66e6 to target 6f09e8a6-17ac-43fa-b2a2-39406990d72e
2023-07-26 19:34:26,038 [main] DEBUG balancer.ContainerBalancerTask (ContainerBalancerTask.java:adaptOnReachingIterationLimits(782)) - Reached max datanodes to involve limit. 2 datanodes have already been selected for balancing and the limit is 2. Only already selected sources and targets can be involved in balancing now.
2023-07-26 19:34:26,041 [main] DEBUG balancer.ContainerBalancerTask (ContainerBalancerTask.java:matchSourceWithTarget(708)) - ContainerBalancer is finding suitable target for source datanode f0f7eb38-bc19-4b2e-9c72-7501ec5f66e6
2023-07-26 19:34:26,041 [main] INFO  balancer.ContainerBalancerTask (ContainerBalancerTask.java:matchSourceWithTarget(722)) - ContainerBalancer matched source datanode f0f7eb38-bc19-4b2e-9c72-7501ec5f66e6 with target datanode 6f09e8a6-17ac-43fa-b2a2-39406990d72e for container move.
2023-07-26 19:34:26,042 [main] INFO  balancer.ContainerBalancerTask (ContainerBalancerTask.java:processMoveSelection(569)) - ContainerBalancer is trying to move container #68 with size 5368709120B from source datanode f0f7eb38-bc19-4b2e-9c72-7501ec5f66e6 to target datanode 6f09e8a6-17ac-43fa-b2a2-39406990d72e
2023-07-26 19:34:26,042 [main] DEBUG balancer.ContainerBalancerTask (ContainerBalancerTask.java:lambda$moveContainer$3(837)) - Container move completed for container #68 from source f0f7eb38-bc19-4b2e-9c72-7501ec5f66e6 to target 6f09e8a6-17ac-43fa-b2a2-39406990d72e
2023-07-26 19:34:26,045 [main] DEBUG balancer.ContainerBalancerTask (ContainerBalancerTask.java:matchSourceWithTarget(708)) - ContainerBalancer is finding suitable target for source datanode f0f7eb38-bc19-4b2e-9c72-7501ec5f66e6
2023-07-26 19:34:26,045 [main] INFO  balancer.ContainerBalancerTask (ContainerBalancerTask.java:matchSourceWithTarget(722)) - ContainerBalancer matched source datanode f0f7eb38-bc19-4b2e-9c72-7501ec5f66e6 with target datanode 6f09e8a6-17ac-43fa-b2a2-39406990d72e for container move.
2023-07-26 19:34:26,045 [main] INFO  balancer.ContainerBalancerTask (ContainerBalancerTask.java:processMoveSelection(569)) - ContainerBalancer is trying to move container #53 with size 5368709120B from source datanode f0f7eb38-bc19-4b2e-9c72-7501ec5f66e6 to target datanode 6f09e8a6-17ac-43fa-b2a2-39406990d72e
2023-07-26 19:34:26,045 [main] DEBUG balancer.ContainerBalancerTask (ContainerBalancerTask.java:lambda$moveContainer$3(837)) - Container move completed for container #53 from source f0f7eb38-bc19-4b2e-9c72-7501ec5f66e6 to target 6f09e8a6-17ac-43fa-b2a2-39406990d72e
2023-07-26 19:34:26,049 [main] DEBUG balancer.ContainerBalancerTask (ContainerBalancerTask.java:matchSourceWithTarget(708)) - ContainerBalancer is finding suitable target for source datanode f0f7eb38-bc19-4b2e-9c72-7501ec5f66e6
2023-07-26 19:34:26,049 [main] INFO  balancer.ContainerBalancerTask (ContainerBalancerTask.java:matchSourceWithTarget(722)) - ContainerBalancer matched source datanode f0f7eb38-bc19-4b2e-9c72-7501ec5f66e6 with target datanode 6f09e8a6-17ac-43fa-b2a2-39406990d72e for container move.
2023-07-26 19:34:26,049 [main] INFO  balancer.ContainerBalancerTask (ContainerBalancerTask.java:processMoveSelection(569)) - ContainerBalancer is trying to move container #87 with size 2147483648B from source datanode f0f7eb38-bc19-4b2e-9c72-7501ec5f66e6 to target datanode 6f09e8a6-17ac-43fa-b2a2-39406990d72e
2023-07-26 19:34:26,049 [main] DEBUG balancer.ContainerBalancerTask (ContainerBalancerTask.java:lambda$moveContainer$3(837)) - Container move completed for container #87 from source f0f7eb38-bc19-4b2e-9c72-7501ec5f66e6 to target 6f09e8a6-17ac-43fa-b2a2-39406990d72e
2023-07-26 19:34:26,053 [main] DEBUG balancer.ContainerBalancerTask (ContainerBalancerTask.java:matchSourceWithTarget(708)) - ContainerBalancer is finding suitable target for source datanode f0f7eb38-bc19-4b2e-9c72-7501ec5f66e6
2023-07-26 19:34:26,053 [main] INFO  balancer.FindTargetGreedyByUsageInfo (AbstractFindTargetGreedy.java:findTargetForContainerMove(133)) - Container Balancer could not find a target for source datanode f0f7eb38-bc19-4b2e-9c72-7501ec5f66e6
2023-07-26 19:34:26,054 [main] DEBUG balancer.ContainerBalancerTask (ContainerBalancerTask.java:matchSourceWithTarget(717)) - ContainerBalancer could not find a suitable target for source node f0f7eb38-bc19-4b2e-9c72-7501ec5f66e6.
2023-07-26 19:34:26,054 [main] INFO  balancer.FindSourceGreedy (FindSourceGreedy.java:getNextCandidateSourceDataNode(126)) - no more candidate source data node
2023-07-26 19:34:26,054 [main] INFO  balancer.ContainerBalancerTask (ContainerBalancerTask.java:checkIterationMoveResults(642)) - Iteration Summary. Number of Datanodes involved: 2. Size moved: 17 GB (18253611008 Bytes). Number of Container moves completed: 4.
2023-07-26 19:34:26,054 [main] INFO  balancer.ContainerBalancerTask (ContainerBalancerTask.java:balance(259)) - Result of this iteration of Container Balancer: ITERATION_COMPLETED
2023-07-26 19:34:26,055 [main] DEBUG balancer.ContainerBalancerTask (ContainerBalancerTask.java:initializeIteration(374)) - Average utilization of the cluster is 0.3498730090563728
2023-07-26 19:34:26,056 [main] DEBUG balancer.ContainerBalancerTask (ContainerBalancerTask.java:initializeIteration(386)) - Lower limit for utilization is 0.2498730090563728 and Upper limit for utilization is 0.44987300905637284
2023-07-26 19:34:26,056 [main] DEBUG balancer.ContainerBalancerTask (ContainerBalancerTask.java:initializeIteration(398)) - Utilization for node f0f7eb38-bc19-4b2e-9c72-7501ec5f66e6 with capacity 81127160035B, used 73014444032B, and remaining 8112716003B is 0.9000000000061632
2023-07-26 19:34:26,056 [main] DEBUG balancer.ContainerBalancerTask (ContainerBalancerTask.java:initializeIteration(398)) - Utilization for node 94562e15-eeea-4cec-a1f1-535d5cf7b060 with capacity 80530636800B, used 64424509440B, and remaining 16106127360B is 0.8
2023-07-26 19:34:26,056 [main] DEBUG balancer.ContainerBalancerTask (ContainerBalancerTask.java:initializeIteration(398)) - Utilization for node 9492612f-0b34-4770-85b0-3aeed2e7e49f with capacity 65958426331B, used 46170898432B, and remaining 19787527899B is 0.7000000000045483
2023-07-26 19:34:26,056 [main] DEBUG balancer.ContainerBalancerTask (ContainerBalancerTask.java:initializeIteration(398)) - Utilization for node bebc2698-45c9-41fe-9267-278d1da72a94 with capacity 80530636800B, used 48318382080B, and remaining 32212254720B is 0.6
2023-07-26 19:34:26,056 [main] DEBUG balancer.ContainerBalancerTask (ContainerBalancerTask.java:initializeIteration(398)) - Utilization for node 8fc7132f-6cc4-4a17-9845-b1650fa64bbe with capacity 81604378624B, used 40802189312B, and remaining 40802189312B is 0.5
2023-07-26 19:34:26,056 [main] DEBUG balancer.ContainerBalancerTask (ContainerBalancerTask.java:initializeIteration(398)) - Utilization for node 679314b2-dfbc-46d1-bf7a-b2818e2df830 with capacity 88583700480B, used 35433480192B, and remaining 53150220288B is 0.4
2023-07-26 19:34:26,056 [main] DEBUG balancer.ContainerBalancerTask (ContainerBalancerTask.java:initializeIteration(398)) - Utilization for node d912d959-cb97-4d7d-9974-43057162495c with capacity 100215903573B, used 30064771072B, and remaining 70151132501B is 0.30000000000099786
2023-07-26 19:34:26,056 [main] DEBUG balancer.ContainerBalancerTask (ContainerBalancerTask.java:initializeIteration(398)) - Utilization for node 965050bb-f6a2-4d19-a1bc-23bf2e2cdb43 with capacity 112742891520B, used 22548578304B, and remaining 90194313216B is 0.2
2023-07-26 19:34:26,056 [main] DEBUG balancer.ContainerBalancerTask (ContainerBalancerTask.java:initializeIteration(398)) - Utilization for node d34600ea-e7e0-4c47-9e0c-8e21a9f4b073 with capacity 418759311360B, used 41875931136B, and remaining 376883380224B is 0.1
2023-07-26 19:34:26,056 [main] DEBUG balancer.ContainerBalancerTask (ContainerBalancerTask.java:initializeIteration(398)) - Utilization for node 6f09e8a6-17ac-43fa-b2a2-39406990d72e with capacity 40802189312B, used 0B, and remaining 40802189312B is 0.0
2023-07-26 19:34:26,057 [main] INFO  balancer.ContainerBalancerTask (ContainerBalancerTask.java:initializeIteration(447)) - Container Balancer has identified 5 Over-Utilized and 3 Under-Utilized Datanodes that need to be balanced.
2023-07-26 19:34:26,057 [main] DEBUG balancer.ContainerBalancerTask (ContainerBalancerTask.java:lambda$initializeIteration$1(453)) - Datanode localhost-126.246.60.159 f0f7eb38-bc19-4b2e-9c72-7501ec5f66e6 is Over-Utilized.
2023-07-26 19:34:26,057 [main] DEBUG balancer.ContainerBalancerTask (ContainerBalancerTask.java:lambda$initializeIteration$1(453)) - Datanode localhost-125.119.51.120 94562e15-eeea-4cec-a1f1-535d5cf7b060 is Over-Utilized.
2023-07-26 19:34:26,057 [main] DEBUG balancer.ContainerBalancerTask (ContainerBalancerTask.java:lambda$initializeIteration$1(453)) - Datanode localhost-206.225.159.168 9492612f-0b34-4770-85b0-3aeed2e7e49f is Over-Utilized.
2023-07-26 19:34:26,057 [main] DEBUG balancer.ContainerBalancerTask (ContainerBalancerTask.java:lambda$initializeIteration$1(453)) - Datanode localhost-41.9.54.66 bebc2698-45c9-41fe-9267-278d1da72a94 is Over-Utilized.
2023-07-26 19:34:26,057 [main] DEBUG balancer.ContainerBalancerTask (ContainerBalancerTask.java:lambda$initializeIteration$1(453)) - Datanode localhost-180.194.189.120 8fc7132f-6cc4-4a17-9845-b1650fa64bbe is Over-Utilized.
2023-07-26 19:34:26,057 [main] DEBUG balancer.ContainerBalancerTask (ContainerBalancerTask.java:lambda$initializeIteration$2(459)) - Datanode localhost-223.142.51.82 6f09e8a6-17ac-43fa-b2a2-39406990d72e is Under-Utilized.
2023-07-26 19:34:26,057 [main] DEBUG balancer.ContainerBalancerTask (ContainerBalancerTask.java:lambda$initializeIteration$2(459)) - Datanode localhost-193.216.9.80 d34600ea-e7e0-4c47-9e0c-8e21a9f4b073 is Under-Utilized.
2023-07-26 19:34:26,057 [main] DEBUG balancer.ContainerBalancerTask (ContainerBalancerTask.java:lambda$initializeIteration$2(459)) - Datanode localhost-201.213.57.216 965050bb-f6a2-4d19-a1bc-23bf2e2cdb43 is Under-Utilized.
2023-07-26 19:34:26,060 [main] DEBUG balancer.ContainerBalancerTask (ContainerBalancerTask.java:matchSourceWithTarget(708)) - ContainerBalancer is finding suitable target for source datanode f0f7eb38-bc19-4b2e-9c72-7501ec5f66e6
2023-07-26 19:34:26,061 [main] INFO  balancer.ContainerBalancerTask (ContainerBalancerTask.java:matchSourceWithTarget(722)) - ContainerBalancer matched source datanode f0f7eb38-bc19-4b2e-9c72-7501ec5f66e6 with target datanode 6f09e8a6-17ac-43fa-b2a2-39406990d72e for container move.
2023-07-26 19:34:26,062 [main] INFO  balancer.ContainerBalancerTask (ContainerBalancerTask.java:processMoveSelection(569)) - ContainerBalancer is trying to move container #85 with size 5368709120B from source datanode f0f7eb38-bc19-4b2e-9c72-7501ec5f66e6 to target datanode 6f09e8a6-17ac-43fa-b2a2-39406990d72e
2023-07-26 19:34:26,063 [main] DEBUG balancer.ContainerBalancerTask (ContainerBalancerTask.java:lambda$moveContainer$3(837)) - Container move completed for container #85 from source f0f7eb38-bc19-4b2e-9c72-7501ec5f66e6 to target 6f09e8a6-17ac-43fa-b2a2-39406990d72e
2023-07-26 19:34:26,063 [main] DEBUG balancer.ContainerBalancerTask (ContainerBalancerTask.java:adaptOnReachingIterationLimits(782)) - Reached max datanodes to involve limit. 2 datanodes have already been selected for balancing and the limit is 2. Only already selected sources and targets can be involved in balancing now.
2023-07-26 19:34:26,066 [main] DEBUG balancer.ContainerBalancerTask (ContainerBalancerTask.java:matchSourceWithTarget(708)) - ContainerBalancer is finding suitable target for source datanode f0f7eb38-bc19-4b2e-9c72-7501ec5f66e6
2023-07-26 19:34:26,066 [main] INFO  balancer.ContainerBalancerTask (ContainerBalancerTask.java:matchSourceWithTarget(722)) - ContainerBalancer matched source datanode f0f7eb38-bc19-4b2e-9c72-7501ec5f66e6 with target datanode 6f09e8a6-17ac-43fa-b2a2-39406990d72e for container move.
2023-07-26 19:34:26,066 [main] INFO  balancer.ContainerBalancerTask (ContainerBalancerTask.java:processMoveSelection(569)) - ContainerBalancer is trying to move container #68 with size 5368709120B from source datanode f0f7eb38-bc19-4b2e-9c72-7501ec5f66e6 to target datanode 6f09e8a6-17ac-43fa-b2a2-39406990d72e
2023-07-26 19:34:26,066 [main] DEBUG balancer.ContainerBalancerTask (ContainerBalancerTask.java:lambda$moveContainer$3(837)) - Container move completed for container #68 from source f0f7eb38-bc19-4b2e-9c72-7501ec5f66e6 to target 6f09e8a6-17ac-43fa-b2a2-39406990d72e
2023-07-26 19:34:26,069 [main] DEBUG balancer.ContainerBalancerTask (ContainerBalancerTask.java:matchSourceWithTarget(708)) - ContainerBalancer is finding suitable target for source datanode f0f7eb38-bc19-4b2e-9c72-7501ec5f66e6
2023-07-26 19:34:26,070 [main] INFO  balancer.ContainerBalancerTask (ContainerBalancerTask.java:matchSourceWithTarget(722)) - ContainerBalancer matched source datanode f0f7eb38-bc19-4b2e-9c72-7501ec5f66e6 with target datanode 6f09e8a6-17ac-43fa-b2a2-39406990d72e for container move.
2023-07-26 19:34:26,070 [main] INFO  balancer.ContainerBalancerTask (ContainerBalancerTask.java:processMoveSelection(569)) - ContainerBalancer is trying to move container #53 with size 5368709120B from source datanode f0f7eb38-bc19-4b2e-9c72-7501ec5f66e6 to target datanode 6f09e8a6-17ac-43fa-b2a2-39406990d72e
2023-07-26 19:34:26,070 [main] DEBUG balancer.ContainerBalancerTask (ContainerBalancerTask.java:lambda$moveContainer$3(837)) - Container move completed for container #53 from source f0f7eb38-bc19-4b2e-9c72-7501ec5f66e6 to target 6f09e8a6-17ac-43fa-b2a2-39406990d72e
2023-07-26 19:34:26,073 [main] DEBUG balancer.ContainerBalancerTask (ContainerBalancerTask.java:matchSourceWithTarget(708)) - ContainerBalancer is finding suitable target for source datanode f0f7eb38-bc19-4b2e-9c72-7501ec5f66e6
2023-07-26 19:34:26,074 [main] INFO  balancer.ContainerBalancerTask (ContainerBalancerTask.java:matchSourceWithTarget(722)) - ContainerBalancer matched source datanode f0f7eb38-bc19-4b2e-9c72-7501ec5f66e6 with target datanode 6f09e8a6-17ac-43fa-b2a2-39406990d72e for container move.
2023-07-26 19:34:26,074 [main] INFO  balancer.ContainerBalancerTask (ContainerBalancerTask.java:processMoveSelection(569)) - ContainerBalancer is trying to move container #87 with size 2147483648B from source datanode f0f7eb38-bc19-4b2e-9c72-7501ec5f66e6 to target datanode 6f09e8a6-17ac-43fa-b2a2-39406990d72e
2023-07-26 19:34:26,074 [main] DEBUG balancer.ContainerBalancerTask (ContainerBalancerTask.java:lambda$moveContainer$3(837)) - Container move completed for container #87 from source f0f7eb38-bc19-4b2e-9c72-7501ec5f66e6 to target 6f09e8a6-17ac-43fa-b2a2-39406990d72e
2023-07-26 19:34:26,077 [main] DEBUG balancer.ContainerBalancerTask (ContainerBalancerTask.java:matchSourceWithTarget(708)) - ContainerBalancer is finding suitable target for source datanode f0f7eb38-bc19-4b2e-9c72-7501ec5f66e6
2023-07-26 19:34:26,078 [main] INFO  balancer.FindTargetGreedyByUsageInfo (AbstractFindTargetGreedy.java:findTargetForContainerMove(133)) - Container Balancer could not find a target for source datanode f0f7eb38-bc19-4b2e-9c72-7501ec5f66e6
2023-07-26 19:34:26,078 [main] DEBUG balancer.ContainerBalancerTask (ContainerBalancerTask.java:matchSourceWithTarget(717)) - ContainerBalancer could not find a suitable target for source node f0f7eb38-bc19-4b2e-9c72-7501ec5f66e6.
2023-07-26 19:34:26,078 [main] INFO  balancer.FindSourceGreedy (FindSourceGreedy.java:getNextCandidateSourceDataNode(126)) - no more candidate source data node
2023-07-26 19:34:26,078 [main] INFO  balancer.ContainerBalancerTask (ContainerBalancerTask.java:checkIterationMoveResults(642)) - Iteration Summary. Number of Datanodes involved: 2. Size moved: 17 GB (18253611008 Bytes). Number of Container moves completed: 4.
2023-07-26 19:34:26,078 [main] INFO  balancer.ContainerBalancerTask (ContainerBalancerTask.java:balance(259)) - Result of this iteration of Container Balancer: ITERATION_COMPLETED
2023-07-26 19:34:26,080 [main] DEBUG balancer.ContainerBalancerTask (ContainerBalancerTask.java:initializeIteration(374)) - Average utilization of the cluster is 0.3498730090563728
2023-07-26 19:34:26,080 [main] DEBUG balancer.ContainerBalancerTask (ContainerBalancerTask.java:initializeIteration(386)) - Lower limit for utilization is 0.2498730090563728 and Upper limit for utilization is 0.44987300905637284
2023-07-26 19:34:26,080 [main] DEBUG balancer.ContainerBalancerTask (ContainerBalancerTask.java:initializeIteration(398)) - Utilization for node f0f7eb38-bc19-4b2e-9c72-7501ec5f66e6 with capacity 81127160035B, used 73014444032B, and remaining 8112716003B is 0.9000000000061632
2023-07-26 19:34:26,080 [main] DEBUG balancer.ContainerBalancerTask (ContainerBalancerTask.java:initializeIteration(398)) - Utilization for node 94562e15-eeea-4cec-a1f1-535d5cf7b060 with capacity 80530636800B, used 64424509440B, and remaining 16106127360B is 0.8
2023-07-26 19:34:26,080 [main] DEBUG balancer.ContainerBalancerTask (ContainerBalancerTask.java:initializeIteration(398)) - Utilization for node 9492612f-0b34-4770-85b0-3aeed2e7e49f with capacity 65958426331B, used 46170898432B, and remaining 19787527899B is 0.7000000000045483
2023-07-26 19:34:26,080 [main] DEBUG balancer.ContainerBalancerTask (ContainerBalancerTask.java:initializeIteration(398)) - Utilization for node bebc2698-45c9-41fe-9267-278d1da72a94 with capacity 80530636800B, used 48318382080B, and remaining 32212254720B is 0.6
2023-07-26 19:34:26,081 [main] DEBUG balancer.ContainerBalancerTask (ContainerBalancerTask.java:initializeIteration(398)) - Utilization for node 8fc7132f-6cc4-4a17-9845-b1650fa64bbe with capacity 81604378624B, used 40802189312B, and remaining 40802189312B is 0.5
2023-07-26 19:34:26,081 [main] DEBUG balancer.ContainerBalancerTask (ContainerBalancerTask.java:initializeIteration(398)) - Utilization for node 679314b2-dfbc-46d1-bf7a-b2818e2df830 with capacity 88583700480B, used 35433480192B, and remaining 53150220288B is 0.4
2023-07-26 19:34:26,081 [main] DEBUG balancer.ContainerBalancerTask (ContainerBalancerTask.java:initializeIteration(398)) - Utilization for node d912d959-cb97-4d7d-9974-43057162495c with capacity 100215903573B, used 30064771072B, and remaining 70151132501B is 0.30000000000099786
2023-07-26 19:34:26,081 [main] DEBUG balancer.ContainerBalancerTask (ContainerBalancerTask.java:initializeIteration(398)) - Utilization for node 965050bb-f6a2-4d19-a1bc-23bf2e2cdb43 with capacity 112742891520B, used 22548578304B, and remaining 90194313216B is 0.2
2023-07-26 19:34:26,081 [main] DEBUG balancer.ContainerBalancerTask (ContainerBalancerTask.java:initializeIteration(398)) - Utilization for node d34600ea-e7e0-4c47-9e0c-8e21a9f4b073 with capacity 418759311360B, used 41875931136B, and remaining 376883380224B is 0.1
2023-07-26 19:34:26,081 [main] DEBUG balancer.ContainerBalancerTask (ContainerBalancerTask.java:initializeIteration(398)) - Utilization for node 6f09e8a6-17ac-43fa-b2a2-39406990d72e with capacity 40802189312B, used 0B, and remaining 40802189312B is 0.0
2023-07-26 19:34:26,081 [main] INFO  balancer.ContainerBalancerTask (ContainerBalancerTask.java:initializeIteration(447)) - Container Balancer has identified 5 Over-Utilized and 3 Under-Utilized Datanodes that need to be balanced.
2023-07-26 19:34:26,081 [main] DEBUG balancer.ContainerBalancerTask (ContainerBalancerTask.java:lambda$initializeIteration$1(453)) - Datanode localhost-126.246.60.159 f0f7eb38-bc19-4b2e-9c72-7501ec5f66e6 is Over-Utilized.
2023-07-26 19:34:26,081 [main] DEBUG balancer.ContainerBalancerTask (ContainerBalancerTask.java:lambda$initializeIteration$1(453)) - Datanode localhost-125.119.51.120 94562e15-eeea-4cec-a1f1-535d5cf7b060 is Over-Utilized.
2023-07-26 19:34:26,081 [main] DEBUG balancer.ContainerBalancerTask (ContainerBalancerTask.java:lambda$initializeIteration$1(453)) - Datanode localhost-206.225.159.168 9492612f-0b34-4770-85b0-3aeed2e7e49f is Over-Utilized.
2023-07-26 19:34:26,081 [main] DEBUG balancer.ContainerBalancerTask (ContainerBalancerTask.java:lambda$initializeIteration$1(453)) - Datanode localhost-41.9.54.66 bebc2698-45c9-41fe-9267-278d1da72a94 is Over-Utilized.
2023-07-26 19:34:26,082 [main] DEBUG balancer.ContainerBalancerTask (ContainerBalancerTask.java:lambda$initializeIteration$1(453)) - Datanode localhost-180.194.189.120 8fc7132f-6cc4-4a17-9845-b1650fa64bbe is Over-Utilized.
2023-07-26 19:34:26,082 [main] DEBUG balancer.ContainerBalancerTask (ContainerBalancerTask.java:lambda$initializeIteration$2(459)) - Datanode localhost-223.142.51.82 6f09e8a6-17ac-43fa-b2a2-39406990d72e is Under-Utilized.
2023-07-26 19:34:26,082 [main] DEBUG balancer.ContainerBalancerTask (ContainerBalancerTask.java:lambda$initializeIteration$2(459)) - Datanode localhost-193.216.9.80 d34600ea-e7e0-4c47-9e0c-8e21a9f4b073 is Under-Utilized.
2023-07-26 19:34:26,082 [main] DEBUG balancer.ContainerBalancerTask (ContainerBalancerTask.java:lambda$initializeIteration$2(459)) - Datanode localhost-201.213.57.216 965050bb-f6a2-4d19-a1bc-23bf2e2cdb43 is Under-Utilized.
2023-07-26 19:34:26,085 [main] DEBUG balancer.ContainerBalancerTask (ContainerBalancerTask.java:matchSourceWithTarget(708)) - ContainerBalancer is finding suitable target for source datanode f0f7eb38-bc19-4b2e-9c72-7501ec5f66e6
2023-07-26 19:34:26,085 [main] INFO  balancer.ContainerBalancerTask (ContainerBalancerTask.java:matchSourceWithTarget(722)) - ContainerBalancer matched source datanode f0f7eb38-bc19-4b2e-9c72-7501ec5f66e6 with target datanode 6f09e8a6-17ac-43fa-b2a2-39406990d72e for container move.
2023-07-26 19:34:26,085 [main] INFO  balancer.ContainerBalancerTask (ContainerBalancerTask.java:processMoveSelection(569)) - ContainerBalancer is trying to move container #85 with size 5368709120B from source datanode f0f7eb38-bc19-4b2e-9c72-7501ec5f66e6 to target datanode 6f09e8a6-17ac-43fa-b2a2-39406990d72e
2023-07-26 19:34:26,085 [main] DEBUG balancer.ContainerBalancerTask (ContainerBalancerTask.java:lambda$moveContainer$3(837)) - Container move completed for container #85 from source f0f7eb38-bc19-4b2e-9c72-7501ec5f66e6 to target 6f09e8a6-17ac-43fa-b2a2-39406990d72e
2023-07-26 19:34:26,086 [main] DEBUG balancer.ContainerBalancerTask (ContainerBalancerTask.java:adaptOnReachingIterationLimits(782)) - Reached max datanodes to involve limit. 2 datanodes have already been selected for balancing and the limit is 2. Only already selected sources and targets can be involved in balancing now.
2023-07-26 19:34:26,089 [main] DEBUG balancer.ContainerBalancerTask (ContainerBalancerTask.java:matchSourceWithTarget(708)) - ContainerBalancer is finding suitable target for source datanode f0f7eb38-bc19-4b2e-9c72-7501ec5f66e6
2023-07-26 19:34:26,089 [main] INFO  balancer.ContainerBalancerTask (ContainerBalancerTask.java:matchSourceWithTarget(722)) - ContainerBalancer matched source datanode f0f7eb38-bc19-4b2e-9c72-7501ec5f66e6 with target datanode 6f09e8a6-17ac-43fa-b2a2-39406990d72e for container move.
2023-07-26 19:34:26,089 [main] INFO  balancer.ContainerBalancerTask (ContainerBalancerTask.java:processMoveSelection(569)) - ContainerBalancer is trying to move container #68 with size 5368709120B from source datanode f0f7eb38-bc19-4b2e-9c72-7501ec5f66e6 to target datanode 6f09e8a6-17ac-43fa-b2a2-39406990d72e
2023-07-26 19:34:26,089 [main] DEBUG balancer.ContainerBalancerTask (ContainerBalancerTask.java:lambda$moveContainer$3(837)) - Container move completed for container #68 from source f0f7eb38-bc19-4b2e-9c72-7501ec5f66e6 to target 6f09e8a6-17ac-43fa-b2a2-39406990d72e
2023-07-26 19:34:26,092 [main] DEBUG balancer.ContainerBalancerTask (ContainerBalancerTask.java:matchSourceWithTarget(708)) - ContainerBalancer is finding suitable target for source datanode f0f7eb38-bc19-4b2e-9c72-7501ec5f66e6
2023-07-26 19:34:26,092 [main] INFO  balancer.ContainerBalancerTask (ContainerBalancerTask.java:matchSourceWithTarget(722)) - ContainerBalancer matched source datanode f0f7eb38-bc19-4b2e-9c72-7501ec5f66e6 with target datanode 6f09e8a6-17ac-43fa-b2a2-39406990d72e for container move.
2023-07-26 19:34:26,093 [main] INFO  balancer.ContainerBalancerTask (ContainerBalancerTask.java:processMoveSelection(569)) - ContainerBalancer is trying to move container #53 with size 5368709120B from source datanode f0f7eb38-bc19-4b2e-9c72-7501ec5f66e6 to target datanode 6f09e8a6-17ac-43fa-b2a2-39406990d72e
2023-07-26 19:34:26,093 [main] DEBUG balancer.ContainerBalancerTask (ContainerBalancerTask.java:lambda$moveContainer$3(837)) - Container move completed for container #53 from source f0f7eb38-bc19-4b2e-9c72-7501ec5f66e6 to target 6f09e8a6-17ac-43fa-b2a2-39406990d72e
2023-07-26 19:34:26,096 [main] DEBUG balancer.ContainerBalancerTask (ContainerBalancerTask.java:matchSourceWithTarget(708)) - ContainerBalancer is finding suitable target for source datanode f0f7eb38-bc19-4b2e-9c72-7501ec5f66e6
2023-07-26 19:34:26,096 [main] INFO  balancer.ContainerBalancerTask (ContainerBalancerTask.java:matchSourceWithTarget(722)) - ContainerBalancer matched source datanode f0f7eb38-bc19-4b2e-9c72-7501ec5f66e6 with target datanode 6f09e8a6-17ac-43fa-b2a2-39406990d72e for container move.
2023-07-26 19:34:26,097 [main] INFO  balancer.ContainerBalancerTask (ContainerBalancerTask.java:processMoveSelection(569)) - ContainerBalancer is trying to move container #87 with size 2147483648B from source datanode f0f7eb38-bc19-4b2e-9c72-7501ec5f66e6 to target datanode 6f09e8a6-17ac-43fa-b2a2-39406990d72e
2023-07-26 19:34:26,097 [main] DEBUG balancer.ContainerBalancerTask (ContainerBalancerTask.java:lambda$moveContainer$3(837)) - Container move completed for container #87 from source f0f7eb38-bc19-4b2e-9c72-7501ec5f66e6 to target 6f09e8a6-17ac-43fa-b2a2-39406990d72e
2023-07-26 19:34:26,100 [main] DEBUG balancer.ContainerBalancerTask (ContainerBalancerTask.java:matchSourceWithTarget(708)) - ContainerBalancer is finding suitable target for source datanode f0f7eb38-bc19-4b2e-9c72-7501ec5f66e6
2023-07-26 19:34:26,101 [main] INFO  balancer.FindTargetGreedyByUsageInfo (AbstractFindTargetGreedy.java:findTargetForContainerMove(133)) - Container Balancer could not find a target for source datanode f0f7eb38-bc19-4b2e-9c72-7501ec5f66e6
2023-07-26 19:34:26,101 [main] DEBUG balancer.ContainerBalancerTask (ContainerBalancerTask.java:matchSourceWithTarget(717)) - ContainerBalancer could not find a suitable target for source node f0f7eb38-bc19-4b2e-9c72-7501ec5f66e6.
2023-07-26 19:34:26,101 [main] INFO  balancer.FindSourceGreedy (FindSourceGreedy.java:getNextCandidateSourceDataNode(126)) - no more candidate source data node
2023-07-26 19:34:26,101 [main] INFO  balancer.ContainerBalancerTask (ContainerBalancerTask.java:checkIterationMoveResults(642)) - Iteration Summary. Number of Datanodes involved: 2. Size moved: 17 GB (18253611008 Bytes). Number of Container moves completed: 4.
2023-07-26 19:34:26,101 [main] INFO  balancer.ContainerBalancerTask (ContainerBalancerTask.java:balance(259)) - Result of this iteration of Container Balancer: ITERATION_COMPLETED
2023-07-26 19:34:26,103 [main] DEBUG balancer.ContainerBalancerTask (ContainerBalancerTask.java:initializeIteration(374)) - Average utilization of the cluster is 0.3498730090563728
2023-07-26 19:34:26,103 [main] DEBUG balancer.ContainerBalancerTask (ContainerBalancerTask.java:initializeIteration(386)) - Lower limit for utilization is 0.2498730090563728 and Upper limit for utilization is 0.44987300905637284
2023-07-26 19:34:26,103 [main] DEBUG balancer.ContainerBalancerTask (ContainerBalancerTask.java:initializeIteration(398)) - Utilization for node f0f7eb38-bc19-4b2e-9c72-7501ec5f66e6 with capacity 81127160035B, used 73014444032B, and remaining 8112716003B is 0.9000000000061632
2023-07-26 19:34:26,103 [main] DEBUG balancer.ContainerBalancerTask (ContainerBalancerTask.java:initializeIteration(398)) - Utilization for node 94562e15-eeea-4cec-a1f1-535d5cf7b060 with capacity 80530636800B, used 64424509440B, and remaining 16106127360B is 0.8
2023-07-26 19:34:26,103 [main] DEBUG balancer.ContainerBalancerTask (ContainerBalancerTask.java:initializeIteration(398)) - Utilization for node 9492612f-0b34-4770-85b0-3aeed2e7e49f with capacity 65958426331B, used 46170898432B, and remaining 19787527899B is 0.7000000000045483
2023-07-26 19:34:26,103 [main] DEBUG balancer.ContainerBalancerTask (ContainerBalancerTask.java:initializeIteration(398)) - Utilization for node bebc2698-45c9-41fe-9267-278d1da72a94 with capacity 80530636800B, used 48318382080B, and remaining 32212254720B is 0.6
2023-07-26 19:34:26,103 [main] DEBUG balancer.ContainerBalancerTask (ContainerBalancerTask.java:initializeIteration(398)) - Utilization for node 8fc7132f-6cc4-4a17-9845-b1650fa64bbe with capacity 81604378624B, used 40802189312B, and remaining 40802189312B is 0.5
2023-07-26 19:34:26,103 [main] DEBUG balancer.ContainerBalancerTask (ContainerBalancerTask.java:initializeIteration(398)) - Utilization for node 679314b2-dfbc-46d1-bf7a-b2818e2df830 with capacity 88583700480B, used 35433480192B, and remaining 53150220288B is 0.4
2023-07-26 19:34:26,104 [main] DEBUG balancer.ContainerBalancerTask (ContainerBalancerTask.java:initializeIteration(398)) - Utilization for node d912d959-cb97-4d7d-9974-43057162495c with capacity 100215903573B, used 30064771072B, and remaining 70151132501B is 0.30000000000099786
2023-07-26 19:34:26,104 [main] DEBUG balancer.ContainerBalancerTask (ContainerBalancerTask.java:initializeIteration(398)) - Utilization for node 965050bb-f6a2-4d19-a1bc-23bf2e2cdb43 with capacity 112742891520B, used 22548578304B, and remaining 90194313216B is 0.2
2023-07-26 19:34:26,104 [main] DEBUG balancer.ContainerBalancerTask (ContainerBalancerTask.java:initializeIteration(398)) - Utilization for node d34600ea-e7e0-4c47-9e0c-8e21a9f4b073 with capacity 418759311360B, used 41875931136B, and remaining 376883380224B is 0.1
2023-07-26 19:34:26,104 [main] DEBUG balancer.ContainerBalancerTask (ContainerBalancerTask.java:initializeIteration(398)) - Utilization for node 6f09e8a6-17ac-43fa-b2a2-39406990d72e with capacity 40802189312B, used 0B, and remaining 40802189312B is 0.0
2023-07-26 19:34:26,104 [main] INFO  balancer.ContainerBalancerTask (ContainerBalancerTask.java:initializeIteration(447)) - Container Balancer has identified 5 Over-Utilized and 3 Under-Utilized Datanodes that need to be balanced.
2023-07-26 19:34:26,104 [main] DEBUG balancer.ContainerBalancerTask (ContainerBalancerTask.java:lambda$initializeIteration$1(453)) - Datanode localhost-126.246.60.159 f0f7eb38-bc19-4b2e-9c72-7501ec5f66e6 is Over-Utilized.
2023-07-26 19:34:26,104 [main] DEBUG balancer.ContainerBalancerTask (ContainerBalancerTask.java:lambda$initializeIteration$1(453)) - Datanode localhost-125.119.51.120 94562e15-eeea-4cec-a1f1-535d5cf7b060 is Over-Utilized.
2023-07-26 19:34:26,104 [main] DEBUG balancer.ContainerBalancerTask (ContainerBalancerTask.java:lambda$initializeIteration$1(453)) - Datanode localhost-206.225.159.168 9492612f-0b34-4770-85b0-3aeed2e7e49f is Over-Utilized.
2023-07-26 19:34:26,104 [main] DEBUG balancer.ContainerBalancerTask (ContainerBalancerTask.java:lambda$initializeIteration$1(453)) - Datanode localhost-41.9.54.66 bebc2698-45c9-41fe-9267-278d1da72a94 is Over-Utilized.
2023-07-26 19:34:26,104 [main] DEBUG balancer.ContainerBalancerTask (ContainerBalancerTask.java:lambda$initializeIteration$1(453)) - Datanode localhost-180.194.189.120 8fc7132f-6cc4-4a17-9845-b1650fa64bbe is Over-Utilized.
2023-07-26 19:34:26,104 [main] DEBUG balancer.ContainerBalancerTask (ContainerBalancerTask.java:lambda$initializeIteration$2(459)) - Datanode localhost-223.142.51.82 6f09e8a6-17ac-43fa-b2a2-39406990d72e is Under-Utilized.
2023-07-26 19:34:26,104 [main] DEBUG balancer.ContainerBalancerTask (ContainerBalancerTask.java:lambda$initializeIteration$2(459)) - Datanode localhost-193.216.9.80 d34600ea-e7e0-4c47-9e0c-8e21a9f4b073 is Under-Utilized.
2023-07-26 19:34:26,105 [main] DEBUG balancer.ContainerBalancerTask (ContainerBalancerTask.java:lambda$initializeIteration$2(459)) - Datanode localhost-201.213.57.216 965050bb-f6a2-4d19-a1bc-23bf2e2cdb43 is Under-Utilized.
2023-07-26 19:34:26,108 [main] DEBUG balancer.ContainerBalancerTask (ContainerBalancerTask.java:matchSourceWithTarget(708)) - ContainerBalancer is finding suitable target for source datanode f0f7eb38-bc19-4b2e-9c72-7501ec5f66e6
2023-07-26 19:34:26,108 [main] INFO  balancer.ContainerBalancerTask (ContainerBalancerTask.java:matchSourceWithTarget(722)) - ContainerBalancer matched source datanode f0f7eb38-bc19-4b2e-9c72-7501ec5f66e6 with target datanode 6f09e8a6-17ac-43fa-b2a2-39406990d72e for container move.
2023-07-26 19:34:26,108 [main] INFO  balancer.ContainerBalancerTask (ContainerBalancerTask.java:processMoveSelection(569)) - ContainerBalancer is trying to move container #85 with size 5368709120B from source datanode f0f7eb38-bc19-4b2e-9c72-7501ec5f66e6 to target datanode 6f09e8a6-17ac-43fa-b2a2-39406990d72e
2023-07-26 19:34:26,108 [main] DEBUG balancer.ContainerBalancerTask (ContainerBalancerTask.java:lambda$moveContainer$3(837)) - Container move completed for container #85 from source f0f7eb38-bc19-4b2e-9c72-7501ec5f66e6 to target 6f09e8a6-17ac-43fa-b2a2-39406990d72e
2023-07-26 19:34:26,108 [main] DEBUG balancer.ContainerBalancerTask (ContainerBalancerTask.java:adaptOnReachingIterationLimits(782)) - Reached max datanodes to involve limit. 2 datanodes have already been selected for balancing and the limit is 2. Only already selected sources and targets can be involved in balancing now.
2023-07-26 19:34:26,112 [main] DEBUG balancer.ContainerBalancerTask (ContainerBalancerTask.java:matchSourceWithTarget(708)) - ContainerBalancer is finding suitable target for source datanode f0f7eb38-bc19-4b2e-9c72-7501ec5f66e6
2023-07-26 19:34:26,112 [main] INFO  balancer.ContainerBalancerTask (ContainerBalancerTask.java:matchSourceWithTarget(722)) - ContainerBalancer matched source datanode f0f7eb38-bc19-4b2e-9c72-7501ec5f66e6 with target datanode 6f09e8a6-17ac-43fa-b2a2-39406990d72e for container move.
2023-07-26 19:34:26,112 [main] INFO  balancer.ContainerBalancerTask (ContainerBalancerTask.java:processMoveSelection(569)) - ContainerBalancer is trying to move container #68 with size 5368709120B from source datanode f0f7eb38-bc19-4b2e-9c72-7501ec5f66e6 to target datanode 6f09e8a6-17ac-43fa-b2a2-39406990d72e
2023-07-26 19:34:26,112 [main] DEBUG balancer.ContainerBalancerTask (ContainerBalancerTask.java:lambda$moveContainer$3(837)) - Container move completed for container #68 from source f0f7eb38-bc19-4b2e-9c72-7501ec5f66e6 to target 6f09e8a6-17ac-43fa-b2a2-39406990d72e
2023-07-26 19:34:26,115 [main] DEBUG balancer.ContainerBalancerTask (ContainerBalancerTask.java:matchSourceWithTarget(708)) - ContainerBalancer is finding suitable target for source datanode f0f7eb38-bc19-4b2e-9c72-7501ec5f66e6
2023-07-26 19:34:26,115 [main] INFO  balancer.ContainerBalancerTask (ContainerBalancerTask.java:matchSourceWithTarget(722)) - ContainerBalancer matched source datanode f0f7eb38-bc19-4b2e-9c72-7501ec5f66e6 with target datanode 6f09e8a6-17ac-43fa-b2a2-39406990d72e for container move.
2023-07-26 19:34:26,115 [main] INFO  balancer.ContainerBalancerTask (ContainerBalancerTask.java:processMoveSelection(569)) - ContainerBalancer is trying to move container #53 with size 5368709120B from source datanode f0f7eb38-bc19-4b2e-9c72-7501ec5f66e6 to target datanode 6f09e8a6-17ac-43fa-b2a2-39406990d72e
2023-07-26 19:34:26,116 [main] DEBUG balancer.ContainerBalancerTask (ContainerBalancerTask.java:lambda$moveContainer$3(837)) - Container move completed for container #53 from source f0f7eb38-bc19-4b2e-9c72-7501ec5f66e6 to target 6f09e8a6-17ac-43fa-b2a2-39406990d72e
2023-07-26 19:34:26,119 [main] DEBUG balancer.ContainerBalancerTask (ContainerBalancerTask.java:matchSourceWithTarget(708)) - ContainerBalancer is finding suitable target for source datanode f0f7eb38-bc19-4b2e-9c72-7501ec5f66e6
2023-07-26 19:34:26,119 [main] INFO  balancer.ContainerBalancerTask (ContainerBalancerTask.java:matchSourceWithTarget(722)) - ContainerBalancer matched source datanode f0f7eb38-bc19-4b2e-9c72-7501ec5f66e6 with target datanode 6f09e8a6-17ac-43fa-b2a2-39406990d72e for container move.
2023-07-26 19:34:26,119 [main] INFO  balancer.ContainerBalancerTask (ContainerBalancerTask.java:processMoveSelection(569)) - ContainerBalancer is trying to move container #87 with size 2147483648B from source datanode f0f7eb38-bc19-4b2e-9c72-7501ec5f66e6 to target datanode 6f09e8a6-17ac-43fa-b2a2-39406990d72e
2023-07-26 19:34:26,120 [main] DEBUG balancer.ContainerBalancerTask (ContainerBalancerTask.java:lambda$moveContainer$3(837)) - Container move completed for container #87 from source f0f7eb38-bc19-4b2e-9c72-7501ec5f66e6 to target 6f09e8a6-17ac-43fa-b2a2-39406990d72e
2023-07-26 19:34:26,123 [main] DEBUG balancer.ContainerBalancerTask (ContainerBalancerTask.java:matchSourceWithTarget(708)) - ContainerBalancer is finding suitable target for source datanode f0f7eb38-bc19-4b2e-9c72-7501ec5f66e6
2023-07-26 19:34:26,124 [main] INFO  balancer.FindTargetGreedyByUsageInfo (AbstractFindTargetGreedy.java:findTargetForContainerMove(133)) - Container Balancer could not find a target for source datanode f0f7eb38-bc19-4b2e-9c72-7501ec5f66e6
2023-07-26 19:34:26,124 [main] DEBUG balancer.ContainerBalancerTask (ContainerBalancerTask.java:matchSourceWithTarget(717)) - ContainerBalancer could not find a suitable target for source node f0f7eb38-bc19-4b2e-9c72-7501ec5f66e6.
2023-07-26 19:34:26,124 [main] INFO  balancer.FindSourceGreedy (FindSourceGreedy.java:getNextCandidateSourceDataNode(126)) - no more candidate source data node
2023-07-26 19:34:26,124 [main] INFO  balancer.ContainerBalancerTask (ContainerBalancerTask.java:checkIterationMoveResults(642)) - Iteration Summary. Number of Datanodes involved: 2. Size moved: 17 GB (18253611008 Bytes). Number of Container moves completed: 4.
2023-07-26 19:34:26,124 [main] INFO  balancer.ContainerBalancerTask (ContainerBalancerTask.java:balance(259)) - Result of this iteration of Container Balancer: ITERATION_COMPLETED
2023-07-26 19:34:26,126 [main] DEBUG balancer.ContainerBalancerTask (ContainerBalancerTask.java:initializeIteration(374)) - Average utilization of the cluster is 0.3498730090563728
2023-07-26 19:34:26,126 [main] DEBUG balancer.ContainerBalancerTask (ContainerBalancerTask.java:initializeIteration(386)) - Lower limit for utilization is 0.2498730090563728 and Upper limit for utilization is 0.44987300905637284
2023-07-26 19:34:26,126 [main] DEBUG balancer.ContainerBalancerTask (ContainerBalancerTask.java:initializeIteration(398)) - Utilization for node f0f7eb38-bc19-4b2e-9c72-7501ec5f66e6 with capacity 81127160035B, used 73014444032B, and remaining 8112716003B is 0.9000000000061632
2023-07-26 19:34:26,126 [main] DEBUG balancer.ContainerBalancerTask (ContainerBalancerTask.java:initializeIteration(398)) - Utilization for node 94562e15-eeea-4cec-a1f1-535d5cf7b060 with capacity 80530636800B, used 64424509440B, and remaining 16106127360B is 0.8
2023-07-26 19:34:26,126 [main] DEBUG balancer.ContainerBalancerTask (ContainerBalancerTask.java:initializeIteration(398)) - Utilization for node 9492612f-0b34-4770-85b0-3aeed2e7e49f with capacity 65958426331B, used 46170898432B, and remaining 19787527899B is 0.7000000000045483
2023-07-26 19:34:26,126 [main] DEBUG balancer.ContainerBalancerTask (ContainerBalancerTask.java:initializeIteration(398)) - Utilization for node bebc2698-45c9-41fe-9267-278d1da72a94 with capacity 80530636800B, used 48318382080B, and remaining 32212254720B is 0.6
2023-07-26 19:34:26,126 [main] DEBUG balancer.ContainerBalancerTask (ContainerBalancerTask.java:initializeIteration(398)) - Utilization for node 8fc7132f-6cc4-4a17-9845-b1650fa64bbe with capacity 81604378624B, used 40802189312B, and remaining 40802189312B is 0.5
2023-07-26 19:34:26,126 [main] DEBUG balancer.ContainerBalancerTask (ContainerBalancerTask.java:initializeIteration(398)) - Utilization for node 679314b2-dfbc-46d1-bf7a-b2818e2df830 with capacity 88583700480B, used 35433480192B, and remaining 53150220288B is 0.4
2023-07-26 19:34:26,126 [main] DEBUG balancer.ContainerBalancerTask (ContainerBalancerTask.java:initializeIteration(398)) - Utilization for node d912d959-cb97-4d7d-9974-43057162495c with capacity 100215903573B, used 30064771072B, and remaining 70151132501B is 0.30000000000099786
2023-07-26 19:34:26,126 [main] DEBUG balancer.ContainerBalancerTask (ContainerBalancerTask.java:initializeIteration(398)) - Utilization for node 965050bb-f6a2-4d19-a1bc-23bf2e2cdb43 with capacity 112742891520B, used 22548578304B, and remaining 90194313216B is 0.2
2023-07-26 19:34:26,127 [main] DEBUG balancer.ContainerBalancerTask (ContainerBalancerTask.java:initializeIteration(398)) - Utilization for node d34600ea-e7e0-4c47-9e0c-8e21a9f4b073 with capacity 418759311360B, used 41875931136B, and remaining 376883380224B is 0.1
2023-07-26 19:34:26,127 [main] DEBUG balancer.ContainerBalancerTask (ContainerBalancerTask.java:initializeIteration(398)) - Utilization for node 6f09e8a6-17ac-43fa-b2a2-39406990d72e with capacity 40802189312B, used 0B, and remaining 40802189312B is 0.0
2023-07-26 19:34:26,127 [main] INFO  balancer.ContainerBalancerTask (ContainerBalancerTask.java:initializeIteration(447)) - Container Balancer has identified 5 Over-Utilized and 3 Under-Utilized Datanodes that need to be balanced.
2023-07-26 19:34:26,127 [main] DEBUG balancer.ContainerBalancerTask (ContainerBalancerTask.java:lambda$initializeIteration$1(453)) - Datanode localhost-126.246.60.159 f0f7eb38-bc19-4b2e-9c72-7501ec5f66e6 is Over-Utilized.
2023-07-26 19:34:26,127 [main] DEBUG balancer.ContainerBalancerTask (ContainerBalancerTask.java:lambda$initializeIteration$1(453)) - Datanode localhost-125.119.51.120 94562e15-eeea-4cec-a1f1-535d5cf7b060 is Over-Utilized.
2023-07-26 19:34:26,127 [main] DEBUG balancer.ContainerBalancerTask (ContainerBalancerTask.java:lambda$initializeIteration$1(453)) - Datanode localhost-206.225.159.168 9492612f-0b34-4770-85b0-3aeed2e7e49f is Over-Utilized.
2023-07-26 19:34:26,127 [main] DEBUG balancer.ContainerBalancerTask (ContainerBalancerTask.java:lambda$initializeIteration$1(453)) - Datanode localhost-41.9.54.66 bebc2698-45c9-41fe-9267-278d1da72a94 is Over-Utilized.
2023-07-26 19:34:26,127 [main] DEBUG balancer.ContainerBalancerTask (ContainerBalancerTask.java:lambda$initializeIteration$1(453)) - Datanode localhost-180.194.189.120 8fc7132f-6cc4-4a17-9845-b1650fa64bbe is Over-Utilized.
2023-07-26 19:34:26,127 [main] DEBUG balancer.ContainerBalancerTask (ContainerBalancerTask.java:lambda$initializeIteration$2(459)) - Datanode localhost-223.142.51.82 6f09e8a6-17ac-43fa-b2a2-39406990d72e is Under-Utilized.
2023-07-26 19:34:26,127 [main] DEBUG balancer.ContainerBalancerTask (ContainerBalancerTask.java:lambda$initializeIteration$2(459)) - Datanode localhost-193.216.9.80 d34600ea-e7e0-4c47-9e0c-8e21a9f4b073 is Under-Utilized.
2023-07-26 19:34:26,127 [main] DEBUG balancer.ContainerBalancerTask (ContainerBalancerTask.java:lambda$initializeIteration$2(459)) - Datanode localhost-201.213.57.216 965050bb-f6a2-4d19-a1bc-23bf2e2cdb43 is Under-Utilized.
2023-07-26 19:34:26,131 [main] DEBUG balancer.ContainerBalancerTask (ContainerBalancerTask.java:matchSourceWithTarget(708)) - ContainerBalancer is finding suitable target for source datanode f0f7eb38-bc19-4b2e-9c72-7501ec5f66e6
2023-07-26 19:34:26,131 [main] INFO  balancer.ContainerBalancerTask (ContainerBalancerTask.java:matchSourceWithTarget(722)) - ContainerBalancer matched source datanode f0f7eb38-bc19-4b2e-9c72-7501ec5f66e6 with target datanode 6f09e8a6-17ac-43fa-b2a2-39406990d72e for container move.
2023-07-26 19:34:26,131 [main] INFO  balancer.ContainerBalancerTask (ContainerBalancerTask.java:processMoveSelection(569)) - ContainerBalancer is trying to move container #85 with size 5368709120B from source datanode f0f7eb38-bc19-4b2e-9c72-7501ec5f66e6 to target datanode 6f09e8a6-17ac-43fa-b2a2-39406990d72e
2023-07-26 19:34:26,131 [main] DEBUG balancer.ContainerBalancerTask (ContainerBalancerTask.java:lambda$moveContainer$3(837)) - Container move completed for container #85 from source f0f7eb38-bc19-4b2e-9c72-7501ec5f66e6 to target 6f09e8a6-17ac-43fa-b2a2-39406990d72e
2023-07-26 19:34:26,131 [main] DEBUG balancer.ContainerBalancerTask (ContainerBalancerTask.java:adaptOnReachingIterationLimits(782)) - Reached max datanodes to involve limit. 2 datanodes have already been selected for balancing and the limit is 2. Only already selected sources and targets can be involved in balancing now.
2023-07-26 19:34:26,135 [main] DEBUG balancer.ContainerBalancerTask (ContainerBalancerTask.java:matchSourceWithTarget(708)) - ContainerBalancer is finding suitable target for source datanode f0f7eb38-bc19-4b2e-9c72-7501ec5f66e6
2023-07-26 19:34:26,135 [main] INFO  balancer.ContainerBalancerTask (ContainerBalancerTask.java:matchSourceWithTarget(722)) - ContainerBalancer matched source datanode f0f7eb38-bc19-4b2e-9c72-7501ec5f66e6 with target datanode 6f09e8a6-17ac-43fa-b2a2-39406990d72e for container move.
2023-07-26 19:34:26,136 [main] INFO  balancer.ContainerBalancerTask (ContainerBalancerTask.java:processMoveSelection(569)) - ContainerBalancer is trying to move container #68 with size 5368709120B from source datanode f0f7eb38-bc19-4b2e-9c72-7501ec5f66e6 to target datanode 6f09e8a6-17ac-43fa-b2a2-39406990d72e
2023-07-26 19:34:26,136 [main] DEBUG balancer.ContainerBalancerTask (ContainerBalancerTask.java:lambda$moveContainer$3(837)) - Container move completed for container #68 from source f0f7eb38-bc19-4b2e-9c72-7501ec5f66e6 to target 6f09e8a6-17ac-43fa-b2a2-39406990d72e
2023-07-26 19:34:26,139 [main] DEBUG balancer.ContainerBalancerTask (ContainerBalancerTask.java:matchSourceWithTarget(708)) - ContainerBalancer is finding suitable target for source datanode f0f7eb38-bc19-4b2e-9c72-7501ec5f66e6
2023-07-26 19:34:26,139 [main] INFO  balancer.ContainerBalancerTask (ContainerBalancerTask.java:matchSourceWithTarget(722)) - ContainerBalancer matched source datanode f0f7eb38-bc19-4b2e-9c72-7501ec5f66e6 with target datanode 6f09e8a6-17ac-43fa-b2a2-39406990d72e for container move.
2023-07-26 19:34:26,139 [main] INFO  balancer.ContainerBalancerTask (ContainerBalancerTask.java:processMoveSelection(569)) - ContainerBalancer is trying to move container #53 with size 5368709120B from source datanode f0f7eb38-bc19-4b2e-9c72-7501ec5f66e6 to target datanode 6f09e8a6-17ac-43fa-b2a2-39406990d72e
2023-07-26 19:34:26,139 [main] DEBUG balancer.ContainerBalancerTask (ContainerBalancerTask.java:lambda$moveContainer$3(837)) - Container move completed for container #53 from source f0f7eb38-bc19-4b2e-9c72-7501ec5f66e6 to target 6f09e8a6-17ac-43fa-b2a2-39406990d72e
2023-07-26 19:34:26,143 [main] DEBUG balancer.ContainerBalancerTask (ContainerBalancerTask.java:matchSourceWithTarget(708)) - ContainerBalancer is finding suitable target for source datanode f0f7eb38-bc19-4b2e-9c72-7501ec5f66e6
2023-07-26 19:34:26,144 [main] INFO  balancer.ContainerBalancerTask (ContainerBalancerTask.java:matchSourceWithTarget(722)) - ContainerBalancer matched source datanode f0f7eb38-bc19-4b2e-9c72-7501ec5f66e6 with target datanode 6f09e8a6-17ac-43fa-b2a2-39406990d72e for container move.
2023-07-26 19:34:26,144 [main] INFO  balancer.ContainerBalancerTask (ContainerBalancerTask.java:processMoveSelection(569)) - ContainerBalancer is trying to move container #87 with size 2147483648B from source datanode f0f7eb38-bc19-4b2e-9c72-7501ec5f66e6 to target datanode 6f09e8a6-17ac-43fa-b2a2-39406990d72e
2023-07-26 19:34:26,144 [main] DEBUG balancer.ContainerBalancerTask (ContainerBalancerTask.java:lambda$moveContainer$3(837)) - Container move completed for container #87 from source f0f7eb38-bc19-4b2e-9c72-7501ec5f66e6 to target 6f09e8a6-17ac-43fa-b2a2-39406990d72e
2023-07-26 19:34:26,147 [main] DEBUG balancer.ContainerBalancerTask (ContainerBalancerTask.java:matchSourceWithTarget(708)) - ContainerBalancer is finding suitable target for source datanode f0f7eb38-bc19-4b2e-9c72-7501ec5f66e6
2023-07-26 19:34:26,148 [main] INFO  balancer.FindTargetGreedyByUsageInfo (AbstractFindTargetGreedy.java:findTargetForContainerMove(133)) - Container Balancer could not find a target for source datanode f0f7eb38-bc19-4b2e-9c72-7501ec5f66e6
2023-07-26 19:34:26,148 [main] DEBUG balancer.ContainerBalancerTask (ContainerBalancerTask.java:matchSourceWithTarget(717)) - ContainerBalancer could not find a suitable target for source node f0f7eb38-bc19-4b2e-9c72-7501ec5f66e6.
2023-07-26 19:34:26,148 [main] INFO  balancer.FindSourceGreedy (FindSourceGreedy.java:getNextCandidateSourceDataNode(126)) - no more candidate source data node
2023-07-26 19:34:26,148 [main] INFO  balancer.ContainerBalancerTask (ContainerBalancerTask.java:checkIterationMoveResults(642)) - Iteration Summary. Number of Datanodes involved: 2. Size moved: 17 GB (18253611008 Bytes). Number of Container moves completed: 4.
2023-07-26 19:34:26,148 [main] INFO  balancer.ContainerBalancerTask (ContainerBalancerTask.java:balance(259)) - Result of this iteration of Container Balancer: ITERATION_COMPLETED
2023-07-26 19:34:26,149 [main] INFO  balancer.ContainerBalancerTask (ContainerBalancerTask.java:tryStopWithSaveConfiguration(308)) - Save Configuration for stopping. Reason: Completed all iterations.
]]></system-out>
  </testcase>
  <testcase name="selectedContainerShouldNotAlreadyHaveBeenSelected" classname="org.apache.hadoop.hdds.scm.container.balancer.TestContainerBalancerTask" time="0.135">
    <system-out><![CDATA[2023-07-26 19:34:26,173 [main] INFO  net.NodeSchemaLoader (NodeSchemaLoader.java:loadSchemaFromFile(129)) - Loading schema from [file:/home/runner/work/ozone/ozone/hadoop-hdds/common/target/classes/network-topology-default.xml]
2023-07-26 19:34:26,173 [main] INFO  net.NodeSchemaLoader (NodeSchemaLoader.java:loadSchema(176)) - Loading network topology layer schema file
2023-07-26 19:34:26,174 [main] INFO  net.NetworkTopologyImpl (NetworkTopologyImpl.java:add(112)) - Added a new node: /default-rack/e833def3-de6a-4005-b0a7-0137f498bf27
2023-07-26 19:34:26,174 [main] INFO  net.NetworkTopologyImpl (NetworkTopologyImpl.java:add(112)) - Added a new node: /default-rack/42aca78f-5040-4fb4-bb12-61bf2735730e
2023-07-26 19:34:26,174 [main] INFO  net.NetworkTopologyImpl (NetworkTopologyImpl.java:add(112)) - Added a new node: /default-rack/dcdb3bcc-f064-4b26-8301-e93159ed068a
2023-07-26 19:34:26,174 [main] INFO  net.NetworkTopologyImpl (NetworkTopologyImpl.java:add(112)) - Added a new node: /default-rack/d14f7f98-9fe7-408f-a1ff-2249d41b04e6
2023-07-26 19:34:26,175 [main] INFO  net.NetworkTopologyImpl (NetworkTopologyImpl.java:add(112)) - Added a new node: /default-rack/b3e68e12-1d94-4d8b-b348-65e9530b0085
2023-07-26 19:34:26,175 [main] INFO  net.NetworkTopologyImpl (NetworkTopologyImpl.java:add(112)) - Added a new node: /default-rack/6cbb91d1-8a33-4961-a2b2-feaa46075ce2
2023-07-26 19:34:26,175 [main] INFO  net.NetworkTopologyImpl (NetworkTopologyImpl.java:add(112)) - Added a new node: /default-rack/805e9c71-d569-4e39-8972-cd7ed360c92a
2023-07-26 19:34:26,175 [main] INFO  net.NetworkTopologyImpl (NetworkTopologyImpl.java:add(112)) - Added a new node: /default-rack/07cd0d21-293c-4f9b-a561-67678427a913
2023-07-26 19:34:26,175 [main] INFO  net.NetworkTopologyImpl (NetworkTopologyImpl.java:add(112)) - Added a new node: /default-rack/20bada53-6b5a-4331-a8fb-f1395940887b
2023-07-26 19:34:26,175 [main] INFO  net.NetworkTopologyImpl (NetworkTopologyImpl.java:add(112)) - Added a new node: /default-rack/0079de67-cb1d-45cf-9890-00292f9c49d7
2023-07-26 19:34:26,175 [main] INFO  algorithms.ContainerPlacementPolicyFactory (ContainerPlacementPolicyFactory.java:getPolicyInternal(86)) - Create container placement policy of type org.apache.hadoop.hdds.scm.container.placement.algorithms.SCMContainerPlacementRackAware
2023-07-26 19:34:26,175 [main] INFO  algorithms.ContainerPlacementPolicyFactory (ContainerPlacementPolicyFactory.java:getPolicyInternal(86)) - Create container placement policy of type org.apache.hadoop.hdds.scm.container.placement.algorithms.SCMContainerPlacementRackScatter
2023-07-26 19:34:26,178 [main] DEBUG balancer.ContainerBalancerTask (ContainerBalancerTask.java:initializeIteration(374)) - Average utilization of the cluster is 0.35754470450002046
2023-07-26 19:34:26,178 [main] DEBUG balancer.ContainerBalancerTask (ContainerBalancerTask.java:initializeIteration(386)) - Lower limit for utilization is 0.2575447045000204 and Upper limit for utilization is 0.4575447045000205
2023-07-26 19:34:26,178 [main] DEBUG balancer.ContainerBalancerTask (ContainerBalancerTask.java:initializeIteration(398)) - Utilization for node e833def3-de6a-4005-b0a7-0137f498bf27 with capacity 57266230613B, used 51539607552B, and remaining 5726623061B is 0.9000000000052387
2023-07-26 19:34:26,178 [main] DEBUG balancer.ContainerBalancerTask (ContainerBalancerTask.java:initializeIteration(398)) - Utilization for node 42aca78f-5040-4fb4-bb12-61bf2735730e with capacity 60397977600B, used 48318382080B, and remaining 12079595520B is 0.8
2023-07-26 19:34:26,178 [main] DEBUG balancer.ContainerBalancerTask (ContainerBalancerTask.java:initializeIteration(398)) - Utilization for node 07cd0d21-293c-4f9b-a561-67678427a913 with capacity 72094093897B, used 50465865728B, and remaining 21628228169B is 0.7000000000013871
2023-07-26 19:34:26,178 [main] DEBUG balancer.ContainerBalancerTask (ContainerBalancerTask.java:initializeIteration(398)) - Utilization for node dcdb3bcc-f064-4b26-8301-e93159ed068a with capacity 78741067093B, used 47244640256B, and remaining 31496426837B is 0.60000000000254
2023-07-26 19:34:26,178 [main] DEBUG balancer.ContainerBalancerTask (ContainerBalancerTask.java:initializeIteration(398)) - Utilization for node 6cbb91d1-8a33-4961-a2b2-feaa46075ce2 with capacity 94489280512B, used 47244640256B, and remaining 47244640256B is 0.5
2023-07-26 19:34:26,178 [main] DEBUG balancer.ContainerBalancerTask (ContainerBalancerTask.java:initializeIteration(398)) - Utilization for node b3e68e12-1d94-4d8b-b348-65e9530b0085 with capacity 147639500800B, used 59055800320B, and remaining 88583700480B is 0.4
2023-07-26 19:34:26,178 [main] DEBUG balancer.ContainerBalancerTask (ContainerBalancerTask.java:initializeIteration(398)) - Utilization for node 20bada53-6b5a-4331-a8fb-f1395940887b with capacity 93057624746B, used 27917287424B, and remaining 65140337322B is 0.3000000000021492
2023-07-26 19:34:26,178 [main] DEBUG balancer.ContainerBalancerTask (ContainerBalancerTask.java:initializeIteration(398)) - Utilization for node 0079de67-cb1d-45cf-9890-00292f9c49d7 with capacity 198642237440B, used 39728447488B, and remaining 158913789952B is 0.2
2023-07-26 19:34:26,179 [main] DEBUG balancer.ContainerBalancerTask (ContainerBalancerTask.java:initializeIteration(398)) - Utilization for node 805e9c71-d569-4e39-8972-cd7ed360c92a with capacity 289910292480B, used 28991029248B, and remaining 260919263232B is 0.1
2023-07-26 19:34:26,179 [main] DEBUG balancer.ContainerBalancerTask (ContainerBalancerTask.java:initializeIteration(398)) - Utilization for node d14f7f98-9fe7-408f-a1ff-2249d41b04e6 with capacity 27917287424B, used 0B, and remaining 27917287424B is 0.0
2023-07-26 19:34:26,179 [main] INFO  balancer.ContainerBalancerTask (ContainerBalancerTask.java:initializeIteration(447)) - Container Balancer has identified 5 Over-Utilized and 3 Under-Utilized Datanodes that need to be balanced.
2023-07-26 19:34:26,179 [main] DEBUG balancer.ContainerBalancerTask (ContainerBalancerTask.java:lambda$initializeIteration$1(453)) - Datanode localhost-172.181.131.122 e833def3-de6a-4005-b0a7-0137f498bf27 is Over-Utilized.
2023-07-26 19:34:26,179 [main] DEBUG balancer.ContainerBalancerTask (ContainerBalancerTask.java:lambda$initializeIteration$1(453)) - Datanode localhost-129.113.5.20 42aca78f-5040-4fb4-bb12-61bf2735730e is Over-Utilized.
2023-07-26 19:34:26,179 [main] DEBUG balancer.ContainerBalancerTask (ContainerBalancerTask.java:lambda$initializeIteration$1(453)) - Datanode localhost-250.70.156.215 07cd0d21-293c-4f9b-a561-67678427a913 is Over-Utilized.
2023-07-26 19:34:26,179 [main] DEBUG balancer.ContainerBalancerTask (ContainerBalancerTask.java:lambda$initializeIteration$1(453)) - Datanode localhost-39.187.5.157 dcdb3bcc-f064-4b26-8301-e93159ed068a is Over-Utilized.
2023-07-26 19:34:26,179 [main] DEBUG balancer.ContainerBalancerTask (ContainerBalancerTask.java:lambda$initializeIteration$1(453)) - Datanode localhost-226.147.204.177 6cbb91d1-8a33-4961-a2b2-feaa46075ce2 is Over-Utilized.
2023-07-26 19:34:26,179 [main] DEBUG balancer.ContainerBalancerTask (ContainerBalancerTask.java:lambda$initializeIteration$2(459)) - Datanode localhost-28.42.7.248 d14f7f98-9fe7-408f-a1ff-2249d41b04e6 is Under-Utilized.
2023-07-26 19:34:26,179 [main] DEBUG balancer.ContainerBalancerTask (ContainerBalancerTask.java:lambda$initializeIteration$2(459)) - Datanode localhost-204.249.91.195 805e9c71-d569-4e39-8972-cd7ed360c92a is Under-Utilized.
2023-07-26 19:34:26,179 [main] DEBUG balancer.ContainerBalancerTask (ContainerBalancerTask.java:lambda$initializeIteration$2(459)) - Datanode localhost-179.55.140.9 0079de67-cb1d-45cf-9890-00292f9c49d7 is Under-Utilized.
2023-07-26 19:34:26,182 [main] DEBUG balancer.ContainerBalancerTask (ContainerBalancerTask.java:matchSourceWithTarget(708)) - ContainerBalancer is finding suitable target for source datanode e833def3-de6a-4005-b0a7-0137f498bf27
2023-07-26 19:34:26,182 [main] INFO  balancer.ContainerBalancerTask (ContainerBalancerTask.java:matchSourceWithTarget(722)) - ContainerBalancer matched source datanode e833def3-de6a-4005-b0a7-0137f498bf27 with target datanode d14f7f98-9fe7-408f-a1ff-2249d41b04e6 for container move.
2023-07-26 19:34:26,182 [main] INFO  balancer.ContainerBalancerTask (ContainerBalancerTask.java:processMoveSelection(569)) - ContainerBalancer is trying to move container #84 with size 4294967296B from source datanode e833def3-de6a-4005-b0a7-0137f498bf27 to target datanode d14f7f98-9fe7-408f-a1ff-2249d41b04e6
2023-07-26 19:34:26,182 [main] DEBUG balancer.ContainerBalancerTask (ContainerBalancerTask.java:lambda$moveContainer$3(837)) - Container move completed for container #84 from source e833def3-de6a-4005-b0a7-0137f498bf27 to target d14f7f98-9fe7-408f-a1ff-2249d41b04e6
2023-07-26 19:34:26,184 [main] DEBUG balancer.ContainerBalancerTask (ContainerBalancerTask.java:matchSourceWithTarget(708)) - ContainerBalancer is finding suitable target for source datanode e833def3-de6a-4005-b0a7-0137f498bf27
2023-07-26 19:34:26,184 [main] INFO  balancer.ContainerBalancerTask (ContainerBalancerTask.java:matchSourceWithTarget(722)) - ContainerBalancer matched source datanode e833def3-de6a-4005-b0a7-0137f498bf27 with target datanode 805e9c71-d569-4e39-8972-cd7ed360c92a for container move.
2023-07-26 19:34:26,184 [main] INFO  balancer.ContainerBalancerTask (ContainerBalancerTask.java:processMoveSelection(569)) - ContainerBalancer is trying to move container #88 with size 3221225472B from source datanode e833def3-de6a-4005-b0a7-0137f498bf27 to target datanode 805e9c71-d569-4e39-8972-cd7ed360c92a
2023-07-26 19:34:26,185 [main] DEBUG balancer.ContainerBalancerTask (ContainerBalancerTask.java:lambda$moveContainer$3(837)) - Container move completed for container #88 from source e833def3-de6a-4005-b0a7-0137f498bf27 to target 805e9c71-d569-4e39-8972-cd7ed360c92a
2023-07-26 19:34:26,187 [main] DEBUG balancer.ContainerBalancerTask (ContainerBalancerTask.java:matchSourceWithTarget(708)) - ContainerBalancer is finding suitable target for source datanode 42aca78f-5040-4fb4-bb12-61bf2735730e
2023-07-26 19:34:26,187 [main] INFO  balancer.ContainerBalancerTask (ContainerBalancerTask.java:matchSourceWithTarget(722)) - ContainerBalancer matched source datanode 42aca78f-5040-4fb4-bb12-61bf2735730e with target datanode 805e9c71-d569-4e39-8972-cd7ed360c92a for container move.
2023-07-26 19:34:26,187 [main] INFO  balancer.ContainerBalancerTask (ContainerBalancerTask.java:processMoveSelection(569)) - ContainerBalancer is trying to move container #66 with size 3221225472B from source datanode 42aca78f-5040-4fb4-bb12-61bf2735730e to target datanode 805e9c71-d569-4e39-8972-cd7ed360c92a
2023-07-26 19:34:26,187 [main] DEBUG balancer.ContainerBalancerTask (ContainerBalancerTask.java:lambda$moveContainer$3(837)) - Container move completed for container #66 from source 42aca78f-5040-4fb4-bb12-61bf2735730e to target 805e9c71-d569-4e39-8972-cd7ed360c92a
2023-07-26 19:34:26,189 [main] DEBUG balancer.ContainerBalancerTask (ContainerBalancerTask.java:matchSourceWithTarget(708)) - ContainerBalancer is finding suitable target for source datanode e833def3-de6a-4005-b0a7-0137f498bf27
2023-07-26 19:34:26,189 [main] INFO  balancer.ContainerBalancerTask (ContainerBalancerTask.java:matchSourceWithTarget(722)) - ContainerBalancer matched source datanode e833def3-de6a-4005-b0a7-0137f498bf27 with target datanode 805e9c71-d569-4e39-8972-cd7ed360c92a for container move.
2023-07-26 19:34:26,190 [main] INFO  balancer.ContainerBalancerTask (ContainerBalancerTask.java:processMoveSelection(569)) - ContainerBalancer is trying to move container #82 with size 2147483648B from source datanode e833def3-de6a-4005-b0a7-0137f498bf27 to target datanode 805e9c71-d569-4e39-8972-cd7ed360c92a
2023-07-26 19:34:26,190 [main] DEBUG balancer.ContainerBalancerTask (ContainerBalancerTask.java:lambda$moveContainer$3(837)) - Container move completed for container #82 from source e833def3-de6a-4005-b0a7-0137f498bf27 to target 805e9c71-d569-4e39-8972-cd7ed360c92a
2023-07-26 19:34:26,192 [main] DEBUG balancer.ContainerBalancerTask (ContainerBalancerTask.java:matchSourceWithTarget(708)) - ContainerBalancer is finding suitable target for source datanode 42aca78f-5040-4fb4-bb12-61bf2735730e
2023-07-26 19:34:26,192 [main] INFO  balancer.ContainerBalancerTask (ContainerBalancerTask.java:matchSourceWithTarget(722)) - ContainerBalancer matched source datanode 42aca78f-5040-4fb4-bb12-61bf2735730e with target datanode 805e9c71-d569-4e39-8972-cd7ed360c92a for container move.
2023-07-26 19:34:26,192 [main] INFO  balancer.ContainerBalancerTask (ContainerBalancerTask.java:processMoveSelection(569)) - ContainerBalancer is trying to move container #38 with size 3221225472B from source datanode 42aca78f-5040-4fb4-bb12-61bf2735730e to target datanode 805e9c71-d569-4e39-8972-cd7ed360c92a
2023-07-26 19:34:26,193 [main] DEBUG balancer.ContainerBalancerTask (ContainerBalancerTask.java:lambda$moveContainer$3(837)) - Container move completed for container #38 from source 42aca78f-5040-4fb4-bb12-61bf2735730e to target 805e9c71-d569-4e39-8972-cd7ed360c92a
2023-07-26 19:34:26,195 [main] DEBUG balancer.ContainerBalancerTask (ContainerBalancerTask.java:matchSourceWithTarget(708)) - ContainerBalancer is finding suitable target for source datanode e833def3-de6a-4005-b0a7-0137f498bf27
2023-07-26 19:34:26,195 [main] INFO  balancer.ContainerBalancerTask (ContainerBalancerTask.java:matchSourceWithTarget(722)) - ContainerBalancer matched source datanode e833def3-de6a-4005-b0a7-0137f498bf27 with target datanode 805e9c71-d569-4e39-8972-cd7ed360c92a for container move.
2023-07-26 19:34:26,195 [main] INFO  balancer.ContainerBalancerTask (ContainerBalancerTask.java:processMoveSelection(569)) - ContainerBalancer is trying to move container #54 with size 1073741824B from source datanode e833def3-de6a-4005-b0a7-0137f498bf27 to target datanode 805e9c71-d569-4e39-8972-cd7ed360c92a
2023-07-26 19:34:26,195 [main] DEBUG balancer.ContainerBalancerTask (ContainerBalancerTask.java:lambda$moveContainer$3(837)) - Container move completed for container #54 from source e833def3-de6a-4005-b0a7-0137f498bf27 to target 805e9c71-d569-4e39-8972-cd7ed360c92a
2023-07-26 19:34:26,198 [main] DEBUG balancer.ContainerBalancerTask (ContainerBalancerTask.java:matchSourceWithTarget(708)) - ContainerBalancer is finding suitable target for source datanode e833def3-de6a-4005-b0a7-0137f498bf27
2023-07-26 19:34:26,198 [main] INFO  balancer.ContainerBalancerTask (ContainerBalancerTask.java:matchSourceWithTarget(722)) - ContainerBalancer matched source datanode e833def3-de6a-4005-b0a7-0137f498bf27 with target datanode d14f7f98-9fe7-408f-a1ff-2249d41b04e6 for container move.
2023-07-26 19:34:26,198 [main] INFO  balancer.ContainerBalancerTask (ContainerBalancerTask.java:processMoveSelection(569)) - ContainerBalancer is trying to move container #86 with size 1073741824B from source datanode e833def3-de6a-4005-b0a7-0137f498bf27 to target datanode d14f7f98-9fe7-408f-a1ff-2249d41b04e6
2023-07-26 19:34:26,198 [main] DEBUG balancer.ContainerBalancerTask (ContainerBalancerTask.java:lambda$moveContainer$3(837)) - Container move completed for container #86 from source e833def3-de6a-4005-b0a7-0137f498bf27 to target d14f7f98-9fe7-408f-a1ff-2249d41b04e6
2023-07-26 19:34:26,201 [main] DEBUG balancer.ContainerBalancerTask (ContainerBalancerTask.java:matchSourceWithTarget(708)) - ContainerBalancer is finding suitable target for source datanode 07cd0d21-293c-4f9b-a561-67678427a913
2023-07-26 19:34:26,201 [main] INFO  balancer.ContainerBalancerTask (ContainerBalancerTask.java:matchSourceWithTarget(722)) - ContainerBalancer matched source datanode 07cd0d21-293c-4f9b-a561-67678427a913 with target datanode 805e9c71-d569-4e39-8972-cd7ed360c92a for container move.
2023-07-26 19:34:26,201 [main] INFO  balancer.ContainerBalancerTask (ContainerBalancerTask.java:processMoveSelection(569)) - ContainerBalancer is trying to move container #52 with size 4294967296B from source datanode 07cd0d21-293c-4f9b-a561-67678427a913 to target datanode 805e9c71-d569-4e39-8972-cd7ed360c92a
2023-07-26 19:34:26,201 [main] DEBUG balancer.ContainerBalancerTask (ContainerBalancerTask.java:lambda$moveContainer$3(837)) - Container move completed for container #52 from source 07cd0d21-293c-4f9b-a561-67678427a913 to target 805e9c71-d569-4e39-8972-cd7ed360c92a
2023-07-26 19:34:26,204 [main] DEBUG balancer.ContainerBalancerTask (ContainerBalancerTask.java:matchSourceWithTarget(701)) - ContainerBalancer could not find any candidate containers for datanode e833def3-de6a-4005-b0a7-0137f498bf27
2023-07-26 19:34:26,206 [main] DEBUG balancer.ContainerBalancerTask (ContainerBalancerTask.java:matchSourceWithTarget(708)) - ContainerBalancer is finding suitable target for source datanode 42aca78f-5040-4fb4-bb12-61bf2735730e
2023-07-26 19:34:26,206 [main] INFO  balancer.ContainerBalancerTask (ContainerBalancerTask.java:matchSourceWithTarget(722)) - ContainerBalancer matched source datanode 42aca78f-5040-4fb4-bb12-61bf2735730e with target datanode 805e9c71-d569-4e39-8972-cd7ed360c92a for container move.
2023-07-26 19:34:26,206 [main] INFO  balancer.ContainerBalancerTask (ContainerBalancerTask.java:processMoveSelection(569)) - ContainerBalancer is trying to move container #70 with size 2147483648B from source datanode 42aca78f-5040-4fb4-bb12-61bf2735730e to target datanode 805e9c71-d569-4e39-8972-cd7ed360c92a
2023-07-26 19:34:26,206 [main] DEBUG balancer.ContainerBalancerTask (ContainerBalancerTask.java:lambda$moveContainer$3(837)) - Container move completed for container #70 from source 42aca78f-5040-4fb4-bb12-61bf2735730e to target 805e9c71-d569-4e39-8972-cd7ed360c92a
2023-07-26 19:34:26,209 [main] DEBUG balancer.ContainerBalancerTask (ContainerBalancerTask.java:matchSourceWithTarget(708)) - ContainerBalancer is finding suitable target for source datanode 42aca78f-5040-4fb4-bb12-61bf2735730e
2023-07-26 19:34:26,209 [main] INFO  balancer.ContainerBalancerTask (ContainerBalancerTask.java:matchSourceWithTarget(722)) - ContainerBalancer matched source datanode 42aca78f-5040-4fb4-bb12-61bf2735730e with target datanode 805e9c71-d569-4e39-8972-cd7ed360c92a for container move.
2023-07-26 19:34:26,209 [main] INFO  balancer.ContainerBalancerTask (ContainerBalancerTask.java:processMoveSelection(569)) - ContainerBalancer is trying to move container #10 with size 2147483648B from source datanode 42aca78f-5040-4fb4-bb12-61bf2735730e to target datanode 805e9c71-d569-4e39-8972-cd7ed360c92a
2023-07-26 19:34:26,209 [main] DEBUG balancer.ContainerBalancerTask (ContainerBalancerTask.java:lambda$moveContainer$3(837)) - Container move completed for container #10 from source 42aca78f-5040-4fb4-bb12-61bf2735730e to target 805e9c71-d569-4e39-8972-cd7ed360c92a
2023-07-26 19:34:26,212 [main] DEBUG balancer.ContainerBalancerTask (ContainerBalancerTask.java:matchSourceWithTarget(708)) - ContainerBalancer is finding suitable target for source datanode 07cd0d21-293c-4f9b-a561-67678427a913
2023-07-26 19:34:26,213 [main] INFO  balancer.ContainerBalancerTask (ContainerBalancerTask.java:matchSourceWithTarget(722)) - ContainerBalancer matched source datanode 07cd0d21-293c-4f9b-a561-67678427a913 with target datanode 805e9c71-d569-4e39-8972-cd7ed360c92a for container move.
2023-07-26 19:34:26,213 [main] INFO  balancer.ContainerBalancerTask (ContainerBalancerTask.java:processMoveSelection(569)) - ContainerBalancer is trying to move container #28 with size 4294967296B from source datanode 07cd0d21-293c-4f9b-a561-67678427a913 to target datanode 805e9c71-d569-4e39-8972-cd7ed360c92a
2023-07-26 19:34:26,213 [main] DEBUG balancer.ContainerBalancerTask (ContainerBalancerTask.java:lambda$moveContainer$3(837)) - Container move completed for container #28 from source 07cd0d21-293c-4f9b-a561-67678427a913 to target 805e9c71-d569-4e39-8972-cd7ed360c92a
2023-07-26 19:34:26,215 [main] DEBUG balancer.ContainerBalancerTask (ContainerBalancerTask.java:matchSourceWithTarget(708)) - ContainerBalancer is finding suitable target for source datanode 42aca78f-5040-4fb4-bb12-61bf2735730e
2023-07-26 19:34:26,216 [main] INFO  balancer.ContainerBalancerTask (ContainerBalancerTask.java:matchSourceWithTarget(722)) - ContainerBalancer matched source datanode 42aca78f-5040-4fb4-bb12-61bf2735730e with target datanode 805e9c71-d569-4e39-8972-cd7ed360c92a for container move.
2023-07-26 19:34:26,216 [main] INFO  balancer.ContainerBalancerTask (ContainerBalancerTask.java:processMoveSelection(569)) - ContainerBalancer is trying to move container #64 with size 1073741824B from source datanode 42aca78f-5040-4fb4-bb12-61bf2735730e to target datanode 805e9c71-d569-4e39-8972-cd7ed360c92a
2023-07-26 19:34:26,216 [main] DEBUG balancer.ContainerBalancerTask (ContainerBalancerTask.java:lambda$moveContainer$3(837)) - Container move completed for container #64 from source 42aca78f-5040-4fb4-bb12-61bf2735730e to target 805e9c71-d569-4e39-8972-cd7ed360c92a
2023-07-26 19:34:26,219 [main] DEBUG balancer.ContainerBalancerTask (ContainerBalancerTask.java:matchSourceWithTarget(708)) - ContainerBalancer is finding suitable target for source datanode 42aca78f-5040-4fb4-bb12-61bf2735730e
2023-07-26 19:34:26,219 [main] INFO  balancer.ContainerBalancerTask (ContainerBalancerTask.java:matchSourceWithTarget(722)) - ContainerBalancer matched source datanode 42aca78f-5040-4fb4-bb12-61bf2735730e with target datanode d14f7f98-9fe7-408f-a1ff-2249d41b04e6 for container move.
2023-07-26 19:34:26,219 [main] INFO  balancer.ContainerBalancerTask (ContainerBalancerTask.java:processMoveSelection(569)) - ContainerBalancer is trying to move container #68 with size 5368709120B from source datanode 42aca78f-5040-4fb4-bb12-61bf2735730e to target datanode d14f7f98-9fe7-408f-a1ff-2249d41b04e6
2023-07-26 19:34:26,219 [main] DEBUG balancer.ContainerBalancerTask (ContainerBalancerTask.java:lambda$moveContainer$3(837)) - Container move completed for container #68 from source 42aca78f-5040-4fb4-bb12-61bf2735730e to target d14f7f98-9fe7-408f-a1ff-2249d41b04e6
2023-07-26 19:34:26,222 [main] DEBUG balancer.ContainerBalancerTask (ContainerBalancerTask.java:matchSourceWithTarget(708)) - ContainerBalancer is finding suitable target for source datanode dcdb3bcc-f064-4b26-8301-e93159ed068a
2023-07-26 19:34:26,222 [main] INFO  balancer.ContainerBalancerTask (ContainerBalancerTask.java:matchSourceWithTarget(722)) - ContainerBalancer matched source datanode dcdb3bcc-f064-4b26-8301-e93159ed068a with target datanode 805e9c71-d569-4e39-8972-cd7ed360c92a for container move.
2023-07-26 19:34:26,222 [main] INFO  balancer.ContainerBalancerTask (ContainerBalancerTask.java:processMoveSelection(569)) - ContainerBalancer is trying to move container #40 with size 5368709120B from source datanode dcdb3bcc-f064-4b26-8301-e93159ed068a to target datanode 805e9c71-d569-4e39-8972-cd7ed360c92a
2023-07-26 19:34:26,222 [main] DEBUG balancer.ContainerBalancerTask (ContainerBalancerTask.java:lambda$moveContainer$3(837)) - Container move completed for container #40 from source dcdb3bcc-f064-4b26-8301-e93159ed068a to target 805e9c71-d569-4e39-8972-cd7ed360c92a
2023-07-26 19:34:26,226 [main] DEBUG balancer.ContainerBalancerTask (ContainerBalancerTask.java:matchSourceWithTarget(708)) - ContainerBalancer is finding suitable target for source datanode 07cd0d21-293c-4f9b-a561-67678427a913
2023-07-26 19:34:26,226 [main] INFO  balancer.ContainerBalancerTask (ContainerBalancerTask.java:matchSourceWithTarget(722)) - ContainerBalancer matched source datanode 07cd0d21-293c-4f9b-a561-67678427a913 with target datanode 0079de67-cb1d-45cf-9890-00292f9c49d7 for container move.
2023-07-26 19:34:26,226 [main] INFO  balancer.ContainerBalancerTask (ContainerBalancerTask.java:processMoveSelection(569)) - ContainerBalancer is trying to move container #18 with size 3221225472B from source datanode 07cd0d21-293c-4f9b-a561-67678427a913 to target datanode 0079de67-cb1d-45cf-9890-00292f9c49d7
2023-07-26 19:34:26,226 [main] DEBUG balancer.ContainerBalancerTask (ContainerBalancerTask.java:lambda$moveContainer$3(837)) - Container move completed for container #18 from source 07cd0d21-293c-4f9b-a561-67678427a913 to target 0079de67-cb1d-45cf-9890-00292f9c49d7
2023-07-26 19:34:26,229 [main] DEBUG balancer.ContainerBalancerTask (ContainerBalancerTask.java:matchSourceWithTarget(708)) - ContainerBalancer is finding suitable target for source datanode 07cd0d21-293c-4f9b-a561-67678427a913
2023-07-26 19:34:26,230 [main] INFO  balancer.ContainerBalancerTask (ContainerBalancerTask.java:matchSourceWithTarget(722)) - ContainerBalancer matched source datanode 07cd0d21-293c-4f9b-a561-67678427a913 with target datanode 805e9c71-d569-4e39-8972-cd7ed360c92a for container move.
2023-07-26 19:34:26,230 [main] INFO  balancer.ContainerBalancerTask (ContainerBalancerTask.java:processMoveSelection(569)) - ContainerBalancer is trying to move container #50 with size 2147483648B from source datanode 07cd0d21-293c-4f9b-a561-67678427a913 to target datanode 805e9c71-d569-4e39-8972-cd7ed360c92a
2023-07-26 19:34:26,230 [main] DEBUG balancer.ContainerBalancerTask (ContainerBalancerTask.java:lambda$moveContainer$3(837)) - Container move completed for container #50 from source 07cd0d21-293c-4f9b-a561-67678427a913 to target 805e9c71-d569-4e39-8972-cd7ed360c92a
2023-07-26 19:34:26,233 [main] DEBUG balancer.ContainerBalancerTask (ContainerBalancerTask.java:matchSourceWithTarget(708)) - ContainerBalancer is finding suitable target for source datanode dcdb3bcc-f064-4b26-8301-e93159ed068a
2023-07-26 19:34:26,233 [main] INFO  balancer.ContainerBalancerTask (ContainerBalancerTask.java:matchSourceWithTarget(722)) - ContainerBalancer matched source datanode dcdb3bcc-f064-4b26-8301-e93159ed068a with target datanode 805e9c71-d569-4e39-8972-cd7ed360c92a for container move.
2023-07-26 19:34:26,233 [main] INFO  balancer.ContainerBalancerTask (ContainerBalancerTask.java:processMoveSelection(569)) - ContainerBalancer is trying to move container #36 with size 1073741824B from source datanode dcdb3bcc-f064-4b26-8301-e93159ed068a to target datanode 805e9c71-d569-4e39-8972-cd7ed360c92a
2023-07-26 19:34:26,233 [main] DEBUG balancer.ContainerBalancerTask (ContainerBalancerTask.java:lambda$moveContainer$3(837)) - Container move completed for container #36 from source dcdb3bcc-f064-4b26-8301-e93159ed068a to target 805e9c71-d569-4e39-8972-cd7ed360c92a
2023-07-26 19:34:26,236 [main] DEBUG balancer.ContainerBalancerTask (ContainerBalancerTask.java:matchSourceWithTarget(701)) - ContainerBalancer could not find any candidate containers for datanode dcdb3bcc-f064-4b26-8301-e93159ed068a
2023-07-26 19:34:26,239 [main] DEBUG balancer.ContainerBalancerTask (ContainerBalancerTask.java:matchSourceWithTarget(701)) - ContainerBalancer could not find any candidate containers for datanode 42aca78f-5040-4fb4-bb12-61bf2735730e
2023-07-26 19:34:26,243 [main] DEBUG balancer.ContainerBalancerTask (ContainerBalancerTask.java:matchSourceWithTarget(701)) - ContainerBalancer could not find any candidate containers for datanode 07cd0d21-293c-4f9b-a561-67678427a913
2023-07-26 19:34:26,244 [main] DEBUG balancer.ContainerBalancerTask (ContainerBalancerTask.java:matchSourceWithTarget(708)) - ContainerBalancer is finding suitable target for source datanode 6cbb91d1-8a33-4961-a2b2-feaa46075ce2
2023-07-26 19:34:26,244 [main] INFO  balancer.ContainerBalancerTask (ContainerBalancerTask.java:matchSourceWithTarget(722)) - ContainerBalancer matched source datanode 6cbb91d1-8a33-4961-a2b2-feaa46075ce2 with target datanode 0079de67-cb1d-45cf-9890-00292f9c49d7 for container move.
2023-07-26 19:34:26,244 [main] INFO  balancer.ContainerBalancerTask (ContainerBalancerTask.java:processMoveSelection(569)) - ContainerBalancer is trying to move container #26 with size 2147483648B from source datanode 6cbb91d1-8a33-4961-a2b2-feaa46075ce2 to target datanode 0079de67-cb1d-45cf-9890-00292f9c49d7
2023-07-26 19:34:26,244 [main] DEBUG balancer.ContainerBalancerTask (ContainerBalancerTask.java:lambda$moveContainer$3(837)) - Container move completed for container #26 from source 6cbb91d1-8a33-4961-a2b2-feaa46075ce2 to target 0079de67-cb1d-45cf-9890-00292f9c49d7
2023-07-26 19:34:26,246 [main] DEBUG balancer.ContainerBalancerTask (ContainerBalancerTask.java:matchSourceWithTarget(701)) - ContainerBalancer could not find any candidate containers for datanode 6cbb91d1-8a33-4961-a2b2-feaa46075ce2
2023-07-26 19:34:26,246 [main] INFO  balancer.FindSourceGreedy (FindSourceGreedy.java:getNextCandidateSourceDataNode(126)) - no more candidate source data node
2023-07-26 19:34:26,246 [main] INFO  balancer.ContainerBalancerTask (ContainerBalancerTask.java:checkIterationMoveResults(642)) - Iteration Summary. Number of Datanodes involved: 8. Size moved: 48 GB (51539607552 Bytes). Number of Container moves completed: 18.
2023-07-26 19:34:26,246 [main] INFO  balancer.ContainerBalancerTask (ContainerBalancerTask.java:balance(259)) - Result of this iteration of Container Balancer: ITERATION_COMPLETED
2023-07-26 19:34:26,246 [main] INFO  balancer.ContainerBalancerTask (ContainerBalancerTask.java:tryStopWithSaveConfiguration(308)) - Save Configuration for stopping. Reason: Completed all iterations.
2023-07-26 19:34:26,247 [main] DEBUG balancer.ContainerBalancerTask (ContainerBalancerTask.java:initializeIteration(374)) - Average utilization of the cluster is 0.35754470450002046
2023-07-26 19:34:26,247 [main] DEBUG balancer.ContainerBalancerTask (ContainerBalancerTask.java:initializeIteration(386)) - Lower limit for utilization is 0.2575447045000204 and Upper limit for utilization is 0.4575447045000205
2023-07-26 19:34:26,248 [main] DEBUG balancer.ContainerBalancerTask (ContainerBalancerTask.java:initializeIteration(398)) - Utilization for node e833def3-de6a-4005-b0a7-0137f498bf27 with capacity 57266230613B, used 51539607552B, and remaining 5726623061B is 0.9000000000052387
2023-07-26 19:34:26,248 [main] DEBUG balancer.ContainerBalancerTask (ContainerBalancerTask.java:initializeIteration(398)) - Utilization for node 42aca78f-5040-4fb4-bb12-61bf2735730e with capacity 60397977600B, used 48318382080B, and remaining 12079595520B is 0.8
2023-07-26 19:34:26,248 [main] DEBUG balancer.ContainerBalancerTask (ContainerBalancerTask.java:initializeIteration(398)) - Utilization for node 07cd0d21-293c-4f9b-a561-67678427a913 with capacity 72094093897B, used 50465865728B, and remaining 21628228169B is 0.7000000000013871
2023-07-26 19:34:26,248 [main] DEBUG balancer.ContainerBalancerTask (ContainerBalancerTask.java:initializeIteration(398)) - Utilization for node dcdb3bcc-f064-4b26-8301-e93159ed068a with capacity 78741067093B, used 47244640256B, and remaining 31496426837B is 0.60000000000254
2023-07-26 19:34:26,248 [main] DEBUG balancer.ContainerBalancerTask (ContainerBalancerTask.java:initializeIteration(398)) - Utilization for node 6cbb91d1-8a33-4961-a2b2-feaa46075ce2 with capacity 94489280512B, used 47244640256B, and remaining 47244640256B is 0.5
2023-07-26 19:34:26,248 [main] DEBUG balancer.ContainerBalancerTask (ContainerBalancerTask.java:initializeIteration(398)) - Utilization for node b3e68e12-1d94-4d8b-b348-65e9530b0085 with capacity 147639500800B, used 59055800320B, and remaining 88583700480B is 0.4
2023-07-26 19:34:26,248 [main] DEBUG balancer.ContainerBalancerTask (ContainerBalancerTask.java:initializeIteration(398)) - Utilization for node 20bada53-6b5a-4331-a8fb-f1395940887b with capacity 93057624746B, used 27917287424B, and remaining 65140337322B is 0.3000000000021492
2023-07-26 19:34:26,248 [main] DEBUG balancer.ContainerBalancerTask (ContainerBalancerTask.java:initializeIteration(398)) - Utilization for node 0079de67-cb1d-45cf-9890-00292f9c49d7 with capacity 198642237440B, used 39728447488B, and remaining 158913789952B is 0.2
2023-07-26 19:34:26,248 [main] DEBUG balancer.ContainerBalancerTask (ContainerBalancerTask.java:initializeIteration(398)) - Utilization for node 805e9c71-d569-4e39-8972-cd7ed360c92a with capacity 289910292480B, used 28991029248B, and remaining 260919263232B is 0.1
2023-07-26 19:34:26,248 [main] DEBUG balancer.ContainerBalancerTask (ContainerBalancerTask.java:initializeIteration(398)) - Utilization for node d14f7f98-9fe7-408f-a1ff-2249d41b04e6 with capacity 27917287424B, used 0B, and remaining 27917287424B is 0.0
2023-07-26 19:34:26,248 [main] INFO  balancer.ContainerBalancerTask (ContainerBalancerTask.java:initializeIteration(447)) - Container Balancer has identified 5 Over-Utilized and 3 Under-Utilized Datanodes that need to be balanced.
2023-07-26 19:34:26,249 [main] DEBUG balancer.ContainerBalancerTask (ContainerBalancerTask.java:lambda$initializeIteration$1(453)) - Datanode localhost-172.181.131.122 e833def3-de6a-4005-b0a7-0137f498bf27 is Over-Utilized.
2023-07-26 19:34:26,249 [main] DEBUG balancer.ContainerBalancerTask (ContainerBalancerTask.java:lambda$initializeIteration$1(453)) - Datanode localhost-129.113.5.20 42aca78f-5040-4fb4-bb12-61bf2735730e is Over-Utilized.
2023-07-26 19:34:26,249 [main] DEBUG balancer.ContainerBalancerTask (ContainerBalancerTask.java:lambda$initializeIteration$1(453)) - Datanode localhost-250.70.156.215 07cd0d21-293c-4f9b-a561-67678427a913 is Over-Utilized.
2023-07-26 19:34:26,249 [main] DEBUG balancer.ContainerBalancerTask (ContainerBalancerTask.java:lambda$initializeIteration$1(453)) - Datanode localhost-39.187.5.157 dcdb3bcc-f064-4b26-8301-e93159ed068a is Over-Utilized.
2023-07-26 19:34:26,249 [main] DEBUG balancer.ContainerBalancerTask (ContainerBalancerTask.java:lambda$initializeIteration$1(453)) - Datanode localhost-226.147.204.177 6cbb91d1-8a33-4961-a2b2-feaa46075ce2 is Over-Utilized.
2023-07-26 19:34:26,249 [main] DEBUG balancer.ContainerBalancerTask (ContainerBalancerTask.java:lambda$initializeIteration$2(459)) - Datanode localhost-28.42.7.248 d14f7f98-9fe7-408f-a1ff-2249d41b04e6 is Under-Utilized.
2023-07-26 19:34:26,249 [main] DEBUG balancer.ContainerBalancerTask (ContainerBalancerTask.java:lambda$initializeIteration$2(459)) - Datanode localhost-204.249.91.195 805e9c71-d569-4e39-8972-cd7ed360c92a is Under-Utilized.
2023-07-26 19:34:26,249 [main] DEBUG balancer.ContainerBalancerTask (ContainerBalancerTask.java:lambda$initializeIteration$2(459)) - Datanode localhost-179.55.140.9 0079de67-cb1d-45cf-9890-00292f9c49d7 is Under-Utilized.
2023-07-26 19:34:26,251 [main] DEBUG balancer.ContainerBalancerTask (ContainerBalancerTask.java:matchSourceWithTarget(708)) - ContainerBalancer is finding suitable target for source datanode e833def3-de6a-4005-b0a7-0137f498bf27
2023-07-26 19:34:26,252 [main] INFO  balancer.ContainerBalancerTask (ContainerBalancerTask.java:matchSourceWithTarget(722)) - ContainerBalancer matched source datanode e833def3-de6a-4005-b0a7-0137f498bf27 with target datanode d14f7f98-9fe7-408f-a1ff-2249d41b04e6 for container move.
2023-07-26 19:34:26,252 [main] INFO  balancer.ContainerBalancerTask (ContainerBalancerTask.java:processMoveSelection(569)) - ContainerBalancer is trying to move container #85 with size 5368709120B from source datanode e833def3-de6a-4005-b0a7-0137f498bf27 to target datanode d14f7f98-9fe7-408f-a1ff-2249d41b04e6
2023-07-26 19:34:26,252 [main] DEBUG balancer.ContainerBalancerTask (ContainerBalancerTask.java:lambda$moveContainer$3(837)) - Container move completed for container #85 from source e833def3-de6a-4005-b0a7-0137f498bf27 to target d14f7f98-9fe7-408f-a1ff-2249d41b04e6
2023-07-26 19:34:26,254 [main] DEBUG balancer.ContainerBalancerTask (ContainerBalancerTask.java:matchSourceWithTarget(708)) - ContainerBalancer is finding suitable target for source datanode e833def3-de6a-4005-b0a7-0137f498bf27
2023-07-26 19:34:26,254 [main] INFO  balancer.ContainerBalancerTask (ContainerBalancerTask.java:matchSourceWithTarget(722)) - ContainerBalancer matched source datanode e833def3-de6a-4005-b0a7-0137f498bf27 with target datanode 805e9c71-d569-4e39-8972-cd7ed360c92a for container move.
2023-07-26 19:34:26,254 [main] INFO  balancer.ContainerBalancerTask (ContainerBalancerTask.java:processMoveSelection(569)) - ContainerBalancer is trying to move container #53 with size 5368709120B from source datanode e833def3-de6a-4005-b0a7-0137f498bf27 to target datanode 805e9c71-d569-4e39-8972-cd7ed360c92a
2023-07-26 19:34:26,254 [main] DEBUG balancer.ContainerBalancerTask (ContainerBalancerTask.java:lambda$moveContainer$3(837)) - Container move completed for container #53 from source e833def3-de6a-4005-b0a7-0137f498bf27 to target 805e9c71-d569-4e39-8972-cd7ed360c92a
2023-07-26 19:34:26,257 [main] DEBUG balancer.ContainerBalancerTask (ContainerBalancerTask.java:matchSourceWithTarget(708)) - ContainerBalancer is finding suitable target for source datanode 42aca78f-5040-4fb4-bb12-61bf2735730e
2023-07-26 19:34:26,257 [main] INFO  balancer.ContainerBalancerTask (ContainerBalancerTask.java:matchSourceWithTarget(722)) - ContainerBalancer matched source datanode 42aca78f-5040-4fb4-bb12-61bf2735730e with target datanode 805e9c71-d569-4e39-8972-cd7ed360c92a for container move.
2023-07-26 19:34:26,257 [main] INFO  balancer.ContainerBalancerTask (ContainerBalancerTask.java:processMoveSelection(569)) - ContainerBalancer is trying to move container #89 with size 4294967296B from source datanode 42aca78f-5040-4fb4-bb12-61bf2735730e to target datanode 805e9c71-d569-4e39-8972-cd7ed360c92a
2023-07-26 19:34:26,257 [main] DEBUG balancer.ContainerBalancerTask (ContainerBalancerTask.java:lambda$moveContainer$3(837)) - Container move completed for container #89 from source 42aca78f-5040-4fb4-bb12-61bf2735730e to target 805e9c71-d569-4e39-8972-cd7ed360c92a
2023-07-26 19:34:26,259 [main] DEBUG balancer.ContainerBalancerTask (ContainerBalancerTask.java:matchSourceWithTarget(708)) - ContainerBalancer is finding suitable target for source datanode 42aca78f-5040-4fb4-bb12-61bf2735730e
2023-07-26 19:34:26,260 [main] INFO  balancer.ContainerBalancerTask (ContainerBalancerTask.java:matchSourceWithTarget(722)) - ContainerBalancer matched source datanode 42aca78f-5040-4fb4-bb12-61bf2735730e with target datanode 805e9c71-d569-4e39-8972-cd7ed360c92a for container move.
2023-07-26 19:34:26,260 [main] INFO  balancer.ContainerBalancerTask (ContainerBalancerTask.java:processMoveSelection(569)) - ContainerBalancer is trying to move container #84 with size 4294967296B from source datanode 42aca78f-5040-4fb4-bb12-61bf2735730e to target datanode 805e9c71-d569-4e39-8972-cd7ed360c92a
2023-07-26 19:34:26,260 [main] DEBUG balancer.ContainerBalancerTask (ContainerBalancerTask.java:lambda$moveContainer$3(837)) - Container move completed for container #84 from source 42aca78f-5040-4fb4-bb12-61bf2735730e to target 805e9c71-d569-4e39-8972-cd7ed360c92a
2023-07-26 19:34:26,262 [main] DEBUG balancer.ContainerBalancerTask (ContainerBalancerTask.java:matchSourceWithTarget(708)) - ContainerBalancer is finding suitable target for source datanode e833def3-de6a-4005-b0a7-0137f498bf27
2023-07-26 19:34:26,262 [main] INFO  balancer.ContainerBalancerTask (ContainerBalancerTask.java:matchSourceWithTarget(722)) - ContainerBalancer matched source datanode e833def3-de6a-4005-b0a7-0137f498bf27 with target datanode 805e9c71-d569-4e39-8972-cd7ed360c92a for container move.
2023-07-26 19:34:26,262 [main] INFO  balancer.ContainerBalancerTask (ContainerBalancerTask.java:processMoveSelection(569)) - ContainerBalancer is trying to move container #29 with size 5368709120B from source datanode e833def3-de6a-4005-b0a7-0137f498bf27 to target datanode 805e9c71-d569-4e39-8972-cd7ed360c92a
2023-07-26 19:34:26,262 [main] DEBUG balancer.ContainerBalancerTask (ContainerBalancerTask.java:lambda$moveContainer$3(837)) - Container move completed for container #29 from source e833def3-de6a-4005-b0a7-0137f498bf27 to target 805e9c71-d569-4e39-8972-cd7ed360c92a
2023-07-26 19:34:26,265 [main] DEBUG balancer.ContainerBalancerTask (ContainerBalancerTask.java:matchSourceWithTarget(708)) - ContainerBalancer is finding suitable target for source datanode 07cd0d21-293c-4f9b-a561-67678427a913
2023-07-26 19:34:26,265 [main] INFO  balancer.ContainerBalancerTask (ContainerBalancerTask.java:matchSourceWithTarget(722)) - ContainerBalancer matched source datanode 07cd0d21-293c-4f9b-a561-67678427a913 with target datanode 805e9c71-d569-4e39-8972-cd7ed360c92a for container move.
2023-07-26 19:34:26,265 [main] INFO  balancer.ContainerBalancerTask (ContainerBalancerTask.java:processMoveSelection(569)) - ContainerBalancer is trying to move container #52 with size 4294967296B from source datanode 07cd0d21-293c-4f9b-a561-67678427a913 to target datanode 805e9c71-d569-4e39-8972-cd7ed360c92a
2023-07-26 19:34:26,265 [main] DEBUG balancer.ContainerBalancerTask (ContainerBalancerTask.java:lambda$moveContainer$3(837)) - Container move completed for container #52 from source 07cd0d21-293c-4f9b-a561-67678427a913 to target 805e9c71-d569-4e39-8972-cd7ed360c92a
2023-07-26 19:34:26,268 [main] DEBUG balancer.ContainerBalancerTask (ContainerBalancerTask.java:matchSourceWithTarget(708)) - ContainerBalancer is finding suitable target for source datanode 42aca78f-5040-4fb4-bb12-61bf2735730e
2023-07-26 19:34:26,268 [main] INFO  balancer.ContainerBalancerTask (ContainerBalancerTask.java:matchSourceWithTarget(722)) - ContainerBalancer matched source datanode 42aca78f-5040-4fb4-bb12-61bf2735730e with target datanode 805e9c71-d569-4e39-8972-cd7ed360c92a for container move.
2023-07-26 19:34:26,268 [main] INFO  balancer.ContainerBalancerTask (ContainerBalancerTask.java:processMoveSelection(569)) - ContainerBalancer is trying to move container #66 with size 3221225472B from source datanode 42aca78f-5040-4fb4-bb12-61bf2735730e to target datanode 805e9c71-d569-4e39-8972-cd7ed360c92a
2023-07-26 19:34:26,268 [main] DEBUG balancer.ContainerBalancerTask (ContainerBalancerTask.java:lambda$moveContainer$3(837)) - Container move completed for container #66 from source 42aca78f-5040-4fb4-bb12-61bf2735730e to target 805e9c71-d569-4e39-8972-cd7ed360c92a
2023-07-26 19:34:26,271 [main] DEBUG balancer.ContainerBalancerTask (ContainerBalancerTask.java:matchSourceWithTarget(708)) - ContainerBalancer is finding suitable target for source datanode 07cd0d21-293c-4f9b-a561-67678427a913
2023-07-26 19:34:26,273 [main] INFO  balancer.ContainerBalancerTask (ContainerBalancerTask.java:matchSourceWithTarget(722)) - ContainerBalancer matched source datanode 07cd0d21-293c-4f9b-a561-67678427a913 with target datanode d14f7f98-9fe7-408f-a1ff-2249d41b04e6 for container move.
2023-07-26 19:34:26,273 [main] INFO  balancer.ContainerBalancerTask (ContainerBalancerTask.java:processMoveSelection(569)) - ContainerBalancer is trying to move container #28 with size 4294967296B from source datanode 07cd0d21-293c-4f9b-a561-67678427a913 to target datanode d14f7f98-9fe7-408f-a1ff-2249d41b04e6
2023-07-26 19:34:26,273 [main] DEBUG balancer.ContainerBalancerTask (ContainerBalancerTask.java:lambda$moveContainer$3(837)) - Container move completed for container #28 from source 07cd0d21-293c-4f9b-a561-67678427a913 to target d14f7f98-9fe7-408f-a1ff-2249d41b04e6
2023-07-26 19:34:26,276 [main] DEBUG balancer.ContainerBalancerTask (ContainerBalancerTask.java:matchSourceWithTarget(708)) - ContainerBalancer is finding suitable target for source datanode e833def3-de6a-4005-b0a7-0137f498bf27
2023-07-26 19:34:26,276 [main] INFO  balancer.ContainerBalancerTask (ContainerBalancerTask.java:matchSourceWithTarget(722)) - ContainerBalancer matched source datanode e833def3-de6a-4005-b0a7-0137f498bf27 with target datanode 805e9c71-d569-4e39-8972-cd7ed360c92a for container move.
2023-07-26 19:34:26,276 [main] INFO  balancer.ContainerBalancerTask (ContainerBalancerTask.java:processMoveSelection(569)) - ContainerBalancer is trying to move container #88 with size 3221225472B from source datanode e833def3-de6a-4005-b0a7-0137f498bf27 to target datanode 805e9c71-d569-4e39-8972-cd7ed360c92a
2023-07-26 19:34:26,276 [main] DEBUG balancer.ContainerBalancerTask (ContainerBalancerTask.java:lambda$moveContainer$3(837)) - Container move completed for container #88 from source e833def3-de6a-4005-b0a7-0137f498bf27 to target 805e9c71-d569-4e39-8972-cd7ed360c92a
2023-07-26 19:34:26,279 [main] DEBUG balancer.ContainerBalancerTask (ContainerBalancerTask.java:matchSourceWithTarget(708)) - ContainerBalancer is finding suitable target for source datanode 42aca78f-5040-4fb4-bb12-61bf2735730e
2023-07-26 19:34:26,279 [main] INFO  balancer.ContainerBalancerTask (ContainerBalancerTask.java:matchSourceWithTarget(722)) - ContainerBalancer matched source datanode 42aca78f-5040-4fb4-bb12-61bf2735730e with target datanode 0079de67-cb1d-45cf-9890-00292f9c49d7 for container move.
2023-07-26 19:34:26,279 [main] INFO  balancer.ContainerBalancerTask (ContainerBalancerTask.java:processMoveSelection(569)) - ContainerBalancer is trying to move container #68 with size 5368709120B from source datanode 42aca78f-5040-4fb4-bb12-61bf2735730e to target datanode 0079de67-cb1d-45cf-9890-00292f9c49d7
2023-07-26 19:34:26,280 [main] DEBUG balancer.ContainerBalancerTask (ContainerBalancerTask.java:lambda$moveContainer$3(837)) - Container move completed for container #68 from source 42aca78f-5040-4fb4-bb12-61bf2735730e to target 0079de67-cb1d-45cf-9890-00292f9c49d7
2023-07-26 19:34:26,282 [main] DEBUG balancer.ContainerBalancerTask (ContainerBalancerTask.java:matchSourceWithTarget(708)) - ContainerBalancer is finding suitable target for source datanode dcdb3bcc-f064-4b26-8301-e93159ed068a
2023-07-26 19:34:26,283 [main] INFO  balancer.ContainerBalancerTask (ContainerBalancerTask.java:matchSourceWithTarget(722)) - ContainerBalancer matched source datanode dcdb3bcc-f064-4b26-8301-e93159ed068a with target datanode 805e9c71-d569-4e39-8972-cd7ed360c92a for container move.
2023-07-26 19:34:26,283 [main] INFO  balancer.ContainerBalancerTask (ContainerBalancerTask.java:processMoveSelection(569)) - ContainerBalancer is trying to move container #40 with size 5368709120B from source datanode dcdb3bcc-f064-4b26-8301-e93159ed068a to target datanode 805e9c71-d569-4e39-8972-cd7ed360c92a
2023-07-26 19:34:26,283 [main] DEBUG balancer.ContainerBalancerTask (ContainerBalancerTask.java:lambda$moveContainer$3(837)) - Container move completed for container #40 from source dcdb3bcc-f064-4b26-8301-e93159ed068a to target 805e9c71-d569-4e39-8972-cd7ed360c92a
2023-07-26 19:34:26,286 [main] DEBUG balancer.ContainerBalancerTask (ContainerBalancerTask.java:matchSourceWithTarget(708)) - ContainerBalancer is finding suitable target for source datanode 07cd0d21-293c-4f9b-a561-67678427a913
2023-07-26 19:34:26,286 [main] INFO  balancer.ContainerBalancerTask (ContainerBalancerTask.java:matchSourceWithTarget(722)) - ContainerBalancer matched source datanode 07cd0d21-293c-4f9b-a561-67678427a913 with target datanode 805e9c71-d569-4e39-8972-cd7ed360c92a for container move.
2023-07-26 19:34:26,286 [main] INFO  balancer.ContainerBalancerTask (ContainerBalancerTask.java:processMoveSelection(569)) - ContainerBalancer is trying to move container #51 with size 3221225472B from source datanode 07cd0d21-293c-4f9b-a561-67678427a913 to target datanode 805e9c71-d569-4e39-8972-cd7ed360c92a
2023-07-26 19:34:26,286 [main] DEBUG balancer.ContainerBalancerTask (ContainerBalancerTask.java:lambda$moveContainer$3(837)) - Container move completed for container #51 from source 07cd0d21-293c-4f9b-a561-67678427a913 to target 805e9c71-d569-4e39-8972-cd7ed360c92a
2023-07-26 19:34:26,286 [main] WARN  balancer.ContainerBalancerTask (ContainerBalancerTask.java:reachedMaxSizeToMovePerIteration(733)) - Reached max size to move limit. 53687091200 bytes have already been scheduled for balancing and the limit is 53687091200 bytes.
2023-07-26 19:34:26,286 [main] INFO  balancer.ContainerBalancerTask (ContainerBalancerTask.java:checkIterationMoveResults(642)) - Iteration Summary. Number of Datanodes involved: 7. Size moved: 50 GB (53687091200 Bytes). Number of Container moves completed: 12.
2023-07-26 19:34:26,286 [main] INFO  balancer.ContainerBalancerTask (ContainerBalancerTask.java:balance(259)) - Result of this iteration of Container Balancer: ITERATION_COMPLETED
2023-07-26 19:34:26,287 [main] INFO  balancer.ContainerBalancerTask (ContainerBalancerTask.java:tryStopWithSaveConfiguration(308)) - Save Configuration for stopping. Reason: Completed all iterations.
]]></system-out>
  </testcase>
  <testcase name="containerBalancerShouldSelectOnlyClosedContainers" classname="org.apache.hadoop.hdds.scm.container.balancer.TestContainerBalancerTask" time="0.079">
    <system-out><![CDATA[2023-07-26 19:34:26,309 [main] INFO  net.NodeSchemaLoader (NodeSchemaLoader.java:loadSchemaFromFile(129)) - Loading schema from [file:/home/runner/work/ozone/ozone/hadoop-hdds/common/target/classes/network-topology-default.xml]
2023-07-26 19:34:26,310 [main] INFO  net.NodeSchemaLoader (NodeSchemaLoader.java:loadSchema(176)) - Loading network topology layer schema file
2023-07-26 19:34:26,311 [main] INFO  net.NetworkTopologyImpl (NetworkTopologyImpl.java:add(112)) - Added a new node: /default-rack/4fdebf2a-2678-4b54-b9e3-ac076441fb1e
2023-07-26 19:34:26,311 [main] INFO  net.NetworkTopologyImpl (NetworkTopologyImpl.java:add(112)) - Added a new node: /default-rack/9a83505c-fcb4-4830-aa5e-c1b2a4a742a3
2023-07-26 19:34:26,311 [main] INFO  net.NetworkTopologyImpl (NetworkTopologyImpl.java:add(112)) - Added a new node: /default-rack/f5069d40-fc90-463c-a4d7-0932062eaf08
2023-07-26 19:34:26,311 [main] INFO  net.NetworkTopologyImpl (NetworkTopologyImpl.java:add(112)) - Added a new node: /default-rack/26231fe7-30f5-4643-80fd-14e6d2420ea1
2023-07-26 19:34:26,311 [main] INFO  net.NetworkTopologyImpl (NetworkTopologyImpl.java:add(112)) - Added a new node: /default-rack/a92a22dc-f8b3-42bd-a88a-72b811973741
2023-07-26 19:34:26,311 [main] INFO  net.NetworkTopologyImpl (NetworkTopologyImpl.java:add(112)) - Added a new node: /default-rack/bec26a56-fdc5-4d1c-8017-9c166e35d934
2023-07-26 19:34:26,312 [main] INFO  net.NetworkTopologyImpl (NetworkTopologyImpl.java:add(112)) - Added a new node: /default-rack/46937549-40a4-4fd0-bcd2-83d1cb6fb9cf
2023-07-26 19:34:26,312 [main] INFO  net.NetworkTopologyImpl (NetworkTopologyImpl.java:add(112)) - Added a new node: /default-rack/51a5bca4-0906-481f-8731-f36565c91e1b
2023-07-26 19:34:26,312 [main] INFO  net.NetworkTopologyImpl (NetworkTopologyImpl.java:add(112)) - Added a new node: /default-rack/4eabc28e-d3d4-4c0f-b9bb-d8588e27c875
2023-07-26 19:34:26,312 [main] INFO  net.NetworkTopologyImpl (NetworkTopologyImpl.java:add(112)) - Added a new node: /default-rack/afe054d2-b0bd-42f2-8b40-0a9c9e8662d8
2023-07-26 19:34:26,312 [main] INFO  algorithms.ContainerPlacementPolicyFactory (ContainerPlacementPolicyFactory.java:getPolicyInternal(86)) - Create container placement policy of type org.apache.hadoop.hdds.scm.container.placement.algorithms.SCMContainerPlacementRackAware
2023-07-26 19:34:26,312 [main] INFO  algorithms.ContainerPlacementPolicyFactory (ContainerPlacementPolicyFactory.java:getPolicyInternal(86)) - Create container placement policy of type org.apache.hadoop.hdds.scm.container.placement.algorithms.SCMContainerPlacementRackScatter
2023-07-26 19:34:26,314 [main] DEBUG balancer.ContainerBalancerTask (ContainerBalancerTask.java:initializeIteration(374)) - Average utilization of the cluster is 0.36841133538588916
2023-07-26 19:34:26,314 [main] DEBUG balancer.ContainerBalancerTask (ContainerBalancerTask.java:initializeIteration(386)) - Lower limit for utilization is 0.2684113353858891 and Upper limit for utilization is 0.4684113353858892
2023-07-26 19:34:26,315 [main] DEBUG balancer.ContainerBalancerTask (ContainerBalancerTask.java:initializeIteration(398)) - Utilization for node 46937549-40a4-4fd0-bcd2-83d1cb6fb9cf with capacity 58459277084B, used 52613349376B, and remaining 5845927708B is 0.9000000000068423
2023-07-26 19:34:26,315 [main] DEBUG balancer.ContainerBalancerTask (ContainerBalancerTask.java:initializeIteration(398)) - Utilization for node a92a22dc-f8b3-42bd-a88a-72b811973741 with capacity 76504104960B, used 61203283968B, and remaining 15300820992B is 0.8
2023-07-26 19:34:26,315 [main] DEBUG balancer.ContainerBalancerTask (ContainerBalancerTask.java:initializeIteration(398)) - Utilization for node afe054d2-b0bd-42f2-8b40-0a9c9e8662d8 with capacity 72094093897B, used 50465865728B, and remaining 21628228169B is 0.7000000000013871
2023-07-26 19:34:26,315 [main] DEBUG balancer.ContainerBalancerTask (ContainerBalancerTask.java:initializeIteration(398)) - Utilization for node 9a83505c-fcb4-4830-aa5e-c1b2a4a742a3 with capacity 94847194453B, used 56908316672B, and remaining 37938877781B is 0.6000000000021086
2023-07-26 19:34:26,315 [main] DEBUG balancer.ContainerBalancerTask (ContainerBalancerTask.java:initializeIteration(398)) - Utilization for node 4eabc28e-d3d4-4c0f-b9bb-d8588e27c875 with capacity 85899345920B, used 42949672960B, and remaining 42949672960B is 0.5
2023-07-26 19:34:26,315 [main] DEBUG balancer.ContainerBalancerTask (ContainerBalancerTask.java:initializeIteration(398)) - Utilization for node 4fdebf2a-2678-4b54-b9e3-ac076441fb1e with capacity 96636764160B, used 38654705664B, and remaining 57982058496B is 0.4
2023-07-26 19:34:26,315 [main] DEBUG balancer.ContainerBalancerTask (ContainerBalancerTask.java:initializeIteration(398)) - Utilization for node 26231fe7-30f5-4643-80fd-14e6d2420ea1 with capacity 161061273600B, used 48318382080B, and remaining 112742891520B is 0.3
2023-07-26 19:34:26,315 [main] DEBUG balancer.ContainerBalancerTask (ContainerBalancerTask.java:initializeIteration(398)) - Utilization for node f5069d40-fc90-463c-a4d7-0932062eaf08 with capacity 198642237440B, used 39728447488B, and remaining 158913789952B is 0.2
2023-07-26 19:34:26,315 [main] DEBUG balancer.ContainerBalancerTask (ContainerBalancerTask.java:initializeIteration(398)) - Utilization for node 51a5bca4-0906-481f-8731-f36565c91e1b with capacity 257698037760B, used 25769803776B, and remaining 231928233984B is 0.1
2023-07-26 19:34:26,315 [main] DEBUG balancer.ContainerBalancerTask (ContainerBalancerTask.java:initializeIteration(398)) - Utilization for node bec26a56-fdc5-4d1c-8017-9c166e35d934 with capacity 28991029248B, used 0B, and remaining 28991029248B is 0.0
2023-07-26 19:34:26,315 [main] INFO  balancer.ContainerBalancerTask (ContainerBalancerTask.java:initializeIteration(447)) - Container Balancer has identified 5 Over-Utilized and 3 Under-Utilized Datanodes that need to be balanced.
2023-07-26 19:34:26,316 [main] DEBUG balancer.ContainerBalancerTask (ContainerBalancerTask.java:lambda$initializeIteration$1(453)) - Datanode localhost-173.48.209.220 46937549-40a4-4fd0-bcd2-83d1cb6fb9cf is Over-Utilized.
2023-07-26 19:34:26,316 [main] DEBUG balancer.ContainerBalancerTask (ContainerBalancerTask.java:lambda$initializeIteration$1(453)) - Datanode localhost-99.180.105.26 a92a22dc-f8b3-42bd-a88a-72b811973741 is Over-Utilized.
2023-07-26 19:34:26,316 [main] DEBUG balancer.ContainerBalancerTask (ContainerBalancerTask.java:lambda$initializeIteration$1(453)) - Datanode localhost-196.128.33.203 afe054d2-b0bd-42f2-8b40-0a9c9e8662d8 is Over-Utilized.
2023-07-26 19:34:26,316 [main] DEBUG balancer.ContainerBalancerTask (ContainerBalancerTask.java:lambda$initializeIteration$1(453)) - Datanode localhost-137.237.86.65 9a83505c-fcb4-4830-aa5e-c1b2a4a742a3 is Over-Utilized.
2023-07-26 19:34:26,316 [main] DEBUG balancer.ContainerBalancerTask (ContainerBalancerTask.java:lambda$initializeIteration$1(453)) - Datanode localhost-114.150.87.101 4eabc28e-d3d4-4c0f-b9bb-d8588e27c875 is Over-Utilized.
2023-07-26 19:34:26,316 [main] DEBUG balancer.ContainerBalancerTask (ContainerBalancerTask.java:lambda$initializeIteration$2(459)) - Datanode localhost-129.142.55.99 bec26a56-fdc5-4d1c-8017-9c166e35d934 is Under-Utilized.
2023-07-26 19:34:26,316 [main] DEBUG balancer.ContainerBalancerTask (ContainerBalancerTask.java:lambda$initializeIteration$2(459)) - Datanode localhost-179.128.217.56 51a5bca4-0906-481f-8731-f36565c91e1b is Under-Utilized.
2023-07-26 19:34:26,316 [main] DEBUG balancer.ContainerBalancerTask (ContainerBalancerTask.java:lambda$initializeIteration$2(459)) - Datanode localhost-177.197.44.159 f5069d40-fc90-463c-a4d7-0932062eaf08 is Under-Utilized.
2023-07-26 19:34:26,318 [main] DEBUG balancer.ContainerBalancerTask (ContainerBalancerTask.java:matchSourceWithTarget(701)) - ContainerBalancer could not find any candidate containers for datanode 46937549-40a4-4fd0-bcd2-83d1cb6fb9cf
2023-07-26 19:34:26,320 [main] DEBUG balancer.ContainerBalancerTask (ContainerBalancerTask.java:matchSourceWithTarget(701)) - ContainerBalancer could not find any candidate containers for datanode a92a22dc-f8b3-42bd-a88a-72b811973741
2023-07-26 19:34:26,322 [main] DEBUG balancer.ContainerBalancerTask (ContainerBalancerTask.java:matchSourceWithTarget(701)) - ContainerBalancer could not find any candidate containers for datanode afe054d2-b0bd-42f2-8b40-0a9c9e8662d8
2023-07-26 19:34:26,324 [main] DEBUG balancer.ContainerBalancerTask (ContainerBalancerTask.java:matchSourceWithTarget(701)) - ContainerBalancer could not find any candidate containers for datanode 9a83505c-fcb4-4830-aa5e-c1b2a4a742a3
2023-07-26 19:34:26,325 [main] DEBUG balancer.ContainerBalancerTask (ContainerBalancerTask.java:matchSourceWithTarget(701)) - ContainerBalancer could not find any candidate containers for datanode 4eabc28e-d3d4-4c0f-b9bb-d8588e27c875
2023-07-26 19:34:26,325 [main] INFO  balancer.FindSourceGreedy (FindSourceGreedy.java:getNextCandidateSourceDataNode(126)) - no more candidate source data node
2023-07-26 19:34:26,325 [main] INFO  balancer.ContainerBalancerTask (ContainerBalancerTask.java:balance(259)) - Result of this iteration of Container Balancer: CAN_NOT_BALANCE_ANY_MORE
2023-07-26 19:34:26,325 [main] INFO  balancer.ContainerBalancerTask (ContainerBalancerTask.java:tryStopWithSaveConfiguration(308)) - Save Configuration for stopping. Reason: CAN_NOT_BALANCE_ANY_MORE
2023-07-26 19:34:26,326 [main] DEBUG balancer.ContainerBalancerTask (ContainerBalancerTask.java:initializeIteration(374)) - Average utilization of the cluster is 0.36841133538588916
2023-07-26 19:34:26,326 [main] DEBUG balancer.ContainerBalancerTask (ContainerBalancerTask.java:initializeIteration(386)) - Lower limit for utilization is 0.2684113353858891 and Upper limit for utilization is 0.4684113353858892
2023-07-26 19:34:26,326 [main] DEBUG balancer.ContainerBalancerTask (ContainerBalancerTask.java:initializeIteration(398)) - Utilization for node 46937549-40a4-4fd0-bcd2-83d1cb6fb9cf with capacity 58459277084B, used 52613349376B, and remaining 5845927708B is 0.9000000000068423
2023-07-26 19:34:26,326 [main] DEBUG balancer.ContainerBalancerTask (ContainerBalancerTask.java:initializeIteration(398)) - Utilization for node a92a22dc-f8b3-42bd-a88a-72b811973741 with capacity 76504104960B, used 61203283968B, and remaining 15300820992B is 0.8
2023-07-26 19:34:26,326 [main] DEBUG balancer.ContainerBalancerTask (ContainerBalancerTask.java:initializeIteration(398)) - Utilization for node afe054d2-b0bd-42f2-8b40-0a9c9e8662d8 with capacity 72094093897B, used 50465865728B, and remaining 21628228169B is 0.7000000000013871
2023-07-26 19:34:26,326 [main] DEBUG balancer.ContainerBalancerTask (ContainerBalancerTask.java:initializeIteration(398)) - Utilization for node 9a83505c-fcb4-4830-aa5e-c1b2a4a742a3 with capacity 94847194453B, used 56908316672B, and remaining 37938877781B is 0.6000000000021086
2023-07-26 19:34:26,326 [main] DEBUG balancer.ContainerBalancerTask (ContainerBalancerTask.java:initializeIteration(398)) - Utilization for node 4eabc28e-d3d4-4c0f-b9bb-d8588e27c875 with capacity 85899345920B, used 42949672960B, and remaining 42949672960B is 0.5
2023-07-26 19:34:26,326 [main] DEBUG balancer.ContainerBalancerTask (ContainerBalancerTask.java:initializeIteration(398)) - Utilization for node 4fdebf2a-2678-4b54-b9e3-ac076441fb1e with capacity 96636764160B, used 38654705664B, and remaining 57982058496B is 0.4
2023-07-26 19:34:26,326 [main] DEBUG balancer.ContainerBalancerTask (ContainerBalancerTask.java:initializeIteration(398)) - Utilization for node 26231fe7-30f5-4643-80fd-14e6d2420ea1 with capacity 161061273600B, used 48318382080B, and remaining 112742891520B is 0.3
2023-07-26 19:34:26,326 [main] DEBUG balancer.ContainerBalancerTask (ContainerBalancerTask.java:initializeIteration(398)) - Utilization for node f5069d40-fc90-463c-a4d7-0932062eaf08 with capacity 198642237440B, used 39728447488B, and remaining 158913789952B is 0.2
2023-07-26 19:34:26,327 [main] DEBUG balancer.ContainerBalancerTask (ContainerBalancerTask.java:initializeIteration(398)) - Utilization for node 51a5bca4-0906-481f-8731-f36565c91e1b with capacity 257698037760B, used 25769803776B, and remaining 231928233984B is 0.1
2023-07-26 19:34:26,327 [main] DEBUG balancer.ContainerBalancerTask (ContainerBalancerTask.java:initializeIteration(398)) - Utilization for node bec26a56-fdc5-4d1c-8017-9c166e35d934 with capacity 28991029248B, used 0B, and remaining 28991029248B is 0.0
2023-07-26 19:34:26,327 [main] INFO  balancer.ContainerBalancerTask (ContainerBalancerTask.java:initializeIteration(447)) - Container Balancer has identified 5 Over-Utilized and 3 Under-Utilized Datanodes that need to be balanced.
2023-07-26 19:34:26,327 [main] DEBUG balancer.ContainerBalancerTask (ContainerBalancerTask.java:lambda$initializeIteration$1(453)) - Datanode localhost-173.48.209.220 46937549-40a4-4fd0-bcd2-83d1cb6fb9cf is Over-Utilized.
2023-07-26 19:34:26,327 [main] DEBUG balancer.ContainerBalancerTask (ContainerBalancerTask.java:lambda$initializeIteration$1(453)) - Datanode localhost-99.180.105.26 a92a22dc-f8b3-42bd-a88a-72b811973741 is Over-Utilized.
2023-07-26 19:34:26,327 [main] DEBUG balancer.ContainerBalancerTask (ContainerBalancerTask.java:lambda$initializeIteration$1(453)) - Datanode localhost-196.128.33.203 afe054d2-b0bd-42f2-8b40-0a9c9e8662d8 is Over-Utilized.
2023-07-26 19:34:26,327 [main] DEBUG balancer.ContainerBalancerTask (ContainerBalancerTask.java:lambda$initializeIteration$1(453)) - Datanode localhost-137.237.86.65 9a83505c-fcb4-4830-aa5e-c1b2a4a742a3 is Over-Utilized.
2023-07-26 19:34:26,327 [main] DEBUG balancer.ContainerBalancerTask (ContainerBalancerTask.java:lambda$initializeIteration$1(453)) - Datanode localhost-114.150.87.101 4eabc28e-d3d4-4c0f-b9bb-d8588e27c875 is Over-Utilized.
2023-07-26 19:34:26,327 [main] DEBUG balancer.ContainerBalancerTask (ContainerBalancerTask.java:lambda$initializeIteration$2(459)) - Datanode localhost-129.142.55.99 bec26a56-fdc5-4d1c-8017-9c166e35d934 is Under-Utilized.
2023-07-26 19:34:26,327 [main] DEBUG balancer.ContainerBalancerTask (ContainerBalancerTask.java:lambda$initializeIteration$2(459)) - Datanode localhost-179.128.217.56 51a5bca4-0906-481f-8731-f36565c91e1b is Under-Utilized.
2023-07-26 19:34:26,327 [main] DEBUG balancer.ContainerBalancerTask (ContainerBalancerTask.java:lambda$initializeIteration$2(459)) - Datanode localhost-177.197.44.159 f5069d40-fc90-463c-a4d7-0932062eaf08 is Under-Utilized.
2023-07-26 19:34:26,330 [main] DEBUG balancer.ContainerBalancerTask (ContainerBalancerTask.java:matchSourceWithTarget(708)) - ContainerBalancer is finding suitable target for source datanode 46937549-40a4-4fd0-bcd2-83d1cb6fb9cf
2023-07-26 19:34:26,330 [main] INFO  balancer.ContainerBalancerTask (ContainerBalancerTask.java:matchSourceWithTarget(722)) - ContainerBalancer matched source datanode 46937549-40a4-4fd0-bcd2-83d1cb6fb9cf with target datanode bec26a56-fdc5-4d1c-8017-9c166e35d934 for container move.
2023-07-26 19:34:26,330 [main] INFO  balancer.ContainerBalancerTask (ContainerBalancerTask.java:processMoveSelection(569)) - ContainerBalancer is trying to move container #85 with size 5368709120B from source datanode 46937549-40a4-4fd0-bcd2-83d1cb6fb9cf to target datanode bec26a56-fdc5-4d1c-8017-9c166e35d934
2023-07-26 19:34:26,330 [main] DEBUG balancer.ContainerBalancerTask (ContainerBalancerTask.java:lambda$moveContainer$3(837)) - Container move completed for container #85 from source 46937549-40a4-4fd0-bcd2-83d1cb6fb9cf to target bec26a56-fdc5-4d1c-8017-9c166e35d934
2023-07-26 19:34:26,332 [main] DEBUG balancer.ContainerBalancerTask (ContainerBalancerTask.java:matchSourceWithTarget(708)) - ContainerBalancer is finding suitable target for source datanode 46937549-40a4-4fd0-bcd2-83d1cb6fb9cf
2023-07-26 19:34:26,332 [main] INFO  balancer.ContainerBalancerTask (ContainerBalancerTask.java:matchSourceWithTarget(722)) - ContainerBalancer matched source datanode 46937549-40a4-4fd0-bcd2-83d1cb6fb9cf with target datanode 51a5bca4-0906-481f-8731-f36565c91e1b for container move.
2023-07-26 19:34:26,332 [main] INFO  balancer.ContainerBalancerTask (ContainerBalancerTask.java:processMoveSelection(569)) - ContainerBalancer is trying to move container #40 with size 5368709120B from source datanode 46937549-40a4-4fd0-bcd2-83d1cb6fb9cf to target datanode 51a5bca4-0906-481f-8731-f36565c91e1b
2023-07-26 19:34:26,333 [main] DEBUG balancer.ContainerBalancerTask (ContainerBalancerTask.java:lambda$moveContainer$3(837)) - Container move completed for container #40 from source 46937549-40a4-4fd0-bcd2-83d1cb6fb9cf to target 51a5bca4-0906-481f-8731-f36565c91e1b
2023-07-26 19:34:26,336 [main] DEBUG balancer.ContainerBalancerTask (ContainerBalancerTask.java:matchSourceWithTarget(708)) - ContainerBalancer is finding suitable target for source datanode a92a22dc-f8b3-42bd-a88a-72b811973741
2023-07-26 19:34:26,336 [main] INFO  balancer.ContainerBalancerTask (ContainerBalancerTask.java:matchSourceWithTarget(722)) - ContainerBalancer matched source datanode a92a22dc-f8b3-42bd-a88a-72b811973741 with target datanode 51a5bca4-0906-481f-8731-f36565c91e1b for container move.
2023-07-26 19:34:26,336 [main] INFO  balancer.ContainerBalancerTask (ContainerBalancerTask.java:processMoveSelection(569)) - ContainerBalancer is trying to move container #68 with size 5368709120B from source datanode a92a22dc-f8b3-42bd-a88a-72b811973741 to target datanode 51a5bca4-0906-481f-8731-f36565c91e1b
2023-07-26 19:34:26,336 [main] DEBUG balancer.ContainerBalancerTask (ContainerBalancerTask.java:lambda$moveContainer$3(837)) - Container move completed for container #68 from source a92a22dc-f8b3-42bd-a88a-72b811973741 to target 51a5bca4-0906-481f-8731-f36565c91e1b
2023-07-26 19:34:26,340 [main] DEBUG balancer.ContainerBalancerTask (ContainerBalancerTask.java:matchSourceWithTarget(708)) - ContainerBalancer is finding suitable target for source datanode a92a22dc-f8b3-42bd-a88a-72b811973741
2023-07-26 19:34:26,340 [main] INFO  balancer.ContainerBalancerTask (ContainerBalancerTask.java:matchSourceWithTarget(722)) - ContainerBalancer matched source datanode a92a22dc-f8b3-42bd-a88a-72b811973741 with target datanode 51a5bca4-0906-481f-8731-f36565c91e1b for container move.
2023-07-26 19:34:26,340 [main] INFO  balancer.ContainerBalancerTask (ContainerBalancerTask.java:processMoveSelection(569)) - ContainerBalancer is trying to move container #53 with size 5368709120B from source datanode a92a22dc-f8b3-42bd-a88a-72b811973741 to target datanode 51a5bca4-0906-481f-8731-f36565c91e1b
2023-07-26 19:34:26,340 [main] DEBUG balancer.ContainerBalancerTask (ContainerBalancerTask.java:lambda$moveContainer$3(837)) - Container move completed for container #53 from source a92a22dc-f8b3-42bd-a88a-72b811973741 to target 51a5bca4-0906-481f-8731-f36565c91e1b
2023-07-26 19:34:26,342 [main] DEBUG balancer.ContainerBalancerTask (ContainerBalancerTask.java:matchSourceWithTarget(708)) - ContainerBalancer is finding suitable target for source datanode 46937549-40a4-4fd0-bcd2-83d1cb6fb9cf
2023-07-26 19:34:26,343 [main] INFO  balancer.ContainerBalancerTask (ContainerBalancerTask.java:matchSourceWithTarget(722)) - ContainerBalancer matched source datanode 46937549-40a4-4fd0-bcd2-83d1cb6fb9cf with target datanode 51a5bca4-0906-481f-8731-f36565c91e1b for container move.
2023-07-26 19:34:26,343 [main] INFO  balancer.ContainerBalancerTask (ContainerBalancerTask.java:processMoveSelection(569)) - ContainerBalancer is trying to move container #89 with size 4294967296B from source datanode 46937549-40a4-4fd0-bcd2-83d1cb6fb9cf to target datanode 51a5bca4-0906-481f-8731-f36565c91e1b
2023-07-26 19:34:26,343 [main] DEBUG balancer.ContainerBalancerTask (ContainerBalancerTask.java:lambda$moveContainer$3(837)) - Container move completed for container #89 from source 46937549-40a4-4fd0-bcd2-83d1cb6fb9cf to target 51a5bca4-0906-481f-8731-f36565c91e1b
2023-07-26 19:34:26,346 [main] DEBUG balancer.ContainerBalancerTask (ContainerBalancerTask.java:matchSourceWithTarget(708)) - ContainerBalancer is finding suitable target for source datanode afe054d2-b0bd-42f2-8b40-0a9c9e8662d8
2023-07-26 19:34:26,346 [main] INFO  balancer.ContainerBalancerTask (ContainerBalancerTask.java:matchSourceWithTarget(722)) - ContainerBalancer matched source datanode afe054d2-b0bd-42f2-8b40-0a9c9e8662d8 with target datanode 51a5bca4-0906-481f-8731-f36565c91e1b for container move.
2023-07-26 19:34:26,346 [main] INFO  balancer.ContainerBalancerTask (ContainerBalancerTask.java:processMoveSelection(569)) - ContainerBalancer is trying to move container #67 with size 4294967296B from source datanode afe054d2-b0bd-42f2-8b40-0a9c9e8662d8 to target datanode 51a5bca4-0906-481f-8731-f36565c91e1b
2023-07-26 19:34:26,346 [main] DEBUG balancer.ContainerBalancerTask (ContainerBalancerTask.java:lambda$moveContainer$3(837)) - Container move completed for container #67 from source afe054d2-b0bd-42f2-8b40-0a9c9e8662d8 to target 51a5bca4-0906-481f-8731-f36565c91e1b
2023-07-26 19:34:26,349 [main] DEBUG balancer.ContainerBalancerTask (ContainerBalancerTask.java:matchSourceWithTarget(708)) - ContainerBalancer is finding suitable target for source datanode a92a22dc-f8b3-42bd-a88a-72b811973741
2023-07-26 19:34:26,350 [main] INFO  balancer.ContainerBalancerTask (ContainerBalancerTask.java:matchSourceWithTarget(722)) - ContainerBalancer matched source datanode a92a22dc-f8b3-42bd-a88a-72b811973741 with target datanode bec26a56-fdc5-4d1c-8017-9c166e35d934 for container move.
2023-07-26 19:34:26,350 [main] INFO  balancer.ContainerBalancerTask (ContainerBalancerTask.java:processMoveSelection(569)) - ContainerBalancer is trying to move container #83 with size 3221225472B from source datanode a92a22dc-f8b3-42bd-a88a-72b811973741 to target datanode bec26a56-fdc5-4d1c-8017-9c166e35d934
2023-07-26 19:34:26,350 [main] DEBUG balancer.ContainerBalancerTask (ContainerBalancerTask.java:lambda$moveContainer$3(837)) - Container move completed for container #83 from source a92a22dc-f8b3-42bd-a88a-72b811973741 to target bec26a56-fdc5-4d1c-8017-9c166e35d934
2023-07-26 19:34:26,352 [main] DEBUG balancer.ContainerBalancerTask (ContainerBalancerTask.java:matchSourceWithTarget(708)) - ContainerBalancer is finding suitable target for source datanode 46937549-40a4-4fd0-bcd2-83d1cb6fb9cf
2023-07-26 19:34:26,352 [main] INFO  balancer.ContainerBalancerTask (ContainerBalancerTask.java:matchSourceWithTarget(722)) - ContainerBalancer matched source datanode 46937549-40a4-4fd0-bcd2-83d1cb6fb9cf with target datanode 51a5bca4-0906-481f-8731-f36565c91e1b for container move.
2023-07-26 19:34:26,352 [main] INFO  balancer.ContainerBalancerTask (ContainerBalancerTask.java:processMoveSelection(569)) - ContainerBalancer is trying to move container #88 with size 3221225472B from source datanode 46937549-40a4-4fd0-bcd2-83d1cb6fb9cf to target datanode 51a5bca4-0906-481f-8731-f36565c91e1b
2023-07-26 19:34:26,353 [main] DEBUG balancer.ContainerBalancerTask (ContainerBalancerTask.java:lambda$moveContainer$3(837)) - Container move completed for container #88 from source 46937549-40a4-4fd0-bcd2-83d1cb6fb9cf to target 51a5bca4-0906-481f-8731-f36565c91e1b
2023-07-26 19:34:26,355 [main] DEBUG balancer.ContainerBalancerTask (ContainerBalancerTask.java:matchSourceWithTarget(708)) - ContainerBalancer is finding suitable target for source datanode afe054d2-b0bd-42f2-8b40-0a9c9e8662d8
2023-07-26 19:34:26,356 [main] INFO  balancer.ContainerBalancerTask (ContainerBalancerTask.java:matchSourceWithTarget(722)) - ContainerBalancer matched source datanode afe054d2-b0bd-42f2-8b40-0a9c9e8662d8 with target datanode f5069d40-fc90-463c-a4d7-0932062eaf08 for container move.
2023-07-26 19:34:26,356 [main] INFO  balancer.ContainerBalancerTask (ContainerBalancerTask.java:processMoveSelection(569)) - ContainerBalancer is trying to move container #52 with size 4294967296B from source datanode afe054d2-b0bd-42f2-8b40-0a9c9e8662d8 to target datanode f5069d40-fc90-463c-a4d7-0932062eaf08
2023-07-26 19:34:26,356 [main] DEBUG balancer.ContainerBalancerTask (ContainerBalancerTask.java:lambda$moveContainer$3(837)) - Container move completed for container #52 from source afe054d2-b0bd-42f2-8b40-0a9c9e8662d8 to target f5069d40-fc90-463c-a4d7-0932062eaf08
2023-07-26 19:34:26,359 [main] DEBUG balancer.ContainerBalancerTask (ContainerBalancerTask.java:matchSourceWithTarget(708)) - ContainerBalancer is finding suitable target for source datanode a92a22dc-f8b3-42bd-a88a-72b811973741
2023-07-26 19:34:26,360 [main] INFO  balancer.ContainerBalancerTask (ContainerBalancerTask.java:matchSourceWithTarget(722)) - ContainerBalancer matched source datanode a92a22dc-f8b3-42bd-a88a-72b811973741 with target datanode 51a5bca4-0906-481f-8731-f36565c91e1b for container move.
2023-07-26 19:34:26,360 [main] INFO  balancer.ContainerBalancerTask (ContainerBalancerTask.java:processMoveSelection(569)) - ContainerBalancer is trying to move container #71 with size 3221225472B from source datanode a92a22dc-f8b3-42bd-a88a-72b811973741 to target datanode 51a5bca4-0906-481f-8731-f36565c91e1b
2023-07-26 19:34:26,360 [main] DEBUG balancer.ContainerBalancerTask (ContainerBalancerTask.java:lambda$moveContainer$3(837)) - Container move completed for container #71 from source a92a22dc-f8b3-42bd-a88a-72b811973741 to target 51a5bca4-0906-481f-8731-f36565c91e1b
2023-07-26 19:34:26,363 [main] DEBUG balancer.ContainerBalancerTask (ContainerBalancerTask.java:matchSourceWithTarget(708)) - ContainerBalancer is finding suitable target for source datanode 9a83505c-fcb4-4830-aa5e-c1b2a4a742a3
2023-07-26 19:34:26,363 [main] INFO  balancer.ContainerBalancerTask (ContainerBalancerTask.java:matchSourceWithTarget(722)) - ContainerBalancer matched source datanode 9a83505c-fcb4-4830-aa5e-c1b2a4a742a3 with target datanode 51a5bca4-0906-481f-8731-f36565c91e1b for container move.
2023-07-26 19:34:26,363 [main] INFO  balancer.ContainerBalancerTask (ContainerBalancerTask.java:processMoveSelection(569)) - ContainerBalancer is trying to move container #29 with size 5368709120B from source datanode 9a83505c-fcb4-4830-aa5e-c1b2a4a742a3 to target datanode 51a5bca4-0906-481f-8731-f36565c91e1b
2023-07-26 19:34:26,363 [main] DEBUG balancer.ContainerBalancerTask (ContainerBalancerTask.java:lambda$moveContainer$3(837)) - Container move completed for container #29 from source 9a83505c-fcb4-4830-aa5e-c1b2a4a742a3 to target 51a5bca4-0906-481f-8731-f36565c91e1b
2023-07-26 19:34:26,366 [main] DEBUG balancer.ContainerBalancerTask (ContainerBalancerTask.java:matchSourceWithTarget(708)) - ContainerBalancer is finding suitable target for source datanode 46937549-40a4-4fd0-bcd2-83d1cb6fb9cf
2023-07-26 19:34:26,366 [main] INFO  balancer.ContainerBalancerTask (ContainerBalancerTask.java:matchSourceWithTarget(722)) - ContainerBalancer matched source datanode 46937549-40a4-4fd0-bcd2-83d1cb6fb9cf with target datanode f5069d40-fc90-463c-a4d7-0932062eaf08 for container move.
2023-07-26 19:34:26,366 [main] INFO  balancer.ContainerBalancerTask (ContainerBalancerTask.java:processMoveSelection(569)) - ContainerBalancer is trying to move container #84 with size 4294967296B from source datanode 46937549-40a4-4fd0-bcd2-83d1cb6fb9cf to target datanode f5069d40-fc90-463c-a4d7-0932062eaf08
2023-07-26 19:34:26,366 [main] DEBUG balancer.ContainerBalancerTask (ContainerBalancerTask.java:lambda$moveContainer$3(837)) - Container move completed for container #84 from source 46937549-40a4-4fd0-bcd2-83d1cb6fb9cf to target f5069d40-fc90-463c-a4d7-0932062eaf08
2023-07-26 19:34:26,366 [main] WARN  balancer.ContainerBalancerTask (ContainerBalancerTask.java:reachedMaxSizeToMovePerIteration(733)) - Reached max size to move limit. 53687091200 bytes have already been scheduled for balancing and the limit is 53687091200 bytes.
2023-07-26 19:34:26,366 [main] INFO  balancer.ContainerBalancerTask (ContainerBalancerTask.java:checkIterationMoveResults(642)) - Iteration Summary. Number of Datanodes involved: 7. Size moved: 50 GB (53687091200 Bytes). Number of Container moves completed: 12.
2023-07-26 19:34:26,367 [main] INFO  balancer.ContainerBalancerTask (ContainerBalancerTask.java:balance(259)) - Result of this iteration of Container Balancer: ITERATION_COMPLETED
2023-07-26 19:34:26,367 [main] INFO  balancer.ContainerBalancerTask (ContainerBalancerTask.java:tryStopWithSaveConfiguration(308)) - Save Configuration for stopping. Reason: Completed all iterations.
]]></system-out>
  </testcase>
</testsuite>