<?xml version="1.0" encoding="UTF-8"?>
<testsuite xmlns:xsi="http://www.w3.org/2001/XMLSchema-instance" xsi:noNamespaceSchemaLocation="https://maven.apache.org/surefire/maven-surefire-plugin/xsd/surefire-test-report-3.0.xsd" version="3.0" name="org.apache.hadoop.ozone.TestHddsSecureDatanodeInit" time="32.994" tests="11" errors="1" skipped="1" failures="0">
  <properties>
    <property name="awt.toolkit" value="sun.awt.X11.XToolkit"/>
    <property name="file.encoding.pkg" value="sun.io"/>
    <property name="java.specification.version" value="1.8"/>
    <property name="sun.cpu.isalist" value=""/>
    <property name="sun.jnu.encoding" value="UTF-8"/>
    <property name="java.class.path" value="/home/runner/work/ozone/ozone/hadoop-hdds/container-service/target/test-classes:/home/runner/work/ozone/ozone/hadoop-hdds/container-service/target/classes:/home/runner/work/ozone/ozone/hadoop-hdds/common/target/classes:/home/runner/work/ozone/ozone/hadoop-hdds/hadoop-dependency-client/target/classes:/home/runner/.m2/repository/org/apache/hadoop/hadoop-annotations/3.3.4/hadoop-annotations-3.3.4.jar:/usr/lib/jvm/temurin-8-jdk-amd64/jre/../lib/tools.jar:/home/runner/.m2/repository/org/apache/hadoop/hadoop-common/3.3.4/hadoop-common-3.3.4.jar:/home/runner/.m2/repository/org/apache/hadoop/thirdparty/hadoop-shaded-guava/1.1.1/hadoop-shaded-guava-1.1.1.jar:/home/runner/.m2/repository/org/apache/httpcomponents/httpclient/4.5.13/httpclient-4.5.13.jar:/home/runner/.m2/repository/org/apache/httpcomponents/httpcore/4.4.13/httpcore-4.4.13.jar:/home/runner/.m2/repository/jakarta/activation/jakarta.activation-api/1.2.2/jakarta.activation-api-1.2.2.jar:/home/runner/.m2/repository/com/google/re2j/re2j/1.1/re2j-1.1.jar:/home/runner/.m2/repository/org/apache/hadoop/hadoop-auth/3.3.4/hadoop-auth-3.3.4.jar:/home/runner/.m2/repository/org/apache/kerby/kerb-core/1.0.1/kerb-core-1.0.1.jar:/home/runner/.m2/repository/org/apache/kerby/kerby-pkix/1.0.1/kerby-pkix-1.0.1.jar:/home/runner/.m2/repository/org/apache/kerby/kerby-asn1/1.0.1/kerby-asn1-1.0.1.jar:/home/runner/.m2/repository/org/apache/kerby/kerby-util/1.0.1/kerby-util-1.0.1.jar:/home/runner/.m2/repository/org/codehaus/woodstox/stax2-api/4.2.1/stax2-api-4.2.1.jar:/home/runner/.m2/repository/com/fasterxml/woodstox/woodstox-core/5.4.0/woodstox-core-5.4.0.jar:/home/runner/.m2/repository/org/xerial/snappy/snappy-java/1.1.8.2/snappy-java-1.1.8.2.jar:/home/runner/.m2/repository/org/apache/hadoop/hadoop-hdfs/3.3.4/hadoop-hdfs-3.3.4.jar:/home/runner/.m2/repository/info/picocli/picocli/4.6.1/picocli-4.6.1.jar:/home/runner/.m2/repository/com/google/protobuf/protobuf-java/2.5.0/protobuf-java-2.5.0.jar:/home/runner/.m2/repository/com/google/guava/guava/31.1-jre/guava-31.1-jre.jar:/home/runner/.m2/repository/com/google/guava/failureaccess/1.0.1/failureaccess-1.0.1.jar:/home/runner/.m2/repository/com/google/guava/listenablefuture/9999.0-empty-to-avoid-conflict-with-guava/listenablefuture-9999.0-empty-to-avoid-conflict-with-guava.jar:/home/runner/.m2/repository/org/checkerframework/checker-qual/3.12.0/checker-qual-3.12.0.jar:/home/runner/.m2/repository/com/google/errorprone/error_prone_annotations/2.2.0/error_prone_annotations-2.2.0.jar:/home/runner/.m2/repository/com/google/j2objc/j2objc-annotations/1.3/j2objc-annotations-1.3.jar:/home/runner/.m2/repository/org/apache/commons/commons-lang3/3.7/commons-lang3-3.7.jar:/home/runner/.m2/repository/commons-io/commons-io/2.11.0/commons-io-2.11.0.jar:/home/runner/.m2/repository/com/fasterxml/jackson/core/jackson-annotations/2.13.4/jackson-annotations-2.13.4.jar:/home/runner/.m2/repository/com/fasterxml/jackson/datatype/jackson-datatype-jsr310/2.13.4/jackson-datatype-jsr310-2.13.4.jar:/home/runner/.m2/repository/com/fasterxml/jackson/core/jackson-core/2.13.4/jackson-core-2.13.4.jar:/home/runner/.m2/repository/com/fasterxml/jackson/core/jackson-databind/2.13.4.2/jackson-databind-2.13.4.2.jar:/home/runner/work/ozone/ozone/hadoop-hdds/annotations/target/classes:/home/runner/work/ozone/ozone/hadoop-hdds/config/target/classes:/home/runner/.m2/repository/javax/annotation/javax.annotation-api/1.2/javax.annotation-api-1.2.jar:/home/runner/.m2/repository/org/apache/ratis/ratis-server/2.4.2-8b8bdda-SNAPSHOT/ratis-server-2.4.2-8b8bdda-SNAPSHOT.jar:/home/runner/.m2/repository/org/apache/ratis/ratis-thirdparty-misc/1.0.3/ratis-thirdparty-misc-1.0.3.jar:/home/runner/.m2/repository/org/apache/ratis/ratis-proto/2.4.2-8b8bdda-SNAPSHOT/ratis-proto-2.4.2-8b8bdda-SNAPSHOT.jar:/home/runner/.m2/repository/org/apache/ratis/ratis-common/2.4.2-8b8bdda-SNAPSHOT/ratis-common-2.4.2-8b8bdda-SNAPSHOT.jar:/home/runner/.m2/repository/org/apache/ratis/ratis-client/2.4.2-8b8bdda-SNAPSHOT/ratis-client-2.4.2-8b8bdda-SNAPSHOT.jar:/home/runner/.m2/repository/org/apache/ratis/ratis-server-api/2.4.2-8b8bdda-SNAPSHOT/ratis-server-api-2.4.2-8b8bdda-SNAPSHOT.jar:/home/runner/.m2/repository/org/apache/ratis/ratis-metrics/2.4.2-8b8bdda-SNAPSHOT/ratis-metrics-2.4.2-8b8bdda-SNAPSHOT.jar:/home/runner/.m2/repository/org/apache/ratis/ratis-netty/2.4.2-8b8bdda-SNAPSHOT/ratis-netty-2.4.2-8b8bdda-SNAPSHOT.jar:/home/runner/.m2/repository/org/apache/ratis/ratis-grpc/2.4.2-8b8bdda-SNAPSHOT/ratis-grpc-2.4.2-8b8bdda-SNAPSHOT.jar:/home/runner/.m2/repository/org/apache/logging/log4j/log4j-api/2.17.1/log4j-api-2.17.1.jar:/home/runner/.m2/repository/org/apache/commons/commons-pool2/2.6.0/commons-pool2-2.6.0.jar:/home/runner/.m2/repository/org/bouncycastle/bcpkix-jdk15on/1.67/bcpkix-jdk15on-1.67.jar:/home/runner/.m2/repository/org/bouncycastle/bcprov-jdk15on/1.67/bcprov-jdk15on-1.67.jar:/home/runner/.m2/repository/commons-validator/commons-validator/1.6/commons-validator-1.6.jar:/home/runner/.m2/repository/commons-beanutils/commons-beanutils/1.9.4/commons-beanutils-1.9.4.jar:/home/runner/.m2/repository/commons-digester/commons-digester/1.8.1/commons-digester-1.8.1.jar:/home/runner/.m2/repository/commons-collections/commons-collections/3.2.2/commons-collections-3.2.2.jar:/home/runner/.m2/repository/io/jaegertracing/jaeger-client/1.6.0/jaeger-client-1.6.0.jar:/home/runner/.m2/repository/io/jaegertracing/jaeger-thrift/1.6.0/jaeger-thrift-1.6.0.jar:/home/runner/.m2/repository/org/apache/thrift/libthrift/0.14.1/libthrift-0.14.1.jar:/home/runner/.m2/repository/io/jaegertracing/jaeger-core/1.6.0/jaeger-core-1.6.0.jar:/home/runner/.m2/repository/com/google/code/gson/gson/2.9.0/gson-2.9.0.jar:/home/runner/.m2/repository/io/jaegertracing/jaeger-tracerresolver/1.6.0/jaeger-tracerresolver-1.6.0.jar:/home/runner/.m2/repository/io/opentracing/contrib/opentracing-tracerresolver/0.1.8/opentracing-tracerresolver-0.1.8.jar:/home/runner/.m2/repository/org/jetbrains/kotlin/kotlin-stdlib/1.6.21/kotlin-stdlib-1.6.21.jar:/home/runner/.m2/repository/org/jetbrains/kotlin/kotlin-stdlib-common/1.6.21/kotlin-stdlib-common-1.6.21.jar:/home/runner/.m2/repository/org/jetbrains/annotations/13.0/annotations-13.0.jar:/home/runner/.m2/repository/io/opentracing/opentracing-util/0.33.0/opentracing-util-0.33.0.jar:/home/runner/.m2/repository/io/opentracing/opentracing-api/0.33.0/opentracing-api-0.33.0.jar:/home/runner/.m2/repository/io/opentracing/opentracing-noop/0.33.0/opentracing-noop-0.33.0.jar:/home/runner/.m2/repository/org/reflections/reflections/0.9.11/reflections-0.9.11.jar:/home/runner/.m2/repository/org/javassist/javassist/3.21.0-GA/javassist-3.21.0-GA.jar:/home/runner/work/ozone/ozone/hadoop-hdds/interface-client/target/classes:/home/runner/.m2/repository/org/apache/hadoop/thirdparty/hadoop-shaded-protobuf_3_7/1.1.1/hadoop-shaded-protobuf_3_7-1.1.1.jar:/home/runner/work/ozone/ozone/hadoop-hdds/interface-admin/target/classes:/home/runner/work/ozone/ozone/hadoop-hdds/test-utils/target/classes:/home/runner/.m2/repository/commons-logging/commons-logging/1.2/commons-logging-1.2.jar:/home/runner/.m2/repository/org/junit/jupiter/junit-jupiter-api/5.8.2/junit-jupiter-api-5.8.2.jar:/home/runner/.m2/repository/org/opentest4j/opentest4j/1.2.0/opentest4j-1.2.0.jar:/home/runner/.m2/repository/org/junit/platform/junit-platform-commons/1.8.2/junit-platform-commons-1.8.2.jar:/home/runner/.m2/repository/ch/qos/reload4j/reload4j/1.2.22/reload4j-1.2.22.jar:/home/runner/.m2/repository/org/slf4j/slf4j-api/1.7.36/slf4j-api-1.7.36.jar:/home/runner/.m2/repository/org/apache/commons/commons-compress/1.21/commons-compress-1.21.jar:/home/runner/.m2/repository/com/github/luben/zstd-jni/1.5.2-5/zstd-jni-1.5.2-5.jar:/home/runner/work/ozone/ozone/hadoop-hdds/common/target/test-classes:/home/runner/work/ozone/ozone/hadoop-hdds/framework/target/classes:/home/runner/work/ozone/ozone/hadoop-hdds/interface-server/target/classes:/home/runner/work/ozone/ozone/hadoop-hdds/hadoop-dependency-server/target/classes:/home/runner/.m2/repository/commons-cli/commons-cli/1.2/commons-cli-1.2.jar:/home/runner/.m2/repository/org/apache/commons/commons-configuration2/2.1.1/commons-configuration2-2.1.1.jar:/home/runner/.m2/repository/org/apache/logging/log4j/log4j-core/2.17.1/log4j-core-2.17.1.jar:/home/runner/.m2/repository/com/lmax/disruptor/3.4.2/disruptor-3.4.2.jar:/home/runner/.m2/repository/org/eclipse/jetty/jetty-util/9.4.49.v20220914/jetty-util-9.4.49.v20220914.jar:/home/runner/.m2/repository/org/eclipse/jetty/jetty-server/9.4.49.v20220914/jetty-server-9.4.49.v20220914.jar:/home/runner/.m2/repository/javax/servlet/javax.servlet-api/3.1.0/javax.servlet-api-3.1.0.jar:/home/runner/.m2/repository/org/eclipse/jetty/jetty-http/9.4.49.v20220914/jetty-http-9.4.49.v20220914.jar:/home/runner/.m2/repository/org/eclipse/jetty/jetty-io/9.4.49.v20220914/jetty-io-9.4.49.v20220914.jar:/home/runner/.m2/repository/org/eclipse/jetty/jetty-servlet/9.4.49.v20220914/jetty-servlet-9.4.49.v20220914.jar:/home/runner/.m2/repository/org/eclipse/jetty/jetty-security/9.4.49.v20220914/jetty-security-9.4.49.v20220914.jar:/home/runner/.m2/repository/org/eclipse/jetty/jetty-util-ajax/9.4.49.v20220914/jetty-util-ajax-9.4.49.v20220914.jar:/home/runner/.m2/repository/org/eclipse/jetty/jetty-webapp/9.4.49.v20220914/jetty-webapp-9.4.49.v20220914.jar:/home/runner/.m2/repository/org/eclipse/jetty/jetty-xml/9.4.49.v20220914/jetty-xml-9.4.49.v20220914.jar:/home/runner/.m2/repository/org/rocksdb/rocksdbjni/7.7.3/rocksdbjni-7.7.3.jar:/home/runner/.m2/repository/io/prometheus/simpleclient_dropwizard/0.7.0/simpleclient_dropwizard-0.7.0.jar:/home/runner/.m2/repository/io/prometheus/simpleclient/0.7.0/simpleclient-0.7.0.jar:/home/runner/.m2/repository/io/prometheus/simpleclient_common/0.7.0/simpleclient_common-0.7.0.jar:/home/runner/.m2/repository/org/apache/hadoop/hadoop-hdfs-client/3.3.4/hadoop-hdfs-client-3.3.4.jar:/home/runner/.m2/repository/com/squareup/okhttp3/okhttp/4.9.3/okhttp-4.9.3.jar:/home/runner/.m2/repository/com/squareup/okio/okio/2.8.0/okio-2.8.0.jar:/home/runner/work/ozone/ozone/hadoop-hdds/rocksdb-checkpoint-differ/target/classes:/home/runner/.m2/repository/org/awaitility/awaitility/4.2.0/awaitility-4.2.0.jar:/home/runner/.m2/repository/org/hamcrest/hamcrest/2.1/hamcrest-2.1.jar:/home/runner/work/ozone/ozone/hadoop-hdds/client/target/classes:/home/runner/work/ozone/ozone/hadoop-hdds/erasurecode/target/classes:/home/runner/.m2/repository/commons-codec/commons-codec/1.15/commons-codec-1.15.jar:/home/runner/.m2/repository/io/dropwizard/metrics/metrics-core/3.2.4/metrics-core-3.2.4.jar:/home/runner/.m2/repository/org/mockito/mockito-core/2.28.2/mockito-core-2.28.2.jar:/home/runner/.m2/repository/net/bytebuddy/byte-buddy/1.9.10/byte-buddy-1.9.10.jar:/home/runner/.m2/repository/net/bytebuddy/byte-buddy-agent/1.9.10/byte-buddy-agent-1.9.10.jar:/home/runner/.m2/repository/org/objenesis/objenesis/1.0/objenesis-1.0.jar:/home/runner/.m2/repository/org/yaml/snakeyaml/1.33/snakeyaml-1.33.jar:/home/runner/work/ozone/ozone/hadoop-hdds/docs/target/classes:/home/runner/.m2/repository/com/github/spotbugs/spotbugs-annotations/3.1.12/spotbugs-annotations-3.1.12.jar:/home/runner/.m2/repository/com/google/code/findbugs/jsr305/3.0.0/jsr305-3.0.0.jar:/home/runner/.m2/repository/org/powermock/powermock-module-junit4/2.0.4/powermock-module-junit4-2.0.4.jar:/home/runner/.m2/repository/org/powermock/powermock-module-junit4-common/2.0.4/powermock-module-junit4-common-2.0.4.jar:/home/runner/.m2/repository/org/powermock/powermock-reflect/2.0.4/powermock-reflect-2.0.4.jar:/home/runner/.m2/repository/org/powermock/powermock-core/2.0.4/powermock-core-2.0.4.jar:/home/runner/.m2/repository/org/hamcrest/hamcrest-core/1.3/hamcrest-core-1.3.jar:/home/runner/.m2/repository/org/powermock/powermock-api-mockito2/2.0.4/powermock-api-mockito2-2.0.4.jar:/home/runner/.m2/repository/org/powermock/powermock-api-support/2.0.4/powermock-api-support-2.0.4.jar:/home/runner/work/ozone/ozone/hadoop-hdds/hadoop-dependency-test/target/classes:/home/runner/.m2/repository/org/apache/hadoop/hadoop-common/3.3.4/hadoop-common-3.3.4-tests.jar:/home/runner/.m2/repository/org/apache/hadoop/hadoop-hdfs/3.3.4/hadoop-hdfs-3.3.4-tests.jar:/home/runner/.m2/repository/org/assertj/assertj-core/3.12.2/assertj-core-3.12.2.jar:/home/runner/.m2/repository/org/slf4j/slf4j-reload4j/1.7.36/slf4j-reload4j-1.7.36.jar:/home/runner/.m2/repository/javax/xml/bind/jaxb-api/2.3.0/jaxb-api-2.3.0.jar:/home/runner/.m2/repository/org/glassfish/jaxb/jaxb-runtime/2.3.0.1/jaxb-runtime-2.3.0.1.jar:/home/runner/.m2/repository/org/glassfish/jaxb/jaxb-core/2.3.0.1/jaxb-core-2.3.0.1.jar:/home/runner/.m2/repository/org/glassfish/jaxb/txw2/2.3.0.1/txw2-2.3.0.1.jar:/home/runner/.m2/repository/com/sun/istack/istack-commons-runtime/3.0.5/istack-commons-runtime-3.0.5.jar:/home/runner/.m2/repository/org/jvnet/staxex/stax-ex/1.7.8/stax-ex-1.7.8.jar:/home/runner/.m2/repository/com/sun/xml/fastinfoset/FastInfoset/1.2.13/FastInfoset-1.2.13.jar:/home/runner/.m2/repository/io/netty/netty-transport/4.1.86.Final/netty-transport-4.1.86.Final.jar:/home/runner/.m2/repository/io/netty/netty-common/4.1.86.Final/netty-common-4.1.86.Final.jar:/home/runner/.m2/repository/io/netty/netty-buffer/4.1.86.Final/netty-buffer-4.1.86.Final.jar:/home/runner/.m2/repository/io/netty/netty-resolver/4.1.86.Final/netty-resolver-4.1.86.Final.jar:/home/runner/.m2/repository/io/netty/netty-codec/4.1.86.Final/netty-codec-4.1.86.Final.jar:/home/runner/.m2/repository/io/netty/netty-handler/4.1.86.Final/netty-handler-4.1.86.Final.jar:/home/runner/.m2/repository/io/netty/netty-transport-native-unix-common/4.1.86.Final/netty-transport-native-unix-common-4.1.86.Final.jar:/home/runner/.m2/repository/org/apache/commons/commons-text/1.4/commons-text-1.4.jar:/home/runner/.m2/repository/org/mockito/mockito-junit-jupiter/2.28.2/mockito-junit-jupiter-2.28.2.jar:/home/runner/.m2/repository/org/junit/jupiter/junit-jupiter-params/5.8.2/junit-jupiter-params-5.8.2.jar:/home/runner/.m2/repository/org/apiguardian/apiguardian-api/1.1.2/apiguardian-api-1.1.2.jar:/home/runner/.m2/repository/junit/junit/4.13.1/junit-4.13.1.jar:"/>
    <property name="java.vm.vendor" value="Temurin"/>
    <property name="sun.arch.data.model" value="64"/>
    <property name="test.build.dir" value="/home/runner/work/ozone/ozone/hadoop-hdds/container-service/target/test-dir"/>
    <property name="test.cache.data" value=""/>
    <property name="java.vendor.url" value="https://adoptium.net/"/>
    <property name="user.timezone" value="Etc/UTC"/>
    <property name="java.vm.specification.version" value="1.8"/>
    <property name="os.name" value="Linux"/>
    <property name="test.build.data" value="/home/runner/work/ozone/ozone/hadoop-hdds/container-service/target/test-dir"/>
    <property name="sun.java.launcher" value="SUN_STANDARD"/>
    <property name="sun.boot.library.path" value="/usr/lib/jvm/temurin-8-jdk-amd64/jre/lib/amd64"/>
    <property name="sun.java.command" value="/home/runner/work/ozone/ozone/hadoop-hdds/container-service/target/surefire/surefirebooter1130651227465480907.jar /home/runner/work/ozone/ozone/hadoop-hdds/container-service/target/surefire 2023-02-24T13-00-08_885-jvmRun1 surefire7691840019191576249tmp surefire_1971494487580084088361tmp"/>
    <property name="surefire.test.class.path" value="/home/runner/work/ozone/ozone/hadoop-hdds/container-service/target/test-classes:/home/runner/work/ozone/ozone/hadoop-hdds/container-service/target/classes:/home/runner/work/ozone/ozone/hadoop-hdds/common/target/classes:/home/runner/work/ozone/ozone/hadoop-hdds/hadoop-dependency-client/target/classes:/home/runner/.m2/repository/org/apache/hadoop/hadoop-annotations/3.3.4/hadoop-annotations-3.3.4.jar:/usr/lib/jvm/temurin-8-jdk-amd64/jre/../lib/tools.jar:/home/runner/.m2/repository/org/apache/hadoop/hadoop-common/3.3.4/hadoop-common-3.3.4.jar:/home/runner/.m2/repository/org/apache/hadoop/thirdparty/hadoop-shaded-guava/1.1.1/hadoop-shaded-guava-1.1.1.jar:/home/runner/.m2/repository/org/apache/httpcomponents/httpclient/4.5.13/httpclient-4.5.13.jar:/home/runner/.m2/repository/org/apache/httpcomponents/httpcore/4.4.13/httpcore-4.4.13.jar:/home/runner/.m2/repository/jakarta/activation/jakarta.activation-api/1.2.2/jakarta.activation-api-1.2.2.jar:/home/runner/.m2/repository/com/google/re2j/re2j/1.1/re2j-1.1.jar:/home/runner/.m2/repository/org/apache/hadoop/hadoop-auth/3.3.4/hadoop-auth-3.3.4.jar:/home/runner/.m2/repository/org/apache/kerby/kerb-core/1.0.1/kerb-core-1.0.1.jar:/home/runner/.m2/repository/org/apache/kerby/kerby-pkix/1.0.1/kerby-pkix-1.0.1.jar:/home/runner/.m2/repository/org/apache/kerby/kerby-asn1/1.0.1/kerby-asn1-1.0.1.jar:/home/runner/.m2/repository/org/apache/kerby/kerby-util/1.0.1/kerby-util-1.0.1.jar:/home/runner/.m2/repository/org/codehaus/woodstox/stax2-api/4.2.1/stax2-api-4.2.1.jar:/home/runner/.m2/repository/com/fasterxml/woodstox/woodstox-core/5.4.0/woodstox-core-5.4.0.jar:/home/runner/.m2/repository/org/xerial/snappy/snappy-java/1.1.8.2/snappy-java-1.1.8.2.jar:/home/runner/.m2/repository/org/apache/hadoop/hadoop-hdfs/3.3.4/hadoop-hdfs-3.3.4.jar:/home/runner/.m2/repository/info/picocli/picocli/4.6.1/picocli-4.6.1.jar:/home/runner/.m2/repository/com/google/protobuf/protobuf-java/2.5.0/protobuf-java-2.5.0.jar:/home/runner/.m2/repository/com/google/guava/guava/31.1-jre/guava-31.1-jre.jar:/home/runner/.m2/repository/com/google/guava/failureaccess/1.0.1/failureaccess-1.0.1.jar:/home/runner/.m2/repository/com/google/guava/listenablefuture/9999.0-empty-to-avoid-conflict-with-guava/listenablefuture-9999.0-empty-to-avoid-conflict-with-guava.jar:/home/runner/.m2/repository/org/checkerframework/checker-qual/3.12.0/checker-qual-3.12.0.jar:/home/runner/.m2/repository/com/google/errorprone/error_prone_annotations/2.2.0/error_prone_annotations-2.2.0.jar:/home/runner/.m2/repository/com/google/j2objc/j2objc-annotations/1.3/j2objc-annotations-1.3.jar:/home/runner/.m2/repository/org/apache/commons/commons-lang3/3.7/commons-lang3-3.7.jar:/home/runner/.m2/repository/commons-io/commons-io/2.11.0/commons-io-2.11.0.jar:/home/runner/.m2/repository/com/fasterxml/jackson/core/jackson-annotations/2.13.4/jackson-annotations-2.13.4.jar:/home/runner/.m2/repository/com/fasterxml/jackson/datatype/jackson-datatype-jsr310/2.13.4/jackson-datatype-jsr310-2.13.4.jar:/home/runner/.m2/repository/com/fasterxml/jackson/core/jackson-core/2.13.4/jackson-core-2.13.4.jar:/home/runner/.m2/repository/com/fasterxml/jackson/core/jackson-databind/2.13.4.2/jackson-databind-2.13.4.2.jar:/home/runner/work/ozone/ozone/hadoop-hdds/annotations/target/classes:/home/runner/work/ozone/ozone/hadoop-hdds/config/target/classes:/home/runner/.m2/repository/javax/annotation/javax.annotation-api/1.2/javax.annotation-api-1.2.jar:/home/runner/.m2/repository/org/apache/ratis/ratis-server/2.4.2-8b8bdda-SNAPSHOT/ratis-server-2.4.2-8b8bdda-SNAPSHOT.jar:/home/runner/.m2/repository/org/apache/ratis/ratis-thirdparty-misc/1.0.3/ratis-thirdparty-misc-1.0.3.jar:/home/runner/.m2/repository/org/apache/ratis/ratis-proto/2.4.2-8b8bdda-SNAPSHOT/ratis-proto-2.4.2-8b8bdda-SNAPSHOT.jar:/home/runner/.m2/repository/org/apache/ratis/ratis-common/2.4.2-8b8bdda-SNAPSHOT/ratis-common-2.4.2-8b8bdda-SNAPSHOT.jar:/home/runner/.m2/repository/org/apache/ratis/ratis-client/2.4.2-8b8bdda-SNAPSHOT/ratis-client-2.4.2-8b8bdda-SNAPSHOT.jar:/home/runner/.m2/repository/org/apache/ratis/ratis-server-api/2.4.2-8b8bdda-SNAPSHOT/ratis-server-api-2.4.2-8b8bdda-SNAPSHOT.jar:/home/runner/.m2/repository/org/apache/ratis/ratis-metrics/2.4.2-8b8bdda-SNAPSHOT/ratis-metrics-2.4.2-8b8bdda-SNAPSHOT.jar:/home/runner/.m2/repository/org/apache/ratis/ratis-netty/2.4.2-8b8bdda-SNAPSHOT/ratis-netty-2.4.2-8b8bdda-SNAPSHOT.jar:/home/runner/.m2/repository/org/apache/ratis/ratis-grpc/2.4.2-8b8bdda-SNAPSHOT/ratis-grpc-2.4.2-8b8bdda-SNAPSHOT.jar:/home/runner/.m2/repository/org/apache/logging/log4j/log4j-api/2.17.1/log4j-api-2.17.1.jar:/home/runner/.m2/repository/org/apache/commons/commons-pool2/2.6.0/commons-pool2-2.6.0.jar:/home/runner/.m2/repository/org/bouncycastle/bcpkix-jdk15on/1.67/bcpkix-jdk15on-1.67.jar:/home/runner/.m2/repository/org/bouncycastle/bcprov-jdk15on/1.67/bcprov-jdk15on-1.67.jar:/home/runner/.m2/repository/commons-validator/commons-validator/1.6/commons-validator-1.6.jar:/home/runner/.m2/repository/commons-beanutils/commons-beanutils/1.9.4/commons-beanutils-1.9.4.jar:/home/runner/.m2/repository/commons-digester/commons-digester/1.8.1/commons-digester-1.8.1.jar:/home/runner/.m2/repository/commons-collections/commons-collections/3.2.2/commons-collections-3.2.2.jar:/home/runner/.m2/repository/io/jaegertracing/jaeger-client/1.6.0/jaeger-client-1.6.0.jar:/home/runner/.m2/repository/io/jaegertracing/jaeger-thrift/1.6.0/jaeger-thrift-1.6.0.jar:/home/runner/.m2/repository/org/apache/thrift/libthrift/0.14.1/libthrift-0.14.1.jar:/home/runner/.m2/repository/io/jaegertracing/jaeger-core/1.6.0/jaeger-core-1.6.0.jar:/home/runner/.m2/repository/com/google/code/gson/gson/2.9.0/gson-2.9.0.jar:/home/runner/.m2/repository/io/jaegertracing/jaeger-tracerresolver/1.6.0/jaeger-tracerresolver-1.6.0.jar:/home/runner/.m2/repository/io/opentracing/contrib/opentracing-tracerresolver/0.1.8/opentracing-tracerresolver-0.1.8.jar:/home/runner/.m2/repository/org/jetbrains/kotlin/kotlin-stdlib/1.6.21/kotlin-stdlib-1.6.21.jar:/home/runner/.m2/repository/org/jetbrains/kotlin/kotlin-stdlib-common/1.6.21/kotlin-stdlib-common-1.6.21.jar:/home/runner/.m2/repository/org/jetbrains/annotations/13.0/annotations-13.0.jar:/home/runner/.m2/repository/io/opentracing/opentracing-util/0.33.0/opentracing-util-0.33.0.jar:/home/runner/.m2/repository/io/opentracing/opentracing-api/0.33.0/opentracing-api-0.33.0.jar:/home/runner/.m2/repository/io/opentracing/opentracing-noop/0.33.0/opentracing-noop-0.33.0.jar:/home/runner/.m2/repository/org/reflections/reflections/0.9.11/reflections-0.9.11.jar:/home/runner/.m2/repository/org/javassist/javassist/3.21.0-GA/javassist-3.21.0-GA.jar:/home/runner/work/ozone/ozone/hadoop-hdds/interface-client/target/classes:/home/runner/.m2/repository/org/apache/hadoop/thirdparty/hadoop-shaded-protobuf_3_7/1.1.1/hadoop-shaded-protobuf_3_7-1.1.1.jar:/home/runner/work/ozone/ozone/hadoop-hdds/interface-admin/target/classes:/home/runner/work/ozone/ozone/hadoop-hdds/test-utils/target/classes:/home/runner/.m2/repository/commons-logging/commons-logging/1.2/commons-logging-1.2.jar:/home/runner/.m2/repository/org/junit/jupiter/junit-jupiter-api/5.8.2/junit-jupiter-api-5.8.2.jar:/home/runner/.m2/repository/org/opentest4j/opentest4j/1.2.0/opentest4j-1.2.0.jar:/home/runner/.m2/repository/org/junit/platform/junit-platform-commons/1.8.2/junit-platform-commons-1.8.2.jar:/home/runner/.m2/repository/ch/qos/reload4j/reload4j/1.2.22/reload4j-1.2.22.jar:/home/runner/.m2/repository/org/slf4j/slf4j-api/1.7.36/slf4j-api-1.7.36.jar:/home/runner/.m2/repository/org/apache/commons/commons-compress/1.21/commons-compress-1.21.jar:/home/runner/.m2/repository/com/github/luben/zstd-jni/1.5.2-5/zstd-jni-1.5.2-5.jar:/home/runner/work/ozone/ozone/hadoop-hdds/common/target/test-classes:/home/runner/work/ozone/ozone/hadoop-hdds/framework/target/classes:/home/runner/work/ozone/ozone/hadoop-hdds/interface-server/target/classes:/home/runner/work/ozone/ozone/hadoop-hdds/hadoop-dependency-server/target/classes:/home/runner/.m2/repository/commons-cli/commons-cli/1.2/commons-cli-1.2.jar:/home/runner/.m2/repository/org/apache/commons/commons-configuration2/2.1.1/commons-configuration2-2.1.1.jar:/home/runner/.m2/repository/org/apache/logging/log4j/log4j-core/2.17.1/log4j-core-2.17.1.jar:/home/runner/.m2/repository/com/lmax/disruptor/3.4.2/disruptor-3.4.2.jar:/home/runner/.m2/repository/org/eclipse/jetty/jetty-util/9.4.49.v20220914/jetty-util-9.4.49.v20220914.jar:/home/runner/.m2/repository/org/eclipse/jetty/jetty-server/9.4.49.v20220914/jetty-server-9.4.49.v20220914.jar:/home/runner/.m2/repository/javax/servlet/javax.servlet-api/3.1.0/javax.servlet-api-3.1.0.jar:/home/runner/.m2/repository/org/eclipse/jetty/jetty-http/9.4.49.v20220914/jetty-http-9.4.49.v20220914.jar:/home/runner/.m2/repository/org/eclipse/jetty/jetty-io/9.4.49.v20220914/jetty-io-9.4.49.v20220914.jar:/home/runner/.m2/repository/org/eclipse/jetty/jetty-servlet/9.4.49.v20220914/jetty-servlet-9.4.49.v20220914.jar:/home/runner/.m2/repository/org/eclipse/jetty/jetty-security/9.4.49.v20220914/jetty-security-9.4.49.v20220914.jar:/home/runner/.m2/repository/org/eclipse/jetty/jetty-util-ajax/9.4.49.v20220914/jetty-util-ajax-9.4.49.v20220914.jar:/home/runner/.m2/repository/org/eclipse/jetty/jetty-webapp/9.4.49.v20220914/jetty-webapp-9.4.49.v20220914.jar:/home/runner/.m2/repository/org/eclipse/jetty/jetty-xml/9.4.49.v20220914/jetty-xml-9.4.49.v20220914.jar:/home/runner/.m2/repository/org/rocksdb/rocksdbjni/7.7.3/rocksdbjni-7.7.3.jar:/home/runner/.m2/repository/io/prometheus/simpleclient_dropwizard/0.7.0/simpleclient_dropwizard-0.7.0.jar:/home/runner/.m2/repository/io/prometheus/simpleclient/0.7.0/simpleclient-0.7.0.jar:/home/runner/.m2/repository/io/prometheus/simpleclient_common/0.7.0/simpleclient_common-0.7.0.jar:/home/runner/.m2/repository/org/apache/hadoop/hadoop-hdfs-client/3.3.4/hadoop-hdfs-client-3.3.4.jar:/home/runner/.m2/repository/com/squareup/okhttp3/okhttp/4.9.3/okhttp-4.9.3.jar:/home/runner/.m2/repository/com/squareup/okio/okio/2.8.0/okio-2.8.0.jar:/home/runner/work/ozone/ozone/hadoop-hdds/rocksdb-checkpoint-differ/target/classes:/home/runner/.m2/repository/org/awaitility/awaitility/4.2.0/awaitility-4.2.0.jar:/home/runner/.m2/repository/org/hamcrest/hamcrest/2.1/hamcrest-2.1.jar:/home/runner/work/ozone/ozone/hadoop-hdds/client/target/classes:/home/runner/work/ozone/ozone/hadoop-hdds/erasurecode/target/classes:/home/runner/.m2/repository/commons-codec/commons-codec/1.15/commons-codec-1.15.jar:/home/runner/.m2/repository/io/dropwizard/metrics/metrics-core/3.2.4/metrics-core-3.2.4.jar:/home/runner/.m2/repository/org/mockito/mockito-core/2.28.2/mockito-core-2.28.2.jar:/home/runner/.m2/repository/net/bytebuddy/byte-buddy/1.9.10/byte-buddy-1.9.10.jar:/home/runner/.m2/repository/net/bytebuddy/byte-buddy-agent/1.9.10/byte-buddy-agent-1.9.10.jar:/home/runner/.m2/repository/org/objenesis/objenesis/1.0/objenesis-1.0.jar:/home/runner/.m2/repository/org/yaml/snakeyaml/1.33/snakeyaml-1.33.jar:/home/runner/work/ozone/ozone/hadoop-hdds/docs/target/classes:/home/runner/.m2/repository/com/github/spotbugs/spotbugs-annotations/3.1.12/spotbugs-annotations-3.1.12.jar:/home/runner/.m2/repository/com/google/code/findbugs/jsr305/3.0.0/jsr305-3.0.0.jar:/home/runner/.m2/repository/org/powermock/powermock-module-junit4/2.0.4/powermock-module-junit4-2.0.4.jar:/home/runner/.m2/repository/org/powermock/powermock-module-junit4-common/2.0.4/powermock-module-junit4-common-2.0.4.jar:/home/runner/.m2/repository/org/powermock/powermock-reflect/2.0.4/powermock-reflect-2.0.4.jar:/home/runner/.m2/repository/org/powermock/powermock-core/2.0.4/powermock-core-2.0.4.jar:/home/runner/.m2/repository/org/hamcrest/hamcrest-core/1.3/hamcrest-core-1.3.jar:/home/runner/.m2/repository/org/powermock/powermock-api-mockito2/2.0.4/powermock-api-mockito2-2.0.4.jar:/home/runner/.m2/repository/org/powermock/powermock-api-support/2.0.4/powermock-api-support-2.0.4.jar:/home/runner/work/ozone/ozone/hadoop-hdds/hadoop-dependency-test/target/classes:/home/runner/.m2/repository/org/apache/hadoop/hadoop-common/3.3.4/hadoop-common-3.3.4-tests.jar:/home/runner/.m2/repository/org/apache/hadoop/hadoop-hdfs/3.3.4/hadoop-hdfs-3.3.4-tests.jar:/home/runner/.m2/repository/org/assertj/assertj-core/3.12.2/assertj-core-3.12.2.jar:/home/runner/.m2/repository/org/slf4j/slf4j-reload4j/1.7.36/slf4j-reload4j-1.7.36.jar:/home/runner/.m2/repository/javax/xml/bind/jaxb-api/2.3.0/jaxb-api-2.3.0.jar:/home/runner/.m2/repository/org/glassfish/jaxb/jaxb-runtime/2.3.0.1/jaxb-runtime-2.3.0.1.jar:/home/runner/.m2/repository/org/glassfish/jaxb/jaxb-core/2.3.0.1/jaxb-core-2.3.0.1.jar:/home/runner/.m2/repository/org/glassfish/jaxb/txw2/2.3.0.1/txw2-2.3.0.1.jar:/home/runner/.m2/repository/com/sun/istack/istack-commons-runtime/3.0.5/istack-commons-runtime-3.0.5.jar:/home/runner/.m2/repository/org/jvnet/staxex/stax-ex/1.7.8/stax-ex-1.7.8.jar:/home/runner/.m2/repository/com/sun/xml/fastinfoset/FastInfoset/1.2.13/FastInfoset-1.2.13.jar:/home/runner/.m2/repository/io/netty/netty-transport/4.1.86.Final/netty-transport-4.1.86.Final.jar:/home/runner/.m2/repository/io/netty/netty-common/4.1.86.Final/netty-common-4.1.86.Final.jar:/home/runner/.m2/repository/io/netty/netty-buffer/4.1.86.Final/netty-buffer-4.1.86.Final.jar:/home/runner/.m2/repository/io/netty/netty-resolver/4.1.86.Final/netty-resolver-4.1.86.Final.jar:/home/runner/.m2/repository/io/netty/netty-codec/4.1.86.Final/netty-codec-4.1.86.Final.jar:/home/runner/.m2/repository/io/netty/netty-handler/4.1.86.Final/netty-handler-4.1.86.Final.jar:/home/runner/.m2/repository/io/netty/netty-transport-native-unix-common/4.1.86.Final/netty-transport-native-unix-common-4.1.86.Final.jar:/home/runner/.m2/repository/org/apache/commons/commons-text/1.4/commons-text-1.4.jar:/home/runner/.m2/repository/org/mockito/mockito-junit-jupiter/2.28.2/mockito-junit-jupiter-2.28.2.jar:/home/runner/.m2/repository/org/junit/jupiter/junit-jupiter-params/5.8.2/junit-jupiter-params-5.8.2.jar:/home/runner/.m2/repository/org/apiguardian/apiguardian-api/1.1.2/apiguardian-api-1.1.2.jar:/home/runner/.m2/repository/junit/junit/4.13.1/junit-4.13.1.jar:"/>
    <property name="sun.cpu.endian" value="little"/>
    <property name="user.home" value="/home/runner"/>
    <property name="user.language" value="en"/>
    <property name="java.specification.vendor" value="Oracle Corporation"/>
    <property name="java.home" value="/usr/lib/jvm/temurin-8-jdk-amd64/jre"/>
    <property name="java.security.krb5.conf" value="/home/runner/work/ozone/ozone/hadoop-hdds/container-service/target/test-classes/krb5.conf"/>
    <property name="basedir" value="/home/runner/work/ozone/ozone/hadoop-hdds/container-service"/>
    <property name="file.separator" value="/"/>
    <property name="line.separator" value="&#10;"/>
    <property name="java.vm.specification.vendor" value="Oracle Corporation"/>
    <property name="java.specification.name" value="Java Platform API Specification"/>
    <property name="java.awt.graphicsenv" value="sun.awt.X11GraphicsEnvironment"/>
    <property name="skip.installnpx" value="true"/>
    <property name="surefire.real.class.path" value="/home/runner/work/ozone/ozone/hadoop-hdds/container-service/target/surefire/surefirebooter1130651227465480907.jar:/home/runner/.m2/repository/org/jacoco/org.jacoco.agent/0.8.5/org.jacoco.agent-0.8.5-runtime.jar"/>
    <property name="hadoop.log.dir" value="/home/runner/work/ozone/ozone/hadoop-hdds/container-service/target/log"/>
    <property name="sun.boot.class.path" value="/usr/lib/jvm/temurin-8-jdk-amd64/jre/lib/resources.jar:/usr/lib/jvm/temurin-8-jdk-amd64/jre/lib/rt.jar:/usr/lib/jvm/temurin-8-jdk-amd64/jre/lib/sunrsasign.jar:/usr/lib/jvm/temurin-8-jdk-amd64/jre/lib/jsse.jar:/usr/lib/jvm/temurin-8-jdk-amd64/jre/lib/jce.jar:/usr/lib/jvm/temurin-8-jdk-amd64/jre/lib/charsets.jar:/usr/lib/jvm/temurin-8-jdk-amd64/jre/lib/jfr.jar:/usr/lib/jvm/temurin-8-jdk-amd64/jre/classes"/>
    <property name="sun.management.compiler" value="HotSpot 64-Bit Tiered Compilers"/>
    <property name="skip.npx" value="true"/>
    <property name="java.runtime.version" value="1.8.0_362-b09"/>
    <property name="java.net.preferIPv4Stack" value="true"/>
    <property name="user.name" value="runner"/>
    <property name="path.separator" value=":"/>
    <property name="java.security.egd" value="file:///dev/urandom"/>
    <property name="os.version" value="5.15.0-1033-azure"/>
    <property name="java.endorsed.dirs" value="/usr/lib/jvm/temurin-8-jdk-amd64/jre/lib/endorsed"/>
    <property name="java.runtime.name" value="OpenJDK Runtime Environment"/>
    <property name="file.encoding" value="UTF-8"/>
    <property name="java.vm.name" value="OpenJDK 64-Bit Server VM"/>
    <property name="test.build.webapps" value=""/>
    <property name="localRepository" value="/home/runner/.m2/repository"/>
    <property name="java.vendor.url.bug" value="https://github.com/adoptium/adoptium-support/issues"/>
    <property name="java.io.tmpdir" value="/tmp"/>
    <property name="require.test.libhadoop" value=""/>
    <property name="java.version" value="1.8.0_362"/>
    <property name="user.dir" value="/home/runner/work/ozone/ozone/hadoop-hdds/container-service"/>
    <property name="os.arch" value="amd64"/>
    <property name="java.vm.specification.name" value="Java Virtual Machine Specification"/>
    <property name="test.build.classes" value="/home/runner/work/ozone/ozone/hadoop-hdds/container-service/target/test-classes"/>
    <property name="java.awt.printerjob" value="sun.print.PSPrinterJob"/>
    <property name="sun.os.patch.level" value="unknown"/>
    <property name="hadoop.tmp.dir" value="/home/runner/work/ozone/ozone/hadoop-hdds/container-service/target/tmp"/>
    <property name="java.library.path" value="/usr/java/packages/lib/amd64:/usr/lib64:/lib64:/lib:/usr/lib"/>
    <property name="java.vm.info" value="mixed mode"/>
    <property name="java.vendor" value="Temurin"/>
    <property name="java.vm.version" value="25.362-b09"/>
    <property name="java.specification.maintenance.version" value="4"/>
    <property name="java.ext.dirs" value="/usr/lib/jvm/temurin-8-jdk-amd64/jre/lib/ext:/usr/java/packages/lib/ext"/>
    <property name="sun.io.unicode.encoding" value="UnicodeLittle"/>
    <property name="java.class.version" value="52.0"/>
  </properties>
  <testcase name="testSecureDnStartupCase0" classname="org.apache.hadoop.ozone.TestHddsSecureDatanodeInit" time="0.249">
    <system-out><![CDATA[2023-02-24 13:14:44,050 [main] INFO  metrics.MetricRegistries (MetricRegistriesLoader.java:load(64)) - Loaded MetricRegistries class org.apache.ratis.metrics.impl.MetricRegistriesImpl
2023-02-24 13:14:44,109 [main] WARN  impl.MetricsConfig (MetricsConfig.java:loadFirst(136)) - Cannot locate configuration: tried hadoop-metrics2-hddsdatanode.properties,hadoop-metrics2.properties
2023-02-24 13:14:44,241 [main] INFO  impl.MetricsSystemImpl (MetricsSystemImpl.java:startTimer(378)) - Scheduled Metric snapshot period at 10 second(s).
2023-02-24 13:14:44,241 [main] INFO  impl.MetricsSystemImpl (MetricsSystemImpl.java:start(191)) - HddsDatanode metrics system started
2023-02-24 13:14:44,293 [main] INFO  ozone.HddsDatanodeService (HddsDatanodeService.java:start(228)) - HddsDatanodeService host:fv-az201-462.yo4stti0dhyudgyjg01iu2obqd.jx.internal.cloudapp.net ip:10.1.0.29
2023-02-24 13:14:44,313 [main] INFO  ozone.HddsDatanodeService (HddsDatanodeService.java:initializeCertificateClient(333)) - Initializing secure Datanode.
2023-02-24 13:14:44,313 [main] ERROR client.DNCertificateClient (DefaultCertificateClient.java:getCertPath(323)) - Default certificate serial id is not set. Can't locate the default certificate for this client.
2023-02-24 13:14:44,314 [main] INFO  client.DNCertificateClient (DefaultCertificateClient.java:init(813)) - Certificate client init case: 0
2023-02-24 13:14:44,315 [main] INFO  client.DNCertificateClient (DefaultCertificateClient.java:handleCase(831)) - Creating keypair for client as keypair and certificate not found.
2023-02-24 13:14:44,563 [main] INFO  ozone.HddsDatanodeService (HddsDatanodeService.java:initializeCertificateClient(342)) - Init response: GETCERT
2023-02-24 13:14:44,572 [main] INFO  ozone.OzoneSecurityUtil (OzoneSecurityUtil.java:getValidInetsForCurrentHost(119)) - ip:fe80:0:0:0:222:48ff:feaa:f88f%eth0 not returned.
2023-02-24 13:14:44,572 [main] INFO  ozone.OzoneSecurityUtil (OzoneSecurityUtil.java:getValidInetsForCurrentHost(116)) - Adding ip:10.1.0.29,host:fv-az201-462.yo4stti0dhyudgyjg01iu2obqd.jx.internal.cloudapp.net
2023-02-24 13:14:44,573 [main] INFO  ozone.OzoneSecurityUtil (OzoneSecurityUtil.java:getValidInetsForCurrentHost(119)) - ip:0:0:0:0:0:0:0:1%lo not returned.
2023-02-24 13:14:44,573 [main] INFO  ozone.OzoneSecurityUtil (OzoneSecurityUtil.java:getValidInetsForCurrentHost(119)) - ip:127.0.0.1 not returned.
2023-02-24 13:14:44,588 [main] WARN  util.NativeCodeLoader (NativeCodeLoader.java:<clinit>(60)) - Unable to load native-hadoop library for your platform... using builtin-java classes where applicable
2023-02-24 13:14:44,608 [main] INFO  client.DNCertificateClient (DNCertificateClient.java:getCSRBuilder(99)) - Created csr for DN-> subject:runner@fv-az201-462.yo4stti0dhyudgyjg01iu2obqd.jx.internal.cloudapp.net
2023-02-24 13:14:44,740 [main] INFO  utils.SelfSignedCertificate (SelfSignedCertificate.java:generateCertificate(155)) - Certificate 928199 is issued by CN=localhost,OU=test,O=cluster to CN=localhost,OU=test,O=cluster, valid from Fri Feb 24 13:14:44 UTC 2023 to Fri Feb 24 13:14:59 UTC 2023
2023-02-24 13:14:44,782 [main] INFO  ozone.HddsDatanodeService (HddsDatanodeService.java:initializeCertificateClient(333)) - Initializing secure Datanode.
2023-02-24 13:14:44,782 [main] INFO  client.DNCertificateClient (DefaultCertificateClient.java:init(813)) - Certificate client init case: 0
2023-02-24 13:14:44,782 [main] INFO  client.DNCertificateClient (DefaultCertificateClient.java:handleCase(831)) - Creating keypair for client as keypair and certificate not found.
2023-02-24 13:14:44,983 [main] INFO  ozone.HddsDatanodeService (HddsDatanodeService.java:initializeCertificateClient(342)) - Init response: GETCERT
2023-02-24 13:14:44,984 [main] INFO  ozone.OzoneSecurityUtil (OzoneSecurityUtil.java:getValidInetsForCurrentHost(119)) - ip:fe80:0:0:0:222:48ff:feaa:f88f%eth0 not returned.
2023-02-24 13:14:44,985 [main] INFO  ozone.OzoneSecurityUtil (OzoneSecurityUtil.java:getValidInetsForCurrentHost(116)) - Adding ip:10.1.0.29,host:fv-az201-462.yo4stti0dhyudgyjg01iu2obqd.jx.internal.cloudapp.net
2023-02-24 13:14:44,985 [main] INFO  ozone.OzoneSecurityUtil (OzoneSecurityUtil.java:getValidInetsForCurrentHost(119)) - ip:0:0:0:0:0:0:0:1%lo not returned.
2023-02-24 13:14:44,985 [main] INFO  ozone.OzoneSecurityUtil (OzoneSecurityUtil.java:getValidInetsForCurrentHost(119)) - ip:127.0.0.1 not returned.
2023-02-24 13:14:44,985 [main] INFO  client.DNCertificateClient (DNCertificateClient.java:getCSRBuilder(99)) - Created csr for DN-> subject:runner@fv-az201-462.yo4stti0dhyudgyjg01iu2obqd.jx.internal.cloudapp.net
]]></system-out>
  </testcase>
  <testcase name="testSecureDnStartupCase1" classname="org.apache.hadoop.ozone.TestHddsSecureDatanodeInit" time="0.044">
    <system-out><![CDATA[2023-02-24 13:14:45,032 [main] INFO  ozone.HddsDatanodeService (HddsDatanodeService.java:initializeCertificateClient(333)) - Initializing secure Datanode.
2023-02-24 13:14:45,033 [main] INFO  client.DNCertificateClient (DefaultCertificateClient.java:loadAllCertificates(180)) - Loading certificate from location:/home/runner/work/ozone/ozone/hadoop-hdds/container-service/target/test-dir/B1tFvJdgJa/dn/certs.
2023-02-24 13:14:45,055 [main] INFO  client.DNCertificateClient (DefaultCertificateClient.java:loadAllCertificates(222)) - Added certificate   [0]         Version: 3
         SerialNumber: 928199
             IssuerDN: CN=localhost,OU=test,O=cluster
           Start Date: Fri Feb 24 13:14:44 UTC 2023
           Final Date: Fri Feb 24 13:14:59 UTC 2023
            SubjectDN: CN=localhost,OU=test,O=cluster
           Public Key: RSA Public Key [7e:be:eb:90:aa:0b:aa:d8:cd:b2:a5:9c:1b:ca:87:58:b6:c7:9b:9d],[56:66:d1:a4]
        modulus: 960ff638b873a905e69c9d630e98d4de81b3fbc6510d2690f15440d70d4c033e7bf4c63515b96695cd544c0432b9fb2cfa4a81fdfe1f64fc98029da8f9b81df3f2f8f4af83c85e76c23240aeee51f36139d20c53c2bfe8538a2606c049fd42070286c4abd1cda2224fff48eab5c86af7679200921fbbe6503620794b2f4f456fddb97ad982875d6f9e2cdb473fec3ed7e72ff40424c595a69f2a4a36722cac3dd5a031a2656c7a78527645eb382e1be48011af7560944c726b20d56a759b3310d876a16f7d3dbe40cc08cecbc28010ee2b4f4aba61d6b2ef69a3f8494151886fdaf2570098114f9a7efdd5567307a279117974b3b4731c16e7ef9e17fdecb631
public exponent: 10001

  Signature Algorithm: SHA256WITHRSA
            Signature: 2498caaeb3cea3b16e369bdbf6a2c94bfb54546b
                       cbbcdf436d165f7921e9fdd41e915d527ac8866a
                       03c26cdf254bd1546dfb5f6f7463bedba383e925
                       4e2de4210134940031062f6d198664b917626d81
                       523b912db0986d18e30435b3080414ca8135cf40
                       947e14f94a79d1333d5b43f0ca4bae8849164931
                       62fa5da9263c8d4136d8e0b85dff00e431a119c4
                       ca9eeffb01eb12a0ce4932966d0ead9ff04965ad
                       a890bc080b1cb1be92af5b4452715b99248ab33e
                       041d9b4da2b41c4f1301f66e935ff475121294e0
                       a5ffcd46134018c636eaef87ea4aa8860e0792bf
                       1b9e96afb9842e1c1d5c24a5e46691594b820723
                       464eefc552e99beb6535f8d68dca2556
 from file:/home/runner/work/ozone/ozone/hadoop-hdds/container-service/target/test-dir/B1tFvJdgJa/dn/certs/certificate.crt.
2023-02-24 13:14:45,058 [main] INFO  client.DNCertificateClient (DefaultCertificateClient.java:startCertificateMonitor(1429)) - CertificateLifetimeMonitor for dn is started with first delay 8944 ms and interval 1666 ms.
2023-02-24 13:14:45,062 [main] INFO  client.DNCertificateClient (DefaultCertificateClient.java:init(813)) - Certificate client init case: 1
2023-02-24 13:14:45,062 [main] ERROR client.DNCertificateClient (DefaultCertificateClient.java:handleCase(836)) - Private key not found, while certificate is still present. Delete keypair and try again.
2023-02-24 13:14:45,062 [main] INFO  ozone.HddsDatanodeService (HddsDatanodeService.java:initializeCertificateClient(342)) - Init response: FAILURE
2023-02-24 13:14:45,062 [main] ERROR ozone.HddsDatanodeService (HddsDatanodeService.java:initializeCertificateClient(360)) - DN security initialization failed, case:FAILURE.
]]></system-out>
  </testcase>
  <testcase name="testSecureDnStartupCase2" classname="org.apache.hadoop.ozone.TestHddsSecureDatanodeInit" time="0.006">
    <system-out><![CDATA[2023-02-24 13:14:45,066 [main] INFO  client.DNCertificateClient (DefaultCertificateClient.java:loadAllCertificates(180)) - Loading certificate from location:/home/runner/work/ozone/ozone/hadoop-hdds/container-service/target/test-dir/B1tFvJdgJa/dn/certs.
2023-02-24 13:14:45,066 [main] WARN  client.DNCertificateClient (DefaultCertificateClient.java:loadAllCertificates(246)) - CertificateLifetimeMonitor is not started this time because certificate is empty.
2023-02-24 13:14:45,067 [main] INFO  ozone.HddsDatanodeService (HddsDatanodeService.java:initializeCertificateClient(333)) - Initializing secure Datanode.
2023-02-24 13:14:45,069 [main] INFO  client.DNCertificateClient (DefaultCertificateClient.java:loadAllCertificates(180)) - Loading certificate from location:/home/runner/work/ozone/ozone/hadoop-hdds/container-service/target/test-dir/B1tFvJdgJa/dn/certs.
2023-02-24 13:14:45,069 [main] WARN  client.DNCertificateClient (DefaultCertificateClient.java:loadAllCertificates(246)) - CertificateLifetimeMonitor is not started this time because certificate is empty.
2023-02-24 13:14:45,069 [main] INFO  client.DNCertificateClient (DefaultCertificateClient.java:init(813)) - Certificate client init case: 2
2023-02-24 13:14:45,069 [main] ERROR client.DNCertificateClient (DefaultCertificateClient.java:handleCase(840)) - Found public key but private key and certificate missing.
2023-02-24 13:14:45,070 [main] INFO  ozone.HddsDatanodeService (HddsDatanodeService.java:initializeCertificateClient(342)) - Init response: FAILURE
2023-02-24 13:14:45,070 [main] ERROR ozone.HddsDatanodeService (HddsDatanodeService.java:initializeCertificateClient(360)) - DN security initialization failed, case:FAILURE.
2023-02-24 13:14:45,070 [main] INFO  client.DNCertificateClient (DefaultCertificateClient.java:loadAllCertificates(180)) - Loading certificate from location:/home/runner/work/ozone/ozone/hadoop-hdds/container-service/target/test-dir/B1tFvJdgJa/dn/certs.
2023-02-24 13:14:45,070 [main] WARN  client.DNCertificateClient (DefaultCertificateClient.java:loadAllCertificates(246)) - CertificateLifetimeMonitor is not started this time because certificate is empty.
]]></system-out>
  </testcase>
  <testcase name="testSecureDnStartupCase3" classname="org.apache.hadoop.ozone.TestHddsSecureDatanodeInit" time="0.006">
    <system-out><![CDATA[2023-02-24 13:14:45,072 [main] INFO  client.DNCertificateClient (DefaultCertificateClient.java:loadAllCertificates(180)) - Loading certificate from location:/home/runner/work/ozone/ozone/hadoop-hdds/container-service/target/test-dir/B1tFvJdgJa/dn/certs.
2023-02-24 13:14:45,073 [main] WARN  client.DNCertificateClient (DefaultCertificateClient.java:loadAllCertificates(246)) - CertificateLifetimeMonitor is not started this time because certificate is empty.
2023-02-24 13:14:45,074 [main] INFO  ozone.HddsDatanodeService (HddsDatanodeService.java:initializeCertificateClient(333)) - Initializing secure Datanode.
2023-02-24 13:14:45,075 [main] INFO  client.DNCertificateClient (DefaultCertificateClient.java:loadAllCertificates(180)) - Loading certificate from location:/home/runner/work/ozone/ozone/hadoop-hdds/container-service/target/test-dir/B1tFvJdgJa/dn/certs.
2023-02-24 13:14:45,076 [main] INFO  client.DNCertificateClient (DefaultCertificateClient.java:loadAllCertificates(222)) - Added certificate   [0]         Version: 3
         SerialNumber: 928199
             IssuerDN: CN=localhost,OU=test,O=cluster
           Start Date: Fri Feb 24 13:14:44 UTC 2023
           Final Date: Fri Feb 24 13:14:59 UTC 2023
            SubjectDN: CN=localhost,OU=test,O=cluster
           Public Key: RSA Public Key [7e:be:eb:90:aa:0b:aa:d8:cd:b2:a5:9c:1b:ca:87:58:b6:c7:9b:9d],[56:66:d1:a4]
        modulus: 960ff638b873a905e69c9d630e98d4de81b3fbc6510d2690f15440d70d4c033e7bf4c63515b96695cd544c0432b9fb2cfa4a81fdfe1f64fc98029da8f9b81df3f2f8f4af83c85e76c23240aeee51f36139d20c53c2bfe8538a2606c049fd42070286c4abd1cda2224fff48eab5c86af7679200921fbbe6503620794b2f4f456fddb97ad982875d6f9e2cdb473fec3ed7e72ff40424c595a69f2a4a36722cac3dd5a031a2656c7a78527645eb382e1be48011af7560944c726b20d56a759b3310d876a16f7d3dbe40cc08cecbc28010ee2b4f4aba61d6b2ef69a3f8494151886fdaf2570098114f9a7efdd5567307a279117974b3b4731c16e7ef9e17fdecb631
public exponent: 10001

  Signature Algorithm: SHA256WITHRSA
            Signature: 2498caaeb3cea3b16e369bdbf6a2c94bfb54546b
                       cbbcdf436d165f7921e9fdd41e915d527ac8866a
                       03c26cdf254bd1546dfb5f6f7463bedba383e925
                       4e2de4210134940031062f6d198664b917626d81
                       523b912db0986d18e30435b3080414ca8135cf40
                       947e14f94a79d1333d5b43f0ca4bae8849164931
                       62fa5da9263c8d4136d8e0b85dff00e431a119c4
                       ca9eeffb01eb12a0ce4932966d0ead9ff04965ad
                       a890bc080b1cb1be92af5b4452715b99248ab33e
                       041d9b4da2b41c4f1301f66e935ff475121294e0
                       a5ffcd46134018c636eaef87ea4aa8860e0792bf
                       1b9e96afb9842e1c1d5c24a5e46691594b820723
                       464eefc552e99beb6535f8d68dca2556
 from file:/home/runner/work/ozone/ozone/hadoop-hdds/container-service/target/test-dir/B1tFvJdgJa/dn/certs/certificate.crt.
2023-02-24 13:14:45,077 [main] INFO  client.DNCertificateClient (DefaultCertificateClient.java:startCertificateMonitor(1429)) - CertificateLifetimeMonitor for dn is started with first delay 8923 ms and interval 1666 ms.
2023-02-24 13:14:45,077 [main] INFO  client.DNCertificateClient (DefaultCertificateClient.java:init(813)) - Certificate client init case: 3
2023-02-24 13:14:45,078 [main] ERROR client.DNCertificateClient (DefaultCertificateClient.java:handleCase(850)) - Found public key and certificate but private key is missing.
2023-02-24 13:14:45,078 [main] INFO  ozone.HddsDatanodeService (HddsDatanodeService.java:initializeCertificateClient(342)) - Init response: FAILURE
2023-02-24 13:14:45,078 [main] ERROR ozone.HddsDatanodeService (HddsDatanodeService.java:initializeCertificateClient(360)) - DN security initialization failed, case:FAILURE.
]]></system-out>
  </testcase>
  <testcase name="testSecureDnStartupCase4" classname="org.apache.hadoop.ozone.TestHddsSecureDatanodeInit" time="0.005">
    <system-out><![CDATA[2023-02-24 13:14:45,080 [main] INFO  client.DNCertificateClient (DefaultCertificateClient.java:loadAllCertificates(180)) - Loading certificate from location:/home/runner/work/ozone/ozone/hadoop-hdds/container-service/target/test-dir/B1tFvJdgJa/dn/certs.
2023-02-24 13:14:45,080 [main] WARN  client.DNCertificateClient (DefaultCertificateClient.java:loadAllCertificates(246)) - CertificateLifetimeMonitor is not started this time because certificate is empty.
2023-02-24 13:14:45,082 [main] INFO  ozone.HddsDatanodeService (HddsDatanodeService.java:initializeCertificateClient(333)) - Initializing secure Datanode.
2023-02-24 13:14:45,082 [main] INFO  client.DNCertificateClient (DefaultCertificateClient.java:loadAllCertificates(180)) - Loading certificate from location:/home/runner/work/ozone/ozone/hadoop-hdds/container-service/target/test-dir/B1tFvJdgJa/dn/certs.
2023-02-24 13:14:45,083 [main] WARN  client.DNCertificateClient (DefaultCertificateClient.java:loadAllCertificates(246)) - CertificateLifetimeMonitor is not started this time because certificate is empty.
2023-02-24 13:14:45,083 [main] INFO  client.DNCertificateClient (DefaultCertificateClient.java:init(813)) - Certificate client init case: 4
2023-02-24 13:14:45,083 [main] INFO  client.DNCertificateClient (DefaultCertificateClient.java:handleCase(844)) - Found private key but public key and certificate is missing.
2023-02-24 13:14:45,083 [main] INFO  ozone.HddsDatanodeService (HddsDatanodeService.java:initializeCertificateClient(342)) - Init response: FAILURE
2023-02-24 13:14:45,083 [main] ERROR ozone.HddsDatanodeService (HddsDatanodeService.java:initializeCertificateClient(360)) - DN security initialization failed, case:FAILURE.
2023-02-24 13:14:45,084 [main] INFO  client.DNCertificateClient (DefaultCertificateClient.java:loadAllCertificates(180)) - Loading certificate from location:/home/runner/work/ozone/ozone/hadoop-hdds/container-service/target/test-dir/B1tFvJdgJa/dn/certs.
2023-02-24 13:14:45,084 [main] WARN  client.DNCertificateClient (DefaultCertificateClient.java:loadAllCertificates(246)) - CertificateLifetimeMonitor is not started this time because certificate is empty.
]]></system-out>
  </testcase>
  <testcase name="testSecureDnStartupCase5" classname="org.apache.hadoop.ozone.TestHddsSecureDatanodeInit" time="0.018">
    <system-out><![CDATA[2023-02-24 13:14:45,085 [main] INFO  client.DNCertificateClient (DefaultCertificateClient.java:loadAllCertificates(180)) - Loading certificate from location:/home/runner/work/ozone/ozone/hadoop-hdds/container-service/target/test-dir/B1tFvJdgJa/dn/certs.
2023-02-24 13:14:45,086 [main] WARN  client.DNCertificateClient (DefaultCertificateClient.java:loadAllCertificates(246)) - CertificateLifetimeMonitor is not started this time because certificate is empty.
2023-02-24 13:14:45,087 [main] INFO  ozone.HddsDatanodeService (HddsDatanodeService.java:initializeCertificateClient(333)) - Initializing secure Datanode.
2023-02-24 13:14:45,088 [main] INFO  client.DNCertificateClient (DefaultCertificateClient.java:loadAllCertificates(180)) - Loading certificate from location:/home/runner/work/ozone/ozone/hadoop-hdds/container-service/target/test-dir/B1tFvJdgJa/dn/certs.
2023-02-24 13:14:45,089 [main] INFO  client.DNCertificateClient (DefaultCertificateClient.java:loadAllCertificates(222)) - Added certificate   [0]         Version: 3
         SerialNumber: 928199
             IssuerDN: CN=localhost,OU=test,O=cluster
           Start Date: Fri Feb 24 13:14:44 UTC 2023
           Final Date: Fri Feb 24 13:14:59 UTC 2023
            SubjectDN: CN=localhost,OU=test,O=cluster
           Public Key: RSA Public Key [7e:be:eb:90:aa:0b:aa:d8:cd:b2:a5:9c:1b:ca:87:58:b6:c7:9b:9d],[56:66:d1:a4]
        modulus: 960ff638b873a905e69c9d630e98d4de81b3fbc6510d2690f15440d70d4c033e7bf4c63515b96695cd544c0432b9fb2cfa4a81fdfe1f64fc98029da8f9b81df3f2f8f4af83c85e76c23240aeee51f36139d20c53c2bfe8538a2606c049fd42070286c4abd1cda2224fff48eab5c86af7679200921fbbe6503620794b2f4f456fddb97ad982875d6f9e2cdb473fec3ed7e72ff40424c595a69f2a4a36722cac3dd5a031a2656c7a78527645eb382e1be48011af7560944c726b20d56a759b3310d876a16f7d3dbe40cc08cecbc28010ee2b4f4aba61d6b2ef69a3f8494151886fdaf2570098114f9a7efdd5567307a279117974b3b4731c16e7ef9e17fdecb631
public exponent: 10001

  Signature Algorithm: SHA256WITHRSA
            Signature: 2498caaeb3cea3b16e369bdbf6a2c94bfb54546b
                       cbbcdf436d165f7921e9fdd41e915d527ac8866a
                       03c26cdf254bd1546dfb5f6f7463bedba383e925
                       4e2de4210134940031062f6d198664b917626d81
                       523b912db0986d18e30435b3080414ca8135cf40
                       947e14f94a79d1333d5b43f0ca4bae8849164931
                       62fa5da9263c8d4136d8e0b85dff00e431a119c4
                       ca9eeffb01eb12a0ce4932966d0ead9ff04965ad
                       a890bc080b1cb1be92af5b4452715b99248ab33e
                       041d9b4da2b41c4f1301f66e935ff475121294e0
                       a5ffcd46134018c636eaef87ea4aa8860e0792bf
                       1b9e96afb9842e1c1d5c24a5e46691594b820723
                       464eefc552e99beb6535f8d68dca2556
 from file:/home/runner/work/ozone/ozone/hadoop-hdds/container-service/target/test-dir/B1tFvJdgJa/dn/certs/certificate.crt.
2023-02-24 13:14:45,090 [main] INFO  client.DNCertificateClient (DefaultCertificateClient.java:startCertificateMonitor(1429)) - CertificateLifetimeMonitor for dn is started with first delay 8910 ms and interval 1666 ms.
2023-02-24 13:14:45,090 [main] INFO  client.DNCertificateClient (DefaultCertificateClient.java:init(813)) - Certificate client init case: 5
2023-02-24 13:14:45,090 [main] INFO  client.DNCertificateClient (DefaultCertificateClient.java:handleCase(854)) - Found private key and certificate but public key missing.
2023-02-24 13:14:45,102 [main] INFO  ozone.HddsDatanodeService (HddsDatanodeService.java:initializeCertificateClient(342)) - Init response: SUCCESS
2023-02-24 13:14:45,102 [main] INFO  ozone.HddsDatanodeService (HddsDatanodeService.java:initializeCertificateClient(345)) - Initialization successful, case:SUCCESS.
]]></system-out>
  </testcase>
  <testcase name="testSecureDnStartupCase6" classname="org.apache.hadoop.ozone.TestHddsSecureDatanodeInit" time="0.015">
    <system-out><![CDATA[2023-02-24 13:14:45,105 [main] INFO  client.DNCertificateClient (DefaultCertificateClient.java:loadAllCertificates(180)) - Loading certificate from location:/home/runner/work/ozone/ozone/hadoop-hdds/container-service/target/test-dir/B1tFvJdgJa/dn/certs.
2023-02-24 13:14:45,105 [main] WARN  client.DNCertificateClient (DefaultCertificateClient.java:loadAllCertificates(246)) - CertificateLifetimeMonitor is not started this time because certificate is empty.
2023-02-24 13:14:45,106 [main] INFO  ozone.HddsDatanodeService (HddsDatanodeService.java:initializeCertificateClient(333)) - Initializing secure Datanode.
2023-02-24 13:14:45,107 [main] INFO  client.DNCertificateClient (DefaultCertificateClient.java:loadAllCertificates(180)) - Loading certificate from location:/home/runner/work/ozone/ozone/hadoop-hdds/container-service/target/test-dir/B1tFvJdgJa/dn/certs.
2023-02-24 13:14:45,107 [main] WARN  client.DNCertificateClient (DefaultCertificateClient.java:loadAllCertificates(246)) - CertificateLifetimeMonitor is not started this time because certificate is empty.
2023-02-24 13:14:45,107 [main] INFO  client.DNCertificateClient (DefaultCertificateClient.java:init(813)) - Certificate client init case: 6
2023-02-24 13:14:45,108 [main] INFO  client.DNCertificateClient (DefaultCertificateClient.java:handleCase(863)) - Found private and public key but certificate is missing.
2023-02-24 13:14:45,113 [main] INFO  ozone.HddsDatanodeService (HddsDatanodeService.java:initializeCertificateClient(342)) - Init response: GETCERT
2023-02-24 13:14:45,113 [main] INFO  ozone.OzoneSecurityUtil (OzoneSecurityUtil.java:getValidInetsForCurrentHost(119)) - ip:fe80:0:0:0:222:48ff:feaa:f88f%eth0 not returned.
2023-02-24 13:14:45,114 [main] INFO  ozone.OzoneSecurityUtil (OzoneSecurityUtil.java:getValidInetsForCurrentHost(116)) - Adding ip:10.1.0.29,host:fv-az201-462.yo4stti0dhyudgyjg01iu2obqd.jx.internal.cloudapp.net
2023-02-24 13:14:45,114 [main] INFO  ozone.OzoneSecurityUtil (OzoneSecurityUtil.java:getValidInetsForCurrentHost(119)) - ip:0:0:0:0:0:0:0:1%lo not returned.
2023-02-24 13:14:45,114 [main] INFO  ozone.OzoneSecurityUtil (OzoneSecurityUtil.java:getValidInetsForCurrentHost(119)) - ip:127.0.0.1 not returned.
2023-02-24 13:14:45,114 [main] INFO  client.DNCertificateClient (DNCertificateClient.java:getCSRBuilder(99)) - Created csr for DN-> subject:runner@fv-az201-462.yo4stti0dhyudgyjg01iu2obqd.jx.internal.cloudapp.net
2023-02-24 13:14:45,118 [main] INFO  client.DNCertificateClient (DefaultCertificateClient.java:loadAllCertificates(180)) - Loading certificate from location:/home/runner/work/ozone/ozone/hadoop-hdds/container-service/target/test-dir/B1tFvJdgJa/dn/certs.
2023-02-24 13:14:45,118 [main] WARN  client.DNCertificateClient (DefaultCertificateClient.java:loadAllCertificates(246)) - CertificateLifetimeMonitor is not started this time because certificate is empty.
]]></system-out>
  </testcase>
  <testcase name="testSecureDnStartupCase7" classname="org.apache.hadoop.ozone.TestHddsSecureDatanodeInit" time="0.017">
    <system-out><![CDATA[2023-02-24 13:14:45,120 [main] INFO  client.DNCertificateClient (DefaultCertificateClient.java:loadAllCertificates(180)) - Loading certificate from location:/home/runner/work/ozone/ozone/hadoop-hdds/container-service/target/test-dir/B1tFvJdgJa/dn/certs.
2023-02-24 13:14:45,120 [main] WARN  client.DNCertificateClient (DefaultCertificateClient.java:loadAllCertificates(246)) - CertificateLifetimeMonitor is not started this time because certificate is empty.
2023-02-24 13:14:45,122 [main] INFO  ozone.HddsDatanodeService (HddsDatanodeService.java:initializeCertificateClient(333)) - Initializing secure Datanode.
2023-02-24 13:14:45,123 [main] INFO  client.DNCertificateClient (DefaultCertificateClient.java:loadAllCertificates(180)) - Loading certificate from location:/home/runner/work/ozone/ozone/hadoop-hdds/container-service/target/test-dir/B1tFvJdgJa/dn/certs.
2023-02-24 13:14:45,124 [main] INFO  client.DNCertificateClient (DefaultCertificateClient.java:loadAllCertificates(222)) - Added certificate   [0]         Version: 3
         SerialNumber: 928199
             IssuerDN: CN=localhost,OU=test,O=cluster
           Start Date: Fri Feb 24 13:14:44 UTC 2023
           Final Date: Fri Feb 24 13:14:59 UTC 2023
            SubjectDN: CN=localhost,OU=test,O=cluster
           Public Key: RSA Public Key [7e:be:eb:90:aa:0b:aa:d8:cd:b2:a5:9c:1b:ca:87:58:b6:c7:9b:9d],[56:66:d1:a4]
        modulus: 960ff638b873a905e69c9d630e98d4de81b3fbc6510d2690f15440d70d4c033e7bf4c63515b96695cd544c0432b9fb2cfa4a81fdfe1f64fc98029da8f9b81df3f2f8f4af83c85e76c23240aeee51f36139d20c53c2bfe8538a2606c049fd42070286c4abd1cda2224fff48eab5c86af7679200921fbbe6503620794b2f4f456fddb97ad982875d6f9e2cdb473fec3ed7e72ff40424c595a69f2a4a36722cac3dd5a031a2656c7a78527645eb382e1be48011af7560944c726b20d56a759b3310d876a16f7d3dbe40cc08cecbc28010ee2b4f4aba61d6b2ef69a3f8494151886fdaf2570098114f9a7efdd5567307a279117974b3b4731c16e7ef9e17fdecb631
public exponent: 10001

  Signature Algorithm: SHA256WITHRSA
            Signature: 2498caaeb3cea3b16e369bdbf6a2c94bfb54546b
                       cbbcdf436d165f7921e9fdd41e915d527ac8866a
                       03c26cdf254bd1546dfb5f6f7463bedba383e925
                       4e2de4210134940031062f6d198664b917626d81
                       523b912db0986d18e30435b3080414ca8135cf40
                       947e14f94a79d1333d5b43f0ca4bae8849164931
                       62fa5da9263c8d4136d8e0b85dff00e431a119c4
                       ca9eeffb01eb12a0ce4932966d0ead9ff04965ad
                       a890bc080b1cb1be92af5b4452715b99248ab33e
                       041d9b4da2b41c4f1301f66e935ff475121294e0
                       a5ffcd46134018c636eaef87ea4aa8860e0792bf
                       1b9e96afb9842e1c1d5c24a5e46691594b820723
                       464eefc552e99beb6535f8d68dca2556
 from file:/home/runner/work/ozone/ozone/hadoop-hdds/container-service/target/test-dir/B1tFvJdgJa/dn/certs/certificate.crt.
2023-02-24 13:14:45,125 [main] INFO  client.DNCertificateClient (DefaultCertificateClient.java:startCertificateMonitor(1429)) - CertificateLifetimeMonitor for dn is started with first delay 8875 ms and interval 1666 ms.
2023-02-24 13:14:45,125 [main] INFO  client.DNCertificateClient (DefaultCertificateClient.java:init(813)) - Certificate client init case: 7
2023-02-24 13:14:45,125 [main] INFO  client.DNCertificateClient (DefaultCertificateClient.java:handleCase(872)) - Found certificate file along with KeyPair.
2023-02-24 13:14:45,130 [main] INFO  client.DNCertificateClient (DefaultCertificateClient.java:validateKeyPairAndCertificate(911)) - Keypair validated.
2023-02-24 13:14:45,136 [main] INFO  client.DNCertificateClient (DefaultCertificateClient.java:validateKeyPairAndCertificate(914)) - Keypair validated with certificate.
2023-02-24 13:14:45,136 [main] INFO  ozone.HddsDatanodeService (HddsDatanodeService.java:initializeCertificateClient(342)) - Init response: SUCCESS
2023-02-24 13:14:45,136 [main] INFO  ozone.HddsDatanodeService (HddsDatanodeService.java:initializeCertificateClient(345)) - Initialization successful, case:SUCCESS.
]]></system-out>
  </testcase>
  <testcase name="testCertificateRotation" classname="org.apache.hadoop.ozone.TestHddsSecureDatanodeInit" time="0">
    <skipped message="HDDS-7874"/>
  </testcase>
  <testcase name="testGetCSR" classname="org.apache.hadoop.ozone.TestHddsSecureDatanodeInit" time="0.017">
    <system-out><![CDATA[2023-02-24 13:14:45,139 [main] INFO  client.DNCertificateClient (DefaultCertificateClient.java:loadAllCertificates(180)) - Loading certificate from location:/home/runner/work/ozone/ozone/hadoop-hdds/container-service/target/test-dir/B1tFvJdgJa/dn/certs.
2023-02-24 13:14:45,140 [main] WARN  client.DNCertificateClient (DefaultCertificateClient.java:loadAllCertificates(246)) - CertificateLifetimeMonitor is not started this time because certificate is empty.
2023-02-24 13:14:45,142 [main] INFO  ozone.OzoneSecurityUtil (OzoneSecurityUtil.java:getValidInetsForCurrentHost(119)) - ip:fe80:0:0:0:222:48ff:feaa:f88f%eth0 not returned.
2023-02-24 13:14:45,142 [main] INFO  ozone.OzoneSecurityUtil (OzoneSecurityUtil.java:getValidInetsForCurrentHost(116)) - Adding ip:10.1.0.29,host:fv-az201-462.yo4stti0dhyudgyjg01iu2obqd.jx.internal.cloudapp.net
2023-02-24 13:14:45,142 [main] INFO  ozone.OzoneSecurityUtil (OzoneSecurityUtil.java:getValidInetsForCurrentHost(119)) - ip:0:0:0:0:0:0:0:1%lo not returned.
2023-02-24 13:14:45,142 [main] INFO  ozone.OzoneSecurityUtil (OzoneSecurityUtil.java:getValidInetsForCurrentHost(119)) - ip:127.0.0.1 not returned.
2023-02-24 13:14:45,143 [main] INFO  client.DNCertificateClient (DNCertificateClient.java:getCSRBuilder(99)) - Created csr for DN-> subject:runner@fv-az201-462.yo4stti0dhyudgyjg01iu2obqd.jx.internal.cloudapp.net
2023-02-24 13:14:45,145 [main] INFO  ozone.OzoneSecurityUtil (OzoneSecurityUtil.java:getValidInetsForCurrentHost(119)) - ip:fe80:0:0:0:222:48ff:feaa:f88f%eth0 not returned.
2023-02-24 13:14:45,146 [main] INFO  ozone.OzoneSecurityUtil (OzoneSecurityUtil.java:getValidInetsForCurrentHost(116)) - Adding ip:10.1.0.29,host:fv-az201-462.yo4stti0dhyudgyjg01iu2obqd.jx.internal.cloudapp.net
2023-02-24 13:14:45,146 [main] INFO  ozone.OzoneSecurityUtil (OzoneSecurityUtil.java:getValidInetsForCurrentHost(119)) - ip:0:0:0:0:0:0:0:1%lo not returned.
2023-02-24 13:14:45,146 [main] INFO  ozone.OzoneSecurityUtil (OzoneSecurityUtil.java:getValidInetsForCurrentHost(119)) - ip:127.0.0.1 not returned.
2023-02-24 13:14:45,146 [main] INFO  client.DNCertificateClient (DNCertificateClient.java:getCSRBuilder(99)) - Created csr for DN-> subject:runner@fv-az201-462.yo4stti0dhyudgyjg01iu2obqd.jx.internal.cloudapp.net
2023-02-24 13:14:45,149 [main] INFO  ozone.OzoneSecurityUtil (OzoneSecurityUtil.java:getValidInetsForCurrentHost(119)) - ip:fe80:0:0:0:222:48ff:feaa:f88f%eth0 not returned.
2023-02-24 13:14:45,149 [main] INFO  ozone.OzoneSecurityUtil (OzoneSecurityUtil.java:getValidInetsForCurrentHost(116)) - Adding ip:10.1.0.29,host:fv-az201-462.yo4stti0dhyudgyjg01iu2obqd.jx.internal.cloudapp.net
2023-02-24 13:14:45,149 [main] INFO  ozone.OzoneSecurityUtil (OzoneSecurityUtil.java:getValidInetsForCurrentHost(119)) - ip:0:0:0:0:0:0:0:1%lo not returned.
2023-02-24 13:14:45,149 [main] INFO  ozone.OzoneSecurityUtil (OzoneSecurityUtil.java:getValidInetsForCurrentHost(119)) - ip:127.0.0.1 not returned.
2023-02-24 13:14:45,150 [main] INFO  client.DNCertificateClient (DNCertificateClient.java:getCSRBuilder(99)) - Created csr for DN-> subject:runner@fv-az201-462.yo4stti0dhyudgyjg01iu2obqd.jx.internal.cloudapp.net
2023-02-24 13:14:45,152 [main] INFO  ozone.OzoneSecurityUtil (OzoneSecurityUtil.java:getValidInetsForCurrentHost(119)) - ip:fe80:0:0:0:222:48ff:feaa:f88f%eth0 not returned.
2023-02-24 13:14:45,152 [main] INFO  ozone.OzoneSecurityUtil (OzoneSecurityUtil.java:getValidInetsForCurrentHost(116)) - Adding ip:10.1.0.29,host:fv-az201-462.yo4stti0dhyudgyjg01iu2obqd.jx.internal.cloudapp.net
2023-02-24 13:14:45,153 [main] INFO  ozone.OzoneSecurityUtil (OzoneSecurityUtil.java:getValidInetsForCurrentHost(119)) - ip:0:0:0:0:0:0:0:1%lo not returned.
2023-02-24 13:14:45,153 [main] INFO  ozone.OzoneSecurityUtil (OzoneSecurityUtil.java:getValidInetsForCurrentHost(119)) - ip:127.0.0.1 not returned.
2023-02-24 13:14:45,153 [main] INFO  client.DNCertificateClient (DNCertificateClient.java:getCSRBuilder(99)) - Created csr for DN-> subject:runner@fv-az201-462.yo4stti0dhyudgyjg01iu2obqd.jx.internal.cloudapp.net
]]></system-out>
  </testcase>
  <testcase name="testCertificateRotationRecoverableFailure" classname="org.apache.hadoop.ozone.TestHddsSecureDatanodeInit" time="31.33">
    <error type="java.util.concurrent.TimeoutException"><![CDATA[java.util.concurrent.TimeoutException: 
Timed out waiting for condition. Thread diagnostics:
Timestamp: 2023-02-24 01:15:16,481

"Signal Dispatcher" daemon prio=9 tid=4 runnable
java.lang.Thread.State: RUNNABLE
"CertificateLifetimeMonitor" daemon prio=5 tid=16 timed_waiting
java.lang.Thread.State: TIMED_WAITING
        at sun.misc.Unsafe.park(Native Method)
        at java.util.concurrent.locks.LockSupport.parkNanos(LockSupport.java:215)
        at java.util.concurrent.locks.AbstractQueuedSynchronizer$ConditionObject.awaitNanos(AbstractQueuedSynchronizer.java:2078)
        at java.util.concurrent.ScheduledThreadPoolExecutor$DelayedWorkQueue.take(ScheduledThreadPoolExecutor.java:1093)
        at java.util.concurrent.ScheduledThreadPoolExecutor$DelayedWorkQueue.take(ScheduledThreadPoolExecutor.java:809)
        at java.util.concurrent.ThreadPoolExecutor.getTask(ThreadPoolExecutor.java:1074)
        at java.util.concurrent.ThreadPoolExecutor.runWorker(ThreadPoolExecutor.java:1134)
        at java.util.concurrent.ThreadPoolExecutor$Worker.run(ThreadPoolExecutor.java:624)
        at java.lang.Thread.run(Thread.java:750)
"Timer for 'HddsDatanode' metrics system" daemon prio=5 tid=14 timed_waiting
java.lang.Thread.State: TIMED_WAITING
        at java.lang.Object.wait(Native Method)
        at java.util.TimerThread.mainLoop(Timer.java:552)
        at java.util.TimerThread.run(Timer.java:505)
"Reference Handler" daemon prio=10 tid=2 in Object.wait()
java.lang.Thread.State: WAITING (on object monitor)
        at java.lang.Object.wait(Native Method)
        at java.lang.Object.wait(Object.java:502)
        at java.lang.ref.Reference.tryHandlePending(Reference.java:191)
        at java.lang.ref.Reference$ReferenceHandler.run(Reference.java:153)
"Finalizer" daemon prio=8 tid=3 in Object.wait()
java.lang.Thread.State: WAITING (on object monitor)
        at java.lang.Object.wait(Native Method)
        at java.lang.ref.ReferenceQueue.remove(ReferenceQueue.java:144)
        at java.lang.ref.ReferenceQueue.remove(ReferenceQueue.java:165)
        at java.lang.ref.Finalizer$FinalizerThread.run(Finalizer.java:188)
"Attach Listener" daemon prio=9 tid=19 runnable
java.lang.Thread.State: RUNNABLE
"CertificateLifetimeMonitor" daemon prio=5 tid=15 timed_waiting
java.lang.Thread.State: TIMED_WAITING
        at sun.misc.Unsafe.park(Native Method)
        at java.util.concurrent.locks.LockSupport.parkNanos(LockSupport.java:215)
        at java.util.concurrent.locks.AbstractQueuedSynchronizer$ConditionObject.awaitNanos(AbstractQueuedSynchronizer.java:2078)
        at java.util.concurrent.ScheduledThreadPoolExecutor$DelayedWorkQueue.take(ScheduledThreadPoolExecutor.java:1093)
        at java.util.concurrent.ScheduledThreadPoolExecutor$DelayedWorkQueue.take(ScheduledThreadPoolExecutor.java:809)
        at java.util.concurrent.ThreadPoolExecutor.getTask(ThreadPoolExecutor.java:1074)
        at java.util.concurrent.ThreadPoolExecutor.runWorker(ThreadPoolExecutor.java:1134)
        at java.util.concurrent.ThreadPoolExecutor$Worker.run(ThreadPoolExecutor.java:624)
        at java.lang.Thread.run(Thread.java:750)
"surefire-forkedjvm-command-thread" daemon prio=5 tid=10 runnable
java.lang.Thread.State: RUNNABLE
        at java.io.FileInputStream.readBytes(Native Method)
        at java.io.FileInputStream.read(FileInputStream.java:255)
        at java.io.BufferedInputStream.read1(BufferedInputStream.java:284)
        at java.io.BufferedInputStream.read(BufferedInputStream.java:345)
        at java.io.BufferedInputStream.fill(BufferedInputStream.java:246)
        at java.io.BufferedInputStream.read1(BufferedInputStream.java:286)
        at java.io.BufferedInputStream.read(BufferedInputStream.java:345)
        at org.apache.maven.surefire.api.util.internal.Channels$3.readImpl(Channels.java:214)
        at org.apache.maven.surefire.api.util.internal.AbstractNoninterruptibleReadableChannel.read(AbstractNoninterruptibleReadableChannel.java:54)
        at org.apache.maven.surefire.booter.spi.LegacyMasterProcessChannelDecoder.decode(LegacyMasterProcessChannelDecoder.java:80)
        at org.apache.maven.surefire.booter.CommandReader$CommandRunnable.run(CommandReader.java:343)
        at java.lang.Thread.run(Thread.java:750)
"main"  prio=5 tid=1 runnable
java.lang.Thread.State: RUNNABLE
        at java.lang.Thread.dumpThreads(Native Method)
        at java.lang.Thread.getAllStackTraces(Thread.java:1615)
        at org.apache.ozone.test.TimedOutTestsListener.buildThreadDump(TimedOutTestsListener.java:93)
        at org.apache.ozone.test.TimedOutTestsListener.buildThreadDiagnosticString(TimedOutTestsListener.java:79)
        at org.apache.ozone.test.GenericTestUtils.waitFor(GenericTestUtils.java:231)
        at org.apache.hadoop.ozone.TestHddsSecureDatanodeInit.testCertificateRotationRecoverableFailure(TestHddsSecureDatanodeInit.java:432)
        at sun.reflect.NativeMethodAccessorImpl.invoke0(Native Method)
        at sun.reflect.NativeMethodAccessorImpl.invoke(NativeMethodAccessorImpl.java:62)
        at sun.reflect.DelegatingMethodAccessorImpl.invoke(DelegatingMethodAccessorImpl.java:43)
        at java.lang.reflect.Method.invoke(Method.java:498)
        at org.junit.platform.commons.util.ReflectionUtils.invokeMethod(ReflectionUtils.java:725)
        at org.junit.jupiter.engine.execution.MethodInvocation.proceed(MethodInvocation.java:60)
        at org.junit.jupiter.engine.execution.InvocationInterceptorChain$ValidatingInvocation.proceed(InvocationInterceptorChain.java:131)
        at org.junit.jupiter.engine.extension.TimeoutExtension.intercept(TimeoutExtension.java:149)
        at org.junit.jupiter.engine.extension.TimeoutExtension.interceptTestableMethod(TimeoutExtension.java:140)
        at org.junit.jupiter.engine.extension.TimeoutExtension.interceptTestMethod(TimeoutExtension.java:84)
        at org.junit.jupiter.engine.descriptor.TestMethodTestDescriptor$$Lambda$136/932285561.apply(Unknown Source)
        at org.junit.jupiter.engine.execution.ExecutableInvoker$ReflectiveInterceptorCall.lambda$ofVoidMethod$0(ExecutableInvoker.java:115)
        at org.junit.jupiter.engine.execution.ExecutableInvoker$ReflectiveInterceptorCall$$Lambda$137/1014166943.apply(Unknown Source)
        at org.junit.jupiter.engine.execution.ExecutableInvoker.lambda$invoke$0(ExecutableInvoker.java:105)
        at org.junit.jupiter.engine.execution.ExecutableInvoker$$Lambda$290/2037764568.apply(Unknown Source)
        at org.junit.jupiter.engine.execution.InvocationInterceptorChain$InterceptedInvocation.proceed(InvocationInterceptorChain.java:106)
        at org.junit.jupiter.engine.execution.InvocationInterceptorChain.proceed(InvocationInterceptorChain.java:64)
        at org.junit.jupiter.engine.execution.InvocationInterceptorChain.chainAndInvoke(InvocationInterceptorChain.java:45)
        at org.junit.jupiter.engine.execution.InvocationInterceptorChain.invoke(InvocationInterceptorChain.java:37)
        at org.junit.jupiter.engine.execution.ExecutableInvoker.invoke(ExecutableInvoker.java:104)
        at org.junit.jupiter.engine.execution.ExecutableInvoker.invoke(ExecutableInvoker.java:98)
        at org.junit.jupiter.engine.descriptor.TestMethodTestDescriptor.lambda$invokeTestMethod$7(TestMethodTestDescriptor.java:214)
        at org.junit.jupiter.engine.descriptor.TestMethodTestDescriptor$$Lambda$369/247575268.execute(Unknown Source)
        at org.junit.platform.engine.support.hierarchical.ThrowableCollector.execute(ThrowableCollector.java:73)
        at org.junit.jupiter.engine.descriptor.TestMethodTestDescriptor.invokeTestMethod(TestMethodTestDescriptor.java:210)
        at org.junit.jupiter.engine.descriptor.TestMethodTestDescriptor.execute(TestMethodTestDescriptor.java:135)
        at org.junit.jupiter.engine.descriptor.TestMethodTestDescriptor.execute(TestMethodTestDescriptor.java:66)
        at org.junit.platform.engine.support.hierarchical.NodeTestTask.lambda$executeRecursively$6(NodeTestTask.java:151)
        at org.junit.platform.engine.support.hierarchical.NodeTestTask$$Lambda$233/1427381743.execute(Unknown Source)
        at org.junit.platform.engine.support.hierarchical.ThrowableCollector.execute(ThrowableCollector.java:73)
        at org.junit.platform.engine.support.hierarchical.NodeTestTask.lambda$executeRecursively$8(NodeTestTask.java:141)
        at org.junit.platform.engine.support.hierarchical.NodeTestTask$$Lambda$232/1206569586.invoke(Unknown Source)
        at org.junit.platform.engine.support.hierarchical.Node.around(Node.java:137)
        at org.junit.platform.engine.support.hierarchical.NodeTestTask.lambda$executeRecursively$9(NodeTestTask.java:139)
        at org.junit.platform.engine.support.hierarchical.NodeTestTask$$Lambda$231/1764696127.execute(Unknown Source)
        at org.junit.platform.engine.support.hierarchical.ThrowableCollector.execute(ThrowableCollector.java:73)
        at org.junit.platform.engine.support.hierarchical.NodeTestTask.executeRecursively(NodeTestTask.java:138)
        at org.junit.platform.engine.support.hierarchical.NodeTestTask.execute(NodeTestTask.java:95)
        at org.junit.platform.engine.support.hierarchical.SameThreadHierarchicalTestExecutorService$$Lambda$237/348984985.accept(Unknown Source)
        at java.util.ArrayList.forEach(ArrayList.java:1259)
        at org.junit.platform.engine.support.hierarchical.SameThreadHierarchicalTestExecutorService.invokeAll(SameThreadHierarchicalTestExecutorService.java:41)
        at org.junit.platform.engine.support.hierarchical.NodeTestTask.lambda$executeRecursively$6(NodeTestTask.java:155)
        at org.junit.platform.engine.support.hierarchical.NodeTestTask$$Lambda$233/1427381743.execute(Unknown Source)
        at org.junit.platform.engine.support.hierarchical.ThrowableCollector.execute(ThrowableCollector.java:73)
        at org.junit.platform.engine.support.hierarchical.NodeTestTask.lambda$executeRecursively$8(NodeTestTask.java:141)
        at org.junit.platform.engine.support.hierarchical.NodeTestTask$$Lambda$232/1206569586.invoke(Unknown Source)
        at org.junit.platform.engine.support.hierarchical.Node.around(Node.java:137)
        at org.junit.platform.engine.support.hierarchical.NodeTestTask.lambda$executeRecursively$9(NodeTestTask.java:139)
        at org.junit.platform.engine.support.hierarchical.NodeTestTask$$Lambda$231/1764696127.execute(Unknown Source)
        at org.junit.platform.engine.support.hierarchical.ThrowableCollector.execute(ThrowableCollector.java:73)
        at org.junit.platform.engine.support.hierarchical.NodeTestTask.executeRecursively(NodeTestTask.java:138)
        at org.junit.platform.engine.support.hierarchical.NodeTestTask.execute(NodeTestTask.java:95)
        at org.junit.platform.engine.support.hierarchical.SameThreadHierarchicalTestExecutorService$$Lambda$237/348984985.accept(Unknown Source)
        at java.util.ArrayList.forEach(ArrayList.java:1259)
        at org.junit.platform.engine.support.hierarchical.SameThreadHierarchicalTestExecutorService.invokeAll(SameThreadHierarchicalTestExecutorService.java:41)
        at org.junit.platform.engine.support.hierarchical.NodeTestTask.lambda$executeRecursively$6(NodeTestTask.java:155)
        at org.junit.platform.engine.support.hierarchical.NodeTestTask$$Lambda$233/1427381743.execute(Unknown Source)
        at org.junit.platform.engine.support.hierarchical.ThrowableCollector.execute(ThrowableCollector.java:73)
        at org.junit.platform.engine.support.hierarchical.NodeTestTask.lambda$executeRecursively$8(NodeTestTask.java:141)
        at org.junit.platform.engine.support.hierarchical.NodeTestTask$$Lambda$232/1206569586.invoke(Unknown Source)
        at org.junit.platform.engine.support.hierarchical.Node.around(Node.java:137)
        at org.junit.platform.engine.support.hierarchical.NodeTestTask.lambda$executeRecursively$9(NodeTestTask.java:139)
        at org.junit.platform.engine.support.hierarchical.NodeTestTask$$Lambda$231/1764696127.execute(Unknown Source)
        at org.junit.platform.engine.support.hierarchical.ThrowableCollector.execute(ThrowableCollector.java:73)
        at org.junit.platform.engine.support.hierarchical.NodeTestTask.executeRecursively(NodeTestTask.java:138)
        at org.junit.platform.engine.support.hierarchical.NodeTestTask.execute(NodeTestTask.java:95)
        at org.junit.platform.engine.support.hierarchical.SameThreadHierarchicalTestExecutorService.submit(SameThreadHierarchicalTestExecutorService.java:35)
        at org.junit.platform.engine.support.hierarchical.HierarchicalTestExecutor.execute(HierarchicalTestExecutor.java:57)
        at org.junit.platform.engine.support.hierarchical.HierarchicalTestEngine.execute(HierarchicalTestEngine.java:54)
        at org.junit.platform.launcher.core.EngineExecutionOrchestrator.execute(EngineExecutionOrchestrator.java:107)
        at org.junit.platform.launcher.core.EngineExecutionOrchestrator.execute(EngineExecutionOrchestrator.java:88)
        at org.junit.platform.launcher.core.EngineExecutionOrchestrator.lambda$execute$0(EngineExecutionOrchestrator.java:54)
        at org.junit.platform.launcher.core.EngineExecutionOrchestrator$$Lambda$185/204715855.accept(Unknown Source)
        at org.junit.platform.launcher.core.EngineExecutionOrchestrator.withInterceptedStreams(EngineExecutionOrchestrator.java:67)
        at org.junit.platform.launcher.core.EngineExecutionOrchestrator.execute(EngineExecutionOrchestrator.java:52)
        at org.junit.platform.launcher.core.DefaultLauncher.execute(DefaultLauncher.java:114)
        at org.junit.platform.launcher.core.DefaultLauncher.execute(DefaultLauncher.java:86)
        at org.junit.platform.launcher.core.DefaultLauncherSession$DelegatingLauncher.execute(DefaultLauncherSession.java:86)
        at org.junit.platform.launcher.core.SessionPerRequestLauncher.execute(SessionPerRequestLauncher.java:53)
        at org.apache.maven.surefire.junitplatform.JUnitPlatformProvider.execute(JUnitPlatformProvider.java:188)
        at org.apache.maven.surefire.junitplatform.JUnitPlatformProvider.invokeAllTests(JUnitPlatformProvider.java:154)
        at org.apache.maven.surefire.junitplatform.JUnitPlatformProvider.invoke(JUnitPlatformProvider.java:124)
        at org.apache.maven.surefire.booter.ForkedBooter.runSuitesInProcess(ForkedBooter.java:428)
        at org.apache.maven.surefire.booter.ForkedBooter.execute(ForkedBooter.java:162)
        at org.apache.maven.surefire.booter.ForkedBooter.run(ForkedBooter.java:562)
        at org.apache.maven.surefire.booter.ForkedBooter.main(ForkedBooter.java:548)
"CertificateLifetimeMonitor" daemon prio=5 tid=20 timed_waiting
java.lang.Thread.State: TIMED_WAITING
        at sun.misc.Unsafe.park(Native Method)
        at java.util.concurrent.locks.LockSupport.parkNanos(LockSupport.java:215)
        at java.util.concurrent.locks.AbstractQueuedSynchronizer$ConditionObject.awaitNanos(AbstractQueuedSynchronizer.java:2078)
        at java.util.concurrent.ScheduledThreadPoolExecutor$DelayedWorkQueue.take(ScheduledThreadPoolExecutor.java:1093)
        at java.util.concurrent.ScheduledThreadPoolExecutor$DelayedWorkQueue.take(ScheduledThreadPoolExecutor.java:809)
        at java.util.concurrent.ThreadPoolExecutor.getTask(ThreadPoolExecutor.java:1074)
        at java.util.concurrent.ThreadPoolExecutor.runWorker(ThreadPoolExecutor.java:1134)
        at java.util.concurrent.ThreadPoolExecutor$Worker.run(ThreadPoolExecutor.java:624)
        at java.lang.Thread.run(Thread.java:750)
"CertificateLifetimeMonitor" daemon prio=5 tid=18 timed_waiting
java.lang.Thread.State: TIMED_WAITING
        at sun.misc.Unsafe.park(Native Method)
        at java.util.concurrent.locks.LockSupport.parkNanos(LockSupport.java:215)
        at java.util.concurrent.locks.AbstractQueuedSynchronizer$ConditionObject.awaitNanos(AbstractQueuedSynchronizer.java:2078)
        at java.util.concurrent.ScheduledThreadPoolExecutor$DelayedWorkQueue.take(ScheduledThreadPoolExecutor.java:1093)
        at java.util.concurrent.ScheduledThreadPoolExecutor$DelayedWorkQueue.take(ScheduledThreadPoolExecutor.java:809)
        at java.util.concurrent.ThreadPoolExecutor.getTask(ThreadPoolExecutor.java:1074)
        at java.util.concurrent.ThreadPoolExecutor.runWorker(ThreadPoolExecutor.java:1134)
        at java.util.concurrent.ThreadPoolExecutor$Worker.run(ThreadPoolExecutor.java:624)
        at java.lang.Thread.run(Thread.java:750)
"CertificateLifetimeMonitor" daemon prio=5 tid=17 timed_waiting
java.lang.Thread.State: TIMED_WAITING
        at sun.misc.Unsafe.park(Native Method)
        at java.util.concurrent.locks.LockSupport.parkNanos(LockSupport.java:215)
        at java.util.concurrent.locks.AbstractQueuedSynchronizer$ConditionObject.awaitNanos(AbstractQueuedSynchronizer.java:2078)
        at java.util.concurrent.ScheduledThreadPoolExecutor$DelayedWorkQueue.take(ScheduledThreadPoolExecutor.java:1093)
        at java.util.concurrent.ScheduledThreadPoolExecutor$DelayedWorkQueue.take(ScheduledThreadPoolExecutor.java:809)
        at java.util.concurrent.ThreadPoolExecutor.getTask(ThreadPoolExecutor.java:1074)
        at java.util.concurrent.ThreadPoolExecutor.runWorker(ThreadPoolExecutor.java:1134)
        at java.util.concurrent.ThreadPoolExecutor$Worker.run(ThreadPoolExecutor.java:624)
        at java.lang.Thread.run(Thread.java:750)
"process reaper" daemon prio=10 tid=12 timed_waiting
java.lang.Thread.State: TIMED_WAITING
        at sun.misc.Unsafe.park(Native Method)
        at java.util.concurrent.locks.LockSupport.parkNanos(LockSupport.java:215)
        at java.util.concurrent.SynchronousQueue$TransferStack.awaitFulfill(SynchronousQueue.java:460)
        at java.util.concurrent.SynchronousQueue$TransferStack.transfer(SynchronousQueue.java:362)
        at java.util.concurrent.SynchronousQueue.poll(SynchronousQueue.java:941)
        at java.util.concurrent.ThreadPoolExecutor.getTask(ThreadPoolExecutor.java:1073)
        at java.util.concurrent.ThreadPoolExecutor.runWorker(ThreadPoolExecutor.java:1134)
        at java.util.concurrent.ThreadPoolExecutor$Worker.run(ThreadPoolExecutor.java:624)
        at java.lang.Thread.run(Thread.java:750)


	at org.apache.ozone.test.GenericTestUtils.waitFor(GenericTestUtils.java:231)
	at org.apache.hadoop.ozone.TestHddsSecureDatanodeInit.testCertificateRotationRecoverableFailure(TestHddsSecureDatanodeInit.java:432)
	at sun.reflect.NativeMethodAccessorImpl.invoke0(Native Method)
	at sun.reflect.NativeMethodAccessorImpl.invoke(NativeMethodAccessorImpl.java:62)
	at sun.reflect.DelegatingMethodAccessorImpl.invoke(DelegatingMethodAccessorImpl.java:43)
	at java.lang.reflect.Method.invoke(Method.java:498)
	at org.junit.platform.commons.util.ReflectionUtils.invokeMethod(ReflectionUtils.java:725)
	at org.junit.jupiter.engine.execution.MethodInvocation.proceed(MethodInvocation.java:60)
	at org.junit.jupiter.engine.execution.InvocationInterceptorChain$ValidatingInvocation.proceed(InvocationInterceptorChain.java:131)
	at org.junit.jupiter.engine.extension.TimeoutExtension.intercept(TimeoutExtension.java:149)
	at org.junit.jupiter.engine.extension.TimeoutExtension.interceptTestableMethod(TimeoutExtension.java:140)
	at org.junit.jupiter.engine.extension.TimeoutExtension.interceptTestMethod(TimeoutExtension.java:84)
	at org.junit.jupiter.engine.execution.ExecutableInvoker$ReflectiveInterceptorCall.lambda$ofVoidMethod$0(ExecutableInvoker.java:115)
	at org.junit.jupiter.engine.execution.ExecutableInvoker.lambda$invoke$0(ExecutableInvoker.java:105)
	at org.junit.jupiter.engine.execution.InvocationInterceptorChain$InterceptedInvocation.proceed(InvocationInterceptorChain.java:106)
	at org.junit.jupiter.engine.execution.InvocationInterceptorChain.proceed(InvocationInterceptorChain.java:64)
	at org.junit.jupiter.engine.execution.InvocationInterceptorChain.chainAndInvoke(InvocationInterceptorChain.java:45)
	at org.junit.jupiter.engine.execution.InvocationInterceptorChain.invoke(InvocationInterceptorChain.java:37)
	at org.junit.jupiter.engine.execution.ExecutableInvoker.invoke(ExecutableInvoker.java:104)
	at org.junit.jupiter.engine.execution.ExecutableInvoker.invoke(ExecutableInvoker.java:98)
	at org.junit.jupiter.engine.descriptor.TestMethodTestDescriptor.lambda$invokeTestMethod$7(TestMethodTestDescriptor.java:214)
	at org.junit.platform.engine.support.hierarchical.ThrowableCollector.execute(ThrowableCollector.java:73)
	at org.junit.jupiter.engine.descriptor.TestMethodTestDescriptor.invokeTestMethod(TestMethodTestDescriptor.java:210)
	at org.junit.jupiter.engine.descriptor.TestMethodTestDescriptor.execute(TestMethodTestDescriptor.java:135)
	at org.junit.jupiter.engine.descriptor.TestMethodTestDescriptor.execute(TestMethodTestDescriptor.java:66)
	at org.junit.platform.engine.support.hierarchical.NodeTestTask.lambda$executeRecursively$6(NodeTestTask.java:151)
	at org.junit.platform.engine.support.hierarchical.ThrowableCollector.execute(ThrowableCollector.java:73)
	at org.junit.platform.engine.support.hierarchical.NodeTestTask.lambda$executeRecursively$8(NodeTestTask.java:141)
	at org.junit.platform.engine.support.hierarchical.Node.around(Node.java:137)
	at org.junit.platform.engine.support.hierarchical.NodeTestTask.lambda$executeRecursively$9(NodeTestTask.java:139)
	at org.junit.platform.engine.support.hierarchical.ThrowableCollector.execute(ThrowableCollector.java:73)
	at org.junit.platform.engine.support.hierarchical.NodeTestTask.executeRecursively(NodeTestTask.java:138)
	at org.junit.platform.engine.support.hierarchical.NodeTestTask.execute(NodeTestTask.java:95)
	at java.util.ArrayList.forEach(ArrayList.java:1259)
	at org.junit.platform.engine.support.hierarchical.SameThreadHierarchicalTestExecutorService.invokeAll(SameThreadHierarchicalTestExecutorService.java:41)
	at org.junit.platform.engine.support.hierarchical.NodeTestTask.lambda$executeRecursively$6(NodeTestTask.java:155)
	at org.junit.platform.engine.support.hierarchical.ThrowableCollector.execute(ThrowableCollector.java:73)
	at org.junit.platform.engine.support.hierarchical.NodeTestTask.lambda$executeRecursively$8(NodeTestTask.java:141)
	at org.junit.platform.engine.support.hierarchical.Node.around(Node.java:137)
	at org.junit.platform.engine.support.hierarchical.NodeTestTask.lambda$executeRecursively$9(NodeTestTask.java:139)
	at org.junit.platform.engine.support.hierarchical.ThrowableCollector.execute(ThrowableCollector.java:73)
	at org.junit.platform.engine.support.hierarchical.NodeTestTask.executeRecursively(NodeTestTask.java:138)
	at org.junit.platform.engine.support.hierarchical.NodeTestTask.execute(NodeTestTask.java:95)
	at java.util.ArrayList.forEach(ArrayList.java:1259)
	at org.junit.platform.engine.support.hierarchical.SameThreadHierarchicalTestExecutorService.invokeAll(SameThreadHierarchicalTestExecutorService.java:41)
	at org.junit.platform.engine.support.hierarchical.NodeTestTask.lambda$executeRecursively$6(NodeTestTask.java:155)
	at org.junit.platform.engine.support.hierarchical.ThrowableCollector.execute(ThrowableCollector.java:73)
	at org.junit.platform.engine.support.hierarchical.NodeTestTask.lambda$executeRecursively$8(NodeTestTask.java:141)
	at org.junit.platform.engine.support.hierarchical.Node.around(Node.java:137)
	at org.junit.platform.engine.support.hierarchical.NodeTestTask.lambda$executeRecursively$9(NodeTestTask.java:139)
	at org.junit.platform.engine.support.hierarchical.ThrowableCollector.execute(ThrowableCollector.java:73)
	at org.junit.platform.engine.support.hierarchical.NodeTestTask.executeRecursively(NodeTestTask.java:138)
	at org.junit.platform.engine.support.hierarchical.NodeTestTask.execute(NodeTestTask.java:95)
	at org.junit.platform.engine.support.hierarchical.SameThreadHierarchicalTestExecutorService.submit(SameThreadHierarchicalTestExecutorService.java:35)
	at org.junit.platform.engine.support.hierarchical.HierarchicalTestExecutor.execute(HierarchicalTestExecutor.java:57)
	at org.junit.platform.engine.support.hierarchical.HierarchicalTestEngine.execute(HierarchicalTestEngine.java:54)
	at org.junit.platform.launcher.core.EngineExecutionOrchestrator.execute(EngineExecutionOrchestrator.java:107)
	at org.junit.platform.launcher.core.EngineExecutionOrchestrator.execute(EngineExecutionOrchestrator.java:88)
	at org.junit.platform.launcher.core.EngineExecutionOrchestrator.lambda$execute$0(EngineExecutionOrchestrator.java:54)
	at org.junit.platform.launcher.core.EngineExecutionOrchestrator.withInterceptedStreams(EngineExecutionOrchestrator.java:67)
	at org.junit.platform.launcher.core.EngineExecutionOrchestrator.execute(EngineExecutionOrchestrator.java:52)
	at org.junit.platform.launcher.core.DefaultLauncher.execute(DefaultLauncher.java:114)
	at org.junit.platform.launcher.core.DefaultLauncher.execute(DefaultLauncher.java:86)
	at org.junit.platform.launcher.core.DefaultLauncherSession$DelegatingLauncher.execute(DefaultLauncherSession.java:86)
	at org.junit.platform.launcher.core.SessionPerRequestLauncher.execute(SessionPerRequestLauncher.java:53)
	at org.apache.maven.surefire.junitplatform.JUnitPlatformProvider.execute(JUnitPlatformProvider.java:188)
	at org.apache.maven.surefire.junitplatform.JUnitPlatformProvider.invokeAllTests(JUnitPlatformProvider.java:154)
	at org.apache.maven.surefire.junitplatform.JUnitPlatformProvider.invoke(JUnitPlatformProvider.java:124)
	at org.apache.maven.surefire.booter.ForkedBooter.runSuitesInProcess(ForkedBooter.java:428)
	at org.apache.maven.surefire.booter.ForkedBooter.execute(ForkedBooter.java:162)
	at org.apache.maven.surefire.booter.ForkedBooter.run(ForkedBooter.java:562)
	at org.apache.maven.surefire.booter.ForkedBooter.main(ForkedBooter.java:548)
]]></error>
    <system-out><![CDATA[2023-02-24 13:14:45,157 [main] INFO  client.DNCertificateClient (DefaultCertificateClient.java:loadAllCertificates(180)) - Loading certificate from location:/home/runner/work/ozone/ozone/hadoop-hdds/container-service/target/test-dir/B1tFvJdgJa/dn/certs.
2023-02-24 13:14:45,158 [main] WARN  client.DNCertificateClient (DefaultCertificateClient.java:loadAllCertificates(246)) - CertificateLifetimeMonitor is not started this time because certificate is empty.
2023-02-24 13:14:46,289 [main] INFO  utils.SelfSignedCertificate (SelfSignedCertificate.java:generateCertificate(155)) - Certificate 929756 is issued by CN=localhost,OU=test,O=cluster to CN=localhost,OU=test,O=cluster, valid from Fri Feb 24 13:14:51 UTC 2023 to Fri Feb 24 13:15:06 UTC 2023
2023-02-24 13:14:46,416 [main] INFO  client.DNCertificateClient (DefaultCertificateClient.java:loadAllCertificates(180)) - Loading certificate from location:/home/runner/work/ozone/ozone/hadoop-hdds/container-service/target/test-dir/B1tFvJdgJa/dn/certs.
2023-02-24 13:14:46,425 [main] INFO  client.DNCertificateClient (DefaultCertificateClient.java:loadAllCertificates(222)) - Added certificate   [0]         Version: 3
         SerialNumber: 928199
             IssuerDN: CN=localhost,OU=test,O=cluster
           Start Date: Fri Feb 24 13:14:44 UTC 2023
           Final Date: Fri Feb 24 13:14:59 UTC 2023
            SubjectDN: CN=localhost,OU=test,O=cluster
           Public Key: RSA Public Key [7e:be:eb:90:aa:0b:aa:d8:cd:b2:a5:9c:1b:ca:87:58:b6:c7:9b:9d],[56:66:d1:a4]
        modulus: 960ff638b873a905e69c9d630e98d4de81b3fbc6510d2690f15440d70d4c033e7bf4c63515b96695cd544c0432b9fb2cfa4a81fdfe1f64fc98029da8f9b81df3f2f8f4af83c85e76c23240aeee51f36139d20c53c2bfe8538a2606c049fd42070286c4abd1cda2224fff48eab5c86af7679200921fbbe6503620794b2f4f456fddb97ad982875d6f9e2cdb473fec3ed7e72ff40424c595a69f2a4a36722cac3dd5a031a2656c7a78527645eb382e1be48011af7560944c726b20d56a759b3310d876a16f7d3dbe40cc08cecbc28010ee2b4f4aba61d6b2ef69a3f8494151886fdaf2570098114f9a7efdd5567307a279117974b3b4731c16e7ef9e17fdecb631
public exponent: 10001

  Signature Algorithm: SHA256WITHRSA
            Signature: 2498caaeb3cea3b16e369bdbf6a2c94bfb54546b
                       cbbcdf436d165f7921e9fdd41e915d527ac8866a
                       03c26cdf254bd1546dfb5f6f7463bedba383e925
                       4e2de4210134940031062f6d198664b917626d81
                       523b912db0986d18e30435b3080414ca8135cf40
                       947e14f94a79d1333d5b43f0ca4bae8849164931
                       62fa5da9263c8d4136d8e0b85dff00e431a119c4
                       ca9eeffb01eb12a0ce4932966d0ead9ff04965ad
                       a890bc080b1cb1be92af5b4452715b99248ab33e
                       041d9b4da2b41c4f1301f66e935ff475121294e0
                       a5ffcd46134018c636eaef87ea4aa8860e0792bf
                       1b9e96afb9842e1c1d5c24a5e46691594b820723
                       464eefc552e99beb6535f8d68dca2556
 from file:/home/runner/work/ozone/ozone/hadoop-hdds/container-service/target/test-dir/B1tFvJdgJa/dn/certs/certificate.crt.
2023-02-24 13:14:46,430 [main] INFO  client.DNCertificateClient (DefaultCertificateClient.java:startCertificateMonitor(1429)) - CertificateLifetimeMonitor for dn is started with first delay 7574 ms and interval 1666 ms.
2023-02-24 13:14:46,430 [main] INFO  client.DNCertificateClient (DefaultCertificateClient.java:startCertificateMonitor(1429)) - CertificateLifetimeMonitor for dn is started with first delay 7570 ms and interval 1666 ms.
2023-02-24 13:14:54,000 [CertificateLifetimeMonitor] INFO  client.DNCertificateClient (DefaultCertificateClient.java:run(1448)) - Current certificate has entered the expiry grace period PT0S. Starting renew key and certs.
2023-02-24 13:14:54,001 [CertificateLifetimeMonitor] INFO  client.DNCertificateClient (DefaultCertificateClient.java:run(1448)) - Current certificate has entered the expiry grace period PT0S. Starting renew key and certs.
2023-02-24 13:14:54,009 [CertificateLifetimeMonitor] INFO  client.DNCertificateClient (DefaultCertificateClient.java:run(1448)) - Current certificate has entered the expiry grace period PT0S. Starting renew key and certs.
2023-02-24 13:14:54,001 [CertificateLifetimeMonitor] INFO  client.DNCertificateClient (DefaultCertificateClient.java:run(1448)) - Current certificate has entered the expiry grace period PT0S. Starting renew key and certs.
2023-02-24 13:14:54,001 [CertificateLifetimeMonitor] INFO  client.DNCertificateClient (DefaultCertificateClient.java:run(1448)) - Current certificate has entered the expiry grace period PT0S. Starting renew key and certs.
2023-02-24 13:14:54,325 [CertificateLifetimeMonitor] INFO  ozone.OzoneSecurityUtil (OzoneSecurityUtil.java:getValidInetsForCurrentHost(119)) - ip:fe80:0:0:0:222:48ff:feaa:f88f%eth0 not returned.
2023-02-24 13:14:54,326 [CertificateLifetimeMonitor] INFO  ozone.OzoneSecurityUtil (OzoneSecurityUtil.java:getValidInetsForCurrentHost(116)) - Adding ip:10.1.0.29,host:fv-az201-462.yo4stti0dhyudgyjg01iu2obqd.jx.internal.cloudapp.net
2023-02-24 13:14:54,326 [CertificateLifetimeMonitor] INFO  ozone.OzoneSecurityUtil (OzoneSecurityUtil.java:getValidInetsForCurrentHost(119)) - ip:0:0:0:0:0:0:0:1%lo not returned.
2023-02-24 13:14:54,326 [CertificateLifetimeMonitor] INFO  ozone.OzoneSecurityUtil (OzoneSecurityUtil.java:getValidInetsForCurrentHost(119)) - ip:127.0.0.1 not returned.
2023-02-24 13:14:54,327 [CertificateLifetimeMonitor] INFO  client.DNCertificateClient (DNCertificateClient.java:getCSRBuilder(99)) - Created csr for DN-> subject:runner@fv-az201-462.yo4stti0dhyudgyjg01iu2obqd.jx.internal.cloudapp.net
2023-02-24 13:14:54,361 [CertificateLifetimeMonitor] ERROR client.DNCertificateClient (DefaultCertificateClient.java:run(1461)) - Failed to renew and store key and cert. Keep using existing certificates.
org.apache.hadoop.hdds.security.x509.exception.CertificateException: Error while signing and storing new certificates.
	at org.apache.hadoop.hdds.security.x509.certificate.client.DefaultCertificateClient.renewAndStoreKeyAndCertificate(DefaultCertificateClient.java:1221)
	at org.apache.hadoop.hdds.security.x509.certificate.client.DefaultCertificateClient$CertificateLifetimeMonitor.run(DefaultCertificateClient.java:1451)
	at java.util.concurrent.Executors$RunnableAdapter.call(Executors.java:511)
	at java.util.concurrent.FutureTask.runAndReset(FutureTask.java:308)
	at java.util.concurrent.ScheduledThreadPoolExecutor$ScheduledFutureTask.access$301(ScheduledThreadPoolExecutor.java:180)
	at java.util.concurrent.ScheduledThreadPoolExecutor$ScheduledFutureTask.run(ScheduledThreadPoolExecutor.java:294)
	at java.util.concurrent.ThreadPoolExecutor.runWorker(ThreadPoolExecutor.java:1149)
	at java.util.concurrent.ThreadPoolExecutor$Worker.run(ThreadPoolExecutor.java:624)
	at java.lang.Thread.run(Thread.java:750)
Caused by: org.apache.hadoop.hdds.conf.ConfigurationException: SCM Client Address could not be obtained from config. Config is not properly defined
	at org.apache.hadoop.hdds.scm.proxy.SCMSecurityProtocolFailoverProxyProvider.loadConfigs(SCMSecurityProtocolFailoverProxyProvider.java:120)
	at org.apache.hadoop.hdds.scm.proxy.SCMSecurityProtocolFailoverProxyProvider.<init>(SCMSecurityProtocolFailoverProxyProvider.java:105)
	at org.apache.hadoop.hdds.utils.HddsServerUtil.getScmSecurityClientWithMaxRetry(HddsServerUtil.java:464)
	at org.apache.hadoop.hdds.security.x509.certificate.client.DefaultCertificateClient.getScmSecureClient(DefaultCertificateClient.java:1399)
	at org.apache.hadoop.hdds.security.x509.certificate.client.DNCertificateClient.signAndStoreCertificate(DNCertificateClient.java:114)
	at org.apache.hadoop.hdds.security.x509.certificate.client.DefaultCertificateClient.renewAndStoreKeyAndCertificate(DefaultCertificateClient.java:1218)
	... 8 more
2023-02-24 13:14:54,708 [CertificateLifetimeMonitor] ERROR client.DNCertificateClient (DefaultCertificateClient.java:createKeyPair(992)) - Error while bootstrapping certificate client.
java.io.IOException: Private key already exist.
	at org.apache.hadoop.hdds.security.x509.keys.KeyCodec.writePublicKey(KeyCodec.java:197)
	at org.apache.hadoop.hdds.security.x509.certificate.client.DefaultCertificateClient.createKeyPair(DefaultCertificateClient.java:988)
	at org.apache.hadoop.hdds.security.x509.certificate.client.DefaultCertificateClient.renewAndStoreKeyAndCertificate(DefaultCertificateClient.java:1208)
	at org.apache.hadoop.hdds.security.x509.certificate.client.DefaultCertificateClient$CertificateLifetimeMonitor.run(DefaultCertificateClient.java:1451)
	at java.util.concurrent.Executors$RunnableAdapter.call(Executors.java:511)
	at java.util.concurrent.FutureTask.runAndReset(FutureTask.java:308)
	at java.util.concurrent.ScheduledThreadPoolExecutor$ScheduledFutureTask.access$301(ScheduledThreadPoolExecutor.java:180)
	at java.util.concurrent.ScheduledThreadPoolExecutor$ScheduledFutureTask.run(ScheduledThreadPoolExecutor.java:294)
	at java.util.concurrent.ThreadPoolExecutor.runWorker(ThreadPoolExecutor.java:1149)
	at java.util.concurrent.ThreadPoolExecutor$Worker.run(ThreadPoolExecutor.java:624)
	at java.lang.Thread.run(Thread.java:750)
2023-02-24 13:14:54,708 [CertificateLifetimeMonitor] ERROR client.DNCertificateClient (DefaultCertificateClient.java:run(1461)) - Failed to renew and store key and cert. Keep using existing certificates.
org.apache.hadoop.hdds.security.x509.exception.CertificateException: Error while creating new key pair.
	at org.apache.hadoop.hdds.security.x509.certificate.client.DefaultCertificateClient.renewAndStoreKeyAndCertificate(DefaultCertificateClient.java:1210)
	at org.apache.hadoop.hdds.security.x509.certificate.client.DefaultCertificateClient$CertificateLifetimeMonitor.run(DefaultCertificateClient.java:1451)
	at java.util.concurrent.Executors$RunnableAdapter.call(Executors.java:511)
	at java.util.concurrent.FutureTask.runAndReset(FutureTask.java:308)
	at java.util.concurrent.ScheduledThreadPoolExecutor$ScheduledFutureTask.access$301(ScheduledThreadPoolExecutor.java:180)
	at java.util.concurrent.ScheduledThreadPoolExecutor$ScheduledFutureTask.run(ScheduledThreadPoolExecutor.java:294)
	at java.util.concurrent.ThreadPoolExecutor.runWorker(ThreadPoolExecutor.java:1149)
	at java.util.concurrent.ThreadPoolExecutor$Worker.run(ThreadPoolExecutor.java:624)
	at java.lang.Thread.run(Thread.java:750)
Caused by: org.apache.hadoop.hdds.security.x509.exception.CertificateException: Error while bootstrapping certificate.
	at org.apache.hadoop.hdds.security.x509.certificate.client.DefaultCertificateClient.createKeyPair(DefaultCertificateClient.java:993)
	at org.apache.hadoop.hdds.security.x509.certificate.client.DefaultCertificateClient.renewAndStoreKeyAndCertificate(DefaultCertificateClient.java:1208)
	... 8 more
2023-02-24 13:14:54,717 [CertificateLifetimeMonitor] INFO  client.DNCertificateClient (DefaultCertificateClient.java:run(1448)) - Current certificate has entered the expiry grace period PT0S. Starting renew key and certs.
2023-02-24 13:14:54,960 [CertificateLifetimeMonitor] INFO  ozone.OzoneSecurityUtil (OzoneSecurityUtil.java:getValidInetsForCurrentHost(119)) - ip:fe80:0:0:0:222:48ff:feaa:f88f%eth0 not returned.
2023-02-24 13:14:54,961 [CertificateLifetimeMonitor] INFO  ozone.OzoneSecurityUtil (OzoneSecurityUtil.java:getValidInetsForCurrentHost(116)) - Adding ip:10.1.0.29,host:fv-az201-462.yo4stti0dhyudgyjg01iu2obqd.jx.internal.cloudapp.net
2023-02-24 13:14:54,961 [CertificateLifetimeMonitor] INFO  ozone.OzoneSecurityUtil (OzoneSecurityUtil.java:getValidInetsForCurrentHost(119)) - ip:0:0:0:0:0:0:0:1%lo not returned.
2023-02-24 13:14:54,961 [CertificateLifetimeMonitor] INFO  ozone.OzoneSecurityUtil (OzoneSecurityUtil.java:getValidInetsForCurrentHost(119)) - ip:127.0.0.1 not returned.
2023-02-24 13:14:54,961 [CertificateLifetimeMonitor] INFO  client.DNCertificateClient (DNCertificateClient.java:getCSRBuilder(99)) - Created csr for DN-> subject:runner@fv-az201-462.yo4stti0dhyudgyjg01iu2obqd.jx.internal.cloudapp.net
2023-02-24 13:14:54,965 [CertificateLifetimeMonitor] ERROR client.DNCertificateClient (DefaultCertificateClient.java:run(1461)) - Failed to renew and store key and cert. Keep using existing certificates.
org.apache.hadoop.hdds.security.x509.exception.CertificateException: Error while signing and storing new certificates.
	at org.apache.hadoop.hdds.security.x509.certificate.client.DefaultCertificateClient.renewAndStoreKeyAndCertificate(DefaultCertificateClient.java:1221)
	at org.apache.hadoop.hdds.security.x509.certificate.client.DefaultCertificateClient$CertificateLifetimeMonitor.run(DefaultCertificateClient.java:1451)
	at java.util.concurrent.Executors$RunnableAdapter.call(Executors.java:511)
	at java.util.concurrent.FutureTask.runAndReset(FutureTask.java:308)
	at java.util.concurrent.ScheduledThreadPoolExecutor$ScheduledFutureTask.access$301(ScheduledThreadPoolExecutor.java:180)
	at java.util.concurrent.ScheduledThreadPoolExecutor$ScheduledFutureTask.run(ScheduledThreadPoolExecutor.java:294)
	at java.util.concurrent.ThreadPoolExecutor.runWorker(ThreadPoolExecutor.java:1149)
	at java.util.concurrent.ThreadPoolExecutor$Worker.run(ThreadPoolExecutor.java:624)
	at java.lang.Thread.run(Thread.java:750)
Caused by: org.apache.hadoop.hdds.conf.ConfigurationException: SCM Client Address could not be obtained from config. Config is not properly defined
	at org.apache.hadoop.hdds.scm.proxy.SCMSecurityProtocolFailoverProxyProvider.loadConfigs(SCMSecurityProtocolFailoverProxyProvider.java:120)
	at org.apache.hadoop.hdds.scm.proxy.SCMSecurityProtocolFailoverProxyProvider.<init>(SCMSecurityProtocolFailoverProxyProvider.java:105)
	at org.apache.hadoop.hdds.utils.HddsServerUtil.getScmSecurityClientWithMaxRetry(HddsServerUtil.java:464)
	at org.apache.hadoop.hdds.security.x509.certificate.client.DefaultCertificateClient.getScmSecureClient(DefaultCertificateClient.java:1399)
	at org.apache.hadoop.hdds.security.x509.certificate.client.DNCertificateClient.signAndStoreCertificate(DNCertificateClient.java:114)
	at org.apache.hadoop.hdds.security.x509.certificate.client.DefaultCertificateClient.renewAndStoreKeyAndCertificate(DefaultCertificateClient.java:1218)
	... 8 more
2023-02-24 13:14:55,042 [CertificateLifetimeMonitor] ERROR client.DNCertificateClient (DefaultCertificateClient.java:createKeyPair(992)) - Error while bootstrapping certificate client.
java.io.IOException: Private key already exist.
	at org.apache.hadoop.hdds.security.x509.keys.KeyCodec.writePublicKey(KeyCodec.java:197)
	at org.apache.hadoop.hdds.security.x509.certificate.client.DefaultCertificateClient.createKeyPair(DefaultCertificateClient.java:988)
	at org.apache.hadoop.hdds.security.x509.certificate.client.DefaultCertificateClient.renewAndStoreKeyAndCertificate(DefaultCertificateClient.java:1208)
	at org.apache.hadoop.hdds.security.x509.certificate.client.DefaultCertificateClient$CertificateLifetimeMonitor.run(DefaultCertificateClient.java:1451)
	at java.util.concurrent.Executors$RunnableAdapter.call(Executors.java:511)
	at java.util.concurrent.FutureTask.runAndReset(FutureTask.java:308)
	at java.util.concurrent.ScheduledThreadPoolExecutor$ScheduledFutureTask.access$301(ScheduledThreadPoolExecutor.java:180)
	at java.util.concurrent.ScheduledThreadPoolExecutor$ScheduledFutureTask.run(ScheduledThreadPoolExecutor.java:294)
	at java.util.concurrent.ThreadPoolExecutor.runWorker(ThreadPoolExecutor.java:1149)
	at java.util.concurrent.ThreadPoolExecutor$Worker.run(ThreadPoolExecutor.java:624)
	at java.lang.Thread.run(Thread.java:750)
2023-02-24 13:14:55,042 [CertificateLifetimeMonitor] ERROR client.DNCertificateClient (DefaultCertificateClient.java:run(1461)) - Failed to renew and store key and cert. Keep using existing certificates.
org.apache.hadoop.hdds.security.x509.exception.CertificateException: Error while creating new key pair.
	at org.apache.hadoop.hdds.security.x509.certificate.client.DefaultCertificateClient.renewAndStoreKeyAndCertificate(DefaultCertificateClient.java:1210)
	at org.apache.hadoop.hdds.security.x509.certificate.client.DefaultCertificateClient$CertificateLifetimeMonitor.run(DefaultCertificateClient.java:1451)
	at java.util.concurrent.Executors$RunnableAdapter.call(Executors.java:511)
	at java.util.concurrent.FutureTask.runAndReset(FutureTask.java:308)
	at java.util.concurrent.ScheduledThreadPoolExecutor$ScheduledFutureTask.access$301(ScheduledThreadPoolExecutor.java:180)
	at java.util.concurrent.ScheduledThreadPoolExecutor$ScheduledFutureTask.run(ScheduledThreadPoolExecutor.java:294)
	at java.util.concurrent.ThreadPoolExecutor.runWorker(ThreadPoolExecutor.java:1149)
	at java.util.concurrent.ThreadPoolExecutor$Worker.run(ThreadPoolExecutor.java:624)
	at java.lang.Thread.run(Thread.java:750)
Caused by: org.apache.hadoop.hdds.security.x509.exception.CertificateException: Error while bootstrapping certificate.
	at org.apache.hadoop.hdds.security.x509.certificate.client.DefaultCertificateClient.createKeyPair(DefaultCertificateClient.java:993)
	at org.apache.hadoop.hdds.security.x509.certificate.client.DefaultCertificateClient.renewAndStoreKeyAndCertificate(DefaultCertificateClient.java:1208)
	... 8 more
2023-02-24 13:14:55,044 [CertificateLifetimeMonitor] ERROR client.DNCertificateClient (DefaultCertificateClient.java:createKeyPair(992)) - Error while bootstrapping certificate client.
java.io.IOException: Private key already exist.
	at org.apache.hadoop.hdds.security.x509.keys.KeyCodec.writePublicKey(KeyCodec.java:197)
	at org.apache.hadoop.hdds.security.x509.certificate.client.DefaultCertificateClient.createKeyPair(DefaultCertificateClient.java:988)
	at org.apache.hadoop.hdds.security.x509.certificate.client.DefaultCertificateClient.renewAndStoreKeyAndCertificate(DefaultCertificateClient.java:1208)
	at org.apache.hadoop.hdds.security.x509.certificate.client.DefaultCertificateClient$CertificateLifetimeMonitor.run(DefaultCertificateClient.java:1451)
	at java.util.concurrent.Executors$RunnableAdapter.call(Executors.java:511)
	at java.util.concurrent.FutureTask.runAndReset(FutureTask.java:308)
	at java.util.concurrent.ScheduledThreadPoolExecutor$ScheduledFutureTask.access$301(ScheduledThreadPoolExecutor.java:180)
	at java.util.concurrent.ScheduledThreadPoolExecutor$ScheduledFutureTask.run(ScheduledThreadPoolExecutor.java:294)
	at java.util.concurrent.ThreadPoolExecutor.runWorker(ThreadPoolExecutor.java:1149)
	at java.util.concurrent.ThreadPoolExecutor$Worker.run(ThreadPoolExecutor.java:624)
	at java.lang.Thread.run(Thread.java:750)
2023-02-24 13:14:55,044 [CertificateLifetimeMonitor] ERROR client.DNCertificateClient (DefaultCertificateClient.java:run(1461)) - Failed to renew and store key and cert. Keep using existing certificates.
org.apache.hadoop.hdds.security.x509.exception.CertificateException: Error while creating new key pair.
	at org.apache.hadoop.hdds.security.x509.certificate.client.DefaultCertificateClient.renewAndStoreKeyAndCertificate(DefaultCertificateClient.java:1210)
	at org.apache.hadoop.hdds.security.x509.certificate.client.DefaultCertificateClient$CertificateLifetimeMonitor.run(DefaultCertificateClient.java:1451)
	at java.util.concurrent.Executors$RunnableAdapter.call(Executors.java:511)
	at java.util.concurrent.FutureTask.runAndReset(FutureTask.java:308)
	at java.util.concurrent.ScheduledThreadPoolExecutor$ScheduledFutureTask.access$301(ScheduledThreadPoolExecutor.java:180)
	at java.util.concurrent.ScheduledThreadPoolExecutor$ScheduledFutureTask.run(ScheduledThreadPoolExecutor.java:294)
	at java.util.concurrent.ThreadPoolExecutor.runWorker(ThreadPoolExecutor.java:1149)
	at java.util.concurrent.ThreadPoolExecutor$Worker.run(ThreadPoolExecutor.java:624)
	at java.lang.Thread.run(Thread.java:750)
Caused by: org.apache.hadoop.hdds.security.x509.exception.CertificateException: Error while bootstrapping certificate.
	at org.apache.hadoop.hdds.security.x509.certificate.client.DefaultCertificateClient.createKeyPair(DefaultCertificateClient.java:993)
	at org.apache.hadoop.hdds.security.x509.certificate.client.DefaultCertificateClient.renewAndStoreKeyAndCertificate(DefaultCertificateClient.java:1208)
	... 8 more
2023-02-24 13:14:55,060 [CertificateLifetimeMonitor] ERROR client.DNCertificateClient (DefaultCertificateClient.java:createKeyPair(992)) - Error while bootstrapping certificate client.
java.io.IOException: Private key already exist.
	at org.apache.hadoop.hdds.security.x509.keys.KeyCodec.writePublicKey(KeyCodec.java:197)
	at org.apache.hadoop.hdds.security.x509.certificate.client.DefaultCertificateClient.createKeyPair(DefaultCertificateClient.java:988)
	at org.apache.hadoop.hdds.security.x509.certificate.client.DefaultCertificateClient.renewAndStoreKeyAndCertificate(DefaultCertificateClient.java:1208)
	at org.apache.hadoop.hdds.security.x509.certificate.client.DefaultCertificateClient$CertificateLifetimeMonitor.run(DefaultCertificateClient.java:1451)
	at java.util.concurrent.Executors$RunnableAdapter.call(Executors.java:511)
	at java.util.concurrent.FutureTask.runAndReset(FutureTask.java:308)
	at java.util.concurrent.ScheduledThreadPoolExecutor$ScheduledFutureTask.access$301(ScheduledThreadPoolExecutor.java:180)
	at java.util.concurrent.ScheduledThreadPoolExecutor$ScheduledFutureTask.run(ScheduledThreadPoolExecutor.java:294)
	at java.util.concurrent.ThreadPoolExecutor.runWorker(ThreadPoolExecutor.java:1149)
	at java.util.concurrent.ThreadPoolExecutor$Worker.run(ThreadPoolExecutor.java:624)
	at java.lang.Thread.run(Thread.java:750)
2023-02-24 13:14:55,060 [CertificateLifetimeMonitor] ERROR client.DNCertificateClient (DefaultCertificateClient.java:run(1461)) - Failed to renew and store key and cert. Keep using existing certificates.
org.apache.hadoop.hdds.security.x509.exception.CertificateException: Error while creating new key pair.
	at org.apache.hadoop.hdds.security.x509.certificate.client.DefaultCertificateClient.renewAndStoreKeyAndCertificate(DefaultCertificateClient.java:1210)
	at org.apache.hadoop.hdds.security.x509.certificate.client.DefaultCertificateClient$CertificateLifetimeMonitor.run(DefaultCertificateClient.java:1451)
	at java.util.concurrent.Executors$RunnableAdapter.call(Executors.java:511)
	at java.util.concurrent.FutureTask.runAndReset(FutureTask.java:308)
	at java.util.concurrent.ScheduledThreadPoolExecutor$ScheduledFutureTask.access$301(ScheduledThreadPoolExecutor.java:180)
	at java.util.concurrent.ScheduledThreadPoolExecutor$ScheduledFutureTask.run(ScheduledThreadPoolExecutor.java:294)
	at java.util.concurrent.ThreadPoolExecutor.runWorker(ThreadPoolExecutor.java:1149)
	at java.util.concurrent.ThreadPoolExecutor$Worker.run(ThreadPoolExecutor.java:624)
	at java.lang.Thread.run(Thread.java:750)
Caused by: org.apache.hadoop.hdds.security.x509.exception.CertificateException: Error while bootstrapping certificate.
	at org.apache.hadoop.hdds.security.x509.certificate.client.DefaultCertificateClient.createKeyPair(DefaultCertificateClient.java:993)
	at org.apache.hadoop.hdds.security.x509.certificate.client.DefaultCertificateClient.renewAndStoreKeyAndCertificate(DefaultCertificateClient.java:1208)
	... 8 more
2023-02-24 13:14:55,666 [CertificateLifetimeMonitor] INFO  client.DNCertificateClient (DefaultCertificateClient.java:run(1448)) - Current certificate has entered the expiry grace period PT0S. Starting renew key and certs.
2023-02-24 13:14:55,667 [CertificateLifetimeMonitor] INFO  client.DNCertificateClient (DefaultCertificateClient.java:run(1448)) - Current certificate has entered the expiry grace period PT0S. Starting renew key and certs.
2023-02-24 13:14:55,668 [CertificateLifetimeMonitor] ERROR client.DNCertificateClient (DefaultCertificateClient.java:run(1461)) - Failed to renew and store key and cert. Keep using existing certificates.
org.apache.hadoop.hdds.security.x509.exception.CertificateException: Error while deleting/creating /home/runner/work/ozone/ozone/hadoop-hdds/container-service/target/test-dir/B1tFvJdgJa/dn/keys-next or /home/runner/work/ozone/ozone/hadoop-hdds/container-service/target/test-dir/B1tFvJdgJa/dn/certs-next directories to cleanup  certificate storage. 
	at org.apache.hadoop.hdds.security.x509.certificate.client.DefaultCertificateClient.renewAndStoreKeyAndCertificate(DefaultCertificateClient.java:1199)
	at org.apache.hadoop.hdds.security.x509.certificate.client.DefaultCertificateClient$CertificateLifetimeMonitor.run(DefaultCertificateClient.java:1451)
	at java.util.concurrent.Executors$RunnableAdapter.call(Executors.java:511)
	at java.util.concurrent.FutureTask.runAndReset(FutureTask.java:308)
	at java.util.concurrent.ScheduledThreadPoolExecutor$ScheduledFutureTask.access$301(ScheduledThreadPoolExecutor.java:180)
	at java.util.concurrent.ScheduledThreadPoolExecutor$ScheduledFutureTask.run(ScheduledThreadPoolExecutor.java:294)
	at java.util.concurrent.ThreadPoolExecutor.runWorker(ThreadPoolExecutor.java:1149)
	at java.util.concurrent.ThreadPoolExecutor$Worker.run(ThreadPoolExecutor.java:624)
	at java.lang.Thread.run(Thread.java:750)
Caused by: org.apache.commons.io.IOExceptionList: /home/runner/work/ozone/ozone/hadoop-hdds/container-service/target/test-dir/B1tFvJdgJa/dn/keys-next
	at org.apache.commons.io.FileUtils.cleanDirectory(FileUtils.java:331)
	at org.apache.commons.io.FileUtils.deleteDirectory(FileUtils.java:1192)
	at org.apache.hadoop.hdds.security.x509.certificate.client.DefaultCertificateClient.renewAndStoreKeyAndCertificate(DefaultCertificateClient.java:1194)
	... 8 more
Caused by: java.io.FileNotFoundException: File does not exist: /home/runner/work/ozone/ozone/hadoop-hdds/container-service/target/test-dir/B1tFvJdgJa/dn/keys-next/private.pem
	at org.apache.commons.io.FileUtils.forceDelete(FileUtils.java:1349)
	at org.apache.commons.io.FileUtils.cleanDirectory(FileUtils.java:324)
	... 10 more
2023-02-24 13:14:55,668 [CertificateLifetimeMonitor] INFO  client.DNCertificateClient (DefaultCertificateClient.java:run(1448)) - Current certificate has entered the expiry grace period PT0S. Starting renew key and certs.
2023-02-24 13:14:55,666 [CertificateLifetimeMonitor] INFO  client.DNCertificateClient (DefaultCertificateClient.java:run(1448)) - Current certificate has entered the expiry grace period PT0S. Starting renew key and certs.
2023-02-24 13:14:55,677 [CertificateLifetimeMonitor] INFO  client.DNCertificateClient (DefaultCertificateClient.java:run(1448)) - Current certificate has entered the expiry grace period PT0S. Starting renew key and certs.
2023-02-24 13:14:55,678 [CertificateLifetimeMonitor] INFO  client.DNCertificateClient (DefaultCertificateClient.java:run(1448)) - Current certificate has entered the expiry grace period PT0S. Starting renew key and certs.
2023-02-24 13:14:56,004 [CertificateLifetimeMonitor] INFO  ozone.OzoneSecurityUtil (OzoneSecurityUtil.java:getValidInetsForCurrentHost(119)) - ip:fe80:0:0:0:222:48ff:feaa:f88f%eth0 not returned.
2023-02-24 13:14:56,004 [CertificateLifetimeMonitor] INFO  ozone.OzoneSecurityUtil (OzoneSecurityUtil.java:getValidInetsForCurrentHost(116)) - Adding ip:10.1.0.29,host:fv-az201-462.yo4stti0dhyudgyjg01iu2obqd.jx.internal.cloudapp.net
2023-02-24 13:14:56,006 [CertificateLifetimeMonitor] INFO  ozone.OzoneSecurityUtil (OzoneSecurityUtil.java:getValidInetsForCurrentHost(119)) - ip:0:0:0:0:0:0:0:1%lo not returned.
2023-02-24 13:14:56,006 [CertificateLifetimeMonitor] INFO  ozone.OzoneSecurityUtil (OzoneSecurityUtil.java:getValidInetsForCurrentHost(119)) - ip:127.0.0.1 not returned.
2023-02-24 13:14:56,006 [CertificateLifetimeMonitor] INFO  client.DNCertificateClient (DNCertificateClient.java:getCSRBuilder(99)) - Created csr for DN-> subject:runner@fv-az201-462.yo4stti0dhyudgyjg01iu2obqd.jx.internal.cloudapp.net
2023-02-24 13:14:56,110 [CertificateLifetimeMonitor] ERROR client.DNCertificateClient (DNCertificateClient.java:signAndStoreCertificate(144)) - Error while signing and storing SCM signed certificate.
org.apache.hadoop.hdds.security.x509.exception.CertificateException: Unable to retrieve datanode certificate chain.
	at org.apache.hadoop.hdds.security.x509.certificate.client.DNCertificateClient.signAndStoreCertificate(DNCertificateClient.java:140)
	at org.apache.hadoop.hdds.security.x509.certificate.client.DefaultCertificateClient.renewAndStoreKeyAndCertificate(DefaultCertificateClient.java:1218)
	at org.apache.hadoop.hdds.security.x509.certificate.client.DefaultCertificateClient$CertificateLifetimeMonitor.run(DefaultCertificateClient.java:1451)
	at java.util.concurrent.Executors$RunnableAdapter.call(Executors.java:511)
	at java.util.concurrent.FutureTask.runAndReset(FutureTask.java:308)
	at java.util.concurrent.ScheduledThreadPoolExecutor$ScheduledFutureTask.access$301(ScheduledThreadPoolExecutor.java:180)
	at java.util.concurrent.ScheduledThreadPoolExecutor$ScheduledFutureTask.run(ScheduledThreadPoolExecutor.java:294)
	at java.util.concurrent.ThreadPoolExecutor.runWorker(ThreadPoolExecutor.java:1149)
	at java.util.concurrent.ThreadPoolExecutor$Worker.run(ThreadPoolExecutor.java:624)
	at java.lang.Thread.run(Thread.java:750)
2023-02-24 13:14:56,110 [CertificateLifetimeMonitor] ERROR client.DNCertificateClient (DefaultCertificateClient.java:run(1461)) - Failed to renew and store key and cert. Keep using existing certificates.
org.apache.hadoop.hdds.security.x509.exception.CertificateException: Error while signing and storing new certificates.
	at org.apache.hadoop.hdds.security.x509.certificate.client.DefaultCertificateClient.renewAndStoreKeyAndCertificate(DefaultCertificateClient.java:1221)
	at org.apache.hadoop.hdds.security.x509.certificate.client.DefaultCertificateClient$CertificateLifetimeMonitor.run(DefaultCertificateClient.java:1451)
	at java.util.concurrent.Executors$RunnableAdapter.call(Executors.java:511)
	at java.util.concurrent.FutureTask.runAndReset(FutureTask.java:308)
	at java.util.concurrent.ScheduledThreadPoolExecutor$ScheduledFutureTask.access$301(ScheduledThreadPoolExecutor.java:180)
	at java.util.concurrent.ScheduledThreadPoolExecutor$ScheduledFutureTask.run(ScheduledThreadPoolExecutor.java:294)
	at java.util.concurrent.ThreadPoolExecutor.runWorker(ThreadPoolExecutor.java:1149)
	at java.util.concurrent.ThreadPoolExecutor$Worker.run(ThreadPoolExecutor.java:624)
	at java.lang.Thread.run(Thread.java:750)
Caused by: org.apache.hadoop.hdds.security.x509.exception.CertificateException: Error while signing and storing SCM signed certificate.
	at org.apache.hadoop.hdds.security.x509.certificate.client.DNCertificateClient.signAndStoreCertificate(DNCertificateClient.java:145)
	at org.apache.hadoop.hdds.security.x509.certificate.client.DefaultCertificateClient.renewAndStoreKeyAndCertificate(DefaultCertificateClient.java:1218)
	... 8 more
Caused by: org.apache.hadoop.hdds.security.x509.exception.CertificateException: Unable to retrieve datanode certificate chain.
	at org.apache.hadoop.hdds.security.x509.certificate.client.DNCertificateClient.signAndStoreCertificate(DNCertificateClient.java:140)
	... 9 more
2023-02-24 13:14:56,174 [CertificateLifetimeMonitor] ERROR client.DNCertificateClient (DefaultCertificateClient.java:createKeyPair(992)) - Error while bootstrapping certificate client.
java.io.IOException: Private key already exist.
	at org.apache.hadoop.hdds.security.x509.keys.KeyCodec.writePublicKey(KeyCodec.java:197)
	at org.apache.hadoop.hdds.security.x509.certificate.client.DefaultCertificateClient.createKeyPair(DefaultCertificateClient.java:988)
	at org.apache.hadoop.hdds.security.x509.certificate.client.DefaultCertificateClient.renewAndStoreKeyAndCertificate(DefaultCertificateClient.java:1208)
	at org.apache.hadoop.hdds.security.x509.certificate.client.DefaultCertificateClient$CertificateLifetimeMonitor.run(DefaultCertificateClient.java:1451)
	at java.util.concurrent.Executors$RunnableAdapter.call(Executors.java:511)
	at java.util.concurrent.FutureTask.runAndReset(FutureTask.java:308)
	at java.util.concurrent.ScheduledThreadPoolExecutor$ScheduledFutureTask.access$301(ScheduledThreadPoolExecutor.java:180)
	at java.util.concurrent.ScheduledThreadPoolExecutor$ScheduledFutureTask.run(ScheduledThreadPoolExecutor.java:294)
	at java.util.concurrent.ThreadPoolExecutor.runWorker(ThreadPoolExecutor.java:1149)
	at java.util.concurrent.ThreadPoolExecutor$Worker.run(ThreadPoolExecutor.java:624)
	at java.lang.Thread.run(Thread.java:750)
2023-02-24 13:14:56,174 [CertificateLifetimeMonitor] ERROR client.DNCertificateClient (DefaultCertificateClient.java:run(1461)) - Failed to renew and store key and cert. Keep using existing certificates.
org.apache.hadoop.hdds.security.x509.exception.CertificateException: Error while creating new key pair.
	at org.apache.hadoop.hdds.security.x509.certificate.client.DefaultCertificateClient.renewAndStoreKeyAndCertificate(DefaultCertificateClient.java:1210)
	at org.apache.hadoop.hdds.security.x509.certificate.client.DefaultCertificateClient$CertificateLifetimeMonitor.run(DefaultCertificateClient.java:1451)
	at java.util.concurrent.Executors$RunnableAdapter.call(Executors.java:511)
	at java.util.concurrent.FutureTask.runAndReset(FutureTask.java:308)
	at java.util.concurrent.ScheduledThreadPoolExecutor$ScheduledFutureTask.access$301(ScheduledThreadPoolExecutor.java:180)
	at java.util.concurrent.ScheduledThreadPoolExecutor$ScheduledFutureTask.run(ScheduledThreadPoolExecutor.java:294)
	at java.util.concurrent.ThreadPoolExecutor.runWorker(ThreadPoolExecutor.java:1149)
	at java.util.concurrent.ThreadPoolExecutor$Worker.run(ThreadPoolExecutor.java:624)
	at java.lang.Thread.run(Thread.java:750)
Caused by: org.apache.hadoop.hdds.security.x509.exception.CertificateException: Error while bootstrapping certificate.
	at org.apache.hadoop.hdds.security.x509.certificate.client.DefaultCertificateClient.createKeyPair(DefaultCertificateClient.java:993)
	at org.apache.hadoop.hdds.security.x509.certificate.client.DefaultCertificateClient.renewAndStoreKeyAndCertificate(DefaultCertificateClient.java:1208)
	... 8 more
2023-02-24 13:14:56,313 [CertificateLifetimeMonitor] ERROR client.DNCertificateClient (DefaultCertificateClient.java:createKeyPair(992)) - Error while bootstrapping certificate client.
java.io.IOException: Private key already exist.
	at org.apache.hadoop.hdds.security.x509.keys.KeyCodec.writePublicKey(KeyCodec.java:197)
	at org.apache.hadoop.hdds.security.x509.certificate.client.DefaultCertificateClient.createKeyPair(DefaultCertificateClient.java:988)
	at org.apache.hadoop.hdds.security.x509.certificate.client.DefaultCertificateClient.renewAndStoreKeyAndCertificate(DefaultCertificateClient.java:1208)
	at org.apache.hadoop.hdds.security.x509.certificate.client.DefaultCertificateClient$CertificateLifetimeMonitor.run(DefaultCertificateClient.java:1451)
	at java.util.concurrent.Executors$RunnableAdapter.call(Executors.java:511)
	at java.util.concurrent.FutureTask.runAndReset(FutureTask.java:308)
	at java.util.concurrent.ScheduledThreadPoolExecutor$ScheduledFutureTask.access$301(ScheduledThreadPoolExecutor.java:180)
	at java.util.concurrent.ScheduledThreadPoolExecutor$ScheduledFutureTask.run(ScheduledThreadPoolExecutor.java:294)
	at java.util.concurrent.ThreadPoolExecutor.runWorker(ThreadPoolExecutor.java:1149)
	at java.util.concurrent.ThreadPoolExecutor$Worker.run(ThreadPoolExecutor.java:624)
	at java.lang.Thread.run(Thread.java:750)
2023-02-24 13:14:56,314 [CertificateLifetimeMonitor] ERROR client.DNCertificateClient (DefaultCertificateClient.java:run(1461)) - Failed to renew and store key and cert. Keep using existing certificates.
org.apache.hadoop.hdds.security.x509.exception.CertificateException: Error while creating new key pair.
	at org.apache.hadoop.hdds.security.x509.certificate.client.DefaultCertificateClient.renewAndStoreKeyAndCertificate(DefaultCertificateClient.java:1210)
	at org.apache.hadoop.hdds.security.x509.certificate.client.DefaultCertificateClient$CertificateLifetimeMonitor.run(DefaultCertificateClient.java:1451)
	at java.util.concurrent.Executors$RunnableAdapter.call(Executors.java:511)
	at java.util.concurrent.FutureTask.runAndReset(FutureTask.java:308)
	at java.util.concurrent.ScheduledThreadPoolExecutor$ScheduledFutureTask.access$301(ScheduledThreadPoolExecutor.java:180)
	at java.util.concurrent.ScheduledThreadPoolExecutor$ScheduledFutureTask.run(ScheduledThreadPoolExecutor.java:294)
	at java.util.concurrent.ThreadPoolExecutor.runWorker(ThreadPoolExecutor.java:1149)
	at java.util.concurrent.ThreadPoolExecutor$Worker.run(ThreadPoolExecutor.java:624)
	at java.lang.Thread.run(Thread.java:750)
Caused by: org.apache.hadoop.hdds.security.x509.exception.CertificateException: Error while bootstrapping certificate.
	at org.apache.hadoop.hdds.security.x509.certificate.client.DefaultCertificateClient.createKeyPair(DefaultCertificateClient.java:993)
	at org.apache.hadoop.hdds.security.x509.certificate.client.DefaultCertificateClient.renewAndStoreKeyAndCertificate(DefaultCertificateClient.java:1208)
	... 8 more
2023-02-24 13:14:56,443 [CertificateLifetimeMonitor] ERROR client.DNCertificateClient (DefaultCertificateClient.java:createKeyPair(992)) - Error while bootstrapping certificate client.
java.io.IOException: Private key already exist.
	at org.apache.hadoop.hdds.security.x509.keys.KeyCodec.writePublicKey(KeyCodec.java:197)
	at org.apache.hadoop.hdds.security.x509.certificate.client.DefaultCertificateClient.createKeyPair(DefaultCertificateClient.java:988)
	at org.apache.hadoop.hdds.security.x509.certificate.client.DefaultCertificateClient.renewAndStoreKeyAndCertificate(DefaultCertificateClient.java:1208)
	at org.apache.hadoop.hdds.security.x509.certificate.client.DefaultCertificateClient$CertificateLifetimeMonitor.run(DefaultCertificateClient.java:1451)
	at java.util.concurrent.Executors$RunnableAdapter.call(Executors.java:511)
	at java.util.concurrent.FutureTask.runAndReset(FutureTask.java:308)
	at java.util.concurrent.ScheduledThreadPoolExecutor$ScheduledFutureTask.access$301(ScheduledThreadPoolExecutor.java:180)
	at java.util.concurrent.ScheduledThreadPoolExecutor$ScheduledFutureTask.run(ScheduledThreadPoolExecutor.java:294)
	at java.util.concurrent.ThreadPoolExecutor.runWorker(ThreadPoolExecutor.java:1149)
	at java.util.concurrent.ThreadPoolExecutor$Worker.run(ThreadPoolExecutor.java:624)
	at java.lang.Thread.run(Thread.java:750)
2023-02-24 13:14:56,443 [CertificateLifetimeMonitor] ERROR client.DNCertificateClient (DefaultCertificateClient.java:run(1461)) - Failed to renew and store key and cert. Keep using existing certificates.
org.apache.hadoop.hdds.security.x509.exception.CertificateException: Error while creating new key pair.
	at org.apache.hadoop.hdds.security.x509.certificate.client.DefaultCertificateClient.renewAndStoreKeyAndCertificate(DefaultCertificateClient.java:1210)
	at org.apache.hadoop.hdds.security.x509.certificate.client.DefaultCertificateClient$CertificateLifetimeMonitor.run(DefaultCertificateClient.java:1451)
	at java.util.concurrent.Executors$RunnableAdapter.call(Executors.java:511)
	at java.util.concurrent.FutureTask.runAndReset(FutureTask.java:308)
	at java.util.concurrent.ScheduledThreadPoolExecutor$ScheduledFutureTask.access$301(ScheduledThreadPoolExecutor.java:180)
	at java.util.concurrent.ScheduledThreadPoolExecutor$ScheduledFutureTask.run(ScheduledThreadPoolExecutor.java:294)
	at java.util.concurrent.ThreadPoolExecutor.runWorker(ThreadPoolExecutor.java:1149)
	at java.util.concurrent.ThreadPoolExecutor$Worker.run(ThreadPoolExecutor.java:624)
	at java.lang.Thread.run(Thread.java:750)
Caused by: org.apache.hadoop.hdds.security.x509.exception.CertificateException: Error while bootstrapping certificate.
	at org.apache.hadoop.hdds.security.x509.certificate.client.DefaultCertificateClient.createKeyPair(DefaultCertificateClient.java:993)
	at org.apache.hadoop.hdds.security.x509.certificate.client.DefaultCertificateClient.renewAndStoreKeyAndCertificate(DefaultCertificateClient.java:1208)
	... 8 more
2023-02-24 13:14:57,332 [CertificateLifetimeMonitor] INFO  client.DNCertificateClient (DefaultCertificateClient.java:run(1448)) - Current certificate has entered the expiry grace period PT0S. Starting renew key and certs.
2023-02-24 13:14:57,333 [CertificateLifetimeMonitor] INFO  client.DNCertificateClient (DefaultCertificateClient.java:run(1448)) - Current certificate has entered the expiry grace period PT0S. Starting renew key and certs.
2023-02-24 13:14:57,332 [CertificateLifetimeMonitor] INFO  client.DNCertificateClient (DefaultCertificateClient.java:run(1448)) - Current certificate has entered the expiry grace period PT0S. Starting renew key and certs.
2023-02-24 13:14:57,337 [CertificateLifetimeMonitor] INFO  client.DNCertificateClient (DefaultCertificateClient.java:run(1448)) - Current certificate has entered the expiry grace period PT0S. Starting renew key and certs.
2023-02-24 13:14:57,339 [CertificateLifetimeMonitor] INFO  client.DNCertificateClient (DefaultCertificateClient.java:run(1448)) - Current certificate has entered the expiry grace period PT0S. Starting renew key and certs.
2023-02-24 13:14:57,341 [CertificateLifetimeMonitor] ERROR client.DNCertificateClient (DefaultCertificateClient.java:run(1461)) - Failed to renew and store key and cert. Keep using existing certificates.
org.apache.hadoop.hdds.security.x509.exception.CertificateException: Error while deleting/creating /home/runner/work/ozone/ozone/hadoop-hdds/container-service/target/test-dir/B1tFvJdgJa/dn/keys-next or /home/runner/work/ozone/ozone/hadoop-hdds/container-service/target/test-dir/B1tFvJdgJa/dn/certs-next directories to cleanup  certificate storage. 
	at org.apache.hadoop.hdds.security.x509.certificate.client.DefaultCertificateClient.renewAndStoreKeyAndCertificate(DefaultCertificateClient.java:1199)
	at org.apache.hadoop.hdds.security.x509.certificate.client.DefaultCertificateClient$CertificateLifetimeMonitor.run(DefaultCertificateClient.java:1451)
	at java.util.concurrent.Executors$RunnableAdapter.call(Executors.java:511)
	at java.util.concurrent.FutureTask.runAndReset(FutureTask.java:308)
	at java.util.concurrent.ScheduledThreadPoolExecutor$ScheduledFutureTask.access$301(ScheduledThreadPoolExecutor.java:180)
	at java.util.concurrent.ScheduledThreadPoolExecutor$ScheduledFutureTask.run(ScheduledThreadPoolExecutor.java:294)
	at java.util.concurrent.ThreadPoolExecutor.runWorker(ThreadPoolExecutor.java:1149)
	at java.util.concurrent.ThreadPoolExecutor$Worker.run(ThreadPoolExecutor.java:624)
	at java.lang.Thread.run(Thread.java:750)
Caused by: org.apache.commons.io.IOExceptionList: /home/runner/work/ozone/ozone/hadoop-hdds/container-service/target/test-dir/B1tFvJdgJa/dn/keys-next
	at org.apache.commons.io.FileUtils.cleanDirectory(FileUtils.java:331)
	at org.apache.commons.io.FileUtils.deleteDirectory(FileUtils.java:1192)
	at org.apache.hadoop.hdds.security.x509.certificate.client.DefaultCertificateClient.renewAndStoreKeyAndCertificate(DefaultCertificateClient.java:1194)
	... 8 more
Caused by: java.io.FileNotFoundException: File does not exist: /home/runner/work/ozone/ozone/hadoop-hdds/container-service/target/test-dir/B1tFvJdgJa/dn/keys-next/private.pem
	at org.apache.commons.io.FileUtils.forceDelete(FileUtils.java:1349)
	at org.apache.commons.io.FileUtils.cleanDirectory(FileUtils.java:324)
	... 10 more
2023-02-24 13:14:57,511 [CertificateLifetimeMonitor] INFO  ozone.OzoneSecurityUtil (OzoneSecurityUtil.java:getValidInetsForCurrentHost(119)) - ip:fe80:0:0:0:222:48ff:feaa:f88f%eth0 not returned.
2023-02-24 13:14:57,511 [CertificateLifetimeMonitor] INFO  ozone.OzoneSecurityUtil (OzoneSecurityUtil.java:getValidInetsForCurrentHost(116)) - Adding ip:10.1.0.29,host:fv-az201-462.yo4stti0dhyudgyjg01iu2obqd.jx.internal.cloudapp.net
2023-02-24 13:14:57,511 [CertificateLifetimeMonitor] INFO  ozone.OzoneSecurityUtil (OzoneSecurityUtil.java:getValidInetsForCurrentHost(119)) - ip:0:0:0:0:0:0:0:1%lo not returned.
2023-02-24 13:14:57,511 [CertificateLifetimeMonitor] INFO  ozone.OzoneSecurityUtil (OzoneSecurityUtil.java:getValidInetsForCurrentHost(119)) - ip:127.0.0.1 not returned.
2023-02-24 13:14:57,511 [CertificateLifetimeMonitor] INFO  client.DNCertificateClient (DNCertificateClient.java:getCSRBuilder(99)) - Created csr for DN-> subject:runner@fv-az201-462.yo4stti0dhyudgyjg01iu2obqd.jx.internal.cloudapp.net
2023-02-24 13:14:57,526 [CertificateLifetimeMonitor] ERROR client.DNCertificateClient (DefaultCertificateClient.java:run(1461)) - Failed to renew and store key and cert. Keep using existing certificates.
org.apache.hadoop.hdds.security.x509.exception.CertificateException: Error while signing and storing new certificates.
	at org.apache.hadoop.hdds.security.x509.certificate.client.DefaultCertificateClient.renewAndStoreKeyAndCertificate(DefaultCertificateClient.java:1221)
	at org.apache.hadoop.hdds.security.x509.certificate.client.DefaultCertificateClient$CertificateLifetimeMonitor.run(DefaultCertificateClient.java:1451)
	at java.util.concurrent.Executors$RunnableAdapter.call(Executors.java:511)
	at java.util.concurrent.FutureTask.runAndReset(FutureTask.java:308)
	at java.util.concurrent.ScheduledThreadPoolExecutor$ScheduledFutureTask.access$301(ScheduledThreadPoolExecutor.java:180)
	at java.util.concurrent.ScheduledThreadPoolExecutor$ScheduledFutureTask.run(ScheduledThreadPoolExecutor.java:294)
	at java.util.concurrent.ThreadPoolExecutor.runWorker(ThreadPoolExecutor.java:1149)
	at java.util.concurrent.ThreadPoolExecutor$Worker.run(ThreadPoolExecutor.java:624)
	at java.lang.Thread.run(Thread.java:750)
Caused by: org.apache.hadoop.hdds.conf.ConfigurationException: SCM Client Address could not be obtained from config. Config is not properly defined
	at org.apache.hadoop.hdds.scm.proxy.SCMSecurityProtocolFailoverProxyProvider.loadConfigs(SCMSecurityProtocolFailoverProxyProvider.java:120)
	at org.apache.hadoop.hdds.scm.proxy.SCMSecurityProtocolFailoverProxyProvider.<init>(SCMSecurityProtocolFailoverProxyProvider.java:105)
	at org.apache.hadoop.hdds.utils.HddsServerUtil.getScmSecurityClientWithMaxRetry(HddsServerUtil.java:464)
	at org.apache.hadoop.hdds.security.x509.certificate.client.DefaultCertificateClient.getScmSecureClient(DefaultCertificateClient.java:1399)
	at org.apache.hadoop.hdds.security.x509.certificate.client.DNCertificateClient.signAndStoreCertificate(DNCertificateClient.java:114)
	at org.apache.hadoop.hdds.security.x509.certificate.client.DefaultCertificateClient.renewAndStoreKeyAndCertificate(DefaultCertificateClient.java:1218)
	... 8 more
2023-02-24 13:14:57,553 [CertificateLifetimeMonitor] ERROR client.DNCertificateClient (DefaultCertificateClient.java:createKeyPair(992)) - Error while bootstrapping certificate client.
java.io.IOException: Private key already exist.
	at org.apache.hadoop.hdds.security.x509.keys.KeyCodec.writePublicKey(KeyCodec.java:197)
	at org.apache.hadoop.hdds.security.x509.certificate.client.DefaultCertificateClient.createKeyPair(DefaultCertificateClient.java:988)
	at org.apache.hadoop.hdds.security.x509.certificate.client.DefaultCertificateClient.renewAndStoreKeyAndCertificate(DefaultCertificateClient.java:1208)
	at org.apache.hadoop.hdds.security.x509.certificate.client.DefaultCertificateClient$CertificateLifetimeMonitor.run(DefaultCertificateClient.java:1451)
	at java.util.concurrent.Executors$RunnableAdapter.call(Executors.java:511)
	at java.util.concurrent.FutureTask.runAndReset(FutureTask.java:308)
	at java.util.concurrent.ScheduledThreadPoolExecutor$ScheduledFutureTask.access$301(ScheduledThreadPoolExecutor.java:180)
	at java.util.concurrent.ScheduledThreadPoolExecutor$ScheduledFutureTask.run(ScheduledThreadPoolExecutor.java:294)
	at java.util.concurrent.ThreadPoolExecutor.runWorker(ThreadPoolExecutor.java:1149)
	at java.util.concurrent.ThreadPoolExecutor$Worker.run(ThreadPoolExecutor.java:624)
	at java.lang.Thread.run(Thread.java:750)
2023-02-24 13:14:57,553 [CertificateLifetimeMonitor] ERROR client.DNCertificateClient (DefaultCertificateClient.java:run(1461)) - Failed to renew and store key and cert. Keep using existing certificates.
org.apache.hadoop.hdds.security.x509.exception.CertificateException: Error while creating new key pair.
	at org.apache.hadoop.hdds.security.x509.certificate.client.DefaultCertificateClient.renewAndStoreKeyAndCertificate(DefaultCertificateClient.java:1210)
	at org.apache.hadoop.hdds.security.x509.certificate.client.DefaultCertificateClient$CertificateLifetimeMonitor.run(DefaultCertificateClient.java:1451)
	at java.util.concurrent.Executors$RunnableAdapter.call(Executors.java:511)
	at java.util.concurrent.FutureTask.runAndReset(FutureTask.java:308)
	at java.util.concurrent.ScheduledThreadPoolExecutor$ScheduledFutureTask.access$301(ScheduledThreadPoolExecutor.java:180)
	at java.util.concurrent.ScheduledThreadPoolExecutor$ScheduledFutureTask.run(ScheduledThreadPoolExecutor.java:294)
	at java.util.concurrent.ThreadPoolExecutor.runWorker(ThreadPoolExecutor.java:1149)
	at java.util.concurrent.ThreadPoolExecutor$Worker.run(ThreadPoolExecutor.java:624)
	at java.lang.Thread.run(Thread.java:750)
Caused by: org.apache.hadoop.hdds.security.x509.exception.CertificateException: Error while bootstrapping certificate.
	at org.apache.hadoop.hdds.security.x509.certificate.client.DefaultCertificateClient.createKeyPair(DefaultCertificateClient.java:993)
	at org.apache.hadoop.hdds.security.x509.certificate.client.DefaultCertificateClient.renewAndStoreKeyAndCertificate(DefaultCertificateClient.java:1208)
	... 8 more
2023-02-24 13:14:57,590 [CertificateLifetimeMonitor] ERROR client.DNCertificateClient (DefaultCertificateClient.java:createKeyPair(992)) - Error while bootstrapping certificate client.
java.io.IOException: Private key already exist.
	at org.apache.hadoop.hdds.security.x509.keys.KeyCodec.writePublicKey(KeyCodec.java:197)
	at org.apache.hadoop.hdds.security.x509.certificate.client.DefaultCertificateClient.createKeyPair(DefaultCertificateClient.java:988)
	at org.apache.hadoop.hdds.security.x509.certificate.client.DefaultCertificateClient.renewAndStoreKeyAndCertificate(DefaultCertificateClient.java:1208)
	at org.apache.hadoop.hdds.security.x509.certificate.client.DefaultCertificateClient$CertificateLifetimeMonitor.run(DefaultCertificateClient.java:1451)
	at java.util.concurrent.Executors$RunnableAdapter.call(Executors.java:511)
	at java.util.concurrent.FutureTask.runAndReset(FutureTask.java:308)
	at java.util.concurrent.ScheduledThreadPoolExecutor$ScheduledFutureTask.access$301(ScheduledThreadPoolExecutor.java:180)
	at java.util.concurrent.ScheduledThreadPoolExecutor$ScheduledFutureTask.run(ScheduledThreadPoolExecutor.java:294)
	at java.util.concurrent.ThreadPoolExecutor.runWorker(ThreadPoolExecutor.java:1149)
	at java.util.concurrent.ThreadPoolExecutor$Worker.run(ThreadPoolExecutor.java:624)
	at java.lang.Thread.run(Thread.java:750)
2023-02-24 13:14:57,590 [CertificateLifetimeMonitor] ERROR client.DNCertificateClient (DefaultCertificateClient.java:run(1461)) - Failed to renew and store key and cert. Keep using existing certificates.
org.apache.hadoop.hdds.security.x509.exception.CertificateException: Error while creating new key pair.
	at org.apache.hadoop.hdds.security.x509.certificate.client.DefaultCertificateClient.renewAndStoreKeyAndCertificate(DefaultCertificateClient.java:1210)
	at org.apache.hadoop.hdds.security.x509.certificate.client.DefaultCertificateClient$CertificateLifetimeMonitor.run(DefaultCertificateClient.java:1451)
	at java.util.concurrent.Executors$RunnableAdapter.call(Executors.java:511)
	at java.util.concurrent.FutureTask.runAndReset(FutureTask.java:308)
	at java.util.concurrent.ScheduledThreadPoolExecutor$ScheduledFutureTask.access$301(ScheduledThreadPoolExecutor.java:180)
	at java.util.concurrent.ScheduledThreadPoolExecutor$ScheduledFutureTask.run(ScheduledThreadPoolExecutor.java:294)
	at java.util.concurrent.ThreadPoolExecutor.runWorker(ThreadPoolExecutor.java:1149)
	at java.util.concurrent.ThreadPoolExecutor$Worker.run(ThreadPoolExecutor.java:624)
	at java.lang.Thread.run(Thread.java:750)
Caused by: org.apache.hadoop.hdds.security.x509.exception.CertificateException: Error while bootstrapping certificate.
	at org.apache.hadoop.hdds.security.x509.certificate.client.DefaultCertificateClient.createKeyPair(DefaultCertificateClient.java:993)
	at org.apache.hadoop.hdds.security.x509.certificate.client.DefaultCertificateClient.renewAndStoreKeyAndCertificate(DefaultCertificateClient.java:1208)
	... 8 more
2023-02-24 13:14:57,652 [CertificateLifetimeMonitor] ERROR client.DNCertificateClient (DefaultCertificateClient.java:createKeyPair(992)) - Error while bootstrapping certificate client.
java.io.IOException: Private key already exist.
	at org.apache.hadoop.hdds.security.x509.keys.KeyCodec.writePublicKey(KeyCodec.java:197)
	at org.apache.hadoop.hdds.security.x509.certificate.client.DefaultCertificateClient.createKeyPair(DefaultCertificateClient.java:988)
	at org.apache.hadoop.hdds.security.x509.certificate.client.DefaultCertificateClient.renewAndStoreKeyAndCertificate(DefaultCertificateClient.java:1208)
	at org.apache.hadoop.hdds.security.x509.certificate.client.DefaultCertificateClient$CertificateLifetimeMonitor.run(DefaultCertificateClient.java:1451)
	at java.util.concurrent.Executors$RunnableAdapter.call(Executors.java:511)
	at java.util.concurrent.FutureTask.runAndReset(FutureTask.java:308)
	at java.util.concurrent.ScheduledThreadPoolExecutor$ScheduledFutureTask.access$301(ScheduledThreadPoolExecutor.java:180)
	at java.util.concurrent.ScheduledThreadPoolExecutor$ScheduledFutureTask.run(ScheduledThreadPoolExecutor.java:294)
	at java.util.concurrent.ThreadPoolExecutor.runWorker(ThreadPoolExecutor.java:1149)
	at java.util.concurrent.ThreadPoolExecutor$Worker.run(ThreadPoolExecutor.java:624)
	at java.lang.Thread.run(Thread.java:750)
2023-02-24 13:14:57,652 [CertificateLifetimeMonitor] ERROR client.DNCertificateClient (DefaultCertificateClient.java:run(1461)) - Failed to renew and store key and cert. Keep using existing certificates.
org.apache.hadoop.hdds.security.x509.exception.CertificateException: Error while creating new key pair.
	at org.apache.hadoop.hdds.security.x509.certificate.client.DefaultCertificateClient.renewAndStoreKeyAndCertificate(DefaultCertificateClient.java:1210)
	at org.apache.hadoop.hdds.security.x509.certificate.client.DefaultCertificateClient$CertificateLifetimeMonitor.run(DefaultCertificateClient.java:1451)
	at java.util.concurrent.Executors$RunnableAdapter.call(Executors.java:511)
	at java.util.concurrent.FutureTask.runAndReset(FutureTask.java:308)
	at java.util.concurrent.ScheduledThreadPoolExecutor$ScheduledFutureTask.access$301(ScheduledThreadPoolExecutor.java:180)
	at java.util.concurrent.ScheduledThreadPoolExecutor$ScheduledFutureTask.run(ScheduledThreadPoolExecutor.java:294)
	at java.util.concurrent.ThreadPoolExecutor.runWorker(ThreadPoolExecutor.java:1149)
	at java.util.concurrent.ThreadPoolExecutor$Worker.run(ThreadPoolExecutor.java:624)
	at java.lang.Thread.run(Thread.java:750)
Caused by: org.apache.hadoop.hdds.security.x509.exception.CertificateException: Error while bootstrapping certificate.
	at org.apache.hadoop.hdds.security.x509.certificate.client.DefaultCertificateClient.createKeyPair(DefaultCertificateClient.java:993)
	at org.apache.hadoop.hdds.security.x509.certificate.client.DefaultCertificateClient.renewAndStoreKeyAndCertificate(DefaultCertificateClient.java:1208)
	... 8 more
2023-02-24 13:14:58,998 [CertificateLifetimeMonitor] INFO  client.DNCertificateClient (DefaultCertificateClient.java:run(1448)) - Current certificate has entered the expiry grace period PT0S. Starting renew key and certs.
2023-02-24 13:14:58,999 [CertificateLifetimeMonitor] INFO  client.DNCertificateClient (DefaultCertificateClient.java:run(1448)) - Current certificate has entered the expiry grace period PT0S. Starting renew key and certs.
2023-02-24 13:14:58,999 [CertificateLifetimeMonitor] ERROR client.DNCertificateClient (DefaultCertificateClient.java:run(1461)) - Failed to renew and store key and cert. Keep using existing certificates.
org.apache.hadoop.hdds.security.x509.exception.CertificateException: Error while deleting/creating /home/runner/work/ozone/ozone/hadoop-hdds/container-service/target/test-dir/B1tFvJdgJa/dn/keys-next or /home/runner/work/ozone/ozone/hadoop-hdds/container-service/target/test-dir/B1tFvJdgJa/dn/certs-next directories to cleanup  certificate storage. 
	at org.apache.hadoop.hdds.security.x509.certificate.client.DefaultCertificateClient.renewAndStoreKeyAndCertificate(DefaultCertificateClient.java:1199)
	at org.apache.hadoop.hdds.security.x509.certificate.client.DefaultCertificateClient$CertificateLifetimeMonitor.run(DefaultCertificateClient.java:1451)
	at java.util.concurrent.Executors$RunnableAdapter.call(Executors.java:511)
	at java.util.concurrent.FutureTask.runAndReset(FutureTask.java:308)
	at java.util.concurrent.ScheduledThreadPoolExecutor$ScheduledFutureTask.access$301(ScheduledThreadPoolExecutor.java:180)
	at java.util.concurrent.ScheduledThreadPoolExecutor$ScheduledFutureTask.run(ScheduledThreadPoolExecutor.java:294)
	at java.util.concurrent.ThreadPoolExecutor.runWorker(ThreadPoolExecutor.java:1149)
	at java.util.concurrent.ThreadPoolExecutor$Worker.run(ThreadPoolExecutor.java:624)
	at java.lang.Thread.run(Thread.java:750)
Caused by: org.apache.commons.io.IOExceptionList: /home/runner/work/ozone/ozone/hadoop-hdds/container-service/target/test-dir/B1tFvJdgJa/dn/keys-next
	at org.apache.commons.io.FileUtils.cleanDirectory(FileUtils.java:331)
	at org.apache.commons.io.FileUtils.deleteDirectory(FileUtils.java:1192)
	at org.apache.hadoop.hdds.security.x509.certificate.client.DefaultCertificateClient.renewAndStoreKeyAndCertificate(DefaultCertificateClient.java:1194)
	... 8 more
Caused by: java.io.IOException: Cannot delete file: /home/runner/work/ozone/ozone/hadoop-hdds/container-service/target/test-dir/B1tFvJdgJa/dn/keys-next/private.pem
	at org.apache.commons.io.FileUtils.forceDelete(FileUtils.java:1344)
	at org.apache.commons.io.FileUtils.cleanDirectory(FileUtils.java:324)
	... 10 more
Caused by: java.nio.file.NoSuchFileException: /home/runner/work/ozone/ozone/hadoop-hdds/container-service/target/test-dir/B1tFvJdgJa/dn/keys-next/private.pem
	at sun.nio.fs.UnixException.translateToIOException(UnixException.java:86)
	at sun.nio.fs.UnixException.rethrowAsIOException(UnixException.java:102)
	at sun.nio.fs.UnixException.rethrowAsIOException(UnixException.java:107)
	at sun.nio.fs.UnixFileAttributeViews$Posix.readAttributes(UnixFileAttributeViews.java:218)
	at sun.nio.fs.UnixFileAttributeViews$Posix.readAttributes(UnixFileAttributeViews.java:131)
	at org.apache.commons.io.file.PathUtils.setReadOnly(PathUtils.java:927)
	at org.apache.commons.io.file.PathUtils.deleteFile(PathUtils.java:485)
	at org.apache.commons.io.file.PathUtils.delete(PathUtils.java:392)
	at org.apache.commons.io.FileUtils.forceDelete(FileUtils.java:1341)
	... 11 more
2023-02-24 13:14:59,000 [CertificateLifetimeMonitor] INFO  client.DNCertificateClient (DefaultCertificateClient.java:run(1448)) - Current certificate has entered the expiry grace period PT0S. Starting renew key and certs.
2023-02-24 13:14:58,998 [CertificateLifetimeMonitor] INFO  client.DNCertificateClient (DefaultCertificateClient.java:run(1448)) - Current certificate has entered the expiry grace period PT0S. Starting renew key and certs.
2023-02-24 13:14:59,009 [CertificateLifetimeMonitor] INFO  client.DNCertificateClient (DefaultCertificateClient.java:run(1448)) - Current certificate has entered the expiry grace period PT0S. Starting renew key and certs.
2023-02-24 13:14:59,175 [CertificateLifetimeMonitor] INFO  ozone.OzoneSecurityUtil (OzoneSecurityUtil.java:getValidInetsForCurrentHost(119)) - ip:fe80:0:0:0:222:48ff:feaa:f88f%eth0 not returned.
2023-02-24 13:14:59,176 [CertificateLifetimeMonitor] INFO  ozone.OzoneSecurityUtil (OzoneSecurityUtil.java:getValidInetsForCurrentHost(116)) - Adding ip:10.1.0.29,host:fv-az201-462.yo4stti0dhyudgyjg01iu2obqd.jx.internal.cloudapp.net
2023-02-24 13:14:59,176 [CertificateLifetimeMonitor] INFO  ozone.OzoneSecurityUtil (OzoneSecurityUtil.java:getValidInetsForCurrentHost(119)) - ip:0:0:0:0:0:0:0:1%lo not returned.
2023-02-24 13:14:59,176 [CertificateLifetimeMonitor] INFO  ozone.OzoneSecurityUtil (OzoneSecurityUtil.java:getValidInetsForCurrentHost(119)) - ip:127.0.0.1 not returned.
2023-02-24 13:14:59,176 [CertificateLifetimeMonitor] INFO  client.DNCertificateClient (DNCertificateClient.java:getCSRBuilder(99)) - Created csr for DN-> subject:runner@fv-az201-462.yo4stti0dhyudgyjg01iu2obqd.jx.internal.cloudapp.net
2023-02-24 13:14:59,179 [CertificateLifetimeMonitor] ERROR client.DNCertificateClient (DefaultCertificateClient.java:run(1461)) - Failed to renew and store key and cert. Keep using existing certificates.
org.apache.hadoop.hdds.security.x509.exception.CertificateException: Error while signing and storing new certificates.
	at org.apache.hadoop.hdds.security.x509.certificate.client.DefaultCertificateClient.renewAndStoreKeyAndCertificate(DefaultCertificateClient.java:1221)
	at org.apache.hadoop.hdds.security.x509.certificate.client.DefaultCertificateClient$CertificateLifetimeMonitor.run(DefaultCertificateClient.java:1451)
	at java.util.concurrent.Executors$RunnableAdapter.call(Executors.java:511)
	at java.util.concurrent.FutureTask.runAndReset(FutureTask.java:308)
	at java.util.concurrent.ScheduledThreadPoolExecutor$ScheduledFutureTask.access$301(ScheduledThreadPoolExecutor.java:180)
	at java.util.concurrent.ScheduledThreadPoolExecutor$ScheduledFutureTask.run(ScheduledThreadPoolExecutor.java:294)
	at java.util.concurrent.ThreadPoolExecutor.runWorker(ThreadPoolExecutor.java:1149)
	at java.util.concurrent.ThreadPoolExecutor$Worker.run(ThreadPoolExecutor.java:624)
	at java.lang.Thread.run(Thread.java:750)
Caused by: org.apache.hadoop.hdds.conf.ConfigurationException: SCM Client Address could not be obtained from config. Config is not properly defined
	at org.apache.hadoop.hdds.scm.proxy.SCMSecurityProtocolFailoverProxyProvider.loadConfigs(SCMSecurityProtocolFailoverProxyProvider.java:120)
	at org.apache.hadoop.hdds.scm.proxy.SCMSecurityProtocolFailoverProxyProvider.<init>(SCMSecurityProtocolFailoverProxyProvider.java:105)
	at org.apache.hadoop.hdds.utils.HddsServerUtil.getScmSecurityClientWithMaxRetry(HddsServerUtil.java:464)
	at org.apache.hadoop.hdds.security.x509.certificate.client.DefaultCertificateClient.getScmSecureClient(DefaultCertificateClient.java:1399)
	at org.apache.hadoop.hdds.security.x509.certificate.client.DNCertificateClient.signAndStoreCertificate(DNCertificateClient.java:114)
	at org.apache.hadoop.hdds.security.x509.certificate.client.DefaultCertificateClient.renewAndStoreKeyAndCertificate(DefaultCertificateClient.java:1218)
	... 8 more
2023-02-24 13:14:59,321 [CertificateLifetimeMonitor] ERROR client.DNCertificateClient (DefaultCertificateClient.java:createKeyPair(992)) - Error while bootstrapping certificate client.
java.io.IOException: Private key already exist.
	at org.apache.hadoop.hdds.security.x509.keys.KeyCodec.writePublicKey(KeyCodec.java:197)
	at org.apache.hadoop.hdds.security.x509.certificate.client.DefaultCertificateClient.createKeyPair(DefaultCertificateClient.java:988)
	at org.apache.hadoop.hdds.security.x509.certificate.client.DefaultCertificateClient.renewAndStoreKeyAndCertificate(DefaultCertificateClient.java:1208)
	at org.apache.hadoop.hdds.security.x509.certificate.client.DefaultCertificateClient$CertificateLifetimeMonitor.run(DefaultCertificateClient.java:1451)
	at java.util.concurrent.Executors$RunnableAdapter.call(Executors.java:511)
	at java.util.concurrent.FutureTask.runAndReset(FutureTask.java:308)
	at java.util.concurrent.ScheduledThreadPoolExecutor$ScheduledFutureTask.access$301(ScheduledThreadPoolExecutor.java:180)
	at java.util.concurrent.ScheduledThreadPoolExecutor$ScheduledFutureTask.run(ScheduledThreadPoolExecutor.java:294)
	at java.util.concurrent.ThreadPoolExecutor.runWorker(ThreadPoolExecutor.java:1149)
	at java.util.concurrent.ThreadPoolExecutor$Worker.run(ThreadPoolExecutor.java:624)
	at java.lang.Thread.run(Thread.java:750)
2023-02-24 13:14:59,322 [CertificateLifetimeMonitor] ERROR client.DNCertificateClient (DefaultCertificateClient.java:run(1461)) - Failed to renew and store key and cert. Keep using existing certificates.
org.apache.hadoop.hdds.security.x509.exception.CertificateException: Error while creating new key pair.
	at org.apache.hadoop.hdds.security.x509.certificate.client.DefaultCertificateClient.renewAndStoreKeyAndCertificate(DefaultCertificateClient.java:1210)
	at org.apache.hadoop.hdds.security.x509.certificate.client.DefaultCertificateClient$CertificateLifetimeMonitor.run(DefaultCertificateClient.java:1451)
	at java.util.concurrent.Executors$RunnableAdapter.call(Executors.java:511)
	at java.util.concurrent.FutureTask.runAndReset(FutureTask.java:308)
	at java.util.concurrent.ScheduledThreadPoolExecutor$ScheduledFutureTask.access$301(ScheduledThreadPoolExecutor.java:180)
	at java.util.concurrent.ScheduledThreadPoolExecutor$ScheduledFutureTask.run(ScheduledThreadPoolExecutor.java:294)
	at java.util.concurrent.ThreadPoolExecutor.runWorker(ThreadPoolExecutor.java:1149)
	at java.util.concurrent.ThreadPoolExecutor$Worker.run(ThreadPoolExecutor.java:624)
	at java.lang.Thread.run(Thread.java:750)
Caused by: org.apache.hadoop.hdds.security.x509.exception.CertificateException: Error while bootstrapping certificate.
	at org.apache.hadoop.hdds.security.x509.certificate.client.DefaultCertificateClient.createKeyPair(DefaultCertificateClient.java:993)
	at org.apache.hadoop.hdds.security.x509.certificate.client.DefaultCertificateClient.renewAndStoreKeyAndCertificate(DefaultCertificateClient.java:1208)
	... 8 more
2023-02-24 13:14:59,415 [CertificateLifetimeMonitor] ERROR client.DNCertificateClient (DefaultCertificateClient.java:createKeyPair(992)) - Error while bootstrapping certificate client.
java.io.IOException: Private key already exist.
	at org.apache.hadoop.hdds.security.x509.keys.KeyCodec.writePublicKey(KeyCodec.java:197)
	at org.apache.hadoop.hdds.security.x509.certificate.client.DefaultCertificateClient.createKeyPair(DefaultCertificateClient.java:988)
	at org.apache.hadoop.hdds.security.x509.certificate.client.DefaultCertificateClient.renewAndStoreKeyAndCertificate(DefaultCertificateClient.java:1208)
	at org.apache.hadoop.hdds.security.x509.certificate.client.DefaultCertificateClient$CertificateLifetimeMonitor.run(DefaultCertificateClient.java:1451)
	at java.util.concurrent.Executors$RunnableAdapter.call(Executors.java:511)
	at java.util.concurrent.FutureTask.runAndReset(FutureTask.java:308)
	at java.util.concurrent.ScheduledThreadPoolExecutor$ScheduledFutureTask.access$301(ScheduledThreadPoolExecutor.java:180)
	at java.util.concurrent.ScheduledThreadPoolExecutor$ScheduledFutureTask.run(ScheduledThreadPoolExecutor.java:294)
	at java.util.concurrent.ThreadPoolExecutor.runWorker(ThreadPoolExecutor.java:1149)
	at java.util.concurrent.ThreadPoolExecutor$Worker.run(ThreadPoolExecutor.java:624)
	at java.lang.Thread.run(Thread.java:750)
2023-02-24 13:14:59,416 [CertificateLifetimeMonitor] ERROR client.DNCertificateClient (DefaultCertificateClient.java:run(1461)) - Failed to renew and store key and cert. Keep using existing certificates.
org.apache.hadoop.hdds.security.x509.exception.CertificateException: Error while creating new key pair.
	at org.apache.hadoop.hdds.security.x509.certificate.client.DefaultCertificateClient.renewAndStoreKeyAndCertificate(DefaultCertificateClient.java:1210)
	at org.apache.hadoop.hdds.security.x509.certificate.client.DefaultCertificateClient$CertificateLifetimeMonitor.run(DefaultCertificateClient.java:1451)
	at java.util.concurrent.Executors$RunnableAdapter.call(Executors.java:511)
	at java.util.concurrent.FutureTask.runAndReset(FutureTask.java:308)
	at java.util.concurrent.ScheduledThreadPoolExecutor$ScheduledFutureTask.access$301(ScheduledThreadPoolExecutor.java:180)
	at java.util.concurrent.ScheduledThreadPoolExecutor$ScheduledFutureTask.run(ScheduledThreadPoolExecutor.java:294)
	at java.util.concurrent.ThreadPoolExecutor.runWorker(ThreadPoolExecutor.java:1149)
	at java.util.concurrent.ThreadPoolExecutor$Worker.run(ThreadPoolExecutor.java:624)
	at java.lang.Thread.run(Thread.java:750)
Caused by: org.apache.hadoop.hdds.security.x509.exception.CertificateException: Error while bootstrapping certificate.
	at org.apache.hadoop.hdds.security.x509.certificate.client.DefaultCertificateClient.createKeyPair(DefaultCertificateClient.java:993)
	at org.apache.hadoop.hdds.security.x509.certificate.client.DefaultCertificateClient.renewAndStoreKeyAndCertificate(DefaultCertificateClient.java:1208)
	... 8 more
2023-02-24 13:14:59,435 [CertificateLifetimeMonitor] ERROR client.DNCertificateClient (DefaultCertificateClient.java:createKeyPair(992)) - Error while bootstrapping certificate client.
java.io.IOException: Private key already exist.
	at org.apache.hadoop.hdds.security.x509.keys.KeyCodec.writePublicKey(KeyCodec.java:197)
	at org.apache.hadoop.hdds.security.x509.certificate.client.DefaultCertificateClient.createKeyPair(DefaultCertificateClient.java:988)
	at org.apache.hadoop.hdds.security.x509.certificate.client.DefaultCertificateClient.renewAndStoreKeyAndCertificate(DefaultCertificateClient.java:1208)
	at org.apache.hadoop.hdds.security.x509.certificate.client.DefaultCertificateClient$CertificateLifetimeMonitor.run(DefaultCertificateClient.java:1451)
	at java.util.concurrent.Executors$RunnableAdapter.call(Executors.java:511)
	at java.util.concurrent.FutureTask.runAndReset(FutureTask.java:308)
	at java.util.concurrent.ScheduledThreadPoolExecutor$ScheduledFutureTask.access$301(ScheduledThreadPoolExecutor.java:180)
	at java.util.concurrent.ScheduledThreadPoolExecutor$ScheduledFutureTask.run(ScheduledThreadPoolExecutor.java:294)
	at java.util.concurrent.ThreadPoolExecutor.runWorker(ThreadPoolExecutor.java:1149)
	at java.util.concurrent.ThreadPoolExecutor$Worker.run(ThreadPoolExecutor.java:624)
	at java.lang.Thread.run(Thread.java:750)
2023-02-24 13:14:59,435 [CertificateLifetimeMonitor] ERROR client.DNCertificateClient (DefaultCertificateClient.java:run(1461)) - Failed to renew and store key and cert. Keep using existing certificates.
org.apache.hadoop.hdds.security.x509.exception.CertificateException: Error while creating new key pair.
	at org.apache.hadoop.hdds.security.x509.certificate.client.DefaultCertificateClient.renewAndStoreKeyAndCertificate(DefaultCertificateClient.java:1210)
	at org.apache.hadoop.hdds.security.x509.certificate.client.DefaultCertificateClient$CertificateLifetimeMonitor.run(DefaultCertificateClient.java:1451)
	at java.util.concurrent.Executors$RunnableAdapter.call(Executors.java:511)
	at java.util.concurrent.FutureTask.runAndReset(FutureTask.java:308)
	at java.util.concurrent.ScheduledThreadPoolExecutor$ScheduledFutureTask.access$301(ScheduledThreadPoolExecutor.java:180)
	at java.util.concurrent.ScheduledThreadPoolExecutor$ScheduledFutureTask.run(ScheduledThreadPoolExecutor.java:294)
	at java.util.concurrent.ThreadPoolExecutor.runWorker(ThreadPoolExecutor.java:1149)
	at java.util.concurrent.ThreadPoolExecutor$Worker.run(ThreadPoolExecutor.java:624)
	at java.lang.Thread.run(Thread.java:750)
Caused by: org.apache.hadoop.hdds.security.x509.exception.CertificateException: Error while bootstrapping certificate.
	at org.apache.hadoop.hdds.security.x509.certificate.client.DefaultCertificateClient.createKeyPair(DefaultCertificateClient.java:993)
	at org.apache.hadoop.hdds.security.x509.certificate.client.DefaultCertificateClient.renewAndStoreKeyAndCertificate(DefaultCertificateClient.java:1208)
	... 8 more
2023-02-24 13:15:00,664 [CertificateLifetimeMonitor] INFO  client.DNCertificateClient (DefaultCertificateClient.java:run(1448)) - Current certificate has entered the expiry grace period PT0S. Starting renew key and certs.
2023-02-24 13:15:00,664 [CertificateLifetimeMonitor] INFO  client.DNCertificateClient (DefaultCertificateClient.java:run(1448)) - Current certificate has entered the expiry grace period PT0S. Starting renew key and certs.
2023-02-24 13:15:00,665 [CertificateLifetimeMonitor] ERROR client.DNCertificateClient (DefaultCertificateClient.java:run(1461)) - Failed to renew and store key and cert. Keep using existing certificates.
org.apache.hadoop.hdds.security.x509.exception.CertificateException: Error while deleting/creating /home/runner/work/ozone/ozone/hadoop-hdds/container-service/target/test-dir/B1tFvJdgJa/dn/keys-next or /home/runner/work/ozone/ozone/hadoop-hdds/container-service/target/test-dir/B1tFvJdgJa/dn/certs-next directories to cleanup  certificate storage. 
	at org.apache.hadoop.hdds.security.x509.certificate.client.DefaultCertificateClient.renewAndStoreKeyAndCertificate(DefaultCertificateClient.java:1199)
	at org.apache.hadoop.hdds.security.x509.certificate.client.DefaultCertificateClient$CertificateLifetimeMonitor.run(DefaultCertificateClient.java:1451)
	at java.util.concurrent.Executors$RunnableAdapter.call(Executors.java:511)
	at java.util.concurrent.FutureTask.runAndReset(FutureTask.java:308)
	at java.util.concurrent.ScheduledThreadPoolExecutor$ScheduledFutureTask.access$301(ScheduledThreadPoolExecutor.java:180)
	at java.util.concurrent.ScheduledThreadPoolExecutor$ScheduledFutureTask.run(ScheduledThreadPoolExecutor.java:294)
	at java.util.concurrent.ThreadPoolExecutor.runWorker(ThreadPoolExecutor.java:1149)
	at java.util.concurrent.ThreadPoolExecutor$Worker.run(ThreadPoolExecutor.java:624)
	at java.lang.Thread.run(Thread.java:750)
Caused by: org.apache.commons.io.IOExceptionList: /home/runner/work/ozone/ozone/hadoop-hdds/container-service/target/test-dir/B1tFvJdgJa/dn/keys-next
	at org.apache.commons.io.FileUtils.cleanDirectory(FileUtils.java:331)
	at org.apache.commons.io.FileUtils.deleteDirectory(FileUtils.java:1192)
	at org.apache.hadoop.hdds.security.x509.certificate.client.DefaultCertificateClient.renewAndStoreKeyAndCertificate(DefaultCertificateClient.java:1194)
	... 8 more
Caused by: java.io.IOException: Cannot delete file: /home/runner/work/ozone/ozone/hadoop-hdds/container-service/target/test-dir/B1tFvJdgJa/dn/keys-next/private.pem
	at org.apache.commons.io.FileUtils.forceDelete(FileUtils.java:1344)
	at org.apache.commons.io.FileUtils.cleanDirectory(FileUtils.java:324)
	... 10 more
Caused by: java.nio.file.NoSuchFileException: /home/runner/work/ozone/ozone/hadoop-hdds/container-service/target/test-dir/B1tFvJdgJa/dn/keys-next/private.pem
	at sun.nio.fs.UnixException.translateToIOException(UnixException.java:86)
	at sun.nio.fs.UnixException.rethrowAsIOException(UnixException.java:102)
	at sun.nio.fs.UnixException.rethrowAsIOException(UnixException.java:107)
	at sun.nio.fs.UnixFileAttributeViews$Posix.readAttributes(UnixFileAttributeViews.java:218)
	at sun.nio.fs.UnixFileAttributeViews$Posix.readAttributes(UnixFileAttributeViews.java:131)
	at org.apache.commons.io.file.PathUtils.setReadOnly(PathUtils.java:927)
	at org.apache.commons.io.file.PathUtils.deleteFile(PathUtils.java:485)
	at org.apache.commons.io.file.PathUtils.delete(PathUtils.java:392)
	at org.apache.commons.io.FileUtils.forceDelete(FileUtils.java:1341)
	... 11 more
2023-02-24 13:15:00,666 [CertificateLifetimeMonitor] INFO  client.DNCertificateClient (DefaultCertificateClient.java:run(1448)) - Current certificate has entered the expiry grace period PT0S. Starting renew key and certs.
2023-02-24 13:15:00,669 [CertificateLifetimeMonitor] INFO  client.DNCertificateClient (DefaultCertificateClient.java:run(1448)) - Current certificate has entered the expiry grace period PT0S. Starting renew key and certs.
2023-02-24 13:15:00,673 [CertificateLifetimeMonitor] INFO  client.DNCertificateClient (DefaultCertificateClient.java:run(1448)) - Current certificate has entered the expiry grace period PT0S. Starting renew key and certs.
2023-02-24 13:15:00,870 [CertificateLifetimeMonitor] INFO  ozone.OzoneSecurityUtil (OzoneSecurityUtil.java:getValidInetsForCurrentHost(119)) - ip:fe80:0:0:0:222:48ff:feaa:f88f%eth0 not returned.
2023-02-24 13:15:00,870 [CertificateLifetimeMonitor] INFO  ozone.OzoneSecurityUtil (OzoneSecurityUtil.java:getValidInetsForCurrentHost(116)) - Adding ip:10.1.0.29,host:fv-az201-462.yo4stti0dhyudgyjg01iu2obqd.jx.internal.cloudapp.net
2023-02-24 13:15:00,870 [CertificateLifetimeMonitor] INFO  ozone.OzoneSecurityUtil (OzoneSecurityUtil.java:getValidInetsForCurrentHost(119)) - ip:0:0:0:0:0:0:0:1%lo not returned.
2023-02-24 13:15:00,871 [CertificateLifetimeMonitor] INFO  ozone.OzoneSecurityUtil (OzoneSecurityUtil.java:getValidInetsForCurrentHost(119)) - ip:127.0.0.1 not returned.
2023-02-24 13:15:00,873 [CertificateLifetimeMonitor] INFO  client.DNCertificateClient (DNCertificateClient.java:getCSRBuilder(99)) - Created csr for DN-> subject:runner@fv-az201-462.yo4stti0dhyudgyjg01iu2obqd.jx.internal.cloudapp.net
2023-02-24 13:15:00,880 [CertificateLifetimeMonitor] ERROR client.DNCertificateClient (DefaultCertificateClient.java:run(1461)) - Failed to renew and store key and cert. Keep using existing certificates.
org.apache.hadoop.hdds.security.x509.exception.CertificateException: Error while signing and storing new certificates.
	at org.apache.hadoop.hdds.security.x509.certificate.client.DefaultCertificateClient.renewAndStoreKeyAndCertificate(DefaultCertificateClient.java:1221)
	at org.apache.hadoop.hdds.security.x509.certificate.client.DefaultCertificateClient$CertificateLifetimeMonitor.run(DefaultCertificateClient.java:1451)
	at java.util.concurrent.Executors$RunnableAdapter.call(Executors.java:511)
	at java.util.concurrent.FutureTask.runAndReset(FutureTask.java:308)
	at java.util.concurrent.ScheduledThreadPoolExecutor$ScheduledFutureTask.access$301(ScheduledThreadPoolExecutor.java:180)
	at java.util.concurrent.ScheduledThreadPoolExecutor$ScheduledFutureTask.run(ScheduledThreadPoolExecutor.java:294)
	at java.util.concurrent.ThreadPoolExecutor.runWorker(ThreadPoolExecutor.java:1149)
	at java.util.concurrent.ThreadPoolExecutor$Worker.run(ThreadPoolExecutor.java:624)
	at java.lang.Thread.run(Thread.java:750)
Caused by: org.apache.hadoop.hdds.conf.ConfigurationException: SCM Client Address could not be obtained from config. Config is not properly defined
	at org.apache.hadoop.hdds.scm.proxy.SCMSecurityProtocolFailoverProxyProvider.loadConfigs(SCMSecurityProtocolFailoverProxyProvider.java:120)
	at org.apache.hadoop.hdds.scm.proxy.SCMSecurityProtocolFailoverProxyProvider.<init>(SCMSecurityProtocolFailoverProxyProvider.java:105)
	at org.apache.hadoop.hdds.utils.HddsServerUtil.getScmSecurityClientWithMaxRetry(HddsServerUtil.java:464)
	at org.apache.hadoop.hdds.security.x509.certificate.client.DefaultCertificateClient.getScmSecureClient(DefaultCertificateClient.java:1399)
	at org.apache.hadoop.hdds.security.x509.certificate.client.DNCertificateClient.signAndStoreCertificate(DNCertificateClient.java:114)
	at org.apache.hadoop.hdds.security.x509.certificate.client.DefaultCertificateClient.renewAndStoreKeyAndCertificate(DefaultCertificateClient.java:1218)
	... 8 more
2023-02-24 13:15:01,298 [CertificateLifetimeMonitor] ERROR client.DNCertificateClient (DefaultCertificateClient.java:createKeyPair(992)) - Error while bootstrapping certificate client.
java.io.IOException: Private key already exist.
	at org.apache.hadoop.hdds.security.x509.keys.KeyCodec.writePublicKey(KeyCodec.java:197)
	at org.apache.hadoop.hdds.security.x509.certificate.client.DefaultCertificateClient.createKeyPair(DefaultCertificateClient.java:988)
	at org.apache.hadoop.hdds.security.x509.certificate.client.DefaultCertificateClient.renewAndStoreKeyAndCertificate(DefaultCertificateClient.java:1208)
	at org.apache.hadoop.hdds.security.x509.certificate.client.DefaultCertificateClient$CertificateLifetimeMonitor.run(DefaultCertificateClient.java:1451)
	at java.util.concurrent.Executors$RunnableAdapter.call(Executors.java:511)
	at java.util.concurrent.FutureTask.runAndReset(FutureTask.java:308)
	at java.util.concurrent.ScheduledThreadPoolExecutor$ScheduledFutureTask.access$301(ScheduledThreadPoolExecutor.java:180)
	at java.util.concurrent.ScheduledThreadPoolExecutor$ScheduledFutureTask.run(ScheduledThreadPoolExecutor.java:294)
	at java.util.concurrent.ThreadPoolExecutor.runWorker(ThreadPoolExecutor.java:1149)
	at java.util.concurrent.ThreadPoolExecutor$Worker.run(ThreadPoolExecutor.java:624)
	at java.lang.Thread.run(Thread.java:750)
2023-02-24 13:15:01,299 [CertificateLifetimeMonitor] ERROR client.DNCertificateClient (DefaultCertificateClient.java:run(1461)) - Failed to renew and store key and cert. Keep using existing certificates.
org.apache.hadoop.hdds.security.x509.exception.CertificateException: Error while creating new key pair.
	at org.apache.hadoop.hdds.security.x509.certificate.client.DefaultCertificateClient.renewAndStoreKeyAndCertificate(DefaultCertificateClient.java:1210)
	at org.apache.hadoop.hdds.security.x509.certificate.client.DefaultCertificateClient$CertificateLifetimeMonitor.run(DefaultCertificateClient.java:1451)
	at java.util.concurrent.Executors$RunnableAdapter.call(Executors.java:511)
	at java.util.concurrent.FutureTask.runAndReset(FutureTask.java:308)
	at java.util.concurrent.ScheduledThreadPoolExecutor$ScheduledFutureTask.access$301(ScheduledThreadPoolExecutor.java:180)
	at java.util.concurrent.ScheduledThreadPoolExecutor$ScheduledFutureTask.run(ScheduledThreadPoolExecutor.java:294)
	at java.util.concurrent.ThreadPoolExecutor.runWorker(ThreadPoolExecutor.java:1149)
	at java.util.concurrent.ThreadPoolExecutor$Worker.run(ThreadPoolExecutor.java:624)
	at java.lang.Thread.run(Thread.java:750)
Caused by: org.apache.hadoop.hdds.security.x509.exception.CertificateException: Error while bootstrapping certificate.
	at org.apache.hadoop.hdds.security.x509.certificate.client.DefaultCertificateClient.createKeyPair(DefaultCertificateClient.java:993)
	at org.apache.hadoop.hdds.security.x509.certificate.client.DefaultCertificateClient.renewAndStoreKeyAndCertificate(DefaultCertificateClient.java:1208)
	... 8 more
2023-02-24 13:15:01,370 [CertificateLifetimeMonitor] ERROR client.DNCertificateClient (DefaultCertificateClient.java:createKeyPair(992)) - Error while bootstrapping certificate client.
java.io.IOException: Private key already exist.
	at org.apache.hadoop.hdds.security.x509.keys.KeyCodec.writePublicKey(KeyCodec.java:197)
	at org.apache.hadoop.hdds.security.x509.certificate.client.DefaultCertificateClient.createKeyPair(DefaultCertificateClient.java:988)
	at org.apache.hadoop.hdds.security.x509.certificate.client.DefaultCertificateClient.renewAndStoreKeyAndCertificate(DefaultCertificateClient.java:1208)
	at org.apache.hadoop.hdds.security.x509.certificate.client.DefaultCertificateClient$CertificateLifetimeMonitor.run(DefaultCertificateClient.java:1451)
	at java.util.concurrent.Executors$RunnableAdapter.call(Executors.java:511)
	at java.util.concurrent.FutureTask.runAndReset(FutureTask.java:308)
	at java.util.concurrent.ScheduledThreadPoolExecutor$ScheduledFutureTask.access$301(ScheduledThreadPoolExecutor.java:180)
	at java.util.concurrent.ScheduledThreadPoolExecutor$ScheduledFutureTask.run(ScheduledThreadPoolExecutor.java:294)
	at java.util.concurrent.ThreadPoolExecutor.runWorker(ThreadPoolExecutor.java:1149)
	at java.util.concurrent.ThreadPoolExecutor$Worker.run(ThreadPoolExecutor.java:624)
	at java.lang.Thread.run(Thread.java:750)
2023-02-24 13:15:01,371 [CertificateLifetimeMonitor] ERROR client.DNCertificateClient (DefaultCertificateClient.java:run(1461)) - Failed to renew and store key and cert. Keep using existing certificates.
org.apache.hadoop.hdds.security.x509.exception.CertificateException: Error while creating new key pair.
	at org.apache.hadoop.hdds.security.x509.certificate.client.DefaultCertificateClient.renewAndStoreKeyAndCertificate(DefaultCertificateClient.java:1210)
	at org.apache.hadoop.hdds.security.x509.certificate.client.DefaultCertificateClient$CertificateLifetimeMonitor.run(DefaultCertificateClient.java:1451)
	at java.util.concurrent.Executors$RunnableAdapter.call(Executors.java:511)
	at java.util.concurrent.FutureTask.runAndReset(FutureTask.java:308)
	at java.util.concurrent.ScheduledThreadPoolExecutor$ScheduledFutureTask.access$301(ScheduledThreadPoolExecutor.java:180)
	at java.util.concurrent.ScheduledThreadPoolExecutor$ScheduledFutureTask.run(ScheduledThreadPoolExecutor.java:294)
	at java.util.concurrent.ThreadPoolExecutor.runWorker(ThreadPoolExecutor.java:1149)
	at java.util.concurrent.ThreadPoolExecutor$Worker.run(ThreadPoolExecutor.java:624)
	at java.lang.Thread.run(Thread.java:750)
Caused by: org.apache.hadoop.hdds.security.x509.exception.CertificateException: Error while bootstrapping certificate.
	at org.apache.hadoop.hdds.security.x509.certificate.client.DefaultCertificateClient.createKeyPair(DefaultCertificateClient.java:993)
	at org.apache.hadoop.hdds.security.x509.certificate.client.DefaultCertificateClient.renewAndStoreKeyAndCertificate(DefaultCertificateClient.java:1208)
	... 8 more
2023-02-24 13:15:01,442 [CertificateLifetimeMonitor] ERROR client.DNCertificateClient (DefaultCertificateClient.java:createKeyPair(992)) - Error while bootstrapping certificate client.
java.io.IOException: Private key already exist.
	at org.apache.hadoop.hdds.security.x509.keys.KeyCodec.writePublicKey(KeyCodec.java:197)
	at org.apache.hadoop.hdds.security.x509.certificate.client.DefaultCertificateClient.createKeyPair(DefaultCertificateClient.java:988)
	at org.apache.hadoop.hdds.security.x509.certificate.client.DefaultCertificateClient.renewAndStoreKeyAndCertificate(DefaultCertificateClient.java:1208)
	at org.apache.hadoop.hdds.security.x509.certificate.client.DefaultCertificateClient$CertificateLifetimeMonitor.run(DefaultCertificateClient.java:1451)
	at java.util.concurrent.Executors$RunnableAdapter.call(Executors.java:511)
	at java.util.concurrent.FutureTask.runAndReset(FutureTask.java:308)
	at java.util.concurrent.ScheduledThreadPoolExecutor$ScheduledFutureTask.access$301(ScheduledThreadPoolExecutor.java:180)
	at java.util.concurrent.ScheduledThreadPoolExecutor$ScheduledFutureTask.run(ScheduledThreadPoolExecutor.java:294)
	at java.util.concurrent.ThreadPoolExecutor.runWorker(ThreadPoolExecutor.java:1149)
	at java.util.concurrent.ThreadPoolExecutor$Worker.run(ThreadPoolExecutor.java:624)
	at java.lang.Thread.run(Thread.java:750)
2023-02-24 13:15:01,442 [CertificateLifetimeMonitor] ERROR client.DNCertificateClient (DefaultCertificateClient.java:run(1461)) - Failed to renew and store key and cert. Keep using existing certificates.
org.apache.hadoop.hdds.security.x509.exception.CertificateException: Error while creating new key pair.
	at org.apache.hadoop.hdds.security.x509.certificate.client.DefaultCertificateClient.renewAndStoreKeyAndCertificate(DefaultCertificateClient.java:1210)
	at org.apache.hadoop.hdds.security.x509.certificate.client.DefaultCertificateClient$CertificateLifetimeMonitor.run(DefaultCertificateClient.java:1451)
	at java.util.concurrent.Executors$RunnableAdapter.call(Executors.java:511)
	at java.util.concurrent.FutureTask.runAndReset(FutureTask.java:308)
	at java.util.concurrent.ScheduledThreadPoolExecutor$ScheduledFutureTask.access$301(ScheduledThreadPoolExecutor.java:180)
	at java.util.concurrent.ScheduledThreadPoolExecutor$ScheduledFutureTask.run(ScheduledThreadPoolExecutor.java:294)
	at java.util.concurrent.ThreadPoolExecutor.runWorker(ThreadPoolExecutor.java:1149)
	at java.util.concurrent.ThreadPoolExecutor$Worker.run(ThreadPoolExecutor.java:624)
	at java.lang.Thread.run(Thread.java:750)
Caused by: org.apache.hadoop.hdds.security.x509.exception.CertificateException: Error while bootstrapping certificate.
	at org.apache.hadoop.hdds.security.x509.certificate.client.DefaultCertificateClient.createKeyPair(DefaultCertificateClient.java:993)
	at org.apache.hadoop.hdds.security.x509.certificate.client.DefaultCertificateClient.renewAndStoreKeyAndCertificate(DefaultCertificateClient.java:1208)
	... 8 more
2023-02-24 13:15:01,474 [main] INFO  utils.SelfSignedCertificate (SelfSignedCertificate.java:generateCertificate(155)) - Certificate 944947 is issued by CN=localhost,OU=test,O=cluster to CN=localhost,OU=test,O=cluster, valid from Fri Feb 24 13:15:01 UTC 2023 to Fri Feb 24 13:15:16 UTC 2023
2023-02-24 13:15:02,330 [CertificateLifetimeMonitor] INFO  client.DNCertificateClient (DefaultCertificateClient.java:run(1448)) - Current certificate has entered the expiry grace period PT0S. Starting renew key and certs.
2023-02-24 13:15:02,331 [CertificateLifetimeMonitor] INFO  client.DNCertificateClient (DefaultCertificateClient.java:run(1448)) - Current certificate has entered the expiry grace period PT0S. Starting renew key and certs.
2023-02-24 13:15:02,332 [CertificateLifetimeMonitor] INFO  client.DNCertificateClient (DefaultCertificateClient.java:run(1448)) - Current certificate has entered the expiry grace period PT0S. Starting renew key and certs.
2023-02-24 13:15:02,330 [CertificateLifetimeMonitor] INFO  client.DNCertificateClient (DefaultCertificateClient.java:run(1448)) - Current certificate has entered the expiry grace period PT0S. Starting renew key and certs.
2023-02-24 13:15:02,330 [CertificateLifetimeMonitor] INFO  client.DNCertificateClient (DefaultCertificateClient.java:run(1448)) - Current certificate has entered the expiry grace period PT0S. Starting renew key and certs.
2023-02-24 13:15:02,507 [CertificateLifetimeMonitor] INFO  ozone.OzoneSecurityUtil (OzoneSecurityUtil.java:getValidInetsForCurrentHost(119)) - ip:fe80:0:0:0:222:48ff:feaa:f88f%eth0 not returned.
2023-02-24 13:15:02,507 [CertificateLifetimeMonitor] INFO  ozone.OzoneSecurityUtil (OzoneSecurityUtil.java:getValidInetsForCurrentHost(116)) - Adding ip:10.1.0.29,host:fv-az201-462.yo4stti0dhyudgyjg01iu2obqd.jx.internal.cloudapp.net
2023-02-24 13:15:02,509 [CertificateLifetimeMonitor] INFO  ozone.OzoneSecurityUtil (OzoneSecurityUtil.java:getValidInetsForCurrentHost(119)) - ip:0:0:0:0:0:0:0:1%lo not returned.
2023-02-24 13:15:02,509 [CertificateLifetimeMonitor] INFO  ozone.OzoneSecurityUtil (OzoneSecurityUtil.java:getValidInetsForCurrentHost(119)) - ip:127.0.0.1 not returned.
2023-02-24 13:15:02,511 [CertificateLifetimeMonitor] INFO  client.DNCertificateClient (DNCertificateClient.java:getCSRBuilder(99)) - Created csr for DN-> subject:runner@fv-az201-462.yo4stti0dhyudgyjg01iu2obqd.jx.internal.cloudapp.net
2023-02-24 13:15:02,516 [CertificateLifetimeMonitor] ERROR client.DNCertificateClient (DefaultCertificateClient.java:run(1461)) - Failed to renew and store key and cert. Keep using existing certificates.
org.apache.hadoop.hdds.security.x509.exception.CertificateException: Error while signing and storing new certificates.
	at org.apache.hadoop.hdds.security.x509.certificate.client.DefaultCertificateClient.renewAndStoreKeyAndCertificate(DefaultCertificateClient.java:1221)
	at org.apache.hadoop.hdds.security.x509.certificate.client.DefaultCertificateClient$CertificateLifetimeMonitor.run(DefaultCertificateClient.java:1451)
	at java.util.concurrent.Executors$RunnableAdapter.call(Executors.java:511)
	at java.util.concurrent.FutureTask.runAndReset(FutureTask.java:308)
	at java.util.concurrent.ScheduledThreadPoolExecutor$ScheduledFutureTask.access$301(ScheduledThreadPoolExecutor.java:180)
	at java.util.concurrent.ScheduledThreadPoolExecutor$ScheduledFutureTask.run(ScheduledThreadPoolExecutor.java:294)
	at java.util.concurrent.ThreadPoolExecutor.runWorker(ThreadPoolExecutor.java:1149)
	at java.util.concurrent.ThreadPoolExecutor$Worker.run(ThreadPoolExecutor.java:624)
	at java.lang.Thread.run(Thread.java:750)
Caused by: org.apache.hadoop.hdds.conf.ConfigurationException: SCM Client Address could not be obtained from config. Config is not properly defined
	at org.apache.hadoop.hdds.scm.proxy.SCMSecurityProtocolFailoverProxyProvider.loadConfigs(SCMSecurityProtocolFailoverProxyProvider.java:120)
	at org.apache.hadoop.hdds.scm.proxy.SCMSecurityProtocolFailoverProxyProvider.<init>(SCMSecurityProtocolFailoverProxyProvider.java:105)
	at org.apache.hadoop.hdds.utils.HddsServerUtil.getScmSecurityClientWithMaxRetry(HddsServerUtil.java:464)
	at org.apache.hadoop.hdds.security.x509.certificate.client.DefaultCertificateClient.getScmSecureClient(DefaultCertificateClient.java:1399)
	at org.apache.hadoop.hdds.security.x509.certificate.client.DNCertificateClient.signAndStoreCertificate(DNCertificateClient.java:114)
	at org.apache.hadoop.hdds.security.x509.certificate.client.DefaultCertificateClient.renewAndStoreKeyAndCertificate(DefaultCertificateClient.java:1218)
	... 8 more
2023-02-24 13:15:02,662 [CertificateLifetimeMonitor] ERROR client.DNCertificateClient (DefaultCertificateClient.java:createKeyPair(992)) - Error while bootstrapping certificate client.
java.io.IOException: Private key already exist.
	at org.apache.hadoop.hdds.security.x509.keys.KeyCodec.writePublicKey(KeyCodec.java:197)
	at org.apache.hadoop.hdds.security.x509.certificate.client.DefaultCertificateClient.createKeyPair(DefaultCertificateClient.java:988)
	at org.apache.hadoop.hdds.security.x509.certificate.client.DefaultCertificateClient.renewAndStoreKeyAndCertificate(DefaultCertificateClient.java:1208)
	at org.apache.hadoop.hdds.security.x509.certificate.client.DefaultCertificateClient$CertificateLifetimeMonitor.run(DefaultCertificateClient.java:1451)
	at java.util.concurrent.Executors$RunnableAdapter.call(Executors.java:511)
	at java.util.concurrent.FutureTask.runAndReset(FutureTask.java:308)
	at java.util.concurrent.ScheduledThreadPoolExecutor$ScheduledFutureTask.access$301(ScheduledThreadPoolExecutor.java:180)
	at java.util.concurrent.ScheduledThreadPoolExecutor$ScheduledFutureTask.run(ScheduledThreadPoolExecutor.java:294)
	at java.util.concurrent.ThreadPoolExecutor.runWorker(ThreadPoolExecutor.java:1149)
	at java.util.concurrent.ThreadPoolExecutor$Worker.run(ThreadPoolExecutor.java:624)
	at java.lang.Thread.run(Thread.java:750)
2023-02-24 13:15:02,662 [CertificateLifetimeMonitor] ERROR client.DNCertificateClient (DefaultCertificateClient.java:run(1461)) - Failed to renew and store key and cert. Keep using existing certificates.
org.apache.hadoop.hdds.security.x509.exception.CertificateException: Error while creating new key pair.
	at org.apache.hadoop.hdds.security.x509.certificate.client.DefaultCertificateClient.renewAndStoreKeyAndCertificate(DefaultCertificateClient.java:1210)
	at org.apache.hadoop.hdds.security.x509.certificate.client.DefaultCertificateClient$CertificateLifetimeMonitor.run(DefaultCertificateClient.java:1451)
	at java.util.concurrent.Executors$RunnableAdapter.call(Executors.java:511)
	at java.util.concurrent.FutureTask.runAndReset(FutureTask.java:308)
	at java.util.concurrent.ScheduledThreadPoolExecutor$ScheduledFutureTask.access$301(ScheduledThreadPoolExecutor.java:180)
	at java.util.concurrent.ScheduledThreadPoolExecutor$ScheduledFutureTask.run(ScheduledThreadPoolExecutor.java:294)
	at java.util.concurrent.ThreadPoolExecutor.runWorker(ThreadPoolExecutor.java:1149)
	at java.util.concurrent.ThreadPoolExecutor$Worker.run(ThreadPoolExecutor.java:624)
	at java.lang.Thread.run(Thread.java:750)
Caused by: org.apache.hadoop.hdds.security.x509.exception.CertificateException: Error while bootstrapping certificate.
	at org.apache.hadoop.hdds.security.x509.certificate.client.DefaultCertificateClient.createKeyPair(DefaultCertificateClient.java:993)
	at org.apache.hadoop.hdds.security.x509.certificate.client.DefaultCertificateClient.renewAndStoreKeyAndCertificate(DefaultCertificateClient.java:1208)
	... 8 more
2023-02-24 13:15:02,685 [CertificateLifetimeMonitor] ERROR client.DNCertificateClient (DefaultCertificateClient.java:createKeyPair(992)) - Error while bootstrapping certificate client.
java.io.IOException: Private key already exist.
	at org.apache.hadoop.hdds.security.x509.keys.KeyCodec.writePublicKey(KeyCodec.java:197)
	at org.apache.hadoop.hdds.security.x509.certificate.client.DefaultCertificateClient.createKeyPair(DefaultCertificateClient.java:988)
	at org.apache.hadoop.hdds.security.x509.certificate.client.DefaultCertificateClient.renewAndStoreKeyAndCertificate(DefaultCertificateClient.java:1208)
	at org.apache.hadoop.hdds.security.x509.certificate.client.DefaultCertificateClient$CertificateLifetimeMonitor.run(DefaultCertificateClient.java:1451)
	at java.util.concurrent.Executors$RunnableAdapter.call(Executors.java:511)
	at java.util.concurrent.FutureTask.runAndReset(FutureTask.java:308)
	at java.util.concurrent.ScheduledThreadPoolExecutor$ScheduledFutureTask.access$301(ScheduledThreadPoolExecutor.java:180)
	at java.util.concurrent.ScheduledThreadPoolExecutor$ScheduledFutureTask.run(ScheduledThreadPoolExecutor.java:294)
	at java.util.concurrent.ThreadPoolExecutor.runWorker(ThreadPoolExecutor.java:1149)
	at java.util.concurrent.ThreadPoolExecutor$Worker.run(ThreadPoolExecutor.java:624)
	at java.lang.Thread.run(Thread.java:750)
2023-02-24 13:15:02,693 [CertificateLifetimeMonitor] ERROR client.DNCertificateClient (DefaultCertificateClient.java:run(1461)) - Failed to renew and store key and cert. Keep using existing certificates.
org.apache.hadoop.hdds.security.x509.exception.CertificateException: Error while creating new key pair.
	at org.apache.hadoop.hdds.security.x509.certificate.client.DefaultCertificateClient.renewAndStoreKeyAndCertificate(DefaultCertificateClient.java:1210)
	at org.apache.hadoop.hdds.security.x509.certificate.client.DefaultCertificateClient$CertificateLifetimeMonitor.run(DefaultCertificateClient.java:1451)
	at java.util.concurrent.Executors$RunnableAdapter.call(Executors.java:511)
	at java.util.concurrent.FutureTask.runAndReset(FutureTask.java:308)
	at java.util.concurrent.ScheduledThreadPoolExecutor$ScheduledFutureTask.access$301(ScheduledThreadPoolExecutor.java:180)
	at java.util.concurrent.ScheduledThreadPoolExecutor$ScheduledFutureTask.run(ScheduledThreadPoolExecutor.java:294)
	at java.util.concurrent.ThreadPoolExecutor.runWorker(ThreadPoolExecutor.java:1149)
	at java.util.concurrent.ThreadPoolExecutor$Worker.run(ThreadPoolExecutor.java:624)
	at java.lang.Thread.run(Thread.java:750)
Caused by: org.apache.hadoop.hdds.security.x509.exception.CertificateException: Error while bootstrapping certificate.
	at org.apache.hadoop.hdds.security.x509.certificate.client.DefaultCertificateClient.createKeyPair(DefaultCertificateClient.java:993)
	at org.apache.hadoop.hdds.security.x509.certificate.client.DefaultCertificateClient.renewAndStoreKeyAndCertificate(DefaultCertificateClient.java:1208)
	... 8 more
2023-02-24 13:15:02,741 [CertificateLifetimeMonitor] ERROR client.DNCertificateClient (DefaultCertificateClient.java:createKeyPair(992)) - Error while bootstrapping certificate client.
java.io.IOException: Private key already exist.
	at org.apache.hadoop.hdds.security.x509.keys.KeyCodec.writePublicKey(KeyCodec.java:197)
	at org.apache.hadoop.hdds.security.x509.certificate.client.DefaultCertificateClient.createKeyPair(DefaultCertificateClient.java:988)
	at org.apache.hadoop.hdds.security.x509.certificate.client.DefaultCertificateClient.renewAndStoreKeyAndCertificate(DefaultCertificateClient.java:1208)
	at org.apache.hadoop.hdds.security.x509.certificate.client.DefaultCertificateClient$CertificateLifetimeMonitor.run(DefaultCertificateClient.java:1451)
	at java.util.concurrent.Executors$RunnableAdapter.call(Executors.java:511)
	at java.util.concurrent.FutureTask.runAndReset(FutureTask.java:308)
	at java.util.concurrent.ScheduledThreadPoolExecutor$ScheduledFutureTask.access$301(ScheduledThreadPoolExecutor.java:180)
	at java.util.concurrent.ScheduledThreadPoolExecutor$ScheduledFutureTask.run(ScheduledThreadPoolExecutor.java:294)
	at java.util.concurrent.ThreadPoolExecutor.runWorker(ThreadPoolExecutor.java:1149)
	at java.util.concurrent.ThreadPoolExecutor$Worker.run(ThreadPoolExecutor.java:624)
	at java.lang.Thread.run(Thread.java:750)
2023-02-24 13:15:02,743 [CertificateLifetimeMonitor] ERROR client.DNCertificateClient (DefaultCertificateClient.java:createKeyPair(992)) - Error while bootstrapping certificate client.
java.io.IOException: Private key already exist.
	at org.apache.hadoop.hdds.security.x509.keys.KeyCodec.writePublicKey(KeyCodec.java:197)
	at org.apache.hadoop.hdds.security.x509.certificate.client.DefaultCertificateClient.createKeyPair(DefaultCertificateClient.java:988)
	at org.apache.hadoop.hdds.security.x509.certificate.client.DefaultCertificateClient.renewAndStoreKeyAndCertificate(DefaultCertificateClient.java:1208)
	at org.apache.hadoop.hdds.security.x509.certificate.client.DefaultCertificateClient$CertificateLifetimeMonitor.run(DefaultCertificateClient.java:1451)
	at java.util.concurrent.Executors$RunnableAdapter.call(Executors.java:511)
	at java.util.concurrent.FutureTask.runAndReset(FutureTask.java:308)
	at java.util.concurrent.ScheduledThreadPoolExecutor$ScheduledFutureTask.access$301(ScheduledThreadPoolExecutor.java:180)
	at java.util.concurrent.ScheduledThreadPoolExecutor$ScheduledFutureTask.run(ScheduledThreadPoolExecutor.java:294)
	at java.util.concurrent.ThreadPoolExecutor.runWorker(ThreadPoolExecutor.java:1149)
	at java.util.concurrent.ThreadPoolExecutor$Worker.run(ThreadPoolExecutor.java:624)
	at java.lang.Thread.run(Thread.java:750)
2023-02-24 13:15:02,744 [CertificateLifetimeMonitor] ERROR client.DNCertificateClient (DefaultCertificateClient.java:run(1461)) - Failed to renew and store key and cert. Keep using existing certificates.
org.apache.hadoop.hdds.security.x509.exception.CertificateException: Error while creating new key pair.
	at org.apache.hadoop.hdds.security.x509.certificate.client.DefaultCertificateClient.renewAndStoreKeyAndCertificate(DefaultCertificateClient.java:1210)
	at org.apache.hadoop.hdds.security.x509.certificate.client.DefaultCertificateClient$CertificateLifetimeMonitor.run(DefaultCertificateClient.java:1451)
	at java.util.concurrent.Executors$RunnableAdapter.call(Executors.java:511)
	at java.util.concurrent.FutureTask.runAndReset(FutureTask.java:308)
	at java.util.concurrent.ScheduledThreadPoolExecutor$ScheduledFutureTask.access$301(ScheduledThreadPoolExecutor.java:180)
	at java.util.concurrent.ScheduledThreadPoolExecutor$ScheduledFutureTask.run(ScheduledThreadPoolExecutor.java:294)
	at java.util.concurrent.ThreadPoolExecutor.runWorker(ThreadPoolExecutor.java:1149)
	at java.util.concurrent.ThreadPoolExecutor$Worker.run(ThreadPoolExecutor.java:624)
	at java.lang.Thread.run(Thread.java:750)
Caused by: org.apache.hadoop.hdds.security.x509.exception.CertificateException: Error while bootstrapping certificate.
	at org.apache.hadoop.hdds.security.x509.certificate.client.DefaultCertificateClient.createKeyPair(DefaultCertificateClient.java:993)
	at org.apache.hadoop.hdds.security.x509.certificate.client.DefaultCertificateClient.renewAndStoreKeyAndCertificate(DefaultCertificateClient.java:1208)
	... 8 more
2023-02-24 13:15:02,744 [CertificateLifetimeMonitor] ERROR client.DNCertificateClient (DefaultCertificateClient.java:run(1461)) - Failed to renew and store key and cert. Keep using existing certificates.
org.apache.hadoop.hdds.security.x509.exception.CertificateException: Error while creating new key pair.
	at org.apache.hadoop.hdds.security.x509.certificate.client.DefaultCertificateClient.renewAndStoreKeyAndCertificate(DefaultCertificateClient.java:1210)
	at org.apache.hadoop.hdds.security.x509.certificate.client.DefaultCertificateClient$CertificateLifetimeMonitor.run(DefaultCertificateClient.java:1451)
	at java.util.concurrent.Executors$RunnableAdapter.call(Executors.java:511)
	at java.util.concurrent.FutureTask.runAndReset(FutureTask.java:308)
	at java.util.concurrent.ScheduledThreadPoolExecutor$ScheduledFutureTask.access$301(ScheduledThreadPoolExecutor.java:180)
	at java.util.concurrent.ScheduledThreadPoolExecutor$ScheduledFutureTask.run(ScheduledThreadPoolExecutor.java:294)
	at java.util.concurrent.ThreadPoolExecutor.runWorker(ThreadPoolExecutor.java:1149)
	at java.util.concurrent.ThreadPoolExecutor$Worker.run(ThreadPoolExecutor.java:624)
	at java.lang.Thread.run(Thread.java:750)
Caused by: org.apache.hadoop.hdds.security.x509.exception.CertificateException: Error while bootstrapping certificate.
	at org.apache.hadoop.hdds.security.x509.certificate.client.DefaultCertificateClient.createKeyPair(DefaultCertificateClient.java:993)
	at org.apache.hadoop.hdds.security.x509.certificate.client.DefaultCertificateClient.renewAndStoreKeyAndCertificate(DefaultCertificateClient.java:1208)
	... 8 more
2023-02-24 13:15:03,996 [CertificateLifetimeMonitor] INFO  client.DNCertificateClient (DefaultCertificateClient.java:run(1448)) - Current certificate has entered the expiry grace period PT0S. Starting renew key and certs.
2023-02-24 13:15:03,997 [CertificateLifetimeMonitor] INFO  client.DNCertificateClient (DefaultCertificateClient.java:run(1448)) - Current certificate has entered the expiry grace period PT0S. Starting renew key and certs.
2023-02-24 13:15:03,997 [CertificateLifetimeMonitor] INFO  client.DNCertificateClient (DefaultCertificateClient.java:run(1448)) - Current certificate has entered the expiry grace period PT0S. Starting renew key and certs.
2023-02-24 13:15:03,996 [CertificateLifetimeMonitor] INFO  client.DNCertificateClient (DefaultCertificateClient.java:run(1448)) - Current certificate has entered the expiry grace period PT0S. Starting renew key and certs.
2023-02-24 13:15:04,001 [CertificateLifetimeMonitor] INFO  client.DNCertificateClient (DefaultCertificateClient.java:run(1448)) - Current certificate has entered the expiry grace period PT0S. Starting renew key and certs.
2023-02-24 13:15:04,642 [CertificateLifetimeMonitor] INFO  ozone.OzoneSecurityUtil (OzoneSecurityUtil.java:getValidInetsForCurrentHost(119)) - ip:fe80:0:0:0:222:48ff:feaa:f88f%eth0 not returned.
2023-02-24 13:15:04,642 [CertificateLifetimeMonitor] INFO  ozone.OzoneSecurityUtil (OzoneSecurityUtil.java:getValidInetsForCurrentHost(116)) - Adding ip:10.1.0.29,host:fv-az201-462.yo4stti0dhyudgyjg01iu2obqd.jx.internal.cloudapp.net
2023-02-24 13:15:04,643 [CertificateLifetimeMonitor] INFO  ozone.OzoneSecurityUtil (OzoneSecurityUtil.java:getValidInetsForCurrentHost(119)) - ip:0:0:0:0:0:0:0:1%lo not returned.
2023-02-24 13:15:04,643 [CertificateLifetimeMonitor] INFO  ozone.OzoneSecurityUtil (OzoneSecurityUtil.java:getValidInetsForCurrentHost(119)) - ip:127.0.0.1 not returned.
2023-02-24 13:15:04,643 [CertificateLifetimeMonitor] INFO  client.DNCertificateClient (DNCertificateClient.java:getCSRBuilder(99)) - Created csr for DN-> subject:runner@fv-az201-462.yo4stti0dhyudgyjg01iu2obqd.jx.internal.cloudapp.net
2023-02-24 13:15:04,647 [CertificateLifetimeMonitor] ERROR client.DNCertificateClient (DefaultCertificateClient.java:run(1461)) - Failed to renew and store key and cert. Keep using existing certificates.
org.apache.hadoop.hdds.security.x509.exception.CertificateException: Error while signing and storing new certificates.
	at org.apache.hadoop.hdds.security.x509.certificate.client.DefaultCertificateClient.renewAndStoreKeyAndCertificate(DefaultCertificateClient.java:1221)
	at org.apache.hadoop.hdds.security.x509.certificate.client.DefaultCertificateClient$CertificateLifetimeMonitor.run(DefaultCertificateClient.java:1451)
	at java.util.concurrent.Executors$RunnableAdapter.call(Executors.java:511)
	at java.util.concurrent.FutureTask.runAndReset(FutureTask.java:308)
	at java.util.concurrent.ScheduledThreadPoolExecutor$ScheduledFutureTask.access$301(ScheduledThreadPoolExecutor.java:180)
	at java.util.concurrent.ScheduledThreadPoolExecutor$ScheduledFutureTask.run(ScheduledThreadPoolExecutor.java:294)
	at java.util.concurrent.ThreadPoolExecutor.runWorker(ThreadPoolExecutor.java:1149)
	at java.util.concurrent.ThreadPoolExecutor$Worker.run(ThreadPoolExecutor.java:624)
	at java.lang.Thread.run(Thread.java:750)
Caused by: org.apache.hadoop.hdds.conf.ConfigurationException: SCM Client Address could not be obtained from config. Config is not properly defined
	at org.apache.hadoop.hdds.scm.proxy.SCMSecurityProtocolFailoverProxyProvider.loadConfigs(SCMSecurityProtocolFailoverProxyProvider.java:120)
	at org.apache.hadoop.hdds.scm.proxy.SCMSecurityProtocolFailoverProxyProvider.<init>(SCMSecurityProtocolFailoverProxyProvider.java:105)
	at org.apache.hadoop.hdds.utils.HddsServerUtil.getScmSecurityClientWithMaxRetry(HddsServerUtil.java:464)
	at org.apache.hadoop.hdds.security.x509.certificate.client.DefaultCertificateClient.getScmSecureClient(DefaultCertificateClient.java:1399)
	at org.apache.hadoop.hdds.security.x509.certificate.client.DNCertificateClient.signAndStoreCertificate(DNCertificateClient.java:114)
	at org.apache.hadoop.hdds.security.x509.certificate.client.DefaultCertificateClient.renewAndStoreKeyAndCertificate(DefaultCertificateClient.java:1218)
	... 8 more
2023-02-24 13:15:04,681 [CertificateLifetimeMonitor] ERROR client.DNCertificateClient (DefaultCertificateClient.java:createKeyPair(992)) - Error while bootstrapping certificate client.
java.io.IOException: Private key already exist.
	at org.apache.hadoop.hdds.security.x509.keys.KeyCodec.writePublicKey(KeyCodec.java:197)
	at org.apache.hadoop.hdds.security.x509.certificate.client.DefaultCertificateClient.createKeyPair(DefaultCertificateClient.java:988)
	at org.apache.hadoop.hdds.security.x509.certificate.client.DefaultCertificateClient.renewAndStoreKeyAndCertificate(DefaultCertificateClient.java:1208)
	at org.apache.hadoop.hdds.security.x509.certificate.client.DefaultCertificateClient$CertificateLifetimeMonitor.run(DefaultCertificateClient.java:1451)
	at java.util.concurrent.Executors$RunnableAdapter.call(Executors.java:511)
	at java.util.concurrent.FutureTask.runAndReset(FutureTask.java:308)
	at java.util.concurrent.ScheduledThreadPoolExecutor$ScheduledFutureTask.access$301(ScheduledThreadPoolExecutor.java:180)
	at java.util.concurrent.ScheduledThreadPoolExecutor$ScheduledFutureTask.run(ScheduledThreadPoolExecutor.java:294)
	at java.util.concurrent.ThreadPoolExecutor.runWorker(ThreadPoolExecutor.java:1149)
	at java.util.concurrent.ThreadPoolExecutor$Worker.run(ThreadPoolExecutor.java:624)
	at java.lang.Thread.run(Thread.java:750)
2023-02-24 13:15:04,681 [CertificateLifetimeMonitor] ERROR client.DNCertificateClient (DefaultCertificateClient.java:run(1461)) - Failed to renew and store key and cert. Keep using existing certificates.
org.apache.hadoop.hdds.security.x509.exception.CertificateException: Error while creating new key pair.
	at org.apache.hadoop.hdds.security.x509.certificate.client.DefaultCertificateClient.renewAndStoreKeyAndCertificate(DefaultCertificateClient.java:1210)
	at org.apache.hadoop.hdds.security.x509.certificate.client.DefaultCertificateClient$CertificateLifetimeMonitor.run(DefaultCertificateClient.java:1451)
	at java.util.concurrent.Executors$RunnableAdapter.call(Executors.java:511)
	at java.util.concurrent.FutureTask.runAndReset(FutureTask.java:308)
	at java.util.concurrent.ScheduledThreadPoolExecutor$ScheduledFutureTask.access$301(ScheduledThreadPoolExecutor.java:180)
	at java.util.concurrent.ScheduledThreadPoolExecutor$ScheduledFutureTask.run(ScheduledThreadPoolExecutor.java:294)
	at java.util.concurrent.ThreadPoolExecutor.runWorker(ThreadPoolExecutor.java:1149)
	at java.util.concurrent.ThreadPoolExecutor$Worker.run(ThreadPoolExecutor.java:624)
	at java.lang.Thread.run(Thread.java:750)
Caused by: org.apache.hadoop.hdds.security.x509.exception.CertificateException: Error while bootstrapping certificate.
	at org.apache.hadoop.hdds.security.x509.certificate.client.DefaultCertificateClient.createKeyPair(DefaultCertificateClient.java:993)
	at org.apache.hadoop.hdds.security.x509.certificate.client.DefaultCertificateClient.renewAndStoreKeyAndCertificate(DefaultCertificateClient.java:1208)
	... 8 more
2023-02-24 13:15:04,692 [CertificateLifetimeMonitor] ERROR client.DNCertificateClient (DefaultCertificateClient.java:createKeyPair(992)) - Error while bootstrapping certificate client.
java.io.IOException: Private key already exist.
	at org.apache.hadoop.hdds.security.x509.keys.KeyCodec.writePublicKey(KeyCodec.java:197)
	at org.apache.hadoop.hdds.security.x509.certificate.client.DefaultCertificateClient.createKeyPair(DefaultCertificateClient.java:988)
	at org.apache.hadoop.hdds.security.x509.certificate.client.DefaultCertificateClient.renewAndStoreKeyAndCertificate(DefaultCertificateClient.java:1208)
	at org.apache.hadoop.hdds.security.x509.certificate.client.DefaultCertificateClient$CertificateLifetimeMonitor.run(DefaultCertificateClient.java:1451)
	at java.util.concurrent.Executors$RunnableAdapter.call(Executors.java:511)
	at java.util.concurrent.FutureTask.runAndReset(FutureTask.java:308)
	at java.util.concurrent.ScheduledThreadPoolExecutor$ScheduledFutureTask.access$301(ScheduledThreadPoolExecutor.java:180)
	at java.util.concurrent.ScheduledThreadPoolExecutor$ScheduledFutureTask.run(ScheduledThreadPoolExecutor.java:294)
	at java.util.concurrent.ThreadPoolExecutor.runWorker(ThreadPoolExecutor.java:1149)
	at java.util.concurrent.ThreadPoolExecutor$Worker.run(ThreadPoolExecutor.java:624)
	at java.lang.Thread.run(Thread.java:750)
2023-02-24 13:15:04,693 [CertificateLifetimeMonitor] ERROR client.DNCertificateClient (DefaultCertificateClient.java:run(1461)) - Failed to renew and store key and cert. Keep using existing certificates.
org.apache.hadoop.hdds.security.x509.exception.CertificateException: Error while creating new key pair.
	at org.apache.hadoop.hdds.security.x509.certificate.client.DefaultCertificateClient.renewAndStoreKeyAndCertificate(DefaultCertificateClient.java:1210)
	at org.apache.hadoop.hdds.security.x509.certificate.client.DefaultCertificateClient$CertificateLifetimeMonitor.run(DefaultCertificateClient.java:1451)
	at java.util.concurrent.Executors$RunnableAdapter.call(Executors.java:511)
	at java.util.concurrent.FutureTask.runAndReset(FutureTask.java:308)
	at java.util.concurrent.ScheduledThreadPoolExecutor$ScheduledFutureTask.access$301(ScheduledThreadPoolExecutor.java:180)
	at java.util.concurrent.ScheduledThreadPoolExecutor$ScheduledFutureTask.run(ScheduledThreadPoolExecutor.java:294)
	at java.util.concurrent.ThreadPoolExecutor.runWorker(ThreadPoolExecutor.java:1149)
	at java.util.concurrent.ThreadPoolExecutor$Worker.run(ThreadPoolExecutor.java:624)
	at java.lang.Thread.run(Thread.java:750)
Caused by: org.apache.hadoop.hdds.security.x509.exception.CertificateException: Error while bootstrapping certificate.
	at org.apache.hadoop.hdds.security.x509.certificate.client.DefaultCertificateClient.createKeyPair(DefaultCertificateClient.java:993)
	at org.apache.hadoop.hdds.security.x509.certificate.client.DefaultCertificateClient.renewAndStoreKeyAndCertificate(DefaultCertificateClient.java:1208)
	... 8 more
2023-02-24 13:15:04,712 [CertificateLifetimeMonitor] ERROR client.DNCertificateClient (DefaultCertificateClient.java:createKeyPair(992)) - Error while bootstrapping certificate client.
java.io.IOException: Private key already exist.
	at org.apache.hadoop.hdds.security.x509.keys.KeyCodec.writePublicKey(KeyCodec.java:197)
	at org.apache.hadoop.hdds.security.x509.certificate.client.DefaultCertificateClient.createKeyPair(DefaultCertificateClient.java:988)
	at org.apache.hadoop.hdds.security.x509.certificate.client.DefaultCertificateClient.renewAndStoreKeyAndCertificate(DefaultCertificateClient.java:1208)
	at org.apache.hadoop.hdds.security.x509.certificate.client.DefaultCertificateClient$CertificateLifetimeMonitor.run(DefaultCertificateClient.java:1451)
	at java.util.concurrent.Executors$RunnableAdapter.call(Executors.java:511)
	at java.util.concurrent.FutureTask.runAndReset(FutureTask.java:308)
	at java.util.concurrent.ScheduledThreadPoolExecutor$ScheduledFutureTask.access$301(ScheduledThreadPoolExecutor.java:180)
	at java.util.concurrent.ScheduledThreadPoolExecutor$ScheduledFutureTask.run(ScheduledThreadPoolExecutor.java:294)
	at java.util.concurrent.ThreadPoolExecutor.runWorker(ThreadPoolExecutor.java:1149)
	at java.util.concurrent.ThreadPoolExecutor$Worker.run(ThreadPoolExecutor.java:624)
	at java.lang.Thread.run(Thread.java:750)
2023-02-24 13:15:04,712 [CertificateLifetimeMonitor] ERROR client.DNCertificateClient (DefaultCertificateClient.java:run(1461)) - Failed to renew and store key and cert. Keep using existing certificates.
org.apache.hadoop.hdds.security.x509.exception.CertificateException: Error while creating new key pair.
	at org.apache.hadoop.hdds.security.x509.certificate.client.DefaultCertificateClient.renewAndStoreKeyAndCertificate(DefaultCertificateClient.java:1210)
	at org.apache.hadoop.hdds.security.x509.certificate.client.DefaultCertificateClient$CertificateLifetimeMonitor.run(DefaultCertificateClient.java:1451)
	at java.util.concurrent.Executors$RunnableAdapter.call(Executors.java:511)
	at java.util.concurrent.FutureTask.runAndReset(FutureTask.java:308)
	at java.util.concurrent.ScheduledThreadPoolExecutor$ScheduledFutureTask.access$301(ScheduledThreadPoolExecutor.java:180)
	at java.util.concurrent.ScheduledThreadPoolExecutor$ScheduledFutureTask.run(ScheduledThreadPoolExecutor.java:294)
	at java.util.concurrent.ThreadPoolExecutor.runWorker(ThreadPoolExecutor.java:1149)
	at java.util.concurrent.ThreadPoolExecutor$Worker.run(ThreadPoolExecutor.java:624)
	at java.lang.Thread.run(Thread.java:750)
Caused by: org.apache.hadoop.hdds.security.x509.exception.CertificateException: Error while bootstrapping certificate.
	at org.apache.hadoop.hdds.security.x509.certificate.client.DefaultCertificateClient.createKeyPair(DefaultCertificateClient.java:993)
	at org.apache.hadoop.hdds.security.x509.certificate.client.DefaultCertificateClient.renewAndStoreKeyAndCertificate(DefaultCertificateClient.java:1208)
	... 8 more
2023-02-24 13:15:04,761 [CertificateLifetimeMonitor] ERROR client.DNCertificateClient (DefaultCertificateClient.java:createKeyPair(992)) - Error while bootstrapping certificate client.
java.io.IOException: Private key already exist.
	at org.apache.hadoop.hdds.security.x509.keys.KeyCodec.writePublicKey(KeyCodec.java:197)
	at org.apache.hadoop.hdds.security.x509.certificate.client.DefaultCertificateClient.createKeyPair(DefaultCertificateClient.java:988)
	at org.apache.hadoop.hdds.security.x509.certificate.client.DefaultCertificateClient.renewAndStoreKeyAndCertificate(DefaultCertificateClient.java:1208)
	at org.apache.hadoop.hdds.security.x509.certificate.client.DefaultCertificateClient$CertificateLifetimeMonitor.run(DefaultCertificateClient.java:1451)
	at java.util.concurrent.Executors$RunnableAdapter.call(Executors.java:511)
	at java.util.concurrent.FutureTask.runAndReset(FutureTask.java:308)
	at java.util.concurrent.ScheduledThreadPoolExecutor$ScheduledFutureTask.access$301(ScheduledThreadPoolExecutor.java:180)
	at java.util.concurrent.ScheduledThreadPoolExecutor$ScheduledFutureTask.run(ScheduledThreadPoolExecutor.java:294)
	at java.util.concurrent.ThreadPoolExecutor.runWorker(ThreadPoolExecutor.java:1149)
	at java.util.concurrent.ThreadPoolExecutor$Worker.run(ThreadPoolExecutor.java:624)
	at java.lang.Thread.run(Thread.java:750)
2023-02-24 13:15:04,761 [CertificateLifetimeMonitor] ERROR client.DNCertificateClient (DefaultCertificateClient.java:run(1461)) - Failed to renew and store key and cert. Keep using existing certificates.
org.apache.hadoop.hdds.security.x509.exception.CertificateException: Error while creating new key pair.
	at org.apache.hadoop.hdds.security.x509.certificate.client.DefaultCertificateClient.renewAndStoreKeyAndCertificate(DefaultCertificateClient.java:1210)
	at org.apache.hadoop.hdds.security.x509.certificate.client.DefaultCertificateClient$CertificateLifetimeMonitor.run(DefaultCertificateClient.java:1451)
	at java.util.concurrent.Executors$RunnableAdapter.call(Executors.java:511)
	at java.util.concurrent.FutureTask.runAndReset(FutureTask.java:308)
	at java.util.concurrent.ScheduledThreadPoolExecutor$ScheduledFutureTask.access$301(ScheduledThreadPoolExecutor.java:180)
	at java.util.concurrent.ScheduledThreadPoolExecutor$ScheduledFutureTask.run(ScheduledThreadPoolExecutor.java:294)
	at java.util.concurrent.ThreadPoolExecutor.runWorker(ThreadPoolExecutor.java:1149)
	at java.util.concurrent.ThreadPoolExecutor$Worker.run(ThreadPoolExecutor.java:624)
	at java.lang.Thread.run(Thread.java:750)
Caused by: org.apache.hadoop.hdds.security.x509.exception.CertificateException: Error while bootstrapping certificate.
	at org.apache.hadoop.hdds.security.x509.certificate.client.DefaultCertificateClient.createKeyPair(DefaultCertificateClient.java:993)
	at org.apache.hadoop.hdds.security.x509.certificate.client.DefaultCertificateClient.renewAndStoreKeyAndCertificate(DefaultCertificateClient.java:1208)
	... 8 more
2023-02-24 13:15:05,662 [CertificateLifetimeMonitor] INFO  client.DNCertificateClient (DefaultCertificateClient.java:run(1448)) - Current certificate has entered the expiry grace period PT0S. Starting renew key and certs.
2023-02-24 13:15:05,662 [CertificateLifetimeMonitor] INFO  client.DNCertificateClient (DefaultCertificateClient.java:run(1448)) - Current certificate has entered the expiry grace period PT0S. Starting renew key and certs.
2023-02-24 13:15:05,665 [CertificateLifetimeMonitor] INFO  client.DNCertificateClient (DefaultCertificateClient.java:run(1448)) - Current certificate has entered the expiry grace period PT0S. Starting renew key and certs.
2023-02-24 13:15:05,665 [CertificateLifetimeMonitor] ERROR client.DNCertificateClient (DefaultCertificateClient.java:run(1461)) - Failed to renew and store key and cert. Keep using existing certificates.
org.apache.hadoop.hdds.security.x509.exception.CertificateException: Error while deleting/creating /home/runner/work/ozone/ozone/hadoop-hdds/container-service/target/test-dir/B1tFvJdgJa/dn/keys-next or /home/runner/work/ozone/ozone/hadoop-hdds/container-service/target/test-dir/B1tFvJdgJa/dn/certs-next directories to cleanup  certificate storage. 
	at org.apache.hadoop.hdds.security.x509.certificate.client.DefaultCertificateClient.renewAndStoreKeyAndCertificate(DefaultCertificateClient.java:1199)
	at org.apache.hadoop.hdds.security.x509.certificate.client.DefaultCertificateClient$CertificateLifetimeMonitor.run(DefaultCertificateClient.java:1451)
	at java.util.concurrent.Executors$RunnableAdapter.call(Executors.java:511)
	at java.util.concurrent.FutureTask.runAndReset(FutureTask.java:308)
	at java.util.concurrent.ScheduledThreadPoolExecutor$ScheduledFutureTask.access$301(ScheduledThreadPoolExecutor.java:180)
	at java.util.concurrent.ScheduledThreadPoolExecutor$ScheduledFutureTask.run(ScheduledThreadPoolExecutor.java:294)
	at java.util.concurrent.ThreadPoolExecutor.runWorker(ThreadPoolExecutor.java:1149)
	at java.util.concurrent.ThreadPoolExecutor$Worker.run(ThreadPoolExecutor.java:624)
	at java.lang.Thread.run(Thread.java:750)
Caused by: java.nio.file.NoSuchFileException: /home/runner/work/ozone/ozone/hadoop-hdds/container-service/target/test-dir/B1tFvJdgJa/dn/certs-next
	at sun.nio.fs.UnixException.translateToIOException(UnixException.java:86)
	at sun.nio.fs.UnixException.rethrowAsIOException(UnixException.java:102)
	at sun.nio.fs.UnixException.rethrowAsIOException(UnixException.java:107)
	at sun.nio.fs.UnixFileSystemProvider.implDelete(UnixFileSystemProvider.java:244)
	at sun.nio.fs.AbstractFileSystemProvider.delete(AbstractFileSystemProvider.java:103)
	at java.nio.file.Files.delete(Files.java:1126)
	at org.apache.commons.io.FileUtils.delete(FileUtils.java:1175)
	at org.apache.commons.io.FileUtils.deleteDirectory(FileUtils.java:1194)
	at org.apache.hadoop.hdds.security.x509.certificate.client.DefaultCertificateClient.renewAndStoreKeyAndCertificate(DefaultCertificateClient.java:1195)
	... 8 more
2023-02-24 13:15:05,672 [CertificateLifetimeMonitor] INFO  client.DNCertificateClient (DefaultCertificateClient.java:run(1448)) - Current certificate has entered the expiry grace period PT0S. Starting renew key and certs.
2023-02-24 13:15:05,672 [CertificateLifetimeMonitor] INFO  client.DNCertificateClient (DefaultCertificateClient.java:run(1448)) - Current certificate has entered the expiry grace period PT0S. Starting renew key and certs.
2023-02-24 13:15:06,015 [CertificateLifetimeMonitor] INFO  ozone.OzoneSecurityUtil (OzoneSecurityUtil.java:getValidInetsForCurrentHost(119)) - ip:fe80:0:0:0:222:48ff:feaa:f88f%eth0 not returned.
2023-02-24 13:15:06,015 [CertificateLifetimeMonitor] INFO  ozone.OzoneSecurityUtil (OzoneSecurityUtil.java:getValidInetsForCurrentHost(116)) - Adding ip:10.1.0.29,host:fv-az201-462.yo4stti0dhyudgyjg01iu2obqd.jx.internal.cloudapp.net
2023-02-24 13:15:06,015 [CertificateLifetimeMonitor] INFO  ozone.OzoneSecurityUtil (OzoneSecurityUtil.java:getValidInetsForCurrentHost(119)) - ip:0:0:0:0:0:0:0:1%lo not returned.
2023-02-24 13:15:06,015 [CertificateLifetimeMonitor] INFO  ozone.OzoneSecurityUtil (OzoneSecurityUtil.java:getValidInetsForCurrentHost(119)) - ip:127.0.0.1 not returned.
2023-02-24 13:15:06,016 [CertificateLifetimeMonitor] INFO  client.DNCertificateClient (DNCertificateClient.java:getCSRBuilder(99)) - Created csr for DN-> subject:runner@fv-az201-462.yo4stti0dhyudgyjg01iu2obqd.jx.internal.cloudapp.net
2023-02-24 13:15:06,026 [CertificateLifetimeMonitor] ERROR client.DNCertificateClient (DefaultCertificateClient.java:run(1461)) - Failed to renew and store key and cert. Keep using existing certificates.
org.apache.hadoop.hdds.security.x509.exception.CertificateException: Error while signing and storing new certificates.
	at org.apache.hadoop.hdds.security.x509.certificate.client.DefaultCertificateClient.renewAndStoreKeyAndCertificate(DefaultCertificateClient.java:1221)
	at org.apache.hadoop.hdds.security.x509.certificate.client.DefaultCertificateClient$CertificateLifetimeMonitor.run(DefaultCertificateClient.java:1451)
	at java.util.concurrent.Executors$RunnableAdapter.call(Executors.java:511)
	at java.util.concurrent.FutureTask.runAndReset(FutureTask.java:308)
	at java.util.concurrent.ScheduledThreadPoolExecutor$ScheduledFutureTask.access$301(ScheduledThreadPoolExecutor.java:180)
	at java.util.concurrent.ScheduledThreadPoolExecutor$ScheduledFutureTask.run(ScheduledThreadPoolExecutor.java:294)
	at java.util.concurrent.ThreadPoolExecutor.runWorker(ThreadPoolExecutor.java:1149)
	at java.util.concurrent.ThreadPoolExecutor$Worker.run(ThreadPoolExecutor.java:624)
	at java.lang.Thread.run(Thread.java:750)
Caused by: org.apache.hadoop.hdds.conf.ConfigurationException: SCM Client Address could not be obtained from config. Config is not properly defined
	at org.apache.hadoop.hdds.scm.proxy.SCMSecurityProtocolFailoverProxyProvider.loadConfigs(SCMSecurityProtocolFailoverProxyProvider.java:120)
	at org.apache.hadoop.hdds.scm.proxy.SCMSecurityProtocolFailoverProxyProvider.<init>(SCMSecurityProtocolFailoverProxyProvider.java:105)
	at org.apache.hadoop.hdds.utils.HddsServerUtil.getScmSecurityClientWithMaxRetry(HddsServerUtil.java:464)
	at org.apache.hadoop.hdds.security.x509.certificate.client.DefaultCertificateClient.getScmSecureClient(DefaultCertificateClient.java:1399)
	at org.apache.hadoop.hdds.security.x509.certificate.client.DNCertificateClient.signAndStoreCertificate(DNCertificateClient.java:114)
	at org.apache.hadoop.hdds.security.x509.certificate.client.DefaultCertificateClient.renewAndStoreKeyAndCertificate(DefaultCertificateClient.java:1218)
	... 8 more
2023-02-24 13:15:06,101 [CertificateLifetimeMonitor] ERROR client.DNCertificateClient (DefaultCertificateClient.java:createKeyPair(992)) - Error while bootstrapping certificate client.
java.io.IOException: Private key already exist.
	at org.apache.hadoop.hdds.security.x509.keys.KeyCodec.writePublicKey(KeyCodec.java:197)
	at org.apache.hadoop.hdds.security.x509.certificate.client.DefaultCertificateClient.createKeyPair(DefaultCertificateClient.java:988)
	at org.apache.hadoop.hdds.security.x509.certificate.client.DefaultCertificateClient.renewAndStoreKeyAndCertificate(DefaultCertificateClient.java:1208)
	at org.apache.hadoop.hdds.security.x509.certificate.client.DefaultCertificateClient$CertificateLifetimeMonitor.run(DefaultCertificateClient.java:1451)
	at java.util.concurrent.Executors$RunnableAdapter.call(Executors.java:511)
	at java.util.concurrent.FutureTask.runAndReset(FutureTask.java:308)
	at java.util.concurrent.ScheduledThreadPoolExecutor$ScheduledFutureTask.access$301(ScheduledThreadPoolExecutor.java:180)
	at java.util.concurrent.ScheduledThreadPoolExecutor$ScheduledFutureTask.run(ScheduledThreadPoolExecutor.java:294)
	at java.util.concurrent.ThreadPoolExecutor.runWorker(ThreadPoolExecutor.java:1149)
	at java.util.concurrent.ThreadPoolExecutor$Worker.run(ThreadPoolExecutor.java:624)
	at java.lang.Thread.run(Thread.java:750)
2023-02-24 13:15:06,101 [CertificateLifetimeMonitor] ERROR client.DNCertificateClient (DefaultCertificateClient.java:run(1461)) - Failed to renew and store key and cert. Keep using existing certificates.
org.apache.hadoop.hdds.security.x509.exception.CertificateException: Error while creating new key pair.
	at org.apache.hadoop.hdds.security.x509.certificate.client.DefaultCertificateClient.renewAndStoreKeyAndCertificate(DefaultCertificateClient.java:1210)
	at org.apache.hadoop.hdds.security.x509.certificate.client.DefaultCertificateClient$CertificateLifetimeMonitor.run(DefaultCertificateClient.java:1451)
	at java.util.concurrent.Executors$RunnableAdapter.call(Executors.java:511)
	at java.util.concurrent.FutureTask.runAndReset(FutureTask.java:308)
	at java.util.concurrent.ScheduledThreadPoolExecutor$ScheduledFutureTask.access$301(ScheduledThreadPoolExecutor.java:180)
	at java.util.concurrent.ScheduledThreadPoolExecutor$ScheduledFutureTask.run(ScheduledThreadPoolExecutor.java:294)
	at java.util.concurrent.ThreadPoolExecutor.runWorker(ThreadPoolExecutor.java:1149)
	at java.util.concurrent.ThreadPoolExecutor$Worker.run(ThreadPoolExecutor.java:624)
	at java.lang.Thread.run(Thread.java:750)
Caused by: org.apache.hadoop.hdds.security.x509.exception.CertificateException: Error while bootstrapping certificate.
	at org.apache.hadoop.hdds.security.x509.certificate.client.DefaultCertificateClient.createKeyPair(DefaultCertificateClient.java:993)
	at org.apache.hadoop.hdds.security.x509.certificate.client.DefaultCertificateClient.renewAndStoreKeyAndCertificate(DefaultCertificateClient.java:1208)
	... 8 more
2023-02-24 13:15:06,108 [CertificateLifetimeMonitor] ERROR client.DNCertificateClient (DefaultCertificateClient.java:createKeyPair(992)) - Error while bootstrapping certificate client.
java.io.IOException: Private key already exist.
	at org.apache.hadoop.hdds.security.x509.keys.KeyCodec.writePublicKey(KeyCodec.java:197)
	at org.apache.hadoop.hdds.security.x509.certificate.client.DefaultCertificateClient.createKeyPair(DefaultCertificateClient.java:988)
	at org.apache.hadoop.hdds.security.x509.certificate.client.DefaultCertificateClient.renewAndStoreKeyAndCertificate(DefaultCertificateClient.java:1208)
	at org.apache.hadoop.hdds.security.x509.certificate.client.DefaultCertificateClient$CertificateLifetimeMonitor.run(DefaultCertificateClient.java:1451)
	at java.util.concurrent.Executors$RunnableAdapter.call(Executors.java:511)
	at java.util.concurrent.FutureTask.runAndReset(FutureTask.java:308)
	at java.util.concurrent.ScheduledThreadPoolExecutor$ScheduledFutureTask.access$301(ScheduledThreadPoolExecutor.java:180)
	at java.util.concurrent.ScheduledThreadPoolExecutor$ScheduledFutureTask.run(ScheduledThreadPoolExecutor.java:294)
	at java.util.concurrent.ThreadPoolExecutor.runWorker(ThreadPoolExecutor.java:1149)
	at java.util.concurrent.ThreadPoolExecutor$Worker.run(ThreadPoolExecutor.java:624)
	at java.lang.Thread.run(Thread.java:750)
2023-02-24 13:15:06,109 [CertificateLifetimeMonitor] ERROR client.DNCertificateClient (DefaultCertificateClient.java:run(1461)) - Failed to renew and store key and cert. Keep using existing certificates.
org.apache.hadoop.hdds.security.x509.exception.CertificateException: Error while creating new key pair.
	at org.apache.hadoop.hdds.security.x509.certificate.client.DefaultCertificateClient.renewAndStoreKeyAndCertificate(DefaultCertificateClient.java:1210)
	at org.apache.hadoop.hdds.security.x509.certificate.client.DefaultCertificateClient$CertificateLifetimeMonitor.run(DefaultCertificateClient.java:1451)
	at java.util.concurrent.Executors$RunnableAdapter.call(Executors.java:511)
	at java.util.concurrent.FutureTask.runAndReset(FutureTask.java:308)
	at java.util.concurrent.ScheduledThreadPoolExecutor$ScheduledFutureTask.access$301(ScheduledThreadPoolExecutor.java:180)
	at java.util.concurrent.ScheduledThreadPoolExecutor$ScheduledFutureTask.run(ScheduledThreadPoolExecutor.java:294)
	at java.util.concurrent.ThreadPoolExecutor.runWorker(ThreadPoolExecutor.java:1149)
	at java.util.concurrent.ThreadPoolExecutor$Worker.run(ThreadPoolExecutor.java:624)
	at java.lang.Thread.run(Thread.java:750)
Caused by: org.apache.hadoop.hdds.security.x509.exception.CertificateException: Error while bootstrapping certificate.
	at org.apache.hadoop.hdds.security.x509.certificate.client.DefaultCertificateClient.createKeyPair(DefaultCertificateClient.java:993)
	at org.apache.hadoop.hdds.security.x509.certificate.client.DefaultCertificateClient.renewAndStoreKeyAndCertificate(DefaultCertificateClient.java:1208)
	... 8 more
2023-02-24 13:15:06,289 [CertificateLifetimeMonitor] ERROR client.DNCertificateClient (DefaultCertificateClient.java:createKeyPair(992)) - Error while bootstrapping certificate client.
java.io.IOException: Private key already exist.
	at org.apache.hadoop.hdds.security.x509.keys.KeyCodec.writePublicKey(KeyCodec.java:197)
	at org.apache.hadoop.hdds.security.x509.certificate.client.DefaultCertificateClient.createKeyPair(DefaultCertificateClient.java:988)
	at org.apache.hadoop.hdds.security.x509.certificate.client.DefaultCertificateClient.renewAndStoreKeyAndCertificate(DefaultCertificateClient.java:1208)
	at org.apache.hadoop.hdds.security.x509.certificate.client.DefaultCertificateClient$CertificateLifetimeMonitor.run(DefaultCertificateClient.java:1451)
	at java.util.concurrent.Executors$RunnableAdapter.call(Executors.java:511)
	at java.util.concurrent.FutureTask.runAndReset(FutureTask.java:308)
	at java.util.concurrent.ScheduledThreadPoolExecutor$ScheduledFutureTask.access$301(ScheduledThreadPoolExecutor.java:180)
	at java.util.concurrent.ScheduledThreadPoolExecutor$ScheduledFutureTask.run(ScheduledThreadPoolExecutor.java:294)
	at java.util.concurrent.ThreadPoolExecutor.runWorker(ThreadPoolExecutor.java:1149)
	at java.util.concurrent.ThreadPoolExecutor$Worker.run(ThreadPoolExecutor.java:624)
	at java.lang.Thread.run(Thread.java:750)
2023-02-24 13:15:06,289 [CertificateLifetimeMonitor] ERROR client.DNCertificateClient (DefaultCertificateClient.java:run(1461)) - Failed to renew and store key and cert. Keep using existing certificates.
org.apache.hadoop.hdds.security.x509.exception.CertificateException: Error while creating new key pair.
	at org.apache.hadoop.hdds.security.x509.certificate.client.DefaultCertificateClient.renewAndStoreKeyAndCertificate(DefaultCertificateClient.java:1210)
	at org.apache.hadoop.hdds.security.x509.certificate.client.DefaultCertificateClient$CertificateLifetimeMonitor.run(DefaultCertificateClient.java:1451)
	at java.util.concurrent.Executors$RunnableAdapter.call(Executors.java:511)
	at java.util.concurrent.FutureTask.runAndReset(FutureTask.java:308)
	at java.util.concurrent.ScheduledThreadPoolExecutor$ScheduledFutureTask.access$301(ScheduledThreadPoolExecutor.java:180)
	at java.util.concurrent.ScheduledThreadPoolExecutor$ScheduledFutureTask.run(ScheduledThreadPoolExecutor.java:294)
	at java.util.concurrent.ThreadPoolExecutor.runWorker(ThreadPoolExecutor.java:1149)
	at java.util.concurrent.ThreadPoolExecutor$Worker.run(ThreadPoolExecutor.java:624)
	at java.lang.Thread.run(Thread.java:750)
Caused by: org.apache.hadoop.hdds.security.x509.exception.CertificateException: Error while bootstrapping certificate.
	at org.apache.hadoop.hdds.security.x509.certificate.client.DefaultCertificateClient.createKeyPair(DefaultCertificateClient.java:993)
	at org.apache.hadoop.hdds.security.x509.certificate.client.DefaultCertificateClient.renewAndStoreKeyAndCertificate(DefaultCertificateClient.java:1208)
	... 8 more
2023-02-24 13:15:07,328 [CertificateLifetimeMonitor] INFO  client.DNCertificateClient (DefaultCertificateClient.java:run(1448)) - Current certificate has entered the expiry grace period PT0S. Starting renew key and certs.
2023-02-24 13:15:07,329 [CertificateLifetimeMonitor] INFO  client.DNCertificateClient (DefaultCertificateClient.java:run(1448)) - Current certificate has entered the expiry grace period PT0S. Starting renew key and certs.
2023-02-24 13:15:07,330 [CertificateLifetimeMonitor] INFO  client.DNCertificateClient (DefaultCertificateClient.java:run(1448)) - Current certificate has entered the expiry grace period PT0S. Starting renew key and certs.
2023-02-24 13:15:07,345 [CertificateLifetimeMonitor] INFO  client.DNCertificateClient (DefaultCertificateClient.java:run(1448)) - Current certificate has entered the expiry grace period PT0S. Starting renew key and certs.
2023-02-24 13:15:07,345 [CertificateLifetimeMonitor] INFO  client.DNCertificateClient (DefaultCertificateClient.java:run(1448)) - Current certificate has entered the expiry grace period PT0S. Starting renew key and certs.
2023-02-24 13:15:07,676 [CertificateLifetimeMonitor] INFO  ozone.OzoneSecurityUtil (OzoneSecurityUtil.java:getValidInetsForCurrentHost(119)) - ip:fe80:0:0:0:222:48ff:feaa:f88f%eth0 not returned.
2023-02-24 13:15:07,677 [CertificateLifetimeMonitor] INFO  ozone.OzoneSecurityUtil (OzoneSecurityUtil.java:getValidInetsForCurrentHost(116)) - Adding ip:10.1.0.29,host:fv-az201-462.yo4stti0dhyudgyjg01iu2obqd.jx.internal.cloudapp.net
2023-02-24 13:15:07,677 [CertificateLifetimeMonitor] INFO  ozone.OzoneSecurityUtil (OzoneSecurityUtil.java:getValidInetsForCurrentHost(119)) - ip:0:0:0:0:0:0:0:1%lo not returned.
2023-02-24 13:15:07,677 [CertificateLifetimeMonitor] INFO  ozone.OzoneSecurityUtil (OzoneSecurityUtil.java:getValidInetsForCurrentHost(119)) - ip:127.0.0.1 not returned.
2023-02-24 13:15:07,677 [CertificateLifetimeMonitor] INFO  client.DNCertificateClient (DNCertificateClient.java:getCSRBuilder(99)) - Created csr for DN-> subject:runner@fv-az201-462.yo4stti0dhyudgyjg01iu2obqd.jx.internal.cloudapp.net
2023-02-24 13:15:07,680 [CertificateLifetimeMonitor] ERROR client.DNCertificateClient (DefaultCertificateClient.java:run(1461)) - Failed to renew and store key and cert. Keep using existing certificates.
org.apache.hadoop.hdds.security.x509.exception.CertificateException: Error while signing and storing new certificates.
	at org.apache.hadoop.hdds.security.x509.certificate.client.DefaultCertificateClient.renewAndStoreKeyAndCertificate(DefaultCertificateClient.java:1221)
	at org.apache.hadoop.hdds.security.x509.certificate.client.DefaultCertificateClient$CertificateLifetimeMonitor.run(DefaultCertificateClient.java:1451)
	at java.util.concurrent.Executors$RunnableAdapter.call(Executors.java:511)
	at java.util.concurrent.FutureTask.runAndReset(FutureTask.java:308)
	at java.util.concurrent.ScheduledThreadPoolExecutor$ScheduledFutureTask.access$301(ScheduledThreadPoolExecutor.java:180)
	at java.util.concurrent.ScheduledThreadPoolExecutor$ScheduledFutureTask.run(ScheduledThreadPoolExecutor.java:294)
	at java.util.concurrent.ThreadPoolExecutor.runWorker(ThreadPoolExecutor.java:1149)
	at java.util.concurrent.ThreadPoolExecutor$Worker.run(ThreadPoolExecutor.java:624)
	at java.lang.Thread.run(Thread.java:750)
Caused by: org.apache.hadoop.hdds.conf.ConfigurationException: SCM Client Address could not be obtained from config. Config is not properly defined
	at org.apache.hadoop.hdds.scm.proxy.SCMSecurityProtocolFailoverProxyProvider.loadConfigs(SCMSecurityProtocolFailoverProxyProvider.java:120)
	at org.apache.hadoop.hdds.scm.proxy.SCMSecurityProtocolFailoverProxyProvider.<init>(SCMSecurityProtocolFailoverProxyProvider.java:105)
	at org.apache.hadoop.hdds.utils.HddsServerUtil.getScmSecurityClientWithMaxRetry(HddsServerUtil.java:464)
	at org.apache.hadoop.hdds.security.x509.certificate.client.DefaultCertificateClient.getScmSecureClient(DefaultCertificateClient.java:1399)
	at org.apache.hadoop.hdds.security.x509.certificate.client.DNCertificateClient.signAndStoreCertificate(DNCertificateClient.java:114)
	at org.apache.hadoop.hdds.security.x509.certificate.client.DefaultCertificateClient.renewAndStoreKeyAndCertificate(DefaultCertificateClient.java:1218)
	... 8 more
2023-02-24 13:15:07,713 [CertificateLifetimeMonitor] ERROR client.DNCertificateClient (DefaultCertificateClient.java:createKeyPair(992)) - Error while bootstrapping certificate client.
java.io.IOException: Private key already exist.
	at org.apache.hadoop.hdds.security.x509.keys.KeyCodec.writePublicKey(KeyCodec.java:197)
	at org.apache.hadoop.hdds.security.x509.certificate.client.DefaultCertificateClient.createKeyPair(DefaultCertificateClient.java:988)
	at org.apache.hadoop.hdds.security.x509.certificate.client.DefaultCertificateClient.renewAndStoreKeyAndCertificate(DefaultCertificateClient.java:1208)
	at org.apache.hadoop.hdds.security.x509.certificate.client.DefaultCertificateClient$CertificateLifetimeMonitor.run(DefaultCertificateClient.java:1451)
	at java.util.concurrent.Executors$RunnableAdapter.call(Executors.java:511)
	at java.util.concurrent.FutureTask.runAndReset(FutureTask.java:308)
	at java.util.concurrent.ScheduledThreadPoolExecutor$ScheduledFutureTask.access$301(ScheduledThreadPoolExecutor.java:180)
	at java.util.concurrent.ScheduledThreadPoolExecutor$ScheduledFutureTask.run(ScheduledThreadPoolExecutor.java:294)
	at java.util.concurrent.ThreadPoolExecutor.runWorker(ThreadPoolExecutor.java:1149)
	at java.util.concurrent.ThreadPoolExecutor$Worker.run(ThreadPoolExecutor.java:624)
	at java.lang.Thread.run(Thread.java:750)
2023-02-24 13:15:07,714 [CertificateLifetimeMonitor] ERROR client.DNCertificateClient (DefaultCertificateClient.java:run(1461)) - Failed to renew and store key and cert. Keep using existing certificates.
org.apache.hadoop.hdds.security.x509.exception.CertificateException: Error while creating new key pair.
	at org.apache.hadoop.hdds.security.x509.certificate.client.DefaultCertificateClient.renewAndStoreKeyAndCertificate(DefaultCertificateClient.java:1210)
	at org.apache.hadoop.hdds.security.x509.certificate.client.DefaultCertificateClient$CertificateLifetimeMonitor.run(DefaultCertificateClient.java:1451)
	at java.util.concurrent.Executors$RunnableAdapter.call(Executors.java:511)
	at java.util.concurrent.FutureTask.runAndReset(FutureTask.java:308)
	at java.util.concurrent.ScheduledThreadPoolExecutor$ScheduledFutureTask.access$301(ScheduledThreadPoolExecutor.java:180)
	at java.util.concurrent.ScheduledThreadPoolExecutor$ScheduledFutureTask.run(ScheduledThreadPoolExecutor.java:294)
	at java.util.concurrent.ThreadPoolExecutor.runWorker(ThreadPoolExecutor.java:1149)
	at java.util.concurrent.ThreadPoolExecutor$Worker.run(ThreadPoolExecutor.java:624)
	at java.lang.Thread.run(Thread.java:750)
Caused by: org.apache.hadoop.hdds.security.x509.exception.CertificateException: Error while bootstrapping certificate.
	at org.apache.hadoop.hdds.security.x509.certificate.client.DefaultCertificateClient.createKeyPair(DefaultCertificateClient.java:993)
	at org.apache.hadoop.hdds.security.x509.certificate.client.DefaultCertificateClient.renewAndStoreKeyAndCertificate(DefaultCertificateClient.java:1208)
	... 8 more
2023-02-24 13:15:07,755 [CertificateLifetimeMonitor] ERROR client.DNCertificateClient (DefaultCertificateClient.java:createKeyPair(992)) - Error while bootstrapping certificate client.
java.io.IOException: Private key already exist.
	at org.apache.hadoop.hdds.security.x509.keys.KeyCodec.writePublicKey(KeyCodec.java:197)
	at org.apache.hadoop.hdds.security.x509.certificate.client.DefaultCertificateClient.createKeyPair(DefaultCertificateClient.java:988)
	at org.apache.hadoop.hdds.security.x509.certificate.client.DefaultCertificateClient.renewAndStoreKeyAndCertificate(DefaultCertificateClient.java:1208)
	at org.apache.hadoop.hdds.security.x509.certificate.client.DefaultCertificateClient$CertificateLifetimeMonitor.run(DefaultCertificateClient.java:1451)
	at java.util.concurrent.Executors$RunnableAdapter.call(Executors.java:511)
	at java.util.concurrent.FutureTask.runAndReset(FutureTask.java:308)
	at java.util.concurrent.ScheduledThreadPoolExecutor$ScheduledFutureTask.access$301(ScheduledThreadPoolExecutor.java:180)
	at java.util.concurrent.ScheduledThreadPoolExecutor$ScheduledFutureTask.run(ScheduledThreadPoolExecutor.java:294)
	at java.util.concurrent.ThreadPoolExecutor.runWorker(ThreadPoolExecutor.java:1149)
	at java.util.concurrent.ThreadPoolExecutor$Worker.run(ThreadPoolExecutor.java:624)
	at java.lang.Thread.run(Thread.java:750)
2023-02-24 13:15:07,756 [CertificateLifetimeMonitor] ERROR client.DNCertificateClient (DefaultCertificateClient.java:run(1461)) - Failed to renew and store key and cert. Keep using existing certificates.
org.apache.hadoop.hdds.security.x509.exception.CertificateException: Error while creating new key pair.
	at org.apache.hadoop.hdds.security.x509.certificate.client.DefaultCertificateClient.renewAndStoreKeyAndCertificate(DefaultCertificateClient.java:1210)
	at org.apache.hadoop.hdds.security.x509.certificate.client.DefaultCertificateClient$CertificateLifetimeMonitor.run(DefaultCertificateClient.java:1451)
	at java.util.concurrent.Executors$RunnableAdapter.call(Executors.java:511)
	at java.util.concurrent.FutureTask.runAndReset(FutureTask.java:308)
	at java.util.concurrent.ScheduledThreadPoolExecutor$ScheduledFutureTask.access$301(ScheduledThreadPoolExecutor.java:180)
	at java.util.concurrent.ScheduledThreadPoolExecutor$ScheduledFutureTask.run(ScheduledThreadPoolExecutor.java:294)
	at java.util.concurrent.ThreadPoolExecutor.runWorker(ThreadPoolExecutor.java:1149)
	at java.util.concurrent.ThreadPoolExecutor$Worker.run(ThreadPoolExecutor.java:624)
	at java.lang.Thread.run(Thread.java:750)
Caused by: org.apache.hadoop.hdds.security.x509.exception.CertificateException: Error while bootstrapping certificate.
	at org.apache.hadoop.hdds.security.x509.certificate.client.DefaultCertificateClient.createKeyPair(DefaultCertificateClient.java:993)
	at org.apache.hadoop.hdds.security.x509.certificate.client.DefaultCertificateClient.renewAndStoreKeyAndCertificate(DefaultCertificateClient.java:1208)
	... 8 more
2023-02-24 13:15:07,867 [CertificateLifetimeMonitor] ERROR client.DNCertificateClient (DefaultCertificateClient.java:createKeyPair(992)) - Error while bootstrapping certificate client.
java.io.IOException: Private key already exist.
	at org.apache.hadoop.hdds.security.x509.keys.KeyCodec.writePublicKey(KeyCodec.java:197)
	at org.apache.hadoop.hdds.security.x509.certificate.client.DefaultCertificateClient.createKeyPair(DefaultCertificateClient.java:988)
	at org.apache.hadoop.hdds.security.x509.certificate.client.DefaultCertificateClient.renewAndStoreKeyAndCertificate(DefaultCertificateClient.java:1208)
	at org.apache.hadoop.hdds.security.x509.certificate.client.DefaultCertificateClient$CertificateLifetimeMonitor.run(DefaultCertificateClient.java:1451)
	at java.util.concurrent.Executors$RunnableAdapter.call(Executors.java:511)
	at java.util.concurrent.FutureTask.runAndReset(FutureTask.java:308)
	at java.util.concurrent.ScheduledThreadPoolExecutor$ScheduledFutureTask.access$301(ScheduledThreadPoolExecutor.java:180)
	at java.util.concurrent.ScheduledThreadPoolExecutor$ScheduledFutureTask.run(ScheduledThreadPoolExecutor.java:294)
	at java.util.concurrent.ThreadPoolExecutor.runWorker(ThreadPoolExecutor.java:1149)
	at java.util.concurrent.ThreadPoolExecutor$Worker.run(ThreadPoolExecutor.java:624)
	at java.lang.Thread.run(Thread.java:750)
2023-02-24 13:15:07,867 [CertificateLifetimeMonitor] ERROR client.DNCertificateClient (DefaultCertificateClient.java:run(1461)) - Failed to renew and store key and cert. Keep using existing certificates.
org.apache.hadoop.hdds.security.x509.exception.CertificateException: Error while creating new key pair.
	at org.apache.hadoop.hdds.security.x509.certificate.client.DefaultCertificateClient.renewAndStoreKeyAndCertificate(DefaultCertificateClient.java:1210)
	at org.apache.hadoop.hdds.security.x509.certificate.client.DefaultCertificateClient$CertificateLifetimeMonitor.run(DefaultCertificateClient.java:1451)
	at java.util.concurrent.Executors$RunnableAdapter.call(Executors.java:511)
	at java.util.concurrent.FutureTask.runAndReset(FutureTask.java:308)
	at java.util.concurrent.ScheduledThreadPoolExecutor$ScheduledFutureTask.access$301(ScheduledThreadPoolExecutor.java:180)
	at java.util.concurrent.ScheduledThreadPoolExecutor$ScheduledFutureTask.run(ScheduledThreadPoolExecutor.java:294)
	at java.util.concurrent.ThreadPoolExecutor.runWorker(ThreadPoolExecutor.java:1149)
	at java.util.concurrent.ThreadPoolExecutor$Worker.run(ThreadPoolExecutor.java:624)
	at java.lang.Thread.run(Thread.java:750)
Caused by: org.apache.hadoop.hdds.security.x509.exception.CertificateException: Error while bootstrapping certificate.
	at org.apache.hadoop.hdds.security.x509.certificate.client.DefaultCertificateClient.createKeyPair(DefaultCertificateClient.java:993)
	at org.apache.hadoop.hdds.security.x509.certificate.client.DefaultCertificateClient.renewAndStoreKeyAndCertificate(DefaultCertificateClient.java:1208)
	... 8 more
2023-02-24 13:15:08,162 [CertificateLifetimeMonitor] ERROR client.DNCertificateClient (DefaultCertificateClient.java:createKeyPair(992)) - Error while bootstrapping certificate client.
java.io.IOException: Private key already exist.
	at org.apache.hadoop.hdds.security.x509.keys.KeyCodec.writePublicKey(KeyCodec.java:197)
	at org.apache.hadoop.hdds.security.x509.certificate.client.DefaultCertificateClient.createKeyPair(DefaultCertificateClient.java:988)
	at org.apache.hadoop.hdds.security.x509.certificate.client.DefaultCertificateClient.renewAndStoreKeyAndCertificate(DefaultCertificateClient.java:1208)
	at org.apache.hadoop.hdds.security.x509.certificate.client.DefaultCertificateClient$CertificateLifetimeMonitor.run(DefaultCertificateClient.java:1451)
	at java.util.concurrent.Executors$RunnableAdapter.call(Executors.java:511)
	at java.util.concurrent.FutureTask.runAndReset(FutureTask.java:308)
	at java.util.concurrent.ScheduledThreadPoolExecutor$ScheduledFutureTask.access$301(ScheduledThreadPoolExecutor.java:180)
	at java.util.concurrent.ScheduledThreadPoolExecutor$ScheduledFutureTask.run(ScheduledThreadPoolExecutor.java:294)
	at java.util.concurrent.ThreadPoolExecutor.runWorker(ThreadPoolExecutor.java:1149)
	at java.util.concurrent.ThreadPoolExecutor$Worker.run(ThreadPoolExecutor.java:624)
	at java.lang.Thread.run(Thread.java:750)
2023-02-24 13:15:08,162 [CertificateLifetimeMonitor] ERROR client.DNCertificateClient (DefaultCertificateClient.java:run(1461)) - Failed to renew and store key and cert. Keep using existing certificates.
org.apache.hadoop.hdds.security.x509.exception.CertificateException: Error while creating new key pair.
	at org.apache.hadoop.hdds.security.x509.certificate.client.DefaultCertificateClient.renewAndStoreKeyAndCertificate(DefaultCertificateClient.java:1210)
	at org.apache.hadoop.hdds.security.x509.certificate.client.DefaultCertificateClient$CertificateLifetimeMonitor.run(DefaultCertificateClient.java:1451)
	at java.util.concurrent.Executors$RunnableAdapter.call(Executors.java:511)
	at java.util.concurrent.FutureTask.runAndReset(FutureTask.java:308)
	at java.util.concurrent.ScheduledThreadPoolExecutor$ScheduledFutureTask.access$301(ScheduledThreadPoolExecutor.java:180)
	at java.util.concurrent.ScheduledThreadPoolExecutor$ScheduledFutureTask.run(ScheduledThreadPoolExecutor.java:294)
	at java.util.concurrent.ThreadPoolExecutor.runWorker(ThreadPoolExecutor.java:1149)
	at java.util.concurrent.ThreadPoolExecutor$Worker.run(ThreadPoolExecutor.java:624)
	at java.lang.Thread.run(Thread.java:750)
Caused by: org.apache.hadoop.hdds.security.x509.exception.CertificateException: Error while bootstrapping certificate.
	at org.apache.hadoop.hdds.security.x509.certificate.client.DefaultCertificateClient.createKeyPair(DefaultCertificateClient.java:993)
	at org.apache.hadoop.hdds.security.x509.certificate.client.DefaultCertificateClient.renewAndStoreKeyAndCertificate(DefaultCertificateClient.java:1208)
	... 8 more
2023-02-24 13:15:08,994 [CertificateLifetimeMonitor] INFO  client.DNCertificateClient (DefaultCertificateClient.java:run(1448)) - Current certificate has entered the expiry grace period PT0S. Starting renew key and certs.
2023-02-24 13:15:08,994 [CertificateLifetimeMonitor] INFO  client.DNCertificateClient (DefaultCertificateClient.java:run(1448)) - Current certificate has entered the expiry grace period PT0S. Starting renew key and certs.
2023-02-24 13:15:08,994 [CertificateLifetimeMonitor] INFO  client.DNCertificateClient (DefaultCertificateClient.java:run(1448)) - Current certificate has entered the expiry grace period PT0S. Starting renew key and certs.
2023-02-24 13:15:08,995 [CertificateLifetimeMonitor] ERROR client.DNCertificateClient (DefaultCertificateClient.java:run(1461)) - Failed to renew and store key and cert. Keep using existing certificates.
org.apache.hadoop.hdds.security.x509.exception.CertificateException: Error while deleting/creating /home/runner/work/ozone/ozone/hadoop-hdds/container-service/target/test-dir/B1tFvJdgJa/dn/keys-next or /home/runner/work/ozone/ozone/hadoop-hdds/container-service/target/test-dir/B1tFvJdgJa/dn/certs-next directories to cleanup  certificate storage. 
	at org.apache.hadoop.hdds.security.x509.certificate.client.DefaultCertificateClient.renewAndStoreKeyAndCertificate(DefaultCertificateClient.java:1199)
	at org.apache.hadoop.hdds.security.x509.certificate.client.DefaultCertificateClient$CertificateLifetimeMonitor.run(DefaultCertificateClient.java:1451)
	at java.util.concurrent.Executors$RunnableAdapter.call(Executors.java:511)
	at java.util.concurrent.FutureTask.runAndReset(FutureTask.java:308)
	at java.util.concurrent.ScheduledThreadPoolExecutor$ScheduledFutureTask.access$301(ScheduledThreadPoolExecutor.java:180)
	at java.util.concurrent.ScheduledThreadPoolExecutor$ScheduledFutureTask.run(ScheduledThreadPoolExecutor.java:294)
	at java.util.concurrent.ThreadPoolExecutor.runWorker(ThreadPoolExecutor.java:1149)
	at java.util.concurrent.ThreadPoolExecutor$Worker.run(ThreadPoolExecutor.java:624)
	at java.lang.Thread.run(Thread.java:750)
Caused by: org.apache.commons.io.IOExceptionList: /home/runner/work/ozone/ozone/hadoop-hdds/container-service/target/test-dir/B1tFvJdgJa/dn/keys-next
	at org.apache.commons.io.FileUtils.cleanDirectory(FileUtils.java:331)
	at org.apache.commons.io.FileUtils.deleteDirectory(FileUtils.java:1192)
	at org.apache.hadoop.hdds.security.x509.certificate.client.DefaultCertificateClient.renewAndStoreKeyAndCertificate(DefaultCertificateClient.java:1194)
	... 8 more
Caused by: java.io.FileNotFoundException: File does not exist: /home/runner/work/ozone/ozone/hadoop-hdds/container-service/target/test-dir/B1tFvJdgJa/dn/keys-next/private.pem
	at org.apache.commons.io.FileUtils.forceDelete(FileUtils.java:1349)
	at org.apache.commons.io.FileUtils.cleanDirectory(FileUtils.java:324)
	... 10 more
2023-02-24 13:15:08,996 [CertificateLifetimeMonitor] INFO  client.DNCertificateClient (DefaultCertificateClient.java:run(1448)) - Current certificate has entered the expiry grace period PT0S. Starting renew key and certs.
2023-02-24 13:15:08,997 [CertificateLifetimeMonitor] INFO  client.DNCertificateClient (DefaultCertificateClient.java:run(1448)) - Current certificate has entered the expiry grace period PT0S. Starting renew key and certs.
2023-02-24 13:15:09,166 [CertificateLifetimeMonitor] INFO  ozone.OzoneSecurityUtil (OzoneSecurityUtil.java:getValidInetsForCurrentHost(119)) - ip:fe80:0:0:0:222:48ff:feaa:f88f%eth0 not returned.
2023-02-24 13:15:09,166 [CertificateLifetimeMonitor] INFO  ozone.OzoneSecurityUtil (OzoneSecurityUtil.java:getValidInetsForCurrentHost(116)) - Adding ip:10.1.0.29,host:fv-az201-462.yo4stti0dhyudgyjg01iu2obqd.jx.internal.cloudapp.net
2023-02-24 13:15:09,166 [CertificateLifetimeMonitor] INFO  ozone.OzoneSecurityUtil (OzoneSecurityUtil.java:getValidInetsForCurrentHost(119)) - ip:0:0:0:0:0:0:0:1%lo not returned.
2023-02-24 13:15:09,166 [CertificateLifetimeMonitor] INFO  ozone.OzoneSecurityUtil (OzoneSecurityUtil.java:getValidInetsForCurrentHost(119)) - ip:127.0.0.1 not returned.
2023-02-24 13:15:09,166 [CertificateLifetimeMonitor] INFO  client.DNCertificateClient (DNCertificateClient.java:getCSRBuilder(99)) - Created csr for DN-> subject:runner@fv-az201-462.yo4stti0dhyudgyjg01iu2obqd.jx.internal.cloudapp.net
2023-02-24 13:15:09,174 [CertificateLifetimeMonitor] ERROR client.DNCertificateClient (DefaultCertificateClient.java:run(1461)) - Failed to renew and store key and cert. Keep using existing certificates.
org.apache.hadoop.hdds.security.x509.exception.CertificateException: Error while signing and storing new certificates.
	at org.apache.hadoop.hdds.security.x509.certificate.client.DefaultCertificateClient.renewAndStoreKeyAndCertificate(DefaultCertificateClient.java:1221)
	at org.apache.hadoop.hdds.security.x509.certificate.client.DefaultCertificateClient$CertificateLifetimeMonitor.run(DefaultCertificateClient.java:1451)
	at java.util.concurrent.Executors$RunnableAdapter.call(Executors.java:511)
	at java.util.concurrent.FutureTask.runAndReset(FutureTask.java:308)
	at java.util.concurrent.ScheduledThreadPoolExecutor$ScheduledFutureTask.access$301(ScheduledThreadPoolExecutor.java:180)
	at java.util.concurrent.ScheduledThreadPoolExecutor$ScheduledFutureTask.run(ScheduledThreadPoolExecutor.java:294)
	at java.util.concurrent.ThreadPoolExecutor.runWorker(ThreadPoolExecutor.java:1149)
	at java.util.concurrent.ThreadPoolExecutor$Worker.run(ThreadPoolExecutor.java:624)
	at java.lang.Thread.run(Thread.java:750)
Caused by: org.apache.hadoop.hdds.conf.ConfigurationException: SCM Client Address could not be obtained from config. Config is not properly defined
	at org.apache.hadoop.hdds.scm.proxy.SCMSecurityProtocolFailoverProxyProvider.loadConfigs(SCMSecurityProtocolFailoverProxyProvider.java:120)
	at org.apache.hadoop.hdds.scm.proxy.SCMSecurityProtocolFailoverProxyProvider.<init>(SCMSecurityProtocolFailoverProxyProvider.java:105)
	at org.apache.hadoop.hdds.utils.HddsServerUtil.getScmSecurityClientWithMaxRetry(HddsServerUtil.java:464)
	at org.apache.hadoop.hdds.security.x509.certificate.client.DefaultCertificateClient.getScmSecureClient(DefaultCertificateClient.java:1399)
	at org.apache.hadoop.hdds.security.x509.certificate.client.DNCertificateClient.signAndStoreCertificate(DNCertificateClient.java:114)
	at org.apache.hadoop.hdds.security.x509.certificate.client.DefaultCertificateClient.renewAndStoreKeyAndCertificate(DefaultCertificateClient.java:1218)
	... 8 more
2023-02-24 13:15:09,277 [CertificateLifetimeMonitor] ERROR client.DNCertificateClient (DefaultCertificateClient.java:createKeyPair(992)) - Error while bootstrapping certificate client.
java.io.IOException: Private key already exist.
	at org.apache.hadoop.hdds.security.x509.keys.KeyCodec.writePublicKey(KeyCodec.java:197)
	at org.apache.hadoop.hdds.security.x509.certificate.client.DefaultCertificateClient.createKeyPair(DefaultCertificateClient.java:988)
	at org.apache.hadoop.hdds.security.x509.certificate.client.DefaultCertificateClient.renewAndStoreKeyAndCertificate(DefaultCertificateClient.java:1208)
	at org.apache.hadoop.hdds.security.x509.certificate.client.DefaultCertificateClient$CertificateLifetimeMonitor.run(DefaultCertificateClient.java:1451)
	at java.util.concurrent.Executors$RunnableAdapter.call(Executors.java:511)
	at java.util.concurrent.FutureTask.runAndReset(FutureTask.java:308)
	at java.util.concurrent.ScheduledThreadPoolExecutor$ScheduledFutureTask.access$301(ScheduledThreadPoolExecutor.java:180)
	at java.util.concurrent.ScheduledThreadPoolExecutor$ScheduledFutureTask.run(ScheduledThreadPoolExecutor.java:294)
	at java.util.concurrent.ThreadPoolExecutor.runWorker(ThreadPoolExecutor.java:1149)
	at java.util.concurrent.ThreadPoolExecutor$Worker.run(ThreadPoolExecutor.java:624)
	at java.lang.Thread.run(Thread.java:750)
2023-02-24 13:15:09,277 [CertificateLifetimeMonitor] ERROR client.DNCertificateClient (DefaultCertificateClient.java:run(1461)) - Failed to renew and store key and cert. Keep using existing certificates.
org.apache.hadoop.hdds.security.x509.exception.CertificateException: Error while creating new key pair.
	at org.apache.hadoop.hdds.security.x509.certificate.client.DefaultCertificateClient.renewAndStoreKeyAndCertificate(DefaultCertificateClient.java:1210)
	at org.apache.hadoop.hdds.security.x509.certificate.client.DefaultCertificateClient$CertificateLifetimeMonitor.run(DefaultCertificateClient.java:1451)
	at java.util.concurrent.Executors$RunnableAdapter.call(Executors.java:511)
	at java.util.concurrent.FutureTask.runAndReset(FutureTask.java:308)
	at java.util.concurrent.ScheduledThreadPoolExecutor$ScheduledFutureTask.access$301(ScheduledThreadPoolExecutor.java:180)
	at java.util.concurrent.ScheduledThreadPoolExecutor$ScheduledFutureTask.run(ScheduledThreadPoolExecutor.java:294)
	at java.util.concurrent.ThreadPoolExecutor.runWorker(ThreadPoolExecutor.java:1149)
	at java.util.concurrent.ThreadPoolExecutor$Worker.run(ThreadPoolExecutor.java:624)
	at java.lang.Thread.run(Thread.java:750)
Caused by: org.apache.hadoop.hdds.security.x509.exception.CertificateException: Error while bootstrapping certificate.
	at org.apache.hadoop.hdds.security.x509.certificate.client.DefaultCertificateClient.createKeyPair(DefaultCertificateClient.java:993)
	at org.apache.hadoop.hdds.security.x509.certificate.client.DefaultCertificateClient.renewAndStoreKeyAndCertificate(DefaultCertificateClient.java:1208)
	... 8 more
2023-02-24 13:15:09,443 [CertificateLifetimeMonitor] ERROR client.DNCertificateClient (DefaultCertificateClient.java:createKeyPair(992)) - Error while bootstrapping certificate client.
java.io.IOException: Private key already exist.
	at org.apache.hadoop.hdds.security.x509.keys.KeyCodec.writePublicKey(KeyCodec.java:197)
	at org.apache.hadoop.hdds.security.x509.certificate.client.DefaultCertificateClient.createKeyPair(DefaultCertificateClient.java:988)
	at org.apache.hadoop.hdds.security.x509.certificate.client.DefaultCertificateClient.renewAndStoreKeyAndCertificate(DefaultCertificateClient.java:1208)
	at org.apache.hadoop.hdds.security.x509.certificate.client.DefaultCertificateClient$CertificateLifetimeMonitor.run(DefaultCertificateClient.java:1451)
	at java.util.concurrent.Executors$RunnableAdapter.call(Executors.java:511)
	at java.util.concurrent.FutureTask.runAndReset(FutureTask.java:308)
	at java.util.concurrent.ScheduledThreadPoolExecutor$ScheduledFutureTask.access$301(ScheduledThreadPoolExecutor.java:180)
	at java.util.concurrent.ScheduledThreadPoolExecutor$ScheduledFutureTask.run(ScheduledThreadPoolExecutor.java:294)
	at java.util.concurrent.ThreadPoolExecutor.runWorker(ThreadPoolExecutor.java:1149)
	at java.util.concurrent.ThreadPoolExecutor$Worker.run(ThreadPoolExecutor.java:624)
	at java.lang.Thread.run(Thread.java:750)
2023-02-24 13:15:09,443 [CertificateLifetimeMonitor] ERROR client.DNCertificateClient (DefaultCertificateClient.java:run(1461)) - Failed to renew and store key and cert. Keep using existing certificates.
org.apache.hadoop.hdds.security.x509.exception.CertificateException: Error while creating new key pair.
	at org.apache.hadoop.hdds.security.x509.certificate.client.DefaultCertificateClient.renewAndStoreKeyAndCertificate(DefaultCertificateClient.java:1210)
	at org.apache.hadoop.hdds.security.x509.certificate.client.DefaultCertificateClient$CertificateLifetimeMonitor.run(DefaultCertificateClient.java:1451)
	at java.util.concurrent.Executors$RunnableAdapter.call(Executors.java:511)
	at java.util.concurrent.FutureTask.runAndReset(FutureTask.java:308)
	at java.util.concurrent.ScheduledThreadPoolExecutor$ScheduledFutureTask.access$301(ScheduledThreadPoolExecutor.java:180)
	at java.util.concurrent.ScheduledThreadPoolExecutor$ScheduledFutureTask.run(ScheduledThreadPoolExecutor.java:294)
	at java.util.concurrent.ThreadPoolExecutor.runWorker(ThreadPoolExecutor.java:1149)
	at java.util.concurrent.ThreadPoolExecutor$Worker.run(ThreadPoolExecutor.java:624)
	at java.lang.Thread.run(Thread.java:750)
Caused by: org.apache.hadoop.hdds.security.x509.exception.CertificateException: Error while bootstrapping certificate.
	at org.apache.hadoop.hdds.security.x509.certificate.client.DefaultCertificateClient.createKeyPair(DefaultCertificateClient.java:993)
	at org.apache.hadoop.hdds.security.x509.certificate.client.DefaultCertificateClient.renewAndStoreKeyAndCertificate(DefaultCertificateClient.java:1208)
	... 8 more
2023-02-24 13:15:09,654 [CertificateLifetimeMonitor] ERROR client.DNCertificateClient (DefaultCertificateClient.java:createKeyPair(992)) - Error while bootstrapping certificate client.
java.io.IOException: Private key already exist.
	at org.apache.hadoop.hdds.security.x509.keys.KeyCodec.writePublicKey(KeyCodec.java:197)
	at org.apache.hadoop.hdds.security.x509.certificate.client.DefaultCertificateClient.createKeyPair(DefaultCertificateClient.java:988)
	at org.apache.hadoop.hdds.security.x509.certificate.client.DefaultCertificateClient.renewAndStoreKeyAndCertificate(DefaultCertificateClient.java:1208)
	at org.apache.hadoop.hdds.security.x509.certificate.client.DefaultCertificateClient$CertificateLifetimeMonitor.run(DefaultCertificateClient.java:1451)
	at java.util.concurrent.Executors$RunnableAdapter.call(Executors.java:511)
	at java.util.concurrent.FutureTask.runAndReset(FutureTask.java:308)
	at java.util.concurrent.ScheduledThreadPoolExecutor$ScheduledFutureTask.access$301(ScheduledThreadPoolExecutor.java:180)
	at java.util.concurrent.ScheduledThreadPoolExecutor$ScheduledFutureTask.run(ScheduledThreadPoolExecutor.java:294)
	at java.util.concurrent.ThreadPoolExecutor.runWorker(ThreadPoolExecutor.java:1149)
	at java.util.concurrent.ThreadPoolExecutor$Worker.run(ThreadPoolExecutor.java:624)
	at java.lang.Thread.run(Thread.java:750)
2023-02-24 13:15:09,654 [CertificateLifetimeMonitor] ERROR client.DNCertificateClient (DefaultCertificateClient.java:run(1461)) - Failed to renew and store key and cert. Keep using existing certificates.
org.apache.hadoop.hdds.security.x509.exception.CertificateException: Error while creating new key pair.
	at org.apache.hadoop.hdds.security.x509.certificate.client.DefaultCertificateClient.renewAndStoreKeyAndCertificate(DefaultCertificateClient.java:1210)
	at org.apache.hadoop.hdds.security.x509.certificate.client.DefaultCertificateClient$CertificateLifetimeMonitor.run(DefaultCertificateClient.java:1451)
	at java.util.concurrent.Executors$RunnableAdapter.call(Executors.java:511)
	at java.util.concurrent.FutureTask.runAndReset(FutureTask.java:308)
	at java.util.concurrent.ScheduledThreadPoolExecutor$ScheduledFutureTask.access$301(ScheduledThreadPoolExecutor.java:180)
	at java.util.concurrent.ScheduledThreadPoolExecutor$ScheduledFutureTask.run(ScheduledThreadPoolExecutor.java:294)
	at java.util.concurrent.ThreadPoolExecutor.runWorker(ThreadPoolExecutor.java:1149)
	at java.util.concurrent.ThreadPoolExecutor$Worker.run(ThreadPoolExecutor.java:624)
	at java.lang.Thread.run(Thread.java:750)
Caused by: org.apache.hadoop.hdds.security.x509.exception.CertificateException: Error while bootstrapping certificate.
	at org.apache.hadoop.hdds.security.x509.certificate.client.DefaultCertificateClient.createKeyPair(DefaultCertificateClient.java:993)
	at org.apache.hadoop.hdds.security.x509.certificate.client.DefaultCertificateClient.renewAndStoreKeyAndCertificate(DefaultCertificateClient.java:1208)
	... 8 more
2023-02-24 13:15:10,660 [CertificateLifetimeMonitor] INFO  client.DNCertificateClient (DefaultCertificateClient.java:run(1448)) - Current certificate has entered the expiry grace period PT0S. Starting renew key and certs.
2023-02-24 13:15:10,661 [CertificateLifetimeMonitor] INFO  client.DNCertificateClient (DefaultCertificateClient.java:run(1448)) - Current certificate has entered the expiry grace period PT0S. Starting renew key and certs.
2023-02-24 13:15:10,665 [CertificateLifetimeMonitor] INFO  client.DNCertificateClient (DefaultCertificateClient.java:run(1448)) - Current certificate has entered the expiry grace period PT0S. Starting renew key and certs.
2023-02-24 13:15:10,660 [CertificateLifetimeMonitor] INFO  client.DNCertificateClient (DefaultCertificateClient.java:run(1448)) - Current certificate has entered the expiry grace period PT0S. Starting renew key and certs.
2023-02-24 13:15:10,685 [CertificateLifetimeMonitor] INFO  client.DNCertificateClient (DefaultCertificateClient.java:run(1448)) - Current certificate has entered the expiry grace period PT0S. Starting renew key and certs.
2023-02-24 13:15:10,797 [CertificateLifetimeMonitor] INFO  ozone.OzoneSecurityUtil (OzoneSecurityUtil.java:getValidInetsForCurrentHost(119)) - ip:fe80:0:0:0:222:48ff:feaa:f88f%eth0 not returned.
2023-02-24 13:15:10,797 [CertificateLifetimeMonitor] INFO  ozone.OzoneSecurityUtil (OzoneSecurityUtil.java:getValidInetsForCurrentHost(116)) - Adding ip:10.1.0.29,host:fv-az201-462.yo4stti0dhyudgyjg01iu2obqd.jx.internal.cloudapp.net
2023-02-24 13:15:10,798 [CertificateLifetimeMonitor] INFO  ozone.OzoneSecurityUtil (OzoneSecurityUtil.java:getValidInetsForCurrentHost(119)) - ip:0:0:0:0:0:0:0:1%lo not returned.
2023-02-24 13:15:10,798 [CertificateLifetimeMonitor] INFO  ozone.OzoneSecurityUtil (OzoneSecurityUtil.java:getValidInetsForCurrentHost(119)) - ip:127.0.0.1 not returned.
2023-02-24 13:15:10,799 [CertificateLifetimeMonitor] INFO  client.DNCertificateClient (DNCertificateClient.java:getCSRBuilder(99)) - Created csr for DN-> subject:runner@fv-az201-462.yo4stti0dhyudgyjg01iu2obqd.jx.internal.cloudapp.net
2023-02-24 13:15:10,810 [CertificateLifetimeMonitor] ERROR client.DNCertificateClient (DefaultCertificateClient.java:run(1461)) - Failed to renew and store key and cert. Keep using existing certificates.
org.apache.hadoop.hdds.security.x509.exception.CertificateException: Error while signing and storing new certificates.
	at org.apache.hadoop.hdds.security.x509.certificate.client.DefaultCertificateClient.renewAndStoreKeyAndCertificate(DefaultCertificateClient.java:1221)
	at org.apache.hadoop.hdds.security.x509.certificate.client.DefaultCertificateClient$CertificateLifetimeMonitor.run(DefaultCertificateClient.java:1451)
	at java.util.concurrent.Executors$RunnableAdapter.call(Executors.java:511)
	at java.util.concurrent.FutureTask.runAndReset(FutureTask.java:308)
	at java.util.concurrent.ScheduledThreadPoolExecutor$ScheduledFutureTask.access$301(ScheduledThreadPoolExecutor.java:180)
	at java.util.concurrent.ScheduledThreadPoolExecutor$ScheduledFutureTask.run(ScheduledThreadPoolExecutor.java:294)
	at java.util.concurrent.ThreadPoolExecutor.runWorker(ThreadPoolExecutor.java:1149)
	at java.util.concurrent.ThreadPoolExecutor$Worker.run(ThreadPoolExecutor.java:624)
	at java.lang.Thread.run(Thread.java:750)
Caused by: org.apache.hadoop.hdds.conf.ConfigurationException: SCM Client Address could not be obtained from config. Config is not properly defined
	at org.apache.hadoop.hdds.scm.proxy.SCMSecurityProtocolFailoverProxyProvider.loadConfigs(SCMSecurityProtocolFailoverProxyProvider.java:120)
	at org.apache.hadoop.hdds.scm.proxy.SCMSecurityProtocolFailoverProxyProvider.<init>(SCMSecurityProtocolFailoverProxyProvider.java:105)
	at org.apache.hadoop.hdds.utils.HddsServerUtil.getScmSecurityClientWithMaxRetry(HddsServerUtil.java:464)
	at org.apache.hadoop.hdds.security.x509.certificate.client.DefaultCertificateClient.getScmSecureClient(DefaultCertificateClient.java:1399)
	at org.apache.hadoop.hdds.security.x509.certificate.client.DNCertificateClient.signAndStoreCertificate(DNCertificateClient.java:114)
	at org.apache.hadoop.hdds.security.x509.certificate.client.DefaultCertificateClient.renewAndStoreKeyAndCertificate(DefaultCertificateClient.java:1218)
	... 8 more
2023-02-24 13:15:11,097 [CertificateLifetimeMonitor] ERROR client.DNCertificateClient (DefaultCertificateClient.java:createKeyPair(992)) - Error while bootstrapping certificate client.
java.io.IOException: Private key already exist.
	at org.apache.hadoop.hdds.security.x509.keys.KeyCodec.writePublicKey(KeyCodec.java:197)
	at org.apache.hadoop.hdds.security.x509.certificate.client.DefaultCertificateClient.createKeyPair(DefaultCertificateClient.java:988)
	at org.apache.hadoop.hdds.security.x509.certificate.client.DefaultCertificateClient.renewAndStoreKeyAndCertificate(DefaultCertificateClient.java:1208)
	at org.apache.hadoop.hdds.security.x509.certificate.client.DefaultCertificateClient$CertificateLifetimeMonitor.run(DefaultCertificateClient.java:1451)
	at java.util.concurrent.Executors$RunnableAdapter.call(Executors.java:511)
	at java.util.concurrent.FutureTask.runAndReset(FutureTask.java:308)
	at java.util.concurrent.ScheduledThreadPoolExecutor$ScheduledFutureTask.access$301(ScheduledThreadPoolExecutor.java:180)
	at java.util.concurrent.ScheduledThreadPoolExecutor$ScheduledFutureTask.run(ScheduledThreadPoolExecutor.java:294)
	at java.util.concurrent.ThreadPoolExecutor.runWorker(ThreadPoolExecutor.java:1149)
	at java.util.concurrent.ThreadPoolExecutor$Worker.run(ThreadPoolExecutor.java:624)
	at java.lang.Thread.run(Thread.java:750)
2023-02-24 13:15:11,098 [CertificateLifetimeMonitor] ERROR client.DNCertificateClient (DefaultCertificateClient.java:run(1461)) - Failed to renew and store key and cert. Keep using existing certificates.
org.apache.hadoop.hdds.security.x509.exception.CertificateException: Error while creating new key pair.
	at org.apache.hadoop.hdds.security.x509.certificate.client.DefaultCertificateClient.renewAndStoreKeyAndCertificate(DefaultCertificateClient.java:1210)
	at org.apache.hadoop.hdds.security.x509.certificate.client.DefaultCertificateClient$CertificateLifetimeMonitor.run(DefaultCertificateClient.java:1451)
	at java.util.concurrent.Executors$RunnableAdapter.call(Executors.java:511)
	at java.util.concurrent.FutureTask.runAndReset(FutureTask.java:308)
	at java.util.concurrent.ScheduledThreadPoolExecutor$ScheduledFutureTask.access$301(ScheduledThreadPoolExecutor.java:180)
	at java.util.concurrent.ScheduledThreadPoolExecutor$ScheduledFutureTask.run(ScheduledThreadPoolExecutor.java:294)
	at java.util.concurrent.ThreadPoolExecutor.runWorker(ThreadPoolExecutor.java:1149)
	at java.util.concurrent.ThreadPoolExecutor$Worker.run(ThreadPoolExecutor.java:624)
	at java.lang.Thread.run(Thread.java:750)
Caused by: org.apache.hadoop.hdds.security.x509.exception.CertificateException: Error while bootstrapping certificate.
	at org.apache.hadoop.hdds.security.x509.certificate.client.DefaultCertificateClient.createKeyPair(DefaultCertificateClient.java:993)
	at org.apache.hadoop.hdds.security.x509.certificate.client.DefaultCertificateClient.renewAndStoreKeyAndCertificate(DefaultCertificateClient.java:1208)
	... 8 more
2023-02-24 13:15:11,193 [CertificateLifetimeMonitor] ERROR client.DNCertificateClient (DefaultCertificateClient.java:createKeyPair(992)) - Error while bootstrapping certificate client.
java.io.IOException: Private key already exist.
	at org.apache.hadoop.hdds.security.x509.keys.KeyCodec.writePublicKey(KeyCodec.java:197)
	at org.apache.hadoop.hdds.security.x509.certificate.client.DefaultCertificateClient.createKeyPair(DefaultCertificateClient.java:988)
	at org.apache.hadoop.hdds.security.x509.certificate.client.DefaultCertificateClient.renewAndStoreKeyAndCertificate(DefaultCertificateClient.java:1208)
	at org.apache.hadoop.hdds.security.x509.certificate.client.DefaultCertificateClient$CertificateLifetimeMonitor.run(DefaultCertificateClient.java:1451)
	at java.util.concurrent.Executors$RunnableAdapter.call(Executors.java:511)
	at java.util.concurrent.FutureTask.runAndReset(FutureTask.java:308)
	at java.util.concurrent.ScheduledThreadPoolExecutor$ScheduledFutureTask.access$301(ScheduledThreadPoolExecutor.java:180)
	at java.util.concurrent.ScheduledThreadPoolExecutor$ScheduledFutureTask.run(ScheduledThreadPoolExecutor.java:294)
	at java.util.concurrent.ThreadPoolExecutor.runWorker(ThreadPoolExecutor.java:1149)
	at java.util.concurrent.ThreadPoolExecutor$Worker.run(ThreadPoolExecutor.java:624)
	at java.lang.Thread.run(Thread.java:750)
2023-02-24 13:15:11,194 [CertificateLifetimeMonitor] ERROR client.DNCertificateClient (DefaultCertificateClient.java:run(1461)) - Failed to renew and store key and cert. Keep using existing certificates.
org.apache.hadoop.hdds.security.x509.exception.CertificateException: Error while creating new key pair.
	at org.apache.hadoop.hdds.security.x509.certificate.client.DefaultCertificateClient.renewAndStoreKeyAndCertificate(DefaultCertificateClient.java:1210)
	at org.apache.hadoop.hdds.security.x509.certificate.client.DefaultCertificateClient$CertificateLifetimeMonitor.run(DefaultCertificateClient.java:1451)
	at java.util.concurrent.Executors$RunnableAdapter.call(Executors.java:511)
	at java.util.concurrent.FutureTask.runAndReset(FutureTask.java:308)
	at java.util.concurrent.ScheduledThreadPoolExecutor$ScheduledFutureTask.access$301(ScheduledThreadPoolExecutor.java:180)
	at java.util.concurrent.ScheduledThreadPoolExecutor$ScheduledFutureTask.run(ScheduledThreadPoolExecutor.java:294)
	at java.util.concurrent.ThreadPoolExecutor.runWorker(ThreadPoolExecutor.java:1149)
	at java.util.concurrent.ThreadPoolExecutor$Worker.run(ThreadPoolExecutor.java:624)
	at java.lang.Thread.run(Thread.java:750)
Caused by: org.apache.hadoop.hdds.security.x509.exception.CertificateException: Error while bootstrapping certificate.
	at org.apache.hadoop.hdds.security.x509.certificate.client.DefaultCertificateClient.createKeyPair(DefaultCertificateClient.java:993)
	at org.apache.hadoop.hdds.security.x509.certificate.client.DefaultCertificateClient.renewAndStoreKeyAndCertificate(DefaultCertificateClient.java:1208)
	... 8 more
2023-02-24 13:15:11,244 [CertificateLifetimeMonitor] ERROR client.DNCertificateClient (DefaultCertificateClient.java:createKeyPair(992)) - Error while bootstrapping certificate client.
java.io.IOException: Private key already exist.
	at org.apache.hadoop.hdds.security.x509.keys.KeyCodec.writePublicKey(KeyCodec.java:197)
	at org.apache.hadoop.hdds.security.x509.certificate.client.DefaultCertificateClient.createKeyPair(DefaultCertificateClient.java:988)
	at org.apache.hadoop.hdds.security.x509.certificate.client.DefaultCertificateClient.renewAndStoreKeyAndCertificate(DefaultCertificateClient.java:1208)
	at org.apache.hadoop.hdds.security.x509.certificate.client.DefaultCertificateClient$CertificateLifetimeMonitor.run(DefaultCertificateClient.java:1451)
	at java.util.concurrent.Executors$RunnableAdapter.call(Executors.java:511)
	at java.util.concurrent.FutureTask.runAndReset(FutureTask.java:308)
	at java.util.concurrent.ScheduledThreadPoolExecutor$ScheduledFutureTask.access$301(ScheduledThreadPoolExecutor.java:180)
	at java.util.concurrent.ScheduledThreadPoolExecutor$ScheduledFutureTask.run(ScheduledThreadPoolExecutor.java:294)
	at java.util.concurrent.ThreadPoolExecutor.runWorker(ThreadPoolExecutor.java:1149)
	at java.util.concurrent.ThreadPoolExecutor$Worker.run(ThreadPoolExecutor.java:624)
	at java.lang.Thread.run(Thread.java:750)
2023-02-24 13:15:11,245 [CertificateLifetimeMonitor] ERROR client.DNCertificateClient (DefaultCertificateClient.java:run(1461)) - Failed to renew and store key and cert. Keep using existing certificates.
org.apache.hadoop.hdds.security.x509.exception.CertificateException: Error while creating new key pair.
	at org.apache.hadoop.hdds.security.x509.certificate.client.DefaultCertificateClient.renewAndStoreKeyAndCertificate(DefaultCertificateClient.java:1210)
	at org.apache.hadoop.hdds.security.x509.certificate.client.DefaultCertificateClient$CertificateLifetimeMonitor.run(DefaultCertificateClient.java:1451)
	at java.util.concurrent.Executors$RunnableAdapter.call(Executors.java:511)
	at java.util.concurrent.FutureTask.runAndReset(FutureTask.java:308)
	at java.util.concurrent.ScheduledThreadPoolExecutor$ScheduledFutureTask.access$301(ScheduledThreadPoolExecutor.java:180)
	at java.util.concurrent.ScheduledThreadPoolExecutor$ScheduledFutureTask.run(ScheduledThreadPoolExecutor.java:294)
	at java.util.concurrent.ThreadPoolExecutor.runWorker(ThreadPoolExecutor.java:1149)
	at java.util.concurrent.ThreadPoolExecutor$Worker.run(ThreadPoolExecutor.java:624)
	at java.lang.Thread.run(Thread.java:750)
Caused by: org.apache.hadoop.hdds.security.x509.exception.CertificateException: Error while bootstrapping certificate.
	at org.apache.hadoop.hdds.security.x509.certificate.client.DefaultCertificateClient.createKeyPair(DefaultCertificateClient.java:993)
	at org.apache.hadoop.hdds.security.x509.certificate.client.DefaultCertificateClient.renewAndStoreKeyAndCertificate(DefaultCertificateClient.java:1208)
	... 8 more
2023-02-24 13:15:11,275 [CertificateLifetimeMonitor] ERROR client.DNCertificateClient (DefaultCertificateClient.java:createKeyPair(992)) - Error while bootstrapping certificate client.
java.io.IOException: Private key already exist.
	at org.apache.hadoop.hdds.security.x509.keys.KeyCodec.writePublicKey(KeyCodec.java:197)
	at org.apache.hadoop.hdds.security.x509.certificate.client.DefaultCertificateClient.createKeyPair(DefaultCertificateClient.java:988)
	at org.apache.hadoop.hdds.security.x509.certificate.client.DefaultCertificateClient.renewAndStoreKeyAndCertificate(DefaultCertificateClient.java:1208)
	at org.apache.hadoop.hdds.security.x509.certificate.client.DefaultCertificateClient$CertificateLifetimeMonitor.run(DefaultCertificateClient.java:1451)
	at java.util.concurrent.Executors$RunnableAdapter.call(Executors.java:511)
	at java.util.concurrent.FutureTask.runAndReset(FutureTask.java:308)
	at java.util.concurrent.ScheduledThreadPoolExecutor$ScheduledFutureTask.access$301(ScheduledThreadPoolExecutor.java:180)
	at java.util.concurrent.ScheduledThreadPoolExecutor$ScheduledFutureTask.run(ScheduledThreadPoolExecutor.java:294)
	at java.util.concurrent.ThreadPoolExecutor.runWorker(ThreadPoolExecutor.java:1149)
	at java.util.concurrent.ThreadPoolExecutor$Worker.run(ThreadPoolExecutor.java:624)
	at java.lang.Thread.run(Thread.java:750)
2023-02-24 13:15:11,275 [CertificateLifetimeMonitor] ERROR client.DNCertificateClient (DefaultCertificateClient.java:run(1461)) - Failed to renew and store key and cert. Keep using existing certificates.
org.apache.hadoop.hdds.security.x509.exception.CertificateException: Error while creating new key pair.
	at org.apache.hadoop.hdds.security.x509.certificate.client.DefaultCertificateClient.renewAndStoreKeyAndCertificate(DefaultCertificateClient.java:1210)
	at org.apache.hadoop.hdds.security.x509.certificate.client.DefaultCertificateClient$CertificateLifetimeMonitor.run(DefaultCertificateClient.java:1451)
	at java.util.concurrent.Executors$RunnableAdapter.call(Executors.java:511)
	at java.util.concurrent.FutureTask.runAndReset(FutureTask.java:308)
	at java.util.concurrent.ScheduledThreadPoolExecutor$ScheduledFutureTask.access$301(ScheduledThreadPoolExecutor.java:180)
	at java.util.concurrent.ScheduledThreadPoolExecutor$ScheduledFutureTask.run(ScheduledThreadPoolExecutor.java:294)
	at java.util.concurrent.ThreadPoolExecutor.runWorker(ThreadPoolExecutor.java:1149)
	at java.util.concurrent.ThreadPoolExecutor$Worker.run(ThreadPoolExecutor.java:624)
	at java.lang.Thread.run(Thread.java:750)
Caused by: org.apache.hadoop.hdds.security.x509.exception.CertificateException: Error while bootstrapping certificate.
	at org.apache.hadoop.hdds.security.x509.certificate.client.DefaultCertificateClient.createKeyPair(DefaultCertificateClient.java:993)
	at org.apache.hadoop.hdds.security.x509.certificate.client.DefaultCertificateClient.renewAndStoreKeyAndCertificate(DefaultCertificateClient.java:1208)
	... 8 more
2023-02-24 13:15:12,326 [CertificateLifetimeMonitor] INFO  client.DNCertificateClient (DefaultCertificateClient.java:run(1448)) - Current certificate has entered the expiry grace period PT0S. Starting renew key and certs.
2023-02-24 13:15:12,328 [CertificateLifetimeMonitor] INFO  client.DNCertificateClient (DefaultCertificateClient.java:run(1448)) - Current certificate has entered the expiry grace period PT0S. Starting renew key and certs.
2023-02-24 13:15:12,331 [CertificateLifetimeMonitor] INFO  client.DNCertificateClient (DefaultCertificateClient.java:run(1448)) - Current certificate has entered the expiry grace period PT0S. Starting renew key and certs.
2023-02-24 13:15:12,327 [CertificateLifetimeMonitor] INFO  client.DNCertificateClient (DefaultCertificateClient.java:run(1448)) - Current certificate has entered the expiry grace period PT0S. Starting renew key and certs.
2023-02-24 13:15:12,326 [CertificateLifetimeMonitor] INFO  client.DNCertificateClient (DefaultCertificateClient.java:run(1448)) - Current certificate has entered the expiry grace period PT0S. Starting renew key and certs.
2023-02-24 13:15:12,511 [CertificateLifetimeMonitor] INFO  ozone.OzoneSecurityUtil (OzoneSecurityUtil.java:getValidInetsForCurrentHost(119)) - ip:fe80:0:0:0:222:48ff:feaa:f88f%eth0 not returned.
2023-02-24 13:15:12,511 [CertificateLifetimeMonitor] INFO  ozone.OzoneSecurityUtil (OzoneSecurityUtil.java:getValidInetsForCurrentHost(116)) - Adding ip:10.1.0.29,host:fv-az201-462.yo4stti0dhyudgyjg01iu2obqd.jx.internal.cloudapp.net
2023-02-24 13:15:12,511 [CertificateLifetimeMonitor] INFO  ozone.OzoneSecurityUtil (OzoneSecurityUtil.java:getValidInetsForCurrentHost(119)) - ip:0:0:0:0:0:0:0:1%lo not returned.
2023-02-24 13:15:12,511 [CertificateLifetimeMonitor] INFO  ozone.OzoneSecurityUtil (OzoneSecurityUtil.java:getValidInetsForCurrentHost(119)) - ip:127.0.0.1 not returned.
2023-02-24 13:15:12,537 [CertificateLifetimeMonitor] INFO  client.DNCertificateClient (DNCertificateClient.java:getCSRBuilder(99)) - Created csr for DN-> subject:runner@fv-az201-462.yo4stti0dhyudgyjg01iu2obqd.jx.internal.cloudapp.net
2023-02-24 13:15:12,540 [CertificateLifetimeMonitor] ERROR client.DNCertificateClient (DefaultCertificateClient.java:run(1461)) - Failed to renew and store key and cert. Keep using existing certificates.
org.apache.hadoop.hdds.security.x509.exception.CertificateException: Error while signing and storing new certificates.
	at org.apache.hadoop.hdds.security.x509.certificate.client.DefaultCertificateClient.renewAndStoreKeyAndCertificate(DefaultCertificateClient.java:1221)
	at org.apache.hadoop.hdds.security.x509.certificate.client.DefaultCertificateClient$CertificateLifetimeMonitor.run(DefaultCertificateClient.java:1451)
	at java.util.concurrent.Executors$RunnableAdapter.call(Executors.java:511)
	at java.util.concurrent.FutureTask.runAndReset(FutureTask.java:308)
	at java.util.concurrent.ScheduledThreadPoolExecutor$ScheduledFutureTask.access$301(ScheduledThreadPoolExecutor.java:180)
	at java.util.concurrent.ScheduledThreadPoolExecutor$ScheduledFutureTask.run(ScheduledThreadPoolExecutor.java:294)
	at java.util.concurrent.ThreadPoolExecutor.runWorker(ThreadPoolExecutor.java:1149)
	at java.util.concurrent.ThreadPoolExecutor$Worker.run(ThreadPoolExecutor.java:624)
	at java.lang.Thread.run(Thread.java:750)
Caused by: org.apache.hadoop.hdds.conf.ConfigurationException: SCM Client Address could not be obtained from config. Config is not properly defined
	at org.apache.hadoop.hdds.scm.proxy.SCMSecurityProtocolFailoverProxyProvider.loadConfigs(SCMSecurityProtocolFailoverProxyProvider.java:120)
	at org.apache.hadoop.hdds.scm.proxy.SCMSecurityProtocolFailoverProxyProvider.<init>(SCMSecurityProtocolFailoverProxyProvider.java:105)
	at org.apache.hadoop.hdds.utils.HddsServerUtil.getScmSecurityClientWithMaxRetry(HddsServerUtil.java:464)
	at org.apache.hadoop.hdds.security.x509.certificate.client.DefaultCertificateClient.getScmSecureClient(DefaultCertificateClient.java:1399)
	at org.apache.hadoop.hdds.security.x509.certificate.client.DNCertificateClient.signAndStoreCertificate(DNCertificateClient.java:114)
	at org.apache.hadoop.hdds.security.x509.certificate.client.DefaultCertificateClient.renewAndStoreKeyAndCertificate(DefaultCertificateClient.java:1218)
	... 8 more
2023-02-24 13:15:12,811 [CertificateLifetimeMonitor] ERROR client.DNCertificateClient (DefaultCertificateClient.java:createKeyPair(992)) - Error while bootstrapping certificate client.
java.io.IOException: Private key already exist.
	at org.apache.hadoop.hdds.security.x509.keys.KeyCodec.writePublicKey(KeyCodec.java:197)
	at org.apache.hadoop.hdds.security.x509.certificate.client.DefaultCertificateClient.createKeyPair(DefaultCertificateClient.java:988)
	at org.apache.hadoop.hdds.security.x509.certificate.client.DefaultCertificateClient.renewAndStoreKeyAndCertificate(DefaultCertificateClient.java:1208)
	at org.apache.hadoop.hdds.security.x509.certificate.client.DefaultCertificateClient$CertificateLifetimeMonitor.run(DefaultCertificateClient.java:1451)
	at java.util.concurrent.Executors$RunnableAdapter.call(Executors.java:511)
	at java.util.concurrent.FutureTask.runAndReset(FutureTask.java:308)
	at java.util.concurrent.ScheduledThreadPoolExecutor$ScheduledFutureTask.access$301(ScheduledThreadPoolExecutor.java:180)
	at java.util.concurrent.ScheduledThreadPoolExecutor$ScheduledFutureTask.run(ScheduledThreadPoolExecutor.java:294)
	at java.util.concurrent.ThreadPoolExecutor.runWorker(ThreadPoolExecutor.java:1149)
	at java.util.concurrent.ThreadPoolExecutor$Worker.run(ThreadPoolExecutor.java:624)
	at java.lang.Thread.run(Thread.java:750)
2023-02-24 13:15:12,812 [CertificateLifetimeMonitor] ERROR client.DNCertificateClient (DefaultCertificateClient.java:createKeyPair(992)) - Error while bootstrapping certificate client.
java.io.IOException: Private key already exist.
	at org.apache.hadoop.hdds.security.x509.keys.KeyCodec.writePublicKey(KeyCodec.java:197)
	at org.apache.hadoop.hdds.security.x509.certificate.client.DefaultCertificateClient.createKeyPair(DefaultCertificateClient.java:988)
	at org.apache.hadoop.hdds.security.x509.certificate.client.DefaultCertificateClient.renewAndStoreKeyAndCertificate(DefaultCertificateClient.java:1208)
	at org.apache.hadoop.hdds.security.x509.certificate.client.DefaultCertificateClient$CertificateLifetimeMonitor.run(DefaultCertificateClient.java:1451)
	at java.util.concurrent.Executors$RunnableAdapter.call(Executors.java:511)
	at java.util.concurrent.FutureTask.runAndReset(FutureTask.java:308)
	at java.util.concurrent.ScheduledThreadPoolExecutor$ScheduledFutureTask.access$301(ScheduledThreadPoolExecutor.java:180)
	at java.util.concurrent.ScheduledThreadPoolExecutor$ScheduledFutureTask.run(ScheduledThreadPoolExecutor.java:294)
	at java.util.concurrent.ThreadPoolExecutor.runWorker(ThreadPoolExecutor.java:1149)
	at java.util.concurrent.ThreadPoolExecutor$Worker.run(ThreadPoolExecutor.java:624)
	at java.lang.Thread.run(Thread.java:750)
2023-02-24 13:15:12,812 [CertificateLifetimeMonitor] ERROR client.DNCertificateClient (DefaultCertificateClient.java:run(1461)) - Failed to renew and store key and cert. Keep using existing certificates.
org.apache.hadoop.hdds.security.x509.exception.CertificateException: Error while creating new key pair.
	at org.apache.hadoop.hdds.security.x509.certificate.client.DefaultCertificateClient.renewAndStoreKeyAndCertificate(DefaultCertificateClient.java:1210)
	at org.apache.hadoop.hdds.security.x509.certificate.client.DefaultCertificateClient$CertificateLifetimeMonitor.run(DefaultCertificateClient.java:1451)
	at java.util.concurrent.Executors$RunnableAdapter.call(Executors.java:511)
	at java.util.concurrent.FutureTask.runAndReset(FutureTask.java:308)
	at java.util.concurrent.ScheduledThreadPoolExecutor$ScheduledFutureTask.access$301(ScheduledThreadPoolExecutor.java:180)
	at java.util.concurrent.ScheduledThreadPoolExecutor$ScheduledFutureTask.run(ScheduledThreadPoolExecutor.java:294)
	at java.util.concurrent.ThreadPoolExecutor.runWorker(ThreadPoolExecutor.java:1149)
	at java.util.concurrent.ThreadPoolExecutor$Worker.run(ThreadPoolExecutor.java:624)
	at java.lang.Thread.run(Thread.java:750)
Caused by: org.apache.hadoop.hdds.security.x509.exception.CertificateException: Error while bootstrapping certificate.
	at org.apache.hadoop.hdds.security.x509.certificate.client.DefaultCertificateClient.createKeyPair(DefaultCertificateClient.java:993)
	at org.apache.hadoop.hdds.security.x509.certificate.client.DefaultCertificateClient.renewAndStoreKeyAndCertificate(DefaultCertificateClient.java:1208)
	... 8 more
2023-02-24 13:15:12,814 [CertificateLifetimeMonitor] ERROR client.DNCertificateClient (DefaultCertificateClient.java:run(1461)) - Failed to renew and store key and cert. Keep using existing certificates.
org.apache.hadoop.hdds.security.x509.exception.CertificateException: Error while creating new key pair.
	at org.apache.hadoop.hdds.security.x509.certificate.client.DefaultCertificateClient.renewAndStoreKeyAndCertificate(DefaultCertificateClient.java:1210)
	at org.apache.hadoop.hdds.security.x509.certificate.client.DefaultCertificateClient$CertificateLifetimeMonitor.run(DefaultCertificateClient.java:1451)
	at java.util.concurrent.Executors$RunnableAdapter.call(Executors.java:511)
	at java.util.concurrent.FutureTask.runAndReset(FutureTask.java:308)
	at java.util.concurrent.ScheduledThreadPoolExecutor$ScheduledFutureTask.access$301(ScheduledThreadPoolExecutor.java:180)
	at java.util.concurrent.ScheduledThreadPoolExecutor$ScheduledFutureTask.run(ScheduledThreadPoolExecutor.java:294)
	at java.util.concurrent.ThreadPoolExecutor.runWorker(ThreadPoolExecutor.java:1149)
	at java.util.concurrent.ThreadPoolExecutor$Worker.run(ThreadPoolExecutor.java:624)
	at java.lang.Thread.run(Thread.java:750)
Caused by: org.apache.hadoop.hdds.security.x509.exception.CertificateException: Error while bootstrapping certificate.
	at org.apache.hadoop.hdds.security.x509.certificate.client.DefaultCertificateClient.createKeyPair(DefaultCertificateClient.java:993)
	at org.apache.hadoop.hdds.security.x509.certificate.client.DefaultCertificateClient.renewAndStoreKeyAndCertificate(DefaultCertificateClient.java:1208)
	... 8 more
2023-02-24 13:15:12,904 [CertificateLifetimeMonitor] ERROR client.DNCertificateClient (DefaultCertificateClient.java:createKeyPair(992)) - Error while bootstrapping certificate client.
java.io.IOException: Private key already exist.
	at org.apache.hadoop.hdds.security.x509.keys.KeyCodec.writePublicKey(KeyCodec.java:197)
	at org.apache.hadoop.hdds.security.x509.certificate.client.DefaultCertificateClient.createKeyPair(DefaultCertificateClient.java:988)
	at org.apache.hadoop.hdds.security.x509.certificate.client.DefaultCertificateClient.renewAndStoreKeyAndCertificate(DefaultCertificateClient.java:1208)
	at org.apache.hadoop.hdds.security.x509.certificate.client.DefaultCertificateClient$CertificateLifetimeMonitor.run(DefaultCertificateClient.java:1451)
	at java.util.concurrent.Executors$RunnableAdapter.call(Executors.java:511)
	at java.util.concurrent.FutureTask.runAndReset(FutureTask.java:308)
	at java.util.concurrent.ScheduledThreadPoolExecutor$ScheduledFutureTask.access$301(ScheduledThreadPoolExecutor.java:180)
	at java.util.concurrent.ScheduledThreadPoolExecutor$ScheduledFutureTask.run(ScheduledThreadPoolExecutor.java:294)
	at java.util.concurrent.ThreadPoolExecutor.runWorker(ThreadPoolExecutor.java:1149)
	at java.util.concurrent.ThreadPoolExecutor$Worker.run(ThreadPoolExecutor.java:624)
	at java.lang.Thread.run(Thread.java:750)
2023-02-24 13:15:12,905 [CertificateLifetimeMonitor] ERROR client.DNCertificateClient (DefaultCertificateClient.java:run(1461)) - Failed to renew and store key and cert. Keep using existing certificates.
org.apache.hadoop.hdds.security.x509.exception.CertificateException: Error while creating new key pair.
	at org.apache.hadoop.hdds.security.x509.certificate.client.DefaultCertificateClient.renewAndStoreKeyAndCertificate(DefaultCertificateClient.java:1210)
	at org.apache.hadoop.hdds.security.x509.certificate.client.DefaultCertificateClient$CertificateLifetimeMonitor.run(DefaultCertificateClient.java:1451)
	at java.util.concurrent.Executors$RunnableAdapter.call(Executors.java:511)
	at java.util.concurrent.FutureTask.runAndReset(FutureTask.java:308)
	at java.util.concurrent.ScheduledThreadPoolExecutor$ScheduledFutureTask.access$301(ScheduledThreadPoolExecutor.java:180)
	at java.util.concurrent.ScheduledThreadPoolExecutor$ScheduledFutureTask.run(ScheduledThreadPoolExecutor.java:294)
	at java.util.concurrent.ThreadPoolExecutor.runWorker(ThreadPoolExecutor.java:1149)
	at java.util.concurrent.ThreadPoolExecutor$Worker.run(ThreadPoolExecutor.java:624)
	at java.lang.Thread.run(Thread.java:750)
Caused by: org.apache.hadoop.hdds.security.x509.exception.CertificateException: Error while bootstrapping certificate.
	at org.apache.hadoop.hdds.security.x509.certificate.client.DefaultCertificateClient.createKeyPair(DefaultCertificateClient.java:993)
	at org.apache.hadoop.hdds.security.x509.certificate.client.DefaultCertificateClient.renewAndStoreKeyAndCertificate(DefaultCertificateClient.java:1208)
	... 8 more
2023-02-24 13:15:12,968 [CertificateLifetimeMonitor] ERROR client.DNCertificateClient (DefaultCertificateClient.java:createKeyPair(992)) - Error while bootstrapping certificate client.
java.io.IOException: Private key already exist.
	at org.apache.hadoop.hdds.security.x509.keys.KeyCodec.writePublicKey(KeyCodec.java:197)
	at org.apache.hadoop.hdds.security.x509.certificate.client.DefaultCertificateClient.createKeyPair(DefaultCertificateClient.java:988)
	at org.apache.hadoop.hdds.security.x509.certificate.client.DefaultCertificateClient.renewAndStoreKeyAndCertificate(DefaultCertificateClient.java:1208)
	at org.apache.hadoop.hdds.security.x509.certificate.client.DefaultCertificateClient$CertificateLifetimeMonitor.run(DefaultCertificateClient.java:1451)
	at java.util.concurrent.Executors$RunnableAdapter.call(Executors.java:511)
	at java.util.concurrent.FutureTask.runAndReset(FutureTask.java:308)
	at java.util.concurrent.ScheduledThreadPoolExecutor$ScheduledFutureTask.access$301(ScheduledThreadPoolExecutor.java:180)
	at java.util.concurrent.ScheduledThreadPoolExecutor$ScheduledFutureTask.run(ScheduledThreadPoolExecutor.java:294)
	at java.util.concurrent.ThreadPoolExecutor.runWorker(ThreadPoolExecutor.java:1149)
	at java.util.concurrent.ThreadPoolExecutor$Worker.run(ThreadPoolExecutor.java:624)
	at java.lang.Thread.run(Thread.java:750)
2023-02-24 13:15:12,969 [CertificateLifetimeMonitor] ERROR client.DNCertificateClient (DefaultCertificateClient.java:run(1461)) - Failed to renew and store key and cert. Keep using existing certificates.
org.apache.hadoop.hdds.security.x509.exception.CertificateException: Error while creating new key pair.
	at org.apache.hadoop.hdds.security.x509.certificate.client.DefaultCertificateClient.renewAndStoreKeyAndCertificate(DefaultCertificateClient.java:1210)
	at org.apache.hadoop.hdds.security.x509.certificate.client.DefaultCertificateClient$CertificateLifetimeMonitor.run(DefaultCertificateClient.java:1451)
	at java.util.concurrent.Executors$RunnableAdapter.call(Executors.java:511)
	at java.util.concurrent.FutureTask.runAndReset(FutureTask.java:308)
	at java.util.concurrent.ScheduledThreadPoolExecutor$ScheduledFutureTask.access$301(ScheduledThreadPoolExecutor.java:180)
	at java.util.concurrent.ScheduledThreadPoolExecutor$ScheduledFutureTask.run(ScheduledThreadPoolExecutor.java:294)
	at java.util.concurrent.ThreadPoolExecutor.runWorker(ThreadPoolExecutor.java:1149)
	at java.util.concurrent.ThreadPoolExecutor$Worker.run(ThreadPoolExecutor.java:624)
	at java.lang.Thread.run(Thread.java:750)
Caused by: org.apache.hadoop.hdds.security.x509.exception.CertificateException: Error while bootstrapping certificate.
	at org.apache.hadoop.hdds.security.x509.certificate.client.DefaultCertificateClient.createKeyPair(DefaultCertificateClient.java:993)
	at org.apache.hadoop.hdds.security.x509.certificate.client.DefaultCertificateClient.renewAndStoreKeyAndCertificate(DefaultCertificateClient.java:1208)
	... 8 more
2023-02-24 13:15:13,992 [CertificateLifetimeMonitor] INFO  client.DNCertificateClient (DefaultCertificateClient.java:run(1448)) - Current certificate has entered the expiry grace period PT0S. Starting renew key and certs.
2023-02-24 13:15:13,992 [CertificateLifetimeMonitor] INFO  client.DNCertificateClient (DefaultCertificateClient.java:run(1448)) - Current certificate has entered the expiry grace period PT0S. Starting renew key and certs.
2023-02-24 13:15:13,992 [CertificateLifetimeMonitor] INFO  client.DNCertificateClient (DefaultCertificateClient.java:run(1448)) - Current certificate has entered the expiry grace period PT0S. Starting renew key and certs.
2023-02-24 13:15:13,993 [CertificateLifetimeMonitor] ERROR client.DNCertificateClient (DefaultCertificateClient.java:run(1461)) - Failed to renew and store key and cert. Keep using existing certificates.
org.apache.hadoop.hdds.security.x509.exception.CertificateException: Error while deleting/creating /home/runner/work/ozone/ozone/hadoop-hdds/container-service/target/test-dir/B1tFvJdgJa/dn/keys-next or /home/runner/work/ozone/ozone/hadoop-hdds/container-service/target/test-dir/B1tFvJdgJa/dn/certs-next directories to cleanup  certificate storage. 
	at org.apache.hadoop.hdds.security.x509.certificate.client.DefaultCertificateClient.renewAndStoreKeyAndCertificate(DefaultCertificateClient.java:1199)
	at org.apache.hadoop.hdds.security.x509.certificate.client.DefaultCertificateClient$CertificateLifetimeMonitor.run(DefaultCertificateClient.java:1451)
	at java.util.concurrent.Executors$RunnableAdapter.call(Executors.java:511)
	at java.util.concurrent.FutureTask.runAndReset(FutureTask.java:308)
	at java.util.concurrent.ScheduledThreadPoolExecutor$ScheduledFutureTask.access$301(ScheduledThreadPoolExecutor.java:180)
	at java.util.concurrent.ScheduledThreadPoolExecutor$ScheduledFutureTask.run(ScheduledThreadPoolExecutor.java:294)
	at java.util.concurrent.ThreadPoolExecutor.runWorker(ThreadPoolExecutor.java:1149)
	at java.util.concurrent.ThreadPoolExecutor$Worker.run(ThreadPoolExecutor.java:624)
	at java.lang.Thread.run(Thread.java:750)
Caused by: org.apache.commons.io.IOExceptionList: /home/runner/work/ozone/ozone/hadoop-hdds/container-service/target/test-dir/B1tFvJdgJa/dn/keys-next
	at org.apache.commons.io.FileUtils.cleanDirectory(FileUtils.java:331)
	at org.apache.commons.io.FileUtils.deleteDirectory(FileUtils.java:1192)
	at org.apache.hadoop.hdds.security.x509.certificate.client.DefaultCertificateClient.renewAndStoreKeyAndCertificate(DefaultCertificateClient.java:1194)
	... 8 more
Caused by: java.io.IOException: Cannot delete file: /home/runner/work/ozone/ozone/hadoop-hdds/container-service/target/test-dir/B1tFvJdgJa/dn/keys-next/private.pem
	at org.apache.commons.io.FileUtils.forceDelete(FileUtils.java:1344)
	at org.apache.commons.io.FileUtils.cleanDirectory(FileUtils.java:324)
	... 10 more
Caused by: java.nio.file.NoSuchFileException: /home/runner/work/ozone/ozone/hadoop-hdds/container-service/target/test-dir/B1tFvJdgJa/dn/keys-next/private.pem
	at sun.nio.fs.UnixException.translateToIOException(UnixException.java:86)
	at sun.nio.fs.UnixException.rethrowAsIOException(UnixException.java:102)
	at sun.nio.fs.UnixException.rethrowAsIOException(UnixException.java:107)
	at sun.nio.fs.UnixFileAttributeViews$Posix.readAttributes(UnixFileAttributeViews.java:218)
	at sun.nio.fs.UnixFileAttributeViews$Posix.readAttributes(UnixFileAttributeViews.java:131)
	at org.apache.commons.io.file.PathUtils.setReadOnly(PathUtils.java:927)
	at org.apache.commons.io.file.PathUtils.deleteFile(PathUtils.java:485)
	at org.apache.commons.io.file.PathUtils.delete(PathUtils.java:392)
	at org.apache.commons.io.FileUtils.forceDelete(FileUtils.java:1341)
	... 11 more
2023-02-24 13:15:14,009 [CertificateLifetimeMonitor] INFO  client.DNCertificateClient (DefaultCertificateClient.java:run(1448)) - Current certificate has entered the expiry grace period PT0S. Starting renew key and certs.
2023-02-24 13:15:14,009 [CertificateLifetimeMonitor] INFO  client.DNCertificateClient (DefaultCertificateClient.java:run(1448)) - Current certificate has entered the expiry grace period PT0S. Starting renew key and certs.
2023-02-24 13:15:14,433 [CertificateLifetimeMonitor] INFO  ozone.OzoneSecurityUtil (OzoneSecurityUtil.java:getValidInetsForCurrentHost(119)) - ip:fe80:0:0:0:222:48ff:feaa:f88f%eth0 not returned.
2023-02-24 13:15:14,433 [CertificateLifetimeMonitor] INFO  ozone.OzoneSecurityUtil (OzoneSecurityUtil.java:getValidInetsForCurrentHost(116)) - Adding ip:10.1.0.29,host:fv-az201-462.yo4stti0dhyudgyjg01iu2obqd.jx.internal.cloudapp.net
2023-02-24 13:15:14,433 [CertificateLifetimeMonitor] INFO  ozone.OzoneSecurityUtil (OzoneSecurityUtil.java:getValidInetsForCurrentHost(119)) - ip:0:0:0:0:0:0:0:1%lo not returned.
2023-02-24 13:15:14,434 [CertificateLifetimeMonitor] INFO  ozone.OzoneSecurityUtil (OzoneSecurityUtil.java:getValidInetsForCurrentHost(119)) - ip:127.0.0.1 not returned.
2023-02-24 13:15:14,434 [CertificateLifetimeMonitor] INFO  client.DNCertificateClient (DNCertificateClient.java:getCSRBuilder(99)) - Created csr for DN-> subject:runner@fv-az201-462.yo4stti0dhyudgyjg01iu2obqd.jx.internal.cloudapp.net
2023-02-24 13:15:14,438 [CertificateLifetimeMonitor] ERROR client.DNCertificateClient (DefaultCertificateClient.java:run(1461)) - Failed to renew and store key and cert. Keep using existing certificates.
org.apache.hadoop.hdds.security.x509.exception.CertificateException: Error while signing and storing new certificates.
	at org.apache.hadoop.hdds.security.x509.certificate.client.DefaultCertificateClient.renewAndStoreKeyAndCertificate(DefaultCertificateClient.java:1221)
	at org.apache.hadoop.hdds.security.x509.certificate.client.DefaultCertificateClient$CertificateLifetimeMonitor.run(DefaultCertificateClient.java:1451)
	at java.util.concurrent.Executors$RunnableAdapter.call(Executors.java:511)
	at java.util.concurrent.FutureTask.runAndReset(FutureTask.java:308)
	at java.util.concurrent.ScheduledThreadPoolExecutor$ScheduledFutureTask.access$301(ScheduledThreadPoolExecutor.java:180)
	at java.util.concurrent.ScheduledThreadPoolExecutor$ScheduledFutureTask.run(ScheduledThreadPoolExecutor.java:294)
	at java.util.concurrent.ThreadPoolExecutor.runWorker(ThreadPoolExecutor.java:1149)
	at java.util.concurrent.ThreadPoolExecutor$Worker.run(ThreadPoolExecutor.java:624)
	at java.lang.Thread.run(Thread.java:750)
Caused by: org.apache.hadoop.hdds.conf.ConfigurationException: SCM Client Address could not be obtained from config. Config is not properly defined
	at org.apache.hadoop.hdds.scm.proxy.SCMSecurityProtocolFailoverProxyProvider.loadConfigs(SCMSecurityProtocolFailoverProxyProvider.java:120)
	at org.apache.hadoop.hdds.scm.proxy.SCMSecurityProtocolFailoverProxyProvider.<init>(SCMSecurityProtocolFailoverProxyProvider.java:105)
	at org.apache.hadoop.hdds.utils.HddsServerUtil.getScmSecurityClientWithMaxRetry(HddsServerUtil.java:464)
	at org.apache.hadoop.hdds.security.x509.certificate.client.DefaultCertificateClient.getScmSecureClient(DefaultCertificateClient.java:1399)
	at org.apache.hadoop.hdds.security.x509.certificate.client.DNCertificateClient.signAndStoreCertificate(DNCertificateClient.java:114)
	at org.apache.hadoop.hdds.security.x509.certificate.client.DefaultCertificateClient.renewAndStoreKeyAndCertificate(DefaultCertificateClient.java:1218)
	... 8 more
2023-02-24 13:15:14,465 [CertificateLifetimeMonitor] ERROR client.DNCertificateClient (DefaultCertificateClient.java:createKeyPair(992)) - Error while bootstrapping certificate client.
java.io.IOException: Private key already exist.
	at org.apache.hadoop.hdds.security.x509.keys.KeyCodec.writePublicKey(KeyCodec.java:197)
	at org.apache.hadoop.hdds.security.x509.certificate.client.DefaultCertificateClient.createKeyPair(DefaultCertificateClient.java:988)
	at org.apache.hadoop.hdds.security.x509.certificate.client.DefaultCertificateClient.renewAndStoreKeyAndCertificate(DefaultCertificateClient.java:1208)
	at org.apache.hadoop.hdds.security.x509.certificate.client.DefaultCertificateClient$CertificateLifetimeMonitor.run(DefaultCertificateClient.java:1451)
	at java.util.concurrent.Executors$RunnableAdapter.call(Executors.java:511)
	at java.util.concurrent.FutureTask.runAndReset(FutureTask.java:308)
	at java.util.concurrent.ScheduledThreadPoolExecutor$ScheduledFutureTask.access$301(ScheduledThreadPoolExecutor.java:180)
	at java.util.concurrent.ScheduledThreadPoolExecutor$ScheduledFutureTask.run(ScheduledThreadPoolExecutor.java:294)
	at java.util.concurrent.ThreadPoolExecutor.runWorker(ThreadPoolExecutor.java:1149)
	at java.util.concurrent.ThreadPoolExecutor$Worker.run(ThreadPoolExecutor.java:624)
	at java.lang.Thread.run(Thread.java:750)
2023-02-24 13:15:14,465 [CertificateLifetimeMonitor] ERROR client.DNCertificateClient (DefaultCertificateClient.java:run(1461)) - Failed to renew and store key and cert. Keep using existing certificates.
org.apache.hadoop.hdds.security.x509.exception.CertificateException: Error while creating new key pair.
	at org.apache.hadoop.hdds.security.x509.certificate.client.DefaultCertificateClient.renewAndStoreKeyAndCertificate(DefaultCertificateClient.java:1210)
	at org.apache.hadoop.hdds.security.x509.certificate.client.DefaultCertificateClient$CertificateLifetimeMonitor.run(DefaultCertificateClient.java:1451)
	at java.util.concurrent.Executors$RunnableAdapter.call(Executors.java:511)
	at java.util.concurrent.FutureTask.runAndReset(FutureTask.java:308)
	at java.util.concurrent.ScheduledThreadPoolExecutor$ScheduledFutureTask.access$301(ScheduledThreadPoolExecutor.java:180)
	at java.util.concurrent.ScheduledThreadPoolExecutor$ScheduledFutureTask.run(ScheduledThreadPoolExecutor.java:294)
	at java.util.concurrent.ThreadPoolExecutor.runWorker(ThreadPoolExecutor.java:1149)
	at java.util.concurrent.ThreadPoolExecutor$Worker.run(ThreadPoolExecutor.java:624)
	at java.lang.Thread.run(Thread.java:750)
Caused by: org.apache.hadoop.hdds.security.x509.exception.CertificateException: Error while bootstrapping certificate.
	at org.apache.hadoop.hdds.security.x509.certificate.client.DefaultCertificateClient.createKeyPair(DefaultCertificateClient.java:993)
	at org.apache.hadoop.hdds.security.x509.certificate.client.DefaultCertificateClient.renewAndStoreKeyAndCertificate(DefaultCertificateClient.java:1208)
	... 8 more
2023-02-24 13:15:14,477 [CertificateLifetimeMonitor] ERROR client.DNCertificateClient (DefaultCertificateClient.java:createKeyPair(992)) - Error while bootstrapping certificate client.
java.io.IOException: Private key already exist.
	at org.apache.hadoop.hdds.security.x509.keys.KeyCodec.writePublicKey(KeyCodec.java:197)
	at org.apache.hadoop.hdds.security.x509.certificate.client.DefaultCertificateClient.createKeyPair(DefaultCertificateClient.java:988)
	at org.apache.hadoop.hdds.security.x509.certificate.client.DefaultCertificateClient.renewAndStoreKeyAndCertificate(DefaultCertificateClient.java:1208)
	at org.apache.hadoop.hdds.security.x509.certificate.client.DefaultCertificateClient$CertificateLifetimeMonitor.run(DefaultCertificateClient.java:1451)
	at java.util.concurrent.Executors$RunnableAdapter.call(Executors.java:511)
	at java.util.concurrent.FutureTask.runAndReset(FutureTask.java:308)
	at java.util.concurrent.ScheduledThreadPoolExecutor$ScheduledFutureTask.access$301(ScheduledThreadPoolExecutor.java:180)
	at java.util.concurrent.ScheduledThreadPoolExecutor$ScheduledFutureTask.run(ScheduledThreadPoolExecutor.java:294)
	at java.util.concurrent.ThreadPoolExecutor.runWorker(ThreadPoolExecutor.java:1149)
	at java.util.concurrent.ThreadPoolExecutor$Worker.run(ThreadPoolExecutor.java:624)
	at java.lang.Thread.run(Thread.java:750)
2023-02-24 13:15:14,477 [CertificateLifetimeMonitor] ERROR client.DNCertificateClient (DefaultCertificateClient.java:run(1461)) - Failed to renew and store key and cert. Keep using existing certificates.
org.apache.hadoop.hdds.security.x509.exception.CertificateException: Error while creating new key pair.
	at org.apache.hadoop.hdds.security.x509.certificate.client.DefaultCertificateClient.renewAndStoreKeyAndCertificate(DefaultCertificateClient.java:1210)
	at org.apache.hadoop.hdds.security.x509.certificate.client.DefaultCertificateClient$CertificateLifetimeMonitor.run(DefaultCertificateClient.java:1451)
	at java.util.concurrent.Executors$RunnableAdapter.call(Executors.java:511)
	at java.util.concurrent.FutureTask.runAndReset(FutureTask.java:308)
	at java.util.concurrent.ScheduledThreadPoolExecutor$ScheduledFutureTask.access$301(ScheduledThreadPoolExecutor.java:180)
	at java.util.concurrent.ScheduledThreadPoolExecutor$ScheduledFutureTask.run(ScheduledThreadPoolExecutor.java:294)
	at java.util.concurrent.ThreadPoolExecutor.runWorker(ThreadPoolExecutor.java:1149)
	at java.util.concurrent.ThreadPoolExecutor$Worker.run(ThreadPoolExecutor.java:624)
	at java.lang.Thread.run(Thread.java:750)
Caused by: org.apache.hadoop.hdds.security.x509.exception.CertificateException: Error while bootstrapping certificate.
	at org.apache.hadoop.hdds.security.x509.certificate.client.DefaultCertificateClient.createKeyPair(DefaultCertificateClient.java:993)
	at org.apache.hadoop.hdds.security.x509.certificate.client.DefaultCertificateClient.renewAndStoreKeyAndCertificate(DefaultCertificateClient.java:1208)
	... 8 more
2023-02-24 13:15:14,497 [CertificateLifetimeMonitor] ERROR client.DNCertificateClient (DefaultCertificateClient.java:createKeyPair(992)) - Error while bootstrapping certificate client.
java.io.IOException: Private key already exist.
	at org.apache.hadoop.hdds.security.x509.keys.KeyCodec.writePublicKey(KeyCodec.java:197)
	at org.apache.hadoop.hdds.security.x509.certificate.client.DefaultCertificateClient.createKeyPair(DefaultCertificateClient.java:988)
	at org.apache.hadoop.hdds.security.x509.certificate.client.DefaultCertificateClient.renewAndStoreKeyAndCertificate(DefaultCertificateClient.java:1208)
	at org.apache.hadoop.hdds.security.x509.certificate.client.DefaultCertificateClient$CertificateLifetimeMonitor.run(DefaultCertificateClient.java:1451)
	at java.util.concurrent.Executors$RunnableAdapter.call(Executors.java:511)
	at java.util.concurrent.FutureTask.runAndReset(FutureTask.java:308)
	at java.util.concurrent.ScheduledThreadPoolExecutor$ScheduledFutureTask.access$301(ScheduledThreadPoolExecutor.java:180)
	at java.util.concurrent.ScheduledThreadPoolExecutor$ScheduledFutureTask.run(ScheduledThreadPoolExecutor.java:294)
	at java.util.concurrent.ThreadPoolExecutor.runWorker(ThreadPoolExecutor.java:1149)
	at java.util.concurrent.ThreadPoolExecutor$Worker.run(ThreadPoolExecutor.java:624)
	at java.lang.Thread.run(Thread.java:750)
2023-02-24 13:15:14,497 [CertificateLifetimeMonitor] ERROR client.DNCertificateClient (DefaultCertificateClient.java:run(1461)) - Failed to renew and store key and cert. Keep using existing certificates.
org.apache.hadoop.hdds.security.x509.exception.CertificateException: Error while creating new key pair.
	at org.apache.hadoop.hdds.security.x509.certificate.client.DefaultCertificateClient.renewAndStoreKeyAndCertificate(DefaultCertificateClient.java:1210)
	at org.apache.hadoop.hdds.security.x509.certificate.client.DefaultCertificateClient$CertificateLifetimeMonitor.run(DefaultCertificateClient.java:1451)
	at java.util.concurrent.Executors$RunnableAdapter.call(Executors.java:511)
	at java.util.concurrent.FutureTask.runAndReset(FutureTask.java:308)
	at java.util.concurrent.ScheduledThreadPoolExecutor$ScheduledFutureTask.access$301(ScheduledThreadPoolExecutor.java:180)
	at java.util.concurrent.ScheduledThreadPoolExecutor$ScheduledFutureTask.run(ScheduledThreadPoolExecutor.java:294)
	at java.util.concurrent.ThreadPoolExecutor.runWorker(ThreadPoolExecutor.java:1149)
	at java.util.concurrent.ThreadPoolExecutor$Worker.run(ThreadPoolExecutor.java:624)
	at java.lang.Thread.run(Thread.java:750)
Caused by: org.apache.hadoop.hdds.security.x509.exception.CertificateException: Error while bootstrapping certificate.
	at org.apache.hadoop.hdds.security.x509.certificate.client.DefaultCertificateClient.createKeyPair(DefaultCertificateClient.java:993)
	at org.apache.hadoop.hdds.security.x509.certificate.client.DefaultCertificateClient.renewAndStoreKeyAndCertificate(DefaultCertificateClient.java:1208)
	... 8 more
2023-02-24 13:15:15,658 [CertificateLifetimeMonitor] INFO  client.DNCertificateClient (DefaultCertificateClient.java:run(1448)) - Current certificate has entered the expiry grace period PT0S. Starting renew key and certs.
2023-02-24 13:15:15,658 [CertificateLifetimeMonitor] INFO  client.DNCertificateClient (DefaultCertificateClient.java:run(1448)) - Current certificate has entered the expiry grace period PT0S. Starting renew key and certs.
2023-02-24 13:15:15,659 [CertificateLifetimeMonitor] ERROR client.DNCertificateClient (DefaultCertificateClient.java:run(1461)) - Failed to renew and store key and cert. Keep using existing certificates.
org.apache.hadoop.hdds.security.x509.exception.CertificateException: Error while deleting/creating /home/runner/work/ozone/ozone/hadoop-hdds/container-service/target/test-dir/B1tFvJdgJa/dn/keys-next or /home/runner/work/ozone/ozone/hadoop-hdds/container-service/target/test-dir/B1tFvJdgJa/dn/certs-next directories to cleanup  certificate storage. 
	at org.apache.hadoop.hdds.security.x509.certificate.client.DefaultCertificateClient.renewAndStoreKeyAndCertificate(DefaultCertificateClient.java:1199)
	at org.apache.hadoop.hdds.security.x509.certificate.client.DefaultCertificateClient$CertificateLifetimeMonitor.run(DefaultCertificateClient.java:1451)
	at java.util.concurrent.Executors$RunnableAdapter.call(Executors.java:511)
	at java.util.concurrent.FutureTask.runAndReset(FutureTask.java:308)
	at java.util.concurrent.ScheduledThreadPoolExecutor$ScheduledFutureTask.access$301(ScheduledThreadPoolExecutor.java:180)
	at java.util.concurrent.ScheduledThreadPoolExecutor$ScheduledFutureTask.run(ScheduledThreadPoolExecutor.java:294)
	at java.util.concurrent.ThreadPoolExecutor.runWorker(ThreadPoolExecutor.java:1149)
	at java.util.concurrent.ThreadPoolExecutor$Worker.run(ThreadPoolExecutor.java:624)
	at java.lang.Thread.run(Thread.java:750)
Caused by: org.apache.commons.io.IOExceptionList: /home/runner/work/ozone/ozone/hadoop-hdds/container-service/target/test-dir/B1tFvJdgJa/dn/keys-next
	at org.apache.commons.io.FileUtils.cleanDirectory(FileUtils.java:331)
	at org.apache.commons.io.FileUtils.deleteDirectory(FileUtils.java:1192)
	at org.apache.hadoop.hdds.security.x509.certificate.client.DefaultCertificateClient.renewAndStoreKeyAndCertificate(DefaultCertificateClient.java:1194)
	... 8 more
Caused by: java.io.FileNotFoundException: File does not exist: /home/runner/work/ozone/ozone/hadoop-hdds/container-service/target/test-dir/B1tFvJdgJa/dn/keys-next/private.pem
	at org.apache.commons.io.FileUtils.forceDelete(FileUtils.java:1349)
	at org.apache.commons.io.FileUtils.cleanDirectory(FileUtils.java:324)
	... 10 more
2023-02-24 13:15:15,658 [CertificateLifetimeMonitor] INFO  client.DNCertificateClient (DefaultCertificateClient.java:run(1448)) - Current certificate has entered the expiry grace period PT0S. Starting renew key and certs.
2023-02-24 13:15:15,661 [CertificateLifetimeMonitor] INFO  client.DNCertificateClient (DefaultCertificateClient.java:run(1448)) - Current certificate has entered the expiry grace period PT0S. Starting renew key and certs.
2023-02-24 13:15:15,668 [CertificateLifetimeMonitor] INFO  client.DNCertificateClient (DefaultCertificateClient.java:run(1448)) - Current certificate has entered the expiry grace period PT0S. Starting renew key and certs.
2023-02-24 13:15:15,772 [CertificateLifetimeMonitor] INFO  ozone.OzoneSecurityUtil (OzoneSecurityUtil.java:getValidInetsForCurrentHost(119)) - ip:fe80:0:0:0:222:48ff:feaa:f88f%eth0 not returned.
2023-02-24 13:15:15,772 [CertificateLifetimeMonitor] INFO  ozone.OzoneSecurityUtil (OzoneSecurityUtil.java:getValidInetsForCurrentHost(116)) - Adding ip:10.1.0.29,host:fv-az201-462.yo4stti0dhyudgyjg01iu2obqd.jx.internal.cloudapp.net
2023-02-24 13:15:15,772 [CertificateLifetimeMonitor] INFO  ozone.OzoneSecurityUtil (OzoneSecurityUtil.java:getValidInetsForCurrentHost(119)) - ip:0:0:0:0:0:0:0:1%lo not returned.
2023-02-24 13:15:15,772 [CertificateLifetimeMonitor] INFO  ozone.OzoneSecurityUtil (OzoneSecurityUtil.java:getValidInetsForCurrentHost(119)) - ip:127.0.0.1 not returned.
2023-02-24 13:15:15,773 [CertificateLifetimeMonitor] INFO  client.DNCertificateClient (DNCertificateClient.java:getCSRBuilder(99)) - Created csr for DN-> subject:runner@fv-az201-462.yo4stti0dhyudgyjg01iu2obqd.jx.internal.cloudapp.net
2023-02-24 13:15:15,781 [CertificateLifetimeMonitor] ERROR client.DNCertificateClient (DefaultCertificateClient.java:run(1461)) - Failed to renew and store key and cert. Keep using existing certificates.
org.apache.hadoop.hdds.security.x509.exception.CertificateException: Error while signing and storing new certificates.
	at org.apache.hadoop.hdds.security.x509.certificate.client.DefaultCertificateClient.renewAndStoreKeyAndCertificate(DefaultCertificateClient.java:1221)
	at org.apache.hadoop.hdds.security.x509.certificate.client.DefaultCertificateClient$CertificateLifetimeMonitor.run(DefaultCertificateClient.java:1451)
	at java.util.concurrent.Executors$RunnableAdapter.call(Executors.java:511)
	at java.util.concurrent.FutureTask.runAndReset(FutureTask.java:308)
	at java.util.concurrent.ScheduledThreadPoolExecutor$ScheduledFutureTask.access$301(ScheduledThreadPoolExecutor.java:180)
	at java.util.concurrent.ScheduledThreadPoolExecutor$ScheduledFutureTask.run(ScheduledThreadPoolExecutor.java:294)
	at java.util.concurrent.ThreadPoolExecutor.runWorker(ThreadPoolExecutor.java:1149)
	at java.util.concurrent.ThreadPoolExecutor$Worker.run(ThreadPoolExecutor.java:624)
	at java.lang.Thread.run(Thread.java:750)
Caused by: org.apache.hadoop.hdds.conf.ConfigurationException: SCM Client Address could not be obtained from config. Config is not properly defined
	at org.apache.hadoop.hdds.scm.proxy.SCMSecurityProtocolFailoverProxyProvider.loadConfigs(SCMSecurityProtocolFailoverProxyProvider.java:120)
	at org.apache.hadoop.hdds.scm.proxy.SCMSecurityProtocolFailoverProxyProvider.<init>(SCMSecurityProtocolFailoverProxyProvider.java:105)
	at org.apache.hadoop.hdds.utils.HddsServerUtil.getScmSecurityClientWithMaxRetry(HddsServerUtil.java:464)
	at org.apache.hadoop.hdds.security.x509.certificate.client.DefaultCertificateClient.getScmSecureClient(DefaultCertificateClient.java:1399)
	at org.apache.hadoop.hdds.security.x509.certificate.client.DNCertificateClient.signAndStoreCertificate(DNCertificateClient.java:114)
	at org.apache.hadoop.hdds.security.x509.certificate.client.DefaultCertificateClient.renewAndStoreKeyAndCertificate(DefaultCertificateClient.java:1218)
	... 8 more
2023-02-24 13:15:15,841 [CertificateLifetimeMonitor] ERROR client.DNCertificateClient (DefaultCertificateClient.java:createKeyPair(992)) - Error while bootstrapping certificate client.
java.io.IOException: Private key already exist.
	at org.apache.hadoop.hdds.security.x509.keys.KeyCodec.writePublicKey(KeyCodec.java:197)
	at org.apache.hadoop.hdds.security.x509.certificate.client.DefaultCertificateClient.createKeyPair(DefaultCertificateClient.java:988)
	at org.apache.hadoop.hdds.security.x509.certificate.client.DefaultCertificateClient.renewAndStoreKeyAndCertificate(DefaultCertificateClient.java:1208)
	at org.apache.hadoop.hdds.security.x509.certificate.client.DefaultCertificateClient$CertificateLifetimeMonitor.run(DefaultCertificateClient.java:1451)
	at java.util.concurrent.Executors$RunnableAdapter.call(Executors.java:511)
	at java.util.concurrent.FutureTask.runAndReset(FutureTask.java:308)
	at java.util.concurrent.ScheduledThreadPoolExecutor$ScheduledFutureTask.access$301(ScheduledThreadPoolExecutor.java:180)
	at java.util.concurrent.ScheduledThreadPoolExecutor$ScheduledFutureTask.run(ScheduledThreadPoolExecutor.java:294)
	at java.util.concurrent.ThreadPoolExecutor.runWorker(ThreadPoolExecutor.java:1149)
	at java.util.concurrent.ThreadPoolExecutor$Worker.run(ThreadPoolExecutor.java:624)
	at java.lang.Thread.run(Thread.java:750)
2023-02-24 13:15:15,841 [CertificateLifetimeMonitor] ERROR client.DNCertificateClient (DefaultCertificateClient.java:run(1461)) - Failed to renew and store key and cert. Keep using existing certificates.
org.apache.hadoop.hdds.security.x509.exception.CertificateException: Error while creating new key pair.
	at org.apache.hadoop.hdds.security.x509.certificate.client.DefaultCertificateClient.renewAndStoreKeyAndCertificate(DefaultCertificateClient.java:1210)
	at org.apache.hadoop.hdds.security.x509.certificate.client.DefaultCertificateClient$CertificateLifetimeMonitor.run(DefaultCertificateClient.java:1451)
	at java.util.concurrent.Executors$RunnableAdapter.call(Executors.java:511)
	at java.util.concurrent.FutureTask.runAndReset(FutureTask.java:308)
	at java.util.concurrent.ScheduledThreadPoolExecutor$ScheduledFutureTask.access$301(ScheduledThreadPoolExecutor.java:180)
	at java.util.concurrent.ScheduledThreadPoolExecutor$ScheduledFutureTask.run(ScheduledThreadPoolExecutor.java:294)
	at java.util.concurrent.ThreadPoolExecutor.runWorker(ThreadPoolExecutor.java:1149)
	at java.util.concurrent.ThreadPoolExecutor$Worker.run(ThreadPoolExecutor.java:624)
	at java.lang.Thread.run(Thread.java:750)
Caused by: org.apache.hadoop.hdds.security.x509.exception.CertificateException: Error while bootstrapping certificate.
	at org.apache.hadoop.hdds.security.x509.certificate.client.DefaultCertificateClient.createKeyPair(DefaultCertificateClient.java:993)
	at org.apache.hadoop.hdds.security.x509.certificate.client.DefaultCertificateClient.renewAndStoreKeyAndCertificate(DefaultCertificateClient.java:1208)
	... 8 more
2023-02-24 13:15:15,909 [CertificateLifetimeMonitor] ERROR client.DNCertificateClient (DefaultCertificateClient.java:createKeyPair(992)) - Error while bootstrapping certificate client.
java.io.IOException: Private key already exist.
	at org.apache.hadoop.hdds.security.x509.keys.KeyCodec.writePublicKey(KeyCodec.java:197)
	at org.apache.hadoop.hdds.security.x509.certificate.client.DefaultCertificateClient.createKeyPair(DefaultCertificateClient.java:988)
	at org.apache.hadoop.hdds.security.x509.certificate.client.DefaultCertificateClient.renewAndStoreKeyAndCertificate(DefaultCertificateClient.java:1208)
	at org.apache.hadoop.hdds.security.x509.certificate.client.DefaultCertificateClient$CertificateLifetimeMonitor.run(DefaultCertificateClient.java:1451)
	at java.util.concurrent.Executors$RunnableAdapter.call(Executors.java:511)
	at java.util.concurrent.FutureTask.runAndReset(FutureTask.java:308)
	at java.util.concurrent.ScheduledThreadPoolExecutor$ScheduledFutureTask.access$301(ScheduledThreadPoolExecutor.java:180)
	at java.util.concurrent.ScheduledThreadPoolExecutor$ScheduledFutureTask.run(ScheduledThreadPoolExecutor.java:294)
	at java.util.concurrent.ThreadPoolExecutor.runWorker(ThreadPoolExecutor.java:1149)
	at java.util.concurrent.ThreadPoolExecutor$Worker.run(ThreadPoolExecutor.java:624)
	at java.lang.Thread.run(Thread.java:750)
2023-02-24 13:15:15,909 [CertificateLifetimeMonitor] ERROR client.DNCertificateClient (DefaultCertificateClient.java:run(1461)) - Failed to renew and store key and cert. Keep using existing certificates.
org.apache.hadoop.hdds.security.x509.exception.CertificateException: Error while creating new key pair.
	at org.apache.hadoop.hdds.security.x509.certificate.client.DefaultCertificateClient.renewAndStoreKeyAndCertificate(DefaultCertificateClient.java:1210)
	at org.apache.hadoop.hdds.security.x509.certificate.client.DefaultCertificateClient$CertificateLifetimeMonitor.run(DefaultCertificateClient.java:1451)
	at java.util.concurrent.Executors$RunnableAdapter.call(Executors.java:511)
	at java.util.concurrent.FutureTask.runAndReset(FutureTask.java:308)
	at java.util.concurrent.ScheduledThreadPoolExecutor$ScheduledFutureTask.access$301(ScheduledThreadPoolExecutor.java:180)
	at java.util.concurrent.ScheduledThreadPoolExecutor$ScheduledFutureTask.run(ScheduledThreadPoolExecutor.java:294)
	at java.util.concurrent.ThreadPoolExecutor.runWorker(ThreadPoolExecutor.java:1149)
	at java.util.concurrent.ThreadPoolExecutor$Worker.run(ThreadPoolExecutor.java:624)
	at java.lang.Thread.run(Thread.java:750)
Caused by: org.apache.hadoop.hdds.security.x509.exception.CertificateException: Error while bootstrapping certificate.
	at org.apache.hadoop.hdds.security.x509.certificate.client.DefaultCertificateClient.createKeyPair(DefaultCertificateClient.java:993)
	at org.apache.hadoop.hdds.security.x509.certificate.client.DefaultCertificateClient.renewAndStoreKeyAndCertificate(DefaultCertificateClient.java:1208)
	... 8 more
2023-02-24 13:15:16,143 [CertificateLifetimeMonitor] ERROR client.DNCertificateClient (DefaultCertificateClient.java:createKeyPair(992)) - Error while bootstrapping certificate client.
java.io.IOException: Private key already exist.
	at org.apache.hadoop.hdds.security.x509.keys.KeyCodec.writePublicKey(KeyCodec.java:197)
	at org.apache.hadoop.hdds.security.x509.certificate.client.DefaultCertificateClient.createKeyPair(DefaultCertificateClient.java:988)
	at org.apache.hadoop.hdds.security.x509.certificate.client.DefaultCertificateClient.renewAndStoreKeyAndCertificate(DefaultCertificateClient.java:1208)
	at org.apache.hadoop.hdds.security.x509.certificate.client.DefaultCertificateClient$CertificateLifetimeMonitor.run(DefaultCertificateClient.java:1451)
	at java.util.concurrent.Executors$RunnableAdapter.call(Executors.java:511)
	at java.util.concurrent.FutureTask.runAndReset(FutureTask.java:308)
	at java.util.concurrent.ScheduledThreadPoolExecutor$ScheduledFutureTask.access$301(ScheduledThreadPoolExecutor.java:180)
	at java.util.concurrent.ScheduledThreadPoolExecutor$ScheduledFutureTask.run(ScheduledThreadPoolExecutor.java:294)
	at java.util.concurrent.ThreadPoolExecutor.runWorker(ThreadPoolExecutor.java:1149)
	at java.util.concurrent.ThreadPoolExecutor$Worker.run(ThreadPoolExecutor.java:624)
	at java.lang.Thread.run(Thread.java:750)
2023-02-24 13:15:16,143 [CertificateLifetimeMonitor] ERROR client.DNCertificateClient (DefaultCertificateClient.java:run(1461)) - Failed to renew and store key and cert. Keep using existing certificates.
org.apache.hadoop.hdds.security.x509.exception.CertificateException: Error while creating new key pair.
	at org.apache.hadoop.hdds.security.x509.certificate.client.DefaultCertificateClient.renewAndStoreKeyAndCertificate(DefaultCertificateClient.java:1210)
	at org.apache.hadoop.hdds.security.x509.certificate.client.DefaultCertificateClient$CertificateLifetimeMonitor.run(DefaultCertificateClient.java:1451)
	at java.util.concurrent.Executors$RunnableAdapter.call(Executors.java:511)
	at java.util.concurrent.FutureTask.runAndReset(FutureTask.java:308)
	at java.util.concurrent.ScheduledThreadPoolExecutor$ScheduledFutureTask.access$301(ScheduledThreadPoolExecutor.java:180)
	at java.util.concurrent.ScheduledThreadPoolExecutor$ScheduledFutureTask.run(ScheduledThreadPoolExecutor.java:294)
	at java.util.concurrent.ThreadPoolExecutor.runWorker(ThreadPoolExecutor.java:1149)
	at java.util.concurrent.ThreadPoolExecutor$Worker.run(ThreadPoolExecutor.java:624)
	at java.lang.Thread.run(Thread.java:750)
Caused by: org.apache.hadoop.hdds.security.x509.exception.CertificateException: Error while bootstrapping certificate.
	at org.apache.hadoop.hdds.security.x509.certificate.client.DefaultCertificateClient.createKeyPair(DefaultCertificateClient.java:993)
	at org.apache.hadoop.hdds.security.x509.certificate.client.DefaultCertificateClient.renewAndStoreKeyAndCertificate(DefaultCertificateClient.java:1208)
	... 8 more
]]></system-out>
  </testcase>
</testsuite>